<?xml version="1.0"?>
<test_results>
	<status>STATUS_SUCCESS</status>
	<custom>
		<num_loss>40</num_loss>
		<num_total>20589636</num_total>
		<num_misses>3</num_misses>
		<elapsed_time>7199.167505</elapsed_time>
		<query>
			<report>
				<misses>1001</misses>
				<total>1</total>
				<timestamp>0.349850</timestamp>
			</report>
			<report>
				<misses>2001</misses>
				<total>1</total>
				<timestamp>0.699516</timestamp>
			</report>
			<report>
				<misses>3001</misses>
				<total>1</total>
				<timestamp>1.049155</timestamp>
			</report>
			<report>
				<misses>4001</misses>
				<total>1</total>
				<timestamp>1.398776</timestamp>
			</report>
			<report>
				<misses>5001</misses>
				<total>1</total>
				<timestamp>1.748467</timestamp>
			</report>
			<report>
				<misses>6001</misses>
				<total>1</total>
				<timestamp>2.098118</timestamp>
			</report>
			<report>
				<misses>7001</misses>
				<total>1</total>
				<timestamp>2.447735</timestamp>
			</report>
			<report>
				<misses>8001</misses>
				<total>1</total>
				<timestamp>2.797395</timestamp>
			</report>
			<report>
				<misses>9001</misses>
				<total>1</total>
				<timestamp>3.147042</timestamp>
			</report>
			<report>
				<misses>10001</misses>
				<total>1</total>
				<timestamp>3.496707</timestamp>
			</report>
			<report>
				<misses>11001</misses>
				<total>1</total>
				<timestamp>3.846343</timestamp>
			</report>
			<report>
				<misses>12001</misses>
				<total>1</total>
				<timestamp>4.196008</timestamp>
			</report>
			<report>
				<misses>13001</misses>
				<total>1</total>
				<timestamp>4.545639</timestamp>
			</report>
			<report>
				<misses>14001</misses>
				<total>1</total>
				<timestamp>4.895295</timestamp>
			</report>
			<report>
				<misses>15001</misses>
				<total>1</total>
				<timestamp>5.244943</timestamp>
			</report>
			<report>
				<misses>16001</misses>
				<total>1</total>
				<timestamp>5.594571</timestamp>
			</report>
			<report>
				<misses>17001</misses>
				<total>1</total>
				<timestamp>5.944225</timestamp>
			</report>
			<report>
				<misses>18001</misses>
				<total>1</total>
				<timestamp>6.293914</timestamp>
			</report>
			<report>
				<misses>19001</misses>
				<total>1</total>
				<timestamp>6.643597</timestamp>
			</report>
			<report>
				<misses>20001</misses>
				<total>1</total>
				<timestamp>6.993177</timestamp>
			</report>
			<report>
				<misses>21001</misses>
				<total>1</total>
				<timestamp>7.342824</timestamp>
			</report>
			<report>
				<misses>22001</misses>
				<total>1</total>
				<timestamp>7.692824</timestamp>
			</report>
			<report>
				<misses>23001</misses>
				<total>1</total>
				<timestamp>8.042499</timestamp>
			</report>
			<report>
				<misses>24001</misses>
				<total>1</total>
				<timestamp>8.392123</timestamp>
			</report>
			<report>
				<misses>25001</misses>
				<total>1</total>
				<timestamp>8.741819</timestamp>
			</report>
			<report>
				<misses>26001</misses>
				<total>1</total>
				<timestamp>9.091451</timestamp>
			</report>
			<report>
				<misses>27001</misses>
				<total>1</total>
				<timestamp>9.441079</timestamp>
			</report>
			<report>
				<misses>28001</misses>
				<total>1</total>
				<timestamp>9.790736</timestamp>
			</report>
			<report>
				<misses>29001</misses>
				<total>1</total>
				<timestamp>10.140416</timestamp>
			</report>
			<report>
				<misses>30001</misses>
				<total>1</total>
				<timestamp>10.490045</timestamp>
			</report>
			<report>
				<misses>31001</misses>
				<total>1</total>
				<timestamp>10.839676</timestamp>
			</report>
			<report>
				<misses>32001</misses>
				<total>1</total>
				<timestamp>11.189382</timestamp>
			</report>
			<report>
				<misses>33001</misses>
				<total>1</total>
				<timestamp>11.538993</timestamp>
			</report>
			<report>
				<misses>34001</misses>
				<total>1</total>
				<timestamp>11.888629</timestamp>
			</report>
			<report>
				<misses>35001</misses>
				<total>1</total>
				<timestamp>12.238343</timestamp>
			</report>
			<report>
				<misses>36001</misses>
				<total>1</total>
				<timestamp>12.587944</timestamp>
			</report>
			<report>
				<misses>37001</misses>
				<total>1</total>
				<timestamp>12.937595</timestamp>
			</report>
			<report>
				<misses>38001</misses>
				<total>1</total>
				<timestamp>13.287240</timestamp>
			</report>
			<report>
				<misses>39001</misses>
				<total>1</total>
				<timestamp>13.636877</timestamp>
			</report>
			<report>
				<misses>40001</misses>
				<total>1</total>
				<timestamp>13.986530</timestamp>
			</report>
			<report>
				<misses>41001</misses>
				<total>1</total>
				<timestamp>14.336178</timestamp>
			</report>
			<report>
				<misses>42001</misses>
				<total>1</total>
				<timestamp>14.685858</timestamp>
			</report>
			<report>
				<misses>43001</misses>
				<total>1</total>
				<timestamp>15.035506</timestamp>
			</report>
			<report>
				<misses>44001</misses>
				<total>1</total>
				<timestamp>15.385129</timestamp>
			</report>
			<report>
				<misses>45001</misses>
				<total>1</total>
				<timestamp>15.734784</timestamp>
			</report>
			<report>
				<misses>46001</misses>
				<total>1</total>
				<timestamp>16.084487</timestamp>
			</report>
			<report>
				<misses>47001</misses>
				<total>1</total>
				<timestamp>16.434096</timestamp>
			</report>
			<report>
				<misses>48001</misses>
				<total>1</total>
				<timestamp>16.783745</timestamp>
			</report>
			<report>
				<misses>49001</misses>
				<total>1</total>
				<timestamp>17.133413</timestamp>
			</report>
			<report>
				<misses>50001</misses>
				<total>1</total>
				<timestamp>17.483039</timestamp>
			</report>
			<report>
				<misses>51001</misses>
				<total>1</total>
				<timestamp>17.832675</timestamp>
			</report>
			<report>
				<misses>52001</misses>
				<total>1</total>
				<timestamp>18.182356</timestamp>
			</report>
			<report>
				<misses>53001</misses>
				<total>1</total>
				<timestamp>18.531995</timestamp>
			</report>
			<report>
				<misses>54001</misses>
				<total>1</total>
				<timestamp>18.881634</timestamp>
			</report>
			<report>
				<misses>55001</misses>
				<total>1</total>
				<timestamp>19.231308</timestamp>
			</report>
			<report>
				<misses>56001</misses>
				<total>1</total>
				<timestamp>19.580989</timestamp>
			</report>
			<report>
				<misses>57001</misses>
				<total>1</total>
				<timestamp>19.930602</timestamp>
			</report>
			<report>
				<misses>58001</misses>
				<total>1</total>
				<timestamp>20.280251</timestamp>
			</report>
			<report>
				<misses>59001</misses>
				<total>1</total>
				<timestamp>20.629894</timestamp>
			</report>
			<report>
				<misses>60001</misses>
				<total>1</total>
				<timestamp>20.979566</timestamp>
			</report>
			<report>
				<misses>61001</misses>
				<total>1</total>
				<timestamp>21.329169</timestamp>
			</report>
			<report>
				<misses>62001</misses>
				<total>1</total>
				<timestamp>21.678843</timestamp>
			</report>
			<report>
				<misses>63001</misses>
				<total>1</total>
				<timestamp>22.028489</timestamp>
			</report>
			<report>
				<misses>64001</misses>
				<total>1</total>
				<timestamp>22.378129</timestamp>
			</report>
			<report>
				<misses>65001</misses>
				<total>1</total>
				<timestamp>22.727795</timestamp>
			</report>
			<report>
				<misses>66001</misses>
				<total>1</total>
				<timestamp>23.077458</timestamp>
			</report>
			<report>
				<misses>67001</misses>
				<total>1</total>
				<timestamp>23.427103</timestamp>
			</report>
			<report>
				<misses>68001</misses>
				<total>1</total>
				<timestamp>23.776742</timestamp>
			</report>
			<report>
				<misses>69001</misses>
				<total>1</total>
				<timestamp>24.126427</timestamp>
			</report>
			<report>
				<misses>70001</misses>
				<total>1</total>
				<timestamp>24.476051</timestamp>
			</report>
			<report>
				<misses>71001</misses>
				<total>1</total>
				<timestamp>24.825722</timestamp>
			</report>
			<report>
				<misses>72001</misses>
				<total>1</total>
				<timestamp>25.175336</timestamp>
			</report>
			<report>
				<misses>73001</misses>
				<total>1</total>
				<timestamp>25.524988</timestamp>
			</report>
			<report>
				<misses>74001</misses>
				<total>1</total>
				<timestamp>25.874677</timestamp>
			</report>
			<report>
				<misses>75001</misses>
				<total>1</total>
				<timestamp>26.224292</timestamp>
			</report>
			<report>
				<misses>76001</misses>
				<total>1</total>
				<timestamp>26.573935</timestamp>
			</report>
			<report>
				<misses>77001</misses>
				<total>1</total>
				<timestamp>26.923595</timestamp>
			</report>
			<report>
				<misses>78001</misses>
				<total>1</total>
				<timestamp>27.273246</timestamp>
			</report>
			<report>
				<misses>79001</misses>
				<total>1</total>
				<timestamp>27.622892</timestamp>
			</report>
			<report>
				<misses>80001</misses>
				<total>1</total>
				<timestamp>27.972515</timestamp>
			</report>
			<report>
				<misses>81001</misses>
				<total>1</total>
				<timestamp>28.322178</timestamp>
			</report>
			<report>
				<misses>82001</misses>
				<total>1</total>
				<timestamp>28.671824</timestamp>
			</report>
			<report>
				<misses>83001</misses>
				<total>1</total>
				<timestamp>29.021483</timestamp>
			</report>
			<report>
				<misses>84001</misses>
				<total>1</total>
				<timestamp>29.371119</timestamp>
			</report>
			<report>
				<misses>85001</misses>
				<total>1</total>
				<timestamp>29.720819</timestamp>
			</report>
			<report>
				<misses>86001</misses>
				<total>1</total>
				<timestamp>30.070429</timestamp>
			</report>
			<report>
				<misses>87001</misses>
				<total>1</total>
				<timestamp>30.420102</timestamp>
			</report>
			<report>
				<misses>88001</misses>
				<total>1</total>
				<timestamp>30.769732</timestamp>
			</report>
			<report>
				<misses>89001</misses>
				<total>1</total>
				<timestamp>31.119420</timestamp>
			</report>
			<report>
				<misses>90001</misses>
				<total>1</total>
				<timestamp>31.469036</timestamp>
			</report>
			<report>
				<misses>91001</misses>
				<total>1</total>
				<timestamp>31.818687</timestamp>
			</report>
			<report>
				<misses>92001</misses>
				<total>1</total>
				<timestamp>32.168346</timestamp>
			</report>
			<report>
				<misses>93001</misses>
				<total>1</total>
				<timestamp>32.517997</timestamp>
			</report>
			<report>
				<misses>94001</misses>
				<total>1</total>
				<timestamp>32.867617</timestamp>
			</report>
			<report>
				<misses>95001</misses>
				<total>1</total>
				<timestamp>33.217279</timestamp>
			</report>
			<report>
				<misses>96001</misses>
				<total>1</total>
				<timestamp>33.566927</timestamp>
			</report>
			<report>
				<misses>97001</misses>
				<total>1</total>
				<timestamp>33.916572</timestamp>
			</report>
			<report>
				<misses>98001</misses>
				<total>1</total>
				<timestamp>34.266261</timestamp>
			</report>
			<report>
				<misses>99001</misses>
				<total>1</total>
				<timestamp>34.615881</timestamp>
			</report>
			<report>
				<misses>100001</misses>
				<total>1</total>
				<timestamp>34.965528</timestamp>
			</report>
			<report>
				<misses>101001</misses>
				<total>1</total>
				<timestamp>35.315180</timestamp>
			</report>
			<report>
				<misses>102001</misses>
				<total>1</total>
				<timestamp>35.664844</timestamp>
			</report>
			<report>
				<misses>103001</misses>
				<total>1</total>
				<timestamp>36.014515</timestamp>
			</report>
			<report>
				<misses>104001</misses>
				<total>1</total>
				<timestamp>36.364142</timestamp>
			</report>
			<report>
				<misses>105001</misses>
				<total>1</total>
				<timestamp>36.713787</timestamp>
			</report>
			<report>
				<misses>106001</misses>
				<total>1</total>
				<timestamp>37.063433</timestamp>
			</report>
			<report>
				<misses>107001</misses>
				<total>1</total>
				<timestamp>37.413130</timestamp>
			</report>
			<report>
				<misses>108001</misses>
				<total>1</total>
				<timestamp>37.762736</timestamp>
			</report>
			<report>
				<misses>109001</misses>
				<total>1</total>
				<timestamp>38.112411</timestamp>
			</report>
			<report>
				<misses>110001</misses>
				<total>1</total>
				<timestamp>38.462050</timestamp>
			</report>
			<report>
				<misses>111001</misses>
				<total>1</total>
				<timestamp>38.811696</timestamp>
			</report>
			<report>
				<misses>112001</misses>
				<total>1</total>
				<timestamp>39.161356</timestamp>
			</report>
			<report>
				<misses>113001</misses>
				<total>1</total>
				<timestamp>39.510990</timestamp>
			</report>
			<report>
				<misses>114001</misses>
				<total>1</total>
				<timestamp>39.860643</timestamp>
			</report>
			<report>
				<misses>115001</misses>
				<total>1</total>
				<timestamp>40.210305</timestamp>
			</report>
			<report>
				<misses>116001</misses>
				<total>1</total>
				<timestamp>40.559952</timestamp>
			</report>
			<report>
				<misses>117001</misses>
				<total>1</total>
				<timestamp>40.909622</timestamp>
			</report>
			<report>
				<misses>118001</misses>
				<total>1</total>
				<timestamp>41.259254</timestamp>
			</report>
			<report>
				<misses>119001</misses>
				<total>1</total>
				<timestamp>41.608879</timestamp>
			</report>
			<report>
				<misses>120001</misses>
				<total>1</total>
				<timestamp>41.958561</timestamp>
			</report>
			<report>
				<misses>121001</misses>
				<total>1</total>
				<timestamp>42.308228</timestamp>
			</report>
			<report>
				<misses>122001</misses>
				<total>1</total>
				<timestamp>42.657819</timestamp>
			</report>
			<report>
				<misses>123001</misses>
				<total>1</total>
				<timestamp>43.007486</timestamp>
			</report>
			<report>
				<misses>124001</misses>
				<total>1</total>
				<timestamp>43.357151</timestamp>
			</report>
			<report>
				<misses>125001</misses>
				<total>1</total>
				<timestamp>43.706786</timestamp>
			</report>
			<report>
				<misses>126001</misses>
				<total>1</total>
				<timestamp>44.056465</timestamp>
			</report>
			<report>
				<misses>127001</misses>
				<total>1</total>
				<timestamp>44.406131</timestamp>
			</report>
			<report>
				<misses>128001</misses>
				<total>1</total>
				<timestamp>44.755740</timestamp>
			</report>
			<report>
				<misses>129001</misses>
				<total>1</total>
				<timestamp>45.105372</timestamp>
			</report>
			<report>
				<misses>130001</misses>
				<total>1</total>
				<timestamp>45.455062</timestamp>
			</report>
			<report>
				<misses>131001</misses>
				<total>1</total>
				<timestamp>45.804670</timestamp>
			</report>
			<report>
				<misses>132001</misses>
				<total>1</total>
				<timestamp>46.154337</timestamp>
			</report>
			<report>
				<misses>133001</misses>
				<total>1</total>
				<timestamp>46.503970</timestamp>
			</report>
			<report>
				<misses>134001</misses>
				<total>1</total>
				<timestamp>46.853630</timestamp>
			</report>
			<report>
				<misses>135001</misses>
				<total>1</total>
				<timestamp>47.203293</timestamp>
			</report>
			<report>
				<misses>136001</misses>
				<total>1</total>
				<timestamp>47.552928</timestamp>
			</report>
			<report>
				<misses>137001</misses>
				<total>1</total>
				<timestamp>47.902590</timestamp>
			</report>
			<report>
				<misses>138001</misses>
				<total>1</total>
				<timestamp>48.252240</timestamp>
			</report>
			<report>
				<misses>139001</misses>
				<total>1</total>
				<timestamp>48.601907</timestamp>
			</report>
			<report>
				<misses>140001</misses>
				<total>1</total>
				<timestamp>48.951534</timestamp>
			</report>
			<report>
				<misses>141001</misses>
				<total>1</total>
				<timestamp>49.301181</timestamp>
			</report>
			<report>
				<misses>142001</misses>
				<total>1</total>
				<timestamp>49.650819</timestamp>
			</report>
			<report>
				<misses>143001</misses>
				<total>1</total>
				<timestamp>50.000492</timestamp>
			</report>
			<report>
				<misses>144001</misses>
				<total>1</total>
				<timestamp>50.350205</timestamp>
			</report>
			<report>
				<misses>145001</misses>
				<total>1</total>
				<timestamp>50.699788</timestamp>
			</report>
			<report>
				<misses>146001</misses>
				<total>1</total>
				<timestamp>51.049428</timestamp>
			</report>
			<report>
				<misses>147001</misses>
				<total>1</total>
				<timestamp>51.399093</timestamp>
			</report>
			<report>
				<misses>148001</misses>
				<total>1</total>
				<timestamp>51.748724</timestamp>
			</report>
			<report>
				<misses>149001</misses>
				<total>1</total>
				<timestamp>52.098385</timestamp>
			</report>
			<report>
				<misses>150001</misses>
				<total>1</total>
				<timestamp>52.448041</timestamp>
			</report>
			<report>
				<misses>151001</misses>
				<total>1</total>
				<timestamp>52.797680</timestamp>
			</report>
			<report>
				<misses>152001</misses>
				<total>1</total>
				<timestamp>53.147316</timestamp>
			</report>
			<report>
				<misses>153001</misses>
				<total>1</total>
				<timestamp>53.496977</timestamp>
			</report>
			<report>
				<misses>154001</misses>
				<total>1</total>
				<timestamp>53.846627</timestamp>
			</report>
			<report>
				<misses>155001</misses>
				<total>1</total>
				<timestamp>54.196284</timestamp>
			</report>
			<report>
				<misses>156001</misses>
				<total>1</total>
				<timestamp>54.545929</timestamp>
			</report>
			<report>
				<misses>157001</misses>
				<total>1</total>
				<timestamp>54.895582</timestamp>
			</report>
			<report>
				<misses>158001</misses>
				<total>1</total>
				<timestamp>55.245244</timestamp>
			</report>
			<report>
				<misses>159001</misses>
				<total>1</total>
				<timestamp>55.594878</timestamp>
			</report>
			<report>
				<misses>160001</misses>
				<total>1</total>
				<timestamp>55.944546</timestamp>
			</report>
			<report>
				<misses>161001</misses>
				<total>1</total>
				<timestamp>56.294208</timestamp>
			</report>
			<report>
				<misses>162001</misses>
				<total>1</total>
				<timestamp>56.643841</timestamp>
			</report>
			<report>
				<misses>163001</misses>
				<total>1</total>
				<timestamp>56.993474</timestamp>
			</report>
			<report>
				<misses>164001</misses>
				<total>1</total>
				<timestamp>57.343136</timestamp>
			</report>
			<report>
				<misses>165001</misses>
				<total>1</total>
				<timestamp>57.692782</timestamp>
			</report>
			<report>
				<misses>166001</misses>
				<total>1</total>
				<timestamp>58.042445</timestamp>
			</report>
			<report>
				<misses>167001</misses>
				<total>1</total>
				<timestamp>58.392132</timestamp>
			</report>
			<report>
				<misses>168001</misses>
				<total>1</total>
				<timestamp>58.741753</timestamp>
			</report>
			<report>
				<misses>169001</misses>
				<total>1</total>
				<timestamp>59.091435</timestamp>
			</report>
			<report>
				<misses>170001</misses>
				<total>1</total>
				<timestamp>59.441069</timestamp>
			</report>
			<report>
				<misses>171001</misses>
				<total>1</total>
				<timestamp>59.790689</timestamp>
			</report>
			<report>
				<misses>172001</misses>
				<total>1</total>
				<timestamp>60.140335</timestamp>
			</report>
			<report>
				<misses>173001</misses>
				<total>1</total>
				<timestamp>60.489998</timestamp>
			</report>
			<report>
				<misses>174001</misses>
				<total>1</total>
				<timestamp>60.839629</timestamp>
			</report>
			<report>
				<misses>175001</misses>
				<total>1</total>
				<timestamp>61.189278</timestamp>
			</report>
			<report>
				<misses>176001</misses>
				<total>1</total>
				<timestamp>61.538933</timestamp>
			</report>
			<report>
				<misses>177001</misses>
				<total>1</total>
				<timestamp>61.888576</timestamp>
			</report>
			<report>
				<misses>178001</misses>
				<total>1</total>
				<timestamp>62.238326</timestamp>
			</report>
			<report>
				<misses>179001</misses>
				<total>1</total>
				<timestamp>62.587876</timestamp>
			</report>
			<report>
				<misses>180001</misses>
				<total>1</total>
				<timestamp>62.937545</timestamp>
			</report>
			<report>
				<misses>181001</misses>
				<total>1</total>
				<timestamp>63.287203</timestamp>
			</report>
			<report>
				<misses>182001</misses>
				<total>1</total>
				<timestamp>63.636876</timestamp>
			</report>
			<report>
				<misses>183001</misses>
				<total>1</total>
				<timestamp>63.986484</timestamp>
			</report>
			<report>
				<misses>184001</misses>
				<total>1</total>
				<timestamp>64.336126</timestamp>
			</report>
			<report>
				<misses>185001</misses>
				<total>1</total>
				<timestamp>64.685783</timestamp>
			</report>
			<report>
				<misses>186001</misses>
				<total>1</total>
				<timestamp>65.035419</timestamp>
			</report>
			<report>
				<misses>187001</misses>
				<total>1</total>
				<timestamp>65.385090</timestamp>
			</report>
			<report>
				<misses>188001</misses>
				<total>1</total>
				<timestamp>65.734735</timestamp>
			</report>
			<report>
				<misses>189001</misses>
				<total>1</total>
				<timestamp>66.084435</timestamp>
			</report>
			<report>
				<misses>190001</misses>
				<total>1</total>
				<timestamp>66.434085</timestamp>
			</report>
			<report>
				<misses>191001</misses>
				<total>1</total>
				<timestamp>66.783687</timestamp>
			</report>
			<report>
				<misses>192001</misses>
				<total>1</total>
				<timestamp>67.133312</timestamp>
			</report>
			<report>
				<misses>193001</misses>
				<total>1</total>
				<timestamp>67.483023</timestamp>
			</report>
			<report>
				<misses>194001</misses>
				<total>1</total>
				<timestamp>67.832617</timestamp>
			</report>
			<report>
				<misses>195001</misses>
				<total>1</total>
				<timestamp>68.182302</timestamp>
			</report>
			<report>
				<misses>196001</misses>
				<total>1</total>
				<timestamp>68.531940</timestamp>
			</report>
			<report>
				<misses>197001</misses>
				<total>1</total>
				<timestamp>68.881578</timestamp>
			</report>
			<report>
				<misses>198001</misses>
				<total>1</total>
				<timestamp>69.231232</timestamp>
			</report>
			<report>
				<misses>199001</misses>
				<total>1</total>
				<timestamp>69.580873</timestamp>
			</report>
			<report>
				<misses>200001</misses>
				<total>1</total>
				<timestamp>69.930523</timestamp>
			</report>
			<report>
				<misses>201001</misses>
				<total>1</total>
				<timestamp>70.280187</timestamp>
			</report>
			<report>
				<misses>202001</misses>
				<total>1</total>
				<timestamp>70.629828</timestamp>
			</report>
			<report>
				<misses>203001</misses>
				<total>1</total>
				<timestamp>70.979490</timestamp>
			</report>
			<report>
				<misses>204001</misses>
				<total>1</total>
				<timestamp>71.329149</timestamp>
			</report>
			<report>
				<misses>205001</misses>
				<total>1</total>
				<timestamp>71.678789</timestamp>
			</report>
			<report>
				<misses>206001</misses>
				<total>1</total>
				<timestamp>72.028441</timestamp>
			</report>
			<report>
				<misses>207001</misses>
				<total>1</total>
				<timestamp>72.378093</timestamp>
			</report>
			<report>
				<misses>208001</misses>
				<total>1</total>
				<timestamp>72.727738</timestamp>
			</report>
			<report>
				<misses>209001</misses>
				<total>1</total>
				<timestamp>73.077379</timestamp>
			</report>
			<report>
				<misses>210001</misses>
				<total>1</total>
				<timestamp>73.427036</timestamp>
			</report>
			<report>
				<misses>211001</misses>
				<total>1</total>
				<timestamp>73.776668</timestamp>
			</report>
			<report>
				<misses>212001</misses>
				<total>1</total>
				<timestamp>74.126336</timestamp>
			</report>
			<report>
				<misses>213001</misses>
				<total>1</total>
				<timestamp>74.476006</timestamp>
			</report>
			<report>
				<misses>214001</misses>
				<total>1</total>
				<timestamp>74.825629</timestamp>
			</report>
			<report>
				<misses>215001</misses>
				<total>1</total>
				<timestamp>75.175298</timestamp>
			</report>
			<report>
				<misses>216001</misses>
				<total>1</total>
				<timestamp>75.524955</timestamp>
			</report>
			<report>
				<misses>217001</misses>
				<total>1</total>
				<timestamp>75.874599</timestamp>
			</report>
			<report>
				<misses>218001</misses>
				<total>1</total>
				<timestamp>76.224251</timestamp>
			</report>
			<report>
				<misses>219001</misses>
				<total>1</total>
				<timestamp>76.573919</timestamp>
			</report>
			<report>
				<misses>220001</misses>
				<total>1</total>
				<timestamp>76.923546</timestamp>
			</report>
			<report>
				<misses>221001</misses>
				<total>1</total>
				<timestamp>77.273200</timestamp>
			</report>
			<report>
				<misses>222001</misses>
				<total>1</total>
				<timestamp>77.622826</timestamp>
			</report>
			<report>
				<misses>223001</misses>
				<total>1</total>
				<timestamp>77.972503</timestamp>
			</report>
			<report>
				<misses>224001</misses>
				<total>1</total>
				<timestamp>78.322138</timestamp>
			</report>
			<report>
				<misses>225001</misses>
				<total>1</total>
				<timestamp>78.671793</timestamp>
			</report>
			<report>
				<misses>226001</misses>
				<total>1</total>
				<timestamp>79.021437</timestamp>
			</report>
			<report>
				<misses>227001</misses>
				<total>1</total>
				<timestamp>79.371137</timestamp>
			</report>
			<report>
				<misses>228001</misses>
				<total>1</total>
				<timestamp>79.720738</timestamp>
			</report>
			<report>
				<misses>229001</misses>
				<total>1</total>
				<timestamp>80.070388</timestamp>
			</report>
			<report>
				<misses>230001</misses>
				<total>1</total>
				<timestamp>80.420047</timestamp>
			</report>
			<report>
				<misses>231001</misses>
				<total>1</total>
				<timestamp>80.769730</timestamp>
			</report>
			<report>
				<misses>232001</misses>
				<total>1</total>
				<timestamp>81.119351</timestamp>
			</report>
			<report>
				<misses>233001</misses>
				<total>1</total>
				<timestamp>81.468997</timestamp>
			</report>
			<report>
				<misses>234001</misses>
				<total>1</total>
				<timestamp>81.818623</timestamp>
			</report>
			<report>
				<misses>235001</misses>
				<total>1</total>
				<timestamp>82.168316</timestamp>
			</report>
			<report>
				<misses>236001</misses>
				<total>1</total>
				<timestamp>82.517928</timestamp>
			</report>
			<report>
				<misses>237001</misses>
				<total>1</total>
				<timestamp>82.867585</timestamp>
			</report>
			<report>
				<misses>238001</misses>
				<total>1</total>
				<timestamp>83.217256</timestamp>
			</report>
			<report>
				<misses>239001</misses>
				<total>1</total>
				<timestamp>83.566894</timestamp>
			</report>
			<report>
				<misses>240001</misses>
				<total>1</total>
				<timestamp>83.916543</timestamp>
			</report>
			<report>
				<misses>241001</misses>
				<total>1</total>
				<timestamp>84.266206</timestamp>
			</report>
			<report>
				<misses>242001</misses>
				<total>1</total>
				<timestamp>84.615886</timestamp>
			</report>
			<report>
				<misses>243001</misses>
				<total>1</total>
				<timestamp>84.965523</timestamp>
			</report>
			<report>
				<misses>244001</misses>
				<total>1</total>
				<timestamp>85.315186</timestamp>
			</report>
			<report>
				<misses>245001</misses>
				<total>1</total>
				<timestamp>85.664790</timestamp>
			</report>
			<report>
				<misses>246001</misses>
				<total>1</total>
				<timestamp>86.014447</timestamp>
			</report>
			<report>
				<misses>247001</misses>
				<total>1</total>
				<timestamp>86.364090</timestamp>
			</report>
			<report>
				<misses>248001</misses>
				<total>1</total>
				<timestamp>86.713730</timestamp>
			</report>
			<report>
				<misses>249001</misses>
				<total>1</total>
				<timestamp>87.063379</timestamp>
			</report>
			<report>
				<misses>250001</misses>
				<total>1</total>
				<timestamp>87.413051</timestamp>
			</report>
			<report>
				<misses>251001</misses>
				<total>1</total>
				<timestamp>87.762702</timestamp>
			</report>
			<report>
				<misses>252001</misses>
				<total>1</total>
				<timestamp>88.112375</timestamp>
			</report>
			<report>
				<misses>253001</misses>
				<total>1</total>
				<timestamp>88.461996</timestamp>
			</report>
			<report>
				<misses>254001</misses>
				<total>1</total>
				<timestamp>88.811629</timestamp>
			</report>
			<report>
				<misses>255001</misses>
				<total>1</total>
				<timestamp>89.161284</timestamp>
			</report>
			<report>
				<misses>256001</misses>
				<total>1</total>
				<timestamp>89.510928</timestamp>
			</report>
			<report>
				<misses>257001</misses>
				<total>1</total>
				<timestamp>89.860572</timestamp>
			</report>
			<report>
				<misses>258001</misses>
				<total>1</total>
				<timestamp>90.210223</timestamp>
			</report>
			<report>
				<misses>259001</misses>
				<total>1</total>
				<timestamp>90.559948</timestamp>
			</report>
			<report>
				<misses>260001</misses>
				<total>1</total>
				<timestamp>90.909539</timestamp>
			</report>
			<report>
				<misses>261001</misses>
				<total>1</total>
				<timestamp>91.259190</timestamp>
			</report>
			<report>
				<misses>262001</misses>
				<total>1</total>
				<timestamp>91.608830</timestamp>
			</report>
			<report>
				<misses>263001</misses>
				<total>1</total>
				<timestamp>91.958483</timestamp>
			</report>
			<report>
				<misses>264001</misses>
				<total>1</total>
				<timestamp>92.308140</timestamp>
			</report>
			<report>
				<misses>265001</misses>
				<total>1</total>
				<timestamp>92.657788</timestamp>
			</report>
			<report>
				<misses>266001</misses>
				<total>1</total>
				<timestamp>93.007442</timestamp>
			</report>
			<report>
				<misses>267001</misses>
				<total>1</total>
				<timestamp>93.357193</timestamp>
			</report>
			<report>
				<misses>268001</misses>
				<total>1</total>
				<timestamp>93.706730</timestamp>
			</report>
			<report>
				<misses>269001</misses>
				<total>1</total>
				<timestamp>94.056384</timestamp>
			</report>
			<report>
				<misses>270001</misses>
				<total>1</total>
				<timestamp>94.406027</timestamp>
			</report>
			<report>
				<misses>271001</misses>
				<total>1</total>
				<timestamp>94.755687</timestamp>
			</report>
			<report>
				<misses>272001</misses>
				<total>1</total>
				<timestamp>95.105334</timestamp>
			</report>
			<report>
				<misses>273001</misses>
				<total>1</total>
				<timestamp>95.455022</timestamp>
			</report>
			<report>
				<misses>274001</misses>
				<total>1</total>
				<timestamp>95.804647</timestamp>
			</report>
			<report>
				<misses>275001</misses>
				<total>1</total>
				<timestamp>96.154327</timestamp>
			</report>
			<report>
				<misses>276001</misses>
				<total>1</total>
				<timestamp>96.503949</timestamp>
			</report>
			<report>
				<misses>277001</misses>
				<total>1</total>
				<timestamp>96.853579</timestamp>
			</report>
			<report>
				<misses>278001</misses>
				<total>1</total>
				<timestamp>97.203260</timestamp>
			</report>
			<report>
				<misses>279001</misses>
				<total>1</total>
				<timestamp>97.552888</timestamp>
			</report>
			<report>
				<misses>280001</misses>
				<total>1</total>
				<timestamp>97.902538</timestamp>
			</report>
			<report>
				<misses>281001</misses>
				<total>1</total>
				<timestamp>98.252185</timestamp>
			</report>
			<report>
				<misses>282001</misses>
				<total>1</total>
				<timestamp>98.601886</timestamp>
			</report>
			<report>
				<misses>283001</misses>
				<total>1</total>
				<timestamp>98.951494</timestamp>
			</report>
			<report>
				<misses>284001</misses>
				<total>1</total>
				<timestamp>99.301142</timestamp>
			</report>
			<report>
				<misses>285001</misses>
				<total>1</total>
				<timestamp>99.650801</timestamp>
			</report>
			<report>
				<misses>286001</misses>
				<total>1</total>
				<timestamp>100.000428</timestamp>
			</report>
			<report>
				<misses>287001</misses>
				<total>1</total>
				<timestamp>100.350120</timestamp>
			</report>
			<report>
				<misses>288001</misses>
				<total>1</total>
				<timestamp>100.699752</timestamp>
			</report>
			<report>
				<misses>289001</misses>
				<total>1</total>
				<timestamp>101.049405</timestamp>
			</report>
			<report>
				<misses>290001</misses>
				<total>1</total>
				<timestamp>101.399026</timestamp>
			</report>
			<report>
				<misses>291001</misses>
				<total>1</total>
				<timestamp>101.748717</timestamp>
			</report>
			<report>
				<misses>292001</misses>
				<total>1</total>
				<timestamp>102.098346</timestamp>
			</report>
			<report>
				<misses>293001</misses>
				<total>1</total>
				<timestamp>102.447985</timestamp>
			</report>
			<report>
				<misses>294001</misses>
				<total>1</total>
				<timestamp>102.797622</timestamp>
			</report>
			<report>
				<misses>295001</misses>
				<total>1</total>
				<timestamp>103.147333</timestamp>
			</report>
			<report>
				<misses>296001</misses>
				<total>1</total>
				<timestamp>103.496982</timestamp>
			</report>
			<report>
				<misses>297001</misses>
				<total>1</total>
				<timestamp>103.846584</timestamp>
			</report>
			<report>
				<misses>298001</misses>
				<total>1</total>
				<timestamp>104.196253</timestamp>
			</report>
			<report>
				<misses>299001</misses>
				<total>1</total>
				<timestamp>104.545913</timestamp>
			</report>
			<report>
				<misses>300001</misses>
				<total>1</total>
				<timestamp>104.895550</timestamp>
			</report>
			<report>
				<misses>301001</misses>
				<total>1</total>
				<timestamp>105.245176</timestamp>
			</report>
			<report>
				<misses>302001</misses>
				<total>1</total>
				<timestamp>105.594848</timestamp>
			</report>
			<report>
				<misses>303001</misses>
				<total>1</total>
				<timestamp>105.944485</timestamp>
			</report>
			<report>
				<misses>304001</misses>
				<total>1</total>
				<timestamp>106.294158</timestamp>
			</report>
			<report>
				<misses>305001</misses>
				<total>1</total>
				<timestamp>106.643825</timestamp>
			</report>
			<report>
				<misses>306001</misses>
				<total>1</total>
				<timestamp>106.993435</timestamp>
			</report>
			<report>
				<misses>307001</misses>
				<total>1</total>
				<timestamp>107.343140</timestamp>
			</report>
			<report>
				<misses>308001</misses>
				<total>1</total>
				<timestamp>107.692737</timestamp>
			</report>
			<report>
				<misses>309001</misses>
				<total>1</total>
				<timestamp>108.042388</timestamp>
			</report>
			<report>
				<misses>310001</misses>
				<total>1</total>
				<timestamp>108.392077</timestamp>
			</report>
			<report>
				<misses>311001</misses>
				<total>1</total>
				<timestamp>108.741679</timestamp>
			</report>
			<report>
				<misses>312001</misses>
				<total>1</total>
				<timestamp>109.091347</timestamp>
			</report>
			<report>
				<misses>313001</misses>
				<total>1</total>
				<timestamp>109.440988</timestamp>
			</report>
			<report>
				<misses>314001</misses>
				<total>1</total>
				<timestamp>109.790631</timestamp>
			</report>
			<report>
				<misses>315001</misses>
				<total>1</total>
				<timestamp>110.140286</timestamp>
			</report>
			<report>
				<misses>316001</misses>
				<total>1</total>
				<timestamp>110.489946</timestamp>
			</report>
			<report>
				<misses>317001</misses>
				<total>1</total>
				<timestamp>110.839575</timestamp>
			</report>
			<report>
				<misses>318001</misses>
				<total>1</total>
				<timestamp>111.189300</timestamp>
			</report>
			<report>
				<misses>319001</misses>
				<total>1</total>
				<timestamp>111.538918</timestamp>
			</report>
			<report>
				<misses>320001</misses>
				<total>1</total>
				<timestamp>111.888526</timestamp>
			</report>
			<report>
				<misses>321001</misses>
				<total>1</total>
				<timestamp>112.238163</timestamp>
			</report>
			<report>
				<misses>322001</misses>
				<total>1</total>
				<timestamp>112.587858</timestamp>
			</report>
			<report>
				<misses>323001</misses>
				<total>1</total>
				<timestamp>112.937489</timestamp>
			</report>
			<report>
				<misses>324001</misses>
				<total>1</total>
				<timestamp>113.287178</timestamp>
			</report>
			<report>
				<misses>325001</misses>
				<total>1</total>
				<timestamp>113.636785</timestamp>
			</report>
			<report>
				<misses>326001</misses>
				<total>1</total>
				<timestamp>113.986439</timestamp>
			</report>
			<report>
				<misses>327001</misses>
				<total>1</total>
				<timestamp>114.336108</timestamp>
			</report>
			<report>
				<misses>328001</misses>
				<total>1</total>
				<timestamp>114.685750</timestamp>
			</report>
			<report>
				<misses>329001</misses>
				<total>1</total>
				<timestamp>115.035381</timestamp>
			</report>
			<report>
				<misses>330001</misses>
				<total>1</total>
				<timestamp>115.385035</timestamp>
			</report>
			<report>
				<misses>331001</misses>
				<total>1</total>
				<timestamp>115.734715</timestamp>
			</report>
			<report>
				<misses>332001</misses>
				<total>1</total>
				<timestamp>116.084328</timestamp>
			</report>
			<report>
				<misses>333001</misses>
				<total>1</total>
				<timestamp>116.434017</timestamp>
			</report>
			<report>
				<misses>334001</misses>
				<total>1</total>
				<timestamp>116.783636</timestamp>
			</report>
			<report>
				<misses>335001</misses>
				<total>1</total>
				<timestamp>117.133315</timestamp>
			</report>
			<report>
				<misses>336001</misses>
				<total>1</total>
				<timestamp>117.482922</timestamp>
			</report>
			<report>
				<misses>337001</misses>
				<total>1</total>
				<timestamp>117.832583</timestamp>
			</report>
			<report>
				<misses>338001</misses>
				<total>1</total>
				<timestamp>118.182245</timestamp>
			</report>
			<report>
				<misses>339001</misses>
				<total>1</total>
				<timestamp>118.531898</timestamp>
			</report>
			<report>
				<misses>340001</misses>
				<total>1</total>
				<timestamp>118.881520</timestamp>
			</report>
			<report>
				<misses>341001</misses>
				<total>1</total>
				<timestamp>119.231196</timestamp>
			</report>
			<report>
				<misses>342001</misses>
				<total>1</total>
				<timestamp>119.580861</timestamp>
			</report>
			<report>
				<misses>343001</misses>
				<total>1</total>
				<timestamp>119.930497</timestamp>
			</report>
			<report>
				<misses>344001</misses>
				<total>1</total>
				<timestamp>120.280150</timestamp>
			</report>
			<report>
				<misses>345001</misses>
				<total>1</total>
				<timestamp>120.629783</timestamp>
			</report>
			<report>
				<misses>346001</misses>
				<total>1</total>
				<timestamp>120.979449</timestamp>
			</report>
			<report>
				<misses>347001</misses>
				<total>1</total>
				<timestamp>121.329115</timestamp>
			</report>
			<report>
				<misses>348001</misses>
				<total>1</total>
				<timestamp>121.678756</timestamp>
			</report>
			<report>
				<misses>349001</misses>
				<total>1</total>
				<timestamp>122.028380</timestamp>
			</report>
			<report>
				<misses>350001</misses>
				<total>1</total>
				<timestamp>122.378042</timestamp>
			</report>
			<report>
				<misses>351001</misses>
				<total>1</total>
				<timestamp>122.727723</timestamp>
			</report>
			<report>
				<misses>352001</misses>
				<total>1</total>
				<timestamp>123.077331</timestamp>
			</report>
			<report>
				<misses>353001</misses>
				<total>1</total>
				<timestamp>123.427002</timestamp>
			</report>
			<report>
				<misses>354001</misses>
				<total>1</total>
				<timestamp>123.776703</timestamp>
			</report>
			<report>
				<misses>355001</misses>
				<total>1</total>
				<timestamp>124.126273</timestamp>
			</report>
			<report>
				<misses>356001</misses>
				<total>1</total>
				<timestamp>124.475943</timestamp>
			</report>
			<report>
				<misses>357001</misses>
				<total>1</total>
				<timestamp>124.825608</timestamp>
			</report>
			<report>
				<misses>358001</misses>
				<total>1</total>
				<timestamp>125.175236</timestamp>
			</report>
			<report>
				<misses>359001</misses>
				<total>1</total>
				<timestamp>125.524892</timestamp>
			</report>
			<report>
				<misses>360001</misses>
				<total>1</total>
				<timestamp>125.874542</timestamp>
			</report>
			<report>
				<misses>361001</misses>
				<total>1</total>
				<timestamp>126.224198</timestamp>
			</report>
			<report>
				<misses>362001</misses>
				<total>1</total>
				<timestamp>126.573851</timestamp>
			</report>
			<report>
				<misses>363001</misses>
				<total>1</total>
				<timestamp>126.923491</timestamp>
			</report>
			<report>
				<misses>364001</misses>
				<total>1</total>
				<timestamp>127.273158</timestamp>
			</report>
			<report>
				<misses>365001</misses>
				<total>1</total>
				<timestamp>127.622808</timestamp>
			</report>
			<report>
				<misses>366001</misses>
				<total>1</total>
				<timestamp>127.972457</timestamp>
			</report>
			<report>
				<misses>367001</misses>
				<total>1</total>
				<timestamp>128.322107</timestamp>
			</report>
			<report>
				<misses>368001</misses>
				<total>1</total>
				<timestamp>128.671776</timestamp>
			</report>
			<report>
				<misses>369001</misses>
				<total>1</total>
				<timestamp>129.021391</timestamp>
			</report>
			<report>
				<misses>370001</misses>
				<total>1</total>
				<timestamp>129.371036</timestamp>
			</report>
			<report>
				<misses>371001</misses>
				<total>1</total>
				<timestamp>129.720695</timestamp>
			</report>
			<report>
				<misses>372001</misses>
				<total>1</total>
				<timestamp>130.070340</timestamp>
			</report>
			<report>
				<misses>373001</misses>
				<total>1</total>
				<timestamp>130.419993</timestamp>
			</report>
			<report>
				<misses>374001</misses>
				<total>1</total>
				<timestamp>130.769677</timestamp>
			</report>
			<report>
				<misses>375001</misses>
				<total>1</total>
				<timestamp>131.119328</timestamp>
			</report>
			<report>
				<misses>376001</misses>
				<total>1</total>
				<timestamp>131.468938</timestamp>
			</report>
			<report>
				<misses>377001</misses>
				<total>1</total>
				<timestamp>131.818606</timestamp>
			</report>
			<report>
				<misses>378001</misses>
				<total>1</total>
				<timestamp>132.168234</timestamp>
			</report>
			<report>
				<misses>379001</misses>
				<total>1</total>
				<timestamp>132.517901</timestamp>
			</report>
			<report>
				<misses>380001</misses>
				<total>1</total>
				<timestamp>132.867558</timestamp>
			</report>
			<report>
				<misses>381001</misses>
				<total>1</total>
				<timestamp>133.217181</timestamp>
			</report>
			<report>
				<misses>382001</misses>
				<total>1</total>
				<timestamp>133.566821</timestamp>
			</report>
			<report>
				<misses>383001</misses>
				<total>1</total>
				<timestamp>133.916485</timestamp>
			</report>
			<report>
				<misses>384001</misses>
				<total>1</total>
				<timestamp>134.266136</timestamp>
			</report>
			<report>
				<misses>385001</misses>
				<total>1</total>
				<timestamp>134.615793</timestamp>
			</report>
			<report>
				<misses>386001</misses>
				<total>1</total>
				<timestamp>134.965468</timestamp>
			</report>
			<report>
				<misses>387001</misses>
				<total>1</total>
				<timestamp>135.315132</timestamp>
			</report>
			<report>
				<misses>388001</misses>
				<total>1</total>
				<timestamp>135.664739</timestamp>
			</report>
			<report>
				<misses>389001</misses>
				<total>1</total>
				<timestamp>136.014392</timestamp>
			</report>
			<report>
				<misses>390001</misses>
				<total>1</total>
				<timestamp>136.364066</timestamp>
			</report>
			<report>
				<misses>391001</misses>
				<total>1</total>
				<timestamp>136.713703</timestamp>
			</report>
			<report>
				<misses>392001</misses>
				<total>1</total>
				<timestamp>137.063338</timestamp>
			</report>
			<report>
				<misses>393001</misses>
				<total>1</total>
				<timestamp>137.412995</timestamp>
			</report>
			<report>
				<misses>394001</misses>
				<total>1</total>
				<timestamp>137.762659</timestamp>
			</report>
			<report>
				<misses>395001</misses>
				<total>1</total>
				<timestamp>138.112281</timestamp>
			</report>
			<report>
				<misses>396001</misses>
				<total>1</total>
				<timestamp>138.461937</timestamp>
			</report>
			<report>
				<misses>397001</misses>
				<total>1</total>
				<timestamp>138.811644</timestamp>
			</report>
			<report>
				<misses>398001</misses>
				<total>1</total>
				<timestamp>139.161256</timestamp>
			</report>
			<report>
				<misses>399001</misses>
				<total>1</total>
				<timestamp>139.510895</timestamp>
			</report>
			<report>
				<misses>400001</misses>
				<total>1</total>
				<timestamp>139.860554</timestamp>
			</report>
			<report>
				<misses>401001</misses>
				<total>1</total>
				<timestamp>140.210202</timestamp>
			</report>
			<report>
				<misses>402001</misses>
				<total>1</total>
				<timestamp>140.559856</timestamp>
			</report>
			<report>
				<misses>403001</misses>
				<total>1</total>
				<timestamp>140.909500</timestamp>
			</report>
			<report>
				<misses>404001</misses>
				<total>1</total>
				<timestamp>141.259144</timestamp>
			</report>
			<report>
				<misses>405001</misses>
				<total>1</total>
				<timestamp>141.608783</timestamp>
			</report>
			<report>
				<misses>406001</misses>
				<total>1</total>
				<timestamp>141.958436</timestamp>
			</report>
			<report>
				<misses>407001</misses>
				<total>1</total>
				<timestamp>142.308126</timestamp>
			</report>
			<report>
				<misses>408001</misses>
				<total>1</total>
				<timestamp>142.657750</timestamp>
			</report>
			<report>
				<misses>409001</misses>
				<total>1</total>
				<timestamp>143.007384</timestamp>
			</report>
			<report>
				<misses>410001</misses>
				<total>1</total>
				<timestamp>143.357048</timestamp>
			</report>
			<report>
				<misses>411001</misses>
				<total>1</total>
				<timestamp>143.706707</timestamp>
			</report>
			<report>
				<misses>412001</misses>
				<total>1</total>
				<timestamp>144.056347</timestamp>
			</report>
			<report>
				<misses>413001</misses>
				<total>1</total>
				<timestamp>144.406027</timestamp>
			</report>
			<report>
				<misses>414001</misses>
				<total>1</total>
				<timestamp>144.755681</timestamp>
			</report>
			<report>
				<misses>415001</misses>
				<total>1</total>
				<timestamp>145.105285</timestamp>
			</report>
			<report>
				<misses>416001</misses>
				<total>1</total>
				<timestamp>145.455002</timestamp>
			</report>
			<report>
				<misses>417001</misses>
				<total>1</total>
				<timestamp>145.804602</timestamp>
			</report>
			<report>
				<misses>418001</misses>
				<total>1</total>
				<timestamp>146.154267</timestamp>
			</report>
			<report>
				<misses>419001</misses>
				<total>1</total>
				<timestamp>146.503897</timestamp>
			</report>
			<report>
				<misses>420001</misses>
				<total>1</total>
				<timestamp>146.853548</timestamp>
			</report>
			<report>
				<misses>421001</misses>
				<total>1</total>
				<timestamp>147.203204</timestamp>
			</report>
			<report>
				<misses>422001</misses>
				<total>1</total>
				<timestamp>147.552823</timestamp>
			</report>
			<report>
				<misses>423001</misses>
				<total>1</total>
				<timestamp>147.902497</timestamp>
			</report>
			<report>
				<misses>424001</misses>
				<total>1</total>
				<timestamp>148.252123</timestamp>
			</report>
			<report>
				<misses>425001</misses>
				<total>1</total>
				<timestamp>148.601793</timestamp>
			</report>
			<report>
				<misses>426001</misses>
				<total>1</total>
				<timestamp>148.951450</timestamp>
			</report>
			<report>
				<misses>427001</misses>
				<total>1</total>
				<timestamp>149.301091</timestamp>
			</report>
			<report>
				<misses>428001</misses>
				<total>1</total>
				<timestamp>149.650729</timestamp>
			</report>
			<report>
				<misses>429001</misses>
				<total>1</total>
				<timestamp>150.000385</timestamp>
			</report>
			<report>
				<misses>430001</misses>
				<total>1</total>
				<timestamp>150.350044</timestamp>
			</report>
			<report>
				<misses>431001</misses>
				<total>1</total>
				<timestamp>150.699703</timestamp>
			</report>
			<report>
				<misses>432001</misses>
				<total>1</total>
				<timestamp>151.049326</timestamp>
			</report>
			<report>
				<misses>433001</misses>
				<total>1</total>
				<timestamp>151.398986</timestamp>
			</report>
			<report>
				<misses>434001</misses>
				<total>1</total>
				<timestamp>151.748661</timestamp>
			</report>
			<report>
				<misses>435001</misses>
				<total>1</total>
				<timestamp>152.098275</timestamp>
			</report>
			<report>
				<misses>436001</misses>
				<total>1</total>
				<timestamp>152.447953</timestamp>
			</report>
			<report>
				<misses>437001</misses>
				<total>1</total>
				<timestamp>152.797586</timestamp>
			</report>
			<report>
				<misses>438001</misses>
				<total>1</total>
				<timestamp>153.147233</timestamp>
			</report>
			<report>
				<misses>439001</misses>
				<total>1</total>
				<timestamp>153.496888</timestamp>
			</report>
			<report>
				<misses>440001</misses>
				<total>1</total>
				<timestamp>153.846563</timestamp>
			</report>
			<report>
				<misses>441001</misses>
				<total>1</total>
				<timestamp>154.196197</timestamp>
			</report>
			<report>
				<misses>442001</misses>
				<total>1</total>
				<timestamp>154.545906</timestamp>
			</report>
			<report>
				<misses>443001</misses>
				<total>1</total>
				<timestamp>154.895496</timestamp>
			</report>
			<report>
				<misses>444001</misses>
				<total>1</total>
				<timestamp>155.245119</timestamp>
			</report>
			<report>
				<misses>445001</misses>
				<total>1</total>
				<timestamp>155.594790</timestamp>
			</report>
			<report>
				<misses>446001</misses>
				<total>1</total>
				<timestamp>155.944430</timestamp>
			</report>
			<report>
				<misses>447001</misses>
				<total>1</total>
				<timestamp>156.294085</timestamp>
			</report>
			<report>
				<misses>448001</misses>
				<total>1</total>
				<timestamp>156.643760</timestamp>
			</report>
			<report>
				<misses>449001</misses>
				<total>1</total>
				<timestamp>156.993381</timestamp>
			</report>
			<report>
				<misses>450001</misses>
				<total>1</total>
				<timestamp>157.343033</timestamp>
			</report>
			<report>
				<misses>451001</misses>
				<total>1</total>
				<timestamp>157.692679</timestamp>
			</report>
			<report>
				<misses>452001</misses>
				<total>1</total>
				<timestamp>158.042349</timestamp>
			</report>
			<report>
				<misses>453001</misses>
				<total>1</total>
				<timestamp>158.391985</timestamp>
			</report>
			<report>
				<misses>454001</misses>
				<total>1</total>
				<timestamp>158.741644</timestamp>
			</report>
			<report>
				<misses>455001</misses>
				<total>1</total>
				<timestamp>159.091297</timestamp>
			</report>
			<report>
				<misses>456001</misses>
				<total>1</total>
				<timestamp>159.440943</timestamp>
			</report>
			<report>
				<misses>457001</misses>
				<total>1</total>
				<timestamp>159.790611</timestamp>
			</report>
			<report>
				<misses>458001</misses>
				<total>1</total>
				<timestamp>160.140243</timestamp>
			</report>
			<report>
				<misses>459001</misses>
				<total>1</total>
				<timestamp>160.489886</timestamp>
			</report>
			<report>
				<misses>460001</misses>
				<total>1</total>
				<timestamp>160.839583</timestamp>
			</report>
			<report>
				<misses>461001</misses>
				<total>1</total>
				<timestamp>161.189214</timestamp>
			</report>
			<report>
				<misses>462001</misses>
				<total>1</total>
				<timestamp>161.538847</timestamp>
			</report>
			<report>
				<misses>463001</misses>
				<total>1</total>
				<timestamp>161.888487</timestamp>
			</report>
			<report>
				<misses>464001</misses>
				<total>1</total>
				<timestamp>162.238154</timestamp>
			</report>
			<report>
				<misses>465001</misses>
				<total>1</total>
				<timestamp>162.587793</timestamp>
			</report>
			<report>
				<misses>466001</misses>
				<total>1</total>
				<timestamp>162.937469</timestamp>
			</report>
			<report>
				<misses>467001</misses>
				<total>1</total>
				<timestamp>163.287127</timestamp>
			</report>
			<report>
				<misses>468001</misses>
				<total>1</total>
				<timestamp>163.636765</timestamp>
			</report>
			<report>
				<misses>469001</misses>
				<total>1</total>
				<timestamp>163.986423</timestamp>
			</report>
			<report>
				<misses>470001</misses>
				<total>1</total>
				<timestamp>164.336077</timestamp>
			</report>
			<report>
				<misses>471001</misses>
				<total>1</total>
				<timestamp>164.685680</timestamp>
			</report>
			<report>
				<misses>472001</misses>
				<total>1</total>
				<timestamp>165.035358</timestamp>
			</report>
			<report>
				<misses>473001</misses>
				<total>1</total>
				<timestamp>165.384985</timestamp>
			</report>
			<report>
				<misses>474001</misses>
				<total>1</total>
				<timestamp>165.734630</timestamp>
			</report>
			<report>
				<misses>475001</misses>
				<total>1</total>
				<timestamp>166.084304</timestamp>
			</report>
			<report>
				<misses>476001</misses>
				<total>1</total>
				<timestamp>166.433976</timestamp>
			</report>
			<report>
				<misses>477001</misses>
				<total>1</total>
				<timestamp>166.783597</timestamp>
			</report>
			<report>
				<misses>478001</misses>
				<total>1</total>
				<timestamp>167.133267</timestamp>
			</report>
			<report>
				<misses>479001</misses>
				<total>1</total>
				<timestamp>167.482885</timestamp>
			</report>
			<report>
				<misses>480001</misses>
				<total>1</total>
				<timestamp>167.832590</timestamp>
			</report>
			<report>
				<misses>481001</misses>
				<total>1</total>
				<timestamp>168.182184</timestamp>
			</report>
			<report>
				<misses>482001</misses>
				<total>1</total>
				<timestamp>168.531852</timestamp>
			</report>
			<report>
				<misses>483001</misses>
				<total>1</total>
				<timestamp>168.881509</timestamp>
			</report>
			<report>
				<misses>484001</misses>
				<total>1</total>
				<timestamp>169.231153</timestamp>
			</report>
			<report>
				<misses>485001</misses>
				<total>1</total>
				<timestamp>169.580817</timestamp>
			</report>
			<report>
				<misses>486001</misses>
				<total>1</total>
				<timestamp>169.930443</timestamp>
			</report>
			<report>
				<misses>487001</misses>
				<total>1</total>
				<timestamp>170.280095</timestamp>
			</report>
			<report>
				<misses>488001</misses>
				<total>1</total>
				<timestamp>170.629775</timestamp>
			</report>
			<report>
				<misses>489001</misses>
				<total>1</total>
				<timestamp>170.979399</timestamp>
			</report>
			<report>
				<misses>490001</misses>
				<total>1</total>
				<timestamp>171.329046</timestamp>
			</report>
			<report>
				<misses>491001</misses>
				<total>1</total>
				<timestamp>171.678705</timestamp>
			</report>
			<report>
				<misses>492001</misses>
				<total>1</total>
				<timestamp>172.028376</timestamp>
			</report>
			<report>
				<misses>493001</misses>
				<total>1</total>
				<timestamp>172.377990</timestamp>
			</report>
			<report>
				<misses>494001</misses>
				<total>1</total>
				<timestamp>172.727649</timestamp>
			</report>
			<report>
				<misses>495001</misses>
				<total>1</total>
				<timestamp>173.077298</timestamp>
			</report>
			<report>
				<misses>496001</misses>
				<total>1</total>
				<timestamp>173.426937</timestamp>
			</report>
			<report>
				<misses>497001</misses>
				<total>1</total>
				<timestamp>173.776580</timestamp>
			</report>
			<report>
				<misses>498001</misses>
				<total>1</total>
				<timestamp>174.126249</timestamp>
			</report>
			<report>
				<misses>499001</misses>
				<total>1</total>
				<timestamp>174.475892</timestamp>
			</report>
			<report>
				<misses>500001</misses>
				<total>1</total>
				<timestamp>174.825552</timestamp>
			</report>
			<report>
				<misses>501001</misses>
				<total>1</total>
				<timestamp>175.175176</timestamp>
			</report>
			<report>
				<misses>502001</misses>
				<total>1</total>
				<timestamp>175.524865</timestamp>
			</report>
			<report>
				<misses>503001</misses>
				<total>1</total>
				<timestamp>175.874479</timestamp>
			</report>
			<report>
				<misses>504001</misses>
				<total>1</total>
				<timestamp>176.224140</timestamp>
			</report>
			<report>
				<misses>505001</misses>
				<total>1</total>
				<timestamp>176.573784</timestamp>
			</report>
			<report>
				<misses>506001</misses>
				<total>1</total>
				<timestamp>176.923427</timestamp>
			</report>
			<report>
				<misses>507001</misses>
				<total>1</total>
				<timestamp>177.273111</timestamp>
			</report>
			<report>
				<misses>508001</misses>
				<total>1</total>
				<timestamp>177.622756</timestamp>
			</report>
			<report>
				<misses>509001</misses>
				<total>1</total>
				<timestamp>177.972440</timestamp>
			</report>
			<report>
				<misses>510001</misses>
				<total>1</total>
				<timestamp>178.322034</timestamp>
			</report>
			<report>
				<misses>511001</misses>
				<total>1</total>
				<timestamp>178.671690</timestamp>
			</report>
			<report>
				<misses>512001</misses>
				<total>1</total>
				<timestamp>179.021363</timestamp>
			</report>
			<report>
				<misses>513001</misses>
				<total>1</total>
				<timestamp>179.370967</timestamp>
			</report>
			<report>
				<misses>514001</misses>
				<total>1</total>
				<timestamp>179.720628</timestamp>
			</report>
			<report>
				<misses>515001</misses>
				<total>1</total>
				<timestamp>180.070301</timestamp>
			</report>
			<report>
				<misses>516001</misses>
				<total>1</total>
				<timestamp>180.419933</timestamp>
			</report>
			<report>
				<misses>517001</misses>
				<total>1</total>
				<timestamp>180.769600</timestamp>
			</report>
			<report>
				<misses>518001</misses>
				<total>1</total>
				<timestamp>181.119231</timestamp>
			</report>
			<report>
				<misses>519001</misses>
				<total>1</total>
				<timestamp>181.468878</timestamp>
			</report>
			<report>
				<misses>520001</misses>
				<total>1</total>
				<timestamp>181.818552</timestamp>
			</report>
			<report>
				<misses>521001</misses>
				<total>1</total>
				<timestamp>182.168176</timestamp>
			</report>
			<report>
				<misses>522001</misses>
				<total>1</total>
				<timestamp>182.517837</timestamp>
			</report>
			<report>
				<misses>523001</misses>
				<total>1</total>
				<timestamp>182.867484</timestamp>
			</report>
			<report>
				<misses>524001</misses>
				<total>1</total>
				<timestamp>183.217145</timestamp>
			</report>
			<report>
				<misses>525001</misses>
				<total>1</total>
				<timestamp>183.566823</timestamp>
			</report>
			<report>
				<misses>526001</misses>
				<total>1</total>
				<timestamp>183.916475</timestamp>
			</report>
			<report>
				<misses>527001</misses>
				<total>1</total>
				<timestamp>184.266119</timestamp>
			</report>
			<report>
				<misses>528001</misses>
				<total>1</total>
				<timestamp>184.615774</timestamp>
			</report>
			<report>
				<misses>529001</misses>
				<total>1</total>
				<timestamp>184.965455</timestamp>
			</report>
			<report>
				<misses>530001</misses>
				<total>1</total>
				<timestamp>185.315041</timestamp>
			</report>
			<report>
				<misses>531001</misses>
				<total>1</total>
				<timestamp>185.664725</timestamp>
			</report>
			<report>
				<misses>532001</misses>
				<total>1</total>
				<timestamp>186.014350</timestamp>
			</report>
			<report>
				<misses>533001</misses>
				<total>1</total>
				<timestamp>186.363991</timestamp>
			</report>
			<report>
				<misses>534001</misses>
				<total>1</total>
				<timestamp>186.713637</timestamp>
			</report>
			<report>
				<misses>535001</misses>
				<total>1</total>
				<timestamp>187.063301</timestamp>
			</report>
			<report>
				<misses>536001</misses>
				<total>1</total>
				<timestamp>187.412949</timestamp>
			</report>
			<report>
				<misses>537001</misses>
				<total>1</total>
				<timestamp>187.762603</timestamp>
			</report>
			<report>
				<misses>538001</misses>
				<total>1</total>
				<timestamp>188.112247</timestamp>
			</report>
			<report>
				<misses>539001</misses>
				<total>1</total>
				<timestamp>188.461893</timestamp>
			</report>
			<report>
				<misses>540001</misses>
				<total>1</total>
				<timestamp>188.811570</timestamp>
			</report>
			<report>
				<misses>541001</misses>
				<total>1</total>
				<timestamp>189.161182</timestamp>
			</report>
			<report>
				<misses>542001</misses>
				<total>1</total>
				<timestamp>189.510825</timestamp>
			</report>
			<report>
				<misses>543001</misses>
				<total>1</total>
				<timestamp>189.860484</timestamp>
			</report>
			<report>
				<misses>544001</misses>
				<total>1</total>
				<timestamp>190.210132</timestamp>
			</report>
			<report>
				<misses>545001</misses>
				<total>1</total>
				<timestamp>190.559774</timestamp>
			</report>
			<report>
				<misses>546001</misses>
				<total>1</total>
				<timestamp>190.909469</timestamp>
			</report>
			<report>
				<misses>547001</misses>
				<total>1</total>
				<timestamp>191.259105</timestamp>
			</report>
			<report>
				<misses>548001</misses>
				<total>1</total>
				<timestamp>191.608730</timestamp>
			</report>
			<report>
				<misses>549001</misses>
				<total>1</total>
				<timestamp>191.958397</timestamp>
			</report>
			<report>
				<misses>550001</misses>
				<total>1</total>
				<timestamp>192.308045</timestamp>
			</report>
			<report>
				<misses>551001</misses>
				<total>1</total>
				<timestamp>192.657735</timestamp>
			</report>
			<report>
				<misses>552001</misses>
				<total>1</total>
				<timestamp>193.007357</timestamp>
			</report>
			<report>
				<misses>553001</misses>
				<total>1</total>
				<timestamp>193.356979</timestamp>
			</report>
			<report>
				<misses>554001</misses>
				<total>1</total>
				<timestamp>193.706626</timestamp>
			</report>
			<report>
				<misses>555001</misses>
				<total>1</total>
				<timestamp>194.056318</timestamp>
			</report>
			<report>
				<misses>556001</misses>
				<total>1</total>
				<timestamp>194.405953</timestamp>
			</report>
			<report>
				<misses>557001</misses>
				<total>1</total>
				<timestamp>194.755573</timestamp>
			</report>
			<report>
				<misses>558001</misses>
				<total>1</total>
				<timestamp>195.105253</timestamp>
			</report>
			<report>
				<misses>559001</misses>
				<total>1</total>
				<timestamp>195.454867</timestamp>
			</report>
			<report>
				<misses>560001</misses>
				<total>1</total>
				<timestamp>195.804556</timestamp>
			</report>
			<report>
				<misses>561001</misses>
				<total>1</total>
				<timestamp>196.154263</timestamp>
			</report>
			<report>
				<misses>562001</misses>
				<total>1</total>
				<timestamp>196.503837</timestamp>
			</report>
			<report>
				<misses>563001</misses>
				<total>1</total>
				<timestamp>196.853496</timestamp>
			</report>
			<report>
				<misses>564001</misses>
				<total>1</total>
				<timestamp>197.203157</timestamp>
			</report>
			<report>
				<misses>565001</misses>
				<total>1</total>
				<timestamp>197.552818</timestamp>
			</report>
			<report>
				<misses>566001</misses>
				<total>1</total>
				<timestamp>197.902438</timestamp>
			</report>
			<report>
				<misses>567001</misses>
				<total>1</total>
				<timestamp>198.252084</timestamp>
			</report>
			<report>
				<misses>568001</misses>
				<total>1</total>
				<timestamp>198.601731</timestamp>
			</report>
			<report>
				<misses>569001</misses>
				<total>1</total>
				<timestamp>198.951417</timestamp>
			</report>
			<report>
				<misses>570001</misses>
				<total>1</total>
				<timestamp>199.301050</timestamp>
			</report>
			<report>
				<misses>571001</misses>
				<total>1</total>
				<timestamp>199.650700</timestamp>
			</report>
			<report>
				<misses>572001</misses>
				<total>1</total>
				<timestamp>200.000399</timestamp>
			</report>
			<report>
				<misses>573001</misses>
				<total>1</total>
				<timestamp>200.349997</timestamp>
			</report>
			<report>
				<misses>574001</misses>
				<total>1</total>
				<timestamp>200.699667</timestamp>
			</report>
			<report>
				<misses>575001</misses>
				<total>1</total>
				<timestamp>201.049305</timestamp>
			</report>
			<report>
				<misses>576001</misses>
				<total>1</total>
				<timestamp>201.398946</timestamp>
			</report>
			<report>
				<misses>577001</misses>
				<total>1</total>
				<timestamp>201.748619</timestamp>
			</report>
			<report>
				<misses>578001</misses>
				<total>1</total>
				<timestamp>202.098284</timestamp>
			</report>
			<report>
				<misses>579001</misses>
				<total>1</total>
				<timestamp>202.447895</timestamp>
			</report>
			<report>
				<misses>580001</misses>
				<total>1</total>
				<timestamp>202.797545</timestamp>
			</report>
			<report>
				<misses>581001</misses>
				<total>1</total>
				<timestamp>203.147238</timestamp>
			</report>
			<report>
				<misses>582001</misses>
				<total>1</total>
				<timestamp>203.496845</timestamp>
			</report>
			<report>
				<misses>583001</misses>
				<total>1</total>
				<timestamp>203.846517</timestamp>
			</report>
			<report>
				<misses>584001</misses>
				<total>1</total>
				<timestamp>204.196176</timestamp>
			</report>
			<report>
				<misses>585001</misses>
				<total>1</total>
				<timestamp>204.545798</timestamp>
			</report>
			<report>
				<misses>586001</misses>
				<total>1</total>
				<timestamp>204.895463</timestamp>
			</report>
			<report>
				<misses>587001</misses>
				<total>1</total>
				<timestamp>205.245126</timestamp>
			</report>
			<report>
				<misses>588001</misses>
				<total>1</total>
				<timestamp>205.594774</timestamp>
			</report>
			<report>
				<misses>589001</misses>
				<total>1</total>
				<timestamp>205.944389</timestamp>
			</report>
			<report>
				<misses>590001</misses>
				<total>1</total>
				<timestamp>206.294051</timestamp>
			</report>
			<report>
				<misses>591001</misses>
				<total>1</total>
				<timestamp>206.643731</timestamp>
			</report>
			<report>
				<misses>592001</misses>
				<total>1</total>
				<timestamp>206.993364</timestamp>
			</report>
			<report>
				<misses>593001</misses>
				<total>1</total>
				<timestamp>207.342975</timestamp>
			</report>
			<report>
				<misses>594001</misses>
				<total>1</total>
				<timestamp>207.692636</timestamp>
			</report>
			<report>
				<misses>595001</misses>
				<total>1</total>
				<timestamp>208.042277</timestamp>
			</report>
			<report>
				<misses>596001</misses>
				<total>1</total>
				<timestamp>208.391942</timestamp>
			</report>
			<report>
				<misses>597001</misses>
				<total>1</total>
				<timestamp>208.741627</timestamp>
			</report>
			<report>
				<misses>598001</misses>
				<total>1</total>
				<timestamp>209.091252</timestamp>
			</report>
			<report>
				<misses>599001</misses>
				<total>1</total>
				<timestamp>209.440897</timestamp>
			</report>
			<report>
				<misses>600001</misses>
				<total>1</total>
				<timestamp>209.790540</timestamp>
			</report>
			<report>
				<misses>601001</misses>
				<total>1</total>
				<timestamp>210.140194</timestamp>
			</report>
			<report>
				<misses>602001</misses>
				<total>1</total>
				<timestamp>210.489848</timestamp>
			</report>
			<report>
				<misses>603001</misses>
				<total>1</total>
				<timestamp>210.839496</timestamp>
			</report>
			<report>
				<misses>604001</misses>
				<total>1</total>
				<timestamp>211.189140</timestamp>
			</report>
			<report>
				<misses>605001</misses>
				<total>1</total>
				<timestamp>211.538789</timestamp>
			</report>
			<report>
				<misses>606001</misses>
				<total>1</total>
				<timestamp>211.888475</timestamp>
			</report>
			<report>
				<misses>607001</misses>
				<total>1</total>
				<timestamp>212.238094</timestamp>
			</report>
			<report>
				<misses>608001</misses>
				<total>1</total>
				<timestamp>212.587719</timestamp>
			</report>
			<report>
				<misses>609001</misses>
				<total>1</total>
				<timestamp>212.937388</timestamp>
			</report>
			<report>
				<misses>610001</misses>
				<total>1</total>
				<timestamp>213.287043</timestamp>
			</report>
			<report>
				<misses>611001</misses>
				<total>1</total>
				<timestamp>213.636680</timestamp>
			</report>
			<report>
				<misses>612001</misses>
				<total>1</total>
				<timestamp>213.986318</timestamp>
			</report>
			<report>
				<misses>613001</misses>
				<total>1</total>
				<timestamp>214.336018</timestamp>
			</report>
			<report>
				<misses>614001</misses>
				<total>1</total>
				<timestamp>214.685649</timestamp>
			</report>
			<report>
				<misses>615001</misses>
				<total>1</total>
				<timestamp>215.035296</timestamp>
			</report>
			<report>
				<misses>616001</misses>
				<total>2</total>
				<timestamp>215.384956</timestamp>
			</report>
			<report>
				<misses>617001</misses>
				<total>2</total>
				<timestamp>215.734585</timestamp>
			</report>
			<report>
				<misses>618001</misses>
				<total>2</total>
				<timestamp>216.084231</timestamp>
			</report>
			<report>
				<misses>619001</misses>
				<total>2</total>
				<timestamp>216.433881</timestamp>
			</report>
			<report>
				<misses>620001</misses>
				<total>2</total>
				<timestamp>216.783578</timestamp>
			</report>
			<report>
				<misses>621001</misses>
				<total>2</total>
				<timestamp>217.133191</timestamp>
			</report>
			<report>
				<misses>622001</misses>
				<total>2</total>
				<timestamp>217.482820</timestamp>
			</report>
			<report>
				<misses>623001</misses>
				<total>2</total>
				<timestamp>217.832477</timestamp>
			</report>
			<report>
				<misses>624001</misses>
				<total>2</total>
				<timestamp>218.182158</timestamp>
			</report>
			<report>
				<misses>625001</misses>
				<total>2</total>
				<timestamp>218.531776</timestamp>
			</report>
			<report>
				<misses>626001</misses>
				<total>2</total>
				<timestamp>218.881452</timestamp>
			</report>
			<report>
				<misses>627001</misses>
				<total>2</total>
				<timestamp>219.231157</timestamp>
			</report>
			<report>
				<misses>628001</misses>
				<total>2</total>
				<timestamp>219.580758</timestamp>
			</report>
			<report>
				<misses>629001</misses>
				<total>2</total>
				<timestamp>219.930391</timestamp>
			</report>
			<report>
				<misses>630001</misses>
				<total>2</total>
				<timestamp>220.280051</timestamp>
			</report>
			<report>
				<misses>631001</misses>
				<total>2</total>
				<timestamp>220.629690</timestamp>
			</report>
			<report>
				<misses>632001</misses>
				<total>2</total>
				<timestamp>220.979330</timestamp>
			</report>
			<report>
				<misses>633001</misses>
				<total>2</total>
				<timestamp>221.328994</timestamp>
			</report>
			<report>
				<misses>634001</misses>
				<total>2</total>
				<timestamp>221.678629</timestamp>
			</report>
			<report>
				<misses>635001</misses>
				<total>2</total>
				<timestamp>222.028290</timestamp>
			</report>
			<report>
				<misses>636001</misses>
				<total>2</total>
				<timestamp>222.377957</timestamp>
			</report>
			<report>
				<misses>637001</misses>
				<total>2</total>
				<timestamp>222.727617</timestamp>
			</report>
			<report>
				<misses>638001</misses>
				<total>2</total>
				<timestamp>223.077266</timestamp>
			</report>
			<report>
				<misses>639001</misses>
				<total>2</total>
				<timestamp>223.426899</timestamp>
			</report>
			<report>
				<misses>640001</misses>
				<total>2</total>
				<timestamp>223.776556</timestamp>
			</report>
			<report>
				<misses>641001</misses>
				<total>2</total>
				<timestamp>224.126243</timestamp>
			</report>
			<report>
				<misses>642001</misses>
				<total>2</total>
				<timestamp>224.475824</timestamp>
			</report>
			<report>
				<misses>643001</misses>
				<total>2</total>
				<timestamp>224.825490</timestamp>
			</report>
			<report>
				<misses>644001</misses>
				<total>2</total>
				<timestamp>225.175180</timestamp>
			</report>
			<report>
				<misses>645001</misses>
				<total>2</total>
				<timestamp>225.524778</timestamp>
			</report>
			<report>
				<misses>646001</misses>
				<total>2</total>
				<timestamp>225.874486</timestamp>
			</report>
			<report>
				<misses>647001</misses>
				<total>2</total>
				<timestamp>226.224135</timestamp>
			</report>
			<report>
				<misses>648001</misses>
				<total>2</total>
				<timestamp>226.573765</timestamp>
			</report>
			<report>
				<misses>649001</misses>
				<total>2</total>
				<timestamp>226.923389</timestamp>
			</report>
			<report>
				<misses>650001</misses>
				<total>2</total>
				<timestamp>227.273094</timestamp>
			</report>
			<report>
				<misses>651001</misses>
				<total>2</total>
				<timestamp>227.622677</timestamp>
			</report>
			<report>
				<misses>652001</misses>
				<total>2</total>
				<timestamp>227.972315</timestamp>
			</report>
			<report>
				<misses>653001</misses>
				<total>2</total>
				<timestamp>228.322006</timestamp>
			</report>
			<report>
				<misses>654001</misses>
				<total>2</total>
				<timestamp>228.671632</timestamp>
			</report>
			<report>
				<misses>655001</misses>
				<total>2</total>
				<timestamp>229.021300</timestamp>
			</report>
			<report>
				<misses>656001</misses>
				<total>2</total>
				<timestamp>229.370933</timestamp>
			</report>
			<report>
				<misses>657001</misses>
				<total>2</total>
				<timestamp>229.720589</timestamp>
			</report>
			<report>
				<misses>658001</misses>
				<total>2</total>
				<timestamp>230.070246</timestamp>
			</report>
			<report>
				<misses>659001</misses>
				<total>2</total>
				<timestamp>230.419898</timestamp>
			</report>
			<report>
				<misses>660001</misses>
				<total>2</total>
				<timestamp>230.769546</timestamp>
			</report>
			<report>
				<misses>661001</misses>
				<total>2</total>
				<timestamp>231.119200</timestamp>
			</report>
			<report>
				<misses>662001</misses>
				<total>2</total>
				<timestamp>231.468850</timestamp>
			</report>
			<report>
				<misses>663001</misses>
				<total>2</total>
				<timestamp>231.818491</timestamp>
			</report>
			<report>
				<misses>664001</misses>
				<total>2</total>
				<timestamp>232.168153</timestamp>
			</report>
			<report>
				<misses>665001</misses>
				<total>2</total>
				<timestamp>232.517783</timestamp>
			</report>
			<report>
				<misses>666001</misses>
				<total>2</total>
				<timestamp>232.867461</timestamp>
			</report>
			<report>
				<misses>667001</misses>
				<total>2</total>
				<timestamp>233.217133</timestamp>
			</report>
			<report>
				<misses>668001</misses>
				<total>2</total>
				<timestamp>233.566738</timestamp>
			</report>
			<report>
				<misses>669001</misses>
				<total>2</total>
				<timestamp>233.916391</timestamp>
			</report>
			<report>
				<misses>670001</misses>
				<total>2</total>
				<timestamp>234.266059</timestamp>
			</report>
			<report>
				<misses>671001</misses>
				<total>2</total>
				<timestamp>234.615681</timestamp>
			</report>
			<report>
				<misses>672001</misses>
				<total>2</total>
				<timestamp>234.965354</timestamp>
			</report>
			<report>
				<misses>673001</misses>
				<total>2</total>
				<timestamp>235.315031</timestamp>
			</report>
			<report>
				<misses>674001</misses>
				<total>2</total>
				<timestamp>235.664648</timestamp>
			</report>
			<report>
				<misses>675001</misses>
				<total>2</total>
				<timestamp>236.014277</timestamp>
			</report>
			<report>
				<misses>676001</misses>
				<total>2</total>
				<timestamp>236.363993</timestamp>
			</report>
			<report>
				<misses>677001</misses>
				<total>2</total>
				<timestamp>236.713583</timestamp>
			</report>
			<report>
				<misses>678001</misses>
				<total>2</total>
				<timestamp>237.063233</timestamp>
			</report>
			<report>
				<misses>679001</misses>
				<total>2</total>
				<timestamp>237.412878</timestamp>
			</report>
			<report>
				<misses>680001</misses>
				<total>2</total>
				<timestamp>237.762531</timestamp>
			</report>
			<report>
				<misses>681001</misses>
				<total>2</total>
				<timestamp>238.112213</timestamp>
			</report>
			<report>
				<misses>682001</misses>
				<total>2</total>
				<timestamp>238.461830</timestamp>
			</report>
			<report>
				<misses>683001</misses>
				<total>2</total>
				<timestamp>238.811529</timestamp>
			</report>
			<report>
				<misses>684001</misses>
				<total>2</total>
				<timestamp>239.161140</timestamp>
			</report>
			<report>
				<misses>685001</misses>
				<total>2</total>
				<timestamp>239.510777</timestamp>
			</report>
			<report>
				<misses>686001</misses>
				<total>2</total>
				<timestamp>239.860444</timestamp>
			</report>
			<report>
				<misses>687001</misses>
				<total>2</total>
				<timestamp>240.210114</timestamp>
			</report>
			<report>
				<misses>688001</misses>
				<total>2</total>
				<timestamp>240.559757</timestamp>
			</report>
			<report>
				<misses>689001</misses>
				<total>2</total>
				<timestamp>240.909384</timestamp>
			</report>
			<report>
				<misses>690001</misses>
				<total>2</total>
				<timestamp>241.259067</timestamp>
			</report>
			<report>
				<misses>691001</misses>
				<total>2</total>
				<timestamp>241.608693</timestamp>
			</report>
			<report>
				<misses>692001</misses>
				<total>2</total>
				<timestamp>241.958318</timestamp>
			</report>
			<report>
				<misses>693001</misses>
				<total>2</total>
				<timestamp>242.308025</timestamp>
			</report>
			<report>
				<misses>694001</misses>
				<total>2</total>
				<timestamp>242.657681</timestamp>
			</report>
			<report>
				<misses>695001</misses>
				<total>2</total>
				<timestamp>243.007319</timestamp>
			</report>
			<report>
				<misses>696001</misses>
				<total>2</total>
				<timestamp>243.356979</timestamp>
			</report>
			<report>
				<misses>697001</misses>
				<total>2</total>
				<timestamp>243.706608</timestamp>
			</report>
			<report>
				<misses>698001</misses>
				<total>2</total>
				<timestamp>244.056241</timestamp>
			</report>
			<report>
				<misses>699001</misses>
				<total>2</total>
				<timestamp>244.405927</timestamp>
			</report>
			<report>
				<misses>700001</misses>
				<total>2</total>
				<timestamp>244.755542</timestamp>
			</report>
			<report>
				<misses>701001</misses>
				<total>2</total>
				<timestamp>245.105206</timestamp>
			</report>
			<report>
				<misses>702001</misses>
				<total>2</total>
				<timestamp>245.454849</timestamp>
			</report>
			<report>
				<misses>703001</misses>
				<total>2</total>
				<timestamp>245.804505</timestamp>
			</report>
			<report>
				<misses>704001</misses>
				<total>2</total>
				<timestamp>246.154145</timestamp>
			</report>
			<report>
				<misses>705001</misses>
				<total>2</total>
				<timestamp>246.503785</timestamp>
			</report>
			<report>
				<misses>706001</misses>
				<total>2</total>
				<timestamp>246.853473</timestamp>
			</report>
			<report>
				<misses>707001</misses>
				<total>2</total>
				<timestamp>247.203113</timestamp>
			</report>
			<report>
				<misses>708001</misses>
				<total>2</total>
				<timestamp>247.552725</timestamp>
			</report>
			<report>
				<misses>709001</misses>
				<total>2</total>
				<timestamp>247.902408</timestamp>
			</report>
			<report>
				<misses>710001</misses>
				<total>2</total>
				<timestamp>248.252071</timestamp>
			</report>
			<report>
				<misses>711001</misses>
				<total>2</total>
				<timestamp>248.601673</timestamp>
			</report>
			<report>
				<misses>712001</misses>
				<total>2</total>
				<timestamp>248.951382</timestamp>
			</report>
			<report>
				<misses>713001</misses>
				<total>2</total>
				<timestamp>249.301024</timestamp>
			</report>
			<report>
				<misses>714001</misses>
				<total>2</total>
				<timestamp>249.650686</timestamp>
			</report>
			<report>
				<misses>715001</misses>
				<total>2</total>
				<timestamp>250.000296</timestamp>
			</report>
			<report>
				<misses>716001</misses>
				<total>2</total>
				<timestamp>250.349979</timestamp>
			</report>
			<report>
				<misses>717001</misses>
				<total>2</total>
				<timestamp>250.699578</timestamp>
			</report>
			<report>
				<misses>718001</misses>
				<total>2</total>
				<timestamp>251.049230</timestamp>
			</report>
			<report>
				<misses>719001</misses>
				<total>2</total>
				<timestamp>251.398886</timestamp>
			</report>
			<report>
				<misses>720001</misses>
				<total>2</total>
				<timestamp>251.748540</timestamp>
			</report>
			<report>
				<misses>721001</misses>
				<total>2</total>
				<timestamp>252.098194</timestamp>
			</report>
			<report>
				<misses>722001</misses>
				<total>2</total>
				<timestamp>252.447826</timestamp>
			</report>
			<report>
				<misses>723001</misses>
				<total>2</total>
				<timestamp>252.797488</timestamp>
			</report>
			<report>
				<misses>724001</misses>
				<total>2</total>
				<timestamp>253.147132</timestamp>
			</report>
			<report>
				<misses>725001</misses>
				<total>2</total>
				<timestamp>253.496791</timestamp>
			</report>
			<report>
				<misses>726001</misses>
				<total>2</total>
				<timestamp>253.846448</timestamp>
			</report>
			<report>
				<misses>727001</misses>
				<total>2</total>
				<timestamp>254.196123</timestamp>
			</report>
			<report>
				<misses>728001</misses>
				<total>2</total>
				<timestamp>254.545733</timestamp>
			</report>
			<report>
				<misses>729001</misses>
				<total>2</total>
				<timestamp>254.895419</timestamp>
			</report>
			<report>
				<misses>730001</misses>
				<total>2</total>
				<timestamp>255.245049</timestamp>
			</report>
			<report>
				<misses>731001</misses>
				<total>2</total>
				<timestamp>255.594704</timestamp>
			</report>
			<report>
				<misses>732001</misses>
				<total>2</total>
				<timestamp>255.944345</timestamp>
			</report>
			<report>
				<misses>733001</misses>
				<total>2</total>
				<timestamp>256.294013</timestamp>
			</report>
			<report>
				<misses>734001</misses>
				<total>2</total>
				<timestamp>256.643646</timestamp>
			</report>
			<report>
				<misses>735001</misses>
				<total>2</total>
				<timestamp>256.993309</timestamp>
			</report>
			<report>
				<misses>736001</misses>
				<total>2</total>
				<timestamp>257.342997</timestamp>
			</report>
			<report>
				<misses>737001</misses>
				<total>2</total>
				<timestamp>257.692586</timestamp>
			</report>
			<report>
				<misses>738001</misses>
				<total>2</total>
				<timestamp>258.042294</timestamp>
			</report>
			<report>
				<misses>739001</misses>
				<total>2</total>
				<timestamp>258.391950</timestamp>
			</report>
			<report>
				<misses>740001</misses>
				<total>2</total>
				<timestamp>258.741542</timestamp>
			</report>
			<report>
				<misses>741001</misses>
				<total>2</total>
				<timestamp>259.091243</timestamp>
			</report>
			<report>
				<misses>742001</misses>
				<total>2</total>
				<timestamp>259.440889</timestamp>
			</report>
			<report>
				<misses>743001</misses>
				<total>2</total>
				<timestamp>259.790508</timestamp>
			</report>
			<report>
				<misses>744001</misses>
				<total>2</total>
				<timestamp>260.140151</timestamp>
			</report>
			<report>
				<misses>745001</misses>
				<total>2</total>
				<timestamp>260.489836</timestamp>
			</report>
			<report>
				<misses>746001</misses>
				<total>2</total>
				<timestamp>260.839440</timestamp>
			</report>
			<report>
				<misses>747001</misses>
				<total>2</total>
				<timestamp>261.189100</timestamp>
			</report>
			<report>
				<misses>748001</misses>
				<total>2</total>
				<timestamp>261.538733</timestamp>
			</report>
			<report>
				<misses>749001</misses>
				<total>2</total>
				<timestamp>261.888379</timestamp>
			</report>
			<report>
				<misses>750001</misses>
				<total>2</total>
				<timestamp>262.238031</timestamp>
			</report>
			<report>
				<misses>751001</misses>
				<total>2</total>
				<timestamp>262.587686</timestamp>
			</report>
			<report>
				<misses>752001</misses>
				<total>2</total>
				<timestamp>262.937324</timestamp>
			</report>
			<report>
				<misses>753001</misses>
				<total>2</total>
				<timestamp>263.287003</timestamp>
			</report>
			<report>
				<misses>754001</misses>
				<total>2</total>
				<timestamp>263.636664</timestamp>
			</report>
			<report>
				<misses>755001</misses>
				<total>2</total>
				<timestamp>263.986282</timestamp>
			</report>
			<report>
				<misses>756001</misses>
				<total>2</total>
				<timestamp>264.335950</timestamp>
			</report>
			<report>
				<misses>757001</misses>
				<total>2</total>
				<timestamp>264.685607</timestamp>
			</report>
			<report>
				<misses>758001</misses>
				<total>2</total>
				<timestamp>265.035253</timestamp>
			</report>
			<report>
				<misses>759001</misses>
				<total>2</total>
				<timestamp>265.384906</timestamp>
			</report>
			<report>
				<misses>760001</misses>
				<total>2</total>
				<timestamp>265.734523</timestamp>
			</report>
			<report>
				<misses>761001</misses>
				<total>2</total>
				<timestamp>266.084182</timestamp>
			</report>
			<report>
				<misses>762001</misses>
				<total>2</total>
				<timestamp>266.433890</timestamp>
			</report>
			<report>
				<misses>763001</misses>
				<total>2</total>
				<timestamp>266.783472</timestamp>
			</report>
			<report>
				<misses>764001</misses>
				<total>2</total>
				<timestamp>267.133125</timestamp>
			</report>
			<report>
				<misses>765001</misses>
				<total>2</total>
				<timestamp>267.482828</timestamp>
			</report>
			<report>
				<misses>766001</misses>
				<total>2</total>
				<timestamp>267.832476</timestamp>
			</report>
			<report>
				<misses>767001</misses>
				<total>2</total>
				<timestamp>268.182090</timestamp>
			</report>
			<report>
				<misses>768001</misses>
				<total>2</total>
				<timestamp>268.531786</timestamp>
			</report>
			<report>
				<misses>769001</misses>
				<total>2</total>
				<timestamp>268.881430</timestamp>
			</report>
			<report>
				<misses>770001</misses>
				<total>2</total>
				<timestamp>269.231054</timestamp>
			</report>
			<report>
				<misses>771001</misses>
				<total>2</total>
				<timestamp>269.580738</timestamp>
			</report>
			<report>
				<misses>772001</misses>
				<total>2</total>
				<timestamp>269.930358</timestamp>
			</report>
			<report>
				<misses>773001</misses>
				<total>2</total>
				<timestamp>270.280018</timestamp>
			</report>
			<report>
				<misses>774001</misses>
				<total>2</total>
				<timestamp>270.629642</timestamp>
			</report>
			<report>
				<misses>775001</misses>
				<total>2</total>
				<timestamp>270.979297</timestamp>
			</report>
			<report>
				<misses>776001</misses>
				<total>2</total>
				<timestamp>271.328943</timestamp>
			</report>
			<report>
				<misses>777001</misses>
				<total>2</total>
				<timestamp>271.678590</timestamp>
			</report>
			<report>
				<misses>778001</misses>
				<total>2</total>
				<timestamp>272.028253</timestamp>
			</report>
			<report>
				<misses>779001</misses>
				<total>2</total>
				<timestamp>272.377917</timestamp>
			</report>
			<report>
				<misses>780001</misses>
				<total>2</total>
				<timestamp>272.727535</timestamp>
			</report>
			<report>
				<misses>781001</misses>
				<total>2</total>
				<timestamp>273.077186</timestamp>
			</report>
			<report>
				<misses>782001</misses>
				<total>2</total>
				<timestamp>273.426839</timestamp>
			</report>
			<report>
				<misses>783001</misses>
				<total>2</total>
				<timestamp>273.776469</timestamp>
			</report>
			<report>
				<misses>784001</misses>
				<total>2</total>
				<timestamp>274.126139</timestamp>
			</report>
			<report>
				<misses>785001</misses>
				<total>2</total>
				<timestamp>274.475808</timestamp>
			</report>
			<report>
				<misses>786001</misses>
				<total>2</total>
				<timestamp>274.825462</timestamp>
			</report>
			<report>
				<misses>787001</misses>
				<total>2</total>
				<timestamp>275.175092</timestamp>
			</report>
			<report>
				<misses>788001</misses>
				<total>2</total>
				<timestamp>275.524803</timestamp>
			</report>
			<report>
				<misses>789001</misses>
				<total>2</total>
				<timestamp>275.874393</timestamp>
			</report>
			<report>
				<misses>790001</misses>
				<total>2</total>
				<timestamp>276.224045</timestamp>
			</report>
			<report>
				<misses>791001</misses>
				<total>2</total>
				<timestamp>276.573748</timestamp>
			</report>
			<report>
				<misses>792001</misses>
				<total>2</total>
				<timestamp>276.923388</timestamp>
			</report>
			<report>
				<misses>793001</misses>
				<total>2</total>
				<timestamp>277.272999</timestamp>
			</report>
			<report>
				<misses>794001</misses>
				<total>2</total>
				<timestamp>277.622653</timestamp>
			</report>
			<report>
				<misses>795001</misses>
				<total>2</total>
				<timestamp>277.972303</timestamp>
			</report>
			<report>
				<misses>796001</misses>
				<total>2</total>
				<timestamp>278.321930</timestamp>
			</report>
			<report>
				<misses>797001</misses>
				<total>2</total>
				<timestamp>278.671582</timestamp>
			</report>
			<report>
				<misses>798001</misses>
				<total>2</total>
				<timestamp>279.021288</timestamp>
			</report>
			<report>
				<misses>799001</misses>
				<total>2</total>
				<timestamp>279.370908</timestamp>
			</report>
			<report>
				<misses>800001</misses>
				<total>2</total>
				<timestamp>279.720542</timestamp>
			</report>
			<report>
				<misses>801001</misses>
				<total>2</total>
				<timestamp>280.070185</timestamp>
			</report>
			<report>
				<misses>802001</misses>
				<total>2</total>
				<timestamp>280.419883</timestamp>
			</report>
			<report>
				<misses>803001</misses>
				<total>2</total>
				<timestamp>280.769496</timestamp>
			</report>
			<report>
				<misses>804001</misses>
				<total>2</total>
				<timestamp>281.119136</timestamp>
			</report>
			<report>
				<misses>805001</misses>
				<total>2</total>
				<timestamp>281.468797</timestamp>
			</report>
			<report>
				<misses>806001</misses>
				<total>2</total>
				<timestamp>281.818426</timestamp>
			</report>
			<report>
				<misses>807001</misses>
				<total>2</total>
				<timestamp>282.168119</timestamp>
			</report>
			<report>
				<misses>808001</misses>
				<total>2</total>
				<timestamp>282.517776</timestamp>
			</report>
			<report>
				<misses>809001</misses>
				<total>2</total>
				<timestamp>282.867384</timestamp>
			</report>
			<report>
				<misses>810001</misses>
				<total>2</total>
				<timestamp>283.217029</timestamp>
			</report>
			<report>
				<misses>811001</misses>
				<total>2</total>
				<timestamp>283.566689</timestamp>
			</report>
			<report>
				<misses>812001</misses>
				<total>2</total>
				<timestamp>283.916330</timestamp>
			</report>
			<report>
				<misses>813001</misses>
				<total>2</total>
				<timestamp>284.265992</timestamp>
			</report>
			<report>
				<misses>814001</misses>
				<total>2</total>
				<timestamp>284.615669</timestamp>
			</report>
			<report>
				<misses>815001</misses>
				<total>2</total>
				<timestamp>284.965295</timestamp>
			</report>
			<report>
				<misses>816001</misses>
				<total>2</total>
				<timestamp>285.314925</timestamp>
			</report>
			<report>
				<misses>817001</misses>
				<total>2</total>
				<timestamp>285.664614</timestamp>
			</report>
			<report>
				<misses>818001</misses>
				<total>2</total>
				<timestamp>286.014249</timestamp>
			</report>
			<report>
				<misses>819001</misses>
				<total>2</total>
				<timestamp>286.363879</timestamp>
			</report>
			<report>
				<misses>820001</misses>
				<total>2</total>
				<timestamp>286.713537</timestamp>
			</report>
			<report>
				<misses>821001</misses>
				<total>2</total>
				<timestamp>287.063187</timestamp>
			</report>
			<report>
				<misses>822001</misses>
				<total>2</total>
				<timestamp>287.412843</timestamp>
			</report>
			<report>
				<misses>823001</misses>
				<total>2</total>
				<timestamp>287.762488</timestamp>
			</report>
			<report>
				<misses>824001</misses>
				<total>2</total>
				<timestamp>288.112147</timestamp>
			</report>
			<report>
				<misses>825001</misses>
				<total>2</total>
				<timestamp>288.461814</timestamp>
			</report>
			<report>
				<misses>826001</misses>
				<total>2</total>
				<timestamp>288.811461</timestamp>
			</report>
			<report>
				<misses>827001</misses>
				<total>2</total>
				<timestamp>289.161087</timestamp>
			</report>
			<report>
				<misses>828001</misses>
				<total>2</total>
				<timestamp>289.510780</timestamp>
			</report>
			<report>
				<misses>829001</misses>
				<total>2</total>
				<timestamp>289.860365</timestamp>
			</report>
			<report>
				<misses>830001</misses>
				<total>2</total>
				<timestamp>290.210027</timestamp>
			</report>
			<report>
				<misses>831001</misses>
				<total>2</total>
				<timestamp>290.559723</timestamp>
			</report>
			<report>
				<misses>832001</misses>
				<total>2</total>
				<timestamp>290.909340</timestamp>
			</report>
			<report>
				<misses>833001</misses>
				<total>2</total>
				<timestamp>291.259000</timestamp>
			</report>
			<report>
				<misses>834001</misses>
				<total>2</total>
				<timestamp>291.608652</timestamp>
			</report>
			<report>
				<misses>835001</misses>
				<total>2</total>
				<timestamp>291.958298</timestamp>
			</report>
			<report>
				<misses>836001</misses>
				<total>2</total>
				<timestamp>292.307918</timestamp>
			</report>
			<report>
				<misses>837001</misses>
				<total>2</total>
				<timestamp>292.657679</timestamp>
			</report>
			<report>
				<misses>838001</misses>
				<total>2</total>
				<timestamp>293.007230</timestamp>
			</report>
			<report>
				<misses>839001</misses>
				<total>2</total>
				<timestamp>293.356919</timestamp>
			</report>
			<report>
				<misses>840001</misses>
				<total>2</total>
				<timestamp>293.706543</timestamp>
			</report>
			<report>
				<misses>841001</misses>
				<total>2</total>
				<timestamp>294.056201</timestamp>
			</report>
			<report>
				<misses>842001</misses>
				<total>2</total>
				<timestamp>294.405838</timestamp>
			</report>
			<report>
				<misses>843001</misses>
				<total>2</total>
				<timestamp>294.755497</timestamp>
			</report>
			<report>
				<misses>844001</misses>
				<total>2</total>
				<timestamp>295.105132</timestamp>
			</report>
			<report>
				<misses>845001</misses>
				<total>2</total>
				<timestamp>295.454795</timestamp>
			</report>
			<report>
				<misses>846001</misses>
				<total>2</total>
				<timestamp>295.804444</timestamp>
			</report>
			<report>
				<misses>847001</misses>
				<total>2</total>
				<timestamp>296.154103</timestamp>
			</report>
			<report>
				<misses>848001</misses>
				<total>2</total>
				<timestamp>296.503776</timestamp>
			</report>
			<report>
				<misses>849001</misses>
				<total>2</total>
				<timestamp>296.853410</timestamp>
			</report>
			<report>
				<misses>850001</misses>
				<total>2</total>
				<timestamp>297.203030</timestamp>
			</report>
			<report>
				<misses>851001</misses>
				<total>2</total>
				<timestamp>297.552700</timestamp>
			</report>
			<report>
				<misses>852001</misses>
				<total>2</total>
				<timestamp>297.902331</timestamp>
			</report>
			<report>
				<misses>853001</misses>
				<total>2</total>
				<timestamp>298.251999</timestamp>
			</report>
			<report>
				<misses>854001</misses>
				<total>2</total>
				<timestamp>298.601671</timestamp>
			</report>
			<report>
				<misses>855001</misses>
				<total>2</total>
				<timestamp>298.951281</timestamp>
			</report>
			<report>
				<misses>856001</misses>
				<total>2</total>
				<timestamp>299.300936</timestamp>
			</report>
			<report>
				<misses>857001</misses>
				<total>2</total>
				<timestamp>299.650634</timestamp>
			</report>
			<report>
				<misses>858001</misses>
				<total>2</total>
				<timestamp>300.000222</timestamp>
			</report>
			<report>
				<misses>859001</misses>
				<total>2</total>
				<timestamp>300.349894</timestamp>
			</report>
			<report>
				<misses>860001</misses>
				<total>2</total>
				<timestamp>300.699591</timestamp>
			</report>
			<report>
				<misses>861001</misses>
				<total>2</total>
				<timestamp>301.049180</timestamp>
			</report>
			<report>
				<misses>862001</misses>
				<total>2</total>
				<timestamp>301.398842</timestamp>
			</report>
			<report>
				<misses>863001</misses>
				<total>2</total>
				<timestamp>301.748492</timestamp>
			</report>
			<report>
				<misses>864001</misses>
				<total>2</total>
				<timestamp>302.098131</timestamp>
			</report>
			<report>
				<misses>865001</misses>
				<total>2</total>
				<timestamp>302.447790</timestamp>
			</report>
			<report>
				<misses>866001</misses>
				<total>2</total>
				<timestamp>302.797435</timestamp>
			</report>
			<report>
				<misses>867001</misses>
				<total>2</total>
				<timestamp>303.147091</timestamp>
			</report>
			<report>
				<misses>868001</misses>
				<total>2</total>
				<timestamp>303.496768</timestamp>
			</report>
			<report>
				<misses>869001</misses>
				<total>2</total>
				<timestamp>303.846407</timestamp>
			</report>
			<report>
				<misses>870001</misses>
				<total>2</total>
				<timestamp>304.196041</timestamp>
			</report>
			<report>
				<misses>871001</misses>
				<total>2</total>
				<timestamp>304.545763</timestamp>
			</report>
			<report>
				<misses>872001</misses>
				<total>2</total>
				<timestamp>304.895323</timestamp>
			</report>
			<report>
				<misses>873001</misses>
				<total>2</total>
				<timestamp>305.245004</timestamp>
			</report>
			<report>
				<misses>874001</misses>
				<total>2</total>
				<timestamp>305.594658</timestamp>
			</report>
			<report>
				<misses>875001</misses>
				<total>2</total>
				<timestamp>305.944290</timestamp>
			</report>
			<report>
				<misses>876001</misses>
				<total>2</total>
				<timestamp>306.293941</timestamp>
			</report>
			<report>
				<misses>877001</misses>
				<total>2</total>
				<timestamp>306.643599</timestamp>
			</report>
			<report>
				<misses>878001</misses>
				<total>2</total>
				<timestamp>306.993233</timestamp>
			</report>
			<report>
				<misses>879001</misses>
				<total>2</total>
				<timestamp>307.342876</timestamp>
			</report>
			<report>
				<misses>880001</misses>
				<total>2</total>
				<timestamp>307.692614</timestamp>
			</report>
			<report>
				<misses>881001</misses>
				<total>2</total>
				<timestamp>308.042173</timestamp>
			</report>
			<report>
				<misses>882001</misses>
				<total>2</total>
				<timestamp>308.391867</timestamp>
			</report>
			<report>
				<misses>883001</misses>
				<total>2</total>
				<timestamp>308.741485</timestamp>
			</report>
			<report>
				<misses>884001</misses>
				<total>2</total>
				<timestamp>309.091128</timestamp>
			</report>
			<report>
				<misses>885001</misses>
				<total>2</total>
				<timestamp>309.440772</timestamp>
			</report>
			<report>
				<misses>886001</misses>
				<total>2</total>
				<timestamp>309.790470</timestamp>
			</report>
			<report>
				<misses>887001</misses>
				<total>2</total>
				<timestamp>310.140113</timestamp>
			</report>
			<report>
				<misses>888001</misses>
				<total>2</total>
				<timestamp>310.489748</timestamp>
			</report>
			<report>
				<misses>889001</misses>
				<total>2</total>
				<timestamp>310.839387</timestamp>
			</report>
			<report>
				<misses>890001</misses>
				<total>2</total>
				<timestamp>311.189040</timestamp>
			</report>
			<report>
				<misses>891001</misses>
				<total>2</total>
				<timestamp>311.538709</timestamp>
			</report>
			<report>
				<misses>892001</misses>
				<total>2</total>
				<timestamp>311.888324</timestamp>
			</report>
			<report>
				<misses>893001</misses>
				<total>2</total>
				<timestamp>312.237979</timestamp>
			</report>
			<report>
				<misses>894001</misses>
				<total>2</total>
				<timestamp>312.587726</timestamp>
			</report>
			<report>
				<misses>895001</misses>
				<total>2</total>
				<timestamp>312.937282</timestamp>
			</report>
			<report>
				<misses>896001</misses>
				<total>2</total>
				<timestamp>313.286948</timestamp>
			</report>
			<report>
				<misses>897001</misses>
				<total>2</total>
				<timestamp>313.636591</timestamp>
			</report>
			<report>
				<misses>898001</misses>
				<total>2</total>
				<timestamp>313.986254</timestamp>
			</report>
			<report>
				<misses>899001</misses>
				<total>2</total>
				<timestamp>314.335881</timestamp>
			</report>
			<report>
				<misses>900001</misses>
				<total>2</total>
				<timestamp>314.685563</timestamp>
			</report>
			<report>
				<misses>901001</misses>
				<total>2</total>
				<timestamp>315.035239</timestamp>
			</report>
			<report>
				<misses>902001</misses>
				<total>2</total>
				<timestamp>315.384845</timestamp>
			</report>
			<report>
				<misses>903001</misses>
				<total>2</total>
				<timestamp>315.734558</timestamp>
			</report>
			<report>
				<misses>904001</misses>
				<total>2</total>
				<timestamp>316.084170</timestamp>
			</report>
			<report>
				<misses>905001</misses>
				<total>2</total>
				<timestamp>316.433775</timestamp>
			</report>
			<report>
				<misses>906001</misses>
				<total>2</total>
				<timestamp>316.783447</timestamp>
			</report>
			<report>
				<misses>907001</misses>
				<total>2</total>
				<timestamp>317.133123</timestamp>
			</report>
			<report>
				<misses>908001</misses>
				<total>2</total>
				<timestamp>317.482730</timestamp>
			</report>
			<report>
				<misses>909001</misses>
				<total>2</total>
				<timestamp>317.832395</timestamp>
			</report>
			<report>
				<misses>910001</misses>
				<total>2</total>
				<timestamp>318.182038</timestamp>
			</report>
			<report>
				<misses>911001</misses>
				<total>2</total>
				<timestamp>318.531681</timestamp>
			</report>
			<report>
				<misses>912001</misses>
				<total>2</total>
				<timestamp>318.881323</timestamp>
			</report>
			<report>
				<misses>913001</misses>
				<total>2</total>
				<timestamp>319.230988</timestamp>
			</report>
			<report>
				<misses>914001</misses>
				<total>2</total>
				<timestamp>319.580647</timestamp>
			</report>
			<report>
				<misses>915001</misses>
				<total>2</total>
				<timestamp>319.930310</timestamp>
			</report>
			<report>
				<misses>916001</misses>
				<total>2</total>
				<timestamp>320.279966</timestamp>
			</report>
			<report>
				<misses>917001</misses>
				<total>2</total>
				<timestamp>320.629662</timestamp>
			</report>
			<report>
				<misses>918001</misses>
				<total>2</total>
				<timestamp>320.979231</timestamp>
			</report>
			<report>
				<misses>919001</misses>
				<total>2</total>
				<timestamp>321.328876</timestamp>
			</report>
			<report>
				<misses>920001</misses>
				<total>2</total>
				<timestamp>321.678549</timestamp>
			</report>
			<report>
				<misses>921001</misses>
				<total>2</total>
				<timestamp>322.028195</timestamp>
			</report>
			<report>
				<misses>922001</misses>
				<total>2</total>
				<timestamp>322.377819</timestamp>
			</report>
			<report>
				<misses>923001</misses>
				<total>2</total>
				<timestamp>322.727517</timestamp>
			</report>
			<report>
				<misses>924001</misses>
				<total>2</total>
				<timestamp>323.077156</timestamp>
			</report>
			<report>
				<misses>925001</misses>
				<total>2</total>
				<timestamp>323.426784</timestamp>
			</report>
			<report>
				<misses>926001</misses>
				<total>2</total>
				<timestamp>323.776471</timestamp>
			</report>
			<report>
				<misses>927001</misses>
				<total>2</total>
				<timestamp>324.126141</timestamp>
			</report>
			<report>
				<misses>928001</misses>
				<total>2</total>
				<timestamp>324.475734</timestamp>
			</report>
			<report>
				<misses>929001</misses>
				<total>2</total>
				<timestamp>324.825397</timestamp>
			</report>
			<report>
				<misses>930001</misses>
				<total>2</total>
				<timestamp>325.175058</timestamp>
			</report>
			<report>
				<misses>931001</misses>
				<total>2</total>
				<timestamp>325.524735</timestamp>
			</report>
			<report>
				<misses>932001</misses>
				<total>2</total>
				<timestamp>325.874338</timestamp>
			</report>
			<report>
				<misses>933001</misses>
				<total>2</total>
				<timestamp>326.223978</timestamp>
			</report>
			<report>
				<misses>934001</misses>
				<total>2</total>
				<timestamp>326.573644</timestamp>
			</report>
			<report>
				<misses>935001</misses>
				<total>2</total>
				<timestamp>326.923300</timestamp>
			</report>
			<report>
				<misses>936001</misses>
				<total>2</total>
				<timestamp>327.272921</timestamp>
			</report>
			<report>
				<misses>937001</misses>
				<total>2</total>
				<timestamp>327.622614</timestamp>
			</report>
			<report>
				<misses>938001</misses>
				<total>2</total>
				<timestamp>327.972227</timestamp>
			</report>
			<report>
				<misses>939001</misses>
				<total>2</total>
				<timestamp>328.321943</timestamp>
			</report>
			<report>
				<misses>940001</misses>
				<total>2</total>
				<timestamp>328.671602</timestamp>
			</report>
			<report>
				<misses>941001</misses>
				<total>2</total>
				<timestamp>329.021236</timestamp>
			</report>
			<report>
				<misses>942001</misses>
				<total>2</total>
				<timestamp>329.370855</timestamp>
			</report>
			<report>
				<misses>943001</misses>
				<total>2</total>
				<timestamp>329.720508</timestamp>
			</report>
			<report>
				<misses>944001</misses>
				<total>2</total>
				<timestamp>330.070143</timestamp>
			</report>
			<report>
				<misses>945001</misses>
				<total>2</total>
				<timestamp>330.419788</timestamp>
			</report>
			<report>
				<misses>946001</misses>
				<total>2</total>
				<timestamp>330.769452</timestamp>
			</report>
			<report>
				<misses>947001</misses>
				<total>2</total>
				<timestamp>331.119081</timestamp>
			</report>
			<report>
				<misses>948001</misses>
				<total>2</total>
				<timestamp>331.468783</timestamp>
			</report>
			<report>
				<misses>949001</misses>
				<total>2</total>
				<timestamp>331.818413</timestamp>
			</report>
			<report>
				<misses>950001</misses>
				<total>2</total>
				<timestamp>332.168063</timestamp>
			</report>
			<report>
				<misses>951001</misses>
				<total>2</total>
				<timestamp>332.517694</timestamp>
			</report>
			<report>
				<misses>952001</misses>
				<total>2</total>
				<timestamp>332.867342</timestamp>
			</report>
			<report>
				<misses>953001</misses>
				<total>2</total>
				<timestamp>333.216990</timestamp>
			</report>
			<report>
				<misses>954001</misses>
				<total>2</total>
				<timestamp>333.566634</timestamp>
			</report>
			<report>
				<misses>955001</misses>
				<total>2</total>
				<timestamp>333.916320</timestamp>
			</report>
			<report>
				<misses>956001</misses>
				<total>2</total>
				<timestamp>334.265932</timestamp>
			</report>
			<report>
				<misses>957001</misses>
				<total>2</total>
				<timestamp>334.615587</timestamp>
			</report>
			<report>
				<misses>958001</misses>
				<total>2</total>
				<timestamp>334.965256</timestamp>
			</report>
			<report>
				<misses>959001</misses>
				<total>2</total>
				<timestamp>335.314896</timestamp>
			</report>
			<report>
				<misses>960001</misses>
				<total>2</total>
				<timestamp>335.664575</timestamp>
			</report>
			<report>
				<misses>961001</misses>
				<total>2</total>
				<timestamp>336.014234</timestamp>
			</report>
			<report>
				<misses>962001</misses>
				<total>2</total>
				<timestamp>336.363847</timestamp>
			</report>
			<report>
				<misses>963001</misses>
				<total>2</total>
				<timestamp>336.713521</timestamp>
			</report>
			<report>
				<misses>964001</misses>
				<total>2</total>
				<timestamp>337.063154</timestamp>
			</report>
			<report>
				<misses>965001</misses>
				<total>2</total>
				<timestamp>337.412780</timestamp>
			</report>
			<report>
				<misses>966001</misses>
				<total>2</total>
				<timestamp>337.762459</timestamp>
			</report>
			<report>
				<misses>967001</misses>
				<total>2</total>
				<timestamp>338.112125</timestamp>
			</report>
			<report>
				<misses>968001</misses>
				<total>2</total>
				<timestamp>338.461740</timestamp>
			</report>
			<report>
				<misses>969001</misses>
				<total>2</total>
				<timestamp>338.811386</timestamp>
			</report>
			<report>
				<misses>970001</misses>
				<total>2</total>
				<timestamp>339.161043</timestamp>
			</report>
			<report>
				<misses>971001</misses>
				<total>2</total>
				<timestamp>339.510696</timestamp>
			</report>
			<report>
				<misses>972001</misses>
				<total>2</total>
				<timestamp>339.860413</timestamp>
			</report>
			<report>
				<misses>973001</misses>
				<total>2</total>
				<timestamp>340.209992</timestamp>
			</report>
			<report>
				<misses>974001</misses>
				<total>2</total>
				<timestamp>340.559628</timestamp>
			</report>
			<report>
				<misses>975001</misses>
				<total>2</total>
				<timestamp>340.909321</timestamp>
			</report>
			<report>
				<misses>976001</misses>
				<total>2</total>
				<timestamp>341.258926</timestamp>
			</report>
			<report>
				<misses>977001</misses>
				<total>2</total>
				<timestamp>341.608575</timestamp>
			</report>
			<report>
				<misses>978001</misses>
				<total>2</total>
				<timestamp>341.958236</timestamp>
			</report>
			<report>
				<misses>979001</misses>
				<total>2</total>
				<timestamp>342.307888</timestamp>
			</report>
			<report>
				<misses>980001</misses>
				<total>2</total>
				<timestamp>342.657528</timestamp>
			</report>
			<report>
				<misses>981001</misses>
				<total>2</total>
				<timestamp>343.007201</timestamp>
			</report>
			<report>
				<misses>982001</misses>
				<total>2</total>
				<timestamp>343.356829</timestamp>
			</report>
			<report>
				<misses>983001</misses>
				<total>2</total>
				<timestamp>343.706516</timestamp>
			</report>
			<report>
				<misses>984001</misses>
				<total>2</total>
				<timestamp>344.056123</timestamp>
			</report>
			<report>
				<misses>985001</misses>
				<total>2</total>
				<timestamp>344.405785</timestamp>
			</report>
			<report>
				<misses>986001</misses>
				<total>2</total>
				<timestamp>344.755499</timestamp>
			</report>
			<report>
				<misses>987001</misses>
				<total>2</total>
				<timestamp>345.105092</timestamp>
			</report>
			<report>
				<misses>988001</misses>
				<total>2</total>
				<timestamp>345.454720</timestamp>
			</report>
			<report>
				<misses>989001</misses>
				<total>2</total>
				<timestamp>345.804407</timestamp>
			</report>
			<report>
				<misses>990001</misses>
				<total>2</total>
				<timestamp>346.154047</timestamp>
			</report>
			<report>
				<misses>991001</misses>
				<total>2</total>
				<timestamp>346.503673</timestamp>
			</report>
			<report>
				<misses>992001</misses>
				<total>2</total>
				<timestamp>346.853341</timestamp>
			</report>
			<report>
				<misses>993001</misses>
				<total>2</total>
				<timestamp>347.202986</timestamp>
			</report>
			<report>
				<misses>994001</misses>
				<total>2</total>
				<timestamp>347.552632</timestamp>
			</report>
			<report>
				<misses>995001</misses>
				<total>2</total>
				<timestamp>347.902357</timestamp>
			</report>
			<report>
				<misses>996001</misses>
				<total>2</total>
				<timestamp>348.251950</timestamp>
			</report>
			<report>
				<misses>997001</misses>
				<total>2</total>
				<timestamp>348.601591</timestamp>
			</report>
			<report>
				<misses>998001</misses>
				<total>2</total>
				<timestamp>348.951258</timestamp>
			</report>
			<report>
				<misses>999001</misses>
				<total>2</total>
				<timestamp>349.300885</timestamp>
			</report>
			<report>
				<misses>1000001</misses>
				<total>2</total>
				<timestamp>349.650528</timestamp>
			</report>
			<report>
				<misses>1001001</misses>
				<total>2</total>
				<timestamp>350.000249</timestamp>
			</report>
			<report>
				<misses>1002001</misses>
				<total>2</total>
				<timestamp>350.349830</timestamp>
			</report>
			<report>
				<misses>1003001</misses>
				<total>2</total>
				<timestamp>350.699485</timestamp>
			</report>
			<report>
				<misses>1004001</misses>
				<total>2</total>
				<timestamp>351.049147</timestamp>
			</report>
			<report>
				<misses>1005001</misses>
				<total>2</total>
				<timestamp>351.398845</timestamp>
			</report>
			<report>
				<misses>1006001</misses>
				<total>2</total>
				<timestamp>351.748504</timestamp>
			</report>
			<report>
				<misses>1007001</misses>
				<total>2</total>
				<timestamp>352.098103</timestamp>
			</report>
			<report>
				<misses>1008001</misses>
				<total>2</total>
				<timestamp>352.447740</timestamp>
			</report>
			<report>
				<misses>1009001</misses>
				<total>2</total>
				<timestamp>352.797416</timestamp>
			</report>
			<report>
				<misses>1010001</misses>
				<total>2</total>
				<timestamp>353.147035</timestamp>
			</report>
			<report>
				<misses>1011001</misses>
				<total>2</total>
				<timestamp>353.496683</timestamp>
			</report>
			<report>
				<misses>1012001</misses>
				<total>2</total>
				<timestamp>353.846375</timestamp>
			</report>
			<report>
				<misses>1013001</misses>
				<total>2</total>
				<timestamp>354.196010</timestamp>
			</report>
			<report>
				<misses>1014001</misses>
				<total>2</total>
				<timestamp>354.545634</timestamp>
			</report>
			<report>
				<misses>1015001</misses>
				<total>2</total>
				<timestamp>354.895318</timestamp>
			</report>
			<report>
				<misses>1016001</misses>
				<total>2</total>
				<timestamp>355.244945</timestamp>
			</report>
			<report>
				<misses>1017001</misses>
				<total>2</total>
				<timestamp>355.594600</timestamp>
			</report>
			<report>
				<misses>1018001</misses>
				<total>2</total>
				<timestamp>355.944278</timestamp>
			</report>
			<report>
				<misses>1019001</misses>
				<total>2</total>
				<timestamp>356.293890</timestamp>
			</report>
			<report>
				<misses>1020001</misses>
				<total>2</total>
				<timestamp>356.643532</timestamp>
			</report>
			<report>
				<misses>1021001</misses>
				<total>2</total>
				<timestamp>356.993196</timestamp>
			</report>
			<report>
				<misses>1022001</misses>
				<total>2</total>
				<timestamp>357.342849</timestamp>
			</report>
			<report>
				<misses>1023001</misses>
				<total>2</total>
				<timestamp>357.692507</timestamp>
			</report>
			<report>
				<misses>1024001</misses>
				<total>2</total>
				<timestamp>358.042162</timestamp>
			</report>
			<report>
				<misses>1025001</misses>
				<total>2</total>
				<timestamp>358.391778</timestamp>
			</report>
			<report>
				<misses>1026001</misses>
				<total>2</total>
				<timestamp>358.741446</timestamp>
			</report>
			<report>
				<misses>1027001</misses>
				<total>2</total>
				<timestamp>359.091127</timestamp>
			</report>
			<report>
				<misses>1028001</misses>
				<total>2</total>
				<timestamp>359.440731</timestamp>
			</report>
			<report>
				<misses>1029001</misses>
				<total>2</total>
				<timestamp>359.790418</timestamp>
			</report>
			<report>
				<misses>1030001</misses>
				<total>2</total>
				<timestamp>360.140062</timestamp>
			</report>
			<report>
				<misses>1031001</misses>
				<total>2</total>
				<timestamp>360.489692</timestamp>
			</report>
			<report>
				<misses>1032001</misses>
				<total>2</total>
				<timestamp>360.839374</timestamp>
			</report>
			<report>
				<misses>1033001</misses>
				<total>2</total>
				<timestamp>361.189027</timestamp>
			</report>
			<report>
				<misses>1034001</misses>
				<total>2</total>
				<timestamp>361.538638</timestamp>
			</report>
			<report>
				<misses>1035001</misses>
				<total>2</total>
				<timestamp>361.888298</timestamp>
			</report>
			<report>
				<misses>1036001</misses>
				<total>2</total>
				<timestamp>362.237969</timestamp>
			</report>
			<report>
				<misses>1037001</misses>
				<total>2</total>
				<timestamp>362.587608</timestamp>
			</report>
			<report>
				<misses>1038001</misses>
				<total>2</total>
				<timestamp>362.937234</timestamp>
			</report>
			<report>
				<misses>1039001</misses>
				<total>2</total>
				<timestamp>363.286918</timestamp>
			</report>
			<report>
				<misses>1040001</misses>
				<total>2</total>
				<timestamp>363.636535</timestamp>
			</report>
			<report>
				<misses>1041001</misses>
				<total>2</total>
				<timestamp>363.986240</timestamp>
			</report>
			<report>
				<misses>1042001</misses>
				<total>2</total>
				<timestamp>364.335831</timestamp>
			</report>
			<report>
				<misses>1043001</misses>
				<total>2</total>
				<timestamp>364.685483</timestamp>
			</report>
			<report>
				<misses>1044001</misses>
				<total>2</total>
				<timestamp>365.035191</timestamp>
			</report>
			<report>
				<misses>1045001</misses>
				<total>2</total>
				<timestamp>365.384779</timestamp>
			</report>
			<report>
				<misses>1046001</misses>
				<total>2</total>
				<timestamp>365.734467</timestamp>
			</report>
			<report>
				<misses>1047001</misses>
				<total>2</total>
				<timestamp>366.084113</timestamp>
			</report>
			<report>
				<misses>1048001</misses>
				<total>2</total>
				<timestamp>366.433736</timestamp>
			</report>
			<report>
				<misses>1049001</misses>
				<total>2</total>
				<timestamp>366.783447</timestamp>
			</report>
			<report>
				<misses>1050001</misses>
				<total>2</total>
				<timestamp>367.133057</timestamp>
			</report>
			<report>
				<misses>1051001</misses>
				<total>2</total>
				<timestamp>367.482690</timestamp>
			</report>
			<report>
				<misses>1052001</misses>
				<total>2</total>
				<timestamp>367.832397</timestamp>
			</report>
			<report>
				<misses>1053001</misses>
				<total>2</total>
				<timestamp>368.181999</timestamp>
			</report>
			<report>
				<misses>1054001</misses>
				<total>2</total>
				<timestamp>368.531649</timestamp>
			</report>
			<report>
				<misses>1055001</misses>
				<total>2</total>
				<timestamp>368.881325</timestamp>
			</report>
			<report>
				<misses>1056001</misses>
				<total>2</total>
				<timestamp>369.230968</timestamp>
			</report>
			<report>
				<misses>1057001</misses>
				<total>2</total>
				<timestamp>369.580591</timestamp>
			</report>
			<report>
				<misses>1058001</misses>
				<total>2</total>
				<timestamp>369.930310</timestamp>
			</report>
			<report>
				<misses>1059001</misses>
				<total>2</total>
				<timestamp>370.279941</timestamp>
			</report>
			<report>
				<misses>1060001</misses>
				<total>2</total>
				<timestamp>370.629546</timestamp>
			</report>
			<report>
				<misses>1061001</misses>
				<total>2</total>
				<timestamp>370.979211</timestamp>
			</report>
			<report>
				<misses>1062001</misses>
				<total>2</total>
				<timestamp>371.328824</timestamp>
			</report>
			<report>
				<misses>1063001</misses>
				<total>2</total>
				<timestamp>371.678474</timestamp>
			</report>
			<report>
				<misses>1064001</misses>
				<total>2</total>
				<timestamp>372.028226</timestamp>
			</report>
			<report>
				<misses>1065001</misses>
				<total>2</total>
				<timestamp>372.377784</timestamp>
			</report>
			<report>
				<misses>1066001</misses>
				<total>2</total>
				<timestamp>372.727463</timestamp>
			</report>
			<report>
				<misses>1067001</misses>
				<total>2</total>
				<timestamp>373.077119</timestamp>
			</report>
			<report>
				<misses>1068001</misses>
				<total>2</total>
				<timestamp>373.426730</timestamp>
			</report>
			<report>
				<misses>1069001</misses>
				<total>2</total>
				<timestamp>373.776405</timestamp>
			</report>
			<report>
				<misses>1070001</misses>
				<total>2</total>
				<timestamp>374.126052</timestamp>
			</report>
			<report>
				<misses>1071001</misses>
				<total>2</total>
				<timestamp>374.475691</timestamp>
			</report>
			<report>
				<misses>1072001</misses>
				<total>2</total>
				<timestamp>374.825333</timestamp>
			</report>
			<report>
				<misses>1073001</misses>
				<total>2</total>
				<timestamp>375.175053</timestamp>
			</report>
			<report>
				<misses>1074001</misses>
				<total>2</total>
				<timestamp>375.524641</timestamp>
			</report>
			<report>
				<misses>1075001</misses>
				<total>2</total>
				<timestamp>375.874327</timestamp>
			</report>
			<report>
				<misses>1076001</misses>
				<total>2</total>
				<timestamp>376.223981</timestamp>
			</report>
			<report>
				<misses>1077001</misses>
				<total>2</total>
				<timestamp>376.573614</timestamp>
			</report>
			<report>
				<misses>1078001</misses>
				<total>2</total>
				<timestamp>376.923266</timestamp>
			</report>
			<report>
				<misses>1079001</misses>
				<total>2</total>
				<timestamp>377.272931</timestamp>
			</report>
			<report>
				<misses>1080001</misses>
				<total>2</total>
				<timestamp>377.622543</timestamp>
			</report>
			<report>
				<misses>1081001</misses>
				<total>2</total>
				<timestamp>377.972194</timestamp>
			</report>
			<report>
				<misses>1082001</misses>
				<total>2</total>
				<timestamp>378.321842</timestamp>
			</report>
			<report>
				<misses>1083001</misses>
				<total>2</total>
				<timestamp>378.671484</timestamp>
			</report>
			<report>
				<misses>1084001</misses>
				<total>2</total>
				<timestamp>379.021129</timestamp>
			</report>
			<report>
				<misses>1085001</misses>
				<total>2</total>
				<timestamp>379.370786</timestamp>
			</report>
			<report>
				<misses>1086001</misses>
				<total>2</total>
				<timestamp>379.720428</timestamp>
			</report>
			<report>
				<misses>1087001</misses>
				<total>2</total>
				<timestamp>380.070111</timestamp>
			</report>
			<report>
				<misses>1088001</misses>
				<total>2</total>
				<timestamp>380.419718</timestamp>
			</report>
			<report>
				<misses>1089001</misses>
				<total>2</total>
				<timestamp>380.769425</timestamp>
			</report>
			<report>
				<misses>1090001</misses>
				<total>2</total>
				<timestamp>381.119046</timestamp>
			</report>
			<report>
				<misses>1091001</misses>
				<total>2</total>
				<timestamp>381.468683</timestamp>
			</report>
			<report>
				<misses>1092001</misses>
				<total>2</total>
				<timestamp>381.818363</timestamp>
			</report>
			<report>
				<misses>1093001</misses>
				<total>2</total>
				<timestamp>382.168007</timestamp>
			</report>
			<report>
				<misses>1094001</misses>
				<total>2</total>
				<timestamp>382.517644</timestamp>
			</report>
			<report>
				<misses>1095001</misses>
				<total>2</total>
				<timestamp>382.867281</timestamp>
			</report>
			<report>
				<misses>1096001</misses>
				<total>2</total>
				<timestamp>383.216931</timestamp>
			</report>
			<report>
				<misses>1097001</misses>
				<total>2</total>
				<timestamp>383.566572</timestamp>
			</report>
			<report>
				<misses>1098001</misses>
				<total>2</total>
				<timestamp>383.916232</timestamp>
			</report>
			<report>
				<misses>1099001</misses>
				<total>2</total>
				<timestamp>384.265903</timestamp>
			</report>
			<report>
				<misses>1100001</misses>
				<total>2</total>
				<timestamp>384.615537</timestamp>
			</report>
			<report>
				<misses>1101001</misses>
				<total>2</total>
				<timestamp>384.965238</timestamp>
			</report>
			<report>
				<misses>1102001</misses>
				<total>2</total>
				<timestamp>385.314872</timestamp>
			</report>
			<report>
				<misses>1103001</misses>
				<total>2</total>
				<timestamp>385.664477</timestamp>
			</report>
			<report>
				<misses>1104001</misses>
				<total>2</total>
				<timestamp>386.014182</timestamp>
			</report>
			<report>
				<misses>1105001</misses>
				<total>2</total>
				<timestamp>386.363788</timestamp>
			</report>
			<report>
				<misses>1106001</misses>
				<total>2</total>
				<timestamp>386.713452</timestamp>
			</report>
			<report>
				<misses>1107001</misses>
				<total>2</total>
				<timestamp>387.063154</timestamp>
			</report>
			<report>
				<misses>1108001</misses>
				<total>2</total>
				<timestamp>387.412745</timestamp>
			</report>
			<report>
				<misses>1109001</misses>
				<total>2</total>
				<timestamp>387.762396</timestamp>
			</report>
			<report>
				<misses>1110001</misses>
				<total>2</total>
				<timestamp>388.112138</timestamp>
			</report>
			<report>
				<misses>1111001</misses>
				<total>2</total>
				<timestamp>388.461721</timestamp>
			</report>
			<report>
				<misses>1112001</misses>
				<total>2</total>
				<timestamp>388.811322</timestamp>
			</report>
			<report>
				<misses>1113001</misses>
				<total>2</total>
				<timestamp>389.161002</timestamp>
			</report>
			<report>
				<misses>1114001</misses>
				<total>2</total>
				<timestamp>389.510648</timestamp>
			</report>
			<report>
				<misses>1115001</misses>
				<total>2</total>
				<timestamp>389.860287</timestamp>
			</report>
			<report>
				<misses>1116001</misses>
				<total>2</total>
				<timestamp>390.209996</timestamp>
			</report>
			<report>
				<misses>1117001</misses>
				<total>2</total>
				<timestamp>390.559577</timestamp>
			</report>
			<report>
				<misses>1118001</misses>
				<total>2</total>
				<timestamp>390.909220</timestamp>
			</report>
			<report>
				<misses>1119001</misses>
				<total>2</total>
				<timestamp>391.258900</timestamp>
			</report>
			<report>
				<misses>1120001</misses>
				<total>2</total>
				<timestamp>391.608534</timestamp>
			</report>
			<report>
				<misses>1121001</misses>
				<total>2</total>
				<timestamp>391.958209</timestamp>
			</report>
			<report>
				<misses>1122001</misses>
				<total>2</total>
				<timestamp>392.307851</timestamp>
			</report>
			<report>
				<misses>1123001</misses>
				<total>2</total>
				<timestamp>392.657488</timestamp>
			</report>
			<report>
				<misses>1124001</misses>
				<total>2</total>
				<timestamp>393.007177</timestamp>
			</report>
			<report>
				<misses>1125001</misses>
				<total>2</total>
				<timestamp>393.356809</timestamp>
			</report>
			<report>
				<misses>1126001</misses>
				<total>2</total>
				<timestamp>393.706433</timestamp>
			</report>
			<report>
				<misses>1127001</misses>
				<total>2</total>
				<timestamp>394.056110</timestamp>
			</report>
			<report>
				<misses>1128001</misses>
				<total>2</total>
				<timestamp>394.405776</timestamp>
			</report>
			<report>
				<misses>1129001</misses>
				<total>2</total>
				<timestamp>394.755385</timestamp>
			</report>
			<report>
				<misses>1130001</misses>
				<total>2</total>
				<timestamp>395.105052</timestamp>
			</report>
			<report>
				<misses>1131001</misses>
				<total>2</total>
				<timestamp>395.454693</timestamp>
			</report>
			<report>
				<misses>1132001</misses>
				<total>2</total>
				<timestamp>395.804325</timestamp>
			</report>
			<report>
				<misses>1133001</misses>
				<total>2</total>
				<timestamp>396.154029</timestamp>
			</report>
			<report>
				<misses>1134001</misses>
				<total>2</total>
				<timestamp>396.503627</timestamp>
			</report>
			<report>
				<misses>1135001</misses>
				<total>2</total>
				<timestamp>396.853275</timestamp>
			</report>
			<report>
				<misses>1136001</misses>
				<total>2</total>
				<timestamp>397.202957</timestamp>
			</report>
			<report>
				<misses>1137001</misses>
				<total>2</total>
				<timestamp>397.552597</timestamp>
			</report>
			<report>
				<misses>1138001</misses>
				<total>2</total>
				<timestamp>397.902235</timestamp>
			</report>
			<report>
				<misses>1139001</misses>
				<total>2</total>
				<timestamp>398.251912</timestamp>
			</report>
			<report>
				<misses>1140001</misses>
				<total>2</total>
				<timestamp>398.601523</timestamp>
			</report>
			<report>
				<misses>1141001</misses>
				<total>2</total>
				<timestamp>398.951211</timestamp>
			</report>
			<report>
				<misses>1142001</misses>
				<total>2</total>
				<timestamp>399.300839</timestamp>
			</report>
			<report>
				<misses>1143001</misses>
				<total>2</total>
				<timestamp>399.650467</timestamp>
			</report>
			<report>
				<misses>1144001</misses>
				<total>2</total>
				<timestamp>400.000138</timestamp>
			</report>
			<report>
				<misses>1145001</misses>
				<total>2</total>
				<timestamp>400.349809</timestamp>
			</report>
			<report>
				<misses>1146001</misses>
				<total>2</total>
				<timestamp>400.699446</timestamp>
			</report>
			<report>
				<misses>1147001</misses>
				<total>2</total>
				<timestamp>401.049112</timestamp>
			</report>
			<report>
				<misses>1148001</misses>
				<total>2</total>
				<timestamp>401.398761</timestamp>
			</report>
			<report>
				<misses>1149001</misses>
				<total>2</total>
				<timestamp>401.748391</timestamp>
			</report>
			<report>
				<misses>1150001</misses>
				<total>2</total>
				<timestamp>402.098071</timestamp>
			</report>
			<report>
				<misses>1151001</misses>
				<total>2</total>
				<timestamp>402.447690</timestamp>
			</report>
			<report>
				<misses>1152001</misses>
				<total>2</total>
				<timestamp>402.797339</timestamp>
			</report>
			<report>
				<misses>1153001</misses>
				<total>2</total>
				<timestamp>403.146992</timestamp>
			</report>
			<report>
				<misses>1154001</misses>
				<total>2</total>
				<timestamp>403.496644</timestamp>
			</report>
			<report>
				<misses>1155001</misses>
				<total>2</total>
				<timestamp>403.846291</timestamp>
			</report>
			<report>
				<misses>1156001</misses>
				<total>2</total>
				<timestamp>404.195960</timestamp>
			</report>
			<report>
				<misses>1157001</misses>
				<total>2</total>
				<timestamp>404.545582</timestamp>
			</report>
			<report>
				<misses>1158001</misses>
				<total>2</total>
				<timestamp>404.895243</timestamp>
			</report>
			<report>
				<misses>1159001</misses>
				<total>2</total>
				<timestamp>405.244959</timestamp>
			</report>
			<report>
				<misses>1160001</misses>
				<total>2</total>
				<timestamp>405.594549</timestamp>
			</report>
			<report>
				<misses>1161001</misses>
				<total>2</total>
				<timestamp>405.944172</timestamp>
			</report>
			<report>
				<misses>1162001</misses>
				<total>2</total>
				<timestamp>406.293851</timestamp>
			</report>
			<report>
				<misses>1163001</misses>
				<total>2</total>
				<timestamp>406.643493</timestamp>
			</report>
			<report>
				<misses>1164001</misses>
				<total>2</total>
				<timestamp>406.993188</timestamp>
			</report>
			<report>
				<misses>1165001</misses>
				<total>2</total>
				<timestamp>407.342803</timestamp>
			</report>
			<report>
				<misses>1166001</misses>
				<total>2</total>
				<timestamp>407.692452</timestamp>
			</report>
			<report>
				<misses>1167001</misses>
				<total>2</total>
				<timestamp>408.042101</timestamp>
			</report>
			<report>
				<misses>1168001</misses>
				<total>2</total>
				<timestamp>408.391780</timestamp>
			</report>
			<report>
				<misses>1169001</misses>
				<total>2</total>
				<timestamp>408.741400</timestamp>
			</report>
			<report>
				<misses>1170001</misses>
				<total>2</total>
				<timestamp>409.091090</timestamp>
			</report>
			<report>
				<misses>1171001</misses>
				<total>2</total>
				<timestamp>409.440708</timestamp>
			</report>
			<report>
				<misses>1172001</misses>
				<total>2</total>
				<timestamp>409.790355</timestamp>
			</report>
			<report>
				<misses>1173001</misses>
				<total>2</total>
				<timestamp>410.139984</timestamp>
			</report>
			<report>
				<misses>1174001</misses>
				<total>2</total>
				<timestamp>410.489666</timestamp>
			</report>
			<report>
				<misses>1175001</misses>
				<total>2</total>
				<timestamp>410.839287</timestamp>
			</report>
			<report>
				<misses>1176001</misses>
				<total>2</total>
				<timestamp>411.188952</timestamp>
			</report>
			<report>
				<misses>1177001</misses>
				<total>2</total>
				<timestamp>411.538622</timestamp>
			</report>
			<report>
				<misses>1178001</misses>
				<total>2</total>
				<timestamp>411.888245</timestamp>
			</report>
			<report>
				<misses>1179001</misses>
				<total>2</total>
				<timestamp>412.237970</timestamp>
			</report>
			<report>
				<misses>1180001</misses>
				<total>2</total>
				<timestamp>412.587528</timestamp>
			</report>
			<report>
				<misses>1181001</misses>
				<total>2</total>
				<timestamp>412.937209</timestamp>
			</report>
			<report>
				<misses>1182001</misses>
				<total>2</total>
				<timestamp>413.286891</timestamp>
			</report>
			<report>
				<misses>1183001</misses>
				<total>2</total>
				<timestamp>413.636491</timestamp>
			</report>
			<report>
				<misses>1184001</misses>
				<total>2</total>
				<timestamp>413.986134</timestamp>
			</report>
			<report>
				<misses>1185001</misses>
				<total>2</total>
				<timestamp>414.335817</timestamp>
			</report>
			<report>
				<misses>1186001</misses>
				<total>2</total>
				<timestamp>414.685434</timestamp>
			</report>
			<report>
				<misses>1187001</misses>
				<total>2</total>
				<timestamp>415.035113</timestamp>
			</report>
			<report>
				<misses>1188001</misses>
				<total>2</total>
				<timestamp>415.384725</timestamp>
			</report>
			<report>
				<misses>1189001</misses>
				<total>2</total>
				<timestamp>415.734401</timestamp>
			</report>
			<report>
				<misses>1190001</misses>
				<total>2</total>
				<timestamp>416.084044</timestamp>
			</report>
			<report>
				<misses>1191001</misses>
				<total>2</total>
				<timestamp>416.433717</timestamp>
			</report>
			<report>
				<misses>1192001</misses>
				<total>2</total>
				<timestamp>416.783383</timestamp>
			</report>
			<report>
				<misses>1193001</misses>
				<total>2</total>
				<timestamp>417.133000</timestamp>
			</report>
			<report>
				<misses>1194001</misses>
				<total>2</total>
				<timestamp>417.482637</timestamp>
			</report>
			<report>
				<misses>1195001</misses>
				<total>2</total>
				<timestamp>417.832291</timestamp>
			</report>
			<report>
				<misses>1196001</misses>
				<total>2</total>
				<timestamp>418.181937</timestamp>
			</report>
			<report>
				<misses>1197001</misses>
				<total>2</total>
				<timestamp>418.531591</timestamp>
			</report>
			<report>
				<misses>1198001</misses>
				<total>2</total>
				<timestamp>418.881232</timestamp>
			</report>
			<report>
				<misses>1199001</misses>
				<total>2</total>
				<timestamp>419.230911</timestamp>
			</report>
			<report>
				<misses>1200001</misses>
				<total>2</total>
				<timestamp>419.580538</timestamp>
			</report>
			<report>
				<misses>1201001</misses>
				<total>2</total>
				<timestamp>419.930174</timestamp>
			</report>
			<report>
				<misses>1202001</misses>
				<total>2</total>
				<timestamp>420.279908</timestamp>
			</report>
			<report>
				<misses>1203001</misses>
				<total>2</total>
				<timestamp>420.629501</timestamp>
			</report>
			<report>
				<misses>1204001</misses>
				<total>2</total>
				<timestamp>420.979160</timestamp>
			</report>
			<report>
				<misses>1205001</misses>
				<total>2</total>
				<timestamp>421.328831</timestamp>
			</report>
			<report>
				<misses>1206001</misses>
				<total>2</total>
				<timestamp>421.678447</timestamp>
			</report>
			<report>
				<misses>1207001</misses>
				<total>2</total>
				<timestamp>422.028123</timestamp>
			</report>
			<report>
				<misses>1208001</misses>
				<total>2</total>
				<timestamp>422.377767</timestamp>
			</report>
			<report>
				<misses>1209001</misses>
				<total>2</total>
				<timestamp>422.727387</timestamp>
			</report>
			<report>
				<misses>1210001</misses>
				<total>2</total>
				<timestamp>423.077062</timestamp>
			</report>
			<report>
				<misses>1211001</misses>
				<total>2</total>
				<timestamp>423.426718</timestamp>
			</report>
			<report>
				<misses>1212001</misses>
				<total>2</total>
				<timestamp>423.776368</timestamp>
			</report>
			<report>
				<misses>1213001</misses>
				<total>2</total>
				<timestamp>424.126011</timestamp>
			</report>
			<report>
				<misses>1214001</misses>
				<total>2</total>
				<timestamp>424.475638</timestamp>
			</report>
			<report>
				<misses>1215001</misses>
				<total>2</total>
				<timestamp>424.825288</timestamp>
			</report>
			<report>
				<misses>1216001</misses>
				<total>2</total>
				<timestamp>425.174966</timestamp>
			</report>
			<report>
				<misses>1217001</misses>
				<total>2</total>
				<timestamp>425.524623</timestamp>
			</report>
			<report>
				<misses>1218001</misses>
				<total>2</total>
				<timestamp>425.874249</timestamp>
			</report>
			<report>
				<misses>1219001</misses>
				<total>2</total>
				<timestamp>426.223887</timestamp>
			</report>
			<report>
				<misses>1220001</misses>
				<total>2</total>
				<timestamp>426.573533</timestamp>
			</report>
			<report>
				<misses>1221001</misses>
				<total>2</total>
				<timestamp>426.923231</timestamp>
			</report>
			<report>
				<misses>1222001</misses>
				<total>2</total>
				<timestamp>427.272859</timestamp>
			</report>
			<report>
				<misses>1223001</misses>
				<total>2</total>
				<timestamp>427.622491</timestamp>
			</report>
			<report>
				<misses>1224001</misses>
				<total>2</total>
				<timestamp>427.972150</timestamp>
			</report>
			<report>
				<misses>1225001</misses>
				<total>2</total>
				<timestamp>428.321846</timestamp>
			</report>
			<report>
				<misses>1226001</misses>
				<total>2</total>
				<timestamp>428.671442</timestamp>
			</report>
			<report>
				<misses>1227001</misses>
				<total>2</total>
				<timestamp>429.021121</timestamp>
			</report>
			<report>
				<misses>1228001</misses>
				<total>2</total>
				<timestamp>429.370748</timestamp>
			</report>
			<report>
				<misses>1229001</misses>
				<total>2</total>
				<timestamp>429.720368</timestamp>
			</report>
			<report>
				<misses>1230001</misses>
				<total>2</total>
				<timestamp>430.070087</timestamp>
			</report>
			<report>
				<misses>1231001</misses>
				<total>2</total>
				<timestamp>430.419710</timestamp>
			</report>
			<report>
				<misses>1232001</misses>
				<total>2</total>
				<timestamp>430.769348</timestamp>
			</report>
			<report>
				<misses>1233001</misses>
				<total>2</total>
				<timestamp>431.118983</timestamp>
			</report>
			<report>
				<misses>1234001</misses>
				<total>2</total>
				<timestamp>431.468635</timestamp>
			</report>
			<report>
				<misses>1235001</misses>
				<total>2</total>
				<timestamp>431.818278</timestamp>
			</report>
			<report>
				<misses>1236001</misses>
				<total>2</total>
				<timestamp>432.167990</timestamp>
			</report>
			<report>
				<misses>1237001</misses>
				<total>2</total>
				<timestamp>432.517653</timestamp>
			</report>
			<report>
				<misses>1238001</misses>
				<total>2</total>
				<timestamp>432.867229</timestamp>
			</report>
			<report>
				<misses>1239001</misses>
				<total>2</total>
				<timestamp>433.216901</timestamp>
			</report>
			<report>
				<misses>1240001</misses>
				<total>2</total>
				<timestamp>433.566544</timestamp>
			</report>
			<report>
				<misses>1241001</misses>
				<total>2</total>
				<timestamp>433.916210</timestamp>
			</report>
			<report>
				<misses>1242001</misses>
				<total>2</total>
				<timestamp>434.265840</timestamp>
			</report>
			<report>
				<misses>1243001</misses>
				<total>2</total>
				<timestamp>434.615487</timestamp>
			</report>
			<report>
				<misses>1244001</misses>
				<total>2</total>
				<timestamp>434.965141</timestamp>
			</report>
			<report>
				<misses>1245001</misses>
				<total>2</total>
				<timestamp>435.314804</timestamp>
			</report>
			<report>
				<misses>1246001</misses>
				<total>2</total>
				<timestamp>435.664449</timestamp>
			</report>
			<report>
				<misses>1247001</misses>
				<total>2</total>
				<timestamp>436.014101</timestamp>
			</report>
			<report>
				<misses>1248001</misses>
				<total>2</total>
				<timestamp>436.363791</timestamp>
			</report>
			<report>
				<misses>1249001</misses>
				<total>2</total>
				<timestamp>436.713420</timestamp>
			</report>
			<report>
				<misses>1250001</misses>
				<total>2</total>
				<timestamp>437.063048</timestamp>
			</report>
			<report>
				<misses>1251001</misses>
				<total>2</total>
				<timestamp>437.412759</timestamp>
			</report>
			<report>
				<misses>1252001</misses>
				<total>2</total>
				<timestamp>437.762326</timestamp>
			</report>
			<report>
				<misses>1253001</misses>
				<total>2</total>
				<timestamp>438.111995</timestamp>
			</report>
			<report>
				<misses>1254001</misses>
				<total>2</total>
				<timestamp>438.461688</timestamp>
			</report>
			<report>
				<misses>1255001</misses>
				<total>2</total>
				<timestamp>438.811321</timestamp>
			</report>
			<report>
				<misses>1256001</misses>
				<total>2</total>
				<timestamp>439.160975</timestamp>
			</report>
			<report>
				<misses>1257001</misses>
				<total>2</total>
				<timestamp>439.510584</timestamp>
			</report>
			<report>
				<misses>1258001</misses>
				<total>2</total>
				<timestamp>439.860244</timestamp>
			</report>
			<report>
				<misses>1259001</misses>
				<total>2</total>
				<timestamp>440.209904</timestamp>
			</report>
			<report>
				<misses>1260001</misses>
				<total>2</total>
				<timestamp>440.559573</timestamp>
			</report>
			<report>
				<misses>1261001</misses>
				<total>2</total>
				<timestamp>440.909194</timestamp>
			</report>
			<report>
				<misses>1262001</misses>
				<total>2</total>
				<timestamp>441.258851</timestamp>
			</report>
			<report>
				<misses>1263001</misses>
				<total>2</total>
				<timestamp>441.608493</timestamp>
			</report>
			<report>
				<misses>1264001</misses>
				<total>2</total>
				<timestamp>441.958172</timestamp>
			</report>
			<report>
				<misses>1265001</misses>
				<total>2</total>
				<timestamp>442.307789</timestamp>
			</report>
			<report>
				<misses>1266001</misses>
				<total>2</total>
				<timestamp>442.657422</timestamp>
			</report>
			<report>
				<misses>1267001</misses>
				<total>2</total>
				<timestamp>443.007082</timestamp>
			</report>
			<report>
				<misses>1268001</misses>
				<total>2</total>
				<timestamp>443.356731</timestamp>
			</report>
			<report>
				<misses>1269001</misses>
				<total>2</total>
				<timestamp>443.706388</timestamp>
			</report>
			<report>
				<misses>1270001</misses>
				<total>2</total>
				<timestamp>444.056074</timestamp>
			</report>
			<report>
				<misses>1271001</misses>
				<total>2</total>
				<timestamp>444.405706</timestamp>
			</report>
			<report>
				<misses>1272001</misses>
				<total>2</total>
				<timestamp>444.755354</timestamp>
			</report>
			<report>
				<misses>1273001</misses>
				<total>2</total>
				<timestamp>445.104996</timestamp>
			</report>
			<report>
				<misses>1274001</misses>
				<total>2</total>
				<timestamp>445.454618</timestamp>
			</report>
			<report>
				<misses>1275001</misses>
				<total>2</total>
				<timestamp>445.804280</timestamp>
			</report>
			<report>
				<misses>1276001</misses>
				<total>2</total>
				<timestamp>446.153938</timestamp>
			</report>
			<report>
				<misses>1277001</misses>
				<total>2</total>
				<timestamp>446.503579</timestamp>
			</report>
			<report>
				<misses>1278001</misses>
				<total>2</total>
				<timestamp>446.853241</timestamp>
			</report>
			<report>
				<misses>1279001</misses>
				<total>2</total>
				<timestamp>447.202915</timestamp>
			</report>
			<report>
				<misses>1280001</misses>
				<total>2</total>
				<timestamp>447.552537</timestamp>
			</report>
			<report>
				<misses>1281001</misses>
				<total>2</total>
				<timestamp>447.902173</timestamp>
			</report>
			<report>
				<misses>1282001</misses>
				<total>2</total>
				<timestamp>448.251851</timestamp>
			</report>
			<report>
				<misses>1283001</misses>
				<total>2</total>
				<timestamp>448.601526</timestamp>
			</report>
			<report>
				<misses>1284001</misses>
				<total>2</total>
				<timestamp>448.951150</timestamp>
			</report>
			<report>
				<misses>1285001</misses>
				<total>2</total>
				<timestamp>449.300795</timestamp>
			</report>
			<report>
				<misses>1286001</misses>
				<total>2</total>
				<timestamp>449.650429</timestamp>
			</report>
			<report>
				<misses>1287001</misses>
				<total>2</total>
				<timestamp>450.000092</timestamp>
			</report>
			<report>
				<misses>1288001</misses>
				<total>2</total>
				<timestamp>450.349728</timestamp>
			</report>
			<report>
				<misses>1289001</misses>
				<total>2</total>
				<timestamp>450.699409</timestamp>
			</report>
			<report>
				<misses>1290001</misses>
				<total>2</total>
				<timestamp>451.049046</timestamp>
			</report>
			<report>
				<misses>1291001</misses>
				<total>2</total>
				<timestamp>451.398692</timestamp>
			</report>
			<report>
				<misses>1292001</misses>
				<total>2</total>
				<timestamp>451.748378</timestamp>
			</report>
			<report>
				<misses>1293001</misses>
				<total>2</total>
				<timestamp>452.097989</timestamp>
			</report>
			<report>
				<misses>1294001</misses>
				<total>2</total>
				<timestamp>452.447706</timestamp>
			</report>
			<report>
				<misses>1295001</misses>
				<total>2</total>
				<timestamp>452.797285</timestamp>
			</report>
			<report>
				<misses>1296001</misses>
				<total>2</total>
				<timestamp>453.146947</timestamp>
			</report>
			<report>
				<misses>1297001</misses>
				<total>2</total>
				<timestamp>453.496646</timestamp>
			</report>
			<report>
				<misses>1298001</misses>
				<total>2</total>
				<timestamp>453.846242</timestamp>
			</report>
			<report>
				<misses>1299001</misses>
				<total>2</total>
				<timestamp>454.195888</timestamp>
			</report>
			<report>
				<misses>1300001</misses>
				<total>2</total>
				<timestamp>454.545539</timestamp>
			</report>
			<report>
				<misses>1301001</misses>
				<total>2</total>
				<timestamp>454.895195</timestamp>
			</report>
			<report>
				<misses>1302001</misses>
				<total>2</total>
				<timestamp>455.244841</timestamp>
			</report>
			<report>
				<misses>1303001</misses>
				<total>2</total>
				<timestamp>455.594476</timestamp>
			</report>
			<report>
				<misses>1304001</misses>
				<total>2</total>
				<timestamp>455.944134</timestamp>
			</report>
			<report>
				<misses>1305001</misses>
				<total>2</total>
				<timestamp>456.293806</timestamp>
			</report>
			<report>
				<misses>1306001</misses>
				<total>2</total>
				<timestamp>456.643457</timestamp>
			</report>
			<report>
				<misses>1307001</misses>
				<total>2</total>
				<timestamp>456.993135</timestamp>
			</report>
			<report>
				<misses>1308001</misses>
				<total>2</total>
				<timestamp>457.342738</timestamp>
			</report>
			<report>
				<misses>1309001</misses>
				<total>2</total>
				<timestamp>457.692372</timestamp>
			</report>
			<report>
				<misses>1310001</misses>
				<total>2</total>
				<timestamp>458.042015</timestamp>
			</report>
			<report>
				<misses>1311001</misses>
				<total>2</total>
				<timestamp>458.391702</timestamp>
			</report>
			<report>
				<misses>1312001</misses>
				<total>2</total>
				<timestamp>458.741336</timestamp>
			</report>
			<report>
				<misses>1313001</misses>
				<total>2</total>
				<timestamp>459.091001</timestamp>
			</report>
			<report>
				<misses>1314001</misses>
				<total>2</total>
				<timestamp>459.440671</timestamp>
			</report>
			<report>
				<misses>1315001</misses>
				<total>2</total>
				<timestamp>459.790292</timestamp>
			</report>
			<report>
				<misses>1316001</misses>
				<total>2</total>
				<timestamp>460.139935</timestamp>
			</report>
			<report>
				<misses>1317001</misses>
				<total>2</total>
				<timestamp>460.489630</timestamp>
			</report>
			<report>
				<misses>1318001</misses>
				<total>2</total>
				<timestamp>460.839244</timestamp>
			</report>
			<report>
				<misses>1319001</misses>
				<total>2</total>
				<timestamp>461.188888</timestamp>
			</report>
			<report>
				<misses>1320001</misses>
				<total>2</total>
				<timestamp>461.538544</timestamp>
			</report>
			<report>
				<misses>1321001</misses>
				<total>2</total>
				<timestamp>461.888196</timestamp>
			</report>
			<report>
				<misses>1322001</misses>
				<total>2</total>
				<timestamp>462.237836</timestamp>
			</report>
			<report>
				<misses>1323001</misses>
				<total>2</total>
				<timestamp>462.587495</timestamp>
			</report>
			<report>
				<misses>1324001</misses>
				<total>2</total>
				<timestamp>462.937165</timestamp>
			</report>
			<report>
				<misses>1325001</misses>
				<total>2</total>
				<timestamp>463.286826</timestamp>
			</report>
			<report>
				<misses>1326001</misses>
				<total>2</total>
				<timestamp>463.636455</timestamp>
			</report>
			<report>
				<misses>1327001</misses>
				<total>2</total>
				<timestamp>463.986090</timestamp>
			</report>
			<report>
				<misses>1328001</misses>
				<total>2</total>
				<timestamp>464.335747</timestamp>
			</report>
			<report>
				<misses>1329001</misses>
				<total>2</total>
				<timestamp>464.685404</timestamp>
			</report>
			<report>
				<misses>1330001</misses>
				<total>2</total>
				<timestamp>465.035062</timestamp>
			</report>
			<report>
				<misses>1331001</misses>
				<total>2</total>
				<timestamp>465.384732</timestamp>
			</report>
			<report>
				<misses>1332001</misses>
				<total>2</total>
				<timestamp>465.734351</timestamp>
			</report>
			<report>
				<misses>1333001</misses>
				<total>2</total>
				<timestamp>466.083991</timestamp>
			</report>
			<report>
				<misses>1334001</misses>
				<total>2</total>
				<timestamp>466.433664</timestamp>
			</report>
			<report>
				<misses>1335001</misses>
				<total>2</total>
				<timestamp>466.783298</timestamp>
			</report>
			<report>
				<misses>1336001</misses>
				<total>2</total>
				<timestamp>467.132960</timestamp>
			</report>
			<report>
				<misses>1337001</misses>
				<total>2</total>
				<timestamp>467.482640</timestamp>
			</report>
			<report>
				<misses>1338001</misses>
				<total>2</total>
				<timestamp>467.832263</timestamp>
			</report>
			<report>
				<misses>1339001</misses>
				<total>2</total>
				<timestamp>468.181888</timestamp>
			</report>
			<report>
				<misses>1340001</misses>
				<total>2</total>
				<timestamp>468.531535</timestamp>
			</report>
			<report>
				<misses>1341001</misses>
				<total>2</total>
				<timestamp>468.881221</timestamp>
			</report>
			<report>
				<misses>1342001</misses>
				<total>2</total>
				<timestamp>469.230866</timestamp>
			</report>
			<report>
				<misses>1343001</misses>
				<total>2</total>
				<timestamp>469.580539</timestamp>
			</report>
			<report>
				<misses>1344001</misses>
				<total>2</total>
				<timestamp>469.930160</timestamp>
			</report>
			<report>
				<misses>1345001</misses>
				<total>2</total>
				<timestamp>470.279816</timestamp>
			</report>
			<report>
				<misses>1346001</misses>
				<total>2</total>
				<timestamp>470.629453</timestamp>
			</report>
			<report>
				<misses>1347001</misses>
				<total>2</total>
				<timestamp>470.979102</timestamp>
			</report>
			<report>
				<misses>1348001</misses>
				<total>2</total>
				<timestamp>471.328733</timestamp>
			</report>
			<report>
				<misses>1349001</misses>
				<total>2</total>
				<timestamp>471.678411</timestamp>
			</report>
			<report>
				<misses>1350001</misses>
				<total>2</total>
				<timestamp>472.028048</timestamp>
			</report>
			<report>
				<misses>1351001</misses>
				<total>2</total>
				<timestamp>472.377689</timestamp>
			</report>
			<report>
				<misses>1352001</misses>
				<total>2</total>
				<timestamp>472.727357</timestamp>
			</report>
			<report>
				<misses>1353001</misses>
				<total>2</total>
				<timestamp>473.076984</timestamp>
			</report>
			<report>
				<misses>1354001</misses>
				<total>2</total>
				<timestamp>473.426695</timestamp>
			</report>
			<report>
				<misses>1355001</misses>
				<total>2</total>
				<timestamp>473.776283</timestamp>
			</report>
			<report>
				<misses>1356001</misses>
				<total>2</total>
				<timestamp>474.125950</timestamp>
			</report>
			<report>
				<misses>1357001</misses>
				<total>2</total>
				<timestamp>474.475577</timestamp>
			</report>
			<report>
				<misses>1358001</misses>
				<total>2</total>
				<timestamp>474.825226</timestamp>
			</report>
			<report>
				<misses>1359001</misses>
				<total>2</total>
				<timestamp>475.174888</timestamp>
			</report>
			<report>
				<misses>1360001</misses>
				<total>2</total>
				<timestamp>475.524558</timestamp>
			</report>
			<report>
				<misses>1361001</misses>
				<total>2</total>
				<timestamp>475.874185</timestamp>
			</report>
			<report>
				<misses>1362001</misses>
				<total>2</total>
				<timestamp>476.223831</timestamp>
			</report>
			<report>
				<misses>1363001</misses>
				<total>2</total>
				<timestamp>476.573483</timestamp>
			</report>
			<report>
				<misses>1364001</misses>
				<total>2</total>
				<timestamp>476.923119</timestamp>
			</report>
			<report>
				<misses>1365001</misses>
				<total>2</total>
				<timestamp>477.272792</timestamp>
			</report>
			<report>
				<misses>1366001</misses>
				<total>2</total>
				<timestamp>477.622434</timestamp>
			</report>
			<report>
				<misses>1367001</misses>
				<total>2</total>
				<timestamp>477.972101</timestamp>
			</report>
			<report>
				<misses>1368001</misses>
				<total>2</total>
				<timestamp>478.321740</timestamp>
			</report>
			<report>
				<misses>1369001</misses>
				<total>2</total>
				<timestamp>478.671430</timestamp>
			</report>
			<report>
				<misses>1370001</misses>
				<total>2</total>
				<timestamp>479.021056</timestamp>
			</report>
			<report>
				<misses>1371001</misses>
				<total>2</total>
				<timestamp>479.370688</timestamp>
			</report>
			<report>
				<misses>1372001</misses>
				<total>2</total>
				<timestamp>479.720349</timestamp>
			</report>
			<report>
				<misses>1373001</misses>
				<total>2</total>
				<timestamp>480.069979</timestamp>
			</report>
			<report>
				<misses>1374001</misses>
				<total>2</total>
				<timestamp>480.419656</timestamp>
			</report>
			<report>
				<misses>1375001</misses>
				<total>2</total>
				<timestamp>480.769281</timestamp>
			</report>
			<report>
				<misses>1376001</misses>
				<total>2</total>
				<timestamp>481.118965</timestamp>
			</report>
			<report>
				<misses>1377001</misses>
				<total>2</total>
				<timestamp>481.468631</timestamp>
			</report>
			<report>
				<misses>1378001</misses>
				<total>2</total>
				<timestamp>481.818229</timestamp>
			</report>
			<report>
				<misses>1379001</misses>
				<total>2</total>
				<timestamp>482.167890</timestamp>
			</report>
			<report>
				<misses>1380001</misses>
				<total>2</total>
				<timestamp>482.517535</timestamp>
			</report>
			<report>
				<misses>1381001</misses>
				<total>2</total>
				<timestamp>482.867185</timestamp>
			</report>
			<report>
				<misses>1382001</misses>
				<total>2</total>
				<timestamp>483.216842</timestamp>
			</report>
			<report>
				<misses>1383001</misses>
				<total>2</total>
				<timestamp>483.566491</timestamp>
			</report>
			<report>
				<misses>1384001</misses>
				<total>2</total>
				<timestamp>483.916139</timestamp>
			</report>
			<report>
				<misses>1385001</misses>
				<total>2</total>
				<timestamp>484.265800</timestamp>
			</report>
			<report>
				<misses>1386001</misses>
				<total>2</total>
				<timestamp>484.615503</timestamp>
			</report>
			<report>
				<misses>1387001</misses>
				<total>2</total>
				<timestamp>484.965097</timestamp>
			</report>
			<report>
				<misses>1388001</misses>
				<total>2</total>
				<timestamp>485.314756</timestamp>
			</report>
			<report>
				<misses>1389001</misses>
				<total>2</total>
				<timestamp>485.664365</timestamp>
			</report>
			<report>
				<misses>1390001</misses>
				<total>2</total>
				<timestamp>486.014041</timestamp>
			</report>
			<report>
				<misses>1391001</misses>
				<total>2</total>
				<timestamp>486.363671</timestamp>
			</report>
			<report>
				<misses>1392001</misses>
				<total>2</total>
				<timestamp>486.713349</timestamp>
			</report>
			<report>
				<misses>1393001</misses>
				<total>2</total>
				<timestamp>487.062967</timestamp>
			</report>
			<report>
				<misses>1394001</misses>
				<total>2</total>
				<timestamp>487.412639</timestamp>
			</report>
			<report>
				<misses>1395001</misses>
				<total>2</total>
				<timestamp>487.762275</timestamp>
			</report>
			<report>
				<misses>1396001</misses>
				<total>2</total>
				<timestamp>488.111931</timestamp>
			</report>
			<report>
				<misses>1397001</misses>
				<total>2</total>
				<timestamp>488.461605</timestamp>
			</report>
			<report>
				<misses>1398001</misses>
				<total>2</total>
				<timestamp>488.811229</timestamp>
			</report>
			<report>
				<misses>1399001</misses>
				<total>2</total>
				<timestamp>489.160872</timestamp>
			</report>
			<report>
				<misses>1400001</misses>
				<total>2</total>
				<timestamp>489.510591</timestamp>
			</report>
			<report>
				<misses>1401001</misses>
				<total>2</total>
				<timestamp>489.860203</timestamp>
			</report>
			<report>
				<misses>1402001</misses>
				<total>2</total>
				<timestamp>490.209847</timestamp>
			</report>
			<report>
				<misses>1403001</misses>
				<total>2</total>
				<timestamp>490.559524</timestamp>
			</report>
			<report>
				<misses>1404001</misses>
				<total>2</total>
				<timestamp>490.909140</timestamp>
			</report>
			<report>
				<misses>1405001</misses>
				<total>2</total>
				<timestamp>491.258777</timestamp>
			</report>
			<report>
				<misses>1406001</misses>
				<total>2</total>
				<timestamp>491.608446</timestamp>
			</report>
			<report>
				<misses>1407001</misses>
				<total>2</total>
				<timestamp>491.958093</timestamp>
			</report>
			<report>
				<misses>1408001</misses>
				<total>2</total>
				<timestamp>492.307781</timestamp>
			</report>
			<report>
				<misses>1409001</misses>
				<total>2</total>
				<timestamp>492.657416</timestamp>
			</report>
			<report>
				<misses>1410001</misses>
				<total>2</total>
				<timestamp>493.007033</timestamp>
			</report>
			<report>
				<misses>1411001</misses>
				<total>2</total>
				<timestamp>493.356688</timestamp>
			</report>
			<report>
				<misses>1412001</misses>
				<total>2</total>
				<timestamp>493.706373</timestamp>
			</report>
			<report>
				<misses>1413001</misses>
				<total>2</total>
				<timestamp>494.055972</timestamp>
			</report>
			<report>
				<misses>1414001</misses>
				<total>2</total>
				<timestamp>494.405628</timestamp>
			</report>
			<report>
				<misses>1415001</misses>
				<total>2</total>
				<timestamp>494.755301</timestamp>
			</report>
			<report>
				<misses>1416001</misses>
				<total>2</total>
				<timestamp>495.104929</timestamp>
			</report>
			<report>
				<misses>1417001</misses>
				<total>2</total>
				<timestamp>495.454588</timestamp>
			</report>
			<report>
				<misses>1418001</misses>
				<total>2</total>
				<timestamp>495.804222</timestamp>
			</report>
			<report>
				<misses>1419001</misses>
				<total>2</total>
				<timestamp>496.153942</timestamp>
			</report>
			<report>
				<misses>1420001</misses>
				<total>2</total>
				<timestamp>496.503566</timestamp>
			</report>
			<report>
				<misses>1421001</misses>
				<total>2</total>
				<timestamp>496.853188</timestamp>
			</report>
			<report>
				<misses>1422001</misses>
				<total>2</total>
				<timestamp>497.202841</timestamp>
			</report>
			<report>
				<misses>1423001</misses>
				<total>2</total>
				<timestamp>497.552524</timestamp>
			</report>
			<report>
				<misses>1424001</misses>
				<total>2</total>
				<timestamp>497.902140</timestamp>
			</report>
			<report>
				<misses>1425001</misses>
				<total>2</total>
				<timestamp>498.251795</timestamp>
			</report>
			<report>
				<misses>1426001</misses>
				<total>2</total>
				<timestamp>498.601443</timestamp>
			</report>
			<report>
				<misses>1427001</misses>
				<total>2</total>
				<timestamp>498.951125</timestamp>
			</report>
			<report>
				<misses>1428001</misses>
				<total>2</total>
				<timestamp>499.300735</timestamp>
			</report>
			<report>
				<misses>1429001</misses>
				<total>2</total>
				<timestamp>499.650438</timestamp>
			</report>
			<report>
				<misses>1430001</misses>
				<total>2</total>
				<timestamp>500.000028</timestamp>
			</report>
			<report>
				<misses>1431001</misses>
				<total>2</total>
				<timestamp>500.349677</timestamp>
			</report>
			<report>
				<misses>1432001</misses>
				<total>2</total>
				<timestamp>500.699361</timestamp>
			</report>
			<report>
				<misses>1433001</misses>
				<total>2</total>
				<timestamp>501.048989</timestamp>
			</report>
			<report>
				<misses>1434001</misses>
				<total>2</total>
				<timestamp>501.398638</timestamp>
			</report>
			<report>
				<misses>1435001</misses>
				<total>2</total>
				<timestamp>501.748309</timestamp>
			</report>
			<report>
				<misses>1436001</misses>
				<total>2</total>
				<timestamp>502.097948</timestamp>
			</report>
			<report>
				<misses>1437001</misses>
				<total>2</total>
				<timestamp>502.447584</timestamp>
			</report>
			<report>
				<misses>1438001</misses>
				<total>2</total>
				<timestamp>502.797246</timestamp>
			</report>
			<report>
				<misses>1439001</misses>
				<total>2</total>
				<timestamp>503.146885</timestamp>
			</report>
			<report>
				<misses>1440001</misses>
				<total>2</total>
				<timestamp>503.496535</timestamp>
			</report>
			<report>
				<misses>1441001</misses>
				<total>2</total>
				<timestamp>503.846200</timestamp>
			</report>
			<report>
				<misses>1442001</misses>
				<total>2</total>
				<timestamp>504.195829</timestamp>
			</report>
			<report>
				<misses>1443001</misses>
				<total>2</total>
				<timestamp>504.545534</timestamp>
			</report>
			<report>
				<misses>1444001</misses>
				<total>2</total>
				<timestamp>504.895139</timestamp>
			</report>
			<report>
				<misses>1445001</misses>
				<total>2</total>
				<timestamp>505.244803</timestamp>
			</report>
			<report>
				<misses>1446001</misses>
				<total>2</total>
				<timestamp>505.594480</timestamp>
			</report>
			<report>
				<misses>1447001</misses>
				<total>2</total>
				<timestamp>505.944097</timestamp>
			</report>
			<report>
				<misses>1448001</misses>
				<total>2</total>
				<timestamp>506.293716</timestamp>
			</report>
			<report>
				<misses>1449001</misses>
				<total>2</total>
				<timestamp>506.643399</timestamp>
			</report>
			<report>
				<misses>1450001</misses>
				<total>2</total>
				<timestamp>506.993018</timestamp>
			</report>
			<report>
				<misses>1451001</misses>
				<total>2</total>
				<timestamp>507.342711</timestamp>
			</report>
			<report>
				<misses>1452001</misses>
				<total>2</total>
				<timestamp>507.692354</timestamp>
			</report>
			<report>
				<misses>1453001</misses>
				<total>2</total>
				<timestamp>508.041985</timestamp>
			</report>
			<report>
				<misses>1454001</misses>
				<total>2</total>
				<timestamp>508.391668</timestamp>
			</report>
			<report>
				<misses>1455001</misses>
				<total>2</total>
				<timestamp>508.741328</timestamp>
			</report>
			<report>
				<misses>1456001</misses>
				<total>2</total>
				<timestamp>509.090950</timestamp>
			</report>
			<report>
				<misses>1457001</misses>
				<total>2</total>
				<timestamp>509.440588</timestamp>
			</report>
			<report>
				<misses>1458001</misses>
				<total>2</total>
				<timestamp>509.790251</timestamp>
			</report>
			<report>
				<misses>1459001</misses>
				<total>2</total>
				<timestamp>510.139876</timestamp>
			</report>
			<report>
				<misses>1460001</misses>
				<total>2</total>
				<timestamp>510.489553</timestamp>
			</report>
			<report>
				<misses>1461001</misses>
				<total>2</total>
				<timestamp>510.839197</timestamp>
			</report>
			<report>
				<misses>1462001</misses>
				<total>2</total>
				<timestamp>511.188833</timestamp>
			</report>
			<report>
				<misses>1463001</misses>
				<total>2</total>
				<timestamp>511.538523</timestamp>
			</report>
			<report>
				<misses>1464001</misses>
				<total>2</total>
				<timestamp>511.888146</timestamp>
			</report>
			<report>
				<misses>1465001</misses>
				<total>2</total>
				<timestamp>512.237788</timestamp>
			</report>
			<report>
				<misses>1466001</misses>
				<total>2</total>
				<timestamp>512.587433</timestamp>
			</report>
			<report>
				<misses>1467001</misses>
				<total>2</total>
				<timestamp>512.937088</timestamp>
			</report>
			<report>
				<misses>1468001</misses>
				<total>2</total>
				<timestamp>513.286725</timestamp>
			</report>
			<report>
				<misses>1469001</misses>
				<total>2</total>
				<timestamp>513.636377</timestamp>
			</report>
			<report>
				<misses>1470001</misses>
				<total>2</total>
				<timestamp>513.986051</timestamp>
			</report>
			<report>
				<misses>1471001</misses>
				<total>2</total>
				<timestamp>514.335693</timestamp>
			</report>
			<report>
				<misses>1472001</misses>
				<total>2</total>
				<timestamp>514.685362</timestamp>
			</report>
			<report>
				<misses>1473001</misses>
				<total>2</total>
				<timestamp>515.034988</timestamp>
			</report>
			<report>
				<misses>1474001</misses>
				<total>2</total>
				<timestamp>515.384654</timestamp>
			</report>
			<report>
				<misses>1475001</misses>
				<total>2</total>
				<timestamp>515.734296</timestamp>
			</report>
			<report>
				<misses>1476001</misses>
				<total>2</total>
				<timestamp>516.083940</timestamp>
			</report>
			<report>
				<misses>1477001</misses>
				<total>2</total>
				<timestamp>516.433619</timestamp>
			</report>
			<report>
				<misses>1478001</misses>
				<total>2</total>
				<timestamp>516.783274</timestamp>
			</report>
			<report>
				<misses>1479001</misses>
				<total>2</total>
				<timestamp>517.132907</timestamp>
			</report>
			<report>
				<misses>1480001</misses>
				<total>2</total>
				<timestamp>517.482566</timestamp>
			</report>
			<report>
				<misses>1481001</misses>
				<total>2</total>
				<timestamp>517.832204</timestamp>
			</report>
			<report>
				<misses>1482001</misses>
				<total>2</total>
				<timestamp>518.181843</timestamp>
			</report>
			<report>
				<misses>1483001</misses>
				<total>2</total>
				<timestamp>518.531483</timestamp>
			</report>
			<report>
				<misses>1484001</misses>
				<total>2</total>
				<timestamp>518.881134</timestamp>
			</report>
			<report>
				<misses>1485001</misses>
				<total>2</total>
				<timestamp>519.230786</timestamp>
			</report>
			<report>
				<misses>1486001</misses>
				<total>2</total>
				<timestamp>519.580472</timestamp>
			</report>
			<report>
				<misses>1487001</misses>
				<total>2</total>
				<timestamp>519.930081</timestamp>
			</report>
			<report>
				<misses>1488001</misses>
				<total>2</total>
				<timestamp>520.279770</timestamp>
			</report>
			<report>
				<misses>1489001</misses>
				<total>2</total>
				<timestamp>520.629427</timestamp>
			</report>
			<report>
				<misses>1490001</misses>
				<total>2</total>
				<timestamp>520.979026</timestamp>
			</report>
			<report>
				<misses>1491001</misses>
				<total>2</total>
				<timestamp>521.328688</timestamp>
			</report>
			<report>
				<misses>1492001</misses>
				<total>2</total>
				<timestamp>521.678336</timestamp>
			</report>
			<report>
				<misses>1493001</misses>
				<total>2</total>
				<timestamp>522.027989</timestamp>
			</report>
			<report>
				<misses>1494001</misses>
				<total>2</total>
				<timestamp>522.377628</timestamp>
			</report>
			<report>
				<misses>1495001</misses>
				<total>2</total>
				<timestamp>522.727297</timestamp>
			</report>
			<report>
				<misses>1496001</misses>
				<total>2</total>
				<timestamp>523.076939</timestamp>
			</report>
			<report>
				<misses>1497001</misses>
				<total>2</total>
				<timestamp>523.426591</timestamp>
			</report>
			<report>
				<misses>1498001</misses>
				<total>2</total>
				<timestamp>523.776295</timestamp>
			</report>
			<report>
				<misses>1499001</misses>
				<total>2</total>
				<timestamp>524.125900</timestamp>
			</report>
			<report>
				<misses>1500001</misses>
				<total>2</total>
				<timestamp>524.475541</timestamp>
			</report>
			<report>
				<misses>1501001</misses>
				<total>2</total>
				<timestamp>524.825244</timestamp>
			</report>
			<report>
				<misses>1502001</misses>
				<total>2</total>
				<timestamp>525.174833</timestamp>
			</report>
			<report>
				<misses>1503001</misses>
				<total>2</total>
				<timestamp>525.524479</timestamp>
			</report>
			<report>
				<misses>1504001</misses>
				<total>2</total>
				<timestamp>525.874170</timestamp>
			</report>
			<report>
				<misses>1505001</misses>
				<total>2</total>
				<timestamp>526.223778</timestamp>
			</report>
			<report>
				<misses>1506001</misses>
				<total>2</total>
				<timestamp>526.573443</timestamp>
			</report>
			<report>
				<misses>1507001</misses>
				<total>2</total>
				<timestamp>526.923127</timestamp>
			</report>
			<report>
				<misses>1508001</misses>
				<total>2</total>
				<timestamp>527.272729</timestamp>
			</report>
			<report>
				<misses>1509001</misses>
				<total>2</total>
				<timestamp>527.622394</timestamp>
			</report>
			<report>
				<misses>1510001</misses>
				<total>2</total>
				<timestamp>527.972044</timestamp>
			</report>
			<report>
				<misses>1511001</misses>
				<total>2</total>
				<timestamp>528.321668</timestamp>
			</report>
			<report>
				<misses>1512001</misses>
				<total>2</total>
				<timestamp>528.671363</timestamp>
			</report>
			<report>
				<misses>1513001</misses>
				<total>2</total>
				<timestamp>529.020988</timestamp>
			</report>
			<report>
				<misses>1514001</misses>
				<total>2</total>
				<timestamp>529.370645</timestamp>
			</report>
			<report>
				<misses>1515001</misses>
				<total>2</total>
				<timestamp>529.720318</timestamp>
			</report>
			<report>
				<misses>1516001</misses>
				<total>2</total>
				<timestamp>530.069933</timestamp>
			</report>
			<report>
				<misses>1517001</misses>
				<total>2</total>
				<timestamp>530.419615</timestamp>
			</report>
			<report>
				<misses>1518001</misses>
				<total>2</total>
				<timestamp>530.769251</timestamp>
			</report>
			<report>
				<misses>1519001</misses>
				<total>2</total>
				<timestamp>531.118941</timestamp>
			</report>
			<report>
				<misses>1520001</misses>
				<total>2</total>
				<timestamp>531.468524</timestamp>
			</report>
			<report>
				<misses>1521001</misses>
				<total>2</total>
				<timestamp>531.818202</timestamp>
			</report>
			<report>
				<misses>1522001</misses>
				<total>2</total>
				<timestamp>532.167884</timestamp>
			</report>
			<report>
				<misses>1523001</misses>
				<total>2</total>
				<timestamp>532.517472</timestamp>
			</report>
			<report>
				<misses>1524001</misses>
				<total>2</total>
				<timestamp>532.867176</timestamp>
			</report>
			<report>
				<misses>1525001</misses>
				<total>2</total>
				<timestamp>533.216825</timestamp>
			</report>
			<report>
				<misses>1526001</misses>
				<total>2</total>
				<timestamp>533.566452</timestamp>
			</report>
			<report>
				<misses>1527001</misses>
				<total>2</total>
				<timestamp>533.916127</timestamp>
			</report>
			<report>
				<misses>1528001</misses>
				<total>2</total>
				<timestamp>534.265735</timestamp>
			</report>
			<report>
				<misses>1529001</misses>
				<total>2</total>
				<timestamp>534.615408</timestamp>
			</report>
			<report>
				<misses>1530001</misses>
				<total>2</total>
				<timestamp>534.965021</timestamp>
			</report>
			<report>
				<misses>1531001</misses>
				<total>2</total>
				<timestamp>535.314688</timestamp>
			</report>
			<report>
				<misses>1532001</misses>
				<total>2</total>
				<timestamp>535.664345</timestamp>
			</report>
			<report>
				<misses>1533001</misses>
				<total>2</total>
				<timestamp>536.013993</timestamp>
			</report>
			<report>
				<misses>1534001</misses>
				<total>2</total>
				<timestamp>536.363625</timestamp>
			</report>
			<report>
				<misses>1535001</misses>
				<total>2</total>
				<timestamp>536.713299</timestamp>
			</report>
			<report>
				<misses>1536001</misses>
				<total>2</total>
				<timestamp>537.062953</timestamp>
			</report>
			<report>
				<misses>1537001</misses>
				<total>2</total>
				<timestamp>537.412579</timestamp>
			</report>
			<report>
				<misses>1538001</misses>
				<total>2</total>
				<timestamp>537.762237</timestamp>
			</report>
			<report>
				<misses>1539001</misses>
				<total>2</total>
				<timestamp>538.111901</timestamp>
			</report>
			<report>
				<misses>1540001</misses>
				<total>2</total>
				<timestamp>538.461538</timestamp>
			</report>
			<report>
				<misses>1541001</misses>
				<total>2</total>
				<timestamp>538.811200</timestamp>
			</report>
			<report>
				<misses>1542001</misses>
				<total>2</total>
				<timestamp>539.160855</timestamp>
			</report>
			<report>
				<misses>1543001</misses>
				<total>2</total>
				<timestamp>539.510486</timestamp>
			</report>
			<report>
				<misses>1544001</misses>
				<total>2</total>
				<timestamp>539.860157</timestamp>
			</report>
			<report>
				<misses>1545001</misses>
				<total>2</total>
				<timestamp>540.209783</timestamp>
			</report>
			<report>
				<misses>1546001</misses>
				<total>2</total>
				<timestamp>540.559456</timestamp>
			</report>
			<report>
				<misses>1547001</misses>
				<total>2</total>
				<timestamp>540.909157</timestamp>
			</report>
			<report>
				<misses>1548001</misses>
				<total>2</total>
				<timestamp>541.258744</timestamp>
			</report>
			<report>
				<misses>1549001</misses>
				<total>2</total>
				<timestamp>541.608388</timestamp>
			</report>
			<report>
				<misses>1550001</misses>
				<total>2</total>
				<timestamp>541.958038</timestamp>
			</report>
			<report>
				<misses>1551001</misses>
				<total>2</total>
				<timestamp>542.307702</timestamp>
			</report>
			<report>
				<misses>1552001</misses>
				<total>2</total>
				<timestamp>542.657341</timestamp>
			</report>
			<report>
				<misses>1553001</misses>
				<total>2</total>
				<timestamp>543.006993</timestamp>
			</report>
			<report>
				<misses>1554001</misses>
				<total>2</total>
				<timestamp>543.356632</timestamp>
			</report>
			<report>
				<misses>1555001</misses>
				<total>2</total>
				<timestamp>543.706305</timestamp>
			</report>
			<report>
				<misses>1556001</misses>
				<total>2</total>
				<timestamp>544.055937</timestamp>
			</report>
			<report>
				<misses>1557001</misses>
				<total>2</total>
				<timestamp>544.405613</timestamp>
			</report>
			<report>
				<misses>1558001</misses>
				<total>2</total>
				<timestamp>544.755261</timestamp>
			</report>
			<report>
				<misses>1559001</misses>
				<total>2</total>
				<timestamp>545.104877</timestamp>
			</report>
			<report>
				<misses>1560001</misses>
				<total>2</total>
				<timestamp>545.454540</timestamp>
			</report>
			<report>
				<misses>1561001</misses>
				<total>2</total>
				<timestamp>545.804223</timestamp>
			</report>
			<report>
				<misses>1562001</misses>
				<total>2</total>
				<timestamp>546.153841</timestamp>
			</report>
			<report>
				<misses>1563001</misses>
				<total>2</total>
				<timestamp>546.503489</timestamp>
			</report>
			<report>
				<misses>1564001</misses>
				<total>2</total>
				<timestamp>546.853122</timestamp>
			</report>
			<report>
				<misses>1565001</misses>
				<total>2</total>
				<timestamp>547.202781</timestamp>
			</report>
			<report>
				<misses>1566001</misses>
				<total>2</total>
				<timestamp>547.552432</timestamp>
			</report>
			<report>
				<misses>1567001</misses>
				<total>2</total>
				<timestamp>547.902103</timestamp>
			</report>
			<report>
				<misses>1568001</misses>
				<total>2</total>
				<timestamp>548.251720</timestamp>
			</report>
			<report>
				<misses>1569001</misses>
				<total>2</total>
				<timestamp>548.601378</timestamp>
			</report>
			<report>
				<misses>1570001</misses>
				<total>2</total>
				<timestamp>548.951093</timestamp>
			</report>
			<report>
				<misses>1571001</misses>
				<total>2</total>
				<timestamp>549.300691</timestamp>
			</report>
			<report>
				<misses>1572001</misses>
				<total>2</total>
				<timestamp>549.650381</timestamp>
			</report>
			<report>
				<misses>1573001</misses>
				<total>2</total>
				<timestamp>549.999986</timestamp>
			</report>
			<report>
				<misses>1574001</misses>
				<total>2</total>
				<timestamp>550.349639</timestamp>
			</report>
			<report>
				<misses>1575001</misses>
				<total>2</total>
				<timestamp>550.699277</timestamp>
			</report>
			<report>
				<misses>1576001</misses>
				<total>2</total>
				<timestamp>551.048945</timestamp>
			</report>
			<report>
				<misses>1577001</misses>
				<total>2</total>
				<timestamp>551.398586</timestamp>
			</report>
			<report>
				<misses>1578001</misses>
				<total>2</total>
				<timestamp>551.748240</timestamp>
			</report>
			<report>
				<misses>1579001</misses>
				<total>2</total>
				<timestamp>552.097891</timestamp>
			</report>
			<report>
				<misses>1580001</misses>
				<total>2</total>
				<timestamp>552.447548</timestamp>
			</report>
			<report>
				<misses>1581001</misses>
				<total>2</total>
				<timestamp>552.797210</timestamp>
			</report>
			<report>
				<misses>1582001</misses>
				<total>2</total>
				<timestamp>553.146834</timestamp>
			</report>
			<report>
				<misses>1583001</misses>
				<total>2</total>
				<timestamp>553.496492</timestamp>
			</report>
			<report>
				<misses>1584001</misses>
				<total>2</total>
				<timestamp>553.846176</timestamp>
			</report>
			<report>
				<misses>1585001</misses>
				<total>2</total>
				<timestamp>554.195776</timestamp>
			</report>
			<report>
				<misses>1586001</misses>
				<total>2</total>
				<timestamp>554.545445</timestamp>
			</report>
			<report>
				<misses>1587001</misses>
				<total>2</total>
				<timestamp>554.895104</timestamp>
			</report>
			<report>
				<misses>1588001</misses>
				<total>2</total>
				<timestamp>555.244731</timestamp>
			</report>
			<report>
				<misses>1589001</misses>
				<total>2</total>
				<timestamp>555.594381</timestamp>
			</report>
			<report>
				<misses>1590001</misses>
				<total>2</total>
				<timestamp>555.944064</timestamp>
			</report>
			<report>
				<misses>1591001</misses>
				<total>2</total>
				<timestamp>556.293750</timestamp>
			</report>
			<report>
				<misses>1592001</misses>
				<total>2</total>
				<timestamp>556.643375</timestamp>
			</report>
			<report>
				<misses>1593001</misses>
				<total>2</total>
				<timestamp>556.993056</timestamp>
			</report>
			<report>
				<misses>1594001</misses>
				<total>2</total>
				<timestamp>557.342638</timestamp>
			</report>
			<report>
				<misses>1595001</misses>
				<total>2</total>
				<timestamp>557.692283</timestamp>
			</report>
			<report>
				<misses>1596001</misses>
				<total>2</total>
				<timestamp>558.041939</timestamp>
			</report>
			<report>
				<misses>1597001</misses>
				<total>2</total>
				<timestamp>558.391610</timestamp>
			</report>
			<report>
				<misses>1598001</misses>
				<total>2</total>
				<timestamp>558.741240</timestamp>
			</report>
			<report>
				<misses>1599001</misses>
				<total>2</total>
				<timestamp>559.090888</timestamp>
			</report>
			<report>
				<misses>1600001</misses>
				<total>2</total>
				<timestamp>559.440569</timestamp>
			</report>
			<report>
				<misses>1601001</misses>
				<total>2</total>
				<timestamp>559.790190</timestamp>
			</report>
			<report>
				<misses>1602001</misses>
				<total>2</total>
				<timestamp>560.139852</timestamp>
			</report>
			<report>
				<misses>1603001</misses>
				<total>2</total>
				<timestamp>560.489492</timestamp>
			</report>
			<report>
				<misses>1604001</misses>
				<total>2</total>
				<timestamp>560.839153</timestamp>
			</report>
			<report>
				<misses>1605001</misses>
				<total>2</total>
				<timestamp>561.188781</timestamp>
			</report>
			<report>
				<misses>1606001</misses>
				<total>2</total>
				<timestamp>561.538454</timestamp>
			</report>
			<report>
				<misses>1607001</misses>
				<total>2</total>
				<timestamp>561.888111</timestamp>
			</report>
			<report>
				<misses>1608001</misses>
				<total>2</total>
				<timestamp>562.237776</timestamp>
			</report>
			<report>
				<misses>1609001</misses>
				<total>2</total>
				<timestamp>562.587380</timestamp>
			</report>
			<report>
				<misses>1610001</misses>
				<total>2</total>
				<timestamp>562.937033</timestamp>
			</report>
			<report>
				<misses>1611001</misses>
				<total>2</total>
				<timestamp>563.286684</timestamp>
			</report>
			<report>
				<misses>1612001</misses>
				<total>2</total>
				<timestamp>563.636348</timestamp>
			</report>
			<report>
				<misses>1613001</misses>
				<total>2</total>
				<timestamp>563.985975</timestamp>
			</report>
			<report>
				<misses>1614001</misses>
				<total>2</total>
				<timestamp>564.335639</timestamp>
			</report>
			<report>
				<misses>1615001</misses>
				<total>2</total>
				<timestamp>564.685284</timestamp>
			</report>
			<report>
				<misses>1616001</misses>
				<total>2</total>
				<timestamp>565.034980</timestamp>
			</report>
			<report>
				<misses>1617001</misses>
				<total>2</total>
				<timestamp>565.384588</timestamp>
			</report>
			<report>
				<misses>1618001</misses>
				<total>2</total>
				<timestamp>565.734235</timestamp>
			</report>
			<report>
				<misses>1619001</misses>
				<total>2</total>
				<timestamp>566.083892</timestamp>
			</report>
			<report>
				<misses>1620001</misses>
				<total>2</total>
				<timestamp>566.433527</timestamp>
			</report>
			<report>
				<misses>1621001</misses>
				<total>2</total>
				<timestamp>566.783199</timestamp>
			</report>
			<report>
				<misses>1622001</misses>
				<total>2</total>
				<timestamp>567.132838</timestamp>
			</report>
			<report>
				<misses>1623001</misses>
				<total>2</total>
				<timestamp>567.482530</timestamp>
			</report>
			<report>
				<misses>1624001</misses>
				<total>2</total>
				<timestamp>567.832133</timestamp>
			</report>
			<report>
				<misses>1625001</misses>
				<total>2</total>
				<timestamp>568.181792</timestamp>
			</report>
			<report>
				<misses>1626001</misses>
				<total>2</total>
				<timestamp>568.531449</timestamp>
			</report>
			<report>
				<misses>1627001</misses>
				<total>2</total>
				<timestamp>568.881096</timestamp>
			</report>
			<report>
				<misses>1628001</misses>
				<total>2</total>
				<timestamp>569.230734</timestamp>
			</report>
			<report>
				<misses>1629001</misses>
				<total>2</total>
				<timestamp>569.580404</timestamp>
			</report>
			<report>
				<misses>1630001</misses>
				<total>2</total>
				<timestamp>569.930091</timestamp>
			</report>
			<report>
				<misses>1631001</misses>
				<total>2</total>
				<timestamp>570.279688</timestamp>
			</report>
			<report>
				<misses>1632001</misses>
				<total>2</total>
				<timestamp>570.629326</timestamp>
			</report>
			<report>
				<misses>1633001</misses>
				<total>2</total>
				<timestamp>570.978981</timestamp>
			</report>
			<report>
				<misses>1634001</misses>
				<total>2</total>
				<timestamp>571.328625</timestamp>
			</report>
			<report>
				<misses>1635001</misses>
				<total>2</total>
				<timestamp>571.678286</timestamp>
			</report>
			<report>
				<misses>1636001</misses>
				<total>2</total>
				<timestamp>572.027946</timestamp>
			</report>
			<report>
				<misses>1637001</misses>
				<total>2</total>
				<timestamp>572.377582</timestamp>
			</report>
			<report>
				<misses>1638001</misses>
				<total>2</total>
				<timestamp>572.727239</timestamp>
			</report>
			<report>
				<misses>1639001</misses>
				<total>2</total>
				<timestamp>573.076932</timestamp>
			</report>
			<report>
				<misses>1640001</misses>
				<total>2</total>
				<timestamp>573.426540</timestamp>
			</report>
			<report>
				<misses>1641001</misses>
				<total>2</total>
				<timestamp>573.776189</timestamp>
			</report>
			<report>
				<misses>1642001</misses>
				<total>2</total>
				<timestamp>574.125875</timestamp>
			</report>
			<report>
				<misses>1643001</misses>
				<total>2</total>
				<timestamp>574.475490</timestamp>
			</report>
			<report>
				<misses>1644001</misses>
				<total>2</total>
				<timestamp>574.825160</timestamp>
			</report>
			<report>
				<misses>1645001</misses>
				<total>2</total>
				<timestamp>575.174778</timestamp>
			</report>
			<report>
				<misses>1646001</misses>
				<total>2</total>
				<timestamp>575.524452</timestamp>
			</report>
			<report>
				<misses>1647001</misses>
				<total>2</total>
				<timestamp>575.874110</timestamp>
			</report>
			<report>
				<misses>1648001</misses>
				<total>2</total>
				<timestamp>576.223742</timestamp>
			</report>
			<report>
				<misses>1649001</misses>
				<total>2</total>
				<timestamp>576.573390</timestamp>
			</report>
			<report>
				<misses>1650001</misses>
				<total>2</total>
				<timestamp>576.923033</timestamp>
			</report>
			<report>
				<misses>1651001</misses>
				<total>2</total>
				<timestamp>577.272669</timestamp>
			</report>
			<report>
				<misses>1652001</misses>
				<total>2</total>
				<timestamp>577.622333</timestamp>
			</report>
			<report>
				<misses>1653001</misses>
				<total>2</total>
				<timestamp>577.972035</timestamp>
			</report>
			<report>
				<misses>1654001</misses>
				<total>2</total>
				<timestamp>578.321633</timestamp>
			</report>
			<report>
				<misses>1655001</misses>
				<total>2</total>
				<timestamp>578.671283</timestamp>
			</report>
			<report>
				<misses>1656001</misses>
				<total>2</total>
				<timestamp>579.020947</timestamp>
			</report>
			<report>
				<misses>1657001</misses>
				<total>2</total>
				<timestamp>579.370585</timestamp>
			</report>
			<report>
				<misses>1658001</misses>
				<total>2</total>
				<timestamp>579.720272</timestamp>
			</report>
			<report>
				<misses>1659001</misses>
				<total>2</total>
				<timestamp>580.069902</timestamp>
			</report>
			<report>
				<misses>1660001</misses>
				<total>2</total>
				<timestamp>580.419550</timestamp>
			</report>
			<report>
				<misses>1661001</misses>
				<total>2</total>
				<timestamp>580.769217</timestamp>
			</report>
			<report>
				<misses>1662001</misses>
				<total>2</total>
				<timestamp>581.118856</timestamp>
			</report>
			<report>
				<misses>1663001</misses>
				<total>2</total>
				<timestamp>581.468493</timestamp>
			</report>
			<report>
				<misses>1664001</misses>
				<total>2</total>
				<timestamp>581.818125</timestamp>
			</report>
			<report>
				<misses>1665001</misses>
				<total>2</total>
				<timestamp>582.167783</timestamp>
			</report>
			<report>
				<misses>1666001</misses>
				<total>2</total>
				<timestamp>582.517423</timestamp>
			</report>
			<report>
				<misses>1667001</misses>
				<total>2</total>
				<timestamp>582.867106</timestamp>
			</report>
			<report>
				<misses>1668001</misses>
				<total>2</total>
				<timestamp>583.216772</timestamp>
			</report>
			<report>
				<misses>1669001</misses>
				<total>2</total>
				<timestamp>583.566414</timestamp>
			</report>
			<report>
				<misses>1670001</misses>
				<total>2</total>
				<timestamp>583.916032</timestamp>
			</report>
			<report>
				<misses>1671001</misses>
				<total>2</total>
				<timestamp>584.265675</timestamp>
			</report>
			<report>
				<misses>1672001</misses>
				<total>2</total>
				<timestamp>584.615333</timestamp>
			</report>
			<report>
				<misses>1673001</misses>
				<total>2</total>
				<timestamp>584.964997</timestamp>
			</report>
			<report>
				<misses>1674001</misses>
				<total>2</total>
				<timestamp>585.314631</timestamp>
			</report>
			<report>
				<misses>1675001</misses>
				<total>2</total>
				<timestamp>585.664281</timestamp>
			</report>
			<report>
				<misses>1676001</misses>
				<total>2</total>
				<timestamp>586.013948</timestamp>
			</report>
			<report>
				<misses>1677001</misses>
				<total>2</total>
				<timestamp>586.363600</timestamp>
			</report>
			<report>
				<misses>1678001</misses>
				<total>2</total>
				<timestamp>586.713252</timestamp>
			</report>
			<report>
				<misses>1679001</misses>
				<total>2</total>
				<timestamp>587.062886</timestamp>
			</report>
			<report>
				<misses>1680001</misses>
				<total>2</total>
				<timestamp>587.412533</timestamp>
			</report>
			<report>
				<misses>1681001</misses>
				<total>2</total>
				<timestamp>587.762175</timestamp>
			</report>
			<report>
				<misses>1682001</misses>
				<total>2</total>
				<timestamp>588.111880</timestamp>
			</report>
			<report>
				<misses>1683001</misses>
				<total>2</total>
				<timestamp>588.461481</timestamp>
			</report>
			<report>
				<misses>1684001</misses>
				<total>2</total>
				<timestamp>588.811138</timestamp>
			</report>
			<report>
				<misses>1685001</misses>
				<total>2</total>
				<timestamp>589.160799</timestamp>
			</report>
			<report>
				<misses>1686001</misses>
				<total>2</total>
				<timestamp>589.510425</timestamp>
			</report>
			<report>
				<misses>1687001</misses>
				<total>2</total>
				<timestamp>589.860105</timestamp>
			</report>
			<report>
				<misses>1688001</misses>
				<total>2</total>
				<timestamp>590.209752</timestamp>
			</report>
			<report>
				<misses>1689001</misses>
				<total>2</total>
				<timestamp>590.559372</timestamp>
			</report>
			<report>
				<misses>1690001</misses>
				<total>2</total>
				<timestamp>590.909046</timestamp>
			</report>
			<report>
				<misses>1691001</misses>
				<total>2</total>
				<timestamp>591.258676</timestamp>
			</report>
			<report>
				<misses>1692001</misses>
				<total>2</total>
				<timestamp>591.608341</timestamp>
			</report>
			<report>
				<misses>1693001</misses>
				<total>2</total>
				<timestamp>591.957974</timestamp>
			</report>
			<report>
				<misses>1694001</misses>
				<total>2</total>
				<timestamp>592.307620</timestamp>
			</report>
			<report>
				<misses>1695001</misses>
				<total>2</total>
				<timestamp>592.657276</timestamp>
			</report>
			<report>
				<misses>1696001</misses>
				<total>2</total>
				<timestamp>593.006975</timestamp>
			</report>
			<report>
				<misses>1697001</misses>
				<total>2</total>
				<timestamp>593.356576</timestamp>
			</report>
			<report>
				<misses>1698001</misses>
				<total>2</total>
				<timestamp>593.706219</timestamp>
			</report>
			<report>
				<misses>1699001</misses>
				<total>2</total>
				<timestamp>594.055941</timestamp>
			</report>
			<report>
				<misses>1700001</misses>
				<total>2</total>
				<timestamp>594.405520</timestamp>
			</report>
			<report>
				<misses>1701001</misses>
				<total>2</total>
				<timestamp>594.755178</timestamp>
			</report>
			<report>
				<misses>1702001</misses>
				<total>2</total>
				<timestamp>595.104842</timestamp>
			</report>
			<report>
				<misses>1703001</misses>
				<total>2</total>
				<timestamp>595.454493</timestamp>
			</report>
			<report>
				<misses>1704001</misses>
				<total>2</total>
				<timestamp>595.804142</timestamp>
			</report>
			<report>
				<misses>1705001</misses>
				<total>2</total>
				<timestamp>596.153802</timestamp>
			</report>
			<report>
				<misses>1706001</misses>
				<total>2</total>
				<timestamp>596.503429</timestamp>
			</report>
			<report>
				<misses>1707001</misses>
				<total>2</total>
				<timestamp>596.853132</timestamp>
			</report>
			<report>
				<misses>1708001</misses>
				<total>2</total>
				<timestamp>597.202740</timestamp>
			</report>
			<report>
				<misses>1709001</misses>
				<total>2</total>
				<timestamp>597.552393</timestamp>
			</report>
			<report>
				<misses>1710001</misses>
				<total>2</total>
				<timestamp>597.902074</timestamp>
			</report>
			<report>
				<misses>1711001</misses>
				<total>2</total>
				<timestamp>598.251715</timestamp>
			</report>
			<report>
				<misses>1712001</misses>
				<total>2</total>
				<timestamp>598.601334</timestamp>
			</report>
			<report>
				<misses>1713001</misses>
				<total>2</total>
				<timestamp>598.950968</timestamp>
			</report>
			<report>
				<misses>1714001</misses>
				<total>2</total>
				<timestamp>599.300629</timestamp>
			</report>
			<report>
				<misses>1715001</misses>
				<total>2</total>
				<timestamp>599.650316</timestamp>
			</report>
			<report>
				<misses>1716001</misses>
				<total>2</total>
				<timestamp>599.999985</timestamp>
			</report>
			<report>
				<misses>1717001</misses>
				<total>2</total>
				<timestamp>600.349613</timestamp>
			</report>
			<report>
				<misses>1718001</misses>
				<total>2</total>
				<timestamp>600.699220</timestamp>
			</report>
			<report>
				<misses>1719001</misses>
				<total>2</total>
				<timestamp>601.048942</timestamp>
			</report>
			<report>
				<misses>1720001</misses>
				<total>2</total>
				<timestamp>601.398544</timestamp>
			</report>
			<report>
				<misses>1721001</misses>
				<total>2</total>
				<timestamp>601.748186</timestamp>
			</report>
			<report>
				<misses>1722001</misses>
				<total>2</total>
				<timestamp>602.097885</timestamp>
			</report>
			<report>
				<misses>1723001</misses>
				<total>2</total>
				<timestamp>602.447495</timestamp>
			</report>
			<report>
				<misses>1724001</misses>
				<total>2</total>
				<timestamp>602.797123</timestamp>
			</report>
			<report>
				<misses>1725001</misses>
				<total>2</total>
				<timestamp>603.146782</timestamp>
			</report>
			<report>
				<misses>1726001</misses>
				<total>2</total>
				<timestamp>603.496451</timestamp>
			</report>
			<report>
				<misses>1727001</misses>
				<total>2</total>
				<timestamp>603.846118</timestamp>
			</report>
			<report>
				<misses>1728001</misses>
				<total>2</total>
				<timestamp>604.195767</timestamp>
			</report>
			<report>
				<misses>1729001</misses>
				<total>2</total>
				<timestamp>604.545381</timestamp>
			</report>
			<report>
				<misses>1730001</misses>
				<total>2</total>
				<timestamp>604.895048</timestamp>
			</report>
			<report>
				<misses>1731001</misses>
				<total>2</total>
				<timestamp>605.244724</timestamp>
			</report>
			<report>
				<misses>1732001</misses>
				<total>2</total>
				<timestamp>605.594340</timestamp>
			</report>
			<report>
				<misses>1733001</misses>
				<total>2</total>
				<timestamp>605.943994</timestamp>
			</report>
			<report>
				<misses>1734001</misses>
				<total>2</total>
				<timestamp>606.293635</timestamp>
			</report>
			<report>
				<misses>1735001</misses>
				<total>2</total>
				<timestamp>606.643313</timestamp>
			</report>
			<report>
				<misses>1736001</misses>
				<total>2</total>
				<timestamp>606.992954</timestamp>
			</report>
			<report>
				<misses>1737001</misses>
				<total>2</total>
				<timestamp>607.342584</timestamp>
			</report>
			<report>
				<misses>1738001</misses>
				<total>2</total>
				<timestamp>607.692243</timestamp>
			</report>
			<report>
				<misses>1739001</misses>
				<total>2</total>
				<timestamp>608.041924</timestamp>
			</report>
			<report>
				<misses>1740001</misses>
				<total>2</total>
				<timestamp>608.391537</timestamp>
			</report>
			<report>
				<misses>1741001</misses>
				<total>2</total>
				<timestamp>608.741226</timestamp>
			</report>
			<report>
				<misses>1742001</misses>
				<total>2</total>
				<timestamp>609.090843</timestamp>
			</report>
			<report>
				<misses>1743001</misses>
				<total>2</total>
				<timestamp>609.440484</timestamp>
			</report>
			<report>
				<misses>1744001</misses>
				<total>2</total>
				<timestamp>609.790175</timestamp>
			</report>
			<report>
				<misses>1745001</misses>
				<total>2</total>
				<timestamp>610.139823</timestamp>
			</report>
			<report>
				<misses>1746001</misses>
				<total>2</total>
				<timestamp>610.489478</timestamp>
			</report>
			<report>
				<misses>1747001</misses>
				<total>2</total>
				<timestamp>610.839090</timestamp>
			</report>
			<report>
				<misses>1748001</misses>
				<total>2</total>
				<timestamp>611.188740</timestamp>
			</report>
			<report>
				<misses>1749001</misses>
				<total>2</total>
				<timestamp>611.538406</timestamp>
			</report>
			<report>
				<misses>1750001</misses>
				<total>2</total>
				<timestamp>611.888028</timestamp>
			</report>
			<report>
				<misses>1751001</misses>
				<total>2</total>
				<timestamp>612.237680</timestamp>
			</report>
			<report>
				<misses>1752001</misses>
				<total>2</total>
				<timestamp>612.587347</timestamp>
			</report>
			<report>
				<misses>1753001</misses>
				<total>2</total>
				<timestamp>612.937021</timestamp>
			</report>
			<report>
				<misses>1754001</misses>
				<total>2</total>
				<timestamp>613.286662</timestamp>
			</report>
			<report>
				<misses>1755001</misses>
				<total>2</total>
				<timestamp>613.636334</timestamp>
			</report>
			<report>
				<misses>1756001</misses>
				<total>2</total>
				<timestamp>613.985939</timestamp>
			</report>
			<report>
				<misses>1757001</misses>
				<total>2</total>
				<timestamp>614.335585</timestamp>
			</report>
			<report>
				<misses>1758001</misses>
				<total>2</total>
				<timestamp>614.685253</timestamp>
			</report>
			<report>
				<misses>1759001</misses>
				<total>2</total>
				<timestamp>615.034880</timestamp>
			</report>
			<report>
				<misses>1760001</misses>
				<total>2</total>
				<timestamp>615.384543</timestamp>
			</report>
			<report>
				<misses>1761001</misses>
				<total>2</total>
				<timestamp>615.734190</timestamp>
			</report>
			<report>
				<misses>1762001</misses>
				<total>2</total>
				<timestamp>616.083850</timestamp>
			</report>
			<report>
				<misses>1763001</misses>
				<total>2</total>
				<timestamp>616.433490</timestamp>
			</report>
			<report>
				<misses>1764001</misses>
				<total>2</total>
				<timestamp>616.783136</timestamp>
			</report>
			<report>
				<misses>1765001</misses>
				<total>2</total>
				<timestamp>617.132817</timestamp>
			</report>
			<report>
				<misses>1766001</misses>
				<total>2</total>
				<timestamp>617.482446</timestamp>
			</report>
			<report>
				<misses>1767001</misses>
				<total>2</total>
				<timestamp>617.832113</timestamp>
			</report>
			<report>
				<misses>1768001</misses>
				<total>2</total>
				<timestamp>618.181775</timestamp>
			</report>
			<report>
				<misses>1769001</misses>
				<total>2</total>
				<timestamp>618.531397</timestamp>
			</report>
			<report>
				<misses>1770001</misses>
				<total>2</total>
				<timestamp>618.881055</timestamp>
			</report>
			<report>
				<misses>1771001</misses>
				<total>2</total>
				<timestamp>619.230683</timestamp>
			</report>
			<report>
				<misses>1772001</misses>
				<total>2</total>
				<timestamp>619.580389</timestamp>
			</report>
			<report>
				<misses>1773001</misses>
				<total>2</total>
				<timestamp>619.929992</timestamp>
			</report>
			<report>
				<misses>1774001</misses>
				<total>2</total>
				<timestamp>620.279643</timestamp>
			</report>
			<report>
				<misses>1775001</misses>
				<total>2</total>
				<timestamp>620.629312</timestamp>
			</report>
			<report>
				<misses>1776001</misses>
				<total>2</total>
				<timestamp>620.978956</timestamp>
			</report>
			<report>
				<misses>1777001</misses>
				<total>2</total>
				<timestamp>621.328652</timestamp>
			</report>
			<report>
				<misses>1778001</misses>
				<total>2</total>
				<timestamp>621.678254</timestamp>
			</report>
			<report>
				<misses>1779001</misses>
				<total>2</total>
				<timestamp>622.027936</timestamp>
			</report>
			<report>
				<misses>1780001</misses>
				<total>2</total>
				<timestamp>622.377545</timestamp>
			</report>
			<report>
				<misses>1781001</misses>
				<total>2</total>
				<timestamp>622.727218</timestamp>
			</report>
			<report>
				<misses>1782001</misses>
				<total>2</total>
				<timestamp>623.076848</timestamp>
			</report>
			<report>
				<misses>1783001</misses>
				<total>2</total>
				<timestamp>623.426487</timestamp>
			</report>
			<report>
				<misses>1784001</misses>
				<total>2</total>
				<timestamp>623.776137</timestamp>
			</report>
			<report>
				<misses>1785001</misses>
				<total>2</total>
				<timestamp>624.125791</timestamp>
			</report>
			<report>
				<misses>1786001</misses>
				<total>2</total>
				<timestamp>624.475444</timestamp>
			</report>
			<report>
				<misses>1787001</misses>
				<total>2</total>
				<timestamp>624.825115</timestamp>
			</report>
			<report>
				<misses>1788001</misses>
				<total>2</total>
				<timestamp>625.174794</timestamp>
			</report>
			<report>
				<misses>1789001</misses>
				<total>2</total>
				<timestamp>625.524400</timestamp>
			</report>
			<report>
				<misses>1790001</misses>
				<total>2</total>
				<timestamp>625.874037</timestamp>
			</report>
			<report>
				<misses>1791001</misses>
				<total>2</total>
				<timestamp>626.223732</timestamp>
			</report>
			<report>
				<misses>1792001</misses>
				<total>2</total>
				<timestamp>626.573343</timestamp>
			</report>
			<report>
				<misses>1793001</misses>
				<total>2</total>
				<timestamp>626.923001</timestamp>
			</report>
			<report>
				<misses>1794001</misses>
				<total>2</total>
				<timestamp>627.272684</timestamp>
			</report>
			<report>
				<misses>1795001</misses>
				<total>2</total>
				<timestamp>627.622296</timestamp>
			</report>
			<report>
				<misses>1796001</misses>
				<total>2</total>
				<timestamp>627.971980</timestamp>
			</report>
			<report>
				<misses>1797001</misses>
				<total>2</total>
				<timestamp>628.321583</timestamp>
			</report>
			<report>
				<misses>1798001</misses>
				<total>2</total>
				<timestamp>628.671255</timestamp>
			</report>
			<report>
				<misses>1799001</misses>
				<total>2</total>
				<timestamp>629.020886</timestamp>
			</report>
			<report>
				<misses>1800001</misses>
				<total>2</total>
				<timestamp>629.370567</timestamp>
			</report>
			<report>
				<misses>1801001</misses>
				<total>2</total>
				<timestamp>629.720191</timestamp>
			</report>
			<report>
				<misses>1802001</misses>
				<total>2</total>
				<timestamp>630.069832</timestamp>
			</report>
			<report>
				<misses>1803001</misses>
				<total>2</total>
				<timestamp>630.419549</timestamp>
			</report>
			<report>
				<misses>1804001</misses>
				<total>2</total>
				<timestamp>630.769150</timestamp>
			</report>
			<report>
				<misses>1805001</misses>
				<total>2</total>
				<timestamp>631.118789</timestamp>
			</report>
			<report>
				<misses>1806001</misses>
				<total>2</total>
				<timestamp>631.468431</timestamp>
			</report>
			<report>
				<misses>1807001</misses>
				<total>2</total>
				<timestamp>631.818088</timestamp>
			</report>
			<report>
				<misses>1808001</misses>
				<total>2</total>
				<timestamp>632.167767</timestamp>
			</report>
			<report>
				<misses>1809001</misses>
				<total>2</total>
				<timestamp>632.517391</timestamp>
			</report>
			<report>
				<misses>1810001</misses>
				<total>2</total>
				<timestamp>632.867028</timestamp>
			</report>
			<report>
				<misses>1811001</misses>
				<total>2</total>
				<timestamp>633.216706</timestamp>
			</report>
			<report>
				<misses>1812001</misses>
				<total>2</total>
				<timestamp>633.566326</timestamp>
			</report>
			<report>
				<misses>1813001</misses>
				<total>2</total>
				<timestamp>633.916005</timestamp>
			</report>
			<report>
				<misses>1814001</misses>
				<total>2</total>
				<timestamp>634.265688</timestamp>
			</report>
			<report>
				<misses>1815001</misses>
				<total>2</total>
				<timestamp>634.615298</timestamp>
			</report>
			<report>
				<misses>1816001</misses>
				<total>2</total>
				<timestamp>634.964944</timestamp>
			</report>
			<report>
				<misses>1817001</misses>
				<total>2</total>
				<timestamp>635.314576</timestamp>
			</report>
			<report>
				<misses>1818001</misses>
				<total>2</total>
				<timestamp>635.664239</timestamp>
			</report>
			<report>
				<misses>1819001</misses>
				<total>2</total>
				<timestamp>636.013899</timestamp>
			</report>
			<report>
				<misses>1820001</misses>
				<total>2</total>
				<timestamp>636.363587</timestamp>
			</report>
			<report>
				<misses>1821001</misses>
				<total>2</total>
				<timestamp>636.713191</timestamp>
			</report>
			<report>
				<misses>1822001</misses>
				<total>2</total>
				<timestamp>637.062841</timestamp>
			</report>
			<report>
				<misses>1823001</misses>
				<total>2</total>
				<timestamp>637.412512</timestamp>
			</report>
			<report>
				<misses>1824001</misses>
				<total>2</total>
				<timestamp>637.762117</timestamp>
			</report>
			<report>
				<misses>1825001</misses>
				<total>2</total>
				<timestamp>638.111782</timestamp>
			</report>
			<report>
				<misses>1826001</misses>
				<total>2</total>
				<timestamp>638.461441</timestamp>
			</report>
			<report>
				<misses>1827001</misses>
				<total>2</total>
				<timestamp>638.811108</timestamp>
			</report>
			<report>
				<misses>1828001</misses>
				<total>2</total>
				<timestamp>639.160756</timestamp>
			</report>
			<report>
				<misses>1829001</misses>
				<total>2</total>
				<timestamp>639.510393</timestamp>
			</report>
			<report>
				<misses>1830001</misses>
				<total>2</total>
				<timestamp>639.860066</timestamp>
			</report>
			<report>
				<misses>1831001</misses>
				<total>2</total>
				<timestamp>640.209690</timestamp>
			</report>
			<report>
				<misses>1832001</misses>
				<total>2</total>
				<timestamp>640.559348</timestamp>
			</report>
			<report>
				<misses>1833001</misses>
				<total>2</total>
				<timestamp>640.909032</timestamp>
			</report>
			<report>
				<misses>1834001</misses>
				<total>2</total>
				<timestamp>641.258669</timestamp>
			</report>
			<report>
				<misses>1835001</misses>
				<total>2</total>
				<timestamp>641.608316</timestamp>
			</report>
			<report>
				<misses>1836001</misses>
				<total>2</total>
				<timestamp>641.957952</timestamp>
			</report>
			<report>
				<misses>1837001</misses>
				<total>2</total>
				<timestamp>642.307585</timestamp>
			</report>
			<report>
				<misses>1838001</misses>
				<total>2</total>
				<timestamp>642.657241</timestamp>
			</report>
			<report>
				<misses>1839001</misses>
				<total>2</total>
				<timestamp>643.006899</timestamp>
			</report>
			<report>
				<misses>1840001</misses>
				<total>2</total>
				<timestamp>643.356572</timestamp>
			</report>
			<report>
				<misses>1841001</misses>
				<total>2</total>
				<timestamp>643.706194</timestamp>
			</report>
			<report>
				<misses>1842001</misses>
				<total>2</total>
				<timestamp>644.055842</timestamp>
			</report>
			<report>
				<misses>1843001</misses>
				<total>2</total>
				<timestamp>644.405505</timestamp>
			</report>
			<report>
				<misses>1844001</misses>
				<total>2</total>
				<timestamp>644.755152</timestamp>
			</report>
			<report>
				<misses>1845001</misses>
				<total>2</total>
				<timestamp>645.104779</timestamp>
			</report>
			<report>
				<misses>1846001</misses>
				<total>2</total>
				<timestamp>645.454492</timestamp>
			</report>
			<report>
				<misses>1847001</misses>
				<total>2</total>
				<timestamp>645.804100</timestamp>
			</report>
			<report>
				<misses>1848001</misses>
				<total>2</total>
				<timestamp>646.153786</timestamp>
			</report>
			<report>
				<misses>1849001</misses>
				<total>2</total>
				<timestamp>646.503387</timestamp>
			</report>
			<report>
				<misses>1850001</misses>
				<total>2</total>
				<timestamp>646.853085</timestamp>
			</report>
			<report>
				<misses>1851001</misses>
				<total>2</total>
				<timestamp>647.202682</timestamp>
			</report>
			<report>
				<misses>1852001</misses>
				<total>2</total>
				<timestamp>647.552353</timestamp>
			</report>
			<report>
				<misses>1853001</misses>
				<total>2</total>
				<timestamp>647.902014</timestamp>
			</report>
			<report>
				<misses>1854001</misses>
				<total>2</total>
				<timestamp>648.251647</timestamp>
			</report>
			<report>
				<misses>1855001</misses>
				<total>2</total>
				<timestamp>648.601295</timestamp>
			</report>
			<report>
				<misses>1856001</misses>
				<total>2</total>
				<timestamp>648.950931</timestamp>
			</report>
			<report>
				<misses>1857001</misses>
				<total>2</total>
				<timestamp>649.300625</timestamp>
			</report>
			<report>
				<misses>1858001</misses>
				<total>2</total>
				<timestamp>649.650247</timestamp>
			</report>
			<report>
				<misses>1859001</misses>
				<total>2</total>
				<timestamp>649.999877</timestamp>
			</report>
			<report>
				<misses>1860001</misses>
				<total>2</total>
				<timestamp>650.349528</timestamp>
			</report>
			<report>
				<misses>1861001</misses>
				<total>2</total>
				<timestamp>650.699217</timestamp>
			</report>
			<report>
				<misses>1862001</misses>
				<total>2</total>
				<timestamp>651.048835</timestamp>
			</report>
			<report>
				<misses>1863001</misses>
				<total>2</total>
				<timestamp>651.398515</timestamp>
			</report>
			<report>
				<misses>1864001</misses>
				<total>2</total>
				<timestamp>651.748179</timestamp>
			</report>
			<report>
				<misses>1865001</misses>
				<total>2</total>
				<timestamp>652.097789</timestamp>
			</report>
			<report>
				<misses>1866001</misses>
				<total>2</total>
				<timestamp>652.447458</timestamp>
			</report>
			<report>
				<misses>1867001</misses>
				<total>2</total>
				<timestamp>652.797092</timestamp>
			</report>
			<report>
				<misses>1868001</misses>
				<total>2</total>
				<timestamp>653.146736</timestamp>
			</report>
			<report>
				<misses>1869001</misses>
				<total>2</total>
				<timestamp>653.496437</timestamp>
			</report>
			<report>
				<misses>1870001</misses>
				<total>2</total>
				<timestamp>653.846034</timestamp>
			</report>
			<report>
				<misses>1871001</misses>
				<total>2</total>
				<timestamp>654.195694</timestamp>
			</report>
			<report>
				<misses>1872001</misses>
				<total>2</total>
				<timestamp>654.545354</timestamp>
			</report>
			<report>
				<misses>1873001</misses>
				<total>2</total>
				<timestamp>654.894984</timestamp>
			</report>
			<report>
				<misses>1874001</misses>
				<total>2</total>
				<timestamp>655.244645</timestamp>
			</report>
			<report>
				<misses>1875001</misses>
				<total>2</total>
				<timestamp>655.594289</timestamp>
			</report>
			<report>
				<misses>1876001</misses>
				<total>2</total>
				<timestamp>655.943946</timestamp>
			</report>
			<report>
				<misses>1877001</misses>
				<total>2</total>
				<timestamp>656.293591</timestamp>
			</report>
			<report>
				<misses>1878001</misses>
				<total>2</total>
				<timestamp>656.643245</timestamp>
			</report>
			<report>
				<misses>1879001</misses>
				<total>2</total>
				<timestamp>656.992894</timestamp>
			</report>
			<report>
				<misses>1880001</misses>
				<total>2</total>
				<timestamp>657.342555</timestamp>
			</report>
			<report>
				<misses>1881001</misses>
				<total>2</total>
				<timestamp>657.692201</timestamp>
			</report>
			<report>
				<misses>1882001</misses>
				<total>2</total>
				<timestamp>658.041859</timestamp>
			</report>
			<report>
				<misses>1883001</misses>
				<total>2</total>
				<timestamp>658.391504</timestamp>
			</report>
			<report>
				<misses>1884001</misses>
				<total>2</total>
				<timestamp>658.741165</timestamp>
			</report>
			<report>
				<misses>1885001</misses>
				<total>2</total>
				<timestamp>659.090818</timestamp>
			</report>
			<report>
				<misses>1886001</misses>
				<total>2</total>
				<timestamp>659.440443</timestamp>
			</report>
			<report>
				<misses>1887001</misses>
				<total>2</total>
				<timestamp>659.790121</timestamp>
			</report>
			<report>
				<misses>1888001</misses>
				<total>2</total>
				<timestamp>660.139745</timestamp>
			</report>
			<report>
				<misses>1889001</misses>
				<total>2</total>
				<timestamp>660.489412</timestamp>
			</report>
			<report>
				<misses>1890001</misses>
				<total>2</total>
				<timestamp>660.839045</timestamp>
			</report>
			<report>
				<misses>1891001</misses>
				<total>2</total>
				<timestamp>661.188686</timestamp>
			</report>
			<report>
				<misses>1892001</misses>
				<total>2</total>
				<timestamp>661.538345</timestamp>
			</report>
			<report>
				<misses>1893001</misses>
				<total>2</total>
				<timestamp>661.888002</timestamp>
			</report>
			<report>
				<misses>1894001</misses>
				<total>2</total>
				<timestamp>662.237629</timestamp>
			</report>
			<report>
				<misses>1895001</misses>
				<total>2</total>
				<timestamp>662.587391</timestamp>
			</report>
			<report>
				<misses>1896001</misses>
				<total>2</total>
				<timestamp>662.936940</timestamp>
			</report>
			<report>
				<misses>1897001</misses>
				<total>2</total>
				<timestamp>663.286591</timestamp>
			</report>
			<report>
				<misses>1898001</misses>
				<total>2</total>
				<timestamp>663.636289</timestamp>
			</report>
			<report>
				<misses>1899001</misses>
				<total>2</total>
				<timestamp>663.985897</timestamp>
			</report>
			<report>
				<misses>1900001</misses>
				<total>2</total>
				<timestamp>664.335529</timestamp>
			</report>
			<report>
				<misses>1901001</misses>
				<total>2</total>
				<timestamp>664.685183</timestamp>
			</report>
			<report>
				<misses>1902001</misses>
				<total>2</total>
				<timestamp>665.034837</timestamp>
			</report>
			<report>
				<misses>1903001</misses>
				<total>2</total>
				<timestamp>665.384507</timestamp>
			</report>
			<report>
				<misses>1904001</misses>
				<total>2</total>
				<timestamp>665.734135</timestamp>
			</report>
			<report>
				<misses>1905001</misses>
				<total>2</total>
				<timestamp>666.083779</timestamp>
			</report>
			<report>
				<misses>1906001</misses>
				<total>2</total>
				<timestamp>666.433503</timestamp>
			</report>
			<report>
				<misses>1907001</misses>
				<total>2</total>
				<timestamp>666.783102</timestamp>
			</report>
			<report>
				<misses>1908001</misses>
				<total>2</total>
				<timestamp>667.132725</timestamp>
			</report>
			<report>
				<misses>1909001</misses>
				<total>2</total>
				<timestamp>667.482431</timestamp>
			</report>
			<report>
				<misses>1910001</misses>
				<total>2</total>
				<timestamp>667.832062</timestamp>
			</report>
			<report>
				<misses>1911001</misses>
				<total>2</total>
				<timestamp>668.181694</timestamp>
			</report>
			<report>
				<misses>1912001</misses>
				<total>2</total>
				<timestamp>668.531388</timestamp>
			</report>
			<report>
				<misses>1913001</misses>
				<total>2</total>
				<timestamp>668.880981</timestamp>
			</report>
			<report>
				<misses>1914001</misses>
				<total>2</total>
				<timestamp>669.230638</timestamp>
			</report>
			<report>
				<misses>1915001</misses>
				<total>2</total>
				<timestamp>669.580363</timestamp>
			</report>
			<report>
				<misses>1916001</misses>
				<total>2</total>
				<timestamp>669.929950</timestamp>
			</report>
			<report>
				<misses>1917001</misses>
				<total>2</total>
				<timestamp>670.279633</timestamp>
			</report>
			<report>
				<misses>1918001</misses>
				<total>2</total>
				<timestamp>670.629241</timestamp>
			</report>
			<report>
				<misses>1919001</misses>
				<total>2</total>
				<timestamp>670.978881</timestamp>
			</report>
			<report>
				<misses>1920001</misses>
				<total>2</total>
				<timestamp>671.328550</timestamp>
			</report>
			<report>
				<misses>1921001</misses>
				<total>2</total>
				<timestamp>671.678223</timestamp>
			</report>
			<report>
				<misses>1922001</misses>
				<total>2</total>
				<timestamp>672.027832</timestamp>
			</report>
			<report>
				<misses>1923001</misses>
				<total>2</total>
				<timestamp>672.377496</timestamp>
			</report>
			<report>
				<misses>1924001</misses>
				<total>2</total>
				<timestamp>672.727138</timestamp>
			</report>
			<report>
				<misses>1925001</misses>
				<total>2</total>
				<timestamp>673.076773</timestamp>
			</report>
			<report>
				<misses>1926001</misses>
				<total>2</total>
				<timestamp>673.426438</timestamp>
			</report>
			<report>
				<misses>1927001</misses>
				<total>2</total>
				<timestamp>673.776083</timestamp>
			</report>
			<report>
				<misses>1928001</misses>
				<total>2</total>
				<timestamp>674.125723</timestamp>
			</report>
			<report>
				<misses>1929001</misses>
				<total>2</total>
				<timestamp>674.475374</timestamp>
			</report>
			<report>
				<misses>1930001</misses>
				<total>2</total>
				<timestamp>674.825027</timestamp>
			</report>
			<report>
				<misses>1931001</misses>
				<total>2</total>
				<timestamp>675.174692</timestamp>
			</report>
			<report>
				<misses>1932001</misses>
				<total>2</total>
				<timestamp>675.524329</timestamp>
			</report>
			<report>
				<misses>1933001</misses>
				<total>2</total>
				<timestamp>675.874009</timestamp>
			</report>
			<report>
				<misses>1934001</misses>
				<total>2</total>
				<timestamp>676.223636</timestamp>
			</report>
			<report>
				<misses>1935001</misses>
				<total>2</total>
				<timestamp>676.573311</timestamp>
			</report>
			<report>
				<misses>1936001</misses>
				<total>2</total>
				<timestamp>676.922933</timestamp>
			</report>
			<report>
				<misses>1937001</misses>
				<total>2</total>
				<timestamp>677.272581</timestamp>
			</report>
			<report>
				<misses>1938001</misses>
				<total>2</total>
				<timestamp>677.622276</timestamp>
			</report>
			<report>
				<misses>1939001</misses>
				<total>2</total>
				<timestamp>677.971872</timestamp>
			</report>
			<report>
				<misses>1940001</misses>
				<total>2</total>
				<timestamp>678.321530</timestamp>
			</report>
			<report>
				<misses>1941001</misses>
				<total>2</total>
				<timestamp>678.671190</timestamp>
			</report>
			<report>
				<misses>1942001</misses>
				<total>2</total>
				<timestamp>679.020821</timestamp>
			</report>
			<report>
				<misses>1943001</misses>
				<total>2</total>
				<timestamp>679.370479</timestamp>
			</report>
			<report>
				<misses>1944001</misses>
				<total>2</total>
				<timestamp>679.720124</timestamp>
			</report>
			<report>
				<misses>1945001</misses>
				<total>2</total>
				<timestamp>680.069799</timestamp>
			</report>
			<report>
				<misses>1946001</misses>
				<total>2</total>
				<timestamp>680.419460</timestamp>
			</report>
			<report>
				<misses>1947001</misses>
				<total>2</total>
				<timestamp>680.769094</timestamp>
			</report>
			<report>
				<misses>1948001</misses>
				<total>2</total>
				<timestamp>681.118729</timestamp>
			</report>
			<report>
				<misses>1949001</misses>
				<total>2</total>
				<timestamp>681.468403</timestamp>
			</report>
			<report>
				<misses>1950001</misses>
				<total>2</total>
				<timestamp>681.818031</timestamp>
			</report>
			<report>
				<misses>1951001</misses>
				<total>2</total>
				<timestamp>682.167732</timestamp>
			</report>
			<report>
				<misses>1952001</misses>
				<total>2</total>
				<timestamp>682.517367</timestamp>
			</report>
			<report>
				<misses>1953001</misses>
				<total>2</total>
				<timestamp>682.866992</timestamp>
			</report>
			<report>
				<misses>1954001</misses>
				<total>2</total>
				<timestamp>683.216683</timestamp>
			</report>
			<report>
				<misses>1955001</misses>
				<total>2</total>
				<timestamp>683.566295</timestamp>
			</report>
			<report>
				<misses>1956001</misses>
				<total>2</total>
				<timestamp>683.915951</timestamp>
			</report>
			<report>
				<misses>1957001</misses>
				<total>2</total>
				<timestamp>684.265577</timestamp>
			</report>
			<report>
				<misses>1958001</misses>
				<total>2</total>
				<timestamp>684.615266</timestamp>
			</report>
			<report>
				<misses>1959001</misses>
				<total>2</total>
				<timestamp>684.964891</timestamp>
			</report>
			<report>
				<misses>1960001</misses>
				<total>2</total>
				<timestamp>685.314574</timestamp>
			</report>
			<report>
				<misses>1961001</misses>
				<total>2</total>
				<timestamp>685.664199</timestamp>
			</report>
			<report>
				<misses>1962001</misses>
				<total>2</total>
				<timestamp>686.013845</timestamp>
			</report>
			<report>
				<misses>1963001</misses>
				<total>2</total>
				<timestamp>686.363512</timestamp>
			</report>
			<report>
				<misses>1964001</misses>
				<total>2</total>
				<timestamp>686.713167</timestamp>
			</report>
			<report>
				<misses>1965001</misses>
				<total>2</total>
				<timestamp>687.062777</timestamp>
			</report>
			<report>
				<misses>1966001</misses>
				<total>2</total>
				<timestamp>687.412445</timestamp>
			</report>
			<report>
				<misses>1967001</misses>
				<total>2</total>
				<timestamp>687.762092</timestamp>
			</report>
			<report>
				<misses>1968001</misses>
				<total>2</total>
				<timestamp>688.111735</timestamp>
			</report>
			<report>
				<misses>1969001</misses>
				<total>2</total>
				<timestamp>688.461442</timestamp>
			</report>
			<report>
				<misses>1970001</misses>
				<total>2</total>
				<timestamp>688.811045</timestamp>
			</report>
			<report>
				<misses>1971001</misses>
				<total>2</total>
				<timestamp>689.160693</timestamp>
			</report>
			<report>
				<misses>1972001</misses>
				<total>2</total>
				<timestamp>689.510339</timestamp>
			</report>
			<report>
				<misses>1973001</misses>
				<total>2</total>
				<timestamp>689.859991</timestamp>
			</report>
			<report>
				<misses>1974001</misses>
				<total>2</total>
				<timestamp>690.209992</timestamp>
			</report>
			<report>
				<misses>1975001</misses>
				<total>2</total>
				<timestamp>690.559686</timestamp>
			</report>
			<report>
				<misses>1976001</misses>
				<total>2</total>
				<timestamp>690.909275</timestamp>
			</report>
			<report>
				<misses>1977001</misses>
				<total>2</total>
				<timestamp>691.258918</timestamp>
			</report>
			<report>
				<misses>1978001</misses>
				<total>2</total>
				<timestamp>691.608621</timestamp>
			</report>
			<report>
				<misses>1979001</misses>
				<total>2</total>
				<timestamp>691.958244</timestamp>
			</report>
			<report>
				<misses>1980001</misses>
				<total>2</total>
				<timestamp>692.307899</timestamp>
			</report>
			<report>
				<misses>1981001</misses>
				<total>2</total>
				<timestamp>692.657574</timestamp>
			</report>
			<report>
				<misses>1982001</misses>
				<total>2</total>
				<timestamp>693.007190</timestamp>
			</report>
			<report>
				<misses>1983001</misses>
				<total>2</total>
				<timestamp>693.356833</timestamp>
			</report>
			<report>
				<misses>1984001</misses>
				<total>2</total>
				<timestamp>693.706477</timestamp>
			</report>
			<report>
				<misses>1985001</misses>
				<total>2</total>
				<timestamp>694.056151</timestamp>
			</report>
			<report>
				<misses>1986001</misses>
				<total>2</total>
				<timestamp>694.405806</timestamp>
			</report>
			<report>
				<misses>1987001</misses>
				<total>2</total>
				<timestamp>694.755431</timestamp>
			</report>
			<report>
				<misses>1988001</misses>
				<total>2</total>
				<timestamp>695.105104</timestamp>
			</report>
			<report>
				<misses>1989001</misses>
				<total>2</total>
				<timestamp>695.454743</timestamp>
			</report>
			<report>
				<misses>1990001</misses>
				<total>2</total>
				<timestamp>695.804383</timestamp>
			</report>
			<report>
				<misses>1991001</misses>
				<total>2</total>
				<timestamp>696.154043</timestamp>
			</report>
			<report>
				<misses>1992001</misses>
				<total>2</total>
				<timestamp>696.503687</timestamp>
			</report>
			<report>
				<misses>1993001</misses>
				<total>2</total>
				<timestamp>696.853331</timestamp>
			</report>
			<report>
				<misses>1994001</misses>
				<total>2</total>
				<timestamp>697.203010</timestamp>
			</report>
			<report>
				<misses>1995001</misses>
				<total>2</total>
				<timestamp>697.552634</timestamp>
			</report>
			<report>
				<misses>1996001</misses>
				<total>2</total>
				<timestamp>697.902283</timestamp>
			</report>
			<report>
				<misses>1997001</misses>
				<total>2</total>
				<timestamp>698.251936</timestamp>
			</report>
			<report>
				<misses>1998001</misses>
				<total>2</total>
				<timestamp>698.601570</timestamp>
			</report>
			<report>
				<misses>1999001</misses>
				<total>2</total>
				<timestamp>698.951298</timestamp>
			</report>
			<report>
				<misses>2000001</misses>
				<total>2</total>
				<timestamp>699.300878</timestamp>
			</report>
			<report>
				<misses>2001001</misses>
				<total>2</total>
				<timestamp>699.650526</timestamp>
			</report>
			<report>
				<misses>2002001</misses>
				<total>2</total>
				<timestamp>700.000206</timestamp>
			</report>
			<report>
				<misses>2003001</misses>
				<total>2</total>
				<timestamp>700.349834</timestamp>
			</report>
			<report>
				<misses>2004001</misses>
				<total>2</total>
				<timestamp>700.699489</timestamp>
			</report>
			<report>
				<misses>2005001</misses>
				<total>2</total>
				<timestamp>701.049163</timestamp>
			</report>
			<report>
				<misses>2006001</misses>
				<total>2</total>
				<timestamp>701.398819</timestamp>
			</report>
			<report>
				<misses>2007001</misses>
				<total>2</total>
				<timestamp>701.748446</timestamp>
			</report>
			<report>
				<misses>2008001</misses>
				<total>2</total>
				<timestamp>702.098156</timestamp>
			</report>
			<report>
				<misses>2009001</misses>
				<total>2</total>
				<timestamp>702.447736</timestamp>
			</report>
			<report>
				<misses>2010001</misses>
				<total>2</total>
				<timestamp>702.797378</timestamp>
			</report>
			<report>
				<misses>2011001</misses>
				<total>2</total>
				<timestamp>703.147081</timestamp>
			</report>
			<report>
				<misses>2012001</misses>
				<total>2</total>
				<timestamp>703.496684</timestamp>
			</report>
			<report>
				<misses>2013001</misses>
				<total>2</total>
				<timestamp>703.846332</timestamp>
			</report>
			<report>
				<misses>2014001</misses>
				<total>2</total>
				<timestamp>704.195996</timestamp>
			</report>
			<report>
				<misses>2015001</misses>
				<total>2</total>
				<timestamp>704.545635</timestamp>
			</report>
			<report>
				<misses>2016001</misses>
				<total>2</total>
				<timestamp>704.895282</timestamp>
			</report>
			<report>
				<misses>2017001</misses>
				<total>2</total>
				<timestamp>705.244934</timestamp>
			</report>
			<report>
				<misses>2018001</misses>
				<total>2</total>
				<timestamp>705.594574</timestamp>
			</report>
			<report>
				<misses>2019001</misses>
				<total>2</total>
				<timestamp>705.944227</timestamp>
			</report>
			<report>
				<misses>2020001</misses>
				<total>2</total>
				<timestamp>706.293904</timestamp>
			</report>
			<report>
				<misses>2021001</misses>
				<total>2</total>
				<timestamp>706.643576</timestamp>
			</report>
			<report>
				<misses>2022001</misses>
				<total>2</total>
				<timestamp>706.993243</timestamp>
			</report>
			<report>
				<misses>2023001</misses>
				<total>2</total>
				<timestamp>707.342828</timestamp>
			</report>
			<report>
				<misses>2024001</misses>
				<total>2</total>
				<timestamp>707.692494</timestamp>
			</report>
			<report>
				<misses>2025001</misses>
				<total>2</total>
				<timestamp>708.042139</timestamp>
			</report>
			<report>
				<misses>2026001</misses>
				<total>2</total>
				<timestamp>708.391792</timestamp>
			</report>
			<report>
				<misses>2027001</misses>
				<total>2</total>
				<timestamp>708.741460</timestamp>
			</report>
			<report>
				<misses>2028001</misses>
				<total>2</total>
				<timestamp>709.091084</timestamp>
			</report>
			<report>
				<misses>2029001</misses>
				<total>2</total>
				<timestamp>709.440736</timestamp>
			</report>
			<report>
				<misses>2030001</misses>
				<total>2</total>
				<timestamp>709.790378</timestamp>
			</report>
			<report>
				<misses>2031001</misses>
				<total>2</total>
				<timestamp>710.140115</timestamp>
			</report>
			<report>
				<misses>2032001</misses>
				<total>2</total>
				<timestamp>710.489674</timestamp>
			</report>
			<report>
				<misses>2033001</misses>
				<total>2</total>
				<timestamp>710.839338</timestamp>
			</report>
			<report>
				<misses>2034001</misses>
				<total>2</total>
				<timestamp>711.189028</timestamp>
			</report>
			<report>
				<misses>2035001</misses>
				<total>2</total>
				<timestamp>711.538643</timestamp>
			</report>
			<report>
				<misses>2036001</misses>
				<total>2</total>
				<timestamp>711.888281</timestamp>
			</report>
			<report>
				<misses>2037001</misses>
				<total>2</total>
				<timestamp>712.237968</timestamp>
			</report>
			<report>
				<misses>2038001</misses>
				<total>2</total>
				<timestamp>712.587635</timestamp>
			</report>
			<report>
				<misses>2039001</misses>
				<total>2</total>
				<timestamp>712.937233</timestamp>
			</report>
			<report>
				<misses>2040001</misses>
				<total>2</total>
				<timestamp>713.286905</timestamp>
			</report>
			<report>
				<misses>2041001</misses>
				<total>2</total>
				<timestamp>713.636551</timestamp>
			</report>
			<report>
				<misses>2042001</misses>
				<total>2</total>
				<timestamp>713.986183</timestamp>
			</report>
			<report>
				<misses>2043001</misses>
				<total>2</total>
				<timestamp>714.335853</timestamp>
			</report>
			<report>
				<misses>2044001</misses>
				<total>2</total>
				<timestamp>714.685495</timestamp>
			</report>
			<report>
				<misses>2045001</misses>
				<total>2</total>
				<timestamp>715.035151</timestamp>
			</report>
			<report>
				<misses>2046001</misses>
				<total>2</total>
				<timestamp>715.384785</timestamp>
			</report>
			<report>
				<misses>2047001</misses>
				<total>2</total>
				<timestamp>715.734448</timestamp>
			</report>
			<report>
				<misses>2048001</misses>
				<total>2</total>
				<timestamp>716.084092</timestamp>
			</report>
			<report>
				<misses>2049001</misses>
				<total>2</total>
				<timestamp>716.433738</timestamp>
			</report>
			<report>
				<misses>2050001</misses>
				<total>2</total>
				<timestamp>716.783380</timestamp>
			</report>
			<report>
				<misses>2051001</misses>
				<total>2</total>
				<timestamp>717.133059</timestamp>
			</report>
			<report>
				<misses>2052001</misses>
				<total>2</total>
				<timestamp>717.482681</timestamp>
			</report>
			<report>
				<misses>2053001</misses>
				<total>2</total>
				<timestamp>717.832361</timestamp>
			</report>
			<report>
				<misses>2054001</misses>
				<total>2</total>
				<timestamp>718.182063</timestamp>
			</report>
			<report>
				<misses>2055001</misses>
				<total>2</total>
				<timestamp>718.531637</timestamp>
			</report>
			<report>
				<misses>2056001</misses>
				<total>2</total>
				<timestamp>718.881291</timestamp>
			</report>
			<report>
				<misses>2057001</misses>
				<total>2</total>
				<timestamp>719.230936</timestamp>
			</report>
			<report>
				<misses>2058001</misses>
				<total>2</total>
				<timestamp>719.580601</timestamp>
			</report>
			<report>
				<misses>2059001</misses>
				<total>2</total>
				<timestamp>719.930232</timestamp>
			</report>
			<report>
				<misses>2060001</misses>
				<total>2</total>
				<timestamp>720.279890</timestamp>
			</report>
			<report>
				<misses>2061001</misses>
				<total>2</total>
				<timestamp>720.629543</timestamp>
			</report>
			<report>
				<misses>2062001</misses>
				<total>2</total>
				<timestamp>720.979185</timestamp>
			</report>
			<report>
				<misses>2063001</misses>
				<total>2</total>
				<timestamp>721.328816</timestamp>
			</report>
			<report>
				<misses>2064001</misses>
				<total>2</total>
				<timestamp>721.678538</timestamp>
			</report>
			<report>
				<misses>2065001</misses>
				<total>2</total>
				<timestamp>722.028146</timestamp>
			</report>
			<report>
				<misses>2066001</misses>
				<total>2</total>
				<timestamp>722.377788</timestamp>
			</report>
			<report>
				<misses>2067001</misses>
				<total>2</total>
				<timestamp>722.727444</timestamp>
			</report>
			<report>
				<misses>2068001</misses>
				<total>2</total>
				<timestamp>723.077157</timestamp>
			</report>
			<report>
				<misses>2069001</misses>
				<total>2</total>
				<timestamp>723.426755</timestamp>
			</report>
			<report>
				<misses>2070001</misses>
				<total>2</total>
				<timestamp>723.776375</timestamp>
			</report>
			<report>
				<misses>2071001</misses>
				<total>2</total>
				<timestamp>724.126059</timestamp>
			</report>
			<report>
				<misses>2072001</misses>
				<total>2</total>
				<timestamp>724.475731</timestamp>
			</report>
			<report>
				<misses>2073001</misses>
				<total>2</total>
				<timestamp>724.825337</timestamp>
			</report>
			<report>
				<misses>2074001</misses>
				<total>2</total>
				<timestamp>725.175013</timestamp>
			</report>
			<report>
				<misses>2075001</misses>
				<total>3</total>
				<timestamp>725.524641</timestamp>
			</report>
			<report>
				<misses>2076001</misses>
				<total>3</total>
				<timestamp>725.874292</timestamp>
			</report>
			<report>
				<misses>2077001</misses>
				<total>3</total>
				<timestamp>726.224002</timestamp>
			</report>
			<report>
				<misses>2078001</misses>
				<total>3</total>
				<timestamp>726.573646</timestamp>
			</report>
			<report>
				<misses>2079001</misses>
				<total>3</total>
				<timestamp>726.923260</timestamp>
			</report>
			<report>
				<misses>2080001</misses>
				<total>3</total>
				<timestamp>727.272888</timestamp>
			</report>
			<report>
				<misses>2081001</misses>
				<total>3</total>
				<timestamp>727.622530</timestamp>
			</report>
			<report>
				<misses>2082001</misses>
				<total>3</total>
				<timestamp>727.972196</timestamp>
			</report>
			<report>
				<misses>2083001</misses>
				<total>3</total>
				<timestamp>728.321823</timestamp>
			</report>
			<report>
				<misses>2084001</misses>
				<total>3</total>
				<timestamp>728.671469</timestamp>
			</report>
			<report>
				<misses>2085001</misses>
				<total>3</total>
				<timestamp>729.021119</timestamp>
			</report>
			<report>
				<misses>2086001</misses>
				<total>3</total>
				<timestamp>729.370785</timestamp>
			</report>
			<report>
				<misses>2087001</misses>
				<total>3</total>
				<timestamp>729.720444</timestamp>
			</report>
			<report>
				<misses>2088001</misses>
				<total>3</total>
				<timestamp>730.070139</timestamp>
			</report>
			<report>
				<misses>2089001</misses>
				<total>3</total>
				<timestamp>730.419722</timestamp>
			</report>
			<report>
				<misses>2090001</misses>
				<total>3</total>
				<timestamp>730.769414</timestamp>
			</report>
			<report>
				<misses>2091001</misses>
				<total>3</total>
				<timestamp>731.119063</timestamp>
			</report>
			<report>
				<misses>2092001</misses>
				<total>3</total>
				<timestamp>731.468673</timestamp>
			</report>
			<report>
				<misses>2093001</misses>
				<total>3</total>
				<timestamp>731.818343</timestamp>
			</report>
			<report>
				<misses>2094001</misses>
				<total>3</total>
				<timestamp>732.168020</timestamp>
			</report>
			<report>
				<misses>2095001</misses>
				<total>3</total>
				<timestamp>732.517636</timestamp>
			</report>
			<report>
				<misses>2096001</misses>
				<total>3</total>
				<timestamp>732.867277</timestamp>
			</report>
			<report>
				<misses>2097001</misses>
				<total>3</total>
				<timestamp>733.216960</timestamp>
			</report>
			<report>
				<misses>2098001</misses>
				<total>3</total>
				<timestamp>733.566577</timestamp>
			</report>
			<report>
				<misses>2099001</misses>
				<total>3</total>
				<timestamp>733.916216</timestamp>
			</report>
			<report>
				<misses>2100001</misses>
				<total>3</total>
				<timestamp>734.265905</timestamp>
			</report>
			<report>
				<misses>2101001</misses>
				<total>3</total>
				<timestamp>734.615546</timestamp>
			</report>
			<report>
				<misses>2102001</misses>
				<total>3</total>
				<timestamp>734.965234</timestamp>
			</report>
			<report>
				<misses>2103001</misses>
				<total>3</total>
				<timestamp>735.314849</timestamp>
			</report>
			<report>
				<misses>2104001</misses>
				<total>3</total>
				<timestamp>735.664514</timestamp>
			</report>
			<report>
				<misses>2105001</misses>
				<total>3</total>
				<timestamp>736.014150</timestamp>
			</report>
			<report>
				<misses>2106001</misses>
				<total>3</total>
				<timestamp>736.363794</timestamp>
			</report>
			<report>
				<misses>2107001</misses>
				<total>3</total>
				<timestamp>736.713431</timestamp>
			</report>
			<report>
				<misses>2108001</misses>
				<total>3</total>
				<timestamp>737.063137</timestamp>
			</report>
			<report>
				<misses>2109001</misses>
				<total>3</total>
				<timestamp>737.412738</timestamp>
			</report>
			<report>
				<misses>2110001</misses>
				<total>3</total>
				<timestamp>737.762397</timestamp>
			</report>
			<report>
				<misses>2111001</misses>
				<total>3</total>
				<timestamp>738.112088</timestamp>
			</report>
			<report>
				<misses>2112001</misses>
				<total>3</total>
				<timestamp>738.461692</timestamp>
			</report>
			<report>
				<misses>2113001</misses>
				<total>3</total>
				<timestamp>738.811339</timestamp>
			</report>
			<report>
				<misses>2114001</misses>
				<total>3</total>
				<timestamp>739.160995</timestamp>
			</report>
			<report>
				<misses>2115001</misses>
				<total>4</total>
				<timestamp>739.510654</timestamp>
			</report>
			<report>
				<misses>2116001</misses>
				<total>4</total>
				<timestamp>739.860274</timestamp>
			</report>
			<report>
				<misses>2117001</misses>
				<total>4</total>
				<timestamp>740.209953</timestamp>
			</report>
			<report>
				<misses>2118001</misses>
				<total>4</total>
				<timestamp>740.559604</timestamp>
			</report>
			<report>
				<misses>2119001</misses>
				<total>4</total>
				<timestamp>740.909219</timestamp>
			</report>
			<report>
				<misses>2120001</misses>
				<total>4</total>
				<timestamp>741.258932</timestamp>
			</report>
			<report>
				<misses>2121001</misses>
				<total>4</total>
				<timestamp>741.608580</timestamp>
			</report>
			<report>
				<misses>2122001</misses>
				<total>4</total>
				<timestamp>741.958191</timestamp>
			</report>
			<report>
				<misses>2123001</misses>
				<total>4</total>
				<timestamp>742.307859</timestamp>
			</report>
			<report>
				<misses>2124001</misses>
				<total>4</total>
				<timestamp>742.657537</timestamp>
			</report>
			<report>
				<misses>2125001</misses>
				<total>4</total>
				<timestamp>743.007151</timestamp>
			</report>
			<report>
				<misses>2126001</misses>
				<total>4</total>
				<timestamp>743.356873</timestamp>
			</report>
			<report>
				<misses>2127001</misses>
				<total>4</total>
				<timestamp>743.706440</timestamp>
			</report>
			<report>
				<misses>2128001</misses>
				<total>4</total>
				<timestamp>744.056106</timestamp>
			</report>
			<report>
				<misses>2129001</misses>
				<total>4</total>
				<timestamp>744.405725</timestamp>
			</report>
			<report>
				<misses>2130001</misses>
				<total>4</total>
				<timestamp>744.755371</timestamp>
			</report>
			<report>
				<misses>2131001</misses>
				<total>4</total>
				<timestamp>745.105029</timestamp>
			</report>
			<report>
				<misses>2132001</misses>
				<total>4</total>
				<timestamp>745.454692</timestamp>
			</report>
			<report>
				<misses>2133001</misses>
				<total>4</total>
				<timestamp>745.804376</timestamp>
			</report>
			<report>
				<misses>2134001</misses>
				<total>4</total>
				<timestamp>746.154005</timestamp>
			</report>
			<report>
				<misses>2135001</misses>
				<total>4</total>
				<timestamp>746.503651</timestamp>
			</report>
			<report>
				<misses>2136001</misses>
				<total>4</total>
				<timestamp>746.853321</timestamp>
			</report>
			<report>
				<misses>2137001</misses>
				<total>4</total>
				<timestamp>747.202929</timestamp>
			</report>
			<report>
				<misses>2138001</misses>
				<total>4</total>
				<timestamp>747.552577</timestamp>
			</report>
			<report>
				<misses>2139001</misses>
				<total>4</total>
				<timestamp>747.902251</timestamp>
			</report>
			<report>
				<misses>2140001</misses>
				<total>4</total>
				<timestamp>748.251875</timestamp>
			</report>
			<report>
				<misses>2141001</misses>
				<total>4</total>
				<timestamp>748.601537</timestamp>
			</report>
			<report>
				<misses>2142001</misses>
				<total>4</total>
				<timestamp>748.951170</timestamp>
			</report>
			<report>
				<misses>2143001</misses>
				<total>4</total>
				<timestamp>749.300871</timestamp>
			</report>
			<report>
				<misses>2144001</misses>
				<total>4</total>
				<timestamp>749.650482</timestamp>
			</report>
			<report>
				<misses>2145001</misses>
				<total>4</total>
				<timestamp>750.000127</timestamp>
			</report>
			<report>
				<misses>2146001</misses>
				<total>4</total>
				<timestamp>750.349788</timestamp>
			</report>
			<report>
				<misses>2147001</misses>
				<total>4</total>
				<timestamp>750.699424</timestamp>
			</report>
			<report>
				<misses>2148001</misses>
				<total>4</total>
				<timestamp>751.049083</timestamp>
			</report>
			<report>
				<misses>2149001</misses>
				<total>4</total>
				<timestamp>751.398735</timestamp>
			</report>
			<report>
				<misses>2150001</misses>
				<total>4</total>
				<timestamp>751.748382</timestamp>
			</report>
			<report>
				<misses>2151001</misses>
				<total>4</total>
				<timestamp>752.098065</timestamp>
			</report>
			<report>
				<misses>2152001</misses>
				<total>4</total>
				<timestamp>752.447676</timestamp>
			</report>
			<report>
				<misses>2153001</misses>
				<total>4</total>
				<timestamp>752.797329</timestamp>
			</report>
			<report>
				<misses>2154001</misses>
				<total>4</total>
				<timestamp>753.146988</timestamp>
			</report>
			<report>
				<misses>2155001</misses>
				<total>4</total>
				<timestamp>753.496622</timestamp>
			</report>
			<report>
				<misses>2156001</misses>
				<total>4</total>
				<timestamp>753.846320</timestamp>
			</report>
			<report>
				<misses>2157001</misses>
				<total>4</total>
				<timestamp>754.195944</timestamp>
			</report>
			<report>
				<misses>2158001</misses>
				<total>4</total>
				<timestamp>754.545587</timestamp>
			</report>
			<report>
				<misses>2159001</misses>
				<total>4</total>
				<timestamp>754.895242</timestamp>
			</report>
			<report>
				<misses>2160001</misses>
				<total>4</total>
				<timestamp>755.244893</timestamp>
			</report>
			<report>
				<misses>2161001</misses>
				<total>4</total>
				<timestamp>755.594539</timestamp>
			</report>
			<report>
				<misses>2162001</misses>
				<total>4</total>
				<timestamp>755.944216</timestamp>
			</report>
			<report>
				<misses>2163001</misses>
				<total>4</total>
				<timestamp>756.293860</timestamp>
			</report>
			<report>
				<misses>2164001</misses>
				<total>4</total>
				<timestamp>756.643480</timestamp>
			</report>
			<report>
				<misses>2165001</misses>
				<total>4</total>
				<timestamp>756.993155</timestamp>
			</report>
			<report>
				<misses>2166001</misses>
				<total>4</total>
				<timestamp>757.342800</timestamp>
			</report>
			<report>
				<misses>2167001</misses>
				<total>4</total>
				<timestamp>757.692441</timestamp>
			</report>
			<report>
				<misses>2168001</misses>
				<total>4</total>
				<timestamp>758.042101</timestamp>
			</report>
			<report>
				<misses>2169001</misses>
				<total>4</total>
				<timestamp>758.391775</timestamp>
			</report>
			<report>
				<misses>2170001</misses>
				<total>4</total>
				<timestamp>758.741386</timestamp>
			</report>
			<report>
				<misses>2171001</misses>
				<total>4</total>
				<timestamp>759.091038</timestamp>
			</report>
			<report>
				<misses>2172001</misses>
				<total>4</total>
				<timestamp>759.440707</timestamp>
			</report>
			<report>
				<misses>2173001</misses>
				<total>4</total>
				<timestamp>759.790339</timestamp>
			</report>
			<report>
				<misses>2174001</misses>
				<total>4</total>
				<timestamp>760.140017</timestamp>
			</report>
			<report>
				<misses>2175001</misses>
				<total>4</total>
				<timestamp>760.489624</timestamp>
			</report>
			<report>
				<misses>2176001</misses>
				<total>4</total>
				<timestamp>760.839295</timestamp>
			</report>
			<report>
				<misses>2177001</misses>
				<total>4</total>
				<timestamp>761.188937</timestamp>
			</report>
			<report>
				<misses>2178001</misses>
				<total>4</total>
				<timestamp>761.538574</timestamp>
			</report>
			<report>
				<misses>2179001</misses>
				<total>4</total>
				<timestamp>761.888265</timestamp>
			</report>
			<report>
				<misses>2180001</misses>
				<total>4</total>
				<timestamp>762.237910</timestamp>
			</report>
			<report>
				<misses>2181001</misses>
				<total>4</total>
				<timestamp>762.587530</timestamp>
			</report>
			<report>
				<misses>2182001</misses>
				<total>4</total>
				<timestamp>762.937193</timestamp>
			</report>
			<report>
				<misses>2183001</misses>
				<total>4</total>
				<timestamp>763.286848</timestamp>
			</report>
			<report>
				<misses>2184001</misses>
				<total>4</total>
				<timestamp>763.636480</timestamp>
			</report>
			<report>
				<misses>2185001</misses>
				<total>4</total>
				<timestamp>763.986169</timestamp>
			</report>
			<report>
				<misses>2186001</misses>
				<total>4</total>
				<timestamp>764.335799</timestamp>
			</report>
			<report>
				<misses>2187001</misses>
				<total>4</total>
				<timestamp>764.685439</timestamp>
			</report>
			<report>
				<misses>2188001</misses>
				<total>4</total>
				<timestamp>765.035108</timestamp>
			</report>
			<report>
				<misses>2189001</misses>
				<total>4</total>
				<timestamp>765.384745</timestamp>
			</report>
			<report>
				<misses>2190001</misses>
				<total>4</total>
				<timestamp>765.734372</timestamp>
			</report>
			<report>
				<misses>2191001</misses>
				<total>4</total>
				<timestamp>766.084032</timestamp>
			</report>
			<report>
				<misses>2192001</misses>
				<total>4</total>
				<timestamp>766.433680</timestamp>
			</report>
			<report>
				<misses>2193001</misses>
				<total>4</total>
				<timestamp>766.783319</timestamp>
			</report>
			<report>
				<misses>2194001</misses>
				<total>4</total>
				<timestamp>767.132985</timestamp>
			</report>
			<report>
				<misses>2195001</misses>
				<total>4</total>
				<timestamp>767.482647</timestamp>
			</report>
			<report>
				<misses>2196001</misses>
				<total>4</total>
				<timestamp>767.832315</timestamp>
			</report>
			<report>
				<misses>2197001</misses>
				<total>4</total>
				<timestamp>768.181937</timestamp>
			</report>
			<report>
				<misses>2198001</misses>
				<total>4</total>
				<timestamp>768.531612</timestamp>
			</report>
			<report>
				<misses>2199001</misses>
				<total>4</total>
				<timestamp>768.881235</timestamp>
			</report>
			<report>
				<misses>2200001</misses>
				<total>4</total>
				<timestamp>769.230877</timestamp>
			</report>
			<report>
				<misses>2201001</misses>
				<total>4</total>
				<timestamp>769.580563</timestamp>
			</report>
			<report>
				<misses>2202001</misses>
				<total>4</total>
				<timestamp>769.930218</timestamp>
			</report>
			<report>
				<misses>2203001</misses>
				<total>4</total>
				<timestamp>770.279873</timestamp>
			</report>
			<report>
				<misses>2204001</misses>
				<total>4</total>
				<timestamp>770.629482</timestamp>
			</report>
			<report>
				<misses>2205001</misses>
				<total>4</total>
				<timestamp>770.979128</timestamp>
			</report>
			<report>
				<misses>2206001</misses>
				<total>4</total>
				<timestamp>771.328817</timestamp>
			</report>
			<report>
				<misses>2207001</misses>
				<total>4</total>
				<timestamp>771.678431</timestamp>
			</report>
			<report>
				<misses>2208001</misses>
				<total>4</total>
				<timestamp>772.028093</timestamp>
			</report>
			<report>
				<misses>2209001</misses>
				<total>4</total>
				<timestamp>772.377782</timestamp>
			</report>
			<report>
				<misses>2210001</misses>
				<total>4</total>
				<timestamp>772.727394</timestamp>
			</report>
			<report>
				<misses>2211001</misses>
				<total>4</total>
				<timestamp>773.077034</timestamp>
			</report>
			<report>
				<misses>2212001</misses>
				<total>4</total>
				<timestamp>773.426731</timestamp>
			</report>
			<report>
				<misses>2213001</misses>
				<total>4</total>
				<timestamp>773.776392</timestamp>
			</report>
			<report>
				<misses>2214001</misses>
				<total>4</total>
				<timestamp>774.125967</timestamp>
			</report>
			<report>
				<misses>2215001</misses>
				<total>4</total>
				<timestamp>774.475720</timestamp>
			</report>
			<report>
				<misses>2216001</misses>
				<total>4</total>
				<timestamp>774.825288</timestamp>
			</report>
			<report>
				<misses>2217001</misses>
				<total>4</total>
				<timestamp>775.174937</timestamp>
			</report>
			<report>
				<misses>2218001</misses>
				<total>4</total>
				<timestamp>775.524597</timestamp>
			</report>
			<report>
				<misses>2219001</misses>
				<total>4</total>
				<timestamp>775.874254</timestamp>
			</report>
			<report>
				<misses>2220001</misses>
				<total>4</total>
				<timestamp>776.223880</timestamp>
			</report>
			<report>
				<misses>2221001</misses>
				<total>4</total>
				<timestamp>776.573538</timestamp>
			</report>
			<report>
				<misses>2222001</misses>
				<total>4</total>
				<timestamp>776.923219</timestamp>
			</report>
			<report>
				<misses>2223001</misses>
				<total>4</total>
				<timestamp>777.272847</timestamp>
			</report>
			<report>
				<misses>2224001</misses>
				<total>4</total>
				<timestamp>777.622491</timestamp>
			</report>
			<report>
				<misses>2225001</misses>
				<total>4</total>
				<timestamp>777.972174</timestamp>
			</report>
			<report>
				<misses>2226001</misses>
				<total>4</total>
				<timestamp>778.321802</timestamp>
			</report>
			<report>
				<misses>2227001</misses>
				<total>4</total>
				<timestamp>778.671438</timestamp>
			</report>
			<report>
				<misses>2228001</misses>
				<total>4</total>
				<timestamp>779.021139</timestamp>
			</report>
			<report>
				<misses>2229001</misses>
				<total>4</total>
				<timestamp>779.370797</timestamp>
			</report>
			<report>
				<misses>2230001</misses>
				<total>4</total>
				<timestamp>779.720382</timestamp>
			</report>
			<report>
				<misses>2231001</misses>
				<total>4</total>
				<timestamp>780.070033</timestamp>
			</report>
			<report>
				<misses>2232001</misses>
				<total>4</total>
				<timestamp>780.419715</timestamp>
			</report>
			<report>
				<misses>2233001</misses>
				<total>4</total>
				<timestamp>780.769335</timestamp>
			</report>
			<report>
				<misses>2234001</misses>
				<total>4</total>
				<timestamp>781.118980</timestamp>
			</report>
			<report>
				<misses>2235001</misses>
				<total>4</total>
				<timestamp>781.468720</timestamp>
			</report>
			<report>
				<misses>2236001</misses>
				<total>4</total>
				<timestamp>781.818269</timestamp>
			</report>
			<report>
				<misses>2237001</misses>
				<total>4</total>
				<timestamp>782.167921</timestamp>
			</report>
			<report>
				<misses>2238001</misses>
				<total>4</total>
				<timestamp>782.517611</timestamp>
			</report>
			<report>
				<misses>2239001</misses>
				<total>4</total>
				<timestamp>782.867231</timestamp>
			</report>
			<report>
				<misses>2240001</misses>
				<total>4</total>
				<timestamp>783.216892</timestamp>
			</report>
			<report>
				<misses>2241001</misses>
				<total>4</total>
				<timestamp>783.566541</timestamp>
			</report>
			<report>
				<misses>2242001</misses>
				<total>4</total>
				<timestamp>783.916192</timestamp>
			</report>
			<report>
				<misses>2243001</misses>
				<total>4</total>
				<timestamp>784.265827</timestamp>
			</report>
			<report>
				<misses>2244001</misses>
				<total>4</total>
				<timestamp>784.615517</timestamp>
			</report>
			<report>
				<misses>2245001</misses>
				<total>4</total>
				<timestamp>784.965148</timestamp>
			</report>
			<report>
				<misses>2246001</misses>
				<total>4</total>
				<timestamp>785.314806</timestamp>
			</report>
			<report>
				<misses>2247001</misses>
				<total>4</total>
				<timestamp>785.664455</timestamp>
			</report>
			<report>
				<misses>2248001</misses>
				<total>4</total>
				<timestamp>786.014108</timestamp>
			</report>
			<report>
				<misses>2249001</misses>
				<total>4</total>
				<timestamp>786.363764</timestamp>
			</report>
			<report>
				<misses>2250001</misses>
				<total>4</total>
				<timestamp>786.713425</timestamp>
			</report>
			<report>
				<misses>2251001</misses>
				<total>4</total>
				<timestamp>787.063048</timestamp>
			</report>
			<report>
				<misses>2252001</misses>
				<total>4</total>
				<timestamp>787.412728</timestamp>
			</report>
			<report>
				<misses>2253001</misses>
				<total>4</total>
				<timestamp>787.762352</timestamp>
			</report>
			<report>
				<misses>2254001</misses>
				<total>4</total>
				<timestamp>788.112023</timestamp>
			</report>
			<report>
				<misses>2255001</misses>
				<total>4</total>
				<timestamp>788.461656</timestamp>
			</report>
			<report>
				<misses>2256001</misses>
				<total>4</total>
				<timestamp>788.811308</timestamp>
			</report>
			<report>
				<misses>2257001</misses>
				<total>4</total>
				<timestamp>789.160945</timestamp>
			</report>
			<report>
				<misses>2258001</misses>
				<total>4</total>
				<timestamp>789.510662</timestamp>
			</report>
			<report>
				<misses>2259001</misses>
				<total>4</total>
				<timestamp>789.860273</timestamp>
			</report>
			<report>
				<misses>2260001</misses>
				<total>4</total>
				<timestamp>790.209889</timestamp>
			</report>
			<report>
				<misses>2261001</misses>
				<total>4</total>
				<timestamp>790.559619</timestamp>
			</report>
			<report>
				<misses>2262001</misses>
				<total>4</total>
				<timestamp>790.909175</timestamp>
			</report>
			<report>
				<misses>2263001</misses>
				<total>4</total>
				<timestamp>791.258825</timestamp>
			</report>
			<report>
				<misses>2264001</misses>
				<total>4</total>
				<timestamp>791.608492</timestamp>
			</report>
			<report>
				<misses>2265001</misses>
				<total>4</total>
				<timestamp>791.958127</timestamp>
			</report>
			<report>
				<misses>2266001</misses>
				<total>4</total>
				<timestamp>792.307825</timestamp>
			</report>
			<report>
				<misses>2267001</misses>
				<total>4</total>
				<timestamp>792.657439</timestamp>
			</report>
			<report>
				<misses>2268001</misses>
				<total>4</total>
				<timestamp>793.007092</timestamp>
			</report>
			<report>
				<misses>2269001</misses>
				<total>4</total>
				<timestamp>793.356739</timestamp>
			</report>
			<report>
				<misses>2270001</misses>
				<total>4</total>
				<timestamp>793.706423</timestamp>
			</report>
			<report>
				<misses>2271001</misses>
				<total>4</total>
				<timestamp>794.056091</timestamp>
			</report>
			<report>
				<misses>2272001</misses>
				<total>4</total>
				<timestamp>794.405697</timestamp>
			</report>
			<report>
				<misses>2273001</misses>
				<total>4</total>
				<timestamp>794.755321</timestamp>
			</report>
			<report>
				<misses>2274001</misses>
				<total>4</total>
				<timestamp>795.104986</timestamp>
			</report>
			<report>
				<misses>2275001</misses>
				<total>4</total>
				<timestamp>795.454654</timestamp>
			</report>
			<report>
				<misses>2276001</misses>
				<total>4</total>
				<timestamp>795.804280</timestamp>
			</report>
			<report>
				<misses>2277001</misses>
				<total>4</total>
				<timestamp>796.153951</timestamp>
			</report>
			<report>
				<misses>2278001</misses>
				<total>4</total>
				<timestamp>796.503610</timestamp>
			</report>
			<report>
				<misses>2279001</misses>
				<total>4</total>
				<timestamp>796.853232</timestamp>
			</report>
			<report>
				<misses>2280001</misses>
				<total>4</total>
				<timestamp>797.202879</timestamp>
			</report>
			<report>
				<misses>2281001</misses>
				<total>4</total>
				<timestamp>797.552548</timestamp>
			</report>
			<report>
				<misses>2282001</misses>
				<total>4</total>
				<timestamp>797.902184</timestamp>
			</report>
			<report>
				<misses>2283001</misses>
				<total>4</total>
				<timestamp>798.251835</timestamp>
			</report>
			<report>
				<misses>2284001</misses>
				<total>4</total>
				<timestamp>798.601539</timestamp>
			</report>
			<report>
				<misses>2285001</misses>
				<total>4</total>
				<timestamp>798.951133</timestamp>
			</report>
			<report>
				<misses>2286001</misses>
				<total>4</total>
				<timestamp>799.300797</timestamp>
			</report>
			<report>
				<misses>2287001</misses>
				<total>4</total>
				<timestamp>799.650435</timestamp>
			</report>
			<report>
				<misses>2288001</misses>
				<total>4</total>
				<timestamp>800.000131</timestamp>
			</report>
			<report>
				<misses>2289001</misses>
				<total>4</total>
				<timestamp>800.349731</timestamp>
			</report>
			<report>
				<misses>2290001</misses>
				<total>4</total>
				<timestamp>800.699386</timestamp>
			</report>
			<report>
				<misses>2291001</misses>
				<total>4</total>
				<timestamp>801.049063</timestamp>
			</report>
			<report>
				<misses>2292001</misses>
				<total>4</total>
				<timestamp>801.398684</timestamp>
			</report>
			<report>
				<misses>2293001</misses>
				<total>4</total>
				<timestamp>801.748343</timestamp>
			</report>
			<report>
				<misses>2294001</misses>
				<total>4</total>
				<timestamp>802.097991</timestamp>
			</report>
			<report>
				<misses>2295001</misses>
				<total>4</total>
				<timestamp>802.447657</timestamp>
			</report>
			<report>
				<misses>2296001</misses>
				<total>4</total>
				<timestamp>802.797287</timestamp>
			</report>
			<report>
				<misses>2297001</misses>
				<total>4</total>
				<timestamp>803.146921</timestamp>
			</report>
			<report>
				<misses>2298001</misses>
				<total>4</total>
				<timestamp>803.496631</timestamp>
			</report>
			<report>
				<misses>2299001</misses>
				<total>4</total>
				<timestamp>803.846263</timestamp>
			</report>
			<report>
				<misses>2300001</misses>
				<total>4</total>
				<timestamp>804.195897</timestamp>
			</report>
			<report>
				<misses>2301001</misses>
				<total>4</total>
				<timestamp>804.545535</timestamp>
			</report>
			<report>
				<misses>2302001</misses>
				<total>4</total>
				<timestamp>804.895211</timestamp>
			</report>
			<report>
				<misses>2303001</misses>
				<total>4</total>
				<timestamp>805.244924</timestamp>
			</report>
			<report>
				<misses>2304001</misses>
				<total>4</total>
				<timestamp>805.594558</timestamp>
			</report>
			<report>
				<misses>2305001</misses>
				<total>4</total>
				<timestamp>805.944141</timestamp>
			</report>
			<report>
				<misses>2306001</misses>
				<total>4</total>
				<timestamp>806.293795</timestamp>
			</report>
			<report>
				<misses>2307001</misses>
				<total>4</total>
				<timestamp>806.643482</timestamp>
			</report>
			<report>
				<misses>2308001</misses>
				<total>4</total>
				<timestamp>806.993086</timestamp>
			</report>
			<report>
				<misses>2309001</misses>
				<total>4</total>
				<timestamp>807.342744</timestamp>
			</report>
			<report>
				<misses>2310001</misses>
				<total>4</total>
				<timestamp>807.692398</timestamp>
			</report>
			<report>
				<misses>2311001</misses>
				<total>4</total>
				<timestamp>808.042073</timestamp>
			</report>
			<report>
				<misses>2312001</misses>
				<total>4</total>
				<timestamp>808.391720</timestamp>
			</report>
			<report>
				<misses>2313001</misses>
				<total>4</total>
				<timestamp>808.741360</timestamp>
			</report>
			<report>
				<misses>2314001</misses>
				<total>4</total>
				<timestamp>809.091018</timestamp>
			</report>
			<report>
				<misses>2315001</misses>
				<total>4</total>
				<timestamp>809.440677</timestamp>
			</report>
			<report>
				<misses>2316001</misses>
				<total>4</total>
				<timestamp>809.790299</timestamp>
			</report>
			<report>
				<misses>2317001</misses>
				<total>4</total>
				<timestamp>810.139931</timestamp>
			</report>
			<report>
				<misses>2318001</misses>
				<total>4</total>
				<timestamp>810.489602</timestamp>
			</report>
			<report>
				<misses>2319001</misses>
				<total>4</total>
				<timestamp>810.839263</timestamp>
			</report>
			<report>
				<misses>2320001</misses>
				<total>4</total>
				<timestamp>811.188874</timestamp>
			</report>
			<report>
				<misses>2321001</misses>
				<total>4</total>
				<timestamp>811.538531</timestamp>
			</report>
			<report>
				<misses>2322001</misses>
				<total>4</total>
				<timestamp>811.888200</timestamp>
			</report>
			<report>
				<misses>2323001</misses>
				<total>4</total>
				<timestamp>812.237830</timestamp>
			</report>
			<report>
				<misses>2324001</misses>
				<total>4</total>
				<timestamp>812.587487</timestamp>
			</report>
			<report>
				<misses>2325001</misses>
				<total>4</total>
				<timestamp>812.937154</timestamp>
			</report>
			<report>
				<misses>2326001</misses>
				<total>4</total>
				<timestamp>813.286770</timestamp>
			</report>
			<report>
				<misses>2327001</misses>
				<total>4</total>
				<timestamp>813.636493</timestamp>
			</report>
			<report>
				<misses>2328001</misses>
				<total>4</total>
				<timestamp>813.986089</timestamp>
			</report>
			<report>
				<misses>2329001</misses>
				<total>4</total>
				<timestamp>814.335731</timestamp>
			</report>
			<report>
				<misses>2330001</misses>
				<total>4</total>
				<timestamp>814.685417</timestamp>
			</report>
			<report>
				<misses>2331001</misses>
				<total>4</total>
				<timestamp>815.035064</timestamp>
			</report>
			<report>
				<misses>2332001</misses>
				<total>4</total>
				<timestamp>815.384681</timestamp>
			</report>
			<report>
				<misses>2333001</misses>
				<total>4</total>
				<timestamp>815.734344</timestamp>
			</report>
			<report>
				<misses>2334001</misses>
				<total>4</total>
				<timestamp>816.083975</timestamp>
			</report>
			<report>
				<misses>2335001</misses>
				<total>4</total>
				<timestamp>816.433620</timestamp>
			</report>
			<report>
				<misses>2336001</misses>
				<total>4</total>
				<timestamp>816.783283</timestamp>
			</report>
			<report>
				<misses>2337001</misses>
				<total>4</total>
				<timestamp>817.132977</timestamp>
			</report>
			<report>
				<misses>2338001</misses>
				<total>4</total>
				<timestamp>817.482611</timestamp>
			</report>
			<report>
				<misses>2339001</misses>
				<total>4</total>
				<timestamp>817.832231</timestamp>
			</report>
			<report>
				<misses>2340001</misses>
				<total>4</total>
				<timestamp>818.181903</timestamp>
			</report>
			<report>
				<misses>2341001</misses>
				<total>4</total>
				<timestamp>818.531550</timestamp>
			</report>
			<report>
				<misses>2342001</misses>
				<total>4</total>
				<timestamp>818.881172</timestamp>
			</report>
			<report>
				<misses>2343001</misses>
				<total>4</total>
				<timestamp>819.230867</timestamp>
			</report>
			<report>
				<misses>2344001</misses>
				<total>4</total>
				<timestamp>819.580534</timestamp>
			</report>
			<report>
				<misses>2345001</misses>
				<total>4</total>
				<timestamp>819.930132</timestamp>
			</report>
			<report>
				<misses>2346001</misses>
				<total>4</total>
				<timestamp>820.279801</timestamp>
			</report>
			<report>
				<misses>2347001</misses>
				<total>4</total>
				<timestamp>820.629467</timestamp>
			</report>
			<report>
				<misses>2348001</misses>
				<total>4</total>
				<timestamp>820.979111</timestamp>
			</report>
			<report>
				<misses>2349001</misses>
				<total>4</total>
				<timestamp>821.328735</timestamp>
			</report>
			<report>
				<misses>2350001</misses>
				<total>4</total>
				<timestamp>821.678416</timestamp>
			</report>
			<report>
				<misses>2351001</misses>
				<total>4</total>
				<timestamp>822.028050</timestamp>
			</report>
			<report>
				<misses>2352001</misses>
				<total>4</total>
				<timestamp>822.377672</timestamp>
			</report>
			<report>
				<misses>2353001</misses>
				<total>4</total>
				<timestamp>822.727436</timestamp>
			</report>
			<report>
				<misses>2354001</misses>
				<total>4</total>
				<timestamp>823.077023</timestamp>
			</report>
			<report>
				<misses>2355001</misses>
				<total>4</total>
				<timestamp>823.426637</timestamp>
			</report>
			<report>
				<misses>2356001</misses>
				<total>4</total>
				<timestamp>823.776283</timestamp>
			</report>
			<report>
				<misses>2357001</misses>
				<total>4</total>
				<timestamp>824.125924</timestamp>
			</report>
			<report>
				<misses>2358001</misses>
				<total>4</total>
				<timestamp>824.475588</timestamp>
			</report>
			<report>
				<misses>2359001</misses>
				<total>4</total>
				<timestamp>824.825223</timestamp>
			</report>
			<report>
				<misses>2360001</misses>
				<total>4</total>
				<timestamp>825.174921</timestamp>
			</report>
			<report>
				<misses>2361001</misses>
				<total>4</total>
				<timestamp>825.524559</timestamp>
			</report>
			<report>
				<misses>2362001</misses>
				<total>4</total>
				<timestamp>825.874179</timestamp>
			</report>
			<report>
				<misses>2363001</misses>
				<total>4</total>
				<timestamp>826.223826</timestamp>
			</report>
			<report>
				<misses>2364001</misses>
				<total>4</total>
				<timestamp>826.573493</timestamp>
			</report>
			<report>
				<misses>2365001</misses>
				<total>4</total>
				<timestamp>826.923162</timestamp>
			</report>
			<report>
				<misses>2366001</misses>
				<total>4</total>
				<timestamp>827.272771</timestamp>
			</report>
			<report>
				<misses>2367001</misses>
				<total>4</total>
				<timestamp>827.622495</timestamp>
			</report>
			<report>
				<misses>2368001</misses>
				<total>4</total>
				<timestamp>827.972121</timestamp>
			</report>
			<report>
				<misses>2369001</misses>
				<total>4</total>
				<timestamp>828.321724</timestamp>
			</report>
			<report>
				<misses>2370001</misses>
				<total>4</total>
				<timestamp>828.671389</timestamp>
			</report>
			<report>
				<misses>2371001</misses>
				<total>4</total>
				<timestamp>829.021043</timestamp>
			</report>
			<report>
				<misses>2372001</misses>
				<total>4</total>
				<timestamp>829.370695</timestamp>
			</report>
			<report>
				<misses>2373001</misses>
				<total>4</total>
				<timestamp>829.720377</timestamp>
			</report>
			<report>
				<misses>2374001</misses>
				<total>4</total>
				<timestamp>830.070010</timestamp>
			</report>
			<report>
				<misses>2375001</misses>
				<total>4</total>
				<timestamp>830.419650</timestamp>
			</report>
			<report>
				<misses>2376001</misses>
				<total>4</total>
				<timestamp>830.769304</timestamp>
			</report>
			<report>
				<misses>2377001</misses>
				<total>4</total>
				<timestamp>831.118948</timestamp>
			</report>
			<report>
				<misses>2378001</misses>
				<total>4</total>
				<timestamp>831.468590</timestamp>
			</report>
			<report>
				<misses>2379001</misses>
				<total>4</total>
				<timestamp>831.818265</timestamp>
			</report>
			<report>
				<misses>2380001</misses>
				<total>4</total>
				<timestamp>832.167875</timestamp>
			</report>
			<report>
				<misses>2381001</misses>
				<total>4</total>
				<timestamp>832.517555</timestamp>
			</report>
			<report>
				<misses>2382001</misses>
				<total>4</total>
				<timestamp>832.867188</timestamp>
			</report>
			<report>
				<misses>2383001</misses>
				<total>4</total>
				<timestamp>833.216865</timestamp>
			</report>
			<report>
				<misses>2384001</misses>
				<total>4</total>
				<timestamp>833.566487</timestamp>
			</report>
			<report>
				<misses>2385001</misses>
				<total>4</total>
				<timestamp>833.916138</timestamp>
			</report>
			<report>
				<misses>2386001</misses>
				<total>4</total>
				<timestamp>834.265818</timestamp>
			</report>
			<report>
				<misses>2387001</misses>
				<total>4</total>
				<timestamp>834.615453</timestamp>
			</report>
			<report>
				<misses>2388001</misses>
				<total>4</total>
				<timestamp>834.965125</timestamp>
			</report>
			<report>
				<misses>2389001</misses>
				<total>4</total>
				<timestamp>835.314741</timestamp>
			</report>
			<report>
				<misses>2390001</misses>
				<total>4</total>
				<timestamp>835.664420</timestamp>
			</report>
			<report>
				<misses>2391001</misses>
				<total>4</total>
				<timestamp>836.014082</timestamp>
			</report>
			<report>
				<misses>2392001</misses>
				<total>4</total>
				<timestamp>836.363682</timestamp>
			</report>
			<report>
				<misses>2393001</misses>
				<total>4</total>
				<timestamp>836.713351</timestamp>
			</report>
			<report>
				<misses>2394001</misses>
				<total>4</total>
				<timestamp>837.063016</timestamp>
			</report>
			<report>
				<misses>2395001</misses>
				<total>4</total>
				<timestamp>837.412632</timestamp>
			</report>
			<report>
				<misses>2396001</misses>
				<total>4</total>
				<timestamp>837.762354</timestamp>
			</report>
			<report>
				<misses>2397001</misses>
				<total>4</total>
				<timestamp>838.111989</timestamp>
			</report>
			<report>
				<misses>2398001</misses>
				<total>4</total>
				<timestamp>838.461584</timestamp>
			</report>
			<report>
				<misses>2399001</misses>
				<total>4</total>
				<timestamp>838.811289</timestamp>
			</report>
			<report>
				<misses>2400001</misses>
				<total>4</total>
				<timestamp>839.160871</timestamp>
			</report>
			<report>
				<misses>2401001</misses>
				<total>4</total>
				<timestamp>839.510552</timestamp>
			</report>
			<report>
				<misses>2402001</misses>
				<total>4</total>
				<timestamp>839.860181</timestamp>
			</report>
			<report>
				<misses>2403001</misses>
				<total>4</total>
				<timestamp>840.209863</timestamp>
			</report>
			<report>
				<misses>2404001</misses>
				<total>4</total>
				<timestamp>840.559491</timestamp>
			</report>
			<report>
				<misses>2405001</misses>
				<total>4</total>
				<timestamp>840.909140</timestamp>
			</report>
			<report>
				<misses>2406001</misses>
				<total>4</total>
				<timestamp>841.258826</timestamp>
			</report>
			<report>
				<misses>2407001</misses>
				<total>4</total>
				<timestamp>841.608436</timestamp>
			</report>
			<report>
				<misses>2408001</misses>
				<total>4</total>
				<timestamp>841.958147</timestamp>
			</report>
			<report>
				<misses>2409001</misses>
				<total>4</total>
				<timestamp>842.307725</timestamp>
			</report>
			<report>
				<misses>2410001</misses>
				<total>4</total>
				<timestamp>842.657398</timestamp>
			</report>
			<report>
				<misses>2411001</misses>
				<total>4</total>
				<timestamp>843.007027</timestamp>
			</report>
			<report>
				<misses>2412001</misses>
				<total>4</total>
				<timestamp>843.356665</timestamp>
			</report>
			<report>
				<misses>2413001</misses>
				<total>4</total>
				<timestamp>843.706423</timestamp>
			</report>
			<report>
				<misses>2414001</misses>
				<total>4</total>
				<timestamp>844.055980</timestamp>
			</report>
			<report>
				<misses>2415001</misses>
				<total>4</total>
				<timestamp>844.405627</timestamp>
			</report>
			<report>
				<misses>2416001</misses>
				<total>4</total>
				<timestamp>844.755322</timestamp>
			</report>
			<report>
				<misses>2417001</misses>
				<total>4</total>
				<timestamp>845.104981</timestamp>
			</report>
			<report>
				<misses>2418001</misses>
				<total>4</total>
				<timestamp>845.454584</timestamp>
			</report>
			<report>
				<misses>2419001</misses>
				<total>4</total>
				<timestamp>845.804286</timestamp>
			</report>
			<report>
				<misses>2420001</misses>
				<total>4</total>
				<timestamp>846.153905</timestamp>
			</report>
			<report>
				<misses>2421001</misses>
				<total>4</total>
				<timestamp>846.503533</timestamp>
			</report>
			<report>
				<misses>2422001</misses>
				<total>4</total>
				<timestamp>846.853279</timestamp>
			</report>
			<report>
				<misses>2423001</misses>
				<total>4</total>
				<timestamp>847.202874</timestamp>
			</report>
			<report>
				<misses>2424001</misses>
				<total>4</total>
				<timestamp>847.552492</timestamp>
			</report>
			<report>
				<misses>2425001</misses>
				<total>4</total>
				<timestamp>847.902128</timestamp>
			</report>
			<report>
				<misses>2426001</misses>
				<total>4</total>
				<timestamp>848.251822</timestamp>
			</report>
			<report>
				<misses>2427001</misses>
				<total>4</total>
				<timestamp>848.601436</timestamp>
			</report>
			<report>
				<misses>2428001</misses>
				<total>4</total>
				<timestamp>848.951093</timestamp>
			</report>
			<report>
				<misses>2429001</misses>
				<total>4</total>
				<timestamp>849.300731</timestamp>
			</report>
			<report>
				<misses>2430001</misses>
				<total>4</total>
				<timestamp>849.650390</timestamp>
			</report>
			<report>
				<misses>2431001</misses>
				<total>4</total>
				<timestamp>850.000068</timestamp>
			</report>
			<report>
				<misses>2432001</misses>
				<total>4</total>
				<timestamp>850.349700</timestamp>
			</report>
			<report>
				<misses>2433001</misses>
				<total>4</total>
				<timestamp>850.699356</timestamp>
			</report>
			<report>
				<misses>2434001</misses>
				<total>4</total>
				<timestamp>851.048973</timestamp>
			</report>
			<report>
				<misses>2435001</misses>
				<total>4</total>
				<timestamp>851.398634</timestamp>
			</report>
			<report>
				<misses>2436001</misses>
				<total>4</total>
				<timestamp>851.748347</timestamp>
			</report>
			<report>
				<misses>2437001</misses>
				<total>4</total>
				<timestamp>852.097942</timestamp>
			</report>
			<report>
				<misses>2438001</misses>
				<total>4</total>
				<timestamp>852.447612</timestamp>
			</report>
			<report>
				<misses>2439001</misses>
				<total>4</total>
				<timestamp>852.797309</timestamp>
			</report>
			<report>
				<misses>2440001</misses>
				<total>4</total>
				<timestamp>853.146889</timestamp>
			</report>
			<report>
				<misses>2441001</misses>
				<total>4</total>
				<timestamp>853.496533</timestamp>
			</report>
			<report>
				<misses>2442001</misses>
				<total>4</total>
				<timestamp>853.846227</timestamp>
			</report>
			<report>
				<misses>2443001</misses>
				<total>4</total>
				<timestamp>854.195834</timestamp>
			</report>
			<report>
				<misses>2444001</misses>
				<total>4</total>
				<timestamp>854.545489</timestamp>
			</report>
			<report>
				<misses>2445001</misses>
				<total>4</total>
				<timestamp>854.895179</timestamp>
			</report>
			<report>
				<misses>2446001</misses>
				<total>4</total>
				<timestamp>855.244845</timestamp>
			</report>
			<report>
				<misses>2447001</misses>
				<total>4</total>
				<timestamp>855.594428</timestamp>
			</report>
			<report>
				<misses>2448001</misses>
				<total>4</total>
				<timestamp>855.944099</timestamp>
			</report>
			<report>
				<misses>2449001</misses>
				<total>4</total>
				<timestamp>856.293749</timestamp>
			</report>
			<report>
				<misses>2450001</misses>
				<total>4</total>
				<timestamp>856.643366</timestamp>
			</report>
			<report>
				<misses>2451001</misses>
				<total>4</total>
				<timestamp>856.993032</timestamp>
			</report>
			<report>
				<misses>2452001</misses>
				<total>4</total>
				<timestamp>857.342683</timestamp>
			</report>
			<report>
				<misses>2453001</misses>
				<total>4</total>
				<timestamp>857.692346</timestamp>
			</report>
			<report>
				<misses>2454001</misses>
				<total>4</total>
				<timestamp>858.041990</timestamp>
			</report>
			<report>
				<misses>2455001</misses>
				<total>4</total>
				<timestamp>858.391641</timestamp>
			</report>
			<report>
				<misses>2456001</misses>
				<total>4</total>
				<timestamp>858.741321</timestamp>
			</report>
			<report>
				<misses>2457001</misses>
				<total>4</total>
				<timestamp>859.090945</timestamp>
			</report>
			<report>
				<misses>2458001</misses>
				<total>4</total>
				<timestamp>859.440571</timestamp>
			</report>
			<report>
				<misses>2459001</misses>
				<total>4</total>
				<timestamp>859.790260</timestamp>
			</report>
			<report>
				<misses>2460001</misses>
				<total>4</total>
				<timestamp>860.139900</timestamp>
			</report>
			<report>
				<misses>2461001</misses>
				<total>4</total>
				<timestamp>860.489573</timestamp>
			</report>
			<report>
				<misses>2462001</misses>
				<total>4</total>
				<timestamp>860.839181</timestamp>
			</report>
			<report>
				<misses>2463001</misses>
				<total>4</total>
				<timestamp>861.188824</timestamp>
			</report>
			<report>
				<misses>2464001</misses>
				<total>4</total>
				<timestamp>861.538508</timestamp>
			</report>
			<report>
				<misses>2465001</misses>
				<total>4</total>
				<timestamp>861.888161</timestamp>
			</report>
			<report>
				<misses>2466001</misses>
				<total>4</total>
				<timestamp>862.237781</timestamp>
			</report>
			<report>
				<misses>2467001</misses>
				<total>4</total>
				<timestamp>862.587430</timestamp>
			</report>
			<report>
				<misses>2468001</misses>
				<total>4</total>
				<timestamp>862.937154</timestamp>
			</report>
			<report>
				<misses>2469001</misses>
				<total>4</total>
				<timestamp>863.286749</timestamp>
			</report>
			<report>
				<misses>2470001</misses>
				<total>4</total>
				<timestamp>863.636379</timestamp>
			</report>
			<report>
				<misses>2471001</misses>
				<total>4</total>
				<timestamp>863.986045</timestamp>
			</report>
			<report>
				<misses>2472001</misses>
				<total>4</total>
				<timestamp>864.335669</timestamp>
			</report>
			<report>
				<misses>2473001</misses>
				<total>4</total>
				<timestamp>864.685316</timestamp>
			</report>
			<report>
				<misses>2474001</misses>
				<total>4</total>
				<timestamp>865.034998</timestamp>
			</report>
			<report>
				<misses>2475001</misses>
				<total>4</total>
				<timestamp>865.384632</timestamp>
			</report>
			<report>
				<misses>2476001</misses>
				<total>4</total>
				<timestamp>865.734327</timestamp>
			</report>
			<report>
				<misses>2477001</misses>
				<total>4</total>
				<timestamp>866.083976</timestamp>
			</report>
			<report>
				<misses>2478001</misses>
				<total>4</total>
				<timestamp>866.433595</timestamp>
			</report>
			<report>
				<misses>2479001</misses>
				<total>4</total>
				<timestamp>866.783262</timestamp>
			</report>
			<report>
				<misses>2480001</misses>
				<total>4</total>
				<timestamp>867.132920</timestamp>
			</report>
			<report>
				<misses>2481001</misses>
				<total>4</total>
				<timestamp>867.482540</timestamp>
			</report>
			<report>
				<misses>2482001</misses>
				<total>4</total>
				<timestamp>867.832207</timestamp>
			</report>
			<report>
				<misses>2483001</misses>
				<total>4</total>
				<timestamp>868.181859</timestamp>
			</report>
			<report>
				<misses>2484001</misses>
				<total>4</total>
				<timestamp>868.531478</timestamp>
			</report>
			<report>
				<misses>2485001</misses>
				<total>4</total>
				<timestamp>868.881154</timestamp>
			</report>
			<report>
				<misses>2486001</misses>
				<total>4</total>
				<timestamp>869.230805</timestamp>
			</report>
			<report>
				<misses>2487001</misses>
				<total>4</total>
				<timestamp>869.580436</timestamp>
			</report>
			<report>
				<misses>2488001</misses>
				<total>4</total>
				<timestamp>869.930105</timestamp>
			</report>
			<report>
				<misses>2489001</misses>
				<total>4</total>
				<timestamp>870.279744</timestamp>
			</report>
			<report>
				<misses>2490001</misses>
				<total>4</total>
				<timestamp>870.629414</timestamp>
			</report>
			<report>
				<misses>2491001</misses>
				<total>4</total>
				<timestamp>870.979068</timestamp>
			</report>
			<report>
				<misses>2492001</misses>
				<total>4</total>
				<timestamp>871.328716</timestamp>
			</report>
			<report>
				<misses>2493001</misses>
				<total>4</total>
				<timestamp>871.678364</timestamp>
			</report>
			<report>
				<misses>2494001</misses>
				<total>4</total>
				<timestamp>872.027984</timestamp>
			</report>
			<report>
				<misses>2495001</misses>
				<total>4</total>
				<timestamp>872.377656</timestamp>
			</report>
			<report>
				<misses>2496001</misses>
				<total>4</total>
				<timestamp>872.727283</timestamp>
			</report>
			<report>
				<misses>2497001</misses>
				<total>4</total>
				<timestamp>873.076935</timestamp>
			</report>
			<report>
				<misses>2498001</misses>
				<total>4</total>
				<timestamp>873.426579</timestamp>
			</report>
			<report>
				<misses>2499001</misses>
				<total>4</total>
				<timestamp>873.776244</timestamp>
			</report>
			<report>
				<misses>2500001</misses>
				<total>4</total>
				<timestamp>874.125881</timestamp>
			</report>
			<report>
				<misses>2501001</misses>
				<total>4</total>
				<timestamp>874.475516</timestamp>
			</report>
			<report>
				<misses>2502001</misses>
				<total>4</total>
				<timestamp>874.825205</timestamp>
			</report>
			<report>
				<misses>2503001</misses>
				<total>4</total>
				<timestamp>875.174845</timestamp>
			</report>
			<report>
				<misses>2504001</misses>
				<total>4</total>
				<timestamp>875.524509</timestamp>
			</report>
			<report>
				<misses>2505001</misses>
				<total>4</total>
				<timestamp>875.874187</timestamp>
			</report>
			<report>
				<misses>2506001</misses>
				<total>4</total>
				<timestamp>876.223780</timestamp>
			</report>
			<report>
				<misses>2507001</misses>
				<total>4</total>
				<timestamp>876.573447</timestamp>
			</report>
			<report>
				<misses>2508001</misses>
				<total>4</total>
				<timestamp>876.923123</timestamp>
			</report>
			<report>
				<misses>2509001</misses>
				<total>4</total>
				<timestamp>877.272763</timestamp>
			</report>
			<report>
				<misses>2510001</misses>
				<total>4</total>
				<timestamp>877.622383</timestamp>
			</report>
			<report>
				<misses>2511001</misses>
				<total>4</total>
				<timestamp>877.972073</timestamp>
			</report>
			<report>
				<misses>2512001</misses>
				<total>4</total>
				<timestamp>878.321720</timestamp>
			</report>
			<report>
				<misses>2513001</misses>
				<total>4</total>
				<timestamp>878.671327</timestamp>
			</report>
			<report>
				<misses>2514001</misses>
				<total>4</total>
				<timestamp>879.020993</timestamp>
			</report>
			<report>
				<misses>2515001</misses>
				<total>4</total>
				<timestamp>879.370633</timestamp>
			</report>
			<report>
				<misses>2516001</misses>
				<total>4</total>
				<timestamp>879.720277</timestamp>
			</report>
			<report>
				<misses>2517001</misses>
				<total>4</total>
				<timestamp>880.069944</timestamp>
			</report>
			<report>
				<misses>2518001</misses>
				<total>4</total>
				<timestamp>880.419587</timestamp>
			</report>
			<report>
				<misses>2519001</misses>
				<total>4</total>
				<timestamp>880.769215</timestamp>
			</report>
			<report>
				<misses>2520001</misses>
				<total>4</total>
				<timestamp>881.118898</timestamp>
			</report>
			<report>
				<misses>2521001</misses>
				<total>4</total>
				<timestamp>881.468530</timestamp>
			</report>
			<report>
				<misses>2522001</misses>
				<total>4</total>
				<timestamp>881.818240</timestamp>
			</report>
			<report>
				<misses>2523001</misses>
				<total>4</total>
				<timestamp>882.167870</timestamp>
			</report>
			<report>
				<misses>2524001</misses>
				<total>4</total>
				<timestamp>882.517483</timestamp>
			</report>
			<report>
				<misses>2525001</misses>
				<total>4</total>
				<timestamp>882.867179</timestamp>
			</report>
			<report>
				<misses>2526001</misses>
				<total>4</total>
				<timestamp>883.216778</timestamp>
			</report>
			<report>
				<misses>2527001</misses>
				<total>4</total>
				<timestamp>883.566425</timestamp>
			</report>
			<report>
				<misses>2528001</misses>
				<total>4</total>
				<timestamp>883.916142</timestamp>
			</report>
			<report>
				<misses>2529001</misses>
				<total>4</total>
				<timestamp>884.265740</timestamp>
			</report>
			<report>
				<misses>2530001</misses>
				<total>4</total>
				<timestamp>884.615423</timestamp>
			</report>
			<report>
				<misses>2531001</misses>
				<total>4</total>
				<timestamp>884.965069</timestamp>
			</report>
			<report>
				<misses>2532001</misses>
				<total>4</total>
				<timestamp>885.314723</timestamp>
			</report>
			<report>
				<misses>2533001</misses>
				<total>4</total>
				<timestamp>885.664337</timestamp>
			</report>
			<report>
				<misses>2534001</misses>
				<total>4</total>
				<timestamp>886.013983</timestamp>
			</report>
			<report>
				<misses>2535001</misses>
				<total>4</total>
				<timestamp>886.363663</timestamp>
			</report>
			<report>
				<misses>2536001</misses>
				<total>4</total>
				<timestamp>886.713284</timestamp>
			</report>
			<report>
				<misses>2537001</misses>
				<total>4</total>
				<timestamp>887.062975</timestamp>
			</report>
			<report>
				<misses>2538001</misses>
				<total>4</total>
				<timestamp>887.412590</timestamp>
			</report>
			<report>
				<misses>2539001</misses>
				<total>4</total>
				<timestamp>887.762254</timestamp>
			</report>
			<report>
				<misses>2540001</misses>
				<total>4</total>
				<timestamp>888.111891</timestamp>
			</report>
			<report>
				<misses>2541001</misses>
				<total>4</total>
				<timestamp>888.461534</timestamp>
			</report>
			<report>
				<misses>2542001</misses>
				<total>4</total>
				<timestamp>888.811194</timestamp>
			</report>
			<report>
				<misses>2543001</misses>
				<total>4</total>
				<timestamp>889.160826</timestamp>
			</report>
			<report>
				<misses>2544001</misses>
				<total>4</total>
				<timestamp>889.510500</timestamp>
			</report>
			<report>
				<misses>2545001</misses>
				<total>4</total>
				<timestamp>889.860157</timestamp>
			</report>
			<report>
				<misses>2546001</misses>
				<total>4</total>
				<timestamp>890.209779</timestamp>
			</report>
			<report>
				<misses>2547001</misses>
				<total>4</total>
				<timestamp>890.559455</timestamp>
			</report>
			<report>
				<misses>2548001</misses>
				<total>4</total>
				<timestamp>890.909108</timestamp>
			</report>
			<report>
				<misses>2549001</misses>
				<total>4</total>
				<timestamp>891.258772</timestamp>
			</report>
			<report>
				<misses>2550001</misses>
				<total>4</total>
				<timestamp>891.608371</timestamp>
			</report>
			<report>
				<misses>2551001</misses>
				<total>4</total>
				<timestamp>891.958099</timestamp>
			</report>
			<report>
				<misses>2552001</misses>
				<total>4</total>
				<timestamp>892.307688</timestamp>
			</report>
			<report>
				<misses>2553001</misses>
				<total>4</total>
				<timestamp>892.657345</timestamp>
			</report>
			<report>
				<misses>2554001</misses>
				<total>4</total>
				<timestamp>893.006981</timestamp>
			</report>
			<report>
				<misses>2555001</misses>
				<total>4</total>
				<timestamp>893.356654</timestamp>
			</report>
			<report>
				<misses>2556001</misses>
				<total>4</total>
				<timestamp>893.706284</timestamp>
			</report>
			<report>
				<misses>2557001</misses>
				<total>4</total>
				<timestamp>894.055981</timestamp>
			</report>
			<report>
				<misses>2558001</misses>
				<total>4</total>
				<timestamp>894.405602</timestamp>
			</report>
			<report>
				<misses>2559001</misses>
				<total>4</total>
				<timestamp>894.755227</timestamp>
			</report>
			<report>
				<misses>2560001</misses>
				<total>4</total>
				<timestamp>895.104970</timestamp>
			</report>
			<report>
				<misses>2561001</misses>
				<total>4</total>
				<timestamp>895.454539</timestamp>
			</report>
			<report>
				<misses>2562001</misses>
				<total>4</total>
				<timestamp>895.804191</timestamp>
			</report>
			<report>
				<misses>2563001</misses>
				<total>4</total>
				<timestamp>896.153864</timestamp>
			</report>
			<report>
				<misses>2564001</misses>
				<total>4</total>
				<timestamp>896.503470</timestamp>
			</report>
			<report>
				<misses>2565001</misses>
				<total>4</total>
				<timestamp>896.853153</timestamp>
			</report>
			<report>
				<misses>2566001</misses>
				<total>4</total>
				<timestamp>897.202775</timestamp>
			</report>
			<report>
				<misses>2567001</misses>
				<total>4</total>
				<timestamp>897.552426</timestamp>
			</report>
			<report>
				<misses>2568001</misses>
				<total>4</total>
				<timestamp>897.902112</timestamp>
			</report>
			<report>
				<misses>2569001</misses>
				<total>4</total>
				<timestamp>898.251758</timestamp>
			</report>
			<report>
				<misses>2570001</misses>
				<total>4</total>
				<timestamp>898.601386</timestamp>
			</report>
			<report>
				<misses>2571001</misses>
				<total>4</total>
				<timestamp>898.951103</timestamp>
			</report>
			<report>
				<misses>2572001</misses>
				<total>4</total>
				<timestamp>899.300700</timestamp>
			</report>
			<report>
				<misses>2573001</misses>
				<total>4</total>
				<timestamp>899.650353</timestamp>
			</report>
			<report>
				<misses>2574001</misses>
				<total>4</total>
				<timestamp>900.000013</timestamp>
			</report>
			<report>
				<misses>2575001</misses>
				<total>4</total>
				<timestamp>900.349662</timestamp>
			</report>
			<report>
				<misses>2576001</misses>
				<total>4</total>
				<timestamp>900.699284</timestamp>
			</report>
			<report>
				<misses>2577001</misses>
				<total>4</total>
				<timestamp>901.048941</timestamp>
			</report>
			<report>
				<misses>2578001</misses>
				<total>4</total>
				<timestamp>901.398578</timestamp>
			</report>
			<report>
				<misses>2579001</misses>
				<total>4</total>
				<timestamp>901.748234</timestamp>
			</report>
			<report>
				<misses>2580001</misses>
				<total>4</total>
				<timestamp>902.097917</timestamp>
			</report>
			<report>
				<misses>2581001</misses>
				<total>4</total>
				<timestamp>902.447551</timestamp>
			</report>
			<report>
				<misses>2582001</misses>
				<total>4</total>
				<timestamp>902.797213</timestamp>
			</report>
			<report>
				<misses>2583001</misses>
				<total>4</total>
				<timestamp>903.146860</timestamp>
			</report>
			<report>
				<misses>2584001</misses>
				<total>4</total>
				<timestamp>903.496486</timestamp>
			</report>
			<report>
				<misses>2585001</misses>
				<total>4</total>
				<timestamp>903.846134</timestamp>
			</report>
			<report>
				<misses>2586001</misses>
				<total>4</total>
				<timestamp>904.195824</timestamp>
			</report>
			<report>
				<misses>2587001</misses>
				<total>4</total>
				<timestamp>904.545429</timestamp>
			</report>
			<report>
				<misses>2588001</misses>
				<total>4</total>
				<timestamp>904.895085</timestamp>
			</report>
			<report>
				<misses>2589001</misses>
				<total>4</total>
				<timestamp>905.244740</timestamp>
			</report>
			<report>
				<misses>2590001</misses>
				<total>4</total>
				<timestamp>905.594391</timestamp>
			</report>
			<report>
				<misses>2591001</misses>
				<total>4</total>
				<timestamp>905.944059</timestamp>
			</report>
			<report>
				<misses>2592001</misses>
				<total>4</total>
				<timestamp>906.293726</timestamp>
			</report>
			<report>
				<misses>2593001</misses>
				<total>4</total>
				<timestamp>906.643332</timestamp>
			</report>
			<report>
				<misses>2594001</misses>
				<total>4</total>
				<timestamp>906.992998</timestamp>
			</report>
			<report>
				<misses>2595001</misses>
				<total>4</total>
				<timestamp>907.342699</timestamp>
			</report>
			<report>
				<misses>2596001</misses>
				<total>4</total>
				<timestamp>907.692283</timestamp>
			</report>
			<report>
				<misses>2597001</misses>
				<total>4</total>
				<timestamp>908.041974</timestamp>
			</report>
			<report>
				<misses>2598001</misses>
				<total>4</total>
				<timestamp>908.391580</timestamp>
			</report>
			<report>
				<misses>2599001</misses>
				<total>4</total>
				<timestamp>908.741258</timestamp>
			</report>
			<report>
				<misses>2600001</misses>
				<total>4</total>
				<timestamp>909.090931</timestamp>
			</report>
			<report>
				<misses>2601001</misses>
				<total>4</total>
				<timestamp>909.440559</timestamp>
			</report>
			<report>
				<misses>2602001</misses>
				<total>4</total>
				<timestamp>909.790187</timestamp>
			</report>
			<report>
				<misses>2603001</misses>
				<total>4</total>
				<timestamp>910.139872</timestamp>
			</report>
			<report>
				<misses>2604001</misses>
				<total>4</total>
				<timestamp>910.489499</timestamp>
			</report>
			<report>
				<misses>2605001</misses>
				<total>4</total>
				<timestamp>910.839137</timestamp>
			</report>
			<report>
				<misses>2606001</misses>
				<total>4</total>
				<timestamp>911.188790</timestamp>
			</report>
			<report>
				<misses>2607001</misses>
				<total>4</total>
				<timestamp>911.538434</timestamp>
			</report>
			<report>
				<misses>2608001</misses>
				<total>4</total>
				<timestamp>911.888096</timestamp>
			</report>
			<report>
				<misses>2609001</misses>
				<total>4</total>
				<timestamp>912.237747</timestamp>
			</report>
			<report>
				<misses>2610001</misses>
				<total>4</total>
				<timestamp>912.587386</timestamp>
			</report>
			<report>
				<misses>2611001</misses>
				<total>4</total>
				<timestamp>912.937047</timestamp>
			</report>
			<report>
				<misses>2612001</misses>
				<total>4</total>
				<timestamp>913.286708</timestamp>
			</report>
			<report>
				<misses>2613001</misses>
				<total>4</total>
				<timestamp>913.636360</timestamp>
			</report>
			<report>
				<misses>2614001</misses>
				<total>4</total>
				<timestamp>913.986029</timestamp>
			</report>
			<report>
				<misses>2615001</misses>
				<total>4</total>
				<timestamp>914.335629</timestamp>
			</report>
			<report>
				<misses>2616001</misses>
				<total>4</total>
				<timestamp>914.685287</timestamp>
			</report>
			<report>
				<misses>2617001</misses>
				<total>4</total>
				<timestamp>915.035032</timestamp>
			</report>
			<report>
				<misses>2618001</misses>
				<total>4</total>
				<timestamp>915.384602</timestamp>
			</report>
			<report>
				<misses>2619001</misses>
				<total>4</total>
				<timestamp>915.734243</timestamp>
			</report>
			<report>
				<misses>2620001</misses>
				<total>4</total>
				<timestamp>916.083951</timestamp>
			</report>
			<report>
				<misses>2621001</misses>
				<total>4</total>
				<timestamp>916.433551</timestamp>
			</report>
			<report>
				<misses>2622001</misses>
				<total>4</total>
				<timestamp>916.783193</timestamp>
			</report>
			<report>
				<misses>2623001</misses>
				<total>4</total>
				<timestamp>917.132831</timestamp>
			</report>
			<report>
				<misses>2624001</misses>
				<total>4</total>
				<timestamp>917.482483</timestamp>
			</report>
			<report>
				<misses>2625001</misses>
				<total>4</total>
				<timestamp>917.832154</timestamp>
			</report>
			<report>
				<misses>2626001</misses>
				<total>4</total>
				<timestamp>918.181813</timestamp>
			</report>
			<report>
				<misses>2627001</misses>
				<total>4</total>
				<timestamp>918.531435</timestamp>
			</report>
			<report>
				<misses>2628001</misses>
				<total>4</total>
				<timestamp>918.881137</timestamp>
			</report>
			<report>
				<misses>2629001</misses>
				<total>4</total>
				<timestamp>919.230804</timestamp>
			</report>
			<report>
				<misses>2630001</misses>
				<total>4</total>
				<timestamp>919.580410</timestamp>
			</report>
			<report>
				<misses>2631001</misses>
				<total>4</total>
				<timestamp>919.930027</timestamp>
			</report>
			<report>
				<misses>2632001</misses>
				<total>4</total>
				<timestamp>920.279746</timestamp>
			</report>
			<report>
				<misses>2633001</misses>
				<total>4</total>
				<timestamp>920.629353</timestamp>
			</report>
			<report>
				<misses>2634001</misses>
				<total>4</total>
				<timestamp>920.978994</timestamp>
			</report>
			<report>
				<misses>2635001</misses>
				<total>4</total>
				<timestamp>921.328659</timestamp>
			</report>
			<report>
				<misses>2636001</misses>
				<total>4</total>
				<timestamp>921.678308</timestamp>
			</report>
			<report>
				<misses>2637001</misses>
				<total>4</total>
				<timestamp>922.027952</timestamp>
			</report>
			<report>
				<misses>2638001</misses>
				<total>4</total>
				<timestamp>922.377610</timestamp>
			</report>
			<report>
				<misses>2639001</misses>
				<total>4</total>
				<timestamp>922.727248</timestamp>
			</report>
			<report>
				<misses>2640001</misses>
				<total>4</total>
				<timestamp>923.076908</timestamp>
			</report>
			<report>
				<misses>2641001</misses>
				<total>4</total>
				<timestamp>923.426531</timestamp>
			</report>
			<report>
				<misses>2642001</misses>
				<total>4</total>
				<timestamp>923.776178</timestamp>
			</report>
			<report>
				<misses>2643001</misses>
				<total>4</total>
				<timestamp>924.125885</timestamp>
			</report>
			<report>
				<misses>2644001</misses>
				<total>4</total>
				<timestamp>924.475521</timestamp>
			</report>
			<report>
				<misses>2645001</misses>
				<total>4</total>
				<timestamp>924.825154</timestamp>
			</report>
			<report>
				<misses>2646001</misses>
				<total>4</total>
				<timestamp>925.174831</timestamp>
			</report>
			<report>
				<misses>2647001</misses>
				<total>4</total>
				<timestamp>925.524435</timestamp>
			</report>
			<report>
				<misses>2648001</misses>
				<total>4</total>
				<timestamp>925.874074</timestamp>
			</report>
			<report>
				<misses>2649001</misses>
				<total>4</total>
				<timestamp>926.223733</timestamp>
			</report>
			<report>
				<misses>2650001</misses>
				<total>4</total>
				<timestamp>926.573380</timestamp>
			</report>
			<report>
				<misses>2651001</misses>
				<total>4</total>
				<timestamp>926.923038</timestamp>
			</report>
			<report>
				<misses>2652001</misses>
				<total>4</total>
				<timestamp>927.272714</timestamp>
			</report>
			<report>
				<misses>2653001</misses>
				<total>4</total>
				<timestamp>927.622325</timestamp>
			</report>
			<report>
				<misses>2654001</misses>
				<total>4</total>
				<timestamp>927.971992</timestamp>
			</report>
			<report>
				<misses>2655001</misses>
				<total>4</total>
				<timestamp>928.321631</timestamp>
			</report>
			<report>
				<misses>2656001</misses>
				<total>4</total>
				<timestamp>928.671271</timestamp>
			</report>
			<report>
				<misses>2657001</misses>
				<total>4</total>
				<timestamp>929.020935</timestamp>
			</report>
			<report>
				<misses>2658001</misses>
				<total>4</total>
				<timestamp>929.370600</timestamp>
			</report>
			<report>
				<misses>2659001</misses>
				<total>4</total>
				<timestamp>929.720219</timestamp>
			</report>
			<report>
				<misses>2660001</misses>
				<total>4</total>
				<timestamp>930.069897</timestamp>
			</report>
			<report>
				<misses>2661001</misses>
				<total>4</total>
				<timestamp>930.419528</timestamp>
			</report>
			<report>
				<misses>2662001</misses>
				<total>4</total>
				<timestamp>930.769189</timestamp>
			</report>
			<report>
				<misses>2663001</misses>
				<total>4</total>
				<timestamp>931.118831</timestamp>
			</report>
			<report>
				<misses>2664001</misses>
				<total>4</total>
				<timestamp>931.468510</timestamp>
			</report>
			<report>
				<misses>2665001</misses>
				<total>4</total>
				<timestamp>931.818139</timestamp>
			</report>
			<report>
				<misses>2666001</misses>
				<total>4</total>
				<timestamp>932.167783</timestamp>
			</report>
			<report>
				<misses>2667001</misses>
				<total>4</total>
				<timestamp>932.517418</timestamp>
			</report>
			<report>
				<misses>2668001</misses>
				<total>4</total>
				<timestamp>932.867080</timestamp>
			</report>
			<report>
				<misses>2669001</misses>
				<total>4</total>
				<timestamp>933.216749</timestamp>
			</report>
			<report>
				<misses>2670001</misses>
				<total>4</total>
				<timestamp>933.566380</timestamp>
			</report>
			<report>
				<misses>2671001</misses>
				<total>4</total>
				<timestamp>933.916047</timestamp>
			</report>
			<report>
				<misses>2672001</misses>
				<total>4</total>
				<timestamp>934.265713</timestamp>
			</report>
			<report>
				<misses>2673001</misses>
				<total>4</total>
				<timestamp>934.615327</timestamp>
			</report>
			<report>
				<misses>2674001</misses>
				<total>4</total>
				<timestamp>934.964991</timestamp>
			</report>
			<report>
				<misses>2675001</misses>
				<total>4</total>
				<timestamp>935.314658</timestamp>
			</report>
			<report>
				<misses>2676001</misses>
				<total>4</total>
				<timestamp>935.664273</timestamp>
			</report>
			<report>
				<misses>2677001</misses>
				<total>4</total>
				<timestamp>936.013963</timestamp>
			</report>
			<report>
				<misses>2678001</misses>
				<total>4</total>
				<timestamp>936.363629</timestamp>
			</report>
			<report>
				<misses>2679001</misses>
				<total>4</total>
				<timestamp>936.713232</timestamp>
			</report>
			<report>
				<misses>2680001</misses>
				<total>4</total>
				<timestamp>937.062895</timestamp>
			</report>
			<report>
				<misses>2681001</misses>
				<total>4</total>
				<timestamp>937.412527</timestamp>
			</report>
			<report>
				<misses>2682001</misses>
				<total>4</total>
				<timestamp>937.762204</timestamp>
			</report>
			<report>
				<misses>2683001</misses>
				<total>4</total>
				<timestamp>938.111860</timestamp>
			</report>
			<report>
				<misses>2684001</misses>
				<total>4</total>
				<timestamp>938.461474</timestamp>
			</report>
			<report>
				<misses>2685001</misses>
				<total>4</total>
				<timestamp>938.811164</timestamp>
			</report>
			<report>
				<misses>2686001</misses>
				<total>4</total>
				<timestamp>939.160801</timestamp>
			</report>
			<report>
				<misses>2687001</misses>
				<total>4</total>
				<timestamp>939.510423</timestamp>
			</report>
			<report>
				<misses>2688001</misses>
				<total>4</total>
				<timestamp>939.860098</timestamp>
			</report>
			<report>
				<misses>2689001</misses>
				<total>4</total>
				<timestamp>940.209785</timestamp>
			</report>
			<report>
				<misses>2690001</misses>
				<total>4</total>
				<timestamp>940.559399</timestamp>
			</report>
			<report>
				<misses>2691001</misses>
				<total>4</total>
				<timestamp>940.909054</timestamp>
			</report>
			<report>
				<misses>2692001</misses>
				<total>4</total>
				<timestamp>941.258706</timestamp>
			</report>
			<report>
				<misses>2693001</misses>
				<total>4</total>
				<timestamp>941.608342</timestamp>
			</report>
			<report>
				<misses>2694001</misses>
				<total>4</total>
				<timestamp>941.957988</timestamp>
			</report>
			<report>
				<misses>2695001</misses>
				<total>4</total>
				<timestamp>942.307666</timestamp>
			</report>
			<report>
				<misses>2696001</misses>
				<total>4</total>
				<timestamp>942.657281</timestamp>
			</report>
			<report>
				<misses>2697001</misses>
				<total>4</total>
				<timestamp>943.006947</timestamp>
			</report>
			<report>
				<misses>2698001</misses>
				<total>4</total>
				<timestamp>943.356652</timestamp>
			</report>
			<report>
				<misses>2699001</misses>
				<total>4</total>
				<timestamp>943.706250</timestamp>
			</report>
			<report>
				<misses>2700001</misses>
				<total>4</total>
				<timestamp>944.055920</timestamp>
			</report>
			<report>
				<misses>2701001</misses>
				<total>4</total>
				<timestamp>944.405590</timestamp>
			</report>
			<report>
				<misses>2702001</misses>
				<total>4</total>
				<timestamp>944.755186</timestamp>
			</report>
			<report>
				<misses>2703001</misses>
				<total>4</total>
				<timestamp>945.104845</timestamp>
			</report>
			<report>
				<misses>2704001</misses>
				<total>4</total>
				<timestamp>945.454470</timestamp>
			</report>
			<report>
				<misses>2705001</misses>
				<total>4</total>
				<timestamp>945.804189</timestamp>
			</report>
			<report>
				<misses>2706001</misses>
				<total>4</total>
				<timestamp>946.153791</timestamp>
			</report>
			<report>
				<misses>2707001</misses>
				<total>4</total>
				<timestamp>946.503444</timestamp>
			</report>
			<report>
				<misses>2708001</misses>
				<total>4</total>
				<timestamp>946.853093</timestamp>
			</report>
			<report>
				<misses>2709001</misses>
				<total>4</total>
				<timestamp>947.202798</timestamp>
			</report>
			<report>
				<misses>2710001</misses>
				<total>4</total>
				<timestamp>947.552395</timestamp>
			</report>
			<report>
				<misses>2711001</misses>
				<total>4</total>
				<timestamp>947.902037</timestamp>
			</report>
			<report>
				<misses>2712001</misses>
				<total>4</total>
				<timestamp>948.251696</timestamp>
			</report>
			<report>
				<misses>2713001</misses>
				<total>4</total>
				<timestamp>948.601359</timestamp>
			</report>
			<report>
				<misses>2714001</misses>
				<total>4</total>
				<timestamp>948.950987</timestamp>
			</report>
			<report>
				<misses>2715001</misses>
				<total>4</total>
				<timestamp>949.300664</timestamp>
			</report>
			<report>
				<misses>2716001</misses>
				<total>4</total>
				<timestamp>949.650273</timestamp>
			</report>
			<report>
				<misses>2717001</misses>
				<total>4</total>
				<timestamp>949.999943</timestamp>
			</report>
			<report>
				<misses>2718001</misses>
				<total>4</total>
				<timestamp>950.349596</timestamp>
			</report>
			<report>
				<misses>2719001</misses>
				<total>4</total>
				<timestamp>950.699220</timestamp>
			</report>
			<report>
				<misses>2720001</misses>
				<total>4</total>
				<timestamp>951.048890</timestamp>
			</report>
			<report>
				<misses>2721001</misses>
				<total>4</total>
				<timestamp>951.398538</timestamp>
			</report>
			<report>
				<misses>2722001</misses>
				<total>4</total>
				<timestamp>951.748181</timestamp>
			</report>
			<report>
				<misses>2723001</misses>
				<total>4</total>
				<timestamp>952.097858</timestamp>
			</report>
			<report>
				<misses>2724001</misses>
				<total>4</total>
				<timestamp>952.447533</timestamp>
			</report>
			<report>
				<misses>2725001</misses>
				<total>4</total>
				<timestamp>952.797123</timestamp>
			</report>
			<report>
				<misses>2726001</misses>
				<total>4</total>
				<timestamp>953.146789</timestamp>
			</report>
			<report>
				<misses>2727001</misses>
				<total>4</total>
				<timestamp>953.496427</timestamp>
			</report>
			<report>
				<misses>2728001</misses>
				<total>4</total>
				<timestamp>953.846092</timestamp>
			</report>
			<report>
				<misses>2729001</misses>
				<total>4</total>
				<timestamp>954.195733</timestamp>
			</report>
			<report>
				<misses>2730001</misses>
				<total>4</total>
				<timestamp>954.545398</timestamp>
			</report>
			<report>
				<misses>2731001</misses>
				<total>4</total>
				<timestamp>954.895074</timestamp>
			</report>
			<report>
				<misses>2732001</misses>
				<total>4</total>
				<timestamp>955.244699</timestamp>
			</report>
			<report>
				<misses>2733001</misses>
				<total>4</total>
				<timestamp>955.594356</timestamp>
			</report>
			<report>
				<misses>2734001</misses>
				<total>4</total>
				<timestamp>955.943981</timestamp>
			</report>
			<report>
				<misses>2735001</misses>
				<total>4</total>
				<timestamp>956.293676</timestamp>
			</report>
			<report>
				<misses>2736001</misses>
				<total>4</total>
				<timestamp>956.643341</timestamp>
			</report>
			<report>
				<misses>2737001</misses>
				<total>4</total>
				<timestamp>956.992925</timestamp>
			</report>
			<report>
				<misses>2738001</misses>
				<total>4</total>
				<timestamp>957.342576</timestamp>
			</report>
			<report>
				<misses>2739001</misses>
				<total>4</total>
				<timestamp>957.692243</timestamp>
			</report>
			<report>
				<misses>2740001</misses>
				<total>4</total>
				<timestamp>958.041890</timestamp>
			</report>
			<report>
				<misses>2741001</misses>
				<total>4</total>
				<timestamp>958.391574</timestamp>
			</report>
			<report>
				<misses>2742001</misses>
				<total>4</total>
				<timestamp>958.741199</timestamp>
			</report>
			<report>
				<misses>2743001</misses>
				<total>4</total>
				<timestamp>959.090836</timestamp>
			</report>
			<report>
				<misses>2744001</misses>
				<total>4</total>
				<timestamp>959.440547</timestamp>
			</report>
			<report>
				<misses>2745001</misses>
				<total>4</total>
				<timestamp>959.790129</timestamp>
			</report>
			<report>
				<misses>2746001</misses>
				<total>4</total>
				<timestamp>960.139791</timestamp>
			</report>
			<report>
				<misses>2747001</misses>
				<total>4</total>
				<timestamp>960.489467</timestamp>
			</report>
			<report>
				<misses>2748001</misses>
				<total>4</total>
				<timestamp>960.839118</timestamp>
			</report>
			<report>
				<misses>2749001</misses>
				<total>4</total>
				<timestamp>961.188740</timestamp>
			</report>
			<report>
				<misses>2750001</misses>
				<total>4</total>
				<timestamp>961.538405</timestamp>
			</report>
			<report>
				<misses>2751001</misses>
				<total>4</total>
				<timestamp>961.888042</timestamp>
			</report>
			<report>
				<misses>2752001</misses>
				<total>4</total>
				<timestamp>962.237683</timestamp>
			</report>
			<report>
				<misses>2753001</misses>
				<total>4</total>
				<timestamp>962.587323</timestamp>
			</report>
			<report>
				<misses>2754001</misses>
				<total>4</total>
				<timestamp>962.936977</timestamp>
			</report>
			<report>
				<misses>2755001</misses>
				<total>4</total>
				<timestamp>963.286642</timestamp>
			</report>
			<report>
				<misses>2756001</misses>
				<total>4</total>
				<timestamp>963.636297</timestamp>
			</report>
			<report>
				<misses>2757001</misses>
				<total>4</total>
				<timestamp>963.985921</timestamp>
			</report>
			<report>
				<misses>2758001</misses>
				<total>4</total>
				<timestamp>964.335591</timestamp>
			</report>
			<report>
				<misses>2759001</misses>
				<total>4</total>
				<timestamp>964.685265</timestamp>
			</report>
			<report>
				<misses>2760001</misses>
				<total>4</total>
				<timestamp>965.034877</timestamp>
			</report>
			<report>
				<misses>2761001</misses>
				<total>4</total>
				<timestamp>965.384568</timestamp>
			</report>
			<report>
				<misses>2762001</misses>
				<total>4</total>
				<timestamp>965.734177</timestamp>
			</report>
			<report>
				<misses>2763001</misses>
				<total>4</total>
				<timestamp>966.083863</timestamp>
			</report>
			<report>
				<misses>2764001</misses>
				<total>4</total>
				<timestamp>966.433536</timestamp>
			</report>
			<report>
				<misses>2765001</misses>
				<total>4</total>
				<timestamp>966.783196</timestamp>
			</report>
			<report>
				<misses>2766001</misses>
				<total>4</total>
				<timestamp>967.132789</timestamp>
			</report>
			<report>
				<misses>2767001</misses>
				<total>4</total>
				<timestamp>967.482450</timestamp>
			</report>
			<report>
				<misses>2768001</misses>
				<total>4</total>
				<timestamp>967.832074</timestamp>
			</report>
			<report>
				<misses>2769001</misses>
				<total>4</total>
				<timestamp>968.181736</timestamp>
			</report>
			<report>
				<misses>2770001</misses>
				<total>4</total>
				<timestamp>968.531431</timestamp>
			</report>
			<report>
				<misses>2771001</misses>
				<total>4</total>
				<timestamp>968.881032</timestamp>
			</report>
			<report>
				<misses>2772001</misses>
				<total>4</total>
				<timestamp>969.230676</timestamp>
			</report>
			<report>
				<misses>2773001</misses>
				<total>4</total>
				<timestamp>969.580372</timestamp>
			</report>
			<report>
				<misses>2774001</misses>
				<total>4</total>
				<timestamp>969.929986</timestamp>
			</report>
			<report>
				<misses>2775001</misses>
				<total>4</total>
				<timestamp>970.279626</timestamp>
			</report>
			<report>
				<misses>2776001</misses>
				<total>4</total>
				<timestamp>970.629284</timestamp>
			</report>
			<report>
				<misses>2777001</misses>
				<total>4</total>
				<timestamp>970.978938</timestamp>
			</report>
			<report>
				<misses>2778001</misses>
				<total>4</total>
				<timestamp>971.328595</timestamp>
			</report>
			<report>
				<misses>2779001</misses>
				<total>4</total>
				<timestamp>971.678316</timestamp>
			</report>
			<report>
				<misses>2780001</misses>
				<total>4</total>
				<timestamp>972.027874</timestamp>
			</report>
			<report>
				<misses>2781001</misses>
				<total>4</total>
				<timestamp>972.377587</timestamp>
			</report>
			<report>
				<misses>2782001</misses>
				<total>4</total>
				<timestamp>972.727212</timestamp>
			</report>
			<report>
				<misses>2783001</misses>
				<total>4</total>
				<timestamp>973.076825</timestamp>
			</report>
			<report>
				<misses>2784001</misses>
				<total>4</total>
				<timestamp>973.426554</timestamp>
			</report>
			<report>
				<misses>2785001</misses>
				<total>4</total>
				<timestamp>973.776136</timestamp>
			</report>
			<report>
				<misses>2786001</misses>
				<total>4</total>
				<timestamp>974.125779</timestamp>
			</report>
			<report>
				<misses>2787001</misses>
				<total>4</total>
				<timestamp>974.475426</timestamp>
			</report>
			<report>
				<misses>2788001</misses>
				<total>4</total>
				<timestamp>974.825070</timestamp>
			</report>
			<report>
				<misses>2789001</misses>
				<total>4</total>
				<timestamp>975.174729</timestamp>
			</report>
			<report>
				<misses>2790001</misses>
				<total>4</total>
				<timestamp>975.524450</timestamp>
			</report>
			<report>
				<misses>2791001</misses>
				<total>4</total>
				<timestamp>975.874039</timestamp>
			</report>
			<report>
				<misses>2792001</misses>
				<total>4</total>
				<timestamp>976.223680</timestamp>
			</report>
			<report>
				<misses>2793001</misses>
				<total>4</total>
				<timestamp>976.573408</timestamp>
			</report>
			<report>
				<misses>2794001</misses>
				<total>4</total>
				<timestamp>976.922984</timestamp>
			</report>
			<report>
				<misses>2795001</misses>
				<total>4</total>
				<timestamp>977.272641</timestamp>
			</report>
			<report>
				<misses>2796001</misses>
				<total>4</total>
				<timestamp>977.622283</timestamp>
			</report>
			<report>
				<misses>2797001</misses>
				<total>4</total>
				<timestamp>977.971946</timestamp>
			</report>
			<report>
				<misses>2798001</misses>
				<total>4</total>
				<timestamp>978.321611</timestamp>
			</report>
			<report>
				<misses>2799001</misses>
				<total>4</total>
				<timestamp>978.671229</timestamp>
			</report>
			<report>
				<misses>2800001</misses>
				<total>4</total>
				<timestamp>979.020891</timestamp>
			</report>
			<report>
				<misses>2801001</misses>
				<total>4</total>
				<timestamp>979.370585</timestamp>
			</report>
			<report>
				<misses>2802001</misses>
				<total>4</total>
				<timestamp>979.720188</timestamp>
			</report>
			<report>
				<misses>2803001</misses>
				<total>4</total>
				<timestamp>980.069833</timestamp>
			</report>
			<report>
				<misses>2804001</misses>
				<total>4</total>
				<timestamp>980.419485</timestamp>
			</report>
			<report>
				<misses>2805001</misses>
				<total>4</total>
				<timestamp>980.769140</timestamp>
			</report>
			<report>
				<misses>2806001</misses>
				<total>4</total>
				<timestamp>981.118811</timestamp>
			</report>
			<report>
				<misses>2807001</misses>
				<total>4</total>
				<timestamp>981.468430</timestamp>
			</report>
			<report>
				<misses>2808001</misses>
				<total>4</total>
				<timestamp>981.818111</timestamp>
			</report>
			<report>
				<misses>2809001</misses>
				<total>4</total>
				<timestamp>982.167781</timestamp>
			</report>
			<report>
				<misses>2810001</misses>
				<total>4</total>
				<timestamp>982.517410</timestamp>
			</report>
			<report>
				<misses>2811001</misses>
				<total>4</total>
				<timestamp>982.867031</timestamp>
			</report>
			<report>
				<misses>2812001</misses>
				<total>4</total>
				<timestamp>983.216686</timestamp>
			</report>
			<report>
				<misses>2813001</misses>
				<total>4</total>
				<timestamp>983.566348</timestamp>
			</report>
			<report>
				<misses>2814001</misses>
				<total>4</total>
				<timestamp>983.916030</timestamp>
			</report>
			<report>
				<misses>2815001</misses>
				<total>4</total>
				<timestamp>984.265659</timestamp>
			</report>
			<report>
				<misses>2816001</misses>
				<total>4</total>
				<timestamp>984.615325</timestamp>
			</report>
			<report>
				<misses>2817001</misses>
				<total>4</total>
				<timestamp>984.964927</timestamp>
			</report>
			<report>
				<misses>2818001</misses>
				<total>4</total>
				<timestamp>985.314618</timestamp>
			</report>
			<report>
				<misses>2819001</misses>
				<total>4</total>
				<timestamp>985.664242</timestamp>
			</report>
			<report>
				<misses>2820001</misses>
				<total>4</total>
				<timestamp>986.013890</timestamp>
			</report>
			<report>
				<misses>2821001</misses>
				<total>4</total>
				<timestamp>986.363540</timestamp>
			</report>
			<report>
				<misses>2822001</misses>
				<total>4</total>
				<timestamp>986.713215</timestamp>
			</report>
			<report>
				<misses>2823001</misses>
				<total>4</total>
				<timestamp>987.062827</timestamp>
			</report>
			<report>
				<misses>2824001</misses>
				<total>4</total>
				<timestamp>987.412499</timestamp>
			</report>
			<report>
				<misses>2825001</misses>
				<total>4</total>
				<timestamp>987.762150</timestamp>
			</report>
			<report>
				<misses>2826001</misses>
				<total>4</total>
				<timestamp>988.111791</timestamp>
			</report>
			<report>
				<misses>2827001</misses>
				<total>4</total>
				<timestamp>988.461438</timestamp>
			</report>
			<report>
				<misses>2828001</misses>
				<total>4</total>
				<timestamp>988.811087</timestamp>
			</report>
			<report>
				<misses>2829001</misses>
				<total>4</total>
				<timestamp>989.160761</timestamp>
			</report>
			<report>
				<misses>2830001</misses>
				<total>4</total>
				<timestamp>989.510406</timestamp>
			</report>
			<report>
				<misses>2831001</misses>
				<total>4</total>
				<timestamp>989.860030</timestamp>
			</report>
			<report>
				<misses>2832001</misses>
				<total>4</total>
				<timestamp>990.209692</timestamp>
			</report>
			<report>
				<misses>2833001</misses>
				<total>4</total>
				<timestamp>990.559359</timestamp>
			</report>
			<report>
				<misses>2834001</misses>
				<total>4</total>
				<timestamp>990.908976</timestamp>
			</report>
			<report>
				<misses>2835001</misses>
				<total>4</total>
				<timestamp>991.258638</timestamp>
			</report>
			<report>
				<misses>2836001</misses>
				<total>4</total>
				<timestamp>991.608310</timestamp>
			</report>
			<report>
				<misses>2837001</misses>
				<total>4</total>
				<timestamp>991.957920</timestamp>
			</report>
			<report>
				<misses>2838001</misses>
				<total>4</total>
				<timestamp>992.307579</timestamp>
			</report>
			<report>
				<misses>2839001</misses>
				<total>4</total>
				<timestamp>992.657243</timestamp>
			</report>
			<report>
				<misses>2840001</misses>
				<total>4</total>
				<timestamp>993.006876</timestamp>
			</report>
			<report>
				<misses>2841001</misses>
				<total>4</total>
				<timestamp>993.356537</timestamp>
			</report>
			<report>
				<misses>2842001</misses>
				<total>4</total>
				<timestamp>993.706201</timestamp>
			</report>
			<report>
				<misses>2843001</misses>
				<total>4</total>
				<timestamp>994.055820</timestamp>
			</report>
			<report>
				<misses>2844001</misses>
				<total>4</total>
				<timestamp>994.405507</timestamp>
			</report>
			<report>
				<misses>2845001</misses>
				<total>4</total>
				<timestamp>994.755118</timestamp>
			</report>
			<report>
				<misses>2846001</misses>
				<total>4</total>
				<timestamp>995.104784</timestamp>
			</report>
			<report>
				<misses>2847001</misses>
				<total>4</total>
				<timestamp>995.454458</timestamp>
			</report>
			<report>
				<misses>2848001</misses>
				<total>4</total>
				<timestamp>995.804106</timestamp>
			</report>
			<report>
				<misses>2849001</misses>
				<total>4</total>
				<timestamp>996.153725</timestamp>
			</report>
			<report>
				<misses>2850001</misses>
				<total>4</total>
				<timestamp>996.503411</timestamp>
			</report>
			<report>
				<misses>2851001</misses>
				<total>4</total>
				<timestamp>996.853040</timestamp>
			</report>
			<report>
				<misses>2852001</misses>
				<total>4</total>
				<timestamp>997.202695</timestamp>
			</report>
			<report>
				<misses>2853001</misses>
				<total>4</total>
				<timestamp>997.552363</timestamp>
			</report>
			<report>
				<misses>2854001</misses>
				<total>4</total>
				<timestamp>997.902002</timestamp>
			</report>
			<report>
				<misses>2855001</misses>
				<total>4</total>
				<timestamp>998.251629</timestamp>
			</report>
			<report>
				<misses>2856001</misses>
				<total>4</total>
				<timestamp>998.601300</timestamp>
			</report>
			<report>
				<misses>2857001</misses>
				<total>4</total>
				<timestamp>998.950970</timestamp>
			</report>
			<report>
				<misses>2858001</misses>
				<total>4</total>
				<timestamp>999.300603</timestamp>
			</report>
			<report>
				<misses>2859001</misses>
				<total>4</total>
				<timestamp>999.650254</timestamp>
			</report>
			<report>
				<misses>2860001</misses>
				<total>4</total>
				<timestamp>999.999884</timestamp>
			</report>
			<report>
				<misses>2861001</misses>
				<total>4</total>
				<timestamp>1000.349529</timestamp>
			</report>
			<report>
				<misses>2862001</misses>
				<total>4</total>
				<timestamp>1000.699268</timestamp>
			</report>
			<report>
				<misses>2863001</misses>
				<total>4</total>
				<timestamp>1001.048819</timestamp>
			</report>
			<report>
				<misses>2864001</misses>
				<total>4</total>
				<timestamp>1001.398503</timestamp>
			</report>
			<report>
				<misses>2865001</misses>
				<total>4</total>
				<timestamp>1001.748133</timestamp>
			</report>
			<report>
				<misses>2866001</misses>
				<total>4</total>
				<timestamp>1002.097785</timestamp>
			</report>
			<report>
				<misses>2867001</misses>
				<total>4</total>
				<timestamp>1002.447422</timestamp>
			</report>
			<report>
				<misses>2868001</misses>
				<total>4</total>
				<timestamp>1002.797123</timestamp>
			</report>
			<report>
				<misses>2869001</misses>
				<total>4</total>
				<timestamp>1003.146739</timestamp>
			</report>
			<report>
				<misses>2870001</misses>
				<total>4</total>
				<timestamp>1003.496441</timestamp>
			</report>
			<report>
				<misses>2871001</misses>
				<total>4</total>
				<timestamp>1003.846025</timestamp>
			</report>
			<report>
				<misses>2872001</misses>
				<total>4</total>
				<timestamp>1004.195690</timestamp>
			</report>
			<report>
				<misses>2873001</misses>
				<total>4</total>
				<timestamp>1004.545331</timestamp>
			</report>
			<report>
				<misses>2874001</misses>
				<total>4</total>
				<timestamp>1004.894993</timestamp>
			</report>
			<report>
				<misses>2875001</misses>
				<total>4</total>
				<timestamp>1005.244634</timestamp>
			</report>
			<report>
				<misses>2876001</misses>
				<total>4</total>
				<timestamp>1005.594317</timestamp>
			</report>
			<report>
				<misses>2877001</misses>
				<total>4</total>
				<timestamp>1005.943944</timestamp>
			</report>
			<report>
				<misses>2878001</misses>
				<total>4</total>
				<timestamp>1006.293609</timestamp>
			</report>
			<report>
				<misses>2879001</misses>
				<total>4</total>
				<timestamp>1006.643247</timestamp>
			</report>
			<report>
				<misses>2880001</misses>
				<total>4</total>
				<timestamp>1006.992897</timestamp>
			</report>
			<report>
				<misses>2881001</misses>
				<total>4</total>
				<timestamp>1007.342539</timestamp>
			</report>
			<report>
				<misses>2882001</misses>
				<total>4</total>
				<timestamp>1007.692210</timestamp>
			</report>
			<report>
				<misses>2883001</misses>
				<total>4</total>
				<timestamp>1008.041849</timestamp>
			</report>
			<report>
				<misses>2884001</misses>
				<total>4</total>
				<timestamp>1008.391475</timestamp>
			</report>
			<report>
				<misses>2885001</misses>
				<total>4</total>
				<timestamp>1008.741165</timestamp>
			</report>
			<report>
				<misses>2886001</misses>
				<total>4</total>
				<timestamp>1009.090781</timestamp>
			</report>
			<report>
				<misses>2887001</misses>
				<total>4</total>
				<timestamp>1009.440439</timestamp>
			</report>
			<report>
				<misses>2888001</misses>
				<total>4</total>
				<timestamp>1009.790089</timestamp>
			</report>
			<report>
				<misses>2889001</misses>
				<total>4</total>
				<timestamp>1010.139772</timestamp>
			</report>
			<report>
				<misses>2890001</misses>
				<total>4</total>
				<timestamp>1010.489383</timestamp>
			</report>
			<report>
				<misses>2891001</misses>
				<total>4</total>
				<timestamp>1010.839035</timestamp>
			</report>
			<report>
				<misses>2892001</misses>
				<total>4</total>
				<timestamp>1011.188675</timestamp>
			</report>
			<report>
				<misses>2893001</misses>
				<total>4</total>
				<timestamp>1011.538333</timestamp>
			</report>
			<report>
				<misses>2894001</misses>
				<total>4</total>
				<timestamp>1011.887982</timestamp>
			</report>
			<report>
				<misses>2895001</misses>
				<total>4</total>
				<timestamp>1012.237629</timestamp>
			</report>
			<report>
				<misses>2896001</misses>
				<total>4</total>
				<timestamp>1012.587298</timestamp>
			</report>
			<report>
				<misses>2897001</misses>
				<total>4</total>
				<timestamp>1012.936940</timestamp>
			</report>
			<report>
				<misses>2898001</misses>
				<total>4</total>
				<timestamp>1013.286597</timestamp>
			</report>
			<report>
				<misses>2899001</misses>
				<total>4</total>
				<timestamp>1013.636248</timestamp>
			</report>
			<report>
				<misses>2900001</misses>
				<total>4</total>
				<timestamp>1013.985876</timestamp>
			</report>
			<report>
				<misses>2901001</misses>
				<total>4</total>
				<timestamp>1014.335551</timestamp>
			</report>
			<report>
				<misses>2902001</misses>
				<total>4</total>
				<timestamp>1014.685227</timestamp>
			</report>
			<report>
				<misses>2903001</misses>
				<total>4</total>
				<timestamp>1015.034866</timestamp>
			</report>
			<report>
				<misses>2904001</misses>
				<total>4</total>
				<timestamp>1015.384484</timestamp>
			</report>
			<report>
				<misses>2905001</misses>
				<total>4</total>
				<timestamp>1015.734172</timestamp>
			</report>
			<report>
				<misses>2906001</misses>
				<total>4</total>
				<timestamp>1016.083773</timestamp>
			</report>
			<report>
				<misses>2907001</misses>
				<total>4</total>
				<timestamp>1016.433433</timestamp>
			</report>
			<report>
				<misses>2908001</misses>
				<total>4</total>
				<timestamp>1016.783128</timestamp>
			</report>
			<report>
				<misses>2909001</misses>
				<total>4</total>
				<timestamp>1017.132754</timestamp>
			</report>
			<report>
				<misses>2910001</misses>
				<total>4</total>
				<timestamp>1017.482382</timestamp>
			</report>
			<report>
				<misses>2911001</misses>
				<total>4</total>
				<timestamp>1017.832080</timestamp>
			</report>
			<report>
				<misses>2912001</misses>
				<total>4</total>
				<timestamp>1018.181674</timestamp>
			</report>
			<report>
				<misses>2913001</misses>
				<total>4</total>
				<timestamp>1018.531365</timestamp>
			</report>
			<report>
				<misses>2914001</misses>
				<total>4</total>
				<timestamp>1018.880966</timestamp>
			</report>
			<report>
				<misses>2915001</misses>
				<total>4</total>
				<timestamp>1019.230647</timestamp>
			</report>
			<report>
				<misses>2916001</misses>
				<total>4</total>
				<timestamp>1019.580284</timestamp>
			</report>
			<report>
				<misses>2917001</misses>
				<total>4</total>
				<timestamp>1019.929926</timestamp>
			</report>
			<report>
				<misses>2918001</misses>
				<total>4</total>
				<timestamp>1020.279582</timestamp>
			</report>
			<report>
				<misses>2919001</misses>
				<total>4</total>
				<timestamp>1020.629274</timestamp>
			</report>
			<report>
				<misses>2920001</misses>
				<total>4</total>
				<timestamp>1020.978879</timestamp>
			</report>
			<report>
				<misses>2921001</misses>
				<total>4</total>
				<timestamp>1021.328531</timestamp>
			</report>
			<report>
				<misses>2922001</misses>
				<total>4</total>
				<timestamp>1021.678219</timestamp>
			</report>
			<report>
				<misses>2923001</misses>
				<total>4</total>
				<timestamp>1022.027839</timestamp>
			</report>
			<report>
				<misses>2924001</misses>
				<total>4</total>
				<timestamp>1022.377541</timestamp>
			</report>
			<report>
				<misses>2925001</misses>
				<total>4</total>
				<timestamp>1022.727214</timestamp>
			</report>
			<report>
				<misses>2926001</misses>
				<total>4</total>
				<timestamp>1023.076792</timestamp>
			</report>
			<report>
				<misses>2927001</misses>
				<total>4</total>
				<timestamp>1023.426441</timestamp>
			</report>
			<report>
				<misses>2928001</misses>
				<total>4</total>
				<timestamp>1023.776126</timestamp>
			</report>
			<report>
				<misses>2929001</misses>
				<total>4</total>
				<timestamp>1024.125728</timestamp>
			</report>
			<report>
				<misses>2930001</misses>
				<total>4</total>
				<timestamp>1024.475385</timestamp>
			</report>
			<report>
				<misses>2931001</misses>
				<total>4</total>
				<timestamp>1024.825043</timestamp>
			</report>
			<report>
				<misses>2932001</misses>
				<total>4</total>
				<timestamp>1025.174712</timestamp>
			</report>
			<report>
				<misses>2933001</misses>
				<total>4</total>
				<timestamp>1025.524375</timestamp>
			</report>
			<report>
				<misses>2934001</misses>
				<total>4</total>
				<timestamp>1025.874011</timestamp>
			</report>
			<report>
				<misses>2935001</misses>
				<total>4</total>
				<timestamp>1026.223626</timestamp>
			</report>
			<report>
				<misses>2936001</misses>
				<total>4</total>
				<timestamp>1026.573283</timestamp>
			</report>
			<report>
				<misses>2937001</misses>
				<total>4</total>
				<timestamp>1026.922930</timestamp>
			</report>
			<report>
				<misses>2938001</misses>
				<total>4</total>
				<timestamp>1027.272606</timestamp>
			</report>
			<report>
				<misses>2939001</misses>
				<total>4</total>
				<timestamp>1027.622242</timestamp>
			</report>
			<report>
				<misses>2940001</misses>
				<total>4</total>
				<timestamp>1027.971892</timestamp>
			</report>
			<report>
				<misses>2941001</misses>
				<total>4</total>
				<timestamp>1028.321538</timestamp>
			</report>
			<report>
				<misses>2942001</misses>
				<total>4</total>
				<timestamp>1028.671192</timestamp>
			</report>
			<report>
				<misses>2943001</misses>
				<total>4</total>
				<timestamp>1029.020832</timestamp>
			</report>
			<report>
				<misses>2944001</misses>
				<total>4</total>
				<timestamp>1029.370489</timestamp>
			</report>
			<report>
				<misses>2945001</misses>
				<total>4</total>
				<timestamp>1029.720178</timestamp>
			</report>
			<report>
				<misses>2946001</misses>
				<total>4</total>
				<timestamp>1030.069773</timestamp>
			</report>
			<report>
				<misses>2947001</misses>
				<total>4</total>
				<timestamp>1030.419430</timestamp>
			</report>
			<report>
				<misses>2948001</misses>
				<total>4</total>
				<timestamp>1030.769115</timestamp>
			</report>
			<report>
				<misses>2949001</misses>
				<total>4</total>
				<timestamp>1031.118745</timestamp>
			</report>
			<report>
				<misses>2950001</misses>
				<total>4</total>
				<timestamp>1031.468385</timestamp>
			</report>
			<report>
				<misses>2951001</misses>
				<total>4</total>
				<timestamp>1031.818062</timestamp>
			</report>
			<report>
				<misses>2952001</misses>
				<total>4</total>
				<timestamp>1032.167676</timestamp>
			</report>
			<report>
				<misses>2953001</misses>
				<total>4</total>
				<timestamp>1032.517329</timestamp>
			</report>
			<report>
				<misses>2954001</misses>
				<total>4</total>
				<timestamp>1032.867035</timestamp>
			</report>
			<report>
				<misses>2955001</misses>
				<total>4</total>
				<timestamp>1033.216647</timestamp>
			</report>
			<report>
				<misses>2956001</misses>
				<total>4</total>
				<timestamp>1033.566292</timestamp>
			</report>
			<report>
				<misses>2957001</misses>
				<total>4</total>
				<timestamp>1033.915954</timestamp>
			</report>
			<report>
				<misses>2958001</misses>
				<total>4</total>
				<timestamp>1034.265604</timestamp>
			</report>
			<report>
				<misses>2959001</misses>
				<total>4</total>
				<timestamp>1034.615254</timestamp>
			</report>
			<report>
				<misses>2960001</misses>
				<total>4</total>
				<timestamp>1034.964904</timestamp>
			</report>
			<report>
				<misses>2961001</misses>
				<total>4</total>
				<timestamp>1035.314577</timestamp>
			</report>
			<report>
				<misses>2962001</misses>
				<total>4</total>
				<timestamp>1035.664214</timestamp>
			</report>
			<report>
				<misses>2963001</misses>
				<total>4</total>
				<timestamp>1036.013826</timestamp>
			</report>
			<report>
				<misses>2964001</misses>
				<total>4</total>
				<timestamp>1036.363478</timestamp>
			</report>
			<report>
				<misses>2965001</misses>
				<total>4</total>
				<timestamp>1036.713165</timestamp>
			</report>
			<report>
				<misses>2966001</misses>
				<total>4</total>
				<timestamp>1037.062771</timestamp>
			</report>
			<report>
				<misses>2967001</misses>
				<total>4</total>
				<timestamp>1037.412465</timestamp>
			</report>
			<report>
				<misses>2968001</misses>
				<total>4</total>
				<timestamp>1037.762166</timestamp>
			</report>
			<report>
				<misses>2969001</misses>
				<total>4</total>
				<timestamp>1038.111745</timestamp>
			</report>
			<report>
				<misses>2970001</misses>
				<total>4</total>
				<timestamp>1038.461393</timestamp>
			</report>
			<report>
				<misses>2971001</misses>
				<total>4</total>
				<timestamp>1038.811040</timestamp>
			</report>
			<report>
				<misses>2972001</misses>
				<total>4</total>
				<timestamp>1039.160676</timestamp>
			</report>
			<report>
				<misses>2973001</misses>
				<total>4</total>
				<timestamp>1039.510362</timestamp>
			</report>
			<report>
				<misses>2974001</misses>
				<total>4</total>
				<timestamp>1039.860055</timestamp>
			</report>
			<report>
				<misses>2975001</misses>
				<total>4</total>
				<timestamp>1040.209651</timestamp>
			</report>
			<report>
				<misses>2976001</misses>
				<total>4</total>
				<timestamp>1040.559283</timestamp>
			</report>
			<report>
				<misses>2977001</misses>
				<total>4</total>
				<timestamp>1040.908940</timestamp>
			</report>
			<report>
				<misses>2978001</misses>
				<total>4</total>
				<timestamp>1041.258598</timestamp>
			</report>
			<report>
				<misses>2979001</misses>
				<total>4</total>
				<timestamp>1041.608223</timestamp>
			</report>
			<report>
				<misses>2980001</misses>
				<total>4</total>
				<timestamp>1041.957867</timestamp>
			</report>
			<report>
				<misses>2981001</misses>
				<total>4</total>
				<timestamp>1042.307545</timestamp>
			</report>
			<report>
				<misses>2982001</misses>
				<total>4</total>
				<timestamp>1042.657191</timestamp>
			</report>
			<report>
				<misses>2983001</misses>
				<total>4</total>
				<timestamp>1043.006836</timestamp>
			</report>
			<report>
				<misses>2984001</misses>
				<total>4</total>
				<timestamp>1043.356485</timestamp>
			</report>
			<report>
				<misses>2985001</misses>
				<total>4</total>
				<timestamp>1043.706174</timestamp>
			</report>
			<report>
				<misses>2986001</misses>
				<total>4</total>
				<timestamp>1044.055794</timestamp>
			</report>
			<report>
				<misses>2987001</misses>
				<total>4</total>
				<timestamp>1044.405508</timestamp>
			</report>
			<report>
				<misses>2988001</misses>
				<total>4</total>
				<timestamp>1044.755135</timestamp>
			</report>
			<report>
				<misses>2989001</misses>
				<total>4</total>
				<timestamp>1045.104730</timestamp>
			</report>
			<report>
				<misses>2990001</misses>
				<total>4</total>
				<timestamp>1045.454382</timestamp>
			</report>
			<report>
				<misses>2991001</misses>
				<total>4</total>
				<timestamp>1045.804034</timestamp>
			</report>
			<report>
				<misses>2992001</misses>
				<total>4</total>
				<timestamp>1046.153693</timestamp>
			</report>
			<report>
				<misses>2993001</misses>
				<total>4</total>
				<timestamp>1046.503331</timestamp>
			</report>
			<report>
				<misses>2994001</misses>
				<total>4</total>
				<timestamp>1046.853023</timestamp>
			</report>
			<report>
				<misses>2995001</misses>
				<total>4</total>
				<timestamp>1047.202621</timestamp>
			</report>
			<report>
				<misses>2996001</misses>
				<total>4</total>
				<timestamp>1047.552342</timestamp>
			</report>
			<report>
				<misses>2997001</misses>
				<total>4</total>
				<timestamp>1047.901956</timestamp>
			</report>
			<report>
				<misses>2998001</misses>
				<total>4</total>
				<timestamp>1048.251590</timestamp>
			</report>
			<report>
				<misses>2999001</misses>
				<total>4</total>
				<timestamp>1048.601311</timestamp>
			</report>
			<report>
				<misses>3000001</misses>
				<total>4</total>
				<timestamp>1048.950897</timestamp>
			</report>
			<report>
				<misses>3001001</misses>
				<total>4</total>
				<timestamp>1049.300523</timestamp>
			</report>
			<report>
				<misses>3002001</misses>
				<total>4</total>
				<timestamp>1049.650224</timestamp>
			</report>
			<report>
				<misses>3003001</misses>
				<total>4</total>
				<timestamp>1049.999829</timestamp>
			</report>
			<report>
				<misses>3004001</misses>
				<total>4</total>
				<timestamp>1050.349496</timestamp>
			</report>
			<report>
				<misses>3005001</misses>
				<total>4</total>
				<timestamp>1050.699161</timestamp>
			</report>
			<report>
				<misses>3006001</misses>
				<total>4</total>
				<timestamp>1051.048778</timestamp>
			</report>
			<report>
				<misses>3007001</misses>
				<total>4</total>
				<timestamp>1051.398433</timestamp>
			</report>
			<report>
				<misses>3008001</misses>
				<total>4</total>
				<timestamp>1051.748104</timestamp>
			</report>
			<report>
				<misses>3009001</misses>
				<total>4</total>
				<timestamp>1052.097732</timestamp>
			</report>
			<report>
				<misses>3010001</misses>
				<total>4</total>
				<timestamp>1052.447419</timestamp>
			</report>
			<report>
				<misses>3011001</misses>
				<total>4</total>
				<timestamp>1052.797075</timestamp>
			</report>
			<report>
				<misses>3012001</misses>
				<total>4</total>
				<timestamp>1053.146679</timestamp>
			</report>
			<report>
				<misses>3013001</misses>
				<total>4</total>
				<timestamp>1053.496358</timestamp>
			</report>
			<report>
				<misses>3014001</misses>
				<total>4</total>
				<timestamp>1053.846012</timestamp>
			</report>
			<report>
				<misses>3015001</misses>
				<total>4</total>
				<timestamp>1054.195626</timestamp>
			</report>
			<report>
				<misses>3016001</misses>
				<total>4</total>
				<timestamp>1054.545283</timestamp>
			</report>
			<report>
				<misses>3017001</misses>
				<total>4</total>
				<timestamp>1054.894962</timestamp>
			</report>
			<report>
				<misses>3018001</misses>
				<total>4</total>
				<timestamp>1055.244584</timestamp>
			</report>
			<report>
				<misses>3019001</misses>
				<total>4</total>
				<timestamp>1055.594246</timestamp>
			</report>
			<report>
				<misses>3020001</misses>
				<total>4</total>
				<timestamp>1055.943922</timestamp>
			</report>
			<report>
				<misses>3021001</misses>
				<total>4</total>
				<timestamp>1056.293559</timestamp>
			</report>
			<report>
				<misses>3022001</misses>
				<total>4</total>
				<timestamp>1056.643197</timestamp>
			</report>
			<report>
				<misses>3023001</misses>
				<total>4</total>
				<timestamp>1056.992863</timestamp>
			</report>
			<report>
				<misses>3024001</misses>
				<total>4</total>
				<timestamp>1057.342469</timestamp>
			</report>
			<report>
				<misses>3025001</misses>
				<total>4</total>
				<timestamp>1057.692156</timestamp>
			</report>
			<report>
				<misses>3026001</misses>
				<total>4</total>
				<timestamp>1058.041801</timestamp>
			</report>
			<report>
				<misses>3027001</misses>
				<total>4</total>
				<timestamp>1058.391432</timestamp>
			</report>
			<report>
				<misses>3028001</misses>
				<total>4</total>
				<timestamp>1058.741110</timestamp>
			</report>
			<report>
				<misses>3029001</misses>
				<total>4</total>
				<timestamp>1059.090731</timestamp>
			</report>
			<report>
				<misses>3030001</misses>
				<total>4</total>
				<timestamp>1059.440376</timestamp>
			</report>
			<report>
				<misses>3031001</misses>
				<total>4</total>
				<timestamp>1059.790119</timestamp>
			</report>
			<report>
				<misses>3032001</misses>
				<total>4</total>
				<timestamp>1060.139678</timestamp>
			</report>
			<report>
				<misses>3033001</misses>
				<total>4</total>
				<timestamp>1060.489332</timestamp>
			</report>
			<report>
				<misses>3034001</misses>
				<total>4</total>
				<timestamp>1060.838988</timestamp>
			</report>
			<report>
				<misses>3035001</misses>
				<total>4</total>
				<timestamp>1061.188628</timestamp>
			</report>
			<report>
				<misses>3036001</misses>
				<total>4</total>
				<timestamp>1061.538278</timestamp>
			</report>
			<report>
				<misses>3037001</misses>
				<total>4</total>
				<timestamp>1061.887954</timestamp>
			</report>
			<report>
				<misses>3038001</misses>
				<total>4</total>
				<timestamp>1062.237591</timestamp>
			</report>
			<report>
				<misses>3039001</misses>
				<total>4</total>
				<timestamp>1062.587236</timestamp>
			</report>
			<report>
				<misses>3040001</misses>
				<total>4</total>
				<timestamp>1062.936921</timestamp>
			</report>
			<report>
				<misses>3041001</misses>
				<total>4</total>
				<timestamp>1063.286537</timestamp>
			</report>
			<report>
				<misses>3042001</misses>
				<total>4</total>
				<timestamp>1063.636172</timestamp>
			</report>
			<report>
				<misses>3043001</misses>
				<total>4</total>
				<timestamp>1063.985861</timestamp>
			</report>
			<report>
				<misses>3044001</misses>
				<total>4</total>
				<timestamp>1064.335479</timestamp>
			</report>
			<report>
				<misses>3045001</misses>
				<total>4</total>
				<timestamp>1064.685134</timestamp>
			</report>
			<report>
				<misses>3046001</misses>
				<total>4</total>
				<timestamp>1065.034790</timestamp>
			</report>
			<report>
				<misses>3047001</misses>
				<total>4</total>
				<timestamp>1065.384447</timestamp>
			</report>
			<report>
				<misses>3048001</misses>
				<total>4</total>
				<timestamp>1065.734096</timestamp>
			</report>
			<report>
				<misses>3049001</misses>
				<total>4</total>
				<timestamp>1066.083728</timestamp>
			</report>
			<report>
				<misses>3050001</misses>
				<total>4</total>
				<timestamp>1066.433405</timestamp>
			</report>
			<report>
				<misses>3051001</misses>
				<total>4</total>
				<timestamp>1066.783040</timestamp>
			</report>
			<report>
				<misses>3052001</misses>
				<total>4</total>
				<timestamp>1067.132680</timestamp>
			</report>
			<report>
				<misses>3053001</misses>
				<total>4</total>
				<timestamp>1067.482319</timestamp>
			</report>
			<report>
				<misses>3054001</misses>
				<total>4</total>
				<timestamp>1067.831995</timestamp>
			</report>
			<report>
				<misses>3055001</misses>
				<total>4</total>
				<timestamp>1068.181626</timestamp>
			</report>
			<report>
				<misses>3056001</misses>
				<total>4</total>
				<timestamp>1068.531283</timestamp>
			</report>
			<report>
				<misses>3057001</misses>
				<total>4</total>
				<timestamp>1068.880952</timestamp>
			</report>
			<report>
				<misses>3058001</misses>
				<total>4</total>
				<timestamp>1069.230577</timestamp>
			</report>
			<report>
				<misses>3059001</misses>
				<total>4</total>
				<timestamp>1069.580234</timestamp>
			</report>
			<report>
				<misses>3060001</misses>
				<total>4</total>
				<timestamp>1069.929902</timestamp>
			</report>
			<report>
				<misses>3061001</misses>
				<total>4</total>
				<timestamp>1070.279527</timestamp>
			</report>
			<report>
				<misses>3062001</misses>
				<total>4</total>
				<timestamp>1070.629190</timestamp>
			</report>
			<report>
				<misses>3063001</misses>
				<total>4</total>
				<timestamp>1070.978853</timestamp>
			</report>
			<report>
				<misses>3064001</misses>
				<total>4</total>
				<timestamp>1071.328507</timestamp>
			</report>
			<report>
				<misses>3065001</misses>
				<total>4</total>
				<timestamp>1071.678165</timestamp>
			</report>
			<report>
				<misses>3066001</misses>
				<total>4</total>
				<timestamp>1072.027804</timestamp>
			</report>
			<report>
				<misses>3067001</misses>
				<total>4</total>
				<timestamp>1072.377509</timestamp>
			</report>
			<report>
				<misses>3068001</misses>
				<total>4</total>
				<timestamp>1072.727125</timestamp>
			</report>
			<report>
				<misses>3069001</misses>
				<total>4</total>
				<timestamp>1073.076741</timestamp>
			</report>
			<report>
				<misses>3070001</misses>
				<total>4</total>
				<timestamp>1073.426385</timestamp>
			</report>
			<report>
				<misses>3071001</misses>
				<total>4</total>
				<timestamp>1073.776039</timestamp>
			</report>
			<report>
				<misses>3072001</misses>
				<total>4</total>
				<timestamp>1074.125774</timestamp>
			</report>
			<report>
				<misses>3073001</misses>
				<total>4</total>
				<timestamp>1074.475333</timestamp>
			</report>
			<report>
				<misses>3074001</misses>
				<total>4</total>
				<timestamp>1074.824991</timestamp>
			</report>
			<report>
				<misses>3075001</misses>
				<total>4</total>
				<timestamp>1075.174645</timestamp>
			</report>
			<report>
				<misses>3076001</misses>
				<total>4</total>
				<timestamp>1075.524317</timestamp>
			</report>
			<report>
				<misses>3077001</misses>
				<total>4</total>
				<timestamp>1075.873946</timestamp>
			</report>
			<report>
				<misses>3078001</misses>
				<total>4</total>
				<timestamp>1076.223593</timestamp>
			</report>
			<report>
				<misses>3079001</misses>
				<total>4</total>
				<timestamp>1076.573242</timestamp>
			</report>
			<report>
				<misses>3080001</misses>
				<total>4</total>
				<timestamp>1076.922928</timestamp>
			</report>
			<report>
				<misses>3081001</misses>
				<total>4</total>
				<timestamp>1077.272527</timestamp>
			</report>
			<report>
				<misses>3082001</misses>
				<total>4</total>
				<timestamp>1077.622194</timestamp>
			</report>
			<report>
				<misses>3083001</misses>
				<total>4</total>
				<timestamp>1077.971882</timestamp>
			</report>
			<report>
				<misses>3084001</misses>
				<total>4</total>
				<timestamp>1078.321490</timestamp>
			</report>
			<report>
				<misses>3085001</misses>
				<total>4</total>
				<timestamp>1078.671180</timestamp>
			</report>
			<report>
				<misses>3086001</misses>
				<total>4</total>
				<timestamp>1079.020809</timestamp>
			</report>
			<report>
				<misses>3087001</misses>
				<total>4</total>
				<timestamp>1079.370485</timestamp>
			</report>
			<report>
				<misses>3088001</misses>
				<total>4</total>
				<timestamp>1079.720119</timestamp>
			</report>
			<report>
				<misses>3089001</misses>
				<total>4</total>
				<timestamp>1080.069757</timestamp>
			</report>
			<report>
				<misses>3090001</misses>
				<total>4</total>
				<timestamp>1080.419384</timestamp>
			</report>
			<report>
				<misses>3091001</misses>
				<total>4</total>
				<timestamp>1080.769048</timestamp>
			</report>
			<report>
				<misses>3092001</misses>
				<total>4</total>
				<timestamp>1081.118701</timestamp>
			</report>
			<report>
				<misses>3093001</misses>
				<total>4</total>
				<timestamp>1081.468347</timestamp>
			</report>
			<report>
				<misses>3094001</misses>
				<total>4</total>
				<timestamp>1081.817997</timestamp>
			</report>
			<report>
				<misses>3095001</misses>
				<total>4</total>
				<timestamp>1082.167647</timestamp>
			</report>
			<report>
				<misses>3096001</misses>
				<total>4</total>
				<timestamp>1082.517290</timestamp>
			</report>
			<report>
				<misses>3097001</misses>
				<total>4</total>
				<timestamp>1082.866936</timestamp>
			</report>
			<report>
				<misses>3098001</misses>
				<total>4</total>
				<timestamp>1083.216583</timestamp>
			</report>
			<report>
				<misses>3099001</misses>
				<total>4</total>
				<timestamp>1083.566274</timestamp>
			</report>
			<report>
				<misses>3100001</misses>
				<total>4</total>
				<timestamp>1083.915931</timestamp>
			</report>
			<report>
				<misses>3101001</misses>
				<total>4</total>
				<timestamp>1084.265534</timestamp>
			</report>
			<report>
				<misses>3102001</misses>
				<total>4</total>
				<timestamp>1084.615207</timestamp>
			</report>
			<report>
				<misses>3103001</misses>
				<total>4</total>
				<timestamp>1084.964884</timestamp>
			</report>
			<report>
				<misses>3104001</misses>
				<total>4</total>
				<timestamp>1085.314512</timestamp>
			</report>
			<report>
				<misses>3105001</misses>
				<total>4</total>
				<timestamp>1085.664164</timestamp>
			</report>
			<report>
				<misses>3106001</misses>
				<total>4</total>
				<timestamp>1086.013817</timestamp>
			</report>
			<report>
				<misses>3107001</misses>
				<total>4</total>
				<timestamp>1086.363453</timestamp>
			</report>
			<report>
				<misses>3108001</misses>
				<total>4</total>
				<timestamp>1086.713154</timestamp>
			</report>
			<report>
				<misses>3109001</misses>
				<total>4</total>
				<timestamp>1087.062791</timestamp>
			</report>
			<report>
				<misses>3110001</misses>
				<total>4</total>
				<timestamp>1087.412383</timestamp>
			</report>
			<report>
				<misses>3111001</misses>
				<total>4</total>
				<timestamp>1087.762045</timestamp>
			</report>
			<report>
				<misses>3112001</misses>
				<total>4</total>
				<timestamp>1088.111714</timestamp>
			</report>
			<report>
				<misses>3113001</misses>
				<total>4</total>
				<timestamp>1088.461347</timestamp>
			</report>
			<report>
				<misses>3114001</misses>
				<total>4</total>
				<timestamp>1088.810997</timestamp>
			</report>
			<report>
				<misses>3115001</misses>
				<total>4</total>
				<timestamp>1089.160690</timestamp>
			</report>
			<report>
				<misses>3116001</misses>
				<total>4</total>
				<timestamp>1089.510280</timestamp>
			</report>
			<report>
				<misses>3117001</misses>
				<total>4</total>
				<timestamp>1089.859934</timestamp>
			</report>
			<report>
				<misses>3118001</misses>
				<total>4</total>
				<timestamp>1090.209590</timestamp>
			</report>
			<report>
				<misses>3119001</misses>
				<total>4</total>
				<timestamp>1090.559237</timestamp>
			</report>
			<report>
				<misses>3120001</misses>
				<total>4</total>
				<timestamp>1090.908924</timestamp>
			</report>
			<report>
				<misses>3121001</misses>
				<total>4</total>
				<timestamp>1091.258531</timestamp>
			</report>
			<report>
				<misses>3122001</misses>
				<total>4</total>
				<timestamp>1091.608200</timestamp>
			</report>
			<report>
				<misses>3123001</misses>
				<total>4</total>
				<timestamp>1091.957920</timestamp>
			</report>
			<report>
				<misses>3124001</misses>
				<total>4</total>
				<timestamp>1092.307487</timestamp>
			</report>
			<report>
				<misses>3125001</misses>
				<total>4</total>
				<timestamp>1092.657142</timestamp>
			</report>
			<report>
				<misses>3126001</misses>
				<total>4</total>
				<timestamp>1093.006833</timestamp>
			</report>
			<report>
				<misses>3127001</misses>
				<total>4</total>
				<timestamp>1093.356433</timestamp>
			</report>
			<report>
				<misses>3128001</misses>
				<total>4</total>
				<timestamp>1093.706121</timestamp>
			</report>
			<report>
				<misses>3129001</misses>
				<total>4</total>
				<timestamp>1094.055777</timestamp>
			</report>
			<report>
				<misses>3130001</misses>
				<total>4</total>
				<timestamp>1094.405388</timestamp>
			</report>
			<report>
				<misses>3131001</misses>
				<total>4</total>
				<timestamp>1094.755057</timestamp>
			</report>
			<report>
				<misses>3132001</misses>
				<total>4</total>
				<timestamp>1095.104732</timestamp>
			</report>
			<report>
				<misses>3133001</misses>
				<total>4</total>
				<timestamp>1095.454334</timestamp>
			</report>
			<report>
				<misses>3134001</misses>
				<total>4</total>
				<timestamp>1095.803979</timestamp>
			</report>
			<report>
				<misses>3135001</misses>
				<total>4</total>
				<timestamp>1096.153658</timestamp>
			</report>
			<report>
				<misses>3136001</misses>
				<total>4</total>
				<timestamp>1096.503285</timestamp>
			</report>
			<report>
				<misses>3137001</misses>
				<total>4</total>
				<timestamp>1096.852931</timestamp>
			</report>
			<report>
				<misses>3138001</misses>
				<total>4</total>
				<timestamp>1097.202607</timestamp>
			</report>
			<report>
				<misses>3139001</misses>
				<total>4</total>
				<timestamp>1097.552242</timestamp>
			</report>
			<report>
				<misses>3140001</misses>
				<total>4</total>
				<timestamp>1097.901901</timestamp>
			</report>
			<report>
				<misses>3141001</misses>
				<total>4</total>
				<timestamp>1098.251549</timestamp>
			</report>
			<report>
				<misses>3142001</misses>
				<total>4</total>
				<timestamp>1098.601207</timestamp>
			</report>
			<report>
				<misses>3143001</misses>
				<total>4</total>
				<timestamp>1098.950857</timestamp>
			</report>
			<report>
				<misses>3144001</misses>
				<total>4</total>
				<timestamp>1099.300484</timestamp>
			</report>
			<report>
				<misses>3145001</misses>
				<total>4</total>
				<timestamp>1099.650178</timestamp>
			</report>
			<report>
				<misses>3146001</misses>
				<total>4</total>
				<timestamp>1099.999810</timestamp>
			</report>
			<report>
				<misses>3147001</misses>
				<total>4</total>
				<timestamp>1100.349440</timestamp>
			</report>
			<report>
				<misses>3148001</misses>
				<total>4</total>
				<timestamp>1100.699109</timestamp>
			</report>
			<report>
				<misses>3149001</misses>
				<total>4</total>
				<timestamp>1101.048747</timestamp>
			</report>
			<report>
				<misses>3150001</misses>
				<total>4</total>
				<timestamp>1101.398375</timestamp>
			</report>
			<report>
				<misses>3151001</misses>
				<total>4</total>
				<timestamp>1101.748062</timestamp>
			</report>
			<report>
				<misses>3152001</misses>
				<total>4</total>
				<timestamp>1102.097750</timestamp>
			</report>
			<report>
				<misses>3153001</misses>
				<total>4</total>
				<timestamp>1102.447340</timestamp>
			</report>
			<report>
				<misses>3154001</misses>
				<total>4</total>
				<timestamp>1102.797012</timestamp>
			</report>
			<report>
				<misses>3155001</misses>
				<total>4</total>
				<timestamp>1103.146650</timestamp>
			</report>
			<report>
				<misses>3156001</misses>
				<total>4</total>
				<timestamp>1103.496288</timestamp>
			</report>
			<report>
				<misses>3157001</misses>
				<total>4</total>
				<timestamp>1103.845986</timestamp>
			</report>
			<report>
				<misses>3158001</misses>
				<total>4</total>
				<timestamp>1104.195631</timestamp>
			</report>
			<report>
				<misses>3159001</misses>
				<total>4</total>
				<timestamp>1104.545249</timestamp>
			</report>
			<report>
				<misses>3160001</misses>
				<total>4</total>
				<timestamp>1104.894906</timestamp>
			</report>
			<report>
				<misses>3161001</misses>
				<total>4</total>
				<timestamp>1105.244604</timestamp>
			</report>
			<report>
				<misses>3162001</misses>
				<total>4</total>
				<timestamp>1105.594188</timestamp>
			</report>
			<report>
				<misses>3163001</misses>
				<total>4</total>
				<timestamp>1105.943856</timestamp>
			</report>
			<report>
				<misses>3164001</misses>
				<total>4</total>
				<timestamp>1106.293483</timestamp>
			</report>
			<report>
				<misses>3165001</misses>
				<total>4</total>
				<timestamp>1106.643144</timestamp>
			</report>
			<report>
				<misses>3166001</misses>
				<total>4</total>
				<timestamp>1106.992791</timestamp>
			</report>
			<report>
				<misses>3167001</misses>
				<total>4</total>
				<timestamp>1107.342450</timestamp>
			</report>
			<report>
				<misses>3168001</misses>
				<total>4</total>
				<timestamp>1107.692135</timestamp>
			</report>
			<report>
				<misses>3169001</misses>
				<total>4</total>
				<timestamp>1108.041759</timestamp>
			</report>
			<report>
				<misses>3170001</misses>
				<total>4</total>
				<timestamp>1108.391387</timestamp>
			</report>
			<report>
				<misses>3171001</misses>
				<total>4</total>
				<timestamp>1108.741043</timestamp>
			</report>
			<report>
				<misses>3172001</misses>
				<total>4</total>
				<timestamp>1109.090690</timestamp>
			</report>
			<report>
				<misses>3173001</misses>
				<total>4</total>
				<timestamp>1109.440334</timestamp>
			</report>
			<report>
				<misses>3174001</misses>
				<total>4</total>
				<timestamp>1109.789994</timestamp>
			</report>
			<report>
				<misses>3175001</misses>
				<total>4</total>
				<timestamp>1110.139655</timestamp>
			</report>
			<report>
				<misses>3176001</misses>
				<total>4</total>
				<timestamp>1110.489294</timestamp>
			</report>
			<report>
				<misses>3177001</misses>
				<total>4</total>
				<timestamp>1110.838942</timestamp>
			</report>
			<report>
				<misses>3178001</misses>
				<total>4</total>
				<timestamp>1111.188630</timestamp>
			</report>
			<report>
				<misses>3179001</misses>
				<total>4</total>
				<timestamp>1111.538243</timestamp>
			</report>
			<report>
				<misses>3180001</misses>
				<total>4</total>
				<timestamp>1111.887907</timestamp>
			</report>
			<report>
				<misses>3181001</misses>
				<total>4</total>
				<timestamp>1112.237628</timestamp>
			</report>
			<report>
				<misses>3182001</misses>
				<total>4</total>
				<timestamp>1112.587195</timestamp>
			</report>
			<report>
				<misses>3183001</misses>
				<total>4</total>
				<timestamp>1112.936837</timestamp>
			</report>
			<report>
				<misses>3184001</misses>
				<total>4</total>
				<timestamp>1113.286586</timestamp>
			</report>
			<report>
				<misses>3185001</misses>
				<total>4</total>
				<timestamp>1113.636149</timestamp>
			</report>
			<report>
				<misses>3186001</misses>
				<total>4</total>
				<timestamp>1113.985805</timestamp>
			</report>
			<report>
				<misses>3187001</misses>
				<total>4</total>
				<timestamp>1114.335440</timestamp>
			</report>
			<report>
				<misses>3188001</misses>
				<total>4</total>
				<timestamp>1114.685079</timestamp>
			</report>
			<report>
				<misses>3189001</misses>
				<total>4</total>
				<timestamp>1115.034739</timestamp>
			</report>
			<report>
				<misses>3190001</misses>
				<total>4</total>
				<timestamp>1115.384389</timestamp>
			</report>
			<report>
				<misses>3191001</misses>
				<total>4</total>
				<timestamp>1115.734050</timestamp>
			</report>
			<report>
				<misses>3192001</misses>
				<total>4</total>
				<timestamp>1116.083727</timestamp>
			</report>
			<report>
				<misses>3193001</misses>
				<total>4</total>
				<timestamp>1116.433352</timestamp>
			</report>
			<report>
				<misses>3194001</misses>
				<total>4</total>
				<timestamp>1116.782983</timestamp>
			</report>
			<report>
				<misses>3195001</misses>
				<total>4</total>
				<timestamp>1117.132718</timestamp>
			</report>
			<report>
				<misses>3196001</misses>
				<total>4</total>
				<timestamp>1117.482287</timestamp>
			</report>
			<report>
				<misses>3197001</misses>
				<total>4</total>
				<timestamp>1117.831931</timestamp>
			</report>
			<report>
				<misses>3198001</misses>
				<total>4</total>
				<timestamp>1118.181628</timestamp>
			</report>
			<report>
				<misses>3199001</misses>
				<total>4</total>
				<timestamp>1118.531234</timestamp>
			</report>
			<report>
				<misses>3200001</misses>
				<total>4</total>
				<timestamp>1118.880922</timestamp>
			</report>
			<report>
				<misses>3201001</misses>
				<total>4</total>
				<timestamp>1119.230540</timestamp>
			</report>
			<report>
				<misses>3202001</misses>
				<total>4</total>
				<timestamp>1119.580204</timestamp>
			</report>
			<report>
				<misses>3203001</misses>
				<total>4</total>
				<timestamp>1119.929841</timestamp>
			</report>
			<report>
				<misses>3204001</misses>
				<total>4</total>
				<timestamp>1120.279525</timestamp>
			</report>
			<report>
				<misses>3205001</misses>
				<total>4</total>
				<timestamp>1120.629145</timestamp>
			</report>
			<report>
				<misses>3206001</misses>
				<total>4</total>
				<timestamp>1120.978791</timestamp>
			</report>
			<report>
				<misses>3207001</misses>
				<total>4</total>
				<timestamp>1121.328450</timestamp>
			</report>
			<report>
				<misses>3208001</misses>
				<total>4</total>
				<timestamp>1121.678092</timestamp>
			</report>
			<report>
				<misses>3209001</misses>
				<total>4</total>
				<timestamp>1122.027759</timestamp>
			</report>
			<report>
				<misses>3210001</misses>
				<total>4</total>
				<timestamp>1122.377391</timestamp>
			</report>
			<report>
				<misses>3211001</misses>
				<total>4</total>
				<timestamp>1122.727064</timestamp>
			</report>
			<report>
				<misses>3212001</misses>
				<total>4</total>
				<timestamp>1123.076690</timestamp>
			</report>
			<report>
				<misses>3213001</misses>
				<total>4</total>
				<timestamp>1123.426336</timestamp>
			</report>
			<report>
				<misses>3214001</misses>
				<total>4</total>
				<timestamp>1123.776014</timestamp>
			</report>
			<report>
				<misses>3215001</misses>
				<total>4</total>
				<timestamp>1124.125649</timestamp>
			</report>
			<report>
				<misses>3216001</misses>
				<total>4</total>
				<timestamp>1124.475275</timestamp>
			</report>
			<report>
				<misses>3217001</misses>
				<total>4</total>
				<timestamp>1124.824969</timestamp>
			</report>
			<report>
				<misses>3218001</misses>
				<total>4</total>
				<timestamp>1125.174660</timestamp>
			</report>
			<report>
				<misses>3219001</misses>
				<total>4</total>
				<timestamp>1125.524244</timestamp>
			</report>
			<report>
				<misses>3220001</misses>
				<total>4</total>
				<timestamp>1125.873888</timestamp>
			</report>
			<report>
				<misses>3221001</misses>
				<total>4</total>
				<timestamp>1126.223584</timestamp>
			</report>
			<report>
				<misses>3222001</misses>
				<total>4</total>
				<timestamp>1126.573184</timestamp>
			</report>
			<report>
				<misses>3223001</misses>
				<total>4</total>
				<timestamp>1126.922845</timestamp>
			</report>
			<report>
				<misses>3224001</misses>
				<total>4</total>
				<timestamp>1127.272492</timestamp>
			</report>
			<report>
				<misses>3225001</misses>
				<total>4</total>
				<timestamp>1127.622137</timestamp>
			</report>
			<report>
				<misses>3226001</misses>
				<total>4</total>
				<timestamp>1127.971775</timestamp>
			</report>
			<report>
				<misses>3227001</misses>
				<total>4</total>
				<timestamp>1128.321485</timestamp>
			</report>
			<report>
				<misses>3228001</misses>
				<total>4</total>
				<timestamp>1128.671125</timestamp>
			</report>
			<report>
				<misses>3229001</misses>
				<total>4</total>
				<timestamp>1129.020735</timestamp>
			</report>
			<report>
				<misses>3230001</misses>
				<total>4</total>
				<timestamp>1129.370427</timestamp>
			</report>
			<report>
				<misses>3231001</misses>
				<total>4</total>
				<timestamp>1129.720040</timestamp>
			</report>
			<report>
				<misses>3232001</misses>
				<total>4</total>
				<timestamp>1130.069702</timestamp>
			</report>
			<report>
				<misses>3233001</misses>
				<total>4</total>
				<timestamp>1130.419332</timestamp>
			</report>
			<report>
				<misses>3234001</misses>
				<total>4</total>
				<timestamp>1130.768983</timestamp>
			</report>
			<report>
				<misses>3235001</misses>
				<total>4</total>
				<timestamp>1131.118658</timestamp>
			</report>
			<report>
				<misses>3236001</misses>
				<total>4</total>
				<timestamp>1131.468278</timestamp>
			</report>
			<report>
				<misses>3237001</misses>
				<total>4</total>
				<timestamp>1131.817936</timestamp>
			</report>
			<report>
				<misses>3238001</misses>
				<total>4</total>
				<timestamp>1132.167627</timestamp>
			</report>
			<report>
				<misses>3239001</misses>
				<total>4</total>
				<timestamp>1132.517242</timestamp>
			</report>
			<report>
				<misses>3240001</misses>
				<total>4</total>
				<timestamp>1132.866922</timestamp>
			</report>
			<report>
				<misses>3241001</misses>
				<total>4</total>
				<timestamp>1133.216562</timestamp>
			</report>
			<report>
				<misses>3242001</misses>
				<total>4</total>
				<timestamp>1133.566188</timestamp>
			</report>
			<report>
				<misses>3243001</misses>
				<total>4</total>
				<timestamp>1133.915834</timestamp>
			</report>
			<report>
				<misses>3244001</misses>
				<total>4</total>
				<timestamp>1134.265534</timestamp>
			</report>
			<report>
				<misses>3245001</misses>
				<total>4</total>
				<timestamp>1134.615151</timestamp>
			</report>
			<report>
				<misses>3246001</misses>
				<total>4</total>
				<timestamp>1134.964774</timestamp>
			</report>
			<report>
				<misses>3247001</misses>
				<total>4</total>
				<timestamp>1135.314476</timestamp>
			</report>
			<report>
				<misses>3248001</misses>
				<total>4</total>
				<timestamp>1135.664122</timestamp>
			</report>
			<report>
				<misses>3249001</misses>
				<total>4</total>
				<timestamp>1136.013739</timestamp>
			</report>
			<report>
				<misses>3250001</misses>
				<total>4</total>
				<timestamp>1136.363415</timestamp>
			</report>
			<report>
				<misses>3251001</misses>
				<total>4</total>
				<timestamp>1136.713041</timestamp>
			</report>
			<report>
				<misses>3252001</misses>
				<total>4</total>
				<timestamp>1137.062694</timestamp>
			</report>
			<report>
				<misses>3253001</misses>
				<total>4</total>
				<timestamp>1137.412377</timestamp>
			</report>
			<report>
				<misses>3254001</misses>
				<total>4</total>
				<timestamp>1137.761992</timestamp>
			</report>
			<report>
				<misses>3255001</misses>
				<total>4</total>
				<timestamp>1138.111678</timestamp>
			</report>
			<report>
				<misses>3256001</misses>
				<total>4</total>
				<timestamp>1138.461300</timestamp>
			</report>
			<report>
				<misses>3257001</misses>
				<total>4</total>
				<timestamp>1138.810946</timestamp>
			</report>
			<report>
				<misses>3258001</misses>
				<total>4</total>
				<timestamp>1139.160573</timestamp>
			</report>
			<report>
				<misses>3259001</misses>
				<total>4</total>
				<timestamp>1139.510234</timestamp>
			</report>
			<report>
				<misses>3260001</misses>
				<total>4</total>
				<timestamp>1139.859927</timestamp>
			</report>
			<report>
				<misses>3261001</misses>
				<total>4</total>
				<timestamp>1140.209578</timestamp>
			</report>
			<report>
				<misses>3262001</misses>
				<total>4</total>
				<timestamp>1140.559201</timestamp>
			</report>
			<report>
				<misses>3263001</misses>
				<total>4</total>
				<timestamp>1140.908834</timestamp>
			</report>
			<report>
				<misses>3264001</misses>
				<total>4</total>
				<timestamp>1141.258498</timestamp>
			</report>
			<report>
				<misses>3265001</misses>
				<total>4</total>
				<timestamp>1141.608161</timestamp>
			</report>
			<report>
				<misses>3266001</misses>
				<total>4</total>
				<timestamp>1141.957781</timestamp>
			</report>
			<report>
				<misses>3267001</misses>
				<total>4</total>
				<timestamp>1142.307452</timestamp>
			</report>
			<report>
				<misses>3268001</misses>
				<total>4</total>
				<timestamp>1142.657093</timestamp>
			</report>
			<report>
				<misses>3269001</misses>
				<total>4</total>
				<timestamp>1143.006731</timestamp>
			</report>
			<report>
				<misses>3270001</misses>
				<total>4</total>
				<timestamp>1143.356413</timestamp>
			</report>
			<report>
				<misses>3271001</misses>
				<total>4</total>
				<timestamp>1143.706078</timestamp>
			</report>
			<report>
				<misses>3272001</misses>
				<total>4</total>
				<timestamp>1144.055694</timestamp>
			</report>
			<report>
				<misses>3273001</misses>
				<total>4</total>
				<timestamp>1144.405335</timestamp>
			</report>
			<report>
				<misses>3274001</misses>
				<total>4</total>
				<timestamp>1144.754991</timestamp>
			</report>
			<report>
				<misses>3275001</misses>
				<total>4</total>
				<timestamp>1145.104653</timestamp>
			</report>
			<report>
				<misses>3276001</misses>
				<total>4</total>
				<timestamp>1145.454299</timestamp>
			</report>
			<report>
				<misses>3277001</misses>
				<total>4</total>
				<timestamp>1145.803934</timestamp>
			</report>
			<report>
				<misses>3278001</misses>
				<total>4</total>
				<timestamp>1146.153619</timestamp>
			</report>
			<report>
				<misses>3279001</misses>
				<total>4</total>
				<timestamp>1146.503226</timestamp>
			</report>
			<report>
				<misses>3280001</misses>
				<total>4</total>
				<timestamp>1146.852886</timestamp>
			</report>
			<report>
				<misses>3281001</misses>
				<total>4</total>
				<timestamp>1147.202567</timestamp>
			</report>
			<report>
				<misses>3282001</misses>
				<total>4</total>
				<timestamp>1147.552195</timestamp>
			</report>
			<report>
				<misses>3283001</misses>
				<total>4</total>
				<timestamp>1147.901839</timestamp>
			</report>
			<report>
				<misses>3284001</misses>
				<total>4</total>
				<timestamp>1148.251496</timestamp>
			</report>
			<report>
				<misses>3285001</misses>
				<total>4</total>
				<timestamp>1148.601143</timestamp>
			</report>
			<report>
				<misses>3286001</misses>
				<total>4</total>
				<timestamp>1148.950779</timestamp>
			</report>
			<report>
				<misses>3287001</misses>
				<total>4</total>
				<timestamp>1149.300454</timestamp>
			</report>
			<report>
				<misses>3288001</misses>
				<total>4</total>
				<timestamp>1149.650089</timestamp>
			</report>
			<report>
				<misses>3289001</misses>
				<total>4</total>
				<timestamp>1149.999728</timestamp>
			</report>
			<report>
				<misses>3290001</misses>
				<total>4</total>
				<timestamp>1150.349393</timestamp>
			</report>
			<report>
				<misses>3291001</misses>
				<total>4</total>
				<timestamp>1150.699056</timestamp>
			</report>
			<report>
				<misses>3292001</misses>
				<total>4</total>
				<timestamp>1151.048737</timestamp>
			</report>
			<report>
				<misses>3293001</misses>
				<total>4</total>
				<timestamp>1151.398335</timestamp>
			</report>
			<report>
				<misses>3294001</misses>
				<total>4</total>
				<timestamp>1151.747985</timestamp>
			</report>
			<report>
				<misses>3295001</misses>
				<total>4</total>
				<timestamp>1152.097635</timestamp>
			</report>
			<report>
				<misses>3296001</misses>
				<total>4</total>
				<timestamp>1152.447348</timestamp>
			</report>
			<report>
				<misses>3297001</misses>
				<total>4</total>
				<timestamp>1152.796951</timestamp>
			</report>
			<report>
				<misses>3298001</misses>
				<total>4</total>
				<timestamp>1153.146594</timestamp>
			</report>
			<report>
				<misses>3299001</misses>
				<total>4</total>
				<timestamp>1153.496255</timestamp>
			</report>
			<report>
				<misses>3300001</misses>
				<total>4</total>
				<timestamp>1153.845910</timestamp>
			</report>
			<report>
				<misses>3301001</misses>
				<total>4</total>
				<timestamp>1154.195543</timestamp>
			</report>
			<report>
				<misses>3302001</misses>
				<total>4</total>
				<timestamp>1154.545186</timestamp>
			</report>
			<report>
				<misses>3303001</misses>
				<total>4</total>
				<timestamp>1154.894882</timestamp>
			</report>
			<report>
				<misses>3304001</misses>
				<total>4</total>
				<timestamp>1155.244519</timestamp>
			</report>
			<report>
				<misses>3305001</misses>
				<total>4</total>
				<timestamp>1155.594147</timestamp>
			</report>
			<report>
				<misses>3306001</misses>
				<total>4</total>
				<timestamp>1155.943803</timestamp>
			</report>
			<report>
				<misses>3307001</misses>
				<total>4</total>
				<timestamp>1156.293446</timestamp>
			</report>
			<report>
				<misses>3308001</misses>
				<total>4</total>
				<timestamp>1156.643109</timestamp>
			</report>
			<report>
				<misses>3309001</misses>
				<total>4</total>
				<timestamp>1156.992733</timestamp>
			</report>
			<report>
				<misses>3310001</misses>
				<total>4</total>
				<timestamp>1157.342409</timestamp>
			</report>
			<report>
				<misses>3311001</misses>
				<total>4</total>
				<timestamp>1157.692042</timestamp>
			</report>
			<report>
				<misses>3312001</misses>
				<total>4</total>
				<timestamp>1158.041697</timestamp>
			</report>
			<report>
				<misses>3313001</misses>
				<total>4</total>
				<timestamp>1158.391372</timestamp>
			</report>
			<report>
				<misses>3314001</misses>
				<total>4</total>
				<timestamp>1158.740990</timestamp>
			</report>
			<report>
				<misses>3315001</misses>
				<total>4</total>
				<timestamp>1159.090640</timestamp>
			</report>
			<report>
				<misses>3316001</misses>
				<total>4</total>
				<timestamp>1159.440304</timestamp>
			</report>
			<report>
				<misses>3317001</misses>
				<total>4</total>
				<timestamp>1159.789929</timestamp>
			</report>
			<report>
				<misses>3318001</misses>
				<total>4</total>
				<timestamp>1160.139602</timestamp>
			</report>
			<report>
				<misses>3319001</misses>
				<total>4</total>
				<timestamp>1160.489239</timestamp>
			</report>
			<report>
				<misses>3320001</misses>
				<total>4</total>
				<timestamp>1160.838874</timestamp>
			</report>
			<report>
				<misses>3321001</misses>
				<total>4</total>
				<timestamp>1161.188538</timestamp>
			</report>
			<report>
				<misses>3322001</misses>
				<total>4</total>
				<timestamp>1161.538228</timestamp>
			</report>
			<report>
				<misses>3323001</misses>
				<total>4</total>
				<timestamp>1161.887837</timestamp>
			</report>
			<report>
				<misses>3324001</misses>
				<total>4</total>
				<timestamp>1162.237517</timestamp>
			</report>
			<report>
				<misses>3325001</misses>
				<total>4</total>
				<timestamp>1162.587144</timestamp>
			</report>
			<report>
				<misses>3326001</misses>
				<total>4</total>
				<timestamp>1162.936794</timestamp>
			</report>
			<report>
				<misses>3327001</misses>
				<total>4</total>
				<timestamp>1163.286475</timestamp>
			</report>
			<report>
				<misses>3328001</misses>
				<total>4</total>
				<timestamp>1163.636101</timestamp>
			</report>
			<report>
				<misses>3329001</misses>
				<total>4</total>
				<timestamp>1163.985742</timestamp>
			</report>
			<report>
				<misses>3330001</misses>
				<total>4</total>
				<timestamp>1164.335408</timestamp>
			</report>
			<report>
				<misses>3331001</misses>
				<total>4</total>
				<timestamp>1164.685054</timestamp>
			</report>
			<report>
				<misses>3332001</misses>
				<total>4</total>
				<timestamp>1165.034688</timestamp>
			</report>
			<report>
				<misses>3333001</misses>
				<total>4</total>
				<timestamp>1165.384329</timestamp>
			</report>
			<report>
				<misses>3334001</misses>
				<total>4</total>
				<timestamp>1165.733988</timestamp>
			</report>
			<report>
				<misses>3335001</misses>
				<total>4</total>
				<timestamp>1166.083634</timestamp>
			</report>
			<report>
				<misses>3336001</misses>
				<total>4</total>
				<timestamp>1166.433281</timestamp>
			</report>
			<report>
				<misses>3337001</misses>
				<total>4</total>
				<timestamp>1166.782944</timestamp>
			</report>
			<report>
				<misses>3338001</misses>
				<total>4</total>
				<timestamp>1167.132583</timestamp>
			</report>
			<report>
				<misses>3339001</misses>
				<total>4</total>
				<timestamp>1167.482287</timestamp>
			</report>
			<report>
				<misses>3340001</misses>
				<total>4</total>
				<timestamp>1167.831884</timestamp>
			</report>
			<report>
				<misses>3341001</misses>
				<total>4</total>
				<timestamp>1168.181542</timestamp>
			</report>
			<report>
				<misses>3342001</misses>
				<total>4</total>
				<timestamp>1168.531196</timestamp>
			</report>
			<report>
				<misses>3343001</misses>
				<total>4</total>
				<timestamp>1168.880834</timestamp>
			</report>
			<report>
				<misses>3344001</misses>
				<total>4</total>
				<timestamp>1169.230502</timestamp>
			</report>
			<report>
				<misses>3345001</misses>
				<total>4</total>
				<timestamp>1169.580169</timestamp>
			</report>
			<report>
				<misses>3346001</misses>
				<total>4</total>
				<timestamp>1169.929783</timestamp>
			</report>
			<report>
				<misses>3347001</misses>
				<total>4</total>
				<timestamp>1170.279434</timestamp>
			</report>
			<report>
				<misses>3348001</misses>
				<total>4</total>
				<timestamp>1170.629079</timestamp>
			</report>
			<report>
				<misses>3349001</misses>
				<total>4</total>
				<timestamp>1170.978752</timestamp>
			</report>
			<report>
				<misses>3350001</misses>
				<total>4</total>
				<timestamp>1171.328385</timestamp>
			</report>
			<report>
				<misses>3351001</misses>
				<total>4</total>
				<timestamp>1171.678039</timestamp>
			</report>
			<report>
				<misses>3352001</misses>
				<total>4</total>
				<timestamp>1172.027680</timestamp>
			</report>
			<report>
				<misses>3353001</misses>
				<total>4</total>
				<timestamp>1172.377349</timestamp>
			</report>
			<report>
				<misses>3354001</misses>
				<total>4</total>
				<timestamp>1172.727004</timestamp>
			</report>
			<report>
				<misses>3355001</misses>
				<total>4</total>
				<timestamp>1173.076632</timestamp>
			</report>
			<report>
				<misses>3356001</misses>
				<total>4</total>
				<timestamp>1173.426300</timestamp>
			</report>
			<report>
				<misses>3357001</misses>
				<total>4</total>
				<timestamp>1173.775934</timestamp>
			</report>
			<report>
				<misses>3358001</misses>
				<total>4</total>
				<timestamp>1174.125616</timestamp>
			</report>
			<report>
				<misses>3359001</misses>
				<total>4</total>
				<timestamp>1174.475244</timestamp>
			</report>
			<report>
				<misses>3360001</misses>
				<total>4</total>
				<timestamp>1174.824890</timestamp>
			</report>
			<report>
				<misses>3361001</misses>
				<total>4</total>
				<timestamp>1175.174526</timestamp>
			</report>
			<report>
				<misses>3362001</misses>
				<total>4</total>
				<timestamp>1175.524222</timestamp>
			</report>
			<report>
				<misses>3363001</misses>
				<total>4</total>
				<timestamp>1175.873844</timestamp>
			</report>
			<report>
				<misses>3364001</misses>
				<total>4</total>
				<timestamp>1176.223496</timestamp>
			</report>
			<report>
				<misses>3365001</misses>
				<total>4</total>
				<timestamp>1176.573207</timestamp>
			</report>
			<report>
				<misses>3366001</misses>
				<total>4</total>
				<timestamp>1176.922778</timestamp>
			</report>
			<report>
				<misses>3367001</misses>
				<total>4</total>
				<timestamp>1177.272483</timestamp>
			</report>
			<report>
				<misses>3368001</misses>
				<total>4</total>
				<timestamp>1177.622101</timestamp>
			</report>
			<report>
				<misses>3369001</misses>
				<total>4</total>
				<timestamp>1177.971735</timestamp>
			</report>
			<report>
				<misses>3370001</misses>
				<total>4</total>
				<timestamp>1178.321421</timestamp>
			</report>
			<report>
				<misses>3371001</misses>
				<total>4</total>
				<timestamp>1178.671042</timestamp>
			</report>
			<report>
				<misses>3372001</misses>
				<total>4</total>
				<timestamp>1179.020709</timestamp>
			</report>
			<report>
				<misses>3373001</misses>
				<total>4</total>
				<timestamp>1179.370354</timestamp>
			</report>
			<report>
				<misses>3374001</misses>
				<total>4</total>
				<timestamp>1179.719981</timestamp>
			</report>
			<report>
				<misses>3375001</misses>
				<total>4</total>
				<timestamp>1180.069658</timestamp>
			</report>
			<report>
				<misses>3376001</misses>
				<total>4</total>
				<timestamp>1180.419310</timestamp>
			</report>
			<report>
				<misses>3377001</misses>
				<total>4</total>
				<timestamp>1180.768949</timestamp>
			</report>
			<report>
				<misses>3378001</misses>
				<total>4</total>
				<timestamp>1181.118625</timestamp>
			</report>
			<report>
				<misses>3379001</misses>
				<total>4</total>
				<timestamp>1181.468250</timestamp>
			</report>
			<report>
				<misses>3380001</misses>
				<total>4</total>
				<timestamp>1181.817886</timestamp>
			</report>
			<report>
				<misses>3381001</misses>
				<total>4</total>
				<timestamp>1182.167552</timestamp>
			</report>
			<report>
				<misses>3382001</misses>
				<total>4</total>
				<timestamp>1182.517194</timestamp>
			</report>
			<report>
				<misses>3383001</misses>
				<total>4</total>
				<timestamp>1182.866837</timestamp>
			</report>
			<report>
				<misses>3384001</misses>
				<total>4</total>
				<timestamp>1183.216480</timestamp>
			</report>
			<report>
				<misses>3385001</misses>
				<total>4</total>
				<timestamp>1183.566192</timestamp>
			</report>
			<report>
				<misses>3386001</misses>
				<total>4</total>
				<timestamp>1183.915796</timestamp>
			</report>
			<report>
				<misses>3387001</misses>
				<total>4</total>
				<timestamp>1184.265464</timestamp>
			</report>
			<report>
				<misses>3388001</misses>
				<total>4</total>
				<timestamp>1184.615149</timestamp>
			</report>
			<report>
				<misses>3389001</misses>
				<total>4</total>
				<timestamp>1184.964747</timestamp>
			</report>
			<report>
				<misses>3390001</misses>
				<total>4</total>
				<timestamp>1185.314393</timestamp>
			</report>
			<report>
				<misses>3391001</misses>
				<total>4</total>
				<timestamp>1185.664045</timestamp>
			</report>
			<report>
				<misses>3392001</misses>
				<total>4</total>
				<timestamp>1186.013706</timestamp>
			</report>
			<report>
				<misses>3393001</misses>
				<total>4</total>
				<timestamp>1186.363339</timestamp>
			</report>
			<report>
				<misses>3394001</misses>
				<total>4</total>
				<timestamp>1186.712986</timestamp>
			</report>
			<report>
				<misses>3395001</misses>
				<total>4</total>
				<timestamp>1187.062658</timestamp>
			</report>
			<report>
				<misses>3396001</misses>
				<total>4</total>
				<timestamp>1187.412292</timestamp>
			</report>
			<report>
				<misses>3397001</misses>
				<total>4</total>
				<timestamp>1187.761938</timestamp>
			</report>
			<report>
				<misses>3398001</misses>
				<total>4</total>
				<timestamp>1188.111573</timestamp>
			</report>
			<report>
				<misses>3399001</misses>
				<total>4</total>
				<timestamp>1188.461254</timestamp>
			</report>
			<report>
				<misses>3400001</misses>
				<total>4</total>
				<timestamp>1188.810906</timestamp>
			</report>
			<report>
				<misses>3401001</misses>
				<total>4</total>
				<timestamp>1189.160548</timestamp>
			</report>
			<report>
				<misses>3402001</misses>
				<total>4</total>
				<timestamp>1189.510222</timestamp>
			</report>
			<report>
				<misses>3403001</misses>
				<total>4</total>
				<timestamp>1189.859847</timestamp>
			</report>
			<report>
				<misses>3404001</misses>
				<total>4</total>
				<timestamp>1190.209478</timestamp>
			</report>
			<report>
				<misses>3405001</misses>
				<total>4</total>
				<timestamp>1190.559163</timestamp>
			</report>
			<report>
				<misses>3406001</misses>
				<total>4</total>
				<timestamp>1190.908787</timestamp>
			</report>
			<report>
				<misses>3407001</misses>
				<total>4</total>
				<timestamp>1191.258513</timestamp>
			</report>
			<report>
				<misses>3408001</misses>
				<total>4</total>
				<timestamp>1191.608132</timestamp>
			</report>
			<report>
				<misses>3409001</misses>
				<total>4</total>
				<timestamp>1191.957737</timestamp>
			</report>
			<report>
				<misses>3410001</misses>
				<total>4</total>
				<timestamp>1192.307404</timestamp>
			</report>
			<report>
				<misses>3411001</misses>
				<total>4</total>
				<timestamp>1192.657103</timestamp>
			</report>
			<report>
				<misses>3412001</misses>
				<total>4</total>
				<timestamp>1193.006690</timestamp>
			</report>
			<report>
				<misses>3413001</misses>
				<total>4</total>
				<timestamp>1193.356330</timestamp>
			</report>
			<report>
				<misses>3414001</misses>
				<total>4</total>
				<timestamp>1193.705999</timestamp>
			</report>
			<report>
				<misses>3415001</misses>
				<total>4</total>
				<timestamp>1194.055666</timestamp>
			</report>
			<report>
				<misses>3416001</misses>
				<total>4</total>
				<timestamp>1194.405315</timestamp>
			</report>
			<report>
				<misses>3417001</misses>
				<total>4</total>
				<timestamp>1194.754938</timestamp>
			</report>
			<report>
				<misses>3418001</misses>
				<total>4</total>
				<timestamp>1195.104618</timestamp>
			</report>
			<report>
				<misses>3419001</misses>
				<total>4</total>
				<timestamp>1195.454265</timestamp>
			</report>
			<report>
				<misses>3420001</misses>
				<total>4</total>
				<timestamp>1195.803876</timestamp>
			</report>
			<report>
				<misses>3421001</misses>
				<total>4</total>
				<timestamp>1196.153534</timestamp>
			</report>
			<report>
				<misses>3422001</misses>
				<total>4</total>
				<timestamp>1196.503205</timestamp>
			</report>
			<report>
				<misses>3423001</misses>
				<total>4</total>
				<timestamp>1196.852836</timestamp>
			</report>
			<report>
				<misses>3424001</misses>
				<total>4</total>
				<timestamp>1197.202504</timestamp>
			</report>
			<report>
				<misses>3425001</misses>
				<total>4</total>
				<timestamp>1197.552212</timestamp>
			</report>
			<report>
				<misses>3426001</misses>
				<total>4</total>
				<timestamp>1197.901794</timestamp>
			</report>
			<report>
				<misses>3427001</misses>
				<total>4</total>
				<timestamp>1198.251442</timestamp>
			</report>
			<report>
				<misses>3428001</misses>
				<total>4</total>
				<timestamp>1198.601123</timestamp>
			</report>
			<report>
				<misses>3429001</misses>
				<total>4</total>
				<timestamp>1198.950745</timestamp>
			</report>
			<report>
				<misses>3430001</misses>
				<total>4</total>
				<timestamp>1199.300388</timestamp>
			</report>
			<report>
				<misses>3431001</misses>
				<total>4</total>
				<timestamp>1199.650072</timestamp>
			</report>
			<report>
				<misses>3432001</misses>
				<total>4</total>
				<timestamp>1199.999671</timestamp>
			</report>
			<report>
				<misses>3433001</misses>
				<total>4</total>
				<timestamp>1200.349351</timestamp>
			</report>
			<report>
				<misses>3434001</misses>
				<total>4</total>
				<timestamp>1200.699008</timestamp>
			</report>
			<report>
				<misses>3435001</misses>
				<total>4</total>
				<timestamp>1201.048649</timestamp>
			</report>
			<report>
				<misses>3436001</misses>
				<total>4</total>
				<timestamp>1201.398311</timestamp>
			</report>
			<report>
				<misses>3437001</misses>
				<total>4</total>
				<timestamp>1201.747975</timestamp>
			</report>
			<report>
				<misses>3438001</misses>
				<total>4</total>
				<timestamp>1202.097575</timestamp>
			</report>
			<report>
				<misses>3439001</misses>
				<total>4</total>
				<timestamp>1202.447260</timestamp>
			</report>
			<report>
				<misses>3440001</misses>
				<total>4</total>
				<timestamp>1202.796884</timestamp>
			</report>
			<report>
				<misses>3441001</misses>
				<total>4</total>
				<timestamp>1203.146543</timestamp>
			</report>
			<report>
				<misses>3442001</misses>
				<total>4</total>
				<timestamp>1203.496201</timestamp>
			</report>
			<report>
				<misses>3443001</misses>
				<total>4</total>
				<timestamp>1203.845839</timestamp>
			</report>
			<report>
				<misses>3444001</misses>
				<total>4</total>
				<timestamp>1204.195518</timestamp>
			</report>
			<report>
				<misses>3445001</misses>
				<total>4</total>
				<timestamp>1204.545147</timestamp>
			</report>
			<report>
				<misses>3446001</misses>
				<total>4</total>
				<timestamp>1204.894788</timestamp>
			</report>
			<report>
				<misses>3447001</misses>
				<total>4</total>
				<timestamp>1205.244480</timestamp>
			</report>
			<report>
				<misses>3448001</misses>
				<total>4</total>
				<timestamp>1205.594087</timestamp>
			</report>
			<report>
				<misses>3449001</misses>
				<total>4</total>
				<timestamp>1205.943760</timestamp>
			</report>
			<report>
				<misses>3450001</misses>
				<total>4</total>
				<timestamp>1206.293398</timestamp>
			</report>
			<report>
				<misses>3451001</misses>
				<total>4</total>
				<timestamp>1206.643105</timestamp>
			</report>
			<report>
				<misses>3452001</misses>
				<total>4</total>
				<timestamp>1206.992703</timestamp>
			</report>
			<report>
				<misses>3453001</misses>
				<total>4</total>
				<timestamp>1207.342333</timestamp>
			</report>
			<report>
				<misses>3454001</misses>
				<total>4</total>
				<timestamp>1207.692019</timestamp>
			</report>
			<report>
				<misses>3455001</misses>
				<total>4</total>
				<timestamp>1208.041628</timestamp>
			</report>
			<report>
				<misses>3456001</misses>
				<total>4</total>
				<timestamp>1208.391292</timestamp>
			</report>
			<report>
				<misses>3457001</misses>
				<total>4</total>
				<timestamp>1208.740984</timestamp>
			</report>
			<report>
				<misses>3458001</misses>
				<total>4</total>
				<timestamp>1209.090594</timestamp>
			</report>
			<report>
				<misses>3459001</misses>
				<total>4</total>
				<timestamp>1209.440227</timestamp>
			</report>
			<report>
				<misses>3460001</misses>
				<total>4</total>
				<timestamp>1209.789975</timestamp>
			</report>
			<report>
				<misses>3461001</misses>
				<total>4</total>
				<timestamp>1210.139542</timestamp>
			</report>
			<report>
				<misses>3462001</misses>
				<total>4</total>
				<timestamp>1210.489252</timestamp>
			</report>
			<report>
				<misses>3463001</misses>
				<total>4</total>
				<timestamp>1210.838830</timestamp>
			</report>
			<report>
				<misses>3464001</misses>
				<total>4</total>
				<timestamp>1211.188491</timestamp>
			</report>
			<report>
				<misses>3465001</misses>
				<total>4</total>
				<timestamp>1211.538143</timestamp>
			</report>
			<report>
				<misses>3466001</misses>
				<total>4</total>
				<timestamp>1211.887777</timestamp>
			</report>
			<report>
				<misses>3467001</misses>
				<total>4</total>
				<timestamp>1212.237430</timestamp>
			</report>
			<report>
				<misses>3468001</misses>
				<total>4</total>
				<timestamp>1212.587127</timestamp>
			</report>
			<report>
				<misses>3469001</misses>
				<total>4</total>
				<timestamp>1212.936725</timestamp>
			</report>
			<report>
				<misses>3470001</misses>
				<total>4</total>
				<timestamp>1213.286408</timestamp>
			</report>
			<report>
				<misses>3471001</misses>
				<total>4</total>
				<timestamp>1213.636091</timestamp>
			</report>
			<report>
				<misses>3472001</misses>
				<total>4</total>
				<timestamp>1213.985691</timestamp>
			</report>
			<report>
				<misses>3473001</misses>
				<total>4</total>
				<timestamp>1214.335354</timestamp>
			</report>
			<report>
				<misses>3474001</misses>
				<total>4</total>
				<timestamp>1214.684974</timestamp>
			</report>
			<report>
				<misses>3475001</misses>
				<total>4</total>
				<timestamp>1215.034641</timestamp>
			</report>
			<report>
				<misses>3476001</misses>
				<total>4</total>
				<timestamp>1215.384300</timestamp>
			</report>
			<report>
				<misses>3477001</misses>
				<total>4</total>
				<timestamp>1215.733978</timestamp>
			</report>
			<report>
				<misses>3478001</misses>
				<total>4</total>
				<timestamp>1216.083586</timestamp>
			</report>
			<report>
				<misses>3479001</misses>
				<total>4</total>
				<timestamp>1216.433259</timestamp>
			</report>
			<report>
				<misses>3480001</misses>
				<total>4</total>
				<timestamp>1216.782913</timestamp>
			</report>
			<report>
				<misses>3481001</misses>
				<total>4</total>
				<timestamp>1217.132578</timestamp>
			</report>
			<report>
				<misses>3482001</misses>
				<total>4</total>
				<timestamp>1217.482223</timestamp>
			</report>
			<report>
				<misses>3483001</misses>
				<total>4</total>
				<timestamp>1217.831841</timestamp>
			</report>
			<report>
				<misses>3484001</misses>
				<total>4</total>
				<timestamp>1218.181527</timestamp>
			</report>
			<report>
				<misses>3485001</misses>
				<total>4</total>
				<timestamp>1218.531151</timestamp>
			</report>
			<report>
				<misses>3486001</misses>
				<total>4</total>
				<timestamp>1218.880777</timestamp>
			</report>
			<report>
				<misses>3487001</misses>
				<total>4</total>
				<timestamp>1219.230433</timestamp>
			</report>
			<report>
				<misses>3488001</misses>
				<total>4</total>
				<timestamp>1219.580100</timestamp>
			</report>
			<report>
				<misses>3489001</misses>
				<total>4</total>
				<timestamp>1219.929764</timestamp>
			</report>
			<report>
				<misses>3490001</misses>
				<total>4</total>
				<timestamp>1220.279388</timestamp>
			</report>
			<report>
				<misses>3491001</misses>
				<total>4</total>
				<timestamp>1220.629063</timestamp>
			</report>
			<report>
				<misses>3492001</misses>
				<total>4</total>
				<timestamp>1220.978722</timestamp>
			</report>
			<report>
				<misses>3493001</misses>
				<total>4</total>
				<timestamp>1221.328384</timestamp>
			</report>
			<report>
				<misses>3494001</misses>
				<total>4</total>
				<timestamp>1221.678005</timestamp>
			</report>
			<report>
				<misses>3495001</misses>
				<total>4</total>
				<timestamp>1222.027623</timestamp>
			</report>
			<report>
				<misses>3496001</misses>
				<total>4</total>
				<timestamp>1222.377273</timestamp>
			</report>
			<report>
				<misses>3497001</misses>
				<total>4</total>
				<timestamp>1222.726976</timestamp>
			</report>
			<report>
				<misses>3498001</misses>
				<total>4</total>
				<timestamp>1223.076585</timestamp>
			</report>
			<report>
				<misses>3499001</misses>
				<total>4</total>
				<timestamp>1223.426231</timestamp>
			</report>
			<report>
				<misses>3500001</misses>
				<total>4</total>
				<timestamp>1223.775948</timestamp>
			</report>
			<report>
				<misses>3501001</misses>
				<total>4</total>
				<timestamp>1224.125529</timestamp>
			</report>
			<report>
				<misses>3502001</misses>
				<total>4</total>
				<timestamp>1224.475197</timestamp>
			</report>
			<report>
				<misses>3503001</misses>
				<total>4</total>
				<timestamp>1224.824848</timestamp>
			</report>
			<report>
				<misses>3504001</misses>
				<total>4</total>
				<timestamp>1225.174496</timestamp>
			</report>
			<report>
				<misses>3505001</misses>
				<total>4</total>
				<timestamp>1225.524185</timestamp>
			</report>
			<report>
				<misses>3506001</misses>
				<total>4</total>
				<timestamp>1225.873792</timestamp>
			</report>
			<report>
				<misses>3507001</misses>
				<total>4</total>
				<timestamp>1226.223427</timestamp>
			</report>
			<report>
				<misses>3508001</misses>
				<total>4</total>
				<timestamp>1226.573121</timestamp>
			</report>
			<report>
				<misses>3509001</misses>
				<total>4</total>
				<timestamp>1226.922731</timestamp>
			</report>
			<report>
				<misses>3510001</misses>
				<total>4</total>
				<timestamp>1227.272395</timestamp>
			</report>
			<report>
				<misses>3511001</misses>
				<total>4</total>
				<timestamp>1227.622030</timestamp>
			</report>
			<report>
				<misses>3512001</misses>
				<total>4</total>
				<timestamp>1227.971692</timestamp>
			</report>
			<report>
				<misses>3513001</misses>
				<total>4</total>
				<timestamp>1228.321333</timestamp>
			</report>
			<report>
				<misses>3514001</misses>
				<total>4</total>
				<timestamp>1228.671009</timestamp>
			</report>
			<report>
				<misses>3515001</misses>
				<total>4</total>
				<timestamp>1229.020666</timestamp>
			</report>
			<report>
				<misses>3516001</misses>
				<total>4</total>
				<timestamp>1229.370290</timestamp>
			</report>
			<report>
				<misses>3517001</misses>
				<total>4</total>
				<timestamp>1229.719944</timestamp>
			</report>
			<report>
				<misses>3518001</misses>
				<total>4</total>
				<timestamp>1230.069573</timestamp>
			</report>
			<report>
				<misses>3519001</misses>
				<total>4</total>
				<timestamp>1230.419224</timestamp>
			</report>
			<report>
				<misses>3520001</misses>
				<total>4</total>
				<timestamp>1230.768896</timestamp>
			</report>
			<report>
				<misses>3521001</misses>
				<total>4</total>
				<timestamp>1231.118529</timestamp>
			</report>
			<report>
				<misses>3522001</misses>
				<total>4</total>
				<timestamp>1231.468198</timestamp>
			</report>
			<report>
				<misses>3523001</misses>
				<total>4</total>
				<timestamp>1231.817869</timestamp>
			</report>
			<report>
				<misses>3524001</misses>
				<total>4</total>
				<timestamp>1232.167491</timestamp>
			</report>
			<report>
				<misses>3525001</misses>
				<total>4</total>
				<timestamp>1232.517139</timestamp>
			</report>
			<report>
				<misses>3526001</misses>
				<total>4</total>
				<timestamp>1232.866856</timestamp>
			</report>
			<report>
				<misses>3527001</misses>
				<total>4</total>
				<timestamp>1233.216438</timestamp>
			</report>
			<report>
				<misses>3528001</misses>
				<total>4</total>
				<timestamp>1233.566146</timestamp>
			</report>
			<report>
				<misses>3529001</misses>
				<total>4</total>
				<timestamp>1233.915812</timestamp>
			</report>
			<report>
				<misses>3530001</misses>
				<total>4</total>
				<timestamp>1234.265395</timestamp>
			</report>
			<report>
				<misses>3531001</misses>
				<total>4</total>
				<timestamp>1234.615069</timestamp>
			</report>
			<report>
				<misses>3532001</misses>
				<total>4</total>
				<timestamp>1234.964670</timestamp>
			</report>
			<report>
				<misses>3533001</misses>
				<total>4</total>
				<timestamp>1235.314344</timestamp>
			</report>
			<report>
				<misses>3534001</misses>
				<total>4</total>
				<timestamp>1235.663984</timestamp>
			</report>
			<report>
				<misses>3535001</misses>
				<total>4</total>
				<timestamp>1236.013633</timestamp>
			</report>
			<report>
				<misses>3536001</misses>
				<total>4</total>
				<timestamp>1236.363325</timestamp>
			</report>
			<report>
				<misses>3537001</misses>
				<total>4</total>
				<timestamp>1236.712946</timestamp>
			</report>
			<report>
				<misses>3538001</misses>
				<total>4</total>
				<timestamp>1237.062615</timestamp>
			</report>
			<report>
				<misses>3539001</misses>
				<total>4</total>
				<timestamp>1237.412279</timestamp>
			</report>
			<report>
				<misses>3540001</misses>
				<total>4</total>
				<timestamp>1237.761886</timestamp>
			</report>
			<report>
				<misses>3541001</misses>
				<total>4</total>
				<timestamp>1238.111554</timestamp>
			</report>
			<report>
				<misses>3542001</misses>
				<total>4</total>
				<timestamp>1238.461207</timestamp>
			</report>
			<report>
				<misses>3543001</misses>
				<total>4</total>
				<timestamp>1238.810839</timestamp>
			</report>
			<report>
				<misses>3544001</misses>
				<total>4</total>
				<timestamp>1239.160474</timestamp>
			</report>
			<report>
				<misses>3545001</misses>
				<total>4</total>
				<timestamp>1239.510161</timestamp>
			</report>
			<report>
				<misses>3546001</misses>
				<total>4</total>
				<timestamp>1239.859807</timestamp>
			</report>
			<report>
				<misses>3547001</misses>
				<total>4</total>
				<timestamp>1240.209480</timestamp>
			</report>
			<report>
				<misses>3548001</misses>
				<total>4</total>
				<timestamp>1240.559130</timestamp>
			</report>
			<report>
				<misses>3549001</misses>
				<total>4</total>
				<timestamp>1240.908772</timestamp>
			</report>
			<report>
				<misses>3550001</misses>
				<total>4</total>
				<timestamp>1241.258396</timestamp>
			</report>
			<report>
				<misses>3551001</misses>
				<total>4</total>
				<timestamp>1241.608106</timestamp>
			</report>
			<report>
				<misses>3552001</misses>
				<total>4</total>
				<timestamp>1241.957689</timestamp>
			</report>
			<report>
				<misses>3553001</misses>
				<total>4</total>
				<timestamp>1242.307343</timestamp>
			</report>
			<report>
				<misses>3554001</misses>
				<total>4</total>
				<timestamp>1242.656991</timestamp>
			</report>
			<report>
				<misses>3555001</misses>
				<total>4</total>
				<timestamp>1243.006631</timestamp>
			</report>
			<report>
				<misses>3556001</misses>
				<total>4</total>
				<timestamp>1243.356300</timestamp>
			</report>
			<report>
				<misses>3557001</misses>
				<total>4</total>
				<timestamp>1243.705942</timestamp>
			</report>
			<report>
				<misses>3558001</misses>
				<total>4</total>
				<timestamp>1244.055581</timestamp>
			</report>
			<report>
				<misses>3559001</misses>
				<total>4</total>
				<timestamp>1244.405253</timestamp>
			</report>
			<report>
				<misses>3560001</misses>
				<total>4</total>
				<timestamp>1244.754918</timestamp>
			</report>
			<report>
				<misses>3561001</misses>
				<total>4</total>
				<timestamp>1245.104533</timestamp>
			</report>
			<report>
				<misses>3562001</misses>
				<total>4</total>
				<timestamp>1245.454217</timestamp>
			</report>
			<report>
				<misses>3563001</misses>
				<total>4</total>
				<timestamp>1245.803891</timestamp>
			</report>
			<report>
				<misses>3564001</misses>
				<total>4</total>
				<timestamp>1246.153493</timestamp>
			</report>
			<report>
				<misses>3565001</misses>
				<total>4</total>
				<timestamp>1246.503169</timestamp>
			</report>
			<report>
				<misses>3566001</misses>
				<total>4</total>
				<timestamp>1246.852774</timestamp>
			</report>
			<report>
				<misses>3567001</misses>
				<total>4</total>
				<timestamp>1247.202455</timestamp>
			</report>
			<report>
				<misses>3568001</misses>
				<total>4</total>
				<timestamp>1247.552128</timestamp>
			</report>
			<report>
				<misses>3569001</misses>
				<total>4</total>
				<timestamp>1247.901756</timestamp>
			</report>
			<report>
				<misses>3570001</misses>
				<total>4</total>
				<timestamp>1248.251365</timestamp>
			</report>
			<report>
				<misses>3571001</misses>
				<total>4</total>
				<timestamp>1248.601047</timestamp>
			</report>
			<report>
				<misses>3572001</misses>
				<total>4</total>
				<timestamp>1248.950702</timestamp>
			</report>
			<report>
				<misses>3573001</misses>
				<total>4</total>
				<timestamp>1249.300324</timestamp>
			</report>
			<report>
				<misses>3574001</misses>
				<total>4</total>
				<timestamp>1249.649976</timestamp>
			</report>
			<report>
				<misses>3575001</misses>
				<total>4</total>
				<timestamp>1249.999634</timestamp>
			</report>
			<report>
				<misses>3576001</misses>
				<total>4</total>
				<timestamp>1250.349281</timestamp>
			</report>
			<report>
				<misses>3577001</misses>
				<total>4</total>
				<timestamp>1250.698933</timestamp>
			</report>
			<report>
				<misses>3578001</misses>
				<total>4</total>
				<timestamp>1251.048609</timestamp>
			</report>
			<report>
				<misses>3579001</misses>
				<total>4</total>
				<timestamp>1251.398257</timestamp>
			</report>
			<report>
				<misses>3580001</misses>
				<total>4</total>
				<timestamp>1251.747891</timestamp>
			</report>
			<report>
				<misses>3581001</misses>
				<total>4</total>
				<timestamp>1252.097551</timestamp>
			</report>
			<report>
				<misses>3582001</misses>
				<total>4</total>
				<timestamp>1252.447191</timestamp>
			</report>
			<report>
				<misses>3583001</misses>
				<total>4</total>
				<timestamp>1252.796835</timestamp>
			</report>
			<report>
				<misses>3584001</misses>
				<total>4</total>
				<timestamp>1253.146480</timestamp>
			</report>
			<report>
				<misses>3585001</misses>
				<total>4</total>
				<timestamp>1253.496144</timestamp>
			</report>
			<report>
				<misses>3586001</misses>
				<total>4</total>
				<timestamp>1253.845798</timestamp>
			</report>
			<report>
				<misses>3587001</misses>
				<total>4</total>
				<timestamp>1254.195425</timestamp>
			</report>
			<report>
				<misses>3588001</misses>
				<total>4</total>
				<timestamp>1254.545097</timestamp>
			</report>
			<report>
				<misses>3589001</misses>
				<total>4</total>
				<timestamp>1254.894744</timestamp>
			</report>
			<report>
				<misses>3590001</misses>
				<total>4</total>
				<timestamp>1255.244415</timestamp>
			</report>
			<report>
				<misses>3591001</misses>
				<total>4</total>
				<timestamp>1255.594082</timestamp>
			</report>
			<report>
				<misses>3592001</misses>
				<total>4</total>
				<timestamp>1255.943700</timestamp>
			</report>
			<report>
				<misses>3593001</misses>
				<total>4</total>
				<timestamp>1256.293329</timestamp>
			</report>
			<report>
				<misses>3594001</misses>
				<total>4</total>
				<timestamp>1256.642984</timestamp>
			</report>
			<report>
				<misses>3595001</misses>
				<total>4</total>
				<timestamp>1256.992665</timestamp>
			</report>
			<report>
				<misses>3596001</misses>
				<total>4</total>
				<timestamp>1257.342289</timestamp>
			</report>
			<report>
				<misses>3597001</misses>
				<total>4</total>
				<timestamp>1257.691934</timestamp>
			</report>
			<report>
				<misses>3598001</misses>
				<total>4</total>
				<timestamp>1258.041598</timestamp>
			</report>
			<report>
				<misses>3599001</misses>
				<total>4</total>
				<timestamp>1258.391228</timestamp>
			</report>
			<report>
				<misses>3600001</misses>
				<total>4</total>
				<timestamp>1258.740885</timestamp>
			</report>
			<report>
				<misses>3601001</misses>
				<total>4</total>
				<timestamp>1259.090536</timestamp>
			</report>
			<report>
				<misses>3602001</misses>
				<total>4</total>
				<timestamp>1259.440205</timestamp>
			</report>
			<report>
				<misses>3603001</misses>
				<total>4</total>
				<timestamp>1259.789831</timestamp>
			</report>
			<report>
				<misses>3604001</misses>
				<total>4</total>
				<timestamp>1260.139487</timestamp>
			</report>
			<report>
				<misses>3605001</misses>
				<total>4</total>
				<timestamp>1260.489146</timestamp>
			</report>
			<report>
				<misses>3606001</misses>
				<total>4</total>
				<timestamp>1260.838799</timestamp>
			</report>
			<report>
				<misses>3607001</misses>
				<total>4</total>
				<timestamp>1261.188465</timestamp>
			</report>
			<report>
				<misses>3608001</misses>
				<total>4</total>
				<timestamp>1261.538106</timestamp>
			</report>
			<report>
				<misses>3609001</misses>
				<total>4</total>
				<timestamp>1261.887738</timestamp>
			</report>
			<report>
				<misses>3610001</misses>
				<total>4</total>
				<timestamp>1262.237408</timestamp>
			</report>
			<report>
				<misses>3611001</misses>
				<total>4</total>
				<timestamp>1262.587074</timestamp>
			</report>
			<report>
				<misses>3612001</misses>
				<total>4</total>
				<timestamp>1262.936680</timestamp>
			</report>
			<report>
				<misses>3613001</misses>
				<total>4</total>
				<timestamp>1263.286341</timestamp>
			</report>
			<report>
				<misses>3614001</misses>
				<total>4</total>
				<timestamp>1263.636033</timestamp>
			</report>
			<report>
				<misses>3615001</misses>
				<total>4</total>
				<timestamp>1263.985654</timestamp>
			</report>
			<report>
				<misses>3616001</misses>
				<total>4</total>
				<timestamp>1264.335297</timestamp>
			</report>
			<report>
				<misses>3617001</misses>
				<total>4</total>
				<timestamp>1264.684919</timestamp>
			</report>
			<report>
				<misses>3618001</misses>
				<total>4</total>
				<timestamp>1265.034611</timestamp>
			</report>
			<report>
				<misses>3619001</misses>
				<total>4</total>
				<timestamp>1265.384263</timestamp>
			</report>
			<report>
				<misses>3620001</misses>
				<total>4</total>
				<timestamp>1265.733875</timestamp>
			</report>
			<report>
				<misses>3621001</misses>
				<total>4</total>
				<timestamp>1266.083551</timestamp>
			</report>
			<report>
				<misses>3622001</misses>
				<total>4</total>
				<timestamp>1266.433199</timestamp>
			</report>
			<report>
				<misses>3623001</misses>
				<total>4</total>
				<timestamp>1266.782836</timestamp>
			</report>
			<report>
				<misses>3624001</misses>
				<total>4</total>
				<timestamp>1267.132512</timestamp>
			</report>
			<report>
				<misses>3625001</misses>
				<total>4</total>
				<timestamp>1267.482135</timestamp>
			</report>
			<report>
				<misses>3626001</misses>
				<total>4</total>
				<timestamp>1267.831800</timestamp>
			</report>
			<report>
				<misses>3627001</misses>
				<total>4</total>
				<timestamp>1268.181434</timestamp>
			</report>
			<report>
				<misses>3628001</misses>
				<total>4</total>
				<timestamp>1268.531108</timestamp>
			</report>
			<report>
				<misses>3629001</misses>
				<total>4</total>
				<timestamp>1268.880731</timestamp>
			</report>
			<report>
				<misses>3630001</misses>
				<total>4</total>
				<timestamp>1269.230395</timestamp>
			</report>
			<report>
				<misses>3631001</misses>
				<total>4</total>
				<timestamp>1269.580042</timestamp>
			</report>
			<report>
				<misses>3632001</misses>
				<total>4</total>
				<timestamp>1269.929693</timestamp>
			</report>
			<report>
				<misses>3633001</misses>
				<total>4</total>
				<timestamp>1270.279330</timestamp>
			</report>
			<report>
				<misses>3634001</misses>
				<total>4</total>
				<timestamp>1270.628981</timestamp>
			</report>
			<report>
				<misses>3635001</misses>
				<total>4</total>
				<timestamp>1270.978644</timestamp>
			</report>
			<report>
				<misses>3636001</misses>
				<total>4</total>
				<timestamp>1271.328283</timestamp>
			</report>
			<report>
				<misses>3637001</misses>
				<total>4</total>
				<timestamp>1271.677988</timestamp>
			</report>
			<report>
				<misses>3638001</misses>
				<total>4</total>
				<timestamp>1272.027595</timestamp>
			</report>
			<report>
				<misses>3639001</misses>
				<total>4</total>
				<timestamp>1272.377225</timestamp>
			</report>
			<report>
				<misses>3640001</misses>
				<total>4</total>
				<timestamp>1272.726888</timestamp>
			</report>
			<report>
				<misses>3641001</misses>
				<total>4</total>
				<timestamp>1273.076575</timestamp>
			</report>
			<report>
				<misses>3642001</misses>
				<total>4</total>
				<timestamp>1273.426176</timestamp>
			</report>
			<report>
				<misses>3643001</misses>
				<total>4</total>
				<timestamp>1273.775835</timestamp>
			</report>
			<report>
				<misses>3644001</misses>
				<total>4</total>
				<timestamp>1274.125498</timestamp>
			</report>
			<report>
				<misses>3645001</misses>
				<total>4</total>
				<timestamp>1274.475176</timestamp>
			</report>
			<report>
				<misses>3646001</misses>
				<total>4</total>
				<timestamp>1274.824782</timestamp>
			</report>
			<report>
				<misses>3647001</misses>
				<total>4</total>
				<timestamp>1275.174456</timestamp>
			</report>
			<report>
				<misses>3648001</misses>
				<total>4</total>
				<timestamp>1275.524102</timestamp>
			</report>
			<report>
				<misses>3649001</misses>
				<total>4</total>
				<timestamp>1275.873734</timestamp>
			</report>
			<report>
				<misses>3650001</misses>
				<total>4</total>
				<timestamp>1276.223385</timestamp>
			</report>
			<report>
				<misses>3651001</misses>
				<total>4</total>
				<timestamp>1276.573035</timestamp>
			</report>
			<report>
				<misses>3652001</misses>
				<total>4</total>
				<timestamp>1276.922697</timestamp>
			</report>
			<report>
				<misses>3653001</misses>
				<total>4</total>
				<timestamp>1277.272348</timestamp>
			</report>
			<report>
				<misses>3654001</misses>
				<total>4</total>
				<timestamp>1277.621990</timestamp>
			</report>
			<report>
				<misses>3655001</misses>
				<total>4</total>
				<timestamp>1277.971670</timestamp>
			</report>
			<report>
				<misses>3656001</misses>
				<total>4</total>
				<timestamp>1278.321284</timestamp>
			</report>
			<report>
				<misses>3657001</misses>
				<total>4</total>
				<timestamp>1278.670963</timestamp>
			</report>
			<report>
				<misses>3658001</misses>
				<total>4</total>
				<timestamp>1279.020600</timestamp>
			</report>
			<report>
				<misses>3659001</misses>
				<total>4</total>
				<timestamp>1279.370237</timestamp>
			</report>
			<report>
				<misses>3660001</misses>
				<total>4</total>
				<timestamp>1279.719906</timestamp>
			</report>
			<report>
				<misses>3661001</misses>
				<total>4</total>
				<timestamp>1280.069582</timestamp>
			</report>
			<report>
				<misses>3662001</misses>
				<total>4</total>
				<timestamp>1280.419182</timestamp>
			</report>
			<report>
				<misses>3663001</misses>
				<total>4</total>
				<timestamp>1280.768830</timestamp>
			</report>
			<report>
				<misses>3664001</misses>
				<total>4</total>
				<timestamp>1281.118513</timestamp>
			</report>
			<report>
				<misses>3665001</misses>
				<total>4</total>
				<timestamp>1281.468142</timestamp>
			</report>
			<report>
				<misses>3666001</misses>
				<total>4</total>
				<timestamp>1281.817773</timestamp>
			</report>
			<report>
				<misses>3667001</misses>
				<total>4</total>
				<timestamp>1282.167439</timestamp>
			</report>
			<report>
				<misses>3668001</misses>
				<total>4</total>
				<timestamp>1282.517124</timestamp>
			</report>
			<report>
				<misses>3669001</misses>
				<total>4</total>
				<timestamp>1282.866752</timestamp>
			</report>
			<report>
				<misses>3670001</misses>
				<total>4</total>
				<timestamp>1283.216397</timestamp>
			</report>
			<report>
				<misses>3671001</misses>
				<total>4</total>
				<timestamp>1283.566063</timestamp>
			</report>
			<report>
				<misses>3672001</misses>
				<total>4</total>
				<timestamp>1283.915745</timestamp>
			</report>
			<report>
				<misses>3673001</misses>
				<total>4</total>
				<timestamp>1284.265349</timestamp>
			</report>
			<report>
				<misses>3674001</misses>
				<total>4</total>
				<timestamp>1284.615006</timestamp>
			</report>
			<report>
				<misses>3675001</misses>
				<total>4</total>
				<timestamp>1284.964646</timestamp>
			</report>
			<report>
				<misses>3676001</misses>
				<total>4</total>
				<timestamp>1285.314270</timestamp>
			</report>
			<report>
				<misses>3677001</misses>
				<total>4</total>
				<timestamp>1285.663948</timestamp>
			</report>
			<report>
				<misses>3678001</misses>
				<total>4</total>
				<timestamp>1286.013586</timestamp>
			</report>
			<report>
				<misses>3679001</misses>
				<total>4</total>
				<timestamp>1286.363276</timestamp>
			</report>
			<report>
				<misses>3680001</misses>
				<total>4</total>
				<timestamp>1286.712914</timestamp>
			</report>
			<report>
				<misses>3681001</misses>
				<total>4</total>
				<timestamp>1287.062560</timestamp>
			</report>
			<report>
				<misses>3682001</misses>
				<total>4</total>
				<timestamp>1287.412186</timestamp>
			</report>
			<report>
				<misses>3683001</misses>
				<total>4</total>
				<timestamp>1287.761845</timestamp>
			</report>
			<report>
				<misses>3684001</misses>
				<total>4</total>
				<timestamp>1288.111520</timestamp>
			</report>
			<report>
				<misses>3685001</misses>
				<total>4</total>
				<timestamp>1288.461146</timestamp>
			</report>
			<report>
				<misses>3686001</misses>
				<total>4</total>
				<timestamp>1288.810789</timestamp>
			</report>
			<report>
				<misses>3687001</misses>
				<total>4</total>
				<timestamp>1289.160471</timestamp>
			</report>
			<report>
				<misses>3688001</misses>
				<total>4</total>
				<timestamp>1289.510115</timestamp>
			</report>
			<report>
				<misses>3689001</misses>
				<total>4</total>
				<timestamp>1289.859732</timestamp>
			</report>
			<report>
				<misses>3690001</misses>
				<total>4</total>
				<timestamp>1290.209409</timestamp>
			</report>
			<report>
				<misses>3691001</misses>
				<total>4</total>
				<timestamp>1290.559067</timestamp>
			</report>
			<report>
				<misses>3692001</misses>
				<total>4</total>
				<timestamp>1290.908711</timestamp>
			</report>
			<report>
				<misses>3693001</misses>
				<total>4</total>
				<timestamp>1291.258330</timestamp>
			</report>
			<report>
				<misses>3694001</misses>
				<total>4</total>
				<timestamp>1291.608004</timestamp>
			</report>
			<report>
				<misses>3695001</misses>
				<total>4</total>
				<timestamp>1291.957636</timestamp>
			</report>
			<report>
				<misses>3696001</misses>
				<total>4</total>
				<timestamp>1292.307285</timestamp>
			</report>
			<report>
				<misses>3697001</misses>
				<total>4</total>
				<timestamp>1292.656947</timestamp>
			</report>
			<report>
				<misses>3698001</misses>
				<total>4</total>
				<timestamp>1293.006588</timestamp>
			</report>
			<report>
				<misses>3699001</misses>
				<total>4</total>
				<timestamp>1293.356276</timestamp>
			</report>
			<report>
				<misses>3700001</misses>
				<total>4</total>
				<timestamp>1293.705879</timestamp>
			</report>
			<report>
				<misses>3701001</misses>
				<total>4</total>
				<timestamp>1294.055560</timestamp>
			</report>
			<report>
				<misses>3702001</misses>
				<total>4</total>
				<timestamp>1294.405200</timestamp>
			</report>
			<report>
				<misses>3703001</misses>
				<total>4</total>
				<timestamp>1294.754834</timestamp>
			</report>
			<report>
				<misses>3704001</misses>
				<total>4</total>
				<timestamp>1295.104479</timestamp>
			</report>
			<report>
				<misses>3705001</misses>
				<total>4</total>
				<timestamp>1295.454156</timestamp>
			</report>
			<report>
				<misses>3706001</misses>
				<total>4</total>
				<timestamp>1295.803786</timestamp>
			</report>
			<report>
				<misses>3707001</misses>
				<total>4</total>
				<timestamp>1296.153469</timestamp>
			</report>
			<report>
				<misses>3708001</misses>
				<total>4</total>
				<timestamp>1296.503141</timestamp>
			</report>
			<report>
				<misses>3709001</misses>
				<total>4</total>
				<timestamp>1296.852748</timestamp>
			</report>
			<report>
				<misses>3710001</misses>
				<total>4</total>
				<timestamp>1297.202441</timestamp>
			</report>
			<report>
				<misses>3711001</misses>
				<total>4</total>
				<timestamp>1297.552035</timestamp>
			</report>
			<report>
				<misses>3712001</misses>
				<total>4</total>
				<timestamp>1297.901691</timestamp>
			</report>
			<report>
				<misses>3713001</misses>
				<total>4</total>
				<timestamp>1298.251337</timestamp>
			</report>
			<report>
				<misses>3714001</misses>
				<total>4</total>
				<timestamp>1298.600993</timestamp>
			</report>
			<report>
				<misses>3715001</misses>
				<total>4</total>
				<timestamp>1298.950634</timestamp>
			</report>
			<report>
				<misses>3716001</misses>
				<total>4</total>
				<timestamp>1299.300285</timestamp>
			</report>
			<report>
				<misses>3717001</misses>
				<total>4</total>
				<timestamp>1299.649963</timestamp>
			</report>
			<report>
				<misses>3718001</misses>
				<total>4</total>
				<timestamp>1299.999583</timestamp>
			</report>
			<report>
				<misses>3719001</misses>
				<total>4</total>
				<timestamp>1300.349274</timestamp>
			</report>
			<report>
				<misses>3720001</misses>
				<total>4</total>
				<timestamp>1300.698883</timestamp>
			</report>
			<report>
				<misses>3721001</misses>
				<total>4</total>
				<timestamp>1301.048552</timestamp>
			</report>
			<report>
				<misses>3722001</misses>
				<total>4</total>
				<timestamp>1301.398209</timestamp>
			</report>
			<report>
				<misses>3723001</misses>
				<total>4</total>
				<timestamp>1301.747894</timestamp>
			</report>
			<report>
				<misses>3724001</misses>
				<total>4</total>
				<timestamp>1302.097489</timestamp>
			</report>
			<report>
				<misses>3725001</misses>
				<total>4</total>
				<timestamp>1302.447141</timestamp>
			</report>
			<report>
				<misses>3726001</misses>
				<total>4</total>
				<timestamp>1302.796791</timestamp>
			</report>
			<report>
				<misses>3727001</misses>
				<total>4</total>
				<timestamp>1303.146484</timestamp>
			</report>
			<report>
				<misses>3728001</misses>
				<total>4</total>
				<timestamp>1303.496110</timestamp>
			</report>
			<report>
				<misses>3729001</misses>
				<total>4</total>
				<timestamp>1303.845745</timestamp>
			</report>
			<report>
				<misses>3730001</misses>
				<total>4</total>
				<timestamp>1304.195415</timestamp>
			</report>
			<report>
				<misses>3731001</misses>
				<total>4</total>
				<timestamp>1304.545062</timestamp>
			</report>
			<report>
				<misses>3732001</misses>
				<total>4</total>
				<timestamp>1304.894695</timestamp>
			</report>
			<report>
				<misses>3733001</misses>
				<total>4</total>
				<timestamp>1305.244342</timestamp>
			</report>
			<report>
				<misses>3734001</misses>
				<total>4</total>
				<timestamp>1305.593983</timestamp>
			</report>
			<report>
				<misses>3735001</misses>
				<total>4</total>
				<timestamp>1305.943635</timestamp>
			</report>
			<report>
				<misses>3736001</misses>
				<total>4</total>
				<timestamp>1306.293290</timestamp>
			</report>
			<report>
				<misses>3737001</misses>
				<total>4</total>
				<timestamp>1306.642950</timestamp>
			</report>
			<report>
				<misses>3738001</misses>
				<total>4</total>
				<timestamp>1306.992586</timestamp>
			</report>
			<report>
				<misses>3739001</misses>
				<total>4</total>
				<timestamp>1307.342301</timestamp>
			</report>
			<report>
				<misses>3740001</misses>
				<total>4</total>
				<timestamp>1307.691909</timestamp>
			</report>
			<report>
				<misses>3741001</misses>
				<total>4</total>
				<timestamp>1308.041543</timestamp>
			</report>
			<report>
				<misses>3742001</misses>
				<total>4</total>
				<timestamp>1308.391211</timestamp>
			</report>
			<report>
				<misses>3743001</misses>
				<total>4</total>
				<timestamp>1308.740838</timestamp>
			</report>
			<report>
				<misses>3744001</misses>
				<total>4</total>
				<timestamp>1309.090495</timestamp>
			</report>
			<report>
				<misses>3745001</misses>
				<total>4</total>
				<timestamp>1309.440167</timestamp>
			</report>
			<report>
				<misses>3746001</misses>
				<total>4</total>
				<timestamp>1309.789786</timestamp>
			</report>
			<report>
				<misses>3747001</misses>
				<total>4</total>
				<timestamp>1310.139451</timestamp>
			</report>
			<report>
				<misses>3748001</misses>
				<total>4</total>
				<timestamp>1310.489107</timestamp>
			</report>
			<report>
				<misses>3749001</misses>
				<total>4</total>
				<timestamp>1310.838729</timestamp>
			</report>
			<report>
				<misses>3750001</misses>
				<total>4</total>
				<timestamp>1311.188465</timestamp>
			</report>
			<report>
				<misses>3751001</misses>
				<total>4</total>
				<timestamp>1311.538032</timestamp>
			</report>
			<report>
				<misses>3752001</misses>
				<total>4</total>
				<timestamp>1311.887674</timestamp>
			</report>
			<report>
				<misses>3753001</misses>
				<total>4</total>
				<timestamp>1312.237419</timestamp>
			</report>
			<report>
				<misses>3754001</misses>
				<total>4</total>
				<timestamp>1312.587001</timestamp>
			</report>
			<report>
				<misses>3755001</misses>
				<total>4</total>
				<timestamp>1312.936637</timestamp>
			</report>
			<report>
				<misses>3756001</misses>
				<total>4</total>
				<timestamp>1313.286272</timestamp>
			</report>
			<report>
				<misses>3757001</misses>
				<total>4</total>
				<timestamp>1313.635936</timestamp>
			</report>
			<report>
				<misses>3758001</misses>
				<total>4</total>
				<timestamp>1313.985598</timestamp>
			</report>
			<report>
				<misses>3759001</misses>
				<total>4</total>
				<timestamp>1314.335246</timestamp>
			</report>
			<report>
				<misses>3760001</misses>
				<total>4</total>
				<timestamp>1314.684908</timestamp>
			</report>
			<report>
				<misses>3761001</misses>
				<total>4</total>
				<timestamp>1315.034568</timestamp>
			</report>
			<report>
				<misses>3762001</misses>
				<total>4</total>
				<timestamp>1315.384280</timestamp>
			</report>
			<report>
				<misses>3763001</misses>
				<total>4</total>
				<timestamp>1315.733904</timestamp>
			</report>
			<report>
				<misses>3764001</misses>
				<total>4</total>
				<timestamp>1316.083493</timestamp>
			</report>
			<report>
				<misses>3765001</misses>
				<total>4</total>
				<timestamp>1316.433155</timestamp>
			</report>
			<report>
				<misses>3766001</misses>
				<total>4</total>
				<timestamp>1316.782806</timestamp>
			</report>
			<report>
				<misses>3767001</misses>
				<total>4</total>
				<timestamp>1317.132463</timestamp>
			</report>
			<report>
				<misses>3768001</misses>
				<total>4</total>
				<timestamp>1317.482108</timestamp>
			</report>
			<report>
				<misses>3769001</misses>
				<total>4</total>
				<timestamp>1317.831766</timestamp>
			</report>
			<report>
				<misses>3770001</misses>
				<total>4</total>
				<timestamp>1318.181399</timestamp>
			</report>
			<report>
				<misses>3771001</misses>
				<total>4</total>
				<timestamp>1318.531043</timestamp>
			</report>
			<report>
				<misses>3772001</misses>
				<total>4</total>
				<timestamp>1318.880677</timestamp>
			</report>
			<report>
				<misses>3773001</misses>
				<total>4</total>
				<timestamp>1319.230330</timestamp>
			</report>
			<report>
				<misses>3774001</misses>
				<total>4</total>
				<timestamp>1319.580006</timestamp>
			</report>
			<report>
				<misses>3775001</misses>
				<total>4</total>
				<timestamp>1319.929639</timestamp>
			</report>
			<report>
				<misses>3776001</misses>
				<total>4</total>
				<timestamp>1320.279361</timestamp>
			</report>
			<report>
				<misses>3777001</misses>
				<total>4</total>
				<timestamp>1320.628928</timestamp>
			</report>
			<report>
				<misses>3778001</misses>
				<total>4</total>
				<timestamp>1320.978575</timestamp>
			</report>
			<report>
				<misses>3779001</misses>
				<total>4</total>
				<timestamp>1321.328309</timestamp>
			</report>
			<report>
				<misses>3780001</misses>
				<total>4</total>
				<timestamp>1321.677874</timestamp>
			</report>
			<report>
				<misses>3781001</misses>
				<total>4</total>
				<timestamp>1322.027535</timestamp>
			</report>
			<report>
				<misses>3782001</misses>
				<total>4</total>
				<timestamp>1322.377212</timestamp>
			</report>
			<report>
				<misses>3783001</misses>
				<total>4</total>
				<timestamp>1322.726824</timestamp>
			</report>
			<report>
				<misses>3784001</misses>
				<total>4</total>
				<timestamp>1323.076507</timestamp>
			</report>
			<report>
				<misses>3785001</misses>
				<total>4</total>
				<timestamp>1323.426142</timestamp>
			</report>
			<report>
				<misses>3786001</misses>
				<total>4</total>
				<timestamp>1323.775817</timestamp>
			</report>
			<report>
				<misses>3787001</misses>
				<total>4</total>
				<timestamp>1324.125474</timestamp>
			</report>
			<report>
				<misses>3788001</misses>
				<total>4</total>
				<timestamp>1324.475126</timestamp>
			</report>
			<report>
				<misses>3789001</misses>
				<total>4</total>
				<timestamp>1324.824741</timestamp>
			</report>
			<report>
				<misses>3790001</misses>
				<total>4</total>
				<timestamp>1325.174417</timestamp>
			</report>
			<report>
				<misses>3791001</misses>
				<total>4</total>
				<timestamp>1325.524039</timestamp>
			</report>
			<report>
				<misses>3792001</misses>
				<total>4</total>
				<timestamp>1325.873676</timestamp>
			</report>
			<report>
				<misses>3793001</misses>
				<total>4</total>
				<timestamp>1326.223368</timestamp>
			</report>
			<report>
				<misses>3794001</misses>
				<total>4</total>
				<timestamp>1326.572985</timestamp>
			</report>
			<report>
				<misses>3795001</misses>
				<total>4</total>
				<timestamp>1326.922620</timestamp>
			</report>
			<report>
				<misses>3796001</misses>
				<total>4</total>
				<timestamp>1327.272294</timestamp>
			</report>
			<report>
				<misses>3797001</misses>
				<total>4</total>
				<timestamp>1327.621931</timestamp>
			</report>
			<report>
				<misses>3798001</misses>
				<total>4</total>
				<timestamp>1327.971614</timestamp>
			</report>
			<report>
				<misses>3799001</misses>
				<total>4</total>
				<timestamp>1328.321273</timestamp>
			</report>
			<report>
				<misses>3800001</misses>
				<total>4</total>
				<timestamp>1328.670880</timestamp>
			</report>
			<report>
				<misses>3801001</misses>
				<total>4</total>
				<timestamp>1329.020518</timestamp>
			</report>
			<report>
				<misses>3802001</misses>
				<total>4</total>
				<timestamp>1329.370231</timestamp>
			</report>
			<report>
				<misses>3803001</misses>
				<total>4</total>
				<timestamp>1329.719875</timestamp>
			</report>
			<report>
				<misses>3804001</misses>
				<total>4</total>
				<timestamp>1330.069505</timestamp>
			</report>
			<report>
				<misses>3805001</misses>
				<total>4</total>
				<timestamp>1330.419189</timestamp>
			</report>
			<report>
				<misses>3806001</misses>
				<total>4</total>
				<timestamp>1330.768798</timestamp>
			</report>
			<report>
				<misses>3807001</misses>
				<total>4</total>
				<timestamp>1331.118463</timestamp>
			</report>
			<report>
				<misses>3808001</misses>
				<total>4</total>
				<timestamp>1331.468110</timestamp>
			</report>
			<report>
				<misses>3809001</misses>
				<total>4</total>
				<timestamp>1331.817750</timestamp>
			</report>
			<report>
				<misses>3810001</misses>
				<total>4</total>
				<timestamp>1332.167413</timestamp>
			</report>
			<report>
				<misses>3811001</misses>
				<total>5</total>
				<timestamp>1332.517040</timestamp>
			</report>
			<report>
				<misses>3812001</misses>
				<total>5</total>
				<timestamp>1332.866709</timestamp>
			</report>
			<report>
				<misses>3813001</misses>
				<total>5</total>
				<timestamp>1333.216366</timestamp>
			</report>
			<report>
				<misses>3814001</misses>
				<total>5</total>
				<timestamp>1333.565979</timestamp>
			</report>
			<report>
				<misses>3815001</misses>
				<total>5</total>
				<timestamp>1333.915646</timestamp>
			</report>
			<report>
				<misses>3816001</misses>
				<total>5</total>
				<timestamp>1334.265332</timestamp>
			</report>
			<report>
				<misses>3817001</misses>
				<total>5</total>
				<timestamp>1334.614938</timestamp>
			</report>
			<report>
				<misses>3818001</misses>
				<total>5</total>
				<timestamp>1334.964584</timestamp>
			</report>
			<report>
				<misses>3819001</misses>
				<total>5</total>
				<timestamp>1335.314243</timestamp>
			</report>
			<report>
				<misses>3820001</misses>
				<total>5</total>
				<timestamp>1335.663900</timestamp>
			</report>
			<report>
				<misses>3821001</misses>
				<total>5</total>
				<timestamp>1336.013598</timestamp>
			</report>
			<report>
				<misses>3822001</misses>
				<total>5</total>
				<timestamp>1336.363230</timestamp>
			</report>
			<report>
				<misses>3823001</misses>
				<total>5</total>
				<timestamp>1336.712878</timestamp>
			</report>
			<report>
				<misses>3824001</misses>
				<total>5</total>
				<timestamp>1337.062490</timestamp>
			</report>
			<report>
				<misses>3825001</misses>
				<total>5</total>
				<timestamp>1337.412163</timestamp>
			</report>
			<report>
				<misses>3826001</misses>
				<total>5</total>
				<timestamp>1337.761809</timestamp>
			</report>
			<report>
				<misses>3827001</misses>
				<total>5</total>
				<timestamp>1338.111434</timestamp>
			</report>
			<report>
				<misses>3828001</misses>
				<total>5</total>
				<timestamp>1338.461109</timestamp>
			</report>
			<report>
				<misses>3829001</misses>
				<total>5</total>
				<timestamp>1338.810726</timestamp>
			</report>
			<report>
				<misses>3830001</misses>
				<total>5</total>
				<timestamp>1339.160400</timestamp>
			</report>
			<report>
				<misses>3831001</misses>
				<total>5</total>
				<timestamp>1339.510026</timestamp>
			</report>
			<report>
				<misses>3832001</misses>
				<total>5</total>
				<timestamp>1339.859707</timestamp>
			</report>
			<report>
				<misses>3833001</misses>
				<total>5</total>
				<timestamp>1340.209373</timestamp>
			</report>
			<report>
				<misses>3834001</misses>
				<total>5</total>
				<timestamp>1340.559037</timestamp>
			</report>
			<report>
				<misses>3835001</misses>
				<total>5</total>
				<timestamp>1340.908696</timestamp>
			</report>
			<report>
				<misses>3836001</misses>
				<total>5</total>
				<timestamp>1341.258305</timestamp>
			</report>
			<report>
				<misses>3837001</misses>
				<total>5</total>
				<timestamp>1341.607936</timestamp>
			</report>
			<report>
				<misses>3838001</misses>
				<total>5</total>
				<timestamp>1341.957583</timestamp>
			</report>
			<report>
				<misses>3839001</misses>
				<total>5</total>
				<timestamp>1342.307255</timestamp>
			</report>
			<report>
				<misses>3840001</misses>
				<total>5</total>
				<timestamp>1342.656891</timestamp>
			</report>
			<report>
				<misses>3841001</misses>
				<total>5</total>
				<timestamp>1343.006551</timestamp>
			</report>
			<report>
				<misses>3842001</misses>
				<total>5</total>
				<timestamp>1343.356224</timestamp>
			</report>
			<report>
				<misses>3843001</misses>
				<total>5</total>
				<timestamp>1343.705874</timestamp>
			</report>
			<report>
				<misses>3844001</misses>
				<total>5</total>
				<timestamp>1344.055478</timestamp>
			</report>
			<report>
				<misses>3845001</misses>
				<total>5</total>
				<timestamp>1344.405212</timestamp>
			</report>
			<report>
				<misses>3846001</misses>
				<total>5</total>
				<timestamp>1344.754811</timestamp>
			</report>
			<report>
				<misses>3847001</misses>
				<total>5</total>
				<timestamp>1345.104455</timestamp>
			</report>
			<report>
				<misses>3848001</misses>
				<total>5</total>
				<timestamp>1345.454148</timestamp>
			</report>
			<report>
				<misses>3849001</misses>
				<total>5</total>
				<timestamp>1345.803731</timestamp>
			</report>
			<report>
				<misses>3850001</misses>
				<total>5</total>
				<timestamp>1346.153371</timestamp>
			</report>
			<report>
				<misses>3851001</misses>
				<total>5</total>
				<timestamp>1346.503076</timestamp>
			</report>
			<report>
				<misses>3852001</misses>
				<total>5</total>
				<timestamp>1346.852697</timestamp>
			</report>
			<report>
				<misses>3853001</misses>
				<total>5</total>
				<timestamp>1347.202335</timestamp>
			</report>
			<report>
				<misses>3854001</misses>
				<total>5</total>
				<timestamp>1347.551984</timestamp>
			</report>
			<report>
				<misses>3855001</misses>
				<total>5</total>
				<timestamp>1347.901636</timestamp>
			</report>
			<report>
				<misses>3856001</misses>
				<total>5</total>
				<timestamp>1348.251279</timestamp>
			</report>
			<report>
				<misses>3857001</misses>
				<total>5</total>
				<timestamp>1348.600936</timestamp>
			</report>
			<report>
				<misses>3858001</misses>
				<total>5</total>
				<timestamp>1348.950601</timestamp>
			</report>
			<report>
				<misses>3859001</misses>
				<total>5</total>
				<timestamp>1349.300275</timestamp>
			</report>
			<report>
				<misses>3860001</misses>
				<total>6</total>
				<timestamp>1349.649932</timestamp>
			</report>
			<report>
				<misses>3861001</misses>
				<total>6</total>
				<timestamp>1349.999540</timestamp>
			</report>
			<report>
				<misses>3862001</misses>
				<total>6</total>
				<timestamp>1350.349204</timestamp>
			</report>
			<report>
				<misses>3863001</misses>
				<total>6</total>
				<timestamp>1350.698852</timestamp>
			</report>
			<report>
				<misses>3864001</misses>
				<total>6</total>
				<timestamp>1351.048487</timestamp>
			</report>
			<report>
				<misses>3865001</misses>
				<total>6</total>
				<timestamp>1351.398180</timestamp>
			</report>
			<report>
				<misses>3866001</misses>
				<total>6</total>
				<timestamp>1351.747785</timestamp>
			</report>
			<report>
				<misses>3867001</misses>
				<total>6</total>
				<timestamp>1352.097482</timestamp>
			</report>
			<report>
				<misses>3868001</misses>
				<total>6</total>
				<timestamp>1352.447142</timestamp>
			</report>
			<report>
				<misses>3869001</misses>
				<total>6</total>
				<timestamp>1352.796739</timestamp>
			</report>
			<report>
				<misses>3870001</misses>
				<total>6</total>
				<timestamp>1353.146377</timestamp>
			</report>
			<report>
				<misses>3871001</misses>
				<total>6</total>
				<timestamp>1353.496105</timestamp>
			</report>
			<report>
				<misses>3872001</misses>
				<total>6</total>
				<timestamp>1353.845695</timestamp>
			</report>
			<report>
				<misses>3873001</misses>
				<total>6</total>
				<timestamp>1354.195326</timestamp>
			</report>
			<report>
				<misses>3874001</misses>
				<total>6</total>
				<timestamp>1354.544990</timestamp>
			</report>
			<report>
				<misses>3875001</misses>
				<total>6</total>
				<timestamp>1354.894664</timestamp>
			</report>
			<report>
				<misses>3876001</misses>
				<total>6</total>
				<timestamp>1355.244286</timestamp>
			</report>
			<report>
				<misses>3877001</misses>
				<total>6</total>
				<timestamp>1355.593938</timestamp>
			</report>
			<report>
				<misses>3878001</misses>
				<total>6</total>
				<timestamp>1355.943570</timestamp>
			</report>
			<report>
				<misses>3879001</misses>
				<total>6</total>
				<timestamp>1356.293237</timestamp>
			</report>
			<report>
				<misses>3880001</misses>
				<total>6</total>
				<timestamp>1356.642888</timestamp>
			</report>
			<report>
				<misses>3881001</misses>
				<total>6</total>
				<timestamp>1356.992561</timestamp>
			</report>
			<report>
				<misses>3882001</misses>
				<total>6</total>
				<timestamp>1357.342228</timestamp>
			</report>
			<report>
				<misses>3883001</misses>
				<total>6</total>
				<timestamp>1357.691871</timestamp>
			</report>
			<report>
				<misses>3884001</misses>
				<total>6</total>
				<timestamp>1358.041483</timestamp>
			</report>
			<report>
				<misses>3885001</misses>
				<total>6</total>
				<timestamp>1358.391161</timestamp>
			</report>
			<report>
				<misses>3886001</misses>
				<total>6</total>
				<timestamp>1358.740809</timestamp>
			</report>
			<report>
				<misses>3887001</misses>
				<total>6</total>
				<timestamp>1359.090426</timestamp>
			</report>
			<report>
				<misses>3888001</misses>
				<total>6</total>
				<timestamp>1359.440103</timestamp>
			</report>
			<report>
				<misses>3889001</misses>
				<total>6</total>
				<timestamp>1359.789733</timestamp>
			</report>
			<report>
				<misses>3890001</misses>
				<total>6</total>
				<timestamp>1360.139385</timestamp>
			</report>
			<report>
				<misses>3891001</misses>
				<total>6</total>
				<timestamp>1360.489072</timestamp>
			</report>
			<report>
				<misses>3892001</misses>
				<total>6</total>
				<timestamp>1360.838721</timestamp>
			</report>
			<report>
				<misses>3893001</misses>
				<total>6</total>
				<timestamp>1361.188390</timestamp>
			</report>
			<report>
				<misses>3894001</misses>
				<total>6</total>
				<timestamp>1361.538047</timestamp>
			</report>
			<report>
				<misses>3895001</misses>
				<total>6</total>
				<timestamp>1361.887640</timestamp>
			</report>
			<report>
				<misses>3896001</misses>
				<total>6</total>
				<timestamp>1362.237322</timestamp>
			</report>
			<report>
				<misses>3897001</misses>
				<total>6</total>
				<timestamp>1362.587004</timestamp>
			</report>
			<report>
				<misses>3898001</misses>
				<total>6</total>
				<timestamp>1362.936571</timestamp>
			</report>
			<report>
				<misses>3899001</misses>
				<total>6</total>
				<timestamp>1363.286244</timestamp>
			</report>
			<report>
				<misses>3900001</misses>
				<total>6</total>
				<timestamp>1363.635895</timestamp>
			</report>
			<report>
				<misses>3901001</misses>
				<total>6</total>
				<timestamp>1363.985553</timestamp>
			</report>
			<report>
				<misses>3902001</misses>
				<total>6</total>
				<timestamp>1364.335196</timestamp>
			</report>
			<report>
				<misses>3903001</misses>
				<total>6</total>
				<timestamp>1364.684849</timestamp>
			</report>
			<report>
				<misses>3904001</misses>
				<total>6</total>
				<timestamp>1365.034478</timestamp>
			</report>
			<report>
				<misses>3905001</misses>
				<total>6</total>
				<timestamp>1365.384175</timestamp>
			</report>
			<report>
				<misses>3906001</misses>
				<total>6</total>
				<timestamp>1365.733793</timestamp>
			</report>
			<report>
				<misses>3907001</misses>
				<total>6</total>
				<timestamp>1366.083447</timestamp>
			</report>
			<report>
				<misses>3908001</misses>
				<total>6</total>
				<timestamp>1366.433139</timestamp>
			</report>
			<report>
				<misses>3909001</misses>
				<total>6</total>
				<timestamp>1366.782744</timestamp>
			</report>
			<report>
				<misses>3910001</misses>
				<total>6</total>
				<timestamp>1367.132396</timestamp>
			</report>
			<report>
				<misses>3911001</misses>
				<total>6</total>
				<timestamp>1367.482081</timestamp>
			</report>
			<report>
				<misses>3912001</misses>
				<total>6</total>
				<timestamp>1367.831681</timestamp>
			</report>
			<report>
				<misses>3913001</misses>
				<total>6</total>
				<timestamp>1368.181336</timestamp>
			</report>
			<report>
				<misses>3914001</misses>
				<total>6</total>
				<timestamp>1368.531069</timestamp>
			</report>
			<report>
				<misses>3915001</misses>
				<total>6</total>
				<timestamp>1368.880650</timestamp>
			</report>
			<report>
				<misses>3916001</misses>
				<total>6</total>
				<timestamp>1369.230270</timestamp>
			</report>
			<report>
				<misses>3917001</misses>
				<total>6</total>
				<timestamp>1369.580000</timestamp>
			</report>
			<report>
				<misses>3918001</misses>
				<total>6</total>
				<timestamp>1369.929575</timestamp>
			</report>
			<report>
				<misses>3919001</misses>
				<total>6</total>
				<timestamp>1370.279222</timestamp>
			</report>
			<report>
				<misses>3920001</misses>
				<total>6</total>
				<timestamp>1370.628880</timestamp>
			</report>
			<report>
				<misses>3921001</misses>
				<total>6</total>
				<timestamp>1370.978557</timestamp>
			</report>
			<report>
				<misses>3922001</misses>
				<total>6</total>
				<timestamp>1371.328185</timestamp>
			</report>
			<report>
				<misses>3923001</misses>
				<total>6</total>
				<timestamp>1371.677820</timestamp>
			</report>
			<report>
				<misses>3924001</misses>
				<total>6</total>
				<timestamp>1372.027510</timestamp>
			</report>
			<report>
				<misses>3925001</misses>
				<total>6</total>
				<timestamp>1372.377150</timestamp>
			</report>
			<report>
				<misses>3926001</misses>
				<total>6</total>
				<timestamp>1372.726785</timestamp>
			</report>
			<report>
				<misses>3927001</misses>
				<total>6</total>
				<timestamp>1373.076428</timestamp>
			</report>
			<report>
				<misses>3928001</misses>
				<total>6</total>
				<timestamp>1373.426121</timestamp>
			</report>
			<report>
				<misses>3929001</misses>
				<total>6</total>
				<timestamp>1373.775731</timestamp>
			</report>
			<report>
				<misses>3930001</misses>
				<total>6</total>
				<timestamp>1374.125415</timestamp>
			</report>
			<report>
				<misses>3931001</misses>
				<total>6</total>
				<timestamp>1374.475082</timestamp>
			</report>
			<report>
				<misses>3932001</misses>
				<total>6</total>
				<timestamp>1374.824698</timestamp>
			</report>
			<report>
				<misses>3933001</misses>
				<total>6</total>
				<timestamp>1375.174338</timestamp>
			</report>
			<report>
				<misses>3934001</misses>
				<total>6</total>
				<timestamp>1375.523996</timestamp>
			</report>
			<report>
				<misses>3935001</misses>
				<total>6</total>
				<timestamp>1375.873673</timestamp>
			</report>
			<report>
				<misses>3936001</misses>
				<total>6</total>
				<timestamp>1376.223279</timestamp>
			</report>
			<report>
				<misses>3937001</misses>
				<total>6</total>
				<timestamp>1376.573016</timestamp>
			</report>
			<report>
				<misses>3938001</misses>
				<total>6</total>
				<timestamp>1376.922575</timestamp>
			</report>
			<report>
				<misses>3939001</misses>
				<total>6</total>
				<timestamp>1377.272237</timestamp>
			</report>
			<report>
				<misses>3940001</misses>
				<total>6</total>
				<timestamp>1377.621955</timestamp>
			</report>
			<report>
				<misses>3941001</misses>
				<total>6</total>
				<timestamp>1377.971544</timestamp>
			</report>
			<report>
				<misses>3942001</misses>
				<total>6</total>
				<timestamp>1378.321191</timestamp>
			</report>
			<report>
				<misses>3943001</misses>
				<total>6</total>
				<timestamp>1378.670849</timestamp>
			</report>
			<report>
				<misses>3944001</misses>
				<total>6</total>
				<timestamp>1379.020536</timestamp>
			</report>
			<report>
				<misses>3945001</misses>
				<total>6</total>
				<timestamp>1379.370128</timestamp>
			</report>
			<report>
				<misses>3946001</misses>
				<total>6</total>
				<timestamp>1379.719795</timestamp>
			</report>
			<report>
				<misses>3947001</misses>
				<total>6</total>
				<timestamp>1380.069434</timestamp>
			</report>
			<report>
				<misses>3948001</misses>
				<total>6</total>
				<timestamp>1380.419107</timestamp>
			</report>
			<report>
				<misses>3949001</misses>
				<total>6</total>
				<timestamp>1380.768730</timestamp>
			</report>
			<report>
				<misses>3950001</misses>
				<total>6</total>
				<timestamp>1381.118377</timestamp>
			</report>
			<report>
				<misses>3951001</misses>
				<total>6</total>
				<timestamp>1381.468061</timestamp>
			</report>
			<report>
				<misses>3952001</misses>
				<total>6</total>
				<timestamp>1381.817688</timestamp>
			</report>
			<report>
				<misses>3953001</misses>
				<total>6</total>
				<timestamp>1382.167357</timestamp>
			</report>
			<report>
				<misses>3954001</misses>
				<total>6</total>
				<timestamp>1382.516987</timestamp>
			</report>
			<report>
				<misses>3955001</misses>
				<total>6</total>
				<timestamp>1382.866628</timestamp>
			</report>
			<report>
				<misses>3956001</misses>
				<total>6</total>
				<timestamp>1383.216324</timestamp>
			</report>
			<report>
				<misses>3957001</misses>
				<total>6</total>
				<timestamp>1383.565994</timestamp>
			</report>
			<report>
				<misses>3958001</misses>
				<total>6</total>
				<timestamp>1383.915622</timestamp>
			</report>
			<report>
				<misses>3959001</misses>
				<total>6</total>
				<timestamp>1384.265237</timestamp>
			</report>
			<report>
				<misses>3960001</misses>
				<total>6</total>
				<timestamp>1384.614929</timestamp>
			</report>
			<report>
				<misses>3961001</misses>
				<total>6</total>
				<timestamp>1384.964524</timestamp>
			</report>
			<report>
				<misses>3962001</misses>
				<total>6</total>
				<timestamp>1385.314183</timestamp>
			</report>
			<report>
				<misses>3963001</misses>
				<total>6</total>
				<timestamp>1385.663848</timestamp>
			</report>
			<report>
				<misses>3964001</misses>
				<total>6</total>
				<timestamp>1386.013502</timestamp>
			</report>
			<report>
				<misses>3965001</misses>
				<total>6</total>
				<timestamp>1386.363147</timestamp>
			</report>
			<report>
				<misses>3966001</misses>
				<total>6</total>
				<timestamp>1386.712810</timestamp>
			</report>
			<report>
				<misses>3967001</misses>
				<total>6</total>
				<timestamp>1387.062463</timestamp>
			</report>
			<report>
				<misses>3968001</misses>
				<total>6</total>
				<timestamp>1387.412109</timestamp>
			</report>
			<report>
				<misses>3969001</misses>
				<total>6</total>
				<timestamp>1387.761729</timestamp>
			</report>
			<report>
				<misses>3970001</misses>
				<total>6</total>
				<timestamp>1388.111413</timestamp>
			</report>
			<report>
				<misses>3971001</misses>
				<total>6</total>
				<timestamp>1388.461045</timestamp>
			</report>
			<report>
				<misses>3972001</misses>
				<total>6</total>
				<timestamp>1388.810718</timestamp>
			</report>
			<report>
				<misses>3973001</misses>
				<total>6</total>
				<timestamp>1389.160346</timestamp>
			</report>
			<report>
				<misses>3974001</misses>
				<total>6</total>
				<timestamp>1389.510005</timestamp>
			</report>
			<report>
				<misses>3975001</misses>
				<total>6</total>
				<timestamp>1389.859655</timestamp>
			</report>
			<report>
				<misses>3976001</misses>
				<total>6</total>
				<timestamp>1390.209321</timestamp>
			</report>
			<report>
				<misses>3977001</misses>
				<total>6</total>
				<timestamp>1390.558960</timestamp>
			</report>
			<report>
				<misses>3978001</misses>
				<total>6</total>
				<timestamp>1390.908582</timestamp>
			</report>
			<report>
				<misses>3979001</misses>
				<total>6</total>
				<timestamp>1391.258259</timestamp>
			</report>
			<report>
				<misses>3980001</misses>
				<total>6</total>
				<timestamp>1391.607910</timestamp>
			</report>
			<report>
				<misses>3981001</misses>
				<total>6</total>
				<timestamp>1391.957567</timestamp>
			</report>
			<report>
				<misses>3982001</misses>
				<total>6</total>
				<timestamp>1392.307208</timestamp>
			</report>
			<report>
				<misses>3983001</misses>
				<total>6</total>
				<timestamp>1392.656878</timestamp>
			</report>
			<report>
				<misses>3984001</misses>
				<total>6</total>
				<timestamp>1393.006475</timestamp>
			</report>
			<report>
				<misses>3985001</misses>
				<total>6</total>
				<timestamp>1393.356175</timestamp>
			</report>
			<report>
				<misses>3986001</misses>
				<total>6</total>
				<timestamp>1393.705816</timestamp>
			</report>
			<report>
				<misses>3987001</misses>
				<total>6</total>
				<timestamp>1394.055426</timestamp>
			</report>
			<report>
				<misses>3988001</misses>
				<total>6</total>
				<timestamp>1394.405087</timestamp>
			</report>
			<report>
				<misses>3989001</misses>
				<total>6</total>
				<timestamp>1394.754748</timestamp>
			</report>
			<report>
				<misses>3990001</misses>
				<total>6</total>
				<timestamp>1395.104375</timestamp>
			</report>
			<report>
				<misses>3991001</misses>
				<total>6</total>
				<timestamp>1395.454037</timestamp>
			</report>
			<report>
				<misses>3992001</misses>
				<total>6</total>
				<timestamp>1395.803704</timestamp>
			</report>
			<report>
				<misses>3993001</misses>
				<total>6</total>
				<timestamp>1396.153336</timestamp>
			</report>
			<report>
				<misses>3994001</misses>
				<total>6</total>
				<timestamp>1396.503025</timestamp>
			</report>
			<report>
				<misses>3995001</misses>
				<total>6</total>
				<timestamp>1396.852627</timestamp>
			</report>
			<report>
				<misses>3996001</misses>
				<total>6</total>
				<timestamp>1397.202287</timestamp>
			</report>
			<report>
				<misses>3997001</misses>
				<total>6</total>
				<timestamp>1397.551967</timestamp>
			</report>
			<report>
				<misses>3998001</misses>
				<total>6</total>
				<timestamp>1397.901607</timestamp>
			</report>
			<report>
				<misses>3999001</misses>
				<total>6</total>
				<timestamp>1398.251229</timestamp>
			</report>
			<report>
				<misses>4000001</misses>
				<total>6</total>
				<timestamp>1398.600890</timestamp>
			</report>
			<report>
				<misses>4001001</misses>
				<total>6</total>
				<timestamp>1398.950532</timestamp>
			</report>
			<report>
				<misses>4002001</misses>
				<total>6</total>
				<timestamp>1399.300174</timestamp>
			</report>
			<report>
				<misses>4003001</misses>
				<total>6</total>
				<timestamp>1399.649891</timestamp>
			</report>
			<report>
				<misses>4004001</misses>
				<total>6</total>
				<timestamp>1399.999481</timestamp>
			</report>
			<report>
				<misses>4005001</misses>
				<total>6</total>
				<timestamp>1400.349146</timestamp>
			</report>
			<report>
				<misses>4006001</misses>
				<total>6</total>
				<timestamp>1400.698857</timestamp>
			</report>
			<report>
				<misses>4007001</misses>
				<total>6</total>
				<timestamp>1401.048462</timestamp>
			</report>
			<report>
				<misses>4008001</misses>
				<total>6</total>
				<timestamp>1401.398114</timestamp>
			</report>
			<report>
				<misses>4009001</misses>
				<total>6</total>
				<timestamp>1401.747775</timestamp>
			</report>
			<report>
				<misses>4010001</misses>
				<total>6</total>
				<timestamp>1402.097400</timestamp>
			</report>
			<report>
				<misses>4011001</misses>
				<total>6</total>
				<timestamp>1402.447033</timestamp>
			</report>
			<report>
				<misses>4012001</misses>
				<total>6</total>
				<timestamp>1402.796689</timestamp>
			</report>
			<report>
				<misses>4013001</misses>
				<total>6</total>
				<timestamp>1403.146346</timestamp>
			</report>
			<report>
				<misses>4014001</misses>
				<total>6</total>
				<timestamp>1403.495997</timestamp>
			</report>
			<report>
				<misses>4015001</misses>
				<total>6</total>
				<timestamp>1403.845632</timestamp>
			</report>
			<report>
				<misses>4016001</misses>
				<total>6</total>
				<timestamp>1404.195275</timestamp>
			</report>
			<report>
				<misses>4017001</misses>
				<total>6</total>
				<timestamp>1404.544973</timestamp>
			</report>
			<report>
				<misses>4018001</misses>
				<total>6</total>
				<timestamp>1404.894586</timestamp>
			</report>
			<report>
				<misses>4019001</misses>
				<total>6</total>
				<timestamp>1405.244247</timestamp>
			</report>
			<report>
				<misses>4020001</misses>
				<total>6</total>
				<timestamp>1405.593921</timestamp>
			</report>
			<report>
				<misses>4021001</misses>
				<total>6</total>
				<timestamp>1405.943525</timestamp>
			</report>
			<report>
				<misses>4022001</misses>
				<total>6</total>
				<timestamp>1406.293190</timestamp>
			</report>
			<report>
				<misses>4023001</misses>
				<total>6</total>
				<timestamp>1406.642849</timestamp>
			</report>
			<report>
				<misses>4024001</misses>
				<total>6</total>
				<timestamp>1406.992507</timestamp>
			</report>
			<report>
				<misses>4025001</misses>
				<total>6</total>
				<timestamp>1407.342128</timestamp>
			</report>
			<report>
				<misses>4026001</misses>
				<total>6</total>
				<timestamp>1407.691840</timestamp>
			</report>
			<report>
				<misses>4027001</misses>
				<total>6</total>
				<timestamp>1408.041470</timestamp>
			</report>
			<report>
				<misses>4028001</misses>
				<total>6</total>
				<timestamp>1408.391101</timestamp>
			</report>
			<report>
				<misses>4029001</misses>
				<total>6</total>
				<timestamp>1408.740759</timestamp>
			</report>
			<report>
				<misses>4030001</misses>
				<total>6</total>
				<timestamp>1409.090396</timestamp>
			</report>
			<report>
				<misses>4031001</misses>
				<total>6</total>
				<timestamp>1409.440034</timestamp>
			</report>
			<report>
				<misses>4032001</misses>
				<total>6</total>
				<timestamp>1409.789724</timestamp>
			</report>
			<report>
				<misses>4033001</misses>
				<total>6</total>
				<timestamp>1410.139327</timestamp>
			</report>
			<report>
				<misses>4034001</misses>
				<total>6</total>
				<timestamp>1410.488991</timestamp>
			</report>
			<report>
				<misses>4035001</misses>
				<total>6</total>
				<timestamp>1410.838652</timestamp>
			</report>
			<report>
				<misses>4036001</misses>
				<total>6</total>
				<timestamp>1411.188290</timestamp>
			</report>
			<report>
				<misses>4037001</misses>
				<total>6</total>
				<timestamp>1411.537938</timestamp>
			</report>
			<report>
				<misses>4038001</misses>
				<total>6</total>
				<timestamp>1411.887581</timestamp>
			</report>
			<report>
				<misses>4039001</misses>
				<total>6</total>
				<timestamp>1412.237286</timestamp>
			</report>
			<report>
				<misses>4040001</misses>
				<total>6</total>
				<timestamp>1412.586944</timestamp>
			</report>
			<report>
				<misses>4041001</misses>
				<total>6</total>
				<timestamp>1412.936527</timestamp>
			</report>
			<report>
				<misses>4042001</misses>
				<total>6</total>
				<timestamp>1413.286177</timestamp>
			</report>
			<report>
				<misses>4043001</misses>
				<total>6</total>
				<timestamp>1413.635845</timestamp>
			</report>
			<report>
				<misses>4044001</misses>
				<total>6</total>
				<timestamp>1413.985485</timestamp>
			</report>
			<report>
				<misses>4045001</misses>
				<total>6</total>
				<timestamp>1414.335121</timestamp>
			</report>
			<report>
				<misses>4046001</misses>
				<total>6</total>
				<timestamp>1414.684834</timestamp>
			</report>
			<report>
				<misses>4047001</misses>
				<total>6</total>
				<timestamp>1415.034425</timestamp>
			</report>
			<report>
				<misses>4048001</misses>
				<total>6</total>
				<timestamp>1415.384106</timestamp>
			</report>
			<report>
				<misses>4049001</misses>
				<total>6</total>
				<timestamp>1415.733758</timestamp>
			</report>
			<report>
				<misses>4050001</misses>
				<total>6</total>
				<timestamp>1416.083411</timestamp>
			</report>
			<report>
				<misses>4051001</misses>
				<total>6</total>
				<timestamp>1416.433046</timestamp>
			</report>
			<report>
				<misses>4052001</misses>
				<total>6</total>
				<timestamp>1416.782777</timestamp>
			</report>
			<report>
				<misses>4053001</misses>
				<total>6</total>
				<timestamp>1417.132360</timestamp>
			</report>
			<report>
				<misses>4054001</misses>
				<total>6</total>
				<timestamp>1417.481982</timestamp>
			</report>
			<report>
				<misses>4055001</misses>
				<total>6</total>
				<timestamp>1417.831653</timestamp>
			</report>
			<report>
				<misses>4056001</misses>
				<total>6</total>
				<timestamp>1418.181306</timestamp>
			</report>
			<report>
				<misses>4057001</misses>
				<total>6</total>
				<timestamp>1418.530928</timestamp>
			</report>
			<report>
				<misses>4058001</misses>
				<total>6</total>
				<timestamp>1418.880620</timestamp>
			</report>
			<report>
				<misses>4059001</misses>
				<total>6</total>
				<timestamp>1419.230273</timestamp>
			</report>
			<report>
				<misses>4060001</misses>
				<total>6</total>
				<timestamp>1419.579894</timestamp>
			</report>
			<report>
				<misses>4061001</misses>
				<total>6</total>
				<timestamp>1419.929526</timestamp>
			</report>
			<report>
				<misses>4062001</misses>
				<total>6</total>
				<timestamp>1420.279204</timestamp>
			</report>
			<report>
				<misses>4063001</misses>
				<total>6</total>
				<timestamp>1420.628912</timestamp>
			</report>
			<report>
				<misses>4064001</misses>
				<total>6</total>
				<timestamp>1420.978497</timestamp>
			</report>
			<report>
				<misses>4065001</misses>
				<total>6</total>
				<timestamp>1421.328133</timestamp>
			</report>
			<report>
				<misses>4066001</misses>
				<total>6</total>
				<timestamp>1421.677860</timestamp>
			</report>
			<report>
				<misses>4067001</misses>
				<total>6</total>
				<timestamp>1422.027465</timestamp>
			</report>
			<report>
				<misses>4068001</misses>
				<total>6</total>
				<timestamp>1422.377102</timestamp>
			</report>
			<report>
				<misses>4069001</misses>
				<total>6</total>
				<timestamp>1422.726750</timestamp>
			</report>
			<report>
				<misses>4070001</misses>
				<total>6</total>
				<timestamp>1423.076395</timestamp>
			</report>
			<report>
				<misses>4071001</misses>
				<total>6</total>
				<timestamp>1423.426046</timestamp>
			</report>
			<report>
				<misses>4072001</misses>
				<total>6</total>
				<timestamp>1423.775678</timestamp>
			</report>
			<report>
				<misses>4073001</misses>
				<total>6</total>
				<timestamp>1424.125346</timestamp>
			</report>
			<report>
				<misses>4074001</misses>
				<total>6</total>
				<timestamp>1424.474978</timestamp>
			</report>
			<report>
				<misses>4075001</misses>
				<total>6</total>
				<timestamp>1424.824632</timestamp>
			</report>
			<report>
				<misses>4076001</misses>
				<total>6</total>
				<timestamp>1425.174273</timestamp>
			</report>
			<report>
				<misses>4077001</misses>
				<total>6</total>
				<timestamp>1425.523939</timestamp>
			</report>
			<report>
				<misses>4078001</misses>
				<total>6</total>
				<timestamp>1425.873620</timestamp>
			</report>
			<report>
				<misses>4079001</misses>
				<total>6</total>
				<timestamp>1426.223286</timestamp>
			</report>
			<report>
				<misses>4080001</misses>
				<total>6</total>
				<timestamp>1426.572893</timestamp>
			</report>
			<report>
				<misses>4081001</misses>
				<total>6</total>
				<timestamp>1426.922536</timestamp>
			</report>
			<report>
				<misses>4082001</misses>
				<total>6</total>
				<timestamp>1427.272204</timestamp>
			</report>
			<report>
				<misses>4083001</misses>
				<total>6</total>
				<timestamp>1427.621873</timestamp>
			</report>
			<report>
				<misses>4084001</misses>
				<total>6</total>
				<timestamp>1427.971502</timestamp>
			</report>
			<report>
				<misses>4085001</misses>
				<total>6</total>
				<timestamp>1428.321143</timestamp>
			</report>
			<report>
				<misses>4086001</misses>
				<total>6</total>
				<timestamp>1428.670802</timestamp>
			</report>
			<report>
				<misses>4087001</misses>
				<total>6</total>
				<timestamp>1429.020439</timestamp>
			</report>
			<report>
				<misses>4088001</misses>
				<total>6</total>
				<timestamp>1429.370115</timestamp>
			</report>
			<report>
				<misses>4089001</misses>
				<total>6</total>
				<timestamp>1429.719768</timestamp>
			</report>
			<report>
				<misses>4090001</misses>
				<total>6</total>
				<timestamp>1430.069423</timestamp>
			</report>
			<report>
				<misses>4091001</misses>
				<total>6</total>
				<timestamp>1430.419050</timestamp>
			</report>
			<report>
				<misses>4092001</misses>
				<total>6</total>
				<timestamp>1430.768690</timestamp>
			</report>
			<report>
				<misses>4093001</misses>
				<total>6</total>
				<timestamp>1431.118337</timestamp>
			</report>
			<report>
				<misses>4094001</misses>
				<total>6</total>
				<timestamp>1431.467990</timestamp>
			</report>
			<report>
				<misses>4095001</misses>
				<total>6</total>
				<timestamp>1431.817642</timestamp>
			</report>
			<report>
				<misses>4096001</misses>
				<total>6</total>
				<timestamp>1432.167283</timestamp>
			</report>
			<report>
				<misses>4097001</misses>
				<total>6</total>
				<timestamp>1432.516932</timestamp>
			</report>
			<report>
				<misses>4098001</misses>
				<total>6</total>
				<timestamp>1432.866596</timestamp>
			</report>
			<report>
				<misses>4099001</misses>
				<total>6</total>
				<timestamp>1433.216245</timestamp>
			</report>
			<report>
				<misses>4100001</misses>
				<total>6</total>
				<timestamp>1433.565909</timestamp>
			</report>
			<report>
				<misses>4101001</misses>
				<total>6</total>
				<timestamp>1433.915590</timestamp>
			</report>
			<report>
				<misses>4102001</misses>
				<total>6</total>
				<timestamp>1434.265211</timestamp>
			</report>
			<report>
				<misses>4103001</misses>
				<total>6</total>
				<timestamp>1434.614916</timestamp>
			</report>
			<report>
				<misses>4104001</misses>
				<total>6</total>
				<timestamp>1434.964530</timestamp>
			</report>
			<report>
				<misses>4105001</misses>
				<total>6</total>
				<timestamp>1435.314126</timestamp>
			</report>
			<report>
				<misses>4106001</misses>
				<total>6</total>
				<timestamp>1435.663811</timestamp>
			</report>
			<report>
				<misses>4107001</misses>
				<total>6</total>
				<timestamp>1436.013471</timestamp>
			</report>
			<report>
				<misses>4108001</misses>
				<total>6</total>
				<timestamp>1436.363107</timestamp>
			</report>
			<report>
				<misses>4109001</misses>
				<total>6</total>
				<timestamp>1436.712736</timestamp>
			</report>
			<report>
				<misses>4110001</misses>
				<total>6</total>
				<timestamp>1437.062395</timestamp>
			</report>
			<report>
				<misses>4111001</misses>
				<total>6</total>
				<timestamp>1437.412051</timestamp>
			</report>
			<report>
				<misses>4112001</misses>
				<total>6</total>
				<timestamp>1437.761717</timestamp>
			</report>
			<report>
				<misses>4113001</misses>
				<total>6</total>
				<timestamp>1438.111348</timestamp>
			</report>
			<report>
				<misses>4114001</misses>
				<total>6</total>
				<timestamp>1438.460986</timestamp>
			</report>
			<report>
				<misses>4115001</misses>
				<total>6</total>
				<timestamp>1438.810645</timestamp>
			</report>
			<report>
				<misses>4116001</misses>
				<total>6</total>
				<timestamp>1439.160301</timestamp>
			</report>
			<report>
				<misses>4117001</misses>
				<total>6</total>
				<timestamp>1439.509927</timestamp>
			</report>
			<report>
				<misses>4118001</misses>
				<total>6</total>
				<timestamp>1439.859580</timestamp>
			</report>
			<report>
				<misses>4119001</misses>
				<total>6</total>
				<timestamp>1440.209243</timestamp>
			</report>
			<report>
				<misses>4120001</misses>
				<total>6</total>
				<timestamp>1440.558930</timestamp>
			</report>
			<report>
				<misses>4121001</misses>
				<total>6</total>
				<timestamp>1440.908584</timestamp>
			</report>
			<report>
				<misses>4122001</misses>
				<total>6</total>
				<timestamp>1441.258179</timestamp>
			</report>
			<report>
				<misses>4123001</misses>
				<total>6</total>
				<timestamp>1441.607848</timestamp>
			</report>
			<report>
				<misses>4124001</misses>
				<total>6</total>
				<timestamp>1441.957515</timestamp>
			</report>
			<report>
				<misses>4125001</misses>
				<total>6</total>
				<timestamp>1442.307163</timestamp>
			</report>
			<report>
				<misses>4126001</misses>
				<total>6</total>
				<timestamp>1442.656829</timestamp>
			</report>
			<report>
				<misses>4127001</misses>
				<total>6</total>
				<timestamp>1443.006458</timestamp>
			</report>
			<report>
				<misses>4128001</misses>
				<total>6</total>
				<timestamp>1443.356084</timestamp>
			</report>
			<report>
				<misses>4129001</misses>
				<total>6</total>
				<timestamp>1443.705757</timestamp>
			</report>
			<report>
				<misses>4130001</misses>
				<total>6</total>
				<timestamp>1444.055378</timestamp>
			</report>
			<report>
				<misses>4131001</misses>
				<total>6</total>
				<timestamp>1444.405036</timestamp>
			</report>
			<report>
				<misses>4132001</misses>
				<total>6</total>
				<timestamp>1444.754757</timestamp>
			</report>
			<report>
				<misses>4133001</misses>
				<total>6</total>
				<timestamp>1445.104388</timestamp>
			</report>
			<report>
				<misses>4134001</misses>
				<total>6</total>
				<timestamp>1445.453983</timestamp>
			</report>
			<report>
				<misses>4135001</misses>
				<total>6</total>
				<timestamp>1445.803662</timestamp>
			</report>
			<report>
				<misses>4136001</misses>
				<total>6</total>
				<timestamp>1446.153322</timestamp>
			</report>
			<report>
				<misses>4137001</misses>
				<total>6</total>
				<timestamp>1446.502946</timestamp>
			</report>
			<report>
				<misses>4138001</misses>
				<total>6</total>
				<timestamp>1446.852604</timestamp>
			</report>
			<report>
				<misses>4139001</misses>
				<total>6</total>
				<timestamp>1447.202271</timestamp>
			</report>
			<report>
				<misses>4140001</misses>
				<total>6</total>
				<timestamp>1447.551900</timestamp>
			</report>
			<report>
				<misses>4141001</misses>
				<total>6</total>
				<timestamp>1447.901546</timestamp>
			</report>
			<report>
				<misses>4142001</misses>
				<total>6</total>
				<timestamp>1448.251218</timestamp>
			</report>
			<report>
				<misses>4143001</misses>
				<total>6</total>
				<timestamp>1448.600836</timestamp>
			</report>
			<report>
				<misses>4144001</misses>
				<total>6</total>
				<timestamp>1448.950523</timestamp>
			</report>
			<report>
				<misses>4145001</misses>
				<total>6</total>
				<timestamp>1449.300137</timestamp>
			</report>
			<report>
				<misses>4146001</misses>
				<total>6</total>
				<timestamp>1449.649789</timestamp>
			</report>
			<report>
				<misses>4147001</misses>
				<total>6</total>
				<timestamp>1449.999478</timestamp>
			</report>
			<report>
				<misses>4148001</misses>
				<total>6</total>
				<timestamp>1450.349129</timestamp>
			</report>
			<report>
				<misses>4149001</misses>
				<total>6</total>
				<timestamp>1450.698715</timestamp>
			</report>
			<report>
				<misses>4150001</misses>
				<total>6</total>
				<timestamp>1451.048389</timestamp>
			</report>
			<report>
				<misses>4151001</misses>
				<total>6</total>
				<timestamp>1451.398019</timestamp>
			</report>
			<report>
				<misses>4152001</misses>
				<total>6</total>
				<timestamp>1451.747715</timestamp>
			</report>
			<report>
				<misses>4153001</misses>
				<total>6</total>
				<timestamp>1452.097358</timestamp>
			</report>
			<report>
				<misses>4154001</misses>
				<total>6</total>
				<timestamp>1452.446989</timestamp>
			</report>
			<report>
				<misses>4155001</misses>
				<total>6</total>
				<timestamp>1452.796674</timestamp>
			</report>
			<report>
				<misses>4156001</misses>
				<total>6</total>
				<timestamp>1453.146323</timestamp>
			</report>
			<report>
				<misses>4157001</misses>
				<total>6</total>
				<timestamp>1453.495931</timestamp>
			</report>
			<report>
				<misses>4158001</misses>
				<total>6</total>
				<timestamp>1453.845608</timestamp>
			</report>
			<report>
				<misses>4159001</misses>
				<total>6</total>
				<timestamp>1454.195262</timestamp>
			</report>
			<report>
				<misses>4160001</misses>
				<total>6</total>
				<timestamp>1454.544894</timestamp>
			</report>
			<report>
				<misses>4161001</misses>
				<total>6</total>
				<timestamp>1454.894573</timestamp>
			</report>
			<report>
				<misses>4162001</misses>
				<total>6</total>
				<timestamp>1455.244217</timestamp>
			</report>
			<report>
				<misses>4163001</misses>
				<total>6</total>
				<timestamp>1455.593826</timestamp>
			</report>
			<report>
				<misses>4164001</misses>
				<total>6</total>
				<timestamp>1455.943508</timestamp>
			</report>
			<report>
				<misses>4165001</misses>
				<total>6</total>
				<timestamp>1456.293115</timestamp>
			</report>
			<report>
				<misses>4166001</misses>
				<total>6</total>
				<timestamp>1456.642773</timestamp>
			</report>
			<report>
				<misses>4167001</misses>
				<total>6</total>
				<timestamp>1456.992479</timestamp>
			</report>
			<report>
				<misses>4168001</misses>
				<total>6</total>
				<timestamp>1457.342103</timestamp>
			</report>
			<report>
				<misses>4169001</misses>
				<total>6</total>
				<timestamp>1457.691735</timestamp>
			</report>
			<report>
				<misses>4170001</misses>
				<total>6</total>
				<timestamp>1458.041482</timestamp>
			</report>
			<report>
				<misses>4171001</misses>
				<total>6</total>
				<timestamp>1458.391018</timestamp>
			</report>
			<report>
				<misses>4172001</misses>
				<total>6</total>
				<timestamp>1458.740689</timestamp>
			</report>
			<report>
				<misses>4173001</misses>
				<total>6</total>
				<timestamp>1459.090353</timestamp>
			</report>
			<report>
				<misses>4174001</misses>
				<total>6</total>
				<timestamp>1459.439982</timestamp>
			</report>
			<report>
				<misses>4175001</misses>
				<total>6</total>
				<timestamp>1459.789628</timestamp>
			</report>
			<report>
				<misses>4176001</misses>
				<total>6</total>
				<timestamp>1460.139298</timestamp>
			</report>
			<report>
				<misses>4177001</misses>
				<total>6</total>
				<timestamp>1460.488928</timestamp>
			</report>
			<report>
				<misses>4178001</misses>
				<total>6</total>
				<timestamp>1460.838589</timestamp>
			</report>
			<report>
				<misses>4179001</misses>
				<total>6</total>
				<timestamp>1461.188284</timestamp>
			</report>
			<report>
				<misses>4180001</misses>
				<total>6</total>
				<timestamp>1461.537885</timestamp>
			</report>
			<report>
				<misses>4181001</misses>
				<total>6</total>
				<timestamp>1461.887600</timestamp>
			</report>
			<report>
				<misses>4182001</misses>
				<total>6</total>
				<timestamp>1462.237232</timestamp>
			</report>
			<report>
				<misses>4183001</misses>
				<total>6</total>
				<timestamp>1462.586840</timestamp>
			</report>
			<report>
				<misses>4184001</misses>
				<total>6</total>
				<timestamp>1462.936476</timestamp>
			</report>
			<report>
				<misses>4185001</misses>
				<total>6</total>
				<timestamp>1463.286154</timestamp>
			</report>
			<report>
				<misses>4186001</misses>
				<total>6</total>
				<timestamp>1463.635789</timestamp>
			</report>
			<report>
				<misses>4187001</misses>
				<total>6</total>
				<timestamp>1463.985430</timestamp>
			</report>
			<report>
				<misses>4188001</misses>
				<total>6</total>
				<timestamp>1464.335113</timestamp>
			</report>
			<report>
				<misses>4189001</misses>
				<total>6</total>
				<timestamp>1464.684734</timestamp>
			</report>
			<report>
				<misses>4190001</misses>
				<total>6</total>
				<timestamp>1465.034405</timestamp>
			</report>
			<report>
				<misses>4191001</misses>
				<total>6</total>
				<timestamp>1465.384028</timestamp>
			</report>
			<report>
				<misses>4192001</misses>
				<total>6</total>
				<timestamp>1465.733730</timestamp>
			</report>
			<report>
				<misses>4193001</misses>
				<total>6</total>
				<timestamp>1466.083365</timestamp>
			</report>
			<report>
				<misses>4194001</misses>
				<total>6</total>
				<timestamp>1466.433003</timestamp>
			</report>
			<report>
				<misses>4195001</misses>
				<total>6</total>
				<timestamp>1466.782644</timestamp>
			</report>
			<report>
				<misses>4196001</misses>
				<total>6</total>
				<timestamp>1467.132338</timestamp>
			</report>
			<report>
				<misses>4197001</misses>
				<total>6</total>
				<timestamp>1467.481936</timestamp>
			</report>
			<report>
				<misses>4198001</misses>
				<total>6</total>
				<timestamp>1467.831596</timestamp>
			</report>
			<report>
				<misses>4199001</misses>
				<total>6</total>
				<timestamp>1468.181294</timestamp>
			</report>
			<report>
				<misses>4200001</misses>
				<total>6</total>
				<timestamp>1468.530882</timestamp>
			</report>
			<report>
				<misses>4201001</misses>
				<total>6</total>
				<timestamp>1468.880542</timestamp>
			</report>
			<report>
				<misses>4202001</misses>
				<total>6</total>
				<timestamp>1469.230187</timestamp>
			</report>
			<report>
				<misses>4203001</misses>
				<total>6</total>
				<timestamp>1469.579856</timestamp>
			</report>
			<report>
				<misses>4204001</misses>
				<total>6</total>
				<timestamp>1469.929492</timestamp>
			</report>
			<report>
				<misses>4205001</misses>
				<total>6</total>
				<timestamp>1470.279190</timestamp>
			</report>
			<report>
				<misses>4206001</misses>
				<total>6</total>
				<timestamp>1470.628778</timestamp>
			</report>
			<report>
				<misses>4207001</misses>
				<total>6</total>
				<timestamp>1470.978423</timestamp>
			</report>
			<report>
				<misses>4208001</misses>
				<total>6</total>
				<timestamp>1471.328088</timestamp>
			</report>
			<report>
				<misses>4209001</misses>
				<total>6</total>
				<timestamp>1471.677749</timestamp>
			</report>
			<report>
				<misses>4210001</misses>
				<total>6</total>
				<timestamp>1472.027390</timestamp>
			</report>
			<report>
				<misses>4211001</misses>
				<total>6</total>
				<timestamp>1472.377038</timestamp>
			</report>
			<report>
				<misses>4212001</misses>
				<total>6</total>
				<timestamp>1472.726678</timestamp>
			</report>
			<report>
				<misses>4213001</misses>
				<total>6</total>
				<timestamp>1473.076350</timestamp>
			</report>
			<report>
				<misses>4214001</misses>
				<total>6</total>
				<timestamp>1473.425970</timestamp>
			</report>
			<report>
				<misses>4215001</misses>
				<total>6</total>
				<timestamp>1473.775642</timestamp>
			</report>
			<report>
				<misses>4216001</misses>
				<total>6</total>
				<timestamp>1474.125309</timestamp>
			</report>
			<report>
				<misses>4217001</misses>
				<total>6</total>
				<timestamp>1474.474938</timestamp>
			</report>
			<report>
				<misses>4218001</misses>
				<total>6</total>
				<timestamp>1474.824587</timestamp>
			</report>
			<report>
				<misses>4219001</misses>
				<total>6</total>
				<timestamp>1475.174263</timestamp>
			</report>
			<report>
				<misses>4220001</misses>
				<total>6</total>
				<timestamp>1475.523888</timestamp>
			</report>
			<report>
				<misses>4221001</misses>
				<total>6</total>
				<timestamp>1475.873535</timestamp>
			</report>
			<report>
				<misses>4222001</misses>
				<total>6</total>
				<timestamp>1476.223188</timestamp>
			</report>
			<report>
				<misses>4223001</misses>
				<total>6</total>
				<timestamp>1476.572830</timestamp>
			</report>
			<report>
				<misses>4224001</misses>
				<total>6</total>
				<timestamp>1476.922494</timestamp>
			</report>
			<report>
				<misses>4225001</misses>
				<total>6</total>
				<timestamp>1477.272147</timestamp>
			</report>
			<report>
				<misses>4226001</misses>
				<total>6</total>
				<timestamp>1477.621792</timestamp>
			</report>
			<report>
				<misses>4227001</misses>
				<total>6</total>
				<timestamp>1477.971467</timestamp>
			</report>
			<report>
				<misses>4228001</misses>
				<total>6</total>
				<timestamp>1478.321128</timestamp>
			</report>
			<report>
				<misses>4229001</misses>
				<total>6</total>
				<timestamp>1478.670757</timestamp>
			</report>
			<report>
				<misses>4230001</misses>
				<total>6</total>
				<timestamp>1479.020387</timestamp>
			</report>
			<report>
				<misses>4231001</misses>
				<total>6</total>
				<timestamp>1479.370065</timestamp>
			</report>
			<report>
				<misses>4232001</misses>
				<total>6</total>
				<timestamp>1479.719687</timestamp>
			</report>
			<report>
				<misses>4233001</misses>
				<total>6</total>
				<timestamp>1480.069368</timestamp>
			</report>
			<report>
				<misses>4234001</misses>
				<total>6</total>
				<timestamp>1480.418996</timestamp>
			</report>
			<report>
				<misses>4235001</misses>
				<total>6</total>
				<timestamp>1480.768639</timestamp>
			</report>
			<report>
				<misses>4236001</misses>
				<total>6</total>
				<timestamp>1481.118336</timestamp>
			</report>
			<report>
				<misses>4237001</misses>
				<total>6</total>
				<timestamp>1481.467934</timestamp>
			</report>
			<report>
				<misses>4238001</misses>
				<total>6</total>
				<timestamp>1481.817608</timestamp>
			</report>
			<report>
				<misses>4239001</misses>
				<total>6</total>
				<timestamp>1482.167281</timestamp>
			</report>
			<report>
				<misses>4240001</misses>
				<total>6</total>
				<timestamp>1482.516881</timestamp>
			</report>
			<report>
				<misses>4241001</misses>
				<total>6</total>
				<timestamp>1482.866541</timestamp>
			</report>
			<report>
				<misses>4242001</misses>
				<total>6</total>
				<timestamp>1483.216212</timestamp>
			</report>
			<report>
				<misses>4243001</misses>
				<total>6</total>
				<timestamp>1483.565872</timestamp>
			</report>
			<report>
				<misses>4244001</misses>
				<total>6</total>
				<timestamp>1483.915487</timestamp>
			</report>
			<report>
				<misses>4245001</misses>
				<total>6</total>
				<timestamp>1484.265180</timestamp>
			</report>
			<report>
				<misses>4246001</misses>
				<total>6</total>
				<timestamp>1484.614778</timestamp>
			</report>
			<report>
				<misses>4247001</misses>
				<total>6</total>
				<timestamp>1484.964449</timestamp>
			</report>
			<report>
				<misses>4248001</misses>
				<total>6</total>
				<timestamp>1485.314139</timestamp>
			</report>
			<report>
				<misses>4249001</misses>
				<total>6</total>
				<timestamp>1485.663719</timestamp>
			</report>
			<report>
				<misses>4250001</misses>
				<total>6</total>
				<timestamp>1486.013416</timestamp>
			</report>
			<report>
				<misses>4251001</misses>
				<total>6</total>
				<timestamp>1486.363057</timestamp>
			</report>
			<report>
				<misses>4252001</misses>
				<total>6</total>
				<timestamp>1486.712690</timestamp>
			</report>
			<report>
				<misses>4253001</misses>
				<total>6</total>
				<timestamp>1487.062367</timestamp>
			</report>
			<report>
				<misses>4254001</misses>
				<total>6</total>
				<timestamp>1487.411984</timestamp>
			</report>
			<report>
				<misses>4255001</misses>
				<total>6</total>
				<timestamp>1487.761682</timestamp>
			</report>
			<report>
				<misses>4256001</misses>
				<total>6</total>
				<timestamp>1488.111307</timestamp>
			</report>
			<report>
				<misses>4257001</misses>
				<total>6</total>
				<timestamp>1488.460937</timestamp>
			</report>
			<report>
				<misses>4258001</misses>
				<total>6</total>
				<timestamp>1488.810587</timestamp>
			</report>
			<report>
				<misses>4259001</misses>
				<total>6</total>
				<timestamp>1489.160255</timestamp>
			</report>
			<report>
				<misses>4260001</misses>
				<total>6</total>
				<timestamp>1489.509908</timestamp>
			</report>
			<report>
				<misses>4261001</misses>
				<total>6</total>
				<timestamp>1489.859551</timestamp>
			</report>
			<report>
				<misses>4262001</misses>
				<total>6</total>
				<timestamp>1490.209201</timestamp>
			</report>
			<report>
				<misses>4263001</misses>
				<total>6</total>
				<timestamp>1490.558852</timestamp>
			</report>
			<report>
				<misses>4264001</misses>
				<total>6</total>
				<timestamp>1490.908529</timestamp>
			</report>
			<report>
				<misses>4265001</misses>
				<total>6</total>
				<timestamp>1491.258144</timestamp>
			</report>
			<report>
				<misses>4266001</misses>
				<total>6</total>
				<timestamp>1491.607861</timestamp>
			</report>
			<report>
				<misses>4267001</misses>
				<total>6</total>
				<timestamp>1491.957419</timestamp>
			</report>
			<report>
				<misses>4268001</misses>
				<total>6</total>
				<timestamp>1492.307110</timestamp>
			</report>
			<report>
				<misses>4269001</misses>
				<total>6</total>
				<timestamp>1492.656735</timestamp>
			</report>
			<report>
				<misses>4270001</misses>
				<total>6</total>
				<timestamp>1493.006385</timestamp>
			</report>
			<report>
				<misses>4271001</misses>
				<total>6</total>
				<timestamp>1493.356020</timestamp>
			</report>
			<report>
				<misses>4272001</misses>
				<total>6</total>
				<timestamp>1493.705683</timestamp>
			</report>
			<report>
				<misses>4273001</misses>
				<total>6</total>
				<timestamp>1494.055332</timestamp>
			</report>
			<report>
				<misses>4274001</misses>
				<total>6</total>
				<timestamp>1494.404981</timestamp>
			</report>
			<report>
				<misses>4275001</misses>
				<total>6</total>
				<timestamp>1494.754629</timestamp>
			</report>
			<report>
				<misses>4276001</misses>
				<total>6</total>
				<timestamp>1495.104295</timestamp>
			</report>
			<report>
				<misses>4277001</misses>
				<total>6</total>
				<timestamp>1495.453931</timestamp>
			</report>
			<report>
				<misses>4278001</misses>
				<total>6</total>
				<timestamp>1495.803633</timestamp>
			</report>
			<report>
				<misses>4279001</misses>
				<total>6</total>
				<timestamp>1496.153245</timestamp>
			</report>
			<report>
				<misses>4280001</misses>
				<total>6</total>
				<timestamp>1496.502876</timestamp>
			</report>
			<report>
				<misses>4281001</misses>
				<total>6</total>
				<timestamp>1496.852534</timestamp>
			</report>
			<report>
				<misses>4282001</misses>
				<total>6</total>
				<timestamp>1497.202252</timestamp>
			</report>
			<report>
				<misses>4283001</misses>
				<total>6</total>
				<timestamp>1497.551820</timestamp>
			</report>
			<report>
				<misses>4284001</misses>
				<total>6</total>
				<timestamp>1497.901479</timestamp>
			</report>
			<report>
				<misses>4285001</misses>
				<total>6</total>
				<timestamp>1498.251167</timestamp>
			</report>
			<report>
				<misses>4286001</misses>
				<total>6</total>
				<timestamp>1498.600774</timestamp>
			</report>
			<report>
				<misses>4287001</misses>
				<total>6</total>
				<timestamp>1498.950434</timestamp>
			</report>
			<report>
				<misses>4288001</misses>
				<total>6</total>
				<timestamp>1499.300119</timestamp>
			</report>
			<report>
				<misses>4289001</misses>
				<total>6</total>
				<timestamp>1499.649723</timestamp>
			</report>
			<report>
				<misses>4290001</misses>
				<total>6</total>
				<timestamp>1499.999405</timestamp>
			</report>
			<report>
				<misses>4291001</misses>
				<total>6</total>
				<timestamp>1500.349040</timestamp>
			</report>
			<report>
				<misses>4292001</misses>
				<total>6</total>
				<timestamp>1500.698678</timestamp>
			</report>
			<report>
				<misses>4293001</misses>
				<total>6</total>
				<timestamp>1501.048348</timestamp>
			</report>
			<report>
				<misses>4294001</misses>
				<total>6</total>
				<timestamp>1501.397980</timestamp>
			</report>
			<report>
				<misses>4295001</misses>
				<total>6</total>
				<timestamp>1501.747663</timestamp>
			</report>
			<report>
				<misses>4296001</misses>
				<total>6</total>
				<timestamp>1502.097298</timestamp>
			</report>
			<report>
				<misses>4297001</misses>
				<total>6</total>
				<timestamp>1502.446930</timestamp>
			</report>
			<report>
				<misses>4298001</misses>
				<total>6</total>
				<timestamp>1502.796602</timestamp>
			</report>
			<report>
				<misses>4299001</misses>
				<total>6</total>
				<timestamp>1503.146272</timestamp>
			</report>
			<report>
				<misses>4300001</misses>
				<total>6</total>
				<timestamp>1503.495907</timestamp>
			</report>
			<report>
				<misses>4301001</misses>
				<total>6</total>
				<timestamp>1503.845554</timestamp>
			</report>
			<report>
				<misses>4302001</misses>
				<total>6</total>
				<timestamp>1504.195182</timestamp>
			</report>
			<report>
				<misses>4303001</misses>
				<total>6</total>
				<timestamp>1504.544841</timestamp>
			</report>
			<report>
				<misses>4304001</misses>
				<total>6</total>
				<timestamp>1504.894473</timestamp>
			</report>
			<report>
				<misses>4305001</misses>
				<total>6</total>
				<timestamp>1505.244134</timestamp>
			</report>
			<report>
				<misses>4306001</misses>
				<total>6</total>
				<timestamp>1505.593799</timestamp>
			</report>
			<report>
				<misses>4307001</misses>
				<total>6</total>
				<timestamp>1505.943424</timestamp>
			</report>
			<report>
				<misses>4308001</misses>
				<total>6</total>
				<timestamp>1506.293113</timestamp>
			</report>
			<report>
				<misses>4309001</misses>
				<total>6</total>
				<timestamp>1506.642801</timestamp>
			</report>
			<report>
				<misses>4310001</misses>
				<total>6</total>
				<timestamp>1506.992379</timestamp>
			</report>
			<report>
				<misses>4311001</misses>
				<total>6</total>
				<timestamp>1507.342132</timestamp>
			</report>
			<report>
				<misses>4312001</misses>
				<total>6</total>
				<timestamp>1507.691698</timestamp>
			</report>
			<report>
				<misses>4313001</misses>
				<total>6</total>
				<timestamp>1508.041358</timestamp>
			</report>
			<report>
				<misses>4314001</misses>
				<total>6</total>
				<timestamp>1508.390992</timestamp>
			</report>
			<report>
				<misses>4315001</misses>
				<total>6</total>
				<timestamp>1508.740659</timestamp>
			</report>
			<report>
				<misses>4316001</misses>
				<total>6</total>
				<timestamp>1509.090292</timestamp>
			</report>
			<report>
				<misses>4317001</misses>
				<total>6</total>
				<timestamp>1509.439925</timestamp>
			</report>
			<report>
				<misses>4318001</misses>
				<total>6</total>
				<timestamp>1509.789582</timestamp>
			</report>
			<report>
				<misses>4319001</misses>
				<total>6</total>
				<timestamp>1510.139266</timestamp>
			</report>
			<report>
				<misses>4320001</misses>
				<total>6</total>
				<timestamp>1510.488938</timestamp>
			</report>
			<report>
				<misses>4321001</misses>
				<total>6</total>
				<timestamp>1510.838537</timestamp>
			</report>
			<report>
				<misses>4322001</misses>
				<total>6</total>
				<timestamp>1511.188202</timestamp>
			</report>
			<report>
				<misses>4323001</misses>
				<total>6</total>
				<timestamp>1511.537865</timestamp>
			</report>
			<report>
				<misses>4324001</misses>
				<total>6</total>
				<timestamp>1511.887492</timestamp>
			</report>
			<report>
				<misses>4325001</misses>
				<total>6</total>
				<timestamp>1512.237154</timestamp>
			</report>
			<report>
				<misses>4326001</misses>
				<total>6</total>
				<timestamp>1512.586820</timestamp>
			</report>
			<report>
				<misses>4327001</misses>
				<total>6</total>
				<timestamp>1512.936423</timestamp>
			</report>
			<report>
				<misses>4328001</misses>
				<total>6</total>
				<timestamp>1513.286122</timestamp>
			</report>
			<report>
				<misses>4329001</misses>
				<total>6</total>
				<timestamp>1513.635720</timestamp>
			</report>
			<report>
				<misses>4330001</misses>
				<total>6</total>
				<timestamp>1513.985370</timestamp>
			</report>
			<report>
				<misses>4331001</misses>
				<total>6</total>
				<timestamp>1514.335113</timestamp>
			</report>
			<report>
				<misses>4332001</misses>
				<total>6</total>
				<timestamp>1514.684694</timestamp>
			</report>
			<report>
				<misses>4333001</misses>
				<total>6</total>
				<timestamp>1515.034337</timestamp>
			</report>
			<report>
				<misses>4334001</misses>
				<total>6</total>
				<timestamp>1515.384048</timestamp>
			</report>
			<report>
				<misses>4335001</misses>
				<total>6</total>
				<timestamp>1515.733622</timestamp>
			</report>
			<report>
				<misses>4336001</misses>
				<total>6</total>
				<timestamp>1516.083273</timestamp>
			</report>
			<report>
				<misses>4337001</misses>
				<total>6</total>
				<timestamp>1516.432968</timestamp>
			</report>
			<report>
				<misses>4338001</misses>
				<total>6</total>
				<timestamp>1516.782578</timestamp>
			</report>
			<report>
				<misses>4339001</misses>
				<total>6</total>
				<timestamp>1517.132232</timestamp>
			</report>
			<report>
				<misses>4340001</misses>
				<total>6</total>
				<timestamp>1517.481932</timestamp>
			</report>
			<report>
				<misses>4341001</misses>
				<total>6</total>
				<timestamp>1517.831537</timestamp>
			</report>
			<report>
				<misses>4342001</misses>
				<total>6</total>
				<timestamp>1518.181240</timestamp>
			</report>
			<report>
				<misses>4343001</misses>
				<total>6</total>
				<timestamp>1518.530868</timestamp>
			</report>
			<report>
				<misses>4344001</misses>
				<total>6</total>
				<timestamp>1518.880469</timestamp>
			</report>
			<report>
				<misses>4345001</misses>
				<total>6</total>
				<timestamp>1519.230143</timestamp>
			</report>
			<report>
				<misses>4346001</misses>
				<total>6</total>
				<timestamp>1519.579792</timestamp>
			</report>
			<report>
				<misses>4347001</misses>
				<total>6</total>
				<timestamp>1519.929437</timestamp>
			</report>
			<report>
				<misses>4348001</misses>
				<total>6</total>
				<timestamp>1520.279138</timestamp>
			</report>
			<report>
				<misses>4349001</misses>
				<total>6</total>
				<timestamp>1520.628752</timestamp>
			</report>
			<report>
				<misses>4350001</misses>
				<total>6</total>
				<timestamp>1520.978382</timestamp>
			</report>
			<report>
				<misses>4351001</misses>
				<total>6</total>
				<timestamp>1521.328090</timestamp>
			</report>
			<report>
				<misses>4352001</misses>
				<total>6</total>
				<timestamp>1521.677673</timestamp>
			</report>
			<report>
				<misses>4353001</misses>
				<total>6</total>
				<timestamp>1522.027323</timestamp>
			</report>
			<report>
				<misses>4354001</misses>
				<total>6</total>
				<timestamp>1522.376977</timestamp>
			</report>
			<report>
				<misses>4355001</misses>
				<total>6</total>
				<timestamp>1522.726628</timestamp>
			</report>
			<report>
				<misses>4356001</misses>
				<total>6</total>
				<timestamp>1523.076302</timestamp>
			</report>
			<report>
				<misses>4357001</misses>
				<total>6</total>
				<timestamp>1523.425992</timestamp>
			</report>
			<report>
				<misses>4358001</misses>
				<total>6</total>
				<timestamp>1523.775577</timestamp>
			</report>
			<report>
				<misses>4359001</misses>
				<total>6</total>
				<timestamp>1524.125231</timestamp>
			</report>
			<report>
				<misses>4360001</misses>
				<total>6</total>
				<timestamp>1524.474885</timestamp>
			</report>
			<report>
				<misses>4361001</misses>
				<total>6</total>
				<timestamp>1524.824536</timestamp>
			</report>
			<report>
				<misses>4362001</misses>
				<total>6</total>
				<timestamp>1525.174181</timestamp>
			</report>
			<report>
				<misses>4363001</misses>
				<total>6</total>
				<timestamp>1525.523837</timestamp>
			</report>
			<report>
				<misses>4364001</misses>
				<total>6</total>
				<timestamp>1525.873498</timestamp>
			</report>
			<report>
				<misses>4365001</misses>
				<total>6</total>
				<timestamp>1526.223216</timestamp>
			</report>
			<report>
				<misses>4366001</misses>
				<total>6</total>
				<timestamp>1526.572777</timestamp>
			</report>
			<report>
				<misses>4367001</misses>
				<total>6</total>
				<timestamp>1526.922434</timestamp>
			</report>
			<report>
				<misses>4368001</misses>
				<total>6</total>
				<timestamp>1527.272123</timestamp>
			</report>
			<report>
				<misses>4369001</misses>
				<total>6</total>
				<timestamp>1527.621733</timestamp>
			</report>
			<report>
				<misses>4370001</misses>
				<total>6</total>
				<timestamp>1527.971433</timestamp>
			</report>
			<report>
				<misses>4371001</misses>
				<total>6</total>
				<timestamp>1528.321095</timestamp>
			</report>
			<report>
				<misses>4372001</misses>
				<total>6</total>
				<timestamp>1528.670674</timestamp>
			</report>
			<report>
				<misses>4373001</misses>
				<total>6</total>
				<timestamp>1529.020339</timestamp>
			</report>
			<report>
				<misses>4374001</misses>
				<total>6</total>
				<timestamp>1529.370009</timestamp>
			</report>
			<report>
				<misses>4375001</misses>
				<total>6</total>
				<timestamp>1529.719694</timestamp>
			</report>
			<report>
				<misses>4376001</misses>
				<total>6</total>
				<timestamp>1530.069276</timestamp>
			</report>
			<report>
				<misses>4377001</misses>
				<total>6</total>
				<timestamp>1530.418949</timestamp>
			</report>
			<report>
				<misses>4378001</misses>
				<total>6</total>
				<timestamp>1530.768603</timestamp>
			</report>
			<report>
				<misses>4379001</misses>
				<total>6</total>
				<timestamp>1531.118245</timestamp>
			</report>
			<report>
				<misses>4380001</misses>
				<total>6</total>
				<timestamp>1531.467916</timestamp>
			</report>
			<report>
				<misses>4381001</misses>
				<total>6</total>
				<timestamp>1531.817528</timestamp>
			</report>
			<report>
				<misses>4382001</misses>
				<total>6</total>
				<timestamp>1532.167175</timestamp>
			</report>
			<report>
				<misses>4383001</misses>
				<total>6</total>
				<timestamp>1532.516830</timestamp>
			</report>
			<report>
				<misses>4384001</misses>
				<total>6</total>
				<timestamp>1532.866481</timestamp>
			</report>
			<report>
				<misses>4385001</misses>
				<total>6</total>
				<timestamp>1533.216166</timestamp>
			</report>
			<report>
				<misses>4386001</misses>
				<total>6</total>
				<timestamp>1533.565821</timestamp>
			</report>
			<report>
				<misses>4387001</misses>
				<total>6</total>
				<timestamp>1533.915439</timestamp>
			</report>
			<report>
				<misses>4388001</misses>
				<total>6</total>
				<timestamp>1534.265127</timestamp>
			</report>
			<report>
				<misses>4389001</misses>
				<total>6</total>
				<timestamp>1534.614724</timestamp>
			</report>
			<report>
				<misses>4390001</misses>
				<total>6</total>
				<timestamp>1534.964388</timestamp>
			</report>
			<report>
				<misses>4391001</misses>
				<total>6</total>
				<timestamp>1535.314060</timestamp>
			</report>
			<report>
				<misses>4392001</misses>
				<total>6</total>
				<timestamp>1535.663695</timestamp>
			</report>
			<report>
				<misses>4393001</misses>
				<total>6</total>
				<timestamp>1536.013331</timestamp>
			</report>
			<report>
				<misses>4394001</misses>
				<total>6</total>
				<timestamp>1536.362993</timestamp>
			</report>
			<report>
				<misses>4395001</misses>
				<total>6</total>
				<timestamp>1536.712655</timestamp>
			</report>
			<report>
				<misses>4396001</misses>
				<total>6</total>
				<timestamp>1537.062302</timestamp>
			</report>
			<report>
				<misses>4397001</misses>
				<total>6</total>
				<timestamp>1537.411961</timestamp>
			</report>
			<report>
				<misses>4398001</misses>
				<total>6</total>
				<timestamp>1537.761588</timestamp>
			</report>
			<report>
				<misses>4399001</misses>
				<total>6</total>
				<timestamp>1538.111240</timestamp>
			</report>
			<report>
				<misses>4400001</misses>
				<total>6</total>
				<timestamp>1538.460913</timestamp>
			</report>
			<report>
				<misses>4401001</misses>
				<total>6</total>
				<timestamp>1538.810562</timestamp>
			</report>
			<report>
				<misses>4402001</misses>
				<total>6</total>
				<timestamp>1539.160200</timestamp>
			</report>
			<report>
				<misses>4403001</misses>
				<total>6</total>
				<timestamp>1539.509833</timestamp>
			</report>
			<report>
				<misses>4404001</misses>
				<total>6</total>
				<timestamp>1539.859490</timestamp>
			</report>
			<report>
				<misses>4405001</misses>
				<total>6</total>
				<timestamp>1540.209124</timestamp>
			</report>
			<report>
				<misses>4406001</misses>
				<total>6</total>
				<timestamp>1540.558840</timestamp>
			</report>
			<report>
				<misses>4407001</misses>
				<total>6</total>
				<timestamp>1540.908433</timestamp>
			</report>
			<report>
				<misses>4408001</misses>
				<total>6</total>
				<timestamp>1541.258104</timestamp>
			</report>
			<report>
				<misses>4409001</misses>
				<total>6</total>
				<timestamp>1541.607722</timestamp>
			</report>
			<report>
				<misses>4410001</misses>
				<total>6</total>
				<timestamp>1541.957380</timestamp>
			</report>
			<report>
				<misses>4411001</misses>
				<total>6</total>
				<timestamp>1542.307086</timestamp>
			</report>
			<report>
				<misses>4412001</misses>
				<total>6</total>
				<timestamp>1542.656690</timestamp>
			</report>
			<report>
				<misses>4413001</misses>
				<total>6</total>
				<timestamp>1543.006334</timestamp>
			</report>
			<report>
				<misses>4414001</misses>
				<total>6</total>
				<timestamp>1543.355999</timestamp>
			</report>
			<report>
				<misses>4415001</misses>
				<total>6</total>
				<timestamp>1543.705626</timestamp>
			</report>
			<report>
				<misses>4416001</misses>
				<total>6</total>
				<timestamp>1544.055290</timestamp>
			</report>
			<report>
				<misses>4417001</misses>
				<total>6</total>
				<timestamp>1544.404965</timestamp>
			</report>
			<report>
				<misses>4418001</misses>
				<total>6</total>
				<timestamp>1544.754603</timestamp>
			</report>
			<report>
				<misses>4419001</misses>
				<total>6</total>
				<timestamp>1545.104250</timestamp>
			</report>
			<report>
				<misses>4420001</misses>
				<total>6</total>
				<timestamp>1545.453936</timestamp>
			</report>
			<report>
				<misses>4421001</misses>
				<total>6</total>
				<timestamp>1545.803537</timestamp>
			</report>
			<report>
				<misses>4422001</misses>
				<total>6</total>
				<timestamp>1546.153205</timestamp>
			</report>
			<report>
				<misses>4423001</misses>
				<total>6</total>
				<timestamp>1546.502836</timestamp>
			</report>
			<report>
				<misses>4424001</misses>
				<total>6</total>
				<timestamp>1546.852494</timestamp>
			</report>
			<report>
				<misses>4425001</misses>
				<total>6</total>
				<timestamp>1547.202155</timestamp>
			</report>
			<report>
				<misses>4426001</misses>
				<total>6</total>
				<timestamp>1547.551890</timestamp>
			</report>
			<report>
				<misses>4427001</misses>
				<total>6</total>
				<timestamp>1547.901460</timestamp>
			</report>
			<report>
				<misses>4428001</misses>
				<total>6</total>
				<timestamp>1548.251125</timestamp>
			</report>
			<report>
				<misses>4429001</misses>
				<total>6</total>
				<timestamp>1548.600783</timestamp>
			</report>
			<report>
				<misses>4430001</misses>
				<total>6</total>
				<timestamp>1548.950425</timestamp>
			</report>
			<report>
				<misses>4431001</misses>
				<total>6</total>
				<timestamp>1549.300032</timestamp>
			</report>
			<report>
				<misses>4432001</misses>
				<total>6</total>
				<timestamp>1549.649681</timestamp>
			</report>
			<report>
				<misses>4433001</misses>
				<total>6</total>
				<timestamp>1549.999356</timestamp>
			</report>
			<report>
				<misses>4434001</misses>
				<total>6</total>
				<timestamp>1550.349014</timestamp>
			</report>
			<report>
				<misses>4435001</misses>
				<total>6</total>
				<timestamp>1550.698678</timestamp>
			</report>
			<report>
				<misses>4436001</misses>
				<total>6</total>
				<timestamp>1551.048275</timestamp>
			</report>
			<report>
				<misses>4437001</misses>
				<total>6</total>
				<timestamp>1551.397930</timestamp>
			</report>
			<report>
				<misses>4438001</misses>
				<total>6</total>
				<timestamp>1551.747629</timestamp>
			</report>
			<report>
				<misses>4439001</misses>
				<total>6</total>
				<timestamp>1552.097251</timestamp>
			</report>
			<report>
				<misses>4440001</misses>
				<total>6</total>
				<timestamp>1552.446892</timestamp>
			</report>
			<report>
				<misses>4441001</misses>
				<total>6</total>
				<timestamp>1552.796534</timestamp>
			</report>
			<report>
				<misses>4442001</misses>
				<total>6</total>
				<timestamp>1553.146179</timestamp>
			</report>
			<report>
				<misses>4443001</misses>
				<total>6</total>
				<timestamp>1553.495878</timestamp>
			</report>
			<report>
				<misses>4444001</misses>
				<total>6</total>
				<timestamp>1553.845498</timestamp>
			</report>
			<report>
				<misses>4445001</misses>
				<total>6</total>
				<timestamp>1554.195161</timestamp>
			</report>
			<report>
				<misses>4446001</misses>
				<total>6</total>
				<timestamp>1554.544828</timestamp>
			</report>
			<report>
				<misses>4447001</misses>
				<total>6</total>
				<timestamp>1554.894440</timestamp>
			</report>
			<report>
				<misses>4448001</misses>
				<total>6</total>
				<timestamp>1555.244152</timestamp>
			</report>
			<report>
				<misses>4449001</misses>
				<total>6</total>
				<timestamp>1555.593759</timestamp>
			</report>
			<report>
				<misses>4450001</misses>
				<total>6</total>
				<timestamp>1555.943379</timestamp>
			</report>
			<report>
				<misses>4451001</misses>
				<total>6</total>
				<timestamp>1556.293027</timestamp>
			</report>
			<report>
				<misses>4452001</misses>
				<total>6</total>
				<timestamp>1556.642701</timestamp>
			</report>
			<report>
				<misses>4453001</misses>
				<total>6</total>
				<timestamp>1556.992358</timestamp>
			</report>
			<report>
				<misses>4454001</misses>
				<total>6</total>
				<timestamp>1557.341992</timestamp>
			</report>
			<report>
				<misses>4455001</misses>
				<total>6</total>
				<timestamp>1557.691637</timestamp>
			</report>
			<report>
				<misses>4456001</misses>
				<total>6</total>
				<timestamp>1558.041297</timestamp>
			</report>
			<report>
				<misses>4457001</misses>
				<total>6</total>
				<timestamp>1558.390950</timestamp>
			</report>
			<report>
				<misses>4458001</misses>
				<total>6</total>
				<timestamp>1558.740583</timestamp>
			</report>
			<report>
				<misses>4459001</misses>
				<total>6</total>
				<timestamp>1559.090226</timestamp>
			</report>
			<report>
				<misses>4460001</misses>
				<total>6</total>
				<timestamp>1559.439896</timestamp>
			</report>
			<report>
				<misses>4461001</misses>
				<total>6</total>
				<timestamp>1559.789581</timestamp>
			</report>
			<report>
				<misses>4462001</misses>
				<total>6</total>
				<timestamp>1560.139170</timestamp>
			</report>
			<report>
				<misses>4463001</misses>
				<total>6</total>
				<timestamp>1560.488838</timestamp>
			</report>
			<report>
				<misses>4464001</misses>
				<total>6</total>
				<timestamp>1560.838524</timestamp>
			</report>
			<report>
				<misses>4465001</misses>
				<total>6</total>
				<timestamp>1561.188144</timestamp>
			</report>
			<report>
				<misses>4466001</misses>
				<total>6</total>
				<timestamp>1561.537828</timestamp>
			</report>
			<report>
				<misses>4467001</misses>
				<total>6</total>
				<timestamp>1561.887452</timestamp>
			</report>
			<report>
				<misses>4468001</misses>
				<total>6</total>
				<timestamp>1562.237098</timestamp>
			</report>
			<report>
				<misses>4469001</misses>
				<total>6</total>
				<timestamp>1562.586742</timestamp>
			</report>
			<report>
				<misses>4470001</misses>
				<total>6</total>
				<timestamp>1562.936395</timestamp>
			</report>
			<report>
				<misses>4471001</misses>
				<total>6</total>
				<timestamp>1563.286035</timestamp>
			</report>
			<report>
				<misses>4472001</misses>
				<total>6</total>
				<timestamp>1563.635713</timestamp>
			</report>
			<report>
				<misses>4473001</misses>
				<total>6</total>
				<timestamp>1563.985337</timestamp>
			</report>
			<report>
				<misses>4474001</misses>
				<total>6</total>
				<timestamp>1564.334975</timestamp>
			</report>
			<report>
				<misses>4475001</misses>
				<total>6</total>
				<timestamp>1564.684671</timestamp>
			</report>
			<report>
				<misses>4476001</misses>
				<total>6</total>
				<timestamp>1565.034345</timestamp>
			</report>
			<report>
				<misses>4477001</misses>
				<total>6</total>
				<timestamp>1565.383963</timestamp>
			</report>
			<report>
				<misses>4478001</misses>
				<total>6</total>
				<timestamp>1565.733584</timestamp>
			</report>
			<report>
				<misses>4479001</misses>
				<total>6</total>
				<timestamp>1566.083234</timestamp>
			</report>
			<report>
				<misses>4480001</misses>
				<total>6</total>
				<timestamp>1566.432903</timestamp>
			</report>
			<report>
				<misses>4481001</misses>
				<total>6</total>
				<timestamp>1566.782528</timestamp>
			</report>
			<report>
				<misses>4482001</misses>
				<total>6</total>
				<timestamp>1567.132183</timestamp>
			</report>
			<report>
				<misses>4483001</misses>
				<total>6</total>
				<timestamp>1567.481847</timestamp>
			</report>
			<report>
				<misses>4484001</misses>
				<total>6</total>
				<timestamp>1567.831489</timestamp>
			</report>
			<report>
				<misses>4485001</misses>
				<total>6</total>
				<timestamp>1568.181150</timestamp>
			</report>
			<report>
				<misses>4486001</misses>
				<total>6</total>
				<timestamp>1568.530816</timestamp>
			</report>
			<report>
				<misses>4487001</misses>
				<total>6</total>
				<timestamp>1568.880423</timestamp>
			</report>
			<report>
				<misses>4488001</misses>
				<total>6</total>
				<timestamp>1569.230105</timestamp>
			</report>
			<report>
				<misses>4489001</misses>
				<total>6</total>
				<timestamp>1569.579775</timestamp>
			</report>
			<report>
				<misses>4490001</misses>
				<total>6</total>
				<timestamp>1569.929384</timestamp>
			</report>
			<report>
				<misses>4491001</misses>
				<total>6</total>
				<timestamp>1570.279032</timestamp>
			</report>
			<report>
				<misses>4492001</misses>
				<total>6</total>
				<timestamp>1570.628730</timestamp>
			</report>
			<report>
				<misses>4493001</misses>
				<total>6</total>
				<timestamp>1570.978368</timestamp>
			</report>
			<report>
				<misses>4494001</misses>
				<total>6</total>
				<timestamp>1571.328025</timestamp>
			</report>
			<report>
				<misses>4495001</misses>
				<total>6</total>
				<timestamp>1571.677726</timestamp>
			</report>
			<report>
				<misses>4496001</misses>
				<total>6</total>
				<timestamp>1572.027278</timestamp>
			</report>
			<report>
				<misses>4497001</misses>
				<total>6</total>
				<timestamp>1572.376954</timestamp>
			</report>
			<report>
				<misses>4498001</misses>
				<total>6</total>
				<timestamp>1572.726587</timestamp>
			</report>
			<report>
				<misses>4499001</misses>
				<total>6</total>
				<timestamp>1573.076223</timestamp>
			</report>
			<report>
				<misses>4500001</misses>
				<total>6</total>
				<timestamp>1573.425908</timestamp>
			</report>
			<report>
				<misses>4501001</misses>
				<total>6</total>
				<timestamp>1573.775548</timestamp>
			</report>
			<report>
				<misses>4502001</misses>
				<total>6</total>
				<timestamp>1574.125197</timestamp>
			</report>
			<report>
				<misses>4503001</misses>
				<total>6</total>
				<timestamp>1574.474855</timestamp>
			</report>
			<report>
				<misses>4504001</misses>
				<total>6</total>
				<timestamp>1574.824487</timestamp>
			</report>
			<report>
				<misses>4505001</misses>
				<total>6</total>
				<timestamp>1575.174168</timestamp>
			</report>
			<report>
				<misses>4506001</misses>
				<total>6</total>
				<timestamp>1575.523779</timestamp>
			</report>
			<report>
				<misses>4507001</misses>
				<total>6</total>
				<timestamp>1575.873446</timestamp>
			</report>
			<report>
				<misses>4508001</misses>
				<total>6</total>
				<timestamp>1576.223094</timestamp>
			</report>
			<report>
				<misses>4509001</misses>
				<total>6</total>
				<timestamp>1576.572740</timestamp>
			</report>
			<report>
				<misses>4510001</misses>
				<total>6</total>
				<timestamp>1576.922381</timestamp>
			</report>
			<report>
				<misses>4511001</misses>
				<total>6</total>
				<timestamp>1577.272041</timestamp>
			</report>
			<report>
				<misses>4512001</misses>
				<total>6</total>
				<timestamp>1577.621710</timestamp>
			</report>
			<report>
				<misses>4513001</misses>
				<total>6</total>
				<timestamp>1577.971333</timestamp>
			</report>
			<report>
				<misses>4514001</misses>
				<total>6</total>
				<timestamp>1578.320981</timestamp>
			</report>
			<report>
				<misses>4515001</misses>
				<total>6</total>
				<timestamp>1578.670682</timestamp>
			</report>
			<report>
				<misses>4516001</misses>
				<total>6</total>
				<timestamp>1579.020282</timestamp>
			</report>
			<report>
				<misses>4517001</misses>
				<total>6</total>
				<timestamp>1579.369968</timestamp>
			</report>
			<report>
				<misses>4518001</misses>
				<total>6</total>
				<timestamp>1579.719586</timestamp>
			</report>
			<report>
				<misses>4519001</misses>
				<total>6</total>
				<timestamp>1580.069249</timestamp>
			</report>
			<report>
				<misses>4520001</misses>
				<total>6</total>
				<timestamp>1580.418915</timestamp>
			</report>
			<report>
				<misses>4521001</misses>
				<total>6</total>
				<timestamp>1580.768546</timestamp>
			</report>
			<report>
				<misses>4522001</misses>
				<total>6</total>
				<timestamp>1581.118190</timestamp>
			</report>
			<report>
				<misses>4523001</misses>
				<total>6</total>
				<timestamp>1581.467840</timestamp>
			</report>
			<report>
				<misses>4524001</misses>
				<total>6</total>
				<timestamp>1581.817471</timestamp>
			</report>
			<report>
				<misses>4525001</misses>
				<total>6</total>
				<timestamp>1582.167152</timestamp>
			</report>
			<report>
				<misses>4526001</misses>
				<total>6</total>
				<timestamp>1582.516800</timestamp>
			</report>
			<report>
				<misses>4527001</misses>
				<total>6</total>
				<timestamp>1582.866419</timestamp>
			</report>
			<report>
				<misses>4528001</misses>
				<total>6</total>
				<timestamp>1583.216083</timestamp>
			</report>
			<report>
				<misses>4529001</misses>
				<total>6</total>
				<timestamp>1583.565757</timestamp>
			</report>
			<report>
				<misses>4530001</misses>
				<total>6</total>
				<timestamp>1583.915415</timestamp>
			</report>
			<report>
				<misses>4531001</misses>
				<total>6</total>
				<timestamp>1584.265047</timestamp>
			</report>
			<report>
				<misses>4532001</misses>
				<total>6</total>
				<timestamp>1584.614682</timestamp>
			</report>
			<report>
				<misses>4533001</misses>
				<total>6</total>
				<timestamp>1584.964327</timestamp>
			</report>
			<report>
				<misses>4534001</misses>
				<total>6</total>
				<timestamp>1585.313989</timestamp>
			</report>
			<report>
				<misses>4535001</misses>
				<total>6</total>
				<timestamp>1585.663653</timestamp>
			</report>
			<report>
				<misses>4536001</misses>
				<total>6</total>
				<timestamp>1586.013296</timestamp>
			</report>
			<report>
				<misses>4537001</misses>
				<total>6</total>
				<timestamp>1586.362935</timestamp>
			</report>
			<report>
				<misses>4538001</misses>
				<total>6</total>
				<timestamp>1586.712602</timestamp>
			</report>
			<report>
				<misses>4539001</misses>
				<total>6</total>
				<timestamp>1587.062242</timestamp>
			</report>
			<report>
				<misses>4540001</misses>
				<total>6</total>
				<timestamp>1587.411907</timestamp>
			</report>
			<report>
				<misses>4541001</misses>
				<total>6</total>
				<timestamp>1587.761548</timestamp>
			</report>
			<report>
				<misses>4542001</misses>
				<total>6</total>
				<timestamp>1588.111222</timestamp>
			</report>
			<report>
				<misses>4543001</misses>
				<total>6</total>
				<timestamp>1588.460840</timestamp>
			</report>
			<report>
				<misses>4544001</misses>
				<total>6</total>
				<timestamp>1588.810526</timestamp>
			</report>
			<report>
				<misses>4545001</misses>
				<total>6</total>
				<timestamp>1589.160167</timestamp>
			</report>
			<report>
				<misses>4546001</misses>
				<total>6</total>
				<timestamp>1589.509793</timestamp>
			</report>
			<report>
				<misses>4547001</misses>
				<total>6</total>
				<timestamp>1589.859442</timestamp>
			</report>
			<report>
				<misses>4548001</misses>
				<total>6</total>
				<timestamp>1590.209113</timestamp>
			</report>
			<report>
				<misses>4549001</misses>
				<total>6</total>
				<timestamp>1590.558740</timestamp>
			</report>
			<report>
				<misses>4550001</misses>
				<total>6</total>
				<timestamp>1590.908375</timestamp>
			</report>
			<report>
				<misses>4551001</misses>
				<total>6</total>
				<timestamp>1591.258031</timestamp>
			</report>
			<report>
				<misses>4552001</misses>
				<total>7</total>
				<timestamp>1591.607712</timestamp>
			</report>
			<report>
				<misses>4553001</misses>
				<total>7</total>
				<timestamp>1591.957346</timestamp>
			</report>
			<report>
				<misses>4554001</misses>
				<total>7</total>
				<timestamp>1592.306981</timestamp>
			</report>
			<report>
				<misses>4555001</misses>
				<total>7</total>
				<timestamp>1592.656660</timestamp>
			</report>
			<report>
				<misses>4556001</misses>
				<total>7</total>
				<timestamp>1593.006280</timestamp>
			</report>
			<report>
				<misses>4557001</misses>
				<total>7</total>
				<timestamp>1593.355962</timestamp>
			</report>
			<report>
				<misses>4558001</misses>
				<total>7</total>
				<timestamp>1593.705616</timestamp>
			</report>
			<report>
				<misses>4559001</misses>
				<total>7</total>
				<timestamp>1594.055242</timestamp>
			</report>
			<report>
				<misses>4560001</misses>
				<total>7</total>
				<timestamp>1594.404885</timestamp>
			</report>
			<report>
				<misses>4561001</misses>
				<total>7</total>
				<timestamp>1594.754559</timestamp>
			</report>
			<report>
				<misses>4562001</misses>
				<total>7</total>
				<timestamp>1595.104182</timestamp>
			</report>
			<report>
				<misses>4563001</misses>
				<total>7</total>
				<timestamp>1595.453839</timestamp>
			</report>
			<report>
				<misses>4564001</misses>
				<total>7</total>
				<timestamp>1595.803494</timestamp>
			</report>
			<report>
				<misses>4565001</misses>
				<total>7</total>
				<timestamp>1596.153129</timestamp>
			</report>
			<report>
				<misses>4566001</misses>
				<total>7</total>
				<timestamp>1596.502784</timestamp>
			</report>
			<report>
				<misses>4567001</misses>
				<total>7</total>
				<timestamp>1596.852411</timestamp>
			</report>
			<report>
				<misses>4568001</misses>
				<total>7</total>
				<timestamp>1597.202106</timestamp>
			</report>
			<report>
				<misses>4569001</misses>
				<total>7</total>
				<timestamp>1597.551767</timestamp>
			</report>
			<report>
				<misses>4570001</misses>
				<total>7</total>
				<timestamp>1597.901395</timestamp>
			</report>
			<report>
				<misses>4571001</misses>
				<total>7</total>
				<timestamp>1598.251034</timestamp>
			</report>
			<report>
				<misses>4572001</misses>
				<total>7</total>
				<timestamp>1598.600727</timestamp>
			</report>
			<report>
				<misses>4573001</misses>
				<total>7</total>
				<timestamp>1598.950343</timestamp>
			</report>
			<report>
				<misses>4574001</misses>
				<total>7</total>
				<timestamp>1599.299999</timestamp>
			</report>
			<report>
				<misses>4575001</misses>
				<total>7</total>
				<timestamp>1599.649671</timestamp>
			</report>
			<report>
				<misses>4576001</misses>
				<total>7</total>
				<timestamp>1599.999299</timestamp>
			</report>
			<report>
				<misses>4577001</misses>
				<total>7</total>
				<timestamp>1600.348924</timestamp>
			</report>
			<report>
				<misses>4578001</misses>
				<total>7</total>
				<timestamp>1600.698622</timestamp>
			</report>
			<report>
				<misses>4579001</misses>
				<total>7</total>
				<timestamp>1601.048254</timestamp>
			</report>
			<report>
				<misses>4580001</misses>
				<total>8</total>
				<timestamp>1601.397915</timestamp>
			</report>
			<report>
				<misses>4581001</misses>
				<total>8</total>
				<timestamp>1601.747566</timestamp>
			</report>
			<report>
				<misses>4582001</misses>
				<total>8</total>
				<timestamp>1602.097195</timestamp>
			</report>
			<report>
				<misses>4583001</misses>
				<total>8</total>
				<timestamp>1602.446840</timestamp>
			</report>
			<report>
				<misses>4584001</misses>
				<total>8</total>
				<timestamp>1602.796534</timestamp>
			</report>
			<report>
				<misses>4585001</misses>
				<total>8</total>
				<timestamp>1603.146140</timestamp>
			</report>
			<report>
				<misses>4586001</misses>
				<total>8</total>
				<timestamp>1603.495783</timestamp>
			</report>
			<report>
				<misses>4587001</misses>
				<total>8</total>
				<timestamp>1603.845435</timestamp>
			</report>
			<report>
				<misses>4588001</misses>
				<total>8</total>
				<timestamp>1604.195094</timestamp>
			</report>
			<report>
				<misses>4589001</misses>
				<total>8</total>
				<timestamp>1604.544739</timestamp>
			</report>
			<report>
				<misses>4590001</misses>
				<total>8</total>
				<timestamp>1604.894430</timestamp>
			</report>
			<report>
				<misses>4591001</misses>
				<total>8</total>
				<timestamp>1605.244045</timestamp>
			</report>
			<report>
				<misses>4592001</misses>
				<total>8</total>
				<timestamp>1605.593687</timestamp>
			</report>
			<report>
				<misses>4593001</misses>
				<total>8</total>
				<timestamp>1605.943335</timestamp>
			</report>
			<report>
				<misses>4594001</misses>
				<total>8</total>
				<timestamp>1606.292981</timestamp>
			</report>
			<report>
				<misses>4595001</misses>
				<total>8</total>
				<timestamp>1606.642645</timestamp>
			</report>
			<report>
				<misses>4596001</misses>
				<total>8</total>
				<timestamp>1606.992322</timestamp>
			</report>
			<report>
				<misses>4597001</misses>
				<total>8</total>
				<timestamp>1607.341930</timestamp>
			</report>
			<report>
				<misses>4598001</misses>
				<total>8</total>
				<timestamp>1607.691612</timestamp>
			</report>
			<report>
				<misses>4599001</misses>
				<total>8</total>
				<timestamp>1608.041267</timestamp>
			</report>
			<report>
				<misses>4600001</misses>
				<total>8</total>
				<timestamp>1608.390910</timestamp>
			</report>
			<report>
				<misses>4601001</misses>
				<total>8</total>
				<timestamp>1608.740571</timestamp>
			</report>
			<report>
				<misses>4602001</misses>
				<total>8</total>
				<timestamp>1609.090175</timestamp>
			</report>
			<report>
				<misses>4603001</misses>
				<total>8</total>
				<timestamp>1609.439843</timestamp>
			</report>
			<report>
				<misses>4604001</misses>
				<total>8</total>
				<timestamp>1609.789571</timestamp>
			</report>
			<report>
				<misses>4605001</misses>
				<total>8</total>
				<timestamp>1610.139143</timestamp>
			</report>
			<report>
				<misses>4606001</misses>
				<total>8</total>
				<timestamp>1610.488804</timestamp>
			</report>
			<report>
				<misses>4607001</misses>
				<total>8</total>
				<timestamp>1610.838458</timestamp>
			</report>
			<report>
				<misses>4608001</misses>
				<total>8</total>
				<timestamp>1611.188097</timestamp>
			</report>
			<report>
				<misses>4609001</misses>
				<total>8</total>
				<timestamp>1611.537743</timestamp>
			</report>
			<report>
				<misses>4610001</misses>
				<total>8</total>
				<timestamp>1611.887403</timestamp>
			</report>
			<report>
				<misses>4611001</misses>
				<total>8</total>
				<timestamp>1612.237035</timestamp>
			</report>
			<report>
				<misses>4612001</misses>
				<total>8</total>
				<timestamp>1612.586673</timestamp>
			</report>
			<report>
				<misses>4613001</misses>
				<total>8</total>
				<timestamp>1612.936329</timestamp>
			</report>
			<report>
				<misses>4614001</misses>
				<total>8</total>
				<timestamp>1613.285991</timestamp>
			</report>
			<report>
				<misses>4615001</misses>
				<total>8</total>
				<timestamp>1613.635627</timestamp>
			</report>
			<report>
				<misses>4616001</misses>
				<total>8</total>
				<timestamp>1613.985284</timestamp>
			</report>
			<report>
				<misses>4617001</misses>
				<total>8</total>
				<timestamp>1614.334950</timestamp>
			</report>
			<report>
				<misses>4618001</misses>
				<total>8</total>
				<timestamp>1614.684682</timestamp>
			</report>
			<report>
				<misses>4619001</misses>
				<total>8</total>
				<timestamp>1615.034235</timestamp>
			</report>
			<report>
				<misses>4620001</misses>
				<total>8</total>
				<timestamp>1615.383892</timestamp>
			</report>
			<report>
				<misses>4621001</misses>
				<total>8</total>
				<timestamp>1615.733550</timestamp>
			</report>
			<report>
				<misses>4622001</misses>
				<total>8</total>
				<timestamp>1616.083185</timestamp>
			</report>
			<report>
				<misses>4623001</misses>
				<total>8</total>
				<timestamp>1616.432837</timestamp>
			</report>
			<report>
				<misses>4624001</misses>
				<total>8</total>
				<timestamp>1616.782512</timestamp>
			</report>
			<report>
				<misses>4625001</misses>
				<total>8</total>
				<timestamp>1617.132124</timestamp>
			</report>
			<report>
				<misses>4626001</misses>
				<total>8</total>
				<timestamp>1617.481803</timestamp>
			</report>
			<report>
				<misses>4627001</misses>
				<total>8</total>
				<timestamp>1617.831500</timestamp>
			</report>
			<report>
				<misses>4628001</misses>
				<total>8</total>
				<timestamp>1618.181107</timestamp>
			</report>
			<report>
				<misses>4629001</misses>
				<total>8</total>
				<timestamp>1618.530735</timestamp>
			</report>
			<report>
				<misses>4630001</misses>
				<total>8</total>
				<timestamp>1618.880411</timestamp>
			</report>
			<report>
				<misses>4631001</misses>
				<total>8</total>
				<timestamp>1619.230025</timestamp>
			</report>
			<report>
				<misses>4632001</misses>
				<total>8</total>
				<timestamp>1619.579677</timestamp>
			</report>
			<report>
				<misses>4633001</misses>
				<total>8</total>
				<timestamp>1619.929378</timestamp>
			</report>
			<report>
				<misses>4634001</misses>
				<total>8</total>
				<timestamp>1620.278984</timestamp>
			</report>
			<report>
				<misses>4635001</misses>
				<total>8</total>
				<timestamp>1620.628624</timestamp>
			</report>
			<report>
				<misses>4636001</misses>
				<total>8</total>
				<timestamp>1620.978300</timestamp>
			</report>
			<report>
				<misses>4637001</misses>
				<total>8</total>
				<timestamp>1621.327976</timestamp>
			</report>
			<report>
				<misses>4638001</misses>
				<total>8</total>
				<timestamp>1621.677627</timestamp>
			</report>
			<report>
				<misses>4639001</misses>
				<total>8</total>
				<timestamp>1622.027222</timestamp>
			</report>
			<report>
				<misses>4640001</misses>
				<total>8</total>
				<timestamp>1622.376883</timestamp>
			</report>
			<report>
				<misses>4641001</misses>
				<total>8</total>
				<timestamp>1622.726547</timestamp>
			</report>
			<report>
				<misses>4642001</misses>
				<total>8</total>
				<timestamp>1623.076181</timestamp>
			</report>
			<report>
				<misses>4643001</misses>
				<total>8</total>
				<timestamp>1623.425847</timestamp>
			</report>
			<report>
				<misses>4644001</misses>
				<total>8</total>
				<timestamp>1623.775533</timestamp>
			</report>
			<report>
				<misses>4645001</misses>
				<total>8</total>
				<timestamp>1624.125149</timestamp>
			</report>
			<report>
				<misses>4646001</misses>
				<total>8</total>
				<timestamp>1624.474837</timestamp>
			</report>
			<report>
				<misses>4647001</misses>
				<total>8</total>
				<timestamp>1624.824459</timestamp>
			</report>
			<report>
				<misses>4648001</misses>
				<total>8</total>
				<timestamp>1625.174116</timestamp>
			</report>
			<report>
				<misses>4649001</misses>
				<total>8</total>
				<timestamp>1625.523792</timestamp>
			</report>
			<report>
				<misses>4650001</misses>
				<total>8</total>
				<timestamp>1625.873426</timestamp>
			</report>
			<report>
				<misses>4651001</misses>
				<total>8</total>
				<timestamp>1626.223045</timestamp>
			</report>
			<report>
				<misses>4652001</misses>
				<total>8</total>
				<timestamp>1626.572702</timestamp>
			</report>
			<report>
				<misses>4653001</misses>
				<total>8</total>
				<timestamp>1626.922353</timestamp>
			</report>
			<report>
				<misses>4654001</misses>
				<total>8</total>
				<timestamp>1627.271984</timestamp>
			</report>
			<report>
				<misses>4655001</misses>
				<total>8</total>
				<timestamp>1627.621658</timestamp>
			</report>
			<report>
				<misses>4656001</misses>
				<total>8</total>
				<timestamp>1627.971391</timestamp>
			</report>
			<report>
				<misses>4657001</misses>
				<total>8</total>
				<timestamp>1628.320940</timestamp>
			</report>
			<report>
				<misses>4658001</misses>
				<total>8</total>
				<timestamp>1628.670567</timestamp>
			</report>
			<report>
				<misses>4659001</misses>
				<total>8</total>
				<timestamp>1629.020253</timestamp>
			</report>
			<report>
				<misses>4660001</misses>
				<total>8</total>
				<timestamp>1629.369892</timestamp>
			</report>
			<report>
				<misses>4661001</misses>
				<total>8</total>
				<timestamp>1629.719537</timestamp>
			</report>
			<report>
				<misses>4662001</misses>
				<total>8</total>
				<timestamp>1630.069209</timestamp>
			</report>
			<report>
				<misses>4663001</misses>
				<total>8</total>
				<timestamp>1630.418839</timestamp>
			</report>
			<report>
				<misses>4664001</misses>
				<total>8</total>
				<timestamp>1630.768491</timestamp>
			</report>
			<report>
				<misses>4665001</misses>
				<total>8</total>
				<timestamp>1631.118140</timestamp>
			</report>
			<report>
				<misses>4666001</misses>
				<total>8</total>
				<timestamp>1631.467803</timestamp>
			</report>
			<report>
				<misses>4667001</misses>
				<total>8</total>
				<timestamp>1631.817479</timestamp>
			</report>
			<report>
				<misses>4668001</misses>
				<total>8</total>
				<timestamp>1632.167101</timestamp>
			</report>
			<report>
				<misses>4669001</misses>
				<total>8</total>
				<timestamp>1632.516751</timestamp>
			</report>
			<report>
				<misses>4670001</misses>
				<total>8</total>
				<timestamp>1632.866409</timestamp>
			</report>
			<report>
				<misses>4671001</misses>
				<total>8</total>
				<timestamp>1633.216034</timestamp>
			</report>
			<report>
				<misses>4672001</misses>
				<total>8</total>
				<timestamp>1633.565749</timestamp>
			</report>
			<report>
				<misses>4673001</misses>
				<total>8</total>
				<timestamp>1633.915359</timestamp>
			</report>
			<report>
				<misses>4674001</misses>
				<total>8</total>
				<timestamp>1634.264984</timestamp>
			</report>
			<report>
				<misses>4675001</misses>
				<total>8</total>
				<timestamp>1634.614652</timestamp>
			</report>
			<report>
				<misses>4676001</misses>
				<total>8</total>
				<timestamp>1634.964335</timestamp>
			</report>
			<report>
				<misses>4677001</misses>
				<total>8</total>
				<timestamp>1635.313925</timestamp>
			</report>
			<report>
				<misses>4678001</misses>
				<total>8</total>
				<timestamp>1635.663596</timestamp>
			</report>
			<report>
				<misses>4679001</misses>
				<total>8</total>
				<timestamp>1636.013232</timestamp>
			</report>
			<report>
				<misses>4680001</misses>
				<total>8</total>
				<timestamp>1636.362889</timestamp>
			</report>
			<report>
				<misses>4681001</misses>
				<total>8</total>
				<timestamp>1636.712566</timestamp>
			</report>
			<report>
				<misses>4682001</misses>
				<total>8</total>
				<timestamp>1637.062215</timestamp>
			</report>
			<report>
				<misses>4683001</misses>
				<total>8</total>
				<timestamp>1637.411838</timestamp>
			</report>
			<report>
				<misses>4684001</misses>
				<total>8</total>
				<timestamp>1637.761486</timestamp>
			</report>
			<report>
				<misses>4685001</misses>
				<total>8</total>
				<timestamp>1638.111118</timestamp>
			</report>
			<report>
				<misses>4686001</misses>
				<total>8</total>
				<timestamp>1638.460800</timestamp>
			</report>
			<report>
				<misses>4687001</misses>
				<total>8</total>
				<timestamp>1638.810471</timestamp>
			</report>
			<report>
				<misses>4688001</misses>
				<total>8</total>
				<timestamp>1639.160087</timestamp>
			</report>
			<report>
				<misses>4689001</misses>
				<total>8</total>
				<timestamp>1639.509765</timestamp>
			</report>
			<report>
				<misses>4690001</misses>
				<total>8</total>
				<timestamp>1639.859427</timestamp>
			</report>
			<report>
				<misses>4691001</misses>
				<total>8</total>
				<timestamp>1640.209054</timestamp>
			</report>
			<report>
				<misses>4692001</misses>
				<total>8</total>
				<timestamp>1640.558679</timestamp>
			</report>
			<report>
				<misses>4693001</misses>
				<total>8</total>
				<timestamp>1640.908371</timestamp>
			</report>
			<report>
				<misses>4694001</misses>
				<total>8</total>
				<timestamp>1641.257982</timestamp>
			</report>
			<report>
				<misses>4695001</misses>
				<total>8</total>
				<timestamp>1641.607671</timestamp>
			</report>
			<report>
				<misses>4696001</misses>
				<total>8</total>
				<timestamp>1641.957334</timestamp>
			</report>
			<report>
				<misses>4697001</misses>
				<total>8</total>
				<timestamp>1642.306930</timestamp>
			</report>
			<report>
				<misses>4698001</misses>
				<total>8</total>
				<timestamp>1642.656591</timestamp>
			</report>
			<report>
				<misses>4699001</misses>
				<total>8</total>
				<timestamp>1643.006326</timestamp>
			</report>
			<report>
				<misses>4700001</misses>
				<total>8</total>
				<timestamp>1643.355884</timestamp>
			</report>
			<report>
				<misses>4701001</misses>
				<total>8</total>
				<timestamp>1643.705523</timestamp>
			</report>
			<report>
				<misses>4702001</misses>
				<total>8</total>
				<timestamp>1644.055195</timestamp>
			</report>
			<report>
				<misses>4703001</misses>
				<total>8</total>
				<timestamp>1644.404837</timestamp>
			</report>
			<report>
				<misses>4704001</misses>
				<total>8</total>
				<timestamp>1644.754486</timestamp>
			</report>
			<report>
				<misses>4705001</misses>
				<total>8</total>
				<timestamp>1645.104170</timestamp>
			</report>
			<report>
				<misses>4706001</misses>
				<total>8</total>
				<timestamp>1645.453801</timestamp>
			</report>
			<report>
				<misses>4707001</misses>
				<total>8</total>
				<timestamp>1645.803438</timestamp>
			</report>
			<report>
				<misses>4708001</misses>
				<total>8</total>
				<timestamp>1646.153130</timestamp>
			</report>
			<report>
				<misses>4709001</misses>
				<total>8</total>
				<timestamp>1646.502759</timestamp>
			</report>
			<report>
				<misses>4710001</misses>
				<total>8</total>
				<timestamp>1646.852421</timestamp>
			</report>
			<report>
				<misses>4711001</misses>
				<total>8</total>
				<timestamp>1647.202033</timestamp>
			</report>
			<report>
				<misses>4712001</misses>
				<total>8</total>
				<timestamp>1647.551675</timestamp>
			</report>
			<report>
				<misses>4713001</misses>
				<total>8</total>
				<timestamp>1647.901356</timestamp>
			</report>
			<report>
				<misses>4714001</misses>
				<total>8</total>
				<timestamp>1648.251034</timestamp>
			</report>
			<report>
				<misses>4715001</misses>
				<total>8</total>
				<timestamp>1648.600635</timestamp>
			</report>
			<report>
				<misses>4716001</misses>
				<total>8</total>
				<timestamp>1648.950287</timestamp>
			</report>
			<report>
				<misses>4717001</misses>
				<total>8</total>
				<timestamp>1649.299943</timestamp>
			</report>
			<report>
				<misses>4718001</misses>
				<total>8</total>
				<timestamp>1649.649584</timestamp>
			</report>
			<report>
				<misses>4719001</misses>
				<total>8</total>
				<timestamp>1649.999283</timestamp>
			</report>
			<report>
				<misses>4720001</misses>
				<total>8</total>
				<timestamp>1650.348898</timestamp>
			</report>
			<report>
				<misses>4721001</misses>
				<total>8</total>
				<timestamp>1650.698535</timestamp>
			</report>
			<report>
				<misses>4722001</misses>
				<total>8</total>
				<timestamp>1651.048244</timestamp>
			</report>
			<report>
				<misses>4723001</misses>
				<total>8</total>
				<timestamp>1651.397853</timestamp>
			</report>
			<report>
				<misses>4724001</misses>
				<total>8</total>
				<timestamp>1651.747488</timestamp>
			</report>
			<report>
				<misses>4725001</misses>
				<total>8</total>
				<timestamp>1652.097138</timestamp>
			</report>
			<report>
				<misses>4726001</misses>
				<total>8</total>
				<timestamp>1652.446783</timestamp>
			</report>
			<report>
				<misses>4727001</misses>
				<total>8</total>
				<timestamp>1652.796444</timestamp>
			</report>
			<report>
				<misses>4728001</misses>
				<total>8</total>
				<timestamp>1653.146094</timestamp>
			</report>
			<report>
				<misses>4729001</misses>
				<total>8</total>
				<timestamp>1653.495744</timestamp>
			</report>
			<report>
				<misses>4730001</misses>
				<total>8</total>
				<timestamp>1653.845393</timestamp>
			</report>
			<report>
				<misses>4731001</misses>
				<total>8</total>
				<timestamp>1654.195063</timestamp>
			</report>
			<report>
				<misses>4732001</misses>
				<total>8</total>
				<timestamp>1654.544691</timestamp>
			</report>
			<report>
				<misses>4733001</misses>
				<total>8</total>
				<timestamp>1654.894356</timestamp>
			</report>
			<report>
				<misses>4734001</misses>
				<total>8</total>
				<timestamp>1655.243981</timestamp>
			</report>
			<report>
				<misses>4735001</misses>
				<total>8</total>
				<timestamp>1655.593681</timestamp>
			</report>
			<report>
				<misses>4736001</misses>
				<total>8</total>
				<timestamp>1655.943288</timestamp>
			</report>
			<report>
				<misses>4737001</misses>
				<total>8</total>
				<timestamp>1656.292934</timestamp>
			</report>
			<report>
				<misses>4738001</misses>
				<total>8</total>
				<timestamp>1656.642590</timestamp>
			</report>
			<report>
				<misses>4739001</misses>
				<total>8</total>
				<timestamp>1656.992255</timestamp>
			</report>
			<report>
				<misses>4740001</misses>
				<total>8</total>
				<timestamp>1657.341882</timestamp>
			</report>
			<report>
				<misses>4741001</misses>
				<total>8</total>
				<timestamp>1657.691541</timestamp>
			</report>
			<report>
				<misses>4742001</misses>
				<total>8</total>
				<timestamp>1658.041230</timestamp>
			</report>
			<report>
				<misses>4743001</misses>
				<total>8</total>
				<timestamp>1658.390830</timestamp>
			</report>
			<report>
				<misses>4744001</misses>
				<total>8</total>
				<timestamp>1658.740492</timestamp>
			</report>
			<report>
				<misses>4745001</misses>
				<total>8</total>
				<timestamp>1659.090145</timestamp>
			</report>
			<report>
				<misses>4746001</misses>
				<total>8</total>
				<timestamp>1659.439795</timestamp>
			</report>
			<report>
				<misses>4747001</misses>
				<total>8</total>
				<timestamp>1659.789435</timestamp>
			</report>
			<report>
				<misses>4748001</misses>
				<total>8</total>
				<timestamp>1660.139132</timestamp>
			</report>
			<report>
				<misses>4749001</misses>
				<total>8</total>
				<timestamp>1660.488758</timestamp>
			</report>
			<report>
				<misses>4750001</misses>
				<total>8</total>
				<timestamp>1660.838379</timestamp>
			</report>
			<report>
				<misses>4751001</misses>
				<total>8</total>
				<timestamp>1661.188039</timestamp>
			</report>
			<report>
				<misses>4752001</misses>
				<total>8</total>
				<timestamp>1661.537684</timestamp>
			</report>
			<report>
				<misses>4753001</misses>
				<total>8</total>
				<timestamp>1661.887346</timestamp>
			</report>
			<report>
				<misses>4754001</misses>
				<total>8</total>
				<timestamp>1662.236995</timestamp>
			</report>
			<report>
				<misses>4755001</misses>
				<total>8</total>
				<timestamp>1662.586621</timestamp>
			</report>
			<report>
				<misses>4756001</misses>
				<total>8</total>
				<timestamp>1662.936291</timestamp>
			</report>
			<report>
				<misses>4757001</misses>
				<total>8</total>
				<timestamp>1663.286006</timestamp>
			</report>
			<report>
				<misses>4758001</misses>
				<total>8</total>
				<timestamp>1663.635599</timestamp>
			</report>
			<report>
				<misses>4759001</misses>
				<total>8</total>
				<timestamp>1663.985282</timestamp>
			</report>
			<report>
				<misses>4760001</misses>
				<total>8</total>
				<timestamp>1664.334881</timestamp>
			</report>
			<report>
				<misses>4761001</misses>
				<total>8</total>
				<timestamp>1664.684525</timestamp>
			</report>
			<report>
				<misses>4762001</misses>
				<total>8</total>
				<timestamp>1665.034251</timestamp>
			</report>
			<report>
				<misses>4763001</misses>
				<total>8</total>
				<timestamp>1665.383852</timestamp>
			</report>
			<report>
				<misses>4764001</misses>
				<total>8</total>
				<timestamp>1665.733485</timestamp>
			</report>
			<report>
				<misses>4765001</misses>
				<total>8</total>
				<timestamp>1666.083166</timestamp>
			</report>
			<report>
				<misses>4766001</misses>
				<total>8</total>
				<timestamp>1666.432787</timestamp>
			</report>
			<report>
				<misses>4767001</misses>
				<total>8</total>
				<timestamp>1666.782460</timestamp>
			</report>
			<report>
				<misses>4768001</misses>
				<total>8</total>
				<timestamp>1667.132116</timestamp>
			</report>
			<report>
				<misses>4769001</misses>
				<total>8</total>
				<timestamp>1667.481753</timestamp>
			</report>
			<report>
				<misses>4770001</misses>
				<total>8</total>
				<timestamp>1667.831392</timestamp>
			</report>
			<report>
				<misses>4771001</misses>
				<total>8</total>
				<timestamp>1668.181045</timestamp>
			</report>
			<report>
				<misses>4772001</misses>
				<total>8</total>
				<timestamp>1668.530683</timestamp>
			</report>
			<report>
				<misses>4773001</misses>
				<total>8</total>
				<timestamp>1668.880331</timestamp>
			</report>
			<report>
				<misses>4774001</misses>
				<total>8</total>
				<timestamp>1669.229978</timestamp>
			</report>
			<report>
				<misses>4775001</misses>
				<total>8</total>
				<timestamp>1669.579645</timestamp>
			</report>
			<report>
				<misses>4776001</misses>
				<total>8</total>
				<timestamp>1669.929279</timestamp>
			</report>
			<report>
				<misses>4777001</misses>
				<total>8</total>
				<timestamp>1670.278962</timestamp>
			</report>
			<report>
				<misses>4778001</misses>
				<total>8</total>
				<timestamp>1670.628587</timestamp>
			</report>
			<report>
				<misses>4779001</misses>
				<total>8</total>
				<timestamp>1670.978267</timestamp>
			</report>
			<report>
				<misses>4780001</misses>
				<total>8</total>
				<timestamp>1671.327885</timestamp>
			</report>
			<report>
				<misses>4781001</misses>
				<total>8</total>
				<timestamp>1671.677545</timestamp>
			</report>
			<report>
				<misses>4782001</misses>
				<total>8</total>
				<timestamp>1672.027238</timestamp>
			</report>
			<report>
				<misses>4783001</misses>
				<total>8</total>
				<timestamp>1672.376857</timestamp>
			</report>
			<report>
				<misses>4784001</misses>
				<total>8</total>
				<timestamp>1672.726496</timestamp>
			</report>
			<report>
				<misses>4785001</misses>
				<total>8</total>
				<timestamp>1673.076204</timestamp>
			</report>
			<report>
				<misses>4786001</misses>
				<total>8</total>
				<timestamp>1673.425792</timestamp>
			</report>
			<report>
				<misses>4787001</misses>
				<total>8</total>
				<timestamp>1673.775441</timestamp>
			</report>
			<report>
				<misses>4788001</misses>
				<total>8</total>
				<timestamp>1674.125127</timestamp>
			</report>
			<report>
				<misses>4789001</misses>
				<total>8</total>
				<timestamp>1674.474732</timestamp>
			</report>
			<report>
				<misses>4790001</misses>
				<total>8</total>
				<timestamp>1674.824422</timestamp>
			</report>
			<report>
				<misses>4791001</misses>
				<total>8</total>
				<timestamp>1675.174088</timestamp>
			</report>
			<report>
				<misses>4792001</misses>
				<total>8</total>
				<timestamp>1675.523748</timestamp>
			</report>
			<report>
				<misses>4793001</misses>
				<total>8</total>
				<timestamp>1675.873344</timestamp>
			</report>
			<report>
				<misses>4794001</misses>
				<total>8</total>
				<timestamp>1676.222993</timestamp>
			</report>
			<report>
				<misses>4795001</misses>
				<total>8</total>
				<timestamp>1676.572632</timestamp>
			</report>
			<report>
				<misses>4796001</misses>
				<total>8</total>
				<timestamp>1676.922282</timestamp>
			</report>
			<report>
				<misses>4797001</misses>
				<total>8</total>
				<timestamp>1677.271926</timestamp>
			</report>
			<report>
				<misses>4798001</misses>
				<total>8</total>
				<timestamp>1677.621581</timestamp>
			</report>
			<report>
				<misses>4799001</misses>
				<total>8</total>
				<timestamp>1677.971244</timestamp>
			</report>
			<report>
				<misses>4800001</misses>
				<total>8</total>
				<timestamp>1678.320876</timestamp>
			</report>
			<report>
				<misses>4801001</misses>
				<total>8</total>
				<timestamp>1678.670534</timestamp>
			</report>
			<report>
				<misses>4802001</misses>
				<total>8</total>
				<timestamp>1679.020239</timestamp>
			</report>
			<report>
				<misses>4803001</misses>
				<total>8</total>
				<timestamp>1679.369824</timestamp>
			</report>
			<report>
				<misses>4804001</misses>
				<total>8</total>
				<timestamp>1679.719496</timestamp>
			</report>
			<report>
				<misses>4805001</misses>
				<total>8</total>
				<timestamp>1680.069176</timestamp>
			</report>
			<report>
				<misses>4806001</misses>
				<total>8</total>
				<timestamp>1680.418784</timestamp>
			</report>
			<report>
				<misses>4807001</misses>
				<total>8</total>
				<timestamp>1680.768461</timestamp>
			</report>
			<report>
				<misses>4808001</misses>
				<total>8</total>
				<timestamp>1681.118123</timestamp>
			</report>
			<report>
				<misses>4809001</misses>
				<total>8</total>
				<timestamp>1681.467725</timestamp>
			</report>
			<report>
				<misses>4810001</misses>
				<total>8</total>
				<timestamp>1681.817374</timestamp>
			</report>
			<report>
				<misses>4811001</misses>
				<total>8</total>
				<timestamp>1682.167066</timestamp>
			</report>
			<report>
				<misses>4812001</misses>
				<total>8</total>
				<timestamp>1682.516711</timestamp>
			</report>
			<report>
				<misses>4813001</misses>
				<total>8</total>
				<timestamp>1682.866338</timestamp>
			</report>
			<report>
				<misses>4814001</misses>
				<total>8</total>
				<timestamp>1683.216012</timestamp>
			</report>
			<report>
				<misses>4815001</misses>
				<total>8</total>
				<timestamp>1683.565637</timestamp>
			</report>
			<report>
				<misses>4816001</misses>
				<total>8</total>
				<timestamp>1683.915277</timestamp>
			</report>
			<report>
				<misses>4817001</misses>
				<total>8</total>
				<timestamp>1684.264939</timestamp>
			</report>
			<report>
				<misses>4818001</misses>
				<total>8</total>
				<timestamp>1684.614588</timestamp>
			</report>
			<report>
				<misses>4819001</misses>
				<total>8</total>
				<timestamp>1684.964234</timestamp>
			</report>
			<report>
				<misses>4820001</misses>
				<total>8</total>
				<timestamp>1685.313872</timestamp>
			</report>
			<report>
				<misses>4821001</misses>
				<total>8</total>
				<timestamp>1685.663530</timestamp>
			</report>
			<report>
				<misses>4822001</misses>
				<total>8</total>
				<timestamp>1686.013195</timestamp>
			</report>
			<report>
				<misses>4823001</misses>
				<total>8</total>
				<timestamp>1686.362823</timestamp>
			</report>
			<report>
				<misses>4824001</misses>
				<total>8</total>
				<timestamp>1686.712489</timestamp>
			</report>
			<report>
				<misses>4825001</misses>
				<total>8</total>
				<timestamp>1687.062165</timestamp>
			</report>
			<report>
				<misses>4826001</misses>
				<total>8</total>
				<timestamp>1687.411801</timestamp>
			</report>
			<report>
				<misses>4827001</misses>
				<total>8</total>
				<timestamp>1687.761442</timestamp>
			</report>
			<report>
				<misses>4828001</misses>
				<total>8</total>
				<timestamp>1688.111135</timestamp>
			</report>
			<report>
				<misses>4829001</misses>
				<total>8</total>
				<timestamp>1688.460750</timestamp>
			</report>
			<report>
				<misses>4830001</misses>
				<total>8</total>
				<timestamp>1688.810392</timestamp>
			</report>
			<report>
				<misses>4831001</misses>
				<total>8</total>
				<timestamp>1689.160069</timestamp>
			</report>
			<report>
				<misses>4832001</misses>
				<total>8</total>
				<timestamp>1689.509672</timestamp>
			</report>
			<report>
				<misses>4833001</misses>
				<total>8</total>
				<timestamp>1689.859333</timestamp>
			</report>
			<report>
				<misses>4834001</misses>
				<total>8</total>
				<timestamp>1690.209025</timestamp>
			</report>
			<report>
				<misses>4835001</misses>
				<total>8</total>
				<timestamp>1690.558643</timestamp>
			</report>
			<report>
				<misses>4836001</misses>
				<total>8</total>
				<timestamp>1690.908277</timestamp>
			</report>
			<report>
				<misses>4837001</misses>
				<total>8</total>
				<timestamp>1691.257946</timestamp>
			</report>
			<report>
				<misses>4838001</misses>
				<total>8</total>
				<timestamp>1691.607572</timestamp>
			</report>
			<report>
				<misses>4839001</misses>
				<total>8</total>
				<timestamp>1691.957216</timestamp>
			</report>
			<report>
				<misses>4840001</misses>
				<total>8</total>
				<timestamp>1692.306920</timestamp>
			</report>
			<report>
				<misses>4841001</misses>
				<total>8</total>
				<timestamp>1692.656532</timestamp>
			</report>
			<report>
				<misses>4842001</misses>
				<total>8</total>
				<timestamp>1693.006226</timestamp>
			</report>
			<report>
				<misses>4843001</misses>
				<total>8</total>
				<timestamp>1693.355824</timestamp>
			</report>
			<report>
				<misses>4844001</misses>
				<total>8</total>
				<timestamp>1693.705486</timestamp>
			</report>
			<report>
				<misses>4845001</misses>
				<total>8</total>
				<timestamp>1694.055176</timestamp>
			</report>
			<report>
				<misses>4846001</misses>
				<total>8</total>
				<timestamp>1694.404793</timestamp>
			</report>
			<report>
				<misses>4847001</misses>
				<total>8</total>
				<timestamp>1694.754436</timestamp>
			</report>
			<report>
				<misses>4848001</misses>
				<total>8</total>
				<timestamp>1695.104102</timestamp>
			</report>
			<report>
				<misses>4849001</misses>
				<total>8</total>
				<timestamp>1695.453747</timestamp>
			</report>
			<report>
				<misses>4850001</misses>
				<total>8</total>
				<timestamp>1695.803381</timestamp>
			</report>
			<report>
				<misses>4851001</misses>
				<total>8</total>
				<timestamp>1696.153034</timestamp>
			</report>
			<report>
				<misses>4852001</misses>
				<total>8</total>
				<timestamp>1696.502688</timestamp>
			</report>
			<report>
				<misses>4853001</misses>
				<total>8</total>
				<timestamp>1696.852374</timestamp>
			</report>
			<report>
				<misses>4854001</misses>
				<total>8</total>
				<timestamp>1697.202005</timestamp>
			</report>
			<report>
				<misses>4855001</misses>
				<total>8</total>
				<timestamp>1697.551653</timestamp>
			</report>
			<report>
				<misses>4856001</misses>
				<total>8</total>
				<timestamp>1697.901291</timestamp>
			</report>
			<report>
				<misses>4857001</misses>
				<total>8</total>
				<timestamp>1698.250952</timestamp>
			</report>
			<report>
				<misses>4858001</misses>
				<total>8</total>
				<timestamp>1698.600587</timestamp>
			</report>
			<report>
				<misses>4859001</misses>
				<total>8</total>
				<timestamp>1698.950264</timestamp>
			</report>
			<report>
				<misses>4860001</misses>
				<total>8</total>
				<timestamp>1699.299934</timestamp>
			</report>
			<report>
				<misses>4861001</misses>
				<total>8</total>
				<timestamp>1699.649534</timestamp>
			</report>
			<report>
				<misses>4862001</misses>
				<total>8</total>
				<timestamp>1699.999204</timestamp>
			</report>
			<report>
				<misses>4863001</misses>
				<total>8</total>
				<timestamp>1700.348880</timestamp>
			</report>
			<report>
				<misses>4864001</misses>
				<total>8</total>
				<timestamp>1700.698477</timestamp>
			</report>
			<report>
				<misses>4865001</misses>
				<total>8</total>
				<timestamp>1701.048189</timestamp>
			</report>
			<report>
				<misses>4866001</misses>
				<total>8</total>
				<timestamp>1701.397795</timestamp>
			</report>
			<report>
				<misses>4867001</misses>
				<total>8</total>
				<timestamp>1701.747456</timestamp>
			</report>
			<report>
				<misses>4868001</misses>
				<total>8</total>
				<timestamp>1702.097098</timestamp>
			</report>
			<report>
				<misses>4869001</misses>
				<total>8</total>
				<timestamp>1702.446734</timestamp>
			</report>
			<report>
				<misses>4870001</misses>
				<total>8</total>
				<timestamp>1702.796383</timestamp>
			</report>
			<report>
				<misses>4871001</misses>
				<total>8</total>
				<timestamp>1703.146040</timestamp>
			</report>
			<report>
				<misses>4872001</misses>
				<total>8</total>
				<timestamp>1703.495719</timestamp>
			</report>
			<report>
				<misses>4873001</misses>
				<total>8</total>
				<timestamp>1703.845346</timestamp>
			</report>
			<report>
				<misses>4874001</misses>
				<total>8</total>
				<timestamp>1704.194984</timestamp>
			</report>
			<report>
				<misses>4875001</misses>
				<total>8</total>
				<timestamp>1704.544635</timestamp>
			</report>
			<report>
				<misses>4876001</misses>
				<total>8</total>
				<timestamp>1704.894306</timestamp>
			</report>
			<report>
				<misses>4877001</misses>
				<total>8</total>
				<timestamp>1705.243941</timestamp>
			</report>
			<report>
				<misses>4878001</misses>
				<total>8</total>
				<timestamp>1705.593581</timestamp>
			</report>
			<report>
				<misses>4879001</misses>
				<total>8</total>
				<timestamp>1705.943226</timestamp>
			</report>
			<report>
				<misses>4880001</misses>
				<total>8</total>
				<timestamp>1706.292928</timestamp>
			</report>
			<report>
				<misses>4881001</misses>
				<total>8</total>
				<timestamp>1706.642537</timestamp>
			</report>
			<report>
				<misses>4882001</misses>
				<total>8</total>
				<timestamp>1706.992214</timestamp>
			</report>
			<report>
				<misses>4883001</misses>
				<total>8</total>
				<timestamp>1707.341833</timestamp>
			</report>
			<report>
				<misses>4884001</misses>
				<total>8</total>
				<timestamp>1707.691498</timestamp>
			</report>
			<report>
				<misses>4885001</misses>
				<total>8</total>
				<timestamp>1708.041161</timestamp>
			</report>
			<report>
				<misses>4886001</misses>
				<total>8</total>
				<timestamp>1708.390799</timestamp>
			</report>
			<report>
				<misses>4887001</misses>
				<total>8</total>
				<timestamp>1708.740429</timestamp>
			</report>
			<report>
				<misses>4888001</misses>
				<total>8</total>
				<timestamp>1709.090107</timestamp>
			</report>
			<report>
				<misses>4889001</misses>
				<total>8</total>
				<timestamp>1709.439734</timestamp>
			</report>
			<report>
				<misses>4890001</misses>
				<total>8</total>
				<timestamp>1709.789412</timestamp>
			</report>
			<report>
				<misses>4891001</misses>
				<total>8</total>
				<timestamp>1710.139061</timestamp>
			</report>
			<report>
				<misses>4892001</misses>
				<total>8</total>
				<timestamp>1710.488692</timestamp>
			</report>
			<report>
				<misses>4893001</misses>
				<total>8</total>
				<timestamp>1710.838329</timestamp>
			</report>
			<report>
				<misses>4894001</misses>
				<total>8</total>
				<timestamp>1711.187982</timestamp>
			</report>
			<report>
				<misses>4895001</misses>
				<total>8</total>
				<timestamp>1711.537661</timestamp>
			</report>
			<report>
				<misses>4896001</misses>
				<total>8</total>
				<timestamp>1711.887292</timestamp>
			</report>
			<report>
				<misses>4897001</misses>
				<total>8</total>
				<timestamp>1712.236932</timestamp>
			</report>
			<report>
				<misses>4898001</misses>
				<total>8</total>
				<timestamp>1712.586574</timestamp>
			</report>
			<report>
				<misses>4899001</misses>
				<total>8</total>
				<timestamp>1712.936248</timestamp>
			</report>
			<report>
				<misses>4900001</misses>
				<total>8</total>
				<timestamp>1713.285926</timestamp>
			</report>
			<report>
				<misses>4901001</misses>
				<total>8</total>
				<timestamp>1713.635552</timestamp>
			</report>
			<report>
				<misses>4902001</misses>
				<total>8</total>
				<timestamp>1713.985189</timestamp>
			</report>
			<report>
				<misses>4903001</misses>
				<total>8</total>
				<timestamp>1714.334876</timestamp>
			</report>
			<report>
				<misses>4904001</misses>
				<total>8</total>
				<timestamp>1714.684497</timestamp>
			</report>
			<report>
				<misses>4905001</misses>
				<total>8</total>
				<timestamp>1715.034194</timestamp>
			</report>
			<report>
				<misses>4906001</misses>
				<total>8</total>
				<timestamp>1715.383802</timestamp>
			</report>
			<report>
				<misses>4907001</misses>
				<total>8</total>
				<timestamp>1715.733435</timestamp>
			</report>
			<report>
				<misses>4908001</misses>
				<total>8</total>
				<timestamp>1716.083145</timestamp>
			</report>
			<report>
				<misses>4909001</misses>
				<total>8</total>
				<timestamp>1716.432809</timestamp>
			</report>
			<report>
				<misses>4910001</misses>
				<total>8</total>
				<timestamp>1716.782396</timestamp>
			</report>
			<report>
				<misses>4911001</misses>
				<total>8</total>
				<timestamp>1717.132053</timestamp>
			</report>
			<report>
				<misses>4912001</misses>
				<total>8</total>
				<timestamp>1717.481686</timestamp>
			</report>
			<report>
				<misses>4913001</misses>
				<total>8</total>
				<timestamp>1717.831351</timestamp>
			</report>
			<report>
				<misses>4914001</misses>
				<total>8</total>
				<timestamp>1718.180984</timestamp>
			</report>
			<report>
				<misses>4915001</misses>
				<total>8</total>
				<timestamp>1718.530621</timestamp>
			</report>
			<report>
				<misses>4916001</misses>
				<total>8</total>
				<timestamp>1718.880290</timestamp>
			</report>
			<report>
				<misses>4917001</misses>
				<total>8</total>
				<timestamp>1719.229999</timestamp>
			</report>
			<report>
				<misses>4918001</misses>
				<total>8</total>
				<timestamp>1719.579584</timestamp>
			</report>
			<report>
				<misses>4919001</misses>
				<total>8</total>
				<timestamp>1719.929221</timestamp>
			</report>
			<report>
				<misses>4920001</misses>
				<total>8</total>
				<timestamp>1720.278898</timestamp>
			</report>
			<report>
				<misses>4921001</misses>
				<total>8</total>
				<timestamp>1720.628522</timestamp>
			</report>
			<report>
				<misses>4922001</misses>
				<total>8</total>
				<timestamp>1720.978204</timestamp>
			</report>
			<report>
				<misses>4923001</misses>
				<total>8</total>
				<timestamp>1721.327838</timestamp>
			</report>
			<report>
				<misses>4924001</misses>
				<total>8</total>
				<timestamp>1721.677483</timestamp>
			</report>
			<report>
				<misses>4925001</misses>
				<total>8</total>
				<timestamp>1722.027165</timestamp>
			</report>
			<report>
				<misses>4926001</misses>
				<total>8</total>
				<timestamp>1722.376827</timestamp>
			</report>
			<report>
				<misses>4927001</misses>
				<total>8</total>
				<timestamp>1722.726450</timestamp>
			</report>
			<report>
				<misses>4928001</misses>
				<total>8</total>
				<timestamp>1723.076168</timestamp>
			</report>
			<report>
				<misses>4929001</misses>
				<total>8</total>
				<timestamp>1723.425750</timestamp>
			</report>
			<report>
				<misses>4930001</misses>
				<total>8</total>
				<timestamp>1723.775425</timestamp>
			</report>
			<report>
				<misses>4931001</misses>
				<total>8</total>
				<timestamp>1724.125056</timestamp>
			</report>
			<report>
				<misses>4932001</misses>
				<total>8</total>
				<timestamp>1724.474670</timestamp>
			</report>
			<report>
				<misses>4933001</misses>
				<total>8</total>
				<timestamp>1724.824330</timestamp>
			</report>
			<report>
				<misses>4934001</misses>
				<total>8</total>
				<timestamp>1725.174052</timestamp>
			</report>
			<report>
				<misses>4935001</misses>
				<total>8</total>
				<timestamp>1725.523660</timestamp>
			</report>
			<report>
				<misses>4936001</misses>
				<total>8</total>
				<timestamp>1725.873299</timestamp>
			</report>
			<report>
				<misses>4937001</misses>
				<total>8</total>
				<timestamp>1726.222951</timestamp>
			</report>
			<report>
				<misses>4938001</misses>
				<total>8</total>
				<timestamp>1726.572585</timestamp>
			</report>
			<report>
				<misses>4939001</misses>
				<total>8</total>
				<timestamp>1726.922242</timestamp>
			</report>
			<report>
				<misses>4940001</misses>
				<total>8</total>
				<timestamp>1727.271903</timestamp>
			</report>
			<report>
				<misses>4941001</misses>
				<total>8</total>
				<timestamp>1727.621537</timestamp>
			</report>
			<report>
				<misses>4942001</misses>
				<total>8</total>
				<timestamp>1727.971201</timestamp>
			</report>
			<report>
				<misses>4943001</misses>
				<total>8</total>
				<timestamp>1728.320869</timestamp>
			</report>
			<report>
				<misses>4944001</misses>
				<total>8</total>
				<timestamp>1728.670504</timestamp>
			</report>
			<report>
				<misses>4945001</misses>
				<total>8</total>
				<timestamp>1729.020142</timestamp>
			</report>
			<report>
				<misses>4946001</misses>
				<total>8</total>
				<timestamp>1729.369788</timestamp>
			</report>
			<report>
				<misses>4947001</misses>
				<total>8</total>
				<timestamp>1729.719465</timestamp>
			</report>
			<report>
				<misses>4948001</misses>
				<total>8</total>
				<timestamp>1730.069106</timestamp>
			</report>
			<report>
				<misses>4949001</misses>
				<total>8</total>
				<timestamp>1730.418769</timestamp>
			</report>
			<report>
				<misses>4950001</misses>
				<total>8</total>
				<timestamp>1730.768379</timestamp>
			</report>
			<report>
				<misses>4951001</misses>
				<total>8</total>
				<timestamp>1731.118029</timestamp>
			</report>
			<report>
				<misses>4952001</misses>
				<total>8</total>
				<timestamp>1731.467764</timestamp>
			</report>
			<report>
				<misses>4953001</misses>
				<total>8</total>
				<timestamp>1731.817329</timestamp>
			</report>
			<report>
				<misses>4954001</misses>
				<total>8</total>
				<timestamp>1732.166991</timestamp>
			</report>
			<report>
				<misses>4955001</misses>
				<total>8</total>
				<timestamp>1732.516679</timestamp>
			</report>
			<report>
				<misses>4956001</misses>
				<total>8</total>
				<timestamp>1732.866278</timestamp>
			</report>
			<report>
				<misses>4957001</misses>
				<total>8</total>
				<timestamp>1733.215999</timestamp>
			</report>
			<report>
				<misses>4958001</misses>
				<total>8</total>
				<timestamp>1733.565600</timestamp>
			</report>
			<report>
				<misses>4959001</misses>
				<total>8</total>
				<timestamp>1733.915246</timestamp>
			</report>
			<report>
				<misses>4960001</misses>
				<total>8</total>
				<timestamp>1734.264914</timestamp>
			</report>
			<report>
				<misses>4961001</misses>
				<total>8</total>
				<timestamp>1734.614552</timestamp>
			</report>
			<report>
				<misses>4962001</misses>
				<total>8</total>
				<timestamp>1734.964201</timestamp>
			</report>
			<report>
				<misses>4963001</misses>
				<total>8</total>
				<timestamp>1735.313887</timestamp>
			</report>
			<report>
				<misses>4964001</misses>
				<total>8</total>
				<timestamp>1735.663481</timestamp>
			</report>
			<report>
				<misses>4965001</misses>
				<total>8</total>
				<timestamp>1736.013133</timestamp>
			</report>
			<report>
				<misses>4966001</misses>
				<total>8</total>
				<timestamp>1736.362795</timestamp>
			</report>
			<report>
				<misses>4967001</misses>
				<total>8</total>
				<timestamp>1736.712442</timestamp>
			</report>
			<report>
				<misses>4968001</misses>
				<total>8</total>
				<timestamp>1737.062144</timestamp>
			</report>
			<report>
				<misses>4969001</misses>
				<total>8</total>
				<timestamp>1737.411784</timestamp>
			</report>
			<report>
				<misses>4970001</misses>
				<total>8</total>
				<timestamp>1737.761409</timestamp>
			</report>
			<report>
				<misses>4971001</misses>
				<total>8</total>
				<timestamp>1738.111053</timestamp>
			</report>
			<report>
				<misses>4972001</misses>
				<total>8</total>
				<timestamp>1738.460706</timestamp>
			</report>
			<report>
				<misses>4973001</misses>
				<total>8</total>
				<timestamp>1738.810352</timestamp>
			</report>
			<report>
				<misses>4974001</misses>
				<total>8</total>
				<timestamp>1739.159975</timestamp>
			</report>
			<report>
				<misses>4975001</misses>
				<total>8</total>
				<timestamp>1739.509630</timestamp>
			</report>
			<report>
				<misses>4976001</misses>
				<total>8</total>
				<timestamp>1739.859314</timestamp>
			</report>
			<report>
				<misses>4977001</misses>
				<total>8</total>
				<timestamp>1740.208929</timestamp>
			</report>
			<report>
				<misses>4978001</misses>
				<total>8</total>
				<timestamp>1740.558587</timestamp>
			</report>
			<report>
				<misses>4979001</misses>
				<total>8</total>
				<timestamp>1740.908246</timestamp>
			</report>
			<report>
				<misses>4980001</misses>
				<total>8</total>
				<timestamp>1741.257878</timestamp>
			</report>
			<report>
				<misses>4981001</misses>
				<total>8</total>
				<timestamp>1741.607535</timestamp>
			</report>
			<report>
				<misses>4982001</misses>
				<total>8</total>
				<timestamp>1741.957211</timestamp>
			</report>
			<report>
				<misses>4983001</misses>
				<total>8</total>
				<timestamp>1742.306826</timestamp>
			</report>
			<report>
				<misses>4984001</misses>
				<total>8</total>
				<timestamp>1742.656519</timestamp>
			</report>
			<report>
				<misses>4985001</misses>
				<total>8</total>
				<timestamp>1743.006180</timestamp>
			</report>
			<report>
				<misses>4986001</misses>
				<total>8</total>
				<timestamp>1743.355885</timestamp>
			</report>
			<report>
				<misses>4987001</misses>
				<total>8</total>
				<timestamp>1743.705421</timestamp>
			</report>
			<report>
				<misses>4988001</misses>
				<total>8</total>
				<timestamp>1744.055103</timestamp>
			</report>
			<report>
				<misses>4989001</misses>
				<total>8</total>
				<timestamp>1744.404807</timestamp>
			</report>
			<report>
				<misses>4990001</misses>
				<total>8</total>
				<timestamp>1744.754378</timestamp>
			</report>
			<report>
				<misses>4991001</misses>
				<total>8</total>
				<timestamp>1745.104052</timestamp>
			</report>
			<report>
				<misses>4992001</misses>
				<total>8</total>
				<timestamp>1745.453710</timestamp>
			</report>
			<report>
				<misses>4993001</misses>
				<total>8</total>
				<timestamp>1745.803347</timestamp>
			</report>
			<report>
				<misses>4994001</misses>
				<total>8</total>
				<timestamp>1746.152986</timestamp>
			</report>
			<report>
				<misses>4995001</misses>
				<total>8</total>
				<timestamp>1746.502689</timestamp>
			</report>
			<report>
				<misses>4996001</misses>
				<total>8</total>
				<timestamp>1746.852305</timestamp>
			</report>
			<report>
				<misses>4997001</misses>
				<total>8</total>
				<timestamp>1747.201923</timestamp>
			</report>
			<report>
				<misses>4998001</misses>
				<total>8</total>
				<timestamp>1747.551610</timestamp>
			</report>
			<report>
				<misses>4999001</misses>
				<total>8</total>
				<timestamp>1747.901253</timestamp>
			</report>
			<report>
				<misses>5000001</misses>
				<total>8</total>
				<timestamp>1748.250917</timestamp>
			</report>
			<report>
				<misses>5001001</misses>
				<total>8</total>
				<timestamp>1748.600548</timestamp>
			</report>
			<report>
				<misses>5002001</misses>
				<total>8</total>
				<timestamp>1748.950187</timestamp>
			</report>
			<report>
				<misses>5003001</misses>
				<total>8</total>
				<timestamp>1749.299844</timestamp>
			</report>
			<report>
				<misses>5004001</misses>
				<total>8</total>
				<timestamp>1749.649478</timestamp>
			</report>
			<report>
				<misses>5005001</misses>
				<total>8</total>
				<timestamp>1749.999133</timestamp>
			</report>
			<report>
				<misses>5006001</misses>
				<total>8</total>
				<timestamp>1750.348815</timestamp>
			</report>
			<report>
				<misses>5007001</misses>
				<total>8</total>
				<timestamp>1750.698455</timestamp>
			</report>
			<report>
				<misses>5008001</misses>
				<total>8</total>
				<timestamp>1751.048088</timestamp>
			</report>
			<report>
				<misses>5009001</misses>
				<total>8</total>
				<timestamp>1751.397768</timestamp>
			</report>
			<report>
				<misses>5010001</misses>
				<total>8</total>
				<timestamp>1751.747422</timestamp>
			</report>
			<report>
				<misses>5011001</misses>
				<total>8</total>
				<timestamp>1752.097050</timestamp>
			</report>
			<report>
				<misses>5012001</misses>
				<total>8</total>
				<timestamp>1752.446704</timestamp>
			</report>
			<report>
				<misses>5013001</misses>
				<total>8</total>
				<timestamp>1752.796324</timestamp>
			</report>
			<report>
				<misses>5014001</misses>
				<total>8</total>
				<timestamp>1753.145986</timestamp>
			</report>
			<report>
				<misses>5015001</misses>
				<total>8</total>
				<timestamp>1753.495656</timestamp>
			</report>
			<report>
				<misses>5016001</misses>
				<total>8</total>
				<timestamp>1753.845293</timestamp>
			</report>
			<report>
				<misses>5017001</misses>
				<total>8</total>
				<timestamp>1754.194951</timestamp>
			</report>
			<report>
				<misses>5018001</misses>
				<total>8</total>
				<timestamp>1754.544615</timestamp>
			</report>
			<report>
				<misses>5019001</misses>
				<total>8</total>
				<timestamp>1754.894240</timestamp>
			</report>
			<report>
				<misses>5020001</misses>
				<total>8</total>
				<timestamp>1755.243896</timestamp>
			</report>
			<report>
				<misses>5021001</misses>
				<total>8</total>
				<timestamp>1755.593589</timestamp>
			</report>
			<report>
				<misses>5022001</misses>
				<total>8</total>
				<timestamp>1755.943211</timestamp>
			</report>
			<report>
				<misses>5023001</misses>
				<total>8</total>
				<timestamp>1756.292886</timestamp>
			</report>
			<report>
				<misses>5024001</misses>
				<total>8</total>
				<timestamp>1756.642492</timestamp>
			</report>
			<report>
				<misses>5025001</misses>
				<total>8</total>
				<timestamp>1756.992157</timestamp>
			</report>
			<report>
				<misses>5026001</misses>
				<total>8</total>
				<timestamp>1757.341769</timestamp>
			</report>
			<report>
				<misses>5027001</misses>
				<total>8</total>
				<timestamp>1757.691444</timestamp>
			</report>
			<report>
				<misses>5028001</misses>
				<total>8</total>
				<timestamp>1758.041106</timestamp>
			</report>
			<report>
				<misses>5029001</misses>
				<total>8</total>
				<timestamp>1758.390755</timestamp>
			</report>
			<report>
				<misses>5030001</misses>
				<total>8</total>
				<timestamp>1758.740389</timestamp>
			</report>
			<report>
				<misses>5031001</misses>
				<total>8</total>
				<timestamp>1759.090050</timestamp>
			</report>
			<report>
				<misses>5032001</misses>
				<total>8</total>
				<timestamp>1759.439719</timestamp>
			</report>
			<report>
				<misses>5033001</misses>
				<total>8</total>
				<timestamp>1759.789334</timestamp>
			</report>
			<report>
				<misses>5034001</misses>
				<total>8</total>
				<timestamp>1760.139018</timestamp>
			</report>
			<report>
				<misses>5035001</misses>
				<total>8</total>
				<timestamp>1760.488645</timestamp>
			</report>
			<report>
				<misses>5036001</misses>
				<total>8</total>
				<timestamp>1760.838285</timestamp>
			</report>
			<report>
				<misses>5037001</misses>
				<total>8</total>
				<timestamp>1761.187941</timestamp>
			</report>
			<report>
				<misses>5038001</misses>
				<total>8</total>
				<timestamp>1761.537588</timestamp>
			</report>
			<report>
				<misses>5039001</misses>
				<total>8</total>
				<timestamp>1761.887251</timestamp>
			</report>
			<report>
				<misses>5040001</misses>
				<total>8</total>
				<timestamp>1762.236971</timestamp>
			</report>
			<report>
				<misses>5041001</misses>
				<total>8</total>
				<timestamp>1762.586575</timestamp>
			</report>
			<report>
				<misses>5042001</misses>
				<total>8</total>
				<timestamp>1762.936178</timestamp>
			</report>
			<report>
				<misses>5043001</misses>
				<total>8</total>
				<timestamp>1763.285848</timestamp>
			</report>
			<report>
				<misses>5044001</misses>
				<total>8</total>
				<timestamp>1763.635514</timestamp>
			</report>
			<report>
				<misses>5045001</misses>
				<total>8</total>
				<timestamp>1763.985139</timestamp>
			</report>
			<report>
				<misses>5046001</misses>
				<total>8</total>
				<timestamp>1764.334802</timestamp>
			</report>
			<report>
				<misses>5047001</misses>
				<total>8</total>
				<timestamp>1764.684434</timestamp>
			</report>
			<report>
				<misses>5048001</misses>
				<total>8</total>
				<timestamp>1765.034101</timestamp>
			</report>
			<report>
				<misses>5049001</misses>
				<total>8</total>
				<timestamp>1765.383751</timestamp>
			</report>
			<report>
				<misses>5050001</misses>
				<total>8</total>
				<timestamp>1765.733410</timestamp>
			</report>
			<report>
				<misses>5051001</misses>
				<total>8</total>
				<timestamp>1766.083026</timestamp>
			</report>
			<report>
				<misses>5052001</misses>
				<total>8</total>
				<timestamp>1766.432689</timestamp>
			</report>
			<report>
				<misses>5053001</misses>
				<total>8</total>
				<timestamp>1766.782330</timestamp>
			</report>
			<report>
				<misses>5054001</misses>
				<total>8</total>
				<timestamp>1767.132018</timestamp>
			</report>
			<report>
				<misses>5055001</misses>
				<total>8</total>
				<timestamp>1767.481691</timestamp>
			</report>
			<report>
				<misses>5056001</misses>
				<total>8</total>
				<timestamp>1767.831326</timestamp>
			</report>
			<report>
				<misses>5057001</misses>
				<total>8</total>
				<timestamp>1768.180945</timestamp>
			</report>
			<report>
				<misses>5058001</misses>
				<total>8</total>
				<timestamp>1768.530581</timestamp>
			</report>
			<report>
				<misses>5059001</misses>
				<total>8</total>
				<timestamp>1768.880248</timestamp>
			</report>
			<report>
				<misses>5060001</misses>
				<total>8</total>
				<timestamp>1769.229933</timestamp>
			</report>
			<report>
				<misses>5061001</misses>
				<total>8</total>
				<timestamp>1769.579608</timestamp>
			</report>
			<report>
				<misses>5062001</misses>
				<total>8</total>
				<timestamp>1769.929191</timestamp>
			</report>
			<report>
				<misses>5063001</misses>
				<total>8</total>
				<timestamp>1770.278840</timestamp>
			</report>
			<report>
				<misses>5064001</misses>
				<total>8</total>
				<timestamp>1770.628532</timestamp>
			</report>
			<report>
				<misses>5065001</misses>
				<total>8</total>
				<timestamp>1770.978149</timestamp>
			</report>
			<report>
				<misses>5066001</misses>
				<total>8</total>
				<timestamp>1771.327780</timestamp>
			</report>
			<report>
				<misses>5067001</misses>
				<total>8</total>
				<timestamp>1771.677452</timestamp>
			</report>
			<report>
				<misses>5068001</misses>
				<total>8</total>
				<timestamp>1772.027107</timestamp>
			</report>
			<report>
				<misses>5069001</misses>
				<total>8</total>
				<timestamp>1772.376755</timestamp>
			</report>
			<report>
				<misses>5070001</misses>
				<total>8</total>
				<timestamp>1772.726413</timestamp>
			</report>
			<report>
				<misses>5071001</misses>
				<total>8</total>
				<timestamp>1773.076032</timestamp>
			</report>
			<report>
				<misses>5072001</misses>
				<total>8</total>
				<timestamp>1773.425679</timestamp>
			</report>
			<report>
				<misses>5073001</misses>
				<total>8</total>
				<timestamp>1773.775323</timestamp>
			</report>
			<report>
				<misses>5074001</misses>
				<total>8</total>
				<timestamp>1774.124988</timestamp>
			</report>
			<report>
				<misses>5075001</misses>
				<total>8</total>
				<timestamp>1774.474655</timestamp>
			</report>
			<report>
				<misses>5076001</misses>
				<total>8</total>
				<timestamp>1774.824285</timestamp>
			</report>
			<report>
				<misses>5077001</misses>
				<total>8</total>
				<timestamp>1775.173943</timestamp>
			</report>
			<report>
				<misses>5078001</misses>
				<total>8</total>
				<timestamp>1775.523604</timestamp>
			</report>
			<report>
				<misses>5079001</misses>
				<total>8</total>
				<timestamp>1775.873257</timestamp>
			</report>
			<report>
				<misses>5080001</misses>
				<total>8</total>
				<timestamp>1776.222897</timestamp>
			</report>
			<report>
				<misses>5081001</misses>
				<total>8</total>
				<timestamp>1776.572531</timestamp>
			</report>
			<report>
				<misses>5082001</misses>
				<total>8</total>
				<timestamp>1776.922192</timestamp>
			</report>
			<report>
				<misses>5083001</misses>
				<total>8</total>
				<timestamp>1777.271834</timestamp>
			</report>
			<report>
				<misses>5084001</misses>
				<total>8</total>
				<timestamp>1777.621505</timestamp>
			</report>
			<report>
				<misses>5085001</misses>
				<total>8</total>
				<timestamp>1777.971163</timestamp>
			</report>
			<report>
				<misses>5086001</misses>
				<total>8</total>
				<timestamp>1778.320811</timestamp>
			</report>
			<report>
				<misses>5087001</misses>
				<total>8</total>
				<timestamp>1778.670434</timestamp>
			</report>
			<report>
				<misses>5088001</misses>
				<total>8</total>
				<timestamp>1779.020112</timestamp>
			</report>
			<report>
				<misses>5089001</misses>
				<total>8</total>
				<timestamp>1779.369742</timestamp>
			</report>
			<report>
				<misses>5090001</misses>
				<total>8</total>
				<timestamp>1779.719417</timestamp>
			</report>
			<report>
				<misses>5091001</misses>
				<total>8</total>
				<timestamp>1780.069033</timestamp>
			</report>
			<report>
				<misses>5092001</misses>
				<total>8</total>
				<timestamp>1780.418676</timestamp>
			</report>
			<report>
				<misses>5093001</misses>
				<total>8</total>
				<timestamp>1780.768381</timestamp>
			</report>
			<report>
				<misses>5094001</misses>
				<total>8</total>
				<timestamp>1781.117979</timestamp>
			</report>
			<report>
				<misses>5095001</misses>
				<total>8</total>
				<timestamp>1781.467637</timestamp>
			</report>
			<report>
				<misses>5096001</misses>
				<total>8</total>
				<timestamp>1781.817289</timestamp>
			</report>
			<report>
				<misses>5097001</misses>
				<total>8</total>
				<timestamp>1782.166932</timestamp>
			</report>
			<report>
				<misses>5098001</misses>
				<total>8</total>
				<timestamp>1782.516605</timestamp>
			</report>
			<report>
				<misses>5099001</misses>
				<total>8</total>
				<timestamp>1782.866251</timestamp>
			</report>
			<report>
				<misses>5100001</misses>
				<total>8</total>
				<timestamp>1783.215898</timestamp>
			</report>
			<report>
				<misses>5101001</misses>
				<total>8</total>
				<timestamp>1783.565558</timestamp>
			</report>
			<report>
				<misses>5102001</misses>
				<total>8</total>
				<timestamp>1783.915195</timestamp>
			</report>
			<report>
				<misses>5103001</misses>
				<total>8</total>
				<timestamp>1784.264894</timestamp>
			</report>
			<report>
				<misses>5104001</misses>
				<total>8</total>
				<timestamp>1784.614527</timestamp>
			</report>
			<report>
				<misses>5105001</misses>
				<total>8</total>
				<timestamp>1784.964142</timestamp>
			</report>
			<report>
				<misses>5106001</misses>
				<total>8</total>
				<timestamp>1785.313785</timestamp>
			</report>
			<report>
				<misses>5107001</misses>
				<total>8</total>
				<timestamp>1785.663480</timestamp>
			</report>
			<report>
				<misses>5108001</misses>
				<total>8</total>
				<timestamp>1786.013092</timestamp>
			</report>
			<report>
				<misses>5109001</misses>
				<total>8</total>
				<timestamp>1786.362755</timestamp>
			</report>
			<report>
				<misses>5110001</misses>
				<total>8</total>
				<timestamp>1786.712464</timestamp>
			</report>
			<report>
				<misses>5111001</misses>
				<total>8</total>
				<timestamp>1787.062028</timestamp>
			</report>
			<report>
				<misses>5112001</misses>
				<total>8</total>
				<timestamp>1787.411688</timestamp>
			</report>
			<report>
				<misses>5113001</misses>
				<total>8</total>
				<timestamp>1787.761398</timestamp>
			</report>
			<report>
				<misses>5114001</misses>
				<total>8</total>
				<timestamp>1788.111000</timestamp>
			</report>
			<report>
				<misses>5115001</misses>
				<total>8</total>
				<timestamp>1788.460642</timestamp>
			</report>
			<report>
				<misses>5116001</misses>
				<total>8</total>
				<timestamp>1788.810278</timestamp>
			</report>
			<report>
				<misses>5117001</misses>
				<total>8</total>
				<timestamp>1789.159933</timestamp>
			</report>
			<report>
				<misses>5118001</misses>
				<total>8</total>
				<timestamp>1789.509598</timestamp>
			</report>
			<report>
				<misses>5119001</misses>
				<total>8</total>
				<timestamp>1789.859235</timestamp>
			</report>
			<report>
				<misses>5120001</misses>
				<total>8</total>
				<timestamp>1790.208888</timestamp>
			</report>
			<report>
				<misses>5121001</misses>
				<total>8</total>
				<timestamp>1790.558548</timestamp>
			</report>
			<report>
				<misses>5122001</misses>
				<total>8</total>
				<timestamp>1790.908197</timestamp>
			</report>
			<report>
				<misses>5123001</misses>
				<total>8</total>
				<timestamp>1791.257837</timestamp>
			</report>
			<report>
				<misses>5124001</misses>
				<total>8</total>
				<timestamp>1791.607510</timestamp>
			</report>
			<report>
				<misses>5125001</misses>
				<total>8</total>
				<timestamp>1791.957130</timestamp>
			</report>
			<report>
				<misses>5126001</misses>
				<total>8</total>
				<timestamp>1792.306809</timestamp>
			</report>
			<report>
				<misses>5127001</misses>
				<total>8</total>
				<timestamp>1792.656457</timestamp>
			</report>
			<report>
				<misses>5128001</misses>
				<total>8</total>
				<timestamp>1793.006116</timestamp>
			</report>
			<report>
				<misses>5129001</misses>
				<total>8</total>
				<timestamp>1793.355728</timestamp>
			</report>
			<report>
				<misses>5130001</misses>
				<total>8</total>
				<timestamp>1793.705390</timestamp>
			</report>
			<report>
				<misses>5131001</misses>
				<total>8</total>
				<timestamp>1794.055052</timestamp>
			</report>
			<report>
				<misses>5132001</misses>
				<total>8</total>
				<timestamp>1794.404733</timestamp>
			</report>
			<report>
				<misses>5133001</misses>
				<total>8</total>
				<timestamp>1794.754366</timestamp>
			</report>
			<report>
				<misses>5134001</misses>
				<total>8</total>
				<timestamp>1795.104011</timestamp>
			</report>
			<report>
				<misses>5135001</misses>
				<total>8</total>
				<timestamp>1795.453636</timestamp>
			</report>
			<report>
				<misses>5136001</misses>
				<total>8</total>
				<timestamp>1795.803342</timestamp>
			</report>
			<report>
				<misses>5137001</misses>
				<total>8</total>
				<timestamp>1796.152935</timestamp>
			</report>
			<report>
				<misses>5138001</misses>
				<total>8</total>
				<timestamp>1796.502610</timestamp>
			</report>
			<report>
				<misses>5139001</misses>
				<total>8</total>
				<timestamp>1796.852267</timestamp>
			</report>
			<report>
				<misses>5140001</misses>
				<total>8</total>
				<timestamp>1797.201900</timestamp>
			</report>
			<report>
				<misses>5141001</misses>
				<total>8</total>
				<timestamp>1797.551540</timestamp>
			</report>
			<report>
				<misses>5142001</misses>
				<total>8</total>
				<timestamp>1797.901199</timestamp>
			</report>
			<report>
				<misses>5143001</misses>
				<total>8</total>
				<timestamp>1798.250841</timestamp>
			</report>
			<report>
				<misses>5144001</misses>
				<total>8</total>
				<timestamp>1798.600494</timestamp>
			</report>
			<report>
				<misses>5145001</misses>
				<total>8</total>
				<timestamp>1798.950131</timestamp>
			</report>
			<report>
				<misses>5146001</misses>
				<total>8</total>
				<timestamp>1799.299784</timestamp>
			</report>
			<report>
				<misses>5147001</misses>
				<total>8</total>
				<timestamp>1799.649447</timestamp>
			</report>
			<report>
				<misses>5148001</misses>
				<total>8</total>
				<timestamp>1799.999131</timestamp>
			</report>
			<report>
				<misses>5149001</misses>
				<total>8</total>
				<timestamp>1800.348751</timestamp>
			</report>
			<report>
				<misses>5150001</misses>
				<total>8</total>
				<timestamp>1800.698385</timestamp>
			</report>
			<report>
				<misses>5151001</misses>
				<total>8</total>
				<timestamp>1801.048066</timestamp>
			</report>
			<report>
				<misses>5152001</misses>
				<total>8</total>
				<timestamp>1801.397683</timestamp>
			</report>
			<report>
				<misses>5153001</misses>
				<total>8</total>
				<timestamp>1801.747384</timestamp>
			</report>
			<report>
				<misses>5154001</misses>
				<total>8</total>
				<timestamp>1802.097011</timestamp>
			</report>
			<report>
				<misses>5155001</misses>
				<total>8</total>
				<timestamp>1802.446673</timestamp>
			</report>
			<report>
				<misses>5156001</misses>
				<total>8</total>
				<timestamp>1802.796326</timestamp>
			</report>
			<report>
				<misses>5157001</misses>
				<total>8</total>
				<timestamp>1803.145956</timestamp>
			</report>
			<report>
				<misses>5158001</misses>
				<total>8</total>
				<timestamp>1803.495582</timestamp>
			</report>
			<report>
				<misses>5159001</misses>
				<total>8</total>
				<timestamp>1803.845307</timestamp>
			</report>
			<report>
				<misses>5160001</misses>
				<total>8</total>
				<timestamp>1804.194881</timestamp>
			</report>
			<report>
				<misses>5161001</misses>
				<total>8</total>
				<timestamp>1804.544532</timestamp>
			</report>
			<report>
				<misses>5162001</misses>
				<total>8</total>
				<timestamp>1804.894196</timestamp>
			</report>
			<report>
				<misses>5163001</misses>
				<total>8</total>
				<timestamp>1805.243842</timestamp>
			</report>
			<report>
				<misses>5164001</misses>
				<total>8</total>
				<timestamp>1805.593497</timestamp>
			</report>
			<report>
				<misses>5165001</misses>
				<total>8</total>
				<timestamp>1805.943142</timestamp>
			</report>
			<report>
				<misses>5166001</misses>
				<total>8</total>
				<timestamp>1806.292781</timestamp>
			</report>
			<report>
				<misses>5167001</misses>
				<total>8</total>
				<timestamp>1806.642446</timestamp>
			</report>
			<report>
				<misses>5168001</misses>
				<total>8</total>
				<timestamp>1806.992095</timestamp>
			</report>
			<report>
				<misses>5169001</misses>
				<total>8</total>
				<timestamp>1807.341753</timestamp>
			</report>
			<report>
				<misses>5170001</misses>
				<total>8</total>
				<timestamp>1807.691387</timestamp>
			</report>
			<report>
				<misses>5171001</misses>
				<total>8</total>
				<timestamp>1808.041052</timestamp>
			</report>
			<report>
				<misses>5172001</misses>
				<total>8</total>
				<timestamp>1808.390696</timestamp>
			</report>
			<report>
				<misses>5173001</misses>
				<total>8</total>
				<timestamp>1808.740362</timestamp>
			</report>
			<report>
				<misses>5174001</misses>
				<total>8</total>
				<timestamp>1809.089986</timestamp>
			</report>
			<report>
				<misses>5175001</misses>
				<total>8</total>
				<timestamp>1809.439679</timestamp>
			</report>
			<report>
				<misses>5176001</misses>
				<total>8</total>
				<timestamp>1809.789300</timestamp>
			</report>
			<report>
				<misses>5177001</misses>
				<total>8</total>
				<timestamp>1810.138955</timestamp>
			</report>
			<report>
				<misses>5178001</misses>
				<total>8</total>
				<timestamp>1810.488580</timestamp>
			</report>
			<report>
				<misses>5179001</misses>
				<total>8</total>
				<timestamp>1810.838284</timestamp>
			</report>
			<report>
				<misses>5180001</misses>
				<total>8</total>
				<timestamp>1811.187869</timestamp>
			</report>
			<report>
				<misses>5181001</misses>
				<total>8</total>
				<timestamp>1811.537539</timestamp>
			</report>
			<report>
				<misses>5182001</misses>
				<total>8</total>
				<timestamp>1811.887247</timestamp>
			</report>
			<report>
				<misses>5183001</misses>
				<total>8</total>
				<timestamp>1812.236834</timestamp>
			</report>
			<report>
				<misses>5184001</misses>
				<total>8</total>
				<timestamp>1812.586492</timestamp>
			</report>
			<report>
				<misses>5185001</misses>
				<total>8</total>
				<timestamp>1812.936154</timestamp>
			</report>
			<report>
				<misses>5186001</misses>
				<total>8</total>
				<timestamp>1813.285793</timestamp>
			</report>
			<report>
				<misses>5187001</misses>
				<total>8</total>
				<timestamp>1813.635456</timestamp>
			</report>
			<report>
				<misses>5188001</misses>
				<total>8</total>
				<timestamp>1813.985145</timestamp>
			</report>
			<report>
				<misses>5189001</misses>
				<total>8</total>
				<timestamp>1814.334759</timestamp>
			</report>
			<report>
				<misses>5190001</misses>
				<total>8</total>
				<timestamp>1814.684385</timestamp>
			</report>
			<report>
				<misses>5191001</misses>
				<total>8</total>
				<timestamp>1815.034050</timestamp>
			</report>
			<report>
				<misses>5192001</misses>
				<total>8</total>
				<timestamp>1815.383702</timestamp>
			</report>
			<report>
				<misses>5193001</misses>
				<total>8</total>
				<timestamp>1815.733357</timestamp>
			</report>
			<report>
				<misses>5194001</misses>
				<total>8</total>
				<timestamp>1816.083004</timestamp>
			</report>
			<report>
				<misses>5195001</misses>
				<total>8</total>
				<timestamp>1816.432677</timestamp>
			</report>
			<report>
				<misses>5196001</misses>
				<total>8</total>
				<timestamp>1816.782291</timestamp>
			</report>
			<report>
				<misses>5197001</misses>
				<total>8</total>
				<timestamp>1817.131950</timestamp>
			</report>
			<report>
				<misses>5198001</misses>
				<total>8</total>
				<timestamp>1817.481611</timestamp>
			</report>
			<report>
				<misses>5199001</misses>
				<total>8</total>
				<timestamp>1817.831246</timestamp>
			</report>
			<report>
				<misses>5200001</misses>
				<total>8</total>
				<timestamp>1818.180903</timestamp>
			</report>
			<report>
				<misses>5201001</misses>
				<total>8</total>
				<timestamp>1818.530527</timestamp>
			</report>
			<report>
				<misses>5202001</misses>
				<total>8</total>
				<timestamp>1818.880231</timestamp>
			</report>
			<report>
				<misses>5203001</misses>
				<total>8</total>
				<timestamp>1819.229839</timestamp>
			</report>
			<report>
				<misses>5204001</misses>
				<total>8</total>
				<timestamp>1819.579494</timestamp>
			</report>
			<report>
				<misses>5205001</misses>
				<total>8</total>
				<timestamp>1819.929154</timestamp>
			</report>
			<report>
				<misses>5206001</misses>
				<total>8</total>
				<timestamp>1820.278776</timestamp>
			</report>
			<report>
				<misses>5207001</misses>
				<total>8</total>
				<timestamp>1820.628417</timestamp>
			</report>
			<report>
				<misses>5208001</misses>
				<total>8</total>
				<timestamp>1820.978118</timestamp>
			</report>
			<report>
				<misses>5209001</misses>
				<total>8</total>
				<timestamp>1821.327736</timestamp>
			</report>
			<report>
				<misses>5210001</misses>
				<total>8</total>
				<timestamp>1821.677374</timestamp>
			</report>
			<report>
				<misses>5211001</misses>
				<total>8</total>
				<timestamp>1822.027042</timestamp>
			</report>
			<report>
				<misses>5212001</misses>
				<total>8</total>
				<timestamp>1822.376701</timestamp>
			</report>
			<report>
				<misses>5213001</misses>
				<total>8</total>
				<timestamp>1822.726336</timestamp>
			</report>
			<report>
				<misses>5214001</misses>
				<total>8</total>
				<timestamp>1823.075976</timestamp>
			</report>
			<report>
				<misses>5215001</misses>
				<total>8</total>
				<timestamp>1823.425639</timestamp>
			</report>
			<report>
				<misses>5216001</misses>
				<total>8</total>
				<timestamp>1823.775284</timestamp>
			</report>
			<report>
				<misses>5217001</misses>
				<total>8</total>
				<timestamp>1824.124924</timestamp>
			</report>
			<report>
				<misses>5218001</misses>
				<total>8</total>
				<timestamp>1824.474585</timestamp>
			</report>
			<report>
				<misses>5219001</misses>
				<total>8</total>
				<timestamp>1824.824247</timestamp>
			</report>
			<report>
				<misses>5220001</misses>
				<total>8</total>
				<timestamp>1825.173882</timestamp>
			</report>
			<report>
				<misses>5221001</misses>
				<total>8</total>
				<timestamp>1825.523530</timestamp>
			</report>
			<report>
				<misses>5222001</misses>
				<total>8</total>
				<timestamp>1825.873204</timestamp>
			</report>
			<report>
				<misses>5223001</misses>
				<total>8</total>
				<timestamp>1826.222834</timestamp>
			</report>
			<report>
				<misses>5224001</misses>
				<total>8</total>
				<timestamp>1826.572485</timestamp>
			</report>
			<report>
				<misses>5225001</misses>
				<total>8</total>
				<timestamp>1826.922162</timestamp>
			</report>
			<report>
				<misses>5226001</misses>
				<total>8</total>
				<timestamp>1827.271789</timestamp>
			</report>
			<report>
				<misses>5227001</misses>
				<total>8</total>
				<timestamp>1827.621435</timestamp>
			</report>
			<report>
				<misses>5228001</misses>
				<total>8</total>
				<timestamp>1827.971170</timestamp>
			</report>
			<report>
				<misses>5229001</misses>
				<total>8</total>
				<timestamp>1828.320738</timestamp>
			</report>
			<report>
				<misses>5230001</misses>
				<total>8</total>
				<timestamp>1828.670391</timestamp>
			</report>
			<report>
				<misses>5231001</misses>
				<total>8</total>
				<timestamp>1829.020070</timestamp>
			</report>
			<report>
				<misses>5232001</misses>
				<total>8</total>
				<timestamp>1829.369724</timestamp>
			</report>
			<report>
				<misses>5233001</misses>
				<total>8</total>
				<timestamp>1829.719328</timestamp>
			</report>
			<report>
				<misses>5234001</misses>
				<total>8</total>
				<timestamp>1830.068986</timestamp>
			</report>
			<report>
				<misses>5235001</misses>
				<total>8</total>
				<timestamp>1830.418640</timestamp>
			</report>
			<report>
				<misses>5236001</misses>
				<total>8</total>
				<timestamp>1830.768267</timestamp>
			</report>
			<report>
				<misses>5237001</misses>
				<total>8</total>
				<timestamp>1831.117932</timestamp>
			</report>
			<report>
				<misses>5238001</misses>
				<total>8</total>
				<timestamp>1831.467607</timestamp>
			</report>
			<report>
				<misses>5239001</misses>
				<total>8</total>
				<timestamp>1831.817248</timestamp>
			</report>
			<report>
				<misses>5240001</misses>
				<total>8</total>
				<timestamp>1832.166872</timestamp>
			</report>
			<report>
				<misses>5241001</misses>
				<total>8</total>
				<timestamp>1832.516534</timestamp>
			</report>
			<report>
				<misses>5242001</misses>
				<total>8</total>
				<timestamp>1832.866216</timestamp>
			</report>
			<report>
				<misses>5243001</misses>
				<total>8</total>
				<timestamp>1833.215850</timestamp>
			</report>
			<report>
				<misses>5244001</misses>
				<total>8</total>
				<timestamp>1833.565484</timestamp>
			</report>
			<report>
				<misses>5245001</misses>
				<total>8</total>
				<timestamp>1833.915148</timestamp>
			</report>
			<report>
				<misses>5246001</misses>
				<total>8</total>
				<timestamp>1834.264840</timestamp>
			</report>
			<report>
				<misses>5247001</misses>
				<total>8</total>
				<timestamp>1834.614439</timestamp>
			</report>
			<report>
				<misses>5248001</misses>
				<total>8</total>
				<timestamp>1834.964122</timestamp>
			</report>
			<report>
				<misses>5249001</misses>
				<total>8</total>
				<timestamp>1835.313740</timestamp>
			</report>
			<report>
				<misses>5250001</misses>
				<total>8</total>
				<timestamp>1835.663385</timestamp>
			</report>
			<report>
				<misses>5251001</misses>
				<total>8</total>
				<timestamp>1836.013072</timestamp>
			</report>
			<report>
				<misses>5252001</misses>
				<total>8</total>
				<timestamp>1836.362686</timestamp>
			</report>
			<report>
				<misses>5253001</misses>
				<total>8</total>
				<timestamp>1836.712353</timestamp>
			</report>
			<report>
				<misses>5254001</misses>
				<total>8</total>
				<timestamp>1837.061979</timestamp>
			</report>
			<report>
				<misses>5255001</misses>
				<total>8</total>
				<timestamp>1837.411636</timestamp>
			</report>
			<report>
				<misses>5256001</misses>
				<total>8</total>
				<timestamp>1837.761286</timestamp>
			</report>
			<report>
				<misses>5257001</misses>
				<total>8</total>
				<timestamp>1838.110940</timestamp>
			</report>
			<report>
				<misses>5258001</misses>
				<total>8</total>
				<timestamp>1838.460573</timestamp>
			</report>
			<report>
				<misses>5259001</misses>
				<total>8</total>
				<timestamp>1838.810241</timestamp>
			</report>
			<report>
				<misses>5260001</misses>
				<total>8</total>
				<timestamp>1839.159885</timestamp>
			</report>
			<report>
				<misses>5261001</misses>
				<total>8</total>
				<timestamp>1839.509534</timestamp>
			</report>
			<report>
				<misses>5262001</misses>
				<total>8</total>
				<timestamp>1839.859231</timestamp>
			</report>
			<report>
				<misses>5263001</misses>
				<total>8</total>
				<timestamp>1840.208834</timestamp>
			</report>
			<report>
				<misses>5264001</misses>
				<total>8</total>
				<timestamp>1840.558535</timestamp>
			</report>
			<report>
				<misses>5265001</misses>
				<total>8</total>
				<timestamp>1840.908126</timestamp>
			</report>
			<report>
				<misses>5266001</misses>
				<total>8</total>
				<timestamp>1841.257800</timestamp>
			</report>
			<report>
				<misses>5267001</misses>
				<total>8</total>
				<timestamp>1841.607454</timestamp>
			</report>
			<report>
				<misses>5268001</misses>
				<total>8</total>
				<timestamp>1841.957131</timestamp>
			</report>
			<report>
				<misses>5269001</misses>
				<total>8</total>
				<timestamp>1842.306736</timestamp>
			</report>
			<report>
				<misses>5270001</misses>
				<total>8</total>
				<timestamp>1842.656439</timestamp>
			</report>
			<report>
				<misses>5271001</misses>
				<total>8</total>
				<timestamp>1843.006073</timestamp>
			</report>
			<report>
				<misses>5272001</misses>
				<total>8</total>
				<timestamp>1843.355681</timestamp>
			</report>
			<report>
				<misses>5273001</misses>
				<total>8</total>
				<timestamp>1843.705364</timestamp>
			</report>
			<report>
				<misses>5274001</misses>
				<total>8</total>
				<timestamp>1844.055010</timestamp>
			</report>
			<report>
				<misses>5275001</misses>
				<total>8</total>
				<timestamp>1844.404636</timestamp>
			</report>
			<report>
				<misses>5276001</misses>
				<total>8</total>
				<timestamp>1844.754284</timestamp>
			</report>
			<report>
				<misses>5277001</misses>
				<total>8</total>
				<timestamp>1845.103936</timestamp>
			</report>
			<report>
				<misses>5278001</misses>
				<total>8</total>
				<timestamp>1845.453579</timestamp>
			</report>
			<report>
				<misses>5279001</misses>
				<total>8</total>
				<timestamp>1845.803231</timestamp>
			</report>
			<report>
				<misses>5280001</misses>
				<total>8</total>
				<timestamp>1846.152895</timestamp>
			</report>
			<report>
				<misses>5281001</misses>
				<total>8</total>
				<timestamp>1846.502529</timestamp>
			</report>
			<report>
				<misses>5282001</misses>
				<total>8</total>
				<timestamp>1846.852182</timestamp>
			</report>
			<report>
				<misses>5283001</misses>
				<total>8</total>
				<timestamp>1847.201835</timestamp>
			</report>
			<report>
				<misses>5284001</misses>
				<total>8</total>
				<timestamp>1847.551508</timestamp>
			</report>
			<report>
				<misses>5285001</misses>
				<total>8</total>
				<timestamp>1847.901198</timestamp>
			</report>
			<report>
				<misses>5286001</misses>
				<total>8</total>
				<timestamp>1848.250778</timestamp>
			</report>
			<report>
				<misses>5287001</misses>
				<total>8</total>
				<timestamp>1848.600460</timestamp>
			</report>
			<report>
				<misses>5288001</misses>
				<total>8</total>
				<timestamp>1848.950134</timestamp>
			</report>
			<report>
				<misses>5289001</misses>
				<total>8</total>
				<timestamp>1849.299730</timestamp>
			</report>
			<report>
				<misses>5290001</misses>
				<total>8</total>
				<timestamp>1849.649412</timestamp>
			</report>
			<report>
				<misses>5291001</misses>
				<total>8</total>
				<timestamp>1849.999064</timestamp>
			</report>
			<report>
				<misses>5292001</misses>
				<total>8</total>
				<timestamp>1850.348667</timestamp>
			</report>
			<report>
				<misses>5293001</misses>
				<total>8</total>
				<timestamp>1850.698330</timestamp>
			</report>
			<report>
				<misses>5294001</misses>
				<total>8</total>
				<timestamp>1851.047993</timestamp>
			</report>
			<report>
				<misses>5295001</misses>
				<total>8</total>
				<timestamp>1851.397628</timestamp>
			</report>
			<report>
				<misses>5296001</misses>
				<total>8</total>
				<timestamp>1851.747291</timestamp>
			</report>
			<report>
				<misses>5297001</misses>
				<total>8</total>
				<timestamp>1852.096983</timestamp>
			</report>
			<report>
				<misses>5298001</misses>
				<total>8</total>
				<timestamp>1852.446588</timestamp>
			</report>
			<report>
				<misses>5299001</misses>
				<total>8</total>
				<timestamp>1852.796263</timestamp>
			</report>
			<report>
				<misses>5300001</misses>
				<total>8</total>
				<timestamp>1853.145928</timestamp>
			</report>
			<report>
				<misses>5301001</misses>
				<total>8</total>
				<timestamp>1853.495559</timestamp>
			</report>
			<report>
				<misses>5302001</misses>
				<total>8</total>
				<timestamp>1853.845213</timestamp>
			</report>
			<report>
				<misses>5303001</misses>
				<total>8</total>
				<timestamp>1854.194828</timestamp>
			</report>
			<report>
				<misses>5304001</misses>
				<total>8</total>
				<timestamp>1854.544487</timestamp>
			</report>
			<report>
				<misses>5305001</misses>
				<total>8</total>
				<timestamp>1854.894130</timestamp>
			</report>
			<report>
				<misses>5306001</misses>
				<total>8</total>
				<timestamp>1855.243782</timestamp>
			</report>
			<report>
				<misses>5307001</misses>
				<total>8</total>
				<timestamp>1855.593440</timestamp>
			</report>
			<report>
				<misses>5308001</misses>
				<total>8</total>
				<timestamp>1855.943155</timestamp>
			</report>
			<report>
				<misses>5309001</misses>
				<total>8</total>
				<timestamp>1856.292730</timestamp>
			</report>
			<report>
				<misses>5310001</misses>
				<total>8</total>
				<timestamp>1856.642415</timestamp>
			</report>
			<report>
				<misses>5311001</misses>
				<total>8</total>
				<timestamp>1856.992060</timestamp>
			</report>
			<report>
				<misses>5312001</misses>
				<total>8</total>
				<timestamp>1857.341704</timestamp>
			</report>
			<report>
				<misses>5313001</misses>
				<total>8</total>
				<timestamp>1857.691339</timestamp>
			</report>
			<report>
				<misses>5314001</misses>
				<total>8</total>
				<timestamp>1858.040992</timestamp>
			</report>
			<report>
				<misses>5315001</misses>
				<total>8</total>
				<timestamp>1858.390631</timestamp>
			</report>
			<report>
				<misses>5316001</misses>
				<total>8</total>
				<timestamp>1858.740288</timestamp>
			</report>
			<report>
				<misses>5317001</misses>
				<total>8</total>
				<timestamp>1859.090005</timestamp>
			</report>
			<report>
				<misses>5318001</misses>
				<total>8</total>
				<timestamp>1859.439575</timestamp>
			</report>
			<report>
				<misses>5319001</misses>
				<total>8</total>
				<timestamp>1859.789219</timestamp>
			</report>
			<report>
				<misses>5320001</misses>
				<total>8</total>
				<timestamp>1860.138891</timestamp>
			</report>
			<report>
				<misses>5321001</misses>
				<total>8</total>
				<timestamp>1860.488554</timestamp>
			</report>
			<report>
				<misses>5322001</misses>
				<total>8</total>
				<timestamp>1860.838209</timestamp>
			</report>
			<report>
				<misses>5323001</misses>
				<total>8</total>
				<timestamp>1861.187847</timestamp>
			</report>
			<report>
				<misses>5324001</misses>
				<total>8</total>
				<timestamp>1861.537484</timestamp>
			</report>
			<report>
				<misses>5325001</misses>
				<total>8</total>
				<timestamp>1861.887164</timestamp>
			</report>
			<report>
				<misses>5326001</misses>
				<total>8</total>
				<timestamp>1862.236786</timestamp>
			</report>
			<report>
				<misses>5327001</misses>
				<total>8</total>
				<timestamp>1862.586535</timestamp>
			</report>
			<report>
				<misses>5328001</misses>
				<total>8</total>
				<timestamp>1862.936089</timestamp>
			</report>
			<report>
				<misses>5329001</misses>
				<total>8</total>
				<timestamp>1863.285788</timestamp>
			</report>
			<report>
				<misses>5330001</misses>
				<total>8</total>
				<timestamp>1863.635404</timestamp>
			</report>
			<report>
				<misses>5331001</misses>
				<total>8</total>
				<timestamp>1863.985075</timestamp>
			</report>
			<report>
				<misses>5332001</misses>
				<total>8</total>
				<timestamp>1864.334687</timestamp>
			</report>
			<report>
				<misses>5333001</misses>
				<total>8</total>
				<timestamp>1864.684375</timestamp>
			</report>
			<report>
				<misses>5334001</misses>
				<total>8</total>
				<timestamp>1865.034019</timestamp>
			</report>
			<report>
				<misses>5335001</misses>
				<total>8</total>
				<timestamp>1865.383660</timestamp>
			</report>
			<report>
				<misses>5336001</misses>
				<total>8</total>
				<timestamp>1865.733290</timestamp>
			</report>
			<report>
				<misses>5337001</misses>
				<total>8</total>
				<timestamp>1866.083008</timestamp>
			</report>
			<report>
				<misses>5338001</misses>
				<total>8</total>
				<timestamp>1866.432585</timestamp>
			</report>
			<report>
				<misses>5339001</misses>
				<total>8</total>
				<timestamp>1866.782239</timestamp>
			</report>
			<report>
				<misses>5340001</misses>
				<total>8</total>
				<timestamp>1867.131930</timestamp>
			</report>
			<report>
				<misses>5341001</misses>
				<total>8</total>
				<timestamp>1867.481548</timestamp>
			</report>
			<report>
				<misses>5342001</misses>
				<total>8</total>
				<timestamp>1867.831198</timestamp>
			</report>
			<report>
				<misses>5343001</misses>
				<total>8</total>
				<timestamp>1868.180910</timestamp>
			</report>
			<report>
				<misses>5344001</misses>
				<total>8</total>
				<timestamp>1868.530493</timestamp>
			</report>
			<report>
				<misses>5345001</misses>
				<total>8</total>
				<timestamp>1868.880147</timestamp>
			</report>
			<report>
				<misses>5346001</misses>
				<total>8</total>
				<timestamp>1869.229818</timestamp>
			</report>
			<report>
				<misses>5347001</misses>
				<total>8</total>
				<timestamp>1869.579445</timestamp>
			</report>
			<report>
				<misses>5348001</misses>
				<total>8</total>
				<timestamp>1869.929101</timestamp>
			</report>
			<report>
				<misses>5349001</misses>
				<total>8</total>
				<timestamp>1870.278766</timestamp>
			</report>
			<report>
				<misses>5350001</misses>
				<total>8</total>
				<timestamp>1870.628378</timestamp>
			</report>
			<report>
				<misses>5351001</misses>
				<total>8</total>
				<timestamp>1870.978035</timestamp>
			</report>
			<report>
				<misses>5352001</misses>
				<total>8</total>
				<timestamp>1871.327729</timestamp>
			</report>
			<report>
				<misses>5353001</misses>
				<total>8</total>
				<timestamp>1871.677337</timestamp>
			</report>
			<report>
				<misses>5354001</misses>
				<total>8</total>
				<timestamp>1872.027016</timestamp>
			</report>
			<report>
				<misses>5355001</misses>
				<total>8</total>
				<timestamp>1872.376624</timestamp>
			</report>
			<report>
				<misses>5356001</misses>
				<total>8</total>
				<timestamp>1872.726297</timestamp>
			</report>
			<report>
				<misses>5357001</misses>
				<total>8</total>
				<timestamp>1873.075955</timestamp>
			</report>
			<report>
				<misses>5358001</misses>
				<total>8</total>
				<timestamp>1873.425615</timestamp>
			</report>
			<report>
				<misses>5359001</misses>
				<total>8</total>
				<timestamp>1873.775225</timestamp>
			</report>
			<report>
				<misses>5360001</misses>
				<total>8</total>
				<timestamp>1874.124943</timestamp>
			</report>
			<report>
				<misses>5361001</misses>
				<total>8</total>
				<timestamp>1874.474528</timestamp>
			</report>
			<report>
				<misses>5362001</misses>
				<total>8</total>
				<timestamp>1874.824176</timestamp>
			</report>
			<report>
				<misses>5363001</misses>
				<total>8</total>
				<timestamp>1875.173864</timestamp>
			</report>
			<report>
				<misses>5364001</misses>
				<total>8</total>
				<timestamp>1875.523489</timestamp>
			</report>
			<report>
				<misses>5365001</misses>
				<total>8</total>
				<timestamp>1875.873146</timestamp>
			</report>
			<report>
				<misses>5366001</misses>
				<total>8</total>
				<timestamp>1876.222829</timestamp>
			</report>
			<report>
				<misses>5367001</misses>
				<total>8</total>
				<timestamp>1876.572414</timestamp>
			</report>
			<report>
				<misses>5368001</misses>
				<total>8</total>
				<timestamp>1876.922085</timestamp>
			</report>
			<report>
				<misses>5369001</misses>
				<total>8</total>
				<timestamp>1877.271732</timestamp>
			</report>
			<report>
				<misses>5370001</misses>
				<total>8</total>
				<timestamp>1877.621400</timestamp>
			</report>
			<report>
				<misses>5371001</misses>
				<total>8</total>
				<timestamp>1877.971032</timestamp>
			</report>
			<report>
				<misses>5372001</misses>
				<total>8</total>
				<timestamp>1878.320690</timestamp>
			</report>
			<report>
				<misses>5373001</misses>
				<total>8</total>
				<timestamp>1878.670347</timestamp>
			</report>
			<report>
				<misses>5374001</misses>
				<total>8</total>
				<timestamp>1879.019990</timestamp>
			</report>
			<report>
				<misses>5375001</misses>
				<total>8</total>
				<timestamp>1879.369624</timestamp>
			</report>
			<report>
				<misses>5376001</misses>
				<total>8</total>
				<timestamp>1879.719312</timestamp>
			</report>
			<report>
				<misses>5377001</misses>
				<total>8</total>
				<timestamp>1880.068973</timestamp>
			</report>
			<report>
				<misses>5378001</misses>
				<total>8</total>
				<timestamp>1880.418607</timestamp>
			</report>
			<report>
				<misses>5379001</misses>
				<total>8</total>
				<timestamp>1880.768221</timestamp>
			</report>
			<report>
				<misses>5380001</misses>
				<total>8</total>
				<timestamp>1881.117889</timestamp>
			</report>
			<report>
				<misses>5381001</misses>
				<total>8</total>
				<timestamp>1881.467525</timestamp>
			</report>
			<report>
				<misses>5382001</misses>
				<total>8</total>
				<timestamp>1881.817178</timestamp>
			</report>
			<report>
				<misses>5383001</misses>
				<total>8</total>
				<timestamp>1882.166869</timestamp>
			</report>
			<report>
				<misses>5384001</misses>
				<total>8</total>
				<timestamp>1882.516479</timestamp>
			</report>
			<report>
				<misses>5385001</misses>
				<total>8</total>
				<timestamp>1882.866180</timestamp>
			</report>
			<report>
				<misses>5386001</misses>
				<total>8</total>
				<timestamp>1883.215820</timestamp>
			</report>
			<report>
				<misses>5387001</misses>
				<total>8</total>
				<timestamp>1883.565445</timestamp>
			</report>
			<report>
				<misses>5388001</misses>
				<total>8</total>
				<timestamp>1883.915103</timestamp>
			</report>
			<report>
				<misses>5389001</misses>
				<total>8</total>
				<timestamp>1884.264758</timestamp>
			</report>
			<report>
				<misses>5390001</misses>
				<total>8</total>
				<timestamp>1884.614404</timestamp>
			</report>
			<report>
				<misses>5391001</misses>
				<total>8</total>
				<timestamp>1884.964034</timestamp>
			</report>
			<report>
				<misses>5392001</misses>
				<total>8</total>
				<timestamp>1885.313677</timestamp>
			</report>
			<report>
				<misses>5393001</misses>
				<total>8</total>
				<timestamp>1885.663356</timestamp>
			</report>
			<report>
				<misses>5394001</misses>
				<total>8</total>
				<timestamp>1886.012995</timestamp>
			</report>
			<report>
				<misses>5395001</misses>
				<total>8</total>
				<timestamp>1886.362630</timestamp>
			</report>
			<report>
				<misses>5396001</misses>
				<total>8</total>
				<timestamp>1886.712326</timestamp>
			</report>
			<report>
				<misses>5397001</misses>
				<total>8</total>
				<timestamp>1887.061953</timestamp>
			</report>
			<report>
				<misses>5398001</misses>
				<total>8</total>
				<timestamp>1887.411585</timestamp>
			</report>
			<report>
				<misses>5399001</misses>
				<total>8</total>
				<timestamp>1887.761223</timestamp>
			</report>
			<report>
				<misses>5400001</misses>
				<total>8</total>
				<timestamp>1888.110920</timestamp>
			</report>
			<report>
				<misses>5401001</misses>
				<total>8</total>
				<timestamp>1888.460542</timestamp>
			</report>
			<report>
				<misses>5402001</misses>
				<total>8</total>
				<timestamp>1888.810195</timestamp>
			</report>
			<report>
				<misses>5403001</misses>
				<total>8</total>
				<timestamp>1889.159858</timestamp>
			</report>
			<report>
				<misses>5404001</misses>
				<total>8</total>
				<timestamp>1889.509477</timestamp>
			</report>
			<report>
				<misses>5405001</misses>
				<total>8</total>
				<timestamp>1889.859152</timestamp>
			</report>
			<report>
				<misses>5406001</misses>
				<total>8</total>
				<timestamp>1890.208787</timestamp>
			</report>
			<report>
				<misses>5407001</misses>
				<total>8</total>
				<timestamp>1890.558450</timestamp>
			</report>
			<report>
				<misses>5408001</misses>
				<total>8</total>
				<timestamp>1890.908121</timestamp>
			</report>
			<report>
				<misses>5409001</misses>
				<total>8</total>
				<timestamp>1891.257780</timestamp>
			</report>
			<report>
				<misses>5410001</misses>
				<total>8</total>
				<timestamp>1891.607393</timestamp>
			</report>
			<report>
				<misses>5411001</misses>
				<total>8</total>
				<timestamp>1891.957053</timestamp>
			</report>
			<report>
				<misses>5412001</misses>
				<total>8</total>
				<timestamp>1892.306720</timestamp>
			</report>
			<report>
				<misses>5413001</misses>
				<total>8</total>
				<timestamp>1892.656341</timestamp>
			</report>
			<report>
				<misses>5414001</misses>
				<total>8</total>
				<timestamp>1893.006005</timestamp>
			</report>
			<report>
				<misses>5415001</misses>
				<total>8</total>
				<timestamp>1893.355620</timestamp>
			</report>
			<report>
				<misses>5416001</misses>
				<total>8</total>
				<timestamp>1893.705290</timestamp>
			</report>
			<report>
				<misses>5417001</misses>
				<total>8</total>
				<timestamp>1894.054932</timestamp>
			</report>
			<report>
				<misses>5418001</misses>
				<total>8</total>
				<timestamp>1894.404589</timestamp>
			</report>
			<report>
				<misses>5419001</misses>
				<total>8</total>
				<timestamp>1894.754268</timestamp>
			</report>
			<report>
				<misses>5420001</misses>
				<total>8</total>
				<timestamp>1895.103912</timestamp>
			</report>
			<report>
				<misses>5421001</misses>
				<total>8</total>
				<timestamp>1895.453535</timestamp>
			</report>
			<report>
				<misses>5422001</misses>
				<total>8</total>
				<timestamp>1895.803200</timestamp>
			</report>
			<report>
				<misses>5423001</misses>
				<total>8</total>
				<timestamp>1896.152848</timestamp>
			</report>
			<report>
				<misses>5424001</misses>
				<total>8</total>
				<timestamp>1896.502504</timestamp>
			</report>
			<report>
				<misses>5425001</misses>
				<total>8</total>
				<timestamp>1896.852165</timestamp>
			</report>
			<report>
				<misses>5426001</misses>
				<total>8</total>
				<timestamp>1897.201784</timestamp>
			</report>
			<report>
				<misses>5427001</misses>
				<total>8</total>
				<timestamp>1897.551437</timestamp>
			</report>
			<report>
				<misses>5428001</misses>
				<total>8</total>
				<timestamp>1897.901085</timestamp>
			</report>
			<report>
				<misses>5429001</misses>
				<total>8</total>
				<timestamp>1898.250739</timestamp>
			</report>
			<report>
				<misses>5430001</misses>
				<total>8</total>
				<timestamp>1898.600403</timestamp>
			</report>
			<report>
				<misses>5431001</misses>
				<total>8</total>
				<timestamp>1898.950033</timestamp>
			</report>
			<report>
				<misses>5432001</misses>
				<total>8</total>
				<timestamp>1899.299708</timestamp>
			</report>
			<report>
				<misses>5433001</misses>
				<total>8</total>
				<timestamp>1899.649380</timestamp>
			</report>
			<report>
				<misses>5434001</misses>
				<total>8</total>
				<timestamp>1899.998989</timestamp>
			</report>
			<report>
				<misses>5435001</misses>
				<total>8</total>
				<timestamp>1900.348678</timestamp>
			</report>
			<report>
				<misses>5436001</misses>
				<total>8</total>
				<timestamp>1900.698299</timestamp>
			</report>
			<report>
				<misses>5437001</misses>
				<total>8</total>
				<timestamp>1901.047938</timestamp>
			</report>
			<report>
				<misses>5438001</misses>
				<total>8</total>
				<timestamp>1901.397606</timestamp>
			</report>
			<report>
				<misses>5439001</misses>
				<total>8</total>
				<timestamp>1901.747232</timestamp>
			</report>
			<report>
				<misses>5440001</misses>
				<total>8</total>
				<timestamp>1902.096913</timestamp>
			</report>
			<report>
				<misses>5441001</misses>
				<total>8</total>
				<timestamp>1902.446530</timestamp>
			</report>
			<report>
				<misses>5442001</misses>
				<total>8</total>
				<timestamp>1902.796204</timestamp>
			</report>
			<report>
				<misses>5443001</misses>
				<total>8</total>
				<timestamp>1903.145870</timestamp>
			</report>
			<report>
				<misses>5444001</misses>
				<total>8</total>
				<timestamp>1903.495499</timestamp>
			</report>
			<report>
				<misses>5445001</misses>
				<total>8</total>
				<timestamp>1903.845156</timestamp>
			</report>
			<report>
				<misses>5446001</misses>
				<total>8</total>
				<timestamp>1904.194801</timestamp>
			</report>
			<report>
				<misses>5447001</misses>
				<total>8</total>
				<timestamp>1904.544447</timestamp>
			</report>
			<report>
				<misses>5448001</misses>
				<total>8</total>
				<timestamp>1904.894097</timestamp>
			</report>
			<report>
				<misses>5449001</misses>
				<total>8</total>
				<timestamp>1905.243736</timestamp>
			</report>
			<report>
				<misses>5450001</misses>
				<total>8</total>
				<timestamp>1905.593439</timestamp>
			</report>
			<report>
				<misses>5451001</misses>
				<total>8</total>
				<timestamp>1905.943057</timestamp>
			</report>
			<report>
				<misses>5452001</misses>
				<total>8</total>
				<timestamp>1906.292701</timestamp>
			</report>
			<report>
				<misses>5453001</misses>
				<total>8</total>
				<timestamp>1906.642345</timestamp>
			</report>
			<report>
				<misses>5454001</misses>
				<total>8</total>
				<timestamp>1906.991977</timestamp>
			</report>
			<report>
				<misses>5455001</misses>
				<total>8</total>
				<timestamp>1907.341681</timestamp>
			</report>
			<report>
				<misses>5456001</misses>
				<total>8</total>
				<timestamp>1907.691286</timestamp>
			</report>
			<report>
				<misses>5457001</misses>
				<total>8</total>
				<timestamp>1908.040930</timestamp>
			</report>
			<report>
				<misses>5458001</misses>
				<total>8</total>
				<timestamp>1908.390580</timestamp>
			</report>
			<report>
				<misses>5459001</misses>
				<total>8</total>
				<timestamp>1908.740240</timestamp>
			</report>
			<report>
				<misses>5460001</misses>
				<total>8</total>
				<timestamp>1909.089888</timestamp>
			</report>
			<report>
				<misses>5461001</misses>
				<total>8</total>
				<timestamp>1909.439537</timestamp>
			</report>
			<report>
				<misses>5462001</misses>
				<total>8</total>
				<timestamp>1909.789193</timestamp>
			</report>
			<report>
				<misses>5463001</misses>
				<total>8</total>
				<timestamp>1910.138848</timestamp>
			</report>
			<report>
				<misses>5464001</misses>
				<total>8</total>
				<timestamp>1910.488488</timestamp>
			</report>
			<report>
				<misses>5465001</misses>
				<total>8</total>
				<timestamp>1910.838181</timestamp>
			</report>
			<report>
				<misses>5466001</misses>
				<total>8</total>
				<timestamp>1911.187810</timestamp>
			</report>
			<report>
				<misses>5467001</misses>
				<total>8</total>
				<timestamp>1911.537446</timestamp>
			</report>
			<report>
				<misses>5468001</misses>
				<total>8</total>
				<timestamp>1911.887100</timestamp>
			</report>
			<report>
				<misses>5469001</misses>
				<total>8</total>
				<timestamp>1912.236758</timestamp>
			</report>
			<report>
				<misses>5470001</misses>
				<total>8</total>
				<timestamp>1912.586378</timestamp>
			</report>
			<report>
				<misses>5471001</misses>
				<total>8</total>
				<timestamp>1912.936053</timestamp>
			</report>
			<report>
				<misses>5472001</misses>
				<total>8</total>
				<timestamp>1913.285697</timestamp>
			</report>
			<report>
				<misses>5473001</misses>
				<total>8</total>
				<timestamp>1913.635340</timestamp>
			</report>
			<report>
				<misses>5474001</misses>
				<total>8</total>
				<timestamp>1913.985000</timestamp>
			</report>
			<report>
				<misses>5475001</misses>
				<total>8</total>
				<timestamp>1914.334695</timestamp>
			</report>
			<report>
				<misses>5476001</misses>
				<total>8</total>
				<timestamp>1914.684270</timestamp>
			</report>
			<report>
				<misses>5477001</misses>
				<total>8</total>
				<timestamp>1915.033932</timestamp>
			</report>
			<report>
				<misses>5478001</misses>
				<total>8</total>
				<timestamp>1915.383643</timestamp>
			</report>
			<report>
				<misses>5479001</misses>
				<total>8</total>
				<timestamp>1915.733256</timestamp>
			</report>
			<report>
				<misses>5480001</misses>
				<total>8</total>
				<timestamp>1916.082871</timestamp>
			</report>
			<report>
				<misses>5481001</misses>
				<total>8</total>
				<timestamp>1916.432554</timestamp>
			</report>
			<report>
				<misses>5482001</misses>
				<total>8</total>
				<timestamp>1916.782183</timestamp>
			</report>
			<report>
				<misses>5483001</misses>
				<total>8</total>
				<timestamp>1917.131847</timestamp>
			</report>
			<report>
				<misses>5484001</misses>
				<total>8</total>
				<timestamp>1917.481485</timestamp>
			</report>
			<report>
				<misses>5485001</misses>
				<total>8</total>
				<timestamp>1917.831153</timestamp>
			</report>
			<report>
				<misses>5486001</misses>
				<total>8</total>
				<timestamp>1918.180777</timestamp>
			</report>
			<report>
				<misses>5487001</misses>
				<total>8</total>
				<timestamp>1918.530445</timestamp>
			</report>
			<report>
				<misses>5488001</misses>
				<total>8</total>
				<timestamp>1918.880102</timestamp>
			</report>
			<report>
				<misses>5489001</misses>
				<total>8</total>
				<timestamp>1919.229769</timestamp>
			</report>
			<report>
				<misses>5490001</misses>
				<total>8</total>
				<timestamp>1919.579375</timestamp>
			</report>
			<report>
				<misses>5491001</misses>
				<total>8</total>
				<timestamp>1919.929051</timestamp>
			</report>
			<report>
				<misses>5492001</misses>
				<total>8</total>
				<timestamp>1920.278744</timestamp>
			</report>
			<report>
				<misses>5493001</misses>
				<total>8</total>
				<timestamp>1920.628324</timestamp>
			</report>
			<report>
				<misses>5494001</misses>
				<total>8</total>
				<timestamp>1920.977990</timestamp>
			</report>
			<report>
				<misses>5495001</misses>
				<total>8</total>
				<timestamp>1921.327643</timestamp>
			</report>
			<report>
				<misses>5496001</misses>
				<total>8</total>
				<timestamp>1921.677330</timestamp>
			</report>
			<report>
				<misses>5497001</misses>
				<total>8</total>
				<timestamp>1922.026942</timestamp>
			</report>
			<report>
				<misses>5498001</misses>
				<total>8</total>
				<timestamp>1922.376623</timestamp>
			</report>
			<report>
				<misses>5499001</misses>
				<total>8</total>
				<timestamp>1922.726255</timestamp>
			</report>
			<report>
				<misses>5500001</misses>
				<total>8</total>
				<timestamp>1923.075887</timestamp>
			</report>
			<report>
				<misses>5501001</misses>
				<total>8</total>
				<timestamp>1923.425596</timestamp>
			</report>
			<report>
				<misses>5502001</misses>
				<total>8</total>
				<timestamp>1923.775190</timestamp>
			</report>
			<report>
				<misses>5503001</misses>
				<total>8</total>
				<timestamp>1924.124820</timestamp>
			</report>
			<report>
				<misses>5504001</misses>
				<total>8</total>
				<timestamp>1924.474559</timestamp>
			</report>
			<report>
				<misses>5505001</misses>
				<total>8</total>
				<timestamp>1924.824169</timestamp>
			</report>
			<report>
				<misses>5506001</misses>
				<total>8</total>
				<timestamp>1925.173784</timestamp>
			</report>
			<report>
				<misses>5507001</misses>
				<total>8</total>
				<timestamp>1925.523443</timestamp>
			</report>
			<report>
				<misses>5508001</misses>
				<total>8</total>
				<timestamp>1925.873115</timestamp>
			</report>
			<report>
				<misses>5509001</misses>
				<total>8</total>
				<timestamp>1926.222733</timestamp>
			</report>
			<report>
				<misses>5510001</misses>
				<total>8</total>
				<timestamp>1926.572373</timestamp>
			</report>
			<report>
				<misses>5511001</misses>
				<total>8</total>
				<timestamp>1926.922032</timestamp>
			</report>
			<report>
				<misses>5512001</misses>
				<total>8</total>
				<timestamp>1927.271736</timestamp>
			</report>
			<report>
				<misses>5513001</misses>
				<total>8</total>
				<timestamp>1927.621328</timestamp>
			</report>
			<report>
				<misses>5514001</misses>
				<total>8</total>
				<timestamp>1927.970991</timestamp>
			</report>
			<report>
				<misses>5515001</misses>
				<total>8</total>
				<timestamp>1928.320643</timestamp>
			</report>
			<report>
				<misses>5516001</misses>
				<total>8</total>
				<timestamp>1928.670283</timestamp>
			</report>
			<report>
				<misses>5517001</misses>
				<total>8</total>
				<timestamp>1929.019932</timestamp>
			</report>
			<report>
				<misses>5518001</misses>
				<total>8</total>
				<timestamp>1929.369612</timestamp>
			</report>
			<report>
				<misses>5519001</misses>
				<total>8</total>
				<timestamp>1929.719230</timestamp>
			</report>
			<report>
				<misses>5520001</misses>
				<total>8</total>
				<timestamp>1930.068872</timestamp>
			</report>
			<report>
				<misses>5521001</misses>
				<total>8</total>
				<timestamp>1930.418569</timestamp>
			</report>
			<report>
				<misses>5522001</misses>
				<total>8</total>
				<timestamp>1930.768240</timestamp>
			</report>
			<report>
				<misses>5523001</misses>
				<total>8</total>
				<timestamp>1931.117835</timestamp>
			</report>
			<report>
				<misses>5524001</misses>
				<total>8</total>
				<timestamp>1931.467545</timestamp>
			</report>
			<report>
				<misses>5525001</misses>
				<total>8</total>
				<timestamp>1931.817148</timestamp>
			</report>
			<report>
				<misses>5526001</misses>
				<total>8</total>
				<timestamp>1932.166796</timestamp>
			</report>
			<report>
				<misses>5527001</misses>
				<total>8</total>
				<timestamp>1932.516470</timestamp>
			</report>
			<report>
				<misses>5528001</misses>
				<total>8</total>
				<timestamp>1932.866129</timestamp>
			</report>
			<report>
				<misses>5529001</misses>
				<total>8</total>
				<timestamp>1933.215732</timestamp>
			</report>
			<report>
				<misses>5530001</misses>
				<total>8</total>
				<timestamp>1933.565398</timestamp>
			</report>
			<report>
				<misses>5531001</misses>
				<total>8</total>
				<timestamp>1933.915070</timestamp>
			</report>
			<report>
				<misses>5532001</misses>
				<total>8</total>
				<timestamp>1934.264707</timestamp>
			</report>
			<report>
				<misses>5533001</misses>
				<total>8</total>
				<timestamp>1934.614330</timestamp>
			</report>
			<report>
				<misses>5534001</misses>
				<total>8</total>
				<timestamp>1934.964034</timestamp>
			</report>
			<report>
				<misses>5535001</misses>
				<total>8</total>
				<timestamp>1935.313671</timestamp>
			</report>
			<report>
				<misses>5536001</misses>
				<total>8</total>
				<timestamp>1935.663287</timestamp>
			</report>
			<report>
				<misses>5537001</misses>
				<total>8</total>
				<timestamp>1936.012956</timestamp>
			</report>
			<report>
				<misses>5538001</misses>
				<total>8</total>
				<timestamp>1936.362598</timestamp>
			</report>
			<report>
				<misses>5539001</misses>
				<total>8</total>
				<timestamp>1936.712286</timestamp>
			</report>
			<report>
				<misses>5540001</misses>
				<total>8</total>
				<timestamp>1937.061870</timestamp>
			</report>
			<report>
				<misses>5541001</misses>
				<total>8</total>
				<timestamp>1937.411610</timestamp>
			</report>
			<report>
				<misses>5542001</misses>
				<total>8</total>
				<timestamp>1937.761181</timestamp>
			</report>
			<report>
				<misses>5543001</misses>
				<total>8</total>
				<timestamp>1938.110851</timestamp>
			</report>
			<report>
				<misses>5544001</misses>
				<total>8</total>
				<timestamp>1938.460551</timestamp>
			</report>
			<report>
				<misses>5545001</misses>
				<total>8</total>
				<timestamp>1938.810125</timestamp>
			</report>
			<report>
				<misses>5546001</misses>
				<total>8</total>
				<timestamp>1939.159799</timestamp>
			</report>
			<report>
				<misses>5547001</misses>
				<total>8</total>
				<timestamp>1939.509433</timestamp>
			</report>
			<report>
				<misses>5548001</misses>
				<total>8</total>
				<timestamp>1939.859108</timestamp>
			</report>
			<report>
				<misses>5549001</misses>
				<total>8</total>
				<timestamp>1940.208729</timestamp>
			</report>
			<report>
				<misses>5550001</misses>
				<total>8</total>
				<timestamp>1940.558461</timestamp>
			</report>
			<report>
				<misses>5551001</misses>
				<total>8</total>
				<timestamp>1940.908076</timestamp>
			</report>
			<report>
				<misses>5552001</misses>
				<total>8</total>
				<timestamp>1941.257692</timestamp>
			</report>
			<report>
				<misses>5553001</misses>
				<total>8</total>
				<timestamp>1941.607379</timestamp>
			</report>
			<report>
				<misses>5554001</misses>
				<total>8</total>
				<timestamp>1941.956997</timestamp>
			</report>
			<report>
				<misses>5555001</misses>
				<total>8</total>
				<timestamp>1942.306633</timestamp>
			</report>
			<report>
				<misses>5556001</misses>
				<total>8</total>
				<timestamp>1942.656326</timestamp>
			</report>
			<report>
				<misses>5557001</misses>
				<total>8</total>
				<timestamp>1943.005955</timestamp>
			</report>
			<report>
				<misses>5558001</misses>
				<total>8</total>
				<timestamp>1943.355612</timestamp>
			</report>
			<report>
				<misses>5559001</misses>
				<total>8</total>
				<timestamp>1943.705244</timestamp>
			</report>
			<report>
				<misses>5560001</misses>
				<total>8</total>
				<timestamp>1944.054891</timestamp>
			</report>
			<report>
				<misses>5561001</misses>
				<total>8</total>
				<timestamp>1944.404566</timestamp>
			</report>
			<report>
				<misses>5562001</misses>
				<total>8</total>
				<timestamp>1944.754213</timestamp>
			</report>
			<report>
				<misses>5563001</misses>
				<total>8</total>
				<timestamp>1945.103877</timestamp>
			</report>
			<report>
				<misses>5564001</misses>
				<total>8</total>
				<timestamp>1945.453527</timestamp>
			</report>
			<report>
				<misses>5565001</misses>
				<total>8</total>
				<timestamp>1945.803138</timestamp>
			</report>
			<report>
				<misses>5566001</misses>
				<total>8</total>
				<timestamp>1946.152783</timestamp>
			</report>
			<report>
				<misses>5567001</misses>
				<total>8</total>
				<timestamp>1946.502506</timestamp>
			</report>
			<report>
				<misses>5568001</misses>
				<total>8</total>
				<timestamp>1946.852096</timestamp>
			</report>
			<report>
				<misses>5569001</misses>
				<total>8</total>
				<timestamp>1947.201724</timestamp>
			</report>
			<report>
				<misses>5570001</misses>
				<total>8</total>
				<timestamp>1947.551441</timestamp>
			</report>
			<report>
				<misses>5571001</misses>
				<total>8</total>
				<timestamp>1947.901068</timestamp>
			</report>
			<report>
				<misses>5572001</misses>
				<total>8</total>
				<timestamp>1948.250696</timestamp>
			</report>
			<report>
				<misses>5573001</misses>
				<total>8</total>
				<timestamp>1948.600345</timestamp>
			</report>
			<report>
				<misses>5574001</misses>
				<total>8</total>
				<timestamp>1948.949994</timestamp>
			</report>
			<report>
				<misses>5575001</misses>
				<total>8</total>
				<timestamp>1949.299622</timestamp>
			</report>
			<report>
				<misses>5576001</misses>
				<total>8</total>
				<timestamp>1949.649288</timestamp>
			</report>
			<report>
				<misses>5577001</misses>
				<total>8</total>
				<timestamp>1949.998949</timestamp>
			</report>
			<report>
				<misses>5578001</misses>
				<total>8</total>
				<timestamp>1950.348589</timestamp>
			</report>
			<report>
				<misses>5579001</misses>
				<total>8</total>
				<timestamp>1950.698267</timestamp>
			</report>
			<report>
				<misses>5580001</misses>
				<total>8</total>
				<timestamp>1951.047892</timestamp>
			</report>
			<report>
				<misses>5581001</misses>
				<total>8</total>
				<timestamp>1951.397578</timestamp>
			</report>
			<report>
				<misses>5582001</misses>
				<total>8</total>
				<timestamp>1951.747205</timestamp>
			</report>
			<report>
				<misses>5583001</misses>
				<total>8</total>
				<timestamp>1952.096825</timestamp>
			</report>
			<report>
				<misses>5584001</misses>
				<total>8</total>
				<timestamp>1952.446519</timestamp>
			</report>
			<report>
				<misses>5585001</misses>
				<total>8</total>
				<timestamp>1952.796141</timestamp>
			</report>
			<report>
				<misses>5586001</misses>
				<total>8</total>
				<timestamp>1953.145784</timestamp>
			</report>
			<report>
				<misses>5587001</misses>
				<total>8</total>
				<timestamp>1953.495457</timestamp>
			</report>
			<report>
				<misses>5588001</misses>
				<total>8</total>
				<timestamp>1953.845100</timestamp>
			</report>
			<report>
				<misses>5589001</misses>
				<total>8</total>
				<timestamp>1954.194754</timestamp>
			</report>
			<report>
				<misses>5590001</misses>
				<total>8</total>
				<timestamp>1954.544392</timestamp>
			</report>
			<report>
				<misses>5591001</misses>
				<total>8</total>
				<timestamp>1954.894034</timestamp>
			</report>
			<report>
				<misses>5592001</misses>
				<total>8</total>
				<timestamp>1955.243693</timestamp>
			</report>
			<report>
				<misses>5593001</misses>
				<total>8</total>
				<timestamp>1955.593373</timestamp>
			</report>
			<report>
				<misses>5594001</misses>
				<total>8</total>
				<timestamp>1955.943018</timestamp>
			</report>
			<report>
				<misses>5595001</misses>
				<total>8</total>
				<timestamp>1956.292645</timestamp>
			</report>
			<report>
				<misses>5596001</misses>
				<total>8</total>
				<timestamp>1956.642320</timestamp>
			</report>
			<report>
				<misses>5597001</misses>
				<total>8</total>
				<timestamp>1956.991959</timestamp>
			</report>
			<report>
				<misses>5598001</misses>
				<total>8</total>
				<timestamp>1957.341590</timestamp>
			</report>
			<report>
				<misses>5599001</misses>
				<total>8</total>
				<timestamp>1957.691258</timestamp>
			</report>
			<report>
				<misses>5600001</misses>
				<total>8</total>
				<timestamp>1958.040887</timestamp>
			</report>
			<report>
				<misses>5601001</misses>
				<total>8</total>
				<timestamp>1958.390550</timestamp>
			</report>
			<report>
				<misses>5602001</misses>
				<total>8</total>
				<timestamp>1958.740279</timestamp>
			</report>
			<report>
				<misses>5603001</misses>
				<total>8</total>
				<timestamp>1959.089834</timestamp>
			</report>
			<report>
				<misses>5604001</misses>
				<total>8</total>
				<timestamp>1959.439542</timestamp>
			</report>
			<report>
				<misses>5605001</misses>
				<total>8</total>
				<timestamp>1959.789161</timestamp>
			</report>
			<report>
				<misses>5606001</misses>
				<total>8</total>
				<timestamp>1960.138811</timestamp>
			</report>
			<report>
				<misses>5607001</misses>
				<total>8</total>
				<timestamp>1960.488484</timestamp>
			</report>
			<report>
				<misses>5608001</misses>
				<total>8</total>
				<timestamp>1960.838110</timestamp>
			</report>
			<report>
				<misses>5609001</misses>
				<total>8</total>
				<timestamp>1961.187745</timestamp>
			</report>
			<report>
				<misses>5610001</misses>
				<total>8</total>
				<timestamp>1961.537384</timestamp>
			</report>
			<report>
				<misses>5611001</misses>
				<total>8</total>
				<timestamp>1961.887048</timestamp>
			</report>
			<report>
				<misses>5612001</misses>
				<total>8</total>
				<timestamp>1962.236680</timestamp>
			</report>
			<report>
				<misses>5613001</misses>
				<total>8</total>
				<timestamp>1962.586336</timestamp>
			</report>
			<report>
				<misses>5614001</misses>
				<total>8</total>
				<timestamp>1962.936012</timestamp>
			</report>
			<report>
				<misses>5615001</misses>
				<total>8</total>
				<timestamp>1963.285641</timestamp>
			</report>
			<report>
				<misses>5616001</misses>
				<total>8</total>
				<timestamp>1963.635307</timestamp>
			</report>
			<report>
				<misses>5617001</misses>
				<total>8</total>
				<timestamp>1963.984943</timestamp>
			</report>
			<report>
				<misses>5618001</misses>
				<total>8</total>
				<timestamp>1964.334599</timestamp>
			</report>
			<report>
				<misses>5619001</misses>
				<total>8</total>
				<timestamp>1964.684293</timestamp>
			</report>
			<report>
				<misses>5620001</misses>
				<total>8</total>
				<timestamp>1965.033900</timestamp>
			</report>
			<report>
				<misses>5621001</misses>
				<total>8</total>
				<timestamp>1965.383582</timestamp>
			</report>
			<report>
				<misses>5622001</misses>
				<total>8</total>
				<timestamp>1965.733206</timestamp>
			</report>
			<report>
				<misses>5623001</misses>
				<total>8</total>
				<timestamp>1966.082824</timestamp>
			</report>
			<report>
				<misses>5624001</misses>
				<total>8</total>
				<timestamp>1966.432485</timestamp>
			</report>
			<report>
				<misses>5625001</misses>
				<total>8</total>
				<timestamp>1966.782152</timestamp>
			</report>
			<report>
				<misses>5626001</misses>
				<total>8</total>
				<timestamp>1967.131799</timestamp>
			</report>
			<report>
				<misses>5627001</misses>
				<total>8</total>
				<timestamp>1967.481440</timestamp>
			</report>
			<report>
				<misses>5628001</misses>
				<total>8</total>
				<timestamp>1967.831115</timestamp>
			</report>
			<report>
				<misses>5629001</misses>
				<total>8</total>
				<timestamp>1968.180729</timestamp>
			</report>
			<report>
				<misses>5630001</misses>
				<total>8</total>
				<timestamp>1968.530423</timestamp>
			</report>
			<report>
				<misses>5631001</misses>
				<total>8</total>
				<timestamp>1968.880071</timestamp>
			</report>
			<report>
				<misses>5632001</misses>
				<total>8</total>
				<timestamp>1969.229679</timestamp>
			</report>
			<report>
				<misses>5633001</misses>
				<total>8</total>
				<timestamp>1969.579315</timestamp>
			</report>
			<report>
				<misses>5634001</misses>
				<total>8</total>
				<timestamp>1969.929005</timestamp>
			</report>
			<report>
				<misses>5635001</misses>
				<total>8</total>
				<timestamp>1970.278628</timestamp>
			</report>
			<report>
				<misses>5636001</misses>
				<total>8</total>
				<timestamp>1970.628313</timestamp>
			</report>
			<report>
				<misses>5637001</misses>
				<total>8</total>
				<timestamp>1970.977964</timestamp>
			</report>
			<report>
				<misses>5638001</misses>
				<total>8</total>
				<timestamp>1971.327579</timestamp>
			</report>
			<report>
				<misses>5639001</misses>
				<total>8</total>
				<timestamp>1971.677290</timestamp>
			</report>
			<report>
				<misses>5640001</misses>
				<total>8</total>
				<timestamp>1972.026922</timestamp>
			</report>
			<report>
				<misses>5641001</misses>
				<total>8</total>
				<timestamp>1972.376542</timestamp>
			</report>
			<report>
				<misses>5642001</misses>
				<total>8</total>
				<timestamp>1972.726225</timestamp>
			</report>
			<report>
				<misses>5643001</misses>
				<total>8</total>
				<timestamp>1973.075841</timestamp>
			</report>
			<report>
				<misses>5644001</misses>
				<total>8</total>
				<timestamp>1973.425492</timestamp>
			</report>
			<report>
				<misses>5645001</misses>
				<total>8</total>
				<timestamp>1973.775144</timestamp>
			</report>
			<report>
				<misses>5646001</misses>
				<total>8</total>
				<timestamp>1974.124804</timestamp>
			</report>
			<report>
				<misses>5647001</misses>
				<total>8</total>
				<timestamp>1974.474487</timestamp>
			</report>
			<report>
				<misses>5648001</misses>
				<total>8</total>
				<timestamp>1974.824093</timestamp>
			</report>
			<report>
				<misses>5649001</misses>
				<total>8</total>
				<timestamp>1975.173739</timestamp>
			</report>
			<report>
				<misses>5650001</misses>
				<total>8</total>
				<timestamp>1975.523405</timestamp>
			</report>
			<report>
				<misses>5651001</misses>
				<total>8</total>
				<timestamp>1975.873035</timestamp>
			</report>
			<report>
				<misses>5652001</misses>
				<total>8</total>
				<timestamp>1976.222707</timestamp>
			</report>
			<report>
				<misses>5653001</misses>
				<total>8</total>
				<timestamp>1976.572404</timestamp>
			</report>
			<report>
				<misses>5654001</misses>
				<total>8</total>
				<timestamp>1976.921992</timestamp>
			</report>
			<report>
				<misses>5655001</misses>
				<total>8</total>
				<timestamp>1977.271661</timestamp>
			</report>
			<report>
				<misses>5656001</misses>
				<total>8</total>
				<timestamp>1977.621311</timestamp>
			</report>
			<report>
				<misses>5657001</misses>
				<total>9</total>
				<timestamp>1977.970940</timestamp>
			</report>
			<report>
				<misses>5658001</misses>
				<total>9</total>
				<timestamp>1978.320603</timestamp>
			</report>
			<report>
				<misses>5659001</misses>
				<total>9</total>
				<timestamp>1978.670280</timestamp>
			</report>
			<report>
				<misses>5660001</misses>
				<total>9</total>
				<timestamp>1979.019919</timestamp>
			</report>
			<report>
				<misses>5661001</misses>
				<total>9</total>
				<timestamp>1979.369568</timestamp>
			</report>
			<report>
				<misses>5662001</misses>
				<total>9</total>
				<timestamp>1979.719220</timestamp>
			</report>
			<report>
				<misses>5663001</misses>
				<total>9</total>
				<timestamp>1980.068864</timestamp>
			</report>
			<report>
				<misses>5664001</misses>
				<total>9</total>
				<timestamp>1980.418526</timestamp>
			</report>
			<report>
				<misses>5665001</misses>
				<total>9</total>
				<timestamp>1980.768180</timestamp>
			</report>
			<report>
				<misses>5666001</misses>
				<total>9</total>
				<timestamp>1981.117780</timestamp>
			</report>
			<report>
				<misses>5667001</misses>
				<total>9</total>
				<timestamp>1981.467456</timestamp>
			</report>
			<report>
				<misses>5668001</misses>
				<total>9</total>
				<timestamp>1981.817116</timestamp>
			</report>
			<report>
				<misses>5669001</misses>
				<total>9</total>
				<timestamp>1982.166756</timestamp>
			</report>
			<report>
				<misses>5670001</misses>
				<total>9</total>
				<timestamp>1982.516382</timestamp>
			</report>
			<report>
				<misses>5671001</misses>
				<total>9</total>
				<timestamp>1982.866081</timestamp>
			</report>
			<report>
				<misses>5672001</misses>
				<total>9</total>
				<timestamp>1983.215683</timestamp>
			</report>
			<report>
				<misses>5673001</misses>
				<total>9</total>
				<timestamp>1983.565373</timestamp>
			</report>
			<report>
				<misses>5674001</misses>
				<total>9</total>
				<timestamp>1983.914988</timestamp>
			</report>
			<report>
				<misses>5675001</misses>
				<total>9</total>
				<timestamp>1984.264630</timestamp>
			</report>
			<report>
				<misses>5676001</misses>
				<total>9</total>
				<timestamp>1984.614348</timestamp>
			</report>
			<report>
				<misses>5677001</misses>
				<total>9</total>
				<timestamp>1984.963956</timestamp>
			</report>
			<report>
				<misses>5678001</misses>
				<total>9</total>
				<timestamp>1985.313590</timestamp>
			</report>
			<report>
				<misses>5679001</misses>
				<total>9</total>
				<timestamp>1985.663242</timestamp>
			</report>
			<report>
				<misses>5680001</misses>
				<total>10</total>
				<timestamp>1986.012889</timestamp>
			</report>
			<report>
				<misses>5681001</misses>
				<total>10</total>
				<timestamp>1986.362529</timestamp>
			</report>
			<report>
				<misses>5682001</misses>
				<total>10</total>
				<timestamp>1986.712231</timestamp>
			</report>
			<report>
				<misses>5683001</misses>
				<total>10</total>
				<timestamp>1987.061851</timestamp>
			</report>
			<report>
				<misses>5684001</misses>
				<total>10</total>
				<timestamp>1987.411482</timestamp>
			</report>
			<report>
				<misses>5685001</misses>
				<total>10</total>
				<timestamp>1987.761209</timestamp>
			</report>
			<report>
				<misses>5686001</misses>
				<total>10</total>
				<timestamp>1988.110806</timestamp>
			</report>
			<report>
				<misses>5687001</misses>
				<total>10</total>
				<timestamp>1988.460454</timestamp>
			</report>
			<report>
				<misses>5688001</misses>
				<total>10</total>
				<timestamp>1988.810119</timestamp>
			</report>
			<report>
				<misses>5689001</misses>
				<total>10</total>
				<timestamp>1989.159731</timestamp>
			</report>
			<report>
				<misses>5690001</misses>
				<total>10</total>
				<timestamp>1989.509415</timestamp>
			</report>
			<report>
				<misses>5691001</misses>
				<total>10</total>
				<timestamp>1989.859051</timestamp>
			</report>
			<report>
				<misses>5692001</misses>
				<total>10</total>
				<timestamp>1990.208691</timestamp>
			</report>
			<report>
				<misses>5693001</misses>
				<total>10</total>
				<timestamp>1990.558325</timestamp>
			</report>
			<report>
				<misses>5694001</misses>
				<total>10</total>
				<timestamp>1990.908012</timestamp>
			</report>
			<report>
				<misses>5695001</misses>
				<total>10</total>
				<timestamp>1991.257649</timestamp>
			</report>
			<report>
				<misses>5696001</misses>
				<total>10</total>
				<timestamp>1991.607324</timestamp>
			</report>
			<report>
				<misses>5697001</misses>
				<total>10</total>
				<timestamp>1991.956950</timestamp>
			</report>
			<report>
				<misses>5698001</misses>
				<total>10</total>
				<timestamp>1992.306661</timestamp>
			</report>
			<report>
				<misses>5699001</misses>
				<total>13</total>
				<timestamp>1992.656303</timestamp>
			</report>
			<report>
				<misses>5700001</misses>
				<total>13</total>
				<timestamp>1993.005874</timestamp>
			</report>
			<report>
				<misses>5701001</misses>
				<total>13</total>
				<timestamp>1993.355536</timestamp>
			</report>
			<report>
				<misses>5702001</misses>
				<total>13</total>
				<timestamp>1993.705235</timestamp>
			</report>
			<report>
				<misses>5703001</misses>
				<total>13</total>
				<timestamp>1994.054835</timestamp>
			</report>
			<report>
				<misses>5704001</misses>
				<total>13</total>
				<timestamp>1994.404501</timestamp>
			</report>
			<report>
				<misses>5705001</misses>
				<total>13</total>
				<timestamp>1994.754136</timestamp>
			</report>
			<report>
				<misses>5706001</misses>
				<total>13</total>
				<timestamp>1995.103830</timestamp>
			</report>
			<report>
				<misses>5707001</misses>
				<total>13</total>
				<timestamp>1995.453439</timestamp>
			</report>
			<report>
				<misses>5708001</misses>
				<total>13</total>
				<timestamp>1995.803109</timestamp>
			</report>
			<report>
				<misses>5709001</misses>
				<total>13</total>
				<timestamp>1996.152724</timestamp>
			</report>
			<report>
				<misses>5710001</misses>
				<total>13</total>
				<timestamp>1996.502376</timestamp>
			</report>
			<report>
				<misses>5711001</misses>
				<total>13</total>
				<timestamp>1996.852097</timestamp>
			</report>
			<report>
				<misses>5712001</misses>
				<total>13</total>
				<timestamp>1997.201694</timestamp>
			</report>
			<report>
				<misses>5713001</misses>
				<total>13</total>
				<timestamp>1997.551356</timestamp>
			</report>
			<report>
				<misses>5714001</misses>
				<total>13</total>
				<timestamp>1997.900984</timestamp>
			</report>
			<report>
				<misses>5715001</misses>
				<total>13</total>
				<timestamp>1998.250650</timestamp>
			</report>
			<report>
				<misses>5716001</misses>
				<total>13</total>
				<timestamp>1998.600292</timestamp>
			</report>
			<report>
				<misses>5717001</misses>
				<total>13</total>
				<timestamp>1998.949956</timestamp>
			</report>
			<report>
				<misses>5718001</misses>
				<total>13</total>
				<timestamp>1999.299581</timestamp>
			</report>
			<report>
				<misses>5719001</misses>
				<total>13</total>
				<timestamp>1999.649254</timestamp>
			</report>
			<report>
				<misses>5720001</misses>
				<total>13</total>
				<timestamp>1999.998900</timestamp>
			</report>
			<report>
				<misses>5721001</misses>
				<total>13</total>
				<timestamp>2000.348540</timestamp>
			</report>
			<report>
				<misses>5722001</misses>
				<total>13</total>
				<timestamp>2000.698226</timestamp>
			</report>
			<report>
				<misses>5723001</misses>
				<total>13</total>
				<timestamp>2001.047840</timestamp>
			</report>
			<report>
				<misses>5724001</misses>
				<total>13</total>
				<timestamp>2001.397473</timestamp>
			</report>
			<report>
				<misses>5725001</misses>
				<total>13</total>
				<timestamp>2001.747134</timestamp>
			</report>
			<report>
				<misses>5726001</misses>
				<total>13</total>
				<timestamp>2002.096825</timestamp>
			</report>
			<report>
				<misses>5727001</misses>
				<total>13</total>
				<timestamp>2002.446427</timestamp>
			</report>
			<report>
				<misses>5728001</misses>
				<total>13</total>
				<timestamp>2002.796099</timestamp>
			</report>
			<report>
				<misses>5729001</misses>
				<total>13</total>
				<timestamp>2003.145728</timestamp>
			</report>
			<report>
				<misses>5730001</misses>
				<total>13</total>
				<timestamp>2003.495426</timestamp>
			</report>
			<report>
				<misses>5731001</misses>
				<total>13</total>
				<timestamp>2003.845079</timestamp>
			</report>
			<report>
				<misses>5732001</misses>
				<total>13</total>
				<timestamp>2004.194686</timestamp>
			</report>
			<report>
				<misses>5733001</misses>
				<total>13</total>
				<timestamp>2004.544334</timestamp>
			</report>
			<report>
				<misses>5734001</misses>
				<total>13</total>
				<timestamp>2004.894020</timestamp>
			</report>
			<report>
				<misses>5735001</misses>
				<total>13</total>
				<timestamp>2005.243653</timestamp>
			</report>
			<report>
				<misses>5736001</misses>
				<total>13</total>
				<timestamp>2005.593298</timestamp>
			</report>
			<report>
				<misses>5737001</misses>
				<total>13</total>
				<timestamp>2005.942932</timestamp>
			</report>
			<report>
				<misses>5738001</misses>
				<total>13</total>
				<timestamp>2006.292578</timestamp>
			</report>
			<report>
				<misses>5739001</misses>
				<total>13</total>
				<timestamp>2006.642260</timestamp>
			</report>
			<report>
				<misses>5740001</misses>
				<total>13</total>
				<timestamp>2006.991916</timestamp>
			</report>
			<report>
				<misses>5741001</misses>
				<total>13</total>
				<timestamp>2007.341582</timestamp>
			</report>
			<report>
				<misses>5742001</misses>
				<total>13</total>
				<timestamp>2007.691214</timestamp>
			</report>
			<report>
				<misses>5743001</misses>
				<total>13</total>
				<timestamp>2008.040816</timestamp>
			</report>
			<report>
				<misses>5744001</misses>
				<total>13</total>
				<timestamp>2008.390512</timestamp>
			</report>
			<report>
				<misses>5745001</misses>
				<total>13</total>
				<timestamp>2008.740212</timestamp>
			</report>
			<report>
				<misses>5746001</misses>
				<total>13</total>
				<timestamp>2009.089788</timestamp>
			</report>
			<report>
				<misses>5747001</misses>
				<total>13</total>
				<timestamp>2009.439475</timestamp>
			</report>
			<report>
				<misses>5748001</misses>
				<total>13</total>
				<timestamp>2009.789142</timestamp>
			</report>
			<report>
				<misses>5749001</misses>
				<total>13</total>
				<timestamp>2010.138784</timestamp>
			</report>
			<report>
				<misses>5750001</misses>
				<total>13</total>
				<timestamp>2010.488419</timestamp>
			</report>
			<report>
				<misses>5751001</misses>
				<total>13</total>
				<timestamp>2010.838067</timestamp>
			</report>
			<report>
				<misses>5752001</misses>
				<total>13</total>
				<timestamp>2011.187690</timestamp>
			</report>
			<report>
				<misses>5753001</misses>
				<total>13</total>
				<timestamp>2011.537330</timestamp>
			</report>
			<report>
				<misses>5754001</misses>
				<total>13</total>
				<timestamp>2011.887022</timestamp>
			</report>
			<report>
				<misses>5755001</misses>
				<total>13</total>
				<timestamp>2012.236650</timestamp>
			</report>
			<report>
				<misses>5756001</misses>
				<total>13</total>
				<timestamp>2012.586311</timestamp>
			</report>
			<report>
				<misses>5757001</misses>
				<total>13</total>
				<timestamp>2012.935966</timestamp>
			</report>
			<report>
				<misses>5758001</misses>
				<total>13</total>
				<timestamp>2013.285588</timestamp>
			</report>
			<report>
				<misses>5759001</misses>
				<total>13</total>
				<timestamp>2013.635247</timestamp>
			</report>
			<report>
				<misses>5760001</misses>
				<total>13</total>
				<timestamp>2013.984898</timestamp>
			</report>
			<report>
				<misses>5761001</misses>
				<total>13</total>
				<timestamp>2014.334541</timestamp>
			</report>
			<report>
				<misses>5762001</misses>
				<total>13</total>
				<timestamp>2014.684179</timestamp>
			</report>
			<report>
				<misses>5763001</misses>
				<total>13</total>
				<timestamp>2015.033895</timestamp>
			</report>
			<report>
				<misses>5764001</misses>
				<total>13</total>
				<timestamp>2015.383519</timestamp>
			</report>
			<report>
				<misses>5765001</misses>
				<total>13</total>
				<timestamp>2015.733163</timestamp>
			</report>
			<report>
				<misses>5766001</misses>
				<total>13</total>
				<timestamp>2016.082824</timestamp>
			</report>
			<report>
				<misses>5767001</misses>
				<total>13</total>
				<timestamp>2016.432445</timestamp>
			</report>
			<report>
				<misses>5768001</misses>
				<total>13</total>
				<timestamp>2016.782155</timestamp>
			</report>
			<report>
				<misses>5769001</misses>
				<total>13</total>
				<timestamp>2017.131734</timestamp>
			</report>
			<report>
				<misses>5770001</misses>
				<total>13</total>
				<timestamp>2017.481398</timestamp>
			</report>
			<report>
				<misses>5771001</misses>
				<total>13</total>
				<timestamp>2017.831042</timestamp>
			</report>
			<report>
				<misses>5772001</misses>
				<total>13</total>
				<timestamp>2018.180687</timestamp>
			</report>
			<report>
				<misses>5773001</misses>
				<total>13</total>
				<timestamp>2018.530327</timestamp>
			</report>
			<report>
				<misses>5774001</misses>
				<total>13</total>
				<timestamp>2018.880017</timestamp>
			</report>
			<report>
				<misses>5775001</misses>
				<total>13</total>
				<timestamp>2019.229630</timestamp>
			</report>
			<report>
				<misses>5776001</misses>
				<total>13</total>
				<timestamp>2019.579290</timestamp>
			</report>
			<report>
				<misses>5777001</misses>
				<total>13</total>
				<timestamp>2019.928961</timestamp>
			</report>
			<report>
				<misses>5778001</misses>
				<total>13</total>
				<timestamp>2020.278602</timestamp>
			</report>
			<report>
				<misses>5779001</misses>
				<total>13</total>
				<timestamp>2020.628252</timestamp>
			</report>
			<report>
				<misses>5780001</misses>
				<total>13</total>
				<timestamp>2020.977899</timestamp>
			</report>
			<report>
				<misses>5781001</misses>
				<total>13</total>
				<timestamp>2021.327528</timestamp>
			</report>
			<report>
				<misses>5782001</misses>
				<total>13</total>
				<timestamp>2021.677180</timestamp>
			</report>
			<report>
				<misses>5783001</misses>
				<total>13</total>
				<timestamp>2022.026846</timestamp>
			</report>
			<report>
				<misses>5784001</misses>
				<total>13</total>
				<timestamp>2022.376499</timestamp>
			</report>
			<report>
				<misses>5785001</misses>
				<total>13</total>
				<timestamp>2022.726197</timestamp>
			</report>
			<report>
				<misses>5786001</misses>
				<total>13</total>
				<timestamp>2023.075783</timestamp>
			</report>
			<report>
				<misses>5787001</misses>
				<total>13</total>
				<timestamp>2023.425438</timestamp>
			</report>
			<report>
				<misses>5788001</misses>
				<total>13</total>
				<timestamp>2023.775124</timestamp>
			</report>
			<report>
				<misses>5789001</misses>
				<total>13</total>
				<timestamp>2024.124758</timestamp>
			</report>
			<report>
				<misses>5790001</misses>
				<total>13</total>
				<timestamp>2024.474391</timestamp>
			</report>
			<report>
				<misses>5791001</misses>
				<total>13</total>
				<timestamp>2024.824051</timestamp>
			</report>
			<report>
				<misses>5792001</misses>
				<total>13</total>
				<timestamp>2025.173684</timestamp>
			</report>
			<report>
				<misses>5793001</misses>
				<total>13</total>
				<timestamp>2025.523336</timestamp>
			</report>
			<report>
				<misses>5794001</misses>
				<total>13</total>
				<timestamp>2025.873063</timestamp>
			</report>
			<report>
				<misses>5795001</misses>
				<total>13</total>
				<timestamp>2026.222640</timestamp>
			</report>
			<report>
				<misses>5796001</misses>
				<total>13</total>
				<timestamp>2026.572278</timestamp>
			</report>
			<report>
				<misses>5797001</misses>
				<total>13</total>
				<timestamp>2026.921939</timestamp>
			</report>
			<report>
				<misses>5798001</misses>
				<total>13</total>
				<timestamp>2027.271569</timestamp>
			</report>
			<report>
				<misses>5799001</misses>
				<total>13</total>
				<timestamp>2027.621224</timestamp>
			</report>
			<report>
				<misses>5800001</misses>
				<total>13</total>
				<timestamp>2027.970922</timestamp>
			</report>
			<report>
				<misses>5801001</misses>
				<total>13</total>
				<timestamp>2028.320528</timestamp>
			</report>
			<report>
				<misses>5802001</misses>
				<total>13</total>
				<timestamp>2028.670194</timestamp>
			</report>
			<report>
				<misses>5803001</misses>
				<total>13</total>
				<timestamp>2029.019852</timestamp>
			</report>
			<report>
				<misses>5804001</misses>
				<total>13</total>
				<timestamp>2029.369487</timestamp>
			</report>
			<report>
				<misses>5805001</misses>
				<total>13</total>
				<timestamp>2029.719131</timestamp>
			</report>
			<report>
				<misses>5806001</misses>
				<total>13</total>
				<timestamp>2030.068814</timestamp>
			</report>
			<report>
				<misses>5807001</misses>
				<total>13</total>
				<timestamp>2030.418422</timestamp>
			</report>
			<report>
				<misses>5808001</misses>
				<total>13</total>
				<timestamp>2030.768100</timestamp>
			</report>
			<report>
				<misses>5809001</misses>
				<total>13</total>
				<timestamp>2031.117743</timestamp>
			</report>
			<report>
				<misses>5810001</misses>
				<total>13</total>
				<timestamp>2031.467388</timestamp>
			</report>
			<report>
				<misses>5811001</misses>
				<total>13</total>
				<timestamp>2031.817064</timestamp>
			</report>
			<report>
				<misses>5812001</misses>
				<total>13</total>
				<timestamp>2032.166713</timestamp>
			</report>
			<report>
				<misses>5813001</misses>
				<total>13</total>
				<timestamp>2032.516362</timestamp>
			</report>
			<report>
				<misses>5814001</misses>
				<total>13</total>
				<timestamp>2032.866015</timestamp>
			</report>
			<report>
				<misses>5815001</misses>
				<total>13</total>
				<timestamp>2033.215675</timestamp>
			</report>
			<report>
				<misses>5816001</misses>
				<total>13</total>
				<timestamp>2033.565285</timestamp>
			</report>
			<report>
				<misses>5817001</misses>
				<total>13</total>
				<timestamp>2033.914991</timestamp>
			</report>
			<report>
				<misses>5818001</misses>
				<total>13</total>
				<timestamp>2034.264571</timestamp>
			</report>
			<report>
				<misses>5819001</misses>
				<total>13</total>
				<timestamp>2034.614237</timestamp>
			</report>
			<report>
				<misses>5820001</misses>
				<total>13</total>
				<timestamp>2034.963919</timestamp>
			</report>
			<report>
				<misses>5821001</misses>
				<total>13</total>
				<timestamp>2035.313563</timestamp>
			</report>
			<report>
				<misses>5822001</misses>
				<total>13</total>
				<timestamp>2035.663198</timestamp>
			</report>
			<report>
				<misses>5823001</misses>
				<total>13</total>
				<timestamp>2036.012852</timestamp>
			</report>
			<report>
				<misses>5824001</misses>
				<total>13</total>
				<timestamp>2036.362488</timestamp>
			</report>
			<report>
				<misses>5825001</misses>
				<total>13</total>
				<timestamp>2036.712148</timestamp>
			</report>
			<report>
				<misses>5826001</misses>
				<total>13</total>
				<timestamp>2037.061793</timestamp>
			</report>
			<report>
				<misses>5827001</misses>
				<total>13</total>
				<timestamp>2037.411434</timestamp>
			</report>
			<report>
				<misses>5828001</misses>
				<total>13</total>
				<timestamp>2037.761094</timestamp>
			</report>
			<report>
				<misses>5829001</misses>
				<total>13</total>
				<timestamp>2038.110763</timestamp>
			</report>
			<report>
				<misses>5830001</misses>
				<total>13</total>
				<timestamp>2038.460382</timestamp>
			</report>
			<report>
				<misses>5831001</misses>
				<total>13</total>
				<timestamp>2038.810047</timestamp>
			</report>
			<report>
				<misses>5832001</misses>
				<total>13</total>
				<timestamp>2039.159681</timestamp>
			</report>
			<report>
				<misses>5833001</misses>
				<total>13</total>
				<timestamp>2039.509344</timestamp>
			</report>
			<report>
				<misses>5834001</misses>
				<total>13</total>
				<timestamp>2039.859016</timestamp>
			</report>
			<report>
				<misses>5835001</misses>
				<total>13</total>
				<timestamp>2040.208703</timestamp>
			</report>
			<report>
				<misses>5836001</misses>
				<total>13</total>
				<timestamp>2040.558308</timestamp>
			</report>
			<report>
				<misses>5837001</misses>
				<total>13</total>
				<timestamp>2040.907975</timestamp>
			</report>
			<report>
				<misses>5838001</misses>
				<total>13</total>
				<timestamp>2041.257581</timestamp>
			</report>
			<report>
				<misses>5839001</misses>
				<total>13</total>
				<timestamp>2041.607225</timestamp>
			</report>
			<report>
				<misses>5840001</misses>
				<total>13</total>
				<timestamp>2041.956901</timestamp>
			</report>
			<report>
				<misses>5841001</misses>
				<total>13</total>
				<timestamp>2042.306530</timestamp>
			</report>
			<report>
				<misses>5842001</misses>
				<total>13</total>
				<timestamp>2042.656199</timestamp>
			</report>
			<report>
				<misses>5843001</misses>
				<total>13</total>
				<timestamp>2043.005847</timestamp>
			</report>
			<report>
				<misses>5844001</misses>
				<total>13</total>
				<timestamp>2043.355487</timestamp>
			</report>
			<report>
				<misses>5845001</misses>
				<total>13</total>
				<timestamp>2043.705120</timestamp>
			</report>
			<report>
				<misses>5846001</misses>
				<total>13</total>
				<timestamp>2044.054797</timestamp>
			</report>
			<report>
				<misses>5847001</misses>
				<total>13</total>
				<timestamp>2044.404428</timestamp>
			</report>
			<report>
				<misses>5848001</misses>
				<total>13</total>
				<timestamp>2044.754102</timestamp>
			</report>
			<report>
				<misses>5849001</misses>
				<total>13</total>
				<timestamp>2045.103730</timestamp>
			</report>
			<report>
				<misses>5850001</misses>
				<total>13</total>
				<timestamp>2045.453381</timestamp>
			</report>
			<report>
				<misses>5851001</misses>
				<total>13</total>
				<timestamp>2045.803034</timestamp>
			</report>
			<report>
				<misses>5852001</misses>
				<total>13</total>
				<timestamp>2046.152742</timestamp>
			</report>
			<report>
				<misses>5853001</misses>
				<total>13</total>
				<timestamp>2046.502341</timestamp>
			</report>
			<report>
				<misses>5854001</misses>
				<total>13</total>
				<timestamp>2046.851989</timestamp>
			</report>
			<report>
				<misses>5855001</misses>
				<total>13</total>
				<timestamp>2047.201621</timestamp>
			</report>
			<report>
				<misses>5856001</misses>
				<total>13</total>
				<timestamp>2047.551290</timestamp>
			</report>
			<report>
				<misses>5857001</misses>
				<total>13</total>
				<timestamp>2047.900953</timestamp>
			</report>
			<report>
				<misses>5858001</misses>
				<total>13</total>
				<timestamp>2048.250617</timestamp>
			</report>
			<report>
				<misses>5859001</misses>
				<total>13</total>
				<timestamp>2048.600234</timestamp>
			</report>
			<report>
				<misses>5860001</misses>
				<total>13</total>
				<timestamp>2048.949895</timestamp>
			</report>
			<report>
				<misses>5861001</misses>
				<total>13</total>
				<timestamp>2049.299545</timestamp>
			</report>
			<report>
				<misses>5862001</misses>
				<total>13</total>
				<timestamp>2049.649189</timestamp>
			</report>
			<report>
				<misses>5863001</misses>
				<total>13</total>
				<timestamp>2049.998836</timestamp>
			</report>
			<report>
				<misses>5864001</misses>
				<total>13</total>
				<timestamp>2050.348495</timestamp>
			</report>
			<report>
				<misses>5865001</misses>
				<total>13</total>
				<timestamp>2050.698158</timestamp>
			</report>
			<report>
				<misses>5866001</misses>
				<total>13</total>
				<timestamp>2051.047802</timestamp>
			</report>
			<report>
				<misses>5867001</misses>
				<total>13</total>
				<timestamp>2051.397425</timestamp>
			</report>
			<report>
				<misses>5868001</misses>
				<total>13</total>
				<timestamp>2051.747107</timestamp>
			</report>
			<report>
				<misses>5869001</misses>
				<total>13</total>
				<timestamp>2052.096787</timestamp>
			</report>
			<report>
				<misses>5870001</misses>
				<total>13</total>
				<timestamp>2052.446386</timestamp>
			</report>
			<report>
				<misses>5871001</misses>
				<total>13</total>
				<timestamp>2052.796038</timestamp>
			</report>
			<report>
				<misses>5872001</misses>
				<total>13</total>
				<timestamp>2053.145717</timestamp>
			</report>
			<report>
				<misses>5873001</misses>
				<total>13</total>
				<timestamp>2053.495346</timestamp>
			</report>
			<report>
				<misses>5874001</misses>
				<total>13</total>
				<timestamp>2053.844999</timestamp>
			</report>
			<report>
				<misses>5875001</misses>
				<total>13</total>
				<timestamp>2054.194632</timestamp>
			</report>
			<report>
				<misses>5876001</misses>
				<total>13</total>
				<timestamp>2054.544295</timestamp>
			</report>
			<report>
				<misses>5877001</misses>
				<total>13</total>
				<timestamp>2054.893938</timestamp>
			</report>
			<report>
				<misses>5878001</misses>
				<total>13</total>
				<timestamp>2055.243598</timestamp>
			</report>
			<report>
				<misses>5879001</misses>
				<total>13</total>
				<timestamp>2055.593240</timestamp>
			</report>
			<report>
				<misses>5880001</misses>
				<total>13</total>
				<timestamp>2055.942903</timestamp>
			</report>
			<report>
				<misses>5881001</misses>
				<total>13</total>
				<timestamp>2056.292535</timestamp>
			</report>
			<report>
				<misses>5882001</misses>
				<total>13</total>
				<timestamp>2056.642174</timestamp>
			</report>
			<report>
				<misses>5883001</misses>
				<total>13</total>
				<timestamp>2056.991850</timestamp>
			</report>
			<report>
				<misses>5884001</misses>
				<total>13</total>
				<timestamp>2057.341477</timestamp>
			</report>
			<report>
				<misses>5885001</misses>
				<total>13</total>
				<timestamp>2057.691149</timestamp>
			</report>
			<report>
				<misses>5886001</misses>
				<total>13</total>
				<timestamp>2058.040829</timestamp>
			</report>
			<report>
				<misses>5887001</misses>
				<total>13</total>
				<timestamp>2058.390459</timestamp>
			</report>
			<report>
				<misses>5888001</misses>
				<total>13</total>
				<timestamp>2058.740194</timestamp>
			</report>
			<report>
				<misses>5889001</misses>
				<total>13</total>
				<timestamp>2059.089772</timestamp>
			</report>
			<report>
				<misses>5890001</misses>
				<total>13</total>
				<timestamp>2059.439391</timestamp>
			</report>
			<report>
				<misses>5891001</misses>
				<total>13</total>
				<timestamp>2059.789028</timestamp>
			</report>
			<report>
				<misses>5892001</misses>
				<total>13</total>
				<timestamp>2060.138735</timestamp>
			</report>
			<report>
				<misses>5893001</misses>
				<total>13</total>
				<timestamp>2060.488324</timestamp>
			</report>
			<report>
				<misses>5894001</misses>
				<total>13</total>
				<timestamp>2060.838046</timestamp>
			</report>
			<report>
				<misses>5895001</misses>
				<total>13</total>
				<timestamp>2061.187689</timestamp>
			</report>
			<report>
				<misses>5896001</misses>
				<total>13</total>
				<timestamp>2061.537280</timestamp>
			</report>
			<report>
				<misses>5897001</misses>
				<total>13</total>
				<timestamp>2061.886928</timestamp>
			</report>
			<report>
				<misses>5898001</misses>
				<total>13</total>
				<timestamp>2062.236570</timestamp>
			</report>
			<report>
				<misses>5899001</misses>
				<total>13</total>
				<timestamp>2062.586251</timestamp>
			</report>
			<report>
				<misses>5900001</misses>
				<total>13</total>
				<timestamp>2062.935889</timestamp>
			</report>
			<report>
				<misses>5901001</misses>
				<total>13</total>
				<timestamp>2063.285553</timestamp>
			</report>
			<report>
				<misses>5902001</misses>
				<total>13</total>
				<timestamp>2063.635191</timestamp>
			</report>
			<report>
				<misses>5903001</misses>
				<total>13</total>
				<timestamp>2063.984828</timestamp>
			</report>
			<report>
				<misses>5904001</misses>
				<total>13</total>
				<timestamp>2064.334480</timestamp>
			</report>
			<report>
				<misses>5905001</misses>
				<total>13</total>
				<timestamp>2064.684159</timestamp>
			</report>
			<report>
				<misses>5906001</misses>
				<total>13</total>
				<timestamp>2065.033803</timestamp>
			</report>
			<report>
				<misses>5907001</misses>
				<total>13</total>
				<timestamp>2065.383466</timestamp>
			</report>
			<report>
				<misses>5908001</misses>
				<total>13</total>
				<timestamp>2065.733116</timestamp>
			</report>
			<report>
				<misses>5909001</misses>
				<total>13</total>
				<timestamp>2066.082738</timestamp>
			</report>
			<report>
				<misses>5910001</misses>
				<total>13</total>
				<timestamp>2066.432376</timestamp>
			</report>
			<report>
				<misses>5911001</misses>
				<total>13</total>
				<timestamp>2066.782046</timestamp>
			</report>
			<report>
				<misses>5912001</misses>
				<total>13</total>
				<timestamp>2067.131724</timestamp>
			</report>
			<report>
				<misses>5913001</misses>
				<total>13</total>
				<timestamp>2067.481347</timestamp>
			</report>
			<report>
				<misses>5914001</misses>
				<total>13</total>
				<timestamp>2067.830974</timestamp>
			</report>
			<report>
				<misses>5915001</misses>
				<total>13</total>
				<timestamp>2068.180664</timestamp>
			</report>
			<report>
				<misses>5916001</misses>
				<total>13</total>
				<timestamp>2068.530284</timestamp>
			</report>
			<report>
				<misses>5917001</misses>
				<total>13</total>
				<timestamp>2068.879955</timestamp>
			</report>
			<report>
				<misses>5918001</misses>
				<total>13</total>
				<timestamp>2069.229595</timestamp>
			</report>
			<report>
				<misses>5919001</misses>
				<total>13</total>
				<timestamp>2069.579230</timestamp>
			</report>
			<report>
				<misses>5920001</misses>
				<total>13</total>
				<timestamp>2069.928879</timestamp>
			</report>
			<report>
				<misses>5921001</misses>
				<total>13</total>
				<timestamp>2070.278516</timestamp>
			</report>
			<report>
				<misses>5922001</misses>
				<total>13</total>
				<timestamp>2070.628223</timestamp>
			</report>
			<report>
				<misses>5923001</misses>
				<total>13</total>
				<timestamp>2070.977828</timestamp>
			</report>
			<report>
				<misses>5924001</misses>
				<total>13</total>
				<timestamp>2071.327525</timestamp>
			</report>
			<report>
				<misses>5925001</misses>
				<total>13</total>
				<timestamp>2071.677140</timestamp>
			</report>
			<report>
				<misses>5926001</misses>
				<total>13</total>
				<timestamp>2072.026803</timestamp>
			</report>
			<report>
				<misses>5927001</misses>
				<total>13</total>
				<timestamp>2072.376441</timestamp>
			</report>
			<report>
				<misses>5928001</misses>
				<total>13</total>
				<timestamp>2072.726107</timestamp>
			</report>
			<report>
				<misses>5929001</misses>
				<total>13</total>
				<timestamp>2073.075759</timestamp>
			</report>
			<report>
				<misses>5930001</misses>
				<total>13</total>
				<timestamp>2073.425400</timestamp>
			</report>
			<report>
				<misses>5931001</misses>
				<total>13</total>
				<timestamp>2073.775033</timestamp>
			</report>
			<report>
				<misses>5932001</misses>
				<total>13</total>
				<timestamp>2074.124725</timestamp>
			</report>
			<report>
				<misses>5933001</misses>
				<total>13</total>
				<timestamp>2074.474348</timestamp>
			</report>
			<report>
				<misses>5934001</misses>
				<total>13</total>
				<timestamp>2074.823982</timestamp>
			</report>
			<report>
				<misses>5935001</misses>
				<total>13</total>
				<timestamp>2075.173642</timestamp>
			</report>
			<report>
				<misses>5936001</misses>
				<total>13</total>
				<timestamp>2075.523308</timestamp>
			</report>
			<report>
				<misses>5937001</misses>
				<total>13</total>
				<timestamp>2075.872942</timestamp>
			</report>
			<report>
				<misses>5938001</misses>
				<total>13</total>
				<timestamp>2076.222619</timestamp>
			</report>
			<report>
				<misses>5939001</misses>
				<total>13</total>
				<timestamp>2076.572228</timestamp>
			</report>
			<report>
				<misses>5940001</misses>
				<total>13</total>
				<timestamp>2076.921888</timestamp>
			</report>
			<report>
				<misses>5941001</misses>
				<total>13</total>
				<timestamp>2077.271585</timestamp>
			</report>
			<report>
				<misses>5942001</misses>
				<total>13</total>
				<timestamp>2077.621184</timestamp>
			</report>
			<report>
				<misses>5943001</misses>
				<total>13</total>
				<timestamp>2077.970843</timestamp>
			</report>
			<report>
				<misses>5944001</misses>
				<total>13</total>
				<timestamp>2078.320485</timestamp>
			</report>
			<report>
				<misses>5945001</misses>
				<total>13</total>
				<timestamp>2078.670158</timestamp>
			</report>
			<report>
				<misses>5946001</misses>
				<total>13</total>
				<timestamp>2079.019782</timestamp>
			</report>
			<report>
				<misses>5947001</misses>
				<total>13</total>
				<timestamp>2079.369451</timestamp>
			</report>
			<report>
				<misses>5948001</misses>
				<total>13</total>
				<timestamp>2079.719089</timestamp>
			</report>
			<report>
				<misses>5949001</misses>
				<total>13</total>
				<timestamp>2080.068725</timestamp>
			</report>
			<report>
				<misses>5950001</misses>
				<total>13</total>
				<timestamp>2080.418433</timestamp>
			</report>
			<report>
				<misses>5951001</misses>
				<total>13</total>
				<timestamp>2080.768035</timestamp>
			</report>
			<report>
				<misses>5952001</misses>
				<total>13</total>
				<timestamp>2081.117700</timestamp>
			</report>
			<report>
				<misses>5953001</misses>
				<total>13</total>
				<timestamp>2081.467326</timestamp>
			</report>
			<report>
				<misses>5954001</misses>
				<total>13</total>
				<timestamp>2081.816988</timestamp>
			</report>
			<report>
				<misses>5955001</misses>
				<total>13</total>
				<timestamp>2082.166696</timestamp>
			</report>
			<report>
				<misses>5956001</misses>
				<total>13</total>
				<timestamp>2082.516275</timestamp>
			</report>
			<report>
				<misses>5957001</misses>
				<total>13</total>
				<timestamp>2082.865929</timestamp>
			</report>
			<report>
				<misses>5958001</misses>
				<total>13</total>
				<timestamp>2083.215588</timestamp>
			</report>
			<report>
				<misses>5959001</misses>
				<total>13</total>
				<timestamp>2083.565240</timestamp>
			</report>
			<report>
				<misses>5960001</misses>
				<total>13</total>
				<timestamp>2083.914891</timestamp>
			</report>
			<report>
				<misses>5961001</misses>
				<total>13</total>
				<timestamp>2084.264585</timestamp>
			</report>
			<report>
				<misses>5962001</misses>
				<total>13</total>
				<timestamp>2084.614190</timestamp>
			</report>
			<report>
				<misses>5963001</misses>
				<total>13</total>
				<timestamp>2084.963850</timestamp>
			</report>
			<report>
				<misses>5964001</misses>
				<total>13</total>
				<timestamp>2085.313528</timestamp>
			</report>
			<report>
				<misses>5965001</misses>
				<total>13</total>
				<timestamp>2085.663131</timestamp>
			</report>
			<report>
				<misses>5966001</misses>
				<total>13</total>
				<timestamp>2086.012779</timestamp>
			</report>
			<report>
				<misses>5967001</misses>
				<total>13</total>
				<timestamp>2086.362471</timestamp>
			</report>
			<report>
				<misses>5968001</misses>
				<total>13</total>
				<timestamp>2086.712087</timestamp>
			</report>
			<report>
				<misses>5969001</misses>
				<total>13</total>
				<timestamp>2087.061769</timestamp>
			</report>
			<report>
				<misses>5970001</misses>
				<total>13</total>
				<timestamp>2087.411413</timestamp>
			</report>
			<report>
				<misses>5971001</misses>
				<total>13</total>
				<timestamp>2087.761033</timestamp>
			</report>
			<report>
				<misses>5972001</misses>
				<total>13</total>
				<timestamp>2088.110692</timestamp>
			</report>
			<report>
				<misses>5973001</misses>
				<total>13</total>
				<timestamp>2088.460320</timestamp>
			</report>
			<report>
				<misses>5974001</misses>
				<total>13</total>
				<timestamp>2088.809988</timestamp>
			</report>
			<report>
				<misses>5975001</misses>
				<total>13</total>
				<timestamp>2089.159652</timestamp>
			</report>
			<report>
				<misses>5976001</misses>
				<total>13</total>
				<timestamp>2089.509291</timestamp>
			</report>
			<report>
				<misses>5977001</misses>
				<total>13</total>
				<timestamp>2089.858922</timestamp>
			</report>
			<report>
				<misses>5978001</misses>
				<total>13</total>
				<timestamp>2090.208589</timestamp>
			</report>
			<report>
				<misses>5979001</misses>
				<total>13</total>
				<timestamp>2090.558269</timestamp>
			</report>
			<report>
				<misses>5980001</misses>
				<total>13</total>
				<timestamp>2090.907888</timestamp>
			</report>
			<report>
				<misses>5981001</misses>
				<total>13</total>
				<timestamp>2091.257598</timestamp>
			</report>
			<report>
				<misses>5982001</misses>
				<total>13</total>
				<timestamp>2091.607220</timestamp>
			</report>
			<report>
				<misses>5983001</misses>
				<total>13</total>
				<timestamp>2091.956855</timestamp>
			</report>
			<report>
				<misses>5984001</misses>
				<total>13</total>
				<timestamp>2092.306510</timestamp>
			</report>
			<report>
				<misses>5985001</misses>
				<total>13</total>
				<timestamp>2092.656133</timestamp>
			</report>
			<report>
				<misses>5986001</misses>
				<total>13</total>
				<timestamp>2093.005824</timestamp>
			</report>
			<report>
				<misses>5987001</misses>
				<total>13</total>
				<timestamp>2093.355461</timestamp>
			</report>
			<report>
				<misses>5988001</misses>
				<total>13</total>
				<timestamp>2093.705095</timestamp>
			</report>
			<report>
				<misses>5989001</misses>
				<total>13</total>
				<timestamp>2094.054738</timestamp>
			</report>
			<report>
				<misses>5990001</misses>
				<total>13</total>
				<timestamp>2094.404404</timestamp>
			</report>
			<report>
				<misses>5991001</misses>
				<total>13</total>
				<timestamp>2094.754049</timestamp>
			</report>
			<report>
				<misses>5992001</misses>
				<total>13</total>
				<timestamp>2095.103705</timestamp>
			</report>
			<report>
				<misses>5993001</misses>
				<total>13</total>
				<timestamp>2095.453354</timestamp>
			</report>
			<report>
				<misses>5994001</misses>
				<total>13</total>
				<timestamp>2095.802992</timestamp>
			</report>
			<report>
				<misses>5995001</misses>
				<total>13</total>
				<timestamp>2096.152633</timestamp>
			</report>
			<report>
				<misses>5996001</misses>
				<total>13</total>
				<timestamp>2096.502283</timestamp>
			</report>
			<report>
				<misses>5997001</misses>
				<total>13</total>
				<timestamp>2096.851956</timestamp>
			</report>
			<report>
				<misses>5998001</misses>
				<total>13</total>
				<timestamp>2097.201617</timestamp>
			</report>
			<report>
				<misses>5999001</misses>
				<total>13</total>
				<timestamp>2097.551223</timestamp>
			</report>
			<report>
				<misses>6000001</misses>
				<total>13</total>
				<timestamp>2097.900888</timestamp>
			</report>
			<report>
				<misses>6001001</misses>
				<total>13</total>
				<timestamp>2098.250539</timestamp>
			</report>
			<report>
				<misses>6002001</misses>
				<total>13</total>
				<timestamp>2098.600215</timestamp>
			</report>
			<report>
				<misses>6003001</misses>
				<total>13</total>
				<timestamp>2098.949867</timestamp>
			</report>
			<report>
				<misses>6004001</misses>
				<total>13</total>
				<timestamp>2099.299507</timestamp>
			</report>
			<report>
				<misses>6005001</misses>
				<total>13</total>
				<timestamp>2099.649140</timestamp>
			</report>
			<report>
				<misses>6006001</misses>
				<total>13</total>
				<timestamp>2099.998813</timestamp>
			</report>
			<report>
				<misses>6007001</misses>
				<total>13</total>
				<timestamp>2100.348489</timestamp>
			</report>
			<report>
				<misses>6008001</misses>
				<total>13</total>
				<timestamp>2100.698098</timestamp>
			</report>
			<report>
				<misses>6009001</misses>
				<total>13</total>
				<timestamp>2101.047730</timestamp>
			</report>
			<report>
				<misses>6010001</misses>
				<total>13</total>
				<timestamp>2101.397468</timestamp>
			</report>
			<report>
				<misses>6011001</misses>
				<total>13</total>
				<timestamp>2101.747028</timestamp>
			</report>
			<report>
				<misses>6012001</misses>
				<total>13</total>
				<timestamp>2102.096678</timestamp>
			</report>
			<report>
				<misses>6013001</misses>
				<total>13</total>
				<timestamp>2102.446325</timestamp>
			</report>
			<report>
				<misses>6014001</misses>
				<total>13</total>
				<timestamp>2102.796003</timestamp>
			</report>
			<report>
				<misses>6015001</misses>
				<total>13</total>
				<timestamp>2103.145635</timestamp>
			</report>
			<report>
				<misses>6016001</misses>
				<total>13</total>
				<timestamp>2103.495284</timestamp>
			</report>
			<report>
				<misses>6017001</misses>
				<total>13</total>
				<timestamp>2103.844926</timestamp>
			</report>
			<report>
				<misses>6018001</misses>
				<total>13</total>
				<timestamp>2104.194588</timestamp>
			</report>
			<report>
				<misses>6019001</misses>
				<total>13</total>
				<timestamp>2104.544264</timestamp>
			</report>
			<report>
				<misses>6020001</misses>
				<total>13</total>
				<timestamp>2104.893875</timestamp>
			</report>
			<report>
				<misses>6021001</misses>
				<total>13</total>
				<timestamp>2105.243528</timestamp>
			</report>
			<report>
				<misses>6022001</misses>
				<total>13</total>
				<timestamp>2105.593196</timestamp>
			</report>
			<report>
				<misses>6023001</misses>
				<total>13</total>
				<timestamp>2105.942836</timestamp>
			</report>
			<report>
				<misses>6024001</misses>
				<total>13</total>
				<timestamp>2106.292516</timestamp>
			</report>
			<report>
				<misses>6025001</misses>
				<total>13</total>
				<timestamp>2106.642145</timestamp>
			</report>
			<report>
				<misses>6026001</misses>
				<total>13</total>
				<timestamp>2106.991787</timestamp>
			</report>
			<report>
				<misses>6027001</misses>
				<total>13</total>
				<timestamp>2107.341428</timestamp>
			</report>
			<report>
				<misses>6028001</misses>
				<total>13</total>
				<timestamp>2107.691088</timestamp>
			</report>
			<report>
				<misses>6029001</misses>
				<total>13</total>
				<timestamp>2108.040745</timestamp>
			</report>
			<report>
				<misses>6030001</misses>
				<total>13</total>
				<timestamp>2108.390401</timestamp>
			</report>
			<report>
				<misses>6031001</misses>
				<total>13</total>
				<timestamp>2108.740077</timestamp>
			</report>
			<report>
				<misses>6032001</misses>
				<total>13</total>
				<timestamp>2109.089721</timestamp>
			</report>
			<report>
				<misses>6033001</misses>
				<total>13</total>
				<timestamp>2109.439363</timestamp>
			</report>
			<report>
				<misses>6034001</misses>
				<total>13</total>
				<timestamp>2109.789027</timestamp>
			</report>
			<report>
				<misses>6035001</misses>
				<total>13</total>
				<timestamp>2110.138647</timestamp>
			</report>
			<report>
				<misses>6036001</misses>
				<total>13</total>
				<timestamp>2110.488311</timestamp>
			</report>
			<report>
				<misses>6037001</misses>
				<total>13</total>
				<timestamp>2110.837938</timestamp>
			</report>
			<report>
				<misses>6038001</misses>
				<total>13</total>
				<timestamp>2111.187596</timestamp>
			</report>
			<report>
				<misses>6039001</misses>
				<total>13</total>
				<timestamp>2111.537278</timestamp>
			</report>
			<report>
				<misses>6040001</misses>
				<total>13</total>
				<timestamp>2111.886875</timestamp>
			</report>
			<report>
				<misses>6041001</misses>
				<total>13</total>
				<timestamp>2112.236559</timestamp>
			</report>
			<report>
				<misses>6042001</misses>
				<total>13</total>
				<timestamp>2112.586214</timestamp>
			</report>
			<report>
				<misses>6043001</misses>
				<total>13</total>
				<timestamp>2112.935833</timestamp>
			</report>
			<report>
				<misses>6044001</misses>
				<total>13</total>
				<timestamp>2113.285505</timestamp>
			</report>
			<report>
				<misses>6045001</misses>
				<total>13</total>
				<timestamp>2113.635130</timestamp>
			</report>
			<report>
				<misses>6046001</misses>
				<total>13</total>
				<timestamp>2113.984805</timestamp>
			</report>
			<report>
				<misses>6047001</misses>
				<total>13</total>
				<timestamp>2114.334446</timestamp>
			</report>
			<report>
				<misses>6048001</misses>
				<total>13</total>
				<timestamp>2114.684107</timestamp>
			</report>
			<report>
				<misses>6049001</misses>
				<total>13</total>
				<timestamp>2115.033743</timestamp>
			</report>
			<report>
				<misses>6050001</misses>
				<total>13</total>
				<timestamp>2115.383386</timestamp>
			</report>
			<report>
				<misses>6051001</misses>
				<total>13</total>
				<timestamp>2115.733055</timestamp>
			</report>
			<report>
				<misses>6052001</misses>
				<total>13</total>
				<timestamp>2116.082724</timestamp>
			</report>
			<report>
				<misses>6053001</misses>
				<total>13</total>
				<timestamp>2116.432370</timestamp>
			</report>
			<report>
				<misses>6054001</misses>
				<total>13</total>
				<timestamp>2116.781981</timestamp>
			</report>
			<report>
				<misses>6055001</misses>
				<total>13</total>
				<timestamp>2117.131633</timestamp>
			</report>
			<report>
				<misses>6056001</misses>
				<total>13</total>
				<timestamp>2117.481300</timestamp>
			</report>
			<report>
				<misses>6057001</misses>
				<total>13</total>
				<timestamp>2117.830925</timestamp>
			</report>
			<report>
				<misses>6058001</misses>
				<total>13</total>
				<timestamp>2118.180620</timestamp>
			</report>
			<report>
				<misses>6059001</misses>
				<total>13</total>
				<timestamp>2118.530272</timestamp>
			</report>
			<report>
				<misses>6060001</misses>
				<total>13</total>
				<timestamp>2118.879892</timestamp>
			</report>
			<report>
				<misses>6061001</misses>
				<total>13</total>
				<timestamp>2119.229529</timestamp>
			</report>
			<report>
				<misses>6062001</misses>
				<total>13</total>
				<timestamp>2119.579189</timestamp>
			</report>
			<report>
				<misses>6063001</misses>
				<total>13</total>
				<timestamp>2119.928827</timestamp>
			</report>
			<report>
				<misses>6064001</misses>
				<total>13</total>
				<timestamp>2120.278480</timestamp>
			</report>
			<report>
				<misses>6065001</misses>
				<total>13</total>
				<timestamp>2120.628124</timestamp>
			</report>
			<report>
				<misses>6066001</misses>
				<total>13</total>
				<timestamp>2120.977796</timestamp>
			</report>
			<report>
				<misses>6067001</misses>
				<total>13</total>
				<timestamp>2121.327450</timestamp>
			</report>
			<report>
				<misses>6068001</misses>
				<total>13</total>
				<timestamp>2121.677153</timestamp>
			</report>
			<report>
				<misses>6069001</misses>
				<total>13</total>
				<timestamp>2122.026766</timestamp>
			</report>
			<report>
				<misses>6070001</misses>
				<total>13</total>
				<timestamp>2122.376410</timestamp>
			</report>
			<report>
				<misses>6071001</misses>
				<total>13</total>
				<timestamp>2122.726052</timestamp>
			</report>
			<report>
				<misses>6072001</misses>
				<total>13</total>
				<timestamp>2123.075725</timestamp>
			</report>
			<report>
				<misses>6073001</misses>
				<total>13</total>
				<timestamp>2123.425359</timestamp>
			</report>
			<report>
				<misses>6074001</misses>
				<total>13</total>
				<timestamp>2123.774983</timestamp>
			</report>
			<report>
				<misses>6075001</misses>
				<total>13</total>
				<timestamp>2124.124649</timestamp>
			</report>
			<report>
				<misses>6076001</misses>
				<total>13</total>
				<timestamp>2124.474343</timestamp>
			</report>
			<report>
				<misses>6077001</misses>
				<total>13</total>
				<timestamp>2124.823941</timestamp>
			</report>
			<report>
				<misses>6078001</misses>
				<total>13</total>
				<timestamp>2125.173589</timestamp>
			</report>
			<report>
				<misses>6079001</misses>
				<total>13</total>
				<timestamp>2125.523365</timestamp>
			</report>
			<report>
				<misses>6080001</misses>
				<total>13</total>
				<timestamp>2125.872918</timestamp>
			</report>
			<report>
				<misses>6081001</misses>
				<total>13</total>
				<timestamp>2126.222563</timestamp>
			</report>
			<report>
				<misses>6082001</misses>
				<total>13</total>
				<timestamp>2126.572236</timestamp>
			</report>
			<report>
				<misses>6083001</misses>
				<total>13</total>
				<timestamp>2126.921840</timestamp>
			</report>
			<report>
				<misses>6084001</misses>
				<total>13</total>
				<timestamp>2127.271512</timestamp>
			</report>
			<report>
				<misses>6085001</misses>
				<total>13</total>
				<timestamp>2127.621139</timestamp>
			</report>
			<report>
				<misses>6086001</misses>
				<total>13</total>
				<timestamp>2127.970793</timestamp>
			</report>
			<report>
				<misses>6087001</misses>
				<total>13</total>
				<timestamp>2128.320434</timestamp>
			</report>
			<report>
				<misses>6088001</misses>
				<total>13</total>
				<timestamp>2128.670115</timestamp>
			</report>
			<report>
				<misses>6089001</misses>
				<total>13</total>
				<timestamp>2129.019783</timestamp>
			</report>
			<report>
				<misses>6090001</misses>
				<total>13</total>
				<timestamp>2129.369393</timestamp>
			</report>
			<report>
				<misses>6091001</misses>
				<total>13</total>
				<timestamp>2129.719055</timestamp>
			</report>
			<report>
				<misses>6092001</misses>
				<total>13</total>
				<timestamp>2130.068676</timestamp>
			</report>
			<report>
				<misses>6093001</misses>
				<total>13</total>
				<timestamp>2130.418370</timestamp>
			</report>
			<report>
				<misses>6094001</misses>
				<total>13</total>
				<timestamp>2130.767998</timestamp>
			</report>
			<report>
				<misses>6095001</misses>
				<total>13</total>
				<timestamp>2131.117646</timestamp>
			</report>
			<report>
				<misses>6096001</misses>
				<total>13</total>
				<timestamp>2131.467313</timestamp>
			</report>
			<report>
				<misses>6097001</misses>
				<total>13</total>
				<timestamp>2131.816954</timestamp>
			</report>
			<report>
				<misses>6098001</misses>
				<total>13</total>
				<timestamp>2132.166599</timestamp>
			</report>
			<report>
				<misses>6099001</misses>
				<total>13</total>
				<timestamp>2132.516255</timestamp>
			</report>
			<report>
				<misses>6100001</misses>
				<total>13</total>
				<timestamp>2132.865883</timestamp>
			</report>
			<report>
				<misses>6101001</misses>
				<total>13</total>
				<timestamp>2133.215532</timestamp>
			</report>
			<report>
				<misses>6102001</misses>
				<total>13</total>
				<timestamp>2133.565218</timestamp>
			</report>
			<report>
				<misses>6103001</misses>
				<total>13</total>
				<timestamp>2133.914834</timestamp>
			</report>
			<report>
				<misses>6104001</misses>
				<total>13</total>
				<timestamp>2134.264484</timestamp>
			</report>
			<report>
				<misses>6105001</misses>
				<total>13</total>
				<timestamp>2134.614138</timestamp>
			</report>
			<report>
				<misses>6106001</misses>
				<total>13</total>
				<timestamp>2134.963786</timestamp>
			</report>
			<report>
				<misses>6107001</misses>
				<total>13</total>
				<timestamp>2135.313431</timestamp>
			</report>
			<report>
				<misses>6108001</misses>
				<total>13</total>
				<timestamp>2135.663095</timestamp>
			</report>
			<report>
				<misses>6109001</misses>
				<total>13</total>
				<timestamp>2136.012750</timestamp>
			</report>
			<report>
				<misses>6110001</misses>
				<total>13</total>
				<timestamp>2136.362386</timestamp>
			</report>
			<report>
				<misses>6111001</misses>
				<total>13</total>
				<timestamp>2136.712055</timestamp>
			</report>
			<report>
				<misses>6112001</misses>
				<total>13</total>
				<timestamp>2137.061691</timestamp>
			</report>
			<report>
				<misses>6113001</misses>
				<total>13</total>
				<timestamp>2137.411394</timestamp>
			</report>
			<report>
				<misses>6114001</misses>
				<total>13</total>
				<timestamp>2137.761009</timestamp>
			</report>
			<report>
				<misses>6115001</misses>
				<total>13</total>
				<timestamp>2138.110641</timestamp>
			</report>
			<report>
				<misses>6116001</misses>
				<total>13</total>
				<timestamp>2138.460307</timestamp>
			</report>
			<report>
				<misses>6117001</misses>
				<total>13</total>
				<timestamp>2138.809968</timestamp>
			</report>
			<report>
				<misses>6118001</misses>
				<total>13</total>
				<timestamp>2139.159626</timestamp>
			</report>
			<report>
				<misses>6119001</misses>
				<total>13</total>
				<timestamp>2139.509263</timestamp>
			</report>
			<report>
				<misses>6120001</misses>
				<total>13</total>
				<timestamp>2139.858889</timestamp>
			</report>
			<report>
				<misses>6121001</misses>
				<total>13</total>
				<timestamp>2140.208547</timestamp>
			</report>
			<report>
				<misses>6122001</misses>
				<total>13</total>
				<timestamp>2140.558235</timestamp>
			</report>
			<report>
				<misses>6123001</misses>
				<total>13</total>
				<timestamp>2140.907837</timestamp>
			</report>
			<report>
				<misses>6124001</misses>
				<total>13</total>
				<timestamp>2141.257484</timestamp>
			</report>
			<report>
				<misses>6125001</misses>
				<total>13</total>
				<timestamp>2141.607157</timestamp>
			</report>
			<report>
				<misses>6126001</misses>
				<total>13</total>
				<timestamp>2141.956806</timestamp>
			</report>
			<report>
				<misses>6127001</misses>
				<total>13</total>
				<timestamp>2142.306451</timestamp>
			</report>
			<report>
				<misses>6128001</misses>
				<total>13</total>
				<timestamp>2142.656099</timestamp>
			</report>
			<report>
				<misses>6129001</misses>
				<total>13</total>
				<timestamp>2143.005728</timestamp>
			</report>
			<report>
				<misses>6130001</misses>
				<total>13</total>
				<timestamp>2143.355385</timestamp>
			</report>
			<report>
				<misses>6131001</misses>
				<total>13</total>
				<timestamp>2143.705042</timestamp>
			</report>
			<report>
				<misses>6132001</misses>
				<total>13</total>
				<timestamp>2144.054701</timestamp>
			</report>
			<report>
				<misses>6133001</misses>
				<total>13</total>
				<timestamp>2144.404379</timestamp>
			</report>
			<report>
				<misses>6134001</misses>
				<total>13</total>
				<timestamp>2144.753994</timestamp>
			</report>
			<report>
				<misses>6135001</misses>
				<total>13</total>
				<timestamp>2145.103652</timestamp>
			</report>
			<report>
				<misses>6136001</misses>
				<total>13</total>
				<timestamp>2145.453320</timestamp>
			</report>
			<report>
				<misses>6137001</misses>
				<total>13</total>
				<timestamp>2145.802926</timestamp>
			</report>
			<report>
				<misses>6138001</misses>
				<total>13</total>
				<timestamp>2146.152587</timestamp>
			</report>
			<report>
				<misses>6139001</misses>
				<total>13</total>
				<timestamp>2146.502243</timestamp>
			</report>
			<report>
				<misses>6140001</misses>
				<total>13</total>
				<timestamp>2146.851883</timestamp>
			</report>
			<report>
				<misses>6141001</misses>
				<total>13</total>
				<timestamp>2147.201537</timestamp>
			</report>
			<report>
				<misses>6142001</misses>
				<total>13</total>
				<timestamp>2147.551218</timestamp>
			</report>
			<report>
				<misses>6143001</misses>
				<total>13</total>
				<timestamp>2147.900844</timestamp>
			</report>
			<report>
				<misses>6144001</misses>
				<total>13</total>
				<timestamp>2148.250491</timestamp>
			</report>
			<report>
				<misses>6145001</misses>
				<total>13</total>
				<timestamp>2148.600197</timestamp>
			</report>
			<report>
				<misses>6146001</misses>
				<total>13</total>
				<timestamp>2148.949811</timestamp>
			</report>
			<report>
				<misses>6147001</misses>
				<total>13</total>
				<timestamp>2149.299440</timestamp>
			</report>
			<report>
				<misses>6148001</misses>
				<total>13</total>
				<timestamp>2149.649157</timestamp>
			</report>
			<report>
				<misses>6149001</misses>
				<total>13</total>
				<timestamp>2149.998754</timestamp>
			</report>
			<report>
				<misses>6150001</misses>
				<total>13</total>
				<timestamp>2150.348386</timestamp>
			</report>
			<report>
				<misses>6151001</misses>
				<total>13</total>
				<timestamp>2150.698027</timestamp>
			</report>
			<report>
				<misses>6152001</misses>
				<total>13</total>
				<timestamp>2151.047665</timestamp>
			</report>
			<report>
				<misses>6153001</misses>
				<total>13</total>
				<timestamp>2151.397377</timestamp>
			</report>
			<report>
				<misses>6154001</misses>
				<total>13</total>
				<timestamp>2151.746979</timestamp>
			</report>
			<report>
				<misses>6155001</misses>
				<total>13</total>
				<timestamp>2152.096637</timestamp>
			</report>
			<report>
				<misses>6156001</misses>
				<total>13</total>
				<timestamp>2152.446286</timestamp>
			</report>
			<report>
				<misses>6157001</misses>
				<total>13</total>
				<timestamp>2152.795957</timestamp>
			</report>
			<report>
				<misses>6158001</misses>
				<total>13</total>
				<timestamp>2153.145584</timestamp>
			</report>
			<report>
				<misses>6159001</misses>
				<total>13</total>
				<timestamp>2153.495277</timestamp>
			</report>
			<report>
				<misses>6160001</misses>
				<total>13</total>
				<timestamp>2153.844885</timestamp>
			</report>
			<report>
				<misses>6161001</misses>
				<total>13</total>
				<timestamp>2154.194543</timestamp>
			</report>
			<report>
				<misses>6162001</misses>
				<total>13</total>
				<timestamp>2154.544202</timestamp>
			</report>
			<report>
				<misses>6163001</misses>
				<total>13</total>
				<timestamp>2154.893854</timestamp>
			</report>
			<report>
				<misses>6164001</misses>
				<total>13</total>
				<timestamp>2155.243489</timestamp>
			</report>
			<report>
				<misses>6165001</misses>
				<total>13</total>
				<timestamp>2155.593190</timestamp>
			</report>
			<report>
				<misses>6166001</misses>
				<total>13</total>
				<timestamp>2155.942772</timestamp>
			</report>
			<report>
				<misses>6167001</misses>
				<total>13</total>
				<timestamp>2156.292444</timestamp>
			</report>
			<report>
				<misses>6168001</misses>
				<total>13</total>
				<timestamp>2156.642131</timestamp>
			</report>
			<report>
				<misses>6169001</misses>
				<total>13</total>
				<timestamp>2156.991729</timestamp>
			</report>
			<report>
				<misses>6170001</misses>
				<total>13</total>
				<timestamp>2157.341385</timestamp>
			</report>
			<report>
				<misses>6171001</misses>
				<total>13</total>
				<timestamp>2157.691067</timestamp>
			</report>
			<report>
				<misses>6172001</misses>
				<total>13</total>
				<timestamp>2158.040683</timestamp>
			</report>
			<report>
				<misses>6173001</misses>
				<total>13</total>
				<timestamp>2158.390323</timestamp>
			</report>
			<report>
				<misses>6174001</misses>
				<total>13</total>
				<timestamp>2158.740002</timestamp>
			</report>
			<report>
				<misses>6175001</misses>
				<total>13</total>
				<timestamp>2159.089650</timestamp>
			</report>
			<report>
				<misses>6176001</misses>
				<total>13</total>
				<timestamp>2159.439290</timestamp>
			</report>
			<report>
				<misses>6177001</misses>
				<total>13</total>
				<timestamp>2159.788926</timestamp>
			</report>
			<report>
				<misses>6178001</misses>
				<total>13</total>
				<timestamp>2160.138587</timestamp>
			</report>
			<report>
				<misses>6179001</misses>
				<total>13</total>
				<timestamp>2160.488258</timestamp>
			</report>
			<report>
				<misses>6180001</misses>
				<total>13</total>
				<timestamp>2160.837886</timestamp>
			</report>
			<report>
				<misses>6181001</misses>
				<total>13</total>
				<timestamp>2161.187518</timestamp>
			</report>
			<report>
				<misses>6182001</misses>
				<total>13</total>
				<timestamp>2161.537228</timestamp>
			</report>
			<report>
				<misses>6183001</misses>
				<total>13</total>
				<timestamp>2161.886872</timestamp>
			</report>
			<report>
				<misses>6184001</misses>
				<total>13</total>
				<timestamp>2162.236498</timestamp>
			</report>
			<report>
				<misses>6185001</misses>
				<total>13</total>
				<timestamp>2162.586125</timestamp>
			</report>
			<report>
				<misses>6186001</misses>
				<total>13</total>
				<timestamp>2162.935792</timestamp>
			</report>
			<report>
				<misses>6187001</misses>
				<total>13</total>
				<timestamp>2163.285443</timestamp>
			</report>
			<report>
				<misses>6188001</misses>
				<total>13</total>
				<timestamp>2163.635164</timestamp>
			</report>
			<report>
				<misses>6189001</misses>
				<total>13</total>
				<timestamp>2163.984762</timestamp>
			</report>
			<report>
				<misses>6190001</misses>
				<total>13</total>
				<timestamp>2164.334392</timestamp>
			</report>
			<report>
				<misses>6191001</misses>
				<total>13</total>
				<timestamp>2164.684098</timestamp>
			</report>
			<report>
				<misses>6192001</misses>
				<total>13</total>
				<timestamp>2165.033701</timestamp>
			</report>
			<report>
				<misses>6193001</misses>
				<total>13</total>
				<timestamp>2165.383352</timestamp>
			</report>
			<report>
				<misses>6194001</misses>
				<total>13</total>
				<timestamp>2165.732995</timestamp>
			</report>
			<report>
				<misses>6195001</misses>
				<total>13</total>
				<timestamp>2166.082644</timestamp>
			</report>
			<report>
				<misses>6196001</misses>
				<total>13</total>
				<timestamp>2166.432278</timestamp>
			</report>
			<report>
				<misses>6197001</misses>
				<total>13</total>
				<timestamp>2166.781923</timestamp>
			</report>
			<report>
				<misses>6198001</misses>
				<total>13</total>
				<timestamp>2167.131584</timestamp>
			</report>
			<report>
				<misses>6199001</misses>
				<total>13</total>
				<timestamp>2167.481222</timestamp>
			</report>
			<report>
				<misses>6200001</misses>
				<total>13</total>
				<timestamp>2167.830887</timestamp>
			</report>
			<report>
				<misses>6201001</misses>
				<total>13</total>
				<timestamp>2168.180573</timestamp>
			</report>
			<report>
				<misses>6202001</misses>
				<total>13</total>
				<timestamp>2168.530235</timestamp>
			</report>
			<report>
				<misses>6203001</misses>
				<total>13</total>
				<timestamp>2168.879833</timestamp>
			</report>
			<report>
				<misses>6204001</misses>
				<total>13</total>
				<timestamp>2169.229530</timestamp>
			</report>
			<report>
				<misses>6205001</misses>
				<total>13</total>
				<timestamp>2169.579171</timestamp>
			</report>
			<report>
				<misses>6206001</misses>
				<total>13</total>
				<timestamp>2169.928776</timestamp>
			</report>
			<report>
				<misses>6207001</misses>
				<total>13</total>
				<timestamp>2170.278441</timestamp>
			</report>
			<report>
				<misses>6208001</misses>
				<total>13</total>
				<timestamp>2170.628132</timestamp>
			</report>
			<report>
				<misses>6209001</misses>
				<total>13</total>
				<timestamp>2170.977713</timestamp>
			</report>
			<report>
				<misses>6210001</misses>
				<total>13</total>
				<timestamp>2171.327385</timestamp>
			</report>
			<report>
				<misses>6211001</misses>
				<total>13</total>
				<timestamp>2171.677033</timestamp>
			</report>
			<report>
				<misses>6212001</misses>
				<total>13</total>
				<timestamp>2172.026694</timestamp>
			</report>
			<report>
				<misses>6213001</misses>
				<total>13</total>
				<timestamp>2172.376334</timestamp>
			</report>
			<report>
				<misses>6214001</misses>
				<total>13</total>
				<timestamp>2172.726025</timestamp>
			</report>
			<report>
				<misses>6215001</misses>
				<total>13</total>
				<timestamp>2173.075630</timestamp>
			</report>
			<report>
				<misses>6216001</misses>
				<total>13</total>
				<timestamp>2173.425277</timestamp>
			</report>
			<report>
				<misses>6217001</misses>
				<total>13</total>
				<timestamp>2173.774994</timestamp>
			</report>
			<report>
				<misses>6218001</misses>
				<total>13</total>
				<timestamp>2174.124585</timestamp>
			</report>
			<report>
				<misses>6219001</misses>
				<total>13</total>
				<timestamp>2174.474242</timestamp>
			</report>
			<report>
				<misses>6220001</misses>
				<total>13</total>
				<timestamp>2174.823904</timestamp>
			</report>
			<report>
				<misses>6221001</misses>
				<total>13</total>
				<timestamp>2175.173582</timestamp>
			</report>
			<report>
				<misses>6222001</misses>
				<total>13</total>
				<timestamp>2175.523211</timestamp>
			</report>
			<report>
				<misses>6223001</misses>
				<total>13</total>
				<timestamp>2175.872830</timestamp>
			</report>
			<report>
				<misses>6224001</misses>
				<total>13</total>
				<timestamp>2176.222494</timestamp>
			</report>
			<report>
				<misses>6225001</misses>
				<total>13</total>
				<timestamp>2176.572164</timestamp>
			</report>
			<report>
				<misses>6226001</misses>
				<total>13</total>
				<timestamp>2176.921818</timestamp>
			</report>
			<report>
				<misses>6227001</misses>
				<total>13</total>
				<timestamp>2177.271434</timestamp>
			</report>
			<report>
				<misses>6228001</misses>
				<total>13</total>
				<timestamp>2177.621122</timestamp>
			</report>
			<report>
				<misses>6229001</misses>
				<total>13</total>
				<timestamp>2177.970728</timestamp>
			</report>
			<report>
				<misses>6230001</misses>
				<total>13</total>
				<timestamp>2178.320383</timestamp>
			</report>
			<report>
				<misses>6231001</misses>
				<total>13</total>
				<timestamp>2178.670087</timestamp>
			</report>
			<report>
				<misses>6232001</misses>
				<total>13</total>
				<timestamp>2179.019693</timestamp>
			</report>
			<report>
				<misses>6233001</misses>
				<total>13</total>
				<timestamp>2179.369389</timestamp>
			</report>
			<report>
				<misses>6234001</misses>
				<total>13</total>
				<timestamp>2179.719016</timestamp>
			</report>
			<report>
				<misses>6235001</misses>
				<total>13</total>
				<timestamp>2180.068618</timestamp>
			</report>
			<report>
				<misses>6236001</misses>
				<total>13</total>
				<timestamp>2180.418276</timestamp>
			</report>
			<report>
				<misses>6237001</misses>
				<total>13</total>
				<timestamp>2180.767967</timestamp>
			</report>
			<report>
				<misses>6238001</misses>
				<total>13</total>
				<timestamp>2181.117579</timestamp>
			</report>
			<report>
				<misses>6239001</misses>
				<total>13</total>
				<timestamp>2181.467251</timestamp>
			</report>
			<report>
				<misses>6240001</misses>
				<total>13</total>
				<timestamp>2181.816895</timestamp>
			</report>
			<report>
				<misses>6241001</misses>
				<total>13</total>
				<timestamp>2182.166535</timestamp>
			</report>
			<report>
				<misses>6242001</misses>
				<total>13</total>
				<timestamp>2182.516177</timestamp>
			</report>
			<report>
				<misses>6243001</misses>
				<total>13</total>
				<timestamp>2182.865853</timestamp>
			</report>
			<report>
				<misses>6244001</misses>
				<total>13</total>
				<timestamp>2183.215494</timestamp>
			</report>
			<report>
				<misses>6245001</misses>
				<total>13</total>
				<timestamp>2183.565135</timestamp>
			</report>
			<report>
				<misses>6246001</misses>
				<total>13</total>
				<timestamp>2183.914792</timestamp>
			</report>
			<report>
				<misses>6247001</misses>
				<total>13</total>
				<timestamp>2184.264426</timestamp>
			</report>
			<report>
				<misses>6248001</misses>
				<total>13</total>
				<timestamp>2184.614130</timestamp>
			</report>
			<report>
				<misses>6249001</misses>
				<total>13</total>
				<timestamp>2184.963742</timestamp>
			</report>
			<report>
				<misses>6250001</misses>
				<total>13</total>
				<timestamp>2185.313378</timestamp>
			</report>
			<report>
				<misses>6251001</misses>
				<total>13</total>
				<timestamp>2185.663095</timestamp>
			</report>
			<report>
				<misses>6252001</misses>
				<total>13</total>
				<timestamp>2186.012682</timestamp>
			</report>
			<report>
				<misses>6253001</misses>
				<total>13</total>
				<timestamp>2186.362332</timestamp>
			</report>
			<report>
				<misses>6254001</misses>
				<total>13</total>
				<timestamp>2186.712036</timestamp>
			</report>
			<report>
				<misses>6255001</misses>
				<total>13</total>
				<timestamp>2187.061635</timestamp>
			</report>
			<report>
				<misses>6256001</misses>
				<total>13</total>
				<timestamp>2187.411278</timestamp>
			</report>
			<report>
				<misses>6257001</misses>
				<total>13</total>
				<timestamp>2187.760970</timestamp>
			</report>
			<report>
				<misses>6258001</misses>
				<total>13</total>
				<timestamp>2188.110590</timestamp>
			</report>
			<report>
				<misses>6259001</misses>
				<total>13</total>
				<timestamp>2188.460221</timestamp>
			</report>
			<report>
				<misses>6260001</misses>
				<total>13</total>
				<timestamp>2188.809930</timestamp>
			</report>
			<report>
				<misses>6261001</misses>
				<total>13</total>
				<timestamp>2189.159517</timestamp>
			</report>
			<report>
				<misses>6262001</misses>
				<total>13</total>
				<timestamp>2189.509202</timestamp>
			</report>
			<report>
				<misses>6263001</misses>
				<total>13</total>
				<timestamp>2189.858826</timestamp>
			</report>
			<report>
				<misses>6264001</misses>
				<total>13</total>
				<timestamp>2190.208467</timestamp>
			</report>
			<report>
				<misses>6265001</misses>
				<total>13</total>
				<timestamp>2190.558139</timestamp>
			</report>
			<report>
				<misses>6266001</misses>
				<total>13</total>
				<timestamp>2190.907808</timestamp>
			</report>
			<report>
				<misses>6267001</misses>
				<total>13</total>
				<timestamp>2191.257426</timestamp>
			</report>
			<report>
				<misses>6268001</misses>
				<total>13</total>
				<timestamp>2191.607082</timestamp>
			</report>
			<report>
				<misses>6269001</misses>
				<total>13</total>
				<timestamp>2191.956737</timestamp>
			</report>
			<report>
				<misses>6270001</misses>
				<total>13</total>
				<timestamp>2192.306395</timestamp>
			</report>
			<report>
				<misses>6271001</misses>
				<total>13</total>
				<timestamp>2192.656073</timestamp>
			</report>
			<report>
				<misses>6272001</misses>
				<total>13</total>
				<timestamp>2193.005698</timestamp>
			</report>
			<report>
				<misses>6273001</misses>
				<total>13</total>
				<timestamp>2193.355337</timestamp>
			</report>
			<report>
				<misses>6274001</misses>
				<total>13</total>
				<timestamp>2193.705010</timestamp>
			</report>
			<report>
				<misses>6275001</misses>
				<total>13</total>
				<timestamp>2194.054625</timestamp>
			</report>
			<report>
				<misses>6276001</misses>
				<total>13</total>
				<timestamp>2194.404292</timestamp>
			</report>
			<report>
				<misses>6277001</misses>
				<total>13</total>
				<timestamp>2194.753985</timestamp>
			</report>
			<report>
				<misses>6278001</misses>
				<total>13</total>
				<timestamp>2195.103581</timestamp>
			</report>
			<report>
				<misses>6279001</misses>
				<total>13</total>
				<timestamp>2195.453232</timestamp>
			</report>
			<report>
				<misses>6280001</misses>
				<total>13</total>
				<timestamp>2195.802907</timestamp>
			</report>
			<report>
				<misses>6281001</misses>
				<total>13</total>
				<timestamp>2196.152539</timestamp>
			</report>
			<report>
				<misses>6282001</misses>
				<total>13</total>
				<timestamp>2196.502197</timestamp>
			</report>
			<report>
				<misses>6283001</misses>
				<total>13</total>
				<timestamp>2196.851877</timestamp>
			</report>
			<report>
				<misses>6284001</misses>
				<total>13</total>
				<timestamp>2197.201501</timestamp>
			</report>
			<report>
				<misses>6285001</misses>
				<total>13</total>
				<timestamp>2197.551127</timestamp>
			</report>
			<report>
				<misses>6286001</misses>
				<total>13</total>
				<timestamp>2197.900827</timestamp>
			</report>
			<report>
				<misses>6287001</misses>
				<total>13</total>
				<timestamp>2198.250428</timestamp>
			</report>
			<report>
				<misses>6288001</misses>
				<total>13</total>
				<timestamp>2198.600100</timestamp>
			</report>
			<report>
				<misses>6289001</misses>
				<total>13</total>
				<timestamp>2198.949758</timestamp>
			</report>
			<report>
				<misses>6290001</misses>
				<total>13</total>
				<timestamp>2199.299400</timestamp>
			</report>
			<report>
				<misses>6291001</misses>
				<total>13</total>
				<timestamp>2199.649046</timestamp>
			</report>
			<report>
				<misses>6292001</misses>
				<total>13</total>
				<timestamp>2199.998762</timestamp>
			</report>
			<report>
				<misses>6293001</misses>
				<total>13</total>
				<timestamp>2200.348332</timestamp>
			</report>
			<report>
				<misses>6294001</misses>
				<total>13</total>
				<timestamp>2200.698024</timestamp>
			</report>
			<report>
				<misses>6295001</misses>
				<total>13</total>
				<timestamp>2201.047636</timestamp>
			</report>
			<report>
				<misses>6296001</misses>
				<total>13</total>
				<timestamp>2201.397328</timestamp>
			</report>
			<report>
				<misses>6297001</misses>
				<total>13</total>
				<timestamp>2201.746945</timestamp>
			</report>
			<report>
				<misses>6298001</misses>
				<total>13</total>
				<timestamp>2202.096604</timestamp>
			</report>
			<report>
				<misses>6299001</misses>
				<total>13</total>
				<timestamp>2202.446228</timestamp>
			</report>
			<report>
				<misses>6300001</misses>
				<total>13</total>
				<timestamp>2202.795926</timestamp>
			</report>
			<report>
				<misses>6301001</misses>
				<total>13</total>
				<timestamp>2203.145533</timestamp>
			</report>
			<report>
				<misses>6302001</misses>
				<total>13</total>
				<timestamp>2203.495182</timestamp>
			</report>
			<report>
				<misses>6303001</misses>
				<total>13</total>
				<timestamp>2203.844843</timestamp>
			</report>
			<report>
				<misses>6304001</misses>
				<total>13</total>
				<timestamp>2204.194495</timestamp>
			</report>
			<report>
				<misses>6305001</misses>
				<total>13</total>
				<timestamp>2204.544126</timestamp>
			</report>
			<report>
				<misses>6306001</misses>
				<total>13</total>
				<timestamp>2204.893807</timestamp>
			</report>
			<report>
				<misses>6307001</misses>
				<total>13</total>
				<timestamp>2205.243441</timestamp>
			</report>
			<report>
				<misses>6308001</misses>
				<total>13</total>
				<timestamp>2205.593131</timestamp>
			</report>
			<report>
				<misses>6309001</misses>
				<total>13</total>
				<timestamp>2205.942761</timestamp>
			</report>
			<report>
				<misses>6310001</misses>
				<total>13</total>
				<timestamp>2206.292384</timestamp>
			</report>
			<report>
				<misses>6311001</misses>
				<total>13</total>
				<timestamp>2206.642052</timestamp>
			</report>
			<report>
				<misses>6312001</misses>
				<total>13</total>
				<timestamp>2206.991709</timestamp>
			</report>
			<report>
				<misses>6313001</misses>
				<total>13</total>
				<timestamp>2207.341321</timestamp>
			</report>
			<report>
				<misses>6314001</misses>
				<total>13</total>
				<timestamp>2207.690991</timestamp>
			</report>
			<report>
				<misses>6315001</misses>
				<total>13</total>
				<timestamp>2208.040629</timestamp>
			</report>
			<report>
				<misses>6316001</misses>
				<total>13</total>
				<timestamp>2208.390290</timestamp>
			</report>
			<report>
				<misses>6317001</misses>
				<total>13</total>
				<timestamp>2208.739958</timestamp>
			</report>
			<report>
				<misses>6318001</misses>
				<total>13</total>
				<timestamp>2209.089582</timestamp>
			</report>
			<report>
				<misses>6319001</misses>
				<total>13</total>
				<timestamp>2209.439233</timestamp>
			</report>
			<report>
				<misses>6320001</misses>
				<total>13</total>
				<timestamp>2209.788936</timestamp>
			</report>
			<report>
				<misses>6321001</misses>
				<total>13</total>
				<timestamp>2210.138529</timestamp>
			</report>
			<report>
				<misses>6322001</misses>
				<total>13</total>
				<timestamp>2210.488177</timestamp>
			</report>
			<report>
				<misses>6323001</misses>
				<total>13</total>
				<timestamp>2210.837883</timestamp>
			</report>
			<report>
				<misses>6324001</misses>
				<total>13</total>
				<timestamp>2211.187483</timestamp>
			</report>
			<report>
				<misses>6325001</misses>
				<total>13</total>
				<timestamp>2211.537168</timestamp>
			</report>
			<report>
				<misses>6326001</misses>
				<total>13</total>
				<timestamp>2211.886815</timestamp>
			</report>
			<report>
				<misses>6327001</misses>
				<total>13</total>
				<timestamp>2212.236424</timestamp>
			</report>
			<report>
				<misses>6328001</misses>
				<total>13</total>
				<timestamp>2212.586080</timestamp>
			</report>
			<report>
				<misses>6329001</misses>
				<total>13</total>
				<timestamp>2212.935825</timestamp>
			</report>
			<report>
				<misses>6330001</misses>
				<total>13</total>
				<timestamp>2213.285383</timestamp>
			</report>
			<report>
				<misses>6331001</misses>
				<total>13</total>
				<timestamp>2213.635071</timestamp>
			</report>
			<report>
				<misses>6332001</misses>
				<total>13</total>
				<timestamp>2213.984718</timestamp>
			</report>
			<report>
				<misses>6333001</misses>
				<total>13</total>
				<timestamp>2214.334349</timestamp>
			</report>
			<report>
				<misses>6334001</misses>
				<total>13</total>
				<timestamp>2214.684011</timestamp>
			</report>
			<report>
				<misses>6335001</misses>
				<total>13</total>
				<timestamp>2215.033619</timestamp>
			</report>
			<report>
				<misses>6336001</misses>
				<total>13</total>
				<timestamp>2215.383293</timestamp>
			</report>
			<report>
				<misses>6337001</misses>
				<total>13</total>
				<timestamp>2215.732975</timestamp>
			</report>
			<report>
				<misses>6338001</misses>
				<total>13</total>
				<timestamp>2216.082590</timestamp>
			</report>
			<report>
				<misses>6339001</misses>
				<total>13</total>
				<timestamp>2216.432272</timestamp>
			</report>
			<report>
				<misses>6340001</misses>
				<total>13</total>
				<timestamp>2216.781908</timestamp>
			</report>
			<report>
				<misses>6341001</misses>
				<total>13</total>
				<timestamp>2217.131548</timestamp>
			</report>
			<report>
				<misses>6342001</misses>
				<total>13</total>
				<timestamp>2217.481188</timestamp>
			</report>
			<report>
				<misses>6343001</misses>
				<total>13</total>
				<timestamp>2217.830846</timestamp>
			</report>
			<report>
				<misses>6344001</misses>
				<total>13</total>
				<timestamp>2218.180483</timestamp>
			</report>
			<report>
				<misses>6345001</misses>
				<total>13</total>
				<timestamp>2218.530150</timestamp>
			</report>
			<report>
				<misses>6346001</misses>
				<total>13</total>
				<timestamp>2218.879843</timestamp>
			</report>
			<report>
				<misses>6347001</misses>
				<total>13</total>
				<timestamp>2219.229434</timestamp>
			</report>
			<report>
				<misses>6348001</misses>
				<total>13</total>
				<timestamp>2219.579113</timestamp>
			</report>
			<report>
				<misses>6349001</misses>
				<total>13</total>
				<timestamp>2219.928729</timestamp>
			</report>
			<report>
				<misses>6350001</misses>
				<total>13</total>
				<timestamp>2220.278375</timestamp>
			</report>
			<report>
				<misses>6351001</misses>
				<total>13</total>
				<timestamp>2220.628048</timestamp>
			</report>
			<report>
				<misses>6352001</misses>
				<total>13</total>
				<timestamp>2220.977700</timestamp>
			</report>
			<report>
				<misses>6353001</misses>
				<total>13</total>
				<timestamp>2221.327350</timestamp>
			</report>
			<report>
				<misses>6354001</misses>
				<total>13</total>
				<timestamp>2221.676983</timestamp>
			</report>
			<report>
				<misses>6355001</misses>
				<total>13</total>
				<timestamp>2222.026629</timestamp>
			</report>
			<report>
				<misses>6356001</misses>
				<total>13</total>
				<timestamp>2222.376292</timestamp>
			</report>
			<report>
				<misses>6357001</misses>
				<total>13</total>
				<timestamp>2222.725924</timestamp>
			</report>
			<report>
				<misses>6358001</misses>
				<total>13</total>
				<timestamp>2223.075575</timestamp>
			</report>
			<report>
				<misses>6359001</misses>
				<total>13</total>
				<timestamp>2223.425234</timestamp>
			</report>
			<report>
				<misses>6360001</misses>
				<total>13</total>
				<timestamp>2223.774920</timestamp>
			</report>
			<report>
				<misses>6361001</misses>
				<total>13</total>
				<timestamp>2224.124548</timestamp>
			</report>
			<report>
				<misses>6362001</misses>
				<total>13</total>
				<timestamp>2224.474192</timestamp>
			</report>
			<report>
				<misses>6363001</misses>
				<total>13</total>
				<timestamp>2224.823849</timestamp>
			</report>
			<report>
				<misses>6364001</misses>
				<total>13</total>
				<timestamp>2225.173549</timestamp>
			</report>
			<report>
				<misses>6365001</misses>
				<total>13</total>
				<timestamp>2225.523155</timestamp>
			</report>
			<report>
				<misses>6366001</misses>
				<total>13</total>
				<timestamp>2225.872830</timestamp>
			</report>
			<report>
				<misses>6367001</misses>
				<total>13</total>
				<timestamp>2226.222437</timestamp>
			</report>
			<report>
				<misses>6368001</misses>
				<total>13</total>
				<timestamp>2226.572102</timestamp>
			</report>
			<report>
				<misses>6369001</misses>
				<total>13</total>
				<timestamp>2226.921748</timestamp>
			</report>
			<report>
				<misses>6370001</misses>
				<total>13</total>
				<timestamp>2227.271386</timestamp>
			</report>
			<report>
				<misses>6371001</misses>
				<total>13</total>
				<timestamp>2227.621064</timestamp>
			</report>
			<report>
				<misses>6372001</misses>
				<total>13</total>
				<timestamp>2227.970685</timestamp>
			</report>
			<report>
				<misses>6373001</misses>
				<total>13</total>
				<timestamp>2228.320337</timestamp>
			</report>
			<report>
				<misses>6374001</misses>
				<total>13</total>
				<timestamp>2228.669975</timestamp>
			</report>
			<report>
				<misses>6375001</misses>
				<total>13</total>
				<timestamp>2229.019653</timestamp>
			</report>
			<report>
				<misses>6376001</misses>
				<total>13</total>
				<timestamp>2229.369279</timestamp>
			</report>
			<report>
				<misses>6377001</misses>
				<total>13</total>
				<timestamp>2229.718930</timestamp>
			</report>
			<report>
				<misses>6378001</misses>
				<total>13</total>
				<timestamp>2230.068605</timestamp>
			</report>
			<report>
				<misses>6379001</misses>
				<total>13</total>
				<timestamp>2230.418257</timestamp>
			</report>
			<report>
				<misses>6380001</misses>
				<total>13</total>
				<timestamp>2230.767899</timestamp>
			</report>
			<report>
				<misses>6381001</misses>
				<total>13</total>
				<timestamp>2231.117532</timestamp>
			</report>
			<report>
				<misses>6382001</misses>
				<total>13</total>
				<timestamp>2231.467187</timestamp>
			</report>
			<report>
				<misses>6383001</misses>
				<total>13</total>
				<timestamp>2231.816846</timestamp>
			</report>
			<report>
				<misses>6384001</misses>
				<total>13</total>
				<timestamp>2232.166481</timestamp>
			</report>
			<report>
				<misses>6385001</misses>
				<total>13</total>
				<timestamp>2232.516147</timestamp>
			</report>
			<report>
				<misses>6386001</misses>
				<total>13</total>
				<timestamp>2232.865816</timestamp>
			</report>
			<report>
				<misses>6387001</misses>
				<total>13</total>
				<timestamp>2233.215425</timestamp>
			</report>
			<report>
				<misses>6388001</misses>
				<total>13</total>
				<timestamp>2233.565110</timestamp>
			</report>
			<report>
				<misses>6389001</misses>
				<total>13</total>
				<timestamp>2233.914772</timestamp>
			</report>
			<report>
				<misses>6390001</misses>
				<total>13</total>
				<timestamp>2234.264399</timestamp>
			</report>
			<report>
				<misses>6391001</misses>
				<total>13</total>
				<timestamp>2234.614066</timestamp>
			</report>
			<report>
				<misses>6392001</misses>
				<total>13</total>
				<timestamp>2234.963710</timestamp>
			</report>
			<report>
				<misses>6393001</misses>
				<total>13</total>
				<timestamp>2235.313342</timestamp>
			</report>
			<report>
				<misses>6394001</misses>
				<total>13</total>
				<timestamp>2235.663022</timestamp>
			</report>
			<report>
				<misses>6395001</misses>
				<total>13</total>
				<timestamp>2236.012651</timestamp>
			</report>
			<report>
				<misses>6396001</misses>
				<total>13</total>
				<timestamp>2236.362286</timestamp>
			</report>
			<report>
				<misses>6397001</misses>
				<total>13</total>
				<timestamp>2236.711936</timestamp>
			</report>
			<report>
				<misses>6398001</misses>
				<total>13</total>
				<timestamp>2237.061632</timestamp>
			</report>
			<report>
				<misses>6399001</misses>
				<total>13</total>
				<timestamp>2237.411257</timestamp>
			</report>
			<report>
				<misses>6400001</misses>
				<total>13</total>
				<timestamp>2237.760893</timestamp>
			</report>
			<report>
				<misses>6401001</misses>
				<total>13</total>
				<timestamp>2238.110529</timestamp>
			</report>
			<report>
				<misses>6402001</misses>
				<total>13</total>
				<timestamp>2238.460190</timestamp>
			</report>
			<report>
				<misses>6403001</misses>
				<total>13</total>
				<timestamp>2238.809846</timestamp>
			</report>
			<report>
				<misses>6404001</misses>
				<total>13</total>
				<timestamp>2239.159497</timestamp>
			</report>
			<report>
				<misses>6405001</misses>
				<total>13</total>
				<timestamp>2239.509156</timestamp>
			</report>
			<report>
				<misses>6406001</misses>
				<total>13</total>
				<timestamp>2239.858787</timestamp>
			</report>
			<report>
				<misses>6407001</misses>
				<total>13</total>
				<timestamp>2240.208441</timestamp>
			</report>
			<report>
				<misses>6408001</misses>
				<total>13</total>
				<timestamp>2240.558113</timestamp>
			</report>
			<report>
				<misses>6409001</misses>
				<total>13</total>
				<timestamp>2240.907771</timestamp>
			</report>
			<report>
				<misses>6410001</misses>
				<total>13</total>
				<timestamp>2241.257396</timestamp>
			</report>
			<report>
				<misses>6411001</misses>
				<total>13</total>
				<timestamp>2241.607042</timestamp>
			</report>
			<report>
				<misses>6412001</misses>
				<total>13</total>
				<timestamp>2241.956739</timestamp>
			</report>
			<report>
				<misses>6413001</misses>
				<total>13</total>
				<timestamp>2242.306345</timestamp>
			</report>
			<report>
				<misses>6414001</misses>
				<total>13</total>
				<timestamp>2242.655998</timestamp>
			</report>
			<report>
				<misses>6415001</misses>
				<total>13</total>
				<timestamp>2243.005650</timestamp>
			</report>
			<report>
				<misses>6416001</misses>
				<total>13</total>
				<timestamp>2243.355302</timestamp>
			</report>
			<report>
				<misses>6417001</misses>
				<total>13</total>
				<timestamp>2243.704940</timestamp>
			</report>
			<report>
				<misses>6418001</misses>
				<total>13</total>
				<timestamp>2244.054608</timestamp>
			</report>
			<report>
				<misses>6419001</misses>
				<total>13</total>
				<timestamp>2244.404241</timestamp>
			</report>
			<report>
				<misses>6420001</misses>
				<total>13</total>
				<timestamp>2244.753891</timestamp>
			</report>
			<report>
				<misses>6421001</misses>
				<total>13</total>
				<timestamp>2245.103576</timestamp>
			</report>
			<report>
				<misses>6422001</misses>
				<total>13</total>
				<timestamp>2245.453200</timestamp>
			</report>
			<report>
				<misses>6423001</misses>
				<total>13</total>
				<timestamp>2245.802825</timestamp>
			</report>
			<report>
				<misses>6424001</misses>
				<total>13</total>
				<timestamp>2246.152507</timestamp>
			</report>
			<report>
				<misses>6425001</misses>
				<total>13</total>
				<timestamp>2246.502151</timestamp>
			</report>
			<report>
				<misses>6426001</misses>
				<total>13</total>
				<timestamp>2246.851830</timestamp>
			</report>
			<report>
				<misses>6427001</misses>
				<total>13</total>
				<timestamp>2247.201426</timestamp>
			</report>
			<report>
				<misses>6428001</misses>
				<total>13</total>
				<timestamp>2247.551115</timestamp>
			</report>
			<report>
				<misses>6429001</misses>
				<total>13</total>
				<timestamp>2247.900747</timestamp>
			</report>
			<report>
				<misses>6430001</misses>
				<total>13</total>
				<timestamp>2248.250400</timestamp>
			</report>
			<report>
				<misses>6431001</misses>
				<total>13</total>
				<timestamp>2248.600064</timestamp>
			</report>
			<report>
				<misses>6432001</misses>
				<total>13</total>
				<timestamp>2248.949733</timestamp>
			</report>
			<report>
				<misses>6433001</misses>
				<total>13</total>
				<timestamp>2249.299341</timestamp>
			</report>
			<report>
				<misses>6434001</misses>
				<total>13</total>
				<timestamp>2249.648970</timestamp>
			</report>
			<report>
				<misses>6435001</misses>
				<total>13</total>
				<timestamp>2249.998660</timestamp>
			</report>
			<report>
				<misses>6436001</misses>
				<total>13</total>
				<timestamp>2250.348278</timestamp>
			</report>
			<report>
				<misses>6437001</misses>
				<total>13</total>
				<timestamp>2250.697946</timestamp>
			</report>
			<report>
				<misses>6438001</misses>
				<total>13</total>
				<timestamp>2251.047600</timestamp>
			</report>
			<report>
				<misses>6439001</misses>
				<total>13</total>
				<timestamp>2251.397237</timestamp>
			</report>
			<report>
				<misses>6440001</misses>
				<total>13</total>
				<timestamp>2251.746893</timestamp>
			</report>
			<report>
				<misses>6441001</misses>
				<total>13</total>
				<timestamp>2252.096561</timestamp>
			</report>
			<report>
				<misses>6442001</misses>
				<total>13</total>
				<timestamp>2252.446210</timestamp>
			</report>
			<report>
				<misses>6443001</misses>
				<total>13</total>
				<timestamp>2252.795847</timestamp>
			</report>
			<report>
				<misses>6444001</misses>
				<total>13</total>
				<timestamp>2253.145529</timestamp>
			</report>
			<report>
				<misses>6445001</misses>
				<total>13</total>
				<timestamp>2253.495156</timestamp>
			</report>
			<report>
				<misses>6446001</misses>
				<total>13</total>
				<timestamp>2253.844829</timestamp>
			</report>
			<report>
				<misses>6447001</misses>
				<total>13</total>
				<timestamp>2254.194439</timestamp>
			</report>
			<report>
				<misses>6448001</misses>
				<total>13</total>
				<timestamp>2254.544093</timestamp>
			</report>
			<report>
				<misses>6449001</misses>
				<total>13</total>
				<timestamp>2254.893764</timestamp>
			</report>
			<report>
				<misses>6450001</misses>
				<total>13</total>
				<timestamp>2255.243380</timestamp>
			</report>
			<report>
				<misses>6451001</misses>
				<total>13</total>
				<timestamp>2255.593058</timestamp>
			</report>
			<report>
				<misses>6452001</misses>
				<total>13</total>
				<timestamp>2255.942692</timestamp>
			</report>
			<report>
				<misses>6453001</misses>
				<total>13</total>
				<timestamp>2256.292320</timestamp>
			</report>
			<report>
				<misses>6454001</misses>
				<total>13</total>
				<timestamp>2256.641974</timestamp>
			</report>
			<report>
				<misses>6455001</misses>
				<total>13</total>
				<timestamp>2256.991654</timestamp>
			</report>
			<report>
				<misses>6456001</misses>
				<total>13</total>
				<timestamp>2257.341276</timestamp>
			</report>
			<report>
				<misses>6457001</misses>
				<total>13</total>
				<timestamp>2257.690945</timestamp>
			</report>
			<report>
				<misses>6458001</misses>
				<total>13</total>
				<timestamp>2258.040628</timestamp>
			</report>
			<report>
				<misses>6459001</misses>
				<total>13</total>
				<timestamp>2258.390242</timestamp>
			</report>
			<report>
				<misses>6460001</misses>
				<total>13</total>
				<timestamp>2258.739893</timestamp>
			</report>
			<report>
				<misses>6461001</misses>
				<total>13</total>
				<timestamp>2259.089535</timestamp>
			</report>
			<report>
				<misses>6462001</misses>
				<total>13</total>
				<timestamp>2259.439183</timestamp>
			</report>
			<report>
				<misses>6463001</misses>
				<total>13</total>
				<timestamp>2259.788846</timestamp>
			</report>
			<report>
				<misses>6464001</misses>
				<total>13</total>
				<timestamp>2260.138484</timestamp>
			</report>
			<report>
				<misses>6465001</misses>
				<total>13</total>
				<timestamp>2260.488147</timestamp>
			</report>
			<report>
				<misses>6466001</misses>
				<total>13</total>
				<timestamp>2260.837770</timestamp>
			</report>
			<report>
				<misses>6467001</misses>
				<total>13</total>
				<timestamp>2261.187444</timestamp>
			</report>
			<report>
				<misses>6468001</misses>
				<total>13</total>
				<timestamp>2261.537129</timestamp>
			</report>
			<report>
				<misses>6469001</misses>
				<total>13</total>
				<timestamp>2261.886734</timestamp>
			</report>
			<report>
				<misses>6470001</misses>
				<total>13</total>
				<timestamp>2262.236388</timestamp>
			</report>
			<report>
				<misses>6471001</misses>
				<total>13</total>
				<timestamp>2262.586039</timestamp>
			</report>
			<report>
				<misses>6472001</misses>
				<total>13</total>
				<timestamp>2262.935721</timestamp>
			</report>
			<report>
				<misses>6473001</misses>
				<total>13</total>
				<timestamp>2263.285329</timestamp>
			</report>
			<report>
				<misses>6474001</misses>
				<total>13</total>
				<timestamp>2263.635048</timestamp>
			</report>
			<report>
				<misses>6475001</misses>
				<total>13</total>
				<timestamp>2263.984631</timestamp>
			</report>
			<report>
				<misses>6476001</misses>
				<total>13</total>
				<timestamp>2264.334268</timestamp>
			</report>
			<report>
				<misses>6477001</misses>
				<total>13</total>
				<timestamp>2264.683928</timestamp>
			</report>
			<report>
				<misses>6478001</misses>
				<total>13</total>
				<timestamp>2265.033602</timestamp>
			</report>
			<report>
				<misses>6479001</misses>
				<total>13</total>
				<timestamp>2265.383238</timestamp>
			</report>
			<report>
				<misses>6480001</misses>
				<total>13</total>
				<timestamp>2265.732891</timestamp>
			</report>
			<report>
				<misses>6481001</misses>
				<total>13</total>
				<timestamp>2266.082543</timestamp>
			</report>
			<report>
				<misses>6482001</misses>
				<total>13</total>
				<timestamp>2266.432203</timestamp>
			</report>
			<report>
				<misses>6483001</misses>
				<total>13</total>
				<timestamp>2266.781833</timestamp>
			</report>
			<report>
				<misses>6484001</misses>
				<total>13</total>
				<timestamp>2267.131520</timestamp>
			</report>
			<report>
				<misses>6485001</misses>
				<total>13</total>
				<timestamp>2267.481137</timestamp>
			</report>
			<report>
				<misses>6486001</misses>
				<total>13</total>
				<timestamp>2267.830774</timestamp>
			</report>
			<report>
				<misses>6487001</misses>
				<total>13</total>
				<timestamp>2268.180470</timestamp>
			</report>
			<report>
				<misses>6488001</misses>
				<total>13</total>
				<timestamp>2268.530090</timestamp>
			</report>
			<report>
				<misses>6489001</misses>
				<total>13</total>
				<timestamp>2268.879775</timestamp>
			</report>
			<report>
				<misses>6490001</misses>
				<total>13</total>
				<timestamp>2269.229451</timestamp>
			</report>
			<report>
				<misses>6491001</misses>
				<total>13</total>
				<timestamp>2269.579060</timestamp>
			</report>
			<report>
				<misses>6492001</misses>
				<total>13</total>
				<timestamp>2269.928698</timestamp>
			</report>
			<report>
				<misses>6493001</misses>
				<total>13</total>
				<timestamp>2270.278326</timestamp>
			</report>
			<report>
				<misses>6494001</misses>
				<total>13</total>
				<timestamp>2270.627995</timestamp>
			</report>
			<report>
				<misses>6495001</misses>
				<total>13</total>
				<timestamp>2270.977657</timestamp>
			</report>
			<report>
				<misses>6496001</misses>
				<total>13</total>
				<timestamp>2271.327273</timestamp>
			</report>
			<report>
				<misses>6497001</misses>
				<total>13</total>
				<timestamp>2271.676927</timestamp>
			</report>
			<report>
				<misses>6498001</misses>
				<total>13</total>
				<timestamp>2272.026618</timestamp>
			</report>
			<report>
				<misses>6499001</misses>
				<total>13</total>
				<timestamp>2272.376237</timestamp>
			</report>
			<report>
				<misses>6500001</misses>
				<total>13</total>
				<timestamp>2272.725913</timestamp>
			</report>
			<report>
				<misses>6501001</misses>
				<total>13</total>
				<timestamp>2273.075535</timestamp>
			</report>
			<report>
				<misses>6502001</misses>
				<total>13</total>
				<timestamp>2273.425195</timestamp>
			</report>
			<report>
				<misses>6503001</misses>
				<total>13</total>
				<timestamp>2273.774839</timestamp>
			</report>
			<report>
				<misses>6504001</misses>
				<total>13</total>
				<timestamp>2274.124515</timestamp>
			</report>
			<report>
				<misses>6505001</misses>
				<total>13</total>
				<timestamp>2274.474163</timestamp>
			</report>
			<report>
				<misses>6506001</misses>
				<total>13</total>
				<timestamp>2274.823840</timestamp>
			</report>
			<report>
				<misses>6507001</misses>
				<total>13</total>
				<timestamp>2275.173449</timestamp>
			</report>
			<report>
				<misses>6508001</misses>
				<total>13</total>
				<timestamp>2275.523103</timestamp>
			</report>
			<report>
				<misses>6509001</misses>
				<total>13</total>
				<timestamp>2275.872775</timestamp>
			</report>
			<report>
				<misses>6510001</misses>
				<total>13</total>
				<timestamp>2276.222382</timestamp>
			</report>
			<report>
				<misses>6511001</misses>
				<total>13</total>
				<timestamp>2276.572066</timestamp>
			</report>
			<report>
				<misses>6512001</misses>
				<total>13</total>
				<timestamp>2276.921690</timestamp>
			</report>
			<report>
				<misses>6513001</misses>
				<total>13</total>
				<timestamp>2277.271376</timestamp>
			</report>
			<report>
				<misses>6514001</misses>
				<total>13</total>
				<timestamp>2277.621004</timestamp>
			</report>
			<report>
				<misses>6515001</misses>
				<total>13</total>
				<timestamp>2277.970642</timestamp>
			</report>
			<report>
				<misses>6516001</misses>
				<total>13</total>
				<timestamp>2278.320296</timestamp>
			</report>
			<report>
				<misses>6517001</misses>
				<total>13</total>
				<timestamp>2278.669940</timestamp>
			</report>
			<report>
				<misses>6518001</misses>
				<total>13</total>
				<timestamp>2279.019618</timestamp>
			</report>
			<report>
				<misses>6519001</misses>
				<total>13</total>
				<timestamp>2279.369273</timestamp>
			</report>
			<report>
				<misses>6520001</misses>
				<total>13</total>
				<timestamp>2279.718875</timestamp>
			</report>
			<report>
				<misses>6521001</misses>
				<total>13</total>
				<timestamp>2280.068569</timestamp>
			</report>
			<report>
				<misses>6522001</misses>
				<total>13</total>
				<timestamp>2280.418196</timestamp>
			</report>
			<report>
				<misses>6523001</misses>
				<total>13</total>
				<timestamp>2280.767846</timestamp>
			</report>
			<report>
				<misses>6524001</misses>
				<total>13</total>
				<timestamp>2281.117495</timestamp>
			</report>
			<report>
				<misses>6525001</misses>
				<total>13</total>
				<timestamp>2281.467145</timestamp>
			</report>
			<report>
				<misses>6526001</misses>
				<total>13</total>
				<timestamp>2281.816865</timestamp>
			</report>
			<report>
				<misses>6527001</misses>
				<total>13</total>
				<timestamp>2282.166429</timestamp>
			</report>
			<report>
				<misses>6528001</misses>
				<total>13</total>
				<timestamp>2282.516093</timestamp>
			</report>
			<report>
				<misses>6529001</misses>
				<total>13</total>
				<timestamp>2282.865766</timestamp>
			</report>
			<report>
				<misses>6530001</misses>
				<total>13</total>
				<timestamp>2283.215397</timestamp>
			</report>
			<report>
				<misses>6531001</misses>
				<total>13</total>
				<timestamp>2283.565046</timestamp>
			</report>
			<report>
				<misses>6532001</misses>
				<total>13</total>
				<timestamp>2283.914685</timestamp>
			</report>
			<report>
				<misses>6533001</misses>
				<total>13</total>
				<timestamp>2284.264330</timestamp>
			</report>
			<report>
				<misses>6534001</misses>
				<total>13</total>
				<timestamp>2284.614006</timestamp>
			</report>
			<report>
				<misses>6535001</misses>
				<total>13</total>
				<timestamp>2284.963625</timestamp>
			</report>
			<report>
				<misses>6536001</misses>
				<total>13</total>
				<timestamp>2285.313310</timestamp>
			</report>
			<report>
				<misses>6537001</misses>
				<total>13</total>
				<timestamp>2285.662935</timestamp>
			</report>
			<report>
				<misses>6538001</misses>
				<total>13</total>
				<timestamp>2286.012616</timestamp>
			</report>
			<report>
				<misses>6539001</misses>
				<total>13</total>
				<timestamp>2286.362255</timestamp>
			</report>
			<report>
				<misses>6540001</misses>
				<total>13</total>
				<timestamp>2286.711892</timestamp>
			</report>
			<report>
				<misses>6541001</misses>
				<total>13</total>
				<timestamp>2287.061559</timestamp>
			</report>
			<report>
				<misses>6542001</misses>
				<total>13</total>
				<timestamp>2287.411265</timestamp>
			</report>
			<report>
				<misses>6543001</misses>
				<total>13</total>
				<timestamp>2287.760840</timestamp>
			</report>
			<report>
				<misses>6544001</misses>
				<total>13</total>
				<timestamp>2288.110494</timestamp>
			</report>
			<report>
				<misses>6545001</misses>
				<total>13</total>
				<timestamp>2288.460148</timestamp>
			</report>
			<report>
				<misses>6546001</misses>
				<total>13</total>
				<timestamp>2288.809784</timestamp>
			</report>
			<report>
				<misses>6547001</misses>
				<total>13</total>
				<timestamp>2289.159481</timestamp>
			</report>
			<report>
				<misses>6548001</misses>
				<total>13</total>
				<timestamp>2289.509117</timestamp>
			</report>
			<report>
				<misses>6549001</misses>
				<total>13</total>
				<timestamp>2289.858727</timestamp>
			</report>
			<report>
				<misses>6550001</misses>
				<total>13</total>
				<timestamp>2290.208414</timestamp>
			</report>
			<report>
				<misses>6551001</misses>
				<total>13</total>
				<timestamp>2290.558063</timestamp>
			</report>
			<report>
				<misses>6552001</misses>
				<total>13</total>
				<timestamp>2290.907698</timestamp>
			</report>
			<report>
				<misses>6553001</misses>
				<total>13</total>
				<timestamp>2291.257352</timestamp>
			</report>
			<report>
				<misses>6554001</misses>
				<total>13</total>
				<timestamp>2291.606993</timestamp>
			</report>
			<report>
				<misses>6555001</misses>
				<total>13</total>
				<timestamp>2291.956682</timestamp>
			</report>
			<report>
				<misses>6556001</misses>
				<total>13</total>
				<timestamp>2292.306292</timestamp>
			</report>
			<report>
				<misses>6557001</misses>
				<total>13</total>
				<timestamp>2292.655940</timestamp>
			</report>
			<report>
				<misses>6558001</misses>
				<total>13</total>
				<timestamp>2293.005612</timestamp>
			</report>
			<report>
				<misses>6559001</misses>
				<total>13</total>
				<timestamp>2293.355270</timestamp>
			</report>
			<report>
				<misses>6560001</misses>
				<total>13</total>
				<timestamp>2293.704876</timestamp>
			</report>
			<report>
				<misses>6561001</misses>
				<total>13</total>
				<timestamp>2294.054519</timestamp>
			</report>
			<report>
				<misses>6562001</misses>
				<total>13</total>
				<timestamp>2294.404217</timestamp>
			</report>
			<report>
				<misses>6563001</misses>
				<total>13</total>
				<timestamp>2294.753850</timestamp>
			</report>
			<report>
				<misses>6564001</misses>
				<total>13</total>
				<timestamp>2295.103539</timestamp>
			</report>
			<report>
				<misses>6565001</misses>
				<total>13</total>
				<timestamp>2295.453140</timestamp>
			</report>
			<report>
				<misses>6566001</misses>
				<total>13</total>
				<timestamp>2295.802778</timestamp>
			</report>
			<report>
				<misses>6567001</misses>
				<total>13</total>
				<timestamp>2296.152432</timestamp>
			</report>
			<report>
				<misses>6568001</misses>
				<total>13</total>
				<timestamp>2296.502105</timestamp>
			</report>
			<report>
				<misses>6569001</misses>
				<total>13</total>
				<timestamp>2296.851737</timestamp>
			</report>
			<report>
				<misses>6570001</misses>
				<total>13</total>
				<timestamp>2297.201392</timestamp>
			</report>
			<report>
				<misses>6571001</misses>
				<total>13</total>
				<timestamp>2297.551028</timestamp>
			</report>
			<report>
				<misses>6572001</misses>
				<total>13</total>
				<timestamp>2297.900676</timestamp>
			</report>
			<report>
				<misses>6573001</misses>
				<total>13</total>
				<timestamp>2298.250362</timestamp>
			</report>
			<report>
				<misses>6574001</misses>
				<total>13</total>
				<timestamp>2298.599990</timestamp>
			</report>
			<report>
				<misses>6575001</misses>
				<total>13</total>
				<timestamp>2298.949622</timestamp>
			</report>
			<report>
				<misses>6576001</misses>
				<total>13</total>
				<timestamp>2299.299286</timestamp>
			</report>
			<report>
				<misses>6577001</misses>
				<total>13</total>
				<timestamp>2299.648927</timestamp>
			</report>
			<report>
				<misses>6578001</misses>
				<total>13</total>
				<timestamp>2299.998579</timestamp>
			</report>
			<report>
				<misses>6579001</misses>
				<total>13</total>
				<timestamp>2300.348271</timestamp>
			</report>
			<report>
				<misses>6580001</misses>
				<total>13</total>
				<timestamp>2300.697885</timestamp>
			</report>
			<report>
				<misses>6581001</misses>
				<total>13</total>
				<timestamp>2301.047532</timestamp>
			</report>
			<report>
				<misses>6582001</misses>
				<total>13</total>
				<timestamp>2301.397228</timestamp>
			</report>
			<report>
				<misses>6583001</misses>
				<total>13</total>
				<timestamp>2301.746832</timestamp>
			</report>
			<report>
				<misses>6584001</misses>
				<total>13</total>
				<timestamp>2302.096514</timestamp>
			</report>
			<report>
				<misses>6585001</misses>
				<total>13</total>
				<timestamp>2302.446157</timestamp>
			</report>
			<report>
				<misses>6586001</misses>
				<total>13</total>
				<timestamp>2302.795784</timestamp>
			</report>
			<report>
				<misses>6587001</misses>
				<total>13</total>
				<timestamp>2303.145430</timestamp>
			</report>
			<report>
				<misses>6588001</misses>
				<total>13</total>
				<timestamp>2303.495097</timestamp>
			</report>
			<report>
				<misses>6589001</misses>
				<total>13</total>
				<timestamp>2303.844731</timestamp>
			</report>
			<report>
				<misses>6590001</misses>
				<total>13</total>
				<timestamp>2304.194390</timestamp>
			</report>
			<report>
				<misses>6591001</misses>
				<total>13</total>
				<timestamp>2304.544020</timestamp>
			</report>
			<report>
				<misses>6592001</misses>
				<total>13</total>
				<timestamp>2304.893712</timestamp>
			</report>
			<report>
				<misses>6593001</misses>
				<total>13</total>
				<timestamp>2305.243340</timestamp>
			</report>
			<report>
				<misses>6594001</misses>
				<total>13</total>
				<timestamp>2305.592981</timestamp>
			</report>
			<report>
				<misses>6595001</misses>
				<total>13</total>
				<timestamp>2305.942671</timestamp>
			</report>
			<report>
				<misses>6596001</misses>
				<total>13</total>
				<timestamp>2306.292305</timestamp>
			</report>
			<report>
				<misses>6597001</misses>
				<total>13</total>
				<timestamp>2306.641967</timestamp>
			</report>
			<report>
				<misses>6598001</misses>
				<total>13</total>
				<timestamp>2306.991576</timestamp>
			</report>
			<report>
				<misses>6599001</misses>
				<total>13</total>
				<timestamp>2307.341309</timestamp>
			</report>
			<report>
				<misses>6600001</misses>
				<total>13</total>
				<timestamp>2307.690875</timestamp>
			</report>
			<report>
				<misses>6601001</misses>
				<total>13</total>
				<timestamp>2308.040549</timestamp>
			</report>
			<report>
				<misses>6602001</misses>
				<total>13</total>
				<timestamp>2308.390230</timestamp>
			</report>
			<report>
				<misses>6603001</misses>
				<total>13</total>
				<timestamp>2308.739853</timestamp>
			</report>
			<report>
				<misses>6604001</misses>
				<total>13</total>
				<timestamp>2309.089485</timestamp>
			</report>
			<report>
				<misses>6605001</misses>
				<total>13</total>
				<timestamp>2309.439132</timestamp>
			</report>
			<report>
				<misses>6606001</misses>
				<total>13</total>
				<timestamp>2309.788782</timestamp>
			</report>
			<report>
				<misses>6607001</misses>
				<total>13</total>
				<timestamp>2310.138484</timestamp>
			</report>
			<report>
				<misses>6608001</misses>
				<total>13</total>
				<timestamp>2310.488155</timestamp>
			</report>
			<report>
				<misses>6609001</misses>
				<total>13</total>
				<timestamp>2310.837748</timestamp>
			</report>
			<report>
				<misses>6610001</misses>
				<total>13</total>
				<timestamp>2311.187401</timestamp>
			</report>
			<report>
				<misses>6611001</misses>
				<total>13</total>
				<timestamp>2311.537025</timestamp>
			</report>
			<report>
				<misses>6612001</misses>
				<total>13</total>
				<timestamp>2311.886683</timestamp>
			</report>
			<report>
				<misses>6613001</misses>
				<total>13</total>
				<timestamp>2312.236343</timestamp>
			</report>
			<report>
				<misses>6614001</misses>
				<total>13</total>
				<timestamp>2312.585978</timestamp>
			</report>
			<report>
				<misses>6615001</misses>
				<total>13</total>
				<timestamp>2312.935623</timestamp>
			</report>
			<report>
				<misses>6616001</misses>
				<total>13</total>
				<timestamp>2313.285290</timestamp>
			</report>
			<report>
				<misses>6617001</misses>
				<total>13</total>
				<timestamp>2313.634932</timestamp>
			</report>
			<report>
				<misses>6618001</misses>
				<total>13</total>
				<timestamp>2313.984604</timestamp>
			</report>
			<report>
				<misses>6619001</misses>
				<total>13</total>
				<timestamp>2314.334314</timestamp>
			</report>
			<report>
				<misses>6620001</misses>
				<total>13</total>
				<timestamp>2314.683886</timestamp>
			</report>
			<report>
				<misses>6621001</misses>
				<total>13</total>
				<timestamp>2315.033542</timestamp>
			</report>
			<report>
				<misses>6622001</misses>
				<total>13</total>
				<timestamp>2315.383201</timestamp>
			</report>
			<report>
				<misses>6623001</misses>
				<total>13</total>
				<timestamp>2315.732850</timestamp>
			</report>
			<report>
				<misses>6624001</misses>
				<total>13</total>
				<timestamp>2316.082543</timestamp>
			</report>
			<report>
				<misses>6625001</misses>
				<total>13</total>
				<timestamp>2316.432150</timestamp>
			</report>
			<report>
				<misses>6626001</misses>
				<total>13</total>
				<timestamp>2316.781845</timestamp>
			</report>
			<report>
				<misses>6627001</misses>
				<total>13</total>
				<timestamp>2317.131481</timestamp>
			</report>
			<report>
				<misses>6628001</misses>
				<total>13</total>
				<timestamp>2317.481171</timestamp>
			</report>
			<report>
				<misses>6629001</misses>
				<total>13</total>
				<timestamp>2317.830761</timestamp>
			</report>
			<report>
				<misses>6630001</misses>
				<total>13</total>
				<timestamp>2318.180415</timestamp>
			</report>
			<report>
				<misses>6631001</misses>
				<total>13</total>
				<timestamp>2318.530078</timestamp>
			</report>
			<report>
				<misses>6632001</misses>
				<total>13</total>
				<timestamp>2318.879703</timestamp>
			</report>
			<report>
				<misses>6633001</misses>
				<total>13</total>
				<timestamp>2319.229333</timestamp>
			</report>
			<report>
				<misses>6634001</misses>
				<total>13</total>
				<timestamp>2319.579003</timestamp>
			</report>
			<report>
				<misses>6635001</misses>
				<total>13</total>
				<timestamp>2319.928661</timestamp>
			</report>
			<report>
				<misses>6636001</misses>
				<total>13</total>
				<timestamp>2320.278292</timestamp>
			</report>
			<report>
				<misses>6637001</misses>
				<total>13</total>
				<timestamp>2320.627956</timestamp>
			</report>
			<report>
				<misses>6638001</misses>
				<total>13</total>
				<timestamp>2320.977603</timestamp>
			</report>
			<report>
				<misses>6639001</misses>
				<total>13</total>
				<timestamp>2321.327269</timestamp>
			</report>
			<report>
				<misses>6640001</misses>
				<total>13</total>
				<timestamp>2321.676890</timestamp>
			</report>
			<report>
				<misses>6641001</misses>
				<total>13</total>
				<timestamp>2322.026520</timestamp>
			</report>
			<report>
				<misses>6642001</misses>
				<total>13</total>
				<timestamp>2322.376220</timestamp>
			</report>
			<report>
				<misses>6643001</misses>
				<total>13</total>
				<timestamp>2322.725835</timestamp>
			</report>
			<report>
				<misses>6644001</misses>
				<total>13</total>
				<timestamp>2323.075550</timestamp>
			</report>
			<report>
				<misses>6645001</misses>
				<total>13</total>
				<timestamp>2323.425141</timestamp>
			</report>
			<report>
				<misses>6646001</misses>
				<total>13</total>
				<timestamp>2323.774797</timestamp>
			</report>
			<report>
				<misses>6647001</misses>
				<total>13</total>
				<timestamp>2324.124450</timestamp>
			</report>
			<report>
				<misses>6648001</misses>
				<total>13</total>
				<timestamp>2324.474100</timestamp>
			</report>
			<report>
				<misses>6649001</misses>
				<total>13</total>
				<timestamp>2324.823773</timestamp>
			</report>
			<report>
				<misses>6650001</misses>
				<total>13</total>
				<timestamp>2325.173425</timestamp>
			</report>
			<report>
				<misses>6651001</misses>
				<total>13</total>
				<timestamp>2325.523078</timestamp>
			</report>
			<report>
				<misses>6652001</misses>
				<total>13</total>
				<timestamp>2325.872681</timestamp>
			</report>
			<report>
				<misses>6653001</misses>
				<total>13</total>
				<timestamp>2326.222328</timestamp>
			</report>
			<report>
				<misses>6654001</misses>
				<total>13</total>
				<timestamp>2326.572020</timestamp>
			</report>
			<report>
				<misses>6655001</misses>
				<total>13</total>
				<timestamp>2326.921626</timestamp>
			</report>
			<report>
				<misses>6656001</misses>
				<total>13</total>
				<timestamp>2327.271323</timestamp>
			</report>
			<report>
				<misses>6657001</misses>
				<total>13</total>
				<timestamp>2327.620960</timestamp>
			</report>
			<report>
				<misses>6658001</misses>
				<total>13</total>
				<timestamp>2327.970676</timestamp>
			</report>
			<report>
				<misses>6659001</misses>
				<total>13</total>
				<timestamp>2328.320233</timestamp>
			</report>
			<report>
				<misses>6660001</misses>
				<total>13</total>
				<timestamp>2328.669896</timestamp>
			</report>
			<report>
				<misses>6661001</misses>
				<total>13</total>
				<timestamp>2329.019548</timestamp>
			</report>
			<report>
				<misses>6662001</misses>
				<total>13</total>
				<timestamp>2329.369218</timestamp>
			</report>
			<report>
				<misses>6663001</misses>
				<total>13</total>
				<timestamp>2329.718840</timestamp>
			</report>
			<report>
				<misses>6664001</misses>
				<total>13</total>
				<timestamp>2330.068497</timestamp>
			</report>
			<report>
				<misses>6665001</misses>
				<total>13</total>
				<timestamp>2330.418163</timestamp>
			</report>
			<report>
				<misses>6666001</misses>
				<total>13</total>
				<timestamp>2330.767787</timestamp>
			</report>
			<report>
				<misses>6667001</misses>
				<total>13</total>
				<timestamp>2331.117443</timestamp>
			</report>
			<report>
				<misses>6668001</misses>
				<total>13</total>
				<timestamp>2331.467093</timestamp>
			</report>
			<report>
				<misses>6669001</misses>
				<total>13</total>
				<timestamp>2331.816742</timestamp>
			</report>
			<report>
				<misses>6670001</misses>
				<total>13</total>
				<timestamp>2332.166389</timestamp>
			</report>
			<report>
				<misses>6671001</misses>
				<total>13</total>
				<timestamp>2332.516054</timestamp>
			</report>
			<report>
				<misses>6672001</misses>
				<total>13</total>
				<timestamp>2332.865676</timestamp>
			</report>
			<report>
				<misses>6673001</misses>
				<total>13</total>
				<timestamp>2333.215360</timestamp>
			</report>
			<report>
				<misses>6674001</misses>
				<total>13</total>
				<timestamp>2333.565007</timestamp>
			</report>
			<report>
				<misses>6675001</misses>
				<total>13</total>
				<timestamp>2333.914636</timestamp>
			</report>
			<report>
				<misses>6676001</misses>
				<total>13</total>
				<timestamp>2334.264295</timestamp>
			</report>
			<report>
				<misses>6677001</misses>
				<total>13</total>
				<timestamp>2334.613933</timestamp>
			</report>
			<report>
				<misses>6678001</misses>
				<total>13</total>
				<timestamp>2334.963590</timestamp>
			</report>
			<report>
				<misses>6679001</misses>
				<total>13</total>
				<timestamp>2335.313230</timestamp>
			</report>
			<report>
				<misses>6680001</misses>
				<total>13</total>
				<timestamp>2335.662878</timestamp>
			</report>
			<report>
				<misses>6681001</misses>
				<total>13</total>
				<timestamp>2336.012522</timestamp>
			</report>
			<report>
				<misses>6682001</misses>
				<total>13</total>
				<timestamp>2336.362188</timestamp>
			</report>
			<report>
				<misses>6683001</misses>
				<total>13</total>
				<timestamp>2336.711859</timestamp>
			</report>
			<report>
				<misses>6684001</misses>
				<total>13</total>
				<timestamp>2337.061472</timestamp>
			</report>
			<report>
				<misses>6685001</misses>
				<total>13</total>
				<timestamp>2337.411151</timestamp>
			</report>
			<report>
				<misses>6686001</misses>
				<total>13</total>
				<timestamp>2337.760801</timestamp>
			</report>
			<report>
				<misses>6687001</misses>
				<total>13</total>
				<timestamp>2338.110440</timestamp>
			</report>
			<report>
				<misses>6688001</misses>
				<total>13</total>
				<timestamp>2338.460127</timestamp>
			</report>
			<report>
				<misses>6689001</misses>
				<total>13</total>
				<timestamp>2338.809752</timestamp>
			</report>
			<report>
				<misses>6690001</misses>
				<total>13</total>
				<timestamp>2339.159421</timestamp>
			</report>
			<report>
				<misses>6691001</misses>
				<total>13</total>
				<timestamp>2339.509043</timestamp>
			</report>
			<report>
				<misses>6692001</misses>
				<total>13</total>
				<timestamp>2339.858686</timestamp>
			</report>
			<report>
				<misses>6693001</misses>
				<total>13</total>
				<timestamp>2340.208394</timestamp>
			</report>
			<report>
				<misses>6694001</misses>
				<total>13</total>
				<timestamp>2340.557999</timestamp>
			</report>
			<report>
				<misses>6695001</misses>
				<total>13</total>
				<timestamp>2340.907638</timestamp>
			</report>
			<report>
				<misses>6696001</misses>
				<total>13</total>
				<timestamp>2341.257280</timestamp>
			</report>
			<report>
				<misses>6697001</misses>
				<total>13</total>
				<timestamp>2341.606966</timestamp>
			</report>
			<report>
				<misses>6698001</misses>
				<total>13</total>
				<timestamp>2341.956585</timestamp>
			</report>
			<report>
				<misses>6699001</misses>
				<total>13</total>
				<timestamp>2342.306237</timestamp>
			</report>
			<report>
				<misses>6700001</misses>
				<total>13</total>
				<timestamp>2342.655884</timestamp>
			</report>
			<report>
				<misses>6701001</misses>
				<total>13</total>
				<timestamp>2343.005539</timestamp>
			</report>
			<report>
				<misses>6702001</misses>
				<total>13</total>
				<timestamp>2343.355198</timestamp>
			</report>
			<report>
				<misses>6703001</misses>
				<total>13</total>
				<timestamp>2343.704852</timestamp>
			</report>
			<report>
				<misses>6704001</misses>
				<total>13</total>
				<timestamp>2344.054475</timestamp>
			</report>
			<report>
				<misses>6705001</misses>
				<total>13</total>
				<timestamp>2344.404198</timestamp>
			</report>
			<report>
				<misses>6706001</misses>
				<total>13</total>
				<timestamp>2344.753791</timestamp>
			</report>
			<report>
				<misses>6707001</misses>
				<total>13</total>
				<timestamp>2345.103433</timestamp>
			</report>
			<report>
				<misses>6708001</misses>
				<total>13</total>
				<timestamp>2345.453106</timestamp>
			</report>
			<report>
				<misses>6709001</misses>
				<total>13</total>
				<timestamp>2345.802726</timestamp>
			</report>
			<report>
				<misses>6710001</misses>
				<total>13</total>
				<timestamp>2346.152401</timestamp>
			</report>
			<report>
				<misses>6711001</misses>
				<total>13</total>
				<timestamp>2346.502052</timestamp>
			</report>
			<report>
				<misses>6712001</misses>
				<total>13</total>
				<timestamp>2346.851681</timestamp>
			</report>
			<report>
				<misses>6713001</misses>
				<total>13</total>
				<timestamp>2347.201329</timestamp>
			</report>
			<report>
				<misses>6714001</misses>
				<total>13</total>
				<timestamp>2347.551005</timestamp>
			</report>
			<report>
				<misses>6715001</misses>
				<total>13</total>
				<timestamp>2347.900640</timestamp>
			</report>
			<report>
				<misses>6716001</misses>
				<total>13</total>
				<timestamp>2348.250287</timestamp>
			</report>
			<report>
				<misses>6717001</misses>
				<total>13</total>
				<timestamp>2348.599951</timestamp>
			</report>
			<report>
				<misses>6718001</misses>
				<total>13</total>
				<timestamp>2348.949586</timestamp>
			</report>
			<report>
				<misses>6719001</misses>
				<total>13</total>
				<timestamp>2349.299232</timestamp>
			</report>
			<report>
				<misses>6720001</misses>
				<total>13</total>
				<timestamp>2349.648895</timestamp>
			</report>
			<report>
				<misses>6721001</misses>
				<total>13</total>
				<timestamp>2349.998551</timestamp>
			</report>
			<report>
				<misses>6722001</misses>
				<total>13</total>
				<timestamp>2350.348199</timestamp>
			</report>
			<report>
				<misses>6723001</misses>
				<total>13</total>
				<timestamp>2350.697828</timestamp>
			</report>
			<report>
				<misses>6724001</misses>
				<total>13</total>
				<timestamp>2351.047494</timestamp>
			</report>
			<report>
				<misses>6725001</misses>
				<total>13</total>
				<timestamp>2351.397145</timestamp>
			</report>
			<report>
				<misses>6726001</misses>
				<total>13</total>
				<timestamp>2351.746841</timestamp>
			</report>
			<report>
				<misses>6727001</misses>
				<total>13</total>
				<timestamp>2352.096462</timestamp>
			</report>
			<report>
				<misses>6728001</misses>
				<total>13</total>
				<timestamp>2352.446104</timestamp>
			</report>
			<report>
				<misses>6729001</misses>
				<total>13</total>
				<timestamp>2352.795725</timestamp>
			</report>
			<report>
				<misses>6730001</misses>
				<total>13</total>
				<timestamp>2353.145390</timestamp>
			</report>
			<report>
				<misses>6731001</misses>
				<total>13</total>
				<timestamp>2353.495050</timestamp>
			</report>
			<report>
				<misses>6732001</misses>
				<total>13</total>
				<timestamp>2353.844729</timestamp>
			</report>
			<report>
				<misses>6733001</misses>
				<total>13</total>
				<timestamp>2354.194331</timestamp>
			</report>
			<report>
				<misses>6734001</misses>
				<total>13</total>
				<timestamp>2354.544019</timestamp>
			</report>
			<report>
				<misses>6735001</misses>
				<total>13</total>
				<timestamp>2354.893629</timestamp>
			</report>
			<report>
				<misses>6736001</misses>
				<total>13</total>
				<timestamp>2355.243288</timestamp>
			</report>
			<report>
				<misses>6737001</misses>
				<total>13</total>
				<timestamp>2355.592958</timestamp>
			</report>
			<report>
				<misses>6738001</misses>
				<total>13</total>
				<timestamp>2355.942626</timestamp>
			</report>
			<report>
				<misses>6739001</misses>
				<total>13</total>
				<timestamp>2356.292262</timestamp>
			</report>
			<report>
				<misses>6740001</misses>
				<total>13</total>
				<timestamp>2356.641902</timestamp>
			</report>
			<report>
				<misses>6741001</misses>
				<total>13</total>
				<timestamp>2356.991554</timestamp>
			</report>
			<report>
				<misses>6742001</misses>
				<total>13</total>
				<timestamp>2357.341187</timestamp>
			</report>
			<report>
				<misses>6743001</misses>
				<total>13</total>
				<timestamp>2357.690899</timestamp>
			</report>
			<report>
				<misses>6744001</misses>
				<total>13</total>
				<timestamp>2358.040485</timestamp>
			</report>
			<report>
				<misses>6745001</misses>
				<total>13</total>
				<timestamp>2358.390128</timestamp>
			</report>
			<report>
				<misses>6746001</misses>
				<total>13</total>
				<timestamp>2358.739847</timestamp>
			</report>
			<report>
				<misses>6747001</misses>
				<total>13</total>
				<timestamp>2359.089468</timestamp>
			</report>
			<report>
				<misses>6748001</misses>
				<total>13</total>
				<timestamp>2359.439105</timestamp>
			</report>
			<report>
				<misses>6749001</misses>
				<total>13</total>
				<timestamp>2359.788746</timestamp>
			</report>
			<report>
				<misses>6750001</misses>
				<total>13</total>
				<timestamp>2360.138435</timestamp>
			</report>
			<report>
				<misses>6751001</misses>
				<total>13</total>
				<timestamp>2360.488039</timestamp>
			</report>
			<report>
				<misses>6752001</misses>
				<total>13</total>
				<timestamp>2360.837693</timestamp>
			</report>
			<report>
				<misses>6753001</misses>
				<total>13</total>
				<timestamp>2361.187361</timestamp>
			</report>
			<report>
				<misses>6754001</misses>
				<total>13</total>
				<timestamp>2361.536995</timestamp>
			</report>
			<report>
				<misses>6755001</misses>
				<total>13</total>
				<timestamp>2361.886651</timestamp>
			</report>
			<report>
				<misses>6756001</misses>
				<total>13</total>
				<timestamp>2362.236286</timestamp>
			</report>
			<report>
				<misses>6757001</misses>
				<total>13</total>
				<timestamp>2362.585976</timestamp>
			</report>
			<report>
				<misses>6758001</misses>
				<total>13</total>
				<timestamp>2362.935574</timestamp>
			</report>
			<report>
				<misses>6759001</misses>
				<total>13</total>
				<timestamp>2363.285250</timestamp>
			</report>
			<report>
				<misses>6760001</misses>
				<total>13</total>
				<timestamp>2363.634967</timestamp>
			</report>
			<report>
				<misses>6761001</misses>
				<total>13</total>
				<timestamp>2363.984560</timestamp>
			</report>
			<report>
				<misses>6762001</misses>
				<total>13</total>
				<timestamp>2364.334234</timestamp>
			</report>
			<report>
				<misses>6763001</misses>
				<total>13</total>
				<timestamp>2364.683841</timestamp>
			</report>
			<report>
				<misses>6764001</misses>
				<total>13</total>
				<timestamp>2365.033481</timestamp>
			</report>
			<report>
				<misses>6765001</misses>
				<total>13</total>
				<timestamp>2365.383131</timestamp>
			</report>
			<report>
				<misses>6766001</misses>
				<total>13</total>
				<timestamp>2365.732826</timestamp>
			</report>
			<report>
				<misses>6767001</misses>
				<total>13</total>
				<timestamp>2366.082470</timestamp>
			</report>
			<report>
				<misses>6768001</misses>
				<total>13</total>
				<timestamp>2366.432175</timestamp>
			</report>
			<report>
				<misses>6769001</misses>
				<total>13</total>
				<timestamp>2366.781762</timestamp>
			</report>
			<report>
				<misses>6770001</misses>
				<total>13</total>
				<timestamp>2367.131385</timestamp>
			</report>
			<report>
				<misses>6771001</misses>
				<total>13</total>
				<timestamp>2367.481036</timestamp>
			</report>
			<report>
				<misses>6772001</misses>
				<total>13</total>
				<timestamp>2367.830682</timestamp>
			</report>
			<report>
				<misses>6773001</misses>
				<total>13</total>
				<timestamp>2368.180362</timestamp>
			</report>
			<report>
				<misses>6774001</misses>
				<total>13</total>
				<timestamp>2368.529980</timestamp>
			</report>
			<report>
				<misses>6775001</misses>
				<total>13</total>
				<timestamp>2368.879616</timestamp>
			</report>
			<report>
				<misses>6776001</misses>
				<total>13</total>
				<timestamp>2369.229272</timestamp>
			</report>
			<report>
				<misses>6777001</misses>
				<total>13</total>
				<timestamp>2369.578968</timestamp>
			</report>
			<report>
				<misses>6778001</misses>
				<total>13</total>
				<timestamp>2369.928624</timestamp>
			</report>
			<report>
				<misses>6779001</misses>
				<total>13</total>
				<timestamp>2370.278248</timestamp>
			</report>
			<report>
				<misses>6780001</misses>
				<total>13</total>
				<timestamp>2370.627950</timestamp>
			</report>
			<report>
				<misses>6781001</misses>
				<total>13</total>
				<timestamp>2370.977521</timestamp>
			</report>
			<report>
				<misses>6782001</misses>
				<total>13</total>
				<timestamp>2371.327191</timestamp>
			</report>
			<report>
				<misses>6783001</misses>
				<total>13</total>
				<timestamp>2371.676854</timestamp>
			</report>
			<report>
				<misses>6784001</misses>
				<total>13</total>
				<timestamp>2372.026503</timestamp>
			</report>
			<report>
				<misses>6785001</misses>
				<total>13</total>
				<timestamp>2372.376201</timestamp>
			</report>
			<report>
				<misses>6786001</misses>
				<total>13</total>
				<timestamp>2372.725792</timestamp>
			</report>
			<report>
				<misses>6787001</misses>
				<total>13</total>
				<timestamp>2373.075441</timestamp>
			</report>
			<report>
				<misses>6788001</misses>
				<total>13</total>
				<timestamp>2373.425088</timestamp>
			</report>
			<report>
				<misses>6789001</misses>
				<total>13</total>
				<timestamp>2373.774739</timestamp>
			</report>
			<report>
				<misses>6790001</misses>
				<total>13</total>
				<timestamp>2374.124386</timestamp>
			</report>
			<report>
				<misses>6791001</misses>
				<total>13</total>
				<timestamp>2374.474036</timestamp>
			</report>
			<report>
				<misses>6792001</misses>
				<total>13</total>
				<timestamp>2374.823742</timestamp>
			</report>
			<report>
				<misses>6793001</misses>
				<total>13</total>
				<timestamp>2375.173373</timestamp>
			</report>
			<report>
				<misses>6794001</misses>
				<total>13</total>
				<timestamp>2375.522976</timestamp>
			</report>
			<report>
				<misses>6795001</misses>
				<total>13</total>
				<timestamp>2375.872647</timestamp>
			</report>
			<report>
				<misses>6796001</misses>
				<total>13</total>
				<timestamp>2376.222288</timestamp>
			</report>
			<report>
				<misses>6797001</misses>
				<total>13</total>
				<timestamp>2376.571950</timestamp>
			</report>
			<report>
				<misses>6798001</misses>
				<total>13</total>
				<timestamp>2376.921585</timestamp>
			</report>
			<report>
				<misses>6799001</misses>
				<total>13</total>
				<timestamp>2377.271247</timestamp>
			</report>
			<report>
				<misses>6800001</misses>
				<total>13</total>
				<timestamp>2377.620876</timestamp>
			</report>
			<report>
				<misses>6801001</misses>
				<total>13</total>
				<timestamp>2377.970527</timestamp>
			</report>
			<report>
				<misses>6802001</misses>
				<total>13</total>
				<timestamp>2378.320199</timestamp>
			</report>
			<report>
				<misses>6803001</misses>
				<total>13</total>
				<timestamp>2378.669843</timestamp>
			</report>
			<report>
				<misses>6804001</misses>
				<total>13</total>
				<timestamp>2379.019477</timestamp>
			</report>
			<report>
				<misses>6805001</misses>
				<total>13</total>
				<timestamp>2379.369196</timestamp>
			</report>
			<report>
				<misses>6806001</misses>
				<total>13</total>
				<timestamp>2379.718780</timestamp>
			</report>
			<report>
				<misses>6807001</misses>
				<total>13</total>
				<timestamp>2380.068459</timestamp>
			</report>
			<report>
				<misses>6808001</misses>
				<total>13</total>
				<timestamp>2380.418116</timestamp>
			</report>
			<report>
				<misses>6809001</misses>
				<total>13</total>
				<timestamp>2380.767783</timestamp>
			</report>
			<report>
				<misses>6810001</misses>
				<total>13</total>
				<timestamp>2381.117383</timestamp>
			</report>
			<report>
				<misses>6811001</misses>
				<total>13</total>
				<timestamp>2381.467032</timestamp>
			</report>
			<report>
				<misses>6812001</misses>
				<total>13</total>
				<timestamp>2381.816728</timestamp>
			</report>
			<report>
				<misses>6813001</misses>
				<total>13</total>
				<timestamp>2382.166389</timestamp>
			</report>
			<report>
				<misses>6814001</misses>
				<total>13</total>
				<timestamp>2382.515982</timestamp>
			</report>
			<report>
				<misses>6815001</misses>
				<total>13</total>
				<timestamp>2382.865641</timestamp>
			</report>
			<report>
				<misses>6816001</misses>
				<total>13</total>
				<timestamp>2383.215304</timestamp>
			</report>
			<report>
				<misses>6817001</misses>
				<total>13</total>
				<timestamp>2383.564950</timestamp>
			</report>
			<report>
				<misses>6818001</misses>
				<total>13</total>
				<timestamp>2383.914589</timestamp>
			</report>
			<report>
				<misses>6819001</misses>
				<total>13</total>
				<timestamp>2384.264291</timestamp>
			</report>
			<report>
				<misses>6820001</misses>
				<total>13</total>
				<timestamp>2384.613885</timestamp>
			</report>
			<report>
				<misses>6821001</misses>
				<total>13</total>
				<timestamp>2384.963532</timestamp>
			</report>
			<report>
				<misses>6822001</misses>
				<total>13</total>
				<timestamp>2385.313212</timestamp>
			</report>
			<report>
				<misses>6823001</misses>
				<total>13</total>
				<timestamp>2385.662841</timestamp>
			</report>
			<report>
				<misses>6824001</misses>
				<total>13</total>
				<timestamp>2386.012465</timestamp>
			</report>
			<report>
				<misses>6825001</misses>
				<total>13</total>
				<timestamp>2386.362155</timestamp>
			</report>
			<report>
				<misses>6826001</misses>
				<total>13</total>
				<timestamp>2386.711829</timestamp>
			</report>
			<report>
				<misses>6827001</misses>
				<total>13</total>
				<timestamp>2387.061455</timestamp>
			</report>
			<report>
				<misses>6828001</misses>
				<total>13</total>
				<timestamp>2387.411110</timestamp>
			</report>
			<report>
				<misses>6829001</misses>
				<total>13</total>
				<timestamp>2387.760757</timestamp>
			</report>
			<report>
				<misses>6830001</misses>
				<total>13</total>
				<timestamp>2388.110423</timestamp>
			</report>
			<report>
				<misses>6831001</misses>
				<total>13</total>
				<timestamp>2388.460041</timestamp>
			</report>
			<report>
				<misses>6832001</misses>
				<total>13</total>
				<timestamp>2388.809719</timestamp>
			</report>
			<report>
				<misses>6833001</misses>
				<total>13</total>
				<timestamp>2389.159322</timestamp>
			</report>
			<report>
				<misses>6834001</misses>
				<total>13</total>
				<timestamp>2389.509035</timestamp>
			</report>
			<report>
				<misses>6835001</misses>
				<total>13</total>
				<timestamp>2389.858638</timestamp>
			</report>
			<report>
				<misses>6836001</misses>
				<total>13</total>
				<timestamp>2390.208274</timestamp>
			</report>
			<report>
				<misses>6837001</misses>
				<total>13</total>
				<timestamp>2390.557954</timestamp>
			</report>
			<report>
				<misses>6838001</misses>
				<total>13</total>
				<timestamp>2390.907597</timestamp>
			</report>
			<report>
				<misses>6839001</misses>
				<total>13</total>
				<timestamp>2391.257231</timestamp>
			</report>
			<report>
				<misses>6840001</misses>
				<total>13</total>
				<timestamp>2391.606885</timestamp>
			</report>
			<report>
				<misses>6841001</misses>
				<total>13</total>
				<timestamp>2391.956538</timestamp>
			</report>
			<report>
				<misses>6842001</misses>
				<total>13</total>
				<timestamp>2392.306199</timestamp>
			</report>
			<report>
				<misses>6843001</misses>
				<total>13</total>
				<timestamp>2392.655828</timestamp>
			</report>
			<report>
				<misses>6844001</misses>
				<total>13</total>
				<timestamp>2393.005495</timestamp>
			</report>
			<report>
				<misses>6845001</misses>
				<total>13</total>
				<timestamp>2393.355203</timestamp>
			</report>
			<report>
				<misses>6846001</misses>
				<total>13</total>
				<timestamp>2393.704888</timestamp>
			</report>
			<report>
				<misses>6847001</misses>
				<total>13</total>
				<timestamp>2394.054430</timestamp>
			</report>
			<report>
				<misses>6848001</misses>
				<total>13</total>
				<timestamp>2394.404118</timestamp>
			</report>
			<report>
				<misses>6849001</misses>
				<total>13</total>
				<timestamp>2394.753761</timestamp>
			</report>
			<report>
				<misses>6850001</misses>
				<total>13</total>
				<timestamp>2395.103390</timestamp>
			</report>
			<report>
				<misses>6851001</misses>
				<total>13</total>
				<timestamp>2395.453098</timestamp>
			</report>
			<report>
				<misses>6852001</misses>
				<total>13</total>
				<timestamp>2395.802699</timestamp>
			</report>
			<report>
				<misses>6853001</misses>
				<total>13</total>
				<timestamp>2396.152337</timestamp>
			</report>
			<report>
				<misses>6854001</misses>
				<total>13</total>
				<timestamp>2396.501985</timestamp>
			</report>
			<report>
				<misses>6855001</misses>
				<total>13</total>
				<timestamp>2396.851668</timestamp>
			</report>
			<report>
				<misses>6856001</misses>
				<total>13</total>
				<timestamp>2397.201281</timestamp>
			</report>
			<report>
				<misses>6857001</misses>
				<total>13</total>
				<timestamp>2397.550927</timestamp>
			</report>
			<report>
				<misses>6858001</misses>
				<total>13</total>
				<timestamp>2397.900622</timestamp>
			</report>
			<report>
				<misses>6859001</misses>
				<total>13</total>
				<timestamp>2398.250229</timestamp>
			</report>
			<report>
				<misses>6860001</misses>
				<total>13</total>
				<timestamp>2398.599895</timestamp>
			</report>
			<report>
				<misses>6861001</misses>
				<total>13</total>
				<timestamp>2398.949613</timestamp>
			</report>
			<report>
				<misses>6862001</misses>
				<total>13</total>
				<timestamp>2399.299215</timestamp>
			</report>
			<report>
				<misses>6863001</misses>
				<total>13</total>
				<timestamp>2399.648835</timestamp>
			</report>
			<report>
				<misses>6864001</misses>
				<total>13</total>
				<timestamp>2399.998497</timestamp>
			</report>
			<report>
				<misses>6865001</misses>
				<total>13</total>
				<timestamp>2400.348139</timestamp>
			</report>
			<report>
				<misses>6866001</misses>
				<total>13</total>
				<timestamp>2400.697776</timestamp>
			</report>
			<report>
				<misses>6867001</misses>
				<total>13</total>
				<timestamp>2401.047454</timestamp>
			</report>
			<report>
				<misses>6868001</misses>
				<total>13</total>
				<timestamp>2401.397104</timestamp>
			</report>
			<report>
				<misses>6869001</misses>
				<total>13</total>
				<timestamp>2401.746743</timestamp>
			</report>
			<report>
				<misses>6870001</misses>
				<total>13</total>
				<timestamp>2402.096380</timestamp>
			</report>
			<report>
				<misses>6871001</misses>
				<total>13</total>
				<timestamp>2402.446064</timestamp>
			</report>
			<report>
				<misses>6872001</misses>
				<total>13</total>
				<timestamp>2402.795702</timestamp>
			</report>
			<report>
				<misses>6873001</misses>
				<total>13</total>
				<timestamp>2403.145388</timestamp>
			</report>
			<report>
				<misses>6874001</misses>
				<total>13</total>
				<timestamp>2403.494988</timestamp>
			</report>
			<report>
				<misses>6875001</misses>
				<total>13</total>
				<timestamp>2403.844689</timestamp>
			</report>
			<report>
				<misses>6876001</misses>
				<total>13</total>
				<timestamp>2404.194284</timestamp>
			</report>
			<report>
				<misses>6877001</misses>
				<total>13</total>
				<timestamp>2404.543947</timestamp>
			</report>
			<report>
				<misses>6878001</misses>
				<total>13</total>
				<timestamp>2404.893620</timestamp>
			</report>
			<report>
				<misses>6879001</misses>
				<total>13</total>
				<timestamp>2405.243258</timestamp>
			</report>
			<report>
				<misses>6880001</misses>
				<total>13</total>
				<timestamp>2405.592892</timestamp>
			</report>
			<report>
				<misses>6881001</misses>
				<total>13</total>
				<timestamp>2405.942624</timestamp>
			</report>
			<report>
				<misses>6882001</misses>
				<total>13</total>
				<timestamp>2406.292176</timestamp>
			</report>
			<report>
				<misses>6883001</misses>
				<total>13</total>
				<timestamp>2406.641829</timestamp>
			</report>
			<report>
				<misses>6884001</misses>
				<total>13</total>
				<timestamp>2406.991487</timestamp>
			</report>
			<report>
				<misses>6885001</misses>
				<total>13</total>
				<timestamp>2407.341135</timestamp>
			</report>
			<report>
				<misses>6886001</misses>
				<total>13</total>
				<timestamp>2407.690775</timestamp>
			</report>
			<report>
				<misses>6887001</misses>
				<total>13</total>
				<timestamp>2408.040444</timestamp>
			</report>
			<report>
				<misses>6888001</misses>
				<total>13</total>
				<timestamp>2408.390108</timestamp>
			</report>
			<report>
				<misses>6889001</misses>
				<total>13</total>
				<timestamp>2408.739755</timestamp>
			</report>
			<report>
				<misses>6890001</misses>
				<total>13</total>
				<timestamp>2409.089398</timestamp>
			</report>
			<report>
				<misses>6891001</misses>
				<total>13</total>
				<timestamp>2409.439021</timestamp>
			</report>
			<report>
				<misses>6892001</misses>
				<total>13</total>
				<timestamp>2409.788710</timestamp>
			</report>
			<report>
				<misses>6893001</misses>
				<total>13</total>
				<timestamp>2410.138325</timestamp>
			</report>
			<report>
				<misses>6894001</misses>
				<total>13</total>
				<timestamp>2410.487997</timestamp>
			</report>
			<report>
				<misses>6895001</misses>
				<total>13</total>
				<timestamp>2410.837679</timestamp>
			</report>
			<report>
				<misses>6896001</misses>
				<total>13</total>
				<timestamp>2411.187291</timestamp>
			</report>
			<report>
				<misses>6897001</misses>
				<total>13</total>
				<timestamp>2411.536945</timestamp>
			</report>
			<report>
				<misses>6898001</misses>
				<total>13</total>
				<timestamp>2411.886590</timestamp>
			</report>
			<report>
				<misses>6899001</misses>
				<total>13</total>
				<timestamp>2412.236237</timestamp>
			</report>
			<report>
				<misses>6900001</misses>
				<total>13</total>
				<timestamp>2412.585896</timestamp>
			</report>
			<report>
				<misses>6901001</misses>
				<total>13</total>
				<timestamp>2412.935555</timestamp>
			</report>
			<report>
				<misses>6902001</misses>
				<total>13</total>
				<timestamp>2413.285189</timestamp>
			</report>
			<report>
				<misses>6903001</misses>
				<total>13</total>
				<timestamp>2413.634853</timestamp>
			</report>
			<report>
				<misses>6904001</misses>
				<total>13</total>
				<timestamp>2413.984504</timestamp>
			</report>
			<report>
				<misses>6905001</misses>
				<total>13</total>
				<timestamp>2414.334151</timestamp>
			</report>
			<report>
				<misses>6906001</misses>
				<total>13</total>
				<timestamp>2414.683772</timestamp>
			</report>
			<report>
				<misses>6907001</misses>
				<total>13</total>
				<timestamp>2415.033464</timestamp>
			</report>
			<report>
				<misses>6908001</misses>
				<total>13</total>
				<timestamp>2415.383104</timestamp>
			</report>
			<report>
				<misses>6909001</misses>
				<total>13</total>
				<timestamp>2415.732774</timestamp>
			</report>
			<report>
				<misses>6910001</misses>
				<total>13</total>
				<timestamp>2416.082367</timestamp>
			</report>
			<report>
				<misses>6911001</misses>
				<total>13</total>
				<timestamp>2416.432025</timestamp>
			</report>
			<report>
				<misses>6912001</misses>
				<total>13</total>
				<timestamp>2416.781719</timestamp>
			</report>
			<report>
				<misses>6913001</misses>
				<total>13</total>
				<timestamp>2417.131347</timestamp>
			</report>
			<report>
				<misses>6914001</misses>
				<total>13</total>
				<timestamp>2417.480976</timestamp>
			</report>
			<report>
				<misses>6915001</misses>
				<total>13</total>
				<timestamp>2417.830656</timestamp>
			</report>
			<report>
				<misses>6916001</misses>
				<total>13</total>
				<timestamp>2418.180278</timestamp>
			</report>
			<report>
				<misses>6917001</misses>
				<total>13</total>
				<timestamp>2418.529974</timestamp>
			</report>
			<report>
				<misses>6918001</misses>
				<total>13</total>
				<timestamp>2418.879657</timestamp>
			</report>
			<report>
				<misses>6919001</misses>
				<total>13</total>
				<timestamp>2419.229245</timestamp>
			</report>
			<report>
				<misses>6920001</misses>
				<total>13</total>
				<timestamp>2419.578901</timestamp>
			</report>
			<report>
				<misses>6921001</misses>
				<total>13</total>
				<timestamp>2419.928554</timestamp>
			</report>
			<report>
				<misses>6922001</misses>
				<total>13</total>
				<timestamp>2420.278213</timestamp>
			</report>
			<report>
				<misses>6923001</misses>
				<total>13</total>
				<timestamp>2420.627836</timestamp>
			</report>
			<report>
				<misses>6924001</misses>
				<total>13</total>
				<timestamp>2420.977533</timestamp>
			</report>
			<report>
				<misses>6925001</misses>
				<total>13</total>
				<timestamp>2421.327137</timestamp>
			</report>
			<report>
				<misses>6926001</misses>
				<total>13</total>
				<timestamp>2421.676790</timestamp>
			</report>
			<report>
				<misses>6927001</misses>
				<total>13</total>
				<timestamp>2422.026490</timestamp>
			</report>
			<report>
				<misses>6928001</misses>
				<total>13</total>
				<timestamp>2422.376104</timestamp>
			</report>
			<report>
				<misses>6929001</misses>
				<total>13</total>
				<timestamp>2422.725725</timestamp>
			</report>
			<report>
				<misses>6930001</misses>
				<total>13</total>
				<timestamp>2423.075403</timestamp>
			</report>
			<report>
				<misses>6931001</misses>
				<total>13</total>
				<timestamp>2423.425096</timestamp>
			</report>
			<report>
				<misses>6932001</misses>
				<total>13</total>
				<timestamp>2423.774686</timestamp>
			</report>
			<report>
				<misses>6933001</misses>
				<total>13</total>
				<timestamp>2424.124332</timestamp>
			</report>
			<report>
				<misses>6934001</misses>
				<total>13</total>
				<timestamp>2424.473996</timestamp>
			</report>
			<report>
				<misses>6935001</misses>
				<total>13</total>
				<timestamp>2424.823631</timestamp>
			</report>
			<report>
				<misses>6936001</misses>
				<total>13</total>
				<timestamp>2425.173308</timestamp>
			</report>
			<report>
				<misses>6937001</misses>
				<total>13</total>
				<timestamp>2425.522937</timestamp>
			</report>
			<report>
				<misses>6938001</misses>
				<total>13</total>
				<timestamp>2425.872574</timestamp>
			</report>
			<report>
				<misses>6939001</misses>
				<total>13</total>
				<timestamp>2426.222256</timestamp>
			</report>
			<report>
				<misses>6940001</misses>
				<total>13</total>
				<timestamp>2426.571885</timestamp>
			</report>
			<report>
				<misses>6941001</misses>
				<total>13</total>
				<timestamp>2426.921540</timestamp>
			</report>
			<report>
				<misses>6942001</misses>
				<total>13</total>
				<timestamp>2427.271171</timestamp>
			</report>
			<report>
				<misses>6943001</misses>
				<total>13</total>
				<timestamp>2427.620841</timestamp>
			</report>
			<report>
				<misses>6944001</misses>
				<total>13</total>
				<timestamp>2427.970505</timestamp>
			</report>
			<report>
				<misses>6945001</misses>
				<total>13</total>
				<timestamp>2428.320175</timestamp>
			</report>
			<report>
				<misses>6946001</misses>
				<total>13</total>
				<timestamp>2428.669837</timestamp>
			</report>
			<report>
				<misses>6947001</misses>
				<total>13</total>
				<timestamp>2429.019464</timestamp>
			</report>
			<report>
				<misses>6948001</misses>
				<total>13</total>
				<timestamp>2429.369106</timestamp>
			</report>
			<report>
				<misses>6949001</misses>
				<total>13</total>
				<timestamp>2429.718725</timestamp>
			</report>
			<report>
				<misses>6950001</misses>
				<total>13</total>
				<timestamp>2430.068426</timestamp>
			</report>
			<report>
				<misses>6951001</misses>
				<total>13</total>
				<timestamp>2430.418051</timestamp>
			</report>
			<report>
				<misses>6952001</misses>
				<total>13</total>
				<timestamp>2430.767678</timestamp>
			</report>
			<report>
				<misses>6953001</misses>
				<total>13</total>
				<timestamp>2431.117356</timestamp>
			</report>
			<report>
				<misses>6954001</misses>
				<total>13</total>
				<timestamp>2431.467039</timestamp>
			</report>
			<report>
				<misses>6955001</misses>
				<total>13</total>
				<timestamp>2431.816627</timestamp>
			</report>
			<report>
				<misses>6956001</misses>
				<total>13</total>
				<timestamp>2432.166313</timestamp>
			</report>
			<report>
				<misses>6957001</misses>
				<total>13</total>
				<timestamp>2432.515947</timestamp>
			</report>
			<report>
				<misses>6958001</misses>
				<total>13</total>
				<timestamp>2432.865598</timestamp>
			</report>
			<report>
				<misses>6959001</misses>
				<total>13</total>
				<timestamp>2433.215224</timestamp>
			</report>
			<report>
				<misses>6960001</misses>
				<total>13</total>
				<timestamp>2433.564912</timestamp>
			</report>
			<report>
				<misses>6961001</misses>
				<total>13</total>
				<timestamp>2433.914567</timestamp>
			</report>
			<report>
				<misses>6962001</misses>
				<total>13</total>
				<timestamp>2434.264172</timestamp>
			</report>
			<report>
				<misses>6963001</misses>
				<total>13</total>
				<timestamp>2434.613852</timestamp>
			</report>
			<report>
				<misses>6964001</misses>
				<total>13</total>
				<timestamp>2434.963505</timestamp>
			</report>
			<report>
				<misses>6965001</misses>
				<total>13</total>
				<timestamp>2435.313128</timestamp>
			</report>
			<report>
				<misses>6966001</misses>
				<total>13</total>
				<timestamp>2435.662811</timestamp>
			</report>
			<report>
				<misses>6967001</misses>
				<total>13</total>
				<timestamp>2436.012467</timestamp>
			</report>
			<report>
				<misses>6968001</misses>
				<total>13</total>
				<timestamp>2436.362100</timestamp>
			</report>
			<report>
				<misses>6969001</misses>
				<total>13</total>
				<timestamp>2436.711722</timestamp>
			</report>
			<report>
				<misses>6970001</misses>
				<total>13</total>
				<timestamp>2437.061428</timestamp>
			</report>
			<report>
				<misses>6971001</misses>
				<total>13</total>
				<timestamp>2437.411023</timestamp>
			</report>
			<report>
				<misses>6972001</misses>
				<total>13</total>
				<timestamp>2437.760697</timestamp>
			</report>
			<report>
				<misses>6973001</misses>
				<total>13</total>
				<timestamp>2438.110412</timestamp>
			</report>
			<report>
				<misses>6974001</misses>
				<total>13</total>
				<timestamp>2438.460019</timestamp>
			</report>
			<report>
				<misses>6975001</misses>
				<total>13</total>
				<timestamp>2438.809681</timestamp>
			</report>
			<report>
				<misses>6976001</misses>
				<total>13</total>
				<timestamp>2439.159289</timestamp>
			</report>
			<report>
				<misses>6977001</misses>
				<total>13</total>
				<timestamp>2439.508970</timestamp>
			</report>
			<report>
				<misses>6978001</misses>
				<total>13</total>
				<timestamp>2439.858602</timestamp>
			</report>
			<report>
				<misses>6979001</misses>
				<total>13</total>
				<timestamp>2440.208252</timestamp>
			</report>
			<report>
				<misses>6980001</misses>
				<total>13</total>
				<timestamp>2440.557902</timestamp>
			</report>
			<report>
				<misses>6981001</misses>
				<total>13</total>
				<timestamp>2440.907528</timestamp>
			</report>
			<report>
				<misses>6982001</misses>
				<total>13</total>
				<timestamp>2441.257191</timestamp>
			</report>
			<report>
				<misses>6983001</misses>
				<total>13</total>
				<timestamp>2441.606867</timestamp>
			</report>
			<report>
				<misses>6984001</misses>
				<total>13</total>
				<timestamp>2441.956489</timestamp>
			</report>
			<report>
				<misses>6985001</misses>
				<total>13</total>
				<timestamp>2442.306135</timestamp>
			</report>
			<report>
				<misses>6986001</misses>
				<total>13</total>
				<timestamp>2442.655813</timestamp>
			</report>
			<report>
				<misses>6987001</misses>
				<total>13</total>
				<timestamp>2443.005515</timestamp>
			</report>
			<report>
				<misses>6988001</misses>
				<total>13</total>
				<timestamp>2443.355133</timestamp>
			</report>
			<report>
				<misses>6989001</misses>
				<total>13</total>
				<timestamp>2443.704732</timestamp>
			</report>
			<report>
				<misses>6990001</misses>
				<total>13</total>
				<timestamp>2444.054398</timestamp>
			</report>
			<report>
				<misses>6991001</misses>
				<total>13</total>
				<timestamp>2444.404039</timestamp>
			</report>
			<report>
				<misses>6992001</misses>
				<total>13</total>
				<timestamp>2444.753690</timestamp>
			</report>
			<report>
				<misses>6993001</misses>
				<total>13</total>
				<timestamp>2445.103360</timestamp>
			</report>
			<report>
				<misses>6994001</misses>
				<total>13</total>
				<timestamp>2445.452969</timestamp>
			</report>
			<report>
				<misses>6995001</misses>
				<total>13</total>
				<timestamp>2445.802638</timestamp>
			</report>
			<report>
				<misses>6996001</misses>
				<total>13</total>
				<timestamp>2446.152318</timestamp>
			</report>
			<report>
				<misses>6997001</misses>
				<total>13</total>
				<timestamp>2446.501978</timestamp>
			</report>
			<report>
				<misses>6998001</misses>
				<total>13</total>
				<timestamp>2446.851604</timestamp>
			</report>
			<report>
				<misses>6999001</misses>
				<total>13</total>
				<timestamp>2447.201229</timestamp>
			</report>
			<report>
				<misses>7000001</misses>
				<total>13</total>
				<timestamp>2447.550900</timestamp>
			</report>
			<report>
				<misses>7001001</misses>
				<total>13</total>
				<timestamp>2447.900541</timestamp>
			</report>
			<report>
				<misses>7002001</misses>
				<total>13</total>
				<timestamp>2448.250190</timestamp>
			</report>
			<report>
				<misses>7003001</misses>
				<total>13</total>
				<timestamp>2448.599878</timestamp>
			</report>
			<report>
				<misses>7004001</misses>
				<total>13</total>
				<timestamp>2448.949489</timestamp>
			</report>
			<report>
				<misses>7005001</misses>
				<total>13</total>
				<timestamp>2449.299172</timestamp>
			</report>
			<report>
				<misses>7006001</misses>
				<total>13</total>
				<timestamp>2449.648802</timestamp>
			</report>
			<report>
				<misses>7007001</misses>
				<total>13</total>
				<timestamp>2449.998464</timestamp>
			</report>
			<report>
				<misses>7008001</misses>
				<total>13</total>
				<timestamp>2450.348099</timestamp>
			</report>
			<report>
				<misses>7009001</misses>
				<total>13</total>
				<timestamp>2450.697720</timestamp>
			</report>
			<report>
				<misses>7010001</misses>
				<total>13</total>
				<timestamp>2451.047443</timestamp>
			</report>
			<report>
				<misses>7011001</misses>
				<total>13</total>
				<timestamp>2451.397039</timestamp>
			</report>
			<report>
				<misses>7012001</misses>
				<total>13</total>
				<timestamp>2451.746684</timestamp>
			</report>
			<report>
				<misses>7013001</misses>
				<total>13</total>
				<timestamp>2452.096338</timestamp>
			</report>
			<report>
				<misses>7014001</misses>
				<total>13</total>
				<timestamp>2452.445990</timestamp>
			</report>
			<report>
				<misses>7015001</misses>
				<total>13</total>
				<timestamp>2452.795622</timestamp>
			</report>
			<report>
				<misses>7016001</misses>
				<total>13</total>
				<timestamp>2453.145269</timestamp>
			</report>
			<report>
				<misses>7017001</misses>
				<total>13</total>
				<timestamp>2453.494933</timestamp>
			</report>
			<report>
				<misses>7018001</misses>
				<total>13</total>
				<timestamp>2453.844572</timestamp>
			</report>
			<report>
				<misses>7019001</misses>
				<total>13</total>
				<timestamp>2454.194236</timestamp>
			</report>
			<report>
				<misses>7020001</misses>
				<total>13</total>
				<timestamp>2454.543877</timestamp>
			</report>
			<report>
				<misses>7021001</misses>
				<total>13</total>
				<timestamp>2454.893544</timestamp>
			</report>
			<report>
				<misses>7022001</misses>
				<total>13</total>
				<timestamp>2455.243212</timestamp>
			</report>
			<report>
				<misses>7023001</misses>
				<total>13</total>
				<timestamp>2455.592866</timestamp>
			</report>
			<report>
				<misses>7024001</misses>
				<total>13</total>
				<timestamp>2455.942502</timestamp>
			</report>
			<report>
				<misses>7025001</misses>
				<total>13</total>
				<timestamp>2456.292138</timestamp>
			</report>
			<report>
				<misses>7026001</misses>
				<total>13</total>
				<timestamp>2456.641783</timestamp>
			</report>
			<report>
				<misses>7027001</misses>
				<total>13</total>
				<timestamp>2456.991427</timestamp>
			</report>
			<report>
				<misses>7028001</misses>
				<total>13</total>
				<timestamp>2457.341109</timestamp>
			</report>
			<report>
				<misses>7029001</misses>
				<total>13</total>
				<timestamp>2457.690752</timestamp>
			</report>
			<report>
				<misses>7030001</misses>
				<total>13</total>
				<timestamp>2458.040406</timestamp>
			</report>
			<report>
				<misses>7031001</misses>
				<total>13</total>
				<timestamp>2458.390055</timestamp>
			</report>
			<report>
				<misses>7032001</misses>
				<total>13</total>
				<timestamp>2458.739702</timestamp>
			</report>
			<report>
				<misses>7033001</misses>
				<total>13</total>
				<timestamp>2459.089360</timestamp>
			</report>
			<report>
				<misses>7034001</misses>
				<total>13</total>
				<timestamp>2459.438983</timestamp>
			</report>
			<report>
				<misses>7035001</misses>
				<total>13</total>
				<timestamp>2459.788656</timestamp>
			</report>
			<report>
				<misses>7036001</misses>
				<total>13</total>
				<timestamp>2460.138288</timestamp>
			</report>
			<report>
				<misses>7037001</misses>
				<total>13</total>
				<timestamp>2460.487938</timestamp>
			</report>
			<report>
				<misses>7038001</misses>
				<total>13</total>
				<timestamp>2460.837630</timestamp>
			</report>
			<report>
				<misses>7039001</misses>
				<total>13</total>
				<timestamp>2461.187299</timestamp>
			</report>
			<report>
				<misses>7040001</misses>
				<total>13</total>
				<timestamp>2461.536873</timestamp>
			</report>
			<report>
				<misses>7041001</misses>
				<total>13</total>
				<timestamp>2461.886544</timestamp>
			</report>
			<report>
				<misses>7042001</misses>
				<total>13</total>
				<timestamp>2462.236261</timestamp>
			</report>
			<report>
				<misses>7043001</misses>
				<total>13</total>
				<timestamp>2462.585853</timestamp>
			</report>
			<report>
				<misses>7044001</misses>
				<total>13</total>
				<timestamp>2462.935494</timestamp>
			</report>
			<report>
				<misses>7045001</misses>
				<total>13</total>
				<timestamp>2463.285143</timestamp>
			</report>
			<report>
				<misses>7046001</misses>
				<total>13</total>
				<timestamp>2463.634776</timestamp>
			</report>
			<report>
				<misses>7047001</misses>
				<total>13</total>
				<timestamp>2463.984473</timestamp>
			</report>
			<report>
				<misses>7048001</misses>
				<total>13</total>
				<timestamp>2464.334113</timestamp>
			</report>
			<report>
				<misses>7049001</misses>
				<total>13</total>
				<timestamp>2464.683744</timestamp>
			</report>
			<report>
				<misses>7050001</misses>
				<total>13</total>
				<timestamp>2465.033399</timestamp>
			</report>
			<report>
				<misses>7051001</misses>
				<total>13</total>
				<timestamp>2465.383022</timestamp>
			</report>
			<report>
				<misses>7052001</misses>
				<total>13</total>
				<timestamp>2465.732690</timestamp>
			</report>
			<report>
				<misses>7053001</misses>
				<total>13</total>
				<timestamp>2466.082341</timestamp>
			</report>
			<report>
				<misses>7054001</misses>
				<total>13</total>
				<timestamp>2466.432016</timestamp>
			</report>
			<report>
				<misses>7055001</misses>
				<total>13</total>
				<timestamp>2466.781641</timestamp>
			</report>
			<report>
				<misses>7056001</misses>
				<total>13</total>
				<timestamp>2467.131308</timestamp>
			</report>
			<report>
				<misses>7057001</misses>
				<total>13</total>
				<timestamp>2467.480938</timestamp>
			</report>
			<report>
				<misses>7058001</misses>
				<total>13</total>
				<timestamp>2467.830625</timestamp>
			</report>
			<report>
				<misses>7059001</misses>
				<total>13</total>
				<timestamp>2468.180296</timestamp>
			</report>
			<report>
				<misses>7060001</misses>
				<total>13</total>
				<timestamp>2468.529891</timestamp>
			</report>
			<report>
				<misses>7061001</misses>
				<total>13</total>
				<timestamp>2468.879569</timestamp>
			</report>
			<report>
				<misses>7062001</misses>
				<total>13</total>
				<timestamp>2469.229199</timestamp>
			</report>
			<report>
				<misses>7063001</misses>
				<total>13</total>
				<timestamp>2469.578875</timestamp>
			</report>
			<report>
				<misses>7064001</misses>
				<total>13</total>
				<timestamp>2469.928486</timestamp>
			</report>
			<report>
				<misses>7065001</misses>
				<total>13</total>
				<timestamp>2470.278223</timestamp>
			</report>
			<report>
				<misses>7066001</misses>
				<total>13</total>
				<timestamp>2470.627810</timestamp>
			</report>
			<report>
				<misses>7067001</misses>
				<total>13</total>
				<timestamp>2470.977435</timestamp>
			</report>
			<report>
				<misses>7068001</misses>
				<total>13</total>
				<timestamp>2471.327099</timestamp>
			</report>
			<report>
				<misses>7069001</misses>
				<total>13</total>
				<timestamp>2471.676774</timestamp>
			</report>
			<report>
				<misses>7070001</misses>
				<total>13</total>
				<timestamp>2472.026392</timestamp>
			</report>
			<report>
				<misses>7071001</misses>
				<total>13</total>
				<timestamp>2472.376056</timestamp>
			</report>
			<report>
				<misses>7072001</misses>
				<total>13</total>
				<timestamp>2472.725687</timestamp>
			</report>
			<report>
				<misses>7073001</misses>
				<total>13</total>
				<timestamp>2473.075343</timestamp>
			</report>
			<report>
				<misses>7074001</misses>
				<total>13</total>
				<timestamp>2473.424976</timestamp>
			</report>
			<report>
				<misses>7075001</misses>
				<total>13</total>
				<timestamp>2473.774653</timestamp>
			</report>
			<report>
				<misses>7076001</misses>
				<total>13</total>
				<timestamp>2474.124329</timestamp>
			</report>
			<report>
				<misses>7077001</misses>
				<total>13</total>
				<timestamp>2474.473970</timestamp>
			</report>
			<report>
				<misses>7078001</misses>
				<total>13</total>
				<timestamp>2474.823604</timestamp>
			</report>
			<report>
				<misses>7079001</misses>
				<total>13</total>
				<timestamp>2475.173317</timestamp>
			</report>
			<report>
				<misses>7080001</misses>
				<total>13</total>
				<timestamp>2475.522883</timestamp>
			</report>
			<report>
				<misses>7081001</misses>
				<total>13</total>
				<timestamp>2475.872540</timestamp>
			</report>
			<report>
				<misses>7082001</misses>
				<total>13</total>
				<timestamp>2476.222206</timestamp>
			</report>
			<report>
				<misses>7083001</misses>
				<total>13</total>
				<timestamp>2476.571840</timestamp>
			</report>
			<report>
				<misses>7084001</misses>
				<total>13</total>
				<timestamp>2476.921523</timestamp>
			</report>
			<report>
				<misses>7085001</misses>
				<total>13</total>
				<timestamp>2477.271220</timestamp>
			</report>
			<report>
				<misses>7086001</misses>
				<total>13</total>
				<timestamp>2477.620784</timestamp>
			</report>
			<report>
				<misses>7087001</misses>
				<total>13</total>
				<timestamp>2477.970419</timestamp>
			</report>
			<report>
				<misses>7088001</misses>
				<total>13</total>
				<timestamp>2478.320207</timestamp>
			</report>
			<report>
				<misses>7089001</misses>
				<total>13</total>
				<timestamp>2478.669734</timestamp>
			</report>
			<report>
				<misses>7090001</misses>
				<total>13</total>
				<timestamp>2479.019393</timestamp>
			</report>
			<report>
				<misses>7091001</misses>
				<total>13</total>
				<timestamp>2479.369112</timestamp>
			</report>
			<report>
				<misses>7092001</misses>
				<total>13</total>
				<timestamp>2479.718722</timestamp>
			</report>
			<report>
				<misses>7093001</misses>
				<total>13</total>
				<timestamp>2480.068333</timestamp>
			</report>
			<report>
				<misses>7094001</misses>
				<total>13</total>
				<timestamp>2480.417995</timestamp>
			</report>
			<report>
				<misses>7095001</misses>
				<total>13</total>
				<timestamp>2480.767647</timestamp>
			</report>
			<report>
				<misses>7096001</misses>
				<total>13</total>
				<timestamp>2481.117277</timestamp>
			</report>
			<report>
				<misses>7097001</misses>
				<total>13</total>
				<timestamp>2481.466992</timestamp>
			</report>
			<report>
				<misses>7098001</misses>
				<total>13</total>
				<timestamp>2481.816571</timestamp>
			</report>
			<report>
				<misses>7099001</misses>
				<total>13</total>
				<timestamp>2482.166280</timestamp>
			</report>
			<report>
				<misses>7100001</misses>
				<total>13</total>
				<timestamp>2482.515909</timestamp>
			</report>
			<report>
				<misses>7101001</misses>
				<total>13</total>
				<timestamp>2482.865538</timestamp>
			</report>
			<report>
				<misses>7102001</misses>
				<total>13</total>
				<timestamp>2483.215267</timestamp>
			</report>
			<report>
				<misses>7103001</misses>
				<total>13</total>
				<timestamp>2483.564853</timestamp>
			</report>
			<report>
				<misses>7104001</misses>
				<total>13</total>
				<timestamp>2483.914483</timestamp>
			</report>
			<report>
				<misses>7105001</misses>
				<total>13</total>
				<timestamp>2484.264154</timestamp>
			</report>
			<report>
				<misses>7106001</misses>
				<total>13</total>
				<timestamp>2484.613768</timestamp>
			</report>
			<report>
				<misses>7107001</misses>
				<total>13</total>
				<timestamp>2484.963446</timestamp>
			</report>
			<report>
				<misses>7108001</misses>
				<total>13</total>
				<timestamp>2485.313135</timestamp>
			</report>
			<report>
				<misses>7109001</misses>
				<total>13</total>
				<timestamp>2485.662768</timestamp>
			</report>
			<report>
				<misses>7110001</misses>
				<total>13</total>
				<timestamp>2486.012381</timestamp>
			</report>
			<report>
				<misses>7111001</misses>
				<total>13</total>
				<timestamp>2486.362088</timestamp>
			</report>
			<report>
				<misses>7112001</misses>
				<total>13</total>
				<timestamp>2486.711716</timestamp>
			</report>
			<report>
				<misses>7113001</misses>
				<total>13</total>
				<timestamp>2487.061325</timestamp>
			</report>
			<report>
				<misses>7114001</misses>
				<total>13</total>
				<timestamp>2487.411010</timestamp>
			</report>
			<report>
				<misses>7115001</misses>
				<total>13</total>
				<timestamp>2487.760677</timestamp>
			</report>
			<report>
				<misses>7116001</misses>
				<total>13</total>
				<timestamp>2488.110279</timestamp>
			</report>
			<report>
				<misses>7117001</misses>
				<total>13</total>
				<timestamp>2488.459946</timestamp>
			</report>
			<report>
				<misses>7118001</misses>
				<total>13</total>
				<timestamp>2488.809643</timestamp>
			</report>
			<report>
				<misses>7119001</misses>
				<total>13</total>
				<timestamp>2489.159233</timestamp>
			</report>
			<report>
				<misses>7120001</misses>
				<total>13</total>
				<timestamp>2489.508916</timestamp>
			</report>
			<report>
				<misses>7121001</misses>
				<total>13</total>
				<timestamp>2489.858540</timestamp>
			</report>
			<report>
				<misses>7122001</misses>
				<total>13</total>
				<timestamp>2490.208190</timestamp>
			</report>
			<report>
				<misses>7123001</misses>
				<total>13</total>
				<timestamp>2490.557846</timestamp>
			</report>
			<report>
				<misses>7124001</misses>
				<total>13</total>
				<timestamp>2490.907471</timestamp>
			</report>
			<report>
				<misses>7125001</misses>
				<total>13</total>
				<timestamp>2491.257187</timestamp>
			</report>
			<report>
				<misses>7126001</misses>
				<total>13</total>
				<timestamp>2491.606779</timestamp>
			</report>
			<report>
				<misses>7127001</misses>
				<total>13</total>
				<timestamp>2491.956444</timestamp>
			</report>
			<report>
				<misses>7128001</misses>
				<total>13</total>
				<timestamp>2492.306178</timestamp>
			</report>
			<report>
				<misses>7129001</misses>
				<total>13</total>
				<timestamp>2492.655721</timestamp>
			</report>
			<report>
				<misses>7130001</misses>
				<total>13</total>
				<timestamp>2493.005416</timestamp>
			</report>
			<report>
				<misses>7131001</misses>
				<total>13</total>
				<timestamp>2493.355081</timestamp>
			</report>
			<report>
				<misses>7132001</misses>
				<total>13</total>
				<timestamp>2493.704677</timestamp>
			</report>
			<report>
				<misses>7133001</misses>
				<total>13</total>
				<timestamp>2494.054337</timestamp>
			</report>
			<report>
				<misses>7134001</misses>
				<total>13</total>
				<timestamp>2494.404045</timestamp>
			</report>
			<report>
				<misses>7135001</misses>
				<total>13</total>
				<timestamp>2494.753681</timestamp>
			</report>
			<report>
				<misses>7136001</misses>
				<total>13</total>
				<timestamp>2495.103281</timestamp>
			</report>
			<report>
				<misses>7137001</misses>
				<total>13</total>
				<timestamp>2495.452992</timestamp>
			</report>
			<report>
				<misses>7138001</misses>
				<total>13</total>
				<timestamp>2495.802616</timestamp>
			</report>
			<report>
				<misses>7139001</misses>
				<total>13</total>
				<timestamp>2496.152248</timestamp>
			</report>
			<report>
				<misses>7140001</misses>
				<total>13</total>
				<timestamp>2496.501900</timestamp>
			</report>
			<report>
				<misses>7141001</misses>
				<total>13</total>
				<timestamp>2496.851549</timestamp>
			</report>
			<report>
				<misses>7142001</misses>
				<total>13</total>
				<timestamp>2497.201180</timestamp>
			</report>
			<report>
				<misses>7143001</misses>
				<total>13</total>
				<timestamp>2497.550819</timestamp>
			</report>
			<report>
				<misses>7144001</misses>
				<total>13</total>
				<timestamp>2497.900474</timestamp>
			</report>
			<report>
				<misses>7145001</misses>
				<total>13</total>
				<timestamp>2498.250150</timestamp>
			</report>
			<report>
				<misses>7146001</misses>
				<total>13</total>
				<timestamp>2498.599778</timestamp>
			</report>
			<report>
				<misses>7147001</misses>
				<total>13</total>
				<timestamp>2498.949450</timestamp>
			</report>
			<report>
				<misses>7148001</misses>
				<total>13</total>
				<timestamp>2499.299119</timestamp>
			</report>
			<report>
				<misses>7149001</misses>
				<total>13</total>
				<timestamp>2499.648750</timestamp>
			</report>
			<report>
				<misses>7150001</misses>
				<total>13</total>
				<timestamp>2499.998398</timestamp>
			</report>
			<report>
				<misses>7151001</misses>
				<total>13</total>
				<timestamp>2500.348080</timestamp>
			</report>
			<report>
				<misses>7152001</misses>
				<total>13</total>
				<timestamp>2500.697770</timestamp>
			</report>
			<report>
				<misses>7153001</misses>
				<total>13</total>
				<timestamp>2501.047344</timestamp>
			</report>
			<report>
				<misses>7154001</misses>
				<total>13</total>
				<timestamp>2501.397000</timestamp>
			</report>
			<report>
				<misses>7155001</misses>
				<total>13</total>
				<timestamp>2501.746632</timestamp>
			</report>
			<report>
				<misses>7156001</misses>
				<total>13</total>
				<timestamp>2502.096285</timestamp>
			</report>
			<report>
				<misses>7157001</misses>
				<total>13</total>
				<timestamp>2502.445960</timestamp>
			</report>
			<report>
				<misses>7158001</misses>
				<total>13</total>
				<timestamp>2502.795631</timestamp>
			</report>
			<report>
				<misses>7159001</misses>
				<total>13</total>
				<timestamp>2503.145227</timestamp>
			</report>
			<report>
				<misses>7160001</misses>
				<total>13</total>
				<timestamp>2503.494890</timestamp>
			</report>
			<report>
				<misses>7161001</misses>
				<total>13</total>
				<timestamp>2503.844569</timestamp>
			</report>
			<report>
				<misses>7162001</misses>
				<total>13</total>
				<timestamp>2504.194203</timestamp>
			</report>
			<report>
				<misses>7163001</misses>
				<total>13</total>
				<timestamp>2504.543852</timestamp>
			</report>
			<report>
				<misses>7164001</misses>
				<total>13</total>
				<timestamp>2504.893497</timestamp>
			</report>
			<report>
				<misses>7165001</misses>
				<total>13</total>
				<timestamp>2505.243139</timestamp>
			</report>
			<report>
				<misses>7166001</misses>
				<total>13</total>
				<timestamp>2505.592781</timestamp>
			</report>
			<report>
				<misses>7167001</misses>
				<total>13</total>
				<timestamp>2505.942436</timestamp>
			</report>
			<report>
				<misses>7168001</misses>
				<total>13</total>
				<timestamp>2506.292129</timestamp>
			</report>
			<report>
				<misses>7169001</misses>
				<total>13</total>
				<timestamp>2506.641774</timestamp>
			</report>
			<report>
				<misses>7170001</misses>
				<total>13</total>
				<timestamp>2506.991401</timestamp>
			</report>
			<report>
				<misses>7171001</misses>
				<total>13</total>
				<timestamp>2507.341082</timestamp>
			</report>
			<report>
				<misses>7172001</misses>
				<total>13</total>
				<timestamp>2507.690700</timestamp>
			</report>
			<report>
				<misses>7173001</misses>
				<total>13</total>
				<timestamp>2508.040347</timestamp>
			</report>
			<report>
				<misses>7174001</misses>
				<total>13</total>
				<timestamp>2508.390006</timestamp>
			</report>
			<report>
				<misses>7175001</misses>
				<total>13</total>
				<timestamp>2508.739705</timestamp>
			</report>
			<report>
				<misses>7176001</misses>
				<total>13</total>
				<timestamp>2509.089281</timestamp>
			</report>
			<report>
				<misses>7177001</misses>
				<total>13</total>
				<timestamp>2509.438954</timestamp>
			</report>
			<report>
				<misses>7178001</misses>
				<total>13</total>
				<timestamp>2509.788575</timestamp>
			</report>
			<report>
				<misses>7179001</misses>
				<total>13</total>
				<timestamp>2510.138235</timestamp>
			</report>
			<report>
				<misses>7180001</misses>
				<total>13</total>
				<timestamp>2510.487944</timestamp>
			</report>
			<report>
				<misses>7181001</misses>
				<total>13</total>
				<timestamp>2510.837558</timestamp>
			</report>
			<report>
				<misses>7182001</misses>
				<total>13</total>
				<timestamp>2511.187215</timestamp>
			</report>
			<report>
				<misses>7183001</misses>
				<total>13</total>
				<timestamp>2511.536872</timestamp>
			</report>
			<report>
				<misses>7184001</misses>
				<total>13</total>
				<timestamp>2511.886477</timestamp>
			</report>
			<report>
				<misses>7185001</misses>
				<total>13</total>
				<timestamp>2512.236141</timestamp>
			</report>
			<report>
				<misses>7186001</misses>
				<total>13</total>
				<timestamp>2512.585782</timestamp>
			</report>
			<report>
				<misses>7187001</misses>
				<total>13</total>
				<timestamp>2512.935427</timestamp>
			</report>
			<report>
				<misses>7188001</misses>
				<total>13</total>
				<timestamp>2513.285135</timestamp>
			</report>
			<report>
				<misses>7189001</misses>
				<total>13</total>
				<timestamp>2513.634741</timestamp>
			</report>
			<report>
				<misses>7190001</misses>
				<total>13</total>
				<timestamp>2513.984427</timestamp>
			</report>
			<report>
				<misses>7191001</misses>
				<total>13</total>
				<timestamp>2514.334045</timestamp>
			</report>
			<report>
				<misses>7192001</misses>
				<total>13</total>
				<timestamp>2514.683687</timestamp>
			</report>
			<report>
				<misses>7193001</misses>
				<total>13</total>
				<timestamp>2515.033327</timestamp>
			</report>
			<report>
				<misses>7194001</misses>
				<total>13</total>
				<timestamp>2515.383053</timestamp>
			</report>
			<report>
				<misses>7195001</misses>
				<total>13</total>
				<timestamp>2515.732637</timestamp>
			</report>
			<report>
				<misses>7196001</misses>
				<total>13</total>
				<timestamp>2516.082288</timestamp>
			</report>
			<report>
				<misses>7197001</misses>
				<total>13</total>
				<timestamp>2516.431934</timestamp>
			</report>
			<report>
				<misses>7198001</misses>
				<total>13</total>
				<timestamp>2516.781599</timestamp>
			</report>
			<report>
				<misses>7199001</misses>
				<total>13</total>
				<timestamp>2517.131232</timestamp>
			</report>
			<report>
				<misses>7200001</misses>
				<total>13</total>
				<timestamp>2517.480929</timestamp>
			</report>
			<report>
				<misses>7201001</misses>
				<total>13</total>
				<timestamp>2517.830553</timestamp>
			</report>
			<report>
				<misses>7202001</misses>
				<total>13</total>
				<timestamp>2518.180202</timestamp>
			</report>
			<report>
				<misses>7203001</misses>
				<total>13</total>
				<timestamp>2518.529894</timestamp>
			</report>
			<report>
				<misses>7204001</misses>
				<total>13</total>
				<timestamp>2518.879490</timestamp>
			</report>
			<report>
				<misses>7205001</misses>
				<total>13</total>
				<timestamp>2519.229166</timestamp>
			</report>
			<report>
				<misses>7206001</misses>
				<total>13</total>
				<timestamp>2519.578810</timestamp>
			</report>
			<report>
				<misses>7207001</misses>
				<total>13</total>
				<timestamp>2519.928432</timestamp>
			</report>
			<report>
				<misses>7208001</misses>
				<total>13</total>
				<timestamp>2520.278116</timestamp>
			</report>
			<report>
				<misses>7209001</misses>
				<total>13</total>
				<timestamp>2520.627755</timestamp>
			</report>
			<report>
				<misses>7210001</misses>
				<total>13</total>
				<timestamp>2520.977415</timestamp>
			</report>
			<report>
				<misses>7211001</misses>
				<total>13</total>
				<timestamp>2521.327058</timestamp>
			</report>
			<report>
				<misses>7212001</misses>
				<total>13</total>
				<timestamp>2521.676682</timestamp>
			</report>
			<report>
				<misses>7213001</misses>
				<total>13</total>
				<timestamp>2522.026334</timestamp>
			</report>
			<report>
				<misses>7214001</misses>
				<total>13</total>
				<timestamp>2522.376015</timestamp>
			</report>
			<report>
				<misses>7215001</misses>
				<total>13</total>
				<timestamp>2522.725673</timestamp>
			</report>
			<report>
				<misses>7216001</misses>
				<total>13</total>
				<timestamp>2523.075305</timestamp>
			</report>
			<report>
				<misses>7217001</misses>
				<total>13</total>
				<timestamp>2523.424951</timestamp>
			</report>
			<report>
				<misses>7218001</misses>
				<total>13</total>
				<timestamp>2523.774612</timestamp>
			</report>
			<report>
				<misses>7219001</misses>
				<total>13</total>
				<timestamp>2524.124220</timestamp>
			</report>
			<report>
				<misses>7220001</misses>
				<total>13</total>
				<timestamp>2524.473894</timestamp>
			</report>
			<report>
				<misses>7221001</misses>
				<total>13</total>
				<timestamp>2524.823548</timestamp>
			</report>
			<report>
				<misses>7222001</misses>
				<total>13</total>
				<timestamp>2525.173181</timestamp>
			</report>
			<report>
				<misses>7223001</misses>
				<total>13</total>
				<timestamp>2525.522870</timestamp>
			</report>
			<report>
				<misses>7224001</misses>
				<total>13</total>
				<timestamp>2525.872508</timestamp>
			</report>
			<report>
				<misses>7225001</misses>
				<total>13</total>
				<timestamp>2526.222126</timestamp>
			</report>
			<report>
				<misses>7226001</misses>
				<total>13</total>
				<timestamp>2526.571809</timestamp>
			</report>
			<report>
				<misses>7227001</misses>
				<total>13</total>
				<timestamp>2526.921458</timestamp>
			</report>
			<report>
				<misses>7228001</misses>
				<total>13</total>
				<timestamp>2527.271104</timestamp>
			</report>
			<report>
				<misses>7229001</misses>
				<total>13</total>
				<timestamp>2527.620771</timestamp>
			</report>
			<report>
				<misses>7230001</misses>
				<total>13</total>
				<timestamp>2527.970382</timestamp>
			</report>
			<report>
				<misses>7231001</misses>
				<total>13</total>
				<timestamp>2528.320090</timestamp>
			</report>
			<report>
				<misses>7232001</misses>
				<total>13</total>
				<timestamp>2528.669685</timestamp>
			</report>
			<report>
				<misses>7233001</misses>
				<total>13</total>
				<timestamp>2529.019326</timestamp>
			</report>
			<report>
				<misses>7234001</misses>
				<total>13</total>
				<timestamp>2529.368989</timestamp>
			</report>
			<report>
				<misses>7235001</misses>
				<total>13</total>
				<timestamp>2529.718636</timestamp>
			</report>
			<report>
				<misses>7236001</misses>
				<total>13</total>
				<timestamp>2530.068288</timestamp>
			</report>
			<report>
				<misses>7237001</misses>
				<total>13</total>
				<timestamp>2530.417982</timestamp>
			</report>
			<report>
				<misses>7238001</misses>
				<total>13</total>
				<timestamp>2530.767608</timestamp>
			</report>
			<report>
				<misses>7239001</misses>
				<total>13</total>
				<timestamp>2531.117228</timestamp>
			</report>
			<report>
				<misses>7240001</misses>
				<total>13</total>
				<timestamp>2531.466956</timestamp>
			</report>
			<report>
				<misses>7241001</misses>
				<total>13</total>
				<timestamp>2531.816528</timestamp>
			</report>
			<report>
				<misses>7242001</misses>
				<total>13</total>
				<timestamp>2532.166189</timestamp>
			</report>
			<report>
				<misses>7243001</misses>
				<total>13</total>
				<timestamp>2532.515846</timestamp>
			</report>
			<report>
				<misses>7244001</misses>
				<total>13</total>
				<timestamp>2532.865530</timestamp>
			</report>
			<report>
				<misses>7245001</misses>
				<total>13</total>
				<timestamp>2533.215132</timestamp>
			</report>
			<report>
				<misses>7246001</misses>
				<total>13</total>
				<timestamp>2533.564783</timestamp>
			</report>
			<report>
				<misses>7247001</misses>
				<total>13</total>
				<timestamp>2533.914483</timestamp>
			</report>
			<report>
				<misses>7248001</misses>
				<total>13</total>
				<timestamp>2534.264134</timestamp>
			</report>
			<report>
				<misses>7249001</misses>
				<total>13</total>
				<timestamp>2534.613740</timestamp>
			</report>
			<report>
				<misses>7250001</misses>
				<total>13</total>
				<timestamp>2534.963384</timestamp>
			</report>
			<report>
				<misses>7251001</misses>
				<total>13</total>
				<timestamp>2535.313033</timestamp>
			</report>
			<report>
				<misses>7252001</misses>
				<total>13</total>
				<timestamp>2535.662696</timestamp>
			</report>
			<report>
				<misses>7253001</misses>
				<total>13</total>
				<timestamp>2536.012354</timestamp>
			</report>
			<report>
				<misses>7254001</misses>
				<total>13</total>
				<timestamp>2536.361985</timestamp>
			</report>
			<report>
				<misses>7255001</misses>
				<total>13</total>
				<timestamp>2536.711653</timestamp>
			</report>
			<report>
				<misses>7256001</misses>
				<total>13</total>
				<timestamp>2537.061297</timestamp>
			</report>
			<report>
				<misses>7257001</misses>
				<total>13</total>
				<timestamp>2537.410961</timestamp>
			</report>
			<report>
				<misses>7258001</misses>
				<total>13</total>
				<timestamp>2537.760581</timestamp>
			</report>
			<report>
				<misses>7259001</misses>
				<total>13</total>
				<timestamp>2538.110250</timestamp>
			</report>
			<report>
				<misses>7260001</misses>
				<total>13</total>
				<timestamp>2538.459949</timestamp>
			</report>
			<report>
				<misses>7261001</misses>
				<total>13</total>
				<timestamp>2538.809573</timestamp>
			</report>
			<report>
				<misses>7262001</misses>
				<total>13</total>
				<timestamp>2539.159187</timestamp>
			</report>
			<report>
				<misses>7263001</misses>
				<total>13</total>
				<timestamp>2539.508860</timestamp>
			</report>
			<report>
				<misses>7264001</misses>
				<total>13</total>
				<timestamp>2539.858481</timestamp>
			</report>
			<report>
				<misses>7265001</misses>
				<total>13</total>
				<timestamp>2540.208139</timestamp>
			</report>
			<report>
				<misses>7266001</misses>
				<total>13</total>
				<timestamp>2540.557829</timestamp>
			</report>
			<report>
				<misses>7267001</misses>
				<total>13</total>
				<timestamp>2540.907465</timestamp>
			</report>
			<report>
				<misses>7268001</misses>
				<total>13</total>
				<timestamp>2541.257104</timestamp>
			</report>
			<report>
				<misses>7269001</misses>
				<total>13</total>
				<timestamp>2541.606747</timestamp>
			</report>
			<report>
				<misses>7270001</misses>
				<total>13</total>
				<timestamp>2541.956419</timestamp>
			</report>
			<report>
				<misses>7271001</misses>
				<total>13</total>
				<timestamp>2542.306038</timestamp>
			</report>
			<report>
				<misses>7272001</misses>
				<total>13</total>
				<timestamp>2542.655725</timestamp>
			</report>
			<report>
				<misses>7273001</misses>
				<total>13</total>
				<timestamp>2543.005360</timestamp>
			</report>
			<report>
				<misses>7274001</misses>
				<total>13</total>
				<timestamp>2543.354988</timestamp>
			</report>
			<report>
				<misses>7275001</misses>
				<total>13</total>
				<timestamp>2543.704659</timestamp>
			</report>
			<report>
				<misses>7276001</misses>
				<total>13</total>
				<timestamp>2544.054304</timestamp>
			</report>
			<report>
				<misses>7277001</misses>
				<total>13</total>
				<timestamp>2544.403928</timestamp>
			</report>
			<report>
				<misses>7278001</misses>
				<total>13</total>
				<timestamp>2544.753584</timestamp>
			</report>
			<report>
				<misses>7279001</misses>
				<total>13</total>
				<timestamp>2545.103226</timestamp>
			</report>
			<report>
				<misses>7280001</misses>
				<total>13</total>
				<timestamp>2545.452896</timestamp>
			</report>
			<report>
				<misses>7281001</misses>
				<total>13</total>
				<timestamp>2545.802533</timestamp>
			</report>
			<report>
				<misses>7282001</misses>
				<total>13</total>
				<timestamp>2546.152186</timestamp>
			</report>
			<report>
				<misses>7283001</misses>
				<total>13</total>
				<timestamp>2546.501874</timestamp>
			</report>
			<report>
				<misses>7284001</misses>
				<total>13</total>
				<timestamp>2546.851537</timestamp>
			</report>
			<report>
				<misses>7285001</misses>
				<total>13</total>
				<timestamp>2547.201127</timestamp>
			</report>
			<report>
				<misses>7286001</misses>
				<total>13</total>
				<timestamp>2547.550864</timestamp>
			</report>
			<report>
				<misses>7287001</misses>
				<total>13</total>
				<timestamp>2547.900459</timestamp>
			</report>
			<report>
				<misses>7288001</misses>
				<total>13</total>
				<timestamp>2548.250094</timestamp>
			</report>
			<report>
				<misses>7289001</misses>
				<total>13</total>
				<timestamp>2548.599780</timestamp>
			</report>
			<report>
				<misses>7290001</misses>
				<total>13</total>
				<timestamp>2548.949435</timestamp>
			</report>
			<report>
				<misses>7291001</misses>
				<total>13</total>
				<timestamp>2549.299027</timestamp>
			</report>
			<report>
				<misses>7292001</misses>
				<total>13</total>
				<timestamp>2549.648695</timestamp>
			</report>
			<report>
				<misses>7293001</misses>
				<total>13</total>
				<timestamp>2549.998324</timestamp>
			</report>
			<report>
				<misses>7294001</misses>
				<total>13</total>
				<timestamp>2550.347975</timestamp>
			</report>
			<report>
				<misses>7295001</misses>
				<total>13</total>
				<timestamp>2550.697635</timestamp>
			</report>
			<report>
				<misses>7296001</misses>
				<total>13</total>
				<timestamp>2551.047282</timestamp>
			</report>
			<report>
				<misses>7297001</misses>
				<total>13</total>
				<timestamp>2551.396934</timestamp>
			</report>
			<report>
				<misses>7298001</misses>
				<total>13</total>
				<timestamp>2551.746609</timestamp>
			</report>
			<report>
				<misses>7299001</misses>
				<total>13</total>
				<timestamp>2552.096255</timestamp>
			</report>
			<report>
				<misses>7300001</misses>
				<total>13</total>
				<timestamp>2552.445892</timestamp>
			</report>
			<report>
				<misses>7301001</misses>
				<total>13</total>
				<timestamp>2552.795590</timestamp>
			</report>
			<report>
				<misses>7302001</misses>
				<total>13</total>
				<timestamp>2553.145199</timestamp>
			</report>
			<report>
				<misses>7303001</misses>
				<total>13</total>
				<timestamp>2553.494859</timestamp>
			</report>
			<report>
				<misses>7304001</misses>
				<total>13</total>
				<timestamp>2553.844486</timestamp>
			</report>
			<report>
				<misses>7305001</misses>
				<total>13</total>
				<timestamp>2554.194167</timestamp>
			</report>
			<report>
				<misses>7306001</misses>
				<total>13</total>
				<timestamp>2554.543827</timestamp>
			</report>
			<report>
				<misses>7307001</misses>
				<total>13</total>
				<timestamp>2554.893442</timestamp>
			</report>
			<report>
				<misses>7308001</misses>
				<total>13</total>
				<timestamp>2555.243084</timestamp>
			</report>
			<report>
				<misses>7309001</misses>
				<total>13</total>
				<timestamp>2555.592834</timestamp>
			</report>
			<report>
				<misses>7310001</misses>
				<total>13</total>
				<timestamp>2555.942400</timestamp>
			</report>
			<report>
				<misses>7311001</misses>
				<total>13</total>
				<timestamp>2556.292033</timestamp>
			</report>
			<report>
				<misses>7312001</misses>
				<total>13</total>
				<timestamp>2556.641700</timestamp>
			</report>
			<report>
				<misses>7313001</misses>
				<total>13</total>
				<timestamp>2556.991382</timestamp>
			</report>
			<report>
				<misses>7314001</misses>
				<total>13</total>
				<timestamp>2557.340969</timestamp>
			</report>
			<report>
				<misses>7315001</misses>
				<total>13</total>
				<timestamp>2557.690672</timestamp>
			</report>
			<report>
				<misses>7316001</misses>
				<total>13</total>
				<timestamp>2558.040272</timestamp>
			</report>
			<report>
				<misses>7317001</misses>
				<total>13</total>
				<timestamp>2558.389942</timestamp>
			</report>
			<report>
				<misses>7318001</misses>
				<total>13</total>
				<timestamp>2558.739647</timestamp>
			</report>
			<report>
				<misses>7319001</misses>
				<total>13</total>
				<timestamp>2559.089289</timestamp>
			</report>
			<report>
				<misses>7320001</misses>
				<total>13</total>
				<timestamp>2559.438878</timestamp>
			</report>
			<report>
				<misses>7321001</misses>
				<total>13</total>
				<timestamp>2559.788543</timestamp>
			</report>
			<report>
				<misses>7322001</misses>
				<total>13</total>
				<timestamp>2560.138206</timestamp>
			</report>
			<report>
				<misses>7323001</misses>
				<total>13</total>
				<timestamp>2560.487833</timestamp>
			</report>
			<report>
				<misses>7324001</misses>
				<total>13</total>
				<timestamp>2560.837480</timestamp>
			</report>
			<report>
				<misses>7325001</misses>
				<total>13</total>
				<timestamp>2561.187137</timestamp>
			</report>
			<report>
				<misses>7326001</misses>
				<total>13</total>
				<timestamp>2561.536791</timestamp>
			</report>
			<report>
				<misses>7327001</misses>
				<total>13</total>
				<timestamp>2561.886435</timestamp>
			</report>
			<report>
				<misses>7328001</misses>
				<total>13</total>
				<timestamp>2562.236140</timestamp>
			</report>
			<report>
				<misses>7329001</misses>
				<total>13</total>
				<timestamp>2562.585743</timestamp>
			</report>
			<report>
				<misses>7330001</misses>
				<total>13</total>
				<timestamp>2562.935372</timestamp>
			</report>
			<report>
				<misses>7331001</misses>
				<total>13</total>
				<timestamp>2563.285040</timestamp>
			</report>
			<report>
				<misses>7332001</misses>
				<total>13</total>
				<timestamp>2563.634737</timestamp>
			</report>
			<report>
				<misses>7333001</misses>
				<total>13</total>
				<timestamp>2563.984336</timestamp>
			</report>
			<report>
				<misses>7334001</misses>
				<total>13</total>
				<timestamp>2564.334011</timestamp>
			</report>
			<report>
				<misses>7335001</misses>
				<total>13</total>
				<timestamp>2564.683675</timestamp>
			</report>
			<report>
				<misses>7336001</misses>
				<total>13</total>
				<timestamp>2565.033271</timestamp>
			</report>
			<report>
				<misses>7337001</misses>
				<total>13</total>
				<timestamp>2565.382937</timestamp>
			</report>
			<report>
				<misses>7338001</misses>
				<total>13</total>
				<timestamp>2565.732620</timestamp>
			</report>
			<report>
				<misses>7339001</misses>
				<total>13</total>
				<timestamp>2566.082251</timestamp>
			</report>
			<report>
				<misses>7340001</misses>
				<total>13</total>
				<timestamp>2566.431868</timestamp>
			</report>
			<report>
				<misses>7341001</misses>
				<total>13</total>
				<timestamp>2566.781563</timestamp>
			</report>
			<report>
				<misses>7342001</misses>
				<total>13</total>
				<timestamp>2567.131189</timestamp>
			</report>
			<report>
				<misses>7343001</misses>
				<total>13</total>
				<timestamp>2567.480846</timestamp>
			</report>
			<report>
				<misses>7344001</misses>
				<total>13</total>
				<timestamp>2567.830552</timestamp>
			</report>
			<report>
				<misses>7345001</misses>
				<total>13</total>
				<timestamp>2568.180128</timestamp>
			</report>
			<report>
				<misses>7346001</misses>
				<total>13</total>
				<timestamp>2568.529849</timestamp>
			</report>
			<report>
				<misses>7347001</misses>
				<total>13</total>
				<timestamp>2568.879444</timestamp>
			</report>
			<report>
				<misses>7348001</misses>
				<total>13</total>
				<timestamp>2569.229109</timestamp>
			</report>
			<report>
				<misses>7349001</misses>
				<total>13</total>
				<timestamp>2569.578744</timestamp>
			</report>
			<report>
				<misses>7350001</misses>
				<total>13</total>
				<timestamp>2569.928384</timestamp>
			</report>
			<report>
				<misses>7351001</misses>
				<total>13</total>
				<timestamp>2570.278054</timestamp>
			</report>
			<report>
				<misses>7352001</misses>
				<total>13</total>
				<timestamp>2570.627759</timestamp>
			</report>
			<report>
				<misses>7353001</misses>
				<total>13</total>
				<timestamp>2570.977357</timestamp>
			</report>
			<report>
				<misses>7354001</misses>
				<total>13</total>
				<timestamp>2571.326995</timestamp>
			</report>
			<report>
				<misses>7355001</misses>
				<total>13</total>
				<timestamp>2571.676616</timestamp>
			</report>
			<report>
				<misses>7356001</misses>
				<total>13</total>
				<timestamp>2572.026288</timestamp>
			</report>
			<report>
				<misses>7357001</misses>
				<total>13</total>
				<timestamp>2572.375946</timestamp>
			</report>
			<report>
				<misses>7358001</misses>
				<total>13</total>
				<timestamp>2572.725637</timestamp>
			</report>
			<report>
				<misses>7359001</misses>
				<total>13</total>
				<timestamp>2573.075248</timestamp>
			</report>
			<report>
				<misses>7360001</misses>
				<total>13</total>
				<timestamp>2573.424895</timestamp>
			</report>
			<report>
				<misses>7361001</misses>
				<total>13</total>
				<timestamp>2573.774534</timestamp>
			</report>
			<report>
				<misses>7362001</misses>
				<total>13</total>
				<timestamp>2574.124217</timestamp>
			</report>
			<report>
				<misses>7363001</misses>
				<total>13</total>
				<timestamp>2574.473832</timestamp>
			</report>
			<report>
				<misses>7364001</misses>
				<total>13</total>
				<timestamp>2574.823498</timestamp>
			</report>
			<report>
				<misses>7365001</misses>
				<total>13</total>
				<timestamp>2575.173124</timestamp>
			</report>
			<report>
				<misses>7366001</misses>
				<total>13</total>
				<timestamp>2575.522809</timestamp>
			</report>
			<report>
				<misses>7367001</misses>
				<total>13</total>
				<timestamp>2575.872433</timestamp>
			</report>
			<report>
				<misses>7368001</misses>
				<total>13</total>
				<timestamp>2576.222111</timestamp>
			</report>
			<report>
				<misses>7369001</misses>
				<total>13</total>
				<timestamp>2576.571733</timestamp>
			</report>
			<report>
				<misses>7370001</misses>
				<total>13</total>
				<timestamp>2576.921390</timestamp>
			</report>
			<report>
				<misses>7371001</misses>
				<total>13</total>
				<timestamp>2577.271086</timestamp>
			</report>
			<report>
				<misses>7372001</misses>
				<total>13</total>
				<timestamp>2577.620693</timestamp>
			</report>
			<report>
				<misses>7373001</misses>
				<total>13</total>
				<timestamp>2577.970329</timestamp>
			</report>
			<report>
				<misses>7374001</misses>
				<total>13</total>
				<timestamp>2578.320030</timestamp>
			</report>
			<report>
				<misses>7375001</misses>
				<total>13</total>
				<timestamp>2578.669642</timestamp>
			</report>
			<report>
				<misses>7376001</misses>
				<total>13</total>
				<timestamp>2579.019272</timestamp>
			</report>
			<report>
				<misses>7377001</misses>
				<total>13</total>
				<timestamp>2579.368962</timestamp>
			</report>
			<report>
				<misses>7378001</misses>
				<total>13</total>
				<timestamp>2579.718608</timestamp>
			</report>
			<report>
				<misses>7379001</misses>
				<total>13</total>
				<timestamp>2580.068253</timestamp>
			</report>
			<report>
				<misses>7380001</misses>
				<total>13</total>
				<timestamp>2580.417882</timestamp>
			</report>
			<report>
				<misses>7381001</misses>
				<total>13</total>
				<timestamp>2580.767539</timestamp>
			</report>
			<report>
				<misses>7382001</misses>
				<total>13</total>
				<timestamp>2581.117215</timestamp>
			</report>
			<report>
				<misses>7383001</misses>
				<total>13</total>
				<timestamp>2581.466835</timestamp>
			</report>
			<report>
				<misses>7384001</misses>
				<total>13</total>
				<timestamp>2581.816525</timestamp>
			</report>
			<report>
				<misses>7385001</misses>
				<total>13</total>
				<timestamp>2582.166132</timestamp>
			</report>
			<report>
				<misses>7386001</misses>
				<total>13</total>
				<timestamp>2582.515799</timestamp>
			</report>
			<report>
				<misses>7387001</misses>
				<total>13</total>
				<timestamp>2582.865441</timestamp>
			</report>
			<report>
				<misses>7388001</misses>
				<total>13</total>
				<timestamp>2583.215076</timestamp>
			</report>
			<report>
				<misses>7389001</misses>
				<total>13</total>
				<timestamp>2583.564735</timestamp>
			</report>
			<report>
				<misses>7390001</misses>
				<total>13</total>
				<timestamp>2583.914379</timestamp>
			</report>
			<report>
				<misses>7391001</misses>
				<total>13</total>
				<timestamp>2584.264075</timestamp>
			</report>
			<report>
				<misses>7392001</misses>
				<total>13</total>
				<timestamp>2584.613693</timestamp>
			</report>
			<report>
				<misses>7393001</misses>
				<total>13</total>
				<timestamp>2584.963323</timestamp>
			</report>
			<report>
				<misses>7394001</misses>
				<total>13</total>
				<timestamp>2585.312979</timestamp>
			</report>
			<report>
				<misses>7395001</misses>
				<total>13</total>
				<timestamp>2585.662666</timestamp>
			</report>
			<report>
				<misses>7396001</misses>
				<total>13</total>
				<timestamp>2586.012284</timestamp>
			</report>
			<report>
				<misses>7397001</misses>
				<total>13</total>
				<timestamp>2586.361939</timestamp>
			</report>
			<report>
				<misses>7398001</misses>
				<total>13</total>
				<timestamp>2586.711619</timestamp>
			</report>
			<report>
				<misses>7399001</misses>
				<total>13</total>
				<timestamp>2587.061258</timestamp>
			</report>
			<report>
				<misses>7400001</misses>
				<total>13</total>
				<timestamp>2587.410901</timestamp>
			</report>
			<report>
				<misses>7401001</misses>
				<total>13</total>
				<timestamp>2587.760562</timestamp>
			</report>
			<report>
				<misses>7402001</misses>
				<total>13</total>
				<timestamp>2588.110218</timestamp>
			</report>
			<report>
				<misses>7403001</misses>
				<total>13</total>
				<timestamp>2588.459846</timestamp>
			</report>
			<report>
				<misses>7404001</misses>
				<total>13</total>
				<timestamp>2588.809496</timestamp>
			</report>
			<report>
				<misses>7405001</misses>
				<total>13</total>
				<timestamp>2589.159181</timestamp>
			</report>
			<report>
				<misses>7406001</misses>
				<total>13</total>
				<timestamp>2589.508788</timestamp>
			</report>
			<report>
				<misses>7407001</misses>
				<total>13</total>
				<timestamp>2589.858459</timestamp>
			</report>
			<report>
				<misses>7408001</misses>
				<total>13</total>
				<timestamp>2590.208109</timestamp>
			</report>
			<report>
				<misses>7409001</misses>
				<total>13</total>
				<timestamp>2590.557735</timestamp>
			</report>
			<report>
				<misses>7410001</misses>
				<total>13</total>
				<timestamp>2590.907393</timestamp>
			</report>
			<report>
				<misses>7411001</misses>
				<total>13</total>
				<timestamp>2591.257029</timestamp>
			</report>
			<report>
				<misses>7412001</misses>
				<total>13</total>
				<timestamp>2591.606705</timestamp>
			</report>
			<report>
				<misses>7413001</misses>
				<total>13</total>
				<timestamp>2591.956391</timestamp>
			</report>
			<report>
				<misses>7414001</misses>
				<total>13</total>
				<timestamp>2592.305973</timestamp>
			</report>
			<report>
				<misses>7415001</misses>
				<total>13</total>
				<timestamp>2592.655653</timestamp>
			</report>
			<report>
				<misses>7416001</misses>
				<total>13</total>
				<timestamp>2593.005302</timestamp>
			</report>
			<report>
				<misses>7417001</misses>
				<total>13</total>
				<timestamp>2593.354939</timestamp>
			</report>
			<report>
				<misses>7418001</misses>
				<total>13</total>
				<timestamp>2593.704585</timestamp>
			</report>
			<report>
				<misses>7419001</misses>
				<total>13</total>
				<timestamp>2594.054238</timestamp>
			</report>
			<report>
				<misses>7420001</misses>
				<total>13</total>
				<timestamp>2594.403885</timestamp>
			</report>
			<report>
				<misses>7421001</misses>
				<total>13</total>
				<timestamp>2594.753568</timestamp>
			</report>
			<report>
				<misses>7422001</misses>
				<total>13</total>
				<timestamp>2595.103217</timestamp>
			</report>
			<report>
				<misses>7423001</misses>
				<total>13</total>
				<timestamp>2595.452869</timestamp>
			</report>
			<report>
				<misses>7424001</misses>
				<total>13</total>
				<timestamp>2595.802511</timestamp>
			</report>
			<report>
				<misses>7425001</misses>
				<total>13</total>
				<timestamp>2596.152166</timestamp>
			</report>
			<report>
				<misses>7426001</misses>
				<total>13</total>
				<timestamp>2596.501816</timestamp>
			</report>
			<report>
				<misses>7427001</misses>
				<total>13</total>
				<timestamp>2596.851477</timestamp>
			</report>
			<report>
				<misses>7428001</misses>
				<total>13</total>
				<timestamp>2597.201082</timestamp>
			</report>
			<report>
				<misses>7429001</misses>
				<total>13</total>
				<timestamp>2597.550727</timestamp>
			</report>
			<report>
				<misses>7430001</misses>
				<total>13</total>
				<timestamp>2597.900419</timestamp>
			</report>
			<report>
				<misses>7431001</misses>
				<total>13</total>
				<timestamp>2598.250036</timestamp>
			</report>
			<report>
				<misses>7432001</misses>
				<total>13</total>
				<timestamp>2598.599675</timestamp>
			</report>
			<report>
				<misses>7433001</misses>
				<total>13</total>
				<timestamp>2598.949385</timestamp>
			</report>
			<report>
				<misses>7434001</misses>
				<total>13</total>
				<timestamp>2599.299016</timestamp>
			</report>
			<report>
				<misses>7435001</misses>
				<total>13</total>
				<timestamp>2599.648628</timestamp>
			</report>
			<report>
				<misses>7436001</misses>
				<total>13</total>
				<timestamp>2599.998312</timestamp>
			</report>
			<report>
				<misses>7437001</misses>
				<total>13</total>
				<timestamp>2600.347950</timestamp>
			</report>
			<report>
				<misses>7438001</misses>
				<total>13</total>
				<timestamp>2600.697578</timestamp>
			</report>
			<report>
				<misses>7439001</misses>
				<total>13</total>
				<timestamp>2601.047258</timestamp>
			</report>
			<report>
				<misses>7440001</misses>
				<total>13</total>
				<timestamp>2601.396891</timestamp>
			</report>
			<report>
				<misses>7441001</misses>
				<total>13</total>
				<timestamp>2601.746535</timestamp>
			</report>
			<report>
				<misses>7442001</misses>
				<total>13</total>
				<timestamp>2602.096190</timestamp>
			</report>
			<report>
				<misses>7443001</misses>
				<total>13</total>
				<timestamp>2602.445830</timestamp>
			</report>
			<report>
				<misses>7444001</misses>
				<total>13</total>
				<timestamp>2602.795474</timestamp>
			</report>
			<report>
				<misses>7445001</misses>
				<total>13</total>
				<timestamp>2603.145178</timestamp>
			</report>
			<report>
				<misses>7446001</misses>
				<total>13</total>
				<timestamp>2603.494787</timestamp>
			</report>
			<report>
				<misses>7447001</misses>
				<total>13</total>
				<timestamp>2603.844479</timestamp>
			</report>
			<report>
				<misses>7448001</misses>
				<total>13</total>
				<timestamp>2604.194109</timestamp>
			</report>
			<report>
				<misses>7449001</misses>
				<total>13</total>
				<timestamp>2604.543734</timestamp>
			</report>
			<report>
				<misses>7450001</misses>
				<total>13</total>
				<timestamp>2604.893380</timestamp>
			</report>
			<report>
				<misses>7451001</misses>
				<total>13</total>
				<timestamp>2605.243032</timestamp>
			</report>
			<report>
				<misses>7452001</misses>
				<total>13</total>
				<timestamp>2605.592679</timestamp>
			</report>
			<report>
				<misses>7453001</misses>
				<total>13</total>
				<timestamp>2605.942366</timestamp>
			</report>
			<report>
				<misses>7454001</misses>
				<total>13</total>
				<timestamp>2606.292028</timestamp>
			</report>
			<report>
				<misses>7455001</misses>
				<total>13</total>
				<timestamp>2606.641633</timestamp>
			</report>
			<report>
				<misses>7456001</misses>
				<total>13</total>
				<timestamp>2606.991317</timestamp>
			</report>
			<report>
				<misses>7457001</misses>
				<total>13</total>
				<timestamp>2607.340986</timestamp>
			</report>
			<report>
				<misses>7458001</misses>
				<total>13</total>
				<timestamp>2607.690583</timestamp>
			</report>
			<report>
				<misses>7459001</misses>
				<total>13</total>
				<timestamp>2608.040262</timestamp>
			</report>
			<report>
				<misses>7460001</misses>
				<total>13</total>
				<timestamp>2608.389895</timestamp>
			</report>
			<report>
				<misses>7461001</misses>
				<total>13</total>
				<timestamp>2608.739550</timestamp>
			</report>
			<report>
				<misses>7462001</misses>
				<total>13</total>
				<timestamp>2609.089210</timestamp>
			</report>
			<report>
				<misses>7463001</misses>
				<total>13</total>
				<timestamp>2609.438819</timestamp>
			</report>
			<report>
				<misses>7464001</misses>
				<total>13</total>
				<timestamp>2609.788486</timestamp>
			</report>
			<report>
				<misses>7465001</misses>
				<total>13</total>
				<timestamp>2610.138134</timestamp>
			</report>
			<report>
				<misses>7466001</misses>
				<total>13</total>
				<timestamp>2610.487784</timestamp>
			</report>
			<report>
				<misses>7467001</misses>
				<total>13</total>
				<timestamp>2610.837467</timestamp>
			</report>
			<report>
				<misses>7468001</misses>
				<total>13</total>
				<timestamp>2611.187150</timestamp>
			</report>
			<report>
				<misses>7469001</misses>
				<total>13</total>
				<timestamp>2611.536731</timestamp>
			</report>
			<report>
				<misses>7470001</misses>
				<total>13</total>
				<timestamp>2611.886395</timestamp>
			</report>
			<report>
				<misses>7471001</misses>
				<total>13</total>
				<timestamp>2612.236035</timestamp>
			</report>
			<report>
				<misses>7472001</misses>
				<total>13</total>
				<timestamp>2612.585688</timestamp>
			</report>
			<report>
				<misses>7473001</misses>
				<total>13</total>
				<timestamp>2612.935407</timestamp>
			</report>
			<report>
				<misses>7474001</misses>
				<total>13</total>
				<timestamp>2613.285022</timestamp>
			</report>
			<report>
				<misses>7475001</misses>
				<total>13</total>
				<timestamp>2613.634639</timestamp>
			</report>
			<report>
				<misses>7476001</misses>
				<total>13</total>
				<timestamp>2613.984313</timestamp>
			</report>
			<report>
				<misses>7477001</misses>
				<total>13</total>
				<timestamp>2614.333928</timestamp>
			</report>
			<report>
				<misses>7478001</misses>
				<total>13</total>
				<timestamp>2614.683575</timestamp>
			</report>
			<report>
				<misses>7479001</misses>
				<total>13</total>
				<timestamp>2615.033274</timestamp>
			</report>
			<report>
				<misses>7480001</misses>
				<total>13</total>
				<timestamp>2615.382881</timestamp>
			</report>
			<report>
				<misses>7481001</misses>
				<total>13</total>
				<timestamp>2615.732547</timestamp>
			</report>
			<report>
				<misses>7482001</misses>
				<total>13</total>
				<timestamp>2616.082185</timestamp>
			</report>
			<report>
				<misses>7483001</misses>
				<total>13</total>
				<timestamp>2616.431863</timestamp>
			</report>
			<report>
				<misses>7484001</misses>
				<total>13</total>
				<timestamp>2616.781510</timestamp>
			</report>
			<report>
				<misses>7485001</misses>
				<total>13</total>
				<timestamp>2617.131170</timestamp>
			</report>
			<report>
				<misses>7486001</misses>
				<total>13</total>
				<timestamp>2617.480814</timestamp>
			</report>
			<report>
				<misses>7487001</misses>
				<total>13</total>
				<timestamp>2617.830437</timestamp>
			</report>
			<report>
				<misses>7488001</misses>
				<total>13</total>
				<timestamp>2618.180161</timestamp>
			</report>
			<report>
				<misses>7489001</misses>
				<total>13</total>
				<timestamp>2618.529723</timestamp>
			</report>
			<report>
				<misses>7490001</misses>
				<total>13</total>
				<timestamp>2618.879424</timestamp>
			</report>
			<report>
				<misses>7491001</misses>
				<total>13</total>
				<timestamp>2619.229043</timestamp>
			</report>
			<report>
				<misses>7492001</misses>
				<total>13</total>
				<timestamp>2619.578671</timestamp>
			</report>
			<report>
				<misses>7493001</misses>
				<total>13</total>
				<timestamp>2619.928361</timestamp>
			</report>
			<report>
				<misses>7494001</misses>
				<total>13</total>
				<timestamp>2620.277987</timestamp>
			</report>
			<report>
				<misses>7495001</misses>
				<total>13</total>
				<timestamp>2620.627641</timestamp>
			</report>
			<report>
				<misses>7496001</misses>
				<total>13</total>
				<timestamp>2620.977336</timestamp>
			</report>
			<report>
				<misses>7497001</misses>
				<total>13</total>
				<timestamp>2621.326954</timestamp>
			</report>
			<report>
				<misses>7498001</misses>
				<total>13</total>
				<timestamp>2621.676571</timestamp>
			</report>
			<report>
				<misses>7499001</misses>
				<total>13</total>
				<timestamp>2622.026273</timestamp>
			</report>
			<report>
				<misses>7500001</misses>
				<total>13</total>
				<timestamp>2622.375885</timestamp>
			</report>
			<report>
				<misses>7501001</misses>
				<total>13</total>
				<timestamp>2622.725544</timestamp>
			</report>
			<report>
				<misses>7502001</misses>
				<total>13</total>
				<timestamp>2623.075241</timestamp>
			</report>
			<report>
				<misses>7503001</misses>
				<total>13</total>
				<timestamp>2623.424864</timestamp>
			</report>
			<report>
				<misses>7504001</misses>
				<total>13</total>
				<timestamp>2623.774495</timestamp>
			</report>
			<report>
				<misses>7505001</misses>
				<total>13</total>
				<timestamp>2624.124125</timestamp>
			</report>
			<report>
				<misses>7506001</misses>
				<total>13</total>
				<timestamp>2624.473787</timestamp>
			</report>
			<report>
				<misses>7507001</misses>
				<total>13</total>
				<timestamp>2624.823421</timestamp>
			</report>
			<report>
				<misses>7508001</misses>
				<total>13</total>
				<timestamp>2625.173141</timestamp>
			</report>
			<report>
				<misses>7509001</misses>
				<total>13</total>
				<timestamp>2625.522725</timestamp>
			</report>
			<report>
				<misses>7510001</misses>
				<total>13</total>
				<timestamp>2625.872382</timestamp>
			</report>
			<report>
				<misses>7511001</misses>
				<total>13</total>
				<timestamp>2626.222043</timestamp>
			</report>
			<report>
				<misses>7512001</misses>
				<total>13</total>
				<timestamp>2626.571688</timestamp>
			</report>
			<report>
				<misses>7513001</misses>
				<total>13</total>
				<timestamp>2626.921346</timestamp>
			</report>
			<report>
				<misses>7514001</misses>
				<total>13</total>
				<timestamp>2627.271011</timestamp>
			</report>
			<report>
				<misses>7515001</misses>
				<total>13</total>
				<timestamp>2627.620634</timestamp>
			</report>
			<report>
				<misses>7516001</misses>
				<total>13</total>
				<timestamp>2627.970379</timestamp>
			</report>
			<report>
				<misses>7517001</misses>
				<total>13</total>
				<timestamp>2628.319932</timestamp>
			</report>
			<report>
				<misses>7518001</misses>
				<total>13</total>
				<timestamp>2628.669589</timestamp>
			</report>
			<report>
				<misses>7519001</misses>
				<total>13</total>
				<timestamp>2629.019239</timestamp>
			</report>
			<report>
				<misses>7520001</misses>
				<total>13</total>
				<timestamp>2629.368878</timestamp>
			</report>
			<report>
				<misses>7521001</misses>
				<total>13</total>
				<timestamp>2629.718541</timestamp>
			</report>
			<report>
				<misses>7522001</misses>
				<total>13</total>
				<timestamp>2630.068217</timestamp>
			</report>
			<report>
				<misses>7523001</misses>
				<total>13</total>
				<timestamp>2630.417829</timestamp>
			</report>
			<report>
				<misses>7524001</misses>
				<total>13</total>
				<timestamp>2630.767478</timestamp>
			</report>
			<report>
				<misses>7525001</misses>
				<total>13</total>
				<timestamp>2631.117213</timestamp>
			</report>
			<report>
				<misses>7526001</misses>
				<total>13</total>
				<timestamp>2631.466803</timestamp>
			</report>
			<report>
				<misses>7527001</misses>
				<total>13</total>
				<timestamp>2631.816428</timestamp>
			</report>
			<report>
				<misses>7528001</misses>
				<total>13</total>
				<timestamp>2632.166172</timestamp>
			</report>
			<report>
				<misses>7529001</misses>
				<total>13</total>
				<timestamp>2632.515734</timestamp>
			</report>
			<report>
				<misses>7530001</misses>
				<total>13</total>
				<timestamp>2632.865389</timestamp>
			</report>
			<report>
				<misses>7531001</misses>
				<total>13</total>
				<timestamp>2633.215076</timestamp>
			</report>
			<report>
				<misses>7532001</misses>
				<total>13</total>
				<timestamp>2633.564686</timestamp>
			</report>
			<report>
				<misses>7533001</misses>
				<total>13</total>
				<timestamp>2633.914351</timestamp>
			</report>
			<report>
				<misses>7534001</misses>
				<total>13</total>
				<timestamp>2634.264035</timestamp>
			</report>
			<report>
				<misses>7535001</misses>
				<total>13</total>
				<timestamp>2634.613628</timestamp>
			</report>
			<report>
				<misses>7536001</misses>
				<total>13</total>
				<timestamp>2634.963293</timestamp>
			</report>
			<report>
				<misses>7537001</misses>
				<total>13</total>
				<timestamp>2635.312923</timestamp>
			</report>
			<report>
				<misses>7538001</misses>
				<total>13</total>
				<timestamp>2635.662596</timestamp>
			</report>
			<report>
				<misses>7539001</misses>
				<total>13</total>
				<timestamp>2636.012283</timestamp>
			</report>
			<report>
				<misses>7540001</misses>
				<total>13</total>
				<timestamp>2636.361894</timestamp>
			</report>
			<report>
				<misses>7541001</misses>
				<total>13</total>
				<timestamp>2636.711520</timestamp>
			</report>
			<report>
				<misses>7542001</misses>
				<total>13</total>
				<timestamp>2637.061214</timestamp>
			</report>
			<report>
				<misses>7543001</misses>
				<total>13</total>
				<timestamp>2637.410867</timestamp>
			</report>
			<report>
				<misses>7544001</misses>
				<total>13</total>
				<timestamp>2637.760539</timestamp>
			</report>
			<report>
				<misses>7545001</misses>
				<total>13</total>
				<timestamp>2638.110175</timestamp>
			</report>
			<report>
				<misses>7546001</misses>
				<total>13</total>
				<timestamp>2638.459774</timestamp>
			</report>
			<report>
				<misses>7547001</misses>
				<total>13</total>
				<timestamp>2638.809459</timestamp>
			</report>
			<report>
				<misses>7548001</misses>
				<total>13</total>
				<timestamp>2639.159165</timestamp>
			</report>
			<report>
				<misses>7549001</misses>
				<total>13</total>
				<timestamp>2639.508736</timestamp>
			</report>
			<report>
				<misses>7550001</misses>
				<total>13</total>
				<timestamp>2639.858372</timestamp>
			</report>
			<report>
				<misses>7551001</misses>
				<total>13</total>
				<timestamp>2640.208113</timestamp>
			</report>
			<report>
				<misses>7552001</misses>
				<total>13</total>
				<timestamp>2640.557673</timestamp>
			</report>
			<report>
				<misses>7553001</misses>
				<total>13</total>
				<timestamp>2640.907347</timestamp>
			</report>
			<report>
				<misses>7554001</misses>
				<total>13</total>
				<timestamp>2641.257029</timestamp>
			</report>
			<report>
				<misses>7555001</misses>
				<total>13</total>
				<timestamp>2641.606643</timestamp>
			</report>
			<report>
				<misses>7556001</misses>
				<total>13</total>
				<timestamp>2641.956268</timestamp>
			</report>
			<report>
				<misses>7557001</misses>
				<total>13</total>
				<timestamp>2642.305933</timestamp>
			</report>
			<report>
				<misses>7558001</misses>
				<total>13</total>
				<timestamp>2642.655589</timestamp>
			</report>
			<report>
				<misses>7559001</misses>
				<total>13</total>
				<timestamp>2643.005240</timestamp>
			</report>
			<report>
				<misses>7560001</misses>
				<total>13</total>
				<timestamp>2643.354877</timestamp>
			</report>
			<report>
				<misses>7561001</misses>
				<total>13</total>
				<timestamp>2643.704525</timestamp>
			</report>
			<report>
				<misses>7562001</misses>
				<total>13</total>
				<timestamp>2644.054197</timestamp>
			</report>
			<report>
				<misses>7563001</misses>
				<total>13</total>
				<timestamp>2644.403849</timestamp>
			</report>
			<report>
				<misses>7564001</misses>
				<total>13</total>
				<timestamp>2644.753499</timestamp>
			</report>
			<report>
				<misses>7565001</misses>
				<total>13</total>
				<timestamp>2645.103174</timestamp>
			</report>
			<report>
				<misses>7566001</misses>
				<total>13</total>
				<timestamp>2645.452826</timestamp>
			</report>
			<report>
				<misses>7567001</misses>
				<total>13</total>
				<timestamp>2645.802433</timestamp>
			</report>
			<report>
				<misses>7568001</misses>
				<total>13</total>
				<timestamp>2646.152096</timestamp>
			</report>
			<report>
				<misses>7569001</misses>
				<total>13</total>
				<timestamp>2646.501734</timestamp>
			</report>
			<report>
				<misses>7570001</misses>
				<total>13</total>
				<timestamp>2646.851382</timestamp>
			</report>
			<report>
				<misses>7571001</misses>
				<total>13</total>
				<timestamp>2647.201090</timestamp>
			</report>
			<report>
				<misses>7572001</misses>
				<total>13</total>
				<timestamp>2647.550714</timestamp>
			</report>
			<report>
				<misses>7573001</misses>
				<total>13</total>
				<timestamp>2647.900373</timestamp>
			</report>
			<report>
				<misses>7574001</misses>
				<total>13</total>
				<timestamp>2648.250029</timestamp>
			</report>
			<report>
				<misses>7575001</misses>
				<total>13</total>
				<timestamp>2648.599641</timestamp>
			</report>
			<report>
				<misses>7576001</misses>
				<total>13</total>
				<timestamp>2648.949306</timestamp>
			</report>
			<report>
				<misses>7577001</misses>
				<total>13</total>
				<timestamp>2649.298925</timestamp>
			</report>
			<report>
				<misses>7578001</misses>
				<total>13</total>
				<timestamp>2649.648573</timestamp>
			</report>
			<report>
				<misses>7579001</misses>
				<total>13</total>
				<timestamp>2649.998242</timestamp>
			</report>
			<report>
				<misses>7580001</misses>
				<total>13</total>
				<timestamp>2650.347879</timestamp>
			</report>
			<report>
				<misses>7581001</misses>
				<total>13</total>
				<timestamp>2650.697535</timestamp>
			</report>
			<report>
				<misses>7582001</misses>
				<total>13</total>
				<timestamp>2651.047195</timestamp>
			</report>
			<report>
				<misses>7583001</misses>
				<total>13</total>
				<timestamp>2651.396831</timestamp>
			</report>
			<report>
				<misses>7584001</misses>
				<total>13</total>
				<timestamp>2651.746480</timestamp>
			</report>
			<report>
				<misses>7585001</misses>
				<total>13</total>
				<timestamp>2652.096131</timestamp>
			</report>
			<report>
				<misses>7586001</misses>
				<total>13</total>
				<timestamp>2652.445779</timestamp>
			</report>
			<report>
				<misses>7587001</misses>
				<total>13</total>
				<timestamp>2652.795440</timestamp>
			</report>
			<report>
				<misses>7588001</misses>
				<total>13</total>
				<timestamp>2653.145103</timestamp>
			</report>
			<report>
				<misses>7589001</misses>
				<total>13</total>
				<timestamp>2653.494736</timestamp>
			</report>
			<report>
				<misses>7590001</misses>
				<total>13</total>
				<timestamp>2653.844409</timestamp>
			</report>
			<report>
				<misses>7591001</misses>
				<total>13</total>
				<timestamp>2654.194063</timestamp>
			</report>
			<report>
				<misses>7592001</misses>
				<total>13</total>
				<timestamp>2654.543699</timestamp>
			</report>
			<report>
				<misses>7593001</misses>
				<total>13</total>
				<timestamp>2654.893328</timestamp>
			</report>
			<report>
				<misses>7594001</misses>
				<total>13</total>
				<timestamp>2655.243032</timestamp>
			</report>
			<report>
				<misses>7595001</misses>
				<total>13</total>
				<timestamp>2655.592631</timestamp>
			</report>
			<report>
				<misses>7596001</misses>
				<total>13</total>
				<timestamp>2655.942289</timestamp>
			</report>
			<report>
				<misses>7597001</misses>
				<total>13</total>
				<timestamp>2656.291948</timestamp>
			</report>
			<report>
				<misses>7598001</misses>
				<total>13</total>
				<timestamp>2656.641585</timestamp>
			</report>
			<report>
				<misses>7599001</misses>
				<total>13</total>
				<timestamp>2656.991233</timestamp>
			</report>
			<report>
				<misses>7600001</misses>
				<total>13</total>
				<timestamp>2657.340879</timestamp>
			</report>
			<report>
				<misses>7601001</misses>
				<total>13</total>
				<timestamp>2657.690548</timestamp>
			</report>
			<report>
				<misses>7602001</misses>
				<total>13</total>
				<timestamp>2658.040240</timestamp>
			</report>
			<report>
				<misses>7603001</misses>
				<total>13</total>
				<timestamp>2658.389839</timestamp>
			</report>
			<report>
				<misses>7604001</misses>
				<total>13</total>
				<timestamp>2658.739504</timestamp>
			</report>
			<report>
				<misses>7605001</misses>
				<total>13</total>
				<timestamp>2659.089164</timestamp>
			</report>
			<report>
				<misses>7606001</misses>
				<total>13</total>
				<timestamp>2659.438781</timestamp>
			</report>
			<report>
				<misses>7607001</misses>
				<total>13</total>
				<timestamp>2659.788442</timestamp>
			</report>
			<report>
				<misses>7608001</misses>
				<total>13</total>
				<timestamp>2660.138156</timestamp>
			</report>
			<report>
				<misses>7609001</misses>
				<total>13</total>
				<timestamp>2660.487745</timestamp>
			</report>
			<report>
				<misses>7610001</misses>
				<total>13</total>
				<timestamp>2660.837377</timestamp>
			</report>
			<report>
				<misses>7611001</misses>
				<total>13</total>
				<timestamp>2661.187147</timestamp>
			</report>
			<report>
				<misses>7612001</misses>
				<total>13</total>
				<timestamp>2661.536701</timestamp>
			</report>
			<report>
				<misses>7613001</misses>
				<total>13</total>
				<timestamp>2661.886344</timestamp>
			</report>
			<report>
				<misses>7614001</misses>
				<total>13</total>
				<timestamp>2662.235983</timestamp>
			</report>
			<report>
				<misses>7615001</misses>
				<total>13</total>
				<timestamp>2662.585622</timestamp>
			</report>
			<report>
				<misses>7616001</misses>
				<total>13</total>
				<timestamp>2662.935335</timestamp>
			</report>
			<report>
				<misses>7617001</misses>
				<total>13</total>
				<timestamp>2663.284952</timestamp>
			</report>
			<report>
				<misses>7618001</misses>
				<total>13</total>
				<timestamp>2663.634599</timestamp>
			</report>
			<report>
				<misses>7619001</misses>
				<total>13</total>
				<timestamp>2663.984254</timestamp>
			</report>
			<report>
				<misses>7620001</misses>
				<total>13</total>
				<timestamp>2664.333904</timestamp>
			</report>
			<report>
				<misses>7621001</misses>
				<total>13</total>
				<timestamp>2664.683527</timestamp>
			</report>
			<report>
				<misses>7622001</misses>
				<total>13</total>
				<timestamp>2665.033215</timestamp>
			</report>
			<report>
				<misses>7623001</misses>
				<total>13</total>
				<timestamp>2665.382860</timestamp>
			</report>
			<report>
				<misses>7624001</misses>
				<total>13</total>
				<timestamp>2665.732481</timestamp>
			</report>
			<report>
				<misses>7625001</misses>
				<total>13</total>
				<timestamp>2666.082175</timestamp>
			</report>
			<report>
				<misses>7626001</misses>
				<total>13</total>
				<timestamp>2666.431777</timestamp>
			</report>
			<report>
				<misses>7627001</misses>
				<total>13</total>
				<timestamp>2666.781484</timestamp>
			</report>
			<report>
				<misses>7628001</misses>
				<total>13</total>
				<timestamp>2667.131109</timestamp>
			</report>
			<report>
				<misses>7629001</misses>
				<total>13</total>
				<timestamp>2667.480720</timestamp>
			</report>
			<report>
				<misses>7630001</misses>
				<total>13</total>
				<timestamp>2667.830376</timestamp>
			</report>
			<report>
				<misses>7631001</misses>
				<total>13</total>
				<timestamp>2668.180087</timestamp>
			</report>
			<report>
				<misses>7632001</misses>
				<total>13</total>
				<timestamp>2668.529695</timestamp>
			</report>
			<report>
				<misses>7633001</misses>
				<total>13</total>
				<timestamp>2668.879325</timestamp>
			</report>
			<report>
				<misses>7634001</misses>
				<total>13</total>
				<timestamp>2669.228998</timestamp>
			</report>
			<report>
				<misses>7635001</misses>
				<total>13</total>
				<timestamp>2669.578632</timestamp>
			</report>
			<report>
				<misses>7636001</misses>
				<total>13</total>
				<timestamp>2669.928282</timestamp>
			</report>
			<report>
				<misses>7637001</misses>
				<total>13</total>
				<timestamp>2670.277968</timestamp>
			</report>
			<report>
				<misses>7638001</misses>
				<total>13</total>
				<timestamp>2670.627615</timestamp>
			</report>
			<report>
				<misses>7639001</misses>
				<total>13</total>
				<timestamp>2670.977273</timestamp>
			</report>
			<report>
				<misses>7640001</misses>
				<total>13</total>
				<timestamp>2671.326893</timestamp>
			</report>
			<report>
				<misses>7641001</misses>
				<total>13</total>
				<timestamp>2671.676518</timestamp>
			</report>
			<report>
				<misses>7642001</misses>
				<total>13</total>
				<timestamp>2672.026187</timestamp>
			</report>
			<report>
				<misses>7643001</misses>
				<total>13</total>
				<timestamp>2672.375879</timestamp>
			</report>
			<report>
				<misses>7644001</misses>
				<total>13</total>
				<timestamp>2672.725492</timestamp>
			</report>
			<report>
				<misses>7645001</misses>
				<total>13</total>
				<timestamp>2673.075127</timestamp>
			</report>
			<report>
				<misses>7646001</misses>
				<total>13</total>
				<timestamp>2673.424773</timestamp>
			</report>
			<report>
				<misses>7647001</misses>
				<total>13</total>
				<timestamp>2673.774439</timestamp>
			</report>
			<report>
				<misses>7648001</misses>
				<total>14</total>
				<timestamp>2674.124123</timestamp>
			</report>
			<report>
				<misses>7649001</misses>
				<total>14</total>
				<timestamp>2674.473729</timestamp>
			</report>
			<report>
				<misses>7650001</misses>
				<total>14</total>
				<timestamp>2674.823388</timestamp>
			</report>
			<report>
				<misses>7651001</misses>
				<total>14</total>
				<timestamp>2675.173047</timestamp>
			</report>
			<report>
				<misses>7652001</misses>
				<total>14</total>
				<timestamp>2675.522667</timestamp>
			</report>
			<report>
				<misses>7653001</misses>
				<total>14</total>
				<timestamp>2675.872340</timestamp>
			</report>
			<report>
				<misses>7654001</misses>
				<total>14</total>
				<timestamp>2676.222008</timestamp>
			</report>
			<report>
				<misses>7655001</misses>
				<total>14</total>
				<timestamp>2676.571640</timestamp>
			</report>
			<report>
				<misses>7656001</misses>
				<total>14</total>
				<timestamp>2676.921289</timestamp>
			</report>
			<report>
				<misses>7657001</misses>
				<total>14</total>
				<timestamp>2677.270965</timestamp>
			</report>
			<report>
				<misses>7658001</misses>
				<total>14</total>
				<timestamp>2677.620599</timestamp>
			</report>
			<report>
				<misses>7659001</misses>
				<total>14</total>
				<timestamp>2677.970252</timestamp>
			</report>
			<report>
				<misses>7660001</misses>
				<total>14</total>
				<timestamp>2678.319928</timestamp>
			</report>
			<report>
				<misses>7661001</misses>
				<total>14</total>
				<timestamp>2678.669531</timestamp>
			</report>
			<report>
				<misses>7662001</misses>
				<total>14</total>
				<timestamp>2679.019227</timestamp>
			</report>
			<report>
				<misses>7663001</misses>
				<total>14</total>
				<timestamp>2679.368862</timestamp>
			</report>
			<report>
				<misses>7664001</misses>
				<total>14</total>
				<timestamp>2679.718487</timestamp>
			</report>
			<report>
				<misses>7665001</misses>
				<total>14</total>
				<timestamp>2680.068144</timestamp>
			</report>
			<report>
				<misses>7666001</misses>
				<total>14</total>
				<timestamp>2680.417870</timestamp>
			</report>
			<report>
				<misses>7667001</misses>
				<total>14</total>
				<timestamp>2680.767442</timestamp>
			</report>
			<report>
				<misses>7668001</misses>
				<total>14</total>
				<timestamp>2681.117090</timestamp>
			</report>
			<report>
				<misses>7669001</misses>
				<total>14</total>
				<timestamp>2681.466729</timestamp>
			</report>
			<report>
				<misses>7670001</misses>
				<total>14</total>
				<timestamp>2681.816390</timestamp>
			</report>
			<report>
				<misses>7671001</misses>
				<total>14</total>
				<timestamp>2682.166027</timestamp>
			</report>
			<report>
				<misses>7672001</misses>
				<total>14</total>
				<timestamp>2682.515673</timestamp>
			</report>
			<report>
				<misses>7673001</misses>
				<total>14</total>
				<timestamp>2682.865322</timestamp>
			</report>
			<report>
				<misses>7674001</misses>
				<total>14</total>
				<timestamp>2683.215044</timestamp>
			</report>
			<report>
				<misses>7675001</misses>
				<total>14</total>
				<timestamp>2683.564625</timestamp>
			</report>
			<report>
				<misses>7676001</misses>
				<total>14</total>
				<timestamp>2683.914303</timestamp>
			</report>
			<report>
				<misses>7677001</misses>
				<total>14</total>
				<timestamp>2684.263961</timestamp>
			</report>
			<report>
				<misses>7678001</misses>
				<total>14</total>
				<timestamp>2684.613599</timestamp>
			</report>
			<report>
				<misses>7679001</misses>
				<total>14</total>
				<timestamp>2684.963227</timestamp>
			</report>
			<report>
				<misses>7680001</misses>
				<total>14</total>
				<timestamp>2685.312886</timestamp>
			</report>
			<report>
				<misses>7681001</misses>
				<total>14</total>
				<timestamp>2685.662568</timestamp>
			</report>
			<report>
				<misses>7682001</misses>
				<total>14</total>
				<timestamp>2686.012185</timestamp>
			</report>
			<report>
				<misses>7683001</misses>
				<total>14</total>
				<timestamp>2686.361886</timestamp>
			</report>
			<report>
				<misses>7684001</misses>
				<total>14</total>
				<timestamp>2686.711485</timestamp>
			</report>
			<report>
				<misses>7685001</misses>
				<total>14</total>
				<timestamp>2687.061145</timestamp>
			</report>
			<report>
				<misses>7686001</misses>
				<total>14</total>
				<timestamp>2687.410818</timestamp>
			</report>
			<report>
				<misses>7687001</misses>
				<total>14</total>
				<timestamp>2687.760442</timestamp>
			</report>
			<report>
				<misses>7688001</misses>
				<total>14</total>
				<timestamp>2688.110109</timestamp>
			</report>
			<report>
				<misses>7689001</misses>
				<total>14</total>
				<timestamp>2688.459792</timestamp>
			</report>
			<report>
				<misses>7690001</misses>
				<total>14</total>
				<timestamp>2688.809396</timestamp>
			</report>
			<report>
				<misses>7691001</misses>
				<total>14</total>
				<timestamp>2689.159061</timestamp>
			</report>
			<report>
				<misses>7692001</misses>
				<total>14</total>
				<timestamp>2689.508704</timestamp>
			</report>
			<report>
				<misses>7693001</misses>
				<total>14</total>
				<timestamp>2689.858337</timestamp>
			</report>
			<report>
				<misses>7694001</misses>
				<total>14</total>
				<timestamp>2690.208033</timestamp>
			</report>
			<report>
				<misses>7695001</misses>
				<total>14</total>
				<timestamp>2690.557672</timestamp>
			</report>
			<report>
				<misses>7696001</misses>
				<total>14</total>
				<timestamp>2690.907287</timestamp>
			</report>
			<report>
				<misses>7697001</misses>
				<total>14</total>
				<timestamp>2691.256957</timestamp>
			</report>
			<report>
				<misses>7698001</misses>
				<total>14</total>
				<timestamp>2691.606609</timestamp>
			</report>
			<report>
				<misses>7699001</misses>
				<total>14</total>
				<timestamp>2691.956242</timestamp>
			</report>
			<report>
				<misses>7700001</misses>
				<total>14</total>
				<timestamp>2692.305883</timestamp>
			</report>
			<report>
				<misses>7701001</misses>
				<total>14</total>
				<timestamp>2692.655552</timestamp>
			</report>
			<report>
				<misses>7702001</misses>
				<total>14</total>
				<timestamp>2693.005186</timestamp>
			</report>
			<report>
				<misses>7703001</misses>
				<total>14</total>
				<timestamp>2693.354837</timestamp>
			</report>
			<report>
				<misses>7704001</misses>
				<total>14</total>
				<timestamp>2693.704496</timestamp>
			</report>
			<report>
				<misses>7705001</misses>
				<total>14</total>
				<timestamp>2694.054195</timestamp>
			</report>
			<report>
				<misses>7706001</misses>
				<total>14</total>
				<timestamp>2694.403814</timestamp>
			</report>
			<report>
				<misses>7707001</misses>
				<total>14</total>
				<timestamp>2694.753444</timestamp>
			</report>
			<report>
				<misses>7708001</misses>
				<total>14</total>
				<timestamp>2695.103115</timestamp>
			</report>
			<report>
				<misses>7709001</misses>
				<total>14</total>
				<timestamp>2695.452790</timestamp>
			</report>
			<report>
				<misses>7710001</misses>
				<total>14</total>
				<timestamp>2695.802371</timestamp>
			</report>
			<report>
				<misses>7711001</misses>
				<total>14</total>
				<timestamp>2696.152044</timestamp>
			</report>
			<report>
				<misses>7712001</misses>
				<total>14</total>
				<timestamp>2696.501688</timestamp>
			</report>
			<report>
				<misses>7713001</misses>
				<total>14</total>
				<timestamp>2696.851331</timestamp>
			</report>
			<report>
				<misses>7714001</misses>
				<total>14</total>
				<timestamp>2697.200979</timestamp>
			</report>
			<report>
				<misses>7715001</misses>
				<total>14</total>
				<timestamp>2697.550621</timestamp>
			</report>
			<report>
				<misses>7716001</misses>
				<total>14</total>
				<timestamp>2697.900325</timestamp>
			</report>
			<report>
				<misses>7717001</misses>
				<total>14</total>
				<timestamp>2698.249944</timestamp>
			</report>
			<report>
				<misses>7718001</misses>
				<total>14</total>
				<timestamp>2698.599588</timestamp>
			</report>
			<report>
				<misses>7719001</misses>
				<total>14</total>
				<timestamp>2698.949223</timestamp>
			</report>
			<report>
				<misses>7720001</misses>
				<total>15</total>
				<timestamp>2699.298896</timestamp>
			</report>
			<report>
				<misses>7721001</misses>
				<total>15</total>
				<timestamp>2699.648540</timestamp>
			</report>
			<report>
				<misses>7722001</misses>
				<total>15</total>
				<timestamp>2699.998177</timestamp>
			</report>
			<report>
				<misses>7723001</misses>
				<total>15</total>
				<timestamp>2700.347877</timestamp>
			</report>
			<report>
				<misses>7724001</misses>
				<total>15</total>
				<timestamp>2700.697493</timestamp>
			</report>
			<report>
				<misses>7725001</misses>
				<total>15</total>
				<timestamp>2701.047169</timestamp>
			</report>
			<report>
				<misses>7726001</misses>
				<total>15</total>
				<timestamp>2701.396804</timestamp>
			</report>
			<report>
				<misses>7727001</misses>
				<total>15</total>
				<timestamp>2701.746463</timestamp>
			</report>
			<report>
				<misses>7728001</misses>
				<total>15</total>
				<timestamp>2702.096140</timestamp>
			</report>
			<report>
				<misses>7729001</misses>
				<total>15</total>
				<timestamp>2702.445772</timestamp>
			</report>
			<report>
				<misses>7730001</misses>
				<total>15</total>
				<timestamp>2702.795382</timestamp>
			</report>
			<report>
				<misses>7731001</misses>
				<total>15</total>
				<timestamp>2703.145029</timestamp>
			</report>
			<report>
				<misses>7732001</misses>
				<total>15</total>
				<timestamp>2703.494751</timestamp>
			</report>
			<report>
				<misses>7733001</misses>
				<total>15</total>
				<timestamp>2703.844339</timestamp>
			</report>
			<report>
				<misses>7734001</misses>
				<total>15</total>
				<timestamp>2704.193992</timestamp>
			</report>
			<report>
				<misses>7735001</misses>
				<total>15</total>
				<timestamp>2704.543651</timestamp>
			</report>
			<report>
				<misses>7736001</misses>
				<total>15</total>
				<timestamp>2704.893312</timestamp>
			</report>
			<report>
				<misses>7737001</misses>
				<total>15</total>
				<timestamp>2705.242946</timestamp>
			</report>
			<report>
				<misses>7738001</misses>
				<total>15</total>
				<timestamp>2705.592583</timestamp>
			</report>
			<report>
				<misses>7739001</misses>
				<total>15</total>
				<timestamp>2705.942229</timestamp>
			</report>
			<report>
				<misses>7740001</misses>
				<total>15</total>
				<timestamp>2706.291894</timestamp>
			</report>
			<report>
				<misses>7741001</misses>
				<total>15</total>
				<timestamp>2706.641533</timestamp>
			</report>
			<report>
				<misses>7742001</misses>
				<total>15</total>
				<timestamp>2706.991183</timestamp>
			</report>
			<report>
				<misses>7743001</misses>
				<total>15</total>
				<timestamp>2707.340844</timestamp>
			</report>
			<report>
				<misses>7744001</misses>
				<total>15</total>
				<timestamp>2707.690491</timestamp>
			</report>
			<report>
				<misses>7745001</misses>
				<total>15</total>
				<timestamp>2708.040135</timestamp>
			</report>
			<report>
				<misses>7746001</misses>
				<total>15</total>
				<timestamp>2708.389805</timestamp>
			</report>
			<report>
				<misses>7747001</misses>
				<total>15</total>
				<timestamp>2708.739426</timestamp>
			</report>
			<report>
				<misses>7748001</misses>
				<total>15</total>
				<timestamp>2709.089086</timestamp>
			</report>
			<report>
				<misses>7749001</misses>
				<total>15</total>
				<timestamp>2709.438788</timestamp>
			</report>
			<report>
				<misses>7750001</misses>
				<total>15</total>
				<timestamp>2709.788378</timestamp>
			</report>
			<report>
				<misses>7751001</misses>
				<total>15</total>
				<timestamp>2710.138025</timestamp>
			</report>
			<report>
				<misses>7752001</misses>
				<total>15</total>
				<timestamp>2710.487717</timestamp>
			</report>
			<report>
				<misses>7753001</misses>
				<total>15</total>
				<timestamp>2710.837334</timestamp>
			</report>
			<report>
				<misses>7754001</misses>
				<total>15</total>
				<timestamp>2711.186990</timestamp>
			</report>
			<report>
				<misses>7755001</misses>
				<total>15</total>
				<timestamp>2711.536696</timestamp>
			</report>
			<report>
				<misses>7756001</misses>
				<total>15</total>
				<timestamp>2711.886285</timestamp>
			</report>
			<report>
				<misses>7757001</misses>
				<total>15</total>
				<timestamp>2712.235930</timestamp>
			</report>
			<report>
				<misses>7758001</misses>
				<total>15</total>
				<timestamp>2712.585631</timestamp>
			</report>
			<report>
				<misses>7759001</misses>
				<total>15</total>
				<timestamp>2712.935264</timestamp>
			</report>
			<report>
				<misses>7760001</misses>
				<total>15</total>
				<timestamp>2713.284892</timestamp>
			</report>
			<report>
				<misses>7761001</misses>
				<total>15</total>
				<timestamp>2713.634524</timestamp>
			</report>
			<report>
				<misses>7762001</misses>
				<total>15</total>
				<timestamp>2713.984194</timestamp>
			</report>
			<report>
				<misses>7763001</misses>
				<total>15</total>
				<timestamp>2714.333846</timestamp>
			</report>
			<report>
				<misses>7764001</misses>
				<total>15</total>
				<timestamp>2714.683469</timestamp>
			</report>
			<report>
				<misses>7765001</misses>
				<total>15</total>
				<timestamp>2715.033137</timestamp>
			</report>
			<report>
				<misses>7766001</misses>
				<total>15</total>
				<timestamp>2715.382792</timestamp>
			</report>
			<report>
				<misses>7767001</misses>
				<total>15</total>
				<timestamp>2715.732481</timestamp>
			</report>
			<report>
				<misses>7768001</misses>
				<total>15</total>
				<timestamp>2716.082094</timestamp>
			</report>
			<report>
				<misses>7769001</misses>
				<total>15</total>
				<timestamp>2716.431769</timestamp>
			</report>
			<report>
				<misses>7770001</misses>
				<total>15</total>
				<timestamp>2716.781376</timestamp>
			</report>
			<report>
				<misses>7771001</misses>
				<total>15</total>
				<timestamp>2717.131042</timestamp>
			</report>
			<report>
				<misses>7772001</misses>
				<total>15</total>
				<timestamp>2717.480682</timestamp>
			</report>
			<report>
				<misses>7773001</misses>
				<total>15</total>
				<timestamp>2717.830415</timestamp>
			</report>
			<report>
				<misses>7774001</misses>
				<total>15</total>
				<timestamp>2718.179978</timestamp>
			</report>
			<report>
				<misses>7775001</misses>
				<total>15</total>
				<timestamp>2718.529667</timestamp>
			</report>
			<report>
				<misses>7776001</misses>
				<total>15</total>
				<timestamp>2718.879322</timestamp>
			</report>
			<report>
				<misses>7777001</misses>
				<total>15</total>
				<timestamp>2719.228944</timestamp>
			</report>
			<report>
				<misses>7778001</misses>
				<total>15</total>
				<timestamp>2719.578618</timestamp>
			</report>
			<report>
				<misses>7779001</misses>
				<total>15</total>
				<timestamp>2719.928256</timestamp>
			</report>
			<report>
				<misses>7780001</misses>
				<total>15</total>
				<timestamp>2720.277887</timestamp>
			</report>
			<report>
				<misses>7781001</misses>
				<total>15</total>
				<timestamp>2720.627545</timestamp>
			</report>
			<report>
				<misses>7782001</misses>
				<total>15</total>
				<timestamp>2720.977212</timestamp>
			</report>
			<report>
				<misses>7783001</misses>
				<total>15</total>
				<timestamp>2721.326824</timestamp>
			</report>
			<report>
				<misses>7784001</misses>
				<total>15</total>
				<timestamp>2721.676531</timestamp>
			</report>
			<report>
				<misses>7785001</misses>
				<total>15</total>
				<timestamp>2722.026132</timestamp>
			</report>
			<report>
				<misses>7786001</misses>
				<total>15</total>
				<timestamp>2722.375805</timestamp>
			</report>
			<report>
				<misses>7787001</misses>
				<total>15</total>
				<timestamp>2722.725455</timestamp>
			</report>
			<report>
				<misses>7788001</misses>
				<total>15</total>
				<timestamp>2723.075108</timestamp>
			</report>
			<report>
				<misses>7789001</misses>
				<total>15</total>
				<timestamp>2723.424735</timestamp>
			</report>
			<report>
				<misses>7790001</misses>
				<total>15</total>
				<timestamp>2723.774383</timestamp>
			</report>
			<report>
				<misses>7791001</misses>
				<total>15</total>
				<timestamp>2724.124041</timestamp>
			</report>
			<report>
				<misses>7792001</misses>
				<total>15</total>
				<timestamp>2724.473720</timestamp>
			</report>
			<report>
				<misses>7793001</misses>
				<total>15</total>
				<timestamp>2724.823333</timestamp>
			</report>
			<report>
				<misses>7794001</misses>
				<total>15</total>
				<timestamp>2725.172988</timestamp>
			</report>
			<report>
				<misses>7795001</misses>
				<total>15</total>
				<timestamp>2725.522662</timestamp>
			</report>
			<report>
				<misses>7796001</misses>
				<total>15</total>
				<timestamp>2725.872275</timestamp>
			</report>
			<report>
				<misses>7797001</misses>
				<total>15</total>
				<timestamp>2726.221960</timestamp>
			</report>
			<report>
				<misses>7798001</misses>
				<total>15</total>
				<timestamp>2726.571608</timestamp>
			</report>
			<report>
				<misses>7799001</misses>
				<total>15</total>
				<timestamp>2726.921266</timestamp>
			</report>
			<report>
				<misses>7800001</misses>
				<total>15</total>
				<timestamp>2727.270875</timestamp>
			</report>
			<report>
				<misses>7801001</misses>
				<total>15</total>
				<timestamp>2727.620565</timestamp>
			</report>
			<report>
				<misses>7802001</misses>
				<total>15</total>
				<timestamp>2727.970193</timestamp>
			</report>
			<report>
				<misses>7803001</misses>
				<total>15</total>
				<timestamp>2728.319832</timestamp>
			</report>
			<report>
				<misses>7804001</misses>
				<total>15</total>
				<timestamp>2728.669495</timestamp>
			</report>
			<report>
				<misses>7805001</misses>
				<total>15</total>
				<timestamp>2729.019123</timestamp>
			</report>
			<report>
				<misses>7806001</misses>
				<total>15</total>
				<timestamp>2729.368784</timestamp>
			</report>
			<report>
				<misses>7807001</misses>
				<total>15</total>
				<timestamp>2729.718457</timestamp>
			</report>
			<report>
				<misses>7808001</misses>
				<total>15</total>
				<timestamp>2730.068079</timestamp>
			</report>
			<report>
				<misses>7809001</misses>
				<total>15</total>
				<timestamp>2730.417748</timestamp>
			</report>
			<report>
				<misses>7810001</misses>
				<total>15</total>
				<timestamp>2730.767385</timestamp>
			</report>
			<report>
				<misses>7811001</misses>
				<total>15</total>
				<timestamp>2731.117044</timestamp>
			</report>
			<report>
				<misses>7812001</misses>
				<total>15</total>
				<timestamp>2731.466683</timestamp>
			</report>
			<report>
				<misses>7813001</misses>
				<total>15</total>
				<timestamp>2731.816345</timestamp>
			</report>
			<report>
				<misses>7814001</misses>
				<total>15</total>
				<timestamp>2732.166005</timestamp>
			</report>
			<report>
				<misses>7815001</misses>
				<total>15</total>
				<timestamp>2732.515654</timestamp>
			</report>
			<report>
				<misses>7816001</misses>
				<total>15</total>
				<timestamp>2732.865289</timestamp>
			</report>
			<report>
				<misses>7817001</misses>
				<total>15</total>
				<timestamp>2733.214943</timestamp>
			</report>
			<report>
				<misses>7818001</misses>
				<total>15</total>
				<timestamp>2733.564618</timestamp>
			</report>
			<report>
				<misses>7819001</misses>
				<total>15</total>
				<timestamp>2733.914286</timestamp>
			</report>
			<report>
				<misses>7820001</misses>
				<total>15</total>
				<timestamp>2734.263889</timestamp>
			</report>
			<report>
				<misses>7821001</misses>
				<total>15</total>
				<timestamp>2734.613590</timestamp>
			</report>
			<report>
				<misses>7822001</misses>
				<total>15</total>
				<timestamp>2734.963179</timestamp>
			</report>
			<report>
				<misses>7823001</misses>
				<total>15</total>
				<timestamp>2735.312832</timestamp>
			</report>
			<report>
				<misses>7824001</misses>
				<total>15</total>
				<timestamp>2735.662517</timestamp>
			</report>
			<report>
				<misses>7825001</misses>
				<total>15</total>
				<timestamp>2736.012165</timestamp>
			</report>
			<report>
				<misses>7826001</misses>
				<total>15</total>
				<timestamp>2736.361780</timestamp>
			</report>
			<report>
				<misses>7827001</misses>
				<total>15</total>
				<timestamp>2736.711431</timestamp>
			</report>
			<report>
				<misses>7828001</misses>
				<total>15</total>
				<timestamp>2737.061092</timestamp>
			</report>
			<report>
				<misses>7829001</misses>
				<total>15</total>
				<timestamp>2737.410749</timestamp>
			</report>
			<report>
				<misses>7830001</misses>
				<total>15</total>
				<timestamp>2737.760384</timestamp>
			</report>
			<report>
				<misses>7831001</misses>
				<total>15</total>
				<timestamp>2738.110091</timestamp>
			</report>
			<report>
				<misses>7832001</misses>
				<total>15</total>
				<timestamp>2738.459763</timestamp>
			</report>
			<report>
				<misses>7833001</misses>
				<total>15</total>
				<timestamp>2738.809324</timestamp>
			</report>
			<report>
				<misses>7834001</misses>
				<total>15</total>
				<timestamp>2739.159006</timestamp>
			</report>
			<report>
				<misses>7835001</misses>
				<total>15</total>
				<timestamp>2739.508661</timestamp>
			</report>
			<report>
				<misses>7836001</misses>
				<total>15</total>
				<timestamp>2739.858281</timestamp>
			</report>
			<report>
				<misses>7837001</misses>
				<total>15</total>
				<timestamp>2740.207935</timestamp>
			</report>
			<report>
				<misses>7838001</misses>
				<total>15</total>
				<timestamp>2740.557629</timestamp>
			</report>
			<report>
				<misses>7839001</misses>
				<total>15</total>
				<timestamp>2740.907234</timestamp>
			</report>
			<report>
				<misses>7840001</misses>
				<total>15</total>
				<timestamp>2741.256918</timestamp>
			</report>
			<report>
				<misses>7841001</misses>
				<total>15</total>
				<timestamp>2741.606537</timestamp>
			</report>
			<report>
				<misses>7842001</misses>
				<total>15</total>
				<timestamp>2741.956177</timestamp>
			</report>
			<report>
				<misses>7843001</misses>
				<total>15</total>
				<timestamp>2742.305847</timestamp>
			</report>
			<report>
				<misses>7844001</misses>
				<total>15</total>
				<timestamp>2742.655510</timestamp>
			</report>
			<report>
				<misses>7845001</misses>
				<total>15</total>
				<timestamp>2743.005135</timestamp>
			</report>
			<report>
				<misses>7846001</misses>
				<total>15</total>
				<timestamp>2743.354779</timestamp>
			</report>
			<report>
				<misses>7847001</misses>
				<total>15</total>
				<timestamp>2743.704440</timestamp>
			</report>
			<report>
				<misses>7848001</misses>
				<total>15</total>
				<timestamp>2744.054102</timestamp>
			</report>
			<report>
				<misses>7849001</misses>
				<total>15</total>
				<timestamp>2744.403732</timestamp>
			</report>
			<report>
				<misses>7850001</misses>
				<total>15</total>
				<timestamp>2744.753384</timestamp>
			</report>
			<report>
				<misses>7851001</misses>
				<total>15</total>
				<timestamp>2745.103065</timestamp>
			</report>
			<report>
				<misses>7852001</misses>
				<total>15</total>
				<timestamp>2745.452687</timestamp>
			</report>
			<report>
				<misses>7853001</misses>
				<total>15</total>
				<timestamp>2745.802341</timestamp>
			</report>
			<report>
				<misses>7854001</misses>
				<total>15</total>
				<timestamp>2746.151978</timestamp>
			</report>
			<report>
				<misses>7855001</misses>
				<total>15</total>
				<timestamp>2746.501635</timestamp>
			</report>
			<report>
				<misses>7856001</misses>
				<total>15</total>
				<timestamp>2746.851270</timestamp>
			</report>
			<report>
				<misses>7857001</misses>
				<total>15</total>
				<timestamp>2747.200961</timestamp>
			</report>
			<report>
				<misses>7858001</misses>
				<total>15</total>
				<timestamp>2747.550628</timestamp>
			</report>
			<report>
				<misses>7859001</misses>
				<total>15</total>
				<timestamp>2747.900270</timestamp>
			</report>
			<report>
				<misses>7860001</misses>
				<total>15</total>
				<timestamp>2748.249901</timestamp>
			</report>
			<report>
				<misses>7861001</misses>
				<total>15</total>
				<timestamp>2748.599548</timestamp>
			</report>
			<report>
				<misses>7862001</misses>
				<total>15</total>
				<timestamp>2748.949214</timestamp>
			</report>
			<report>
				<misses>7863001</misses>
				<total>15</total>
				<timestamp>2749.298832</timestamp>
			</report>
			<report>
				<misses>7864001</misses>
				<total>15</total>
				<timestamp>2749.648517</timestamp>
			</report>
			<report>
				<misses>7865001</misses>
				<total>15</total>
				<timestamp>2749.998130</timestamp>
			</report>
			<report>
				<misses>7866001</misses>
				<total>15</total>
				<timestamp>2750.347790</timestamp>
			</report>
			<report>
				<misses>7867001</misses>
				<total>15</total>
				<timestamp>2750.697474</timestamp>
			</report>
			<report>
				<misses>7868001</misses>
				<total>15</total>
				<timestamp>2751.047129</timestamp>
			</report>
			<report>
				<misses>7869001</misses>
				<total>15</total>
				<timestamp>2751.396747</timestamp>
			</report>
			<report>
				<misses>7870001</misses>
				<total>15</total>
				<timestamp>2751.746449</timestamp>
			</report>
			<report>
				<misses>7871001</misses>
				<total>15</total>
				<timestamp>2752.096036</timestamp>
			</report>
			<report>
				<misses>7872001</misses>
				<total>15</total>
				<timestamp>2752.445683</timestamp>
			</report>
			<report>
				<misses>7873001</misses>
				<total>15</total>
				<timestamp>2752.795360</timestamp>
			</report>
			<report>
				<misses>7874001</misses>
				<total>15</total>
				<timestamp>2753.144973</timestamp>
			</report>
			<report>
				<misses>7875001</misses>
				<total>15</total>
				<timestamp>2753.494685</timestamp>
			</report>
			<report>
				<misses>7876001</misses>
				<total>15</total>
				<timestamp>2753.844283</timestamp>
			</report>
			<report>
				<misses>7877001</misses>
				<total>15</total>
				<timestamp>2754.193943</timestamp>
			</report>
			<report>
				<misses>7878001</misses>
				<total>15</total>
				<timestamp>2754.543596</timestamp>
			</report>
			<report>
				<misses>7879001</misses>
				<total>15</total>
				<timestamp>2754.893250</timestamp>
			</report>
			<report>
				<misses>7880001</misses>
				<total>15</total>
				<timestamp>2755.242883</timestamp>
			</report>
			<report>
				<misses>7881001</misses>
				<total>15</total>
				<timestamp>2755.592596</timestamp>
			</report>
			<report>
				<misses>7882001</misses>
				<total>15</total>
				<timestamp>2755.942182</timestamp>
			</report>
			<report>
				<misses>7883001</misses>
				<total>15</total>
				<timestamp>2756.291820</timestamp>
			</report>
			<report>
				<misses>7884001</misses>
				<total>15</total>
				<timestamp>2756.641515</timestamp>
			</report>
			<report>
				<misses>7885001</misses>
				<total>15</total>
				<timestamp>2756.991117</timestamp>
			</report>
			<report>
				<misses>7886001</misses>
				<total>15</total>
				<timestamp>2757.340803</timestamp>
			</report>
			<report>
				<misses>7887001</misses>
				<total>15</total>
				<timestamp>2757.690432</timestamp>
			</report>
			<report>
				<misses>7888001</misses>
				<total>15</total>
				<timestamp>2758.040108</timestamp>
			</report>
			<report>
				<misses>7889001</misses>
				<total>15</total>
				<timestamp>2758.389757</timestamp>
			</report>
			<report>
				<misses>7890001</misses>
				<total>15</total>
				<timestamp>2758.739382</timestamp>
			</report>
			<report>
				<misses>7891001</misses>
				<total>15</total>
				<timestamp>2759.089030</timestamp>
			</report>
			<report>
				<misses>7892001</misses>
				<total>15</total>
				<timestamp>2759.438684</timestamp>
			</report>
			<report>
				<misses>7893001</misses>
				<total>15</total>
				<timestamp>2759.788365</timestamp>
			</report>
			<report>
				<misses>7894001</misses>
				<total>15</total>
				<timestamp>2760.137996</timestamp>
			</report>
			<report>
				<misses>7895001</misses>
				<total>15</total>
				<timestamp>2760.487637</timestamp>
			</report>
			<report>
				<misses>7896001</misses>
				<total>15</total>
				<timestamp>2760.837281</timestamp>
			</report>
			<report>
				<misses>7897001</misses>
				<total>15</total>
				<timestamp>2761.186943</timestamp>
			</report>
			<report>
				<misses>7898001</misses>
				<total>15</total>
				<timestamp>2761.536599</timestamp>
			</report>
			<report>
				<misses>7899001</misses>
				<total>15</total>
				<timestamp>2761.886266</timestamp>
			</report>
			<report>
				<misses>7900001</misses>
				<total>15</total>
				<timestamp>2762.235893</timestamp>
			</report>
			<report>
				<misses>7901001</misses>
				<total>15</total>
				<timestamp>2762.585555</timestamp>
			</report>
			<report>
				<misses>7902001</misses>
				<total>15</total>
				<timestamp>2762.935222</timestamp>
			</report>
			<report>
				<misses>7903001</misses>
				<total>15</total>
				<timestamp>2763.284861</timestamp>
			</report>
			<report>
				<misses>7904001</misses>
				<total>15</total>
				<timestamp>2763.634491</timestamp>
			</report>
			<report>
				<misses>7905001</misses>
				<total>15</total>
				<timestamp>2763.984155</timestamp>
			</report>
			<report>
				<misses>7906001</misses>
				<total>15</total>
				<timestamp>2764.333791</timestamp>
			</report>
			<report>
				<misses>7907001</misses>
				<total>15</total>
				<timestamp>2764.683468</timestamp>
			</report>
			<report>
				<misses>7908001</misses>
				<total>15</total>
				<timestamp>2765.033119</timestamp>
			</report>
			<report>
				<misses>7909001</misses>
				<total>15</total>
				<timestamp>2765.382740</timestamp>
			</report>
			<report>
				<misses>7910001</misses>
				<total>15</total>
				<timestamp>2765.732410</timestamp>
			</report>
			<report>
				<misses>7911001</misses>
				<total>15</total>
				<timestamp>2766.082061</timestamp>
			</report>
			<report>
				<misses>7912001</misses>
				<total>15</total>
				<timestamp>2766.431723</timestamp>
			</report>
			<report>
				<misses>7913001</misses>
				<total>15</total>
				<timestamp>2766.781381</timestamp>
			</report>
			<report>
				<misses>7914001</misses>
				<total>15</total>
				<timestamp>2767.130994</timestamp>
			</report>
			<report>
				<misses>7915001</misses>
				<total>15</total>
				<timestamp>2767.480626</timestamp>
			</report>
			<report>
				<misses>7916001</misses>
				<total>15</total>
				<timestamp>2767.830316</timestamp>
			</report>
			<report>
				<misses>7917001</misses>
				<total>15</total>
				<timestamp>2768.179932</timestamp>
			</report>
			<report>
				<misses>7918001</misses>
				<total>15</total>
				<timestamp>2768.529579</timestamp>
			</report>
			<report>
				<misses>7919001</misses>
				<total>15</total>
				<timestamp>2768.879258</timestamp>
			</report>
			<report>
				<misses>7920001</misses>
				<total>15</total>
				<timestamp>2769.228912</timestamp>
			</report>
			<report>
				<misses>7921001</misses>
				<total>15</total>
				<timestamp>2769.578538</timestamp>
			</report>
			<report>
				<misses>7922001</misses>
				<total>15</total>
				<timestamp>2769.928174</timestamp>
			</report>
			<report>
				<misses>7923001</misses>
				<total>15</total>
				<timestamp>2770.277846</timestamp>
			</report>
			<report>
				<misses>7924001</misses>
				<total>15</total>
				<timestamp>2770.627493</timestamp>
			</report>
			<report>
				<misses>7925001</misses>
				<total>15</total>
				<timestamp>2770.977127</timestamp>
			</report>
			<report>
				<misses>7926001</misses>
				<total>15</total>
				<timestamp>2771.326796</timestamp>
			</report>
			<report>
				<misses>7927001</misses>
				<total>15</total>
				<timestamp>2771.676504</timestamp>
			</report>
			<report>
				<misses>7928001</misses>
				<total>15</total>
				<timestamp>2772.026146</timestamp>
			</report>
			<report>
				<misses>7929001</misses>
				<total>15</total>
				<timestamp>2772.375750</timestamp>
			</report>
			<report>
				<misses>7930001</misses>
				<total>15</total>
				<timestamp>2772.725413</timestamp>
			</report>
			<report>
				<misses>7931001</misses>
				<total>15</total>
				<timestamp>2773.075034</timestamp>
			</report>
			<report>
				<misses>7932001</misses>
				<total>15</total>
				<timestamp>2773.424682</timestamp>
			</report>
			<report>
				<misses>7933001</misses>
				<total>15</total>
				<timestamp>2773.774331</timestamp>
			</report>
			<report>
				<misses>7934001</misses>
				<total>15</total>
				<timestamp>2774.123989</timestamp>
			</report>
			<report>
				<misses>7935001</misses>
				<total>15</total>
				<timestamp>2774.473641</timestamp>
			</report>
			<report>
				<misses>7936001</misses>
				<total>15</total>
				<timestamp>2774.823329</timestamp>
			</report>
			<report>
				<misses>7937001</misses>
				<total>15</total>
				<timestamp>2775.172935</timestamp>
			</report>
			<report>
				<misses>7938001</misses>
				<total>15</total>
				<timestamp>2775.522582</timestamp>
			</report>
			<report>
				<misses>7939001</misses>
				<total>15</total>
				<timestamp>2775.872249</timestamp>
			</report>
			<report>
				<misses>7940001</misses>
				<total>15</total>
				<timestamp>2776.221903</timestamp>
			</report>
			<report>
				<misses>7941001</misses>
				<total>15</total>
				<timestamp>2776.571540</timestamp>
			</report>
			<report>
				<misses>7942001</misses>
				<total>15</total>
				<timestamp>2776.921175</timestamp>
			</report>
			<report>
				<misses>7943001</misses>
				<total>15</total>
				<timestamp>2777.270834</timestamp>
			</report>
			<report>
				<misses>7944001</misses>
				<total>15</total>
				<timestamp>2777.620487</timestamp>
			</report>
			<report>
				<misses>7945001</misses>
				<total>15</total>
				<timestamp>2777.970152</timestamp>
			</report>
			<report>
				<misses>7946001</misses>
				<total>15</total>
				<timestamp>2778.319795</timestamp>
			</report>
			<report>
				<misses>7947001</misses>
				<total>15</total>
				<timestamp>2778.669437</timestamp>
			</report>
			<report>
				<misses>7948001</misses>
				<total>15</total>
				<timestamp>2779.019103</timestamp>
			</report>
			<report>
				<misses>7949001</misses>
				<total>15</total>
				<timestamp>2779.368759</timestamp>
			</report>
			<report>
				<misses>7950001</misses>
				<total>15</total>
				<timestamp>2779.718401</timestamp>
			</report>
			<report>
				<misses>7951001</misses>
				<total>15</total>
				<timestamp>2780.068051</timestamp>
			</report>
			<report>
				<misses>7952001</misses>
				<total>15</total>
				<timestamp>2780.417712</timestamp>
			</report>
			<report>
				<misses>7953001</misses>
				<total>15</total>
				<timestamp>2780.767351</timestamp>
			</report>
			<report>
				<misses>7954001</misses>
				<total>15</total>
				<timestamp>2781.117002</timestamp>
			</report>
			<report>
				<misses>7955001</misses>
				<total>15</total>
				<timestamp>2781.466636</timestamp>
			</report>
			<report>
				<misses>7956001</misses>
				<total>15</total>
				<timestamp>2781.816296</timestamp>
			</report>
			<report>
				<misses>7957001</misses>
				<total>15</total>
				<timestamp>2782.165920</timestamp>
			</report>
			<report>
				<misses>7958001</misses>
				<total>15</total>
				<timestamp>2782.515600</timestamp>
			</report>
			<report>
				<misses>7959001</misses>
				<total>15</total>
				<timestamp>2782.865280</timestamp>
			</report>
			<report>
				<misses>7960001</misses>
				<total>15</total>
				<timestamp>2783.214891</timestamp>
			</report>
			<report>
				<misses>7961001</misses>
				<total>15</total>
				<timestamp>2783.564534</timestamp>
			</report>
			<report>
				<misses>7962001</misses>
				<total>15</total>
				<timestamp>2783.914227</timestamp>
			</report>
			<report>
				<misses>7963001</misses>
				<total>15</total>
				<timestamp>2784.263852</timestamp>
			</report>
			<report>
				<misses>7964001</misses>
				<total>15</total>
				<timestamp>2784.613511</timestamp>
			</report>
			<report>
				<misses>7965001</misses>
				<total>15</total>
				<timestamp>2784.963143</timestamp>
			</report>
			<report>
				<misses>7966001</misses>
				<total>15</total>
				<timestamp>2785.312785</timestamp>
			</report>
			<report>
				<misses>7967001</misses>
				<total>15</total>
				<timestamp>2785.662427</timestamp>
			</report>
			<report>
				<misses>7968001</misses>
				<total>15</total>
				<timestamp>2786.012111</timestamp>
			</report>
			<report>
				<misses>7969001</misses>
				<total>15</total>
				<timestamp>2786.361765</timestamp>
			</report>
			<report>
				<misses>7970001</misses>
				<total>15</total>
				<timestamp>2786.711390</timestamp>
			</report>
			<report>
				<misses>7971001</misses>
				<total>15</total>
				<timestamp>2787.061039</timestamp>
			</report>
			<report>
				<misses>7972001</misses>
				<total>15</total>
				<timestamp>2787.410701</timestamp>
			</report>
			<report>
				<misses>7973001</misses>
				<total>15</total>
				<timestamp>2787.760374</timestamp>
			</report>
			<report>
				<misses>7974001</misses>
				<total>15</total>
				<timestamp>2788.109986</timestamp>
			</report>
			<report>
				<misses>7975001</misses>
				<total>15</total>
				<timestamp>2788.459674</timestamp>
			</report>
			<report>
				<misses>7976001</misses>
				<total>15</total>
				<timestamp>2788.809301</timestamp>
			</report>
			<report>
				<misses>7977001</misses>
				<total>15</total>
				<timestamp>2789.158944</timestamp>
			</report>
			<report>
				<misses>7978001</misses>
				<total>15</total>
				<timestamp>2789.508611</timestamp>
			</report>
			<report>
				<misses>7979001</misses>
				<total>15</total>
				<timestamp>2789.858238</timestamp>
			</report>
			<report>
				<misses>7980001</misses>
				<total>15</total>
				<timestamp>2790.207887</timestamp>
			</report>
			<report>
				<misses>7981001</misses>
				<total>15</total>
				<timestamp>2790.557585</timestamp>
			</report>
			<report>
				<misses>7982001</misses>
				<total>15</total>
				<timestamp>2790.907205</timestamp>
			</report>
			<report>
				<misses>7983001</misses>
				<total>15</total>
				<timestamp>2791.256847</timestamp>
			</report>
			<report>
				<misses>7984001</misses>
				<total>15</total>
				<timestamp>2791.606497</timestamp>
			</report>
			<report>
				<misses>7985001</misses>
				<total>15</total>
				<timestamp>2791.956161</timestamp>
			</report>
			<report>
				<misses>7986001</misses>
				<total>15</total>
				<timestamp>2792.305789</timestamp>
			</report>
			<report>
				<misses>7987001</misses>
				<total>15</total>
				<timestamp>2792.655459</timestamp>
			</report>
			<report>
				<misses>7988001</misses>
				<total>15</total>
				<timestamp>2793.005118</timestamp>
			</report>
			<report>
				<misses>7989001</misses>
				<total>15</total>
				<timestamp>2793.354733</timestamp>
			</report>
			<report>
				<misses>7990001</misses>
				<total>15</total>
				<timestamp>2793.704397</timestamp>
			</report>
			<report>
				<misses>7991001</misses>
				<total>15</total>
				<timestamp>2794.054038</timestamp>
			</report>
			<report>
				<misses>7992001</misses>
				<total>15</total>
				<timestamp>2794.403688</timestamp>
			</report>
			<report>
				<misses>7993001</misses>
				<total>15</total>
				<timestamp>2794.753359</timestamp>
			</report>
			<report>
				<misses>7994001</misses>
				<total>15</total>
				<timestamp>2795.102979</timestamp>
			</report>
			<report>
				<misses>7995001</misses>
				<total>15</total>
				<timestamp>2795.452671</timestamp>
			</report>
			<report>
				<misses>7996001</misses>
				<total>15</total>
				<timestamp>2795.802297</timestamp>
			</report>
			<report>
				<misses>7997001</misses>
				<total>15</total>
				<timestamp>2796.151928</timestamp>
			</report>
			<report>
				<misses>7998001</misses>
				<total>15</total>
				<timestamp>2796.501586</timestamp>
			</report>
			<report>
				<misses>7999001</misses>
				<total>15</total>
				<timestamp>2796.851250</timestamp>
			</report>
			<report>
				<misses>8000001</misses>
				<total>15</total>
				<timestamp>2797.200900</timestamp>
			</report>
			<report>
				<misses>8001001</misses>
				<total>15</total>
				<timestamp>2797.550530</timestamp>
			</report>
			<report>
				<misses>8002001</misses>
				<total>15</total>
				<timestamp>2797.900233</timestamp>
			</report>
			<report>
				<misses>8003001</misses>
				<total>15</total>
				<timestamp>2798.249851</timestamp>
			</report>
			<report>
				<misses>8004001</misses>
				<total>15</total>
				<timestamp>2798.599487</timestamp>
			</report>
			<report>
				<misses>8005001</misses>
				<total>15</total>
				<timestamp>2798.949174</timestamp>
			</report>
			<report>
				<misses>8006001</misses>
				<total>15</total>
				<timestamp>2799.298779</timestamp>
			</report>
			<report>
				<misses>8007001</misses>
				<total>15</total>
				<timestamp>2799.648445</timestamp>
			</report>
			<report>
				<misses>8008001</misses>
				<total>15</total>
				<timestamp>2799.998109</timestamp>
			</report>
			<report>
				<misses>8009001</misses>
				<total>15</total>
				<timestamp>2800.347731</timestamp>
			</report>
			<report>
				<misses>8010001</misses>
				<total>15</total>
				<timestamp>2800.697416</timestamp>
			</report>
			<report>
				<misses>8011001</misses>
				<total>15</total>
				<timestamp>2801.047046</timestamp>
			</report>
			<report>
				<misses>8012001</misses>
				<total>15</total>
				<timestamp>2801.396751</timestamp>
			</report>
			<report>
				<misses>8013001</misses>
				<total>15</total>
				<timestamp>2801.746344</timestamp>
			</report>
			<report>
				<misses>8014001</misses>
				<total>15</total>
				<timestamp>2802.096003</timestamp>
			</report>
			<report>
				<misses>8015001</misses>
				<total>15</total>
				<timestamp>2802.445626</timestamp>
			</report>
			<report>
				<misses>8016001</misses>
				<total>15</total>
				<timestamp>2802.795285</timestamp>
			</report>
			<report>
				<misses>8017001</misses>
				<total>15</total>
				<timestamp>2803.144969</timestamp>
			</report>
			<report>
				<misses>8018001</misses>
				<total>15</total>
				<timestamp>2803.494585</timestamp>
			</report>
			<report>
				<misses>8019001</misses>
				<total>15</total>
				<timestamp>2803.844250</timestamp>
			</report>
			<report>
				<misses>8020001</misses>
				<total>15</total>
				<timestamp>2804.193887</timestamp>
			</report>
			<report>
				<misses>8021001</misses>
				<total>15</total>
				<timestamp>2804.543547</timestamp>
			</report>
			<report>
				<misses>8022001</misses>
				<total>15</total>
				<timestamp>2804.893196</timestamp>
			</report>
			<report>
				<misses>8023001</misses>
				<total>15</total>
				<timestamp>2805.242822</timestamp>
			</report>
			<report>
				<misses>8024001</misses>
				<total>15</total>
				<timestamp>2805.592496</timestamp>
			</report>
			<report>
				<misses>8025001</misses>
				<total>15</total>
				<timestamp>2805.942117</timestamp>
			</report>
			<report>
				<misses>8026001</misses>
				<total>15</total>
				<timestamp>2806.291813</timestamp>
			</report>
			<report>
				<misses>8027001</misses>
				<total>15</total>
				<timestamp>2806.641444</timestamp>
			</report>
			<report>
				<misses>8028001</misses>
				<total>15</total>
				<timestamp>2806.991101</timestamp>
			</report>
			<report>
				<misses>8029001</misses>
				<total>15</total>
				<timestamp>2807.340742</timestamp>
			</report>
			<report>
				<misses>8030001</misses>
				<total>15</total>
				<timestamp>2807.690437</timestamp>
			</report>
			<report>
				<misses>8031001</misses>
				<total>15</total>
				<timestamp>2808.040068</timestamp>
			</report>
			<report>
				<misses>8032001</misses>
				<total>15</total>
				<timestamp>2808.389685</timestamp>
			</report>
			<report>
				<misses>8033001</misses>
				<total>15</total>
				<timestamp>2808.739379</timestamp>
			</report>
			<report>
				<misses>8034001</misses>
				<total>15</total>
				<timestamp>2809.089008</timestamp>
			</report>
			<report>
				<misses>8035001</misses>
				<total>15</total>
				<timestamp>2809.438634</timestamp>
			</report>
			<report>
				<misses>8036001</misses>
				<total>15</total>
				<timestamp>2809.788284</timestamp>
			</report>
			<report>
				<misses>8037001</misses>
				<total>15</total>
				<timestamp>2810.137995</timestamp>
			</report>
			<report>
				<misses>8038001</misses>
				<total>15</total>
				<timestamp>2810.487610</timestamp>
			</report>
			<report>
				<misses>8039001</misses>
				<total>15</total>
				<timestamp>2810.837271</timestamp>
			</report>
			<report>
				<misses>8040001</misses>
				<total>15</total>
				<timestamp>2811.186886</timestamp>
			</report>
			<report>
				<misses>8041001</misses>
				<total>15</total>
				<timestamp>2811.536533</timestamp>
			</report>
			<report>
				<misses>8042001</misses>
				<total>15</total>
				<timestamp>2811.886191</timestamp>
			</report>
			<report>
				<misses>8043001</misses>
				<total>15</total>
				<timestamp>2812.235842</timestamp>
			</report>
			<report>
				<misses>8044001</misses>
				<total>15</total>
				<timestamp>2812.585496</timestamp>
			</report>
			<report>
				<misses>8045001</misses>
				<total>15</total>
				<timestamp>2812.935164</timestamp>
			</report>
			<report>
				<misses>8046001</misses>
				<total>15</total>
				<timestamp>2813.284802</timestamp>
			</report>
			<report>
				<misses>8047001</misses>
				<total>15</total>
				<timestamp>2813.634472</timestamp>
			</report>
			<report>
				<misses>8048001</misses>
				<total>15</total>
				<timestamp>2813.984108</timestamp>
			</report>
			<report>
				<misses>8049001</misses>
				<total>15</total>
				<timestamp>2814.333736</timestamp>
			</report>
			<report>
				<misses>8050001</misses>
				<total>15</total>
				<timestamp>2814.683414</timestamp>
			</report>
			<report>
				<misses>8051001</misses>
				<total>15</total>
				<timestamp>2815.033046</timestamp>
			</report>
			<report>
				<misses>8052001</misses>
				<total>15</total>
				<timestamp>2815.382703</timestamp>
			</report>
			<report>
				<misses>8053001</misses>
				<total>15</total>
				<timestamp>2815.732326</timestamp>
			</report>
			<report>
				<misses>8054001</misses>
				<total>15</total>
				<timestamp>2816.082049</timestamp>
			</report>
			<report>
				<misses>8055001</misses>
				<total>15</total>
				<timestamp>2816.431649</timestamp>
			</report>
			<report>
				<misses>8056001</misses>
				<total>15</total>
				<timestamp>2816.781295</timestamp>
			</report>
			<report>
				<misses>8057001</misses>
				<total>15</total>
				<timestamp>2817.130954</timestamp>
			</report>
			<report>
				<misses>8058001</misses>
				<total>15</total>
				<timestamp>2817.480594</timestamp>
			</report>
			<report>
				<misses>8059001</misses>
				<total>15</total>
				<timestamp>2817.830245</timestamp>
			</report>
			<report>
				<misses>8060001</misses>
				<total>15</total>
				<timestamp>2818.179904</timestamp>
			</report>
			<report>
				<misses>8061001</misses>
				<total>15</total>
				<timestamp>2818.529532</timestamp>
			</report>
			<report>
				<misses>8062001</misses>
				<total>15</total>
				<timestamp>2818.879184</timestamp>
			</report>
			<report>
				<misses>8063001</misses>
				<total>15</total>
				<timestamp>2819.228880</timestamp>
			</report>
			<report>
				<misses>8064001</misses>
				<total>15</total>
				<timestamp>2819.578498</timestamp>
			</report>
			<report>
				<misses>8065001</misses>
				<total>15</total>
				<timestamp>2819.928163</timestamp>
			</report>
			<report>
				<misses>8066001</misses>
				<total>15</total>
				<timestamp>2820.277793</timestamp>
			</report>
			<report>
				<misses>8067001</misses>
				<total>15</total>
				<timestamp>2820.627444</timestamp>
			</report>
			<report>
				<misses>8068001</misses>
				<total>15</total>
				<timestamp>2820.977148</timestamp>
			</report>
			<report>
				<misses>8069001</misses>
				<total>15</total>
				<timestamp>2821.326737</timestamp>
			</report>
			<report>
				<misses>8070001</misses>
				<total>15</total>
				<timestamp>2821.676393</timestamp>
			</report>
			<report>
				<misses>8071001</misses>
				<total>15</total>
				<timestamp>2822.026070</timestamp>
			</report>
			<report>
				<misses>8072001</misses>
				<total>15</total>
				<timestamp>2822.375701</timestamp>
			</report>
			<report>
				<misses>8073001</misses>
				<total>15</total>
				<timestamp>2822.725348</timestamp>
			</report>
			<report>
				<misses>8074001</misses>
				<total>15</total>
				<timestamp>2823.075025</timestamp>
			</report>
			<report>
				<misses>8075001</misses>
				<total>15</total>
				<timestamp>2823.424631</timestamp>
			</report>
			<report>
				<misses>8076001</misses>
				<total>15</total>
				<timestamp>2823.774292</timestamp>
			</report>
			<report>
				<misses>8077001</misses>
				<total>15</total>
				<timestamp>2824.123981</timestamp>
			</report>
			<report>
				<misses>8078001</misses>
				<total>15</total>
				<timestamp>2824.473578</timestamp>
			</report>
			<report>
				<misses>8079001</misses>
				<total>15</total>
				<timestamp>2824.823230</timestamp>
			</report>
			<report>
				<misses>8080001</misses>
				<total>15</total>
				<timestamp>2825.172904</timestamp>
			</report>
			<report>
				<misses>8081001</misses>
				<total>15</total>
				<timestamp>2825.522533</timestamp>
			</report>
			<report>
				<misses>8082001</misses>
				<total>15</total>
				<timestamp>2825.872219</timestamp>
			</report>
			<report>
				<misses>8083001</misses>
				<total>15</total>
				<timestamp>2826.221840</timestamp>
			</report>
			<report>
				<misses>8084001</misses>
				<total>15</total>
				<timestamp>2826.571488</timestamp>
			</report>
			<report>
				<misses>8085001</misses>
				<total>15</total>
				<timestamp>2826.921146</timestamp>
			</report>
			<report>
				<misses>8086001</misses>
				<total>15</total>
				<timestamp>2827.270791</timestamp>
			</report>
			<report>
				<misses>8087001</misses>
				<total>15</total>
				<timestamp>2827.620438</timestamp>
			</report>
			<report>
				<misses>8088001</misses>
				<total>15</total>
				<timestamp>2827.970137</timestamp>
			</report>
			<report>
				<misses>8089001</misses>
				<total>15</total>
				<timestamp>2828.319734</timestamp>
			</report>
			<report>
				<misses>8090001</misses>
				<total>15</total>
				<timestamp>2828.669376</timestamp>
			</report>
			<report>
				<misses>8091001</misses>
				<total>15</total>
				<timestamp>2829.019081</timestamp>
			</report>
			<report>
				<misses>8092001</misses>
				<total>15</total>
				<timestamp>2829.368685</timestamp>
			</report>
			<report>
				<misses>8093001</misses>
				<total>15</total>
				<timestamp>2829.718350</timestamp>
			</report>
			<report>
				<misses>8094001</misses>
				<total>15</total>
				<timestamp>2830.067976</timestamp>
			</report>
			<report>
				<misses>8095001</misses>
				<total>15</total>
				<timestamp>2830.417633</timestamp>
			</report>
			<report>
				<misses>8096001</misses>
				<total>15</total>
				<timestamp>2830.767299</timestamp>
			</report>
			<report>
				<misses>8097001</misses>
				<total>15</total>
				<timestamp>2831.116946</timestamp>
			</report>
			<report>
				<misses>8098001</misses>
				<total>15</total>
				<timestamp>2831.466574</timestamp>
			</report>
			<report>
				<misses>8099001</misses>
				<total>15</total>
				<timestamp>2831.816252</timestamp>
			</report>
			<report>
				<misses>8100001</misses>
				<total>15</total>
				<timestamp>2832.165950</timestamp>
			</report>
			<report>
				<misses>8101001</misses>
				<total>15</total>
				<timestamp>2832.515532</timestamp>
			</report>
			<report>
				<misses>8102001</misses>
				<total>15</total>
				<timestamp>2832.865234</timestamp>
			</report>
			<report>
				<misses>8103001</misses>
				<total>15</total>
				<timestamp>2833.214834</timestamp>
			</report>
			<report>
				<misses>8104001</misses>
				<total>15</total>
				<timestamp>2833.564466</timestamp>
			</report>
			<report>
				<misses>8105001</misses>
				<total>15</total>
				<timestamp>2833.914148</timestamp>
			</report>
			<report>
				<misses>8106001</misses>
				<total>15</total>
				<timestamp>2834.263824</timestamp>
			</report>
			<report>
				<misses>8107001</misses>
				<total>15</total>
				<timestamp>2834.613440</timestamp>
			</report>
			<report>
				<misses>8108001</misses>
				<total>15</total>
				<timestamp>2834.963144</timestamp>
			</report>
			<report>
				<misses>8109001</misses>
				<total>15</total>
				<timestamp>2835.312724</timestamp>
			</report>
			<report>
				<misses>8110001</misses>
				<total>15</total>
				<timestamp>2835.662370</timestamp>
			</report>
			<report>
				<misses>8111001</misses>
				<total>15</total>
				<timestamp>2836.012051</timestamp>
			</report>
			<report>
				<misses>8112001</misses>
				<total>15</total>
				<timestamp>2836.361702</timestamp>
			</report>
			<report>
				<misses>8113001</misses>
				<total>15</total>
				<timestamp>2836.711367</timestamp>
			</report>
			<report>
				<misses>8114001</misses>
				<total>15</total>
				<timestamp>2837.061025</timestamp>
			</report>
			<report>
				<misses>8115001</misses>
				<total>15</total>
				<timestamp>2837.410655</timestamp>
			</report>
			<report>
				<misses>8116001</misses>
				<total>15</total>
				<timestamp>2837.760281</timestamp>
			</report>
			<report>
				<misses>8117001</misses>
				<total>15</total>
				<timestamp>2838.109969</timestamp>
			</report>
			<report>
				<misses>8118001</misses>
				<total>15</total>
				<timestamp>2838.459585</timestamp>
			</report>
			<report>
				<misses>8119001</misses>
				<total>15</total>
				<timestamp>2838.809241</timestamp>
			</report>
			<report>
				<misses>8120001</misses>
				<total>15</total>
				<timestamp>2839.158903</timestamp>
			</report>
			<report>
				<misses>8121001</misses>
				<total>15</total>
				<timestamp>2839.508537</timestamp>
			</report>
			<report>
				<misses>8122001</misses>
				<total>15</total>
				<timestamp>2839.858185</timestamp>
			</report>
			<report>
				<misses>8123001</misses>
				<total>15</total>
				<timestamp>2840.207848</timestamp>
			</report>
			<report>
				<misses>8124001</misses>
				<total>15</total>
				<timestamp>2840.557483</timestamp>
			</report>
			<report>
				<misses>8125001</misses>
				<total>15</total>
				<timestamp>2840.907171</timestamp>
			</report>
			<report>
				<misses>8126001</misses>
				<total>15</total>
				<timestamp>2841.256784</timestamp>
			</report>
			<report>
				<misses>8127001</misses>
				<total>15</total>
				<timestamp>2841.606422</timestamp>
			</report>
			<report>
				<misses>8128001</misses>
				<total>15</total>
				<timestamp>2841.956113</timestamp>
			</report>
			<report>
				<misses>8129001</misses>
				<total>15</total>
				<timestamp>2842.305723</timestamp>
			</report>
			<report>
				<misses>8130001</misses>
				<total>15</total>
				<timestamp>2842.655393</timestamp>
			</report>
			<report>
				<misses>8131001</misses>
				<total>15</total>
				<timestamp>2843.005039</timestamp>
			</report>
			<report>
				<misses>8132001</misses>
				<total>15</total>
				<timestamp>2843.354674</timestamp>
			</report>
			<report>
				<misses>8133001</misses>
				<total>16</total>
				<timestamp>2843.704366</timestamp>
			</report>
			<report>
				<misses>8134001</misses>
				<total>16</total>
				<timestamp>2844.054033</timestamp>
			</report>
			<report>
				<misses>8135001</misses>
				<total>16</total>
				<timestamp>2844.403635</timestamp>
			</report>
			<report>
				<misses>8136001</misses>
				<total>16</total>
				<timestamp>2844.753279</timestamp>
			</report>
			<report>
				<misses>8137001</misses>
				<total>16</total>
				<timestamp>2845.102933</timestamp>
			</report>
			<report>
				<misses>8138001</misses>
				<total>16</total>
				<timestamp>2845.452603</timestamp>
			</report>
			<report>
				<misses>8139001</misses>
				<total>16</total>
				<timestamp>2845.802268</timestamp>
			</report>
			<report>
				<misses>8140001</misses>
				<total>16</total>
				<timestamp>2846.151886</timestamp>
			</report>
			<report>
				<misses>8141001</misses>
				<total>16</total>
				<timestamp>2846.501531</timestamp>
			</report>
			<report>
				<misses>8142001</misses>
				<total>16</total>
				<timestamp>2846.851209</timestamp>
			</report>
			<report>
				<misses>8143001</misses>
				<total>16</total>
				<timestamp>2847.200907</timestamp>
			</report>
			<report>
				<misses>8144001</misses>
				<total>16</total>
				<timestamp>2847.550495</timestamp>
			</report>
			<report>
				<misses>8145001</misses>
				<total>16</total>
				<timestamp>2847.900161</timestamp>
			</report>
			<report>
				<misses>8146001</misses>
				<total>16</total>
				<timestamp>2848.249806</timestamp>
			</report>
			<report>
				<misses>8147001</misses>
				<total>16</total>
				<timestamp>2848.599424</timestamp>
			</report>
			<report>
				<misses>8148001</misses>
				<total>16</total>
				<timestamp>2848.949083</timestamp>
			</report>
			<report>
				<misses>8149001</misses>
				<total>16</total>
				<timestamp>2849.298792</timestamp>
			</report>
			<report>
				<misses>8150001</misses>
				<total>16</total>
				<timestamp>2849.648388</timestamp>
			</report>
			<report>
				<misses>8151001</misses>
				<total>16</total>
				<timestamp>2849.998070</timestamp>
			</report>
			<report>
				<misses>8152001</misses>
				<total>16</total>
				<timestamp>2850.347675</timestamp>
			</report>
			<report>
				<misses>8153001</misses>
				<total>16</total>
				<timestamp>2850.697318</timestamp>
			</report>
			<report>
				<misses>8154001</misses>
				<total>16</total>
				<timestamp>2851.047008</timestamp>
			</report>
			<report>
				<misses>8155001</misses>
				<total>16</total>
				<timestamp>2851.396634</timestamp>
			</report>
			<report>
				<misses>8156001</misses>
				<total>16</total>
				<timestamp>2851.746267</timestamp>
			</report>
			<report>
				<misses>8157001</misses>
				<total>16</total>
				<timestamp>2852.095944</timestamp>
			</report>
			<report>
				<misses>8158001</misses>
				<total>16</total>
				<timestamp>2852.445586</timestamp>
			</report>
			<report>
				<misses>8159001</misses>
				<total>16</total>
				<timestamp>2852.795239</timestamp>
			</report>
			<report>
				<misses>8160001</misses>
				<total>16</total>
				<timestamp>2853.144919</timestamp>
			</report>
			<report>
				<misses>8161001</misses>
				<total>16</total>
				<timestamp>2853.494568</timestamp>
			</report>
			<report>
				<misses>8162001</misses>
				<total>16</total>
				<timestamp>2853.844186</timestamp>
			</report>
			<report>
				<misses>8163001</misses>
				<total>16</total>
				<timestamp>2854.193846</timestamp>
			</report>
			<report>
				<misses>8164001</misses>
				<total>16</total>
				<timestamp>2854.543502</timestamp>
			</report>
			<report>
				<misses>8165001</misses>
				<total>16</total>
				<timestamp>2854.893153</timestamp>
			</report>
			<report>
				<misses>8166001</misses>
				<total>16</total>
				<timestamp>2855.242789</timestamp>
			</report>
			<report>
				<misses>8167001</misses>
				<total>16</total>
				<timestamp>2855.592437</timestamp>
			</report>
			<report>
				<misses>8168001</misses>
				<total>16</total>
				<timestamp>2855.942109</timestamp>
			</report>
			<report>
				<misses>8169001</misses>
				<total>16</total>
				<timestamp>2856.291758</timestamp>
			</report>
			<report>
				<misses>8170001</misses>
				<total>16</total>
				<timestamp>2856.641375</timestamp>
			</report>
			<report>
				<misses>8171001</misses>
				<total>16</total>
				<timestamp>2856.991031</timestamp>
			</report>
			<report>
				<misses>8172001</misses>
				<total>16</total>
				<timestamp>2857.340663</timestamp>
			</report>
			<report>
				<misses>8173001</misses>
				<total>16</total>
				<timestamp>2857.690340</timestamp>
			</report>
			<report>
				<misses>8174001</misses>
				<total>16</total>
				<timestamp>2858.039982</timestamp>
			</report>
			<report>
				<misses>8175001</misses>
				<total>16</total>
				<timestamp>2858.389636</timestamp>
			</report>
			<report>
				<misses>8176001</misses>
				<total>16</total>
				<timestamp>2858.739316</timestamp>
			</report>
			<report>
				<misses>8177001</misses>
				<total>16</total>
				<timestamp>2859.088933</timestamp>
			</report>
			<report>
				<misses>8178001</misses>
				<total>16</total>
				<timestamp>2859.438579</timestamp>
			</report>
			<report>
				<misses>8179001</misses>
				<total>16</total>
				<timestamp>2859.788233</timestamp>
			</report>
			<report>
				<misses>8180001</misses>
				<total>16</total>
				<timestamp>2860.137928</timestamp>
			</report>
			<report>
				<misses>8181001</misses>
				<total>16</total>
				<timestamp>2860.487535</timestamp>
			</report>
			<report>
				<misses>8182001</misses>
				<total>16</total>
				<timestamp>2860.837192</timestamp>
			</report>
			<report>
				<misses>8183001</misses>
				<total>16</total>
				<timestamp>2861.186873</timestamp>
			</report>
			<report>
				<misses>8184001</misses>
				<total>16</total>
				<timestamp>2861.536481</timestamp>
			</report>
			<report>
				<misses>8185001</misses>
				<total>16</total>
				<timestamp>2861.886151</timestamp>
			</report>
			<report>
				<misses>8186001</misses>
				<total>16</total>
				<timestamp>2862.235798</timestamp>
			</report>
			<report>
				<misses>8187001</misses>
				<total>16</total>
				<timestamp>2862.585429</timestamp>
			</report>
			<report>
				<misses>8188001</misses>
				<total>16</total>
				<timestamp>2862.935110</timestamp>
			</report>
			<report>
				<misses>8189001</misses>
				<total>16</total>
				<timestamp>2863.284752</timestamp>
			</report>
			<report>
				<misses>8190001</misses>
				<total>16</total>
				<timestamp>2863.634438</timestamp>
			</report>
			<report>
				<misses>8191001</misses>
				<total>16</total>
				<timestamp>2863.984054</timestamp>
			</report>
			<report>
				<misses>8192001</misses>
				<total>16</total>
				<timestamp>2864.333727</timestamp>
			</report>
			<report>
				<misses>8193001</misses>
				<total>16</total>
				<timestamp>2864.683337</timestamp>
			</report>
			<report>
				<misses>8194001</misses>
				<total>16</total>
				<timestamp>2865.033031</timestamp>
			</report>
			<report>
				<misses>8195001</misses>
				<total>16</total>
				<timestamp>2865.382649</timestamp>
			</report>
			<report>
				<misses>8196001</misses>
				<total>16</total>
				<timestamp>2865.732366</timestamp>
			</report>
			<report>
				<misses>8197001</misses>
				<total>16</total>
				<timestamp>2866.081932</timestamp>
			</report>
			<report>
				<misses>8198001</misses>
				<total>16</total>
				<timestamp>2866.431582</timestamp>
			</report>
			<report>
				<misses>8199001</misses>
				<total>16</total>
				<timestamp>2866.781242</timestamp>
			</report>
			<report>
				<misses>8200001</misses>
				<total>16</total>
				<timestamp>2867.130881</timestamp>
			</report>
			<report>
				<misses>8201001</misses>
				<total>16</total>
				<timestamp>2867.480540</timestamp>
			</report>
			<report>
				<misses>8202001</misses>
				<total>16</total>
				<timestamp>2867.830198</timestamp>
			</report>
			<report>
				<misses>8203001</misses>
				<total>16</total>
				<timestamp>2868.179850</timestamp>
			</report>
			<report>
				<misses>8204001</misses>
				<total>16</total>
				<timestamp>2868.529504</timestamp>
			</report>
			<report>
				<misses>8205001</misses>
				<total>16</total>
				<timestamp>2868.879151</timestamp>
			</report>
			<report>
				<misses>8206001</misses>
				<total>16</total>
				<timestamp>2869.228854</timestamp>
			</report>
			<report>
				<misses>8207001</misses>
				<total>16</total>
				<timestamp>2869.578439</timestamp>
			</report>
			<report>
				<misses>8208001</misses>
				<total>15</total>
				<timestamp>2869.928147</timestamp>
			</report>
			<report>
				<misses>8209001</misses>
				<total>16</total>
				<timestamp>2870.277744</timestamp>
			</report>
			<report>
				<misses>8210001</misses>
				<total>16</total>
				<timestamp>2870.627399</timestamp>
			</report>
			<report>
				<misses>8211001</misses>
				<total>16</total>
				<timestamp>2870.977038</timestamp>
			</report>
			<report>
				<misses>8212001</misses>
				<total>16</total>
				<timestamp>2871.326724</timestamp>
			</report>
			<report>
				<misses>8213001</misses>
				<total>16</total>
				<timestamp>2871.676331</timestamp>
			</report>
			<report>
				<misses>8214001</misses>
				<total>16</total>
				<timestamp>2872.025994</timestamp>
			</report>
			<report>
				<misses>8215001</misses>
				<total>16</total>
				<timestamp>2872.375677</timestamp>
			</report>
			<report>
				<misses>8216001</misses>
				<total>16</total>
				<timestamp>2872.725311</timestamp>
			</report>
			<report>
				<misses>8217001</misses>
				<total>16</total>
				<timestamp>2873.074934</timestamp>
			</report>
			<report>
				<misses>8218001</misses>
				<total>16</total>
				<timestamp>2873.424609</timestamp>
			</report>
			<report>
				<misses>8219001</misses>
				<total>16</total>
				<timestamp>2873.774223</timestamp>
			</report>
			<report>
				<misses>8220001</misses>
				<total>16</total>
				<timestamp>2874.123897</timestamp>
			</report>
			<report>
				<misses>8221001</misses>
				<total>16</total>
				<timestamp>2874.473560</timestamp>
			</report>
			<report>
				<misses>8222001</misses>
				<total>16</total>
				<timestamp>2874.823172</timestamp>
			</report>
			<report>
				<misses>8223001</misses>
				<total>16</total>
				<timestamp>2875.172852</timestamp>
			</report>
			<report>
				<misses>8224001</misses>
				<total>16</total>
				<timestamp>2875.522513</timestamp>
			</report>
			<report>
				<misses>8225001</misses>
				<total>16</total>
				<timestamp>2875.872148</timestamp>
			</report>
			<report>
				<misses>8226001</misses>
				<total>16</total>
				<timestamp>2876.221817</timestamp>
			</report>
			<report>
				<misses>8227001</misses>
				<total>16</total>
				<timestamp>2876.571430</timestamp>
			</report>
			<report>
				<misses>8228001</misses>
				<total>16</total>
				<timestamp>2876.921109</timestamp>
			</report>
			<report>
				<misses>8229001</misses>
				<total>16</total>
				<timestamp>2877.270800</timestamp>
			</report>
			<report>
				<misses>8230001</misses>
				<total>16</total>
				<timestamp>2877.620417</timestamp>
			</report>
			<report>
				<misses>8231001</misses>
				<total>16</total>
				<timestamp>2877.970051</timestamp>
			</report>
			<report>
				<misses>8232001</misses>
				<total>16</total>
				<timestamp>2878.319688</timestamp>
			</report>
			<report>
				<misses>8233001</misses>
				<total>16</total>
				<timestamp>2878.669346</timestamp>
			</report>
			<report>
				<misses>8234001</misses>
				<total>16</total>
				<timestamp>2879.019039</timestamp>
			</report>
			<report>
				<misses>8235001</misses>
				<total>16</total>
				<timestamp>2879.368650</timestamp>
			</report>
			<report>
				<misses>8236001</misses>
				<total>16</total>
				<timestamp>2879.718280</timestamp>
			</report>
			<report>
				<misses>8237001</misses>
				<total>16</total>
				<timestamp>2880.067989</timestamp>
			</report>
			<report>
				<misses>8238001</misses>
				<total>16</total>
				<timestamp>2880.417613</timestamp>
			</report>
			<report>
				<misses>8239001</misses>
				<total>16</total>
				<timestamp>2880.767233</timestamp>
			</report>
			<report>
				<misses>8240001</misses>
				<total>16</total>
				<timestamp>2881.116909</timestamp>
			</report>
			<report>
				<misses>8241001</misses>
				<total>16</total>
				<timestamp>2881.466568</timestamp>
			</report>
			<report>
				<misses>8242001</misses>
				<total>16</total>
				<timestamp>2881.816188</timestamp>
			</report>
			<report>
				<misses>8243001</misses>
				<total>16</total>
				<timestamp>2882.165825</timestamp>
			</report>
			<report>
				<misses>8244001</misses>
				<total>16</total>
				<timestamp>2882.515545</timestamp>
			</report>
			<report>
				<misses>8245001</misses>
				<total>16</total>
				<timestamp>2882.865121</timestamp>
			</report>
			<report>
				<misses>8246001</misses>
				<total>16</total>
				<timestamp>2883.214783</timestamp>
			</report>
			<report>
				<misses>8247001</misses>
				<total>16</total>
				<timestamp>2883.564448</timestamp>
			</report>
			<report>
				<misses>8248001</misses>
				<total>16</total>
				<timestamp>2883.914142</timestamp>
			</report>
			<report>
				<misses>8249001</misses>
				<total>16</total>
				<timestamp>2884.263749</timestamp>
			</report>
			<report>
				<misses>8250001</misses>
				<total>16</total>
				<timestamp>2884.613406</timestamp>
			</report>
			<report>
				<misses>8251001</misses>
				<total>16</total>
				<timestamp>2884.963030</timestamp>
			</report>
			<report>
				<misses>8252001</misses>
				<total>16</total>
				<timestamp>2885.312687</timestamp>
			</report>
			<report>
				<misses>8253001</misses>
				<total>16</total>
				<timestamp>2885.662335</timestamp>
			</report>
			<report>
				<misses>8254001</misses>
				<total>16</total>
				<timestamp>2886.012013</timestamp>
			</report>
			<report>
				<misses>8255001</misses>
				<total>16</total>
				<timestamp>2886.361650</timestamp>
			</report>
			<report>
				<misses>8256001</misses>
				<total>16</total>
				<timestamp>2886.711273</timestamp>
			</report>
			<report>
				<misses>8257001</misses>
				<total>16</total>
				<timestamp>2887.060947</timestamp>
			</report>
			<report>
				<misses>8258001</misses>
				<total>16</total>
				<timestamp>2887.410659</timestamp>
			</report>
			<report>
				<misses>8259001</misses>
				<total>16</total>
				<timestamp>2887.760245</timestamp>
			</report>
			<report>
				<misses>8260001</misses>
				<total>16</total>
				<timestamp>2888.109892</timestamp>
			</report>
			<report>
				<misses>8261001</misses>
				<total>16</total>
				<timestamp>2888.459573</timestamp>
			</report>
			<report>
				<misses>8262001</misses>
				<total>16</total>
				<timestamp>2888.809189</timestamp>
			</report>
			<report>
				<misses>8263001</misses>
				<total>16</total>
				<timestamp>2889.158847</timestamp>
			</report>
			<report>
				<misses>8264001</misses>
				<total>16</total>
				<timestamp>2889.508528</timestamp>
			</report>
			<report>
				<misses>8265001</misses>
				<total>16</total>
				<timestamp>2889.858128</timestamp>
			</report>
			<report>
				<misses>8266001</misses>
				<total>16</total>
				<timestamp>2890.207795</timestamp>
			</report>
			<report>
				<misses>8267001</misses>
				<total>16</total>
				<timestamp>2890.557487</timestamp>
			</report>
			<report>
				<misses>8268001</misses>
				<total>16</total>
				<timestamp>2890.907123</timestamp>
			</report>
			<report>
				<misses>8269001</misses>
				<total>16</total>
				<timestamp>2891.256728</timestamp>
			</report>
			<report>
				<misses>8270001</misses>
				<total>16</total>
				<timestamp>2891.606387</timestamp>
			</report>
			<report>
				<misses>8271001</misses>
				<total>16</total>
				<timestamp>2891.956055</timestamp>
			</report>
			<report>
				<misses>8272001</misses>
				<total>16</total>
				<timestamp>2892.305714</timestamp>
			</report>
			<report>
				<misses>8273001</misses>
				<total>16</total>
				<timestamp>2892.655333</timestamp>
			</report>
			<report>
				<misses>8274001</misses>
				<total>16</total>
				<timestamp>2893.004982</timestamp>
			</report>
			<report>
				<misses>8275001</misses>
				<total>16</total>
				<timestamp>2893.354638</timestamp>
			</report>
			<report>
				<misses>8276001</misses>
				<total>16</total>
				<timestamp>2893.704317</timestamp>
			</report>
			<report>
				<misses>8277001</misses>
				<total>16</total>
				<timestamp>2894.053970</timestamp>
			</report>
			<report>
				<misses>8278001</misses>
				<total>16</total>
				<timestamp>2894.403600</timestamp>
			</report>
			<report>
				<misses>8279001</misses>
				<total>16</total>
				<timestamp>2894.753249</timestamp>
			</report>
			<report>
				<misses>8280001</misses>
				<total>16</total>
				<timestamp>2895.102868</timestamp>
			</report>
			<report>
				<misses>8281001</misses>
				<total>16</total>
				<timestamp>2895.452561</timestamp>
			</report>
			<report>
				<misses>8282001</misses>
				<total>16</total>
				<timestamp>2895.802289</timestamp>
			</report>
			<report>
				<misses>8283001</misses>
				<total>16</total>
				<timestamp>2896.151871</timestamp>
			</report>
			<report>
				<misses>8284001</misses>
				<total>16</total>
				<timestamp>2896.501583</timestamp>
			</report>
			<report>
				<misses>8285001</misses>
				<total>16</total>
				<timestamp>2896.851137</timestamp>
			</report>
			<report>
				<misses>8286001</misses>
				<total>16</total>
				<timestamp>2897.200798</timestamp>
			</report>
			<report>
				<misses>8287001</misses>
				<total>16</total>
				<timestamp>2897.550447</timestamp>
			</report>
			<report>
				<misses>8288001</misses>
				<total>16</total>
				<timestamp>2897.900122</timestamp>
			</report>
			<report>
				<misses>8289001</misses>
				<total>16</total>
				<timestamp>2898.249785</timestamp>
			</report>
			<report>
				<misses>8290001</misses>
				<total>16</total>
				<timestamp>2898.599375</timestamp>
			</report>
			<report>
				<misses>8291001</misses>
				<total>16</total>
				<timestamp>2898.949040</timestamp>
			</report>
			<report>
				<misses>8292001</misses>
				<total>16</total>
				<timestamp>2899.298698</timestamp>
			</report>
			<report>
				<misses>8293001</misses>
				<total>16</total>
				<timestamp>2899.648335</timestamp>
			</report>
			<report>
				<misses>8294001</misses>
				<total>16</total>
				<timestamp>2899.997982</timestamp>
			</report>
			<report>
				<misses>8295001</misses>
				<total>16</total>
				<timestamp>2900.347626</timestamp>
			</report>
			<report>
				<misses>8296001</misses>
				<total>16</total>
				<timestamp>2900.697278</timestamp>
			</report>
			<report>
				<misses>8297001</misses>
				<total>16</total>
				<timestamp>2901.046937</timestamp>
			</report>
			<report>
				<misses>8298001</misses>
				<total>16</total>
				<timestamp>2901.396615</timestamp>
			</report>
			<report>
				<misses>8299001</misses>
				<total>16</total>
				<timestamp>2901.746297</timestamp>
			</report>
			<report>
				<misses>8300001</misses>
				<total>16</total>
				<timestamp>2902.095869</timestamp>
			</report>
			<report>
				<misses>8301001</misses>
				<total>16</total>
				<timestamp>2902.445525</timestamp>
			</report>
			<report>
				<misses>8302001</misses>
				<total>16</total>
				<timestamp>2902.795229</timestamp>
			</report>
			<report>
				<misses>8303001</misses>
				<total>16</total>
				<timestamp>2903.144835</timestamp>
			</report>
			<report>
				<misses>8304001</misses>
				<total>16</total>
				<timestamp>2903.494508</timestamp>
			</report>
			<report>
				<misses>8305001</misses>
				<total>16</total>
				<timestamp>2903.844130</timestamp>
			</report>
			<report>
				<misses>8306001</misses>
				<total>16</total>
				<timestamp>2904.193803</timestamp>
			</report>
			<report>
				<misses>8307001</misses>
				<total>16</total>
				<timestamp>2904.543444</timestamp>
			</report>
			<report>
				<misses>8308001</misses>
				<total>16</total>
				<timestamp>2904.893120</timestamp>
			</report>
			<report>
				<misses>8309001</misses>
				<total>16</total>
				<timestamp>2905.242741</timestamp>
			</report>
			<report>
				<misses>8310001</misses>
				<total>16</total>
				<timestamp>2905.592440</timestamp>
			</report>
			<report>
				<misses>8311001</misses>
				<total>16</total>
				<timestamp>2905.942030</timestamp>
			</report>
			<report>
				<misses>8312001</misses>
				<total>16</total>
				<timestamp>2906.291694</timestamp>
			</report>
			<report>
				<misses>8313001</misses>
				<total>16</total>
				<timestamp>2906.641330</timestamp>
			</report>
			<report>
				<misses>8314001</misses>
				<total>16</total>
				<timestamp>2906.991013</timestamp>
			</report>
			<report>
				<misses>8315001</misses>
				<total>16</total>
				<timestamp>2907.340650</timestamp>
			</report>
			<report>
				<misses>8316001</misses>
				<total>16</total>
				<timestamp>2907.690294</timestamp>
			</report>
			<report>
				<misses>8317001</misses>
				<total>16</total>
				<timestamp>2908.039928</timestamp>
			</report>
			<report>
				<misses>8318001</misses>
				<total>16</total>
				<timestamp>2908.389613</timestamp>
			</report>
			<report>
				<misses>8319001</misses>
				<total>16</total>
				<timestamp>2908.739265</timestamp>
			</report>
			<report>
				<misses>8320001</misses>
				<total>16</total>
				<timestamp>2909.088938</timestamp>
			</report>
			<report>
				<misses>8321001</misses>
				<total>16</total>
				<timestamp>2909.438540</timestamp>
			</report>
			<report>
				<misses>8322001</misses>
				<total>16</total>
				<timestamp>2909.788203</timestamp>
			</report>
			<report>
				<misses>8323001</misses>
				<total>16</total>
				<timestamp>2910.137838</timestamp>
			</report>
			<report>
				<misses>8324001</misses>
				<total>16</total>
				<timestamp>2910.487483</timestamp>
			</report>
			<report>
				<misses>8325001</misses>
				<total>16</total>
				<timestamp>2910.837133</timestamp>
			</report>
			<report>
				<misses>8326001</misses>
				<total>16</total>
				<timestamp>2911.186788</timestamp>
			</report>
			<report>
				<misses>8327001</misses>
				<total>16</total>
				<timestamp>2911.536463</timestamp>
			</report>
			<report>
				<misses>8328001</misses>
				<total>16</total>
				<timestamp>2911.886102</timestamp>
			</report>
			<report>
				<misses>8329001</misses>
				<total>16</total>
				<timestamp>2912.235736</timestamp>
			</report>
			<report>
				<misses>8330001</misses>
				<total>16</total>
				<timestamp>2912.585414</timestamp>
			</report>
			<report>
				<misses>8331001</misses>
				<total>16</total>
				<timestamp>2912.935030</timestamp>
			</report>
			<report>
				<misses>8332001</misses>
				<total>16</total>
				<timestamp>2913.284752</timestamp>
			</report>
			<report>
				<misses>8333001</misses>
				<total>16</total>
				<timestamp>2913.634342</timestamp>
			</report>
			<report>
				<misses>8334001</misses>
				<total>16</total>
				<timestamp>2913.983975</timestamp>
			</report>
			<report>
				<misses>8335001</misses>
				<total>16</total>
				<timestamp>2914.333629</timestamp>
			</report>
			<report>
				<misses>8336001</misses>
				<total>16</total>
				<timestamp>2914.683290</timestamp>
			</report>
			<report>
				<misses>8337001</misses>
				<total>16</total>
				<timestamp>2915.032942</timestamp>
			</report>
			<report>
				<misses>8338001</misses>
				<total>16</total>
				<timestamp>2915.382585</timestamp>
			</report>
			<report>
				<misses>8339001</misses>
				<total>16</total>
				<timestamp>2915.732263</timestamp>
			</report>
			<report>
				<misses>8340001</misses>
				<total>16</total>
				<timestamp>2916.081883</timestamp>
			</report>
			<report>
				<misses>8341001</misses>
				<total>16</total>
				<timestamp>2916.431557</timestamp>
			</report>
			<report>
				<misses>8342001</misses>
				<total>16</total>
				<timestamp>2916.781190</timestamp>
			</report>
			<report>
				<misses>8343001</misses>
				<total>16</total>
				<timestamp>2917.130855</timestamp>
			</report>
			<report>
				<misses>8344001</misses>
				<total>16</total>
				<timestamp>2917.480601</timestamp>
			</report>
			<report>
				<misses>8345001</misses>
				<total>16</total>
				<timestamp>2917.830129</timestamp>
			</report>
			<report>
				<misses>8346001</misses>
				<total>16</total>
				<timestamp>2918.179810</timestamp>
			</report>
			<report>
				<misses>8347001</misses>
				<total>16</total>
				<timestamp>2918.529463</timestamp>
			</report>
			<report>
				<misses>8348001</misses>
				<total>16</total>
				<timestamp>2918.879107</timestamp>
			</report>
			<report>
				<misses>8349001</misses>
				<total>16</total>
				<timestamp>2919.228828</timestamp>
			</report>
			<report>
				<misses>8350001</misses>
				<total>16</total>
				<timestamp>2919.578397</timestamp>
			</report>
			<report>
				<misses>8351001</misses>
				<total>16</total>
				<timestamp>2919.928037</timestamp>
			</report>
			<report>
				<misses>8352001</misses>
				<total>16</total>
				<timestamp>2920.277688</timestamp>
			</report>
			<report>
				<misses>8353001</misses>
				<total>16</total>
				<timestamp>2920.627342</timestamp>
			</report>
			<report>
				<misses>8354001</misses>
				<total>16</total>
				<timestamp>2920.976980</timestamp>
			</report>
			<report>
				<misses>8355001</misses>
				<total>16</total>
				<timestamp>2921.326619</timestamp>
			</report>
			<report>
				<misses>8356001</misses>
				<total>16</total>
				<timestamp>2921.676297</timestamp>
			</report>
			<report>
				<misses>8357001</misses>
				<total>16</total>
				<timestamp>2922.025940</timestamp>
			</report>
			<report>
				<misses>8358001</misses>
				<total>16</total>
				<timestamp>2922.375574</timestamp>
			</report>
			<report>
				<misses>8359001</misses>
				<total>16</total>
				<timestamp>2922.725251</timestamp>
			</report>
			<report>
				<misses>8360001</misses>
				<total>16</total>
				<timestamp>2923.074907</timestamp>
			</report>
			<report>
				<misses>8361001</misses>
				<total>16</total>
				<timestamp>2923.424542</timestamp>
			</report>
			<report>
				<misses>8362001</misses>
				<total>16</total>
				<timestamp>2923.774199</timestamp>
			</report>
			<report>
				<misses>8363001</misses>
				<total>16</total>
				<timestamp>2924.123845</timestamp>
			</report>
			<report>
				<misses>8364001</misses>
				<total>16</total>
				<timestamp>2924.473516</timestamp>
			</report>
			<report>
				<misses>8365001</misses>
				<total>16</total>
				<timestamp>2924.823145</timestamp>
			</report>
			<report>
				<misses>8366001</misses>
				<total>16</total>
				<timestamp>2925.172781</timestamp>
			</report>
			<report>
				<misses>8367001</misses>
				<total>16</total>
				<timestamp>2925.522464</timestamp>
			</report>
			<report>
				<misses>8368001</misses>
				<total>16</total>
				<timestamp>2925.872088</timestamp>
			</report>
			<report>
				<misses>8369001</misses>
				<total>16</total>
				<timestamp>2926.221765</timestamp>
			</report>
			<report>
				<misses>8370001</misses>
				<total>16</total>
				<timestamp>2926.571417</timestamp>
			</report>
			<report>
				<misses>8371001</misses>
				<total>16</total>
				<timestamp>2926.921025</timestamp>
			</report>
			<report>
				<misses>8372001</misses>
				<total>16</total>
				<timestamp>2927.270704</timestamp>
			</report>
			<report>
				<misses>8373001</misses>
				<total>16</total>
				<timestamp>2927.620421</timestamp>
			</report>
			<report>
				<misses>8374001</misses>
				<total>16</total>
				<timestamp>2927.969973</timestamp>
			</report>
			<report>
				<misses>8375001</misses>
				<total>16</total>
				<timestamp>2928.319631</timestamp>
			</report>
			<report>
				<misses>8376001</misses>
				<total>16</total>
				<timestamp>2928.669318</timestamp>
			</report>
			<report>
				<misses>8377001</misses>
				<total>16</total>
				<timestamp>2929.018940</timestamp>
			</report>
			<report>
				<misses>8378001</misses>
				<total>16</total>
				<timestamp>2929.368603</timestamp>
			</report>
			<report>
				<misses>8379001</misses>
				<total>16</total>
				<timestamp>2929.718294</timestamp>
			</report>
			<report>
				<misses>8380001</misses>
				<total>16</total>
				<timestamp>2930.067874</timestamp>
			</report>
			<report>
				<misses>8381001</misses>
				<total>16</total>
				<timestamp>2930.417569</timestamp>
			</report>
			<report>
				<misses>8382001</misses>
				<total>16</total>
				<timestamp>2930.767176</timestamp>
			</report>
			<report>
				<misses>8383001</misses>
				<total>16</total>
				<timestamp>2931.116829</timestamp>
			</report>
			<report>
				<misses>8384001</misses>
				<total>16</total>
				<timestamp>2931.466476</timestamp>
			</report>
			<report>
				<misses>8385001</misses>
				<total>16</total>
				<timestamp>2931.816161</timestamp>
			</report>
			<report>
				<misses>8386001</misses>
				<total>16</total>
				<timestamp>2932.165781</timestamp>
			</report>
			<report>
				<misses>8387001</misses>
				<total>16</total>
				<timestamp>2932.515450</timestamp>
			</report>
			<report>
				<misses>8388001</misses>
				<total>16</total>
				<timestamp>2932.865101</timestamp>
			</report>
			<report>
				<misses>8389001</misses>
				<total>16</total>
				<timestamp>2933.214732</timestamp>
			</report>
			<report>
				<misses>8390001</misses>
				<total>16</total>
				<timestamp>2933.564412</timestamp>
			</report>
			<report>
				<misses>8391001</misses>
				<total>16</total>
				<timestamp>2933.914051</timestamp>
			</report>
			<report>
				<misses>8392001</misses>
				<total>16</total>
				<timestamp>2934.263689</timestamp>
			</report>
			<report>
				<misses>8393001</misses>
				<total>16</total>
				<timestamp>2934.613390</timestamp>
			</report>
			<report>
				<misses>8394001</misses>
				<total>16</total>
				<timestamp>2934.962986</timestamp>
			</report>
			<report>
				<misses>8395001</misses>
				<total>16</total>
				<timestamp>2935.312669</timestamp>
			</report>
			<report>
				<misses>8396001</misses>
				<total>16</total>
				<timestamp>2935.662326</timestamp>
			</report>
			<report>
				<misses>8397001</misses>
				<total>16</total>
				<timestamp>2936.011939</timestamp>
			</report>
			<report>
				<misses>8398001</misses>
				<total>16</total>
				<timestamp>2936.361582</timestamp>
			</report>
			<report>
				<misses>8399001</misses>
				<total>16</total>
				<timestamp>2936.711278</timestamp>
			</report>
			<report>
				<misses>8400001</misses>
				<total>16</total>
				<timestamp>2937.060890</timestamp>
			</report>
			<report>
				<misses>8401001</misses>
				<total>16</total>
				<timestamp>2937.410543</timestamp>
			</report>
			<report>
				<misses>8402001</misses>
				<total>16</total>
				<timestamp>2937.760247</timestamp>
			</report>
			<report>
				<misses>8403001</misses>
				<total>16</total>
				<timestamp>2938.109856</timestamp>
			</report>
			<report>
				<misses>8404001</misses>
				<total>16</total>
				<timestamp>2938.459501</timestamp>
			</report>
			<report>
				<misses>8405001</misses>
				<total>16</total>
				<timestamp>2938.809156</timestamp>
			</report>
			<report>
				<misses>8406001</misses>
				<total>16</total>
				<timestamp>2939.158796</timestamp>
			</report>
			<report>
				<misses>8407001</misses>
				<total>16</total>
				<timestamp>2939.508451</timestamp>
			</report>
			<report>
				<misses>8408001</misses>
				<total>16</total>
				<timestamp>2939.858096</timestamp>
			</report>
			<report>
				<misses>8409001</misses>
				<total>16</total>
				<timestamp>2940.207742</timestamp>
			</report>
			<report>
				<misses>8410001</misses>
				<total>16</total>
				<timestamp>2940.557405</timestamp>
			</report>
			<report>
				<misses>8411001</misses>
				<total>16</total>
				<timestamp>2940.907048</timestamp>
			</report>
			<report>
				<misses>8412001</misses>
				<total>16</total>
				<timestamp>2941.256688</timestamp>
			</report>
			<report>
				<misses>8413001</misses>
				<total>16</total>
				<timestamp>2941.606338</timestamp>
			</report>
			<report>
				<misses>8414001</misses>
				<total>16</total>
				<timestamp>2941.955997</timestamp>
			</report>
			<report>
				<misses>8415001</misses>
				<total>16</total>
				<timestamp>2942.305626</timestamp>
			</report>
			<report>
				<misses>8416001</misses>
				<total>16</total>
				<timestamp>2942.655314</timestamp>
			</report>
			<report>
				<misses>8417001</misses>
				<total>16</total>
				<timestamp>2943.004945</timestamp>
			</report>
			<report>
				<misses>8418001</misses>
				<total>16</total>
				<timestamp>2943.354589</timestamp>
			</report>
			<report>
				<misses>8419001</misses>
				<total>16</total>
				<timestamp>2943.704278</timestamp>
			</report>
			<report>
				<misses>8420001</misses>
				<total>16</total>
				<timestamp>2944.053888</timestamp>
			</report>
			<report>
				<misses>8421001</misses>
				<total>16</total>
				<timestamp>2944.403543</timestamp>
			</report>
			<report>
				<misses>8422001</misses>
				<total>16</total>
				<timestamp>2944.753251</timestamp>
			</report>
			<report>
				<misses>8423001</misses>
				<total>16</total>
				<timestamp>2945.102866</timestamp>
			</report>
			<report>
				<misses>8424001</misses>
				<total>16</total>
				<timestamp>2945.452505</timestamp>
			</report>
			<report>
				<misses>8425001</misses>
				<total>16</total>
				<timestamp>2945.802151</timestamp>
			</report>
			<report>
				<misses>8426001</misses>
				<total>16</total>
				<timestamp>2946.151812</timestamp>
			</report>
			<report>
				<misses>8427001</misses>
				<total>16</total>
				<timestamp>2946.501422</timestamp>
			</report>
			<report>
				<misses>8428001</misses>
				<total>16</total>
				<timestamp>2946.851109</timestamp>
			</report>
			<report>
				<misses>8429001</misses>
				<total>16</total>
				<timestamp>2947.200730</timestamp>
			</report>
			<report>
				<misses>8430001</misses>
				<total>16</total>
				<timestamp>2947.550413</timestamp>
			</report>
			<report>
				<misses>8431001</misses>
				<total>16</total>
				<timestamp>2947.900070</timestamp>
			</report>
			<report>
				<misses>8432001</misses>
				<total>16</total>
				<timestamp>2948.249705</timestamp>
			</report>
			<report>
				<misses>8433001</misses>
				<total>16</total>
				<timestamp>2948.599402</timestamp>
			</report>
			<report>
				<misses>8434001</misses>
				<total>16</total>
				<timestamp>2948.948972</timestamp>
			</report>
			<report>
				<misses>8435001</misses>
				<total>16</total>
				<timestamp>2949.298668</timestamp>
			</report>
			<report>
				<misses>8436001</misses>
				<total>16</total>
				<timestamp>2949.648338</timestamp>
			</report>
			<report>
				<misses>8437001</misses>
				<total>16</total>
				<timestamp>2949.997936</timestamp>
			</report>
			<report>
				<misses>8438001</misses>
				<total>16</total>
				<timestamp>2950.347636</timestamp>
			</report>
			<report>
				<misses>8439001</misses>
				<total>16</total>
				<timestamp>2950.697225</timestamp>
			</report>
			<report>
				<misses>8440001</misses>
				<total>16</total>
				<timestamp>2951.046883</timestamp>
			</report>
			<report>
				<misses>8441001</misses>
				<total>16</total>
				<timestamp>2951.396530</timestamp>
			</report>
			<report>
				<misses>8442001</misses>
				<total>16</total>
				<timestamp>2951.746201</timestamp>
			</report>
			<report>
				<misses>8443001</misses>
				<total>16</total>
				<timestamp>2952.095862</timestamp>
			</report>
			<report>
				<misses>8444001</misses>
				<total>16</total>
				<timestamp>2952.445485</timestamp>
			</report>
			<report>
				<misses>8445001</misses>
				<total>16</total>
				<timestamp>2952.795170</timestamp>
			</report>
			<report>
				<misses>8446001</misses>
				<total>16</total>
				<timestamp>2953.144808</timestamp>
			</report>
			<report>
				<misses>8447001</misses>
				<total>16</total>
				<timestamp>2953.494441</timestamp>
			</report>
			<report>
				<misses>8448001</misses>
				<total>16</total>
				<timestamp>2953.844123</timestamp>
			</report>
			<report>
				<misses>8449001</misses>
				<total>16</total>
				<timestamp>2954.193768</timestamp>
			</report>
			<report>
				<misses>8450001</misses>
				<total>16</total>
				<timestamp>2954.543406</timestamp>
			</report>
			<report>
				<misses>8451001</misses>
				<total>16</total>
				<timestamp>2954.893038</timestamp>
			</report>
			<report>
				<misses>8452001</misses>
				<total>16</total>
				<timestamp>2955.242682</timestamp>
			</report>
			<report>
				<misses>8453001</misses>
				<total>16</total>
				<timestamp>2955.592380</timestamp>
			</report>
			<report>
				<misses>8454001</misses>
				<total>16</total>
				<timestamp>2955.941986</timestamp>
			</report>
			<report>
				<misses>8455001</misses>
				<total>16</total>
				<timestamp>2956.291653</timestamp>
			</report>
			<report>
				<misses>8456001</misses>
				<total>16</total>
				<timestamp>2956.641346</timestamp>
			</report>
			<report>
				<misses>8457001</misses>
				<total>16</total>
				<timestamp>2956.990945</timestamp>
			</report>
			<report>
				<misses>8458001</misses>
				<total>16</total>
				<timestamp>2957.340628</timestamp>
			</report>
			<report>
				<misses>8459001</misses>
				<total>16</total>
				<timestamp>2957.690294</timestamp>
			</report>
			<report>
				<misses>8460001</misses>
				<total>16</total>
				<timestamp>2958.039893</timestamp>
			</report>
			<report>
				<misses>8461001</misses>
				<total>16</total>
				<timestamp>2958.389563</timestamp>
			</report>
			<report>
				<misses>8462001</misses>
				<total>16</total>
				<timestamp>2958.739239</timestamp>
			</report>
			<report>
				<misses>8463001</misses>
				<total>16</total>
				<timestamp>2959.088889</timestamp>
			</report>
			<report>
				<misses>8464001</misses>
				<total>16</total>
				<timestamp>2959.438480</timestamp>
			</report>
			<report>
				<misses>8465001</misses>
				<total>16</total>
				<timestamp>2959.788186</timestamp>
			</report>
			<report>
				<misses>8466001</misses>
				<total>16</total>
				<timestamp>2960.137810</timestamp>
			</report>
			<report>
				<misses>8467001</misses>
				<total>16</total>
				<timestamp>2960.487439</timestamp>
			</report>
			<report>
				<misses>8468001</misses>
				<total>16</total>
				<timestamp>2960.837206</timestamp>
			</report>
			<report>
				<misses>8469001</misses>
				<total>16</total>
				<timestamp>2961.186739</timestamp>
			</report>
			<report>
				<misses>8470001</misses>
				<total>16</total>
				<timestamp>2961.536410</timestamp>
			</report>
			<report>
				<misses>8471001</misses>
				<total>16</total>
				<timestamp>2961.886050</timestamp>
			</report>
			<report>
				<misses>8472001</misses>
				<total>16</total>
				<timestamp>2962.235721</timestamp>
			</report>
			<report>
				<misses>8473001</misses>
				<total>16</total>
				<timestamp>2962.585338</timestamp>
			</report>
			<report>
				<misses>8474001</misses>
				<total>16</total>
				<timestamp>2962.934985</timestamp>
			</report>
			<report>
				<misses>8475001</misses>
				<total>16</total>
				<timestamp>2963.284643</timestamp>
			</report>
			<report>
				<misses>8476001</misses>
				<total>16</total>
				<timestamp>2963.634296</timestamp>
			</report>
			<report>
				<misses>8477001</misses>
				<total>16</total>
				<timestamp>2963.983939</timestamp>
			</report>
			<report>
				<misses>8478001</misses>
				<total>16</total>
				<timestamp>2964.333571</timestamp>
			</report>
			<report>
				<misses>8479001</misses>
				<total>16</total>
				<timestamp>2964.683256</timestamp>
			</report>
			<report>
				<misses>8480001</misses>
				<total>16</total>
				<timestamp>2965.032881</timestamp>
			</report>
			<report>
				<misses>8481001</misses>
				<total>16</total>
				<timestamp>2965.382549</timestamp>
			</report>
			<report>
				<misses>8482001</misses>
				<total>16</total>
				<timestamp>2965.732211</timestamp>
			</report>
			<report>
				<misses>8483001</misses>
				<total>16</total>
				<timestamp>2966.081852</timestamp>
			</report>
			<report>
				<misses>8484001</misses>
				<total>16</total>
				<timestamp>2966.431502</timestamp>
			</report>
			<report>
				<misses>8485001</misses>
				<total>16</total>
				<timestamp>2966.781192</timestamp>
			</report>
			<report>
				<misses>8486001</misses>
				<total>16</total>
				<timestamp>2967.130793</timestamp>
			</report>
			<report>
				<misses>8487001</misses>
				<total>16</total>
				<timestamp>2967.480449</timestamp>
			</report>
			<report>
				<misses>8488001</misses>
				<total>16</total>
				<timestamp>2967.830153</timestamp>
			</report>
			<report>
				<misses>8489001</misses>
				<total>16</total>
				<timestamp>2968.179739</timestamp>
			</report>
			<report>
				<misses>8490001</misses>
				<total>16</total>
				<timestamp>2968.529382</timestamp>
			</report>
			<report>
				<misses>8491001</misses>
				<total>16</total>
				<timestamp>2968.879109</timestamp>
			</report>
			<report>
				<misses>8492001</misses>
				<total>16</total>
				<timestamp>2969.228720</timestamp>
			</report>
			<report>
				<misses>8493001</misses>
				<total>16</total>
				<timestamp>2969.578345</timestamp>
			</report>
			<report>
				<misses>8494001</misses>
				<total>16</total>
				<timestamp>2969.927993</timestamp>
			</report>
			<report>
				<misses>8495001</misses>
				<total>16</total>
				<timestamp>2970.277654</timestamp>
			</report>
			<report>
				<misses>8496001</misses>
				<total>16</total>
				<timestamp>2970.627282</timestamp>
			</report>
			<report>
				<misses>8497001</misses>
				<total>16</total>
				<timestamp>2970.976939</timestamp>
			</report>
			<report>
				<misses>8498001</misses>
				<total>16</total>
				<timestamp>2971.326588</timestamp>
			</report>
			<report>
				<misses>8499001</misses>
				<total>16</total>
				<timestamp>2971.676241</timestamp>
			</report>
			<report>
				<misses>8500001</misses>
				<total>16</total>
				<timestamp>2972.025900</timestamp>
			</report>
			<report>
				<misses>8501001</misses>
				<total>16</total>
				<timestamp>2972.375594</timestamp>
			</report>
			<report>
				<misses>8502001</misses>
				<total>16</total>
				<timestamp>2972.725223</timestamp>
			</report>
			<report>
				<misses>8503001</misses>
				<total>16</total>
				<timestamp>2973.074860</timestamp>
			</report>
			<report>
				<misses>8504001</misses>
				<total>16</total>
				<timestamp>2973.424474</timestamp>
			</report>
			<report>
				<misses>8505001</misses>
				<total>16</total>
				<timestamp>2973.774127</timestamp>
			</report>
			<report>
				<misses>8506001</misses>
				<total>16</total>
				<timestamp>2974.123795</timestamp>
			</report>
			<report>
				<misses>8507001</misses>
				<total>16</total>
				<timestamp>2974.473443</timestamp>
			</report>
			<report>
				<misses>8508001</misses>
				<total>16</total>
				<timestamp>2974.823130</timestamp>
			</report>
			<report>
				<misses>8509001</misses>
				<total>16</total>
				<timestamp>2975.172733</timestamp>
			</report>
			<report>
				<misses>8510001</misses>
				<total>16</total>
				<timestamp>2975.522385</timestamp>
			</report>
			<report>
				<misses>8511001</misses>
				<total>16</total>
				<timestamp>2975.872082</timestamp>
			</report>
			<report>
				<misses>8512001</misses>
				<total>16</total>
				<timestamp>2976.221707</timestamp>
			</report>
			<report>
				<misses>8513001</misses>
				<total>16</total>
				<timestamp>2976.571323</timestamp>
			</report>
			<report>
				<misses>8514001</misses>
				<total>16</total>
				<timestamp>2976.921015</timestamp>
			</report>
			<report>
				<misses>8515001</misses>
				<total>16</total>
				<timestamp>2977.270638</timestamp>
			</report>
			<report>
				<misses>8516001</misses>
				<total>16</total>
				<timestamp>2977.620284</timestamp>
			</report>
			<report>
				<misses>8517001</misses>
				<total>16</total>
				<timestamp>2977.969959</timestamp>
			</report>
			<report>
				<misses>8518001</misses>
				<total>16</total>
				<timestamp>2978.319604</timestamp>
			</report>
			<report>
				<misses>8519001</misses>
				<total>16</total>
				<timestamp>2978.669234</timestamp>
			</report>
			<report>
				<misses>8520001</misses>
				<total>16</total>
				<timestamp>2979.018874</timestamp>
			</report>
			<report>
				<misses>8521001</misses>
				<total>16</total>
				<timestamp>2979.368549</timestamp>
			</report>
			<report>
				<misses>8522001</misses>
				<total>16</total>
				<timestamp>2979.718213</timestamp>
			</report>
			<report>
				<misses>8523001</misses>
				<total>16</total>
				<timestamp>2980.067831</timestamp>
			</report>
			<report>
				<misses>8524001</misses>
				<total>16</total>
				<timestamp>2980.417475</timestamp>
			</report>
			<report>
				<misses>8525001</misses>
				<total>16</total>
				<timestamp>2980.767178</timestamp>
			</report>
			<report>
				<misses>8526001</misses>
				<total>16</total>
				<timestamp>2981.116774</timestamp>
			</report>
			<report>
				<misses>8527001</misses>
				<total>16</total>
				<timestamp>2981.466427</timestamp>
			</report>
			<report>
				<misses>8528001</misses>
				<total>16</total>
				<timestamp>2981.816176</timestamp>
			</report>
			<report>
				<misses>8529001</misses>
				<total>16</total>
				<timestamp>2982.165737</timestamp>
			</report>
			<report>
				<misses>8530001</misses>
				<total>16</total>
				<timestamp>2982.515382</timestamp>
			</report>
			<report>
				<misses>8531001</misses>
				<total>16</total>
				<timestamp>2982.865063</timestamp>
			</report>
			<report>
				<misses>8532001</misses>
				<total>16</total>
				<timestamp>2983.214700</timestamp>
			</report>
			<report>
				<misses>8533001</misses>
				<total>16</total>
				<timestamp>2983.564330</timestamp>
			</report>
			<report>
				<misses>8534001</misses>
				<total>16</total>
				<timestamp>2983.914002</timestamp>
			</report>
			<report>
				<misses>8535001</misses>
				<total>16</total>
				<timestamp>2984.263647</timestamp>
			</report>
			<report>
				<misses>8536001</misses>
				<total>16</total>
				<timestamp>2984.613321</timestamp>
			</report>
			<report>
				<misses>8537001</misses>
				<total>16</total>
				<timestamp>2984.962957</timestamp>
			</report>
			<report>
				<misses>8538001</misses>
				<total>16</total>
				<timestamp>2985.312588</timestamp>
			</report>
			<report>
				<misses>8539001</misses>
				<total>16</total>
				<timestamp>2985.662234</timestamp>
			</report>
			<report>
				<misses>8540001</misses>
				<total>16</total>
				<timestamp>2986.011897</timestamp>
			</report>
			<report>
				<misses>8541001</misses>
				<total>16</total>
				<timestamp>2986.361554</timestamp>
			</report>
			<report>
				<misses>8542001</misses>
				<total>16</total>
				<timestamp>2986.711206</timestamp>
			</report>
			<report>
				<misses>8543001</misses>
				<total>16</total>
				<timestamp>2987.060827</timestamp>
			</report>
			<report>
				<misses>8544001</misses>
				<total>16</total>
				<timestamp>2987.410509</timestamp>
			</report>
			<report>
				<misses>8545001</misses>
				<total>16</total>
				<timestamp>2987.760134</timestamp>
			</report>
			<report>
				<misses>8546001</misses>
				<total>16</total>
				<timestamp>2988.109783</timestamp>
			</report>
			<report>
				<misses>8547001</misses>
				<total>16</total>
				<timestamp>2988.459452</timestamp>
			</report>
			<report>
				<misses>8548001</misses>
				<total>16</total>
				<timestamp>2988.809104</timestamp>
			</report>
			<report>
				<misses>8549001</misses>
				<total>16</total>
				<timestamp>2989.158741</timestamp>
			</report>
			<report>
				<misses>8550001</misses>
				<total>16</total>
				<timestamp>2989.508404</timestamp>
			</report>
			<report>
				<misses>8551001</misses>
				<total>16</total>
				<timestamp>2989.858058</timestamp>
			</report>
			<report>
				<misses>8552001</misses>
				<total>16</total>
				<timestamp>2990.207670</timestamp>
			</report>
			<report>
				<misses>8553001</misses>
				<total>16</total>
				<timestamp>2990.557347</timestamp>
			</report>
			<report>
				<misses>8554001</misses>
				<total>16</total>
				<timestamp>2990.907049</timestamp>
			</report>
			<report>
				<misses>8555001</misses>
				<total>16</total>
				<timestamp>2991.256633</timestamp>
			</report>
			<report>
				<misses>8556001</misses>
				<total>16</total>
				<timestamp>2991.606318</timestamp>
			</report>
			<report>
				<misses>8557001</misses>
				<total>16</total>
				<timestamp>2991.955983</timestamp>
			</report>
			<report>
				<misses>8558001</misses>
				<total>16</total>
				<timestamp>2992.305580</timestamp>
			</report>
			<report>
				<misses>8559001</misses>
				<total>16</total>
				<timestamp>2992.655236</timestamp>
			</report>
			<report>
				<misses>8560001</misses>
				<total>16</total>
				<timestamp>2993.004966</timestamp>
			</report>
			<report>
				<misses>8561001</misses>
				<total>16</total>
				<timestamp>2993.354550</timestamp>
			</report>
			<report>
				<misses>8562001</misses>
				<total>16</total>
				<timestamp>2993.704174</timestamp>
			</report>
			<report>
				<misses>8563001</misses>
				<total>16</total>
				<timestamp>2994.053842</timestamp>
			</report>
			<report>
				<misses>8564001</misses>
				<total>16</total>
				<timestamp>2994.403473</timestamp>
			</report>
			<report>
				<misses>8565001</misses>
				<total>16</total>
				<timestamp>2994.753167</timestamp>
			</report>
			<report>
				<misses>8566001</misses>
				<total>16</total>
				<timestamp>2995.102791</timestamp>
			</report>
			<report>
				<misses>8567001</misses>
				<total>16</total>
				<timestamp>2995.452477</timestamp>
			</report>
			<report>
				<misses>8568001</misses>
				<total>16</total>
				<timestamp>2995.802107</timestamp>
			</report>
			<report>
				<misses>8569001</misses>
				<total>16</total>
				<timestamp>2996.151723</timestamp>
			</report>
			<report>
				<misses>8570001</misses>
				<total>16</total>
				<timestamp>2996.501404</timestamp>
			</report>
			<report>
				<misses>8571001</misses>
				<total>16</total>
				<timestamp>2996.851056</timestamp>
			</report>
			<report>
				<misses>8572001</misses>
				<total>16</total>
				<timestamp>2997.200721</timestamp>
			</report>
			<report>
				<misses>8573001</misses>
				<total>16</total>
				<timestamp>2997.550317</timestamp>
			</report>
			<report>
				<misses>8574001</misses>
				<total>16</total>
				<timestamp>2997.900019</timestamp>
			</report>
			<report>
				<misses>8575001</misses>
				<total>16</total>
				<timestamp>2998.249643</timestamp>
			</report>
			<report>
				<misses>8576001</misses>
				<total>16</total>
				<timestamp>2998.599277</timestamp>
			</report>
			<report>
				<misses>8577001</misses>
				<total>16</total>
				<timestamp>2998.948970</timestamp>
			</report>
			<report>
				<misses>8578001</misses>
				<total>16</total>
				<timestamp>2999.298590</timestamp>
			</report>
			<report>
				<misses>8579001</misses>
				<total>16</total>
				<timestamp>2999.648224</timestamp>
			</report>
			<report>
				<misses>8580001</misses>
				<total>16</total>
				<timestamp>2999.997931</timestamp>
			</report>
			<report>
				<misses>8581001</misses>
				<total>16</total>
				<timestamp>3000.347562</timestamp>
			</report>
			<report>
				<misses>8582001</misses>
				<total>16</total>
				<timestamp>3000.697190</timestamp>
			</report>
			<report>
				<misses>8583001</misses>
				<total>16</total>
				<timestamp>3001.046850</timestamp>
			</report>
			<report>
				<misses>8584001</misses>
				<total>16</total>
				<timestamp>3001.396495</timestamp>
			</report>
			<report>
				<misses>8585001</misses>
				<total>16</total>
				<timestamp>3001.746162</timestamp>
			</report>
			<report>
				<misses>8586001</misses>
				<total>16</total>
				<timestamp>3002.095817</timestamp>
			</report>
			<report>
				<misses>8587001</misses>
				<total>16</total>
				<timestamp>3002.445456</timestamp>
			</report>
			<report>
				<misses>8588001</misses>
				<total>16</total>
				<timestamp>3002.795105</timestamp>
			</report>
			<report>
				<misses>8589001</misses>
				<total>16</total>
				<timestamp>3003.144736</timestamp>
			</report>
			<report>
				<misses>8590001</misses>
				<total>16</total>
				<timestamp>3003.494384</timestamp>
			</report>
			<report>
				<misses>8591001</misses>
				<total>16</total>
				<timestamp>3003.844081</timestamp>
			</report>
			<report>
				<misses>8592001</misses>
				<total>16</total>
				<timestamp>3004.193692</timestamp>
			</report>
			<report>
				<misses>8593001</misses>
				<total>16</total>
				<timestamp>3004.543326</timestamp>
			</report>
			<report>
				<misses>8594001</misses>
				<total>16</total>
				<timestamp>3004.893016</timestamp>
			</report>
			<report>
				<misses>8595001</misses>
				<total>16</total>
				<timestamp>3005.242631</timestamp>
			</report>
			<report>
				<misses>8596001</misses>
				<total>16</total>
				<timestamp>3005.592319</timestamp>
			</report>
			<report>
				<misses>8597001</misses>
				<total>16</total>
				<timestamp>3005.941943</timestamp>
			</report>
			<report>
				<misses>8598001</misses>
				<total>16</total>
				<timestamp>3006.291570</timestamp>
			</report>
			<report>
				<misses>8599001</misses>
				<total>16</total>
				<timestamp>3006.641262</timestamp>
			</report>
			<report>
				<misses>8600001</misses>
				<total>16</total>
				<timestamp>3006.990913</timestamp>
			</report>
			<report>
				<misses>8601001</misses>
				<total>16</total>
				<timestamp>3007.340534</timestamp>
			</report>
			<report>
				<misses>8602001</misses>
				<total>16</total>
				<timestamp>3007.690179</timestamp>
			</report>
			<report>
				<misses>8603001</misses>
				<total>16</total>
				<timestamp>3008.039890</timestamp>
			</report>
			<report>
				<misses>8604001</misses>
				<total>16</total>
				<timestamp>3008.389507</timestamp>
			</report>
			<report>
				<misses>8605001</misses>
				<total>16</total>
				<timestamp>3008.739153</timestamp>
			</report>
			<report>
				<misses>8606001</misses>
				<total>16</total>
				<timestamp>3009.088889</timestamp>
			</report>
			<report>
				<misses>8607001</misses>
				<total>16</total>
				<timestamp>3009.438429</timestamp>
			</report>
			<report>
				<misses>8608001</misses>
				<total>16</total>
				<timestamp>3009.788104</timestamp>
			</report>
			<report>
				<misses>8609001</misses>
				<total>16</total>
				<timestamp>3010.137735</timestamp>
			</report>
			<report>
				<misses>8610001</misses>
				<total>16</total>
				<timestamp>3010.487380</timestamp>
			</report>
			<report>
				<misses>8611001</misses>
				<total>16</total>
				<timestamp>3010.837059</timestamp>
			</report>
			<report>
				<misses>8612001</misses>
				<total>16</total>
				<timestamp>3011.186682</timestamp>
			</report>
			<report>
				<misses>8613001</misses>
				<total>16</total>
				<timestamp>3011.536351</timestamp>
			</report>
			<report>
				<misses>8614001</misses>
				<total>16</total>
				<timestamp>3011.885999</timestamp>
			</report>
			<report>
				<misses>8615001</misses>
				<total>16</total>
				<timestamp>3012.235627</timestamp>
			</report>
			<report>
				<misses>8616001</misses>
				<total>16</total>
				<timestamp>3012.585277</timestamp>
			</report>
			<report>
				<misses>8617001</misses>
				<total>16</total>
				<timestamp>3012.935001</timestamp>
			</report>
			<report>
				<misses>8618001</misses>
				<total>16</total>
				<timestamp>3013.284575</timestamp>
			</report>
			<report>
				<misses>8619001</misses>
				<total>16</total>
				<timestamp>3013.634233</timestamp>
			</report>
			<report>
				<misses>8620001</misses>
				<total>16</total>
				<timestamp>3013.983921</timestamp>
			</report>
			<report>
				<misses>8621001</misses>
				<total>16</total>
				<timestamp>3014.333576</timestamp>
			</report>
			<report>
				<misses>8622001</misses>
				<total>16</total>
				<timestamp>3014.683183</timestamp>
			</report>
			<report>
				<misses>8623001</misses>
				<total>16</total>
				<timestamp>3015.032882</timestamp>
			</report>
			<report>
				<misses>8624001</misses>
				<total>16</total>
				<timestamp>3015.382480</timestamp>
			</report>
			<report>
				<misses>8625001</misses>
				<total>16</total>
				<timestamp>3015.732141</timestamp>
			</report>
			<report>
				<misses>8626001</misses>
				<total>16</total>
				<timestamp>3016.081857</timestamp>
			</report>
			<report>
				<misses>8627001</misses>
				<total>16</total>
				<timestamp>3016.431485</timestamp>
			</report>
			<report>
				<misses>8628001</misses>
				<total>16</total>
				<timestamp>3016.781097</timestamp>
			</report>
			<report>
				<misses>8629001</misses>
				<total>16</total>
				<timestamp>3017.130771</timestamp>
			</report>
			<report>
				<misses>8630001</misses>
				<total>16</total>
				<timestamp>3017.480407</timestamp>
			</report>
			<report>
				<misses>8631001</misses>
				<total>16</total>
				<timestamp>3017.830042</timestamp>
			</report>
			<report>
				<misses>8632001</misses>
				<total>16</total>
				<timestamp>3018.179671</timestamp>
			</report>
			<report>
				<misses>8633001</misses>
				<total>16</total>
				<timestamp>3018.529340</timestamp>
			</report>
			<report>
				<misses>8634001</misses>
				<total>16</total>
				<timestamp>3018.878980</timestamp>
			</report>
			<report>
				<misses>8635001</misses>
				<total>16</total>
				<timestamp>3019.228638</timestamp>
			</report>
			<report>
				<misses>8636001</misses>
				<total>16</total>
				<timestamp>3019.578302</timestamp>
			</report>
			<report>
				<misses>8637001</misses>
				<total>16</total>
				<timestamp>3019.927942</timestamp>
			</report>
			<report>
				<misses>8638001</misses>
				<total>16</total>
				<timestamp>3020.277586</timestamp>
			</report>
			<report>
				<misses>8639001</misses>
				<total>16</total>
				<timestamp>3020.627222</timestamp>
			</report>
			<report>
				<misses>8640001</misses>
				<total>16</total>
				<timestamp>3020.976907</timestamp>
			</report>
			<report>
				<misses>8641001</misses>
				<total>16</total>
				<timestamp>3021.326544</timestamp>
			</report>
			<report>
				<misses>8642001</misses>
				<total>16</total>
				<timestamp>3021.676238</timestamp>
			</report>
			<report>
				<misses>8643001</misses>
				<total>16</total>
				<timestamp>3022.025831</timestamp>
			</report>
			<report>
				<misses>8644001</misses>
				<total>16</total>
				<timestamp>3022.375524</timestamp>
			</report>
			<report>
				<misses>8645001</misses>
				<total>16</total>
				<timestamp>3022.725146</timestamp>
			</report>
			<report>
				<misses>8646001</misses>
				<total>16</total>
				<timestamp>3023.074820</timestamp>
			</report>
			<report>
				<misses>8647001</misses>
				<total>16</total>
				<timestamp>3023.424447</timestamp>
			</report>
			<report>
				<misses>8648001</misses>
				<total>16</total>
				<timestamp>3023.774113</timestamp>
			</report>
			<report>
				<misses>8649001</misses>
				<total>16</total>
				<timestamp>3024.123837</timestamp>
			</report>
			<report>
				<misses>8650001</misses>
				<total>16</total>
				<timestamp>3024.473388</timestamp>
			</report>
			<report>
				<misses>8651001</misses>
				<total>16</total>
				<timestamp>3024.823033</timestamp>
			</report>
			<report>
				<misses>8652001</misses>
				<total>16</total>
				<timestamp>3025.172699</timestamp>
			</report>
			<report>
				<misses>8653001</misses>
				<total>16</total>
				<timestamp>3025.522378</timestamp>
			</report>
			<report>
				<misses>8654001</misses>
				<total>16</total>
				<timestamp>3025.871981</timestamp>
			</report>
			<report>
				<misses>8655001</misses>
				<total>16</total>
				<timestamp>3026.221631</timestamp>
			</report>
			<report>
				<misses>8656001</misses>
				<total>16</total>
				<timestamp>3026.571309</timestamp>
			</report>
			<report>
				<misses>8657001</misses>
				<total>16</total>
				<timestamp>3026.920935</timestamp>
			</report>
			<report>
				<misses>8658001</misses>
				<total>16</total>
				<timestamp>3027.270604</timestamp>
			</report>
			<report>
				<misses>8659001</misses>
				<total>16</total>
				<timestamp>3027.620239</timestamp>
			</report>
			<report>
				<misses>8660001</misses>
				<total>16</total>
				<timestamp>3027.969888</timestamp>
			</report>
			<report>
				<misses>8661001</misses>
				<total>16</total>
				<timestamp>3028.319521</timestamp>
			</report>
			<report>
				<misses>8662001</misses>
				<total>16</total>
				<timestamp>3028.669200</timestamp>
			</report>
			<report>
				<misses>8663001</misses>
				<total>16</total>
				<timestamp>3029.018884</timestamp>
			</report>
			<report>
				<misses>8664001</misses>
				<total>16</total>
				<timestamp>3029.368511</timestamp>
			</report>
			<report>
				<misses>8665001</misses>
				<total>16</total>
				<timestamp>3029.718143</timestamp>
			</report>
			<report>
				<misses>8666001</misses>
				<total>16</total>
				<timestamp>3030.067799</timestamp>
			</report>
			<report>
				<misses>8667001</misses>
				<total>16</total>
				<timestamp>3030.417469</timestamp>
			</report>
			<report>
				<misses>8668001</misses>
				<total>16</total>
				<timestamp>3030.767103</timestamp>
			</report>
			<report>
				<misses>8669001</misses>
				<total>16</total>
				<timestamp>3031.116759</timestamp>
			</report>
			<report>
				<misses>8670001</misses>
				<total>16</total>
				<timestamp>3031.466396</timestamp>
			</report>
			<report>
				<misses>8671001</misses>
				<total>16</total>
				<timestamp>3031.816071</timestamp>
			</report>
			<report>
				<misses>8672001</misses>
				<total>16</total>
				<timestamp>3032.165702</timestamp>
			</report>
			<report>
				<misses>8673001</misses>
				<total>16</total>
				<timestamp>3032.515329</timestamp>
			</report>
			<report>
				<misses>8674001</misses>
				<total>16</total>
				<timestamp>3032.864984</timestamp>
			</report>
			<report>
				<misses>8675001</misses>
				<total>16</total>
				<timestamp>3033.214685</timestamp>
			</report>
			<report>
				<misses>8676001</misses>
				<total>16</total>
				<timestamp>3033.564313</timestamp>
			</report>
			<report>
				<misses>8677001</misses>
				<total>16</total>
				<timestamp>3033.913936</timestamp>
			</report>
			<report>
				<misses>8678001</misses>
				<total>16</total>
				<timestamp>3034.263686</timestamp>
			</report>
			<report>
				<misses>8679001</misses>
				<total>16</total>
				<timestamp>3034.613260</timestamp>
			</report>
			<report>
				<misses>8680001</misses>
				<total>16</total>
				<timestamp>3034.962883</timestamp>
			</report>
			<report>
				<misses>8681001</misses>
				<total>16</total>
				<timestamp>3035.312524</timestamp>
			</report>
			<report>
				<misses>8682001</misses>
				<total>16</total>
				<timestamp>3035.662192</timestamp>
			</report>
			<report>
				<misses>8683001</misses>
				<total>16</total>
				<timestamp>3036.011845</timestamp>
			</report>
			<report>
				<misses>8684001</misses>
				<total>16</total>
				<timestamp>3036.361525</timestamp>
			</report>
			<report>
				<misses>8685001</misses>
				<total>16</total>
				<timestamp>3036.711156</timestamp>
			</report>
			<report>
				<misses>8686001</misses>
				<total>16</total>
				<timestamp>3037.060862</timestamp>
			</report>
			<report>
				<misses>8687001</misses>
				<total>16</total>
				<timestamp>3037.410428</timestamp>
			</report>
			<report>
				<misses>8688001</misses>
				<total>16</total>
				<timestamp>3037.760133</timestamp>
			</report>
			<report>
				<misses>8689001</misses>
				<total>16</total>
				<timestamp>3038.109736</timestamp>
			</report>
			<report>
				<misses>8690001</misses>
				<total>16</total>
				<timestamp>3038.459384</timestamp>
			</report>
			<report>
				<misses>8691001</misses>
				<total>16</total>
				<timestamp>3038.809090</timestamp>
			</report>
			<report>
				<misses>8692001</misses>
				<total>16</total>
				<timestamp>3039.158768</timestamp>
			</report>
			<report>
				<misses>8693001</misses>
				<total>16</total>
				<timestamp>3039.508362</timestamp>
			</report>
			<report>
				<misses>8694001</misses>
				<total>16</total>
				<timestamp>3039.857982</timestamp>
			</report>
			<report>
				<misses>8695001</misses>
				<total>16</total>
				<timestamp>3040.207658</timestamp>
			</report>
			<report>
				<misses>8696001</misses>
				<total>16</total>
				<timestamp>3040.557326</timestamp>
			</report>
			<report>
				<misses>8697001</misses>
				<total>16</total>
				<timestamp>3040.906936</timestamp>
			</report>
			<report>
				<misses>8698001</misses>
				<total>16</total>
				<timestamp>3041.256624</timestamp>
			</report>
			<report>
				<misses>8699001</misses>
				<total>16</total>
				<timestamp>3041.606282</timestamp>
			</report>
			<report>
				<misses>8700001</misses>
				<total>16</total>
				<timestamp>3041.955897</timestamp>
			</report>
			<report>
				<misses>8701001</misses>
				<total>16</total>
				<timestamp>3042.305554</timestamp>
			</report>
			<report>
				<misses>8702001</misses>
				<total>16</total>
				<timestamp>3042.655218</timestamp>
			</report>
			<report>
				<misses>8703001</misses>
				<total>16</total>
				<timestamp>3043.004861</timestamp>
			</report>
			<report>
				<misses>8704001</misses>
				<total>16</total>
				<timestamp>3043.354504</timestamp>
			</report>
			<report>
				<misses>8705001</misses>
				<total>16</total>
				<timestamp>3043.704135</timestamp>
			</report>
			<report>
				<misses>8706001</misses>
				<total>16</total>
				<timestamp>3044.053799</timestamp>
			</report>
			<report>
				<misses>8707001</misses>
				<total>16</total>
				<timestamp>3044.403433</timestamp>
			</report>
			<report>
				<misses>8708001</misses>
				<total>16</total>
				<timestamp>3044.753138</timestamp>
			</report>
			<report>
				<misses>8709001</misses>
				<total>16</total>
				<timestamp>3045.102780</timestamp>
			</report>
			<report>
				<misses>8710001</misses>
				<total>16</total>
				<timestamp>3045.452398</timestamp>
			</report>
			<report>
				<misses>8711001</misses>
				<total>16</total>
				<timestamp>3045.802046</timestamp>
			</report>
			<report>
				<misses>8712001</misses>
				<total>16</total>
				<timestamp>3046.151711</timestamp>
			</report>
			<report>
				<misses>8713001</misses>
				<total>16</total>
				<timestamp>3046.501376</timestamp>
			</report>
			<report>
				<misses>8714001</misses>
				<total>16</total>
				<timestamp>3046.850981</timestamp>
			</report>
			<report>
				<misses>8715001</misses>
				<total>16</total>
				<timestamp>3047.200651</timestamp>
			</report>
			<report>
				<misses>8716001</misses>
				<total>16</total>
				<timestamp>3047.550286</timestamp>
			</report>
			<report>
				<misses>8717001</misses>
				<total>16</total>
				<timestamp>3047.899933</timestamp>
			</report>
			<report>
				<misses>8718001</misses>
				<total>16</total>
				<timestamp>3048.249655</timestamp>
			</report>
			<report>
				<misses>8719001</misses>
				<total>16</total>
				<timestamp>3048.599245</timestamp>
			</report>
			<report>
				<misses>8720001</misses>
				<total>16</total>
				<timestamp>3048.948885</timestamp>
			</report>
			<report>
				<misses>8721001</misses>
				<total>16</total>
				<timestamp>3049.298546</timestamp>
			</report>
			<report>
				<misses>8722001</misses>
				<total>16</total>
				<timestamp>3049.648223</timestamp>
			</report>
			<report>
				<misses>8723001</misses>
				<total>16</total>
				<timestamp>3049.997881</timestamp>
			</report>
			<report>
				<misses>8724001</misses>
				<total>16</total>
				<timestamp>3050.347529</timestamp>
			</report>
			<report>
				<misses>8725001</misses>
				<total>16</total>
				<timestamp>3050.697142</timestamp>
			</report>
			<report>
				<misses>8726001</misses>
				<total>16</total>
				<timestamp>3051.046823</timestamp>
			</report>
			<report>
				<misses>8727001</misses>
				<total>16</total>
				<timestamp>3051.396432</timestamp>
			</report>
			<report>
				<misses>8728001</misses>
				<total>16</total>
				<timestamp>3051.746101</timestamp>
			</report>
			<report>
				<misses>8729001</misses>
				<total>16</total>
				<timestamp>3052.095730</timestamp>
			</report>
			<report>
				<misses>8730001</misses>
				<total>16</total>
				<timestamp>3052.445384</timestamp>
			</report>
			<report>
				<misses>8731001</misses>
				<total>16</total>
				<timestamp>3052.795091</timestamp>
			</report>
			<report>
				<misses>8732001</misses>
				<total>16</total>
				<timestamp>3053.144712</timestamp>
			</report>
			<report>
				<misses>8733001</misses>
				<total>16</total>
				<timestamp>3053.494344</timestamp>
			</report>
			<report>
				<misses>8734001</misses>
				<total>16</total>
				<timestamp>3053.843992</timestamp>
			</report>
			<report>
				<misses>8735001</misses>
				<total>16</total>
				<timestamp>3054.193672</timestamp>
			</report>
			<report>
				<misses>8736001</misses>
				<total>16</total>
				<timestamp>3054.543312</timestamp>
			</report>
			<report>
				<misses>8737001</misses>
				<total>16</total>
				<timestamp>3054.892927</timestamp>
			</report>
			<report>
				<misses>8738001</misses>
				<total>16</total>
				<timestamp>3055.242602</timestamp>
			</report>
			<report>
				<misses>8739001</misses>
				<total>16</total>
				<timestamp>3055.592278</timestamp>
			</report>
			<report>
				<misses>8740001</misses>
				<total>16</total>
				<timestamp>3055.941902</timestamp>
			</report>
			<report>
				<misses>8741001</misses>
				<total>16</total>
				<timestamp>3056.291545</timestamp>
			</report>
			<report>
				<misses>8742001</misses>
				<total>16</total>
				<timestamp>3056.641200</timestamp>
			</report>
			<report>
				<misses>8743001</misses>
				<total>16</total>
				<timestamp>3056.990838</timestamp>
			</report>
			<report>
				<misses>8744001</misses>
				<total>16</total>
				<timestamp>3057.340484</timestamp>
			</report>
			<report>
				<misses>8745001</misses>
				<total>16</total>
				<timestamp>3057.690126</timestamp>
			</report>
			<report>
				<misses>8746001</misses>
				<total>16</total>
				<timestamp>3058.039782</timestamp>
			</report>
			<report>
				<misses>8747001</misses>
				<total>16</total>
				<timestamp>3058.389501</timestamp>
			</report>
			<report>
				<misses>8748001</misses>
				<total>16</total>
				<timestamp>3058.739125</timestamp>
			</report>
			<report>
				<misses>8749001</misses>
				<total>16</total>
				<timestamp>3059.088761</timestamp>
			</report>
			<report>
				<misses>8750001</misses>
				<total>16</total>
				<timestamp>3059.438413</timestamp>
			</report>
			<report>
				<misses>8751001</misses>
				<total>16</total>
				<timestamp>3059.788035</timestamp>
			</report>
			<report>
				<misses>8752001</misses>
				<total>16</total>
				<timestamp>3060.137710</timestamp>
			</report>
			<report>
				<misses>8753001</misses>
				<total>16</total>
				<timestamp>3060.487377</timestamp>
			</report>
			<report>
				<misses>8754001</misses>
				<total>16</total>
				<timestamp>3060.836986</timestamp>
			</report>
			<report>
				<misses>8755001</misses>
				<total>16</total>
				<timestamp>3061.186704</timestamp>
			</report>
			<report>
				<misses>8756001</misses>
				<total>16</total>
				<timestamp>3061.536296</timestamp>
			</report>
			<report>
				<misses>8757001</misses>
				<total>16</total>
				<timestamp>3061.885931</timestamp>
			</report>
			<report>
				<misses>8758001</misses>
				<total>16</total>
				<timestamp>3062.235628</timestamp>
			</report>
			<report>
				<misses>8759001</misses>
				<total>16</total>
				<timestamp>3062.585285</timestamp>
			</report>
			<report>
				<misses>8760001</misses>
				<total>16</total>
				<timestamp>3062.934887</timestamp>
			</report>
			<report>
				<misses>8761001</misses>
				<total>16</total>
				<timestamp>3063.284535</timestamp>
			</report>
			<report>
				<misses>8762001</misses>
				<total>16</total>
				<timestamp>3063.634197</timestamp>
			</report>
			<report>
				<misses>8763001</misses>
				<total>16</total>
				<timestamp>3063.983824</timestamp>
			</report>
			<report>
				<misses>8764001</misses>
				<total>16</total>
				<timestamp>3064.333537</timestamp>
			</report>
			<report>
				<misses>8765001</misses>
				<total>16</total>
				<timestamp>3064.683131</timestamp>
			</report>
			<report>
				<misses>8766001</misses>
				<total>16</total>
				<timestamp>3065.032814</timestamp>
			</report>
			<report>
				<misses>8767001</misses>
				<total>16</total>
				<timestamp>3065.382514</timestamp>
			</report>
			<report>
				<misses>8768001</misses>
				<total>16</total>
				<timestamp>3065.732128</timestamp>
			</report>
			<report>
				<misses>8769001</misses>
				<total>16</total>
				<timestamp>3066.081730</timestamp>
			</report>
			<report>
				<misses>8770001</misses>
				<total>16</total>
				<timestamp>3066.431432</timestamp>
			</report>
			<report>
				<misses>8771001</misses>
				<total>16</total>
				<timestamp>3066.781045</timestamp>
			</report>
			<report>
				<misses>8772001</misses>
				<total>16</total>
				<timestamp>3067.130717</timestamp>
			</report>
			<report>
				<misses>8773001</misses>
				<total>16</total>
				<timestamp>3067.480336</timestamp>
			</report>
			<report>
				<misses>8774001</misses>
				<total>16</total>
				<timestamp>3067.829989</timestamp>
			</report>
			<report>
				<misses>8775001</misses>
				<total>16</total>
				<timestamp>3068.179645</timestamp>
			</report>
			<report>
				<misses>8776001</misses>
				<total>16</total>
				<timestamp>3068.529301</timestamp>
			</report>
			<report>
				<misses>8777001</misses>
				<total>16</total>
				<timestamp>3068.878929</timestamp>
			</report>
			<report>
				<misses>8778001</misses>
				<total>16</total>
				<timestamp>3069.228612</timestamp>
			</report>
			<report>
				<misses>8779001</misses>
				<total>16</total>
				<timestamp>3069.578283</timestamp>
			</report>
			<report>
				<misses>8780001</misses>
				<total>16</total>
				<timestamp>3069.927870</timestamp>
			</report>
			<report>
				<misses>8781001</misses>
				<total>16</total>
				<timestamp>3070.277559</timestamp>
			</report>
			<report>
				<misses>8782001</misses>
				<total>16</total>
				<timestamp>3070.627211</timestamp>
			</report>
			<report>
				<misses>8783001</misses>
				<total>16</total>
				<timestamp>3070.976822</timestamp>
			</report>
			<report>
				<misses>8784001</misses>
				<total>16</total>
				<timestamp>3071.326516</timestamp>
			</report>
			<report>
				<misses>8785001</misses>
				<total>16</total>
				<timestamp>3071.676119</timestamp>
			</report>
			<report>
				<misses>8786001</misses>
				<total>16</total>
				<timestamp>3072.025785</timestamp>
			</report>
			<report>
				<misses>8787001</misses>
				<total>16</total>
				<timestamp>3072.375460</timestamp>
			</report>
			<report>
				<misses>8788001</misses>
				<total>16</total>
				<timestamp>3072.725111</timestamp>
			</report>
			<report>
				<misses>8789001</misses>
				<total>16</total>
				<timestamp>3073.074740</timestamp>
			</report>
			<report>
				<misses>8790001</misses>
				<total>16</total>
				<timestamp>3073.424423</timestamp>
			</report>
			<report>
				<misses>8791001</misses>
				<total>16</total>
				<timestamp>3073.774060</timestamp>
			</report>
			<report>
				<misses>8792001</misses>
				<total>16</total>
				<timestamp>3074.123692</timestamp>
			</report>
			<report>
				<misses>8793001</misses>
				<total>16</total>
				<timestamp>3074.473375</timestamp>
			</report>
			<report>
				<misses>8794001</misses>
				<total>16</total>
				<timestamp>3074.823010</timestamp>
			</report>
			<report>
				<misses>8795001</misses>
				<total>16</total>
				<timestamp>3075.172631</timestamp>
			</report>
			<report>
				<misses>8796001</misses>
				<total>16</total>
				<timestamp>3075.522281</timestamp>
			</report>
			<report>
				<misses>8797001</misses>
				<total>16</total>
				<timestamp>3075.871934</timestamp>
			</report>
			<report>
				<misses>8798001</misses>
				<total>16</total>
				<timestamp>3076.221608</timestamp>
			</report>
			<report>
				<misses>8799001</misses>
				<total>16</total>
				<timestamp>3076.571269</timestamp>
			</report>
			<report>
				<misses>8800001</misses>
				<total>16</total>
				<timestamp>3076.920891</timestamp>
			</report>
			<report>
				<misses>8801001</misses>
				<total>16</total>
				<timestamp>3077.270581</timestamp>
			</report>
			<report>
				<misses>8802001</misses>
				<total>16</total>
				<timestamp>3077.620191</timestamp>
			</report>
			<report>
				<misses>8803001</misses>
				<total>16</total>
				<timestamp>3077.969828</timestamp>
			</report>
			<report>
				<misses>8804001</misses>
				<total>16</total>
				<timestamp>3078.319509</timestamp>
			</report>
			<report>
				<misses>8805001</misses>
				<total>16</total>
				<timestamp>3078.669136</timestamp>
			</report>
			<report>
				<misses>8806001</misses>
				<total>16</total>
				<timestamp>3079.018784</timestamp>
			</report>
			<report>
				<misses>8807001</misses>
				<total>16</total>
				<timestamp>3079.368483</timestamp>
			</report>
			<report>
				<misses>8808001</misses>
				<total>16</total>
				<timestamp>3079.718122</timestamp>
			</report>
			<report>
				<misses>8809001</misses>
				<total>16</total>
				<timestamp>3080.067741</timestamp>
			</report>
			<report>
				<misses>8810001</misses>
				<total>16</total>
				<timestamp>3080.417419</timestamp>
			</report>
			<report>
				<misses>8811001</misses>
				<total>16</total>
				<timestamp>3080.767076</timestamp>
			</report>
			<report>
				<misses>8812001</misses>
				<total>16</total>
				<timestamp>3081.116673</timestamp>
			</report>
			<report>
				<misses>8813001</misses>
				<total>16</total>
				<timestamp>3081.466379</timestamp>
			</report>
			<report>
				<misses>8814001</misses>
				<total>16</total>
				<timestamp>3081.815973</timestamp>
			</report>
			<report>
				<misses>8815001</misses>
				<total>16</total>
				<timestamp>3082.165628</timestamp>
			</report>
			<report>
				<misses>8816001</misses>
				<total>16</total>
				<timestamp>3082.515282</timestamp>
			</report>
			<report>
				<misses>8817001</misses>
				<total>16</total>
				<timestamp>3082.864938</timestamp>
			</report>
			<report>
				<misses>8818001</misses>
				<total>16</total>
				<timestamp>3083.214585</timestamp>
			</report>
			<report>
				<misses>8819001</misses>
				<total>16</total>
				<timestamp>3083.564244</timestamp>
			</report>
			<report>
				<misses>8820001</misses>
				<total>16</total>
				<timestamp>3083.913878</timestamp>
			</report>
			<report>
				<misses>8821001</misses>
				<total>16</total>
				<timestamp>3084.263553</timestamp>
			</report>
			<report>
				<misses>8822001</misses>
				<total>16</total>
				<timestamp>3084.613215</timestamp>
			</report>
			<report>
				<misses>8823001</misses>
				<total>16</total>
				<timestamp>3084.962827</timestamp>
			</report>
			<report>
				<misses>8824001</misses>
				<total>16</total>
				<timestamp>3085.312588</timestamp>
			</report>
			<report>
				<misses>8825001</misses>
				<total>16</total>
				<timestamp>3085.662124</timestamp>
			</report>
			<report>
				<misses>8826001</misses>
				<total>16</total>
				<timestamp>3086.011779</timestamp>
			</report>
			<report>
				<misses>8827001</misses>
				<total>16</total>
				<timestamp>3086.361430</timestamp>
			</report>
			<report>
				<misses>8828001</misses>
				<total>16</total>
				<timestamp>3086.711106</timestamp>
			</report>
			<report>
				<misses>8829001</misses>
				<total>16</total>
				<timestamp>3087.060747</timestamp>
			</report>
			<report>
				<misses>8830001</misses>
				<total>16</total>
				<timestamp>3087.410425</timestamp>
			</report>
			<report>
				<misses>8831001</misses>
				<total>16</total>
				<timestamp>3087.760075</timestamp>
			</report>
			<report>
				<misses>8832001</misses>
				<total>16</total>
				<timestamp>3088.109742</timestamp>
			</report>
			<report>
				<misses>8833001</misses>
				<total>16</total>
				<timestamp>3088.459379</timestamp>
			</report>
			<report>
				<misses>8834001</misses>
				<total>16</total>
				<timestamp>3088.808996</timestamp>
			</report>
			<report>
				<misses>8835001</misses>
				<total>16</total>
				<timestamp>3089.158666</timestamp>
			</report>
			<report>
				<misses>8836001</misses>
				<total>16</total>
				<timestamp>3089.508353</timestamp>
			</report>
			<report>
				<misses>8837001</misses>
				<total>16</total>
				<timestamp>3089.857957</timestamp>
			</report>
			<report>
				<misses>8838001</misses>
				<total>16</total>
				<timestamp>3090.207584</timestamp>
			</report>
			<report>
				<misses>8839001</misses>
				<total>16</total>
				<timestamp>3090.557251</timestamp>
			</report>
			<report>
				<misses>8840001</misses>
				<total>16</total>
				<timestamp>3090.906916</timestamp>
			</report>
			<report>
				<misses>8841001</misses>
				<total>16</total>
				<timestamp>3091.256550</timestamp>
			</report>
			<report>
				<misses>8842001</misses>
				<total>16</total>
				<timestamp>3091.606186</timestamp>
			</report>
			<report>
				<misses>8843001</misses>
				<total>16</total>
				<timestamp>3091.955844</timestamp>
			</report>
			<report>
				<misses>8844001</misses>
				<total>16</total>
				<timestamp>3092.305514</timestamp>
			</report>
			<report>
				<misses>8845001</misses>
				<total>16</total>
				<timestamp>3092.655172</timestamp>
			</report>
			<report>
				<misses>8846001</misses>
				<total>16</total>
				<timestamp>3093.004784</timestamp>
			</report>
			<report>
				<misses>8847001</misses>
				<total>16</total>
				<timestamp>3093.354479</timestamp>
			</report>
			<report>
				<misses>8848001</misses>
				<total>16</total>
				<timestamp>3093.704100</timestamp>
			</report>
			<report>
				<misses>8849001</misses>
				<total>16</total>
				<timestamp>3094.053725</timestamp>
			</report>
			<report>
				<misses>8850001</misses>
				<total>16</total>
				<timestamp>3094.403383</timestamp>
			</report>
			<report>
				<misses>8851001</misses>
				<total>16</total>
				<timestamp>3094.753023</timestamp>
			</report>
			<report>
				<misses>8852001</misses>
				<total>16</total>
				<timestamp>3095.102689</timestamp>
			</report>
			<report>
				<misses>8853001</misses>
				<total>16</total>
				<timestamp>3095.452342</timestamp>
			</report>
			<report>
				<misses>8854001</misses>
				<total>16</total>
				<timestamp>3095.802012</timestamp>
			</report>
			<report>
				<misses>8855001</misses>
				<total>16</total>
				<timestamp>3096.151638</timestamp>
			</report>
			<report>
				<misses>8856001</misses>
				<total>16</total>
				<timestamp>3096.501318</timestamp>
			</report>
			<report>
				<misses>8857001</misses>
				<total>16</total>
				<timestamp>3096.850948</timestamp>
			</report>
			<report>
				<misses>8858001</misses>
				<total>16</total>
				<timestamp>3097.200583</timestamp>
			</report>
			<report>
				<misses>8859001</misses>
				<total>16</total>
				<timestamp>3097.550250</timestamp>
			</report>
			<report>
				<misses>8860001</misses>
				<total>16</total>
				<timestamp>3097.899897</timestamp>
			</report>
			<report>
				<misses>8861001</misses>
				<total>16</total>
				<timestamp>3098.249571</timestamp>
			</report>
			<report>
				<misses>8862001</misses>
				<total>16</total>
				<timestamp>3098.599290</timestamp>
			</report>
			<report>
				<misses>8863001</misses>
				<total>16</total>
				<timestamp>3098.948825</timestamp>
			</report>
			<report>
				<misses>8864001</misses>
				<total>16</total>
				<timestamp>3099.298509</timestamp>
			</report>
			<report>
				<misses>8865001</misses>
				<total>16</total>
				<timestamp>3099.648135</timestamp>
			</report>
			<report>
				<misses>8866001</misses>
				<total>16</total>
				<timestamp>3099.997794</timestamp>
			</report>
			<report>
				<misses>8867001</misses>
				<total>16</total>
				<timestamp>3100.347418</timestamp>
			</report>
			<report>
				<misses>8868001</misses>
				<total>16</total>
				<timestamp>3100.697122</timestamp>
			</report>
			<report>
				<misses>8869001</misses>
				<total>16</total>
				<timestamp>3101.046739</timestamp>
			</report>
			<report>
				<misses>8870001</misses>
				<total>16</total>
				<timestamp>3101.396404</timestamp>
			</report>
			<report>
				<misses>8871001</misses>
				<total>16</total>
				<timestamp>3101.746025</timestamp>
			</report>
			<report>
				<misses>8872001</misses>
				<total>16</total>
				<timestamp>3102.095698</timestamp>
			</report>
			<report>
				<misses>8873001</misses>
				<total>16</total>
				<timestamp>3102.445378</timestamp>
			</report>
			<report>
				<misses>8874001</misses>
				<total>16</total>
				<timestamp>3102.795004</timestamp>
			</report>
			<report>
				<misses>8875001</misses>
				<total>16</total>
				<timestamp>3103.144645</timestamp>
			</report>
			<report>
				<misses>8876001</misses>
				<total>16</total>
				<timestamp>3103.494300</timestamp>
			</report>
			<report>
				<misses>8877001</misses>
				<total>16</total>
				<timestamp>3103.843942</timestamp>
			</report>
			<report>
				<misses>8878001</misses>
				<total>16</total>
				<timestamp>3104.193585</timestamp>
			</report>
			<report>
				<misses>8879001</misses>
				<total>16</total>
				<timestamp>3104.543269</timestamp>
			</report>
			<report>
				<misses>8880001</misses>
				<total>16</total>
				<timestamp>3104.892896</timestamp>
			</report>
			<report>
				<misses>8881001</misses>
				<total>16</total>
				<timestamp>3105.242539</timestamp>
			</report>
			<report>
				<misses>8882001</misses>
				<total>16</total>
				<timestamp>3105.592220</timestamp>
			</report>
			<report>
				<misses>8883001</misses>
				<total>16</total>
				<timestamp>3105.941837</timestamp>
			</report>
			<report>
				<misses>8884001</misses>
				<total>16</total>
				<timestamp>3106.291491</timestamp>
			</report>
			<report>
				<misses>8885001</misses>
				<total>16</total>
				<timestamp>3106.641151</timestamp>
			</report>
			<report>
				<misses>8886001</misses>
				<total>16</total>
				<timestamp>3106.990780</timestamp>
			</report>
			<report>
				<misses>8887001</misses>
				<total>16</total>
				<timestamp>3107.340452</timestamp>
			</report>
			<report>
				<misses>8888001</misses>
				<total>16</total>
				<timestamp>3107.690102</timestamp>
			</report>
			<report>
				<misses>8889001</misses>
				<total>16</total>
				<timestamp>3108.039748</timestamp>
			</report>
			<report>
				<misses>8890001</misses>
				<total>16</total>
				<timestamp>3108.389416</timestamp>
			</report>
			<report>
				<misses>8891001</misses>
				<total>16</total>
				<timestamp>3108.739030</timestamp>
			</report>
			<report>
				<misses>8892001</misses>
				<total>16</total>
				<timestamp>3109.088691</timestamp>
			</report>
			<report>
				<misses>8893001</misses>
				<total>16</total>
				<timestamp>3109.438417</timestamp>
			</report>
			<report>
				<misses>8894001</misses>
				<total>16</total>
				<timestamp>3109.787994</timestamp>
			</report>
			<report>
				<misses>8895001</misses>
				<total>16</total>
				<timestamp>3110.137623</timestamp>
			</report>
			<report>
				<misses>8896001</misses>
				<total>16</total>
				<timestamp>3110.487309</timestamp>
			</report>
			<report>
				<misses>8897001</misses>
				<total>16</total>
				<timestamp>3110.836952</timestamp>
			</report>
			<report>
				<misses>8898001</misses>
				<total>16</total>
				<timestamp>3111.186625</timestamp>
			</report>
			<report>
				<misses>8899001</misses>
				<total>16</total>
				<timestamp>3111.536266</timestamp>
			</report>
			<report>
				<misses>8900001</misses>
				<total>16</total>
				<timestamp>3111.885917</timestamp>
			</report>
			<report>
				<misses>8901001</misses>
				<total>16</total>
				<timestamp>3112.235548</timestamp>
			</report>
			<report>
				<misses>8902001</misses>
				<total>16</total>
				<timestamp>3112.585218</timestamp>
			</report>
			<report>
				<misses>8903001</misses>
				<total>16</total>
				<timestamp>3112.934823</timestamp>
			</report>
			<report>
				<misses>8904001</misses>
				<total>16</total>
				<timestamp>3113.284486</timestamp>
			</report>
			<report>
				<misses>8905001</misses>
				<total>16</total>
				<timestamp>3113.634210</timestamp>
			</report>
			<report>
				<misses>8906001</misses>
				<total>16</total>
				<timestamp>3113.983800</timestamp>
			</report>
			<report>
				<misses>8907001</misses>
				<total>16</total>
				<timestamp>3114.333455</timestamp>
			</report>
			<report>
				<misses>8908001</misses>
				<total>16</total>
				<timestamp>3114.683100</timestamp>
			</report>
			<report>
				<misses>8909001</misses>
				<total>16</total>
				<timestamp>3115.032764</timestamp>
			</report>
			<report>
				<misses>8910001</misses>
				<total>16</total>
				<timestamp>3115.382433</timestamp>
			</report>
			<report>
				<misses>8911001</misses>
				<total>16</total>
				<timestamp>3115.732023</timestamp>
			</report>
			<report>
				<misses>8912001</misses>
				<total>16</total>
				<timestamp>3116.081690</timestamp>
			</report>
			<report>
				<misses>8913001</misses>
				<total>16</total>
				<timestamp>3116.431346</timestamp>
			</report>
			<report>
				<misses>8914001</misses>
				<total>16</total>
				<timestamp>3116.780968</timestamp>
			</report>
			<report>
				<misses>8915001</misses>
				<total>16</total>
				<timestamp>3117.130627</timestamp>
			</report>
			<report>
				<misses>8916001</misses>
				<total>16</total>
				<timestamp>3117.480339</timestamp>
			</report>
			<report>
				<misses>8917001</misses>
				<total>16</total>
				<timestamp>3117.829937</timestamp>
			</report>
			<report>
				<misses>8918001</misses>
				<total>16</total>
				<timestamp>3118.179583</timestamp>
			</report>
			<report>
				<misses>8919001</misses>
				<total>16</total>
				<timestamp>3118.529267</timestamp>
			</report>
			<report>
				<misses>8920001</misses>
				<total>16</total>
				<timestamp>3118.878941</timestamp>
			</report>
			<report>
				<misses>8921001</misses>
				<total>16</total>
				<timestamp>3119.228547</timestamp>
			</report>
			<report>
				<misses>8922001</misses>
				<total>16</total>
				<timestamp>3119.578232</timestamp>
			</report>
			<report>
				<misses>8923001</misses>
				<total>16</total>
				<timestamp>3119.927823</timestamp>
			</report>
			<report>
				<misses>8924001</misses>
				<total>16</total>
				<timestamp>3120.277511</timestamp>
			</report>
			<report>
				<misses>8925001</misses>
				<total>16</total>
				<timestamp>3120.627192</timestamp>
			</report>
			<report>
				<misses>8926001</misses>
				<total>16</total>
				<timestamp>3120.976792</timestamp>
			</report>
			<report>
				<misses>8927001</misses>
				<total>16</total>
				<timestamp>3121.326442</timestamp>
			</report>
			<report>
				<misses>8928001</misses>
				<total>16</total>
				<timestamp>3121.676120</timestamp>
			</report>
			<report>
				<misses>8929001</misses>
				<total>16</total>
				<timestamp>3122.025729</timestamp>
			</report>
			<report>
				<misses>8930001</misses>
				<total>16</total>
				<timestamp>3122.375388</timestamp>
			</report>
			<report>
				<misses>8931001</misses>
				<total>16</total>
				<timestamp>3122.725082</timestamp>
			</report>
			<report>
				<misses>8932001</misses>
				<total>16</total>
				<timestamp>3123.074683</timestamp>
			</report>
			<report>
				<misses>8933001</misses>
				<total>16</total>
				<timestamp>3123.424324</timestamp>
			</report>
			<report>
				<misses>8934001</misses>
				<total>16</total>
				<timestamp>3123.773983</timestamp>
			</report>
			<report>
				<misses>8935001</misses>
				<total>16</total>
				<timestamp>3124.123638</timestamp>
			</report>
			<report>
				<misses>8936001</misses>
				<total>16</total>
				<timestamp>3124.473284</timestamp>
			</report>
			<report>
				<misses>8937001</misses>
				<total>16</total>
				<timestamp>3124.822934</timestamp>
			</report>
			<report>
				<misses>8938001</misses>
				<total>16</total>
				<timestamp>3125.172607</timestamp>
			</report>
			<report>
				<misses>8939001</misses>
				<total>16</total>
				<timestamp>3125.522252</timestamp>
			</report>
			<report>
				<misses>8940001</misses>
				<total>16</total>
				<timestamp>3125.871883</timestamp>
			</report>
			<report>
				<misses>8941001</misses>
				<total>16</total>
				<timestamp>3126.221530</timestamp>
			</report>
			<report>
				<misses>8942001</misses>
				<total>16</total>
				<timestamp>3126.571216</timestamp>
			</report>
			<report>
				<misses>8943001</misses>
				<total>16</total>
				<timestamp>3126.920871</timestamp>
			</report>
			<report>
				<misses>8944001</misses>
				<total>16</total>
				<timestamp>3127.270485</timestamp>
			</report>
			<report>
				<misses>8945001</misses>
				<total>16</total>
				<timestamp>3127.620159</timestamp>
			</report>
			<report>
				<misses>8946001</misses>
				<total>16</total>
				<timestamp>3127.969794</timestamp>
			</report>
			<report>
				<misses>8947001</misses>
				<total>16</total>
				<timestamp>3128.319446</timestamp>
			</report>
			<report>
				<misses>8948001</misses>
				<total>16</total>
				<timestamp>3128.669158</timestamp>
			</report>
			<report>
				<misses>8949001</misses>
				<total>16</total>
				<timestamp>3129.018747</timestamp>
			</report>
			<report>
				<misses>8950001</misses>
				<total>16</total>
				<timestamp>3129.368398</timestamp>
			</report>
			<report>
				<misses>8951001</misses>
				<total>16</total>
				<timestamp>3129.718085</timestamp>
			</report>
			<report>
				<misses>8952001</misses>
				<total>16</total>
				<timestamp>3130.067692</timestamp>
			</report>
			<report>
				<misses>8953001</misses>
				<total>16</total>
				<timestamp>3130.417334</timestamp>
			</report>
			<report>
				<misses>8954001</misses>
				<total>16</total>
				<timestamp>3130.767055</timestamp>
			</report>
			<report>
				<misses>8955001</misses>
				<total>16</total>
				<timestamp>3131.116662</timestamp>
			</report>
			<report>
				<misses>8956001</misses>
				<total>16</total>
				<timestamp>3131.466286</timestamp>
			</report>
			<report>
				<misses>8957001</misses>
				<total>16</total>
				<timestamp>3131.815927</timestamp>
			</report>
			<report>
				<misses>8958001</misses>
				<total>16</total>
				<timestamp>3132.165616</timestamp>
			</report>
			<report>
				<misses>8959001</misses>
				<total>16</total>
				<timestamp>3132.515250</timestamp>
			</report>
			<report>
				<misses>8960001</misses>
				<total>16</total>
				<timestamp>3132.864887</timestamp>
			</report>
			<report>
				<misses>8961001</misses>
				<total>16</total>
				<timestamp>3133.214538</timestamp>
			</report>
			<report>
				<misses>8962001</misses>
				<total>16</total>
				<timestamp>3133.564217</timestamp>
			</report>
			<report>
				<misses>8963001</misses>
				<total>16</total>
				<timestamp>3133.913848</timestamp>
			</report>
			<report>
				<misses>8964001</misses>
				<total>16</total>
				<timestamp>3134.263480</timestamp>
			</report>
			<report>
				<misses>8965001</misses>
				<total>16</total>
				<timestamp>3134.613117</timestamp>
			</report>
			<report>
				<misses>8966001</misses>
				<total>16</total>
				<timestamp>3134.962788</timestamp>
			</report>
			<report>
				<misses>8967001</misses>
				<total>16</total>
				<timestamp>3135.312430</timestamp>
			</report>
			<report>
				<misses>8968001</misses>
				<total>16</total>
				<timestamp>3135.662117</timestamp>
			</report>
			<report>
				<misses>8969001</misses>
				<total>16</total>
				<timestamp>3136.011725</timestamp>
			</report>
			<report>
				<misses>8970001</misses>
				<total>16</total>
				<timestamp>3136.361400</timestamp>
			</report>
			<report>
				<misses>8971001</misses>
				<total>16</total>
				<timestamp>3136.711049</timestamp>
			</report>
			<report>
				<misses>8972001</misses>
				<total>16</total>
				<timestamp>3137.060707</timestamp>
			</report>
			<report>
				<misses>8973001</misses>
				<total>16</total>
				<timestamp>3137.410342</timestamp>
			</report>
			<report>
				<misses>8974001</misses>
				<total>16</total>
				<timestamp>3137.760015</timestamp>
			</report>
			<report>
				<misses>8975001</misses>
				<total>16</total>
				<timestamp>3138.109625</timestamp>
			</report>
			<report>
				<misses>8976001</misses>
				<total>16</total>
				<timestamp>3138.459317</timestamp>
			</report>
			<report>
				<misses>8977001</misses>
				<total>16</total>
				<timestamp>3138.808946</timestamp>
			</report>
			<report>
				<misses>8978001</misses>
				<total>16</total>
				<timestamp>3139.158586</timestamp>
			</report>
			<report>
				<misses>8979001</misses>
				<total>16</total>
				<timestamp>3139.508242</timestamp>
			</report>
			<report>
				<misses>8980001</misses>
				<total>16</total>
				<timestamp>3139.857928</timestamp>
			</report>
			<report>
				<misses>8981001</misses>
				<total>16</total>
				<timestamp>3140.207570</timestamp>
			</report>
			<report>
				<misses>8982001</misses>
				<total>16</total>
				<timestamp>3140.557191</timestamp>
			</report>
			<report>
				<misses>8983001</misses>
				<total>16</total>
				<timestamp>3140.906828</timestamp>
			</report>
			<report>
				<misses>8984001</misses>
				<total>16</total>
				<timestamp>3141.256481</timestamp>
			</report>
			<report>
				<misses>8985001</misses>
				<total>16</total>
				<timestamp>3141.606170</timestamp>
			</report>
			<report>
				<misses>8986001</misses>
				<total>16</total>
				<timestamp>3141.955829</timestamp>
			</report>
			<report>
				<misses>8987001</misses>
				<total>16</total>
				<timestamp>3142.305447</timestamp>
			</report>
			<report>
				<misses>8988001</misses>
				<total>16</total>
				<timestamp>3142.655138</timestamp>
			</report>
			<report>
				<misses>8989001</misses>
				<total>16</total>
				<timestamp>3143.004740</timestamp>
			</report>
			<report>
				<misses>8990001</misses>
				<total>16</total>
				<timestamp>3143.354378</timestamp>
			</report>
			<report>
				<misses>8991001</misses>
				<total>16</total>
				<timestamp>3143.704067</timestamp>
			</report>
			<report>
				<misses>8992001</misses>
				<total>16</total>
				<timestamp>3144.053666</timestamp>
			</report>
			<report>
				<misses>8993001</misses>
				<total>16</total>
				<timestamp>3144.403335</timestamp>
			</report>
			<report>
				<misses>8994001</misses>
				<total>16</total>
				<timestamp>3144.752994</timestamp>
			</report>
			<report>
				<misses>8995001</misses>
				<total>16</total>
				<timestamp>3145.102621</timestamp>
			</report>
			<report>
				<misses>8996001</misses>
				<total>16</total>
				<timestamp>3145.452278</timestamp>
			</report>
			<report>
				<misses>8997001</misses>
				<total>16</total>
				<timestamp>3145.802017</timestamp>
			</report>
			<report>
				<misses>8998001</misses>
				<total>16</total>
				<timestamp>3146.151596</timestamp>
			</report>
			<report>
				<misses>8999001</misses>
				<total>16</total>
				<timestamp>3146.501248</timestamp>
			</report>
			<report>
				<misses>9000001</misses>
				<total>16</total>
				<timestamp>3146.850871</timestamp>
			</report>
			<report>
				<misses>9001001</misses>
				<total>16</total>
				<timestamp>3147.200548</timestamp>
			</report>
			<report>
				<misses>9002001</misses>
				<total>16</total>
				<timestamp>3147.550200</timestamp>
			</report>
			<report>
				<misses>9003001</misses>
				<total>16</total>
				<timestamp>3147.899822</timestamp>
			</report>
			<report>
				<misses>9004001</misses>
				<total>16</total>
				<timestamp>3148.249523</timestamp>
			</report>
			<report>
				<misses>9005001</misses>
				<total>16</total>
				<timestamp>3148.599141</timestamp>
			</report>
			<report>
				<misses>9006001</misses>
				<total>16</total>
				<timestamp>3148.948784</timestamp>
			</report>
			<report>
				<misses>9007001</misses>
				<total>16</total>
				<timestamp>3149.298466</timestamp>
			</report>
			<report>
				<misses>9008001</misses>
				<total>16</total>
				<timestamp>3149.648101</timestamp>
			</report>
			<report>
				<misses>9009001</misses>
				<total>16</total>
				<timestamp>3149.997760</timestamp>
			</report>
			<report>
				<misses>9010001</misses>
				<total>16</total>
				<timestamp>3150.347389</timestamp>
			</report>
			<report>
				<misses>9011001</misses>
				<total>16</total>
				<timestamp>3150.697033</timestamp>
			</report>
			<report>
				<misses>9012001</misses>
				<total>16</total>
				<timestamp>3151.046687</timestamp>
			</report>
			<report>
				<misses>9013001</misses>
				<total>16</total>
				<timestamp>3151.396331</timestamp>
			</report>
			<report>
				<misses>9014001</misses>
				<total>16</total>
				<timestamp>3151.745994</timestamp>
			</report>
			<report>
				<misses>9015001</misses>
				<total>16</total>
				<timestamp>3152.095655</timestamp>
			</report>
			<report>
				<misses>9016001</misses>
				<total>16</total>
				<timestamp>3152.445309</timestamp>
			</report>
			<report>
				<misses>9017001</misses>
				<total>16</total>
				<timestamp>3152.794961</timestamp>
			</report>
			<report>
				<misses>9018001</misses>
				<total>16</total>
				<timestamp>3153.144588</timestamp>
			</report>
			<report>
				<misses>9019001</misses>
				<total>16</total>
				<timestamp>3153.494239</timestamp>
			</report>
			<report>
				<misses>9020001</misses>
				<total>16</total>
				<timestamp>3153.843907</timestamp>
			</report>
			<report>
				<misses>9021001</misses>
				<total>16</total>
				<timestamp>3154.193534</timestamp>
			</report>
			<report>
				<misses>9022001</misses>
				<total>16</total>
				<timestamp>3154.543215</timestamp>
			</report>
			<report>
				<misses>9023001</misses>
				<total>16</total>
				<timestamp>3154.892851</timestamp>
			</report>
			<report>
				<misses>9024001</misses>
				<total>16</total>
				<timestamp>3155.242489</timestamp>
			</report>
			<report>
				<misses>9025001</misses>
				<total>16</total>
				<timestamp>3155.592134</timestamp>
			</report>
			<report>
				<misses>9026001</misses>
				<total>16</total>
				<timestamp>3155.941807</timestamp>
			</report>
			<report>
				<misses>9027001</misses>
				<total>16</total>
				<timestamp>3156.291439</timestamp>
			</report>
			<report>
				<misses>9028001</misses>
				<total>16</total>
				<timestamp>3156.641110</timestamp>
			</report>
			<report>
				<misses>9029001</misses>
				<total>16</total>
				<timestamp>3156.990724</timestamp>
			</report>
			<report>
				<misses>9030001</misses>
				<total>16</total>
				<timestamp>3157.340403</timestamp>
			</report>
			<report>
				<misses>9031001</misses>
				<total>16</total>
				<timestamp>3157.690049</timestamp>
			</report>
			<report>
				<misses>9032001</misses>
				<total>16</total>
				<timestamp>3158.039706</timestamp>
			</report>
			<report>
				<misses>9033001</misses>
				<total>16</total>
				<timestamp>3158.389325</timestamp>
			</report>
			<report>
				<misses>9034001</misses>
				<total>16</total>
				<timestamp>3158.739031</timestamp>
			</report>
			<report>
				<misses>9035001</misses>
				<total>16</total>
				<timestamp>3159.088640</timestamp>
			</report>
			<report>
				<misses>9036001</misses>
				<total>16</total>
				<timestamp>3159.438289</timestamp>
			</report>
			<report>
				<misses>9037001</misses>
				<total>16</total>
				<timestamp>3159.787939</timestamp>
			</report>
			<report>
				<misses>9038001</misses>
				<total>16</total>
				<timestamp>3160.137577</timestamp>
			</report>
			<report>
				<misses>9039001</misses>
				<total>16</total>
				<timestamp>3160.487246</timestamp>
			</report>
			<report>
				<misses>9040001</misses>
				<total>16</total>
				<timestamp>3160.836938</timestamp>
			</report>
			<report>
				<misses>9041001</misses>
				<total>16</total>
				<timestamp>3161.186518</timestamp>
			</report>
			<report>
				<misses>9042001</misses>
				<total>16</total>
				<timestamp>3161.536181</timestamp>
			</report>
			<report>
				<misses>9043001</misses>
				<total>16</total>
				<timestamp>3161.885868</timestamp>
			</report>
			<report>
				<misses>9044001</misses>
				<total>16</total>
				<timestamp>3162.235469</timestamp>
			</report>
			<report>
				<misses>9045001</misses>
				<total>16</total>
				<timestamp>3162.585179</timestamp>
			</report>
			<report>
				<misses>9046001</misses>
				<total>16</total>
				<timestamp>3162.934779</timestamp>
			</report>
			<report>
				<misses>9047001</misses>
				<total>16</total>
				<timestamp>3163.284424</timestamp>
			</report>
			<report>
				<misses>9048001</misses>
				<total>16</total>
				<timestamp>3163.634104</timestamp>
			</report>
			<report>
				<misses>9049001</misses>
				<total>16</total>
				<timestamp>3163.983741</timestamp>
			</report>
			<report>
				<misses>9050001</misses>
				<total>16</total>
				<timestamp>3164.333374</timestamp>
			</report>
			<report>
				<misses>9051001</misses>
				<total>16</total>
				<timestamp>3164.683057</timestamp>
			</report>
			<report>
				<misses>9052001</misses>
				<total>16</total>
				<timestamp>3165.032680</timestamp>
			</report>
			<report>
				<misses>9053001</misses>
				<total>16</total>
				<timestamp>3165.382334</timestamp>
			</report>
			<report>
				<misses>9054001</misses>
				<total>16</total>
				<timestamp>3165.732019</timestamp>
			</report>
			<report>
				<misses>9055001</misses>
				<total>16</total>
				<timestamp>3166.081627</timestamp>
			</report>
			<report>
				<misses>9056001</misses>
				<total>16</total>
				<timestamp>3166.431262</timestamp>
			</report>
			<report>
				<misses>9057001</misses>
				<total>16</total>
				<timestamp>3166.780976</timestamp>
			</report>
			<report>
				<misses>9058001</misses>
				<total>16</total>
				<timestamp>3167.130581</timestamp>
			</report>
			<report>
				<misses>9059001</misses>
				<total>16</total>
				<timestamp>3167.480224</timestamp>
			</report>
			<report>
				<misses>9060001</misses>
				<total>16</total>
				<timestamp>3167.829961</timestamp>
			</report>
			<report>
				<misses>9061001</misses>
				<total>16</total>
				<timestamp>3168.179521</timestamp>
			</report>
			<report>
				<misses>9062001</misses>
				<total>16</total>
				<timestamp>3168.529185</timestamp>
			</report>
			<report>
				<misses>9063001</misses>
				<total>16</total>
				<timestamp>3168.878879</timestamp>
			</report>
			<report>
				<misses>9064001</misses>
				<total>16</total>
				<timestamp>3169.228484</timestamp>
			</report>
			<report>
				<misses>9065001</misses>
				<total>16</total>
				<timestamp>3169.578154</timestamp>
			</report>
			<report>
				<misses>9066001</misses>
				<total>16</total>
				<timestamp>3169.927825</timestamp>
			</report>
			<report>
				<misses>9067001</misses>
				<total>16</total>
				<timestamp>3170.277455</timestamp>
			</report>
			<report>
				<misses>9068001</misses>
				<total>16</total>
				<timestamp>3170.627106</timestamp>
			</report>
			<report>
				<misses>9069001</misses>
				<total>16</total>
				<timestamp>3170.976749</timestamp>
			</report>
			<report>
				<misses>9070001</misses>
				<total>16</total>
				<timestamp>3171.326396</timestamp>
			</report>
			<report>
				<misses>9071001</misses>
				<total>16</total>
				<timestamp>3171.676046</timestamp>
			</report>
			<report>
				<misses>9072001</misses>
				<total>16</total>
				<timestamp>3172.025687</timestamp>
			</report>
			<report>
				<misses>9073001</misses>
				<total>16</total>
				<timestamp>3172.375347</timestamp>
			</report>
			<report>
				<misses>9074001</misses>
				<total>16</total>
				<timestamp>3172.725000</timestamp>
			</report>
			<report>
				<misses>9075001</misses>
				<total>16</total>
				<timestamp>3173.074670</timestamp>
			</report>
			<report>
				<misses>9076001</misses>
				<total>16</total>
				<timestamp>3173.424310</timestamp>
			</report>
			<report>
				<misses>9077001</misses>
				<total>16</total>
				<timestamp>3173.773965</timestamp>
			</report>
			<report>
				<misses>9078001</misses>
				<total>16</total>
				<timestamp>3174.123587</timestamp>
			</report>
			<report>
				<misses>9079001</misses>
				<total>16</total>
				<timestamp>3174.473249</timestamp>
			</report>
			<report>
				<misses>9080001</misses>
				<total>16</total>
				<timestamp>3174.822918</timestamp>
			</report>
			<report>
				<misses>9081001</misses>
				<total>16</total>
				<timestamp>3175.172581</timestamp>
			</report>
			<report>
				<misses>9082001</misses>
				<total>16</total>
				<timestamp>3175.522196</timestamp>
			</report>
			<report>
				<misses>9083001</misses>
				<total>16</total>
				<timestamp>3175.871860</timestamp>
			</report>
			<report>
				<misses>9084001</misses>
				<total>16</total>
				<timestamp>3176.221476</timestamp>
			</report>
			<report>
				<misses>9085001</misses>
				<total>16</total>
				<timestamp>3176.571155</timestamp>
			</report>
			<report>
				<misses>9086001</misses>
				<total>16</total>
				<timestamp>3176.920800</timestamp>
			</report>
			<report>
				<misses>9087001</misses>
				<total>16</total>
				<timestamp>3177.270424</timestamp>
			</report>
			<report>
				<misses>9088001</misses>
				<total>16</total>
				<timestamp>3177.620093</timestamp>
			</report>
			<report>
				<misses>9089001</misses>
				<total>16</total>
				<timestamp>3177.969769</timestamp>
			</report>
			<report>
				<misses>9090001</misses>
				<total>16</total>
				<timestamp>3178.319403</timestamp>
			</report>
			<report>
				<misses>9091001</misses>
				<total>16</total>
				<timestamp>3178.669033</timestamp>
			</report>
			<report>
				<misses>9092001</misses>
				<total>16</total>
				<timestamp>3179.018750</timestamp>
			</report>
			<report>
				<misses>9093001</misses>
				<total>16</total>
				<timestamp>3179.368353</timestamp>
			</report>
			<report>
				<misses>9094001</misses>
				<total>16</total>
				<timestamp>3179.718000</timestamp>
			</report>
			<report>
				<misses>9095001</misses>
				<total>16</total>
				<timestamp>3180.067669</timestamp>
			</report>
			<report>
				<misses>9096001</misses>
				<total>16</total>
				<timestamp>3180.417273</timestamp>
			</report>
			<report>
				<misses>9097001</misses>
				<total>16</total>
				<timestamp>3180.766935</timestamp>
			</report>
			<report>
				<misses>9098001</misses>
				<total>16</total>
				<timestamp>3181.116624</timestamp>
			</report>
			<report>
				<misses>9099001</misses>
				<total>16</total>
				<timestamp>3181.466234</timestamp>
			</report>
			<report>
				<misses>9100001</misses>
				<total>16</total>
				<timestamp>3181.815916</timestamp>
			</report>
			<report>
				<misses>9101001</misses>
				<total>16</total>
				<timestamp>3182.165522</timestamp>
			</report>
			<report>
				<misses>9102001</misses>
				<total>16</total>
				<timestamp>3182.515186</timestamp>
			</report>
			<report>
				<misses>9103001</misses>
				<total>16</total>
				<timestamp>3182.864937</timestamp>
			</report>
			<report>
				<misses>9104001</misses>
				<total>16</total>
				<timestamp>3183.214488</timestamp>
			</report>
			<report>
				<misses>9105001</misses>
				<total>16</total>
				<timestamp>3183.564139</timestamp>
			</report>
			<report>
				<misses>9106001</misses>
				<total>16</total>
				<timestamp>3183.913796</timestamp>
			</report>
			<report>
				<misses>9107001</misses>
				<total>16</total>
				<timestamp>3184.263450</timestamp>
			</report>
			<report>
				<misses>9108001</misses>
				<total>16</total>
				<timestamp>3184.613101</timestamp>
			</report>
			<report>
				<misses>9109001</misses>
				<total>16</total>
				<timestamp>3184.962825</timestamp>
			</report>
			<report>
				<misses>9110001</misses>
				<total>16</total>
				<timestamp>3185.312388</timestamp>
			</report>
			<report>
				<misses>9111001</misses>
				<total>16</total>
				<timestamp>3185.662062</timestamp>
			</report>
			<report>
				<misses>9112001</misses>
				<total>16</total>
				<timestamp>3186.011712</timestamp>
			</report>
			<report>
				<misses>9113001</misses>
				<total>16</total>
				<timestamp>3186.361349</timestamp>
			</report>
			<report>
				<misses>9114001</misses>
				<total>16</total>
				<timestamp>3186.710989</timestamp>
			</report>
			<report>
				<misses>9115001</misses>
				<total>16</total>
				<timestamp>3187.060658</timestamp>
			</report>
			<report>
				<misses>9116001</misses>
				<total>16</total>
				<timestamp>3187.410284</timestamp>
			</report>
			<report>
				<misses>9117001</misses>
				<total>16</total>
				<timestamp>3187.759935</timestamp>
			</report>
			<report>
				<misses>9118001</misses>
				<total>16</total>
				<timestamp>3188.109591</timestamp>
			</report>
			<report>
				<misses>9119001</misses>
				<total>16</total>
				<timestamp>3188.459233</timestamp>
			</report>
			<report>
				<misses>9120001</misses>
				<total>16</total>
				<timestamp>3188.808890</timestamp>
			</report>
			<report>
				<misses>9121001</misses>
				<total>16</total>
				<timestamp>3189.158530</timestamp>
			</report>
			<report>
				<misses>9122001</misses>
				<total>16</total>
				<timestamp>3189.508228</timestamp>
			</report>
			<report>
				<misses>9123001</misses>
				<total>16</total>
				<timestamp>3189.857863</timestamp>
			</report>
			<report>
				<misses>9124001</misses>
				<total>16</total>
				<timestamp>3190.207477</timestamp>
			</report>
			<report>
				<misses>9125001</misses>
				<total>16</total>
				<timestamp>3190.557128</timestamp>
			</report>
			<report>
				<misses>9126001</misses>
				<total>16</total>
				<timestamp>3190.906826</timestamp>
			</report>
			<report>
				<misses>9127001</misses>
				<total>16</total>
				<timestamp>3191.256440</timestamp>
			</report>
			<report>
				<misses>9128001</misses>
				<total>16</total>
				<timestamp>3191.606097</timestamp>
			</report>
			<report>
				<misses>9129001</misses>
				<total>16</total>
				<timestamp>3191.955749</timestamp>
			</report>
			<report>
				<misses>9130001</misses>
				<total>16</total>
				<timestamp>3192.305382</timestamp>
			</report>
			<report>
				<misses>9131001</misses>
				<total>16</total>
				<timestamp>3192.655047</timestamp>
			</report>
			<report>
				<misses>9132001</misses>
				<total>16</total>
				<timestamp>3193.004699</timestamp>
			</report>
			<report>
				<misses>9133001</misses>
				<total>16</total>
				<timestamp>3193.354346</timestamp>
			</report>
			<report>
				<misses>9134001</misses>
				<total>16</total>
				<timestamp>3193.703988</timestamp>
			</report>
			<report>
				<misses>9135001</misses>
				<total>16</total>
				<timestamp>3194.053668</timestamp>
			</report>
			<report>
				<misses>9136001</misses>
				<total>16</total>
				<timestamp>3194.403289</timestamp>
			</report>
			<report>
				<misses>9137001</misses>
				<total>16</total>
				<timestamp>3194.752946</timestamp>
			</report>
			<report>
				<misses>9138001</misses>
				<total>16</total>
				<timestamp>3195.102574</timestamp>
			</report>
			<report>
				<misses>9139001</misses>
				<total>16</total>
				<timestamp>3195.452248</timestamp>
			</report>
			<report>
				<misses>9140001</misses>
				<total>16</total>
				<timestamp>3195.801904</timestamp>
			</report>
			<report>
				<misses>9141001</misses>
				<total>16</total>
				<timestamp>3196.151538</timestamp>
			</report>
			<report>
				<misses>9142001</misses>
				<total>16</total>
				<timestamp>3196.501195</timestamp>
			</report>
			<report>
				<misses>9143001</misses>
				<total>16</total>
				<timestamp>3196.850842</timestamp>
			</report>
			<report>
				<misses>9144001</misses>
				<total>16</total>
				<timestamp>3197.200489</timestamp>
			</report>
			<report>
				<misses>9145001</misses>
				<total>16</total>
				<timestamp>3197.550147</timestamp>
			</report>
			<report>
				<misses>9146001</misses>
				<total>16</total>
				<timestamp>3197.899814</timestamp>
			</report>
			<report>
				<misses>9147001</misses>
				<total>16</total>
				<timestamp>3198.249431</timestamp>
			</report>
			<report>
				<misses>9148001</misses>
				<total>16</total>
				<timestamp>3198.599083</timestamp>
			</report>
			<report>
				<misses>9149001</misses>
				<total>16</total>
				<timestamp>3198.948729</timestamp>
			</report>
			<report>
				<misses>9150001</misses>
				<total>16</total>
				<timestamp>3199.298383</timestamp>
			</report>
			<report>
				<misses>9151001</misses>
				<total>16</total>
				<timestamp>3199.648097</timestamp>
			</report>
			<report>
				<misses>9152001</misses>
				<total>16</total>
				<timestamp>3199.997699</timestamp>
			</report>
			<report>
				<misses>9153001</misses>
				<total>16</total>
				<timestamp>3200.347370</timestamp>
			</report>
			<report>
				<misses>9154001</misses>
				<total>16</total>
				<timestamp>3200.696992</timestamp>
			</report>
			<report>
				<misses>9155001</misses>
				<total>16</total>
				<timestamp>3201.046679</timestamp>
			</report>
			<report>
				<misses>9156001</misses>
				<total>16</total>
				<timestamp>3201.396335</timestamp>
			</report>
			<report>
				<misses>9157001</misses>
				<total>16</total>
				<timestamp>3201.745980</timestamp>
			</report>
			<report>
				<misses>9158001</misses>
				<total>16</total>
				<timestamp>3202.095639</timestamp>
			</report>
			<report>
				<misses>9159001</misses>
				<total>16</total>
				<timestamp>3202.445226</timestamp>
			</report>
			<report>
				<misses>9160001</misses>
				<total>16</total>
				<timestamp>3202.794896</timestamp>
			</report>
			<report>
				<misses>9161001</misses>
				<total>16</total>
				<timestamp>3203.144562</timestamp>
			</report>
			<report>
				<misses>9162001</misses>
				<total>16</total>
				<timestamp>3203.494190</timestamp>
			</report>
			<report>
				<misses>9163001</misses>
				<total>16</total>
				<timestamp>3203.843845</timestamp>
			</report>
			<report>
				<misses>9164001</misses>
				<total>16</total>
				<timestamp>3204.193487</timestamp>
			</report>
			<report>
				<misses>9165001</misses>
				<total>16</total>
				<timestamp>3204.543163</timestamp>
			</report>
			<report>
				<misses>9166001</misses>
				<total>16</total>
				<timestamp>3204.892815</timestamp>
			</report>
			<report>
				<misses>9167001</misses>
				<total>16</total>
				<timestamp>3205.242449</timestamp>
			</report>
			<report>
				<misses>9168001</misses>
				<total>16</total>
				<timestamp>3205.592147</timestamp>
			</report>
			<report>
				<misses>9169001</misses>
				<total>16</total>
				<timestamp>3205.941750</timestamp>
			</report>
			<report>
				<misses>9170001</misses>
				<total>16</total>
				<timestamp>3206.291385</timestamp>
			</report>
			<report>
				<misses>9171001</misses>
				<total>16</total>
				<timestamp>3206.641042</timestamp>
			</report>
			<report>
				<misses>9172001</misses>
				<total>16</total>
				<timestamp>3206.990724</timestamp>
			</report>
			<report>
				<misses>9173001</misses>
				<total>16</total>
				<timestamp>3207.340358</timestamp>
			</report>
			<report>
				<misses>9174001</misses>
				<total>16</total>
				<timestamp>3207.689987</timestamp>
			</report>
			<report>
				<misses>9175001</misses>
				<total>16</total>
				<timestamp>3208.039670</timestamp>
			</report>
			<report>
				<misses>9176001</misses>
				<total>16</total>
				<timestamp>3208.389318</timestamp>
			</report>
			<report>
				<misses>9177001</misses>
				<total>16</total>
				<timestamp>3208.738942</timestamp>
			</report>
			<report>
				<misses>9178001</misses>
				<total>16</total>
				<timestamp>3209.088640</timestamp>
			</report>
			<report>
				<misses>9179001</misses>
				<total>16</total>
				<timestamp>3209.438248</timestamp>
			</report>
			<report>
				<misses>9180001</misses>
				<total>16</total>
				<timestamp>3209.787898</timestamp>
			</report>
			<report>
				<misses>9181001</misses>
				<total>16</total>
				<timestamp>3210.137588</timestamp>
			</report>
			<report>
				<misses>9182001</misses>
				<total>16</total>
				<timestamp>3210.487231</timestamp>
			</report>
			<report>
				<misses>9183001</misses>
				<total>16</total>
				<timestamp>3210.836895</timestamp>
			</report>
			<report>
				<misses>9184001</misses>
				<total>16</total>
				<timestamp>3211.186527</timestamp>
			</report>
			<report>
				<misses>9185001</misses>
				<total>16</total>
				<timestamp>3211.536147</timestamp>
			</report>
			<report>
				<misses>9186001</misses>
				<total>16</total>
				<timestamp>3211.885829</timestamp>
			</report>
			<report>
				<misses>9187001</misses>
				<total>16</total>
				<timestamp>3212.235457</timestamp>
			</report>
			<report>
				<misses>9188001</misses>
				<total>16</total>
				<timestamp>3212.585103</timestamp>
			</report>
			<report>
				<misses>9189001</misses>
				<total>16</total>
				<timestamp>3212.934732</timestamp>
			</report>
			<report>
				<misses>9190001</misses>
				<total>16</total>
				<timestamp>3213.284400</timestamp>
			</report>
			<report>
				<misses>9191001</misses>
				<total>16</total>
				<timestamp>3213.634057</timestamp>
			</report>
			<report>
				<misses>9192001</misses>
				<total>16</total>
				<timestamp>3213.983721</timestamp>
			</report>
			<report>
				<misses>9193001</misses>
				<total>16</total>
				<timestamp>3214.333323</timestamp>
			</report>
			<report>
				<misses>9194001</misses>
				<total>16</total>
				<timestamp>3214.682998</timestamp>
			</report>
			<report>
				<misses>9195001</misses>
				<total>16</total>
				<timestamp>3215.032644</timestamp>
			</report>
			<report>
				<misses>9196001</misses>
				<total>16</total>
				<timestamp>3215.382284</timestamp>
			</report>
			<report>
				<misses>9197001</misses>
				<total>16</total>
				<timestamp>3215.731931</timestamp>
			</report>
			<report>
				<misses>9198001</misses>
				<total>16</total>
				<timestamp>3216.081591</timestamp>
			</report>
			<report>
				<misses>9199001</misses>
				<total>16</total>
				<timestamp>3216.431276</timestamp>
			</report>
			<report>
				<misses>9200001</misses>
				<total>16</total>
				<timestamp>3216.780892</timestamp>
			</report>
			<report>
				<misses>9201001</misses>
				<total>16</total>
				<timestamp>3217.130558</timestamp>
			</report>
			<report>
				<misses>9202001</misses>
				<total>16</total>
				<timestamp>3217.480190</timestamp>
			</report>
			<report>
				<misses>9203001</misses>
				<total>16</total>
				<timestamp>3217.829837</timestamp>
			</report>
			<report>
				<misses>9204001</misses>
				<total>16</total>
				<timestamp>3218.179548</timestamp>
			</report>
			<report>
				<misses>9205001</misses>
				<total>16</total>
				<timestamp>3218.529141</timestamp>
			</report>
			<report>
				<misses>9206001</misses>
				<total>16</total>
				<timestamp>3218.878788</timestamp>
			</report>
			<report>
				<misses>9207001</misses>
				<total>16</total>
				<timestamp>3219.228476</timestamp>
			</report>
			<report>
				<misses>9208001</misses>
				<total>16</total>
				<timestamp>3219.578111</timestamp>
			</report>
			<report>
				<misses>9209001</misses>
				<total>16</total>
				<timestamp>3219.927739</timestamp>
			</report>
			<report>
				<misses>9210001</misses>
				<total>16</total>
				<timestamp>3220.277401</timestamp>
			</report>
			<report>
				<misses>9211001</misses>
				<total>16</total>
				<timestamp>3220.627052</timestamp>
			</report>
			<report>
				<misses>9212001</misses>
				<total>16</total>
				<timestamp>3220.976716</timestamp>
			</report>
			<report>
				<misses>9213001</misses>
				<total>16</total>
				<timestamp>3221.326358</timestamp>
			</report>
			<report>
				<misses>9214001</misses>
				<total>16</total>
				<timestamp>3221.675983</timestamp>
			</report>
			<report>
				<misses>9215001</misses>
				<total>16</total>
				<timestamp>3222.025650</timestamp>
			</report>
			<report>
				<misses>9216001</misses>
				<total>16</total>
				<timestamp>3222.375276</timestamp>
			</report>
			<report>
				<misses>9217001</misses>
				<total>16</total>
				<timestamp>3222.724941</timestamp>
			</report>
			<report>
				<misses>9218001</misses>
				<total>16</total>
				<timestamp>3223.074586</timestamp>
			</report>
			<report>
				<misses>9219001</misses>
				<total>16</total>
				<timestamp>3223.424241</timestamp>
			</report>
			<report>
				<misses>9220001</misses>
				<total>16</total>
				<timestamp>3223.773910</timestamp>
			</report>
			<report>
				<misses>9221001</misses>
				<total>16</total>
				<timestamp>3224.123536</timestamp>
			</report>
			<report>
				<misses>9222001</misses>
				<total>16</total>
				<timestamp>3224.473217</timestamp>
			</report>
			<report>
				<misses>9223001</misses>
				<total>16</total>
				<timestamp>3224.822844</timestamp>
			</report>
			<report>
				<misses>9224001</misses>
				<total>16</total>
				<timestamp>3225.172515</timestamp>
			</report>
			<report>
				<misses>9225001</misses>
				<total>16</total>
				<timestamp>3225.522132</timestamp>
			</report>
			<report>
				<misses>9226001</misses>
				<total>16</total>
				<timestamp>3225.871816</timestamp>
			</report>
			<report>
				<misses>9227001</misses>
				<total>16</total>
				<timestamp>3226.221499</timestamp>
			</report>
			<report>
				<misses>9228001</misses>
				<total>16</total>
				<timestamp>3226.571104</timestamp>
			</report>
			<report>
				<misses>9229001</misses>
				<total>16</total>
				<timestamp>3226.920740</timestamp>
			</report>
			<report>
				<misses>9230001</misses>
				<total>16</total>
				<timestamp>3227.270405</timestamp>
			</report>
			<report>
				<misses>9231001</misses>
				<total>16</total>
				<timestamp>3227.620046</timestamp>
			</report>
			<report>
				<misses>9232001</misses>
				<total>16</total>
				<timestamp>3227.969702</timestamp>
			</report>
			<report>
				<misses>9233001</misses>
				<total>16</total>
				<timestamp>3228.319347</timestamp>
			</report>
			<report>
				<misses>9234001</misses>
				<total>16</total>
				<timestamp>3228.668990</timestamp>
			</report>
			<report>
				<misses>9235001</misses>
				<total>16</total>
				<timestamp>3229.018643</timestamp>
			</report>
			<report>
				<misses>9236001</misses>
				<total>16</total>
				<timestamp>3229.368282</timestamp>
			</report>
			<report>
				<misses>9237001</misses>
				<total>16</total>
				<timestamp>3229.717933</timestamp>
			</report>
			<report>
				<misses>9238001</misses>
				<total>16</total>
				<timestamp>3230.067613</timestamp>
			</report>
			<report>
				<misses>9239001</misses>
				<total>16</total>
				<timestamp>3230.417275</timestamp>
			</report>
			<report>
				<misses>9240001</misses>
				<total>16</total>
				<timestamp>3230.766892</timestamp>
			</report>
			<report>
				<misses>9241001</misses>
				<total>16</total>
				<timestamp>3231.116590</timestamp>
			</report>
			<report>
				<misses>9242001</misses>
				<total>16</total>
				<timestamp>3231.466195</timestamp>
			</report>
			<report>
				<misses>9243001</misses>
				<total>16</total>
				<timestamp>3231.815846</timestamp>
			</report>
			<report>
				<misses>9244001</misses>
				<total>16</total>
				<timestamp>3232.165533</timestamp>
			</report>
			<report>
				<misses>9245001</misses>
				<total>16</total>
				<timestamp>3232.515146</timestamp>
			</report>
			<report>
				<misses>9246001</misses>
				<total>16</total>
				<timestamp>3232.864819</timestamp>
			</report>
			<report>
				<misses>9247001</misses>
				<total>16</total>
				<timestamp>3233.214480</timestamp>
			</report>
			<report>
				<misses>9248001</misses>
				<total>16</total>
				<timestamp>3233.564111</timestamp>
			</report>
			<report>
				<misses>9249001</misses>
				<total>16</total>
				<timestamp>3233.913778</timestamp>
			</report>
			<report>
				<misses>9250001</misses>
				<total>16</total>
				<timestamp>3234.263456</timestamp>
			</report>
			<report>
				<misses>9251001</misses>
				<total>16</total>
				<timestamp>3234.613058</timestamp>
			</report>
			<report>
				<misses>9252001</misses>
				<total>16</total>
				<timestamp>3234.962696</timestamp>
			</report>
			<report>
				<misses>9253001</misses>
				<total>16</total>
				<timestamp>3235.312437</timestamp>
			</report>
			<report>
				<misses>9254001</misses>
				<total>16</total>
				<timestamp>3235.661984</timestamp>
			</report>
			<report>
				<misses>9255001</misses>
				<total>16</total>
				<timestamp>3236.011656</timestamp>
			</report>
			<report>
				<misses>9256001</misses>
				<total>16</total>
				<timestamp>3236.361301</timestamp>
			</report>
			<report>
				<misses>9257001</misses>
				<total>16</total>
				<timestamp>3236.710934</timestamp>
			</report>
			<report>
				<misses>9258001</misses>
				<total>16</total>
				<timestamp>3237.060579</timestamp>
			</report>
			<report>
				<misses>9259001</misses>
				<total>16</total>
				<timestamp>3237.410249</timestamp>
			</report>
			<report>
				<misses>9260001</misses>
				<total>16</total>
				<timestamp>3237.759905</timestamp>
			</report>
			<report>
				<misses>9261001</misses>
				<total>16</total>
				<timestamp>3238.109542</timestamp>
			</report>
			<report>
				<misses>9262001</misses>
				<total>16</total>
				<timestamp>3238.459191</timestamp>
			</report>
			<report>
				<misses>9263001</misses>
				<total>16</total>
				<timestamp>3238.808844</timestamp>
			</report>
			<report>
				<misses>9264001</misses>
				<total>16</total>
				<timestamp>3239.158497</timestamp>
			</report>
			<report>
				<misses>9265001</misses>
				<total>16</total>
				<timestamp>3239.508144</timestamp>
			</report>
			<report>
				<misses>9266001</misses>
				<total>16</total>
				<timestamp>3239.857795</timestamp>
			</report>
			<report>
				<misses>9267001</misses>
				<total>16</total>
				<timestamp>3240.207522</timestamp>
			</report>
			<report>
				<misses>9268001</misses>
				<total>16</total>
				<timestamp>3240.557107</timestamp>
			</report>
			<report>
				<misses>9269001</misses>
				<total>16</total>
				<timestamp>3240.906740</timestamp>
			</report>
			<report>
				<misses>9270001</misses>
				<total>16</total>
				<timestamp>3241.256431</timestamp>
			</report>
			<report>
				<misses>9271001</misses>
				<total>16</total>
				<timestamp>3241.606030</timestamp>
			</report>
			<report>
				<misses>9272001</misses>
				<total>16</total>
				<timestamp>3241.955700</timestamp>
			</report>
			<report>
				<misses>9273001</misses>
				<total>16</total>
				<timestamp>3242.305417</timestamp>
			</report>
			<report>
				<misses>9274001</misses>
				<total>16</total>
				<timestamp>3242.654990</timestamp>
			</report>
			<report>
				<misses>9275001</misses>
				<total>16</total>
				<timestamp>3243.004641</timestamp>
			</report>
			<report>
				<misses>9276001</misses>
				<total>16</total>
				<timestamp>3243.354287</timestamp>
			</report>
			<report>
				<misses>9277001</misses>
				<total>16</total>
				<timestamp>3243.703958</timestamp>
			</report>
			<report>
				<misses>9278001</misses>
				<total>16</total>
				<timestamp>3244.053590</timestamp>
			</report>
			<report>
				<misses>9279001</misses>
				<total>16</total>
				<timestamp>3244.403222</timestamp>
			</report>
			<report>
				<misses>9280001</misses>
				<total>16</total>
				<timestamp>3244.752881</timestamp>
			</report>
			<report>
				<misses>9281001</misses>
				<total>16</total>
				<timestamp>3245.102536</timestamp>
			</report>
			<report>
				<misses>9282001</misses>
				<total>16</total>
				<timestamp>3245.452215</timestamp>
			</report>
			<report>
				<misses>9283001</misses>
				<total>16</total>
				<timestamp>3245.801851</timestamp>
			</report>
			<report>
				<misses>9284001</misses>
				<total>16</total>
				<timestamp>3246.151528</timestamp>
			</report>
			<report>
				<misses>9285001</misses>
				<total>16</total>
				<timestamp>3246.501166</timestamp>
			</report>
			<report>
				<misses>9286001</misses>
				<total>16</total>
				<timestamp>3246.850787</timestamp>
			</report>
			<report>
				<misses>9287001</misses>
				<total>16</total>
				<timestamp>3247.200486</timestamp>
			</report>
			<report>
				<misses>9288001</misses>
				<total>16</total>
				<timestamp>3247.550116</timestamp>
			</report>
			<report>
				<misses>9289001</misses>
				<total>16</total>
				<timestamp>3247.899755</timestamp>
			</report>
			<report>
				<misses>9290001</misses>
				<total>16</total>
				<timestamp>3248.249439</timestamp>
			</report>
			<report>
				<misses>9291001</misses>
				<total>16</total>
				<timestamp>3248.599056</timestamp>
			</report>
			<report>
				<misses>9292001</misses>
				<total>16</total>
				<timestamp>3248.948678</timestamp>
			</report>
			<report>
				<misses>9293001</misses>
				<total>16</total>
				<timestamp>3249.298411</timestamp>
			</report>
			<report>
				<misses>9294001</misses>
				<total>16</total>
				<timestamp>3249.647982</timestamp>
			</report>
			<report>
				<misses>9295001</misses>
				<total>16</total>
				<timestamp>3249.997644</timestamp>
			</report>
			<report>
				<misses>9296001</misses>
				<total>16</total>
				<timestamp>3250.347292</timestamp>
			</report>
			<report>
				<misses>9297001</misses>
				<total>16</total>
				<timestamp>3250.696951</timestamp>
			</report>
			<report>
				<misses>9298001</misses>
				<total>16</total>
				<timestamp>3251.046619</timestamp>
			</report>
			<report>
				<misses>9299001</misses>
				<total>16</total>
				<timestamp>3251.396282</timestamp>
			</report>
			<report>
				<misses>9300001</misses>
				<total>16</total>
				<timestamp>3251.745897</timestamp>
			</report>
			<report>
				<misses>9301001</misses>
				<total>16</total>
				<timestamp>3252.095530</timestamp>
			</report>
			<report>
				<misses>9302001</misses>
				<total>16</total>
				<timestamp>3252.445174</timestamp>
			</report>
			<report>
				<misses>9303001</misses>
				<total>16</total>
				<timestamp>3252.794839</timestamp>
			</report>
			<report>
				<misses>9304001</misses>
				<total>16</total>
				<timestamp>3253.144487</timestamp>
			</report>
			<report>
				<misses>9305001</misses>
				<total>16</total>
				<timestamp>3253.494159</timestamp>
			</report>
			<report>
				<misses>9306001</misses>
				<total>16</total>
				<timestamp>3253.843820</timestamp>
			</report>
			<report>
				<misses>9307001</misses>
				<total>16</total>
				<timestamp>3254.193474</timestamp>
			</report>
			<report>
				<misses>9308001</misses>
				<total>16</total>
				<timestamp>3254.543120</timestamp>
			</report>
			<report>
				<misses>9309001</misses>
				<total>16</total>
				<timestamp>3254.892740</timestamp>
			</report>
			<report>
				<misses>9310001</misses>
				<total>16</total>
				<timestamp>3255.242400</timestamp>
			</report>
			<report>
				<misses>9311001</misses>
				<total>16</total>
				<timestamp>3255.592056</timestamp>
			</report>
			<report>
				<misses>9312001</misses>
				<total>16</total>
				<timestamp>3255.941707</timestamp>
			</report>
			<report>
				<misses>9313001</misses>
				<total>16</total>
				<timestamp>3256.291386</timestamp>
			</report>
			<report>
				<misses>9314001</misses>
				<total>16</total>
				<timestamp>3256.640990</timestamp>
			</report>
			<report>
				<misses>9315001</misses>
				<total>16</total>
				<timestamp>3256.990630</timestamp>
			</report>
			<report>
				<misses>9316001</misses>
				<total>16</total>
				<timestamp>3257.340365</timestamp>
			</report>
			<report>
				<misses>9317001</misses>
				<total>16</total>
				<timestamp>3257.689937</timestamp>
			</report>
			<report>
				<misses>9318001</misses>
				<total>16</total>
				<timestamp>3258.039588</timestamp>
			</report>
			<report>
				<misses>9319001</misses>
				<total>16</total>
				<timestamp>3258.389324</timestamp>
			</report>
			<report>
				<misses>9320001</misses>
				<total>16</total>
				<timestamp>3258.738884</timestamp>
			</report>
			<report>
				<misses>9321001</misses>
				<total>16</total>
				<timestamp>3259.088530</timestamp>
			</report>
			<report>
				<misses>9322001</misses>
				<total>16</total>
				<timestamp>3259.438228</timestamp>
			</report>
			<report>
				<misses>9323001</misses>
				<total>16</total>
				<timestamp>3259.787842</timestamp>
			</report>
			<report>
				<misses>9324001</misses>
				<total>16</total>
				<timestamp>3260.137508</timestamp>
			</report>
			<report>
				<misses>9325001</misses>
				<total>16</total>
				<timestamp>3260.487136</timestamp>
			</report>
			<report>
				<misses>9326001</misses>
				<total>16</total>
				<timestamp>3260.836772</timestamp>
			</report>
			<report>
				<misses>9327001</misses>
				<total>16</total>
				<timestamp>3261.186453</timestamp>
			</report>
			<report>
				<misses>9328001</misses>
				<total>16</total>
				<timestamp>3261.536103</timestamp>
			</report>
			<report>
				<misses>9329001</misses>
				<total>16</total>
				<timestamp>3261.885733</timestamp>
			</report>
			<report>
				<misses>9330001</misses>
				<total>16</total>
				<timestamp>3262.235426</timestamp>
			</report>
			<report>
				<misses>9331001</misses>
				<total>16</total>
				<timestamp>3262.585038</timestamp>
			</report>
			<report>
				<misses>9332001</misses>
				<total>16</total>
				<timestamp>3262.934725</timestamp>
			</report>
			<report>
				<misses>9333001</misses>
				<total>16</total>
				<timestamp>3263.284402</timestamp>
			</report>
			<report>
				<misses>9334001</misses>
				<total>16</total>
				<timestamp>3263.633988</timestamp>
			</report>
			<report>
				<misses>9335001</misses>
				<total>16</total>
				<timestamp>3263.983630</timestamp>
			</report>
			<report>
				<misses>9336001</misses>
				<total>16</total>
				<timestamp>3264.333302</timestamp>
			</report>
			<report>
				<misses>9337001</misses>
				<total>16</total>
				<timestamp>3264.682938</timestamp>
			</report>
			<report>
				<misses>9338001</misses>
				<total>16</total>
				<timestamp>3265.032578</timestamp>
			</report>
			<report>
				<misses>9339001</misses>
				<total>16</total>
				<timestamp>3265.382293</timestamp>
			</report>
			<report>
				<misses>9340001</misses>
				<total>18</total>
				<timestamp>3265.731917</timestamp>
			</report>
			<report>
				<misses>9341001</misses>
				<total>18</total>
				<timestamp>3266.081519</timestamp>
			</report>
			<report>
				<misses>9342001</misses>
				<total>18</total>
				<timestamp>3266.431243</timestamp>
			</report>
			<report>
				<misses>9343001</misses>
				<total>18</total>
				<timestamp>3266.780829</timestamp>
			</report>
			<report>
				<misses>9344001</misses>
				<total>18</total>
				<timestamp>3267.130479</timestamp>
			</report>
			<report>
				<misses>9345001</misses>
				<total>18</total>
				<timestamp>3267.480148</timestamp>
			</report>
			<report>
				<misses>9346001</misses>
				<total>18</total>
				<timestamp>3267.829788</timestamp>
			</report>
			<report>
				<misses>9347001</misses>
				<total>18</total>
				<timestamp>3268.179443</timestamp>
			</report>
			<report>
				<misses>9348001</misses>
				<total>18</total>
				<timestamp>3268.529128</timestamp>
			</report>
			<report>
				<misses>9349001</misses>
				<total>18</total>
				<timestamp>3268.878739</timestamp>
			</report>
			<report>
				<misses>9350001</misses>
				<total>18</total>
				<timestamp>3269.228406</timestamp>
			</report>
			<report>
				<misses>9351001</misses>
				<total>18</total>
				<timestamp>3269.578093</timestamp>
			</report>
			<report>
				<misses>9352001</misses>
				<total>18</total>
				<timestamp>3269.927682</timestamp>
			</report>
			<report>
				<misses>9353001</misses>
				<total>18</total>
				<timestamp>3270.277348</timestamp>
			</report>
			<report>
				<misses>9354001</misses>
				<total>18</total>
				<timestamp>3270.626977</timestamp>
			</report>
			<report>
				<misses>9355001</misses>
				<total>18</total>
				<timestamp>3270.976667</timestamp>
			</report>
			<report>
				<misses>9356001</misses>
				<total>18</total>
				<timestamp>3271.326364</timestamp>
			</report>
			<report>
				<misses>9357001</misses>
				<total>18</total>
				<timestamp>3271.675941</timestamp>
			</report>
			<report>
				<misses>9358001</misses>
				<total>18</total>
				<timestamp>3272.025610</timestamp>
			</report>
			<report>
				<misses>9359001</misses>
				<total>18</total>
				<timestamp>3272.375257</timestamp>
			</report>
			<report>
				<misses>9360001</misses>
				<total>18</total>
				<timestamp>3272.724874</timestamp>
			</report>
			<report>
				<misses>9361001</misses>
				<total>18</total>
				<timestamp>3273.074553</timestamp>
			</report>
			<report>
				<misses>9362001</misses>
				<total>18</total>
				<timestamp>3273.424212</timestamp>
			</report>
			<report>
				<misses>9363001</misses>
				<total>18</total>
				<timestamp>3273.773836</timestamp>
			</report>
			<report>
				<misses>9364001</misses>
				<total>18</total>
				<timestamp>3274.123493</timestamp>
			</report>
			<report>
				<misses>9365001</misses>
				<total>18</total>
				<timestamp>3274.473149</timestamp>
			</report>
			<report>
				<misses>9366001</misses>
				<total>18</total>
				<timestamp>3274.822790</timestamp>
			</report>
			<report>
				<misses>9367001</misses>
				<total>18</total>
				<timestamp>3275.172450</timestamp>
			</report>
			<report>
				<misses>9368001</misses>
				<total>18</total>
				<timestamp>3275.522118</timestamp>
			</report>
			<report>
				<misses>9369001</misses>
				<total>18</total>
				<timestamp>3275.871752</timestamp>
			</report>
			<report>
				<misses>9370001</misses>
				<total>18</total>
				<timestamp>3276.221392</timestamp>
			</report>
			<report>
				<misses>9371001</misses>
				<total>18</total>
				<timestamp>3276.571025</timestamp>
			</report>
			<report>
				<misses>9372001</misses>
				<total>18</total>
				<timestamp>3276.920687</timestamp>
			</report>
			<report>
				<misses>9373001</misses>
				<total>18</total>
				<timestamp>3277.270360</timestamp>
			</report>
			<report>
				<misses>9374001</misses>
				<total>18</total>
				<timestamp>3277.620033</timestamp>
			</report>
			<report>
				<misses>9375001</misses>
				<total>18</total>
				<timestamp>3277.969656</timestamp>
			</report>
			<report>
				<misses>9376001</misses>
				<total>18</total>
				<timestamp>3278.319308</timestamp>
			</report>
			<report>
				<misses>9377001</misses>
				<total>18</total>
				<timestamp>3278.668938</timestamp>
			</report>
			<report>
				<misses>9378001</misses>
				<total>18</total>
				<timestamp>3279.018576</timestamp>
			</report>
			<report>
				<misses>9379001</misses>
				<total>18</total>
				<timestamp>3279.368227</timestamp>
			</report>
			<report>
				<misses>9380001</misses>
				<total>18</total>
				<timestamp>3279.717906</timestamp>
			</report>
			<report>
				<misses>9381001</misses>
				<total>18</total>
				<timestamp>3280.067540</timestamp>
			</report>
			<report>
				<misses>9382001</misses>
				<total>18</total>
				<timestamp>3280.417206</timestamp>
			</report>
			<report>
				<misses>9383001</misses>
				<total>18</total>
				<timestamp>3280.766828</timestamp>
			</report>
			<report>
				<misses>9384001</misses>
				<total>18</total>
				<timestamp>3281.116514</timestamp>
			</report>
			<report>
				<misses>9385001</misses>
				<total>18</total>
				<timestamp>3281.466147</timestamp>
			</report>
			<report>
				<misses>9386001</misses>
				<total>18</total>
				<timestamp>3281.815793</timestamp>
			</report>
			<report>
				<misses>9387001</misses>
				<total>18</total>
				<timestamp>3282.165447</timestamp>
			</report>
			<report>
				<misses>9388001</misses>
				<total>18</total>
				<timestamp>3282.515120</timestamp>
			</report>
			<report>
				<misses>9389001</misses>
				<total>18</total>
				<timestamp>3282.864769</timestamp>
			</report>
			<report>
				<misses>9390001</misses>
				<total>18</total>
				<timestamp>3283.214429</timestamp>
			</report>
			<report>
				<misses>9391001</misses>
				<total>18</total>
				<timestamp>3283.564055</timestamp>
			</report>
			<report>
				<misses>9392001</misses>
				<total>18</total>
				<timestamp>3283.913690</timestamp>
			</report>
			<report>
				<misses>9393001</misses>
				<total>19</total>
				<timestamp>3284.263334</timestamp>
			</report>
			<report>
				<misses>9394001</misses>
				<total>19</total>
				<timestamp>3284.613004</timestamp>
			</report>
			<report>
				<misses>9395001</misses>
				<total>19</total>
				<timestamp>3284.962645</timestamp>
			</report>
			<report>
				<misses>9396001</misses>
				<total>19</total>
				<timestamp>3285.312288</timestamp>
			</report>
			<report>
				<misses>9397001</misses>
				<total>19</total>
				<timestamp>3285.661953</timestamp>
			</report>
			<report>
				<misses>9398001</misses>
				<total>19</total>
				<timestamp>3286.011586</timestamp>
			</report>
			<report>
				<misses>9399001</misses>
				<total>19</total>
				<timestamp>3286.361287</timestamp>
			</report>
			<report>
				<misses>9400001</misses>
				<total>19</total>
				<timestamp>3286.710900</timestamp>
			</report>
			<report>
				<misses>9401001</misses>
				<total>19</total>
				<timestamp>3287.060526</timestamp>
			</report>
			<report>
				<misses>9402001</misses>
				<total>19</total>
				<timestamp>3287.410190</timestamp>
			</report>
			<report>
				<misses>9403001</misses>
				<total>19</total>
				<timestamp>3287.759843</timestamp>
			</report>
			<report>
				<misses>9404001</misses>
				<total>19</total>
				<timestamp>3288.109496</timestamp>
			</report>
			<report>
				<misses>9405001</misses>
				<total>19</total>
				<timestamp>3288.459190</timestamp>
			</report>
			<report>
				<misses>9406001</misses>
				<total>19</total>
				<timestamp>3288.808773</timestamp>
			</report>
			<report>
				<misses>9407001</misses>
				<total>19</total>
				<timestamp>3289.158472</timestamp>
			</report>
			<report>
				<misses>9408001</misses>
				<total>19</total>
				<timestamp>3289.508115</timestamp>
			</report>
			<report>
				<misses>9409001</misses>
				<total>19</total>
				<timestamp>3289.857737</timestamp>
			</report>
			<report>
				<misses>9410001</misses>
				<total>19</total>
				<timestamp>3290.207395</timestamp>
			</report>
			<report>
				<misses>9411001</misses>
				<total>19</total>
				<timestamp>3290.557042</timestamp>
			</report>
			<report>
				<misses>9412001</misses>
				<total>19</total>
				<timestamp>3290.906681</timestamp>
			</report>
			<report>
				<misses>9413001</misses>
				<total>19</total>
				<timestamp>3291.256337</timestamp>
			</report>
			<report>
				<misses>9414001</misses>
				<total>19</total>
				<timestamp>3291.606006</timestamp>
			</report>
			<report>
				<misses>9415001</misses>
				<total>19</total>
				<timestamp>3291.955644</timestamp>
			</report>
			<report>
				<misses>9416001</misses>
				<total>19</total>
				<timestamp>3292.305284</timestamp>
			</report>
			<report>
				<misses>9417001</misses>
				<total>19</total>
				<timestamp>3292.654937</timestamp>
			</report>
			<report>
				<misses>9418001</misses>
				<total>19</total>
				<timestamp>3293.004590</timestamp>
			</report>
			<report>
				<misses>9419001</misses>
				<total>19</total>
				<timestamp>3293.354252</timestamp>
			</report>
			<report>
				<misses>9420001</misses>
				<total>19</total>
				<timestamp>3293.703901</timestamp>
			</report>
			<report>
				<misses>9421001</misses>
				<total>19</total>
				<timestamp>3294.053527</timestamp>
			</report>
			<report>
				<misses>9422001</misses>
				<total>19</total>
				<timestamp>3294.403218</timestamp>
			</report>
			<report>
				<misses>9423001</misses>
				<total>19</total>
				<timestamp>3294.752828</timestamp>
			</report>
			<report>
				<misses>9424001</misses>
				<total>19</total>
				<timestamp>3295.102519</timestamp>
			</report>
			<report>
				<misses>9425001</misses>
				<total>19</total>
				<timestamp>3295.452151</timestamp>
			</report>
			<report>
				<misses>9426001</misses>
				<total>19</total>
				<timestamp>3295.801786</timestamp>
			</report>
			<report>
				<misses>9427001</misses>
				<total>19</total>
				<timestamp>3296.151456</timestamp>
			</report>
			<report>
				<misses>9428001</misses>
				<total>19</total>
				<timestamp>3296.501104</timestamp>
			</report>
			<report>
				<misses>9429001</misses>
				<total>19</total>
				<timestamp>3296.850738</timestamp>
			</report>
			<report>
				<misses>9430001</misses>
				<total>19</total>
				<timestamp>3297.200375</timestamp>
			</report>
			<report>
				<misses>9431001</misses>
				<total>19</total>
				<timestamp>3297.550062</timestamp>
			</report>
			<report>
				<misses>9432001</misses>
				<total>19</total>
				<timestamp>3297.899688</timestamp>
			</report>
			<report>
				<misses>9433001</misses>
				<total>19</total>
				<timestamp>3298.249341</timestamp>
			</report>
			<report>
				<misses>9434001</misses>
				<total>19</total>
				<timestamp>3298.599009</timestamp>
			</report>
			<report>
				<misses>9435001</misses>
				<total>19</total>
				<timestamp>3298.948639</timestamp>
			</report>
			<report>
				<misses>9436001</misses>
				<total>19</total>
				<timestamp>3299.298276</timestamp>
			</report>
			<report>
				<misses>9437001</misses>
				<total>19</total>
				<timestamp>3299.647941</timestamp>
			</report>
			<report>
				<misses>9438001</misses>
				<total>19</total>
				<timestamp>3299.997622</timestamp>
			</report>
			<report>
				<misses>9439001</misses>
				<total>19</total>
				<timestamp>3300.347233</timestamp>
			</report>
			<report>
				<misses>9440001</misses>
				<total>19</total>
				<timestamp>3300.696902</timestamp>
			</report>
			<report>
				<misses>9441001</misses>
				<total>19</total>
				<timestamp>3301.046540</timestamp>
			</report>
			<report>
				<misses>9442001</misses>
				<total>19</total>
				<timestamp>3301.396200</timestamp>
			</report>
			<report>
				<misses>9443001</misses>
				<total>19</total>
				<timestamp>3301.745849</timestamp>
			</report>
			<report>
				<misses>9444001</misses>
				<total>19</total>
				<timestamp>3302.095486</timestamp>
			</report>
			<report>
				<misses>9445001</misses>
				<total>19</total>
				<timestamp>3302.445195</timestamp>
			</report>
			<report>
				<misses>9446001</misses>
				<total>19</total>
				<timestamp>3302.794799</timestamp>
			</report>
			<report>
				<misses>9447001</misses>
				<total>19</total>
				<timestamp>3303.144439</timestamp>
			</report>
			<report>
				<misses>9448001</misses>
				<total>19</total>
				<timestamp>3303.494167</timestamp>
			</report>
			<report>
				<misses>9449001</misses>
				<total>19</total>
				<timestamp>3303.843736</timestamp>
			</report>
			<report>
				<misses>9450001</misses>
				<total>19</total>
				<timestamp>3304.193401</timestamp>
			</report>
			<report>
				<misses>9451001</misses>
				<total>19</total>
				<timestamp>3304.543165</timestamp>
			</report>
			<report>
				<misses>9452001</misses>
				<total>19</total>
				<timestamp>3304.892679</timestamp>
			</report>
			<report>
				<misses>9453001</misses>
				<total>19</total>
				<timestamp>3305.242346</timestamp>
			</report>
			<report>
				<misses>9454001</misses>
				<total>19</total>
				<timestamp>3305.592021</timestamp>
			</report>
			<report>
				<misses>9455001</misses>
				<total>19</total>
				<timestamp>3305.941628</timestamp>
			</report>
			<report>
				<misses>9456001</misses>
				<total>19</total>
				<timestamp>3306.291282</timestamp>
			</report>
			<report>
				<misses>9457001</misses>
				<total>19</total>
				<timestamp>3306.640975</timestamp>
			</report>
			<report>
				<misses>9458001</misses>
				<total>19</total>
				<timestamp>3306.990592</timestamp>
			</report>
			<report>
				<misses>9459001</misses>
				<total>19</total>
				<timestamp>3307.340249</timestamp>
			</report>
			<report>
				<misses>9460001</misses>
				<total>19</total>
				<timestamp>3307.689895</timestamp>
			</report>
			<report>
				<misses>9461001</misses>
				<total>19</total>
				<timestamp>3308.039573</timestamp>
			</report>
			<report>
				<misses>9462001</misses>
				<total>19</total>
				<timestamp>3308.389215</timestamp>
			</report>
			<report>
				<misses>9463001</misses>
				<total>19</total>
				<timestamp>3308.738841</timestamp>
			</report>
			<report>
				<misses>9464001</misses>
				<total>19</total>
				<timestamp>3309.088501</timestamp>
			</report>
			<report>
				<misses>9465001</misses>
				<total>19</total>
				<timestamp>3309.438163</timestamp>
			</report>
			<report>
				<misses>9466001</misses>
				<total>19</total>
				<timestamp>3309.787784</timestamp>
			</report>
			<report>
				<misses>9467001</misses>
				<total>19</total>
				<timestamp>3310.137437</timestamp>
			</report>
			<report>
				<misses>9468001</misses>
				<total>19</total>
				<timestamp>3310.487117</timestamp>
			</report>
			<report>
				<misses>9469001</misses>
				<total>19</total>
				<timestamp>3310.836736</timestamp>
			</report>
			<report>
				<misses>9470001</misses>
				<total>19</total>
				<timestamp>3311.186383</timestamp>
			</report>
			<report>
				<misses>9471001</misses>
				<total>19</total>
				<timestamp>3311.536114</timestamp>
			</report>
			<report>
				<misses>9472001</misses>
				<total>19</total>
				<timestamp>3311.885704</timestamp>
			</report>
			<report>
				<misses>9473001</misses>
				<total>19</total>
				<timestamp>3312.235331</timestamp>
			</report>
			<report>
				<misses>9474001</misses>
				<total>19</total>
				<timestamp>3312.585003</timestamp>
			</report>
			<report>
				<misses>9475001</misses>
				<total>19</total>
				<timestamp>3312.934668</timestamp>
			</report>
			<report>
				<misses>9476001</misses>
				<total>19</total>
				<timestamp>3313.284283</timestamp>
			</report>
			<report>
				<misses>9477001</misses>
				<total>19</total>
				<timestamp>3313.633946</timestamp>
			</report>
			<report>
				<misses>9478001</misses>
				<total>19</total>
				<timestamp>3313.983579</timestamp>
			</report>
			<report>
				<misses>9479001</misses>
				<total>19</total>
				<timestamp>3314.333249</timestamp>
			</report>
			<report>
				<misses>9480001</misses>
				<total>19</total>
				<timestamp>3314.682887</timestamp>
			</report>
			<report>
				<misses>9481001</misses>
				<total>19</total>
				<timestamp>3315.032527</timestamp>
			</report>
			<report>
				<misses>9482001</misses>
				<total>19</total>
				<timestamp>3315.382230</timestamp>
			</report>
			<report>
				<misses>9483001</misses>
				<total>19</total>
				<timestamp>3315.731837</timestamp>
			</report>
			<report>
				<misses>9484001</misses>
				<total>19</total>
				<timestamp>3316.081505</timestamp>
			</report>
			<report>
				<misses>9485001</misses>
				<total>19</total>
				<timestamp>3316.431131</timestamp>
			</report>
			<report>
				<misses>9486001</misses>
				<total>19</total>
				<timestamp>3316.780788</timestamp>
			</report>
			<report>
				<misses>9487001</misses>
				<total>19</total>
				<timestamp>3317.130487</timestamp>
			</report>
			<report>
				<misses>9488001</misses>
				<total>19</total>
				<timestamp>3317.480108</timestamp>
			</report>
			<report>
				<misses>9489001</misses>
				<total>19</total>
				<timestamp>3317.829726</timestamp>
			</report>
			<report>
				<misses>9490001</misses>
				<total>19</total>
				<timestamp>3318.179436</timestamp>
			</report>
			<report>
				<misses>9491001</misses>
				<total>19</total>
				<timestamp>3318.529051</timestamp>
			</report>
			<report>
				<misses>9492001</misses>
				<total>19</total>
				<timestamp>3318.878690</timestamp>
			</report>
			<report>
				<misses>9493001</misses>
				<total>19</total>
				<timestamp>3319.228329</timestamp>
			</report>
			<report>
				<misses>9494001</misses>
				<total>19</total>
				<timestamp>3319.578000</timestamp>
			</report>
			<report>
				<misses>9495001</misses>
				<total>19</total>
				<timestamp>3319.927679</timestamp>
			</report>
			<report>
				<misses>9496001</misses>
				<total>19</total>
				<timestamp>3320.277277</timestamp>
			</report>
			<report>
				<misses>9497001</misses>
				<total>19</total>
				<timestamp>3320.626933</timestamp>
			</report>
			<report>
				<misses>9498001</misses>
				<total>19</total>
				<timestamp>3320.976581</timestamp>
			</report>
			<report>
				<misses>9499001</misses>
				<total>19</total>
				<timestamp>3321.326245</timestamp>
			</report>
			<report>
				<misses>9500001</misses>
				<total>19</total>
				<timestamp>3321.675910</timestamp>
			</report>
			<report>
				<misses>9501001</misses>
				<total>19</total>
				<timestamp>3322.025554</timestamp>
			</report>
			<report>
				<misses>9502001</misses>
				<total>19</total>
				<timestamp>3322.375187</timestamp>
			</report>
			<report>
				<misses>9503001</misses>
				<total>19</total>
				<timestamp>3322.724847</timestamp>
			</report>
			<report>
				<misses>9504001</misses>
				<total>19</total>
				<timestamp>3323.074489</timestamp>
			</report>
			<report>
				<misses>9505001</misses>
				<total>19</total>
				<timestamp>3323.424125</timestamp>
			</report>
			<report>
				<misses>9506001</misses>
				<total>19</total>
				<timestamp>3323.773790</timestamp>
			</report>
			<report>
				<misses>9507001</misses>
				<total>19</total>
				<timestamp>3324.123429</timestamp>
			</report>
			<report>
				<misses>9508001</misses>
				<total>19</total>
				<timestamp>3324.473140</timestamp>
			</report>
			<report>
				<misses>9509001</misses>
				<total>19</total>
				<timestamp>3324.822731</timestamp>
			</report>
			<report>
				<misses>9510001</misses>
				<total>19</total>
				<timestamp>3325.172407</timestamp>
			</report>
			<report>
				<misses>9511001</misses>
				<total>19</total>
				<timestamp>3325.522034</timestamp>
			</report>
			<report>
				<misses>9512001</misses>
				<total>19</total>
				<timestamp>3325.871691</timestamp>
			</report>
			<report>
				<misses>9513001</misses>
				<total>19</total>
				<timestamp>3326.221344</timestamp>
			</report>
			<report>
				<misses>9514001</misses>
				<total>19</total>
				<timestamp>3326.571031</timestamp>
			</report>
			<report>
				<misses>9515001</misses>
				<total>19</total>
				<timestamp>3326.920629</timestamp>
			</report>
			<report>
				<misses>9516001</misses>
				<total>19</total>
				<timestamp>3327.270288</timestamp>
			</report>
			<report>
				<misses>9517001</misses>
				<total>19</total>
				<timestamp>3327.619931</timestamp>
			</report>
			<report>
				<misses>9518001</misses>
				<total>19</total>
				<timestamp>3327.969582</timestamp>
			</report>
			<report>
				<misses>9519001</misses>
				<total>19</total>
				<timestamp>3328.319239</timestamp>
			</report>
			<report>
				<misses>9520001</misses>
				<total>19</total>
				<timestamp>3328.668886</timestamp>
			</report>
			<report>
				<misses>9521001</misses>
				<total>19</total>
				<timestamp>3329.018536</timestamp>
			</report>
			<report>
				<misses>9522001</misses>
				<total>19</total>
				<timestamp>3329.368198</timestamp>
			</report>
			<report>
				<misses>9523001</misses>
				<total>19</total>
				<timestamp>3329.717884</timestamp>
			</report>
			<report>
				<misses>9524001</misses>
				<total>19</total>
				<timestamp>3330.067505</timestamp>
			</report>
			<report>
				<misses>9525001</misses>
				<total>19</total>
				<timestamp>3330.417145</timestamp>
			</report>
			<report>
				<misses>9526001</misses>
				<total>19</total>
				<timestamp>3330.766783</timestamp>
			</report>
			<report>
				<misses>9527001</misses>
				<total>19</total>
				<timestamp>3331.116443</timestamp>
			</report>
			<report>
				<misses>9528001</misses>
				<total>19</total>
				<timestamp>3331.466109</timestamp>
			</report>
			<report>
				<misses>9529001</misses>
				<total>19</total>
				<timestamp>3331.815740</timestamp>
			</report>
			<report>
				<misses>9530001</misses>
				<total>19</total>
				<timestamp>3332.165386</timestamp>
			</report>
			<report>
				<misses>9531001</misses>
				<total>19</total>
				<timestamp>3332.515055</timestamp>
			</report>
			<report>
				<misses>9532001</misses>
				<total>19</total>
				<timestamp>3332.864678</timestamp>
			</report>
			<report>
				<misses>9533001</misses>
				<total>19</total>
				<timestamp>3333.214354</timestamp>
			</report>
			<report>
				<misses>9534001</misses>
				<total>19</total>
				<timestamp>3333.564032</timestamp>
			</report>
			<report>
				<misses>9535001</misses>
				<total>19</total>
				<timestamp>3333.913627</timestamp>
			</report>
			<report>
				<misses>9536001</misses>
				<total>19</total>
				<timestamp>3334.263301</timestamp>
			</report>
			<report>
				<misses>9537001</misses>
				<total>19</total>
				<timestamp>3334.612993</timestamp>
			</report>
			<report>
				<misses>9538001</misses>
				<total>19</total>
				<timestamp>3334.962575</timestamp>
			</report>
			<report>
				<misses>9539001</misses>
				<total>19</total>
				<timestamp>3335.312240</timestamp>
			</report>
			<report>
				<misses>9540001</misses>
				<total>19</total>
				<timestamp>3335.661890</timestamp>
			</report>
			<report>
				<misses>9541001</misses>
				<total>19</total>
				<timestamp>3336.011531</timestamp>
			</report>
			<report>
				<misses>9542001</misses>
				<total>19</total>
				<timestamp>3336.361187</timestamp>
			</report>
			<report>
				<misses>9543001</misses>
				<total>19</total>
				<timestamp>3336.710851</timestamp>
			</report>
			<report>
				<misses>9544001</misses>
				<total>19</total>
				<timestamp>3337.060494</timestamp>
			</report>
			<report>
				<misses>9545001</misses>
				<total>19</total>
				<timestamp>3337.410168</timestamp>
			</report>
			<report>
				<misses>9546001</misses>
				<total>19</total>
				<timestamp>3337.759819</timestamp>
			</report>
			<report>
				<misses>9547001</misses>
				<total>19</total>
				<timestamp>3338.109506</timestamp>
			</report>
			<report>
				<misses>9548001</misses>
				<total>19</total>
				<timestamp>3338.459091</timestamp>
			</report>
			<report>
				<misses>9549001</misses>
				<total>19</total>
				<timestamp>3338.808782</timestamp>
			</report>
			<report>
				<misses>9550001</misses>
				<total>19</total>
				<timestamp>3339.158399</timestamp>
			</report>
			<report>
				<misses>9551001</misses>
				<total>19</total>
				<timestamp>3339.508057</timestamp>
			</report>
			<report>
				<misses>9552001</misses>
				<total>19</total>
				<timestamp>3339.857698</timestamp>
			</report>
			<report>
				<misses>9553001</misses>
				<total>19</total>
				<timestamp>3340.207334</timestamp>
			</report>
			<report>
				<misses>9554001</misses>
				<total>19</total>
				<timestamp>3340.556994</timestamp>
			</report>
			<report>
				<misses>9555001</misses>
				<total>19</total>
				<timestamp>3340.906654</timestamp>
			</report>
			<report>
				<misses>9556001</misses>
				<total>19</total>
				<timestamp>3341.256295</timestamp>
			</report>
			<report>
				<misses>9557001</misses>
				<total>19</total>
				<timestamp>3341.605938</timestamp>
			</report>
			<report>
				<misses>9558001</misses>
				<total>19</total>
				<timestamp>3341.955581</timestamp>
			</report>
			<report>
				<misses>9559001</misses>
				<total>19</total>
				<timestamp>3342.305242</timestamp>
			</report>
			<report>
				<misses>9560001</misses>
				<total>19</total>
				<timestamp>3342.654915</timestamp>
			</report>
			<report>
				<misses>9561001</misses>
				<total>19</total>
				<timestamp>3343.004541</timestamp>
			</report>
			<report>
				<misses>9562001</misses>
				<total>19</total>
				<timestamp>3343.354186</timestamp>
			</report>
			<report>
				<misses>9563001</misses>
				<total>19</total>
				<timestamp>3343.703844</timestamp>
			</report>
			<report>
				<misses>9564001</misses>
				<total>19</total>
				<timestamp>3344.053471</timestamp>
			</report>
			<report>
				<misses>9565001</misses>
				<total>19</total>
				<timestamp>3344.403141</timestamp>
			</report>
			<report>
				<misses>9566001</misses>
				<total>19</total>
				<timestamp>3344.752802</timestamp>
			</report>
			<report>
				<misses>9567001</misses>
				<total>19</total>
				<timestamp>3345.102481</timestamp>
			</report>
			<report>
				<misses>9568001</misses>
				<total>19</total>
				<timestamp>3345.452145</timestamp>
			</report>
			<report>
				<misses>9569001</misses>
				<total>19</total>
				<timestamp>3345.801785</timestamp>
			</report>
			<report>
				<misses>9570001</misses>
				<total>19</total>
				<timestamp>3346.151378</timestamp>
			</report>
			<report>
				<misses>9571001</misses>
				<total>19</total>
				<timestamp>3346.501074</timestamp>
			</report>
			<report>
				<misses>9572001</misses>
				<total>19</total>
				<timestamp>3346.850788</timestamp>
			</report>
			<report>
				<misses>9573001</misses>
				<total>19</total>
				<timestamp>3347.200359</timestamp>
			</report>
			<report>
				<misses>9574001</misses>
				<total>19</total>
				<timestamp>3347.549996</timestamp>
			</report>
			<report>
				<misses>9575001</misses>
				<total>19</total>
				<timestamp>3347.899635</timestamp>
			</report>
			<report>
				<misses>9576001</misses>
				<total>19</total>
				<timestamp>3348.249286</timestamp>
			</report>
			<report>
				<misses>9577001</misses>
				<total>19</total>
				<timestamp>3348.598966</timestamp>
			</report>
			<report>
				<misses>9578001</misses>
				<total>19</total>
				<timestamp>3348.948573</timestamp>
			</report>
			<report>
				<misses>9579001</misses>
				<total>19</total>
				<timestamp>3349.298230</timestamp>
			</report>
			<report>
				<misses>9580001</misses>
				<total>19</total>
				<timestamp>3349.647901</timestamp>
			</report>
			<report>
				<misses>9581001</misses>
				<total>19</total>
				<timestamp>3349.997530</timestamp>
			</report>
			<report>
				<misses>9582001</misses>
				<total>19</total>
				<timestamp>3350.347183</timestamp>
			</report>
			<report>
				<misses>9583001</misses>
				<total>19</total>
				<timestamp>3350.696878</timestamp>
			</report>
			<report>
				<misses>9584001</misses>
				<total>19</total>
				<timestamp>3351.046529</timestamp>
			</report>
			<report>
				<misses>9585001</misses>
				<total>19</total>
				<timestamp>3351.396156</timestamp>
			</report>
			<report>
				<misses>9586001</misses>
				<total>19</total>
				<timestamp>3351.745845</timestamp>
			</report>
			<report>
				<misses>9587001</misses>
				<total>19</total>
				<timestamp>3352.095425</timestamp>
			</report>
			<report>
				<misses>9588001</misses>
				<total>19</total>
				<timestamp>3352.445116</timestamp>
			</report>
			<report>
				<misses>9589001</misses>
				<total>19</total>
				<timestamp>3352.794763</timestamp>
			</report>
			<report>
				<misses>9590001</misses>
				<total>19</total>
				<timestamp>3353.144399</timestamp>
			</report>
			<report>
				<misses>9591001</misses>
				<total>19</total>
				<timestamp>3353.494067</timestamp>
			</report>
			<report>
				<misses>9592001</misses>
				<total>19</total>
				<timestamp>3353.843742</timestamp>
			</report>
			<report>
				<misses>9593001</misses>
				<total>19</total>
				<timestamp>3354.193339</timestamp>
			</report>
			<report>
				<misses>9594001</misses>
				<total>19</total>
				<timestamp>3354.542997</timestamp>
			</report>
			<report>
				<misses>9595001</misses>
				<total>19</total>
				<timestamp>3354.892629</timestamp>
			</report>
			<report>
				<misses>9596001</misses>
				<total>19</total>
				<timestamp>3355.242275</timestamp>
			</report>
			<report>
				<misses>9597001</misses>
				<total>19</total>
				<timestamp>3355.591934</timestamp>
			</report>
			<report>
				<misses>9598001</misses>
				<total>19</total>
				<timestamp>3355.941597</timestamp>
			</report>
			<report>
				<misses>9599001</misses>
				<total>19</total>
				<timestamp>3356.291253</timestamp>
			</report>
			<report>
				<misses>9600001</misses>
				<total>19</total>
				<timestamp>3356.640909</timestamp>
			</report>
			<report>
				<misses>9601001</misses>
				<total>19</total>
				<timestamp>3356.990582</timestamp>
			</report>
			<report>
				<misses>9602001</misses>
				<total>19</total>
				<timestamp>3357.340198</timestamp>
			</report>
			<report>
				<misses>9603001</misses>
				<total>19</total>
				<timestamp>3357.689841</timestamp>
			</report>
			<report>
				<misses>9604001</misses>
				<total>19</total>
				<timestamp>3358.039483</timestamp>
			</report>
			<report>
				<misses>9605001</misses>
				<total>19</total>
				<timestamp>3358.389160</timestamp>
			</report>
			<report>
				<misses>9606001</misses>
				<total>19</total>
				<timestamp>3358.738805</timestamp>
			</report>
			<report>
				<misses>9607001</misses>
				<total>19</total>
				<timestamp>3359.088430</timestamp>
			</report>
			<report>
				<misses>9608001</misses>
				<total>19</total>
				<timestamp>3359.438156</timestamp>
			</report>
			<report>
				<misses>9609001</misses>
				<total>19</total>
				<timestamp>3359.787769</timestamp>
			</report>
			<report>
				<misses>9610001</misses>
				<total>19</total>
				<timestamp>3360.137400</timestamp>
			</report>
			<report>
				<misses>9611001</misses>
				<total>19</total>
				<timestamp>3360.487045</timestamp>
			</report>
			<report>
				<misses>9612001</misses>
				<total>19</total>
				<timestamp>3360.836687</timestamp>
			</report>
			<report>
				<misses>9613001</misses>
				<total>19</total>
				<timestamp>3361.186344</timestamp>
			</report>
			<report>
				<misses>9614001</misses>
				<total>19</total>
				<timestamp>3361.535990</timestamp>
			</report>
			<report>
				<misses>9615001</misses>
				<total>19</total>
				<timestamp>3361.885654</timestamp>
			</report>
			<report>
				<misses>9616001</misses>
				<total>19</total>
				<timestamp>3362.235288</timestamp>
			</report>
			<report>
				<misses>9617001</misses>
				<total>19</total>
				<timestamp>3362.584974</timestamp>
			</report>
			<report>
				<misses>9618001</misses>
				<total>19</total>
				<timestamp>3362.934596</timestamp>
			</report>
			<report>
				<misses>9619001</misses>
				<total>19</total>
				<timestamp>3363.284233</timestamp>
			</report>
			<report>
				<misses>9620001</misses>
				<total>19</total>
				<timestamp>3363.633874</timestamp>
			</report>
			<report>
				<misses>9621001</misses>
				<total>19</total>
				<timestamp>3363.983550</timestamp>
			</report>
			<report>
				<misses>9622001</misses>
				<total>19</total>
				<timestamp>3364.333187</timestamp>
			</report>
			<report>
				<misses>9623001</misses>
				<total>19</total>
				<timestamp>3364.682868</timestamp>
			</report>
			<report>
				<misses>9624001</misses>
				<total>19</total>
				<timestamp>3365.032471</timestamp>
			</report>
			<report>
				<misses>9625001</misses>
				<total>19</total>
				<timestamp>3365.382147</timestamp>
			</report>
			<report>
				<misses>9626001</misses>
				<total>19</total>
				<timestamp>3365.731811</timestamp>
			</report>
			<report>
				<misses>9627001</misses>
				<total>19</total>
				<timestamp>3366.081432</timestamp>
			</report>
			<report>
				<misses>9628001</misses>
				<total>19</total>
				<timestamp>3366.431101</timestamp>
			</report>
			<report>
				<misses>9629001</misses>
				<total>19</total>
				<timestamp>3366.780740</timestamp>
			</report>
			<report>
				<misses>9630001</misses>
				<total>19</total>
				<timestamp>3367.130409</timestamp>
			</report>
			<report>
				<misses>9631001</misses>
				<total>19</total>
				<timestamp>3367.480076</timestamp>
			</report>
			<report>
				<misses>9632001</misses>
				<total>19</total>
				<timestamp>3367.829732</timestamp>
			</report>
			<report>
				<misses>9633001</misses>
				<total>19</total>
				<timestamp>3368.179335</timestamp>
			</report>
			<report>
				<misses>9634001</misses>
				<total>19</total>
				<timestamp>3368.528979</timestamp>
			</report>
			<report>
				<misses>9635001</misses>
				<total>19</total>
				<timestamp>3368.878665</timestamp>
			</report>
			<report>
				<misses>9636001</misses>
				<total>19</total>
				<timestamp>3369.228292</timestamp>
			</report>
			<report>
				<misses>9637001</misses>
				<total>19</total>
				<timestamp>3369.577942</timestamp>
			</report>
			<report>
				<misses>9638001</misses>
				<total>19</total>
				<timestamp>3369.927598</timestamp>
			</report>
			<report>
				<misses>9639001</misses>
				<total>19</total>
				<timestamp>3370.277234</timestamp>
			</report>
			<report>
				<misses>9640001</misses>
				<total>19</total>
				<timestamp>3370.626893</timestamp>
			</report>
			<report>
				<misses>9641001</misses>
				<total>19</total>
				<timestamp>3370.976552</timestamp>
			</report>
			<report>
				<misses>9642001</misses>
				<total>19</total>
				<timestamp>3371.326202</timestamp>
			</report>
			<report>
				<misses>9643001</misses>
				<total>19</total>
				<timestamp>3371.675862</timestamp>
			</report>
			<report>
				<misses>9644001</misses>
				<total>19</total>
				<timestamp>3372.025504</timestamp>
			</report>
			<report>
				<misses>9645001</misses>
				<total>19</total>
				<timestamp>3372.375182</timestamp>
			</report>
			<report>
				<misses>9646001</misses>
				<total>19</total>
				<timestamp>3372.724781</timestamp>
			</report>
			<report>
				<misses>9647001</misses>
				<total>19</total>
				<timestamp>3373.074422</timestamp>
			</report>
			<report>
				<misses>9648001</misses>
				<total>19</total>
				<timestamp>3373.424087</timestamp>
			</report>
			<report>
				<misses>9649001</misses>
				<total>19</total>
				<timestamp>3373.773762</timestamp>
			</report>
			<report>
				<misses>9650001</misses>
				<total>19</total>
				<timestamp>3374.123378</timestamp>
			</report>
			<report>
				<misses>9651001</misses>
				<total>19</total>
				<timestamp>3374.473046</timestamp>
			</report>
			<report>
				<misses>9652001</misses>
				<total>19</total>
				<timestamp>3374.822720</timestamp>
			</report>
			<report>
				<misses>9653001</misses>
				<total>19</total>
				<timestamp>3375.172323</timestamp>
			</report>
			<report>
				<misses>9654001</misses>
				<total>19</total>
				<timestamp>3375.522000</timestamp>
			</report>
			<report>
				<misses>9655001</misses>
				<total>19</total>
				<timestamp>3375.871626</timestamp>
			</report>
			<report>
				<misses>9656001</misses>
				<total>19</total>
				<timestamp>3376.221280</timestamp>
			</report>
			<report>
				<misses>9657001</misses>
				<total>19</total>
				<timestamp>3376.570929</timestamp>
			</report>
			<report>
				<misses>9658001</misses>
				<total>19</total>
				<timestamp>3376.920610</timestamp>
			</report>
			<report>
				<misses>9659001</misses>
				<total>19</total>
				<timestamp>3377.270246</timestamp>
			</report>
			<report>
				<misses>9660001</misses>
				<total>19</total>
				<timestamp>3377.619896</timestamp>
			</report>
			<report>
				<misses>9661001</misses>
				<total>19</total>
				<timestamp>3377.969532</timestamp>
			</report>
			<report>
				<misses>9662001</misses>
				<total>19</total>
				<timestamp>3378.319195</timestamp>
			</report>
			<report>
				<misses>9663001</misses>
				<total>19</total>
				<timestamp>3378.668836</timestamp>
			</report>
			<report>
				<misses>9664001</misses>
				<total>19</total>
				<timestamp>3379.018505</timestamp>
			</report>
			<report>
				<misses>9665001</misses>
				<total>19</total>
				<timestamp>3379.368141</timestamp>
			</report>
			<report>
				<misses>9666001</misses>
				<total>19</total>
				<timestamp>3379.717781</timestamp>
			</report>
			<report>
				<misses>9667001</misses>
				<total>19</total>
				<timestamp>3380.067437</timestamp>
			</report>
			<report>
				<misses>9668001</misses>
				<total>19</total>
				<timestamp>3380.417128</timestamp>
			</report>
			<report>
				<misses>9669001</misses>
				<total>19</total>
				<timestamp>3380.766767</timestamp>
			</report>
			<report>
				<misses>9670001</misses>
				<total>19</total>
				<timestamp>3381.116397</timestamp>
			</report>
			<report>
				<misses>9671001</misses>
				<total>19</total>
				<timestamp>3381.466050</timestamp>
			</report>
			<report>
				<misses>9672001</misses>
				<total>19</total>
				<timestamp>3381.815691</timestamp>
			</report>
			<report>
				<misses>9673001</misses>
				<total>19</total>
				<timestamp>3382.165341</timestamp>
			</report>
			<report>
				<misses>9674001</misses>
				<total>19</total>
				<timestamp>3382.514981</timestamp>
			</report>
			<report>
				<misses>9675001</misses>
				<total>19</total>
				<timestamp>3382.864647</timestamp>
			</report>
			<report>
				<misses>9676001</misses>
				<total>19</total>
				<timestamp>3383.214287</timestamp>
			</report>
			<report>
				<misses>9677001</misses>
				<total>19</total>
				<timestamp>3383.563935</timestamp>
			</report>
			<report>
				<misses>9678001</misses>
				<total>19</total>
				<timestamp>3383.913590</timestamp>
			</report>
			<report>
				<misses>9679001</misses>
				<total>19</total>
				<timestamp>3384.263251</timestamp>
			</report>
			<report>
				<misses>9680001</misses>
				<total>19</total>
				<timestamp>3384.612892</timestamp>
			</report>
			<report>
				<misses>9681001</misses>
				<total>19</total>
				<timestamp>3384.962529</timestamp>
			</report>
			<report>
				<misses>9682001</misses>
				<total>19</total>
				<timestamp>3385.312182</timestamp>
			</report>
			<report>
				<misses>9683001</misses>
				<total>19</total>
				<timestamp>3385.661855</timestamp>
			</report>
			<report>
				<misses>9684001</misses>
				<total>19</total>
				<timestamp>3386.011482</timestamp>
			</report>
			<report>
				<misses>9685001</misses>
				<total>19</total>
				<timestamp>3386.361166</timestamp>
			</report>
			<report>
				<misses>9686001</misses>
				<total>19</total>
				<timestamp>3386.710911</timestamp>
			</report>
			<report>
				<misses>9687001</misses>
				<total>19</total>
				<timestamp>3387.060458</timestamp>
			</report>
			<report>
				<misses>9688001</misses>
				<total>19</total>
				<timestamp>3387.410146</timestamp>
			</report>
			<report>
				<misses>9689001</misses>
				<total>19</total>
				<timestamp>3387.759759</timestamp>
			</report>
			<report>
				<misses>9690001</misses>
				<total>20</total>
				<timestamp>3388.109463</timestamp>
			</report>
			<report>
				<misses>9691001</misses>
				<total>20</total>
				<timestamp>3388.459035</timestamp>
			</report>
			<report>
				<misses>9692001</misses>
				<total>20</total>
				<timestamp>3388.808709</timestamp>
			</report>
			<report>
				<misses>9693001</misses>
				<total>20</total>
				<timestamp>3389.158329</timestamp>
			</report>
			<report>
				<misses>9694001</misses>
				<total>20</total>
				<timestamp>3389.507992</timestamp>
			</report>
			<report>
				<misses>9695001</misses>
				<total>20</total>
				<timestamp>3389.857689</timestamp>
			</report>
			<report>
				<misses>9696001</misses>
				<total>20</total>
				<timestamp>3390.207281</timestamp>
			</report>
			<report>
				<misses>9697001</misses>
				<total>20</total>
				<timestamp>3390.556937</timestamp>
			</report>
			<report>
				<misses>9698001</misses>
				<total>20</total>
				<timestamp>3390.906597</timestamp>
			</report>
			<report>
				<misses>9699001</misses>
				<total>20</total>
				<timestamp>3391.256252</timestamp>
			</report>
			<report>
				<misses>9700001</misses>
				<total>20</total>
				<timestamp>3391.605882</timestamp>
			</report>
			<report>
				<misses>9701001</misses>
				<total>20</total>
				<timestamp>3391.955538</timestamp>
			</report>
			<report>
				<misses>9702001</misses>
				<total>20</total>
				<timestamp>3392.305205</timestamp>
			</report>
			<report>
				<misses>9703001</misses>
				<total>20</total>
				<timestamp>3392.654842</timestamp>
			</report>
			<report>
				<misses>9704001</misses>
				<total>20</total>
				<timestamp>3393.004488</timestamp>
			</report>
			<report>
				<misses>9705001</misses>
				<total>20</total>
				<timestamp>3393.354139</timestamp>
			</report>
			<report>
				<misses>9706001</misses>
				<total>20</total>
				<timestamp>3393.703771</timestamp>
			</report>
			<report>
				<misses>9707001</misses>
				<total>20</total>
				<timestamp>3394.053482</timestamp>
			</report>
			<report>
				<misses>9708001</misses>
				<total>20</total>
				<timestamp>3394.403105</timestamp>
			</report>
			<report>
				<misses>9709001</misses>
				<total>20</total>
				<timestamp>3394.752747</timestamp>
			</report>
			<report>
				<misses>9710001</misses>
				<total>20</total>
				<timestamp>3395.102387</timestamp>
			</report>
			<report>
				<misses>9711001</misses>
				<total>20</total>
				<timestamp>3395.452069</timestamp>
			</report>
			<report>
				<misses>9712001</misses>
				<total>20</total>
				<timestamp>3395.801688</timestamp>
			</report>
			<report>
				<misses>9713001</misses>
				<total>20</total>
				<timestamp>3396.151335</timestamp>
			</report>
			<report>
				<misses>9714001</misses>
				<total>20</total>
				<timestamp>3396.500977</timestamp>
			</report>
			<report>
				<misses>9715001</misses>
				<total>20</total>
				<timestamp>3396.850634</timestamp>
			</report>
			<report>
				<misses>9716001</misses>
				<total>20</total>
				<timestamp>3397.200344</timestamp>
			</report>
			<report>
				<misses>9717001</misses>
				<total>20</total>
				<timestamp>3397.549969</timestamp>
			</report>
			<report>
				<misses>9718001</misses>
				<total>20</total>
				<timestamp>3397.899578</timestamp>
			</report>
			<report>
				<misses>9719001</misses>
				<total>20</total>
				<timestamp>3398.249235</timestamp>
			</report>
			<report>
				<misses>9720001</misses>
				<total>20</total>
				<timestamp>3398.598894</timestamp>
			</report>
			<report>
				<misses>9721001</misses>
				<total>20</total>
				<timestamp>3398.948565</timestamp>
			</report>
			<report>
				<misses>9722001</misses>
				<total>20</total>
				<timestamp>3399.298178</timestamp>
			</report>
			<report>
				<misses>9723001</misses>
				<total>20</total>
				<timestamp>3399.647829</timestamp>
			</report>
			<report>
				<misses>9724001</misses>
				<total>20</total>
				<timestamp>3399.997483</timestamp>
			</report>
			<report>
				<misses>9725001</misses>
				<total>20</total>
				<timestamp>3400.347147</timestamp>
			</report>
			<report>
				<misses>9726001</misses>
				<total>20</total>
				<timestamp>3400.696781</timestamp>
			</report>
			<report>
				<misses>9727001</misses>
				<total>20</total>
				<timestamp>3401.046442</timestamp>
			</report>
			<report>
				<misses>9728001</misses>
				<total>20</total>
				<timestamp>3401.396133</timestamp>
			</report>
			<report>
				<misses>9729001</misses>
				<total>20</total>
				<timestamp>3401.745733</timestamp>
			</report>
			<report>
				<misses>9730001</misses>
				<total>20</total>
				<timestamp>3402.095417</timestamp>
			</report>
			<report>
				<misses>9731001</misses>
				<total>20</total>
				<timestamp>3402.445090</timestamp>
			</report>
			<report>
				<misses>9732001</misses>
				<total>20</total>
				<timestamp>3402.794694</timestamp>
			</report>
			<report>
				<misses>9733001</misses>
				<total>20</total>
				<timestamp>3403.144375</timestamp>
			</report>
			<report>
				<misses>9734001</misses>
				<total>20</total>
				<timestamp>3403.494003</timestamp>
			</report>
			<report>
				<misses>9735001</misses>
				<total>20</total>
				<timestamp>3403.843637</timestamp>
			</report>
			<report>
				<misses>9736001</misses>
				<total>20</total>
				<timestamp>3404.193303</timestamp>
			</report>
			<report>
				<misses>9737001</misses>
				<total>20</total>
				<timestamp>3404.542949</timestamp>
			</report>
			<report>
				<misses>9738001</misses>
				<total>20</total>
				<timestamp>3404.892581</timestamp>
			</report>
			<report>
				<misses>9739001</misses>
				<total>20</total>
				<timestamp>3405.242227</timestamp>
			</report>
			<report>
				<misses>9740001</misses>
				<total>20</total>
				<timestamp>3405.591907</timestamp>
			</report>
			<report>
				<misses>9741001</misses>
				<total>20</total>
				<timestamp>3405.941541</timestamp>
			</report>
			<report>
				<misses>9742001</misses>
				<total>20</total>
				<timestamp>3406.291190</timestamp>
			</report>
			<report>
				<misses>9743001</misses>
				<total>20</total>
				<timestamp>3406.640830</timestamp>
			</report>
			<report>
				<misses>9744001</misses>
				<total>20</total>
				<timestamp>3406.990531</timestamp>
			</report>
			<report>
				<misses>9745001</misses>
				<total>20</total>
				<timestamp>3407.340140</timestamp>
			</report>
			<report>
				<misses>9746001</misses>
				<total>20</total>
				<timestamp>3407.689795</timestamp>
			</report>
			<report>
				<misses>9747001</misses>
				<total>20</total>
				<timestamp>3408.039444</timestamp>
			</report>
			<report>
				<misses>9748001</misses>
				<total>20</total>
				<timestamp>3408.389104</timestamp>
			</report>
			<report>
				<misses>9749001</misses>
				<total>20</total>
				<timestamp>3408.738775</timestamp>
			</report>
			<report>
				<misses>9750001</misses>
				<total>20</total>
				<timestamp>3409.088408</timestamp>
			</report>
			<report>
				<misses>9751001</misses>
				<total>20</total>
				<timestamp>3409.438025</timestamp>
			</report>
			<report>
				<misses>9752001</misses>
				<total>20</total>
				<timestamp>3409.787705</timestamp>
			</report>
			<report>
				<misses>9753001</misses>
				<total>20</total>
				<timestamp>3410.137381</timestamp>
			</report>
			<report>
				<misses>9754001</misses>
				<total>20</total>
				<timestamp>3410.486995</timestamp>
			</report>
			<report>
				<misses>9755001</misses>
				<total>20</total>
				<timestamp>3410.836642</timestamp>
			</report>
			<report>
				<misses>9756001</misses>
				<total>20</total>
				<timestamp>3411.186292</timestamp>
			</report>
			<report>
				<misses>9757001</misses>
				<total>20</total>
				<timestamp>3411.535942</timestamp>
			</report>
			<report>
				<misses>9758001</misses>
				<total>20</total>
				<timestamp>3411.885610</timestamp>
			</report>
			<report>
				<misses>9759001</misses>
				<total>20</total>
				<timestamp>3412.235250</timestamp>
			</report>
			<report>
				<misses>9760001</misses>
				<total>20</total>
				<timestamp>3412.584885</timestamp>
			</report>
			<report>
				<misses>9761001</misses>
				<total>20</total>
				<timestamp>3412.934545</timestamp>
			</report>
			<report>
				<misses>9762001</misses>
				<total>20</total>
				<timestamp>3413.284175</timestamp>
			</report>
			<report>
				<misses>9763001</misses>
				<total>20</total>
				<timestamp>3413.633875</timestamp>
			</report>
			<report>
				<misses>9764001</misses>
				<total>20</total>
				<timestamp>3413.983536</timestamp>
			</report>
			<report>
				<misses>9765001</misses>
				<total>20</total>
				<timestamp>3414.333126</timestamp>
			</report>
			<report>
				<misses>9766001</misses>
				<total>20</total>
				<timestamp>3414.682806</timestamp>
			</report>
			<report>
				<misses>9767001</misses>
				<total>20</total>
				<timestamp>3415.032479</timestamp>
			</report>
			<report>
				<misses>9768001</misses>
				<total>20</total>
				<timestamp>3415.382115</timestamp>
			</report>
			<report>
				<misses>9769001</misses>
				<total>20</total>
				<timestamp>3415.731822</timestamp>
			</report>
			<report>
				<misses>9770001</misses>
				<total>20</total>
				<timestamp>3416.081400</timestamp>
			</report>
			<report>
				<misses>9771001</misses>
				<total>20</total>
				<timestamp>3416.431046</timestamp>
			</report>
			<report>
				<misses>9772001</misses>
				<total>20</total>
				<timestamp>3416.780734</timestamp>
			</report>
			<report>
				<misses>9773001</misses>
				<total>20</total>
				<timestamp>3417.130351</timestamp>
			</report>
			<report>
				<misses>9774001</misses>
				<total>20</total>
				<timestamp>3417.479976</timestamp>
			</report>
			<report>
				<misses>9775001</misses>
				<total>20</total>
				<timestamp>3417.829652</timestamp>
			</report>
			<report>
				<misses>9776001</misses>
				<total>20</total>
				<timestamp>3418.179333</timestamp>
			</report>
			<report>
				<misses>9777001</misses>
				<total>20</total>
				<timestamp>3418.528948</timestamp>
			</report>
			<report>
				<misses>9778001</misses>
				<total>20</total>
				<timestamp>3418.878612</timestamp>
			</report>
			<report>
				<misses>9779001</misses>
				<total>20</total>
				<timestamp>3419.228274</timestamp>
			</report>
			<report>
				<misses>9780001</misses>
				<total>20</total>
				<timestamp>3419.577881</timestamp>
			</report>
			<report>
				<misses>9781001</misses>
				<total>20</total>
				<timestamp>3419.927537</timestamp>
			</report>
			<report>
				<misses>9782001</misses>
				<total>20</total>
				<timestamp>3420.277206</timestamp>
			</report>
			<report>
				<misses>9783001</misses>
				<total>20</total>
				<timestamp>3420.626828</timestamp>
			</report>
			<report>
				<misses>9784001</misses>
				<total>20</total>
				<timestamp>3420.976524</timestamp>
			</report>
			<report>
				<misses>9785001</misses>
				<total>20</total>
				<timestamp>3421.326152</timestamp>
			</report>
			<report>
				<misses>9786001</misses>
				<total>20</total>
				<timestamp>3421.675784</timestamp>
			</report>
			<report>
				<misses>9787001</misses>
				<total>20</total>
				<timestamp>3422.025440</timestamp>
			</report>
			<report>
				<misses>9788001</misses>
				<total>20</total>
				<timestamp>3422.375107</timestamp>
			</report>
			<report>
				<misses>9789001</misses>
				<total>20</total>
				<timestamp>3422.724730</timestamp>
			</report>
			<report>
				<misses>9790001</misses>
				<total>20</total>
				<timestamp>3423.074406</timestamp>
			</report>
			<report>
				<misses>9791001</misses>
				<total>20</total>
				<timestamp>3423.424044</timestamp>
			</report>
			<report>
				<misses>9792001</misses>
				<total>20</total>
				<timestamp>3423.773684</timestamp>
			</report>
			<report>
				<misses>9793001</misses>
				<total>20</total>
				<timestamp>3424.123350</timestamp>
			</report>
			<report>
				<misses>9794001</misses>
				<total>20</total>
				<timestamp>3424.472997</timestamp>
			</report>
			<report>
				<misses>9795001</misses>
				<total>20</total>
				<timestamp>3424.822644</timestamp>
			</report>
			<report>
				<misses>9796001</misses>
				<total>20</total>
				<timestamp>3425.172298</timestamp>
			</report>
			<report>
				<misses>9797001</misses>
				<total>20</total>
				<timestamp>3425.521922</timestamp>
			</report>
			<report>
				<misses>9798001</misses>
				<total>20</total>
				<timestamp>3425.871572</timestamp>
			</report>
			<report>
				<misses>9799001</misses>
				<total>20</total>
				<timestamp>3426.221310</timestamp>
			</report>
			<report>
				<misses>9800001</misses>
				<total>20</total>
				<timestamp>3426.570873</timestamp>
			</report>
			<report>
				<misses>9801001</misses>
				<total>20</total>
				<timestamp>3426.920584</timestamp>
			</report>
			<report>
				<misses>9802001</misses>
				<total>20</total>
				<timestamp>3427.270204</timestamp>
			</report>
			<report>
				<misses>9803001</misses>
				<total>20</total>
				<timestamp>3427.619839</timestamp>
			</report>
			<report>
				<misses>9804001</misses>
				<total>20</total>
				<timestamp>3427.969494</timestamp>
			</report>
			<report>
				<misses>9805001</misses>
				<total>20</total>
				<timestamp>3428.319134</timestamp>
			</report>
			<report>
				<misses>9806001</misses>
				<total>20</total>
				<timestamp>3428.668805</timestamp>
			</report>
			<report>
				<misses>9807001</misses>
				<total>20</total>
				<timestamp>3429.018437</timestamp>
			</report>
			<report>
				<misses>9808001</misses>
				<total>20</total>
				<timestamp>3429.368112</timestamp>
			</report>
			<report>
				<misses>9809001</misses>
				<total>20</total>
				<timestamp>3429.717727</timestamp>
			</report>
			<report>
				<misses>9810001</misses>
				<total>20</total>
				<timestamp>3430.067376</timestamp>
			</report>
			<report>
				<misses>9811001</misses>
				<total>20</total>
				<timestamp>3430.417038</timestamp>
			</report>
			<report>
				<misses>9812001</misses>
				<total>20</total>
				<timestamp>3430.766735</timestamp>
			</report>
			<report>
				<misses>9813001</misses>
				<total>20</total>
				<timestamp>3431.116351</timestamp>
			</report>
			<report>
				<misses>9814001</misses>
				<total>20</total>
				<timestamp>3431.465985</timestamp>
			</report>
			<report>
				<misses>9815001</misses>
				<total>24</total>
				<timestamp>3431.815630</timestamp>
			</report>
			<report>
				<misses>9816001</misses>
				<total>24</total>
				<timestamp>3432.165294</timestamp>
			</report>
			<report>
				<misses>9817001</misses>
				<total>24</total>
				<timestamp>3432.514951</timestamp>
			</report>
			<report>
				<misses>9818001</misses>
				<total>24</total>
				<timestamp>3432.864619</timestamp>
			</report>
			<report>
				<misses>9819001</misses>
				<total>24</total>
				<timestamp>3433.214249</timestamp>
			</report>
			<report>
				<misses>9820001</misses>
				<total>24</total>
				<timestamp>3433.563879</timestamp>
			</report>
			<report>
				<misses>9821001</misses>
				<total>24</total>
				<timestamp>3433.913535</timestamp>
			</report>
			<report>
				<misses>9822001</misses>
				<total>24</total>
				<timestamp>3434.263236</timestamp>
			</report>
			<report>
				<misses>9823001</misses>
				<total>24</total>
				<timestamp>3434.612840</timestamp>
			</report>
			<report>
				<misses>9824001</misses>
				<total>24</total>
				<timestamp>3434.962512</timestamp>
			</report>
			<report>
				<misses>9825001</misses>
				<total>24</total>
				<timestamp>3435.312148</timestamp>
			</report>
			<report>
				<misses>9826001</misses>
				<total>24</total>
				<timestamp>3435.661807</timestamp>
			</report>
			<report>
				<misses>9827001</misses>
				<total>24</total>
				<timestamp>3436.011453</timestamp>
			</report>
			<report>
				<misses>9828001</misses>
				<total>24</total>
				<timestamp>3436.361104</timestamp>
			</report>
			<report>
				<misses>9829001</misses>
				<total>24</total>
				<timestamp>3436.710731</timestamp>
			</report>
			<report>
				<misses>9830001</misses>
				<total>24</total>
				<timestamp>3437.060407</timestamp>
			</report>
			<report>
				<misses>9831001</misses>
				<total>24</total>
				<timestamp>3437.410040</timestamp>
			</report>
			<report>
				<misses>9832001</misses>
				<total>24</total>
				<timestamp>3437.759681</timestamp>
			</report>
			<report>
				<misses>9833001</misses>
				<total>24</total>
				<timestamp>3438.109349</timestamp>
			</report>
			<report>
				<misses>9834001</misses>
				<total>24</total>
				<timestamp>3438.459019</timestamp>
			</report>
			<report>
				<misses>9835001</misses>
				<total>24</total>
				<timestamp>3438.808631</timestamp>
			</report>
			<report>
				<misses>9836001</misses>
				<total>24</total>
				<timestamp>3439.158312</timestamp>
			</report>
			<report>
				<misses>9837001</misses>
				<total>24</total>
				<timestamp>3439.507939</timestamp>
			</report>
			<report>
				<misses>9838001</misses>
				<total>24</total>
				<timestamp>3439.857586</timestamp>
			</report>
			<report>
				<misses>9839001</misses>
				<total>24</total>
				<timestamp>3440.207260</timestamp>
			</report>
			<report>
				<misses>9840001</misses>
				<total>24</total>
				<timestamp>3440.556920</timestamp>
			</report>
			<report>
				<misses>9841001</misses>
				<total>24</total>
				<timestamp>3440.906534</timestamp>
			</report>
			<report>
				<misses>9842001</misses>
				<total>24</total>
				<timestamp>3441.256188</timestamp>
			</report>
			<report>
				<misses>9843001</misses>
				<total>24</total>
				<timestamp>3441.605882</timestamp>
			</report>
			<report>
				<misses>9844001</misses>
				<total>24</total>
				<timestamp>3441.955481</timestamp>
			</report>
			<report>
				<misses>9845001</misses>
				<total>24</total>
				<timestamp>3442.305193</timestamp>
			</report>
			<report>
				<misses>9846001</misses>
				<total>24</total>
				<timestamp>3442.654783</timestamp>
			</report>
			<report>
				<misses>9847001</misses>
				<total>24</total>
				<timestamp>3443.004459</timestamp>
			</report>
			<report>
				<misses>9848001</misses>
				<total>24</total>
				<timestamp>3443.354116</timestamp>
			</report>
			<report>
				<misses>9849001</misses>
				<total>24</total>
				<timestamp>3443.703754</timestamp>
			</report>
			<report>
				<misses>9850001</misses>
				<total>24</total>
				<timestamp>3444.053384</timestamp>
			</report>
			<report>
				<misses>9851001</misses>
				<total>24</total>
				<timestamp>3444.403073</timestamp>
			</report>
			<report>
				<misses>9852001</misses>
				<total>24</total>
				<timestamp>3444.752742</timestamp>
			</report>
			<report>
				<misses>9853001</misses>
				<total>24</total>
				<timestamp>3445.102339</timestamp>
			</report>
			<report>
				<misses>9854001</misses>
				<total>24</total>
				<timestamp>3445.452025</timestamp>
			</report>
			<report>
				<misses>9855001</misses>
				<total>24</total>
				<timestamp>3445.801638</timestamp>
			</report>
			<report>
				<misses>9856001</misses>
				<total>24</total>
				<timestamp>3446.151291</timestamp>
			</report>
			<report>
				<misses>9857001</misses>
				<total>24</total>
				<timestamp>3446.500961</timestamp>
			</report>
			<report>
				<misses>9858001</misses>
				<total>24</total>
				<timestamp>3446.850612</timestamp>
			</report>
			<report>
				<misses>9859001</misses>
				<total>24</total>
				<timestamp>3447.200221</timestamp>
			</report>
			<report>
				<misses>9860001</misses>
				<total>24</total>
				<timestamp>3447.549891</timestamp>
			</report>
			<report>
				<misses>9861001</misses>
				<total>24</total>
				<timestamp>3447.899552</timestamp>
			</report>
			<report>
				<misses>9862001</misses>
				<total>24</total>
				<timestamp>3448.249192</timestamp>
			</report>
			<report>
				<misses>9863001</misses>
				<total>24</total>
				<timestamp>3448.598834</timestamp>
			</report>
			<report>
				<misses>9864001</misses>
				<total>24</total>
				<timestamp>3448.948507</timestamp>
			</report>
			<report>
				<misses>9865001</misses>
				<total>24</total>
				<timestamp>3449.298139</timestamp>
			</report>
			<report>
				<misses>9866001</misses>
				<total>24</total>
				<timestamp>3449.647780</timestamp>
			</report>
			<report>
				<misses>9867001</misses>
				<total>24</total>
				<timestamp>3449.997428</timestamp>
			</report>
			<report>
				<misses>9868001</misses>
				<total>24</total>
				<timestamp>3450.347153</timestamp>
			</report>
			<report>
				<misses>9869001</misses>
				<total>24</total>
				<timestamp>3450.696732</timestamp>
			</report>
			<report>
				<misses>9870001</misses>
				<total>24</total>
				<timestamp>3451.046377</timestamp>
			</report>
			<report>
				<misses>9871001</misses>
				<total>24</total>
				<timestamp>3451.396096</timestamp>
			</report>
			<report>
				<misses>9872001</misses>
				<total>24</total>
				<timestamp>3451.745686</timestamp>
			</report>
			<report>
				<misses>9873001</misses>
				<total>24</total>
				<timestamp>3452.095332</timestamp>
			</report>
			<report>
				<misses>9874001</misses>
				<total>24</total>
				<timestamp>3452.444989</timestamp>
			</report>
			<report>
				<misses>9875001</misses>
				<total>24</total>
				<timestamp>3452.794629</timestamp>
			</report>
			<report>
				<misses>9876001</misses>
				<total>24</total>
				<timestamp>3453.144291</timestamp>
			</report>
			<report>
				<misses>9877001</misses>
				<total>24</total>
				<timestamp>3453.493978</timestamp>
			</report>
			<report>
				<misses>9878001</misses>
				<total>24</total>
				<timestamp>3453.843622</timestamp>
			</report>
			<report>
				<misses>9879001</misses>
				<total>24</total>
				<timestamp>3454.193241</timestamp>
			</report>
			<report>
				<misses>9880001</misses>
				<total>24</total>
				<timestamp>3454.542890</timestamp>
			</report>
			<report>
				<misses>9881001</misses>
				<total>24</total>
				<timestamp>3454.892526</timestamp>
			</report>
			<report>
				<misses>9882001</misses>
				<total>24</total>
				<timestamp>3455.242244</timestamp>
			</report>
			<report>
				<misses>9883001</misses>
				<total>24</total>
				<timestamp>3455.591854</timestamp>
			</report>
			<report>
				<misses>9884001</misses>
				<total>24</total>
				<timestamp>3455.941486</timestamp>
			</report>
			<report>
				<misses>9885001</misses>
				<total>24</total>
				<timestamp>3456.291158</timestamp>
			</report>
			<report>
				<misses>9886001</misses>
				<total>24</total>
				<timestamp>3456.640775</timestamp>
			</report>
			<report>
				<misses>9887001</misses>
				<total>24</total>
				<timestamp>3456.990466</timestamp>
			</report>
			<report>
				<misses>9888001</misses>
				<total>24</total>
				<timestamp>3457.340119</timestamp>
			</report>
			<report>
				<misses>9889001</misses>
				<total>24</total>
				<timestamp>3457.689770</timestamp>
			</report>
			<report>
				<misses>9890001</misses>
				<total>24</total>
				<timestamp>3458.039425</timestamp>
			</report>
			<report>
				<misses>9891001</misses>
				<total>24</total>
				<timestamp>3458.389075</timestamp>
			</report>
			<report>
				<misses>9892001</misses>
				<total>24</total>
				<timestamp>3458.738725</timestamp>
			</report>
			<report>
				<misses>9893001</misses>
				<total>24</total>
				<timestamp>3459.088324</timestamp>
			</report>
			<report>
				<misses>9894001</misses>
				<total>24</total>
				<timestamp>3459.437986</timestamp>
			</report>
			<report>
				<misses>9895001</misses>
				<total>24</total>
				<timestamp>3459.787635</timestamp>
			</report>
			<report>
				<misses>9896001</misses>
				<total>24</total>
				<timestamp>3460.137323</timestamp>
			</report>
			<report>
				<misses>9897001</misses>
				<total>24</total>
				<timestamp>3460.486954</timestamp>
			</report>
			<report>
				<misses>9898001</misses>
				<total>24</total>
				<timestamp>3460.836600</timestamp>
			</report>
			<report>
				<misses>9899001</misses>
				<total>24</total>
				<timestamp>3461.186224</timestamp>
			</report>
			<report>
				<misses>9900001</misses>
				<total>24</total>
				<timestamp>3461.535903</timestamp>
			</report>
			<report>
				<misses>9901001</misses>
				<total>24</total>
				<timestamp>3461.885570</timestamp>
			</report>
			<report>
				<misses>9902001</misses>
				<total>24</total>
				<timestamp>3462.235211</timestamp>
			</report>
			<report>
				<misses>9903001</misses>
				<total>24</total>
				<timestamp>3462.584888</timestamp>
			</report>
			<report>
				<misses>9904001</misses>
				<total>24</total>
				<timestamp>3462.934491</timestamp>
			</report>
			<report>
				<misses>9905001</misses>
				<total>24</total>
				<timestamp>3463.284180</timestamp>
			</report>
			<report>
				<misses>9906001</misses>
				<total>24</total>
				<timestamp>3463.633839</timestamp>
			</report>
			<report>
				<misses>9907001</misses>
				<total>24</total>
				<timestamp>3463.983472</timestamp>
			</report>
			<report>
				<misses>9908001</misses>
				<total>24</total>
				<timestamp>3464.333127</timestamp>
			</report>
			<report>
				<misses>9909001</misses>
				<total>24</total>
				<timestamp>3464.682745</timestamp>
			</report>
			<report>
				<misses>9910001</misses>
				<total>24</total>
				<timestamp>3465.032400</timestamp>
			</report>
			<report>
				<misses>9911001</misses>
				<total>24</total>
				<timestamp>3465.382053</timestamp>
			</report>
			<report>
				<misses>9912001</misses>
				<total>24</total>
				<timestamp>3465.731672</timestamp>
			</report>
			<report>
				<misses>9913001</misses>
				<total>24</total>
				<timestamp>3466.081360</timestamp>
			</report>
			<report>
				<misses>9914001</misses>
				<total>24</total>
				<timestamp>3466.431010</timestamp>
			</report>
			<report>
				<misses>9915001</misses>
				<total>24</total>
				<timestamp>3466.780656</timestamp>
			</report>
			<report>
				<misses>9916001</misses>
				<total>24</total>
				<timestamp>3467.130328</timestamp>
			</report>
			<report>
				<misses>9917001</misses>
				<total>24</total>
				<timestamp>3467.479936</timestamp>
			</report>
			<report>
				<misses>9918001</misses>
				<total>24</total>
				<timestamp>3467.829620</timestamp>
			</report>
			<report>
				<misses>9919001</misses>
				<total>24</total>
				<timestamp>3468.179238</timestamp>
			</report>
			<report>
				<misses>9920001</misses>
				<total>24</total>
				<timestamp>3468.528892</timestamp>
			</report>
			<report>
				<misses>9921001</misses>
				<total>24</total>
				<timestamp>3468.878548</timestamp>
			</report>
			<report>
				<misses>9922001</misses>
				<total>24</total>
				<timestamp>3469.228188</timestamp>
			</report>
			<report>
				<misses>9923001</misses>
				<total>24</total>
				<timestamp>3469.577823</timestamp>
			</report>
			<report>
				<misses>9924001</misses>
				<total>24</total>
				<timestamp>3469.927498</timestamp>
			</report>
			<report>
				<misses>9925001</misses>
				<total>24</total>
				<timestamp>3470.277168</timestamp>
			</report>
			<report>
				<misses>9926001</misses>
				<total>24</total>
				<timestamp>3470.626804</timestamp>
			</report>
			<report>
				<misses>9927001</misses>
				<total>24</total>
				<timestamp>3470.976435</timestamp>
			</report>
			<report>
				<misses>9928001</misses>
				<total>24</total>
				<timestamp>3471.326113</timestamp>
			</report>
			<report>
				<misses>9929001</misses>
				<total>24</total>
				<timestamp>3471.675738</timestamp>
			</report>
			<report>
				<misses>9930001</misses>
				<total>24</total>
				<timestamp>3472.025381</timestamp>
			</report>
			<report>
				<misses>9931001</misses>
				<total>24</total>
				<timestamp>3472.375063</timestamp>
			</report>
			<report>
				<misses>9932001</misses>
				<total>24</total>
				<timestamp>3472.724688</timestamp>
			</report>
			<report>
				<misses>9933001</misses>
				<total>24</total>
				<timestamp>3473.074371</timestamp>
			</report>
			<report>
				<misses>9934001</misses>
				<total>24</total>
				<timestamp>3473.424011</timestamp>
			</report>
			<report>
				<misses>9935001</misses>
				<total>24</total>
				<timestamp>3473.773636</timestamp>
			</report>
			<report>
				<misses>9936001</misses>
				<total>24</total>
				<timestamp>3474.123336</timestamp>
			</report>
			<report>
				<misses>9937001</misses>
				<total>24</total>
				<timestamp>3474.472962</timestamp>
			</report>
			<report>
				<misses>9938001</misses>
				<total>24</total>
				<timestamp>3474.822603</timestamp>
			</report>
			<report>
				<misses>9939001</misses>
				<total>24</total>
				<timestamp>3475.172253</timestamp>
			</report>
			<report>
				<misses>9940001</misses>
				<total>24</total>
				<timestamp>3475.521887</timestamp>
			</report>
			<report>
				<misses>9941001</misses>
				<total>24</total>
				<timestamp>3475.871537</timestamp>
			</report>
			<report>
				<misses>9942001</misses>
				<total>24</total>
				<timestamp>3476.221196</timestamp>
			</report>
			<report>
				<misses>9943001</misses>
				<total>24</total>
				<timestamp>3476.570855</timestamp>
			</report>
			<report>
				<misses>9944001</misses>
				<total>24</total>
				<timestamp>3476.920496</timestamp>
			</report>
			<report>
				<misses>9945001</misses>
				<total>24</total>
				<timestamp>3477.270158</timestamp>
			</report>
			<report>
				<misses>9946001</misses>
				<total>24</total>
				<timestamp>3477.619793</timestamp>
			</report>
			<report>
				<misses>9947001</misses>
				<total>24</total>
				<timestamp>3477.969450</timestamp>
			</report>
			<report>
				<misses>9948001</misses>
				<total>24</total>
				<timestamp>3478.319098</timestamp>
			</report>
			<report>
				<misses>9949001</misses>
				<total>24</total>
				<timestamp>3478.668750</timestamp>
			</report>
			<report>
				<misses>9950001</misses>
				<total>24</total>
				<timestamp>3479.018418</timestamp>
			</report>
			<report>
				<misses>9951001</misses>
				<total>24</total>
				<timestamp>3479.368070</timestamp>
			</report>
			<report>
				<misses>9952001</misses>
				<total>24</total>
				<timestamp>3479.717701</timestamp>
			</report>
			<report>
				<misses>9953001</misses>
				<total>24</total>
				<timestamp>3480.067324</timestamp>
			</report>
			<report>
				<misses>9954001</misses>
				<total>24</total>
				<timestamp>3480.417024</timestamp>
			</report>
			<report>
				<misses>9955001</misses>
				<total>24</total>
				<timestamp>3480.766633</timestamp>
			</report>
			<report>
				<misses>9956001</misses>
				<total>24</total>
				<timestamp>3481.116343</timestamp>
			</report>
			<report>
				<misses>9957001</misses>
				<total>24</total>
				<timestamp>3481.465947</timestamp>
			</report>
			<report>
				<misses>9958001</misses>
				<total>24</total>
				<timestamp>3481.815587</timestamp>
			</report>
			<report>
				<misses>9959001</misses>
				<total>24</total>
				<timestamp>3482.165231</timestamp>
			</report>
			<report>
				<misses>9960001</misses>
				<total>24</total>
				<timestamp>3482.514940</timestamp>
			</report>
			<report>
				<misses>9961001</misses>
				<total>24</total>
				<timestamp>3482.864526</timestamp>
			</report>
			<report>
				<misses>9962001</misses>
				<total>24</total>
				<timestamp>3483.214201</timestamp>
			</report>
			<report>
				<misses>9963001</misses>
				<total>24</total>
				<timestamp>3483.563903</timestamp>
			</report>
			<report>
				<misses>9964001</misses>
				<total>24</total>
				<timestamp>3483.913487</timestamp>
			</report>
			<report>
				<misses>9965001</misses>
				<total>24</total>
				<timestamp>3484.263138</timestamp>
			</report>
			<report>
				<misses>9966001</misses>
				<total>24</total>
				<timestamp>3484.612807</timestamp>
			</report>
			<report>
				<misses>9967001</misses>
				<total>24</total>
				<timestamp>3484.962442</timestamp>
			</report>
			<report>
				<misses>9968001</misses>
				<total>24</total>
				<timestamp>3485.312096</timestamp>
			</report>
			<report>
				<misses>9969001</misses>
				<total>24</total>
				<timestamp>3485.661770</timestamp>
			</report>
			<report>
				<misses>9970001</misses>
				<total>24</total>
				<timestamp>3486.011400</timestamp>
			</report>
			<report>
				<misses>9971001</misses>
				<total>24</total>
				<timestamp>3486.361036</timestamp>
			</report>
			<report>
				<misses>9972001</misses>
				<total>24</total>
				<timestamp>3486.710685</timestamp>
			</report>
			<report>
				<misses>9973001</misses>
				<total>24</total>
				<timestamp>3487.060368</timestamp>
			</report>
			<report>
				<misses>9974001</misses>
				<total>24</total>
				<timestamp>3487.410006</timestamp>
			</report>
			<report>
				<misses>9975001</misses>
				<total>24</total>
				<timestamp>3487.759642</timestamp>
			</report>
			<report>
				<misses>9976001</misses>
				<total>24</total>
				<timestamp>3488.109317</timestamp>
			</report>
			<report>
				<misses>9977001</misses>
				<total>24</total>
				<timestamp>3488.458940</timestamp>
			</report>
			<report>
				<misses>9978001</misses>
				<total>24</total>
				<timestamp>3488.808584</timestamp>
			</report>
			<report>
				<misses>9979001</misses>
				<total>24</total>
				<timestamp>3489.158261</timestamp>
			</report>
			<report>
				<misses>9980001</misses>
				<total>24</total>
				<timestamp>3489.507891</timestamp>
			</report>
			<report>
				<misses>9981001</misses>
				<total>24</total>
				<timestamp>3489.857536</timestamp>
			</report>
			<report>
				<misses>9982001</misses>
				<total>24</total>
				<timestamp>3490.207188</timestamp>
			</report>
			<report>
				<misses>9983001</misses>
				<total>24</total>
				<timestamp>3490.556853</timestamp>
			</report>
			<report>
				<misses>9984001</misses>
				<total>24</total>
				<timestamp>3490.906488</timestamp>
			</report>
			<report>
				<misses>9985001</misses>
				<total>24</total>
				<timestamp>3491.256162</timestamp>
			</report>
			<report>
				<misses>9986001</misses>
				<total>24</total>
				<timestamp>3491.605790</timestamp>
			</report>
			<report>
				<misses>9987001</misses>
				<total>24</total>
				<timestamp>3491.955428</timestamp>
			</report>
			<report>
				<misses>9988001</misses>
				<total>24</total>
				<timestamp>3492.305094</timestamp>
			</report>
			<report>
				<misses>9989001</misses>
				<total>24</total>
				<timestamp>3492.654743</timestamp>
			</report>
			<report>
				<misses>9990001</misses>
				<total>24</total>
				<timestamp>3493.004432</timestamp>
			</report>
			<report>
				<misses>9991001</misses>
				<total>24</total>
				<timestamp>3493.354047</timestamp>
			</report>
			<report>
				<misses>9992001</misses>
				<total>24</total>
				<timestamp>3493.703695</timestamp>
			</report>
			<report>
				<misses>9993001</misses>
				<total>24</total>
				<timestamp>3494.053349</timestamp>
			</report>
			<report>
				<misses>9994001</misses>
				<total>24</total>
				<timestamp>3494.403002</timestamp>
			</report>
			<report>
				<misses>9995001</misses>
				<total>24</total>
				<timestamp>3494.752685</timestamp>
			</report>
			<report>
				<misses>9996001</misses>
				<total>24</total>
				<timestamp>3495.102312</timestamp>
			</report>
			<report>
				<misses>9997001</misses>
				<total>24</total>
				<timestamp>3495.451946</timestamp>
			</report>
			<report>
				<misses>9998001</misses>
				<total>24</total>
				<timestamp>3495.801590</timestamp>
			</report>
			<report>
				<misses>9999001</misses>
				<total>24</total>
				<timestamp>3496.151239</timestamp>
			</report>
			<report>
				<misses>10000001</misses>
				<total>24</total>
				<timestamp>3496.500892</timestamp>
			</report>
			<report>
				<misses>10001001</misses>
				<total>24</total>
				<timestamp>3496.850554</timestamp>
			</report>
			<report>
				<misses>10002001</misses>
				<total>24</total>
				<timestamp>3497.200205</timestamp>
			</report>
			<report>
				<misses>10003001</misses>
				<total>24</total>
				<timestamp>3497.549880</timestamp>
			</report>
			<report>
				<misses>10004001</misses>
				<total>24</total>
				<timestamp>3497.899488</timestamp>
			</report>
			<report>
				<misses>10005001</misses>
				<total>24</total>
				<timestamp>3498.249145</timestamp>
			</report>
			<report>
				<misses>10006001</misses>
				<total>24</total>
				<timestamp>3498.598799</timestamp>
			</report>
			<report>
				<misses>10007001</misses>
				<total>24</total>
				<timestamp>3498.948442</timestamp>
			</report>
			<report>
				<misses>10008001</misses>
				<total>24</total>
				<timestamp>3499.298137</timestamp>
			</report>
			<report>
				<misses>10009001</misses>
				<total>24</total>
				<timestamp>3499.647752</timestamp>
			</report>
			<report>
				<misses>10010001</misses>
				<total>24</total>
				<timestamp>3499.997444</timestamp>
			</report>
			<report>
				<misses>10011001</misses>
				<total>24</total>
				<timestamp>3500.347023</timestamp>
			</report>
			<report>
				<misses>10012001</misses>
				<total>24</total>
				<timestamp>3500.696700</timestamp>
			</report>
			<report>
				<misses>10013001</misses>
				<total>24</total>
				<timestamp>3501.046359</timestamp>
			</report>
			<report>
				<misses>10014001</misses>
				<total>24</total>
				<timestamp>3501.395982</timestamp>
			</report>
			<report>
				<misses>10015001</misses>
				<total>24</total>
				<timestamp>3501.745650</timestamp>
			</report>
			<report>
				<misses>10016001</misses>
				<total>24</total>
				<timestamp>3502.095299</timestamp>
			</report>
			<report>
				<misses>10017001</misses>
				<total>24</total>
				<timestamp>3502.444951</timestamp>
			</report>
			<report>
				<misses>10018001</misses>
				<total>24</total>
				<timestamp>3502.794577</timestamp>
			</report>
			<report>
				<misses>10019001</misses>
				<total>24</total>
				<timestamp>3503.144257</timestamp>
			</report>
			<report>
				<misses>10020001</misses>
				<total>24</total>
				<timestamp>3503.493900</timestamp>
			</report>
			<report>
				<misses>10021001</misses>
				<total>24</total>
				<timestamp>3503.843523</timestamp>
			</report>
			<report>
				<misses>10022001</misses>
				<total>24</total>
				<timestamp>3504.193177</timestamp>
			</report>
			<report>
				<misses>10023001</misses>
				<total>24</total>
				<timestamp>3504.542839</timestamp>
			</report>
			<report>
				<misses>10024001</misses>
				<total>24</total>
				<timestamp>3504.892493</timestamp>
			</report>
			<report>
				<misses>10025001</misses>
				<total>24</total>
				<timestamp>3505.242145</timestamp>
			</report>
			<report>
				<misses>10026001</misses>
				<total>24</total>
				<timestamp>3505.591812</timestamp>
			</report>
			<report>
				<misses>10027001</misses>
				<total>24</total>
				<timestamp>3505.941477</timestamp>
			</report>
			<report>
				<misses>10028001</misses>
				<total>24</total>
				<timestamp>3506.291121</timestamp>
			</report>
			<report>
				<misses>10029001</misses>
				<total>24</total>
				<timestamp>3506.640776</timestamp>
			</report>
			<report>
				<misses>10030001</misses>
				<total>24</total>
				<timestamp>3506.990385</timestamp>
			</report>
			<report>
				<misses>10031001</misses>
				<total>24</total>
				<timestamp>3507.340028</timestamp>
			</report>
			<report>
				<misses>10032001</misses>
				<total>24</total>
				<timestamp>3507.689728</timestamp>
			</report>
			<report>
				<misses>10033001</misses>
				<total>24</total>
				<timestamp>3508.039346</timestamp>
			</report>
			<report>
				<misses>10034001</misses>
				<total>24</total>
				<timestamp>3508.388976</timestamp>
			</report>
			<report>
				<misses>10035001</misses>
				<total>24</total>
				<timestamp>3508.738662</timestamp>
			</report>
			<report>
				<misses>10036001</misses>
				<total>24</total>
				<timestamp>3509.088298</timestamp>
			</report>
			<report>
				<misses>10037001</misses>
				<total>24</total>
				<timestamp>3509.437917</timestamp>
			</report>
			<report>
				<misses>10038001</misses>
				<total>24</total>
				<timestamp>3509.787577</timestamp>
			</report>
			<report>
				<misses>10039001</misses>
				<total>24</total>
				<timestamp>3510.137222</timestamp>
			</report>
			<report>
				<misses>10040001</misses>
				<total>24</total>
				<timestamp>3510.486888</timestamp>
			</report>
			<report>
				<misses>10041001</misses>
				<total>24</total>
				<timestamp>3510.836542</timestamp>
			</report>
			<report>
				<misses>10042001</misses>
				<total>24</total>
				<timestamp>3511.186191</timestamp>
			</report>
			<report>
				<misses>10043001</misses>
				<total>24</total>
				<timestamp>3511.535851</timestamp>
			</report>
			<report>
				<misses>10044001</misses>
				<total>24</total>
				<timestamp>3511.885486</timestamp>
			</report>
			<report>
				<misses>10045001</misses>
				<total>24</total>
				<timestamp>3512.235142</timestamp>
			</report>
			<report>
				<misses>10046001</misses>
				<total>24</total>
				<timestamp>3512.584784</timestamp>
			</report>
			<report>
				<misses>10047001</misses>
				<total>24</total>
				<timestamp>3512.934439</timestamp>
			</report>
			<report>
				<misses>10048001</misses>
				<total>24</total>
				<timestamp>3513.284080</timestamp>
			</report>
			<report>
				<misses>10049001</misses>
				<total>24</total>
				<timestamp>3513.633754</timestamp>
			</report>
			<report>
				<misses>10050001</misses>
				<total>24</total>
				<timestamp>3513.983373</timestamp>
			</report>
			<report>
				<misses>10051001</misses>
				<total>24</total>
				<timestamp>3514.333057</timestamp>
			</report>
			<report>
				<misses>10052001</misses>
				<total>24</total>
				<timestamp>3514.682751</timestamp>
			</report>
			<report>
				<misses>10053001</misses>
				<total>24</total>
				<timestamp>3515.032366</timestamp>
			</report>
			<report>
				<misses>10054001</misses>
				<total>24</total>
				<timestamp>3515.381977</timestamp>
			</report>
			<report>
				<misses>10055001</misses>
				<total>24</total>
				<timestamp>3515.731681</timestamp>
			</report>
			<report>
				<misses>10056001</misses>
				<total>24</total>
				<timestamp>3516.081293</timestamp>
			</report>
			<report>
				<misses>10057001</misses>
				<total>24</total>
				<timestamp>3516.430941</timestamp>
			</report>
			<report>
				<misses>10058001</misses>
				<total>24</total>
				<timestamp>3516.780606</timestamp>
			</report>
			<report>
				<misses>10059001</misses>
				<total>24</total>
				<timestamp>3517.130223</timestamp>
			</report>
			<report>
				<misses>10060001</misses>
				<total>24</total>
				<timestamp>3517.479887</timestamp>
			</report>
			<report>
				<misses>10061001</misses>
				<total>24</total>
				<timestamp>3517.829535</timestamp>
			</report>
			<report>
				<misses>10062001</misses>
				<total>24</total>
				<timestamp>3518.179220</timestamp>
			</report>
			<report>
				<misses>10063001</misses>
				<total>24</total>
				<timestamp>3518.528847</timestamp>
			</report>
			<report>
				<misses>10064001</misses>
				<total>24</total>
				<timestamp>3518.878539</timestamp>
			</report>
			<report>
				<misses>10065001</misses>
				<total>24</total>
				<timestamp>3519.228163</timestamp>
			</report>
			<report>
				<misses>10066001</misses>
				<total>24</total>
				<timestamp>3519.577793</timestamp>
			</report>
			<report>
				<misses>10067001</misses>
				<total>24</total>
				<timestamp>3519.927432</timestamp>
			</report>
			<report>
				<misses>10068001</misses>
				<total>24</total>
				<timestamp>3520.277111</timestamp>
			</report>
			<report>
				<misses>10069001</misses>
				<total>24</total>
				<timestamp>3520.626744</timestamp>
			</report>
			<report>
				<misses>10070001</misses>
				<total>24</total>
				<timestamp>3520.976391</timestamp>
			</report>
			<report>
				<misses>10071001</misses>
				<total>24</total>
				<timestamp>3521.326052</timestamp>
			</report>
			<report>
				<misses>10072001</misses>
				<total>24</total>
				<timestamp>3521.675696</timestamp>
			</report>
			<report>
				<misses>10073001</misses>
				<total>24</total>
				<timestamp>3522.025345</timestamp>
			</report>
			<report>
				<misses>10074001</misses>
				<total>24</total>
				<timestamp>3522.374996</timestamp>
			</report>
			<report>
				<misses>10075001</misses>
				<total>24</total>
				<timestamp>3522.724728</timestamp>
			</report>
			<report>
				<misses>10076001</misses>
				<total>24</total>
				<timestamp>3523.074271</timestamp>
			</report>
			<report>
				<misses>10077001</misses>
				<total>24</total>
				<timestamp>3523.423930</timestamp>
			</report>
			<report>
				<misses>10078001</misses>
				<total>24</total>
				<timestamp>3523.773607</timestamp>
			</report>
			<report>
				<misses>10079001</misses>
				<total>24</total>
				<timestamp>3524.123300</timestamp>
			</report>
			<report>
				<misses>10080001</misses>
				<total>24</total>
				<timestamp>3524.472893</timestamp>
			</report>
			<report>
				<misses>10081001</misses>
				<total>24</total>
				<timestamp>3524.822525</timestamp>
			</report>
			<report>
				<misses>10082001</misses>
				<total>24</total>
				<timestamp>3525.172202</timestamp>
			</report>
			<report>
				<misses>10083001</misses>
				<total>24</total>
				<timestamp>3525.521845</timestamp>
			</report>
			<report>
				<misses>10084001</misses>
				<total>24</total>
				<timestamp>3525.871486</timestamp>
			</report>
			<report>
				<misses>10085001</misses>
				<total>24</total>
				<timestamp>3526.221141</timestamp>
			</report>
			<report>
				<misses>10086001</misses>
				<total>24</total>
				<timestamp>3526.570793</timestamp>
			</report>
			<report>
				<misses>10087001</misses>
				<total>24</total>
				<timestamp>3526.920433</timestamp>
			</report>
			<report>
				<misses>10088001</misses>
				<total>24</total>
				<timestamp>3527.270101</timestamp>
			</report>
			<report>
				<misses>10089001</misses>
				<total>24</total>
				<timestamp>3527.619756</timestamp>
			</report>
			<report>
				<misses>10090001</misses>
				<total>24</total>
				<timestamp>3527.969394</timestamp>
			</report>
			<report>
				<misses>10091001</misses>
				<total>24</total>
				<timestamp>3528.319047</timestamp>
			</report>
			<report>
				<misses>10092001</misses>
				<total>24</total>
				<timestamp>3528.668700</timestamp>
			</report>
			<report>
				<misses>10093001</misses>
				<total>24</total>
				<timestamp>3529.018338</timestamp>
			</report>
			<report>
				<misses>10094001</misses>
				<total>24</total>
				<timestamp>3529.368022</timestamp>
			</report>
			<report>
				<misses>10095001</misses>
				<total>24</total>
				<timestamp>3529.717647</timestamp>
			</report>
			<report>
				<misses>10096001</misses>
				<total>24</total>
				<timestamp>3530.067289</timestamp>
			</report>
			<report>
				<misses>10097001</misses>
				<total>24</total>
				<timestamp>3530.416946</timestamp>
			</report>
			<report>
				<misses>10098001</misses>
				<total>24</total>
				<timestamp>3530.766667</timestamp>
			</report>
			<report>
				<misses>10099001</misses>
				<total>24</total>
				<timestamp>3531.116236</timestamp>
			</report>
			<report>
				<misses>10100001</misses>
				<total>24</total>
				<timestamp>3531.465875</timestamp>
			</report>
			<report>
				<misses>10101001</misses>
				<total>24</total>
				<timestamp>3531.815551</timestamp>
			</report>
			<report>
				<misses>10102001</misses>
				<total>24</total>
				<timestamp>3532.165201</timestamp>
			</report>
			<report>
				<misses>10103001</misses>
				<total>24</total>
				<timestamp>3532.514830</timestamp>
			</report>
			<report>
				<misses>10104001</misses>
				<total>24</total>
				<timestamp>3532.864480</timestamp>
			</report>
			<report>
				<misses>10105001</misses>
				<total>24</total>
				<timestamp>3533.214141</timestamp>
			</report>
			<report>
				<misses>10106001</misses>
				<total>24</total>
				<timestamp>3533.563806</timestamp>
			</report>
			<report>
				<misses>10107001</misses>
				<total>24</total>
				<timestamp>3533.913444</timestamp>
			</report>
			<report>
				<misses>10108001</misses>
				<total>24</total>
				<timestamp>3534.263118</timestamp>
			</report>
			<report>
				<misses>10109001</misses>
				<total>24</total>
				<timestamp>3534.612732</timestamp>
			</report>
			<report>
				<misses>10110001</misses>
				<total>24</total>
				<timestamp>3534.962383</timestamp>
			</report>
			<report>
				<misses>10111001</misses>
				<total>24</total>
				<timestamp>3535.312055</timestamp>
			</report>
			<report>
				<misses>10112001</misses>
				<total>24</total>
				<timestamp>3535.661699</timestamp>
			</report>
			<report>
				<misses>10113001</misses>
				<total>24</total>
				<timestamp>3536.011346</timestamp>
			</report>
			<report>
				<misses>10114001</misses>
				<total>24</total>
				<timestamp>3536.360999</timestamp>
			</report>
			<report>
				<misses>10115001</misses>
				<total>24</total>
				<timestamp>3536.710670</timestamp>
			</report>
			<report>
				<misses>10116001</misses>
				<total>24</total>
				<timestamp>3537.060265</timestamp>
			</report>
			<report>
				<misses>10117001</misses>
				<total>24</total>
				<timestamp>3537.409921</timestamp>
			</report>
			<report>
				<misses>10118001</misses>
				<total>24</total>
				<timestamp>3537.759604</timestamp>
			</report>
			<report>
				<misses>10119001</misses>
				<total>24</total>
				<timestamp>3538.109261</timestamp>
			</report>
			<report>
				<misses>10120001</misses>
				<total>24</total>
				<timestamp>3538.458900</timestamp>
			</report>
			<report>
				<misses>10121001</misses>
				<total>24</total>
				<timestamp>3538.808583</timestamp>
			</report>
			<report>
				<misses>10122001</misses>
				<total>24</total>
				<timestamp>3539.158184</timestamp>
			</report>
			<report>
				<misses>10123001</misses>
				<total>24</total>
				<timestamp>3539.507838</timestamp>
			</report>
			<report>
				<misses>10124001</misses>
				<total>24</total>
				<timestamp>3539.857486</timestamp>
			</report>
			<report>
				<misses>10125001</misses>
				<total>24</total>
				<timestamp>3540.207136</timestamp>
			</report>
			<report>
				<misses>10126001</misses>
				<total>24</total>
				<timestamp>3540.556768</timestamp>
			</report>
			<report>
				<misses>10127001</misses>
				<total>24</total>
				<timestamp>3540.906527</timestamp>
			</report>
			<report>
				<misses>10128001</misses>
				<total>24</total>
				<timestamp>3541.256121</timestamp>
			</report>
			<report>
				<misses>10129001</misses>
				<total>24</total>
				<timestamp>3541.605753</timestamp>
			</report>
			<report>
				<misses>10130001</misses>
				<total>24</total>
				<timestamp>3541.955381</timestamp>
			</report>
			<report>
				<misses>10131001</misses>
				<total>24</total>
				<timestamp>3542.305017</timestamp>
			</report>
			<report>
				<misses>10132001</misses>
				<total>24</total>
				<timestamp>3542.654710</timestamp>
			</report>
			<report>
				<misses>10133001</misses>
				<total>24</total>
				<timestamp>3543.004368</timestamp>
			</report>
			<report>
				<misses>10134001</misses>
				<total>24</total>
				<timestamp>3543.354003</timestamp>
			</report>
			<report>
				<misses>10135001</misses>
				<total>24</total>
				<timestamp>3543.703650</timestamp>
			</report>
			<report>
				<misses>10136001</misses>
				<total>24</total>
				<timestamp>3544.053292</timestamp>
			</report>
			<report>
				<misses>10137001</misses>
				<total>24</total>
				<timestamp>3544.402921</timestamp>
			</report>
			<report>
				<misses>10138001</misses>
				<total>24</total>
				<timestamp>3544.752621</timestamp>
			</report>
			<report>
				<misses>10139001</misses>
				<total>24</total>
				<timestamp>3545.102243</timestamp>
			</report>
			<report>
				<misses>10140001</misses>
				<total>24</total>
				<timestamp>3545.451888</timestamp>
			</report>
			<report>
				<misses>10141001</misses>
				<total>24</total>
				<timestamp>3545.801576</timestamp>
			</report>
			<report>
				<misses>10142001</misses>
				<total>24</total>
				<timestamp>3546.151188</timestamp>
			</report>
			<report>
				<misses>10143001</misses>
				<total>24</total>
				<timestamp>3546.500836</timestamp>
			</report>
			<report>
				<misses>10144001</misses>
				<total>24</total>
				<timestamp>3546.850533</timestamp>
			</report>
			<report>
				<misses>10145001</misses>
				<total>24</total>
				<timestamp>3547.200129</timestamp>
			</report>
			<report>
				<misses>10146001</misses>
				<total>24</total>
				<timestamp>3547.549780</timestamp>
			</report>
			<report>
				<misses>10147001</misses>
				<total>24</total>
				<timestamp>3547.899493</timestamp>
			</report>
			<report>
				<misses>10148001</misses>
				<total>24</total>
				<timestamp>3548.249114</timestamp>
			</report>
			<report>
				<misses>10149001</misses>
				<total>24</total>
				<timestamp>3548.598740</timestamp>
			</report>
			<report>
				<misses>10150001</misses>
				<total>24</total>
				<timestamp>3548.948403</timestamp>
			</report>
			<report>
				<misses>10151001</misses>
				<total>24</total>
				<timestamp>3549.298048</timestamp>
			</report>
			<report>
				<misses>10152001</misses>
				<total>24</total>
				<timestamp>3549.647690</timestamp>
			</report>
			<report>
				<misses>10153001</misses>
				<total>24</total>
				<timestamp>3549.997335</timestamp>
			</report>
			<report>
				<misses>10154001</misses>
				<total>24</total>
				<timestamp>3550.346982</timestamp>
			</report>
			<report>
				<misses>10155001</misses>
				<total>24</total>
				<timestamp>3550.696704</timestamp>
			</report>
			<report>
				<misses>10156001</misses>
				<total>24</total>
				<timestamp>3551.046289</timestamp>
			</report>
			<report>
				<misses>10157001</misses>
				<total>25</total>
				<timestamp>3551.395936</timestamp>
			</report>
			<report>
				<misses>10158001</misses>
				<total>25</total>
				<timestamp>3551.745606</timestamp>
			</report>
			<report>
				<misses>10159001</misses>
				<total>25</total>
				<timestamp>3552.095235</timestamp>
			</report>
			<report>
				<misses>10160001</misses>
				<total>25</total>
				<timestamp>3552.444910</timestamp>
			</report>
			<report>
				<misses>10161001</misses>
				<total>25</total>
				<timestamp>3552.794533</timestamp>
			</report>
			<report>
				<misses>10162001</misses>
				<total>25</total>
				<timestamp>3553.144180</timestamp>
			</report>
			<report>
				<misses>10163001</misses>
				<total>25</total>
				<timestamp>3553.493834</timestamp>
			</report>
			<report>
				<misses>10164001</misses>
				<total>25</total>
				<timestamp>3553.843546</timestamp>
			</report>
			<report>
				<misses>10165001</misses>
				<total>25</total>
				<timestamp>3554.193131</timestamp>
			</report>
			<report>
				<misses>10166001</misses>
				<total>25</total>
				<timestamp>3554.542768</timestamp>
			</report>
			<report>
				<misses>10167001</misses>
				<total>25</total>
				<timestamp>3554.892475</timestamp>
			</report>
			<report>
				<misses>10168001</misses>
				<total>25</total>
				<timestamp>3555.242144</timestamp>
			</report>
			<report>
				<misses>10169001</misses>
				<total>25</total>
				<timestamp>3555.591742</timestamp>
			</report>
			<report>
				<misses>10170001</misses>
				<total>25</total>
				<timestamp>3555.941431</timestamp>
			</report>
			<report>
				<misses>10171001</misses>
				<total>25</total>
				<timestamp>3556.291056</timestamp>
			</report>
			<report>
				<misses>10172001</misses>
				<total>25</total>
				<timestamp>3556.640695</timestamp>
			</report>
			<report>
				<misses>10173001</misses>
				<total>25</total>
				<timestamp>3556.990335</timestamp>
			</report>
			<report>
				<misses>10174001</misses>
				<total>25</total>
				<timestamp>3557.340010</timestamp>
			</report>
			<report>
				<misses>10175001</misses>
				<total>25</total>
				<timestamp>3557.689661</timestamp>
			</report>
			<report>
				<misses>10176001</misses>
				<total>25</total>
				<timestamp>3558.039313</timestamp>
			</report>
			<report>
				<misses>10177001</misses>
				<total>25</total>
				<timestamp>3558.388964</timestamp>
			</report>
			<report>
				<misses>10178001</misses>
				<total>25</total>
				<timestamp>3558.738584</timestamp>
			</report>
			<report>
				<misses>10179001</misses>
				<total>25</total>
				<timestamp>3559.088243</timestamp>
			</report>
			<report>
				<misses>10180001</misses>
				<total>25</total>
				<timestamp>3559.437889</timestamp>
			</report>
			<report>
				<misses>10181001</misses>
				<total>25</total>
				<timestamp>3559.787569</timestamp>
			</report>
			<report>
				<misses>10182001</misses>
				<total>25</total>
				<timestamp>3560.137209</timestamp>
			</report>
			<report>
				<misses>10183001</misses>
				<total>25</total>
				<timestamp>3560.486859</timestamp>
			</report>
			<report>
				<misses>10184001</misses>
				<total>25</total>
				<timestamp>3560.836505</timestamp>
			</report>
			<report>
				<misses>10185001</misses>
				<total>25</total>
				<timestamp>3561.186121</timestamp>
			</report>
			<report>
				<misses>10186001</misses>
				<total>25</total>
				<timestamp>3561.535781</timestamp>
			</report>
			<report>
				<misses>10187001</misses>
				<total>25</total>
				<timestamp>3561.885469</timestamp>
			</report>
			<report>
				<misses>10188001</misses>
				<total>25</total>
				<timestamp>3562.235106</timestamp>
			</report>
			<report>
				<misses>10189001</misses>
				<total>25</total>
				<timestamp>3562.584731</timestamp>
			</report>
			<report>
				<misses>10190001</misses>
				<total>25</total>
				<timestamp>3562.934433</timestamp>
			</report>
			<report>
				<misses>10191001</misses>
				<total>25</total>
				<timestamp>3563.284091</timestamp>
			</report>
			<report>
				<misses>10192001</misses>
				<total>25</total>
				<timestamp>3563.633681</timestamp>
			</report>
			<report>
				<misses>10193001</misses>
				<total>25</total>
				<timestamp>3563.983380</timestamp>
			</report>
			<report>
				<misses>10194001</misses>
				<total>25</total>
				<timestamp>3564.332991</timestamp>
			</report>
			<report>
				<misses>10195001</misses>
				<total>25</total>
				<timestamp>3564.682650</timestamp>
			</report>
			<report>
				<misses>10196001</misses>
				<total>25</total>
				<timestamp>3565.032316</timestamp>
			</report>
			<report>
				<misses>10197001</misses>
				<total>25</total>
				<timestamp>3565.381958</timestamp>
			</report>
			<report>
				<misses>10198001</misses>
				<total>25</total>
				<timestamp>3565.731585</timestamp>
			</report>
			<report>
				<misses>10199001</misses>
				<total>25</total>
				<timestamp>3566.081264</timestamp>
			</report>
			<report>
				<misses>10200001</misses>
				<total>25</total>
				<timestamp>3566.430888</timestamp>
			</report>
			<report>
				<misses>10201001</misses>
				<total>25</total>
				<timestamp>3566.780538</timestamp>
			</report>
			<report>
				<misses>10202001</misses>
				<total>25</total>
				<timestamp>3567.130181</timestamp>
			</report>
			<report>
				<misses>10203001</misses>
				<total>25</total>
				<timestamp>3567.479825</timestamp>
			</report>
			<report>
				<misses>10204001</misses>
				<total>25</total>
				<timestamp>3567.829519</timestamp>
			</report>
			<report>
				<misses>10205001</misses>
				<total>25</total>
				<timestamp>3568.179123</timestamp>
			</report>
			<report>
				<misses>10206001</misses>
				<total>25</total>
				<timestamp>3568.528778</timestamp>
			</report>
			<report>
				<misses>10207001</misses>
				<total>25</total>
				<timestamp>3568.878444</timestamp>
			</report>
			<report>
				<misses>10208001</misses>
				<total>25</total>
				<timestamp>3569.228103</timestamp>
			</report>
			<report>
				<misses>10209001</misses>
				<total>25</total>
				<timestamp>3569.577735</timestamp>
			</report>
			<report>
				<misses>10210001</misses>
				<total>25</total>
				<timestamp>3569.927431</timestamp>
			</report>
			<report>
				<misses>10211001</misses>
				<total>25</total>
				<timestamp>3570.277054</timestamp>
			</report>
			<report>
				<misses>10212001</misses>
				<total>25</total>
				<timestamp>3570.626674</timestamp>
			</report>
			<report>
				<misses>10213001</misses>
				<total>25</total>
				<timestamp>3570.976421</timestamp>
			</report>
			<report>
				<misses>10214001</misses>
				<total>25</total>
				<timestamp>3571.326027</timestamp>
			</report>
			<report>
				<misses>10215001</misses>
				<total>25</total>
				<timestamp>3571.675640</timestamp>
			</report>
			<report>
				<misses>10216001</misses>
				<total>25</total>
				<timestamp>3572.025366</timestamp>
			</report>
			<report>
				<misses>10217001</misses>
				<total>25</total>
				<timestamp>3572.374930</timestamp>
			</report>
			<report>
				<misses>10218001</misses>
				<total>25</total>
				<timestamp>3572.724574</timestamp>
			</report>
			<report>
				<misses>10219001</misses>
				<total>25</total>
				<timestamp>3573.074261</timestamp>
			</report>
			<report>
				<misses>10220001</misses>
				<total>25</total>
				<timestamp>3573.423887</timestamp>
			</report>
			<report>
				<misses>10221001</misses>
				<total>25</total>
				<timestamp>3573.773544</timestamp>
			</report>
			<report>
				<misses>10222001</misses>
				<total>26</total>
				<timestamp>3574.123197</timestamp>
			</report>
			<report>
				<misses>10223001</misses>
				<total>26</total>
				<timestamp>3574.472843</timestamp>
			</report>
			<report>
				<misses>10224001</misses>
				<total>26</total>
				<timestamp>3574.822530</timestamp>
			</report>
			<report>
				<misses>10225001</misses>
				<total>26</total>
				<timestamp>3575.172136</timestamp>
			</report>
			<report>
				<misses>10226001</misses>
				<total>26</total>
				<timestamp>3575.521768</timestamp>
			</report>
			<report>
				<misses>10227001</misses>
				<total>26</total>
				<timestamp>3575.871486</timestamp>
			</report>
			<report>
				<misses>10228001</misses>
				<total>26</total>
				<timestamp>3576.221088</timestamp>
			</report>
			<report>
				<misses>10229001</misses>
				<total>26</total>
				<timestamp>3576.570747</timestamp>
			</report>
			<report>
				<misses>10230001</misses>
				<total>26</total>
				<timestamp>3576.920400</timestamp>
			</report>
			<report>
				<misses>10231001</misses>
				<total>26</total>
				<timestamp>3577.270058</timestamp>
			</report>
			<report>
				<misses>10232001</misses>
				<total>26</total>
				<timestamp>3577.619686</timestamp>
			</report>
			<report>
				<misses>10233001</misses>
				<total>26</total>
				<timestamp>3577.969345</timestamp>
			</report>
			<report>
				<misses>10234001</misses>
				<total>26</total>
				<timestamp>3578.319001</timestamp>
			</report>
			<report>
				<misses>10235001</misses>
				<total>26</total>
				<timestamp>3578.668627</timestamp>
			</report>
			<report>
				<misses>10236001</misses>
				<total>26</total>
				<timestamp>3579.018343</timestamp>
			</report>
			<report>
				<misses>10237001</misses>
				<total>26</total>
				<timestamp>3579.367964</timestamp>
			</report>
			<report>
				<misses>10238001</misses>
				<total>26</total>
				<timestamp>3579.717614</timestamp>
			</report>
			<report>
				<misses>10239001</misses>
				<total>26</total>
				<timestamp>3580.067229</timestamp>
			</report>
			<report>
				<misses>10240001</misses>
				<total>26</total>
				<timestamp>3580.416924</timestamp>
			</report>
			<report>
				<misses>10241001</misses>
				<total>26</total>
				<timestamp>3580.766554</timestamp>
			</report>
			<report>
				<misses>10242001</misses>
				<total>26</total>
				<timestamp>3581.116212</timestamp>
			</report>
			<report>
				<misses>10243001</misses>
				<total>26</total>
				<timestamp>3581.465868</timestamp>
			</report>
			<report>
				<misses>10244001</misses>
				<total>26</total>
				<timestamp>3581.815490</timestamp>
			</report>
			<report>
				<misses>10245001</misses>
				<total>26</total>
				<timestamp>3582.165135</timestamp>
			</report>
			<report>
				<misses>10246001</misses>
				<total>26</total>
				<timestamp>3582.514812</timestamp>
			</report>
			<report>
				<misses>10247001</misses>
				<total>26</total>
				<timestamp>3582.864434</timestamp>
			</report>
			<report>
				<misses>10248001</misses>
				<total>26</total>
				<timestamp>3583.214100</timestamp>
			</report>
			<report>
				<misses>10249001</misses>
				<total>26</total>
				<timestamp>3583.563737</timestamp>
			</report>
			<report>
				<misses>10250001</misses>
				<total>26</total>
				<timestamp>3583.913479</timestamp>
			</report>
			<report>
				<misses>10251001</misses>
				<total>26</total>
				<timestamp>3584.263035</timestamp>
			</report>
			<report>
				<misses>10252001</misses>
				<total>26</total>
				<timestamp>3584.612689</timestamp>
			</report>
			<report>
				<misses>10253001</misses>
				<total>26</total>
				<timestamp>3584.962385</timestamp>
			</report>
			<report>
				<misses>10254001</misses>
				<total>26</total>
				<timestamp>3585.311986</timestamp>
			</report>
			<report>
				<misses>10255001</misses>
				<total>26</total>
				<timestamp>3585.661630</timestamp>
			</report>
			<report>
				<misses>10256001</misses>
				<total>26</total>
				<timestamp>3586.011281</timestamp>
			</report>
			<report>
				<misses>10257001</misses>
				<total>26</total>
				<timestamp>3586.360951</timestamp>
			</report>
			<report>
				<misses>10258001</misses>
				<total>26</total>
				<timestamp>3586.710576</timestamp>
			</report>
			<report>
				<misses>10259001</misses>
				<total>26</total>
				<timestamp>3587.060302</timestamp>
			</report>
			<report>
				<misses>10260001</misses>
				<total>26</total>
				<timestamp>3587.409884</timestamp>
			</report>
			<report>
				<misses>10261001</misses>
				<total>26</total>
				<timestamp>3587.759540</timestamp>
			</report>
			<report>
				<misses>10262001</misses>
				<total>26</total>
				<timestamp>3588.109218</timestamp>
			</report>
			<report>
				<misses>10263001</misses>
				<total>26</total>
				<timestamp>3588.458833</timestamp>
			</report>
			<report>
				<misses>10264001</misses>
				<total>26</total>
				<timestamp>3588.808528</timestamp>
			</report>
			<report>
				<misses>10265001</misses>
				<total>26</total>
				<timestamp>3589.158131</timestamp>
			</report>
			<report>
				<misses>10266001</misses>
				<total>26</total>
				<timestamp>3589.507775</timestamp>
			</report>
			<report>
				<misses>10267001</misses>
				<total>26</total>
				<timestamp>3589.857427</timestamp>
			</report>
			<report>
				<misses>10268001</misses>
				<total>26</total>
				<timestamp>3590.207100</timestamp>
			</report>
			<report>
				<misses>10269001</misses>
				<total>26</total>
				<timestamp>3590.556731</timestamp>
			</report>
			<report>
				<misses>10270001</misses>
				<total>26</total>
				<timestamp>3590.906443</timestamp>
			</report>
			<report>
				<misses>10271001</misses>
				<total>26</total>
				<timestamp>3591.256063</timestamp>
			</report>
			<report>
				<misses>10272001</misses>
				<total>26</total>
				<timestamp>3591.605688</timestamp>
			</report>
			<report>
				<misses>10273001</misses>
				<total>26</total>
				<timestamp>3591.955339</timestamp>
			</report>
			<report>
				<misses>10274001</misses>
				<total>26</total>
				<timestamp>3592.304992</timestamp>
			</report>
			<report>
				<misses>10275001</misses>
				<total>26</total>
				<timestamp>3592.654629</timestamp>
			</report>
			<report>
				<misses>10276001</misses>
				<total>26</total>
				<timestamp>3593.004346</timestamp>
			</report>
			<report>
				<misses>10277001</misses>
				<total>26</total>
				<timestamp>3593.353990</timestamp>
			</report>
			<report>
				<misses>10278001</misses>
				<total>26</total>
				<timestamp>3593.703580</timestamp>
			</report>
			<report>
				<misses>10279001</misses>
				<total>26</total>
				<timestamp>3594.053256</timestamp>
			</report>
			<report>
				<misses>10280001</misses>
				<total>26</total>
				<timestamp>3594.402916</timestamp>
			</report>
			<report>
				<misses>10281001</misses>
				<total>26</total>
				<timestamp>3594.752526</timestamp>
			</report>
			<report>
				<misses>10282001</misses>
				<total>26</total>
				<timestamp>3595.102215</timestamp>
			</report>
			<report>
				<misses>10283001</misses>
				<total>26</total>
				<timestamp>3595.451848</timestamp>
			</report>
			<report>
				<misses>10284001</misses>
				<total>26</total>
				<timestamp>3595.801476</timestamp>
			</report>
			<report>
				<misses>10285001</misses>
				<total>26</total>
				<timestamp>3596.151188</timestamp>
			</report>
			<report>
				<misses>10286001</misses>
				<total>26</total>
				<timestamp>3596.500831</timestamp>
			</report>
			<report>
				<misses>10287001</misses>
				<total>26</total>
				<timestamp>3596.850443</timestamp>
			</report>
			<report>
				<misses>10288001</misses>
				<total>26</total>
				<timestamp>3597.200115</timestamp>
			</report>
			<report>
				<misses>10289001</misses>
				<total>26</total>
				<timestamp>3597.549740</timestamp>
			</report>
			<report>
				<misses>10290001</misses>
				<total>26</total>
				<timestamp>3597.899380</timestamp>
			</report>
			<report>
				<misses>10291001</misses>
				<total>26</total>
				<timestamp>3598.249034</timestamp>
			</report>
			<report>
				<misses>10292001</misses>
				<total>26</total>
				<timestamp>3598.598669</timestamp>
			</report>
			<report>
				<misses>10293001</misses>
				<total>26</total>
				<timestamp>3598.948352</timestamp>
			</report>
			<report>
				<misses>10294001</misses>
				<total>26</total>
				<timestamp>3599.297984</timestamp>
			</report>
			<report>
				<misses>10295001</misses>
				<total>26</total>
				<timestamp>3599.647620</timestamp>
			</report>
			<report>
				<misses>10296001</misses>
				<total>26</total>
				<timestamp>3599.997314</timestamp>
			</report>
			<report>
				<misses>10297001</misses>
				<total>26</total>
				<timestamp>3600.346922</timestamp>
			</report>
			<report>
				<misses>10298001</misses>
				<total>26</total>
				<timestamp>3600.696596</timestamp>
			</report>
			<report>
				<misses>10299001</misses>
				<total>26</total>
				<timestamp>3601.046249</timestamp>
			</report>
			<report>
				<misses>10300001</misses>
				<total>26</total>
				<timestamp>3601.395931</timestamp>
			</report>
			<report>
				<misses>10301001</misses>
				<total>26</total>
				<timestamp>3601.745552</timestamp>
			</report>
			<report>
				<misses>10302001</misses>
				<total>26</total>
				<timestamp>3602.095190</timestamp>
			</report>
			<report>
				<misses>10303001</misses>
				<total>26</total>
				<timestamp>3602.444885</timestamp>
			</report>
			<report>
				<misses>10304001</misses>
				<total>26</total>
				<timestamp>3602.794493</timestamp>
			</report>
			<report>
				<misses>10305001</misses>
				<total>26</total>
				<timestamp>3603.144204</timestamp>
			</report>
			<report>
				<misses>10306001</misses>
				<total>26</total>
				<timestamp>3603.493798</timestamp>
			</report>
			<report>
				<misses>10307001</misses>
				<total>27</total>
				<timestamp>3603.843433</timestamp>
			</report>
			<report>
				<misses>10308001</misses>
				<total>27</total>
				<timestamp>3604.193118</timestamp>
			</report>
			<report>
				<misses>10309001</misses>
				<total>27</total>
				<timestamp>3604.542735</timestamp>
			</report>
			<report>
				<misses>10310001</misses>
				<total>27</total>
				<timestamp>3604.892420</timestamp>
			</report>
			<report>
				<misses>10311001</misses>
				<total>27</total>
				<timestamp>3605.242047</timestamp>
			</report>
			<report>
				<misses>10312001</misses>
				<total>27</total>
				<timestamp>3605.591679</timestamp>
			</report>
			<report>
				<misses>10313001</misses>
				<total>27</total>
				<timestamp>3605.941342</timestamp>
			</report>
			<report>
				<misses>10314001</misses>
				<total>27</total>
				<timestamp>3606.290986</timestamp>
			</report>
			<report>
				<misses>10315001</misses>
				<total>27</total>
				<timestamp>3606.640633</timestamp>
			</report>
			<report>
				<misses>10316001</misses>
				<total>27</total>
				<timestamp>3606.990298</timestamp>
			</report>
			<report>
				<misses>10317001</misses>
				<total>27</total>
				<timestamp>3607.339931</timestamp>
			</report>
			<report>
				<misses>10318001</misses>
				<total>27</total>
				<timestamp>3607.689581</timestamp>
			</report>
			<report>
				<misses>10319001</misses>
				<total>27</total>
				<timestamp>3608.039250</timestamp>
			</report>
			<report>
				<misses>10320001</misses>
				<total>27</total>
				<timestamp>3608.388906</timestamp>
			</report>
			<report>
				<misses>10321001</misses>
				<total>27</total>
				<timestamp>3608.738526</timestamp>
			</report>
			<report>
				<misses>10322001</misses>
				<total>27</total>
				<timestamp>3609.088229</timestamp>
			</report>
			<report>
				<misses>10323001</misses>
				<total>27</total>
				<timestamp>3609.437854</timestamp>
			</report>
			<report>
				<misses>10324001</misses>
				<total>27</total>
				<timestamp>3609.787486</timestamp>
			</report>
			<report>
				<misses>10325001</misses>
				<total>27</total>
				<timestamp>3610.137173</timestamp>
			</report>
			<report>
				<misses>10326001</misses>
				<total>27</total>
				<timestamp>3610.486792</timestamp>
			</report>
			<report>
				<misses>10327001</misses>
				<total>27</total>
				<timestamp>3610.836435</timestamp>
			</report>
			<report>
				<misses>10328001</misses>
				<total>27</total>
				<timestamp>3611.186124</timestamp>
			</report>
			<report>
				<misses>10329001</misses>
				<total>27</total>
				<timestamp>3611.535738</timestamp>
			</report>
			<report>
				<misses>10330001</misses>
				<total>27</total>
				<timestamp>3611.885395</timestamp>
			</report>
			<report>
				<misses>10331001</misses>
				<total>27</total>
				<timestamp>3612.235044</timestamp>
			</report>
			<report>
				<misses>10332001</misses>
				<total>27</total>
				<timestamp>3612.584689</timestamp>
			</report>
			<report>
				<misses>10333001</misses>
				<total>27</total>
				<timestamp>3612.934334</timestamp>
			</report>
			<report>
				<misses>10334001</misses>
				<total>27</total>
				<timestamp>3613.284001</timestamp>
			</report>
			<report>
				<misses>10335001</misses>
				<total>27</total>
				<timestamp>3613.633623</timestamp>
			</report>
			<report>
				<misses>10336001</misses>
				<total>27</total>
				<timestamp>3613.983282</timestamp>
			</report>
			<report>
				<misses>10337001</misses>
				<total>27</total>
				<timestamp>3614.332944</timestamp>
			</report>
			<report>
				<misses>10338001</misses>
				<total>27</total>
				<timestamp>3614.682578</timestamp>
			</report>
			<report>
				<misses>10339001</misses>
				<total>27</total>
				<timestamp>3615.032249</timestamp>
			</report>
			<report>
				<misses>10340001</misses>
				<total>27</total>
				<timestamp>3615.381888</timestamp>
			</report>
			<report>
				<misses>10341001</misses>
				<total>27</total>
				<timestamp>3615.731551</timestamp>
			</report>
			<report>
				<misses>10342001</misses>
				<total>27</total>
				<timestamp>3616.081214</timestamp>
			</report>
			<report>
				<misses>10343001</misses>
				<total>27</total>
				<timestamp>3616.430857</timestamp>
			</report>
			<report>
				<misses>10344001</misses>
				<total>27</total>
				<timestamp>3616.780489</timestamp>
			</report>
			<report>
				<misses>10345001</misses>
				<total>27</total>
				<timestamp>3617.130170</timestamp>
			</report>
			<report>
				<misses>10346001</misses>
				<total>27</total>
				<timestamp>3617.479804</timestamp>
			</report>
			<report>
				<misses>10347001</misses>
				<total>27</total>
				<timestamp>3617.829431</timestamp>
			</report>
			<report>
				<misses>10348001</misses>
				<total>27</total>
				<timestamp>3618.179110</timestamp>
			</report>
			<report>
				<misses>10349001</misses>
				<total>27</total>
				<timestamp>3618.528741</timestamp>
			</report>
			<report>
				<misses>10350001</misses>
				<total>27</total>
				<timestamp>3618.878387</timestamp>
			</report>
			<report>
				<misses>10351001</misses>
				<total>27</total>
				<timestamp>3619.228103</timestamp>
			</report>
			<report>
				<misses>10352001</misses>
				<total>27</total>
				<timestamp>3619.577683</timestamp>
			</report>
			<report>
				<misses>10353001</misses>
				<total>27</total>
				<timestamp>3619.927329</timestamp>
			</report>
			<report>
				<misses>10354001</misses>
				<total>27</total>
				<timestamp>3620.277014</timestamp>
			</report>
			<report>
				<misses>10355001</misses>
				<total>27</total>
				<timestamp>3620.626638</timestamp>
			</report>
			<report>
				<misses>10356001</misses>
				<total>27</total>
				<timestamp>3620.976320</timestamp>
			</report>
			<report>
				<misses>10357001</misses>
				<total>27</total>
				<timestamp>3621.325943</timestamp>
			</report>
			<report>
				<misses>10358001</misses>
				<total>27</total>
				<timestamp>3621.675574</timestamp>
			</report>
			<report>
				<misses>10359001</misses>
				<total>27</total>
				<timestamp>3622.025237</timestamp>
			</report>
			<report>
				<misses>10360001</misses>
				<total>27</total>
				<timestamp>3622.374893</timestamp>
			</report>
			<report>
				<misses>10361001</misses>
				<total>27</total>
				<timestamp>3622.724524</timestamp>
			</report>
			<report>
				<misses>10362001</misses>
				<total>27</total>
				<timestamp>3623.074200</timestamp>
			</report>
			<report>
				<misses>10363001</misses>
				<total>27</total>
				<timestamp>3623.423862</timestamp>
			</report>
			<report>
				<misses>10364001</misses>
				<total>27</total>
				<timestamp>3623.773465</timestamp>
			</report>
			<report>
				<misses>10365001</misses>
				<total>27</total>
				<timestamp>3624.123165</timestamp>
			</report>
			<report>
				<misses>10366001</misses>
				<total>27</total>
				<timestamp>3624.472782</timestamp>
			</report>
			<report>
				<misses>10367001</misses>
				<total>27</total>
				<timestamp>3624.822446</timestamp>
			</report>
			<report>
				<misses>10368001</misses>
				<total>27</total>
				<timestamp>3625.172188</timestamp>
			</report>
			<report>
				<misses>10369001</misses>
				<total>27</total>
				<timestamp>3625.521742</timestamp>
			</report>
			<report>
				<misses>10370001</misses>
				<total>27</total>
				<timestamp>3625.871474</timestamp>
			</report>
			<report>
				<misses>10371001</misses>
				<total>27</total>
				<timestamp>3626.221132</timestamp>
			</report>
			<report>
				<misses>10372001</misses>
				<total>27</total>
				<timestamp>3626.570698</timestamp>
			</report>
			<report>
				<misses>10373001</misses>
				<total>27</total>
				<timestamp>3626.920340</timestamp>
			</report>
			<report>
				<misses>10374001</misses>
				<total>27</total>
				<timestamp>3627.270031</timestamp>
			</report>
			<report>
				<misses>10375001</misses>
				<total>27</total>
				<timestamp>3627.619650</timestamp>
			</report>
			<report>
				<misses>10376001</misses>
				<total>27</total>
				<timestamp>3627.969294</timestamp>
			</report>
			<report>
				<misses>10377001</misses>
				<total>27</total>
				<timestamp>3628.318971</timestamp>
			</report>
			<report>
				<misses>10378001</misses>
				<total>27</total>
				<timestamp>3628.668621</timestamp>
			</report>
			<report>
				<misses>10379001</misses>
				<total>27</total>
				<timestamp>3629.018263</timestamp>
			</report>
			<report>
				<misses>10380001</misses>
				<total>27</total>
				<timestamp>3629.367904</timestamp>
			</report>
			<report>
				<misses>10381001</misses>
				<total>27</total>
				<timestamp>3629.717535</timestamp>
			</report>
			<report>
				<misses>10382001</misses>
				<total>27</total>
				<timestamp>3630.067202</timestamp>
			</report>
			<report>
				<misses>10383001</misses>
				<total>27</total>
				<timestamp>3630.416871</timestamp>
			</report>
			<report>
				<misses>10384001</misses>
				<total>27</total>
				<timestamp>3630.766478</timestamp>
			</report>
			<report>
				<misses>10385001</misses>
				<total>27</total>
				<timestamp>3631.116153</timestamp>
			</report>
			<report>
				<misses>10386001</misses>
				<total>27</total>
				<timestamp>3631.465799</timestamp>
			</report>
			<report>
				<misses>10387001</misses>
				<total>27</total>
				<timestamp>3631.815433</timestamp>
			</report>
			<report>
				<misses>10388001</misses>
				<total>27</total>
				<timestamp>3632.165147</timestamp>
			</report>
			<report>
				<misses>10389001</misses>
				<total>27</total>
				<timestamp>3632.514749</timestamp>
			</report>
			<report>
				<misses>10390001</misses>
				<total>27</total>
				<timestamp>3632.864373</timestamp>
			</report>
			<report>
				<misses>10391001</misses>
				<total>27</total>
				<timestamp>3633.214061</timestamp>
			</report>
			<report>
				<misses>10392001</misses>
				<total>27</total>
				<timestamp>3633.563700</timestamp>
			</report>
			<report>
				<misses>10393001</misses>
				<total>27</total>
				<timestamp>3633.913331</timestamp>
			</report>
			<report>
				<misses>10394001</misses>
				<total>27</total>
				<timestamp>3634.263018</timestamp>
			</report>
			<report>
				<misses>10395001</misses>
				<total>27</total>
				<timestamp>3634.612633</timestamp>
			</report>
			<report>
				<misses>10396001</misses>
				<total>27</total>
				<timestamp>3634.962287</timestamp>
			</report>
			<report>
				<misses>10397001</misses>
				<total>27</total>
				<timestamp>3635.311929</timestamp>
			</report>
			<report>
				<misses>10398001</misses>
				<total>27</total>
				<timestamp>3635.661578</timestamp>
			</report>
			<report>
				<misses>10399001</misses>
				<total>27</total>
				<timestamp>3636.011233</timestamp>
			</report>
			<report>
				<misses>10400001</misses>
				<total>27</total>
				<timestamp>3636.360925</timestamp>
			</report>
			<report>
				<misses>10401001</misses>
				<total>27</total>
				<timestamp>3636.710521</timestamp>
			</report>
			<report>
				<misses>10402001</misses>
				<total>27</total>
				<timestamp>3637.060189</timestamp>
			</report>
			<report>
				<misses>10403001</misses>
				<total>27</total>
				<timestamp>3637.409847</timestamp>
			</report>
			<report>
				<misses>10404001</misses>
				<total>27</total>
				<timestamp>3637.759479</timestamp>
			</report>
			<report>
				<misses>10405001</misses>
				<total>27</total>
				<timestamp>3638.109147</timestamp>
			</report>
			<report>
				<misses>10406001</misses>
				<total>27</total>
				<timestamp>3638.458809</timestamp>
			</report>
			<report>
				<misses>10407001</misses>
				<total>27</total>
				<timestamp>3638.808426</timestamp>
			</report>
			<report>
				<misses>10408001</misses>
				<total>27</total>
				<timestamp>3639.158101</timestamp>
			</report>
			<report>
				<misses>10409001</misses>
				<total>27</total>
				<timestamp>3639.507736</timestamp>
			</report>
			<report>
				<misses>10410001</misses>
				<total>27</total>
				<timestamp>3639.857389</timestamp>
			</report>
			<report>
				<misses>10411001</misses>
				<total>27</total>
				<timestamp>3640.207059</timestamp>
			</report>
			<report>
				<misses>10412001</misses>
				<total>27</total>
				<timestamp>3640.556684</timestamp>
			</report>
			<report>
				<misses>10413001</misses>
				<total>27</total>
				<timestamp>3640.906324</timestamp>
			</report>
			<report>
				<misses>10414001</misses>
				<total>27</total>
				<timestamp>3641.255982</timestamp>
			</report>
			<report>
				<misses>10415001</misses>
				<total>27</total>
				<timestamp>3641.605642</timestamp>
			</report>
			<report>
				<misses>10416001</misses>
				<total>27</total>
				<timestamp>3641.955300</timestamp>
			</report>
			<report>
				<misses>10417001</misses>
				<total>27</total>
				<timestamp>3642.304930</timestamp>
			</report>
			<report>
				<misses>10418001</misses>
				<total>27</total>
				<timestamp>3642.654572</timestamp>
			</report>
			<report>
				<misses>10419001</misses>
				<total>27</total>
				<timestamp>3643.004238</timestamp>
			</report>
			<report>
				<misses>10420001</misses>
				<total>27</total>
				<timestamp>3643.353911</timestamp>
			</report>
			<report>
				<misses>10421001</misses>
				<total>27</total>
				<timestamp>3643.703545</timestamp>
			</report>
			<report>
				<misses>10422001</misses>
				<total>27</total>
				<timestamp>3644.053183</timestamp>
			</report>
			<report>
				<misses>10423001</misses>
				<total>27</total>
				<timestamp>3644.402860</timestamp>
			</report>
			<report>
				<misses>10424001</misses>
				<total>27</total>
				<timestamp>3644.752483</timestamp>
			</report>
			<report>
				<misses>10425001</misses>
				<total>27</total>
				<timestamp>3645.102145</timestamp>
			</report>
			<report>
				<misses>10426001</misses>
				<total>27</total>
				<timestamp>3645.451846</timestamp>
			</report>
			<report>
				<misses>10427001</misses>
				<total>27</total>
				<timestamp>3645.801445</timestamp>
			</report>
			<report>
				<misses>10428001</misses>
				<total>27</total>
				<timestamp>3646.151104</timestamp>
			</report>
			<report>
				<misses>10429001</misses>
				<total>27</total>
				<timestamp>3646.500775</timestamp>
			</report>
			<report>
				<misses>10430001</misses>
				<total>27</total>
				<timestamp>3646.850386</timestamp>
			</report>
			<report>
				<misses>10431001</misses>
				<total>27</total>
				<timestamp>3647.200071</timestamp>
			</report>
			<report>
				<misses>10432001</misses>
				<total>27</total>
				<timestamp>3647.549699</timestamp>
			</report>
			<report>
				<misses>10433001</misses>
				<total>27</total>
				<timestamp>3647.899346</timestamp>
			</report>
			<report>
				<misses>10434001</misses>
				<total>27</total>
				<timestamp>3648.248994</timestamp>
			</report>
			<report>
				<misses>10435001</misses>
				<total>27</total>
				<timestamp>3648.598680</timestamp>
			</report>
			<report>
				<misses>10436001</misses>
				<total>27</total>
				<timestamp>3648.948298</timestamp>
			</report>
			<report>
				<misses>10437001</misses>
				<total>27</total>
				<timestamp>3649.297979</timestamp>
			</report>
			<report>
				<misses>10438001</misses>
				<total>27</total>
				<timestamp>3649.647603</timestamp>
			</report>
			<report>
				<misses>10439001</misses>
				<total>27</total>
				<timestamp>3649.997237</timestamp>
			</report>
			<report>
				<misses>10440001</misses>
				<total>27</total>
				<timestamp>3650.346933</timestamp>
			</report>
			<report>
				<misses>10441001</misses>
				<total>27</total>
				<timestamp>3650.696560</timestamp>
			</report>
			<report>
				<misses>10442001</misses>
				<total>27</total>
				<timestamp>3651.046186</timestamp>
			</report>
			<report>
				<misses>10443001</misses>
				<total>27</total>
				<timestamp>3651.395850</timestamp>
			</report>
			<report>
				<misses>10444001</misses>
				<total>27</total>
				<timestamp>3651.745494</timestamp>
			</report>
			<report>
				<misses>10445001</misses>
				<total>27</total>
				<timestamp>3652.095135</timestamp>
			</report>
			<report>
				<misses>10446001</misses>
				<total>27</total>
				<timestamp>3652.444818</timestamp>
			</report>
			<report>
				<misses>10447001</misses>
				<total>27</total>
				<timestamp>3652.794491</timestamp>
			</report>
			<report>
				<misses>10448001</misses>
				<total>27</total>
				<timestamp>3653.144129</timestamp>
			</report>
			<report>
				<misses>10449001</misses>
				<total>27</total>
				<timestamp>3653.493761</timestamp>
			</report>
			<report>
				<misses>10450001</misses>
				<total>27</total>
				<timestamp>3653.843387</timestamp>
			</report>
			<report>
				<misses>10451001</misses>
				<total>27</total>
				<timestamp>3654.193033</timestamp>
			</report>
			<report>
				<misses>10452001</misses>
				<total>27</total>
				<timestamp>3654.542728</timestamp>
			</report>
			<report>
				<misses>10453001</misses>
				<total>27</total>
				<timestamp>3654.892349</timestamp>
			</report>
			<report>
				<misses>10454001</misses>
				<total>27</total>
				<timestamp>3655.242010</timestamp>
			</report>
			<report>
				<misses>10455001</misses>
				<total>27</total>
				<timestamp>3655.591634</timestamp>
			</report>
			<report>
				<misses>10456001</misses>
				<total>27</total>
				<timestamp>3655.941286</timestamp>
			</report>
			<report>
				<misses>10457001</misses>
				<total>27</total>
				<timestamp>3656.290983</timestamp>
			</report>
			<report>
				<misses>10458001</misses>
				<total>27</total>
				<timestamp>3656.640612</timestamp>
			</report>
			<report>
				<misses>10459001</misses>
				<total>27</total>
				<timestamp>3656.990229</timestamp>
			</report>
			<report>
				<misses>10460001</misses>
				<total>27</total>
				<timestamp>3657.339890</timestamp>
			</report>
			<report>
				<misses>10461001</misses>
				<total>27</total>
				<timestamp>3657.689524</timestamp>
			</report>
			<report>
				<misses>10462001</misses>
				<total>27</total>
				<timestamp>3658.039196</timestamp>
			</report>
			<report>
				<misses>10463001</misses>
				<total>27</total>
				<timestamp>3658.388860</timestamp>
			</report>
			<report>
				<misses>10464001</misses>
				<total>27</total>
				<timestamp>3658.738483</timestamp>
			</report>
			<report>
				<misses>10465001</misses>
				<total>27</total>
				<timestamp>3659.088111</timestamp>
			</report>
			<report>
				<misses>10466001</misses>
				<total>27</total>
				<timestamp>3659.437808</timestamp>
			</report>
			<report>
				<misses>10467001</misses>
				<total>27</total>
				<timestamp>3659.787460</timestamp>
			</report>
			<report>
				<misses>10468001</misses>
				<total>27</total>
				<timestamp>3660.137119</timestamp>
			</report>
			<report>
				<misses>10469001</misses>
				<total>27</total>
				<timestamp>3660.486774</timestamp>
			</report>
			<report>
				<misses>10470001</misses>
				<total>27</total>
				<timestamp>3660.836392</timestamp>
			</report>
			<report>
				<misses>10471001</misses>
				<total>27</total>
				<timestamp>3661.186056</timestamp>
			</report>
			<report>
				<misses>10472001</misses>
				<total>27</total>
				<timestamp>3661.535704</timestamp>
			</report>
			<report>
				<misses>10473001</misses>
				<total>27</total>
				<timestamp>3661.885337</timestamp>
			</report>
			<report>
				<misses>10474001</misses>
				<total>27</total>
				<timestamp>3662.235010</timestamp>
			</report>
			<report>
				<misses>10475001</misses>
				<total>27</total>
				<timestamp>3662.584653</timestamp>
			</report>
			<report>
				<misses>10476001</misses>
				<total>27</total>
				<timestamp>3662.934311</timestamp>
			</report>
			<report>
				<misses>10477001</misses>
				<total>27</total>
				<timestamp>3663.283988</timestamp>
			</report>
			<report>
				<misses>10478001</misses>
				<total>27</total>
				<timestamp>3663.633577</timestamp>
			</report>
			<report>
				<misses>10479001</misses>
				<total>27</total>
				<timestamp>3663.983234</timestamp>
			</report>
			<report>
				<misses>10480001</misses>
				<total>27</total>
				<timestamp>3664.332871</timestamp>
			</report>
			<report>
				<misses>10481001</misses>
				<total>27</total>
				<timestamp>3664.682516</timestamp>
			</report>
			<report>
				<misses>10482001</misses>
				<total>27</total>
				<timestamp>3665.032164</timestamp>
			</report>
			<report>
				<misses>10483001</misses>
				<total>27</total>
				<timestamp>3665.381906</timestamp>
			</report>
			<report>
				<misses>10484001</misses>
				<total>27</total>
				<timestamp>3665.731523</timestamp>
			</report>
			<report>
				<misses>10485001</misses>
				<total>27</total>
				<timestamp>3666.081148</timestamp>
			</report>
			<report>
				<misses>10486001</misses>
				<total>27</total>
				<timestamp>3666.430786</timestamp>
			</report>
			<report>
				<misses>10487001</misses>
				<total>27</total>
				<timestamp>3666.780436</timestamp>
			</report>
			<report>
				<misses>10488001</misses>
				<total>27</total>
				<timestamp>3667.130097</timestamp>
			</report>
			<report>
				<misses>10489001</misses>
				<total>27</total>
				<timestamp>3667.479732</timestamp>
			</report>
			<report>
				<misses>10490001</misses>
				<total>27</total>
				<timestamp>3667.829411</timestamp>
			</report>
			<report>
				<misses>10491001</misses>
				<total>27</total>
				<timestamp>3668.179049</timestamp>
			</report>
			<report>
				<misses>10492001</misses>
				<total>27</total>
				<timestamp>3668.528754</timestamp>
			</report>
			<report>
				<misses>10493001</misses>
				<total>27</total>
				<timestamp>3668.878321</timestamp>
			</report>
			<report>
				<misses>10494001</misses>
				<total>27</total>
				<timestamp>3669.228015</timestamp>
			</report>
			<report>
				<misses>10495001</misses>
				<total>27</total>
				<timestamp>3669.577699</timestamp>
			</report>
			<report>
				<misses>10496001</misses>
				<total>27</total>
				<timestamp>3669.927320</timestamp>
			</report>
			<report>
				<misses>10497001</misses>
				<total>27</total>
				<timestamp>3670.276972</timestamp>
			</report>
			<report>
				<misses>10498001</misses>
				<total>27</total>
				<timestamp>3670.626586</timestamp>
			</report>
			<report>
				<misses>10499001</misses>
				<total>27</total>
				<timestamp>3670.976247</timestamp>
			</report>
			<report>
				<misses>10500001</misses>
				<total>27</total>
				<timestamp>3671.325890</timestamp>
			</report>
			<report>
				<misses>10501001</misses>
				<total>27</total>
				<timestamp>3671.675536</timestamp>
			</report>
			<report>
				<misses>10502001</misses>
				<total>27</total>
				<timestamp>3672.025189</timestamp>
			</report>
			<report>
				<misses>10503001</misses>
				<total>27</total>
				<timestamp>3672.374852</timestamp>
			</report>
			<report>
				<misses>10504001</misses>
				<total>27</total>
				<timestamp>3672.724497</timestamp>
			</report>
			<report>
				<misses>10505001</misses>
				<total>27</total>
				<timestamp>3673.074142</timestamp>
			</report>
			<report>
				<misses>10506001</misses>
				<total>27</total>
				<timestamp>3673.423802</timestamp>
			</report>
			<report>
				<misses>10507001</misses>
				<total>27</total>
				<timestamp>3673.773437</timestamp>
			</report>
			<report>
				<misses>10508001</misses>
				<total>27</total>
				<timestamp>3674.123098</timestamp>
			</report>
			<report>
				<misses>10509001</misses>
				<total>27</total>
				<timestamp>3674.472766</timestamp>
			</report>
			<report>
				<misses>10510001</misses>
				<total>27</total>
				<timestamp>3674.822373</timestamp>
			</report>
			<report>
				<misses>10511001</misses>
				<total>27</total>
				<timestamp>3675.172072</timestamp>
			</report>
			<report>
				<misses>10512001</misses>
				<total>27</total>
				<timestamp>3675.521749</timestamp>
			</report>
			<report>
				<misses>10513001</misses>
				<total>27</total>
				<timestamp>3675.871348</timestamp>
			</report>
			<report>
				<misses>10514001</misses>
				<total>27</total>
				<timestamp>3676.221009</timestamp>
			</report>
			<report>
				<misses>10515001</misses>
				<total>27</total>
				<timestamp>3676.570635</timestamp>
			</report>
			<report>
				<misses>10516001</misses>
				<total>27</total>
				<timestamp>3676.920290</timestamp>
			</report>
			<report>
				<misses>10517001</misses>
				<total>27</total>
				<timestamp>3677.269940</timestamp>
			</report>
			<report>
				<misses>10518001</misses>
				<total>27</total>
				<timestamp>3677.619647</timestamp>
			</report>
			<report>
				<misses>10519001</misses>
				<total>27</total>
				<timestamp>3677.969219</timestamp>
			</report>
			<report>
				<misses>10520001</misses>
				<total>27</total>
				<timestamp>3678.318879</timestamp>
			</report>
			<report>
				<misses>10521001</misses>
				<total>27</total>
				<timestamp>3678.668583</timestamp>
			</report>
			<report>
				<misses>10522001</misses>
				<total>27</total>
				<timestamp>3679.018189</timestamp>
			</report>
			<report>
				<misses>10523001</misses>
				<total>27</total>
				<timestamp>3679.367880</timestamp>
			</report>
			<report>
				<misses>10524001</misses>
				<total>27</total>
				<timestamp>3679.717519</timestamp>
			</report>
			<report>
				<misses>10525001</misses>
				<total>27</total>
				<timestamp>3680.067152</timestamp>
			</report>
			<report>
				<misses>10526001</misses>
				<total>27</total>
				<timestamp>3680.416825</timestamp>
			</report>
			<report>
				<misses>10527001</misses>
				<total>27</total>
				<timestamp>3680.766441</timestamp>
			</report>
			<report>
				<misses>10528001</misses>
				<total>27</total>
				<timestamp>3681.116100</timestamp>
			</report>
			<report>
				<misses>10529001</misses>
				<total>27</total>
				<timestamp>3681.465739</timestamp>
			</report>
			<report>
				<misses>10530001</misses>
				<total>27</total>
				<timestamp>3681.815378</timestamp>
			</report>
			<report>
				<misses>10531001</misses>
				<total>27</total>
				<timestamp>3682.165033</timestamp>
			</report>
			<report>
				<misses>10532001</misses>
				<total>27</total>
				<timestamp>3682.514696</timestamp>
			</report>
			<report>
				<misses>10533001</misses>
				<total>27</total>
				<timestamp>3682.864347</timestamp>
			</report>
			<report>
				<misses>10534001</misses>
				<total>27</total>
				<timestamp>3683.214011</timestamp>
			</report>
			<report>
				<misses>10535001</misses>
				<total>27</total>
				<timestamp>3683.563650</timestamp>
			</report>
			<report>
				<misses>10536001</misses>
				<total>27</total>
				<timestamp>3683.913280</timestamp>
			</report>
			<report>
				<misses>10537001</misses>
				<total>27</total>
				<timestamp>3684.262978</timestamp>
			</report>
			<report>
				<misses>10538001</misses>
				<total>27</total>
				<timestamp>3684.612615</timestamp>
			</report>
			<report>
				<misses>10539001</misses>
				<total>27</total>
				<timestamp>3684.962235</timestamp>
			</report>
			<report>
				<misses>10540001</misses>
				<total>27</total>
				<timestamp>3685.311901</timestamp>
			</report>
			<report>
				<misses>10541001</misses>
				<total>27</total>
				<timestamp>3685.661513</timestamp>
			</report>
			<report>
				<misses>10542001</misses>
				<total>27</total>
				<timestamp>3686.011207</timestamp>
			</report>
			<report>
				<misses>10543001</misses>
				<total>27</total>
				<timestamp>3686.360838</timestamp>
			</report>
			<report>
				<misses>10544001</misses>
				<total>27</total>
				<timestamp>3686.710484</timestamp>
			</report>
			<report>
				<misses>10545001</misses>
				<total>27</total>
				<timestamp>3687.060139</timestamp>
			</report>
			<report>
				<misses>10546001</misses>
				<total>27</total>
				<timestamp>3687.409786</timestamp>
			</report>
			<report>
				<misses>10547001</misses>
				<total>27</total>
				<timestamp>3687.759480</timestamp>
			</report>
			<report>
				<misses>10548001</misses>
				<total>27</total>
				<timestamp>3688.109100</timestamp>
			</report>
			<report>
				<misses>10549001</misses>
				<total>27</total>
				<timestamp>3688.458769</timestamp>
			</report>
			<report>
				<misses>10550001</misses>
				<total>27</total>
				<timestamp>3688.808392</timestamp>
			</report>
			<report>
				<misses>10551001</misses>
				<total>27</total>
				<timestamp>3689.158024</timestamp>
			</report>
			<report>
				<misses>10552001</misses>
				<total>27</total>
				<timestamp>3689.507714</timestamp>
			</report>
			<report>
				<misses>10553001</misses>
				<total>27</total>
				<timestamp>3689.857332</timestamp>
			</report>
			<report>
				<misses>10554001</misses>
				<total>27</total>
				<timestamp>3690.206996</timestamp>
			</report>
			<report>
				<misses>10555001</misses>
				<total>27</total>
				<timestamp>3690.556650</timestamp>
			</report>
			<report>
				<misses>10556001</misses>
				<total>27</total>
				<timestamp>3690.906284</timestamp>
			</report>
			<report>
				<misses>10557001</misses>
				<total>27</total>
				<timestamp>3691.255934</timestamp>
			</report>
			<report>
				<misses>10558001</misses>
				<total>27</total>
				<timestamp>3691.605598</timestamp>
			</report>
			<report>
				<misses>10559001</misses>
				<total>27</total>
				<timestamp>3691.955275</timestamp>
			</report>
			<report>
				<misses>10560001</misses>
				<total>27</total>
				<timestamp>3692.304877</timestamp>
			</report>
			<report>
				<misses>10561001</misses>
				<total>27</total>
				<timestamp>3692.654536</timestamp>
			</report>
			<report>
				<misses>10562001</misses>
				<total>27</total>
				<timestamp>3693.004205</timestamp>
			</report>
			<report>
				<misses>10563001</misses>
				<total>27</total>
				<timestamp>3693.353865</timestamp>
			</report>
			<report>
				<misses>10564001</misses>
				<total>27</total>
				<timestamp>3693.703481</timestamp>
			</report>
			<report>
				<misses>10565001</misses>
				<total>27</total>
				<timestamp>3694.053136</timestamp>
			</report>
			<report>
				<misses>10566001</misses>
				<total>27</total>
				<timestamp>3694.402800</timestamp>
			</report>
			<report>
				<misses>10567001</misses>
				<total>27</total>
				<timestamp>3694.752467</timestamp>
			</report>
			<report>
				<misses>10568001</misses>
				<total>27</total>
				<timestamp>3695.102137</timestamp>
			</report>
			<report>
				<misses>10569001</misses>
				<total>27</total>
				<timestamp>3695.451735</timestamp>
			</report>
			<report>
				<misses>10570001</misses>
				<total>27</total>
				<timestamp>3695.801401</timestamp>
			</report>
			<report>
				<misses>10571001</misses>
				<total>27</total>
				<timestamp>3696.151056</timestamp>
			</report>
			<report>
				<misses>10572001</misses>
				<total>27</total>
				<timestamp>3696.500704</timestamp>
			</report>
			<report>
				<misses>10573001</misses>
				<total>27</total>
				<timestamp>3696.850361</timestamp>
			</report>
			<report>
				<misses>10574001</misses>
				<total>27</total>
				<timestamp>3697.199986</timestamp>
			</report>
			<report>
				<misses>10575001</misses>
				<total>27</total>
				<timestamp>3697.549634</timestamp>
			</report>
			<report>
				<misses>10576001</misses>
				<total>27</total>
				<timestamp>3697.899299</timestamp>
			</report>
			<report>
				<misses>10577001</misses>
				<total>27</total>
				<timestamp>3698.248940</timestamp>
			</report>
			<report>
				<misses>10578001</misses>
				<total>27</total>
				<timestamp>3698.598620</timestamp>
			</report>
			<report>
				<misses>10579001</misses>
				<total>27</total>
				<timestamp>3698.948255</timestamp>
			</report>
			<report>
				<misses>10580001</misses>
				<total>27</total>
				<timestamp>3699.297932</timestamp>
			</report>
			<report>
				<misses>10581001</misses>
				<total>27</total>
				<timestamp>3699.647546</timestamp>
			</report>
			<report>
				<misses>10582001</misses>
				<total>27</total>
				<timestamp>3699.997203</timestamp>
			</report>
			<report>
				<misses>10583001</misses>
				<total>27</total>
				<timestamp>3700.346834</timestamp>
			</report>
			<report>
				<misses>10584001</misses>
				<total>27</total>
				<timestamp>3700.696578</timestamp>
			</report>
			<report>
				<misses>10585001</misses>
				<total>27</total>
				<timestamp>3701.046126</timestamp>
			</report>
			<report>
				<misses>10586001</misses>
				<total>27</total>
				<timestamp>3701.395796</timestamp>
			</report>
			<report>
				<misses>10587001</misses>
				<total>27</total>
				<timestamp>3701.745431</timestamp>
			</report>
			<report>
				<misses>10588001</misses>
				<total>27</total>
				<timestamp>3702.095109</timestamp>
			</report>
			<report>
				<misses>10589001</misses>
				<total>27</total>
				<timestamp>3702.444729</timestamp>
			</report>
			<report>
				<misses>10590001</misses>
				<total>27</total>
				<timestamp>3702.794404</timestamp>
			</report>
			<report>
				<misses>10591001</misses>
				<total>27</total>
				<timestamp>3703.144034</timestamp>
			</report>
			<report>
				<misses>10592001</misses>
				<total>27</total>
				<timestamp>3703.493693</timestamp>
			</report>
			<report>
				<misses>10593001</misses>
				<total>27</total>
				<timestamp>3703.843342</timestamp>
			</report>
			<report>
				<misses>10594001</misses>
				<total>27</total>
				<timestamp>3704.192981</timestamp>
			</report>
			<report>
				<misses>10595001</misses>
				<total>27</total>
				<timestamp>3704.542672</timestamp>
			</report>
			<report>
				<misses>10596001</misses>
				<total>27</total>
				<timestamp>3704.892319</timestamp>
			</report>
			<report>
				<misses>10597001</misses>
				<total>27</total>
				<timestamp>3705.241946</timestamp>
			</report>
			<report>
				<misses>10598001</misses>
				<total>27</total>
				<timestamp>3705.591592</timestamp>
			</report>
			<report>
				<misses>10599001</misses>
				<total>27</total>
				<timestamp>3705.941255</timestamp>
			</report>
			<report>
				<misses>10600001</misses>
				<total>27</total>
				<timestamp>3706.290910</timestamp>
			</report>
			<report>
				<misses>10601001</misses>
				<total>27</total>
				<timestamp>3706.640566</timestamp>
			</report>
			<report>
				<misses>10602001</misses>
				<total>27</total>
				<timestamp>3706.990195</timestamp>
			</report>
			<report>
				<misses>10603001</misses>
				<total>27</total>
				<timestamp>3707.339846</timestamp>
			</report>
			<report>
				<misses>10604001</misses>
				<total>27</total>
				<timestamp>3707.689516</timestamp>
			</report>
			<report>
				<misses>10605001</misses>
				<total>27</total>
				<timestamp>3708.039161</timestamp>
			</report>
			<report>
				<misses>10606001</misses>
				<total>27</total>
				<timestamp>3708.388787</timestamp>
			</report>
			<report>
				<misses>10607001</misses>
				<total>27</total>
				<timestamp>3708.738462</timestamp>
			</report>
			<report>
				<misses>10608001</misses>
				<total>27</total>
				<timestamp>3709.088113</timestamp>
			</report>
			<report>
				<misses>10609001</misses>
				<total>27</total>
				<timestamp>3709.437745</timestamp>
			</report>
			<report>
				<misses>10610001</misses>
				<total>27</total>
				<timestamp>3709.787380</timestamp>
			</report>
			<report>
				<misses>10611001</misses>
				<total>27</total>
				<timestamp>3710.137042</timestamp>
			</report>
			<report>
				<misses>10612001</misses>
				<total>27</total>
				<timestamp>3710.486674</timestamp>
			</report>
			<report>
				<misses>10613001</misses>
				<total>27</total>
				<timestamp>3710.836370</timestamp>
			</report>
			<report>
				<misses>10614001</misses>
				<total>27</total>
				<timestamp>3711.186004</timestamp>
			</report>
			<report>
				<misses>10615001</misses>
				<total>27</total>
				<timestamp>3711.535652</timestamp>
			</report>
			<report>
				<misses>10616001</misses>
				<total>27</total>
				<timestamp>3711.885278</timestamp>
			</report>
			<report>
				<misses>10617001</misses>
				<total>27</total>
				<timestamp>3712.234938</timestamp>
			</report>
			<report>
				<misses>10618001</misses>
				<total>27</total>
				<timestamp>3712.584596</timestamp>
			</report>
			<report>
				<misses>10619001</misses>
				<total>27</total>
				<timestamp>3712.934266</timestamp>
			</report>
			<report>
				<misses>10620001</misses>
				<total>27</total>
				<timestamp>3713.283899</timestamp>
			</report>
			<report>
				<misses>10621001</misses>
				<total>27</total>
				<timestamp>3713.633527</timestamp>
			</report>
			<report>
				<misses>10622001</misses>
				<total>27</total>
				<timestamp>3713.983188</timestamp>
			</report>
			<report>
				<misses>10623001</misses>
				<total>27</total>
				<timestamp>3714.332838</timestamp>
			</report>
			<report>
				<misses>10624001</misses>
				<total>27</total>
				<timestamp>3714.682487</timestamp>
			</report>
			<report>
				<misses>10625001</misses>
				<total>27</total>
				<timestamp>3715.032135</timestamp>
			</report>
			<report>
				<misses>10626001</misses>
				<total>27</total>
				<timestamp>3715.381797</timestamp>
			</report>
			<report>
				<misses>10627001</misses>
				<total>27</total>
				<timestamp>3715.731483</timestamp>
			</report>
			<report>
				<misses>10628001</misses>
				<total>27</total>
				<timestamp>3716.081086</timestamp>
			</report>
			<report>
				<misses>10629001</misses>
				<total>27</total>
				<timestamp>3716.430733</timestamp>
			</report>
			<report>
				<misses>10630001</misses>
				<total>27</total>
				<timestamp>3716.780468</timestamp>
			</report>
			<report>
				<misses>10631001</misses>
				<total>27</total>
				<timestamp>3717.130038</timestamp>
			</report>
			<report>
				<misses>10632001</misses>
				<total>27</total>
				<timestamp>3717.479684</timestamp>
			</report>
			<report>
				<misses>10633001</misses>
				<total>27</total>
				<timestamp>3717.829334</timestamp>
			</report>
			<report>
				<misses>10634001</misses>
				<total>27</total>
				<timestamp>3718.178985</timestamp>
			</report>
			<report>
				<misses>10635001</misses>
				<total>27</total>
				<timestamp>3718.528630</timestamp>
			</report>
			<report>
				<misses>10636001</misses>
				<total>27</total>
				<timestamp>3718.878353</timestamp>
			</report>
			<report>
				<misses>10637001</misses>
				<total>27</total>
				<timestamp>3719.227934</timestamp>
			</report>
			<report>
				<misses>10638001</misses>
				<total>27</total>
				<timestamp>3719.577579</timestamp>
			</report>
			<report>
				<misses>10639001</misses>
				<total>27</total>
				<timestamp>3719.927278</timestamp>
			</report>
			<report>
				<misses>10640001</misses>
				<total>27</total>
				<timestamp>3720.276881</timestamp>
			</report>
			<report>
				<misses>10641001</misses>
				<total>27</total>
				<timestamp>3720.626568</timestamp>
			</report>
			<report>
				<misses>10642001</misses>
				<total>27</total>
				<timestamp>3720.976187</timestamp>
			</report>
			<report>
				<misses>10643001</misses>
				<total>27</total>
				<timestamp>3721.325851</timestamp>
			</report>
			<report>
				<misses>10644001</misses>
				<total>27</total>
				<timestamp>3721.675514</timestamp>
			</report>
			<report>
				<misses>10645001</misses>
				<total>27</total>
				<timestamp>3722.025145</timestamp>
			</report>
			<report>
				<misses>10646001</misses>
				<total>27</total>
				<timestamp>3722.374792</timestamp>
			</report>
			<report>
				<misses>10647001</misses>
				<total>27</total>
				<timestamp>3722.724465</timestamp>
			</report>
			<report>
				<misses>10648001</misses>
				<total>27</total>
				<timestamp>3723.074119</timestamp>
			</report>
			<report>
				<misses>10649001</misses>
				<total>27</total>
				<timestamp>3723.423734</timestamp>
			</report>
			<report>
				<misses>10650001</misses>
				<total>27</total>
				<timestamp>3723.773426</timestamp>
			</report>
			<report>
				<misses>10651001</misses>
				<total>27</total>
				<timestamp>3724.123033</timestamp>
			</report>
			<report>
				<misses>10652001</misses>
				<total>27</total>
				<timestamp>3724.472730</timestamp>
			</report>
			<report>
				<misses>10653001</misses>
				<total>27</total>
				<timestamp>3724.822454</timestamp>
			</report>
			<report>
				<misses>10654001</misses>
				<total>27</total>
				<timestamp>3725.171988</timestamp>
			</report>
			<report>
				<misses>10655001</misses>
				<total>27</total>
				<timestamp>3725.521670</timestamp>
			</report>
			<report>
				<misses>10656001</misses>
				<total>27</total>
				<timestamp>3725.871339</timestamp>
			</report>
			<report>
				<misses>10657001</misses>
				<total>27</total>
				<timestamp>3726.220957</timestamp>
			</report>
			<report>
				<misses>10658001</misses>
				<total>27</total>
				<timestamp>3726.570588</timestamp>
			</report>
			<report>
				<misses>10659001</misses>
				<total>27</total>
				<timestamp>3726.920234</timestamp>
			</report>
			<report>
				<misses>10660001</misses>
				<total>27</total>
				<timestamp>3727.269919</timestamp>
			</report>
			<report>
				<misses>10661001</misses>
				<total>27</total>
				<timestamp>3727.619521</timestamp>
			</report>
			<report>
				<misses>10662001</misses>
				<total>27</total>
				<timestamp>3727.969218</timestamp>
			</report>
			<report>
				<misses>10663001</misses>
				<total>27</total>
				<timestamp>3728.318852</timestamp>
			</report>
			<report>
				<misses>10664001</misses>
				<total>27</total>
				<timestamp>3728.668485</timestamp>
			</report>
			<report>
				<misses>10665001</misses>
				<total>27</total>
				<timestamp>3729.018138</timestamp>
			</report>
			<report>
				<misses>10666001</misses>
				<total>27</total>
				<timestamp>3729.367785</timestamp>
			</report>
			<report>
				<misses>10667001</misses>
				<total>27</total>
				<timestamp>3729.717442</timestamp>
			</report>
			<report>
				<misses>10668001</misses>
				<total>27</total>
				<timestamp>3730.067107</timestamp>
			</report>
			<report>
				<misses>10669001</misses>
				<total>27</total>
				<timestamp>3730.416722</timestamp>
			</report>
			<report>
				<misses>10670001</misses>
				<total>27</total>
				<timestamp>3730.766393</timestamp>
			</report>
			<report>
				<misses>10671001</misses>
				<total>27</total>
				<timestamp>3731.116023</timestamp>
			</report>
			<report>
				<misses>10672001</misses>
				<total>27</total>
				<timestamp>3731.465704</timestamp>
			</report>
			<report>
				<misses>10673001</misses>
				<total>27</total>
				<timestamp>3731.815368</timestamp>
			</report>
			<report>
				<misses>10674001</misses>
				<total>27</total>
				<timestamp>3732.165015</timestamp>
			</report>
			<report>
				<misses>10675001</misses>
				<total>27</total>
				<timestamp>3732.514615</timestamp>
			</report>
			<report>
				<misses>10676001</misses>
				<total>27</total>
				<timestamp>3732.864306</timestamp>
			</report>
			<report>
				<misses>10677001</misses>
				<total>27</total>
				<timestamp>3733.213928</timestamp>
			</report>
			<report>
				<misses>10678001</misses>
				<total>27</total>
				<timestamp>3733.563598</timestamp>
			</report>
			<report>
				<misses>10679001</misses>
				<total>27</total>
				<timestamp>3733.913271</timestamp>
			</report>
			<report>
				<misses>10680001</misses>
				<total>27</total>
				<timestamp>3734.262900</timestamp>
			</report>
			<report>
				<misses>10681001</misses>
				<total>27</total>
				<timestamp>3734.612527</timestamp>
			</report>
			<report>
				<misses>10682001</misses>
				<total>27</total>
				<timestamp>3734.962213</timestamp>
			</report>
			<report>
				<misses>10683001</misses>
				<total>27</total>
				<timestamp>3735.311841</timestamp>
			</report>
			<report>
				<misses>10684001</misses>
				<total>27</total>
				<timestamp>3735.661492</timestamp>
			</report>
			<report>
				<misses>10685001</misses>
				<total>27</total>
				<timestamp>3736.011168</timestamp>
			</report>
			<report>
				<misses>10686001</misses>
				<total>27</total>
				<timestamp>3736.360809</timestamp>
			</report>
			<report>
				<misses>10687001</misses>
				<total>27</total>
				<timestamp>3736.710466</timestamp>
			</report>
			<report>
				<misses>10688001</misses>
				<total>27</total>
				<timestamp>3737.060120</timestamp>
			</report>
			<report>
				<misses>10689001</misses>
				<total>27</total>
				<timestamp>3737.409741</timestamp>
			</report>
			<report>
				<misses>10690001</misses>
				<total>27</total>
				<timestamp>3737.759421</timestamp>
			</report>
			<report>
				<misses>10691001</misses>
				<total>27</total>
				<timestamp>3738.109054</timestamp>
			</report>
			<report>
				<misses>10692001</misses>
				<total>27</total>
				<timestamp>3738.458674</timestamp>
			</report>
			<report>
				<misses>10693001</misses>
				<total>27</total>
				<timestamp>3738.808335</timestamp>
			</report>
			<report>
				<misses>10694001</misses>
				<total>27</total>
				<timestamp>3739.157976</timestamp>
			</report>
			<report>
				<misses>10695001</misses>
				<total>27</total>
				<timestamp>3739.507656</timestamp>
			</report>
			<report>
				<misses>10696001</misses>
				<total>27</total>
				<timestamp>3739.857311</timestamp>
			</report>
			<report>
				<misses>10697001</misses>
				<total>27</total>
				<timestamp>3740.206922</timestamp>
			</report>
			<report>
				<misses>10698001</misses>
				<total>27</total>
				<timestamp>3740.556598</timestamp>
			</report>
			<report>
				<misses>10699001</misses>
				<total>27</total>
				<timestamp>3740.906304</timestamp>
			</report>
			<report>
				<misses>10700001</misses>
				<total>27</total>
				<timestamp>3741.255885</timestamp>
			</report>
			<report>
				<misses>10701001</misses>
				<total>27</total>
				<timestamp>3741.605544</timestamp>
			</report>
			<report>
				<misses>10702001</misses>
				<total>27</total>
				<timestamp>3741.955241</timestamp>
			</report>
			<report>
				<misses>10703001</misses>
				<total>27</total>
				<timestamp>3742.304860</timestamp>
			</report>
			<report>
				<misses>10704001</misses>
				<total>27</total>
				<timestamp>3742.654480</timestamp>
			</report>
			<report>
				<misses>10705001</misses>
				<total>27</total>
				<timestamp>3743.004158</timestamp>
			</report>
			<report>
				<misses>10706001</misses>
				<total>27</total>
				<timestamp>3743.353788</timestamp>
			</report>
			<report>
				<misses>10707001</misses>
				<total>27</total>
				<timestamp>3743.703427</timestamp>
			</report>
			<report>
				<misses>10708001</misses>
				<total>27</total>
				<timestamp>3744.053116</timestamp>
			</report>
			<report>
				<misses>10709001</misses>
				<total>27</total>
				<timestamp>3744.402733</timestamp>
			</report>
			<report>
				<misses>10710001</misses>
				<total>27</total>
				<timestamp>3744.752459</timestamp>
			</report>
			<report>
				<misses>10711001</misses>
				<total>27</total>
				<timestamp>3745.102054</timestamp>
			</report>
			<report>
				<misses>10712001</misses>
				<total>27</total>
				<timestamp>3745.451689</timestamp>
			</report>
			<report>
				<misses>10713001</misses>
				<total>27</total>
				<timestamp>3745.801350</timestamp>
			</report>
			<report>
				<misses>10714001</misses>
				<total>27</total>
				<timestamp>3746.151018</timestamp>
			</report>
			<report>
				<misses>10715001</misses>
				<total>27</total>
				<timestamp>3746.500657</timestamp>
			</report>
			<report>
				<misses>10716001</misses>
				<total>27</total>
				<timestamp>3746.850298</timestamp>
			</report>
			<report>
				<misses>10717001</misses>
				<total>27</total>
				<timestamp>3747.199931</timestamp>
			</report>
			<report>
				<misses>10718001</misses>
				<total>27</total>
				<timestamp>3747.549574</timestamp>
			</report>
			<report>
				<misses>10719001</misses>
				<total>27</total>
				<timestamp>3747.899296</timestamp>
			</report>
			<report>
				<misses>10720001</misses>
				<total>27</total>
				<timestamp>3748.248887</timestamp>
			</report>
			<report>
				<misses>10721001</misses>
				<total>27</total>
				<timestamp>3748.598527</timestamp>
			</report>
			<report>
				<misses>10722001</misses>
				<total>27</total>
				<timestamp>3748.948222</timestamp>
			</report>
			<report>
				<misses>10723001</misses>
				<total>27</total>
				<timestamp>3749.297831</timestamp>
			</report>
			<report>
				<misses>10724001</misses>
				<total>27</total>
				<timestamp>3749.647482</timestamp>
			</report>
			<report>
				<misses>10725001</misses>
				<total>27</total>
				<timestamp>3749.997146</timestamp>
			</report>
			<report>
				<misses>10726001</misses>
				<total>27</total>
				<timestamp>3750.346781</timestamp>
			</report>
			<report>
				<misses>10727001</misses>
				<total>27</total>
				<timestamp>3750.696427</timestamp>
			</report>
			<report>
				<misses>10728001</misses>
				<total>27</total>
				<timestamp>3751.046100</timestamp>
			</report>
			<report>
				<misses>10729001</misses>
				<total>27</total>
				<timestamp>3751.395736</timestamp>
			</report>
			<report>
				<misses>10730001</misses>
				<total>27</total>
				<timestamp>3751.745436</timestamp>
			</report>
			<report>
				<misses>10731001</misses>
				<total>27</total>
				<timestamp>3752.095028</timestamp>
			</report>
			<report>
				<misses>10732001</misses>
				<total>27</total>
				<timestamp>3752.444696</timestamp>
			</report>
			<report>
				<misses>10733001</misses>
				<total>27</total>
				<timestamp>3752.794336</timestamp>
			</report>
			<report>
				<misses>10734001</misses>
				<total>27</total>
				<timestamp>3753.143994</timestamp>
			</report>
			<report>
				<misses>10735001</misses>
				<total>27</total>
				<timestamp>3753.493643</timestamp>
			</report>
			<report>
				<misses>10736001</misses>
				<total>27</total>
				<timestamp>3753.843298</timestamp>
			</report>
			<report>
				<misses>10737001</misses>
				<total>27</total>
				<timestamp>3754.192931</timestamp>
			</report>
			<report>
				<misses>10738001</misses>
				<total>27</total>
				<timestamp>3754.542586</timestamp>
			</report>
			<report>
				<misses>10739001</misses>
				<total>27</total>
				<timestamp>3754.892242</timestamp>
			</report>
			<report>
				<misses>10740001</misses>
				<total>27</total>
				<timestamp>3755.241893</timestamp>
			</report>
			<report>
				<misses>10741001</misses>
				<total>27</total>
				<timestamp>3755.591548</timestamp>
			</report>
			<report>
				<misses>10742001</misses>
				<total>27</total>
				<timestamp>3755.941186</timestamp>
			</report>
			<report>
				<misses>10743001</misses>
				<total>27</total>
				<timestamp>3756.290843</timestamp>
			</report>
			<report>
				<misses>10744001</misses>
				<total>27</total>
				<timestamp>3756.640522</timestamp>
			</report>
			<report>
				<misses>10745001</misses>
				<total>27</total>
				<timestamp>3756.990176</timestamp>
			</report>
			<report>
				<misses>10746001</misses>
				<total>27</total>
				<timestamp>3757.339781</timestamp>
			</report>
			<report>
				<misses>10747001</misses>
				<total>27</total>
				<timestamp>3757.689441</timestamp>
			</report>
			<report>
				<misses>10748001</misses>
				<total>27</total>
				<timestamp>3758.039099</timestamp>
			</report>
			<report>
				<misses>10749001</misses>
				<total>27</total>
				<timestamp>3758.388726</timestamp>
			</report>
			<report>
				<misses>10750001</misses>
				<total>27</total>
				<timestamp>3758.738396</timestamp>
			</report>
			<report>
				<misses>10751001</misses>
				<total>27</total>
				<timestamp>3759.088068</timestamp>
			</report>
			<report>
				<misses>10752001</misses>
				<total>27</total>
				<timestamp>3759.437681</timestamp>
			</report>
			<report>
				<misses>10753001</misses>
				<total>27</total>
				<timestamp>3759.787356</timestamp>
			</report>
			<report>
				<misses>10754001</misses>
				<total>27</total>
				<timestamp>3760.136970</timestamp>
			</report>
			<report>
				<misses>10755001</misses>
				<total>27</total>
				<timestamp>3760.486638</timestamp>
			</report>
			<report>
				<misses>10756001</misses>
				<total>27</total>
				<timestamp>3760.836348</timestamp>
			</report>
			<report>
				<misses>10757001</misses>
				<total>27</total>
				<timestamp>3761.185946</timestamp>
			</report>
			<report>
				<misses>10758001</misses>
				<total>27</total>
				<timestamp>3761.535589</timestamp>
			</report>
			<report>
				<misses>10759001</misses>
				<total>27</total>
				<timestamp>3761.885265</timestamp>
			</report>
			<report>
				<misses>10760001</misses>
				<total>27</total>
				<timestamp>3762.234891</timestamp>
			</report>
			<report>
				<misses>10761001</misses>
				<total>27</total>
				<timestamp>3762.584555</timestamp>
			</report>
			<report>
				<misses>10762001</misses>
				<total>27</total>
				<timestamp>3762.934259</timestamp>
			</report>
			<report>
				<misses>10763001</misses>
				<total>27</total>
				<timestamp>3763.283828</timestamp>
			</report>
			<report>
				<misses>10764001</misses>
				<total>27</total>
				<timestamp>3763.633493</timestamp>
			</report>
			<report>
				<misses>10765001</misses>
				<total>27</total>
				<timestamp>3763.983158</timestamp>
			</report>
			<report>
				<misses>10766001</misses>
				<total>27</total>
				<timestamp>3764.332780</timestamp>
			</report>
			<report>
				<misses>10767001</misses>
				<total>27</total>
				<timestamp>3764.682442</timestamp>
			</report>
			<report>
				<misses>10768001</misses>
				<total>27</total>
				<timestamp>3765.032139</timestamp>
			</report>
			<report>
				<misses>10769001</misses>
				<total>27</total>
				<timestamp>3765.381750</timestamp>
			</report>
			<report>
				<misses>10770001</misses>
				<total>27</total>
				<timestamp>3765.731385</timestamp>
			</report>
			<report>
				<misses>10771001</misses>
				<total>27</total>
				<timestamp>3766.081037</timestamp>
			</report>
			<report>
				<misses>10772001</misses>
				<total>27</total>
				<timestamp>3766.430704</timestamp>
			</report>
			<report>
				<misses>10773001</misses>
				<total>27</total>
				<timestamp>3766.780369</timestamp>
			</report>
			<report>
				<misses>10774001</misses>
				<total>27</total>
				<timestamp>3767.129981</timestamp>
			</report>
			<report>
				<misses>10775001</misses>
				<total>27</total>
				<timestamp>3767.479651</timestamp>
			</report>
			<report>
				<misses>10776001</misses>
				<total>27</total>
				<timestamp>3767.829304</timestamp>
			</report>
			<report>
				<misses>10777001</misses>
				<total>27</total>
				<timestamp>3768.178929</timestamp>
			</report>
			<report>
				<misses>10778001</misses>
				<total>27</total>
				<timestamp>3768.528596</timestamp>
			</report>
			<report>
				<misses>10779001</misses>
				<total>27</total>
				<timestamp>3768.878255</timestamp>
			</report>
			<report>
				<misses>10780001</misses>
				<total>27</total>
				<timestamp>3769.227894</timestamp>
			</report>
			<report>
				<misses>10781001</misses>
				<total>27</total>
				<timestamp>3769.577549</timestamp>
			</report>
			<report>
				<misses>10782001</misses>
				<total>27</total>
				<timestamp>3769.927202</timestamp>
			</report>
			<report>
				<misses>10783001</misses>
				<total>27</total>
				<timestamp>3770.276866</timestamp>
			</report>
			<report>
				<misses>10784001</misses>
				<total>27</total>
				<timestamp>3770.626475</timestamp>
			</report>
			<report>
				<misses>10785001</misses>
				<total>27</total>
				<timestamp>3770.976149</timestamp>
			</report>
			<report>
				<misses>10786001</misses>
				<total>27</total>
				<timestamp>3771.325799</timestamp>
			</report>
			<report>
				<misses>10787001</misses>
				<total>27</total>
				<timestamp>3771.675463</timestamp>
			</report>
			<report>
				<misses>10788001</misses>
				<total>27</total>
				<timestamp>3772.025117</timestamp>
			</report>
			<report>
				<misses>10789001</misses>
				<total>27</total>
				<timestamp>3772.374727</timestamp>
			</report>
			<report>
				<misses>10790001</misses>
				<total>27</total>
				<timestamp>3772.724443</timestamp>
			</report>
			<report>
				<misses>10791001</misses>
				<total>27</total>
				<timestamp>3773.074053</timestamp>
			</report>
			<report>
				<misses>10792001</misses>
				<total>27</total>
				<timestamp>3773.423733</timestamp>
			</report>
			<report>
				<misses>10793001</misses>
				<total>27</total>
				<timestamp>3773.773349</timestamp>
			</report>
			<report>
				<misses>10794001</misses>
				<total>27</total>
				<timestamp>3774.123004</timestamp>
			</report>
			<report>
				<misses>10795001</misses>
				<total>27</total>
				<timestamp>3774.472641</timestamp>
			</report>
			<report>
				<misses>10796001</misses>
				<total>27</total>
				<timestamp>3774.822303</timestamp>
			</report>
			<report>
				<misses>10797001</misses>
				<total>27</total>
				<timestamp>3775.171924</timestamp>
			</report>
			<report>
				<misses>10798001</misses>
				<total>27</total>
				<timestamp>3775.521617</timestamp>
			</report>
			<report>
				<misses>10799001</misses>
				<total>27</total>
				<timestamp>3775.871234</timestamp>
			</report>
			<report>
				<misses>10800001</misses>
				<total>27</total>
				<timestamp>3776.220893</timestamp>
			</report>
			<report>
				<misses>10801001</misses>
				<total>27</total>
				<timestamp>3776.570559</timestamp>
			</report>
			<report>
				<misses>10802001</misses>
				<total>27</total>
				<timestamp>3776.920219</timestamp>
			</report>
			<report>
				<misses>10803001</misses>
				<total>27</total>
				<timestamp>3777.269887</timestamp>
			</report>
			<report>
				<misses>10804001</misses>
				<total>27</total>
				<timestamp>3777.619494</timestamp>
			</report>
			<report>
				<misses>10805001</misses>
				<total>27</total>
				<timestamp>3777.969128</timestamp>
			</report>
			<report>
				<misses>10806001</misses>
				<total>27</total>
				<timestamp>3778.318785</timestamp>
			</report>
			<report>
				<misses>10807001</misses>
				<total>27</total>
				<timestamp>3778.668458</timestamp>
			</report>
			<report>
				<misses>10808001</misses>
				<total>27</total>
				<timestamp>3779.018140</timestamp>
			</report>
			<report>
				<misses>10809001</misses>
				<total>27</total>
				<timestamp>3779.367733</timestamp>
			</report>
			<report>
				<misses>10810001</misses>
				<total>27</total>
				<timestamp>3779.717406</timestamp>
			</report>
			<report>
				<misses>10811001</misses>
				<total>27</total>
				<timestamp>3780.067112</timestamp>
			</report>
			<report>
				<misses>10812001</misses>
				<total>27</total>
				<timestamp>3780.416682</timestamp>
			</report>
			<report>
				<misses>10813001</misses>
				<total>27</total>
				<timestamp>3780.766342</timestamp>
			</report>
			<report>
				<misses>10814001</misses>
				<total>27</total>
				<timestamp>3781.115993</timestamp>
			</report>
			<report>
				<misses>10815001</misses>
				<total>27</total>
				<timestamp>3781.465657</timestamp>
			</report>
			<report>
				<misses>10816001</misses>
				<total>27</total>
				<timestamp>3781.815279</timestamp>
			</report>
			<report>
				<misses>10817001</misses>
				<total>27</total>
				<timestamp>3782.164952</timestamp>
			</report>
			<report>
				<misses>10818001</misses>
				<total>27</total>
				<timestamp>3782.514581</timestamp>
			</report>
			<report>
				<misses>10819001</misses>
				<total>27</total>
				<timestamp>3782.864243</timestamp>
			</report>
			<report>
				<misses>10820001</misses>
				<total>27</total>
				<timestamp>3783.213872</timestamp>
			</report>
			<report>
				<misses>10821001</misses>
				<total>27</total>
				<timestamp>3783.563537</timestamp>
			</report>
			<report>
				<misses>10822001</misses>
				<total>27</total>
				<timestamp>3783.913206</timestamp>
			</report>
			<report>
				<misses>10823001</misses>
				<total>27</total>
				<timestamp>3784.262841</timestamp>
			</report>
			<report>
				<misses>10824001</misses>
				<total>27</total>
				<timestamp>3784.612494</timestamp>
			</report>
			<report>
				<misses>10825001</misses>
				<total>27</total>
				<timestamp>3784.962173</timestamp>
			</report>
			<report>
				<misses>10826001</misses>
				<total>27</total>
				<timestamp>3785.311804</timestamp>
			</report>
			<report>
				<misses>10827001</misses>
				<total>27</total>
				<timestamp>3785.661446</timestamp>
			</report>
			<report>
				<misses>10828001</misses>
				<total>27</total>
				<timestamp>3786.011144</timestamp>
			</report>
			<report>
				<misses>10829001</misses>
				<total>27</total>
				<timestamp>3786.360762</timestamp>
			</report>
			<report>
				<misses>10830001</misses>
				<total>27</total>
				<timestamp>3786.710396</timestamp>
			</report>
			<report>
				<misses>10831001</misses>
				<total>27</total>
				<timestamp>3787.060082</timestamp>
			</report>
			<report>
				<misses>10832001</misses>
				<total>27</total>
				<timestamp>3787.409689</timestamp>
			</report>
			<report>
				<misses>10833001</misses>
				<total>27</total>
				<timestamp>3787.759383</timestamp>
			</report>
			<report>
				<misses>10834001</misses>
				<total>27</total>
				<timestamp>3788.109078</timestamp>
			</report>
			<report>
				<misses>10835001</misses>
				<total>27</total>
				<timestamp>3788.458628</timestamp>
			</report>
			<report>
				<misses>10836001</misses>
				<total>27</total>
				<timestamp>3788.808307</timestamp>
			</report>
			<report>
				<misses>10837001</misses>
				<total>27</total>
				<timestamp>3789.157926</timestamp>
			</report>
			<report>
				<misses>10838001</misses>
				<total>27</total>
				<timestamp>3789.507577</timestamp>
			</report>
			<report>
				<misses>10839001</misses>
				<total>27</total>
				<timestamp>3789.857224</timestamp>
			</report>
			<report>
				<misses>10840001</misses>
				<total>27</total>
				<timestamp>3790.206898</timestamp>
			</report>
			<report>
				<misses>10841001</misses>
				<total>27</total>
				<timestamp>3790.556544</timestamp>
			</report>
			<report>
				<misses>10842001</misses>
				<total>27</total>
				<timestamp>3790.906200</timestamp>
			</report>
			<report>
				<misses>10843001</misses>
				<total>27</total>
				<timestamp>3791.255839</timestamp>
			</report>
			<report>
				<misses>10844001</misses>
				<total>27</total>
				<timestamp>3791.605500</timestamp>
			</report>
			<report>
				<misses>10845001</misses>
				<total>27</total>
				<timestamp>3791.955143</timestamp>
			</report>
			<report>
				<misses>10846001</misses>
				<total>27</total>
				<timestamp>3792.304806</timestamp>
			</report>
			<report>
				<misses>10847001</misses>
				<total>27</total>
				<timestamp>3792.654425</timestamp>
			</report>
			<report>
				<misses>10848001</misses>
				<total>27</total>
				<timestamp>3793.004113</timestamp>
			</report>
			<report>
				<misses>10849001</misses>
				<total>27</total>
				<timestamp>3793.353739</timestamp>
			</report>
			<report>
				<misses>10850001</misses>
				<total>27</total>
				<timestamp>3793.703429</timestamp>
			</report>
			<report>
				<misses>10851001</misses>
				<total>27</total>
				<timestamp>3794.053102</timestamp>
			</report>
			<report>
				<misses>10852001</misses>
				<total>27</total>
				<timestamp>3794.402698</timestamp>
			</report>
			<report>
				<misses>10853001</misses>
				<total>27</total>
				<timestamp>3794.752349</timestamp>
			</report>
			<report>
				<misses>10854001</misses>
				<total>27</total>
				<timestamp>3795.102004</timestamp>
			</report>
			<report>
				<misses>10855001</misses>
				<total>27</total>
				<timestamp>3795.451631</timestamp>
			</report>
			<report>
				<misses>10856001</misses>
				<total>27</total>
				<timestamp>3795.801293</timestamp>
			</report>
			<report>
				<misses>10857001</misses>
				<total>27</total>
				<timestamp>3796.150984</timestamp>
			</report>
			<report>
				<misses>10858001</misses>
				<total>27</total>
				<timestamp>3796.500600</timestamp>
			</report>
			<report>
				<misses>10859001</misses>
				<total>27</total>
				<timestamp>3796.850247</timestamp>
			</report>
			<report>
				<misses>10860001</misses>
				<total>27</total>
				<timestamp>3797.199887</timestamp>
			</report>
			<report>
				<misses>10861001</misses>
				<total>27</total>
				<timestamp>3797.549530</timestamp>
			</report>
			<report>
				<misses>10862001</misses>
				<total>27</total>
				<timestamp>3797.899194</timestamp>
			</report>
			<report>
				<misses>10863001</misses>
				<total>27</total>
				<timestamp>3798.248846</timestamp>
			</report>
			<report>
				<misses>10864001</misses>
				<total>27</total>
				<timestamp>3798.598484</timestamp>
			</report>
			<report>
				<misses>10865001</misses>
				<total>27</total>
				<timestamp>3798.948146</timestamp>
			</report>
			<report>
				<misses>10866001</misses>
				<total>27</total>
				<timestamp>3799.297770</timestamp>
			</report>
			<report>
				<misses>10867001</misses>
				<total>27</total>
				<timestamp>3799.647448</timestamp>
			</report>
			<report>
				<misses>10868001</misses>
				<total>27</total>
				<timestamp>3799.997123</timestamp>
			</report>
			<report>
				<misses>10869001</misses>
				<total>27</total>
				<timestamp>3800.346774</timestamp>
			</report>
			<report>
				<misses>10870001</misses>
				<total>27</total>
				<timestamp>3800.696426</timestamp>
			</report>
			<report>
				<misses>10871001</misses>
				<total>27</total>
				<timestamp>3801.046069</timestamp>
			</report>
			<report>
				<misses>10872001</misses>
				<total>27</total>
				<timestamp>3801.395691</timestamp>
			</report>
			<report>
				<misses>10873001</misses>
				<total>27</total>
				<timestamp>3801.745350</timestamp>
			</report>
			<report>
				<misses>10874001</misses>
				<total>27</total>
				<timestamp>3802.094981</timestamp>
			</report>
			<report>
				<misses>10875001</misses>
				<total>27</total>
				<timestamp>3802.444630</timestamp>
			</report>
			<report>
				<misses>10876001</misses>
				<total>27</total>
				<timestamp>3802.794283</timestamp>
			</report>
			<report>
				<misses>10877001</misses>
				<total>27</total>
				<timestamp>3803.143946</timestamp>
			</report>
			<report>
				<misses>10878001</misses>
				<total>27</total>
				<timestamp>3803.493577</timestamp>
			</report>
			<report>
				<misses>10879001</misses>
				<total>27</total>
				<timestamp>3803.843235</timestamp>
			</report>
			<report>
				<misses>10880001</misses>
				<total>27</total>
				<timestamp>3804.192927</timestamp>
			</report>
			<report>
				<misses>10881001</misses>
				<total>27</total>
				<timestamp>3804.542527</timestamp>
			</report>
			<report>
				<misses>10882001</misses>
				<total>27</total>
				<timestamp>3804.892183</timestamp>
			</report>
			<report>
				<misses>10883001</misses>
				<total>27</total>
				<timestamp>3805.241854</timestamp>
			</report>
			<report>
				<misses>10884001</misses>
				<total>27</total>
				<timestamp>3805.591471</timestamp>
			</report>
			<report>
				<misses>10885001</misses>
				<total>27</total>
				<timestamp>3805.941147</timestamp>
			</report>
			<report>
				<misses>10886001</misses>
				<total>27</total>
				<timestamp>3806.290795</timestamp>
			</report>
			<report>
				<misses>10887001</misses>
				<total>27</total>
				<timestamp>3806.640440</timestamp>
			</report>
			<report>
				<misses>10888001</misses>
				<total>27</total>
				<timestamp>3806.990118</timestamp>
			</report>
			<report>
				<misses>10889001</misses>
				<total>27</total>
				<timestamp>3807.339723</timestamp>
			</report>
			<report>
				<misses>10890001</misses>
				<total>27</total>
				<timestamp>3807.689379</timestamp>
			</report>
			<report>
				<misses>10891001</misses>
				<total>27</total>
				<timestamp>3808.039054</timestamp>
			</report>
			<report>
				<misses>10892001</misses>
				<total>27</total>
				<timestamp>3808.388685</timestamp>
			</report>
			<report>
				<misses>10893001</misses>
				<total>27</total>
				<timestamp>3808.738332</timestamp>
			</report>
			<report>
				<misses>10894001</misses>
				<total>27</total>
				<timestamp>3809.088019</timestamp>
			</report>
			<report>
				<misses>10895001</misses>
				<total>27</total>
				<timestamp>3809.437636</timestamp>
			</report>
			<report>
				<misses>10896001</misses>
				<total>27</total>
				<timestamp>3809.787280</timestamp>
			</report>
			<report>
				<misses>10897001</misses>
				<total>27</total>
				<timestamp>3810.136963</timestamp>
			</report>
			<report>
				<misses>10898001</misses>
				<total>27</total>
				<timestamp>3810.486603</timestamp>
			</report>
			<report>
				<misses>10899001</misses>
				<total>27</total>
				<timestamp>3810.836225</timestamp>
			</report>
			<report>
				<misses>10900001</misses>
				<total>27</total>
				<timestamp>3811.185937</timestamp>
			</report>
			<report>
				<misses>10901001</misses>
				<total>27</total>
				<timestamp>3811.535537</timestamp>
			</report>
			<report>
				<misses>10902001</misses>
				<total>27</total>
				<timestamp>3811.885211</timestamp>
			</report>
			<report>
				<misses>10903001</misses>
				<total>27</total>
				<timestamp>3812.234873</timestamp>
			</report>
			<report>
				<misses>10904001</misses>
				<total>27</total>
				<timestamp>3812.584493</timestamp>
			</report>
			<report>
				<misses>10905001</misses>
				<total>27</total>
				<timestamp>3812.934139</timestamp>
			</report>
			<report>
				<misses>10906001</misses>
				<total>27</total>
				<timestamp>3813.283837</timestamp>
			</report>
			<report>
				<misses>10907001</misses>
				<total>27</total>
				<timestamp>3813.633438</timestamp>
			</report>
			<report>
				<misses>10908001</misses>
				<total>27</total>
				<timestamp>3813.983092</timestamp>
			</report>
			<report>
				<misses>10909001</misses>
				<total>27</total>
				<timestamp>3814.332774</timestamp>
			</report>
			<report>
				<misses>10910001</misses>
				<total>27</total>
				<timestamp>3814.682392</timestamp>
			</report>
			<report>
				<misses>10911001</misses>
				<total>27</total>
				<timestamp>3815.032059</timestamp>
			</report>
			<report>
				<misses>10912001</misses>
				<total>27</total>
				<timestamp>3815.381710</timestamp>
			</report>
			<report>
				<misses>10913001</misses>
				<total>27</total>
				<timestamp>3815.731331</timestamp>
			</report>
			<report>
				<misses>10914001</misses>
				<total>27</total>
				<timestamp>3816.080990</timestamp>
			</report>
			<report>
				<misses>10915001</misses>
				<total>27</total>
				<timestamp>3816.430648</timestamp>
			</report>
			<report>
				<misses>10916001</misses>
				<total>27</total>
				<timestamp>3816.780286</timestamp>
			</report>
			<report>
				<misses>10917001</misses>
				<total>27</total>
				<timestamp>3817.129997</timestamp>
			</report>
			<report>
				<misses>10918001</misses>
				<total>27</total>
				<timestamp>3817.479572</timestamp>
			</report>
			<report>
				<misses>10919001</misses>
				<total>27</total>
				<timestamp>3817.829259</timestamp>
			</report>
			<report>
				<misses>10920001</misses>
				<total>28</total>
				<timestamp>3818.178925</timestamp>
			</report>
			<report>
				<misses>10921001</misses>
				<total>28</total>
				<timestamp>3818.528527</timestamp>
			</report>
			<report>
				<misses>10922001</misses>
				<total>28</total>
				<timestamp>3818.878227</timestamp>
			</report>
			<report>
				<misses>10923001</misses>
				<total>28</total>
				<timestamp>3819.227838</timestamp>
			</report>
			<report>
				<misses>10924001</misses>
				<total>28</total>
				<timestamp>3819.577489</timestamp>
			</report>
			<report>
				<misses>10925001</misses>
				<total>28</total>
				<timestamp>3819.927154</timestamp>
			</report>
			<report>
				<misses>10926001</misses>
				<total>28</total>
				<timestamp>3820.276826</timestamp>
			</report>
			<report>
				<misses>10927001</misses>
				<total>28</total>
				<timestamp>3820.626418</timestamp>
			</report>
			<report>
				<misses>10928001</misses>
				<total>28</total>
				<timestamp>3820.976109</timestamp>
			</report>
			<report>
				<misses>10929001</misses>
				<total>28</total>
				<timestamp>3821.325731</timestamp>
			</report>
			<report>
				<misses>10930001</misses>
				<total>28</total>
				<timestamp>3821.675398</timestamp>
			</report>
			<report>
				<misses>10931001</misses>
				<total>28</total>
				<timestamp>3822.025044</timestamp>
			</report>
			<report>
				<misses>10932001</misses>
				<total>28</total>
				<timestamp>3822.374675</timestamp>
			</report>
			<report>
				<misses>10933001</misses>
				<total>28</total>
				<timestamp>3822.724364</timestamp>
			</report>
			<report>
				<misses>10934001</misses>
				<total>28</total>
				<timestamp>3823.073979</timestamp>
			</report>
			<report>
				<misses>10935001</misses>
				<total>28</total>
				<timestamp>3823.423639</timestamp>
			</report>
			<report>
				<misses>10936001</misses>
				<total>28</total>
				<timestamp>3823.773311</timestamp>
			</report>
			<report>
				<misses>10937001</misses>
				<total>28</total>
				<timestamp>3824.122969</timestamp>
			</report>
			<report>
				<misses>10938001</misses>
				<total>28</total>
				<timestamp>3824.472586</timestamp>
			</report>
			<report>
				<misses>10939001</misses>
				<total>28</total>
				<timestamp>3824.822252</timestamp>
			</report>
			<report>
				<misses>10940001</misses>
				<total>28</total>
				<timestamp>3825.171939</timestamp>
			</report>
			<report>
				<misses>10941001</misses>
				<total>28</total>
				<timestamp>3825.521531</timestamp>
			</report>
			<report>
				<misses>10942001</misses>
				<total>28</total>
				<timestamp>3825.871181</timestamp>
			</report>
			<report>
				<misses>10943001</misses>
				<total>28</total>
				<timestamp>3826.220917</timestamp>
			</report>
			<report>
				<misses>10944001</misses>
				<total>28</total>
				<timestamp>3826.570488</timestamp>
			</report>
			<report>
				<misses>10945001</misses>
				<total>28</total>
				<timestamp>3826.920151</timestamp>
			</report>
			<report>
				<misses>10946001</misses>
				<total>28</total>
				<timestamp>3827.269859</timestamp>
			</report>
			<report>
				<misses>10947001</misses>
				<total>29</total>
				<timestamp>3827.619445</timestamp>
			</report>
			<report>
				<misses>10948001</misses>
				<total>29</total>
				<timestamp>3827.969110</timestamp>
			</report>
			<report>
				<misses>10949001</misses>
				<total>29</total>
				<timestamp>3828.318787</timestamp>
			</report>
			<report>
				<misses>10950001</misses>
				<total>29</total>
				<timestamp>3828.668404</timestamp>
			</report>
			<report>
				<misses>10951001</misses>
				<total>29</total>
				<timestamp>3829.018025</timestamp>
			</report>
			<report>
				<misses>10952001</misses>
				<total>29</total>
				<timestamp>3829.367690</timestamp>
			</report>
			<report>
				<misses>10953001</misses>
				<total>29</total>
				<timestamp>3829.717334</timestamp>
			</report>
			<report>
				<misses>10954001</misses>
				<total>29</total>
				<timestamp>3830.066976</timestamp>
			</report>
			<report>
				<misses>10955001</misses>
				<total>29</total>
				<timestamp>3830.416646</timestamp>
			</report>
			<report>
				<misses>10956001</misses>
				<total>29</total>
				<timestamp>3830.766285</timestamp>
			</report>
			<report>
				<misses>10957001</misses>
				<total>29</total>
				<timestamp>3831.115934</timestamp>
			</report>
			<report>
				<misses>10958001</misses>
				<total>29</total>
				<timestamp>3831.465589</timestamp>
			</report>
			<report>
				<misses>10959001</misses>
				<total>29</total>
				<timestamp>3831.815275</timestamp>
			</report>
			<report>
				<misses>10960001</misses>
				<total>29</total>
				<timestamp>3832.164905</timestamp>
			</report>
			<report>
				<misses>10961001</misses>
				<total>29</total>
				<timestamp>3832.514539</timestamp>
			</report>
			<report>
				<misses>10962001</misses>
				<total>29</total>
				<timestamp>3832.864194</timestamp>
			</report>
			<report>
				<misses>10963001</misses>
				<total>29</total>
				<timestamp>3833.213877</timestamp>
			</report>
			<report>
				<misses>10964001</misses>
				<total>29</total>
				<timestamp>3833.563497</timestamp>
			</report>
			<report>
				<misses>10965001</misses>
				<total>29</total>
				<timestamp>3833.913129</timestamp>
			</report>
			<report>
				<misses>10966001</misses>
				<total>29</total>
				<timestamp>3834.262794</timestamp>
			</report>
			<report>
				<misses>10967001</misses>
				<total>29</total>
				<timestamp>3834.612447</timestamp>
			</report>
			<report>
				<misses>10968001</misses>
				<total>29</total>
				<timestamp>3834.962109</timestamp>
			</report>
			<report>
				<misses>10969001</misses>
				<total>29</total>
				<timestamp>3835.311753</timestamp>
			</report>
			<report>
				<misses>10970001</misses>
				<total>29</total>
				<timestamp>3835.661408</timestamp>
			</report>
			<report>
				<misses>10971001</misses>
				<total>29</total>
				<timestamp>3836.011045</timestamp>
			</report>
			<report>
				<misses>10972001</misses>
				<total>29</total>
				<timestamp>3836.360733</timestamp>
			</report>
			<report>
				<misses>10973001</misses>
				<total>29</total>
				<timestamp>3836.710348</timestamp>
			</report>
			<report>
				<misses>10974001</misses>
				<total>29</total>
				<timestamp>3837.059997</timestamp>
			</report>
			<report>
				<misses>10975001</misses>
				<total>29</total>
				<timestamp>3837.409637</timestamp>
			</report>
			<report>
				<misses>10976001</misses>
				<total>29</total>
				<timestamp>3837.759305</timestamp>
			</report>
			<report>
				<misses>10977001</misses>
				<total>29</total>
				<timestamp>3838.108943</timestamp>
			</report>
			<report>
				<misses>10978001</misses>
				<total>29</total>
				<timestamp>3838.458594</timestamp>
			</report>
			<report>
				<misses>10979001</misses>
				<total>29</total>
				<timestamp>3838.808251</timestamp>
			</report>
			<report>
				<misses>10980001</misses>
				<total>29</total>
				<timestamp>3839.157905</timestamp>
			</report>
			<report>
				<misses>10981001</misses>
				<total>29</total>
				<timestamp>3839.507535</timestamp>
			</report>
			<report>
				<misses>10982001</misses>
				<total>29</total>
				<timestamp>3839.857213</timestamp>
			</report>
			<report>
				<misses>10983001</misses>
				<total>29</total>
				<timestamp>3840.206886</timestamp>
			</report>
			<report>
				<misses>10984001</misses>
				<total>29</total>
				<timestamp>3840.556489</timestamp>
			</report>
			<report>
				<misses>10985001</misses>
				<total>29</total>
				<timestamp>3840.906135</timestamp>
			</report>
			<report>
				<misses>10986001</misses>
				<total>29</total>
				<timestamp>3841.255851</timestamp>
			</report>
			<report>
				<misses>10987001</misses>
				<total>29</total>
				<timestamp>3841.605428</timestamp>
			</report>
			<report>
				<misses>10988001</misses>
				<total>29</total>
				<timestamp>3841.955093</timestamp>
			</report>
			<report>
				<misses>10989001</misses>
				<total>29</total>
				<timestamp>3842.304740</timestamp>
			</report>
			<report>
				<misses>10990001</misses>
				<total>29</total>
				<timestamp>3842.654374</timestamp>
			</report>
			<report>
				<misses>10991001</misses>
				<total>29</total>
				<timestamp>3843.004078</timestamp>
			</report>
			<report>
				<misses>10992001</misses>
				<total>29</total>
				<timestamp>3843.353724</timestamp>
			</report>
			<report>
				<misses>10993001</misses>
				<total>29</total>
				<timestamp>3843.703366</timestamp>
			</report>
			<report>
				<misses>10994001</misses>
				<total>29</total>
				<timestamp>3844.052985</timestamp>
			</report>
			<report>
				<misses>10995001</misses>
				<total>29</total>
				<timestamp>3844.402667</timestamp>
			</report>
			<report>
				<misses>10996001</misses>
				<total>29</total>
				<timestamp>3844.752292</timestamp>
			</report>
			<report>
				<misses>10997001</misses>
				<total>29</total>
				<timestamp>3845.101915</timestamp>
			</report>
			<report>
				<misses>10998001</misses>
				<total>29</total>
				<timestamp>3845.451611</timestamp>
			</report>
			<report>
				<misses>10999001</misses>
				<total>29</total>
				<timestamp>3845.801241</timestamp>
			</report>
			<report>
				<misses>11000001</misses>
				<total>29</total>
				<timestamp>3846.150876</timestamp>
			</report>
			<report>
				<misses>11001001</misses>
				<total>29</total>
				<timestamp>3846.500534</timestamp>
			</report>
			<report>
				<misses>11002001</misses>
				<total>29</total>
				<timestamp>3846.850169</timestamp>
			</report>
			<report>
				<misses>11003001</misses>
				<total>29</total>
				<timestamp>3847.199841</timestamp>
			</report>
			<report>
				<misses>11004001</misses>
				<total>29</total>
				<timestamp>3847.549482</timestamp>
			</report>
			<report>
				<misses>11005001</misses>
				<total>29</total>
				<timestamp>3847.899139</timestamp>
			</report>
			<report>
				<misses>11006001</misses>
				<total>29</total>
				<timestamp>3848.248806</timestamp>
			</report>
			<report>
				<misses>11007001</misses>
				<total>29</total>
				<timestamp>3848.598415</timestamp>
			</report>
			<report>
				<misses>11008001</misses>
				<total>29</total>
				<timestamp>3848.948099</timestamp>
			</report>
			<report>
				<misses>11009001</misses>
				<total>29</total>
				<timestamp>3849.297753</timestamp>
			</report>
			<report>
				<misses>11010001</misses>
				<total>29</total>
				<timestamp>3849.647378</timestamp>
			</report>
			<report>
				<misses>11011001</misses>
				<total>29</total>
				<timestamp>3849.997032</timestamp>
			</report>
			<report>
				<misses>11012001</misses>
				<total>29</total>
				<timestamp>3850.346718</timestamp>
			</report>
			<report>
				<misses>11013001</misses>
				<total>29</total>
				<timestamp>3850.696353</timestamp>
			</report>
			<report>
				<misses>11014001</misses>
				<total>29</total>
				<timestamp>3851.045981</timestamp>
			</report>
			<report>
				<misses>11015001</misses>
				<total>29</total>
				<timestamp>3851.395687</timestamp>
			</report>
			<report>
				<misses>11016001</misses>
				<total>29</total>
				<timestamp>3851.745289</timestamp>
			</report>
			<report>
				<misses>11017001</misses>
				<total>29</total>
				<timestamp>3852.094920</timestamp>
			</report>
			<report>
				<misses>11018001</misses>
				<total>29</total>
				<timestamp>3852.444606</timestamp>
			</report>
			<report>
				<misses>11019001</misses>
				<total>29</total>
				<timestamp>3852.794249</timestamp>
			</report>
			<report>
				<misses>11020001</misses>
				<total>29</total>
				<timestamp>3853.143882</timestamp>
			</report>
			<report>
				<misses>11021001</misses>
				<total>29</total>
				<timestamp>3853.493550</timestamp>
			</report>
			<report>
				<misses>11022001</misses>
				<total>29</total>
				<timestamp>3853.843199</timestamp>
			</report>
			<report>
				<misses>11023001</misses>
				<total>29</total>
				<timestamp>3854.192830</timestamp>
			</report>
			<report>
				<misses>11024001</misses>
				<total>29</total>
				<timestamp>3854.542503</timestamp>
			</report>
			<report>
				<misses>11025001</misses>
				<total>29</total>
				<timestamp>3854.892142</timestamp>
			</report>
			<report>
				<misses>11026001</misses>
				<total>29</total>
				<timestamp>3855.241822</timestamp>
			</report>
			<report>
				<misses>11027001</misses>
				<total>29</total>
				<timestamp>3855.591430</timestamp>
			</report>
			<report>
				<misses>11028001</misses>
				<total>29</total>
				<timestamp>3855.941109</timestamp>
			</report>
			<report>
				<misses>11029001</misses>
				<total>29</total>
				<timestamp>3856.290731</timestamp>
			</report>
			<report>
				<misses>11030001</misses>
				<total>29</total>
				<timestamp>3856.640436</timestamp>
			</report>
			<report>
				<misses>11031001</misses>
				<total>29</total>
				<timestamp>3856.990064</timestamp>
			</report>
			<report>
				<misses>11032001</misses>
				<total>29</total>
				<timestamp>3857.339713</timestamp>
			</report>
			<report>
				<misses>11033001</misses>
				<total>29</total>
				<timestamp>3857.689333</timestamp>
			</report>
			<report>
				<misses>11034001</misses>
				<total>29</total>
				<timestamp>3858.038995</timestamp>
			</report>
			<report>
				<misses>11035001</misses>
				<total>29</total>
				<timestamp>3858.388648</timestamp>
			</report>
			<report>
				<misses>11036001</misses>
				<total>29</total>
				<timestamp>3858.738286</timestamp>
			</report>
			<report>
				<misses>11037001</misses>
				<total>29</total>
				<timestamp>3859.087956</timestamp>
			</report>
			<report>
				<misses>11038001</misses>
				<total>29</total>
				<timestamp>3859.437622</timestamp>
			</report>
			<report>
				<misses>11039001</misses>
				<total>29</total>
				<timestamp>3859.787262</timestamp>
			</report>
			<report>
				<misses>11040001</misses>
				<total>29</total>
				<timestamp>3860.136912</timestamp>
			</report>
			<report>
				<misses>11041001</misses>
				<total>29</total>
				<timestamp>3860.486603</timestamp>
			</report>
			<report>
				<misses>11042001</misses>
				<total>29</total>
				<timestamp>3860.836190</timestamp>
			</report>
			<report>
				<misses>11043001</misses>
				<total>29</total>
				<timestamp>3861.185879</timestamp>
			</report>
			<report>
				<misses>11044001</misses>
				<total>29</total>
				<timestamp>3861.535497</timestamp>
			</report>
			<report>
				<misses>11045001</misses>
				<total>29</total>
				<timestamp>3861.885121</timestamp>
			</report>
			<report>
				<misses>11046001</misses>
				<total>29</total>
				<timestamp>3862.234798</timestamp>
			</report>
			<report>
				<misses>11047001</misses>
				<total>29</total>
				<timestamp>3862.584455</timestamp>
			</report>
			<report>
				<misses>11048001</misses>
				<total>29</total>
				<timestamp>3862.934121</timestamp>
			</report>
			<report>
				<misses>11049001</misses>
				<total>29</total>
				<timestamp>3863.283744</timestamp>
			</report>
			<report>
				<misses>11050001</misses>
				<total>29</total>
				<timestamp>3863.633386</timestamp>
			</report>
			<report>
				<misses>11051001</misses>
				<total>29</total>
				<timestamp>3863.983062</timestamp>
			</report>
			<report>
				<misses>11052001</misses>
				<total>29</total>
				<timestamp>3864.332684</timestamp>
			</report>
			<report>
				<misses>11053001</misses>
				<total>29</total>
				<timestamp>3864.682365</timestamp>
			</report>
			<report>
				<misses>11054001</misses>
				<total>29</total>
				<timestamp>3865.032026</timestamp>
			</report>
			<report>
				<misses>11055001</misses>
				<total>29</total>
				<timestamp>3865.381711</timestamp>
			</report>
			<report>
				<misses>11056001</misses>
				<total>29</total>
				<timestamp>3865.731281</timestamp>
			</report>
			<report>
				<misses>11057001</misses>
				<total>29</total>
				<timestamp>3866.080932</timestamp>
			</report>
			<report>
				<misses>11058001</misses>
				<total>29</total>
				<timestamp>3866.430591</timestamp>
			</report>
			<report>
				<misses>11059001</misses>
				<total>29</total>
				<timestamp>3866.780242</timestamp>
			</report>
			<report>
				<misses>11060001</misses>
				<total>29</total>
				<timestamp>3867.129913</timestamp>
			</report>
			<report>
				<misses>11061001</misses>
				<total>29</total>
				<timestamp>3867.479571</timestamp>
			</report>
			<report>
				<misses>11062001</misses>
				<total>29</total>
				<timestamp>3867.829178</timestamp>
			</report>
			<report>
				<misses>11063001</misses>
				<total>29</total>
				<timestamp>3868.178836</timestamp>
			</report>
			<report>
				<misses>11064001</misses>
				<total>29</total>
				<timestamp>3868.528528</timestamp>
			</report>
			<report>
				<misses>11065001</misses>
				<total>29</total>
				<timestamp>3868.878131</timestamp>
			</report>
			<report>
				<misses>11066001</misses>
				<total>29</total>
				<timestamp>3869.227779</timestamp>
			</report>
			<report>
				<misses>11067001</misses>
				<total>29</total>
				<timestamp>3869.577474</timestamp>
			</report>
			<report>
				<misses>11068001</misses>
				<total>29</total>
				<timestamp>3869.927102</timestamp>
			</report>
			<report>
				<misses>11069001</misses>
				<total>29</total>
				<timestamp>3870.276771</timestamp>
			</report>
			<report>
				<misses>11070001</misses>
				<total>29</total>
				<timestamp>3870.626420</timestamp>
			</report>
			<report>
				<misses>11071001</misses>
				<total>29</total>
				<timestamp>3870.976034</timestamp>
			</report>
			<report>
				<misses>11072001</misses>
				<total>29</total>
				<timestamp>3871.325688</timestamp>
			</report>
			<report>
				<misses>11073001</misses>
				<total>29</total>
				<timestamp>3871.675319</timestamp>
			</report>
			<report>
				<misses>11074001</misses>
				<total>29</total>
				<timestamp>3872.025029</timestamp>
			</report>
			<report>
				<misses>11075001</misses>
				<total>29</total>
				<timestamp>3872.374636</timestamp>
			</report>
			<report>
				<misses>11076001</misses>
				<total>29</total>
				<timestamp>3872.724320</timestamp>
			</report>
			<report>
				<misses>11077001</misses>
				<total>29</total>
				<timestamp>3873.073916</timestamp>
			</report>
			<report>
				<misses>11078001</misses>
				<total>29</total>
				<timestamp>3873.423614</timestamp>
			</report>
			<report>
				<misses>11079001</misses>
				<total>29</total>
				<timestamp>3873.773233</timestamp>
			</report>
			<report>
				<misses>11080001</misses>
				<total>29</total>
				<timestamp>3874.122885</timestamp>
			</report>
			<report>
				<misses>11081001</misses>
				<total>29</total>
				<timestamp>3874.472568</timestamp>
			</report>
			<report>
				<misses>11082001</misses>
				<total>29</total>
				<timestamp>3874.822184</timestamp>
			</report>
			<report>
				<misses>11083001</misses>
				<total>29</total>
				<timestamp>3875.171836</timestamp>
			</report>
			<report>
				<misses>11084001</misses>
				<total>29</total>
				<timestamp>3875.521501</timestamp>
			</report>
			<report>
				<misses>11085001</misses>
				<total>29</total>
				<timestamp>3875.871202</timestamp>
			</report>
			<report>
				<misses>11086001</misses>
				<total>29</total>
				<timestamp>3876.220819</timestamp>
			</report>
			<report>
				<misses>11087001</misses>
				<total>29</total>
				<timestamp>3876.570461</timestamp>
			</report>
			<report>
				<misses>11088001</misses>
				<total>29</total>
				<timestamp>3876.920090</timestamp>
			</report>
			<report>
				<misses>11089001</misses>
				<total>29</total>
				<timestamp>3877.269742</timestamp>
			</report>
			<report>
				<misses>11090001</misses>
				<total>29</total>
				<timestamp>3877.619393</timestamp>
			</report>
			<report>
				<misses>11091001</misses>
				<total>29</total>
				<timestamp>3877.969025</timestamp>
			</report>
			<report>
				<misses>11092001</misses>
				<total>29</total>
				<timestamp>3878.318706</timestamp>
			</report>
			<report>
				<misses>11093001</misses>
				<total>29</total>
				<timestamp>3878.668339</timestamp>
			</report>
			<report>
				<misses>11094001</misses>
				<total>29</total>
				<timestamp>3879.017978</timestamp>
			</report>
			<report>
				<misses>11095001</misses>
				<total>29</total>
				<timestamp>3879.367641</timestamp>
			</report>
			<report>
				<misses>11096001</misses>
				<total>29</total>
				<timestamp>3879.717276</timestamp>
			</report>
			<report>
				<misses>11097001</misses>
				<total>29</total>
				<timestamp>3880.066940</timestamp>
			</report>
			<report>
				<misses>11098001</misses>
				<total>29</total>
				<timestamp>3880.416642</timestamp>
			</report>
			<report>
				<misses>11099001</misses>
				<total>29</total>
				<timestamp>3880.766243</timestamp>
			</report>
			<report>
				<misses>11100001</misses>
				<total>29</total>
				<timestamp>3881.115901</timestamp>
			</report>
			<report>
				<misses>11101001</misses>
				<total>29</total>
				<timestamp>3881.465575</timestamp>
			</report>
			<report>
				<misses>11102001</misses>
				<total>29</total>
				<timestamp>3881.815196</timestamp>
			</report>
			<report>
				<misses>11103001</misses>
				<total>29</total>
				<timestamp>3882.164849</timestamp>
			</report>
			<report>
				<misses>11104001</misses>
				<total>29</total>
				<timestamp>3882.514496</timestamp>
			</report>
			<report>
				<misses>11105001</misses>
				<total>29</total>
				<timestamp>3882.864122</timestamp>
			</report>
			<report>
				<misses>11106001</misses>
				<total>29</total>
				<timestamp>3883.213804</timestamp>
			</report>
			<report>
				<misses>11107001</misses>
				<total>29</total>
				<timestamp>3883.563440</timestamp>
			</report>
			<report>
				<misses>11108001</misses>
				<total>29</total>
				<timestamp>3883.913081</timestamp>
			</report>
			<report>
				<misses>11109001</misses>
				<total>29</total>
				<timestamp>3884.262725</timestamp>
			</report>
			<report>
				<misses>11110001</misses>
				<total>29</total>
				<timestamp>3884.612419</timestamp>
			</report>
			<report>
				<misses>11111001</misses>
				<total>29</total>
				<timestamp>3884.962066</timestamp>
			</report>
			<report>
				<misses>11112001</misses>
				<total>29</total>
				<timestamp>3885.311696</timestamp>
			</report>
			<report>
				<misses>11113001</misses>
				<total>29</total>
				<timestamp>3885.661338</timestamp>
			</report>
			<report>
				<misses>11114001</misses>
				<total>29</total>
				<timestamp>3886.011000</timestamp>
			</report>
			<report>
				<misses>11115001</misses>
				<total>29</total>
				<timestamp>3886.360620</timestamp>
			</report>
			<report>
				<misses>11116001</misses>
				<total>29</total>
				<timestamp>3886.710299</timestamp>
			</report>
			<report>
				<misses>11117001</misses>
				<total>29</total>
				<timestamp>3887.059950</timestamp>
			</report>
			<report>
				<misses>11118001</misses>
				<total>29</total>
				<timestamp>3887.409595</timestamp>
			</report>
			<report>
				<misses>11119001</misses>
				<total>29</total>
				<timestamp>3887.759234</timestamp>
			</report>
			<report>
				<misses>11120001</misses>
				<total>29</total>
				<timestamp>3888.108894</timestamp>
			</report>
			<report>
				<misses>11121001</misses>
				<total>29</total>
				<timestamp>3888.458588</timestamp>
			</report>
			<report>
				<misses>11122001</misses>
				<total>29</total>
				<timestamp>3888.808202</timestamp>
			</report>
			<report>
				<misses>11123001</misses>
				<total>29</total>
				<timestamp>3889.157849</timestamp>
			</report>
			<report>
				<misses>11124001</misses>
				<total>29</total>
				<timestamp>3889.507517</timestamp>
			</report>
			<report>
				<misses>11125001</misses>
				<total>29</total>
				<timestamp>3889.857141</timestamp>
			</report>
			<report>
				<misses>11126001</misses>
				<total>29</total>
				<timestamp>3890.206785</timestamp>
			</report>
			<report>
				<misses>11127001</misses>
				<total>29</total>
				<timestamp>3890.556460</timestamp>
			</report>
			<report>
				<misses>11128001</misses>
				<total>29</total>
				<timestamp>3890.906072</timestamp>
			</report>
			<report>
				<misses>11129001</misses>
				<total>29</total>
				<timestamp>3891.255791</timestamp>
			</report>
			<report>
				<misses>11130001</misses>
				<total>29</total>
				<timestamp>3891.605396</timestamp>
			</report>
			<report>
				<misses>11131001</misses>
				<total>29</total>
				<timestamp>3891.955051</timestamp>
			</report>
			<report>
				<misses>11132001</misses>
				<total>29</total>
				<timestamp>3892.304741</timestamp>
			</report>
			<report>
				<misses>11133001</misses>
				<total>29</total>
				<timestamp>3892.654369</timestamp>
			</report>
			<report>
				<misses>11134001</misses>
				<total>29</total>
				<timestamp>3893.003994</timestamp>
			</report>
			<report>
				<misses>11135001</misses>
				<total>29</total>
				<timestamp>3893.353675</timestamp>
			</report>
			<report>
				<misses>11136001</misses>
				<total>29</total>
				<timestamp>3893.703365</timestamp>
			</report>
			<report>
				<misses>11137001</misses>
				<total>29</total>
				<timestamp>3894.052931</timestamp>
			</report>
			<report>
				<misses>11138001</misses>
				<total>29</total>
				<timestamp>3894.402582</timestamp>
			</report>
			<report>
				<misses>11139001</misses>
				<total>29</total>
				<timestamp>3894.752273</timestamp>
			</report>
			<report>
				<misses>11140001</misses>
				<total>29</total>
				<timestamp>3895.101898</timestamp>
			</report>
			<report>
				<misses>11141001</misses>
				<total>29</total>
				<timestamp>3895.451540</timestamp>
			</report>
			<report>
				<misses>11142001</misses>
				<total>29</total>
				<timestamp>3895.801188</timestamp>
			</report>
			<report>
				<misses>11143001</misses>
				<total>29</total>
				<timestamp>3896.150879</timestamp>
			</report>
			<report>
				<misses>11144001</misses>
				<total>29</total>
				<timestamp>3896.500527</timestamp>
			</report>
			<report>
				<misses>11145001</misses>
				<total>29</total>
				<timestamp>3896.850138</timestamp>
			</report>
			<report>
				<misses>11146001</misses>
				<total>29</total>
				<timestamp>3897.199794</timestamp>
			</report>
			<report>
				<misses>11147001</misses>
				<total>29</total>
				<timestamp>3897.549491</timestamp>
			</report>
			<report>
				<misses>11148001</misses>
				<total>29</total>
				<timestamp>3897.899106</timestamp>
			</report>
			<report>
				<misses>11149001</misses>
				<total>29</total>
				<timestamp>3898.248737</timestamp>
			</report>
			<report>
				<misses>11150001</misses>
				<total>29</total>
				<timestamp>3898.598397</timestamp>
			</report>
			<report>
				<misses>11151001</misses>
				<total>29</total>
				<timestamp>3898.948051</timestamp>
			</report>
			<report>
				<misses>11152001</misses>
				<total>29</total>
				<timestamp>3899.297720</timestamp>
			</report>
			<report>
				<misses>11153001</misses>
				<total>29</total>
				<timestamp>3899.647354</timestamp>
			</report>
			<report>
				<misses>11154001</misses>
				<total>29</total>
				<timestamp>3899.996966</timestamp>
			</report>
			<report>
				<misses>11155001</misses>
				<total>29</total>
				<timestamp>3900.346637</timestamp>
			</report>
			<report>
				<misses>11156001</misses>
				<total>29</total>
				<timestamp>3900.696370</timestamp>
			</report>
			<report>
				<misses>11157001</misses>
				<total>29</total>
				<timestamp>3901.045928</timestamp>
			</report>
			<report>
				<misses>11158001</misses>
				<total>29</total>
				<timestamp>3901.395611</timestamp>
			</report>
			<report>
				<misses>11159001</misses>
				<total>29</total>
				<timestamp>3901.745309</timestamp>
			</report>
			<report>
				<misses>11160001</misses>
				<total>29</total>
				<timestamp>3902.094874</timestamp>
			</report>
			<report>
				<misses>11161001</misses>
				<total>29</total>
				<timestamp>3902.444522</timestamp>
			</report>
			<report>
				<misses>11162001</misses>
				<total>29</total>
				<timestamp>3902.794204</timestamp>
			</report>
			<report>
				<misses>11163001</misses>
				<total>29</total>
				<timestamp>3903.143827</timestamp>
			</report>
			<report>
				<misses>11164001</misses>
				<total>29</total>
				<timestamp>3903.493518</timestamp>
			</report>
			<report>
				<misses>11165001</misses>
				<total>29</total>
				<timestamp>3903.843132</timestamp>
			</report>
			<report>
				<misses>11166001</misses>
				<total>29</total>
				<timestamp>3904.192792</timestamp>
			</report>
			<report>
				<misses>11167001</misses>
				<total>29</total>
				<timestamp>3904.542473</timestamp>
			</report>
			<report>
				<misses>11168001</misses>
				<total>29</total>
				<timestamp>3904.892108</timestamp>
			</report>
			<report>
				<misses>11169001</misses>
				<total>29</total>
				<timestamp>3905.241734</timestamp>
			</report>
			<report>
				<misses>11170001</misses>
				<total>29</total>
				<timestamp>3905.591409</timestamp>
			</report>
			<report>
				<misses>11171001</misses>
				<total>29</total>
				<timestamp>3905.941042</timestamp>
			</report>
			<report>
				<misses>11172001</misses>
				<total>29</total>
				<timestamp>3906.290692</timestamp>
			</report>
			<report>
				<misses>11173001</misses>
				<total>29</total>
				<timestamp>3906.640350</timestamp>
			</report>
			<report>
				<misses>11174001</misses>
				<total>29</total>
				<timestamp>3906.989990</timestamp>
			</report>
			<report>
				<misses>11175001</misses>
				<total>29</total>
				<timestamp>3907.339634</timestamp>
			</report>
			<report>
				<misses>11176001</misses>
				<total>29</total>
				<timestamp>3907.689330</timestamp>
			</report>
			<report>
				<misses>11177001</misses>
				<total>29</total>
				<timestamp>3908.038934</timestamp>
			</report>
			<report>
				<misses>11178001</misses>
				<total>29</total>
				<timestamp>3908.388593</timestamp>
			</report>
			<report>
				<misses>11179001</misses>
				<total>29</total>
				<timestamp>3908.738271</timestamp>
			</report>
			<report>
				<misses>11180001</misses>
				<total>29</total>
				<timestamp>3909.087885</timestamp>
			</report>
			<report>
				<misses>11181001</misses>
				<total>29</total>
				<timestamp>3909.437545</timestamp>
			</report>
			<report>
				<misses>11182001</misses>
				<total>29</total>
				<timestamp>3909.787241</timestamp>
			</report>
			<report>
				<misses>11183001</misses>
				<total>29</total>
				<timestamp>3910.136840</timestamp>
			</report>
			<report>
				<misses>11184001</misses>
				<total>29</total>
				<timestamp>3910.486515</timestamp>
			</report>
			<report>
				<misses>11185001</misses>
				<total>29</total>
				<timestamp>3910.836141</timestamp>
			</report>
			<report>
				<misses>11186001</misses>
				<total>29</total>
				<timestamp>3911.185787</timestamp>
			</report>
			<report>
				<misses>11187001</misses>
				<total>29</total>
				<timestamp>3911.535430</timestamp>
			</report>
			<report>
				<misses>11188001</misses>
				<total>29</total>
				<timestamp>3911.885101</timestamp>
			</report>
			<report>
				<misses>11189001</misses>
				<total>29</total>
				<timestamp>3912.234750</timestamp>
			</report>
			<report>
				<misses>11190001</misses>
				<total>29</total>
				<timestamp>3912.584450</timestamp>
			</report>
			<report>
				<misses>11191001</misses>
				<total>29</total>
				<timestamp>3912.934040</timestamp>
			</report>
			<report>
				<misses>11192001</misses>
				<total>29</total>
				<timestamp>3913.283688</timestamp>
			</report>
			<report>
				<misses>11193001</misses>
				<total>29</total>
				<timestamp>3913.633403</timestamp>
			</report>
			<report>
				<misses>11194001</misses>
				<total>29</total>
				<timestamp>3913.982993</timestamp>
			</report>
			<report>
				<misses>11195001</misses>
				<total>29</total>
				<timestamp>3914.332630</timestamp>
			</report>
			<report>
				<misses>11196001</misses>
				<total>29</total>
				<timestamp>3914.682325</timestamp>
			</report>
			<report>
				<misses>11197001</misses>
				<total>29</total>
				<timestamp>3915.031926</timestamp>
			</report>
			<report>
				<misses>11198001</misses>
				<total>29</total>
				<timestamp>3915.381584</timestamp>
			</report>
			<report>
				<misses>11199001</misses>
				<total>29</total>
				<timestamp>3915.731266</timestamp>
			</report>
			<report>
				<misses>11200001</misses>
				<total>29</total>
				<timestamp>3916.080888</timestamp>
			</report>
			<report>
				<misses>11201001</misses>
				<total>29</total>
				<timestamp>3916.430539</timestamp>
			</report>
			<report>
				<misses>11202001</misses>
				<total>29</total>
				<timestamp>3916.780220</timestamp>
			</report>
			<report>
				<misses>11203001</misses>
				<total>29</total>
				<timestamp>3917.129833</timestamp>
			</report>
			<report>
				<misses>11204001</misses>
				<total>29</total>
				<timestamp>3917.479478</timestamp>
			</report>
			<report>
				<misses>11205001</misses>
				<total>29</total>
				<timestamp>3917.829164</timestamp>
			</report>
			<report>
				<misses>11206001</misses>
				<total>29</total>
				<timestamp>3918.178818</timestamp>
			</report>
			<report>
				<misses>11207001</misses>
				<total>29</total>
				<timestamp>3918.528454</timestamp>
			</report>
			<report>
				<misses>11208001</misses>
				<total>29</total>
				<timestamp>3918.878110</timestamp>
			</report>
			<report>
				<misses>11209001</misses>
				<total>29</total>
				<timestamp>3919.227731</timestamp>
			</report>
			<report>
				<misses>11210001</misses>
				<total>29</total>
				<timestamp>3919.577403</timestamp>
			</report>
			<report>
				<misses>11211001</misses>
				<total>29</total>
				<timestamp>3919.927038</timestamp>
			</report>
			<report>
				<misses>11212001</misses>
				<total>29</total>
				<timestamp>3920.276681</timestamp>
			</report>
			<report>
				<misses>11213001</misses>
				<total>29</total>
				<timestamp>3920.626346</timestamp>
			</report>
			<report>
				<misses>11214001</misses>
				<total>29</total>
				<timestamp>3920.975974</timestamp>
			</report>
			<report>
				<misses>11215001</misses>
				<total>29</total>
				<timestamp>3921.325633</timestamp>
			</report>
			<report>
				<misses>11216001</misses>
				<total>29</total>
				<timestamp>3921.675348</timestamp>
			</report>
			<report>
				<misses>11217001</misses>
				<total>29</total>
				<timestamp>3922.024928</timestamp>
			</report>
			<report>
				<misses>11218001</misses>
				<total>29</total>
				<timestamp>3922.374624</timestamp>
			</report>
			<report>
				<misses>11219001</misses>
				<total>29</total>
				<timestamp>3922.724226</timestamp>
			</report>
			<report>
				<misses>11220001</misses>
				<total>29</total>
				<timestamp>3923.073881</timestamp>
			</report>
			<report>
				<misses>11221001</misses>
				<total>29</total>
				<timestamp>3923.423513</timestamp>
			</report>
			<report>
				<misses>11222001</misses>
				<total>29</total>
				<timestamp>3923.773198</timestamp>
			</report>
			<report>
				<misses>11223001</misses>
				<total>29</total>
				<timestamp>3924.122840</timestamp>
			</report>
			<report>
				<misses>11224001</misses>
				<total>29</total>
				<timestamp>3924.472491</timestamp>
			</report>
			<report>
				<misses>11225001</misses>
				<total>29</total>
				<timestamp>3924.822187</timestamp>
			</report>
			<report>
				<misses>11226001</misses>
				<total>29</total>
				<timestamp>3925.171783</timestamp>
			</report>
			<report>
				<misses>11227001</misses>
				<total>29</total>
				<timestamp>3925.521476</timestamp>
			</report>
			<report>
				<misses>11228001</misses>
				<total>29</total>
				<timestamp>3925.871131</timestamp>
			</report>
			<report>
				<misses>11229001</misses>
				<total>29</total>
				<timestamp>3926.220730</timestamp>
			</report>
			<report>
				<misses>11230001</misses>
				<total>29</total>
				<timestamp>3926.570408</timestamp>
			</report>
			<report>
				<misses>11231001</misses>
				<total>29</total>
				<timestamp>3926.920035</timestamp>
			</report>
			<report>
				<misses>11232001</misses>
				<total>29</total>
				<timestamp>3927.269710</timestamp>
			</report>
			<report>
				<misses>11233001</misses>
				<total>29</total>
				<timestamp>3927.619338</timestamp>
			</report>
			<report>
				<misses>11234001</misses>
				<total>29</total>
				<timestamp>3927.968994</timestamp>
			</report>
			<report>
				<misses>11235001</misses>
				<total>29</total>
				<timestamp>3928.318632</timestamp>
			</report>
			<report>
				<misses>11236001</misses>
				<total>29</total>
				<timestamp>3928.668294</timestamp>
			</report>
			<report>
				<misses>11237001</misses>
				<total>29</total>
				<timestamp>3929.017941</timestamp>
			</report>
			<report>
				<misses>11238001</misses>
				<total>29</total>
				<timestamp>3929.367591</timestamp>
			</report>
			<report>
				<misses>11239001</misses>
				<total>29</total>
				<timestamp>3929.717259</timestamp>
			</report>
			<report>
				<misses>11240001</misses>
				<total>29</total>
				<timestamp>3930.066908</timestamp>
			</report>
			<report>
				<misses>11241001</misses>
				<total>29</total>
				<timestamp>3930.416543</timestamp>
			</report>
			<report>
				<misses>11242001</misses>
				<total>29</total>
				<timestamp>3930.766218</timestamp>
			</report>
			<report>
				<misses>11243001</misses>
				<total>29</total>
				<timestamp>3931.115843</timestamp>
			</report>
			<report>
				<misses>11244001</misses>
				<total>29</total>
				<timestamp>3931.465516</timestamp>
			</report>
			<report>
				<misses>11245001</misses>
				<total>29</total>
				<timestamp>3931.815163</timestamp>
			</report>
			<report>
				<misses>11246001</misses>
				<total>29</total>
				<timestamp>3932.164795</timestamp>
			</report>
			<report>
				<misses>11247001</misses>
				<total>29</total>
				<timestamp>3932.514448</timestamp>
			</report>
			<report>
				<misses>11248001</misses>
				<total>29</total>
				<timestamp>3932.864164</timestamp>
			</report>
			<report>
				<misses>11249001</misses>
				<total>29</total>
				<timestamp>3933.213769</timestamp>
			</report>
			<report>
				<misses>11250001</misses>
				<total>29</total>
				<timestamp>3933.563412</timestamp>
			</report>
			<report>
				<misses>11251001</misses>
				<total>29</total>
				<timestamp>3933.913021</timestamp>
			</report>
			<report>
				<misses>11252001</misses>
				<total>29</total>
				<timestamp>3934.262723</timestamp>
			</report>
			<report>
				<misses>11253001</misses>
				<total>29</total>
				<timestamp>3934.612351</timestamp>
			</report>
			<report>
				<misses>11254001</misses>
				<total>29</total>
				<timestamp>3934.961987</timestamp>
			</report>
			<report>
				<misses>11255001</misses>
				<total>29</total>
				<timestamp>3935.311637</timestamp>
			</report>
			<report>
				<misses>11256001</misses>
				<total>29</total>
				<timestamp>3935.661295</timestamp>
			</report>
			<report>
				<misses>11257001</misses>
				<total>29</total>
				<timestamp>3936.010962</timestamp>
			</report>
			<report>
				<misses>11258001</misses>
				<total>29</total>
				<timestamp>3936.360602</timestamp>
			</report>
			<report>
				<misses>11259001</misses>
				<total>29</total>
				<timestamp>3936.710241</timestamp>
			</report>
			<report>
				<misses>11260001</misses>
				<total>29</total>
				<timestamp>3937.059895</timestamp>
			</report>
			<report>
				<misses>11261001</misses>
				<total>29</total>
				<timestamp>3937.409602</timestamp>
			</report>
			<report>
				<misses>11262001</misses>
				<total>29</total>
				<timestamp>3937.759234</timestamp>
			</report>
			<report>
				<misses>11263001</misses>
				<total>29</total>
				<timestamp>3938.108838</timestamp>
			</report>
			<report>
				<misses>11264001</misses>
				<total>29</total>
				<timestamp>3938.458507</timestamp>
			</report>
			<report>
				<misses>11265001</misses>
				<total>29</total>
				<timestamp>3938.808123</timestamp>
			</report>
			<report>
				<misses>11266001</misses>
				<total>29</total>
				<timestamp>3939.157800</timestamp>
			</report>
			<report>
				<misses>11267001</misses>
				<total>29</total>
				<timestamp>3939.507468</timestamp>
			</report>
			<report>
				<misses>11268001</misses>
				<total>29</total>
				<timestamp>3939.857110</timestamp>
			</report>
			<report>
				<misses>11269001</misses>
				<total>29</total>
				<timestamp>3940.206730</timestamp>
			</report>
			<report>
				<misses>11270001</misses>
				<total>29</total>
				<timestamp>3940.556384</timestamp>
			</report>
			<report>
				<misses>11271001</misses>
				<total>29</total>
				<timestamp>3940.906098</timestamp>
			</report>
			<report>
				<misses>11272001</misses>
				<total>29</total>
				<timestamp>3941.255682</timestamp>
			</report>
			<report>
				<misses>11273001</misses>
				<total>29</total>
				<timestamp>3941.605405</timestamp>
			</report>
			<report>
				<misses>11274001</misses>
				<total>29</total>
				<timestamp>3941.955036</timestamp>
			</report>
			<report>
				<misses>11275001</misses>
				<total>29</total>
				<timestamp>3942.304657</timestamp>
			</report>
			<report>
				<misses>11276001</misses>
				<total>29</total>
				<timestamp>3942.654328</timestamp>
			</report>
			<report>
				<misses>11277001</misses>
				<total>29</total>
				<timestamp>3943.003929</timestamp>
			</report>
			<report>
				<misses>11278001</misses>
				<total>29</total>
				<timestamp>3943.353628</timestamp>
			</report>
			<report>
				<misses>11279001</misses>
				<total>29</total>
				<timestamp>3943.703267</timestamp>
			</report>
			<report>
				<misses>11280001</misses>
				<total>29</total>
				<timestamp>3944.052899</timestamp>
			</report>
			<report>
				<misses>11281001</misses>
				<total>29</total>
				<timestamp>3944.402528</timestamp>
			</report>
			<report>
				<misses>11282001</misses>
				<total>29</total>
				<timestamp>3944.752181</timestamp>
			</report>
			<report>
				<misses>11283001</misses>
				<total>29</total>
				<timestamp>3945.101841</timestamp>
			</report>
			<report>
				<misses>11284001</misses>
				<total>29</total>
				<timestamp>3945.451475</timestamp>
			</report>
			<report>
				<misses>11285001</misses>
				<total>29</total>
				<timestamp>3945.801160</timestamp>
			</report>
			<report>
				<misses>11286001</misses>
				<total>29</total>
				<timestamp>3946.150786</timestamp>
			</report>
			<report>
				<misses>11287001</misses>
				<total>29</total>
				<timestamp>3946.500436</timestamp>
			</report>
			<report>
				<misses>11288001</misses>
				<total>29</total>
				<timestamp>3946.850096</timestamp>
			</report>
			<report>
				<misses>11289001</misses>
				<total>29</total>
				<timestamp>3947.199730</timestamp>
			</report>
			<report>
				<misses>11290001</misses>
				<total>29</total>
				<timestamp>3947.549391</timestamp>
			</report>
			<report>
				<misses>11291001</misses>
				<total>29</total>
				<timestamp>3947.899087</timestamp>
			</report>
			<report>
				<misses>11292001</misses>
				<total>29</total>
				<timestamp>3948.248679</timestamp>
			</report>
			<report>
				<misses>11293001</misses>
				<total>29</total>
				<timestamp>3948.598377</timestamp>
			</report>
			<report>
				<misses>11294001</misses>
				<total>29</total>
				<timestamp>3948.948037</timestamp>
			</report>
			<report>
				<misses>11295001</misses>
				<total>29</total>
				<timestamp>3949.297638</timestamp>
			</report>
			<report>
				<misses>11296001</misses>
				<total>29</total>
				<timestamp>3949.647315</timestamp>
			</report>
			<report>
				<misses>11297001</misses>
				<total>29</total>
				<timestamp>3949.997002</timestamp>
			</report>
			<report>
				<misses>11298001</misses>
				<total>29</total>
				<timestamp>3950.346576</timestamp>
			</report>
			<report>
				<misses>11299001</misses>
				<total>29</total>
				<timestamp>3950.696254</timestamp>
			</report>
			<report>
				<misses>11300001</misses>
				<total>29</total>
				<timestamp>3951.045914</timestamp>
			</report>
			<report>
				<misses>11301001</misses>
				<total>29</total>
				<timestamp>3951.395521</timestamp>
			</report>
			<report>
				<misses>11302001</misses>
				<total>29</total>
				<timestamp>3951.745204</timestamp>
			</report>
			<report>
				<misses>11303001</misses>
				<total>29</total>
				<timestamp>3952.094845</timestamp>
			</report>
			<report>
				<misses>11304001</misses>
				<total>29</total>
				<timestamp>3952.444474</timestamp>
			</report>
			<report>
				<misses>11305001</misses>
				<total>29</total>
				<timestamp>3952.794141</timestamp>
			</report>
			<report>
				<misses>11306001</misses>
				<total>29</total>
				<timestamp>3953.143792</timestamp>
			</report>
			<report>
				<misses>11307001</misses>
				<total>29</total>
				<timestamp>3953.493479</timestamp>
			</report>
			<report>
				<misses>11308001</misses>
				<total>29</total>
				<timestamp>3953.843114</timestamp>
			</report>
			<report>
				<misses>11309001</misses>
				<total>29</total>
				<timestamp>3954.192731</timestamp>
			</report>
			<report>
				<misses>11310001</misses>
				<total>29</total>
				<timestamp>3954.542379</timestamp>
			</report>
			<report>
				<misses>11311001</misses>
				<total>29</total>
				<timestamp>3954.892060</timestamp>
			</report>
			<report>
				<misses>11312001</misses>
				<total>29</total>
				<timestamp>3955.241699</timestamp>
			</report>
			<report>
				<misses>11313001</misses>
				<total>29</total>
				<timestamp>3955.591399</timestamp>
			</report>
			<report>
				<misses>11314001</misses>
				<total>29</total>
				<timestamp>3955.941016</timestamp>
			</report>
			<report>
				<misses>11315001</misses>
				<total>29</total>
				<timestamp>3956.290669</timestamp>
			</report>
			<report>
				<misses>11316001</misses>
				<total>29</total>
				<timestamp>3956.640288</timestamp>
			</report>
			<report>
				<misses>11317001</misses>
				<total>29</total>
				<timestamp>3956.989968</timestamp>
			</report>
			<report>
				<misses>11318001</misses>
				<total>29</total>
				<timestamp>3957.339660</timestamp>
			</report>
			<report>
				<misses>11319001</misses>
				<total>29</total>
				<timestamp>3957.689228</timestamp>
			</report>
			<report>
				<misses>11320001</misses>
				<total>29</total>
				<timestamp>3958.038928</timestamp>
			</report>
			<report>
				<misses>11321001</misses>
				<total>29</total>
				<timestamp>3958.388539</timestamp>
			</report>
			<report>
				<misses>11322001</misses>
				<total>29</total>
				<timestamp>3958.738216</timestamp>
			</report>
			<report>
				<misses>11323001</misses>
				<total>29</total>
				<timestamp>3959.087854</timestamp>
			</report>
			<report>
				<misses>11324001</misses>
				<total>29</total>
				<timestamp>3959.437481</timestamp>
			</report>
			<report>
				<misses>11325001</misses>
				<total>29</total>
				<timestamp>3959.787147</timestamp>
			</report>
			<report>
				<misses>11326001</misses>
				<total>29</total>
				<timestamp>3960.136790</timestamp>
			</report>
			<report>
				<misses>11327001</misses>
				<total>29</total>
				<timestamp>3960.486426</timestamp>
			</report>
			<report>
				<misses>11328001</misses>
				<total>29</total>
				<timestamp>3960.836129</timestamp>
			</report>
			<report>
				<misses>11329001</misses>
				<total>29</total>
				<timestamp>3961.185757</timestamp>
			</report>
			<report>
				<misses>11330001</misses>
				<total>29</total>
				<timestamp>3961.535376</timestamp>
			</report>
			<report>
				<misses>11331001</misses>
				<total>29</total>
				<timestamp>3961.885120</timestamp>
			</report>
			<report>
				<misses>11332001</misses>
				<total>29</total>
				<timestamp>3962.234688</timestamp>
			</report>
			<report>
				<misses>11333001</misses>
				<total>29</total>
				<timestamp>3962.584333</timestamp>
			</report>
			<report>
				<misses>11334001</misses>
				<total>29</total>
				<timestamp>3962.933979</timestamp>
			</report>
			<report>
				<misses>11335001</misses>
				<total>29</total>
				<timestamp>3963.283638</timestamp>
			</report>
			<report>
				<misses>11336001</misses>
				<total>29</total>
				<timestamp>3963.633277</timestamp>
			</report>
			<report>
				<misses>11337001</misses>
				<total>29</total>
				<timestamp>3963.982985</timestamp>
			</report>
			<report>
				<misses>11338001</misses>
				<total>29</total>
				<timestamp>3964.332590</timestamp>
			</report>
			<report>
				<misses>11339001</misses>
				<total>29</total>
				<timestamp>3964.682234</timestamp>
			</report>
			<report>
				<misses>11340001</misses>
				<total>29</total>
				<timestamp>3965.031932</timestamp>
			</report>
			<report>
				<misses>11341001</misses>
				<total>29</total>
				<timestamp>3965.381532</timestamp>
			</report>
			<report>
				<misses>11342001</misses>
				<total>29</total>
				<timestamp>3965.731179</timestamp>
			</report>
			<report>
				<misses>11343001</misses>
				<total>29</total>
				<timestamp>3966.080868</timestamp>
			</report>
			<report>
				<misses>11344001</misses>
				<total>29</total>
				<timestamp>3966.430490</timestamp>
			</report>
			<report>
				<misses>11345001</misses>
				<total>29</total>
				<timestamp>3966.780127</timestamp>
			</report>
			<report>
				<misses>11346001</misses>
				<total>29</total>
				<timestamp>3967.129797</timestamp>
			</report>
			<report>
				<misses>11347001</misses>
				<total>29</total>
				<timestamp>3967.479455</timestamp>
			</report>
			<report>
				<misses>11348001</misses>
				<total>29</total>
				<timestamp>3967.829116</timestamp>
			</report>
			<report>
				<misses>11349001</misses>
				<total>29</total>
				<timestamp>3968.178725</timestamp>
			</report>
			<report>
				<misses>11350001</misses>
				<total>29</total>
				<timestamp>3968.528389</timestamp>
			</report>
			<report>
				<misses>11351001</misses>
				<total>29</total>
				<timestamp>3968.878059</timestamp>
			</report>
			<report>
				<misses>11352001</misses>
				<total>29</total>
				<timestamp>3969.227675</timestamp>
			</report>
			<report>
				<misses>11353001</misses>
				<total>29</total>
				<timestamp>3969.577348</timestamp>
			</report>
			<report>
				<misses>11354001</misses>
				<total>29</total>
				<timestamp>3969.927008</timestamp>
			</report>
			<report>
				<misses>11355001</misses>
				<total>29</total>
				<timestamp>3970.276634</timestamp>
			</report>
			<report>
				<misses>11356001</misses>
				<total>29</total>
				<timestamp>3970.626289</timestamp>
			</report>
			<report>
				<misses>11357001</misses>
				<total>29</total>
				<timestamp>3970.975963</timestamp>
			</report>
			<report>
				<misses>11358001</misses>
				<total>29</total>
				<timestamp>3971.325583</timestamp>
			</report>
			<report>
				<misses>11359001</misses>
				<total>29</total>
				<timestamp>3971.675229</timestamp>
			</report>
			<report>
				<misses>11360001</misses>
				<total>29</total>
				<timestamp>3972.024896</timestamp>
			</report>
			<report>
				<misses>11361001</misses>
				<total>29</total>
				<timestamp>3972.374546</timestamp>
			</report>
			<report>
				<misses>11362001</misses>
				<total>29</total>
				<timestamp>3972.724234</timestamp>
			</report>
			<report>
				<misses>11363001</misses>
				<total>29</total>
				<timestamp>3973.073868</timestamp>
			</report>
			<report>
				<misses>11364001</misses>
				<total>29</total>
				<timestamp>3973.423465</timestamp>
			</report>
			<report>
				<misses>11365001</misses>
				<total>29</total>
				<timestamp>3973.773176</timestamp>
			</report>
			<report>
				<misses>11366001</misses>
				<total>29</total>
				<timestamp>3974.122792</timestamp>
			</report>
			<report>
				<misses>11367001</misses>
				<total>29</total>
				<timestamp>3974.472435</timestamp>
			</report>
			<report>
				<misses>11368001</misses>
				<total>29</total>
				<timestamp>3974.822079</timestamp>
			</report>
			<report>
				<misses>11369001</misses>
				<total>29</total>
				<timestamp>3975.171738</timestamp>
			</report>
			<report>
				<misses>11370001</misses>
				<total>29</total>
				<timestamp>3975.521380</timestamp>
			</report>
			<report>
				<misses>11371001</misses>
				<total>29</total>
				<timestamp>3975.871035</timestamp>
			</report>
			<report>
				<misses>11372001</misses>
				<total>29</total>
				<timestamp>3976.220708</timestamp>
			</report>
			<report>
				<misses>11373001</misses>
				<total>29</total>
				<timestamp>3976.570334</timestamp>
			</report>
			<report>
				<misses>11374001</misses>
				<total>29</total>
				<timestamp>3976.919979</timestamp>
			</report>
			<report>
				<misses>11375001</misses>
				<total>29</total>
				<timestamp>3977.269638</timestamp>
			</report>
			<report>
				<misses>11376001</misses>
				<total>29</total>
				<timestamp>3977.619297</timestamp>
			</report>
			<report>
				<misses>11377001</misses>
				<total>29</total>
				<timestamp>3977.969022</timestamp>
			</report>
			<report>
				<misses>11378001</misses>
				<total>29</total>
				<timestamp>3978.318586</timestamp>
			</report>
			<report>
				<misses>11379001</misses>
				<total>29</total>
				<timestamp>3978.668244</timestamp>
			</report>
			<report>
				<misses>11380001</misses>
				<total>29</total>
				<timestamp>3979.017905</timestamp>
			</report>
			<report>
				<misses>11381001</misses>
				<total>29</total>
				<timestamp>3979.367539</timestamp>
			</report>
			<report>
				<misses>11382001</misses>
				<total>29</total>
				<timestamp>3979.717180</timestamp>
			</report>
			<report>
				<misses>11383001</misses>
				<total>29</total>
				<timestamp>3980.066850</timestamp>
			</report>
			<report>
				<misses>11384001</misses>
				<total>29</total>
				<timestamp>3980.416495</timestamp>
			</report>
			<report>
				<misses>11385001</misses>
				<total>29</total>
				<timestamp>3980.766168</timestamp>
			</report>
			<report>
				<misses>11386001</misses>
				<total>29</total>
				<timestamp>3981.115836</timestamp>
			</report>
			<report>
				<misses>11387001</misses>
				<total>29</total>
				<timestamp>3981.465425</timestamp>
			</report>
			<report>
				<misses>11388001</misses>
				<total>29</total>
				<timestamp>3981.815152</timestamp>
			</report>
			<report>
				<misses>11389001</misses>
				<total>29</total>
				<timestamp>3982.164758</timestamp>
			</report>
			<report>
				<misses>11390001</misses>
				<total>29</total>
				<timestamp>3982.514427</timestamp>
			</report>
			<report>
				<misses>11391001</misses>
				<total>29</total>
				<timestamp>3982.864021</timestamp>
			</report>
			<report>
				<misses>11392001</misses>
				<total>29</total>
				<timestamp>3983.213686</timestamp>
			</report>
			<report>
				<misses>11393001</misses>
				<total>29</total>
				<timestamp>3983.563328</timestamp>
			</report>
			<report>
				<misses>11394001</misses>
				<total>29</total>
				<timestamp>3983.912992</timestamp>
			</report>
			<report>
				<misses>11395001</misses>
				<total>29</total>
				<timestamp>3984.262639</timestamp>
			</report>
			<report>
				<misses>11396001</misses>
				<total>29</total>
				<timestamp>3984.612281</timestamp>
			</report>
			<report>
				<misses>11397001</misses>
				<total>29</total>
				<timestamp>3984.961935</timestamp>
			</report>
			<report>
				<misses>11398001</misses>
				<total>29</total>
				<timestamp>3985.311619</timestamp>
			</report>
			<report>
				<misses>11399001</misses>
				<total>29</total>
				<timestamp>3985.661259</timestamp>
			</report>
			<report>
				<misses>11400001</misses>
				<total>29</total>
				<timestamp>3986.010922</timestamp>
			</report>
			<report>
				<misses>11401001</misses>
				<total>29</total>
				<timestamp>3986.360574</timestamp>
			</report>
			<report>
				<misses>11402001</misses>
				<total>29</total>
				<timestamp>3986.710191</timestamp>
			</report>
			<report>
				<misses>11403001</misses>
				<total>29</total>
				<timestamp>3987.059846</timestamp>
			</report>
			<report>
				<misses>11404001</misses>
				<total>29</total>
				<timestamp>3987.409494</timestamp>
			</report>
			<report>
				<misses>11405001</misses>
				<total>29</total>
				<timestamp>3987.759146</timestamp>
			</report>
			<report>
				<misses>11406001</misses>
				<total>29</total>
				<timestamp>3988.108815</timestamp>
			</report>
			<report>
				<misses>11407001</misses>
				<total>29</total>
				<timestamp>3988.458457</timestamp>
			</report>
			<report>
				<misses>11408001</misses>
				<total>29</total>
				<timestamp>3988.808132</timestamp>
			</report>
			<report>
				<misses>11409001</misses>
				<total>29</total>
				<timestamp>3989.157785</timestamp>
			</report>
			<report>
				<misses>11410001</misses>
				<total>29</total>
				<timestamp>3989.507385</timestamp>
			</report>
			<report>
				<misses>11411001</misses>
				<total>29</total>
				<timestamp>3989.857066</timestamp>
			</report>
			<report>
				<misses>11412001</misses>
				<total>29</total>
				<timestamp>3990.206707</timestamp>
			</report>
			<report>
				<misses>11413001</misses>
				<total>29</total>
				<timestamp>3990.556366</timestamp>
			</report>
			<report>
				<misses>11414001</misses>
				<total>29</total>
				<timestamp>3990.905992</timestamp>
			</report>
			<report>
				<misses>11415001</misses>
				<total>29</total>
				<timestamp>3991.255636</timestamp>
			</report>
			<report>
				<misses>11416001</misses>
				<total>29</total>
				<timestamp>3991.605338</timestamp>
			</report>
			<report>
				<misses>11417001</misses>
				<total>29</total>
				<timestamp>3991.954947</timestamp>
			</report>
			<report>
				<misses>11418001</misses>
				<total>29</total>
				<timestamp>3992.304639</timestamp>
			</report>
			<report>
				<misses>11419001</misses>
				<total>29</total>
				<timestamp>3992.654252</timestamp>
			</report>
			<report>
				<misses>11420001</misses>
				<total>29</total>
				<timestamp>3993.003889</timestamp>
			</report>
			<report>
				<misses>11421001</misses>
				<total>29</total>
				<timestamp>3993.353524</timestamp>
			</report>
			<report>
				<misses>11422001</misses>
				<total>29</total>
				<timestamp>3993.703199</timestamp>
			</report>
			<report>
				<misses>11423001</misses>
				<total>29</total>
				<timestamp>3994.052872</timestamp>
			</report>
			<report>
				<misses>11424001</misses>
				<total>29</total>
				<timestamp>3994.402489</timestamp>
			</report>
			<report>
				<misses>11425001</misses>
				<total>29</total>
				<timestamp>3994.752144</timestamp>
			</report>
			<report>
				<misses>11426001</misses>
				<total>29</total>
				<timestamp>3995.101794</timestamp>
			</report>
			<report>
				<misses>11427001</misses>
				<total>29</total>
				<timestamp>3995.451435</timestamp>
			</report>
			<report>
				<misses>11428001</misses>
				<total>29</total>
				<timestamp>3995.801157</timestamp>
			</report>
			<report>
				<misses>11429001</misses>
				<total>29</total>
				<timestamp>3996.150742</timestamp>
			</report>
			<report>
				<misses>11430001</misses>
				<total>29</total>
				<timestamp>3996.500393</timestamp>
			</report>
			<report>
				<misses>11431001</misses>
				<total>29</total>
				<timestamp>3996.850068</timestamp>
			</report>
			<report>
				<misses>11432001</misses>
				<total>29</total>
				<timestamp>3997.199681</timestamp>
			</report>
			<report>
				<misses>11433001</misses>
				<total>29</total>
				<timestamp>3997.549330</timestamp>
			</report>
			<report>
				<misses>11434001</misses>
				<total>29</total>
				<timestamp>3997.898983</timestamp>
			</report>
			<report>
				<misses>11435001</misses>
				<total>29</total>
				<timestamp>3998.248648</timestamp>
			</report>
			<report>
				<misses>11436001</misses>
				<total>29</total>
				<timestamp>3998.598287</timestamp>
			</report>
			<report>
				<misses>11437001</misses>
				<total>29</total>
				<timestamp>3998.947955</timestamp>
			</report>
			<report>
				<misses>11438001</misses>
				<total>29</total>
				<timestamp>3999.297579</timestamp>
			</report>
			<report>
				<misses>11439001</misses>
				<total>29</total>
				<timestamp>3999.647237</timestamp>
			</report>
			<report>
				<misses>11440001</misses>
				<total>29</total>
				<timestamp>3999.996942</timestamp>
			</report>
			<report>
				<misses>11441001</misses>
				<total>29</total>
				<timestamp>4000.346529</timestamp>
			</report>
			<report>
				<misses>11442001</misses>
				<total>29</total>
				<timestamp>4000.696200</timestamp>
			</report>
			<report>
				<misses>11443001</misses>
				<total>29</total>
				<timestamp>4001.045838</timestamp>
			</report>
			<report>
				<misses>11444001</misses>
				<total>29</total>
				<timestamp>4001.395496</timestamp>
			</report>
			<report>
				<misses>11445001</misses>
				<total>29</total>
				<timestamp>4001.745150</timestamp>
			</report>
			<report>
				<misses>11446001</misses>
				<total>29</total>
				<timestamp>4002.094865</timestamp>
			</report>
			<report>
				<misses>11447001</misses>
				<total>29</total>
				<timestamp>4002.444439</timestamp>
			</report>
			<report>
				<misses>11448001</misses>
				<total>29</total>
				<timestamp>4002.794122</timestamp>
			</report>
			<report>
				<misses>11449001</misses>
				<total>29</total>
				<timestamp>4003.143758</timestamp>
			</report>
			<report>
				<misses>11450001</misses>
				<total>29</total>
				<timestamp>4003.493406</timestamp>
			</report>
			<report>
				<misses>11451001</misses>
				<total>29</total>
				<timestamp>4003.843077</timestamp>
			</report>
			<report>
				<misses>11452001</misses>
				<total>29</total>
				<timestamp>4004.192699</timestamp>
			</report>
			<report>
				<misses>11453001</misses>
				<total>29</total>
				<timestamp>4004.542342</timestamp>
			</report>
			<report>
				<misses>11454001</misses>
				<total>29</total>
				<timestamp>4004.891994</timestamp>
			</report>
			<report>
				<misses>11455001</misses>
				<total>29</total>
				<timestamp>4005.241670</timestamp>
			</report>
			<report>
				<misses>11456001</misses>
				<total>29</total>
				<timestamp>4005.591270</timestamp>
			</report>
			<report>
				<misses>11457001</misses>
				<total>29</total>
				<timestamp>4005.940928</timestamp>
			</report>
			<report>
				<misses>11458001</misses>
				<total>29</total>
				<timestamp>4006.290608</timestamp>
			</report>
			<report>
				<misses>11459001</misses>
				<total>29</total>
				<timestamp>4006.640272</timestamp>
			</report>
			<report>
				<misses>11460001</misses>
				<total>29</total>
				<timestamp>4006.989887</timestamp>
			</report>
			<report>
				<misses>11461001</misses>
				<total>29</total>
				<timestamp>4007.339539</timestamp>
			</report>
			<report>
				<misses>11462001</misses>
				<total>29</total>
				<timestamp>4007.689183</timestamp>
			</report>
			<report>
				<misses>11463001</misses>
				<total>29</total>
				<timestamp>4008.038875</timestamp>
			</report>
			<report>
				<misses>11464001</misses>
				<total>29</total>
				<timestamp>4008.388489</timestamp>
			</report>
			<report>
				<misses>11465001</misses>
				<total>29</total>
				<timestamp>4008.738166</timestamp>
			</report>
			<report>
				<misses>11466001</misses>
				<total>29</total>
				<timestamp>4009.087789</timestamp>
			</report>
			<report>
				<misses>11467001</misses>
				<total>29</total>
				<timestamp>4009.437450</timestamp>
			</report>
			<report>
				<misses>11468001</misses>
				<total>29</total>
				<timestamp>4009.787094</timestamp>
			</report>
			<report>
				<misses>11469001</misses>
				<total>29</total>
				<timestamp>4010.136789</timestamp>
			</report>
			<report>
				<misses>11470001</misses>
				<total>29</total>
				<timestamp>4010.486398</timestamp>
			</report>
			<report>
				<misses>11471001</misses>
				<total>29</total>
				<timestamp>4010.836074</timestamp>
			</report>
			<report>
				<misses>11472001</misses>
				<total>29</total>
				<timestamp>4011.185695</timestamp>
			</report>
			<report>
				<misses>11473001</misses>
				<total>29</total>
				<timestamp>4011.535391</timestamp>
			</report>
			<report>
				<misses>11474001</misses>
				<total>29</total>
				<timestamp>4011.885057</timestamp>
			</report>
			<report>
				<misses>11475001</misses>
				<total>29</total>
				<timestamp>4012.234652</timestamp>
			</report>
			<report>
				<misses>11476001</misses>
				<total>29</total>
				<timestamp>4012.584277</timestamp>
			</report>
			<report>
				<misses>11477001</misses>
				<total>29</total>
				<timestamp>4012.933936</timestamp>
			</report>
			<report>
				<misses>11478001</misses>
				<total>29</total>
				<timestamp>4013.283642</timestamp>
			</report>
			<report>
				<misses>11479001</misses>
				<total>29</total>
				<timestamp>4013.633280</timestamp>
			</report>
			<report>
				<misses>11480001</misses>
				<total>29</total>
				<timestamp>4013.982880</timestamp>
			</report>
			<report>
				<misses>11481001</misses>
				<total>29</total>
				<timestamp>4014.332551</timestamp>
			</report>
			<report>
				<misses>11482001</misses>
				<total>29</total>
				<timestamp>4014.682223</timestamp>
			</report>
			<report>
				<misses>11483001</misses>
				<total>29</total>
				<timestamp>4015.031825</timestamp>
			</report>
			<report>
				<misses>11484001</misses>
				<total>29</total>
				<timestamp>4015.381503</timestamp>
			</report>
			<report>
				<misses>11485001</misses>
				<total>29</total>
				<timestamp>4015.731154</timestamp>
			</report>
			<report>
				<misses>11486001</misses>
				<total>29</total>
				<timestamp>4016.080819</timestamp>
			</report>
			<report>
				<misses>11487001</misses>
				<total>29</total>
				<timestamp>4016.430436</timestamp>
			</report>
			<report>
				<misses>11488001</misses>
				<total>29</total>
				<timestamp>4016.780100</timestamp>
			</report>
			<report>
				<misses>11489001</misses>
				<total>29</total>
				<timestamp>4017.129756</timestamp>
			</report>
			<report>
				<misses>11490001</misses>
				<total>29</total>
				<timestamp>4017.479389</timestamp>
			</report>
			<report>
				<misses>11491001</misses>
				<total>29</total>
				<timestamp>4017.829033</timestamp>
			</report>
			<report>
				<misses>11492001</misses>
				<total>29</total>
				<timestamp>4018.178715</timestamp>
			</report>
			<report>
				<misses>11493001</misses>
				<total>29</total>
				<timestamp>4018.528338</timestamp>
			</report>
			<report>
				<misses>11494001</misses>
				<total>29</total>
				<timestamp>4018.877983</timestamp>
			</report>
			<report>
				<misses>11495001</misses>
				<total>29</total>
				<timestamp>4019.227639</timestamp>
			</report>
			<report>
				<misses>11496001</misses>
				<total>29</total>
				<timestamp>4019.577283</timestamp>
			</report>
			<report>
				<misses>11497001</misses>
				<total>29</total>
				<timestamp>4019.926981</timestamp>
			</report>
			<report>
				<misses>11498001</misses>
				<total>29</total>
				<timestamp>4020.276578</timestamp>
			</report>
			<report>
				<misses>11499001</misses>
				<total>29</total>
				<timestamp>4020.626227</timestamp>
			</report>
			<report>
				<misses>11500001</misses>
				<total>29</total>
				<timestamp>4020.975898</timestamp>
			</report>
			<report>
				<misses>11501001</misses>
				<total>29</total>
				<timestamp>4021.325567</timestamp>
			</report>
			<report>
				<misses>11502001</misses>
				<total>29</total>
				<timestamp>4021.675195</timestamp>
			</report>
			<report>
				<misses>11503001</misses>
				<total>29</total>
				<timestamp>4022.024830</timestamp>
			</report>
			<report>
				<misses>11504001</misses>
				<total>29</total>
				<timestamp>4022.374510</timestamp>
			</report>
			<report>
				<misses>11505001</misses>
				<total>29</total>
				<timestamp>4022.724155</timestamp>
			</report>
			<report>
				<misses>11506001</misses>
				<total>29</total>
				<timestamp>4023.073779</timestamp>
			</report>
			<report>
				<misses>11507001</misses>
				<total>29</total>
				<timestamp>4023.423436</timestamp>
			</report>
			<report>
				<misses>11508001</misses>
				<total>29</total>
				<timestamp>4023.773128</timestamp>
			</report>
			<report>
				<misses>11509001</misses>
				<total>29</total>
				<timestamp>4024.122735</timestamp>
			</report>
			<report>
				<misses>11510001</misses>
				<total>29</total>
				<timestamp>4024.472394</timestamp>
			</report>
			<report>
				<misses>11511001</misses>
				<total>29</total>
				<timestamp>4024.822018</timestamp>
			</report>
			<report>
				<misses>11512001</misses>
				<total>29</total>
				<timestamp>4025.171687</timestamp>
			</report>
			<report>
				<misses>11513001</misses>
				<total>29</total>
				<timestamp>4025.521362</timestamp>
			</report>
			<report>
				<misses>11514001</misses>
				<total>29</total>
				<timestamp>4025.870979</timestamp>
			</report>
			<report>
				<misses>11515001</misses>
				<total>29</total>
				<timestamp>4026.220673</timestamp>
			</report>
			<report>
				<misses>11516001</misses>
				<total>29</total>
				<timestamp>4026.570279</timestamp>
			</report>
			<report>
				<misses>11517001</misses>
				<total>29</total>
				<timestamp>4026.919931</timestamp>
			</report>
			<report>
				<misses>11518001</misses>
				<total>29</total>
				<timestamp>4027.269613</timestamp>
			</report>
			<report>
				<misses>11519001</misses>
				<total>29</total>
				<timestamp>4027.619257</timestamp>
			</report>
			<report>
				<misses>11520001</misses>
				<total>29</total>
				<timestamp>4027.968894</timestamp>
			</report>
			<report>
				<misses>11521001</misses>
				<total>29</total>
				<timestamp>4028.318537</timestamp>
			</report>
			<report>
				<misses>11522001</misses>
				<total>29</total>
				<timestamp>4028.668186</timestamp>
			</report>
			<report>
				<misses>11523001</misses>
				<total>29</total>
				<timestamp>4029.017837</timestamp>
			</report>
			<report>
				<misses>11524001</misses>
				<total>29</total>
				<timestamp>4029.367533</timestamp>
			</report>
			<report>
				<misses>11525001</misses>
				<total>29</total>
				<timestamp>4029.717142</timestamp>
			</report>
			<report>
				<misses>11526001</misses>
				<total>29</total>
				<timestamp>4030.066772</timestamp>
			</report>
			<report>
				<misses>11527001</misses>
				<total>29</total>
				<timestamp>4030.416470</timestamp>
			</report>
			<report>
				<misses>11528001</misses>
				<total>29</total>
				<timestamp>4030.766132</timestamp>
			</report>
			<report>
				<misses>11529001</misses>
				<total>29</total>
				<timestamp>4031.115737</timestamp>
			</report>
			<report>
				<misses>11530001</misses>
				<total>29</total>
				<timestamp>4031.465412</timestamp>
			</report>
			<report>
				<misses>11531001</misses>
				<total>29</total>
				<timestamp>4031.815079</timestamp>
			</report>
			<report>
				<misses>11532001</misses>
				<total>29</total>
				<timestamp>4032.164681</timestamp>
			</report>
			<report>
				<misses>11533001</misses>
				<total>29</total>
				<timestamp>4032.514359</timestamp>
			</report>
			<report>
				<misses>11534001</misses>
				<total>29</total>
				<timestamp>4032.864008</timestamp>
			</report>
			<report>
				<misses>11535001</misses>
				<total>29</total>
				<timestamp>4033.213641</timestamp>
			</report>
			<report>
				<misses>11536001</misses>
				<total>29</total>
				<timestamp>4033.563283</timestamp>
			</report>
			<report>
				<misses>11537001</misses>
				<total>29</total>
				<timestamp>4033.912931</timestamp>
			</report>
			<report>
				<misses>11538001</misses>
				<total>29</total>
				<timestamp>4034.262582</timestamp>
			</report>
			<report>
				<misses>11539001</misses>
				<total>29</total>
				<timestamp>4034.612259</timestamp>
			</report>
			<report>
				<misses>11540001</misses>
				<total>29</total>
				<timestamp>4034.961936</timestamp>
			</report>
			<report>
				<misses>11541001</misses>
				<total>29</total>
				<timestamp>4035.311575</timestamp>
			</report>
			<report>
				<misses>11542001</misses>
				<total>29</total>
				<timestamp>4035.661200</timestamp>
			</report>
			<report>
				<misses>11543001</misses>
				<total>29</total>
				<timestamp>4036.010857</timestamp>
			</report>
			<report>
				<misses>11544001</misses>
				<total>29</total>
				<timestamp>4036.360508</timestamp>
			</report>
			<report>
				<misses>11545001</misses>
				<total>29</total>
				<timestamp>4036.710147</timestamp>
			</report>
			<report>
				<misses>11546001</misses>
				<total>29</total>
				<timestamp>4037.059800</timestamp>
			</report>
			<report>
				<misses>11547001</misses>
				<total>29</total>
				<timestamp>4037.409449</timestamp>
			</report>
			<report>
				<misses>11548001</misses>
				<total>29</total>
				<timestamp>4037.759095</timestamp>
			</report>
			<report>
				<misses>11549001</misses>
				<total>29</total>
				<timestamp>4038.108748</timestamp>
			</report>
			<report>
				<misses>11550001</misses>
				<total>29</total>
				<timestamp>4038.458400</timestamp>
			</report>
			<report>
				<misses>11551001</misses>
				<total>29</total>
				<timestamp>4038.808060</timestamp>
			</report>
			<report>
				<misses>11552001</misses>
				<total>29</total>
				<timestamp>4039.157686</timestamp>
			</report>
			<report>
				<misses>11553001</misses>
				<total>29</total>
				<timestamp>4039.507347</timestamp>
			</report>
			<report>
				<misses>11554001</misses>
				<total>29</total>
				<timestamp>4039.857014</timestamp>
			</report>
			<report>
				<misses>11555001</misses>
				<total>29</total>
				<timestamp>4040.206687</timestamp>
			</report>
			<report>
				<misses>11556001</misses>
				<total>29</total>
				<timestamp>4040.556283</timestamp>
			</report>
			<report>
				<misses>11557001</misses>
				<total>29</total>
				<timestamp>4040.905929</timestamp>
			</report>
			<report>
				<misses>11558001</misses>
				<total>29</total>
				<timestamp>4041.255604</timestamp>
			</report>
			<report>
				<misses>11559001</misses>
				<total>29</total>
				<timestamp>4041.605233</timestamp>
			</report>
			<report>
				<misses>11560001</misses>
				<total>29</total>
				<timestamp>4041.954924</timestamp>
			</report>
			<report>
				<misses>11561001</misses>
				<total>29</total>
				<timestamp>4042.304556</timestamp>
			</report>
			<report>
				<misses>11562001</misses>
				<total>29</total>
				<timestamp>4042.654234</timestamp>
			</report>
			<report>
				<misses>11563001</misses>
				<total>29</total>
				<timestamp>4043.003853</timestamp>
			</report>
			<report>
				<misses>11564001</misses>
				<total>29</total>
				<timestamp>4043.353504</timestamp>
			</report>
			<report>
				<misses>11565001</misses>
				<total>29</total>
				<timestamp>4043.703133</timestamp>
			</report>
			<report>
				<misses>11566001</misses>
				<total>29</total>
				<timestamp>4044.052815</timestamp>
			</report>
			<report>
				<misses>11567001</misses>
				<total>29</total>
				<timestamp>4044.402469</timestamp>
			</report>
			<report>
				<misses>11568001</misses>
				<total>29</total>
				<timestamp>4044.752118</timestamp>
			</report>
			<report>
				<misses>11569001</misses>
				<total>29</total>
				<timestamp>4045.101725</timestamp>
			</report>
			<report>
				<misses>11570001</misses>
				<total>29</total>
				<timestamp>4045.451428</timestamp>
			</report>
			<report>
				<misses>11571001</misses>
				<total>29</total>
				<timestamp>4045.801065</timestamp>
			</report>
			<report>
				<misses>11572001</misses>
				<total>29</total>
				<timestamp>4046.150706</timestamp>
			</report>
			<report>
				<misses>11573001</misses>
				<total>29</total>
				<timestamp>4046.500335</timestamp>
			</report>
			<report>
				<misses>11574001</misses>
				<total>29</total>
				<timestamp>4046.850027</timestamp>
			</report>
			<report>
				<misses>11575001</misses>
				<total>29</total>
				<timestamp>4047.199627</timestamp>
			</report>
			<report>
				<misses>11576001</misses>
				<total>29</total>
				<timestamp>4047.549282</timestamp>
			</report>
			<report>
				<misses>11577001</misses>
				<total>29</total>
				<timestamp>4047.898935</timestamp>
			</report>
			<report>
				<misses>11578001</misses>
				<total>29</total>
				<timestamp>4048.248579</timestamp>
			</report>
			<report>
				<misses>11579001</misses>
				<total>29</total>
				<timestamp>4048.598247</timestamp>
			</report>
			<report>
				<misses>11580001</misses>
				<total>29</total>
				<timestamp>4048.947902</timestamp>
			</report>
			<report>
				<misses>11581001</misses>
				<total>29</total>
				<timestamp>4049.297547</timestamp>
			</report>
			<report>
				<misses>11582001</misses>
				<total>29</total>
				<timestamp>4049.647190</timestamp>
			</report>
			<report>
				<misses>11583001</misses>
				<total>29</total>
				<timestamp>4049.996866</timestamp>
			</report>
			<report>
				<misses>11584001</misses>
				<total>29</total>
				<timestamp>4050.346502</timestamp>
			</report>
			<report>
				<misses>11585001</misses>
				<total>29</total>
				<timestamp>4050.696142</timestamp>
			</report>
			<report>
				<misses>11586001</misses>
				<total>29</total>
				<timestamp>4051.045800</timestamp>
			</report>
			<report>
				<misses>11587001</misses>
				<total>29</total>
				<timestamp>4051.395434</timestamp>
			</report>
			<report>
				<misses>11588001</misses>
				<total>29</total>
				<timestamp>4051.745143</timestamp>
			</report>
			<report>
				<misses>11589001</misses>
				<total>29</total>
				<timestamp>4052.094738</timestamp>
			</report>
			<report>
				<misses>11590001</misses>
				<total>29</total>
				<timestamp>4052.444418</timestamp>
			</report>
			<report>
				<misses>11591001</misses>
				<total>29</total>
				<timestamp>4052.794048</timestamp>
			</report>
			<report>
				<misses>11592001</misses>
				<total>29</total>
				<timestamp>4053.143680</timestamp>
			</report>
			<report>
				<misses>11593001</misses>
				<total>29</total>
				<timestamp>4053.493407</timestamp>
			</report>
			<report>
				<misses>11594001</misses>
				<total>29</total>
				<timestamp>4053.842998</timestamp>
			</report>
			<report>
				<misses>11595001</misses>
				<total>29</total>
				<timestamp>4054.192628</timestamp>
			</report>
			<report>
				<misses>11596001</misses>
				<total>29</total>
				<timestamp>4054.542331</timestamp>
			</report>
			<report>
				<misses>11597001</misses>
				<total>29</total>
				<timestamp>4054.891975</timestamp>
			</report>
			<report>
				<misses>11598001</misses>
				<total>29</total>
				<timestamp>4055.241576</timestamp>
			</report>
			<report>
				<misses>11599001</misses>
				<total>29</total>
				<timestamp>4055.591266</timestamp>
			</report>
			<report>
				<misses>11600001</misses>
				<total>29</total>
				<timestamp>4055.940920</timestamp>
			</report>
			<report>
				<misses>11601001</misses>
				<total>29</total>
				<timestamp>4056.290529</timestamp>
			</report>
			<report>
				<misses>11602001</misses>
				<total>29</total>
				<timestamp>4056.640206</timestamp>
			</report>
			<report>
				<misses>11603001</misses>
				<total>29</total>
				<timestamp>4056.989872</timestamp>
			</report>
			<report>
				<misses>11604001</misses>
				<total>29</total>
				<timestamp>4057.339484</timestamp>
			</report>
			<report>
				<misses>11605001</misses>
				<total>29</total>
				<timestamp>4057.689136</timestamp>
			</report>
			<report>
				<misses>11606001</misses>
				<total>29</total>
				<timestamp>4058.038842</timestamp>
			</report>
			<report>
				<misses>11607001</misses>
				<total>29</total>
				<timestamp>4058.388460</timestamp>
			</report>
			<report>
				<misses>11608001</misses>
				<total>29</total>
				<timestamp>4058.738104</timestamp>
			</report>
			<report>
				<misses>11609001</misses>
				<total>29</total>
				<timestamp>4059.087738</timestamp>
			</report>
			<report>
				<misses>11610001</misses>
				<total>29</total>
				<timestamp>4059.437400</timestamp>
			</report>
			<report>
				<misses>11611001</misses>
				<total>29</total>
				<timestamp>4059.787048</timestamp>
			</report>
			<report>
				<misses>11612001</misses>
				<total>29</total>
				<timestamp>4060.136680</timestamp>
			</report>
			<report>
				<misses>11613001</misses>
				<total>29</total>
				<timestamp>4060.486380</timestamp>
			</report>
			<report>
				<misses>11614001</misses>
				<total>29</total>
				<timestamp>4060.835994</timestamp>
			</report>
			<report>
				<misses>11615001</misses>
				<total>29</total>
				<timestamp>4061.185647</timestamp>
			</report>
			<report>
				<misses>11616001</misses>
				<total>29</total>
				<timestamp>4061.535372</timestamp>
			</report>
			<report>
				<misses>11617001</misses>
				<total>29</total>
				<timestamp>4061.884943</timestamp>
			</report>
			<report>
				<misses>11618001</misses>
				<total>29</total>
				<timestamp>4062.234591</timestamp>
			</report>
			<report>
				<misses>11619001</misses>
				<total>29</total>
				<timestamp>4062.584293</timestamp>
			</report>
			<report>
				<misses>11620001</misses>
				<total>29</total>
				<timestamp>4062.933883</timestamp>
			</report>
			<report>
				<misses>11621001</misses>
				<total>29</total>
				<timestamp>4063.283567</timestamp>
			</report>
			<report>
				<misses>11622001</misses>
				<total>29</total>
				<timestamp>4063.633200</timestamp>
			</report>
			<report>
				<misses>11623001</misses>
				<total>29</total>
				<timestamp>4063.982833</timestamp>
			</report>
			<report>
				<misses>11624001</misses>
				<total>29</total>
				<timestamp>4064.332478</timestamp>
			</report>
			<report>
				<misses>11625001</misses>
				<total>29</total>
				<timestamp>4064.682175</timestamp>
			</report>
			<report>
				<misses>11626001</misses>
				<total>29</total>
				<timestamp>4065.031794</timestamp>
			</report>
			<report>
				<misses>11627001</misses>
				<total>29</total>
				<timestamp>4065.381458</timestamp>
			</report>
			<report>
				<misses>11628001</misses>
				<total>29</total>
				<timestamp>4065.731102</timestamp>
			</report>
			<report>
				<misses>11629001</misses>
				<total>29</total>
				<timestamp>4066.080770</timestamp>
			</report>
			<report>
				<misses>11630001</misses>
				<total>29</total>
				<timestamp>4066.430457</timestamp>
			</report>
			<report>
				<misses>11631001</misses>
				<total>29</total>
				<timestamp>4066.780027</timestamp>
			</report>
			<report>
				<misses>11632001</misses>
				<total>29</total>
				<timestamp>4067.129688</timestamp>
			</report>
			<report>
				<misses>11633001</misses>
				<total>29</total>
				<timestamp>4067.479337</timestamp>
			</report>
			<report>
				<misses>11634001</misses>
				<total>29</total>
				<timestamp>4067.828985</timestamp>
			</report>
			<report>
				<misses>11635001</misses>
				<total>29</total>
				<timestamp>4068.178639</timestamp>
			</report>
			<report>
				<misses>11636001</misses>
				<total>29</total>
				<timestamp>4068.528325</timestamp>
			</report>
			<report>
				<misses>11637001</misses>
				<total>29</total>
				<timestamp>4068.877947</timestamp>
			</report>
			<report>
				<misses>11638001</misses>
				<total>29</total>
				<timestamp>4069.227582</timestamp>
			</report>
			<report>
				<misses>11639001</misses>
				<total>29</total>
				<timestamp>4069.577315</timestamp>
			</report>
			<report>
				<misses>11640001</misses>
				<total>29</total>
				<timestamp>4069.926886</timestamp>
			</report>
			<report>
				<misses>11641001</misses>
				<total>29</total>
				<timestamp>4070.276533</timestamp>
			</report>
			<report>
				<misses>11642001</misses>
				<total>29</total>
				<timestamp>4070.626193</timestamp>
			</report>
			<report>
				<misses>11643001</misses>
				<total>29</total>
				<timestamp>4070.975837</timestamp>
			</report>
			<report>
				<misses>11644001</misses>
				<total>29</total>
				<timestamp>4071.325480</timestamp>
			</report>
			<report>
				<misses>11645001</misses>
				<total>29</total>
				<timestamp>4071.675127</timestamp>
			</report>
			<report>
				<misses>11646001</misses>
				<total>29</total>
				<timestamp>4072.024806</timestamp>
			</report>
			<report>
				<misses>11647001</misses>
				<total>29</total>
				<timestamp>4072.374422</timestamp>
			</report>
			<report>
				<misses>11648001</misses>
				<total>29</total>
				<timestamp>4072.724100</timestamp>
			</report>
			<report>
				<misses>11649001</misses>
				<total>29</total>
				<timestamp>4073.073751</timestamp>
			</report>
			<report>
				<misses>11650001</misses>
				<total>29</total>
				<timestamp>4073.423431</timestamp>
			</report>
			<report>
				<misses>11651001</misses>
				<total>29</total>
				<timestamp>4073.773062</timestamp>
			</report>
			<report>
				<misses>11652001</misses>
				<total>29</total>
				<timestamp>4074.122717</timestamp>
			</report>
			<report>
				<misses>11653001</misses>
				<total>29</total>
				<timestamp>4074.472370</timestamp>
			</report>
			<report>
				<misses>11654001</misses>
				<total>29</total>
				<timestamp>4074.821992</timestamp>
			</report>
			<report>
				<misses>11655001</misses>
				<total>29</total>
				<timestamp>4075.171639</timestamp>
			</report>
			<report>
				<misses>11656001</misses>
				<total>29</total>
				<timestamp>4075.521314</timestamp>
			</report>
			<report>
				<misses>11657001</misses>
				<total>29</total>
				<timestamp>4075.870937</timestamp>
			</report>
			<report>
				<misses>11658001</misses>
				<total>29</total>
				<timestamp>4076.220611</timestamp>
			</report>
			<report>
				<misses>11659001</misses>
				<total>29</total>
				<timestamp>4076.570281</timestamp>
			</report>
			<report>
				<misses>11660001</misses>
				<total>29</total>
				<timestamp>4076.919870</timestamp>
			</report>
			<report>
				<misses>11661001</misses>
				<total>29</total>
				<timestamp>4077.269526</timestamp>
			</report>
			<report>
				<misses>11662001</misses>
				<total>29</total>
				<timestamp>4077.619218</timestamp>
			</report>
			<report>
				<misses>11663001</misses>
				<total>29</total>
				<timestamp>4077.968842</timestamp>
			</report>
			<report>
				<misses>11664001</misses>
				<total>29</total>
				<timestamp>4078.318486</timestamp>
			</report>
			<report>
				<misses>11665001</misses>
				<total>29</total>
				<timestamp>4078.668163</timestamp>
			</report>
			<report>
				<misses>11666001</misses>
				<total>29</total>
				<timestamp>4079.017831</timestamp>
			</report>
			<report>
				<misses>11667001</misses>
				<total>29</total>
				<timestamp>4079.367429</timestamp>
			</report>
			<report>
				<misses>11668001</misses>
				<total>29</total>
				<timestamp>4079.717220</timestamp>
			</report>
			<report>
				<misses>11669001</misses>
				<total>29</total>
				<timestamp>4080.066733</timestamp>
			</report>
			<report>
				<misses>11670001</misses>
				<total>29</total>
				<timestamp>4080.416444</timestamp>
			</report>
			<report>
				<misses>11671001</misses>
				<total>29</total>
				<timestamp>4080.766058</timestamp>
			</report>
			<report>
				<misses>11672001</misses>
				<total>29</total>
				<timestamp>4081.115675</timestamp>
			</report>
			<report>
				<misses>11673001</misses>
				<total>29</total>
				<timestamp>4081.465355</timestamp>
			</report>
			<report>
				<misses>11674001</misses>
				<total>29</total>
				<timestamp>4081.814994</timestamp>
			</report>
			<report>
				<misses>11675001</misses>
				<total>29</total>
				<timestamp>4082.164652</timestamp>
			</report>
			<report>
				<misses>11676001</misses>
				<total>29</total>
				<timestamp>4082.514309</timestamp>
			</report>
			<report>
				<misses>11677001</misses>
				<total>29</total>
				<timestamp>4082.863956</timestamp>
			</report>
			<report>
				<misses>11678001</misses>
				<total>29</total>
				<timestamp>4083.213581</timestamp>
			</report>
			<report>
				<misses>11679001</misses>
				<total>29</total>
				<timestamp>4083.563266</timestamp>
			</report>
			<report>
				<misses>11680001</misses>
				<total>29</total>
				<timestamp>4083.912906</timestamp>
			</report>
			<report>
				<misses>11681001</misses>
				<total>29</total>
				<timestamp>4084.262563</timestamp>
			</report>
			<report>
				<misses>11682001</misses>
				<total>29</total>
				<timestamp>4084.612204</timestamp>
			</report>
			<report>
				<misses>11683001</misses>
				<total>29</total>
				<timestamp>4084.961856</timestamp>
			</report>
			<report>
				<misses>11684001</misses>
				<total>29</total>
				<timestamp>4085.311489</timestamp>
			</report>
			<report>
				<misses>11685001</misses>
				<total>29</total>
				<timestamp>4085.661213</timestamp>
			</report>
			<report>
				<misses>11686001</misses>
				<total>29</total>
				<timestamp>4086.010790</timestamp>
			</report>
			<report>
				<misses>11687001</misses>
				<total>29</total>
				<timestamp>4086.360437</timestamp>
			</report>
			<report>
				<misses>11688001</misses>
				<total>29</total>
				<timestamp>4086.710107</timestamp>
			</report>
			<report>
				<misses>11689001</misses>
				<total>29</total>
				<timestamp>4087.059739</timestamp>
			</report>
			<report>
				<misses>11690001</misses>
				<total>29</total>
				<timestamp>4087.409389</timestamp>
			</report>
			<report>
				<misses>11691001</misses>
				<total>29</total>
				<timestamp>4087.759034</timestamp>
			</report>
			<report>
				<misses>11692001</misses>
				<total>29</total>
				<timestamp>4088.108726</timestamp>
			</report>
			<report>
				<misses>11693001</misses>
				<total>29</total>
				<timestamp>4088.458333</timestamp>
			</report>
			<report>
				<misses>11694001</misses>
				<total>29</total>
				<timestamp>4088.807987</timestamp>
			</report>
			<report>
				<misses>11695001</misses>
				<total>29</total>
				<timestamp>4089.157625</timestamp>
			</report>
			<report>
				<misses>11696001</misses>
				<total>29</total>
				<timestamp>4089.507290</timestamp>
			</report>
			<report>
				<misses>11697001</misses>
				<total>29</total>
				<timestamp>4089.856943</timestamp>
			</report>
			<report>
				<misses>11698001</misses>
				<total>29</total>
				<timestamp>4090.206588</timestamp>
			</report>
			<report>
				<misses>11699001</misses>
				<total>29</total>
				<timestamp>4090.556258</timestamp>
			</report>
			<report>
				<misses>11700001</misses>
				<total>29</total>
				<timestamp>4090.905880</timestamp>
			</report>
			<report>
				<misses>11701001</misses>
				<total>29</total>
				<timestamp>4091.255572</timestamp>
			</report>
			<report>
				<misses>11702001</misses>
				<total>29</total>
				<timestamp>4091.605233</timestamp>
			</report>
			<report>
				<misses>11703001</misses>
				<total>29</total>
				<timestamp>4091.954830</timestamp>
			</report>
			<report>
				<misses>11704001</misses>
				<total>29</total>
				<timestamp>4092.304494</timestamp>
			</report>
			<report>
				<misses>11705001</misses>
				<total>29</total>
				<timestamp>4092.654189</timestamp>
			</report>
			<report>
				<misses>11706001</misses>
				<total>29</total>
				<timestamp>4093.003785</timestamp>
			</report>
			<report>
				<misses>11707001</misses>
				<total>29</total>
				<timestamp>4093.353436</timestamp>
			</report>
			<report>
				<misses>11708001</misses>
				<total>29</total>
				<timestamp>4093.703132</timestamp>
			</report>
			<report>
				<misses>11709001</misses>
				<total>29</total>
				<timestamp>4094.052734</timestamp>
			</report>
			<report>
				<misses>11710001</misses>
				<total>29</total>
				<timestamp>4094.402377</timestamp>
			</report>
			<report>
				<misses>11711001</misses>
				<total>29</total>
				<timestamp>4094.752066</timestamp>
			</report>
			<report>
				<misses>11712001</misses>
				<total>29</total>
				<timestamp>4095.101696</timestamp>
			</report>
			<report>
				<misses>11713001</misses>
				<total>29</total>
				<timestamp>4095.451335</timestamp>
			</report>
			<report>
				<misses>11714001</misses>
				<total>29</total>
				<timestamp>4095.801045</timestamp>
			</report>
			<report>
				<misses>11715001</misses>
				<total>29</total>
				<timestamp>4096.150675</timestamp>
			</report>
			<report>
				<misses>11716001</misses>
				<total>29</total>
				<timestamp>4096.500276</timestamp>
			</report>
			<report>
				<misses>11717001</misses>
				<total>29</total>
				<timestamp>4096.849954</timestamp>
			</report>
			<report>
				<misses>11718001</misses>
				<total>29</total>
				<timestamp>4097.199601</timestamp>
			</report>
			<report>
				<misses>11719001</misses>
				<total>29</total>
				<timestamp>4097.549273</timestamp>
			</report>
			<report>
				<misses>11720001</misses>
				<total>29</total>
				<timestamp>4097.898878</timestamp>
			</report>
			<report>
				<misses>11721001</misses>
				<total>29</total>
				<timestamp>4098.248546</timestamp>
			</report>
			<report>
				<misses>11722001</misses>
				<total>29</total>
				<timestamp>4098.598258</timestamp>
			</report>
			<report>
				<misses>11723001</misses>
				<total>29</total>
				<timestamp>4098.947850</timestamp>
			</report>
			<report>
				<misses>11724001</misses>
				<total>29</total>
				<timestamp>4099.297489</timestamp>
			</report>
			<report>
				<misses>11725001</misses>
				<total>29</total>
				<timestamp>4099.647142</timestamp>
			</report>
			<report>
				<misses>11726001</misses>
				<total>29</total>
				<timestamp>4099.996780</timestamp>
			</report>
			<report>
				<misses>11727001</misses>
				<total>29</total>
				<timestamp>4100.346429</timestamp>
			</report>
			<report>
				<misses>11728001</misses>
				<total>29</total>
				<timestamp>4100.696123</timestamp>
			</report>
			<report>
				<misses>11729001</misses>
				<total>29</total>
				<timestamp>4101.045739</timestamp>
			</report>
			<report>
				<misses>11730001</misses>
				<total>29</total>
				<timestamp>4101.395379</timestamp>
			</report>
			<report>
				<misses>11731001</misses>
				<total>29</total>
				<timestamp>4101.745107</timestamp>
			</report>
			<report>
				<misses>11732001</misses>
				<total>29</total>
				<timestamp>4102.094681</timestamp>
			</report>
			<report>
				<misses>11733001</misses>
				<total>29</total>
				<timestamp>4102.444336</timestamp>
			</report>
			<report>
				<misses>11734001</misses>
				<total>29</total>
				<timestamp>4102.794018</timestamp>
			</report>
			<report>
				<misses>11735001</misses>
				<total>29</total>
				<timestamp>4103.143659</timestamp>
			</report>
			<report>
				<misses>11736001</misses>
				<total>29</total>
				<timestamp>4103.493288</timestamp>
			</report>
			<report>
				<misses>11737001</misses>
				<total>29</total>
				<timestamp>4103.842951</timestamp>
			</report>
			<report>
				<misses>11738001</misses>
				<total>29</total>
				<timestamp>4104.192598</timestamp>
			</report>
			<report>
				<misses>11739001</misses>
				<total>29</total>
				<timestamp>4104.542240</timestamp>
			</report>
			<report>
				<misses>11740001</misses>
				<total>29</total>
				<timestamp>4104.891917</timestamp>
			</report>
			<report>
				<misses>11741001</misses>
				<total>29</total>
				<timestamp>4105.241551</timestamp>
			</report>
			<report>
				<misses>11742001</misses>
				<total>29</total>
				<timestamp>4105.591213</timestamp>
			</report>
			<report>
				<misses>11743001</misses>
				<total>29</total>
				<timestamp>4105.940838</timestamp>
			</report>
			<report>
				<misses>11744001</misses>
				<total>29</total>
				<timestamp>4106.290494</timestamp>
			</report>
			<report>
				<misses>11745001</misses>
				<total>29</total>
				<timestamp>4106.640189</timestamp>
			</report>
			<report>
				<misses>11746001</misses>
				<total>29</total>
				<timestamp>4106.989788</timestamp>
			</report>
			<report>
				<misses>11747001</misses>
				<total>29</total>
				<timestamp>4107.339436</timestamp>
			</report>
			<report>
				<misses>11748001</misses>
				<total>29</total>
				<timestamp>4107.689169</timestamp>
			</report>
			<report>
				<misses>11749001</misses>
				<total>29</total>
				<timestamp>4108.038727</timestamp>
			</report>
			<report>
				<misses>11750001</misses>
				<total>29</total>
				<timestamp>4108.388387</timestamp>
			</report>
			<report>
				<misses>11751001</misses>
				<total>29</total>
				<timestamp>4108.738071</timestamp>
			</report>
			<report>
				<misses>11752001</misses>
				<total>29</total>
				<timestamp>4109.087682</timestamp>
			</report>
			<report>
				<misses>11753001</misses>
				<total>29</total>
				<timestamp>4109.437320</timestamp>
			</report>
			<report>
				<misses>11754001</misses>
				<total>29</total>
				<timestamp>4109.787023</timestamp>
			</report>
			<report>
				<misses>11755001</misses>
				<total>29</total>
				<timestamp>4110.136637</timestamp>
			</report>
			<report>
				<misses>11756001</misses>
				<total>29</total>
				<timestamp>4110.486278</timestamp>
			</report>
			<report>
				<misses>11757001</misses>
				<total>29</total>
				<timestamp>4110.835941</timestamp>
			</report>
			<report>
				<misses>11758001</misses>
				<total>29</total>
				<timestamp>4111.185586</timestamp>
			</report>
			<report>
				<misses>11759001</misses>
				<total>29</total>
				<timestamp>4111.535222</timestamp>
			</report>
			<report>
				<misses>11760001</misses>
				<total>29</total>
				<timestamp>4111.884893</timestamp>
			</report>
			<report>
				<misses>11761001</misses>
				<total>29</total>
				<timestamp>4112.234586</timestamp>
			</report>
			<report>
				<misses>11762001</misses>
				<total>29</total>
				<timestamp>4112.584200</timestamp>
			</report>
			<report>
				<misses>11763001</misses>
				<total>29</total>
				<timestamp>4112.933845</timestamp>
			</report>
			<report>
				<misses>11764001</misses>
				<total>29</total>
				<timestamp>4113.283474</timestamp>
			</report>
			<report>
				<misses>11765001</misses>
				<total>29</total>
				<timestamp>4113.633140</timestamp>
			</report>
			<report>
				<misses>11766001</misses>
				<total>29</total>
				<timestamp>4113.982781</timestamp>
			</report>
			<report>
				<misses>11767001</misses>
				<total>29</total>
				<timestamp>4114.332438</timestamp>
			</report>
			<report>
				<misses>11768001</misses>
				<total>29</total>
				<timestamp>4114.682129</timestamp>
			</report>
			<report>
				<misses>11769001</misses>
				<total>29</total>
				<timestamp>4115.031722</timestamp>
			</report>
			<report>
				<misses>11770001</misses>
				<total>29</total>
				<timestamp>4115.381375</timestamp>
			</report>
			<report>
				<misses>11771001</misses>
				<total>29</total>
				<timestamp>4115.731073</timestamp>
			</report>
			<report>
				<misses>11772001</misses>
				<total>29</total>
				<timestamp>4116.080690</timestamp>
			</report>
			<report>
				<misses>11773001</misses>
				<total>29</total>
				<timestamp>4116.430328</timestamp>
			</report>
			<report>
				<misses>11774001</misses>
				<total>29</total>
				<timestamp>4116.780032</timestamp>
			</report>
			<report>
				<misses>11775001</misses>
				<total>29</total>
				<timestamp>4117.129666</timestamp>
			</report>
			<report>
				<misses>11776001</misses>
				<total>29</total>
				<timestamp>4117.479278</timestamp>
			</report>
			<report>
				<misses>11777001</misses>
				<total>29</total>
				<timestamp>4117.828957</timestamp>
			</report>
			<report>
				<misses>11778001</misses>
				<total>29</total>
				<timestamp>4118.178602</timestamp>
			</report>
			<report>
				<misses>11779001</misses>
				<total>29</total>
				<timestamp>4118.528241</timestamp>
			</report>
			<report>
				<misses>11780001</misses>
				<total>29</total>
				<timestamp>4118.877891</timestamp>
			</report>
			<report>
				<misses>11781001</misses>
				<total>29</total>
				<timestamp>4119.227577</timestamp>
			</report>
			<report>
				<misses>11782001</misses>
				<total>29</total>
				<timestamp>4119.577188</timestamp>
			</report>
			<report>
				<misses>11783001</misses>
				<total>29</total>
				<timestamp>4119.926890</timestamp>
			</report>
			<report>
				<misses>11784001</misses>
				<total>29</total>
				<timestamp>4120.276495</timestamp>
			</report>
			<report>
				<misses>11785001</misses>
				<total>29</total>
				<timestamp>4120.626147</timestamp>
			</report>
			<report>
				<misses>11786001</misses>
				<total>29</total>
				<timestamp>4120.975780</timestamp>
			</report>
			<report>
				<misses>11787001</misses>
				<total>29</total>
				<timestamp>4121.325444</timestamp>
			</report>
			<report>
				<misses>11788001</misses>
				<total>29</total>
				<timestamp>4121.675116</timestamp>
			</report>
			<report>
				<misses>11789001</misses>
				<total>29</total>
				<timestamp>4122.024751</timestamp>
			</report>
			<report>
				<misses>11790001</misses>
				<total>29</total>
				<timestamp>4122.374377</timestamp>
			</report>
			<report>
				<misses>11791001</misses>
				<total>29</total>
				<timestamp>4122.724066</timestamp>
			</report>
			<report>
				<misses>11792001</misses>
				<total>29</total>
				<timestamp>4123.073701</timestamp>
			</report>
			<report>
				<misses>11793001</misses>
				<total>29</total>
				<timestamp>4123.423367</timestamp>
			</report>
			<report>
				<misses>11794001</misses>
				<total>29</total>
				<timestamp>4123.773021</timestamp>
			</report>
			<report>
				<misses>11795001</misses>
				<total>29</total>
				<timestamp>4124.122634</timestamp>
			</report>
			<report>
				<misses>11796001</misses>
				<total>29</total>
				<timestamp>4124.472301</timestamp>
			</report>
			<report>
				<misses>11797001</misses>
				<total>29</total>
				<timestamp>4124.821969</timestamp>
			</report>
			<report>
				<misses>11798001</misses>
				<total>29</total>
				<timestamp>4125.171615</timestamp>
			</report>
			<report>
				<misses>11799001</misses>
				<total>29</total>
				<timestamp>4125.521244</timestamp>
			</report>
			<report>
				<misses>11800001</misses>
				<total>29</total>
				<timestamp>4125.870988</timestamp>
			</report>
			<report>
				<misses>11801001</misses>
				<total>29</total>
				<timestamp>4126.220537</timestamp>
			</report>
			<report>
				<misses>11802001</misses>
				<total>29</total>
				<timestamp>4126.570212</timestamp>
			</report>
			<report>
				<misses>11803001</misses>
				<total>29</total>
				<timestamp>4126.919842</timestamp>
			</report>
			<report>
				<misses>11804001</misses>
				<total>29</total>
				<timestamp>4127.269528</timestamp>
			</report>
			<report>
				<misses>11805001</misses>
				<total>29</total>
				<timestamp>4127.619169</timestamp>
			</report>
			<report>
				<misses>11806001</misses>
				<total>29</total>
				<timestamp>4127.968795</timestamp>
			</report>
			<report>
				<misses>11807001</misses>
				<total>29</total>
				<timestamp>4128.318465</timestamp>
			</report>
			<report>
				<misses>11808001</misses>
				<total>29</total>
				<timestamp>4128.668128</timestamp>
			</report>
			<report>
				<misses>11809001</misses>
				<total>29</total>
				<timestamp>4129.017735</timestamp>
			</report>
			<report>
				<misses>11810001</misses>
				<total>29</total>
				<timestamp>4129.367403</timestamp>
			</report>
			<report>
				<misses>11811001</misses>
				<total>29</total>
				<timestamp>4129.717068</timestamp>
			</report>
			<report>
				<misses>11812001</misses>
				<total>29</total>
				<timestamp>4130.066671</timestamp>
			</report>
			<report>
				<misses>11813001</misses>
				<total>29</total>
				<timestamp>4130.416335</timestamp>
			</report>
			<report>
				<misses>11814001</misses>
				<total>29</total>
				<timestamp>4130.766012</timestamp>
			</report>
			<report>
				<misses>11815001</misses>
				<total>29</total>
				<timestamp>4131.115630</timestamp>
			</report>
			<report>
				<misses>11816001</misses>
				<total>29</total>
				<timestamp>4131.465280</timestamp>
			</report>
			<report>
				<misses>11817001</misses>
				<total>29</total>
				<timestamp>4131.814951</timestamp>
			</report>
			<report>
				<misses>11818001</misses>
				<total>29</total>
				<timestamp>4132.164575</timestamp>
			</report>
			<report>
				<misses>11819001</misses>
				<total>29</total>
				<timestamp>4132.514254</timestamp>
			</report>
			<report>
				<misses>11820001</misses>
				<total>29</total>
				<timestamp>4132.863941</timestamp>
			</report>
			<report>
				<misses>11821001</misses>
				<total>29</total>
				<timestamp>4133.213529</timestamp>
			</report>
			<report>
				<misses>11822001</misses>
				<total>29</total>
				<timestamp>4133.563179</timestamp>
			</report>
			<report>
				<misses>11823001</misses>
				<total>29</total>
				<timestamp>4133.912921</timestamp>
			</report>
			<report>
				<misses>11824001</misses>
				<total>29</total>
				<timestamp>4134.262508</timestamp>
			</report>
			<report>
				<misses>11825001</misses>
				<total>29</total>
				<timestamp>4134.612140</timestamp>
			</report>
			<report>
				<misses>11826001</misses>
				<total>29</total>
				<timestamp>4134.961800</timestamp>
			</report>
			<report>
				<misses>11827001</misses>
				<total>29</total>
				<timestamp>4135.311433</timestamp>
			</report>
			<report>
				<misses>11828001</misses>
				<total>29</total>
				<timestamp>4135.661097</timestamp>
			</report>
			<report>
				<misses>11829001</misses>
				<total>29</total>
				<timestamp>4136.010737</timestamp>
			</report>
			<report>
				<misses>11830001</misses>
				<total>29</total>
				<timestamp>4136.360391</timestamp>
			</report>
			<report>
				<misses>11831001</misses>
				<total>29</total>
				<timestamp>4136.710041</timestamp>
			</report>
			<report>
				<misses>11832001</misses>
				<total>29</total>
				<timestamp>4137.059685</timestamp>
			</report>
			<report>
				<misses>11833001</misses>
				<total>29</total>
				<timestamp>4137.409332</timestamp>
			</report>
			<report>
				<misses>11834001</misses>
				<total>29</total>
				<timestamp>4137.759024</timestamp>
			</report>
			<report>
				<misses>11835001</misses>
				<total>29</total>
				<timestamp>4138.108634</timestamp>
			</report>
			<report>
				<misses>11836001</misses>
				<total>29</total>
				<timestamp>4138.458263</timestamp>
			</report>
			<report>
				<misses>11837001</misses>
				<total>29</total>
				<timestamp>4138.807983</timestamp>
			</report>
			<report>
				<misses>11838001</misses>
				<total>29</total>
				<timestamp>4139.157612</timestamp>
			</report>
			<report>
				<misses>11839001</misses>
				<total>29</total>
				<timestamp>4139.507235</timestamp>
			</report>
			<report>
				<misses>11840001</misses>
				<total>29</total>
				<timestamp>4139.856900</timestamp>
			</report>
			<report>
				<misses>11841001</misses>
				<total>29</total>
				<timestamp>4140.206554</timestamp>
			</report>
			<report>
				<misses>11842001</misses>
				<total>29</total>
				<timestamp>4140.556193</timestamp>
			</report>
			<report>
				<misses>11843001</misses>
				<total>29</total>
				<timestamp>4140.905844</timestamp>
			</report>
			<report>
				<misses>11844001</misses>
				<total>29</total>
				<timestamp>4141.255513</timestamp>
			</report>
			<report>
				<misses>11845001</misses>
				<total>29</total>
				<timestamp>4141.605150</timestamp>
			</report>
			<report>
				<misses>11846001</misses>
				<total>29</total>
				<timestamp>4141.954806</timestamp>
			</report>
			<report>
				<misses>11847001</misses>
				<total>29</total>
				<timestamp>4142.304451</timestamp>
			</report>
			<report>
				<misses>11848001</misses>
				<total>29</total>
				<timestamp>4142.654077</timestamp>
			</report>
			<report>
				<misses>11849001</misses>
				<total>29</total>
				<timestamp>4143.003765</timestamp>
			</report>
			<report>
				<misses>11850001</misses>
				<total>29</total>
				<timestamp>4143.353413</timestamp>
			</report>
			<report>
				<misses>11851001</misses>
				<total>29</total>
				<timestamp>4143.703034</timestamp>
			</report>
			<report>
				<misses>11852001</misses>
				<total>29</total>
				<timestamp>4144.052687</timestamp>
			</report>
			<report>
				<misses>11853001</misses>
				<total>29</total>
				<timestamp>4144.402341</timestamp>
			</report>
			<report>
				<misses>11854001</misses>
				<total>29</total>
				<timestamp>4144.752007</timestamp>
			</report>
			<report>
				<misses>11855001</misses>
				<total>29</total>
				<timestamp>4145.101653</timestamp>
			</report>
			<report>
				<misses>11856001</misses>
				<total>29</total>
				<timestamp>4145.451326</timestamp>
			</report>
			<report>
				<misses>11857001</misses>
				<total>29</total>
				<timestamp>4145.800929</timestamp>
			</report>
			<report>
				<misses>11858001</misses>
				<total>29</total>
				<timestamp>4146.150601</timestamp>
			</report>
			<report>
				<misses>11859001</misses>
				<total>29</total>
				<timestamp>4146.500235</timestamp>
			</report>
			<report>
				<misses>11860001</misses>
				<total>29</total>
				<timestamp>4146.849888</timestamp>
			</report>
			<report>
				<misses>11861001</misses>
				<total>29</total>
				<timestamp>4147.199526</timestamp>
			</report>
			<report>
				<misses>11862001</misses>
				<total>29</total>
				<timestamp>4147.549179</timestamp>
			</report>
			<report>
				<misses>11863001</misses>
				<total>29</total>
				<timestamp>4147.898854</timestamp>
			</report>
			<report>
				<misses>11864001</misses>
				<total>29</total>
				<timestamp>4148.248478</timestamp>
			</report>
			<report>
				<misses>11865001</misses>
				<total>29</total>
				<timestamp>4148.598159</timestamp>
			</report>
			<report>
				<misses>11866001</misses>
				<total>29</total>
				<timestamp>4148.947791</timestamp>
			</report>
			<report>
				<misses>11867001</misses>
				<total>29</total>
				<timestamp>4149.297433</timestamp>
			</report>
			<report>
				<misses>11868001</misses>
				<total>29</total>
				<timestamp>4149.647091</timestamp>
			</report>
			<report>
				<misses>11869001</misses>
				<total>29</total>
				<timestamp>4149.996778</timestamp>
			</report>
			<report>
				<misses>11870001</misses>
				<total>29</total>
				<timestamp>4150.346403</timestamp>
			</report>
			<report>
				<misses>11871001</misses>
				<total>29</total>
				<timestamp>4150.696030</timestamp>
			</report>
			<report>
				<misses>11872001</misses>
				<total>29</total>
				<timestamp>4151.045697</timestamp>
			</report>
			<report>
				<misses>11873001</misses>
				<total>29</total>
				<timestamp>4151.395338</timestamp>
			</report>
			<report>
				<misses>11874001</misses>
				<total>29</total>
				<timestamp>4151.744996</timestamp>
			</report>
			<report>
				<misses>11875001</misses>
				<total>29</total>
				<timestamp>4152.094636</timestamp>
			</report>
			<report>
				<misses>11876001</misses>
				<total>29</total>
				<timestamp>4152.444266</timestamp>
			</report>
			<report>
				<misses>11877001</misses>
				<total>29</total>
				<timestamp>4152.793925</timestamp>
			</report>
			<report>
				<misses>11878001</misses>
				<total>29</total>
				<timestamp>4153.143611</timestamp>
			</report>
			<report>
				<misses>11879001</misses>
				<total>29</total>
				<timestamp>4153.493248</timestamp>
			</report>
			<report>
				<misses>11880001</misses>
				<total>29</total>
				<timestamp>4153.842939</timestamp>
			</report>
			<report>
				<misses>11881001</misses>
				<total>29</total>
				<timestamp>4154.192537</timestamp>
			</report>
			<report>
				<misses>11882001</misses>
				<total>29</total>
				<timestamp>4154.542186</timestamp>
			</report>
			<report>
				<misses>11883001</misses>
				<total>29</total>
				<timestamp>4154.891893</timestamp>
			</report>
			<report>
				<misses>11884001</misses>
				<total>29</total>
				<timestamp>4155.241523</timestamp>
			</report>
			<report>
				<misses>11885001</misses>
				<total>29</total>
				<timestamp>4155.591168</timestamp>
			</report>
			<report>
				<misses>11886001</misses>
				<total>29</total>
				<timestamp>4155.940806</timestamp>
			</report>
			<report>
				<misses>11887001</misses>
				<total>29</total>
				<timestamp>4156.290421</timestamp>
			</report>
			<report>
				<misses>11888001</misses>
				<total>29</total>
				<timestamp>4156.640091</timestamp>
			</report>
			<report>
				<misses>11889001</misses>
				<total>29</total>
				<timestamp>4156.989794</timestamp>
			</report>
			<report>
				<misses>11890001</misses>
				<total>29</total>
				<timestamp>4157.339391</timestamp>
			</report>
			<report>
				<misses>11891001</misses>
				<total>29</total>
				<timestamp>4157.689066</timestamp>
			</report>
			<report>
				<misses>11892001</misses>
				<total>29</total>
				<timestamp>4158.038696</timestamp>
			</report>
			<report>
				<misses>11893001</misses>
				<total>29</total>
				<timestamp>4158.388349</timestamp>
			</report>
			<report>
				<misses>11894001</misses>
				<total>29</total>
				<timestamp>4158.738004</timestamp>
			</report>
			<report>
				<misses>11895001</misses>
				<total>29</total>
				<timestamp>4159.087647</timestamp>
			</report>
			<report>
				<misses>11896001</misses>
				<total>29</total>
				<timestamp>4159.437281</timestamp>
			</report>
			<report>
				<misses>11897001</misses>
				<total>29</total>
				<timestamp>4159.786933</timestamp>
			</report>
			<report>
				<misses>11898001</misses>
				<total>29</total>
				<timestamp>4160.136603</timestamp>
			</report>
			<report>
				<misses>11899001</misses>
				<total>29</total>
				<timestamp>4160.486223</timestamp>
			</report>
			<report>
				<misses>11900001</misses>
				<total>29</total>
				<timestamp>4160.835891</timestamp>
			</report>
			<report>
				<misses>11901001</misses>
				<total>29</total>
				<timestamp>4161.185534</timestamp>
			</report>
			<report>
				<misses>11902001</misses>
				<total>29</total>
				<timestamp>4161.535201</timestamp>
			</report>
			<report>
				<misses>11903001</misses>
				<total>29</total>
				<timestamp>4161.884873</timestamp>
			</report>
			<report>
				<misses>11904001</misses>
				<total>29</total>
				<timestamp>4162.234496</timestamp>
			</report>
			<report>
				<misses>11905001</misses>
				<total>29</total>
				<timestamp>4162.584160</timestamp>
			</report>
			<report>
				<misses>11906001</misses>
				<total>29</total>
				<timestamp>4162.933806</timestamp>
			</report>
			<report>
				<misses>11907001</misses>
				<total>29</total>
				<timestamp>4163.283475</timestamp>
			</report>
			<report>
				<misses>11908001</misses>
				<total>29</total>
				<timestamp>4163.633106</timestamp>
			</report>
			<report>
				<misses>11909001</misses>
				<total>29</total>
				<timestamp>4163.982787</timestamp>
			</report>
			<report>
				<misses>11910001</misses>
				<total>29</total>
				<timestamp>4164.332400</timestamp>
			</report>
			<report>
				<misses>11911001</misses>
				<total>29</total>
				<timestamp>4164.682036</timestamp>
			</report>
			<report>
				<misses>11912001</misses>
				<total>29</total>
				<timestamp>4165.031730</timestamp>
			</report>
			<report>
				<misses>11913001</misses>
				<total>29</total>
				<timestamp>4165.381330</timestamp>
			</report>
			<report>
				<misses>11914001</misses>
				<total>29</total>
				<timestamp>4165.730972</timestamp>
			</report>
			<report>
				<misses>11915001</misses>
				<total>29</total>
				<timestamp>4166.080646</timestamp>
			</report>
			<report>
				<misses>11916001</misses>
				<total>29</total>
				<timestamp>4166.430305</timestamp>
			</report>
			<report>
				<misses>11917001</misses>
				<total>29</total>
				<timestamp>4166.779953</timestamp>
			</report>
			<report>
				<misses>11918001</misses>
				<total>29</total>
				<timestamp>4167.129591</timestamp>
			</report>
			<report>
				<misses>11919001</misses>
				<total>29</total>
				<timestamp>4167.479231</timestamp>
			</report>
			<report>
				<misses>11920001</misses>
				<total>29</total>
				<timestamp>4167.828908</timestamp>
			</report>
			<report>
				<misses>11921001</misses>
				<total>29</total>
				<timestamp>4168.178551</timestamp>
			</report>
			<report>
				<misses>11922001</misses>
				<total>29</total>
				<timestamp>4168.528183</timestamp>
			</report>
			<report>
				<misses>11923001</misses>
				<total>29</total>
				<timestamp>4168.877859</timestamp>
			</report>
			<report>
				<misses>11924001</misses>
				<total>29</total>
				<timestamp>4169.227502</timestamp>
			</report>
			<report>
				<misses>11925001</misses>
				<total>29</total>
				<timestamp>4169.577122</timestamp>
			</report>
			<report>
				<misses>11926001</misses>
				<total>29</total>
				<timestamp>4169.926833</timestamp>
			</report>
			<report>
				<misses>11927001</misses>
				<total>29</total>
				<timestamp>4170.276483</timestamp>
			</report>
			<report>
				<misses>11928001</misses>
				<total>29</total>
				<timestamp>4170.626105</timestamp>
			</report>
			<report>
				<misses>11929001</misses>
				<total>29</total>
				<timestamp>4170.975768</timestamp>
			</report>
			<report>
				<misses>11930001</misses>
				<total>29</total>
				<timestamp>4171.325386</timestamp>
			</report>
			<report>
				<misses>11931001</misses>
				<total>29</total>
				<timestamp>4171.675029</timestamp>
			</report>
			<report>
				<misses>11932001</misses>
				<total>29</total>
				<timestamp>4172.024686</timestamp>
			</report>
			<report>
				<misses>11933001</misses>
				<total>30</total>
				<timestamp>4172.374360</timestamp>
			</report>
			<report>
				<misses>11934001</misses>
				<total>30</total>
				<timestamp>4172.724002</timestamp>
			</report>
			<report>
				<misses>11935001</misses>
				<total>30</total>
				<timestamp>4173.073625</timestamp>
			</report>
			<report>
				<misses>11936001</misses>
				<total>30</total>
				<timestamp>4173.423308</timestamp>
			</report>
			<report>
				<misses>11937001</misses>
				<total>30</total>
				<timestamp>4173.772935</timestamp>
			</report>
			<report>
				<misses>11938001</misses>
				<total>30</total>
				<timestamp>4174.122641</timestamp>
			</report>
			<report>
				<misses>11939001</misses>
				<total>30</total>
				<timestamp>4174.472240</timestamp>
			</report>
			<report>
				<misses>11940001</misses>
				<total>30</total>
				<timestamp>4174.821883</timestamp>
			</report>
			<report>
				<misses>11941001</misses>
				<total>30</total>
				<timestamp>4175.171546</timestamp>
			</report>
			<report>
				<misses>11942001</misses>
				<total>30</total>
				<timestamp>4175.521185</timestamp>
			</report>
			<report>
				<misses>11943001</misses>
				<total>30</total>
				<timestamp>4175.870843</timestamp>
			</report>
			<report>
				<misses>11944001</misses>
				<total>30</total>
				<timestamp>4176.220483</timestamp>
			</report>
			<report>
				<misses>11945001</misses>
				<total>30</total>
				<timestamp>4176.570138</timestamp>
			</report>
			<report>
				<misses>11946001</misses>
				<total>30</total>
				<timestamp>4176.919796</timestamp>
			</report>
			<report>
				<misses>11947001</misses>
				<total>30</total>
				<timestamp>4177.269445</timestamp>
			</report>
			<report>
				<misses>11948001</misses>
				<total>30</total>
				<timestamp>4177.619097</timestamp>
			</report>
			<report>
				<misses>11949001</misses>
				<total>30</total>
				<timestamp>4177.968762</timestamp>
			</report>
			<report>
				<misses>11950001</misses>
				<total>30</total>
				<timestamp>4178.318399</timestamp>
			</report>
			<report>
				<misses>11951001</misses>
				<total>30</total>
				<timestamp>4178.668067</timestamp>
			</report>
			<report>
				<misses>11952001</misses>
				<total>30</total>
				<timestamp>4179.017760</timestamp>
			</report>
			<report>
				<misses>11953001</misses>
				<total>30</total>
				<timestamp>4179.367324</timestamp>
			</report>
			<report>
				<misses>11954001</misses>
				<total>30</total>
				<timestamp>4179.716987</timestamp>
			</report>
			<report>
				<misses>11955001</misses>
				<total>30</total>
				<timestamp>4180.066635</timestamp>
			</report>
			<report>
				<misses>11956001</misses>
				<total>30</total>
				<timestamp>4180.416301</timestamp>
			</report>
			<report>
				<misses>11957001</misses>
				<total>30</total>
				<timestamp>4180.765938</timestamp>
			</report>
			<report>
				<misses>11958001</misses>
				<total>30</total>
				<timestamp>4181.115590</timestamp>
			</report>
			<report>
				<misses>11959001</misses>
				<total>30</total>
				<timestamp>4181.465276</timestamp>
			</report>
			<report>
				<misses>11960001</misses>
				<total>30</total>
				<timestamp>4181.814903</timestamp>
			</report>
			<report>
				<misses>11961001</misses>
				<total>30</total>
				<timestamp>4182.164564</timestamp>
			</report>
			<report>
				<misses>11962001</misses>
				<total>30</total>
				<timestamp>4182.514219</timestamp>
			</report>
			<report>
				<misses>11963001</misses>
				<total>30</total>
				<timestamp>4182.863838</timestamp>
			</report>
			<report>
				<misses>11964001</misses>
				<total>30</total>
				<timestamp>4183.213561</timestamp>
			</report>
			<report>
				<misses>11965001</misses>
				<total>30</total>
				<timestamp>4183.563129</timestamp>
			</report>
			<report>
				<misses>11966001</misses>
				<total>30</total>
				<timestamp>4183.912780</timestamp>
			</report>
			<report>
				<misses>11967001</misses>
				<total>30</total>
				<timestamp>4184.262431</timestamp>
			</report>
			<report>
				<misses>11968001</misses>
				<total>30</total>
				<timestamp>4184.612093</timestamp>
			</report>
			<report>
				<misses>11969001</misses>
				<total>30</total>
				<timestamp>4184.961756</timestamp>
			</report>
			<report>
				<misses>11970001</misses>
				<total>30</total>
				<timestamp>4185.311397</timestamp>
			</report>
			<report>
				<misses>11971001</misses>
				<total>30</total>
				<timestamp>4185.661105</timestamp>
			</report>
			<report>
				<misses>11972001</misses>
				<total>30</total>
				<timestamp>4186.010712</timestamp>
			</report>
			<report>
				<misses>11973001</misses>
				<total>30</total>
				<timestamp>4186.360344</timestamp>
			</report>
			<report>
				<misses>11974001</misses>
				<total>30</total>
				<timestamp>4186.709992</timestamp>
			</report>
			<report>
				<misses>11975001</misses>
				<total>30</total>
				<timestamp>4187.059664</timestamp>
			</report>
			<report>
				<misses>11976001</misses>
				<total>30</total>
				<timestamp>4187.409290</timestamp>
			</report>
			<report>
				<misses>11977001</misses>
				<total>30</total>
				<timestamp>4187.758917</timestamp>
			</report>
			<report>
				<misses>11978001</misses>
				<total>30</total>
				<timestamp>4188.108599</timestamp>
			</report>
			<report>
				<misses>11979001</misses>
				<total>30</total>
				<timestamp>4188.458254</timestamp>
			</report>
			<report>
				<misses>11980001</misses>
				<total>30</total>
				<timestamp>4188.807892</timestamp>
			</report>
			<report>
				<misses>11981001</misses>
				<total>30</total>
				<timestamp>4189.157539</timestamp>
			</report>
			<report>
				<misses>11982001</misses>
				<total>30</total>
				<timestamp>4189.507266</timestamp>
			</report>
			<report>
				<misses>11983001</misses>
				<total>30</total>
				<timestamp>4189.856881</timestamp>
			</report>
			<report>
				<misses>11984001</misses>
				<total>30</total>
				<timestamp>4190.206525</timestamp>
			</report>
			<report>
				<misses>11985001</misses>
				<total>30</total>
				<timestamp>4190.556129</timestamp>
			</report>
			<report>
				<misses>11986001</misses>
				<total>30</total>
				<timestamp>4190.905788</timestamp>
			</report>
			<report>
				<misses>11987001</misses>
				<total>30</total>
				<timestamp>4191.255488</timestamp>
			</report>
			<report>
				<misses>11988001</misses>
				<total>30</total>
				<timestamp>4191.605125</timestamp>
			</report>
			<report>
				<misses>11989001</misses>
				<total>30</total>
				<timestamp>4191.954741</timestamp>
			</report>
			<report>
				<misses>11990001</misses>
				<total>30</total>
				<timestamp>4192.304402</timestamp>
			</report>
			<report>
				<misses>11991001</misses>
				<total>30</total>
				<timestamp>4192.654031</timestamp>
			</report>
			<report>
				<misses>11992001</misses>
				<total>30</total>
				<timestamp>4193.003710</timestamp>
			</report>
			<report>
				<misses>11993001</misses>
				<total>30</total>
				<timestamp>4193.353326</timestamp>
			</report>
			<report>
				<misses>11994001</misses>
				<total>30</total>
				<timestamp>4193.702965</timestamp>
			</report>
			<report>
				<misses>11995001</misses>
				<total>30</total>
				<timestamp>4194.052663</timestamp>
			</report>
			<report>
				<misses>11996001</misses>
				<total>30</total>
				<timestamp>4194.402323</timestamp>
			</report>
			<report>
				<misses>11997001</misses>
				<total>30</total>
				<timestamp>4194.751928</timestamp>
			</report>
			<report>
				<misses>11998001</misses>
				<total>30</total>
				<timestamp>4195.101609</timestamp>
			</report>
			<report>
				<misses>11999001</misses>
				<total>30</total>
				<timestamp>4195.451315</timestamp>
			</report>
			<report>
				<misses>12000001</misses>
				<total>30</total>
				<timestamp>4195.800885</timestamp>
			</report>
			<report>
				<misses>12001001</misses>
				<total>30</total>
				<timestamp>4196.150539</timestamp>
			</report>
			<report>
				<misses>12002001</misses>
				<total>30</total>
				<timestamp>4196.500216</timestamp>
			</report>
			<report>
				<misses>12003001</misses>
				<total>30</total>
				<timestamp>4196.849836</timestamp>
			</report>
			<report>
				<misses>12004001</misses>
				<total>30</total>
				<timestamp>4197.199511</timestamp>
			</report>
			<report>
				<misses>12005001</misses>
				<total>30</total>
				<timestamp>4197.549146</timestamp>
			</report>
			<report>
				<misses>12006001</misses>
				<total>30</total>
				<timestamp>4197.898776</timestamp>
			</report>
			<report>
				<misses>12007001</misses>
				<total>30</total>
				<timestamp>4198.248477</timestamp>
			</report>
			<report>
				<misses>12008001</misses>
				<total>30</total>
				<timestamp>4198.598109</timestamp>
			</report>
			<report>
				<misses>12009001</misses>
				<total>30</total>
				<timestamp>4198.947753</timestamp>
			</report>
			<report>
				<misses>12010001</misses>
				<total>30</total>
				<timestamp>4199.297387</timestamp>
			</report>
			<report>
				<misses>12011001</misses>
				<total>30</total>
				<timestamp>4199.647035</timestamp>
			</report>
			<report>
				<misses>12012001</misses>
				<total>30</total>
				<timestamp>4199.996695</timestamp>
			</report>
			<report>
				<misses>12013001</misses>
				<total>30</total>
				<timestamp>4200.346374</timestamp>
			</report>
			<report>
				<misses>12014001</misses>
				<total>30</total>
				<timestamp>4200.695991</timestamp>
			</report>
			<report>
				<misses>12015001</misses>
				<total>30</total>
				<timestamp>4201.045669</timestamp>
			</report>
			<report>
				<misses>12016001</misses>
				<total>30</total>
				<timestamp>4201.395278</timestamp>
			</report>
			<report>
				<misses>12017001</misses>
				<total>30</total>
				<timestamp>4201.744932</timestamp>
			</report>
			<report>
				<misses>12018001</misses>
				<total>30</total>
				<timestamp>4202.094599</timestamp>
			</report>
			<report>
				<misses>12019001</misses>
				<total>30</total>
				<timestamp>4202.444256</timestamp>
			</report>
			<report>
				<misses>12020001</misses>
				<total>30</total>
				<timestamp>4202.793886</timestamp>
			</report>
			<report>
				<misses>12021001</misses>
				<total>30</total>
				<timestamp>4203.143602</timestamp>
			</report>
			<report>
				<misses>12022001</misses>
				<total>30</total>
				<timestamp>4203.493195</timestamp>
			</report>
			<report>
				<misses>12023001</misses>
				<total>30</total>
				<timestamp>4203.842865</timestamp>
			</report>
			<report>
				<misses>12024001</misses>
				<total>30</total>
				<timestamp>4204.192487</timestamp>
			</report>
			<report>
				<misses>12025001</misses>
				<total>30</total>
				<timestamp>4204.542133</timestamp>
			</report>
			<report>
				<misses>12026001</misses>
				<total>30</total>
				<timestamp>4204.891791</timestamp>
			</report>
			<report>
				<misses>12027001</misses>
				<total>30</total>
				<timestamp>4205.241466</timestamp>
			</report>
			<report>
				<misses>12028001</misses>
				<total>30</total>
				<timestamp>4205.591137</timestamp>
			</report>
			<report>
				<misses>12029001</misses>
				<total>30</total>
				<timestamp>4205.940745</timestamp>
			</report>
			<report>
				<misses>12030001</misses>
				<total>30</total>
				<timestamp>4206.290422</timestamp>
			</report>
			<report>
				<misses>12031001</misses>
				<total>30</total>
				<timestamp>4206.640027</timestamp>
			</report>
			<report>
				<misses>12032001</misses>
				<total>30</total>
				<timestamp>4206.989690</timestamp>
			</report>
			<report>
				<misses>12033001</misses>
				<total>30</total>
				<timestamp>4207.339352</timestamp>
			</report>
			<report>
				<misses>12034001</misses>
				<total>30</total>
				<timestamp>4207.688969</timestamp>
			</report>
			<report>
				<misses>12035001</misses>
				<total>30</total>
				<timestamp>4208.038652</timestamp>
			</report>
			<report>
				<misses>12036001</misses>
				<total>30</total>
				<timestamp>4208.388287</timestamp>
			</report>
			<report>
				<misses>12037001</misses>
				<total>30</total>
				<timestamp>4208.737951</timestamp>
			</report>
			<report>
				<misses>12038001</misses>
				<total>30</total>
				<timestamp>4209.087633</timestamp>
			</report>
			<report>
				<misses>12039001</misses>
				<total>30</total>
				<timestamp>4209.437288</timestamp>
			</report>
			<report>
				<misses>12040001</misses>
				<total>30</total>
				<timestamp>4209.786892</timestamp>
			</report>
			<report>
				<misses>12041001</misses>
				<total>30</total>
				<timestamp>4210.136548</timestamp>
			</report>
			<report>
				<misses>12042001</misses>
				<total>30</total>
				<timestamp>4210.486195</timestamp>
			</report>
			<report>
				<misses>12043001</misses>
				<total>30</total>
				<timestamp>4210.835851</timestamp>
			</report>
			<report>
				<misses>12044001</misses>
				<total>30</total>
				<timestamp>4211.185527</timestamp>
			</report>
			<report>
				<misses>12045001</misses>
				<total>30</total>
				<timestamp>4211.535142</timestamp>
			</report>
			<report>
				<misses>12046001</misses>
				<total>30</total>
				<timestamp>4211.884793</timestamp>
			</report>
			<report>
				<misses>12047001</misses>
				<total>30</total>
				<timestamp>4212.234480</timestamp>
			</report>
			<report>
				<misses>12048001</misses>
				<total>30</total>
				<timestamp>4212.584103</timestamp>
			</report>
			<report>
				<misses>12049001</misses>
				<total>30</total>
				<timestamp>4212.933729</timestamp>
			</report>
			<report>
				<misses>12050001</misses>
				<total>30</total>
				<timestamp>4213.283428</timestamp>
			</report>
			<report>
				<misses>12051001</misses>
				<total>30</total>
				<timestamp>4213.633027</timestamp>
			</report>
			<report>
				<misses>12052001</misses>
				<total>30</total>
				<timestamp>4213.982691</timestamp>
			</report>
			<report>
				<misses>12053001</misses>
				<total>30</total>
				<timestamp>4214.332379</timestamp>
			</report>
			<report>
				<misses>12054001</misses>
				<total>30</total>
				<timestamp>4214.681983</timestamp>
			</report>
			<report>
				<misses>12055001</misses>
				<total>30</total>
				<timestamp>4215.031652</timestamp>
			</report>
			<report>
				<misses>12056001</misses>
				<total>30</total>
				<timestamp>4215.381294</timestamp>
			</report>
			<report>
				<misses>12057001</misses>
				<total>30</total>
				<timestamp>4215.730948</timestamp>
			</report>
			<report>
				<misses>12058001</misses>
				<total>30</total>
				<timestamp>4216.080583</timestamp>
			</report>
			<report>
				<misses>12059001</misses>
				<total>30</total>
				<timestamp>4216.430259</timestamp>
			</report>
			<report>
				<misses>12060001</misses>
				<total>30</total>
				<timestamp>4216.779875</timestamp>
			</report>
			<report>
				<misses>12061001</misses>
				<total>30</total>
				<timestamp>4217.129563</timestamp>
			</report>
			<report>
				<misses>12062001</misses>
				<total>30</total>
				<timestamp>4217.479198</timestamp>
			</report>
			<report>
				<misses>12063001</misses>
				<total>30</total>
				<timestamp>4217.828869</timestamp>
			</report>
			<report>
				<misses>12064001</misses>
				<total>30</total>
				<timestamp>4218.178495</timestamp>
			</report>
			<report>
				<misses>12065001</misses>
				<total>30</total>
				<timestamp>4218.528152</timestamp>
			</report>
			<report>
				<misses>12066001</misses>
				<total>30</total>
				<timestamp>4218.877791</timestamp>
			</report>
			<report>
				<misses>12067001</misses>
				<total>30</total>
				<timestamp>4219.227500</timestamp>
			</report>
			<report>
				<misses>12068001</misses>
				<total>30</total>
				<timestamp>4219.577098</timestamp>
			</report>
			<report>
				<misses>12069001</misses>
				<total>30</total>
				<timestamp>4219.926743</timestamp>
			</report>
			<report>
				<misses>12070001</misses>
				<total>30</total>
				<timestamp>4220.276393</timestamp>
			</report>
			<report>
				<misses>12071001</misses>
				<total>30</total>
				<timestamp>4220.626059</timestamp>
			</report>
			<report>
				<misses>12072001</misses>
				<total>30</total>
				<timestamp>4220.975685</timestamp>
			</report>
			<report>
				<misses>12073001</misses>
				<total>30</total>
				<timestamp>4221.325348</timestamp>
			</report>
			<report>
				<misses>12074001</misses>
				<total>30</total>
				<timestamp>4221.674981</timestamp>
			</report>
			<report>
				<misses>12075001</misses>
				<total>30</total>
				<timestamp>4222.024651</timestamp>
			</report>
			<report>
				<misses>12076001</misses>
				<total>30</total>
				<timestamp>4222.374310</timestamp>
			</report>
			<report>
				<misses>12077001</misses>
				<total>30</total>
				<timestamp>4222.723944</timestamp>
			</report>
			<report>
				<misses>12078001</misses>
				<total>30</total>
				<timestamp>4223.073619</timestamp>
			</report>
			<report>
				<misses>12079001</misses>
				<total>30</total>
				<timestamp>4223.423245</timestamp>
			</report>
			<report>
				<misses>12080001</misses>
				<total>30</total>
				<timestamp>4223.772880</timestamp>
			</report>
			<report>
				<misses>12081001</misses>
				<total>30</total>
				<timestamp>4224.122543</timestamp>
			</report>
			<report>
				<misses>12082001</misses>
				<total>30</total>
				<timestamp>4224.472235</timestamp>
			</report>
			<report>
				<misses>12083001</misses>
				<total>30</total>
				<timestamp>4224.821850</timestamp>
			</report>
			<report>
				<misses>12084001</misses>
				<total>30</total>
				<timestamp>4225.171538</timestamp>
			</report>
			<report>
				<misses>12085001</misses>
				<total>30</total>
				<timestamp>4225.521152</timestamp>
			</report>
			<report>
				<misses>12086001</misses>
				<total>30</total>
				<timestamp>4225.870778</timestamp>
			</report>
			<report>
				<misses>12087001</misses>
				<total>30</total>
				<timestamp>4226.220442</timestamp>
			</report>
			<report>
				<misses>12088001</misses>
				<total>30</total>
				<timestamp>4226.570117</timestamp>
			</report>
			<report>
				<misses>12089001</misses>
				<total>30</total>
				<timestamp>4226.919758</timestamp>
			</report>
			<report>
				<misses>12090001</misses>
				<total>30</total>
				<timestamp>4227.269415</timestamp>
			</report>
			<report>
				<misses>12091001</misses>
				<total>30</total>
				<timestamp>4227.619028</timestamp>
			</report>
			<report>
				<misses>12092001</misses>
				<total>30</total>
				<timestamp>4227.968734</timestamp>
			</report>
			<report>
				<misses>12093001</misses>
				<total>30</total>
				<timestamp>4228.318380</timestamp>
			</report>
			<report>
				<misses>12094001</misses>
				<total>30</total>
				<timestamp>4228.667969</timestamp>
			</report>
			<report>
				<misses>12095001</misses>
				<total>30</total>
				<timestamp>4229.017621</timestamp>
			</report>
			<report>
				<misses>12096001</misses>
				<total>30</total>
				<timestamp>4229.367291</timestamp>
			</report>
			<report>
				<misses>12097001</misses>
				<total>30</total>
				<timestamp>4229.716934</timestamp>
			</report>
			<report>
				<misses>12098001</misses>
				<total>30</total>
				<timestamp>4230.066573</timestamp>
			</report>
			<report>
				<misses>12099001</misses>
				<total>30</total>
				<timestamp>4230.416298</timestamp>
			</report>
			<report>
				<misses>12100001</misses>
				<total>30</total>
				<timestamp>4230.765904</timestamp>
			</report>
			<report>
				<misses>12101001</misses>
				<total>30</total>
				<timestamp>4231.115542</timestamp>
			</report>
			<report>
				<misses>12102001</misses>
				<total>30</total>
				<timestamp>4231.465223</timestamp>
			</report>
			<report>
				<misses>12103001</misses>
				<total>30</total>
				<timestamp>4231.814838</timestamp>
			</report>
			<report>
				<misses>12104001</misses>
				<total>30</total>
				<timestamp>4232.164477</timestamp>
			</report>
			<report>
				<misses>12105001</misses>
				<total>30</total>
				<timestamp>4232.514137</timestamp>
			</report>
			<report>
				<misses>12106001</misses>
				<total>30</total>
				<timestamp>4232.863782</timestamp>
			</report>
			<report>
				<misses>12107001</misses>
				<total>30</total>
				<timestamp>4233.213458</timestamp>
			</report>
			<report>
				<misses>12108001</misses>
				<total>30</total>
				<timestamp>4233.563086</timestamp>
			</report>
			<report>
				<misses>12109001</misses>
				<total>30</total>
				<timestamp>4233.912732</timestamp>
			</report>
			<report>
				<misses>12110001</misses>
				<total>30</total>
				<timestamp>4234.262444</timestamp>
			</report>
			<report>
				<misses>12111001</misses>
				<total>30</total>
				<timestamp>4234.612099</timestamp>
			</report>
			<report>
				<misses>12112001</misses>
				<total>30</total>
				<timestamp>4234.961703</timestamp>
			</report>
			<report>
				<misses>12113001</misses>
				<total>30</total>
				<timestamp>4235.311359</timestamp>
			</report>
			<report>
				<misses>12114001</misses>
				<total>30</total>
				<timestamp>4235.660967</timestamp>
			</report>
			<report>
				<misses>12115001</misses>
				<total>30</total>
				<timestamp>4236.010677</timestamp>
			</report>
			<report>
				<misses>12116001</misses>
				<total>30</total>
				<timestamp>4236.360292</timestamp>
			</report>
			<report>
				<misses>12117001</misses>
				<total>30</total>
				<timestamp>4236.709940</timestamp>
			</report>
			<report>
				<misses>12118001</misses>
				<total>30</total>
				<timestamp>4237.059605</timestamp>
			</report>
			<report>
				<misses>12119001</misses>
				<total>30</total>
				<timestamp>4237.409238</timestamp>
			</report>
			<report>
				<misses>12120001</misses>
				<total>30</total>
				<timestamp>4237.758891</timestamp>
			</report>
			<report>
				<misses>12121001</misses>
				<total>30</total>
				<timestamp>4238.108521</timestamp>
			</report>
			<report>
				<misses>12122001</misses>
				<total>30</total>
				<timestamp>4238.458257</timestamp>
			</report>
			<report>
				<misses>12123001</misses>
				<total>30</total>
				<timestamp>4238.807825</timestamp>
			</report>
			<report>
				<misses>12124001</misses>
				<total>30</total>
				<timestamp>4239.157490</timestamp>
			</report>
			<report>
				<misses>12125001</misses>
				<total>30</total>
				<timestamp>4239.507165</timestamp>
			</report>
			<report>
				<misses>12126001</misses>
				<total>30</total>
				<timestamp>4239.856781</timestamp>
			</report>
			<report>
				<misses>12127001</misses>
				<total>30</total>
				<timestamp>4240.206434</timestamp>
			</report>
			<report>
				<misses>12128001</misses>
				<total>30</total>
				<timestamp>4240.556119</timestamp>
			</report>
			<report>
				<misses>12129001</misses>
				<total>30</total>
				<timestamp>4240.905755</timestamp>
			</report>
			<report>
				<misses>12130001</misses>
				<total>30</total>
				<timestamp>4241.255386</timestamp>
			</report>
			<report>
				<misses>12131001</misses>
				<total>30</total>
				<timestamp>4241.605068</timestamp>
			</report>
			<report>
				<misses>12132001</misses>
				<total>30</total>
				<timestamp>4241.954690</timestamp>
			</report>
			<report>
				<misses>12133001</misses>
				<total>30</total>
				<timestamp>4242.304362</timestamp>
			</report>
			<report>
				<misses>12134001</misses>
				<total>30</total>
				<timestamp>4242.654031</timestamp>
			</report>
			<report>
				<misses>12135001</misses>
				<total>30</total>
				<timestamp>4243.003657</timestamp>
			</report>
			<report>
				<misses>12136001</misses>
				<total>30</total>
				<timestamp>4243.353319</timestamp>
			</report>
			<report>
				<misses>12137001</misses>
				<total>30</total>
				<timestamp>4243.702950</timestamp>
			</report>
			<report>
				<misses>12138001</misses>
				<total>30</total>
				<timestamp>4244.052587</timestamp>
			</report>
			<report>
				<misses>12139001</misses>
				<total>30</total>
				<timestamp>4244.402283</timestamp>
			</report>
			<report>
				<misses>12140001</misses>
				<total>30</total>
				<timestamp>4244.751879</timestamp>
			</report>
			<report>
				<misses>12141001</misses>
				<total>30</total>
				<timestamp>4245.101538</timestamp>
			</report>
			<report>
				<misses>12142001</misses>
				<total>30</total>
				<timestamp>4245.451193</timestamp>
			</report>
			<report>
				<misses>12143001</misses>
				<total>30</total>
				<timestamp>4245.800839</timestamp>
			</report>
			<report>
				<misses>12144001</misses>
				<total>30</total>
				<timestamp>4246.150490</timestamp>
			</report>
			<report>
				<misses>12145001</misses>
				<total>30</total>
				<timestamp>4246.500200</timestamp>
			</report>
			<report>
				<misses>12146001</misses>
				<total>30</total>
				<timestamp>4246.849784</timestamp>
			</report>
			<report>
				<misses>12147001</misses>
				<total>30</total>
				<timestamp>4247.199431</timestamp>
			</report>
			<report>
				<misses>12148001</misses>
				<total>30</total>
				<timestamp>4247.549158</timestamp>
			</report>
			<report>
				<misses>12149001</misses>
				<total>30</total>
				<timestamp>4247.898736</timestamp>
			</report>
			<report>
				<misses>12150001</misses>
				<total>30</total>
				<timestamp>4248.248385</timestamp>
			</report>
			<report>
				<misses>12151001</misses>
				<total>30</total>
				<timestamp>4248.598088</timestamp>
			</report>
			<report>
				<misses>12152001</misses>
				<total>30</total>
				<timestamp>4248.947692</timestamp>
			</report>
			<report>
				<misses>12153001</misses>
				<total>30</total>
				<timestamp>4249.297338</timestamp>
			</report>
			<report>
				<misses>12154001</misses>
				<total>30</total>
				<timestamp>4249.647002</timestamp>
			</report>
			<report>
				<misses>12155001</misses>
				<total>30</total>
				<timestamp>4249.996634</timestamp>
			</report>
			<report>
				<misses>12156001</misses>
				<total>30</total>
				<timestamp>4250.346278</timestamp>
			</report>
			<report>
				<misses>12157001</misses>
				<total>30</total>
				<timestamp>4250.695979</timestamp>
			</report>
			<report>
				<misses>12158001</misses>
				<total>30</total>
				<timestamp>4251.045610</timestamp>
			</report>
			<report>
				<misses>12159001</misses>
				<total>30</total>
				<timestamp>4251.395286</timestamp>
			</report>
			<report>
				<misses>12160001</misses>
				<total>30</total>
				<timestamp>4251.744891</timestamp>
			</report>
			<report>
				<misses>12161001</misses>
				<total>30</total>
				<timestamp>4252.094549</timestamp>
			</report>
			<report>
				<misses>12162001</misses>
				<total>30</total>
				<timestamp>4252.444173</timestamp>
			</report>
			<report>
				<misses>12163001</misses>
				<total>30</total>
				<timestamp>4252.793828</timestamp>
			</report>
			<report>
				<misses>12164001</misses>
				<total>30</total>
				<timestamp>4253.143482</timestamp>
			</report>
			<report>
				<misses>12165001</misses>
				<total>30</total>
				<timestamp>4253.493167</timestamp>
			</report>
			<report>
				<misses>12166001</misses>
				<total>30</total>
				<timestamp>4253.842790</timestamp>
			</report>
			<report>
				<misses>12167001</misses>
				<total>30</total>
				<timestamp>4254.192434</timestamp>
			</report>
			<report>
				<misses>12168001</misses>
				<total>30</total>
				<timestamp>4254.542117</timestamp>
			</report>
			<report>
				<misses>12169001</misses>
				<total>30</total>
				<timestamp>4254.891737</timestamp>
			</report>
			<report>
				<misses>12170001</misses>
				<total>30</total>
				<timestamp>4255.241389</timestamp>
			</report>
			<report>
				<misses>12171001</misses>
				<total>30</total>
				<timestamp>4255.591046</timestamp>
			</report>
			<report>
				<misses>12172001</misses>
				<total>30</total>
				<timestamp>4255.940699</timestamp>
			</report>
			<report>
				<misses>12173001</misses>
				<total>30</total>
				<timestamp>4256.290341</timestamp>
			</report>
			<report>
				<misses>12174001</misses>
				<total>30</total>
				<timestamp>4256.639992</timestamp>
			</report>
			<report>
				<misses>12175001</misses>
				<total>30</total>
				<timestamp>4256.989633</timestamp>
			</report>
			<report>
				<misses>12176001</misses>
				<total>30</total>
				<timestamp>4257.339286</timestamp>
			</report>
			<report>
				<misses>12177001</misses>
				<total>30</total>
				<timestamp>4257.688965</timestamp>
			</report>
			<report>
				<misses>12178001</misses>
				<total>30</total>
				<timestamp>4258.038610</timestamp>
			</report>
			<report>
				<misses>12179001</misses>
				<total>30</total>
				<timestamp>4258.388243</timestamp>
			</report>
			<report>
				<misses>12180001</misses>
				<total>30</total>
				<timestamp>4258.737913</timestamp>
			</report>
			<report>
				<misses>12181001</misses>
				<total>30</total>
				<timestamp>4259.087540</timestamp>
			</report>
			<report>
				<misses>12182001</misses>
				<total>30</total>
				<timestamp>4259.437201</timestamp>
			</report>
			<report>
				<misses>12183001</misses>
				<total>30</total>
				<timestamp>4259.786876</timestamp>
			</report>
			<report>
				<misses>12184001</misses>
				<total>30</total>
				<timestamp>4260.136499</timestamp>
			</report>
			<report>
				<misses>12185001</misses>
				<total>30</total>
				<timestamp>4260.486139</timestamp>
			</report>
			<report>
				<misses>12186001</misses>
				<total>30</total>
				<timestamp>4260.835782</timestamp>
			</report>
			<report>
				<misses>12187001</misses>
				<total>30</total>
				<timestamp>4261.185439</timestamp>
			</report>
			<report>
				<misses>12188001</misses>
				<total>30</total>
				<timestamp>4261.535083</timestamp>
			</report>
			<report>
				<misses>12189001</misses>
				<total>30</total>
				<timestamp>4261.884739</timestamp>
			</report>
			<report>
				<misses>12190001</misses>
				<total>30</total>
				<timestamp>4262.234395</timestamp>
			</report>
			<report>
				<misses>12191001</misses>
				<total>30</total>
				<timestamp>4262.584078</timestamp>
			</report>
			<report>
				<misses>12192001</misses>
				<total>30</total>
				<timestamp>4262.933691</timestamp>
			</report>
			<report>
				<misses>12193001</misses>
				<total>30</total>
				<timestamp>4263.283337</timestamp>
			</report>
			<report>
				<misses>12194001</misses>
				<total>30</total>
				<timestamp>4263.633099</timestamp>
			</report>
			<report>
				<misses>12195001</misses>
				<total>30</total>
				<timestamp>4263.982629</timestamp>
			</report>
			<report>
				<misses>12196001</misses>
				<total>30</total>
				<timestamp>4264.332278</timestamp>
			</report>
			<report>
				<misses>12197001</misses>
				<total>30</total>
				<timestamp>4264.681955</timestamp>
			</report>
			<report>
				<misses>12198001</misses>
				<total>30</total>
				<timestamp>4265.031577</timestamp>
			</report>
			<report>
				<misses>12199001</misses>
				<total>30</total>
				<timestamp>4265.381240</timestamp>
			</report>
			<report>
				<misses>12200001</misses>
				<total>30</total>
				<timestamp>4265.730917</timestamp>
			</report>
			<report>
				<misses>12201001</misses>
				<total>30</total>
				<timestamp>4266.080543</timestamp>
			</report>
			<report>
				<misses>12202001</misses>
				<total>30</total>
				<timestamp>4266.430206</timestamp>
			</report>
			<report>
				<misses>12203001</misses>
				<total>30</total>
				<timestamp>4266.779849</timestamp>
			</report>
			<report>
				<misses>12204001</misses>
				<total>30</total>
				<timestamp>4267.129518</timestamp>
			</report>
			<report>
				<misses>12205001</misses>
				<total>30</total>
				<timestamp>4267.479168</timestamp>
			</report>
			<report>
				<misses>12206001</misses>
				<total>30</total>
				<timestamp>4267.828777</timestamp>
			</report>
			<report>
				<misses>12207001</misses>
				<total>30</total>
				<timestamp>4268.178446</timestamp>
			</report>
			<report>
				<misses>12208001</misses>
				<total>30</total>
				<timestamp>4268.528118</timestamp>
			</report>
			<report>
				<misses>12209001</misses>
				<total>30</total>
				<timestamp>4268.877718</timestamp>
			</report>
			<report>
				<misses>12210001</misses>
				<total>30</total>
				<timestamp>4269.227395</timestamp>
			</report>
			<report>
				<misses>12211001</misses>
				<total>30</total>
				<timestamp>4269.577048</timestamp>
			</report>
			<report>
				<misses>12212001</misses>
				<total>30</total>
				<timestamp>4269.926688</timestamp>
			</report>
			<report>
				<misses>12213001</misses>
				<total>30</total>
				<timestamp>4270.276349</timestamp>
			</report>
			<report>
				<misses>12214001</misses>
				<total>30</total>
				<timestamp>4270.626022</timestamp>
			</report>
			<report>
				<misses>12215001</misses>
				<total>30</total>
				<timestamp>4270.975653</timestamp>
			</report>
			<report>
				<misses>12216001</misses>
				<total>30</total>
				<timestamp>4271.325289</timestamp>
			</report>
			<report>
				<misses>12217001</misses>
				<total>30</total>
				<timestamp>4271.674950</timestamp>
			</report>
			<report>
				<misses>12218001</misses>
				<total>30</total>
				<timestamp>4272.024580</timestamp>
			</report>
			<report>
				<misses>12219001</misses>
				<total>30</total>
				<timestamp>4272.374239</timestamp>
			</report>
			<report>
				<misses>12220001</misses>
				<total>30</total>
				<timestamp>4272.723886</timestamp>
			</report>
			<report>
				<misses>12221001</misses>
				<total>30</total>
				<timestamp>4273.073529</timestamp>
			</report>
			<report>
				<misses>12222001</misses>
				<total>30</total>
				<timestamp>4273.423205</timestamp>
			</report>
			<report>
				<misses>12223001</misses>
				<total>30</total>
				<timestamp>4273.772865</timestamp>
			</report>
			<report>
				<misses>12224001</misses>
				<total>30</total>
				<timestamp>4274.122492</timestamp>
			</report>
			<report>
				<misses>12225001</misses>
				<total>30</total>
				<timestamp>4274.472189</timestamp>
			</report>
			<report>
				<misses>12226001</misses>
				<total>30</total>
				<timestamp>4274.821773</timestamp>
			</report>
			<report>
				<misses>12227001</misses>
				<total>30</total>
				<timestamp>4275.171419</timestamp>
			</report>
			<report>
				<misses>12228001</misses>
				<total>30</total>
				<timestamp>4275.521174</timestamp>
			</report>
			<report>
				<misses>12229001</misses>
				<total>30</total>
				<timestamp>4275.870732</timestamp>
			</report>
			<report>
				<misses>12230001</misses>
				<total>30</total>
				<timestamp>4276.220402</timestamp>
			</report>
			<report>
				<misses>12231001</misses>
				<total>30</total>
				<timestamp>4276.570068</timestamp>
			</report>
			<report>
				<misses>12232001</misses>
				<total>30</total>
				<timestamp>4276.919673</timestamp>
			</report>
			<report>
				<misses>12233001</misses>
				<total>30</total>
				<timestamp>4277.269326</timestamp>
			</report>
			<report>
				<misses>12234001</misses>
				<total>30</total>
				<timestamp>4277.619001</timestamp>
			</report>
			<report>
				<misses>12235001</misses>
				<total>30</total>
				<timestamp>4277.968647</timestamp>
			</report>
			<report>
				<misses>12236001</misses>
				<total>30</total>
				<timestamp>4278.318321</timestamp>
			</report>
			<report>
				<misses>12237001</misses>
				<total>30</total>
				<timestamp>4278.668026</timestamp>
			</report>
			<report>
				<misses>12238001</misses>
				<total>30</total>
				<timestamp>4279.017573</timestamp>
			</report>
			<report>
				<misses>12239001</misses>
				<total>30</total>
				<timestamp>4279.367244</timestamp>
			</report>
			<report>
				<misses>12240001</misses>
				<total>30</total>
				<timestamp>4279.716914</timestamp>
			</report>
			<report>
				<misses>12241001</misses>
				<total>30</total>
				<timestamp>4280.066542</timestamp>
			</report>
			<report>
				<misses>12242001</misses>
				<total>30</total>
				<timestamp>4280.416197</timestamp>
			</report>
			<report>
				<misses>12243001</misses>
				<total>30</total>
				<timestamp>4280.765824</timestamp>
			</report>
			<report>
				<misses>12244001</misses>
				<total>30</total>
				<timestamp>4281.115485</timestamp>
			</report>
			<report>
				<misses>12245001</misses>
				<total>30</total>
				<timestamp>4281.465147</timestamp>
			</report>
			<report>
				<misses>12246001</misses>
				<total>30</total>
				<timestamp>4281.814817</timestamp>
			</report>
			<report>
				<misses>12247001</misses>
				<total>30</total>
				<timestamp>4282.164432</timestamp>
			</report>
			<report>
				<misses>12248001</misses>
				<total>30</total>
				<timestamp>4282.514122</timestamp>
			</report>
			<report>
				<misses>12249001</misses>
				<total>30</total>
				<timestamp>4282.863748</timestamp>
			</report>
			<report>
				<misses>12250001</misses>
				<total>30</total>
				<timestamp>4283.213424</timestamp>
			</report>
			<report>
				<misses>12251001</misses>
				<total>30</total>
				<timestamp>4283.563080</timestamp>
			</report>
			<report>
				<misses>12252001</misses>
				<total>30</total>
				<timestamp>4283.912675</timestamp>
			</report>
			<report>
				<misses>12253001</misses>
				<total>30</total>
				<timestamp>4284.262341</timestamp>
			</report>
			<report>
				<misses>12254001</misses>
				<total>30</total>
				<timestamp>4284.612036</timestamp>
			</report>
			<report>
				<misses>12255001</misses>
				<total>30</total>
				<timestamp>4284.961635</timestamp>
			</report>
			<report>
				<misses>12256001</misses>
				<total>30</total>
				<timestamp>4285.311301</timestamp>
			</report>
			<report>
				<misses>12257001</misses>
				<total>30</total>
				<timestamp>4285.661023</timestamp>
			</report>
			<report>
				<misses>12258001</misses>
				<total>30</total>
				<timestamp>4286.010579</timestamp>
			</report>
			<report>
				<misses>12259001</misses>
				<total>30</total>
				<timestamp>4286.360240</timestamp>
			</report>
			<report>
				<misses>12260001</misses>
				<total>30</total>
				<timestamp>4286.709930</timestamp>
			</report>
			<report>
				<misses>12261001</misses>
				<total>30</total>
				<timestamp>4287.059527</timestamp>
			</report>
			<report>
				<misses>12262001</misses>
				<total>30</total>
				<timestamp>4287.409206</timestamp>
			</report>
			<report>
				<misses>12263001</misses>
				<total>30</total>
				<timestamp>4287.758847</timestamp>
			</report>
			<report>
				<misses>12264001</misses>
				<total>30</total>
				<timestamp>4288.108489</timestamp>
			</report>
			<report>
				<misses>12265001</misses>
				<total>30</total>
				<timestamp>4288.458143</timestamp>
			</report>
			<report>
				<misses>12266001</misses>
				<total>30</total>
				<timestamp>4288.807795</timestamp>
			</report>
			<report>
				<misses>12267001</misses>
				<total>30</total>
				<timestamp>4289.157461</timestamp>
			</report>
			<report>
				<misses>12268001</misses>
				<total>30</total>
				<timestamp>4289.507109</timestamp>
			</report>
			<report>
				<misses>12269001</misses>
				<total>30</total>
				<timestamp>4289.856744</timestamp>
			</report>
			<report>
				<misses>12270001</misses>
				<total>30</total>
				<timestamp>4290.206377</timestamp>
			</report>
			<report>
				<misses>12271001</misses>
				<total>30</total>
				<timestamp>4290.556065</timestamp>
			</report>
			<report>
				<misses>12272001</misses>
				<total>30</total>
				<timestamp>4290.905692</timestamp>
			</report>
			<report>
				<misses>12273001</misses>
				<total>30</total>
				<timestamp>4291.255333</timestamp>
			</report>
			<report>
				<misses>12274001</misses>
				<total>30</total>
				<timestamp>4291.605033</timestamp>
			</report>
			<report>
				<misses>12275001</misses>
				<total>30</total>
				<timestamp>4291.954637</timestamp>
			</report>
			<report>
				<misses>12276001</misses>
				<total>30</total>
				<timestamp>4292.304272</timestamp>
			</report>
			<report>
				<misses>12277001</misses>
				<total>30</total>
				<timestamp>4292.653975</timestamp>
			</report>
			<report>
				<misses>12278001</misses>
				<total>30</total>
				<timestamp>4293.003601</timestamp>
			</report>
			<report>
				<misses>12279001</misses>
				<total>30</total>
				<timestamp>4293.353236</timestamp>
			</report>
			<report>
				<misses>12280001</misses>
				<total>30</total>
				<timestamp>4293.702890</timestamp>
			</report>
			<report>
				<misses>12281001</misses>
				<total>30</total>
				<timestamp>4294.052573</timestamp>
			</report>
			<report>
				<misses>12282001</misses>
				<total>30</total>
				<timestamp>4294.402196</timestamp>
			</report>
			<report>
				<misses>12283001</misses>
				<total>30</total>
				<timestamp>4294.751902</timestamp>
			</report>
			<report>
				<misses>12284001</misses>
				<total>30</total>
				<timestamp>4295.101489</timestamp>
			</report>
			<report>
				<misses>12285001</misses>
				<total>30</total>
				<timestamp>4295.451138</timestamp>
			</report>
			<report>
				<misses>12286001</misses>
				<total>30</total>
				<timestamp>4295.800806</timestamp>
			</report>
			<report>
				<misses>12287001</misses>
				<total>30</total>
				<timestamp>4296.150436</timestamp>
			</report>
			<report>
				<misses>12288001</misses>
				<total>30</total>
				<timestamp>4296.500107</timestamp>
			</report>
			<report>
				<misses>12289001</misses>
				<total>30</total>
				<timestamp>4296.849770</timestamp>
			</report>
			<report>
				<misses>12290001</misses>
				<total>30</total>
				<timestamp>4297.199380</timestamp>
			</report>
			<report>
				<misses>12291001</misses>
				<total>30</total>
				<timestamp>4297.549075</timestamp>
			</report>
			<report>
				<misses>12292001</misses>
				<total>30</total>
				<timestamp>4297.898684</timestamp>
			</report>
			<report>
				<misses>12293001</misses>
				<total>30</total>
				<timestamp>4298.248334</timestamp>
			</report>
			<report>
				<misses>12294001</misses>
				<total>30</total>
				<timestamp>4298.598007</timestamp>
			</report>
			<report>
				<misses>12295001</misses>
				<total>30</total>
				<timestamp>4298.947658</timestamp>
			</report>
			<report>
				<misses>12296001</misses>
				<total>30</total>
				<timestamp>4299.297288</timestamp>
			</report>
			<report>
				<misses>12297001</misses>
				<total>30</total>
				<timestamp>4299.646957</timestamp>
			</report>
			<report>
				<misses>12298001</misses>
				<total>30</total>
				<timestamp>4299.996581</timestamp>
			</report>
			<report>
				<misses>12299001</misses>
				<total>30</total>
				<timestamp>4300.346269</timestamp>
			</report>
			<report>
				<misses>12300001</misses>
				<total>30</total>
				<timestamp>4300.695900</timestamp>
			</report>
			<report>
				<misses>12301001</misses>
				<total>30</total>
				<timestamp>4301.045540</timestamp>
			</report>
			<report>
				<misses>12302001</misses>
				<total>30</total>
				<timestamp>4301.395194</timestamp>
			</report>
			<report>
				<misses>12303001</misses>
				<total>30</total>
				<timestamp>4301.744891</timestamp>
			</report>
			<report>
				<misses>12304001</misses>
				<total>30</total>
				<timestamp>4302.094514</timestamp>
			</report>
			<report>
				<misses>12305001</misses>
				<total>30</total>
				<timestamp>4302.444147</timestamp>
			</report>
			<report>
				<misses>12306001</misses>
				<total>30</total>
				<timestamp>4302.793820</timestamp>
			</report>
			<report>
				<misses>12307001</misses>
				<total>30</total>
				<timestamp>4303.143427</timestamp>
			</report>
			<report>
				<misses>12308001</misses>
				<total>30</total>
				<timestamp>4303.493092</timestamp>
			</report>
			<report>
				<misses>12309001</misses>
				<total>30</total>
				<timestamp>4303.842785</timestamp>
			</report>
			<report>
				<misses>12310001</misses>
				<total>30</total>
				<timestamp>4304.192385</timestamp>
			</report>
			<report>
				<misses>12311001</misses>
				<total>30</total>
				<timestamp>4304.542042</timestamp>
			</report>
			<report>
				<misses>12312001</misses>
				<total>30</total>
				<timestamp>4304.891725</timestamp>
			</report>
			<report>
				<misses>12313001</misses>
				<total>30</total>
				<timestamp>4305.241346</timestamp>
			</report>
			<report>
				<misses>12314001</misses>
				<total>30</total>
				<timestamp>4305.590987</timestamp>
			</report>
			<report>
				<misses>12315001</misses>
				<total>30</total>
				<timestamp>4305.940633</timestamp>
			</report>
			<report>
				<misses>12316001</misses>
				<total>30</total>
				<timestamp>4306.290326</timestamp>
			</report>
			<report>
				<misses>12317001</misses>
				<total>30</total>
				<timestamp>4306.639973</timestamp>
			</report>
			<report>
				<misses>12318001</misses>
				<total>30</total>
				<timestamp>4306.989591</timestamp>
			</report>
			<report>
				<misses>12319001</misses>
				<total>30</total>
				<timestamp>4307.339293</timestamp>
			</report>
			<report>
				<misses>12320001</misses>
				<total>30</total>
				<timestamp>4307.688902</timestamp>
			</report>
			<report>
				<misses>12321001</misses>
				<total>30</total>
				<timestamp>4308.038533</timestamp>
			</report>
			<report>
				<misses>12322001</misses>
				<total>30</total>
				<timestamp>4308.388176</timestamp>
			</report>
			<report>
				<misses>12323001</misses>
				<total>30</total>
				<timestamp>4308.737860</timestamp>
			</report>
			<report>
				<misses>12324001</misses>
				<total>30</total>
				<timestamp>4309.087507</timestamp>
			</report>
			<report>
				<misses>12325001</misses>
				<total>30</total>
				<timestamp>4309.437150</timestamp>
			</report>
			<report>
				<misses>12326001</misses>
				<total>30</total>
				<timestamp>4309.786793</timestamp>
			</report>
			<report>
				<misses>12327001</misses>
				<total>30</total>
				<timestamp>4310.136428</timestamp>
			</report>
			<report>
				<misses>12328001</misses>
				<total>30</total>
				<timestamp>4310.486127</timestamp>
			</report>
			<report>
				<misses>12329001</misses>
				<total>30</total>
				<timestamp>4310.835783</timestamp>
			</report>
			<report>
				<misses>12330001</misses>
				<total>30</total>
				<timestamp>4311.185390</timestamp>
			</report>
			<report>
				<misses>12331001</misses>
				<total>30</total>
				<timestamp>4311.535075</timestamp>
			</report>
			<report>
				<misses>12332001</misses>
				<total>30</total>
				<timestamp>4311.884693</timestamp>
			</report>
			<report>
				<misses>12333001</misses>
				<total>30</total>
				<timestamp>4312.234317</timestamp>
			</report>
			<report>
				<misses>12334001</misses>
				<total>30</total>
				<timestamp>4312.583990</timestamp>
			</report>
			<report>
				<misses>12335001</misses>
				<total>30</total>
				<timestamp>4312.933630</timestamp>
			</report>
			<report>
				<misses>12336001</misses>
				<total>30</total>
				<timestamp>4313.283303</timestamp>
			</report>
			<report>
				<misses>12337001</misses>
				<total>30</total>
				<timestamp>4313.632936</timestamp>
			</report>
			<report>
				<misses>12338001</misses>
				<total>30</total>
				<timestamp>4313.982590</timestamp>
			</report>
			<report>
				<misses>12339001</misses>
				<total>30</total>
				<timestamp>4314.332258</timestamp>
			</report>
			<report>
				<misses>12340001</misses>
				<total>30</total>
				<timestamp>4314.681952</timestamp>
			</report>
			<report>
				<misses>12341001</misses>
				<total>30</total>
				<timestamp>4315.031535</timestamp>
			</report>
			<report>
				<misses>12342001</misses>
				<total>30</total>
				<timestamp>4315.381229</timestamp>
			</report>
			<report>
				<misses>12343001</misses>
				<total>30</total>
				<timestamp>4315.730910</timestamp>
			</report>
			<report>
				<misses>12344001</misses>
				<total>30</total>
				<timestamp>4316.080481</timestamp>
			</report>
			<report>
				<misses>12345001</misses>
				<total>30</total>
				<timestamp>4316.430141</timestamp>
			</report>
			<report>
				<misses>12346001</misses>
				<total>30</total>
				<timestamp>4316.779828</timestamp>
			</report>
			<report>
				<misses>12347001</misses>
				<total>30</total>
				<timestamp>4317.129453</timestamp>
			</report>
			<report>
				<misses>12348001</misses>
				<total>30</total>
				<timestamp>4317.479109</timestamp>
			</report>
			<report>
				<misses>12349001</misses>
				<total>30</total>
				<timestamp>4317.828776</timestamp>
			</report>
			<report>
				<misses>12350001</misses>
				<total>30</total>
				<timestamp>4318.178380</timestamp>
			</report>
			<report>
				<misses>12351001</misses>
				<total>30</total>
				<timestamp>4318.528038</timestamp>
			</report>
			<report>
				<misses>12352001</misses>
				<total>30</total>
				<timestamp>4318.877780</timestamp>
			</report>
			<report>
				<misses>12353001</misses>
				<total>30</total>
				<timestamp>4319.227336</timestamp>
			</report>
			<report>
				<misses>12354001</misses>
				<total>30</total>
				<timestamp>4319.577020</timestamp>
			</report>
			<report>
				<misses>12355001</misses>
				<total>30</total>
				<timestamp>4319.926657</timestamp>
			</report>
			<report>
				<misses>12356001</misses>
				<total>30</total>
				<timestamp>4320.276286</timestamp>
			</report>
			<report>
				<misses>12357001</misses>
				<total>30</total>
				<timestamp>4320.625937</timestamp>
			</report>
			<report>
				<misses>12358001</misses>
				<total>30</total>
				<timestamp>4320.975593</timestamp>
			</report>
			<report>
				<misses>12359001</misses>
				<total>30</total>
				<timestamp>4321.325220</timestamp>
			</report>
			<report>
				<misses>12360001</misses>
				<total>30</total>
				<timestamp>4321.674906</timestamp>
			</report>
			<report>
				<misses>12361001</misses>
				<total>30</total>
				<timestamp>4322.024532</timestamp>
			</report>
			<report>
				<misses>12362001</misses>
				<total>30</total>
				<timestamp>4322.374190</timestamp>
			</report>
			<report>
				<misses>12363001</misses>
				<total>30</total>
				<timestamp>4322.723836</timestamp>
			</report>
			<report>
				<misses>12364001</misses>
				<total>30</total>
				<timestamp>4323.073476</timestamp>
			</report>
			<report>
				<misses>12365001</misses>
				<total>30</total>
				<timestamp>4323.423163</timestamp>
			</report>
			<report>
				<misses>12366001</misses>
				<total>30</total>
				<timestamp>4323.772802</timestamp>
			</report>
			<report>
				<misses>12367001</misses>
				<total>30</total>
				<timestamp>4324.122441</timestamp>
			</report>
			<report>
				<misses>12368001</misses>
				<total>30</total>
				<timestamp>4324.472106</timestamp>
			</report>
			<report>
				<misses>12369001</misses>
				<total>30</total>
				<timestamp>4324.821745</timestamp>
			</report>
			<report>
				<misses>12370001</misses>
				<total>30</total>
				<timestamp>4325.171386</timestamp>
			</report>
			<report>
				<misses>12371001</misses>
				<total>30</total>
				<timestamp>4325.521031</timestamp>
			</report>
			<report>
				<misses>12372001</misses>
				<total>30</total>
				<timestamp>4325.870716</timestamp>
			</report>
			<report>
				<misses>12373001</misses>
				<total>30</total>
				<timestamp>4326.220350</timestamp>
			</report>
			<report>
				<misses>12374001</misses>
				<total>30</total>
				<timestamp>4326.570000</timestamp>
			</report>
			<report>
				<misses>12375001</misses>
				<total>30</total>
				<timestamp>4326.919700</timestamp>
			</report>
			<report>
				<misses>12376001</misses>
				<total>30</total>
				<timestamp>4327.269281</timestamp>
			</report>
			<report>
				<misses>12377001</misses>
				<total>30</total>
				<timestamp>4327.618987</timestamp>
			</report>
			<report>
				<misses>12378001</misses>
				<total>30</total>
				<timestamp>4327.968633</timestamp>
			</report>
			<report>
				<misses>12379001</misses>
				<total>30</total>
				<timestamp>4328.318234</timestamp>
			</report>
			<report>
				<misses>12380001</misses>
				<total>30</total>
				<timestamp>4328.667873</timestamp>
			</report>
			<report>
				<misses>12381001</misses>
				<total>30</total>
				<timestamp>4329.017530</timestamp>
			</report>
			<report>
				<misses>12382001</misses>
				<total>30</total>
				<timestamp>4329.367197</timestamp>
			</report>
			<report>
				<misses>12383001</misses>
				<total>30</total>
				<timestamp>4329.716855</timestamp>
			</report>
			<report>
				<misses>12384001</misses>
				<total>30</total>
				<timestamp>4330.066496</timestamp>
			</report>
			<report>
				<misses>12385001</misses>
				<total>30</total>
				<timestamp>4330.416161</timestamp>
			</report>
			<report>
				<misses>12386001</misses>
				<total>30</total>
				<timestamp>4330.765790</timestamp>
			</report>
			<report>
				<misses>12387001</misses>
				<total>30</total>
				<timestamp>4331.115443</timestamp>
			</report>
			<report>
				<misses>12388001</misses>
				<total>30</total>
				<timestamp>4331.465118</timestamp>
			</report>
			<report>
				<misses>12389001</misses>
				<total>30</total>
				<timestamp>4331.814755</timestamp>
			</report>
			<report>
				<misses>12390001</misses>
				<total>30</total>
				<timestamp>4332.164395</timestamp>
			</report>
			<report>
				<misses>12391001</misses>
				<total>30</total>
				<timestamp>4332.514072</timestamp>
			</report>
			<report>
				<misses>12392001</misses>
				<total>30</total>
				<timestamp>4332.863803</timestamp>
			</report>
			<report>
				<misses>12393001</misses>
				<total>30</total>
				<timestamp>4333.213341</timestamp>
			</report>
			<report>
				<misses>12394001</misses>
				<total>30</total>
				<timestamp>4333.562996</timestamp>
			</report>
			<report>
				<misses>12395001</misses>
				<total>30</total>
				<timestamp>4333.912658</timestamp>
			</report>
			<report>
				<misses>12396001</misses>
				<total>30</total>
				<timestamp>4334.262310</timestamp>
			</report>
			<report>
				<misses>12397001</misses>
				<total>30</total>
				<timestamp>4334.611925</timestamp>
			</report>
			<report>
				<misses>12398001</misses>
				<total>30</total>
				<timestamp>4334.961590</timestamp>
			</report>
			<report>
				<misses>12399001</misses>
				<total>30</total>
				<timestamp>4335.311229</timestamp>
			</report>
			<report>
				<misses>12400001</misses>
				<total>30</total>
				<timestamp>4335.660890</timestamp>
			</report>
			<report>
				<misses>12401001</misses>
				<total>30</total>
				<timestamp>4336.010554</timestamp>
			</report>
			<report>
				<misses>12402001</misses>
				<total>30</total>
				<timestamp>4336.360184</timestamp>
			</report>
			<report>
				<misses>12403001</misses>
				<total>30</total>
				<timestamp>4336.709841</timestamp>
			</report>
			<report>
				<misses>12404001</misses>
				<total>30</total>
				<timestamp>4337.059490</timestamp>
			</report>
			<report>
				<misses>12405001</misses>
				<total>30</total>
				<timestamp>4337.409141</timestamp>
			</report>
			<report>
				<misses>12406001</misses>
				<total>30</total>
				<timestamp>4337.758799</timestamp>
			</report>
			<report>
				<misses>12407001</misses>
				<total>30</total>
				<timestamp>4338.108436</timestamp>
			</report>
			<report>
				<misses>12408001</misses>
				<total>30</total>
				<timestamp>4338.458092</timestamp>
			</report>
			<report>
				<misses>12409001</misses>
				<total>30</total>
				<timestamp>4338.807767</timestamp>
			</report>
			<report>
				<misses>12410001</misses>
				<total>30</total>
				<timestamp>4339.157389</timestamp>
			</report>
			<report>
				<misses>12411001</misses>
				<total>30</total>
				<timestamp>4339.507053</timestamp>
			</report>
			<report>
				<misses>12412001</misses>
				<total>30</total>
				<timestamp>4339.856754</timestamp>
			</report>
			<report>
				<misses>12413001</misses>
				<total>30</total>
				<timestamp>4340.206325</timestamp>
			</report>
			<report>
				<misses>12414001</misses>
				<total>30</total>
				<timestamp>4340.555978</timestamp>
			</report>
			<report>
				<misses>12415001</misses>
				<total>30</total>
				<timestamp>4340.905635</timestamp>
			</report>
			<report>
				<misses>12416001</misses>
				<total>30</total>
				<timestamp>4341.255272</timestamp>
			</report>
			<report>
				<misses>12417001</misses>
				<total>30</total>
				<timestamp>4341.604953</timestamp>
			</report>
			<report>
				<misses>12418001</misses>
				<total>30</total>
				<timestamp>4341.954604</timestamp>
			</report>
			<report>
				<misses>12419001</misses>
				<total>30</total>
				<timestamp>4342.304259</timestamp>
			</report>
			<report>
				<misses>12420001</misses>
				<total>30</total>
				<timestamp>4342.653883</timestamp>
			</report>
			<report>
				<misses>12421001</misses>
				<total>30</total>
				<timestamp>4343.003580</timestamp>
			</report>
			<report>
				<misses>12422001</misses>
				<total>30</total>
				<timestamp>4343.353194</timestamp>
			</report>
			<report>
				<misses>12423001</misses>
				<total>30</total>
				<timestamp>4343.702821</timestamp>
			</report>
			<report>
				<misses>12424001</misses>
				<total>30</total>
				<timestamp>4344.052484</timestamp>
			</report>
			<report>
				<misses>12425001</misses>
				<total>30</total>
				<timestamp>4344.402138</timestamp>
			</report>
			<report>
				<misses>12426001</misses>
				<total>30</total>
				<timestamp>4344.751786</timestamp>
			</report>
			<report>
				<misses>12427001</misses>
				<total>30</total>
				<timestamp>4345.101441</timestamp>
			</report>
			<report>
				<misses>12428001</misses>
				<total>30</total>
				<timestamp>4345.451112</timestamp>
			</report>
			<report>
				<misses>12429001</misses>
				<total>30</total>
				<timestamp>4345.800729</timestamp>
			</report>
			<report>
				<misses>12430001</misses>
				<total>30</total>
				<timestamp>4346.150382</timestamp>
			</report>
			<report>
				<misses>12431001</misses>
				<total>30</total>
				<timestamp>4346.500081</timestamp>
			</report>
			<report>
				<misses>12432001</misses>
				<total>30</total>
				<timestamp>4346.849700</timestamp>
			</report>
			<report>
				<misses>12433001</misses>
				<total>30</total>
				<timestamp>4347.199352</timestamp>
			</report>
			<report>
				<misses>12434001</misses>
				<total>30</total>
				<timestamp>4347.548985</timestamp>
			</report>
			<report>
				<misses>12435001</misses>
				<total>30</total>
				<timestamp>4347.898699</timestamp>
			</report>
			<report>
				<misses>12436001</misses>
				<total>30</total>
				<timestamp>4348.248311</timestamp>
			</report>
			<report>
				<misses>12437001</misses>
				<total>30</total>
				<timestamp>4348.597927</timestamp>
			</report>
			<report>
				<misses>12438001</misses>
				<total>30</total>
				<timestamp>4348.947601</timestamp>
			</report>
			<report>
				<misses>12439001</misses>
				<total>30</total>
				<timestamp>4349.297293</timestamp>
			</report>
			<report>
				<misses>12440001</misses>
				<total>30</total>
				<timestamp>4349.646897</timestamp>
			</report>
			<report>
				<misses>12441001</misses>
				<total>30</total>
				<timestamp>4349.996559</timestamp>
			</report>
			<report>
				<misses>12442001</misses>
				<total>30</total>
				<timestamp>4350.346202</timestamp>
			</report>
			<report>
				<misses>12443001</misses>
				<total>30</total>
				<timestamp>4350.695825</timestamp>
			</report>
			<report>
				<misses>12444001</misses>
				<total>30</total>
				<timestamp>4351.045514</timestamp>
			</report>
			<report>
				<misses>12445001</misses>
				<total>30</total>
				<timestamp>4351.395143</timestamp>
			</report>
			<report>
				<misses>12446001</misses>
				<total>30</total>
				<timestamp>4351.744812</timestamp>
			</report>
			<report>
				<misses>12447001</misses>
				<total>30</total>
				<timestamp>4352.094433</timestamp>
			</report>
			<report>
				<misses>12448001</misses>
				<total>30</total>
				<timestamp>4352.444108</timestamp>
			</report>
			<report>
				<misses>12449001</misses>
				<total>30</total>
				<timestamp>4352.793739</timestamp>
			</report>
			<report>
				<misses>12450001</misses>
				<total>30</total>
				<timestamp>4353.143393</timestamp>
			</report>
			<report>
				<misses>12451001</misses>
				<total>30</total>
				<timestamp>4353.493057</timestamp>
			</report>
			<report>
				<misses>12452001</misses>
				<total>30</total>
				<timestamp>4353.842673</timestamp>
			</report>
			<report>
				<misses>12453001</misses>
				<total>30</total>
				<timestamp>4354.192336</timestamp>
			</report>
			<report>
				<misses>12454001</misses>
				<total>30</total>
				<timestamp>4354.541995</timestamp>
			</report>
			<report>
				<misses>12455001</misses>
				<total>30</total>
				<timestamp>4354.891651</timestamp>
			</report>
			<report>
				<misses>12456001</misses>
				<total>30</total>
				<timestamp>4355.241288</timestamp>
			</report>
			<report>
				<misses>12457001</misses>
				<total>30</total>
				<timestamp>4355.590933</timestamp>
			</report>
			<report>
				<misses>12458001</misses>
				<total>30</total>
				<timestamp>4355.940632</timestamp>
			</report>
			<report>
				<misses>12459001</misses>
				<total>30</total>
				<timestamp>4356.290228</timestamp>
			</report>
			<report>
				<misses>12460001</misses>
				<total>30</total>
				<timestamp>4356.639894</timestamp>
			</report>
			<report>
				<misses>12461001</misses>
				<total>30</total>
				<timestamp>4356.989590</timestamp>
			</report>
			<report>
				<misses>12462001</misses>
				<total>30</total>
				<timestamp>4357.339179</timestamp>
			</report>
			<report>
				<misses>12463001</misses>
				<total>30</total>
				<timestamp>4357.688845</timestamp>
			</report>
			<report>
				<misses>12464001</misses>
				<total>30</total>
				<timestamp>4358.038482</timestamp>
			</report>
			<report>
				<misses>12465001</misses>
				<total>30</total>
				<timestamp>4358.388179</timestamp>
			</report>
			<report>
				<misses>12466001</misses>
				<total>30</total>
				<timestamp>4358.737778</timestamp>
			</report>
			<report>
				<misses>12467001</misses>
				<total>30</total>
				<timestamp>4359.087520</timestamp>
			</report>
			<report>
				<misses>12468001</misses>
				<total>30</total>
				<timestamp>4359.437104</timestamp>
			</report>
			<report>
				<misses>12469001</misses>
				<total>30</total>
				<timestamp>4359.786741</timestamp>
			</report>
			<report>
				<misses>12470001</misses>
				<total>30</total>
				<timestamp>4360.136443</timestamp>
			</report>
			<report>
				<misses>12471001</misses>
				<total>30</total>
				<timestamp>4360.486045</timestamp>
			</report>
			<report>
				<misses>12472001</misses>
				<total>30</total>
				<timestamp>4360.835680</timestamp>
			</report>
			<report>
				<misses>12473001</misses>
				<total>30</total>
				<timestamp>4361.185345</timestamp>
			</report>
			<report>
				<misses>12474001</misses>
				<total>30</total>
				<timestamp>4361.534981</timestamp>
			</report>
			<report>
				<misses>12475001</misses>
				<total>30</total>
				<timestamp>4361.884641</timestamp>
			</report>
			<report>
				<misses>12476001</misses>
				<total>30</total>
				<timestamp>4362.234284</timestamp>
			</report>
			<report>
				<misses>12477001</misses>
				<total>30</total>
				<timestamp>4362.583942</timestamp>
			</report>
			<report>
				<misses>12478001</misses>
				<total>30</total>
				<timestamp>4362.933631</timestamp>
			</report>
			<report>
				<misses>12479001</misses>
				<total>30</total>
				<timestamp>4363.283243</timestamp>
			</report>
			<report>
				<misses>12480001</misses>
				<total>30</total>
				<timestamp>4363.632891</timestamp>
			</report>
			<report>
				<misses>12481001</misses>
				<total>30</total>
				<timestamp>4363.982560</timestamp>
			</report>
			<report>
				<misses>12482001</misses>
				<total>30</total>
				<timestamp>4364.332195</timestamp>
			</report>
			<report>
				<misses>12483001</misses>
				<total>30</total>
				<timestamp>4364.681828</timestamp>
			</report>
			<report>
				<misses>12484001</misses>
				<total>30</total>
				<timestamp>4365.031506</timestamp>
			</report>
			<report>
				<misses>12485001</misses>
				<total>30</total>
				<timestamp>4365.381143</timestamp>
			</report>
			<report>
				<misses>12486001</misses>
				<total>30</total>
				<timestamp>4365.730777</timestamp>
			</report>
			<report>
				<misses>12487001</misses>
				<total>30</total>
				<timestamp>4366.080453</timestamp>
			</report>
			<report>
				<misses>12488001</misses>
				<total>30</total>
				<timestamp>4366.430103</timestamp>
			</report>
			<report>
				<misses>12489001</misses>
				<total>30</total>
				<timestamp>4366.779723</timestamp>
			</report>
			<report>
				<misses>12490001</misses>
				<total>30</total>
				<timestamp>4367.129382</timestamp>
			</report>
			<report>
				<misses>12491001</misses>
				<total>30</total>
				<timestamp>4367.479026</timestamp>
			</report>
			<report>
				<misses>12492001</misses>
				<total>30</total>
				<timestamp>4367.828688</timestamp>
			</report>
			<report>
				<misses>12493001</misses>
				<total>30</total>
				<timestamp>4368.178411</timestamp>
			</report>
			<report>
				<misses>12494001</misses>
				<total>30</total>
				<timestamp>4368.527990</timestamp>
			</report>
			<report>
				<misses>12495001</misses>
				<total>30</total>
				<timestamp>4368.877644</timestamp>
			</report>
			<report>
				<misses>12496001</misses>
				<total>30</total>
				<timestamp>4369.227285</timestamp>
			</report>
			<report>
				<misses>12497001</misses>
				<total>30</total>
				<timestamp>4369.576929</timestamp>
			</report>
			<report>
				<misses>12498001</misses>
				<total>30</total>
				<timestamp>4369.926575</timestamp>
			</report>
			<report>
				<misses>12499001</misses>
				<total>30</total>
				<timestamp>4370.276218</timestamp>
			</report>
			<report>
				<misses>12500001</misses>
				<total>30</total>
				<timestamp>4370.625876</timestamp>
			</report>
			<report>
				<misses>12501001</misses>
				<total>30</total>
				<timestamp>4370.975542</timestamp>
			</report>
			<report>
				<misses>12502001</misses>
				<total>30</total>
				<timestamp>4371.325228</timestamp>
			</report>
			<report>
				<misses>12503001</misses>
				<total>30</total>
				<timestamp>4371.674838</timestamp>
			</report>
			<report>
				<misses>12504001</misses>
				<total>30</total>
				<timestamp>4372.024532</timestamp>
			</report>
			<report>
				<misses>12505001</misses>
				<total>30</total>
				<timestamp>4372.374131</timestamp>
			</report>
			<report>
				<misses>12506001</misses>
				<total>30</total>
				<timestamp>4372.723777</timestamp>
			</report>
			<report>
				<misses>12507001</misses>
				<total>30</total>
				<timestamp>4373.073432</timestamp>
			</report>
			<report>
				<misses>12508001</misses>
				<total>30</total>
				<timestamp>4373.423098</timestamp>
			</report>
			<report>
				<misses>12509001</misses>
				<total>30</total>
				<timestamp>4373.772766</timestamp>
			</report>
			<report>
				<misses>12510001</misses>
				<total>30</total>
				<timestamp>4374.122424</timestamp>
			</report>
			<report>
				<misses>12511001</misses>
				<total>30</total>
				<timestamp>4374.472051</timestamp>
			</report>
			<report>
				<misses>12512001</misses>
				<total>30</total>
				<timestamp>4374.821683</timestamp>
			</report>
			<report>
				<misses>12513001</misses>
				<total>30</total>
				<timestamp>4375.171386</timestamp>
			</report>
			<report>
				<misses>12514001</misses>
				<total>30</total>
				<timestamp>4375.520993</timestamp>
			</report>
			<report>
				<misses>12515001</misses>
				<total>30</total>
				<timestamp>4375.870632</timestamp>
			</report>
			<report>
				<misses>12516001</misses>
				<total>30</total>
				<timestamp>4376.220280</timestamp>
			</report>
			<report>
				<misses>12517001</misses>
				<total>30</total>
				<timestamp>4376.569925</timestamp>
			</report>
			<report>
				<misses>12518001</misses>
				<total>30</total>
				<timestamp>4376.919591</timestamp>
			</report>
			<report>
				<misses>12519001</misses>
				<total>30</total>
				<timestamp>4377.269240</timestamp>
			</report>
			<report>
				<misses>12520001</misses>
				<total>30</total>
				<timestamp>4377.618881</timestamp>
			</report>
			<report>
				<misses>12521001</misses>
				<total>30</total>
				<timestamp>4377.968546</timestamp>
			</report>
			<report>
				<misses>12522001</misses>
				<total>30</total>
				<timestamp>4378.318215</timestamp>
			</report>
			<report>
				<misses>12523001</misses>
				<total>30</total>
				<timestamp>4378.667832</timestamp>
			</report>
			<report>
				<misses>12524001</misses>
				<total>30</total>
				<timestamp>4379.017514</timestamp>
			</report>
			<report>
				<misses>12525001</misses>
				<total>30</total>
				<timestamp>4379.367126</timestamp>
			</report>
			<report>
				<misses>12526001</misses>
				<total>30</total>
				<timestamp>4379.716801</timestamp>
			</report>
			<report>
				<misses>12527001</misses>
				<total>30</total>
				<timestamp>4380.066471</timestamp>
			</report>
			<report>
				<misses>12528001</misses>
				<total>30</total>
				<timestamp>4380.416145</timestamp>
			</report>
			<report>
				<misses>12529001</misses>
				<total>30</total>
				<timestamp>4380.765739</timestamp>
			</report>
			<report>
				<misses>12530001</misses>
				<total>30</total>
				<timestamp>4381.115427</timestamp>
			</report>
			<report>
				<misses>12531001</misses>
				<total>30</total>
				<timestamp>4381.465025</timestamp>
			</report>
			<report>
				<misses>12532001</misses>
				<total>30</total>
				<timestamp>4381.814688</timestamp>
			</report>
			<report>
				<misses>12533001</misses>
				<total>30</total>
				<timestamp>4382.164386</timestamp>
			</report>
			<report>
				<misses>12534001</misses>
				<total>30</total>
				<timestamp>4382.513992</timestamp>
			</report>
			<report>
				<misses>12535001</misses>
				<total>30</total>
				<timestamp>4382.863629</timestamp>
			</report>
			<report>
				<misses>12536001</misses>
				<total>30</total>
				<timestamp>4383.213316</timestamp>
			</report>
			<report>
				<misses>12537001</misses>
				<total>30</total>
				<timestamp>4383.562938</timestamp>
			</report>
			<report>
				<misses>12538001</misses>
				<total>30</total>
				<timestamp>4383.912616</timestamp>
			</report>
			<report>
				<misses>12539001</misses>
				<total>30</total>
				<timestamp>4384.262293</timestamp>
			</report>
			<report>
				<misses>12540001</misses>
				<total>30</total>
				<timestamp>4384.611892</timestamp>
			</report>
			<report>
				<misses>12541001</misses>
				<total>30</total>
				<timestamp>4384.961579</timestamp>
			</report>
			<report>
				<misses>12542001</misses>
				<total>30</total>
				<timestamp>4385.311239</timestamp>
			</report>
			<report>
				<misses>12543001</misses>
				<total>30</total>
				<timestamp>4385.660859</timestamp>
			</report>
			<report>
				<misses>12544001</misses>
				<total>30</total>
				<timestamp>4386.010530</timestamp>
			</report>
			<report>
				<misses>12545001</misses>
				<total>30</total>
				<timestamp>4386.360135</timestamp>
			</report>
			<report>
				<misses>12546001</misses>
				<total>30</total>
				<timestamp>4386.709780</timestamp>
			</report>
			<report>
				<misses>12547001</misses>
				<total>30</total>
				<timestamp>4387.059454</timestamp>
			</report>
			<report>
				<misses>12548001</misses>
				<total>30</total>
				<timestamp>4387.409080</timestamp>
			</report>
			<report>
				<misses>12549001</misses>
				<total>30</total>
				<timestamp>4387.758731</timestamp>
			</report>
			<report>
				<misses>12550001</misses>
				<total>30</total>
				<timestamp>4388.108427</timestamp>
			</report>
			<report>
				<misses>12551001</misses>
				<total>30</total>
				<timestamp>4388.458063</timestamp>
			</report>
			<report>
				<misses>12552001</misses>
				<total>30</total>
				<timestamp>4388.807683</timestamp>
			</report>
			<report>
				<misses>12553001</misses>
				<total>30</total>
				<timestamp>4389.157392</timestamp>
			</report>
			<report>
				<misses>12554001</misses>
				<total>30</total>
				<timestamp>4389.507014</timestamp>
			</report>
			<report>
				<misses>12555001</misses>
				<total>30</total>
				<timestamp>4389.856635</timestamp>
			</report>
			<report>
				<misses>12556001</misses>
				<total>30</total>
				<timestamp>4390.206291</timestamp>
			</report>
			<report>
				<misses>12557001</misses>
				<total>30</total>
				<timestamp>4390.555945</timestamp>
			</report>
			<report>
				<misses>12558001</misses>
				<total>30</total>
				<timestamp>4390.905579</timestamp>
			</report>
			<report>
				<misses>12559001</misses>
				<total>30</total>
				<timestamp>4391.255278</timestamp>
			</report>
			<report>
				<misses>12560001</misses>
				<total>30</total>
				<timestamp>4391.604883</timestamp>
			</report>
			<report>
				<misses>12561001</misses>
				<total>30</total>
				<timestamp>4391.954558</timestamp>
			</report>
			<report>
				<misses>12562001</misses>
				<total>30</total>
				<timestamp>4392.304255</timestamp>
			</report>
			<report>
				<misses>12563001</misses>
				<total>30</total>
				<timestamp>4392.653830</timestamp>
			</report>
			<report>
				<misses>12564001</misses>
				<total>30</total>
				<timestamp>4393.003492</timestamp>
			</report>
			<report>
				<misses>12565001</misses>
				<total>30</total>
				<timestamp>4393.353143</timestamp>
			</report>
			<report>
				<misses>12566001</misses>
				<total>30</total>
				<timestamp>4393.702790</timestamp>
			</report>
			<report>
				<misses>12567001</misses>
				<total>30</total>
				<timestamp>4394.052462</timestamp>
			</report>
			<report>
				<misses>12568001</misses>
				<total>30</total>
				<timestamp>4394.402096</timestamp>
			</report>
			<report>
				<misses>12569001</misses>
				<total>30</total>
				<timestamp>4394.751747</timestamp>
			</report>
			<report>
				<misses>12570001</misses>
				<total>30</total>
				<timestamp>4395.101385</timestamp>
			</report>
			<report>
				<misses>12571001</misses>
				<total>30</total>
				<timestamp>4395.451023</timestamp>
			</report>
			<report>
				<misses>12572001</misses>
				<total>30</total>
				<timestamp>4395.800665</timestamp>
			</report>
			<report>
				<misses>12573001</misses>
				<total>30</total>
				<timestamp>4396.150330</timestamp>
			</report>
			<report>
				<misses>12574001</misses>
				<total>30</total>
				<timestamp>4396.499977</timestamp>
			</report>
			<report>
				<misses>12575001</misses>
				<total>30</total>
				<timestamp>4396.849627</timestamp>
			</report>
			<report>
				<misses>12576001</misses>
				<total>30</total>
				<timestamp>4397.199306</timestamp>
			</report>
			<report>
				<misses>12577001</misses>
				<total>30</total>
				<timestamp>4397.548933</timestamp>
			</report>
			<report>
				<misses>12578001</misses>
				<total>30</total>
				<timestamp>4397.898589</timestamp>
			</report>
			<report>
				<misses>12579001</misses>
				<total>30</total>
				<timestamp>4398.248276</timestamp>
			</report>
			<report>
				<misses>12580001</misses>
				<total>30</total>
				<timestamp>4398.597881</timestamp>
			</report>
			<report>
				<misses>12581001</misses>
				<total>30</total>
				<timestamp>4398.947523</timestamp>
			</report>
			<report>
				<misses>12582001</misses>
				<total>30</total>
				<timestamp>4399.297255</timestamp>
			</report>
			<report>
				<misses>12583001</misses>
				<total>30</total>
				<timestamp>4399.646828</timestamp>
			</report>
			<report>
				<misses>12584001</misses>
				<total>30</total>
				<timestamp>4399.996486</timestamp>
			</report>
			<report>
				<misses>12585001</misses>
				<total>30</total>
				<timestamp>4400.346149</timestamp>
			</report>
			<report>
				<misses>12586001</misses>
				<total>30</total>
				<timestamp>4400.695786</timestamp>
			</report>
			<report>
				<misses>12587001</misses>
				<total>30</total>
				<timestamp>4401.045435</timestamp>
			</report>
			<report>
				<misses>12588001</misses>
				<total>30</total>
				<timestamp>4401.395104</timestamp>
			</report>
			<report>
				<misses>12589001</misses>
				<total>30</total>
				<timestamp>4401.744733</timestamp>
			</report>
			<report>
				<misses>12590001</misses>
				<total>30</total>
				<timestamp>4402.094412</timestamp>
			</report>
			<report>
				<misses>12591001</misses>
				<total>30</total>
				<timestamp>4402.444033</timestamp>
			</report>
			<report>
				<misses>12592001</misses>
				<total>30</total>
				<timestamp>4402.793680</timestamp>
			</report>
			<report>
				<misses>12593001</misses>
				<total>30</total>
				<timestamp>4403.143347</timestamp>
			</report>
			<report>
				<misses>12594001</misses>
				<total>30</total>
				<timestamp>4403.492994</timestamp>
			</report>
			<report>
				<misses>12595001</misses>
				<total>30</total>
				<timestamp>4403.842649</timestamp>
			</report>
			<report>
				<misses>12596001</misses>
				<total>30</total>
				<timestamp>4404.192313</timestamp>
			</report>
			<report>
				<misses>12597001</misses>
				<total>30</total>
				<timestamp>4404.541973</timestamp>
			</report>
			<report>
				<misses>12598001</misses>
				<total>30</total>
				<timestamp>4404.891579</timestamp>
			</report>
			<report>
				<misses>12599001</misses>
				<total>30</total>
				<timestamp>4405.241242</timestamp>
			</report>
			<report>
				<misses>12600001</misses>
				<total>30</total>
				<timestamp>4405.590893</timestamp>
			</report>
			<report>
				<misses>12601001</misses>
				<total>30</total>
				<timestamp>4405.940532</timestamp>
			</report>
			<report>
				<misses>12602001</misses>
				<total>30</total>
				<timestamp>4406.290223</timestamp>
			</report>
			<report>
				<misses>12603001</misses>
				<total>30</total>
				<timestamp>4406.639839</timestamp>
			</report>
			<report>
				<misses>12604001</misses>
				<total>30</total>
				<timestamp>4406.989500</timestamp>
			</report>
			<report>
				<misses>12605001</misses>
				<total>30</total>
				<timestamp>4407.339205</timestamp>
			</report>
			<report>
				<misses>12606001</misses>
				<total>30</total>
				<timestamp>4407.688806</timestamp>
			</report>
			<report>
				<misses>12607001</misses>
				<total>30</total>
				<timestamp>4408.038462</timestamp>
			</report>
			<report>
				<misses>12608001</misses>
				<total>30</total>
				<timestamp>4408.388119</timestamp>
			</report>
			<report>
				<misses>12609001</misses>
				<total>30</total>
				<timestamp>4408.737734</timestamp>
			</report>
			<report>
				<misses>12610001</misses>
				<total>30</total>
				<timestamp>4409.087406</timestamp>
			</report>
			<report>
				<misses>12611001</misses>
				<total>30</total>
				<timestamp>4409.437027</timestamp>
			</report>
			<report>
				<misses>12612001</misses>
				<total>30</total>
				<timestamp>4409.786688</timestamp>
			</report>
			<report>
				<misses>12613001</misses>
				<total>30</total>
				<timestamp>4410.136339</timestamp>
			</report>
			<report>
				<misses>12614001</misses>
				<total>30</total>
				<timestamp>4410.485967</timestamp>
			</report>
			<report>
				<misses>12615001</misses>
				<total>30</total>
				<timestamp>4410.835655</timestamp>
			</report>
			<report>
				<misses>12616001</misses>
				<total>30</total>
				<timestamp>4411.185327</timestamp>
			</report>
			<report>
				<misses>12617001</misses>
				<total>30</total>
				<timestamp>4411.534938</timestamp>
			</report>
			<report>
				<misses>12618001</misses>
				<total>30</total>
				<timestamp>4411.884579</timestamp>
			</report>
			<report>
				<misses>12619001</misses>
				<total>30</total>
				<timestamp>4412.234281</timestamp>
			</report>
			<report>
				<misses>12620001</misses>
				<total>30</total>
				<timestamp>4412.583902</timestamp>
			</report>
			<report>
				<misses>12621001</misses>
				<total>30</total>
				<timestamp>4412.933519</timestamp>
			</report>
			<report>
				<misses>12622001</misses>
				<total>30</total>
				<timestamp>4413.283199</timestamp>
			</report>
			<report>
				<misses>12623001</misses>
				<total>30</total>
				<timestamp>4413.632878</timestamp>
			</report>
			<report>
				<misses>12624001</misses>
				<total>30</total>
				<timestamp>4413.982485</timestamp>
			</report>
			<report>
				<misses>12625001</misses>
				<total>30</total>
				<timestamp>4414.332155</timestamp>
			</report>
			<report>
				<misses>12626001</misses>
				<total>30</total>
				<timestamp>4414.681773</timestamp>
			</report>
			<report>
				<misses>12627001</misses>
				<total>30</total>
				<timestamp>4415.031437</timestamp>
			</report>
			<report>
				<misses>12628001</misses>
				<total>30</total>
				<timestamp>4415.381171</timestamp>
			</report>
			<report>
				<misses>12629001</misses>
				<total>30</total>
				<timestamp>4415.730752</timestamp>
			</report>
			<report>
				<misses>12630001</misses>
				<total>30</total>
				<timestamp>4416.080423</timestamp>
			</report>
			<report>
				<misses>12631001</misses>
				<total>30</total>
				<timestamp>4416.430079</timestamp>
			</report>
			<report>
				<misses>12632001</misses>
				<total>30</total>
				<timestamp>4416.779690</timestamp>
			</report>
			<report>
				<misses>12633001</misses>
				<total>30</total>
				<timestamp>4417.129333</timestamp>
			</report>
			<report>
				<misses>12634001</misses>
				<total>30</total>
				<timestamp>4417.479007</timestamp>
			</report>
			<report>
				<misses>12635001</misses>
				<total>30</total>
				<timestamp>4417.828647</timestamp>
			</report>
			<report>
				<misses>12636001</misses>
				<total>30</total>
				<timestamp>4418.178289</timestamp>
			</report>
			<report>
				<misses>12637001</misses>
				<total>30</total>
				<timestamp>4418.527935</timestamp>
			</report>
			<report>
				<misses>12638001</misses>
				<total>30</total>
				<timestamp>4418.877584</timestamp>
			</report>
			<report>
				<misses>12639001</misses>
				<total>30</total>
				<timestamp>4419.227234</timestamp>
			</report>
			<report>
				<misses>12640001</misses>
				<total>30</total>
				<timestamp>4419.576883</timestamp>
			</report>
			<report>
				<misses>12641001</misses>
				<total>30</total>
				<timestamp>4419.926547</timestamp>
			</report>
			<report>
				<misses>12642001</misses>
				<total>30</total>
				<timestamp>4420.276261</timestamp>
			</report>
			<report>
				<misses>12643001</misses>
				<total>30</total>
				<timestamp>4420.625830</timestamp>
			</report>
			<report>
				<misses>12644001</misses>
				<total>30</total>
				<timestamp>4420.975528</timestamp>
			</report>
			<report>
				<misses>12645001</misses>
				<total>30</total>
				<timestamp>4421.325142</timestamp>
			</report>
			<report>
				<misses>12646001</misses>
				<total>30</total>
				<timestamp>4421.674805</timestamp>
			</report>
			<report>
				<misses>12647001</misses>
				<total>30</total>
				<timestamp>4422.024430</timestamp>
			</report>
			<report>
				<misses>12648001</misses>
				<total>30</total>
				<timestamp>4422.374112</timestamp>
			</report>
			<report>
				<misses>12649001</misses>
				<total>30</total>
				<timestamp>4422.723753</timestamp>
			</report>
			<report>
				<misses>12650001</misses>
				<total>30</total>
				<timestamp>4423.073392</timestamp>
			</report>
			<report>
				<misses>12651001</misses>
				<total>30</total>
				<timestamp>4423.423034</timestamp>
			</report>
			<report>
				<misses>12652001</misses>
				<total>30</total>
				<timestamp>4423.772696</timestamp>
			</report>
			<report>
				<misses>12653001</misses>
				<total>30</total>
				<timestamp>4424.122318</timestamp>
			</report>
			<report>
				<misses>12654001</misses>
				<total>30</total>
				<timestamp>4424.471988</timestamp>
			</report>
			<report>
				<misses>12655001</misses>
				<total>30</total>
				<timestamp>4424.821648</timestamp>
			</report>
			<report>
				<misses>12656001</misses>
				<total>30</total>
				<timestamp>4425.171318</timestamp>
			</report>
			<report>
				<misses>12657001</misses>
				<total>30</total>
				<timestamp>4425.520949</timestamp>
			</report>
			<report>
				<misses>12658001</misses>
				<total>30</total>
				<timestamp>4425.870576</timestamp>
			</report>
			<report>
				<misses>12659001</misses>
				<total>30</total>
				<timestamp>4426.220265</timestamp>
			</report>
			<report>
				<misses>12660001</misses>
				<total>30</total>
				<timestamp>4426.569924</timestamp>
			</report>
			<report>
				<misses>12661001</misses>
				<total>30</total>
				<timestamp>4426.919531</timestamp>
			</report>
			<report>
				<misses>12662001</misses>
				<total>30</total>
				<timestamp>4427.269193</timestamp>
			</report>
			<report>
				<misses>12663001</misses>
				<total>30</total>
				<timestamp>4427.618831</timestamp>
			</report>
			<report>
				<misses>12664001</misses>
				<total>30</total>
				<timestamp>4427.968481</timestamp>
			</report>
			<report>
				<misses>12665001</misses>
				<total>30</total>
				<timestamp>4428.318191</timestamp>
			</report>
			<report>
				<misses>12666001</misses>
				<total>30</total>
				<timestamp>4428.667792</timestamp>
			</report>
			<report>
				<misses>12667001</misses>
				<total>30</total>
				<timestamp>4429.017469</timestamp>
			</report>
			<report>
				<misses>12668001</misses>
				<total>30</total>
				<timestamp>4429.367106</timestamp>
			</report>
			<report>
				<misses>12669001</misses>
				<total>30</total>
				<timestamp>4429.716732</timestamp>
			</report>
			<report>
				<misses>12670001</misses>
				<total>30</total>
				<timestamp>4430.066378</timestamp>
			</report>
			<report>
				<misses>12671001</misses>
				<total>30</total>
				<timestamp>4430.416054</timestamp>
			</report>
			<report>
				<misses>12672001</misses>
				<total>30</total>
				<timestamp>4430.765731</timestamp>
			</report>
			<report>
				<misses>12673001</misses>
				<total>30</total>
				<timestamp>4431.115330</timestamp>
			</report>
			<report>
				<misses>12674001</misses>
				<total>30</total>
				<timestamp>4431.465056</timestamp>
			</report>
			<report>
				<misses>12675001</misses>
				<total>30</total>
				<timestamp>4431.814672</timestamp>
			</report>
			<report>
				<misses>12676001</misses>
				<total>30</total>
				<timestamp>4432.164278</timestamp>
			</report>
			<report>
				<misses>12677001</misses>
				<total>30</total>
				<timestamp>4432.513984</timestamp>
			</report>
			<report>
				<misses>12678001</misses>
				<total>30</total>
				<timestamp>4432.863583</timestamp>
			</report>
			<report>
				<misses>12679001</misses>
				<total>30</total>
				<timestamp>4433.213229</timestamp>
			</report>
			<report>
				<misses>12680001</misses>
				<total>30</total>
				<timestamp>4433.562928</timestamp>
			</report>
			<report>
				<misses>12681001</misses>
				<total>30</total>
				<timestamp>4433.912518</timestamp>
			</report>
			<report>
				<misses>12682001</misses>
				<total>30</total>
				<timestamp>4434.262222</timestamp>
			</report>
			<report>
				<misses>12683001</misses>
				<total>30</total>
				<timestamp>4434.611836</timestamp>
			</report>
			<report>
				<misses>12684001</misses>
				<total>30</total>
				<timestamp>4434.961488</timestamp>
			</report>
			<report>
				<misses>12685001</misses>
				<total>30</total>
				<timestamp>4435.311161</timestamp>
			</report>
			<report>
				<misses>12686001</misses>
				<total>30</total>
				<timestamp>4435.660774</timestamp>
			</report>
			<report>
				<misses>12687001</misses>
				<total>30</total>
				<timestamp>4436.010438</timestamp>
			</report>
			<report>
				<misses>12688001</misses>
				<total>30</total>
				<timestamp>4436.360129</timestamp>
			</report>
			<report>
				<misses>12689001</misses>
				<total>30</total>
				<timestamp>4436.709753</timestamp>
			</report>
			<report>
				<misses>12690001</misses>
				<total>30</total>
				<timestamp>4437.059383</timestamp>
			</report>
			<report>
				<misses>12691001</misses>
				<total>30</total>
				<timestamp>4437.409057</timestamp>
			</report>
			<report>
				<misses>12692001</misses>
				<total>30</total>
				<timestamp>4437.758682</timestamp>
			</report>
			<report>
				<misses>12693001</misses>
				<total>30</total>
				<timestamp>4438.108326</timestamp>
			</report>
			<report>
				<misses>12694001</misses>
				<total>30</total>
				<timestamp>4438.458015</timestamp>
			</report>
			<report>
				<misses>12695001</misses>
				<total>30</total>
				<timestamp>4438.807623</timestamp>
			</report>
			<report>
				<misses>12696001</misses>
				<total>30</total>
				<timestamp>4439.157297</timestamp>
			</report>
			<report>
				<misses>12697001</misses>
				<total>30</total>
				<timestamp>4439.506970</timestamp>
			</report>
			<report>
				<misses>12698001</misses>
				<total>30</total>
				<timestamp>4439.856585</timestamp>
			</report>
			<report>
				<misses>12699001</misses>
				<total>30</total>
				<timestamp>4440.206254</timestamp>
			</report>
			<report>
				<misses>12700001</misses>
				<total>30</total>
				<timestamp>4440.555901</timestamp>
			</report>
			<report>
				<misses>12701001</misses>
				<total>30</total>
				<timestamp>4440.905533</timestamp>
			</report>
			<report>
				<misses>12702001</misses>
				<total>30</total>
				<timestamp>4441.255178</timestamp>
			</report>
			<report>
				<misses>12703001</misses>
				<total>30</total>
				<timestamp>4441.604821</timestamp>
			</report>
			<report>
				<misses>12704001</misses>
				<total>30</total>
				<timestamp>4441.954489</timestamp>
			</report>
			<report>
				<misses>12705001</misses>
				<total>30</total>
				<timestamp>4442.304161</timestamp>
			</report>
			<report>
				<misses>12706001</misses>
				<total>30</total>
				<timestamp>4442.653791</timestamp>
			</report>
			<report>
				<misses>12707001</misses>
				<total>30</total>
				<timestamp>4443.003434</timestamp>
			</report>
			<report>
				<misses>12708001</misses>
				<total>30</total>
				<timestamp>4443.353130</timestamp>
			</report>
			<report>
				<misses>12709001</misses>
				<total>30</total>
				<timestamp>4443.702748</timestamp>
			</report>
			<report>
				<misses>12710001</misses>
				<total>30</total>
				<timestamp>4444.052425</timestamp>
			</report>
			<report>
				<misses>12711001</misses>
				<total>30</total>
				<timestamp>4444.402069</timestamp>
			</report>
			<report>
				<misses>12712001</misses>
				<total>30</total>
				<timestamp>4444.751725</timestamp>
			</report>
			<report>
				<misses>12713001</misses>
				<total>30</total>
				<timestamp>4445.101363</timestamp>
			</report>
			<report>
				<misses>12714001</misses>
				<total>30</total>
				<timestamp>4445.450993</timestamp>
			</report>
			<report>
				<misses>12715001</misses>
				<total>30</total>
				<timestamp>4445.800631</timestamp>
			</report>
			<report>
				<misses>12716001</misses>
				<total>30</total>
				<timestamp>4446.150299</timestamp>
			</report>
			<report>
				<misses>12717001</misses>
				<total>30</total>
				<timestamp>4446.499960</timestamp>
			</report>
			<report>
				<misses>12718001</misses>
				<total>30</total>
				<timestamp>4446.849582</timestamp>
			</report>
			<report>
				<misses>12719001</misses>
				<total>30</total>
				<timestamp>4447.199234</timestamp>
			</report>
			<report>
				<misses>12720001</misses>
				<total>30</total>
				<timestamp>4447.548949</timestamp>
			</report>
			<report>
				<misses>12721001</misses>
				<total>30</total>
				<timestamp>4447.898549</timestamp>
			</report>
			<report>
				<misses>12722001</misses>
				<total>30</total>
				<timestamp>4448.248160</timestamp>
			</report>
			<report>
				<misses>12723001</misses>
				<total>30</total>
				<timestamp>4448.597888</timestamp>
			</report>
			<report>
				<misses>12724001</misses>
				<total>31</total>
				<timestamp>4448.947497</timestamp>
			</report>
			<report>
				<misses>12725001</misses>
				<total>31</total>
				<timestamp>4449.297187</timestamp>
			</report>
			<report>
				<misses>12726001</misses>
				<total>31</total>
				<timestamp>4449.646778</timestamp>
			</report>
			<report>
				<misses>12727001</misses>
				<total>31</total>
				<timestamp>4449.996442</timestamp>
			</report>
			<report>
				<misses>12728001</misses>
				<total>31</total>
				<timestamp>4450.346089</timestamp>
			</report>
			<report>
				<misses>12729001</misses>
				<total>31</total>
				<timestamp>4450.695755</timestamp>
			</report>
			<report>
				<misses>12730001</misses>
				<total>31</total>
				<timestamp>4451.045381</timestamp>
			</report>
			<report>
				<misses>12731001</misses>
				<total>31</total>
				<timestamp>4451.395050</timestamp>
			</report>
			<report>
				<misses>12732001</misses>
				<total>31</total>
				<timestamp>4451.744672</timestamp>
			</report>
			<report>
				<misses>12733001</misses>
				<total>31</total>
				<timestamp>4452.094338</timestamp>
			</report>
			<report>
				<misses>12734001</misses>
				<total>31</total>
				<timestamp>4452.444003</timestamp>
			</report>
			<report>
				<misses>12735001</misses>
				<total>31</total>
				<timestamp>4452.793639</timestamp>
			</report>
			<report>
				<misses>12736001</misses>
				<total>31</total>
				<timestamp>4453.143269</timestamp>
			</report>
			<report>
				<misses>12737001</misses>
				<total>31</total>
				<timestamp>4453.492964</timestamp>
			</report>
			<report>
				<misses>12738001</misses>
				<total>31</total>
				<timestamp>4453.842592</timestamp>
			</report>
			<report>
				<misses>12739001</misses>
				<total>31</total>
				<timestamp>4454.192288</timestamp>
			</report>
			<report>
				<misses>12740001</misses>
				<total>31</total>
				<timestamp>4454.541892</timestamp>
			</report>
			<report>
				<misses>12741001</misses>
				<total>31</total>
				<timestamp>4454.891539</timestamp>
			</report>
			<report>
				<misses>12742001</misses>
				<total>31</total>
				<timestamp>4455.241186</timestamp>
			</report>
			<report>
				<misses>12743001</misses>
				<total>31</total>
				<timestamp>4455.590884</timestamp>
			</report>
			<report>
				<misses>12744001</misses>
				<total>31</total>
				<timestamp>4455.940498</timestamp>
			</report>
			<report>
				<misses>12745001</misses>
				<total>31</total>
				<timestamp>4456.290153</timestamp>
			</report>
			<report>
				<misses>12746001</misses>
				<total>31</total>
				<timestamp>4456.639825</timestamp>
			</report>
			<report>
				<misses>12747001</misses>
				<total>31</total>
				<timestamp>4456.989425</timestamp>
			</report>
			<report>
				<misses>12748001</misses>
				<total>31</total>
				<timestamp>4457.339111</timestamp>
			</report>
			<report>
				<misses>12749001</misses>
				<total>31</total>
				<timestamp>4457.688751</timestamp>
			</report>
			<report>
				<misses>12750001</misses>
				<total>31</total>
				<timestamp>4458.038416</timestamp>
			</report>
			<report>
				<misses>12751001</misses>
				<total>31</total>
				<timestamp>4458.388074</timestamp>
			</report>
			<report>
				<misses>12752001</misses>
				<total>31</total>
				<timestamp>4458.737679</timestamp>
			</report>
			<report>
				<misses>12753001</misses>
				<total>31</total>
				<timestamp>4459.087343</timestamp>
			</report>
			<report>
				<misses>12754001</misses>
				<total>31</total>
				<timestamp>4459.436993</timestamp>
			</report>
			<report>
				<misses>12755001</misses>
				<total>31</total>
				<timestamp>4459.786624</timestamp>
			</report>
			<report>
				<misses>12756001</misses>
				<total>31</total>
				<timestamp>4460.136272</timestamp>
			</report>
			<report>
				<misses>12757001</misses>
				<total>31</total>
				<timestamp>4460.485963</timestamp>
			</report>
			<report>
				<misses>12758001</misses>
				<total>31</total>
				<timestamp>4460.835591</timestamp>
			</report>
			<report>
				<misses>12759001</misses>
				<total>31</total>
				<timestamp>4461.185235</timestamp>
			</report>
			<report>
				<misses>12760001</misses>
				<total>31</total>
				<timestamp>4461.534962</timestamp>
			</report>
			<report>
				<misses>12761001</misses>
				<total>31</total>
				<timestamp>4461.884536</timestamp>
			</report>
			<report>
				<misses>12762001</misses>
				<total>31</total>
				<timestamp>4462.234194</timestamp>
			</report>
			<report>
				<misses>12763001</misses>
				<total>31</total>
				<timestamp>4462.583864</timestamp>
			</report>
			<report>
				<misses>12764001</misses>
				<total>31</total>
				<timestamp>4462.933490</timestamp>
			</report>
			<report>
				<misses>12765001</misses>
				<total>31</total>
				<timestamp>4463.283149</timestamp>
			</report>
			<report>
				<misses>12766001</misses>
				<total>31</total>
				<timestamp>4463.632822</timestamp>
			</report>
			<report>
				<misses>12767001</misses>
				<total>31</total>
				<timestamp>4463.982488</timestamp>
			</report>
			<report>
				<misses>12768001</misses>
				<total>31</total>
				<timestamp>4464.332105</timestamp>
			</report>
			<report>
				<misses>12769001</misses>
				<total>31</total>
				<timestamp>4464.681745</timestamp>
			</report>
			<report>
				<misses>12770001</misses>
				<total>31</total>
				<timestamp>4465.031391</timestamp>
			</report>
			<report>
				<misses>12771001</misses>
				<total>31</total>
				<timestamp>4465.381050</timestamp>
			</report>
			<report>
				<misses>12772001</misses>
				<total>31</total>
				<timestamp>4465.730711</timestamp>
			</report>
			<report>
				<misses>12773001</misses>
				<total>31</total>
				<timestamp>4466.080331</timestamp>
			</report>
			<report>
				<misses>12774001</misses>
				<total>31</total>
				<timestamp>4466.429993</timestamp>
			</report>
			<report>
				<misses>12775001</misses>
				<total>31</total>
				<timestamp>4466.779619</timestamp>
			</report>
			<report>
				<misses>12776001</misses>
				<total>31</total>
				<timestamp>4467.129308</timestamp>
			</report>
			<report>
				<misses>12777001</misses>
				<total>31</total>
				<timestamp>4467.478930</timestamp>
			</report>
			<report>
				<misses>12778001</misses>
				<total>31</total>
				<timestamp>4467.828602</timestamp>
			</report>
			<report>
				<misses>12779001</misses>
				<total>31</total>
				<timestamp>4468.178227</timestamp>
			</report>
			<report>
				<misses>12780001</misses>
				<total>31</total>
				<timestamp>4468.527894</timestamp>
			</report>
			<report>
				<misses>12781001</misses>
				<total>31</total>
				<timestamp>4468.877519</timestamp>
			</report>
			<report>
				<misses>12782001</misses>
				<total>31</total>
				<timestamp>4469.227181</timestamp>
			</report>
			<report>
				<misses>12783001</misses>
				<total>31</total>
				<timestamp>4469.576866</timestamp>
			</report>
			<report>
				<misses>12784001</misses>
				<total>31</total>
				<timestamp>4469.926478</timestamp>
			</report>
			<report>
				<misses>12785001</misses>
				<total>31</total>
				<timestamp>4470.276147</timestamp>
			</report>
			<report>
				<misses>12786001</misses>
				<total>31</total>
				<timestamp>4470.625820</timestamp>
			</report>
			<report>
				<misses>12787001</misses>
				<total>31</total>
				<timestamp>4470.975437</timestamp>
			</report>
			<report>
				<misses>12788001</misses>
				<total>31</total>
				<timestamp>4471.325143</timestamp>
			</report>
			<report>
				<misses>12789001</misses>
				<total>31</total>
				<timestamp>4471.674796</timestamp>
			</report>
			<report>
				<misses>12790001</misses>
				<total>31</total>
				<timestamp>4472.024415</timestamp>
			</report>
			<report>
				<misses>12791001</misses>
				<total>31</total>
				<timestamp>4472.374047</timestamp>
			</report>
			<report>
				<misses>12792001</misses>
				<total>31</total>
				<timestamp>4472.723735</timestamp>
			</report>
			<report>
				<misses>12793001</misses>
				<total>31</total>
				<timestamp>4473.073349</timestamp>
			</report>
			<report>
				<misses>12794001</misses>
				<total>31</total>
				<timestamp>4473.423001</timestamp>
			</report>
			<report>
				<misses>12795001</misses>
				<total>31</total>
				<timestamp>4473.772637</timestamp>
			</report>
			<report>
				<misses>12796001</misses>
				<total>31</total>
				<timestamp>4474.122286</timestamp>
			</report>
			<report>
				<misses>12797001</misses>
				<total>31</total>
				<timestamp>4474.471951</timestamp>
			</report>
			<report>
				<misses>12798001</misses>
				<total>31</total>
				<timestamp>4474.821604</timestamp>
			</report>
			<report>
				<misses>12799001</misses>
				<total>31</total>
				<timestamp>4475.171220</timestamp>
			</report>
			<report>
				<misses>12800001</misses>
				<total>31</total>
				<timestamp>4475.520929</timestamp>
			</report>
			<report>
				<misses>12801001</misses>
				<total>31</total>
				<timestamp>4475.870546</timestamp>
			</report>
			<report>
				<misses>12802001</misses>
				<total>31</total>
				<timestamp>4476.220176</timestamp>
			</report>
			<report>
				<misses>12803001</misses>
				<total>31</total>
				<timestamp>4476.569866</timestamp>
			</report>
			<report>
				<misses>12804001</misses>
				<total>31</total>
				<timestamp>4476.919470</timestamp>
			</report>
			<report>
				<misses>12805001</misses>
				<total>31</total>
				<timestamp>4477.269137</timestamp>
			</report>
			<report>
				<misses>12806001</misses>
				<total>31</total>
				<timestamp>4477.618800</timestamp>
			</report>
			<report>
				<misses>12807001</misses>
				<total>31</total>
				<timestamp>4477.968441</timestamp>
			</report>
			<report>
				<misses>12808001</misses>
				<total>31</total>
				<timestamp>4478.318103</timestamp>
			</report>
			<report>
				<misses>12809001</misses>
				<total>31</total>
				<timestamp>4478.667770</timestamp>
			</report>
			<report>
				<misses>12810001</misses>
				<total>31</total>
				<timestamp>4479.017426</timestamp>
			</report>
			<report>
				<misses>12811001</misses>
				<total>31</total>
				<timestamp>4479.367021</timestamp>
			</report>
			<report>
				<misses>12812001</misses>
				<total>31</total>
				<timestamp>4479.716731</timestamp>
			</report>
			<report>
				<misses>12813001</misses>
				<total>31</total>
				<timestamp>4480.066333</timestamp>
			</report>
			<report>
				<misses>12814001</misses>
				<total>31</total>
				<timestamp>4480.415989</timestamp>
			</report>
			<report>
				<misses>12815001</misses>
				<total>31</total>
				<timestamp>4480.765647</timestamp>
			</report>
			<report>
				<misses>12816001</misses>
				<total>31</total>
				<timestamp>4481.115281</timestamp>
			</report>
			<report>
				<misses>12817001</misses>
				<total>31</total>
				<timestamp>4481.464971</timestamp>
			</report>
			<report>
				<misses>12818001</misses>
				<total>31</total>
				<timestamp>4481.814587</timestamp>
			</report>
			<report>
				<misses>12819001</misses>
				<total>31</total>
				<timestamp>4482.164228</timestamp>
			</report>
			<report>
				<misses>12820001</misses>
				<total>31</total>
				<timestamp>4482.513888</timestamp>
			</report>
			<report>
				<misses>12821001</misses>
				<total>31</total>
				<timestamp>4482.863558</timestamp>
			</report>
			<report>
				<misses>12822001</misses>
				<total>31</total>
				<timestamp>4483.213191</timestamp>
			</report>
			<report>
				<misses>12823001</misses>
				<total>31</total>
				<timestamp>4483.562874</timestamp>
			</report>
			<report>
				<misses>12824001</misses>
				<total>31</total>
				<timestamp>4483.912489</timestamp>
			</report>
			<report>
				<misses>12825001</misses>
				<total>31</total>
				<timestamp>4484.262140</timestamp>
			</report>
			<report>
				<misses>12826001</misses>
				<total>31</total>
				<timestamp>4484.611820</timestamp>
			</report>
			<report>
				<misses>12827001</misses>
				<total>31</total>
				<timestamp>4484.961431</timestamp>
			</report>
			<report>
				<misses>12828001</misses>
				<total>31</total>
				<timestamp>4485.311121</timestamp>
			</report>
			<report>
				<misses>12829001</misses>
				<total>31</total>
				<timestamp>4485.660743</timestamp>
			</report>
			<report>
				<misses>12830001</misses>
				<total>31</total>
				<timestamp>4486.010386</timestamp>
			</report>
			<report>
				<misses>12831001</misses>
				<total>31</total>
				<timestamp>4486.360056</timestamp>
			</report>
			<report>
				<misses>12832001</misses>
				<total>31</total>
				<timestamp>4486.709721</timestamp>
			</report>
			<report>
				<misses>12833001</misses>
				<total>31</total>
				<timestamp>4487.059365</timestamp>
			</report>
			<report>
				<misses>12834001</misses>
				<total>31</total>
				<timestamp>4487.409030</timestamp>
			</report>
			<report>
				<misses>12835001</misses>
				<total>31</total>
				<timestamp>4487.758698</timestamp>
			</report>
			<report>
				<misses>12836001</misses>
				<total>31</total>
				<timestamp>4488.108283</timestamp>
			</report>
			<report>
				<misses>12837001</misses>
				<total>31</total>
				<timestamp>4488.457933</timestamp>
			</report>
			<report>
				<misses>12838001</misses>
				<total>31</total>
				<timestamp>4488.807591</timestamp>
			</report>
			<report>
				<misses>12839001</misses>
				<total>31</total>
				<timestamp>4489.157235</timestamp>
			</report>
			<report>
				<misses>12840001</misses>
				<total>31</total>
				<timestamp>4489.506900</timestamp>
			</report>
			<report>
				<misses>12841001</misses>
				<total>31</total>
				<timestamp>4489.856525</timestamp>
			</report>
			<report>
				<misses>12842001</misses>
				<total>31</total>
				<timestamp>4490.206183</timestamp>
			</report>
			<report>
				<misses>12843001</misses>
				<total>31</total>
				<timestamp>4490.555868</timestamp>
			</report>
			<report>
				<misses>12844001</misses>
				<total>31</total>
				<timestamp>4490.905481</timestamp>
			</report>
			<report>
				<misses>12845001</misses>
				<total>31</total>
				<timestamp>4491.255136</timestamp>
			</report>
			<report>
				<misses>12846001</misses>
				<total>31</total>
				<timestamp>4491.604800</timestamp>
			</report>
			<report>
				<misses>12847001</misses>
				<total>31</total>
				<timestamp>4491.954437</timestamp>
			</report>
			<report>
				<misses>12848001</misses>
				<total>31</total>
				<timestamp>4492.304110</timestamp>
			</report>
			<report>
				<misses>12849001</misses>
				<total>31</total>
				<timestamp>4492.653733</timestamp>
			</report>
			<report>
				<misses>12850001</misses>
				<total>31</total>
				<timestamp>4493.003385</timestamp>
			</report>
			<report>
				<misses>12851001</misses>
				<total>31</total>
				<timestamp>4493.353053</timestamp>
			</report>
			<report>
				<misses>12852001</misses>
				<total>31</total>
				<timestamp>4493.702700</timestamp>
			</report>
			<report>
				<misses>12853001</misses>
				<total>31</total>
				<timestamp>4494.052339</timestamp>
			</report>
			<report>
				<misses>12854001</misses>
				<total>31</total>
				<timestamp>4494.401969</timestamp>
			</report>
			<report>
				<misses>12855001</misses>
				<total>31</total>
				<timestamp>4494.751681</timestamp>
			</report>
			<report>
				<misses>12856001</misses>
				<total>31</total>
				<timestamp>4495.101289</timestamp>
			</report>
			<report>
				<misses>12857001</misses>
				<total>31</total>
				<timestamp>4495.450942</timestamp>
			</report>
			<report>
				<misses>12858001</misses>
				<total>31</total>
				<timestamp>4495.800643</timestamp>
			</report>
			<report>
				<misses>12859001</misses>
				<total>31</total>
				<timestamp>4496.150258</timestamp>
			</report>
			<report>
				<misses>12860001</misses>
				<total>31</total>
				<timestamp>4496.499884</timestamp>
			</report>
			<report>
				<misses>12861001</misses>
				<total>31</total>
				<timestamp>4496.849580</timestamp>
			</report>
			<report>
				<misses>12862001</misses>
				<total>31</total>
				<timestamp>4497.199210</timestamp>
			</report>
			<report>
				<misses>12863001</misses>
				<total>31</total>
				<timestamp>4497.548856</timestamp>
			</report>
			<report>
				<misses>12864001</misses>
				<total>31</total>
				<timestamp>4497.898476</timestamp>
			</report>
			<report>
				<misses>12865001</misses>
				<total>31</total>
				<timestamp>4498.248147</timestamp>
			</report>
			<report>
				<misses>12866001</misses>
				<total>31</total>
				<timestamp>4498.597799</timestamp>
			</report>
			<report>
				<misses>12867001</misses>
				<total>31</total>
				<timestamp>4498.947461</timestamp>
			</report>
			<report>
				<misses>12868001</misses>
				<total>31</total>
				<timestamp>4499.297117</timestamp>
			</report>
			<report>
				<misses>12869001</misses>
				<total>31</total>
				<timestamp>4499.646751</timestamp>
			</report>
			<report>
				<misses>12870001</misses>
				<total>31</total>
				<timestamp>4499.996389</timestamp>
			</report>
			<report>
				<misses>12871001</misses>
				<total>31</total>
				<timestamp>4500.346044</timestamp>
			</report>
			<report>
				<misses>12872001</misses>
				<total>31</total>
				<timestamp>4500.695676</timestamp>
			</report>
			<report>
				<misses>12873001</misses>
				<total>31</total>
				<timestamp>4501.045322</timestamp>
			</report>
			<report>
				<misses>12874001</misses>
				<total>31</total>
				<timestamp>4501.394972</timestamp>
			</report>
			<report>
				<misses>12875001</misses>
				<total>31</total>
				<timestamp>4501.744653</timestamp>
			</report>
			<report>
				<misses>12876001</misses>
				<total>31</total>
				<timestamp>4502.094325</timestamp>
			</report>
			<report>
				<misses>12877001</misses>
				<total>31</total>
				<timestamp>4502.443937</timestamp>
			</report>
			<report>
				<misses>12878001</misses>
				<total>31</total>
				<timestamp>4502.793610</timestamp>
			</report>
			<report>
				<misses>12879001</misses>
				<total>31</total>
				<timestamp>4503.143245</timestamp>
			</report>
			<report>
				<misses>12880001</misses>
				<total>31</total>
				<timestamp>4503.492910</timestamp>
			</report>
			<report>
				<misses>12881001</misses>
				<total>31</total>
				<timestamp>4503.842546</timestamp>
			</report>
			<report>
				<misses>12882001</misses>
				<total>31</total>
				<timestamp>4504.192164</timestamp>
			</report>
			<report>
				<misses>12883001</misses>
				<total>31</total>
				<timestamp>4504.541887</timestamp>
			</report>
			<report>
				<misses>12884001</misses>
				<total>31</total>
				<timestamp>4504.891505</timestamp>
			</report>
			<report>
				<misses>12885001</misses>
				<total>31</total>
				<timestamp>4505.241142</timestamp>
			</report>
			<report>
				<misses>12886001</misses>
				<total>31</total>
				<timestamp>4505.590784</timestamp>
			</report>
			<report>
				<misses>12887001</misses>
				<total>31</total>
				<timestamp>4505.940465</timestamp>
			</report>
			<report>
				<misses>12888001</misses>
				<total>31</total>
				<timestamp>4506.290094</timestamp>
			</report>
			<report>
				<misses>12889001</misses>
				<total>31</total>
				<timestamp>4506.639738</timestamp>
			</report>
			<report>
				<misses>12890001</misses>
				<total>31</total>
				<timestamp>4506.989374</timestamp>
			</report>
			<report>
				<misses>12891001</misses>
				<total>31</total>
				<timestamp>4507.339045</timestamp>
			</report>
			<report>
				<misses>12892001</misses>
				<total>31</total>
				<timestamp>4507.688694</timestamp>
			</report>
			<report>
				<misses>12893001</misses>
				<total>31</total>
				<timestamp>4508.038337</timestamp>
			</report>
			<report>
				<misses>12894001</misses>
				<total>31</total>
				<timestamp>4508.387995</timestamp>
			</report>
			<report>
				<misses>12895001</misses>
				<total>31</total>
				<timestamp>4508.737670</timestamp>
			</report>
			<report>
				<misses>12896001</misses>
				<total>31</total>
				<timestamp>4509.087297</timestamp>
			</report>
			<report>
				<misses>12897001</misses>
				<total>31</total>
				<timestamp>4509.436962</timestamp>
			</report>
			<report>
				<misses>12898001</misses>
				<total>31</total>
				<timestamp>4509.786596</timestamp>
			</report>
			<report>
				<misses>12899001</misses>
				<total>31</total>
				<timestamp>4510.136271</timestamp>
			</report>
			<report>
				<misses>12900001</misses>
				<total>31</total>
				<timestamp>4510.485929</timestamp>
			</report>
			<report>
				<misses>12901001</misses>
				<total>31</total>
				<timestamp>4510.835567</timestamp>
			</report>
			<report>
				<misses>12902001</misses>
				<total>31</total>
				<timestamp>4511.185204</timestamp>
			</report>
			<report>
				<misses>12903001</misses>
				<total>31</total>
				<timestamp>4511.534880</timestamp>
			</report>
			<report>
				<misses>12904001</misses>
				<total>31</total>
				<timestamp>4511.884502</timestamp>
			</report>
			<report>
				<misses>12905001</misses>
				<total>31</total>
				<timestamp>4512.234139</timestamp>
			</report>
			<report>
				<misses>12906001</misses>
				<total>31</total>
				<timestamp>4512.583776</timestamp>
			</report>
			<report>
				<misses>12907001</misses>
				<total>31</total>
				<timestamp>4512.933470</timestamp>
			</report>
			<report>
				<misses>12908001</misses>
				<total>31</total>
				<timestamp>4513.283126</timestamp>
			</report>
			<report>
				<misses>12909001</misses>
				<total>31</total>
				<timestamp>4513.632745</timestamp>
			</report>
			<report>
				<misses>12910001</misses>
				<total>31</total>
				<timestamp>4513.982381</timestamp>
			</report>
			<report>
				<misses>12911001</misses>
				<total>31</total>
				<timestamp>4514.332053</timestamp>
			</report>
			<report>
				<misses>12912001</misses>
				<total>31</total>
				<timestamp>4514.681749</timestamp>
			</report>
			<report>
				<misses>12913001</misses>
				<total>31</total>
				<timestamp>4515.031330</timestamp>
			</report>
			<report>
				<misses>12914001</misses>
				<total>31</total>
				<timestamp>4515.380991</timestamp>
			</report>
			<report>
				<misses>12915001</misses>
				<total>31</total>
				<timestamp>4515.730677</timestamp>
			</report>
			<report>
				<misses>12916001</misses>
				<total>31</total>
				<timestamp>4516.080281</timestamp>
			</report>
			<report>
				<misses>12917001</misses>
				<total>31</total>
				<timestamp>4516.429957</timestamp>
			</report>
			<report>
				<misses>12918001</misses>
				<total>31</total>
				<timestamp>4516.779648</timestamp>
			</report>
			<report>
				<misses>12919001</misses>
				<total>31</total>
				<timestamp>4517.129254</timestamp>
			</report>
			<report>
				<misses>12920001</misses>
				<total>31</total>
				<timestamp>4517.478910</timestamp>
			</report>
			<report>
				<misses>12921001</misses>
				<total>31</total>
				<timestamp>4517.828554</timestamp>
			</report>
			<report>
				<misses>12922001</misses>
				<total>31</total>
				<timestamp>4518.178180</timestamp>
			</report>
			<report>
				<misses>12923001</misses>
				<total>31</total>
				<timestamp>4518.527884</timestamp>
			</report>
			<report>
				<misses>12924001</misses>
				<total>31</total>
				<timestamp>4518.877542</timestamp>
			</report>
			<report>
				<misses>12925001</misses>
				<total>31</total>
				<timestamp>4519.227136</timestamp>
			</report>
			<report>
				<misses>12926001</misses>
				<total>31</total>
				<timestamp>4519.576822</timestamp>
			</report>
			<report>
				<misses>12927001</misses>
				<total>31</total>
				<timestamp>4519.926483</timestamp>
			</report>
			<report>
				<misses>12928001</misses>
				<total>31</total>
				<timestamp>4520.276118</timestamp>
			</report>
			<report>
				<misses>12929001</misses>
				<total>31</total>
				<timestamp>4520.625727</timestamp>
			</report>
			<report>
				<misses>12930001</misses>
				<total>31</total>
				<timestamp>4520.975376</timestamp>
			</report>
			<report>
				<misses>12931001</misses>
				<total>31</total>
				<timestamp>4521.325054</timestamp>
			</report>
			<report>
				<misses>12932001</misses>
				<total>31</total>
				<timestamp>4521.674693</timestamp>
			</report>
			<report>
				<misses>12933001</misses>
				<total>31</total>
				<timestamp>4522.024328</timestamp>
			</report>
			<report>
				<misses>12934001</misses>
				<total>31</total>
				<timestamp>4522.374006</timestamp>
			</report>
			<report>
				<misses>12935001</misses>
				<total>31</total>
				<timestamp>4522.723632</timestamp>
			</report>
			<report>
				<misses>12936001</misses>
				<total>31</total>
				<timestamp>4523.073300</timestamp>
			</report>
			<report>
				<misses>12937001</misses>
				<total>31</total>
				<timestamp>4523.422943</timestamp>
			</report>
			<report>
				<misses>12938001</misses>
				<total>31</total>
				<timestamp>4523.772586</timestamp>
			</report>
			<report>
				<misses>12939001</misses>
				<total>31</total>
				<timestamp>4524.122232</timestamp>
			</report>
			<report>
				<misses>12940001</misses>
				<total>31</total>
				<timestamp>4524.471899</timestamp>
			</report>
			<report>
				<misses>12941001</misses>
				<total>31</total>
				<timestamp>4524.821587</timestamp>
			</report>
			<report>
				<misses>12942001</misses>
				<total>31</total>
				<timestamp>4525.171201</timestamp>
			</report>
			<report>
				<misses>12943001</misses>
				<total>31</total>
				<timestamp>4525.520834</timestamp>
			</report>
			<report>
				<misses>12944001</misses>
				<total>31</total>
				<timestamp>4525.870480</timestamp>
			</report>
			<report>
				<misses>12945001</misses>
				<total>31</total>
				<timestamp>4526.220210</timestamp>
			</report>
			<report>
				<misses>12946001</misses>
				<total>31</total>
				<timestamp>4526.569796</timestamp>
			</report>
			<report>
				<misses>12947001</misses>
				<total>31</total>
				<timestamp>4526.919492</timestamp>
			</report>
			<report>
				<misses>12948001</misses>
				<total>31</total>
				<timestamp>4527.269096</timestamp>
			</report>
			<report>
				<misses>12949001</misses>
				<total>31</total>
				<timestamp>4527.618763</timestamp>
			</report>
			<report>
				<misses>12950001</misses>
				<total>31</total>
				<timestamp>4527.968443</timestamp>
			</report>
			<report>
				<misses>12951001</misses>
				<total>31</total>
				<timestamp>4528.318073</timestamp>
			</report>
			<report>
				<misses>12952001</misses>
				<total>31</total>
				<timestamp>4528.667688</timestamp>
			</report>
			<report>
				<misses>12953001</misses>
				<total>31</total>
				<timestamp>4529.017374</timestamp>
			</report>
			<report>
				<misses>12954001</misses>
				<total>31</total>
				<timestamp>4529.366986</timestamp>
			</report>
			<report>
				<misses>12955001</misses>
				<total>31</total>
				<timestamp>4529.716630</timestamp>
			</report>
			<report>
				<misses>12956001</misses>
				<total>31</total>
				<timestamp>4530.066287</timestamp>
			</report>
			<report>
				<misses>12957001</misses>
				<total>31</total>
				<timestamp>4530.415939</timestamp>
			</report>
			<report>
				<misses>12958001</misses>
				<total>31</total>
				<timestamp>4530.765590</timestamp>
			</report>
			<report>
				<misses>12959001</misses>
				<total>31</total>
				<timestamp>4531.115247</timestamp>
			</report>
			<report>
				<misses>12960001</misses>
				<total>31</total>
				<timestamp>4531.464927</timestamp>
			</report>
			<report>
				<misses>12961001</misses>
				<total>31</total>
				<timestamp>4531.814561</timestamp>
			</report>
			<report>
				<misses>12962001</misses>
				<total>31</total>
				<timestamp>4532.164195</timestamp>
			</report>
			<report>
				<misses>12963001</misses>
				<total>31</total>
				<timestamp>4532.513861</timestamp>
			</report>
			<report>
				<misses>12964001</misses>
				<total>31</total>
				<timestamp>4532.863543</timestamp>
			</report>
			<report>
				<misses>12965001</misses>
				<total>31</total>
				<timestamp>4533.213142</timestamp>
			</report>
			<report>
				<misses>12966001</misses>
				<total>31</total>
				<timestamp>4533.562785</timestamp>
			</report>
			<report>
				<misses>12967001</misses>
				<total>31</total>
				<timestamp>4533.912453</timestamp>
			</report>
			<report>
				<misses>12968001</misses>
				<total>31</total>
				<timestamp>4534.262102</timestamp>
			</report>
			<report>
				<misses>12969001</misses>
				<total>31</total>
				<timestamp>4534.611728</timestamp>
			</report>
			<report>
				<misses>12970001</misses>
				<total>31</total>
				<timestamp>4534.961473</timestamp>
			</report>
			<report>
				<misses>12971001</misses>
				<total>31</total>
				<timestamp>4535.311042</timestamp>
			</report>
			<report>
				<misses>12972001</misses>
				<total>31</total>
				<timestamp>4535.660689</timestamp>
			</report>
			<report>
				<misses>12973001</misses>
				<total>31</total>
				<timestamp>4536.010388</timestamp>
			</report>
			<report>
				<misses>12974001</misses>
				<total>31</total>
				<timestamp>4536.359981</timestamp>
			</report>
			<report>
				<misses>12975001</misses>
				<total>31</total>
				<timestamp>4536.709643</timestamp>
			</report>
			<report>
				<misses>12976001</misses>
				<total>31</total>
				<timestamp>4537.059314</timestamp>
			</report>
			<report>
				<misses>12977001</misses>
				<total>31</total>
				<timestamp>4537.408945</timestamp>
			</report>
			<report>
				<misses>12978001</misses>
				<total>31</total>
				<timestamp>4537.758583</timestamp>
			</report>
			<report>
				<misses>12979001</misses>
				<total>31</total>
				<timestamp>4538.108247</timestamp>
			</report>
			<report>
				<misses>12980001</misses>
				<total>31</total>
				<timestamp>4538.457888</timestamp>
			</report>
			<report>
				<misses>12981001</misses>
				<total>31</total>
				<timestamp>4538.807534</timestamp>
			</report>
			<report>
				<misses>12982001</misses>
				<total>31</total>
				<timestamp>4539.157196</timestamp>
			</report>
			<report>
				<misses>12983001</misses>
				<total>31</total>
				<timestamp>4539.506857</timestamp>
			</report>
			<report>
				<misses>12984001</misses>
				<total>31</total>
				<timestamp>4539.856505</timestamp>
			</report>
			<report>
				<misses>12985001</misses>
				<total>31</total>
				<timestamp>4540.206134</timestamp>
			</report>
			<report>
				<misses>12986001</misses>
				<total>31</total>
				<timestamp>4540.555779</timestamp>
			</report>
			<report>
				<misses>12987001</misses>
				<total>31</total>
				<timestamp>4540.905433</timestamp>
			</report>
			<report>
				<misses>12988001</misses>
				<total>31</total>
				<timestamp>4541.255125</timestamp>
			</report>
			<report>
				<misses>12989001</misses>
				<total>31</total>
				<timestamp>4541.604730</timestamp>
			</report>
			<report>
				<misses>12990001</misses>
				<total>31</total>
				<timestamp>4541.954378</timestamp>
			</report>
			<report>
				<misses>12991001</misses>
				<total>31</total>
				<timestamp>4542.304039</timestamp>
			</report>
			<report>
				<misses>12992001</misses>
				<total>31</total>
				<timestamp>4542.653680</timestamp>
			</report>
			<report>
				<misses>12993001</misses>
				<total>31</total>
				<timestamp>4543.003403</timestamp>
			</report>
			<report>
				<misses>12994001</misses>
				<total>31</total>
				<timestamp>4543.352988</timestamp>
			</report>
			<report>
				<misses>12995001</misses>
				<total>31</total>
				<timestamp>4543.702649</timestamp>
			</report>
			<report>
				<misses>12996001</misses>
				<total>31</total>
				<timestamp>4544.052287</timestamp>
			</report>
			<report>
				<misses>12997001</misses>
				<total>31</total>
				<timestamp>4544.401946</timestamp>
			</report>
			<report>
				<misses>12998001</misses>
				<total>31</total>
				<timestamp>4544.751578</timestamp>
			</report>
			<report>
				<misses>12999001</misses>
				<total>31</total>
				<timestamp>4545.101235</timestamp>
			</report>
			<report>
				<misses>13000001</misses>
				<total>31</total>
				<timestamp>4545.450899</timestamp>
			</report>
			<report>
				<misses>13001001</misses>
				<total>31</total>
				<timestamp>4545.800585</timestamp>
			</report>
			<report>
				<misses>13002001</misses>
				<total>31</total>
				<timestamp>4546.150214</timestamp>
			</report>
			<report>
				<misses>13003001</misses>
				<total>31</total>
				<timestamp>4546.499881</timestamp>
			</report>
			<report>
				<misses>13004001</misses>
				<total>31</total>
				<timestamp>4546.849498</timestamp>
			</report>
			<report>
				<misses>13005001</misses>
				<total>31</total>
				<timestamp>4547.199201</timestamp>
			</report>
			<report>
				<misses>13006001</misses>
				<total>31</total>
				<timestamp>4547.548821</timestamp>
			</report>
			<report>
				<misses>13007001</misses>
				<total>31</total>
				<timestamp>4547.898451</timestamp>
			</report>
			<report>
				<misses>13008001</misses>
				<total>31</total>
				<timestamp>4548.248097</timestamp>
			</report>
			<report>
				<misses>13009001</misses>
				<total>31</total>
				<timestamp>4548.597736</timestamp>
			</report>
			<report>
				<misses>13010001</misses>
				<total>31</total>
				<timestamp>4548.947406</timestamp>
			</report>
			<report>
				<misses>13011001</misses>
				<total>31</total>
				<timestamp>4549.297035</timestamp>
			</report>
			<report>
				<misses>13012001</misses>
				<total>31</total>
				<timestamp>4549.646718</timestamp>
			</report>
			<report>
				<misses>13013001</misses>
				<total>31</total>
				<timestamp>4549.996362</timestamp>
			</report>
			<report>
				<misses>13014001</misses>
				<total>31</total>
				<timestamp>4550.345981</timestamp>
			</report>
			<report>
				<misses>13015001</misses>
				<total>31</total>
				<timestamp>4550.695634</timestamp>
			</report>
			<report>
				<misses>13016001</misses>
				<total>31</total>
				<timestamp>4551.045317</timestamp>
			</report>
			<report>
				<misses>13017001</misses>
				<total>31</total>
				<timestamp>4551.394948</timestamp>
			</report>
			<report>
				<misses>13018001</misses>
				<total>31</total>
				<timestamp>4551.744605</timestamp>
			</report>
			<report>
				<misses>13019001</misses>
				<total>31</total>
				<timestamp>4552.094297</timestamp>
			</report>
			<report>
				<misses>13020001</misses>
				<total>31</total>
				<timestamp>4552.443900</timestamp>
			</report>
			<report>
				<misses>13021001</misses>
				<total>31</total>
				<timestamp>4552.793549</timestamp>
			</report>
			<report>
				<misses>13022001</misses>
				<total>31</total>
				<timestamp>4553.143240</timestamp>
			</report>
			<report>
				<misses>13023001</misses>
				<total>31</total>
				<timestamp>4553.492835</timestamp>
			</report>
			<report>
				<misses>13024001</misses>
				<total>31</total>
				<timestamp>4553.842473</timestamp>
			</report>
			<report>
				<misses>13025001</misses>
				<total>31</total>
				<timestamp>4554.192127</timestamp>
			</report>
			<report>
				<misses>13026001</misses>
				<total>31</total>
				<timestamp>4554.541791</timestamp>
			</report>
			<report>
				<misses>13027001</misses>
				<total>31</total>
				<timestamp>4554.891444</timestamp>
			</report>
			<report>
				<misses>13028001</misses>
				<total>31</total>
				<timestamp>4555.241102</timestamp>
			</report>
			<report>
				<misses>13029001</misses>
				<total>31</total>
				<timestamp>4555.590776</timestamp>
			</report>
			<report>
				<misses>13030001</misses>
				<total>31</total>
				<timestamp>4555.940407</timestamp>
			</report>
			<report>
				<misses>13031001</misses>
				<total>31</total>
				<timestamp>4556.290049</timestamp>
			</report>
			<report>
				<misses>13032001</misses>
				<total>31</total>
				<timestamp>4556.639733</timestamp>
			</report>
			<report>
				<misses>13033001</misses>
				<total>31</total>
				<timestamp>4556.989385</timestamp>
			</report>
			<report>
				<misses>13034001</misses>
				<total>31</total>
				<timestamp>4557.338987</timestamp>
			</report>
			<report>
				<misses>13035001</misses>
				<total>31</total>
				<timestamp>4557.688672</timestamp>
			</report>
			<report>
				<misses>13036001</misses>
				<total>31</total>
				<timestamp>4558.038304</timestamp>
			</report>
			<report>
				<misses>13037001</misses>
				<total>31</total>
				<timestamp>4558.387935</timestamp>
			</report>
			<report>
				<misses>13038001</misses>
				<total>31</total>
				<timestamp>4558.737576</timestamp>
			</report>
			<report>
				<misses>13039001</misses>
				<total>31</total>
				<timestamp>4559.087268</timestamp>
			</report>
			<report>
				<misses>13040001</misses>
				<total>31</total>
				<timestamp>4559.436881</timestamp>
			</report>
			<report>
				<misses>13041001</misses>
				<total>31</total>
				<timestamp>4559.786537</timestamp>
			</report>
			<report>
				<misses>13042001</misses>
				<total>31</total>
				<timestamp>4560.136202</timestamp>
			</report>
			<report>
				<misses>13043001</misses>
				<total>31</total>
				<timestamp>4560.485855</timestamp>
			</report>
			<report>
				<misses>13044001</misses>
				<total>31</total>
				<timestamp>4560.835506</timestamp>
			</report>
			<report>
				<misses>13045001</misses>
				<total>31</total>
				<timestamp>4561.185139</timestamp>
			</report>
			<report>
				<misses>13046001</misses>
				<total>31</total>
				<timestamp>4561.534783</timestamp>
			</report>
			<report>
				<misses>13047001</misses>
				<total>31</total>
				<timestamp>4561.884441</timestamp>
			</report>
			<report>
				<misses>13048001</misses>
				<total>31</total>
				<timestamp>4562.234111</timestamp>
			</report>
			<report>
				<misses>13049001</misses>
				<total>31</total>
				<timestamp>4562.583778</timestamp>
			</report>
			<report>
				<misses>13050001</misses>
				<total>31</total>
				<timestamp>4562.933376</timestamp>
			</report>
			<report>
				<misses>13051001</misses>
				<total>31</total>
				<timestamp>4563.283044</timestamp>
			</report>
			<report>
				<misses>13052001</misses>
				<total>31</total>
				<timestamp>4563.632723</timestamp>
			</report>
			<report>
				<misses>13053001</misses>
				<total>31</total>
				<timestamp>4563.982348</timestamp>
			</report>
			<report>
				<misses>13054001</misses>
				<total>31</total>
				<timestamp>4564.331992</timestamp>
			</report>
			<report>
				<misses>13055001</misses>
				<total>31</total>
				<timestamp>4564.681638</timestamp>
			</report>
			<report>
				<misses>13056001</misses>
				<total>31</total>
				<timestamp>4565.031327</timestamp>
			</report>
			<report>
				<misses>13057001</misses>
				<total>31</total>
				<timestamp>4565.380942</timestamp>
			</report>
			<report>
				<misses>13058001</misses>
				<total>31</total>
				<timestamp>4565.730580</timestamp>
			</report>
			<report>
				<misses>13059001</misses>
				<total>31</total>
				<timestamp>4566.080288</timestamp>
			</report>
			<report>
				<misses>13060001</misses>
				<total>31</total>
				<timestamp>4566.429898</timestamp>
			</report>
			<report>
				<misses>13061001</misses>
				<total>31</total>
				<timestamp>4566.779572</timestamp>
			</report>
			<report>
				<misses>13062001</misses>
				<total>31</total>
				<timestamp>4567.129211</timestamp>
			</report>
			<report>
				<misses>13063001</misses>
				<total>31</total>
				<timestamp>4567.478872</timestamp>
			</report>
			<report>
				<misses>13064001</misses>
				<total>31</total>
				<timestamp>4567.828474</timestamp>
			</report>
			<report>
				<misses>13065001</misses>
				<total>31</total>
				<timestamp>4568.178147</timestamp>
			</report>
			<report>
				<misses>13066001</misses>
				<total>31</total>
				<timestamp>4568.527799</timestamp>
			</report>
			<report>
				<misses>13067001</misses>
				<total>31</total>
				<timestamp>4568.877426</timestamp>
			</report>
			<report>
				<misses>13068001</misses>
				<total>31</total>
				<timestamp>4569.227115</timestamp>
			</report>
			<report>
				<misses>13069001</misses>
				<total>31</total>
				<timestamp>4569.576745</timestamp>
			</report>
			<report>
				<misses>13070001</misses>
				<total>31</total>
				<timestamp>4569.926379</timestamp>
			</report>
			<report>
				<misses>13071001</misses>
				<total>31</total>
				<timestamp>4570.276039</timestamp>
			</report>
			<report>
				<misses>13072001</misses>
				<total>31</total>
				<timestamp>4570.625704</timestamp>
			</report>
			<report>
				<misses>13073001</misses>
				<total>31</total>
				<timestamp>4570.975337</timestamp>
			</report>
			<report>
				<misses>13074001</misses>
				<total>31</total>
				<timestamp>4571.324997</timestamp>
			</report>
			<report>
				<misses>13075001</misses>
				<total>31</total>
				<timestamp>4571.674633</timestamp>
			</report>
			<report>
				<misses>13076001</misses>
				<total>31</total>
				<timestamp>4572.024302</timestamp>
			</report>
			<report>
				<misses>13077001</misses>
				<total>31</total>
				<timestamp>4572.373931</timestamp>
			</report>
			<report>
				<misses>13078001</misses>
				<total>31</total>
				<timestamp>4572.723578</timestamp>
			</report>
			<report>
				<misses>13079001</misses>
				<total>31</total>
				<timestamp>4573.073278</timestamp>
			</report>
			<report>
				<misses>13080001</misses>
				<total>31</total>
				<timestamp>4573.422891</timestamp>
			</report>
			<report>
				<misses>13081001</misses>
				<total>31</total>
				<timestamp>4573.772540</timestamp>
			</report>
			<report>
				<misses>13082001</misses>
				<total>31</total>
				<timestamp>4574.122216</timestamp>
			</report>
			<report>
				<misses>13083001</misses>
				<total>31</total>
				<timestamp>4574.471841</timestamp>
			</report>
			<report>
				<misses>13084001</misses>
				<total>31</total>
				<timestamp>4574.821508</timestamp>
			</report>
			<report>
				<misses>13085001</misses>
				<total>31</total>
				<timestamp>4575.171168</timestamp>
			</report>
			<report>
				<misses>13086001</misses>
				<total>31</total>
				<timestamp>4575.520776</timestamp>
			</report>
			<report>
				<misses>13087001</misses>
				<total>31</total>
				<timestamp>4575.870460</timestamp>
			</report>
			<report>
				<misses>13088001</misses>
				<total>31</total>
				<timestamp>4576.220131</timestamp>
			</report>
			<report>
				<misses>13089001</misses>
				<total>31</total>
				<timestamp>4576.569741</timestamp>
			</report>
			<report>
				<misses>13090001</misses>
				<total>31</total>
				<timestamp>4576.919372</timestamp>
			</report>
			<report>
				<misses>13091001</misses>
				<total>31</total>
				<timestamp>4577.269098</timestamp>
			</report>
			<report>
				<misses>13092001</misses>
				<total>31</total>
				<timestamp>4577.618722</timestamp>
			</report>
			<report>
				<misses>13093001</misses>
				<total>31</total>
				<timestamp>4577.968334</timestamp>
			</report>
			<report>
				<misses>13094001</misses>
				<total>31</total>
				<timestamp>4578.317978</timestamp>
			</report>
			<report>
				<misses>13095001</misses>
				<total>31</total>
				<timestamp>4578.667655</timestamp>
			</report>
			<report>
				<misses>13096001</misses>
				<total>31</total>
				<timestamp>4579.017299</timestamp>
			</report>
			<report>
				<misses>13097001</misses>
				<total>31</total>
				<timestamp>4579.366930</timestamp>
			</report>
			<report>
				<misses>13098001</misses>
				<total>31</total>
				<timestamp>4579.716623</timestamp>
			</report>
			<report>
				<misses>13099001</misses>
				<total>31</total>
				<timestamp>4580.066244</timestamp>
			</report>
			<report>
				<misses>13100001</misses>
				<total>31</total>
				<timestamp>4580.415876</timestamp>
			</report>
			<report>
				<misses>13101001</misses>
				<total>31</total>
				<timestamp>4580.765586</timestamp>
			</report>
			<report>
				<misses>13102001</misses>
				<total>31</total>
				<timestamp>4581.115200</timestamp>
			</report>
			<report>
				<misses>13103001</misses>
				<total>31</total>
				<timestamp>4581.464832</timestamp>
			</report>
			<report>
				<misses>13104001</misses>
				<total>31</total>
				<timestamp>4581.814493</timestamp>
			</report>
			<report>
				<misses>13105001</misses>
				<total>31</total>
				<timestamp>4582.164145</timestamp>
			</report>
			<report>
				<misses>13106001</misses>
				<total>31</total>
				<timestamp>4582.513792</timestamp>
			</report>
			<report>
				<misses>13107001</misses>
				<total>31</total>
				<timestamp>4582.863459</timestamp>
			</report>
			<report>
				<misses>13108001</misses>
				<total>31</total>
				<timestamp>4583.213106</timestamp>
			</report>
			<report>
				<misses>13109001</misses>
				<total>31</total>
				<timestamp>4583.562733</timestamp>
			</report>
			<report>
				<misses>13110001</misses>
				<total>31</total>
				<timestamp>4583.912382</timestamp>
			</report>
			<report>
				<misses>13111001</misses>
				<total>31</total>
				<timestamp>4584.262035</timestamp>
			</report>
			<report>
				<misses>13112001</misses>
				<total>31</total>
				<timestamp>4584.611679</timestamp>
			</report>
			<report>
				<misses>13113001</misses>
				<total>31</total>
				<timestamp>4584.961325</timestamp>
			</report>
			<report>
				<misses>13114001</misses>
				<total>31</total>
				<timestamp>4585.310992</timestamp>
			</report>
			<report>
				<misses>13115001</misses>
				<total>31</total>
				<timestamp>4585.660650</timestamp>
			</report>
			<report>
				<misses>13116001</misses>
				<total>31</total>
				<timestamp>4586.010284</timestamp>
			</report>
			<report>
				<misses>13117001</misses>
				<total>31</total>
				<timestamp>4586.359936</timestamp>
			</report>
			<report>
				<misses>13118001</misses>
				<total>31</total>
				<timestamp>4586.709609</timestamp>
			</report>
			<report>
				<misses>13119001</misses>
				<total>31</total>
				<timestamp>4587.059241</timestamp>
			</report>
			<report>
				<misses>13120001</misses>
				<total>31</total>
				<timestamp>4587.408886</timestamp>
			</report>
			<report>
				<misses>13121001</misses>
				<total>31</total>
				<timestamp>4587.758544</timestamp>
			</report>
			<report>
				<misses>13122001</misses>
				<total>31</total>
				<timestamp>4588.108180</timestamp>
			</report>
			<report>
				<misses>13123001</misses>
				<total>31</total>
				<timestamp>4588.457834</timestamp>
			</report>
			<report>
				<misses>13124001</misses>
				<total>31</total>
				<timestamp>4588.807516</timestamp>
			</report>
			<report>
				<misses>13125001</misses>
				<total>31</total>
				<timestamp>4589.157152</timestamp>
			</report>
			<report>
				<misses>13126001</misses>
				<total>31</total>
				<timestamp>4589.506780</timestamp>
			</report>
			<report>
				<misses>13127001</misses>
				<total>31</total>
				<timestamp>4589.856437</timestamp>
			</report>
			<report>
				<misses>13128001</misses>
				<total>31</total>
				<timestamp>4590.206096</timestamp>
			</report>
			<report>
				<misses>13129001</misses>
				<total>31</total>
				<timestamp>4590.555750</timestamp>
			</report>
			<report>
				<misses>13130001</misses>
				<total>31</total>
				<timestamp>4590.905402</timestamp>
			</report>
			<report>
				<misses>13131001</misses>
				<total>31</total>
				<timestamp>4591.255038</timestamp>
			</report>
			<report>
				<misses>13132001</misses>
				<total>31</total>
				<timestamp>4591.604689</timestamp>
			</report>
			<report>
				<misses>13133001</misses>
				<total>31</total>
				<timestamp>4591.954337</timestamp>
			</report>
			<report>
				<misses>13134001</misses>
				<total>31</total>
				<timestamp>4592.304009</timestamp>
			</report>
			<report>
				<misses>13135001</misses>
				<total>31</total>
				<timestamp>4592.653658</timestamp>
			</report>
			<report>
				<misses>13136001</misses>
				<total>31</total>
				<timestamp>4593.003276</timestamp>
			</report>
			<report>
				<misses>13137001</misses>
				<total>31</total>
				<timestamp>4593.352945</timestamp>
			</report>
			<report>
				<misses>13138001</misses>
				<total>31</total>
				<timestamp>4593.702632</timestamp>
			</report>
			<report>
				<misses>13139001</misses>
				<total>31</total>
				<timestamp>4594.052285</timestamp>
			</report>
			<report>
				<misses>13140001</misses>
				<total>31</total>
				<timestamp>4594.401891</timestamp>
			</report>
			<report>
				<misses>13141001</misses>
				<total>31</total>
				<timestamp>4594.751540</timestamp>
			</report>
			<report>
				<misses>13142001</misses>
				<total>31</total>
				<timestamp>4595.101198</timestamp>
			</report>
			<report>
				<misses>13143001</misses>
				<total>31</total>
				<timestamp>4595.450870</timestamp>
			</report>
			<report>
				<misses>13144001</misses>
				<total>31</total>
				<timestamp>4595.800476</timestamp>
			</report>
			<report>
				<misses>13145001</misses>
				<total>31</total>
				<timestamp>4596.150148</timestamp>
			</report>
			<report>
				<misses>13146001</misses>
				<total>31</total>
				<timestamp>4596.499793</timestamp>
			</report>
			<report>
				<misses>13147001</misses>
				<total>31</total>
				<timestamp>4596.849485</timestamp>
			</report>
			<report>
				<misses>13148001</misses>
				<total>31</total>
				<timestamp>4597.199127</timestamp>
			</report>
			<report>
				<misses>13149001</misses>
				<total>31</total>
				<timestamp>4597.548726</timestamp>
			</report>
			<report>
				<misses>13150001</misses>
				<total>31</total>
				<timestamp>4597.898413</timestamp>
			</report>
			<report>
				<misses>13151001</misses>
				<total>31</total>
				<timestamp>4598.248032</timestamp>
			</report>
			<report>
				<misses>13152001</misses>
				<total>31</total>
				<timestamp>4598.597693</timestamp>
			</report>
			<report>
				<misses>13153001</misses>
				<total>31</total>
				<timestamp>4598.947338</timestamp>
			</report>
			<report>
				<misses>13154001</misses>
				<total>31</total>
				<timestamp>4599.297028</timestamp>
			</report>
			<report>
				<misses>13155001</misses>
				<total>31</total>
				<timestamp>4599.646646</timestamp>
			</report>
			<report>
				<misses>13156001</misses>
				<total>31</total>
				<timestamp>4599.996272</timestamp>
			</report>
			<report>
				<misses>13157001</misses>
				<total>31</total>
				<timestamp>4600.345946</timestamp>
			</report>
			<report>
				<misses>13158001</misses>
				<total>31</total>
				<timestamp>4600.695586</timestamp>
			</report>
			<report>
				<misses>13159001</misses>
				<total>31</total>
				<timestamp>4601.045273</timestamp>
			</report>
			<report>
				<misses>13160001</misses>
				<total>31</total>
				<timestamp>4601.394925</timestamp>
			</report>
			<report>
				<misses>13161001</misses>
				<total>31</total>
				<timestamp>4601.744542</timestamp>
			</report>
			<report>
				<misses>13162001</misses>
				<total>31</total>
				<timestamp>4602.094211</timestamp>
			</report>
			<report>
				<misses>13163001</misses>
				<total>31</total>
				<timestamp>4602.443826</timestamp>
			</report>
			<report>
				<misses>13164001</misses>
				<total>31</total>
				<timestamp>4602.793481</timestamp>
			</report>
			<report>
				<misses>13165001</misses>
				<total>31</total>
				<timestamp>4603.143134</timestamp>
			</report>
			<report>
				<misses>13166001</misses>
				<total>31</total>
				<timestamp>4603.492829</timestamp>
			</report>
			<report>
				<misses>13167001</misses>
				<total>31</total>
				<timestamp>4603.842473</timestamp>
			</report>
			<report>
				<misses>13168001</misses>
				<total>31</total>
				<timestamp>4604.192104</timestamp>
			</report>
			<report>
				<misses>13169001</misses>
				<total>31</total>
				<timestamp>4604.541734</timestamp>
			</report>
			<report>
				<misses>13170001</misses>
				<total>31</total>
				<timestamp>4604.891379</timestamp>
			</report>
			<report>
				<misses>13171001</misses>
				<total>31</total>
				<timestamp>4605.241043</timestamp>
			</report>
			<report>
				<misses>13172001</misses>
				<total>31</total>
				<timestamp>4605.590683</timestamp>
			</report>
			<report>
				<misses>13173001</misses>
				<total>31</total>
				<timestamp>4605.940317</timestamp>
			</report>
			<report>
				<misses>13174001</misses>
				<total>31</total>
				<timestamp>4606.290024</timestamp>
			</report>
			<report>
				<misses>13175001</misses>
				<total>31</total>
				<timestamp>4606.639641</timestamp>
			</report>
			<report>
				<misses>13176001</misses>
				<total>31</total>
				<timestamp>4606.989333</timestamp>
			</report>
			<report>
				<misses>13177001</misses>
				<total>31</total>
				<timestamp>4607.338944</timestamp>
			</report>
			<report>
				<misses>13178001</misses>
				<total>31</total>
				<timestamp>4607.688584</timestamp>
			</report>
			<report>
				<misses>13179001</misses>
				<total>31</total>
				<timestamp>4608.038230</timestamp>
			</report>
			<report>
				<misses>13180001</misses>
				<total>31</total>
				<timestamp>4608.387976</timestamp>
			</report>
			<report>
				<misses>13181001</misses>
				<total>31</total>
				<timestamp>4608.737557</timestamp>
			</report>
			<report>
				<misses>13182001</misses>
				<total>31</total>
				<timestamp>4609.087188</timestamp>
			</report>
			<report>
				<misses>13183001</misses>
				<total>31</total>
				<timestamp>4609.436840</timestamp>
			</report>
			<report>
				<misses>13184001</misses>
				<total>31</total>
				<timestamp>4609.786516</timestamp>
			</report>
			<report>
				<misses>13185001</misses>
				<total>31</total>
				<timestamp>4610.136183</timestamp>
			</report>
			<report>
				<misses>13186001</misses>
				<total>31</total>
				<timestamp>4610.485794</timestamp>
			</report>
			<report>
				<misses>13187001</misses>
				<total>31</total>
				<timestamp>4610.835451</timestamp>
			</report>
			<report>
				<misses>13188001</misses>
				<total>31</total>
				<timestamp>4611.185114</timestamp>
			</report>
			<report>
				<misses>13189001</misses>
				<total>31</total>
				<timestamp>4611.534720</timestamp>
			</report>
			<report>
				<misses>13190001</misses>
				<total>31</total>
				<timestamp>4611.884415</timestamp>
			</report>
			<report>
				<misses>13191001</misses>
				<total>31</total>
				<timestamp>4612.234085</timestamp>
			</report>
			<report>
				<misses>13192001</misses>
				<total>31</total>
				<timestamp>4612.583669</timestamp>
			</report>
			<report>
				<misses>13193001</misses>
				<total>31</total>
				<timestamp>4612.933342</timestamp>
			</report>
			<report>
				<misses>13194001</misses>
				<total>31</total>
				<timestamp>4613.282993</timestamp>
			</report>
			<report>
				<misses>13195001</misses>
				<total>31</total>
				<timestamp>4613.632674</timestamp>
			</report>
			<report>
				<misses>13196001</misses>
				<total>31</total>
				<timestamp>4613.982281</timestamp>
			</report>
			<report>
				<misses>13197001</misses>
				<total>31</total>
				<timestamp>4614.331957</timestamp>
			</report>
			<report>
				<misses>13198001</misses>
				<total>31</total>
				<timestamp>4614.681586</timestamp>
			</report>
			<report>
				<misses>13199001</misses>
				<total>31</total>
				<timestamp>4615.031220</timestamp>
			</report>
			<report>
				<misses>13200001</misses>
				<total>31</total>
				<timestamp>4615.380928</timestamp>
			</report>
			<report>
				<misses>13201001</misses>
				<total>31</total>
				<timestamp>4615.730568</timestamp>
			</report>
			<report>
				<misses>13202001</misses>
				<total>31</total>
				<timestamp>4616.080228</timestamp>
			</report>
			<report>
				<misses>13203001</misses>
				<total>31</total>
				<timestamp>4616.429872</timestamp>
			</report>
			<report>
				<misses>13204001</misses>
				<total>31</total>
				<timestamp>4616.779492</timestamp>
			</report>
			<report>
				<misses>13205001</misses>
				<total>31</total>
				<timestamp>4617.129148</timestamp>
			</report>
			<report>
				<misses>13206001</misses>
				<total>31</total>
				<timestamp>4617.478810</timestamp>
			</report>
			<report>
				<misses>13207001</misses>
				<total>31</total>
				<timestamp>4617.828469</timestamp>
			</report>
			<report>
				<misses>13208001</misses>
				<total>31</total>
				<timestamp>4618.178096</timestamp>
			</report>
			<report>
				<misses>13209001</misses>
				<total>31</total>
				<timestamp>4618.527756</timestamp>
			</report>
			<report>
				<misses>13210001</misses>
				<total>31</total>
				<timestamp>4618.877389</timestamp>
			</report>
			<report>
				<misses>13211001</misses>
				<total>31</total>
				<timestamp>4619.227056</timestamp>
			</report>
			<report>
				<misses>13212001</misses>
				<total>31</total>
				<timestamp>4619.576692</timestamp>
			</report>
			<report>
				<misses>13213001</misses>
				<total>31</total>
				<timestamp>4619.926369</timestamp>
			</report>
			<report>
				<misses>13214001</misses>
				<total>31</total>
				<timestamp>4620.276031</timestamp>
			</report>
			<report>
				<misses>13215001</misses>
				<total>31</total>
				<timestamp>4620.625646</timestamp>
			</report>
			<report>
				<misses>13216001</misses>
				<total>31</total>
				<timestamp>4620.975294</timestamp>
			</report>
			<report>
				<misses>13217001</misses>
				<total>31</total>
				<timestamp>4621.324954</timestamp>
			</report>
			<report>
				<misses>13218001</misses>
				<total>31</total>
				<timestamp>4621.674611</timestamp>
			</report>
			<report>
				<misses>13219001</misses>
				<total>31</total>
				<timestamp>4622.024272</timestamp>
			</report>
			<report>
				<misses>13220001</misses>
				<total>31</total>
				<timestamp>4622.373962</timestamp>
			</report>
			<report>
				<misses>13221001</misses>
				<total>31</total>
				<timestamp>4622.723536</timestamp>
			</report>
			<report>
				<misses>13222001</misses>
				<total>31</total>
				<timestamp>4623.073202</timestamp>
			</report>
			<report>
				<misses>13223001</misses>
				<total>31</total>
				<timestamp>4623.422892</timestamp>
			</report>
			<report>
				<misses>13224001</misses>
				<total>31</total>
				<timestamp>4623.772486</timestamp>
			</report>
			<report>
				<misses>13225001</misses>
				<total>31</total>
				<timestamp>4624.122138</timestamp>
			</report>
			<report>
				<misses>13226001</misses>
				<total>31</total>
				<timestamp>4624.471838</timestamp>
			</report>
			<report>
				<misses>13227001</misses>
				<total>31</total>
				<timestamp>4624.821470</timestamp>
			</report>
			<report>
				<misses>13228001</misses>
				<total>31</total>
				<timestamp>4625.171138</timestamp>
			</report>
			<report>
				<misses>13229001</misses>
				<total>31</total>
				<timestamp>4625.520742</timestamp>
			</report>
			<report>
				<misses>13230001</misses>
				<total>31</total>
				<timestamp>4625.870391</timestamp>
			</report>
			<report>
				<misses>13231001</misses>
				<total>31</total>
				<timestamp>4626.220062</timestamp>
			</report>
			<report>
				<misses>13232001</misses>
				<total>31</total>
				<timestamp>4626.569728</timestamp>
			</report>
			<report>
				<misses>13233001</misses>
				<total>31</total>
				<timestamp>4626.919346</timestamp>
			</report>
			<report>
				<misses>13234001</misses>
				<total>31</total>
				<timestamp>4627.269003</timestamp>
			</report>
			<report>
				<misses>13235001</misses>
				<total>31</total>
				<timestamp>4627.618626</timestamp>
			</report>
			<report>
				<misses>13236001</misses>
				<total>31</total>
				<timestamp>4627.968280</timestamp>
			</report>
			<report>
				<misses>13237001</misses>
				<total>31</total>
				<timestamp>4628.317952</timestamp>
			</report>
			<report>
				<misses>13238001</misses>
				<total>31</total>
				<timestamp>4628.667598</timestamp>
			</report>
			<report>
				<misses>13239001</misses>
				<total>31</total>
				<timestamp>4629.017263</timestamp>
			</report>
			<report>
				<misses>13240001</misses>
				<total>31</total>
				<timestamp>4629.366939</timestamp>
			</report>
			<report>
				<misses>13241001</misses>
				<total>31</total>
				<timestamp>4629.716538</timestamp>
			</report>
			<report>
				<misses>13242001</misses>
				<total>31</total>
				<timestamp>4630.066221</timestamp>
			</report>
			<report>
				<misses>13243001</misses>
				<total>31</total>
				<timestamp>4630.415841</timestamp>
			</report>
			<report>
				<misses>13244001</misses>
				<total>31</total>
				<timestamp>4630.765497</timestamp>
			</report>
			<report>
				<misses>13245001</misses>
				<total>31</total>
				<timestamp>4631.115166</timestamp>
			</report>
			<report>
				<misses>13246001</misses>
				<total>31</total>
				<timestamp>4631.464855</timestamp>
			</report>
			<report>
				<misses>13247001</misses>
				<total>31</total>
				<timestamp>4631.814441</timestamp>
			</report>
			<report>
				<misses>13248001</misses>
				<total>31</total>
				<timestamp>4632.164083</timestamp>
			</report>
			<report>
				<misses>13249001</misses>
				<total>31</total>
				<timestamp>4632.513769</timestamp>
			</report>
			<report>
				<misses>13250001</misses>
				<total>31</total>
				<timestamp>4632.863366</timestamp>
			</report>
			<report>
				<misses>13251001</misses>
				<total>31</total>
				<timestamp>4633.213037</timestamp>
			</report>
			<report>
				<misses>13252001</misses>
				<total>31</total>
				<timestamp>4633.562675</timestamp>
			</report>
			<report>
				<misses>13253001</misses>
				<total>31</total>
				<timestamp>4633.912329</timestamp>
			</report>
			<report>
				<misses>13254001</misses>
				<total>31</total>
				<timestamp>4634.261977</timestamp>
			</report>
			<report>
				<misses>13255001</misses>
				<total>31</total>
				<timestamp>4634.611638</timestamp>
			</report>
			<report>
				<misses>13256001</misses>
				<total>31</total>
				<timestamp>4634.961318</timestamp>
			</report>
			<report>
				<misses>13257001</misses>
				<total>31</total>
				<timestamp>4635.310945</timestamp>
			</report>
			<report>
				<misses>13258001</misses>
				<total>31</total>
				<timestamp>4635.660614</timestamp>
			</report>
			<report>
				<misses>13259001</misses>
				<total>31</total>
				<timestamp>4636.010235</timestamp>
			</report>
			<report>
				<misses>13260001</misses>
				<total>31</total>
				<timestamp>4636.359917</timestamp>
			</report>
			<report>
				<misses>13261001</misses>
				<total>31</total>
				<timestamp>4636.709530</timestamp>
			</report>
			<report>
				<misses>13262001</misses>
				<total>31</total>
				<timestamp>4637.059187</timestamp>
			</report>
			<report>
				<misses>13263001</misses>
				<total>31</total>
				<timestamp>4637.408864</timestamp>
			</report>
			<report>
				<misses>13264001</misses>
				<total>31</total>
				<timestamp>4637.758480</timestamp>
			</report>
			<report>
				<misses>13265001</misses>
				<total>31</total>
				<timestamp>4638.108134</timestamp>
			</report>
			<report>
				<misses>13266001</misses>
				<total>31</total>
				<timestamp>4638.457801</timestamp>
			</report>
			<report>
				<misses>13267001</misses>
				<total>31</total>
				<timestamp>4638.807447</timestamp>
			</report>
			<report>
				<misses>13268001</misses>
				<total>31</total>
				<timestamp>4639.157096</timestamp>
			</report>
			<report>
				<misses>13269001</misses>
				<total>31</total>
				<timestamp>4639.506777</timestamp>
			</report>
			<report>
				<misses>13270001</misses>
				<total>31</total>
				<timestamp>4639.856374</timestamp>
			</report>
			<report>
				<misses>13271001</misses>
				<total>31</total>
				<timestamp>4640.206056</timestamp>
			</report>
			<report>
				<misses>13272001</misses>
				<total>31</total>
				<timestamp>4640.555710</timestamp>
			</report>
			<report>
				<misses>13273001</misses>
				<total>31</total>
				<timestamp>4640.905335</timestamp>
			</report>
			<report>
				<misses>13274001</misses>
				<total>31</total>
				<timestamp>4641.254992</timestamp>
			</report>
			<report>
				<misses>13275001</misses>
				<total>31</total>
				<timestamp>4641.604658</timestamp>
			</report>
			<report>
				<misses>13276001</misses>
				<total>31</total>
				<timestamp>4641.954282</timestamp>
			</report>
			<report>
				<misses>13277001</misses>
				<total>31</total>
				<timestamp>4642.303921</timestamp>
			</report>
			<report>
				<misses>13278001</misses>
				<total>31</total>
				<timestamp>4642.653612</timestamp>
			</report>
			<report>
				<misses>13279001</misses>
				<total>31</total>
				<timestamp>4643.003268</timestamp>
			</report>
			<report>
				<misses>13280001</misses>
				<total>31</total>
				<timestamp>4643.352923</timestamp>
			</report>
			<report>
				<misses>13281001</misses>
				<total>31</total>
				<timestamp>4643.702537</timestamp>
			</report>
			<report>
				<misses>13282001</misses>
				<total>31</total>
				<timestamp>4644.052206</timestamp>
			</report>
			<report>
				<misses>13283001</misses>
				<total>31</total>
				<timestamp>4644.401855</timestamp>
			</report>
			<report>
				<misses>13284001</misses>
				<total>31</total>
				<timestamp>4644.751489</timestamp>
			</report>
			<report>
				<misses>13285001</misses>
				<total>31</total>
				<timestamp>4645.101119</timestamp>
			</report>
			<report>
				<misses>13286001</misses>
				<total>31</total>
				<timestamp>4645.450849</timestamp>
			</report>
			<report>
				<misses>13287001</misses>
				<total>31</total>
				<timestamp>4645.800434</timestamp>
			</report>
			<report>
				<misses>13288001</misses>
				<total>31</total>
				<timestamp>4646.150114</timestamp>
			</report>
			<report>
				<misses>13289001</misses>
				<total>31</total>
				<timestamp>4646.499796</timestamp>
			</report>
			<report>
				<misses>13290001</misses>
				<total>31</total>
				<timestamp>4646.849408</timestamp>
			</report>
			<report>
				<misses>13291001</misses>
				<total>31</total>
				<timestamp>4647.199042</timestamp>
			</report>
			<report>
				<misses>13292001</misses>
				<total>31</total>
				<timestamp>4647.548718</timestamp>
			</report>
			<report>
				<misses>13293001</misses>
				<total>31</total>
				<timestamp>4647.898343</timestamp>
			</report>
			<report>
				<misses>13294001</misses>
				<total>31</total>
				<timestamp>4648.247991</timestamp>
			</report>
			<report>
				<misses>13295001</misses>
				<total>31</total>
				<timestamp>4648.597703</timestamp>
			</report>
			<report>
				<misses>13296001</misses>
				<total>31</total>
				<timestamp>4648.947306</timestamp>
			</report>
			<report>
				<misses>13297001</misses>
				<total>31</total>
				<timestamp>4649.296925</timestamp>
			</report>
			<report>
				<misses>13298001</misses>
				<total>31</total>
				<timestamp>4649.646599</timestamp>
			</report>
			<report>
				<misses>13299001</misses>
				<total>31</total>
				<timestamp>4649.996288</timestamp>
			</report>
			<report>
				<misses>13300001</misses>
				<total>31</total>
				<timestamp>4650.345876</timestamp>
			</report>
			<report>
				<misses>13301001</misses>
				<total>31</total>
				<timestamp>4650.695518</timestamp>
			</report>
			<report>
				<misses>13302001</misses>
				<total>31</total>
				<timestamp>4651.045195</timestamp>
			</report>
			<report>
				<misses>13303001</misses>
				<total>31</total>
				<timestamp>4651.394874</timestamp>
			</report>
			<report>
				<misses>13304001</misses>
				<total>31</total>
				<timestamp>4651.744472</timestamp>
			</report>
			<report>
				<misses>13305001</misses>
				<total>31</total>
				<timestamp>4652.094192</timestamp>
			</report>
			<report>
				<misses>13306001</misses>
				<total>31</total>
				<timestamp>4652.443839</timestamp>
			</report>
			<report>
				<misses>13307001</misses>
				<total>31</total>
				<timestamp>4652.793443</timestamp>
			</report>
			<report>
				<misses>13308001</misses>
				<total>31</total>
				<timestamp>4653.143131</timestamp>
			</report>
			<report>
				<misses>13309001</misses>
				<total>31</total>
				<timestamp>4653.492753</timestamp>
			</report>
			<report>
				<misses>13310001</misses>
				<total>31</total>
				<timestamp>4653.842366</timestamp>
			</report>
			<report>
				<misses>13311001</misses>
				<total>31</total>
				<timestamp>4654.192034</timestamp>
			</report>
			<report>
				<misses>13312001</misses>
				<total>31</total>
				<timestamp>4654.541738</timestamp>
			</report>
			<report>
				<misses>13313001</misses>
				<total>31</total>
				<timestamp>4654.891335</timestamp>
			</report>
			<report>
				<misses>13314001</misses>
				<total>31</total>
				<timestamp>4655.240972</timestamp>
			</report>
			<report>
				<misses>13315001</misses>
				<total>31</total>
				<timestamp>4655.590694</timestamp>
			</report>
			<report>
				<misses>13316001</misses>
				<total>31</total>
				<timestamp>4655.940287</timestamp>
			</report>
			<report>
				<misses>13317001</misses>
				<total>31</total>
				<timestamp>4656.289923</timestamp>
			</report>
			<report>
				<misses>13318001</misses>
				<total>31</total>
				<timestamp>4656.639633</timestamp>
			</report>
			<report>
				<misses>13319001</misses>
				<total>31</total>
				<timestamp>4656.989244</timestamp>
			</report>
			<report>
				<misses>13320001</misses>
				<total>31</total>
				<timestamp>4657.338882</timestamp>
			</report>
			<report>
				<misses>13321001</misses>
				<total>31</total>
				<timestamp>4657.688565</timestamp>
			</report>
			<report>
				<misses>13322001</misses>
				<total>31</total>
				<timestamp>4658.038244</timestamp>
			</report>
			<report>
				<misses>13323001</misses>
				<total>31</total>
				<timestamp>4658.387840</timestamp>
			</report>
			<report>
				<misses>13324001</misses>
				<total>31</total>
				<timestamp>4658.737482</timestamp>
			</report>
			<report>
				<misses>13325001</misses>
				<total>31</total>
				<timestamp>4659.087180</timestamp>
			</report>
			<report>
				<misses>13326001</misses>
				<total>31</total>
				<timestamp>4659.436810</timestamp>
			</report>
			<report>
				<misses>13327001</misses>
				<total>31</total>
				<timestamp>4659.786437</timestamp>
			</report>
			<report>
				<misses>13328001</misses>
				<total>31</total>
				<timestamp>4660.136104</timestamp>
			</report>
			<report>
				<misses>13329001</misses>
				<total>31</total>
				<timestamp>4660.485774</timestamp>
			</report>
			<report>
				<misses>13330001</misses>
				<total>31</total>
				<timestamp>4660.835380</timestamp>
			</report>
			<report>
				<misses>13331001</misses>
				<total>31</total>
				<timestamp>4661.185024</timestamp>
			</report>
			<report>
				<misses>13332001</misses>
				<total>31</total>
				<timestamp>4661.534703</timestamp>
			</report>
			<report>
				<misses>13333001</misses>
				<total>31</total>
				<timestamp>4661.884333</timestamp>
			</report>
			<report>
				<misses>13334001</misses>
				<total>31</total>
				<timestamp>4662.233982</timestamp>
			</report>
			<report>
				<misses>13335001</misses>
				<total>31</total>
				<timestamp>4662.583652</timestamp>
			</report>
			<report>
				<misses>13336001</misses>
				<total>31</total>
				<timestamp>4662.933328</timestamp>
			</report>
			<report>
				<misses>13337001</misses>
				<total>31</total>
				<timestamp>4663.282927</timestamp>
			</report>
			<report>
				<misses>13338001</misses>
				<total>31</total>
				<timestamp>4663.632677</timestamp>
			</report>
			<report>
				<misses>13339001</misses>
				<total>31</total>
				<timestamp>4663.982238</timestamp>
			</report>
			<report>
				<misses>13340001</misses>
				<total>31</total>
				<timestamp>4664.331879</timestamp>
			</report>
			<report>
				<misses>13341001</misses>
				<total>31</total>
				<timestamp>4664.681583</timestamp>
			</report>
			<report>
				<misses>13342001</misses>
				<total>31</total>
				<timestamp>4665.031190</timestamp>
			</report>
			<report>
				<misses>13343001</misses>
				<total>31</total>
				<timestamp>4665.380834</timestamp>
			</report>
			<report>
				<misses>13344001</misses>
				<total>31</total>
				<timestamp>4665.730498</timestamp>
			</report>
			<report>
				<misses>13345001</misses>
				<total>31</total>
				<timestamp>4666.080125</timestamp>
			</report>
			<report>
				<misses>13346001</misses>
				<total>31</total>
				<timestamp>4666.429765</timestamp>
			</report>
			<report>
				<misses>13347001</misses>
				<total>31</total>
				<timestamp>4666.779439</timestamp>
			</report>
			<report>
				<misses>13348001</misses>
				<total>31</total>
				<timestamp>4667.129101</timestamp>
			</report>
			<report>
				<misses>13349001</misses>
				<total>31</total>
				<timestamp>4667.478758</timestamp>
			</report>
			<report>
				<misses>13350001</misses>
				<total>31</total>
				<timestamp>4667.828389</timestamp>
			</report>
			<report>
				<misses>13351001</misses>
				<total>31</total>
				<timestamp>4668.178023</timestamp>
			</report>
			<report>
				<misses>13352001</misses>
				<total>31</total>
				<timestamp>4668.527682</timestamp>
			</report>
			<report>
				<misses>13353001</misses>
				<total>31</total>
				<timestamp>4668.877340</timestamp>
			</report>
			<report>
				<misses>13354001</misses>
				<total>31</total>
				<timestamp>4669.226977</timestamp>
			</report>
			<report>
				<misses>13355001</misses>
				<total>31</total>
				<timestamp>4669.576666</timestamp>
			</report>
			<report>
				<misses>13356001</misses>
				<total>31</total>
				<timestamp>4669.926282</timestamp>
			</report>
			<report>
				<misses>13357001</misses>
				<total>31</total>
				<timestamp>4670.275939</timestamp>
			</report>
			<report>
				<misses>13358001</misses>
				<total>31</total>
				<timestamp>4670.625590</timestamp>
			</report>
			<report>
				<misses>13359001</misses>
				<total>31</total>
				<timestamp>4670.975252</timestamp>
			</report>
			<report>
				<misses>13360001</misses>
				<total>31</total>
				<timestamp>4671.324870</timestamp>
			</report>
			<report>
				<misses>13361001</misses>
				<total>31</total>
				<timestamp>4671.674573</timestamp>
			</report>
			<report>
				<misses>13362001</misses>
				<total>31</total>
				<timestamp>4672.024195</timestamp>
			</report>
			<report>
				<misses>13363001</misses>
				<total>31</total>
				<timestamp>4672.373878</timestamp>
			</report>
			<report>
				<misses>13364001</misses>
				<total>31</total>
				<timestamp>4672.723565</timestamp>
			</report>
			<report>
				<misses>13365001</misses>
				<total>31</total>
				<timestamp>4673.073120</timestamp>
			</report>
			<report>
				<misses>13366001</misses>
				<total>31</total>
				<timestamp>4673.422803</timestamp>
			</report>
			<report>
				<misses>13367001</misses>
				<total>31</total>
				<timestamp>4673.772446</timestamp>
			</report>
			<report>
				<misses>13368001</misses>
				<total>31</total>
				<timestamp>4674.122185</timestamp>
			</report>
			<report>
				<misses>13369001</misses>
				<total>31</total>
				<timestamp>4674.471742</timestamp>
			</report>
			<report>
				<misses>13370001</misses>
				<total>31</total>
				<timestamp>4674.821407</timestamp>
			</report>
			<report>
				<misses>13371001</misses>
				<total>31</total>
				<timestamp>4675.171047</timestamp>
			</report>
			<report>
				<misses>13372001</misses>
				<total>31</total>
				<timestamp>4675.520692</timestamp>
			</report>
			<report>
				<misses>13373001</misses>
				<total>31</total>
				<timestamp>4675.870328</timestamp>
			</report>
			<report>
				<misses>13374001</misses>
				<total>31</total>
				<timestamp>4676.219972</timestamp>
			</report>
			<report>
				<misses>13375001</misses>
				<total>31</total>
				<timestamp>4676.569662</timestamp>
			</report>
			<report>
				<misses>13376001</misses>
				<total>31</total>
				<timestamp>4676.919325</timestamp>
			</report>
			<report>
				<misses>13377001</misses>
				<total>31</total>
				<timestamp>4677.268945</timestamp>
			</report>
			<report>
				<misses>13378001</misses>
				<total>31</total>
				<timestamp>4677.618590</timestamp>
			</report>
			<report>
				<misses>13379001</misses>
				<total>31</total>
				<timestamp>4677.968242</timestamp>
			</report>
			<report>
				<misses>13380001</misses>
				<total>31</total>
				<timestamp>4678.317944</timestamp>
			</report>
			<report>
				<misses>13381001</misses>
				<total>31</total>
				<timestamp>4678.667565</timestamp>
			</report>
			<report>
				<misses>13382001</misses>
				<total>31</total>
				<timestamp>4679.017217</timestamp>
			</report>
			<report>
				<misses>13383001</misses>
				<total>31</total>
				<timestamp>4679.366846</timestamp>
			</report>
			<report>
				<misses>13384001</misses>
				<total>31</total>
				<timestamp>4679.716578</timestamp>
			</report>
			<report>
				<misses>13385001</misses>
				<total>31</total>
				<timestamp>4680.066150</timestamp>
			</report>
			<report>
				<misses>13386001</misses>
				<total>31</total>
				<timestamp>4680.415808</timestamp>
			</report>
			<report>
				<misses>13387001</misses>
				<total>31</total>
				<timestamp>4680.765477</timestamp>
			</report>
			<report>
				<misses>13388001</misses>
				<total>31</total>
				<timestamp>4681.115117</timestamp>
			</report>
			<report>
				<misses>13389001</misses>
				<total>31</total>
				<timestamp>4681.464745</timestamp>
			</report>
			<report>
				<misses>13390001</misses>
				<total>31</total>
				<timestamp>4681.814413</timestamp>
			</report>
			<report>
				<misses>13391001</misses>
				<total>31</total>
				<timestamp>4682.164071</timestamp>
			</report>
			<report>
				<misses>13392001</misses>
				<total>31</total>
				<timestamp>4682.513691</timestamp>
			</report>
			<report>
				<misses>13393001</misses>
				<total>31</total>
				<timestamp>4682.863341</timestamp>
			</report>
			<report>
				<misses>13394001</misses>
				<total>31</total>
				<timestamp>4683.212987</timestamp>
			</report>
			<report>
				<misses>13395001</misses>
				<total>31</total>
				<timestamp>4683.562656</timestamp>
			</report>
			<report>
				<misses>13396001</misses>
				<total>31</total>
				<timestamp>4683.912321</timestamp>
			</report>
			<report>
				<misses>13397001</misses>
				<total>31</total>
				<timestamp>4684.261951</timestamp>
			</report>
			<report>
				<misses>13398001</misses>
				<total>31</total>
				<timestamp>4684.611618</timestamp>
			</report>
			<report>
				<misses>13399001</misses>
				<total>31</total>
				<timestamp>4684.961267</timestamp>
			</report>
			<report>
				<misses>13400001</misses>
				<total>31</total>
				<timestamp>4685.310877</timestamp>
			</report>
			<report>
				<misses>13401001</misses>
				<total>31</total>
				<timestamp>4685.660534</timestamp>
			</report>
			<report>
				<misses>13402001</misses>
				<total>31</total>
				<timestamp>4686.010183</timestamp>
			</report>
			<report>
				<misses>13403001</misses>
				<total>31</total>
				<timestamp>4686.359865</timestamp>
			</report>
			<report>
				<misses>13404001</misses>
				<total>31</total>
				<timestamp>4686.709514</timestamp>
			</report>
			<report>
				<misses>13405001</misses>
				<total>31</total>
				<timestamp>4687.059143</timestamp>
			</report>
			<report>
				<misses>13406001</misses>
				<total>31</total>
				<timestamp>4687.408792</timestamp>
			</report>
			<report>
				<misses>13407001</misses>
				<total>31</total>
				<timestamp>4687.758476</timestamp>
			</report>
			<report>
				<misses>13408001</misses>
				<total>31</total>
				<timestamp>4688.108108</timestamp>
			</report>
			<report>
				<misses>13409001</misses>
				<total>31</total>
				<timestamp>4688.457738</timestamp>
			</report>
			<report>
				<misses>13410001</misses>
				<total>31</total>
				<timestamp>4688.807433</timestamp>
			</report>
			<report>
				<misses>13411001</misses>
				<total>31</total>
				<timestamp>4689.157100</timestamp>
			</report>
			<report>
				<misses>13412001</misses>
				<total>31</total>
				<timestamp>4689.506682</timestamp>
			</report>
			<report>
				<misses>13413001</misses>
				<total>31</total>
				<timestamp>4689.856363</timestamp>
			</report>
			<report>
				<misses>13414001</misses>
				<total>31</total>
				<timestamp>4690.205980</timestamp>
			</report>
			<report>
				<misses>13415001</misses>
				<total>31</total>
				<timestamp>4690.555638</timestamp>
			</report>
			<report>
				<misses>13416001</misses>
				<total>31</total>
				<timestamp>4690.905292</timestamp>
			</report>
			<report>
				<misses>13417001</misses>
				<total>31</total>
				<timestamp>4691.254926</timestamp>
			</report>
			<report>
				<misses>13418001</misses>
				<total>31</total>
				<timestamp>4691.604618</timestamp>
			</report>
			<report>
				<misses>13419001</misses>
				<total>31</total>
				<timestamp>4691.954252</timestamp>
			</report>
			<report>
				<misses>13420001</misses>
				<total>31</total>
				<timestamp>4692.303884</timestamp>
			</report>
			<report>
				<misses>13421001</misses>
				<total>31</total>
				<timestamp>4692.653567</timestamp>
			</report>
			<report>
				<misses>13422001</misses>
				<total>31</total>
				<timestamp>4693.003235</timestamp>
			</report>
			<report>
				<misses>13423001</misses>
				<total>31</total>
				<timestamp>4693.352874</timestamp>
			</report>
			<report>
				<misses>13424001</misses>
				<total>31</total>
				<timestamp>4693.702498</timestamp>
			</report>
			<report>
				<misses>13425001</misses>
				<total>31</total>
				<timestamp>4694.052141</timestamp>
			</report>
			<report>
				<misses>13426001</misses>
				<total>31</total>
				<timestamp>4694.401793</timestamp>
			</report>
			<report>
				<misses>13427001</misses>
				<total>31</total>
				<timestamp>4694.751496</timestamp>
			</report>
			<report>
				<misses>13428001</misses>
				<total>31</total>
				<timestamp>4695.101109</timestamp>
			</report>
			<report>
				<misses>13429001</misses>
				<total>31</total>
				<timestamp>4695.450726</timestamp>
			</report>
			<report>
				<misses>13430001</misses>
				<total>31</total>
				<timestamp>4695.800392</timestamp>
			</report>
			<report>
				<misses>13431001</misses>
				<total>31</total>
				<timestamp>4696.150044</timestamp>
			</report>
			<report>
				<misses>13432001</misses>
				<total>31</total>
				<timestamp>4696.499693</timestamp>
			</report>
			<report>
				<misses>13433001</misses>
				<total>31</total>
				<timestamp>4696.849369</timestamp>
			</report>
			<report>
				<misses>13434001</misses>
				<total>31</total>
				<timestamp>4697.199028</timestamp>
			</report>
			<report>
				<misses>13435001</misses>
				<total>31</total>
				<timestamp>4697.548670</timestamp>
			</report>
			<report>
				<misses>13436001</misses>
				<total>31</total>
				<timestamp>4697.898300</timestamp>
			</report>
			<report>
				<misses>13437001</misses>
				<total>31</total>
				<timestamp>4698.247927</timestamp>
			</report>
			<report>
				<misses>13438001</misses>
				<total>31</total>
				<timestamp>4698.597578</timestamp>
			</report>
			<report>
				<misses>13439001</misses>
				<total>31</total>
				<timestamp>4698.947233</timestamp>
			</report>
			<report>
				<misses>13440001</misses>
				<total>31</total>
				<timestamp>4699.296910</timestamp>
			</report>
			<report>
				<misses>13441001</misses>
				<total>31</total>
				<timestamp>4699.646583</timestamp>
			</report>
			<report>
				<misses>13442001</misses>
				<total>31</total>
				<timestamp>4699.996195</timestamp>
			</report>
			<report>
				<misses>13443001</misses>
				<total>31</total>
				<timestamp>4700.345867</timestamp>
			</report>
			<report>
				<misses>13444001</misses>
				<total>31</total>
				<timestamp>4700.695551</timestamp>
			</report>
			<report>
				<misses>13445001</misses>
				<total>31</total>
				<timestamp>4701.045164</timestamp>
			</report>
			<report>
				<misses>13446001</misses>
				<total>31</total>
				<timestamp>4701.394774</timestamp>
			</report>
			<report>
				<misses>13447001</misses>
				<total>31</total>
				<timestamp>4701.744425</timestamp>
			</report>
			<report>
				<misses>13448001</misses>
				<total>31</total>
				<timestamp>4702.094106</timestamp>
			</report>
			<report>
				<misses>13449001</misses>
				<total>31</total>
				<timestamp>4702.443780</timestamp>
			</report>
			<report>
				<misses>13450001</misses>
				<total>31</total>
				<timestamp>4702.793420</timestamp>
			</report>
			<report>
				<misses>13451001</misses>
				<total>31</total>
				<timestamp>4703.143057</timestamp>
			</report>
			<report>
				<misses>13452001</misses>
				<total>31</total>
				<timestamp>4703.492698</timestamp>
			</report>
			<report>
				<misses>13453001</misses>
				<total>31</total>
				<timestamp>4703.842379</timestamp>
			</report>
			<report>
				<misses>13454001</misses>
				<total>31</total>
				<timestamp>4704.192023</timestamp>
			</report>
			<report>
				<misses>13455001</misses>
				<total>31</total>
				<timestamp>4704.541644</timestamp>
			</report>
			<report>
				<misses>13456001</misses>
				<total>31</total>
				<timestamp>4704.891322</timestamp>
			</report>
			<report>
				<misses>13457001</misses>
				<total>31</total>
				<timestamp>4705.240969</timestamp>
			</report>
			<report>
				<misses>13458001</misses>
				<total>31</total>
				<timestamp>4705.590591</timestamp>
			</report>
			<report>
				<misses>13459001</misses>
				<total>31</total>
				<timestamp>4705.940255</timestamp>
			</report>
			<report>
				<misses>13460001</misses>
				<total>31</total>
				<timestamp>4706.289899</timestamp>
			</report>
			<report>
				<misses>13461001</misses>
				<total>31</total>
				<timestamp>4706.639546</timestamp>
			</report>
			<report>
				<misses>13462001</misses>
				<total>31</total>
				<timestamp>4706.989175</timestamp>
			</report>
			<report>
				<misses>13463001</misses>
				<total>31</total>
				<timestamp>4707.338840</timestamp>
			</report>
			<report>
				<misses>13464001</misses>
				<total>31</total>
				<timestamp>4707.688489</timestamp>
			</report>
			<report>
				<misses>13465001</misses>
				<total>31</total>
				<timestamp>4708.038134</timestamp>
			</report>
			<report>
				<misses>13466001</misses>
				<total>31</total>
				<timestamp>4708.387790</timestamp>
			</report>
			<report>
				<misses>13467001</misses>
				<total>31</total>
				<timestamp>4708.737478</timestamp>
			</report>
			<report>
				<misses>13468001</misses>
				<total>31</total>
				<timestamp>4709.087121</timestamp>
			</report>
			<report>
				<misses>13469001</misses>
				<total>31</total>
				<timestamp>4709.436727</timestamp>
			</report>
			<report>
				<misses>13470001</misses>
				<total>31</total>
				<timestamp>4709.786403</timestamp>
			</report>
			<report>
				<misses>13471001</misses>
				<total>31</total>
				<timestamp>4710.136050</timestamp>
			</report>
			<report>
				<misses>13472001</misses>
				<total>31</total>
				<timestamp>4710.485688</timestamp>
			</report>
			<report>
				<misses>13473001</misses>
				<total>31</total>
				<timestamp>4710.835407</timestamp>
			</report>
			<report>
				<misses>13474001</misses>
				<total>31</total>
				<timestamp>4711.184998</timestamp>
			</report>
			<report>
				<misses>13475001</misses>
				<total>31</total>
				<timestamp>4711.534647</timestamp>
			</report>
			<report>
				<misses>13476001</misses>
				<total>31</total>
				<timestamp>4711.884323</timestamp>
			</report>
			<report>
				<misses>13477001</misses>
				<total>31</total>
				<timestamp>4712.233988</timestamp>
			</report>
			<report>
				<misses>13478001</misses>
				<total>31</total>
				<timestamp>4712.583586</timestamp>
			</report>
			<report>
				<misses>13479001</misses>
				<total>31</total>
				<timestamp>4712.933266</timestamp>
			</report>
			<report>
				<misses>13480001</misses>
				<total>31</total>
				<timestamp>4713.282893</timestamp>
			</report>
			<report>
				<misses>13481001</misses>
				<total>31</total>
				<timestamp>4713.632540</timestamp>
			</report>
			<report>
				<misses>13482001</misses>
				<total>31</total>
				<timestamp>4713.982180</timestamp>
			</report>
			<report>
				<misses>13483001</misses>
				<total>31</total>
				<timestamp>4714.331828</timestamp>
			</report>
			<report>
				<misses>13484001</misses>
				<total>31</total>
				<timestamp>4714.681491</timestamp>
			</report>
			<report>
				<misses>13485001</misses>
				<total>31</total>
				<timestamp>4715.031132</timestamp>
			</report>
			<report>
				<misses>13486001</misses>
				<total>31</total>
				<timestamp>4715.380797</timestamp>
			</report>
			<report>
				<misses>13487001</misses>
				<total>31</total>
				<timestamp>4715.730437</timestamp>
			</report>
			<report>
				<misses>13488001</misses>
				<total>31</total>
				<timestamp>4716.080112</timestamp>
			</report>
			<report>
				<misses>13489001</misses>
				<total>31</total>
				<timestamp>4716.429748</timestamp>
			</report>
			<report>
				<misses>13490001</misses>
				<total>31</total>
				<timestamp>4716.779437</timestamp>
			</report>
			<report>
				<misses>13491001</misses>
				<total>31</total>
				<timestamp>4717.129064</timestamp>
			</report>
			<report>
				<misses>13492001</misses>
				<total>31</total>
				<timestamp>4717.478680</timestamp>
			</report>
			<report>
				<misses>13493001</misses>
				<total>31</total>
				<timestamp>4717.828400</timestamp>
			</report>
			<report>
				<misses>13494001</misses>
				<total>31</total>
				<timestamp>4718.177994</timestamp>
			</report>
			<report>
				<misses>13495001</misses>
				<total>31</total>
				<timestamp>4718.527678</timestamp>
			</report>
			<report>
				<misses>13496001</misses>
				<total>31</total>
				<timestamp>4718.877281</timestamp>
			</report>
			<report>
				<misses>13497001</misses>
				<total>31</total>
				<timestamp>4719.226973</timestamp>
			</report>
			<report>
				<misses>13498001</misses>
				<total>31</total>
				<timestamp>4719.576585</timestamp>
			</report>
			<report>
				<misses>13499001</misses>
				<total>31</total>
				<timestamp>4719.926258</timestamp>
			</report>
			<report>
				<misses>13500001</misses>
				<total>31</total>
				<timestamp>4720.275897</timestamp>
			</report>
			<report>
				<misses>13501001</misses>
				<total>31</total>
				<timestamp>4720.625527</timestamp>
			</report>
			<report>
				<misses>13502001</misses>
				<total>31</total>
				<timestamp>4720.975181</timestamp>
			</report>
			<report>
				<misses>13503001</misses>
				<total>31</total>
				<timestamp>4721.324848</timestamp>
			</report>
			<report>
				<misses>13504001</misses>
				<total>31</total>
				<timestamp>4721.674480</timestamp>
			</report>
			<report>
				<misses>13505001</misses>
				<total>31</total>
				<timestamp>4722.024148</timestamp>
			</report>
			<report>
				<misses>13506001</misses>
				<total>31</total>
				<timestamp>4722.373802</timestamp>
			</report>
			<report>
				<misses>13507001</misses>
				<total>31</total>
				<timestamp>4722.723427</timestamp>
			</report>
			<report>
				<misses>13508001</misses>
				<total>31</total>
				<timestamp>4723.073118</timestamp>
			</report>
			<report>
				<misses>13509001</misses>
				<total>31</total>
				<timestamp>4723.422738</timestamp>
			</report>
			<report>
				<misses>13510001</misses>
				<total>31</total>
				<timestamp>4723.772406</timestamp>
			</report>
			<report>
				<misses>13511001</misses>
				<total>31</total>
				<timestamp>4724.122049</timestamp>
			</report>
			<report>
				<misses>13512001</misses>
				<total>31</total>
				<timestamp>4724.471692</timestamp>
			</report>
			<report>
				<misses>13513001</misses>
				<total>31</total>
				<timestamp>4724.821383</timestamp>
			</report>
			<report>
				<misses>13514001</misses>
				<total>31</total>
				<timestamp>4725.170973</timestamp>
			</report>
			<report>
				<misses>13515001</misses>
				<total>31</total>
				<timestamp>4725.520635</timestamp>
			</report>
			<report>
				<misses>13516001</misses>
				<total>31</total>
				<timestamp>4725.870303</timestamp>
			</report>
			<report>
				<misses>13517001</misses>
				<total>31</total>
				<timestamp>4726.219935</timestamp>
			</report>
			<report>
				<misses>13518001</misses>
				<total>31</total>
				<timestamp>4726.569606</timestamp>
			</report>
			<report>
				<misses>13519001</misses>
				<total>31</total>
				<timestamp>4726.919246</timestamp>
			</report>
			<report>
				<misses>13520001</misses>
				<total>31</total>
				<timestamp>4727.268933</timestamp>
			</report>
			<report>
				<misses>13521001</misses>
				<total>31</total>
				<timestamp>4727.618528</timestamp>
			</report>
			<report>
				<misses>13522001</misses>
				<total>31</total>
				<timestamp>4727.968188</timestamp>
			</report>
			<report>
				<misses>13523001</misses>
				<total>31</total>
				<timestamp>4728.317846</timestamp>
			</report>
			<report>
				<misses>13524001</misses>
				<total>31</total>
				<timestamp>4728.667474</timestamp>
			</report>
			<report>
				<misses>13525001</misses>
				<total>31</total>
				<timestamp>4729.017230</timestamp>
			</report>
			<report>
				<misses>13526001</misses>
				<total>31</total>
				<timestamp>4729.366826</timestamp>
			</report>
			<report>
				<misses>13527001</misses>
				<total>31</total>
				<timestamp>4729.716445</timestamp>
			</report>
			<report>
				<misses>13528001</misses>
				<total>31</total>
				<timestamp>4730.066122</timestamp>
			</report>
			<report>
				<misses>13529001</misses>
				<total>31</total>
				<timestamp>4730.415758</timestamp>
			</report>
			<report>
				<misses>13530001</misses>
				<total>31</total>
				<timestamp>4730.765372</timestamp>
			</report>
			<report>
				<misses>13531001</misses>
				<total>31</total>
				<timestamp>4731.115026</timestamp>
			</report>
			<report>
				<misses>13532001</misses>
				<total>31</total>
				<timestamp>4731.464729</timestamp>
			</report>
			<report>
				<misses>13533001</misses>
				<total>31</total>
				<timestamp>4731.814360</timestamp>
			</report>
			<report>
				<misses>13534001</misses>
				<total>31</total>
				<timestamp>4732.164007</timestamp>
			</report>
			<report>
				<misses>13535001</misses>
				<total>31</total>
				<timestamp>4732.513650</timestamp>
			</report>
			<report>
				<misses>13536001</misses>
				<total>31</total>
				<timestamp>4732.863327</timestamp>
			</report>
			<report>
				<misses>13537001</misses>
				<total>31</total>
				<timestamp>4733.212947</timestamp>
			</report>
			<report>
				<misses>13538001</misses>
				<total>31</total>
				<timestamp>4733.562589</timestamp>
			</report>
			<report>
				<misses>13539001</misses>
				<total>31</total>
				<timestamp>4733.912277</timestamp>
			</report>
			<report>
				<misses>13540001</misses>
				<total>31</total>
				<timestamp>4734.261879</timestamp>
			</report>
			<report>
				<misses>13541001</misses>
				<total>31</total>
				<timestamp>4734.611552</timestamp>
			</report>
			<report>
				<misses>13542001</misses>
				<total>31</total>
				<timestamp>4734.961182</timestamp>
			</report>
			<report>
				<misses>13543001</misses>
				<total>31</total>
				<timestamp>4735.310840</timestamp>
			</report>
			<report>
				<misses>13544001</misses>
				<total>31</total>
				<timestamp>4735.660487</timestamp>
			</report>
			<report>
				<misses>13545001</misses>
				<total>31</total>
				<timestamp>4736.010146</timestamp>
			</report>
			<report>
				<misses>13546001</misses>
				<total>31</total>
				<timestamp>4736.359773</timestamp>
			</report>
			<report>
				<misses>13547001</misses>
				<total>31</total>
				<timestamp>4736.709470</timestamp>
			</report>
			<report>
				<misses>13548001</misses>
				<total>31</total>
				<timestamp>4737.059191</timestamp>
			</report>
			<report>
				<misses>13549001</misses>
				<total>31</total>
				<timestamp>4737.408748</timestamp>
			</report>
			<report>
				<misses>13550001</misses>
				<total>31</total>
				<timestamp>4737.758388</timestamp>
			</report>
			<report>
				<misses>13551001</misses>
				<total>31</total>
				<timestamp>4738.108070</timestamp>
			</report>
			<report>
				<misses>13552001</misses>
				<total>31</total>
				<timestamp>4738.457691</timestamp>
			</report>
			<report>
				<misses>13553001</misses>
				<total>31</total>
				<timestamp>4738.807322</timestamp>
			</report>
			<report>
				<misses>13554001</misses>
				<total>31</total>
				<timestamp>4739.157015</timestamp>
			</report>
			<report>
				<misses>13555001</misses>
				<total>31</total>
				<timestamp>4739.506661</timestamp>
			</report>
			<report>
				<misses>13556001</misses>
				<total>31</total>
				<timestamp>4739.856282</timestamp>
			</report>
			<report>
				<misses>13557001</misses>
				<total>31</total>
				<timestamp>4740.205927</timestamp>
			</report>
			<report>
				<misses>13558001</misses>
				<total>31</total>
				<timestamp>4740.555597</timestamp>
			</report>
			<report>
				<misses>13559001</misses>
				<total>31</total>
				<timestamp>4740.905289</timestamp>
			</report>
			<report>
				<misses>13560001</misses>
				<total>31</total>
				<timestamp>4741.254892</timestamp>
			</report>
			<report>
				<misses>13561001</misses>
				<total>31</total>
				<timestamp>4741.604556</timestamp>
			</report>
			<report>
				<misses>13562001</misses>
				<total>31</total>
				<timestamp>4741.954218</timestamp>
			</report>
			<report>
				<misses>13563001</misses>
				<total>31</total>
				<timestamp>4742.303819</timestamp>
			</report>
			<report>
				<misses>13564001</misses>
				<total>31</total>
				<timestamp>4742.653464</timestamp>
			</report>
			<report>
				<misses>13565001</misses>
				<total>31</total>
				<timestamp>4743.003186</timestamp>
			</report>
			<report>
				<misses>13566001</misses>
				<total>31</total>
				<timestamp>4743.352790</timestamp>
			</report>
			<report>
				<misses>13567001</misses>
				<total>31</total>
				<timestamp>4743.702439</timestamp>
			</report>
			<report>
				<misses>13568001</misses>
				<total>31</total>
				<timestamp>4744.052158</timestamp>
			</report>
			<report>
				<misses>13569001</misses>
				<total>31</total>
				<timestamp>4744.401723</timestamp>
			</report>
			<report>
				<misses>13570001</misses>
				<total>31</total>
				<timestamp>4744.751385</timestamp>
			</report>
			<report>
				<misses>13571001</misses>
				<total>31</total>
				<timestamp>4745.101094</timestamp>
			</report>
			<report>
				<misses>13572001</misses>
				<total>31</total>
				<timestamp>4745.450680</timestamp>
			</report>
			<report>
				<misses>13573001</misses>
				<total>31</total>
				<timestamp>4745.800348</timestamp>
			</report>
			<report>
				<misses>13574001</misses>
				<total>31</total>
				<timestamp>4746.149980</timestamp>
			</report>
			<report>
				<misses>13575001</misses>
				<total>31</total>
				<timestamp>4746.499626</timestamp>
			</report>
			<report>
				<misses>13576001</misses>
				<total>31</total>
				<timestamp>4746.849293</timestamp>
			</report>
			<report>
				<misses>13577001</misses>
				<total>31</total>
				<timestamp>4747.198969</timestamp>
			</report>
			<report>
				<misses>13578001</misses>
				<total>31</total>
				<timestamp>4747.548598</timestamp>
			</report>
			<report>
				<misses>13579001</misses>
				<total>31</total>
				<timestamp>4747.898239</timestamp>
			</report>
			<report>
				<misses>13580001</misses>
				<total>31</total>
				<timestamp>4748.247906</timestamp>
			</report>
			<report>
				<misses>13581001</misses>
				<total>31</total>
				<timestamp>4748.597539</timestamp>
			</report>
			<report>
				<misses>13582001</misses>
				<total>31</total>
				<timestamp>4748.947203</timestamp>
			</report>
			<report>
				<misses>13583001</misses>
				<total>31</total>
				<timestamp>4749.296835</timestamp>
			</report>
			<report>
				<misses>13584001</misses>
				<total>31</total>
				<timestamp>4749.646499</timestamp>
			</report>
			<report>
				<misses>13585001</misses>
				<total>31</total>
				<timestamp>4749.996166</timestamp>
			</report>
			<report>
				<misses>13586001</misses>
				<total>31</total>
				<timestamp>4750.345801</timestamp>
			</report>
			<report>
				<misses>13587001</misses>
				<total>31</total>
				<timestamp>4750.695436</timestamp>
			</report>
			<report>
				<misses>13588001</misses>
				<total>31</total>
				<timestamp>4751.045132</timestamp>
			</report>
			<report>
				<misses>13589001</misses>
				<total>31</total>
				<timestamp>4751.394733</timestamp>
			</report>
			<report>
				<misses>13590001</misses>
				<total>31</total>
				<timestamp>4751.744380</timestamp>
			</report>
			<report>
				<misses>13591001</misses>
				<total>31</total>
				<timestamp>4752.094048</timestamp>
			</report>
			<report>
				<misses>13592001</misses>
				<total>31</total>
				<timestamp>4752.443712</timestamp>
			</report>
			<report>
				<misses>13593001</misses>
				<total>31</total>
				<timestamp>4752.793343</timestamp>
			</report>
			<report>
				<misses>13594001</misses>
				<total>31</total>
				<timestamp>4753.143063</timestamp>
			</report>
			<report>
				<misses>13595001</misses>
				<total>31</total>
				<timestamp>4753.492636</timestamp>
			</report>
			<report>
				<misses>13596001</misses>
				<total>31</total>
				<timestamp>4753.842313</timestamp>
			</report>
			<report>
				<misses>13597001</misses>
				<total>31</total>
				<timestamp>4754.191950</timestamp>
			</report>
			<report>
				<misses>13598001</misses>
				<total>31</total>
				<timestamp>4754.541601</timestamp>
			</report>
			<report>
				<misses>13599001</misses>
				<total>31</total>
				<timestamp>4754.891244</timestamp>
			</report>
			<report>
				<misses>13600001</misses>
				<total>31</total>
				<timestamp>4755.240877</timestamp>
			</report>
			<report>
				<misses>13601001</misses>
				<total>31</total>
				<timestamp>4755.590540</timestamp>
			</report>
			<report>
				<misses>13602001</misses>
				<total>31</total>
				<timestamp>4755.940224</timestamp>
			</report>
			<report>
				<misses>13603001</misses>
				<total>31</total>
				<timestamp>4756.289832</timestamp>
			</report>
			<report>
				<misses>13604001</misses>
				<total>31</total>
				<timestamp>4756.639491</timestamp>
			</report>
			<report>
				<misses>13605001</misses>
				<total>31</total>
				<timestamp>4756.989153</timestamp>
			</report>
			<report>
				<misses>13606001</misses>
				<total>31</total>
				<timestamp>4757.338817</timestamp>
			</report>
			<report>
				<misses>13607001</misses>
				<total>31</total>
				<timestamp>4757.688438</timestamp>
			</report>
			<report>
				<misses>13608001</misses>
				<total>31</total>
				<timestamp>4758.038135</timestamp>
			</report>
			<report>
				<misses>13609001</misses>
				<total>31</total>
				<timestamp>4758.387768</timestamp>
			</report>
			<report>
				<misses>13610001</misses>
				<total>31</total>
				<timestamp>4758.737387</timestamp>
			</report>
			<report>
				<misses>13611001</misses>
				<total>31</total>
				<timestamp>4759.087040</timestamp>
			</report>
			<report>
				<misses>13612001</misses>
				<total>31</total>
				<timestamp>4759.436696</timestamp>
			</report>
			<report>
				<misses>13613001</misses>
				<total>31</total>
				<timestamp>4759.786335</timestamp>
			</report>
			<report>
				<misses>13614001</misses>
				<total>31</total>
				<timestamp>4760.135988</timestamp>
			</report>
			<report>
				<misses>13615001</misses>
				<total>31</total>
				<timestamp>4760.485624</timestamp>
			</report>
			<report>
				<misses>13616001</misses>
				<total>31</total>
				<timestamp>4760.835304</timestamp>
			</report>
			<report>
				<misses>13617001</misses>
				<total>31</total>
				<timestamp>4761.184968</timestamp>
			</report>
			<report>
				<misses>13618001</misses>
				<total>31</total>
				<timestamp>4761.534630</timestamp>
			</report>
			<report>
				<misses>13619001</misses>
				<total>31</total>
				<timestamp>4761.884237</timestamp>
			</report>
			<report>
				<misses>13620001</misses>
				<total>31</total>
				<timestamp>4762.233911</timestamp>
			</report>
			<report>
				<misses>13621001</misses>
				<total>31</total>
				<timestamp>4762.583539</timestamp>
			</report>
			<report>
				<misses>13622001</misses>
				<total>31</total>
				<timestamp>4762.933205</timestamp>
			</report>
			<report>
				<misses>13623001</misses>
				<total>31</total>
				<timestamp>4763.282836</timestamp>
			</report>
			<report>
				<misses>13624001</misses>
				<total>31</total>
				<timestamp>4763.632476</timestamp>
			</report>
			<report>
				<misses>13625001</misses>
				<total>31</total>
				<timestamp>4763.982135</timestamp>
			</report>
			<report>
				<misses>13626001</misses>
				<total>31</total>
				<timestamp>4764.331770</timestamp>
			</report>
			<report>
				<misses>13627001</misses>
				<total>31</total>
				<timestamp>4764.681435</timestamp>
			</report>
			<report>
				<misses>13628001</misses>
				<total>31</total>
				<timestamp>4765.031144</timestamp>
			</report>
			<report>
				<misses>13629001</misses>
				<total>31</total>
				<timestamp>4765.380726</timestamp>
			</report>
			<report>
				<misses>13630001</misses>
				<total>31</total>
				<timestamp>4765.730383</timestamp>
			</report>
			<report>
				<misses>13631001</misses>
				<total>31</total>
				<timestamp>4766.080046</timestamp>
			</report>
			<report>
				<misses>13632001</misses>
				<total>31</total>
				<timestamp>4766.429720</timestamp>
			</report>
			<report>
				<misses>13633001</misses>
				<total>31</total>
				<timestamp>4766.779346</timestamp>
			</report>
			<report>
				<misses>13634001</misses>
				<total>31</total>
				<timestamp>4767.128986</timestamp>
			</report>
			<report>
				<misses>13635001</misses>
				<total>31</total>
				<timestamp>4767.478641</timestamp>
			</report>
			<report>
				<misses>13636001</misses>
				<total>31</total>
				<timestamp>4767.828270</timestamp>
			</report>
			<report>
				<misses>13637001</misses>
				<total>31</total>
				<timestamp>4768.177965</timestamp>
			</report>
			<report>
				<misses>13638001</misses>
				<total>31</total>
				<timestamp>4768.527578</timestamp>
			</report>
			<report>
				<misses>13639001</misses>
				<total>31</total>
				<timestamp>4768.877270</timestamp>
			</report>
			<report>
				<misses>13640001</misses>
				<total>31</total>
				<timestamp>4769.226883</timestamp>
			</report>
			<report>
				<misses>13641001</misses>
				<total>31</total>
				<timestamp>4769.576540</timestamp>
			</report>
			<report>
				<misses>13642001</misses>
				<total>31</total>
				<timestamp>4769.926194</timestamp>
			</report>
			<report>
				<misses>13643001</misses>
				<total>31</total>
				<timestamp>4770.275828</timestamp>
			</report>
			<report>
				<misses>13644001</misses>
				<total>31</total>
				<timestamp>4770.625480</timestamp>
			</report>
			<report>
				<misses>13645001</misses>
				<total>31</total>
				<timestamp>4770.975152</timestamp>
			</report>
			<report>
				<misses>13646001</misses>
				<total>31</total>
				<timestamp>4771.324787</timestamp>
			</report>
			<report>
				<misses>13647001</misses>
				<total>31</total>
				<timestamp>4771.674438</timestamp>
			</report>
			<report>
				<misses>13648001</misses>
				<total>31</total>
				<timestamp>4772.024129</timestamp>
			</report>
			<report>
				<misses>13649001</misses>
				<total>31</total>
				<timestamp>4772.373748</timestamp>
			</report>
			<report>
				<misses>13650001</misses>
				<total>31</total>
				<timestamp>4772.723369</timestamp>
			</report>
			<report>
				<misses>13651001</misses>
				<total>31</total>
				<timestamp>4773.073062</timestamp>
			</report>
			<report>
				<misses>13652001</misses>
				<total>31</total>
				<timestamp>4773.422698</timestamp>
			</report>
			<report>
				<misses>13653001</misses>
				<total>31</total>
				<timestamp>4773.772361</timestamp>
			</report>
			<report>
				<misses>13654001</misses>
				<total>31</total>
				<timestamp>4774.122018</timestamp>
			</report>
			<report>
				<misses>13655001</misses>
				<total>31</total>
				<timestamp>4774.471673</timestamp>
			</report>
			<report>
				<misses>13656001</misses>
				<total>31</total>
				<timestamp>4774.821291</timestamp>
			</report>
			<report>
				<misses>13657001</misses>
				<total>31</total>
				<timestamp>4775.170940</timestamp>
			</report>
			<report>
				<misses>13658001</misses>
				<total>31</total>
				<timestamp>4775.520596</timestamp>
			</report>
			<report>
				<misses>13659001</misses>
				<total>31</total>
				<timestamp>4775.870264</timestamp>
			</report>
			<report>
				<misses>13660001</misses>
				<total>31</total>
				<timestamp>4776.219906</timestamp>
			</report>
			<report>
				<misses>13661001</misses>
				<total>31</total>
				<timestamp>4776.569536</timestamp>
			</report>
			<report>
				<misses>13662001</misses>
				<total>31</total>
				<timestamp>4776.919170</timestamp>
			</report>
			<report>
				<misses>13663001</misses>
				<total>31</total>
				<timestamp>4777.268930</timestamp>
			</report>
			<report>
				<misses>13664001</misses>
				<total>31</total>
				<timestamp>4777.618492</timestamp>
			</report>
			<report>
				<misses>13665001</misses>
				<total>31</total>
				<timestamp>4777.968149</timestamp>
			</report>
			<report>
				<misses>13666001</misses>
				<total>31</total>
				<timestamp>4778.317838</timestamp>
			</report>
			<report>
				<misses>13667001</misses>
				<total>31</total>
				<timestamp>4778.667430</timestamp>
			</report>
			<report>
				<misses>13668001</misses>
				<total>31</total>
				<timestamp>4779.017092</timestamp>
			</report>
			<report>
				<misses>13669001</misses>
				<total>31</total>
				<timestamp>4779.366756</timestamp>
			</report>
			<report>
				<misses>13670001</misses>
				<total>31</total>
				<timestamp>4779.716430</timestamp>
			</report>
			<report>
				<misses>13671001</misses>
				<total>31</total>
				<timestamp>4780.066050</timestamp>
			</report>
			<report>
				<misses>13672001</misses>
				<total>31</total>
				<timestamp>4780.415708</timestamp>
			</report>
			<report>
				<misses>13673001</misses>
				<total>31</total>
				<timestamp>4780.765322</timestamp>
			</report>
			<report>
				<misses>13674001</misses>
				<total>31</total>
				<timestamp>4781.115048</timestamp>
			</report>
			<report>
				<misses>13675001</misses>
				<total>31</total>
				<timestamp>4781.464678</timestamp>
			</report>
			<report>
				<misses>13676001</misses>
				<total>31</total>
				<timestamp>4781.814297</timestamp>
			</report>
			<report>
				<misses>13677001</misses>
				<total>31</total>
				<timestamp>4782.163965</timestamp>
			</report>
			<report>
				<misses>13678001</misses>
				<total>31</total>
				<timestamp>4782.513604</timestamp>
			</report>
			<report>
				<misses>13679001</misses>
				<total>31</total>
				<timestamp>4782.863226</timestamp>
			</report>
			<report>
				<misses>13680001</misses>
				<total>31</total>
				<timestamp>4783.212895</timestamp>
			</report>
			<report>
				<misses>13681001</misses>
				<total>31</total>
				<timestamp>4783.562537</timestamp>
			</report>
			<report>
				<misses>13682001</misses>
				<total>31</total>
				<timestamp>4783.912185</timestamp>
			</report>
			<report>
				<misses>13683001</misses>
				<total>31</total>
				<timestamp>4784.261879</timestamp>
			</report>
			<report>
				<misses>13684001</misses>
				<total>31</total>
				<timestamp>4784.611499</timestamp>
			</report>
			<report>
				<misses>13685001</misses>
				<total>31</total>
				<timestamp>4784.961138</timestamp>
			</report>
			<report>
				<misses>13686001</misses>
				<total>31</total>
				<timestamp>4785.310842</timestamp>
			</report>
			<report>
				<misses>13687001</misses>
				<total>31</total>
				<timestamp>4785.660456</timestamp>
			</report>
			<report>
				<misses>13688001</misses>
				<total>31</total>
				<timestamp>4786.010096</timestamp>
			</report>
			<report>
				<misses>13689001</misses>
				<total>31</total>
				<timestamp>4786.359728</timestamp>
			</report>
			<report>
				<misses>13690001</misses>
				<total>31</total>
				<timestamp>4786.709397</timestamp>
			</report>
			<report>
				<misses>13691001</misses>
				<total>31</total>
				<timestamp>4787.059023</timestamp>
			</report>
			<report>
				<misses>13692001</misses>
				<total>31</total>
				<timestamp>4787.408703</timestamp>
			</report>
			<report>
				<misses>13693001</misses>
				<total>31</total>
				<timestamp>4787.758355</timestamp>
			</report>
			<report>
				<misses>13694001</misses>
				<total>31</total>
				<timestamp>4788.108000</timestamp>
			</report>
			<report>
				<misses>13695001</misses>
				<total>31</total>
				<timestamp>4788.457623</timestamp>
			</report>
			<report>
				<misses>13696001</misses>
				<total>31</total>
				<timestamp>4788.807284</timestamp>
			</report>
			<report>
				<misses>13697001</misses>
				<total>31</total>
				<timestamp>4789.156967</timestamp>
			</report>
			<report>
				<misses>13698001</misses>
				<total>31</total>
				<timestamp>4789.506589</timestamp>
			</report>
			<report>
				<misses>13699001</misses>
				<total>31</total>
				<timestamp>4789.856235</timestamp>
			</report>
			<report>
				<misses>13700001</misses>
				<total>31</total>
				<timestamp>4790.205927</timestamp>
			</report>
			<report>
				<misses>13701001</misses>
				<total>31</total>
				<timestamp>4790.555544</timestamp>
			</report>
			<report>
				<misses>13702001</misses>
				<total>31</total>
				<timestamp>4790.905202</timestamp>
			</report>
			<report>
				<misses>13703001</misses>
				<total>31</total>
				<timestamp>4791.254865</timestamp>
			</report>
			<report>
				<misses>13704001</misses>
				<total>31</total>
				<timestamp>4791.604481</timestamp>
			</report>
			<report>
				<misses>13705001</misses>
				<total>31</total>
				<timestamp>4791.954130</timestamp>
			</report>
			<report>
				<misses>13706001</misses>
				<total>31</total>
				<timestamp>4792.303810</timestamp>
			</report>
			<report>
				<misses>13707001</misses>
				<total>31</total>
				<timestamp>4792.653437</timestamp>
			</report>
			<report>
				<misses>13708001</misses>
				<total>31</total>
				<timestamp>4793.003091</timestamp>
			</report>
			<report>
				<misses>13709001</misses>
				<total>31</total>
				<timestamp>4793.352751</timestamp>
			</report>
			<report>
				<misses>13710001</misses>
				<total>31</total>
				<timestamp>4793.702390</timestamp>
			</report>
			<report>
				<misses>13711001</misses>
				<total>31</total>
				<timestamp>4794.052038</timestamp>
			</report>
			<report>
				<misses>13712001</misses>
				<total>31</total>
				<timestamp>4794.401691</timestamp>
			</report>
			<report>
				<misses>13713001</misses>
				<total>31</total>
				<timestamp>4794.751345</timestamp>
			</report>
			<report>
				<misses>13714001</misses>
				<total>31</total>
				<timestamp>4795.101011</timestamp>
			</report>
			<report>
				<misses>13715001</misses>
				<total>31</total>
				<timestamp>4795.450643</timestamp>
			</report>
			<report>
				<misses>13716001</misses>
				<total>31</total>
				<timestamp>4795.800266</timestamp>
			</report>
			<report>
				<misses>13717001</misses>
				<total>31</total>
				<timestamp>4796.149954</timestamp>
			</report>
			<report>
				<misses>13718001</misses>
				<total>31</total>
				<timestamp>4796.499586</timestamp>
			</report>
			<report>
				<misses>13719001</misses>
				<total>31</total>
				<timestamp>4796.849227</timestamp>
			</report>
			<report>
				<misses>13720001</misses>
				<total>31</total>
				<timestamp>4797.198894</timestamp>
			</report>
			<report>
				<misses>13721001</misses>
				<total>31</total>
				<timestamp>4797.548572</timestamp>
			</report>
			<report>
				<misses>13722001</misses>
				<total>31</total>
				<timestamp>4797.898193</timestamp>
			</report>
			<report>
				<misses>13723001</misses>
				<total>31</total>
				<timestamp>4798.247851</timestamp>
			</report>
			<report>
				<misses>13724001</misses>
				<total>31</total>
				<timestamp>4798.597487</timestamp>
			</report>
			<report>
				<misses>13725001</misses>
				<total>31</total>
				<timestamp>4798.947139</timestamp>
			</report>
			<report>
				<misses>13726001</misses>
				<total>31</total>
				<timestamp>4799.296789</timestamp>
			</report>
			<report>
				<misses>13727001</misses>
				<total>31</total>
				<timestamp>4799.646436</timestamp>
			</report>
			<report>
				<misses>13728001</misses>
				<total>31</total>
				<timestamp>4799.996100</timestamp>
			</report>
			<report>
				<misses>13729001</misses>
				<total>31</total>
				<timestamp>4800.345768</timestamp>
			</report>
			<report>
				<misses>13730001</misses>
				<total>31</total>
				<timestamp>4800.695440</timestamp>
			</report>
			<report>
				<misses>13731001</misses>
				<total>31</total>
				<timestamp>4801.045047</timestamp>
			</report>
			<report>
				<misses>13732001</misses>
				<total>31</total>
				<timestamp>4801.394705</timestamp>
			</report>
			<report>
				<misses>13733001</misses>
				<total>31</total>
				<timestamp>4801.744328</timestamp>
			</report>
			<report>
				<misses>13734001</misses>
				<total>31</total>
				<timestamp>4802.093986</timestamp>
			</report>
			<report>
				<misses>13735001</misses>
				<total>31</total>
				<timestamp>4802.443641</timestamp>
			</report>
			<report>
				<misses>13736001</misses>
				<total>31</total>
				<timestamp>4802.793274</timestamp>
			</report>
			<report>
				<misses>13737001</misses>
				<total>31</total>
				<timestamp>4803.142945</timestamp>
			</report>
			<report>
				<misses>13738001</misses>
				<total>31</total>
				<timestamp>4803.492619</timestamp>
			</report>
			<report>
				<misses>13739001</misses>
				<total>31</total>
				<timestamp>4803.842236</timestamp>
			</report>
			<report>
				<misses>13740001</misses>
				<total>31</total>
				<timestamp>4804.191885</timestamp>
			</report>
			<report>
				<misses>13741001</misses>
				<total>31</total>
				<timestamp>4804.541530</timestamp>
			</report>
			<report>
				<misses>13742001</misses>
				<total>31</total>
				<timestamp>4804.891216</timestamp>
			</report>
			<report>
				<misses>13743001</misses>
				<total>31</total>
				<timestamp>4805.240883</timestamp>
			</report>
			<report>
				<misses>13744001</misses>
				<total>31</total>
				<timestamp>4805.590482</timestamp>
			</report>
			<report>
				<misses>13745001</misses>
				<total>31</total>
				<timestamp>4805.940156</timestamp>
			</report>
			<report>
				<misses>13746001</misses>
				<total>31</total>
				<timestamp>4806.289783</timestamp>
			</report>
			<report>
				<misses>13747001</misses>
				<total>31</total>
				<timestamp>4806.639437</timestamp>
			</report>
			<report>
				<misses>13748001</misses>
				<total>31</total>
				<timestamp>4806.989115</timestamp>
			</report>
			<report>
				<misses>13749001</misses>
				<total>31</total>
				<timestamp>4807.338765</timestamp>
			</report>
			<report>
				<misses>13750001</misses>
				<total>31</total>
				<timestamp>4807.688382</timestamp>
			</report>
			<report>
				<misses>13751001</misses>
				<total>31</total>
				<timestamp>4808.038034</timestamp>
			</report>
			<report>
				<misses>13752001</misses>
				<total>31</total>
				<timestamp>4808.387740</timestamp>
			</report>
			<report>
				<misses>13753001</misses>
				<total>31</total>
				<timestamp>4808.737331</timestamp>
			</report>
			<report>
				<misses>13754001</misses>
				<total>31</total>
				<timestamp>4809.086997</timestamp>
			</report>
			<report>
				<misses>13755001</misses>
				<total>31</total>
				<timestamp>4809.436658</timestamp>
			</report>
			<report>
				<misses>13756001</misses>
				<total>31</total>
				<timestamp>4809.786299</timestamp>
			</report>
			<report>
				<misses>13757001</misses>
				<total>31</total>
				<timestamp>4810.135939</timestamp>
			</report>
			<report>
				<misses>13758001</misses>
				<total>31</total>
				<timestamp>4810.485632</timestamp>
			</report>
			<report>
				<misses>13759001</misses>
				<total>31</total>
				<timestamp>4810.835232</timestamp>
			</report>
			<report>
				<misses>13760001</misses>
				<total>31</total>
				<timestamp>4811.184901</timestamp>
			</report>
			<report>
				<misses>13761001</misses>
				<total>31</total>
				<timestamp>4811.534590</timestamp>
			</report>
			<report>
				<misses>13762001</misses>
				<total>31</total>
				<timestamp>4811.884208</timestamp>
			</report>
			<report>
				<misses>13763001</misses>
				<total>31</total>
				<timestamp>4812.233852</timestamp>
			</report>
			<report>
				<misses>13764001</misses>
				<total>31</total>
				<timestamp>4812.583486</timestamp>
			</report>
			<report>
				<misses>13765001</misses>
				<total>31</total>
				<timestamp>4812.933135</timestamp>
			</report>
			<report>
				<misses>13766001</misses>
				<total>31</total>
				<timestamp>4813.282809</timestamp>
			</report>
			<report>
				<misses>13767001</misses>
				<total>31</total>
				<timestamp>4813.632423</timestamp>
			</report>
			<report>
				<misses>13768001</misses>
				<total>31</total>
				<timestamp>4813.982114</timestamp>
			</report>
			<report>
				<misses>13769001</misses>
				<total>31</total>
				<timestamp>4814.331782</timestamp>
			</report>
			<report>
				<misses>13770001</misses>
				<total>31</total>
				<timestamp>4814.681396</timestamp>
			</report>
			<report>
				<misses>13771001</misses>
				<total>31</total>
				<timestamp>4815.031048</timestamp>
			</report>
			<report>
				<misses>13772001</misses>
				<total>31</total>
				<timestamp>4815.380699</timestamp>
			</report>
			<report>
				<misses>13773001</misses>
				<total>31</total>
				<timestamp>4815.730328</timestamp>
			</report>
			<report>
				<misses>13774001</misses>
				<total>31</total>
				<timestamp>4816.079995</timestamp>
			</report>
			<report>
				<misses>13775001</misses>
				<total>31</total>
				<timestamp>4816.429664</timestamp>
			</report>
			<report>
				<misses>13776001</misses>
				<total>31</total>
				<timestamp>4816.779279</timestamp>
			</report>
			<report>
				<misses>13777001</misses>
				<total>31</total>
				<timestamp>4817.128953</timestamp>
			</report>
			<report>
				<misses>13778001</misses>
				<total>31</total>
				<timestamp>4817.478674</timestamp>
			</report>
			<report>
				<misses>13779001</misses>
				<total>31</total>
				<timestamp>4817.828292</timestamp>
			</report>
			<report>
				<misses>13780001</misses>
				<total>31</total>
				<timestamp>4818.177890</timestamp>
			</report>
			<report>
				<misses>13781001</misses>
				<total>31</total>
				<timestamp>4818.527593</timestamp>
			</report>
			<report>
				<misses>13782001</misses>
				<total>31</total>
				<timestamp>4818.877214</timestamp>
			</report>
			<report>
				<misses>13783001</misses>
				<total>31</total>
				<timestamp>4819.226866</timestamp>
			</report>
			<report>
				<misses>13784001</misses>
				<total>31</total>
				<timestamp>4819.576495</timestamp>
			</report>
			<report>
				<misses>13785001</misses>
				<total>31</total>
				<timestamp>4819.926143</timestamp>
			</report>
			<report>
				<misses>13786001</misses>
				<total>31</total>
				<timestamp>4820.275796</timestamp>
			</report>
			<report>
				<misses>13787001</misses>
				<total>31</total>
				<timestamp>4820.625454</timestamp>
			</report>
			<report>
				<misses>13788001</misses>
				<total>31</total>
				<timestamp>4820.975093</timestamp>
			</report>
			<report>
				<misses>13789001</misses>
				<total>31</total>
				<timestamp>4821.324784</timestamp>
			</report>
			<report>
				<misses>13790001</misses>
				<total>31</total>
				<timestamp>4821.674385</timestamp>
			</report>
			<report>
				<misses>13791001</misses>
				<total>31</total>
				<timestamp>4822.024044</timestamp>
			</report>
			<report>
				<misses>13792001</misses>
				<total>31</total>
				<timestamp>4822.373684</timestamp>
			</report>
			<report>
				<misses>13793001</misses>
				<total>31</total>
				<timestamp>4822.723355</timestamp>
			</report>
			<report>
				<misses>13794001</misses>
				<total>31</total>
				<timestamp>4823.072980</timestamp>
			</report>
			<report>
				<misses>13795001</misses>
				<total>31</total>
				<timestamp>4823.422649</timestamp>
			</report>
			<report>
				<misses>13796001</misses>
				<total>31</total>
				<timestamp>4823.772291</timestamp>
			</report>
			<report>
				<misses>13797001</misses>
				<total>31</total>
				<timestamp>4824.121939</timestamp>
			</report>
			<report>
				<misses>13798001</misses>
				<total>31</total>
				<timestamp>4824.471611</timestamp>
			</report>
			<report>
				<misses>13799001</misses>
				<total>31</total>
				<timestamp>4824.821268</timestamp>
			</report>
			<report>
				<misses>13800001</misses>
				<total>31</total>
				<timestamp>4825.170881</timestamp>
			</report>
			<report>
				<misses>13801001</misses>
				<total>31</total>
				<timestamp>4825.520579</timestamp>
			</report>
			<report>
				<misses>13802001</misses>
				<total>31</total>
				<timestamp>4825.870188</timestamp>
			</report>
			<report>
				<misses>13803001</misses>
				<total>31</total>
				<timestamp>4826.219828</timestamp>
			</report>
			<report>
				<misses>13804001</misses>
				<total>31</total>
				<timestamp>4826.569541</timestamp>
			</report>
			<report>
				<misses>13805001</misses>
				<total>31</total>
				<timestamp>4826.919139</timestamp>
			</report>
			<report>
				<misses>13806001</misses>
				<total>31</total>
				<timestamp>4827.268780</timestamp>
			</report>
			<report>
				<misses>13807001</misses>
				<total>31</total>
				<timestamp>4827.618531</timestamp>
			</report>
			<report>
				<misses>13808001</misses>
				<total>31</total>
				<timestamp>4827.968132</timestamp>
			</report>
			<report>
				<misses>13809001</misses>
				<total>31</total>
				<timestamp>4828.317742</timestamp>
			</report>
			<report>
				<misses>13810001</misses>
				<total>31</total>
				<timestamp>4828.667383</timestamp>
			</report>
			<report>
				<misses>13811001</misses>
				<total>31</total>
				<timestamp>4829.017041</timestamp>
			</report>
			<report>
				<misses>13812001</misses>
				<total>31</total>
				<timestamp>4829.366715</timestamp>
			</report>
			<report>
				<misses>13813001</misses>
				<total>31</total>
				<timestamp>4829.716327</timestamp>
			</report>
			<report>
				<misses>13814001</misses>
				<total>31</total>
				<timestamp>4830.065975</timestamp>
			</report>
			<report>
				<misses>13815001</misses>
				<total>31</total>
				<timestamp>4830.415659</timestamp>
			</report>
			<report>
				<misses>13816001</misses>
				<total>31</total>
				<timestamp>4830.765281</timestamp>
			</report>
			<report>
				<misses>13817001</misses>
				<total>31</total>
				<timestamp>4831.114936</timestamp>
			</report>
			<report>
				<misses>13818001</misses>
				<total>31</total>
				<timestamp>4831.464606</timestamp>
			</report>
			<report>
				<misses>13819001</misses>
				<total>31</total>
				<timestamp>4831.814227</timestamp>
			</report>
			<report>
				<misses>13820001</misses>
				<total>31</total>
				<timestamp>4832.163886</timestamp>
			</report>
			<report>
				<misses>13821001</misses>
				<total>31</total>
				<timestamp>4832.513549</timestamp>
			</report>
			<report>
				<misses>13822001</misses>
				<total>31</total>
				<timestamp>4832.863187</timestamp>
			</report>
			<report>
				<misses>13823001</misses>
				<total>31</total>
				<timestamp>4833.212834</timestamp>
			</report>
			<report>
				<misses>13824001</misses>
				<total>31</total>
				<timestamp>4833.562491</timestamp>
			</report>
			<report>
				<misses>13825001</misses>
				<total>31</total>
				<timestamp>4833.912141</timestamp>
			</report>
			<report>
				<misses>13826001</misses>
				<total>31</total>
				<timestamp>4834.261809</timestamp>
			</report>
			<report>
				<misses>13827001</misses>
				<total>31</total>
				<timestamp>4834.611504</timestamp>
			</report>
			<report>
				<misses>13828001</misses>
				<total>31</total>
				<timestamp>4834.961098</timestamp>
			</report>
			<report>
				<misses>13829001</misses>
				<total>31</total>
				<timestamp>4835.310728</timestamp>
			</report>
			<report>
				<misses>13830001</misses>
				<total>31</total>
				<timestamp>4835.660400</timestamp>
			</report>
			<report>
				<misses>13831001</misses>
				<total>31</total>
				<timestamp>4836.010037</timestamp>
			</report>
			<report>
				<misses>13832001</misses>
				<total>31</total>
				<timestamp>4836.359735</timestamp>
			</report>
			<report>
				<misses>13833001</misses>
				<total>31</total>
				<timestamp>4836.709331</timestamp>
			</report>
			<report>
				<misses>13834001</misses>
				<total>31</total>
				<timestamp>4837.058984</timestamp>
			</report>
			<report>
				<misses>13835001</misses>
				<total>31</total>
				<timestamp>4837.408660</timestamp>
			</report>
			<report>
				<misses>13836001</misses>
				<total>31</total>
				<timestamp>4837.758276</timestamp>
			</report>
			<report>
				<misses>13837001</misses>
				<total>31</total>
				<timestamp>4838.107950</timestamp>
			</report>
			<report>
				<misses>13838001</misses>
				<total>31</total>
				<timestamp>4838.457612</timestamp>
			</report>
			<report>
				<misses>13839001</misses>
				<total>31</total>
				<timestamp>4838.807240</timestamp>
			</report>
			<report>
				<misses>13840001</misses>
				<total>31</total>
				<timestamp>4839.156896</timestamp>
			</report>
			<report>
				<misses>13841001</misses>
				<total>31</total>
				<timestamp>4839.506565</timestamp>
			</report>
			<report>
				<misses>13842001</misses>
				<total>31</total>
				<timestamp>4839.856198</timestamp>
			</report>
			<report>
				<misses>13843001</misses>
				<total>31</total>
				<timestamp>4840.205853</timestamp>
			</report>
			<report>
				<misses>13844001</misses>
				<total>31</total>
				<timestamp>4840.555503</timestamp>
			</report>
			<report>
				<misses>13845001</misses>
				<total>31</total>
				<timestamp>4840.905156</timestamp>
			</report>
			<report>
				<misses>13846001</misses>
				<total>31</total>
				<timestamp>4841.254794</timestamp>
			</report>
			<report>
				<misses>13847001</misses>
				<total>31</total>
				<timestamp>4841.604472</timestamp>
			</report>
			<report>
				<misses>13848001</misses>
				<total>31</total>
				<timestamp>4841.954105</timestamp>
			</report>
			<report>
				<misses>13849001</misses>
				<total>31</total>
				<timestamp>4842.303734</timestamp>
			</report>
			<report>
				<misses>13850001</misses>
				<total>31</total>
				<timestamp>4842.653413</timestamp>
			</report>
			<report>
				<misses>13851001</misses>
				<total>31</total>
				<timestamp>4843.003054</timestamp>
			</report>
			<report>
				<misses>13852001</misses>
				<total>31</total>
				<timestamp>4843.352690</timestamp>
			</report>
			<report>
				<misses>13853001</misses>
				<total>31</total>
				<timestamp>4843.702326</timestamp>
			</report>
			<report>
				<misses>13854001</misses>
				<total>31</total>
				<timestamp>4844.052017</timestamp>
			</report>
			<report>
				<misses>13855001</misses>
				<total>31</total>
				<timestamp>4844.401665</timestamp>
			</report>
			<report>
				<misses>13856001</misses>
				<total>31</total>
				<timestamp>4844.751295</timestamp>
			</report>
			<report>
				<misses>13857001</misses>
				<total>31</total>
				<timestamp>4845.100930</timestamp>
			</report>
			<report>
				<misses>13858001</misses>
				<total>31</total>
				<timestamp>4845.450608</timestamp>
			</report>
			<report>
				<misses>13859001</misses>
				<total>31</total>
				<timestamp>4845.800250</timestamp>
			</report>
			<report>
				<misses>13860001</misses>
				<total>31</total>
				<timestamp>4846.149880</timestamp>
			</report>
			<report>
				<misses>13861001</misses>
				<total>31</total>
				<timestamp>4846.499548</timestamp>
			</report>
			<report>
				<misses>13862001</misses>
				<total>31</total>
				<timestamp>4846.849199</timestamp>
			</report>
			<report>
				<misses>13863001</misses>
				<total>31</total>
				<timestamp>4847.198833</timestamp>
			</report>
			<report>
				<misses>13864001</misses>
				<total>31</total>
				<timestamp>4847.548521</timestamp>
			</report>
			<report>
				<misses>13865001</misses>
				<total>31</total>
				<timestamp>4847.898138</timestamp>
			</report>
			<report>
				<misses>13866001</misses>
				<total>31</total>
				<timestamp>4848.247786</timestamp>
			</report>
			<report>
				<misses>13867001</misses>
				<total>31</total>
				<timestamp>4848.597428</timestamp>
			</report>
			<report>
				<misses>13868001</misses>
				<total>31</total>
				<timestamp>4848.947093</timestamp>
			</report>
			<report>
				<misses>13869001</misses>
				<total>31</total>
				<timestamp>4849.296746</timestamp>
			</report>
			<report>
				<misses>13870001</misses>
				<total>31</total>
				<timestamp>4849.646416</timestamp>
			</report>
			<report>
				<misses>13871001</misses>
				<total>31</total>
				<timestamp>4849.996039</timestamp>
			</report>
			<report>
				<misses>13872001</misses>
				<total>31</total>
				<timestamp>4850.345683</timestamp>
			</report>
			<report>
				<misses>13873001</misses>
				<total>31</total>
				<timestamp>4850.695397</timestamp>
			</report>
			<report>
				<misses>13874001</misses>
				<total>31</total>
				<timestamp>4851.044987</timestamp>
			</report>
			<report>
				<misses>13875001</misses>
				<total>31</total>
				<timestamp>4851.394636</timestamp>
			</report>
			<report>
				<misses>13876001</misses>
				<total>31</total>
				<timestamp>4851.744309</timestamp>
			</report>
			<report>
				<misses>13877001</misses>
				<total>31</total>
				<timestamp>4852.093924</timestamp>
			</report>
			<report>
				<misses>13878001</misses>
				<total>31</total>
				<timestamp>4852.443606</timestamp>
			</report>
			<report>
				<misses>13879001</misses>
				<total>31</total>
				<timestamp>4852.793245</timestamp>
			</report>
			<report>
				<misses>13880001</misses>
				<total>31</total>
				<timestamp>4853.142903</timestamp>
			</report>
			<report>
				<misses>13881001</misses>
				<total>31</total>
				<timestamp>4853.492552</timestamp>
			</report>
			<report>
				<misses>13882001</misses>
				<total>31</total>
				<timestamp>4853.842170</timestamp>
			</report>
			<report>
				<misses>13883001</misses>
				<total>31</total>
				<timestamp>4854.191853</timestamp>
			</report>
			<report>
				<misses>13884001</misses>
				<total>31</total>
				<timestamp>4854.541494</timestamp>
			</report>
			<report>
				<misses>13885001</misses>
				<total>31</total>
				<timestamp>4854.891121</timestamp>
			</report>
			<report>
				<misses>13886001</misses>
				<total>31</total>
				<timestamp>4855.240805</timestamp>
			</report>
			<report>
				<misses>13887001</misses>
				<total>31</total>
				<timestamp>4855.590428</timestamp>
			</report>
			<report>
				<misses>13888001</misses>
				<total>31</total>
				<timestamp>4855.940115</timestamp>
			</report>
			<report>
				<misses>13889001</misses>
				<total>31</total>
				<timestamp>4856.289750</timestamp>
			</report>
			<report>
				<misses>13890001</misses>
				<total>31</total>
				<timestamp>4856.639410</timestamp>
			</report>
			<report>
				<misses>13891001</misses>
				<total>31</total>
				<timestamp>4856.989030</timestamp>
			</report>
			<report>
				<misses>13892001</misses>
				<total>31</total>
				<timestamp>4857.338689</timestamp>
			</report>
			<report>
				<misses>13893001</misses>
				<total>31</total>
				<timestamp>4857.688386</timestamp>
			</report>
			<report>
				<misses>13894001</misses>
				<total>31</total>
				<timestamp>4858.037980</timestamp>
			</report>
			<report>
				<misses>13895001</misses>
				<total>31</total>
				<timestamp>4858.387638</timestamp>
			</report>
			<report>
				<misses>13896001</misses>
				<total>31</total>
				<timestamp>4858.737298</timestamp>
			</report>
			<report>
				<misses>13897001</misses>
				<total>31</total>
				<timestamp>4859.086933</timestamp>
			</report>
			<report>
				<misses>13898001</misses>
				<total>31</total>
				<timestamp>4859.436585</timestamp>
			</report>
			<report>
				<misses>13899001</misses>
				<total>31</total>
				<timestamp>4859.786253</timestamp>
			</report>
			<report>
				<misses>13900001</misses>
				<total>31</total>
				<timestamp>4860.135910</timestamp>
			</report>
			<report>
				<misses>13901001</misses>
				<total>31</total>
				<timestamp>4860.485526</timestamp>
			</report>
			<report>
				<misses>13902001</misses>
				<total>31</total>
				<timestamp>4860.835186</timestamp>
			</report>
			<report>
				<misses>13903001</misses>
				<total>31</total>
				<timestamp>4861.184843</timestamp>
			</report>
			<report>
				<misses>13904001</misses>
				<total>31</total>
				<timestamp>4861.534500</timestamp>
			</report>
			<report>
				<misses>13905001</misses>
				<total>31</total>
				<timestamp>4861.884148</timestamp>
			</report>
			<report>
				<misses>13906001</misses>
				<total>31</total>
				<timestamp>4862.233800</timestamp>
			</report>
			<report>
				<misses>13907001</misses>
				<total>31</total>
				<timestamp>4862.583489</timestamp>
			</report>
			<report>
				<misses>13908001</misses>
				<total>31</total>
				<timestamp>4862.933086</timestamp>
			</report>
			<report>
				<misses>13909001</misses>
				<total>31</total>
				<timestamp>4863.282739</timestamp>
			</report>
			<report>
				<misses>13910001</misses>
				<total>31</total>
				<timestamp>4863.632410</timestamp>
			</report>
			<report>
				<misses>13911001</misses>
				<total>31</total>
				<timestamp>4863.982036</timestamp>
			</report>
			<report>
				<misses>13912001</misses>
				<total>31</total>
				<timestamp>4864.331680</timestamp>
			</report>
			<report>
				<misses>13913001</misses>
				<total>31</total>
				<timestamp>4864.681380</timestamp>
			</report>
			<report>
				<misses>13914001</misses>
				<total>31</total>
				<timestamp>4865.030980</timestamp>
			</report>
			<report>
				<misses>13915001</misses>
				<total>31</total>
				<timestamp>4865.380619</timestamp>
			</report>
			<report>
				<misses>13916001</misses>
				<total>31</total>
				<timestamp>4865.730363</timestamp>
			</report>
			<report>
				<misses>13917001</misses>
				<total>31</total>
				<timestamp>4866.079950</timestamp>
			</report>
			<report>
				<misses>13918001</misses>
				<total>31</total>
				<timestamp>4866.429599</timestamp>
			</report>
			<report>
				<misses>13919001</misses>
				<total>31</total>
				<timestamp>4866.779252</timestamp>
			</report>
			<report>
				<misses>13920001</misses>
				<total>31</total>
				<timestamp>4867.128890</timestamp>
			</report>
			<report>
				<misses>13921001</misses>
				<total>31</total>
				<timestamp>4867.478535</timestamp>
			</report>
			<report>
				<misses>13922001</misses>
				<total>31</total>
				<timestamp>4867.828171</timestamp>
			</report>
			<report>
				<misses>13923001</misses>
				<total>31</total>
				<timestamp>4868.177853</timestamp>
			</report>
			<report>
				<misses>13924001</misses>
				<total>31</total>
				<timestamp>4868.527484</timestamp>
			</report>
			<report>
				<misses>13925001</misses>
				<total>31</total>
				<timestamp>4868.877146</timestamp>
			</report>
			<report>
				<misses>13926001</misses>
				<total>31</total>
				<timestamp>4869.226769</timestamp>
			</report>
			<report>
				<misses>13927001</misses>
				<total>31</total>
				<timestamp>4869.576511</timestamp>
			</report>
			<report>
				<misses>13928001</misses>
				<total>31</total>
				<timestamp>4869.926121</timestamp>
			</report>
			<report>
				<misses>13929001</misses>
				<total>31</total>
				<timestamp>4870.275733</timestamp>
			</report>
			<report>
				<misses>13930001</misses>
				<total>31</total>
				<timestamp>4870.625425</timestamp>
			</report>
			<report>
				<misses>13931001</misses>
				<total>31</total>
				<timestamp>4870.975055</timestamp>
			</report>
			<report>
				<misses>13932001</misses>
				<total>31</total>
				<timestamp>4871.324679</timestamp>
			</report>
			<report>
				<misses>13933001</misses>
				<total>31</total>
				<timestamp>4871.674345</timestamp>
			</report>
			<report>
				<misses>13934001</misses>
				<total>31</total>
				<timestamp>4872.023977</timestamp>
			</report>
			<report>
				<misses>13935001</misses>
				<total>31</total>
				<timestamp>4872.373662</timestamp>
			</report>
			<report>
				<misses>13936001</misses>
				<total>31</total>
				<timestamp>4872.723308</timestamp>
			</report>
			<report>
				<misses>13937001</misses>
				<total>31</total>
				<timestamp>4873.072976</timestamp>
			</report>
			<report>
				<misses>13938001</misses>
				<total>31</total>
				<timestamp>4873.422585</timestamp>
			</report>
			<report>
				<misses>13939001</misses>
				<total>31</total>
				<timestamp>4873.772269</timestamp>
			</report>
			<report>
				<misses>13940001</misses>
				<total>31</total>
				<timestamp>4874.121888</timestamp>
			</report>
			<report>
				<misses>13941001</misses>
				<total>31</total>
				<timestamp>4874.471536</timestamp>
			</report>
			<report>
				<misses>13942001</misses>
				<total>31</total>
				<timestamp>4874.821243</timestamp>
			</report>
			<report>
				<misses>13943001</misses>
				<total>31</total>
				<timestamp>4875.170826</timestamp>
			</report>
			<report>
				<misses>13944001</misses>
				<total>31</total>
				<timestamp>4875.520472</timestamp>
			</report>
			<report>
				<misses>13945001</misses>
				<total>31</total>
				<timestamp>4875.870118</timestamp>
			</report>
			<report>
				<misses>13946001</misses>
				<total>31</total>
				<timestamp>4876.219768</timestamp>
			</report>
			<report>
				<misses>13947001</misses>
				<total>31</total>
				<timestamp>4876.569438</timestamp>
			</report>
			<report>
				<misses>13948001</misses>
				<total>31</total>
				<timestamp>4876.919144</timestamp>
			</report>
			<report>
				<misses>13949001</misses>
				<total>31</total>
				<timestamp>4877.268737</timestamp>
			</report>
			<report>
				<misses>13950001</misses>
				<total>31</total>
				<timestamp>4877.618411</timestamp>
			</report>
			<report>
				<misses>13951001</misses>
				<total>31</total>
				<timestamp>4877.968055</timestamp>
			</report>
			<report>
				<misses>13952001</misses>
				<total>31</total>
				<timestamp>4878.317703</timestamp>
			</report>
			<report>
				<misses>13953001</misses>
				<total>31</total>
				<timestamp>4878.667382</timestamp>
			</report>
			<report>
				<misses>13954001</misses>
				<total>31</total>
				<timestamp>4879.016992</timestamp>
			</report>
			<report>
				<misses>13955001</misses>
				<total>31</total>
				<timestamp>4879.366638</timestamp>
			</report>
			<report>
				<misses>13956001</misses>
				<total>31</total>
				<timestamp>4879.716301</timestamp>
			</report>
			<report>
				<misses>13957001</misses>
				<total>31</total>
				<timestamp>4880.065985</timestamp>
			</report>
			<report>
				<misses>13958001</misses>
				<total>31</total>
				<timestamp>4880.415631</timestamp>
			</report>
			<report>
				<misses>13959001</misses>
				<total>31</total>
				<timestamp>4880.765248</timestamp>
			</report>
			<report>
				<misses>13960001</misses>
				<total>31</total>
				<timestamp>4881.114889</timestamp>
			</report>
			<report>
				<misses>13961001</misses>
				<total>31</total>
				<timestamp>4881.464543</timestamp>
			</report>
			<report>
				<misses>13962001</misses>
				<total>31</total>
				<timestamp>4881.814254</timestamp>
			</report>
			<report>
				<misses>13963001</misses>
				<total>31</total>
				<timestamp>4882.163832</timestamp>
			</report>
			<report>
				<misses>13964001</misses>
				<total>31</total>
				<timestamp>4882.513480</timestamp>
			</report>
			<report>
				<misses>13965001</misses>
				<total>31</total>
				<timestamp>4882.863126</timestamp>
			</report>
			<report>
				<misses>13966001</misses>
				<total>31</total>
				<timestamp>4883.212780</timestamp>
			</report>
			<report>
				<misses>13967001</misses>
				<total>31</total>
				<timestamp>4883.562434</timestamp>
			</report>
			<report>
				<misses>13968001</misses>
				<total>31</total>
				<timestamp>4883.912158</timestamp>
			</report>
			<report>
				<misses>13969001</misses>
				<total>31</total>
				<timestamp>4884.261748</timestamp>
			</report>
			<report>
				<misses>13970001</misses>
				<total>31</total>
				<timestamp>4884.611387</timestamp>
			</report>
			<report>
				<misses>13971001</misses>
				<total>31</total>
				<timestamp>4884.961028</timestamp>
			</report>
			<report>
				<misses>13972001</misses>
				<total>31</total>
				<timestamp>4885.310719</timestamp>
			</report>
			<report>
				<misses>13973001</misses>
				<total>31</total>
				<timestamp>4885.660368</timestamp>
			</report>
			<report>
				<misses>13974001</misses>
				<total>31</total>
				<timestamp>4886.009972</timestamp>
			</report>
			<report>
				<misses>13975001</misses>
				<total>31</total>
				<timestamp>4886.359645</timestamp>
			</report>
			<report>
				<misses>13976001</misses>
				<total>31</total>
				<timestamp>4886.709317</timestamp>
			</report>
			<report>
				<misses>13977001</misses>
				<total>31</total>
				<timestamp>4887.058941</timestamp>
			</report>
			<report>
				<misses>13978001</misses>
				<total>31</total>
				<timestamp>4887.408573</timestamp>
			</report>
			<report>
				<misses>13979001</misses>
				<total>31</total>
				<timestamp>4887.758252</timestamp>
			</report>
			<report>
				<misses>13980001</misses>
				<total>31</total>
				<timestamp>4888.107888</timestamp>
			</report>
			<report>
				<misses>13981001</misses>
				<total>31</total>
				<timestamp>4888.457545</timestamp>
			</report>
			<report>
				<misses>13982001</misses>
				<total>31</total>
				<timestamp>4888.807239</timestamp>
			</report>
			<report>
				<misses>13983001</misses>
				<total>31</total>
				<timestamp>4889.156828</timestamp>
			</report>
			<report>
				<misses>13984001</misses>
				<total>31</total>
				<timestamp>4889.506474</timestamp>
			</report>
			<report>
				<misses>13985001</misses>
				<total>31</total>
				<timestamp>4889.856172</timestamp>
			</report>
			<report>
				<misses>13986001</misses>
				<total>31</total>
				<timestamp>4890.205775</timestamp>
			</report>
			<report>
				<misses>13987001</misses>
				<total>31</total>
				<timestamp>4890.555438</timestamp>
			</report>
			<report>
				<misses>13988001</misses>
				<total>31</total>
				<timestamp>4890.905154</timestamp>
			</report>
			<report>
				<misses>13989001</misses>
				<total>31</total>
				<timestamp>4891.254747</timestamp>
			</report>
			<report>
				<misses>13990001</misses>
				<total>31</total>
				<timestamp>4891.604397</timestamp>
			</report>
			<report>
				<misses>13991001</misses>
				<total>31</total>
				<timestamp>4891.954035</timestamp>
			</report>
			<report>
				<misses>13992001</misses>
				<total>31</total>
				<timestamp>4892.303687</timestamp>
			</report>
			<report>
				<misses>13993001</misses>
				<total>31</total>
				<timestamp>4892.653343</timestamp>
			</report>
			<report>
				<misses>13994001</misses>
				<total>31</total>
				<timestamp>4893.002982</timestamp>
			</report>
			<report>
				<misses>13995001</misses>
				<total>31</total>
				<timestamp>4893.352740</timestamp>
			</report>
			<report>
				<misses>13996001</misses>
				<total>31</total>
				<timestamp>4893.702314</timestamp>
			</report>
			<report>
				<misses>13997001</misses>
				<total>31</total>
				<timestamp>4894.051937</timestamp>
			</report>
			<report>
				<misses>13998001</misses>
				<total>31</total>
				<timestamp>4894.401589</timestamp>
			</report>
			<report>
				<misses>13999001</misses>
				<total>31</total>
				<timestamp>4894.751273</timestamp>
			</report>
			<report>
				<misses>14000001</misses>
				<total>31</total>
				<timestamp>4895.100883</timestamp>
			</report>
			<report>
				<misses>14001001</misses>
				<total>31</total>
				<timestamp>4895.450547</timestamp>
			</report>
			<report>
				<misses>14002001</misses>
				<total>31</total>
				<timestamp>4895.800247</timestamp>
			</report>
			<report>
				<misses>14003001</misses>
				<total>31</total>
				<timestamp>4896.149838</timestamp>
			</report>
			<report>
				<misses>14004001</misses>
				<total>31</total>
				<timestamp>4896.499485</timestamp>
			</report>
			<report>
				<misses>14005001</misses>
				<total>31</total>
				<timestamp>4896.849174</timestamp>
			</report>
			<report>
				<misses>14006001</misses>
				<total>31</total>
				<timestamp>4897.198786</timestamp>
			</report>
			<report>
				<misses>14007001</misses>
				<total>31</total>
				<timestamp>4897.548458</timestamp>
			</report>
			<report>
				<misses>14008001</misses>
				<total>31</total>
				<timestamp>4897.898145</timestamp>
			</report>
			<report>
				<misses>14009001</misses>
				<total>31</total>
				<timestamp>4898.247751</timestamp>
			</report>
			<report>
				<misses>14010001</misses>
				<total>31</total>
				<timestamp>4898.597384</timestamp>
			</report>
			<report>
				<misses>14011001</misses>
				<total>31</total>
				<timestamp>4898.947043</timestamp>
			</report>
			<report>
				<misses>14012001</misses>
				<total>31</total>
				<timestamp>4899.296700</timestamp>
			</report>
			<report>
				<misses>14013001</misses>
				<total>31</total>
				<timestamp>4899.646339</timestamp>
			</report>
			<report>
				<misses>14014001</misses>
				<total>31</total>
				<timestamp>4899.995975</timestamp>
			</report>
			<report>
				<misses>14015001</misses>
				<total>31</total>
				<timestamp>4900.345638</timestamp>
			</report>
			<report>
				<misses>14016001</misses>
				<total>31</total>
				<timestamp>4900.695294</timestamp>
			</report>
			<report>
				<misses>14017001</misses>
				<total>31</total>
				<timestamp>4901.044946</timestamp>
			</report>
			<report>
				<misses>14018001</misses>
				<total>31</total>
				<timestamp>4901.394567</timestamp>
			</report>
			<report>
				<misses>14019001</misses>
				<total>31</total>
				<timestamp>4901.744254</timestamp>
			</report>
			<report>
				<misses>14020001</misses>
				<total>31</total>
				<timestamp>4902.093890</timestamp>
			</report>
			<report>
				<misses>14021001</misses>
				<total>31</total>
				<timestamp>4902.443519</timestamp>
			</report>
			<report>
				<misses>14022001</misses>
				<total>31</total>
				<timestamp>4902.793236</timestamp>
			</report>
			<report>
				<misses>14023001</misses>
				<total>31</total>
				<timestamp>4903.142831</timestamp>
			</report>
			<report>
				<misses>14024001</misses>
				<total>31</total>
				<timestamp>4903.492490</timestamp>
			</report>
			<report>
				<misses>14025001</misses>
				<total>31</total>
				<timestamp>4903.842200</timestamp>
			</report>
			<report>
				<misses>14026001</misses>
				<total>31</total>
				<timestamp>4904.191776</timestamp>
			</report>
			<report>
				<misses>14027001</misses>
				<total>31</total>
				<timestamp>4904.541423</timestamp>
			</report>
			<report>
				<misses>14028001</misses>
				<total>31</total>
				<timestamp>4904.891129</timestamp>
			</report>
			<report>
				<misses>14029001</misses>
				<total>31</total>
				<timestamp>4905.240720</timestamp>
			</report>
			<report>
				<misses>14030001</misses>
				<total>31</total>
				<timestamp>4905.590375</timestamp>
			</report>
			<report>
				<misses>14031001</misses>
				<total>31</total>
				<timestamp>4905.940090</timestamp>
			</report>
			<report>
				<misses>14032001</misses>
				<total>31</total>
				<timestamp>4906.289682</timestamp>
			</report>
			<report>
				<misses>14033001</misses>
				<total>31</total>
				<timestamp>4906.639334</timestamp>
			</report>
			<report>
				<misses>14034001</misses>
				<total>31</total>
				<timestamp>4906.988985</timestamp>
			</report>
			<report>
				<misses>14035001</misses>
				<total>31</total>
				<timestamp>4907.338626</timestamp>
			</report>
			<report>
				<misses>14036001</misses>
				<total>31</total>
				<timestamp>4907.688286</timestamp>
			</report>
			<report>
				<misses>14037001</misses>
				<total>31</total>
				<timestamp>4908.037944</timestamp>
			</report>
			<report>
				<misses>14038001</misses>
				<total>31</total>
				<timestamp>4908.387586</timestamp>
			</report>
			<report>
				<misses>14039001</misses>
				<total>31</total>
				<timestamp>4908.737222</timestamp>
			</report>
			<report>
				<misses>14040001</misses>
				<total>31</total>
				<timestamp>4909.086918</timestamp>
			</report>
			<report>
				<misses>14041001</misses>
				<total>31</total>
				<timestamp>4909.436553</timestamp>
			</report>
			<report>
				<misses>14042001</misses>
				<total>31</total>
				<timestamp>4909.786219</timestamp>
			</report>
			<report>
				<misses>14043001</misses>
				<total>31</total>
				<timestamp>4910.135846</timestamp>
			</report>
			<report>
				<misses>14044001</misses>
				<total>31</total>
				<timestamp>4910.485523</timestamp>
			</report>
			<report>
				<misses>14045001</misses>
				<total>31</total>
				<timestamp>4910.835173</timestamp>
			</report>
			<report>
				<misses>14046001</misses>
				<total>31</total>
				<timestamp>4911.184778</timestamp>
			</report>
			<report>
				<misses>14047001</misses>
				<total>31</total>
				<timestamp>4911.534428</timestamp>
			</report>
			<report>
				<misses>14048001</misses>
				<total>31</total>
				<timestamp>4911.884127</timestamp>
			</report>
			<report>
				<misses>14049001</misses>
				<total>31</total>
				<timestamp>4912.233739</timestamp>
			</report>
			<report>
				<misses>14050001</misses>
				<total>31</total>
				<timestamp>4912.583379</timestamp>
			</report>
			<report>
				<misses>14051001</misses>
				<total>31</total>
				<timestamp>4912.933080</timestamp>
			</report>
			<report>
				<misses>14052001</misses>
				<total>31</total>
				<timestamp>4913.282720</timestamp>
			</report>
			<report>
				<misses>14053001</misses>
				<total>31</total>
				<timestamp>4913.632362</timestamp>
			</report>
			<report>
				<misses>14054001</misses>
				<total>31</total>
				<timestamp>4913.982007</timestamp>
			</report>
			<report>
				<misses>14055001</misses>
				<total>31</total>
				<timestamp>4914.331634</timestamp>
			</report>
			<report>
				<misses>14056001</misses>
				<total>31</total>
				<timestamp>4914.681326</timestamp>
			</report>
			<report>
				<misses>14057001</misses>
				<total>31</total>
				<timestamp>4915.030928</timestamp>
			</report>
			<report>
				<misses>14058001</misses>
				<total>31</total>
				<timestamp>4915.380573</timestamp>
			</report>
			<report>
				<misses>14059001</misses>
				<total>31</total>
				<timestamp>4915.730245</timestamp>
			</report>
			<report>
				<misses>14060001</misses>
				<total>31</total>
				<timestamp>4916.079914</timestamp>
			</report>
			<report>
				<misses>14061001</misses>
				<total>31</total>
				<timestamp>4916.429534</timestamp>
			</report>
			<report>
				<misses>14062001</misses>
				<total>31</total>
				<timestamp>4916.779199</timestamp>
			</report>
			<report>
				<misses>14063001</misses>
				<total>31</total>
				<timestamp>4917.128841</timestamp>
			</report>
			<report>
				<misses>14064001</misses>
				<total>31</total>
				<timestamp>4917.478498</timestamp>
			</report>
			<report>
				<misses>14065001</misses>
				<total>31</total>
				<timestamp>4917.828183</timestamp>
			</report>
			<report>
				<misses>14066001</misses>
				<total>31</total>
				<timestamp>4918.177793</timestamp>
			</report>
			<report>
				<misses>14067001</misses>
				<total>31</total>
				<timestamp>4918.527426</timestamp>
			</report>
			<report>
				<misses>14068001</misses>
				<total>31</total>
				<timestamp>4918.877171</timestamp>
			</report>
			<report>
				<misses>14069001</misses>
				<total>31</total>
				<timestamp>4919.226743</timestamp>
			</report>
			<report>
				<misses>14070001</misses>
				<total>31</total>
				<timestamp>4919.576391</timestamp>
			</report>
			<report>
				<misses>14071001</misses>
				<total>31</total>
				<timestamp>4919.926041</timestamp>
			</report>
			<report>
				<misses>14072001</misses>
				<total>31</total>
				<timestamp>4920.275686</timestamp>
			</report>
			<report>
				<misses>14073001</misses>
				<total>31</total>
				<timestamp>4920.625334</timestamp>
			</report>
			<report>
				<misses>14074001</misses>
				<total>31</total>
				<timestamp>4920.975034</timestamp>
			</report>
			<report>
				<misses>14075001</misses>
				<total>31</total>
				<timestamp>4921.324629</timestamp>
			</report>
			<report>
				<misses>14076001</misses>
				<total>31</total>
				<timestamp>4921.674275</timestamp>
			</report>
			<report>
				<misses>14077001</misses>
				<total>31</total>
				<timestamp>4922.023994</timestamp>
			</report>
			<report>
				<misses>14078001</misses>
				<total>31</total>
				<timestamp>4922.373616</timestamp>
			</report>
			<report>
				<misses>14079001</misses>
				<total>31</total>
				<timestamp>4922.723240</timestamp>
			</report>
			<report>
				<misses>14080001</misses>
				<total>31</total>
				<timestamp>4923.072898</timestamp>
			</report>
			<report>
				<misses>14081001</misses>
				<total>31</total>
				<timestamp>4923.422533</timestamp>
			</report>
			<report>
				<misses>14082001</misses>
				<total>31</total>
				<timestamp>4923.772215</timestamp>
			</report>
			<report>
				<misses>14083001</misses>
				<total>31</total>
				<timestamp>4924.121845</timestamp>
			</report>
			<report>
				<misses>14084001</misses>
				<total>31</total>
				<timestamp>4924.471483</timestamp>
			</report>
			<report>
				<misses>14085001</misses>
				<total>31</total>
				<timestamp>4924.821139</timestamp>
			</report>
			<report>
				<misses>14086001</misses>
				<total>31</total>
				<timestamp>4925.170792</timestamp>
			</report>
			<report>
				<misses>14087001</misses>
				<total>31</total>
				<timestamp>4925.520435</timestamp>
			</report>
			<report>
				<misses>14088001</misses>
				<total>31</total>
				<timestamp>4925.870113</timestamp>
			</report>
			<report>
				<misses>14089001</misses>
				<total>31</total>
				<timestamp>4926.219734</timestamp>
			</report>
			<report>
				<misses>14090001</misses>
				<total>31</total>
				<timestamp>4926.569381</timestamp>
			</report>
			<report>
				<misses>14091001</misses>
				<total>31</total>
				<timestamp>4926.919029</timestamp>
			</report>
			<report>
				<misses>14092001</misses>
				<total>31</total>
				<timestamp>4927.268730</timestamp>
			</report>
			<report>
				<misses>14093001</misses>
				<total>31</total>
				<timestamp>4927.618356</timestamp>
			</report>
			<report>
				<misses>14094001</misses>
				<total>31</total>
				<timestamp>4927.968040</timestamp>
			</report>
			<report>
				<misses>14095001</misses>
				<total>31</total>
				<timestamp>4928.317648</timestamp>
			</report>
			<report>
				<misses>14096001</misses>
				<total>31</total>
				<timestamp>4928.667275</timestamp>
			</report>
			<report>
				<misses>14097001</misses>
				<total>31</total>
				<timestamp>4929.016954</timestamp>
			</report>
			<report>
				<misses>14098001</misses>
				<total>31</total>
				<timestamp>4929.366589</timestamp>
			</report>
			<report>
				<misses>14099001</misses>
				<total>31</total>
				<timestamp>4929.716266</timestamp>
			</report>
			<report>
				<misses>14100001</misses>
				<total>31</total>
				<timestamp>4930.065882</timestamp>
			</report>
			<report>
				<misses>14101001</misses>
				<total>31</total>
				<timestamp>4930.415555</timestamp>
			</report>
			<report>
				<misses>14102001</misses>
				<total>31</total>
				<timestamp>4930.765201</timestamp>
			</report>
			<report>
				<misses>14103001</misses>
				<total>31</total>
				<timestamp>4931.114873</timestamp>
			</report>
			<report>
				<misses>14104001</misses>
				<total>31</total>
				<timestamp>4931.464482</timestamp>
			</report>
			<report>
				<misses>14105001</misses>
				<total>31</total>
				<timestamp>4931.814149</timestamp>
			</report>
			<report>
				<misses>14106001</misses>
				<total>31</total>
				<timestamp>4932.163794</timestamp>
			</report>
			<report>
				<misses>14107001</misses>
				<total>31</total>
				<timestamp>4932.513440</timestamp>
			</report>
			<report>
				<misses>14108001</misses>
				<total>31</total>
				<timestamp>4932.863089</timestamp>
			</report>
			<report>
				<misses>14109001</misses>
				<total>31</total>
				<timestamp>4933.212731</timestamp>
			</report>
			<report>
				<misses>14110001</misses>
				<total>31</total>
				<timestamp>4933.562390</timestamp>
			</report>
			<report>
				<misses>14111001</misses>
				<total>31</total>
				<timestamp>4933.912045</timestamp>
			</report>
			<report>
				<misses>14112001</misses>
				<total>31</total>
				<timestamp>4934.261703</timestamp>
			</report>
			<report>
				<misses>14113001</misses>
				<total>31</total>
				<timestamp>4934.611353</timestamp>
			</report>
			<report>
				<misses>14114001</misses>
				<total>31</total>
				<timestamp>4934.961048</timestamp>
			</report>
			<report>
				<misses>14115001</misses>
				<total>31</total>
				<timestamp>4935.310633</timestamp>
			</report>
			<report>
				<misses>14116001</misses>
				<total>31</total>
				<timestamp>4935.660331</timestamp>
			</report>
			<report>
				<misses>14117001</misses>
				<total>31</total>
				<timestamp>4936.009969</timestamp>
			</report>
			<report>
				<misses>14118001</misses>
				<total>31</total>
				<timestamp>4936.359586</timestamp>
			</report>
			<report>
				<misses>14119001</misses>
				<total>31</total>
				<timestamp>4936.709316</timestamp>
			</report>
			<report>
				<misses>14120001</misses>
				<total>31</total>
				<timestamp>4937.058905</timestamp>
			</report>
			<report>
				<misses>14121001</misses>
				<total>31</total>
				<timestamp>4937.408527</timestamp>
			</report>
			<report>
				<misses>14122001</misses>
				<total>31</total>
				<timestamp>4937.758183</timestamp>
			</report>
			<report>
				<misses>14123001</misses>
				<total>31</total>
				<timestamp>4938.107851</timestamp>
			</report>
			<report>
				<misses>14124001</misses>
				<total>31</total>
				<timestamp>4938.457495</timestamp>
			</report>
			<report>
				<misses>14125001</misses>
				<total>31</total>
				<timestamp>4938.807161</timestamp>
			</report>
			<report>
				<misses>14126001</misses>
				<total>31</total>
				<timestamp>4939.156807</timestamp>
			</report>
			<report>
				<misses>14127001</misses>
				<total>31</total>
				<timestamp>4939.506432</timestamp>
			</report>
			<report>
				<misses>14128001</misses>
				<total>31</total>
				<timestamp>4939.856105</timestamp>
			</report>
			<report>
				<misses>14129001</misses>
				<total>31</total>
				<timestamp>4940.205747</timestamp>
			</report>
			<report>
				<misses>14130001</misses>
				<total>31</total>
				<timestamp>4940.555382</timestamp>
			</report>
			<report>
				<misses>14131001</misses>
				<total>31</total>
				<timestamp>4940.905067</timestamp>
			</report>
			<report>
				<misses>14132001</misses>
				<total>31</total>
				<timestamp>4941.254676</timestamp>
			</report>
			<report>
				<misses>14133001</misses>
				<total>31</total>
				<timestamp>4941.604325</timestamp>
			</report>
			<report>
				<misses>14134001</misses>
				<total>31</total>
				<timestamp>4941.954033</timestamp>
			</report>
			<report>
				<misses>14135001</misses>
				<total>31</total>
				<timestamp>4942.303642</timestamp>
			</report>
			<report>
				<misses>14136001</misses>
				<total>31</total>
				<timestamp>4942.653277</timestamp>
			</report>
			<report>
				<misses>14137001</misses>
				<total>31</total>
				<timestamp>4943.002972</timestamp>
			</report>
			<report>
				<misses>14138001</misses>
				<total>31</total>
				<timestamp>4943.352578</timestamp>
			</report>
			<report>
				<misses>14139001</misses>
				<total>31</total>
				<timestamp>4943.702235</timestamp>
			</report>
			<report>
				<misses>14140001</misses>
				<total>31</total>
				<timestamp>4944.051930</timestamp>
			</report>
			<report>
				<misses>14141001</misses>
				<total>31</total>
				<timestamp>4944.401535</timestamp>
			</report>
			<report>
				<misses>14142001</misses>
				<total>31</total>
				<timestamp>4944.751195</timestamp>
			</report>
			<report>
				<misses>14143001</misses>
				<total>31</total>
				<timestamp>4945.100896</timestamp>
			</report>
			<report>
				<misses>14144001</misses>
				<total>31</total>
				<timestamp>4945.450495</timestamp>
			</report>
			<report>
				<misses>14145001</misses>
				<total>31</total>
				<timestamp>4945.800191</timestamp>
			</report>
			<report>
				<misses>14146001</misses>
				<total>31</total>
				<timestamp>4946.149827</timestamp>
			</report>
			<report>
				<misses>14147001</misses>
				<total>31</total>
				<timestamp>4946.499441</timestamp>
			</report>
			<report>
				<misses>14148001</misses>
				<total>31</total>
				<timestamp>4946.849117</timestamp>
			</report>
			<report>
				<misses>14149001</misses>
				<total>31</total>
				<timestamp>4947.198739</timestamp>
			</report>
			<report>
				<misses>14150001</misses>
				<total>31</total>
				<timestamp>4947.548389</timestamp>
			</report>
			<report>
				<misses>14151001</misses>
				<total>31</total>
				<timestamp>4947.898035</timestamp>
			</report>
			<report>
				<misses>14152001</misses>
				<total>31</total>
				<timestamp>4948.247735</timestamp>
			</report>
			<report>
				<misses>14153001</misses>
				<total>31</total>
				<timestamp>4948.597331</timestamp>
			</report>
			<report>
				<misses>14154001</misses>
				<total>31</total>
				<timestamp>4948.946985</timestamp>
			</report>
			<report>
				<misses>14155001</misses>
				<total>31</total>
				<timestamp>4949.296625</timestamp>
			</report>
			<report>
				<misses>14156001</misses>
				<total>31</total>
				<timestamp>4949.646277</timestamp>
			</report>
			<report>
				<misses>14157001</misses>
				<total>31</total>
				<timestamp>4949.995940</timestamp>
			</report>
			<report>
				<misses>14158001</misses>
				<total>31</total>
				<timestamp>4950.345581</timestamp>
			</report>
			<report>
				<misses>14159001</misses>
				<total>31</total>
				<timestamp>4950.695232</timestamp>
			</report>
			<report>
				<misses>14160001</misses>
				<total>31</total>
				<timestamp>4951.044930</timestamp>
			</report>
			<report>
				<misses>14161001</misses>
				<total>31</total>
				<timestamp>4951.394525</timestamp>
			</report>
			<report>
				<misses>14162001</misses>
				<total>31</total>
				<timestamp>4951.744190</timestamp>
			</report>
			<report>
				<misses>14163001</misses>
				<total>31</total>
				<timestamp>4952.093851</timestamp>
			</report>
			<report>
				<misses>14164001</misses>
				<total>31</total>
				<timestamp>4952.443487</timestamp>
			</report>
			<report>
				<misses>14165001</misses>
				<total>31</total>
				<timestamp>4952.793143</timestamp>
			</report>
			<report>
				<misses>14166001</misses>
				<total>31</total>
				<timestamp>4953.142808</timestamp>
			</report>
			<report>
				<misses>14167001</misses>
				<total>31</total>
				<timestamp>4953.492430</timestamp>
			</report>
			<report>
				<misses>14168001</misses>
				<total>31</total>
				<timestamp>4953.842101</timestamp>
			</report>
			<report>
				<misses>14169001</misses>
				<total>31</total>
				<timestamp>4954.191756</timestamp>
			</report>
			<report>
				<misses>14170001</misses>
				<total>31</total>
				<timestamp>4954.541378</timestamp>
			</report>
			<report>
				<misses>14171001</misses>
				<total>31</total>
				<timestamp>4954.891023</timestamp>
			</report>
			<report>
				<misses>14172001</misses>
				<total>31</total>
				<timestamp>4955.240805</timestamp>
			</report>
			<report>
				<misses>14173001</misses>
				<total>31</total>
				<timestamp>4955.590348</timestamp>
			</report>
			<report>
				<misses>14174001</misses>
				<total>31</total>
				<timestamp>4955.940007</timestamp>
			</report>
			<report>
				<misses>14175001</misses>
				<total>31</total>
				<timestamp>4956.289626</timestamp>
			</report>
			<report>
				<misses>14176001</misses>
				<total>31</total>
				<timestamp>4956.639305</timestamp>
			</report>
			<report>
				<misses>14177001</misses>
				<total>31</total>
				<timestamp>4956.988946</timestamp>
			</report>
			<report>
				<misses>14178001</misses>
				<total>31</total>
				<timestamp>4957.338583</timestamp>
			</report>
			<report>
				<misses>14179001</misses>
				<total>31</total>
				<timestamp>4957.688219</timestamp>
			</report>
			<report>
				<misses>14180001</misses>
				<total>31</total>
				<timestamp>4958.037928</timestamp>
			</report>
			<report>
				<misses>14181001</misses>
				<total>31</total>
				<timestamp>4958.387563</timestamp>
			</report>
			<report>
				<misses>14182001</misses>
				<total>31</total>
				<timestamp>4958.737195</timestamp>
			</report>
			<report>
				<misses>14183001</misses>
				<total>31</total>
				<timestamp>4959.086879</timestamp>
			</report>
			<report>
				<misses>14184001</misses>
				<total>31</total>
				<timestamp>4959.436475</timestamp>
			</report>
			<report>
				<misses>14185001</misses>
				<total>31</total>
				<timestamp>4959.786128</timestamp>
			</report>
			<report>
				<misses>14186001</misses>
				<total>31</total>
				<timestamp>4960.135817</timestamp>
			</report>
			<report>
				<misses>14187001</misses>
				<total>31</total>
				<timestamp>4960.485435</timestamp>
			</report>
			<report>
				<misses>14188001</misses>
				<total>31</total>
				<timestamp>4960.835130</timestamp>
			</report>
			<report>
				<misses>14189001</misses>
				<total>31</total>
				<timestamp>4961.184768</timestamp>
			</report>
			<report>
				<misses>14190001</misses>
				<total>31</total>
				<timestamp>4961.534387</timestamp>
			</report>
			<report>
				<misses>14191001</misses>
				<total>31</total>
				<timestamp>4961.884047</timestamp>
			</report>
			<report>
				<misses>14192001</misses>
				<total>31</total>
				<timestamp>4962.233691</timestamp>
			</report>
			<report>
				<misses>14193001</misses>
				<total>31</total>
				<timestamp>4962.583336</timestamp>
			</report>
			<report>
				<misses>14194001</misses>
				<total>31</total>
				<timestamp>4962.932983</timestamp>
			</report>
			<report>
				<misses>14195001</misses>
				<total>31</total>
				<timestamp>4963.282636</timestamp>
			</report>
			<report>
				<misses>14196001</misses>
				<total>31</total>
				<timestamp>4963.632277</timestamp>
			</report>
			<report>
				<misses>14197001</misses>
				<total>31</total>
				<timestamp>4963.981937</timestamp>
			</report>
			<report>
				<misses>14198001</misses>
				<total>31</total>
				<timestamp>4964.331582</timestamp>
			</report>
			<report>
				<misses>14199001</misses>
				<total>31</total>
				<timestamp>4964.681243</timestamp>
			</report>
			<report>
				<misses>14200001</misses>
				<total>31</total>
				<timestamp>4965.030899</timestamp>
			</report>
			<report>
				<misses>14201001</misses>
				<total>31</total>
				<timestamp>4965.380541</timestamp>
			</report>
			<report>
				<misses>14202001</misses>
				<total>32</total>
				<timestamp>4965.730336</timestamp>
			</report>
			<report>
				<misses>14203001</misses>
				<total>33</total>
				<timestamp>4966.079853</timestamp>
			</report>
			<report>
				<misses>14204001</misses>
				<total>33</total>
				<timestamp>4966.429476</timestamp>
			</report>
			<report>
				<misses>14205001</misses>
				<total>33</total>
				<timestamp>4966.779135</timestamp>
			</report>
			<report>
				<misses>14206001</misses>
				<total>33</total>
				<timestamp>4967.128823</timestamp>
			</report>
			<report>
				<misses>14207001</misses>
				<total>33</total>
				<timestamp>4967.478437</timestamp>
			</report>
			<report>
				<misses>14208001</misses>
				<total>33</total>
				<timestamp>4967.828103</timestamp>
			</report>
			<report>
				<misses>14209001</misses>
				<total>33</total>
				<timestamp>4968.177722</timestamp>
			</report>
			<report>
				<misses>14210001</misses>
				<total>33</total>
				<timestamp>4968.527433</timestamp>
			</report>
			<report>
				<misses>14211001</misses>
				<total>33</total>
				<timestamp>4968.877077</timestamp>
			</report>
			<report>
				<misses>14212001</misses>
				<total>33</total>
				<timestamp>4969.226687</timestamp>
			</report>
			<report>
				<misses>14213001</misses>
				<total>33</total>
				<timestamp>4969.576358</timestamp>
			</report>
			<report>
				<misses>14214001</misses>
				<total>33</total>
				<timestamp>4969.925984</timestamp>
			</report>
			<report>
				<misses>14215001</misses>
				<total>33</total>
				<timestamp>4970.275644</timestamp>
			</report>
			<report>
				<misses>14216001</misses>
				<total>33</total>
				<timestamp>4970.625284</timestamp>
			</report>
			<report>
				<misses>14217001</misses>
				<total>33</total>
				<timestamp>4970.974923</timestamp>
			</report>
			<report>
				<misses>14218001</misses>
				<total>33</total>
				<timestamp>4971.324586</timestamp>
			</report>
			<report>
				<misses>14219001</misses>
				<total>33</total>
				<timestamp>4971.674239</timestamp>
			</report>
			<report>
				<misses>14220001</misses>
				<total>33</total>
				<timestamp>4972.023926</timestamp>
			</report>
			<report>
				<misses>14221001</misses>
				<total>33</total>
				<timestamp>4972.373535</timestamp>
			</report>
			<report>
				<misses>14222001</misses>
				<total>33</total>
				<timestamp>4972.723226</timestamp>
			</report>
			<report>
				<misses>14223001</misses>
				<total>33</total>
				<timestamp>4973.072860</timestamp>
			</report>
			<report>
				<misses>14224001</misses>
				<total>33</total>
				<timestamp>4973.422486</timestamp>
			</report>
			<report>
				<misses>14225001</misses>
				<total>33</total>
				<timestamp>4973.772146</timestamp>
			</report>
			<report>
				<misses>14226001</misses>
				<total>33</total>
				<timestamp>4974.121802</timestamp>
			</report>
			<report>
				<misses>14227001</misses>
				<total>33</total>
				<timestamp>4974.471440</timestamp>
			</report>
			<report>
				<misses>14228001</misses>
				<total>33</total>
				<timestamp>4974.821109</timestamp>
			</report>
			<report>
				<misses>14229001</misses>
				<total>33</total>
				<timestamp>4975.170731</timestamp>
			</report>
			<report>
				<misses>14230001</misses>
				<total>33</total>
				<timestamp>4975.520399</timestamp>
			</report>
			<report>
				<misses>14231001</misses>
				<total>33</total>
				<timestamp>4975.870060</timestamp>
			</report>
			<report>
				<misses>14232001</misses>
				<total>33</total>
				<timestamp>4976.219722</timestamp>
			</report>
			<report>
				<misses>14233001</misses>
				<total>33</total>
				<timestamp>4976.569343</timestamp>
			</report>
			<report>
				<misses>14234001</misses>
				<total>33</total>
				<timestamp>4976.918980</timestamp>
			</report>
			<report>
				<misses>14235001</misses>
				<total>33</total>
				<timestamp>4977.268637</timestamp>
			</report>
			<report>
				<misses>14236001</misses>
				<total>33</total>
				<timestamp>4977.618290</timestamp>
			</report>
			<report>
				<misses>14237001</misses>
				<total>33</total>
				<timestamp>4977.967956</timestamp>
			</report>
			<report>
				<misses>14238001</misses>
				<total>33</total>
				<timestamp>4978.317657</timestamp>
			</report>
			<report>
				<misses>14239001</misses>
				<total>33</total>
				<timestamp>4978.667227</timestamp>
			</report>
			<report>
				<misses>14240001</misses>
				<total>33</total>
				<timestamp>4979.016915</timestamp>
			</report>
			<report>
				<misses>14241001</misses>
				<total>33</total>
				<timestamp>4979.366534</timestamp>
			</report>
			<report>
				<misses>14242001</misses>
				<total>33</total>
				<timestamp>4979.716193</timestamp>
			</report>
			<report>
				<misses>14243001</misses>
				<total>33</total>
				<timestamp>4980.065870</timestamp>
			</report>
			<report>
				<misses>14244001</misses>
				<total>33</total>
				<timestamp>4980.415486</timestamp>
			</report>
			<report>
				<misses>14245001</misses>
				<total>33</total>
				<timestamp>4980.765181</timestamp>
			</report>
			<report>
				<misses>14246001</misses>
				<total>33</total>
				<timestamp>4981.114819</timestamp>
			</report>
			<report>
				<misses>14247001</misses>
				<total>33</total>
				<timestamp>4981.464424</timestamp>
			</report>
			<report>
				<misses>14248001</misses>
				<total>33</total>
				<timestamp>4981.814151</timestamp>
			</report>
			<report>
				<misses>14249001</misses>
				<total>33</total>
				<timestamp>4982.163791</timestamp>
			</report>
			<report>
				<misses>14250001</misses>
				<total>33</total>
				<timestamp>4982.513434</timestamp>
			</report>
			<report>
				<misses>14251001</misses>
				<total>33</total>
				<timestamp>4982.863060</timestamp>
			</report>
			<report>
				<misses>14252001</misses>
				<total>33</total>
				<timestamp>4983.212696</timestamp>
			</report>
			<report>
				<misses>14253001</misses>
				<total>33</total>
				<timestamp>4983.562329</timestamp>
			</report>
			<report>
				<misses>14254001</misses>
				<total>33</total>
				<timestamp>4983.911996</timestamp>
			</report>
			<report>
				<misses>14255001</misses>
				<total>33</total>
				<timestamp>4984.261651</timestamp>
			</report>
			<report>
				<misses>14256001</misses>
				<total>33</total>
				<timestamp>4984.611298</timestamp>
			</report>
			<report>
				<misses>14257001</misses>
				<total>33</total>
				<timestamp>4984.960949</timestamp>
			</report>
			<report>
				<misses>14258001</misses>
				<total>33</total>
				<timestamp>4985.310629</timestamp>
			</report>
			<report>
				<misses>14259001</misses>
				<total>33</total>
				<timestamp>4985.660248</timestamp>
			</report>
			<report>
				<misses>14260001</misses>
				<total>33</total>
				<timestamp>4986.009895</timestamp>
			</report>
			<report>
				<misses>14261001</misses>
				<total>33</total>
				<timestamp>4986.359600</timestamp>
			</report>
			<report>
				<misses>14262001</misses>
				<total>33</total>
				<timestamp>4986.709185</timestamp>
			</report>
			<report>
				<misses>14263001</misses>
				<total>33</total>
				<timestamp>4987.058835</timestamp>
			</report>
			<report>
				<misses>14264001</misses>
				<total>33</total>
				<timestamp>4987.408503</timestamp>
			</report>
			<report>
				<misses>14265001</misses>
				<total>33</total>
				<timestamp>4987.758128</timestamp>
			</report>
			<report>
				<misses>14266001</misses>
				<total>33</total>
				<timestamp>4988.107818</timestamp>
			</report>
			<report>
				<misses>14267001</misses>
				<total>33</total>
				<timestamp>4988.457426</timestamp>
			</report>
			<report>
				<misses>14268001</misses>
				<total>33</total>
				<timestamp>4988.807108</timestamp>
			</report>
			<report>
				<misses>14269001</misses>
				<total>33</total>
				<timestamp>4989.156733</timestamp>
			</report>
			<report>
				<misses>14270001</misses>
				<total>33</total>
				<timestamp>4989.506375</timestamp>
			</report>
			<report>
				<misses>14271001</misses>
				<total>33</total>
				<timestamp>4989.856042</timestamp>
			</report>
			<report>
				<misses>14272001</misses>
				<total>33</total>
				<timestamp>4990.205696</timestamp>
			</report>
			<report>
				<misses>14273001</misses>
				<total>33</total>
				<timestamp>4990.555352</timestamp>
			</report>
			<report>
				<misses>14274001</misses>
				<total>33</total>
				<timestamp>4990.904972</timestamp>
			</report>
			<report>
				<misses>14275001</misses>
				<total>33</total>
				<timestamp>4991.254649</timestamp>
			</report>
			<report>
				<misses>14276001</misses>
				<total>33</total>
				<timestamp>4991.604283</timestamp>
			</report>
			<report>
				<misses>14277001</misses>
				<total>33</total>
				<timestamp>4991.953935</timestamp>
			</report>
			<report>
				<misses>14278001</misses>
				<total>33</total>
				<timestamp>4992.303586</timestamp>
			</report>
			<report>
				<misses>14279001</misses>
				<total>33</total>
				<timestamp>4992.653248</timestamp>
			</report>
			<report>
				<misses>14280001</misses>
				<total>33</total>
				<timestamp>4993.002898</timestamp>
			</report>
			<report>
				<misses>14281001</misses>
				<total>33</total>
				<timestamp>4993.352583</timestamp>
			</report>
			<report>
				<misses>14282001</misses>
				<total>33</total>
				<timestamp>4993.702221</timestamp>
			</report>
			<report>
				<misses>14283001</misses>
				<total>33</total>
				<timestamp>4994.051853</timestamp>
			</report>
			<report>
				<misses>14284001</misses>
				<total>33</total>
				<timestamp>4994.401573</timestamp>
			</report>
			<report>
				<misses>14285001</misses>
				<total>33</total>
				<timestamp>4994.751124</timestamp>
			</report>
			<report>
				<misses>14286001</misses>
				<total>33</total>
				<timestamp>4995.100807</timestamp>
			</report>
			<report>
				<misses>14287001</misses>
				<total>33</total>
				<timestamp>4995.450441</timestamp>
			</report>
			<report>
				<misses>14288001</misses>
				<total>33</total>
				<timestamp>4995.800117</timestamp>
			</report>
			<report>
				<misses>14289001</misses>
				<total>33</total>
				<timestamp>4996.149770</timestamp>
			</report>
			<report>
				<misses>14290001</misses>
				<total>33</total>
				<timestamp>4996.499391</timestamp>
			</report>
			<report>
				<misses>14291001</misses>
				<total>33</total>
				<timestamp>4996.849098</timestamp>
			</report>
			<report>
				<misses>14292001</misses>
				<total>33</total>
				<timestamp>4997.198706</timestamp>
			</report>
			<report>
				<misses>14293001</misses>
				<total>33</total>
				<timestamp>4997.548346</timestamp>
			</report>
			<report>
				<misses>14294001</misses>
				<total>33</total>
				<timestamp>4997.897992</timestamp>
			</report>
			<report>
				<misses>14295001</misses>
				<total>33</total>
				<timestamp>4998.247661</timestamp>
			</report>
			<report>
				<misses>14296001</misses>
				<total>33</total>
				<timestamp>4998.597292</timestamp>
			</report>
			<report>
				<misses>14297001</misses>
				<total>33</total>
				<timestamp>4998.946940</timestamp>
			</report>
			<report>
				<misses>14298001</misses>
				<total>33</total>
				<timestamp>4999.296630</timestamp>
			</report>
			<report>
				<misses>14299001</misses>
				<total>33</total>
				<timestamp>4999.646243</timestamp>
			</report>
			<report>
				<misses>14300001</misses>
				<total>33</total>
				<timestamp>4999.995904</timestamp>
			</report>
			<report>
				<misses>14301001</misses>
				<total>33</total>
				<timestamp>5000.345621</timestamp>
			</report>
			<report>
				<misses>14302001</misses>
				<total>33</total>
				<timestamp>5000.695191</timestamp>
			</report>
			<report>
				<misses>14303001</misses>
				<total>33</total>
				<timestamp>5001.044827</timestamp>
			</report>
			<report>
				<misses>14304001</misses>
				<total>33</total>
				<timestamp>5001.394506</timestamp>
			</report>
			<report>
				<misses>14305001</misses>
				<total>33</total>
				<timestamp>5001.744155</timestamp>
			</report>
			<report>
				<misses>14306001</misses>
				<total>33</total>
				<timestamp>5002.093811</timestamp>
			</report>
			<report>
				<misses>14307001</misses>
				<total>33</total>
				<timestamp>5002.443441</timestamp>
			</report>
			<report>
				<misses>14308001</misses>
				<total>33</total>
				<timestamp>5002.793119</timestamp>
			</report>
			<report>
				<misses>14309001</misses>
				<total>33</total>
				<timestamp>5003.142749</timestamp>
			</report>
			<report>
				<misses>14310001</misses>
				<total>33</total>
				<timestamp>5003.492400</timestamp>
			</report>
			<report>
				<misses>14311001</misses>
				<total>33</total>
				<timestamp>5003.842030</timestamp>
			</report>
			<report>
				<misses>14312001</misses>
				<total>33</total>
				<timestamp>5004.191677</timestamp>
			</report>
			<report>
				<misses>14313001</misses>
				<total>33</total>
				<timestamp>5004.541322</timestamp>
			</report>
			<report>
				<misses>14314001</misses>
				<total>33</total>
				<timestamp>5004.890977</timestamp>
			</report>
			<report>
				<misses>14315001</misses>
				<total>33</total>
				<timestamp>5005.240618</timestamp>
			</report>
			<report>
				<misses>14316001</misses>
				<total>33</total>
				<timestamp>5005.590290</timestamp>
			</report>
			<report>
				<misses>14317001</misses>
				<total>33</total>
				<timestamp>5005.939937</timestamp>
			</report>
			<report>
				<misses>14318001</misses>
				<total>33</total>
				<timestamp>5006.289627</timestamp>
			</report>
			<report>
				<misses>14319001</misses>
				<total>33</total>
				<timestamp>5006.639266</timestamp>
			</report>
			<report>
				<misses>14320001</misses>
				<total>33</total>
				<timestamp>5006.988897</timestamp>
			</report>
			<report>
				<misses>14321001</misses>
				<total>33</total>
				<timestamp>5007.338528</timestamp>
			</report>
			<report>
				<misses>14322001</misses>
				<total>33</total>
				<timestamp>5007.688182</timestamp>
			</report>
			<report>
				<misses>14323001</misses>
				<total>33</total>
				<timestamp>5008.037871</timestamp>
			</report>
			<report>
				<misses>14324001</misses>
				<total>33</total>
				<timestamp>5008.387501</timestamp>
			</report>
			<report>
				<misses>14325001</misses>
				<total>33</total>
				<timestamp>5008.737135</timestamp>
			</report>
			<report>
				<misses>14326001</misses>
				<total>33</total>
				<timestamp>5009.086831</timestamp>
			</report>
			<report>
				<misses>14327001</misses>
				<total>33</total>
				<timestamp>5009.436459</timestamp>
			</report>
			<report>
				<misses>14328001</misses>
				<total>33</total>
				<timestamp>5009.786106</timestamp>
			</report>
			<report>
				<misses>14329001</misses>
				<total>33</total>
				<timestamp>5010.135744</timestamp>
			</report>
			<report>
				<misses>14330001</misses>
				<total>33</total>
				<timestamp>5010.485505</timestamp>
			</report>
			<report>
				<misses>14331001</misses>
				<total>33</total>
				<timestamp>5010.835037</timestamp>
			</report>
			<report>
				<misses>14332001</misses>
				<total>33</total>
				<timestamp>5011.184706</timestamp>
			</report>
			<report>
				<misses>14333001</misses>
				<total>33</total>
				<timestamp>5011.534350</timestamp>
			</report>
			<report>
				<misses>14334001</misses>
				<total>33</total>
				<timestamp>5011.883995</timestamp>
			</report>
			<report>
				<misses>14335001</misses>
				<total>33</total>
				<timestamp>5012.233669</timestamp>
			</report>
			<report>
				<misses>14336001</misses>
				<total>33</total>
				<timestamp>5012.583290</timestamp>
			</report>
			<report>
				<misses>14337001</misses>
				<total>33</total>
				<timestamp>5012.932944</timestamp>
			</report>
			<report>
				<misses>14338001</misses>
				<total>33</total>
				<timestamp>5013.282608</timestamp>
			</report>
			<report>
				<misses>14339001</misses>
				<total>33</total>
				<timestamp>5013.632251</timestamp>
			</report>
			<report>
				<misses>14340001</misses>
				<total>33</total>
				<timestamp>5013.981897</timestamp>
			</report>
			<report>
				<misses>14341001</misses>
				<total>33</total>
				<timestamp>5014.331587</timestamp>
			</report>
			<report>
				<misses>14342001</misses>
				<total>33</total>
				<timestamp>5014.681262</timestamp>
			</report>
			<report>
				<misses>14343001</misses>
				<total>33</total>
				<timestamp>5015.030836</timestamp>
			</report>
			<report>
				<misses>14344001</misses>
				<total>33</total>
				<timestamp>5015.380536</timestamp>
			</report>
			<report>
				<misses>14345001</misses>
				<total>33</total>
				<timestamp>5015.730134</timestamp>
			</report>
			<report>
				<misses>14346001</misses>
				<total>33</total>
				<timestamp>5016.079814</timestamp>
			</report>
			<report>
				<misses>14347001</misses>
				<total>33</total>
				<timestamp>5016.429436</timestamp>
			</report>
			<report>
				<misses>14348001</misses>
				<total>33</total>
				<timestamp>5016.779085</timestamp>
			</report>
			<report>
				<misses>14349001</misses>
				<total>33</total>
				<timestamp>5017.128746</timestamp>
			</report>
			<report>
				<misses>14350001</misses>
				<total>33</total>
				<timestamp>5017.478466</timestamp>
			</report>
			<report>
				<misses>14351001</misses>
				<total>33</total>
				<timestamp>5017.828048</timestamp>
			</report>
			<report>
				<misses>14352001</misses>
				<total>33</total>
				<timestamp>5018.177691</timestamp>
			</report>
			<report>
				<misses>14353001</misses>
				<total>33</total>
				<timestamp>5018.527352</timestamp>
			</report>
			<report>
				<misses>14354001</misses>
				<total>33</total>
				<timestamp>5018.877025</timestamp>
			</report>
			<report>
				<misses>14355001</misses>
				<total>33</total>
				<timestamp>5019.226653</timestamp>
			</report>
			<report>
				<misses>14356001</misses>
				<total>33</total>
				<timestamp>5019.576338</timestamp>
			</report>
			<report>
				<misses>14357001</misses>
				<total>33</total>
				<timestamp>5019.925935</timestamp>
			</report>
			<report>
				<misses>14358001</misses>
				<total>33</total>
				<timestamp>5020.275601</timestamp>
			</report>
			<report>
				<misses>14359001</misses>
				<total>33</total>
				<timestamp>5020.625214</timestamp>
			</report>
			<report>
				<misses>14360001</misses>
				<total>33</total>
				<timestamp>5020.974883</timestamp>
			</report>
			<report>
				<misses>14361001</misses>
				<total>33</total>
				<timestamp>5021.324551</timestamp>
			</report>
			<report>
				<misses>14362001</misses>
				<total>33</total>
				<timestamp>5021.674195</timestamp>
			</report>
			<report>
				<misses>14363001</misses>
				<total>33</total>
				<timestamp>5022.023850</timestamp>
			</report>
			<report>
				<misses>14364001</misses>
				<total>33</total>
				<timestamp>5022.373483</timestamp>
			</report>
			<report>
				<misses>14365001</misses>
				<total>33</total>
				<timestamp>5022.723134</timestamp>
			</report>
			<report>
				<misses>14366001</misses>
				<total>33</total>
				<timestamp>5023.072798</timestamp>
			</report>
			<report>
				<misses>14367001</misses>
				<total>33</total>
				<timestamp>5023.422471</timestamp>
			</report>
			<report>
				<misses>14368001</misses>
				<total>33</total>
				<timestamp>5023.772110</timestamp>
			</report>
			<report>
				<misses>14369001</misses>
				<total>33</total>
				<timestamp>5024.121729</timestamp>
			</report>
			<report>
				<misses>14370001</misses>
				<total>33</total>
				<timestamp>5024.471391</timestamp>
			</report>
			<report>
				<misses>14371001</misses>
				<total>33</total>
				<timestamp>5024.821017</timestamp>
			</report>
			<report>
				<misses>14372001</misses>
				<total>33</total>
				<timestamp>5025.170748</timestamp>
			</report>
			<report>
				<misses>14373001</misses>
				<total>33</total>
				<timestamp>5025.520359</timestamp>
			</report>
			<report>
				<misses>14374001</misses>
				<total>33</total>
				<timestamp>5025.869983</timestamp>
			</report>
			<report>
				<misses>14375001</misses>
				<total>33</total>
				<timestamp>5026.219635</timestamp>
			</report>
			<report>
				<misses>14376001</misses>
				<total>33</total>
				<timestamp>5026.569273</timestamp>
			</report>
			<report>
				<misses>14377001</misses>
				<total>33</total>
				<timestamp>5026.918947</timestamp>
			</report>
			<report>
				<misses>14378001</misses>
				<total>33</total>
				<timestamp>5027.268594</timestamp>
			</report>
			<report>
				<misses>14379001</misses>
				<total>33</total>
				<timestamp>5027.618233</timestamp>
			</report>
			<report>
				<misses>14380001</misses>
				<total>33</total>
				<timestamp>5027.967896</timestamp>
			</report>
			<report>
				<misses>14381001</misses>
				<total>33</total>
				<timestamp>5028.317531</timestamp>
			</report>
			<report>
				<misses>14382001</misses>
				<total>33</total>
				<timestamp>5028.667209</timestamp>
			</report>
			<report>
				<misses>14383001</misses>
				<total>33</total>
				<timestamp>5029.016846</timestamp>
			</report>
			<report>
				<misses>14384001</misses>
				<total>33</total>
				<timestamp>5029.366494</timestamp>
			</report>
			<report>
				<misses>14385001</misses>
				<total>33</total>
				<timestamp>5029.716149</timestamp>
			</report>
			<report>
				<misses>14386001</misses>
				<total>33</total>
				<timestamp>5030.065770</timestamp>
			</report>
			<report>
				<misses>14387001</misses>
				<total>33</total>
				<timestamp>5030.415456</timestamp>
			</report>
			<report>
				<misses>14388001</misses>
				<total>33</total>
				<timestamp>5030.765092</timestamp>
			</report>
			<report>
				<misses>14389001</misses>
				<total>33</total>
				<timestamp>5031.114751</timestamp>
			</report>
			<report>
				<misses>14390001</misses>
				<total>33</total>
				<timestamp>5031.464417</timestamp>
			</report>
			<report>
				<misses>14391001</misses>
				<total>33</total>
				<timestamp>5031.814047</timestamp>
			</report>
			<report>
				<misses>14392001</misses>
				<total>33</total>
				<timestamp>5032.163691</timestamp>
			</report>
			<report>
				<misses>14393001</misses>
				<total>33</total>
				<timestamp>5032.513352</timestamp>
			</report>
			<report>
				<misses>14394001</misses>
				<total>33</total>
				<timestamp>5032.862998</timestamp>
			</report>
			<report>
				<misses>14395001</misses>
				<total>33</total>
				<timestamp>5033.212643</timestamp>
			</report>
			<report>
				<misses>14396001</misses>
				<total>33</total>
				<timestamp>5033.562303</timestamp>
			</report>
			<report>
				<misses>14397001</misses>
				<total>33</total>
				<timestamp>5033.911938</timestamp>
			</report>
			<report>
				<misses>14398001</misses>
				<total>33</total>
				<timestamp>5034.261587</timestamp>
			</report>
			<report>
				<misses>14399001</misses>
				<total>33</total>
				<timestamp>5034.611250</timestamp>
			</report>
			<report>
				<misses>14400001</misses>
				<total>33</total>
				<timestamp>5034.960878</timestamp>
			</report>
			<report>
				<misses>14401001</misses>
				<total>33</total>
				<timestamp>5035.310538</timestamp>
			</report>
			<report>
				<misses>14402001</misses>
				<total>33</total>
				<timestamp>5035.660180</timestamp>
			</report>
			<report>
				<misses>14403001</misses>
				<total>33</total>
				<timestamp>5036.009836</timestamp>
			</report>
			<report>
				<misses>14404001</misses>
				<total>33</total>
				<timestamp>5036.359486</timestamp>
			</report>
			<report>
				<misses>14405001</misses>
				<total>33</total>
				<timestamp>5036.709145</timestamp>
			</report>
			<report>
				<misses>14406001</misses>
				<total>33</total>
				<timestamp>5037.058799</timestamp>
			</report>
			<report>
				<misses>14407001</misses>
				<total>33</total>
				<timestamp>5037.408449</timestamp>
			</report>
			<report>
				<misses>14408001</misses>
				<total>33</total>
				<timestamp>5037.758096</timestamp>
			</report>
			<report>
				<misses>14409001</misses>
				<total>33</total>
				<timestamp>5038.107750</timestamp>
			</report>
			<report>
				<misses>14410001</misses>
				<total>33</total>
				<timestamp>5038.457426</timestamp>
			</report>
			<report>
				<misses>14411001</misses>
				<total>33</total>
				<timestamp>5038.807052</timestamp>
			</report>
			<report>
				<misses>14412001</misses>
				<total>33</total>
				<timestamp>5039.156671</timestamp>
			</report>
			<report>
				<misses>14413001</misses>
				<total>33</total>
				<timestamp>5039.506370</timestamp>
			</report>
			<report>
				<misses>14414001</misses>
				<total>33</total>
				<timestamp>5039.855986</timestamp>
			</report>
			<report>
				<misses>14415001</misses>
				<total>33</total>
				<timestamp>5040.205664</timestamp>
			</report>
			<report>
				<misses>14416001</misses>
				<total>33</total>
				<timestamp>5040.555303</timestamp>
			</report>
			<report>
				<misses>14417001</misses>
				<total>33</total>
				<timestamp>5040.904936</timestamp>
			</report>
			<report>
				<misses>14418001</misses>
				<total>33</total>
				<timestamp>5041.254580</timestamp>
			</report>
			<report>
				<misses>14419001</misses>
				<total>33</total>
				<timestamp>5041.604281</timestamp>
			</report>
			<report>
				<misses>14420001</misses>
				<total>33</total>
				<timestamp>5041.953889</timestamp>
			</report>
			<report>
				<misses>14421001</misses>
				<total>33</total>
				<timestamp>5042.303547</timestamp>
			</report>
			<report>
				<misses>14422001</misses>
				<total>33</total>
				<timestamp>5042.653250</timestamp>
			</report>
			<report>
				<misses>14423001</misses>
				<total>33</total>
				<timestamp>5043.002863</timestamp>
			</report>
			<report>
				<misses>14424001</misses>
				<total>33</total>
				<timestamp>5043.352481</timestamp>
			</report>
			<report>
				<misses>14425001</misses>
				<total>33</total>
				<timestamp>5043.702136</timestamp>
			</report>
			<report>
				<misses>14426001</misses>
				<total>33</total>
				<timestamp>5044.051808</timestamp>
			</report>
			<report>
				<misses>14427001</misses>
				<total>33</total>
				<timestamp>5044.401443</timestamp>
			</report>
			<report>
				<misses>14428001</misses>
				<total>33</total>
				<timestamp>5044.751121</timestamp>
			</report>
			<report>
				<misses>14429001</misses>
				<total>33</total>
				<timestamp>5045.100764</timestamp>
			</report>
			<report>
				<misses>14430001</misses>
				<total>33</total>
				<timestamp>5045.450403</timestamp>
			</report>
			<report>
				<misses>14431001</misses>
				<total>33</total>
				<timestamp>5045.800021</timestamp>
			</report>
			<report>
				<misses>14432001</misses>
				<total>33</total>
				<timestamp>5046.149682</timestamp>
			</report>
			<report>
				<misses>14433001</misses>
				<total>33</total>
				<timestamp>5046.499350</timestamp>
			</report>
			<report>
				<misses>14434001</misses>
				<total>33</total>
				<timestamp>5046.849003</timestamp>
			</report>
			<report>
				<misses>14435001</misses>
				<total>33</total>
				<timestamp>5047.198654</timestamp>
			</report>
			<report>
				<misses>14436001</misses>
				<total>33</total>
				<timestamp>5047.548327</timestamp>
			</report>
			<report>
				<misses>14437001</misses>
				<total>33</total>
				<timestamp>5047.897939</timestamp>
			</report>
			<report>
				<misses>14438001</misses>
				<total>33</total>
				<timestamp>5048.247611</timestamp>
			</report>
			<report>
				<misses>14439001</misses>
				<total>33</total>
				<timestamp>5048.597238</timestamp>
			</report>
			<report>
				<misses>14440001</misses>
				<total>33</total>
				<timestamp>5048.946905</timestamp>
			</report>
			<report>
				<misses>14441001</misses>
				<total>33</total>
				<timestamp>5049.296547</timestamp>
			</report>
			<report>
				<misses>14442001</misses>
				<total>33</total>
				<timestamp>5049.646224</timestamp>
			</report>
			<report>
				<misses>14443001</misses>
				<total>33</total>
				<timestamp>5049.995818</timestamp>
			</report>
			<report>
				<misses>14444001</misses>
				<total>33</total>
				<timestamp>5050.345479</timestamp>
			</report>
			<report>
				<misses>14445001</misses>
				<total>33</total>
				<timestamp>5050.695133</timestamp>
			</report>
			<report>
				<misses>14446001</misses>
				<total>33</total>
				<timestamp>5051.044806</timestamp>
			</report>
			<report>
				<misses>14447001</misses>
				<total>33</total>
				<timestamp>5051.394437</timestamp>
			</report>
			<report>
				<misses>14448001</misses>
				<total>33</total>
				<timestamp>5051.744132</timestamp>
			</report>
			<report>
				<misses>14449001</misses>
				<total>33</total>
				<timestamp>5052.093731</timestamp>
			</report>
			<report>
				<misses>14450001</misses>
				<total>33</total>
				<timestamp>5052.443388</timestamp>
			</report>
			<report>
				<misses>14451001</misses>
				<total>33</total>
				<timestamp>5052.793042</timestamp>
			</report>
			<report>
				<misses>14452001</misses>
				<total>33</total>
				<timestamp>5053.142680</timestamp>
			</report>
			<report>
				<misses>14453001</misses>
				<total>33</total>
				<timestamp>5053.492370</timestamp>
			</report>
			<report>
				<misses>14454001</misses>
				<total>33</total>
				<timestamp>5053.841987</timestamp>
			</report>
			<report>
				<misses>14455001</misses>
				<total>33</total>
				<timestamp>5054.191658</timestamp>
			</report>
			<report>
				<misses>14456001</misses>
				<total>33</total>
				<timestamp>5054.541328</timestamp>
			</report>
			<report>
				<misses>14457001</misses>
				<total>33</total>
				<timestamp>5054.890939</timestamp>
			</report>
			<report>
				<misses>14458001</misses>
				<total>33</total>
				<timestamp>5055.240585</timestamp>
			</report>
			<report>
				<misses>14459001</misses>
				<total>33</total>
				<timestamp>5055.590249</timestamp>
			</report>
			<report>
				<misses>14460001</misses>
				<total>33</total>
				<timestamp>5055.939887</timestamp>
			</report>
			<report>
				<misses>14461001</misses>
				<total>33</total>
				<timestamp>5056.289534</timestamp>
			</report>
			<report>
				<misses>14462001</misses>
				<total>33</total>
				<timestamp>5056.639210</timestamp>
			</report>
			<report>
				<misses>14463001</misses>
				<total>33</total>
				<timestamp>5056.988874</timestamp>
			</report>
			<report>
				<misses>14464001</misses>
				<total>33</total>
				<timestamp>5057.338488</timestamp>
			</report>
			<report>
				<misses>14465001</misses>
				<total>33</total>
				<timestamp>5057.688173</timestamp>
			</report>
			<report>
				<misses>14466001</misses>
				<total>33</total>
				<timestamp>5058.037795</timestamp>
			</report>
			<report>
				<misses>14467001</misses>
				<total>33</total>
				<timestamp>5058.387433</timestamp>
			</report>
			<report>
				<misses>14468001</misses>
				<total>33</total>
				<timestamp>5058.737166</timestamp>
			</report>
			<report>
				<misses>14469001</misses>
				<total>33</total>
				<timestamp>5059.086747</timestamp>
			</report>
			<report>
				<misses>14470001</misses>
				<total>33</total>
				<timestamp>5059.436418</timestamp>
			</report>
			<report>
				<misses>14471001</misses>
				<total>33</total>
				<timestamp>5059.786029</timestamp>
			</report>
			<report>
				<misses>14472001</misses>
				<total>33</total>
				<timestamp>5060.135720</timestamp>
			</report>
			<report>
				<misses>14473001</misses>
				<total>33</total>
				<timestamp>5060.485342</timestamp>
			</report>
			<report>
				<misses>14474001</misses>
				<total>33</total>
				<timestamp>5060.834998</timestamp>
			</report>
			<report>
				<misses>14475001</misses>
				<total>33</total>
				<timestamp>5061.184617</timestamp>
			</report>
			<report>
				<misses>14476001</misses>
				<total>33</total>
				<timestamp>5061.534276</timestamp>
			</report>
			<report>
				<misses>14477001</misses>
				<total>33</total>
				<timestamp>5061.883941</timestamp>
			</report>
			<report>
				<misses>14478001</misses>
				<total>33</total>
				<timestamp>5062.233601</timestamp>
			</report>
			<report>
				<misses>14479001</misses>
				<total>33</total>
				<timestamp>5062.583276</timestamp>
			</report>
			<report>
				<misses>14480001</misses>
				<total>33</total>
				<timestamp>5062.932879</timestamp>
			</report>
			<report>
				<misses>14481001</misses>
				<total>33</total>
				<timestamp>5063.282578</timestamp>
			</report>
			<report>
				<misses>14482001</misses>
				<total>33</total>
				<timestamp>5063.632194</timestamp>
			</report>
			<report>
				<misses>14483001</misses>
				<total>33</total>
				<timestamp>5063.981837</timestamp>
			</report>
			<report>
				<misses>14484001</misses>
				<total>33</total>
				<timestamp>5064.331485</timestamp>
			</report>
			<report>
				<misses>14485001</misses>
				<total>33</total>
				<timestamp>5064.681163</timestamp>
			</report>
			<report>
				<misses>14486001</misses>
				<total>33</total>
				<timestamp>5065.030776</timestamp>
			</report>
			<report>
				<misses>14487001</misses>
				<total>33</total>
				<timestamp>5065.380450</timestamp>
			</report>
			<report>
				<misses>14488001</misses>
				<total>33</total>
				<timestamp>5065.730134</timestamp>
			</report>
			<report>
				<misses>14489001</misses>
				<total>33</total>
				<timestamp>5066.079744</timestamp>
			</report>
			<report>
				<misses>14490001</misses>
				<total>33</total>
				<timestamp>5066.429378</timestamp>
			</report>
			<report>
				<misses>14491001</misses>
				<total>33</total>
				<timestamp>5066.779112</timestamp>
			</report>
			<report>
				<misses>14492001</misses>
				<total>33</total>
				<timestamp>5067.128677</timestamp>
			</report>
			<report>
				<misses>14493001</misses>
				<total>33</total>
				<timestamp>5067.478334</timestamp>
			</report>
			<report>
				<misses>14494001</misses>
				<total>33</total>
				<timestamp>5067.828011</timestamp>
			</report>
			<report>
				<misses>14495001</misses>
				<total>33</total>
				<timestamp>5068.177655</timestamp>
			</report>
			<report>
				<misses>14496001</misses>
				<total>33</total>
				<timestamp>5068.527314</timestamp>
			</report>
			<report>
				<misses>14497001</misses>
				<total>33</total>
				<timestamp>5068.876934</timestamp>
			</report>
			<report>
				<misses>14498001</misses>
				<total>33</total>
				<timestamp>5069.226643</timestamp>
			</report>
			<report>
				<misses>14499001</misses>
				<total>33</total>
				<timestamp>5069.576238</timestamp>
			</report>
			<report>
				<misses>14500001</misses>
				<total>33</total>
				<timestamp>5069.925879</timestamp>
			</report>
			<report>
				<misses>14501001</misses>
				<total>33</total>
				<timestamp>5070.275567</timestamp>
			</report>
			<report>
				<misses>14502001</misses>
				<total>33</total>
				<timestamp>5070.625186</timestamp>
			</report>
			<report>
				<misses>14503001</misses>
				<total>33</total>
				<timestamp>5070.974844</timestamp>
			</report>
			<report>
				<misses>14504001</misses>
				<total>33</total>
				<timestamp>5071.324507</timestamp>
			</report>
			<report>
				<misses>14505001</misses>
				<total>33</total>
				<timestamp>5071.674143</timestamp>
			</report>
			<report>
				<misses>14506001</misses>
				<total>33</total>
				<timestamp>5072.023803</timestamp>
			</report>
			<report>
				<misses>14507001</misses>
				<total>33</total>
				<timestamp>5072.373468</timestamp>
			</report>
			<report>
				<misses>14508001</misses>
				<total>33</total>
				<timestamp>5072.723081</timestamp>
			</report>
			<report>
				<misses>14509001</misses>
				<total>33</total>
				<timestamp>5073.072742</timestamp>
			</report>
			<report>
				<misses>14510001</misses>
				<total>33</total>
				<timestamp>5073.422394</timestamp>
			</report>
			<report>
				<misses>14511001</misses>
				<total>33</total>
				<timestamp>5073.772073</timestamp>
			</report>
			<report>
				<misses>14512001</misses>
				<total>33</total>
				<timestamp>5074.121686</timestamp>
			</report>
			<report>
				<misses>14513001</misses>
				<total>33</total>
				<timestamp>5074.471346</timestamp>
			</report>
			<report>
				<misses>14514001</misses>
				<total>33</total>
				<timestamp>5074.821005</timestamp>
			</report>
			<report>
				<misses>14515001</misses>
				<total>33</total>
				<timestamp>5075.170630</timestamp>
			</report>
			<report>
				<misses>14516001</misses>
				<total>33</total>
				<timestamp>5075.520274</timestamp>
			</report>
			<report>
				<misses>14517001</misses>
				<total>33</total>
				<timestamp>5075.869954</timestamp>
			</report>
			<report>
				<misses>14518001</misses>
				<total>33</total>
				<timestamp>5076.219568</timestamp>
			</report>
			<report>
				<misses>14519001</misses>
				<total>33</total>
				<timestamp>5076.569250</timestamp>
			</report>
			<report>
				<misses>14520001</misses>
				<total>33</total>
				<timestamp>5076.918878</timestamp>
			</report>
			<report>
				<misses>14521001</misses>
				<total>33</total>
				<timestamp>5077.268528</timestamp>
			</report>
			<report>
				<misses>14522001</misses>
				<total>33</total>
				<timestamp>5077.618195</timestamp>
			</report>
			<report>
				<misses>14523001</misses>
				<total>33</total>
				<timestamp>5077.967926</timestamp>
			</report>
			<report>
				<misses>14524001</misses>
				<total>33</total>
				<timestamp>5078.317497</timestamp>
			</report>
			<report>
				<misses>14525001</misses>
				<total>33</total>
				<timestamp>5078.667148</timestamp>
			</report>
			<report>
				<misses>14526001</misses>
				<total>33</total>
				<timestamp>5079.016795</timestamp>
			</report>
			<report>
				<misses>14527001</misses>
				<total>33</total>
				<timestamp>5079.366418</timestamp>
			</report>
			<report>
				<misses>14528001</misses>
				<total>33</total>
				<timestamp>5079.716110</timestamp>
			</report>
			<report>
				<misses>14529001</misses>
				<total>33</total>
				<timestamp>5080.065732</timestamp>
			</report>
			<report>
				<misses>14530001</misses>
				<total>33</total>
				<timestamp>5080.415375</timestamp>
			</report>
			<report>
				<misses>14531001</misses>
				<total>33</total>
				<timestamp>5080.765024</timestamp>
			</report>
			<report>
				<misses>14532001</misses>
				<total>33</total>
				<timestamp>5081.114679</timestamp>
			</report>
			<report>
				<misses>14533001</misses>
				<total>33</total>
				<timestamp>5081.464330</timestamp>
			</report>
			<report>
				<misses>14534001</misses>
				<total>33</total>
				<timestamp>5081.814044</timestamp>
			</report>
			<report>
				<misses>14535001</misses>
				<total>33</total>
				<timestamp>5082.163622</timestamp>
			</report>
			<report>
				<misses>14536001</misses>
				<total>33</total>
				<timestamp>5082.513334</timestamp>
			</report>
			<report>
				<misses>14537001</misses>
				<total>33</total>
				<timestamp>5082.862988</timestamp>
			</report>
			<report>
				<misses>14538001</misses>
				<total>33</total>
				<timestamp>5083.212572</timestamp>
			</report>
			<report>
				<misses>14539001</misses>
				<total>33</total>
				<timestamp>5083.562235</timestamp>
			</report>
			<report>
				<misses>14540001</misses>
				<total>33</total>
				<timestamp>5083.911907</timestamp>
			</report>
			<report>
				<misses>14541001</misses>
				<total>33</total>
				<timestamp>5084.261530</timestamp>
			</report>
			<report>
				<misses>14542001</misses>
				<total>33</total>
				<timestamp>5084.611195</timestamp>
			</report>
			<report>
				<misses>14543001</misses>
				<total>33</total>
				<timestamp>5084.960863</timestamp>
			</report>
			<report>
				<misses>14544001</misses>
				<total>33</total>
				<timestamp>5085.310511</timestamp>
			</report>
			<report>
				<misses>14545001</misses>
				<total>33</total>
				<timestamp>5085.660142</timestamp>
			</report>
			<report>
				<misses>14546001</misses>
				<total>33</total>
				<timestamp>5086.009784</timestamp>
			</report>
			<report>
				<misses>14547001</misses>
				<total>33</total>
				<timestamp>5086.359440</timestamp>
			</report>
			<report>
				<misses>14548001</misses>
				<total>33</total>
				<timestamp>5086.709106</timestamp>
			</report>
			<report>
				<misses>14549001</misses>
				<total>33</total>
				<timestamp>5087.058758</timestamp>
			</report>
			<report>
				<misses>14550001</misses>
				<total>33</total>
				<timestamp>5087.408427</timestamp>
			</report>
			<report>
				<misses>14551001</misses>
				<total>33</total>
				<timestamp>5087.758044</timestamp>
			</report>
			<report>
				<misses>14552001</misses>
				<total>33</total>
				<timestamp>5088.107686</timestamp>
			</report>
			<report>
				<misses>14553001</misses>
				<total>33</total>
				<timestamp>5088.457370</timestamp>
			</report>
			<report>
				<misses>14554001</misses>
				<total>33</total>
				<timestamp>5088.806981</timestamp>
			</report>
			<report>
				<misses>14555001</misses>
				<total>33</total>
				<timestamp>5089.156634</timestamp>
			</report>
			<report>
				<misses>14556001</misses>
				<total>33</total>
				<timestamp>5089.506288</timestamp>
			</report>
			<report>
				<misses>14557001</misses>
				<total>33</total>
				<timestamp>5089.855983</timestamp>
			</report>
			<report>
				<misses>14558001</misses>
				<total>33</total>
				<timestamp>5090.205586</timestamp>
			</report>
			<report>
				<misses>14559001</misses>
				<total>33</total>
				<timestamp>5090.555227</timestamp>
			</report>
			<report>
				<misses>14560001</misses>
				<total>33</total>
				<timestamp>5090.904908</timestamp>
			</report>
			<report>
				<misses>14561001</misses>
				<total>33</total>
				<timestamp>5091.254548</timestamp>
			</report>
			<report>
				<misses>14562001</misses>
				<total>33</total>
				<timestamp>5091.604192</timestamp>
			</report>
			<report>
				<misses>14563001</misses>
				<total>33</total>
				<timestamp>5091.953820</timestamp>
			</report>
			<report>
				<misses>14564001</misses>
				<total>33</total>
				<timestamp>5092.303483</timestamp>
			</report>
			<report>
				<misses>14565001</misses>
				<total>33</total>
				<timestamp>5092.653155</timestamp>
			</report>
			<report>
				<misses>14566001</misses>
				<total>33</total>
				<timestamp>5093.002780</timestamp>
			</report>
			<report>
				<misses>14567001</misses>
				<total>33</total>
				<timestamp>5093.352455</timestamp>
			</report>
			<report>
				<misses>14568001</misses>
				<total>33</total>
				<timestamp>5093.702128</timestamp>
			</report>
			<report>
				<misses>14569001</misses>
				<total>33</total>
				<timestamp>5094.051726</timestamp>
			</report>
			<report>
				<misses>14570001</misses>
				<total>33</total>
				<timestamp>5094.401387</timestamp>
			</report>
			<report>
				<misses>14571001</misses>
				<total>33</total>
				<timestamp>5094.751137</timestamp>
			</report>
			<report>
				<misses>14572001</misses>
				<total>33</total>
				<timestamp>5095.100683</timestamp>
			</report>
			<report>
				<misses>14573001</misses>
				<total>33</total>
				<timestamp>5095.450333</timestamp>
			</report>
			<report>
				<misses>14574001</misses>
				<total>33</total>
				<timestamp>5095.799978</timestamp>
			</report>
			<report>
				<misses>14575001</misses>
				<total>33</total>
				<timestamp>5096.149649</timestamp>
			</report>
			<report>
				<misses>14576001</misses>
				<total>33</total>
				<timestamp>5096.499288</timestamp>
			</report>
			<report>
				<misses>14577001</misses>
				<total>33</total>
				<timestamp>5096.848950</timestamp>
			</report>
			<report>
				<misses>14578001</misses>
				<total>33</total>
				<timestamp>5097.198597</timestamp>
			</report>
			<report>
				<misses>14579001</misses>
				<total>33</total>
				<timestamp>5097.548271</timestamp>
			</report>
			<report>
				<misses>14580001</misses>
				<total>33</total>
				<timestamp>5097.897949</timestamp>
			</report>
			<report>
				<misses>14581001</misses>
				<total>33</total>
				<timestamp>5098.247533</timestamp>
			</report>
			<report>
				<misses>14582001</misses>
				<total>33</total>
				<timestamp>5098.597181</timestamp>
			</report>
			<report>
				<misses>14583001</misses>
				<total>33</total>
				<timestamp>5098.946909</timestamp>
			</report>
			<report>
				<misses>14584001</misses>
				<total>33</total>
				<timestamp>5099.296477</timestamp>
			</report>
			<report>
				<misses>14585001</misses>
				<total>33</total>
				<timestamp>5099.646130</timestamp>
			</report>
			<report>
				<misses>14586001</misses>
				<total>33</total>
				<timestamp>5099.995804</timestamp>
			</report>
			<report>
				<misses>14587001</misses>
				<total>33</total>
				<timestamp>5100.345436</timestamp>
			</report>
			<report>
				<misses>14588001</misses>
				<total>33</total>
				<timestamp>5100.695121</timestamp>
			</report>
			<report>
				<misses>14589001</misses>
				<total>33</total>
				<timestamp>5101.044724</timestamp>
			</report>
			<report>
				<misses>14590001</misses>
				<total>33</total>
				<timestamp>5101.394398</timestamp>
			</report>
			<report>
				<misses>14591001</misses>
				<total>33</total>
				<timestamp>5101.744047</timestamp>
			</report>
			<report>
				<misses>14592001</misses>
				<total>33</total>
				<timestamp>5102.093696</timestamp>
			</report>
			<report>
				<misses>14593001</misses>
				<total>33</total>
				<timestamp>5102.443365</timestamp>
			</report>
			<report>
				<misses>14594001</misses>
				<total>33</total>
				<timestamp>5102.793001</timestamp>
			</report>
			<report>
				<misses>14595001</misses>
				<total>33</total>
				<timestamp>5103.142625</timestamp>
			</report>
			<report>
				<misses>14596001</misses>
				<total>33</total>
				<timestamp>5103.492316</timestamp>
			</report>
			<report>
				<misses>14597001</misses>
				<total>33</total>
				<timestamp>5103.841951</timestamp>
			</report>
			<report>
				<misses>14598001</misses>
				<total>33</total>
				<timestamp>5104.191607</timestamp>
			</report>
			<report>
				<misses>14599001</misses>
				<total>33</total>
				<timestamp>5104.541234</timestamp>
			</report>
			<report>
				<misses>14600001</misses>
				<total>33</total>
				<timestamp>5104.890910</timestamp>
			</report>
			<report>
				<misses>14601001</misses>
				<total>33</total>
				<timestamp>5105.240535</timestamp>
			</report>
			<report>
				<misses>14602001</misses>
				<total>33</total>
				<timestamp>5105.590179</timestamp>
			</report>
			<report>
				<misses>14603001</misses>
				<total>33</total>
				<timestamp>5105.939853</timestamp>
			</report>
			<report>
				<misses>14604001</misses>
				<total>33</total>
				<timestamp>5106.289496</timestamp>
			</report>
			<report>
				<misses>14605001</misses>
				<total>33</total>
				<timestamp>5106.639164</timestamp>
			</report>
			<report>
				<misses>14606001</misses>
				<total>33</total>
				<timestamp>5106.988840</timestamp>
			</report>
			<report>
				<misses>14607001</misses>
				<total>33</total>
				<timestamp>5107.338431</timestamp>
			</report>
			<report>
				<misses>14608001</misses>
				<total>33</total>
				<timestamp>5107.688106</timestamp>
			</report>
			<report>
				<misses>14609001</misses>
				<total>33</total>
				<timestamp>5108.037777</timestamp>
			</report>
			<report>
				<misses>14610001</misses>
				<total>33</total>
				<timestamp>5108.387389</timestamp>
			</report>
			<report>
				<misses>14611001</misses>
				<total>33</total>
				<timestamp>5108.737034</timestamp>
			</report>
			<report>
				<misses>14612001</misses>
				<total>33</total>
				<timestamp>5109.086693</timestamp>
			</report>
			<report>
				<misses>14613001</misses>
				<total>33</total>
				<timestamp>5109.436370</timestamp>
			</report>
			<report>
				<misses>14614001</misses>
				<total>33</total>
				<timestamp>5109.785989</timestamp>
			</report>
			<report>
				<misses>14615001</misses>
				<total>33</total>
				<timestamp>5110.135628</timestamp>
			</report>
			<report>
				<misses>14616001</misses>
				<total>33</total>
				<timestamp>5110.485314</timestamp>
			</report>
			<report>
				<misses>14617001</misses>
				<total>33</total>
				<timestamp>5110.834939</timestamp>
			</report>
			<report>
				<misses>14618001</misses>
				<total>33</total>
				<timestamp>5111.184572</timestamp>
			</report>
			<report>
				<misses>14619001</misses>
				<total>33</total>
				<timestamp>5111.534223</timestamp>
			</report>
			<report>
				<misses>14620001</misses>
				<total>33</total>
				<timestamp>5111.883886</timestamp>
			</report>
			<report>
				<misses>14621001</misses>
				<total>33</total>
				<timestamp>5112.233546</timestamp>
			</report>
			<report>
				<misses>14622001</misses>
				<total>33</total>
				<timestamp>5112.583187</timestamp>
			</report>
			<report>
				<misses>14623001</misses>
				<total>33</total>
				<timestamp>5112.932865</timestamp>
			</report>
			<report>
				<misses>14624001</misses>
				<total>33</total>
				<timestamp>5113.282504</timestamp>
			</report>
			<report>
				<misses>14625001</misses>
				<total>33</total>
				<timestamp>5113.632150</timestamp>
			</report>
			<report>
				<misses>14626001</misses>
				<total>33</total>
				<timestamp>5113.981806</timestamp>
			</report>
			<report>
				<misses>14627001</misses>
				<total>33</total>
				<timestamp>5114.331447</timestamp>
			</report>
			<report>
				<misses>14628001</misses>
				<total>33</total>
				<timestamp>5114.681125</timestamp>
			</report>
			<report>
				<misses>14629001</misses>
				<total>33</total>
				<timestamp>5115.030752</timestamp>
			</report>
			<report>
				<misses>14630001</misses>
				<total>33</total>
				<timestamp>5115.380419</timestamp>
			</report>
			<report>
				<misses>14631001</misses>
				<total>33</total>
				<timestamp>5115.730066</timestamp>
			</report>
			<report>
				<misses>14632001</misses>
				<total>33</total>
				<timestamp>5116.079711</timestamp>
			</report>
			<report>
				<misses>14633001</misses>
				<total>33</total>
				<timestamp>5116.429334</timestamp>
			</report>
			<report>
				<misses>14634001</misses>
				<total>33</total>
				<timestamp>5116.779030</timestamp>
			</report>
			<report>
				<misses>14635001</misses>
				<total>33</total>
				<timestamp>5117.128635</timestamp>
			</report>
			<report>
				<misses>14636001</misses>
				<total>33</total>
				<timestamp>5117.478332</timestamp>
			</report>
			<report>
				<misses>14637001</misses>
				<total>33</total>
				<timestamp>5117.827938</timestamp>
			</report>
			<report>
				<misses>14638001</misses>
				<total>33</total>
				<timestamp>5118.177575</timestamp>
			</report>
			<report>
				<misses>14639001</misses>
				<total>33</total>
				<timestamp>5118.527239</timestamp>
			</report>
			<report>
				<misses>14640001</misses>
				<total>33</total>
				<timestamp>5118.876877</timestamp>
			</report>
			<report>
				<misses>14641001</misses>
				<total>33</total>
				<timestamp>5119.226533</timestamp>
			</report>
			<report>
				<misses>14642001</misses>
				<total>33</total>
				<timestamp>5119.576169</timestamp>
			</report>
			<report>
				<misses>14643001</misses>
				<total>33</total>
				<timestamp>5119.925865</timestamp>
			</report>
			<report>
				<misses>14644001</misses>
				<total>33</total>
				<timestamp>5120.275491</timestamp>
			</report>
			<report>
				<misses>14645001</misses>
				<total>33</total>
				<timestamp>5120.625154</timestamp>
			</report>
			<report>
				<misses>14646001</misses>
				<total>33</total>
				<timestamp>5120.974801</timestamp>
			</report>
			<report>
				<misses>14647001</misses>
				<total>33</total>
				<timestamp>5121.324465</timestamp>
			</report>
			<report>
				<misses>14648001</misses>
				<total>33</total>
				<timestamp>5121.674122</timestamp>
			</report>
			<report>
				<misses>14649001</misses>
				<total>33</total>
				<timestamp>5122.023770</timestamp>
			</report>
			<report>
				<misses>14650001</misses>
				<total>33</total>
				<timestamp>5122.373377</timestamp>
			</report>
			<report>
				<misses>14651001</misses>
				<total>33</total>
				<timestamp>5122.723059</timestamp>
			</report>
			<report>
				<misses>14652001</misses>
				<total>33</total>
				<timestamp>5123.072695</timestamp>
			</report>
			<report>
				<misses>14653001</misses>
				<total>33</total>
				<timestamp>5123.422348</timestamp>
			</report>
			<report>
				<misses>14654001</misses>
				<total>33</total>
				<timestamp>5123.771985</timestamp>
			</report>
			<report>
				<misses>14655001</misses>
				<total>33</total>
				<timestamp>5124.121637</timestamp>
			</report>
			<report>
				<misses>14656001</misses>
				<total>33</total>
				<timestamp>5124.471278</timestamp>
			</report>
			<report>
				<misses>14657001</misses>
				<total>33</total>
				<timestamp>5124.820939</timestamp>
			</report>
			<report>
				<misses>14658001</misses>
				<total>33</total>
				<timestamp>5125.170588</timestamp>
			</report>
			<report>
				<misses>14659001</misses>
				<total>33</total>
				<timestamp>5125.520237</timestamp>
			</report>
			<report>
				<misses>14660001</misses>
				<total>33</total>
				<timestamp>5125.869890</timestamp>
			</report>
			<report>
				<misses>14661001</misses>
				<total>33</total>
				<timestamp>5126.219525</timestamp>
			</report>
			<report>
				<misses>14662001</misses>
				<total>33</total>
				<timestamp>5126.569188</timestamp>
			</report>
			<report>
				<misses>14663001</misses>
				<total>33</total>
				<timestamp>5126.918857</timestamp>
			</report>
			<report>
				<misses>14664001</misses>
				<total>33</total>
				<timestamp>5127.268496</timestamp>
			</report>
			<report>
				<misses>14665001</misses>
				<total>33</total>
				<timestamp>5127.618160</timestamp>
			</report>
			<report>
				<misses>14666001</misses>
				<total>33</total>
				<timestamp>5127.967823</timestamp>
			</report>
			<report>
				<misses>14667001</misses>
				<total>33</total>
				<timestamp>5128.317446</timestamp>
			</report>
			<report>
				<misses>14668001</misses>
				<total>33</total>
				<timestamp>5128.667106</timestamp>
			</report>
			<report>
				<misses>14669001</misses>
				<total>33</total>
				<timestamp>5129.016748</timestamp>
			</report>
			<report>
				<misses>14670001</misses>
				<total>33</total>
				<timestamp>5129.366415</timestamp>
			</report>
			<report>
				<misses>14671001</misses>
				<total>33</total>
				<timestamp>5129.716028</timestamp>
			</report>
			<report>
				<misses>14672001</misses>
				<total>33</total>
				<timestamp>5130.065715</timestamp>
			</report>
			<report>
				<misses>14673001</misses>
				<total>33</total>
				<timestamp>5130.415386</timestamp>
			</report>
			<report>
				<misses>14674001</misses>
				<total>33</total>
				<timestamp>5130.764993</timestamp>
			</report>
			<report>
				<misses>14675001</misses>
				<total>33</total>
				<timestamp>5131.114679</timestamp>
			</report>
			<report>
				<misses>14676001</misses>
				<total>33</total>
				<timestamp>5131.464296</timestamp>
			</report>
			<report>
				<misses>14677001</misses>
				<total>33</total>
				<timestamp>5131.813939</timestamp>
			</report>
			<report>
				<misses>14678001</misses>
				<total>33</total>
				<timestamp>5132.163608</timestamp>
			</report>
			<report>
				<misses>14679001</misses>
				<total>33</total>
				<timestamp>5132.513238</timestamp>
			</report>
			<report>
				<misses>14680001</misses>
				<total>33</total>
				<timestamp>5132.862933</timestamp>
			</report>
			<report>
				<misses>14681001</misses>
				<total>33</total>
				<timestamp>5133.212551</timestamp>
			</report>
			<report>
				<misses>14682001</misses>
				<total>33</total>
				<timestamp>5133.562197</timestamp>
			</report>
			<report>
				<misses>14683001</misses>
				<total>33</total>
				<timestamp>5133.911868</timestamp>
			</report>
			<report>
				<misses>14684001</misses>
				<total>33</total>
				<timestamp>5134.261477</timestamp>
			</report>
			<report>
				<misses>14685001</misses>
				<total>33</total>
				<timestamp>5134.611172</timestamp>
			</report>
			<report>
				<misses>14686001</misses>
				<total>33</total>
				<timestamp>5134.960813</timestamp>
			</report>
			<report>
				<misses>14687001</misses>
				<total>33</total>
				<timestamp>5135.310450</timestamp>
			</report>
			<report>
				<misses>14688001</misses>
				<total>33</total>
				<timestamp>5135.660106</timestamp>
			</report>
			<report>
				<misses>14689001</misses>
				<total>33</total>
				<timestamp>5136.009749</timestamp>
			</report>
			<report>
				<misses>14690001</misses>
				<total>33</total>
				<timestamp>5136.359415</timestamp>
			</report>
			<report>
				<misses>14691001</misses>
				<total>33</total>
				<timestamp>5136.709050</timestamp>
			</report>
			<report>
				<misses>14692001</misses>
				<total>33</total>
				<timestamp>5137.058682</timestamp>
			</report>
			<report>
				<misses>14693001</misses>
				<total>33</total>
				<timestamp>5137.408386</timestamp>
			</report>
			<report>
				<misses>14694001</misses>
				<total>33</total>
				<timestamp>5137.757983</timestamp>
			</report>
			<report>
				<misses>14695001</misses>
				<total>33</total>
				<timestamp>5138.107681</timestamp>
			</report>
			<report>
				<misses>14696001</misses>
				<total>33</total>
				<timestamp>5138.457291</timestamp>
			</report>
			<report>
				<misses>14697001</misses>
				<total>33</total>
				<timestamp>5138.806942</timestamp>
			</report>
			<report>
				<misses>14698001</misses>
				<total>33</total>
				<timestamp>5139.156630</timestamp>
			</report>
			<report>
				<misses>14699001</misses>
				<total>33</total>
				<timestamp>5139.506234</timestamp>
			</report>
			<report>
				<misses>14700001</misses>
				<total>33</total>
				<timestamp>5139.855902</timestamp>
			</report>
			<report>
				<misses>14701001</misses>
				<total>33</total>
				<timestamp>5140.205589</timestamp>
			</report>
			<report>
				<misses>14702001</misses>
				<total>33</total>
				<timestamp>5140.555206</timestamp>
			</report>
			<report>
				<misses>14703001</misses>
				<total>33</total>
				<timestamp>5140.904839</timestamp>
			</report>
			<report>
				<misses>14704001</misses>
				<total>33</total>
				<timestamp>5141.254488</timestamp>
			</report>
			<report>
				<misses>14705001</misses>
				<total>33</total>
				<timestamp>5141.604129</timestamp>
			</report>
			<report>
				<misses>14706001</misses>
				<total>33</total>
				<timestamp>5141.953780</timestamp>
			</report>
			<report>
				<misses>14707001</misses>
				<total>33</total>
				<timestamp>5142.303438</timestamp>
			</report>
			<report>
				<misses>14708001</misses>
				<total>33</total>
				<timestamp>5142.653128</timestamp>
			</report>
			<report>
				<misses>14709001</misses>
				<total>33</total>
				<timestamp>5143.002769</timestamp>
			</report>
			<report>
				<misses>14710001</misses>
				<total>33</total>
				<timestamp>5143.352396</timestamp>
			</report>
			<report>
				<misses>14711001</misses>
				<total>33</total>
				<timestamp>5143.702070</timestamp>
			</report>
			<report>
				<misses>14712001</misses>
				<total>33</total>
				<timestamp>5144.051706</timestamp>
			</report>
			<report>
				<misses>14713001</misses>
				<total>33</total>
				<timestamp>5144.401323</timestamp>
			</report>
			<report>
				<misses>14714001</misses>
				<total>33</total>
				<timestamp>5144.751003</timestamp>
			</report>
			<report>
				<misses>14715001</misses>
				<total>33</total>
				<timestamp>5145.100662</timestamp>
			</report>
			<report>
				<misses>14716001</misses>
				<total>33</total>
				<timestamp>5145.450331</timestamp>
			</report>
			<report>
				<misses>14717001</misses>
				<total>33</total>
				<timestamp>5145.799928</timestamp>
			</report>
			<report>
				<misses>14718001</misses>
				<total>33</total>
				<timestamp>5146.149624</timestamp>
			</report>
			<report>
				<misses>14719001</misses>
				<total>33</total>
				<timestamp>5146.499234</timestamp>
			</report>
			<report>
				<misses>14720001</misses>
				<total>33</total>
				<timestamp>5146.848887</timestamp>
			</report>
			<report>
				<misses>14721001</misses>
				<total>33</total>
				<timestamp>5147.198582</timestamp>
			</report>
			<report>
				<misses>14722001</misses>
				<total>33</total>
				<timestamp>5147.548223</timestamp>
			</report>
			<report>
				<misses>14723001</misses>
				<total>33</total>
				<timestamp>5147.897821</timestamp>
			</report>
			<report>
				<misses>14724001</misses>
				<total>33</total>
				<timestamp>5148.247518</timestamp>
			</report>
			<report>
				<misses>14725001</misses>
				<total>33</total>
				<timestamp>5148.597156</timestamp>
			</report>
			<report>
				<misses>14726001</misses>
				<total>33</total>
				<timestamp>5148.946787</timestamp>
			</report>
			<report>
				<misses>14727001</misses>
				<total>33</total>
				<timestamp>5149.296423</timestamp>
			</report>
			<report>
				<misses>14728001</misses>
				<total>33</total>
				<timestamp>5149.646087</timestamp>
			</report>
			<report>
				<misses>14729001</misses>
				<total>33</total>
				<timestamp>5149.995753</timestamp>
			</report>
			<report>
				<misses>14730001</misses>
				<total>33</total>
				<timestamp>5150.345418</timestamp>
			</report>
			<report>
				<misses>14731001</misses>
				<total>33</total>
				<timestamp>5150.695028</timestamp>
			</report>
			<report>
				<misses>14732001</misses>
				<total>33</total>
				<timestamp>5151.044730</timestamp>
			</report>
			<report>
				<misses>14733001</misses>
				<total>33</total>
				<timestamp>5151.394343</timestamp>
			</report>
			<report>
				<misses>14734001</misses>
				<total>33</total>
				<timestamp>5151.743988</timestamp>
			</report>
			<report>
				<misses>14735001</misses>
				<total>33</total>
				<timestamp>5152.093663</timestamp>
			</report>
			<report>
				<misses>14736001</misses>
				<total>33</total>
				<timestamp>5152.443290</timestamp>
			</report>
			<report>
				<misses>14737001</misses>
				<total>33</total>
				<timestamp>5152.792928</timestamp>
			</report>
			<report>
				<misses>14738001</misses>
				<total>33</total>
				<timestamp>5153.142602</timestamp>
			</report>
			<report>
				<misses>14739001</misses>
				<total>33</total>
				<timestamp>5153.492241</timestamp>
			</report>
			<report>
				<misses>14740001</misses>
				<total>33</total>
				<timestamp>5153.841883</timestamp>
			</report>
			<report>
				<misses>14741001</misses>
				<total>33</total>
				<timestamp>5154.191551</timestamp>
			</report>
			<report>
				<misses>14742001</misses>
				<total>33</total>
				<timestamp>5154.541184</timestamp>
			</report>
			<report>
				<misses>14743001</misses>
				<total>33</total>
				<timestamp>5154.890852</timestamp>
			</report>
			<report>
				<misses>14744001</misses>
				<total>33</total>
				<timestamp>5155.240532</timestamp>
			</report>
			<report>
				<misses>14745001</misses>
				<total>33</total>
				<timestamp>5155.590155</timestamp>
			</report>
			<report>
				<misses>14746001</misses>
				<total>33</total>
				<timestamp>5155.939784</timestamp>
			</report>
			<report>
				<misses>14747001</misses>
				<total>33</total>
				<timestamp>5156.289435</timestamp>
			</report>
			<report>
				<misses>14748001</misses>
				<total>33</total>
				<timestamp>5156.639112</timestamp>
			</report>
			<report>
				<misses>14749001</misses>
				<total>33</total>
				<timestamp>5156.988727</timestamp>
			</report>
			<report>
				<misses>14750001</misses>
				<total>33</total>
				<timestamp>5157.338385</timestamp>
			</report>
			<report>
				<misses>14751001</misses>
				<total>33</total>
				<timestamp>5157.688053</timestamp>
			</report>
			<report>
				<misses>14752001</misses>
				<total>33</total>
				<timestamp>5158.037696</timestamp>
			</report>
			<report>
				<misses>14753001</misses>
				<total>33</total>
				<timestamp>5158.387333</timestamp>
			</report>
			<report>
				<misses>14754001</misses>
				<total>33</total>
				<timestamp>5158.737007</timestamp>
			</report>
			<report>
				<misses>14755001</misses>
				<total>33</total>
				<timestamp>5159.086667</timestamp>
			</report>
			<report>
				<misses>14756001</misses>
				<total>33</total>
				<timestamp>5159.436297</timestamp>
			</report>
			<report>
				<misses>14757001</misses>
				<total>33</total>
				<timestamp>5159.785956</timestamp>
			</report>
			<report>
				<misses>14758001</misses>
				<total>33</total>
				<timestamp>5160.135614</timestamp>
			</report>
			<report>
				<misses>14759001</misses>
				<total>33</total>
				<timestamp>5160.485238</timestamp>
			</report>
			<report>
				<misses>14760001</misses>
				<total>33</total>
				<timestamp>5160.834893</timestamp>
			</report>
			<report>
				<misses>14761001</misses>
				<total>33</total>
				<timestamp>5161.184548</timestamp>
			</report>
			<report>
				<misses>14762001</misses>
				<total>33</total>
				<timestamp>5161.534188</timestamp>
			</report>
			<report>
				<misses>14763001</misses>
				<total>33</total>
				<timestamp>5161.883843</timestamp>
			</report>
			<report>
				<misses>14764001</misses>
				<total>33</total>
				<timestamp>5162.233525</timestamp>
			</report>
			<report>
				<misses>14765001</misses>
				<total>33</total>
				<timestamp>5162.583136</timestamp>
			</report>
			<report>
				<misses>14766001</misses>
				<total>33</total>
				<timestamp>5162.932773</timestamp>
			</report>
			<report>
				<misses>14767001</misses>
				<total>33</total>
				<timestamp>5163.282468</timestamp>
			</report>
			<report>
				<misses>14768001</misses>
				<total>33</total>
				<timestamp>5163.632099</timestamp>
			</report>
			<report>
				<misses>14769001</misses>
				<total>33</total>
				<timestamp>5163.981735</timestamp>
			</report>
			<report>
				<misses>14770001</misses>
				<total>33</total>
				<timestamp>5164.331436</timestamp>
			</report>
			<report>
				<misses>14771001</misses>
				<total>33</total>
				<timestamp>5164.681039</timestamp>
			</report>
			<report>
				<misses>14772001</misses>
				<total>33</total>
				<timestamp>5165.030675</timestamp>
			</report>
			<report>
				<misses>14773001</misses>
				<total>33</total>
				<timestamp>5165.380337</timestamp>
			</report>
			<report>
				<misses>14774001</misses>
				<total>33</total>
				<timestamp>5165.729986</timestamp>
			</report>
			<report>
				<misses>14775001</misses>
				<total>33</total>
				<timestamp>5166.079631</timestamp>
			</report>
			<report>
				<misses>14776001</misses>
				<total>33</total>
				<timestamp>5166.429282</timestamp>
			</report>
			<report>
				<misses>14777001</misses>
				<total>33</total>
				<timestamp>5166.778968</timestamp>
			</report>
			<report>
				<misses>14778001</misses>
				<total>33</total>
				<timestamp>5167.128613</timestamp>
			</report>
			<report>
				<misses>14779001</misses>
				<total>33</total>
				<timestamp>5167.478254</timestamp>
			</report>
			<report>
				<misses>14780001</misses>
				<total>33</total>
				<timestamp>5167.827899</timestamp>
			</report>
			<report>
				<misses>14781001</misses>
				<total>33</total>
				<timestamp>5168.177628</timestamp>
			</report>
			<report>
				<misses>14782001</misses>
				<total>33</total>
				<timestamp>5168.527213</timestamp>
			</report>
			<report>
				<misses>14783001</misses>
				<total>33</total>
				<timestamp>5168.876844</timestamp>
			</report>
			<report>
				<misses>14784001</misses>
				<total>33</total>
				<timestamp>5169.226513</timestamp>
			</report>
			<report>
				<misses>14785001</misses>
				<total>33</total>
				<timestamp>5169.576140</timestamp>
			</report>
			<report>
				<misses>14786001</misses>
				<total>33</total>
				<timestamp>5169.925784</timestamp>
			</report>
			<report>
				<misses>14787001</misses>
				<total>33</total>
				<timestamp>5170.275501</timestamp>
			</report>
			<report>
				<misses>14788001</misses>
				<total>33</total>
				<timestamp>5170.625088</timestamp>
			</report>
			<report>
				<misses>14789001</misses>
				<total>33</total>
				<timestamp>5170.974751</timestamp>
			</report>
			<report>
				<misses>14790001</misses>
				<total>33</total>
				<timestamp>5171.324394</timestamp>
			</report>
			<report>
				<misses>14791001</misses>
				<total>33</total>
				<timestamp>5171.674025</timestamp>
			</report>
			<report>
				<misses>14792001</misses>
				<total>33</total>
				<timestamp>5172.023691</timestamp>
			</report>
			<report>
				<misses>14793001</misses>
				<total>33</total>
				<timestamp>5172.373358</timestamp>
			</report>
			<report>
				<misses>14794001</misses>
				<total>33</total>
				<timestamp>5172.722999</timestamp>
			</report>
			<report>
				<misses>14795001</misses>
				<total>33</total>
				<timestamp>5173.072638</timestamp>
			</report>
			<report>
				<misses>14796001</misses>
				<total>33</total>
				<timestamp>5173.422310</timestamp>
			</report>
			<report>
				<misses>14797001</misses>
				<total>33</total>
				<timestamp>5173.771980</timestamp>
			</report>
			<report>
				<misses>14798001</misses>
				<total>33</total>
				<timestamp>5174.121608</timestamp>
			</report>
			<report>
				<misses>14799001</misses>
				<total>33</total>
				<timestamp>5174.471267</timestamp>
			</report>
			<report>
				<misses>14800001</misses>
				<total>33</total>
				<timestamp>5174.820911</timestamp>
			</report>
			<report>
				<misses>14801001</misses>
				<total>33</total>
				<timestamp>5175.170562</timestamp>
			</report>
			<report>
				<misses>14802001</misses>
				<total>33</total>
				<timestamp>5175.520214</timestamp>
			</report>
			<report>
				<misses>14803001</misses>
				<total>33</total>
				<timestamp>5175.869823</timestamp>
			</report>
			<report>
				<misses>14804001</misses>
				<total>33</total>
				<timestamp>5176.219500</timestamp>
			</report>
			<report>
				<misses>14805001</misses>
				<total>33</total>
				<timestamp>5176.569118</timestamp>
			</report>
			<report>
				<misses>14806001</misses>
				<total>33</total>
				<timestamp>5176.918780</timestamp>
			</report>
			<report>
				<misses>14807001</misses>
				<total>33</total>
				<timestamp>5177.268481</timestamp>
			</report>
			<report>
				<misses>14808001</misses>
				<total>33</total>
				<timestamp>5177.618104</timestamp>
			</report>
			<report>
				<misses>14809001</misses>
				<total>33</total>
				<timestamp>5177.967742</timestamp>
			</report>
			<report>
				<misses>14810001</misses>
				<total>33</total>
				<timestamp>5178.317385</timestamp>
			</report>
			<report>
				<misses>14811001</misses>
				<total>33</total>
				<timestamp>5178.667034</timestamp>
			</report>
			<report>
				<misses>14812001</misses>
				<total>33</total>
				<timestamp>5179.016679</timestamp>
			</report>
			<report>
				<misses>14813001</misses>
				<total>33</total>
				<timestamp>5179.366412</timestamp>
			</report>
			<report>
				<misses>14814001</misses>
				<total>33</total>
				<timestamp>5179.715989</timestamp>
			</report>
			<report>
				<misses>14815001</misses>
				<total>33</total>
				<timestamp>5180.065639</timestamp>
			</report>
			<report>
				<misses>14816001</misses>
				<total>33</total>
				<timestamp>5180.415311</timestamp>
			</report>
			<report>
				<misses>14817001</misses>
				<total>33</total>
				<timestamp>5180.764956</timestamp>
			</report>
			<report>
				<misses>14818001</misses>
				<total>33</total>
				<timestamp>5181.114610</timestamp>
			</report>
			<report>
				<misses>14819001</misses>
				<total>33</total>
				<timestamp>5181.464255</timestamp>
			</report>
			<report>
				<misses>14820001</misses>
				<total>33</total>
				<timestamp>5181.813908</timestamp>
			</report>
			<report>
				<misses>14821001</misses>
				<total>33</total>
				<timestamp>5182.163547</timestamp>
			</report>
			<report>
				<misses>14822001</misses>
				<total>33</total>
				<timestamp>5182.513185</timestamp>
			</report>
			<report>
				<misses>14823001</misses>
				<total>33</total>
				<timestamp>5182.862846</timestamp>
			</report>
			<report>
				<misses>14824001</misses>
				<total>33</total>
				<timestamp>5183.212482</timestamp>
			</report>
			<report>
				<misses>14825001</misses>
				<total>33</total>
				<timestamp>5183.562149</timestamp>
			</report>
			<report>
				<misses>14826001</misses>
				<total>33</total>
				<timestamp>5183.911786</timestamp>
			</report>
			<report>
				<misses>14827001</misses>
				<total>33</total>
				<timestamp>5184.261480</timestamp>
			</report>
			<report>
				<misses>14828001</misses>
				<total>33</total>
				<timestamp>5184.611106</timestamp>
			</report>
			<report>
				<misses>14829001</misses>
				<total>33</total>
				<timestamp>5184.960731</timestamp>
			</report>
			<report>
				<misses>14830001</misses>
				<total>33</total>
				<timestamp>5185.310435</timestamp>
			</report>
			<report>
				<misses>14831001</misses>
				<total>33</total>
				<timestamp>5185.660047</timestamp>
			</report>
			<report>
				<misses>14832001</misses>
				<total>33</total>
				<timestamp>5186.009686</timestamp>
			</report>
			<report>
				<misses>14833001</misses>
				<total>33</total>
				<timestamp>5186.359397</timestamp>
			</report>
			<report>
				<misses>14834001</misses>
				<total>33</total>
				<timestamp>5186.709000</timestamp>
			</report>
			<report>
				<misses>14835001</misses>
				<total>33</total>
				<timestamp>5187.058637</timestamp>
			</report>
			<report>
				<misses>14836001</misses>
				<total>33</total>
				<timestamp>5187.408318</timestamp>
			</report>
			<report>
				<misses>14837001</misses>
				<total>33</total>
				<timestamp>5187.757927</timestamp>
			</report>
			<report>
				<misses>14838001</misses>
				<total>33</total>
				<timestamp>5188.107589</timestamp>
			</report>
			<report>
				<misses>14839001</misses>
				<total>33</total>
				<timestamp>5188.457250</timestamp>
			</report>
			<report>
				<misses>14840001</misses>
				<total>33</total>
				<timestamp>5188.806891</timestamp>
			</report>
			<report>
				<misses>14841001</misses>
				<total>33</total>
				<timestamp>5189.156540</timestamp>
			</report>
			<report>
				<misses>14842001</misses>
				<total>33</total>
				<timestamp>5189.506221</timestamp>
			</report>
			<report>
				<misses>14843001</misses>
				<total>33</total>
				<timestamp>5189.855859</timestamp>
			</report>
			<report>
				<misses>14844001</misses>
				<total>33</total>
				<timestamp>5190.205502</timestamp>
			</report>
			<report>
				<misses>14845001</misses>
				<total>33</total>
				<timestamp>5190.555132</timestamp>
			</report>
			<report>
				<misses>14846001</misses>
				<total>33</total>
				<timestamp>5190.904788</timestamp>
			</report>
			<report>
				<misses>14847001</misses>
				<total>33</total>
				<timestamp>5191.254478</timestamp>
			</report>
			<report>
				<misses>14848001</misses>
				<total>33</total>
				<timestamp>5191.604086</timestamp>
			</report>
			<report>
				<misses>14849001</misses>
				<total>33</total>
				<timestamp>5191.953721</timestamp>
			</report>
			<report>
				<misses>14850001</misses>
				<total>33</total>
				<timestamp>5192.303387</timestamp>
			</report>
			<report>
				<misses>14851001</misses>
				<total>33</total>
				<timestamp>5192.653029</timestamp>
			</report>
			<report>
				<misses>14852001</misses>
				<total>33</total>
				<timestamp>5193.002695</timestamp>
			</report>
			<report>
				<misses>14853001</misses>
				<total>33</total>
				<timestamp>5193.352373</timestamp>
			</report>
			<report>
				<misses>14854001</misses>
				<total>33</total>
				<timestamp>5193.702012</timestamp>
			</report>
			<report>
				<misses>14855001</misses>
				<total>33</total>
				<timestamp>5194.051627</timestamp>
			</report>
			<report>
				<misses>14856001</misses>
				<total>33</total>
				<timestamp>5194.401373</timestamp>
			</report>
			<report>
				<misses>14857001</misses>
				<total>33</total>
				<timestamp>5194.750957</timestamp>
			</report>
			<report>
				<misses>14858001</misses>
				<total>33</total>
				<timestamp>5195.100573</timestamp>
			</report>
			<report>
				<misses>14859001</misses>
				<total>33</total>
				<timestamp>5195.450275</timestamp>
			</report>
			<report>
				<misses>14860001</misses>
				<total>33</total>
				<timestamp>5195.799924</timestamp>
			</report>
			<report>
				<misses>14861001</misses>
				<total>33</total>
				<timestamp>5196.149528</timestamp>
			</report>
			<report>
				<misses>14862001</misses>
				<total>33</total>
				<timestamp>5196.499203</timestamp>
			</report>
			<report>
				<misses>14863001</misses>
				<total>33</total>
				<timestamp>5196.848838</timestamp>
			</report>
			<report>
				<misses>14864001</misses>
				<total>33</total>
				<timestamp>5197.198486</timestamp>
			</report>
			<report>
				<misses>14865001</misses>
				<total>33</total>
				<timestamp>5197.548130</timestamp>
			</report>
			<report>
				<misses>14866001</misses>
				<total>33</total>
				<timestamp>5197.897820</timestamp>
			</report>
			<report>
				<misses>14867001</misses>
				<total>33</total>
				<timestamp>5198.247438</timestamp>
			</report>
			<report>
				<misses>14868001</misses>
				<total>33</total>
				<timestamp>5198.597140</timestamp>
			</report>
			<report>
				<misses>14869001</misses>
				<total>33</total>
				<timestamp>5198.946723</timestamp>
			</report>
			<report>
				<misses>14870001</misses>
				<total>33</total>
				<timestamp>5199.296420</timestamp>
			</report>
			<report>
				<misses>14871001</misses>
				<total>33</total>
				<timestamp>5199.646081</timestamp>
			</report>
			<report>
				<misses>14872001</misses>
				<total>33</total>
				<timestamp>5199.995677</timestamp>
			</report>
			<report>
				<misses>14873001</misses>
				<total>33</total>
				<timestamp>5200.345392</timestamp>
			</report>
			<report>
				<misses>14874001</misses>
				<total>33</total>
				<timestamp>5200.694998</timestamp>
			</report>
			<report>
				<misses>14875001</misses>
				<total>33</total>
				<timestamp>5201.044656</timestamp>
			</report>
			<report>
				<misses>14876001</misses>
				<total>33</total>
				<timestamp>5201.394338</timestamp>
			</report>
			<report>
				<misses>14877001</misses>
				<total>33</total>
				<timestamp>5201.743930</timestamp>
			</report>
			<report>
				<misses>14878001</misses>
				<total>33</total>
				<timestamp>5202.093588</timestamp>
			</report>
			<report>
				<misses>14879001</misses>
				<total>33</total>
				<timestamp>5202.443257</timestamp>
			</report>
			<report>
				<misses>14880001</misses>
				<total>33</total>
				<timestamp>5202.792896</timestamp>
			</report>
			<report>
				<misses>14881001</misses>
				<total>33</total>
				<timestamp>5203.142544</timestamp>
			</report>
			<report>
				<misses>14882001</misses>
				<total>33</total>
				<timestamp>5203.492218</timestamp>
			</report>
			<report>
				<misses>14883001</misses>
				<total>33</total>
				<timestamp>5203.841863</timestamp>
			</report>
			<report>
				<misses>14884001</misses>
				<total>33</total>
				<timestamp>5204.191494</timestamp>
			</report>
			<report>
				<misses>14885001</misses>
				<total>33</total>
				<timestamp>5204.541153</timestamp>
			</report>
			<report>
				<misses>14886001</misses>
				<total>33</total>
				<timestamp>5204.890862</timestamp>
			</report>
			<report>
				<misses>14887001</misses>
				<total>33</total>
				<timestamp>5205.240445</timestamp>
			</report>
			<report>
				<misses>14888001</misses>
				<total>33</total>
				<timestamp>5205.590108</timestamp>
			</report>
			<report>
				<misses>14889001</misses>
				<total>33</total>
				<timestamp>5205.939749</timestamp>
			</report>
			<report>
				<misses>14890001</misses>
				<total>33</total>
				<timestamp>5206.289389</timestamp>
			</report>
			<report>
				<misses>14891001</misses>
				<total>33</total>
				<timestamp>5206.639049</timestamp>
			</report>
			<report>
				<misses>14892001</misses>
				<total>33</total>
				<timestamp>5206.988680</timestamp>
			</report>
			<report>
				<misses>14893001</misses>
				<total>33</total>
				<timestamp>5207.338409</timestamp>
			</report>
			<report>
				<misses>14894001</misses>
				<total>33</total>
				<timestamp>5207.687975</timestamp>
			</report>
			<report>
				<misses>14895001</misses>
				<total>33</total>
				<timestamp>5208.037656</timestamp>
			</report>
			<report>
				<misses>14896001</misses>
				<total>33</total>
				<timestamp>5208.387304</timestamp>
			</report>
			<report>
				<misses>14897001</misses>
				<total>33</total>
				<timestamp>5208.736944</timestamp>
			</report>
			<report>
				<misses>14898001</misses>
				<total>33</total>
				<timestamp>5209.086608</timestamp>
			</report>
			<report>
				<misses>14899001</misses>
				<total>33</total>
				<timestamp>5209.436269</timestamp>
			</report>
			<report>
				<misses>14900001</misses>
				<total>33</total>
				<timestamp>5209.785911</timestamp>
			</report>
			<report>
				<misses>14901001</misses>
				<total>33</total>
				<timestamp>5210.135537</timestamp>
			</report>
			<report>
				<misses>14902001</misses>
				<total>33</total>
				<timestamp>5210.485205</timestamp>
			</report>
			<report>
				<misses>14903001</misses>
				<total>33</total>
				<timestamp>5210.834832</timestamp>
			</report>
			<report>
				<misses>14904001</misses>
				<total>33</total>
				<timestamp>5211.184495</timestamp>
			</report>
			<report>
				<misses>14905001</misses>
				<total>33</total>
				<timestamp>5211.534151</timestamp>
			</report>
			<report>
				<misses>14906001</misses>
				<total>33</total>
				<timestamp>5211.883817</timestamp>
			</report>
			<report>
				<misses>14907001</misses>
				<total>33</total>
				<timestamp>5212.233437</timestamp>
			</report>
			<report>
				<misses>14908001</misses>
				<total>33</total>
				<timestamp>5212.583120</timestamp>
			</report>
			<report>
				<misses>14909001</misses>
				<total>33</total>
				<timestamp>5212.932740</timestamp>
			</report>
			<report>
				<misses>14910001</misses>
				<total>33</total>
				<timestamp>5213.282397</timestamp>
			</report>
			<report>
				<misses>14911001</misses>
				<total>33</total>
				<timestamp>5213.632027</timestamp>
			</report>
			<report>
				<misses>14912001</misses>
				<total>33</total>
				<timestamp>5213.981672</timestamp>
			</report>
			<report>
				<misses>14913001</misses>
				<total>33</total>
				<timestamp>5214.331339</timestamp>
			</report>
			<report>
				<misses>14914001</misses>
				<total>33</total>
				<timestamp>5214.680996</timestamp>
			</report>
			<report>
				<misses>14915001</misses>
				<total>33</total>
				<timestamp>5215.030644</timestamp>
			</report>
			<report>
				<misses>14916001</misses>
				<total>33</total>
				<timestamp>5215.380303</timestamp>
			</report>
			<report>
				<misses>14917001</misses>
				<total>33</total>
				<timestamp>5215.729926</timestamp>
			</report>
			<report>
				<misses>14918001</misses>
				<total>33</total>
				<timestamp>5216.079652</timestamp>
			</report>
			<report>
				<misses>14919001</misses>
				<total>33</total>
				<timestamp>5216.429281</timestamp>
			</report>
			<report>
				<misses>14920001</misses>
				<total>33</total>
				<timestamp>5216.778917</timestamp>
			</report>
			<report>
				<misses>14921001</misses>
				<total>33</total>
				<timestamp>5217.128550</timestamp>
			</report>
			<report>
				<misses>14922001</misses>
				<total>33</total>
				<timestamp>5217.478229</timestamp>
			</report>
			<report>
				<misses>14923001</misses>
				<total>33</total>
				<timestamp>5217.827825</timestamp>
			</report>
			<report>
				<misses>14924001</misses>
				<total>33</total>
				<timestamp>5218.177489</timestamp>
			</report>
			<report>
				<misses>14925001</misses>
				<total>33</total>
				<timestamp>5218.527193</timestamp>
			</report>
			<report>
				<misses>14926001</misses>
				<total>33</total>
				<timestamp>5218.876766</timestamp>
			</report>
			<report>
				<misses>14927001</misses>
				<total>33</total>
				<timestamp>5219.226437</timestamp>
			</report>
			<report>
				<misses>14928001</misses>
				<total>33</total>
				<timestamp>5219.576104</timestamp>
			</report>
			<report>
				<misses>14929001</misses>
				<total>33</total>
				<timestamp>5219.925741</timestamp>
			</report>
			<report>
				<misses>14930001</misses>
				<total>33</total>
				<timestamp>5220.275385</timestamp>
			</report>
			<report>
				<misses>14931001</misses>
				<total>33</total>
				<timestamp>5220.625044</timestamp>
			</report>
			<report>
				<misses>14932001</misses>
				<total>33</total>
				<timestamp>5220.974689</timestamp>
			</report>
			<report>
				<misses>14933001</misses>
				<total>33</total>
				<timestamp>5221.324330</timestamp>
			</report>
			<report>
				<misses>14934001</misses>
				<total>33</total>
				<timestamp>5221.673975</timestamp>
			</report>
			<report>
				<misses>14935001</misses>
				<total>33</total>
				<timestamp>5222.023618</timestamp>
			</report>
			<report>
				<misses>14936001</misses>
				<total>33</total>
				<timestamp>5222.373277</timestamp>
			</report>
			<report>
				<misses>14937001</misses>
				<total>33</total>
				<timestamp>5222.722926</timestamp>
			</report>
			<report>
				<misses>14938001</misses>
				<total>33</total>
				<timestamp>5223.072600</timestamp>
			</report>
			<report>
				<misses>14939001</misses>
				<total>33</total>
				<timestamp>5223.422257</timestamp>
			</report>
			<report>
				<misses>14940001</misses>
				<total>33</total>
				<timestamp>5223.771884</timestamp>
			</report>
			<report>
				<misses>14941001</misses>
				<total>33</total>
				<timestamp>5224.121587</timestamp>
			</report>
			<report>
				<misses>14942001</misses>
				<total>33</total>
				<timestamp>5224.471190</timestamp>
			</report>
			<report>
				<misses>14943001</misses>
				<total>33</total>
				<timestamp>5224.820846</timestamp>
			</report>
			<report>
				<misses>14944001</misses>
				<total>33</total>
				<timestamp>5225.170492</timestamp>
			</report>
			<report>
				<misses>14945001</misses>
				<total>33</total>
				<timestamp>5225.520215</timestamp>
			</report>
			<report>
				<misses>14946001</misses>
				<total>33</total>
				<timestamp>5225.869784</timestamp>
			</report>
			<report>
				<misses>14947001</misses>
				<total>33</total>
				<timestamp>5226.219445</timestamp>
			</report>
			<report>
				<misses>14948001</misses>
				<total>33</total>
				<timestamp>5226.569106</timestamp>
			</report>
			<report>
				<misses>14949001</misses>
				<total>33</total>
				<timestamp>5226.918759</timestamp>
			</report>
			<report>
				<misses>14950001</misses>
				<total>33</total>
				<timestamp>5227.268404</timestamp>
			</report>
			<report>
				<misses>14951001</misses>
				<total>33</total>
				<timestamp>5227.618090</timestamp>
			</report>
			<report>
				<misses>14952001</misses>
				<total>33</total>
				<timestamp>5227.967708</timestamp>
			</report>
			<report>
				<misses>14953001</misses>
				<total>33</total>
				<timestamp>5228.317350</timestamp>
			</report>
			<report>
				<misses>14954001</misses>
				<total>33</total>
				<timestamp>5228.666981</timestamp>
			</report>
			<report>
				<misses>14955001</misses>
				<total>33</total>
				<timestamp>5229.016661</timestamp>
			</report>
			<report>
				<misses>14956001</misses>
				<total>33</total>
				<timestamp>5229.366288</timestamp>
			</report>
			<report>
				<misses>14957001</misses>
				<total>33</total>
				<timestamp>5229.715935</timestamp>
			</report>
			<report>
				<misses>14958001</misses>
				<total>33</total>
				<timestamp>5230.065596</timestamp>
			</report>
			<report>
				<misses>14959001</misses>
				<total>33</total>
				<timestamp>5230.415260</timestamp>
			</report>
			<report>
				<misses>14960001</misses>
				<total>33</total>
				<timestamp>5230.764887</timestamp>
			</report>
			<report>
				<misses>14961001</misses>
				<total>33</total>
				<timestamp>5231.114551</timestamp>
			</report>
			<report>
				<misses>14962001</misses>
				<total>33</total>
				<timestamp>5231.464197</timestamp>
			</report>
			<report>
				<misses>14963001</misses>
				<total>33</total>
				<timestamp>5231.813852</timestamp>
			</report>
			<report>
				<misses>14964001</misses>
				<total>33</total>
				<timestamp>5232.163476</timestamp>
			</report>
			<report>
				<misses>14965001</misses>
				<total>33</total>
				<timestamp>5232.513155</timestamp>
			</report>
			<report>
				<misses>14966001</misses>
				<total>33</total>
				<timestamp>5232.862809</timestamp>
			</report>
			<report>
				<misses>14967001</misses>
				<total>33</total>
				<timestamp>5233.212438</timestamp>
			</report>
			<report>
				<misses>14968001</misses>
				<total>33</total>
				<timestamp>5233.562133</timestamp>
			</report>
			<report>
				<misses>14969001</misses>
				<total>33</total>
				<timestamp>5233.911747</timestamp>
			</report>
			<report>
				<misses>14970001</misses>
				<total>33</total>
				<timestamp>5234.261412</timestamp>
			</report>
			<report>
				<misses>14971001</misses>
				<total>33</total>
				<timestamp>5234.611067</timestamp>
			</report>
			<report>
				<misses>14972001</misses>
				<total>33</total>
				<timestamp>5234.960717</timestamp>
			</report>
			<report>
				<misses>14973001</misses>
				<total>33</total>
				<timestamp>5235.310326</timestamp>
			</report>
			<report>
				<misses>14974001</misses>
				<total>33</total>
				<timestamp>5235.660034</timestamp>
			</report>
			<report>
				<misses>14975001</misses>
				<total>33</total>
				<timestamp>5236.009683</timestamp>
			</report>
			<report>
				<misses>14976001</misses>
				<total>33</total>
				<timestamp>5236.359291</timestamp>
			</report>
			<report>
				<misses>14977001</misses>
				<total>33</total>
				<timestamp>5236.708952</timestamp>
			</report>
			<report>
				<misses>14978001</misses>
				<total>33</total>
				<timestamp>5237.058601</timestamp>
			</report>
			<report>
				<misses>14979001</misses>
				<total>33</total>
				<timestamp>5237.408235</timestamp>
			</report>
			<report>
				<misses>14980001</misses>
				<total>33</total>
				<timestamp>5237.757884</timestamp>
			</report>
			<report>
				<misses>14981001</misses>
				<total>33</total>
				<timestamp>5238.107524</timestamp>
			</report>
			<report>
				<misses>14982001</misses>
				<total>33</total>
				<timestamp>5238.457218</timestamp>
			</report>
			<report>
				<misses>14983001</misses>
				<total>33</total>
				<timestamp>5238.806831</timestamp>
			</report>
			<report>
				<misses>14984001</misses>
				<total>33</total>
				<timestamp>5239.156478</timestamp>
			</report>
			<report>
				<misses>14985001</misses>
				<total>33</total>
				<timestamp>5239.506206</timestamp>
			</report>
			<report>
				<misses>14986001</misses>
				<total>33</total>
				<timestamp>5239.855814</timestamp>
			</report>
			<report>
				<misses>14987001</misses>
				<total>33</total>
				<timestamp>5240.205421</timestamp>
			</report>
			<report>
				<misses>14988001</misses>
				<total>33</total>
				<timestamp>5240.555160</timestamp>
			</report>
			<report>
				<misses>14989001</misses>
				<total>33</total>
				<timestamp>5240.904737</timestamp>
			</report>
			<report>
				<misses>14990001</misses>
				<total>33</total>
				<timestamp>5241.254394</timestamp>
			</report>
			<report>
				<misses>14991001</misses>
				<total>33</total>
				<timestamp>5241.604053</timestamp>
			</report>
			<report>
				<misses>14992001</misses>
				<total>33</total>
				<timestamp>5241.953686</timestamp>
			</report>
			<report>
				<misses>14993001</misses>
				<total>33</total>
				<timestamp>5242.303335</timestamp>
			</report>
			<report>
				<misses>14994001</misses>
				<total>33</total>
				<timestamp>5242.653030</timestamp>
			</report>
			<report>
				<misses>14995001</misses>
				<total>33</total>
				<timestamp>5243.002638</timestamp>
			</report>
			<report>
				<misses>14996001</misses>
				<total>33</total>
				<timestamp>5243.352289</timestamp>
			</report>
			<report>
				<misses>14997001</misses>
				<total>33</total>
				<timestamp>5243.701963</timestamp>
			</report>
			<report>
				<misses>14998001</misses>
				<total>33</total>
				<timestamp>5244.051606</timestamp>
			</report>
			<report>
				<misses>14999001</misses>
				<total>33</total>
				<timestamp>5244.401236</timestamp>
			</report>
			<report>
				<misses>15000001</misses>
				<total>33</total>
				<timestamp>5244.750891</timestamp>
			</report>
			<report>
				<misses>15001001</misses>
				<total>33</total>
				<timestamp>5245.100550</timestamp>
			</report>
			<report>
				<misses>15002001</misses>
				<total>33</total>
				<timestamp>5245.450177</timestamp>
			</report>
			<report>
				<misses>15003001</misses>
				<total>33</total>
				<timestamp>5245.799823</timestamp>
			</report>
			<report>
				<misses>15004001</misses>
				<total>33</total>
				<timestamp>5246.149481</timestamp>
			</report>
			<report>
				<misses>15005001</misses>
				<total>33</total>
				<timestamp>5246.499135</timestamp>
			</report>
			<report>
				<misses>15006001</misses>
				<total>33</total>
				<timestamp>5246.848774</timestamp>
			</report>
			<report>
				<misses>15007001</misses>
				<total>33</total>
				<timestamp>5247.198435</timestamp>
			</report>
			<report>
				<misses>15008001</misses>
				<total>33</total>
				<timestamp>5247.548130</timestamp>
			</report>
			<report>
				<misses>15009001</misses>
				<total>33</total>
				<timestamp>5247.897737</timestamp>
			</report>
			<report>
				<misses>15010001</misses>
				<total>33</total>
				<timestamp>5248.247408</timestamp>
			</report>
			<report>
				<misses>15011001</misses>
				<total>33</total>
				<timestamp>5248.597059</timestamp>
			</report>
			<report>
				<misses>15012001</misses>
				<total>33</total>
				<timestamp>5248.946687</timestamp>
			</report>
			<report>
				<misses>15013001</misses>
				<total>33</total>
				<timestamp>5249.296337</timestamp>
			</report>
			<report>
				<misses>15014001</misses>
				<total>33</total>
				<timestamp>5249.646004</timestamp>
			</report>
			<report>
				<misses>15015001</misses>
				<total>33</total>
				<timestamp>5249.995635</timestamp>
			</report>
			<report>
				<misses>15016001</misses>
				<total>33</total>
				<timestamp>5250.345302</timestamp>
			</report>
			<report>
				<misses>15017001</misses>
				<total>33</total>
				<timestamp>5250.694950</timestamp>
			</report>
			<report>
				<misses>15018001</misses>
				<total>33</total>
				<timestamp>5251.044648</timestamp>
			</report>
			<report>
				<misses>15019001</misses>
				<total>33</total>
				<timestamp>5251.394231</timestamp>
			</report>
			<report>
				<misses>15020001</misses>
				<total>33</total>
				<timestamp>5251.743911</timestamp>
			</report>
			<report>
				<misses>15021001</misses>
				<total>33</total>
				<timestamp>5252.093535</timestamp>
			</report>
			<report>
				<misses>15022001</misses>
				<total>33</total>
				<timestamp>5252.443177</timestamp>
			</report>
			<report>
				<misses>15023001</misses>
				<total>33</total>
				<timestamp>5252.792834</timestamp>
			</report>
			<report>
				<misses>15024001</misses>
				<total>33</total>
				<timestamp>5253.142520</timestamp>
			</report>
			<report>
				<misses>15025001</misses>
				<total>33</total>
				<timestamp>5253.492158</timestamp>
			</report>
			<report>
				<misses>15026001</misses>
				<total>33</total>
				<timestamp>5253.841823</timestamp>
			</report>
			<report>
				<misses>15027001</misses>
				<total>33</total>
				<timestamp>5254.191482</timestamp>
			</report>
			<report>
				<misses>15028001</misses>
				<total>33</total>
				<timestamp>5254.541106</timestamp>
			</report>
			<report>
				<misses>15029001</misses>
				<total>33</total>
				<timestamp>5254.890730</timestamp>
			</report>
			<report>
				<misses>15030001</misses>
				<total>33</total>
				<timestamp>5255.240396</timestamp>
			</report>
			<report>
				<misses>15031001</misses>
				<total>33</total>
				<timestamp>5255.590106</timestamp>
			</report>
			<report>
				<misses>15032001</misses>
				<total>33</total>
				<timestamp>5255.939713</timestamp>
			</report>
			<report>
				<misses>15033001</misses>
				<total>33</total>
				<timestamp>5256.289332</timestamp>
			</report>
			<report>
				<misses>15034001</misses>
				<total>33</total>
				<timestamp>5256.638995</timestamp>
			</report>
			<report>
				<misses>15035001</misses>
				<total>33</total>
				<timestamp>5256.988627</timestamp>
			</report>
			<report>
				<misses>15036001</misses>
				<total>33</total>
				<timestamp>5257.338285</timestamp>
			</report>
			<report>
				<misses>15037001</misses>
				<total>33</total>
				<timestamp>5257.687926</timestamp>
			</report>
			<report>
				<misses>15038001</misses>
				<total>33</total>
				<timestamp>5258.037578</timestamp>
			</report>
			<report>
				<misses>15039001</misses>
				<total>33</total>
				<timestamp>5258.387238</timestamp>
			</report>
			<report>
				<misses>15040001</misses>
				<total>33</total>
				<timestamp>5258.736927</timestamp>
			</report>
			<report>
				<misses>15041001</misses>
				<total>33</total>
				<timestamp>5259.086537</timestamp>
			</report>
			<report>
				<misses>15042001</misses>
				<total>33</total>
				<timestamp>5259.436215</timestamp>
			</report>
			<report>
				<misses>15043001</misses>
				<total>33</total>
				<timestamp>5259.785852</timestamp>
			</report>
			<report>
				<misses>15044001</misses>
				<total>33</total>
				<timestamp>5260.135466</timestamp>
			</report>
			<report>
				<misses>15045001</misses>
				<total>33</total>
				<timestamp>5260.485139</timestamp>
			</report>
			<report>
				<misses>15046001</misses>
				<total>33</total>
				<timestamp>5260.834784</timestamp>
			</report>
			<report>
				<misses>15047001</misses>
				<total>33</total>
				<timestamp>5261.184444</timestamp>
			</report>
			<report>
				<misses>15048001</misses>
				<total>33</total>
				<timestamp>5261.534078</timestamp>
			</report>
			<report>
				<misses>15049001</misses>
				<total>33</total>
				<timestamp>5261.883732</timestamp>
			</report>
			<report>
				<misses>15050001</misses>
				<total>33</total>
				<timestamp>5262.233363</timestamp>
			</report>
			<report>
				<misses>15051001</misses>
				<total>33</total>
				<timestamp>5262.583051</timestamp>
			</report>
			<report>
				<misses>15052001</misses>
				<total>33</total>
				<timestamp>5262.932699</timestamp>
			</report>
			<report>
				<misses>15053001</misses>
				<total>33</total>
				<timestamp>5263.282336</timestamp>
			</report>
			<report>
				<misses>15054001</misses>
				<total>33</total>
				<timestamp>5263.632009</timestamp>
			</report>
			<report>
				<misses>15055001</misses>
				<total>33</total>
				<timestamp>5263.981659</timestamp>
			</report>
			<report>
				<misses>15056001</misses>
				<total>33</total>
				<timestamp>5264.331283</timestamp>
			</report>
			<report>
				<misses>15057001</misses>
				<total>33</total>
				<timestamp>5264.680937</timestamp>
			</report>
			<report>
				<misses>15058001</misses>
				<total>33</total>
				<timestamp>5265.030584</timestamp>
			</report>
			<report>
				<misses>15059001</misses>
				<total>33</total>
				<timestamp>5265.380242</timestamp>
			</report>
			<report>
				<misses>15060001</misses>
				<total>33</total>
				<timestamp>5265.729883</timestamp>
			</report>
			<report>
				<misses>15061001</misses>
				<total>33</total>
				<timestamp>5266.079573</timestamp>
			</report>
			<report>
				<misses>15062001</misses>
				<total>33</total>
				<timestamp>5266.429201</timestamp>
			</report>
			<report>
				<misses>15063001</misses>
				<total>33</total>
				<timestamp>5266.778844</timestamp>
			</report>
			<report>
				<misses>15064001</misses>
				<total>33</total>
				<timestamp>5267.128498</timestamp>
			</report>
			<report>
				<misses>15065001</misses>
				<total>33</total>
				<timestamp>5267.478143</timestamp>
			</report>
			<report>
				<misses>15066001</misses>
				<total>33</total>
				<timestamp>5267.827791</timestamp>
			</report>
			<report>
				<misses>15067001</misses>
				<total>33</total>
				<timestamp>5268.177422</timestamp>
			</report>
			<report>
				<misses>15068001</misses>
				<total>33</total>
				<timestamp>5268.527108</timestamp>
			</report>
			<report>
				<misses>15069001</misses>
				<total>33</total>
				<timestamp>5268.876722</timestamp>
			</report>
			<report>
				<misses>15070001</misses>
				<total>33</total>
				<timestamp>5269.226374</timestamp>
			</report>
			<report>
				<misses>15071001</misses>
				<total>33</total>
				<timestamp>5269.576060</timestamp>
			</report>
			<report>
				<misses>15072001</misses>
				<total>33</total>
				<timestamp>5269.925676</timestamp>
			</report>
			<report>
				<misses>15073001</misses>
				<total>33</total>
				<timestamp>5270.275348</timestamp>
			</report>
			<report>
				<misses>15074001</misses>
				<total>33</total>
				<timestamp>5270.625025</timestamp>
			</report>
			<report>
				<misses>15075001</misses>
				<total>33</total>
				<timestamp>5270.974663</timestamp>
			</report>
			<report>
				<misses>15076001</misses>
				<total>33</total>
				<timestamp>5271.324292</timestamp>
			</report>
			<report>
				<misses>15077001</misses>
				<total>33</total>
				<timestamp>5271.673947</timestamp>
			</report>
			<report>
				<misses>15078001</misses>
				<total>33</total>
				<timestamp>5272.023615</timestamp>
			</report>
			<report>
				<misses>15079001</misses>
				<total>33</total>
				<timestamp>5272.373248</timestamp>
			</report>
			<report>
				<misses>15080001</misses>
				<total>33</total>
				<timestamp>5272.722915</timestamp>
			</report>
			<report>
				<misses>15081001</misses>
				<total>33</total>
				<timestamp>5273.072550</timestamp>
			</report>
			<report>
				<misses>15082001</misses>
				<total>33</total>
				<timestamp>5273.422209</timestamp>
			</report>
			<report>
				<misses>15083001</misses>
				<total>33</total>
				<timestamp>5273.771869</timestamp>
			</report>
			<report>
				<misses>15084001</misses>
				<total>33</total>
				<timestamp>5274.121487</timestamp>
			</report>
			<report>
				<misses>15085001</misses>
				<total>33</total>
				<timestamp>5274.471143</timestamp>
			</report>
			<report>
				<misses>15086001</misses>
				<total>33</total>
				<timestamp>5274.820839</timestamp>
			</report>
			<report>
				<misses>15087001</misses>
				<total>33</total>
				<timestamp>5275.170428</timestamp>
			</report>
			<report>
				<misses>15088001</misses>
				<total>33</total>
				<timestamp>5275.520108</timestamp>
			</report>
			<report>
				<misses>15089001</misses>
				<total>33</total>
				<timestamp>5275.869772</timestamp>
			</report>
			<report>
				<misses>15090001</misses>
				<total>33</total>
				<timestamp>5276.219409</timestamp>
			</report>
			<report>
				<misses>15091001</misses>
				<total>33</total>
				<timestamp>5276.569033</timestamp>
			</report>
			<report>
				<misses>15092001</misses>
				<total>33</total>
				<timestamp>5276.918713</timestamp>
			</report>
			<report>
				<misses>15093001</misses>
				<total>33</total>
				<timestamp>5277.268369</timestamp>
			</report>
			<report>
				<misses>15094001</misses>
				<total>33</total>
				<timestamp>5277.617988</timestamp>
			</report>
			<report>
				<misses>15095001</misses>
				<total>33</total>
				<timestamp>5277.967628</timestamp>
			</report>
			<report>
				<misses>15096001</misses>
				<total>33</total>
				<timestamp>5278.317265</timestamp>
			</report>
			<report>
				<misses>15097001</misses>
				<total>33</total>
				<timestamp>5278.666939</timestamp>
			</report>
			<report>
				<misses>15098001</misses>
				<total>33</total>
				<timestamp>5279.016581</timestamp>
			</report>
			<report>
				<misses>15099001</misses>
				<total>33</total>
				<timestamp>5279.366269</timestamp>
			</report>
			<report>
				<misses>15100001</misses>
				<total>33</total>
				<timestamp>5279.715950</timestamp>
			</report>
			<report>
				<misses>15101001</misses>
				<total>33</total>
				<timestamp>5280.065554</timestamp>
			</report>
			<report>
				<misses>15102001</misses>
				<total>33</total>
				<timestamp>5280.415201</timestamp>
			</report>
			<report>
				<misses>15103001</misses>
				<total>33</total>
				<timestamp>5280.764829</timestamp>
			</report>
			<report>
				<misses>15104001</misses>
				<total>33</total>
				<timestamp>5281.114505</timestamp>
			</report>
			<report>
				<misses>15105001</misses>
				<total>33</total>
				<timestamp>5281.464125</timestamp>
			</report>
			<report>
				<misses>15106001</misses>
				<total>33</total>
				<timestamp>5281.813786</timestamp>
			</report>
			<report>
				<misses>15107001</misses>
				<total>33</total>
				<timestamp>5282.163445</timestamp>
			</report>
			<report>
				<misses>15108001</misses>
				<total>33</total>
				<timestamp>5282.513110</timestamp>
			</report>
			<report>
				<misses>15109001</misses>
				<total>33</total>
				<timestamp>5282.862771</timestamp>
			</report>
			<report>
				<misses>15110001</misses>
				<total>33</total>
				<timestamp>5283.212388</timestamp>
			</report>
			<report>
				<misses>15111001</misses>
				<total>33</total>
				<timestamp>5283.562024</timestamp>
			</report>
			<report>
				<misses>15112001</misses>
				<total>33</total>
				<timestamp>5283.911709</timestamp>
			</report>
			<report>
				<misses>15113001</misses>
				<total>33</total>
				<timestamp>5284.261363</timestamp>
			</report>
			<report>
				<misses>15114001</misses>
				<total>33</total>
				<timestamp>5284.610993</timestamp>
			</report>
			<report>
				<misses>15115001</misses>
				<total>33</total>
				<timestamp>5284.960618</timestamp>
			</report>
			<report>
				<misses>15116001</misses>
				<total>33</total>
				<timestamp>5285.310294</timestamp>
			</report>
			<report>
				<misses>15117001</misses>
				<total>33</total>
				<timestamp>5285.659938</timestamp>
			</report>
			<report>
				<misses>15118001</misses>
				<total>33</total>
				<timestamp>5286.009578</timestamp>
			</report>
			<report>
				<misses>15119001</misses>
				<total>33</total>
				<timestamp>5286.359253</timestamp>
			</report>
			<report>
				<misses>15120001</misses>
				<total>33</total>
				<timestamp>5286.708919</timestamp>
			</report>
			<report>
				<misses>15121001</misses>
				<total>33</total>
				<timestamp>5287.058585</timestamp>
			</report>
			<report>
				<misses>15122001</misses>
				<total>33</total>
				<timestamp>5287.408229</timestamp>
			</report>
			<report>
				<misses>15123001</misses>
				<total>33</total>
				<timestamp>5287.757892</timestamp>
			</report>
			<report>
				<misses>15124001</misses>
				<total>33</total>
				<timestamp>5288.107513</timestamp>
			</report>
			<report>
				<misses>15125001</misses>
				<total>33</total>
				<timestamp>5288.457154</timestamp>
			</report>
			<report>
				<misses>15126001</misses>
				<total>33</total>
				<timestamp>5288.806775</timestamp>
			</report>
			<report>
				<misses>15127001</misses>
				<total>33</total>
				<timestamp>5289.156447</timestamp>
			</report>
			<report>
				<misses>15128001</misses>
				<total>33</total>
				<timestamp>5289.506084</timestamp>
			</report>
			<report>
				<misses>15129001</misses>
				<total>33</total>
				<timestamp>5289.855746</timestamp>
			</report>
			<report>
				<misses>15130001</misses>
				<total>33</total>
				<timestamp>5290.205373</timestamp>
			</report>
			<report>
				<misses>15131001</misses>
				<total>33</total>
				<timestamp>5290.555043</timestamp>
			</report>
			<report>
				<misses>15132001</misses>
				<total>33</total>
				<timestamp>5290.904696</timestamp>
			</report>
			<report>
				<misses>15133001</misses>
				<total>33</total>
				<timestamp>5291.254340</timestamp>
			</report>
			<report>
				<misses>15134001</misses>
				<total>33</total>
				<timestamp>5291.603977</timestamp>
			</report>
			<report>
				<misses>15135001</misses>
				<total>33</total>
				<timestamp>5291.953641</timestamp>
			</report>
			<report>
				<misses>15136001</misses>
				<total>33</total>
				<timestamp>5292.303276</timestamp>
			</report>
			<report>
				<misses>15137001</misses>
				<total>33</total>
				<timestamp>5292.652936</timestamp>
			</report>
			<report>
				<misses>15138001</misses>
				<total>33</total>
				<timestamp>5293.002584</timestamp>
			</report>
			<report>
				<misses>15139001</misses>
				<total>33</total>
				<timestamp>5293.352244</timestamp>
			</report>
			<report>
				<misses>15140001</misses>
				<total>33</total>
				<timestamp>5293.701904</timestamp>
			</report>
			<report>
				<misses>15141001</misses>
				<total>33</total>
				<timestamp>5294.051556</timestamp>
			</report>
			<report>
				<misses>15142001</misses>
				<total>33</total>
				<timestamp>5294.401199</timestamp>
			</report>
			<report>
				<misses>15143001</misses>
				<total>33</total>
				<timestamp>5294.750876</timestamp>
			</report>
			<report>
				<misses>15144001</misses>
				<total>33</total>
				<timestamp>5295.100480</timestamp>
			</report>
			<report>
				<misses>15145001</misses>
				<total>33</total>
				<timestamp>5295.450168</timestamp>
			</report>
			<report>
				<misses>15146001</misses>
				<total>33</total>
				<timestamp>5295.799890</timestamp>
			</report>
			<report>
				<misses>15147001</misses>
				<total>33</total>
				<timestamp>5296.149436</timestamp>
			</report>
			<report>
				<misses>15148001</misses>
				<total>33</total>
				<timestamp>5296.499129</timestamp>
			</report>
			<report>
				<misses>15149001</misses>
				<total>33</total>
				<timestamp>5296.848778</timestamp>
			</report>
			<report>
				<misses>15150001</misses>
				<total>33</total>
				<timestamp>5297.198447</timestamp>
			</report>
			<report>
				<misses>15151001</misses>
				<total>33</total>
				<timestamp>5297.548070</timestamp>
			</report>
			<report>
				<misses>15152001</misses>
				<total>33</total>
				<timestamp>5297.897702</timestamp>
			</report>
			<report>
				<misses>15153001</misses>
				<total>33</total>
				<timestamp>5298.247369</timestamp>
			</report>
			<report>
				<misses>15154001</misses>
				<total>33</total>
				<timestamp>5298.597002</timestamp>
			</report>
			<report>
				<misses>15155001</misses>
				<total>33</total>
				<timestamp>5298.946674</timestamp>
			</report>
			<report>
				<misses>15156001</misses>
				<total>33</total>
				<timestamp>5299.296300</timestamp>
			</report>
			<report>
				<misses>15157001</misses>
				<total>33</total>
				<timestamp>5299.645968</timestamp>
			</report>
			<report>
				<misses>15158001</misses>
				<total>33</total>
				<timestamp>5299.995606</timestamp>
			</report>
			<report>
				<misses>15159001</misses>
				<total>33</total>
				<timestamp>5300.345233</timestamp>
			</report>
			<report>
				<misses>15160001</misses>
				<total>33</total>
				<timestamp>5300.694897</timestamp>
			</report>
			<report>
				<misses>15161001</misses>
				<total>33</total>
				<timestamp>5301.044617</timestamp>
			</report>
			<report>
				<misses>15162001</misses>
				<total>33</total>
				<timestamp>5301.394183</timestamp>
			</report>
			<report>
				<misses>15163001</misses>
				<total>33</total>
				<timestamp>5301.743855</timestamp>
			</report>
			<report>
				<misses>15164001</misses>
				<total>33</total>
				<timestamp>5302.093493</timestamp>
			</report>
			<report>
				<misses>15165001</misses>
				<total>33</total>
				<timestamp>5302.443141</timestamp>
			</report>
			<report>
				<misses>15166001</misses>
				<total>33</total>
				<timestamp>5302.792815</timestamp>
			</report>
			<report>
				<misses>15167001</misses>
				<total>33</total>
				<timestamp>5303.142437</timestamp>
			</report>
			<report>
				<misses>15168001</misses>
				<total>33</total>
				<timestamp>5303.492113</timestamp>
			</report>
			<report>
				<misses>15169001</misses>
				<total>33</total>
				<timestamp>5303.841806</timestamp>
			</report>
			<report>
				<misses>15170001</misses>
				<total>33</total>
				<timestamp>5304.191393</timestamp>
			</report>
			<report>
				<misses>15171001</misses>
				<total>33</total>
				<timestamp>5304.541043</timestamp>
			</report>
			<report>
				<misses>15172001</misses>
				<total>33</total>
				<timestamp>5304.890691</timestamp>
			</report>
			<report>
				<misses>15173001</misses>
				<total>33</total>
				<timestamp>5305.240332</timestamp>
			</report>
			<report>
				<misses>15174001</misses>
				<total>33</total>
				<timestamp>5305.589979</timestamp>
			</report>
			<report>
				<misses>15175001</misses>
				<total>33</total>
				<timestamp>5305.939658</timestamp>
			</report>
			<report>
				<misses>15176001</misses>
				<total>33</total>
				<timestamp>5306.289342</timestamp>
			</report>
			<report>
				<misses>15177001</misses>
				<total>33</total>
				<timestamp>5306.638933</timestamp>
			</report>
			<report>
				<misses>15178001</misses>
				<total>33</total>
				<timestamp>5306.988621</timestamp>
			</report>
			<report>
				<misses>15179001</misses>
				<total>33</total>
				<timestamp>5307.338254</timestamp>
			</report>
			<report>
				<misses>15180001</misses>
				<total>33</total>
				<timestamp>5307.687917</timestamp>
			</report>
			<report>
				<misses>15181001</misses>
				<total>33</total>
				<timestamp>5308.037566</timestamp>
			</report>
			<report>
				<misses>15182001</misses>
				<total>34</total>
				<timestamp>5308.387189</timestamp>
			</report>
			<report>
				<misses>15183001</misses>
				<total>34</total>
				<timestamp>5308.736850</timestamp>
			</report>
			<report>
				<misses>15184001</misses>
				<total>34</total>
				<timestamp>5309.086502</timestamp>
			</report>
			<report>
				<misses>15185001</misses>
				<total>34</total>
				<timestamp>5309.436170</timestamp>
			</report>
			<report>
				<misses>15186001</misses>
				<total>34</total>
				<timestamp>5309.785802</timestamp>
			</report>
			<report>
				<misses>15187001</misses>
				<total>34</total>
				<timestamp>5310.135476</timestamp>
			</report>
			<report>
				<misses>15188001</misses>
				<total>34</total>
				<timestamp>5310.485092</timestamp>
			</report>
			<report>
				<misses>15189001</misses>
				<total>34</total>
				<timestamp>5310.834746</timestamp>
			</report>
			<report>
				<misses>15190001</misses>
				<total>34</total>
				<timestamp>5311.184385</timestamp>
			</report>
			<report>
				<misses>15191001</misses>
				<total>34</total>
				<timestamp>5311.534054</timestamp>
			</report>
			<report>
				<misses>15192001</misses>
				<total>34</total>
				<timestamp>5311.883738</timestamp>
			</report>
			<report>
				<misses>15193001</misses>
				<total>34</total>
				<timestamp>5312.233374</timestamp>
			</report>
			<report>
				<misses>15194001</misses>
				<total>34</total>
				<timestamp>5312.582993</timestamp>
			</report>
			<report>
				<misses>15195001</misses>
				<total>34</total>
				<timestamp>5312.932644</timestamp>
			</report>
			<report>
				<misses>15196001</misses>
				<total>34</total>
				<timestamp>5313.282295</timestamp>
			</report>
			<report>
				<misses>15197001</misses>
				<total>34</total>
				<timestamp>5313.631937</timestamp>
			</report>
			<report>
				<misses>15198001</misses>
				<total>34</total>
				<timestamp>5313.981602</timestamp>
			</report>
			<report>
				<misses>15199001</misses>
				<total>34</total>
				<timestamp>5314.331248</timestamp>
			</report>
			<report>
				<misses>15200001</misses>
				<total>34</total>
				<timestamp>5314.680887</timestamp>
			</report>
			<report>
				<misses>15201001</misses>
				<total>34</total>
				<timestamp>5315.030542</timestamp>
			</report>
			<report>
				<misses>15202001</misses>
				<total>34</total>
				<timestamp>5315.380229</timestamp>
			</report>
			<report>
				<misses>15203001</misses>
				<total>34</total>
				<timestamp>5315.729842</timestamp>
			</report>
			<report>
				<misses>15204001</misses>
				<total>34</total>
				<timestamp>5316.079490</timestamp>
			</report>
			<report>
				<misses>15205001</misses>
				<total>34</total>
				<timestamp>5316.429121</timestamp>
			</report>
			<report>
				<misses>15206001</misses>
				<total>34</total>
				<timestamp>5316.778787</timestamp>
			</report>
			<report>
				<misses>15207001</misses>
				<total>34</total>
				<timestamp>5317.128477</timestamp>
			</report>
			<report>
				<misses>15208001</misses>
				<total>34</total>
				<timestamp>5317.478099</timestamp>
			</report>
			<report>
				<misses>15209001</misses>
				<total>34</total>
				<timestamp>5317.827731</timestamp>
			</report>
			<report>
				<misses>15210001</misses>
				<total>34</total>
				<timestamp>5318.177390</timestamp>
			</report>
			<report>
				<misses>15211001</misses>
				<total>34</total>
				<timestamp>5318.527051</timestamp>
			</report>
			<report>
				<misses>15212001</misses>
				<total>34</total>
				<timestamp>5318.876701</timestamp>
			</report>
			<report>
				<misses>15213001</misses>
				<total>34</total>
				<timestamp>5319.226348</timestamp>
			</report>
			<report>
				<misses>15214001</misses>
				<total>34</total>
				<timestamp>5319.576009</timestamp>
			</report>
			<report>
				<misses>15215001</misses>
				<total>34</total>
				<timestamp>5319.925653</timestamp>
			</report>
			<report>
				<misses>15216001</misses>
				<total>34</total>
				<timestamp>5320.275280</timestamp>
			</report>
			<report>
				<misses>15217001</misses>
				<total>34</total>
				<timestamp>5320.624934</timestamp>
			</report>
			<report>
				<misses>15218001</misses>
				<total>34</total>
				<timestamp>5320.974576</timestamp>
			</report>
			<report>
				<misses>15219001</misses>
				<total>34</total>
				<timestamp>5321.324281</timestamp>
			</report>
			<report>
				<misses>15220001</misses>
				<total>34</total>
				<timestamp>5321.673922</timestamp>
			</report>
			<report>
				<misses>15221001</misses>
				<total>34</total>
				<timestamp>5322.023571</timestamp>
			</report>
			<report>
				<misses>15222001</misses>
				<total>34</total>
				<timestamp>5322.373201</timestamp>
			</report>
			<report>
				<misses>15223001</misses>
				<total>34</total>
				<timestamp>5322.722851</timestamp>
			</report>
			<report>
				<misses>15224001</misses>
				<total>34</total>
				<timestamp>5323.072549</timestamp>
			</report>
			<report>
				<misses>15225001</misses>
				<total>34</total>
				<timestamp>5323.422176</timestamp>
			</report>
			<report>
				<misses>15226001</misses>
				<total>34</total>
				<timestamp>5323.771781</timestamp>
			</report>
			<report>
				<misses>15227001</misses>
				<total>34</total>
				<timestamp>5324.121465</timestamp>
			</report>
			<report>
				<misses>15228001</misses>
				<total>34</total>
				<timestamp>5324.471101</timestamp>
			</report>
			<report>
				<misses>15229001</misses>
				<total>34</total>
				<timestamp>5324.820747</timestamp>
			</report>
			<report>
				<misses>15230001</misses>
				<total>34</total>
				<timestamp>5325.170435</timestamp>
			</report>
			<report>
				<misses>15231001</misses>
				<total>34</total>
				<timestamp>5325.520063</timestamp>
			</report>
			<report>
				<misses>15232001</misses>
				<total>34</total>
				<timestamp>5325.869724</timestamp>
			</report>
			<report>
				<misses>15233001</misses>
				<total>34</total>
				<timestamp>5326.219336</timestamp>
			</report>
			<report>
				<misses>15234001</misses>
				<total>34</total>
				<timestamp>5326.569006</timestamp>
			</report>
			<report>
				<misses>15235001</misses>
				<total>34</total>
				<timestamp>5326.918633</timestamp>
			</report>
			<report>
				<misses>15236001</misses>
				<total>34</total>
				<timestamp>5327.268313</timestamp>
			</report>
			<report>
				<misses>15237001</misses>
				<total>34</total>
				<timestamp>5327.617942</timestamp>
			</report>
			<report>
				<misses>15238001</misses>
				<total>34</total>
				<timestamp>5327.967658</timestamp>
			</report>
			<report>
				<misses>15239001</misses>
				<total>34</total>
				<timestamp>5328.317247</timestamp>
			</report>
			<report>
				<misses>15240001</misses>
				<total>34</total>
				<timestamp>5328.666901</timestamp>
			</report>
			<report>
				<misses>15241001</misses>
				<total>34</total>
				<timestamp>5329.016523</timestamp>
			</report>
			<report>
				<misses>15242001</misses>
				<total>34</total>
				<timestamp>5329.366188</timestamp>
			</report>
			<report>
				<misses>15243001</misses>
				<total>34</total>
				<timestamp>5329.715839</timestamp>
			</report>
			<report>
				<misses>15244001</misses>
				<total>34</total>
				<timestamp>5330.065493</timestamp>
			</report>
			<report>
				<misses>15245001</misses>
				<total>34</total>
				<timestamp>5330.415151</timestamp>
			</report>
			<report>
				<misses>15246001</misses>
				<total>34</total>
				<timestamp>5330.764811</timestamp>
			</report>
			<report>
				<misses>15247001</misses>
				<total>34</total>
				<timestamp>5331.114462</timestamp>
			</report>
			<report>
				<misses>15248001</misses>
				<total>34</total>
				<timestamp>5331.464080</timestamp>
			</report>
			<report>
				<misses>15249001</misses>
				<total>34</total>
				<timestamp>5331.813743</timestamp>
			</report>
			<report>
				<misses>15250001</misses>
				<total>34</total>
				<timestamp>5332.163413</timestamp>
			</report>
			<report>
				<misses>15251001</misses>
				<total>34</total>
				<timestamp>5332.513082</timestamp>
			</report>
			<report>
				<misses>15252001</misses>
				<total>34</total>
				<timestamp>5332.862742</timestamp>
			</report>
			<report>
				<misses>15253001</misses>
				<total>34</total>
				<timestamp>5333.212398</timestamp>
			</report>
			<report>
				<misses>15254001</misses>
				<total>34</total>
				<timestamp>5333.562000</timestamp>
			</report>
			<report>
				<misses>15255001</misses>
				<total>34</total>
				<timestamp>5333.911647</timestamp>
			</report>
			<report>
				<misses>15256001</misses>
				<total>34</total>
				<timestamp>5334.261294</timestamp>
			</report>
			<report>
				<misses>15257001</misses>
				<total>34</total>
				<timestamp>5334.610918</timestamp>
			</report>
			<report>
				<misses>15258001</misses>
				<total>34</total>
				<timestamp>5334.960587</timestamp>
			</report>
			<report>
				<misses>15259001</misses>
				<total>34</total>
				<timestamp>5335.310248</timestamp>
			</report>
			<report>
				<misses>15260001</misses>
				<total>34</total>
				<timestamp>5335.659873</timestamp>
			</report>
			<report>
				<misses>15261001</misses>
				<total>34</total>
				<timestamp>5336.009582</timestamp>
			</report>
			<report>
				<misses>15262001</misses>
				<total>34</total>
				<timestamp>5336.359181</timestamp>
			</report>
			<report>
				<misses>15263001</misses>
				<total>34</total>
				<timestamp>5336.708825</timestamp>
			</report>
			<report>
				<misses>15264001</misses>
				<total>34</total>
				<timestamp>5337.058523</timestamp>
			</report>
			<report>
				<misses>15265001</misses>
				<total>34</total>
				<timestamp>5337.408133</timestamp>
			</report>
			<report>
				<misses>15266001</misses>
				<total>34</total>
				<timestamp>5337.757778</timestamp>
			</report>
			<report>
				<misses>15267001</misses>
				<total>34</total>
				<timestamp>5338.107520</timestamp>
			</report>
			<report>
				<misses>15268001</misses>
				<total>34</total>
				<timestamp>5338.457084</timestamp>
			</report>
			<report>
				<misses>15269001</misses>
				<total>34</total>
				<timestamp>5338.806744</timestamp>
			</report>
			<report>
				<misses>15270001</misses>
				<total>34</total>
				<timestamp>5339.156414</timestamp>
			</report>
			<report>
				<misses>15271001</misses>
				<total>34</total>
				<timestamp>5339.506063</timestamp>
			</report>
			<report>
				<misses>15272001</misses>
				<total>34</total>
				<timestamp>5339.855725</timestamp>
			</report>
			<report>
				<misses>15273001</misses>
				<total>34</total>
				<timestamp>5340.205400</timestamp>
			</report>
			<report>
				<misses>15274001</misses>
				<total>34</total>
				<timestamp>5340.554997</timestamp>
			</report>
			<report>
				<misses>15275001</misses>
				<total>34</total>
				<timestamp>5340.904659</timestamp>
			</report>
			<report>
				<misses>15276001</misses>
				<total>34</total>
				<timestamp>5341.254279</timestamp>
			</report>
			<report>
				<misses>15277001</misses>
				<total>34</total>
				<timestamp>5341.603958</timestamp>
			</report>
			<report>
				<misses>15278001</misses>
				<total>34</total>
				<timestamp>5341.953644</timestamp>
			</report>
			<report>
				<misses>15279001</misses>
				<total>34</total>
				<timestamp>5342.303256</timestamp>
			</report>
			<report>
				<misses>15280001</misses>
				<total>34</total>
				<timestamp>5342.652889</timestamp>
			</report>
			<report>
				<misses>15281001</misses>
				<total>34</total>
				<timestamp>5343.002539</timestamp>
			</report>
			<report>
				<misses>15282001</misses>
				<total>34</total>
				<timestamp>5343.352227</timestamp>
			</report>
			<report>
				<misses>15283001</misses>
				<total>34</total>
				<timestamp>5343.701834</timestamp>
			</report>
			<report>
				<misses>15284001</misses>
				<total>34</total>
				<timestamp>5344.051482</timestamp>
			</report>
			<report>
				<misses>15285001</misses>
				<total>34</total>
				<timestamp>5344.401126</timestamp>
			</report>
			<report>
				<misses>15286001</misses>
				<total>34</total>
				<timestamp>5344.750824</timestamp>
			</report>
			<report>
				<misses>15287001</misses>
				<total>34</total>
				<timestamp>5345.100485</timestamp>
			</report>
			<report>
				<misses>15288001</misses>
				<total>34</total>
				<timestamp>5345.450122</timestamp>
			</report>
			<report>
				<misses>15289001</misses>
				<total>34</total>
				<timestamp>5345.799729</timestamp>
			</report>
			<report>
				<misses>15290001</misses>
				<total>34</total>
				<timestamp>5346.149388</timestamp>
			</report>
			<report>
				<misses>15291001</misses>
				<total>34</total>
				<timestamp>5346.499041</timestamp>
			</report>
			<report>
				<misses>15292001</misses>
				<total>34</total>
				<timestamp>5346.848686</timestamp>
			</report>
			<report>
				<misses>15293001</misses>
				<total>34</total>
				<timestamp>5347.198358</timestamp>
			</report>
			<report>
				<misses>15294001</misses>
				<total>34</total>
				<timestamp>5347.547983</timestamp>
			</report>
			<report>
				<misses>15295001</misses>
				<total>34</total>
				<timestamp>5347.897643</timestamp>
			</report>
			<report>
				<misses>15296001</misses>
				<total>34</total>
				<timestamp>5348.247373</timestamp>
			</report>
			<report>
				<misses>15297001</misses>
				<total>34</total>
				<timestamp>5348.596937</timestamp>
			</report>
			<report>
				<misses>15298001</misses>
				<total>34</total>
				<timestamp>5348.946608</timestamp>
			</report>
			<report>
				<misses>15299001</misses>
				<total>34</total>
				<timestamp>5349.296311</timestamp>
			</report>
			<report>
				<misses>15300001</misses>
				<total>34</total>
				<timestamp>5349.645882</timestamp>
			</report>
			<report>
				<misses>15301001</misses>
				<total>34</total>
				<timestamp>5349.995547</timestamp>
			</report>
			<report>
				<misses>15302001</misses>
				<total>34</total>
				<timestamp>5350.345192</timestamp>
			</report>
			<report>
				<misses>15303001</misses>
				<total>34</total>
				<timestamp>5350.694845</timestamp>
			</report>
			<report>
				<misses>15304001</misses>
				<total>34</total>
				<timestamp>5351.044504</timestamp>
			</report>
			<report>
				<misses>15305001</misses>
				<total>34</total>
				<timestamp>5351.394166</timestamp>
			</report>
			<report>
				<misses>15306001</misses>
				<total>34</total>
				<timestamp>5351.743787</timestamp>
			</report>
			<report>
				<misses>15307001</misses>
				<total>34</total>
				<timestamp>5352.093451</timestamp>
			</report>
			<report>
				<misses>15308001</misses>
				<total>34</total>
				<timestamp>5352.443108</timestamp>
			</report>
			<report>
				<misses>15309001</misses>
				<total>34</total>
				<timestamp>5352.792727</timestamp>
			</report>
			<report>
				<misses>15310001</misses>
				<total>34</total>
				<timestamp>5353.142437</timestamp>
			</report>
			<report>
				<misses>15311001</misses>
				<total>34</total>
				<timestamp>5353.492075</timestamp>
			</report>
			<report>
				<misses>15312001</misses>
				<total>34</total>
				<timestamp>5353.841670</timestamp>
			</report>
			<report>
				<misses>15313001</misses>
				<total>34</total>
				<timestamp>5354.191357</timestamp>
			</report>
			<report>
				<misses>15314001</misses>
				<total>34</total>
				<timestamp>5354.540983</timestamp>
			</report>
			<report>
				<misses>15315001</misses>
				<total>34</total>
				<timestamp>5354.890674</timestamp>
			</report>
			<report>
				<misses>15316001</misses>
				<total>34</total>
				<timestamp>5355.240319</timestamp>
			</report>
			<report>
				<misses>15317001</misses>
				<total>34</total>
				<timestamp>5355.589957</timestamp>
			</report>
			<report>
				<misses>15318001</misses>
				<total>34</total>
				<timestamp>5355.939590</timestamp>
			</report>
			<report>
				<misses>15319001</misses>
				<total>34</total>
				<timestamp>5356.289268</timestamp>
			</report>
			<report>
				<misses>15320001</misses>
				<total>34</total>
				<timestamp>5356.638922</timestamp>
			</report>
			<report>
				<misses>15321001</misses>
				<total>34</total>
				<timestamp>5356.988529</timestamp>
			</report>
			<report>
				<misses>15322001</misses>
				<total>34</total>
				<timestamp>5357.338196</timestamp>
			</report>
			<report>
				<misses>15323001</misses>
				<total>34</total>
				<timestamp>5357.687823</timestamp>
			</report>
			<report>
				<misses>15324001</misses>
				<total>34</total>
				<timestamp>5358.037506</timestamp>
			</report>
			<report>
				<misses>15325001</misses>
				<total>34</total>
				<timestamp>5358.387128</timestamp>
			</report>
			<report>
				<misses>15326001</misses>
				<total>34</total>
				<timestamp>5358.736840</timestamp>
			</report>
			<report>
				<misses>15327001</misses>
				<total>34</total>
				<timestamp>5359.086455</timestamp>
			</report>
			<report>
				<misses>15328001</misses>
				<total>34</total>
				<timestamp>5359.436089</timestamp>
			</report>
			<report>
				<misses>15329001</misses>
				<total>34</total>
				<timestamp>5359.785758</timestamp>
			</report>
			<report>
				<misses>15330001</misses>
				<total>34</total>
				<timestamp>5360.135444</timestamp>
			</report>
			<report>
				<misses>15331001</misses>
				<total>34</total>
				<timestamp>5360.485051</timestamp>
			</report>
			<report>
				<misses>15332001</misses>
				<total>34</total>
				<timestamp>5360.834692</timestamp>
			</report>
			<report>
				<misses>15333001</misses>
				<total>34</total>
				<timestamp>5361.184384</timestamp>
			</report>
			<report>
				<misses>15334001</misses>
				<total>34</total>
				<timestamp>5361.533991</timestamp>
			</report>
			<report>
				<misses>15335001</misses>
				<total>34</total>
				<timestamp>5361.883643</timestamp>
			</report>
			<report>
				<misses>15336001</misses>
				<total>34</total>
				<timestamp>5362.233319</timestamp>
			</report>
			<report>
				<misses>15337001</misses>
				<total>34</total>
				<timestamp>5362.582939</timestamp>
			</report>
			<report>
				<misses>15338001</misses>
				<total>34</total>
				<timestamp>5362.932581</timestamp>
			</report>
			<report>
				<misses>15339001</misses>
				<total>34</total>
				<timestamp>5363.282301</timestamp>
			</report>
			<report>
				<misses>15340001</misses>
				<total>34</total>
				<timestamp>5363.631882</timestamp>
			</report>
			<report>
				<misses>15341001</misses>
				<total>34</total>
				<timestamp>5363.981552</timestamp>
			</report>
			<report>
				<misses>15342001</misses>
				<total>34</total>
				<timestamp>5364.331232</timestamp>
			</report>
			<report>
				<misses>15343001</misses>
				<total>34</total>
				<timestamp>5364.680832</timestamp>
			</report>
			<report>
				<misses>15344001</misses>
				<total>34</total>
				<timestamp>5365.030489</timestamp>
			</report>
			<report>
				<misses>15345001</misses>
				<total>34</total>
				<timestamp>5365.380142</timestamp>
			</report>
			<report>
				<misses>15346001</misses>
				<total>34</total>
				<timestamp>5365.729784</timestamp>
			</report>
			<report>
				<misses>15347001</misses>
				<total>34</total>
				<timestamp>5366.079453</timestamp>
			</report>
			<report>
				<misses>15348001</misses>
				<total>34</total>
				<timestamp>5366.429144</timestamp>
			</report>
			<report>
				<misses>15349001</misses>
				<total>34</total>
				<timestamp>5366.778724</timestamp>
			</report>
			<report>
				<misses>15350001</misses>
				<total>34</total>
				<timestamp>5367.128397</timestamp>
			</report>
			<report>
				<misses>15351001</misses>
				<total>34</total>
				<timestamp>5367.478046</timestamp>
			</report>
			<report>
				<misses>15352001</misses>
				<total>34</total>
				<timestamp>5367.827692</timestamp>
			</report>
			<report>
				<misses>15353001</misses>
				<total>34</total>
				<timestamp>5368.177376</timestamp>
			</report>
			<report>
				<misses>15354001</misses>
				<total>34</total>
				<timestamp>5368.527008</timestamp>
			</report>
			<report>
				<misses>15355001</misses>
				<total>34</total>
				<timestamp>5368.876648</timestamp>
			</report>
			<report>
				<misses>15356001</misses>
				<total>34</total>
				<timestamp>5369.226295</timestamp>
			</report>
			<report>
				<misses>15357001</misses>
				<total>34</total>
				<timestamp>5369.575936</timestamp>
			</report>
			<report>
				<misses>15358001</misses>
				<total>34</total>
				<timestamp>5369.925599</timestamp>
			</report>
			<report>
				<misses>15359001</misses>
				<total>34</total>
				<timestamp>5370.275269</timestamp>
			</report>
			<report>
				<misses>15360001</misses>
				<total>34</total>
				<timestamp>5370.624892</timestamp>
			</report>
			<report>
				<misses>15361001</misses>
				<total>34</total>
				<timestamp>5370.974571</timestamp>
			</report>
			<report>
				<misses>15362001</misses>
				<total>34</total>
				<timestamp>5371.324237</timestamp>
			</report>
			<report>
				<misses>15363001</misses>
				<total>34</total>
				<timestamp>5371.673861</timestamp>
			</report>
			<report>
				<misses>15364001</misses>
				<total>34</total>
				<timestamp>5372.023524</timestamp>
			</report>
			<report>
				<misses>15365001</misses>
				<total>34</total>
				<timestamp>5372.373234</timestamp>
			</report>
			<report>
				<misses>15366001</misses>
				<total>34</total>
				<timestamp>5372.722800</timestamp>
			</report>
			<report>
				<misses>15367001</misses>
				<total>34</total>
				<timestamp>5373.072459</timestamp>
			</report>
			<report>
				<misses>15368001</misses>
				<total>34</total>
				<timestamp>5373.422137</timestamp>
			</report>
			<report>
				<misses>15369001</misses>
				<total>34</total>
				<timestamp>5373.771746</timestamp>
			</report>
			<report>
				<misses>15370001</misses>
				<total>34</total>
				<timestamp>5374.121408</timestamp>
			</report>
			<report>
				<misses>15371001</misses>
				<total>34</total>
				<timestamp>5374.471093</timestamp>
			</report>
			<report>
				<misses>15372001</misses>
				<total>34</total>
				<timestamp>5374.820698</timestamp>
			</report>
			<report>
				<misses>15373001</misses>
				<total>34</total>
				<timestamp>5375.170349</timestamp>
			</report>
			<report>
				<misses>15374001</misses>
				<total>34</total>
				<timestamp>5375.520051</timestamp>
			</report>
			<report>
				<misses>15375001</misses>
				<total>34</total>
				<timestamp>5375.869645</timestamp>
			</report>
			<report>
				<misses>15376001</misses>
				<total>34</total>
				<timestamp>5376.219348</timestamp>
			</report>
			<report>
				<misses>15377001</misses>
				<total>34</total>
				<timestamp>5376.568935</timestamp>
			</report>
			<report>
				<misses>15378001</misses>
				<total>34</total>
				<timestamp>5376.918599</timestamp>
			</report>
			<report>
				<misses>15379001</misses>
				<total>34</total>
				<timestamp>5377.268251</timestamp>
			</report>
			<report>
				<misses>15380001</misses>
				<total>34</total>
				<timestamp>5377.617884</timestamp>
			</report>
			<report>
				<misses>15381001</misses>
				<total>34</total>
				<timestamp>5377.967522</timestamp>
			</report>
			<report>
				<misses>15382001</misses>
				<total>34</total>
				<timestamp>5378.317221</timestamp>
			</report>
			<report>
				<misses>15383001</misses>
				<total>34</total>
				<timestamp>5378.666840</timestamp>
			</report>
			<report>
				<misses>15384001</misses>
				<total>34</total>
				<timestamp>5379.016492</timestamp>
			</report>
			<report>
				<misses>15385001</misses>
				<total>34</total>
				<timestamp>5379.366184</timestamp>
			</report>
			<report>
				<misses>15386001</misses>
				<total>34</total>
				<timestamp>5379.715786</timestamp>
			</report>
			<report>
				<misses>15387001</misses>
				<total>34</total>
				<timestamp>5380.065446</timestamp>
			</report>
			<report>
				<misses>15388001</misses>
				<total>34</total>
				<timestamp>5380.415138</timestamp>
			</report>
			<report>
				<misses>15389001</misses>
				<total>34</total>
				<timestamp>5380.764735</timestamp>
			</report>
			<report>
				<misses>15390001</misses>
				<total>34</total>
				<timestamp>5381.114380</timestamp>
			</report>
			<report>
				<misses>15391001</misses>
				<total>34</total>
				<timestamp>5381.464032</timestamp>
			</report>
			<report>
				<misses>15392001</misses>
				<total>34</total>
				<timestamp>5381.813682</timestamp>
			</report>
			<report>
				<misses>15393001</misses>
				<total>34</total>
				<timestamp>5382.163368</timestamp>
			</report>
			<report>
				<misses>15394001</misses>
				<total>34</total>
				<timestamp>5382.513009</timestamp>
			</report>
			<report>
				<misses>15395001</misses>
				<total>34</total>
				<timestamp>5382.862658</timestamp>
			</report>
			<report>
				<misses>15396001</misses>
				<total>34</total>
				<timestamp>5383.212289</timestamp>
			</report>
			<report>
				<misses>15397001</misses>
				<total>34</total>
				<timestamp>5383.561935</timestamp>
			</report>
			<report>
				<misses>15398001</misses>
				<total>34</total>
				<timestamp>5383.911611</timestamp>
			</report>
			<report>
				<misses>15399001</misses>
				<total>34</total>
				<timestamp>5384.261273</timestamp>
			</report>
			<report>
				<misses>15400001</misses>
				<total>34</total>
				<timestamp>5384.610950</timestamp>
			</report>
			<report>
				<misses>15401001</misses>
				<total>34</total>
				<timestamp>5384.960529</timestamp>
			</report>
			<report>
				<misses>15402001</misses>
				<total>34</total>
				<timestamp>5385.310204</timestamp>
			</report>
			<report>
				<misses>15403001</misses>
				<total>34</total>
				<timestamp>5385.659839</timestamp>
			</report>
			<report>
				<misses>15404001</misses>
				<total>34</total>
				<timestamp>5386.009496</timestamp>
			</report>
			<report>
				<misses>15405001</misses>
				<total>34</total>
				<timestamp>5386.359141</timestamp>
			</report>
			<report>
				<misses>15406001</misses>
				<total>34</total>
				<timestamp>5386.708798</timestamp>
			</report>
			<report>
				<misses>15407001</misses>
				<total>34</total>
				<timestamp>5387.058442</timestamp>
			</report>
			<report>
				<misses>15408001</misses>
				<total>34</total>
				<timestamp>5387.408102</timestamp>
			</report>
			<report>
				<misses>15409001</misses>
				<total>34</total>
				<timestamp>5387.757734</timestamp>
			</report>
			<report>
				<misses>15410001</misses>
				<total>34</total>
				<timestamp>5388.107374</timestamp>
			</report>
			<report>
				<misses>15411001</misses>
				<total>34</total>
				<timestamp>5388.457073</timestamp>
			</report>
			<report>
				<misses>15412001</misses>
				<total>34</total>
				<timestamp>5388.806687</timestamp>
			</report>
			<report>
				<misses>15413001</misses>
				<total>34</total>
				<timestamp>5389.156334</timestamp>
			</report>
			<report>
				<misses>15414001</misses>
				<total>34</total>
				<timestamp>5389.506048</timestamp>
			</report>
			<report>
				<misses>15415001</misses>
				<total>34</total>
				<timestamp>5389.855641</timestamp>
			</report>
			<report>
				<misses>15416001</misses>
				<total>34</total>
				<timestamp>5390.205276</timestamp>
			</report>
			<report>
				<misses>15417001</misses>
				<total>34</total>
				<timestamp>5390.554933</timestamp>
			</report>
			<report>
				<misses>15418001</misses>
				<total>34</total>
				<timestamp>5390.904577</timestamp>
			</report>
			<report>
				<misses>15419001</misses>
				<total>34</total>
				<timestamp>5391.254248</timestamp>
			</report>
			<report>
				<misses>15420001</misses>
				<total>34</total>
				<timestamp>5391.603910</timestamp>
			</report>
			<report>
				<misses>15421001</misses>
				<total>34</total>
				<timestamp>5391.953559</timestamp>
			</report>
			<report>
				<misses>15422001</misses>
				<total>34</total>
				<timestamp>5392.303213</timestamp>
			</report>
			<report>
				<misses>15423001</misses>
				<total>34</total>
				<timestamp>5392.652900</timestamp>
			</report>
			<report>
				<misses>15424001</misses>
				<total>34</total>
				<timestamp>5393.002481</timestamp>
			</report>
			<report>
				<misses>15425001</misses>
				<total>34</total>
				<timestamp>5393.352139</timestamp>
			</report>
			<report>
				<misses>15426001</misses>
				<total>34</total>
				<timestamp>5393.701785</timestamp>
			</report>
			<report>
				<misses>15427001</misses>
				<total>34</total>
				<timestamp>5394.051449</timestamp>
			</report>
			<report>
				<misses>15428001</misses>
				<total>34</total>
				<timestamp>5394.401135</timestamp>
			</report>
			<report>
				<misses>15429001</misses>
				<total>34</total>
				<timestamp>5394.750721</timestamp>
			</report>
			<report>
				<misses>15430001</misses>
				<total>34</total>
				<timestamp>5395.100382</timestamp>
			</report>
			<report>
				<misses>15431001</misses>
				<total>34</total>
				<timestamp>5395.450094</timestamp>
			</report>
			<report>
				<misses>15432001</misses>
				<total>34</total>
				<timestamp>5395.799681</timestamp>
			</report>
			<report>
				<misses>15433001</misses>
				<total>34</total>
				<timestamp>5396.149343</timestamp>
			</report>
			<report>
				<misses>15434001</misses>
				<total>34</total>
				<timestamp>5396.499005</timestamp>
			</report>
			<report>
				<misses>15435001</misses>
				<total>34</total>
				<timestamp>5396.848642</timestamp>
			</report>
			<report>
				<misses>15436001</misses>
				<total>34</total>
				<timestamp>5397.198271</timestamp>
			</report>
			<report>
				<misses>15437001</misses>
				<total>34</total>
				<timestamp>5397.547990</timestamp>
			</report>
			<report>
				<misses>15438001</misses>
				<total>34</total>
				<timestamp>5397.897593</timestamp>
			</report>
			<report>
				<misses>15439001</misses>
				<total>34</total>
				<timestamp>5398.247246</timestamp>
			</report>
			<report>
				<misses>15440001</misses>
				<total>34</total>
				<timestamp>5398.596871</timestamp>
			</report>
			<report>
				<misses>15441001</misses>
				<total>34</total>
				<timestamp>5398.946528</timestamp>
			</report>
			<report>
				<misses>15442001</misses>
				<total>34</total>
				<timestamp>5399.296239</timestamp>
			</report>
			<report>
				<misses>15443001</misses>
				<total>34</total>
				<timestamp>5399.645823</timestamp>
			</report>
			<report>
				<misses>15444001</misses>
				<total>34</total>
				<timestamp>5399.995475</timestamp>
			</report>
			<report>
				<misses>15445001</misses>
				<total>34</total>
				<timestamp>5400.345162</timestamp>
			</report>
			<report>
				<misses>15446001</misses>
				<total>34</total>
				<timestamp>5400.694781</timestamp>
			</report>
			<report>
				<misses>15447001</misses>
				<total>34</total>
				<timestamp>5401.044434</timestamp>
			</report>
			<report>
				<misses>15448001</misses>
				<total>34</total>
				<timestamp>5401.394122</timestamp>
			</report>
			<report>
				<misses>15449001</misses>
				<total>34</total>
				<timestamp>5401.743734</timestamp>
			</report>
			<report>
				<misses>15450001</misses>
				<total>34</total>
				<timestamp>5402.093384</timestamp>
			</report>
			<report>
				<misses>15451001</misses>
				<total>34</total>
				<timestamp>5402.443108</timestamp>
			</report>
			<report>
				<misses>15452001</misses>
				<total>34</total>
				<timestamp>5402.792666</timestamp>
			</report>
			<report>
				<misses>15453001</misses>
				<total>34</total>
				<timestamp>5403.142378</timestamp>
			</report>
			<report>
				<misses>15454001</misses>
				<total>34</total>
				<timestamp>5403.492011</timestamp>
			</report>
			<report>
				<misses>15455001</misses>
				<total>34</total>
				<timestamp>5403.841635</timestamp>
			</report>
			<report>
				<misses>15456001</misses>
				<total>34</total>
				<timestamp>5404.191273</timestamp>
			</report>
			<report>
				<misses>15457001</misses>
				<total>34</total>
				<timestamp>5404.540948</timestamp>
			</report>
			<report>
				<misses>15458001</misses>
				<total>34</total>
				<timestamp>5404.890599</timestamp>
			</report>
			<report>
				<misses>15459001</misses>
				<total>34</total>
				<timestamp>5405.240270</timestamp>
			</report>
			<report>
				<misses>15460001</misses>
				<total>34</total>
				<timestamp>5405.589951</timestamp>
			</report>
			<report>
				<misses>15461001</misses>
				<total>34</total>
				<timestamp>5405.939558</timestamp>
			</report>
			<report>
				<misses>15462001</misses>
				<total>34</total>
				<timestamp>5406.289196</timestamp>
			</report>
			<report>
				<misses>15463001</misses>
				<total>34</total>
				<timestamp>5406.638842</timestamp>
			</report>
			<report>
				<misses>15464001</misses>
				<total>34</total>
				<timestamp>5406.988520</timestamp>
			</report>
			<report>
				<misses>15465001</misses>
				<total>34</total>
				<timestamp>5407.338133</timestamp>
			</report>
			<report>
				<misses>15466001</misses>
				<total>34</total>
				<timestamp>5407.687790</timestamp>
			</report>
			<report>
				<misses>15467001</misses>
				<total>34</total>
				<timestamp>5408.037476</timestamp>
			</report>
			<report>
				<misses>15468001</misses>
				<total>34</total>
				<timestamp>5408.387145</timestamp>
			</report>
			<report>
				<misses>15469001</misses>
				<total>34</total>
				<timestamp>5408.736731</timestamp>
			</report>
			<report>
				<misses>15470001</misses>
				<total>34</total>
				<timestamp>5409.086402</timestamp>
			</report>
			<report>
				<misses>15471001</misses>
				<total>34</total>
				<timestamp>5409.436060</timestamp>
			</report>
			<report>
				<misses>15472001</misses>
				<total>34</total>
				<timestamp>5409.785676</timestamp>
			</report>
			<report>
				<misses>15473001</misses>
				<total>34</total>
				<timestamp>5410.135339</timestamp>
			</report>
			<report>
				<misses>15474001</misses>
				<total>34</total>
				<timestamp>5410.485046</timestamp>
			</report>
			<report>
				<misses>15475001</misses>
				<total>34</total>
				<timestamp>5410.834636</timestamp>
			</report>
			<report>
				<misses>15476001</misses>
				<total>34</total>
				<timestamp>5411.184278</timestamp>
			</report>
			<report>
				<misses>15477001</misses>
				<total>34</total>
				<timestamp>5411.533964</timestamp>
			</report>
			<report>
				<misses>15478001</misses>
				<total>34</total>
				<timestamp>5411.883588</timestamp>
			</report>
			<report>
				<misses>15479001</misses>
				<total>34</total>
				<timestamp>5412.233237</timestamp>
			</report>
			<report>
				<misses>15480001</misses>
				<total>34</total>
				<timestamp>5412.582936</timestamp>
			</report>
			<report>
				<misses>15481001</misses>
				<total>34</total>
				<timestamp>5412.932532</timestamp>
			</report>
			<report>
				<misses>15482001</misses>
				<total>34</total>
				<timestamp>5413.282189</timestamp>
			</report>
			<report>
				<misses>15483001</misses>
				<total>34</total>
				<timestamp>5413.631827</timestamp>
			</report>
			<report>
				<misses>15484001</misses>
				<total>34</total>
				<timestamp>5413.981477</timestamp>
			</report>
			<report>
				<misses>15485001</misses>
				<total>34</total>
				<timestamp>5414.331163</timestamp>
			</report>
			<report>
				<misses>15486001</misses>
				<total>34</total>
				<timestamp>5414.680780</timestamp>
			</report>
			<report>
				<misses>15487001</misses>
				<total>34</total>
				<timestamp>5415.030449</timestamp>
			</report>
			<report>
				<misses>15488001</misses>
				<total>34</total>
				<timestamp>5415.380082</timestamp>
			</report>
			<report>
				<misses>15489001</misses>
				<total>34</total>
				<timestamp>5415.729736</timestamp>
			</report>
			<report>
				<misses>15490001</misses>
				<total>34</total>
				<timestamp>5416.079405</timestamp>
			</report>
			<report>
				<misses>15491001</misses>
				<total>34</total>
				<timestamp>5416.429043</timestamp>
			</report>
			<report>
				<misses>15492001</misses>
				<total>34</total>
				<timestamp>5416.778713</timestamp>
			</report>
			<report>
				<misses>15493001</misses>
				<total>34</total>
				<timestamp>5417.128348</timestamp>
			</report>
			<report>
				<misses>15494001</misses>
				<total>34</total>
				<timestamp>5417.478034</timestamp>
			</report>
			<report>
				<misses>15495001</misses>
				<total>34</total>
				<timestamp>5417.827641</timestamp>
			</report>
			<report>
				<misses>15496001</misses>
				<total>34</total>
				<timestamp>5418.177370</timestamp>
			</report>
			<report>
				<misses>15497001</misses>
				<total>34</total>
				<timestamp>5418.526954</timestamp>
			</report>
			<report>
				<misses>15498001</misses>
				<total>34</total>
				<timestamp>5418.876585</timestamp>
			</report>
			<report>
				<misses>15499001</misses>
				<total>34</total>
				<timestamp>5419.226233</timestamp>
			</report>
			<report>
				<misses>15500001</misses>
				<total>34</total>
				<timestamp>5419.575940</timestamp>
			</report>
			<report>
				<misses>15501001</misses>
				<total>34</total>
				<timestamp>5419.925543</timestamp>
			</report>
			<report>
				<misses>15502001</misses>
				<total>34</total>
				<timestamp>5420.275213</timestamp>
			</report>
			<report>
				<misses>15503001</misses>
				<total>34</total>
				<timestamp>5420.624888</timestamp>
			</report>
			<report>
				<misses>15504001</misses>
				<total>34</total>
				<timestamp>5420.974483</timestamp>
			</report>
			<report>
				<misses>15505001</misses>
				<total>34</total>
				<timestamp>5421.324157</timestamp>
			</report>
			<report>
				<misses>15506001</misses>
				<total>34</total>
				<timestamp>5421.673826</timestamp>
			</report>
			<report>
				<misses>15507001</misses>
				<total>34</total>
				<timestamp>5422.023461</timestamp>
			</report>
			<report>
				<misses>15508001</misses>
				<total>34</total>
				<timestamp>5422.373139</timestamp>
			</report>
			<report>
				<misses>15509001</misses>
				<total>34</total>
				<timestamp>5422.722723</timestamp>
			</report>
			<report>
				<misses>15510001</misses>
				<total>34</total>
				<timestamp>5423.072392</timestamp>
			</report>
			<report>
				<misses>15511001</misses>
				<total>34</total>
				<timestamp>5423.422030</timestamp>
			</report>
			<report>
				<misses>15512001</misses>
				<total>34</total>
				<timestamp>5423.771683</timestamp>
			</report>
			<report>
				<misses>15513001</misses>
				<total>34</total>
				<timestamp>5424.121350</timestamp>
			</report>
			<report>
				<misses>15514001</misses>
				<total>34</total>
				<timestamp>5424.471035</timestamp>
			</report>
			<report>
				<misses>15515001</misses>
				<total>34</total>
				<timestamp>5424.820668</timestamp>
			</report>
			<report>
				<misses>15516001</misses>
				<total>34</total>
				<timestamp>5425.170332</timestamp>
			</report>
			<report>
				<misses>15517001</misses>
				<total>34</total>
				<timestamp>5425.519947</timestamp>
			</report>
			<report>
				<misses>15518001</misses>
				<total>34</total>
				<timestamp>5425.869589</timestamp>
			</report>
			<report>
				<misses>15519001</misses>
				<total>34</total>
				<timestamp>5426.219267</timestamp>
			</report>
			<report>
				<misses>15520001</misses>
				<total>34</total>
				<timestamp>5426.568917</timestamp>
			</report>
			<report>
				<misses>15521001</misses>
				<total>34</total>
				<timestamp>5426.918528</timestamp>
			</report>
			<report>
				<misses>15522001</misses>
				<total>34</total>
				<timestamp>5427.268204</timestamp>
			</report>
			<report>
				<misses>15523001</misses>
				<total>34</total>
				<timestamp>5427.617860</timestamp>
			</report>
			<report>
				<misses>15524001</misses>
				<total>34</total>
				<timestamp>5427.967467</timestamp>
			</report>
			<report>
				<misses>15525001</misses>
				<total>34</total>
				<timestamp>5428.317152</timestamp>
			</report>
			<report>
				<misses>15526001</misses>
				<total>34</total>
				<timestamp>5428.666863</timestamp>
			</report>
			<report>
				<misses>15527001</misses>
				<total>34</total>
				<timestamp>5429.016441</timestamp>
			</report>
			<report>
				<misses>15528001</misses>
				<total>34</total>
				<timestamp>5429.366116</timestamp>
			</report>
			<report>
				<misses>15529001</misses>
				<total>34</total>
				<timestamp>5429.715752</timestamp>
			</report>
			<report>
				<misses>15530001</misses>
				<total>34</total>
				<timestamp>5430.065374</timestamp>
			</report>
			<report>
				<misses>15531001</misses>
				<total>34</total>
				<timestamp>5430.415058</timestamp>
			</report>
			<report>
				<misses>15532001</misses>
				<total>34</total>
				<timestamp>5430.764691</timestamp>
			</report>
			<report>
				<misses>15533001</misses>
				<total>34</total>
				<timestamp>5431.114338</timestamp>
			</report>
			<report>
				<misses>15534001</misses>
				<total>34</total>
				<timestamp>5431.463999</timestamp>
			</report>
			<report>
				<misses>15535001</misses>
				<total>34</total>
				<timestamp>5431.813651</timestamp>
			</report>
			<report>
				<misses>15536001</misses>
				<total>34</total>
				<timestamp>5432.163317</timestamp>
			</report>
			<report>
				<misses>15537001</misses>
				<total>34</total>
				<timestamp>5432.512971</timestamp>
			</report>
			<report>
				<misses>15538001</misses>
				<total>34</total>
				<timestamp>5432.862579</timestamp>
			</report>
			<report>
				<misses>15539001</misses>
				<total>34</total>
				<timestamp>5433.212235</timestamp>
			</report>
			<report>
				<misses>15540001</misses>
				<total>34</total>
				<timestamp>5433.561914</timestamp>
			</report>
			<report>
				<misses>15541001</misses>
				<total>34</total>
				<timestamp>5433.911525</timestamp>
			</report>
			<report>
				<misses>15542001</misses>
				<total>34</total>
				<timestamp>5434.261206</timestamp>
			</report>
			<report>
				<misses>15543001</misses>
				<total>34</total>
				<timestamp>5434.610841</timestamp>
			</report>
			<report>
				<misses>15544001</misses>
				<total>34</total>
				<timestamp>5434.960522</timestamp>
			</report>
			<report>
				<misses>15545001</misses>
				<total>34</total>
				<timestamp>5435.310152</timestamp>
			</report>
			<report>
				<misses>15546001</misses>
				<total>34</total>
				<timestamp>5435.659842</timestamp>
			</report>
			<report>
				<misses>15547001</misses>
				<total>34</total>
				<timestamp>5436.009459</timestamp>
			</report>
			<report>
				<misses>15548001</misses>
				<total>34</total>
				<timestamp>5436.359150</timestamp>
			</report>
			<report>
				<misses>15549001</misses>
				<total>34</total>
				<timestamp>5436.708788</timestamp>
			</report>
			<report>
				<misses>15550001</misses>
				<total>34</total>
				<timestamp>5437.058389</timestamp>
			</report>
			<report>
				<misses>15551001</misses>
				<total>34</total>
				<timestamp>5437.408033</timestamp>
			</report>
			<report>
				<misses>15552001</misses>
				<total>34</total>
				<timestamp>5437.757687</timestamp>
			</report>
			<report>
				<misses>15553001</misses>
				<total>34</total>
				<timestamp>5438.107333</timestamp>
			</report>
			<report>
				<misses>15554001</misses>
				<total>34</total>
				<timestamp>5438.456981</timestamp>
			</report>
			<report>
				<misses>15555001</misses>
				<total>34</total>
				<timestamp>5438.806624</timestamp>
			</report>
			<report>
				<misses>15556001</misses>
				<total>34</total>
				<timestamp>5439.156291</timestamp>
			</report>
			<report>
				<misses>15557001</misses>
				<total>34</total>
				<timestamp>5439.505937</timestamp>
			</report>
			<report>
				<misses>15558001</misses>
				<total>34</total>
				<timestamp>5439.855632</timestamp>
			</report>
			<report>
				<misses>15559001</misses>
				<total>34</total>
				<timestamp>5440.205255</timestamp>
			</report>
			<report>
				<misses>15560001</misses>
				<total>34</total>
				<timestamp>5440.554923</timestamp>
			</report>
			<report>
				<misses>15561001</misses>
				<total>34</total>
				<timestamp>5440.904535</timestamp>
			</report>
			<report>
				<misses>15562001</misses>
				<total>34</total>
				<timestamp>5441.254194</timestamp>
			</report>
			<report>
				<misses>15563001</misses>
				<total>34</total>
				<timestamp>5441.603839</timestamp>
			</report>
			<report>
				<misses>15564001</misses>
				<total>34</total>
				<timestamp>5441.953523</timestamp>
			</report>
			<report>
				<misses>15565001</misses>
				<total>34</total>
				<timestamp>5442.303136</timestamp>
			</report>
			<report>
				<misses>15566001</misses>
				<total>34</total>
				<timestamp>5442.652815</timestamp>
			</report>
			<report>
				<misses>15567001</misses>
				<total>34</total>
				<timestamp>5443.002427</timestamp>
			</report>
			<report>
				<misses>15568001</misses>
				<total>34</total>
				<timestamp>5443.352096</timestamp>
			</report>
			<report>
				<misses>15569001</misses>
				<total>34</total>
				<timestamp>5443.701750</timestamp>
			</report>
			<report>
				<misses>15570001</misses>
				<total>34</total>
				<timestamp>5444.051408</timestamp>
			</report>
			<report>
				<misses>15571001</misses>
				<total>34</total>
				<timestamp>5444.401034</timestamp>
			</report>
			<report>
				<misses>15572001</misses>
				<total>34</total>
				<timestamp>5444.750724</timestamp>
			</report>
			<report>
				<misses>15573001</misses>
				<total>34</total>
				<timestamp>5445.100329</timestamp>
			</report>
			<report>
				<misses>15574001</misses>
				<total>34</total>
				<timestamp>5445.449996</timestamp>
			</report>
			<report>
				<misses>15575001</misses>
				<total>34</total>
				<timestamp>5445.799632</timestamp>
			</report>
			<report>
				<misses>15576001</misses>
				<total>34</total>
				<timestamp>5446.149294</timestamp>
			</report>
			<report>
				<misses>15577001</misses>
				<total>34</total>
				<timestamp>5446.498963</timestamp>
			</report>
			<report>
				<misses>15578001</misses>
				<total>34</total>
				<timestamp>5446.848585</timestamp>
			</report>
			<report>
				<misses>15579001</misses>
				<total>34</total>
				<timestamp>5447.198215</timestamp>
			</report>
			<report>
				<misses>15580001</misses>
				<total>34</total>
				<timestamp>5447.547904</timestamp>
			</report>
			<report>
				<misses>15581001</misses>
				<total>34</total>
				<timestamp>5447.897520</timestamp>
			</report>
			<report>
				<misses>15582001</misses>
				<total>34</total>
				<timestamp>5448.247194</timestamp>
			</report>
			<report>
				<misses>15583001</misses>
				<total>34</total>
				<timestamp>5448.596880</timestamp>
			</report>
			<report>
				<misses>15584001</misses>
				<total>34</total>
				<timestamp>5448.946487</timestamp>
			</report>
			<report>
				<misses>15585001</misses>
				<total>34</total>
				<timestamp>5449.296163</timestamp>
			</report>
			<report>
				<misses>15586001</misses>
				<total>34</total>
				<timestamp>5449.645829</timestamp>
			</report>
			<report>
				<misses>15587001</misses>
				<total>34</total>
				<timestamp>5449.995460</timestamp>
			</report>
			<report>
				<misses>15588001</misses>
				<total>34</total>
				<timestamp>5450.345081</timestamp>
			</report>
			<report>
				<misses>15589001</misses>
				<total>34</total>
				<timestamp>5450.694810</timestamp>
			</report>
			<report>
				<misses>15590001</misses>
				<total>34</total>
				<timestamp>5451.044373</timestamp>
			</report>
			<report>
				<misses>15591001</misses>
				<total>34</total>
				<timestamp>5451.394019</timestamp>
			</report>
			<report>
				<misses>15592001</misses>
				<total>34</total>
				<timestamp>5451.743712</timestamp>
			</report>
			<report>
				<misses>15593001</misses>
				<total>34</total>
				<timestamp>5452.093344</timestamp>
			</report>
			<report>
				<misses>15594001</misses>
				<total>34</total>
				<timestamp>5452.442999</timestamp>
			</report>
			<report>
				<misses>15595001</misses>
				<total>34</total>
				<timestamp>5452.792635</timestamp>
			</report>
			<report>
				<misses>15596001</misses>
				<total>34</total>
				<timestamp>5453.142325</timestamp>
			</report>
			<report>
				<misses>15597001</misses>
				<total>34</total>
				<timestamp>5453.491929</timestamp>
			</report>
			<report>
				<misses>15598001</misses>
				<total>34</total>
				<timestamp>5453.841592</timestamp>
			</report>
			<report>
				<misses>15599001</misses>
				<total>34</total>
				<timestamp>5454.191227</timestamp>
			</report>
			<report>
				<misses>15600001</misses>
				<total>34</total>
				<timestamp>5454.540904</timestamp>
			</report>
			<report>
				<misses>15601001</misses>
				<total>34</total>
				<timestamp>5454.890535</timestamp>
			</report>
			<report>
				<misses>15602001</misses>
				<total>34</total>
				<timestamp>5455.240258</timestamp>
			</report>
			<report>
				<misses>15603001</misses>
				<total>34</total>
				<timestamp>5455.589827</timestamp>
			</report>
			<report>
				<misses>15604001</misses>
				<total>34</total>
				<timestamp>5455.939483</timestamp>
			</report>
			<report>
				<misses>15605001</misses>
				<total>34</total>
				<timestamp>5456.289153</timestamp>
			</report>
			<report>
				<misses>15606001</misses>
				<total>34</total>
				<timestamp>5456.638844</timestamp>
			</report>
			<report>
				<misses>15607001</misses>
				<total>34</total>
				<timestamp>5456.988436</timestamp>
			</report>
			<report>
				<misses>15608001</misses>
				<total>34</total>
				<timestamp>5457.338107</timestamp>
			</report>
			<report>
				<misses>15609001</misses>
				<total>34</total>
				<timestamp>5457.687751</timestamp>
			</report>
			<report>
				<misses>15610001</misses>
				<total>34</total>
				<timestamp>5458.037391</timestamp>
			</report>
			<report>
				<misses>15611001</misses>
				<total>34</total>
				<timestamp>5458.387031</timestamp>
			</report>
			<report>
				<misses>15612001</misses>
				<total>34</total>
				<timestamp>5458.736719</timestamp>
			</report>
			<report>
				<misses>15613001</misses>
				<total>34</total>
				<timestamp>5459.086334</timestamp>
			</report>
			<report>
				<misses>15614001</misses>
				<total>34</total>
				<timestamp>5459.435984</timestamp>
			</report>
			<report>
				<misses>15615001</misses>
				<total>34</total>
				<timestamp>5459.785679</timestamp>
			</report>
			<report>
				<misses>15616001</misses>
				<total>34</total>
				<timestamp>5460.135286</timestamp>
			</report>
			<report>
				<misses>15617001</misses>
				<total>34</total>
				<timestamp>5460.484956</timestamp>
			</report>
			<report>
				<misses>15618001</misses>
				<total>34</total>
				<timestamp>5460.834606</timestamp>
			</report>
			<report>
				<misses>15619001</misses>
				<total>34</total>
				<timestamp>5461.184227</timestamp>
			</report>
			<report>
				<misses>15620001</misses>
				<total>34</total>
				<timestamp>5461.533895</timestamp>
			</report>
			<report>
				<misses>15621001</misses>
				<total>34</total>
				<timestamp>5461.883544</timestamp>
			</report>
			<report>
				<misses>15622001</misses>
				<total>34</total>
				<timestamp>5462.233211</timestamp>
			</report>
			<report>
				<misses>15623001</misses>
				<total>34</total>
				<timestamp>5462.582845</timestamp>
			</report>
			<report>
				<misses>15624001</misses>
				<total>34</total>
				<timestamp>5462.932496</timestamp>
			</report>
			<report>
				<misses>15625001</misses>
				<total>34</total>
				<timestamp>5463.282145</timestamp>
			</report>
			<report>
				<misses>15626001</misses>
				<total>34</total>
				<timestamp>5463.631779</timestamp>
			</report>
			<report>
				<misses>15627001</misses>
				<total>34</total>
				<timestamp>5463.981444</timestamp>
			</report>
			<report>
				<misses>15628001</misses>
				<total>34</total>
				<timestamp>5464.331123</timestamp>
			</report>
			<report>
				<misses>15629001</misses>
				<total>34</total>
				<timestamp>5464.680753</timestamp>
			</report>
			<report>
				<misses>15630001</misses>
				<total>34</total>
				<timestamp>5465.030401</timestamp>
			</report>
			<report>
				<misses>15631001</misses>
				<total>34</total>
				<timestamp>5465.380035</timestamp>
			</report>
			<report>
				<misses>15632001</misses>
				<total>34</total>
				<timestamp>5465.729689</timestamp>
			</report>
			<report>
				<misses>15633001</misses>
				<total>34</total>
				<timestamp>5466.079384</timestamp>
			</report>
			<report>
				<misses>15634001</misses>
				<total>34</total>
				<timestamp>5466.428993</timestamp>
			</report>
			<report>
				<misses>15635001</misses>
				<total>34</total>
				<timestamp>5466.778628</timestamp>
			</report>
			<report>
				<misses>15636001</misses>
				<total>34</total>
				<timestamp>5467.128275</timestamp>
			</report>
			<report>
				<misses>15637001</misses>
				<total>34</total>
				<timestamp>5467.477935</timestamp>
			</report>
			<report>
				<misses>15638001</misses>
				<total>34</total>
				<timestamp>5467.827611</timestamp>
			</report>
			<report>
				<misses>15639001</misses>
				<total>34</total>
				<timestamp>5468.177243</timestamp>
			</report>
			<report>
				<misses>15640001</misses>
				<total>34</total>
				<timestamp>5468.526874</timestamp>
			</report>
			<report>
				<misses>15641001</misses>
				<total>34</total>
				<timestamp>5468.876548</timestamp>
			</report>
			<report>
				<misses>15642001</misses>
				<total>34</total>
				<timestamp>5469.226176</timestamp>
			</report>
			<report>
				<misses>15643001</misses>
				<total>34</total>
				<timestamp>5469.575824</timestamp>
			</report>
			<report>
				<misses>15644001</misses>
				<total>34</total>
				<timestamp>5469.925491</timestamp>
			</report>
			<report>
				<misses>15645001</misses>
				<total>34</total>
				<timestamp>5470.275134</timestamp>
			</report>
			<report>
				<misses>15646001</misses>
				<total>34</total>
				<timestamp>5470.624824</timestamp>
			</report>
			<report>
				<misses>15647001</misses>
				<total>34</total>
				<timestamp>5470.974422</timestamp>
			</report>
			<report>
				<misses>15648001</misses>
				<total>34</total>
				<timestamp>5471.324093</timestamp>
			</report>
			<report>
				<misses>15649001</misses>
				<total>34</total>
				<timestamp>5471.673751</timestamp>
			</report>
			<report>
				<misses>15650001</misses>
				<total>34</total>
				<timestamp>5472.023378</timestamp>
			</report>
			<report>
				<misses>15651001</misses>
				<total>34</total>
				<timestamp>5472.373065</timestamp>
			</report>
			<report>
				<misses>15652001</misses>
				<total>34</total>
				<timestamp>5472.722745</timestamp>
			</report>
			<report>
				<misses>15653001</misses>
				<total>34</total>
				<timestamp>5473.072335</timestamp>
			</report>
			<report>
				<misses>15654001</misses>
				<total>34</total>
				<timestamp>5473.421985</timestamp>
			</report>
			<report>
				<misses>15655001</misses>
				<total>34</total>
				<timestamp>5473.771658</timestamp>
			</report>
			<report>
				<misses>15656001</misses>
				<total>34</total>
				<timestamp>5474.121292</timestamp>
			</report>
			<report>
				<misses>15657001</misses>
				<total>34</total>
				<timestamp>5474.470928</timestamp>
			</report>
			<report>
				<misses>15658001</misses>
				<total>34</total>
				<timestamp>5474.820649</timestamp>
			</report>
			<report>
				<misses>15659001</misses>
				<total>34</total>
				<timestamp>5475.170237</timestamp>
			</report>
			<report>
				<misses>15660001</misses>
				<total>34</total>
				<timestamp>5475.519906</timestamp>
			</report>
			<report>
				<misses>15661001</misses>
				<total>34</total>
				<timestamp>5475.869574</timestamp>
			</report>
			<report>
				<misses>15662001</misses>
				<total>34</total>
				<timestamp>5476.219201</timestamp>
			</report>
			<report>
				<misses>15663001</misses>
				<total>34</total>
				<timestamp>5476.568841</timestamp>
			</report>
			<report>
				<misses>15664001</misses>
				<total>34</total>
				<timestamp>5476.918500</timestamp>
			</report>
			<report>
				<misses>15665001</misses>
				<total>34</total>
				<timestamp>5477.268145</timestamp>
			</report>
			<report>
				<misses>15666001</misses>
				<total>34</total>
				<timestamp>5477.617778</timestamp>
			</report>
			<report>
				<misses>15667001</misses>
				<total>34</total>
				<timestamp>5477.967482</timestamp>
			</report>
			<report>
				<misses>15668001</misses>
				<total>34</total>
				<timestamp>5478.317093</timestamp>
			</report>
			<report>
				<misses>15669001</misses>
				<total>34</total>
				<timestamp>5478.666784</timestamp>
			</report>
			<report>
				<misses>15670001</misses>
				<total>34</total>
				<timestamp>5479.016371</timestamp>
			</report>
			<report>
				<misses>15671001</misses>
				<total>34</total>
				<timestamp>5479.366021</timestamp>
			</report>
			<report>
				<misses>15672001</misses>
				<total>34</total>
				<timestamp>5479.715689</timestamp>
			</report>
			<report>
				<misses>15673001</misses>
				<total>34</total>
				<timestamp>5480.065346</timestamp>
			</report>
			<report>
				<misses>15674001</misses>
				<total>34</total>
				<timestamp>5480.414988</timestamp>
			</report>
			<report>
				<misses>15675001</misses>
				<total>34</total>
				<timestamp>5480.764667</timestamp>
			</report>
			<report>
				<misses>15676001</misses>
				<total>34</total>
				<timestamp>5481.114299</timestamp>
			</report>
			<report>
				<misses>15677001</misses>
				<total>34</total>
				<timestamp>5481.463937</timestamp>
			</report>
			<report>
				<misses>15678001</misses>
				<total>34</total>
				<timestamp>5481.813584</timestamp>
			</report>
			<report>
				<misses>15679001</misses>
				<total>34</total>
				<timestamp>5482.163237</timestamp>
			</report>
			<report>
				<misses>15680001</misses>
				<total>34</total>
				<timestamp>5482.512898</timestamp>
			</report>
			<report>
				<misses>15681001</misses>
				<total>34</total>
				<timestamp>5482.862535</timestamp>
			</report>
			<report>
				<misses>15682001</misses>
				<total>34</total>
				<timestamp>5483.212200</timestamp>
			</report>
			<report>
				<misses>15683001</misses>
				<total>34</total>
				<timestamp>5483.561819</timestamp>
			</report>
			<report>
				<misses>15684001</misses>
				<total>34</total>
				<timestamp>5483.911528</timestamp>
			</report>
			<report>
				<misses>15685001</misses>
				<total>34</total>
				<timestamp>5484.261145</timestamp>
			</report>
			<report>
				<misses>15686001</misses>
				<total>34</total>
				<timestamp>5484.610799</timestamp>
			</report>
			<report>
				<misses>15687001</misses>
				<total>34</total>
				<timestamp>5484.960474</timestamp>
			</report>
			<report>
				<misses>15688001</misses>
				<total>34</total>
				<timestamp>5485.310124</timestamp>
			</report>
			<report>
				<misses>15689001</misses>
				<total>34</total>
				<timestamp>5485.659732</timestamp>
			</report>
			<report>
				<misses>15690001</misses>
				<total>34</total>
				<timestamp>5486.009387</timestamp>
			</report>
			<report>
				<misses>15691001</misses>
				<total>34</total>
				<timestamp>5486.359038</timestamp>
			</report>
			<report>
				<misses>15692001</misses>
				<total>33</total>
				<timestamp>5486.708717</timestamp>
			</report>
			<report>
				<misses>15693001</misses>
				<total>34</total>
				<timestamp>5487.058334</timestamp>
			</report>
			<report>
				<misses>15694001</misses>
				<total>34</total>
				<timestamp>5487.407987</timestamp>
			</report>
			<report>
				<misses>15695001</misses>
				<total>34</total>
				<timestamp>5487.757630</timestamp>
			</report>
			<report>
				<misses>15696001</misses>
				<total>34</total>
				<timestamp>5488.107274</timestamp>
			</report>
			<report>
				<misses>15697001</misses>
				<total>34</total>
				<timestamp>5488.456944</timestamp>
			</report>
			<report>
				<misses>15698001</misses>
				<total>34</total>
				<timestamp>5488.806632</timestamp>
			</report>
			<report>
				<misses>15699001</misses>
				<total>34</total>
				<timestamp>5489.156236</timestamp>
			</report>
			<report>
				<misses>15700001</misses>
				<total>34</total>
				<timestamp>5489.505903</timestamp>
			</report>
			<report>
				<misses>15701001</misses>
				<total>34</total>
				<timestamp>5489.855569</timestamp>
			</report>
			<report>
				<misses>15702001</misses>
				<total>34</total>
				<timestamp>5490.205191</timestamp>
			</report>
			<report>
				<misses>15703001</misses>
				<total>34</total>
				<timestamp>5490.554873</timestamp>
			</report>
			<report>
				<misses>15704001</misses>
				<total>34</total>
				<timestamp>5490.904516</timestamp>
			</report>
			<report>
				<misses>15705001</misses>
				<total>34</total>
				<timestamp>5491.254142</timestamp>
			</report>
			<report>
				<misses>15706001</misses>
				<total>34</total>
				<timestamp>5491.603804</timestamp>
			</report>
			<report>
				<misses>15707001</misses>
				<total>34</total>
				<timestamp>5491.953444</timestamp>
			</report>
			<report>
				<misses>15708001</misses>
				<total>34</total>
				<timestamp>5492.303115</timestamp>
			</report>
			<report>
				<misses>15709001</misses>
				<total>34</total>
				<timestamp>5492.652743</timestamp>
			</report>
			<report>
				<misses>15710001</misses>
				<total>34</total>
				<timestamp>5493.002404</timestamp>
			</report>
			<report>
				<misses>15711001</misses>
				<total>34</total>
				<timestamp>5493.352031</timestamp>
			</report>
			<report>
				<misses>15712001</misses>
				<total>34</total>
				<timestamp>5493.701672</timestamp>
			</report>
			<report>
				<misses>15713001</misses>
				<total>34</total>
				<timestamp>5494.051343</timestamp>
			</report>
			<report>
				<misses>15714001</misses>
				<total>34</total>
				<timestamp>5494.400988</timestamp>
			</report>
			<report>
				<misses>15715001</misses>
				<total>34</total>
				<timestamp>5494.750626</timestamp>
			</report>
			<report>
				<misses>15716001</misses>
				<total>34</total>
				<timestamp>5495.100278</timestamp>
			</report>
			<report>
				<misses>15717001</misses>
				<total>34</total>
				<timestamp>5495.449943</timestamp>
			</report>
			<report>
				<misses>15718001</misses>
				<total>34</total>
				<timestamp>5495.799608</timestamp>
			</report>
			<report>
				<misses>15719001</misses>
				<total>34</total>
				<timestamp>5496.149284</timestamp>
			</report>
			<report>
				<misses>15720001</misses>
				<total>34</total>
				<timestamp>5496.498881</timestamp>
			</report>
			<report>
				<misses>15721001</misses>
				<total>34</total>
				<timestamp>5496.848599</timestamp>
			</report>
			<report>
				<misses>15722001</misses>
				<total>34</total>
				<timestamp>5497.198179</timestamp>
			</report>
			<report>
				<misses>15723001</misses>
				<total>34</total>
				<timestamp>5497.547830</timestamp>
			</report>
			<report>
				<misses>15724001</misses>
				<total>34</total>
				<timestamp>5497.897582</timestamp>
			</report>
			<report>
				<misses>15725001</misses>
				<total>34</total>
				<timestamp>5498.247156</timestamp>
			</report>
			<report>
				<misses>15726001</misses>
				<total>34</total>
				<timestamp>5498.596787</timestamp>
			</report>
			<report>
				<misses>15727001</misses>
				<total>34</total>
				<timestamp>5498.946468</timestamp>
			</report>
			<report>
				<misses>15728001</misses>
				<total>34</total>
				<timestamp>5499.296096</timestamp>
			</report>
			<report>
				<misses>15729001</misses>
				<total>34</total>
				<timestamp>5499.645729</timestamp>
			</report>
			<report>
				<misses>15730001</misses>
				<total>34</total>
				<timestamp>5499.995414</timestamp>
			</report>
			<report>
				<misses>15731001</misses>
				<total>34</total>
				<timestamp>5500.345034</timestamp>
			</report>
			<report>
				<misses>15732001</misses>
				<total>34</total>
				<timestamp>5500.694713</timestamp>
			</report>
			<report>
				<misses>15733001</misses>
				<total>34</total>
				<timestamp>5501.044348</timestamp>
			</report>
			<report>
				<misses>15734001</misses>
				<total>34</total>
				<timestamp>5501.393979</timestamp>
			</report>
			<report>
				<misses>15735001</misses>
				<total>34</total>
				<timestamp>5501.743693</timestamp>
			</report>
			<report>
				<misses>15736001</misses>
				<total>34</total>
				<timestamp>5502.093280</timestamp>
			</report>
			<report>
				<misses>15737001</misses>
				<total>34</total>
				<timestamp>5502.442946</timestamp>
			</report>
			<report>
				<misses>15738001</misses>
				<total>34</total>
				<timestamp>5502.792588</timestamp>
			</report>
			<report>
				<misses>15739001</misses>
				<total>34</total>
				<timestamp>5503.142235</timestamp>
			</report>
			<report>
				<misses>15740001</misses>
				<total>34</total>
				<timestamp>5503.491886</timestamp>
			</report>
			<report>
				<misses>15741001</misses>
				<total>34</total>
				<timestamp>5503.841541</timestamp>
			</report>
			<report>
				<misses>15742001</misses>
				<total>34</total>
				<timestamp>5504.191179</timestamp>
			</report>
			<report>
				<misses>15743001</misses>
				<total>34</total>
				<timestamp>5504.540883</timestamp>
			</report>
			<report>
				<misses>15744001</misses>
				<total>34</total>
				<timestamp>5504.890516</timestamp>
			</report>
			<report>
				<misses>15745001</misses>
				<total>34</total>
				<timestamp>5505.240144</timestamp>
			</report>
			<report>
				<misses>15746001</misses>
				<total>34</total>
				<timestamp>5505.589803</timestamp>
			</report>
			<report>
				<misses>15747001</misses>
				<total>34</total>
				<timestamp>5505.939467</timestamp>
			</report>
			<report>
				<misses>15748001</misses>
				<total>34</total>
				<timestamp>5506.289117</timestamp>
			</report>
			<report>
				<misses>15749001</misses>
				<total>34</total>
				<timestamp>5506.638735</timestamp>
			</report>
			<report>
				<misses>15750001</misses>
				<total>34</total>
				<timestamp>5506.988387</timestamp>
			</report>
			<report>
				<misses>15751001</misses>
				<total>34</total>
				<timestamp>5507.338035</timestamp>
			</report>
			<report>
				<misses>15752001</misses>
				<total>34</total>
				<timestamp>5507.687706</timestamp>
			</report>
			<report>
				<misses>15753001</misses>
				<total>34</total>
				<timestamp>5508.037367</timestamp>
			</report>
			<report>
				<misses>15754001</misses>
				<total>34</total>
				<timestamp>5508.386977</timestamp>
			</report>
			<report>
				<misses>15755001</misses>
				<total>34</total>
				<timestamp>5508.736641</timestamp>
			</report>
			<report>
				<misses>15756001</misses>
				<total>34</total>
				<timestamp>5509.086354</timestamp>
			</report>
			<report>
				<misses>15757001</misses>
				<total>34</total>
				<timestamp>5509.435930</timestamp>
			</report>
			<report>
				<misses>15758001</misses>
				<total>34</total>
				<timestamp>5509.785603</timestamp>
			</report>
			<report>
				<misses>15759001</misses>
				<total>34</total>
				<timestamp>5510.135218</timestamp>
			</report>
			<report>
				<misses>15760001</misses>
				<total>34</total>
				<timestamp>5510.484878</timestamp>
			</report>
			<report>
				<misses>15761001</misses>
				<total>34</total>
				<timestamp>5510.834569</timestamp>
			</report>
			<report>
				<misses>15762001</misses>
				<total>34</total>
				<timestamp>5511.184168</timestamp>
			</report>
			<report>
				<misses>15763001</misses>
				<total>34</total>
				<timestamp>5511.533829</timestamp>
			</report>
			<report>
				<misses>15764001</misses>
				<total>34</total>
				<timestamp>5511.883500</timestamp>
			</report>
			<report>
				<misses>15765001</misses>
				<total>34</total>
				<timestamp>5512.233133</timestamp>
			</report>
			<report>
				<misses>15766001</misses>
				<total>34</total>
				<timestamp>5512.582788</timestamp>
			</report>
			<report>
				<misses>15767001</misses>
				<total>35</total>
				<timestamp>5512.932533</timestamp>
			</report>
			<report>
				<misses>15768001</misses>
				<total>35</total>
				<timestamp>5513.282076</timestamp>
			</report>
			<report>
				<misses>15769001</misses>
				<total>35</total>
				<timestamp>5513.631745</timestamp>
			</report>
			<report>
				<misses>15770001</misses>
				<total>35</total>
				<timestamp>5513.981387</timestamp>
			</report>
			<report>
				<misses>15771001</misses>
				<total>35</total>
				<timestamp>5514.331043</timestamp>
			</report>
			<report>
				<misses>15772001</misses>
				<total>35</total>
				<timestamp>5514.680698</timestamp>
			</report>
			<report>
				<misses>15773001</misses>
				<total>35</total>
				<timestamp>5515.030349</timestamp>
			</report>
			<report>
				<misses>15774001</misses>
				<total>35</total>
				<timestamp>5515.379992</timestamp>
			</report>
			<report>
				<misses>15775001</misses>
				<total>35</total>
				<timestamp>5515.729632</timestamp>
			</report>
			<report>
				<misses>15776001</misses>
				<total>35</total>
				<timestamp>5516.079307</timestamp>
			</report>
			<report>
				<misses>15777001</misses>
				<total>35</total>
				<timestamp>5516.428933</timestamp>
			</report>
			<report>
				<misses>15778001</misses>
				<total>35</total>
				<timestamp>5516.778584</timestamp>
			</report>
			<report>
				<misses>15779001</misses>
				<total>35</total>
				<timestamp>5517.128232</timestamp>
			</report>
			<report>
				<misses>15780001</misses>
				<total>35</total>
				<timestamp>5517.477924</timestamp>
			</report>
			<report>
				<misses>15781001</misses>
				<total>35</total>
				<timestamp>5517.827550</timestamp>
			</report>
			<report>
				<misses>15782001</misses>
				<total>35</total>
				<timestamp>5518.177207</timestamp>
			</report>
			<report>
				<misses>15783001</misses>
				<total>35</total>
				<timestamp>5518.526851</timestamp>
			</report>
			<report>
				<misses>15784001</misses>
				<total>35</total>
				<timestamp>5518.876494</timestamp>
			</report>
			<report>
				<misses>15785001</misses>
				<total>35</total>
				<timestamp>5519.226123</timestamp>
			</report>
			<report>
				<misses>15786001</misses>
				<total>35</total>
				<timestamp>5519.575780</timestamp>
			</report>
			<report>
				<misses>15787001</misses>
				<total>35</total>
				<timestamp>5519.925448</timestamp>
			</report>
			<report>
				<misses>15788001</misses>
				<total>35</total>
				<timestamp>5520.275082</timestamp>
			</report>
			<report>
				<misses>15789001</misses>
				<total>35</total>
				<timestamp>5520.624740</timestamp>
			</report>
			<report>
				<misses>15790001</misses>
				<total>35</total>
				<timestamp>5520.974418</timestamp>
			</report>
			<report>
				<misses>15791001</misses>
				<total>35</total>
				<timestamp>5521.324049</timestamp>
			</report>
			<report>
				<misses>15792001</misses>
				<total>35</total>
				<timestamp>5521.673676</timestamp>
			</report>
			<report>
				<misses>15793001</misses>
				<total>35</total>
				<timestamp>5522.023368</timestamp>
			</report>
			<report>
				<misses>15794001</misses>
				<total>35</total>
				<timestamp>5522.372988</timestamp>
			</report>
			<report>
				<misses>15795001</misses>
				<total>35</total>
				<timestamp>5522.722637</timestamp>
			</report>
			<report>
				<misses>15796001</misses>
				<total>35</total>
				<timestamp>5523.072283</timestamp>
			</report>
			<report>
				<misses>15797001</misses>
				<total>35</total>
				<timestamp>5523.421952</timestamp>
			</report>
			<report>
				<misses>15798001</misses>
				<total>35</total>
				<timestamp>5523.771579</timestamp>
			</report>
			<report>
				<misses>15799001</misses>
				<total>35</total>
				<timestamp>5524.121313</timestamp>
			</report>
			<report>
				<misses>15800001</misses>
				<total>35</total>
				<timestamp>5524.470893</timestamp>
			</report>
			<report>
				<misses>15801001</misses>
				<total>35</total>
				<timestamp>5524.820537</timestamp>
			</report>
			<report>
				<misses>15802001</misses>
				<total>35</total>
				<timestamp>5525.170206</timestamp>
			</report>
			<report>
				<misses>15803001</misses>
				<total>35</total>
				<timestamp>5525.519834</timestamp>
			</report>
			<report>
				<misses>15804001</misses>
				<total>35</total>
				<timestamp>5525.869493</timestamp>
			</report>
			<report>
				<misses>15805001</misses>
				<total>35</total>
				<timestamp>5526.219145</timestamp>
			</report>
			<report>
				<misses>15806001</misses>
				<total>35</total>
				<timestamp>5526.568789</timestamp>
			</report>
			<report>
				<misses>15807001</misses>
				<total>35</total>
				<timestamp>5526.918426</timestamp>
			</report>
			<report>
				<misses>15808001</misses>
				<total>35</total>
				<timestamp>5527.268080</timestamp>
			</report>
			<report>
				<misses>15809001</misses>
				<total>35</total>
				<timestamp>5527.617757</timestamp>
			</report>
			<report>
				<misses>15810001</misses>
				<total>35</total>
				<timestamp>5527.967409</timestamp>
			</report>
			<report>
				<misses>15811001</misses>
				<total>35</total>
				<timestamp>5528.317077</timestamp>
			</report>
			<report>
				<misses>15812001</misses>
				<total>35</total>
				<timestamp>5528.666706</timestamp>
			</report>
			<report>
				<misses>15813001</misses>
				<total>35</total>
				<timestamp>5529.016365</timestamp>
			</report>
			<report>
				<misses>15814001</misses>
				<total>35</total>
				<timestamp>5529.365986</timestamp>
			</report>
			<report>
				<misses>15815001</misses>
				<total>35</total>
				<timestamp>5529.715616</timestamp>
			</report>
			<report>
				<misses>15816001</misses>
				<total>35</total>
				<timestamp>5530.065339</timestamp>
			</report>
			<report>
				<misses>15817001</misses>
				<total>35</total>
				<timestamp>5530.414937</timestamp>
			</report>
			<report>
				<misses>15818001</misses>
				<total>35</total>
				<timestamp>5530.764609</timestamp>
			</report>
			<report>
				<misses>15819001</misses>
				<total>35</total>
				<timestamp>5531.114254</timestamp>
			</report>
			<report>
				<misses>15820001</misses>
				<total>35</total>
				<timestamp>5531.463881</timestamp>
			</report>
			<report>
				<misses>15821001</misses>
				<total>35</total>
				<timestamp>5531.813529</timestamp>
			</report>
			<report>
				<misses>15822001</misses>
				<total>35</total>
				<timestamp>5532.163182</timestamp>
			</report>
			<report>
				<misses>15823001</misses>
				<total>35</total>
				<timestamp>5532.512835</timestamp>
			</report>
			<report>
				<misses>15824001</misses>
				<total>35</total>
				<timestamp>5532.862516</timestamp>
			</report>
			<report>
				<misses>15825001</misses>
				<total>35</total>
				<timestamp>5533.212133</timestamp>
			</report>
			<report>
				<misses>15826001</misses>
				<total>35</total>
				<timestamp>5533.561791</timestamp>
			</report>
			<report>
				<misses>15827001</misses>
				<total>35</total>
				<timestamp>5533.911425</timestamp>
			</report>
			<report>
				<misses>15828001</misses>
				<total>35</total>
				<timestamp>5534.261105</timestamp>
			</report>
			<report>
				<misses>15829001</misses>
				<total>35</total>
				<timestamp>5534.610736</timestamp>
			</report>
			<report>
				<misses>15830001</misses>
				<total>35</total>
				<timestamp>5534.960399</timestamp>
			</report>
			<report>
				<misses>15831001</misses>
				<total>35</total>
				<timestamp>5535.310026</timestamp>
			</report>
			<report>
				<misses>15832001</misses>
				<total>35</total>
				<timestamp>5535.659685</timestamp>
			</report>
			<report>
				<misses>15833001</misses>
				<total>35</total>
				<timestamp>5536.009338</timestamp>
			</report>
			<report>
				<misses>15834001</misses>
				<total>35</total>
				<timestamp>5536.358981</timestamp>
			</report>
			<report>
				<misses>15835001</misses>
				<total>35</total>
				<timestamp>5536.708646</timestamp>
			</report>
			<report>
				<misses>15836001</misses>
				<total>35</total>
				<timestamp>5537.058317</timestamp>
			</report>
			<report>
				<misses>15837001</misses>
				<total>35</total>
				<timestamp>5537.407937</timestamp>
			</report>
			<report>
				<misses>15838001</misses>
				<total>35</total>
				<timestamp>5537.757582</timestamp>
			</report>
			<report>
				<misses>15839001</misses>
				<total>35</total>
				<timestamp>5538.107277</timestamp>
			</report>
			<report>
				<misses>15840001</misses>
				<total>35</total>
				<timestamp>5538.456900</timestamp>
			</report>
			<report>
				<misses>15841001</misses>
				<total>35</total>
				<timestamp>5538.806575</timestamp>
			</report>
			<report>
				<misses>15842001</misses>
				<total>35</total>
				<timestamp>5539.156184</timestamp>
			</report>
			<report>
				<misses>15843001</misses>
				<total>35</total>
				<timestamp>5539.505846</timestamp>
			</report>
			<report>
				<misses>15844001</misses>
				<total>35</total>
				<timestamp>5539.855487</timestamp>
			</report>
			<report>
				<misses>15845001</misses>
				<total>35</total>
				<timestamp>5540.205186</timestamp>
			</report>
			<report>
				<misses>15846001</misses>
				<total>35</total>
				<timestamp>5540.554782</timestamp>
			</report>
			<report>
				<misses>15847001</misses>
				<total>35</total>
				<timestamp>5540.904468</timestamp>
			</report>
			<report>
				<misses>15848001</misses>
				<total>35</total>
				<timestamp>5541.254140</timestamp>
			</report>
			<report>
				<misses>15849001</misses>
				<total>35</total>
				<timestamp>5541.603778</timestamp>
			</report>
			<report>
				<misses>15850001</misses>
				<total>35</total>
				<timestamp>5541.953388</timestamp>
			</report>
			<report>
				<misses>15851001</misses>
				<total>35</total>
				<timestamp>5542.303043</timestamp>
			</report>
			<report>
				<misses>15852001</misses>
				<total>35</total>
				<timestamp>5542.652683</timestamp>
			</report>
			<report>
				<misses>15853001</misses>
				<total>35</total>
				<timestamp>5543.002340</timestamp>
			</report>
			<report>
				<misses>15854001</misses>
				<total>35</total>
				<timestamp>5543.351991</timestamp>
			</report>
			<report>
				<misses>15855001</misses>
				<total>35</total>
				<timestamp>5543.701636</timestamp>
			</report>
			<report>
				<misses>15856001</misses>
				<total>35</total>
				<timestamp>5544.051319</timestamp>
			</report>
			<report>
				<misses>15857001</misses>
				<total>35</total>
				<timestamp>5544.400931</timestamp>
			</report>
			<report>
				<misses>15858001</misses>
				<total>35</total>
				<timestamp>5544.750573</timestamp>
			</report>
			<report>
				<misses>15859001</misses>
				<total>35</total>
				<timestamp>5545.100264</timestamp>
			</report>
			<report>
				<misses>15860001</misses>
				<total>35</total>
				<timestamp>5545.449887</timestamp>
			</report>
			<report>
				<misses>15861001</misses>
				<total>35</total>
				<timestamp>5545.799558</timestamp>
			</report>
			<report>
				<misses>15862001</misses>
				<total>35</total>
				<timestamp>5546.149195</timestamp>
			</report>
			<report>
				<misses>15863001</misses>
				<total>35</total>
				<timestamp>5546.498892</timestamp>
			</report>
			<report>
				<misses>15864001</misses>
				<total>35</total>
				<timestamp>5546.848517</timestamp>
			</report>
			<report>
				<misses>15865001</misses>
				<total>35</total>
				<timestamp>5547.198233</timestamp>
			</report>
			<report>
				<misses>15866001</misses>
				<total>35</total>
				<timestamp>5547.547785</timestamp>
			</report>
			<report>
				<misses>15867001</misses>
				<total>35</total>
				<timestamp>5547.897485</timestamp>
			</report>
			<report>
				<misses>15868001</misses>
				<total>35</total>
				<timestamp>5548.247114</timestamp>
			</report>
			<report>
				<misses>15869001</misses>
				<total>35</total>
				<timestamp>5548.596724</timestamp>
			</report>
			<report>
				<misses>15870001</misses>
				<total>35</total>
				<timestamp>5548.946411</timestamp>
			</report>
			<report>
				<misses>15871001</misses>
				<total>35</total>
				<timestamp>5549.296066</timestamp>
			</report>
			<report>
				<misses>15872001</misses>
				<total>35</total>
				<timestamp>5549.645685</timestamp>
			</report>
			<report>
				<misses>15873001</misses>
				<total>35</total>
				<timestamp>5549.995325</timestamp>
			</report>
			<report>
				<misses>15874001</misses>
				<total>35</total>
				<timestamp>5550.345005</timestamp>
			</report>
			<report>
				<misses>15875001</misses>
				<total>35</total>
				<timestamp>5550.694639</timestamp>
			</report>
			<report>
				<misses>15876001</misses>
				<total>35</total>
				<timestamp>5551.044301</timestamp>
			</report>
			<report>
				<misses>15877001</misses>
				<total>35</total>
				<timestamp>5551.393931</timestamp>
			</report>
			<report>
				<misses>15878001</misses>
				<total>35</total>
				<timestamp>5551.743569</timestamp>
			</report>
			<report>
				<misses>15879001</misses>
				<total>35</total>
				<timestamp>5552.093281</timestamp>
			</report>
			<report>
				<misses>15880001</misses>
				<total>35</total>
				<timestamp>5552.442893</timestamp>
			</report>
			<report>
				<misses>15881001</misses>
				<total>35</total>
				<timestamp>5552.792540</timestamp>
			</report>
			<report>
				<misses>15882001</misses>
				<total>35</total>
				<timestamp>5553.142265</timestamp>
			</report>
			<report>
				<misses>15883001</misses>
				<total>35</total>
				<timestamp>5553.491826</timestamp>
			</report>
			<report>
				<misses>15884001</misses>
				<total>35</total>
				<timestamp>5553.841493</timestamp>
			</report>
			<report>
				<misses>15885001</misses>
				<total>35</total>
				<timestamp>5554.191140</timestamp>
			</report>
			<report>
				<misses>15886001</misses>
				<total>35</total>
				<timestamp>5554.540787</timestamp>
			</report>
			<report>
				<misses>15887001</misses>
				<total>35</total>
				<timestamp>5554.890426</timestamp>
			</report>
			<report>
				<misses>15888001</misses>
				<total>35</total>
				<timestamp>5555.240102</timestamp>
			</report>
			<report>
				<misses>15889001</misses>
				<total>35</total>
				<timestamp>5555.589727</timestamp>
			</report>
			<report>
				<misses>15890001</misses>
				<total>35</total>
				<timestamp>5555.939385</timestamp>
			</report>
			<report>
				<misses>15891001</misses>
				<total>35</total>
				<timestamp>5556.289084</timestamp>
			</report>
			<report>
				<misses>15892001</misses>
				<total>35</total>
				<timestamp>5556.638686</timestamp>
			</report>
			<report>
				<misses>15893001</misses>
				<total>35</total>
				<timestamp>5556.988335</timestamp>
			</report>
			<report>
				<misses>15894001</misses>
				<total>35</total>
				<timestamp>5557.337992</timestamp>
			</report>
			<report>
				<misses>15895001</misses>
				<total>35</total>
				<timestamp>5557.687621</timestamp>
			</report>
			<report>
				<misses>15896001</misses>
				<total>35</total>
				<timestamp>5558.037326</timestamp>
			</report>
			<report>
				<misses>15897001</misses>
				<total>35</total>
				<timestamp>5558.386930</timestamp>
			</report>
			<report>
				<misses>15898001</misses>
				<total>35</total>
				<timestamp>5558.736581</timestamp>
			</report>
			<report>
				<misses>15899001</misses>
				<total>35</total>
				<timestamp>5559.086254</timestamp>
			</report>
			<report>
				<misses>15900001</misses>
				<total>35</total>
				<timestamp>5559.435900</timestamp>
			</report>
			<report>
				<misses>15901001</misses>
				<total>35</total>
				<timestamp>5559.785559</timestamp>
			</report>
			<report>
				<misses>15902001</misses>
				<total>35</total>
				<timestamp>5560.135235</timestamp>
			</report>
			<report>
				<misses>15903001</misses>
				<total>35</total>
				<timestamp>5560.484845</timestamp>
			</report>
			<report>
				<misses>15904001</misses>
				<total>35</total>
				<timestamp>5560.834492</timestamp>
			</report>
			<report>
				<misses>15905001</misses>
				<total>35</total>
				<timestamp>5561.184162</timestamp>
			</report>
			<report>
				<misses>15906001</misses>
				<total>35</total>
				<timestamp>5561.533780</timestamp>
			</report>
			<report>
				<misses>15907001</misses>
				<total>35</total>
				<timestamp>5561.883429</timestamp>
			</report>
			<report>
				<misses>15908001</misses>
				<total>35</total>
				<timestamp>5562.233146</timestamp>
			</report>
			<report>
				<misses>15909001</misses>
				<total>35</total>
				<timestamp>5562.582727</timestamp>
			</report>
			<report>
				<misses>15910001</misses>
				<total>35</total>
				<timestamp>5562.932383</timestamp>
			</report>
			<report>
				<misses>15911001</misses>
				<total>35</total>
				<timestamp>5563.282073</timestamp>
			</report>
			<report>
				<misses>15912001</misses>
				<total>35</total>
				<timestamp>5563.631697</timestamp>
			</report>
			<report>
				<misses>15913001</misses>
				<total>35</total>
				<timestamp>5563.981383</timestamp>
			</report>
			<report>
				<misses>15914001</misses>
				<total>35</total>
				<timestamp>5564.331041</timestamp>
			</report>
			<report>
				<misses>15915001</misses>
				<total>35</total>
				<timestamp>5564.680646</timestamp>
			</report>
			<report>
				<misses>15916001</misses>
				<total>35</total>
				<timestamp>5565.030295</timestamp>
			</report>
			<report>
				<misses>15917001</misses>
				<total>35</total>
				<timestamp>5565.379950</timestamp>
			</report>
			<report>
				<misses>15918001</misses>
				<total>35</total>
				<timestamp>5565.729585</timestamp>
			</report>
			<report>
				<misses>15919001</misses>
				<total>35</total>
				<timestamp>5566.079260</timestamp>
			</report>
			<report>
				<misses>15920001</misses>
				<total>35</total>
				<timestamp>5566.428887</timestamp>
			</report>
			<report>
				<misses>15921001</misses>
				<total>35</total>
				<timestamp>5566.778528</timestamp>
			</report>
			<report>
				<misses>15922001</misses>
				<total>35</total>
				<timestamp>5567.128226</timestamp>
			</report>
			<report>
				<misses>15923001</misses>
				<total>35</total>
				<timestamp>5567.477846</timestamp>
			</report>
			<report>
				<misses>15924001</misses>
				<total>35</total>
				<timestamp>5567.827491</timestamp>
			</report>
			<report>
				<misses>15925001</misses>
				<total>35</total>
				<timestamp>5568.177145</timestamp>
			</report>
			<report>
				<misses>15926001</misses>
				<total>35</total>
				<timestamp>5568.526795</timestamp>
			</report>
			<report>
				<misses>15927001</misses>
				<total>35</total>
				<timestamp>5568.876456</timestamp>
			</report>
			<report>
				<misses>15928001</misses>
				<total>35</total>
				<timestamp>5569.226137</timestamp>
			</report>
			<report>
				<misses>15929001</misses>
				<total>35</total>
				<timestamp>5569.575728</timestamp>
			</report>
			<report>
				<misses>15930001</misses>
				<total>35</total>
				<timestamp>5569.925402</timestamp>
			</report>
			<report>
				<misses>15931001</misses>
				<total>35</total>
				<timestamp>5570.275042</timestamp>
			</report>
			<report>
				<misses>15932001</misses>
				<total>35</total>
				<timestamp>5570.624743</timestamp>
			</report>
			<report>
				<misses>15933001</misses>
				<total>35</total>
				<timestamp>5570.974372</timestamp>
			</report>
			<report>
				<misses>15934001</misses>
				<total>35</total>
				<timestamp>5571.323977</timestamp>
			</report>
			<report>
				<misses>15935001</misses>
				<total>35</total>
				<timestamp>5571.673665</timestamp>
			</report>
			<report>
				<misses>15936001</misses>
				<total>35</total>
				<timestamp>5572.023298</timestamp>
			</report>
			<report>
				<misses>15937001</misses>
				<total>35</total>
				<timestamp>5572.372956</timestamp>
			</report>
			<report>
				<misses>15938001</misses>
				<total>35</total>
				<timestamp>5572.722594</timestamp>
			</report>
			<report>
				<misses>15939001</misses>
				<total>35</total>
				<timestamp>5573.072220</timestamp>
			</report>
			<report>
				<misses>15940001</misses>
				<total>35</total>
				<timestamp>5573.421920</timestamp>
			</report>
			<report>
				<misses>15941001</misses>
				<total>35</total>
				<timestamp>5573.771559</timestamp>
			</report>
			<report>
				<misses>15942001</misses>
				<total>35</total>
				<timestamp>5574.121209</timestamp>
			</report>
			<report>
				<misses>15943001</misses>
				<total>35</total>
				<timestamp>5574.470856</timestamp>
			</report>
			<report>
				<misses>15944001</misses>
				<total>35</total>
				<timestamp>5574.820487</timestamp>
			</report>
			<report>
				<misses>15945001</misses>
				<total>35</total>
				<timestamp>5575.170146</timestamp>
			</report>
			<report>
				<misses>15946001</misses>
				<total>35</total>
				<timestamp>5575.519789</timestamp>
			</report>
			<report>
				<misses>15947001</misses>
				<total>35</total>
				<timestamp>5575.869442</timestamp>
			</report>
			<report>
				<misses>15948001</misses>
				<total>35</total>
				<timestamp>5576.219115</timestamp>
			</report>
			<report>
				<misses>15949001</misses>
				<total>35</total>
				<timestamp>5576.568744</timestamp>
			</report>
			<report>
				<misses>15950001</misses>
				<total>35</total>
				<timestamp>5576.918395</timestamp>
			</report>
			<report>
				<misses>15951001</misses>
				<total>35</total>
				<timestamp>5577.268098</timestamp>
			</report>
			<report>
				<misses>15952001</misses>
				<total>35</total>
				<timestamp>5577.617690</timestamp>
			</report>
			<report>
				<misses>15953001</misses>
				<total>35</total>
				<timestamp>5577.967346</timestamp>
			</report>
			<report>
				<misses>15954001</misses>
				<total>35</total>
				<timestamp>5578.317006</timestamp>
			</report>
			<report>
				<misses>15955001</misses>
				<total>35</total>
				<timestamp>5578.666645</timestamp>
			</report>
			<report>
				<misses>15956001</misses>
				<total>35</total>
				<timestamp>5579.016297</timestamp>
			</report>
			<report>
				<misses>15957001</misses>
				<total>35</total>
				<timestamp>5579.366015</timestamp>
			</report>
			<report>
				<misses>15958001</misses>
				<total>35</total>
				<timestamp>5579.715578</timestamp>
			</report>
			<report>
				<misses>15959001</misses>
				<total>35</total>
				<timestamp>5580.065256</timestamp>
			</report>
			<report>
				<misses>15960001</misses>
				<total>35</total>
				<timestamp>5580.414922</timestamp>
			</report>
			<report>
				<misses>15961001</misses>
				<total>35</total>
				<timestamp>5580.764585</timestamp>
			</report>
			<report>
				<misses>15962001</misses>
				<total>35</total>
				<timestamp>5581.114184</timestamp>
			</report>
			<report>
				<misses>15963001</misses>
				<total>35</total>
				<timestamp>5581.463846</timestamp>
			</report>
			<report>
				<misses>15964001</misses>
				<total>35</total>
				<timestamp>5581.813535</timestamp>
			</report>
			<report>
				<misses>15965001</misses>
				<total>35</total>
				<timestamp>5582.163188</timestamp>
			</report>
			<report>
				<misses>15966001</misses>
				<total>35</total>
				<timestamp>5582.512785</timestamp>
			</report>
			<report>
				<misses>15967001</misses>
				<total>35</total>
				<timestamp>5582.862457</timestamp>
			</report>
			<report>
				<misses>15968001</misses>
				<total>35</total>
				<timestamp>5583.212094</timestamp>
			</report>
			<report>
				<misses>15969001</misses>
				<total>35</total>
				<timestamp>5583.561741</timestamp>
			</report>
			<report>
				<misses>15970001</misses>
				<total>35</total>
				<timestamp>5583.911416</timestamp>
			</report>
			<report>
				<misses>15971001</misses>
				<total>35</total>
				<timestamp>5584.261057</timestamp>
			</report>
			<report>
				<misses>15972001</misses>
				<total>35</total>
				<timestamp>5584.610679</timestamp>
			</report>
			<report>
				<misses>15973001</misses>
				<total>35</total>
				<timestamp>5584.960338</timestamp>
			</report>
			<report>
				<misses>15974001</misses>
				<total>35</total>
				<timestamp>5585.309983</timestamp>
			</report>
			<report>
				<misses>15975001</misses>
				<total>35</total>
				<timestamp>5585.659644</timestamp>
			</report>
			<report>
				<misses>15976001</misses>
				<total>35</total>
				<timestamp>5586.009288</timestamp>
			</report>
			<report>
				<misses>15977001</misses>
				<total>35</total>
				<timestamp>5586.358936</timestamp>
			</report>
			<report>
				<misses>15978001</misses>
				<total>35</total>
				<timestamp>5586.708620</timestamp>
			</report>
			<report>
				<misses>15979001</misses>
				<total>35</total>
				<timestamp>5587.058227</timestamp>
			</report>
			<report>
				<misses>15980001</misses>
				<total>35</total>
				<timestamp>5587.407929</timestamp>
			</report>
			<report>
				<misses>15981001</misses>
				<total>35</total>
				<timestamp>5587.757559</timestamp>
			</report>
			<report>
				<misses>15982001</misses>
				<total>35</total>
				<timestamp>5588.107234</timestamp>
			</report>
			<report>
				<misses>15983001</misses>
				<total>35</total>
				<timestamp>5588.456846</timestamp>
			</report>
			<report>
				<misses>15984001</misses>
				<total>35</total>
				<timestamp>5588.806491</timestamp>
			</report>
			<report>
				<misses>15985001</misses>
				<total>35</total>
				<timestamp>5589.156194</timestamp>
			</report>
			<report>
				<misses>15986001</misses>
				<total>35</total>
				<timestamp>5589.505816</timestamp>
			</report>
			<report>
				<misses>15987001</misses>
				<total>35</total>
				<timestamp>5589.855416</timestamp>
			</report>
			<report>
				<misses>15988001</misses>
				<total>35</total>
				<timestamp>5590.205129</timestamp>
			</report>
			<report>
				<misses>15989001</misses>
				<total>35</total>
				<timestamp>5590.554740</timestamp>
			</report>
			<report>
				<misses>15990001</misses>
				<total>35</total>
				<timestamp>5590.904391</timestamp>
			</report>
			<report>
				<misses>15991001</misses>
				<total>35</total>
				<timestamp>5591.254053</timestamp>
			</report>
			<report>
				<misses>15992001</misses>
				<total>35</total>
				<timestamp>5591.603676</timestamp>
			</report>
			<report>
				<misses>15993001</misses>
				<total>35</total>
				<timestamp>5591.953330</timestamp>
			</report>
			<report>
				<misses>15994001</misses>
				<total>35</total>
				<timestamp>5592.302989</timestamp>
			</report>
			<report>
				<misses>15995001</misses>
				<total>35</total>
				<timestamp>5592.652634</timestamp>
			</report>
			<report>
				<misses>15996001</misses>
				<total>35</total>
				<timestamp>5593.002287</timestamp>
			</report>
			<report>
				<misses>15997001</misses>
				<total>35</total>
				<timestamp>5593.351962</timestamp>
			</report>
			<report>
				<misses>15998001</misses>
				<total>35</total>
				<timestamp>5593.701583</timestamp>
			</report>
			<report>
				<misses>15999001</misses>
				<total>35</total>
				<timestamp>5594.051245</timestamp>
			</report>
			<report>
				<misses>16000001</misses>
				<total>35</total>
				<timestamp>5594.400911</timestamp>
			</report>
			<report>
				<misses>16001001</misses>
				<total>35</total>
				<timestamp>5594.750550</timestamp>
			</report>
			<report>
				<misses>16002001</misses>
				<total>35</total>
				<timestamp>5595.100180</timestamp>
			</report>
			<report>
				<misses>16003001</misses>
				<total>35</total>
				<timestamp>5595.449831</timestamp>
			</report>
			<report>
				<misses>16004001</misses>
				<total>35</total>
				<timestamp>5595.799497</timestamp>
			</report>
			<report>
				<misses>16005001</misses>
				<total>35</total>
				<timestamp>5596.149147</timestamp>
			</report>
			<report>
				<misses>16006001</misses>
				<total>35</total>
				<timestamp>5596.498836</timestamp>
			</report>
			<report>
				<misses>16007001</misses>
				<total>35</total>
				<timestamp>5596.848443</timestamp>
			</report>
			<report>
				<misses>16008001</misses>
				<total>35</total>
				<timestamp>5597.198135</timestamp>
			</report>
			<report>
				<misses>16009001</misses>
				<total>35</total>
				<timestamp>5597.547793</timestamp>
			</report>
			<report>
				<misses>16010001</misses>
				<total>35</total>
				<timestamp>5597.897405</timestamp>
			</report>
			<report>
				<misses>16011001</misses>
				<total>35</total>
				<timestamp>5598.247026</timestamp>
			</report>
			<report>
				<misses>16012001</misses>
				<total>35</total>
				<timestamp>5598.596689</timestamp>
			</report>
			<report>
				<misses>16013001</misses>
				<total>35</total>
				<timestamp>5598.946372</timestamp>
			</report>
			<report>
				<misses>16014001</misses>
				<total>35</total>
				<timestamp>5599.295994</timestamp>
			</report>
			<report>
				<misses>16015001</misses>
				<total>35</total>
				<timestamp>5599.645680</timestamp>
			</report>
			<report>
				<misses>16016001</misses>
				<total>35</total>
				<timestamp>5599.995296</timestamp>
			</report>
			<report>
				<misses>16017001</misses>
				<total>35</total>
				<timestamp>5600.344954</timestamp>
			</report>
			<report>
				<misses>16018001</misses>
				<total>35</total>
				<timestamp>5600.694603</timestamp>
			</report>
			<report>
				<misses>16019001</misses>
				<total>35</total>
				<timestamp>5601.044242</timestamp>
			</report>
			<report>
				<misses>16020001</misses>
				<total>35</total>
				<timestamp>5601.393910</timestamp>
			</report>
			<report>
				<misses>16021001</misses>
				<total>35</total>
				<timestamp>5601.743552</timestamp>
			</report>
			<report>
				<misses>16022001</misses>
				<total>35</total>
				<timestamp>5602.093229</timestamp>
			</report>
			<report>
				<misses>16023001</misses>
				<total>35</total>
				<timestamp>5602.442835</timestamp>
			</report>
			<report>
				<misses>16024001</misses>
				<total>35</total>
				<timestamp>5602.792483</timestamp>
			</report>
			<report>
				<misses>16025001</misses>
				<total>35</total>
				<timestamp>5603.142137</timestamp>
			</report>
			<report>
				<misses>16026001</misses>
				<total>35</total>
				<timestamp>5603.491779</timestamp>
			</report>
			<report>
				<misses>16027001</misses>
				<total>35</total>
				<timestamp>5603.841432</timestamp>
			</report>
			<report>
				<misses>16028001</misses>
				<total>35</total>
				<timestamp>5604.191106</timestamp>
			</report>
			<report>
				<misses>16029001</misses>
				<total>35</total>
				<timestamp>5604.540795</timestamp>
			</report>
			<report>
				<misses>16030001</misses>
				<total>35</total>
				<timestamp>5604.890385</timestamp>
			</report>
			<report>
				<misses>16031001</misses>
				<total>35</total>
				<timestamp>5605.240066</timestamp>
			</report>
			<report>
				<misses>16032001</misses>
				<total>35</total>
				<timestamp>5605.589694</timestamp>
			</report>
			<report>
				<misses>16033001</misses>
				<total>35</total>
				<timestamp>5605.939332</timestamp>
			</report>
			<report>
				<misses>16034001</misses>
				<total>35</total>
				<timestamp>5606.288977</timestamp>
			</report>
			<report>
				<misses>16035001</misses>
				<total>35</total>
				<timestamp>5606.638668</timestamp>
			</report>
			<report>
				<misses>16036001</misses>
				<total>35</total>
				<timestamp>5606.988290</timestamp>
			</report>
			<report>
				<misses>16037001</misses>
				<total>35</total>
				<timestamp>5607.337939</timestamp>
			</report>
			<report>
				<misses>16038001</misses>
				<total>35</total>
				<timestamp>5607.687587</timestamp>
			</report>
			<report>
				<misses>16039001</misses>
				<total>35</total>
				<timestamp>5608.037244</timestamp>
			</report>
			<report>
				<misses>16040001</misses>
				<total>35</total>
				<timestamp>5608.386909</timestamp>
			</report>
			<report>
				<misses>16041001</misses>
				<total>35</total>
				<timestamp>5608.736544</timestamp>
			</report>
			<report>
				<misses>16042001</misses>
				<total>35</total>
				<timestamp>5609.086212</timestamp>
			</report>
			<report>
				<misses>16043001</misses>
				<total>35</total>
				<timestamp>5609.435848</timestamp>
			</report>
			<report>
				<misses>16044001</misses>
				<total>35</total>
				<timestamp>5609.785484</timestamp>
			</report>
			<report>
				<misses>16045001</misses>
				<total>35</total>
				<timestamp>5610.135126</timestamp>
			</report>
			<report>
				<misses>16046001</misses>
				<total>35</total>
				<timestamp>5610.484823</timestamp>
			</report>
			<report>
				<misses>16047001</misses>
				<total>35</total>
				<timestamp>5610.834450</timestamp>
			</report>
			<report>
				<misses>16048001</misses>
				<total>35</total>
				<timestamp>5611.184119</timestamp>
			</report>
			<report>
				<misses>16049001</misses>
				<total>35</total>
				<timestamp>5611.533764</timestamp>
			</report>
			<report>
				<misses>16050001</misses>
				<total>35</total>
				<timestamp>5611.883398</timestamp>
			</report>
			<report>
				<misses>16051001</misses>
				<total>35</total>
				<timestamp>5612.233075</timestamp>
			</report>
			<report>
				<misses>16052001</misses>
				<total>35</total>
				<timestamp>5612.582676</timestamp>
			</report>
			<report>
				<misses>16053001</misses>
				<total>35</total>
				<timestamp>5612.932332</timestamp>
			</report>
			<report>
				<misses>16054001</misses>
				<total>35</total>
				<timestamp>5613.282023</timestamp>
			</report>
			<report>
				<misses>16055001</misses>
				<total>35</total>
				<timestamp>5613.631646</timestamp>
			</report>
			<report>
				<misses>16056001</misses>
				<total>35</total>
				<timestamp>5613.981267</timestamp>
			</report>
			<report>
				<misses>16057001</misses>
				<total>35</total>
				<timestamp>5614.330939</timestamp>
			</report>
			<report>
				<misses>16058001</misses>
				<total>35</total>
				<timestamp>5614.680599</timestamp>
			</report>
			<report>
				<misses>16059001</misses>
				<total>35</total>
				<timestamp>5615.030223</timestamp>
			</report>
			<report>
				<misses>16060001</misses>
				<total>35</total>
				<timestamp>5615.379909</timestamp>
			</report>
			<report>
				<misses>16061001</misses>
				<total>35</total>
				<timestamp>5615.729553</timestamp>
			</report>
			<report>
				<misses>16062001</misses>
				<total>35</total>
				<timestamp>5616.079192</timestamp>
			</report>
			<report>
				<misses>16063001</misses>
				<total>35</total>
				<timestamp>5616.428846</timestamp>
			</report>
			<report>
				<misses>16064001</misses>
				<total>35</total>
				<timestamp>5616.778478</timestamp>
			</report>
			<report>
				<misses>16065001</misses>
				<total>35</total>
				<timestamp>5617.128153</timestamp>
			</report>
			<report>
				<misses>16066001</misses>
				<total>35</total>
				<timestamp>5617.477829</timestamp>
			</report>
			<report>
				<misses>16067001</misses>
				<total>35</total>
				<timestamp>5617.827439</timestamp>
			</report>
			<report>
				<misses>16068001</misses>
				<total>35</total>
				<timestamp>5618.177118</timestamp>
			</report>
			<report>
				<misses>16069001</misses>
				<total>35</total>
				<timestamp>5618.526741</timestamp>
			</report>
			<report>
				<misses>16070001</misses>
				<total>35</total>
				<timestamp>5618.876388</timestamp>
			</report>
			<report>
				<misses>16071001</misses>
				<total>35</total>
				<timestamp>5619.226049</timestamp>
			</report>
			<report>
				<misses>16072001</misses>
				<total>35</total>
				<timestamp>5619.575691</timestamp>
			</report>
			<report>
				<misses>16073001</misses>
				<total>35</total>
				<timestamp>5619.925335</timestamp>
			</report>
			<report>
				<misses>16074001</misses>
				<total>35</total>
				<timestamp>5620.275011</timestamp>
			</report>
			<report>
				<misses>16075001</misses>
				<total>35</total>
				<timestamp>5620.624674</timestamp>
			</report>
			<report>
				<misses>16076001</misses>
				<total>35</total>
				<timestamp>5620.974281</timestamp>
			</report>
			<report>
				<misses>16077001</misses>
				<total>35</total>
				<timestamp>5621.323963</timestamp>
			</report>
			<report>
				<misses>16078001</misses>
				<total>35</total>
				<timestamp>5621.673600</timestamp>
			</report>
			<report>
				<misses>16079001</misses>
				<total>35</total>
				<timestamp>5622.023228</timestamp>
			</report>
			<report>
				<misses>16080001</misses>
				<total>35</total>
				<timestamp>5622.372894</timestamp>
			</report>
			<report>
				<misses>16081001</misses>
				<total>36</total>
				<timestamp>5622.722562</timestamp>
			</report>
			<report>
				<misses>16082001</misses>
				<total>36</total>
				<timestamp>5623.072176</timestamp>
			</report>
			<report>
				<misses>16083001</misses>
				<total>36</total>
				<timestamp>5623.421831</timestamp>
			</report>
			<report>
				<misses>16084001</misses>
				<total>36</total>
				<timestamp>5623.771489</timestamp>
			</report>
			<report>
				<misses>16085001</misses>
				<total>36</total>
				<timestamp>5624.121127</timestamp>
			</report>
			<report>
				<misses>16086001</misses>
				<total>36</total>
				<timestamp>5624.470801</timestamp>
			</report>
			<report>
				<misses>16087001</misses>
				<total>36</total>
				<timestamp>5624.820449</timestamp>
			</report>
			<report>
				<misses>16088001</misses>
				<total>36</total>
				<timestamp>5625.170131</timestamp>
			</report>
			<report>
				<misses>16089001</misses>
				<total>36</total>
				<timestamp>5625.519757</timestamp>
			</report>
			<report>
				<misses>16090001</misses>
				<total>36</total>
				<timestamp>5625.869429</timestamp>
			</report>
			<report>
				<misses>16091001</misses>
				<total>36</total>
				<timestamp>5626.219044</timestamp>
			</report>
			<report>
				<misses>16092001</misses>
				<total>36</total>
				<timestamp>5626.568687</timestamp>
			</report>
			<report>
				<misses>16093001</misses>
				<total>36</total>
				<timestamp>5626.918360</timestamp>
			</report>
			<report>
				<misses>16094001</misses>
				<total>36</total>
				<timestamp>5627.267986</timestamp>
			</report>
			<report>
				<misses>16095001</misses>
				<total>36</total>
				<timestamp>5627.617676</timestamp>
			</report>
			<report>
				<misses>16096001</misses>
				<total>36</total>
				<timestamp>5627.967294</timestamp>
			</report>
			<report>
				<misses>16097001</misses>
				<total>36</total>
				<timestamp>5628.316938</timestamp>
			</report>
			<report>
				<misses>16098001</misses>
				<total>36</total>
				<timestamp>5628.666600</timestamp>
			</report>
			<report>
				<misses>16099001</misses>
				<total>36</total>
				<timestamp>5629.016259</timestamp>
			</report>
			<report>
				<misses>16100001</misses>
				<total>36</total>
				<timestamp>5629.365891</timestamp>
			</report>
			<report>
				<misses>16101001</misses>
				<total>36</total>
				<timestamp>5629.715551</timestamp>
			</report>
			<report>
				<misses>16102001</misses>
				<total>36</total>
				<timestamp>5630.065253</timestamp>
			</report>
			<report>
				<misses>16103001</misses>
				<total>36</total>
				<timestamp>5630.414840</timestamp>
			</report>
			<report>
				<misses>16104001</misses>
				<total>36</total>
				<timestamp>5630.764535</timestamp>
			</report>
			<report>
				<misses>16105001</misses>
				<total>36</total>
				<timestamp>5631.114145</timestamp>
			</report>
			<report>
				<misses>16106001</misses>
				<total>36</total>
				<timestamp>5631.463789</timestamp>
			</report>
			<report>
				<misses>16107001</misses>
				<total>36</total>
				<timestamp>5631.813430</timestamp>
			</report>
			<report>
				<misses>16108001</misses>
				<total>36</total>
				<timestamp>5632.163108</timestamp>
			</report>
			<report>
				<misses>16109001</misses>
				<total>36</total>
				<timestamp>5632.512757</timestamp>
			</report>
			<report>
				<misses>16110001</misses>
				<total>36</total>
				<timestamp>5632.862385</timestamp>
			</report>
			<report>
				<misses>16111001</misses>
				<total>36</total>
				<timestamp>5633.212039</timestamp>
			</report>
			<report>
				<misses>16112001</misses>
				<total>36</total>
				<timestamp>5633.561701</timestamp>
			</report>
			<report>
				<misses>16113001</misses>
				<total>36</total>
				<timestamp>5633.911349</timestamp>
			</report>
			<report>
				<misses>16114001</misses>
				<total>36</total>
				<timestamp>5634.260999</timestamp>
			</report>
			<report>
				<misses>16115001</misses>
				<total>36</total>
				<timestamp>5634.610692</timestamp>
			</report>
			<report>
				<misses>16116001</misses>
				<total>36</total>
				<timestamp>5634.960280</timestamp>
			</report>
			<report>
				<misses>16117001</misses>
				<total>36</total>
				<timestamp>5635.309979</timestamp>
			</report>
			<report>
				<misses>16118001</misses>
				<total>36</total>
				<timestamp>5635.659618</timestamp>
			</report>
			<report>
				<misses>16119001</misses>
				<total>36</total>
				<timestamp>5636.009243</timestamp>
			</report>
			<report>
				<misses>16120001</misses>
				<total>36</total>
				<timestamp>5636.358922</timestamp>
			</report>
			<report>
				<misses>16121001</misses>
				<total>36</total>
				<timestamp>5636.708540</timestamp>
			</report>
			<report>
				<misses>16122001</misses>
				<total>36</total>
				<timestamp>5637.058180</timestamp>
			</report>
			<report>
				<misses>16123001</misses>
				<total>36</total>
				<timestamp>5637.407838</timestamp>
			</report>
			<report>
				<misses>16124001</misses>
				<total>36</total>
				<timestamp>5637.757536</timestamp>
			</report>
			<report>
				<misses>16125001</misses>
				<total>36</total>
				<timestamp>5638.107144</timestamp>
			</report>
			<report>
				<misses>16126001</misses>
				<total>36</total>
				<timestamp>5638.456800</timestamp>
			</report>
			<report>
				<misses>16127001</misses>
				<total>36</total>
				<timestamp>5638.806448</timestamp>
			</report>
			<report>
				<misses>16128001</misses>
				<total>36</total>
				<timestamp>5639.156092</timestamp>
			</report>
			<report>
				<misses>16129001</misses>
				<total>36</total>
				<timestamp>5639.505730</timestamp>
			</report>
			<report>
				<misses>16130001</misses>
				<total>36</total>
				<timestamp>5639.855405</timestamp>
			</report>
			<report>
				<misses>16131001</misses>
				<total>36</total>
				<timestamp>5640.205057</timestamp>
			</report>
			<report>
				<misses>16132001</misses>
				<total>36</total>
				<timestamp>5640.554704</timestamp>
			</report>
			<report>
				<misses>16133001</misses>
				<total>36</total>
				<timestamp>5640.904341</timestamp>
			</report>
			<report>
				<misses>16134001</misses>
				<total>36</total>
				<timestamp>5641.253996</timestamp>
			</report>
			<report>
				<misses>16135001</misses>
				<total>36</total>
				<timestamp>5641.603675</timestamp>
			</report>
			<report>
				<misses>16136001</misses>
				<total>36</total>
				<timestamp>5641.953303</timestamp>
			</report>
			<report>
				<misses>16137001</misses>
				<total>36</total>
				<timestamp>5642.302932</timestamp>
			</report>
			<report>
				<misses>16138001</misses>
				<total>36</total>
				<timestamp>5642.652582</timestamp>
			</report>
			<report>
				<misses>16139001</misses>
				<total>36</total>
				<timestamp>5643.002259</timestamp>
			</report>
			<report>
				<misses>16140001</misses>
				<total>36</total>
				<timestamp>5643.351907</timestamp>
			</report>
			<report>
				<misses>16141001</misses>
				<total>36</total>
				<timestamp>5643.701566</timestamp>
			</report>
			<report>
				<misses>16142001</misses>
				<total>36</total>
				<timestamp>5644.051180</timestamp>
			</report>
			<report>
				<misses>16143001</misses>
				<total>36</total>
				<timestamp>5644.400850</timestamp>
			</report>
			<report>
				<misses>16144001</misses>
				<total>36</total>
				<timestamp>5644.750523</timestamp>
			</report>
			<report>
				<misses>16145001</misses>
				<total>36</total>
				<timestamp>5645.100138</timestamp>
			</report>
			<report>
				<misses>16146001</misses>
				<total>36</total>
				<timestamp>5645.449789</timestamp>
			</report>
			<report>
				<misses>16147001</misses>
				<total>36</total>
				<timestamp>5645.799481</timestamp>
			</report>
			<report>
				<misses>16148001</misses>
				<total>36</total>
				<timestamp>5646.149131</timestamp>
			</report>
			<report>
				<misses>16149001</misses>
				<total>36</total>
				<timestamp>5646.498762</timestamp>
			</report>
			<report>
				<misses>16150001</misses>
				<total>36</total>
				<timestamp>5646.848390</timestamp>
			</report>
			<report>
				<misses>16151001</misses>
				<total>36</total>
				<timestamp>5647.198051</timestamp>
			</report>
			<report>
				<misses>16152001</misses>
				<total>36</total>
				<timestamp>5647.547684</timestamp>
			</report>
			<report>
				<misses>16153001</misses>
				<total>36</total>
				<timestamp>5647.897339</timestamp>
			</report>
			<report>
				<misses>16154001</misses>
				<total>36</total>
				<timestamp>5648.246981</timestamp>
			</report>
			<report>
				<misses>16155001</misses>
				<total>36</total>
				<timestamp>5648.596668</timestamp>
			</report>
			<report>
				<misses>16156001</misses>
				<total>36</total>
				<timestamp>5648.946267</timestamp>
			</report>
			<report>
				<misses>16157001</misses>
				<total>36</total>
				<timestamp>5649.295953</timestamp>
			</report>
			<report>
				<misses>16158001</misses>
				<total>36</total>
				<timestamp>5649.645606</timestamp>
			</report>
			<report>
				<misses>16159001</misses>
				<total>36</total>
				<timestamp>5649.995257</timestamp>
			</report>
			<report>
				<misses>16160001</misses>
				<total>36</total>
				<timestamp>5650.344883</timestamp>
			</report>
			<report>
				<misses>16161001</misses>
				<total>36</total>
				<timestamp>5650.694566</timestamp>
			</report>
			<report>
				<misses>16162001</misses>
				<total>36</total>
				<timestamp>5651.044183</timestamp>
			</report>
			<report>
				<misses>16163001</misses>
				<total>36</total>
				<timestamp>5651.393837</timestamp>
			</report>
			<report>
				<misses>16164001</misses>
				<total>36</total>
				<timestamp>5651.743501</timestamp>
			</report>
			<report>
				<misses>16165001</misses>
				<total>36</total>
				<timestamp>5652.093123</timestamp>
			</report>
			<report>
				<misses>16166001</misses>
				<total>36</total>
				<timestamp>5652.442784</timestamp>
			</report>
			<report>
				<misses>16167001</misses>
				<total>36</total>
				<timestamp>5652.792441</timestamp>
			</report>
			<report>
				<misses>16168001</misses>
				<total>36</total>
				<timestamp>5653.142094</timestamp>
			</report>
			<report>
				<misses>16169001</misses>
				<total>36</total>
				<timestamp>5653.491744</timestamp>
			</report>
			<report>
				<misses>16170001</misses>
				<total>36</total>
				<timestamp>5653.841392</timestamp>
			</report>
			<report>
				<misses>16171001</misses>
				<total>36</total>
				<timestamp>5654.191048</timestamp>
			</report>
			<report>
				<misses>16172001</misses>
				<total>36</total>
				<timestamp>5654.540678</timestamp>
			</report>
			<report>
				<misses>16173001</misses>
				<total>36</total>
				<timestamp>5654.890336</timestamp>
			</report>
			<report>
				<misses>16174001</misses>
				<total>36</total>
				<timestamp>5655.239990</timestamp>
			</report>
			<report>
				<misses>16175001</misses>
				<total>36</total>
				<timestamp>5655.589639</timestamp>
			</report>
			<report>
				<misses>16176001</misses>
				<total>36</total>
				<timestamp>5655.939277</timestamp>
			</report>
			<report>
				<misses>16177001</misses>
				<total>36</total>
				<timestamp>5656.288936</timestamp>
			</report>
			<report>
				<misses>16178001</misses>
				<total>36</total>
				<timestamp>5656.638614</timestamp>
			</report>
			<report>
				<misses>16179001</misses>
				<total>36</total>
				<timestamp>5656.988262</timestamp>
			</report>
			<report>
				<misses>16180001</misses>
				<total>36</total>
				<timestamp>5657.337915</timestamp>
			</report>
			<report>
				<misses>16181001</misses>
				<total>36</total>
				<timestamp>5657.687541</timestamp>
			</report>
			<report>
				<misses>16182001</misses>
				<total>36</total>
				<timestamp>5658.037237</timestamp>
			</report>
			<report>
				<misses>16183001</misses>
				<total>36</total>
				<timestamp>5658.386837</timestamp>
			</report>
			<report>
				<misses>16184001</misses>
				<total>36</total>
				<timestamp>5658.736486</timestamp>
			</report>
			<report>
				<misses>16185001</misses>
				<total>36</total>
				<timestamp>5659.086121</timestamp>
			</report>
			<report>
				<misses>16186001</misses>
				<total>36</total>
				<timestamp>5659.435783</timestamp>
			</report>
			<report>
				<misses>16187001</misses>
				<total>36</total>
				<timestamp>5659.785515</timestamp>
			</report>
			<report>
				<misses>16188001</misses>
				<total>36</total>
				<timestamp>5660.135123</timestamp>
			</report>
			<report>
				<misses>16189001</misses>
				<total>36</total>
				<timestamp>5660.484724</timestamp>
			</report>
			<report>
				<misses>16190001</misses>
				<total>36</total>
				<timestamp>5660.834391</timestamp>
			</report>
			<report>
				<misses>16191001</misses>
				<total>36</total>
				<timestamp>5661.184058</timestamp>
			</report>
			<report>
				<misses>16192001</misses>
				<total>36</total>
				<timestamp>5661.533697</timestamp>
			</report>
			<report>
				<misses>16193001</misses>
				<total>36</total>
				<timestamp>5661.883363</timestamp>
			</report>
			<report>
				<misses>16194001</misses>
				<total>36</total>
				<timestamp>5662.232971</timestamp>
			</report>
			<report>
				<misses>16195001</misses>
				<total>36</total>
				<timestamp>5662.582626</timestamp>
			</report>
			<report>
				<misses>16196001</misses>
				<total>36</total>
				<timestamp>5662.932286</timestamp>
			</report>
			<report>
				<misses>16197001</misses>
				<total>36</total>
				<timestamp>5663.281942</timestamp>
			</report>
			<report>
				<misses>16198001</misses>
				<total>36</total>
				<timestamp>5663.631610</timestamp>
			</report>
			<report>
				<misses>16199001</misses>
				<total>36</total>
				<timestamp>5663.981224</timestamp>
			</report>
			<report>
				<misses>16200001</misses>
				<total>36</total>
				<timestamp>5664.330894</timestamp>
			</report>
			<report>
				<misses>16201001</misses>
				<total>36</total>
				<timestamp>5664.680575</timestamp>
			</report>
			<report>
				<misses>16202001</misses>
				<total>36</total>
				<timestamp>5665.030198</timestamp>
			</report>
			<report>
				<misses>16203001</misses>
				<total>36</total>
				<timestamp>5665.379821</timestamp>
			</report>
			<report>
				<misses>16204001</misses>
				<total>36</total>
				<timestamp>5665.729493</timestamp>
			</report>
			<report>
				<misses>16205001</misses>
				<total>36</total>
				<timestamp>5666.079142</timestamp>
			</report>
			<report>
				<misses>16206001</misses>
				<total>36</total>
				<timestamp>5666.428789</timestamp>
			</report>
			<report>
				<misses>16207001</misses>
				<total>36</total>
				<timestamp>5666.778439</timestamp>
			</report>
			<report>
				<misses>16208001</misses>
				<total>36</total>
				<timestamp>5667.128124</timestamp>
			</report>
			<report>
				<misses>16209001</misses>
				<total>36</total>
				<timestamp>5667.477744</timestamp>
			</report>
			<report>
				<misses>16210001</misses>
				<total>36</total>
				<timestamp>5667.827403</timestamp>
			</report>
			<report>
				<misses>16211001</misses>
				<total>36</total>
				<timestamp>5668.177065</timestamp>
			</report>
			<report>
				<misses>16212001</misses>
				<total>36</total>
				<timestamp>5668.526698</timestamp>
			</report>
			<report>
				<misses>16213001</misses>
				<total>36</total>
				<timestamp>5668.876371</timestamp>
			</report>
			<report>
				<misses>16214001</misses>
				<total>36</total>
				<timestamp>5669.226017</timestamp>
			</report>
			<report>
				<misses>16215001</misses>
				<total>36</total>
				<timestamp>5669.575666</timestamp>
			</report>
			<report>
				<misses>16216001</misses>
				<total>36</total>
				<timestamp>5669.925302</timestamp>
			</report>
			<report>
				<misses>16217001</misses>
				<total>36</total>
				<timestamp>5670.274936</timestamp>
			</report>
			<report>
				<misses>16218001</misses>
				<total>36</total>
				<timestamp>5670.624590</timestamp>
			</report>
			<report>
				<misses>16219001</misses>
				<total>36</total>
				<timestamp>5670.974259</timestamp>
			</report>
			<report>
				<misses>16220001</misses>
				<total>36</total>
				<timestamp>5671.323915</timestamp>
			</report>
			<report>
				<misses>16221001</misses>
				<total>36</total>
				<timestamp>5671.673529</timestamp>
			</report>
			<report>
				<misses>16222001</misses>
				<total>36</total>
				<timestamp>5672.023194</timestamp>
			</report>
			<report>
				<misses>16223001</misses>
				<total>36</total>
				<timestamp>5672.372835</timestamp>
			</report>
			<report>
				<misses>16224001</misses>
				<total>36</total>
				<timestamp>5672.722502</timestamp>
			</report>
			<report>
				<misses>16225001</misses>
				<total>36</total>
				<timestamp>5673.072144</timestamp>
			</report>
			<report>
				<misses>16226001</misses>
				<total>36</total>
				<timestamp>5673.421783</timestamp>
			</report>
			<report>
				<misses>16227001</misses>
				<total>36</total>
				<timestamp>5673.771496</timestamp>
			</report>
			<report>
				<misses>16228001</misses>
				<total>36</total>
				<timestamp>5674.121107</timestamp>
			</report>
			<report>
				<misses>16229001</misses>
				<total>36</total>
				<timestamp>5674.470754</timestamp>
			</report>
			<report>
				<misses>16230001</misses>
				<total>36</total>
				<timestamp>5674.820399</timestamp>
			</report>
			<report>
				<misses>16231001</misses>
				<total>36</total>
				<timestamp>5675.170048</timestamp>
			</report>
			<report>
				<misses>16232001</misses>
				<total>36</total>
				<timestamp>5675.519698</timestamp>
			</report>
			<report>
				<misses>16233001</misses>
				<total>36</total>
				<timestamp>5675.869346</timestamp>
			</report>
			<report>
				<misses>16234001</misses>
				<total>36</total>
				<timestamp>5676.218980</timestamp>
			</report>
			<report>
				<misses>16235001</misses>
				<total>36</total>
				<timestamp>5676.568630</timestamp>
			</report>
			<report>
				<misses>16236001</misses>
				<total>36</total>
				<timestamp>5676.918325</timestamp>
			</report>
			<report>
				<misses>16237001</misses>
				<total>36</total>
				<timestamp>5677.267924</timestamp>
			</report>
			<report>
				<misses>16238001</misses>
				<total>36</total>
				<timestamp>5677.617583</timestamp>
			</report>
			<report>
				<misses>16239001</misses>
				<total>36</total>
				<timestamp>5677.967316</timestamp>
			</report>
			<report>
				<misses>16240001</misses>
				<total>36</total>
				<timestamp>5678.316895</timestamp>
			</report>
			<report>
				<misses>16241001</misses>
				<total>36</total>
				<timestamp>5678.666526</timestamp>
			</report>
			<report>
				<misses>16242001</misses>
				<total>36</total>
				<timestamp>5679.016203</timestamp>
			</report>
			<report>
				<misses>16243001</misses>
				<total>36</total>
				<timestamp>5679.365862</timestamp>
			</report>
			<report>
				<misses>16244001</misses>
				<total>36</total>
				<timestamp>5679.715483</timestamp>
			</report>
			<report>
				<misses>16245001</misses>
				<total>36</total>
				<timestamp>5680.065142</timestamp>
			</report>
			<report>
				<misses>16246001</misses>
				<total>36</total>
				<timestamp>5680.414788</timestamp>
			</report>
			<report>
				<misses>16247001</misses>
				<total>36</total>
				<timestamp>5680.764434</timestamp>
			</report>
			<report>
				<misses>16248001</misses>
				<total>36</total>
				<timestamp>5681.114093</timestamp>
			</report>
			<report>
				<misses>16249001</misses>
				<total>36</total>
				<timestamp>5681.463770</timestamp>
			</report>
			<report>
				<misses>16250001</misses>
				<total>36</total>
				<timestamp>5681.813423</timestamp>
			</report>
			<report>
				<misses>16251001</misses>
				<total>36</total>
				<timestamp>5682.163034</timestamp>
			</report>
			<report>
				<misses>16252001</misses>
				<total>36</total>
				<timestamp>5682.512695</timestamp>
			</report>
			<report>
				<misses>16253001</misses>
				<total>36</total>
				<timestamp>5682.862377</timestamp>
			</report>
			<report>
				<misses>16254001</misses>
				<total>36</total>
				<timestamp>5683.211989</timestamp>
			</report>
			<report>
				<misses>16255001</misses>
				<total>36</total>
				<timestamp>5683.561643</timestamp>
			</report>
			<report>
				<misses>16256001</misses>
				<total>36</total>
				<timestamp>5683.911353</timestamp>
			</report>
			<report>
				<misses>16257001</misses>
				<total>36</total>
				<timestamp>5684.260939</timestamp>
			</report>
			<report>
				<misses>16258001</misses>
				<total>36</total>
				<timestamp>5684.610591</timestamp>
			</report>
			<report>
				<misses>16259001</misses>
				<total>36</total>
				<timestamp>5684.960264</timestamp>
			</report>
			<report>
				<misses>16260001</misses>
				<total>36</total>
				<timestamp>5685.309893</timestamp>
			</report>
			<report>
				<misses>16261001</misses>
				<total>36</total>
				<timestamp>5685.659536</timestamp>
			</report>
			<report>
				<misses>16262001</misses>
				<total>36</total>
				<timestamp>5686.009184</timestamp>
			</report>
			<report>
				<misses>16263001</misses>
				<total>36</total>
				<timestamp>5686.358839</timestamp>
			</report>
			<report>
				<misses>16264001</misses>
				<total>36</total>
				<timestamp>5686.708483</timestamp>
			</report>
			<report>
				<misses>16265001</misses>
				<total>36</total>
				<timestamp>5687.058194</timestamp>
			</report>
			<report>
				<misses>16266001</misses>
				<total>36</total>
				<timestamp>5687.407782</timestamp>
			</report>
			<report>
				<misses>16267001</misses>
				<total>36</total>
				<timestamp>5687.757431</timestamp>
			</report>
			<report>
				<misses>16268001</misses>
				<total>36</total>
				<timestamp>5688.107094</timestamp>
			</report>
			<report>
				<misses>16269001</misses>
				<total>36</total>
				<timestamp>5688.456741</timestamp>
			</report>
			<report>
				<misses>16270001</misses>
				<total>36</total>
				<timestamp>5688.806392</timestamp>
			</report>
			<report>
				<misses>16271001</misses>
				<total>36</total>
				<timestamp>5689.156036</timestamp>
			</report>
			<report>
				<misses>16272001</misses>
				<total>36</total>
				<timestamp>5689.505696</timestamp>
			</report>
			<report>
				<misses>16273001</misses>
				<total>36</total>
				<timestamp>5689.855346</timestamp>
			</report>
			<report>
				<misses>16274001</misses>
				<total>36</total>
				<timestamp>5690.204993</timestamp>
			</report>
			<report>
				<misses>16275001</misses>
				<total>36</total>
				<timestamp>5690.554684</timestamp>
			</report>
			<report>
				<misses>16276001</misses>
				<total>36</total>
				<timestamp>5690.904312</timestamp>
			</report>
			<report>
				<misses>16277001</misses>
				<total>36</total>
				<timestamp>5691.253942</timestamp>
			</report>
			<report>
				<misses>16278001</misses>
				<total>36</total>
				<timestamp>5691.603570</timestamp>
			</report>
			<report>
				<misses>16279001</misses>
				<total>36</total>
				<timestamp>5691.953255</timestamp>
			</report>
			<report>
				<misses>16280001</misses>
				<total>36</total>
				<timestamp>5692.302876</timestamp>
			</report>
			<report>
				<misses>16281001</misses>
				<total>36</total>
				<timestamp>5692.652531</timestamp>
			</report>
			<report>
				<misses>16282001</misses>
				<total>36</total>
				<timestamp>5693.002233</timestamp>
			</report>
			<report>
				<misses>16283001</misses>
				<total>36</total>
				<timestamp>5693.351832</timestamp>
			</report>
			<report>
				<misses>16284001</misses>
				<total>36</total>
				<timestamp>5693.701485</timestamp>
			</report>
			<report>
				<misses>16285001</misses>
				<total>36</total>
				<timestamp>5694.051187</timestamp>
			</report>
			<report>
				<misses>16286001</misses>
				<total>36</total>
				<timestamp>5694.400806</timestamp>
			</report>
			<report>
				<misses>16287001</misses>
				<total>36</total>
				<timestamp>5694.750438</timestamp>
			</report>
			<report>
				<misses>16288001</misses>
				<total>36</total>
				<timestamp>5695.100199</timestamp>
			</report>
			<report>
				<misses>16289001</misses>
				<total>36</total>
				<timestamp>5695.449727</timestamp>
			</report>
			<report>
				<misses>16290001</misses>
				<total>36</total>
				<timestamp>5695.799395</timestamp>
			</report>
			<report>
				<misses>16291001</misses>
				<total>36</total>
				<timestamp>5696.149057</timestamp>
			</report>
			<report>
				<misses>16292001</misses>
				<total>36</total>
				<timestamp>5696.498695</timestamp>
			</report>
			<report>
				<misses>16293001</misses>
				<total>36</total>
				<timestamp>5696.848342</timestamp>
			</report>
			<report>
				<misses>16294001</misses>
				<total>36</total>
				<timestamp>5697.197983</timestamp>
			</report>
			<report>
				<misses>16295001</misses>
				<total>36</total>
				<timestamp>5697.547658</timestamp>
			</report>
			<report>
				<misses>16296001</misses>
				<total>36</total>
				<timestamp>5697.897330</timestamp>
			</report>
			<report>
				<misses>16297001</misses>
				<total>36</total>
				<timestamp>5698.246951</timestamp>
			</report>
			<report>
				<misses>16298001</misses>
				<total>36</total>
				<timestamp>5698.596622</timestamp>
			</report>
			<report>
				<misses>16299001</misses>
				<total>36</total>
				<timestamp>5698.946248</timestamp>
			</report>
			<report>
				<misses>16300001</misses>
				<total>36</total>
				<timestamp>5699.295898</timestamp>
			</report>
			<report>
				<misses>16301001</misses>
				<total>36</total>
				<timestamp>5699.645538</timestamp>
			</report>
			<report>
				<misses>16302001</misses>
				<total>36</total>
				<timestamp>5699.995213</timestamp>
			</report>
			<report>
				<misses>16303001</misses>
				<total>36</total>
				<timestamp>5700.344833</timestamp>
			</report>
			<report>
				<misses>16304001</misses>
				<total>36</total>
				<timestamp>5700.694490</timestamp>
			</report>
			<report>
				<misses>16305001</misses>
				<total>36</total>
				<timestamp>5701.044156</timestamp>
			</report>
			<report>
				<misses>16306001</misses>
				<total>36</total>
				<timestamp>5701.393808</timestamp>
			</report>
			<report>
				<misses>16307001</misses>
				<total>36</total>
				<timestamp>5701.743455</timestamp>
			</report>
			<report>
				<misses>16308001</misses>
				<total>36</total>
				<timestamp>5702.093149</timestamp>
			</report>
			<report>
				<misses>16309001</misses>
				<total>36</total>
				<timestamp>5702.442766</timestamp>
			</report>
			<report>
				<misses>16310001</misses>
				<total>36</total>
				<timestamp>5702.792389</timestamp>
			</report>
			<report>
				<misses>16311001</misses>
				<total>36</total>
				<timestamp>5703.142066</timestamp>
			</report>
			<report>
				<misses>16312001</misses>
				<total>36</total>
				<timestamp>5703.491690</timestamp>
			</report>
			<report>
				<misses>16313001</misses>
				<total>36</total>
				<timestamp>5703.841324</timestamp>
			</report>
			<report>
				<misses>16314001</misses>
				<total>36</total>
				<timestamp>5704.190982</timestamp>
			</report>
			<report>
				<misses>16315001</misses>
				<total>36</total>
				<timestamp>5704.540640</timestamp>
			</report>
			<report>
				<misses>16316001</misses>
				<total>36</total>
				<timestamp>5704.890288</timestamp>
			</report>
			<report>
				<misses>16317001</misses>
				<total>36</total>
				<timestamp>5705.239945</timestamp>
			</report>
			<report>
				<misses>16318001</misses>
				<total>36</total>
				<timestamp>5705.589584</timestamp>
			</report>
			<report>
				<misses>16319001</misses>
				<total>36</total>
				<timestamp>5705.939265</timestamp>
			</report>
			<report>
				<misses>16320001</misses>
				<total>36</total>
				<timestamp>5706.288914</timestamp>
			</report>
			<report>
				<misses>16321001</misses>
				<total>36</total>
				<timestamp>5706.638542</timestamp>
			</report>
			<report>
				<misses>16322001</misses>
				<total>36</total>
				<timestamp>5706.988213</timestamp>
			</report>
			<report>
				<misses>16323001</misses>
				<total>36</total>
				<timestamp>5707.337843</timestamp>
			</report>
			<report>
				<misses>16324001</misses>
				<total>36</total>
				<timestamp>5707.687484</timestamp>
			</report>
			<report>
				<misses>16325001</misses>
				<total>36</total>
				<timestamp>5708.037127</timestamp>
			</report>
			<report>
				<misses>16326001</misses>
				<total>36</total>
				<timestamp>5708.386780</timestamp>
			</report>
			<report>
				<misses>16327001</misses>
				<total>36</total>
				<timestamp>5708.736439</timestamp>
			</report>
			<report>
				<misses>16328001</misses>
				<total>36</total>
				<timestamp>5709.086156</timestamp>
			</report>
			<report>
				<misses>16329001</misses>
				<total>36</total>
				<timestamp>5709.435767</timestamp>
			</report>
			<report>
				<misses>16330001</misses>
				<total>36</total>
				<timestamp>5709.785381</timestamp>
			</report>
			<report>
				<misses>16331001</misses>
				<total>36</total>
				<timestamp>5710.135068</timestamp>
			</report>
			<report>
				<misses>16332001</misses>
				<total>37</total>
				<timestamp>5710.484699</timestamp>
			</report>
			<report>
				<misses>16333001</misses>
				<total>37</total>
				<timestamp>5710.834322</timestamp>
			</report>
			<report>
				<misses>16334001</misses>
				<total>37</total>
				<timestamp>5711.184007</timestamp>
			</report>
			<report>
				<misses>16335001</misses>
				<total>37</total>
				<timestamp>5711.533677</timestamp>
			</report>
			<report>
				<misses>16336001</misses>
				<total>37</total>
				<timestamp>5711.883293</timestamp>
			</report>
			<report>
				<misses>16337001</misses>
				<total>37</total>
				<timestamp>5712.232933</timestamp>
			</report>
			<report>
				<misses>16338001</misses>
				<total>37</total>
				<timestamp>5712.582573</timestamp>
			</report>
			<report>
				<misses>16339001</misses>
				<total>37</total>
				<timestamp>5712.932232</timestamp>
			</report>
			<report>
				<misses>16340001</misses>
				<total>37</total>
				<timestamp>5713.281893</timestamp>
			</report>
			<report>
				<misses>16341001</misses>
				<total>37</total>
				<timestamp>5713.631518</timestamp>
			</report>
			<report>
				<misses>16342001</misses>
				<total>37</total>
				<timestamp>5713.981197</timestamp>
			</report>
			<report>
				<misses>16343001</misses>
				<total>37</total>
				<timestamp>5714.330835</timestamp>
			</report>
			<report>
				<misses>16344001</misses>
				<total>37</total>
				<timestamp>5714.680482</timestamp>
			</report>
			<report>
				<misses>16345001</misses>
				<total>37</total>
				<timestamp>5715.030152</timestamp>
			</report>
			<report>
				<misses>16346001</misses>
				<total>37</total>
				<timestamp>5715.379785</timestamp>
			</report>
			<report>
				<misses>16347001</misses>
				<total>37</total>
				<timestamp>5715.729424</timestamp>
			</report>
			<report>
				<misses>16348001</misses>
				<total>37</total>
				<timestamp>5716.079117</timestamp>
			</report>
			<report>
				<misses>16349001</misses>
				<total>37</total>
				<timestamp>5716.428729</timestamp>
			</report>
			<report>
				<misses>16350001</misses>
				<total>37</total>
				<timestamp>5716.778409</timestamp>
			</report>
			<report>
				<misses>16351001</misses>
				<total>37</total>
				<timestamp>5717.128075</timestamp>
			</report>
			<report>
				<misses>16352001</misses>
				<total>37</total>
				<timestamp>5717.477700</timestamp>
			</report>
			<report>
				<misses>16353001</misses>
				<total>37</total>
				<timestamp>5717.827387</timestamp>
			</report>
			<report>
				<misses>16354001</misses>
				<total>37</total>
				<timestamp>5718.177020</timestamp>
			</report>
			<report>
				<misses>16355001</misses>
				<total>37</total>
				<timestamp>5718.526662</timestamp>
			</report>
			<report>
				<misses>16356001</misses>
				<total>37</total>
				<timestamp>5718.876290</timestamp>
			</report>
			<report>
				<misses>16357001</misses>
				<total>37</total>
				<timestamp>5719.225964</timestamp>
			</report>
			<report>
				<misses>16358001</misses>
				<total>37</total>
				<timestamp>5719.575607</timestamp>
			</report>
			<report>
				<misses>16359001</misses>
				<total>37</total>
				<timestamp>5719.925238</timestamp>
			</report>
			<report>
				<misses>16360001</misses>
				<total>37</total>
				<timestamp>5720.274933</timestamp>
			</report>
			<report>
				<misses>16361001</misses>
				<total>37</total>
				<timestamp>5720.624530</timestamp>
			</report>
			<report>
				<misses>16362001</misses>
				<total>37</total>
				<timestamp>5720.974228</timestamp>
			</report>
			<report>
				<misses>16363001</misses>
				<total>37</total>
				<timestamp>5721.323828</timestamp>
			</report>
			<report>
				<misses>16364001</misses>
				<total>37</total>
				<timestamp>5721.673499</timestamp>
			</report>
			<report>
				<misses>16365001</misses>
				<total>37</total>
				<timestamp>5722.023149</timestamp>
			</report>
			<report>
				<misses>16366001</misses>
				<total>37</total>
				<timestamp>5722.372796</timestamp>
			</report>
			<report>
				<misses>16367001</misses>
				<total>37</total>
				<timestamp>5722.722438</timestamp>
			</report>
			<report>
				<misses>16368001</misses>
				<total>37</total>
				<timestamp>5723.072127</timestamp>
			</report>
			<report>
				<misses>16369001</misses>
				<total>37</total>
				<timestamp>5723.421745</timestamp>
			</report>
			<report>
				<misses>16370001</misses>
				<total>37</total>
				<timestamp>5723.771389</timestamp>
			</report>
			<report>
				<misses>16371001</misses>
				<total>37</total>
				<timestamp>5724.121071</timestamp>
			</report>
			<report>
				<misses>16372001</misses>
				<total>37</total>
				<timestamp>5724.470706</timestamp>
			</report>
			<report>
				<misses>16373001</misses>
				<total>37</total>
				<timestamp>5724.820343</timestamp>
			</report>
			<report>
				<misses>16374001</misses>
				<total>37</total>
				<timestamp>5725.170048</timestamp>
			</report>
			<report>
				<misses>16375001</misses>
				<total>37</total>
				<timestamp>5725.519654</timestamp>
			</report>
			<report>
				<misses>16376001</misses>
				<total>37</total>
				<timestamp>5725.869284</timestamp>
			</report>
			<report>
				<misses>16377001</misses>
				<total>37</total>
				<timestamp>5726.218950</timestamp>
			</report>
			<report>
				<misses>16378001</misses>
				<total>37</total>
				<timestamp>5726.568595</timestamp>
			</report>
			<report>
				<misses>16379001</misses>
				<total>37</total>
				<timestamp>5726.918239</timestamp>
			</report>
			<report>
				<misses>16380001</misses>
				<total>37</total>
				<timestamp>5727.267895</timestamp>
			</report>
			<report>
				<misses>16381001</misses>
				<total>37</total>
				<timestamp>5727.617561</timestamp>
			</report>
			<report>
				<misses>16382001</misses>
				<total>37</total>
				<timestamp>5727.967186</timestamp>
			</report>
			<report>
				<misses>16383001</misses>
				<total>37</total>
				<timestamp>5728.316838</timestamp>
			</report>
			<report>
				<misses>16384001</misses>
				<total>37</total>
				<timestamp>5728.666477</timestamp>
			</report>
			<report>
				<misses>16385001</misses>
				<total>37</total>
				<timestamp>5729.016136</timestamp>
			</report>
			<report>
				<misses>16386001</misses>
				<total>37</total>
				<timestamp>5729.365825</timestamp>
			</report>
			<report>
				<misses>16387001</misses>
				<total>37</total>
				<timestamp>5729.715469</timestamp>
			</report>
			<report>
				<misses>16388001</misses>
				<total>37</total>
				<timestamp>5730.065148</timestamp>
			</report>
			<report>
				<misses>16389001</misses>
				<total>37</total>
				<timestamp>5730.414782</timestamp>
			</report>
			<report>
				<misses>16390001</misses>
				<total>37</total>
				<timestamp>5730.764377</timestamp>
			</report>
			<report>
				<misses>16391001</misses>
				<total>37</total>
				<timestamp>5731.114074</timestamp>
			</report>
			<report>
				<misses>16392001</misses>
				<total>37</total>
				<timestamp>5731.463714</timestamp>
			</report>
			<report>
				<misses>16393001</misses>
				<total>37</total>
				<timestamp>5731.813378</timestamp>
			</report>
			<report>
				<misses>16394001</misses>
				<total>37</total>
				<timestamp>5732.163000</timestamp>
			</report>
			<report>
				<misses>16395001</misses>
				<total>37</total>
				<timestamp>5732.512627</timestamp>
			</report>
			<report>
				<misses>16396001</misses>
				<total>37</total>
				<timestamp>5732.862282</timestamp>
			</report>
			<report>
				<misses>16397001</misses>
				<total>37</total>
				<timestamp>5733.212004</timestamp>
			</report>
			<report>
				<misses>16398001</misses>
				<total>37</total>
				<timestamp>5733.561585</timestamp>
			</report>
			<report>
				<misses>16399001</misses>
				<total>37</total>
				<timestamp>5733.911244</timestamp>
			</report>
			<report>
				<misses>16400001</misses>
				<total>37</total>
				<timestamp>5734.260910</timestamp>
			</report>
			<report>
				<misses>16401001</misses>
				<total>37</total>
				<timestamp>5734.610558</timestamp>
			</report>
			<report>
				<misses>16402001</misses>
				<total>37</total>
				<timestamp>5734.960218</timestamp>
			</report>
			<report>
				<misses>16403001</misses>
				<total>37</total>
				<timestamp>5735.309844</timestamp>
			</report>
			<report>
				<misses>16404001</misses>
				<total>37</total>
				<timestamp>5735.659496</timestamp>
			</report>
			<report>
				<misses>16405001</misses>
				<total>37</total>
				<timestamp>5736.009136</timestamp>
			</report>
			<report>
				<misses>16406001</misses>
				<total>37</total>
				<timestamp>5736.358781</timestamp>
			</report>
			<report>
				<misses>16407001</misses>
				<total>37</total>
				<timestamp>5736.708429</timestamp>
			</report>
			<report>
				<misses>16408001</misses>
				<total>37</total>
				<timestamp>5737.058098</timestamp>
			</report>
			<report>
				<misses>16409001</misses>
				<total>37</total>
				<timestamp>5737.407734</timestamp>
			</report>
			<report>
				<misses>16410001</misses>
				<total>37</total>
				<timestamp>5737.757415</timestamp>
			</report>
			<report>
				<misses>16411001</misses>
				<total>37</total>
				<timestamp>5738.107051</timestamp>
			</report>
			<report>
				<misses>16412001</misses>
				<total>37</total>
				<timestamp>5738.456672</timestamp>
			</report>
			<report>
				<misses>16413001</misses>
				<total>37</total>
				<timestamp>5738.806330</timestamp>
			</report>
			<report>
				<misses>16414001</misses>
				<total>37</total>
				<timestamp>5739.156025</timestamp>
			</report>
			<report>
				<misses>16415001</misses>
				<total>37</total>
				<timestamp>5739.505651</timestamp>
			</report>
			<report>
				<misses>16416001</misses>
				<total>37</total>
				<timestamp>5739.855301</timestamp>
			</report>
			<report>
				<misses>16417001</misses>
				<total>37</total>
				<timestamp>5740.205008</timestamp>
			</report>
			<report>
				<misses>16418001</misses>
				<total>37</total>
				<timestamp>5740.554580</timestamp>
			</report>
			<report>
				<misses>16419001</misses>
				<total>37</total>
				<timestamp>5740.904240</timestamp>
			</report>
			<report>
				<misses>16420001</misses>
				<total>37</total>
				<timestamp>5741.253967</timestamp>
			</report>
			<report>
				<misses>16421001</misses>
				<total>37</total>
				<timestamp>5741.603576</timestamp>
			</report>
			<report>
				<misses>16422001</misses>
				<total>37</total>
				<timestamp>5741.953190</timestamp>
			</report>
			<report>
				<misses>16423001</misses>
				<total>37</total>
				<timestamp>5742.302870</timestamp>
			</report>
			<report>
				<misses>16424001</misses>
				<total>37</total>
				<timestamp>5742.652494</timestamp>
			</report>
			<report>
				<misses>16425001</misses>
				<total>37</total>
				<timestamp>5743.002150</timestamp>
			</report>
			<report>
				<misses>16426001</misses>
				<total>37</total>
				<timestamp>5743.351789</timestamp>
			</report>
			<report>
				<misses>16427001</misses>
				<total>37</total>
				<timestamp>5743.701471</timestamp>
			</report>
			<report>
				<misses>16428001</misses>
				<total>37</total>
				<timestamp>5744.051097</timestamp>
			</report>
			<report>
				<misses>16429001</misses>
				<total>37</total>
				<timestamp>5744.400723</timestamp>
			</report>
			<report>
				<misses>16430001</misses>
				<total>37</total>
				<timestamp>5744.750390</timestamp>
			</report>
			<report>
				<misses>16431001</misses>
				<total>37</total>
				<timestamp>5745.100066</timestamp>
			</report>
			<report>
				<misses>16432001</misses>
				<total>37</total>
				<timestamp>5745.449693</timestamp>
			</report>
			<report>
				<misses>16433001</misses>
				<total>37</total>
				<timestamp>5745.799341</timestamp>
			</report>
			<report>
				<misses>16434001</misses>
				<total>37</total>
				<timestamp>5746.148995</timestamp>
			</report>
			<report>
				<misses>16435001</misses>
				<total>37</total>
				<timestamp>5746.498632</timestamp>
			</report>
			<report>
				<misses>16436001</misses>
				<total>37</total>
				<timestamp>5746.848297</timestamp>
			</report>
			<report>
				<misses>16437001</misses>
				<total>37</total>
				<timestamp>5747.197943</timestamp>
			</report>
			<report>
				<misses>16438001</misses>
				<total>37</total>
				<timestamp>5747.547585</timestamp>
			</report>
			<report>
				<misses>16439001</misses>
				<total>37</total>
				<timestamp>5747.897285</timestamp>
			</report>
			<report>
				<misses>16440001</misses>
				<total>37</total>
				<timestamp>5748.246903</timestamp>
			</report>
			<report>
				<misses>16441001</misses>
				<total>37</total>
				<timestamp>5748.596549</timestamp>
			</report>
			<report>
				<misses>16442001</misses>
				<total>37</total>
				<timestamp>5748.946179</timestamp>
			</report>
			<report>
				<misses>16443001</misses>
				<total>37</total>
				<timestamp>5749.295833</timestamp>
			</report>
			<report>
				<misses>16444001</misses>
				<total>37</total>
				<timestamp>5749.645488</timestamp>
			</report>
			<report>
				<misses>16445001</misses>
				<total>37</total>
				<timestamp>5749.995159</timestamp>
			</report>
			<report>
				<misses>16446001</misses>
				<total>37</total>
				<timestamp>5750.344807</timestamp>
			</report>
			<report>
				<misses>16447001</misses>
				<total>37</total>
				<timestamp>5750.694483</timestamp>
			</report>
			<report>
				<misses>16448001</misses>
				<total>37</total>
				<timestamp>5751.044091</timestamp>
			</report>
			<report>
				<misses>16449001</misses>
				<total>37</total>
				<timestamp>5751.393727</timestamp>
			</report>
			<report>
				<misses>16450001</misses>
				<total>37</total>
				<timestamp>5751.743406</timestamp>
			</report>
			<report>
				<misses>16451001</misses>
				<total>37</total>
				<timestamp>5752.093050</timestamp>
			</report>
			<report>
				<misses>16452001</misses>
				<total>37</total>
				<timestamp>5752.442700</timestamp>
			</report>
			<report>
				<misses>16453001</misses>
				<total>37</total>
				<timestamp>5752.792330</timestamp>
			</report>
			<report>
				<misses>16454001</misses>
				<total>37</total>
				<timestamp>5753.142005</timestamp>
			</report>
			<report>
				<misses>16455001</misses>
				<total>37</total>
				<timestamp>5753.491639</timestamp>
			</report>
			<report>
				<misses>16456001</misses>
				<total>37</total>
				<timestamp>5753.841273</timestamp>
			</report>
			<report>
				<misses>16457001</misses>
				<total>37</total>
				<timestamp>5754.190960</timestamp>
			</report>
			<report>
				<misses>16458001</misses>
				<total>37</total>
				<timestamp>5754.540578</timestamp>
			</report>
			<report>
				<misses>16459001</misses>
				<total>37</total>
				<timestamp>5754.890226</timestamp>
			</report>
			<report>
				<misses>16460001</misses>
				<total>37</total>
				<timestamp>5755.239925</timestamp>
			</report>
			<report>
				<misses>16461001</misses>
				<total>37</total>
				<timestamp>5755.589520</timestamp>
			</report>
			<report>
				<misses>16462001</misses>
				<total>37</total>
				<timestamp>5755.939183</timestamp>
			</report>
			<report>
				<misses>16463001</misses>
				<total>37</total>
				<timestamp>5756.288877</timestamp>
			</report>
			<report>
				<misses>16464001</misses>
				<total>37</total>
				<timestamp>5756.638514</timestamp>
			</report>
			<report>
				<misses>16465001</misses>
				<total>37</total>
				<timestamp>5756.988144</timestamp>
			</report>
			<report>
				<misses>16466001</misses>
				<total>37</total>
				<timestamp>5757.337807</timestamp>
			</report>
			<report>
				<misses>16467001</misses>
				<total>37</total>
				<timestamp>5757.687529</timestamp>
			</report>
			<report>
				<misses>16468001</misses>
				<total>37</total>
				<timestamp>5758.037119</timestamp>
			</report>
			<report>
				<misses>16469001</misses>
				<total>37</total>
				<timestamp>5758.386752</timestamp>
			</report>
			<report>
				<misses>16470001</misses>
				<total>37</total>
				<timestamp>5758.736380</timestamp>
			</report>
			<report>
				<misses>16471001</misses>
				<total>37</total>
				<timestamp>5759.086039</timestamp>
			</report>
			<report>
				<misses>16472001</misses>
				<total>37</total>
				<timestamp>5759.435687</timestamp>
			</report>
			<report>
				<misses>16473001</misses>
				<total>37</total>
				<timestamp>5759.785339</timestamp>
			</report>
			<report>
				<misses>16474001</misses>
				<total>37</total>
				<timestamp>5760.134984</timestamp>
			</report>
			<report>
				<misses>16475001</misses>
				<total>37</total>
				<timestamp>5760.484620</timestamp>
			</report>
			<report>
				<misses>16476001</misses>
				<total>37</total>
				<timestamp>5760.834278</timestamp>
			</report>
			<report>
				<misses>16477001</misses>
				<total>37</total>
				<timestamp>5761.183937</timestamp>
			</report>
			<report>
				<misses>16478001</misses>
				<total>37</total>
				<timestamp>5761.533565</timestamp>
			</report>
			<report>
				<misses>16479001</misses>
				<total>37</total>
				<timestamp>5761.883234</timestamp>
			</report>
			<report>
				<misses>16480001</misses>
				<total>37</total>
				<timestamp>5762.232935</timestamp>
			</report>
			<report>
				<misses>16481001</misses>
				<total>37</total>
				<timestamp>5762.582542</timestamp>
			</report>
			<report>
				<misses>16482001</misses>
				<total>37</total>
				<timestamp>5762.932195</timestamp>
			</report>
			<report>
				<misses>16483001</misses>
				<total>37</total>
				<timestamp>5763.281918</timestamp>
			</report>
			<report>
				<misses>16484001</misses>
				<total>37</total>
				<timestamp>5763.631494</timestamp>
			</report>
			<report>
				<misses>16485001</misses>
				<total>37</total>
				<timestamp>5763.981130</timestamp>
			</report>
			<report>
				<misses>16486001</misses>
				<total>37</total>
				<timestamp>5764.330844</timestamp>
			</report>
			<report>
				<misses>16487001</misses>
				<total>37</total>
				<timestamp>5764.680449</timestamp>
			</report>
			<report>
				<misses>16488001</misses>
				<total>37</total>
				<timestamp>5765.030131</timestamp>
			</report>
			<report>
				<misses>16489001</misses>
				<total>37</total>
				<timestamp>5765.379799</timestamp>
			</report>
			<report>
				<misses>16490001</misses>
				<total>37</total>
				<timestamp>5765.729392</timestamp>
			</report>
			<report>
				<misses>16491001</misses>
				<total>37</total>
				<timestamp>5766.079058</timestamp>
			</report>
			<report>
				<misses>16492001</misses>
				<total>37</total>
				<timestamp>5766.428706</timestamp>
			</report>
			<report>
				<misses>16493001</misses>
				<total>37</total>
				<timestamp>5766.778365</timestamp>
			</report>
			<report>
				<misses>16494001</misses>
				<total>37</total>
				<timestamp>5767.127975</timestamp>
			</report>
			<report>
				<misses>16495001</misses>
				<total>37</total>
				<timestamp>5767.477657</timestamp>
			</report>
			<report>
				<misses>16496001</misses>
				<total>37</total>
				<timestamp>5767.827273</timestamp>
			</report>
			<report>
				<misses>16497001</misses>
				<total>37</total>
				<timestamp>5768.176940</timestamp>
			</report>
			<report>
				<misses>16498001</misses>
				<total>37</total>
				<timestamp>5768.526578</timestamp>
			</report>
			<report>
				<misses>16499001</misses>
				<total>37</total>
				<timestamp>5768.876232</timestamp>
			</report>
			<report>
				<misses>16500001</misses>
				<total>37</total>
				<timestamp>5769.225934</timestamp>
			</report>
			<report>
				<misses>16501001</misses>
				<total>37</total>
				<timestamp>5769.575538</timestamp>
			</report>
			<report>
				<misses>16502001</misses>
				<total>37</total>
				<timestamp>5769.925186</timestamp>
			</report>
			<report>
				<misses>16503001</misses>
				<total>37</total>
				<timestamp>5770.274862</timestamp>
			</report>
			<report>
				<misses>16504001</misses>
				<total>37</total>
				<timestamp>5770.624502</timestamp>
			</report>
			<report>
				<misses>16505001</misses>
				<total>37</total>
				<timestamp>5770.974146</timestamp>
			</report>
			<report>
				<misses>16506001</misses>
				<total>37</total>
				<timestamp>5771.323785</timestamp>
			</report>
			<report>
				<misses>16507001</misses>
				<total>37</total>
				<timestamp>5771.673445</timestamp>
			</report>
			<report>
				<misses>16508001</misses>
				<total>37</total>
				<timestamp>5772.023112</timestamp>
			</report>
			<report>
				<misses>16509001</misses>
				<total>37</total>
				<timestamp>5772.372731</timestamp>
			</report>
			<report>
				<misses>16510001</misses>
				<total>37</total>
				<timestamp>5772.722379</timestamp>
			</report>
			<report>
				<misses>16511001</misses>
				<total>37</total>
				<timestamp>5773.072048</timestamp>
			</report>
			<report>
				<misses>16512001</misses>
				<total>37</total>
				<timestamp>5773.421747</timestamp>
			</report>
			<report>
				<misses>16513001</misses>
				<total>37</total>
				<timestamp>5773.771367</timestamp>
			</report>
			<report>
				<misses>16514001</misses>
				<total>37</total>
				<timestamp>5774.120970</timestamp>
			</report>
			<report>
				<misses>16515001</misses>
				<total>37</total>
				<timestamp>5774.470674</timestamp>
			</report>
			<report>
				<misses>16516001</misses>
				<total>37</total>
				<timestamp>5774.820321</timestamp>
			</report>
			<report>
				<misses>16517001</misses>
				<total>37</total>
				<timestamp>5775.169926</timestamp>
			</report>
			<report>
				<misses>16518001</misses>
				<total>37</total>
				<timestamp>5775.519591</timestamp>
			</report>
			<report>
				<misses>16519001</misses>
				<total>37</total>
				<timestamp>5775.869235</timestamp>
			</report>
			<report>
				<misses>16520001</misses>
				<total>37</total>
				<timestamp>5776.218923</timestamp>
			</report>
			<report>
				<misses>16521001</misses>
				<total>37</total>
				<timestamp>5776.568537</timestamp>
			</report>
			<report>
				<misses>16522001</misses>
				<total>37</total>
				<timestamp>5776.918213</timestamp>
			</report>
			<report>
				<misses>16523001</misses>
				<total>37</total>
				<timestamp>5777.267866</timestamp>
			</report>
			<report>
				<misses>16524001</misses>
				<total>37</total>
				<timestamp>5777.617490</timestamp>
			</report>
			<report>
				<misses>16525001</misses>
				<total>37</total>
				<timestamp>5777.967160</timestamp>
			</report>
			<report>
				<misses>16526001</misses>
				<total>37</total>
				<timestamp>5778.316852</timestamp>
			</report>
			<report>
				<misses>16527001</misses>
				<total>37</total>
				<timestamp>5778.666429</timestamp>
			</report>
			<report>
				<misses>16528001</misses>
				<total>37</total>
				<timestamp>5779.016088</timestamp>
			</report>
			<report>
				<misses>16529001</misses>
				<total>37</total>
				<timestamp>5779.365784</timestamp>
			</report>
			<report>
				<misses>16530001</misses>
				<total>37</total>
				<timestamp>5779.715397</timestamp>
			</report>
			<report>
				<misses>16531001</misses>
				<total>37</total>
				<timestamp>5780.065048</timestamp>
			</report>
			<report>
				<misses>16532001</misses>
				<total>37</total>
				<timestamp>5780.414714</timestamp>
			</report>
			<report>
				<misses>16533001</misses>
				<total>37</total>
				<timestamp>5780.764338</timestamp>
			</report>
			<report>
				<misses>16534001</misses>
				<total>37</total>
				<timestamp>5781.113977</timestamp>
			</report>
			<report>
				<misses>16535001</misses>
				<total>37</total>
				<timestamp>5781.463654</timestamp>
			</report>
			<report>
				<misses>16536001</misses>
				<total>37</total>
				<timestamp>5781.813316</timestamp>
			</report>
			<report>
				<misses>16537001</misses>
				<total>37</total>
				<timestamp>5782.162922</timestamp>
			</report>
			<report>
				<misses>16538001</misses>
				<total>37</total>
				<timestamp>5782.512580</timestamp>
			</report>
			<report>
				<misses>16539001</misses>
				<total>37</total>
				<timestamp>5782.862234</timestamp>
			</report>
			<report>
				<misses>16540001</misses>
				<total>37</total>
				<timestamp>5783.211897</timestamp>
			</report>
			<report>
				<misses>16541001</misses>
				<total>37</total>
				<timestamp>5783.561529</timestamp>
			</report>
			<report>
				<misses>16542001</misses>
				<total>37</total>
				<timestamp>5783.911186</timestamp>
			</report>
			<report>
				<misses>16543001</misses>
				<total>37</total>
				<timestamp>5784.260837</timestamp>
			</report>
			<report>
				<misses>16544001</misses>
				<total>37</total>
				<timestamp>5784.610472</timestamp>
			</report>
			<report>
				<misses>16545001</misses>
				<total>37</total>
				<timestamp>5784.960135</timestamp>
			</report>
			<report>
				<misses>16546001</misses>
				<total>37</total>
				<timestamp>5785.309814</timestamp>
			</report>
			<report>
				<misses>16547001</misses>
				<total>37</total>
				<timestamp>5785.659449</timestamp>
			</report>
			<report>
				<misses>16548001</misses>
				<total>37</total>
				<timestamp>5786.009135</timestamp>
			</report>
			<report>
				<misses>16549001</misses>
				<total>37</total>
				<timestamp>5786.358794</timestamp>
			</report>
			<report>
				<misses>16550001</misses>
				<total>37</total>
				<timestamp>5786.708413</timestamp>
			</report>
			<report>
				<misses>16551001</misses>
				<total>37</total>
				<timestamp>5787.058035</timestamp>
			</report>
			<report>
				<misses>16552001</misses>
				<total>37</total>
				<timestamp>5787.407704</timestamp>
			</report>
			<report>
				<misses>16553001</misses>
				<total>37</total>
				<timestamp>5787.757368</timestamp>
			</report>
			<report>
				<misses>16554001</misses>
				<total>37</total>
				<timestamp>5788.106997</timestamp>
			</report>
			<report>
				<misses>16555001</misses>
				<total>37</total>
				<timestamp>5788.456690</timestamp>
			</report>
			<report>
				<misses>16556001</misses>
				<total>37</total>
				<timestamp>5788.806331</timestamp>
			</report>
			<report>
				<misses>16557001</misses>
				<total>37</total>
				<timestamp>5789.155955</timestamp>
			</report>
			<report>
				<misses>16558001</misses>
				<total>37</total>
				<timestamp>5789.505627</timestamp>
			</report>
			<report>
				<misses>16559001</misses>
				<total>37</total>
				<timestamp>5789.855251</timestamp>
			</report>
			<report>
				<misses>16560001</misses>
				<total>37</total>
				<timestamp>5790.204912</timestamp>
			</report>
			<report>
				<misses>16561001</misses>
				<total>37</total>
				<timestamp>5790.554566</timestamp>
			</report>
			<report>
				<misses>16562001</misses>
				<total>37</total>
				<timestamp>5790.904190</timestamp>
			</report>
			<report>
				<misses>16563001</misses>
				<total>37</total>
				<timestamp>5791.253831</timestamp>
			</report>
			<report>
				<misses>16564001</misses>
				<total>37</total>
				<timestamp>5791.603492</timestamp>
			</report>
			<report>
				<misses>16565001</misses>
				<total>37</total>
				<timestamp>5791.953154</timestamp>
			</report>
			<report>
				<misses>16566001</misses>
				<total>37</total>
				<timestamp>5792.302795</timestamp>
			</report>
			<report>
				<misses>16567001</misses>
				<total>37</total>
				<timestamp>5792.652451</timestamp>
			</report>
			<report>
				<misses>16568001</misses>
				<total>37</total>
				<timestamp>5793.002124</timestamp>
			</report>
			<report>
				<misses>16569001</misses>
				<total>37</total>
				<timestamp>5793.351769</timestamp>
			</report>
			<report>
				<misses>16570001</misses>
				<total>37</total>
				<timestamp>5793.701390</timestamp>
			</report>
			<report>
				<misses>16571001</misses>
				<total>37</total>
				<timestamp>5794.051019</timestamp>
			</report>
			<report>
				<misses>16572001</misses>
				<total>37</total>
				<timestamp>5794.400737</timestamp>
			</report>
			<report>
				<misses>16573001</misses>
				<total>37</total>
				<timestamp>5794.750365</timestamp>
			</report>
			<report>
				<misses>16574001</misses>
				<total>37</total>
				<timestamp>5795.099997</timestamp>
			</report>
			<report>
				<misses>16575001</misses>
				<total>37</total>
				<timestamp>5795.449636</timestamp>
			</report>
			<report>
				<misses>16576001</misses>
				<total>37</total>
				<timestamp>5795.799300</timestamp>
			</report>
			<report>
				<misses>16577001</misses>
				<total>37</total>
				<timestamp>5796.148969</timestamp>
			</report>
			<report>
				<misses>16578001</misses>
				<total>37</total>
				<timestamp>5796.498595</timestamp>
			</report>
			<report>
				<misses>16579001</misses>
				<total>37</total>
				<timestamp>5796.848258</timestamp>
			</report>
			<report>
				<misses>16580001</misses>
				<total>37</total>
				<timestamp>5797.197877</timestamp>
			</report>
			<report>
				<misses>16581001</misses>
				<total>37</total>
				<timestamp>5797.547598</timestamp>
			</report>
			<report>
				<misses>16582001</misses>
				<total>37</total>
				<timestamp>5797.897182</timestamp>
			</report>
			<report>
				<misses>16583001</misses>
				<total>37</total>
				<timestamp>5798.246845</timestamp>
			</report>
			<report>
				<misses>16584001</misses>
				<total>37</total>
				<timestamp>5798.596510</timestamp>
			</report>
			<report>
				<misses>16585001</misses>
				<total>37</total>
				<timestamp>5798.946151</timestamp>
			</report>
			<report>
				<misses>16586001</misses>
				<total>37</total>
				<timestamp>5799.295810</timestamp>
			</report>
			<report>
				<misses>16587001</misses>
				<total>37</total>
				<timestamp>5799.645425</timestamp>
			</report>
			<report>
				<misses>16588001</misses>
				<total>37</total>
				<timestamp>5799.995107</timestamp>
			</report>
			<report>
				<misses>16589001</misses>
				<total>37</total>
				<timestamp>5800.344747</timestamp>
			</report>
			<report>
				<misses>16590001</misses>
				<total>37</total>
				<timestamp>5800.694418</timestamp>
			</report>
			<report>
				<misses>16591001</misses>
				<total>37</total>
				<timestamp>5801.044049</timestamp>
			</report>
			<report>
				<misses>16592001</misses>
				<total>37</total>
				<timestamp>5801.393682</timestamp>
			</report>
			<report>
				<misses>16593001</misses>
				<total>37</total>
				<timestamp>5801.743354</timestamp>
			</report>
			<report>
				<misses>16594001</misses>
				<total>37</total>
				<timestamp>5802.092987</timestamp>
			</report>
			<report>
				<misses>16595001</misses>
				<total>37</total>
				<timestamp>5802.442633</timestamp>
			</report>
			<report>
				<misses>16596001</misses>
				<total>37</total>
				<timestamp>5802.792294</timestamp>
			</report>
			<report>
				<misses>16597001</misses>
				<total>37</total>
				<timestamp>5803.141939</timestamp>
			</report>
			<report>
				<misses>16598001</misses>
				<total>37</total>
				<timestamp>5803.491615</timestamp>
			</report>
			<report>
				<misses>16599001</misses>
				<total>37</total>
				<timestamp>5803.841237</timestamp>
			</report>
			<report>
				<misses>16600001</misses>
				<total>37</total>
				<timestamp>5804.190891</timestamp>
			</report>
			<report>
				<misses>16601001</misses>
				<total>37</total>
				<timestamp>5804.540543</timestamp>
			</report>
			<report>
				<misses>16602001</misses>
				<total>37</total>
				<timestamp>5804.890199</timestamp>
			</report>
			<report>
				<misses>16603001</misses>
				<total>37</total>
				<timestamp>5805.239832</timestamp>
			</report>
			<report>
				<misses>16604001</misses>
				<total>37</total>
				<timestamp>5805.589551</timestamp>
			</report>
			<report>
				<misses>16605001</misses>
				<total>37</total>
				<timestamp>5805.939176</timestamp>
			</report>
			<report>
				<misses>16606001</misses>
				<total>37</total>
				<timestamp>5806.288805</timestamp>
			</report>
			<report>
				<misses>16607001</misses>
				<total>37</total>
				<timestamp>5806.638471</timestamp>
			</report>
			<report>
				<misses>16608001</misses>
				<total>37</total>
				<timestamp>5806.988111</timestamp>
			</report>
			<report>
				<misses>16609001</misses>
				<total>37</total>
				<timestamp>5807.337732</timestamp>
			</report>
			<report>
				<misses>16610001</misses>
				<total>37</total>
				<timestamp>5807.687435</timestamp>
			</report>
			<report>
				<misses>16611001</misses>
				<total>37</total>
				<timestamp>5808.037042</timestamp>
			</report>
			<report>
				<misses>16612001</misses>
				<total>37</total>
				<timestamp>5808.386717</timestamp>
			</report>
			<report>
				<misses>16613001</misses>
				<total>37</total>
				<timestamp>5808.736325</timestamp>
			</report>
			<report>
				<misses>16614001</misses>
				<total>37</total>
				<timestamp>5809.085988</timestamp>
			</report>
			<report>
				<misses>16615001</misses>
				<total>37</total>
				<timestamp>5809.435629</timestamp>
			</report>
			<report>
				<misses>16616001</misses>
				<total>37</total>
				<timestamp>5809.785319</timestamp>
			</report>
			<report>
				<misses>16617001</misses>
				<total>37</total>
				<timestamp>5810.134955</timestamp>
			</report>
			<report>
				<misses>16618001</misses>
				<total>37</total>
				<timestamp>5810.484615</timestamp>
			</report>
			<report>
				<misses>16619001</misses>
				<total>37</total>
				<timestamp>5810.834267</timestamp>
			</report>
			<report>
				<misses>16620001</misses>
				<total>37</total>
				<timestamp>5811.183896</timestamp>
			</report>
			<report>
				<misses>16621001</misses>
				<total>37</total>
				<timestamp>5811.533546</timestamp>
			</report>
			<report>
				<misses>16622001</misses>
				<total>37</total>
				<timestamp>5811.883177</timestamp>
			</report>
			<report>
				<misses>16623001</misses>
				<total>37</total>
				<timestamp>5812.232829</timestamp>
			</report>
			<report>
				<misses>16624001</misses>
				<total>37</total>
				<timestamp>5812.582484</timestamp>
			</report>
			<report>
				<misses>16625001</misses>
				<total>37</total>
				<timestamp>5812.932161</timestamp>
			</report>
			<report>
				<misses>16626001</misses>
				<total>37</total>
				<timestamp>5813.281839</timestamp>
			</report>
			<report>
				<misses>16627001</misses>
				<total>37</total>
				<timestamp>5813.631455</timestamp>
			</report>
			<report>
				<misses>16628001</misses>
				<total>37</total>
				<timestamp>5813.981122</timestamp>
			</report>
			<report>
				<misses>16629001</misses>
				<total>37</total>
				<timestamp>5814.330739</timestamp>
			</report>
			<report>
				<misses>16630001</misses>
				<total>37</total>
				<timestamp>5814.680374</timestamp>
			</report>
			<report>
				<misses>16631001</misses>
				<total>37</total>
				<timestamp>5815.030029</timestamp>
			</report>
			<report>
				<misses>16632001</misses>
				<total>37</total>
				<timestamp>5815.379684</timestamp>
			</report>
			<report>
				<misses>16633001</misses>
				<total>37</total>
				<timestamp>5815.729358</timestamp>
			</report>
			<report>
				<misses>16634001</misses>
				<total>37</total>
				<timestamp>5816.078989</timestamp>
			</report>
			<report>
				<misses>16635001</misses>
				<total>37</total>
				<timestamp>5816.428644</timestamp>
			</report>
			<report>
				<misses>16636001</misses>
				<total>37</total>
				<timestamp>5816.778301</timestamp>
			</report>
			<report>
				<misses>16637001</misses>
				<total>37</total>
				<timestamp>5817.127937</timestamp>
			</report>
			<report>
				<misses>16638001</misses>
				<total>37</total>
				<timestamp>5817.477615</timestamp>
			</report>
			<report>
				<misses>16639001</misses>
				<total>37</total>
				<timestamp>5817.827238</timestamp>
			</report>
			<report>
				<misses>16640001</misses>
				<total>37</total>
				<timestamp>5818.176900</timestamp>
			</report>
			<report>
				<misses>16641001</misses>
				<total>37</total>
				<timestamp>5818.526619</timestamp>
			</report>
			<report>
				<misses>16642001</misses>
				<total>37</total>
				<timestamp>5818.876191</timestamp>
			</report>
			<report>
				<misses>16643001</misses>
				<total>37</total>
				<timestamp>5819.225849</timestamp>
			</report>
			<report>
				<misses>16644001</misses>
				<total>37</total>
				<timestamp>5819.575492</timestamp>
			</report>
			<report>
				<misses>16645001</misses>
				<total>37</total>
				<timestamp>5819.925151</timestamp>
			</report>
			<report>
				<misses>16646001</misses>
				<total>37</total>
				<timestamp>5820.274776</timestamp>
			</report>
			<report>
				<misses>16647001</misses>
				<total>37</total>
				<timestamp>5820.624427</timestamp>
			</report>
			<report>
				<misses>16648001</misses>
				<total>37</total>
				<timestamp>5820.974091</timestamp>
			</report>
			<report>
				<misses>16649001</misses>
				<total>37</total>
				<timestamp>5821.323752</timestamp>
			</report>
			<report>
				<misses>16650001</misses>
				<total>37</total>
				<timestamp>5821.673451</timestamp>
			</report>
			<report>
				<misses>16651001</misses>
				<total>37</total>
				<timestamp>5822.023094</timestamp>
			</report>
			<report>
				<misses>16652001</misses>
				<total>37</total>
				<timestamp>5822.372684</timestamp>
			</report>
			<report>
				<misses>16653001</misses>
				<total>37</total>
				<timestamp>5822.722362</timestamp>
			</report>
			<report>
				<misses>16654001</misses>
				<total>37</total>
				<timestamp>5823.071975</timestamp>
			</report>
			<report>
				<misses>16655001</misses>
				<total>37</total>
				<timestamp>5823.421632</timestamp>
			</report>
			<report>
				<misses>16656001</misses>
				<total>37</total>
				<timestamp>5823.771324</timestamp>
			</report>
			<report>
				<misses>16657001</misses>
				<total>37</total>
				<timestamp>5824.120966</timestamp>
			</report>
			<report>
				<misses>16658001</misses>
				<total>37</total>
				<timestamp>5824.470607</timestamp>
			</report>
			<report>
				<misses>16659001</misses>
				<total>37</total>
				<timestamp>5824.820243</timestamp>
			</report>
			<report>
				<misses>16660001</misses>
				<total>37</total>
				<timestamp>5825.169899</timestamp>
			</report>
			<report>
				<misses>16661001</misses>
				<total>37</total>
				<timestamp>5825.519555</timestamp>
			</report>
			<report>
				<misses>16662001</misses>
				<total>37</total>
				<timestamp>5825.869193</timestamp>
			</report>
			<report>
				<misses>16663001</misses>
				<total>37</total>
				<timestamp>5826.218841</timestamp>
			</report>
			<report>
				<misses>16664001</misses>
				<total>37</total>
				<timestamp>5826.568555</timestamp>
			</report>
			<report>
				<misses>16665001</misses>
				<total>37</total>
				<timestamp>5826.918139</timestamp>
			</report>
			<report>
				<misses>16666001</misses>
				<total>37</total>
				<timestamp>5827.267806</timestamp>
			</report>
			<report>
				<misses>16667001</misses>
				<total>37</total>
				<timestamp>5827.617460</timestamp>
			</report>
			<report>
				<misses>16668001</misses>
				<total>37</total>
				<timestamp>5827.967103</timestamp>
			</report>
			<report>
				<misses>16669001</misses>
				<total>37</total>
				<timestamp>5828.316751</timestamp>
			</report>
			<report>
				<misses>16670001</misses>
				<total>37</total>
				<timestamp>5828.666395</timestamp>
			</report>
			<report>
				<misses>16671001</misses>
				<total>37</total>
				<timestamp>5829.016072</timestamp>
			</report>
			<report>
				<misses>16672001</misses>
				<total>37</total>
				<timestamp>5829.365678</timestamp>
			</report>
			<report>
				<misses>16673001</misses>
				<total>37</total>
				<timestamp>5829.715359</timestamp>
			</report>
			<report>
				<misses>16674001</misses>
				<total>37</total>
				<timestamp>5830.064985</timestamp>
			</report>
			<report>
				<misses>16675001</misses>
				<total>37</total>
				<timestamp>5830.414670</timestamp>
			</report>
			<report>
				<misses>16676001</misses>
				<total>37</total>
				<timestamp>5830.764303</timestamp>
			</report>
			<report>
				<misses>16677001</misses>
				<total>37</total>
				<timestamp>5831.113927</timestamp>
			</report>
			<report>
				<misses>16678001</misses>
				<total>37</total>
				<timestamp>5831.463607</timestamp>
			</report>
			<report>
				<misses>16679001</misses>
				<total>37</total>
				<timestamp>5831.813234</timestamp>
			</report>
			<report>
				<misses>16680001</misses>
				<total>37</total>
				<timestamp>5832.162899</timestamp>
			</report>
			<report>
				<misses>16681001</misses>
				<total>37</total>
				<timestamp>5832.512541</timestamp>
			</report>
			<report>
				<misses>16682001</misses>
				<total>37</total>
				<timestamp>5832.862199</timestamp>
			</report>
			<report>
				<misses>16683001</misses>
				<total>37</total>
				<timestamp>5833.211889</timestamp>
			</report>
			<report>
				<misses>16684001</misses>
				<total>37</total>
				<timestamp>5833.561512</timestamp>
			</report>
			<report>
				<misses>16685001</misses>
				<total>37</total>
				<timestamp>5833.911120</timestamp>
			</report>
			<report>
				<misses>16686001</misses>
				<total>37</total>
				<timestamp>5834.260795</timestamp>
			</report>
			<report>
				<misses>16687001</misses>
				<total>37</total>
				<timestamp>5834.610502</timestamp>
			</report>
			<report>
				<misses>16688001</misses>
				<total>37</total>
				<timestamp>5834.960100</timestamp>
			</report>
			<report>
				<misses>16689001</misses>
				<total>37</total>
				<timestamp>5835.309750</timestamp>
			</report>
			<report>
				<misses>16690001</misses>
				<total>37</total>
				<timestamp>5835.659372</timestamp>
			</report>
			<report>
				<misses>16691001</misses>
				<total>37</total>
				<timestamp>5836.009050</timestamp>
			</report>
			<report>
				<misses>16692001</misses>
				<total>37</total>
				<timestamp>5836.358695</timestamp>
			</report>
			<report>
				<misses>16693001</misses>
				<total>37</total>
				<timestamp>5836.708339</timestamp>
			</report>
			<report>
				<misses>16694001</misses>
				<total>37</total>
				<timestamp>5837.058015</timestamp>
			</report>
			<report>
				<misses>16695001</misses>
				<total>37</total>
				<timestamp>5837.407633</timestamp>
			</report>
			<report>
				<misses>16696001</misses>
				<total>37</total>
				<timestamp>5837.757282</timestamp>
			</report>
			<report>
				<misses>16697001</misses>
				<total>37</total>
				<timestamp>5838.106961</timestamp>
			</report>
			<report>
				<misses>16698001</misses>
				<total>37</total>
				<timestamp>5838.456581</timestamp>
			</report>
			<report>
				<misses>16699001</misses>
				<total>37</total>
				<timestamp>5838.806277</timestamp>
			</report>
			<report>
				<misses>16700001</misses>
				<total>37</total>
				<timestamp>5839.155894</timestamp>
			</report>
			<report>
				<misses>16701001</misses>
				<total>37</total>
				<timestamp>5839.505548</timestamp>
			</report>
			<report>
				<misses>16702001</misses>
				<total>37</total>
				<timestamp>5839.855211</timestamp>
			</report>
			<report>
				<misses>16703001</misses>
				<total>37</total>
				<timestamp>5840.204831</timestamp>
			</report>
			<report>
				<misses>16704001</misses>
				<total>37</total>
				<timestamp>5840.554498</timestamp>
			</report>
			<report>
				<misses>16705001</misses>
				<total>37</total>
				<timestamp>5840.904161</timestamp>
			</report>
			<report>
				<misses>16706001</misses>
				<total>37</total>
				<timestamp>5841.253789</timestamp>
			</report>
			<report>
				<misses>16707001</misses>
				<total>37</total>
				<timestamp>5841.603470</timestamp>
			</report>
			<report>
				<misses>16708001</misses>
				<total>37</total>
				<timestamp>5841.953130</timestamp>
			</report>
			<report>
				<misses>16709001</misses>
				<total>37</total>
				<timestamp>5842.302736</timestamp>
			</report>
			<report>
				<misses>16710001</misses>
				<total>37</total>
				<timestamp>5842.652407</timestamp>
			</report>
			<report>
				<misses>16711001</misses>
				<total>37</total>
				<timestamp>5843.002041</timestamp>
			</report>
			<report>
				<misses>16712001</misses>
				<total>37</total>
				<timestamp>5843.351686</timestamp>
			</report>
			<report>
				<misses>16713001</misses>
				<total>37</total>
				<timestamp>5843.701407</timestamp>
			</report>
			<report>
				<misses>16714001</misses>
				<total>37</total>
				<timestamp>5844.050997</timestamp>
			</report>
			<report>
				<misses>16715001</misses>
				<total>37</total>
				<timestamp>5844.400620</timestamp>
			</report>
			<report>
				<misses>16716001</misses>
				<total>37</total>
				<timestamp>5844.750314</timestamp>
			</report>
			<report>
				<misses>16717001</misses>
				<total>37</total>
				<timestamp>5845.099941</timestamp>
			</report>
			<report>
				<misses>16718001</misses>
				<total>37</total>
				<timestamp>5845.449592</timestamp>
			</report>
			<report>
				<misses>16719001</misses>
				<total>37</total>
				<timestamp>5845.799287</timestamp>
			</report>
			<report>
				<misses>16720001</misses>
				<total>37</total>
				<timestamp>5846.148883</timestamp>
			</report>
			<report>
				<misses>16721001</misses>
				<total>37</total>
				<timestamp>5846.498530</timestamp>
			</report>
			<report>
				<misses>16722001</misses>
				<total>37</total>
				<timestamp>5846.848219</timestamp>
			</report>
			<report>
				<misses>16723001</misses>
				<total>37</total>
				<timestamp>5847.197873</timestamp>
			</report>
			<report>
				<misses>16724001</misses>
				<total>37</total>
				<timestamp>5847.547538</timestamp>
			</report>
			<report>
				<misses>16725001</misses>
				<total>37</total>
				<timestamp>5847.897120</timestamp>
			</report>
			<report>
				<misses>16726001</misses>
				<total>37</total>
				<timestamp>5848.246768</timestamp>
			</report>
			<report>
				<misses>16727001</misses>
				<total>37</total>
				<timestamp>5848.596449</timestamp>
			</report>
			<report>
				<misses>16728001</misses>
				<total>37</total>
				<timestamp>5848.946135</timestamp>
			</report>
			<report>
				<misses>16729001</misses>
				<total>37</total>
				<timestamp>5849.295720</timestamp>
			</report>
			<report>
				<misses>16730001</misses>
				<total>37</total>
				<timestamp>5849.645387</timestamp>
			</report>
			<report>
				<misses>16731001</misses>
				<total>37</total>
				<timestamp>5849.995036</timestamp>
			</report>
			<report>
				<misses>16732001</misses>
				<total>37</total>
				<timestamp>5850.344679</timestamp>
			</report>
			<report>
				<misses>16733001</misses>
				<total>37</total>
				<timestamp>5850.694339</timestamp>
			</report>
			<report>
				<misses>16734001</misses>
				<total>37</total>
				<timestamp>5851.043991</timestamp>
			</report>
			<report>
				<misses>16735001</misses>
				<total>37</total>
				<timestamp>5851.393631</timestamp>
			</report>
			<report>
				<misses>16736001</misses>
				<total>37</total>
				<timestamp>5851.743299</timestamp>
			</report>
			<report>
				<misses>16737001</misses>
				<total>37</total>
				<timestamp>5852.092969</timestamp>
			</report>
			<report>
				<misses>16738001</misses>
				<total>37</total>
				<timestamp>5852.442599</timestamp>
			</report>
			<report>
				<misses>16739001</misses>
				<total>37</total>
				<timestamp>5852.792239</timestamp>
			</report>
			<report>
				<misses>16740001</misses>
				<total>37</total>
				<timestamp>5853.141897</timestamp>
			</report>
			<report>
				<misses>16741001</misses>
				<total>37</total>
				<timestamp>5853.491578</timestamp>
			</report>
			<report>
				<misses>16742001</misses>
				<total>37</total>
				<timestamp>5853.841229</timestamp>
			</report>
			<report>
				<misses>16743001</misses>
				<total>37</total>
				<timestamp>5854.190843</timestamp>
			</report>
			<report>
				<misses>16744001</misses>
				<total>37</total>
				<timestamp>5854.540485</timestamp>
			</report>
			<report>
				<misses>16745001</misses>
				<total>37</total>
				<timestamp>5854.890138</timestamp>
			</report>
			<report>
				<misses>16746001</misses>
				<total>37</total>
				<timestamp>5855.239785</timestamp>
			</report>
			<report>
				<misses>16747001</misses>
				<total>37</total>
				<timestamp>5855.589444</timestamp>
			</report>
			<report>
				<misses>16748001</misses>
				<total>37</total>
				<timestamp>5855.939102</timestamp>
			</report>
			<report>
				<misses>16749001</misses>
				<total>37</total>
				<timestamp>5856.288726</timestamp>
			</report>
			<report>
				<misses>16750001</misses>
				<total>37</total>
				<timestamp>5856.638394</timestamp>
			</report>
			<report>
				<misses>16751001</misses>
				<total>37</total>
				<timestamp>5856.988061</timestamp>
			</report>
			<report>
				<misses>16752001</misses>
				<total>37</total>
				<timestamp>5857.337711</timestamp>
			</report>
			<report>
				<misses>16753001</misses>
				<total>37</total>
				<timestamp>5857.687392</timestamp>
			</report>
			<report>
				<misses>16754001</misses>
				<total>37</total>
				<timestamp>5858.036991</timestamp>
			</report>
			<report>
				<misses>16755001</misses>
				<total>37</total>
				<timestamp>5858.386648</timestamp>
			</report>
			<report>
				<misses>16756001</misses>
				<total>37</total>
				<timestamp>5858.736301</timestamp>
			</report>
			<report>
				<misses>16757001</misses>
				<total>37</total>
				<timestamp>5859.085971</timestamp>
			</report>
			<report>
				<misses>16758001</misses>
				<total>37</total>
				<timestamp>5859.435602</timestamp>
			</report>
			<report>
				<misses>16759001</misses>
				<total>37</total>
				<timestamp>5859.785316</timestamp>
			</report>
			<report>
				<misses>16760001</misses>
				<total>37</total>
				<timestamp>5860.134890</timestamp>
			</report>
			<report>
				<misses>16761001</misses>
				<total>37</total>
				<timestamp>5860.484525</timestamp>
			</report>
			<report>
				<misses>16762001</misses>
				<total>37</total>
				<timestamp>5860.834190</timestamp>
			</report>
			<report>
				<misses>16763001</misses>
				<total>37</total>
				<timestamp>5861.183845</timestamp>
			</report>
			<report>
				<misses>16764001</misses>
				<total>37</total>
				<timestamp>5861.533490</timestamp>
			</report>
			<report>
				<misses>16765001</misses>
				<total>37</total>
				<timestamp>5861.883172</timestamp>
			</report>
			<report>
				<misses>16766001</misses>
				<total>37</total>
				<timestamp>5862.232784</timestamp>
			</report>
			<report>
				<misses>16767001</misses>
				<total>37</total>
				<timestamp>5862.582457</timestamp>
			</report>
			<report>
				<misses>16768001</misses>
				<total>37</total>
				<timestamp>5862.932122</timestamp>
			</report>
			<report>
				<misses>16769001</misses>
				<total>37</total>
				<timestamp>5863.281751</timestamp>
			</report>
			<report>
				<misses>16770001</misses>
				<total>37</total>
				<timestamp>5863.631385</timestamp>
			</report>
			<report>
				<misses>16771001</misses>
				<total>37</total>
				<timestamp>5863.981046</timestamp>
			</report>
			<report>
				<misses>16772001</misses>
				<total>37</total>
				<timestamp>5864.330684</timestamp>
			</report>
			<report>
				<misses>16773001</misses>
				<total>37</total>
				<timestamp>5864.680339</timestamp>
			</report>
			<report>
				<misses>16774001</misses>
				<total>37</total>
				<timestamp>5865.030006</timestamp>
			</report>
			<report>
				<misses>16775001</misses>
				<total>37</total>
				<timestamp>5865.379650</timestamp>
			</report>
			<report>
				<misses>16776001</misses>
				<total>37</total>
				<timestamp>5865.729299</timestamp>
			</report>
			<report>
				<misses>16777001</misses>
				<total>37</total>
				<timestamp>5866.078953</timestamp>
			</report>
			<report>
				<misses>16778001</misses>
				<total>37</total>
				<timestamp>5866.428593</timestamp>
			</report>
			<report>
				<misses>16779001</misses>
				<total>37</total>
				<timestamp>5866.778309</timestamp>
			</report>
			<report>
				<misses>16780001</misses>
				<total>37</total>
				<timestamp>5867.127903</timestamp>
			</report>
			<report>
				<misses>16781001</misses>
				<total>37</total>
				<timestamp>5867.477531</timestamp>
			</report>
			<report>
				<misses>16782001</misses>
				<total>37</total>
				<timestamp>5867.827211</timestamp>
			</report>
			<report>
				<misses>16783001</misses>
				<total>37</total>
				<timestamp>5868.176904</timestamp>
			</report>
			<report>
				<misses>16784001</misses>
				<total>37</total>
				<timestamp>5868.526479</timestamp>
			</report>
			<report>
				<misses>16785001</misses>
				<total>37</total>
				<timestamp>5868.876148</timestamp>
			</report>
			<report>
				<misses>16786001</misses>
				<total>37</total>
				<timestamp>5869.225782</timestamp>
			</report>
			<report>
				<misses>16787001</misses>
				<total>37</total>
				<timestamp>5869.575444</timestamp>
			</report>
			<report>
				<misses>16788001</misses>
				<total>37</total>
				<timestamp>5869.925132</timestamp>
			</report>
			<report>
				<misses>16789001</misses>
				<total>37</total>
				<timestamp>5870.274761</timestamp>
			</report>
			<report>
				<misses>16790001</misses>
				<total>37</total>
				<timestamp>5870.624387</timestamp>
			</report>
			<report>
				<misses>16791001</misses>
				<total>37</total>
				<timestamp>5870.974021</timestamp>
			</report>
			<report>
				<misses>16792001</misses>
				<total>37</total>
				<timestamp>5871.323686</timestamp>
			</report>
			<report>
				<misses>16793001</misses>
				<total>37</total>
				<timestamp>5871.673351</timestamp>
			</report>
			<report>
				<misses>16794001</misses>
				<total>37</total>
				<timestamp>5872.022987</timestamp>
			</report>
			<report>
				<misses>16795001</misses>
				<total>37</total>
				<timestamp>5872.372625</timestamp>
			</report>
			<report>
				<misses>16796001</misses>
				<total>37</total>
				<timestamp>5872.722301</timestamp>
			</report>
			<report>
				<misses>16797001</misses>
				<total>37</total>
				<timestamp>5873.071956</timestamp>
			</report>
			<report>
				<misses>16798001</misses>
				<total>37</total>
				<timestamp>5873.421580</timestamp>
			</report>
			<report>
				<misses>16799001</misses>
				<total>37</total>
				<timestamp>5873.771246</timestamp>
			</report>
			<report>
				<misses>16800001</misses>
				<total>37</total>
				<timestamp>5874.120915</timestamp>
			</report>
			<report>
				<misses>16801001</misses>
				<total>37</total>
				<timestamp>5874.470552</timestamp>
			</report>
			<report>
				<misses>16802001</misses>
				<total>37</total>
				<timestamp>5874.820226</timestamp>
			</report>
			<report>
				<misses>16803001</misses>
				<total>37</total>
				<timestamp>5875.169844</timestamp>
			</report>
			<report>
				<misses>16804001</misses>
				<total>37</total>
				<timestamp>5875.519478</timestamp>
			</report>
			<report>
				<misses>16805001</misses>
				<total>37</total>
				<timestamp>5875.869182</timestamp>
			</report>
			<report>
				<misses>16806001</misses>
				<total>37</total>
				<timestamp>5876.218795</timestamp>
			</report>
			<report>
				<misses>16807001</misses>
				<total>37</total>
				<timestamp>5876.568433</timestamp>
			</report>
			<report>
				<misses>16808001</misses>
				<total>37</total>
				<timestamp>5876.918110</timestamp>
			</report>
			<report>
				<misses>16809001</misses>
				<total>37</total>
				<timestamp>5877.267732</timestamp>
			</report>
			<report>
				<misses>16810001</misses>
				<total>37</total>
				<timestamp>5877.617391</timestamp>
			</report>
			<report>
				<misses>16811001</misses>
				<total>37</total>
				<timestamp>5877.967086</timestamp>
			</report>
			<report>
				<misses>16812001</misses>
				<total>37</total>
				<timestamp>5878.316675</timestamp>
			</report>
			<report>
				<misses>16813001</misses>
				<total>37</total>
				<timestamp>5878.666328</timestamp>
			</report>
			<report>
				<misses>16814001</misses>
				<total>37</total>
				<timestamp>5879.016000</timestamp>
			</report>
			<report>
				<misses>16815001</misses>
				<total>37</total>
				<timestamp>5879.365679</timestamp>
			</report>
			<report>
				<misses>16816001</misses>
				<total>37</total>
				<timestamp>5879.715281</timestamp>
			</report>
			<report>
				<misses>16817001</misses>
				<total>37</total>
				<timestamp>5880.064947</timestamp>
			</report>
			<report>
				<misses>16818001</misses>
				<total>37</total>
				<timestamp>5880.414581</timestamp>
			</report>
			<report>
				<misses>16819001</misses>
				<total>37</total>
				<timestamp>5880.764244</timestamp>
			</report>
			<report>
				<misses>16820001</misses>
				<total>37</total>
				<timestamp>5881.113879</timestamp>
			</report>
			<report>
				<misses>16821001</misses>
				<total>37</total>
				<timestamp>5881.463544</timestamp>
			</report>
			<report>
				<misses>16822001</misses>
				<total>37</total>
				<timestamp>5881.813206</timestamp>
			</report>
			<report>
				<misses>16823001</misses>
				<total>37</total>
				<timestamp>5882.162858</timestamp>
			</report>
			<report>
				<misses>16824001</misses>
				<total>37</total>
				<timestamp>5882.512475</timestamp>
			</report>
			<report>
				<misses>16825001</misses>
				<total>37</total>
				<timestamp>5882.862125</timestamp>
			</report>
			<report>
				<misses>16826001</misses>
				<total>37</total>
				<timestamp>5883.211771</timestamp>
			</report>
			<report>
				<misses>16827001</misses>
				<total>37</total>
				<timestamp>5883.561439</timestamp>
			</report>
			<report>
				<misses>16828001</misses>
				<total>37</total>
				<timestamp>5883.911106</timestamp>
			</report>
			<report>
				<misses>16829001</misses>
				<total>37</total>
				<timestamp>5884.260733</timestamp>
			</report>
			<report>
				<misses>16830001</misses>
				<total>37</total>
				<timestamp>5884.610413</timestamp>
			</report>
			<report>
				<misses>16831001</misses>
				<total>37</total>
				<timestamp>5884.960081</timestamp>
			</report>
			<report>
				<misses>16832001</misses>
				<total>37</total>
				<timestamp>5885.309673</timestamp>
			</report>
			<report>
				<misses>16833001</misses>
				<total>37</total>
				<timestamp>5885.659339</timestamp>
			</report>
			<report>
				<misses>16834001</misses>
				<total>37</total>
				<timestamp>5886.009026</timestamp>
			</report>
			<report>
				<misses>16835001</misses>
				<total>37</total>
				<timestamp>5886.358646</timestamp>
			</report>
			<report>
				<misses>16836001</misses>
				<total>37</total>
				<timestamp>5886.708320</timestamp>
			</report>
			<report>
				<misses>16837001</misses>
				<total>37</total>
				<timestamp>5887.057984</timestamp>
			</report>
			<report>
				<misses>16838001</misses>
				<total>37</total>
				<timestamp>5887.407579</timestamp>
			</report>
			<report>
				<misses>16839001</misses>
				<total>37</total>
				<timestamp>5887.757266</timestamp>
			</report>
			<report>
				<misses>16840001</misses>
				<total>37</total>
				<timestamp>5888.106917</timestamp>
			</report>
			<report>
				<misses>16841001</misses>
				<total>37</total>
				<timestamp>5888.456581</timestamp>
			</report>
			<report>
				<misses>16842001</misses>
				<total>37</total>
				<timestamp>5888.806242</timestamp>
			</report>
			<report>
				<misses>16843001</misses>
				<total>37</total>
				<timestamp>5889.155848</timestamp>
			</report>
			<report>
				<misses>16844001</misses>
				<total>37</total>
				<timestamp>5889.505481</timestamp>
			</report>
			<report>
				<misses>16845001</misses>
				<total>37</total>
				<timestamp>5889.855193</timestamp>
			</report>
			<report>
				<misses>16846001</misses>
				<total>37</total>
				<timestamp>5890.204779</timestamp>
			</report>
			<report>
				<misses>16847001</misses>
				<total>37</total>
				<timestamp>5890.554426</timestamp>
			</report>
			<report>
				<misses>16848001</misses>
				<total>37</total>
				<timestamp>5890.904120</timestamp>
			</report>
			<report>
				<misses>16849001</misses>
				<total>37</total>
				<timestamp>5891.253757</timestamp>
			</report>
			<report>
				<misses>16850001</misses>
				<total>37</total>
				<timestamp>5891.603393</timestamp>
			</report>
			<report>
				<misses>16851001</misses>
				<total>37</total>
				<timestamp>5891.953083</timestamp>
			</report>
			<report>
				<misses>16852001</misses>
				<total>37</total>
				<timestamp>5892.302689</timestamp>
			</report>
			<report>
				<misses>16853001</misses>
				<total>37</total>
				<timestamp>5892.652361</timestamp>
			</report>
			<report>
				<misses>16854001</misses>
				<total>37</total>
				<timestamp>5893.001982</timestamp>
			</report>
			<report>
				<misses>16855001</misses>
				<total>37</total>
				<timestamp>5893.351637</timestamp>
			</report>
			<report>
				<misses>16856001</misses>
				<total>37</total>
				<timestamp>5893.701285</timestamp>
			</report>
			<report>
				<misses>16857001</misses>
				<total>37</total>
				<timestamp>5894.050958</timestamp>
			</report>
			<report>
				<misses>16858001</misses>
				<total>37</total>
				<timestamp>5894.400570</timestamp>
			</report>
			<report>
				<misses>16859001</misses>
				<total>37</total>
				<timestamp>5894.750252</timestamp>
			</report>
			<report>
				<misses>16860001</misses>
				<total>37</total>
				<timestamp>5895.099903</timestamp>
			</report>
			<report>
				<misses>16861001</misses>
				<total>37</total>
				<timestamp>5895.449541</timestamp>
			</report>
			<report>
				<misses>16862001</misses>
				<total>37</total>
				<timestamp>5895.799201</timestamp>
			</report>
			<report>
				<misses>16863001</misses>
				<total>37</total>
				<timestamp>5896.148830</timestamp>
			</report>
			<report>
				<misses>16864001</misses>
				<total>37</total>
				<timestamp>5896.498488</timestamp>
			</report>
			<report>
				<misses>16865001</misses>
				<total>37</total>
				<timestamp>5896.848205</timestamp>
			</report>
			<report>
				<misses>16866001</misses>
				<total>37</total>
				<timestamp>5897.197817</timestamp>
			</report>
			<report>
				<misses>16867001</misses>
				<total>37</total>
				<timestamp>5897.547430</timestamp>
			</report>
			<report>
				<misses>16868001</misses>
				<total>37</total>
				<timestamp>5897.897105</timestamp>
			</report>
			<report>
				<misses>16869001</misses>
				<total>37</total>
				<timestamp>5898.246789</timestamp>
			</report>
			<report>
				<misses>16870001</misses>
				<total>37</total>
				<timestamp>5898.596397</timestamp>
			</report>
			<report>
				<misses>16871001</misses>
				<total>37</total>
				<timestamp>5898.946080</timestamp>
			</report>
			<report>
				<misses>16872001</misses>
				<total>37</total>
				<timestamp>5899.295668</timestamp>
			</report>
			<report>
				<misses>16873001</misses>
				<total>37</total>
				<timestamp>5899.645388</timestamp>
			</report>
			<report>
				<misses>16874001</misses>
				<total>37</total>
				<timestamp>5899.994992</timestamp>
			</report>
			<report>
				<misses>16875001</misses>
				<total>37</total>
				<timestamp>5900.344655</timestamp>
			</report>
			<report>
				<misses>16876001</misses>
				<total>37</total>
				<timestamp>5900.694285</timestamp>
			</report>
			<report>
				<misses>16877001</misses>
				<total>37</total>
				<timestamp>5901.043941</timestamp>
			</report>
			<report>
				<misses>16878001</misses>
				<total>37</total>
				<timestamp>5901.393597</timestamp>
			</report>
			<report>
				<misses>16879001</misses>
				<total>37</total>
				<timestamp>5901.743227</timestamp>
			</report>
			<report>
				<misses>16880001</misses>
				<total>37</total>
				<timestamp>5902.092995</timestamp>
			</report>
			<report>
				<misses>16881001</misses>
				<total>37</total>
				<timestamp>5902.442530</timestamp>
			</report>
			<report>
				<misses>16882001</misses>
				<total>37</total>
				<timestamp>5902.792186</timestamp>
			</report>
			<report>
				<misses>16883001</misses>
				<total>37</total>
				<timestamp>5903.141833</timestamp>
			</report>
			<report>
				<misses>16884001</misses>
				<total>37</total>
				<timestamp>5903.491527</timestamp>
			</report>
			<report>
				<misses>16885001</misses>
				<total>37</total>
				<timestamp>5903.841168</timestamp>
			</report>
			<report>
				<misses>16886001</misses>
				<total>37</total>
				<timestamp>5904.190807</timestamp>
			</report>
			<report>
				<misses>16887001</misses>
				<total>37</total>
				<timestamp>5904.540441</timestamp>
			</report>
			<report>
				<misses>16888001</misses>
				<total>37</total>
				<timestamp>5904.890138</timestamp>
			</report>
			<report>
				<misses>16889001</misses>
				<total>37</total>
				<timestamp>5905.239738</timestamp>
			</report>
			<report>
				<misses>16890001</misses>
				<total>37</total>
				<timestamp>5905.589386</timestamp>
			</report>
			<report>
				<misses>16891001</misses>
				<total>37</total>
				<timestamp>5905.939065</timestamp>
			</report>
			<report>
				<misses>16892001</misses>
				<total>37</total>
				<timestamp>5906.288742</timestamp>
			</report>
			<report>
				<misses>16893001</misses>
				<total>37</total>
				<timestamp>5906.638321</timestamp>
			</report>
			<report>
				<misses>16894001</misses>
				<total>37</total>
				<timestamp>5906.987995</timestamp>
			</report>
			<report>
				<misses>16895001</misses>
				<total>37</total>
				<timestamp>5907.337619</timestamp>
			</report>
			<report>
				<misses>16896001</misses>
				<total>37</total>
				<timestamp>5907.687269</timestamp>
			</report>
			<report>
				<misses>16897001</misses>
				<total>37</total>
				<timestamp>5908.036954</timestamp>
			</report>
			<report>
				<misses>16898001</misses>
				<total>36</total>
				<timestamp>5908.386678</timestamp>
			</report>
			<report>
				<misses>16899001</misses>
				<total>37</total>
				<timestamp>5908.736225</timestamp>
			</report>
			<report>
				<misses>16900001</misses>
				<total>37</total>
				<timestamp>5909.085905</timestamp>
			</report>
			<report>
				<misses>16901001</misses>
				<total>37</total>
				<timestamp>5909.435533</timestamp>
			</report>
			<report>
				<misses>16902001</misses>
				<total>37</total>
				<timestamp>5909.785167</timestamp>
			</report>
			<report>
				<misses>16903001</misses>
				<total>37</total>
				<timestamp>5910.134912</timestamp>
			</report>
			<report>
				<misses>16904001</misses>
				<total>37</total>
				<timestamp>5910.484500</timestamp>
			</report>
			<report>
				<misses>16905001</misses>
				<total>37</total>
				<timestamp>5910.834158</timestamp>
			</report>
			<report>
				<misses>16906001</misses>
				<total>37</total>
				<timestamp>5911.183796</timestamp>
			</report>
			<report>
				<misses>16907001</misses>
				<total>37</total>
				<timestamp>5911.533433</timestamp>
			</report>
			<report>
				<misses>16908001</misses>
				<total>37</total>
				<timestamp>5911.883118</timestamp>
			</report>
			<report>
				<misses>16909001</misses>
				<total>37</total>
				<timestamp>5912.232739</timestamp>
			</report>
			<report>
				<misses>16910001</misses>
				<total>37</total>
				<timestamp>5912.582386</timestamp>
			</report>
			<report>
				<misses>16911001</misses>
				<total>37</total>
				<timestamp>5912.932035</timestamp>
			</report>
			<report>
				<misses>16912001</misses>
				<total>37</total>
				<timestamp>5913.281724</timestamp>
			</report>
			<report>
				<misses>16913001</misses>
				<total>37</total>
				<timestamp>5913.631332</timestamp>
			</report>
			<report>
				<misses>16914001</misses>
				<total>37</total>
				<timestamp>5913.980981</timestamp>
			</report>
			<report>
				<misses>16915001</misses>
				<total>37</total>
				<timestamp>5914.330660</timestamp>
			</report>
			<report>
				<misses>16916001</misses>
				<total>37</total>
				<timestamp>5914.680296</timestamp>
			</report>
			<report>
				<misses>16917001</misses>
				<total>37</total>
				<timestamp>5915.029943</timestamp>
			</report>
			<report>
				<misses>16918001</misses>
				<total>37</total>
				<timestamp>5915.379579</timestamp>
			</report>
			<report>
				<misses>16919001</misses>
				<total>37</total>
				<timestamp>5915.729230</timestamp>
			</report>
			<report>
				<misses>16920001</misses>
				<total>37</total>
				<timestamp>5916.078968</timestamp>
			</report>
			<report>
				<misses>16921001</misses>
				<total>37</total>
				<timestamp>5916.428520</timestamp>
			</report>
			<report>
				<misses>16922001</misses>
				<total>37</total>
				<timestamp>5916.778202</timestamp>
			</report>
			<report>
				<misses>16923001</misses>
				<total>37</total>
				<timestamp>5917.127838</timestamp>
			</report>
			<report>
				<misses>16924001</misses>
				<total>37</total>
				<timestamp>5917.477490</timestamp>
			</report>
			<report>
				<misses>16925001</misses>
				<total>37</total>
				<timestamp>5917.827157</timestamp>
			</report>
			<report>
				<misses>16926001</misses>
				<total>37</total>
				<timestamp>5918.176832</timestamp>
			</report>
			<report>
				<misses>16927001</misses>
				<total>37</total>
				<timestamp>5918.526434</timestamp>
			</report>
			<report>
				<misses>16928001</misses>
				<total>37</total>
				<timestamp>5918.876108</timestamp>
			</report>
			<report>
				<misses>16929001</misses>
				<total>37</total>
				<timestamp>5919.225744</timestamp>
			</report>
			<report>
				<misses>16930001</misses>
				<total>37</total>
				<timestamp>5919.575403</timestamp>
			</report>
			<report>
				<misses>16931001</misses>
				<total>37</total>
				<timestamp>5919.925054</timestamp>
			</report>
			<report>
				<misses>16932001</misses>
				<total>37</total>
				<timestamp>5920.274744</timestamp>
			</report>
			<report>
				<misses>16933001</misses>
				<total>37</total>
				<timestamp>5920.624374</timestamp>
			</report>
			<report>
				<misses>16934001</misses>
				<total>37</total>
				<timestamp>5920.974029</timestamp>
			</report>
			<report>
				<misses>16935001</misses>
				<total>37</total>
				<timestamp>5921.323677</timestamp>
			</report>
			<report>
				<misses>16936001</misses>
				<total>37</total>
				<timestamp>5921.673277</timestamp>
			</report>
			<report>
				<misses>16937001</misses>
				<total>37</total>
				<timestamp>5922.022961</timestamp>
			</report>
			<report>
				<misses>16938001</misses>
				<total>37</total>
				<timestamp>5922.372599</timestamp>
			</report>
			<report>
				<misses>16939001</misses>
				<total>37</total>
				<timestamp>5922.722239</timestamp>
			</report>
			<report>
				<misses>16940001</misses>
				<total>37</total>
				<timestamp>5923.071926</timestamp>
			</report>
			<report>
				<misses>16941001</misses>
				<total>37</total>
				<timestamp>5923.421530</timestamp>
			</report>
			<report>
				<misses>16942001</misses>
				<total>37</total>
				<timestamp>5923.771189</timestamp>
			</report>
			<report>
				<misses>16943001</misses>
				<total>37</total>
				<timestamp>5924.120846</timestamp>
			</report>
			<report>
				<misses>16944001</misses>
				<total>37</total>
				<timestamp>5924.470469</timestamp>
			</report>
			<report>
				<misses>16945001</misses>
				<total>37</total>
				<timestamp>5924.820140</timestamp>
			</report>
			<report>
				<misses>16946001</misses>
				<total>37</total>
				<timestamp>5925.169808</timestamp>
			</report>
			<report>
				<misses>16947001</misses>
				<total>37</total>
				<timestamp>5925.519439</timestamp>
			</report>
			<report>
				<misses>16948001</misses>
				<total>37</total>
				<timestamp>5925.869093</timestamp>
			</report>
			<report>
				<misses>16949001</misses>
				<total>37</total>
				<timestamp>5926.218763</timestamp>
			</report>
			<report>
				<misses>16950001</misses>
				<total>37</total>
				<timestamp>5926.568367</timestamp>
			</report>
			<report>
				<misses>16951001</misses>
				<total>37</total>
				<timestamp>5926.918049</timestamp>
			</report>
			<report>
				<misses>16952001</misses>
				<total>37</total>
				<timestamp>5927.267790</timestamp>
			</report>
			<report>
				<misses>16953001</misses>
				<total>37</total>
				<timestamp>5927.617335</timestamp>
			</report>
			<report>
				<misses>16954001</misses>
				<total>37</total>
				<timestamp>5927.966980</timestamp>
			</report>
			<report>
				<misses>16955001</misses>
				<total>37</total>
				<timestamp>5928.316637</timestamp>
			</report>
			<report>
				<misses>16956001</misses>
				<total>37</total>
				<timestamp>5928.666277</timestamp>
			</report>
			<report>
				<misses>16957001</misses>
				<total>37</total>
				<timestamp>5929.015944</timestamp>
			</report>
			<report>
				<misses>16958001</misses>
				<total>37</total>
				<timestamp>5929.365591</timestamp>
			</report>
			<report>
				<misses>16959001</misses>
				<total>37</total>
				<timestamp>5929.715253</timestamp>
			</report>
			<report>
				<misses>16960001</misses>
				<total>37</total>
				<timestamp>5930.064894</timestamp>
			</report>
			<report>
				<misses>16961001</misses>
				<total>37</total>
				<timestamp>5930.414545</timestamp>
			</report>
			<report>
				<misses>16962001</misses>
				<total>37</total>
				<timestamp>5930.764171</timestamp>
			</report>
			<report>
				<misses>16963001</misses>
				<total>37</total>
				<timestamp>5931.113866</timestamp>
			</report>
			<report>
				<misses>16964001</misses>
				<total>37</total>
				<timestamp>5931.463477</timestamp>
			</report>
			<report>
				<misses>16965001</misses>
				<total>37</total>
				<timestamp>5931.813127</timestamp>
			</report>
			<report>
				<misses>16966001</misses>
				<total>37</total>
				<timestamp>5932.162789</timestamp>
			</report>
			<report>
				<misses>16967001</misses>
				<total>37</total>
				<timestamp>5932.512465</timestamp>
			</report>
			<report>
				<misses>16968001</misses>
				<total>37</total>
				<timestamp>5932.862124</timestamp>
			</report>
			<report>
				<misses>16969001</misses>
				<total>37</total>
				<timestamp>5933.211737</timestamp>
			</report>
			<report>
				<misses>16970001</misses>
				<total>37</total>
				<timestamp>5933.561385</timestamp>
			</report>
			<report>
				<misses>16971001</misses>
				<total>37</total>
				<timestamp>5933.911047</timestamp>
			</report>
			<report>
				<misses>16972001</misses>
				<total>37</total>
				<timestamp>5934.260735</timestamp>
			</report>
			<report>
				<misses>16973001</misses>
				<total>37</total>
				<timestamp>5934.610336</timestamp>
			</report>
			<report>
				<misses>16974001</misses>
				<total>37</total>
				<timestamp>5934.960002</timestamp>
			</report>
			<report>
				<misses>16975001</misses>
				<total>37</total>
				<timestamp>5935.309645</timestamp>
			</report>
			<report>
				<misses>16976001</misses>
				<total>37</total>
				<timestamp>5935.659287</timestamp>
			</report>
			<report>
				<misses>16977001</misses>
				<total>37</total>
				<timestamp>5936.008940</timestamp>
			</report>
			<report>
				<misses>16978001</misses>
				<total>37</total>
				<timestamp>5936.358631</timestamp>
			</report>
			<report>
				<misses>16979001</misses>
				<total>37</total>
				<timestamp>5936.708246</timestamp>
			</report>
			<report>
				<misses>16980001</misses>
				<total>37</total>
				<timestamp>5937.057880</timestamp>
			</report>
			<report>
				<misses>16981001</misses>
				<total>37</total>
				<timestamp>5937.407526</timestamp>
			</report>
			<report>
				<misses>16982001</misses>
				<total>37</total>
				<timestamp>5937.757191</timestamp>
			</report>
			<report>
				<misses>16983001</misses>
				<total>37</total>
				<timestamp>5938.106830</timestamp>
			</report>
			<report>
				<misses>16984001</misses>
				<total>37</total>
				<timestamp>5938.456493</timestamp>
			</report>
			<report>
				<misses>16985001</misses>
				<total>37</total>
				<timestamp>5938.806157</timestamp>
			</report>
			<report>
				<misses>16986001</misses>
				<total>37</total>
				<timestamp>5939.155851</timestamp>
			</report>
			<report>
				<misses>16987001</misses>
				<total>37</total>
				<timestamp>5939.505433</timestamp>
			</report>
			<report>
				<misses>16988001</misses>
				<total>37</total>
				<timestamp>5939.855096</timestamp>
			</report>
			<report>
				<misses>16989001</misses>
				<total>37</total>
				<timestamp>5940.204767</timestamp>
			</report>
			<report>
				<misses>16990001</misses>
				<total>37</total>
				<timestamp>5940.554375</timestamp>
			</report>
			<report>
				<misses>16991001</misses>
				<total>37</total>
				<timestamp>5940.904052</timestamp>
			</report>
			<report>
				<misses>16992001</misses>
				<total>37</total>
				<timestamp>5941.253690</timestamp>
			</report>
			<report>
				<misses>16993001</misses>
				<total>37</total>
				<timestamp>5941.603330</timestamp>
			</report>
			<report>
				<misses>16994001</misses>
				<total>37</total>
				<timestamp>5941.952987</timestamp>
			</report>
			<report>
				<misses>16995001</misses>
				<total>37</total>
				<timestamp>5942.302661</timestamp>
			</report>
			<report>
				<misses>16996001</misses>
				<total>37</total>
				<timestamp>5942.652269</timestamp>
			</report>
			<report>
				<misses>16997001</misses>
				<total>37</total>
				<timestamp>5943.001927</timestamp>
			</report>
			<report>
				<misses>16998001</misses>
				<total>37</total>
				<timestamp>5943.351595</timestamp>
			</report>
			<report>
				<misses>16999001</misses>
				<total>37</total>
				<timestamp>5943.701244</timestamp>
			</report>
			<report>
				<misses>17000001</misses>
				<total>37</total>
				<timestamp>5944.050896</timestamp>
			</report>
			<report>
				<misses>17001001</misses>
				<total>37</total>
				<timestamp>5944.400559</timestamp>
			</report>
			<report>
				<misses>17002001</misses>
				<total>37</total>
				<timestamp>5944.750182</timestamp>
			</report>
			<report>
				<misses>17003001</misses>
				<total>37</total>
				<timestamp>5945.099876</timestamp>
			</report>
			<report>
				<misses>17004001</misses>
				<total>37</total>
				<timestamp>5945.449495</timestamp>
			</report>
			<report>
				<misses>17005001</misses>
				<total>37</total>
				<timestamp>5945.799137</timestamp>
			</report>
			<report>
				<misses>17006001</misses>
				<total>37</total>
				<timestamp>5946.148784</timestamp>
			</report>
			<report>
				<misses>17007001</misses>
				<total>37</total>
				<timestamp>5946.498467</timestamp>
			</report>
			<report>
				<misses>17008001</misses>
				<total>37</total>
				<timestamp>5946.848112</timestamp>
			</report>
			<report>
				<misses>17009001</misses>
				<total>37</total>
				<timestamp>5947.197795</timestamp>
			</report>
			<report>
				<misses>17010001</misses>
				<total>37</total>
				<timestamp>5947.547381</timestamp>
			</report>
			<report>
				<misses>17011001</misses>
				<total>37</total>
				<timestamp>5947.897044</timestamp>
			</report>
			<report>
				<misses>17012001</misses>
				<total>37</total>
				<timestamp>5948.246700</timestamp>
			</report>
			<report>
				<misses>17013001</misses>
				<total>37</total>
				<timestamp>5948.596334</timestamp>
			</report>
			<report>
				<misses>17014001</misses>
				<total>37</total>
				<timestamp>5948.945985</timestamp>
			</report>
			<report>
				<misses>17015001</misses>
				<total>37</total>
				<timestamp>5949.295654</timestamp>
			</report>
			<report>
				<misses>17016001</misses>
				<total>37</total>
				<timestamp>5949.645317</timestamp>
			</report>
			<report>
				<misses>17017001</misses>
				<total>37</total>
				<timestamp>5949.994941</timestamp>
			</report>
			<report>
				<misses>17018001</misses>
				<total>37</total>
				<timestamp>5950.344605</timestamp>
			</report>
			<report>
				<misses>17019001</misses>
				<total>37</total>
				<timestamp>5950.694250</timestamp>
			</report>
			<report>
				<misses>17020001</misses>
				<total>37</total>
				<timestamp>5951.043895</timestamp>
			</report>
			<report>
				<misses>17021001</misses>
				<total>37</total>
				<timestamp>5951.393584</timestamp>
			</report>
			<report>
				<misses>17022001</misses>
				<total>37</total>
				<timestamp>5951.743187</timestamp>
			</report>
			<report>
				<misses>17023001</misses>
				<total>37</total>
				<timestamp>5952.092838</timestamp>
			</report>
			<report>
				<misses>17024001</misses>
				<total>37</total>
				<timestamp>5952.442492</timestamp>
			</report>
			<report>
				<misses>17025001</misses>
				<total>37</total>
				<timestamp>5952.792145</timestamp>
			</report>
			<report>
				<misses>17026001</misses>
				<total>37</total>
				<timestamp>5953.141790</timestamp>
			</report>
			<report>
				<misses>17027001</misses>
				<total>37</total>
				<timestamp>5953.491455</timestamp>
			</report>
			<report>
				<misses>17028001</misses>
				<total>37</total>
				<timestamp>5953.841126</timestamp>
			</report>
			<report>
				<misses>17029001</misses>
				<total>37</total>
				<timestamp>5954.190759</timestamp>
			</report>
			<report>
				<misses>17030001</misses>
				<total>37</total>
				<timestamp>5954.540391</timestamp>
			</report>
			<report>
				<misses>17031001</misses>
				<total>37</total>
				<timestamp>5954.890060</timestamp>
			</report>
			<report>
				<misses>17032001</misses>
				<total>37</total>
				<timestamp>5955.239706</timestamp>
			</report>
			<report>
				<misses>17033001</misses>
				<total>37</total>
				<timestamp>5955.589337</timestamp>
			</report>
			<report>
				<misses>17034001</misses>
				<total>37</total>
				<timestamp>5955.938994</timestamp>
			</report>
			<report>
				<misses>17035001</misses>
				<total>37</total>
				<timestamp>5956.288677</timestamp>
			</report>
			<report>
				<misses>17036001</misses>
				<total>37</total>
				<timestamp>5956.638290</timestamp>
			</report>
			<report>
				<misses>17037001</misses>
				<total>37</total>
				<timestamp>5956.987954</timestamp>
			</report>
			<report>
				<misses>17038001</misses>
				<total>37</total>
				<timestamp>5957.337597</timestamp>
			</report>
			<report>
				<misses>17039001</misses>
				<total>37</total>
				<timestamp>5957.687263</timestamp>
			</report>
			<report>
				<misses>17040001</misses>
				<total>37</total>
				<timestamp>5958.036905</timestamp>
			</report>
			<report>
				<misses>17041001</misses>
				<total>37</total>
				<timestamp>5958.386554</timestamp>
			</report>
			<report>
				<misses>17042001</misses>
				<total>37</total>
				<timestamp>5958.736211</timestamp>
			</report>
			<report>
				<misses>17043001</misses>
				<total>37</total>
				<timestamp>5959.085840</timestamp>
			</report>
			<report>
				<misses>17044001</misses>
				<total>37</total>
				<timestamp>5959.435487</timestamp>
			</report>
			<report>
				<misses>17045001</misses>
				<total>37</total>
				<timestamp>5959.785143</timestamp>
			</report>
			<report>
				<misses>17046001</misses>
				<total>37</total>
				<timestamp>5960.134791</timestamp>
			</report>
			<report>
				<misses>17047001</misses>
				<total>37</total>
				<timestamp>5960.484444</timestamp>
			</report>
			<report>
				<misses>17048001</misses>
				<total>37</total>
				<timestamp>5960.834098</timestamp>
			</report>
			<report>
				<misses>17049001</misses>
				<total>37</total>
				<timestamp>5961.183723</timestamp>
			</report>
			<report>
				<misses>17050001</misses>
				<total>37</total>
				<timestamp>5961.533421</timestamp>
			</report>
			<report>
				<misses>17051001</misses>
				<total>37</total>
				<timestamp>5961.883042</timestamp>
			</report>
			<report>
				<misses>17052001</misses>
				<total>37</total>
				<timestamp>5962.232681</timestamp>
			</report>
			<report>
				<misses>17053001</misses>
				<total>37</total>
				<timestamp>5962.582320</timestamp>
			</report>
			<report>
				<misses>17054001</misses>
				<total>37</total>
				<timestamp>5962.931986</timestamp>
			</report>
			<report>
				<misses>17055001</misses>
				<total>37</total>
				<timestamp>5963.281686</timestamp>
			</report>
			<report>
				<misses>17056001</misses>
				<total>37</total>
				<timestamp>5963.631274</timestamp>
			</report>
			<report>
				<misses>17057001</misses>
				<total>37</total>
				<timestamp>5963.980946</timestamp>
			</report>
			<report>
				<misses>17058001</misses>
				<total>37</total>
				<timestamp>5964.330634</timestamp>
			</report>
			<report>
				<misses>17059001</misses>
				<total>37</total>
				<timestamp>5964.680264</timestamp>
			</report>
			<report>
				<misses>17060001</misses>
				<total>37</total>
				<timestamp>5965.029886</timestamp>
			</report>
			<report>
				<misses>17061001</misses>
				<total>37</total>
				<timestamp>5965.379576</timestamp>
			</report>
			<report>
				<misses>17062001</misses>
				<total>37</total>
				<timestamp>5965.729233</timestamp>
			</report>
			<report>
				<misses>17063001</misses>
				<total>37</total>
				<timestamp>5966.078827</timestamp>
			</report>
			<report>
				<misses>17064001</misses>
				<total>37</total>
				<timestamp>5966.428516</timestamp>
			</report>
			<report>
				<misses>17065001</misses>
				<total>37</total>
				<timestamp>5966.778126</timestamp>
			</report>
			<report>
				<misses>17066001</misses>
				<total>37</total>
				<timestamp>5967.127783</timestamp>
			</report>
			<report>
				<misses>17067001</misses>
				<total>37</total>
				<timestamp>5967.477473</timestamp>
			</report>
			<report>
				<misses>17068001</misses>
				<total>37</total>
				<timestamp>5967.827101</timestamp>
			</report>
			<report>
				<misses>17069001</misses>
				<total>37</total>
				<timestamp>5968.176732</timestamp>
			</report>
			<report>
				<misses>17070001</misses>
				<total>37</total>
				<timestamp>5968.526404</timestamp>
			</report>
			<report>
				<misses>17071001</misses>
				<total>37</total>
				<timestamp>5968.876035</timestamp>
			</report>
			<report>
				<misses>17072001</misses>
				<total>37</total>
				<timestamp>5969.225681</timestamp>
			</report>
			<report>
				<misses>17073001</misses>
				<total>37</total>
				<timestamp>5969.575325</timestamp>
			</report>
			<report>
				<misses>17074001</misses>
				<total>37</total>
				<timestamp>5969.924968</timestamp>
			</report>
			<report>
				<misses>17075001</misses>
				<total>37</total>
				<timestamp>5970.274636</timestamp>
			</report>
			<report>
				<misses>17076001</misses>
				<total>37</total>
				<timestamp>5970.624307</timestamp>
			</report>
			<report>
				<misses>17077001</misses>
				<total>37</total>
				<timestamp>5970.973977</timestamp>
			</report>
			<report>
				<misses>17078001</misses>
				<total>37</total>
				<timestamp>5971.323572</timestamp>
			</report>
			<report>
				<misses>17079001</misses>
				<total>37</total>
				<timestamp>5971.673239</timestamp>
			</report>
			<report>
				<misses>17080001</misses>
				<total>37</total>
				<timestamp>5972.022894</timestamp>
			</report>
			<report>
				<misses>17081001</misses>
				<total>37</total>
				<timestamp>5972.372531</timestamp>
			</report>
			<report>
				<misses>17082001</misses>
				<total>37</total>
				<timestamp>5972.722181</timestamp>
			</report>
			<report>
				<misses>17083001</misses>
				<total>37</total>
				<timestamp>5973.071850</timestamp>
			</report>
			<report>
				<misses>17084001</misses>
				<total>37</total>
				<timestamp>5973.421482</timestamp>
			</report>
			<report>
				<misses>17085001</misses>
				<total>37</total>
				<timestamp>5973.771141</timestamp>
			</report>
			<report>
				<misses>17086001</misses>
				<total>37</total>
				<timestamp>5974.120811</timestamp>
			</report>
			<report>
				<misses>17087001</misses>
				<total>37</total>
				<timestamp>5974.470501</timestamp>
			</report>
			<report>
				<misses>17088001</misses>
				<total>37</total>
				<timestamp>5974.820106</timestamp>
			</report>
			<report>
				<misses>17089001</misses>
				<total>37</total>
				<timestamp>5975.169744</timestamp>
			</report>
			<report>
				<misses>17090001</misses>
				<total>37</total>
				<timestamp>5975.519457</timestamp>
			</report>
			<report>
				<misses>17091001</misses>
				<total>37</total>
				<timestamp>5975.869027</timestamp>
			</report>
			<report>
				<misses>17092001</misses>
				<total>37</total>
				<timestamp>5976.218685</timestamp>
			</report>
			<report>
				<misses>17093001</misses>
				<total>37</total>
				<timestamp>5976.568323</timestamp>
			</report>
			<report>
				<misses>17094001</misses>
				<total>37</total>
				<timestamp>5976.917976</timestamp>
			</report>
			<report>
				<misses>17095001</misses>
				<total>37</total>
				<timestamp>5977.267683</timestamp>
			</report>
			<report>
				<misses>17096001</misses>
				<total>37</total>
				<timestamp>5977.617330</timestamp>
			</report>
			<report>
				<misses>17097001</misses>
				<total>37</total>
				<timestamp>5977.966934</timestamp>
			</report>
			<report>
				<misses>17098001</misses>
				<total>37</total>
				<timestamp>5978.316629</timestamp>
			</report>
			<report>
				<misses>17099001</misses>
				<total>37</total>
				<timestamp>5978.666251</timestamp>
			</report>
			<report>
				<misses>17100001</misses>
				<total>37</total>
				<timestamp>5979.015889</timestamp>
			</report>
			<report>
				<misses>17101001</misses>
				<total>37</total>
				<timestamp>5979.365593</timestamp>
			</report>
			<report>
				<misses>17102001</misses>
				<total>37</total>
				<timestamp>5979.715173</timestamp>
			</report>
			<report>
				<misses>17103001</misses>
				<total>37</total>
				<timestamp>5980.064823</timestamp>
			</report>
			<report>
				<misses>17104001</misses>
				<total>37</total>
				<timestamp>5980.414490</timestamp>
			</report>
			<report>
				<misses>17105001</misses>
				<total>37</total>
				<timestamp>5980.764137</timestamp>
			</report>
			<report>
				<misses>17106001</misses>
				<total>37</total>
				<timestamp>5981.113784</timestamp>
			</report>
			<report>
				<misses>17107001</misses>
				<total>37</total>
				<timestamp>5981.463466</timestamp>
			</report>
			<report>
				<misses>17108001</misses>
				<total>37</total>
				<timestamp>5981.813116</timestamp>
			</report>
			<report>
				<misses>17109001</misses>
				<total>37</total>
				<timestamp>5982.162726</timestamp>
			</report>
			<report>
				<misses>17110001</misses>
				<total>37</total>
				<timestamp>5982.512438</timestamp>
			</report>
			<report>
				<misses>17111001</misses>
				<total>37</total>
				<timestamp>5982.862047</timestamp>
			</report>
			<report>
				<misses>17112001</misses>
				<total>37</total>
				<timestamp>5983.211685</timestamp>
			</report>
			<report>
				<misses>17113001</misses>
				<total>37</total>
				<timestamp>5983.561352</timestamp>
			</report>
			<report>
				<misses>17114001</misses>
				<total>37</total>
				<timestamp>5983.910985</timestamp>
			</report>
			<report>
				<misses>17115001</misses>
				<total>37</total>
				<timestamp>5984.260638</timestamp>
			</report>
			<report>
				<misses>17116001</misses>
				<total>37</total>
				<timestamp>5984.610283</timestamp>
			</report>
			<report>
				<misses>17117001</misses>
				<total>37</total>
				<timestamp>5984.959949</timestamp>
			</report>
			<report>
				<misses>17118001</misses>
				<total>37</total>
				<timestamp>5985.309570</timestamp>
			</report>
			<report>
				<misses>17119001</misses>
				<total>37</total>
				<timestamp>5985.659279</timestamp>
			</report>
			<report>
				<misses>17120001</misses>
				<total>37</total>
				<timestamp>5986.008925</timestamp>
			</report>
			<report>
				<misses>17121001</misses>
				<total>37</total>
				<timestamp>5986.358543</timestamp>
			</report>
			<report>
				<misses>17122001</misses>
				<total>37</total>
				<timestamp>5986.708185</timestamp>
			</report>
			<report>
				<misses>17123001</misses>
				<total>37</total>
				<timestamp>5987.057903</timestamp>
			</report>
			<report>
				<misses>17124001</misses>
				<total>37</total>
				<timestamp>5987.407542</timestamp>
			</report>
			<report>
				<misses>17125001</misses>
				<total>37</total>
				<timestamp>5987.757164</timestamp>
			</report>
			<report>
				<misses>17126001</misses>
				<total>37</total>
				<timestamp>5988.106792</timestamp>
			</report>
			<report>
				<misses>17127001</misses>
				<total>37</total>
				<timestamp>5988.456469</timestamp>
			</report>
			<report>
				<misses>17128001</misses>
				<total>37</total>
				<timestamp>5988.806104</timestamp>
			</report>
			<report>
				<misses>17129001</misses>
				<total>37</total>
				<timestamp>5989.155755</timestamp>
			</report>
			<report>
				<misses>17130001</misses>
				<total>37</total>
				<timestamp>5989.505417</timestamp>
			</report>
			<report>
				<misses>17131001</misses>
				<total>37</total>
				<timestamp>5989.855061</timestamp>
			</report>
			<report>
				<misses>17132001</misses>
				<total>37</total>
				<timestamp>5990.204671</timestamp>
			</report>
			<report>
				<misses>17133001</misses>
				<total>37</total>
				<timestamp>5990.554372</timestamp>
			</report>
			<report>
				<misses>17134001</misses>
				<total>37</total>
				<timestamp>5990.904000</timestamp>
			</report>
			<report>
				<misses>17135001</misses>
				<total>37</total>
				<timestamp>5991.253672</timestamp>
			</report>
			<report>
				<misses>17136001</misses>
				<total>37</total>
				<timestamp>5991.603301</timestamp>
			</report>
			<report>
				<misses>17137001</misses>
				<total>37</total>
				<timestamp>5991.952951</timestamp>
			</report>
			<report>
				<misses>17138001</misses>
				<total>37</total>
				<timestamp>5992.302607</timestamp>
			</report>
			<report>
				<misses>17139001</misses>
				<total>37</total>
				<timestamp>5992.652236</timestamp>
			</report>
			<report>
				<misses>17140001</misses>
				<total>37</total>
				<timestamp>5993.001878</timestamp>
			</report>
			<report>
				<misses>17141001</misses>
				<total>37</total>
				<timestamp>5993.351536</timestamp>
			</report>
			<report>
				<misses>17142001</misses>
				<total>37</total>
				<timestamp>5993.701241</timestamp>
			</report>
			<report>
				<misses>17143001</misses>
				<total>37</total>
				<timestamp>5994.050842</timestamp>
			</report>
			<report>
				<misses>17144001</misses>
				<total>37</total>
				<timestamp>5994.400494</timestamp>
			</report>
			<report>
				<misses>17145001</misses>
				<total>37</total>
				<timestamp>5994.750143</timestamp>
			</report>
			<report>
				<misses>17146001</misses>
				<total>37</total>
				<timestamp>5995.099809</timestamp>
			</report>
			<report>
				<misses>17147001</misses>
				<total>37</total>
				<timestamp>5995.449441</timestamp>
			</report>
			<report>
				<misses>17148001</misses>
				<total>37</total>
				<timestamp>5995.799112</timestamp>
			</report>
			<report>
				<misses>17149001</misses>
				<total>37</total>
				<timestamp>5996.148725</timestamp>
			</report>
			<report>
				<misses>17150001</misses>
				<total>37</total>
				<timestamp>5996.498485</timestamp>
			</report>
			<report>
				<misses>17151001</misses>
				<total>37</total>
				<timestamp>5996.848049</timestamp>
			</report>
			<report>
				<misses>17152001</misses>
				<total>37</total>
				<timestamp>5997.197690</timestamp>
			</report>
			<report>
				<misses>17153001</misses>
				<total>37</total>
				<timestamp>5997.547346</timestamp>
			</report>
			<report>
				<misses>17154001</misses>
				<total>37</total>
				<timestamp>5997.896983</timestamp>
			</report>
			<report>
				<misses>17155001</misses>
				<total>37</total>
				<timestamp>5998.246632</timestamp>
			</report>
			<report>
				<misses>17156001</misses>
				<total>37</total>
				<timestamp>5998.596279</timestamp>
			</report>
			<report>
				<misses>17157001</misses>
				<total>37</total>
				<timestamp>5998.945932</timestamp>
			</report>
			<report>
				<misses>17158001</misses>
				<total>37</total>
				<timestamp>5999.295627</timestamp>
			</report>
			<report>
				<misses>17159001</misses>
				<total>37</total>
				<timestamp>5999.645316</timestamp>
			</report>
			<report>
				<misses>17160001</misses>
				<total>37</total>
				<timestamp>5999.994889</timestamp>
			</report>
			<report>
				<misses>17161001</misses>
				<total>37</total>
				<timestamp>6000.344515</timestamp>
			</report>
			<report>
				<misses>17162001</misses>
				<total>37</total>
				<timestamp>6000.694210</timestamp>
			</report>
			<report>
				<misses>17163001</misses>
				<total>37</total>
				<timestamp>6001.043842</timestamp>
			</report>
			<report>
				<misses>17164001</misses>
				<total>37</total>
				<timestamp>6001.393508</timestamp>
			</report>
			<report>
				<misses>17165001</misses>
				<total>37</total>
				<timestamp>6001.743137</timestamp>
			</report>
			<report>
				<misses>17166001</misses>
				<total>37</total>
				<timestamp>6002.092802</timestamp>
			</report>
			<report>
				<misses>17167001</misses>
				<total>37</total>
				<timestamp>6002.442452</timestamp>
			</report>
			<report>
				<misses>17168001</misses>
				<total>37</total>
				<timestamp>6002.792111</timestamp>
			</report>
			<report>
				<misses>17169001</misses>
				<total>37</total>
				<timestamp>6003.141746</timestamp>
			</report>
			<report>
				<misses>17170001</misses>
				<total>37</total>
				<timestamp>6003.491409</timestamp>
			</report>
			<report>
				<misses>17171001</misses>
				<total>37</total>
				<timestamp>6003.841038</timestamp>
			</report>
			<report>
				<misses>17172001</misses>
				<total>37</total>
				<timestamp>6004.190683</timestamp>
			</report>
			<report>
				<misses>17173001</misses>
				<total>37</total>
				<timestamp>6004.540399</timestamp>
			</report>
			<report>
				<misses>17174001</misses>
				<total>37</total>
				<timestamp>6004.889980</timestamp>
			</report>
			<report>
				<misses>17175001</misses>
				<total>37</total>
				<timestamp>6005.239636</timestamp>
			</report>
			<report>
				<misses>17176001</misses>
				<total>37</total>
				<timestamp>6005.589288</timestamp>
			</report>
			<report>
				<misses>17177001</misses>
				<total>37</total>
				<timestamp>6005.938927</timestamp>
			</report>
			<report>
				<misses>17178001</misses>
				<total>37</total>
				<timestamp>6006.288579</timestamp>
			</report>
			<report>
				<misses>17179001</misses>
				<total>37</total>
				<timestamp>6006.638306</timestamp>
			</report>
			<report>
				<misses>17180001</misses>
				<total>37</total>
				<timestamp>6006.987886</timestamp>
			</report>
			<report>
				<misses>17181001</misses>
				<total>37</total>
				<timestamp>6007.337549</timestamp>
			</report>
			<report>
				<misses>17182001</misses>
				<total>37</total>
				<timestamp>6007.687196</timestamp>
			</report>
			<report>
				<misses>17183001</misses>
				<total>37</total>
				<timestamp>6008.036845</timestamp>
			</report>
			<report>
				<misses>17184001</misses>
				<total>37</total>
				<timestamp>6008.386476</timestamp>
			</report>
			<report>
				<misses>17185001</misses>
				<total>37</total>
				<timestamp>6008.736139</timestamp>
			</report>
			<report>
				<misses>17186001</misses>
				<total>37</total>
				<timestamp>6009.085770</timestamp>
			</report>
			<report>
				<misses>17187001</misses>
				<total>37</total>
				<timestamp>6009.435443</timestamp>
			</report>
			<report>
				<misses>17188001</misses>
				<total>37</total>
				<timestamp>6009.785107</timestamp>
			</report>
			<report>
				<misses>17189001</misses>
				<total>37</total>
				<timestamp>6010.134732</timestamp>
			</report>
			<report>
				<misses>17190001</misses>
				<total>37</total>
				<timestamp>6010.484404</timestamp>
			</report>
			<report>
				<misses>17191001</misses>
				<total>37</total>
				<timestamp>6010.834041</timestamp>
			</report>
			<report>
				<misses>17192001</misses>
				<total>37</total>
				<timestamp>6011.183691</timestamp>
			</report>
			<report>
				<misses>17193001</misses>
				<total>37</total>
				<timestamp>6011.533341</timestamp>
			</report>
			<report>
				<misses>17194001</misses>
				<total>37</total>
				<timestamp>6011.883047</timestamp>
			</report>
			<report>
				<misses>17195001</misses>
				<total>37</total>
				<timestamp>6012.232620</timestamp>
			</report>
			<report>
				<misses>17196001</misses>
				<total>37</total>
				<timestamp>6012.582330</timestamp>
			</report>
			<report>
				<misses>17197001</misses>
				<total>37</total>
				<timestamp>6012.931923</timestamp>
			</report>
			<report>
				<misses>17198001</misses>
				<total>37</total>
				<timestamp>6013.281588</timestamp>
			</report>
			<report>
				<misses>17199001</misses>
				<total>37</total>
				<timestamp>6013.631253</timestamp>
			</report>
			<report>
				<misses>17200001</misses>
				<total>37</total>
				<timestamp>6013.980893</timestamp>
			</report>
			<report>
				<misses>17201001</misses>
				<total>37</total>
				<timestamp>6014.330525</timestamp>
			</report>
			<report>
				<misses>17202001</misses>
				<total>37</total>
				<timestamp>6014.680210</timestamp>
			</report>
			<report>
				<misses>17203001</misses>
				<total>37</total>
				<timestamp>6015.029837</timestamp>
			</report>
			<report>
				<misses>17204001</misses>
				<total>37</total>
				<timestamp>6015.379482</timestamp>
			</report>
			<report>
				<misses>17205001</misses>
				<total>37</total>
				<timestamp>6015.729181</timestamp>
			</report>
			<report>
				<misses>17206001</misses>
				<total>37</total>
				<timestamp>6016.078834</timestamp>
			</report>
			<report>
				<misses>17207001</misses>
				<total>37</total>
				<timestamp>6016.428462</timestamp>
			</report>
			<report>
				<misses>17208001</misses>
				<total>37</total>
				<timestamp>6016.778093</timestamp>
			</report>
			<report>
				<misses>17209001</misses>
				<total>37</total>
				<timestamp>6017.127766</timestamp>
			</report>
			<report>
				<misses>17210001</misses>
				<total>37</total>
				<timestamp>6017.477399</timestamp>
			</report>
			<report>
				<misses>17211001</misses>
				<total>37</total>
				<timestamp>6017.827046</timestamp>
			</report>
			<report>
				<misses>17212001</misses>
				<total>37</total>
				<timestamp>6018.176689</timestamp>
			</report>
			<report>
				<misses>17213001</misses>
				<total>37</total>
				<timestamp>6018.526339</timestamp>
			</report>
			<report>
				<misses>17214001</misses>
				<total>37</total>
				<timestamp>6018.876002</timestamp>
			</report>
			<report>
				<misses>17215001</misses>
				<total>37</total>
				<timestamp>6019.225632</timestamp>
			</report>
			<report>
				<misses>17216001</misses>
				<total>37</total>
				<timestamp>6019.575286</timestamp>
			</report>
			<report>
				<misses>17217001</misses>
				<total>37</total>
				<timestamp>6019.924946</timestamp>
			</report>
			<report>
				<misses>17218001</misses>
				<total>37</total>
				<timestamp>6020.274586</timestamp>
			</report>
			<report>
				<misses>17219001</misses>
				<total>37</total>
				<timestamp>6020.624252</timestamp>
			</report>
			<report>
				<misses>17220001</misses>
				<total>37</total>
				<timestamp>6020.973896</timestamp>
			</report>
			<report>
				<misses>17221001</misses>
				<total>37</total>
				<timestamp>6021.323573</timestamp>
			</report>
			<report>
				<misses>17222001</misses>
				<total>37</total>
				<timestamp>6021.673228</timestamp>
			</report>
			<report>
				<misses>17223001</misses>
				<total>37</total>
				<timestamp>6022.022843</timestamp>
			</report>
			<report>
				<misses>17224001</misses>
				<total>37</total>
				<timestamp>6022.372471</timestamp>
			</report>
			<report>
				<misses>17225001</misses>
				<total>37</total>
				<timestamp>6022.722133</timestamp>
			</report>
			<report>
				<misses>17226001</misses>
				<total>37</total>
				<timestamp>6023.071789</timestamp>
			</report>
			<report>
				<misses>17227001</misses>
				<total>37</total>
				<timestamp>6023.421421</timestamp>
			</report>
			<report>
				<misses>17228001</misses>
				<total>37</total>
				<timestamp>6023.771141</timestamp>
			</report>
			<report>
				<misses>17229001</misses>
				<total>37</total>
				<timestamp>6024.120728</timestamp>
			</report>
			<report>
				<misses>17230001</misses>
				<total>37</total>
				<timestamp>6024.470386</timestamp>
			</report>
			<report>
				<misses>17231001</misses>
				<total>37</total>
				<timestamp>6024.820028</timestamp>
			</report>
			<report>
				<misses>17232001</misses>
				<total>37</total>
				<timestamp>6025.169680</timestamp>
			</report>
			<report>
				<misses>17233001</misses>
				<total>37</total>
				<timestamp>6025.519353</timestamp>
			</report>
			<report>
				<misses>17234001</misses>
				<total>37</total>
				<timestamp>6025.868995</timestamp>
			</report>
			<report>
				<misses>17235001</misses>
				<total>37</total>
				<timestamp>6026.218652</timestamp>
			</report>
			<report>
				<misses>17236001</misses>
				<total>37</total>
				<timestamp>6026.568302</timestamp>
			</report>
			<report>
				<misses>17237001</misses>
				<total>37</total>
				<timestamp>6026.917926</timestamp>
			</report>
			<report>
				<misses>17238001</misses>
				<total>37</total>
				<timestamp>6027.267580</timestamp>
			</report>
			<report>
				<misses>17239001</misses>
				<total>37</total>
				<timestamp>6027.617269</timestamp>
			</report>
			<report>
				<misses>17240001</misses>
				<total>37</total>
				<timestamp>6027.966879</timestamp>
			</report>
			<report>
				<misses>17241001</misses>
				<total>37</total>
				<timestamp>6028.316512</timestamp>
			</report>
			<report>
				<misses>17242001</misses>
				<total>37</total>
				<timestamp>6028.666246</timestamp>
			</report>
			<report>
				<misses>17243001</misses>
				<total>37</total>
				<timestamp>6029.015837</timestamp>
			</report>
			<report>
				<misses>17244001</misses>
				<total>37</total>
				<timestamp>6029.365489</timestamp>
			</report>
			<report>
				<misses>17245001</misses>
				<total>37</total>
				<timestamp>6029.715159</timestamp>
			</report>
			<report>
				<misses>17246001</misses>
				<total>37</total>
				<timestamp>6030.064782</timestamp>
			</report>
			<report>
				<misses>17247001</misses>
				<total>37</total>
				<timestamp>6030.414444</timestamp>
			</report>
			<report>
				<misses>17248001</misses>
				<total>37</total>
				<timestamp>6030.764148</timestamp>
			</report>
			<report>
				<misses>17249001</misses>
				<total>37</total>
				<timestamp>6031.113735</timestamp>
			</report>
			<report>
				<misses>17250001</misses>
				<total>37</total>
				<timestamp>6031.463378</timestamp>
			</report>
			<report>
				<misses>17251001</misses>
				<total>37</total>
				<timestamp>6031.813041</timestamp>
			</report>
			<report>
				<misses>17252001</misses>
				<total>37</total>
				<timestamp>6032.162691</timestamp>
			</report>
			<report>
				<misses>17253001</misses>
				<total>37</total>
				<timestamp>6032.512357</timestamp>
			</report>
			<report>
				<misses>17254001</misses>
				<total>37</total>
				<timestamp>6032.861989</timestamp>
			</report>
			<report>
				<misses>17255001</misses>
				<total>37</total>
				<timestamp>6033.211644</timestamp>
			</report>
			<report>
				<misses>17256001</misses>
				<total>37</total>
				<timestamp>6033.561301</timestamp>
			</report>
			<report>
				<misses>17257001</misses>
				<total>37</total>
				<timestamp>6033.910923</timestamp>
			</report>
			<report>
				<misses>17258001</misses>
				<total>37</total>
				<timestamp>6034.260610</timestamp>
			</report>
			<report>
				<misses>17259001</misses>
				<total>37</total>
				<timestamp>6034.610247</timestamp>
			</report>
			<report>
				<misses>17260001</misses>
				<total>37</total>
				<timestamp>6034.959879</timestamp>
			</report>
			<report>
				<misses>17261001</misses>
				<total>37</total>
				<timestamp>6035.309558</timestamp>
			</report>
			<report>
				<misses>17262001</misses>
				<total>37</total>
				<timestamp>6035.659248</timestamp>
			</report>
			<report>
				<misses>17263001</misses>
				<total>37</total>
				<timestamp>6036.008872</timestamp>
			</report>
			<report>
				<misses>17264001</misses>
				<total>37</total>
				<timestamp>6036.358481</timestamp>
			</report>
			<report>
				<misses>17265001</misses>
				<total>37</total>
				<timestamp>6036.708136</timestamp>
			</report>
			<report>
				<misses>17266001</misses>
				<total>37</total>
				<timestamp>6037.057792</timestamp>
			</report>
			<report>
				<misses>17267001</misses>
				<total>37</total>
				<timestamp>6037.407425</timestamp>
			</report>
			<report>
				<misses>17268001</misses>
				<total>37</total>
				<timestamp>6037.757122</timestamp>
			</report>
			<report>
				<misses>17269001</misses>
				<total>37</total>
				<timestamp>6038.106752</timestamp>
			</report>
			<report>
				<misses>17270001</misses>
				<total>37</total>
				<timestamp>6038.456375</timestamp>
			</report>
			<report>
				<misses>17271001</misses>
				<total>37</total>
				<timestamp>6038.806051</timestamp>
			</report>
			<report>
				<misses>17272001</misses>
				<total>37</total>
				<timestamp>6039.155668</timestamp>
			</report>
			<report>
				<misses>17273001</misses>
				<total>37</total>
				<timestamp>6039.505347</timestamp>
			</report>
			<report>
				<misses>17274001</misses>
				<total>37</total>
				<timestamp>6039.855010</timestamp>
			</report>
			<report>
				<misses>17275001</misses>
				<total>37</total>
				<timestamp>6040.204636</timestamp>
			</report>
			<report>
				<misses>17276001</misses>
				<total>37</total>
				<timestamp>6040.554287</timestamp>
			</report>
			<report>
				<misses>17277001</misses>
				<total>37</total>
				<timestamp>6040.903945</timestamp>
			</report>
			<report>
				<misses>17278001</misses>
				<total>37</total>
				<timestamp>6041.253571</timestamp>
			</report>
			<report>
				<misses>17279001</misses>
				<total>37</total>
				<timestamp>6041.603250</timestamp>
			</report>
			<report>
				<misses>17280001</misses>
				<total>37</total>
				<timestamp>6041.952889</timestamp>
			</report>
			<report>
				<misses>17281001</misses>
				<total>37</total>
				<timestamp>6042.302528</timestamp>
			</report>
			<report>
				<misses>17282001</misses>
				<total>37</total>
				<timestamp>6042.652240</timestamp>
			</report>
			<report>
				<misses>17283001</misses>
				<total>37</total>
				<timestamp>6043.001827</timestamp>
			</report>
			<report>
				<misses>17284001</misses>
				<total>37</total>
				<timestamp>6043.351474</timestamp>
			</report>
			<report>
				<misses>17285001</misses>
				<total>37</total>
				<timestamp>6043.701207</timestamp>
			</report>
			<report>
				<misses>17286001</misses>
				<total>37</total>
				<timestamp>6044.050785</timestamp>
			</report>
			<report>
				<misses>17287001</misses>
				<total>37</total>
				<timestamp>6044.400455</timestamp>
			</report>
			<report>
				<misses>17288001</misses>
				<total>37</total>
				<timestamp>6044.750150</timestamp>
			</report>
			<report>
				<misses>17289001</misses>
				<total>37</total>
				<timestamp>6045.099722</timestamp>
			</report>
			<report>
				<misses>17290001</misses>
				<total>37</total>
				<timestamp>6045.449385</timestamp>
			</report>
			<report>
				<misses>17291001</misses>
				<total>37</total>
				<timestamp>6045.799059</timestamp>
			</report>
			<report>
				<misses>17292001</misses>
				<total>37</total>
				<timestamp>6046.148677</timestamp>
			</report>
			<report>
				<misses>17293001</misses>
				<total>37</total>
				<timestamp>6046.498365</timestamp>
			</report>
			<report>
				<misses>17294001</misses>
				<total>37</total>
				<timestamp>6046.847990</timestamp>
			</report>
			<report>
				<misses>17295001</misses>
				<total>37</total>
				<timestamp>6047.197650</timestamp>
			</report>
			<report>
				<misses>17296001</misses>
				<total>37</total>
				<timestamp>6047.547304</timestamp>
			</report>
			<report>
				<misses>17297001</misses>
				<total>37</total>
				<timestamp>6047.896960</timestamp>
			</report>
			<report>
				<misses>17298001</misses>
				<total>37</total>
				<timestamp>6048.246569</timestamp>
			</report>
			<report>
				<misses>17299001</misses>
				<total>37</total>
				<timestamp>6048.596244</timestamp>
			</report>
			<report>
				<misses>17300001</misses>
				<total>37</total>
				<timestamp>6048.945911</timestamp>
			</report>
			<report>
				<misses>17301001</misses>
				<total>37</total>
				<timestamp>6049.295529</timestamp>
			</report>
			<report>
				<misses>17302001</misses>
				<total>37</total>
				<timestamp>6049.645174</timestamp>
			</report>
			<report>
				<misses>17303001</misses>
				<total>37</total>
				<timestamp>6049.994834</timestamp>
			</report>
			<report>
				<misses>17304001</misses>
				<total>37</total>
				<timestamp>6050.344488</timestamp>
			</report>
			<report>
				<misses>17305001</misses>
				<total>37</total>
				<timestamp>6050.694168</timestamp>
			</report>
			<report>
				<misses>17306001</misses>
				<total>37</total>
				<timestamp>6051.043808</timestamp>
			</report>
			<report>
				<misses>17307001</misses>
				<total>37</total>
				<timestamp>6051.393444</timestamp>
			</report>
			<report>
				<misses>17308001</misses>
				<total>37</total>
				<timestamp>6051.743128</timestamp>
			</report>
			<report>
				<misses>17309001</misses>
				<total>37</total>
				<timestamp>6052.092723</timestamp>
			</report>
			<report>
				<misses>17310001</misses>
				<total>37</total>
				<timestamp>6052.442394</timestamp>
			</report>
			<report>
				<misses>17311001</misses>
				<total>37</total>
				<timestamp>6052.792032</timestamp>
			</report>
			<report>
				<misses>17312001</misses>
				<total>37</total>
				<timestamp>6053.141704</timestamp>
			</report>
			<report>
				<misses>17313001</misses>
				<total>37</total>
				<timestamp>6053.491334</timestamp>
			</report>
			<report>
				<misses>17314001</misses>
				<total>37</total>
				<timestamp>6053.841010</timestamp>
			</report>
			<report>
				<misses>17315001</misses>
				<total>37</total>
				<timestamp>6054.190647</timestamp>
			</report>
			<report>
				<misses>17316001</misses>
				<total>37</total>
				<timestamp>6054.540296</timestamp>
			</report>
			<report>
				<misses>17317001</misses>
				<total>37</total>
				<timestamp>6054.889961</timestamp>
			</report>
			<report>
				<misses>17318001</misses>
				<total>37</total>
				<timestamp>6055.239581</timestamp>
			</report>
			<report>
				<misses>17319001</misses>
				<total>37</total>
				<timestamp>6055.589239</timestamp>
			</report>
			<report>
				<misses>17320001</misses>
				<total>37</total>
				<timestamp>6055.938914</timestamp>
			</report>
			<report>
				<misses>17321001</misses>
				<total>37</total>
				<timestamp>6056.288529</timestamp>
			</report>
			<report>
				<misses>17322001</misses>
				<total>37</total>
				<timestamp>6056.638187</timestamp>
			</report>
			<report>
				<misses>17323001</misses>
				<total>37</total>
				<timestamp>6056.987840</timestamp>
			</report>
			<report>
				<misses>17324001</misses>
				<total>37</total>
				<timestamp>6057.337484</timestamp>
			</report>
			<report>
				<misses>17325001</misses>
				<total>37</total>
				<timestamp>6057.687130</timestamp>
			</report>
			<report>
				<misses>17326001</misses>
				<total>37</total>
				<timestamp>6058.036797</timestamp>
			</report>
			<report>
				<misses>17327001</misses>
				<total>37</total>
				<timestamp>6058.386432</timestamp>
			</report>
			<report>
				<misses>17328001</misses>
				<total>37</total>
				<timestamp>6058.736115</timestamp>
			</report>
			<report>
				<misses>17329001</misses>
				<total>37</total>
				<timestamp>6059.085730</timestamp>
			</report>
			<report>
				<misses>17330001</misses>
				<total>37</total>
				<timestamp>6059.435428</timestamp>
			</report>
			<report>
				<misses>17331001</misses>
				<total>38</total>
				<timestamp>6059.785110</timestamp>
			</report>
			<report>
				<misses>17332001</misses>
				<total>38</total>
				<timestamp>6060.134696</timestamp>
			</report>
			<report>
				<misses>17333001</misses>
				<total>38</total>
				<timestamp>6060.484331</timestamp>
			</report>
			<report>
				<misses>17334001</misses>
				<total>38</total>
				<timestamp>6060.833989</timestamp>
			</report>
			<report>
				<misses>17335001</misses>
				<total>38</total>
				<timestamp>6061.183637</timestamp>
			</report>
			<report>
				<misses>17336001</misses>
				<total>38</total>
				<timestamp>6061.533283</timestamp>
			</report>
			<report>
				<misses>17337001</misses>
				<total>38</total>
				<timestamp>6061.882997</timestamp>
			</report>
			<report>
				<misses>17338001</misses>
				<total>38</total>
				<timestamp>6062.232573</timestamp>
			</report>
			<report>
				<misses>17339001</misses>
				<total>38</total>
				<timestamp>6062.582230</timestamp>
			</report>
			<report>
				<misses>17340001</misses>
				<total>38</total>
				<timestamp>6062.931900</timestamp>
			</report>
			<report>
				<misses>17341001</misses>
				<total>38</total>
				<timestamp>6063.281546</timestamp>
			</report>
			<report>
				<misses>17342001</misses>
				<total>38</total>
				<timestamp>6063.631205</timestamp>
			</report>
			<report>
				<misses>17343001</misses>
				<total>38</total>
				<timestamp>6063.980849</timestamp>
			</report>
			<report>
				<misses>17344001</misses>
				<total>38</total>
				<timestamp>6064.330482</timestamp>
			</report>
			<report>
				<misses>17345001</misses>
				<total>38</total>
				<timestamp>6064.680133</timestamp>
			</report>
			<report>
				<misses>17346001</misses>
				<total>38</total>
				<timestamp>6065.029794</timestamp>
			</report>
			<report>
				<misses>17347001</misses>
				<total>38</total>
				<timestamp>6065.379443</timestamp>
			</report>
			<report>
				<misses>17348001</misses>
				<total>38</total>
				<timestamp>6065.729111</timestamp>
			</report>
			<report>
				<misses>17349001</misses>
				<total>38</total>
				<timestamp>6066.078745</timestamp>
			</report>
			<report>
				<misses>17350001</misses>
				<total>38</total>
				<timestamp>6066.428385</timestamp>
			</report>
			<report>
				<misses>17351001</misses>
				<total>38</total>
				<timestamp>6066.778070</timestamp>
			</report>
			<report>
				<misses>17352001</misses>
				<total>38</total>
				<timestamp>6067.127687</timestamp>
			</report>
			<report>
				<misses>17353001</misses>
				<total>38</total>
				<timestamp>6067.477333</timestamp>
			</report>
			<report>
				<misses>17354001</misses>
				<total>38</total>
				<timestamp>6067.827021</timestamp>
			</report>
			<report>
				<misses>17355001</misses>
				<total>38</total>
				<timestamp>6068.176627</timestamp>
			</report>
			<report>
				<misses>17356001</misses>
				<total>38</total>
				<timestamp>6068.526291</timestamp>
			</report>
			<report>
				<misses>17357001</misses>
				<total>38</total>
				<timestamp>6068.875970</timestamp>
			</report>
			<report>
				<misses>17358001</misses>
				<total>38</total>
				<timestamp>6069.225613</timestamp>
			</report>
			<report>
				<misses>17359001</misses>
				<total>38</total>
				<timestamp>6069.575236</timestamp>
			</report>
			<report>
				<misses>17360001</misses>
				<total>38</total>
				<timestamp>6069.924924</timestamp>
			</report>
			<report>
				<misses>17361001</misses>
				<total>38</total>
				<timestamp>6070.274576</timestamp>
			</report>
			<report>
				<misses>17362001</misses>
				<total>38</total>
				<timestamp>6070.624193</timestamp>
			</report>
			<report>
				<misses>17363001</misses>
				<total>38</total>
				<timestamp>6070.973900</timestamp>
			</report>
			<report>
				<misses>17364001</misses>
				<total>38</total>
				<timestamp>6071.323484</timestamp>
			</report>
			<report>
				<misses>17365001</misses>
				<total>38</total>
				<timestamp>6071.673174</timestamp>
			</report>
			<report>
				<misses>17366001</misses>
				<total>38</total>
				<timestamp>6072.022795</timestamp>
			</report>
			<report>
				<misses>17367001</misses>
				<total>38</total>
				<timestamp>6072.372469</timestamp>
			</report>
			<report>
				<misses>17368001</misses>
				<total>38</total>
				<timestamp>6072.722122</timestamp>
			</report>
			<report>
				<misses>17369001</misses>
				<total>38</total>
				<timestamp>6073.071732</timestamp>
			</report>
			<report>
				<misses>17370001</misses>
				<total>38</total>
				<timestamp>6073.421420</timestamp>
			</report>
			<report>
				<misses>17371001</misses>
				<total>38</total>
				<timestamp>6073.771043</timestamp>
			</report>
			<report>
				<misses>17372001</misses>
				<total>38</total>
				<timestamp>6074.120695</timestamp>
			</report>
			<report>
				<misses>17373001</misses>
				<total>38</total>
				<timestamp>6074.470330</timestamp>
			</report>
			<report>
				<misses>17374001</misses>
				<total>38</total>
				<timestamp>6074.820028</timestamp>
			</report>
			<report>
				<misses>17375001</misses>
				<total>38</total>
				<timestamp>6075.169671</timestamp>
			</report>
			<report>
				<misses>17376001</misses>
				<total>38</total>
				<timestamp>6075.519280</timestamp>
			</report>
			<report>
				<misses>17377001</misses>
				<total>38</total>
				<timestamp>6075.868934</timestamp>
			</report>
			<report>
				<misses>17378001</misses>
				<total>38</total>
				<timestamp>6076.218593</timestamp>
			</report>
			<report>
				<misses>17379001</misses>
				<total>38</total>
				<timestamp>6076.568240</timestamp>
			</report>
			<report>
				<misses>17380001</misses>
				<total>38</total>
				<timestamp>6076.917900</timestamp>
			</report>
			<report>
				<misses>17381001</misses>
				<total>38</total>
				<timestamp>6077.267551</timestamp>
			</report>
			<report>
				<misses>17382001</misses>
				<total>38</total>
				<timestamp>6077.617191</timestamp>
			</report>
			<report>
				<misses>17383001</misses>
				<total>38</total>
				<timestamp>6077.966837</timestamp>
			</report>
			<report>
				<misses>17384001</misses>
				<total>38</total>
				<timestamp>6078.316491</timestamp>
			</report>
			<report>
				<misses>17385001</misses>
				<total>38</total>
				<timestamp>6078.666163</timestamp>
			</report>
			<report>
				<misses>17386001</misses>
				<total>38</total>
				<timestamp>6079.015814</timestamp>
			</report>
			<report>
				<misses>17387001</misses>
				<total>38</total>
				<timestamp>6079.365472</timestamp>
			</report>
			<report>
				<misses>17388001</misses>
				<total>38</total>
				<timestamp>6079.715138</timestamp>
			</report>
			<report>
				<misses>17389001</misses>
				<total>38</total>
				<timestamp>6080.064743</timestamp>
			</report>
			<report>
				<misses>17390001</misses>
				<total>38</total>
				<timestamp>6080.414374</timestamp>
			</report>
			<report>
				<misses>17391001</misses>
				<total>38</total>
				<timestamp>6080.764064</timestamp>
			</report>
			<report>
				<misses>17392001</misses>
				<total>38</total>
				<timestamp>6081.113679</timestamp>
			</report>
			<report>
				<misses>17393001</misses>
				<total>38</total>
				<timestamp>6081.463332</timestamp>
			</report>
			<report>
				<misses>17394001</misses>
				<total>38</total>
				<timestamp>6081.812976</timestamp>
			</report>
			<report>
				<misses>17395001</misses>
				<total>38</total>
				<timestamp>6082.162629</timestamp>
			</report>
			<report>
				<misses>17396001</misses>
				<total>38</total>
				<timestamp>6082.512327</timestamp>
			</report>
			<report>
				<misses>17397001</misses>
				<total>38</total>
				<timestamp>6082.861971</timestamp>
			</report>
			<report>
				<misses>17398001</misses>
				<total>38</total>
				<timestamp>6083.211622</timestamp>
			</report>
			<report>
				<misses>17399001</misses>
				<total>38</total>
				<timestamp>6083.561280</timestamp>
			</report>
			<report>
				<misses>17400001</misses>
				<total>38</total>
				<timestamp>6083.910934</timestamp>
			</report>
			<report>
				<misses>17401001</misses>
				<total>38</total>
				<timestamp>6084.260539</timestamp>
			</report>
			<report>
				<misses>17402001</misses>
				<total>38</total>
				<timestamp>6084.610190</timestamp>
			</report>
			<report>
				<misses>17403001</misses>
				<total>38</total>
				<timestamp>6084.959867</timestamp>
			</report>
			<report>
				<misses>17404001</misses>
				<total>38</total>
				<timestamp>6085.309507</timestamp>
			</report>
			<report>
				<misses>17405001</misses>
				<total>38</total>
				<timestamp>6085.659146</timestamp>
			</report>
			<report>
				<misses>17406001</misses>
				<total>38</total>
				<timestamp>6086.008781</timestamp>
			</report>
			<report>
				<misses>17407001</misses>
				<total>38</total>
				<timestamp>6086.358434</timestamp>
			</report>
			<report>
				<misses>17408001</misses>
				<total>38</total>
				<timestamp>6086.708116</timestamp>
			</report>
			<report>
				<misses>17409001</misses>
				<total>38</total>
				<timestamp>6087.057763</timestamp>
			</report>
			<report>
				<misses>17410001</misses>
				<total>38</total>
				<timestamp>6087.407393</timestamp>
			</report>
			<report>
				<misses>17411001</misses>
				<total>38</total>
				<timestamp>6087.757031</timestamp>
			</report>
			<report>
				<misses>17412001</misses>
				<total>38</total>
				<timestamp>6088.106679</timestamp>
			</report>
			<report>
				<misses>17413001</misses>
				<total>38</total>
				<timestamp>6088.456330</timestamp>
			</report>
			<report>
				<misses>17414001</misses>
				<total>38</total>
				<timestamp>6088.805988</timestamp>
			</report>
			<report>
				<misses>17415001</misses>
				<total>38</total>
				<timestamp>6089.155628</timestamp>
			</report>
			<report>
				<misses>17416001</misses>
				<total>38</total>
				<timestamp>6089.505289</timestamp>
			</report>
			<report>
				<misses>17417001</misses>
				<total>38</total>
				<timestamp>6089.854946</timestamp>
			</report>
			<report>
				<misses>17418001</misses>
				<total>38</total>
				<timestamp>6090.204578</timestamp>
			</report>
			<report>
				<misses>17419001</misses>
				<total>38</total>
				<timestamp>6090.554254</timestamp>
			</report>
			<report>
				<misses>17420001</misses>
				<total>38</total>
				<timestamp>6090.903895</timestamp>
			</report>
			<report>
				<misses>17421001</misses>
				<total>38</total>
				<timestamp>6091.253534</timestamp>
			</report>
			<report>
				<misses>17422001</misses>
				<total>38</total>
				<timestamp>6091.603186</timestamp>
			</report>
			<report>
				<misses>17423001</misses>
				<total>38</total>
				<timestamp>6091.952860</timestamp>
			</report>
			<report>
				<misses>17424001</misses>
				<total>38</total>
				<timestamp>6092.302502</timestamp>
			</report>
			<report>
				<misses>17425001</misses>
				<total>38</total>
				<timestamp>6092.652137</timestamp>
			</report>
			<report>
				<misses>17426001</misses>
				<total>38</total>
				<timestamp>6093.001848</timestamp>
			</report>
			<report>
				<misses>17427001</misses>
				<total>38</total>
				<timestamp>6093.351440</timestamp>
			</report>
			<report>
				<misses>17428001</misses>
				<total>38</total>
				<timestamp>6093.701112</timestamp>
			</report>
			<report>
				<misses>17429001</misses>
				<total>38</total>
				<timestamp>6094.050791</timestamp>
			</report>
			<report>
				<misses>17430001</misses>
				<total>38</total>
				<timestamp>6094.400385</timestamp>
			</report>
			<report>
				<misses>17431001</misses>
				<total>38</total>
				<timestamp>6094.750072</timestamp>
			</report>
			<report>
				<misses>17432001</misses>
				<total>38</total>
				<timestamp>6095.099731</timestamp>
			</report>
			<report>
				<misses>17433001</misses>
				<total>38</total>
				<timestamp>6095.449339</timestamp>
			</report>
			<report>
				<misses>17434001</misses>
				<total>38</total>
				<timestamp>6095.798994</timestamp>
			</report>
			<report>
				<misses>17435001</misses>
				<total>38</total>
				<timestamp>6096.148636</timestamp>
			</report>
			<report>
				<misses>17436001</misses>
				<total>38</total>
				<timestamp>6096.498273</timestamp>
			</report>
			<report>
				<misses>17437001</misses>
				<total>38</total>
				<timestamp>6096.847947</timestamp>
			</report>
			<report>
				<misses>17438001</misses>
				<total>38</total>
				<timestamp>6097.197583</timestamp>
			</report>
			<report>
				<misses>17439001</misses>
				<total>38</total>
				<timestamp>6097.547234</timestamp>
			</report>
			<report>
				<misses>17440001</misses>
				<total>38</total>
				<timestamp>6097.896930</timestamp>
			</report>
			<report>
				<misses>17441001</misses>
				<total>38</total>
				<timestamp>6098.246525</timestamp>
			</report>
			<report>
				<misses>17442001</misses>
				<total>38</total>
				<timestamp>6098.596217</timestamp>
			</report>
			<report>
				<misses>17443001</misses>
				<total>38</total>
				<timestamp>6098.945843</timestamp>
			</report>
			<report>
				<misses>17444001</misses>
				<total>38</total>
				<timestamp>6099.295492</timestamp>
			</report>
			<report>
				<misses>17445001</misses>
				<total>38</total>
				<timestamp>6099.645142</timestamp>
			</report>
			<report>
				<misses>17446001</misses>
				<total>38</total>
				<timestamp>6099.994825</timestamp>
			</report>
			<report>
				<misses>17447001</misses>
				<total>38</total>
				<timestamp>6100.344449</timestamp>
			</report>
			<report>
				<misses>17448001</misses>
				<total>38</total>
				<timestamp>6100.694108</timestamp>
			</report>
			<report>
				<misses>17449001</misses>
				<total>38</total>
				<timestamp>6101.043762</timestamp>
			</report>
			<report>
				<misses>17450001</misses>
				<total>38</total>
				<timestamp>6101.393390</timestamp>
			</report>
			<report>
				<misses>17451001</misses>
				<total>38</total>
				<timestamp>6101.743048</timestamp>
			</report>
			<report>
				<misses>17452001</misses>
				<total>38</total>
				<timestamp>6102.092713</timestamp>
			</report>
			<report>
				<misses>17453001</misses>
				<total>38</total>
				<timestamp>6102.442333</timestamp>
			</report>
			<report>
				<misses>17454001</misses>
				<total>38</total>
				<timestamp>6102.792011</timestamp>
			</report>
			<report>
				<misses>17455001</misses>
				<total>38</total>
				<timestamp>6103.141697</timestamp>
			</report>
			<report>
				<misses>17456001</misses>
				<total>38</total>
				<timestamp>6103.491290</timestamp>
			</report>
			<report>
				<misses>17457001</misses>
				<total>38</total>
				<timestamp>6103.840941</timestamp>
			</report>
			<report>
				<misses>17458001</misses>
				<total>38</total>
				<timestamp>6104.190587</timestamp>
			</report>
			<report>
				<misses>17459001</misses>
				<total>38</total>
				<timestamp>6104.540240</timestamp>
			</report>
			<report>
				<misses>17460001</misses>
				<total>38</total>
				<timestamp>6104.889917</timestamp>
			</report>
			<report>
				<misses>17461001</misses>
				<total>38</total>
				<timestamp>6105.239604</timestamp>
			</report>
			<report>
				<misses>17462001</misses>
				<total>38</total>
				<timestamp>6105.589226</timestamp>
			</report>
			<report>
				<misses>17463001</misses>
				<total>38</total>
				<timestamp>6105.938843</timestamp>
			</report>
			<report>
				<misses>17464001</misses>
				<total>38</total>
				<timestamp>6106.288487</timestamp>
			</report>
			<report>
				<misses>17465001</misses>
				<total>38</total>
				<timestamp>6106.638139</timestamp>
			</report>
			<report>
				<misses>17466001</misses>
				<total>38</total>
				<timestamp>6106.987814</timestamp>
			</report>
			<report>
				<misses>17467001</misses>
				<total>38</total>
				<timestamp>6107.337430</timestamp>
			</report>
			<report>
				<misses>17468001</misses>
				<total>38</total>
				<timestamp>6107.687112</timestamp>
			</report>
			<report>
				<misses>17469001</misses>
				<total>38</total>
				<timestamp>6108.036768</timestamp>
			</report>
			<report>
				<misses>17470001</misses>
				<total>38</total>
				<timestamp>6108.386388</timestamp>
			</report>
			<report>
				<misses>17471001</misses>
				<total>38</total>
				<timestamp>6108.736065</timestamp>
			</report>
			<report>
				<misses>17472001</misses>
				<total>38</total>
				<timestamp>6109.085739</timestamp>
			</report>
			<report>
				<misses>17473001</misses>
				<total>38</total>
				<timestamp>6109.435323</timestamp>
			</report>
			<report>
				<misses>17474001</misses>
				<total>38</total>
				<timestamp>6109.785001</timestamp>
			</report>
			<report>
				<misses>17475001</misses>
				<total>38</total>
				<timestamp>6110.134636</timestamp>
			</report>
			<report>
				<misses>17476001</misses>
				<total>38</total>
				<timestamp>6110.484273</timestamp>
			</report>
			<report>
				<misses>17477001</misses>
				<total>38</total>
				<timestamp>6110.833947</timestamp>
			</report>
			<report>
				<misses>17478001</misses>
				<total>38</total>
				<timestamp>6111.183633</timestamp>
			</report>
			<report>
				<misses>17479001</misses>
				<total>38</total>
				<timestamp>6111.533253</timestamp>
			</report>
			<report>
				<misses>17480001</misses>
				<total>38</total>
				<timestamp>6111.882887</timestamp>
			</report>
			<report>
				<misses>17481001</misses>
				<total>38</total>
				<timestamp>6112.232608</timestamp>
			</report>
			<report>
				<misses>17482001</misses>
				<total>39</total>
				<timestamp>6112.582190</timestamp>
			</report>
			<report>
				<misses>17483001</misses>
				<total>39</total>
				<timestamp>6112.931852</timestamp>
			</report>
			<report>
				<misses>17484001</misses>
				<total>39</total>
				<timestamp>6113.281483</timestamp>
			</report>
			<report>
				<misses>17485001</misses>
				<total>39</total>
				<timestamp>6113.631137</timestamp>
			</report>
			<report>
				<misses>17486001</misses>
				<total>39</total>
				<timestamp>6113.980794</timestamp>
			</report>
			<report>
				<misses>17487001</misses>
				<total>39</total>
				<timestamp>6114.330434</timestamp>
			</report>
			<report>
				<misses>17488001</misses>
				<total>39</total>
				<timestamp>6114.680119</timestamp>
			</report>
			<report>
				<misses>17489001</misses>
				<total>39</total>
				<timestamp>6115.029760</timestamp>
			</report>
			<report>
				<misses>17490001</misses>
				<total>39</total>
				<timestamp>6115.379400</timestamp>
			</report>
			<report>
				<misses>17491001</misses>
				<total>39</total>
				<timestamp>6115.729054</timestamp>
			</report>
			<report>
				<misses>17492001</misses>
				<total>39</total>
				<timestamp>6116.078724</timestamp>
			</report>
			<report>
				<misses>17493001</misses>
				<total>39</total>
				<timestamp>6116.428335</timestamp>
			</report>
			<report>
				<misses>17494001</misses>
				<total>39</total>
				<timestamp>6116.777988</timestamp>
			</report>
			<report>
				<misses>17495001</misses>
				<total>39</total>
				<timestamp>6117.127678</timestamp>
			</report>
			<report>
				<misses>17496001</misses>
				<total>39</total>
				<timestamp>6117.477272</timestamp>
			</report>
			<report>
				<misses>17497001</misses>
				<total>39</total>
				<timestamp>6117.826937</timestamp>
			</report>
			<report>
				<misses>17498001</misses>
				<total>39</total>
				<timestamp>6118.176587</timestamp>
			</report>
			<report>
				<misses>17499001</misses>
				<total>39</total>
				<timestamp>6118.526256</timestamp>
			</report>
			<report>
				<misses>17500001</misses>
				<total>39</total>
				<timestamp>6118.875888</timestamp>
			</report>
			<report>
				<misses>17501001</misses>
				<total>39</total>
				<timestamp>6119.225558</timestamp>
			</report>
			<report>
				<misses>17502001</misses>
				<total>39</total>
				<timestamp>6119.575187</timestamp>
			</report>
			<report>
				<misses>17503001</misses>
				<total>39</total>
				<timestamp>6119.924845</timestamp>
			</report>
			<report>
				<misses>17504001</misses>
				<total>39</total>
				<timestamp>6120.274505</timestamp>
			</report>
			<report>
				<misses>17505001</misses>
				<total>39</total>
				<timestamp>6120.624132</timestamp>
			</report>
			<report>
				<misses>17506001</misses>
				<total>39</total>
				<timestamp>6120.973780</timestamp>
			</report>
			<report>
				<misses>17507001</misses>
				<total>39</total>
				<timestamp>6121.323435</timestamp>
			</report>
			<report>
				<misses>17508001</misses>
				<total>39</total>
				<timestamp>6121.673103</timestamp>
			</report>
			<report>
				<misses>17509001</misses>
				<total>39</total>
				<timestamp>6122.022756</timestamp>
			</report>
			<report>
				<misses>17510001</misses>
				<total>39</total>
				<timestamp>6122.372413</timestamp>
			</report>
			<report>
				<misses>17511001</misses>
				<total>39</total>
				<timestamp>6122.722033</timestamp>
			</report>
			<report>
				<misses>17512001</misses>
				<total>39</total>
				<timestamp>6123.071698</timestamp>
			</report>
			<report>
				<misses>17513001</misses>
				<total>39</total>
				<timestamp>6123.421370</timestamp>
			</report>
			<report>
				<misses>17514001</misses>
				<total>39</total>
				<timestamp>6123.770992</timestamp>
			</report>
			<report>
				<misses>17515001</misses>
				<total>39</total>
				<timestamp>6124.120657</timestamp>
			</report>
			<report>
				<misses>17516001</misses>
				<total>39</total>
				<timestamp>6124.470282</timestamp>
			</report>
			<report>
				<misses>17517001</misses>
				<total>39</total>
				<timestamp>6124.819938</timestamp>
			</report>
			<report>
				<misses>17518001</misses>
				<total>39</total>
				<timestamp>6125.169588</timestamp>
			</report>
			<report>
				<misses>17519001</misses>
				<total>39</total>
				<timestamp>6125.519244</timestamp>
			</report>
			<report>
				<misses>17520001</misses>
				<total>39</total>
				<timestamp>6125.868918</timestamp>
			</report>
			<report>
				<misses>17521001</misses>
				<total>39</total>
				<timestamp>6126.218542</timestamp>
			</report>
			<report>
				<misses>17522001</misses>
				<total>39</total>
				<timestamp>6126.568192</timestamp>
			</report>
			<report>
				<misses>17523001</misses>
				<total>39</total>
				<timestamp>6126.917832</timestamp>
			</report>
			<report>
				<misses>17524001</misses>
				<total>39</total>
				<timestamp>6127.267547</timestamp>
			</report>
			<report>
				<misses>17525001</misses>
				<total>39</total>
				<timestamp>6127.617120</timestamp>
			</report>
			<report>
				<misses>17526001</misses>
				<total>39</total>
				<timestamp>6127.966790</timestamp>
			</report>
			<report>
				<misses>17527001</misses>
				<total>39</total>
				<timestamp>6128.316441</timestamp>
			</report>
			<report>
				<misses>17528001</misses>
				<total>39</total>
				<timestamp>6128.666147</timestamp>
			</report>
			<report>
				<misses>17529001</misses>
				<total>39</total>
				<timestamp>6129.015729</timestamp>
			</report>
			<report>
				<misses>17530001</misses>
				<total>39</total>
				<timestamp>6129.365407</timestamp>
			</report>
			<report>
				<misses>17531001</misses>
				<total>39</total>
				<timestamp>6129.715044</timestamp>
			</report>
			<report>
				<misses>17532001</misses>
				<total>39</total>
				<timestamp>6130.064685</timestamp>
			</report>
			<report>
				<misses>17533001</misses>
				<total>39</total>
				<timestamp>6130.414336</timestamp>
			</report>
			<report>
				<misses>17534001</misses>
				<total>39</total>
				<timestamp>6130.763993</timestamp>
			</report>
			<report>
				<misses>17535001</misses>
				<total>39</total>
				<timestamp>6131.113676</timestamp>
			</report>
			<report>
				<misses>17536001</misses>
				<total>39</total>
				<timestamp>6131.463289</timestamp>
			</report>
			<report>
				<misses>17537001</misses>
				<total>39</total>
				<timestamp>6131.812927</timestamp>
			</report>
			<report>
				<misses>17538001</misses>
				<total>39</total>
				<timestamp>6132.162602</timestamp>
			</report>
			<report>
				<misses>17539001</misses>
				<total>39</total>
				<timestamp>6132.512227</timestamp>
			</report>
			<report>
				<misses>17540001</misses>
				<total>39</total>
				<timestamp>6132.861894</timestamp>
			</report>
			<report>
				<misses>17541001</misses>
				<total>39</total>
				<timestamp>6133.211591</timestamp>
			</report>
			<report>
				<misses>17542001</misses>
				<total>39</total>
				<timestamp>6133.561207</timestamp>
			</report>
			<report>
				<misses>17543001</misses>
				<total>39</total>
				<timestamp>6133.910874</timestamp>
			</report>
			<report>
				<misses>17544001</misses>
				<total>39</total>
				<timestamp>6134.260478</timestamp>
			</report>
			<report>
				<misses>17545001</misses>
				<total>39</total>
				<timestamp>6134.610152</timestamp>
			</report>
			<report>
				<misses>17546001</misses>
				<total>39</total>
				<timestamp>6134.959787</timestamp>
			</report>
			<report>
				<misses>17547001</misses>
				<total>39</total>
				<timestamp>6135.309489</timestamp>
			</report>
			<report>
				<misses>17548001</misses>
				<total>39</total>
				<timestamp>6135.659113</timestamp>
			</report>
			<report>
				<misses>17549001</misses>
				<total>39</total>
				<timestamp>6136.008748</timestamp>
			</report>
			<report>
				<misses>17550001</misses>
				<total>39</total>
				<timestamp>6136.358405</timestamp>
			</report>
			<report>
				<misses>17551001</misses>
				<total>39</total>
				<timestamp>6136.708030</timestamp>
			</report>
			<report>
				<misses>17552001</misses>
				<total>39</total>
				<timestamp>6137.057693</timestamp>
			</report>
			<report>
				<misses>17553001</misses>
				<total>39</total>
				<timestamp>6137.407339</timestamp>
			</report>
			<report>
				<misses>17554001</misses>
				<total>39</total>
				<timestamp>6137.756983</timestamp>
			</report>
			<report>
				<misses>17555001</misses>
				<total>39</total>
				<timestamp>6138.106632</timestamp>
			</report>
			<report>
				<misses>17556001</misses>
				<total>39</total>
				<timestamp>6138.456276</timestamp>
			</report>
			<report>
				<misses>17557001</misses>
				<total>39</total>
				<timestamp>6138.805937</timestamp>
			</report>
			<report>
				<misses>17558001</misses>
				<total>39</total>
				<timestamp>6139.155598</timestamp>
			</report>
			<report>
				<misses>17559001</misses>
				<total>39</total>
				<timestamp>6139.505244</timestamp>
			</report>
			<report>
				<misses>17560001</misses>
				<total>39</total>
				<timestamp>6139.854893</timestamp>
			</report>
			<report>
				<misses>17561001</misses>
				<total>39</total>
				<timestamp>6140.204578</timestamp>
			</report>
			<report>
				<misses>17562001</misses>
				<total>39</total>
				<timestamp>6140.554215</timestamp>
			</report>
			<report>
				<misses>17563001</misses>
				<total>39</total>
				<timestamp>6140.903848</timestamp>
			</report>
			<report>
				<misses>17564001</misses>
				<total>39</total>
				<timestamp>6141.253502</timestamp>
			</report>
			<report>
				<misses>17565001</misses>
				<total>39</total>
				<timestamp>6141.603140</timestamp>
			</report>
			<report>
				<misses>17566001</misses>
				<total>39</total>
				<timestamp>6141.952817</timestamp>
			</report>
			<report>
				<misses>17567001</misses>
				<total>39</total>
				<timestamp>6142.302522</timestamp>
			</report>
			<report>
				<misses>17568001</misses>
				<total>39</total>
				<timestamp>6142.652098</timestamp>
			</report>
			<report>
				<misses>17569001</misses>
				<total>39</total>
				<timestamp>6143.001798</timestamp>
			</report>
			<report>
				<misses>17570001</misses>
				<total>39</total>
				<timestamp>6143.351440</timestamp>
			</report>
			<report>
				<misses>17571001</misses>
				<total>39</total>
				<timestamp>6143.701029</timestamp>
			</report>
			<report>
				<misses>17572001</misses>
				<total>39</total>
				<timestamp>6144.050720</timestamp>
			</report>
			<report>
				<misses>17573001</misses>
				<total>39</total>
				<timestamp>6144.400390</timestamp>
			</report>
			<report>
				<misses>17574001</misses>
				<total>39</total>
				<timestamp>6144.749987</timestamp>
			</report>
			<report>
				<misses>17575001</misses>
				<total>39</total>
				<timestamp>6145.099670</timestamp>
			</report>
			<report>
				<misses>17576001</misses>
				<total>39</total>
				<timestamp>6145.449313</timestamp>
			</report>
			<report>
				<misses>17577001</misses>
				<total>39</total>
				<timestamp>6145.798945</timestamp>
			</report>
			<report>
				<misses>17578001</misses>
				<total>39</total>
				<timestamp>6146.148605</timestamp>
			</report>
			<report>
				<misses>17579001</misses>
				<total>39</total>
				<timestamp>6146.498258</timestamp>
			</report>
			<report>
				<misses>17580001</misses>
				<total>39</total>
				<timestamp>6146.847889</timestamp>
			</report>
			<report>
				<misses>17581001</misses>
				<total>39</total>
				<timestamp>6147.197557</timestamp>
			</report>
			<report>
				<misses>17582001</misses>
				<total>39</total>
				<timestamp>6147.547207</timestamp>
			</report>
			<report>
				<misses>17583001</misses>
				<total>39</total>
				<timestamp>6147.896831</timestamp>
			</report>
			<report>
				<misses>17584001</misses>
				<total>39</total>
				<timestamp>6148.246494</timestamp>
			</report>
			<report>
				<misses>17585001</misses>
				<total>39</total>
				<timestamp>6148.596145</timestamp>
			</report>
			<report>
				<misses>17586001</misses>
				<total>39</total>
				<timestamp>6148.945786</timestamp>
			</report>
			<report>
				<misses>17587001</misses>
				<total>39</total>
				<timestamp>6149.295467</timestamp>
			</report>
			<report>
				<misses>17588001</misses>
				<total>39</total>
				<timestamp>6149.645110</timestamp>
			</report>
			<report>
				<misses>17589001</misses>
				<total>39</total>
				<timestamp>6149.994770</timestamp>
			</report>
			<report>
				<misses>17590001</misses>
				<total>39</total>
				<timestamp>6150.344748</timestamp>
			</report>
			<report>
				<misses>17591001</misses>
				<total>39</total>
				<timestamp>6150.694403</timestamp>
			</report>
			<report>
				<misses>17592001</misses>
				<total>39</total>
				<timestamp>6151.044086</timestamp>
			</report>
			<report>
				<misses>17593001</misses>
				<total>39</total>
				<timestamp>6151.393683</timestamp>
			</report>
			<report>
				<misses>17594001</misses>
				<total>39</total>
				<timestamp>6151.743376</timestamp>
			</report>
			<report>
				<misses>17595001</misses>
				<total>39</total>
				<timestamp>6152.093034</timestamp>
			</report>
			<report>
				<misses>17596001</misses>
				<total>39</total>
				<timestamp>6152.442637</timestamp>
			</report>
			<report>
				<misses>17597001</misses>
				<total>39</total>
				<timestamp>6152.792289</timestamp>
			</report>
			<report>
				<misses>17598001</misses>
				<total>39</total>
				<timestamp>6153.141954</timestamp>
			</report>
			<report>
				<misses>17599001</misses>
				<total>39</total>
				<timestamp>6153.491596</timestamp>
			</report>
			<report>
				<misses>17600001</misses>
				<total>39</total>
				<timestamp>6153.841250</timestamp>
			</report>
			<report>
				<misses>17601001</misses>
				<total>39</total>
				<timestamp>6154.190909</timestamp>
			</report>
			<report>
				<misses>17602001</misses>
				<total>39</total>
				<timestamp>6154.540525</timestamp>
			</report>
			<report>
				<misses>17603001</misses>
				<total>39</total>
				<timestamp>6154.890183</timestamp>
			</report>
			<report>
				<misses>17604001</misses>
				<total>39</total>
				<timestamp>6155.239865</timestamp>
			</report>
			<report>
				<misses>17605001</misses>
				<total>39</total>
				<timestamp>6155.589508</timestamp>
			</report>
			<report>
				<misses>17606001</misses>
				<total>39</total>
				<timestamp>6155.939131</timestamp>
			</report>
			<report>
				<misses>17607001</misses>
				<total>39</total>
				<timestamp>6156.288788</timestamp>
			</report>
			<report>
				<misses>17608001</misses>
				<total>39</total>
				<timestamp>6156.638464</timestamp>
			</report>
			<report>
				<misses>17609001</misses>
				<total>39</total>
				<timestamp>6156.988121</timestamp>
			</report>
			<report>
				<misses>17610001</misses>
				<total>39</total>
				<timestamp>6157.337752</timestamp>
			</report>
			<report>
				<misses>17611001</misses>
				<total>39</total>
				<timestamp>6157.687406</timestamp>
			</report>
			<report>
				<misses>17612001</misses>
				<total>39</total>
				<timestamp>6158.037057</timestamp>
			</report>
			<report>
				<misses>17613001</misses>
				<total>39</total>
				<timestamp>6158.386700</timestamp>
			</report>
			<report>
				<misses>17614001</misses>
				<total>39</total>
				<timestamp>6158.736353</timestamp>
			</report>
			<report>
				<misses>17615001</misses>
				<total>39</total>
				<timestamp>6159.085985</timestamp>
			</report>
			<report>
				<misses>17616001</misses>
				<total>39</total>
				<timestamp>6159.435634</timestamp>
			</report>
			<report>
				<misses>17617001</misses>
				<total>39</total>
				<timestamp>6159.785336</timestamp>
			</report>
			<report>
				<misses>17618001</misses>
				<total>39</total>
				<timestamp>6160.134944</timestamp>
			</report>
			<report>
				<misses>17619001</misses>
				<total>39</total>
				<timestamp>6160.484580</timestamp>
			</report>
			<report>
				<misses>17620001</misses>
				<total>39</total>
				<timestamp>6160.834323</timestamp>
			</report>
			<report>
				<misses>17621001</misses>
				<total>39</total>
				<timestamp>6161.183892</timestamp>
			</report>
			<report>
				<misses>17622001</misses>
				<total>39</total>
				<timestamp>6161.533529</timestamp>
			</report>
			<report>
				<misses>17623001</misses>
				<total>39</total>
				<timestamp>6161.883213</timestamp>
			</report>
			<report>
				<misses>17624001</misses>
				<total>39</total>
				<timestamp>6162.232843</timestamp>
			</report>
			<report>
				<misses>17625001</misses>
				<total>39</total>
				<timestamp>6162.582492</timestamp>
			</report>
			<report>
				<misses>17626001</misses>
				<total>39</total>
				<timestamp>6162.932141</timestamp>
			</report>
			<report>
				<misses>17627001</misses>
				<total>39</total>
				<timestamp>6163.281805</timestamp>
			</report>
			<report>
				<misses>17628001</misses>
				<total>39</total>
				<timestamp>6163.631438</timestamp>
			</report>
			<report>
				<misses>17629001</misses>
				<total>39</total>
				<timestamp>6163.981093</timestamp>
			</report>
			<report>
				<misses>17630001</misses>
				<total>39</total>
				<timestamp>6164.330779</timestamp>
			</report>
			<report>
				<misses>17631001</misses>
				<total>39</total>
				<timestamp>6164.680397</timestamp>
			</report>
			<report>
				<misses>17632001</misses>
				<total>39</total>
				<timestamp>6165.030057</timestamp>
			</report>
			<report>
				<misses>17633001</misses>
				<total>39</total>
				<timestamp>6165.379682</timestamp>
			</report>
			<report>
				<misses>17634001</misses>
				<total>39</total>
				<timestamp>6165.729373</timestamp>
			</report>
			<report>
				<misses>17635001</misses>
				<total>39</total>
				<timestamp>6166.078979</timestamp>
			</report>
			<report>
				<misses>17636001</misses>
				<total>39</total>
				<timestamp>6166.428645</timestamp>
			</report>
			<report>
				<misses>17637001</misses>
				<total>39</total>
				<timestamp>6166.778308</timestamp>
			</report>
			<report>
				<misses>17638001</misses>
				<total>39</total>
				<timestamp>6167.127941</timestamp>
			</report>
			<report>
				<misses>17639001</misses>
				<total>39</total>
				<timestamp>6167.477588</timestamp>
			</report>
			<report>
				<misses>17640001</misses>
				<total>39</total>
				<timestamp>6167.827304</timestamp>
			</report>
			<report>
				<misses>17641001</misses>
				<total>39</total>
				<timestamp>6168.176925</timestamp>
			</report>
			<report>
				<misses>17642001</misses>
				<total>39</total>
				<timestamp>6168.526526</timestamp>
			</report>
			<report>
				<misses>17643001</misses>
				<total>39</total>
				<timestamp>6168.876198</timestamp>
			</report>
			<report>
				<misses>17644001</misses>
				<total>39</total>
				<timestamp>6169.225839</timestamp>
			</report>
			<report>
				<misses>17645001</misses>
				<total>39</total>
				<timestamp>6169.575492</timestamp>
			</report>
			<report>
				<misses>17646001</misses>
				<total>39</total>
				<timestamp>6169.925161</timestamp>
			</report>
			<report>
				<misses>17647001</misses>
				<total>39</total>
				<timestamp>6170.274836</timestamp>
			</report>
			<report>
				<misses>17648001</misses>
				<total>39</total>
				<timestamp>6170.624436</timestamp>
			</report>
			<report>
				<misses>17649001</misses>
				<total>39</total>
				<timestamp>6170.974117</timestamp>
			</report>
			<report>
				<misses>17650001</misses>
				<total>39</total>
				<timestamp>6171.323758</timestamp>
			</report>
			<report>
				<misses>17651001</misses>
				<total>39</total>
				<timestamp>6171.673394</timestamp>
			</report>
			<report>
				<misses>17652001</misses>
				<total>39</total>
				<timestamp>6172.023044</timestamp>
			</report>
			<report>
				<misses>17653001</misses>
				<total>39</total>
				<timestamp>6172.372705</timestamp>
			</report>
			<report>
				<misses>17654001</misses>
				<total>39</total>
				<timestamp>6172.722358</timestamp>
			</report>
			<report>
				<misses>17655001</misses>
				<total>39</total>
				<timestamp>6173.072022</timestamp>
			</report>
			<report>
				<misses>17656001</misses>
				<total>39</total>
				<timestamp>6173.421646</timestamp>
			</report>
			<report>
				<misses>17657001</misses>
				<total>39</total>
				<timestamp>6173.771299</timestamp>
			</report>
			<report>
				<misses>17658001</misses>
				<total>39</total>
				<timestamp>6174.120931</timestamp>
			</report>
			<report>
				<misses>17659001</misses>
				<total>39</total>
				<timestamp>6174.470589</timestamp>
			</report>
			<report>
				<misses>17660001</misses>
				<total>39</total>
				<timestamp>6174.820257</timestamp>
			</report>
			<report>
				<misses>17661001</misses>
				<total>39</total>
				<timestamp>6175.169900</timestamp>
			</report>
			<report>
				<misses>17662001</misses>
				<total>39</total>
				<timestamp>6175.519573</timestamp>
			</report>
			<report>
				<misses>17663001</misses>
				<total>39</total>
				<timestamp>6175.869233</timestamp>
			</report>
			<report>
				<misses>17664001</misses>
				<total>39</total>
				<timestamp>6176.218851</timestamp>
			</report>
			<report>
				<misses>17665001</misses>
				<total>39</total>
				<timestamp>6176.568482</timestamp>
			</report>
			<report>
				<misses>17666001</misses>
				<total>39</total>
				<timestamp>6176.918145</timestamp>
			</report>
			<report>
				<misses>17667001</misses>
				<total>39</total>
				<timestamp>6177.267789</timestamp>
			</report>
			<report>
				<misses>17668001</misses>
				<total>39</total>
				<timestamp>6177.617441</timestamp>
			</report>
			<report>
				<misses>17669001</misses>
				<total>39</total>
				<timestamp>6177.967099</timestamp>
			</report>
			<report>
				<misses>17670001</misses>
				<total>39</total>
				<timestamp>6178.316723</timestamp>
			</report>
			<report>
				<misses>17671001</misses>
				<total>39</total>
				<timestamp>6178.666385</timestamp>
			</report>
			<report>
				<misses>17672001</misses>
				<total>39</total>
				<timestamp>6179.016065</timestamp>
			</report>
			<report>
				<misses>17673001</misses>
				<total>39</total>
				<timestamp>6179.365681</timestamp>
			</report>
			<report>
				<misses>17674001</misses>
				<total>39</total>
				<timestamp>6179.715355</timestamp>
			</report>
			<report>
				<misses>17675001</misses>
				<total>39</total>
				<timestamp>6180.065022</timestamp>
			</report>
			<report>
				<misses>17676001</misses>
				<total>39</total>
				<timestamp>6180.414650</timestamp>
			</report>
			<report>
				<misses>17677001</misses>
				<total>39</total>
				<timestamp>6180.764333</timestamp>
			</report>
			<report>
				<misses>17678001</misses>
				<total>39</total>
				<timestamp>6181.113944</timestamp>
			</report>
			<report>
				<misses>17679001</misses>
				<total>39</total>
				<timestamp>6181.463588</timestamp>
			</report>
			<report>
				<misses>17680001</misses>
				<total>39</total>
				<timestamp>6181.813264</timestamp>
			</report>
			<report>
				<misses>17681001</misses>
				<total>39</total>
				<timestamp>6182.162897</timestamp>
			</report>
			<report>
				<misses>17682001</misses>
				<total>39</total>
				<timestamp>6182.512547</timestamp>
			</report>
			<report>
				<misses>17683001</misses>
				<total>39</total>
				<timestamp>6182.862201</timestamp>
			</report>
			<report>
				<misses>17684001</misses>
				<total>39</total>
				<timestamp>6183.211829</timestamp>
			</report>
			<report>
				<misses>17685001</misses>
				<total>39</total>
				<timestamp>6183.561504</timestamp>
			</report>
			<report>
				<misses>17686001</misses>
				<total>39</total>
				<timestamp>6183.911233</timestamp>
			</report>
			<report>
				<misses>17687001</misses>
				<total>39</total>
				<timestamp>6184.260795</timestamp>
			</report>
			<report>
				<misses>17688001</misses>
				<total>39</total>
				<timestamp>6184.610431</timestamp>
			</report>
			<report>
				<misses>17689001</misses>
				<total>39</total>
				<timestamp>6184.960105</timestamp>
			</report>
			<report>
				<misses>17690001</misses>
				<total>39</total>
				<timestamp>6185.309735</timestamp>
			</report>
			<report>
				<misses>17691001</misses>
				<total>39</total>
				<timestamp>6185.659380</timestamp>
			</report>
			<report>
				<misses>17692001</misses>
				<total>39</total>
				<timestamp>6186.009030</timestamp>
			</report>
			<report>
				<misses>17693001</misses>
				<total>39</total>
				<timestamp>6186.358714</timestamp>
			</report>
			<report>
				<misses>17694001</misses>
				<total>39</total>
				<timestamp>6186.708387</timestamp>
			</report>
			<report>
				<misses>17695001</misses>
				<total>39</total>
				<timestamp>6187.058003</timestamp>
			</report>
			<report>
				<misses>17696001</misses>
				<total>39</total>
				<timestamp>6187.407662</timestamp>
			</report>
			<report>
				<misses>17697001</misses>
				<total>39</total>
				<timestamp>6187.757289</timestamp>
			</report>
			<report>
				<misses>17698001</misses>
				<total>39</total>
				<timestamp>6188.106940</timestamp>
			</report>
			<report>
				<misses>17699001</misses>
				<total>39</total>
				<timestamp>6188.456624</timestamp>
			</report>
			<report>
				<misses>17700001</misses>
				<total>39</total>
				<timestamp>6188.806268</timestamp>
			</report>
			<report>
				<misses>17701001</misses>
				<total>39</total>
				<timestamp>6189.155916</timestamp>
			</report>
			<report>
				<misses>17702001</misses>
				<total>39</total>
				<timestamp>6189.505570</timestamp>
			</report>
			<report>
				<misses>17703001</misses>
				<total>39</total>
				<timestamp>6189.855207</timestamp>
			</report>
			<report>
				<misses>17704001</misses>
				<total>39</total>
				<timestamp>6190.204846</timestamp>
			</report>
			<report>
				<misses>17705001</misses>
				<total>39</total>
				<timestamp>6190.554484</timestamp>
			</report>
			<report>
				<misses>17706001</misses>
				<total>39</total>
				<timestamp>6190.904169</timestamp>
			</report>
			<report>
				<misses>17707001</misses>
				<total>39</total>
				<timestamp>6191.253790</timestamp>
			</report>
			<report>
				<misses>17708001</misses>
				<total>39</total>
				<timestamp>6191.603448</timestamp>
			</report>
			<report>
				<misses>17709001</misses>
				<total>39</total>
				<timestamp>6191.953111</timestamp>
			</report>
			<report>
				<misses>17710001</misses>
				<total>39</total>
				<timestamp>6192.302745</timestamp>
			</report>
			<report>
				<misses>17711001</misses>
				<total>39</total>
				<timestamp>6192.652377</timestamp>
			</report>
			<report>
				<misses>17712001</misses>
				<total>39</total>
				<timestamp>6193.002059</timestamp>
			</report>
			<report>
				<misses>17713001</misses>
				<total>39</total>
				<timestamp>6193.351709</timestamp>
			</report>
			<report>
				<misses>17714001</misses>
				<total>39</total>
				<timestamp>6193.701337</timestamp>
			</report>
			<report>
				<misses>17715001</misses>
				<total>39</total>
				<timestamp>6194.050997</timestamp>
			</report>
			<report>
				<misses>17716001</misses>
				<total>39</total>
				<timestamp>6194.400639</timestamp>
			</report>
			<report>
				<misses>17717001</misses>
				<total>39</total>
				<timestamp>6194.750288</timestamp>
			</report>
			<report>
				<misses>17718001</misses>
				<total>39</total>
				<timestamp>6195.099948</timestamp>
			</report>
			<report>
				<misses>17719001</misses>
				<total>39</total>
				<timestamp>6195.449618</timestamp>
			</report>
			<report>
				<misses>17720001</misses>
				<total>39</total>
				<timestamp>6195.799235</timestamp>
			</report>
			<report>
				<misses>17721001</misses>
				<total>39</total>
				<timestamp>6196.148909</timestamp>
			</report>
			<report>
				<misses>17722001</misses>
				<total>39</total>
				<timestamp>6196.498535</timestamp>
			</report>
			<report>
				<misses>17723001</misses>
				<total>39</total>
				<timestamp>6196.848265</timestamp>
			</report>
			<report>
				<misses>17724001</misses>
				<total>39</total>
				<timestamp>6197.197856</timestamp>
			</report>
			<report>
				<misses>17725001</misses>
				<total>39</total>
				<timestamp>6197.547482</timestamp>
			</report>
			<report>
				<misses>17726001</misses>
				<total>39</total>
				<timestamp>6197.897142</timestamp>
			</report>
			<report>
				<misses>17727001</misses>
				<total>39</total>
				<timestamp>6198.246782</timestamp>
			</report>
			<report>
				<misses>17728001</misses>
				<total>39</total>
				<timestamp>6198.596473</timestamp>
			</report>
			<report>
				<misses>17729001</misses>
				<total>39</total>
				<timestamp>6198.946119</timestamp>
			</report>
			<report>
				<misses>17730001</misses>
				<total>39</total>
				<timestamp>6199.295743</timestamp>
			</report>
			<report>
				<misses>17731001</misses>
				<total>39</total>
				<timestamp>6199.645408</timestamp>
			</report>
			<report>
				<misses>17732001</misses>
				<total>39</total>
				<timestamp>6199.995117</timestamp>
			</report>
			<report>
				<misses>17733001</misses>
				<total>39</total>
				<timestamp>6200.344700</timestamp>
			</report>
			<report>
				<misses>17734001</misses>
				<total>39</total>
				<timestamp>6200.694336</timestamp>
			</report>
			<report>
				<misses>17735001</misses>
				<total>39</total>
				<timestamp>6201.044039</timestamp>
			</report>
			<report>
				<misses>17736001</misses>
				<total>39</total>
				<timestamp>6201.393652</timestamp>
			</report>
			<report>
				<misses>17737001</misses>
				<total>39</total>
				<timestamp>6201.743279</timestamp>
			</report>
			<report>
				<misses>17738001</misses>
				<total>39</total>
				<timestamp>6202.092956</timestamp>
			</report>
			<report>
				<misses>17739001</misses>
				<total>39</total>
				<timestamp>6202.442589</timestamp>
			</report>
			<report>
				<misses>17740001</misses>
				<total>39</total>
				<timestamp>6202.792242</timestamp>
			</report>
			<report>
				<misses>17741001</misses>
				<total>39</total>
				<timestamp>6203.141878</timestamp>
			</report>
			<report>
				<misses>17742001</misses>
				<total>39</total>
				<timestamp>6203.491574</timestamp>
			</report>
			<report>
				<misses>17743001</misses>
				<total>39</total>
				<timestamp>6203.841189</timestamp>
			</report>
			<report>
				<misses>17744001</misses>
				<total>39</total>
				<timestamp>6204.190856</timestamp>
			</report>
			<report>
				<misses>17745001</misses>
				<total>39</total>
				<timestamp>6204.540487</timestamp>
			</report>
			<report>
				<misses>17746001</misses>
				<total>39</total>
				<timestamp>6204.890177</timestamp>
			</report>
			<report>
				<misses>17747001</misses>
				<total>39</total>
				<timestamp>6205.239806</timestamp>
			</report>
			<report>
				<misses>17748001</misses>
				<total>39</total>
				<timestamp>6205.589453</timestamp>
			</report>
			<report>
				<misses>17749001</misses>
				<total>39</total>
				<timestamp>6205.939131</timestamp>
			</report>
			<report>
				<misses>17750001</misses>
				<total>39</total>
				<timestamp>6206.288732</timestamp>
			</report>
			<report>
				<misses>17751001</misses>
				<total>39</total>
				<timestamp>6206.638385</timestamp>
			</report>
			<report>
				<misses>17752001</misses>
				<total>39</total>
				<timestamp>6206.988068</timestamp>
			</report>
			<report>
				<misses>17753001</misses>
				<total>39</total>
				<timestamp>6207.337693</timestamp>
			</report>
			<report>
				<misses>17754001</misses>
				<total>39</total>
				<timestamp>6207.687337</timestamp>
			</report>
			<report>
				<misses>17755001</misses>
				<total>39</total>
				<timestamp>6208.037027</timestamp>
			</report>
			<report>
				<misses>17756001</misses>
				<total>39</total>
				<timestamp>6208.386642</timestamp>
			</report>
			<report>
				<misses>17757001</misses>
				<total>39</total>
				<timestamp>6208.736274</timestamp>
			</report>
			<report>
				<misses>17758001</misses>
				<total>39</total>
				<timestamp>6209.085967</timestamp>
			</report>
			<report>
				<misses>17759001</misses>
				<total>39</total>
				<timestamp>6209.435611</timestamp>
			</report>
			<report>
				<misses>17760001</misses>
				<total>39</total>
				<timestamp>6209.785261</timestamp>
			</report>
			<report>
				<misses>17761001</misses>
				<total>39</total>
				<timestamp>6210.134916</timestamp>
			</report>
			<report>
				<misses>17762001</misses>
				<total>39</total>
				<timestamp>6210.484547</timestamp>
			</report>
			<report>
				<misses>17763001</misses>
				<total>39</total>
				<timestamp>6210.834193</timestamp>
			</report>
			<report>
				<misses>17764001</misses>
				<total>39</total>
				<timestamp>6211.183828</timestamp>
			</report>
			<report>
				<misses>17765001</misses>
				<total>39</total>
				<timestamp>6211.533530</timestamp>
			</report>
			<report>
				<misses>17766001</misses>
				<total>39</total>
				<timestamp>6211.883145</timestamp>
			</report>
			<report>
				<misses>17767001</misses>
				<total>39</total>
				<timestamp>6212.232800</timestamp>
			</report>
			<report>
				<misses>17768001</misses>
				<total>39</total>
				<timestamp>6212.582424</timestamp>
			</report>
			<report>
				<misses>17769001</misses>
				<total>39</total>
				<timestamp>6212.932113</timestamp>
			</report>
			<report>
				<misses>17770001</misses>
				<total>39</total>
				<timestamp>6213.281747</timestamp>
			</report>
			<report>
				<misses>17771001</misses>
				<total>39</total>
				<timestamp>6213.631439</timestamp>
			</report>
			<report>
				<misses>17772001</misses>
				<total>39</total>
				<timestamp>6213.981082</timestamp>
			</report>
			<report>
				<misses>17773001</misses>
				<total>39</total>
				<timestamp>6214.330717</timestamp>
			</report>
			<report>
				<misses>17774001</misses>
				<total>39</total>
				<timestamp>6214.680348</timestamp>
			</report>
			<report>
				<misses>17775001</misses>
				<total>39</total>
				<timestamp>6215.030029</timestamp>
			</report>
			<report>
				<misses>17776001</misses>
				<total>39</total>
				<timestamp>6215.379634</timestamp>
			</report>
			<report>
				<misses>17777001</misses>
				<total>39</total>
				<timestamp>6215.729301</timestamp>
			</report>
			<report>
				<misses>17778001</misses>
				<total>39</total>
				<timestamp>6216.078952</timestamp>
			</report>
			<report>
				<misses>17779001</misses>
				<total>39</total>
				<timestamp>6216.428610</timestamp>
			</report>
			<report>
				<misses>17780001</misses>
				<total>39</total>
				<timestamp>6216.778228</timestamp>
			</report>
			<report>
				<misses>17781001</misses>
				<total>39</total>
				<timestamp>6217.127954</timestamp>
			</report>
			<report>
				<misses>17782001</misses>
				<total>39</total>
				<timestamp>6217.477535</timestamp>
			</report>
			<report>
				<misses>17783001</misses>
				<total>39</total>
				<timestamp>6217.827193</timestamp>
			</report>
			<report>
				<misses>17784001</misses>
				<total>39</total>
				<timestamp>6218.176850</timestamp>
			</report>
			<report>
				<misses>17785001</misses>
				<total>39</total>
				<timestamp>6218.526492</timestamp>
			</report>
			<report>
				<misses>17786001</misses>
				<total>39</total>
				<timestamp>6218.876143</timestamp>
			</report>
			<report>
				<misses>17787001</misses>
				<total>39</total>
				<timestamp>6219.225787</timestamp>
			</report>
			<report>
				<misses>17788001</misses>
				<total>39</total>
				<timestamp>6219.575434</timestamp>
			</report>
			<report>
				<misses>17789001</misses>
				<total>39</total>
				<timestamp>6219.925138</timestamp>
			</report>
			<report>
				<misses>17790001</misses>
				<total>39</total>
				<timestamp>6220.274741</timestamp>
			</report>
			<report>
				<misses>17791001</misses>
				<total>39</total>
				<timestamp>6220.624411</timestamp>
			</report>
			<report>
				<misses>17792001</misses>
				<total>39</total>
				<timestamp>6220.974074</timestamp>
			</report>
			<report>
				<misses>17793001</misses>
				<total>39</total>
				<timestamp>6221.323699</timestamp>
			</report>
			<report>
				<misses>17794001</misses>
				<total>39</total>
				<timestamp>6221.673349</timestamp>
			</report>
			<report>
				<misses>17795001</misses>
				<total>39</total>
				<timestamp>6222.022983</timestamp>
			</report>
			<report>
				<misses>17796001</misses>
				<total>39</total>
				<timestamp>6222.372673</timestamp>
			</report>
			<report>
				<misses>17797001</misses>
				<total>39</total>
				<timestamp>6222.722302</timestamp>
			</report>
			<report>
				<misses>17798001</misses>
				<total>39</total>
				<timestamp>6223.071968</timestamp>
			</report>
			<report>
				<misses>17799001</misses>
				<total>39</total>
				<timestamp>6223.421602</timestamp>
			</report>
			<report>
				<misses>17800001</misses>
				<total>39</total>
				<timestamp>6223.771251</timestamp>
			</report>
			<report>
				<misses>17801001</misses>
				<total>39</total>
				<timestamp>6224.120902</timestamp>
			</report>
			<report>
				<misses>17802001</misses>
				<total>39</total>
				<timestamp>6224.470544</timestamp>
			</report>
			<report>
				<misses>17803001</misses>
				<total>39</total>
				<timestamp>6224.820210</timestamp>
			</report>
			<report>
				<misses>17804001</misses>
				<total>39</total>
				<timestamp>6225.169837</timestamp>
			</report>
			<report>
				<misses>17805001</misses>
				<total>39</total>
				<timestamp>6225.519484</timestamp>
			</report>
			<report>
				<misses>17806001</misses>
				<total>39</total>
				<timestamp>6225.869149</timestamp>
			</report>
			<report>
				<misses>17807001</misses>
				<total>39</total>
				<timestamp>6226.218806</timestamp>
			</report>
			<report>
				<misses>17808001</misses>
				<total>39</total>
				<timestamp>6226.568460</timestamp>
			</report>
			<report>
				<misses>17809001</misses>
				<total>39</total>
				<timestamp>6226.918077</timestamp>
			</report>
			<report>
				<misses>17810001</misses>
				<total>39</total>
				<timestamp>6227.267745</timestamp>
			</report>
			<report>
				<misses>17811001</misses>
				<total>39</total>
				<timestamp>6227.617405</timestamp>
			</report>
			<report>
				<misses>17812001</misses>
				<total>39</total>
				<timestamp>6227.967047</timestamp>
			</report>
			<report>
				<misses>17813001</misses>
				<total>39</total>
				<timestamp>6228.316735</timestamp>
			</report>
			<report>
				<misses>17814001</misses>
				<total>39</total>
				<timestamp>6228.666325</timestamp>
			</report>
			<report>
				<misses>17815001</misses>
				<total>39</total>
				<timestamp>6229.015991</timestamp>
			</report>
			<report>
				<misses>17816001</misses>
				<total>39</total>
				<timestamp>6229.365641</timestamp>
			</report>
			<report>
				<misses>17817001</misses>
				<total>39</total>
				<timestamp>6229.715336</timestamp>
			</report>
			<report>
				<misses>17818001</misses>
				<total>39</total>
				<timestamp>6230.064949</timestamp>
			</report>
			<report>
				<misses>17819001</misses>
				<total>39</total>
				<timestamp>6230.414588</timestamp>
			</report>
			<report>
				<misses>17820001</misses>
				<total>39</total>
				<timestamp>6230.764226</timestamp>
			</report>
			<report>
				<misses>17821001</misses>
				<total>39</total>
				<timestamp>6231.113892</timestamp>
			</report>
			<report>
				<misses>17822001</misses>
				<total>39</total>
				<timestamp>6231.463543</timestamp>
			</report>
			<report>
				<misses>17823001</misses>
				<total>39</total>
				<timestamp>6231.813193</timestamp>
			</report>
			<report>
				<misses>17824001</misses>
				<total>39</total>
				<timestamp>6232.162868</timestamp>
			</report>
			<report>
				<misses>17825001</misses>
				<total>39</total>
				<timestamp>6232.512483</timestamp>
			</report>
			<report>
				<misses>17826001</misses>
				<total>39</total>
				<timestamp>6232.862156</timestamp>
			</report>
			<report>
				<misses>17827001</misses>
				<total>39</total>
				<timestamp>6233.211803</timestamp>
			</report>
			<report>
				<misses>17828001</misses>
				<total>39</total>
				<timestamp>6233.561438</timestamp>
			</report>
			<report>
				<misses>17829001</misses>
				<total>39</total>
				<timestamp>6233.911081</timestamp>
			</report>
			<report>
				<misses>17830001</misses>
				<total>39</total>
				<timestamp>6234.260753</timestamp>
			</report>
			<report>
				<misses>17831001</misses>
				<total>39</total>
				<timestamp>6234.610384</timestamp>
			</report>
			<report>
				<misses>17832001</misses>
				<total>39</total>
				<timestamp>6234.960042</timestamp>
			</report>
			<report>
				<misses>17833001</misses>
				<total>39</total>
				<timestamp>6235.309684</timestamp>
			</report>
			<report>
				<misses>17834001</misses>
				<total>39</total>
				<timestamp>6235.659342</timestamp>
			</report>
			<report>
				<misses>17835001</misses>
				<total>39</total>
				<timestamp>6236.008997</timestamp>
			</report>
			<report>
				<misses>17836001</misses>
				<total>39</total>
				<timestamp>6236.358656</timestamp>
			</report>
			<report>
				<misses>17837001</misses>
				<total>39</total>
				<timestamp>6236.708314</timestamp>
			</report>
			<report>
				<misses>17838001</misses>
				<total>39</total>
				<timestamp>6237.057947</timestamp>
			</report>
			<report>
				<misses>17839001</misses>
				<total>39</total>
				<timestamp>6237.407589</timestamp>
			</report>
			<report>
				<misses>17840001</misses>
				<total>39</total>
				<timestamp>6237.757269</timestamp>
			</report>
			<report>
				<misses>17841001</misses>
				<total>39</total>
				<timestamp>6238.106908</timestamp>
			</report>
			<report>
				<misses>17842001</misses>
				<total>39</total>
				<timestamp>6238.456528</timestamp>
			</report>
			<report>
				<misses>17843001</misses>
				<total>39</total>
				<timestamp>6238.806188</timestamp>
			</report>
			<report>
				<misses>17844001</misses>
				<total>39</total>
				<timestamp>6239.155879</timestamp>
			</report>
			<report>
				<misses>17845001</misses>
				<total>39</total>
				<timestamp>6239.505508</timestamp>
			</report>
			<report>
				<misses>17846001</misses>
				<total>39</total>
				<timestamp>6239.855173</timestamp>
			</report>
			<report>
				<misses>17847001</misses>
				<total>39</total>
				<timestamp>6240.204885</timestamp>
			</report>
			<report>
				<misses>17848001</misses>
				<total>39</total>
				<timestamp>6240.554434</timestamp>
			</report>
			<report>
				<misses>17849001</misses>
				<total>39</total>
				<timestamp>6240.904094</timestamp>
			</report>
			<report>
				<misses>17850001</misses>
				<total>39</total>
				<timestamp>6241.253824</timestamp>
			</report>
			<report>
				<misses>17851001</misses>
				<total>39</total>
				<timestamp>6241.603378</timestamp>
			</report>
			<report>
				<misses>17852001</misses>
				<total>39</total>
				<timestamp>6241.953056</timestamp>
			</report>
			<report>
				<misses>17853001</misses>
				<total>39</total>
				<timestamp>6242.302722</timestamp>
			</report>
			<report>
				<misses>17854001</misses>
				<total>39</total>
				<timestamp>6242.652334</timestamp>
			</report>
			<report>
				<misses>17855001</misses>
				<total>39</total>
				<timestamp>6243.001989</timestamp>
			</report>
			<report>
				<misses>17856001</misses>
				<total>39</total>
				<timestamp>6243.351655</timestamp>
			</report>
			<report>
				<misses>17857001</misses>
				<total>39</total>
				<timestamp>6243.701281</timestamp>
			</report>
			<report>
				<misses>17858001</misses>
				<total>39</total>
				<timestamp>6244.050936</timestamp>
			</report>
			<report>
				<misses>17859001</misses>
				<total>39</total>
				<timestamp>6244.400617</timestamp>
			</report>
			<report>
				<misses>17860001</misses>
				<total>39</total>
				<timestamp>6244.750237</timestamp>
			</report>
			<report>
				<misses>17861001</misses>
				<total>39</total>
				<timestamp>6245.099927</timestamp>
			</report>
			<report>
				<misses>17862001</misses>
				<total>39</total>
				<timestamp>6245.449547</timestamp>
			</report>
			<report>
				<misses>17863001</misses>
				<total>39</total>
				<timestamp>6245.799201</timestamp>
			</report>
			<report>
				<misses>17864001</misses>
				<total>39</total>
				<timestamp>6246.148860</timestamp>
			</report>
			<report>
				<misses>17865001</misses>
				<total>39</total>
				<timestamp>6246.498516</timestamp>
			</report>
			<report>
				<misses>17866001</misses>
				<total>39</total>
				<timestamp>6246.848176</timestamp>
			</report>
			<report>
				<misses>17867001</misses>
				<total>39</total>
				<timestamp>6247.197840</timestamp>
			</report>
			<report>
				<misses>17868001</misses>
				<total>39</total>
				<timestamp>6247.547443</timestamp>
			</report>
			<report>
				<misses>17869001</misses>
				<total>39</total>
				<timestamp>6247.897081</timestamp>
			</report>
			<report>
				<misses>17870001</misses>
				<total>39</total>
				<timestamp>6248.246804</timestamp>
			</report>
			<report>
				<misses>17871001</misses>
				<total>39</total>
				<timestamp>6248.596432</timestamp>
			</report>
			<report>
				<misses>17872001</misses>
				<total>39</total>
				<timestamp>6248.946014</timestamp>
			</report>
			<report>
				<misses>17873001</misses>
				<total>39</total>
				<timestamp>6249.295707</timestamp>
			</report>
			<report>
				<misses>17874001</misses>
				<total>39</total>
				<timestamp>6249.645335</timestamp>
			</report>
			<report>
				<misses>17875001</misses>
				<total>39</total>
				<timestamp>6249.994984</timestamp>
			</report>
			<report>
				<misses>17876001</misses>
				<total>39</total>
				<timestamp>6250.344686</timestamp>
			</report>
			<report>
				<misses>17877001</misses>
				<total>39</total>
				<timestamp>6250.694296</timestamp>
			</report>
			<report>
				<misses>17878001</misses>
				<total>39</total>
				<timestamp>6251.043934</timestamp>
			</report>
			<report>
				<misses>17879001</misses>
				<total>39</total>
				<timestamp>6251.393608</timestamp>
			</report>
			<report>
				<misses>17880001</misses>
				<total>39</total>
				<timestamp>6251.743261</timestamp>
			</report>
			<report>
				<misses>17881001</misses>
				<total>39</total>
				<timestamp>6252.092922</timestamp>
			</report>
			<report>
				<misses>17882001</misses>
				<total>39</total>
				<timestamp>6252.442562</timestamp>
			</report>
			<report>
				<misses>17883001</misses>
				<total>39</total>
				<timestamp>6252.792232</timestamp>
			</report>
			<report>
				<misses>17884001</misses>
				<total>39</total>
				<timestamp>6253.141864</timestamp>
			</report>
			<report>
				<misses>17885001</misses>
				<total>39</total>
				<timestamp>6253.491485</timestamp>
			</report>
			<report>
				<misses>17886001</misses>
				<total>39</total>
				<timestamp>6253.841168</timestamp>
			</report>
			<report>
				<misses>17887001</misses>
				<total>39</total>
				<timestamp>6254.190829</timestamp>
			</report>
			<report>
				<misses>17888001</misses>
				<total>39</total>
				<timestamp>6254.540439</timestamp>
			</report>
			<report>
				<misses>17889001</misses>
				<total>39</total>
				<timestamp>6254.890124</timestamp>
			</report>
			<report>
				<misses>17890001</misses>
				<total>39</total>
				<timestamp>6255.239732</timestamp>
			</report>
			<report>
				<misses>17891001</misses>
				<total>39</total>
				<timestamp>6255.589400</timestamp>
			</report>
			<report>
				<misses>17892001</misses>
				<total>39</total>
				<timestamp>6255.939029</timestamp>
			</report>
			<report>
				<misses>17893001</misses>
				<total>39</total>
				<timestamp>6256.288769</timestamp>
			</report>
			<report>
				<misses>17894001</misses>
				<total>39</total>
				<timestamp>6256.638373</timestamp>
			</report>
			<report>
				<misses>17895001</misses>
				<total>39</total>
				<timestamp>6256.988003</timestamp>
			</report>
			<report>
				<misses>17896001</misses>
				<total>39</total>
				<timestamp>6257.337637</timestamp>
			</report>
			<report>
				<misses>17897001</misses>
				<total>39</total>
				<timestamp>6257.687286</timestamp>
			</report>
			<report>
				<misses>17898001</misses>
				<total>39</total>
				<timestamp>6258.036943</timestamp>
			</report>
			<report>
				<misses>17899001</misses>
				<total>39</total>
				<timestamp>6258.386591</timestamp>
			</report>
			<report>
				<misses>17900001</misses>
				<total>39</total>
				<timestamp>6258.736229</timestamp>
			</report>
			<report>
				<misses>17901001</misses>
				<total>39</total>
				<timestamp>6259.085885</timestamp>
			</report>
			<report>
				<misses>17902001</misses>
				<total>39</total>
				<timestamp>6259.435530</timestamp>
			</report>
			<report>
				<misses>17903001</misses>
				<total>39</total>
				<timestamp>6259.785235</timestamp>
			</report>
			<report>
				<misses>17904001</misses>
				<total>39</total>
				<timestamp>6260.134840</timestamp>
			</report>
			<report>
				<misses>17905001</misses>
				<total>39</total>
				<timestamp>6260.484495</timestamp>
			</report>
			<report>
				<misses>17906001</misses>
				<total>39</total>
				<timestamp>6260.834154</timestamp>
			</report>
			<report>
				<misses>17907001</misses>
				<total>39</total>
				<timestamp>6261.183813</timestamp>
			</report>
			<report>
				<misses>17908001</misses>
				<total>39</total>
				<timestamp>6261.533450</timestamp>
			</report>
			<report>
				<misses>17909001</misses>
				<total>39</total>
				<timestamp>6261.883106</timestamp>
			</report>
			<report>
				<misses>17910001</misses>
				<total>39</total>
				<timestamp>6262.232755</timestamp>
			</report>
			<report>
				<misses>17911001</misses>
				<total>39</total>
				<timestamp>6262.582383</timestamp>
			</report>
			<report>
				<misses>17912001</misses>
				<total>39</total>
				<timestamp>6262.932017</timestamp>
			</report>
			<report>
				<misses>17913001</misses>
				<total>39</total>
				<timestamp>6263.281766</timestamp>
			</report>
			<report>
				<misses>17914001</misses>
				<total>39</total>
				<timestamp>6263.631334</timestamp>
			</report>
			<report>
				<misses>17915001</misses>
				<total>39</total>
				<timestamp>6263.980993</timestamp>
			</report>
			<report>
				<misses>17916001</misses>
				<total>39</total>
				<timestamp>6264.330721</timestamp>
			</report>
			<report>
				<misses>17917001</misses>
				<total>39</total>
				<timestamp>6264.680323</timestamp>
			</report>
			<report>
				<misses>17918001</misses>
				<total>39</total>
				<timestamp>6265.029946</timestamp>
			</report>
			<report>
				<misses>17919001</misses>
				<total>39</total>
				<timestamp>6265.379585</timestamp>
			</report>
			<report>
				<misses>17920001</misses>
				<total>39</total>
				<timestamp>6265.729234</timestamp>
			</report>
			<report>
				<misses>17921001</misses>
				<total>39</total>
				<timestamp>6266.078889</timestamp>
			</report>
			<report>
				<misses>17922001</misses>
				<total>39</total>
				<timestamp>6266.428540</timestamp>
			</report>
			<report>
				<misses>17923001</misses>
				<total>39</total>
				<timestamp>6266.778179</timestamp>
			</report>
			<report>
				<misses>17924001</misses>
				<total>39</total>
				<timestamp>6267.127840</timestamp>
			</report>
			<report>
				<misses>17925001</misses>
				<total>39</total>
				<timestamp>6267.477501</timestamp>
			</report>
			<report>
				<misses>17926001</misses>
				<total>39</total>
				<timestamp>6267.827152</timestamp>
			</report>
			<report>
				<misses>17927001</misses>
				<total>39</total>
				<timestamp>6268.176824</timestamp>
			</report>
			<report>
				<misses>17928001</misses>
				<total>39</total>
				<timestamp>6268.526466</timestamp>
			</report>
			<report>
				<misses>17929001</misses>
				<total>39</total>
				<timestamp>6268.876081</timestamp>
			</report>
			<report>
				<misses>17930001</misses>
				<total>39</total>
				<timestamp>6269.225788</timestamp>
			</report>
			<report>
				<misses>17931001</misses>
				<total>39</total>
				<timestamp>6269.575386</timestamp>
			</report>
			<report>
				<misses>17932001</misses>
				<total>39</total>
				<timestamp>6269.925044</timestamp>
			</report>
			<report>
				<misses>17933001</misses>
				<total>39</total>
				<timestamp>6270.274714</timestamp>
			</report>
			<report>
				<misses>17934001</misses>
				<total>39</total>
				<timestamp>6270.624355</timestamp>
			</report>
			<report>
				<misses>17935001</misses>
				<total>39</total>
				<timestamp>6270.973995</timestamp>
			</report>
			<report>
				<misses>17936001</misses>
				<total>39</total>
				<timestamp>6271.323717</timestamp>
			</report>
			<report>
				<misses>17937001</misses>
				<total>39</total>
				<timestamp>6271.673269</timestamp>
			</report>
			<report>
				<misses>17938001</misses>
				<total>39</total>
				<timestamp>6272.022943</timestamp>
			</report>
			<report>
				<misses>17939001</misses>
				<total>39</total>
				<timestamp>6272.372635</timestamp>
			</report>
			<report>
				<misses>17940001</misses>
				<total>39</total>
				<timestamp>6272.722278</timestamp>
			</report>
			<report>
				<misses>17941001</misses>
				<total>39</total>
				<timestamp>6273.071895</timestamp>
			</report>
			<report>
				<misses>17942001</misses>
				<total>39</total>
				<timestamp>6273.421547</timestamp>
			</report>
			<report>
				<misses>17943001</misses>
				<total>39</total>
				<timestamp>6273.771197</timestamp>
			</report>
			<report>
				<misses>17944001</misses>
				<total>39</total>
				<timestamp>6274.120844</timestamp>
			</report>
			<report>
				<misses>17945001</misses>
				<total>39</total>
				<timestamp>6274.470484</timestamp>
			</report>
			<report>
				<misses>17946001</misses>
				<total>39</total>
				<timestamp>6274.820132</timestamp>
			</report>
			<report>
				<misses>17947001</misses>
				<total>39</total>
				<timestamp>6275.169780</timestamp>
			</report>
			<report>
				<misses>17948001</misses>
				<total>39</total>
				<timestamp>6275.519466</timestamp>
			</report>
			<report>
				<misses>17949001</misses>
				<total>39</total>
				<timestamp>6275.869115</timestamp>
			</report>
			<report>
				<misses>17950001</misses>
				<total>39</total>
				<timestamp>6276.218754</timestamp>
			</report>
			<report>
				<misses>17951001</misses>
				<total>39</total>
				<timestamp>6276.568376</timestamp>
			</report>
			<report>
				<misses>17952001</misses>
				<total>39</total>
				<timestamp>6276.918033</timestamp>
			</report>
			<report>
				<misses>17953001</misses>
				<total>39</total>
				<timestamp>6277.267732</timestamp>
			</report>
			<report>
				<misses>17954001</misses>
				<total>39</total>
				<timestamp>6277.617359</timestamp>
			</report>
			<report>
				<misses>17955001</misses>
				<total>39</total>
				<timestamp>6277.966994</timestamp>
			</report>
			<report>
				<misses>17956001</misses>
				<total>39</total>
				<timestamp>6278.316667</timestamp>
			</report>
			<report>
				<misses>17957001</misses>
				<total>39</total>
				<timestamp>6278.666355</timestamp>
			</report>
			<report>
				<misses>17958001</misses>
				<total>39</total>
				<timestamp>6279.015945</timestamp>
			</report>
			<report>
				<misses>17959001</misses>
				<total>39</total>
				<timestamp>6279.365652</timestamp>
			</report>
			<report>
				<misses>17960001</misses>
				<total>39</total>
				<timestamp>6279.715231</timestamp>
			</report>
			<report>
				<misses>17961001</misses>
				<total>39</total>
				<timestamp>6280.064882</timestamp>
			</report>
			<report>
				<misses>17962001</misses>
				<total>39</total>
				<timestamp>6280.414611</timestamp>
			</report>
			<report>
				<misses>17963001</misses>
				<total>39</total>
				<timestamp>6280.764228</timestamp>
			</report>
			<report>
				<misses>17964001</misses>
				<total>39</total>
				<timestamp>6281.113844</timestamp>
			</report>
			<report>
				<misses>17965001</misses>
				<total>39</total>
				<timestamp>6281.463494</timestamp>
			</report>
			<report>
				<misses>17966001</misses>
				<total>39</total>
				<timestamp>6281.813144</timestamp>
			</report>
			<report>
				<misses>17967001</misses>
				<total>39</total>
				<timestamp>6282.162798</timestamp>
			</report>
			<report>
				<misses>17968001</misses>
				<total>39</total>
				<timestamp>6282.512424</timestamp>
			</report>
			<report>
				<misses>17969001</misses>
				<total>39</total>
				<timestamp>6282.862097</timestamp>
			</report>
			<report>
				<misses>17970001</misses>
				<total>39</total>
				<timestamp>6283.211779</timestamp>
			</report>
			<report>
				<misses>17971001</misses>
				<total>39</total>
				<timestamp>6283.561380</timestamp>
			</report>
			<report>
				<misses>17972001</misses>
				<total>39</total>
				<timestamp>6283.911080</timestamp>
			</report>
			<report>
				<misses>17973001</misses>
				<total>39</total>
				<timestamp>6284.260733</timestamp>
			</report>
			<report>
				<misses>17974001</misses>
				<total>39</total>
				<timestamp>6284.610329</timestamp>
			</report>
			<report>
				<misses>17975001</misses>
				<total>39</total>
				<timestamp>6284.959994</timestamp>
			</report>
			<report>
				<misses>17976001</misses>
				<total>39</total>
				<timestamp>6285.309718</timestamp>
			</report>
			<report>
				<misses>17977001</misses>
				<total>39</total>
				<timestamp>6285.659308</timestamp>
			</report>
			<report>
				<misses>17978001</misses>
				<total>39</total>
				<timestamp>6286.008940</timestamp>
			</report>
			<report>
				<misses>17979001</misses>
				<total>39</total>
				<timestamp>6286.358618</timestamp>
			</report>
			<report>
				<misses>17980001</misses>
				<total>39</total>
				<timestamp>6286.708240</timestamp>
			</report>
			<report>
				<misses>17981001</misses>
				<total>39</total>
				<timestamp>6287.057878</timestamp>
			</report>
			<report>
				<misses>17982001</misses>
				<total>39</total>
				<timestamp>6287.407598</timestamp>
			</report>
			<report>
				<misses>17983001</misses>
				<total>39</total>
				<timestamp>6287.757176</timestamp>
			</report>
			<report>
				<misses>17984001</misses>
				<total>39</total>
				<timestamp>6288.106840</timestamp>
			</report>
			<report>
				<misses>17985001</misses>
				<total>39</total>
				<timestamp>6288.456568</timestamp>
			</report>
			<report>
				<misses>17986001</misses>
				<total>39</total>
				<timestamp>6288.806139</timestamp>
			</report>
			<report>
				<misses>17987001</misses>
				<total>39</total>
				<timestamp>6289.155798</timestamp>
			</report>
			<report>
				<misses>17988001</misses>
				<total>39</total>
				<timestamp>6289.505452</timestamp>
			</report>
			<report>
				<misses>17989001</misses>
				<total>39</total>
				<timestamp>6289.855102</timestamp>
			</report>
			<report>
				<misses>17990001</misses>
				<total>39</total>
				<timestamp>6290.204747</timestamp>
			</report>
			<report>
				<misses>17991001</misses>
				<total>39</total>
				<timestamp>6290.554391</timestamp>
			</report>
			<report>
				<misses>17992001</misses>
				<total>39</total>
				<timestamp>6290.904052</timestamp>
			</report>
			<report>
				<misses>17993001</misses>
				<total>39</total>
				<timestamp>6291.253684</timestamp>
			</report>
			<report>
				<misses>17994001</misses>
				<total>39</total>
				<timestamp>6291.603324</timestamp>
			</report>
			<report>
				<misses>17995001</misses>
				<total>39</total>
				<timestamp>6291.952991</timestamp>
			</report>
			<report>
				<misses>17996001</misses>
				<total>39</total>
				<timestamp>6292.302654</timestamp>
			</report>
			<report>
				<misses>17997001</misses>
				<total>39</total>
				<timestamp>6292.652297</timestamp>
			</report>
			<report>
				<misses>17998001</misses>
				<total>39</total>
				<timestamp>6293.001959</timestamp>
			</report>
			<report>
				<misses>17999001</misses>
				<total>39</total>
				<timestamp>6293.351658</timestamp>
			</report>
			<report>
				<misses>18000001</misses>
				<total>39</total>
				<timestamp>6293.701256</timestamp>
			</report>
			<report>
				<misses>18001001</misses>
				<total>39</total>
				<timestamp>6294.050887</timestamp>
			</report>
			<report>
				<misses>18002001</misses>
				<total>39</total>
				<timestamp>6294.400580</timestamp>
			</report>
			<report>
				<misses>18003001</misses>
				<total>39</total>
				<timestamp>6294.750220</timestamp>
			</report>
			<report>
				<misses>18004001</misses>
				<total>39</total>
				<timestamp>6295.099828</timestamp>
			</report>
			<report>
				<misses>18005001</misses>
				<total>39</total>
				<timestamp>6295.449538</timestamp>
			</report>
			<report>
				<misses>18006001</misses>
				<total>39</total>
				<timestamp>6295.799159</timestamp>
			</report>
			<report>
				<misses>18007001</misses>
				<total>39</total>
				<timestamp>6296.148784</timestamp>
			</report>
			<report>
				<misses>18008001</misses>
				<total>39</total>
				<timestamp>6296.498521</timestamp>
			</report>
			<report>
				<misses>18009001</misses>
				<total>39</total>
				<timestamp>6296.848122</timestamp>
			</report>
			<report>
				<misses>18010001</misses>
				<total>39</total>
				<timestamp>6297.197739</timestamp>
			</report>
			<report>
				<misses>18011001</misses>
				<total>39</total>
				<timestamp>6297.547399</timestamp>
			</report>
			<report>
				<misses>18012001</misses>
				<total>39</total>
				<timestamp>6297.897062</timestamp>
			</report>
			<report>
				<misses>18013001</misses>
				<total>39</total>
				<timestamp>6298.246715</timestamp>
			</report>
			<report>
				<misses>18014001</misses>
				<total>39</total>
				<timestamp>6298.596333</timestamp>
			</report>
			<report>
				<misses>18015001</misses>
				<total>39</total>
				<timestamp>6298.946037</timestamp>
			</report>
			<report>
				<misses>18016001</misses>
				<total>39</total>
				<timestamp>6299.295639</timestamp>
			</report>
			<report>
				<misses>18017001</misses>
				<total>39</total>
				<timestamp>6299.645322</timestamp>
			</report>
			<report>
				<misses>18018001</misses>
				<total>39</total>
				<timestamp>6299.994945</timestamp>
			</report>
			<report>
				<misses>18019001</misses>
				<total>39</total>
				<timestamp>6300.344615</timestamp>
			</report>
			<report>
				<misses>18020001</misses>
				<total>39</total>
				<timestamp>6300.694301</timestamp>
			</report>
			<report>
				<misses>18021001</misses>
				<total>39</total>
				<timestamp>6301.043907</timestamp>
			</report>
			<report>
				<misses>18022001</misses>
				<total>39</total>
				<timestamp>6301.393627</timestamp>
			</report>
			<report>
				<misses>18023001</misses>
				<total>39</total>
				<timestamp>6301.743201</timestamp>
			</report>
			<report>
				<misses>18024001</misses>
				<total>39</total>
				<timestamp>6302.092837</timestamp>
			</report>
			<report>
				<misses>18025001</misses>
				<total>39</total>
				<timestamp>6302.442553</timestamp>
			</report>
			<report>
				<misses>18026001</misses>
				<total>39</total>
				<timestamp>6302.792141</timestamp>
			</report>
			<report>
				<misses>18027001</misses>
				<total>39</total>
				<timestamp>6303.141792</timestamp>
			</report>
			<report>
				<misses>18028001</misses>
				<total>39</total>
				<timestamp>6303.491494</timestamp>
			</report>
			<report>
				<misses>18029001</misses>
				<total>39</total>
				<timestamp>6303.841098</timestamp>
			</report>
			<report>
				<misses>18030001</misses>
				<total>39</total>
				<timestamp>6304.190737</timestamp>
			</report>
			<report>
				<misses>18031001</misses>
				<total>39</total>
				<timestamp>6304.540412</timestamp>
			</report>
			<report>
				<misses>18032001</misses>
				<total>39</total>
				<timestamp>6304.890077</timestamp>
			</report>
			<report>
				<misses>18033001</misses>
				<total>39</total>
				<timestamp>6305.239686</timestamp>
			</report>
			<report>
				<misses>18034001</misses>
				<total>39</total>
				<timestamp>6305.589426</timestamp>
			</report>
			<report>
				<misses>18035001</misses>
				<total>39</total>
				<timestamp>6305.939033</timestamp>
			</report>
			<report>
				<misses>18036001</misses>
				<total>39</total>
				<timestamp>6306.288632</timestamp>
			</report>
			<report>
				<misses>18037001</misses>
				<total>39</total>
				<timestamp>6306.638276</timestamp>
			</report>
			<report>
				<misses>18038001</misses>
				<total>39</total>
				<timestamp>6306.987946</timestamp>
			</report>
			<report>
				<misses>18039001</misses>
				<total>39</total>
				<timestamp>6307.337581</timestamp>
			</report>
			<report>
				<misses>18040001</misses>
				<total>39</total>
				<timestamp>6307.687255</timestamp>
			</report>
			<report>
				<misses>18041001</misses>
				<total>39</total>
				<timestamp>6308.036913</timestamp>
			</report>
			<report>
				<misses>18042001</misses>
				<total>39</total>
				<timestamp>6308.386576</timestamp>
			</report>
			<report>
				<misses>18043001</misses>
				<total>39</total>
				<timestamp>6308.736180</timestamp>
			</report>
			<report>
				<misses>18044001</misses>
				<total>39</total>
				<timestamp>6309.085830</timestamp>
			</report>
			<report>
				<misses>18045001</misses>
				<total>39</total>
				<timestamp>6309.435489</timestamp>
			</report>
			<report>
				<misses>18046001</misses>
				<total>39</total>
				<timestamp>6309.785145</timestamp>
			</report>
			<report>
				<misses>18047001</misses>
				<total>39</total>
				<timestamp>6310.134769</timestamp>
			</report>
			<report>
				<misses>18048001</misses>
				<total>39</total>
				<timestamp>6310.484433</timestamp>
			</report>
			<report>
				<misses>18049001</misses>
				<total>39</total>
				<timestamp>6310.834114</timestamp>
			</report>
			<report>
				<misses>18050001</misses>
				<total>39</total>
				<timestamp>6311.183728</timestamp>
			</report>
			<report>
				<misses>18051001</misses>
				<total>39</total>
				<timestamp>6311.533424</timestamp>
			</report>
			<report>
				<misses>18052001</misses>
				<total>39</total>
				<timestamp>6311.883076</timestamp>
			</report>
			<report>
				<misses>18053001</misses>
				<total>39</total>
				<timestamp>6312.232675</timestamp>
			</report>
			<report>
				<misses>18054001</misses>
				<total>39</total>
				<timestamp>6312.582383</timestamp>
			</report>
			<report>
				<misses>18055001</misses>
				<total>39</total>
				<timestamp>6312.931995</timestamp>
			</report>
			<report>
				<misses>18056001</misses>
				<total>39</total>
				<timestamp>6313.281627</timestamp>
			</report>
			<report>
				<misses>18057001</misses>
				<total>39</total>
				<timestamp>6313.631335</timestamp>
			</report>
			<report>
				<misses>18058001</misses>
				<total>39</total>
				<timestamp>6313.980927</timestamp>
			</report>
			<report>
				<misses>18059001</misses>
				<total>39</total>
				<timestamp>6314.330618</timestamp>
			</report>
			<report>
				<misses>18060001</misses>
				<total>39</total>
				<timestamp>6314.680228</timestamp>
			</report>
			<report>
				<misses>18061001</misses>
				<total>39</total>
				<timestamp>6315.029881</timestamp>
			</report>
			<report>
				<misses>18062001</misses>
				<total>39</total>
				<timestamp>6315.379536</timestamp>
			</report>
			<report>
				<misses>18063001</misses>
				<total>39</total>
				<timestamp>6315.729199</timestamp>
			</report>
			<report>
				<misses>18064001</misses>
				<total>39</total>
				<timestamp>6316.078823</timestamp>
			</report>
			<report>
				<misses>18065001</misses>
				<total>39</total>
				<timestamp>6316.428533</timestamp>
			</report>
			<report>
				<misses>18066001</misses>
				<total>39</total>
				<timestamp>6316.778129</timestamp>
			</report>
			<report>
				<misses>18067001</misses>
				<total>39</total>
				<timestamp>6317.127779</timestamp>
			</report>
			<report>
				<misses>18068001</misses>
				<total>39</total>
				<timestamp>6317.477479</timestamp>
			</report>
			<report>
				<misses>18069001</misses>
				<total>39</total>
				<timestamp>6317.827098</timestamp>
			</report>
			<report>
				<misses>18070001</misses>
				<total>39</total>
				<timestamp>6318.176740</timestamp>
			</report>
			<report>
				<misses>18071001</misses>
				<total>39</total>
				<timestamp>6318.526436</timestamp>
			</report>
			<report>
				<misses>18072001</misses>
				<total>39</total>
				<timestamp>6318.876053</timestamp>
			</report>
			<report>
				<misses>18073001</misses>
				<total>39</total>
				<timestamp>6319.225716</timestamp>
			</report>
			<report>
				<misses>18074001</misses>
				<total>39</total>
				<timestamp>6319.575393</timestamp>
			</report>
			<report>
				<misses>18075001</misses>
				<total>39</total>
				<timestamp>6319.925031</timestamp>
			</report>
			<report>
				<misses>18076001</misses>
				<total>39</total>
				<timestamp>6320.274658</timestamp>
			</report>
			<report>
				<misses>18077001</misses>
				<total>39</total>
				<timestamp>6320.624327</timestamp>
			</report>
			<report>
				<misses>18078001</misses>
				<total>39</total>
				<timestamp>6320.973939</timestamp>
			</report>
			<report>
				<misses>18079001</misses>
				<total>39</total>
				<timestamp>6321.323574</timestamp>
			</report>
			<report>
				<misses>18080001</misses>
				<total>39</total>
				<timestamp>6321.673264</timestamp>
			</report>
			<report>
				<misses>18081001</misses>
				<total>39</total>
				<timestamp>6322.022915</timestamp>
			</report>
			<report>
				<misses>18082001</misses>
				<total>39</total>
				<timestamp>6322.372542</timestamp>
			</report>
			<report>
				<misses>18083001</misses>
				<total>39</total>
				<timestamp>6322.722204</timestamp>
			</report>
			<report>
				<misses>18084001</misses>
				<total>39</total>
				<timestamp>6323.071836</timestamp>
			</report>
			<report>
				<misses>18085001</misses>
				<total>39</total>
				<timestamp>6323.421507</timestamp>
			</report>
			<report>
				<misses>18086001</misses>
				<total>39</total>
				<timestamp>6323.771131</timestamp>
			</report>
			<report>
				<misses>18087001</misses>
				<total>39</total>
				<timestamp>6324.120800</timestamp>
			</report>
			<report>
				<misses>18088001</misses>
				<total>39</total>
				<timestamp>6324.470504</timestamp>
			</report>
			<report>
				<misses>18089001</misses>
				<total>39</total>
				<timestamp>6324.820094</timestamp>
			</report>
			<report>
				<misses>18090001</misses>
				<total>39</total>
				<timestamp>6325.169734</timestamp>
			</report>
			<report>
				<misses>18091001</misses>
				<total>39</total>
				<timestamp>6325.519389</timestamp>
			</report>
			<report>
				<misses>18092001</misses>
				<total>39</total>
				<timestamp>6325.869061</timestamp>
			</report>
			<report>
				<misses>18093001</misses>
				<total>39</total>
				<timestamp>6326.218690</timestamp>
			</report>
			<report>
				<misses>18094001</misses>
				<total>39</total>
				<timestamp>6326.568341</timestamp>
			</report>
			<report>
				<misses>18095001</misses>
				<total>39</total>
				<timestamp>6326.917991</timestamp>
			</report>
			<report>
				<misses>18096001</misses>
				<total>39</total>
				<timestamp>6327.267631</timestamp>
			</report>
			<report>
				<misses>18097001</misses>
				<total>39</total>
				<timestamp>6327.617340</timestamp>
			</report>
			<report>
				<misses>18098001</misses>
				<total>39</total>
				<timestamp>6327.966939</timestamp>
			</report>
			<report>
				<misses>18099001</misses>
				<total>39</total>
				<timestamp>6328.316604</timestamp>
			</report>
			<report>
				<misses>18100001</misses>
				<total>39</total>
				<timestamp>6328.666326</timestamp>
			</report>
			<report>
				<misses>18101001</misses>
				<total>39</total>
				<timestamp>6329.015940</timestamp>
			</report>
			<report>
				<misses>18102001</misses>
				<total>39</total>
				<timestamp>6329.365527</timestamp>
			</report>
			<report>
				<misses>18103001</misses>
				<total>39</total>
				<timestamp>6329.715215</timestamp>
			</report>
			<report>
				<misses>18104001</misses>
				<total>39</total>
				<timestamp>6330.064856</timestamp>
			</report>
			<report>
				<misses>18105001</misses>
				<total>39</total>
				<timestamp>6330.414496</timestamp>
			</report>
			<report>
				<misses>18106001</misses>
				<total>39</total>
				<timestamp>6330.764146</timestamp>
			</report>
			<report>
				<misses>18107001</misses>
				<total>39</total>
				<timestamp>6331.113841</timestamp>
			</report>
			<report>
				<misses>18108001</misses>
				<total>39</total>
				<timestamp>6331.463458</timestamp>
			</report>
			<report>
				<misses>18109001</misses>
				<total>39</total>
				<timestamp>6331.813110</timestamp>
			</report>
			<report>
				<misses>18110001</misses>
				<total>39</total>
				<timestamp>6332.162746</timestamp>
			</report>
			<report>
				<misses>18111001</misses>
				<total>39</total>
				<timestamp>6332.512439</timestamp>
			</report>
			<report>
				<misses>18112001</misses>
				<total>39</total>
				<timestamp>6332.862047</timestamp>
			</report>
			<report>
				<misses>18113001</misses>
				<total>39</total>
				<timestamp>6333.211685</timestamp>
			</report>
			<report>
				<misses>18114001</misses>
				<total>39</total>
				<timestamp>6333.561332</timestamp>
			</report>
			<report>
				<misses>18115001</misses>
				<total>39</total>
				<timestamp>6333.911050</timestamp>
			</report>
			<report>
				<misses>18116001</misses>
				<total>39</total>
				<timestamp>6334.260623</timestamp>
			</report>
			<report>
				<misses>18117001</misses>
				<total>39</total>
				<timestamp>6334.610285</timestamp>
			</report>
			<report>
				<misses>18118001</misses>
				<total>39</total>
				<timestamp>6334.959930</timestamp>
			</report>
			<report>
				<misses>18119001</misses>
				<total>39</total>
				<timestamp>6335.309589</timestamp>
			</report>
			<report>
				<misses>18120001</misses>
				<total>39</total>
				<timestamp>6335.659260</timestamp>
			</report>
			<report>
				<misses>18121001</misses>
				<total>39</total>
				<timestamp>6336.008917</timestamp>
			</report>
			<report>
				<misses>18122001</misses>
				<total>39</total>
				<timestamp>6336.358524</timestamp>
			</report>
			<report>
				<misses>18123001</misses>
				<total>39</total>
				<timestamp>6336.708242</timestamp>
			</report>
			<report>
				<misses>18124001</misses>
				<total>39</total>
				<timestamp>6337.057831</timestamp>
			</report>
			<report>
				<misses>18125001</misses>
				<total>39</total>
				<timestamp>6337.407488</timestamp>
			</report>
			<report>
				<misses>18126001</misses>
				<total>39</total>
				<timestamp>6337.757139</timestamp>
			</report>
			<report>
				<misses>18127001</misses>
				<total>39</total>
				<timestamp>6338.106806</timestamp>
			</report>
			<report>
				<misses>18128001</misses>
				<total>39</total>
				<timestamp>6338.456453</timestamp>
			</report>
			<report>
				<misses>18129001</misses>
				<total>39</total>
				<timestamp>6338.806118</timestamp>
			</report>
			<report>
				<misses>18130001</misses>
				<total>39</total>
				<timestamp>6339.155721</timestamp>
			</report>
			<report>
				<misses>18131001</misses>
				<total>39</total>
				<timestamp>6339.505437</timestamp>
			</report>
			<report>
				<misses>18132001</misses>
				<total>39</total>
				<timestamp>6339.855053</timestamp>
			</report>
			<report>
				<misses>18133001</misses>
				<total>39</total>
				<timestamp>6340.204683</timestamp>
			</report>
			<report>
				<misses>18134001</misses>
				<total>39</total>
				<timestamp>6340.554338</timestamp>
			</report>
			<report>
				<misses>18135001</misses>
				<total>39</total>
				<timestamp>6340.904002</timestamp>
			</report>
			<report>
				<misses>18136001</misses>
				<total>39</total>
				<timestamp>6341.253623</timestamp>
			</report>
			<report>
				<misses>18137001</misses>
				<total>39</total>
				<timestamp>6341.603374</timestamp>
			</report>
			<report>
				<misses>18138001</misses>
				<total>39</total>
				<timestamp>6341.952952</timestamp>
			</report>
			<report>
				<misses>18139001</misses>
				<total>39</total>
				<timestamp>6342.302612</timestamp>
			</report>
			<report>
				<misses>18140001</misses>
				<total>39</total>
				<timestamp>6342.652291</timestamp>
			</report>
			<report>
				<misses>18141001</misses>
				<total>39</total>
				<timestamp>6343.001927</timestamp>
			</report>
			<report>
				<misses>18142001</misses>
				<total>39</total>
				<timestamp>6343.351578</timestamp>
			</report>
			<report>
				<misses>18143001</misses>
				<total>39</total>
				<timestamp>6343.701200</timestamp>
			</report>
			<report>
				<misses>18144001</misses>
				<total>39</total>
				<timestamp>6344.050929</timestamp>
			</report>
			<report>
				<misses>18145001</misses>
				<total>39</total>
				<timestamp>6344.400506</timestamp>
			</report>
			<report>
				<misses>18146001</misses>
				<total>39</total>
				<timestamp>6344.750182</timestamp>
			</report>
			<report>
				<misses>18147001</misses>
				<total>39</total>
				<timestamp>6345.099810</timestamp>
			</report>
			<report>
				<misses>18148001</misses>
				<total>39</total>
				<timestamp>6345.449441</timestamp>
			</report>
			<report>
				<misses>18149001</misses>
				<total>39</total>
				<timestamp>6345.799158</timestamp>
			</report>
			<report>
				<misses>18150001</misses>
				<total>39</total>
				<timestamp>6346.148727</timestamp>
			</report>
			<report>
				<misses>18151001</misses>
				<total>39</total>
				<timestamp>6346.498430</timestamp>
			</report>
			<report>
				<misses>18152001</misses>
				<total>39</total>
				<timestamp>6346.848035</timestamp>
			</report>
			<report>
				<misses>18153001</misses>
				<total>39</total>
				<timestamp>6347.197676</timestamp>
			</report>
			<report>
				<misses>18154001</misses>
				<total>39</total>
				<timestamp>6347.547342</timestamp>
			</report>
			<report>
				<misses>18155001</misses>
				<total>39</total>
				<timestamp>6347.896997</timestamp>
			</report>
			<report>
				<misses>18156001</misses>
				<total>39</total>
				<timestamp>6348.246665</timestamp>
			</report>
			<report>
				<misses>18157001</misses>
				<total>39</total>
				<timestamp>6348.596311</timestamp>
			</report>
			<report>
				<misses>18158001</misses>
				<total>39</total>
				<timestamp>6348.945966</timestamp>
			</report>
			<report>
				<misses>18159001</misses>
				<total>39</total>
				<timestamp>6349.295584</timestamp>
			</report>
			<report>
				<misses>18160001</misses>
				<total>39</total>
				<timestamp>6349.645236</timestamp>
			</report>
			<report>
				<misses>18161001</misses>
				<total>39</total>
				<timestamp>6349.994892</timestamp>
			</report>
			<report>
				<misses>18162001</misses>
				<total>39</total>
				<timestamp>6350.344532</timestamp>
			</report>
			<report>
				<misses>18163001</misses>
				<total>39</total>
				<timestamp>6350.694178</timestamp>
			</report>
			<report>
				<misses>18164001</misses>
				<total>39</total>
				<timestamp>6351.043828</timestamp>
			</report>
			<report>
				<misses>18165001</misses>
				<total>39</total>
				<timestamp>6351.393486</timestamp>
			</report>
			<report>
				<misses>18166001</misses>
				<total>39</total>
				<timestamp>6351.743162</timestamp>
			</report>
			<report>
				<misses>18167001</misses>
				<total>39</total>
				<timestamp>6352.092828</timestamp>
			</report>
			<report>
				<misses>18168001</misses>
				<total>39</total>
				<timestamp>6352.442431</timestamp>
			</report>
			<report>
				<misses>18169001</misses>
				<total>39</total>
				<timestamp>6352.792121</timestamp>
			</report>
			<report>
				<misses>18170001</misses>
				<total>39</total>
				<timestamp>6353.141736</timestamp>
			</report>
			<report>
				<misses>18171001</misses>
				<total>39</total>
				<timestamp>6353.491395</timestamp>
			</report>
			<report>
				<misses>18172001</misses>
				<total>39</total>
				<timestamp>6353.841044</timestamp>
			</report>
			<report>
				<misses>18173001</misses>
				<total>39</total>
				<timestamp>6354.190678</timestamp>
			</report>
			<report>
				<misses>18174001</misses>
				<total>39</total>
				<timestamp>6354.540339</timestamp>
			</report>
			<report>
				<misses>18175001</misses>
				<total>39</total>
				<timestamp>6354.890006</timestamp>
			</report>
			<report>
				<misses>18176001</misses>
				<total>39</total>
				<timestamp>6355.239639</timestamp>
			</report>
			<report>
				<misses>18177001</misses>
				<total>39</total>
				<timestamp>6355.589294</timestamp>
			</report>
			<report>
				<misses>18178001</misses>
				<total>39</total>
				<timestamp>6355.938924</timestamp>
			</report>
			<report>
				<misses>18179001</misses>
				<total>39</total>
				<timestamp>6356.288581</timestamp>
			</report>
			<report>
				<misses>18180001</misses>
				<total>39</total>
				<timestamp>6356.638255</timestamp>
			</report>
			<report>
				<misses>18181001</misses>
				<total>39</total>
				<timestamp>6356.987926</timestamp>
			</report>
			<report>
				<misses>18182001</misses>
				<total>39</total>
				<timestamp>6357.337530</timestamp>
			</report>
			<report>
				<misses>18183001</misses>
				<total>39</total>
				<timestamp>6357.687279</timestamp>
			</report>
			<report>
				<misses>18184001</misses>
				<total>39</total>
				<timestamp>6358.036845</timestamp>
			</report>
			<report>
				<misses>18185001</misses>
				<total>39</total>
				<timestamp>6358.386487</timestamp>
			</report>
			<report>
				<misses>18186001</misses>
				<total>39</total>
				<timestamp>6358.736163</timestamp>
			</report>
			<report>
				<misses>18187001</misses>
				<total>39</total>
				<timestamp>6359.085816</timestamp>
			</report>
			<report>
				<misses>18188001</misses>
				<total>39</total>
				<timestamp>6359.435424</timestamp>
			</report>
			<report>
				<misses>18189001</misses>
				<total>39</total>
				<timestamp>6359.785112</timestamp>
			</report>
			<report>
				<misses>18190001</misses>
				<total>39</total>
				<timestamp>6360.134761</timestamp>
			</report>
			<report>
				<misses>18191001</misses>
				<total>39</total>
				<timestamp>6360.484428</timestamp>
			</report>
			<report>
				<misses>18192001</misses>
				<total>39</total>
				<timestamp>6360.834078</timestamp>
			</report>
			<report>
				<misses>18193001</misses>
				<total>39</total>
				<timestamp>6361.183702</timestamp>
			</report>
			<report>
				<misses>18194001</misses>
				<total>39</total>
				<timestamp>6361.533339</timestamp>
			</report>
			<report>
				<misses>18195001</misses>
				<total>39</total>
				<timestamp>6361.883000</timestamp>
			</report>
			<report>
				<misses>18196001</misses>
				<total>39</total>
				<timestamp>6362.232635</timestamp>
			</report>
			<report>
				<misses>18197001</misses>
				<total>39</total>
				<timestamp>6362.582275</timestamp>
			</report>
			<report>
				<misses>18198001</misses>
				<total>39</total>
				<timestamp>6362.931951</timestamp>
			</report>
			<report>
				<misses>18199001</misses>
				<total>39</total>
				<timestamp>6363.281579</timestamp>
			</report>
			<report>
				<misses>18200001</misses>
				<total>39</total>
				<timestamp>6363.631231</timestamp>
			</report>
			<report>
				<misses>18201001</misses>
				<total>39</total>
				<timestamp>6363.980890</timestamp>
			</report>
			<report>
				<misses>18202001</misses>
				<total>39</total>
				<timestamp>6364.330535</timestamp>
			</report>
			<report>
				<misses>18203001</misses>
				<total>39</total>
				<timestamp>6364.680247</timestamp>
			</report>
			<report>
				<misses>18204001</misses>
				<total>39</total>
				<timestamp>6365.029835</timestamp>
			</report>
			<report>
				<misses>18205001</misses>
				<total>39</total>
				<timestamp>6365.379524</timestamp>
			</report>
			<report>
				<misses>18206001</misses>
				<total>39</total>
				<timestamp>6365.729183</timestamp>
			</report>
			<report>
				<misses>18207001</misses>
				<total>39</total>
				<timestamp>6366.078794</timestamp>
			</report>
			<report>
				<misses>18208001</misses>
				<total>39</total>
				<timestamp>6366.428457</timestamp>
			</report>
			<report>
				<misses>18209001</misses>
				<total>39</total>
				<timestamp>6366.778089</timestamp>
			</report>
			<report>
				<misses>18210001</misses>
				<total>39</total>
				<timestamp>6367.127764</timestamp>
			</report>
			<report>
				<misses>18211001</misses>
				<total>39</total>
				<timestamp>6367.477381</timestamp>
			</report>
			<report>
				<misses>18212001</misses>
				<total>39</total>
				<timestamp>6367.827104</timestamp>
			</report>
			<report>
				<misses>18213001</misses>
				<total>39</total>
				<timestamp>6368.176706</timestamp>
			</report>
			<report>
				<misses>18214001</misses>
				<total>39</total>
				<timestamp>6368.526340</timestamp>
			</report>
			<report>
				<misses>18215001</misses>
				<total>39</total>
				<timestamp>6368.876011</timestamp>
			</report>
			<report>
				<misses>18216001</misses>
				<total>39</total>
				<timestamp>6369.225630</timestamp>
			</report>
			<report>
				<misses>18217001</misses>
				<total>39</total>
				<timestamp>6369.575313</timestamp>
			</report>
			<report>
				<misses>18218001</misses>
				<total>39</total>
				<timestamp>6369.924931</timestamp>
			</report>
			<report>
				<misses>18219001</misses>
				<total>39</total>
				<timestamp>6370.274569</timestamp>
			</report>
			<report>
				<misses>18220001</misses>
				<total>39</total>
				<timestamp>6370.624246</timestamp>
			</report>
			<report>
				<misses>18221001</misses>
				<total>39</total>
				<timestamp>6370.973908</timestamp>
			</report>
			<report>
				<misses>18222001</misses>
				<total>39</total>
				<timestamp>6371.323543</timestamp>
			</report>
			<report>
				<misses>18223001</misses>
				<total>39</total>
				<timestamp>6371.673204</timestamp>
			</report>
			<report>
				<misses>18224001</misses>
				<total>39</total>
				<timestamp>6372.022846</timestamp>
			</report>
			<report>
				<misses>18225001</misses>
				<total>39</total>
				<timestamp>6372.372486</timestamp>
			</report>
			<report>
				<misses>18226001</misses>
				<total>39</total>
				<timestamp>6372.722145</timestamp>
			</report>
			<report>
				<misses>18227001</misses>
				<total>39</total>
				<timestamp>6373.071789</timestamp>
			</report>
			<report>
				<misses>18228001</misses>
				<total>39</total>
				<timestamp>6373.421426</timestamp>
			</report>
			<report>
				<misses>18229001</misses>
				<total>39</total>
				<timestamp>6373.771145</timestamp>
			</report>
			<report>
				<misses>18230001</misses>
				<total>39</total>
				<timestamp>6374.120740</timestamp>
			</report>
			<report>
				<misses>18231001</misses>
				<total>39</total>
				<timestamp>6374.470407</timestamp>
			</report>
			<report>
				<misses>18232001</misses>
				<total>39</total>
				<timestamp>6374.820116</timestamp>
			</report>
			<report>
				<misses>18233001</misses>
				<total>39</total>
				<timestamp>6375.169714</timestamp>
			</report>
			<report>
				<misses>18234001</misses>
				<total>39</total>
				<timestamp>6375.519325</timestamp>
			</report>
			<report>
				<misses>18235001</misses>
				<total>39</total>
				<timestamp>6375.869033</timestamp>
			</report>
			<report>
				<misses>18236001</misses>
				<total>39</total>
				<timestamp>6376.218649</timestamp>
			</report>
			<report>
				<misses>18237001</misses>
				<total>39</total>
				<timestamp>6376.568291</timestamp>
			</report>
			<report>
				<misses>18238001</misses>
				<total>39</total>
				<timestamp>6376.917928</timestamp>
			</report>
			<report>
				<misses>18239001</misses>
				<total>39</total>
				<timestamp>6377.267593</timestamp>
			</report>
			<report>
				<misses>18240001</misses>
				<total>39</total>
				<timestamp>6377.617253</timestamp>
			</report>
			<report>
				<misses>18241001</misses>
				<total>39</total>
				<timestamp>6377.966866</timestamp>
			</report>
			<report>
				<misses>18242001</misses>
				<total>39</total>
				<timestamp>6378.316537</timestamp>
			</report>
			<report>
				<misses>18243001</misses>
				<total>39</total>
				<timestamp>6378.666230</timestamp>
			</report>
			<report>
				<misses>18244001</misses>
				<total>39</total>
				<timestamp>6379.015835</timestamp>
			</report>
			<report>
				<misses>18245001</misses>
				<total>39</total>
				<timestamp>6379.365488</timestamp>
			</report>
			<report>
				<misses>18246001</misses>
				<total>39</total>
				<timestamp>6379.715151</timestamp>
			</report>
			<report>
				<misses>18247001</misses>
				<total>39</total>
				<timestamp>6380.064803</timestamp>
			</report>
			<report>
				<misses>18248001</misses>
				<total>39</total>
				<timestamp>6380.414417</timestamp>
			</report>
			<report>
				<misses>18249001</misses>
				<total>39</total>
				<timestamp>6380.764128</timestamp>
			</report>
			<report>
				<misses>18250001</misses>
				<total>39</total>
				<timestamp>6381.113753</timestamp>
			</report>
			<report>
				<misses>18251001</misses>
				<total>39</total>
				<timestamp>6381.463411</timestamp>
			</report>
			<report>
				<misses>18252001</misses>
				<total>39</total>
				<timestamp>6381.813055</timestamp>
			</report>
			<report>
				<misses>18253001</misses>
				<total>39</total>
				<timestamp>6382.162673</timestamp>
			</report>
			<report>
				<misses>18254001</misses>
				<total>39</total>
				<timestamp>6382.512339</timestamp>
			</report>
			<report>
				<misses>18255001</misses>
				<total>39</total>
				<timestamp>6382.861985</timestamp>
			</report>
			<report>
				<misses>18256001</misses>
				<total>39</total>
				<timestamp>6383.211627</timestamp>
			</report>
			<report>
				<misses>18257001</misses>
				<total>39</total>
				<timestamp>6383.561275</timestamp>
			</report>
			<report>
				<misses>18258001</misses>
				<total>39</total>
				<timestamp>6383.910936</timestamp>
			</report>
			<report>
				<misses>18259001</misses>
				<total>39</total>
				<timestamp>6384.260570</timestamp>
			</report>
			<report>
				<misses>18260001</misses>
				<total>39</total>
				<timestamp>6384.610233</timestamp>
			</report>
			<report>
				<misses>18261001</misses>
				<total>39</total>
				<timestamp>6384.959940</timestamp>
			</report>
			<report>
				<misses>18262001</misses>
				<total>39</total>
				<timestamp>6385.309547</timestamp>
			</report>
			<report>
				<misses>18263001</misses>
				<total>39</total>
				<timestamp>6385.659172</timestamp>
			</report>
			<report>
				<misses>18264001</misses>
				<total>39</total>
				<timestamp>6386.008880</timestamp>
			</report>
			<report>
				<misses>18265001</misses>
				<total>39</total>
				<timestamp>6386.358508</timestamp>
			</report>
			<report>
				<misses>18266001</misses>
				<total>39</total>
				<timestamp>6386.708148</timestamp>
			</report>
			<report>
				<misses>18267001</misses>
				<total>39</total>
				<timestamp>6387.057784</timestamp>
			</report>
			<report>
				<misses>18268001</misses>
				<total>39</total>
				<timestamp>6387.407444</timestamp>
			</report>
			<report>
				<misses>18269001</misses>
				<total>39</total>
				<timestamp>6387.757141</timestamp>
			</report>
			<report>
				<misses>18270001</misses>
				<total>39</total>
				<timestamp>6388.106747</timestamp>
			</report>
			<report>
				<misses>18271001</misses>
				<total>39</total>
				<timestamp>6388.456396</timestamp>
			</report>
			<report>
				<misses>18272001</misses>
				<total>39</total>
				<timestamp>6388.806104</timestamp>
			</report>
			<report>
				<misses>18273001</misses>
				<total>39</total>
				<timestamp>6389.155669</timestamp>
			</report>
			<report>
				<misses>18274001</misses>
				<total>39</total>
				<timestamp>6389.505345</timestamp>
			</report>
			<report>
				<misses>18275001</misses>
				<total>39</total>
				<timestamp>6389.855025</timestamp>
			</report>
			<report>
				<misses>18276001</misses>
				<total>39</total>
				<timestamp>6390.204688</timestamp>
			</report>
			<report>
				<misses>18277001</misses>
				<total>39</total>
				<timestamp>6390.554277</timestamp>
			</report>
			<report>
				<misses>18278001</misses>
				<total>39</total>
				<timestamp>6390.903999</timestamp>
			</report>
			<report>
				<misses>18279001</misses>
				<total>39</total>
				<timestamp>6391.253601</timestamp>
			</report>
			<report>
				<misses>18280001</misses>
				<total>39</total>
				<timestamp>6391.603253</timestamp>
			</report>
			<report>
				<misses>18281001</misses>
				<total>39</total>
				<timestamp>6391.952912</timestamp>
			</report>
			<report>
				<misses>18282001</misses>
				<total>39</total>
				<timestamp>6392.302543</timestamp>
			</report>
			<report>
				<misses>18283001</misses>
				<total>39</total>
				<timestamp>6392.652216</timestamp>
			</report>
			<report>
				<misses>18284001</misses>
				<total>39</total>
				<timestamp>6393.001835</timestamp>
			</report>
			<report>
				<misses>18285001</misses>
				<total>39</total>
				<timestamp>6393.351499</timestamp>
			</report>
			<report>
				<misses>18286001</misses>
				<total>39</total>
				<timestamp>6393.701162</timestamp>
			</report>
			<report>
				<misses>18287001</misses>
				<total>39</total>
				<timestamp>6394.050808</timestamp>
			</report>
			<report>
				<misses>18288001</misses>
				<total>39</total>
				<timestamp>6394.400444</timestamp>
			</report>
			<report>
				<misses>18289001</misses>
				<total>39</total>
				<timestamp>6394.750125</timestamp>
			</report>
			<report>
				<misses>18290001</misses>
				<total>39</total>
				<timestamp>6395.099755</timestamp>
			</report>
			<report>
				<misses>18291001</misses>
				<total>39</total>
				<timestamp>6395.449413</timestamp>
			</report>
			<report>
				<misses>18292001</misses>
				<total>39</total>
				<timestamp>6395.799052</timestamp>
			</report>
			<report>
				<misses>18293001</misses>
				<total>39</total>
				<timestamp>6396.148722</timestamp>
			</report>
			<report>
				<misses>18294001</misses>
				<total>39</total>
				<timestamp>6396.498353</timestamp>
			</report>
			<report>
				<misses>18295001</misses>
				<total>39</total>
				<timestamp>6396.848054</timestamp>
			</report>
			<report>
				<misses>18296001</misses>
				<total>39</total>
				<timestamp>6397.197669</timestamp>
			</report>
			<report>
				<misses>18297001</misses>
				<total>39</total>
				<timestamp>6397.547272</timestamp>
			</report>
			<report>
				<misses>18298001</misses>
				<total>39</total>
				<timestamp>6397.896971</timestamp>
			</report>
			<report>
				<misses>18299001</misses>
				<total>39</total>
				<timestamp>6398.246633</timestamp>
			</report>
			<report>
				<misses>18300001</misses>
				<total>39</total>
				<timestamp>6398.596227</timestamp>
			</report>
			<report>
				<misses>18301001</misses>
				<total>39</total>
				<timestamp>6398.945901</timestamp>
			</report>
			<report>
				<misses>18302001</misses>
				<total>39</total>
				<timestamp>6399.295567</timestamp>
			</report>
			<report>
				<misses>18303001</misses>
				<total>39</total>
				<timestamp>6399.645204</timestamp>
			</report>
			<report>
				<misses>18304001</misses>
				<total>39</total>
				<timestamp>6399.994864</timestamp>
			</report>
			<report>
				<misses>18305001</misses>
				<total>39</total>
				<timestamp>6400.344475</timestamp>
			</report>
			<report>
				<misses>18306001</misses>
				<total>39</total>
				<timestamp>6400.694139</timestamp>
			</report>
			<report>
				<misses>18307001</misses>
				<total>39</total>
				<timestamp>6401.043806</timestamp>
			</report>
			<report>
				<misses>18308001</misses>
				<total>39</total>
				<timestamp>6401.393443</timestamp>
			</report>
			<report>
				<misses>18309001</misses>
				<total>39</total>
				<timestamp>6401.743128</timestamp>
			</report>
			<report>
				<misses>18310001</misses>
				<total>39</total>
				<timestamp>6402.092740</timestamp>
			</report>
			<report>
				<misses>18311001</misses>
				<total>39</total>
				<timestamp>6402.442389</timestamp>
			</report>
			<report>
				<misses>18312001</misses>
				<total>39</total>
				<timestamp>6402.792051</timestamp>
			</report>
			<report>
				<misses>18313001</misses>
				<total>39</total>
				<timestamp>6403.141696</timestamp>
			</report>
			<report>
				<misses>18314001</misses>
				<total>39</total>
				<timestamp>6403.491333</timestamp>
			</report>
			<report>
				<misses>18315001</misses>
				<total>39</total>
				<timestamp>6403.840994</timestamp>
			</report>
			<report>
				<misses>18316001</misses>
				<total>39</total>
				<timestamp>6404.190648</timestamp>
			</report>
			<report>
				<misses>18317001</misses>
				<total>39</total>
				<timestamp>6404.540264</timestamp>
			</report>
			<report>
				<misses>18318001</misses>
				<total>39</total>
				<timestamp>6404.889968</timestamp>
			</report>
			<report>
				<misses>18319001</misses>
				<total>39</total>
				<timestamp>6405.239612</timestamp>
			</report>
			<report>
				<misses>18320001</misses>
				<total>39</total>
				<timestamp>6405.589235</timestamp>
			</report>
			<report>
				<misses>18321001</misses>
				<total>39</total>
				<timestamp>6405.938925</timestamp>
			</report>
			<report>
				<misses>18322001</misses>
				<total>39</total>
				<timestamp>6406.288569</timestamp>
			</report>
			<report>
				<misses>18323001</misses>
				<total>39</total>
				<timestamp>6406.638195</timestamp>
			</report>
			<report>
				<misses>18324001</misses>
				<total>39</total>
				<timestamp>6406.987820</timestamp>
			</report>
			<report>
				<misses>18325001</misses>
				<total>39</total>
				<timestamp>6407.337491</timestamp>
			</report>
			<report>
				<misses>18326001</misses>
				<total>39</total>
				<timestamp>6407.687144</timestamp>
			</report>
			<report>
				<misses>18327001</misses>
				<total>39</total>
				<timestamp>6408.036811</timestamp>
			</report>
			<report>
				<misses>18328001</misses>
				<total>39</total>
				<timestamp>6408.386419</timestamp>
			</report>
			<report>
				<misses>18329001</misses>
				<total>39</total>
				<timestamp>6408.736106</timestamp>
			</report>
			<report>
				<misses>18330001</misses>
				<total>39</total>
				<timestamp>6409.085753</timestamp>
			</report>
			<report>
				<misses>18331001</misses>
				<total>39</total>
				<timestamp>6409.435406</timestamp>
			</report>
			<report>
				<misses>18332001</misses>
				<total>39</total>
				<timestamp>6409.785064</timestamp>
			</report>
			<report>
				<misses>18333001</misses>
				<total>39</total>
				<timestamp>6410.134710</timestamp>
			</report>
			<report>
				<misses>18334001</misses>
				<total>39</total>
				<timestamp>6410.484333</timestamp>
			</report>
			<report>
				<misses>18335001</misses>
				<total>39</total>
				<timestamp>6410.833992</timestamp>
			</report>
			<report>
				<misses>18336001</misses>
				<total>39</total>
				<timestamp>6411.183676</timestamp>
			</report>
			<report>
				<misses>18337001</misses>
				<total>39</total>
				<timestamp>6411.533285</timestamp>
			</report>
			<report>
				<misses>18338001</misses>
				<total>39</total>
				<timestamp>6411.882929</timestamp>
			</report>
			<report>
				<misses>18339001</misses>
				<total>39</total>
				<timestamp>6412.232574</timestamp>
			</report>
			<report>
				<misses>18340001</misses>
				<total>39</total>
				<timestamp>6412.582231</timestamp>
			</report>
			<report>
				<misses>18341001</misses>
				<total>39</total>
				<timestamp>6412.931926</timestamp>
			</report>
			<report>
				<misses>18342001</misses>
				<total>39</total>
				<timestamp>6413.281550</timestamp>
			</report>
			<report>
				<misses>18343001</misses>
				<total>39</total>
				<timestamp>6413.631186</timestamp>
			</report>
			<report>
				<misses>18344001</misses>
				<total>39</total>
				<timestamp>6413.980862</timestamp>
			</report>
			<report>
				<misses>18345001</misses>
				<total>39</total>
				<timestamp>6414.330521</timestamp>
			</report>
			<report>
				<misses>18346001</misses>
				<total>39</total>
				<timestamp>6414.680151</timestamp>
			</report>
			<report>
				<misses>18347001</misses>
				<total>39</total>
				<timestamp>6415.029813</timestamp>
			</report>
			<report>
				<misses>18348001</misses>
				<total>39</total>
				<timestamp>6415.379418</timestamp>
			</report>
			<report>
				<misses>18349001</misses>
				<total>39</total>
				<timestamp>6415.729116</timestamp>
			</report>
			<report>
				<misses>18350001</misses>
				<total>39</total>
				<timestamp>6416.078822</timestamp>
			</report>
			<report>
				<misses>18351001</misses>
				<total>39</total>
				<timestamp>6416.428391</timestamp>
			</report>
			<report>
				<misses>18352001</misses>
				<total>39</total>
				<timestamp>6416.778061</timestamp>
			</report>
			<report>
				<misses>18353001</misses>
				<total>39</total>
				<timestamp>6417.127687</timestamp>
			</report>
			<report>
				<misses>18354001</misses>
				<total>39</total>
				<timestamp>6417.477388</timestamp>
			</report>
			<report>
				<misses>18355001</misses>
				<total>39</total>
				<timestamp>6417.826987</timestamp>
			</report>
			<report>
				<misses>18356001</misses>
				<total>39</total>
				<timestamp>6418.176661</timestamp>
			</report>
			<report>
				<misses>18357001</misses>
				<total>39</total>
				<timestamp>6418.526283</timestamp>
			</report>
			<report>
				<misses>18358001</misses>
				<total>39</total>
				<timestamp>6418.875928</timestamp>
			</report>
			<report>
				<misses>18359001</misses>
				<total>39</total>
				<timestamp>6419.225606</timestamp>
			</report>
			<report>
				<misses>18360001</misses>
				<total>39</total>
				<timestamp>6419.575225</timestamp>
			</report>
			<report>
				<misses>18361001</misses>
				<total>39</total>
				<timestamp>6419.924890</timestamp>
			</report>
			<report>
				<misses>18362001</misses>
				<total>39</total>
				<timestamp>6420.274541</timestamp>
			</report>
			<report>
				<misses>18363001</misses>
				<total>39</total>
				<timestamp>6420.624185</timestamp>
			</report>
			<report>
				<misses>18364001</misses>
				<total>39</total>
				<timestamp>6420.973849</timestamp>
			</report>
			<report>
				<misses>18365001</misses>
				<total>39</total>
				<timestamp>6421.323477</timestamp>
			</report>
			<report>
				<misses>18366001</misses>
				<total>39</total>
				<timestamp>6421.673157</timestamp>
			</report>
			<report>
				<misses>18367001</misses>
				<total>39</total>
				<timestamp>6422.022803</timestamp>
			</report>
			<report>
				<misses>18368001</misses>
				<total>39</total>
				<timestamp>6422.372437</timestamp>
			</report>
			<report>
				<misses>18369001</misses>
				<total>39</total>
				<timestamp>6422.722115</timestamp>
			</report>
			<report>
				<misses>18370001</misses>
				<total>39</total>
				<timestamp>6423.071736</timestamp>
			</report>
			<report>
				<misses>18371001</misses>
				<total>39</total>
				<timestamp>6423.421375</timestamp>
			</report>
			<report>
				<misses>18372001</misses>
				<total>39</total>
				<timestamp>6423.771031</timestamp>
			</report>
			<report>
				<misses>18373001</misses>
				<total>39</total>
				<timestamp>6424.120702</timestamp>
			</report>
			<report>
				<misses>18374001</misses>
				<total>39</total>
				<timestamp>6424.470366</timestamp>
			</report>
			<report>
				<misses>18375001</misses>
				<total>39</total>
				<timestamp>6424.819984</timestamp>
			</report>
			<report>
				<misses>18376001</misses>
				<total>39</total>
				<timestamp>6425.169722</timestamp>
			</report>
			<report>
				<misses>18377001</misses>
				<total>39</total>
				<timestamp>6425.519283</timestamp>
			</report>
			<report>
				<misses>18378001</misses>
				<total>39</total>
				<timestamp>6425.868970</timestamp>
			</report>
			<report>
				<misses>18379001</misses>
				<total>39</total>
				<timestamp>6426.218617</timestamp>
			</report>
			<report>
				<misses>18380001</misses>
				<total>39</total>
				<timestamp>6426.568226</timestamp>
			</report>
			<report>
				<misses>18381001</misses>
				<total>39</total>
				<timestamp>6426.917884</timestamp>
			</report>
			<report>
				<misses>18382001</misses>
				<total>39</total>
				<timestamp>6427.267548</timestamp>
			</report>
			<report>
				<misses>18383001</misses>
				<total>39</total>
				<timestamp>6427.617193</timestamp>
			</report>
			<report>
				<misses>18384001</misses>
				<total>39</total>
				<timestamp>6427.966830</timestamp>
			</report>
			<report>
				<misses>18385001</misses>
				<total>39</total>
				<timestamp>6428.316514</timestamp>
			</report>
			<report>
				<misses>18386001</misses>
				<total>39</total>
				<timestamp>6428.666138</timestamp>
			</report>
			<report>
				<misses>18387001</misses>
				<total>39</total>
				<timestamp>6429.015800</timestamp>
			</report>
			<report>
				<misses>18388001</misses>
				<total>39</total>
				<timestamp>6429.365473</timestamp>
			</report>
			<report>
				<misses>18389001</misses>
				<total>39</total>
				<timestamp>6429.715118</timestamp>
			</report>
			<report>
				<misses>18390001</misses>
				<total>39</total>
				<timestamp>6430.064753</timestamp>
			</report>
			<report>
				<misses>18391001</misses>
				<total>39</total>
				<timestamp>6430.414378</timestamp>
			</report>
			<report>
				<misses>18392001</misses>
				<total>39</total>
				<timestamp>6430.764048</timestamp>
			</report>
			<report>
				<misses>18393001</misses>
				<total>39</total>
				<timestamp>6431.113680</timestamp>
			</report>
			<report>
				<misses>18394001</misses>
				<total>39</total>
				<timestamp>6431.463335</timestamp>
			</report>
			<report>
				<misses>18395001</misses>
				<total>39</total>
				<timestamp>6431.813000</timestamp>
			</report>
			<report>
				<misses>18396001</misses>
				<total>39</total>
				<timestamp>6432.162665</timestamp>
			</report>
			<report>
				<misses>18397001</misses>
				<total>39</total>
				<timestamp>6432.512276</timestamp>
			</report>
			<report>
				<misses>18398001</misses>
				<total>39</total>
				<timestamp>6432.861948</timestamp>
			</report>
			<report>
				<misses>18399001</misses>
				<total>39</total>
				<timestamp>6433.211595</timestamp>
			</report>
			<report>
				<misses>18400001</misses>
				<total>39</total>
				<timestamp>6433.561220</timestamp>
			</report>
			<report>
				<misses>18401001</misses>
				<total>39</total>
				<timestamp>6433.910896</timestamp>
			</report>
			<report>
				<misses>18402001</misses>
				<total>39</total>
				<timestamp>6434.260561</timestamp>
			</report>
			<report>
				<misses>18403001</misses>
				<total>39</total>
				<timestamp>6434.610182</timestamp>
			</report>
			<report>
				<misses>18404001</misses>
				<total>39</total>
				<timestamp>6434.959836</timestamp>
			</report>
			<report>
				<misses>18405001</misses>
				<total>39</total>
				<timestamp>6435.309480</timestamp>
			</report>
			<report>
				<misses>18406001</misses>
				<total>39</total>
				<timestamp>6435.659137</timestamp>
			</report>
			<report>
				<misses>18407001</misses>
				<total>39</total>
				<timestamp>6436.008807</timestamp>
			</report>
			<report>
				<misses>18408001</misses>
				<total>39</total>
				<timestamp>6436.358436</timestamp>
			</report>
			<report>
				<misses>18409001</misses>
				<total>39</total>
				<timestamp>6436.708099</timestamp>
			</report>
			<report>
				<misses>18410001</misses>
				<total>39</total>
				<timestamp>6437.057747</timestamp>
			</report>
			<report>
				<misses>18411001</misses>
				<total>39</total>
				<timestamp>6437.407440</timestamp>
			</report>
			<report>
				<misses>18412001</misses>
				<total>39</total>
				<timestamp>6437.757035</timestamp>
			</report>
			<report>
				<misses>18413001</misses>
				<total>39</total>
				<timestamp>6438.106689</timestamp>
			</report>
			<report>
				<misses>18414001</misses>
				<total>39</total>
				<timestamp>6438.456336</timestamp>
			</report>
			<report>
				<misses>18415001</misses>
				<total>39</total>
				<timestamp>6438.805982</timestamp>
			</report>
			<report>
				<misses>18416001</misses>
				<total>39</total>
				<timestamp>6439.155648</timestamp>
			</report>
			<report>
				<misses>18417001</misses>
				<total>39</total>
				<timestamp>6439.505298</timestamp>
			</report>
			<report>
				<misses>18418001</misses>
				<total>39</total>
				<timestamp>6439.854935</timestamp>
			</report>
			<report>
				<misses>18419001</misses>
				<total>39</total>
				<timestamp>6440.204597</timestamp>
			</report>
			<report>
				<misses>18420001</misses>
				<total>39</total>
				<timestamp>6440.554245</timestamp>
			</report>
			<report>
				<misses>18421001</misses>
				<total>39</total>
				<timestamp>6440.903892</timestamp>
			</report>
			<report>
				<misses>18422001</misses>
				<total>39</total>
				<timestamp>6441.253601</timestamp>
			</report>
			<report>
				<misses>18423001</misses>
				<total>39</total>
				<timestamp>6441.603206</timestamp>
			</report>
			<report>
				<misses>18424001</misses>
				<total>39</total>
				<timestamp>6441.952838</timestamp>
			</report>
			<report>
				<misses>18425001</misses>
				<total>39</total>
				<timestamp>6442.302558</timestamp>
			</report>
			<report>
				<misses>18426001</misses>
				<total>39</total>
				<timestamp>6442.652114</timestamp>
			</report>
			<report>
				<misses>18427001</misses>
				<total>39</total>
				<timestamp>6443.001774</timestamp>
			</report>
			<report>
				<misses>18428001</misses>
				<total>39</total>
				<timestamp>6443.351457</timestamp>
			</report>
			<report>
				<misses>18429001</misses>
				<total>39</total>
				<timestamp>6443.701098</timestamp>
			</report>
			<report>
				<misses>18430001</misses>
				<total>39</total>
				<timestamp>6444.050766</timestamp>
			</report>
			<report>
				<misses>18431001</misses>
				<total>39</total>
				<timestamp>6444.400406</timestamp>
			</report>
			<report>
				<misses>18432001</misses>
				<total>39</total>
				<timestamp>6444.750044</timestamp>
			</report>
			<report>
				<misses>18433001</misses>
				<total>39</total>
				<timestamp>6445.099700</timestamp>
			</report>
			<report>
				<misses>18434001</misses>
				<total>39</total>
				<timestamp>6445.449354</timestamp>
			</report>
			<report>
				<misses>18435001</misses>
				<total>39</total>
				<timestamp>6445.798987</timestamp>
			</report>
			<report>
				<misses>18436001</misses>
				<total>39</total>
				<timestamp>6446.148652</timestamp>
			</report>
			<report>
				<misses>18437001</misses>
				<total>39</total>
				<timestamp>6446.498320</timestamp>
			</report>
			<report>
				<misses>18438001</misses>
				<total>39</total>
				<timestamp>6446.847944</timestamp>
			</report>
			<report>
				<misses>18439001</misses>
				<total>39</total>
				<timestamp>6447.197614</timestamp>
			</report>
			<report>
				<misses>18440001</misses>
				<total>39</total>
				<timestamp>6447.547277</timestamp>
			</report>
			<report>
				<misses>18441001</misses>
				<total>39</total>
				<timestamp>6447.896908</timestamp>
			</report>
			<report>
				<misses>18442001</misses>
				<total>39</total>
				<timestamp>6448.246543</timestamp>
			</report>
			<report>
				<misses>18443001</misses>
				<total>39</total>
				<timestamp>6448.596180</timestamp>
			</report>
			<report>
				<misses>18444001</misses>
				<total>39</total>
				<timestamp>6448.945847</timestamp>
			</report>
			<report>
				<misses>18445001</misses>
				<total>39</total>
				<timestamp>6449.295580</timestamp>
			</report>
			<report>
				<misses>18446001</misses>
				<total>39</total>
				<timestamp>6449.645139</timestamp>
			</report>
			<report>
				<misses>18447001</misses>
				<total>39</total>
				<timestamp>6449.994802</timestamp>
			</report>
			<report>
				<misses>18448001</misses>
				<total>39</total>
				<timestamp>6450.344483</timestamp>
			</report>
			<report>
				<misses>18449001</misses>
				<total>39</total>
				<timestamp>6450.694091</timestamp>
			</report>
			<report>
				<misses>18450001</misses>
				<total>39</total>
				<timestamp>6451.043737</timestamp>
			</report>
			<report>
				<misses>18451001</misses>
				<total>39</total>
				<timestamp>6451.393408</timestamp>
			</report>
			<report>
				<misses>18452001</misses>
				<total>39</total>
				<timestamp>6451.743029</timestamp>
			</report>
			<report>
				<misses>18453001</misses>
				<total>39</total>
				<timestamp>6452.092705</timestamp>
			</report>
			<report>
				<misses>18454001</misses>
				<total>39</total>
				<timestamp>6452.442339</timestamp>
			</report>
			<report>
				<misses>18455001</misses>
				<total>39</total>
				<timestamp>6452.791995</timestamp>
			</report>
			<report>
				<misses>18456001</misses>
				<total>39</total>
				<timestamp>6453.141664</timestamp>
			</report>
			<report>
				<misses>18457001</misses>
				<total>39</total>
				<timestamp>6453.491293</timestamp>
			</report>
			<report>
				<misses>18458001</misses>
				<total>39</total>
				<timestamp>6453.840957</timestamp>
			</report>
			<report>
				<misses>18459001</misses>
				<total>39</total>
				<timestamp>6454.190637</timestamp>
			</report>
			<report>
				<misses>18460001</misses>
				<total>39</total>
				<timestamp>6454.540245</timestamp>
			</report>
			<report>
				<misses>18461001</misses>
				<total>39</total>
				<timestamp>6454.889891</timestamp>
			</report>
			<report>
				<misses>18462001</misses>
				<total>39</total>
				<timestamp>6455.239565</timestamp>
			</report>
			<report>
				<misses>18463001</misses>
				<total>39</total>
				<timestamp>6455.589201</timestamp>
			</report>
			<report>
				<misses>18464001</misses>
				<total>39</total>
				<timestamp>6455.938853</timestamp>
			</report>
			<report>
				<misses>18465001</misses>
				<total>39</total>
				<timestamp>6456.288517</timestamp>
			</report>
			<report>
				<misses>18466001</misses>
				<total>39</total>
				<timestamp>6456.638132</timestamp>
			</report>
			<report>
				<misses>18467001</misses>
				<total>39</total>
				<timestamp>6456.987791</timestamp>
			</report>
			<report>
				<misses>18468001</misses>
				<total>39</total>
				<timestamp>6457.337488</timestamp>
			</report>
			<report>
				<misses>18469001</misses>
				<total>39</total>
				<timestamp>6457.687103</timestamp>
			</report>
			<report>
				<misses>18470001</misses>
				<total>39</total>
				<timestamp>6458.036725</timestamp>
			</report>
			<report>
				<misses>18471001</misses>
				<total>39</total>
				<timestamp>6458.386396</timestamp>
			</report>
			<report>
				<misses>18472001</misses>
				<total>39</total>
				<timestamp>6458.736030</timestamp>
			</report>
			<report>
				<misses>18473001</misses>
				<total>39</total>
				<timestamp>6459.085693</timestamp>
			</report>
			<report>
				<misses>18474001</misses>
				<total>39</total>
				<timestamp>6459.435359</timestamp>
			</report>
			<report>
				<misses>18475001</misses>
				<total>39</total>
				<timestamp>6459.784982</timestamp>
			</report>
			<report>
				<misses>18476001</misses>
				<total>39</total>
				<timestamp>6460.134666</timestamp>
			</report>
			<report>
				<misses>18477001</misses>
				<total>39</total>
				<timestamp>6460.484296</timestamp>
			</report>
			<report>
				<misses>18478001</misses>
				<total>39</total>
				<timestamp>6460.833936</timestamp>
			</report>
			<report>
				<misses>18479001</misses>
				<total>39</total>
				<timestamp>6461.183583</timestamp>
			</report>
			<report>
				<misses>18480001</misses>
				<total>39</total>
				<timestamp>6461.533243</timestamp>
			</report>
			<report>
				<misses>18481001</misses>
				<total>39</total>
				<timestamp>6461.882884</timestamp>
			</report>
			<report>
				<misses>18482001</misses>
				<total>39</total>
				<timestamp>6462.232582</timestamp>
			</report>
			<report>
				<misses>18483001</misses>
				<total>39</total>
				<timestamp>6462.582173</timestamp>
			</report>
			<report>
				<misses>18484001</misses>
				<total>39</total>
				<timestamp>6462.931831</timestamp>
			</report>
			<report>
				<misses>18485001</misses>
				<total>39</total>
				<timestamp>6463.281509</timestamp>
			</report>
			<report>
				<misses>18486001</misses>
				<total>39</total>
				<timestamp>6463.631114</timestamp>
			</report>
			<report>
				<misses>18487001</misses>
				<total>39</total>
				<timestamp>6463.980799</timestamp>
			</report>
			<report>
				<misses>18488001</misses>
				<total>39</total>
				<timestamp>6464.330477</timestamp>
			</report>
			<report>
				<misses>18489001</misses>
				<total>39</total>
				<timestamp>6464.680084</timestamp>
			</report>
			<report>
				<misses>18490001</misses>
				<total>39</total>
				<timestamp>6465.029732</timestamp>
			</report>
			<report>
				<misses>18491001</misses>
				<total>39</total>
				<timestamp>6465.379413</timestamp>
			</report>
			<report>
				<misses>18492001</misses>
				<total>39</total>
				<timestamp>6465.729050</timestamp>
			</report>
			<report>
				<misses>18493001</misses>
				<total>39</total>
				<timestamp>6466.078698</timestamp>
			</report>
			<report>
				<misses>18494001</misses>
				<total>39</total>
				<timestamp>6466.428350</timestamp>
			</report>
			<report>
				<misses>18495001</misses>
				<total>39</total>
				<timestamp>6466.777998</timestamp>
			</report>
			<report>
				<misses>18496001</misses>
				<total>39</total>
				<timestamp>6467.127627</timestamp>
			</report>
			<report>
				<misses>18497001</misses>
				<total>39</total>
				<timestamp>6467.477297</timestamp>
			</report>
			<report>
				<misses>18498001</misses>
				<total>39</total>
				<timestamp>6467.826943</timestamp>
			</report>
			<report>
				<misses>18499001</misses>
				<total>39</total>
				<timestamp>6468.176582</timestamp>
			</report>
			<report>
				<misses>18500001</misses>
				<total>39</total>
				<timestamp>6468.526249</timestamp>
			</report>
			<report>
				<misses>18501001</misses>
				<total>39</total>
				<timestamp>6468.875927</timestamp>
			</report>
			<report>
				<misses>18502001</misses>
				<total>39</total>
				<timestamp>6469.225560</timestamp>
			</report>
			<report>
				<misses>18503001</misses>
				<total>39</total>
				<timestamp>6469.575179</timestamp>
			</report>
			<report>
				<misses>18504001</misses>
				<total>39</total>
				<timestamp>6469.924837</timestamp>
			</report>
			<report>
				<misses>18505001</misses>
				<total>39</total>
				<timestamp>6470.274563</timestamp>
			</report>
			<report>
				<misses>18506001</misses>
				<total>39</total>
				<timestamp>6470.624138</timestamp>
			</report>
			<report>
				<misses>18507001</misses>
				<total>39</total>
				<timestamp>6470.973791</timestamp>
			</report>
			<report>
				<misses>18508001</misses>
				<total>39</total>
				<timestamp>6471.323454</timestamp>
			</report>
			<report>
				<misses>18509001</misses>
				<total>39</total>
				<timestamp>6471.673124</timestamp>
			</report>
			<report>
				<misses>18510001</misses>
				<total>39</total>
				<timestamp>6472.022742</timestamp>
			</report>
			<report>
				<misses>18511001</misses>
				<total>39</total>
				<timestamp>6472.372373</timestamp>
			</report>
			<report>
				<misses>18512001</misses>
				<total>39</total>
				<timestamp>6472.722040</timestamp>
			</report>
			<report>
				<misses>18513001</misses>
				<total>39</total>
				<timestamp>6473.071709</timestamp>
			</report>
			<report>
				<misses>18514001</misses>
				<total>39</total>
				<timestamp>6473.421361</timestamp>
			</report>
			<report>
				<misses>18515001</misses>
				<total>39</total>
				<timestamp>6473.770987</timestamp>
			</report>
			<report>
				<misses>18516001</misses>
				<total>39</total>
				<timestamp>6474.120641</timestamp>
			</report>
			<report>
				<misses>18517001</misses>
				<total>39</total>
				<timestamp>6474.470300</timestamp>
			</report>
			<report>
				<misses>18518001</misses>
				<total>39</total>
				<timestamp>6474.819941</timestamp>
			</report>
			<report>
				<misses>18519001</misses>
				<total>39</total>
				<timestamp>6475.169598</timestamp>
			</report>
			<report>
				<misses>18520001</misses>
				<total>39</total>
				<timestamp>6475.519291</timestamp>
			</report>
			<report>
				<misses>18521001</misses>
				<total>39</total>
				<timestamp>6475.868877</timestamp>
			</report>
			<report>
				<misses>18522001</misses>
				<total>39</total>
				<timestamp>6476.218532</timestamp>
			</report>
			<report>
				<misses>18523001</misses>
				<total>39</total>
				<timestamp>6476.568189</timestamp>
			</report>
			<report>
				<misses>18524001</misses>
				<total>39</total>
				<timestamp>6476.917841</timestamp>
			</report>
			<report>
				<misses>18525001</misses>
				<total>39</total>
				<timestamp>6477.267492</timestamp>
			</report>
			<report>
				<misses>18526001</misses>
				<total>39</total>
				<timestamp>6477.617186</timestamp>
			</report>
			<report>
				<misses>18527001</misses>
				<total>39</total>
				<timestamp>6477.966792</timestamp>
			</report>
			<report>
				<misses>18528001</misses>
				<total>39</total>
				<timestamp>6478.316481</timestamp>
			</report>
			<report>
				<misses>18529001</misses>
				<total>39</total>
				<timestamp>6478.666076</timestamp>
			</report>
			<report>
				<misses>18530001</misses>
				<total>39</total>
				<timestamp>6479.015747</timestamp>
			</report>
			<report>
				<misses>18531001</misses>
				<total>39</total>
				<timestamp>6479.365425</timestamp>
			</report>
			<report>
				<misses>18532001</misses>
				<total>39</total>
				<timestamp>6479.715023</timestamp>
			</report>
			<report>
				<misses>18533001</misses>
				<total>39</total>
				<timestamp>6480.064722</timestamp>
			</report>
			<report>
				<misses>18534001</misses>
				<total>39</total>
				<timestamp>6480.414352</timestamp>
			</report>
			<report>
				<misses>18535001</misses>
				<total>39</total>
				<timestamp>6480.763982</timestamp>
			</report>
			<report>
				<misses>18536001</misses>
				<total>39</total>
				<timestamp>6481.113668</timestamp>
			</report>
			<report>
				<misses>18537001</misses>
				<total>39</total>
				<timestamp>6481.463343</timestamp>
			</report>
			<report>
				<misses>18538001</misses>
				<total>39</total>
				<timestamp>6481.812934</timestamp>
			</report>
			<report>
				<misses>18539001</misses>
				<total>39</total>
				<timestamp>6482.162602</timestamp>
			</report>
			<report>
				<misses>18540001</misses>
				<total>39</total>
				<timestamp>6482.512227</timestamp>
			</report>
			<report>
				<misses>18541001</misses>
				<total>39</total>
				<timestamp>6482.861892</timestamp>
			</report>
			<report>
				<misses>18542001</misses>
				<total>39</total>
				<timestamp>6483.211533</timestamp>
			</report>
			<report>
				<misses>18543001</misses>
				<total>39</total>
				<timestamp>6483.561268</timestamp>
			</report>
			<report>
				<misses>18544001</misses>
				<total>39</total>
				<timestamp>6483.910839</timestamp>
			</report>
			<report>
				<misses>18545001</misses>
				<total>39</total>
				<timestamp>6484.260560</timestamp>
			</report>
			<report>
				<misses>18546001</misses>
				<total>39</total>
				<timestamp>6484.610152</timestamp>
			</report>
			<report>
				<misses>18547001</misses>
				<total>39</total>
				<timestamp>6484.959776</timestamp>
			</report>
			<report>
				<misses>18548001</misses>
				<total>39</total>
				<timestamp>6485.309466</timestamp>
			</report>
			<report>
				<misses>18549001</misses>
				<total>39</total>
				<timestamp>6485.659115</timestamp>
			</report>
			<report>
				<misses>18550001</misses>
				<total>39</total>
				<timestamp>6486.008721</timestamp>
			</report>
			<report>
				<misses>18551001</misses>
				<total>39</total>
				<timestamp>6486.358430</timestamp>
			</report>
			<report>
				<misses>18552001</misses>
				<total>39</total>
				<timestamp>6486.708097</timestamp>
			</report>
			<report>
				<misses>18553001</misses>
				<total>39</total>
				<timestamp>6487.057688</timestamp>
			</report>
			<report>
				<misses>18554001</misses>
				<total>39</total>
				<timestamp>6487.407369</timestamp>
			</report>
			<report>
				<misses>18555001</misses>
				<total>39</total>
				<timestamp>6487.756995</timestamp>
			</report>
			<report>
				<misses>18556001</misses>
				<total>39</total>
				<timestamp>6488.106641</timestamp>
			</report>
			<report>
				<misses>18557001</misses>
				<total>39</total>
				<timestamp>6488.456320</timestamp>
			</report>
			<report>
				<misses>18558001</misses>
				<total>39</total>
				<timestamp>6488.805935</timestamp>
			</report>
			<report>
				<misses>18559001</misses>
				<total>39</total>
				<timestamp>6489.155596</timestamp>
			</report>
			<report>
				<misses>18560001</misses>
				<total>39</total>
				<timestamp>6489.505274</timestamp>
			</report>
			<report>
				<misses>18561001</misses>
				<total>39</total>
				<timestamp>6489.854892</timestamp>
			</report>
			<report>
				<misses>18562001</misses>
				<total>39</total>
				<timestamp>6490.204531</timestamp>
			</report>
			<report>
				<misses>18563001</misses>
				<total>39</total>
				<timestamp>6490.554240</timestamp>
			</report>
			<report>
				<misses>18564001</misses>
				<total>39</total>
				<timestamp>6490.903857</timestamp>
			</report>
			<report>
				<misses>18565001</misses>
				<total>39</total>
				<timestamp>6491.253479</timestamp>
			</report>
			<report>
				<misses>18566001</misses>
				<total>39</total>
				<timestamp>6491.603142</timestamp>
			</report>
			<report>
				<misses>18567001</misses>
				<total>39</total>
				<timestamp>6491.952789</timestamp>
			</report>
			<report>
				<misses>18568001</misses>
				<total>39</total>
				<timestamp>6492.302450</timestamp>
			</report>
			<report>
				<misses>18569001</misses>
				<total>39</total>
				<timestamp>6492.652096</timestamp>
			</report>
			<report>
				<misses>18570001</misses>
				<total>39</total>
				<timestamp>6493.001726</timestamp>
			</report>
			<report>
				<misses>18571001</misses>
				<total>39</total>
				<timestamp>6493.351422</timestamp>
			</report>
			<report>
				<misses>18572001</misses>
				<total>39</total>
				<timestamp>6493.701048</timestamp>
			</report>
			<report>
				<misses>18573001</misses>
				<total>39</total>
				<timestamp>6494.050724</timestamp>
			</report>
			<report>
				<misses>18574001</misses>
				<total>39</total>
				<timestamp>6494.400379</timestamp>
			</report>
			<report>
				<misses>18575001</misses>
				<total>39</total>
				<timestamp>6494.749998</timestamp>
			</report>
			<report>
				<misses>18576001</misses>
				<total>39</total>
				<timestamp>6495.099654</timestamp>
			</report>
			<report>
				<misses>18577001</misses>
				<total>39</total>
				<timestamp>6495.449343</timestamp>
			</report>
			<report>
				<misses>18578001</misses>
				<total>39</total>
				<timestamp>6495.798954</timestamp>
			</report>
			<report>
				<misses>18579001</misses>
				<total>39</total>
				<timestamp>6496.148577</timestamp>
			</report>
			<report>
				<misses>18580001</misses>
				<total>39</total>
				<timestamp>6496.498309</timestamp>
			</report>
			<report>
				<misses>18581001</misses>
				<total>39</total>
				<timestamp>6496.847907</timestamp>
			</report>
			<report>
				<misses>18582001</misses>
				<total>39</total>
				<timestamp>6497.197518</timestamp>
			</report>
			<report>
				<misses>18583001</misses>
				<total>39</total>
				<timestamp>6497.547233</timestamp>
			</report>
			<report>
				<misses>18584001</misses>
				<total>39</total>
				<timestamp>6497.896841</timestamp>
			</report>
			<report>
				<misses>18585001</misses>
				<total>39</total>
				<timestamp>6498.246484</timestamp>
			</report>
			<report>
				<misses>18586001</misses>
				<total>39</total>
				<timestamp>6498.596202</timestamp>
			</report>
			<report>
				<misses>18587001</misses>
				<total>39</total>
				<timestamp>6498.945796</timestamp>
			</report>
			<report>
				<misses>18588001</misses>
				<total>39</total>
				<timestamp>6499.295444</timestamp>
			</report>
			<report>
				<misses>18589001</misses>
				<total>39</total>
				<timestamp>6499.645136</timestamp>
			</report>
			<report>
				<misses>18590001</misses>
				<total>39</total>
				<timestamp>6499.994717</timestamp>
			</report>
			<report>
				<misses>18591001</misses>
				<total>39</total>
				<timestamp>6500.344387</timestamp>
			</report>
			<report>
				<misses>18592001</misses>
				<total>39</total>
				<timestamp>6500.694051</timestamp>
			</report>
			<report>
				<misses>18593001</misses>
				<total>39</total>
				<timestamp>6501.043690</timestamp>
			</report>
			<report>
				<misses>18594001</misses>
				<total>39</total>
				<timestamp>6501.393333</timestamp>
			</report>
			<report>
				<misses>18595001</misses>
				<total>39</total>
				<timestamp>6501.743000</timestamp>
			</report>
			<report>
				<misses>18596001</misses>
				<total>39</total>
				<timestamp>6502.092667</timestamp>
			</report>
			<report>
				<misses>18597001</misses>
				<total>39</total>
				<timestamp>6502.442331</timestamp>
			</report>
			<report>
				<misses>18598001</misses>
				<total>39</total>
				<timestamp>6502.791939</timestamp>
			</report>
			<report>
				<misses>18599001</misses>
				<total>39</total>
				<timestamp>6503.141609</timestamp>
			</report>
			<report>
				<misses>18600001</misses>
				<total>39</total>
				<timestamp>6503.491326</timestamp>
			</report>
			<report>
				<misses>18601001</misses>
				<total>39</total>
				<timestamp>6503.840884</timestamp>
			</report>
			<report>
				<misses>18602001</misses>
				<total>39</total>
				<timestamp>6504.190539</timestamp>
			</report>
			<report>
				<misses>18603001</misses>
				<total>39</total>
				<timestamp>6504.540199</timestamp>
			</report>
			<report>
				<misses>18604001</misses>
				<total>39</total>
				<timestamp>6504.889868</timestamp>
			</report>
			<report>
				<misses>18605001</misses>
				<total>39</total>
				<timestamp>6505.239472</timestamp>
			</report>
			<report>
				<misses>18606001</misses>
				<total>39</total>
				<timestamp>6505.589183</timestamp>
			</report>
			<report>
				<misses>18607001</misses>
				<total>39</total>
				<timestamp>6505.938792</timestamp>
			</report>
			<report>
				<misses>18608001</misses>
				<total>39</total>
				<timestamp>6506.288463</timestamp>
			</report>
			<report>
				<misses>18609001</misses>
				<total>39</total>
				<timestamp>6506.638234</timestamp>
			</report>
			<report>
				<misses>18610001</misses>
				<total>39</total>
				<timestamp>6506.987737</timestamp>
			</report>
			<report>
				<misses>18611001</misses>
				<total>39</total>
				<timestamp>6507.337384</timestamp>
			</report>
			<report>
				<misses>18612001</misses>
				<total>39</total>
				<timestamp>6507.687049</timestamp>
			</report>
			<report>
				<misses>18613001</misses>
				<total>39</total>
				<timestamp>6508.036705</timestamp>
			</report>
			<report>
				<misses>18614001</misses>
				<total>39</total>
				<timestamp>6508.386346</timestamp>
			</report>
			<report>
				<misses>18615001</misses>
				<total>39</total>
				<timestamp>6508.735985</timestamp>
			</report>
			<report>
				<misses>18616001</misses>
				<total>39</total>
				<timestamp>6509.085629</timestamp>
			</report>
			<report>
				<misses>18617001</misses>
				<total>39</total>
				<timestamp>6509.435337</timestamp>
			</report>
			<report>
				<misses>18618001</misses>
				<total>39</total>
				<timestamp>6509.784934</timestamp>
			</report>
			<report>
				<misses>18619001</misses>
				<total>39</total>
				<timestamp>6510.134609</timestamp>
			</report>
			<report>
				<misses>18620001</misses>
				<total>39</total>
				<timestamp>6510.484259</timestamp>
			</report>
			<report>
				<misses>18621001</misses>
				<total>39</total>
				<timestamp>6510.833920</timestamp>
			</report>
			<report>
				<misses>18622001</misses>
				<total>39</total>
				<timestamp>6511.183538</timestamp>
			</report>
			<report>
				<misses>18623001</misses>
				<total>39</total>
				<timestamp>6511.533203</timestamp>
			</report>
			<report>
				<misses>18624001</misses>
				<total>39</total>
				<timestamp>6511.882829</timestamp>
			</report>
			<report>
				<misses>18625001</misses>
				<total>39</total>
				<timestamp>6512.232479</timestamp>
			</report>
			<report>
				<misses>18626001</misses>
				<total>39</total>
				<timestamp>6512.582148</timestamp>
			</report>
			<report>
				<misses>18627001</misses>
				<total>39</total>
				<timestamp>6512.931805</timestamp>
			</report>
			<report>
				<misses>18628001</misses>
				<total>39</total>
				<timestamp>6513.281437</timestamp>
			</report>
			<report>
				<misses>18629001</misses>
				<total>39</total>
				<timestamp>6513.631128</timestamp>
			</report>
			<report>
				<misses>18630001</misses>
				<total>39</total>
				<timestamp>6513.980768</timestamp>
			</report>
			<report>
				<misses>18631001</misses>
				<total>39</total>
				<timestamp>6514.330394</timestamp>
			</report>
			<report>
				<misses>18632001</misses>
				<total>39</total>
				<timestamp>6514.680096</timestamp>
			</report>
			<report>
				<misses>18633001</misses>
				<total>39</total>
				<timestamp>6515.029698</timestamp>
			</report>
			<report>
				<misses>18634001</misses>
				<total>39</total>
				<timestamp>6515.379339</timestamp>
			</report>
			<report>
				<misses>18635001</misses>
				<total>39</total>
				<timestamp>6515.728992</timestamp>
			</report>
			<report>
				<misses>18636001</misses>
				<total>39</total>
				<timestamp>6516.078643</timestamp>
			</report>
			<report>
				<misses>18637001</misses>
				<total>39</total>
				<timestamp>6516.428316</timestamp>
			</report>
			<report>
				<misses>18638001</misses>
				<total>39</total>
				<timestamp>6516.777937</timestamp>
			</report>
			<report>
				<misses>18639001</misses>
				<total>39</total>
				<timestamp>6517.127583</timestamp>
			</report>
			<report>
				<misses>18640001</misses>
				<total>39</total>
				<timestamp>6517.477260</timestamp>
			</report>
			<report>
				<misses>18641001</misses>
				<total>39</total>
				<timestamp>6517.826874</timestamp>
			</report>
			<report>
				<misses>18642001</misses>
				<total>39</total>
				<timestamp>6518.176545</timestamp>
			</report>
			<report>
				<misses>18643001</misses>
				<total>39</total>
				<timestamp>6518.526193</timestamp>
			</report>
			<report>
				<misses>18644001</misses>
				<total>39</total>
				<timestamp>6518.875840</timestamp>
			</report>
			<report>
				<misses>18645001</misses>
				<total>39</total>
				<timestamp>6519.225498</timestamp>
			</report>
			<report>
				<misses>18646001</misses>
				<total>39</total>
				<timestamp>6519.575160</timestamp>
			</report>
			<report>
				<misses>18647001</misses>
				<total>39</total>
				<timestamp>6519.924818</timestamp>
			</report>
			<report>
				<misses>18648001</misses>
				<total>39</total>
				<timestamp>6520.274434</timestamp>
			</report>
			<report>
				<misses>18649001</misses>
				<total>39</total>
				<timestamp>6520.624111</timestamp>
			</report>
			<report>
				<misses>18650001</misses>
				<total>39</total>
				<timestamp>6520.973740</timestamp>
			</report>
			<report>
				<misses>18651001</misses>
				<total>39</total>
				<timestamp>6521.323394</timestamp>
			</report>
			<report>
				<misses>18652001</misses>
				<total>39</total>
				<timestamp>6521.673070</timestamp>
			</report>
			<report>
				<misses>18653001</misses>
				<total>39</total>
				<timestamp>6522.022686</timestamp>
			</report>
			<report>
				<misses>18654001</misses>
				<total>39</total>
				<timestamp>6522.372353</timestamp>
			</report>
			<report>
				<misses>18655001</misses>
				<total>39</total>
				<timestamp>6522.722028</timestamp>
			</report>
			<report>
				<misses>18656001</misses>
				<total>39</total>
				<timestamp>6523.071636</timestamp>
			</report>
			<report>
				<misses>18657001</misses>
				<total>39</total>
				<timestamp>6523.421278</timestamp>
			</report>
			<report>
				<misses>18658001</misses>
				<total>39</total>
				<timestamp>6523.770935</timestamp>
			</report>
			<report>
				<misses>18659001</misses>
				<total>39</total>
				<timestamp>6524.120598</timestamp>
			</report>
			<report>
				<misses>18660001</misses>
				<total>39</total>
				<timestamp>6524.470253</timestamp>
			</report>
			<report>
				<misses>18661001</misses>
				<total>39</total>
				<timestamp>6524.819896</timestamp>
			</report>
			<report>
				<misses>18662001</misses>
				<total>39</total>
				<timestamp>6525.169539</timestamp>
			</report>
			<report>
				<misses>18663001</misses>
				<total>39</total>
				<timestamp>6525.519206</timestamp>
			</report>
			<report>
				<misses>18664001</misses>
				<total>39</total>
				<timestamp>6525.868829</timestamp>
			</report>
			<report>
				<misses>18665001</misses>
				<total>39</total>
				<timestamp>6526.218473</timestamp>
			</report>
			<report>
				<misses>18666001</misses>
				<total>39</total>
				<timestamp>6526.568165</timestamp>
			</report>
			<report>
				<misses>18667001</misses>
				<total>39</total>
				<timestamp>6526.917791</timestamp>
			</report>
			<report>
				<misses>18668001</misses>
				<total>39</total>
				<timestamp>6527.267448</timestamp>
			</report>
			<report>
				<misses>18669001</misses>
				<total>39</total>
				<timestamp>6527.617098</timestamp>
			</report>
			<report>
				<misses>18670001</misses>
				<total>39</total>
				<timestamp>6527.966741</timestamp>
			</report>
			<report>
				<misses>18671001</misses>
				<total>39</total>
				<timestamp>6528.316396</timestamp>
			</report>
			<report>
				<misses>18672001</misses>
				<total>39</total>
				<timestamp>6528.666054</timestamp>
			</report>
			<report>
				<misses>18673001</misses>
				<total>39</total>
				<timestamp>6529.015713</timestamp>
			</report>
			<report>
				<misses>18674001</misses>
				<total>39</total>
				<timestamp>6529.365325</timestamp>
			</report>
			<report>
				<misses>18675001</misses>
				<total>39</total>
				<timestamp>6529.715018</timestamp>
			</report>
			<report>
				<misses>18676001</misses>
				<total>39</total>
				<timestamp>6530.064643</timestamp>
			</report>
			<report>
				<misses>18677001</misses>
				<total>39</total>
				<timestamp>6530.414293</timestamp>
			</report>
			<report>
				<misses>18678001</misses>
				<total>39</total>
				<timestamp>6530.763954</timestamp>
			</report>
			<report>
				<misses>18679001</misses>
				<total>39</total>
				<timestamp>6531.113599</timestamp>
			</report>
			<report>
				<misses>18680001</misses>
				<total>39</total>
				<timestamp>6531.463271</timestamp>
			</report>
			<report>
				<misses>18681001</misses>
				<total>39</total>
				<timestamp>6531.812875</timestamp>
			</report>
			<report>
				<misses>18682001</misses>
				<total>39</total>
				<timestamp>6532.162555</timestamp>
			</report>
			<report>
				<misses>18683001</misses>
				<total>39</total>
				<timestamp>6532.512178</timestamp>
			</report>
			<report>
				<misses>18684001</misses>
				<total>39</total>
				<timestamp>6532.861842</timestamp>
			</report>
			<report>
				<misses>18685001</misses>
				<total>39</total>
				<timestamp>6533.211471</timestamp>
			</report>
			<report>
				<misses>18686001</misses>
				<total>39</total>
				<timestamp>6533.561172</timestamp>
			</report>
			<report>
				<misses>18687001</misses>
				<total>39</total>
				<timestamp>6533.910791</timestamp>
			</report>
			<report>
				<misses>18688001</misses>
				<total>39</total>
				<timestamp>6534.260430</timestamp>
			</report>
			<report>
				<misses>18689001</misses>
				<total>39</total>
				<timestamp>6534.610130</timestamp>
			</report>
			<report>
				<misses>18690001</misses>
				<total>39</total>
				<timestamp>6534.959741</timestamp>
			</report>
			<report>
				<misses>18691001</misses>
				<total>39</total>
				<timestamp>6535.309376</timestamp>
			</report>
			<report>
				<misses>18692001</misses>
				<total>39</total>
				<timestamp>6535.659082</timestamp>
			</report>
			<report>
				<misses>18693001</misses>
				<total>39</total>
				<timestamp>6536.008684</timestamp>
			</report>
			<report>
				<misses>18694001</misses>
				<total>39</total>
				<timestamp>6536.358341</timestamp>
			</report>
			<report>
				<misses>18695001</misses>
				<total>39</total>
				<timestamp>6536.708026</timestamp>
			</report>
			<report>
				<misses>18696001</misses>
				<total>39</total>
				<timestamp>6537.057634</timestamp>
			</report>
			<report>
				<misses>18697001</misses>
				<total>39</total>
				<timestamp>6537.407279</timestamp>
			</report>
			<report>
				<misses>18698001</misses>
				<total>39</total>
				<timestamp>6537.756975</timestamp>
			</report>
			<report>
				<misses>18699001</misses>
				<total>39</total>
				<timestamp>6538.106580</timestamp>
			</report>
			<report>
				<misses>18700001</misses>
				<total>39</total>
				<timestamp>6538.456269</timestamp>
			</report>
			<report>
				<misses>18701001</misses>
				<total>39</total>
				<timestamp>6538.805908</timestamp>
			</report>
			<report>
				<misses>18702001</misses>
				<total>39</total>
				<timestamp>6539.155525</timestamp>
			</report>
			<report>
				<misses>18703001</misses>
				<total>39</total>
				<timestamp>6539.505199</timestamp>
			</report>
			<report>
				<misses>18704001</misses>
				<total>39</total>
				<timestamp>6539.854864</timestamp>
			</report>
			<report>
				<misses>18705001</misses>
				<total>39</total>
				<timestamp>6540.204499</timestamp>
			</report>
			<report>
				<misses>18706001</misses>
				<total>39</total>
				<timestamp>6540.554129</timestamp>
			</report>
			<report>
				<misses>18707001</misses>
				<total>39</total>
				<timestamp>6540.903791</timestamp>
			</report>
			<report>
				<misses>18708001</misses>
				<total>39</total>
				<timestamp>6541.253451</timestamp>
			</report>
			<report>
				<misses>18709001</misses>
				<total>39</total>
				<timestamp>6541.603108</timestamp>
			</report>
			<report>
				<misses>18710001</misses>
				<total>39</total>
				<timestamp>6541.952750</timestamp>
			</report>
			<report>
				<misses>18711001</misses>
				<total>39</total>
				<timestamp>6542.302407</timestamp>
			</report>
			<report>
				<misses>18712001</misses>
				<total>39</total>
				<timestamp>6542.652079</timestamp>
			</report>
			<report>
				<misses>18713001</misses>
				<total>39</total>
				<timestamp>6543.001685</timestamp>
			</report>
			<report>
				<misses>18714001</misses>
				<total>39</total>
				<timestamp>6543.351339</timestamp>
			</report>
			<report>
				<misses>18715001</misses>
				<total>39</total>
				<timestamp>6543.701038</timestamp>
			</report>
			<report>
				<misses>18716001</misses>
				<total>39</total>
				<timestamp>6544.050641</timestamp>
			</report>
			<report>
				<misses>18717001</misses>
				<total>39</total>
				<timestamp>6544.400309</timestamp>
			</report>
			<report>
				<misses>18718001</misses>
				<total>39</total>
				<timestamp>6544.749975</timestamp>
			</report>
			<report>
				<misses>18719001</misses>
				<total>39</total>
				<timestamp>6545.099578</timestamp>
			</report>
			<report>
				<misses>18720001</misses>
				<total>39</total>
				<timestamp>6545.449241</timestamp>
			</report>
			<report>
				<misses>18721001</misses>
				<total>39</total>
				<timestamp>6545.798907</timestamp>
			</report>
			<report>
				<misses>18722001</misses>
				<total>39</total>
				<timestamp>6546.148564</timestamp>
			</report>
			<report>
				<misses>18723001</misses>
				<total>39</total>
				<timestamp>6546.498186</timestamp>
			</report>
			<report>
				<misses>18724001</misses>
				<total>39</total>
				<timestamp>6546.847850</timestamp>
			</report>
			<report>
				<misses>18725001</misses>
				<total>39</total>
				<timestamp>6547.197487</timestamp>
			</report>
			<report>
				<misses>18726001</misses>
				<total>39</total>
				<timestamp>6547.547168</timestamp>
			</report>
			<report>
				<misses>18727001</misses>
				<total>39</total>
				<timestamp>6547.896803</timestamp>
			</report>
			<report>
				<misses>18728001</misses>
				<total>39</total>
				<timestamp>6548.246449</timestamp>
			</report>
			<report>
				<misses>18729001</misses>
				<total>39</total>
				<timestamp>6548.596098</timestamp>
			</report>
			<report>
				<misses>18730001</misses>
				<total>39</total>
				<timestamp>6548.945728</timestamp>
			</report>
			<report>
				<misses>18731001</misses>
				<total>39</total>
				<timestamp>6549.295385</timestamp>
			</report>
			<report>
				<misses>18732001</misses>
				<total>39</total>
				<timestamp>6549.645036</timestamp>
			</report>
			<report>
				<misses>18733001</misses>
				<total>39</total>
				<timestamp>6549.994695</timestamp>
			</report>
			<report>
				<misses>18734001</misses>
				<total>39</total>
				<timestamp>6550.344326</timestamp>
			</report>
			<report>
				<misses>18735001</misses>
				<total>39</total>
				<timestamp>6550.694036</timestamp>
			</report>
			<report>
				<misses>18736001</misses>
				<total>39</total>
				<timestamp>6551.043626</timestamp>
			</report>
			<report>
				<misses>18737001</misses>
				<total>39</total>
				<timestamp>6551.393282</timestamp>
			</report>
			<report>
				<misses>18738001</misses>
				<total>39</total>
				<timestamp>6551.742960</timestamp>
			</report>
			<report>
				<misses>18739001</misses>
				<total>39</total>
				<timestamp>6552.092590</timestamp>
			</report>
			<report>
				<misses>18740001</misses>
				<total>39</total>
				<timestamp>6552.442231</timestamp>
			</report>
			<report>
				<misses>18741001</misses>
				<total>39</total>
				<timestamp>6552.791923</timestamp>
			</report>
			<report>
				<misses>18742001</misses>
				<total>39</total>
				<timestamp>6553.141554</timestamp>
			</report>
			<report>
				<misses>18743001</misses>
				<total>39</total>
				<timestamp>6553.491229</timestamp>
			</report>
			<report>
				<misses>18744001</misses>
				<total>39</total>
				<timestamp>6553.840869</timestamp>
			</report>
			<report>
				<misses>18745001</misses>
				<total>39</total>
				<timestamp>6554.190485</timestamp>
			</report>
			<report>
				<misses>18746001</misses>
				<total>39</total>
				<timestamp>6554.540143</timestamp>
			</report>
			<report>
				<misses>18747001</misses>
				<total>39</total>
				<timestamp>6554.889795</timestamp>
			</report>
			<report>
				<misses>18748001</misses>
				<total>39</total>
				<timestamp>6555.239433</timestamp>
			</report>
			<report>
				<misses>18749001</misses>
				<total>39</total>
				<timestamp>6555.589115</timestamp>
			</report>
			<report>
				<misses>18750001</misses>
				<total>39</total>
				<timestamp>6555.938721</timestamp>
			</report>
			<report>
				<misses>18751001</misses>
				<total>39</total>
				<timestamp>6556.288378</timestamp>
			</report>
			<report>
				<misses>18752001</misses>
				<total>39</total>
				<timestamp>6556.638051</timestamp>
			</report>
			<report>
				<misses>18753001</misses>
				<total>39</total>
				<timestamp>6556.987696</timestamp>
			</report>
			<report>
				<misses>18754001</misses>
				<total>39</total>
				<timestamp>6557.337357</timestamp>
			</report>
			<report>
				<misses>18755001</misses>
				<total>39</total>
				<timestamp>6557.687018</timestamp>
			</report>
			<report>
				<misses>18756001</misses>
				<total>39</total>
				<timestamp>6558.036617</timestamp>
			</report>
			<report>
				<misses>18757001</misses>
				<total>39</total>
				<timestamp>6558.386303</timestamp>
			</report>
			<report>
				<misses>18758001</misses>
				<total>39</total>
				<timestamp>6558.735946</timestamp>
			</report>
			<report>
				<misses>18759001</misses>
				<total>39</total>
				<timestamp>6559.085606</timestamp>
			</report>
			<report>
				<misses>18760001</misses>
				<total>39</total>
				<timestamp>6559.435226</timestamp>
			</report>
			<report>
				<misses>18761001</misses>
				<total>39</total>
				<timestamp>6559.784914</timestamp>
			</report>
			<report>
				<misses>18762001</misses>
				<total>39</total>
				<timestamp>6560.134522</timestamp>
			</report>
			<report>
				<misses>18763001</misses>
				<total>39</total>
				<timestamp>6560.484200</timestamp>
			</report>
			<report>
				<misses>18764001</misses>
				<total>39</total>
				<timestamp>6560.833921</timestamp>
			</report>
			<report>
				<misses>18765001</misses>
				<total>39</total>
				<timestamp>6561.183477</timestamp>
			</report>
			<report>
				<misses>18766001</misses>
				<total>39</total>
				<timestamp>6561.533127</timestamp>
			</report>
			<report>
				<misses>18767001</misses>
				<total>39</total>
				<timestamp>6561.882822</timestamp>
			</report>
			<report>
				<misses>18768001</misses>
				<total>39</total>
				<timestamp>6562.232450</timestamp>
			</report>
			<report>
				<misses>18769001</misses>
				<total>39</total>
				<timestamp>6562.582116</timestamp>
			</report>
			<report>
				<misses>18770001</misses>
				<total>39</total>
				<timestamp>6562.931749</timestamp>
			</report>
			<report>
				<misses>18771001</misses>
				<total>39</total>
				<timestamp>6563.281370</timestamp>
			</report>
			<report>
				<misses>18772001</misses>
				<total>39</total>
				<timestamp>6563.631046</timestamp>
			</report>
			<report>
				<misses>18773001</misses>
				<total>39</total>
				<timestamp>6563.980701</timestamp>
			</report>
			<report>
				<misses>18774001</misses>
				<total>39</total>
				<timestamp>6564.330337</timestamp>
			</report>
			<report>
				<misses>18775001</misses>
				<total>39</total>
				<timestamp>6564.679978</timestamp>
			</report>
			<report>
				<misses>18776001</misses>
				<total>39</total>
				<timestamp>6565.029633</timestamp>
			</report>
			<report>
				<misses>18777001</misses>
				<total>39</total>
				<timestamp>6565.379295</timestamp>
			</report>
			<report>
				<misses>18778001</misses>
				<total>39</total>
				<timestamp>6565.728941</timestamp>
			</report>
			<report>
				<misses>18779001</misses>
				<total>39</total>
				<timestamp>6566.078595</timestamp>
			</report>
			<report>
				<misses>18780001</misses>
				<total>39</total>
				<timestamp>6566.428228</timestamp>
			</report>
			<report>
				<misses>18781001</misses>
				<total>39</total>
				<timestamp>6566.777938</timestamp>
			</report>
			<report>
				<misses>18782001</misses>
				<total>39</total>
				<timestamp>6567.127532</timestamp>
			</report>
			<report>
				<misses>18783001</misses>
				<total>39</total>
				<timestamp>6567.477194</timestamp>
			</report>
			<report>
				<misses>18784001</misses>
				<total>39</total>
				<timestamp>6567.826853</timestamp>
			</report>
			<report>
				<misses>18785001</misses>
				<total>39</total>
				<timestamp>6568.176477</timestamp>
			</report>
			<report>
				<misses>18786001</misses>
				<total>39</total>
				<timestamp>6568.526128</timestamp>
			</report>
			<report>
				<misses>18787001</misses>
				<total>39</total>
				<timestamp>6568.875839</timestamp>
			</report>
			<report>
				<misses>18788001</misses>
				<total>39</total>
				<timestamp>6569.225427</timestamp>
			</report>
			<report>
				<misses>18789001</misses>
				<total>39</total>
				<timestamp>6569.575107</timestamp>
			</report>
			<report>
				<misses>18790001</misses>
				<total>39</total>
				<timestamp>6569.924759</timestamp>
			</report>
			<report>
				<misses>18791001</misses>
				<total>39</total>
				<timestamp>6570.274382</timestamp>
			</report>
			<report>
				<misses>18792001</misses>
				<total>39</total>
				<timestamp>6570.624019</timestamp>
			</report>
			<report>
				<misses>18793001</misses>
				<total>39</total>
				<timestamp>6570.973690</timestamp>
			</report>
			<report>
				<misses>18794001</misses>
				<total>39</total>
				<timestamp>6571.323352</timestamp>
			</report>
			<report>
				<misses>18795001</misses>
				<total>39</total>
				<timestamp>6571.672990</timestamp>
			</report>
			<report>
				<misses>18796001</misses>
				<total>39</total>
				<timestamp>6572.022647</timestamp>
			</report>
			<report>
				<misses>18797001</misses>
				<total>39</total>
				<timestamp>6572.372315</timestamp>
			</report>
			<report>
				<misses>18798001</misses>
				<total>39</total>
				<timestamp>6572.721950</timestamp>
			</report>
			<report>
				<misses>18799001</misses>
				<total>39</total>
				<timestamp>6573.071609</timestamp>
			</report>
			<report>
				<misses>18800001</misses>
				<total>39</total>
				<timestamp>6573.421238</timestamp>
			</report>
			<report>
				<misses>18801001</misses>
				<total>39</total>
				<timestamp>6573.770908</timestamp>
			</report>
			<report>
				<misses>18802001</misses>
				<total>39</total>
				<timestamp>6574.120517</timestamp>
			</report>
			<report>
				<misses>18803001</misses>
				<total>39</total>
				<timestamp>6574.470176</timestamp>
			</report>
			<report>
				<misses>18804001</misses>
				<total>39</total>
				<timestamp>6574.819890</timestamp>
			</report>
			<report>
				<misses>18805001</misses>
				<total>39</total>
				<timestamp>6575.169488</timestamp>
			</report>
			<report>
				<misses>18806001</misses>
				<total>39</total>
				<timestamp>6575.519121</timestamp>
			</report>
			<report>
				<misses>18807001</misses>
				<total>39</total>
				<timestamp>6575.868814</timestamp>
			</report>
			<report>
				<misses>18808001</misses>
				<total>39</total>
				<timestamp>6576.218452</timestamp>
			</report>
			<report>
				<misses>18809001</misses>
				<total>39</total>
				<timestamp>6576.568115</timestamp>
			</report>
			<report>
				<misses>18810001</misses>
				<total>39</total>
				<timestamp>6576.917737</timestamp>
			</report>
			<report>
				<misses>18811001</misses>
				<total>39</total>
				<timestamp>6577.267391</timestamp>
			</report>
			<report>
				<misses>18812001</misses>
				<total>39</total>
				<timestamp>6577.617079</timestamp>
			</report>
			<report>
				<misses>18813001</misses>
				<total>39</total>
				<timestamp>6577.966759</timestamp>
			</report>
			<report>
				<misses>18814001</misses>
				<total>39</total>
				<timestamp>6578.316325</timestamp>
			</report>
			<report>
				<misses>18815001</misses>
				<total>39</total>
				<timestamp>6578.666013</timestamp>
			</report>
			<report>
				<misses>18816001</misses>
				<total>39</total>
				<timestamp>6579.015702</timestamp>
			</report>
			<report>
				<misses>18817001</misses>
				<total>39</total>
				<timestamp>6579.365295</timestamp>
			</report>
			<report>
				<misses>18818001</misses>
				<total>39</total>
				<timestamp>6579.714934</timestamp>
			</report>
			<report>
				<misses>18819001</misses>
				<total>39</total>
				<timestamp>6580.064601</timestamp>
			</report>
			<report>
				<misses>18820001</misses>
				<total>39</total>
				<timestamp>6580.414229</timestamp>
			</report>
			<report>
				<misses>18821001</misses>
				<total>39</total>
				<timestamp>6580.763876</timestamp>
			</report>
			<report>
				<misses>18822001</misses>
				<total>39</total>
				<timestamp>6581.113538</timestamp>
			</report>
			<report>
				<misses>18823001</misses>
				<total>39</total>
				<timestamp>6581.463211</timestamp>
			</report>
			<report>
				<misses>18824001</misses>
				<total>39</total>
				<timestamp>6581.812855</timestamp>
			</report>
			<report>
				<misses>18825001</misses>
				<total>39</total>
				<timestamp>6582.162495</timestamp>
			</report>
			<report>
				<misses>18826001</misses>
				<total>39</total>
				<timestamp>6582.512147</timestamp>
			</report>
			<report>
				<misses>18827001</misses>
				<total>39</total>
				<timestamp>6582.861846</timestamp>
			</report>
			<report>
				<misses>18828001</misses>
				<total>39</total>
				<timestamp>6583.211450</timestamp>
			</report>
			<report>
				<misses>18829001</misses>
				<total>39</total>
				<timestamp>6583.561089</timestamp>
			</report>
			<report>
				<misses>18830001</misses>
				<total>39</total>
				<timestamp>6583.910792</timestamp>
			</report>
			<report>
				<misses>18831001</misses>
				<total>39</total>
				<timestamp>6584.260391</timestamp>
			</report>
			<report>
				<misses>18832001</misses>
				<total>39</total>
				<timestamp>6584.610076</timestamp>
			</report>
			<report>
				<misses>18833001</misses>
				<total>39</total>
				<timestamp>6584.959691</timestamp>
			</report>
			<report>
				<misses>18834001</misses>
				<total>39</total>
				<timestamp>6585.309381</timestamp>
			</report>
			<report>
				<misses>18835001</misses>
				<total>39</total>
				<timestamp>6585.658974</timestamp>
			</report>
			<report>
				<misses>18836001</misses>
				<total>39</total>
				<timestamp>6586.008635</timestamp>
			</report>
			<report>
				<misses>18837001</misses>
				<total>39</total>
				<timestamp>6586.358283</timestamp>
			</report>
			<report>
				<misses>18838001</misses>
				<total>39</total>
				<timestamp>6586.707932</timestamp>
			</report>
			<report>
				<misses>18839001</misses>
				<total>39</total>
				<timestamp>6587.057614</timestamp>
			</report>
			<report>
				<misses>18840001</misses>
				<total>39</total>
				<timestamp>6587.407248</timestamp>
			</report>
			<report>
				<misses>18841001</misses>
				<total>39</total>
				<timestamp>6587.756898</timestamp>
			</report>
			<report>
				<misses>18842001</misses>
				<total>39</total>
				<timestamp>6588.106542</timestamp>
			</report>
			<report>
				<misses>18843001</misses>
				<total>39</total>
				<timestamp>6588.456205</timestamp>
			</report>
			<report>
				<misses>18844001</misses>
				<total>39</total>
				<timestamp>6588.805851</timestamp>
			</report>
			<report>
				<misses>18845001</misses>
				<total>39</total>
				<timestamp>6589.155487</timestamp>
			</report>
			<report>
				<misses>18846001</misses>
				<total>39</total>
				<timestamp>6589.505170</timestamp>
			</report>
			<report>
				<misses>18847001</misses>
				<total>39</total>
				<timestamp>6589.854852</timestamp>
			</report>
			<report>
				<misses>18848001</misses>
				<total>39</total>
				<timestamp>6590.204426</timestamp>
			</report>
			<report>
				<misses>18849001</misses>
				<total>39</total>
				<timestamp>6590.554142</timestamp>
			</report>
			<report>
				<misses>18850001</misses>
				<total>39</total>
				<timestamp>6590.903749</timestamp>
			</report>
			<report>
				<misses>18851001</misses>
				<total>39</total>
				<timestamp>6591.253402</timestamp>
			</report>
			<report>
				<misses>18852001</misses>
				<total>39</total>
				<timestamp>6591.603038</timestamp>
			</report>
			<report>
				<misses>18853001</misses>
				<total>39</total>
				<timestamp>6591.952710</timestamp>
			</report>
			<report>
				<misses>18854001</misses>
				<total>39</total>
				<timestamp>6592.302340</timestamp>
			</report>
			<report>
				<misses>18855001</misses>
				<total>39</total>
				<timestamp>6592.651975</timestamp>
			</report>
			<report>
				<misses>18856001</misses>
				<total>39</total>
				<timestamp>6593.001667</timestamp>
			</report>
			<report>
				<misses>18857001</misses>
				<total>39</total>
				<timestamp>6593.351303</timestamp>
			</report>
			<report>
				<misses>18858001</misses>
				<total>39</total>
				<timestamp>6593.700955</timestamp>
			</report>
			<report>
				<misses>18859001</misses>
				<total>39</total>
				<timestamp>6594.050622</timestamp>
			</report>
			<report>
				<misses>18860001</misses>
				<total>39</total>
				<timestamp>6594.400219</timestamp>
			</report>
			<report>
				<misses>18861001</misses>
				<total>39</total>
				<timestamp>6594.749902</timestamp>
			</report>
			<report>
				<misses>18862001</misses>
				<total>39</total>
				<timestamp>6595.099542</timestamp>
			</report>
			<report>
				<misses>18863001</misses>
				<total>39</total>
				<timestamp>6595.449210</timestamp>
			</report>
			<report>
				<misses>18864001</misses>
				<total>39</total>
				<timestamp>6595.798870</timestamp>
			</report>
			<report>
				<misses>18865001</misses>
				<total>39</total>
				<timestamp>6596.148475</timestamp>
			</report>
			<report>
				<misses>18866001</misses>
				<total>39</total>
				<timestamp>6596.498130</timestamp>
			</report>
			<report>
				<misses>18867001</misses>
				<total>39</total>
				<timestamp>6596.847790</timestamp>
			</report>
			<report>
				<misses>18868001</misses>
				<total>39</total>
				<timestamp>6597.197450</timestamp>
			</report>
			<report>
				<misses>18869001</misses>
				<total>39</total>
				<timestamp>6597.547099</timestamp>
			</report>
			<report>
				<misses>18870001</misses>
				<total>39</total>
				<timestamp>6597.896725</timestamp>
			</report>
			<report>
				<misses>18871001</misses>
				<total>39</total>
				<timestamp>6598.246383</timestamp>
			</report>
			<report>
				<misses>18872001</misses>
				<total>39</total>
				<timestamp>6598.596026</timestamp>
			</report>
			<report>
				<misses>18873001</misses>
				<total>39</total>
				<timestamp>6598.945723</timestamp>
			</report>
			<report>
				<misses>18874001</misses>
				<total>39</total>
				<timestamp>6599.295329</timestamp>
			</report>
			<report>
				<misses>18875001</misses>
				<total>39</total>
				<timestamp>6599.644984</timestamp>
			</report>
			<report>
				<misses>18876001</misses>
				<total>39</total>
				<timestamp>6599.994662</timestamp>
			</report>
			<report>
				<misses>18877001</misses>
				<total>39</total>
				<timestamp>6600.344281</timestamp>
			</report>
			<report>
				<misses>18878001</misses>
				<total>39</total>
				<timestamp>6600.693985</timestamp>
			</report>
			<report>
				<misses>18879001</misses>
				<total>39</total>
				<timestamp>6601.043624</timestamp>
			</report>
			<report>
				<misses>18880001</misses>
				<total>39</total>
				<timestamp>6601.393221</timestamp>
			</report>
			<report>
				<misses>18881001</misses>
				<total>39</total>
				<timestamp>6601.742891</timestamp>
			</report>
			<report>
				<misses>18882001</misses>
				<total>39</total>
				<timestamp>6602.092589</timestamp>
			</report>
			<report>
				<misses>18883001</misses>
				<total>39</total>
				<timestamp>6602.442228</timestamp>
			</report>
			<report>
				<misses>18884001</misses>
				<total>39</total>
				<timestamp>6602.791834</timestamp>
			</report>
			<report>
				<misses>18885001</misses>
				<total>39</total>
				<timestamp>6603.141510</timestamp>
			</report>
			<report>
				<misses>18886001</misses>
				<total>39</total>
				<timestamp>6603.491150</timestamp>
			</report>
			<report>
				<misses>18887001</misses>
				<total>39</total>
				<timestamp>6603.840789</timestamp>
			</report>
			<report>
				<misses>18888001</misses>
				<total>39</total>
				<timestamp>6604.190424</timestamp>
			</report>
			<report>
				<misses>18889001</misses>
				<total>39</total>
				<timestamp>6604.540092</timestamp>
			</report>
			<report>
				<misses>18890001</misses>
				<total>39</total>
				<timestamp>6604.889730</timestamp>
			</report>
			<report>
				<misses>18891001</misses>
				<total>39</total>
				<timestamp>6605.239391</timestamp>
			</report>
			<report>
				<misses>18892001</misses>
				<total>39</total>
				<timestamp>6605.589040</timestamp>
			</report>
			<report>
				<misses>18893001</misses>
				<total>39</total>
				<timestamp>6605.938708</timestamp>
			</report>
			<report>
				<misses>18894001</misses>
				<total>39</total>
				<timestamp>6606.288339</timestamp>
			</report>
			<report>
				<misses>18895001</misses>
				<total>39</total>
				<timestamp>6606.638002</timestamp>
			</report>
			<report>
				<misses>18896001</misses>
				<total>39</total>
				<timestamp>6606.987663</timestamp>
			</report>
			<report>
				<misses>18897001</misses>
				<total>39</total>
				<timestamp>6607.337291</timestamp>
			</report>
			<report>
				<misses>18898001</misses>
				<total>39</total>
				<timestamp>6607.686933</timestamp>
			</report>
			<report>
				<misses>18899001</misses>
				<total>39</total>
				<timestamp>6608.036627</timestamp>
			</report>
			<report>
				<misses>18900001</misses>
				<total>39</total>
				<timestamp>6608.386256</timestamp>
			</report>
			<report>
				<misses>18901001</misses>
				<total>39</total>
				<timestamp>6608.735882</timestamp>
			</report>
			<report>
				<misses>18902001</misses>
				<total>39</total>
				<timestamp>6609.085564</timestamp>
			</report>
			<report>
				<misses>18903001</misses>
				<total>39</total>
				<timestamp>6609.435187</timestamp>
			</report>
			<report>
				<misses>18904001</misses>
				<total>39</total>
				<timestamp>6609.784829</timestamp>
			</report>
			<report>
				<misses>18905001</misses>
				<total>39</total>
				<timestamp>6610.134521</timestamp>
			</report>
			<report>
				<misses>18906001</misses>
				<total>39</total>
				<timestamp>6610.484131</timestamp>
			</report>
			<report>
				<misses>18907001</misses>
				<total>39</total>
				<timestamp>6610.833818</timestamp>
			</report>
			<report>
				<misses>18908001</misses>
				<total>39</total>
				<timestamp>6611.183427</timestamp>
			</report>
			<report>
				<misses>18909001</misses>
				<total>39</total>
				<timestamp>6611.533100</timestamp>
			</report>
			<report>
				<misses>18910001</misses>
				<total>39</total>
				<timestamp>6611.882745</timestamp>
			</report>
			<report>
				<misses>18911001</misses>
				<total>39</total>
				<timestamp>6612.232382</timestamp>
			</report>
			<report>
				<misses>18912001</misses>
				<total>39</total>
				<timestamp>6612.582029</timestamp>
			</report>
			<report>
				<misses>18913001</misses>
				<total>39</total>
				<timestamp>6612.931684</timestamp>
			</report>
			<report>
				<misses>18914001</misses>
				<total>39</total>
				<timestamp>6613.281334</timestamp>
			</report>
			<report>
				<misses>18915001</misses>
				<total>39</total>
				<timestamp>6613.630979</timestamp>
			</report>
			<report>
				<misses>18916001</misses>
				<total>39</total>
				<timestamp>6613.980682</timestamp>
			</report>
			<report>
				<misses>18917001</misses>
				<total>39</total>
				<timestamp>6614.330282</timestamp>
			</report>
			<report>
				<misses>18918001</misses>
				<total>39</total>
				<timestamp>6614.679934</timestamp>
			</report>
			<report>
				<misses>18919001</misses>
				<total>39</total>
				<timestamp>6615.029630</timestamp>
			</report>
			<report>
				<misses>18920001</misses>
				<total>39</total>
				<timestamp>6615.379245</timestamp>
			</report>
			<report>
				<misses>18921001</misses>
				<total>39</total>
				<timestamp>6615.728895</timestamp>
			</report>
			<report>
				<misses>18922001</misses>
				<total>39</total>
				<timestamp>6616.078536</timestamp>
			</report>
			<report>
				<misses>18923001</misses>
				<total>39</total>
				<timestamp>6616.428223</timestamp>
			</report>
			<report>
				<misses>18924001</misses>
				<total>39</total>
				<timestamp>6616.777834</timestamp>
			</report>
			<report>
				<misses>18925001</misses>
				<total>39</total>
				<timestamp>6617.127518</timestamp>
			</report>
			<report>
				<misses>18926001</misses>
				<total>39</total>
				<timestamp>6617.477143</timestamp>
			</report>
			<report>
				<misses>18927001</misses>
				<total>39</total>
				<timestamp>6617.826788</timestamp>
			</report>
			<report>
				<misses>18928001</misses>
				<total>39</total>
				<timestamp>6618.176474</timestamp>
			</report>
			<report>
				<misses>18929001</misses>
				<total>39</total>
				<timestamp>6618.526091</timestamp>
			</report>
			<report>
				<misses>18930001</misses>
				<total>39</total>
				<timestamp>6618.875724</timestamp>
			</report>
			<report>
				<misses>18931001</misses>
				<total>39</total>
				<timestamp>6619.225392</timestamp>
			</report>
			<report>
				<misses>18932001</misses>
				<total>39</total>
				<timestamp>6619.575043</timestamp>
			</report>
			<report>
				<misses>18933001</misses>
				<total>39</total>
				<timestamp>6619.924699</timestamp>
			</report>
			<report>
				<misses>18934001</misses>
				<total>39</total>
				<timestamp>6620.274326</timestamp>
			</report>
			<report>
				<misses>18935001</misses>
				<total>39</total>
				<timestamp>6620.623996</timestamp>
			</report>
			<report>
				<misses>18936001</misses>
				<total>39</total>
				<timestamp>6620.973643</timestamp>
			</report>
			<report>
				<misses>18937001</misses>
				<total>39</total>
				<timestamp>6621.323303</timestamp>
			</report>
			<report>
				<misses>18938001</misses>
				<total>39</total>
				<timestamp>6621.672939</timestamp>
			</report>
			<report>
				<misses>18939001</misses>
				<total>39</total>
				<timestamp>6622.022629</timestamp>
			</report>
			<report>
				<misses>18940001</misses>
				<total>39</total>
				<timestamp>6622.372243</timestamp>
			</report>
			<report>
				<misses>18941001</misses>
				<total>39</total>
				<timestamp>6622.721912</timestamp>
			</report>
			<report>
				<misses>18942001</misses>
				<total>39</total>
				<timestamp>6623.071572</timestamp>
			</report>
			<report>
				<misses>18943001</misses>
				<total>39</total>
				<timestamp>6623.421186</timestamp>
			</report>
			<report>
				<misses>18944001</misses>
				<total>39</total>
				<timestamp>6623.770876</timestamp>
			</report>
			<report>
				<misses>18945001</misses>
				<total>39</total>
				<timestamp>6624.120516</timestamp>
			</report>
			<report>
				<misses>18946001</misses>
				<total>39</total>
				<timestamp>6624.470139</timestamp>
			</report>
			<report>
				<misses>18947001</misses>
				<total>39</total>
				<timestamp>6624.819786</timestamp>
			</report>
			<report>
				<misses>18948001</misses>
				<total>39</total>
				<timestamp>6625.169485</timestamp>
			</report>
			<report>
				<misses>18949001</misses>
				<total>39</total>
				<timestamp>6625.519115</timestamp>
			</report>
			<report>
				<misses>18950001</misses>
				<total>39</total>
				<timestamp>6625.868769</timestamp>
			</report>
			<report>
				<misses>18951001</misses>
				<total>39</total>
				<timestamp>6626.218511</timestamp>
			</report>
			<report>
				<misses>18952001</misses>
				<total>39</total>
				<timestamp>6626.568033</timestamp>
			</report>
			<report>
				<misses>18953001</misses>
				<total>39</total>
				<timestamp>6626.917710</timestamp>
			</report>
			<report>
				<misses>18954001</misses>
				<total>39</total>
				<timestamp>6627.267348</timestamp>
			</report>
			<report>
				<misses>18955001</misses>
				<total>39</total>
				<timestamp>6627.617005</timestamp>
			</report>
			<report>
				<misses>18956001</misses>
				<total>39</total>
				<timestamp>6627.966626</timestamp>
			</report>
			<report>
				<misses>18957001</misses>
				<total>39</total>
				<timestamp>6628.316284</timestamp>
			</report>
			<report>
				<misses>18958001</misses>
				<total>39</total>
				<timestamp>6628.665942</timestamp>
			</report>
			<report>
				<misses>18959001</misses>
				<total>39</total>
				<timestamp>6629.015580</timestamp>
			</report>
			<report>
				<misses>18960001</misses>
				<total>39</total>
				<timestamp>6629.365256</timestamp>
			</report>
			<report>
				<misses>18961001</misses>
				<total>39</total>
				<timestamp>6629.714902</timestamp>
			</report>
			<report>
				<misses>18962001</misses>
				<total>39</total>
				<timestamp>6630.064586</timestamp>
			</report>
			<report>
				<misses>18963001</misses>
				<total>39</total>
				<timestamp>6630.414188</timestamp>
			</report>
			<report>
				<misses>18964001</misses>
				<total>39</total>
				<timestamp>6630.763838</timestamp>
			</report>
			<report>
				<misses>18965001</misses>
				<total>39</total>
				<timestamp>6631.113483</timestamp>
			</report>
			<report>
				<misses>18966001</misses>
				<total>39</total>
				<timestamp>6631.463138</timestamp>
			</report>
			<report>
				<misses>18967001</misses>
				<total>39</total>
				<timestamp>6631.812780</timestamp>
			</report>
			<report>
				<misses>18968001</misses>
				<total>39</total>
				<timestamp>6632.162458</timestamp>
			</report>
			<report>
				<misses>18969001</misses>
				<total>39</total>
				<timestamp>6632.512123</timestamp>
			</report>
			<report>
				<misses>18970001</misses>
				<total>39</total>
				<timestamp>6632.861742</timestamp>
			</report>
			<report>
				<misses>18971001</misses>
				<total>39</total>
				<timestamp>6633.211428</timestamp>
			</report>
			<report>
				<misses>18972001</misses>
				<total>39</total>
				<timestamp>6633.561038</timestamp>
			</report>
			<report>
				<misses>18973001</misses>
				<total>39</total>
				<timestamp>6633.910708</timestamp>
			</report>
			<report>
				<misses>18974001</misses>
				<total>39</total>
				<timestamp>6634.260403</timestamp>
			</report>
			<report>
				<misses>18975001</misses>
				<total>39</total>
				<timestamp>6634.609984</timestamp>
			</report>
			<report>
				<misses>18976001</misses>
				<total>39</total>
				<timestamp>6634.959655</timestamp>
			</report>
			<report>
				<misses>18977001</misses>
				<total>39</total>
				<timestamp>6635.309312</timestamp>
			</report>
			<report>
				<misses>18978001</misses>
				<total>39</total>
				<timestamp>6635.658941</timestamp>
			</report>
			<report>
				<misses>18979001</misses>
				<total>39</total>
				<timestamp>6636.008581</timestamp>
			</report>
			<report>
				<misses>18980001</misses>
				<total>39</total>
				<timestamp>6636.358247</timestamp>
			</report>
			<report>
				<misses>18981001</misses>
				<total>39</total>
				<timestamp>6636.707904</timestamp>
			</report>
			<report>
				<misses>18982001</misses>
				<total>39</total>
				<timestamp>6637.057565</timestamp>
			</report>
			<report>
				<misses>18983001</misses>
				<total>39</total>
				<timestamp>6637.407190</timestamp>
			</report>
			<report>
				<misses>18984001</misses>
				<total>39</total>
				<timestamp>6637.756856</timestamp>
			</report>
			<report>
				<misses>18985001</misses>
				<total>39</total>
				<timestamp>6638.106503</timestamp>
			</report>
			<report>
				<misses>18986001</misses>
				<total>39</total>
				<timestamp>6638.456158</timestamp>
			</report>
			<report>
				<misses>18987001</misses>
				<total>39</total>
				<timestamp>6638.805796</timestamp>
			</report>
			<report>
				<misses>18988001</misses>
				<total>39</total>
				<timestamp>6639.155449</timestamp>
			</report>
			<report>
				<misses>18989001</misses>
				<total>39</total>
				<timestamp>6639.505096</timestamp>
			</report>
			<report>
				<misses>18990001</misses>
				<total>39</total>
				<timestamp>6639.854736</timestamp>
			</report>
			<report>
				<misses>18991001</misses>
				<total>39</total>
				<timestamp>6640.204396</timestamp>
			</report>
			<report>
				<misses>18992001</misses>
				<total>39</total>
				<timestamp>6640.554095</timestamp>
			</report>
			<report>
				<misses>18993001</misses>
				<total>39</total>
				<timestamp>6640.903688</timestamp>
			</report>
			<report>
				<misses>18994001</misses>
				<total>39</total>
				<timestamp>6641.253370</timestamp>
			</report>
			<report>
				<misses>18995001</misses>
				<total>39</total>
				<timestamp>6641.602999</timestamp>
			</report>
			<report>
				<misses>18996001</misses>
				<total>39</total>
				<timestamp>6641.952623</timestamp>
			</report>
			<report>
				<misses>18997001</misses>
				<total>39</total>
				<timestamp>6642.302324</timestamp>
			</report>
			<report>
				<misses>18998001</misses>
				<total>39</total>
				<timestamp>6642.651945</timestamp>
			</report>
			<report>
				<misses>18999001</misses>
				<total>39</total>
				<timestamp>6643.001587</timestamp>
			</report>
			<report>
				<misses>19000001</misses>
				<total>39</total>
				<timestamp>6643.351280</timestamp>
			</report>
			<report>
				<misses>19001001</misses>
				<total>39</total>
				<timestamp>6643.700884</timestamp>
			</report>
			<report>
				<misses>19002001</misses>
				<total>39</total>
				<timestamp>6644.050543</timestamp>
			</report>
			<report>
				<misses>19003001</misses>
				<total>39</total>
				<timestamp>6644.400198</timestamp>
			</report>
			<report>
				<misses>19004001</misses>
				<total>39</total>
				<timestamp>6644.749862</timestamp>
			</report>
			<report>
				<misses>19005001</misses>
				<total>39</total>
				<timestamp>6645.099520</timestamp>
			</report>
			<report>
				<misses>19006001</misses>
				<total>39</total>
				<timestamp>6645.449177</timestamp>
			</report>
			<report>
				<misses>19007001</misses>
				<total>39</total>
				<timestamp>6645.798835</timestamp>
			</report>
			<report>
				<misses>19008001</misses>
				<total>39</total>
				<timestamp>6646.148496</timestamp>
			</report>
			<report>
				<misses>19009001</misses>
				<total>39</total>
				<timestamp>6646.498089</timestamp>
			</report>
			<report>
				<misses>19010001</misses>
				<total>39</total>
				<timestamp>6646.847732</timestamp>
			</report>
			<report>
				<misses>19011001</misses>
				<total>39</total>
				<timestamp>6647.197426</timestamp>
			</report>
			<report>
				<misses>19012001</misses>
				<total>39</total>
				<timestamp>6647.547036</timestamp>
			</report>
			<report>
				<misses>19013001</misses>
				<total>39</total>
				<timestamp>6647.896700</timestamp>
			</report>
			<report>
				<misses>19014001</misses>
				<total>39</total>
				<timestamp>6648.246349</timestamp>
			</report>
			<report>
				<misses>19015001</misses>
				<total>39</total>
				<timestamp>6648.595986</timestamp>
			</report>
			<report>
				<misses>19016001</misses>
				<total>39</total>
				<timestamp>6648.945680</timestamp>
			</report>
			<report>
				<misses>19017001</misses>
				<total>39</total>
				<timestamp>6649.295330</timestamp>
			</report>
			<report>
				<misses>19018001</misses>
				<total>39</total>
				<timestamp>6649.644930</timestamp>
			</report>
			<report>
				<misses>19019001</misses>
				<total>39</total>
				<timestamp>6649.994585</timestamp>
			</report>
			<report>
				<misses>19020001</misses>
				<total>39</total>
				<timestamp>6650.344277</timestamp>
			</report>
			<report>
				<misses>19021001</misses>
				<total>39</total>
				<timestamp>6650.693876</timestamp>
			</report>
			<report>
				<misses>19022001</misses>
				<total>39</total>
				<timestamp>6651.043570</timestamp>
			</report>
			<report>
				<misses>19023001</misses>
				<total>39</total>
				<timestamp>6651.393173</timestamp>
			</report>
			<report>
				<misses>19024001</misses>
				<total>39</total>
				<timestamp>6651.742843</timestamp>
			</report>
			<report>
				<misses>19025001</misses>
				<total>39</total>
				<timestamp>6652.092531</timestamp>
			</report>
			<report>
				<misses>19026001</misses>
				<total>39</total>
				<timestamp>6652.442139</timestamp>
			</report>
			<report>
				<misses>19027001</misses>
				<total>39</total>
				<timestamp>6652.791794</timestamp>
			</report>
			<report>
				<misses>19028001</misses>
				<total>39</total>
				<timestamp>6653.141449</timestamp>
			</report>
			<report>
				<misses>19029001</misses>
				<total>39</total>
				<timestamp>6653.491109</timestamp>
			</report>
			<report>
				<misses>19030001</misses>
				<total>39</total>
				<timestamp>6653.840737</timestamp>
			</report>
			<report>
				<misses>19031001</misses>
				<total>39</total>
				<timestamp>6654.190373</timestamp>
			</report>
			<report>
				<misses>19032001</misses>
				<total>39</total>
				<timestamp>6654.540049</timestamp>
			</report>
			<report>
				<misses>19033001</misses>
				<total>39</total>
				<timestamp>6654.889745</timestamp>
			</report>
			<report>
				<misses>19034001</misses>
				<total>39</total>
				<timestamp>6655.239386</timestamp>
			</report>
			<report>
				<misses>19035001</misses>
				<total>39</total>
				<timestamp>6655.589010</timestamp>
			</report>
			<report>
				<misses>19036001</misses>
				<total>39</total>
				<timestamp>6655.938644</timestamp>
			</report>
			<report>
				<misses>19037001</misses>
				<total>39</total>
				<timestamp>6656.288281</timestamp>
			</report>
			<report>
				<misses>19038001</misses>
				<total>39</total>
				<timestamp>6656.637933</timestamp>
			</report>
			<report>
				<misses>19039001</misses>
				<total>39</total>
				<timestamp>6656.987600</timestamp>
			</report>
			<report>
				<misses>19040001</misses>
				<total>39</total>
				<timestamp>6657.337277</timestamp>
			</report>
			<report>
				<misses>19041001</misses>
				<total>39</total>
				<timestamp>6657.686899</timestamp>
			</report>
			<report>
				<misses>19042001</misses>
				<total>39</total>
				<timestamp>6658.036536</timestamp>
			</report>
			<report>
				<misses>19043001</misses>
				<total>39</total>
				<timestamp>6658.386227</timestamp>
			</report>
			<report>
				<misses>19044001</misses>
				<total>39</total>
				<timestamp>6658.735853</timestamp>
			</report>
			<report>
				<misses>19045001</misses>
				<total>39</total>
				<timestamp>6659.085485</timestamp>
			</report>
			<report>
				<misses>19046001</misses>
				<total>39</total>
				<timestamp>6659.435132</timestamp>
			</report>
			<report>
				<misses>19047001</misses>
				<total>39</total>
				<timestamp>6659.784797</timestamp>
			</report>
			<report>
				<misses>19048001</misses>
				<total>39</total>
				<timestamp>6660.134465</timestamp>
			</report>
			<report>
				<misses>19049001</misses>
				<total>39</total>
				<timestamp>6660.484110</timestamp>
			</report>
			<report>
				<misses>19050001</misses>
				<total>39</total>
				<timestamp>6660.833741</timestamp>
			</report>
			<report>
				<misses>19051001</misses>
				<total>39</total>
				<timestamp>6661.183405</timestamp>
			</report>
			<report>
				<misses>19052001</misses>
				<total>39</total>
				<timestamp>6661.533060</timestamp>
			</report>
			<report>
				<misses>19053001</misses>
				<total>39</total>
				<timestamp>6661.882710</timestamp>
			</report>
			<report>
				<misses>19054001</misses>
				<total>39</total>
				<timestamp>6662.232347</timestamp>
			</report>
			<report>
				<misses>19055001</misses>
				<total>39</total>
				<timestamp>6662.582016</timestamp>
			</report>
			<report>
				<misses>19056001</misses>
				<total>39</total>
				<timestamp>6662.931667</timestamp>
			</report>
			<report>
				<misses>19057001</misses>
				<total>39</total>
				<timestamp>6663.281293</timestamp>
			</report>
			<report>
				<misses>19058001</misses>
				<total>39</total>
				<timestamp>6663.630956</timestamp>
			</report>
			<report>
				<misses>19059001</misses>
				<total>39</total>
				<timestamp>6663.980606</timestamp>
			</report>
			<report>
				<misses>19060001</misses>
				<total>39</total>
				<timestamp>6664.330275</timestamp>
			</report>
			<report>
				<misses>19061001</misses>
				<total>39</total>
				<timestamp>6664.679904</timestamp>
			</report>
			<report>
				<misses>19062001</misses>
				<total>39</total>
				<timestamp>6665.029571</timestamp>
			</report>
			<report>
				<misses>19063001</misses>
				<total>39</total>
				<timestamp>6665.379235</timestamp>
			</report>
			<report>
				<misses>19064001</misses>
				<total>39</total>
				<timestamp>6665.728846</timestamp>
			</report>
			<report>
				<misses>19065001</misses>
				<total>39</total>
				<timestamp>6666.078478</timestamp>
			</report>
			<report>
				<misses>19066001</misses>
				<total>39</total>
				<timestamp>6666.428179</timestamp>
			</report>
			<report>
				<misses>19067001</misses>
				<total>39</total>
				<timestamp>6666.777780</timestamp>
			</report>
			<report>
				<misses>19068001</misses>
				<total>39</total>
				<timestamp>6667.127421</timestamp>
			</report>
			<report>
				<misses>19069001</misses>
				<total>39</total>
				<timestamp>6667.477139</timestamp>
			</report>
			<report>
				<misses>19070001</misses>
				<total>39</total>
				<timestamp>6667.826734</timestamp>
			</report>
			<report>
				<misses>19071001</misses>
				<total>39</total>
				<timestamp>6668.176381</timestamp>
			</report>
			<report>
				<misses>19072001</misses>
				<total>39</total>
				<timestamp>6668.526072</timestamp>
			</report>
			<report>
				<misses>19073001</misses>
				<total>39</total>
				<timestamp>6668.875681</timestamp>
			</report>
			<report>
				<misses>19074001</misses>
				<total>39</total>
				<timestamp>6669.225331</timestamp>
			</report>
			<report>
				<misses>19075001</misses>
				<total>39</total>
				<timestamp>6669.574993</timestamp>
			</report>
			<report>
				<misses>19076001</misses>
				<total>39</total>
				<timestamp>6669.924642</timestamp>
			</report>
			<report>
				<misses>19077001</misses>
				<total>39</total>
				<timestamp>6670.274293</timestamp>
			</report>
			<report>
				<misses>19078001</misses>
				<total>39</total>
				<timestamp>6670.623927</timestamp>
			</report>
			<report>
				<misses>19079001</misses>
				<total>39</total>
				<timestamp>6670.973599</timestamp>
			</report>
			<report>
				<misses>19080001</misses>
				<total>39</total>
				<timestamp>6671.323327</timestamp>
			</report>
			<report>
				<misses>19081001</misses>
				<total>39</total>
				<timestamp>6671.672899</timestamp>
			</report>
			<report>
				<misses>19082001</misses>
				<total>39</total>
				<timestamp>6672.022555</timestamp>
			</report>
			<report>
				<misses>19083001</misses>
				<total>39</total>
				<timestamp>6672.372195</timestamp>
			</report>
			<report>
				<misses>19084001</misses>
				<total>39</total>
				<timestamp>6672.721841</timestamp>
			</report>
			<report>
				<misses>19085001</misses>
				<total>39</total>
				<timestamp>6673.071498</timestamp>
			</report>
			<report>
				<misses>19086001</misses>
				<total>39</total>
				<timestamp>6673.421233</timestamp>
			</report>
			<report>
				<misses>19087001</misses>
				<total>39</total>
				<timestamp>6673.770775</timestamp>
			</report>
			<report>
				<misses>19088001</misses>
				<total>39</total>
				<timestamp>6674.120461</timestamp>
			</report>
			<report>
				<misses>19089001</misses>
				<total>39</total>
				<timestamp>6674.470139</timestamp>
			</report>
			<report>
				<misses>19090001</misses>
				<total>39</total>
				<timestamp>6674.819743</timestamp>
			</report>
			<report>
				<misses>19091001</misses>
				<total>39</total>
				<timestamp>6675.169453</timestamp>
			</report>
			<report>
				<misses>19092001</misses>
				<total>39</total>
				<timestamp>6675.519052</timestamp>
			</report>
			<report>
				<misses>19093001</misses>
				<total>39</total>
				<timestamp>6675.868680</timestamp>
			</report>
			<report>
				<misses>19094001</misses>
				<total>39</total>
				<timestamp>6676.218344</timestamp>
			</report>
			<report>
				<misses>19095001</misses>
				<total>39</total>
				<timestamp>6676.567995</timestamp>
			</report>
			<report>
				<misses>19096001</misses>
				<total>39</total>
				<timestamp>6676.917635</timestamp>
			</report>
			<report>
				<misses>19097001</misses>
				<total>39</total>
				<timestamp>6677.267284</timestamp>
			</report>
			<report>
				<misses>19098001</misses>
				<total>39</total>
				<timestamp>6677.616938</timestamp>
			</report>
			<report>
				<misses>19099001</misses>
				<total>39</total>
				<timestamp>6677.966580</timestamp>
			</report>
			<report>
				<misses>19100001</misses>
				<total>39</total>
				<timestamp>6678.316233</timestamp>
			</report>
			<report>
				<misses>19101001</misses>
				<total>39</total>
				<timestamp>6678.665900</timestamp>
			</report>
			<report>
				<misses>19102001</misses>
				<total>39</total>
				<timestamp>6679.015538</timestamp>
			</report>
			<report>
				<misses>19103001</misses>
				<total>39</total>
				<timestamp>6679.365202</timestamp>
			</report>
			<report>
				<misses>19104001</misses>
				<total>39</total>
				<timestamp>6679.714832</timestamp>
			</report>
			<report>
				<misses>19105001</misses>
				<total>39</total>
				<timestamp>6680.064484</timestamp>
			</report>
			<report>
				<misses>19106001</misses>
				<total>39</total>
				<timestamp>6680.414156</timestamp>
			</report>
			<report>
				<misses>19107001</misses>
				<total>39</total>
				<timestamp>6680.763783</timestamp>
			</report>
			<report>
				<misses>19108001</misses>
				<total>39</total>
				<timestamp>6681.113438</timestamp>
			</report>
			<report>
				<misses>19109001</misses>
				<total>39</total>
				<timestamp>6681.463159</timestamp>
			</report>
			<report>
				<misses>19110001</misses>
				<total>39</total>
				<timestamp>6681.812725</timestamp>
			</report>
			<report>
				<misses>19111001</misses>
				<total>39</total>
				<timestamp>6682.162383</timestamp>
			</report>
			<report>
				<misses>19112001</misses>
				<total>39</total>
				<timestamp>6682.512054</timestamp>
			</report>
			<report>
				<misses>19113001</misses>
				<total>39</total>
				<timestamp>6682.861690</timestamp>
			</report>
			<report>
				<misses>19114001</misses>
				<total>39</total>
				<timestamp>6683.211388</timestamp>
			</report>
			<report>
				<misses>19115001</misses>
				<total>39</total>
				<timestamp>6683.560995</timestamp>
			</report>
			<report>
				<misses>19116001</misses>
				<total>39</total>
				<timestamp>6683.910622</timestamp>
			</report>
			<report>
				<misses>19117001</misses>
				<total>39</total>
				<timestamp>6684.260317</timestamp>
			</report>
			<report>
				<misses>19118001</misses>
				<total>39</total>
				<timestamp>6684.609963</timestamp>
			</report>
			<report>
				<misses>19119001</misses>
				<total>39</total>
				<timestamp>6684.959585</timestamp>
			</report>
			<report>
				<misses>19120001</misses>
				<total>39</total>
				<timestamp>6685.309246</timestamp>
			</report>
			<report>
				<misses>19121001</misses>
				<total>39</total>
				<timestamp>6685.658892</timestamp>
			</report>
			<report>
				<misses>19122001</misses>
				<total>39</total>
				<timestamp>6686.008574</timestamp>
			</report>
			<report>
				<misses>19123001</misses>
				<total>39</total>
				<timestamp>6686.358189</timestamp>
			</report>
			<report>
				<misses>19124001</misses>
				<total>39</total>
				<timestamp>6686.707835</timestamp>
			</report>
			<report>
				<misses>19125001</misses>
				<total>39</total>
				<timestamp>6687.057470</timestamp>
			</report>
			<report>
				<misses>19126001</misses>
				<total>39</total>
				<timestamp>6687.407142</timestamp>
			</report>
			<report>
				<misses>19127001</misses>
				<total>39</total>
				<timestamp>6687.756771</timestamp>
			</report>
			<report>
				<misses>19128001</misses>
				<total>39</total>
				<timestamp>6688.106431</timestamp>
			</report>
			<report>
				<misses>19129001</misses>
				<total>39</total>
				<timestamp>6688.456096</timestamp>
			</report>
			<report>
				<misses>19130001</misses>
				<total>39</total>
				<timestamp>6688.805745</timestamp>
			</report>
			<report>
				<misses>19131001</misses>
				<total>39</total>
				<timestamp>6689.155407</timestamp>
			</report>
			<report>
				<misses>19132001</misses>
				<total>39</total>
				<timestamp>6689.505071</timestamp>
			</report>
			<report>
				<misses>19133001</misses>
				<total>39</total>
				<timestamp>6689.854691</timestamp>
			</report>
			<report>
				<misses>19134001</misses>
				<total>39</total>
				<timestamp>6690.204370</timestamp>
			</report>
			<report>
				<misses>19135001</misses>
				<total>39</total>
				<timestamp>6690.553979</timestamp>
			</report>
			<report>
				<misses>19136001</misses>
				<total>39</total>
				<timestamp>6690.903625</timestamp>
			</report>
			<report>
				<misses>19137001</misses>
				<total>39</total>
				<timestamp>6691.253293</timestamp>
			</report>
			<report>
				<misses>19138001</misses>
				<total>39</total>
				<timestamp>6691.602940</timestamp>
			</report>
			<report>
				<misses>19139001</misses>
				<total>39</total>
				<timestamp>6691.952580</timestamp>
			</report>
			<report>
				<misses>19140001</misses>
				<total>39</total>
				<timestamp>6692.302233</timestamp>
			</report>
			<report>
				<misses>19141001</misses>
				<total>39</total>
				<timestamp>6692.651871</timestamp>
			</report>
			<report>
				<misses>19142001</misses>
				<total>39</total>
				<timestamp>6693.001531</timestamp>
			</report>
			<report>
				<misses>19143001</misses>
				<total>39</total>
				<timestamp>6693.351197</timestamp>
			</report>
			<report>
				<misses>19144001</misses>
				<total>39</total>
				<timestamp>6693.700828</timestamp>
			</report>
			<report>
				<misses>19145001</misses>
				<total>39</total>
				<timestamp>6694.050476</timestamp>
			</report>
			<report>
				<misses>19146001</misses>
				<total>39</total>
				<timestamp>6694.400203</timestamp>
			</report>
			<report>
				<misses>19147001</misses>
				<total>39</total>
				<timestamp>6694.749790</timestamp>
			</report>
			<report>
				<misses>19148001</misses>
				<total>39</total>
				<timestamp>6695.099446</timestamp>
			</report>
			<report>
				<misses>19149001</misses>
				<total>39</total>
				<timestamp>6695.449140</timestamp>
			</report>
			<report>
				<misses>19150001</misses>
				<total>39</total>
				<timestamp>6695.798724</timestamp>
			</report>
			<report>
				<misses>19151001</misses>
				<total>39</total>
				<timestamp>6696.148374</timestamp>
			</report>
			<report>
				<misses>19152001</misses>
				<total>39</total>
				<timestamp>6696.498037</timestamp>
			</report>
			<report>
				<misses>19153001</misses>
				<total>39</total>
				<timestamp>6696.847697</timestamp>
			</report>
			<report>
				<misses>19154001</misses>
				<total>39</total>
				<timestamp>6697.197354</timestamp>
			</report>
			<report>
				<misses>19155001</misses>
				<total>39</total>
				<timestamp>6697.547025</timestamp>
			</report>
			<report>
				<misses>19156001</misses>
				<total>39</total>
				<timestamp>6697.896641</timestamp>
			</report>
			<report>
				<misses>19157001</misses>
				<total>39</total>
				<timestamp>6698.246282</timestamp>
			</report>
			<report>
				<misses>19158001</misses>
				<total>39</total>
				<timestamp>6698.595936</timestamp>
			</report>
			<report>
				<misses>19159001</misses>
				<total>39</total>
				<timestamp>6698.945609</timestamp>
			</report>
			<report>
				<misses>19160001</misses>
				<total>39</total>
				<timestamp>6699.295264</timestamp>
			</report>
			<report>
				<misses>19161001</misses>
				<total>39</total>
				<timestamp>6699.644891</timestamp>
			</report>
			<report>
				<misses>19162001</misses>
				<total>39</total>
				<timestamp>6699.994525</timestamp>
			</report>
			<report>
				<misses>19163001</misses>
				<total>39</total>
				<timestamp>6700.344195</timestamp>
			</report>
			<report>
				<misses>19164001</misses>
				<total>39</total>
				<timestamp>6700.693855</timestamp>
			</report>
			<report>
				<misses>19165001</misses>
				<total>39</total>
				<timestamp>6701.043535</timestamp>
			</report>
			<report>
				<misses>19166001</misses>
				<total>39</total>
				<timestamp>6701.393125</timestamp>
			</report>
			<report>
				<misses>19167001</misses>
				<total>39</total>
				<timestamp>6701.742790</timestamp>
			</report>
			<report>
				<misses>19168001</misses>
				<total>39</total>
				<timestamp>6702.092462</timestamp>
			</report>
			<report>
				<misses>19169001</misses>
				<total>39</total>
				<timestamp>6702.442116</timestamp>
			</report>
			<report>
				<misses>19170001</misses>
				<total>39</total>
				<timestamp>6702.791722</timestamp>
			</report>
			<report>
				<misses>19171001</misses>
				<total>39</total>
				<timestamp>6703.141397</timestamp>
			</report>
			<report>
				<misses>19172001</misses>
				<total>39</total>
				<timestamp>6703.491075</timestamp>
			</report>
			<report>
				<misses>19173001</misses>
				<total>39</total>
				<timestamp>6703.840689</timestamp>
			</report>
			<report>
				<misses>19174001</misses>
				<total>39</total>
				<timestamp>6704.190337</timestamp>
			</report>
			<report>
				<misses>19175001</misses>
				<total>39</total>
				<timestamp>6704.540020</timestamp>
			</report>
			<report>
				<misses>19176001</misses>
				<total>39</total>
				<timestamp>6704.889651</timestamp>
			</report>
			<report>
				<misses>19177001</misses>
				<total>39</total>
				<timestamp>6705.239335</timestamp>
			</report>
			<report>
				<misses>19178001</misses>
				<total>39</total>
				<timestamp>6705.588986</timestamp>
			</report>
			<report>
				<misses>19179001</misses>
				<total>39</total>
				<timestamp>6705.938614</timestamp>
			</report>
			<report>
				<misses>19180001</misses>
				<total>39</total>
				<timestamp>6706.288276</timestamp>
			</report>
			<report>
				<misses>19181001</misses>
				<total>39</total>
				<timestamp>6706.637936</timestamp>
			</report>
			<report>
				<misses>19182001</misses>
				<total>39</total>
				<timestamp>6706.987543</timestamp>
			</report>
			<report>
				<misses>19183001</misses>
				<total>39</total>
				<timestamp>6707.337202</timestamp>
			</report>
			<report>
				<misses>19184001</misses>
				<total>39</total>
				<timestamp>6707.686831</timestamp>
			</report>
			<report>
				<misses>19185001</misses>
				<total>39</total>
				<timestamp>6708.036499</timestamp>
			</report>
			<report>
				<misses>19186001</misses>
				<total>39</total>
				<timestamp>6708.386156</timestamp>
			</report>
			<report>
				<misses>19187001</misses>
				<total>39</total>
				<timestamp>6708.735789</timestamp>
			</report>
			<report>
				<misses>19188001</misses>
				<total>39</total>
				<timestamp>6709.085456</timestamp>
			</report>
			<report>
				<misses>19189001</misses>
				<total>39</total>
				<timestamp>6709.435097</timestamp>
			</report>
			<report>
				<misses>19190001</misses>
				<total>39</total>
				<timestamp>6709.784768</timestamp>
			</report>
			<report>
				<misses>19191001</misses>
				<total>39</total>
				<timestamp>6710.134377</timestamp>
			</report>
			<report>
				<misses>19192001</misses>
				<total>39</total>
				<timestamp>6710.484052</timestamp>
			</report>
			<report>
				<misses>19193001</misses>
				<total>39</total>
				<timestamp>6710.833691</timestamp>
			</report>
			<report>
				<misses>19194001</misses>
				<total>39</total>
				<timestamp>6711.183351</timestamp>
			</report>
			<report>
				<misses>19195001</misses>
				<total>39</total>
				<timestamp>6711.533021</timestamp>
			</report>
			<report>
				<misses>19196001</misses>
				<total>39</total>
				<timestamp>6711.882623</timestamp>
			</report>
			<report>
				<misses>19197001</misses>
				<total>39</total>
				<timestamp>6712.232298</timestamp>
			</report>
			<report>
				<misses>19198001</misses>
				<total>39</total>
				<timestamp>6712.581943</timestamp>
			</report>
			<report>
				<misses>19199001</misses>
				<total>39</total>
				<timestamp>6712.931590</timestamp>
			</report>
			<report>
				<misses>19200001</misses>
				<total>39</total>
				<timestamp>6713.281245</timestamp>
			</report>
			<report>
				<misses>19201001</misses>
				<total>39</total>
				<timestamp>6713.630913</timestamp>
			</report>
			<report>
				<misses>19202001</misses>
				<total>39</total>
				<timestamp>6713.980537</timestamp>
			</report>
			<report>
				<misses>19203001</misses>
				<total>39</total>
				<timestamp>6714.330218</timestamp>
			</report>
			<report>
				<misses>19204001</misses>
				<total>39</total>
				<timestamp>6714.679871</timestamp>
			</report>
			<report>
				<misses>19205001</misses>
				<total>39</total>
				<timestamp>6715.029516</timestamp>
			</report>
			<report>
				<misses>19206001</misses>
				<total>39</total>
				<timestamp>6715.379147</timestamp>
			</report>
			<report>
				<misses>19207001</misses>
				<total>39</total>
				<timestamp>6715.728797</timestamp>
			</report>
			<report>
				<misses>19208001</misses>
				<total>39</total>
				<timestamp>6716.078428</timestamp>
			</report>
			<report>
				<misses>19209001</misses>
				<total>39</total>
				<timestamp>6716.428089</timestamp>
			</report>
			<report>
				<misses>19210001</misses>
				<total>39</total>
				<timestamp>6716.777732</timestamp>
			</report>
			<report>
				<misses>19211001</misses>
				<total>39</total>
				<timestamp>6717.127385</timestamp>
			</report>
			<report>
				<misses>19212001</misses>
				<total>39</total>
				<timestamp>6717.477046</timestamp>
			</report>
			<report>
				<misses>19213001</misses>
				<total>39</total>
				<timestamp>6717.826676</timestamp>
			</report>
			<report>
				<misses>19214001</misses>
				<total>39</total>
				<timestamp>6718.176336</timestamp>
			</report>
			<report>
				<misses>19215001</misses>
				<total>39</total>
				<timestamp>6718.526002</timestamp>
			</report>
			<report>
				<misses>19216001</misses>
				<total>39</total>
				<timestamp>6718.875639</timestamp>
			</report>
			<report>
				<misses>19217001</misses>
				<total>39</total>
				<timestamp>6719.225300</timestamp>
			</report>
			<report>
				<misses>19218001</misses>
				<total>39</total>
				<timestamp>6719.574931</timestamp>
			</report>
			<report>
				<misses>19219001</misses>
				<total>39</total>
				<timestamp>6719.924590</timestamp>
			</report>
			<report>
				<misses>19220001</misses>
				<total>39</total>
				<timestamp>6720.274241</timestamp>
			</report>
			<report>
				<misses>19221001</misses>
				<total>39</total>
				<timestamp>6720.623880</timestamp>
			</report>
			<report>
				<misses>19222001</misses>
				<total>39</total>
				<timestamp>6720.973535</timestamp>
			</report>
			<report>
				<misses>19223001</misses>
				<total>39</total>
				<timestamp>6721.323196</timestamp>
			</report>
			<report>
				<misses>19224001</misses>
				<total>39</total>
				<timestamp>6721.672881</timestamp>
			</report>
			<report>
				<misses>19225001</misses>
				<total>39</total>
				<timestamp>6722.022469</timestamp>
			</report>
			<report>
				<misses>19226001</misses>
				<total>39</total>
				<timestamp>6722.372154</timestamp>
			</report>
			<report>
				<misses>19227001</misses>
				<total>39</total>
				<timestamp>6722.721813</timestamp>
			</report>
			<report>
				<misses>19228001</misses>
				<total>39</total>
				<timestamp>6723.071428</timestamp>
			</report>
			<report>
				<misses>19229001</misses>
				<total>39</total>
				<timestamp>6723.421132</timestamp>
			</report>
			<report>
				<misses>19230001</misses>
				<total>39</total>
				<timestamp>6723.770738</timestamp>
			</report>
			<report>
				<misses>19231001</misses>
				<total>39</total>
				<timestamp>6724.120397</timestamp>
			</report>
			<report>
				<misses>19232001</misses>
				<total>39</total>
				<timestamp>6724.470038</timestamp>
			</report>
			<report>
				<misses>19233001</misses>
				<total>39</total>
				<timestamp>6724.819676</timestamp>
			</report>
			<report>
				<misses>19234001</misses>
				<total>39</total>
				<timestamp>6725.169331</timestamp>
			</report>
			<report>
				<misses>19235001</misses>
				<total>39</total>
				<timestamp>6725.518983</timestamp>
			</report>
			<report>
				<misses>19236001</misses>
				<total>39</total>
				<timestamp>6725.868646</timestamp>
			</report>
			<report>
				<misses>19237001</misses>
				<total>39</total>
				<timestamp>6726.218293</timestamp>
			</report>
			<report>
				<misses>19238001</misses>
				<total>39</total>
				<timestamp>6726.567979</timestamp>
			</report>
			<report>
				<misses>19239001</misses>
				<total>39</total>
				<timestamp>6726.917597</timestamp>
			</report>
			<report>
				<misses>19240001</misses>
				<total>39</total>
				<timestamp>6727.267245</timestamp>
			</report>
			<report>
				<misses>19241001</misses>
				<total>39</total>
				<timestamp>6727.616920</timestamp>
			</report>
			<report>
				<misses>19242001</misses>
				<total>39</total>
				<timestamp>6727.966534</timestamp>
			</report>
			<report>
				<misses>19243001</misses>
				<total>39</total>
				<timestamp>6728.316179</timestamp>
			</report>
			<report>
				<misses>19244001</misses>
				<total>39</total>
				<timestamp>6728.665855</timestamp>
			</report>
			<report>
				<misses>19245001</misses>
				<total>39</total>
				<timestamp>6729.015473</timestamp>
			</report>
			<report>
				<misses>19246001</misses>
				<total>39</total>
				<timestamp>6729.365158</timestamp>
			</report>
			<report>
				<misses>19247001</misses>
				<total>39</total>
				<timestamp>6729.714809</timestamp>
			</report>
			<report>
				<misses>19248001</misses>
				<total>39</total>
				<timestamp>6730.064427</timestamp>
			</report>
			<report>
				<misses>19249001</misses>
				<total>39</total>
				<timestamp>6730.414147</timestamp>
			</report>
			<report>
				<misses>19250001</misses>
				<total>39</total>
				<timestamp>6730.763750</timestamp>
			</report>
			<report>
				<misses>19251001</misses>
				<total>39</total>
				<timestamp>6731.113386</timestamp>
			</report>
			<report>
				<misses>19252001</misses>
				<total>39</total>
				<timestamp>6731.463057</timestamp>
			</report>
			<report>
				<misses>19253001</misses>
				<total>39</total>
				<timestamp>6731.812705</timestamp>
			</report>
			<report>
				<misses>19254001</misses>
				<total>39</total>
				<timestamp>6732.162370</timestamp>
			</report>
			<report>
				<misses>19255001</misses>
				<total>39</total>
				<timestamp>6732.512026</timestamp>
			</report>
			<report>
				<misses>19256001</misses>
				<total>39</total>
				<timestamp>6732.861651</timestamp>
			</report>
			<report>
				<misses>19257001</misses>
				<total>39</total>
				<timestamp>6733.211281</timestamp>
			</report>
			<report>
				<misses>19258001</misses>
				<total>39</total>
				<timestamp>6733.560931</timestamp>
			</report>
			<report>
				<misses>19259001</misses>
				<total>39</total>
				<timestamp>6733.910610</timestamp>
			</report>
			<report>
				<misses>19260001</misses>
				<total>39</total>
				<timestamp>6734.260238</timestamp>
			</report>
			<report>
				<misses>19261001</misses>
				<total>39</total>
				<timestamp>6734.609899</timestamp>
			</report>
			<report>
				<misses>19262001</misses>
				<total>39</total>
				<timestamp>6734.959532</timestamp>
			</report>
			<report>
				<misses>19263001</misses>
				<total>39</total>
				<timestamp>6735.309198</timestamp>
			</report>
			<report>
				<misses>19264001</misses>
				<total>39</total>
				<timestamp>6735.658914</timestamp>
			</report>
			<report>
				<misses>19265001</misses>
				<total>39</total>
				<timestamp>6736.008500</timestamp>
			</report>
			<report>
				<misses>19266001</misses>
				<total>39</total>
				<timestamp>6736.358150</timestamp>
			</report>
			<report>
				<misses>19267001</misses>
				<total>39</total>
				<timestamp>6736.707794</timestamp>
			</report>
			<report>
				<misses>19268001</misses>
				<total>39</total>
				<timestamp>6737.057433</timestamp>
			</report>
			<report>
				<misses>19269001</misses>
				<total>39</total>
				<timestamp>6737.407102</timestamp>
			</report>
			<report>
				<misses>19270001</misses>
				<total>39</total>
				<timestamp>6737.756786</timestamp>
			</report>
			<report>
				<misses>19271001</misses>
				<total>39</total>
				<timestamp>6738.106386</timestamp>
			</report>
			<report>
				<misses>19272001</misses>
				<total>39</total>
				<timestamp>6738.456045</timestamp>
			</report>
			<report>
				<misses>19273001</misses>
				<total>39</total>
				<timestamp>6738.805729</timestamp>
			</report>
			<report>
				<misses>19274001</misses>
				<total>39</total>
				<timestamp>6739.155341</timestamp>
			</report>
			<report>
				<misses>19275001</misses>
				<total>39</total>
				<timestamp>6739.505015</timestamp>
			</report>
			<report>
				<misses>19276001</misses>
				<total>39</total>
				<timestamp>6739.854703</timestamp>
			</report>
			<report>
				<misses>19277001</misses>
				<total>39</total>
				<timestamp>6740.204279</timestamp>
			</report>
			<report>
				<misses>19278001</misses>
				<total>39</total>
				<timestamp>6740.553938</timestamp>
			</report>
			<report>
				<misses>19279001</misses>
				<total>39</total>
				<timestamp>6740.903598</timestamp>
			</report>
			<report>
				<misses>19280001</misses>
				<total>39</total>
				<timestamp>6741.253223</timestamp>
			</report>
			<report>
				<misses>19281001</misses>
				<total>39</total>
				<timestamp>6741.602892</timestamp>
			</report>
			<report>
				<misses>19282001</misses>
				<total>39</total>
				<timestamp>6741.952545</timestamp>
			</report>
			<report>
				<misses>19283001</misses>
				<total>39</total>
				<timestamp>6742.302189</timestamp>
			</report>
			<report>
				<misses>19284001</misses>
				<total>39</total>
				<timestamp>6742.651834</timestamp>
			</report>
			<report>
				<misses>19285001</misses>
				<total>39</total>
				<timestamp>6743.001480</timestamp>
			</report>
			<report>
				<misses>19286001</misses>
				<total>39</total>
				<timestamp>6743.351165</timestamp>
			</report>
			<report>
				<misses>19287001</misses>
				<total>39</total>
				<timestamp>6743.700809</timestamp>
			</report>
			<report>
				<misses>19288001</misses>
				<total>39</total>
				<timestamp>6744.050436</timestamp>
			</report>
			<report>
				<misses>19289001</misses>
				<total>39</total>
				<timestamp>6744.400082</timestamp>
			</report>
			<report>
				<misses>19290001</misses>
				<total>39</total>
				<timestamp>6744.749806</timestamp>
			</report>
			<report>
				<misses>19291001</misses>
				<total>39</total>
				<timestamp>6745.099421</timestamp>
			</report>
			<report>
				<misses>19292001</misses>
				<total>39</total>
				<timestamp>6745.449061</timestamp>
			</report>
			<report>
				<misses>19293001</misses>
				<total>39</total>
				<timestamp>6745.798687</timestamp>
			</report>
			<report>
				<misses>19294001</misses>
				<total>39</total>
				<timestamp>6746.148349</timestamp>
			</report>
			<report>
				<misses>19295001</misses>
				<total>39</total>
				<timestamp>6746.497978</timestamp>
			</report>
			<report>
				<misses>19296001</misses>
				<total>39</total>
				<timestamp>6746.847629</timestamp>
			</report>
			<report>
				<misses>19297001</misses>
				<total>39</total>
				<timestamp>6747.197275</timestamp>
			</report>
			<report>
				<misses>19298001</misses>
				<total>39</total>
				<timestamp>6747.546933</timestamp>
			</report>
			<report>
				<misses>19299001</misses>
				<total>39</total>
				<timestamp>6747.896612</timestamp>
			</report>
			<report>
				<misses>19300001</misses>
				<total>39</total>
				<timestamp>6748.246276</timestamp>
			</report>
			<report>
				<misses>19301001</misses>
				<total>39</total>
				<timestamp>6748.595907</timestamp>
			</report>
			<report>
				<misses>19302001</misses>
				<total>39</total>
				<timestamp>6748.945543</timestamp>
			</report>
			<report>
				<misses>19303001</misses>
				<total>39</total>
				<timestamp>6749.295220</timestamp>
			</report>
			<report>
				<misses>19304001</misses>
				<total>39</total>
				<timestamp>6749.644834</timestamp>
			</report>
			<report>
				<misses>19305001</misses>
				<total>39</total>
				<timestamp>6749.994502</timestamp>
			</report>
			<report>
				<misses>19306001</misses>
				<total>39</total>
				<timestamp>6750.344165</timestamp>
			</report>
			<report>
				<misses>19307001</misses>
				<total>39</total>
				<timestamp>6750.693823</timestamp>
			</report>
			<report>
				<misses>19308001</misses>
				<total>39</total>
				<timestamp>6751.043440</timestamp>
			</report>
			<report>
				<misses>19309001</misses>
				<total>39</total>
				<timestamp>6751.393098</timestamp>
			</report>
			<report>
				<misses>19310001</misses>
				<total>39</total>
				<timestamp>6751.742730</timestamp>
			</report>
			<report>
				<misses>19311001</misses>
				<total>39</total>
				<timestamp>6752.092436</timestamp>
			</report>
			<report>
				<misses>19312001</misses>
				<total>39</total>
				<timestamp>6752.442039</timestamp>
			</report>
			<report>
				<misses>19313001</misses>
				<total>39</total>
				<timestamp>6752.791679</timestamp>
			</report>
			<report>
				<misses>19314001</misses>
				<total>39</total>
				<timestamp>6753.141330</timestamp>
			</report>
			<report>
				<misses>19315001</misses>
				<total>39</total>
				<timestamp>6753.491013</timestamp>
			</report>
			<report>
				<misses>19316001</misses>
				<total>39</total>
				<timestamp>6753.840674</timestamp>
			</report>
			<report>
				<misses>19317001</misses>
				<total>39</total>
				<timestamp>6754.190295</timestamp>
			</report>
			<report>
				<misses>19318001</misses>
				<total>39</total>
				<timestamp>6754.539935</timestamp>
			</report>
			<report>
				<misses>19319001</misses>
				<total>39</total>
				<timestamp>6754.889630</timestamp>
			</report>
			<report>
				<misses>19320001</misses>
				<total>39</total>
				<timestamp>6755.239255</timestamp>
			</report>
			<report>
				<misses>19321001</misses>
				<total>39</total>
				<timestamp>6755.588885</timestamp>
			</report>
			<report>
				<misses>19322001</misses>
				<total>39</total>
				<timestamp>6755.938570</timestamp>
			</report>
			<report>
				<misses>19323001</misses>
				<total>39</total>
				<timestamp>6756.288199</timestamp>
			</report>
			<report>
				<misses>19324001</misses>
				<total>39</total>
				<timestamp>6756.637835</timestamp>
			</report>
			<report>
				<misses>19325001</misses>
				<total>39</total>
				<timestamp>6756.987503</timestamp>
			</report>
			<report>
				<misses>19326001</misses>
				<total>39</total>
				<timestamp>6757.337190</timestamp>
			</report>
			<report>
				<misses>19327001</misses>
				<total>39</total>
				<timestamp>6757.686789</timestamp>
			</report>
			<report>
				<misses>19328001</misses>
				<total>39</total>
				<timestamp>6758.036444</timestamp>
			</report>
			<report>
				<misses>19329001</misses>
				<total>39</total>
				<timestamp>6758.386123</timestamp>
			</report>
			<report>
				<misses>19330001</misses>
				<total>39</total>
				<timestamp>6758.735765</timestamp>
			</report>
			<report>
				<misses>19331001</misses>
				<total>39</total>
				<timestamp>6759.085401</timestamp>
			</report>
			<report>
				<misses>19332001</misses>
				<total>39</total>
				<timestamp>6759.435049</timestamp>
			</report>
			<report>
				<misses>19333001</misses>
				<total>39</total>
				<timestamp>6759.784708</timestamp>
			</report>
			<report>
				<misses>19334001</misses>
				<total>39</total>
				<timestamp>6760.134331</timestamp>
			</report>
			<report>
				<misses>19335001</misses>
				<total>39</total>
				<timestamp>6760.484026</timestamp>
			</report>
			<report>
				<misses>19336001</misses>
				<total>39</total>
				<timestamp>6760.833644</timestamp>
			</report>
			<report>
				<misses>19337001</misses>
				<total>39</total>
				<timestamp>6761.183290</timestamp>
			</report>
			<report>
				<misses>19338001</misses>
				<total>39</total>
				<timestamp>6761.532944</timestamp>
			</report>
			<report>
				<misses>19339001</misses>
				<total>39</total>
				<timestamp>6761.882626</timestamp>
			</report>
			<report>
				<misses>19340001</misses>
				<total>39</total>
				<timestamp>6762.232242</timestamp>
			</report>
			<report>
				<misses>19341001</misses>
				<total>39</total>
				<timestamp>6762.581899</timestamp>
			</report>
			<report>
				<misses>19342001</misses>
				<total>39</total>
				<timestamp>6762.931607</timestamp>
			</report>
			<report>
				<misses>19343001</misses>
				<total>39</total>
				<timestamp>6763.281201</timestamp>
			</report>
			<report>
				<misses>19344001</misses>
				<total>39</total>
				<timestamp>6763.630826</timestamp>
			</report>
			<report>
				<misses>19345001</misses>
				<total>39</total>
				<timestamp>6763.980486</timestamp>
			</report>
			<report>
				<misses>19346001</misses>
				<total>39</total>
				<timestamp>6764.330153</timestamp>
			</report>
			<report>
				<misses>19347001</misses>
				<total>39</total>
				<timestamp>6764.679788</timestamp>
			</report>
			<report>
				<misses>19348001</misses>
				<total>39</total>
				<timestamp>6765.029453</timestamp>
			</report>
			<report>
				<misses>19349001</misses>
				<total>39</total>
				<timestamp>6765.379112</timestamp>
			</report>
			<report>
				<misses>19350001</misses>
				<total>39</total>
				<timestamp>6765.728736</timestamp>
			</report>
			<report>
				<misses>19351001</misses>
				<total>39</total>
				<timestamp>6766.078443</timestamp>
			</report>
			<report>
				<misses>19352001</misses>
				<total>39</total>
				<timestamp>6766.428062</timestamp>
			</report>
			<report>
				<misses>19353001</misses>
				<total>39</total>
				<timestamp>6766.777712</timestamp>
			</report>
			<report>
				<misses>19354001</misses>
				<total>39</total>
				<timestamp>6767.127347</timestamp>
			</report>
			<report>
				<misses>19355001</misses>
				<total>39</total>
				<timestamp>6767.476992</timestamp>
			</report>
			<report>
				<misses>19356001</misses>
				<total>39</total>
				<timestamp>6767.826646</timestamp>
			</report>
			<report>
				<misses>19357001</misses>
				<total>39</total>
				<timestamp>6768.176286</timestamp>
			</report>
			<report>
				<misses>19358001</misses>
				<total>39</total>
				<timestamp>6768.525930</timestamp>
			</report>
			<report>
				<misses>19359001</misses>
				<total>39</total>
				<timestamp>6768.875600</timestamp>
			</report>
			<report>
				<misses>19360001</misses>
				<total>39</total>
				<timestamp>6769.225240</timestamp>
			</report>
			<report>
				<misses>19361001</misses>
				<total>39</total>
				<timestamp>6769.574902</timestamp>
			</report>
			<report>
				<misses>19362001</misses>
				<total>39</total>
				<timestamp>6769.924599</timestamp>
			</report>
			<report>
				<misses>19363001</misses>
				<total>39</total>
				<timestamp>6770.274183</timestamp>
			</report>
			<report>
				<misses>19364001</misses>
				<total>39</total>
				<timestamp>6770.623851</timestamp>
			</report>
			<report>
				<misses>19365001</misses>
				<total>39</total>
				<timestamp>6770.973572</timestamp>
			</report>
			<report>
				<misses>19366001</misses>
				<total>39</total>
				<timestamp>6771.323149</timestamp>
			</report>
			<report>
				<misses>19367001</misses>
				<total>39</total>
				<timestamp>6771.672784</timestamp>
			</report>
			<report>
				<misses>19368001</misses>
				<total>39</total>
				<timestamp>6772.022452</timestamp>
			</report>
			<report>
				<misses>19369001</misses>
				<total>39</total>
				<timestamp>6772.372166</timestamp>
			</report>
			<report>
				<misses>19370001</misses>
				<total>39</total>
				<timestamp>6772.721733</timestamp>
			</report>
			<report>
				<misses>19371001</misses>
				<total>39</total>
				<timestamp>6773.071403</timestamp>
			</report>
			<report>
				<misses>19372001</misses>
				<total>39</total>
				<timestamp>6773.421080</timestamp>
			</report>
			<report>
				<misses>19373001</misses>
				<total>39</total>
				<timestamp>6773.770723</timestamp>
			</report>
			<report>
				<misses>19374001</misses>
				<total>39</total>
				<timestamp>6774.120337</timestamp>
			</report>
			<report>
				<misses>19375001</misses>
				<total>39</total>
				<timestamp>6774.470002</timestamp>
			</report>
			<report>
				<misses>19376001</misses>
				<total>39</total>
				<timestamp>6774.819673</timestamp>
			</report>
			<report>
				<misses>19377001</misses>
				<total>39</total>
				<timestamp>6775.169275</timestamp>
			</report>
			<report>
				<misses>19378001</misses>
				<total>39</total>
				<timestamp>6775.518940</timestamp>
			</report>
			<report>
				<misses>19379001</misses>
				<total>39</total>
				<timestamp>6775.868613</timestamp>
			</report>
			<report>
				<misses>19380001</misses>
				<total>39</total>
				<timestamp>6776.218258</timestamp>
			</report>
			<report>
				<misses>19381001</misses>
				<total>39</total>
				<timestamp>6776.567897</timestamp>
			</report>
			<report>
				<misses>19382001</misses>
				<total>39</total>
				<timestamp>6776.917535</timestamp>
			</report>
			<report>
				<misses>19383001</misses>
				<total>39</total>
				<timestamp>6777.267187</timestamp>
			</report>
			<report>
				<misses>19384001</misses>
				<total>39</total>
				<timestamp>6777.616874</timestamp>
			</report>
			<report>
				<misses>19385001</misses>
				<total>39</total>
				<timestamp>6777.966540</timestamp>
			</report>
			<report>
				<misses>19386001</misses>
				<total>39</total>
				<timestamp>6778.316137</timestamp>
			</report>
			<report>
				<misses>19387001</misses>
				<total>39</total>
				<timestamp>6778.665783</timestamp>
			</report>
			<report>
				<misses>19388001</misses>
				<total>39</total>
				<timestamp>6779.015489</timestamp>
			</report>
			<report>
				<misses>19389001</misses>
				<total>39</total>
				<timestamp>6779.365098</timestamp>
			</report>
			<report>
				<misses>19390001</misses>
				<total>39</total>
				<timestamp>6779.714727</timestamp>
			</report>
			<report>
				<misses>19391001</misses>
				<total>39</total>
				<timestamp>6780.064405</timestamp>
			</report>
			<report>
				<misses>19392001</misses>
				<total>39</total>
				<timestamp>6780.414049</timestamp>
			</report>
			<report>
				<misses>19393001</misses>
				<total>39</total>
				<timestamp>6780.763702</timestamp>
			</report>
			<report>
				<misses>19394001</misses>
				<total>39</total>
				<timestamp>6781.113336</timestamp>
			</report>
			<report>
				<misses>19395001</misses>
				<total>39</total>
				<timestamp>6781.462982</timestamp>
			</report>
			<report>
				<misses>19396001</misses>
				<total>39</total>
				<timestamp>6781.812653</timestamp>
			</report>
			<report>
				<misses>19397001</misses>
				<total>39</total>
				<timestamp>6782.162280</timestamp>
			</report>
			<report>
				<misses>19398001</misses>
				<total>39</total>
				<timestamp>6782.511928</timestamp>
			</report>
			<report>
				<misses>19399001</misses>
				<total>39</total>
				<timestamp>6782.861631</timestamp>
			</report>
			<report>
				<misses>19400001</misses>
				<total>39</total>
				<timestamp>6783.211234</timestamp>
			</report>
			<report>
				<misses>19401001</misses>
				<total>39</total>
				<timestamp>6783.560925</timestamp>
			</report>
			<report>
				<misses>19402001</misses>
				<total>39</total>
				<timestamp>6783.910576</timestamp>
			</report>
			<report>
				<misses>19403001</misses>
				<total>39</total>
				<timestamp>6784.260212</timestamp>
			</report>
			<report>
				<misses>19404001</misses>
				<total>39</total>
				<timestamp>6784.609874</timestamp>
			</report>
			<report>
				<misses>19405001</misses>
				<total>39</total>
				<timestamp>6784.959498</timestamp>
			</report>
			<report>
				<misses>19406001</misses>
				<total>39</total>
				<timestamp>6785.309116</timestamp>
			</report>
			<report>
				<misses>19407001</misses>
				<total>39</total>
				<timestamp>6785.658803</timestamp>
			</report>
			<report>
				<misses>19408001</misses>
				<total>39</total>
				<timestamp>6786.008507</timestamp>
			</report>
			<report>
				<misses>19409001</misses>
				<total>39</total>
				<timestamp>6786.358104</timestamp>
			</report>
			<report>
				<misses>19410001</misses>
				<total>39</total>
				<timestamp>6786.707763</timestamp>
			</report>
			<report>
				<misses>19411001</misses>
				<total>39</total>
				<timestamp>6787.057393</timestamp>
			</report>
			<report>
				<misses>19412001</misses>
				<total>39</total>
				<timestamp>6787.407070</timestamp>
			</report>
			<report>
				<misses>19413001</misses>
				<total>39</total>
				<timestamp>6787.756691</timestamp>
			</report>
			<report>
				<misses>19414001</misses>
				<total>39</total>
				<timestamp>6788.106344</timestamp>
			</report>
			<report>
				<misses>19415001</misses>
				<total>39</total>
				<timestamp>6788.455981</timestamp>
			</report>
			<report>
				<misses>19416001</misses>
				<total>39</total>
				<timestamp>6788.805659</timestamp>
			</report>
			<report>
				<misses>19417001</misses>
				<total>39</total>
				<timestamp>6789.155317</timestamp>
			</report>
			<report>
				<misses>19418001</misses>
				<total>39</total>
				<timestamp>6789.504948</timestamp>
			</report>
			<report>
				<misses>19419001</misses>
				<total>39</total>
				<timestamp>6789.854580</timestamp>
			</report>
			<report>
				<misses>19420001</misses>
				<total>39</total>
				<timestamp>6790.204260</timestamp>
			</report>
			<report>
				<misses>19421001</misses>
				<total>39</total>
				<timestamp>6790.553920</timestamp>
			</report>
			<report>
				<misses>19422001</misses>
				<total>39</total>
				<timestamp>6790.903544</timestamp>
			</report>
			<report>
				<misses>19423001</misses>
				<total>39</total>
				<timestamp>6791.253200</timestamp>
			</report>
			<report>
				<misses>19424001</misses>
				<total>39</total>
				<timestamp>6791.602830</timestamp>
			</report>
			<report>
				<misses>19425001</misses>
				<total>39</total>
				<timestamp>6791.952502</timestamp>
			</report>
			<report>
				<misses>19426001</misses>
				<total>39</total>
				<timestamp>6792.302137</timestamp>
			</report>
			<report>
				<misses>19427001</misses>
				<total>39</total>
				<timestamp>6792.651796</timestamp>
			</report>
			<report>
				<misses>19428001</misses>
				<total>39</total>
				<timestamp>6793.001425</timestamp>
			</report>
			<report>
				<misses>19429001</misses>
				<total>39</total>
				<timestamp>6793.351122</timestamp>
			</report>
			<report>
				<misses>19430001</misses>
				<total>39</total>
				<timestamp>6793.700752</timestamp>
			</report>
			<report>
				<misses>19431001</misses>
				<total>39</total>
				<timestamp>6794.050391</timestamp>
			</report>
			<report>
				<misses>19432001</misses>
				<total>39</total>
				<timestamp>6794.400024</timestamp>
			</report>
			<report>
				<misses>19433001</misses>
				<total>39</total>
				<timestamp>6794.749728</timestamp>
			</report>
			<report>
				<misses>19434001</misses>
				<total>39</total>
				<timestamp>6795.099411</timestamp>
			</report>
			<report>
				<misses>19435001</misses>
				<total>39</total>
				<timestamp>6795.448978</timestamp>
			</report>
			<report>
				<misses>19436001</misses>
				<total>39</total>
				<timestamp>6795.798655</timestamp>
			</report>
			<report>
				<misses>19437001</misses>
				<total>39</total>
				<timestamp>6796.148288</timestamp>
			</report>
			<report>
				<misses>19438001</misses>
				<total>39</total>
				<timestamp>6796.497936</timestamp>
			</report>
			<report>
				<misses>19439001</misses>
				<total>39</total>
				<timestamp>6796.847586</timestamp>
			</report>
			<report>
				<misses>19440001</misses>
				<total>39</total>
				<timestamp>6797.197244</timestamp>
			</report>
			<report>
				<misses>19441001</misses>
				<total>39</total>
				<timestamp>6797.546909</timestamp>
			</report>
			<report>
				<misses>19442001</misses>
				<total>39</total>
				<timestamp>6797.896545</timestamp>
			</report>
			<report>
				<misses>19443001</misses>
				<total>39</total>
				<timestamp>6798.246212</timestamp>
			</report>
			<report>
				<misses>19444001</misses>
				<total>39</total>
				<timestamp>6798.595840</timestamp>
			</report>
			<report>
				<misses>19445001</misses>
				<total>39</total>
				<timestamp>6798.945509</timestamp>
			</report>
			<report>
				<misses>19446001</misses>
				<total>39</total>
				<timestamp>6799.295146</timestamp>
			</report>
			<report>
				<misses>19447001</misses>
				<total>39</total>
				<timestamp>6799.644830</timestamp>
			</report>
			<report>
				<misses>19448001</misses>
				<total>39</total>
				<timestamp>6799.994444</timestamp>
			</report>
			<report>
				<misses>19449001</misses>
				<total>39</total>
				<timestamp>6800.344136</timestamp>
			</report>
			<report>
				<misses>19450001</misses>
				<total>39</total>
				<timestamp>6800.693731</timestamp>
			</report>
			<report>
				<misses>19451001</misses>
				<total>39</total>
				<timestamp>6801.043411</timestamp>
			</report>
			<report>
				<misses>19452001</misses>
				<total>39</total>
				<timestamp>6801.393040</timestamp>
			</report>
			<report>
				<misses>19453001</misses>
				<total>39</total>
				<timestamp>6801.742721</timestamp>
			</report>
			<report>
				<misses>19454001</misses>
				<total>39</total>
				<timestamp>6802.092392</timestamp>
			</report>
			<report>
				<misses>19455001</misses>
				<total>39</total>
				<timestamp>6802.442010</timestamp>
			</report>
			<report>
				<misses>19456001</misses>
				<total>39</total>
				<timestamp>6802.791638</timestamp>
			</report>
			<report>
				<misses>19457001</misses>
				<total>39</total>
				<timestamp>6803.141314</timestamp>
			</report>
			<report>
				<misses>19458001</misses>
				<total>39</total>
				<timestamp>6803.490935</timestamp>
			</report>
			<report>
				<misses>19459001</misses>
				<total>39</total>
				<timestamp>6803.840580</timestamp>
			</report>
			<report>
				<misses>19460001</misses>
				<total>39</total>
				<timestamp>6804.190233</timestamp>
			</report>
			<report>
				<misses>19461001</misses>
				<total>39</total>
				<timestamp>6804.539886</timestamp>
			</report>
			<report>
				<misses>19462001</misses>
				<total>39</total>
				<timestamp>6804.889544</timestamp>
			</report>
			<report>
				<misses>19463001</misses>
				<total>39</total>
				<timestamp>6805.239224</timestamp>
			</report>
			<report>
				<misses>19464001</misses>
				<total>39</total>
				<timestamp>6805.588864</timestamp>
			</report>
			<report>
				<misses>19465001</misses>
				<total>39</total>
				<timestamp>6805.938497</timestamp>
			</report>
			<report>
				<misses>19466001</misses>
				<total>39</total>
				<timestamp>6806.288148</timestamp>
			</report>
			<report>
				<misses>19467001</misses>
				<total>39</total>
				<timestamp>6806.637786</timestamp>
			</report>
			<report>
				<misses>19468001</misses>
				<total>39</total>
				<timestamp>6806.987488</timestamp>
			</report>
			<report>
				<misses>19469001</misses>
				<total>39</total>
				<timestamp>6807.337099</timestamp>
			</report>
			<report>
				<misses>19470001</misses>
				<total>39</total>
				<timestamp>6807.686742</timestamp>
			</report>
			<report>
				<misses>19471001</misses>
				<total>39</total>
				<timestamp>6808.036424</timestamp>
			</report>
			<report>
				<misses>19472001</misses>
				<total>39</total>
				<timestamp>6808.386038</timestamp>
			</report>
			<report>
				<misses>19473001</misses>
				<total>39</total>
				<timestamp>6808.735687</timestamp>
			</report>
			<report>
				<misses>19474001</misses>
				<total>39</total>
				<timestamp>6809.085369</timestamp>
			</report>
			<report>
				<misses>19475001</misses>
				<total>39</total>
				<timestamp>6809.435024</timestamp>
			</report>
			<report>
				<misses>19476001</misses>
				<total>39</total>
				<timestamp>6809.784668</timestamp>
			</report>
			<report>
				<misses>19477001</misses>
				<total>39</total>
				<timestamp>6810.134351</timestamp>
			</report>
			<report>
				<misses>19478001</misses>
				<total>39</total>
				<timestamp>6810.483959</timestamp>
			</report>
			<report>
				<misses>19479001</misses>
				<total>39</total>
				<timestamp>6810.833605</timestamp>
			</report>
			<report>
				<misses>19480001</misses>
				<total>39</total>
				<timestamp>6811.183305</timestamp>
			</report>
			<report>
				<misses>19481001</misses>
				<total>39</total>
				<timestamp>6811.532885</timestamp>
			</report>
			<report>
				<misses>19482001</misses>
				<total>39</total>
				<timestamp>6811.882544</timestamp>
			</report>
			<report>
				<misses>19483001</misses>
				<total>39</total>
				<timestamp>6812.232203</timestamp>
			</report>
			<report>
				<misses>19484001</misses>
				<total>39</total>
				<timestamp>6812.581840</timestamp>
			</report>
			<report>
				<misses>19485001</misses>
				<total>39</total>
				<timestamp>6812.931481</timestamp>
			</report>
			<report>
				<misses>19486001</misses>
				<total>39</total>
				<timestamp>6813.281139</timestamp>
			</report>
			<report>
				<misses>19487001</misses>
				<total>39</total>
				<timestamp>6813.630790</timestamp>
			</report>
			<report>
				<misses>19488001</misses>
				<total>39</total>
				<timestamp>6813.980426</timestamp>
			</report>
			<report>
				<misses>19489001</misses>
				<total>39</total>
				<timestamp>6814.330096</timestamp>
			</report>
			<report>
				<misses>19490001</misses>
				<total>39</total>
				<timestamp>6814.679744</timestamp>
			</report>
			<report>
				<misses>19491001</misses>
				<total>39</total>
				<timestamp>6815.029401</timestamp>
			</report>
			<report>
				<misses>19492001</misses>
				<total>39</total>
				<timestamp>6815.379053</timestamp>
			</report>
			<report>
				<misses>19493001</misses>
				<total>39</total>
				<timestamp>6815.728703</timestamp>
			</report>
			<report>
				<misses>19494001</misses>
				<total>39</total>
				<timestamp>6816.078347</timestamp>
			</report>
			<report>
				<misses>19495001</misses>
				<total>39</total>
				<timestamp>6816.427992</timestamp>
			</report>
			<report>
				<misses>19496001</misses>
				<total>39</total>
				<timestamp>6816.777630</timestamp>
			</report>
			<report>
				<misses>19497001</misses>
				<total>39</total>
				<timestamp>6817.127322</timestamp>
			</report>
			<report>
				<misses>19498001</misses>
				<total>39</total>
				<timestamp>6817.476944</timestamp>
			</report>
			<report>
				<misses>19499001</misses>
				<total>39</total>
				<timestamp>6817.826635</timestamp>
			</report>
			<report>
				<misses>19500001</misses>
				<total>39</total>
				<timestamp>6818.176312</timestamp>
			</report>
			<report>
				<misses>19501001</misses>
				<total>39</total>
				<timestamp>6818.525881</timestamp>
			</report>
			<report>
				<misses>19502001</misses>
				<total>39</total>
				<timestamp>6818.875530</timestamp>
			</report>
			<report>
				<misses>19503001</misses>
				<total>39</total>
				<timestamp>6819.225219</timestamp>
			</report>
			<report>
				<misses>19504001</misses>
				<total>39</total>
				<timestamp>6819.574836</timestamp>
			</report>
			<report>
				<misses>19505001</misses>
				<total>39</total>
				<timestamp>6819.924483</timestamp>
			</report>
			<report>
				<misses>19506001</misses>
				<total>39</total>
				<timestamp>6820.274145</timestamp>
			</report>
			<report>
				<misses>19507001</misses>
				<total>39</total>
				<timestamp>6820.623830</timestamp>
			</report>
			<report>
				<misses>19508001</misses>
				<total>39</total>
				<timestamp>6820.973465</timestamp>
			</report>
			<report>
				<misses>19509001</misses>
				<total>39</total>
				<timestamp>6821.323103</timestamp>
			</report>
			<report>
				<misses>19510001</misses>
				<total>39</total>
				<timestamp>6821.672726</timestamp>
			</report>
			<report>
				<misses>19511001</misses>
				<total>39</total>
				<timestamp>6822.022383</timestamp>
			</report>
			<report>
				<misses>19512001</misses>
				<total>39</total>
				<timestamp>6822.372025</timestamp>
			</report>
			<report>
				<misses>19513001</misses>
				<total>39</total>
				<timestamp>6822.721675</timestamp>
			</report>
			<report>
				<misses>19514001</misses>
				<total>39</total>
				<timestamp>6823.071346</timestamp>
			</report>
			<report>
				<misses>19515001</misses>
				<total>39</total>
				<timestamp>6823.420994</timestamp>
			</report>
			<report>
				<misses>19516001</misses>
				<total>39</total>
				<timestamp>6823.770651</timestamp>
			</report>
			<report>
				<misses>19517001</misses>
				<total>39</total>
				<timestamp>6824.120319</timestamp>
			</report>
			<report>
				<misses>19518001</misses>
				<total>39</total>
				<timestamp>6824.469940</timestamp>
			</report>
			<report>
				<misses>19519001</misses>
				<total>39</total>
				<timestamp>6824.819621</timestamp>
			</report>
			<report>
				<misses>19520001</misses>
				<total>39</total>
				<timestamp>6825.169276</timestamp>
			</report>
			<report>
				<misses>19521001</misses>
				<total>39</total>
				<timestamp>6825.518934</timestamp>
			</report>
			<report>
				<misses>19522001</misses>
				<total>39</total>
				<timestamp>6825.868524</timestamp>
			</report>
			<report>
				<misses>19523001</misses>
				<total>39</total>
				<timestamp>6826.218234</timestamp>
			</report>
			<report>
				<misses>19524001</misses>
				<total>39</total>
				<timestamp>6826.567823</timestamp>
			</report>
			<report>
				<misses>19525001</misses>
				<total>39</total>
				<timestamp>6826.917496</timestamp>
			</report>
			<report>
				<misses>19526001</misses>
				<total>39</total>
				<timestamp>6827.267204</timestamp>
			</report>
			<report>
				<misses>19527001</misses>
				<total>39</total>
				<timestamp>6827.616788</timestamp>
			</report>
			<report>
				<misses>19528001</misses>
				<total>39</total>
				<timestamp>6827.966422</timestamp>
			</report>
			<report>
				<misses>19529001</misses>
				<total>39</total>
				<timestamp>6828.316097</timestamp>
			</report>
			<report>
				<misses>19530001</misses>
				<total>39</total>
				<timestamp>6828.665735</timestamp>
			</report>
			<report>
				<misses>19531001</misses>
				<total>39</total>
				<timestamp>6829.015386</timestamp>
			</report>
			<report>
				<misses>19532001</misses>
				<total>39</total>
				<timestamp>6829.365040</timestamp>
			</report>
			<report>
				<misses>19533001</misses>
				<total>39</total>
				<timestamp>6829.714717</timestamp>
			</report>
			<report>
				<misses>19534001</misses>
				<total>39</total>
				<timestamp>6830.064340</timestamp>
			</report>
			<report>
				<misses>19535001</misses>
				<total>39</total>
				<timestamp>6830.413995</timestamp>
			</report>
			<report>
				<misses>19536001</misses>
				<total>39</total>
				<timestamp>6830.763647</timestamp>
			</report>
			<report>
				<misses>19537001</misses>
				<total>39</total>
				<timestamp>6831.113323</timestamp>
			</report>
			<report>
				<misses>19538001</misses>
				<total>39</total>
				<timestamp>6831.462933</timestamp>
			</report>
			<report>
				<misses>19539001</misses>
				<total>39</total>
				<timestamp>6831.812577</timestamp>
			</report>
			<report>
				<misses>19540001</misses>
				<total>39</total>
				<timestamp>6832.162237</timestamp>
			</report>
			<report>
				<misses>19541001</misses>
				<total>39</total>
				<timestamp>6832.511889</timestamp>
			</report>
			<report>
				<misses>19542001</misses>
				<total>39</total>
				<timestamp>6832.861554</timestamp>
			</report>
			<report>
				<misses>19543001</misses>
				<total>39</total>
				<timestamp>6833.211222</timestamp>
			</report>
			<report>
				<misses>19544001</misses>
				<total>39</total>
				<timestamp>6833.560829</timestamp>
			</report>
			<report>
				<misses>19545001</misses>
				<total>39</total>
				<timestamp>6833.910478</timestamp>
			</report>
			<report>
				<misses>19546001</misses>
				<total>39</total>
				<timestamp>6834.260173</timestamp>
			</report>
			<report>
				<misses>19547001</misses>
				<total>39</total>
				<timestamp>6834.609790</timestamp>
			</report>
			<report>
				<misses>19548001</misses>
				<total>39</total>
				<timestamp>6834.959432</timestamp>
			</report>
			<report>
				<misses>19549001</misses>
				<total>39</total>
				<timestamp>6835.309104</timestamp>
			</report>
			<report>
				<misses>19550001</misses>
				<total>39</total>
				<timestamp>6835.658741</timestamp>
			</report>
			<report>
				<misses>19551001</misses>
				<total>39</total>
				<timestamp>6836.008401</timestamp>
			</report>
			<report>
				<misses>19552001</misses>
				<total>39</total>
				<timestamp>6836.358041</timestamp>
			</report>
			<report>
				<misses>19553001</misses>
				<total>39</total>
				<timestamp>6836.707689</timestamp>
			</report>
			<report>
				<misses>19554001</misses>
				<total>39</total>
				<timestamp>6837.057329</timestamp>
			</report>
			<report>
				<misses>19555001</misses>
				<total>39</total>
				<timestamp>6837.406988</timestamp>
			</report>
			<report>
				<misses>19556001</misses>
				<total>39</total>
				<timestamp>6837.756688</timestamp>
			</report>
			<report>
				<misses>19557001</misses>
				<total>39</total>
				<timestamp>6838.106279</timestamp>
			</report>
			<report>
				<misses>19558001</misses>
				<total>39</total>
				<timestamp>6838.455932</timestamp>
			</report>
			<report>
				<misses>19559001</misses>
				<total>39</total>
				<timestamp>6838.805599</timestamp>
			</report>
			<report>
				<misses>19560001</misses>
				<total>39</total>
				<timestamp>6839.155251</timestamp>
			</report>
			<report>
				<misses>19561001</misses>
				<total>39</total>
				<timestamp>6839.504945</timestamp>
			</report>
			<report>
				<misses>19562001</misses>
				<total>39</total>
				<timestamp>6839.854535</timestamp>
			</report>
			<report>
				<misses>19563001</misses>
				<total>39</total>
				<timestamp>6840.204226</timestamp>
			</report>
			<report>
				<misses>19564001</misses>
				<total>39</total>
				<timestamp>6840.553882</timestamp>
			</report>
			<report>
				<misses>19565001</misses>
				<total>39</total>
				<timestamp>6840.903482</timestamp>
			</report>
			<report>
				<misses>19566001</misses>
				<total>39</total>
				<timestamp>6841.253193</timestamp>
			</report>
			<report>
				<misses>19567001</misses>
				<total>39</total>
				<timestamp>6841.602799</timestamp>
			</report>
			<report>
				<misses>19568001</misses>
				<total>39</total>
				<timestamp>6841.952427</timestamp>
			</report>
			<report>
				<misses>19569001</misses>
				<total>39</total>
				<timestamp>6842.302141</timestamp>
			</report>
			<report>
				<misses>19570001</misses>
				<total>39</total>
				<timestamp>6842.651738</timestamp>
			</report>
			<report>
				<misses>19571001</misses>
				<total>39</total>
				<timestamp>6843.001378</timestamp>
			</report>
			<report>
				<misses>19572001</misses>
				<total>39</total>
				<timestamp>6843.351107</timestamp>
			</report>
			<report>
				<misses>19573001</misses>
				<total>39</total>
				<timestamp>6843.700676</timestamp>
			</report>
			<report>
				<misses>19574001</misses>
				<total>39</total>
				<timestamp>6844.050328</timestamp>
			</report>
			<report>
				<misses>19575001</misses>
				<total>39</total>
				<timestamp>6844.399982</timestamp>
			</report>
			<report>
				<misses>19576001</misses>
				<total>39</total>
				<timestamp>6844.749689</timestamp>
			</report>
			<report>
				<misses>19577001</misses>
				<total>39</total>
				<timestamp>6845.099283</timestamp>
			</report>
			<report>
				<misses>19578001</misses>
				<total>39</total>
				<timestamp>6845.448928</timestamp>
			</report>
			<report>
				<misses>19579001</misses>
				<total>39</total>
				<timestamp>6845.798609</timestamp>
			</report>
			<report>
				<misses>19580001</misses>
				<total>39</total>
				<timestamp>6846.148265</timestamp>
			</report>
			<report>
				<misses>19581001</misses>
				<total>39</total>
				<timestamp>6846.497877</timestamp>
			</report>
			<report>
				<misses>19582001</misses>
				<total>39</total>
				<timestamp>6846.847526</timestamp>
			</report>
			<report>
				<misses>19583001</misses>
				<total>39</total>
				<timestamp>6847.197194</timestamp>
			</report>
			<report>
				<misses>19584001</misses>
				<total>39</total>
				<timestamp>6847.546827</timestamp>
			</report>
			<report>
				<misses>19585001</misses>
				<total>39</total>
				<timestamp>6847.896484</timestamp>
			</report>
			<report>
				<misses>19586001</misses>
				<total>39</total>
				<timestamp>6848.246164</timestamp>
			</report>
			<report>
				<misses>19587001</misses>
				<total>39</total>
				<timestamp>6848.595806</timestamp>
			</report>
			<report>
				<misses>19588001</misses>
				<total>39</total>
				<timestamp>6848.945444</timestamp>
			</report>
			<report>
				<misses>19589001</misses>
				<total>39</total>
				<timestamp>6849.295123</timestamp>
			</report>
			<report>
				<misses>19590001</misses>
				<total>39</total>
				<timestamp>6849.644722</timestamp>
			</report>
			<report>
				<misses>19591001</misses>
				<total>39</total>
				<timestamp>6849.994385</timestamp>
			</report>
			<report>
				<misses>19592001</misses>
				<total>39</total>
				<timestamp>6850.344086</timestamp>
			</report>
			<report>
				<misses>19593001</misses>
				<total>39</total>
				<timestamp>6850.693734</timestamp>
			</report>
			<report>
				<misses>19594001</misses>
				<total>39</total>
				<timestamp>6851.043331</timestamp>
			</report>
			<report>
				<misses>19595001</misses>
				<total>39</total>
				<timestamp>6851.393006</timestamp>
			</report>
			<report>
				<misses>19596001</misses>
				<total>39</total>
				<timestamp>6851.742616</timestamp>
			</report>
			<report>
				<misses>19597001</misses>
				<total>39</total>
				<timestamp>6852.092332</timestamp>
			</report>
			<report>
				<misses>19598001</misses>
				<total>39</total>
				<timestamp>6852.441939</timestamp>
			</report>
			<report>
				<misses>19599001</misses>
				<total>39</total>
				<timestamp>6852.791600</timestamp>
			</report>
			<report>
				<misses>19600001</misses>
				<total>39</total>
				<timestamp>6853.141229</timestamp>
			</report>
			<report>
				<misses>19601001</misses>
				<total>39</total>
				<timestamp>6853.490880</timestamp>
			</report>
			<report>
				<misses>19602001</misses>
				<total>39</total>
				<timestamp>6853.840521</timestamp>
			</report>
			<report>
				<misses>19603001</misses>
				<total>39</total>
				<timestamp>6854.190194</timestamp>
			</report>
			<report>
				<misses>19604001</misses>
				<total>39</total>
				<timestamp>6854.539829</timestamp>
			</report>
			<report>
				<misses>19605001</misses>
				<total>39</total>
				<timestamp>6854.889525</timestamp>
			</report>
			<report>
				<misses>19606001</misses>
				<total>39</total>
				<timestamp>6855.239146</timestamp>
			</report>
			<report>
				<misses>19607001</misses>
				<total>39</total>
				<timestamp>6855.588817</timestamp>
			</report>
			<report>
				<misses>19608001</misses>
				<total>39</total>
				<timestamp>6855.938429</timestamp>
			</report>
			<report>
				<misses>19609001</misses>
				<total>39</total>
				<timestamp>6856.288127</timestamp>
			</report>
			<report>
				<misses>19610001</misses>
				<total>39</total>
				<timestamp>6856.637721</timestamp>
			</report>
			<report>
				<misses>19611001</misses>
				<total>39</total>
				<timestamp>6856.987382</timestamp>
			</report>
			<report>
				<misses>19612001</misses>
				<total>39</total>
				<timestamp>6857.337070</timestamp>
			</report>
			<report>
				<misses>19613001</misses>
				<total>39</total>
				<timestamp>6857.686692</timestamp>
			</report>
			<report>
				<misses>19614001</misses>
				<total>39</total>
				<timestamp>6858.036332</timestamp>
			</report>
			<report>
				<misses>19615001</misses>
				<total>39</total>
				<timestamp>6858.386071</timestamp>
			</report>
			<report>
				<misses>19616001</misses>
				<total>39</total>
				<timestamp>6858.735706</timestamp>
			</report>
			<report>
				<misses>19617001</misses>
				<total>39</total>
				<timestamp>6859.085286</timestamp>
			</report>
			<report>
				<misses>19618001</misses>
				<total>39</total>
				<timestamp>6859.434958</timestamp>
			</report>
			<report>
				<misses>19619001</misses>
				<total>39</total>
				<timestamp>6859.784618</timestamp>
			</report>
			<report>
				<misses>19620001</misses>
				<total>39</total>
				<timestamp>6860.134249</timestamp>
			</report>
			<report>
				<misses>19621001</misses>
				<total>39</total>
				<timestamp>6860.483920</timestamp>
			</report>
			<report>
				<misses>19622001</misses>
				<total>39</total>
				<timestamp>6860.833538</timestamp>
			</report>
			<report>
				<misses>19623001</misses>
				<total>39</total>
				<timestamp>6861.183203</timestamp>
			</report>
			<report>
				<misses>19624001</misses>
				<total>39</total>
				<timestamp>6861.532845</timestamp>
			</report>
			<report>
				<misses>19625001</misses>
				<total>39</total>
				<timestamp>6861.882494</timestamp>
			</report>
			<report>
				<misses>19626001</misses>
				<total>39</total>
				<timestamp>6862.232152</timestamp>
			</report>
			<report>
				<misses>19627001</misses>
				<total>39</total>
				<timestamp>6862.581820</timestamp>
			</report>
			<report>
				<misses>19628001</misses>
				<total>39</total>
				<timestamp>6862.931434</timestamp>
			</report>
			<report>
				<misses>19629001</misses>
				<total>39</total>
				<timestamp>6863.281130</timestamp>
			</report>
			<report>
				<misses>19630001</misses>
				<total>39</total>
				<timestamp>6863.630732</timestamp>
			</report>
			<report>
				<misses>19631001</misses>
				<total>39</total>
				<timestamp>6863.980408</timestamp>
			</report>
			<report>
				<misses>19632001</misses>
				<total>39</total>
				<timestamp>6864.330069</timestamp>
			</report>
			<report>
				<misses>19633001</misses>
				<total>39</total>
				<timestamp>6864.679686</timestamp>
			</report>
			<report>
				<misses>19634001</misses>
				<total>39</total>
				<timestamp>6865.029343</timestamp>
			</report>
			<report>
				<misses>19635001</misses>
				<total>39</total>
				<timestamp>6865.379044</timestamp>
			</report>
			<report>
				<misses>19636001</misses>
				<total>39</total>
				<timestamp>6865.728648</timestamp>
			</report>
			<report>
				<misses>19637001</misses>
				<total>39</total>
				<timestamp>6866.078284</timestamp>
			</report>
			<report>
				<misses>19638001</misses>
				<total>39</total>
				<timestamp>6866.427971</timestamp>
			</report>
			<report>
				<misses>19639001</misses>
				<total>39</total>
				<timestamp>6866.777571</timestamp>
			</report>
			<report>
				<misses>19640001</misses>
				<total>39</total>
				<timestamp>6867.127235</timestamp>
			</report>
			<report>
				<misses>19641001</misses>
				<total>39</total>
				<timestamp>6867.476921</timestamp>
			</report>
			<report>
				<misses>19642001</misses>
				<total>39</total>
				<timestamp>6867.826542</timestamp>
			</report>
			<report>
				<misses>19643001</misses>
				<total>39</total>
				<timestamp>6868.176174</timestamp>
			</report>
			<report>
				<misses>19644001</misses>
				<total>39</total>
				<timestamp>6868.525857</timestamp>
			</report>
			<report>
				<misses>19645001</misses>
				<total>39</total>
				<timestamp>6868.875499</timestamp>
			</report>
			<report>
				<misses>19646001</misses>
				<total>39</total>
				<timestamp>6869.225154</timestamp>
			</report>
			<report>
				<misses>19647001</misses>
				<total>39</total>
				<timestamp>6869.574780</timestamp>
			</report>
			<report>
				<misses>19648001</misses>
				<total>39</total>
				<timestamp>6869.924454</timestamp>
			</report>
			<report>
				<misses>19649001</misses>
				<total>39</total>
				<timestamp>6870.274104</timestamp>
			</report>
			<report>
				<misses>19650001</misses>
				<total>39</total>
				<timestamp>6870.623758</timestamp>
			</report>
			<report>
				<misses>19651001</misses>
				<total>39</total>
				<timestamp>6870.973381</timestamp>
			</report>
			<report>
				<misses>19652001</misses>
				<total>39</total>
				<timestamp>6871.323075</timestamp>
			</report>
			<report>
				<misses>19653001</misses>
				<total>39</total>
				<timestamp>6871.672710</timestamp>
			</report>
			<report>
				<misses>19654001</misses>
				<total>39</total>
				<timestamp>6872.022356</timestamp>
			</report>
			<report>
				<misses>19655001</misses>
				<total>39</total>
				<timestamp>6872.372000</timestamp>
			</report>
			<report>
				<misses>19656001</misses>
				<total>39</total>
				<timestamp>6872.721657</timestamp>
			</report>
			<report>
				<misses>19657001</misses>
				<total>39</total>
				<timestamp>6873.071288</timestamp>
			</report>
			<report>
				<misses>19658001</misses>
				<total>39</total>
				<timestamp>6873.420958</timestamp>
			</report>
			<report>
				<misses>19659001</misses>
				<total>39</total>
				<timestamp>6873.770608</timestamp>
			</report>
			<report>
				<misses>19660001</misses>
				<total>39</total>
				<timestamp>6874.120264</timestamp>
			</report>
			<report>
				<misses>19661001</misses>
				<total>39</total>
				<timestamp>6874.469929</timestamp>
			</report>
			<report>
				<misses>19662001</misses>
				<total>39</total>
				<timestamp>6874.819564</timestamp>
			</report>
			<report>
				<misses>19663001</misses>
				<total>39</total>
				<timestamp>6875.169202</timestamp>
			</report>
			<report>
				<misses>19664001</misses>
				<total>39</total>
				<timestamp>6875.518910</timestamp>
			</report>
			<report>
				<misses>19665001</misses>
				<total>39</total>
				<timestamp>6875.868502</timestamp>
			</report>
			<report>
				<misses>19666001</misses>
				<total>39</total>
				<timestamp>6876.218148</timestamp>
			</report>
			<report>
				<misses>19667001</misses>
				<total>39</total>
				<timestamp>6876.567833</timestamp>
			</report>
			<report>
				<misses>19668001</misses>
				<total>39</total>
				<timestamp>6876.917470</timestamp>
			</report>
			<report>
				<misses>19669001</misses>
				<total>39</total>
				<timestamp>6877.267111</timestamp>
			</report>
			<report>
				<misses>19670001</misses>
				<total>39</total>
				<timestamp>6877.616766</timestamp>
			</report>
			<report>
				<misses>19671001</misses>
				<total>39</total>
				<timestamp>6877.966395</timestamp>
			</report>
			<report>
				<misses>19672001</misses>
				<total>39</total>
				<timestamp>6878.316040</timestamp>
			</report>
			<report>
				<misses>19673001</misses>
				<total>39</total>
				<timestamp>6878.665683</timestamp>
			</report>
			<report>
				<misses>19674001</misses>
				<total>39</total>
				<timestamp>6879.015338</timestamp>
			</report>
			<report>
				<misses>19675001</misses>
				<total>39</total>
				<timestamp>6879.365001</timestamp>
			</report>
			<report>
				<misses>19676001</misses>
				<total>39</total>
				<timestamp>6879.714646</timestamp>
			</report>
			<report>
				<misses>19677001</misses>
				<total>39</total>
				<timestamp>6880.064294</timestamp>
			</report>
			<report>
				<misses>19678001</misses>
				<total>39</total>
				<timestamp>6880.413967</timestamp>
			</report>
			<report>
				<misses>19679001</misses>
				<total>39</total>
				<timestamp>6880.763581</timestamp>
			</report>
			<report>
				<misses>19680001</misses>
				<total>39</total>
				<timestamp>6881.113252</timestamp>
			</report>
			<report>
				<misses>19681001</misses>
				<total>39</total>
				<timestamp>6881.462915</timestamp>
			</report>
			<report>
				<misses>19682001</misses>
				<total>39</total>
				<timestamp>6881.812573</timestamp>
			</report>
			<report>
				<misses>19683001</misses>
				<total>39</total>
				<timestamp>6882.162195</timestamp>
			</report>
			<report>
				<misses>19684001</misses>
				<total>39</total>
				<timestamp>6882.511894</timestamp>
			</report>
			<report>
				<misses>19685001</misses>
				<total>39</total>
				<timestamp>6882.861543</timestamp>
			</report>
			<report>
				<misses>19686001</misses>
				<total>39</total>
				<timestamp>6883.211157</timestamp>
			</report>
			<report>
				<misses>19687001</misses>
				<total>39</total>
				<timestamp>6883.560815</timestamp>
			</report>
			<report>
				<misses>19688001</misses>
				<total>39</total>
				<timestamp>6883.910430</timestamp>
			</report>
			<report>
				<misses>19689001</misses>
				<total>39</total>
				<timestamp>6884.260106</timestamp>
			</report>
			<report>
				<misses>19690001</misses>
				<total>39</total>
				<timestamp>6884.609737</timestamp>
			</report>
			<report>
				<misses>19691001</misses>
				<total>39</total>
				<timestamp>6884.959380</timestamp>
			</report>
			<report>
				<misses>19692001</misses>
				<total>39</total>
				<timestamp>6885.309028</timestamp>
			</report>
			<report>
				<misses>19693001</misses>
				<total>39</total>
				<timestamp>6885.658673</timestamp>
			</report>
			<report>
				<misses>19694001</misses>
				<total>39</total>
				<timestamp>6886.008329</timestamp>
			</report>
			<report>
				<misses>19695001</misses>
				<total>39</total>
				<timestamp>6886.357987</timestamp>
			</report>
			<report>
				<misses>19696001</misses>
				<total>39</total>
				<timestamp>6886.707628</timestamp>
			</report>
			<report>
				<misses>19697001</misses>
				<total>39</total>
				<timestamp>6887.057278</timestamp>
			</report>
			<report>
				<misses>19698001</misses>
				<total>39</total>
				<timestamp>6887.406965</timestamp>
			</report>
			<report>
				<misses>19699001</misses>
				<total>39</total>
				<timestamp>6887.756582</timestamp>
			</report>
			<report>
				<misses>19700001</misses>
				<total>39</total>
				<timestamp>6888.106259</timestamp>
			</report>
			<report>
				<misses>19701001</misses>
				<total>39</total>
				<timestamp>6888.455976</timestamp>
			</report>
			<report>
				<misses>19702001</misses>
				<total>39</total>
				<timestamp>6888.805519</timestamp>
			</report>
			<report>
				<misses>19703001</misses>
				<total>39</total>
				<timestamp>6889.155195</timestamp>
			</report>
			<report>
				<misses>19704001</misses>
				<total>39</total>
				<timestamp>6889.504888</timestamp>
			</report>
			<report>
				<misses>19705001</misses>
				<total>39</total>
				<timestamp>6889.854491</timestamp>
			</report>
			<report>
				<misses>19706001</misses>
				<total>39</total>
				<timestamp>6890.204154</timestamp>
			</report>
			<report>
				<misses>19707001</misses>
				<total>39</total>
				<timestamp>6890.553819</timestamp>
			</report>
			<report>
				<misses>19708001</misses>
				<total>39</total>
				<timestamp>6890.903468</timestamp>
			</report>
			<report>
				<misses>19709001</misses>
				<total>39</total>
				<timestamp>6891.253149</timestamp>
			</report>
			<report>
				<misses>19710001</misses>
				<total>39</total>
				<timestamp>6891.602753</timestamp>
			</report>
			<report>
				<misses>19711001</misses>
				<total>39</total>
				<timestamp>6891.952422</timestamp>
			</report>
			<report>
				<misses>19712001</misses>
				<total>39</total>
				<timestamp>6892.302041</timestamp>
			</report>
			<report>
				<misses>19713001</misses>
				<total>39</total>
				<timestamp>6892.651731</timestamp>
			</report>
			<report>
				<misses>19714001</misses>
				<total>39</total>
				<timestamp>6893.001354</timestamp>
			</report>
			<report>
				<misses>19715001</misses>
				<total>39</total>
				<timestamp>6893.350990</timestamp>
			</report>
			<report>
				<misses>19716001</misses>
				<total>39</total>
				<timestamp>6893.700654</timestamp>
			</report>
			<report>
				<misses>19717001</misses>
				<total>39</total>
				<timestamp>6894.050282</timestamp>
			</report>
			<report>
				<misses>19718001</misses>
				<total>39</total>
				<timestamp>6894.399930</timestamp>
			</report>
			<report>
				<misses>19719001</misses>
				<total>39</total>
				<timestamp>6894.749588</timestamp>
			</report>
			<report>
				<misses>19720001</misses>
				<total>39</total>
				<timestamp>6895.099227</timestamp>
			</report>
			<report>
				<misses>19721001</misses>
				<total>39</total>
				<timestamp>6895.448961</timestamp>
			</report>
			<report>
				<misses>19722001</misses>
				<total>39</total>
				<timestamp>6895.798537</timestamp>
			</report>
			<report>
				<misses>19723001</misses>
				<total>39</total>
				<timestamp>6896.148195</timestamp>
			</report>
			<report>
				<misses>19724001</misses>
				<total>39</total>
				<timestamp>6896.497887</timestamp>
			</report>
			<report>
				<misses>19725001</misses>
				<total>39</total>
				<timestamp>6896.847501</timestamp>
			</report>
			<report>
				<misses>19726001</misses>
				<total>39</total>
				<timestamp>6897.197141</timestamp>
			</report>
			<report>
				<misses>19727001</misses>
				<total>39</total>
				<timestamp>6897.546846</timestamp>
			</report>
			<report>
				<misses>19728001</misses>
				<total>39</total>
				<timestamp>6897.896427</timestamp>
			</report>
			<report>
				<misses>19729001</misses>
				<total>39</total>
				<timestamp>6898.246100</timestamp>
			</report>
			<report>
				<misses>19730001</misses>
				<total>39</total>
				<timestamp>6898.595776</timestamp>
			</report>
			<report>
				<misses>19731001</misses>
				<total>39</total>
				<timestamp>6898.945400</timestamp>
			</report>
			<report>
				<misses>19732001</misses>
				<total>39</total>
				<timestamp>6899.295048</timestamp>
			</report>
			<report>
				<misses>19733001</misses>
				<total>39</total>
				<timestamp>6899.644698</timestamp>
			</report>
			<report>
				<misses>19734001</misses>
				<total>39</total>
				<timestamp>6899.994345</timestamp>
			</report>
			<report>
				<misses>19735001</misses>
				<total>39</total>
				<timestamp>6900.343980</timestamp>
			</report>
			<report>
				<misses>19736001</misses>
				<total>39</total>
				<timestamp>6900.693660</timestamp>
			</report>
			<report>
				<misses>19737001</misses>
				<total>39</total>
				<timestamp>6901.043280</timestamp>
			</report>
			<report>
				<misses>19738001</misses>
				<total>39</total>
				<timestamp>6901.392931</timestamp>
			</report>
			<report>
				<misses>19739001</misses>
				<total>39</total>
				<timestamp>6901.742596</timestamp>
			</report>
			<report>
				<misses>19740001</misses>
				<total>39</total>
				<timestamp>6902.092283</timestamp>
			</report>
			<report>
				<misses>19741001</misses>
				<total>39</total>
				<timestamp>6902.441979</timestamp>
			</report>
			<report>
				<misses>19742001</misses>
				<total>39</total>
				<timestamp>6902.791540</timestamp>
			</report>
			<report>
				<misses>19743001</misses>
				<total>39</total>
				<timestamp>6903.141180</timestamp>
			</report>
			<report>
				<misses>19744001</misses>
				<total>39</total>
				<timestamp>6903.490893</timestamp>
			</report>
			<report>
				<misses>19745001</misses>
				<total>39</total>
				<timestamp>6903.840492</timestamp>
			</report>
			<report>
				<misses>19746001</misses>
				<total>39</total>
				<timestamp>6904.190143</timestamp>
			</report>
			<report>
				<misses>19747001</misses>
				<total>39</total>
				<timestamp>6904.539790</timestamp>
			</report>
			<report>
				<misses>19748001</misses>
				<total>39</total>
				<timestamp>6904.889483</timestamp>
			</report>
			<report>
				<misses>19749001</misses>
				<total>39</total>
				<timestamp>6905.239092</timestamp>
			</report>
			<report>
				<misses>19750001</misses>
				<total>39</total>
				<timestamp>6905.588806</timestamp>
			</report>
			<report>
				<misses>19751001</misses>
				<total>39</total>
				<timestamp>6905.938384</timestamp>
			</report>
			<report>
				<misses>19752001</misses>
				<total>39</total>
				<timestamp>6906.288049</timestamp>
			</report>
			<report>
				<misses>19753001</misses>
				<total>39</total>
				<timestamp>6906.637693</timestamp>
			</report>
			<report>
				<misses>19754001</misses>
				<total>39</total>
				<timestamp>6906.987333</timestamp>
			</report>
			<report>
				<misses>19755001</misses>
				<total>39</total>
				<timestamp>6907.336981</timestamp>
			</report>
			<report>
				<misses>19756001</misses>
				<total>39</total>
				<timestamp>6907.686678</timestamp>
			</report>
			<report>
				<misses>19757001</misses>
				<total>39</total>
				<timestamp>6908.036282</timestamp>
			</report>
			<report>
				<misses>19758001</misses>
				<total>39</total>
				<timestamp>6908.385925</timestamp>
			</report>
			<report>
				<misses>19759001</misses>
				<total>39</total>
				<timestamp>6908.735590</timestamp>
			</report>
			<report>
				<misses>19760001</misses>
				<total>39</total>
				<timestamp>6909.085224</timestamp>
			</report>
			<report>
				<misses>19761001</misses>
				<total>39</total>
				<timestamp>6909.434889</timestamp>
			</report>
			<report>
				<misses>19762001</misses>
				<total>39</total>
				<timestamp>6909.784534</timestamp>
			</report>
			<report>
				<misses>19763001</misses>
				<total>39</total>
				<timestamp>6910.134199</timestamp>
			</report>
			<report>
				<misses>19764001</misses>
				<total>39</total>
				<timestamp>6910.483865</timestamp>
			</report>
			<report>
				<misses>19765001</misses>
				<total>39</total>
				<timestamp>6910.833512</timestamp>
			</report>
			<report>
				<misses>19766001</misses>
				<total>39</total>
				<timestamp>6911.183136</timestamp>
			</report>
			<report>
				<misses>19767001</misses>
				<total>39</total>
				<timestamp>6911.532804</timestamp>
			</report>
			<report>
				<misses>19768001</misses>
				<total>39</total>
				<timestamp>6911.882463</timestamp>
			</report>
			<report>
				<misses>19769001</misses>
				<total>39</total>
				<timestamp>6912.232098</timestamp>
			</report>
			<report>
				<misses>19770001</misses>
				<total>39</total>
				<timestamp>6912.581770</timestamp>
			</report>
			<report>
				<misses>19771001</misses>
				<total>39</total>
				<timestamp>6912.931417</timestamp>
			</report>
			<report>
				<misses>19772001</misses>
				<total>39</total>
				<timestamp>6913.281050</timestamp>
			</report>
			<report>
				<misses>19773001</misses>
				<total>39</total>
				<timestamp>6913.630698</timestamp>
			</report>
			<report>
				<misses>19774001</misses>
				<total>39</total>
				<timestamp>6913.980335</timestamp>
			</report>
			<report>
				<misses>19775001</misses>
				<total>39</total>
				<timestamp>6914.329994</timestamp>
			</report>
			<report>
				<misses>19776001</misses>
				<total>39</total>
				<timestamp>6914.679709</timestamp>
			</report>
			<report>
				<misses>19777001</misses>
				<total>39</total>
				<timestamp>6915.029319</timestamp>
			</report>
			<report>
				<misses>19778001</misses>
				<total>39</total>
				<timestamp>6915.378938</timestamp>
			</report>
			<report>
				<misses>19779001</misses>
				<total>39</total>
				<timestamp>6915.728630</timestamp>
			</report>
			<report>
				<misses>19780001</misses>
				<total>39</total>
				<timestamp>6916.078242</timestamp>
			</report>
			<report>
				<misses>19781001</misses>
				<total>39</total>
				<timestamp>6916.427897</timestamp>
			</report>
			<report>
				<misses>19782001</misses>
				<total>39</total>
				<timestamp>6916.777603</timestamp>
			</report>
			<report>
				<misses>19783001</misses>
				<total>39</total>
				<timestamp>6917.127233</timestamp>
			</report>
			<report>
				<misses>19784001</misses>
				<total>39</total>
				<timestamp>6917.476859</timestamp>
			</report>
			<report>
				<misses>19785001</misses>
				<total>39</total>
				<timestamp>6917.826484</timestamp>
			</report>
			<report>
				<misses>19786001</misses>
				<total>39</total>
				<timestamp>6918.176147</timestamp>
			</report>
			<report>
				<misses>19787001</misses>
				<total>39</total>
				<timestamp>6918.525815</timestamp>
			</report>
			<report>
				<misses>19788001</misses>
				<total>39</total>
				<timestamp>6918.875449</timestamp>
			</report>
			<report>
				<misses>19789001</misses>
				<total>39</total>
				<timestamp>6919.225087</timestamp>
			</report>
			<report>
				<misses>19790001</misses>
				<total>39</total>
				<timestamp>6919.574772</timestamp>
			</report>
			<report>
				<misses>19791001</misses>
				<total>40</total>
				<timestamp>6919.924386</timestamp>
			</report>
			<report>
				<misses>19792001</misses>
				<total>40</total>
				<timestamp>6920.274074</timestamp>
			</report>
			<report>
				<misses>19793001</misses>
				<total>40</total>
				<timestamp>6920.623676</timestamp>
			</report>
			<report>
				<misses>19794001</misses>
				<total>40</total>
				<timestamp>6920.973386</timestamp>
			</report>
			<report>
				<misses>19795001</misses>
				<total>40</total>
				<timestamp>6921.322992</timestamp>
			</report>
			<report>
				<misses>19796001</misses>
				<total>40</total>
				<timestamp>6921.672632</timestamp>
			</report>
			<report>
				<misses>19797001</misses>
				<total>40</total>
				<timestamp>6922.022283</timestamp>
			</report>
			<report>
				<misses>19798001</misses>
				<total>40</total>
				<timestamp>6922.371967</timestamp>
			</report>
			<report>
				<misses>19799001</misses>
				<total>40</total>
				<timestamp>6922.721650</timestamp>
			</report>
			<report>
				<misses>19800001</misses>
				<total>40</total>
				<timestamp>6923.071245</timestamp>
			</report>
			<report>
				<misses>19801001</misses>
				<total>40</total>
				<timestamp>6923.420877</timestamp>
			</report>
			<report>
				<misses>19802001</misses>
				<total>40</total>
				<timestamp>6923.770574</timestamp>
			</report>
			<report>
				<misses>19803001</misses>
				<total>40</total>
				<timestamp>6924.120205</timestamp>
			</report>
			<report>
				<misses>19804001</misses>
				<total>40</total>
				<timestamp>6924.469830</timestamp>
			</report>
			<report>
				<misses>19805001</misses>
				<total>40</total>
				<timestamp>6924.819497</timestamp>
			</report>
			<report>
				<misses>19806001</misses>
				<total>40</total>
				<timestamp>6925.169169</timestamp>
			</report>
			<report>
				<misses>19807001</misses>
				<total>40</total>
				<timestamp>6925.518793</timestamp>
			</report>
			<report>
				<misses>19808001</misses>
				<total>40</total>
				<timestamp>6925.868445</timestamp>
			</report>
			<report>
				<misses>19809001</misses>
				<total>40</total>
				<timestamp>6926.218112</timestamp>
			</report>
			<report>
				<misses>19810001</misses>
				<total>40</total>
				<timestamp>6926.567785</timestamp>
			</report>
			<report>
				<misses>19811001</misses>
				<total>40</total>
				<timestamp>6926.917420</timestamp>
			</report>
			<report>
				<misses>19812001</misses>
				<total>40</total>
				<timestamp>6927.267040</timestamp>
			</report>
			<report>
				<misses>19813001</misses>
				<total>40</total>
				<timestamp>6927.616722</timestamp>
			</report>
			<report>
				<misses>19814001</misses>
				<total>40</total>
				<timestamp>6927.966351</timestamp>
			</report>
			<report>
				<misses>19815001</misses>
				<total>40</total>
				<timestamp>6928.315987</timestamp>
			</report>
			<report>
				<misses>19816001</misses>
				<total>40</total>
				<timestamp>6928.665638</timestamp>
			</report>
			<report>
				<misses>19817001</misses>
				<total>40</total>
				<timestamp>6929.015271</timestamp>
			</report>
			<report>
				<misses>19818001</misses>
				<total>40</total>
				<timestamp>6929.364966</timestamp>
			</report>
			<report>
				<misses>19819001</misses>
				<total>40</total>
				<timestamp>6929.714611</timestamp>
			</report>
			<report>
				<misses>19820001</misses>
				<total>40</total>
				<timestamp>6930.064235</timestamp>
			</report>
			<report>
				<misses>19821001</misses>
				<total>40</total>
				<timestamp>6930.413921</timestamp>
			</report>
			<report>
				<misses>19822001</misses>
				<total>40</total>
				<timestamp>6930.763579</timestamp>
			</report>
			<report>
				<misses>19823001</misses>
				<total>40</total>
				<timestamp>6931.113205</timestamp>
			</report>
			<report>
				<misses>19824001</misses>
				<total>40</total>
				<timestamp>6931.462865</timestamp>
			</report>
			<report>
				<misses>19825001</misses>
				<total>40</total>
				<timestamp>6931.812497</timestamp>
			</report>
			<report>
				<misses>19826001</misses>
				<total>40</total>
				<timestamp>6932.162140</timestamp>
			</report>
			<report>
				<misses>19827001</misses>
				<total>40</total>
				<timestamp>6932.511819</timestamp>
			</report>
			<report>
				<misses>19828001</misses>
				<total>40</total>
				<timestamp>6932.861453</timestamp>
			</report>
			<report>
				<misses>19829001</misses>
				<total>40</total>
				<timestamp>6933.211114</timestamp>
			</report>
			<report>
				<misses>19830001</misses>
				<total>40</total>
				<timestamp>6933.560751</timestamp>
			</report>
			<report>
				<misses>19831001</misses>
				<total>40</total>
				<timestamp>6933.910407</timestamp>
			</report>
			<report>
				<misses>19832001</misses>
				<total>40</total>
				<timestamp>6934.260060</timestamp>
			</report>
			<report>
				<misses>19833001</misses>
				<total>40</total>
				<timestamp>6934.609685</timestamp>
			</report>
			<report>
				<misses>19834001</misses>
				<total>40</total>
				<timestamp>6934.959346</timestamp>
			</report>
			<report>
				<misses>19835001</misses>
				<total>40</total>
				<timestamp>6935.308969</timestamp>
			</report>
			<report>
				<misses>19836001</misses>
				<total>40</total>
				<timestamp>6935.658700</timestamp>
			</report>
			<report>
				<misses>19837001</misses>
				<total>40</total>
				<timestamp>6936.008278</timestamp>
			</report>
			<report>
				<misses>19838001</misses>
				<total>40</total>
				<timestamp>6936.357925</timestamp>
			</report>
			<report>
				<misses>19839001</misses>
				<total>40</total>
				<timestamp>6936.707578</timestamp>
			</report>
			<report>
				<misses>19840001</misses>
				<total>40</total>
				<timestamp>6937.057237</timestamp>
			</report>
			<report>
				<misses>19841001</misses>
				<total>40</total>
				<timestamp>6937.406878</timestamp>
			</report>
			<report>
				<misses>19842001</misses>
				<total>40</total>
				<timestamp>6937.756548</timestamp>
			</report>
			<report>
				<misses>19843001</misses>
				<total>40</total>
				<timestamp>6938.106217</timestamp>
			</report>
			<report>
				<misses>19844001</misses>
				<total>40</total>
				<timestamp>6938.455821</timestamp>
			</report>
			<report>
				<misses>19845001</misses>
				<total>40</total>
				<timestamp>6938.805505</timestamp>
			</report>
			<report>
				<misses>19846001</misses>
				<total>40</total>
				<timestamp>6939.155153</timestamp>
			</report>
			<report>
				<misses>19847001</misses>
				<total>40</total>
				<timestamp>6939.504801</timestamp>
			</report>
			<report>
				<misses>19848001</misses>
				<total>40</total>
				<timestamp>6939.854472</timestamp>
			</report>
			<report>
				<misses>19849001</misses>
				<total>40</total>
				<timestamp>6940.204106</timestamp>
			</report>
			<report>
				<misses>19850001</misses>
				<total>40</total>
				<timestamp>6940.553749</timestamp>
			</report>
			<report>
				<misses>19851001</misses>
				<total>40</total>
				<timestamp>6940.903426</timestamp>
			</report>
			<report>
				<misses>19852001</misses>
				<total>40</total>
				<timestamp>6941.253033</timestamp>
			</report>
			<report>
				<misses>19853001</misses>
				<total>40</total>
				<timestamp>6941.602687</timestamp>
			</report>
			<report>
				<misses>19854001</misses>
				<total>40</total>
				<timestamp>6941.952385</timestamp>
			</report>
			<report>
				<misses>19855001</misses>
				<total>40</total>
				<timestamp>6942.301988</timestamp>
			</report>
			<report>
				<misses>19856001</misses>
				<total>40</total>
				<timestamp>6942.651653</timestamp>
			</report>
			<report>
				<misses>19857001</misses>
				<total>40</total>
				<timestamp>6943.001308</timestamp>
			</report>
			<report>
				<misses>19858001</misses>
				<total>40</total>
				<timestamp>6943.350940</timestamp>
			</report>
			<report>
				<misses>19859001</misses>
				<total>40</total>
				<timestamp>6943.700629</timestamp>
			</report>
			<report>
				<misses>19860001</misses>
				<total>40</total>
				<timestamp>6944.050257</timestamp>
			</report>
			<report>
				<misses>19861001</misses>
				<total>40</total>
				<timestamp>6944.399883</timestamp>
			</report>
			<report>
				<misses>19862001</misses>
				<total>40</total>
				<timestamp>6944.749576</timestamp>
			</report>
			<report>
				<misses>19863001</misses>
				<total>40</total>
				<timestamp>6945.099193</timestamp>
			</report>
			<report>
				<misses>19864001</misses>
				<total>40</total>
				<timestamp>6945.448837</timestamp>
			</report>
			<report>
				<misses>19865001</misses>
				<total>40</total>
				<timestamp>6945.798487</timestamp>
			</report>
			<report>
				<misses>19866001</misses>
				<total>40</total>
				<timestamp>6946.148146</timestamp>
			</report>
			<report>
				<misses>19867001</misses>
				<total>40</total>
				<timestamp>6946.497809</timestamp>
			</report>
			<report>
				<misses>19868001</misses>
				<total>40</total>
				<timestamp>6946.847459</timestamp>
			</report>
			<report>
				<misses>19869001</misses>
				<total>40</total>
				<timestamp>6947.197110</timestamp>
			</report>
			<report>
				<misses>19870001</misses>
				<total>40</total>
				<timestamp>6947.546742</timestamp>
			</report>
			<report>
				<misses>19871001</misses>
				<total>40</total>
				<timestamp>6947.896419</timestamp>
			</report>
			<report>
				<misses>19872001</misses>
				<total>40</total>
				<timestamp>6948.246055</timestamp>
			</report>
			<report>
				<misses>19873001</misses>
				<total>40</total>
				<timestamp>6948.595673</timestamp>
			</report>
			<report>
				<misses>19874001</misses>
				<total>40</total>
				<timestamp>6948.945365</timestamp>
			</report>
			<report>
				<misses>19875001</misses>
				<total>40</total>
				<timestamp>6949.294990</timestamp>
			</report>
			<report>
				<misses>19876001</misses>
				<total>40</total>
				<timestamp>6949.644638</timestamp>
			</report>
			<report>
				<misses>19877001</misses>
				<total>40</total>
				<timestamp>6949.994325</timestamp>
			</report>
			<report>
				<misses>19878001</misses>
				<total>40</total>
				<timestamp>6950.343945</timestamp>
			</report>
			<report>
				<misses>19879001</misses>
				<total>40</total>
				<timestamp>6950.693620</timestamp>
			</report>
			<report>
				<misses>19880001</misses>
				<total>40</total>
				<timestamp>6951.043244</timestamp>
			</report>
			<report>
				<misses>19881001</misses>
				<total>40</total>
				<timestamp>6951.392893</timestamp>
			</report>
			<report>
				<misses>19882001</misses>
				<total>40</total>
				<timestamp>6951.742568</timestamp>
			</report>
			<report>
				<misses>19883001</misses>
				<total>40</total>
				<timestamp>6952.092233</timestamp>
			</report>
			<report>
				<misses>19884001</misses>
				<total>40</total>
				<timestamp>6952.441831</timestamp>
			</report>
			<report>
				<misses>19885001</misses>
				<total>40</total>
				<timestamp>6952.791586</timestamp>
			</report>
			<report>
				<misses>19886001</misses>
				<total>40</total>
				<timestamp>6953.141166</timestamp>
			</report>
			<report>
				<misses>19887001</misses>
				<total>40</total>
				<timestamp>6953.490784</timestamp>
			</report>
			<report>
				<misses>19888001</misses>
				<total>40</total>
				<timestamp>6953.840444</timestamp>
			</report>
			<report>
				<misses>19889001</misses>
				<total>40</total>
				<timestamp>6954.190116</timestamp>
			</report>
			<report>
				<misses>19890001</misses>
				<total>40</total>
				<timestamp>6954.539747</timestamp>
			</report>
			<report>
				<misses>19891001</misses>
				<total>40</total>
				<timestamp>6954.889434</timestamp>
			</report>
			<report>
				<misses>19892001</misses>
				<total>40</total>
				<timestamp>6955.239036</timestamp>
			</report>
			<report>
				<misses>19893001</misses>
				<total>40</total>
				<timestamp>6955.588729</timestamp>
			</report>
			<report>
				<misses>19894001</misses>
				<total>40</total>
				<timestamp>6955.938366</timestamp>
			</report>
			<report>
				<misses>19895001</misses>
				<total>40</total>
				<timestamp>6956.287987</timestamp>
			</report>
			<report>
				<misses>19896001</misses>
				<total>40</total>
				<timestamp>6956.637631</timestamp>
			</report>
			<report>
				<misses>19897001</misses>
				<total>40</total>
				<timestamp>6956.987286</timestamp>
			</report>
			<report>
				<misses>19898001</misses>
				<total>40</total>
				<timestamp>6957.336957</timestamp>
			</report>
			<report>
				<misses>19899001</misses>
				<total>40</total>
				<timestamp>6957.686620</timestamp>
			</report>
			<report>
				<misses>19900001</misses>
				<total>40</total>
				<timestamp>6958.036287</timestamp>
			</report>
			<report>
				<misses>19901001</misses>
				<total>40</total>
				<timestamp>6958.385887</timestamp>
			</report>
			<report>
				<misses>19902001</misses>
				<total>40</total>
				<timestamp>6958.735561</timestamp>
			</report>
			<report>
				<misses>19903001</misses>
				<total>40</total>
				<timestamp>6959.085175</timestamp>
			</report>
			<report>
				<misses>19904001</misses>
				<total>40</total>
				<timestamp>6959.434835</timestamp>
			</report>
			<report>
				<misses>19905001</misses>
				<total>40</total>
				<timestamp>6959.784502</timestamp>
			</report>
			<report>
				<misses>19906001</misses>
				<total>40</total>
				<timestamp>6960.134137</timestamp>
			</report>
			<report>
				<misses>19907001</misses>
				<total>40</total>
				<timestamp>6960.483816</timestamp>
			</report>
			<report>
				<misses>19908001</misses>
				<total>40</total>
				<timestamp>6960.833483</timestamp>
			</report>
			<report>
				<misses>19909001</misses>
				<total>40</total>
				<timestamp>6961.183133</timestamp>
			</report>
			<report>
				<misses>19910001</misses>
				<total>40</total>
				<timestamp>6961.532745</timestamp>
			</report>
			<report>
				<misses>19911001</misses>
				<total>40</total>
				<timestamp>6961.882425</timestamp>
			</report>
			<report>
				<misses>19912001</misses>
				<total>40</total>
				<timestamp>6962.232065</timestamp>
			</report>
			<report>
				<misses>19913001</misses>
				<total>40</total>
				<timestamp>6962.581678</timestamp>
			</report>
			<report>
				<misses>19914001</misses>
				<total>40</total>
				<timestamp>6962.931362</timestamp>
			</report>
			<report>
				<misses>19915001</misses>
				<total>40</total>
				<timestamp>6963.280994</timestamp>
			</report>
			<report>
				<misses>19916001</misses>
				<total>40</total>
				<timestamp>6963.630638</timestamp>
			</report>
			<report>
				<misses>19917001</misses>
				<total>40</total>
				<timestamp>6963.980315</timestamp>
			</report>
			<report>
				<misses>19918001</misses>
				<total>40</total>
				<timestamp>6964.329924</timestamp>
			</report>
			<report>
				<misses>19919001</misses>
				<total>40</total>
				<timestamp>6964.679603</timestamp>
			</report>
			<report>
				<misses>19920001</misses>
				<total>40</total>
				<timestamp>6965.029254</timestamp>
			</report>
			<report>
				<misses>19921001</misses>
				<total>40</total>
				<timestamp>6965.378885</timestamp>
			</report>
			<report>
				<misses>19922001</misses>
				<total>40</total>
				<timestamp>6965.728547</timestamp>
			</report>
			<report>
				<misses>19923001</misses>
				<total>40</total>
				<timestamp>6966.078202</timestamp>
			</report>
			<report>
				<misses>19924001</misses>
				<total>40</total>
				<timestamp>6966.427830</timestamp>
			</report>
			<report>
				<misses>19925001</misses>
				<total>40</total>
				<timestamp>6966.777492</timestamp>
			</report>
			<report>
				<misses>19926001</misses>
				<total>40</total>
				<timestamp>6967.127167</timestamp>
			</report>
			<report>
				<misses>19927001</misses>
				<total>40</total>
				<timestamp>6967.476795</timestamp>
			</report>
			<report>
				<misses>19928001</misses>
				<total>40</total>
				<timestamp>6967.826492</timestamp>
			</report>
			<report>
				<misses>19929001</misses>
				<total>40</total>
				<timestamp>6968.176085</timestamp>
			</report>
			<report>
				<misses>19930001</misses>
				<total>40</total>
				<timestamp>6968.525777</timestamp>
			</report>
			<report>
				<misses>19931001</misses>
				<total>40</total>
				<timestamp>6968.875402</timestamp>
			</report>
			<report>
				<misses>19932001</misses>
				<total>40</total>
				<timestamp>6969.225060</timestamp>
			</report>
			<report>
				<misses>19933001</misses>
				<total>40</total>
				<timestamp>6969.574675</timestamp>
			</report>
			<report>
				<misses>19934001</misses>
				<total>40</total>
				<timestamp>6969.924379</timestamp>
			</report>
			<report>
				<misses>19935001</misses>
				<total>40</total>
				<timestamp>6970.274004</timestamp>
			</report>
			<report>
				<misses>19936001</misses>
				<total>40</total>
				<timestamp>6970.623629</timestamp>
			</report>
			<report>
				<misses>19937001</misses>
				<total>40</total>
				<timestamp>6970.973294</timestamp>
			</report>
			<report>
				<misses>19938001</misses>
				<total>40</total>
				<timestamp>6971.322921</timestamp>
			</report>
			<report>
				<misses>19939001</misses>
				<total>40</total>
				<timestamp>6971.672603</timestamp>
			</report>
			<report>
				<misses>19940001</misses>
				<total>41</total>
				<timestamp>6972.022258</timestamp>
			</report>
			<report>
				<misses>19941001</misses>
				<total>41</total>
				<timestamp>6972.371899</timestamp>
			</report>
			<report>
				<misses>19942001</misses>
				<total>41</total>
				<timestamp>6972.721539</timestamp>
			</report>
			<report>
				<misses>19943001</misses>
				<total>41</total>
				<timestamp>6973.071240</timestamp>
			</report>
			<report>
				<misses>19944001</misses>
				<total>41</total>
				<timestamp>6973.420839</timestamp>
			</report>
			<report>
				<misses>19945001</misses>
				<total>41</total>
				<timestamp>6973.770489</timestamp>
			</report>
			<report>
				<misses>19946001</misses>
				<total>41</total>
				<timestamp>6974.120137</timestamp>
			</report>
			<report>
				<misses>19947001</misses>
				<total>41</total>
				<timestamp>6974.469782</timestamp>
			</report>
			<report>
				<misses>19948001</misses>
				<total>41</total>
				<timestamp>6974.819437</timestamp>
			</report>
			<report>
				<misses>19949001</misses>
				<total>41</total>
				<timestamp>6975.169133</timestamp>
			</report>
			<report>
				<misses>19950001</misses>
				<total>41</total>
				<timestamp>6975.518734</timestamp>
			</report>
			<report>
				<misses>19951001</misses>
				<total>41</total>
				<timestamp>6975.868423</timestamp>
			</report>
			<report>
				<misses>19952001</misses>
				<total>41</total>
				<timestamp>6976.218042</timestamp>
			</report>
			<report>
				<misses>19953001</misses>
				<total>41</total>
				<timestamp>6976.567677</timestamp>
			</report>
			<report>
				<misses>19954001</misses>
				<total>41</total>
				<timestamp>6976.917412</timestamp>
			</report>
			<report>
				<misses>19955001</misses>
				<total>41</total>
				<timestamp>6977.266982</timestamp>
			</report>
			<report>
				<misses>19956001</misses>
				<total>41</total>
				<timestamp>6977.616644</timestamp>
			</report>
			<report>
				<misses>19957001</misses>
				<total>41</total>
				<timestamp>6977.966317</timestamp>
			</report>
			<report>
				<misses>19958001</misses>
				<total>41</total>
				<timestamp>6978.315954</timestamp>
			</report>
			<report>
				<misses>19959001</misses>
				<total>41</total>
				<timestamp>6978.665607</timestamp>
			</report>
			<report>
				<misses>19960001</misses>
				<total>41</total>
				<timestamp>6979.015255</timestamp>
			</report>
			<report>
				<misses>19961001</misses>
				<total>41</total>
				<timestamp>6979.364878</timestamp>
			</report>
			<report>
				<misses>19962001</misses>
				<total>41</total>
				<timestamp>6979.714522</timestamp>
			</report>
			<report>
				<misses>19963001</misses>
				<total>41</total>
				<timestamp>6980.064219</timestamp>
			</report>
			<report>
				<misses>19964001</misses>
				<total>41</total>
				<timestamp>6980.413833</timestamp>
			</report>
			<report>
				<misses>19965001</misses>
				<total>41</total>
				<timestamp>6980.763488</timestamp>
			</report>
			<report>
				<misses>19966001</misses>
				<total>41</total>
				<timestamp>6981.113128</timestamp>
			</report>
			<report>
				<misses>19967001</misses>
				<total>41</total>
				<timestamp>6981.462792</timestamp>
			</report>
			<report>
				<misses>19968001</misses>
				<total>41</total>
				<timestamp>6981.812432</timestamp>
			</report>
			<report>
				<misses>19969001</misses>
				<total>41</total>
				<timestamp>6982.162095</timestamp>
			</report>
			<report>
				<misses>19970001</misses>
				<total>41</total>
				<timestamp>6982.511736</timestamp>
			</report>
			<report>
				<misses>19971001</misses>
				<total>41</total>
				<timestamp>6982.861386</timestamp>
			</report>
			<report>
				<misses>19972001</misses>
				<total>41</total>
				<timestamp>6983.211048</timestamp>
			</report>
			<report>
				<misses>19973001</misses>
				<total>41</total>
				<timestamp>6983.560678</timestamp>
			</report>
			<report>
				<misses>19974001</misses>
				<total>41</total>
				<timestamp>6983.910350</timestamp>
			</report>
			<report>
				<misses>19975001</misses>
				<total>41</total>
				<timestamp>6984.259994</timestamp>
			</report>
			<report>
				<misses>19976001</misses>
				<total>41</total>
				<timestamp>6984.609676</timestamp>
			</report>
			<report>
				<misses>19977001</misses>
				<total>41</total>
				<timestamp>6984.959291</timestamp>
			</report>
			<report>
				<misses>19978001</misses>
				<total>41</total>
				<timestamp>6985.308943</timestamp>
			</report>
			<report>
				<misses>19979001</misses>
				<total>41</total>
				<timestamp>6985.658594</timestamp>
			</report>
			<report>
				<misses>19980001</misses>
				<total>41</total>
				<timestamp>6986.008264</timestamp>
			</report>
			<report>
				<misses>19981001</misses>
				<total>41</total>
				<timestamp>6986.357895</timestamp>
			</report>
			<report>
				<misses>19982001</misses>
				<total>41</total>
				<timestamp>6986.707529</timestamp>
			</report>
			<report>
				<misses>19983001</misses>
				<total>41</total>
				<timestamp>6987.057196</timestamp>
			</report>
			<report>
				<misses>19984001</misses>
				<total>41</total>
				<timestamp>6987.406844</timestamp>
			</report>
			<report>
				<misses>19985001</misses>
				<total>41</total>
				<timestamp>6987.756475</timestamp>
			</report>
			<report>
				<misses>19986001</misses>
				<total>41</total>
				<timestamp>6988.106185</timestamp>
			</report>
			<report>
				<misses>19987001</misses>
				<total>41</total>
				<timestamp>6988.455788</timestamp>
			</report>
			<report>
				<misses>19988001</misses>
				<total>41</total>
				<timestamp>6988.805454</timestamp>
			</report>
			<report>
				<misses>19989001</misses>
				<total>41</total>
				<timestamp>6989.155098</timestamp>
			</report>
			<report>
				<misses>19990001</misses>
				<total>41</total>
				<timestamp>6989.504734</timestamp>
			</report>
			<report>
				<misses>19991001</misses>
				<total>41</total>
				<timestamp>6989.854382</timestamp>
			</report>
			<report>
				<misses>19992001</misses>
				<total>41</total>
				<timestamp>6990.204080</timestamp>
			</report>
			<report>
				<misses>19993001</misses>
				<total>41</total>
				<timestamp>6990.553675</timestamp>
			</report>
			<report>
				<misses>19994001</misses>
				<total>41</total>
				<timestamp>6990.903337</timestamp>
			</report>
			<report>
				<misses>19995001</misses>
				<total>41</total>
				<timestamp>6991.253045</timestamp>
			</report>
			<report>
				<misses>19996001</misses>
				<total>41</total>
				<timestamp>6991.602640</timestamp>
			</report>
			<report>
				<misses>19997001</misses>
				<total>41</total>
				<timestamp>6991.952308</timestamp>
			</report>
			<report>
				<misses>19998001</misses>
				<total>41</total>
				<timestamp>6992.301966</timestamp>
			</report>
			<report>
				<misses>19999001</misses>
				<total>41</total>
				<timestamp>6992.651615</timestamp>
			</report>
			<report>
				<misses>20000001</misses>
				<total>41</total>
				<timestamp>6993.001298</timestamp>
			</report>
			<report>
				<misses>20001001</misses>
				<total>41</total>
				<timestamp>6993.350893</timestamp>
			</report>
			<report>
				<misses>20002001</misses>
				<total>41</total>
				<timestamp>6993.700539</timestamp>
			</report>
			<report>
				<misses>20003001</misses>
				<total>41</total>
				<timestamp>6994.050218</timestamp>
			</report>
			<report>
				<misses>20004001</misses>
				<total>41</total>
				<timestamp>6994.399829</timestamp>
			</report>
			<report>
				<misses>20005001</misses>
				<total>41</total>
				<timestamp>6994.749488</timestamp>
			</report>
			<report>
				<misses>20006001</misses>
				<total>41</total>
				<timestamp>6995.099215</timestamp>
			</report>
			<report>
				<misses>20007001</misses>
				<total>41</total>
				<timestamp>6995.448795</timestamp>
			</report>
			<report>
				<misses>20008001</misses>
				<total>41</total>
				<timestamp>6995.798464</timestamp>
			</report>
			<report>
				<misses>20009001</misses>
				<total>41</total>
				<timestamp>6996.148132</timestamp>
			</report>
			<report>
				<misses>20010001</misses>
				<total>41</total>
				<timestamp>6996.497747</timestamp>
			</report>
			<report>
				<misses>20011001</misses>
				<total>41</total>
				<timestamp>6996.847392</timestamp>
			</report>
			<report>
				<misses>20012001</misses>
				<total>41</total>
				<timestamp>6997.197063</timestamp>
			</report>
			<report>
				<misses>20013001</misses>
				<total>41</total>
				<timestamp>6997.546684</timestamp>
			</report>
			<report>
				<misses>20014001</misses>
				<total>41</total>
				<timestamp>6997.896332</timestamp>
			</report>
			<report>
				<misses>20015001</misses>
				<total>41</total>
				<timestamp>6998.246035</timestamp>
			</report>
			<report>
				<misses>20016001</misses>
				<total>41</total>
				<timestamp>6998.595635</timestamp>
			</report>
			<report>
				<misses>20017001</misses>
				<total>41</total>
				<timestamp>6998.945289</timestamp>
			</report>
			<report>
				<misses>20018001</misses>
				<total>41</total>
				<timestamp>6999.294978</timestamp>
			</report>
			<report>
				<misses>20019001</misses>
				<total>41</total>
				<timestamp>6999.644586</timestamp>
			</report>
			<report>
				<misses>20020001</misses>
				<total>41</total>
				<timestamp>6999.994277</timestamp>
			</report>
			<report>
				<misses>20021001</misses>
				<total>41</total>
				<timestamp>7000.343886</timestamp>
			</report>
			<report>
				<misses>20022001</misses>
				<total>41</total>
				<timestamp>7000.693526</timestamp>
			</report>
			<report>
				<misses>20023001</misses>
				<total>41</total>
				<timestamp>7001.043222</timestamp>
			</report>
			<report>
				<misses>20024001</misses>
				<total>41</total>
				<timestamp>7001.392858</timestamp>
			</report>
			<report>
				<misses>20025001</misses>
				<total>41</total>
				<timestamp>7001.742485</timestamp>
			</report>
			<report>
				<misses>20026001</misses>
				<total>41</total>
				<timestamp>7002.092158</timestamp>
			</report>
			<report>
				<misses>20027001</misses>
				<total>41</total>
				<timestamp>7002.441807</timestamp>
			</report>
			<report>
				<misses>20028001</misses>
				<total>41</total>
				<timestamp>7002.791470</timestamp>
			</report>
			<report>
				<misses>20029001</misses>
				<total>41</total>
				<timestamp>7003.141128</timestamp>
			</report>
			<report>
				<misses>20030001</misses>
				<total>41</total>
				<timestamp>7003.490754</timestamp>
			</report>
			<report>
				<misses>20031001</misses>
				<total>41</total>
				<timestamp>7003.840437</timestamp>
			</report>
			<report>
				<misses>20032001</misses>
				<total>41</total>
				<timestamp>7004.190103</timestamp>
			</report>
			<report>
				<misses>20033001</misses>
				<total>41</total>
				<timestamp>7004.539686</timestamp>
			</report>
			<report>
				<misses>20034001</misses>
				<total>41</total>
				<timestamp>7004.889328</timestamp>
			</report>
			<report>
				<misses>20035001</misses>
				<total>41</total>
				<timestamp>7005.239037</timestamp>
			</report>
			<report>
				<misses>20036001</misses>
				<total>41</total>
				<timestamp>7005.588647</timestamp>
			</report>
			<report>
				<misses>20037001</misses>
				<total>41</total>
				<timestamp>7005.938297</timestamp>
			</report>
			<report>
				<misses>20038001</misses>
				<total>41</total>
				<timestamp>7006.287967</timestamp>
			</report>
			<report>
				<misses>20039001</misses>
				<total>41</total>
				<timestamp>7006.637592</timestamp>
			</report>
			<report>
				<misses>20040001</misses>
				<total>41</total>
				<timestamp>7006.987244</timestamp>
			</report>
			<report>
				<misses>20041001</misses>
				<total>41</total>
				<timestamp>7007.336925</timestamp>
			</report>
			<report>
				<misses>20042001</misses>
				<total>41</total>
				<timestamp>7007.686528</timestamp>
			</report>
			<report>
				<misses>20043001</misses>
				<total>41</total>
				<timestamp>7008.036251</timestamp>
			</report>
			<report>
				<misses>20044001</misses>
				<total>41</total>
				<timestamp>7008.385835</timestamp>
			</report>
			<report>
				<misses>20045001</misses>
				<total>41</total>
				<timestamp>7008.735486</timestamp>
			</report>
			<report>
				<misses>20046001</misses>
				<total>41</total>
				<timestamp>7009.085177</timestamp>
			</report>
			<report>
				<misses>20047001</misses>
				<total>41</total>
				<timestamp>7009.434823</timestamp>
			</report>
			<report>
				<misses>20048001</misses>
				<total>41</total>
				<timestamp>7009.784433</timestamp>
			</report>
			<report>
				<misses>20049001</misses>
				<total>41</total>
				<timestamp>7010.134129</timestamp>
			</report>
			<report>
				<misses>20050001</misses>
				<total>41</total>
				<timestamp>7010.483717</timestamp>
			</report>
			<report>
				<misses>20051001</misses>
				<total>41</total>
				<timestamp>7010.833393</timestamp>
			</report>
			<report>
				<misses>20052001</misses>
				<total>41</total>
				<timestamp>7011.183062</timestamp>
			</report>
			<report>
				<misses>20053001</misses>
				<total>41</total>
				<timestamp>7011.532693</timestamp>
			</report>
			<report>
				<misses>20054001</misses>
				<total>41</total>
				<timestamp>7011.882336</timestamp>
			</report>
			<report>
				<misses>20055001</misses>
				<total>41</total>
				<timestamp>7012.232041</timestamp>
			</report>
			<report>
				<misses>20056001</misses>
				<total>41</total>
				<timestamp>7012.581627</timestamp>
			</report>
			<report>
				<misses>20057001</misses>
				<total>41</total>
				<timestamp>7012.931298</timestamp>
			</report>
			<report>
				<misses>20058001</misses>
				<total>41</total>
				<timestamp>7013.280947</timestamp>
			</report>
			<report>
				<misses>20059001</misses>
				<total>41</total>
				<timestamp>7013.630590</timestamp>
			</report>
			<report>
				<misses>20060001</misses>
				<total>41</total>
				<timestamp>7013.980234</timestamp>
			</report>
			<report>
				<misses>20061001</misses>
				<total>41</total>
				<timestamp>7014.329872</timestamp>
			</report>
			<report>
				<misses>20062001</misses>
				<total>41</total>
				<timestamp>7014.679541</timestamp>
			</report>
			<report>
				<misses>20063001</misses>
				<total>41</total>
				<timestamp>7015.029198</timestamp>
			</report>
			<report>
				<misses>20064001</misses>
				<total>41</total>
				<timestamp>7015.378868</timestamp>
			</report>
			<report>
				<misses>20065001</misses>
				<total>41</total>
				<timestamp>7015.728486</timestamp>
			</report>
			<report>
				<misses>20066001</misses>
				<total>41</total>
				<timestamp>7016.078178</timestamp>
			</report>
			<report>
				<misses>20067001</misses>
				<total>41</total>
				<timestamp>7016.427802</timestamp>
			</report>
			<report>
				<misses>20068001</misses>
				<total>41</total>
				<timestamp>7016.777428</timestamp>
			</report>
			<report>
				<misses>20069001</misses>
				<total>41</total>
				<timestamp>7017.127181</timestamp>
			</report>
			<report>
				<misses>20070001</misses>
				<total>41</total>
				<timestamp>7017.476738</timestamp>
			</report>
			<report>
				<misses>20071001</misses>
				<total>41</total>
				<timestamp>7017.826387</timestamp>
			</report>
			<report>
				<misses>20072001</misses>
				<total>41</total>
				<timestamp>7018.176046</timestamp>
			</report>
			<report>
				<misses>20073001</misses>
				<total>41</total>
				<timestamp>7018.525685</timestamp>
			</report>
			<report>
				<misses>20074001</misses>
				<total>41</total>
				<timestamp>7018.875325</timestamp>
			</report>
			<report>
				<misses>20075001</misses>
				<total>41</total>
				<timestamp>7019.225017</timestamp>
			</report>
			<report>
				<misses>20076001</misses>
				<total>41</total>
				<timestamp>7019.574622</timestamp>
			</report>
			<report>
				<misses>20077001</misses>
				<total>41</total>
				<timestamp>7019.924301</timestamp>
			</report>
			<report>
				<misses>20078001</misses>
				<total>41</total>
				<timestamp>7020.273978</timestamp>
			</report>
			<report>
				<misses>20079001</misses>
				<total>41</total>
				<timestamp>7020.623583</timestamp>
			</report>
			<report>
				<misses>20080001</misses>
				<total>41</total>
				<timestamp>7020.973276</timestamp>
			</report>
			<report>
				<misses>20081001</misses>
				<total>41</total>
				<timestamp>7021.322895</timestamp>
			</report>
			<report>
				<misses>20082001</misses>
				<total>41</total>
				<timestamp>7021.672588</timestamp>
			</report>
			<report>
				<misses>20083001</misses>
				<total>41</total>
				<timestamp>7022.022201</timestamp>
			</report>
			<report>
				<misses>20084001</misses>
				<total>41</total>
				<timestamp>7022.371891</timestamp>
			</report>
			<report>
				<misses>20085001</misses>
				<total>41</total>
				<timestamp>7022.721510</timestamp>
			</report>
			<report>
				<misses>20086001</misses>
				<total>41</total>
				<timestamp>7023.071157</timestamp>
			</report>
			<report>
				<misses>20087001</misses>
				<total>41</total>
				<timestamp>7023.420782</timestamp>
			</report>
			<report>
				<misses>20088001</misses>
				<total>41</total>
				<timestamp>7023.770426</timestamp>
			</report>
			<report>
				<misses>20089001</misses>
				<total>41</total>
				<timestamp>7024.120124</timestamp>
			</report>
			<report>
				<misses>20090001</misses>
				<total>41</total>
				<timestamp>7024.469781</timestamp>
			</report>
			<report>
				<misses>20091001</misses>
				<total>41</total>
				<timestamp>7024.819393</timestamp>
			</report>
			<report>
				<misses>20092001</misses>
				<total>41</total>
				<timestamp>7025.169081</timestamp>
			</report>
			<report>
				<misses>20093001</misses>
				<total>41</total>
				<timestamp>7025.518728</timestamp>
			</report>
			<report>
				<misses>20094001</misses>
				<total>41</total>
				<timestamp>7025.868334</timestamp>
			</report>
			<report>
				<misses>20095001</misses>
				<total>41</total>
				<timestamp>7026.217985</timestamp>
			</report>
			<report>
				<misses>20096001</misses>
				<total>41</total>
				<timestamp>7026.567647</timestamp>
			</report>
			<report>
				<misses>20097001</misses>
				<total>41</total>
				<timestamp>7026.917276</timestamp>
			</report>
			<report>
				<misses>20098001</misses>
				<total>41</total>
				<timestamp>7027.266938</timestamp>
			</report>
			<report>
				<misses>20099001</misses>
				<total>41</total>
				<timestamp>7027.616598</timestamp>
			</report>
			<report>
				<misses>20100001</misses>
				<total>41</total>
				<timestamp>7027.966218</timestamp>
			</report>
			<report>
				<misses>20101001</misses>
				<total>41</total>
				<timestamp>7028.315928</timestamp>
			</report>
			<report>
				<misses>20102001</misses>
				<total>41</total>
				<timestamp>7028.665534</timestamp>
			</report>
			<report>
				<misses>20103001</misses>
				<total>41</total>
				<timestamp>7029.015204</timestamp>
			</report>
			<report>
				<misses>20104001</misses>
				<total>41</total>
				<timestamp>7029.364862</timestamp>
			</report>
			<report>
				<misses>20105001</misses>
				<total>41</total>
				<timestamp>7029.714486</timestamp>
			</report>
			<report>
				<misses>20106001</misses>
				<total>41</total>
				<timestamp>7030.064122</timestamp>
			</report>
			<report>
				<misses>20107001</misses>
				<total>41</total>
				<timestamp>7030.413786</timestamp>
			</report>
			<report>
				<misses>20108001</misses>
				<total>41</total>
				<timestamp>7030.763425</timestamp>
			</report>
			<report>
				<misses>20109001</misses>
				<total>41</total>
				<timestamp>7031.113127</timestamp>
			</report>
			<report>
				<misses>20110001</misses>
				<total>41</total>
				<timestamp>7031.462736</timestamp>
			</report>
			<report>
				<misses>20111001</misses>
				<total>41</total>
				<timestamp>7031.812401</timestamp>
			</report>
			<report>
				<misses>20112001</misses>
				<total>41</total>
				<timestamp>7032.162031</timestamp>
			</report>
			<report>
				<misses>20113001</misses>
				<total>41</total>
				<timestamp>7032.511704</timestamp>
			</report>
			<report>
				<misses>20114001</misses>
				<total>41</total>
				<timestamp>7032.861341</timestamp>
			</report>
			<report>
				<misses>20115001</misses>
				<total>41</total>
				<timestamp>7033.211019</timestamp>
			</report>
			<report>
				<misses>20116001</misses>
				<total>41</total>
				<timestamp>7033.560638</timestamp>
			</report>
			<report>
				<misses>20117001</misses>
				<total>41</total>
				<timestamp>7033.910285</timestamp>
			</report>
			<report>
				<misses>20118001</misses>
				<total>41</total>
				<timestamp>7034.259958</timestamp>
			</report>
			<report>
				<misses>20119001</misses>
				<total>41</total>
				<timestamp>7034.609582</timestamp>
			</report>
			<report>
				<misses>20120001</misses>
				<total>41</total>
				<timestamp>7034.959238</timestamp>
			</report>
			<report>
				<misses>20121001</misses>
				<total>41</total>
				<timestamp>7035.308903</timestamp>
			</report>
			<report>
				<misses>20122001</misses>
				<total>41</total>
				<timestamp>7035.658548</timestamp>
			</report>
			<report>
				<misses>20123001</misses>
				<total>41</total>
				<timestamp>7036.008185</timestamp>
			</report>
			<report>
				<misses>20124001</misses>
				<total>41</total>
				<timestamp>7036.357867</timestamp>
			</report>
			<report>
				<misses>20125001</misses>
				<total>41</total>
				<timestamp>7036.707476</timestamp>
			</report>
			<report>
				<misses>20126001</misses>
				<total>41</total>
				<timestamp>7037.057144</timestamp>
			</report>
			<report>
				<misses>20127001</misses>
				<total>41</total>
				<timestamp>7037.406789</timestamp>
			</report>
			<report>
				<misses>20128001</misses>
				<total>41</total>
				<timestamp>7037.756438</timestamp>
			</report>
			<report>
				<misses>20129001</misses>
				<total>41</total>
				<timestamp>7038.106151</timestamp>
			</report>
			<report>
				<misses>20130001</misses>
				<total>41</total>
				<timestamp>7038.455773</timestamp>
			</report>
			<report>
				<misses>20131001</misses>
				<total>41</total>
				<timestamp>7038.805383</timestamp>
			</report>
			<report>
				<misses>20132001</misses>
				<total>41</total>
				<timestamp>7039.155040</timestamp>
			</report>
			<report>
				<misses>20133001</misses>
				<total>41</total>
				<timestamp>7039.504693</timestamp>
			</report>
			<report>
				<misses>20134001</misses>
				<total>41</total>
				<timestamp>7039.854326</timestamp>
			</report>
			<report>
				<misses>20135001</misses>
				<total>41</total>
				<timestamp>7040.204001</timestamp>
			</report>
			<report>
				<misses>20136001</misses>
				<total>41</total>
				<timestamp>7040.553652</timestamp>
			</report>
			<report>
				<misses>20137001</misses>
				<total>41</total>
				<timestamp>7040.903342</timestamp>
			</report>
			<report>
				<misses>20138001</misses>
				<total>41</total>
				<timestamp>7041.252988</timestamp>
			</report>
			<report>
				<misses>20139001</misses>
				<total>41</total>
				<timestamp>7041.602587</timestamp>
			</report>
			<report>
				<misses>20140001</misses>
				<total>41</total>
				<timestamp>7041.952234</timestamp>
			</report>
			<report>
				<misses>20141001</misses>
				<total>41</total>
				<timestamp>7042.301892</timestamp>
			</report>
			<report>
				<misses>20142001</misses>
				<total>41</total>
				<timestamp>7042.651547</timestamp>
			</report>
			<report>
				<misses>20143001</misses>
				<total>41</total>
				<timestamp>7043.001184</timestamp>
			</report>
			<report>
				<misses>20144001</misses>
				<total>41</total>
				<timestamp>7043.350882</timestamp>
			</report>
			<report>
				<misses>20145001</misses>
				<total>41</total>
				<timestamp>7043.700488</timestamp>
			</report>
			<report>
				<misses>20146001</misses>
				<total>41</total>
				<timestamp>7044.050143</timestamp>
			</report>
			<report>
				<misses>20147001</misses>
				<total>41</total>
				<timestamp>7044.399840</timestamp>
			</report>
			<report>
				<misses>20148001</misses>
				<total>41</total>
				<timestamp>7044.749446</timestamp>
			</report>
			<report>
				<misses>20149001</misses>
				<total>41</total>
				<timestamp>7045.099106</timestamp>
			</report>
			<report>
				<misses>20150001</misses>
				<total>41</total>
				<timestamp>7045.448755</timestamp>
			</report>
			<report>
				<misses>20151001</misses>
				<total>41</total>
				<timestamp>7045.798396</timestamp>
			</report>
			<report>
				<misses>20152001</misses>
				<total>41</total>
				<timestamp>7046.148059</timestamp>
			</report>
			<report>
				<misses>20153001</misses>
				<total>41</total>
				<timestamp>7046.497696</timestamp>
			</report>
			<report>
				<misses>20154001</misses>
				<total>41</total>
				<timestamp>7046.847329</timestamp>
			</report>
			<report>
				<misses>20155001</misses>
				<total>41</total>
				<timestamp>7047.196992</timestamp>
			</report>
			<report>
				<misses>20156001</misses>
				<total>41</total>
				<timestamp>7047.546626</timestamp>
			</report>
			<report>
				<misses>20157001</misses>
				<total>41</total>
				<timestamp>7047.896292</timestamp>
			</report>
			<report>
				<misses>20158001</misses>
				<total>41</total>
				<timestamp>7048.245973</timestamp>
			</report>
			<report>
				<misses>20159001</misses>
				<total>41</total>
				<timestamp>7048.595587</timestamp>
			</report>
			<report>
				<misses>20160001</misses>
				<total>41</total>
				<timestamp>7048.945253</timestamp>
			</report>
			<report>
				<misses>20161001</misses>
				<total>41</total>
				<timestamp>7049.294904</timestamp>
			</report>
			<report>
				<misses>20162001</misses>
				<total>41</total>
				<timestamp>7049.644529</timestamp>
			</report>
			<report>
				<misses>20163001</misses>
				<total>41</total>
				<timestamp>7049.994188</timestamp>
			</report>
			<report>
				<misses>20164001</misses>
				<total>41</total>
				<timestamp>7050.343846</timestamp>
			</report>
			<report>
				<misses>20165001</misses>
				<total>41</total>
				<timestamp>7050.693499</timestamp>
			</report>
			<report>
				<misses>20166001</misses>
				<total>41</total>
				<timestamp>7051.043157</timestamp>
			</report>
			<report>
				<misses>20167001</misses>
				<total>41</total>
				<timestamp>7051.392808</timestamp>
			</report>
			<report>
				<misses>20168001</misses>
				<total>41</total>
				<timestamp>7051.742457</timestamp>
			</report>
			<report>
				<misses>20169001</misses>
				<total>41</total>
				<timestamp>7052.092103</timestamp>
			</report>
			<report>
				<misses>20170001</misses>
				<total>41</total>
				<timestamp>7052.441814</timestamp>
			</report>
			<report>
				<misses>20171001</misses>
				<total>41</total>
				<timestamp>7052.791402</timestamp>
			</report>
			<report>
				<misses>20172001</misses>
				<total>41</total>
				<timestamp>7053.141065</timestamp>
			</report>
			<report>
				<misses>20173001</misses>
				<total>41</total>
				<timestamp>7053.490745</timestamp>
			</report>
			<report>
				<misses>20174001</misses>
				<total>41</total>
				<timestamp>7053.840325</timestamp>
			</report>
			<report>
				<misses>20175001</misses>
				<total>41</total>
				<timestamp>7054.189988</timestamp>
			</report>
			<report>
				<misses>20176001</misses>
				<total>41</total>
				<timestamp>7054.539676</timestamp>
			</report>
			<report>
				<misses>20177001</misses>
				<total>41</total>
				<timestamp>7054.889267</timestamp>
			</report>
			<report>
				<misses>20178001</misses>
				<total>41</total>
				<timestamp>7055.238929</timestamp>
			</report>
			<report>
				<misses>20179001</misses>
				<total>41</total>
				<timestamp>7055.588570</timestamp>
			</report>
			<report>
				<misses>20180001</misses>
				<total>41</total>
				<timestamp>7055.938237</timestamp>
			</report>
			<report>
				<misses>20181001</misses>
				<total>41</total>
				<timestamp>7056.287911</timestamp>
			</report>
			<report>
				<misses>20182001</misses>
				<total>41</total>
				<timestamp>7056.637560</timestamp>
			</report>
			<report>
				<misses>20183001</misses>
				<total>41</total>
				<timestamp>7056.987183</timestamp>
			</report>
			<report>
				<misses>20184001</misses>
				<total>41</total>
				<timestamp>7057.336840</timestamp>
			</report>
			<report>
				<misses>20185001</misses>
				<total>41</total>
				<timestamp>7057.686483</timestamp>
			</report>
			<report>
				<misses>20186001</misses>
				<total>41</total>
				<timestamp>7058.036138</timestamp>
			</report>
			<report>
				<misses>20187001</misses>
				<total>41</total>
				<timestamp>7058.385820</timestamp>
			</report>
			<report>
				<misses>20188001</misses>
				<total>41</total>
				<timestamp>7058.735433</timestamp>
			</report>
			<report>
				<misses>20189001</misses>
				<total>41</total>
				<timestamp>7059.085105</timestamp>
			</report>
			<report>
				<misses>20190001</misses>
				<total>41</total>
				<timestamp>7059.434768</timestamp>
			</report>
			<report>
				<misses>20191001</misses>
				<total>41</total>
				<timestamp>7059.784386</timestamp>
			</report>
			<report>
				<misses>20192001</misses>
				<total>41</total>
				<timestamp>7060.134059</timestamp>
			</report>
			<report>
				<misses>20193001</misses>
				<total>41</total>
				<timestamp>7060.483683</timestamp>
			</report>
			<report>
				<misses>20194001</misses>
				<total>41</total>
				<timestamp>7060.833330</timestamp>
			</report>
			<report>
				<misses>20195001</misses>
				<total>41</total>
				<timestamp>7061.183049</timestamp>
			</report>
			<report>
				<misses>20196001</misses>
				<total>41</total>
				<timestamp>7061.532673</timestamp>
			</report>
			<report>
				<misses>20197001</misses>
				<total>41</total>
				<timestamp>7061.882271</timestamp>
			</report>
			<report>
				<misses>20198001</misses>
				<total>41</total>
				<timestamp>7062.231939</timestamp>
			</report>
			<report>
				<misses>20199001</misses>
				<total>41</total>
				<timestamp>7062.581585</timestamp>
			</report>
			<report>
				<misses>20200001</misses>
				<total>41</total>
				<timestamp>7062.931222</timestamp>
			</report>
			<report>
				<misses>20201001</misses>
				<total>41</total>
				<timestamp>7063.280879</timestamp>
			</report>
			<report>
				<misses>20202001</misses>
				<total>41</total>
				<timestamp>7063.630548</timestamp>
			</report>
			<report>
				<misses>20203001</misses>
				<total>41</total>
				<timestamp>7063.980191</timestamp>
			</report>
			<report>
				<misses>20204001</misses>
				<total>41</total>
				<timestamp>7064.329853</timestamp>
			</report>
			<report>
				<misses>20205001</misses>
				<total>41</total>
				<timestamp>7064.679484</timestamp>
			</report>
			<report>
				<misses>20206001</misses>
				<total>41</total>
				<timestamp>7065.029158</timestamp>
			</report>
			<report>
				<misses>20207001</misses>
				<total>41</total>
				<timestamp>7065.378801</timestamp>
			</report>
			<report>
				<misses>20208001</misses>
				<total>41</total>
				<timestamp>7065.728422</timestamp>
			</report>
			<report>
				<misses>20209001</misses>
				<total>41</total>
				<timestamp>7066.078111</timestamp>
			</report>
			<report>
				<misses>20210001</misses>
				<total>41</total>
				<timestamp>7066.427780</timestamp>
			</report>
			<report>
				<misses>20211001</misses>
				<total>41</total>
				<timestamp>7066.777397</timestamp>
			</report>
			<report>
				<misses>20212001</misses>
				<total>41</total>
				<timestamp>7067.127029</timestamp>
			</report>
			<report>
				<misses>20213001</misses>
				<total>41</total>
				<timestamp>7067.476734</timestamp>
			</report>
			<report>
				<misses>20214001</misses>
				<total>41</total>
				<timestamp>7067.826376</timestamp>
			</report>
			<report>
				<misses>20215001</misses>
				<total>41</total>
				<timestamp>7068.175989</timestamp>
			</report>
			<report>
				<misses>20216001</misses>
				<total>41</total>
				<timestamp>7068.525704</timestamp>
			</report>
			<report>
				<misses>20217001</misses>
				<total>41</total>
				<timestamp>7068.875303</timestamp>
			</report>
			<report>
				<misses>20218001</misses>
				<total>41</total>
				<timestamp>7069.224938</timestamp>
			</report>
			<report>
				<misses>20219001</misses>
				<total>41</total>
				<timestamp>7069.574621</timestamp>
			</report>
			<report>
				<misses>20220001</misses>
				<total>41</total>
				<timestamp>7069.924249</timestamp>
			</report>
			<report>
				<misses>20221001</misses>
				<total>41</total>
				<timestamp>7070.273905</timestamp>
			</report>
			<report>
				<misses>20222001</misses>
				<total>41</total>
				<timestamp>7070.623562</timestamp>
			</report>
			<report>
				<misses>20223001</misses>
				<total>41</total>
				<timestamp>7070.973196</timestamp>
			</report>
			<report>
				<misses>20224001</misses>
				<total>41</total>
				<timestamp>7071.322840</timestamp>
			</report>
			<report>
				<misses>20225001</misses>
				<total>41</total>
				<timestamp>7071.672485</timestamp>
			</report>
			<report>
				<misses>20226001</misses>
				<total>41</total>
				<timestamp>7072.022162</timestamp>
			</report>
			<report>
				<misses>20227001</misses>
				<total>41</total>
				<timestamp>7072.371832</timestamp>
			</report>
			<report>
				<misses>20228001</misses>
				<total>41</total>
				<timestamp>7072.721468</timestamp>
			</report>
			<report>
				<misses>20229001</misses>
				<total>41</total>
				<timestamp>7073.071165</timestamp>
			</report>
			<report>
				<misses>20230001</misses>
				<total>41</total>
				<timestamp>7073.420783</timestamp>
			</report>
			<report>
				<misses>20231001</misses>
				<total>41</total>
				<timestamp>7073.770422</timestamp>
			</report>
			<report>
				<misses>20232001</misses>
				<total>41</total>
				<timestamp>7074.120056</timestamp>
			</report>
			<report>
				<misses>20233001</misses>
				<total>41</total>
				<timestamp>7074.469723</timestamp>
			</report>
			<report>
				<misses>20234001</misses>
				<total>41</total>
				<timestamp>7074.819341</timestamp>
			</report>
			<report>
				<misses>20235001</misses>
				<total>41</total>
				<timestamp>7075.169039</timestamp>
			</report>
			<report>
				<misses>20236001</misses>
				<total>41</total>
				<timestamp>7075.518691</timestamp>
			</report>
			<report>
				<misses>20237001</misses>
				<total>41</total>
				<timestamp>7075.868292</timestamp>
			</report>
			<report>
				<misses>20238001</misses>
				<total>41</total>
				<timestamp>7076.217945</timestamp>
			</report>
			<report>
				<misses>20239001</misses>
				<total>41</total>
				<timestamp>7076.567667</timestamp>
			</report>
			<report>
				<misses>20240001</misses>
				<total>41</total>
				<timestamp>7076.917242</timestamp>
			</report>
			<report>
				<misses>20241001</misses>
				<total>41</total>
				<timestamp>7077.266893</timestamp>
			</report>
			<report>
				<misses>20242001</misses>
				<total>41</total>
				<timestamp>7077.616541</timestamp>
			</report>
			<report>
				<misses>20243001</misses>
				<total>41</total>
				<timestamp>7077.966238</timestamp>
			</report>
			<report>
				<misses>20244001</misses>
				<total>41</total>
				<timestamp>7078.315822</timestamp>
			</report>
			<report>
				<misses>20245001</misses>
				<total>41</total>
				<timestamp>7078.665488</timestamp>
			</report>
			<report>
				<misses>20246001</misses>
				<total>41</total>
				<timestamp>7079.015137</timestamp>
			</report>
			<report>
				<misses>20247001</misses>
				<total>41</total>
				<timestamp>7079.364807</timestamp>
			</report>
			<report>
				<misses>20248001</misses>
				<total>41</total>
				<timestamp>7079.714431</timestamp>
			</report>
			<report>
				<misses>20249001</misses>
				<total>41</total>
				<timestamp>7080.064132</timestamp>
			</report>
			<report>
				<misses>20250001</misses>
				<total>41</total>
				<timestamp>7080.413782</timestamp>
			</report>
			<report>
				<misses>20251001</misses>
				<total>41</total>
				<timestamp>7080.763398</timestamp>
			</report>
			<report>
				<misses>20252001</misses>
				<total>41</total>
				<timestamp>7081.113026</timestamp>
			</report>
			<report>
				<misses>20253001</misses>
				<total>41</total>
				<timestamp>7081.462728</timestamp>
			</report>
			<report>
				<misses>20254001</misses>
				<total>41</total>
				<timestamp>7081.812363</timestamp>
			</report>
			<report>
				<misses>20255001</misses>
				<total>41</total>
				<timestamp>7082.161996</timestamp>
			</report>
			<report>
				<misses>20256001</misses>
				<total>41</total>
				<timestamp>7082.511651</timestamp>
			</report>
			<report>
				<misses>20257001</misses>
				<total>41</total>
				<timestamp>7082.861298</timestamp>
			</report>
			<report>
				<misses>20258001</misses>
				<total>41</total>
				<timestamp>7083.210930</timestamp>
			</report>
			<report>
				<misses>20259001</misses>
				<total>41</total>
				<timestamp>7083.560634</timestamp>
			</report>
			<report>
				<misses>20260001</misses>
				<total>41</total>
				<timestamp>7083.910226</timestamp>
			</report>
			<report>
				<misses>20261001</misses>
				<total>41</total>
				<timestamp>7084.259888</timestamp>
			</report>
			<report>
				<misses>20262001</misses>
				<total>41</total>
				<timestamp>7084.609590</timestamp>
			</report>
			<report>
				<misses>20263001</misses>
				<total>41</total>
				<timestamp>7084.959190</timestamp>
			</report>
			<report>
				<misses>20264001</misses>
				<total>41</total>
				<timestamp>7085.308826</timestamp>
			</report>
			<report>
				<misses>20265001</misses>
				<total>41</total>
				<timestamp>7085.658500</timestamp>
			</report>
			<report>
				<misses>20266001</misses>
				<total>41</total>
				<timestamp>7086.008123</timestamp>
			</report>
			<report>
				<misses>20267001</misses>
				<total>41</total>
				<timestamp>7086.357784</timestamp>
			</report>
			<report>
				<misses>20268001</misses>
				<total>41</total>
				<timestamp>7086.707459</timestamp>
			</report>
			<report>
				<misses>20269001</misses>
				<total>41</total>
				<timestamp>7087.057125</timestamp>
			</report>
			<report>
				<misses>20270001</misses>
				<total>41</total>
				<timestamp>7087.406764</timestamp>
			</report>
			<report>
				<misses>20271001</misses>
				<total>41</total>
				<timestamp>7087.756405</timestamp>
			</report>
			<report>
				<misses>20272001</misses>
				<total>41</total>
				<timestamp>7088.106035</timestamp>
			</report>
			<report>
				<misses>20273001</misses>
				<total>41</total>
				<timestamp>7088.455712</timestamp>
			</report>
			<report>
				<misses>20274001</misses>
				<total>41</total>
				<timestamp>7088.805350</timestamp>
			</report>
			<report>
				<misses>20275001</misses>
				<total>41</total>
				<timestamp>7089.155007</timestamp>
			</report>
			<report>
				<misses>20276001</misses>
				<total>41</total>
				<timestamp>7089.504646</timestamp>
			</report>
			<report>
				<misses>20277001</misses>
				<total>41</total>
				<timestamp>7089.854285</timestamp>
			</report>
			<report>
				<misses>20278001</misses>
				<total>41</total>
				<timestamp>7090.203964</timestamp>
			</report>
			<report>
				<misses>20279001</misses>
				<total>41</total>
				<timestamp>7090.553611</timestamp>
			</report>
			<report>
				<misses>20280001</misses>
				<total>41</total>
				<timestamp>7090.903263</timestamp>
			</report>
			<report>
				<misses>20281001</misses>
				<total>41</total>
				<timestamp>7091.252880</timestamp>
			</report>
			<report>
				<misses>20282001</misses>
				<total>41</total>
				<timestamp>7091.602552</timestamp>
			</report>
			<report>
				<misses>20283001</misses>
				<total>41</total>
				<timestamp>7091.952183</timestamp>
			</report>
			<report>
				<misses>20284001</misses>
				<total>41</total>
				<timestamp>7092.301832</timestamp>
			</report>
			<report>
				<misses>20285001</misses>
				<total>41</total>
				<timestamp>7092.651526</timestamp>
			</report>
			<report>
				<misses>20286001</misses>
				<total>41</total>
				<timestamp>7093.001183</timestamp>
			</report>
			<report>
				<misses>20287001</misses>
				<total>41</total>
				<timestamp>7093.350789</timestamp>
			</report>
			<report>
				<misses>20288001</misses>
				<total>41</total>
				<timestamp>7093.700436</timestamp>
			</report>
			<report>
				<misses>20289001</misses>
				<total>41</total>
				<timestamp>7094.050110</timestamp>
			</report>
			<report>
				<misses>20290001</misses>
				<total>41</total>
				<timestamp>7094.399757</timestamp>
			</report>
			<report>
				<misses>20291001</misses>
				<total>41</total>
				<timestamp>7094.749380</timestamp>
			</report>
			<report>
				<misses>20292001</misses>
				<total>41</total>
				<timestamp>7095.099026</timestamp>
			</report>
			<report>
				<misses>20293001</misses>
				<total>41</total>
				<timestamp>7095.448680</timestamp>
			</report>
			<report>
				<misses>20294001</misses>
				<total>41</total>
				<timestamp>7095.798326</timestamp>
			</report>
			<report>
				<misses>20295001</misses>
				<total>41</total>
				<timestamp>7096.148000</timestamp>
			</report>
			<report>
				<misses>20296001</misses>
				<total>41</total>
				<timestamp>7096.497645</timestamp>
			</report>
			<report>
				<misses>20297001</misses>
				<total>41</total>
				<timestamp>7096.847291</timestamp>
			</report>
			<report>
				<misses>20298001</misses>
				<total>41</total>
				<timestamp>7097.196935</timestamp>
			</report>
			<report>
				<misses>20299001</misses>
				<total>41</total>
				<timestamp>7097.546635</timestamp>
			</report>
			<report>
				<misses>20300001</misses>
				<total>41</total>
				<timestamp>7097.896238</timestamp>
			</report>
			<report>
				<misses>20301001</misses>
				<total>41</total>
				<timestamp>7098.245882</timestamp>
			</report>
			<report>
				<misses>20302001</misses>
				<total>41</total>
				<timestamp>7098.595550</timestamp>
			</report>
			<report>
				<misses>20303001</misses>
				<total>41</total>
				<timestamp>7098.945183</timestamp>
			</report>
			<report>
				<misses>20304001</misses>
				<total>41</total>
				<timestamp>7099.294840</timestamp>
			</report>
			<report>
				<misses>20305001</misses>
				<total>41</total>
				<timestamp>7099.644536</timestamp>
			</report>
			<report>
				<misses>20306001</misses>
				<total>41</total>
				<timestamp>7099.994125</timestamp>
			</report>
			<report>
				<misses>20307001</misses>
				<total>41</total>
				<timestamp>7100.343814</timestamp>
			</report>
			<report>
				<misses>20308001</misses>
				<total>41</total>
				<timestamp>7100.693431</timestamp>
			</report>
			<report>
				<misses>20309001</misses>
				<total>41</total>
				<timestamp>7101.043108</timestamp>
			</report>
			<report>
				<misses>20310001</misses>
				<total>41</total>
				<timestamp>7101.392727</timestamp>
			</report>
			<report>
				<misses>20311001</misses>
				<total>41</total>
				<timestamp>7101.742395</timestamp>
			</report>
			<report>
				<misses>20312001</misses>
				<total>41</total>
				<timestamp>7102.092051</timestamp>
			</report>
			<report>
				<misses>20313001</misses>
				<total>41</total>
				<timestamp>7102.441688</timestamp>
			</report>
			<report>
				<misses>20314001</misses>
				<total>41</total>
				<timestamp>7102.791335</timestamp>
			</report>
			<report>
				<misses>20315001</misses>
				<total>41</total>
				<timestamp>7103.140988</timestamp>
			</report>
			<report>
				<misses>20316001</misses>
				<total>41</total>
				<timestamp>7103.490629</timestamp>
			</report>
			<report>
				<misses>20317001</misses>
				<total>41</total>
				<timestamp>7103.840298</timestamp>
			</report>
			<report>
				<misses>20318001</misses>
				<total>41</total>
				<timestamp>7104.189937</timestamp>
			</report>
			<report>
				<misses>20319001</misses>
				<total>41</total>
				<timestamp>7104.539618</timestamp>
			</report>
			<report>
				<misses>20320001</misses>
				<total>41</total>
				<timestamp>7104.889223</timestamp>
			</report>
			<report>
				<misses>20321001</misses>
				<total>41</total>
				<timestamp>7105.238877</timestamp>
			</report>
			<report>
				<misses>20322001</misses>
				<total>41</total>
				<timestamp>7105.588573</timestamp>
			</report>
			<report>
				<misses>20323001</misses>
				<total>41</total>
				<timestamp>7105.938191</timestamp>
			</report>
			<report>
				<misses>20324001</misses>
				<total>41</total>
				<timestamp>7106.287821</timestamp>
			</report>
			<report>
				<misses>20325001</misses>
				<total>41</total>
				<timestamp>7106.637498</timestamp>
			</report>
			<report>
				<misses>20326001</misses>
				<total>41</total>
				<timestamp>7106.987129</timestamp>
			</report>
			<report>
				<misses>20327001</misses>
				<total>41</total>
				<timestamp>7107.336778</timestamp>
			</report>
			<report>
				<misses>20328001</misses>
				<total>41</total>
				<timestamp>7107.686510</timestamp>
			</report>
			<report>
				<misses>20329001</misses>
				<total>41</total>
				<timestamp>7108.036108</timestamp>
			</report>
			<report>
				<misses>20330001</misses>
				<total>41</total>
				<timestamp>7108.385739</timestamp>
			</report>
			<report>
				<misses>20331001</misses>
				<total>41</total>
				<timestamp>7108.735462</timestamp>
			</report>
			<report>
				<misses>20332001</misses>
				<total>41</total>
				<timestamp>7109.085045</timestamp>
			</report>
			<report>
				<misses>20333001</misses>
				<total>41</total>
				<timestamp>7109.434685</timestamp>
			</report>
			<report>
				<misses>20334001</misses>
				<total>41</total>
				<timestamp>7109.784346</timestamp>
			</report>
			<report>
				<misses>20335001</misses>
				<total>41</total>
				<timestamp>7110.133998</timestamp>
			</report>
			<report>
				<misses>20336001</misses>
				<total>41</total>
				<timestamp>7110.483622</timestamp>
			</report>
			<report>
				<misses>20337001</misses>
				<total>41</total>
				<timestamp>7110.833288</timestamp>
			</report>
			<report>
				<misses>20338001</misses>
				<total>41</total>
				<timestamp>7111.182935</timestamp>
			</report>
			<report>
				<misses>20339001</misses>
				<total>41</total>
				<timestamp>7111.532579</timestamp>
			</report>
			<report>
				<misses>20340001</misses>
				<total>41</total>
				<timestamp>7111.882229</timestamp>
			</report>
			<report>
				<misses>20341001</misses>
				<total>41</total>
				<timestamp>7112.231929</timestamp>
			</report>
			<report>
				<misses>20342001</misses>
				<total>41</total>
				<timestamp>7112.581560</timestamp>
			</report>
			<report>
				<misses>20343001</misses>
				<total>41</total>
				<timestamp>7112.931240</timestamp>
			</report>
			<report>
				<misses>20344001</misses>
				<total>41</total>
				<timestamp>7113.280832</timestamp>
			</report>
			<report>
				<misses>20345001</misses>
				<total>41</total>
				<timestamp>7113.630498</timestamp>
			</report>
			<report>
				<misses>20346001</misses>
				<total>41</total>
				<timestamp>7113.980120</timestamp>
			</report>
			<report>
				<misses>20347001</misses>
				<total>41</total>
				<timestamp>7114.329784</timestamp>
			</report>
			<report>
				<misses>20348001</misses>
				<total>41</total>
				<timestamp>7114.679502</timestamp>
			</report>
			<report>
				<misses>20349001</misses>
				<total>41</total>
				<timestamp>7115.029126</timestamp>
			</report>
			<report>
				<misses>20350001</misses>
				<total>41</total>
				<timestamp>7115.378734</timestamp>
			</report>
			<report>
				<misses>20351001</misses>
				<total>41</total>
				<timestamp>7115.728396</timestamp>
			</report>
			<report>
				<misses>20352001</misses>
				<total>41</total>
				<timestamp>7116.078055</timestamp>
			</report>
			<report>
				<misses>20353001</misses>
				<total>41</total>
				<timestamp>7116.427696</timestamp>
			</report>
			<report>
				<misses>20354001</misses>
				<total>41</total>
				<timestamp>7116.777355</timestamp>
			</report>
			<report>
				<misses>20355001</misses>
				<total>41</total>
				<timestamp>7117.126994</timestamp>
			</report>
			<report>
				<misses>20356001</misses>
				<total>41</total>
				<timestamp>7117.476638</timestamp>
			</report>
			<report>
				<misses>20357001</misses>
				<total>41</total>
				<timestamp>7117.826281</timestamp>
			</report>
			<report>
				<misses>20358001</misses>
				<total>41</total>
				<timestamp>7118.175939</timestamp>
			</report>
			<report>
				<misses>20359001</misses>
				<total>41</total>
				<timestamp>7118.525576</timestamp>
			</report>
			<report>
				<misses>20360001</misses>
				<total>41</total>
				<timestamp>7118.875228</timestamp>
			</report>
			<report>
				<misses>20361001</misses>
				<total>41</total>
				<timestamp>7119.224909</timestamp>
			</report>
			<report>
				<misses>20362001</misses>
				<total>41</total>
				<timestamp>7119.574535</timestamp>
			</report>
			<report>
				<misses>20363001</misses>
				<total>41</total>
				<timestamp>7119.924202</timestamp>
			</report>
			<report>
				<misses>20364001</misses>
				<total>41</total>
				<timestamp>7120.273857</timestamp>
			</report>
			<report>
				<misses>20365001</misses>
				<total>41</total>
				<timestamp>7120.623513</timestamp>
			</report>
			<report>
				<misses>20366001</misses>
				<total>41</total>
				<timestamp>7120.973152</timestamp>
			</report>
			<report>
				<misses>20367001</misses>
				<total>41</total>
				<timestamp>7121.322791</timestamp>
			</report>
			<report>
				<misses>20368001</misses>
				<total>41</total>
				<timestamp>7121.672446</timestamp>
			</report>
			<report>
				<misses>20369001</misses>
				<total>41</total>
				<timestamp>7122.022106</timestamp>
			</report>
			<report>
				<misses>20370001</misses>
				<total>41</total>
				<timestamp>7122.371745</timestamp>
			</report>
			<report>
				<misses>20371001</misses>
				<total>41</total>
				<timestamp>7122.721396</timestamp>
			</report>
			<report>
				<misses>20372001</misses>
				<total>41</total>
				<timestamp>7123.071035</timestamp>
			</report>
			<report>
				<misses>20373001</misses>
				<total>41</total>
				<timestamp>7123.420679</timestamp>
			</report>
			<report>
				<misses>20374001</misses>
				<total>41</total>
				<timestamp>7123.770354</timestamp>
			</report>
			<report>
				<misses>20375001</misses>
				<total>41</total>
				<timestamp>7124.119981</timestamp>
			</report>
			<report>
				<misses>20376001</misses>
				<total>41</total>
				<timestamp>7124.469628</timestamp>
			</report>
			<report>
				<misses>20377001</misses>
				<total>41</total>
				<timestamp>7124.819296</timestamp>
			</report>
			<report>
				<misses>20378001</misses>
				<total>41</total>
				<timestamp>7125.168935</timestamp>
			</report>
			<report>
				<misses>20379001</misses>
				<total>41</total>
				<timestamp>7125.518582</timestamp>
			</report>
			<report>
				<misses>20380001</misses>
				<total>41</total>
				<timestamp>7125.868260</timestamp>
			</report>
			<report>
				<misses>20381001</misses>
				<total>41</total>
				<timestamp>7126.217878</timestamp>
			</report>
			<report>
				<misses>20382001</misses>
				<total>41</total>
				<timestamp>7126.567529</timestamp>
			</report>
			<report>
				<misses>20383001</misses>
				<total>41</total>
				<timestamp>7126.917180</timestamp>
			</report>
			<report>
				<misses>20384001</misses>
				<total>41</total>
				<timestamp>7127.266837</timestamp>
			</report>
			<report>
				<misses>20385001</misses>
				<total>41</total>
				<timestamp>7127.616499</timestamp>
			</report>
			<report>
				<misses>20386001</misses>
				<total>41</total>
				<timestamp>7127.966131</timestamp>
			</report>
			<report>
				<misses>20387001</misses>
				<total>41</total>
				<timestamp>7128.315844</timestamp>
			</report>
			<report>
				<misses>20388001</misses>
				<total>41</total>
				<timestamp>7128.665460</timestamp>
			</report>
			<report>
				<misses>20389001</misses>
				<total>41</total>
				<timestamp>7129.015107</timestamp>
			</report>
			<report>
				<misses>20390001</misses>
				<total>41</total>
				<timestamp>7129.364752</timestamp>
			</report>
			<report>
				<misses>20391001</misses>
				<total>41</total>
				<timestamp>7129.714440</timestamp>
			</report>
			<report>
				<misses>20392001</misses>
				<total>41</total>
				<timestamp>7130.064032</timestamp>
			</report>
			<report>
				<misses>20393001</misses>
				<total>41</total>
				<timestamp>7130.413681</timestamp>
			</report>
			<report>
				<misses>20394001</misses>
				<total>41</total>
				<timestamp>7130.763389</timestamp>
			</report>
			<report>
				<misses>20395001</misses>
				<total>41</total>
				<timestamp>7131.112987</timestamp>
			</report>
			<report>
				<misses>20396001</misses>
				<total>41</total>
				<timestamp>7131.462627</timestamp>
			</report>
			<report>
				<misses>20397001</misses>
				<total>41</total>
				<timestamp>7131.812325</timestamp>
			</report>
			<report>
				<misses>20398001</misses>
				<total>41</total>
				<timestamp>7132.161945</timestamp>
			</report>
			<report>
				<misses>20399001</misses>
				<total>41</total>
				<timestamp>7132.511579</timestamp>
			</report>
			<report>
				<misses>20400001</misses>
				<total>41</total>
				<timestamp>7132.861274</timestamp>
			</report>
			<report>
				<misses>20401001</misses>
				<total>41</total>
				<timestamp>7133.210879</timestamp>
			</report>
			<report>
				<misses>20402001</misses>
				<total>41</total>
				<timestamp>7133.560534</timestamp>
			</report>
			<report>
				<misses>20403001</misses>
				<total>41</total>
				<timestamp>7133.910178</timestamp>
			</report>
			<report>
				<misses>20404001</misses>
				<total>41</total>
				<timestamp>7134.259837</timestamp>
			</report>
			<report>
				<misses>20405001</misses>
				<total>41</total>
				<timestamp>7134.609475</timestamp>
			</report>
			<report>
				<misses>20406001</misses>
				<total>41</total>
				<timestamp>7134.959201</timestamp>
			</report>
			<report>
				<misses>20407001</misses>
				<total>41</total>
				<timestamp>7135.308785</timestamp>
			</report>
			<report>
				<misses>20408001</misses>
				<total>41</total>
				<timestamp>7135.658435</timestamp>
			</report>
			<report>
				<misses>20409001</misses>
				<total>41</total>
				<timestamp>7136.008105</timestamp>
			</report>
			<report>
				<misses>20410001</misses>
				<total>41</total>
				<timestamp>7136.357755</timestamp>
			</report>
			<report>
				<misses>20411001</misses>
				<total>41</total>
				<timestamp>7136.707428</timestamp>
			</report>
			<report>
				<misses>20412001</misses>
				<total>41</total>
				<timestamp>7137.057057</timestamp>
			</report>
			<report>
				<misses>20413001</misses>
				<total>41</total>
				<timestamp>7137.406694</timestamp>
			</report>
			<report>
				<misses>20414001</misses>
				<total>41</total>
				<timestamp>7137.756364</timestamp>
			</report>
			<report>
				<misses>20415001</misses>
				<total>41</total>
				<timestamp>7138.106002</timestamp>
			</report>
			<report>
				<misses>20416001</misses>
				<total>41</total>
				<timestamp>7138.455626</timestamp>
			</report>
			<report>
				<misses>20417001</misses>
				<total>41</total>
				<timestamp>7138.805285</timestamp>
			</report>
			<report>
				<misses>20418001</misses>
				<total>41</total>
				<timestamp>7139.154925</timestamp>
			</report>
			<report>
				<misses>20419001</misses>
				<total>41</total>
				<timestamp>7139.504610</timestamp>
			</report>
			<report>
				<misses>20420001</misses>
				<total>41</total>
				<timestamp>7139.854258</timestamp>
			</report>
			<report>
				<misses>20421001</misses>
				<total>41</total>
				<timestamp>7140.203878</timestamp>
			</report>
			<report>
				<misses>20422001</misses>
				<total>41</total>
				<timestamp>7140.553559</timestamp>
			</report>
			<report>
				<misses>20423001</misses>
				<total>41</total>
				<timestamp>7140.903229</timestamp>
			</report>
			<report>
				<misses>20424001</misses>
				<total>41</total>
				<timestamp>7141.252841</timestamp>
			</report>
			<report>
				<misses>20425001</misses>
				<total>41</total>
				<timestamp>7141.602480</timestamp>
			</report>
			<report>
				<misses>20426001</misses>
				<total>41</total>
				<timestamp>7141.952135</timestamp>
			</report>
			<report>
				<misses>20427001</misses>
				<total>41</total>
				<timestamp>7142.301789</timestamp>
			</report>
			<report>
				<misses>20428001</misses>
				<total>41</total>
				<timestamp>7142.651447</timestamp>
			</report>
			<report>
				<misses>20429001</misses>
				<total>41</total>
				<timestamp>7143.001129</timestamp>
			</report>
			<report>
				<misses>20430001</misses>
				<total>41</total>
				<timestamp>7143.350723</timestamp>
			</report>
			<report>
				<misses>20431001</misses>
				<total>41</total>
				<timestamp>7143.700419</timestamp>
			</report>
			<report>
				<misses>20432001</misses>
				<total>41</total>
				<timestamp>7144.050032</timestamp>
			</report>
			<report>
				<misses>20433001</misses>
				<total>41</total>
				<timestamp>7144.399735</timestamp>
			</report>
			<report>
				<misses>20434001</misses>
				<total>41</total>
				<timestamp>7144.749388</timestamp>
			</report>
			<report>
				<misses>20435001</misses>
				<total>41</total>
				<timestamp>7145.098985</timestamp>
			</report>
			<report>
				<misses>20436001</misses>
				<total>41</total>
				<timestamp>7145.448635</timestamp>
			</report>
			<report>
				<misses>20437001</misses>
				<total>41</total>
				<timestamp>7145.798297</timestamp>
			</report>
			<report>
				<misses>20438001</misses>
				<total>41</total>
				<timestamp>7146.147938</timestamp>
			</report>
			<report>
				<misses>20439001</misses>
				<total>41</total>
				<timestamp>7146.497586</timestamp>
			</report>
			<report>
				<misses>20440001</misses>
				<total>41</total>
				<timestamp>7146.847249</timestamp>
			</report>
			<report>
				<misses>20441001</misses>
				<total>41</total>
				<timestamp>7147.196885</timestamp>
			</report>
			<report>
				<misses>20442001</misses>
				<total>41</total>
				<timestamp>7147.546581</timestamp>
			</report>
			<report>
				<misses>20443001</misses>
				<total>41</total>
				<timestamp>7147.896299</timestamp>
			</report>
			<report>
				<misses>20444001</misses>
				<total>41</total>
				<timestamp>7148.245828</timestamp>
			</report>
			<report>
				<misses>20445001</misses>
				<total>41</total>
				<timestamp>7148.595493</timestamp>
			</report>
			<report>
				<misses>20446001</misses>
				<total>41</total>
				<timestamp>7148.945139</timestamp>
			</report>
			<report>
				<misses>20447001</misses>
				<total>41</total>
				<timestamp>7149.294780</timestamp>
			</report>
			<report>
				<misses>20448001</misses>
				<total>41</total>
				<timestamp>7149.644475</timestamp>
			</report>
			<report>
				<misses>20449001</misses>
				<total>41</total>
				<timestamp>7149.994103</timestamp>
			</report>
			<report>
				<misses>20450001</misses>
				<total>41</total>
				<timestamp>7150.343764</timestamp>
			</report>
			<report>
				<misses>20451001</misses>
				<total>41</total>
				<timestamp>7150.693404</timestamp>
			</report>
			<report>
				<misses>20452001</misses>
				<total>41</total>
				<timestamp>7151.043049</timestamp>
			</report>
			<report>
				<misses>20453001</misses>
				<total>41</total>
				<timestamp>7151.392689</timestamp>
			</report>
			<report>
				<misses>20454001</misses>
				<total>41</total>
				<timestamp>7151.742332</timestamp>
			</report>
			<report>
				<misses>20455001</misses>
				<total>41</total>
				<timestamp>7152.091978</timestamp>
			</report>
			<report>
				<misses>20456001</misses>
				<total>41</total>
				<timestamp>7152.441639</timestamp>
			</report>
			<report>
				<misses>20457001</misses>
				<total>41</total>
				<timestamp>7152.791329</timestamp>
			</report>
			<report>
				<misses>20458001</misses>
				<total>41</total>
				<timestamp>7153.140943</timestamp>
			</report>
			<report>
				<misses>20459001</misses>
				<total>41</total>
				<timestamp>7153.490583</timestamp>
			</report>
			<report>
				<misses>20460001</misses>
				<total>41</total>
				<timestamp>7153.840293</timestamp>
			</report>
			<report>
				<misses>20461001</misses>
				<total>41</total>
				<timestamp>7154.189916</timestamp>
			</report>
			<report>
				<misses>20462001</misses>
				<total>41</total>
				<timestamp>7154.539520</timestamp>
			</report>
			<report>
				<misses>20463001</misses>
				<total>41</total>
				<timestamp>7154.889194</timestamp>
			</report>
			<report>
				<misses>20464001</misses>
				<total>41</total>
				<timestamp>7155.238839</timestamp>
			</report>
			<report>
				<misses>20465001</misses>
				<total>41</total>
				<timestamp>7155.588502</timestamp>
			</report>
			<report>
				<misses>20466001</misses>
				<total>41</total>
				<timestamp>7155.938154</timestamp>
			</report>
			<report>
				<misses>20467001</misses>
				<total>41</total>
				<timestamp>7156.287793</timestamp>
			</report>
			<report>
				<misses>20468001</misses>
				<total>41</total>
				<timestamp>7156.637433</timestamp>
			</report>
			<report>
				<misses>20469001</misses>
				<total>41</total>
				<timestamp>7156.987163</timestamp>
			</report>
			<report>
				<misses>20470001</misses>
				<total>41</total>
				<timestamp>7157.336740</timestamp>
			</report>
			<report>
				<misses>20471001</misses>
				<total>41</total>
				<timestamp>7157.686376</timestamp>
			</report>
			<report>
				<misses>20472001</misses>
				<total>41</total>
				<timestamp>7158.036072</timestamp>
			</report>
			<report>
				<misses>20473001</misses>
				<total>41</total>
				<timestamp>7158.385700</timestamp>
			</report>
			<report>
				<misses>20474001</misses>
				<total>41</total>
				<timestamp>7158.735371</timestamp>
			</report>
			<report>
				<misses>20475001</misses>
				<total>41</total>
				<timestamp>7159.084995</timestamp>
			</report>
			<report>
				<misses>20476001</misses>
				<total>41</total>
				<timestamp>7159.434655</timestamp>
			</report>
			<report>
				<misses>20477001</misses>
				<total>41</total>
				<timestamp>7159.784282</timestamp>
			</report>
			<report>
				<misses>20478001</misses>
				<total>41</total>
				<timestamp>7160.133942</timestamp>
			</report>
			<report>
				<misses>20479001</misses>
				<total>41</total>
				<timestamp>7160.483577</timestamp>
			</report>
			<report>
				<misses>20480001</misses>
				<total>41</total>
				<timestamp>7160.833233</timestamp>
			</report>
			<report>
				<misses>20481001</misses>
				<total>41</total>
				<timestamp>7161.182886</timestamp>
			</report>
			<report>
				<misses>20482001</misses>
				<total>41</total>
				<timestamp>7161.532537</timestamp>
			</report>
			<report>
				<misses>20483001</misses>
				<total>41</total>
				<timestamp>7161.882178</timestamp>
			</report>
			<report>
				<misses>20484001</misses>
				<total>41</total>
				<timestamp>7162.231830</timestamp>
			</report>
			<report>
				<misses>20485001</misses>
				<total>41</total>
				<timestamp>7162.581497</timestamp>
			</report>
			<report>
				<misses>20486001</misses>
				<total>41</total>
				<timestamp>7162.931154</timestamp>
			</report>
			<report>
				<misses>20487001</misses>
				<total>41</total>
				<timestamp>7163.280801</timestamp>
			</report>
			<report>
				<misses>20488001</misses>
				<total>41</total>
				<timestamp>7163.630439</timestamp>
			</report>
			<report>
				<misses>20489001</misses>
				<total>41</total>
				<timestamp>7163.980129</timestamp>
			</report>
			<report>
				<misses>20490001</misses>
				<total>41</total>
				<timestamp>7164.329750</timestamp>
			</report>
			<report>
				<misses>20491001</misses>
				<total>41</total>
				<timestamp>7164.679412</timestamp>
			</report>
			<report>
				<misses>20492001</misses>
				<total>41</total>
				<timestamp>7165.029066</timestamp>
			</report>
			<report>
				<misses>20493001</misses>
				<total>41</total>
				<timestamp>7165.378708</timestamp>
			</report>
			<report>
				<misses>20494001</misses>
				<total>41</total>
				<timestamp>7165.728349</timestamp>
			</report>
			<report>
				<misses>20495001</misses>
				<total>41</total>
				<timestamp>7166.077996</timestamp>
			</report>
			<report>
				<misses>20496001</misses>
				<total>41</total>
				<timestamp>7166.427631</timestamp>
			</report>
			<report>
				<misses>20497001</misses>
				<total>41</total>
				<timestamp>7166.777303</timestamp>
			</report>
			<report>
				<misses>20498001</misses>
				<total>41</total>
				<timestamp>7167.126947</timestamp>
			</report>
			<report>
				<misses>20499001</misses>
				<total>41</total>
				<timestamp>7167.476598</timestamp>
			</report>
			<report>
				<misses>20500001</misses>
				<total>41</total>
				<timestamp>7167.826251</timestamp>
			</report>
			<report>
				<misses>20501001</misses>
				<total>41</total>
				<timestamp>7168.175893</timestamp>
			</report>
			<report>
				<misses>20502001</misses>
				<total>41</total>
				<timestamp>7168.525533</timestamp>
			</report>
			<report>
				<misses>20503001</misses>
				<total>41</total>
				<timestamp>7168.875206</timestamp>
			</report>
			<report>
				<misses>20504001</misses>
				<total>41</total>
				<timestamp>7169.224846</timestamp>
			</report>
			<report>
				<misses>20505001</misses>
				<total>41</total>
				<timestamp>7169.574473</timestamp>
			</report>
			<report>
				<misses>20506001</misses>
				<total>41</total>
				<timestamp>7169.924136</timestamp>
			</report>
			<report>
				<misses>20507001</misses>
				<total>41</total>
				<timestamp>7170.273783</timestamp>
			</report>
			<report>
				<misses>20508001</misses>
				<total>41</total>
				<timestamp>7170.623451</timestamp>
			</report>
			<report>
				<misses>20509001</misses>
				<total>41</total>
				<timestamp>7170.973154</timestamp>
			</report>
			<report>
				<misses>20510001</misses>
				<total>41</total>
				<timestamp>7171.322735</timestamp>
			</report>
			<report>
				<misses>20511001</misses>
				<total>41</total>
				<timestamp>7171.672399</timestamp>
			</report>
			<report>
				<misses>20512001</misses>
				<total>41</total>
				<timestamp>7172.022053</timestamp>
			</report>
			<report>
				<misses>20513001</misses>
				<total>41</total>
				<timestamp>7172.371692</timestamp>
			</report>
			<report>
				<misses>20514001</misses>
				<total>41</total>
				<timestamp>7172.721331</timestamp>
			</report>
			<report>
				<misses>20515001</misses>
				<total>41</total>
				<timestamp>7173.071052</timestamp>
			</report>
			<report>
				<misses>20516001</misses>
				<total>41</total>
				<timestamp>7173.420647</timestamp>
			</report>
			<report>
				<misses>20517001</misses>
				<total>41</total>
				<timestamp>7173.770295</timestamp>
			</report>
			<report>
				<misses>20518001</misses>
				<total>41</total>
				<timestamp>7174.119942</timestamp>
			</report>
			<report>
				<misses>20519001</misses>
				<total>41</total>
				<timestamp>7174.469600</timestamp>
			</report>
			<report>
				<misses>20520001</misses>
				<total>41</total>
				<timestamp>7174.819227</timestamp>
			</report>
			<report>
				<misses>20521001</misses>
				<total>41</total>
				<timestamp>7175.168881</timestamp>
			</report>
			<report>
				<misses>20522001</misses>
				<total>41</total>
				<timestamp>7175.518554</timestamp>
			</report>
			<report>
				<misses>20523001</misses>
				<total>41</total>
				<timestamp>7175.868226</timestamp>
			</report>
			<report>
				<misses>20524001</misses>
				<total>41</total>
				<timestamp>7176.217845</timestamp>
			</report>
			<report>
				<misses>20525001</misses>
				<total>41</total>
				<timestamp>7176.567487</timestamp>
			</report>
			<report>
				<misses>20526001</misses>
				<total>41</total>
				<timestamp>7176.917222</timestamp>
			</report>
			<report>
				<misses>20527001</misses>
				<total>41</total>
				<timestamp>7177.266781</timestamp>
			</report>
			<report>
				<misses>20528001</misses>
				<total>41</total>
				<timestamp>7177.616446</timestamp>
			</report>
			<report>
				<misses>20529001</misses>
				<total>41</total>
				<timestamp>7177.966170</timestamp>
			</report>
			<report>
				<misses>20530001</misses>
				<total>41</total>
				<timestamp>7178.315730</timestamp>
			</report>
			<report>
				<misses>20531001</misses>
				<total>41</total>
				<timestamp>7178.665385</timestamp>
			</report>
			<report>
				<misses>20532001</misses>
				<total>41</total>
				<timestamp>7179.015066</timestamp>
			</report>
			<report>
				<misses>20533001</misses>
				<total>41</total>
				<timestamp>7179.364709</timestamp>
			</report>
			<report>
				<misses>20534001</misses>
				<total>41</total>
				<timestamp>7179.714381</timestamp>
			</report>
			<report>
				<misses>20535001</misses>
				<total>41</total>
				<timestamp>7180.064036</timestamp>
			</report>
			<report>
				<misses>20536001</misses>
				<total>41</total>
				<timestamp>7180.413685</timestamp>
			</report>
			<report>
				<misses>20537001</misses>
				<total>41</total>
				<timestamp>7180.763291</timestamp>
			</report>
			<report>
				<misses>20538001</misses>
				<total>41</total>
				<timestamp>7181.112968</timestamp>
			</report>
			<report>
				<misses>20539001</misses>
				<total>41</total>
				<timestamp>7181.462600</timestamp>
			</report>
			<report>
				<misses>20540001</misses>
				<total>41</total>
				<timestamp>7181.812252</timestamp>
			</report>
			<report>
				<misses>20541001</misses>
				<total>41</total>
				<timestamp>7182.161908</timestamp>
			</report>
			<report>
				<misses>20542001</misses>
				<total>41</total>
				<timestamp>7182.511537</timestamp>
			</report>
			<report>
				<misses>20543001</misses>
				<total>41</total>
				<timestamp>7182.861251</timestamp>
			</report>
			<report>
				<misses>20544001</misses>
				<total>41</total>
				<timestamp>7183.210844</timestamp>
			</report>
			<report>
				<misses>20545001</misses>
				<total>41</total>
				<timestamp>7183.560499</timestamp>
			</report>
			<report>
				<misses>20546001</misses>
				<total>41</total>
				<timestamp>7183.910131</timestamp>
			</report>
			<report>
				<misses>20547001</misses>
				<total>41</total>
				<timestamp>7184.259782</timestamp>
			</report>
			<report>
				<misses>20548001</misses>
				<total>41</total>
				<timestamp>7184.609427</timestamp>
			</report>
			<report>
				<misses>20549001</misses>
				<total>41</total>
				<timestamp>7184.959120</timestamp>
			</report>
			<report>
				<misses>20550001</misses>
				<total>41</total>
				<timestamp>7185.308800</timestamp>
			</report>
			<report>
				<misses>20551001</misses>
				<total>41</total>
				<timestamp>7185.658384</timestamp>
			</report>
			<report>
				<misses>20552001</misses>
				<total>41</total>
				<timestamp>7186.008086</timestamp>
			</report>
			<report>
				<misses>20553001</misses>
				<total>41</total>
				<timestamp>7186.357701</timestamp>
			</report>
			<report>
				<misses>20554001</misses>
				<total>41</total>
				<timestamp>7186.707325</timestamp>
			</report>
			<report>
				<misses>20555001</misses>
				<total>41</total>
				<timestamp>7187.056994</timestamp>
			</report>
			<report>
				<misses>20556001</misses>
				<total>41</total>
				<timestamp>7187.406663</timestamp>
			</report>
			<report>
				<misses>20557001</misses>
				<total>41</total>
				<timestamp>7187.756299</timestamp>
			</report>
			<report>
				<misses>20558001</misses>
				<total>41</total>
				<timestamp>7188.105973</timestamp>
			</report>
			<report>
				<misses>20559001</misses>
				<total>41</total>
				<timestamp>7188.455600</timestamp>
			</report>
			<report>
				<misses>20560001</misses>
				<total>41</total>
				<timestamp>7188.805228</timestamp>
			</report>
			<report>
				<misses>20561001</misses>
				<total>41</total>
				<timestamp>7189.154935</timestamp>
			</report>
			<report>
				<misses>20562001</misses>
				<total>41</total>
				<timestamp>7189.504550</timestamp>
			</report>
			<report>
				<misses>20563001</misses>
				<total>41</total>
				<timestamp>7189.854191</timestamp>
			</report>
			<report>
				<misses>20564001</misses>
				<total>41</total>
				<timestamp>7190.203837</timestamp>
			</report>
			<report>
				<misses>20565001</misses>
				<total>41</total>
				<timestamp>7190.553478</timestamp>
			</report>
			<report>
				<misses>20566001</misses>
				<total>41</total>
				<timestamp>7190.903168</timestamp>
			</report>
			<report>
				<misses>20567001</misses>
				<total>41</total>
				<timestamp>7191.252827</timestamp>
			</report>
			<report>
				<misses>20568001</misses>
				<total>41</total>
				<timestamp>7191.602429</timestamp>
			</report>
			<report>
				<misses>20569001</misses>
				<total>41</total>
				<timestamp>7191.952095</timestamp>
			</report>
			<report>
				<misses>20570001</misses>
				<total>41</total>
				<timestamp>7192.301722</timestamp>
			</report>
			<report>
				<misses>20571001</misses>
				<total>41</total>
				<timestamp>7192.651382</timestamp>
			</report>
			<report>
				<misses>20572001</misses>
				<total>41</total>
				<timestamp>7193.001073</timestamp>
			</report>
			<report>
				<misses>20573001</misses>
				<total>41</total>
				<timestamp>7193.350684</timestamp>
			</report>
			<report>
				<misses>20574001</misses>
				<total>41</total>
				<timestamp>7193.700365</timestamp>
			</report>
			<report>
				<misses>20575001</misses>
				<total>41</total>
				<timestamp>7194.049990</timestamp>
			</report>
			<report>
				<misses>20576001</misses>
				<total>41</total>
				<timestamp>7194.399648</timestamp>
			</report>
			<report>
				<misses>20577001</misses>
				<total>41</total>
				<timestamp>7194.749293</timestamp>
			</report>
			<report>
				<misses>20578001</misses>
				<total>41</total>
				<timestamp>7195.098965</timestamp>
			</report>
			<report>
				<misses>20579001</misses>
				<total>41</total>
				<timestamp>7195.448603</timestamp>
			</report>
			<report>
				<misses>20580001</misses>
				<total>41</total>
				<timestamp>7195.798267</timestamp>
			</report>
			<report>
				<misses>20581001</misses>
				<total>41</total>
				<timestamp>7196.147931</timestamp>
			</report>
			<report>
				<misses>20582001</misses>
				<total>41</total>
				<timestamp>7196.497529</timestamp>
			</report>
			<report>
				<misses>20583001</misses>
				<total>41</total>
				<timestamp>7196.847190</timestamp>
			</report>
			<report>
				<misses>20584001</misses>
				<total>41</total>
				<timestamp>7197.196879</timestamp>
			</report>
			<report>
				<misses>20585001</misses>
				<total>41</total>
				<timestamp>7197.546497</timestamp>
			</report>
			<report>
				<misses>20586001</misses>
				<total>41</total>
				<timestamp>7197.896144</timestamp>
			</report>
			<report>
				<misses>20587001</misses>
				<total>41</total>
				<timestamp>7198.245794</timestamp>
			</report>
			<report>
				<misses>20588001</misses>
				<total>41</total>
				<timestamp>7198.595427</timestamp>
			</report>
			<report>
				<misses>20589001</misses>
				<total>41</total>
				<timestamp>7198.945093</timestamp>
			</report>
		</query>
	</custom>
	<ethtool_statistic>
		<rx_packets>
			<start>11334985249</start>
			<end>11937374061</end>
		</rx_packets>
		<tx_packets>
			<start>18450796162</start>
			<end>19337774437</end>
		</tx_packets>
		<rx_dropped>
			<start>1251</start>
			<end>1251</end>
		</rx_dropped>
		<tx_dropped>
			<start>0</start>
			<end>0</end>
		</tx_dropped>
		<collisions>
			<start>0</start>
			<end>0</end>
		</collisions>
		<port_tx_errors>
			<start>0</start>
			<end>0</end>
		</port_tx_errors>
		<port_rx_dropped>
			<start>0</start>
			<end>0</end>
		</port_rx_dropped>
		<port_tx_dropped_link_down>
			<start>0</start>
			<end>0</end>
		</port_tx_dropped_link_down>
	</ethtool_statistic>
	<ip_statistic>
		<mtu>
			<start>9000</start>
			<end>9000</end>
		</mtu>
		<rx_bytes>
			<start>46131182632403</start>
			<end>48538303750815</end>
		</rx_bytes>
		<rx_packets>
			<start>11334985635</start>
			<end>11937374089</end>
		</rx_packets>
		<rx_errors>
			<start>0</start>
			<end>0</end>
		</rx_errors>
		<rx_dropped>
			<start>1251</start>
			<end>1251</end>
		</rx_dropped>
		<rx_missed>
			<start>0</start>
			<end>0</end>
		</rx_missed>
		<rx_mcast>
			<start>5485</start>
			<end>5569</end>
		</rx_mcast>
		<tx_bytes>
			<start>65390341181204</start>
			<end>68564267591212</end>
		</tx_bytes>
		<tx_packets>
			<start>18450796190</start>
			<end>19337775028</end>
		</tx_packets>
		<tx_errors>
			<start>0</start>
			<end>0</end>
		</tx_errors>
		<tx_dropped>
			<start>0</start>
			<end>0</end>
		</tx_dropped>
		<tx_carrier>
			<start>0</start>
			<end>0</end>
		</tx_carrier>
		<tx_collisions>
			<start>0</start>
			<end>0</end>
		</tx_collisions>
	</ip_statistic>
	<netstat_statistic>
		<udp_pkg_rec>
			<start>9612707388</start>
			<end>10119296551</end>
		</udp_pkg_rec>
		<udp_pkg_snt>
			<start>15834621504</start>
			<end>16577654869</end>
		</udp_pkg_snt>
		<udp_rec_err>
			<start>1724451857</start>
			<end>1820287691</end>
		</udp_rec_err>
		<udp_rec_buf_err>
			<start>1724451857</start>
			<end>1820287691</end>
		</udp_rec_buf_err>
		<udp_snt_buf_err>
			<start>0</start>
			<end>0</end>
		</udp_snt_buf_err>
	</netstat_statistic>
</test_results>
