<?xml version="1.0"?>
<test_results>
	<status>STATUS_SUCCESS</status>
	<custom>
		<num_loss>56</num_loss>
		<num_total>4000001</num_total>
		<num_misses>2</num_misses>
		<elapsed_time>1199.999666</elapsed_time>
		<query />
	</custom>
	<ethtool_statistic>
		<rx_packets>
			<start>4358446941</start>
			<end>4455939649</end>
		</rx_packets>
		<tx_packets>
			<start>7194677934</start>
			<end>7347070669</end>
		</tx_packets>
		<rx_dropped>
			<start>0</start>
			<end>0</end>
		</rx_dropped>
		<tx_dropped>
			<start>0</start>
			<end>0</end>
		</tx_dropped>
		<collisions>
			<start>0</start>
			<end>0</end>
		</collisions>
		<port_tx_errors>
			<start>0</start>
			<end>0</end>
		</port_tx_errors>
		<port_rx_dropped>
			<start>0</start>
			<end>0</end>
		</port_rx_dropped>
		<port_tx_dropped_link_down>
			<start>0</start>
			<end>0</end>
		</port_tx_dropped_link_down>
	</ethtool_statistic>
	<ip_statistic>
		<mtu>
			<start>9000</start>
			<end>9000</end>
		</mtu>
		<rx_bytes>
			<start>17830388190051</start>
			<end>18228154557069</end>
		</rx_bytes>
		<rx_packets>
			<start>4358447156</start>
			<end>4455939813</end>
		</rx_packets>
		<rx_errors>
			<start>0</start>
			<end>0</end>
		</rx_errors>
		<rx_dropped>
			<start>0</start>
			<end>0</end>
		</rx_dropped>
		<rx_missed>
			<start>0</start>
			<end>0</end>
		</rx_missed>
		<rx_mcast>
			<start>2334</start>
			<end>2349</end>
		</rx_mcast>
		<tx_bytes>
			<start>21783021639571</start>
			<end>22349777116103</end>
		</tx_bytes>
		<tx_packets>
			<start>7194677977</start>
			<end>7347070682</end>
		</tx_packets>
		<tx_errors>
			<start>0</start>
			<end>0</end>
		</tx_errors>
		<tx_dropped>
			<start>0</start>
			<end>0</end>
		</tx_dropped>
		<tx_carrier>
			<start>0</start>
			<end>0</end>
		</tx_carrier>
		<tx_collisions>
			<start>0</start>
			<end>0</end>
		</tx_collisions>
	</ip_statistic>
	<netstat_statistic>
		<udp_pkg_rec>
			<start>3670254274</start>
			<end>3751925761</end>
		</udp_pkg_rec>
		<udp_pkg_snt>
			<start>6922220641</start>
			<end>7046619651</end>
		</udp_pkg_snt>
		<udp_rec_err>
			<start>688917038</start>
			<end>704744247</end>
		</udp_rec_err>
		<udp_rec_buf_err>
			<start>688917038</start>
			<end>704744247</end>
		</udp_rec_buf_err>
		<udp_snt_buf_err>
			<start>0</start>
			<end>0</end>
		</udp_snt_buf_err>
	</netstat_statistic>
</test_results>
