<?xml version="1.0"?>
<test_results>
	<status>STATUS_SUCCESS</status>
	<custom>
		<num_loss>50</num_loss>
		<num_total>7400001</num_total>
		<num_misses>745717</num_misses>
		<elapsed_time>488.738792</elapsed_time>
		<query>
			<report>
				<misses>100000</misses>
				<total>1</total>
				<timestamp>6.709028</timestamp>
			</report>
			<report>
				<misses>200000</misses>
				<total>1</total>
				<timestamp>13.133247</timestamp>
			</report>
			<report>
				<misses>300000</misses>
				<total>0</total>
				<timestamp>19.942726</timestamp>
			</report>
			<report>
				<misses>400000</misses>
				<total>1</total>
				<timestamp>26.756820</timestamp>
			</report>
			<report>
				<misses>500000</misses>
				<total>2</total>
				<timestamp>33.351961</timestamp>
			</report>
			<report>
				<misses>600000</misses>
				<total>6</total>
				<timestamp>39.816043</timestamp>
			</report>
			<report>
				<misses>700000</misses>
				<total>7</total>
				<timestamp>46.428350</timestamp>
			</report>
			<report>
				<misses>800000</misses>
				<total>6</total>
				<timestamp>52.938320</timestamp>
			</report>
			<report>
				<misses>900000</misses>
				<total>10</total>
				<timestamp>59.584958</timestamp>
			</report>
			<report>
				<misses>1000000</misses>
				<total>10</total>
				<timestamp>66.395218</timestamp>
			</report>
			<report>
				<misses>1100000</misses>
				<total>11</total>
				<timestamp>73.139348</timestamp>
			</report>
			<report>
				<misses>1200000</misses>
				<total>10</total>
				<timestamp>79.588185</timestamp>
			</report>
			<report>
				<misses>1300000</misses>
				<total>12</total>
				<timestamp>86.166971</timestamp>
			</report>
			<report>
				<misses>1400000</misses>
				<total>12</total>
				<timestamp>92.955358</timestamp>
			</report>
			<report>
				<misses>1500000</misses>
				<total>12</total>
				<timestamp>99.671048</timestamp>
			</report>
			<report>
				<misses>1600000</misses>
				<total>13</total>
				<timestamp>106.487691</timestamp>
			</report>
			<report>
				<misses>1700000</misses>
				<total>14</total>
				<timestamp>113.237087</timestamp>
			</report>
			<report>
				<misses>1800000</misses>
				<total>13</total>
				<timestamp>119.661707</timestamp>
			</report>
			<report>
				<misses>1900000</misses>
				<total>13</total>
				<timestamp>126.304506</timestamp>
			</report>
			<report>
				<misses>2000000</misses>
				<total>12</total>
				<timestamp>132.818418</timestamp>
			</report>
			<report>
				<misses>2100000</misses>
				<total>14</total>
				<timestamp>139.456821</timestamp>
			</report>
			<report>
				<misses>2200000</misses>
				<total>14</total>
				<timestamp>146.168311</timestamp>
			</report>
			<report>
				<misses>2300000</misses>
				<total>15</total>
				<timestamp>152.859572</timestamp>
			</report>
			<report>
				<misses>2400000</misses>
				<total>14</total>
				<timestamp>159.412284</timestamp>
			</report>
			<report>
				<misses>2500000</misses>
				<total>14</total>
				<timestamp>165.939484</timestamp>
			</report>
			<report>
				<misses>2600000</misses>
				<total>14</total>
				<timestamp>172.688375</timestamp>
			</report>
			<report>
				<misses>2700000</misses>
				<total>15</total>
				<timestamp>179.299665</timestamp>
			</report>
			<report>
				<misses>2800000</misses>
				<total>15</total>
				<timestamp>185.750104</timestamp>
			</report>
			<report>
				<misses>2900000</misses>
				<total>15</total>
				<timestamp>192.279074</timestamp>
			</report>
			<report>
				<misses>3000000</misses>
				<total>15</total>
				<timestamp>198.803236</timestamp>
			</report>
			<report>
				<misses>3100000</misses>
				<total>17</total>
				<timestamp>205.289823</timestamp>
			</report>
			<report>
				<misses>3200000</misses>
				<total>16</total>
				<timestamp>212.056509</timestamp>
			</report>
			<report>
				<misses>3300000</misses>
				<total>18</total>
				<timestamp>218.831440</timestamp>
			</report>
			<report>
				<misses>3400000</misses>
				<total>20</total>
				<timestamp>225.340534</timestamp>
			</report>
			<report>
				<misses>3500000</misses>
				<total>21</total>
				<timestamp>231.873380</timestamp>
			</report>
			<report>
				<misses>3600000</misses>
				<total>21</total>
				<timestamp>238.486229</timestamp>
			</report>
			<report>
				<misses>3700000</misses>
				<total>23</total>
				<timestamp>244.892235</timestamp>
			</report>
			<report>
				<misses>3800000</misses>
				<total>26</total>
				<timestamp>251.529432</timestamp>
			</report>
			<report>
				<misses>3900000</misses>
				<total>28</total>
				<timestamp>258.016136</timestamp>
			</report>
			<report>
				<misses>4000000</misses>
				<total>27</total>
				<timestamp>264.517405</timestamp>
			</report>
			<report>
				<misses>4100000</misses>
				<total>28</total>
				<timestamp>271.138931</timestamp>
			</report>
			<report>
				<misses>4200000</misses>
				<total>28</total>
				<timestamp>277.556462</timestamp>
			</report>
			<report>
				<misses>4300000</misses>
				<total>29</total>
				<timestamp>284.135032</timestamp>
			</report>
			<report>
				<misses>4400000</misses>
				<total>29</total>
				<timestamp>290.616898</timestamp>
			</report>
			<report>
				<misses>4500000</misses>
				<total>30</total>
				<timestamp>297.104772</timestamp>
			</report>
			<report>
				<misses>4600000</misses>
				<total>30</total>
				<timestamp>303.808540</timestamp>
			</report>
			<report>
				<misses>4700000</misses>
				<total>32</total>
				<timestamp>310.513733</timestamp>
			</report>
			<report>
				<misses>4800000</misses>
				<total>31</total>
				<timestamp>316.951748</timestamp>
			</report>
			<report>
				<misses>4900000</misses>
				<total>33</total>
				<timestamp>323.634300</timestamp>
			</report>
			<report>
				<misses>5000000</misses>
				<total>34</total>
				<timestamp>330.297284</timestamp>
			</report>
			<report>
				<misses>5100000</misses>
				<total>35</total>
				<timestamp>337.098825</timestamp>
			</report>
			<report>
				<misses>5200000</misses>
				<total>34</total>
				<timestamp>343.819512</timestamp>
			</report>
			<report>
				<misses>5300000</misses>
				<total>35</total>
				<timestamp>350.603100</timestamp>
			</report>
			<report>
				<misses>5400000</misses>
				<total>36</total>
				<timestamp>357.116616</timestamp>
			</report>
			<report>
				<misses>5500000</misses>
				<total>36</total>
				<timestamp>363.715367</timestamp>
			</report>
			<report>
				<misses>5600000</misses>
				<total>37</total>
				<timestamp>370.407736</timestamp>
			</report>
			<report>
				<misses>5700000</misses>
				<total>36</total>
				<timestamp>376.931934</timestamp>
			</report>
			<report>
				<misses>5800000</misses>
				<total>39</total>
				<timestamp>383.572759</timestamp>
			</report>
			<report>
				<misses>5900000</misses>
				<total>40</total>
				<timestamp>390.316020</timestamp>
			</report>
			<report>
				<misses>6000000</misses>
				<total>40</total>
				<timestamp>396.842887</timestamp>
			</report>
			<report>
				<misses>6100000</misses>
				<total>40</total>
				<timestamp>403.492471</timestamp>
			</report>
			<report>
				<misses>6200000</misses>
				<total>40</total>
				<timestamp>410.288206</timestamp>
			</report>
			<report>
				<misses>6300000</misses>
				<total>40</total>
				<timestamp>417.032675</timestamp>
			</report>
			<report>
				<misses>6400000</misses>
				<total>40</total>
				<timestamp>423.510862</timestamp>
			</report>
			<report>
				<misses>6500000</misses>
				<total>41</total>
				<timestamp>430.172891</timestamp>
			</report>
			<report>
				<misses>6600000</misses>
				<total>41</total>
				<timestamp>436.688580</timestamp>
			</report>
			<report>
				<misses>6700000</misses>
				<total>41</total>
				<timestamp>443.138335</timestamp>
			</report>
			<report>
				<misses>6800000</misses>
				<total>42</total>
				<timestamp>449.704429</timestamp>
			</report>
			<report>
				<misses>6900000</misses>
				<total>44</total>
				<timestamp>456.172433</timestamp>
			</report>
			<report>
				<misses>7000000</misses>
				<total>46</total>
				<timestamp>462.715969</timestamp>
			</report>
			<report>
				<misses>7100000</misses>
				<total>47</total>
				<timestamp>469.275609</timestamp>
			</report>
			<report>
				<misses>7200000</misses>
				<total>47</total>
				<timestamp>475.702282</timestamp>
			</report>
			<report>
				<misses>7300000</misses>
				<total>49</total>
				<timestamp>482.282885</timestamp>
			</report>
			<report>
				<misses>7400000</misses>
				<total>52</total>
				<timestamp>488.738767</timestamp>
			</report>
		</query>
	</custom>
	<ethtool_statistic>
		<rx_packets>
			<start>16658</start>
			<end>16758</end>
		</rx_packets>
		<tx_packets>
			<start>3736041526</start>
			<end>4061638416</end>
		</tx_packets>
		<rx_dropped>
			<start>0</start>
			<end>0</end>
		</rx_dropped>
		<tx_dropped>
			<start>0</start>
			<end>0</end>
		</tx_dropped>
		<collisions>
			<start>0</start>
			<end>0</end>
		</collisions>
		<port_tx_errors>
			<start>0</start>
			<end>0</end>
		</port_tx_errors>
		<port_rx_dropped>
			<start>0</start>
			<end>0</end>
		</port_rx_dropped>
		<port_tx_dropped_link_down>
			<start>0</start>
			<end>0</end>
		</port_tx_dropped_link_down>
	</ethtool_statistic>
	<ip_statistic>
		<mtu>
			<start>1500</start>
			<end>1500</end>
		</mtu>
		<rx_bytes>
			<start>1067248</start>
			<end>1073248</end>
		</rx_bytes>
		<rx_packets>
			<start>16658</start>
			<end>16758</end>
		</rx_packets>
		<rx_errors>
			<start>0</start>
			<end>0</end>
		</rx_errors>
		<rx_dropped>
			<start>0</start>
			<end>0</end>
		</rx_dropped>
		<rx_missed>
			<start>0</start>
			<end>0</end>
		</rx_missed>
		<rx_mcast>
			<start>1859</start>
			<end>1859</end>
		</rx_mcast>
		<tx_bytes>
			<start>3753062191548</start>
			<end>4245186941680</end>
		</tx_bytes>
		<tx_packets>
			<start>3736041526</start>
			<end>4061638416</end>
		</tx_packets>
		<tx_errors>
			<start>0</start>
			<end>0</end>
		</tx_errors>
		<tx_dropped>
			<start>0</start>
			<end>0</end>
		</tx_dropped>
		<tx_carrier>
			<start>0</start>
			<end>0</end>
		</tx_carrier>
		<tx_collisions>
			<start>0</start>
			<end>0</end>
		</tx_collisions>
	</ip_statistic>
	<netstat_statistic>
		<udp_pkg_rec>
			<start>992596755</start>
			<end>1022470729</end>
		</udp_pkg_rec>
		<udp_pkg_snt>
			<start>2477738885</start>
			<end>2519448488</end>
		</udp_pkg_snt>
		<udp_rec_err>
			<start>163802291</start>
			<end>167394133</end>
		</udp_rec_err>
		<udp_rec_buf_err>
			<start>163802291</start>
			<end>167394133</end>
		</udp_rec_buf_err>
		<udp_snt_buf_err>
			<start>0</start>
			<end>0</end>
		</udp_snt_buf_err>
	</netstat_statistic>
</test_results>
