<?xml version="1.0"?>
<test_results>
	<status>STATUS_SUCCESS</status>
	<custom>
		<num_loss>8</num_loss>
		<num_total>137460955</num_total>
		<num_misses>-1552441103</num_misses>
		<elapsed_time>7199.964436</elapsed_time>
		<query>
			<report>
				<misses>100001</misses>
				<total>0</total>
				<timestamp>5.238721</timestamp>
			</report>
			<report>
				<misses>200001</misses>
				<total>1</total>
				<timestamp>10.476648</timestamp>
			</report>
			<report>
				<misses>300001</misses>
				<total>0</total>
				<timestamp>15.714516</timestamp>
			</report>
			<report>
				<misses>400001</misses>
				<total>1</total>
				<timestamp>20.952324</timestamp>
			</report>
			<report>
				<misses>500001</misses>
				<total>1</total>
				<timestamp>26.190084</timestamp>
			</report>
			<report>
				<misses>600001</misses>
				<total>1</total>
				<timestamp>31.427835</timestamp>
			</report>
			<report>
				<misses>700001</misses>
				<total>0</total>
				<timestamp>36.665706</timestamp>
			</report>
			<report>
				<misses>800001</misses>
				<total>1</total>
				<timestamp>41.903608</timestamp>
			</report>
			<report>
				<misses>900001</misses>
				<total>1</total>
				<timestamp>47.141446</timestamp>
			</report>
			<report>
				<misses>1000001</misses>
				<total>1</total>
				<timestamp>52.379306</timestamp>
			</report>
			<report>
				<misses>1100001</misses>
				<total>0</total>
				<timestamp>57.617236</timestamp>
			</report>
			<report>
				<misses>1200001</misses>
				<total>1</total>
				<timestamp>62.855009</timestamp>
			</report>
			<report>
				<misses>1300001</misses>
				<total>1</total>
				<timestamp>68.092799</timestamp>
			</report>
			<report>
				<misses>1400001</misses>
				<total>1</total>
				<timestamp>73.330614</timestamp>
			</report>
			<report>
				<misses>1500001</misses>
				<total>0</total>
				<timestamp>78.568440</timestamp>
			</report>
			<report>
				<misses>1600001</misses>
				<total>1</total>
				<timestamp>83.806350</timestamp>
			</report>
			<report>
				<misses>1700001</misses>
				<total>1</total>
				<timestamp>89.044192</timestamp>
			</report>
			<report>
				<misses>1800001</misses>
				<total>1</total>
				<timestamp>94.282012</timestamp>
			</report>
			<report>
				<misses>1900001</misses>
				<total>0</total>
				<timestamp>99.519802</timestamp>
			</report>
			<report>
				<misses>2000001</misses>
				<total>1</total>
				<timestamp>104.757601</timestamp>
			</report>
			<report>
				<misses>2100001</misses>
				<total>1</total>
				<timestamp>109.995437</timestamp>
			</report>
			<report>
				<misses>2200001</misses>
				<total>1</total>
				<timestamp>115.233264</timestamp>
			</report>
			<report>
				<misses>2300001</misses>
				<total>0</total>
				<timestamp>120.471088</timestamp>
			</report>
			<report>
				<misses>2400001</misses>
				<total>1</total>
				<timestamp>125.708907</timestamp>
			</report>
			<report>
				<misses>2500001</misses>
				<total>1</total>
				<timestamp>130.946713</timestamp>
			</report>
			<report>
				<misses>2600001</misses>
				<total>1</total>
				<timestamp>136.184588</timestamp>
			</report>
			<report>
				<misses>2700001</misses>
				<total>0</total>
				<timestamp>141.422401</timestamp>
			</report>
			<report>
				<misses>2800001</misses>
				<total>1</total>
				<timestamp>146.660225</timestamp>
			</report>
			<report>
				<misses>2900001</misses>
				<total>1</total>
				<timestamp>151.898043</timestamp>
			</report>
			<report>
				<misses>3000001</misses>
				<total>1</total>
				<timestamp>157.135841</timestamp>
			</report>
			<report>
				<misses>3100001</misses>
				<total>0</total>
				<timestamp>162.373659</timestamp>
			</report>
			<report>
				<misses>3200001</misses>
				<total>1</total>
				<timestamp>167.611454</timestamp>
			</report>
			<report>
				<misses>3300001</misses>
				<total>1</total>
				<timestamp>172.849280</timestamp>
			</report>
			<report>
				<misses>3400001</misses>
				<total>2</total>
				<timestamp>178.087242</timestamp>
			</report>
			<report>
				<misses>3500001</misses>
				<total>1</total>
				<timestamp>183.325088</timestamp>
			</report>
			<report>
				<misses>3600001</misses>
				<total>1</total>
				<timestamp>188.562906</timestamp>
			</report>
			<report>
				<misses>3700001</misses>
				<total>2</total>
				<timestamp>193.800745</timestamp>
			</report>
			<report>
				<misses>3800001</misses>
				<total>2</total>
				<timestamp>199.038575</timestamp>
			</report>
			<report>
				<misses>3900001</misses>
				<total>1</total>
				<timestamp>204.276404</timestamp>
			</report>
			<report>
				<misses>4000001</misses>
				<total>2</total>
				<timestamp>209.514217</timestamp>
			</report>
			<report>
				<misses>4100001</misses>
				<total>2</total>
				<timestamp>214.752031</timestamp>
			</report>
			<report>
				<misses>4200001</misses>
				<total>2</total>
				<timestamp>219.989838</timestamp>
			</report>
			<report>
				<misses>4300001</misses>
				<total>1</total>
				<timestamp>225.227622</timestamp>
			</report>
			<report>
				<misses>4400001</misses>
				<total>2</total>
				<timestamp>230.465423</timestamp>
			</report>
			<report>
				<misses>4500001</misses>
				<total>2</total>
				<timestamp>235.703318</timestamp>
			</report>
			<report>
				<misses>4600001</misses>
				<total>2</total>
				<timestamp>240.941133</timestamp>
			</report>
			<report>
				<misses>4700001</misses>
				<total>1</total>
				<timestamp>246.178937</timestamp>
			</report>
			<report>
				<misses>4800001</misses>
				<total>2</total>
				<timestamp>251.416751</timestamp>
			</report>
			<report>
				<misses>4900001</misses>
				<total>2</total>
				<timestamp>256.654645</timestamp>
			</report>
			<report>
				<misses>5000001</misses>
				<total>2</total>
				<timestamp>261.892405</timestamp>
			</report>
			<report>
				<misses>5100001</misses>
				<total>1</total>
				<timestamp>267.130276</timestamp>
			</report>
			<report>
				<misses>5200001</misses>
				<total>2</total>
				<timestamp>272.368145</timestamp>
			</report>
			<report>
				<misses>5300001</misses>
				<total>2</total>
				<timestamp>277.605961</timestamp>
			</report>
			<report>
				<misses>5400001</misses>
				<total>2</total>
				<timestamp>282.843836</timestamp>
			</report>
			<report>
				<misses>5500001</misses>
				<total>1</total>
				<timestamp>288.081610</timestamp>
			</report>
			<report>
				<misses>5600001</misses>
				<total>2</total>
				<timestamp>293.319391</timestamp>
			</report>
			<report>
				<misses>5700001</misses>
				<total>2</total>
				<timestamp>298.557150</timestamp>
			</report>
			<report>
				<misses>5800001</misses>
				<total>2</total>
				<timestamp>303.794956</timestamp>
			</report>
			<report>
				<misses>5900001</misses>
				<total>1</total>
				<timestamp>309.032735</timestamp>
			</report>
			<report>
				<misses>6000001</misses>
				<total>2</total>
				<timestamp>314.270605</timestamp>
			</report>
			<report>
				<misses>6100001</misses>
				<total>2</total>
				<timestamp>319.508440</timestamp>
			</report>
			<report>
				<misses>6200001</misses>
				<total>2</total>
				<timestamp>324.746257</timestamp>
			</report>
			<report>
				<misses>6300001</misses>
				<total>1</total>
				<timestamp>329.984103</timestamp>
			</report>
			<report>
				<misses>6400001</misses>
				<total>2</total>
				<timestamp>335.222004</timestamp>
			</report>
			<report>
				<misses>6500001</misses>
				<total>2</total>
				<timestamp>340.459863</timestamp>
			</report>
			<report>
				<misses>6600001</misses>
				<total>2</total>
				<timestamp>345.697671</timestamp>
			</report>
			<report>
				<misses>6700001</misses>
				<total>2</total>
				<timestamp>350.935430</timestamp>
			</report>
			<report>
				<misses>6800001</misses>
				<total>2</total>
				<timestamp>356.173210</timestamp>
			</report>
			<report>
				<misses>6900001</misses>
				<total>2</total>
				<timestamp>361.411078</timestamp>
			</report>
			<report>
				<misses>7000001</misses>
				<total>2</total>
				<timestamp>366.648922</timestamp>
			</report>
			<report>
				<misses>7100001</misses>
				<total>1</total>
				<timestamp>371.886733</timestamp>
			</report>
			<report>
				<misses>7200001</misses>
				<total>2</total>
				<timestamp>377.124537</timestamp>
			</report>
			<report>
				<misses>7300001</misses>
				<total>2</total>
				<timestamp>382.362385</timestamp>
			</report>
			<report>
				<misses>7400001</misses>
				<total>2</total>
				<timestamp>387.600265</timestamp>
			</report>
			<report>
				<misses>7500001</misses>
				<total>1</total>
				<timestamp>392.838030</timestamp>
			</report>
			<report>
				<misses>7600001</misses>
				<total>2</total>
				<timestamp>398.075900</timestamp>
			</report>
			<report>
				<misses>7700001</misses>
				<total>2</total>
				<timestamp>403.313705</timestamp>
			</report>
			<report>
				<misses>7800001</misses>
				<total>1</total>
				<timestamp>408.551545</timestamp>
			</report>
			<report>
				<misses>7900001</misses>
				<total>1</total>
				<timestamp>413.789355</timestamp>
			</report>
			<report>
				<misses>8000001</misses>
				<total>2</total>
				<timestamp>419.027228</timestamp>
			</report>
			<report>
				<misses>8100001</misses>
				<total>2</total>
				<timestamp>424.265015</timestamp>
			</report>
			<report>
				<misses>8200001</misses>
				<total>2</total>
				<timestamp>429.502829</timestamp>
			</report>
			<report>
				<misses>8300001</misses>
				<total>1</total>
				<timestamp>434.740699</timestamp>
			</report>
			<report>
				<misses>8400001</misses>
				<total>1</total>
				<timestamp>439.978537</timestamp>
			</report>
			<report>
				<misses>8500001</misses>
				<total>2</total>
				<timestamp>445.216377</timestamp>
			</report>
			<report>
				<misses>8600001</misses>
				<total>2</total>
				<timestamp>450.454179</timestamp>
			</report>
			<report>
				<misses>8700001</misses>
				<total>1</total>
				<timestamp>455.692034</timestamp>
			</report>
			<report>
				<misses>8800001</misses>
				<total>2</total>
				<timestamp>460.929914</timestamp>
			</report>
			<report>
				<misses>8900001</misses>
				<total>2</total>
				<timestamp>466.167724</timestamp>
			</report>
			<report>
				<misses>9000001</misses>
				<total>2</total>
				<timestamp>471.405524</timestamp>
			</report>
			<report>
				<misses>9100001</misses>
				<total>1</total>
				<timestamp>476.643370</timestamp>
			</report>
			<report>
				<misses>9200001</misses>
				<total>2</total>
				<timestamp>481.881166</timestamp>
			</report>
			<report>
				<misses>9300001</misses>
				<total>2</total>
				<timestamp>487.119114</timestamp>
			</report>
			<report>
				<misses>9400001</misses>
				<total>2</total>
				<timestamp>492.356914</timestamp>
			</report>
			<report>
				<misses>9500001</misses>
				<total>1</total>
				<timestamp>497.594784</timestamp>
			</report>
			<report>
				<misses>9600001</misses>
				<total>2</total>
				<timestamp>502.832600</timestamp>
			</report>
			<report>
				<misses>9700001</misses>
				<total>2</total>
				<timestamp>508.070376</timestamp>
			</report>
			<report>
				<misses>9800001</misses>
				<total>1</total>
				<timestamp>513.308146</timestamp>
			</report>
			<report>
				<misses>9900001</misses>
				<total>2</total>
				<timestamp>518.546076</timestamp>
			</report>
			<report>
				<misses>10000001</misses>
				<total>2</total>
				<timestamp>523.783834</timestamp>
			</report>
			<report>
				<misses>10100001</misses>
				<total>2</total>
				<timestamp>529.021586</timestamp>
			</report>
			<report>
				<misses>10200001</misses>
				<total>2</total>
				<timestamp>534.259486</timestamp>
			</report>
			<report>
				<misses>10300001</misses>
				<total>1</total>
				<timestamp>539.497320</timestamp>
			</report>
			<report>
				<misses>10400001</misses>
				<total>2</total>
				<timestamp>544.735130</timestamp>
			</report>
			<report>
				<misses>10500001</misses>
				<total>2</total>
				<timestamp>549.972928</timestamp>
			</report>
			<report>
				<misses>10600001</misses>
				<total>2</total>
				<timestamp>555.210768</timestamp>
			</report>
			<report>
				<misses>10700001</misses>
				<total>2</total>
				<timestamp>560.448575</timestamp>
			</report>
			<report>
				<misses>10800001</misses>
				<total>2</total>
				<timestamp>565.686369</timestamp>
			</report>
			<report>
				<misses>10900001</misses>
				<total>2</total>
				<timestamp>570.924140</timestamp>
			</report>
			<report>
				<misses>11000001</misses>
				<total>2</total>
				<timestamp>576.162015</timestamp>
			</report>
			<report>
				<misses>11100001</misses>
				<total>1</total>
				<timestamp>581.399818</timestamp>
			</report>
			<report>
				<misses>11200001</misses>
				<total>2</total>
				<timestamp>586.637664</timestamp>
			</report>
			<report>
				<misses>11300001</misses>
				<total>2</total>
				<timestamp>591.875477</timestamp>
			</report>
			<report>
				<misses>11400001</misses>
				<total>2</total>
				<timestamp>597.113289</timestamp>
			</report>
			<report>
				<misses>11500001</misses>
				<total>1</total>
				<timestamp>602.351122</timestamp>
			</report>
			<report>
				<misses>11600001</misses>
				<total>2</total>
				<timestamp>607.588925</timestamp>
			</report>
			<report>
				<misses>11700001</misses>
				<total>2</total>
				<timestamp>612.826781</timestamp>
			</report>
			<report>
				<misses>11800001</misses>
				<total>2</total>
				<timestamp>618.064637</timestamp>
			</report>
			<report>
				<misses>11900001</misses>
				<total>2</total>
				<timestamp>623.302484</timestamp>
			</report>
			<report>
				<misses>12000001</misses>
				<total>2</total>
				<timestamp>628.540305</timestamp>
			</report>
			<report>
				<misses>12100001</misses>
				<total>2</total>
				<timestamp>633.778115</timestamp>
			</report>
			<report>
				<misses>12200001</misses>
				<total>2</total>
				<timestamp>639.015962</timestamp>
			</report>
			<report>
				<misses>12300001</misses>
				<total>2</total>
				<timestamp>644.253796</timestamp>
			</report>
			<report>
				<misses>12400001</misses>
				<total>2</total>
				<timestamp>649.491724</timestamp>
			</report>
			<report>
				<misses>12500001</misses>
				<total>2</total>
				<timestamp>654.729546</timestamp>
			</report>
			<report>
				<misses>12600001</misses>
				<total>2</total>
				<timestamp>659.967359</timestamp>
			</report>
			<report>
				<misses>12700001</misses>
				<total>1</total>
				<timestamp>665.205173</timestamp>
			</report>
			<report>
				<misses>12800001</misses>
				<total>2</total>
				<timestamp>670.443000</timestamp>
			</report>
			<report>
				<misses>12900001</misses>
				<total>2</total>
				<timestamp>675.680787</timestamp>
			</report>
			<report>
				<misses>13000001</misses>
				<total>2</total>
				<timestamp>680.918698</timestamp>
			</report>
			<report>
				<misses>13100001</misses>
				<total>2</total>
				<timestamp>686.156464</timestamp>
			</report>
			<report>
				<misses>13200001</misses>
				<total>2</total>
				<timestamp>691.394278</timestamp>
			</report>
			<report>
				<misses>13300001</misses>
				<total>2</total>
				<timestamp>696.632097</timestamp>
			</report>
			<report>
				<misses>13400001</misses>
				<total>2</total>
				<timestamp>701.869958</timestamp>
			</report>
			<report>
				<misses>13500001</misses>
				<total>1</total>
				<timestamp>707.107813</timestamp>
			</report>
			<report>
				<misses>13600001</misses>
				<total>2</total>
				<timestamp>712.345668</timestamp>
			</report>
			<report>
				<misses>13700001</misses>
				<total>2</total>
				<timestamp>717.583539</timestamp>
			</report>
			<report>
				<misses>13800001</misses>
				<total>2</total>
				<timestamp>722.821316</timestamp>
			</report>
			<report>
				<misses>13900001</misses>
				<total>1</total>
				<timestamp>728.059122</timestamp>
			</report>
			<report>
				<misses>14000001</misses>
				<total>2</total>
				<timestamp>733.296981</timestamp>
			</report>
			<report>
				<misses>14100001</misses>
				<total>1</total>
				<timestamp>738.534802</timestamp>
			</report>
			<report>
				<misses>14200001</misses>
				<total>2</total>
				<timestamp>743.772619</timestamp>
			</report>
			<report>
				<misses>14300001</misses>
				<total>1</total>
				<timestamp>749.010608</timestamp>
			</report>
			<report>
				<misses>14400001</misses>
				<total>2</total>
				<timestamp>754.248461</timestamp>
			</report>
			<report>
				<misses>14500001</misses>
				<total>2</total>
				<timestamp>759.486264</timestamp>
			</report>
			<report>
				<misses>14600001</misses>
				<total>2</total>
				<timestamp>764.724114</timestamp>
			</report>
			<report>
				<misses>14700001</misses>
				<total>1</total>
				<timestamp>769.961922</timestamp>
			</report>
			<report>
				<misses>14800001</misses>
				<total>2</total>
				<timestamp>775.199790</timestamp>
			</report>
			<report>
				<misses>14900001</misses>
				<total>2</total>
				<timestamp>780.437600</timestamp>
			</report>
			<report>
				<misses>15000001</misses>
				<total>2</total>
				<timestamp>785.675416</timestamp>
			</report>
			<report>
				<misses>15100001</misses>
				<total>1</total>
				<timestamp>790.913267</timestamp>
			</report>
			<report>
				<misses>15200001</misses>
				<total>2</total>
				<timestamp>796.151129</timestamp>
			</report>
			<report>
				<misses>15300001</misses>
				<total>2</total>
				<timestamp>801.389015</timestamp>
			</report>
			<report>
				<misses>15400001</misses>
				<total>2</total>
				<timestamp>806.626818</timestamp>
			</report>
			<report>
				<misses>15500001</misses>
				<total>1</total>
				<timestamp>811.864637</timestamp>
			</report>
			<report>
				<misses>15600001</misses>
				<total>2</total>
				<timestamp>817.102462</timestamp>
			</report>
			<report>
				<misses>15700001</misses>
				<total>2</total>
				<timestamp>822.340300</timestamp>
			</report>
			<report>
				<misses>15800001</misses>
				<total>2</total>
				<timestamp>827.578070</timestamp>
			</report>
			<report>
				<misses>15900001</misses>
				<total>2</total>
				<timestamp>832.815841</timestamp>
			</report>
			<report>
				<misses>16000001</misses>
				<total>2</total>
				<timestamp>838.053681</timestamp>
			</report>
			<report>
				<misses>16100001</misses>
				<total>2</total>
				<timestamp>843.291460</timestamp>
			</report>
			<report>
				<misses>16200001</misses>
				<total>2</total>
				<timestamp>848.529364</timestamp>
			</report>
			<report>
				<misses>16300001</misses>
				<total>1</total>
				<timestamp>853.767234</timestamp>
			</report>
			<report>
				<misses>16400001</misses>
				<total>2</total>
				<timestamp>859.005063</timestamp>
			</report>
			<report>
				<misses>16500001</misses>
				<total>2</total>
				<timestamp>864.242871</timestamp>
			</report>
			<report>
				<misses>16600001</misses>
				<total>2</total>
				<timestamp>869.480678</timestamp>
			</report>
			<report>
				<misses>16700001</misses>
				<total>1</total>
				<timestamp>874.718554</timestamp>
			</report>
			<report>
				<misses>16800001</misses>
				<total>2</total>
				<timestamp>879.956371</timestamp>
			</report>
			<report>
				<misses>16900001</misses>
				<total>2</total>
				<timestamp>885.194197</timestamp>
			</report>
			<report>
				<misses>17000001</misses>
				<total>2</total>
				<timestamp>890.432003</timestamp>
			</report>
			<report>
				<misses>17100001</misses>
				<total>1</total>
				<timestamp>895.669862</timestamp>
			</report>
			<report>
				<misses>17200001</misses>
				<total>2</total>
				<timestamp>900.907685</timestamp>
			</report>
			<report>
				<misses>17300001</misses>
				<total>2</total>
				<timestamp>906.145541</timestamp>
			</report>
			<report>
				<misses>17400001</misses>
				<total>2</total>
				<timestamp>911.383327</timestamp>
			</report>
			<report>
				<misses>17500001</misses>
				<total>1</total>
				<timestamp>916.621109</timestamp>
			</report>
			<report>
				<misses>17600001</misses>
				<total>2</total>
				<timestamp>921.858957</timestamp>
			</report>
			<report>
				<misses>17700001</misses>
				<total>2</total>
				<timestamp>927.096780</timestamp>
			</report>
			<report>
				<misses>17800001</misses>
				<total>2</total>
				<timestamp>932.334629</timestamp>
			</report>
			<report>
				<misses>17900001</misses>
				<total>1</total>
				<timestamp>937.572399</timestamp>
			</report>
			<report>
				<misses>18000001</misses>
				<total>2</total>
				<timestamp>942.810180</timestamp>
			</report>
			<report>
				<misses>18100001</misses>
				<total>2</total>
				<timestamp>948.048065</timestamp>
			</report>
			<report>
				<misses>18200001</misses>
				<total>2</total>
				<timestamp>953.285866</timestamp>
			</report>
			<report>
				<misses>18300001</misses>
				<total>1</total>
				<timestamp>958.523738</timestamp>
			</report>
			<report>
				<misses>18400001</misses>
				<total>2</total>
				<timestamp>963.761571</timestamp>
			</report>
			<report>
				<misses>18500001</misses>
				<total>2</total>
				<timestamp>968.999446</timestamp>
			</report>
			<report>
				<misses>18600001</misses>
				<total>2</total>
				<timestamp>974.237304</timestamp>
			</report>
			<report>
				<misses>18700001</misses>
				<total>1</total>
				<timestamp>979.475193</timestamp>
			</report>
			<report>
				<misses>18800001</misses>
				<total>1</total>
				<timestamp>984.713039</timestamp>
			</report>
			<report>
				<misses>18900001</misses>
				<total>2</total>
				<timestamp>989.950876</timestamp>
			</report>
			<report>
				<misses>19000001</misses>
				<total>2</total>
				<timestamp>995.188804</timestamp>
			</report>
			<report>
				<misses>19100001</misses>
				<total>1</total>
				<timestamp>1000.426676</timestamp>
			</report>
			<report>
				<misses>19200001</misses>
				<total>2</total>
				<timestamp>1005.664639</timestamp>
			</report>
			<report>
				<misses>19300001</misses>
				<total>2</total>
				<timestamp>1010.902437</timestamp>
			</report>
			<report>
				<misses>19400001</misses>
				<total>2</total>
				<timestamp>1016.140232</timestamp>
			</report>
			<report>
				<misses>19500001</misses>
				<total>1</total>
				<timestamp>1021.378105</timestamp>
			</report>
			<report>
				<misses>19600001</misses>
				<total>2</total>
				<timestamp>1026.615980</timestamp>
			</report>
			<report>
				<misses>19700001</misses>
				<total>2</total>
				<timestamp>1031.853767</timestamp>
			</report>
			<report>
				<misses>19800001</misses>
				<total>2</total>
				<timestamp>1037.091560</timestamp>
			</report>
			<report>
				<misses>19900001</misses>
				<total>2</total>
				<timestamp>1042.329333</timestamp>
			</report>
			<report>
				<misses>20000001</misses>
				<total>2</total>
				<timestamp>1047.567165</timestamp>
			</report>
			<report>
				<misses>20100001</misses>
				<total>2</total>
				<timestamp>1052.804947</timestamp>
			</report>
			<report>
				<misses>20200001</misses>
				<total>2</total>
				<timestamp>1058.042827</timestamp>
			</report>
			<report>
				<misses>20300001</misses>
				<total>1</total>
				<timestamp>1063.280706</timestamp>
			</report>
			<report>
				<misses>20400001</misses>
				<total>2</total>
				<timestamp>1068.518498</timestamp>
			</report>
			<report>
				<misses>20500001</misses>
				<total>2</total>
				<timestamp>1073.756251</timestamp>
			</report>
			<report>
				<misses>20600001</misses>
				<total>2</total>
				<timestamp>1078.994039</timestamp>
			</report>
			<report>
				<misses>20700001</misses>
				<total>1</total>
				<timestamp>1084.231867</timestamp>
			</report>
			<report>
				<misses>20800001</misses>
				<total>2</total>
				<timestamp>1089.469771</timestamp>
			</report>
			<report>
				<misses>20900001</misses>
				<total>2</total>
				<timestamp>1094.707612</timestamp>
			</report>
			<report>
				<misses>21000001</misses>
				<total>2</total>
				<timestamp>1099.945431</timestamp>
			</report>
			<report>
				<misses>21100001</misses>
				<total>2</total>
				<timestamp>1105.183255</timestamp>
			</report>
			<report>
				<misses>21200001</misses>
				<total>2</total>
				<timestamp>1110.421020</timestamp>
			</report>
			<report>
				<misses>21300001</misses>
				<total>2</total>
				<timestamp>1115.658810</timestamp>
			</report>
			<report>
				<misses>21400001</misses>
				<total>2</total>
				<timestamp>1120.896699</timestamp>
			</report>
			<report>
				<misses>21500001</misses>
				<total>1</total>
				<timestamp>1126.134570</timestamp>
			</report>
			<report>
				<misses>21600001</misses>
				<total>2</total>
				<timestamp>1131.372356</timestamp>
			</report>
			<report>
				<misses>21700001</misses>
				<total>2</total>
				<timestamp>1136.610123</timestamp>
			</report>
			<report>
				<misses>21800001</misses>
				<total>2</total>
				<timestamp>1141.847926</timestamp>
			</report>
			<report>
				<misses>21900001</misses>
				<total>1</total>
				<timestamp>1147.085758</timestamp>
			</report>
			<report>
				<misses>22000001</misses>
				<total>2</total>
				<timestamp>1152.323616</timestamp>
			</report>
			<report>
				<misses>22100001</misses>
				<total>2</total>
				<timestamp>1157.561415</timestamp>
			</report>
			<report>
				<misses>22200001</misses>
				<total>2</total>
				<timestamp>1162.799165</timestamp>
			</report>
			<report>
				<misses>22300001</misses>
				<total>1</total>
				<timestamp>1168.036950</timestamp>
			</report>
			<report>
				<misses>22400001</misses>
				<total>2</total>
				<timestamp>1173.274716</timestamp>
			</report>
			<report>
				<misses>22500001</misses>
				<total>2</total>
				<timestamp>1178.512631</timestamp>
			</report>
			<report>
				<misses>22600001</misses>
				<total>2</total>
				<timestamp>1183.750372</timestamp>
			</report>
			<report>
				<misses>22700001</misses>
				<total>1</total>
				<timestamp>1188.988140</timestamp>
			</report>
			<report>
				<misses>22800001</misses>
				<total>2</total>
				<timestamp>1194.225931</timestamp>
			</report>
			<report>
				<misses>22900001</misses>
				<total>2</total>
				<timestamp>1199.463732</timestamp>
			</report>
			<report>
				<misses>23000001</misses>
				<total>2</total>
				<timestamp>1204.701548</timestamp>
			</report>
			<report>
				<misses>23100001</misses>
				<total>1</total>
				<timestamp>1209.939474</timestamp>
			</report>
			<report>
				<misses>23200001</misses>
				<total>2</total>
				<timestamp>1215.177345</timestamp>
			</report>
			<report>
				<misses>23300001</misses>
				<total>2</total>
				<timestamp>1220.415174</timestamp>
			</report>
			<report>
				<misses>23400001</misses>
				<total>2</total>
				<timestamp>1225.652992</timestamp>
			</report>
			<report>
				<misses>23500001</misses>
				<total>1</total>
				<timestamp>1230.890799</timestamp>
			</report>
			<report>
				<misses>23600001</misses>
				<total>2</total>
				<timestamp>1236.128585</timestamp>
			</report>
			<report>
				<misses>23700001</misses>
				<total>2</total>
				<timestamp>1241.366429</timestamp>
			</report>
			<report>
				<misses>23800001</misses>
				<total>2</total>
				<timestamp>1246.604242</timestamp>
			</report>
			<report>
				<misses>23900001</misses>
				<total>1</total>
				<timestamp>1251.842105</timestamp>
			</report>
			<report>
				<misses>24000001</misses>
				<total>2</total>
				<timestamp>1257.079900</timestamp>
			</report>
			<report>
				<misses>24100001</misses>
				<total>2</total>
				<timestamp>1262.317686</timestamp>
			</report>
			<report>
				<misses>24200001</misses>
				<total>2</total>
				<timestamp>1267.555497</timestamp>
			</report>
			<report>
				<misses>24300001</misses>
				<total>2</total>
				<timestamp>1272.793356</timestamp>
			</report>
			<report>
				<misses>24400001</misses>
				<total>2</total>
				<timestamp>1278.031290</timestamp>
			</report>
			<report>
				<misses>24500001</misses>
				<total>2</total>
				<timestamp>1283.269056</timestamp>
			</report>
			<report>
				<misses>24600001</misses>
				<total>2</total>
				<timestamp>1288.506919</timestamp>
			</report>
			<report>
				<misses>24700001</misses>
				<total>1</total>
				<timestamp>1293.744790</timestamp>
			</report>
			<report>
				<misses>24800001</misses>
				<total>2</total>
				<timestamp>1298.982560</timestamp>
			</report>
			<report>
				<misses>24900001</misses>
				<total>2</total>
				<timestamp>1304.220393</timestamp>
			</report>
			<report>
				<misses>25000001</misses>
				<total>2</total>
				<timestamp>1309.458205</timestamp>
			</report>
			<report>
				<misses>25100001</misses>
				<total>2</total>
				<timestamp>1314.696116</timestamp>
			</report>
			<report>
				<misses>25200001</misses>
				<total>2</total>
				<timestamp>1319.933932</timestamp>
			</report>
			<report>
				<misses>25300001</misses>
				<total>2</total>
				<timestamp>1325.171722</timestamp>
			</report>
			<report>
				<misses>25400001</misses>
				<total>2</total>
				<timestamp>1330.409546</timestamp>
			</report>
			<report>
				<misses>25500001</misses>
				<total>1</total>
				<timestamp>1335.647353</timestamp>
			</report>
			<report>
				<misses>25600001</misses>
				<total>2</total>
				<timestamp>1340.885135</timestamp>
			</report>
			<report>
				<misses>25700001</misses>
				<total>1</total>
				<timestamp>1346.122977</timestamp>
			</report>
			<report>
				<misses>25800001</misses>
				<total>2</total>
				<timestamp>1351.360779</timestamp>
			</report>
			<report>
				<misses>25900001</misses>
				<total>1</total>
				<timestamp>1356.598699</timestamp>
			</report>
			<report>
				<misses>26000001</misses>
				<total>2</total>
				<timestamp>1361.836583</timestamp>
			</report>
			<report>
				<misses>26100001</misses>
				<total>2</total>
				<timestamp>1367.074352</timestamp>
			</report>
			<report>
				<misses>26200001</misses>
				<total>2</total>
				<timestamp>1372.312184</timestamp>
			</report>
			<report>
				<misses>26300001</misses>
				<total>1</total>
				<timestamp>1377.549978</timestamp>
			</report>
			<report>
				<misses>26400001</misses>
				<total>2</total>
				<timestamp>1382.787818</timestamp>
			</report>
			<report>
				<misses>26500001</misses>
				<total>2</total>
				<timestamp>1388.025660</timestamp>
			</report>
			<report>
				<misses>26600001</misses>
				<total>2</total>
				<timestamp>1393.263460</timestamp>
			</report>
			<report>
				<misses>26700001</misses>
				<total>1</total>
				<timestamp>1398.501345</timestamp>
			</report>
			<report>
				<misses>26800001</misses>
				<total>2</total>
				<timestamp>1403.739190</timestamp>
			</report>
			<report>
				<misses>26900001</misses>
				<total>2</total>
				<timestamp>1408.976970</timestamp>
			</report>
			<report>
				<misses>27000001</misses>
				<total>1</total>
				<timestamp>1414.214828</timestamp>
			</report>
			<report>
				<misses>27100001</misses>
				<total>2</total>
				<timestamp>1419.452618</timestamp>
			</report>
			<report>
				<misses>27200001</misses>
				<total>2</total>
				<timestamp>1424.690466</timestamp>
			</report>
			<report>
				<misses>27300001</misses>
				<total>2</total>
				<timestamp>1429.928361</timestamp>
			</report>
			<report>
				<misses>27400001</misses>
				<total>2</total>
				<timestamp>1435.166178</timestamp>
			</report>
			<report>
				<misses>27500001</misses>
				<total>1</total>
				<timestamp>1440.403992</timestamp>
			</report>
			<report>
				<misses>27600001</misses>
				<total>2</total>
				<timestamp>1445.641800</timestamp>
			</report>
			<report>
				<misses>27700001</misses>
				<total>2</total>
				<timestamp>1450.879589</timestamp>
			</report>
			<report>
				<misses>27800001</misses>
				<total>2</total>
				<timestamp>1456.117360</timestamp>
			</report>
			<report>
				<misses>27900001</misses>
				<total>2</total>
				<timestamp>1461.355149</timestamp>
			</report>
			<report>
				<misses>28000001</misses>
				<total>2</total>
				<timestamp>1466.592969</timestamp>
			</report>
			<report>
				<misses>28100001</misses>
				<total>2</total>
				<timestamp>1471.830820</timestamp>
			</report>
			<report>
				<misses>28200001</misses>
				<total>2</total>
				<timestamp>1477.068662</timestamp>
			</report>
			<report>
				<misses>28300001</misses>
				<total>2</total>
				<timestamp>1482.306487</timestamp>
			</report>
			<report>
				<misses>28400001</misses>
				<total>2</total>
				<timestamp>1487.544357</timestamp>
			</report>
			<report>
				<misses>28500001</misses>
				<total>2</total>
				<timestamp>1492.782175</timestamp>
			</report>
			<report>
				<misses>28600001</misses>
				<total>2</total>
				<timestamp>1498.019999</timestamp>
			</report>
			<report>
				<misses>28700001</misses>
				<total>1</total>
				<timestamp>1503.257788</timestamp>
			</report>
			<report>
				<misses>28800001</misses>
				<total>2</total>
				<timestamp>1508.495560</timestamp>
			</report>
			<report>
				<misses>28900001</misses>
				<total>2</total>
				<timestamp>1513.733378</timestamp>
			</report>
			<report>
				<misses>29000001</misses>
				<total>2</total>
				<timestamp>1518.971252</timestamp>
			</report>
			<report>
				<misses>29100001</misses>
				<total>1</total>
				<timestamp>1524.209057</timestamp>
			</report>
			<report>
				<misses>29200001</misses>
				<total>2</total>
				<timestamp>1529.446802</timestamp>
			</report>
			<report>
				<misses>29300001</misses>
				<total>2</total>
				<timestamp>1534.684588</timestamp>
			</report>
			<report>
				<misses>29400001</misses>
				<total>2</total>
				<timestamp>1539.922410</timestamp>
			</report>
			<report>
				<misses>29500001</misses>
				<total>1</total>
				<timestamp>1545.160247</timestamp>
			</report>
			<report>
				<misses>29600001</misses>
				<total>2</total>
				<timestamp>1550.398019</timestamp>
			</report>
			<report>
				<misses>29700001</misses>
				<total>2</total>
				<timestamp>1555.635805</timestamp>
			</report>
			<report>
				<misses>29800001</misses>
				<total>2</total>
				<timestamp>1560.873622</timestamp>
			</report>
			<report>
				<misses>29900001</misses>
				<total>1</total>
				<timestamp>1566.111445</timestamp>
			</report>
			<report>
				<misses>30000001</misses>
				<total>2</total>
				<timestamp>1571.349250</timestamp>
			</report>
			<report>
				<misses>30100001</misses>
				<total>2</total>
				<timestamp>1576.587094</timestamp>
			</report>
			<report>
				<misses>30200001</misses>
				<total>2</total>
				<timestamp>1581.825094</timestamp>
			</report>
			<report>
				<misses>30300001</misses>
				<total>1</total>
				<timestamp>1587.062924</timestamp>
			</report>
			<report>
				<misses>30400001</misses>
				<total>1</total>
				<timestamp>1592.300756</timestamp>
			</report>
			<report>
				<misses>30500001</misses>
				<total>2</total>
				<timestamp>1597.538586</timestamp>
			</report>
			<report>
				<misses>30600001</misses>
				<total>2</total>
				<timestamp>1602.776404</timestamp>
			</report>
			<report>
				<misses>30700001</misses>
				<total>1</total>
				<timestamp>1608.014404</timestamp>
			</report>
			<report>
				<misses>30800001</misses>
				<total>1</total>
				<timestamp>1613.252339</timestamp>
			</report>
			<report>
				<misses>30900001</misses>
				<total>2</total>
				<timestamp>1618.490136</timestamp>
			</report>
			<report>
				<misses>31000001</misses>
				<total>2</total>
				<timestamp>1623.727935</timestamp>
			</report>
			<report>
				<misses>31100001</misses>
				<total>1</total>
				<timestamp>1628.965715</timestamp>
			</report>
			<report>
				<misses>31200001</misses>
				<total>2</total>
				<timestamp>1634.203538</timestamp>
			</report>
			<report>
				<misses>31300001</misses>
				<total>2</total>
				<timestamp>1639.441315</timestamp>
			</report>
			<report>
				<misses>31400001</misses>
				<total>2</total>
				<timestamp>1644.679130</timestamp>
			</report>
			<report>
				<misses>31500001</misses>
				<total>1</total>
				<timestamp>1649.916938</timestamp>
			</report>
			<report>
				<misses>31600001</misses>
				<total>2</total>
				<timestamp>1655.154792</timestamp>
			</report>
			<report>
				<misses>31700001</misses>
				<total>2</total>
				<timestamp>1660.392586</timestamp>
			</report>
			<report>
				<misses>31800001</misses>
				<total>2</total>
				<timestamp>1665.630420</timestamp>
			</report>
			<report>
				<misses>31900001</misses>
				<total>1</total>
				<timestamp>1670.868179</timestamp>
			</report>
			<report>
				<misses>32000001</misses>
				<total>2</total>
				<timestamp>1676.105983</timestamp>
			</report>
			<report>
				<misses>32100001</misses>
				<total>2</total>
				<timestamp>1681.343763</timestamp>
			</report>
			<report>
				<misses>32200001</misses>
				<total>2</total>
				<timestamp>1686.581595</timestamp>
			</report>
			<report>
				<misses>32300001</misses>
				<total>1</total>
				<timestamp>1691.819427</timestamp>
			</report>
			<report>
				<misses>32400001</misses>
				<total>2</total>
				<timestamp>1697.057233</timestamp>
			</report>
			<report>
				<misses>32500001</misses>
				<total>2</total>
				<timestamp>1702.295031</timestamp>
			</report>
			<report>
				<misses>32600001</misses>
				<total>2</total>
				<timestamp>1707.532835</timestamp>
			</report>
			<report>
				<misses>32700001</misses>
				<total>1</total>
				<timestamp>1712.770774</timestamp>
			</report>
			<report>
				<misses>32800001</misses>
				<total>2</total>
				<timestamp>1718.008604</timestamp>
			</report>
			<report>
				<misses>32900001</misses>
				<total>2</total>
				<timestamp>1723.246411</timestamp>
			</report>
			<report>
				<misses>33000001</misses>
				<total>2</total>
				<timestamp>1728.484329</timestamp>
			</report>
			<report>
				<misses>33100001</misses>
				<total>1</total>
				<timestamp>1733.722164</timestamp>
			</report>
			<report>
				<misses>33200001</misses>
				<total>2</total>
				<timestamp>1738.959986</timestamp>
			</report>
			<report>
				<misses>33300001</misses>
				<total>2</total>
				<timestamp>1744.197781</timestamp>
			</report>
			<report>
				<misses>33400001</misses>
				<total>2</total>
				<timestamp>1749.435549</timestamp>
			</report>
			<report>
				<misses>33500001</misses>
				<total>1</total>
				<timestamp>1754.673428</timestamp>
			</report>
			<report>
				<misses>33600001</misses>
				<total>2</total>
				<timestamp>1759.911211</timestamp>
			</report>
			<report>
				<misses>33700001</misses>
				<total>2</total>
				<timestamp>1765.149011</timestamp>
			</report>
			<report>
				<misses>33800001</misses>
				<total>2</total>
				<timestamp>1770.386837</timestamp>
			</report>
			<report>
				<misses>33900001</misses>
				<total>1</total>
				<timestamp>1775.624765</timestamp>
			</report>
			<report>
				<misses>34000001</misses>
				<total>2</total>
				<timestamp>1780.862580</timestamp>
			</report>
			<report>
				<misses>34100001</misses>
				<total>2</total>
				<timestamp>1786.100439</timestamp>
			</report>
			<report>
				<misses>34200001</misses>
				<total>2</total>
				<timestamp>1791.338282</timestamp>
			</report>
			<report>
				<misses>34300001</misses>
				<total>1</total>
				<timestamp>1796.576128</timestamp>
			</report>
			<report>
				<misses>34400001</misses>
				<total>2</total>
				<timestamp>1801.813964</timestamp>
			</report>
			<report>
				<misses>34500001</misses>
				<total>2</total>
				<timestamp>1807.051768</timestamp>
			</report>
			<report>
				<misses>34600001</misses>
				<total>2</total>
				<timestamp>1812.289595</timestamp>
			</report>
			<report>
				<misses>34700001</misses>
				<total>2</total>
				<timestamp>1817.527347</timestamp>
			</report>
			<report>
				<misses>34800001</misses>
				<total>2</total>
				<timestamp>1822.765247</timestamp>
			</report>
			<report>
				<misses>34900001</misses>
				<total>2</total>
				<timestamp>1828.003120</timestamp>
			</report>
			<report>
				<misses>35000001</misses>
				<total>2</total>
				<timestamp>1833.240894</timestamp>
			</report>
			<report>
				<misses>35100001</misses>
				<total>1</total>
				<timestamp>1838.478687</timestamp>
			</report>
			<report>
				<misses>35200001</misses>
				<total>2</total>
				<timestamp>1843.716511</timestamp>
			</report>
			<report>
				<misses>35300001</misses>
				<total>2</total>
				<timestamp>1848.954325</timestamp>
			</report>
			<report>
				<misses>35400001</misses>
				<total>2</total>
				<timestamp>1854.192237</timestamp>
			</report>
			<report>
				<misses>35500001</misses>
				<total>1</total>
				<timestamp>1859.430023</timestamp>
			</report>
			<report>
				<misses>35600001</misses>
				<total>2</total>
				<timestamp>1864.667817</timestamp>
			</report>
			<report>
				<misses>35700001</misses>
				<total>2</total>
				<timestamp>1869.905625</timestamp>
			</report>
			<report>
				<misses>35800001</misses>
				<total>1</total>
				<timestamp>1875.143566</timestamp>
			</report>
			<report>
				<misses>35900001</misses>
				<total>1</total>
				<timestamp>1880.381379</timestamp>
			</report>
			<report>
				<misses>36000001</misses>
				<total>2</total>
				<timestamp>1885.619420</timestamp>
			</report>
			<report>
				<misses>36100001</misses>
				<total>2</total>
				<timestamp>1890.857173</timestamp>
			</report>
			<report>
				<misses>36200001</misses>
				<total>1</total>
				<timestamp>1896.095055</timestamp>
			</report>
			<report>
				<misses>36300001</misses>
				<total>2</total>
				<timestamp>1901.332903</timestamp>
			</report>
			<report>
				<misses>36400001</misses>
				<total>2</total>
				<timestamp>1906.570844</timestamp>
			</report>
			<report>
				<misses>36500001</misses>
				<total>2</total>
				<timestamp>1911.808614</timestamp>
			</report>
			<report>
				<misses>36600001</misses>
				<total>2</total>
				<timestamp>1917.046414</timestamp>
			</report>
			<report>
				<misses>36700001</misses>
				<total>1</total>
				<timestamp>1922.284241</timestamp>
			</report>
			<report>
				<misses>36800001</misses>
				<total>2</total>
				<timestamp>1927.522022</timestamp>
			</report>
			<report>
				<misses>36900001</misses>
				<total>2</total>
				<timestamp>1932.759808</timestamp>
			</report>
			<report>
				<misses>37000001</misses>
				<total>2</total>
				<timestamp>1937.997609</timestamp>
			</report>
			<report>
				<misses>37100001</misses>
				<total>2</total>
				<timestamp>1943.235445</timestamp>
			</report>
			<report>
				<misses>37200001</misses>
				<total>2</total>
				<timestamp>1948.473222</timestamp>
			</report>
			<report>
				<misses>37300001</misses>
				<total>2</total>
				<timestamp>1953.711002</timestamp>
			</report>
			<report>
				<misses>37400001</misses>
				<total>2</total>
				<timestamp>1958.948924</timestamp>
			</report>
			<report>
				<misses>37500001</misses>
				<total>1</total>
				<timestamp>1964.186699</timestamp>
			</report>
			<report>
				<misses>37600001</misses>
				<total>2</total>
				<timestamp>1969.424457</timestamp>
			</report>
			<report>
				<misses>37700001</misses>
				<total>2</total>
				<timestamp>1974.662263</timestamp>
			</report>
			<report>
				<misses>37800001</misses>
				<total>2</total>
				<timestamp>1979.900016</timestamp>
			</report>
			<report>
				<misses>37900001</misses>
				<total>1</total>
				<timestamp>1985.137867</timestamp>
			</report>
			<report>
				<misses>38000001</misses>
				<total>2</total>
				<timestamp>1990.375660</timestamp>
			</report>
			<report>
				<misses>38100001</misses>
				<total>2</total>
				<timestamp>1995.613407</timestamp>
			</report>
			<report>
				<misses>38200001</misses>
				<total>2</total>
				<timestamp>2000.851162</timestamp>
			</report>
			<report>
				<misses>38300001</misses>
				<total>2</total>
				<timestamp>2006.089196</timestamp>
			</report>
			<report>
				<misses>38400001</misses>
				<total>2</total>
				<timestamp>2011.326959</timestamp>
			</report>
			<report>
				<misses>38500001</misses>
				<total>2</total>
				<timestamp>2016.564809</timestamp>
			</report>
			<report>
				<misses>38600001</misses>
				<total>2</total>
				<timestamp>2021.802647</timestamp>
			</report>
			<report>
				<misses>38700001</misses>
				<total>2</total>
				<timestamp>2027.040482</timestamp>
			</report>
			<report>
				<misses>38800001</misses>
				<total>2</total>
				<timestamp>2032.278338</timestamp>
			</report>
			<report>
				<misses>38900001</misses>
				<total>2</total>
				<timestamp>2037.516116</timestamp>
			</report>
			<report>
				<misses>39000001</misses>
				<total>2</total>
				<timestamp>2042.753920</timestamp>
			</report>
			<report>
				<misses>39100001</misses>
				<total>2</total>
				<timestamp>2047.991702</timestamp>
			</report>
			<report>
				<misses>39200001</misses>
				<total>2</total>
				<timestamp>2053.229582</timestamp>
			</report>
			<report>
				<misses>39300001</misses>
				<total>2</total>
				<timestamp>2058.467384</timestamp>
			</report>
			<report>
				<misses>39400001</misses>
				<total>2</total>
				<timestamp>2063.705167</timestamp>
			</report>
			<report>
				<misses>39500001</misses>
				<total>2</total>
				<timestamp>2068.942948</timestamp>
			</report>
			<report>
				<misses>39600001</misses>
				<total>2</total>
				<timestamp>2074.180731</timestamp>
			</report>
			<report>
				<misses>39700001</misses>
				<total>2</total>
				<timestamp>2079.418659</timestamp>
			</report>
			<report>
				<misses>39800001</misses>
				<total>2</total>
				<timestamp>2084.656424</timestamp>
			</report>
			<report>
				<misses>39900001</misses>
				<total>2</total>
				<timestamp>2089.894330</timestamp>
			</report>
			<report>
				<misses>40000001</misses>
				<total>2</total>
				<timestamp>2095.132117</timestamp>
			</report>
			<report>
				<misses>40100001</misses>
				<total>2</total>
				<timestamp>2100.369906</timestamp>
			</report>
			<report>
				<misses>40200001</misses>
				<total>2</total>
				<timestamp>2105.607737</timestamp>
			</report>
			<report>
				<misses>40300001</misses>
				<total>2</total>
				<timestamp>2110.845501</timestamp>
			</report>
			<report>
				<misses>40400001</misses>
				<total>2</total>
				<timestamp>2116.083280</timestamp>
			</report>
			<report>
				<misses>40500001</misses>
				<total>3</total>
				<timestamp>2121.321142</timestamp>
			</report>
			<report>
				<misses>40600001</misses>
				<total>3</total>
				<timestamp>2126.558967</timestamp>
			</report>
			<report>
				<misses>40700001</misses>
				<total>3</total>
				<timestamp>2131.796716</timestamp>
			</report>
			<report>
				<misses>40800001</misses>
				<total>3</total>
				<timestamp>2137.034529</timestamp>
			</report>
			<report>
				<misses>40900001</misses>
				<total>3</total>
				<timestamp>2142.272348</timestamp>
			</report>
			<report>
				<misses>41000001</misses>
				<total>3</total>
				<timestamp>2147.510229</timestamp>
			</report>
			<report>
				<misses>41100001</misses>
				<total>3</total>
				<timestamp>2152.748180</timestamp>
			</report>
			<report>
				<misses>41200001</misses>
				<total>3</total>
				<timestamp>2157.985999</timestamp>
			</report>
			<report>
				<misses>41300001</misses>
				<total>2</total>
				<timestamp>2163.223769</timestamp>
			</report>
			<report>
				<misses>41400001</misses>
				<total>3</total>
				<timestamp>2168.461596</timestamp>
			</report>
			<report>
				<misses>41500001</misses>
				<total>3</total>
				<timestamp>2173.699390</timestamp>
			</report>
			<report>
				<misses>41600001</misses>
				<total>3</total>
				<timestamp>2178.937227</timestamp>
			</report>
			<report>
				<misses>41700001</misses>
				<total>3</total>
				<timestamp>2184.175056</timestamp>
			</report>
			<report>
				<misses>41800001</misses>
				<total>3</total>
				<timestamp>2189.412942</timestamp>
			</report>
			<report>
				<misses>41900001</misses>
				<total>3</total>
				<timestamp>2194.650827</timestamp>
			</report>
			<report>
				<misses>42000001</misses>
				<total>3</total>
				<timestamp>2199.888606</timestamp>
			</report>
			<report>
				<misses>42100001</misses>
				<total>3</total>
				<timestamp>2205.126432</timestamp>
			</report>
			<report>
				<misses>42200001</misses>
				<total>3</total>
				<timestamp>2210.364245</timestamp>
			</report>
			<report>
				<misses>42300001</misses>
				<total>3</total>
				<timestamp>2215.602021</timestamp>
			</report>
			<report>
				<misses>42400001</misses>
				<total>3</total>
				<timestamp>2220.839812</timestamp>
			</report>
			<report>
				<misses>42500001</misses>
				<total>3</total>
				<timestamp>2226.077653</timestamp>
			</report>
			<report>
				<misses>42600001</misses>
				<total>3</total>
				<timestamp>2231.315472</timestamp>
			</report>
			<report>
				<misses>42700001</misses>
				<total>3</total>
				<timestamp>2236.553277</timestamp>
			</report>
			<report>
				<misses>42800001</misses>
				<total>3</total>
				<timestamp>2241.791068</timestamp>
			</report>
			<report>
				<misses>42900001</misses>
				<total>3</total>
				<timestamp>2247.028948</timestamp>
			</report>
			<report>
				<misses>43000001</misses>
				<total>3</total>
				<timestamp>2252.266762</timestamp>
			</report>
			<report>
				<misses>43100001</misses>
				<total>3</total>
				<timestamp>2257.504636</timestamp>
			</report>
			<report>
				<misses>43200001</misses>
				<total>3</total>
				<timestamp>2262.742454</timestamp>
			</report>
			<report>
				<misses>43300001</misses>
				<total>3</total>
				<timestamp>2267.980331</timestamp>
			</report>
			<report>
				<misses>43400001</misses>
				<total>3</total>
				<timestamp>2273.218161</timestamp>
			</report>
			<report>
				<misses>43500001</misses>
				<total>3</total>
				<timestamp>2278.456053</timestamp>
			</report>
			<report>
				<misses>43600001</misses>
				<total>3</total>
				<timestamp>2283.693837</timestamp>
			</report>
			<report>
				<misses>43700001</misses>
				<total>3</total>
				<timestamp>2288.931597</timestamp>
			</report>
			<report>
				<misses>43800001</misses>
				<total>3</total>
				<timestamp>2294.169418</timestamp>
			</report>
			<report>
				<misses>43900001</misses>
				<total>3</total>
				<timestamp>2299.407175</timestamp>
			</report>
			<report>
				<misses>44000001</misses>
				<total>3</total>
				<timestamp>2304.644963</timestamp>
			</report>
			<report>
				<misses>44100001</misses>
				<total>3</total>
				<timestamp>2309.882787</timestamp>
			</report>
			<report>
				<misses>44200001</misses>
				<total>3</total>
				<timestamp>2315.120553</timestamp>
			</report>
			<report>
				<misses>44300001</misses>
				<total>3</total>
				<timestamp>2320.358402</timestamp>
			</report>
			<report>
				<misses>44400001</misses>
				<total>3</total>
				<timestamp>2325.596177</timestamp>
			</report>
			<report>
				<misses>44500001</misses>
				<total>3</total>
				<timestamp>2330.833966</timestamp>
			</report>
			<report>
				<misses>44600001</misses>
				<total>3</total>
				<timestamp>2336.071752</timestamp>
			</report>
			<report>
				<misses>44700001</misses>
				<total>3</total>
				<timestamp>2341.309557</timestamp>
			</report>
			<report>
				<misses>44800001</misses>
				<total>3</total>
				<timestamp>2346.547354</timestamp>
			</report>
			<report>
				<misses>44900001</misses>
				<total>3</total>
				<timestamp>2351.785155</timestamp>
			</report>
			<report>
				<misses>45000001</misses>
				<total>3</total>
				<timestamp>2357.022948</timestamp>
			</report>
			<report>
				<misses>45100001</misses>
				<total>3</total>
				<timestamp>2362.260733</timestamp>
			</report>
			<report>
				<misses>45200001</misses>
				<total>3</total>
				<timestamp>2367.498600</timestamp>
			</report>
			<report>
				<misses>45300001</misses>
				<total>3</total>
				<timestamp>2372.736478</timestamp>
			</report>
			<report>
				<misses>45400001</misses>
				<total>3</total>
				<timestamp>2377.974339</timestamp>
			</report>
			<report>
				<misses>45500001</misses>
				<total>3</total>
				<timestamp>2383.212088</timestamp>
			</report>
			<report>
				<misses>45600001</misses>
				<total>3</total>
				<timestamp>2388.449958</timestamp>
			</report>
			<report>
				<misses>45700001</misses>
				<total>3</total>
				<timestamp>2393.687818</timestamp>
			</report>
			<report>
				<misses>45800001</misses>
				<total>3</total>
				<timestamp>2398.925573</timestamp>
			</report>
			<report>
				<misses>45900001</misses>
				<total>3</total>
				<timestamp>2404.163401</timestamp>
			</report>
			<report>
				<misses>46000001</misses>
				<total>3</total>
				<timestamp>2409.401201</timestamp>
			</report>
			<report>
				<misses>46100001</misses>
				<total>3</total>
				<timestamp>2414.638954</timestamp>
			</report>
			<report>
				<misses>46200001</misses>
				<total>3</total>
				<timestamp>2419.876760</timestamp>
			</report>
			<report>
				<misses>46300001</misses>
				<total>3</total>
				<timestamp>2425.114677</timestamp>
			</report>
			<report>
				<misses>46400001</misses>
				<total>3</total>
				<timestamp>2430.352507</timestamp>
			</report>
			<report>
				<misses>46500001</misses>
				<total>3</total>
				<timestamp>2435.590304</timestamp>
			</report>
			<report>
				<misses>46600001</misses>
				<total>2</total>
				<timestamp>2440.828173</timestamp>
			</report>
			<report>
				<misses>46700001</misses>
				<total>2</total>
				<timestamp>2446.066000</timestamp>
			</report>
			<report>
				<misses>46800001</misses>
				<total>3</total>
				<timestamp>2451.303795</timestamp>
			</report>
			<report>
				<misses>46900001</misses>
				<total>3</total>
				<timestamp>2456.541588</timestamp>
			</report>
			<report>
				<misses>47000001</misses>
				<total>2</total>
				<timestamp>2461.779392</timestamp>
			</report>
			<report>
				<misses>47100001</misses>
				<total>3</total>
				<timestamp>2467.017209</timestamp>
			</report>
			<report>
				<misses>47200001</misses>
				<total>3</total>
				<timestamp>2472.255008</timestamp>
			</report>
			<report>
				<misses>47300001</misses>
				<total>3</total>
				<timestamp>2477.492808</timestamp>
			</report>
			<report>
				<misses>47400001</misses>
				<total>3</total>
				<timestamp>2482.730705</timestamp>
			</report>
			<report>
				<misses>47500001</misses>
				<total>4</total>
				<timestamp>2487.968491</timestamp>
			</report>
			<report>
				<misses>47600001</misses>
				<total>3</total>
				<timestamp>2493.206282</timestamp>
			</report>
			<report>
				<misses>47700001</misses>
				<total>4</total>
				<timestamp>2498.444085</timestamp>
			</report>
			<report>
				<misses>47800001</misses>
				<total>4</total>
				<timestamp>2503.681896</timestamp>
			</report>
			<report>
				<misses>47900001</misses>
				<total>4</total>
				<timestamp>2508.919660</timestamp>
			</report>
			<report>
				<misses>48000001</misses>
				<total>4</total>
				<timestamp>2514.157493</timestamp>
			</report>
			<report>
				<misses>48100001</misses>
				<total>4</total>
				<timestamp>2519.395341</timestamp>
			</report>
			<report>
				<misses>48200001</misses>
				<total>3</total>
				<timestamp>2524.633147</timestamp>
			</report>
			<report>
				<misses>48300001</misses>
				<total>4</total>
				<timestamp>2529.870943</timestamp>
			</report>
			<report>
				<misses>48400001</misses>
				<total>4</total>
				<timestamp>2535.108700</timestamp>
			</report>
			<report>
				<misses>48500001</misses>
				<total>4</total>
				<timestamp>2540.346492</timestamp>
			</report>
			<report>
				<misses>48600001</misses>
				<total>3</total>
				<timestamp>2545.584282</timestamp>
			</report>
			<report>
				<misses>48700001</misses>
				<total>4</total>
				<timestamp>2550.822102</timestamp>
			</report>
			<report>
				<misses>48800001</misses>
				<total>4</total>
				<timestamp>2556.059908</timestamp>
			</report>
			<report>
				<misses>48900001</misses>
				<total>4</total>
				<timestamp>2561.297702</timestamp>
			</report>
			<report>
				<misses>49000001</misses>
				<total>3</total>
				<timestamp>2566.535461</timestamp>
			</report>
			<report>
				<misses>49100001</misses>
				<total>4</total>
				<timestamp>2571.773286</timestamp>
			</report>
			<report>
				<misses>49200001</misses>
				<total>4</total>
				<timestamp>2577.011169</timestamp>
			</report>
			<report>
				<misses>49300001</misses>
				<total>4</total>
				<timestamp>2582.248991</timestamp>
			</report>
			<report>
				<misses>49400001</misses>
				<total>3</total>
				<timestamp>2587.486784</timestamp>
			</report>
			<report>
				<misses>49500001</misses>
				<total>4</total>
				<timestamp>2592.724562</timestamp>
			</report>
			<report>
				<misses>49600001</misses>
				<total>4</total>
				<timestamp>2597.962372</timestamp>
			</report>
			<report>
				<misses>49700001</misses>
				<total>4</total>
				<timestamp>2603.200216</timestamp>
			</report>
			<report>
				<misses>49800001</misses>
				<total>3</total>
				<timestamp>2608.438111</timestamp>
			</report>
			<report>
				<misses>49900001</misses>
				<total>4</total>
				<timestamp>2613.675873</timestamp>
			</report>
			<report>
				<misses>50000001</misses>
				<total>4</total>
				<timestamp>2618.913788</timestamp>
			</report>
			<report>
				<misses>50100001</misses>
				<total>4</total>
				<timestamp>2624.151593</timestamp>
			</report>
			<report>
				<misses>50200001</misses>
				<total>3</total>
				<timestamp>2629.389388</timestamp>
			</report>
			<report>
				<misses>50300001</misses>
				<total>4</total>
				<timestamp>2634.627191</timestamp>
			</report>
			<report>
				<misses>50400001</misses>
				<total>4</total>
				<timestamp>2639.865054</timestamp>
			</report>
			<report>
				<misses>50500001</misses>
				<total>4</total>
				<timestamp>2645.102822</timestamp>
			</report>
			<report>
				<misses>50600001</misses>
				<total>3</total>
				<timestamp>2650.340688</timestamp>
			</report>
			<report>
				<misses>50700001</misses>
				<total>4</total>
				<timestamp>2655.578461</timestamp>
			</report>
			<report>
				<misses>50800001</misses>
				<total>4</total>
				<timestamp>2660.816333</timestamp>
			</report>
			<report>
				<misses>50900001</misses>
				<total>4</total>
				<timestamp>2666.054200</timestamp>
			</report>
			<report>
				<misses>51000001</misses>
				<total>4</total>
				<timestamp>2671.292002</timestamp>
			</report>
			<report>
				<misses>51100001</misses>
				<total>4</total>
				<timestamp>2676.529865</timestamp>
			</report>
			<report>
				<misses>51200001</misses>
				<total>4</total>
				<timestamp>2681.767662</timestamp>
			</report>
			<report>
				<misses>51300001</misses>
				<total>4</total>
				<timestamp>2687.005458</timestamp>
			</report>
			<report>
				<misses>51400001</misses>
				<total>4</total>
				<timestamp>2692.243292</timestamp>
			</report>
			<report>
				<misses>51500001</misses>
				<total>4</total>
				<timestamp>2697.481209</timestamp>
			</report>
			<report>
				<misses>51600001</misses>
				<total>4</total>
				<timestamp>2702.719084</timestamp>
			</report>
			<report>
				<misses>51700001</misses>
				<total>4</total>
				<timestamp>2707.956922</timestamp>
			</report>
			<report>
				<misses>51800001</misses>
				<total>3</total>
				<timestamp>2713.194746</timestamp>
			</report>
			<report>
				<misses>51900001</misses>
				<total>4</total>
				<timestamp>2718.432536</timestamp>
			</report>
			<report>
				<misses>52000001</misses>
				<total>4</total>
				<timestamp>2723.670369</timestamp>
			</report>
			<report>
				<misses>52100001</misses>
				<total>4</total>
				<timestamp>2728.908168</timestamp>
			</report>
			<report>
				<misses>52200001</misses>
				<total>3</total>
				<timestamp>2734.146036</timestamp>
			</report>
			<report>
				<misses>52300001</misses>
				<total>4</total>
				<timestamp>2739.383812</timestamp>
			</report>
			<report>
				<misses>52400001</misses>
				<total>4</total>
				<timestamp>2744.621610</timestamp>
			</report>
			<report>
				<misses>52500001</misses>
				<total>4</total>
				<timestamp>2749.859400</timestamp>
			</report>
			<report>
				<misses>52600001</misses>
				<total>4</total>
				<timestamp>2755.097207</timestamp>
			</report>
			<report>
				<misses>52700001</misses>
				<total>4</total>
				<timestamp>2760.335089</timestamp>
			</report>
			<report>
				<misses>52800001</misses>
				<total>4</total>
				<timestamp>2765.572923</timestamp>
			</report>
			<report>
				<misses>52900001</misses>
				<total>4</total>
				<timestamp>2770.810732</timestamp>
			</report>
			<report>
				<misses>53000001</misses>
				<total>3</total>
				<timestamp>2776.048591</timestamp>
			</report>
			<report>
				<misses>53100001</misses>
				<total>4</total>
				<timestamp>2781.286458</timestamp>
			</report>
			<report>
				<misses>53200001</misses>
				<total>4</total>
				<timestamp>2786.524240</timestamp>
			</report>
			<report>
				<misses>53300001</misses>
				<total>4</total>
				<timestamp>2791.762003</timestamp>
			</report>
			<report>
				<misses>53400001</misses>
				<total>3</total>
				<timestamp>2796.999937</timestamp>
			</report>
			<report>
				<misses>53500001</misses>
				<total>4</total>
				<timestamp>2802.237824</timestamp>
			</report>
			<report>
				<misses>53600001</misses>
				<total>3</total>
				<timestamp>2807.475630</timestamp>
			</report>
			<report>
				<misses>53700001</misses>
				<total>4</total>
				<timestamp>2812.713439</timestamp>
			</report>
			<report>
				<misses>53800001</misses>
				<total>3</total>
				<timestamp>2817.951303</timestamp>
			</report>
			<report>
				<misses>53900001</misses>
				<total>4</total>
				<timestamp>2823.189117</timestamp>
			</report>
			<report>
				<misses>54000001</misses>
				<total>4</total>
				<timestamp>2828.426927</timestamp>
			</report>
			<report>
				<misses>54100001</misses>
				<total>4</total>
				<timestamp>2833.664753</timestamp>
			</report>
			<report>
				<misses>54200001</misses>
				<total>3</total>
				<timestamp>2838.902615</timestamp>
			</report>
			<report>
				<misses>54300001</misses>
				<total>3</total>
				<timestamp>2844.140437</timestamp>
			</report>
			<report>
				<misses>54400001</misses>
				<total>4</total>
				<timestamp>2849.378224</timestamp>
			</report>
			<report>
				<misses>54500001</misses>
				<total>4</total>
				<timestamp>2854.616007</timestamp>
			</report>
			<report>
				<misses>54600001</misses>
				<total>3</total>
				<timestamp>2859.853855</timestamp>
			</report>
			<report>
				<misses>54700001</misses>
				<total>4</total>
				<timestamp>2865.091675</timestamp>
			</report>
			<report>
				<misses>54800001</misses>
				<total>4</total>
				<timestamp>2870.329569</timestamp>
			</report>
			<report>
				<misses>54900001</misses>
				<total>4</total>
				<timestamp>2875.567325</timestamp>
			</report>
			<report>
				<misses>55000001</misses>
				<total>3</total>
				<timestamp>2880.805192</timestamp>
			</report>
			<report>
				<misses>55100001</misses>
				<total>4</total>
				<timestamp>2886.043070</timestamp>
			</report>
			<report>
				<misses>55200001</misses>
				<total>4</total>
				<timestamp>2891.280831</timestamp>
			</report>
			<report>
				<misses>55300001</misses>
				<total>4</total>
				<timestamp>2896.518648</timestamp>
			</report>
			<report>
				<misses>55400001</misses>
				<total>3</total>
				<timestamp>2901.756470</timestamp>
			</report>
			<report>
				<misses>55500001</misses>
				<total>4</total>
				<timestamp>2906.994272</timestamp>
			</report>
			<report>
				<misses>55600001</misses>
				<total>4</total>
				<timestamp>2912.232015</timestamp>
			</report>
			<report>
				<misses>55700001</misses>
				<total>4</total>
				<timestamp>2917.469888</timestamp>
			</report>
			<report>
				<misses>55800001</misses>
				<total>3</total>
				<timestamp>2922.707716</timestamp>
			</report>
			<report>
				<misses>55900001</misses>
				<total>4</total>
				<timestamp>2927.945469</timestamp>
			</report>
			<report>
				<misses>56000001</misses>
				<total>4</total>
				<timestamp>2933.183369</timestamp>
			</report>
			<report>
				<misses>56100001</misses>
				<total>4</total>
				<timestamp>2938.421130</timestamp>
			</report>
			<report>
				<misses>56200001</misses>
				<total>4</total>
				<timestamp>2943.658971</timestamp>
			</report>
			<report>
				<misses>56300001</misses>
				<total>4</total>
				<timestamp>2948.896865</timestamp>
			</report>
			<report>
				<misses>56400001</misses>
				<total>4</total>
				<timestamp>2954.134659</timestamp>
			</report>
			<report>
				<misses>56500001</misses>
				<total>3</total>
				<timestamp>2959.372493</timestamp>
			</report>
			<report>
				<misses>56600001</misses>
				<total>4</total>
				<timestamp>2964.610276</timestamp>
			</report>
			<report>
				<misses>56700001</misses>
				<total>4</total>
				<timestamp>2969.848132</timestamp>
			</report>
			<report>
				<misses>56800001</misses>
				<total>4</total>
				<timestamp>2975.085952</timestamp>
			</report>
			<report>
				<misses>56900001</misses>
				<total>4</total>
				<timestamp>2980.323752</timestamp>
			</report>
			<report>
				<misses>57000001</misses>
				<total>3</total>
				<timestamp>2985.561715</timestamp>
			</report>
			<report>
				<misses>57100001</misses>
				<total>5</total>
				<timestamp>2990.799484</timestamp>
			</report>
			<report>
				<misses>57200001</misses>
				<total>5</total>
				<timestamp>2996.037317</timestamp>
			</report>
			<report>
				<misses>57300001</misses>
				<total>5</total>
				<timestamp>3001.275109</timestamp>
			</report>
			<report>
				<misses>57400001</misses>
				<total>4</total>
				<timestamp>3006.512903</timestamp>
			</report>
			<report>
				<misses>57500001</misses>
				<total>5</total>
				<timestamp>3011.750719</timestamp>
			</report>
			<report>
				<misses>57600001</misses>
				<total>5</total>
				<timestamp>3016.988533</timestamp>
			</report>
			<report>
				<misses>57700001</misses>
				<total>5</total>
				<timestamp>3022.226394</timestamp>
			</report>
			<report>
				<misses>57800001</misses>
				<total>4</total>
				<timestamp>3027.464270</timestamp>
			</report>
			<report>
				<misses>57900001</misses>
				<total>4</total>
				<timestamp>3032.702129</timestamp>
			</report>
			<report>
				<misses>58000001</misses>
				<total>4</total>
				<timestamp>3037.939912</timestamp>
			</report>
			<report>
				<misses>58100001</misses>
				<total>5</total>
				<timestamp>3043.177716</timestamp>
			</report>
			<report>
				<misses>58200001</misses>
				<total>4</total>
				<timestamp>3048.415469</timestamp>
			</report>
			<report>
				<misses>58300001</misses>
				<total>5</total>
				<timestamp>3053.653291</timestamp>
			</report>
			<report>
				<misses>58400001</misses>
				<total>5</total>
				<timestamp>3058.891113</timestamp>
			</report>
			<report>
				<misses>58500001</misses>
				<total>5</total>
				<timestamp>3064.128875</timestamp>
			</report>
			<report>
				<misses>58600001</misses>
				<total>4</total>
				<timestamp>3069.366680</timestamp>
			</report>
			<report>
				<misses>58700001</misses>
				<total>5</total>
				<timestamp>3074.604430</timestamp>
			</report>
			<report>
				<misses>58800001</misses>
				<total>5</total>
				<timestamp>3079.842272</timestamp>
			</report>
			<report>
				<misses>58900001</misses>
				<total>5</total>
				<timestamp>3085.080141</timestamp>
			</report>
			<report>
				<misses>59000001</misses>
				<total>4</total>
				<timestamp>3090.318000</timestamp>
			</report>
			<report>
				<misses>59100001</misses>
				<total>5</total>
				<timestamp>3095.555780</timestamp>
			</report>
			<report>
				<misses>59200001</misses>
				<total>5</total>
				<timestamp>3100.793590</timestamp>
			</report>
			<report>
				<misses>59300001</misses>
				<total>5</total>
				<timestamp>3106.031455</timestamp>
			</report>
			<report>
				<misses>59400001</misses>
				<total>4</total>
				<timestamp>3111.269301</timestamp>
			</report>
			<report>
				<misses>59500001</misses>
				<total>5</total>
				<timestamp>3116.507101</timestamp>
			</report>
			<report>
				<misses>59600001</misses>
				<total>5</total>
				<timestamp>3121.744947</timestamp>
			</report>
			<report>
				<misses>59700001</misses>
				<total>5</total>
				<timestamp>3126.982699</timestamp>
			</report>
			<report>
				<misses>59800001</misses>
				<total>5</total>
				<timestamp>3132.220482</timestamp>
			</report>
			<report>
				<misses>59900001</misses>
				<total>5</total>
				<timestamp>3137.458265</timestamp>
			</report>
			<report>
				<misses>60000001</misses>
				<total>5</total>
				<timestamp>3142.696012</timestamp>
			</report>
			<report>
				<misses>60100001</misses>
				<total>5</total>
				<timestamp>3147.933804</timestamp>
			</report>
			<report>
				<misses>60200001</misses>
				<total>4</total>
				<timestamp>3153.171618</timestamp>
			</report>
			<report>
				<misses>60300001</misses>
				<total>5</total>
				<timestamp>3158.409366</timestamp>
			</report>
			<report>
				<misses>60400001</misses>
				<total>5</total>
				<timestamp>3163.647238</timestamp>
			</report>
			<report>
				<misses>60500001</misses>
				<total>5</total>
				<timestamp>3168.885064</timestamp>
			</report>
			<report>
				<misses>60600001</misses>
				<total>5</total>
				<timestamp>3174.122937</timestamp>
			</report>
			<report>
				<misses>60700001</misses>
				<total>5</total>
				<timestamp>3179.360743</timestamp>
			</report>
			<report>
				<misses>60800001</misses>
				<total>5</total>
				<timestamp>3184.598613</timestamp>
			</report>
			<report>
				<misses>60900001</misses>
				<total>4</total>
				<timestamp>3189.836503</timestamp>
			</report>
			<report>
				<misses>61000001</misses>
				<total>5</total>
				<timestamp>3195.074320</timestamp>
			</report>
			<report>
				<misses>61100001</misses>
				<total>5</total>
				<timestamp>3200.312187</timestamp>
			</report>
			<report>
				<misses>61200001</misses>
				<total>5</total>
				<timestamp>3205.550079</timestamp>
			</report>
			<report>
				<misses>61300001</misses>
				<total>5</total>
				<timestamp>3210.787921</timestamp>
			</report>
			<report>
				<misses>61400001</misses>
				<total>4</total>
				<timestamp>3216.025804</timestamp>
			</report>
			<report>
				<misses>61500001</misses>
				<total>5</total>
				<timestamp>3221.263597</timestamp>
			</report>
			<report>
				<misses>61600001</misses>
				<total>5</total>
				<timestamp>3226.501406</timestamp>
			</report>
			<report>
				<misses>61700001</misses>
				<total>5</total>
				<timestamp>3231.739176</timestamp>
			</report>
			<report>
				<misses>61800001</misses>
				<total>5</total>
				<timestamp>3236.976984</timestamp>
			</report>
			<report>
				<misses>61900001</misses>
				<total>5</total>
				<timestamp>3242.214778</timestamp>
			</report>
			<report>
				<misses>62000001</misses>
				<total>5</total>
				<timestamp>3247.452608</timestamp>
			</report>
			<report>
				<misses>62100001</misses>
				<total>5</total>
				<timestamp>3252.690538</timestamp>
			</report>
			<report>
				<misses>62200001</misses>
				<total>4</total>
				<timestamp>3257.928394</timestamp>
			</report>
			<report>
				<misses>62300001</misses>
				<total>5</total>
				<timestamp>3263.166201</timestamp>
			</report>
			<report>
				<misses>62400001</misses>
				<total>5</total>
				<timestamp>3268.404005</timestamp>
			</report>
			<report>
				<misses>62500001</misses>
				<total>5</total>
				<timestamp>3273.641863</timestamp>
			</report>
			<report>
				<misses>62600001</misses>
				<total>5</total>
				<timestamp>3278.879690</timestamp>
			</report>
			<report>
				<misses>62700001</misses>
				<total>5</total>
				<timestamp>3284.117520</timestamp>
			</report>
			<report>
				<misses>62800001</misses>
				<total>5</total>
				<timestamp>3289.355374</timestamp>
			</report>
			<report>
				<misses>62900001</misses>
				<total>5</total>
				<timestamp>3294.593286</timestamp>
			</report>
			<report>
				<misses>63000001</misses>
				<total>5</total>
				<timestamp>3299.831097</timestamp>
			</report>
			<report>
				<misses>63100001</misses>
				<total>5</total>
				<timestamp>3305.068959</timestamp>
			</report>
			<report>
				<misses>63200001</misses>
				<total>5</total>
				<timestamp>3310.306792</timestamp>
			</report>
			<report>
				<misses>63300001</misses>
				<total>5</total>
				<timestamp>3315.544592</timestamp>
			</report>
			<report>
				<misses>63400001</misses>
				<total>5</total>
				<timestamp>3320.782420</timestamp>
			</report>
			<report>
				<misses>63500001</misses>
				<total>5</total>
				<timestamp>3326.020238</timestamp>
			</report>
			<report>
				<misses>63600001</misses>
				<total>5</total>
				<timestamp>3331.257996</timestamp>
			</report>
			<report>
				<misses>63700001</misses>
				<total>5</total>
				<timestamp>3336.495892</timestamp>
			</report>
			<report>
				<misses>63800001</misses>
				<total>5</total>
				<timestamp>3341.733685</timestamp>
			</report>
			<report>
				<misses>63900001</misses>
				<total>5</total>
				<timestamp>3346.971515</timestamp>
			</report>
			<report>
				<misses>64000001</misses>
				<total>5</total>
				<timestamp>3352.209405</timestamp>
			</report>
			<report>
				<misses>64100001</misses>
				<total>5</total>
				<timestamp>3357.447208</timestamp>
			</report>
			<report>
				<misses>64200001</misses>
				<total>4</total>
				<timestamp>3362.684971</timestamp>
			</report>
			<report>
				<misses>64300001</misses>
				<total>5</total>
				<timestamp>3367.922759</timestamp>
			</report>
			<report>
				<misses>64400001</misses>
				<total>5</total>
				<timestamp>3373.160609</timestamp>
			</report>
			<report>
				<misses>64500001</misses>
				<total>5</total>
				<timestamp>3378.398416</timestamp>
			</report>
			<report>
				<misses>64600001</misses>
				<total>4</total>
				<timestamp>3383.636218</timestamp>
			</report>
			<report>
				<misses>64700001</misses>
				<total>5</total>
				<timestamp>3388.874086</timestamp>
			</report>
			<report>
				<misses>64800001</misses>
				<total>5</total>
				<timestamp>3394.111905</timestamp>
			</report>
			<report>
				<misses>64900001</misses>
				<total>4</total>
				<timestamp>3399.349768</timestamp>
			</report>
			<report>
				<misses>65000001</misses>
				<total>4</total>
				<timestamp>3404.587611</timestamp>
			</report>
			<report>
				<misses>65100001</misses>
				<total>5</total>
				<timestamp>3409.825400</timestamp>
			</report>
			<report>
				<misses>65200001</misses>
				<total>5</total>
				<timestamp>3415.063252</timestamp>
			</report>
			<report>
				<misses>65300001</misses>
				<total>5</total>
				<timestamp>3420.301018</timestamp>
			</report>
			<report>
				<misses>65400001</misses>
				<total>4</total>
				<timestamp>3425.538876</timestamp>
			</report>
			<report>
				<misses>65500001</misses>
				<total>5</total>
				<timestamp>3430.776703</timestamp>
			</report>
			<report>
				<misses>65600001</misses>
				<total>5</total>
				<timestamp>3436.014492</timestamp>
			</report>
			<report>
				<misses>65700001</misses>
				<total>5</total>
				<timestamp>3441.252297</timestamp>
			</report>
			<report>
				<misses>65800001</misses>
				<total>4</total>
				<timestamp>3446.490111</timestamp>
			</report>
			<report>
				<misses>65900001</misses>
				<total>5</total>
				<timestamp>3451.727936</timestamp>
			</report>
			<report>
				<misses>66000001</misses>
				<total>5</total>
				<timestamp>3456.965856</timestamp>
			</report>
			<report>
				<misses>66100001</misses>
				<total>5</total>
				<timestamp>3462.203651</timestamp>
			</report>
			<report>
				<misses>66200001</misses>
				<total>5</total>
				<timestamp>3467.441457</timestamp>
			</report>
			<report>
				<misses>66300001</misses>
				<total>6</total>
				<timestamp>3472.679257</timestamp>
			</report>
			<report>
				<misses>66400001</misses>
				<total>6</total>
				<timestamp>3477.917110</timestamp>
			</report>
			<report>
				<misses>66500001</misses>
				<total>6</total>
				<timestamp>3483.154973</timestamp>
			</report>
			<report>
				<misses>66600001</misses>
				<total>6</total>
				<timestamp>3488.392833</timestamp>
			</report>
			<report>
				<misses>66700001</misses>
				<total>6</total>
				<timestamp>3493.630732</timestamp>
			</report>
			<report>
				<misses>66800001</misses>
				<total>6</total>
				<timestamp>3498.868514</timestamp>
			</report>
			<report>
				<misses>66900001</misses>
				<total>6</total>
				<timestamp>3504.106289</timestamp>
			</report>
			<report>
				<misses>67000001</misses>
				<total>5</total>
				<timestamp>3509.344141</timestamp>
			</report>
			<report>
				<misses>67100001</misses>
				<total>6</total>
				<timestamp>3514.581959</timestamp>
			</report>
			<report>
				<misses>67200001</misses>
				<total>6</total>
				<timestamp>3519.819707</timestamp>
			</report>
			<report>
				<misses>67300001</misses>
				<total>6</total>
				<timestamp>3525.057466</timestamp>
			</report>
			<report>
				<misses>67400001</misses>
				<total>5</total>
				<timestamp>3530.295289</timestamp>
			</report>
			<report>
				<misses>67500001</misses>
				<total>6</total>
				<timestamp>3535.533084</timestamp>
			</report>
			<report>
				<misses>67600001</misses>
				<total>6</total>
				<timestamp>3540.770925</timestamp>
			</report>
			<report>
				<misses>67700001</misses>
				<total>6</total>
				<timestamp>3546.008771</timestamp>
			</report>
			<report>
				<misses>67800001</misses>
				<total>5</total>
				<timestamp>3551.246580</timestamp>
			</report>
			<report>
				<misses>67900001</misses>
				<total>6</total>
				<timestamp>3556.484385</timestamp>
			</report>
			<report>
				<misses>68000001</misses>
				<total>6</total>
				<timestamp>3561.722213</timestamp>
			</report>
			<report>
				<misses>68100001</misses>
				<total>6</total>
				<timestamp>3566.960078</timestamp>
			</report>
			<report>
				<misses>68200001</misses>
				<total>5</total>
				<timestamp>3572.197889</timestamp>
			</report>
			<report>
				<misses>68300001</misses>
				<total>6</total>
				<timestamp>3577.435683</timestamp>
			</report>
			<report>
				<misses>68400001</misses>
				<total>6</total>
				<timestamp>3582.673459</timestamp>
			</report>
			<report>
				<misses>68500001</misses>
				<total>6</total>
				<timestamp>3587.911259</timestamp>
			</report>
			<report>
				<misses>68600001</misses>
				<total>5</total>
				<timestamp>3593.149084</timestamp>
			</report>
			<report>
				<misses>68700001</misses>
				<total>6</total>
				<timestamp>3598.386934</timestamp>
			</report>
			<report>
				<misses>68800001</misses>
				<total>6</total>
				<timestamp>3603.624722</timestamp>
			</report>
			<report>
				<misses>68900001</misses>
				<total>6</total>
				<timestamp>3608.862550</timestamp>
			</report>
			<report>
				<misses>69000001</misses>
				<total>5</total>
				<timestamp>3614.100409</timestamp>
			</report>
			<report>
				<misses>69100001</misses>
				<total>6</total>
				<timestamp>3619.338244</timestamp>
			</report>
			<report>
				<misses>69200001</misses>
				<total>6</total>
				<timestamp>3624.576071</timestamp>
			</report>
			<report>
				<misses>69300001</misses>
				<total>6</total>
				<timestamp>3629.813931</timestamp>
			</report>
			<report>
				<misses>69400001</misses>
				<total>5</total>
				<timestamp>3635.051843</timestamp>
			</report>
			<report>
				<misses>69500001</misses>
				<total>6</total>
				<timestamp>3640.289669</timestamp>
			</report>
			<report>
				<misses>69600001</misses>
				<total>6</total>
				<timestamp>3645.527522</timestamp>
			</report>
			<report>
				<misses>69700001</misses>
				<total>6</total>
				<timestamp>3650.765278</timestamp>
			</report>
			<report>
				<misses>69800001</misses>
				<total>6</total>
				<timestamp>3656.003179</timestamp>
			</report>
			<report>
				<misses>69900001</misses>
				<total>6</total>
				<timestamp>3661.240997</timestamp>
			</report>
			<report>
				<misses>70000001</misses>
				<total>6</total>
				<timestamp>3666.478835</timestamp>
			</report>
			<report>
				<misses>70100001</misses>
				<total>6</total>
				<timestamp>3671.716625</timestamp>
			</report>
			<report>
				<misses>70200001</misses>
				<total>5</total>
				<timestamp>3676.954424</timestamp>
			</report>
			<report>
				<misses>70300001</misses>
				<total>6</total>
				<timestamp>3682.192220</timestamp>
			</report>
			<report>
				<misses>70400001</misses>
				<total>6</total>
				<timestamp>3687.430061</timestamp>
			</report>
			<report>
				<misses>70500001</misses>
				<total>6</total>
				<timestamp>3692.667898</timestamp>
			</report>
			<report>
				<misses>70600001</misses>
				<total>6</total>
				<timestamp>3697.905759</timestamp>
			</report>
			<report>
				<misses>70700001</misses>
				<total>6</total>
				<timestamp>3703.143539</timestamp>
			</report>
			<report>
				<misses>70800001</misses>
				<total>6</total>
				<timestamp>3708.381317</timestamp>
			</report>
			<report>
				<misses>70900001</misses>
				<total>6</total>
				<timestamp>3713.619162</timestamp>
			</report>
			<report>
				<misses>71000001</misses>
				<total>6</total>
				<timestamp>3718.856974</timestamp>
			</report>
			<report>
				<misses>71100001</misses>
				<total>6</total>
				<timestamp>3724.094736</timestamp>
			</report>
			<report>
				<misses>71200001</misses>
				<total>6</total>
				<timestamp>3729.332504</timestamp>
			</report>
			<report>
				<misses>71300001</misses>
				<total>6</total>
				<timestamp>3734.570318</timestamp>
			</report>
			<report>
				<misses>71400001</misses>
				<total>5</total>
				<timestamp>3739.808121</timestamp>
			</report>
			<report>
				<misses>71500001</misses>
				<total>6</total>
				<timestamp>3745.046005</timestamp>
			</report>
			<report>
				<misses>71600001</misses>
				<total>6</total>
				<timestamp>3750.283799</timestamp>
			</report>
			<report>
				<misses>71700001</misses>
				<total>6</total>
				<timestamp>3755.521629</timestamp>
			</report>
			<report>
				<misses>71800001</misses>
				<total>5</total>
				<timestamp>3760.759416</timestamp>
			</report>
			<report>
				<misses>71900001</misses>
				<total>6</total>
				<timestamp>3765.997240</timestamp>
			</report>
			<report>
				<misses>72000001</misses>
				<total>6</total>
				<timestamp>3771.235039</timestamp>
			</report>
			<report>
				<misses>72100001</misses>
				<total>6</total>
				<timestamp>3776.472820</timestamp>
			</report>
			<report>
				<misses>72200001</misses>
				<total>5</total>
				<timestamp>3781.710658</timestamp>
			</report>
			<report>
				<misses>72300001</misses>
				<total>6</total>
				<timestamp>3786.948585</timestamp>
			</report>
			<report>
				<misses>72400001</misses>
				<total>6</total>
				<timestamp>3792.186411</timestamp>
			</report>
			<report>
				<misses>72500001</misses>
				<total>6</total>
				<timestamp>3797.424197</timestamp>
			</report>
			<report>
				<misses>72600001</misses>
				<total>5</total>
				<timestamp>3802.662013</timestamp>
			</report>
			<report>
				<misses>72700001</misses>
				<total>6</total>
				<timestamp>3807.899947</timestamp>
			</report>
			<report>
				<misses>72800001</misses>
				<total>6</total>
				<timestamp>3813.137796</timestamp>
			</report>
			<report>
				<misses>72900001</misses>
				<total>6</total>
				<timestamp>3818.375703</timestamp>
			</report>
			<report>
				<misses>73000001</misses>
				<total>5</total>
				<timestamp>3823.613638</timestamp>
			</report>
			<report>
				<misses>73100001</misses>
				<total>6</total>
				<timestamp>3828.851405</timestamp>
			</report>
			<report>
				<misses>73200001</misses>
				<total>6</total>
				<timestamp>3834.089354</timestamp>
			</report>
			<report>
				<misses>73300001</misses>
				<total>5</total>
				<timestamp>3839.327161</timestamp>
			</report>
			<report>
				<misses>73400001</misses>
				<total>5</total>
				<timestamp>3844.564997</timestamp>
			</report>
			<report>
				<misses>73500001</misses>
				<total>6</total>
				<timestamp>3849.802893</timestamp>
			</report>
			<report>
				<misses>73600001</misses>
				<total>6</total>
				<timestamp>3855.040830</timestamp>
			</report>
			<report>
				<misses>73700001</misses>
				<total>6</total>
				<timestamp>3860.278672</timestamp>
			</report>
			<report>
				<misses>73800001</misses>
				<total>6</total>
				<timestamp>3865.516540</timestamp>
			</report>
			<report>
				<misses>73900001</misses>
				<total>6</total>
				<timestamp>3870.754404</timestamp>
			</report>
			<report>
				<misses>74000001</misses>
				<total>6</total>
				<timestamp>3875.992201</timestamp>
			</report>
			<report>
				<misses>74100001</misses>
				<total>6</total>
				<timestamp>3881.229974</timestamp>
			</report>
			<report>
				<misses>74200001</misses>
				<total>5</total>
				<timestamp>3886.467807</timestamp>
			</report>
			<report>
				<misses>74300001</misses>
				<total>6</total>
				<timestamp>3891.705592</timestamp>
			</report>
			<report>
				<misses>74400001</misses>
				<total>6</total>
				<timestamp>3896.943465</timestamp>
			</report>
			<report>
				<misses>74500001</misses>
				<total>6</total>
				<timestamp>3902.181258</timestamp>
			</report>
			<report>
				<misses>74600001</misses>
				<total>5</total>
				<timestamp>3907.419135</timestamp>
			</report>
			<report>
				<misses>74700001</misses>
				<total>6</total>
				<timestamp>3912.656879</timestamp>
			</report>
			<report>
				<misses>74800001</misses>
				<total>6</total>
				<timestamp>3917.894719</timestamp>
			</report>
			<report>
				<misses>74900001</misses>
				<total>6</total>
				<timestamp>3923.132568</timestamp>
			</report>
			<report>
				<misses>75000001</misses>
				<total>6</total>
				<timestamp>3928.370403</timestamp>
			</report>
			<report>
				<misses>75100001</misses>
				<total>7</total>
				<timestamp>3933.608235</timestamp>
			</report>
			<report>
				<misses>75200001</misses>
				<total>7</total>
				<timestamp>3938.846029</timestamp>
			</report>
			<report>
				<misses>75300001</misses>
				<total>7</total>
				<timestamp>3944.083848</timestamp>
			</report>
			<report>
				<misses>75400001</misses>
				<total>6</total>
				<timestamp>3949.321709</timestamp>
			</report>
			<report>
				<misses>75500001</misses>
				<total>7</total>
				<timestamp>3954.559491</timestamp>
			</report>
			<report>
				<misses>75600001</misses>
				<total>7</total>
				<timestamp>3959.797327</timestamp>
			</report>
			<report>
				<misses>75700001</misses>
				<total>7</total>
				<timestamp>3965.035154</timestamp>
			</report>
			<report>
				<misses>75800001</misses>
				<total>7</total>
				<timestamp>3970.273023</timestamp>
			</report>
			<report>
				<misses>75900001</misses>
				<total>7</total>
				<timestamp>3975.510937</timestamp>
			</report>
			<report>
				<misses>76000001</misses>
				<total>7</total>
				<timestamp>3980.748738</timestamp>
			</report>
			<report>
				<misses>76100001</misses>
				<total>7</total>
				<timestamp>3985.986611</timestamp>
			</report>
			<report>
				<misses>76200001</misses>
				<total>6</total>
				<timestamp>3991.224461</timestamp>
			</report>
			<report>
				<misses>76300001</misses>
				<total>7</total>
				<timestamp>3996.462243</timestamp>
			</report>
			<report>
				<misses>76400001</misses>
				<total>7</total>
				<timestamp>4001.700088</timestamp>
			</report>
			<report>
				<misses>76500001</misses>
				<total>7</total>
				<timestamp>4006.937938</timestamp>
			</report>
			<report>
				<misses>76600001</misses>
				<total>7</total>
				<timestamp>4012.175693</timestamp>
			</report>
			<report>
				<misses>76700001</misses>
				<total>7</total>
				<timestamp>4017.413455</timestamp>
			</report>
			<report>
				<misses>76800001</misses>
				<total>7</total>
				<timestamp>4022.651263</timestamp>
			</report>
			<report>
				<misses>76900001</misses>
				<total>7</total>
				<timestamp>4027.889107</timestamp>
			</report>
			<report>
				<misses>77000001</misses>
				<total>7</total>
				<timestamp>4033.126938</timestamp>
			</report>
			<report>
				<misses>77100001</misses>
				<total>7</total>
				<timestamp>4038.364854</timestamp>
			</report>
			<report>
				<misses>77200001</misses>
				<total>7</total>
				<timestamp>4043.602646</timestamp>
			</report>
			<report>
				<misses>77300001</misses>
				<total>7</total>
				<timestamp>4048.840478</timestamp>
			</report>
			<report>
				<misses>77400001</misses>
				<total>7</total>
				<timestamp>4054.078255</timestamp>
			</report>
			<report>
				<misses>77500001</misses>
				<total>7</total>
				<timestamp>4059.316036</timestamp>
			</report>
			<report>
				<misses>77600001</misses>
				<total>7</total>
				<timestamp>4064.553814</timestamp>
			</report>
			<report>
				<misses>77700001</misses>
				<total>7</total>
				<timestamp>4069.791600</timestamp>
			</report>
			<report>
				<misses>77800001</misses>
				<total>6</total>
				<timestamp>4075.029533</timestamp>
			</report>
			<report>
				<misses>77900001</misses>
				<total>7</total>
				<timestamp>4080.267335</timestamp>
			</report>
			<report>
				<misses>78000001</misses>
				<total>7</total>
				<timestamp>4085.505201</timestamp>
			</report>
			<report>
				<misses>78100001</misses>
				<total>7</total>
				<timestamp>4090.743036</timestamp>
			</report>
			<report>
				<misses>78200001</misses>
				<total>6</total>
				<timestamp>4095.981041</timestamp>
			</report>
			<report>
				<misses>78300001</misses>
				<total>7</total>
				<timestamp>4101.218908</timestamp>
			</report>
			<report>
				<misses>78400001</misses>
				<total>7</total>
				<timestamp>4106.456830</timestamp>
			</report>
			<report>
				<misses>78500001</misses>
				<total>7</total>
				<timestamp>4111.694617</timestamp>
			</report>
			<report>
				<misses>78600001</misses>
				<total>6</total>
				<timestamp>4116.932459</timestamp>
			</report>
			<report>
				<misses>78700001</misses>
				<total>7</total>
				<timestamp>4122.170280</timestamp>
			</report>
			<report>
				<misses>78800001</misses>
				<total>7</total>
				<timestamp>4127.408095</timestamp>
			</report>
			<report>
				<misses>78900001</misses>
				<total>7</total>
				<timestamp>4132.645892</timestamp>
			</report>
			<report>
				<misses>79000001</misses>
				<total>6</total>
				<timestamp>4137.883659</timestamp>
			</report>
			<report>
				<misses>79100001</misses>
				<total>7</total>
				<timestamp>4143.121495</timestamp>
			</report>
			<report>
				<misses>79200001</misses>
				<total>7</total>
				<timestamp>4148.359374</timestamp>
			</report>
			<report>
				<misses>79300001</misses>
				<total>7</total>
				<timestamp>4153.597187</timestamp>
			</report>
			<report>
				<misses>79400001</misses>
				<total>6</total>
				<timestamp>4158.835050</timestamp>
			</report>
			<report>
				<misses>79500001</misses>
				<total>7</total>
				<timestamp>4164.072886</timestamp>
			</report>
			<report>
				<misses>79600001</misses>
				<total>7</total>
				<timestamp>4169.310713</timestamp>
			</report>
			<report>
				<misses>79700001</misses>
				<total>7</total>
				<timestamp>4174.548547</timestamp>
			</report>
			<report>
				<misses>79800001</misses>
				<total>6</total>
				<timestamp>4179.786464</timestamp>
			</report>
			<report>
				<misses>79900001</misses>
				<total>7</total>
				<timestamp>4185.024215</timestamp>
			</report>
			<report>
				<misses>80000001</misses>
				<total>7</total>
				<timestamp>4190.262001</timestamp>
			</report>
			<report>
				<misses>80100001</misses>
				<total>7</total>
				<timestamp>4195.499821</timestamp>
			</report>
			<report>
				<misses>80200001</misses>
				<total>6</total>
				<timestamp>4200.737689</timestamp>
			</report>
			<report>
				<misses>80300001</misses>
				<total>7</total>
				<timestamp>4205.975491</timestamp>
			</report>
			<report>
				<misses>80400001</misses>
				<total>7</total>
				<timestamp>4211.213267</timestamp>
			</report>
			<report>
				<misses>80500001</misses>
				<total>7</total>
				<timestamp>4216.451048</timestamp>
			</report>
			<report>
				<misses>80600001</misses>
				<total>6</total>
				<timestamp>4221.688857</timestamp>
			</report>
			<report>
				<misses>80700001</misses>
				<total>7</total>
				<timestamp>4226.926648</timestamp>
			</report>
			<report>
				<misses>80800001</misses>
				<total>7</total>
				<timestamp>4232.164473</timestamp>
			</report>
			<report>
				<misses>80900001</misses>
				<total>7</total>
				<timestamp>4237.402258</timestamp>
			</report>
			<report>
				<misses>81000001</misses>
				<total>6</total>
				<timestamp>4242.640179</timestamp>
			</report>
			<report>
				<misses>81100001</misses>
				<total>7</total>
				<timestamp>4247.877940</timestamp>
			</report>
			<report>
				<misses>81200001</misses>
				<total>7</total>
				<timestamp>4253.115742</timestamp>
			</report>
			<report>
				<misses>81300001</misses>
				<total>6</total>
				<timestamp>4258.353550</timestamp>
			</report>
			<report>
				<misses>81400001</misses>
				<total>6</total>
				<timestamp>4263.591431</timestamp>
			</report>
			<report>
				<misses>81500001</misses>
				<total>7</total>
				<timestamp>4268.829269</timestamp>
			</report>
			<report>
				<misses>81600001</misses>
				<total>7</total>
				<timestamp>4274.067029</timestamp>
			</report>
			<report>
				<misses>81700001</misses>
				<total>7</total>
				<timestamp>4279.304809</timestamp>
			</report>
			<report>
				<misses>81800001</misses>
				<total>6</total>
				<timestamp>4284.542605</timestamp>
			</report>
			<report>
				<misses>81900001</misses>
				<total>7</total>
				<timestamp>4289.780377</timestamp>
			</report>
			<report>
				<misses>82000001</misses>
				<total>7</total>
				<timestamp>4295.018174</timestamp>
			</report>
			<report>
				<misses>82100001</misses>
				<total>7</total>
				<timestamp>4300.255943</timestamp>
			</report>
			<report>
				<misses>82200001</misses>
				<total>6</total>
				<timestamp>4305.493840</timestamp>
			</report>
			<report>
				<misses>82300001</misses>
				<total>7</total>
				<timestamp>4310.731711</timestamp>
			</report>
			<report>
				<misses>82400001</misses>
				<total>7</total>
				<timestamp>4315.969526</timestamp>
			</report>
			<report>
				<misses>82500001</misses>
				<total>7</total>
				<timestamp>4321.207314</timestamp>
			</report>
			<report>
				<misses>82600001</misses>
				<total>6</total>
				<timestamp>4326.445175</timestamp>
			</report>
			<report>
				<misses>82700001</misses>
				<total>7</total>
				<timestamp>4331.683038</timestamp>
			</report>
			<report>
				<misses>82800001</misses>
				<total>7</total>
				<timestamp>4336.920878</timestamp>
			</report>
			<report>
				<misses>82900001</misses>
				<total>7</total>
				<timestamp>4342.158729</timestamp>
			</report>
			<report>
				<misses>83000001</misses>
				<total>7</total>
				<timestamp>4347.396530</timestamp>
			</report>
			<report>
				<misses>83100001</misses>
				<total>7</total>
				<timestamp>4352.634449</timestamp>
			</report>
			<report>
				<misses>83200001</misses>
				<total>7</total>
				<timestamp>4357.872364</timestamp>
			</report>
			<report>
				<misses>83300001</misses>
				<total>7</total>
				<timestamp>4363.110205</timestamp>
			</report>
			<report>
				<misses>83400001</misses>
				<total>6</total>
				<timestamp>4368.348091</timestamp>
			</report>
			<report>
				<misses>83500001</misses>
				<total>7</total>
				<timestamp>4373.585904</timestamp>
			</report>
			<report>
				<misses>83600001</misses>
				<total>7</total>
				<timestamp>4378.823838</timestamp>
			</report>
			<report>
				<misses>83700001</misses>
				<total>7</total>
				<timestamp>4384.061661</timestamp>
			</report>
			<report>
				<misses>83800001</misses>
				<total>6</total>
				<timestamp>4389.299508</timestamp>
			</report>
			<report>
				<misses>83900001</misses>
				<total>7</total>
				<timestamp>4394.537382</timestamp>
			</report>
			<report>
				<misses>84000001</misses>
				<total>7</total>
				<timestamp>4399.775149</timestamp>
			</report>
			<report>
				<misses>84100001</misses>
				<total>7</total>
				<timestamp>4405.013067</timestamp>
			</report>
			<report>
				<misses>84200001</misses>
				<total>6</total>
				<timestamp>4410.250926</timestamp>
			</report>
			<report>
				<misses>84300001</misses>
				<total>7</total>
				<timestamp>4415.488693</timestamp>
			</report>
			<report>
				<misses>84400001</misses>
				<total>6</total>
				<timestamp>4420.726562</timestamp>
			</report>
			<report>
				<misses>84500001</misses>
				<total>7</total>
				<timestamp>4425.964435</timestamp>
			</report>
			<report>
				<misses>84600001</misses>
				<total>7</total>
				<timestamp>4431.202205</timestamp>
			</report>
			<report>
				<misses>84700001</misses>
				<total>7</total>
				<timestamp>4436.440014</timestamp>
			</report>
			<report>
				<misses>84800001</misses>
				<total>7</total>
				<timestamp>4441.677783</timestamp>
			</report>
			<report>
				<misses>84900001</misses>
				<total>7</total>
				<timestamp>4446.915665</timestamp>
			</report>
			<report>
				<misses>85000001</misses>
				<total>7</total>
				<timestamp>4452.153450</timestamp>
			</report>
			<report>
				<misses>85100001</misses>
				<total>7</total>
				<timestamp>4457.391232</timestamp>
			</report>
			<report>
				<misses>85200001</misses>
				<total>7</total>
				<timestamp>4462.629150</timestamp>
			</report>
			<report>
				<misses>85300001</misses>
				<total>8</total>
				<timestamp>4467.866989</timestamp>
			</report>
			<report>
				<misses>85400001</misses>
				<total>7</total>
				<timestamp>4473.104815</timestamp>
			</report>
			<report>
				<misses>85500001</misses>
				<total>8</total>
				<timestamp>4478.342651</timestamp>
			</report>
			<report>
				<misses>85600001</misses>
				<total>8</total>
				<timestamp>4483.580474</timestamp>
			</report>
			<report>
				<misses>85700001</misses>
				<total>8</total>
				<timestamp>4488.818232</timestamp>
			</report>
			<report>
				<misses>85800001</misses>
				<total>8</total>
				<timestamp>4494.056051</timestamp>
			</report>
			<report>
				<misses>85900001</misses>
				<total>8</total>
				<timestamp>4499.293849</timestamp>
			</report>
			<report>
				<misses>86000001</misses>
				<total>8</total>
				<timestamp>4504.531620</timestamp>
			</report>
			<report>
				<misses>86100001</misses>
				<total>8</total>
				<timestamp>4509.769475</timestamp>
			</report>
			<report>
				<misses>86200001</misses>
				<total>7</total>
				<timestamp>4515.007320</timestamp>
			</report>
			<report>
				<misses>86300001</misses>
				<total>8</total>
				<timestamp>4520.245081</timestamp>
			</report>
			<report>
				<misses>86400001</misses>
				<total>8</total>
				<timestamp>4525.482913</timestamp>
			</report>
			<report>
				<misses>86500001</misses>
				<total>8</total>
				<timestamp>4530.720680</timestamp>
			</report>
			<report>
				<misses>86600001</misses>
				<total>7</total>
				<timestamp>4535.958505</timestamp>
			</report>
			<report>
				<misses>86700001</misses>
				<total>8</total>
				<timestamp>4541.196337</timestamp>
			</report>
			<report>
				<misses>86800001</misses>
				<total>8</total>
				<timestamp>4546.434120</timestamp>
			</report>
			<report>
				<misses>86900001</misses>
				<total>8</total>
				<timestamp>4551.671908</timestamp>
			</report>
			<report>
				<misses>87000001</misses>
				<total>7</total>
				<timestamp>4556.909708</timestamp>
			</report>
			<report>
				<misses>87100001</misses>
				<total>8</total>
				<timestamp>4562.147534</timestamp>
			</report>
			<report>
				<misses>87200001</misses>
				<total>8</total>
				<timestamp>4567.385428</timestamp>
			</report>
			<report>
				<misses>87300001</misses>
				<total>8</total>
				<timestamp>4572.623234</timestamp>
			</report>
			<report>
				<misses>87400001</misses>
				<total>7</total>
				<timestamp>4577.861078</timestamp>
			</report>
			<report>
				<misses>87500001</misses>
				<total>8</total>
				<timestamp>4583.098859</timestamp>
			</report>
			<report>
				<misses>87600001</misses>
				<total>8</total>
				<timestamp>4588.336686</timestamp>
			</report>
			<report>
				<misses>87700001</misses>
				<total>8</total>
				<timestamp>4593.574561</timestamp>
			</report>
			<report>
				<misses>87800001</misses>
				<total>7</total>
				<timestamp>4598.812388</timestamp>
			</report>
			<report>
				<misses>87900001</misses>
				<total>7</total>
				<timestamp>4604.050191</timestamp>
			</report>
			<report>
				<misses>88000001</misses>
				<total>7</total>
				<timestamp>4609.288000</timestamp>
			</report>
			<report>
				<misses>88100001</misses>
				<total>8</total>
				<timestamp>4614.525836</timestamp>
			</report>
			<report>
				<misses>88200001</misses>
				<total>7</total>
				<timestamp>4619.763597</timestamp>
			</report>
			<report>
				<misses>88300001</misses>
				<total>8</total>
				<timestamp>4625.001394</timestamp>
			</report>
			<report>
				<misses>88400001</misses>
				<total>8</total>
				<timestamp>4630.239175</timestamp>
			</report>
			<report>
				<misses>88500001</misses>
				<total>8</total>
				<timestamp>4635.476992</timestamp>
			</report>
			<report>
				<misses>88600001</misses>
				<total>7</total>
				<timestamp>4640.714873</timestamp>
			</report>
			<report>
				<misses>88700001</misses>
				<total>8</total>
				<timestamp>4645.952771</timestamp>
			</report>
			<report>
				<misses>88800001</misses>
				<total>8</total>
				<timestamp>4651.190619</timestamp>
			</report>
			<report>
				<misses>88900001</misses>
				<total>8</total>
				<timestamp>4656.428393</timestamp>
			</report>
			<report>
				<misses>89000001</misses>
				<total>7</total>
				<timestamp>4661.666182</timestamp>
			</report>
			<report>
				<misses>89100001</misses>
				<total>8</total>
				<timestamp>4666.904012</timestamp>
			</report>
			<report>
				<misses>89200001</misses>
				<total>8</total>
				<timestamp>4672.141881</timestamp>
			</report>
			<report>
				<misses>89300001</misses>
				<total>8</total>
				<timestamp>4677.379676</timestamp>
			</report>
			<report>
				<misses>89400001</misses>
				<total>7</total>
				<timestamp>4682.617441</timestamp>
			</report>
			<report>
				<misses>89500001</misses>
				<total>8</total>
				<timestamp>4687.855270</timestamp>
			</report>
			<report>
				<misses>89600001</misses>
				<total>8</total>
				<timestamp>4693.093068</timestamp>
			</report>
			<report>
				<misses>89700001</misses>
				<total>8</total>
				<timestamp>4698.330855</timestamp>
			</report>
			<report>
				<misses>89800001</misses>
				<total>7</total>
				<timestamp>4703.568677</timestamp>
			</report>
			<report>
				<misses>89900001</misses>
				<total>8</total>
				<timestamp>4708.806493</timestamp>
			</report>
			<report>
				<misses>90000001</misses>
				<total>8</total>
				<timestamp>4714.044346</timestamp>
			</report>
			<report>
				<misses>90100001</misses>
				<total>8</total>
				<timestamp>4719.282138</timestamp>
			</report>
			<report>
				<misses>90200001</misses>
				<total>7</total>
				<timestamp>4724.519954</timestamp>
			</report>
			<report>
				<misses>90300001</misses>
				<total>8</total>
				<timestamp>4729.757768</timestamp>
			</report>
			<report>
				<misses>90400001</misses>
				<total>8</total>
				<timestamp>4734.995575</timestamp>
			</report>
			<report>
				<misses>90500001</misses>
				<total>8</total>
				<timestamp>4740.233383</timestamp>
			</report>
			<report>
				<misses>90600001</misses>
				<total>7</total>
				<timestamp>4745.471221</timestamp>
			</report>
			<report>
				<misses>90700001</misses>
				<total>8</total>
				<timestamp>4750.709022</timestamp>
			</report>
			<report>
				<misses>90800001</misses>
				<total>8</total>
				<timestamp>4755.946894</timestamp>
			</report>
			<report>
				<misses>90900001</misses>
				<total>8</total>
				<timestamp>4761.184665</timestamp>
			</report>
			<report>
				<misses>91000001</misses>
				<total>7</total>
				<timestamp>4766.422471</timestamp>
			</report>
			<report>
				<misses>91100001</misses>
				<total>8</total>
				<timestamp>4771.660226</timestamp>
			</report>
			<report>
				<misses>91200001</misses>
				<total>8</total>
				<timestamp>4776.898026</timestamp>
			</report>
			<report>
				<misses>91300001</misses>
				<total>8</total>
				<timestamp>4782.135863</timestamp>
			</report>
			<report>
				<misses>91400001</misses>
				<total>7</total>
				<timestamp>4787.373719</timestamp>
			</report>
			<report>
				<misses>91500001</misses>
				<total>8</total>
				<timestamp>4792.611496</timestamp>
			</report>
			<report>
				<misses>91600001</misses>
				<total>8</total>
				<timestamp>4797.849332</timestamp>
			</report>
			<report>
				<misses>91700001</misses>
				<total>8</total>
				<timestamp>4803.087154</timestamp>
			</report>
			<report>
				<misses>91800001</misses>
				<total>8</total>
				<timestamp>4808.324973</timestamp>
			</report>
			<report>
				<misses>91900001</misses>
				<total>8</total>
				<timestamp>4813.562772</timestamp>
			</report>
			<report>
				<misses>92000001</misses>
				<total>7</total>
				<timestamp>4818.800540</timestamp>
			</report>
			<report>
				<misses>92100001</misses>
				<total>8</total>
				<timestamp>4824.038431</timestamp>
			</report>
			<report>
				<misses>92200001</misses>
				<total>7</total>
				<timestamp>4829.276277</timestamp>
			</report>
			<report>
				<misses>92300001</misses>
				<total>8</total>
				<timestamp>4834.514095</timestamp>
			</report>
			<report>
				<misses>92400001</misses>
				<total>8</total>
				<timestamp>4839.751890</timestamp>
			</report>
			<report>
				<misses>92500001</misses>
				<total>8</total>
				<timestamp>4844.989749</timestamp>
			</report>
			<report>
				<misses>92600001</misses>
				<total>7</total>
				<timestamp>4850.227540</timestamp>
			</report>
			<report>
				<misses>92700001</misses>
				<total>8</total>
				<timestamp>4855.465343</timestamp>
			</report>
			<report>
				<misses>92800001</misses>
				<total>8</total>
				<timestamp>4860.703132</timestamp>
			</report>
			<report>
				<misses>92900001</misses>
				<total>8</total>
				<timestamp>4865.940955</timestamp>
			</report>
			<report>
				<misses>93000001</misses>
				<total>8</total>
				<timestamp>4871.178764</timestamp>
			</report>
			<report>
				<misses>93100001</misses>
				<total>8</total>
				<timestamp>4876.416567</timestamp>
			</report>
			<report>
				<misses>93200001</misses>
				<total>8</total>
				<timestamp>4881.654394</timestamp>
			</report>
			<report>
				<misses>93300001</misses>
				<total>8</total>
				<timestamp>4886.892200</timestamp>
			</report>
			<report>
				<misses>93400001</misses>
				<total>7</total>
				<timestamp>4892.130021</timestamp>
			</report>
			<report>
				<misses>93500001</misses>
				<total>8</total>
				<timestamp>4897.368002</timestamp>
			</report>
			<report>
				<misses>93600001</misses>
				<total>8</total>
				<timestamp>4902.605816</timestamp>
			</report>
			<report>
				<misses>93700001</misses>
				<total>8</total>
				<timestamp>4907.843590</timestamp>
			</report>
			<report>
				<misses>93800001</misses>
				<total>7</total>
				<timestamp>4913.081389</timestamp>
			</report>
			<report>
				<misses>93900001</misses>
				<total>8</total>
				<timestamp>4918.319151</timestamp>
			</report>
			<report>
				<misses>94000001</misses>
				<total>8</total>
				<timestamp>4923.556953</timestamp>
			</report>
			<report>
				<misses>94100001</misses>
				<total>8</total>
				<timestamp>4928.794760</timestamp>
			</report>
			<report>
				<misses>94200001</misses>
				<total>8</total>
				<timestamp>4934.032588</timestamp>
			</report>
			<report>
				<misses>94300001</misses>
				<total>8</total>
				<timestamp>4939.270380</timestamp>
			</report>
			<report>
				<misses>94400001</misses>
				<total>8</total>
				<timestamp>4944.508184</timestamp>
			</report>
			<report>
				<misses>94500001</misses>
				<total>8</total>
				<timestamp>4949.745980</timestamp>
			</report>
			<report>
				<misses>94600001</misses>
				<total>7</total>
				<timestamp>4954.983784</timestamp>
			</report>
			<report>
				<misses>94700001</misses>
				<total>8</total>
				<timestamp>4960.221560</timestamp>
			</report>
			<report>
				<misses>94800001</misses>
				<total>8</total>
				<timestamp>4965.459324</timestamp>
			</report>
			<report>
				<misses>94900001</misses>
				<total>8</total>
				<timestamp>4970.697116</timestamp>
			</report>
			<report>
				<misses>95000001</misses>
				<total>7</total>
				<timestamp>4975.934881</timestamp>
			</report>
			<report>
				<misses>95100001</misses>
				<total>8</total>
				<timestamp>4981.172717</timestamp>
			</report>
			<report>
				<misses>95200001</misses>
				<total>8</total>
				<timestamp>4986.410534</timestamp>
			</report>
			<report>
				<misses>95300001</misses>
				<total>8</total>
				<timestamp>4991.648404</timestamp>
			</report>
			<report>
				<misses>95400001</misses>
				<total>7</total>
				<timestamp>4996.886171</timestamp>
			</report>
			<report>
				<misses>95500001</misses>
				<total>8</total>
				<timestamp>5002.123978</timestamp>
			</report>
			<report>
				<misses>95600001</misses>
				<total>8</total>
				<timestamp>5007.361866</timestamp>
			</report>
			<report>
				<misses>95700001</misses>
				<total>8</total>
				<timestamp>5012.599620</timestamp>
			</report>
			<report>
				<misses>95800001</misses>
				<total>7</total>
				<timestamp>5017.837539</timestamp>
			</report>
			<report>
				<misses>95900001</misses>
				<total>8</total>
				<timestamp>5023.075324</timestamp>
			</report>
			<report>
				<misses>96000001</misses>
				<total>8</total>
				<timestamp>5028.313113</timestamp>
			</report>
			<report>
				<misses>96100001</misses>
				<total>8</total>
				<timestamp>5033.550914</timestamp>
			</report>
			<report>
				<misses>96200001</misses>
				<total>7</total>
				<timestamp>5038.788800</timestamp>
			</report>
			<report>
				<misses>96300001</misses>
				<total>8</total>
				<timestamp>5044.026604</timestamp>
			</report>
			<report>
				<misses>96400001</misses>
				<total>8</total>
				<timestamp>5049.264448</timestamp>
			</report>
			<report>
				<misses>96500001</misses>
				<total>8</total>
				<timestamp>5054.502321</timestamp>
			</report>
			<report>
				<misses>96600001</misses>
				<total>7</total>
				<timestamp>5059.740094</timestamp>
			</report>
			<report>
				<misses>96700001</misses>
				<total>8</total>
				<timestamp>5064.977987</timestamp>
			</report>
			<report>
				<misses>96800001</misses>
				<total>8</total>
				<timestamp>5070.215780</timestamp>
			</report>
			<report>
				<misses>96900001</misses>
				<total>8</total>
				<timestamp>5075.453591</timestamp>
			</report>
			<report>
				<misses>97000001</misses>
				<total>7</total>
				<timestamp>5080.691407</timestamp>
			</report>
			<report>
				<misses>97100001</misses>
				<total>8</total>
				<timestamp>5085.929216</timestamp>
			</report>
			<report>
				<misses>97200001</misses>
				<total>8</total>
				<timestamp>5091.167063</timestamp>
			</report>
			<report>
				<misses>97300001</misses>
				<total>7</total>
				<timestamp>5096.404868</timestamp>
			</report>
			<report>
				<misses>97400001</misses>
				<total>7</total>
				<timestamp>5101.642643</timestamp>
			</report>
			<report>
				<misses>97500001</misses>
				<total>8</total>
				<timestamp>5106.880453</timestamp>
			</report>
			<report>
				<misses>97600001</misses>
				<total>8</total>
				<timestamp>5112.118260</timestamp>
			</report>
			<report>
				<misses>97700001</misses>
				<total>8</total>
				<timestamp>5117.356112</timestamp>
			</report>
			<report>
				<misses>97800001</misses>
				<total>8</total>
				<timestamp>5122.593954</timestamp>
			</report>
			<report>
				<misses>97900001</misses>
				<total>8</total>
				<timestamp>5127.831744</timestamp>
			</report>
			<report>
				<misses>98000001</misses>
				<total>8</total>
				<timestamp>5133.069561</timestamp>
			</report>
			<report>
				<misses>98100001</misses>
				<total>8</total>
				<timestamp>5138.307383</timestamp>
			</report>
			<report>
				<misses>98200001</misses>
				<total>7</total>
				<timestamp>5143.545236</timestamp>
			</report>
			<report>
				<misses>98300001</misses>
				<total>8</total>
				<timestamp>5148.783099</timestamp>
			</report>
			<report>
				<misses>98400001</misses>
				<total>8</total>
				<timestamp>5154.020930</timestamp>
			</report>
			<report>
				<misses>98500001</misses>
				<total>8</total>
				<timestamp>5159.258768</timestamp>
			</report>
			<report>
				<misses>98600001</misses>
				<total>8</total>
				<timestamp>5164.496585</timestamp>
			</report>
			<report>
				<misses>98700001</misses>
				<total>8</total>
				<timestamp>5169.734357</timestamp>
			</report>
			<report>
				<misses>98800001</misses>
				<total>8</total>
				<timestamp>5174.972192</timestamp>
			</report>
			<report>
				<misses>98900001</misses>
				<total>8</total>
				<timestamp>5180.209983</timestamp>
			</report>
			<report>
				<misses>99000001</misses>
				<total>8</total>
				<timestamp>5185.447729</timestamp>
			</report>
			<report>
				<misses>99100001</misses>
				<total>8</total>
				<timestamp>5190.685521</timestamp>
			</report>
			<report>
				<misses>99200001</misses>
				<total>8</total>
				<timestamp>5195.923342</timestamp>
			</report>
			<report>
				<misses>99300001</misses>
				<total>8</total>
				<timestamp>5201.161123</timestamp>
			</report>
			<report>
				<misses>99400001</misses>
				<total>7</total>
				<timestamp>5206.398920</timestamp>
			</report>
			<report>
				<misses>99500001</misses>
				<total>8</total>
				<timestamp>5211.636701</timestamp>
			</report>
			<report>
				<misses>99600001</misses>
				<total>8</total>
				<timestamp>5216.874506</timestamp>
			</report>
			<report>
				<misses>99700001</misses>
				<total>8</total>
				<timestamp>5222.112332</timestamp>
			</report>
			<report>
				<misses>99800001</misses>
				<total>8</total>
				<timestamp>5227.350118</timestamp>
			</report>
			<report>
				<misses>99900001</misses>
				<total>8</total>
				<timestamp>5232.587963</timestamp>
			</report>
			<report>
				<misses>100000001</misses>
				<total>8</total>
				<timestamp>5237.825821</timestamp>
			</report>
			<report>
				<misses>100100001</misses>
				<total>8</total>
				<timestamp>5243.063628</timestamp>
			</report>
			<report>
				<misses>100200001</misses>
				<total>8</total>
				<timestamp>5248.301424</timestamp>
			</report>
			<report>
				<misses>100300001</misses>
				<total>8</total>
				<timestamp>5253.539259</timestamp>
			</report>
			<report>
				<misses>100400001</misses>
				<total>8</total>
				<timestamp>5258.777038</timestamp>
			</report>
			<report>
				<misses>100500001</misses>
				<total>8</total>
				<timestamp>5264.014844</timestamp>
			</report>
			<report>
				<misses>100600001</misses>
				<total>8</total>
				<timestamp>5269.252665</timestamp>
			</report>
			<report>
				<misses>100700001</misses>
				<total>8</total>
				<timestamp>5274.490506</timestamp>
			</report>
			<report>
				<misses>100800001</misses>
				<total>8</total>
				<timestamp>5279.728270</timestamp>
			</report>
			<report>
				<misses>100900001</misses>
				<total>8</total>
				<timestamp>5284.966063</timestamp>
			</report>
			<report>
				<misses>101000001</misses>
				<total>7</total>
				<timestamp>5290.203912</timestamp>
			</report>
			<report>
				<misses>101100001</misses>
				<total>8</total>
				<timestamp>5295.441758</timestamp>
			</report>
			<report>
				<misses>101200001</misses>
				<total>8</total>
				<timestamp>5300.679565</timestamp>
			</report>
			<report>
				<misses>101300001</misses>
				<total>8</total>
				<timestamp>5305.917410</timestamp>
			</report>
			<report>
				<misses>101400001</misses>
				<total>7</total>
				<timestamp>5311.155340</timestamp>
			</report>
			<report>
				<misses>101500001</misses>
				<total>8</total>
				<timestamp>5316.393191</timestamp>
			</report>
			<report>
				<misses>101600001</misses>
				<total>8</total>
				<timestamp>5321.631156</timestamp>
			</report>
			<report>
				<misses>101700001</misses>
				<total>8</total>
				<timestamp>5326.869010</timestamp>
			</report>
			<report>
				<misses>101800001</misses>
				<total>7</total>
				<timestamp>5332.106957</timestamp>
			</report>
			<report>
				<misses>101900001</misses>
				<total>8</total>
				<timestamp>5337.344766</timestamp>
			</report>
			<report>
				<misses>102000001</misses>
				<total>8</total>
				<timestamp>5342.582564</timestamp>
			</report>
			<report>
				<misses>102100001</misses>
				<total>8</total>
				<timestamp>5347.820352</timestamp>
			</report>
			<report>
				<misses>102200001</misses>
				<total>7</total>
				<timestamp>5353.058154</timestamp>
			</report>
			<report>
				<misses>102300001</misses>
				<total>8</total>
				<timestamp>5358.295945</timestamp>
			</report>
			<report>
				<misses>102400001</misses>
				<total>8</total>
				<timestamp>5363.533729</timestamp>
			</report>
			<report>
				<misses>102500001</misses>
				<total>8</total>
				<timestamp>5368.771527</timestamp>
			</report>
			<report>
				<misses>102600001</misses>
				<total>7</total>
				<timestamp>5374.009447</timestamp>
			</report>
			<report>
				<misses>102700001</misses>
				<total>8</total>
				<timestamp>5379.247254</timestamp>
			</report>
			<report>
				<misses>102800001</misses>
				<total>8</total>
				<timestamp>5384.485012</timestamp>
			</report>
			<report>
				<misses>102900001</misses>
				<total>8</total>
				<timestamp>5389.722870</timestamp>
			</report>
			<report>
				<misses>103000001</misses>
				<total>7</total>
				<timestamp>5394.960783</timestamp>
			</report>
			<report>
				<misses>103100001</misses>
				<total>7</total>
				<timestamp>5400.198628</timestamp>
			</report>
			<report>
				<misses>103200001</misses>
				<total>8</total>
				<timestamp>5405.436433</timestamp>
			</report>
			<report>
				<misses>103300001</misses>
				<total>8</total>
				<timestamp>5410.674216</timestamp>
			</report>
			<report>
				<misses>103400001</misses>
				<total>7</total>
				<timestamp>5415.912006</timestamp>
			</report>
			<report>
				<misses>103500001</misses>
				<total>8</total>
				<timestamp>5421.149769</timestamp>
			</report>
			<report>
				<misses>103600001</misses>
				<total>8</total>
				<timestamp>5426.387587</timestamp>
			</report>
			<report>
				<misses>103700001</misses>
				<total>8</total>
				<timestamp>5431.625341</timestamp>
			</report>
			<report>
				<misses>103800001</misses>
				<total>7</total>
				<timestamp>5436.863136</timestamp>
			</report>
			<report>
				<misses>103900001</misses>
				<total>8</total>
				<timestamp>5442.100905</timestamp>
			</report>
			<report>
				<misses>104000001</misses>
				<total>8</total>
				<timestamp>5447.338730</timestamp>
			</report>
			<report>
				<misses>104100001</misses>
				<total>7</total>
				<timestamp>5452.576651</timestamp>
			</report>
			<report>
				<misses>104200001</misses>
				<total>7</total>
				<timestamp>5457.814419</timestamp>
			</report>
			<report>
				<misses>104300001</misses>
				<total>8</total>
				<timestamp>5463.052254</timestamp>
			</report>
			<report>
				<misses>104400001</misses>
				<total>8</total>
				<timestamp>5468.290133</timestamp>
			</report>
			<report>
				<misses>104500001</misses>
				<total>8</total>
				<timestamp>5473.527986</timestamp>
			</report>
			<report>
				<misses>104600001</misses>
				<total>7</total>
				<timestamp>5478.765872</timestamp>
			</report>
			<report>
				<misses>104700001</misses>
				<total>8</total>
				<timestamp>5484.003623</timestamp>
			</report>
			<report>
				<misses>104800001</misses>
				<total>8</total>
				<timestamp>5489.241428</timestamp>
			</report>
			<report>
				<misses>104900001</misses>
				<total>8</total>
				<timestamp>5494.479189</timestamp>
			</report>
			<report>
				<misses>105000001</misses>
				<total>7</total>
				<timestamp>5499.717086</timestamp>
			</report>
			<report>
				<misses>105100001</misses>
				<total>8</total>
				<timestamp>5504.954898</timestamp>
			</report>
			<report>
				<misses>105200001</misses>
				<total>8</total>
				<timestamp>5510.192761</timestamp>
			</report>
			<report>
				<misses>105300001</misses>
				<total>8</total>
				<timestamp>5515.430691</timestamp>
			</report>
			<report>
				<misses>105400001</misses>
				<total>8</total>
				<timestamp>5520.668488</timestamp>
			</report>
			<report>
				<misses>105500001</misses>
				<total>8</total>
				<timestamp>5525.906248</timestamp>
			</report>
			<report>
				<misses>105600001</misses>
				<total>8</total>
				<timestamp>5531.144033</timestamp>
			</report>
			<report>
				<misses>105700001</misses>
				<total>8</total>
				<timestamp>5536.381790</timestamp>
			</report>
			<report>
				<misses>105800001</misses>
				<total>8</total>
				<timestamp>5541.619616</timestamp>
			</report>
			<report>
				<misses>105900001</misses>
				<total>8</total>
				<timestamp>5546.857460</timestamp>
			</report>
			<report>
				<misses>106000001</misses>
				<total>8</total>
				<timestamp>5552.095300</timestamp>
			</report>
			<report>
				<misses>106100001</misses>
				<total>8</total>
				<timestamp>5557.333082</timestamp>
			</report>
			<report>
				<misses>106200001</misses>
				<total>7</total>
				<timestamp>5562.570854</timestamp>
			</report>
			<report>
				<misses>106300001</misses>
				<total>7</total>
				<timestamp>5567.808625</timestamp>
			</report>
			<report>
				<misses>106400001</misses>
				<total>8</total>
				<timestamp>5573.046470</timestamp>
			</report>
			<report>
				<misses>106500001</misses>
				<total>8</total>
				<timestamp>5578.284300</timestamp>
			</report>
			<report>
				<misses>106600001</misses>
				<total>7</total>
				<timestamp>5583.522096</timestamp>
			</report>
			<report>
				<misses>106700001</misses>
				<total>8</total>
				<timestamp>5588.759901</timestamp>
			</report>
			<report>
				<misses>106800001</misses>
				<total>8</total>
				<timestamp>5593.997713</timestamp>
			</report>
			<report>
				<misses>106900001</misses>
				<total>8</total>
				<timestamp>5599.235526</timestamp>
			</report>
			<report>
				<misses>107000001</misses>
				<total>8</total>
				<timestamp>5604.473335</timestamp>
			</report>
			<report>
				<misses>107100001</misses>
				<total>8</total>
				<timestamp>5609.711100</timestamp>
			</report>
			<report>
				<misses>107200001</misses>
				<total>8</total>
				<timestamp>5614.948857</timestamp>
			</report>
			<report>
				<misses>107300001</misses>
				<total>7</total>
				<timestamp>5620.186670</timestamp>
			</report>
			<report>
				<misses>107400001</misses>
				<total>8</total>
				<timestamp>5625.424526</timestamp>
			</report>
			<report>
				<misses>107500001</misses>
				<total>8</total>
				<timestamp>5630.662304</timestamp>
			</report>
			<report>
				<misses>107600001</misses>
				<total>8</total>
				<timestamp>5635.900128</timestamp>
			</report>
			<report>
				<misses>107700001</misses>
				<total>8</total>
				<timestamp>5641.137927</timestamp>
			</report>
			<report>
				<misses>107800001</misses>
				<total>8</total>
				<timestamp>5646.375720</timestamp>
			</report>
			<report>
				<misses>107900001</misses>
				<total>8</total>
				<timestamp>5651.613516</timestamp>
			</report>
			<report>
				<misses>108000001</misses>
				<total>8</total>
				<timestamp>5656.851327</timestamp>
			</report>
			<report>
				<misses>108100001</misses>
				<total>8</total>
				<timestamp>5662.089153</timestamp>
			</report>
			<report>
				<misses>108200001</misses>
				<total>8</total>
				<timestamp>5667.327062</timestamp>
			</report>
			<report>
				<misses>108300001</misses>
				<total>8</total>
				<timestamp>5672.564937</timestamp>
			</report>
			<report>
				<misses>108400001</misses>
				<total>8</total>
				<timestamp>5677.802769</timestamp>
			</report>
			<report>
				<misses>108500001</misses>
				<total>8</total>
				<timestamp>5683.040580</timestamp>
			</report>
			<report>
				<misses>108600001</misses>
				<total>8</total>
				<timestamp>5688.278379</timestamp>
			</report>
			<report>
				<misses>108700001</misses>
				<total>8</total>
				<timestamp>5693.516230</timestamp>
			</report>
			<report>
				<misses>108800001</misses>
				<total>8</total>
				<timestamp>5698.754087</timestamp>
			</report>
			<report>
				<misses>108900001</misses>
				<total>8</total>
				<timestamp>5703.991870</timestamp>
			</report>
			<report>
				<misses>109000001</misses>
				<total>8</total>
				<timestamp>5709.229703</timestamp>
			</report>
			<report>
				<misses>109100001</misses>
				<total>8</total>
				<timestamp>5714.467522</timestamp>
			</report>
			<report>
				<misses>109200001</misses>
				<total>8</total>
				<timestamp>5719.705340</timestamp>
			</report>
			<report>
				<misses>109300001</misses>
				<total>8</total>
				<timestamp>5724.943210</timestamp>
			</report>
			<report>
				<misses>109400001</misses>
				<total>8</total>
				<timestamp>5730.181070</timestamp>
			</report>
			<report>
				<misses>109500001</misses>
				<total>8</total>
				<timestamp>5735.418936</timestamp>
			</report>
			<report>
				<misses>109600001</misses>
				<total>8</total>
				<timestamp>5740.656836</timestamp>
			</report>
			<report>
				<misses>109700001</misses>
				<total>8</total>
				<timestamp>5745.894668</timestamp>
			</report>
			<report>
				<misses>109800001</misses>
				<total>8</total>
				<timestamp>5751.132460</timestamp>
			</report>
			<report>
				<misses>109900001</misses>
				<total>8</total>
				<timestamp>5756.370315</timestamp>
			</report>
			<report>
				<misses>110000001</misses>
				<total>8</total>
				<timestamp>5761.608210</timestamp>
			</report>
			<report>
				<misses>110100001</misses>
				<total>8</total>
				<timestamp>5766.846084</timestamp>
			</report>
			<report>
				<misses>110200001</misses>
				<total>8</total>
				<timestamp>5772.083966</timestamp>
			</report>
			<report>
				<misses>110300001</misses>
				<total>8</total>
				<timestamp>5777.321792</timestamp>
			</report>
			<report>
				<misses>110400001</misses>
				<total>8</total>
				<timestamp>5782.559677</timestamp>
			</report>
			<report>
				<misses>110500001</misses>
				<total>8</total>
				<timestamp>5787.797489</timestamp>
			</report>
			<report>
				<misses>110600001</misses>
				<total>8</total>
				<timestamp>5793.035254</timestamp>
			</report>
			<report>
				<misses>110700001</misses>
				<total>8</total>
				<timestamp>5798.273073</timestamp>
			</report>
			<report>
				<misses>110800001</misses>
				<total>8</total>
				<timestamp>5803.510896</timestamp>
			</report>
			<report>
				<misses>110900001</misses>
				<total>8</total>
				<timestamp>5808.748690</timestamp>
			</report>
			<report>
				<misses>111000001</misses>
				<total>8</total>
				<timestamp>5813.986509</timestamp>
			</report>
			<report>
				<misses>111100001</misses>
				<total>8</total>
				<timestamp>5819.224264</timestamp>
			</report>
			<report>
				<misses>111200001</misses>
				<total>8</total>
				<timestamp>5824.462083</timestamp>
			</report>
			<report>
				<misses>111300001</misses>
				<total>8</total>
				<timestamp>5829.699950</timestamp>
			</report>
			<report>
				<misses>111400001</misses>
				<total>8</total>
				<timestamp>5834.937837</timestamp>
			</report>
			<report>
				<misses>111500001</misses>
				<total>8</total>
				<timestamp>5840.175638</timestamp>
			</report>
			<report>
				<misses>111600001</misses>
				<total>8</total>
				<timestamp>5845.413435</timestamp>
			</report>
			<report>
				<misses>111700001</misses>
				<total>8</total>
				<timestamp>5850.651290</timestamp>
			</report>
			<report>
				<misses>111800001</misses>
				<total>8</total>
				<timestamp>5855.889115</timestamp>
			</report>
			<report>
				<misses>111900001</misses>
				<total>8</total>
				<timestamp>5861.126917</timestamp>
			</report>
			<report>
				<misses>112000001</misses>
				<total>8</total>
				<timestamp>5866.364780</timestamp>
			</report>
			<report>
				<misses>112100001</misses>
				<total>8</total>
				<timestamp>5871.602593</timestamp>
			</report>
			<report>
				<misses>112200001</misses>
				<total>8</total>
				<timestamp>5876.840487</timestamp>
			</report>
			<report>
				<misses>112300001</misses>
				<total>8</total>
				<timestamp>5882.078244</timestamp>
			</report>
			<report>
				<misses>112400001</misses>
				<total>8</total>
				<timestamp>5887.316067</timestamp>
			</report>
			<report>
				<misses>112500001</misses>
				<total>8</total>
				<timestamp>5892.553878</timestamp>
			</report>
			<report>
				<misses>112600001</misses>
				<total>8</total>
				<timestamp>5897.791639</timestamp>
			</report>
			<report>
				<misses>112700001</misses>
				<total>8</total>
				<timestamp>5903.029446</timestamp>
			</report>
			<report>
				<misses>112800001</misses>
				<total>8</total>
				<timestamp>5908.267266</timestamp>
			</report>
			<report>
				<misses>112900001</misses>
				<total>8</total>
				<timestamp>5913.505134</timestamp>
			</report>
			<report>
				<misses>113000001</misses>
				<total>8</total>
				<timestamp>5918.742955</timestamp>
			</report>
			<report>
				<misses>113100001</misses>
				<total>8</total>
				<timestamp>5923.980845</timestamp>
			</report>
			<report>
				<misses>113200001</misses>
				<total>8</total>
				<timestamp>5929.218732</timestamp>
			</report>
			<report>
				<misses>113300001</misses>
				<total>8</total>
				<timestamp>5934.456583</timestamp>
			</report>
			<report>
				<misses>113400001</misses>
				<total>8</total>
				<timestamp>5939.694389</timestamp>
			</report>
			<report>
				<misses>113500001</misses>
				<total>8</total>
				<timestamp>5944.932229</timestamp>
			</report>
			<report>
				<misses>113600001</misses>
				<total>7</total>
				<timestamp>5950.170001</timestamp>
			</report>
			<report>
				<misses>113700001</misses>
				<total>8</total>
				<timestamp>5955.407958</timestamp>
			</report>
			<report>
				<misses>113800001</misses>
				<total>8</total>
				<timestamp>5960.645750</timestamp>
			</report>
			<report>
				<misses>113900001</misses>
				<total>8</total>
				<timestamp>5965.883588</timestamp>
			</report>
			<report>
				<misses>114000001</misses>
				<total>8</total>
				<timestamp>5971.121419</timestamp>
			</report>
			<report>
				<misses>114100001</misses>
				<total>8</total>
				<timestamp>5976.359327</timestamp>
			</report>
			<report>
				<misses>114200001</misses>
				<total>8</total>
				<timestamp>5981.597092</timestamp>
			</report>
			<report>
				<misses>114300001</misses>
				<total>8</total>
				<timestamp>5986.834918</timestamp>
			</report>
			<report>
				<misses>114400001</misses>
				<total>8</total>
				<timestamp>5992.072729</timestamp>
			</report>
			<report>
				<misses>114500001</misses>
				<total>8</total>
				<timestamp>5997.310552</timestamp>
			</report>
			<report>
				<misses>114600001</misses>
				<total>8</total>
				<timestamp>6002.548375</timestamp>
			</report>
			<report>
				<misses>114700001</misses>
				<total>8</total>
				<timestamp>6007.786173</timestamp>
			</report>
			<report>
				<misses>114800001</misses>
				<total>8</total>
				<timestamp>6013.024071</timestamp>
			</report>
			<report>
				<misses>114900001</misses>
				<total>8</total>
				<timestamp>6018.261838</timestamp>
			</report>
			<report>
				<misses>115000001</misses>
				<total>8</total>
				<timestamp>6023.499635</timestamp>
			</report>
			<report>
				<misses>115100001</misses>
				<total>8</total>
				<timestamp>6028.737426</timestamp>
			</report>
			<report>
				<misses>115200001</misses>
				<total>8</total>
				<timestamp>6033.975377</timestamp>
			</report>
			<report>
				<misses>115300001</misses>
				<total>7</total>
				<timestamp>6039.213171</timestamp>
			</report>
			<report>
				<misses>115400001</misses>
				<total>8</total>
				<timestamp>6044.451063</timestamp>
			</report>
			<report>
				<misses>115500001</misses>
				<total>7</total>
				<timestamp>6049.688881</timestamp>
			</report>
			<report>
				<misses>115600001</misses>
				<total>8</total>
				<timestamp>6054.926779</timestamp>
			</report>
			<report>
				<misses>115700001</misses>
				<total>7</total>
				<timestamp>6060.164577</timestamp>
			</report>
			<report>
				<misses>115800001</misses>
				<total>8</total>
				<timestamp>6065.402392</timestamp>
			</report>
			<report>
				<misses>115900001</misses>
				<total>8</total>
				<timestamp>6070.640175</timestamp>
			</report>
			<report>
				<misses>116000001</misses>
				<total>8</total>
				<timestamp>6075.877977</timestamp>
			</report>
			<report>
				<misses>116100001</misses>
				<total>7</total>
				<timestamp>6081.115808</timestamp>
			</report>
			<report>
				<misses>116200001</misses>
				<total>8</total>
				<timestamp>6086.353628</timestamp>
			</report>
			<report>
				<misses>116300001</misses>
				<total>8</total>
				<timestamp>6091.591446</timestamp>
			</report>
			<report>
				<misses>116400001</misses>
				<total>8</total>
				<timestamp>6096.829244</timestamp>
			</report>
			<report>
				<misses>116500001</misses>
				<total>7</total>
				<timestamp>6102.067063</timestamp>
			</report>
			<report>
				<misses>116600001</misses>
				<total>8</total>
				<timestamp>6107.304811</timestamp>
			</report>
			<report>
				<misses>116700001</misses>
				<total>8</total>
				<timestamp>6112.542615</timestamp>
			</report>
			<report>
				<misses>116800001</misses>
				<total>8</total>
				<timestamp>6117.780511</timestamp>
			</report>
			<report>
				<misses>116900001</misses>
				<total>8</total>
				<timestamp>6123.018333</timestamp>
			</report>
			<report>
				<misses>117000001</misses>
				<total>8</total>
				<timestamp>6128.256142</timestamp>
			</report>
			<report>
				<misses>117100001</misses>
				<total>7</total>
				<timestamp>6133.494097</timestamp>
			</report>
			<report>
				<misses>117200001</misses>
				<total>8</total>
				<timestamp>6138.731859</timestamp>
			</report>
			<report>
				<misses>117300001</misses>
				<total>7</total>
				<timestamp>6143.969778</timestamp>
			</report>
			<report>
				<misses>117400001</misses>
				<total>8</total>
				<timestamp>6149.207565</timestamp>
			</report>
			<report>
				<misses>117500001</misses>
				<total>7</total>
				<timestamp>6154.445457</timestamp>
			</report>
			<report>
				<misses>117600001</misses>
				<total>8</total>
				<timestamp>6159.683249</timestamp>
			</report>
			<report>
				<misses>117700001</misses>
				<total>8</total>
				<timestamp>6164.921092</timestamp>
			</report>
			<report>
				<misses>117800001</misses>
				<total>8</total>
				<timestamp>6170.158886</timestamp>
			</report>
			<report>
				<misses>117900001</misses>
				<total>8</total>
				<timestamp>6175.396740</timestamp>
			</report>
			<report>
				<misses>118000001</misses>
				<total>8</total>
				<timestamp>6180.634563</timestamp>
			</report>
			<report>
				<misses>118100001</misses>
				<total>7</total>
				<timestamp>6185.872371</timestamp>
			</report>
			<report>
				<misses>118200001</misses>
				<total>8</total>
				<timestamp>6191.110129</timestamp>
			</report>
			<report>
				<misses>118300001</misses>
				<total>7</total>
				<timestamp>6196.347961</timestamp>
			</report>
			<report>
				<misses>118400001</misses>
				<total>8</total>
				<timestamp>6201.585801</timestamp>
			</report>
			<report>
				<misses>118500001</misses>
				<total>7</total>
				<timestamp>6206.823647</timestamp>
			</report>
			<report>
				<misses>118600001</misses>
				<total>8</total>
				<timestamp>6212.061451</timestamp>
			</report>
			<report>
				<misses>118700001</misses>
				<total>8</total>
				<timestamp>6217.299269</timestamp>
			</report>
			<report>
				<misses>118800001</misses>
				<total>7</total>
				<timestamp>6222.537147</timestamp>
			</report>
			<report>
				<misses>118900001</misses>
				<total>7</total>
				<timestamp>6227.774937</timestamp>
			</report>
			<report>
				<misses>119000001</misses>
				<total>8</total>
				<timestamp>6233.012762</timestamp>
			</report>
			<report>
				<misses>119100001</misses>
				<total>8</total>
				<timestamp>6238.250516</timestamp>
			</report>
			<report>
				<misses>119200001</misses>
				<total>8</total>
				<timestamp>6243.488277</timestamp>
			</report>
			<report>
				<misses>119300001</misses>
				<total>7</total>
				<timestamp>6248.726093</timestamp>
			</report>
			<report>
				<misses>119400001</misses>
				<total>7</total>
				<timestamp>6253.963859</timestamp>
			</report>
			<report>
				<misses>119500001</misses>
				<total>8</total>
				<timestamp>6259.201667</timestamp>
			</report>
			<report>
				<misses>119600001</misses>
				<total>8</total>
				<timestamp>6264.439483</timestamp>
			</report>
			<report>
				<misses>119700001</misses>
				<total>7</total>
				<timestamp>6269.677355</timestamp>
			</report>
			<report>
				<misses>119800001</misses>
				<total>8</total>
				<timestamp>6274.915151</timestamp>
			</report>
			<report>
				<misses>119900001</misses>
				<total>8</total>
				<timestamp>6280.152937</timestamp>
			</report>
			<report>
				<misses>120000001</misses>
				<total>8</total>
				<timestamp>6285.390722</timestamp>
			</report>
			<report>
				<misses>120100001</misses>
				<total>7</total>
				<timestamp>6290.628525</timestamp>
			</report>
			<report>
				<misses>120200001</misses>
				<total>8</total>
				<timestamp>6295.866374</timestamp>
			</report>
			<report>
				<misses>120300001</misses>
				<total>8</total>
				<timestamp>6301.104145</timestamp>
			</report>
			<report>
				<misses>120400001</misses>
				<total>8</total>
				<timestamp>6306.341908</timestamp>
			</report>
			<report>
				<misses>120500001</misses>
				<total>7</total>
				<timestamp>6311.579737</timestamp>
			</report>
			<report>
				<misses>120600001</misses>
				<total>8</total>
				<timestamp>6316.817603</timestamp>
			</report>
			<report>
				<misses>120700001</misses>
				<total>8</total>
				<timestamp>6322.055385</timestamp>
			</report>
			<report>
				<misses>120800001</misses>
				<total>8</total>
				<timestamp>6327.293167</timestamp>
			</report>
			<report>
				<misses>120900001</misses>
				<total>7</total>
				<timestamp>6332.531014</timestamp>
			</report>
			<report>
				<misses>121000001</misses>
				<total>8</total>
				<timestamp>6337.768809</timestamp>
			</report>
			<report>
				<misses>121100001</misses>
				<total>8</total>
				<timestamp>6343.006621</timestamp>
			</report>
			<report>
				<misses>121200001</misses>
				<total>8</total>
				<timestamp>6348.244459</timestamp>
			</report>
			<report>
				<misses>121300001</misses>
				<total>7</total>
				<timestamp>6353.482215</timestamp>
			</report>
			<report>
				<misses>121400001</misses>
				<total>8</total>
				<timestamp>6358.720009</timestamp>
			</report>
			<report>
				<misses>121500001</misses>
				<total>8</total>
				<timestamp>6363.957791</timestamp>
			</report>
			<report>
				<misses>121600001</misses>
				<total>8</total>
				<timestamp>6369.195578</timestamp>
			</report>
			<report>
				<misses>121700001</misses>
				<total>7</total>
				<timestamp>6374.433396</timestamp>
			</report>
			<report>
				<misses>121800001</misses>
				<total>8</total>
				<timestamp>6379.671220</timestamp>
			</report>
			<report>
				<misses>121900001</misses>
				<total>8</total>
				<timestamp>6384.909030</timestamp>
			</report>
			<report>
				<misses>122000001</misses>
				<total>8</total>
				<timestamp>6390.146841</timestamp>
			</report>
			<report>
				<misses>122100001</misses>
				<total>8</total>
				<timestamp>6395.384664</timestamp>
			</report>
			<report>
				<misses>122200001</misses>
				<total>8</total>
				<timestamp>6400.622512</timestamp>
			</report>
			<report>
				<misses>122300001</misses>
				<total>8</total>
				<timestamp>6405.860361</timestamp>
			</report>
			<report>
				<misses>122400001</misses>
				<total>8</total>
				<timestamp>6411.098214</timestamp>
			</report>
			<report>
				<misses>122500001</misses>
				<total>7</total>
				<timestamp>6416.336112</timestamp>
			</report>
			<report>
				<misses>122600001</misses>
				<total>8</total>
				<timestamp>6421.573892</timestamp>
			</report>
			<report>
				<misses>122700001</misses>
				<total>8</total>
				<timestamp>6426.811674</timestamp>
			</report>
			<report>
				<misses>122800001</misses>
				<total>8</total>
				<timestamp>6432.049465</timestamp>
			</report>
			<report>
				<misses>122900001</misses>
				<total>8</total>
				<timestamp>6437.287241</timestamp>
			</report>
			<report>
				<misses>123000001</misses>
				<total>8</total>
				<timestamp>6442.525111</timestamp>
			</report>
			<report>
				<misses>123100001</misses>
				<total>8</total>
				<timestamp>6447.762893</timestamp>
			</report>
			<report>
				<misses>123200001</misses>
				<total>8</total>
				<timestamp>6453.000766</timestamp>
			</report>
			<report>
				<misses>123300001</misses>
				<total>7</total>
				<timestamp>6458.238551</timestamp>
			</report>
			<report>
				<misses>123400001</misses>
				<total>8</total>
				<timestamp>6463.476363</timestamp>
			</report>
			<report>
				<misses>123500001</misses>
				<total>8</total>
				<timestamp>6468.714166</timestamp>
			</report>
			<report>
				<misses>123600001</misses>
				<total>8</total>
				<timestamp>6473.951950</timestamp>
			</report>
			<report>
				<misses>123700001</misses>
				<total>7</total>
				<timestamp>6479.189757</timestamp>
			</report>
			<report>
				<misses>123800001</misses>
				<total>8</total>
				<timestamp>6484.427573</timestamp>
			</report>
			<report>
				<misses>123900001</misses>
				<total>8</total>
				<timestamp>6489.665423</timestamp>
			</report>
			<report>
				<misses>124000001</misses>
				<total>8</total>
				<timestamp>6494.903240</timestamp>
			</report>
			<report>
				<misses>124100001</misses>
				<total>7</total>
				<timestamp>6500.141041</timestamp>
			</report>
			<report>
				<misses>124200001</misses>
				<total>8</total>
				<timestamp>6505.378858</timestamp>
			</report>
			<report>
				<misses>124300001</misses>
				<total>8</total>
				<timestamp>6510.616689</timestamp>
			</report>
			<report>
				<misses>124400001</misses>
				<total>8</total>
				<timestamp>6515.854560</timestamp>
			</report>
			<report>
				<misses>124500001</misses>
				<total>7</total>
				<timestamp>6521.092397</timestamp>
			</report>
			<report>
				<misses>124600001</misses>
				<total>8</total>
				<timestamp>6526.330174</timestamp>
			</report>
			<report>
				<misses>124700001</misses>
				<total>8</total>
				<timestamp>6531.567997</timestamp>
			</report>
			<report>
				<misses>124800001</misses>
				<total>8</total>
				<timestamp>6536.805784</timestamp>
			</report>
			<report>
				<misses>124900001</misses>
				<total>7</total>
				<timestamp>6542.043635</timestamp>
			</report>
			<report>
				<misses>125000001</misses>
				<total>8</total>
				<timestamp>6547.281385</timestamp>
			</report>
			<report>
				<misses>125100001</misses>
				<total>8</total>
				<timestamp>6552.519189</timestamp>
			</report>
			<report>
				<misses>125200001</misses>
				<total>8</total>
				<timestamp>6557.757025</timestamp>
			</report>
			<report>
				<misses>125300001</misses>
				<total>8</total>
				<timestamp>6562.994844</timestamp>
			</report>
			<report>
				<misses>125400001</misses>
				<total>8</total>
				<timestamp>6568.232597</timestamp>
			</report>
			<report>
				<misses>125500001</misses>
				<total>8</total>
				<timestamp>6573.470384</timestamp>
			</report>
			<report>
				<misses>125600001</misses>
				<total>8</total>
				<timestamp>6578.708136</timestamp>
			</report>
			<report>
				<misses>125700001</misses>
				<total>7</total>
				<timestamp>6583.945954</timestamp>
			</report>
			<report>
				<misses>125800001</misses>
				<total>8</total>
				<timestamp>6589.183779</timestamp>
			</report>
			<report>
				<misses>125900001</misses>
				<total>8</total>
				<timestamp>6594.421587</timestamp>
			</report>
			<report>
				<misses>126000001</misses>
				<total>8</total>
				<timestamp>6599.659413</timestamp>
			</report>
			<report>
				<misses>126100001</misses>
				<total>7</total>
				<timestamp>6604.897261</timestamp>
			</report>
			<report>
				<misses>126200001</misses>
				<total>8</total>
				<timestamp>6610.135069</timestamp>
			</report>
			<report>
				<misses>126300001</misses>
				<total>8</total>
				<timestamp>6615.372926</timestamp>
			</report>
			<report>
				<misses>126400001</misses>
				<total>8</total>
				<timestamp>6620.610721</timestamp>
			</report>
			<report>
				<misses>126500001</misses>
				<total>7</total>
				<timestamp>6625.848532</timestamp>
			</report>
			<report>
				<misses>126600001</misses>
				<total>8</total>
				<timestamp>6631.086467</timestamp>
			</report>
			<report>
				<misses>126700001</misses>
				<total>8</total>
				<timestamp>6636.324302</timestamp>
			</report>
			<report>
				<misses>126800001</misses>
				<total>8</total>
				<timestamp>6641.562147</timestamp>
			</report>
			<report>
				<misses>126900001</misses>
				<total>7</total>
				<timestamp>6646.800027</timestamp>
			</report>
			<report>
				<misses>127000001</misses>
				<total>8</total>
				<timestamp>6652.037935</timestamp>
			</report>
			<report>
				<misses>127100001</misses>
				<total>8</total>
				<timestamp>6657.275682</timestamp>
			</report>
			<report>
				<misses>127200001</misses>
				<total>8</total>
				<timestamp>6662.513474</timestamp>
			</report>
			<report>
				<misses>127300001</misses>
				<total>8</total>
				<timestamp>6667.751321</timestamp>
			</report>
			<report>
				<misses>127400001</misses>
				<total>8</total>
				<timestamp>6672.989142</timestamp>
			</report>
			<report>
				<misses>127500001</misses>
				<total>8</total>
				<timestamp>6678.226988</timestamp>
			</report>
			<report>
				<misses>127600001</misses>
				<total>8</total>
				<timestamp>6683.464848</timestamp>
			</report>
			<report>
				<misses>127700001</misses>
				<total>7</total>
				<timestamp>6688.702666</timestamp>
			</report>
			<report>
				<misses>127800001</misses>
				<total>8</total>
				<timestamp>6693.940546</timestamp>
			</report>
			<report>
				<misses>127900001</misses>
				<total>8</total>
				<timestamp>6699.178344</timestamp>
			</report>
			<report>
				<misses>128000001</misses>
				<total>8</total>
				<timestamp>6704.416147</timestamp>
			</report>
			<report>
				<misses>128100001</misses>
				<total>7</total>
				<timestamp>6709.654132</timestamp>
			</report>
			<report>
				<misses>128200001</misses>
				<total>8</total>
				<timestamp>6714.891917</timestamp>
			</report>
			<report>
				<misses>128300001</misses>
				<total>8</total>
				<timestamp>6720.129754</timestamp>
			</report>
			<report>
				<misses>128400001</misses>
				<total>8</total>
				<timestamp>6725.367539</timestamp>
			</report>
			<report>
				<misses>128500001</misses>
				<total>7</total>
				<timestamp>6730.605394</timestamp>
			</report>
			<report>
				<misses>128600001</misses>
				<total>8</total>
				<timestamp>6735.843183</timestamp>
			</report>
			<report>
				<misses>128700001</misses>
				<total>8</total>
				<timestamp>6741.080983</timestamp>
			</report>
			<report>
				<misses>128800001</misses>
				<total>8</total>
				<timestamp>6746.318792</timestamp>
			</report>
			<report>
				<misses>128900001</misses>
				<total>7</total>
				<timestamp>6751.556577</timestamp>
			</report>
			<report>
				<misses>129000001</misses>
				<total>8</total>
				<timestamp>6756.794521</timestamp>
			</report>
			<report>
				<misses>129100001</misses>
				<total>8</total>
				<timestamp>6762.032349</timestamp>
			</report>
			<report>
				<misses>129200001</misses>
				<total>8</total>
				<timestamp>6767.270409</timestamp>
			</report>
			<report>
				<misses>129300001</misses>
				<total>7</total>
				<timestamp>6772.508264</timestamp>
			</report>
			<report>
				<misses>129400001</misses>
				<total>8</total>
				<timestamp>6777.746146</timestamp>
			</report>
			<report>
				<misses>129500001</misses>
				<total>8</total>
				<timestamp>6782.983965</timestamp>
			</report>
			<report>
				<misses>129600001</misses>
				<total>8</total>
				<timestamp>6788.221811</timestamp>
			</report>
			<report>
				<misses>129700001</misses>
				<total>7</total>
				<timestamp>6793.459592</timestamp>
			</report>
			<report>
				<misses>129800001</misses>
				<total>8</total>
				<timestamp>6798.697410</timestamp>
			</report>
			<report>
				<misses>129900001</misses>
				<total>8</total>
				<timestamp>6803.935227</timestamp>
			</report>
			<report>
				<misses>130000001</misses>
				<total>7</total>
				<timestamp>6809.173055</timestamp>
			</report>
			<report>
				<misses>130100001</misses>
				<total>7</total>
				<timestamp>6814.410848</timestamp>
			</report>
			<report>
				<misses>130200001</misses>
				<total>8</total>
				<timestamp>6819.648707</timestamp>
			</report>
			<report>
				<misses>130300001</misses>
				<total>8</total>
				<timestamp>6824.886578</timestamp>
			</report>
			<report>
				<misses>130400001</misses>
				<total>8</total>
				<timestamp>6830.124389</timestamp>
			</report>
			<report>
				<misses>130500001</misses>
				<total>7</total>
				<timestamp>6835.362221</timestamp>
			</report>
			<report>
				<misses>130600001</misses>
				<total>8</total>
				<timestamp>6840.600061</timestamp>
			</report>
			<report>
				<misses>130700001</misses>
				<total>8</total>
				<timestamp>6845.837916</timestamp>
			</report>
			<report>
				<misses>130800001</misses>
				<total>8</total>
				<timestamp>6851.075786</timestamp>
			</report>
			<report>
				<misses>130900001</misses>
				<total>7</total>
				<timestamp>6856.313573</timestamp>
			</report>
			<report>
				<misses>131000001</misses>
				<total>8</total>
				<timestamp>6861.551345</timestamp>
			</report>
			<report>
				<misses>131100001</misses>
				<total>8</total>
				<timestamp>6866.789175</timestamp>
			</report>
			<report>
				<misses>131200001</misses>
				<total>8</total>
				<timestamp>6872.026991</timestamp>
			</report>
			<report>
				<misses>131300001</misses>
				<total>7</total>
				<timestamp>6877.264826</timestamp>
			</report>
			<report>
				<misses>131400001</misses>
				<total>8</total>
				<timestamp>6882.502611</timestamp>
			</report>
			<report>
				<misses>131500001</misses>
				<total>9</total>
				<timestamp>6887.740415</timestamp>
			</report>
			<report>
				<misses>131600001</misses>
				<total>9</total>
				<timestamp>6892.978260</timestamp>
			</report>
			<report>
				<misses>131700001</misses>
				<total>8</total>
				<timestamp>6898.216096</timestamp>
			</report>
			<report>
				<misses>131800001</misses>
				<total>9</total>
				<timestamp>6903.453907</timestamp>
			</report>
			<report>
				<misses>131900001</misses>
				<total>9</total>
				<timestamp>6908.691722</timestamp>
			</report>
			<report>
				<misses>132000001</misses>
				<total>9</total>
				<timestamp>6913.929552</timestamp>
			</report>
			<report>
				<misses>132100001</misses>
				<total>8</total>
				<timestamp>6919.167412</timestamp>
			</report>
			<report>
				<misses>132200001</misses>
				<total>9</total>
				<timestamp>6924.405164</timestamp>
			</report>
			<report>
				<misses>132300001</misses>
				<total>9</total>
				<timestamp>6929.642991</timestamp>
			</report>
			<report>
				<misses>132400001</misses>
				<total>9</total>
				<timestamp>6934.880827</timestamp>
			</report>
			<report>
				<misses>132500001</misses>
				<total>8</total>
				<timestamp>6940.118719</timestamp>
			</report>
			<report>
				<misses>132600001</misses>
				<total>9</total>
				<timestamp>6945.356493</timestamp>
			</report>
			<report>
				<misses>132700001</misses>
				<total>9</total>
				<timestamp>6950.594288</timestamp>
			</report>
			<report>
				<misses>132800001</misses>
				<total>9</total>
				<timestamp>6955.832097</timestamp>
			</report>
			<report>
				<misses>132900001</misses>
				<total>8</total>
				<timestamp>6961.069870</timestamp>
			</report>
			<report>
				<misses>133000001</misses>
				<total>9</total>
				<timestamp>6966.307786</timestamp>
			</report>
			<report>
				<misses>133100001</misses>
				<total>9</total>
				<timestamp>6971.545638</timestamp>
			</report>
			<report>
				<misses>133200001</misses>
				<total>9</total>
				<timestamp>6976.783503</timestamp>
			</report>
			<report>
				<misses>133300001</misses>
				<total>8</total>
				<timestamp>6982.021328</timestamp>
			</report>
			<report>
				<misses>133400001</misses>
				<total>9</total>
				<timestamp>6987.259123</timestamp>
			</report>
			<report>
				<misses>133500001</misses>
				<total>9</total>
				<timestamp>6992.496901</timestamp>
			</report>
			<report>
				<misses>133600001</misses>
				<total>9</total>
				<timestamp>6997.734736</timestamp>
			</report>
			<report>
				<misses>133700001</misses>
				<total>8</total>
				<timestamp>7002.972506</timestamp>
			</report>
			<report>
				<misses>133800001</misses>
				<total>9</total>
				<timestamp>7008.210378</timestamp>
			</report>
			<report>
				<misses>133900001</misses>
				<total>9</total>
				<timestamp>7013.448178</timestamp>
			</report>
			<report>
				<misses>134000001</misses>
				<total>9</total>
				<timestamp>7018.686006</timestamp>
			</report>
			<report>
				<misses>134100001</misses>
				<total>8</total>
				<timestamp>7023.923840</timestamp>
			</report>
			<report>
				<misses>134200001</misses>
				<total>9</total>
				<timestamp>7029.161682</timestamp>
			</report>
			<report>
				<misses>134300001</misses>
				<total>9</total>
				<timestamp>7034.399582</timestamp>
			</report>
			<report>
				<misses>134400001</misses>
				<total>9</total>
				<timestamp>7039.637338</timestamp>
			</report>
			<report>
				<misses>134500001</misses>
				<total>8</total>
				<timestamp>7044.875249</timestamp>
			</report>
			<report>
				<misses>134600001</misses>
				<total>9</total>
				<timestamp>7050.113175</timestamp>
			</report>
			<report>
				<misses>134700001</misses>
				<total>9</total>
				<timestamp>7055.350991</timestamp>
			</report>
			<report>
				<misses>134800001</misses>
				<total>9</total>
				<timestamp>7060.588798</timestamp>
			</report>
			<report>
				<misses>134900001</misses>
				<total>8</total>
				<timestamp>7065.826587</timestamp>
			</report>
			<report>
				<misses>135000001</misses>
				<total>9</total>
				<timestamp>7071.064367</timestamp>
			</report>
			<report>
				<misses>135100001</misses>
				<total>9</total>
				<timestamp>7076.302121</timestamp>
			</report>
			<report>
				<misses>135200001</misses>
				<total>9</total>
				<timestamp>7081.539921</timestamp>
			</report>
			<report>
				<misses>135300001</misses>
				<total>8</total>
				<timestamp>7086.777732</timestamp>
			</report>
			<report>
				<misses>135400001</misses>
				<total>9</total>
				<timestamp>7092.015579</timestamp>
			</report>
			<report>
				<misses>135500001</misses>
				<total>9</total>
				<timestamp>7097.253327</timestamp>
			</report>
			<report>
				<misses>135600001</misses>
				<total>9</total>
				<timestamp>7102.491086</timestamp>
			</report>
			<report>
				<misses>135700001</misses>
				<total>8</total>
				<timestamp>7107.728912</timestamp>
			</report>
			<report>
				<misses>135800001</misses>
				<total>9</total>
				<timestamp>7112.966740</timestamp>
			</report>
			<report>
				<misses>135900001</misses>
				<total>9</total>
				<timestamp>7118.204522</timestamp>
			</report>
			<report>
				<misses>136000001</misses>
				<total>9</total>
				<timestamp>7123.442311</timestamp>
			</report>
			<report>
				<misses>136100001</misses>
				<total>8</total>
				<timestamp>7128.680088</timestamp>
			</report>
			<report>
				<misses>136200001</misses>
				<total>9</total>
				<timestamp>7133.917838</timestamp>
			</report>
			<report>
				<misses>136300001</misses>
				<total>9</total>
				<timestamp>7139.155722</timestamp>
			</report>
			<report>
				<misses>136400001</misses>
				<total>9</total>
				<timestamp>7144.393598</timestamp>
			</report>
			<report>
				<misses>136500001</misses>
				<total>8</total>
				<timestamp>7149.631430</timestamp>
			</report>
			<report>
				<misses>136600001</misses>
				<total>9</total>
				<timestamp>7154.869297</timestamp>
			</report>
			<report>
				<misses>136700001</misses>
				<total>9</total>
				<timestamp>7160.107121</timestamp>
			</report>
			<report>
				<misses>136800001</misses>
				<total>9</total>
				<timestamp>7165.344984</timestamp>
			</report>
			<report>
				<misses>136900001</misses>
				<total>9</total>
				<timestamp>7170.582841</timestamp>
			</report>
			<report>
				<misses>137000001</misses>
				<total>9</total>
				<timestamp>7175.820650</timestamp>
			</report>
			<report>
				<misses>137100001</misses>
				<total>9</total>
				<timestamp>7181.058430</timestamp>
			</report>
			<report>
				<misses>137200001</misses>
				<total>9</total>
				<timestamp>7186.296257</timestamp>
			</report>
			<report>
				<misses>137300001</misses>
				<total>8</total>
				<timestamp>7191.534137</timestamp>
			</report>
			<report>
				<misses>137400001</misses>
				<total>9</total>
				<timestamp>7196.771990</timestamp>
			</report>
		</query>
	</custom>
	<ethtool_statistic>
		<rx_packets>
			<start>587314420</start>
			<end>1491027283</end>
		</rx_packets>
		<tx_packets>
			<start>1175444296</start>
			<end>2275123918</end>
		</tx_packets>
		<rx_dropped>
			<start>0</start>
			<end>0</end>
		</rx_dropped>
		<tx_dropped>
			<start>0</start>
			<end>0</end>
		</tx_dropped>
		<collisions>
			<start>0</start>
			<end>0</end>
		</collisions>
		<port_tx_errors>
			<start>-1</start>
			<end>-1</end>
		</port_tx_errors>
		<port_rx_dropped>
			<start>-1</start>
			<end>-1</end>
		</port_rx_dropped>
		<port_tx_dropped_link_down>
			<start>-1</start>
			<end>-1</end>
		</port_tx_dropped_link_down>
	</ethtool_statistic>
	<ip_statistic>
		<mtu>
			<start>9000</start>
			<end>9000</end>
		</mtu>
		<rx_bytes>
			<start>2684176894978</start>
			<end>10058446951798</end>
		</rx_bytes>
		<rx_packets>
			<start>587314787</start>
			<end>1491027283</end>
		</rx_packets>
		<rx_errors>
			<start>0</start>
			<end>0</end>
		</rx_errors>
		<rx_dropped>
			<start>0</start>
			<end>0</end>
		</rx_dropped>
		<rx_missed>
			<start>0</start>
			<end>0</end>
		</rx_missed>
		<rx_mcast>
			<start>24</start>
			<end>32</end>
		</rx_mcast>
		<tx_bytes>
			<start>4575380011524</start>
			<end>13548741612802</end>
		</tx_bytes>
		<tx_packets>
			<start>1175444296</start>
			<end>2275123918</end>
		</tx_packets>
		<tx_errors>
			<start>0</start>
			<end>0</end>
		</tx_errors>
		<tx_dropped>
			<start>0</start>
			<end>0</end>
		</tx_dropped>
		<tx_carrier>
			<start>0</start>
			<end>0</end>
		</tx_carrier>
		<tx_collisions>
			<start>0</start>
			<end>0</end>
		</tx_collisions>
	</ip_statistic>
	<netstat_statistic>
		<udp_pkg_rec>
			<start>1175699673</start>
			<end>1401702455</end>
		</udp_pkg_rec>
		<udp_pkg_snt>
			<start>2688269038</start>
			<end>2963232146</end>
		</udp_pkg_snt>
		<udp_rec_err>
			<start>0</start>
			<end>0</end>
		</udp_rec_err>
		<udp_rec_buf_err>
			<start>0</start>
			<end>0</end>
		</udp_rec_buf_err>
		<udp_snt_buf_err>
			<start>0</start>
			<end>0</end>
		</udp_snt_buf_err>
	</netstat_statistic>
</test_results>
