<?xml version="1.0"?>
<test_results>
	<status>STATUS_SUCCESS</status>
	<custom>
		<num_loss>290</num_loss>
		<num_total>5000001</num_total>
		<num_misses>0</num_misses>
		<elapsed_time>1849.981682</elapsed_time>
		<query>
			<report>
				<misses>100000</misses>
				<total>9</total>
				<timestamp>36.999785</timestamp>
			</report>
			<report>
				<misses>200000</misses>
				<total>12</total>
				<timestamp>73.999423</timestamp>
			</report>
			<report>
				<misses>300000</misses>
				<total>14</total>
				<timestamp>110.999074</timestamp>
			</report>
			<report>
				<misses>400000</misses>
				<total>25</total>
				<timestamp>147.998798</timestamp>
			</report>
			<report>
				<misses>500000</misses>
				<total>32</total>
				<timestamp>184.998315</timestamp>
			</report>
			<report>
				<misses>600000</misses>
				<total>36</total>
				<timestamp>221.997954</timestamp>
			</report>
			<report>
				<misses>700000</misses>
				<total>43</total>
				<timestamp>258.997584</timestamp>
			</report>
			<report>
				<misses>800000</misses>
				<total>49</total>
				<timestamp>295.997242</timestamp>
			</report>
			<report>
				<misses>900000</misses>
				<total>53</total>
				<timestamp>332.996851</timestamp>
			</report>
			<report>
				<misses>1000000</misses>
				<total>61</total>
				<timestamp>369.996492</timestamp>
			</report>
			<report>
				<misses>1100000</misses>
				<total>67</total>
				<timestamp>406.996102</timestamp>
			</report>
			<report>
				<misses>1200000</misses>
				<total>68</total>
				<timestamp>443.995743</timestamp>
			</report>
			<report>
				<misses>1300000</misses>
				<total>77</total>
				<timestamp>480.995389</timestamp>
			</report>
			<report>
				<misses>1400000</misses>
				<total>84</total>
				<timestamp>517.995014</timestamp>
			</report>
			<report>
				<misses>1500000</misses>
				<total>91</total>
				<timestamp>554.994647</timestamp>
			</report>
			<report>
				<misses>1600000</misses>
				<total>98</total>
				<timestamp>591.994278</timestamp>
			</report>
			<report>
				<misses>1700000</misses>
				<total>99</total>
				<timestamp>628.993927</timestamp>
			</report>
			<report>
				<misses>1800000</misses>
				<total>102</total>
				<timestamp>665.993626</timestamp>
			</report>
			<report>
				<misses>1900000</misses>
				<total>103</total>
				<timestamp>702.993178</timestamp>
			</report>
			<report>
				<misses>2000000</misses>
				<total>105</total>
				<timestamp>739.992788</timestamp>
			</report>
			<report>
				<misses>2100000</misses>
				<total>108</total>
				<timestamp>776.992420</timestamp>
			</report>
			<report>
				<misses>2200000</misses>
				<total>114</total>
				<timestamp>813.992063</timestamp>
			</report>
			<report>
				<misses>2300000</misses>
				<total>129</total>
				<timestamp>850.991694</timestamp>
			</report>
			<report>
				<misses>2400000</misses>
				<total>134</total>
				<timestamp>887.991307</timestamp>
			</report>
			<report>
				<misses>2500000</misses>
				<total>137</total>
				<timestamp>924.990981</timestamp>
			</report>
			<report>
				<misses>2600000</misses>
				<total>139</total>
				<timestamp>961.990599</timestamp>
			</report>
			<report>
				<misses>2700000</misses>
				<total>147</total>
				<timestamp>998.990208</timestamp>
			</report>
			<report>
				<misses>2800000</misses>
				<total>149</total>
				<timestamp>1035.989824</timestamp>
			</report>
			<report>
				<misses>2900000</misses>
				<total>151</total>
				<timestamp>1072.989517</timestamp>
			</report>
			<report>
				<misses>3000000</misses>
				<total>165</total>
				<timestamp>1109.989077</timestamp>
			</report>
			<report>
				<misses>3100000</misses>
				<total>173</total>
				<timestamp>1146.988690</timestamp>
			</report>
			<report>
				<misses>3200000</misses>
				<total>182</total>
				<timestamp>1183.988323</timestamp>
			</report>
			<report>
				<misses>3300000</misses>
				<total>186</total>
				<timestamp>1220.987973</timestamp>
			</report>
			<report>
				<misses>3400000</misses>
				<total>192</total>
				<timestamp>1257.987621</timestamp>
			</report>
			<report>
				<misses>3500000</misses>
				<total>201</total>
				<timestamp>1294.987245</timestamp>
			</report>
			<report>
				<misses>3600000</misses>
				<total>209</total>
				<timestamp>1331.986836</timestamp>
			</report>
			<report>
				<misses>3700000</misses>
				<total>216</total>
				<timestamp>1368.986493</timestamp>
			</report>
			<report>
				<misses>3800000</misses>
				<total>217</total>
				<timestamp>1405.986207</timestamp>
			</report>
			<report>
				<misses>3900000</misses>
				<total>236</total>
				<timestamp>1442.985784</timestamp>
			</report>
			<report>
				<misses>4000000</misses>
				<total>248</total>
				<timestamp>1479.985406</timestamp>
			</report>
			<report>
				<misses>4100000</misses>
				<total>256</total>
				<timestamp>1516.985045</timestamp>
			</report>
			<report>
				<misses>4200000</misses>
				<total>257</total>
				<timestamp>1553.984624</timestamp>
			</report>
			<report>
				<misses>4300000</misses>
				<total>260</total>
				<timestamp>1590.984292</timestamp>
			</report>
			<report>
				<misses>4400000</misses>
				<total>265</total>
				<timestamp>1627.983905</timestamp>
			</report>
			<report>
				<misses>4500000</misses>
				<total>267</total>
				<timestamp>1664.983534</timestamp>
			</report>
			<report>
				<misses>4600000</misses>
				<total>272</total>
				<timestamp>1701.983214</timestamp>
			</report>
			<report>
				<misses>4700000</misses>
				<total>273</total>
				<timestamp>1738.982778</timestamp>
			</report>
			<report>
				<misses>4800000</misses>
				<total>279</total>
				<timestamp>1775.982468</timestamp>
			</report>
			<report>
				<misses>4900000</misses>
				<total>285</total>
				<timestamp>1812.982172</timestamp>
			</report>
			<report>
				<misses>5000000</misses>
				<total>291</total>
				<timestamp>1849.981661</timestamp>
			</report>
		</query>
	</custom>
	<ethtool_statistic>
		<rx_packets>
			<start>5170852581</start>
			<end>5257221709</end>
		</rx_packets>
		<tx_packets>
			<start>6678129334</start>
			<end>6769953811</end>
		</tx_packets>
		<rx_dropped>
			<start>250</start>
			<end>250</end>
		</rx_dropped>
		<tx_dropped>
			<start>0</start>
			<end>0</end>
		</tx_dropped>
		<collisions>
			<start>0</start>
			<end>0</end>
		</collisions>
		<port_tx_errors>
			<start>0</start>
			<end>0</end>
		</port_tx_errors>
		<port_rx_dropped>
			<start>0</start>
			<end>0</end>
		</port_rx_dropped>
		<port_tx_dropped_link_down>
			<start>0</start>
			<end>0</end>
		</port_tx_dropped_link_down>
	</ethtool_statistic>
	<ip_statistic>
		<mtu>
			<start>9000</start>
			<end>9000</end>
		</mtu>
		<rx_bytes>
			<start>46484439887527</start>
			<end>47260889462889</end>
		</rx_bytes>
		<rx_packets>
			<start>5170852643</start>
			<end>5257221766</end>
		</rx_packets>
		<rx_errors>
			<start>0</start>
			<end>0</end>
		</rx_errors>
		<rx_dropped>
			<start>250</start>
			<end>250</end>
		</rx_dropped>
		<rx_missed>
			<start>0</start>
			<end>0</end>
		</rx_missed>
		<rx_mcast>
			<start>1503</start>
			<end>1531</end>
		</rx_mcast>
		<tx_bytes>
			<start>46471382842004</start>
			<end>47263678345222</end>
		</tx_bytes>
		<tx_packets>
			<start>6678129382</start>
			<end>6769953865</end>
		</tx_packets>
		<tx_errors>
			<start>0</start>
			<end>0</end>
		</tx_errors>
		<tx_dropped>
			<start>0</start>
			<end>0</end>
		</tx_dropped>
		<tx_carrier>
			<start>0</start>
			<end>0</end>
		</tx_carrier>
		<tx_collisions>
			<start>0</start>
			<end>0</end>
		</tx_collisions>
	</ip_statistic>
	<netstat_statistic>
		<udp_pkg_rec>
			<start>4894430804</start>
			<end>4977413733</end>
		</udp_pkg_rec>
		<udp_pkg_snt>
			<start>4909350716</start>
			<end>4966189479</end>
		</udp_pkg_snt>
		<udp_rec_err>
			<start>276967478</start>
			<end>280362754</end>
		</udp_rec_err>
		<udp_rec_buf_err>
			<start>276967478</start>
			<end>280362754</end>
		</udp_rec_buf_err>
		<udp_snt_buf_err>
			<start>0</start>
			<end>0</end>
		</udp_snt_buf_err>
	</netstat_statistic>
</test_results>
