<?xml version="1.0"?>
<test_results>
	<status>STATUS_SUCCESS</status>
	<custom>
		<num_loss>66</num_loss>
		<num_total>3000001</num_total>
		<num_misses>10</num_misses>
		<elapsed_time>60.000345</elapsed_time>
	</custom>
	<ethtool_statistic>
		<rx_packets>
			<start>2400686537</start>
			<end>2403708229</end>
		</rx_packets>
		<tx_packets>
			<start>3294474765</start>
			<end>3299288182</end>
		</tx_packets>
		<rx_dropped>
			<start>63</start>
			<end>63</end>
		</rx_dropped>
		<tx_dropped>
			<start>0</start>
			<end>0</end>
		</tx_dropped>
		<collisions>
			<start>0</start>
			<end>0</end>
		</collisions>
		<port_tx_errors>
			<start>0</start>
			<end>0</end>
		</port_tx_errors>
		<port_rx_dropped>
			<start>0</start>
			<end>0</end>
		</port_rx_dropped>
		<port_tx_dropped_link_down>
			<start>0</start>
			<end>0</end>
		</port_tx_dropped_link_down>
	</ethtool_statistic>
	<ip_statistic>
		<mtu>
			<start>9000</start>
			<end>9000</end>
		</mtu>
		<rx_bytes>
			<start>21574382070963</start>
			<end>21601546718369</end>
		</rx_bytes>
		<rx_packets>
			<start>2400686591</start>
			<end>2403708280</end>
		</rx_packets>
		<rx_errors>
			<start>0</start>
			<end>0</end>
		</rx_errors>
		<rx_dropped>
			<start>63</start>
			<end>63</end>
		</rx_dropped>
		<rx_missed>
			<start>0</start>
			<end>0</end>
		</rx_missed>
		<rx_mcast>
			<start>2191</start>
			<end>2191</end>
		</rx_mcast>
		<tx_bytes>
			<start>13239610847254</start>
			<end>13282739045748</end>
		</tx_bytes>
		<tx_packets>
			<start>3294474815</start>
			<end>3299288222</end>
		</tx_packets>
		<tx_errors>
			<start>0</start>
			<end>0</end>
		</tx_errors>
		<tx_dropped>
			<start>0</start>
			<end>0</end>
		</tx_dropped>
		<tx_carrier>
			<start>0</start>
			<end>0</end>
		</tx_carrier>
		<tx_collisions>
			<start>0</start>
			<end>0</end>
		</tx_collisions>
	</ip_statistic>
</test_results>
