<?xml version="1.0"?>
<test_results>
	<status>STATUS_SUCCESS</status>
	<custom>
		<num_loss>610328</num_loss>
		<num_total>1000001</num_total>
		<num_misses>53</num_misses>
		<elapsed_time>130.006967</elapsed_time>
		<query>
			<report>
				<misses>1000000</misses>
				<total>610328</total>
			</report>
		</query>
	</custom>
	<ethtool_statistic>
		<rx_packets>
			<start>16859419085</start>
			<end>16865701444</end>
		</rx_packets>
		<tx_packets>
			<start>19601685420</start>
			<end>19613454877</end>
		</tx_packets>
		<rx_dropped>
			<start>63</start>
			<end>63</end>
		</rx_dropped>
		<tx_dropped>
			<start>0</start>
			<end>0</end>
		</tx_dropped>
		<collisions>
			<start>0</start>
			<end>0</end>
		</collisions>
		<port_tx_errors>
			<start>0</start>
			<end>0</end>
		</port_tx_errors>
		<port_rx_dropped>
			<start>0</start>
			<end>0</end>
		</port_rx_dropped>
		<port_tx_dropped_link_down>
			<start>0</start>
			<end>0</end>
		</port_tx_dropped_link_down>
	</ethtool_statistic>
	<ip_statistic>
		<mtu>
			<start>9000</start>
			<end>9000</end>
		</mtu>
		<rx_bytes>
			<start>151553109657520</start>
			<end>151609587171144</end>
		</rx_bytes>
		<rx_packets>
			<start>16859419148</start>
			<end>16865701534</end>
		</rx_packets>
		<rx_errors>
			<start>0</start>
			<end>0</end>
		</rx_errors>
		<rx_dropped>
			<start>69</start>
			<end>69</end>
		</rx_dropped>
		<rx_missed>
			<start>0</start>
			<end>0</end>
		</rx_missed>
		<rx_mcast>
			<start>12299</start>
			<end>12305</end>
		</rx_mcast>
		<tx_bytes>
			<start>132642353726454</start>
			<end>132741520430054</end>
		</tx_bytes>
		<tx_packets>
			<start>19601685476</start>
			<end>19613454926</end>
		</tx_packets>
		<tx_errors>
			<start>0</start>
			<end>0</end>
		</tx_errors>
		<tx_dropped>
			<start>0</start>
			<end>0</end>
		</tx_dropped>
		<tx_carrier>
			<start>0</start>
			<end>0</end>
		</tx_carrier>
		<tx_collisions>
			<start>0</start>
			<end>0</end>
		</tx_collisions>
	</ip_statistic>
	<netstat_statistic>
		<udp_pkg_rec>
			<start>16589966099</start>
			<end>16596013074</end>
		</udp_pkg_rec>
		<udp_pkg_snt>
			<start>16609478083</start>
			<end>16614247822</end>
		</udp_pkg_snt>
		<udp_rec_err>
			<start>271450796</start>
			<end>271686129</end>
		</udp_rec_err>
		<udp_rec_buf_err>
			<start>271450796</start>
			<end>271686129</end>
		</udp_rec_buf_err>
		<udp_snt_buf_err>
			<start>28</start>
			<end>28</end>
		</udp_snt_buf_err>
	</netstat_statistic>
</test_results>
