<?xml version="1.0"?>
<test_results>
	<status>STATUS_SUCCESS</status>
	<custom>
		<num_loss>-1</num_loss>
		<num_total>-1</num_total>
		<num_misses>-1</num_misses>
		<elapsed_time>-1.000000</elapsed_time>
		<query />
	</custom>
	<ethtool_statistic>
		<rx_packets>
			<start>1322015621</start>
			<end>1660812394</end>
		</rx_packets>
		<tx_packets>
			<start>13174</start>
			<end>13716</end>
		</tx_packets>
		<rx_dropped>
			<start>760</start>
			<end>1148</end>
		</rx_dropped>
		<tx_dropped>
			<start>0</start>
			<end>0</end>
		</tx_dropped>
		<collisions>
			<start>0</start>
			<end>0</end>
		</collisions>
		<port_tx_errors>
			<start>0</start>
			<end>0</end>
		</port_tx_errors>
		<port_rx_dropped>
			<start>0</start>
			<end>0</end>
		</port_rx_dropped>
		<port_tx_dropped_link_down>
			<start>0</start>
			<end>0</end>
		</port_tx_dropped_link_down>
	</ethtool_statistic>
	<ip_statistic>
		<mtu>
			<start>1500</start>
			<end>1500</end>
		</mtu>
		<rx_bytes>
			<start>517836696776</start>
			<end>960498212918</end>
		</rx_bytes>
		<rx_packets>
			<start>1322015621</start>
			<end>1660812394</end>
		</rx_packets>
		<rx_errors>
			<start>0</start>
			<end>0</end>
		</rx_errors>
		<rx_dropped>
			<start>760</start>
			<end>1148</end>
		</rx_dropped>
		<rx_missed>
			<start>0</start>
			<end>0</end>
		</rx_missed>
		<rx_mcast>
			<start>5475</start>
			<end>5475</end>
		</rx_mcast>
		<tx_bytes>
			<start>830135</start>
			<end>860659</end>
		</tx_bytes>
		<tx_packets>
			<start>13174</start>
			<end>13716</end>
		</tx_packets>
		<tx_errors>
			<start>0</start>
			<end>0</end>
		</tx_errors>
		<tx_dropped>
			<start>0</start>
			<end>0</end>
		</tx_dropped>
		<tx_carrier>
			<start>0</start>
			<end>0</end>
		</tx_carrier>
		<tx_collisions>
			<start>0</start>
			<end>0</end>
		</tx_collisions>
	</ip_statistic>
	<netstat_statistic>
		<udp_pkg_rec>
			<start>1548798914</start>
			<end>1652209229</end>
		</udp_pkg_rec>
		<udp_pkg_snt>
			<start>535674464</start>
			<end>595184129</end>
		</udp_pkg_snt>
		<udp_rec_err>
			<start>29473144</start>
			<end>35455883</end>
		</udp_rec_err>
		<udp_rec_buf_err>
			<start>29473144</start>
			<end>35455883</end>
		</udp_rec_buf_err>
		<udp_snt_buf_err>
			<start>0</start>
			<end>0</end>
		</udp_snt_buf_err>
	</netstat_statistic>
</test_results>
