<?xml version="1.0"?>
<test_results>
	<status>STATUS_SUCCESS</status>
	<custom>
		<num_loss>985704</num_loss>
		<num_total>1000001</num_total>
		<num_misses>9976</num_misses>
		<elapsed_time>80.798437</elapsed_time>
		<query />
	</custom>
	<ethtool_statistic>
		<rx_packets>
			<start>3718869160</start>
			<end>3725999809</end>
		</rx_packets>
		<tx_packets>
			<start>6107244806</start>
			<end>6123873412</end>
		</tx_packets>
		<rx_dropped>
			<start>0</start>
			<end>0</end>
		</rx_dropped>
		<tx_dropped>
			<start>0</start>
			<end>0</end>
		</tx_dropped>
		<collisions>
			<start>0</start>
			<end>0</end>
		</collisions>
		<port_tx_errors>
			<start>0</start>
			<end>0</end>
		</port_tx_errors>
		<port_rx_dropped>
			<start>0</start>
			<end>0</end>
		</port_rx_dropped>
		<port_tx_dropped_link_down>
			<start>0</start>
			<end>0</end>
		</port_tx_dropped_link_down>
	</ethtool_statistic>
	<ip_statistic>
		<mtu>
			<start>9000</start>
			<end>9000</end>
		</mtu>
		<rx_bytes>
			<start>15205986794281</start>
			<end>15234597885125</end>
		</rx_bytes>
		<rx_packets>
			<start>3718869189</start>
			<end>3726000258</end>
		</rx_packets>
		<rx_errors>
			<start>0</start>
			<end>0</end>
		</rx_errors>
		<rx_dropped>
			<start>0</start>
			<end>0</end>
		</rx_dropped>
		<rx_missed>
			<start>0</start>
			<end>0</end>
		</rx_missed>
		<rx_mcast>
			<start>2237</start>
			<end>2238</end>
		</rx_mcast>
		<tx_bytes>
			<start>17406075968305</start>
			<end>17493201960297</end>
		</tx_bytes>
		<tx_packets>
			<start>6107245358</start>
			<end>6123873442</end>
		</tx_packets>
		<tx_errors>
			<start>0</start>
			<end>0</end>
		</tx_errors>
		<tx_dropped>
			<start>0</start>
			<end>0</end>
		</tx_dropped>
		<tx_carrier>
			<start>0</start>
			<end>0</end>
		</tx_carrier>
		<tx_collisions>
			<start>0</start>
			<end>0</end>
		</tx_collisions>
	</ip_statistic>
	<netstat_statistic>
		<udp_pkg_rec>
			<start>3121612760</start>
			<end>3127853501</end>
		</udp_pkg_rec>
		<udp_pkg_snt>
			<start>6086746654</start>
			<end>6096374771</end>
		</udp_pkg_snt>
		<udp_rec_err>
			<start>597939732</start>
			<end>598830718</end>
		</udp_rec_err>
		<udp_rec_buf_err>
			<start>597939732</start>
			<end>598830718</end>
		</udp_rec_buf_err>
		<udp_snt_buf_err>
			<start>0</start>
			<end>0</end>
		</udp_snt_buf_err>
	</netstat_statistic>
</test_results>
