<?xml version="1.0"?>
<test_results>
	<status>STATUS_SUCCESS</status>
	<custom>
		<num_loss>4893367</num_loss>
		<num_total>5000001</num_total>
		<num_misses>47014</num_misses>
		<elapsed_time>403.361390</elapsed_time>
		<query>
			<report>
				<misses>1001</misses>
				<total>2</total>
				<timestamp>0.080805</timestamp>
			</report>
			<report>
				<misses>2001</misses>
				<total>3</total>
				<timestamp>0.160830</timestamp>
			</report>
			<report>
				<misses>3001</misses>
				<total>3</total>
				<timestamp>0.240880</timestamp>
			</report>
			<report>
				<misses>4001</misses>
				<total>3</total>
				<timestamp>0.322540</timestamp>
			</report>
			<report>
				<misses>5001</misses>
				<total>7</total>
				<timestamp>0.403047</timestamp>
			</report>
			<report>
				<misses>6001</misses>
				<total>7</total>
				<timestamp>0.483459</timestamp>
			</report>
			<report>
				<misses>7001</misses>
				<total>7</total>
				<timestamp>0.563461</timestamp>
			</report>
			<report>
				<misses>8001</misses>
				<total>6</total>
				<timestamp>0.643518</timestamp>
			</report>
			<report>
				<misses>9001</misses>
				<total>7</total>
				<timestamp>0.723722</timestamp>
			</report>
			<report>
				<misses>10001</misses>
				<total>25</total>
				<timestamp>0.803861</timestamp>
			</report>
			<report>
				<misses>11001</misses>
				<total>39</total>
				<timestamp>0.887811</timestamp>
			</report>
			<report>
				<misses>12001</misses>
				<total>39</total>
				<timestamp>0.968478</timestamp>
			</report>
			<report>
				<misses>13001</misses>
				<total>250</total>
				<timestamp>1.049788</timestamp>
			</report>
			<report>
				<misses>14001</misses>
				<total>1249</total>
				<timestamp>1.129840</timestamp>
			</report>
			<report>
				<misses>15001</misses>
				<total>2248</total>
				<timestamp>1.210127</timestamp>
			</report>
			<report>
				<misses>16001</misses>
				<total>3247</total>
				<timestamp>1.290468</timestamp>
			</report>
			<report>
				<misses>17001</misses>
				<total>4246</total>
				<timestamp>1.370821</timestamp>
			</report>
			<report>
				<misses>18001</misses>
				<total>5245</total>
				<timestamp>1.452329</timestamp>
			</report>
			<report>
				<misses>19001</misses>
				<total>6244</total>
				<timestamp>1.532764</timestamp>
			</report>
			<report>
				<misses>20001</misses>
				<total>7243</total>
				<timestamp>1.612857</timestamp>
			</report>
			<report>
				<misses>21001</misses>
				<total>8242</total>
				<timestamp>1.694429</timestamp>
			</report>
			<report>
				<misses>22001</misses>
				<total>9241</total>
				<timestamp>1.774812</timestamp>
			</report>
			<report>
				<misses>23001</misses>
				<total>10240</total>
				<timestamp>1.855278</timestamp>
			</report>
			<report>
				<misses>24001</misses>
				<total>11239</total>
				<timestamp>1.936715</timestamp>
			</report>
			<report>
				<misses>25001</misses>
				<total>12238</total>
				<timestamp>2.016799</timestamp>
			</report>
			<report>
				<misses>26001</misses>
				<total>13237</total>
				<timestamp>2.096959</timestamp>
			</report>
			<report>
				<misses>27001</misses>
				<total>14236</total>
				<timestamp>2.177377</timestamp>
			</report>
			<report>
				<misses>28001</misses>
				<total>15235</total>
				<timestamp>2.257751</timestamp>
			</report>
			<report>
				<misses>29001</misses>
				<total>16234</total>
				<timestamp>2.337793</timestamp>
			</report>
			<report>
				<misses>30001</misses>
				<total>17233</total>
				<timestamp>2.417966</timestamp>
			</report>
			<report>
				<misses>31001</misses>
				<total>18232</total>
				<timestamp>2.498371</timestamp>
			</report>
			<report>
				<misses>32001</misses>
				<total>19231</total>
				<timestamp>2.579096</timestamp>
			</report>
			<report>
				<misses>33001</misses>
				<total>20230</total>
				<timestamp>2.659910</timestamp>
			</report>
			<report>
				<misses>34001</misses>
				<total>21229</total>
				<timestamp>2.740805</timestamp>
			</report>
			<report>
				<misses>35001</misses>
				<total>22228</total>
				<timestamp>2.821521</timestamp>
			</report>
			<report>
				<misses>36001</misses>
				<total>23227</total>
				<timestamp>2.901633</timestamp>
			</report>
			<report>
				<misses>37001</misses>
				<total>24226</total>
				<timestamp>2.982037</timestamp>
			</report>
			<report>
				<misses>38001</misses>
				<total>25225</total>
				<timestamp>3.062836</timestamp>
			</report>
			<report>
				<misses>39001</misses>
				<total>26224</total>
				<timestamp>3.143093</timestamp>
			</report>
			<report>
				<misses>40001</misses>
				<total>27223</total>
				<timestamp>3.223147</timestamp>
			</report>
			<report>
				<misses>41001</misses>
				<total>28222</total>
				<timestamp>3.303470</timestamp>
			</report>
			<report>
				<misses>42001</misses>
				<total>29221</total>
				<timestamp>3.385406</timestamp>
			</report>
			<report>
				<misses>43001</misses>
				<total>30220</total>
				<timestamp>3.465436</timestamp>
			</report>
			<report>
				<misses>44001</misses>
				<total>31219</total>
				<timestamp>3.545511</timestamp>
			</report>
			<report>
				<misses>45001</misses>
				<total>32218</total>
				<timestamp>3.625719</timestamp>
			</report>
			<report>
				<misses>46001</misses>
				<total>33217</total>
				<timestamp>3.705701</timestamp>
			</report>
			<report>
				<misses>47001</misses>
				<total>34216</total>
				<timestamp>3.785848</timestamp>
			</report>
			<report>
				<misses>48001</misses>
				<total>35215</total>
				<timestamp>3.865975</timestamp>
			</report>
			<report>
				<misses>49001</misses>
				<total>36214</total>
				<timestamp>3.946046</timestamp>
			</report>
			<report>
				<misses>50001</misses>
				<total>37213</total>
				<timestamp>4.026703</timestamp>
			</report>
			<report>
				<misses>51001</misses>
				<total>38212</total>
				<timestamp>4.106993</timestamp>
			</report>
			<report>
				<misses>52001</misses>
				<total>39211</total>
				<timestamp>4.187973</timestamp>
			</report>
			<report>
				<misses>53001</misses>
				<total>40210</total>
				<timestamp>4.269758</timestamp>
			</report>
			<report>
				<misses>54001</misses>
				<total>41209</total>
				<timestamp>4.350128</timestamp>
			</report>
			<report>
				<misses>55001</misses>
				<total>42208</total>
				<timestamp>4.430208</timestamp>
			</report>
			<report>
				<misses>56001</misses>
				<total>43207</total>
				<timestamp>4.510329</timestamp>
			</report>
			<report>
				<misses>57001</misses>
				<total>44206</total>
				<timestamp>4.590707</timestamp>
			</report>
			<report>
				<misses>58001</misses>
				<total>45205</total>
				<timestamp>4.670702</timestamp>
			</report>
			<report>
				<misses>59001</misses>
				<total>46204</total>
				<timestamp>4.750679</timestamp>
			</report>
			<report>
				<misses>60001</misses>
				<total>47203</total>
				<timestamp>4.830991</timestamp>
			</report>
			<report>
				<misses>61001</misses>
				<total>48202</total>
				<timestamp>4.911306</timestamp>
			</report>
			<report>
				<misses>62001</misses>
				<total>49201</total>
				<timestamp>4.995372</timestamp>
			</report>
			<report>
				<misses>63001</misses>
				<total>50200</total>
				<timestamp>5.075477</timestamp>
			</report>
			<report>
				<misses>64001</misses>
				<total>51199</total>
				<timestamp>5.156442</timestamp>
			</report>
			<report>
				<misses>65001</misses>
				<total>52198</total>
				<timestamp>5.237188</timestamp>
			</report>
			<report>
				<misses>66001</misses>
				<total>53197</total>
				<timestamp>5.317340</timestamp>
			</report>
			<report>
				<misses>67001</misses>
				<total>54196</total>
				<timestamp>5.397334</timestamp>
			</report>
			<report>
				<misses>68001</misses>
				<total>55195</total>
				<timestamp>5.477328</timestamp>
			</report>
			<report>
				<misses>69001</misses>
				<total>56194</total>
				<timestamp>5.557937</timestamp>
			</report>
			<report>
				<misses>70001</misses>
				<total>57193</total>
				<timestamp>5.638115</timestamp>
			</report>
			<report>
				<misses>71001</misses>
				<total>58192</total>
				<timestamp>5.719275</timestamp>
			</report>
			<report>
				<misses>72001</misses>
				<total>59191</total>
				<timestamp>5.799345</timestamp>
			</report>
			<report>
				<misses>73001</misses>
				<total>60190</total>
				<timestamp>5.881380</timestamp>
			</report>
			<report>
				<misses>74001</misses>
				<total>61189</total>
				<timestamp>5.963079</timestamp>
			</report>
			<report>
				<misses>75001</misses>
				<total>62188</total>
				<timestamp>6.043101</timestamp>
			</report>
			<report>
				<misses>76001</misses>
				<total>63187</total>
				<timestamp>6.123805</timestamp>
			</report>
			<report>
				<misses>77001</misses>
				<total>64186</total>
				<timestamp>6.207947</timestamp>
			</report>
			<report>
				<misses>78001</misses>
				<total>65185</total>
				<timestamp>6.287970</timestamp>
			</report>
			<report>
				<misses>79001</misses>
				<total>66184</total>
				<timestamp>6.367943</timestamp>
			</report>
			<report>
				<misses>80001</misses>
				<total>67183</total>
				<timestamp>6.447984</timestamp>
			</report>
			<report>
				<misses>81001</misses>
				<total>68182</total>
				<timestamp>6.527973</timestamp>
			</report>
			<report>
				<misses>82001</misses>
				<total>69181</total>
				<timestamp>6.608134</timestamp>
			</report>
			<report>
				<misses>83001</misses>
				<total>70180</total>
				<timestamp>6.688169</timestamp>
			</report>
			<report>
				<misses>84001</misses>
				<total>71179</total>
				<timestamp>6.768382</timestamp>
			</report>
			<report>
				<misses>85001</misses>
				<total>72178</total>
				<timestamp>6.848755</timestamp>
			</report>
			<report>
				<misses>86001</misses>
				<total>73177</total>
				<timestamp>6.928836</timestamp>
			</report>
			<report>
				<misses>87001</misses>
				<total>74176</total>
				<timestamp>7.008812</timestamp>
			</report>
			<report>
				<misses>88001</misses>
				<total>75175</total>
				<timestamp>7.088813</timestamp>
			</report>
			<report>
				<misses>89001</misses>
				<total>76174</total>
				<timestamp>7.168978</timestamp>
			</report>
			<report>
				<misses>90001</misses>
				<total>77173</total>
				<timestamp>7.248988</timestamp>
			</report>
			<report>
				<misses>91001</misses>
				<total>78172</total>
				<timestamp>7.328996</timestamp>
			</report>
			<report>
				<misses>92001</misses>
				<total>79171</total>
				<timestamp>7.409016</timestamp>
			</report>
			<report>
				<misses>93001</misses>
				<total>80170</total>
				<timestamp>7.497469</timestamp>
			</report>
			<report>
				<misses>94001</misses>
				<total>81169</total>
				<timestamp>7.577685</timestamp>
			</report>
			<report>
				<misses>95001</misses>
				<total>82168</total>
				<timestamp>7.657903</timestamp>
			</report>
			<report>
				<misses>96001</misses>
				<total>83167</total>
				<timestamp>7.737885</timestamp>
			</report>
			<report>
				<misses>97001</misses>
				<total>84166</total>
				<timestamp>7.817856</timestamp>
			</report>
			<report>
				<misses>98001</misses>
				<total>85165</total>
				<timestamp>7.897840</timestamp>
			</report>
			<report>
				<misses>99001</misses>
				<total>86164</total>
				<timestamp>7.977861</timestamp>
			</report>
			<report>
				<misses>100001</misses>
				<total>87163</total>
				<timestamp>8.058275</timestamp>
			</report>
			<report>
				<misses>101001</misses>
				<total>88162</total>
				<timestamp>8.138968</timestamp>
			</report>
			<report>
				<misses>102001</misses>
				<total>89161</total>
				<timestamp>8.219605</timestamp>
			</report>
			<report>
				<misses>103001</misses>
				<total>90160</total>
				<timestamp>8.300017</timestamp>
			</report>
			<report>
				<misses>104001</misses>
				<total>91159</total>
				<timestamp>8.380434</timestamp>
			</report>
			<report>
				<misses>105001</misses>
				<total>92158</total>
				<timestamp>8.460508</timestamp>
			</report>
			<report>
				<misses>106001</misses>
				<total>93157</total>
				<timestamp>8.540692</timestamp>
			</report>
			<report>
				<misses>107001</misses>
				<total>94156</total>
				<timestamp>8.621455</timestamp>
			</report>
			<report>
				<misses>108001</misses>
				<total>95155</total>
				<timestamp>8.702816</timestamp>
			</report>
			<report>
				<misses>109001</misses>
				<total>96154</total>
				<timestamp>8.782814</timestamp>
			</report>
			<report>
				<misses>110001</misses>
				<total>97153</total>
				<timestamp>8.863231</timestamp>
			</report>
			<report>
				<misses>111001</misses>
				<total>98152</total>
				<timestamp>8.944732</timestamp>
			</report>
			<report>
				<misses>112001</misses>
				<total>99151</total>
				<timestamp>9.024757</timestamp>
			</report>
			<report>
				<misses>113001</misses>
				<total>100150</total>
				<timestamp>9.104761</timestamp>
			</report>
			<report>
				<misses>114001</misses>
				<total>101149</total>
				<timestamp>9.186667</timestamp>
			</report>
			<report>
				<misses>115001</misses>
				<total>102148</total>
				<timestamp>9.278447</timestamp>
			</report>
			<report>
				<misses>116001</misses>
				<total>103147</total>
				<timestamp>9.360740</timestamp>
			</report>
			<report>
				<misses>117001</misses>
				<total>104146</total>
				<timestamp>9.441128</timestamp>
			</report>
			<report>
				<misses>118001</misses>
				<total>105145</total>
				<timestamp>9.523499</timestamp>
			</report>
			<report>
				<misses>119001</misses>
				<total>106144</total>
				<timestamp>9.603544</timestamp>
			</report>
			<report>
				<misses>120001</misses>
				<total>107143</total>
				<timestamp>9.683609</timestamp>
			</report>
			<report>
				<misses>121001</misses>
				<total>108142</total>
				<timestamp>9.764667</timestamp>
			</report>
			<report>
				<misses>122001</misses>
				<total>109141</total>
				<timestamp>9.844717</timestamp>
			</report>
			<report>
				<misses>123001</misses>
				<total>110140</total>
				<timestamp>9.924810</timestamp>
			</report>
			<report>
				<misses>124001</misses>
				<total>111139</total>
				<timestamp>10.004854</timestamp>
			</report>
			<report>
				<misses>125001</misses>
				<total>112138</total>
				<timestamp>10.084826</timestamp>
			</report>
			<report>
				<misses>126001</misses>
				<total>113137</total>
				<timestamp>10.164966</timestamp>
			</report>
			<report>
				<misses>127001</misses>
				<total>114136</total>
				<timestamp>10.245316</timestamp>
			</report>
			<report>
				<misses>128001</misses>
				<total>115135</total>
				<timestamp>10.325346</timestamp>
			</report>
			<report>
				<misses>129001</misses>
				<total>116134</total>
				<timestamp>10.405353</timestamp>
			</report>
			<report>
				<misses>130001</misses>
				<total>117133</total>
				<timestamp>10.485441</timestamp>
			</report>
			<report>
				<misses>131001</misses>
				<total>118132</total>
				<timestamp>10.565443</timestamp>
			</report>
			<report>
				<misses>132001</misses>
				<total>119131</total>
				<timestamp>10.645469</timestamp>
			</report>
			<report>
				<misses>133001</misses>
				<total>120130</total>
				<timestamp>10.727108</timestamp>
			</report>
			<report>
				<misses>134001</misses>
				<total>121129</total>
				<timestamp>10.808205</timestamp>
			</report>
			<report>
				<misses>135001</misses>
				<total>122128</total>
				<timestamp>10.888238</timestamp>
			</report>
			<report>
				<misses>136001</misses>
				<total>123127</total>
				<timestamp>10.968260</timestamp>
			</report>
			<report>
				<misses>137001</misses>
				<total>124126</total>
				<timestamp>11.048254</timestamp>
			</report>
			<report>
				<misses>138001</misses>
				<total>125125</total>
				<timestamp>11.141254</timestamp>
			</report>
			<report>
				<misses>139001</misses>
				<total>126124</total>
				<timestamp>11.221730</timestamp>
			</report>
			<report>
				<misses>140001</misses>
				<total>127123</total>
				<timestamp>11.301966</timestamp>
			</report>
			<report>
				<misses>141001</misses>
				<total>128122</total>
				<timestamp>11.381953</timestamp>
			</report>
			<report>
				<misses>142001</misses>
				<total>129121</total>
				<timestamp>11.461968</timestamp>
			</report>
			<report>
				<misses>143001</misses>
				<total>130120</total>
				<timestamp>11.542117</timestamp>
			</report>
			<report>
				<misses>144001</misses>
				<total>131119</total>
				<timestamp>11.622432</timestamp>
			</report>
			<report>
				<misses>145001</misses>
				<total>132118</total>
				<timestamp>11.702584</timestamp>
			</report>
			<report>
				<misses>146001</misses>
				<total>133117</total>
				<timestamp>11.783282</timestamp>
			</report>
			<report>
				<misses>147001</misses>
				<total>134116</total>
				<timestamp>11.863755</timestamp>
			</report>
			<report>
				<misses>148001</misses>
				<total>135115</total>
				<timestamp>11.944377</timestamp>
			</report>
			<report>
				<misses>149001</misses>
				<total>136114</total>
				<timestamp>12.024573</timestamp>
			</report>
			<report>
				<misses>150001</misses>
				<total>137113</total>
				<timestamp>12.105628</timestamp>
			</report>
			<report>
				<misses>151001</misses>
				<total>138112</total>
				<timestamp>12.185657</timestamp>
			</report>
			<report>
				<misses>152001</misses>
				<total>139111</total>
				<timestamp>12.265788</timestamp>
			</report>
			<report>
				<misses>153001</misses>
				<total>140110</total>
				<timestamp>12.346208</timestamp>
			</report>
			<report>
				<misses>154001</misses>
				<total>141109</total>
				<timestamp>12.426244</timestamp>
			</report>
			<report>
				<misses>155001</misses>
				<total>142108</total>
				<timestamp>12.506252</timestamp>
			</report>
			<report>
				<misses>156001</misses>
				<total>143107</total>
				<timestamp>12.586277</timestamp>
			</report>
			<report>
				<misses>157001</misses>
				<total>144106</total>
				<timestamp>12.666270</timestamp>
			</report>
			<report>
				<misses>158001</misses>
				<total>145105</total>
				<timestamp>12.747349</timestamp>
			</report>
			<report>
				<misses>159001</misses>
				<total>146104</total>
				<timestamp>12.828267</timestamp>
			</report>
			<report>
				<misses>160001</misses>
				<total>147103</total>
				<timestamp>12.909374</timestamp>
			</report>
			<report>
				<misses>161001</misses>
				<total>148102</total>
				<timestamp>12.989942</timestamp>
			</report>
			<report>
				<misses>162001</misses>
				<total>149101</total>
				<timestamp>13.074284</timestamp>
			</report>
			<report>
				<misses>163001</misses>
				<total>150100</total>
				<timestamp>13.158235</timestamp>
			</report>
			<report>
				<misses>164001</misses>
				<total>151099</total>
				<timestamp>13.238469</timestamp>
			</report>
			<report>
				<misses>165001</misses>
				<total>152098</total>
				<timestamp>13.319299</timestamp>
			</report>
			<report>
				<misses>166001</misses>
				<total>153097</total>
				<timestamp>13.399451</timestamp>
			</report>
			<report>
				<misses>167001</misses>
				<total>154096</total>
				<timestamp>13.481721</timestamp>
			</report>
			<report>
				<misses>168001</misses>
				<total>155095</total>
				<timestamp>13.561709</timestamp>
			</report>
			<report>
				<misses>169001</misses>
				<total>156094</total>
				<timestamp>13.642160</timestamp>
			</report>
			<report>
				<misses>170001</misses>
				<total>157093</total>
				<timestamp>13.722493</timestamp>
			</report>
			<report>
				<misses>171001</misses>
				<total>158092</total>
				<timestamp>13.803842</timestamp>
			</report>
			<report>
				<misses>172001</misses>
				<total>159091</total>
				<timestamp>13.885461</timestamp>
			</report>
			<report>
				<misses>173001</misses>
				<total>160090</total>
				<timestamp>13.965469</timestamp>
			</report>
			<report>
				<misses>174001</misses>
				<total>161089</total>
				<timestamp>14.045454</timestamp>
			</report>
			<report>
				<misses>175001</misses>
				<total>162088</total>
				<timestamp>14.127451</timestamp>
			</report>
			<report>
				<misses>176001</misses>
				<total>163087</total>
				<timestamp>14.207613</timestamp>
			</report>
			<report>
				<misses>177001</misses>
				<total>164086</total>
				<timestamp>14.288658</timestamp>
			</report>
			<report>
				<misses>178001</misses>
				<total>165085</total>
				<timestamp>14.369714</timestamp>
			</report>
			<report>
				<misses>179001</misses>
				<total>166084</total>
				<timestamp>14.449819</timestamp>
			</report>
			<report>
				<misses>180001</misses>
				<total>167083</total>
				<timestamp>14.531144</timestamp>
			</report>
			<report>
				<misses>181001</misses>
				<total>168082</total>
				<timestamp>14.612855</timestamp>
			</report>
			<report>
				<misses>182001</misses>
				<total>169081</total>
				<timestamp>14.693490</timestamp>
			</report>
			<report>
				<misses>183001</misses>
				<total>170080</total>
				<timestamp>14.773470</timestamp>
			</report>
			<report>
				<misses>184001</misses>
				<total>171079</total>
				<timestamp>14.853612</timestamp>
			</report>
			<report>
				<misses>185001</misses>
				<total>172078</total>
				<timestamp>14.933699</timestamp>
			</report>
			<report>
				<misses>186001</misses>
				<total>173077</total>
				<timestamp>15.013697</timestamp>
			</report>
			<report>
				<misses>187001</misses>
				<total>174076</total>
				<timestamp>15.094729</timestamp>
			</report>
			<report>
				<misses>188001</misses>
				<total>175075</total>
				<timestamp>15.179186</timestamp>
			</report>
			<report>
				<misses>189001</misses>
				<total>176074</total>
				<timestamp>15.259766</timestamp>
			</report>
			<report>
				<misses>190001</misses>
				<total>177073</total>
				<timestamp>15.339787</timestamp>
			</report>
			<report>
				<misses>191001</misses>
				<total>178072</total>
				<timestamp>15.420737</timestamp>
			</report>
			<report>
				<misses>192001</misses>
				<total>179071</total>
				<timestamp>15.503792</timestamp>
			</report>
			<report>
				<misses>193001</misses>
				<total>180070</total>
				<timestamp>15.584168</timestamp>
			</report>
			<report>
				<misses>194001</misses>
				<total>181069</total>
				<timestamp>15.664268</timestamp>
			</report>
			<report>
				<misses>195001</misses>
				<total>182068</total>
				<timestamp>15.744768</timestamp>
			</report>
			<report>
				<misses>196001</misses>
				<total>183067</total>
				<timestamp>15.825856</timestamp>
			</report>
			<report>
				<misses>197001</misses>
				<total>184066</total>
				<timestamp>15.907023</timestamp>
			</report>
			<report>
				<misses>198001</misses>
				<total>185065</total>
				<timestamp>15.990329</timestamp>
			</report>
			<report>
				<misses>199001</misses>
				<total>186064</total>
				<timestamp>16.070343</timestamp>
			</report>
			<report>
				<misses>200001</misses>
				<total>187063</total>
				<timestamp>16.150741</timestamp>
			</report>
			<report>
				<misses>201001</misses>
				<total>188062</total>
				<timestamp>16.233623</timestamp>
			</report>
			<report>
				<misses>202001</misses>
				<total>189061</total>
				<timestamp>16.314258</timestamp>
			</report>
			<report>
				<misses>203001</misses>
				<total>190060</total>
				<timestamp>16.394262</timestamp>
			</report>
			<report>
				<misses>204001</misses>
				<total>191059</total>
				<timestamp>16.474271</timestamp>
			</report>
			<report>
				<misses>205001</misses>
				<total>192058</total>
				<timestamp>16.554772</timestamp>
			</report>
			<report>
				<misses>206001</misses>
				<total>193057</total>
				<timestamp>16.635161</timestamp>
			</report>
			<report>
				<misses>207001</misses>
				<total>194056</total>
				<timestamp>16.716967</timestamp>
			</report>
			<report>
				<misses>208001</misses>
				<total>195055</total>
				<timestamp>16.799024</timestamp>
			</report>
			<report>
				<misses>209001</misses>
				<total>196054</total>
				<timestamp>16.879234</timestamp>
			</report>
			<report>
				<misses>210001</misses>
				<total>197053</total>
				<timestamp>16.960055</timestamp>
			</report>
			<report>
				<misses>211001</misses>
				<total>198052</total>
				<timestamp>17.041210</timestamp>
			</report>
			<report>
				<misses>212001</misses>
				<total>199051</total>
				<timestamp>17.121372</timestamp>
			</report>
			<report>
				<misses>213001</misses>
				<total>200050</total>
				<timestamp>17.201573</timestamp>
			</report>
			<report>
				<misses>214001</misses>
				<total>201049</total>
				<timestamp>17.282124</timestamp>
			</report>
			<report>
				<misses>215001</misses>
				<total>202048</total>
				<timestamp>17.362231</timestamp>
			</report>
			<report>
				<misses>216001</misses>
				<total>203047</total>
				<timestamp>17.442275</timestamp>
			</report>
			<report>
				<misses>217001</misses>
				<total>204046</total>
				<timestamp>17.522374</timestamp>
			</report>
			<report>
				<misses>218001</misses>
				<total>205045</total>
				<timestamp>17.602325</timestamp>
			</report>
			<report>
				<misses>219001</misses>
				<total>206044</total>
				<timestamp>17.682428</timestamp>
			</report>
			<report>
				<misses>220001</misses>
				<total>207043</total>
				<timestamp>17.764717</timestamp>
			</report>
			<report>
				<misses>221001</misses>
				<total>208042</total>
				<timestamp>17.844856</timestamp>
			</report>
			<report>
				<misses>222001</misses>
				<total>209041</total>
				<timestamp>17.924886</timestamp>
			</report>
			<report>
				<misses>223001</misses>
				<total>210040</total>
				<timestamp>18.004947</timestamp>
			</report>
			<report>
				<misses>224001</misses>
				<total>211039</total>
				<timestamp>18.086978</timestamp>
			</report>
			<report>
				<misses>225001</misses>
				<total>212038</total>
				<timestamp>18.167009</timestamp>
			</report>
			<report>
				<misses>226001</misses>
				<total>213037</total>
				<timestamp>18.247283</timestamp>
			</report>
			<report>
				<misses>227001</misses>
				<total>214036</total>
				<timestamp>18.327342</timestamp>
			</report>
			<report>
				<misses>228001</misses>
				<total>215035</total>
				<timestamp>18.407778</timestamp>
			</report>
			<report>
				<misses>229001</misses>
				<total>216034</total>
				<timestamp>18.488112</timestamp>
			</report>
			<report>
				<misses>230001</misses>
				<total>217033</total>
				<timestamp>18.568135</timestamp>
			</report>
			<report>
				<misses>231001</misses>
				<total>218032</total>
				<timestamp>18.648271</timestamp>
			</report>
			<report>
				<misses>232001</misses>
				<total>219031</total>
				<timestamp>18.728258</timestamp>
			</report>
			<report>
				<misses>233001</misses>
				<total>220030</total>
				<timestamp>18.808322</timestamp>
			</report>
			<report>
				<misses>234001</misses>
				<total>221029</total>
				<timestamp>18.888369</timestamp>
			</report>
			<report>
				<misses>235001</misses>
				<total>222028</total>
				<timestamp>18.971109</timestamp>
			</report>
			<report>
				<misses>236001</misses>
				<total>223027</total>
				<timestamp>19.051163</timestamp>
			</report>
			<report>
				<misses>237001</misses>
				<total>224026</total>
				<timestamp>19.131247</timestamp>
			</report>
			<report>
				<misses>238001</misses>
				<total>225025</total>
				<timestamp>19.211244</timestamp>
			</report>
			<report>
				<misses>239001</misses>
				<total>226024</total>
				<timestamp>19.291243</timestamp>
			</report>
			<report>
				<misses>240001</misses>
				<total>227023</total>
				<timestamp>19.371208</timestamp>
			</report>
			<report>
				<misses>241001</misses>
				<total>228022</total>
				<timestamp>19.451827</timestamp>
			</report>
			<report>
				<misses>242001</misses>
				<total>229021</total>
				<timestamp>19.532525</timestamp>
			</report>
			<report>
				<misses>243001</misses>
				<total>230020</total>
				<timestamp>19.615710</timestamp>
			</report>
			<report>
				<misses>244001</misses>
				<total>231019</total>
				<timestamp>19.695776</timestamp>
			</report>
			<report>
				<misses>245001</misses>
				<total>232018</total>
				<timestamp>19.775947</timestamp>
			</report>
			<report>
				<misses>246001</misses>
				<total>233017</total>
				<timestamp>19.857384</timestamp>
			</report>
			<report>
				<misses>247001</misses>
				<total>234016</total>
				<timestamp>19.937367</timestamp>
			</report>
			<report>
				<misses>248001</misses>
				<total>235015</total>
				<timestamp>20.017635</timestamp>
			</report>
			<report>
				<misses>249001</misses>
				<total>236014</total>
				<timestamp>20.097701</timestamp>
			</report>
			<report>
				<misses>250001</misses>
				<total>237013</total>
				<timestamp>20.178954</timestamp>
			</report>
			<report>
				<misses>251001</misses>
				<total>238012</total>
				<timestamp>20.258973</timestamp>
			</report>
			<report>
				<misses>252001</misses>
				<total>239011</total>
				<timestamp>20.338993</timestamp>
			</report>
			<report>
				<misses>253001</misses>
				<total>240010</total>
				<timestamp>20.419057</timestamp>
			</report>
			<report>
				<misses>254001</misses>
				<total>241009</total>
				<timestamp>20.499229</timestamp>
			</report>
			<report>
				<misses>255001</misses>
				<total>242008</total>
				<timestamp>20.579281</timestamp>
			</report>
			<report>
				<misses>256001</misses>
				<total>243007</total>
				<timestamp>20.659297</timestamp>
			</report>
			<report>
				<misses>257001</misses>
				<total>244006</total>
				<timestamp>20.739345</timestamp>
			</report>
			<report>
				<misses>258001</misses>
				<total>245005</total>
				<timestamp>20.819406</timestamp>
			</report>
			<report>
				<misses>259001</misses>
				<total>246004</total>
				<timestamp>20.899497</timestamp>
			</report>
			<report>
				<misses>260001</misses>
				<total>247003</total>
				<timestamp>20.979464</timestamp>
			</report>
			<report>
				<misses>261001</misses>
				<total>248002</total>
				<timestamp>21.060482</timestamp>
			</report>
			<report>
				<misses>262001</misses>
				<total>249001</total>
				<timestamp>21.140734</timestamp>
			</report>
			<report>
				<misses>263001</misses>
				<total>250000</total>
				<timestamp>21.222075</timestamp>
			</report>
			<report>
				<misses>264001</misses>
				<total>250999</total>
				<timestamp>21.303589</timestamp>
			</report>
			<report>
				<misses>265001</misses>
				<total>251998</total>
				<timestamp>21.384321</timestamp>
			</report>
			<report>
				<misses>266001</misses>
				<total>252997</total>
				<timestamp>21.464509</timestamp>
			</report>
			<report>
				<misses>267001</misses>
				<total>253996</total>
				<timestamp>21.546944</timestamp>
			</report>
			<report>
				<misses>268001</misses>
				<total>254995</total>
				<timestamp>21.628025</timestamp>
			</report>
			<report>
				<misses>269001</misses>
				<total>255994</total>
				<timestamp>21.710805</timestamp>
			</report>
			<report>
				<misses>270001</misses>
				<total>256993</total>
				<timestamp>21.790811</timestamp>
			</report>
			<report>
				<misses>271001</misses>
				<total>257992</total>
				<timestamp>21.873725</timestamp>
			</report>
			<report>
				<misses>272001</misses>
				<total>258991</total>
				<timestamp>21.954028</timestamp>
			</report>
			<report>
				<misses>273001</misses>
				<total>259990</total>
				<timestamp>22.034433</timestamp>
			</report>
			<report>
				<misses>274001</misses>
				<total>260989</total>
				<timestamp>22.115234</timestamp>
			</report>
			<report>
				<misses>275001</misses>
				<total>261988</total>
				<timestamp>22.195227</timestamp>
			</report>
			<report>
				<misses>276001</misses>
				<total>262987</total>
				<timestamp>22.275235</timestamp>
			</report>
			<report>
				<misses>277001</misses>
				<total>263986</total>
				<timestamp>22.355709</timestamp>
			</report>
			<report>
				<misses>278001</misses>
				<total>264985</total>
				<timestamp>22.435771</timestamp>
			</report>
			<report>
				<misses>279001</misses>
				<total>265984</total>
				<timestamp>22.517030</timestamp>
			</report>
			<report>
				<misses>280001</misses>
				<total>266983</total>
				<timestamp>22.597615</timestamp>
			</report>
			<report>
				<misses>281001</misses>
				<total>267982</total>
				<timestamp>22.677666</timestamp>
			</report>
			<report>
				<misses>282001</misses>
				<total>268981</total>
				<timestamp>22.757968</timestamp>
			</report>
			<report>
				<misses>283001</misses>
				<total>269980</total>
				<timestamp>22.838108</timestamp>
			</report>
			<report>
				<misses>284001</misses>
				<total>270979</total>
				<timestamp>22.918126</timestamp>
			</report>
			<report>
				<misses>285001</misses>
				<total>271978</total>
				<timestamp>22.998173</timestamp>
			</report>
			<report>
				<misses>286001</misses>
				<total>272977</total>
				<timestamp>23.081244</timestamp>
			</report>
			<report>
				<misses>287001</misses>
				<total>273976</total>
				<timestamp>23.162977</timestamp>
			</report>
			<report>
				<misses>288001</misses>
				<total>274975</total>
				<timestamp>23.243005</timestamp>
			</report>
			<report>
				<misses>289001</misses>
				<total>275974</total>
				<timestamp>23.325845</timestamp>
			</report>
			<report>
				<misses>290001</misses>
				<total>276973</total>
				<timestamp>23.406969</timestamp>
			</report>
			<report>
				<misses>291001</misses>
				<total>277972</total>
				<timestamp>23.487279</timestamp>
			</report>
			<report>
				<misses>292001</misses>
				<total>278971</total>
				<timestamp>23.567327</timestamp>
			</report>
			<report>
				<misses>293001</misses>
				<total>279970</total>
				<timestamp>23.647384</timestamp>
			</report>
			<report>
				<misses>294001</misses>
				<total>280969</total>
				<timestamp>23.727370</timestamp>
			</report>
			<report>
				<misses>295001</misses>
				<total>281968</total>
				<timestamp>23.808136</timestamp>
			</report>
			<report>
				<misses>296001</misses>
				<total>282967</total>
				<timestamp>23.888204</timestamp>
			</report>
			<report>
				<misses>297001</misses>
				<total>283966</total>
				<timestamp>23.968213</timestamp>
			</report>
			<report>
				<misses>298001</misses>
				<total>284965</total>
				<timestamp>24.048266</timestamp>
			</report>
			<report>
				<misses>299001</misses>
				<total>285964</total>
				<timestamp>24.128363</timestamp>
			</report>
			<report>
				<misses>300001</misses>
				<total>286963</total>
				<timestamp>24.209729</timestamp>
			</report>
			<report>
				<misses>301001</misses>
				<total>287962</total>
				<timestamp>24.293677</timestamp>
			</report>
			<report>
				<misses>302001</misses>
				<total>288961</total>
				<timestamp>24.373970</timestamp>
			</report>
			<report>
				<misses>303001</misses>
				<total>289960</total>
				<timestamp>24.453993</timestamp>
			</report>
			<report>
				<misses>304001</misses>
				<total>290959</total>
				<timestamp>24.534102</timestamp>
			</report>
			<report>
				<misses>305001</misses>
				<total>291958</total>
				<timestamp>24.614189</timestamp>
			</report>
			<report>
				<misses>306001</misses>
				<total>292957</total>
				<timestamp>24.694241</timestamp>
			</report>
			<report>
				<misses>307001</misses>
				<total>293956</total>
				<timestamp>24.774385</timestamp>
			</report>
			<report>
				<misses>308001</misses>
				<total>294955</total>
				<timestamp>24.854881</timestamp>
			</report>
			<report>
				<misses>309001</misses>
				<total>295954</total>
				<timestamp>24.939888</timestamp>
			</report>
			<report>
				<misses>310001</misses>
				<total>296953</total>
				<timestamp>25.019851</timestamp>
			</report>
			<report>
				<misses>311001</misses>
				<total>297952</total>
				<timestamp>25.099961</timestamp>
			</report>
			<report>
				<misses>312001</misses>
				<total>298951</total>
				<timestamp>25.180273</timestamp>
			</report>
			<report>
				<misses>313001</misses>
				<total>299950</total>
				<timestamp>25.260379</timestamp>
			</report>
			<report>
				<misses>314001</misses>
				<total>300949</total>
				<timestamp>25.341106</timestamp>
			</report>
			<report>
				<misses>315001</misses>
				<total>301948</total>
				<timestamp>25.423699</timestamp>
			</report>
			<report>
				<misses>316001</misses>
				<total>302947</total>
				<timestamp>25.504112</timestamp>
			</report>
			<report>
				<misses>317001</misses>
				<total>303946</total>
				<timestamp>25.585313</timestamp>
			</report>
			<report>
				<misses>318001</misses>
				<total>304945</total>
				<timestamp>25.665349</timestamp>
			</report>
			<report>
				<misses>319001</misses>
				<total>305944</total>
				<timestamp>25.745397</timestamp>
			</report>
			<report>
				<misses>320001</misses>
				<total>306943</total>
				<timestamp>25.825506</timestamp>
			</report>
			<report>
				<misses>321001</misses>
				<total>307942</total>
				<timestamp>25.905557</timestamp>
			</report>
			<report>
				<misses>322001</misses>
				<total>308941</total>
				<timestamp>25.985626</timestamp>
			</report>
			<report>
				<misses>323001</misses>
				<total>309940</total>
				<timestamp>26.065685</timestamp>
			</report>
			<report>
				<misses>324001</misses>
				<total>310939</total>
				<timestamp>26.145680</timestamp>
			</report>
			<report>
				<misses>325001</misses>
				<total>311938</total>
				<timestamp>26.227646</timestamp>
			</report>
			<report>
				<misses>326001</misses>
				<total>312937</total>
				<timestamp>26.310556</timestamp>
			</report>
			<report>
				<misses>327001</misses>
				<total>313936</total>
				<timestamp>26.393289</timestamp>
			</report>
			<report>
				<misses>328001</misses>
				<total>314935</total>
				<timestamp>26.473291</timestamp>
			</report>
			<report>
				<misses>329001</misses>
				<total>315934</total>
				<timestamp>26.553573</timestamp>
			</report>
			<report>
				<misses>330001</misses>
				<total>316933</total>
				<timestamp>26.633639</timestamp>
			</report>
			<report>
				<misses>331001</misses>
				<total>317932</total>
				<timestamp>26.714537</timestamp>
			</report>
			<report>
				<misses>332001</misses>
				<total>318931</total>
				<timestamp>26.795928</timestamp>
			</report>
			<report>
				<misses>333001</misses>
				<total>319930</total>
				<timestamp>26.877569</timestamp>
			</report>
			<report>
				<misses>334001</misses>
				<total>320929</total>
				<timestamp>26.957615</timestamp>
			</report>
			<report>
				<misses>335001</misses>
				<total>321928</total>
				<timestamp>27.037624</timestamp>
			</report>
			<report>
				<misses>336001</misses>
				<total>322927</total>
				<timestamp>27.117611</timestamp>
			</report>
			<report>
				<misses>337001</misses>
				<total>323926</total>
				<timestamp>27.197633</timestamp>
			</report>
			<report>
				<misses>338001</misses>
				<total>324925</total>
				<timestamp>27.277618</timestamp>
			</report>
			<report>
				<misses>339001</misses>
				<total>325924</total>
				<timestamp>27.357785</timestamp>
			</report>
			<report>
				<misses>340001</misses>
				<total>326923</total>
				<timestamp>27.439504</timestamp>
			</report>
			<report>
				<misses>341001</misses>
				<total>327922</total>
				<timestamp>27.519565</timestamp>
			</report>
			<report>
				<misses>342001</misses>
				<total>328921</total>
				<timestamp>27.600244</timestamp>
			</report>
			<report>
				<misses>343001</misses>
				<total>329920</total>
				<timestamp>27.680749</timestamp>
			</report>
			<report>
				<misses>344001</misses>
				<total>330919</total>
				<timestamp>27.763697</timestamp>
			</report>
			<report>
				<misses>345001</misses>
				<total>331918</total>
				<timestamp>27.846630</timestamp>
			</report>
			<report>
				<misses>346001</misses>
				<total>332917</total>
				<timestamp>27.926996</timestamp>
			</report>
			<report>
				<misses>347001</misses>
				<total>333916</total>
				<timestamp>28.010509</timestamp>
			</report>
			<report>
				<misses>348001</misses>
				<total>334915</total>
				<timestamp>28.094152</timestamp>
			</report>
			<report>
				<misses>349001</misses>
				<total>335914</total>
				<timestamp>28.175408</timestamp>
			</report>
			<report>
				<misses>350001</misses>
				<total>336913</total>
				<timestamp>28.257646</timestamp>
			</report>
			<report>
				<misses>351001</misses>
				<total>337912</total>
				<timestamp>28.338016</timestamp>
			</report>
			<report>
				<misses>352001</misses>
				<total>338911</total>
				<timestamp>28.418815</timestamp>
			</report>
			<report>
				<misses>353001</misses>
				<total>339910</total>
				<timestamp>28.503531</timestamp>
			</report>
			<report>
				<misses>354001</misses>
				<total>340909</total>
				<timestamp>28.586091</timestamp>
			</report>
			<report>
				<misses>355001</misses>
				<total>341908</total>
				<timestamp>28.667606</timestamp>
			</report>
			<report>
				<misses>356001</misses>
				<total>342907</total>
				<timestamp>28.749492</timestamp>
			</report>
			<report>
				<misses>357001</misses>
				<total>343906</total>
				<timestamp>28.831741</timestamp>
			</report>
			<report>
				<misses>358001</misses>
				<total>344905</total>
				<timestamp>28.912211</timestamp>
			</report>
			<report>
				<misses>359001</misses>
				<total>345904</total>
				<timestamp>28.992226</timestamp>
			</report>
			<report>
				<misses>360001</misses>
				<total>346903</total>
				<timestamp>29.072205</timestamp>
			</report>
			<report>
				<misses>361001</misses>
				<total>347902</total>
				<timestamp>29.152970</timestamp>
			</report>
			<report>
				<misses>362001</misses>
				<total>348901</total>
				<timestamp>29.233120</timestamp>
			</report>
			<report>
				<misses>363001</misses>
				<total>349900</total>
				<timestamp>29.313887</timestamp>
			</report>
			<report>
				<misses>364001</misses>
				<total>350899</total>
				<timestamp>29.393854</timestamp>
			</report>
			<report>
				<misses>365001</misses>
				<total>351898</total>
				<timestamp>29.473977</timestamp>
			</report>
			<report>
				<misses>366001</misses>
				<total>352897</total>
				<timestamp>29.553962</timestamp>
			</report>
			<report>
				<misses>367001</misses>
				<total>353896</total>
				<timestamp>29.634465</timestamp>
			</report>
			<report>
				<misses>368001</misses>
				<total>354895</total>
				<timestamp>29.714730</timestamp>
			</report>
			<report>
				<misses>369001</misses>
				<total>355894</total>
				<timestamp>29.794732</timestamp>
			</report>
			<report>
				<misses>370001</misses>
				<total>356893</total>
				<timestamp>29.874745</timestamp>
			</report>
			<report>
				<misses>371001</misses>
				<total>357892</total>
				<timestamp>29.954893</timestamp>
			</report>
			<report>
				<misses>372001</misses>
				<total>358891</total>
				<timestamp>30.035461</timestamp>
			</report>
			<report>
				<misses>373001</misses>
				<total>359890</total>
				<timestamp>30.117234</timestamp>
			</report>
			<report>
				<misses>374001</misses>
				<total>360734</total>
				<timestamp>30.197231</timestamp>
			</report>
			<report>
				<misses>375001</misses>
				<total>361712</total>
				<timestamp>30.278039</timestamp>
			</report>
			<report>
				<misses>376001</misses>
				<total>362711</total>
				<timestamp>30.358264</timestamp>
			</report>
			<report>
				<misses>377001</misses>
				<total>363710</total>
				<timestamp>30.438842</timestamp>
			</report>
			<report>
				<misses>378001</misses>
				<total>364709</total>
				<timestamp>30.520731</timestamp>
			</report>
			<report>
				<misses>379001</misses>
				<total>365708</total>
				<timestamp>30.603630</timestamp>
			</report>
			<report>
				<misses>380001</misses>
				<total>366707</total>
				<timestamp>30.684484</timestamp>
			</report>
			<report>
				<misses>381001</misses>
				<total>367605</total>
				<timestamp>30.764593</timestamp>
			</report>
			<report>
				<misses>382001</misses>
				<total>368604</total>
				<timestamp>30.844632</timestamp>
			</report>
			<report>
				<misses>383001</misses>
				<total>369603</total>
				<timestamp>30.925108</timestamp>
			</report>
			<report>
				<misses>384001</misses>
				<total>370602</total>
				<timestamp>31.007705</timestamp>
			</report>
			<report>
				<misses>385001</misses>
				<total>371601</total>
				<timestamp>31.089094</timestamp>
			</report>
			<report>
				<misses>386001</misses>
				<total>372600</total>
				<timestamp>31.169076</timestamp>
			</report>
			<report>
				<misses>387001</misses>
				<total>373137</total>
				<timestamp>31.249085</timestamp>
			</report>
			<report>
				<misses>388001</misses>
				<total>373140</total>
				<timestamp>31.329106</timestamp>
			</report>
			<report>
				<misses>389001</misses>
				<total>373145</total>
				<timestamp>31.409219</timestamp>
			</report>
			<report>
				<misses>390001</misses>
				<total>374063</total>
				<timestamp>31.489258</timestamp>
			</report>
			<report>
				<misses>391001</misses>
				<total>375062</total>
				<timestamp>31.569298</timestamp>
			</report>
			<report>
				<misses>392001</misses>
				<total>376061</total>
				<timestamp>31.649329</timestamp>
			</report>
			<report>
				<misses>393001</misses>
				<total>377060</total>
				<timestamp>31.729324</timestamp>
			</report>
			<report>
				<misses>394001</misses>
				<total>378059</total>
				<timestamp>31.809370</timestamp>
			</report>
			<report>
				<misses>395001</misses>
				<total>379058</total>
				<timestamp>31.889504</timestamp>
			</report>
			<report>
				<misses>396001</misses>
				<total>380057</total>
				<timestamp>31.969526</timestamp>
			</report>
			<report>
				<misses>397001</misses>
				<total>381056</total>
				<timestamp>32.049648</timestamp>
			</report>
			<report>
				<misses>398001</misses>
				<total>382055</total>
				<timestamp>32.129655</timestamp>
			</report>
			<report>
				<misses>399001</misses>
				<total>383054</total>
				<timestamp>32.209610</timestamp>
			</report>
			<report>
				<misses>400001</misses>
				<total>384053</total>
				<timestamp>32.289704</timestamp>
			</report>
			<report>
				<misses>401001</misses>
				<total>385052</total>
				<timestamp>32.369702</timestamp>
			</report>
			<report>
				<misses>402001</misses>
				<total>386051</total>
				<timestamp>32.450095</timestamp>
			</report>
			<report>
				<misses>403001</misses>
				<total>387050</total>
				<timestamp>32.531062</timestamp>
			</report>
			<report>
				<misses>404001</misses>
				<total>388049</total>
				<timestamp>32.612113</timestamp>
			</report>
			<report>
				<misses>405001</misses>
				<total>389048</total>
				<timestamp>32.696830</timestamp>
			</report>
			<report>
				<misses>406001</misses>
				<total>390047</total>
				<timestamp>32.777447</timestamp>
			</report>
			<report>
				<misses>407001</misses>
				<total>391046</total>
				<timestamp>32.857674</timestamp>
			</report>
			<report>
				<misses>408001</misses>
				<total>392045</total>
				<timestamp>32.937686</timestamp>
			</report>
			<report>
				<misses>409001</misses>
				<total>393044</total>
				<timestamp>33.017803</timestamp>
			</report>
			<report>
				<misses>410001</misses>
				<total>394043</total>
				<timestamp>33.097768</timestamp>
			</report>
			<report>
				<misses>411001</misses>
				<total>395042</total>
				<timestamp>33.178261</timestamp>
			</report>
			<report>
				<misses>412001</misses>
				<total>396041</total>
				<timestamp>33.258698</timestamp>
			</report>
			<report>
				<misses>413001</misses>
				<total>397040</total>
				<timestamp>33.339330</timestamp>
			</report>
			<report>
				<misses>414001</misses>
				<total>398039</total>
				<timestamp>33.419282</timestamp>
			</report>
			<report>
				<misses>415001</misses>
				<total>399038</total>
				<timestamp>33.499372</timestamp>
			</report>
			<report>
				<misses>416001</misses>
				<total>400037</total>
				<timestamp>33.579774</timestamp>
			</report>
			<report>
				<misses>417001</misses>
				<total>401036</total>
				<timestamp>33.659769</timestamp>
			</report>
			<report>
				<misses>418001</misses>
				<total>402035</total>
				<timestamp>33.739776</timestamp>
			</report>
			<report>
				<misses>419001</misses>
				<total>403034</total>
				<timestamp>33.819770</timestamp>
			</report>
			<report>
				<misses>420001</misses>
				<total>404033</total>
				<timestamp>33.899969</timestamp>
			</report>
			<report>
				<misses>421001</misses>
				<total>405032</total>
				<timestamp>33.980049</timestamp>
			</report>
			<report>
				<misses>422001</misses>
				<total>406031</total>
				<timestamp>34.060137</timestamp>
			</report>
			<report>
				<misses>423001</misses>
				<total>407030</total>
				<timestamp>34.140114</timestamp>
			</report>
			<report>
				<misses>424001</misses>
				<total>408029</total>
				<timestamp>34.220199</timestamp>
			</report>
			<report>
				<misses>425001</misses>
				<total>409028</total>
				<timestamp>34.300308</timestamp>
			</report>
			<report>
				<misses>426001</misses>
				<total>410027</total>
				<timestamp>34.380951</timestamp>
			</report>
			<report>
				<misses>427001</misses>
				<total>411026</total>
				<timestamp>34.460936</timestamp>
			</report>
			<report>
				<misses>428001</misses>
				<total>412025</total>
				<timestamp>34.540880</timestamp>
			</report>
			<report>
				<misses>429001</misses>
				<total>413024</total>
				<timestamp>34.621100</timestamp>
			</report>
			<report>
				<misses>430001</misses>
				<total>414023</total>
				<timestamp>34.701086</timestamp>
			</report>
			<report>
				<misses>431001</misses>
				<total>415022</total>
				<timestamp>34.781136</timestamp>
			</report>
			<report>
				<misses>432001</misses>
				<total>416021</total>
				<timestamp>34.861442</timestamp>
			</report>
			<report>
				<misses>433001</misses>
				<total>417020</total>
				<timestamp>34.941747</timestamp>
			</report>
			<report>
				<misses>434001</misses>
				<total>418019</total>
				<timestamp>35.023482</timestamp>
			</report>
			<report>
				<misses>435001</misses>
				<total>419018</total>
				<timestamp>35.104994</timestamp>
			</report>
			<report>
				<misses>436001</misses>
				<total>420017</total>
				<timestamp>35.186140</timestamp>
			</report>
			<report>
				<misses>437001</misses>
				<total>421016</total>
				<timestamp>35.270101</timestamp>
			</report>
			<report>
				<misses>438001</misses>
				<total>422015</total>
				<timestamp>35.350438</timestamp>
			</report>
			<report>
				<misses>439001</misses>
				<total>423014</total>
				<timestamp>35.431482</timestamp>
			</report>
			<report>
				<misses>440001</misses>
				<total>424013</total>
				<timestamp>35.512471</timestamp>
			</report>
			<report>
				<misses>441001</misses>
				<total>425012</total>
				<timestamp>35.592653</timestamp>
			</report>
			<report>
				<misses>442001</misses>
				<total>426011</total>
				<timestamp>35.673270</timestamp>
			</report>
			<report>
				<misses>443001</misses>
				<total>427010</total>
				<timestamp>35.753600</timestamp>
			</report>
			<report>
				<misses>444001</misses>
				<total>428009</total>
				<timestamp>35.834509</timestamp>
			</report>
			<report>
				<misses>445001</misses>
				<total>429008</total>
				<timestamp>35.914593</timestamp>
			</report>
			<report>
				<misses>446001</misses>
				<total>430007</total>
				<timestamp>35.998402</timestamp>
			</report>
			<report>
				<misses>447001</misses>
				<total>431006</total>
				<timestamp>36.078643</timestamp>
			</report>
			<report>
				<misses>448001</misses>
				<total>432005</total>
				<timestamp>36.159277</timestamp>
			</report>
			<report>
				<misses>449001</misses>
				<total>433004</total>
				<timestamp>36.239493</timestamp>
			</report>
			<report>
				<misses>450001</misses>
				<total>434003</total>
				<timestamp>36.319481</timestamp>
			</report>
			<report>
				<misses>451001</misses>
				<total>435002</total>
				<timestamp>36.399812</timestamp>
			</report>
			<report>
				<misses>452001</misses>
				<total>436001</total>
				<timestamp>36.482551</timestamp>
			</report>
			<report>
				<misses>453001</misses>
				<total>437000</total>
				<timestamp>36.562728</timestamp>
			</report>
			<report>
				<misses>454001</misses>
				<total>437999</total>
				<timestamp>36.643955</timestamp>
			</report>
			<report>
				<misses>455001</misses>
				<total>438998</total>
				<timestamp>36.726708</timestamp>
			</report>
			<report>
				<misses>456001</misses>
				<total>439997</total>
				<timestamp>36.810206</timestamp>
			</report>
			<report>
				<misses>457001</misses>
				<total>440996</total>
				<timestamp>36.890448</timestamp>
			</report>
			<report>
				<misses>458001</misses>
				<total>441995</total>
				<timestamp>36.971100</timestamp>
			</report>
			<report>
				<misses>459001</misses>
				<total>442994</total>
				<timestamp>37.052212</timestamp>
			</report>
			<report>
				<misses>460001</misses>
				<total>443993</total>
				<timestamp>37.133078</timestamp>
			</report>
			<report>
				<misses>461001</misses>
				<total>444992</total>
				<timestamp>37.213090</timestamp>
			</report>
			<report>
				<misses>462001</misses>
				<total>445991</total>
				<timestamp>37.293220</timestamp>
			</report>
			<report>
				<misses>463001</misses>
				<total>446990</total>
				<timestamp>37.373633</timestamp>
			</report>
			<report>
				<misses>464001</misses>
				<total>447989</total>
				<timestamp>37.453640</timestamp>
			</report>
			<report>
				<misses>465001</misses>
				<total>448988</total>
				<timestamp>37.533614</timestamp>
			</report>
			<report>
				<misses>466001</misses>
				<total>449987</total>
				<timestamp>37.613617</timestamp>
			</report>
			<report>
				<misses>467001</misses>
				<total>450986</total>
				<timestamp>37.695441</timestamp>
			</report>
			<report>
				<misses>468001</misses>
				<total>451985</total>
				<timestamp>37.775559</timestamp>
			</report>
			<report>
				<misses>469001</misses>
				<total>452984</total>
				<timestamp>37.856791</timestamp>
			</report>
			<report>
				<misses>470001</misses>
				<total>453983</total>
				<timestamp>37.939552</timestamp>
			</report>
			<report>
				<misses>471001</misses>
				<total>454982</total>
				<timestamp>38.019572</timestamp>
			</report>
			<report>
				<misses>472001</misses>
				<total>455981</total>
				<timestamp>38.100241</timestamp>
			</report>
			<report>
				<misses>473001</misses>
				<total>456980</total>
				<timestamp>38.180318</timestamp>
			</report>
			<report>
				<misses>474001</misses>
				<total>457979</total>
				<timestamp>38.260408</timestamp>
			</report>
			<report>
				<misses>475001</misses>
				<total>458978</total>
				<timestamp>38.340460</timestamp>
			</report>
			<report>
				<misses>476001</misses>
				<total>459977</total>
				<timestamp>38.421061</timestamp>
			</report>
			<report>
				<misses>477001</misses>
				<total>460976</total>
				<timestamp>38.502553</timestamp>
			</report>
			<report>
				<misses>478001</misses>
				<total>461975</total>
				<timestamp>38.583984</timestamp>
			</report>
			<report>
				<misses>479001</misses>
				<total>462974</total>
				<timestamp>38.663966</timestamp>
			</report>
			<report>
				<misses>480001</misses>
				<total>463973</total>
				<timestamp>38.744079</timestamp>
			</report>
			<report>
				<misses>481001</misses>
				<total>464972</total>
				<timestamp>38.824098</timestamp>
			</report>
			<report>
				<misses>482001</misses>
				<total>465971</total>
				<timestamp>38.904112</timestamp>
			</report>
			<report>
				<misses>483001</misses>
				<total>466970</total>
				<timestamp>38.984998</timestamp>
			</report>
			<report>
				<misses>484001</misses>
				<total>467969</total>
				<timestamp>39.065769</timestamp>
			</report>
			<report>
				<misses>485001</misses>
				<total>468968</total>
				<timestamp>39.146073</timestamp>
			</report>
			<report>
				<misses>486001</misses>
				<total>469967</total>
				<timestamp>39.226201</timestamp>
			</report>
			<report>
				<misses>487001</misses>
				<total>470966</total>
				<timestamp>39.306858</timestamp>
			</report>
			<report>
				<misses>488001</misses>
				<total>471965</total>
				<timestamp>39.387960</timestamp>
			</report>
			<report>
				<misses>489001</misses>
				<total>472964</total>
				<timestamp>39.468574</timestamp>
			</report>
			<report>
				<misses>490001</misses>
				<total>473963</total>
				<timestamp>39.550231</timestamp>
			</report>
			<report>
				<misses>491001</misses>
				<total>474962</total>
				<timestamp>39.634036</timestamp>
			</report>
			<report>
				<misses>492001</misses>
				<total>475961</total>
				<timestamp>39.716700</timestamp>
			</report>
			<report>
				<misses>493001</misses>
				<total>476960</total>
				<timestamp>39.797478</timestamp>
			</report>
			<report>
				<misses>494001</misses>
				<total>477959</total>
				<timestamp>39.877594</timestamp>
			</report>
			<report>
				<misses>495001</misses>
				<total>478958</total>
				<timestamp>39.958079</timestamp>
			</report>
			<report>
				<misses>496001</misses>
				<total>479957</total>
				<timestamp>40.038740</timestamp>
			</report>
			<report>
				<misses>497001</misses>
				<total>480956</total>
				<timestamp>40.118832</timestamp>
			</report>
			<report>
				<misses>498001</misses>
				<total>481955</total>
				<timestamp>40.200413</timestamp>
			</report>
			<report>
				<misses>499001</misses>
				<total>482954</total>
				<timestamp>40.280827</timestamp>
			</report>
			<report>
				<misses>500001</misses>
				<total>483953</total>
				<timestamp>40.362799</timestamp>
			</report>
			<report>
				<misses>501001</misses>
				<total>484952</total>
				<timestamp>40.442800</timestamp>
			</report>
			<report>
				<misses>502001</misses>
				<total>485951</total>
				<timestamp>40.523544</timestamp>
			</report>
			<report>
				<misses>503001</misses>
				<total>486950</total>
				<timestamp>40.604402</timestamp>
			</report>
			<report>
				<misses>504001</misses>
				<total>487949</total>
				<timestamp>40.684442</timestamp>
			</report>
			<report>
				<misses>505001</misses>
				<total>488948</total>
				<timestamp>40.764600</timestamp>
			</report>
			<report>
				<misses>506001</misses>
				<total>489947</total>
				<timestamp>40.844621</timestamp>
			</report>
			<report>
				<misses>507001</misses>
				<total>490946</total>
				<timestamp>40.924627</timestamp>
			</report>
			<report>
				<misses>508001</misses>
				<total>491945</total>
				<timestamp>41.004678</timestamp>
			</report>
			<report>
				<misses>509001</misses>
				<total>492944</total>
				<timestamp>41.084654</timestamp>
			</report>
			<report>
				<misses>510001</misses>
				<total>493943</total>
				<timestamp>41.165097</timestamp>
			</report>
			<report>
				<misses>511001</misses>
				<total>494942</total>
				<timestamp>41.245750</timestamp>
			</report>
			<report>
				<misses>512001</misses>
				<total>495941</total>
				<timestamp>41.327729</timestamp>
			</report>
			<report>
				<misses>513001</misses>
				<total>496940</total>
				<timestamp>41.408685</timestamp>
			</report>
			<report>
				<misses>514001</misses>
				<total>497939</total>
				<timestamp>41.489598</timestamp>
			</report>
			<report>
				<misses>515001</misses>
				<total>498938</total>
				<timestamp>41.570534</timestamp>
			</report>
			<report>
				<misses>516001</misses>
				<total>499937</total>
				<timestamp>41.651837</timestamp>
			</report>
			<report>
				<misses>517001</misses>
				<total>500936</total>
				<timestamp>41.733647</timestamp>
			</report>
			<report>
				<misses>518001</misses>
				<total>501935</total>
				<timestamp>41.814859</timestamp>
			</report>
			<report>
				<misses>519001</misses>
				<total>502934</total>
				<timestamp>41.894987</timestamp>
			</report>
			<report>
				<misses>520001</misses>
				<total>503933</total>
				<timestamp>41.974982</timestamp>
			</report>
			<report>
				<misses>521001</misses>
				<total>504932</total>
				<timestamp>42.055078</timestamp>
			</report>
			<report>
				<misses>522001</misses>
				<total>505931</total>
				<timestamp>42.135069</timestamp>
			</report>
			<report>
				<misses>523001</misses>
				<total>506930</total>
				<timestamp>42.215090</timestamp>
			</report>
			<report>
				<misses>524001</misses>
				<total>507929</total>
				<timestamp>42.295567</timestamp>
			</report>
			<report>
				<misses>525001</misses>
				<total>508928</total>
				<timestamp>42.376955</timestamp>
			</report>
			<report>
				<misses>526001</misses>
				<total>509927</total>
				<timestamp>42.457761</timestamp>
			</report>
			<report>
				<misses>527001</misses>
				<total>510926</total>
				<timestamp>42.537790</timestamp>
			</report>
			<report>
				<misses>528001</misses>
				<total>511925</total>
				<timestamp>42.619047</timestamp>
			</report>
			<report>
				<misses>529001</misses>
				<total>512924</total>
				<timestamp>42.699315</timestamp>
			</report>
			<report>
				<misses>530001</misses>
				<total>513923</total>
				<timestamp>42.779475</timestamp>
			</report>
			<report>
				<misses>531001</misses>
				<total>514922</total>
				<timestamp>42.859541</timestamp>
			</report>
			<report>
				<misses>532001</misses>
				<total>515921</total>
				<timestamp>42.939682</timestamp>
			</report>
			<report>
				<misses>533001</misses>
				<total>516920</total>
				<timestamp>43.019756</timestamp>
			</report>
			<report>
				<misses>534001</misses>
				<total>517919</total>
				<timestamp>43.099974</timestamp>
			</report>
			<report>
				<misses>535001</misses>
				<total>518918</total>
				<timestamp>43.179966</timestamp>
			</report>
			<report>
				<misses>536001</misses>
				<total>519917</total>
				<timestamp>43.259994</timestamp>
			</report>
			<report>
				<misses>537001</misses>
				<total>520916</total>
				<timestamp>43.340067</timestamp>
			</report>
			<report>
				<misses>538001</misses>
				<total>521915</total>
				<timestamp>43.420053</timestamp>
			</report>
			<report>
				<misses>539001</misses>
				<total>522914</total>
				<timestamp>43.500043</timestamp>
			</report>
			<report>
				<misses>540001</misses>
				<total>523913</total>
				<timestamp>43.581877</timestamp>
			</report>
			<report>
				<misses>541001</misses>
				<total>524912</total>
				<timestamp>43.666722</timestamp>
			</report>
			<report>
				<misses>542001</misses>
				<total>525911</total>
				<timestamp>43.746744</timestamp>
			</report>
			<report>
				<misses>543001</misses>
				<total>526910</total>
				<timestamp>43.827467</timestamp>
			</report>
			<report>
				<misses>544001</misses>
				<total>527909</total>
				<timestamp>43.907964</timestamp>
			</report>
			<report>
				<misses>545001</misses>
				<total>528908</total>
				<timestamp>43.988992</timestamp>
			</report>
			<report>
				<misses>546001</misses>
				<total>529907</total>
				<timestamp>44.069400</timestamp>
			</report>
			<report>
				<misses>547001</misses>
				<total>530906</total>
				<timestamp>44.150535</timestamp>
			</report>
			<report>
				<misses>548001</misses>
				<total>531905</total>
				<timestamp>44.231628</timestamp>
			</report>
			<report>
				<misses>549001</misses>
				<total>532904</total>
				<timestamp>44.312299</timestamp>
			</report>
			<report>
				<misses>550001</misses>
				<total>533903</total>
				<timestamp>44.392442</timestamp>
			</report>
			<report>
				<misses>551001</misses>
				<total>534902</total>
				<timestamp>44.472442</timestamp>
			</report>
			<report>
				<misses>552001</misses>
				<total>535901</total>
				<timestamp>44.552508</timestamp>
			</report>
			<report>
				<misses>553001</misses>
				<total>536900</total>
				<timestamp>44.633423</timestamp>
			</report>
			<report>
				<misses>554001</misses>
				<total>537899</total>
				<timestamp>44.714453</timestamp>
			</report>
			<report>
				<misses>555001</misses>
				<total>538898</total>
				<timestamp>44.795716</timestamp>
			</report>
			<report>
				<misses>556001</misses>
				<total>539897</total>
				<timestamp>44.876124</timestamp>
			</report>
			<report>
				<misses>557001</misses>
				<total>540896</total>
				<timestamp>44.956715</timestamp>
			</report>
			<report>
				<misses>558001</misses>
				<total>541895</total>
				<timestamp>45.036721</timestamp>
			</report>
			<report>
				<misses>559001</misses>
				<total>542894</total>
				<timestamp>45.116958</timestamp>
			</report>
			<report>
				<misses>560001</misses>
				<total>543893</total>
				<timestamp>45.197509</timestamp>
			</report>
			<report>
				<misses>561001</misses>
				<total>544892</total>
				<timestamp>45.277515</timestamp>
			</report>
			<report>
				<misses>562001</misses>
				<total>545891</total>
				<timestamp>45.357538</timestamp>
			</report>
			<report>
				<misses>563001</misses>
				<total>546890</total>
				<timestamp>45.437579</timestamp>
			</report>
			<report>
				<misses>564001</misses>
				<total>547889</total>
				<timestamp>45.517662</timestamp>
			</report>
			<report>
				<misses>565001</misses>
				<total>548888</total>
				<timestamp>45.597841</timestamp>
			</report>
			<report>
				<misses>566001</misses>
				<total>549887</total>
				<timestamp>45.678668</timestamp>
			</report>
			<report>
				<misses>567001</misses>
				<total>550886</total>
				<timestamp>45.758851</timestamp>
			</report>
			<report>
				<misses>568001</misses>
				<total>551885</total>
				<timestamp>45.838983</timestamp>
			</report>
			<report>
				<misses>569001</misses>
				<total>552884</total>
				<timestamp>45.919062</timestamp>
			</report>
			<report>
				<misses>570001</misses>
				<total>553883</total>
				<timestamp>45.999286</timestamp>
			</report>
			<report>
				<misses>571001</misses>
				<total>554882</total>
				<timestamp>46.079429</timestamp>
			</report>
			<report>
				<misses>572001</misses>
				<total>555881</total>
				<timestamp>46.159431</timestamp>
			</report>
			<report>
				<misses>573001</misses>
				<total>556880</total>
				<timestamp>46.239491</timestamp>
			</report>
			<report>
				<misses>574001</misses>
				<total>557879</total>
				<timestamp>46.319509</timestamp>
			</report>
			<report>
				<misses>575001</misses>
				<total>558878</total>
				<timestamp>46.399529</timestamp>
			</report>
			<report>
				<misses>576001</misses>
				<total>559877</total>
				<timestamp>46.479579</timestamp>
			</report>
			<report>
				<misses>577001</misses>
				<total>560876</total>
				<timestamp>46.559626</timestamp>
			</report>
			<report>
				<misses>578001</misses>
				<total>561875</total>
				<timestamp>46.639648</timestamp>
			</report>
			<report>
				<misses>579001</misses>
				<total>562874</total>
				<timestamp>46.719615</timestamp>
			</report>
			<report>
				<misses>580001</misses>
				<total>563873</total>
				<timestamp>46.799719</timestamp>
			</report>
			<report>
				<misses>581001</misses>
				<total>564872</total>
				<timestamp>46.879786</timestamp>
			</report>
			<report>
				<misses>582001</misses>
				<total>565871</total>
				<timestamp>46.959770</timestamp>
			</report>
			<report>
				<misses>583001</misses>
				<total>566870</total>
				<timestamp>47.041021</timestamp>
			</report>
			<report>
				<misses>584001</misses>
				<total>567869</total>
				<timestamp>47.121221</timestamp>
			</report>
			<report>
				<misses>585001</misses>
				<total>568868</total>
				<timestamp>47.202763</timestamp>
			</report>
			<report>
				<misses>586001</misses>
				<total>569867</total>
				<timestamp>47.282900</timestamp>
			</report>
			<report>
				<misses>587001</misses>
				<total>570866</total>
				<timestamp>47.362999</timestamp>
			</report>
			<report>
				<misses>588001</misses>
				<total>571865</total>
				<timestamp>47.443215</timestamp>
			</report>
			<report>
				<misses>589001</misses>
				<total>572864</total>
				<timestamp>47.523229</timestamp>
			</report>
			<report>
				<misses>590001</misses>
				<total>573863</total>
				<timestamp>47.603282</timestamp>
			</report>
			<report>
				<misses>591001</misses>
				<total>574862</total>
				<timestamp>47.683381</timestamp>
			</report>
			<report>
				<misses>592001</misses>
				<total>575861</total>
				<timestamp>47.763443</timestamp>
			</report>
			<report>
				<misses>593001</misses>
				<total>576860</total>
				<timestamp>47.845520</timestamp>
			</report>
			<report>
				<misses>594001</misses>
				<total>577859</total>
				<timestamp>47.925523</timestamp>
			</report>
			<report>
				<misses>595001</misses>
				<total>578858</total>
				<timestamp>48.007566</timestamp>
			</report>
			<report>
				<misses>596001</misses>
				<total>579857</total>
				<timestamp>48.087573</timestamp>
			</report>
			<report>
				<misses>597001</misses>
				<total>580856</total>
				<timestamp>48.172658</timestamp>
			</report>
			<report>
				<misses>598001</misses>
				<total>581855</total>
				<timestamp>48.254144</timestamp>
			</report>
			<report>
				<misses>599001</misses>
				<total>582854</total>
				<timestamp>48.334543</timestamp>
			</report>
			<report>
				<misses>600001</misses>
				<total>583853</total>
				<timestamp>48.416210</timestamp>
			</report>
			<report>
				<misses>601001</misses>
				<total>584852</total>
				<timestamp>48.496342</timestamp>
			</report>
			<report>
				<misses>602001</misses>
				<total>585851</total>
				<timestamp>48.576420</timestamp>
			</report>
			<report>
				<misses>603001</misses>
				<total>586850</total>
				<timestamp>48.656709</timestamp>
			</report>
			<report>
				<misses>604001</misses>
				<total>587849</total>
				<timestamp>48.736660</timestamp>
			</report>
			<report>
				<misses>605001</misses>
				<total>588848</total>
				<timestamp>48.816661</timestamp>
			</report>
			<report>
				<misses>606001</misses>
				<total>589847</total>
				<timestamp>48.896730</timestamp>
			</report>
			<report>
				<misses>607001</misses>
				<total>590846</total>
				<timestamp>48.976741</timestamp>
			</report>
			<report>
				<misses>608001</misses>
				<total>591845</total>
				<timestamp>49.056729</timestamp>
			</report>
			<report>
				<misses>609001</misses>
				<total>592844</total>
				<timestamp>49.136741</timestamp>
			</report>
			<report>
				<misses>610001</misses>
				<total>593843</total>
				<timestamp>49.216732</timestamp>
			</report>
			<report>
				<misses>611001</misses>
				<total>594842</total>
				<timestamp>49.297030</timestamp>
			</report>
			<report>
				<misses>612001</misses>
				<total>595841</total>
				<timestamp>49.377000</timestamp>
			</report>
			<report>
				<misses>613001</misses>
				<total>596840</total>
				<timestamp>49.456983</timestamp>
			</report>
			<report>
				<misses>614001</misses>
				<total>597839</total>
				<timestamp>49.537844</timestamp>
			</report>
			<report>
				<misses>615001</misses>
				<total>598838</total>
				<timestamp>49.617955</timestamp>
			</report>
			<report>
				<misses>616001</misses>
				<total>599837</total>
				<timestamp>49.698425</timestamp>
			</report>
			<report>
				<misses>617001</misses>
				<total>600836</total>
				<timestamp>49.778687</timestamp>
			</report>
			<report>
				<misses>618001</misses>
				<total>601835</total>
				<timestamp>49.858780</timestamp>
			</report>
			<report>
				<misses>619001</misses>
				<total>602834</total>
				<timestamp>49.940120</timestamp>
			</report>
			<report>
				<misses>620001</misses>
				<total>603833</total>
				<timestamp>50.020128</timestamp>
			</report>
			<report>
				<misses>621001</misses>
				<total>604832</total>
				<timestamp>50.100372</timestamp>
			</report>
			<report>
				<misses>622001</misses>
				<total>605831</total>
				<timestamp>50.180405</timestamp>
			</report>
			<report>
				<misses>623001</misses>
				<total>606830</total>
				<timestamp>50.260857</timestamp>
			</report>
			<report>
				<misses>624001</misses>
				<total>607829</total>
				<timestamp>50.340987</timestamp>
			</report>
			<report>
				<misses>625001</misses>
				<total>608828</total>
				<timestamp>50.421073</timestamp>
			</report>
			<report>
				<misses>626001</misses>
				<total>609827</total>
				<timestamp>50.501044</timestamp>
			</report>
			<report>
				<misses>627001</misses>
				<total>610826</total>
				<timestamp>50.582620</timestamp>
			</report>
			<report>
				<misses>628001</misses>
				<total>611825</total>
				<timestamp>50.662591</timestamp>
			</report>
			<report>
				<misses>629001</misses>
				<total>612824</total>
				<timestamp>50.742719</timestamp>
			</report>
			<report>
				<misses>630001</misses>
				<total>613823</total>
				<timestamp>50.822730</timestamp>
			</report>
			<report>
				<misses>631001</misses>
				<total>614822</total>
				<timestamp>50.902750</timestamp>
			</report>
			<report>
				<misses>632001</misses>
				<total>615821</total>
				<timestamp>50.982737</timestamp>
			</report>
			<report>
				<misses>633001</misses>
				<total>616820</total>
				<timestamp>51.062729</timestamp>
			</report>
			<report>
				<misses>634001</misses>
				<total>617819</total>
				<timestamp>51.142725</timestamp>
			</report>
			<report>
				<misses>635001</misses>
				<total>618818</total>
				<timestamp>51.222728</timestamp>
			</report>
			<report>
				<misses>636001</misses>
				<total>619817</total>
				<timestamp>51.304333</timestamp>
			</report>
			<report>
				<misses>637001</misses>
				<total>620816</total>
				<timestamp>51.384555</timestamp>
			</report>
			<report>
				<misses>638001</misses>
				<total>621815</total>
				<timestamp>51.464557</timestamp>
			</report>
			<report>
				<misses>639001</misses>
				<total>622814</total>
				<timestamp>51.544973</timestamp>
			</report>
			<report>
				<misses>640001</misses>
				<total>623813</total>
				<timestamp>51.625086</timestamp>
			</report>
			<report>
				<misses>641001</misses>
				<total>624812</total>
				<timestamp>51.705152</timestamp>
			</report>
			<report>
				<misses>642001</misses>
				<total>625811</total>
				<timestamp>51.785335</timestamp>
			</report>
			<report>
				<misses>643001</misses>
				<total>626810</total>
				<timestamp>51.865395</timestamp>
			</report>
			<report>
				<misses>644001</misses>
				<total>627809</total>
				<timestamp>51.945427</timestamp>
			</report>
			<report>
				<misses>645001</misses>
				<total>628808</total>
				<timestamp>52.026644</timestamp>
			</report>
			<report>
				<misses>646001</misses>
				<total>629807</total>
				<timestamp>52.107958</timestamp>
			</report>
			<report>
				<misses>647001</misses>
				<total>630806</total>
				<timestamp>52.188752</timestamp>
			</report>
			<report>
				<misses>648001</misses>
				<total>631805</total>
				<timestamp>52.270492</timestamp>
			</report>
			<report>
				<misses>649001</misses>
				<total>632804</total>
				<timestamp>52.350666</timestamp>
			</report>
			<report>
				<misses>650001</misses>
				<total>633803</total>
				<timestamp>52.430739</timestamp>
			</report>
			<report>
				<misses>651001</misses>
				<total>634802</total>
				<timestamp>52.510742</timestamp>
			</report>
			<report>
				<misses>652001</misses>
				<total>635801</total>
				<timestamp>52.590817</timestamp>
			</report>
			<report>
				<misses>653001</misses>
				<total>636800</total>
				<timestamp>52.670857</timestamp>
			</report>
			<report>
				<misses>654001</misses>
				<total>637799</total>
				<timestamp>52.750848</timestamp>
			</report>
			<report>
				<misses>655001</misses>
				<total>638798</total>
				<timestamp>52.830968</timestamp>
			</report>
			<report>
				<misses>656001</misses>
				<total>639797</total>
				<timestamp>52.910994</timestamp>
			</report>
			<report>
				<misses>657001</misses>
				<total>640796</total>
				<timestamp>52.992683</timestamp>
			</report>
			<report>
				<misses>658001</misses>
				<total>641795</total>
				<timestamp>53.073408</timestamp>
			</report>
			<report>
				<misses>659001</misses>
				<total>642794</total>
				<timestamp>53.153988</timestamp>
			</report>
			<report>
				<misses>660001</misses>
				<total>643793</total>
				<timestamp>53.233937</timestamp>
			</report>
			<report>
				<misses>661001</misses>
				<total>644792</total>
				<timestamp>53.314023</timestamp>
			</report>
			<report>
				<misses>662001</misses>
				<total>645791</total>
				<timestamp>53.394347</timestamp>
			</report>
			<report>
				<misses>663001</misses>
				<total>646790</total>
				<timestamp>53.474724</timestamp>
			</report>
			<report>
				<misses>664001</misses>
				<total>647789</total>
				<timestamp>53.554988</timestamp>
			</report>
			<report>
				<misses>665001</misses>
				<total>648788</total>
				<timestamp>53.634988</timestamp>
			</report>
			<report>
				<misses>666001</misses>
				<total>649787</total>
				<timestamp>53.715028</timestamp>
			</report>
			<report>
				<misses>667001</misses>
				<total>650786</total>
				<timestamp>53.794960</timestamp>
			</report>
			<report>
				<misses>668001</misses>
				<total>651785</total>
				<timestamp>53.875014</timestamp>
			</report>
			<report>
				<misses>669001</misses>
				<total>652784</total>
				<timestamp>53.956402</timestamp>
			</report>
			<report>
				<misses>670001</misses>
				<total>653783</total>
				<timestamp>54.036543</timestamp>
			</report>
			<report>
				<misses>671001</misses>
				<total>654782</total>
				<timestamp>54.116531</timestamp>
			</report>
			<report>
				<misses>672001</misses>
				<total>655781</total>
				<timestamp>54.196886</timestamp>
			</report>
			<report>
				<misses>673001</misses>
				<total>656780</total>
				<timestamp>54.277081</timestamp>
			</report>
			<report>
				<misses>674001</misses>
				<total>657779</total>
				<timestamp>54.357448</timestamp>
			</report>
			<report>
				<misses>675001</misses>
				<total>658778</total>
				<timestamp>54.437476</timestamp>
			</report>
			<report>
				<misses>676001</misses>
				<total>659777</total>
				<timestamp>54.517464</timestamp>
			</report>
			<report>
				<misses>677001</misses>
				<total>660776</total>
				<timestamp>54.597456</timestamp>
			</report>
			<report>
				<misses>678001</misses>
				<total>661775</total>
				<timestamp>54.677569</timestamp>
			</report>
			<report>
				<misses>679001</misses>
				<total>662774</total>
				<timestamp>54.757584</timestamp>
			</report>
			<report>
				<misses>680001</misses>
				<total>663773</total>
				<timestamp>54.837537</timestamp>
			</report>
			<report>
				<misses>681001</misses>
				<total>664772</total>
				<timestamp>54.917663</timestamp>
			</report>
			<report>
				<misses>682001</misses>
				<total>665771</total>
				<timestamp>54.999902</timestamp>
			</report>
			<report>
				<misses>683001</misses>
				<total>666770</total>
				<timestamp>55.080826</timestamp>
			</report>
			<report>
				<misses>684001</misses>
				<total>667769</total>
				<timestamp>55.160884</timestamp>
			</report>
			<report>
				<misses>685001</misses>
				<total>668768</total>
				<timestamp>55.240946</timestamp>
			</report>
			<report>
				<misses>686001</misses>
				<total>669767</total>
				<timestamp>55.320885</timestamp>
			</report>
			<report>
				<misses>687001</misses>
				<total>670766</total>
				<timestamp>55.400938</timestamp>
			</report>
			<report>
				<misses>688001</misses>
				<total>671765</total>
				<timestamp>55.480907</timestamp>
			</report>
			<report>
				<misses>689001</misses>
				<total>672764</total>
				<timestamp>55.560926</timestamp>
			</report>
			<report>
				<misses>690001</misses>
				<total>673763</total>
				<timestamp>55.643035</timestamp>
			</report>
			<report>
				<misses>691001</misses>
				<total>674762</total>
				<timestamp>55.737383</timestamp>
			</report>
			<report>
				<misses>692001</misses>
				<total>675761</total>
				<timestamp>55.830061</timestamp>
			</report>
			<report>
				<misses>693001</misses>
				<total>676760</total>
				<timestamp>55.911205</timestamp>
			</report>
			<report>
				<misses>694001</misses>
				<total>677759</total>
				<timestamp>55.991380</timestamp>
			</report>
			<report>
				<misses>695001</misses>
				<total>678758</total>
				<timestamp>56.071448</timestamp>
			</report>
			<report>
				<misses>696001</misses>
				<total>679757</total>
				<timestamp>56.152397</timestamp>
			</report>
			<report>
				<misses>697001</misses>
				<total>680756</total>
				<timestamp>56.232826</timestamp>
			</report>
			<report>
				<misses>698001</misses>
				<total>681755</total>
				<timestamp>56.312974</timestamp>
			</report>
			<report>
				<misses>699001</misses>
				<total>682754</total>
				<timestamp>56.392982</timestamp>
			</report>
			<report>
				<misses>700001</misses>
				<total>683753</total>
				<timestamp>56.476210</timestamp>
			</report>
			<report>
				<misses>701001</misses>
				<total>684752</total>
				<timestamp>56.556991</timestamp>
			</report>
			<report>
				<misses>702001</misses>
				<total>685751</total>
				<timestamp>56.638823</timestamp>
			</report>
			<report>
				<misses>703001</misses>
				<total>686750</total>
				<timestamp>56.719008</timestamp>
			</report>
			<report>
				<misses>704001</misses>
				<total>687749</total>
				<timestamp>56.799128</timestamp>
			</report>
			<report>
				<misses>705001</misses>
				<total>688748</total>
				<timestamp>56.879426</timestamp>
			</report>
			<report>
				<misses>706001</misses>
				<total>689747</total>
				<timestamp>56.959788</timestamp>
			</report>
			<report>
				<misses>707001</misses>
				<total>690746</total>
				<timestamp>57.040382</timestamp>
			</report>
			<report>
				<misses>708001</misses>
				<total>691745</total>
				<timestamp>57.120855</timestamp>
			</report>
			<report>
				<misses>709001</misses>
				<total>692744</total>
				<timestamp>57.201328</timestamp>
			</report>
			<report>
				<misses>710001</misses>
				<total>693743</total>
				<timestamp>57.281620</timestamp>
			</report>
			<report>
				<misses>711001</misses>
				<total>694742</total>
				<timestamp>57.362148</timestamp>
			</report>
			<report>
				<misses>712001</misses>
				<total>695741</total>
				<timestamp>57.442776</timestamp>
			</report>
			<report>
				<misses>713001</misses>
				<total>696740</total>
				<timestamp>57.522749</timestamp>
			</report>
			<report>
				<misses>714001</misses>
				<total>697739</total>
				<timestamp>57.603709</timestamp>
			</report>
			<report>
				<misses>715001</misses>
				<total>698738</total>
				<timestamp>57.684016</timestamp>
			</report>
			<report>
				<misses>716001</misses>
				<total>699737</total>
				<timestamp>57.764957</timestamp>
			</report>
			<report>
				<misses>717001</misses>
				<total>700736</total>
				<timestamp>57.846352</timestamp>
			</report>
			<report>
				<misses>718001</misses>
				<total>701735</total>
				<timestamp>57.926820</timestamp>
			</report>
			<report>
				<misses>719001</misses>
				<total>702734</total>
				<timestamp>58.008763</timestamp>
			</report>
			<report>
				<misses>720001</misses>
				<total>703733</total>
				<timestamp>58.089101</timestamp>
			</report>
			<report>
				<misses>721001</misses>
				<total>704732</total>
				<timestamp>58.169091</timestamp>
			</report>
			<report>
				<misses>722001</misses>
				<total>705731</total>
				<timestamp>58.249617</timestamp>
			</report>
			<report>
				<misses>723001</misses>
				<total>706730</total>
				<timestamp>58.330721</timestamp>
			</report>
			<report>
				<misses>724001</misses>
				<total>707729</total>
				<timestamp>58.412431</timestamp>
			</report>
			<report>
				<misses>725001</misses>
				<total>708728</total>
				<timestamp>58.493610</timestamp>
			</report>
			<report>
				<misses>726001</misses>
				<total>709727</total>
				<timestamp>58.573986</timestamp>
			</report>
			<report>
				<misses>727001</misses>
				<total>710726</total>
				<timestamp>58.655537</timestamp>
			</report>
			<report>
				<misses>728001</misses>
				<total>711725</total>
				<timestamp>58.736750</timestamp>
			</report>
			<report>
				<misses>729001</misses>
				<total>712724</total>
				<timestamp>58.816743</timestamp>
			</report>
			<report>
				<misses>730001</misses>
				<total>713723</total>
				<timestamp>58.896811</timestamp>
			</report>
			<report>
				<misses>731001</misses>
				<total>714722</total>
				<timestamp>58.976834</timestamp>
			</report>
			<report>
				<misses>732001</misses>
				<total>715721</total>
				<timestamp>59.056810</timestamp>
			</report>
			<report>
				<misses>733001</misses>
				<total>716720</total>
				<timestamp>59.136858</timestamp>
			</report>
			<report>
				<misses>734001</misses>
				<total>717719</total>
				<timestamp>59.217854</timestamp>
			</report>
			<report>
				<misses>735001</misses>
				<total>718718</total>
				<timestamp>59.298467</timestamp>
			</report>
			<report>
				<misses>736001</misses>
				<total>719717</total>
				<timestamp>59.378509</timestamp>
			</report>
			<report>
				<misses>737001</misses>
				<total>720716</total>
				<timestamp>59.459054</timestamp>
			</report>
			<report>
				<misses>738001</misses>
				<total>721715</total>
				<timestamp>59.539049</timestamp>
			</report>
			<report>
				<misses>739001</misses>
				<total>722714</total>
				<timestamp>59.626387</timestamp>
			</report>
			<report>
				<misses>740001</misses>
				<total>723713</total>
				<timestamp>59.706491</timestamp>
			</report>
			<report>
				<misses>741001</misses>
				<total>724712</total>
				<timestamp>59.786571</timestamp>
			</report>
			<report>
				<misses>742001</misses>
				<total>725711</total>
				<timestamp>59.868014</timestamp>
			</report>
			<report>
				<misses>743001</misses>
				<total>726710</total>
				<timestamp>59.948456</timestamp>
			</report>
			<report>
				<misses>744001</misses>
				<total>727709</total>
				<timestamp>60.032464</timestamp>
			</report>
			<report>
				<misses>745001</misses>
				<total>728708</total>
				<timestamp>60.113432</timestamp>
			</report>
			<report>
				<misses>746001</misses>
				<total>729707</total>
				<timestamp>60.193485</timestamp>
			</report>
			<report>
				<misses>747001</misses>
				<total>730706</total>
				<timestamp>60.273450</timestamp>
			</report>
			<report>
				<misses>748001</misses>
				<total>731705</total>
				<timestamp>60.360814</timestamp>
			</report>
			<report>
				<misses>749001</misses>
				<total>732704</total>
				<timestamp>60.447311</timestamp>
			</report>
			<report>
				<misses>750001</misses>
				<total>733703</total>
				<timestamp>60.533003</timestamp>
			</report>
			<report>
				<misses>751001</misses>
				<total>734702</total>
				<timestamp>60.613015</timestamp>
			</report>
			<report>
				<misses>752001</misses>
				<total>735701</total>
				<timestamp>60.693084</timestamp>
			</report>
			<report>
				<misses>753001</misses>
				<total>736700</total>
				<timestamp>60.774997</timestamp>
			</report>
			<report>
				<misses>754001</misses>
				<total>737699</total>
				<timestamp>60.855049</timestamp>
			</report>
			<report>
				<misses>755001</misses>
				<total>738676</total>
				<timestamp>60.935122</timestamp>
			</report>
			<report>
				<misses>756001</misses>
				<total>739675</total>
				<timestamp>61.015471</timestamp>
			</report>
			<report>
				<misses>757001</misses>
				<total>740674</total>
				<timestamp>61.095500</timestamp>
			</report>
			<report>
				<misses>758001</misses>
				<total>741673</total>
				<timestamp>61.175476</timestamp>
			</report>
			<report>
				<misses>759001</misses>
				<total>742672</total>
				<timestamp>61.255450</timestamp>
			</report>
			<report>
				<misses>760001</misses>
				<total>743671</total>
				<timestamp>61.335853</timestamp>
			</report>
			<report>
				<misses>761001</misses>
				<total>744670</total>
				<timestamp>61.416637</timestamp>
			</report>
			<report>
				<misses>762001</misses>
				<total>744713</total>
				<timestamp>61.496930</timestamp>
			</report>
			<report>
				<misses>763001</misses>
				<total>745551</total>
				<timestamp>61.576992</timestamp>
			</report>
			<report>
				<misses>764001</misses>
				<total>746550</total>
				<timestamp>61.657013</timestamp>
			</report>
			<report>
				<misses>765001</misses>
				<total>747549</total>
				<timestamp>61.738446</timestamp>
			</report>
			<report>
				<misses>766001</misses>
				<total>748548</total>
				<timestamp>61.819215</timestamp>
			</report>
			<report>
				<misses>767001</misses>
				<total>749547</total>
				<timestamp>61.899311</timestamp>
			</report>
			<report>
				<misses>768001</misses>
				<total>750332</total>
				<timestamp>61.979377</timestamp>
			</report>
			<report>
				<misses>769001</misses>
				<total>751331</total>
				<timestamp>62.059433</timestamp>
			</report>
			<report>
				<misses>770001</misses>
				<total>752330</total>
				<timestamp>62.139446</timestamp>
			</report>
			<report>
				<misses>771001</misses>
				<total>753329</total>
				<timestamp>62.220088</timestamp>
			</report>
			<report>
				<misses>772001</misses>
				<total>754328</total>
				<timestamp>62.300276</timestamp>
			</report>
			<report>
				<misses>773001</misses>
				<total>755327</total>
				<timestamp>62.380379</timestamp>
			</report>
			<report>
				<misses>774001</misses>
				<total>756326</total>
				<timestamp>62.460990</timestamp>
			</report>
			<report>
				<misses>775001</misses>
				<total>757325</total>
				<timestamp>62.541019</timestamp>
			</report>
			<report>
				<misses>776001</misses>
				<total>758324</total>
				<timestamp>62.620999</timestamp>
			</report>
			<report>
				<misses>777001</misses>
				<total>759323</total>
				<timestamp>62.701258</timestamp>
			</report>
			<report>
				<misses>778001</misses>
				<total>760322</total>
				<timestamp>62.781433</timestamp>
			</report>
			<report>
				<misses>779001</misses>
				<total>761321</total>
				<timestamp>62.862943</timestamp>
			</report>
			<report>
				<misses>780001</misses>
				<total>762320</total>
				<timestamp>62.943002</timestamp>
			</report>
			<report>
				<misses>781001</misses>
				<total>763319</total>
				<timestamp>63.023450</timestamp>
			</report>
			<report>
				<misses>782001</misses>
				<total>764318</total>
				<timestamp>63.103530</timestamp>
			</report>
			<report>
				<misses>783001</misses>
				<total>765317</total>
				<timestamp>63.183660</timestamp>
			</report>
			<report>
				<misses>784001</misses>
				<total>766316</total>
				<timestamp>63.263620</timestamp>
			</report>
			<report>
				<misses>785001</misses>
				<total>767315</total>
				<timestamp>63.343647</timestamp>
			</report>
			<report>
				<misses>786001</misses>
				<total>768314</total>
				<timestamp>63.424882</timestamp>
			</report>
			<report>
				<misses>787001</misses>
				<total>769313</total>
				<timestamp>63.506093</timestamp>
			</report>
			<report>
				<misses>788001</misses>
				<total>770312</total>
				<timestamp>63.586730</timestamp>
			</report>
			<report>
				<misses>789001</misses>
				<total>771311</total>
				<timestamp>63.666746</timestamp>
			</report>
			<report>
				<misses>790001</misses>
				<total>772310</total>
				<timestamp>63.746860</timestamp>
			</report>
			<report>
				<misses>791001</misses>
				<total>773309</total>
				<timestamp>63.827328</timestamp>
			</report>
			<report>
				<misses>792001</misses>
				<total>774308</total>
				<timestamp>63.907520</timestamp>
			</report>
			<report>
				<misses>793001</misses>
				<total>775307</total>
				<timestamp>63.988303</timestamp>
			</report>
			<report>
				<misses>794001</misses>
				<total>776306</total>
				<timestamp>64.068700</timestamp>
			</report>
			<report>
				<misses>795001</misses>
				<total>777305</total>
				<timestamp>64.148788</timestamp>
			</report>
			<report>
				<misses>796001</misses>
				<total>778304</total>
				<timestamp>64.228757</timestamp>
			</report>
			<report>
				<misses>797001</misses>
				<total>779303</total>
				<timestamp>64.308951</timestamp>
			</report>
			<report>
				<misses>798001</misses>
				<total>780302</total>
				<timestamp>64.389961</timestamp>
			</report>
			<report>
				<misses>799001</misses>
				<total>781301</total>
				<timestamp>64.472421</timestamp>
			</report>
			<report>
				<misses>800001</misses>
				<total>782300</total>
				<timestamp>64.552724</timestamp>
			</report>
			<report>
				<misses>801001</misses>
				<total>783299</total>
				<timestamp>64.632791</timestamp>
			</report>
			<report>
				<misses>802001</misses>
				<total>784298</total>
				<timestamp>64.714632</timestamp>
			</report>
			<report>
				<misses>803001</misses>
				<total>785297</total>
				<timestamp>64.795360</timestamp>
			</report>
			<report>
				<misses>804001</misses>
				<total>786296</total>
				<timestamp>64.877789</timestamp>
			</report>
			<report>
				<misses>805001</misses>
				<total>787295</total>
				<timestamp>64.957843</timestamp>
			</report>
			<report>
				<misses>806001</misses>
				<total>788294</total>
				<timestamp>65.042473</timestamp>
			</report>
			<report>
				<misses>807001</misses>
				<total>789293</total>
				<timestamp>65.123014</timestamp>
			</report>
			<report>
				<misses>808001</misses>
				<total>790292</total>
				<timestamp>65.203696</timestamp>
			</report>
			<report>
				<misses>809001</misses>
				<total>791291</total>
				<timestamp>65.284606</timestamp>
			</report>
			<report>
				<misses>810001</misses>
				<total>792290</total>
				<timestamp>65.364618</timestamp>
			</report>
			<report>
				<misses>811001</misses>
				<total>793289</total>
				<timestamp>65.444565</timestamp>
			</report>
			<report>
				<misses>812001</misses>
				<total>794288</total>
				<timestamp>65.524732</timestamp>
			</report>
			<report>
				<misses>813001</misses>
				<total>795287</total>
				<timestamp>65.605525</timestamp>
			</report>
			<report>
				<misses>814001</misses>
				<total>796286</total>
				<timestamp>65.685519</timestamp>
			</report>
			<report>
				<misses>815001</misses>
				<total>797285</total>
				<timestamp>65.766622</timestamp>
			</report>
			<report>
				<misses>816001</misses>
				<total>798284</total>
				<timestamp>65.846988</timestamp>
			</report>
			<report>
				<misses>817001</misses>
				<total>799283</total>
				<timestamp>65.927164</timestamp>
			</report>
			<report>
				<misses>818001</misses>
				<total>800282</total>
				<timestamp>66.007277</timestamp>
			</report>
			<report>
				<misses>819001</misses>
				<total>801281</total>
				<timestamp>66.087558</timestamp>
			</report>
			<report>
				<misses>820001</misses>
				<total>802280</total>
				<timestamp>66.168024</timestamp>
			</report>
			<report>
				<misses>821001</misses>
				<total>803279</total>
				<timestamp>66.248037</timestamp>
			</report>
			<report>
				<misses>822001</misses>
				<total>804278</total>
				<timestamp>66.328308</timestamp>
			</report>
			<report>
				<misses>823001</misses>
				<total>805277</total>
				<timestamp>66.408658</timestamp>
			</report>
			<report>
				<misses>824001</misses>
				<total>806276</total>
				<timestamp>66.489667</timestamp>
			</report>
			<report>
				<misses>825001</misses>
				<total>807275</total>
				<timestamp>66.570799</timestamp>
			</report>
			<report>
				<misses>826001</misses>
				<total>808274</total>
				<timestamp>66.651006</timestamp>
			</report>
			<report>
				<misses>827001</misses>
				<total>809273</total>
				<timestamp>66.730980</timestamp>
			</report>
			<report>
				<misses>828001</misses>
				<total>810272</total>
				<timestamp>66.811597</timestamp>
			</report>
			<report>
				<misses>829001</misses>
				<total>811271</total>
				<timestamp>66.893238</timestamp>
			</report>
			<report>
				<misses>830001</misses>
				<total>812270</total>
				<timestamp>66.973279</timestamp>
			</report>
			<report>
				<misses>831001</misses>
				<total>813269</total>
				<timestamp>67.053376</timestamp>
			</report>
			<report>
				<misses>832001</misses>
				<total>814268</total>
				<timestamp>67.134840</timestamp>
			</report>
			<report>
				<misses>833001</misses>
				<total>815267</total>
				<timestamp>67.223554</timestamp>
			</report>
			<report>
				<misses>834001</misses>
				<total>816266</total>
				<timestamp>67.304271</timestamp>
			</report>
			<report>
				<misses>835001</misses>
				<total>817265</total>
				<timestamp>67.384581</timestamp>
			</report>
			<report>
				<misses>836001</misses>
				<total>818264</total>
				<timestamp>67.464568</timestamp>
			</report>
			<report>
				<misses>837001</misses>
				<total>819263</total>
				<timestamp>67.547128</timestamp>
			</report>
			<report>
				<misses>838001</misses>
				<total>820262</total>
				<timestamp>67.628490</timestamp>
			</report>
			<report>
				<misses>839001</misses>
				<total>821261</total>
				<timestamp>67.709407</timestamp>
			</report>
			<report>
				<misses>840001</misses>
				<total>822260</total>
				<timestamp>67.790553</timestamp>
			</report>
			<report>
				<misses>841001</misses>
				<total>823259</total>
				<timestamp>67.870664</timestamp>
			</report>
			<report>
				<misses>842001</misses>
				<total>824258</total>
				<timestamp>67.953978</timestamp>
			</report>
			<report>
				<misses>843001</misses>
				<total>825257</total>
				<timestamp>68.034495</timestamp>
			</report>
			<report>
				<misses>844001</misses>
				<total>826256</total>
				<timestamp>68.117011</timestamp>
			</report>
			<report>
				<misses>845001</misses>
				<total>827255</total>
				<timestamp>68.197083</timestamp>
			</report>
			<report>
				<misses>846001</misses>
				<total>828254</total>
				<timestamp>68.277307</timestamp>
			</report>
			<report>
				<misses>847001</misses>
				<total>829253</total>
				<timestamp>68.357494</timestamp>
			</report>
			<report>
				<misses>848001</misses>
				<total>830252</total>
				<timestamp>68.438691</timestamp>
			</report>
			<report>
				<misses>849001</misses>
				<total>831251</total>
				<timestamp>68.519605</timestamp>
			</report>
			<report>
				<misses>850001</misses>
				<total>832250</total>
				<timestamp>68.599643</timestamp>
			</report>
			<report>
				<misses>851001</misses>
				<total>833249</total>
				<timestamp>68.680706</timestamp>
			</report>
			<report>
				<misses>852001</misses>
				<total>834248</total>
				<timestamp>68.760662</timestamp>
			</report>
			<report>
				<misses>853001</misses>
				<total>835247</total>
				<timestamp>68.844021</timestamp>
			</report>
			<report>
				<misses>854001</misses>
				<total>836246</total>
				<timestamp>68.928404</timestamp>
			</report>
			<report>
				<misses>855001</misses>
				<total>837245</total>
				<timestamp>69.013879</timestamp>
			</report>
			<report>
				<misses>856001</misses>
				<total>838244</total>
				<timestamp>69.094309</timestamp>
			</report>
			<report>
				<misses>857001</misses>
				<total>839243</total>
				<timestamp>69.175769</timestamp>
			</report>
			<report>
				<misses>858001</misses>
				<total>840242</total>
				<timestamp>69.255779</timestamp>
			</report>
			<report>
				<misses>859001</misses>
				<total>841241</total>
				<timestamp>69.335960</timestamp>
			</report>
			<report>
				<misses>860001</misses>
				<total>842240</total>
				<timestamp>69.415946</timestamp>
			</report>
			<report>
				<misses>861001</misses>
				<total>843239</total>
				<timestamp>69.497830</timestamp>
			</report>
			<report>
				<misses>862001</misses>
				<total>844238</total>
				<timestamp>69.579139</timestamp>
			</report>
			<report>
				<misses>863001</misses>
				<total>845237</total>
				<timestamp>69.659295</timestamp>
			</report>
			<report>
				<misses>864001</misses>
				<total>846236</total>
				<timestamp>69.739581</timestamp>
			</report>
			<report>
				<misses>865001</misses>
				<total>847235</total>
				<timestamp>69.821090</timestamp>
			</report>
			<report>
				<misses>866001</misses>
				<total>848234</total>
				<timestamp>69.901085</timestamp>
			</report>
			<report>
				<misses>867001</misses>
				<total>849233</total>
				<timestamp>69.982368</timestamp>
			</report>
			<report>
				<misses>868001</misses>
				<total>850232</total>
				<timestamp>70.062905</timestamp>
			</report>
			<report>
				<misses>869001</misses>
				<total>851231</total>
				<timestamp>70.147227</timestamp>
			</report>
			<report>
				<misses>870001</misses>
				<total>852230</total>
				<timestamp>70.227278</timestamp>
			</report>
			<report>
				<misses>871001</misses>
				<total>853229</total>
				<timestamp>70.307402</timestamp>
			</report>
			<report>
				<misses>872001</misses>
				<total>854228</total>
				<timestamp>70.387430</timestamp>
			</report>
			<report>
				<misses>873001</misses>
				<total>855227</total>
				<timestamp>70.467799</timestamp>
			</report>
			<report>
				<misses>874001</misses>
				<total>856226</total>
				<timestamp>70.549358</timestamp>
			</report>
			<report>
				<misses>875001</misses>
				<total>857225</total>
				<timestamp>70.631148</timestamp>
			</report>
			<report>
				<misses>876001</misses>
				<total>858224</total>
				<timestamp>70.716449</timestamp>
			</report>
			<report>
				<misses>877001</misses>
				<total>859223</total>
				<timestamp>70.796692</timestamp>
			</report>
			<report>
				<misses>878001</misses>
				<total>860222</total>
				<timestamp>70.876742</timestamp>
			</report>
			<report>
				<misses>879001</misses>
				<total>861221</total>
				<timestamp>70.958235</timestamp>
			</report>
			<report>
				<misses>880001</misses>
				<total>862220</total>
				<timestamp>71.038588</timestamp>
			</report>
			<report>
				<misses>881001</misses>
				<total>863219</total>
				<timestamp>71.120366</timestamp>
			</report>
			<report>
				<misses>882001</misses>
				<total>864218</total>
				<timestamp>71.201479</timestamp>
			</report>
			<report>
				<misses>883001</misses>
				<total>865217</total>
				<timestamp>71.283414</timestamp>
			</report>
			<report>
				<misses>884001</misses>
				<total>866216</total>
				<timestamp>71.363994</timestamp>
			</report>
			<report>
				<misses>885001</misses>
				<total>867215</total>
				<timestamp>71.444044</timestamp>
			</report>
			<report>
				<misses>886001</misses>
				<total>868214</total>
				<timestamp>71.525015</timestamp>
			</report>
			<report>
				<misses>887001</misses>
				<total>869213</total>
				<timestamp>71.606267</timestamp>
			</report>
			<report>
				<misses>888001</misses>
				<total>870212</total>
				<timestamp>71.686636</timestamp>
			</report>
			<report>
				<misses>889001</misses>
				<total>871211</total>
				<timestamp>71.768362</timestamp>
			</report>
			<report>
				<misses>890001</misses>
				<total>872210</total>
				<timestamp>71.849353</timestamp>
			</report>
			<report>
				<misses>891001</misses>
				<total>873209</total>
				<timestamp>71.929374</timestamp>
			</report>
			<report>
				<misses>892001</misses>
				<total>874208</total>
				<timestamp>72.009640</timestamp>
			</report>
			<report>
				<misses>893001</misses>
				<total>875207</total>
				<timestamp>72.091014</timestamp>
			</report>
			<report>
				<misses>894001</misses>
				<total>876206</total>
				<timestamp>72.171781</timestamp>
			</report>
			<report>
				<misses>895001</misses>
				<total>877205</total>
				<timestamp>72.254755</timestamp>
			</report>
			<report>
				<misses>896001</misses>
				<total>878204</total>
				<timestamp>72.334750</timestamp>
			</report>
			<report>
				<misses>897001</misses>
				<total>879203</total>
				<timestamp>72.414741</timestamp>
			</report>
			<report>
				<misses>898001</misses>
				<total>880202</total>
				<timestamp>72.495213</timestamp>
			</report>
			<report>
				<misses>899001</misses>
				<total>881201</total>
				<timestamp>72.576111</timestamp>
			</report>
			<report>
				<misses>900001</misses>
				<total>882200</total>
				<timestamp>72.657891</timestamp>
			</report>
			<report>
				<misses>901001</misses>
				<total>883199</total>
				<timestamp>72.743560</timestamp>
			</report>
			<report>
				<misses>902001</misses>
				<total>884198</total>
				<timestamp>72.826839</timestamp>
			</report>
			<report>
				<misses>903001</misses>
				<total>885197</total>
				<timestamp>72.907859</timestamp>
			</report>
			<report>
				<misses>904001</misses>
				<total>886196</total>
				<timestamp>72.991534</timestamp>
			</report>
			<report>
				<misses>905001</misses>
				<total>887195</total>
				<timestamp>73.072614</timestamp>
			</report>
			<report>
				<misses>906001</misses>
				<total>888194</total>
				<timestamp>73.152579</timestamp>
			</report>
			<report>
				<misses>907001</misses>
				<total>889193</total>
				<timestamp>73.232604</timestamp>
			</report>
			<report>
				<misses>908001</misses>
				<total>890192</total>
				<timestamp>73.312591</timestamp>
			</report>
			<report>
				<misses>909001</misses>
				<total>891191</total>
				<timestamp>73.396361</timestamp>
			</report>
			<report>
				<misses>910001</misses>
				<total>892190</total>
				<timestamp>73.490867</timestamp>
			</report>
			<report>
				<misses>911001</misses>
				<total>893189</total>
				<timestamp>73.574810</timestamp>
			</report>
			<report>
				<misses>912001</misses>
				<total>894188</total>
				<timestamp>73.654822</timestamp>
			</report>
			<report>
				<misses>913001</misses>
				<total>895187</total>
				<timestamp>73.734866</timestamp>
			</report>
			<report>
				<misses>914001</misses>
				<total>896186</total>
				<timestamp>73.817365</timestamp>
			</report>
			<report>
				<misses>915001</misses>
				<total>897185</total>
				<timestamp>73.897374</timestamp>
			</report>
			<report>
				<misses>916001</misses>
				<total>898184</total>
				<timestamp>73.977372</timestamp>
			</report>
			<report>
				<misses>917001</misses>
				<total>899183</total>
				<timestamp>74.057533</timestamp>
			</report>
			<report>
				<misses>918001</misses>
				<total>900182</total>
				<timestamp>74.139514</timestamp>
			</report>
			<report>
				<misses>919001</misses>
				<total>901181</total>
				<timestamp>74.222297</timestamp>
			</report>
			<report>
				<misses>920001</misses>
				<total>902180</total>
				<timestamp>74.305419</timestamp>
			</report>
			<report>
				<misses>921001</misses>
				<total>903179</total>
				<timestamp>74.386875</timestamp>
			</report>
			<report>
				<misses>922001</misses>
				<total>904178</total>
				<timestamp>74.475857</timestamp>
			</report>
			<report>
				<misses>923001</misses>
				<total>905177</total>
				<timestamp>74.555976</timestamp>
			</report>
			<report>
				<misses>924001</misses>
				<total>906176</total>
				<timestamp>74.635970</timestamp>
			</report>
			<report>
				<misses>925001</misses>
				<total>907175</total>
				<timestamp>74.715988</timestamp>
			</report>
			<report>
				<misses>926001</misses>
				<total>908174</total>
				<timestamp>74.795952</timestamp>
			</report>
			<report>
				<misses>927001</misses>
				<total>909173</total>
				<timestamp>74.876097</timestamp>
			</report>
			<report>
				<misses>928001</misses>
				<total>910172</total>
				<timestamp>74.956276</timestamp>
			</report>
			<report>
				<misses>929001</misses>
				<total>911171</total>
				<timestamp>75.036279</timestamp>
			</report>
			<report>
				<misses>930001</misses>
				<total>912170</total>
				<timestamp>75.116350</timestamp>
			</report>
			<report>
				<misses>931001</misses>
				<total>913169</total>
				<timestamp>75.196406</timestamp>
			</report>
			<report>
				<misses>932001</misses>
				<total>914168</total>
				<timestamp>75.278111</timestamp>
			</report>
			<report>
				<misses>933001</misses>
				<total>915167</total>
				<timestamp>75.358971</timestamp>
			</report>
			<report>
				<misses>934001</misses>
				<total>916166</total>
				<timestamp>75.439435</timestamp>
			</report>
			<report>
				<misses>935001</misses>
				<total>917165</total>
				<timestamp>75.519431</timestamp>
			</report>
			<report>
				<misses>936001</misses>
				<total>918164</total>
				<timestamp>75.599408</timestamp>
			</report>
			<report>
				<misses>937001</misses>
				<total>919163</total>
				<timestamp>75.679390</timestamp>
			</report>
			<report>
				<misses>938001</misses>
				<total>920162</total>
				<timestamp>75.759454</timestamp>
			</report>
			<report>
				<misses>939001</misses>
				<total>921161</total>
				<timestamp>75.840975</timestamp>
			</report>
			<report>
				<misses>940001</misses>
				<total>922160</total>
				<timestamp>75.922206</timestamp>
			</report>
			<report>
				<misses>941001</misses>
				<total>923159</total>
				<timestamp>76.002254</timestamp>
			</report>
			<report>
				<misses>942001</misses>
				<total>924158</total>
				<timestamp>76.083884</timestamp>
			</report>
			<report>
				<misses>943001</misses>
				<total>925157</total>
				<timestamp>76.164385</timestamp>
			</report>
			<report>
				<misses>944001</misses>
				<total>926156</total>
				<timestamp>76.244348</timestamp>
			</report>
			<report>
				<misses>945001</misses>
				<total>927155</total>
				<timestamp>76.324415</timestamp>
			</report>
			<report>
				<misses>946001</misses>
				<total>928154</total>
				<timestamp>76.404635</timestamp>
			</report>
			<report>
				<misses>947001</misses>
				<total>929153</total>
				<timestamp>76.484810</timestamp>
			</report>
			<report>
				<misses>948001</misses>
				<total>930152</total>
				<timestamp>76.564862</timestamp>
			</report>
			<report>
				<misses>949001</misses>
				<total>931151</total>
				<timestamp>76.647346</timestamp>
			</report>
			<report>
				<misses>950001</misses>
				<total>932150</total>
				<timestamp>76.727403</timestamp>
			</report>
			<report>
				<misses>951001</misses>
				<total>933149</total>
				<timestamp>76.809256</timestamp>
			</report>
			<report>
				<misses>952001</misses>
				<total>934148</total>
				<timestamp>76.893844</timestamp>
			</report>
			<report>
				<misses>953001</misses>
				<total>935147</total>
				<timestamp>76.974602</timestamp>
			</report>
			<report>
				<misses>954001</misses>
				<total>936146</total>
				<timestamp>77.054569</timestamp>
			</report>
			<report>
				<misses>955001</misses>
				<total>937145</total>
				<timestamp>77.134574</timestamp>
			</report>
			<report>
				<misses>956001</misses>
				<total>938144</total>
				<timestamp>77.214574</timestamp>
			</report>
			<report>
				<misses>957001</misses>
				<total>939143</total>
				<timestamp>77.296376</timestamp>
			</report>
			<report>
				<misses>958001</misses>
				<total>940142</total>
				<timestamp>77.377269</timestamp>
			</report>
			<report>
				<misses>959001</misses>
				<total>941141</total>
				<timestamp>77.457354</timestamp>
			</report>
			<report>
				<misses>960001</misses>
				<total>942140</total>
				<timestamp>77.537356</timestamp>
			</report>
			<report>
				<misses>961001</misses>
				<total>943139</total>
				<timestamp>77.617403</timestamp>
			</report>
			<report>
				<misses>962001</misses>
				<total>944138</total>
				<timestamp>77.697483</timestamp>
			</report>
			<report>
				<misses>963001</misses>
				<total>945137</total>
				<timestamp>77.777472</timestamp>
			</report>
			<report>
				<misses>964001</misses>
				<total>946136</total>
				<timestamp>77.857488</timestamp>
			</report>
			<report>
				<misses>965001</misses>
				<total>947135</total>
				<timestamp>77.937460</timestamp>
			</report>
			<report>
				<misses>966001</misses>
				<total>948134</total>
				<timestamp>78.018194</timestamp>
			</report>
			<report>
				<misses>967001</misses>
				<total>949133</total>
				<timestamp>78.098394</timestamp>
			</report>
			<report>
				<misses>968001</misses>
				<total>950132</total>
				<timestamp>78.178398</timestamp>
			</report>
			<report>
				<misses>969001</misses>
				<total>951131</total>
				<timestamp>78.258417</timestamp>
			</report>
			<report>
				<misses>970001</misses>
				<total>952130</total>
				<timestamp>78.338431</timestamp>
			</report>
			<report>
				<misses>971001</misses>
				<total>953129</total>
				<timestamp>78.418581</timestamp>
			</report>
			<report>
				<misses>972001</misses>
				<total>954128</total>
				<timestamp>78.498635</timestamp>
			</report>
			<report>
				<misses>973001</misses>
				<total>955127</total>
				<timestamp>78.580256</timestamp>
			</report>
			<report>
				<misses>974001</misses>
				<total>956126</total>
				<timestamp>78.660975</timestamp>
			</report>
			<report>
				<misses>975001</misses>
				<total>957125</total>
				<timestamp>78.744490</timestamp>
			</report>
			<report>
				<misses>976001</misses>
				<total>958124</total>
				<timestamp>78.825214</timestamp>
			</report>
			<report>
				<misses>977001</misses>
				<total>959123</total>
				<timestamp>78.906033</timestamp>
			</report>
			<report>
				<misses>978001</misses>
				<total>960122</total>
				<timestamp>78.986695</timestamp>
			</report>
			<report>
				<misses>979001</misses>
				<total>961121</total>
				<timestamp>79.066862</timestamp>
			</report>
			<report>
				<misses>980001</misses>
				<total>962120</total>
				<timestamp>79.146820</timestamp>
			</report>
			<report>
				<misses>981001</misses>
				<total>963119</total>
				<timestamp>79.227361</timestamp>
			</report>
			<report>
				<misses>982001</misses>
				<total>964118</total>
				<timestamp>79.307693</timestamp>
			</report>
			<report>
				<misses>983001</misses>
				<total>965117</total>
				<timestamp>79.388299</timestamp>
			</report>
			<report>
				<misses>984001</misses>
				<total>966116</total>
				<timestamp>79.468439</timestamp>
			</report>
			<report>
				<misses>985001</misses>
				<total>967115</total>
				<timestamp>79.548447</timestamp>
			</report>
			<report>
				<misses>986001</misses>
				<total>968114</total>
				<timestamp>79.628589</timestamp>
			</report>
			<report>
				<misses>987001</misses>
				<total>969113</total>
				<timestamp>79.708602</timestamp>
			</report>
			<report>
				<misses>988001</misses>
				<total>970112</total>
				<timestamp>79.788839</timestamp>
			</report>
			<report>
				<misses>989001</misses>
				<total>971111</total>
				<timestamp>79.868824</timestamp>
			</report>
			<report>
				<misses>990001</misses>
				<total>972110</total>
				<timestamp>79.948979</timestamp>
			</report>
			<report>
				<misses>991001</misses>
				<total>973109</total>
				<timestamp>80.029184</timestamp>
			</report>
			<report>
				<misses>992001</misses>
				<total>974108</total>
				<timestamp>80.109183</timestamp>
			</report>
			<report>
				<misses>993001</misses>
				<total>975107</total>
				<timestamp>80.189359</timestamp>
			</report>
			<report>
				<misses>994001</misses>
				<total>976106</total>
				<timestamp>80.270570</timestamp>
			</report>
			<report>
				<misses>995001</misses>
				<total>977105</total>
				<timestamp>80.352357</timestamp>
			</report>
			<report>
				<misses>996001</misses>
				<total>978104</total>
				<timestamp>80.432725</timestamp>
			</report>
			<report>
				<misses>997001</misses>
				<total>979103</total>
				<timestamp>80.512816</timestamp>
			</report>
			<report>
				<misses>998001</misses>
				<total>980102</total>
				<timestamp>80.592869</timestamp>
			</report>
			<report>
				<misses>999001</misses>
				<total>981101</total>
				<timestamp>80.673226</timestamp>
			</report>
			<report>
				<misses>1000001</misses>
				<total>982100</total>
				<timestamp>80.753378</timestamp>
			</report>
			<report>
				<misses>1001001</misses>
				<total>983099</total>
				<timestamp>80.833744</timestamp>
			</report>
			<report>
				<misses>1002001</misses>
				<total>984098</total>
				<timestamp>80.913834</timestamp>
			</report>
			<report>
				<misses>1003001</misses>
				<total>985097</total>
				<timestamp>80.993963</timestamp>
			</report>
			<report>
				<misses>1004001</misses>
				<total>986096</total>
				<timestamp>81.073983</timestamp>
			</report>
			<report>
				<misses>1005001</misses>
				<total>987095</total>
				<timestamp>81.154013</timestamp>
			</report>
			<report>
				<misses>1006001</misses>
				<total>988094</total>
				<timestamp>81.234157</timestamp>
			</report>
			<report>
				<misses>1007001</misses>
				<total>989093</total>
				<timestamp>81.314317</timestamp>
			</report>
			<report>
				<misses>1008001</misses>
				<total>990092</total>
				<timestamp>81.394328</timestamp>
			</report>
			<report>
				<misses>1009001</misses>
				<total>991091</total>
				<timestamp>81.474387</timestamp>
			</report>
			<report>
				<misses>1010001</misses>
				<total>992090</total>
				<timestamp>81.554393</timestamp>
			</report>
			<report>
				<misses>1011001</misses>
				<total>993089</total>
				<timestamp>81.634400</timestamp>
			</report>
			<report>
				<misses>1012001</misses>
				<total>994088</total>
				<timestamp>81.714473</timestamp>
			</report>
			<report>
				<misses>1013001</misses>
				<total>995087</total>
				<timestamp>81.794514</timestamp>
			</report>
			<report>
				<misses>1014001</misses>
				<total>996086</total>
				<timestamp>81.874747</timestamp>
			</report>
			<report>
				<misses>1015001</misses>
				<total>997085</total>
				<timestamp>81.955229</timestamp>
			</report>
			<report>
				<misses>1016001</misses>
				<total>998084</total>
				<timestamp>82.035271</timestamp>
			</report>
			<report>
				<misses>1017001</misses>
				<total>999083</total>
				<timestamp>82.115752</timestamp>
			</report>
			<report>
				<misses>1018001</misses>
				<total>1000082</total>
				<timestamp>82.197188</timestamp>
			</report>
			<report>
				<misses>1019001</misses>
				<total>1001081</total>
				<timestamp>82.277738</timestamp>
			</report>
			<report>
				<misses>1020001</misses>
				<total>1002080</total>
				<timestamp>82.357688</timestamp>
			</report>
			<report>
				<misses>1021001</misses>
				<total>1003079</total>
				<timestamp>82.437782</timestamp>
			</report>
			<report>
				<misses>1022001</misses>
				<total>1004078</total>
				<timestamp>82.517760</timestamp>
			</report>
			<report>
				<misses>1023001</misses>
				<total>1005077</total>
				<timestamp>82.597748</timestamp>
			</report>
			<report>
				<misses>1024001</misses>
				<total>1006076</total>
				<timestamp>82.677713</timestamp>
			</report>
			<report>
				<misses>1025001</misses>
				<total>1007075</total>
				<timestamp>82.757777</timestamp>
			</report>
			<report>
				<misses>1026001</misses>
				<total>1008074</total>
				<timestamp>82.837865</timestamp>
			</report>
			<report>
				<misses>1027001</misses>
				<total>1009073</total>
				<timestamp>82.917858</timestamp>
			</report>
			<report>
				<misses>1028001</misses>
				<total>1010072</total>
				<timestamp>82.998198</timestamp>
			</report>
			<report>
				<misses>1029001</misses>
				<total>1011071</total>
				<timestamp>83.079451</timestamp>
			</report>
			<report>
				<misses>1030001</misses>
				<total>1012070</total>
				<timestamp>83.160202</timestamp>
			</report>
			<report>
				<misses>1031001</misses>
				<total>1013069</total>
				<timestamp>83.240254</timestamp>
			</report>
			<report>
				<misses>1032001</misses>
				<total>1014068</total>
				<timestamp>83.321436</timestamp>
			</report>
			<report>
				<misses>1033001</misses>
				<total>1015067</total>
				<timestamp>83.404089</timestamp>
			</report>
			<report>
				<misses>1034001</misses>
				<total>1016066</total>
				<timestamp>83.484825</timestamp>
			</report>
			<report>
				<misses>1035001</misses>
				<total>1017065</total>
				<timestamp>83.564815</timestamp>
			</report>
			<report>
				<misses>1036001</misses>
				<total>1018064</total>
				<timestamp>83.644973</timestamp>
			</report>
			<report>
				<misses>1037001</misses>
				<total>1019063</total>
				<timestamp>83.725096</timestamp>
			</report>
			<report>
				<misses>1038001</misses>
				<total>1020062</total>
				<timestamp>83.805225</timestamp>
			</report>
			<report>
				<misses>1039001</misses>
				<total>1021061</total>
				<timestamp>83.886565</timestamp>
			</report>
			<report>
				<misses>1040001</misses>
				<total>1022060</total>
				<timestamp>83.966563</timestamp>
			</report>
			<report>
				<misses>1041001</misses>
				<total>1023059</total>
				<timestamp>84.046566</timestamp>
			</report>
			<report>
				<misses>1042001</misses>
				<total>1024058</total>
				<timestamp>84.126897</timestamp>
			</report>
			<report>
				<misses>1043001</misses>
				<total>1025057</total>
				<timestamp>84.207748</timestamp>
			</report>
			<report>
				<misses>1044001</misses>
				<total>1026056</total>
				<timestamp>84.287840</timestamp>
			</report>
			<report>
				<misses>1045001</misses>
				<total>1027055</total>
				<timestamp>84.368615</timestamp>
			</report>
			<report>
				<misses>1046001</misses>
				<total>1028054</total>
				<timestamp>84.448697</timestamp>
			</report>
			<report>
				<misses>1047001</misses>
				<total>1029053</total>
				<timestamp>84.528702</timestamp>
			</report>
			<report>
				<misses>1048001</misses>
				<total>1030052</total>
				<timestamp>84.608677</timestamp>
			</report>
			<report>
				<misses>1049001</misses>
				<total>1031051</total>
				<timestamp>84.688802</timestamp>
			</report>
			<report>
				<misses>1050001</misses>
				<total>1032050</total>
				<timestamp>84.770699</timestamp>
			</report>
			<report>
				<misses>1051001</misses>
				<total>1033049</total>
				<timestamp>84.851261</timestamp>
			</report>
			<report>
				<misses>1052001</misses>
				<total>1034048</total>
				<timestamp>84.931352</timestamp>
			</report>
			<report>
				<misses>1053001</misses>
				<total>1035047</total>
				<timestamp>85.011342</timestamp>
			</report>
			<report>
				<misses>1054001</misses>
				<total>1036046</total>
				<timestamp>85.091342</timestamp>
			</report>
			<report>
				<misses>1055001</misses>
				<total>1037045</total>
				<timestamp>85.171773</timestamp>
			</report>
			<report>
				<misses>1056001</misses>
				<total>1038044</total>
				<timestamp>85.251953</timestamp>
			</report>
			<report>
				<misses>1057001</misses>
				<total>1039043</total>
				<timestamp>85.332078</timestamp>
			</report>
			<report>
				<misses>1058001</misses>
				<total>1040042</total>
				<timestamp>85.412163</timestamp>
			</report>
			<report>
				<misses>1059001</misses>
				<total>1041041</total>
				<timestamp>85.492404</timestamp>
			</report>
			<report>
				<misses>1060001</misses>
				<total>1042040</total>
				<timestamp>85.572404</timestamp>
			</report>
			<report>
				<misses>1061001</misses>
				<total>1043039</total>
				<timestamp>85.652428</timestamp>
			</report>
			<report>
				<misses>1062001</misses>
				<total>1044038</total>
				<timestamp>85.732415</timestamp>
			</report>
			<report>
				<misses>1063001</misses>
				<total>1045037</total>
				<timestamp>85.812420</timestamp>
			</report>
			<report>
				<misses>1064001</misses>
				<total>1046036</total>
				<timestamp>85.892464</timestamp>
			</report>
			<report>
				<misses>1065001</misses>
				<total>1047035</total>
				<timestamp>85.972440</timestamp>
			</report>
			<report>
				<misses>1066001</misses>
				<total>1048034</total>
				<timestamp>86.052417</timestamp>
			</report>
			<report>
				<misses>1067001</misses>
				<total>1049033</total>
				<timestamp>86.132655</timestamp>
			</report>
			<report>
				<misses>1068001</misses>
				<total>1050032</total>
				<timestamp>86.213631</timestamp>
			</report>
			<report>
				<misses>1069001</misses>
				<total>1051031</total>
				<timestamp>86.293847</timestamp>
			</report>
			<report>
				<misses>1070001</misses>
				<total>1052030</total>
				<timestamp>86.373980</timestamp>
			</report>
			<report>
				<misses>1071001</misses>
				<total>1053029</total>
				<timestamp>86.453950</timestamp>
			</report>
			<report>
				<misses>1072001</misses>
				<total>1054028</total>
				<timestamp>86.534002</timestamp>
			</report>
			<report>
				<misses>1073001</misses>
				<total>1055027</total>
				<timestamp>86.614557</timestamp>
			</report>
			<report>
				<misses>1074001</misses>
				<total>1056026</total>
				<timestamp>86.694786</timestamp>
			</report>
			<report>
				<misses>1075001</misses>
				<total>1057025</total>
				<timestamp>86.775146</timestamp>
			</report>
			<report>
				<misses>1076001</misses>
				<total>1058024</total>
				<timestamp>86.855695</timestamp>
			</report>
			<report>
				<misses>1077001</misses>
				<total>1059023</total>
				<timestamp>86.935697</timestamp>
			</report>
			<report>
				<misses>1078001</misses>
				<total>1060022</total>
				<timestamp>87.015797</timestamp>
			</report>
			<report>
				<misses>1079001</misses>
				<total>1061021</total>
				<timestamp>87.095758</timestamp>
			</report>
			<report>
				<misses>1080001</misses>
				<total>1062020</total>
				<timestamp>87.175836</timestamp>
			</report>
			<report>
				<misses>1081001</misses>
				<total>1063019</total>
				<timestamp>87.257153</timestamp>
			</report>
			<report>
				<misses>1082001</misses>
				<total>1064018</total>
				<timestamp>87.337202</timestamp>
			</report>
			<report>
				<misses>1083001</misses>
				<total>1065017</total>
				<timestamp>87.417471</timestamp>
			</report>
			<report>
				<misses>1084001</misses>
				<total>1066016</total>
				<timestamp>87.497594</timestamp>
			</report>
			<report>
				<misses>1085001</misses>
				<total>1067015</total>
				<timestamp>87.577687</timestamp>
			</report>
			<report>
				<misses>1086001</misses>
				<total>1068014</total>
				<timestamp>87.657752</timestamp>
			</report>
			<report>
				<misses>1087001</misses>
				<total>1069013</total>
				<timestamp>87.738028</timestamp>
			</report>
			<report>
				<misses>1088001</misses>
				<total>1070012</total>
				<timestamp>87.818702</timestamp>
			</report>
			<report>
				<misses>1089001</misses>
				<total>1071011</total>
				<timestamp>87.899454</timestamp>
			</report>
			<report>
				<misses>1090001</misses>
				<total>1072010</total>
				<timestamp>87.979498</timestamp>
			</report>
			<report>
				<misses>1091001</misses>
				<total>1073009</total>
				<timestamp>88.059480</timestamp>
			</report>
			<report>
				<misses>1092001</misses>
				<total>1074008</total>
				<timestamp>88.139457</timestamp>
			</report>
			<report>
				<misses>1093001</misses>
				<total>1075007</total>
				<timestamp>88.219469</timestamp>
			</report>
			<report>
				<misses>1094001</misses>
				<total>1076006</total>
				<timestamp>88.299448</timestamp>
			</report>
			<report>
				<misses>1095001</misses>
				<total>1077005</total>
				<timestamp>88.383027</timestamp>
			</report>
			<report>
				<misses>1096001</misses>
				<total>1078004</total>
				<timestamp>88.463025</timestamp>
			</report>
			<report>
				<misses>1097001</misses>
				<total>1079003</total>
				<timestamp>88.543108</timestamp>
			</report>
			<report>
				<misses>1098001</misses>
				<total>1080002</total>
				<timestamp>88.623189</timestamp>
			</report>
			<report>
				<misses>1099001</misses>
				<total>1081001</total>
				<timestamp>88.704171</timestamp>
			</report>
			<report>
				<misses>1100001</misses>
				<total>1082000</total>
				<timestamp>88.784569</timestamp>
			</report>
			<report>
				<misses>1101001</misses>
				<total>1082999</total>
				<timestamp>88.864569</timestamp>
			</report>
			<report>
				<misses>1102001</misses>
				<total>1083998</total>
				<timestamp>88.945612</timestamp>
			</report>
			<report>
				<misses>1103001</misses>
				<total>1084997</total>
				<timestamp>89.026138</timestamp>
			</report>
			<report>
				<misses>1104001</misses>
				<total>1085996</total>
				<timestamp>89.106237</timestamp>
			</report>
			<report>
				<misses>1105001</misses>
				<total>1086995</total>
				<timestamp>89.187977</timestamp>
			</report>
			<report>
				<misses>1106001</misses>
				<total>1087994</total>
				<timestamp>89.267984</timestamp>
			</report>
			<report>
				<misses>1107001</misses>
				<total>1088993</total>
				<timestamp>89.348412</timestamp>
			</report>
			<report>
				<misses>1108001</misses>
				<total>1089992</total>
				<timestamp>89.428453</timestamp>
			</report>
			<report>
				<misses>1109001</misses>
				<total>1090991</total>
				<timestamp>89.508632</timestamp>
			</report>
			<report>
				<misses>1110001</misses>
				<total>1091990</total>
				<timestamp>89.588698</timestamp>
			</report>
			<report>
				<misses>1111001</misses>
				<total>1092989</total>
				<timestamp>89.669114</timestamp>
			</report>
			<report>
				<misses>1112001</misses>
				<total>1093988</total>
				<timestamp>89.749560</timestamp>
			</report>
			<report>
				<misses>1113001</misses>
				<total>1094987</total>
				<timestamp>89.829650</timestamp>
			</report>
			<report>
				<misses>1114001</misses>
				<total>1095986</total>
				<timestamp>89.909651</timestamp>
			</report>
			<report>
				<misses>1115001</misses>
				<total>1096985</total>
				<timestamp>89.989637</timestamp>
			</report>
			<report>
				<misses>1116001</misses>
				<total>1097984</total>
				<timestamp>90.069680</timestamp>
			</report>
			<report>
				<misses>1117001</misses>
				<total>1098983</total>
				<timestamp>90.149777</timestamp>
			</report>
			<report>
				<misses>1118001</misses>
				<total>1099982</total>
				<timestamp>90.230082</timestamp>
			</report>
			<report>
				<misses>1119001</misses>
				<total>1100981</total>
				<timestamp>90.311448</timestamp>
			</report>
			<report>
				<misses>1120001</misses>
				<total>1101980</total>
				<timestamp>90.392277</timestamp>
			</report>
			<report>
				<misses>1121001</misses>
				<total>1102979</total>
				<timestamp>90.473590</timestamp>
			</report>
			<report>
				<misses>1122001</misses>
				<total>1103978</total>
				<timestamp>90.556994</timestamp>
			</report>
			<report>
				<misses>1123001</misses>
				<total>1104977</total>
				<timestamp>90.637354</timestamp>
			</report>
			<report>
				<misses>1124001</misses>
				<total>1105976</total>
				<timestamp>90.717528</timestamp>
			</report>
			<report>
				<misses>1125001</misses>
				<total>1106975</total>
				<timestamp>90.797530</timestamp>
			</report>
			<report>
				<misses>1126001</misses>
				<total>1107974</total>
				<timestamp>90.878178</timestamp>
			</report>
			<report>
				<misses>1127001</misses>
				<total>1108973</total>
				<timestamp>90.958275</timestamp>
			</report>
			<report>
				<misses>1128001</misses>
				<total>1109972</total>
				<timestamp>91.038305</timestamp>
			</report>
			<report>
				<misses>1129001</misses>
				<total>1110897</total>
				<timestamp>91.118341</timestamp>
			</report>
			<report>
				<misses>1130001</misses>
				<total>1111840</total>
				<timestamp>91.198322</timestamp>
			</report>
			<report>
				<misses>1131001</misses>
				<total>1112839</total>
				<timestamp>91.278349</timestamp>
			</report>
			<report>
				<misses>1132001</misses>
				<total>1113838</total>
				<timestamp>91.358964</timestamp>
			</report>
			<report>
				<misses>1133001</misses>
				<total>1114837</total>
				<timestamp>91.439696</timestamp>
			</report>
			<report>
				<misses>1134001</misses>
				<total>1115836</total>
				<timestamp>91.520861</timestamp>
			</report>
			<report>
				<misses>1135001</misses>
				<total>1116835</total>
				<timestamp>91.601098</timestamp>
			</report>
			<report>
				<misses>1136001</misses>
				<total>1117133</total>
				<timestamp>91.682218</timestamp>
			</report>
			<report>
				<misses>1137001</misses>
				<total>1117143</total>
				<timestamp>91.763431</timestamp>
			</report>
			<report>
				<misses>1138001</misses>
				<total>1117173</total>
				<timestamp>91.843526</timestamp>
			</report>
			<report>
				<misses>1139001</misses>
				<total>1117490</total>
				<timestamp>91.923544</timestamp>
			</report>
			<report>
				<misses>1140001</misses>
				<total>1118489</total>
				<timestamp>92.003559</timestamp>
			</report>
			<report>
				<misses>1141001</misses>
				<total>1119488</total>
				<timestamp>92.083592</timestamp>
			</report>
			<report>
				<misses>1142001</misses>
				<total>1120447</total>
				<timestamp>92.163551</timestamp>
			</report>
			<report>
				<misses>1143001</misses>
				<total>1121446</total>
				<timestamp>92.243566</timestamp>
			</report>
			<report>
				<misses>1144001</misses>
				<total>1122445</total>
				<timestamp>92.324569</timestamp>
			</report>
			<report>
				<misses>1145001</misses>
				<total>1123444</total>
				<timestamp>92.404572</timestamp>
			</report>
			<report>
				<misses>1146001</misses>
				<total>1124443</total>
				<timestamp>92.484615</timestamp>
			</report>
			<report>
				<misses>1147001</misses>
				<total>1125442</total>
				<timestamp>92.564568</timestamp>
			</report>
			<report>
				<misses>1148001</misses>
				<total>1126441</total>
				<timestamp>92.644945</timestamp>
			</report>
			<report>
				<misses>1149001</misses>
				<total>1127440</total>
				<timestamp>92.724947</timestamp>
			</report>
			<report>
				<misses>1150001</misses>
				<total>1128439</total>
				<timestamp>92.807481</timestamp>
			</report>
			<report>
				<misses>1151001</misses>
				<total>1129438</total>
				<timestamp>92.888442</timestamp>
			</report>
			<report>
				<misses>1152001</misses>
				<total>1130437</total>
				<timestamp>92.968575</timestamp>
			</report>
			<report>
				<misses>1153001</misses>
				<total>1131436</total>
				<timestamp>93.048635</timestamp>
			</report>
			<report>
				<misses>1154001</misses>
				<total>1132435</total>
				<timestamp>93.128640</timestamp>
			</report>
			<report>
				<misses>1155001</misses>
				<total>1133434</total>
				<timestamp>93.208712</timestamp>
			</report>
			<report>
				<misses>1156001</misses>
				<total>1134433</total>
				<timestamp>93.288649</timestamp>
			</report>
			<report>
				<misses>1157001</misses>
				<total>1135432</total>
				<timestamp>93.368637</timestamp>
			</report>
			<report>
				<misses>1158001</misses>
				<total>1136431</total>
				<timestamp>93.448646</timestamp>
			</report>
			<report>
				<misses>1159001</misses>
				<total>1137430</total>
				<timestamp>93.528706</timestamp>
			</report>
			<report>
				<misses>1160001</misses>
				<total>1138429</total>
				<timestamp>93.609060</timestamp>
			</report>
			<report>
				<misses>1161001</misses>
				<total>1139428</total>
				<timestamp>93.690505</timestamp>
			</report>
			<report>
				<misses>1162001</misses>
				<total>1140427</total>
				<timestamp>93.770967</timestamp>
			</report>
			<report>
				<misses>1163001</misses>
				<total>1141426</total>
				<timestamp>93.851112</timestamp>
			</report>
			<report>
				<misses>1164001</misses>
				<total>1142425</total>
				<timestamp>93.931131</timestamp>
			</report>
			<report>
				<misses>1165001</misses>
				<total>1143424</total>
				<timestamp>94.011251</timestamp>
			</report>
			<report>
				<misses>1166001</misses>
				<total>1144423</total>
				<timestamp>94.092957</timestamp>
			</report>
			<report>
				<misses>1167001</misses>
				<total>1145422</total>
				<timestamp>94.176882</timestamp>
			</report>
			<report>
				<misses>1168001</misses>
				<total>1146421</total>
				<timestamp>94.256958</timestamp>
			</report>
			<report>
				<misses>1169001</misses>
				<total>1147420</total>
				<timestamp>94.337049</timestamp>
			</report>
			<report>
				<misses>1170001</misses>
				<total>1148419</total>
				<timestamp>94.417157</timestamp>
			</report>
			<report>
				<misses>1171001</misses>
				<total>1149418</total>
				<timestamp>94.497228</timestamp>
			</report>
			<report>
				<misses>1172001</misses>
				<total>1150417</total>
				<timestamp>94.577271</timestamp>
			</report>
			<report>
				<misses>1173001</misses>
				<total>1151416</total>
				<timestamp>94.657312</timestamp>
			</report>
			<report>
				<misses>1174001</misses>
				<total>1152415</total>
				<timestamp>94.737310</timestamp>
			</report>
			<report>
				<misses>1175001</misses>
				<total>1153414</total>
				<timestamp>94.817343</timestamp>
			</report>
			<report>
				<misses>1176001</misses>
				<total>1154413</total>
				<timestamp>94.897358</timestamp>
			</report>
			<report>
				<misses>1177001</misses>
				<total>1155412</total>
				<timestamp>94.977387</timestamp>
			</report>
			<report>
				<misses>1178001</misses>
				<total>1156411</total>
				<timestamp>95.057472</timestamp>
			</report>
			<report>
				<misses>1179001</misses>
				<total>1157410</total>
				<timestamp>95.137557</timestamp>
			</report>
			<report>
				<misses>1180001</misses>
				<total>1158409</total>
				<timestamp>95.218325</timestamp>
			</report>
			<report>
				<misses>1181001</misses>
				<total>1159408</total>
				<timestamp>95.298514</timestamp>
			</report>
			<report>
				<misses>1182001</misses>
				<total>1160407</total>
				<timestamp>95.379084</timestamp>
			</report>
			<report>
				<misses>1183001</misses>
				<total>1161406</total>
				<timestamp>95.459285</timestamp>
			</report>
			<report>
				<misses>1184001</misses>
				<total>1162405</total>
				<timestamp>95.539353</timestamp>
			</report>
			<report>
				<misses>1185001</misses>
				<total>1163404</total>
				<timestamp>95.619338</timestamp>
			</report>
			<report>
				<misses>1186001</misses>
				<total>1164403</total>
				<timestamp>95.699533</timestamp>
			</report>
			<report>
				<misses>1187001</misses>
				<total>1165402</total>
				<timestamp>95.779712</timestamp>
			</report>
			<report>
				<misses>1188001</misses>
				<total>1166401</total>
				<timestamp>95.859735</timestamp>
			</report>
			<report>
				<misses>1189001</misses>
				<total>1167400</total>
				<timestamp>95.939738</timestamp>
			</report>
			<report>
				<misses>1190001</misses>
				<total>1168399</total>
				<timestamp>96.020062</timestamp>
			</report>
			<report>
				<misses>1191001</misses>
				<total>1169398</total>
				<timestamp>96.100334</timestamp>
			</report>
			<report>
				<misses>1192001</misses>
				<total>1170397</total>
				<timestamp>96.180435</timestamp>
			</report>
			<report>
				<misses>1193001</misses>
				<total>1171396</total>
				<timestamp>96.262685</timestamp>
			</report>
			<report>
				<misses>1194001</misses>
				<total>1172395</total>
				<timestamp>96.342647</timestamp>
			</report>
			<report>
				<misses>1195001</misses>
				<total>1173394</total>
				<timestamp>96.422668</timestamp>
			</report>
			<report>
				<misses>1196001</misses>
				<total>1174393</total>
				<timestamp>96.502647</timestamp>
			</report>
			<report>
				<misses>1197001</misses>
				<total>1175392</total>
				<timestamp>96.582710</timestamp>
			</report>
			<report>
				<misses>1198001</misses>
				<total>1176391</total>
				<timestamp>96.663386</timestamp>
			</report>
			<report>
				<misses>1199001</misses>
				<total>1177390</total>
				<timestamp>96.743422</timestamp>
			</report>
			<report>
				<misses>1200001</misses>
				<total>1178389</total>
				<timestamp>96.823530</timestamp>
			</report>
			<report>
				<misses>1201001</misses>
				<total>1179388</total>
				<timestamp>96.903748</timestamp>
			</report>
			<report>
				<misses>1202001</misses>
				<total>1180387</total>
				<timestamp>96.984184</timestamp>
			</report>
			<report>
				<misses>1203001</misses>
				<total>1181386</total>
				<timestamp>97.065105</timestamp>
			</report>
			<report>
				<misses>1204001</misses>
				<total>1182385</total>
				<timestamp>97.145968</timestamp>
			</report>
			<report>
				<misses>1205001</misses>
				<total>1183384</total>
				<timestamp>97.226037</timestamp>
			</report>
			<report>
				<misses>1206001</misses>
				<total>1184383</total>
				<timestamp>97.306195</timestamp>
			</report>
			<report>
				<misses>1207001</misses>
				<total>1185382</total>
				<timestamp>97.386266</timestamp>
			</report>
			<report>
				<misses>1208001</misses>
				<total>1186381</total>
				<timestamp>97.466251</timestamp>
			</report>
			<report>
				<misses>1209001</misses>
				<total>1187380</total>
				<timestamp>97.546279</timestamp>
			</report>
			<report>
				<misses>1210001</misses>
				<total>1188379</total>
				<timestamp>97.626890</timestamp>
			</report>
			<report>
				<misses>1211001</misses>
				<total>1189378</total>
				<timestamp>97.706950</timestamp>
			</report>
			<report>
				<misses>1212001</misses>
				<total>1190377</total>
				<timestamp>97.786902</timestamp>
			</report>
			<report>
				<misses>1213001</misses>
				<total>1191376</total>
				<timestamp>97.866956</timestamp>
			</report>
			<report>
				<misses>1214001</misses>
				<total>1192375</total>
				<timestamp>97.947316</timestamp>
			</report>
			<report>
				<misses>1215001</misses>
				<total>1193374</total>
				<timestamp>98.028040</timestamp>
			</report>
			<report>
				<misses>1216001</misses>
				<total>1194373</total>
				<timestamp>98.109533</timestamp>
			</report>
			<report>
				<misses>1217001</misses>
				<total>1195372</total>
				<timestamp>98.190672</timestamp>
			</report>
			<report>
				<misses>1218001</misses>
				<total>1196371</total>
				<timestamp>98.271225</timestamp>
			</report>
			<report>
				<misses>1219001</misses>
				<total>1197370</total>
				<timestamp>98.351292</timestamp>
			</report>
			<report>
				<misses>1220001</misses>
				<total>1198369</total>
				<timestamp>98.431288</timestamp>
			</report>
			<report>
				<misses>1221001</misses>
				<total>1199368</total>
				<timestamp>98.511439</timestamp>
			</report>
			<report>
				<misses>1222001</misses>
				<total>1200367</total>
				<timestamp>98.591643</timestamp>
			</report>
			<report>
				<misses>1223001</misses>
				<total>1201366</total>
				<timestamp>98.672969</timestamp>
			</report>
			<report>
				<misses>1224001</misses>
				<total>1202365</total>
				<timestamp>98.753053</timestamp>
			</report>
			<report>
				<misses>1225001</misses>
				<total>1203364</total>
				<timestamp>98.833373</timestamp>
			</report>
			<report>
				<misses>1226001</misses>
				<total>1204363</total>
				<timestamp>98.913402</timestamp>
			</report>
			<report>
				<misses>1227001</misses>
				<total>1205362</total>
				<timestamp>98.993375</timestamp>
			</report>
			<report>
				<misses>1228001</misses>
				<total>1206361</total>
				<timestamp>99.073956</timestamp>
			</report>
			<report>
				<misses>1229001</misses>
				<total>1207360</total>
				<timestamp>99.154326</timestamp>
			</report>
			<report>
				<misses>1230001</misses>
				<total>1208359</total>
				<timestamp>99.234735</timestamp>
			</report>
			<report>
				<misses>1231001</misses>
				<total>1209358</total>
				<timestamp>99.315546</timestamp>
			</report>
			<report>
				<misses>1232001</misses>
				<total>1210357</total>
				<timestamp>99.395750</timestamp>
			</report>
			<report>
				<misses>1233001</misses>
				<total>1211356</total>
				<timestamp>99.475680</timestamp>
			</report>
			<report>
				<misses>1234001</misses>
				<total>1212355</total>
				<timestamp>99.555831</timestamp>
			</report>
			<report>
				<misses>1235001</misses>
				<total>1213354</total>
				<timestamp>99.635842</timestamp>
			</report>
			<report>
				<misses>1236001</misses>
				<total>1214353</total>
				<timestamp>99.715845</timestamp>
			</report>
			<report>
				<misses>1237001</misses>
				<total>1215352</total>
				<timestamp>99.801389</timestamp>
			</report>
			<report>
				<misses>1238001</misses>
				<total>1216351</total>
				<timestamp>99.881371</timestamp>
			</report>
			<report>
				<misses>1239001</misses>
				<total>1217350</total>
				<timestamp>99.961460</timestamp>
			</report>
			<report>
				<misses>1240001</misses>
				<total>1218349</total>
				<timestamp>100.041455</timestamp>
			</report>
			<report>
				<misses>1241001</misses>
				<total>1219348</total>
				<timestamp>100.121455</timestamp>
			</report>
			<report>
				<misses>1242001</misses>
				<total>1220347</total>
				<timestamp>100.201703</timestamp>
			</report>
			<report>
				<misses>1243001</misses>
				<total>1221346</total>
				<timestamp>100.282357</timestamp>
			</report>
			<report>
				<misses>1244001</misses>
				<total>1222345</total>
				<timestamp>100.362472</timestamp>
			</report>
			<report>
				<misses>1245001</misses>
				<total>1223344</total>
				<timestamp>100.442440</timestamp>
			</report>
			<report>
				<misses>1246001</misses>
				<total>1224343</total>
				<timestamp>100.522401</timestamp>
			</report>
			<report>
				<misses>1247001</misses>
				<total>1225342</total>
				<timestamp>100.602391</timestamp>
			</report>
			<report>
				<misses>1248001</misses>
				<total>1226341</total>
				<timestamp>100.682837</timestamp>
			</report>
			<report>
				<misses>1249001</misses>
				<total>1227340</total>
				<timestamp>100.763140</timestamp>
			</report>
			<report>
				<misses>1250001</misses>
				<total>1228339</total>
				<timestamp>100.843365</timestamp>
			</report>
			<report>
				<misses>1251001</misses>
				<total>1229338</total>
				<timestamp>100.923377</timestamp>
			</report>
			<report>
				<misses>1252001</misses>
				<total>1230337</total>
				<timestamp>101.003502</timestamp>
			</report>
			<report>
				<misses>1253001</misses>
				<total>1231336</total>
				<timestamp>101.084084</timestamp>
			</report>
			<report>
				<misses>1254001</misses>
				<total>1232335</total>
				<timestamp>101.164176</timestamp>
			</report>
			<report>
				<misses>1255001</misses>
				<total>1233334</total>
				<timestamp>101.244244</timestamp>
			</report>
			<report>
				<misses>1256001</misses>
				<total>1234333</total>
				<timestamp>101.324793</timestamp>
			</report>
			<report>
				<misses>1257001</misses>
				<total>1235332</total>
				<timestamp>101.408353</timestamp>
			</report>
			<report>
				<misses>1258001</misses>
				<total>1236331</total>
				<timestamp>101.490962</timestamp>
			</report>
			<report>
				<misses>1259001</misses>
				<total>1237330</total>
				<timestamp>101.572955</timestamp>
			</report>
			<report>
				<misses>1260001</misses>
				<total>1238329</total>
				<timestamp>101.653156</timestamp>
			</report>
			<report>
				<misses>1261001</misses>
				<total>1239328</total>
				<timestamp>101.734845</timestamp>
			</report>
			<report>
				<misses>1262001</misses>
				<total>1240327</total>
				<timestamp>101.814875</timestamp>
			</report>
			<report>
				<misses>1263001</misses>
				<total>1241326</total>
				<timestamp>101.895323</timestamp>
			</report>
			<report>
				<misses>1264001</misses>
				<total>1242325</total>
				<timestamp>101.975398</timestamp>
			</report>
			<report>
				<misses>1265001</misses>
				<total>1243324</total>
				<timestamp>102.055419</timestamp>
			</report>
			<report>
				<misses>1266001</misses>
				<total>1244323</total>
				<timestamp>102.135432</timestamp>
			</report>
			<report>
				<misses>1267001</misses>
				<total>1245322</total>
				<timestamp>102.215367</timestamp>
			</report>
			<report>
				<misses>1268001</misses>
				<total>1246321</total>
				<timestamp>102.295368</timestamp>
			</report>
			<report>
				<misses>1269001</misses>
				<total>1247320</total>
				<timestamp>102.375490</timestamp>
			</report>
			<report>
				<misses>1270001</misses>
				<total>1248319</total>
				<timestamp>102.456284</timestamp>
			</report>
			<report>
				<misses>1271001</misses>
				<total>1249318</total>
				<timestamp>102.536268</timestamp>
			</report>
			<report>
				<misses>1272001</misses>
				<total>1250317</total>
				<timestamp>102.616277</timestamp>
			</report>
			<report>
				<misses>1273001</misses>
				<total>1251316</total>
				<timestamp>102.696365</timestamp>
			</report>
			<report>
				<misses>1274001</misses>
				<total>1252315</total>
				<timestamp>102.780628</timestamp>
			</report>
			<report>
				<misses>1275001</misses>
				<total>1253314</total>
				<timestamp>102.861034</timestamp>
			</report>
			<report>
				<misses>1276001</misses>
				<total>1254313</total>
				<timestamp>102.941477</timestamp>
			</report>
			<report>
				<misses>1277001</misses>
				<total>1255312</total>
				<timestamp>103.022244</timestamp>
			</report>
			<report>
				<misses>1278001</misses>
				<total>1256311</total>
				<timestamp>103.102301</timestamp>
			</report>
			<report>
				<misses>1279001</misses>
				<total>1257310</total>
				<timestamp>103.182344</timestamp>
			</report>
			<report>
				<misses>1280001</misses>
				<total>1258309</total>
				<timestamp>103.262332</timestamp>
			</report>
			<report>
				<misses>1281001</misses>
				<total>1259308</total>
				<timestamp>103.342476</timestamp>
			</report>
			<report>
				<misses>1282001</misses>
				<total>1260307</total>
				<timestamp>103.422707</timestamp>
			</report>
			<report>
				<misses>1283001</misses>
				<total>1261306</total>
				<timestamp>103.503437</timestamp>
			</report>
			<report>
				<misses>1284001</misses>
				<total>1262305</total>
				<timestamp>103.583473</timestamp>
			</report>
			<report>
				<misses>1285001</misses>
				<total>1263304</total>
				<timestamp>103.663447</timestamp>
			</report>
			<report>
				<misses>1286001</misses>
				<total>1264303</total>
				<timestamp>103.745221</timestamp>
			</report>
			<report>
				<misses>1287001</misses>
				<total>1265302</total>
				<timestamp>103.825983</timestamp>
			</report>
			<report>
				<misses>1288001</misses>
				<total>1266301</total>
				<timestamp>103.906083</timestamp>
			</report>
			<report>
				<misses>1289001</misses>
				<total>1267300</total>
				<timestamp>103.986666</timestamp>
			</report>
			<report>
				<misses>1290001</misses>
				<total>1268299</total>
				<timestamp>104.066678</timestamp>
			</report>
			<report>
				<misses>1291001</misses>
				<total>1269298</total>
				<timestamp>104.146858</timestamp>
			</report>
			<report>
				<misses>1292001</misses>
				<total>1270297</total>
				<timestamp>104.226858</timestamp>
			</report>
			<report>
				<misses>1293001</misses>
				<total>1271296</total>
				<timestamp>104.306977</timestamp>
			</report>
			<report>
				<misses>1294001</misses>
				<total>1272295</total>
				<timestamp>104.387086</timestamp>
			</report>
			<report>
				<misses>1295001</misses>
				<total>1273294</total>
				<timestamp>104.468982</timestamp>
			</report>
			<report>
				<misses>1296001</misses>
				<total>1274293</total>
				<timestamp>104.549179</timestamp>
			</report>
			<report>
				<misses>1297001</misses>
				<total>1275292</total>
				<timestamp>104.629208</timestamp>
			</report>
			<report>
				<misses>1298001</misses>
				<total>1276291</total>
				<timestamp>104.709225</timestamp>
			</report>
			<report>
				<misses>1299001</misses>
				<total>1277290</total>
				<timestamp>104.790082</timestamp>
			</report>
			<report>
				<misses>1300001</misses>
				<total>1278289</total>
				<timestamp>104.870198</timestamp>
			</report>
			<report>
				<misses>1301001</misses>
				<total>1279288</total>
				<timestamp>104.950266</timestamp>
			</report>
			<report>
				<misses>1302001</misses>
				<total>1280287</total>
				<timestamp>105.030310</timestamp>
			</report>
			<report>
				<misses>1303001</misses>
				<total>1281286</total>
				<timestamp>105.111269</timestamp>
			</report>
			<report>
				<misses>1304001</misses>
				<total>1282285</total>
				<timestamp>105.192479</timestamp>
			</report>
			<report>
				<misses>1305001</misses>
				<total>1283284</total>
				<timestamp>105.274254</timestamp>
			</report>
			<report>
				<misses>1306001</misses>
				<total>1284283</total>
				<timestamp>105.354514</timestamp>
			</report>
			<report>
				<misses>1307001</misses>
				<total>1285282</total>
				<timestamp>105.434603</timestamp>
			</report>
			<report>
				<misses>1308001</misses>
				<total>1286281</total>
				<timestamp>105.514578</timestamp>
			</report>
			<report>
				<misses>1309001</misses>
				<total>1287280</total>
				<timestamp>105.594606</timestamp>
			</report>
			<report>
				<misses>1310001</misses>
				<total>1288279</total>
				<timestamp>105.674602</timestamp>
			</report>
			<report>
				<misses>1311001</misses>
				<total>1289278</total>
				<timestamp>105.754662</timestamp>
			</report>
			<report>
				<misses>1312001</misses>
				<total>1290277</total>
				<timestamp>105.835552</timestamp>
			</report>
			<report>
				<misses>1313001</misses>
				<total>1291276</total>
				<timestamp>105.915755</timestamp>
			</report>
			<report>
				<misses>1314001</misses>
				<total>1292275</total>
				<timestamp>105.995852</timestamp>
			</report>
			<report>
				<misses>1315001</misses>
				<total>1293274</total>
				<timestamp>106.076021</timestamp>
			</report>
			<report>
				<misses>1316001</misses>
				<total>1294273</total>
				<timestamp>106.157336</timestamp>
			</report>
			<report>
				<misses>1317001</misses>
				<total>1295272</total>
				<timestamp>106.237381</timestamp>
			</report>
			<report>
				<misses>1318001</misses>
				<total>1296271</total>
				<timestamp>106.319513</timestamp>
			</report>
			<report>
				<misses>1319001</misses>
				<total>1297270</total>
				<timestamp>106.400866</timestamp>
			</report>
			<report>
				<misses>1320001</misses>
				<total>1298269</total>
				<timestamp>106.481282</timestamp>
			</report>
			<report>
				<misses>1321001</misses>
				<total>1299268</total>
				<timestamp>106.561287</timestamp>
			</report>
			<report>
				<misses>1322001</misses>
				<total>1300267</total>
				<timestamp>106.641637</timestamp>
			</report>
			<report>
				<misses>1323001</misses>
				<total>1301266</total>
				<timestamp>106.721691</timestamp>
			</report>
			<report>
				<misses>1324001</misses>
				<total>1302265</total>
				<timestamp>106.801688</timestamp>
			</report>
			<report>
				<misses>1325001</misses>
				<total>1303264</total>
				<timestamp>106.881751</timestamp>
			</report>
			<report>
				<misses>1326001</misses>
				<total>1304263</total>
				<timestamp>106.961749</timestamp>
			</report>
			<report>
				<misses>1327001</misses>
				<total>1305262</total>
				<timestamp>107.041689</timestamp>
			</report>
			<report>
				<misses>1328001</misses>
				<total>1306261</total>
				<timestamp>107.121859</timestamp>
			</report>
			<report>
				<misses>1329001</misses>
				<total>1307260</total>
				<timestamp>107.201863</timestamp>
			</report>
			<report>
				<misses>1330001</misses>
				<total>1308259</total>
				<timestamp>107.282035</timestamp>
			</report>
			<report>
				<misses>1331001</misses>
				<total>1309258</total>
				<timestamp>107.362156</timestamp>
			</report>
			<report>
				<misses>1332001</misses>
				<total>1310257</total>
				<timestamp>107.442446</timestamp>
			</report>
			<report>
				<misses>1333001</misses>
				<total>1311256</total>
				<timestamp>107.522498</timestamp>
			</report>
			<report>
				<misses>1334001</misses>
				<total>1312255</total>
				<timestamp>107.602524</timestamp>
			</report>
			<report>
				<misses>1335001</misses>
				<total>1313254</total>
				<timestamp>107.682995</timestamp>
			</report>
			<report>
				<misses>1336001</misses>
				<total>1314253</total>
				<timestamp>107.763161</timestamp>
			</report>
			<report>
				<misses>1337001</misses>
				<total>1315252</total>
				<timestamp>107.843239</timestamp>
			</report>
			<report>
				<misses>1338001</misses>
				<total>1316251</total>
				<timestamp>107.923303</timestamp>
			</report>
			<report>
				<misses>1339001</misses>
				<total>1317250</total>
				<timestamp>108.003601</timestamp>
			</report>
			<report>
				<misses>1340001</misses>
				<total>1318249</total>
				<timestamp>108.083609</timestamp>
			</report>
			<report>
				<misses>1341001</misses>
				<total>1319248</total>
				<timestamp>108.164558</timestamp>
			</report>
			<report>
				<misses>1342001</misses>
				<total>1320247</total>
				<timestamp>108.245164</timestamp>
			</report>
			<report>
				<misses>1343001</misses>
				<total>1321246</total>
				<timestamp>108.325557</timestamp>
			</report>
			<report>
				<misses>1344001</misses>
				<total>1322245</total>
				<timestamp>108.408679</timestamp>
			</report>
			<report>
				<misses>1345001</misses>
				<total>1323244</total>
				<timestamp>108.488706</timestamp>
			</report>
			<report>
				<misses>1346001</misses>
				<total>1324243</total>
				<timestamp>108.569034</timestamp>
			</report>
			<report>
				<misses>1347001</misses>
				<total>1325242</total>
				<timestamp>108.650123</timestamp>
			</report>
			<report>
				<misses>1348001</misses>
				<total>1326241</total>
				<timestamp>108.730821</timestamp>
			</report>
			<report>
				<misses>1349001</misses>
				<total>1327240</total>
				<timestamp>108.810953</timestamp>
			</report>
			<report>
				<misses>1350001</misses>
				<total>1328239</total>
				<timestamp>108.891731</timestamp>
			</report>
			<report>
				<misses>1351001</misses>
				<total>1329238</total>
				<timestamp>108.971735</timestamp>
			</report>
			<report>
				<misses>1352001</misses>
				<total>1330237</total>
				<timestamp>109.051851</timestamp>
			</report>
			<report>
				<misses>1353001</misses>
				<total>1331236</total>
				<timestamp>109.131861</timestamp>
			</report>
			<report>
				<misses>1354001</misses>
				<total>1332235</total>
				<timestamp>109.211993</timestamp>
			</report>
			<report>
				<misses>1355001</misses>
				<total>1333234</total>
				<timestamp>109.292103</timestamp>
			</report>
			<report>
				<misses>1356001</misses>
				<total>1334233</total>
				<timestamp>109.372538</timestamp>
			</report>
			<report>
				<misses>1357001</misses>
				<total>1335232</total>
				<timestamp>109.454187</timestamp>
			</report>
			<report>
				<misses>1358001</misses>
				<total>1336231</total>
				<timestamp>109.536569</timestamp>
			</report>
			<report>
				<misses>1359001</misses>
				<total>1337230</total>
				<timestamp>109.616590</timestamp>
			</report>
			<report>
				<misses>1360001</misses>
				<total>1338229</total>
				<timestamp>109.696662</timestamp>
			</report>
			<report>
				<misses>1361001</misses>
				<total>1339228</total>
				<timestamp>109.776760</timestamp>
			</report>
			<report>
				<misses>1362001</misses>
				<total>1340227</total>
				<timestamp>109.856741</timestamp>
			</report>
			<report>
				<misses>1363001</misses>
				<total>1341226</total>
				<timestamp>109.939686</timestamp>
			</report>
			<report>
				<misses>1364001</misses>
				<total>1342225</total>
				<timestamp>110.020019</timestamp>
			</report>
			<report>
				<misses>1365001</misses>
				<total>1343224</total>
				<timestamp>110.100367</timestamp>
			</report>
			<report>
				<misses>1366001</misses>
				<total>1344223</total>
				<timestamp>110.181125</timestamp>
			</report>
			<report>
				<misses>1367001</misses>
				<total>1345222</total>
				<timestamp>110.262146</timestamp>
			</report>
			<report>
				<misses>1368001</misses>
				<total>1346221</total>
				<timestamp>110.342157</timestamp>
			</report>
			<report>
				<misses>1369001</misses>
				<total>1347220</total>
				<timestamp>110.422561</timestamp>
			</report>
			<report>
				<misses>1370001</misses>
				<total>1348219</total>
				<timestamp>110.502581</timestamp>
			</report>
			<report>
				<misses>1371001</misses>
				<total>1349218</total>
				<timestamp>110.582727</timestamp>
			</report>
			<report>
				<misses>1372001</misses>
				<total>1350217</total>
				<timestamp>110.662802</timestamp>
			</report>
			<report>
				<misses>1373001</misses>
				<total>1351216</total>
				<timestamp>110.745058</timestamp>
			</report>
			<report>
				<misses>1374001</misses>
				<total>1352215</total>
				<timestamp>110.826000</timestamp>
			</report>
			<report>
				<misses>1375001</misses>
				<total>1353214</total>
				<timestamp>110.906088</timestamp>
			</report>
			<report>
				<misses>1376001</misses>
				<total>1354213</total>
				<timestamp>110.986151</timestamp>
			</report>
			<report>
				<misses>1377001</misses>
				<total>1355212</total>
				<timestamp>111.066150</timestamp>
			</report>
			<report>
				<misses>1378001</misses>
				<total>1356211</total>
				<timestamp>111.146196</timestamp>
			</report>
			<report>
				<misses>1379001</misses>
				<total>1357210</total>
				<timestamp>111.226255</timestamp>
			</report>
			<report>
				<misses>1380001</misses>
				<total>1358209</total>
				<timestamp>111.306460</timestamp>
			</report>
			<report>
				<misses>1381001</misses>
				<total>1359208</total>
				<timestamp>111.386409</timestamp>
			</report>
			<report>
				<misses>1382001</misses>
				<total>1360207</total>
				<timestamp>111.466429</timestamp>
			</report>
			<report>
				<misses>1383001</misses>
				<total>1361206</total>
				<timestamp>111.548854</timestamp>
			</report>
			<report>
				<misses>1384001</misses>
				<total>1362205</total>
				<timestamp>111.629479</timestamp>
			</report>
			<report>
				<misses>1385001</misses>
				<total>1363204</total>
				<timestamp>111.709457</timestamp>
			</report>
			<report>
				<misses>1386001</misses>
				<total>1364203</total>
				<timestamp>111.789795</timestamp>
			</report>
			<report>
				<misses>1387001</misses>
				<total>1365202</total>
				<timestamp>111.875220</timestamp>
			</report>
			<report>
				<misses>1388001</misses>
				<total>1366201</total>
				<timestamp>111.955273</timestamp>
			</report>
			<report>
				<misses>1389001</misses>
				<total>1367200</total>
				<timestamp>112.035308</timestamp>
			</report>
			<report>
				<misses>1390001</misses>
				<total>1368199</total>
				<timestamp>112.115443</timestamp>
			</report>
			<report>
				<misses>1391001</misses>
				<total>1369198</total>
				<timestamp>112.195657</timestamp>
			</report>
			<report>
				<misses>1392001</misses>
				<total>1370197</total>
				<timestamp>112.275600</timestamp>
			</report>
			<report>
				<misses>1393001</misses>
				<total>1371196</total>
				<timestamp>112.355732</timestamp>
			</report>
			<report>
				<misses>1394001</misses>
				<total>1372195</total>
				<timestamp>112.435863</timestamp>
			</report>
			<report>
				<misses>1395001</misses>
				<total>1373194</total>
				<timestamp>112.515959</timestamp>
			</report>
			<report>
				<misses>1396001</misses>
				<total>1374193</total>
				<timestamp>112.596014</timestamp>
			</report>
			<report>
				<misses>1397001</misses>
				<total>1375192</total>
				<timestamp>112.676599</timestamp>
			</report>
			<report>
				<misses>1398001</misses>
				<total>1376191</total>
				<timestamp>112.756995</timestamp>
			</report>
			<report>
				<misses>1399001</misses>
				<total>1377190</total>
				<timestamp>112.840215</timestamp>
			</report>
			<report>
				<misses>1400001</misses>
				<total>1378189</total>
				<timestamp>112.921081</timestamp>
			</report>
			<report>
				<misses>1401001</misses>
				<total>1379188</total>
				<timestamp>113.001129</timestamp>
			</report>
			<report>
				<misses>1402001</misses>
				<total>1380187</total>
				<timestamp>113.081178</timestamp>
			</report>
			<report>
				<misses>1403001</misses>
				<total>1381186</total>
				<timestamp>113.161555</timestamp>
			</report>
			<report>
				<misses>1404001</misses>
				<total>1382185</total>
				<timestamp>113.241689</timestamp>
			</report>
			<report>
				<misses>1405001</misses>
				<total>1383184</total>
				<timestamp>113.322422</timestamp>
			</report>
			<report>
				<misses>1406001</misses>
				<total>1384183</total>
				<timestamp>113.404372</timestamp>
			</report>
			<report>
				<misses>1407001</misses>
				<total>1385182</total>
				<timestamp>113.485951</timestamp>
			</report>
			<report>
				<misses>1408001</misses>
				<total>1386181</total>
				<timestamp>113.567720</timestamp>
			</report>
			<report>
				<misses>1409001</misses>
				<total>1387180</total>
				<timestamp>113.647758</timestamp>
			</report>
			<report>
				<misses>1410001</misses>
				<total>1388179</total>
				<timestamp>113.727965</timestamp>
			</report>
			<report>
				<misses>1411001</misses>
				<total>1389178</total>
				<timestamp>113.809116</timestamp>
			</report>
			<report>
				<misses>1412001</misses>
				<total>1390177</total>
				<timestamp>113.889160</timestamp>
			</report>
			<report>
				<misses>1413001</misses>
				<total>1391176</total>
				<timestamp>113.969199</timestamp>
			</report>
			<report>
				<misses>1414001</misses>
				<total>1392175</total>
				<timestamp>114.049262</timestamp>
			</report>
			<report>
				<misses>1415001</misses>
				<total>1393174</total>
				<timestamp>114.130004</timestamp>
			</report>
			<report>
				<misses>1416001</misses>
				<total>1394173</total>
				<timestamp>114.210544</timestamp>
			</report>
			<report>
				<misses>1417001</misses>
				<total>1395172</total>
				<timestamp>114.290997</timestamp>
			</report>
			<report>
				<misses>1418001</misses>
				<total>1396171</total>
				<timestamp>114.371012</timestamp>
			</report>
			<report>
				<misses>1419001</misses>
				<total>1397170</total>
				<timestamp>114.451179</timestamp>
			</report>
			<report>
				<misses>1420001</misses>
				<total>1398169</total>
				<timestamp>114.531655</timestamp>
			</report>
			<report>
				<misses>1421001</misses>
				<total>1399168</total>
				<timestamp>114.611680</timestamp>
			</report>
			<report>
				<misses>1422001</misses>
				<total>1400167</total>
				<timestamp>114.691957</timestamp>
			</report>
			<report>
				<misses>1423001</misses>
				<total>1401166</total>
				<timestamp>114.772022</timestamp>
			</report>
			<report>
				<misses>1424001</misses>
				<total>1402165</total>
				<timestamp>114.852086</timestamp>
			</report>
			<report>
				<misses>1425001</misses>
				<total>1403164</total>
				<timestamp>114.932162</timestamp>
			</report>
			<report>
				<misses>1426001</misses>
				<total>1404163</total>
				<timestamp>115.013085</timestamp>
			</report>
			<report>
				<misses>1427001</misses>
				<total>1405162</total>
				<timestamp>115.093326</timestamp>
			</report>
			<report>
				<misses>1428001</misses>
				<total>1406161</total>
				<timestamp>115.173370</timestamp>
			</report>
			<report>
				<misses>1429001</misses>
				<total>1407160</total>
				<timestamp>115.256089</timestamp>
			</report>
			<report>
				<misses>1430001</misses>
				<total>1408159</total>
				<timestamp>115.338561</timestamp>
			</report>
			<report>
				<misses>1431001</misses>
				<total>1409158</total>
				<timestamp>115.421181</timestamp>
			</report>
			<report>
				<misses>1432001</misses>
				<total>1410157</total>
				<timestamp>115.501201</timestamp>
			</report>
			<report>
				<misses>1433001</misses>
				<total>1411156</total>
				<timestamp>115.581692</timestamp>
			</report>
			<report>
				<misses>1434001</misses>
				<total>1412155</total>
				<timestamp>115.661933</timestamp>
			</report>
			<report>
				<misses>1435001</misses>
				<total>1413154</total>
				<timestamp>115.742461</timestamp>
			</report>
			<report>
				<misses>1436001</misses>
				<total>1414153</total>
				<timestamp>115.822531</timestamp>
			</report>
			<report>
				<misses>1437001</misses>
				<total>1415152</total>
				<timestamp>115.903100</timestamp>
			</report>
			<report>
				<misses>1438001</misses>
				<total>1416151</total>
				<timestamp>115.983379</timestamp>
			</report>
			<report>
				<misses>1439001</misses>
				<total>1417150</total>
				<timestamp>116.063491</timestamp>
			</report>
			<report>
				<misses>1440001</misses>
				<total>1418149</total>
				<timestamp>116.145461</timestamp>
			</report>
			<report>
				<misses>1441001</misses>
				<total>1419148</total>
				<timestamp>116.227456</timestamp>
			</report>
			<report>
				<misses>1442001</misses>
				<total>1420147</total>
				<timestamp>116.308274</timestamp>
			</report>
			<report>
				<misses>1443001</misses>
				<total>1421146</total>
				<timestamp>116.388807</timestamp>
			</report>
			<report>
				<misses>1444001</misses>
				<total>1422145</total>
				<timestamp>116.469728</timestamp>
			</report>
			<report>
				<misses>1445001</misses>
				<total>1423144</total>
				<timestamp>116.550256</timestamp>
			</report>
			<report>
				<misses>1446001</misses>
				<total>1424143</total>
				<timestamp>116.630311</timestamp>
			</report>
			<report>
				<misses>1447001</misses>
				<total>1425142</total>
				<timestamp>116.710966</timestamp>
			</report>
			<report>
				<misses>1448001</misses>
				<total>1426141</total>
				<timestamp>116.792389</timestamp>
			</report>
			<report>
				<misses>1449001</misses>
				<total>1427140</total>
				<timestamp>116.875251</timestamp>
			</report>
			<report>
				<misses>1450001</misses>
				<total>1428139</total>
				<timestamp>116.956564</timestamp>
			</report>
			<report>
				<misses>1451001</misses>
				<total>1429138</total>
				<timestamp>117.036611</timestamp>
			</report>
			<report>
				<misses>1452001</misses>
				<total>1430137</total>
				<timestamp>117.116606</timestamp>
			</report>
			<report>
				<misses>1453001</misses>
				<total>1431136</total>
				<timestamp>117.197407</timestamp>
			</report>
			<report>
				<misses>1454001</misses>
				<total>1432135</total>
				<timestamp>117.278212</timestamp>
			</report>
			<report>
				<misses>1455001</misses>
				<total>1433134</total>
				<timestamp>117.358266</timestamp>
			</report>
			<report>
				<misses>1456001</misses>
				<total>1434133</total>
				<timestamp>117.438313</timestamp>
			</report>
			<report>
				<misses>1457001</misses>
				<total>1435132</total>
				<timestamp>117.518302</timestamp>
			</report>
			<report>
				<misses>1458001</misses>
				<total>1436131</total>
				<timestamp>117.598346</timestamp>
			</report>
			<report>
				<misses>1459001</misses>
				<total>1437130</total>
				<timestamp>117.678347</timestamp>
			</report>
			<report>
				<misses>1460001</misses>
				<total>1438129</total>
				<timestamp>117.758500</timestamp>
			</report>
			<report>
				<misses>1461001</misses>
				<total>1439128</total>
				<timestamp>117.838520</timestamp>
			</report>
			<report>
				<misses>1462001</misses>
				<total>1440127</total>
				<timestamp>117.918537</timestamp>
			</report>
			<report>
				<misses>1463001</misses>
				<total>1441126</total>
				<timestamp>117.998569</timestamp>
			</report>
			<report>
				<misses>1464001</misses>
				<total>1442125</total>
				<timestamp>118.078615</timestamp>
			</report>
			<report>
				<misses>1465001</misses>
				<total>1443124</total>
				<timestamp>118.158791</timestamp>
			</report>
			<report>
				<misses>1466001</misses>
				<total>1444123</total>
				<timestamp>118.238913</timestamp>
			</report>
			<report>
				<misses>1467001</misses>
				<total>1445122</total>
				<timestamp>118.319107</timestamp>
			</report>
			<report>
				<misses>1468001</misses>
				<total>1446121</total>
				<timestamp>118.399092</timestamp>
			</report>
			<report>
				<misses>1469001</misses>
				<total>1447120</total>
				<timestamp>118.480877</timestamp>
			</report>
			<report>
				<misses>1470001</misses>
				<total>1448119</total>
				<timestamp>118.564220</timestamp>
			</report>
			<report>
				<misses>1471001</misses>
				<total>1449118</total>
				<timestamp>118.644189</timestamp>
			</report>
			<report>
				<misses>1472001</misses>
				<total>1450117</total>
				<timestamp>118.724278</timestamp>
			</report>
			<report>
				<misses>1473001</misses>
				<total>1451116</total>
				<timestamp>118.804473</timestamp>
			</report>
			<report>
				<misses>1474001</misses>
				<total>1452115</total>
				<timestamp>118.884425</timestamp>
			</report>
			<report>
				<misses>1475001</misses>
				<total>1453114</total>
				<timestamp>118.964538</timestamp>
			</report>
			<report>
				<misses>1476001</misses>
				<total>1454113</total>
				<timestamp>119.044668</timestamp>
			</report>
			<report>
				<misses>1477001</misses>
				<total>1455112</total>
				<timestamp>119.124683</timestamp>
			</report>
			<report>
				<misses>1478001</misses>
				<total>1456111</total>
				<timestamp>119.204752</timestamp>
			</report>
			<report>
				<misses>1479001</misses>
				<total>1457110</total>
				<timestamp>119.286050</timestamp>
			</report>
			<report>
				<misses>1480001</misses>
				<total>1458109</total>
				<timestamp>119.368761</timestamp>
			</report>
			<report>
				<misses>1481001</misses>
				<total>1459108</total>
				<timestamp>119.450203</timestamp>
			</report>
			<report>
				<misses>1482001</misses>
				<total>1460107</total>
				<timestamp>119.530193</timestamp>
			</report>
			<report>
				<misses>1483001</misses>
				<total>1461106</total>
				<timestamp>119.610211</timestamp>
			</report>
			<report>
				<misses>1484001</misses>
				<total>1462105</total>
				<timestamp>119.691725</timestamp>
			</report>
			<report>
				<misses>1485001</misses>
				<total>1463104</total>
				<timestamp>119.773403</timestamp>
			</report>
			<report>
				<misses>1486001</misses>
				<total>1464103</total>
				<timestamp>119.854971</timestamp>
			</report>
			<report>
				<misses>1487001</misses>
				<total>1465102</total>
				<timestamp>119.935456</timestamp>
			</report>
			<report>
				<misses>1488001</misses>
				<total>1466101</total>
				<timestamp>120.015480</timestamp>
			</report>
			<report>
				<misses>1489001</misses>
				<total>1467100</total>
				<timestamp>120.096104</timestamp>
			</report>
			<report>
				<misses>1490001</misses>
				<total>1468099</total>
				<timestamp>120.176415</timestamp>
			</report>
			<report>
				<misses>1491001</misses>
				<total>1469098</total>
				<timestamp>120.256688</timestamp>
			</report>
			<report>
				<misses>1492001</misses>
				<total>1470097</total>
				<timestamp>120.339961</timestamp>
			</report>
			<report>
				<misses>1493001</misses>
				<total>1471096</total>
				<timestamp>120.419986</timestamp>
			</report>
			<report>
				<misses>1494001</misses>
				<total>1472095</total>
				<timestamp>120.500081</timestamp>
			</report>
			<report>
				<misses>1495001</misses>
				<total>1473094</total>
				<timestamp>120.580236</timestamp>
			</report>
			<report>
				<misses>1496001</misses>
				<total>1474093</total>
				<timestamp>120.663054</timestamp>
			</report>
			<report>
				<misses>1497001</misses>
				<total>1475092</total>
				<timestamp>120.745285</timestamp>
			</report>
			<report>
				<misses>1498001</misses>
				<total>1476091</total>
				<timestamp>120.825299</timestamp>
			</report>
			<report>
				<misses>1499001</misses>
				<total>1477090</total>
				<timestamp>120.905506</timestamp>
			</report>
			<report>
				<misses>1500001</misses>
				<total>1478089</total>
				<timestamp>120.986926</timestamp>
			</report>
			<report>
				<misses>1501001</misses>
				<total>1479088</total>
				<timestamp>121.067051</timestamp>
			</report>
			<report>
				<misses>1502001</misses>
				<total>1480087</total>
				<timestamp>121.147143</timestamp>
			</report>
			<report>
				<misses>1503001</misses>
				<total>1481086</total>
				<timestamp>121.227224</timestamp>
			</report>
			<report>
				<misses>1504001</misses>
				<total>1482085</total>
				<timestamp>121.307529</timestamp>
			</report>
			<report>
				<misses>1505001</misses>
				<total>1483080</total>
				<timestamp>121.388122</timestamp>
			</report>
			<report>
				<misses>1506001</misses>
				<total>1484079</total>
				<timestamp>121.468680</timestamp>
			</report>
			<report>
				<misses>1507001</misses>
				<total>1485078</total>
				<timestamp>121.548686</timestamp>
			</report>
			<report>
				<misses>1508001</misses>
				<total>1486077</total>
				<timestamp>121.629039</timestamp>
			</report>
			<report>
				<misses>1509001</misses>
				<total>1487076</total>
				<timestamp>121.709466</timestamp>
			</report>
			<report>
				<misses>1510001</misses>
				<total>1488075</total>
				<timestamp>121.789979</timestamp>
			</report>
			<report>
				<misses>1511001</misses>
				<total>1488593</total>
				<timestamp>121.871745</timestamp>
			</report>
			<report>
				<misses>1512001</misses>
				<total>1488794</total>
				<timestamp>121.952133</timestamp>
			</report>
			<report>
				<misses>1513001</misses>
				<total>1489793</total>
				<timestamp>122.032144</timestamp>
			</report>
			<report>
				<misses>1514001</misses>
				<total>1490792</total>
				<timestamp>122.112995</timestamp>
			</report>
			<report>
				<misses>1515001</misses>
				<total>1491791</total>
				<timestamp>122.193023</timestamp>
			</report>
			<report>
				<misses>1516001</misses>
				<total>1492790</total>
				<timestamp>122.277194</timestamp>
			</report>
			<report>
				<misses>1517001</misses>
				<total>1493658</total>
				<timestamp>122.357361</timestamp>
			</report>
			<report>
				<misses>1518001</misses>
				<total>1494657</total>
				<timestamp>122.445375</timestamp>
			</report>
			<report>
				<misses>1519001</misses>
				<total>1495656</total>
				<timestamp>122.532230</timestamp>
			</report>
			<report>
				<misses>1520001</misses>
				<total>1496655</total>
				<timestamp>122.614089</timestamp>
			</report>
			<report>
				<misses>1521001</misses>
				<total>1497654</total>
				<timestamp>122.696197</timestamp>
			</report>
			<report>
				<misses>1522001</misses>
				<total>1498653</total>
				<timestamp>122.776223</timestamp>
			</report>
			<report>
				<misses>1523001</misses>
				<total>1499652</total>
				<timestamp>122.856895</timestamp>
			</report>
			<report>
				<misses>1524001</misses>
				<total>1500651</total>
				<timestamp>122.938629</timestamp>
			</report>
			<report>
				<misses>1525001</misses>
				<total>1501650</total>
				<timestamp>123.018793</timestamp>
			</report>
			<report>
				<misses>1526001</misses>
				<total>1502649</total>
				<timestamp>123.099049</timestamp>
			</report>
			<report>
				<misses>1527001</misses>
				<total>1503648</total>
				<timestamp>123.179174</timestamp>
			</report>
			<report>
				<misses>1528001</misses>
				<total>1504647</total>
				<timestamp>123.259195</timestamp>
			</report>
			<report>
				<misses>1529001</misses>
				<total>1505646</total>
				<timestamp>123.339226</timestamp>
			</report>
			<report>
				<misses>1530001</misses>
				<total>1506645</total>
				<timestamp>123.450067</timestamp>
			</report>
			<report>
				<misses>1531001</misses>
				<total>1507644</total>
				<timestamp>123.531298</timestamp>
			</report>
			<report>
				<misses>1532001</misses>
				<total>1508643</total>
				<timestamp>123.614794</timestamp>
			</report>
			<report>
				<misses>1533001</misses>
				<total>1509642</total>
				<timestamp>123.694889</timestamp>
			</report>
			<report>
				<misses>1534001</misses>
				<total>1510641</total>
				<timestamp>123.774966</timestamp>
			</report>
			<report>
				<misses>1535001</misses>
				<total>1511640</total>
				<timestamp>123.855052</timestamp>
			</report>
			<report>
				<misses>1536001</misses>
				<total>1512639</total>
				<timestamp>123.935175</timestamp>
			</report>
			<report>
				<misses>1537001</misses>
				<total>1513638</total>
				<timestamp>124.015219</timestamp>
			</report>
			<report>
				<misses>1538001</misses>
				<total>1514637</total>
				<timestamp>124.095295</timestamp>
			</report>
			<report>
				<misses>1539001</misses>
				<total>1515636</total>
				<timestamp>124.178030</timestamp>
			</report>
			<report>
				<misses>1540001</misses>
				<total>1516635</total>
				<timestamp>124.259224</timestamp>
			</report>
			<report>
				<misses>1541001</misses>
				<total>1517634</total>
				<timestamp>124.339290</timestamp>
			</report>
			<report>
				<misses>1542001</misses>
				<total>1518633</total>
				<timestamp>124.419349</timestamp>
			</report>
			<report>
				<misses>1543001</misses>
				<total>1519632</total>
				<timestamp>124.499447</timestamp>
			</report>
			<report>
				<misses>1544001</misses>
				<total>1520631</total>
				<timestamp>124.579466</timestamp>
			</report>
			<report>
				<misses>1545001</misses>
				<total>1521630</total>
				<timestamp>124.659482</timestamp>
			</report>
			<report>
				<misses>1546001</misses>
				<total>1522629</total>
				<timestamp>124.739455</timestamp>
			</report>
			<report>
				<misses>1547001</misses>
				<total>1523628</total>
				<timestamp>124.819479</timestamp>
			</report>
			<report>
				<misses>1548001</misses>
				<total>1524627</total>
				<timestamp>124.899491</timestamp>
			</report>
			<report>
				<misses>1549001</misses>
				<total>1525626</total>
				<timestamp>124.979665</timestamp>
			</report>
			<report>
				<misses>1550001</misses>
				<total>1526625</total>
				<timestamp>125.060424</timestamp>
			</report>
			<report>
				<misses>1551001</misses>
				<total>1527624</total>
				<timestamp>125.140926</timestamp>
			</report>
			<report>
				<misses>1552001</misses>
				<total>1528623</total>
				<timestamp>125.222196</timestamp>
			</report>
			<report>
				<misses>1553001</misses>
				<total>1529622</total>
				<timestamp>125.306248</timestamp>
			</report>
			<report>
				<misses>1554001</misses>
				<total>1530621</total>
				<timestamp>125.386261</timestamp>
			</report>
			<report>
				<misses>1555001</misses>
				<total>1531620</total>
				<timestamp>125.466521</timestamp>
			</report>
			<report>
				<misses>1556001</misses>
				<total>1532619</total>
				<timestamp>125.547293</timestamp>
			</report>
			<report>
				<misses>1557001</misses>
				<total>1533618</total>
				<timestamp>125.627358</timestamp>
			</report>
			<report>
				<misses>1558001</misses>
				<total>1534617</total>
				<timestamp>125.708738</timestamp>
			</report>
			<report>
				<misses>1559001</misses>
				<total>1535616</total>
				<timestamp>125.788727</timestamp>
			</report>
			<report>
				<misses>1560001</misses>
				<total>1536615</total>
				<timestamp>125.871851</timestamp>
			</report>
			<report>
				<misses>1561001</misses>
				<total>1537614</total>
				<timestamp>125.952091</timestamp>
			</report>
			<report>
				<misses>1562001</misses>
				<total>1538613</total>
				<timestamp>126.032143</timestamp>
			</report>
			<report>
				<misses>1563001</misses>
				<total>1539612</total>
				<timestamp>126.112184</timestamp>
			</report>
			<report>
				<misses>1564001</misses>
				<total>1540611</total>
				<timestamp>126.192362</timestamp>
			</report>
			<report>
				<misses>1565001</misses>
				<total>1541610</total>
				<timestamp>126.272354</timestamp>
			</report>
			<report>
				<misses>1566001</misses>
				<total>1542609</total>
				<timestamp>126.352361</timestamp>
			</report>
			<report>
				<misses>1567001</misses>
				<total>1543608</total>
				<timestamp>126.432863</timestamp>
			</report>
			<report>
				<misses>1568001</misses>
				<total>1544607</total>
				<timestamp>126.513608</timestamp>
			</report>
			<report>
				<misses>1569001</misses>
				<total>1545606</total>
				<timestamp>126.594494</timestamp>
			</report>
			<report>
				<misses>1570001</misses>
				<total>1546605</total>
				<timestamp>126.675247</timestamp>
			</report>
			<report>
				<misses>1571001</misses>
				<total>1547604</total>
				<timestamp>126.755300</timestamp>
			</report>
			<report>
				<misses>1572001</misses>
				<total>1548603</total>
				<timestamp>126.835374</timestamp>
			</report>
			<report>
				<misses>1573001</misses>
				<total>1549602</total>
				<timestamp>126.915642</timestamp>
			</report>
			<report>
				<misses>1574001</misses>
				<total>1550601</total>
				<timestamp>126.995600</timestamp>
			</report>
			<report>
				<misses>1575001</misses>
				<total>1551600</total>
				<timestamp>127.075674</timestamp>
			</report>
			<report>
				<misses>1576001</misses>
				<total>1552599</total>
				<timestamp>127.155715</timestamp>
			</report>
			<report>
				<misses>1577001</misses>
				<total>1553598</total>
				<timestamp>127.236132</timestamp>
			</report>
			<report>
				<misses>1578001</misses>
				<total>1554597</total>
				<timestamp>127.316170</timestamp>
			</report>
			<report>
				<misses>1579001</misses>
				<total>1555596</total>
				<timestamp>127.396253</timestamp>
			</report>
			<report>
				<misses>1580001</misses>
				<total>1556595</total>
				<timestamp>127.476335</timestamp>
			</report>
			<report>
				<misses>1581001</misses>
				<total>1557594</total>
				<timestamp>127.556380</timestamp>
			</report>
			<report>
				<misses>1582001</misses>
				<total>1558593</total>
				<timestamp>127.636443</timestamp>
			</report>
			<report>
				<misses>1583001</misses>
				<total>1559592</total>
				<timestamp>127.717026</timestamp>
			</report>
			<report>
				<misses>1584001</misses>
				<total>1560591</total>
				<timestamp>127.800496</timestamp>
			</report>
			<report>
				<misses>1585001</misses>
				<total>1561590</total>
				<timestamp>127.880657</timestamp>
			</report>
			<report>
				<misses>1586001</misses>
				<total>1562589</total>
				<timestamp>127.962525</timestamp>
			</report>
			<report>
				<misses>1587001</misses>
				<total>1563588</total>
				<timestamp>128.042632</timestamp>
			</report>
			<report>
				<misses>1588001</misses>
				<total>1564587</total>
				<timestamp>128.122618</timestamp>
			</report>
			<report>
				<misses>1589001</misses>
				<total>1565586</total>
				<timestamp>128.204180</timestamp>
			</report>
			<report>
				<misses>1590001</misses>
				<total>1566585</total>
				<timestamp>128.284296</timestamp>
			</report>
			<report>
				<misses>1591001</misses>
				<total>1567584</total>
				<timestamp>128.365695</timestamp>
			</report>
			<report>
				<misses>1592001</misses>
				<total>1568583</total>
				<timestamp>128.446028</timestamp>
			</report>
			<report>
				<misses>1593001</misses>
				<total>1569582</total>
				<timestamp>128.526030</timestamp>
			</report>
			<report>
				<misses>1594001</misses>
				<total>1570581</total>
				<timestamp>128.607074</timestamp>
			</report>
			<report>
				<misses>1595001</misses>
				<total>1571580</total>
				<timestamp>128.687080</timestamp>
			</report>
			<report>
				<misses>1596001</misses>
				<total>1572579</total>
				<timestamp>128.767104</timestamp>
			</report>
			<report>
				<misses>1597001</misses>
				<total>1573578</total>
				<timestamp>128.847086</timestamp>
			</report>
			<report>
				<misses>1598001</misses>
				<total>1574577</total>
				<timestamp>128.927088</timestamp>
			</report>
			<report>
				<misses>1599001</misses>
				<total>1575576</total>
				<timestamp>129.007877</timestamp>
			</report>
			<report>
				<misses>1600001</misses>
				<total>1576575</total>
				<timestamp>129.087911</timestamp>
			</report>
			<report>
				<misses>1601001</misses>
				<total>1577574</total>
				<timestamp>129.168012</timestamp>
			</report>
			<report>
				<misses>1602001</misses>
				<total>1578573</total>
				<timestamp>129.248182</timestamp>
			</report>
			<report>
				<misses>1603001</misses>
				<total>1579572</total>
				<timestamp>129.328230</timestamp>
			</report>
			<report>
				<misses>1604001</misses>
				<total>1580571</total>
				<timestamp>129.410357</timestamp>
			</report>
			<report>
				<misses>1605001</misses>
				<total>1581570</total>
				<timestamp>129.491718</timestamp>
			</report>
			<report>
				<misses>1606001</misses>
				<total>1582569</total>
				<timestamp>129.571775</timestamp>
			</report>
			<report>
				<misses>1607001</misses>
				<total>1583568</total>
				<timestamp>129.651853</timestamp>
			</report>
			<report>
				<misses>1608001</misses>
				<total>1584567</total>
				<timestamp>129.731913</timestamp>
			</report>
			<report>
				<misses>1609001</misses>
				<total>1585566</total>
				<timestamp>129.811998</timestamp>
			</report>
			<report>
				<misses>1610001</misses>
				<total>1586565</total>
				<timestamp>129.892635</timestamp>
			</report>
			<report>
				<misses>1611001</misses>
				<total>1587564</total>
				<timestamp>129.975676</timestamp>
			</report>
			<report>
				<misses>1612001</misses>
				<total>1588563</total>
				<timestamp>130.055987</timestamp>
			</report>
			<report>
				<misses>1613001</misses>
				<total>1589562</total>
				<timestamp>130.137008</timestamp>
			</report>
			<report>
				<misses>1614001</misses>
				<total>1590561</total>
				<timestamp>130.219606</timestamp>
			</report>
			<report>
				<misses>1615001</misses>
				<total>1591560</total>
				<timestamp>130.300893</timestamp>
			</report>
			<report>
				<misses>1616001</misses>
				<total>1592559</total>
				<timestamp>130.386379</timestamp>
			</report>
			<report>
				<misses>1617001</misses>
				<total>1593558</total>
				<timestamp>130.467986</timestamp>
			</report>
			<report>
				<misses>1618001</misses>
				<total>1594557</total>
				<timestamp>130.549503</timestamp>
			</report>
			<report>
				<misses>1619001</misses>
				<total>1595556</total>
				<timestamp>130.629631</timestamp>
			</report>
			<report>
				<misses>1620001</misses>
				<total>1596555</total>
				<timestamp>130.713339</timestamp>
			</report>
			<report>
				<misses>1621001</misses>
				<total>1597554</total>
				<timestamp>130.794893</timestamp>
			</report>
			<report>
				<misses>1622001</misses>
				<total>1598553</total>
				<timestamp>130.876056</timestamp>
			</report>
			<report>
				<misses>1623001</misses>
				<total>1599552</total>
				<timestamp>130.956191</timestamp>
			</report>
			<report>
				<misses>1624001</misses>
				<total>1600551</total>
				<timestamp>131.036429</timestamp>
			</report>
			<report>
				<misses>1625001</misses>
				<total>1601550</total>
				<timestamp>131.117727</timestamp>
			</report>
			<report>
				<misses>1626001</misses>
				<total>1602549</total>
				<timestamp>131.197706</timestamp>
			</report>
			<report>
				<misses>1627001</misses>
				<total>1603548</total>
				<timestamp>131.277688</timestamp>
			</report>
			<report>
				<misses>1628001</misses>
				<total>1604547</total>
				<timestamp>131.357687</timestamp>
			</report>
			<report>
				<misses>1629001</misses>
				<total>1605546</total>
				<timestamp>131.437809</timestamp>
			</report>
			<report>
				<misses>1630001</misses>
				<total>1606545</total>
				<timestamp>131.517835</timestamp>
			</report>
			<report>
				<misses>1631001</misses>
				<total>1607544</total>
				<timestamp>131.597902</timestamp>
			</report>
			<report>
				<misses>1632001</misses>
				<total>1608543</total>
				<timestamp>131.677847</timestamp>
			</report>
			<report>
				<misses>1633001</misses>
				<total>1609542</total>
				<timestamp>131.758002</timestamp>
			</report>
			<report>
				<misses>1634001</misses>
				<total>1610541</total>
				<timestamp>131.838042</timestamp>
			</report>
			<report>
				<misses>1635001</misses>
				<total>1611540</total>
				<timestamp>131.918010</timestamp>
			</report>
			<report>
				<misses>1636001</misses>
				<total>1612539</total>
				<timestamp>131.998085</timestamp>
			</report>
			<report>
				<misses>1637001</misses>
				<total>1613538</total>
				<timestamp>132.078160</timestamp>
			</report>
			<report>
				<misses>1638001</misses>
				<total>1614537</total>
				<timestamp>132.158336</timestamp>
			</report>
			<report>
				<misses>1639001</misses>
				<total>1615536</total>
				<timestamp>132.238342</timestamp>
			</report>
			<report>
				<misses>1640001</misses>
				<total>1616535</total>
				<timestamp>132.318351</timestamp>
			</report>
			<report>
				<misses>1641001</misses>
				<total>1617534</total>
				<timestamp>132.398567</timestamp>
			</report>
			<report>
				<misses>1642001</misses>
				<total>1618533</total>
				<timestamp>132.479172</timestamp>
			</report>
			<report>
				<misses>1643001</misses>
				<total>1619532</total>
				<timestamp>132.561176</timestamp>
			</report>
			<report>
				<misses>1644001</misses>
				<total>1620531</total>
				<timestamp>132.641196</timestamp>
			</report>
			<report>
				<misses>1645001</misses>
				<total>1621530</total>
				<timestamp>132.723331</timestamp>
			</report>
			<report>
				<misses>1646001</misses>
				<total>1622529</total>
				<timestamp>132.803862</timestamp>
			</report>
			<report>
				<misses>1647001</misses>
				<total>1623528</total>
				<timestamp>132.883968</timestamp>
			</report>
			<report>
				<misses>1648001</misses>
				<total>1624527</total>
				<timestamp>132.963983</timestamp>
			</report>
			<report>
				<misses>1649001</misses>
				<total>1625526</total>
				<timestamp>133.043977</timestamp>
			</report>
			<report>
				<misses>1650001</misses>
				<total>1626525</total>
				<timestamp>133.124153</timestamp>
			</report>
			<report>
				<misses>1651001</misses>
				<total>1627524</total>
				<timestamp>133.204392</timestamp>
			</report>
			<report>
				<misses>1652001</misses>
				<total>1628523</total>
				<timestamp>133.284649</timestamp>
			</report>
			<report>
				<misses>1653001</misses>
				<total>1629522</total>
				<timestamp>133.364969</timestamp>
			</report>
			<report>
				<misses>1654001</misses>
				<total>1630521</total>
				<timestamp>133.447383</timestamp>
			</report>
			<report>
				<misses>1655001</misses>
				<total>1631520</total>
				<timestamp>133.527428</timestamp>
			</report>
			<report>
				<misses>1656001</misses>
				<total>1632519</total>
				<timestamp>133.607395</timestamp>
			</report>
			<report>
				<misses>1657001</misses>
				<total>1633518</total>
				<timestamp>133.687382</timestamp>
			</report>
			<report>
				<misses>1658001</misses>
				<total>1634517</total>
				<timestamp>133.767408</timestamp>
			</report>
			<report>
				<misses>1659001</misses>
				<total>1635516</total>
				<timestamp>133.849563</timestamp>
			</report>
			<report>
				<misses>1660001</misses>
				<total>1636515</total>
				<timestamp>133.931928</timestamp>
			</report>
			<report>
				<misses>1661001</misses>
				<total>1637514</total>
				<timestamp>134.011965</timestamp>
			</report>
			<report>
				<misses>1662001</misses>
				<total>1638513</total>
				<timestamp>134.092197</timestamp>
			</report>
			<report>
				<misses>1663001</misses>
				<total>1639512</total>
				<timestamp>134.172261</timestamp>
			</report>
			<report>
				<misses>1664001</misses>
				<total>1640511</total>
				<timestamp>134.252404</timestamp>
			</report>
			<report>
				<misses>1665001</misses>
				<total>1641510</total>
				<timestamp>134.332406</timestamp>
			</report>
			<report>
				<misses>1666001</misses>
				<total>1642509</total>
				<timestamp>134.412565</timestamp>
			</report>
			<report>
				<misses>1667001</misses>
				<total>1643508</total>
				<timestamp>134.494870</timestamp>
			</report>
			<report>
				<misses>1668001</misses>
				<total>1644507</total>
				<timestamp>134.574950</timestamp>
			</report>
			<report>
				<misses>1669001</misses>
				<total>1645506</total>
				<timestamp>134.655221</timestamp>
			</report>
			<report>
				<misses>1670001</misses>
				<total>1646505</total>
				<timestamp>134.735238</timestamp>
			</report>
			<report>
				<misses>1671001</misses>
				<total>1647504</total>
				<timestamp>134.815246</timestamp>
			</report>
			<report>
				<misses>1672001</misses>
				<total>1648503</total>
				<timestamp>134.895293</timestamp>
			</report>
			<report>
				<misses>1673001</misses>
				<total>1649502</total>
				<timestamp>134.975424</timestamp>
			</report>
			<report>
				<misses>1674001</misses>
				<total>1650501</total>
				<timestamp>135.055534</timestamp>
			</report>
			<report>
				<misses>1675001</misses>
				<total>1651500</total>
				<timestamp>135.136877</timestamp>
			</report>
			<report>
				<misses>1676001</misses>
				<total>1652499</total>
				<timestamp>135.217030</timestamp>
			</report>
			<report>
				<misses>1677001</misses>
				<total>1653498</total>
				<timestamp>135.297862</timestamp>
			</report>
			<report>
				<misses>1678001</misses>
				<total>1654497</total>
				<timestamp>135.378158</timestamp>
			</report>
			<report>
				<misses>1679001</misses>
				<total>1655496</total>
				<timestamp>135.461864</timestamp>
			</report>
			<report>
				<misses>1680001</misses>
				<total>1656495</total>
				<timestamp>135.544131</timestamp>
			</report>
			<report>
				<misses>1681001</misses>
				<total>1657494</total>
				<timestamp>135.624800</timestamp>
			</report>
			<report>
				<misses>1682001</misses>
				<total>1658493</total>
				<timestamp>135.705679</timestamp>
			</report>
			<report>
				<misses>1683001</misses>
				<total>1659492</total>
				<timestamp>135.786136</timestamp>
			</report>
			<report>
				<misses>1684001</misses>
				<total>1660491</total>
				<timestamp>135.866233</timestamp>
			</report>
			<report>
				<misses>1685001</misses>
				<total>1661490</total>
				<timestamp>135.946225</timestamp>
			</report>
			<report>
				<misses>1686001</misses>
				<total>1662489</total>
				<timestamp>136.027027</timestamp>
			</report>
			<report>
				<misses>1687001</misses>
				<total>1663488</total>
				<timestamp>136.107310</timestamp>
			</report>
			<report>
				<misses>1688001</misses>
				<total>1664487</total>
				<timestamp>136.188575</timestamp>
			</report>
			<report>
				<misses>1689001</misses>
				<total>1665486</total>
				<timestamp>136.269290</timestamp>
			</report>
			<report>
				<misses>1690001</misses>
				<total>1666485</total>
				<timestamp>136.349298</timestamp>
			</report>
			<report>
				<misses>1691001</misses>
				<total>1667484</total>
				<timestamp>136.429295</timestamp>
			</report>
			<report>
				<misses>1692001</misses>
				<total>1668483</total>
				<timestamp>136.510890</timestamp>
			</report>
			<report>
				<misses>1693001</misses>
				<total>1669482</total>
				<timestamp>136.591034</timestamp>
			</report>
			<report>
				<misses>1694001</misses>
				<total>1670481</total>
				<timestamp>136.671316</timestamp>
			</report>
			<report>
				<misses>1695001</misses>
				<total>1671480</total>
				<timestamp>136.751307</timestamp>
			</report>
			<report>
				<misses>1696001</misses>
				<total>1672479</total>
				<timestamp>136.831336</timestamp>
			</report>
			<report>
				<misses>1697001</misses>
				<total>1673478</total>
				<timestamp>136.911358</timestamp>
			</report>
			<report>
				<misses>1698001</misses>
				<total>1674477</total>
				<timestamp>136.991380</timestamp>
			</report>
			<report>
				<misses>1699001</misses>
				<total>1675476</total>
				<timestamp>137.071481</timestamp>
			</report>
			<report>
				<misses>1700001</misses>
				<total>1676475</total>
				<timestamp>137.151581</timestamp>
			</report>
			<report>
				<misses>1701001</misses>
				<total>1677474</total>
				<timestamp>137.231640</timestamp>
			</report>
			<report>
				<misses>1702001</misses>
				<total>1678473</total>
				<timestamp>137.311620</timestamp>
			</report>
			<report>
				<misses>1703001</misses>
				<total>1679472</total>
				<timestamp>137.391666</timestamp>
			</report>
			<report>
				<misses>1704001</misses>
				<total>1680471</total>
				<timestamp>137.471670</timestamp>
			</report>
			<report>
				<misses>1705001</misses>
				<total>1681470</total>
				<timestamp>137.551655</timestamp>
			</report>
			<report>
				<misses>1706001</misses>
				<total>1682469</total>
				<timestamp>137.631794</timestamp>
			</report>
			<report>
				<misses>1707001</misses>
				<total>1683468</total>
				<timestamp>137.711932</timestamp>
			</report>
			<report>
				<misses>1708001</misses>
				<total>1684467</total>
				<timestamp>137.792011</timestamp>
			</report>
			<report>
				<misses>1709001</misses>
				<total>1685466</total>
				<timestamp>137.872046</timestamp>
			</report>
			<report>
				<misses>1710001</misses>
				<total>1686465</total>
				<timestamp>137.952067</timestamp>
			</report>
			<report>
				<misses>1711001</misses>
				<total>1687464</total>
				<timestamp>138.032078</timestamp>
			</report>
			<report>
				<misses>1712001</misses>
				<total>1688463</total>
				<timestamp>138.112260</timestamp>
			</report>
			<report>
				<misses>1713001</misses>
				<total>1689462</total>
				<timestamp>138.193186</timestamp>
			</report>
			<report>
				<misses>1714001</misses>
				<total>1690461</total>
				<timestamp>138.273233</timestamp>
			</report>
			<report>
				<misses>1715001</misses>
				<total>1691460</total>
				<timestamp>138.355845</timestamp>
			</report>
			<report>
				<misses>1716001</misses>
				<total>1692459</total>
				<timestamp>138.435859</timestamp>
			</report>
			<report>
				<misses>1717001</misses>
				<total>1693458</total>
				<timestamp>138.516260</timestamp>
			</report>
			<report>
				<misses>1718001</misses>
				<total>1694457</total>
				<timestamp>138.596293</timestamp>
			</report>
			<report>
				<misses>1719001</misses>
				<total>1695456</total>
				<timestamp>138.676428</timestamp>
			</report>
			<report>
				<misses>1720001</misses>
				<total>1696455</total>
				<timestamp>138.759194</timestamp>
			</report>
			<report>
				<misses>1721001</misses>
				<total>1697454</total>
				<timestamp>138.839566</timestamp>
			</report>
			<report>
				<misses>1722001</misses>
				<total>1698453</total>
				<timestamp>138.919528</timestamp>
			</report>
			<report>
				<misses>1723001</misses>
				<total>1699452</total>
				<timestamp>138.999547</timestamp>
			</report>
			<report>
				<misses>1724001</misses>
				<total>1700451</total>
				<timestamp>139.079559</timestamp>
			</report>
			<report>
				<misses>1725001</misses>
				<total>1701450</total>
				<timestamp>139.159537</timestamp>
			</report>
			<report>
				<misses>1726001</misses>
				<total>1702449</total>
				<timestamp>139.239789</timestamp>
			</report>
			<report>
				<misses>1727001</misses>
				<total>1703448</total>
				<timestamp>139.320413</timestamp>
			</report>
			<report>
				<misses>1728001</misses>
				<total>1704447</total>
				<timestamp>139.400413</timestamp>
			</report>
			<report>
				<misses>1729001</misses>
				<total>1705446</total>
				<timestamp>139.480671</timestamp>
			</report>
			<report>
				<misses>1730001</misses>
				<total>1706445</total>
				<timestamp>139.561720</timestamp>
			</report>
			<report>
				<misses>1731001</misses>
				<total>1707444</total>
				<timestamp>139.644036</timestamp>
			</report>
			<report>
				<misses>1732001</misses>
				<total>1708443</total>
				<timestamp>139.727357</timestamp>
			</report>
			<report>
				<misses>1733001</misses>
				<total>1709442</total>
				<timestamp>139.807521</timestamp>
			</report>
			<report>
				<misses>1734001</misses>
				<total>1710441</total>
				<timestamp>139.887536</timestamp>
			</report>
			<report>
				<misses>1735001</misses>
				<total>1711440</total>
				<timestamp>139.967636</timestamp>
			</report>
			<report>
				<misses>1736001</misses>
				<total>1712439</total>
				<timestamp>140.049982</timestamp>
			</report>
			<report>
				<misses>1737001</misses>
				<total>1713438</total>
				<timestamp>140.129968</timestamp>
			</report>
			<report>
				<misses>1738001</misses>
				<total>1714437</total>
				<timestamp>140.210009</timestamp>
			</report>
			<report>
				<misses>1739001</misses>
				<total>1715436</total>
				<timestamp>140.290031</timestamp>
			</report>
			<report>
				<misses>1740001</misses>
				<total>1716435</total>
				<timestamp>140.370203</timestamp>
			</report>
			<report>
				<misses>1741001</misses>
				<total>1717434</total>
				<timestamp>140.450230</timestamp>
			</report>
			<report>
				<misses>1742001</misses>
				<total>1718433</total>
				<timestamp>140.531143</timestamp>
			</report>
			<report>
				<misses>1743001</misses>
				<total>1719432</total>
				<timestamp>140.611134</timestamp>
			</report>
			<report>
				<misses>1744001</misses>
				<total>1720431</total>
				<timestamp>140.693359</timestamp>
			</report>
			<report>
				<misses>1745001</misses>
				<total>1721430</total>
				<timestamp>140.774797</timestamp>
			</report>
			<report>
				<misses>1746001</misses>
				<total>1722429</total>
				<timestamp>140.855231</timestamp>
			</report>
			<report>
				<misses>1747001</misses>
				<total>1723428</total>
				<timestamp>140.935314</timestamp>
			</report>
			<report>
				<misses>1748001</misses>
				<total>1724427</total>
				<timestamp>141.015302</timestamp>
			</report>
			<report>
				<misses>1749001</misses>
				<total>1725426</total>
				<timestamp>141.095652</timestamp>
			</report>
			<report>
				<misses>1750001</misses>
				<total>1726425</total>
				<timestamp>141.175627</timestamp>
			</report>
			<report>
				<misses>1751001</misses>
				<total>1727424</total>
				<timestamp>141.256842</timestamp>
			</report>
			<report>
				<misses>1752001</misses>
				<total>1728423</total>
				<timestamp>141.336919</timestamp>
			</report>
			<report>
				<misses>1753001</misses>
				<total>1729422</total>
				<timestamp>141.417037</timestamp>
			</report>
			<report>
				<misses>1754001</misses>
				<total>1730421</total>
				<timestamp>141.497105</timestamp>
			</report>
			<report>
				<misses>1755001</misses>
				<total>1731420</total>
				<timestamp>141.577842</timestamp>
			</report>
			<report>
				<misses>1756001</misses>
				<total>1732419</total>
				<timestamp>141.658733</timestamp>
			</report>
			<report>
				<misses>1757001</misses>
				<total>1733418</total>
				<timestamp>141.738843</timestamp>
			</report>
			<report>
				<misses>1758001</misses>
				<total>1734417</total>
				<timestamp>141.820917</timestamp>
			</report>
			<report>
				<misses>1759001</misses>
				<total>1735416</total>
				<timestamp>141.901291</timestamp>
			</report>
			<report>
				<misses>1760001</misses>
				<total>1736415</total>
				<timestamp>141.981344</timestamp>
			</report>
			<report>
				<misses>1761001</misses>
				<total>1737414</total>
				<timestamp>142.061422</timestamp>
			</report>
			<report>
				<misses>1762001</misses>
				<total>1738413</total>
				<timestamp>142.141386</timestamp>
			</report>
			<report>
				<misses>1763001</misses>
				<total>1739412</total>
				<timestamp>142.221380</timestamp>
			</report>
			<report>
				<misses>1764001</misses>
				<total>1740411</total>
				<timestamp>142.301428</timestamp>
			</report>
			<report>
				<misses>1765001</misses>
				<total>1741410</total>
				<timestamp>142.381459</timestamp>
			</report>
			<report>
				<misses>1766001</misses>
				<total>1742409</total>
				<timestamp>142.462917</timestamp>
			</report>
			<report>
				<misses>1767001</misses>
				<total>1743408</total>
				<timestamp>142.542977</timestamp>
			</report>
			<report>
				<misses>1768001</misses>
				<total>1744407</total>
				<timestamp>142.623143</timestamp>
			</report>
			<report>
				<misses>1769001</misses>
				<total>1745406</total>
				<timestamp>142.703171</timestamp>
			</report>
			<report>
				<misses>1770001</misses>
				<total>1746405</total>
				<timestamp>142.783967</timestamp>
			</report>
			<report>
				<misses>1771001</misses>
				<total>1747404</total>
				<timestamp>142.864372</timestamp>
			</report>
			<report>
				<misses>1772001</misses>
				<total>1748403</total>
				<timestamp>142.945140</timestamp>
			</report>
			<report>
				<misses>1773001</misses>
				<total>1749402</total>
				<timestamp>143.025167</timestamp>
			</report>
			<report>
				<misses>1774001</misses>
				<total>1750401</total>
				<timestamp>143.105205</timestamp>
			</report>
			<report>
				<misses>1775001</misses>
				<total>1751400</total>
				<timestamp>143.185376</timestamp>
			</report>
			<report>
				<misses>1776001</misses>
				<total>1752399</total>
				<timestamp>143.266022</timestamp>
			</report>
			<report>
				<misses>1777001</misses>
				<total>1753398</total>
				<timestamp>143.346032</timestamp>
			</report>
			<report>
				<misses>1778001</misses>
				<total>1754397</total>
				<timestamp>143.426242</timestamp>
			</report>
			<report>
				<misses>1779001</misses>
				<total>1755396</total>
				<timestamp>143.506358</timestamp>
			</report>
			<report>
				<misses>1780001</misses>
				<total>1756395</total>
				<timestamp>143.586676</timestamp>
			</report>
			<report>
				<misses>1781001</misses>
				<total>1757394</total>
				<timestamp>143.667511</timestamp>
			</report>
			<report>
				<misses>1782001</misses>
				<total>1758393</total>
				<timestamp>143.747447</timestamp>
			</report>
			<report>
				<misses>1783001</misses>
				<total>1759392</total>
				<timestamp>143.827620</timestamp>
			</report>
			<report>
				<misses>1784001</misses>
				<total>1760391</total>
				<timestamp>143.907998</timestamp>
			</report>
			<report>
				<misses>1785001</misses>
				<total>1761390</total>
				<timestamp>143.988047</timestamp>
			</report>
			<report>
				<misses>1786001</misses>
				<total>1762389</total>
				<timestamp>144.068081</timestamp>
			</report>
			<report>
				<misses>1787001</misses>
				<total>1763388</total>
				<timestamp>144.148249</timestamp>
			</report>
			<report>
				<misses>1788001</misses>
				<total>1764387</total>
				<timestamp>144.228329</timestamp>
			</report>
			<report>
				<misses>1789001</misses>
				<total>1765386</total>
				<timestamp>144.308355</timestamp>
			</report>
			<report>
				<misses>1790001</misses>
				<total>1766385</total>
				<timestamp>144.388457</timestamp>
			</report>
			<report>
				<misses>1791001</misses>
				<total>1767384</total>
				<timestamp>144.468471</timestamp>
			</report>
			<report>
				<misses>1792001</misses>
				<total>1768383</total>
				<timestamp>144.548456</timestamp>
			</report>
			<report>
				<misses>1793001</misses>
				<total>1769382</total>
				<timestamp>144.628463</timestamp>
			</report>
			<report>
				<misses>1794001</misses>
				<total>1770381</total>
				<timestamp>144.708434</timestamp>
			</report>
			<report>
				<misses>1795001</misses>
				<total>1771380</total>
				<timestamp>144.788573</timestamp>
			</report>
			<report>
				<misses>1796001</misses>
				<total>1772379</total>
				<timestamp>144.868996</timestamp>
			</report>
			<report>
				<misses>1797001</misses>
				<total>1773378</total>
				<timestamp>144.948966</timestamp>
			</report>
			<report>
				<misses>1798001</misses>
				<total>1774377</total>
				<timestamp>145.028980</timestamp>
			</report>
			<report>
				<misses>1799001</misses>
				<total>1775376</total>
				<timestamp>145.112985</timestamp>
			</report>
			<report>
				<misses>1800001</misses>
				<total>1776375</total>
				<timestamp>145.217975</timestamp>
			</report>
			<report>
				<misses>1801001</misses>
				<total>1777374</total>
				<timestamp>145.297998</timestamp>
			</report>
			<report>
				<misses>1802001</misses>
				<total>1778373</total>
				<timestamp>145.378127</timestamp>
			</report>
			<report>
				<misses>1803001</misses>
				<total>1779372</total>
				<timestamp>145.458172</timestamp>
			</report>
			<report>
				<misses>1804001</misses>
				<total>1780371</total>
				<timestamp>145.538267</timestamp>
			</report>
			<report>
				<misses>1805001</misses>
				<total>1781370</total>
				<timestamp>145.618332</timestamp>
			</report>
			<report>
				<misses>1806001</misses>
				<total>1782369</total>
				<timestamp>145.698432</timestamp>
			</report>
			<report>
				<misses>1807001</misses>
				<total>1783368</total>
				<timestamp>145.778502</timestamp>
			</report>
			<report>
				<misses>1808001</misses>
				<total>1784367</total>
				<timestamp>145.858563</timestamp>
			</report>
			<report>
				<misses>1809001</misses>
				<total>1785366</total>
				<timestamp>145.938760</timestamp>
			</report>
			<report>
				<misses>1810001</misses>
				<total>1786365</total>
				<timestamp>146.018847</timestamp>
			</report>
			<report>
				<misses>1811001</misses>
				<total>1787364</total>
				<timestamp>146.098826</timestamp>
			</report>
			<report>
				<misses>1812001</misses>
				<total>1788363</total>
				<timestamp>146.178921</timestamp>
			</report>
			<report>
				<misses>1813001</misses>
				<total>1789362</total>
				<timestamp>146.259232</timestamp>
			</report>
			<report>
				<misses>1814001</misses>
				<total>1790361</total>
				<timestamp>146.339218</timestamp>
			</report>
			<report>
				<misses>1815001</misses>
				<total>1791360</total>
				<timestamp>146.419227</timestamp>
			</report>
			<report>
				<misses>1816001</misses>
				<total>1792359</total>
				<timestamp>146.499205</timestamp>
			</report>
			<report>
				<misses>1817001</misses>
				<total>1793358</total>
				<timestamp>146.579217</timestamp>
			</report>
			<report>
				<misses>1818001</misses>
				<total>1794357</total>
				<timestamp>146.659476</timestamp>
			</report>
			<report>
				<misses>1819001</misses>
				<total>1795356</total>
				<timestamp>146.748197</timestamp>
			</report>
			<report>
				<misses>1820001</misses>
				<total>1796355</total>
				<timestamp>146.828330</timestamp>
			</report>
			<report>
				<misses>1821001</misses>
				<total>1797354</total>
				<timestamp>146.908381</timestamp>
			</report>
			<report>
				<misses>1822001</misses>
				<total>1798353</total>
				<timestamp>146.989099</timestamp>
			</report>
			<report>
				<misses>1823001</misses>
				<total>1799352</total>
				<timestamp>147.070162</timestamp>
			</report>
			<report>
				<misses>1824001</misses>
				<total>1800351</total>
				<timestamp>147.150344</timestamp>
			</report>
			<report>
				<misses>1825001</misses>
				<total>1801350</total>
				<timestamp>147.230345</timestamp>
			</report>
			<report>
				<misses>1826001</misses>
				<total>1802349</total>
				<timestamp>147.310333</timestamp>
			</report>
			<report>
				<misses>1827001</misses>
				<total>1803348</total>
				<timestamp>147.390773</timestamp>
			</report>
			<report>
				<misses>1828001</misses>
				<total>1804347</total>
				<timestamp>147.470907</timestamp>
			</report>
			<report>
				<misses>1829001</misses>
				<total>1805346</total>
				<timestamp>147.551547</timestamp>
			</report>
			<report>
				<misses>1830001</misses>
				<total>1806345</total>
				<timestamp>147.631605</timestamp>
			</report>
			<report>
				<misses>1831001</misses>
				<total>1807344</total>
				<timestamp>147.711608</timestamp>
			</report>
			<report>
				<misses>1832001</misses>
				<total>1808343</total>
				<timestamp>147.791632</timestamp>
			</report>
			<report>
				<misses>1833001</misses>
				<total>1809342</total>
				<timestamp>147.873715</timestamp>
			</report>
			<report>
				<misses>1834001</misses>
				<total>1810341</total>
				<timestamp>147.954314</timestamp>
			</report>
			<report>
				<misses>1835001</misses>
				<total>1811340</total>
				<timestamp>148.034390</timestamp>
			</report>
			<report>
				<misses>1836001</misses>
				<total>1812339</total>
				<timestamp>148.117358</timestamp>
			</report>
			<report>
				<misses>1837001</misses>
				<total>1813338</total>
				<timestamp>148.199521</timestamp>
			</report>
			<report>
				<misses>1838001</misses>
				<total>1814337</total>
				<timestamp>148.279615</timestamp>
			</report>
			<report>
				<misses>1839001</misses>
				<total>1815336</total>
				<timestamp>148.359735</timestamp>
			</report>
			<report>
				<misses>1840001</misses>
				<total>1816335</total>
				<timestamp>148.439750</timestamp>
			</report>
			<report>
				<misses>1841001</misses>
				<total>1817334</total>
				<timestamp>148.519731</timestamp>
			</report>
			<report>
				<misses>1842001</misses>
				<total>1818333</total>
				<timestamp>148.599784</timestamp>
			</report>
			<report>
				<misses>1843001</misses>
				<total>1819332</total>
				<timestamp>148.679794</timestamp>
			</report>
			<report>
				<misses>1844001</misses>
				<total>1820331</total>
				<timestamp>148.759813</timestamp>
			</report>
			<report>
				<misses>1845001</misses>
				<total>1821330</total>
				<timestamp>148.839950</timestamp>
			</report>
			<report>
				<misses>1846001</misses>
				<total>1822329</total>
				<timestamp>148.919957</timestamp>
			</report>
			<report>
				<misses>1847001</misses>
				<total>1823328</total>
				<timestamp>149.000049</timestamp>
			</report>
			<report>
				<misses>1848001</misses>
				<total>1824327</total>
				<timestamp>149.080038</timestamp>
			</report>
			<report>
				<misses>1849001</misses>
				<total>1825326</total>
				<timestamp>149.160095</timestamp>
			</report>
			<report>
				<misses>1850001</misses>
				<total>1826325</total>
				<timestamp>149.240119</timestamp>
			</report>
			<report>
				<misses>1851001</misses>
				<total>1827324</total>
				<timestamp>149.320130</timestamp>
			</report>
			<report>
				<misses>1852001</misses>
				<total>1828323</total>
				<timestamp>149.400842</timestamp>
			</report>
			<report>
				<misses>1853001</misses>
				<total>1829322</total>
				<timestamp>149.480907</timestamp>
			</report>
			<report>
				<misses>1854001</misses>
				<total>1830321</total>
				<timestamp>149.560989</timestamp>
			</report>
			<report>
				<misses>1855001</misses>
				<total>1831320</total>
				<timestamp>149.641746</timestamp>
			</report>
			<report>
				<misses>1856001</misses>
				<total>1832319</total>
				<timestamp>149.721877</timestamp>
			</report>
			<report>
				<misses>1857001</misses>
				<total>1833318</total>
				<timestamp>149.801881</timestamp>
			</report>
			<report>
				<misses>1858001</misses>
				<total>1834317</total>
				<timestamp>149.881863</timestamp>
			</report>
			<report>
				<misses>1859001</misses>
				<total>1835316</total>
				<timestamp>149.961897</timestamp>
			</report>
			<report>
				<misses>1860001</misses>
				<total>1836315</total>
				<timestamp>150.042083</timestamp>
			</report>
			<report>
				<misses>1861001</misses>
				<total>1837314</total>
				<timestamp>150.123931</timestamp>
			</report>
			<report>
				<misses>1862001</misses>
				<total>1838313</total>
				<timestamp>150.203949</timestamp>
			</report>
			<report>
				<misses>1863001</misses>
				<total>1839312</total>
				<timestamp>150.284741</timestamp>
			</report>
			<report>
				<misses>1864001</misses>
				<total>1840311</total>
				<timestamp>150.364852</timestamp>
			</report>
			<report>
				<misses>1865001</misses>
				<total>1841310</total>
				<timestamp>150.444873</timestamp>
			</report>
			<report>
				<misses>1866001</misses>
				<total>1842309</total>
				<timestamp>150.524925</timestamp>
			</report>
			<report>
				<misses>1867001</misses>
				<total>1843308</total>
				<timestamp>150.605596</timestamp>
			</report>
			<report>
				<misses>1868001</misses>
				<total>1844307</total>
				<timestamp>150.685895</timestamp>
			</report>
			<report>
				<misses>1869001</misses>
				<total>1845306</total>
				<timestamp>150.766267</timestamp>
			</report>
			<report>
				<misses>1870001</misses>
				<total>1846305</total>
				<timestamp>150.846931</timestamp>
			</report>
			<report>
				<misses>1871001</misses>
				<total>1847304</total>
				<timestamp>150.926915</timestamp>
			</report>
			<report>
				<misses>1872001</misses>
				<total>1848303</total>
				<timestamp>151.008980</timestamp>
			</report>
			<report>
				<misses>1873001</misses>
				<total>1849302</total>
				<timestamp>151.089028</timestamp>
			</report>
			<report>
				<misses>1874001</misses>
				<total>1850301</total>
				<timestamp>151.169064</timestamp>
			</report>
			<report>
				<misses>1875001</misses>
				<total>1851300</total>
				<timestamp>151.249187</timestamp>
			</report>
			<report>
				<misses>1876001</misses>
				<total>1852299</total>
				<timestamp>151.329193</timestamp>
			</report>
			<report>
				<misses>1877001</misses>
				<total>1853298</total>
				<timestamp>151.409272</timestamp>
			</report>
			<report>
				<misses>1878001</misses>
				<total>1854297</total>
				<timestamp>151.489279</timestamp>
			</report>
			<report>
				<misses>1879001</misses>
				<total>1854781</total>
				<timestamp>151.569348</timestamp>
			</report>
			<report>
				<misses>1880001</misses>
				<total>1854781</total>
				<timestamp>151.649361</timestamp>
			</report>
			<report>
				<misses>1881001</misses>
				<total>1854888</total>
				<timestamp>151.729443</timestamp>
			</report>
			<report>
				<misses>1882001</misses>
				<total>1855887</total>
				<timestamp>151.809726</timestamp>
			</report>
			<report>
				<misses>1883001</misses>
				<total>1856886</total>
				<timestamp>151.889719</timestamp>
			</report>
			<report>
				<misses>1884001</misses>
				<total>1857885</total>
				<timestamp>151.969829</timestamp>
			</report>
			<report>
				<misses>1885001</misses>
				<total>1858763</total>
				<timestamp>152.049843</timestamp>
			</report>
			<report>
				<misses>1886001</misses>
				<total>1858763</total>
				<timestamp>152.129919</timestamp>
			</report>
			<report>
				<misses>1887001</misses>
				<total>1858763</total>
				<timestamp>152.210038</timestamp>
			</report>
			<report>
				<misses>1888001</misses>
				<total>1858778</total>
				<timestamp>152.290101</timestamp>
			</report>
			<report>
				<misses>1889001</misses>
				<total>1858791</total>
				<timestamp>152.370119</timestamp>
			</report>
			<report>
				<misses>1890001</misses>
				<total>1858849</total>
				<timestamp>152.450259</timestamp>
			</report>
			<report>
				<misses>1891001</misses>
				<total>1859848</total>
				<timestamp>152.530317</timestamp>
			</report>
			<report>
				<misses>1892001</misses>
				<total>1860115</total>
				<timestamp>152.610985</timestamp>
			</report>
			<report>
				<misses>1893001</misses>
				<total>1860115</total>
				<timestamp>152.693707</timestamp>
			</report>
			<report>
				<misses>1894001</misses>
				<total>1860127</total>
				<timestamp>152.776276</timestamp>
			</report>
			<report>
				<misses>1895001</misses>
				<total>1860127</total>
				<timestamp>152.856606</timestamp>
			</report>
			<report>
				<misses>1896001</misses>
				<total>1860127</total>
				<timestamp>152.936617</timestamp>
			</report>
			<report>
				<misses>1897001</misses>
				<total>1860127</total>
				<timestamp>153.017712</timestamp>
			</report>
			<report>
				<misses>1898001</misses>
				<total>1860126</total>
				<timestamp>153.098850</timestamp>
			</report>
			<report>
				<misses>1899001</misses>
				<total>1860130</total>
				<timestamp>153.179088</timestamp>
			</report>
			<report>
				<misses>1900001</misses>
				<total>1860131</total>
				<timestamp>153.259090</timestamp>
			</report>
			<report>
				<misses>1901001</misses>
				<total>1860615</total>
				<timestamp>153.339109</timestamp>
			</report>
			<report>
				<misses>1902001</misses>
				<total>1861614</total>
				<timestamp>153.419138</timestamp>
			</report>
			<report>
				<misses>1903001</misses>
				<total>1862613</total>
				<timestamp>153.499153</timestamp>
			</report>
			<report>
				<misses>1904001</misses>
				<total>1863612</total>
				<timestamp>153.579236</timestamp>
			</report>
			<report>
				<misses>1905001</misses>
				<total>1864611</total>
				<timestamp>153.659239</timestamp>
			</report>
			<report>
				<misses>1906001</misses>
				<total>1865610</total>
				<timestamp>153.739241</timestamp>
			</report>
			<report>
				<misses>1907001</misses>
				<total>1866609</total>
				<timestamp>153.822394</timestamp>
			</report>
			<report>
				<misses>1908001</misses>
				<total>1867608</total>
				<timestamp>153.903378</timestamp>
			</report>
			<report>
				<misses>1909001</misses>
				<total>1868607</total>
				<timestamp>153.986026</timestamp>
			</report>
			<report>
				<misses>1910001</misses>
				<total>1869606</total>
				<timestamp>154.066022</timestamp>
			</report>
			<report>
				<misses>1911001</misses>
				<total>1870605</total>
				<timestamp>154.146086</timestamp>
			</report>
			<report>
				<misses>1912001</misses>
				<total>1871604</total>
				<timestamp>154.226129</timestamp>
			</report>
			<report>
				<misses>1913001</misses>
				<total>1872603</total>
				<timestamp>154.306143</timestamp>
			</report>
			<report>
				<misses>1914001</misses>
				<total>1873602</total>
				<timestamp>154.386157</timestamp>
			</report>
			<report>
				<misses>1915001</misses>
				<total>1874601</total>
				<timestamp>154.466256</timestamp>
			</report>
			<report>
				<misses>1916001</misses>
				<total>1875600</total>
				<timestamp>154.546296</timestamp>
			</report>
			<report>
				<misses>1917001</misses>
				<total>1876599</total>
				<timestamp>154.626260</timestamp>
			</report>
			<report>
				<misses>1918001</misses>
				<total>1877598</total>
				<timestamp>154.706436</timestamp>
			</report>
			<report>
				<misses>1919001</misses>
				<total>1878597</total>
				<timestamp>154.786835</timestamp>
			</report>
			<report>
				<misses>1920001</misses>
				<total>1879596</total>
				<timestamp>154.867691</timestamp>
			</report>
			<report>
				<misses>1921001</misses>
				<total>1880595</total>
				<timestamp>154.947722</timestamp>
			</report>
			<report>
				<misses>1922001</misses>
				<total>1881594</total>
				<timestamp>155.029441</timestamp>
			</report>
			<report>
				<misses>1923001</misses>
				<total>1882593</total>
				<timestamp>155.110898</timestamp>
			</report>
			<report>
				<misses>1924001</misses>
				<total>1883592</total>
				<timestamp>155.193888</timestamp>
			</report>
			<report>
				<misses>1925001</misses>
				<total>1884591</total>
				<timestamp>155.273988</timestamp>
			</report>
			<report>
				<misses>1926001</misses>
				<total>1885590</total>
				<timestamp>155.354004</timestamp>
			</report>
			<report>
				<misses>1927001</misses>
				<total>1886589</total>
				<timestamp>155.434046</timestamp>
			</report>
			<report>
				<misses>1928001</misses>
				<total>1887588</total>
				<timestamp>155.514077</timestamp>
			</report>
			<report>
				<misses>1929001</misses>
				<total>1888587</total>
				<timestamp>155.594138</timestamp>
			</report>
			<report>
				<misses>1930001</misses>
				<total>1889586</total>
				<timestamp>155.674171</timestamp>
			</report>
			<report>
				<misses>1931001</misses>
				<total>1890585</total>
				<timestamp>155.754247</timestamp>
			</report>
			<report>
				<misses>1932001</misses>
				<total>1891584</total>
				<timestamp>155.835152</timestamp>
			</report>
			<report>
				<misses>1933001</misses>
				<total>1892583</total>
				<timestamp>155.915393</timestamp>
			</report>
			<report>
				<misses>1934001</misses>
				<total>1893582</total>
				<timestamp>155.995554</timestamp>
			</report>
			<report>
				<misses>1935001</misses>
				<total>1894581</total>
				<timestamp>156.075570</timestamp>
			</report>
			<report>
				<misses>1936001</misses>
				<total>1895580</total>
				<timestamp>156.156718</timestamp>
			</report>
			<report>
				<misses>1937001</misses>
				<total>1896579</total>
				<timestamp>156.237459</timestamp>
			</report>
			<report>
				<misses>1938001</misses>
				<total>1897578</total>
				<timestamp>156.318154</timestamp>
			</report>
			<report>
				<misses>1939001</misses>
				<total>1898577</total>
				<timestamp>156.398210</timestamp>
			</report>
			<report>
				<misses>1940001</misses>
				<total>1899576</total>
				<timestamp>156.478401</timestamp>
			</report>
			<report>
				<misses>1941001</misses>
				<total>1900575</total>
				<timestamp>156.559322</timestamp>
			</report>
			<report>
				<misses>1942001</misses>
				<total>1901574</total>
				<timestamp>156.639685</timestamp>
			</report>
			<report>
				<misses>1943001</misses>
				<total>1902573</total>
				<timestamp>156.719698</timestamp>
			</report>
			<report>
				<misses>1944001</misses>
				<total>1903572</total>
				<timestamp>156.800421</timestamp>
			</report>
			<report>
				<misses>1945001</misses>
				<total>1904571</total>
				<timestamp>156.881511</timestamp>
			</report>
			<report>
				<misses>1946001</misses>
				<total>1905570</total>
				<timestamp>156.961847</timestamp>
			</report>
			<report>
				<misses>1947001</misses>
				<total>1906569</total>
				<timestamp>157.041925</timestamp>
			</report>
			<report>
				<misses>1948001</misses>
				<total>1907568</total>
				<timestamp>157.122451</timestamp>
			</report>
			<report>
				<misses>1949001</misses>
				<total>1908567</total>
				<timestamp>157.202439</timestamp>
			</report>
			<report>
				<misses>1950001</misses>
				<total>1909566</total>
				<timestamp>157.282517</timestamp>
			</report>
			<report>
				<misses>1951001</misses>
				<total>1910565</total>
				<timestamp>157.362538</timestamp>
			</report>
			<report>
				<misses>1952001</misses>
				<total>1911564</total>
				<timestamp>157.442561</timestamp>
			</report>
			<report>
				<misses>1953001</misses>
				<total>1912563</total>
				<timestamp>157.522722</timestamp>
			</report>
			<report>
				<misses>1954001</misses>
				<total>1913562</total>
				<timestamp>157.602952</timestamp>
			</report>
			<report>
				<misses>1955001</misses>
				<total>1914561</total>
				<timestamp>157.682941</timestamp>
			</report>
			<report>
				<misses>1956001</misses>
				<total>1915560</total>
				<timestamp>157.762923</timestamp>
			</report>
			<report>
				<misses>1957001</misses>
				<total>1916559</total>
				<timestamp>157.842890</timestamp>
			</report>
			<report>
				<misses>1958001</misses>
				<total>1917558</total>
				<timestamp>157.922912</timestamp>
			</report>
			<report>
				<misses>1959001</misses>
				<total>1918557</total>
				<timestamp>158.002893</timestamp>
			</report>
			<report>
				<misses>1960001</misses>
				<total>1919556</total>
				<timestamp>158.082984</timestamp>
			</report>
			<report>
				<misses>1961001</misses>
				<total>1920555</total>
				<timestamp>158.162997</timestamp>
			</report>
			<report>
				<misses>1962001</misses>
				<total>1921554</total>
				<timestamp>158.242998</timestamp>
			</report>
			<report>
				<misses>1963001</misses>
				<total>1922553</total>
				<timestamp>158.323375</timestamp>
			</report>
			<report>
				<misses>1964001</misses>
				<total>1923552</total>
				<timestamp>158.403439</timestamp>
			</report>
			<report>
				<misses>1965001</misses>
				<total>1924551</total>
				<timestamp>158.484115</timestamp>
			</report>
			<report>
				<misses>1966001</misses>
				<total>1925550</total>
				<timestamp>158.564650</timestamp>
			</report>
			<report>
				<misses>1967001</misses>
				<total>1926549</total>
				<timestamp>158.644665</timestamp>
			</report>
			<report>
				<misses>1968001</misses>
				<total>1927548</total>
				<timestamp>158.725878</timestamp>
			</report>
			<report>
				<misses>1969001</misses>
				<total>1928547</total>
				<timestamp>158.805991</timestamp>
			</report>
			<report>
				<misses>1970001</misses>
				<total>1929546</total>
				<timestamp>158.886060</timestamp>
			</report>
			<report>
				<misses>1971001</misses>
				<total>1930545</total>
				<timestamp>158.966061</timestamp>
			</report>
			<report>
				<misses>1972001</misses>
				<total>1931544</total>
				<timestamp>159.046030</timestamp>
			</report>
			<report>
				<misses>1973001</misses>
				<total>1932543</total>
				<timestamp>159.126035</timestamp>
			</report>
			<report>
				<misses>1974001</misses>
				<total>1933542</total>
				<timestamp>159.206302</timestamp>
			</report>
			<report>
				<misses>1975001</misses>
				<total>1934541</total>
				<timestamp>159.287506</timestamp>
			</report>
			<report>
				<misses>1976001</misses>
				<total>1935540</total>
				<timestamp>159.368554</timestamp>
			</report>
			<report>
				<misses>1977001</misses>
				<total>1936539</total>
				<timestamp>159.449097</timestamp>
			</report>
			<report>
				<misses>1978001</misses>
				<total>1937538</total>
				<timestamp>159.530901</timestamp>
			</report>
			<report>
				<misses>1979001</misses>
				<total>1938537</total>
				<timestamp>159.610884</timestamp>
			</report>
			<report>
				<misses>1980001</misses>
				<total>1939536</total>
				<timestamp>159.691683</timestamp>
			</report>
			<report>
				<misses>1981001</misses>
				<total>1940535</total>
				<timestamp>159.771800</timestamp>
			</report>
			<report>
				<misses>1982001</misses>
				<total>1941534</total>
				<timestamp>159.854019</timestamp>
			</report>
			<report>
				<misses>1983001</misses>
				<total>1942533</total>
				<timestamp>159.935098</timestamp>
			</report>
			<report>
				<misses>1984001</misses>
				<total>1943532</total>
				<timestamp>160.015461</timestamp>
			</report>
			<report>
				<misses>1985001</misses>
				<total>1944531</total>
				<timestamp>160.097384</timestamp>
			</report>
			<report>
				<misses>1986001</misses>
				<total>1945530</total>
				<timestamp>160.178983</timestamp>
			</report>
			<report>
				<misses>1987001</misses>
				<total>1946529</total>
				<timestamp>160.258987</timestamp>
			</report>
			<report>
				<misses>1988001</misses>
				<total>1947528</total>
				<timestamp>160.341036</timestamp>
			</report>
			<report>
				<misses>1989001</misses>
				<total>1948527</total>
				<timestamp>160.425385</timestamp>
			</report>
			<report>
				<misses>1990001</misses>
				<total>1949526</total>
				<timestamp>160.506475</timestamp>
			</report>
			<report>
				<misses>1991001</misses>
				<total>1950525</total>
				<timestamp>160.586639</timestamp>
			</report>
			<report>
				<misses>1992001</misses>
				<total>1951524</total>
				<timestamp>160.666717</timestamp>
			</report>
			<report>
				<misses>1993001</misses>
				<total>1952523</total>
				<timestamp>160.746904</timestamp>
			</report>
			<report>
				<misses>1994001</misses>
				<total>1953522</total>
				<timestamp>160.826898</timestamp>
			</report>
			<report>
				<misses>1995001</misses>
				<total>1954521</total>
				<timestamp>160.906964</timestamp>
			</report>
			<report>
				<misses>1996001</misses>
				<total>1955520</total>
				<timestamp>160.987165</timestamp>
			</report>
			<report>
				<misses>1997001</misses>
				<total>1956519</total>
				<timestamp>161.068635</timestamp>
			</report>
			<report>
				<misses>1998001</misses>
				<total>1957518</total>
				<timestamp>161.149150</timestamp>
			</report>
			<report>
				<misses>1999001</misses>
				<total>1958517</total>
				<timestamp>161.229276</timestamp>
			</report>
			<report>
				<misses>2000001</misses>
				<total>1959516</total>
				<timestamp>161.309702</timestamp>
			</report>
			<report>
				<misses>2001001</misses>
				<total>1960515</total>
				<timestamp>161.393151</timestamp>
			</report>
			<report>
				<misses>2002001</misses>
				<total>1961514</total>
				<timestamp>161.473137</timestamp>
			</report>
			<report>
				<misses>2003001</misses>
				<total>1962513</total>
				<timestamp>161.553174</timestamp>
			</report>
			<report>
				<misses>2004001</misses>
				<total>1963512</total>
				<timestamp>161.633223</timestamp>
			</report>
			<report>
				<misses>2005001</misses>
				<total>1964511</total>
				<timestamp>161.713269</timestamp>
			</report>
			<report>
				<misses>2006001</misses>
				<total>1965510</total>
				<timestamp>161.794378</timestamp>
			</report>
			<report>
				<misses>2007001</misses>
				<total>1966509</total>
				<timestamp>161.876266</timestamp>
			</report>
			<report>
				<misses>2008001</misses>
				<total>1967508</total>
				<timestamp>161.956841</timestamp>
			</report>
			<report>
				<misses>2009001</misses>
				<total>1968507</total>
				<timestamp>162.038367</timestamp>
			</report>
			<report>
				<misses>2010001</misses>
				<total>1969506</total>
				<timestamp>162.120502</timestamp>
			</report>
			<report>
				<misses>2011001</misses>
				<total>1970505</total>
				<timestamp>162.200545</timestamp>
			</report>
			<report>
				<misses>2012001</misses>
				<total>1971504</total>
				<timestamp>162.283019</timestamp>
			</report>
			<report>
				<misses>2013001</misses>
				<total>1972503</total>
				<timestamp>162.363917</timestamp>
			</report>
			<report>
				<misses>2014001</misses>
				<total>1973502</total>
				<timestamp>162.447223</timestamp>
			</report>
			<report>
				<misses>2015001</misses>
				<total>1974501</total>
				<timestamp>162.527225</timestamp>
			</report>
			<report>
				<misses>2016001</misses>
				<total>1975500</total>
				<timestamp>162.610934</timestamp>
			</report>
			<report>
				<misses>2017001</misses>
				<total>1976499</total>
				<timestamp>162.695851</timestamp>
			</report>
			<report>
				<misses>2018001</misses>
				<total>1977498</total>
				<timestamp>162.777422</timestamp>
			</report>
			<report>
				<misses>2019001</misses>
				<total>1978497</total>
				<timestamp>162.858807</timestamp>
			</report>
			<report>
				<misses>2020001</misses>
				<total>1979496</total>
				<timestamp>162.938830</timestamp>
			</report>
			<report>
				<misses>2021001</misses>
				<total>1980495</total>
				<timestamp>163.019174</timestamp>
			</report>
			<report>
				<misses>2022001</misses>
				<total>1981494</total>
				<timestamp>163.099629</timestamp>
			</report>
			<report>
				<misses>2023001</misses>
				<total>1982493</total>
				<timestamp>163.179640</timestamp>
			</report>
			<report>
				<misses>2024001</misses>
				<total>1983492</total>
				<timestamp>163.259846</timestamp>
			</report>
			<report>
				<misses>2025001</misses>
				<total>1984491</total>
				<timestamp>163.339847</timestamp>
			</report>
			<report>
				<misses>2026001</misses>
				<total>1985490</total>
				<timestamp>163.419963</timestamp>
			</report>
			<report>
				<misses>2027001</misses>
				<total>1986489</total>
				<timestamp>163.500082</timestamp>
			</report>
			<report>
				<misses>2028001</misses>
				<total>1987488</total>
				<timestamp>163.580158</timestamp>
			</report>
			<report>
				<misses>2029001</misses>
				<total>1988487</total>
				<timestamp>163.660408</timestamp>
			</report>
			<report>
				<misses>2030001</misses>
				<total>1989486</total>
				<timestamp>163.740407</timestamp>
			</report>
			<report>
				<misses>2031001</misses>
				<total>1990485</total>
				<timestamp>163.820465</timestamp>
			</report>
			<report>
				<misses>2032001</misses>
				<total>1991484</total>
				<timestamp>163.901639</timestamp>
			</report>
			<report>
				<misses>2033001</misses>
				<total>1992483</total>
				<timestamp>163.985747</timestamp>
			</report>
			<report>
				<misses>2034001</misses>
				<total>1993482</total>
				<timestamp>164.066186</timestamp>
			</report>
			<report>
				<misses>2035001</misses>
				<total>1994481</total>
				<timestamp>164.146237</timestamp>
			</report>
			<report>
				<misses>2036001</misses>
				<total>1995480</total>
				<timestamp>164.226265</timestamp>
			</report>
			<report>
				<misses>2037001</misses>
				<total>1996479</total>
				<timestamp>164.307861</timestamp>
			</report>
			<report>
				<misses>2038001</misses>
				<total>1997478</total>
				<timestamp>164.388856</timestamp>
			</report>
			<report>
				<misses>2039001</misses>
				<total>1998477</total>
				<timestamp>164.468824</timestamp>
			</report>
			<report>
				<misses>2040001</misses>
				<total>1999476</total>
				<timestamp>164.549023</timestamp>
			</report>
			<report>
				<misses>2041001</misses>
				<total>2000475</total>
				<timestamp>164.630524</timestamp>
			</report>
			<report>
				<misses>2042001</misses>
				<total>2001474</total>
				<timestamp>164.711305</timestamp>
			</report>
			<report>
				<misses>2043001</misses>
				<total>2002473</total>
				<timestamp>164.791390</timestamp>
			</report>
			<report>
				<misses>2044001</misses>
				<total>2003472</total>
				<timestamp>164.871947</timestamp>
			</report>
			<report>
				<misses>2045001</misses>
				<total>2004471</total>
				<timestamp>164.952018</timestamp>
			</report>
			<report>
				<misses>2046001</misses>
				<total>2005470</total>
				<timestamp>165.032034</timestamp>
			</report>
			<report>
				<misses>2047001</misses>
				<total>2006469</total>
				<timestamp>165.112111</timestamp>
			</report>
			<report>
				<misses>2048001</misses>
				<total>2007468</total>
				<timestamp>165.192248</timestamp>
			</report>
			<report>
				<misses>2049001</misses>
				<total>2008467</total>
				<timestamp>165.272292</timestamp>
			</report>
			<report>
				<misses>2050001</misses>
				<total>2009466</total>
				<timestamp>165.352379</timestamp>
			</report>
			<report>
				<misses>2051001</misses>
				<total>2010465</total>
				<timestamp>165.432342</timestamp>
			</report>
			<report>
				<misses>2052001</misses>
				<total>2011464</total>
				<timestamp>165.512350</timestamp>
			</report>
			<report>
				<misses>2053001</misses>
				<total>2012463</total>
				<timestamp>165.592403</timestamp>
			</report>
			<report>
				<misses>2054001</misses>
				<total>2013462</total>
				<timestamp>165.673677</timestamp>
			</report>
			<report>
				<misses>2055001</misses>
				<total>2014461</total>
				<timestamp>165.755221</timestamp>
			</report>
			<report>
				<misses>2056001</misses>
				<total>2015460</total>
				<timestamp>165.835266</timestamp>
			</report>
			<report>
				<misses>2057001</misses>
				<total>2016459</total>
				<timestamp>165.915270</timestamp>
			</report>
			<report>
				<misses>2058001</misses>
				<total>2017458</total>
				<timestamp>165.995261</timestamp>
			</report>
			<report>
				<misses>2059001</misses>
				<total>2018457</total>
				<timestamp>166.075219</timestamp>
			</report>
			<report>
				<misses>2060001</misses>
				<total>2019456</total>
				<timestamp>166.155231</timestamp>
			</report>
			<report>
				<misses>2061001</misses>
				<total>2020455</total>
				<timestamp>166.235253</timestamp>
			</report>
			<report>
				<misses>2062001</misses>
				<total>2021454</total>
				<timestamp>166.315818</timestamp>
			</report>
			<report>
				<misses>2063001</misses>
				<total>2022453</total>
				<timestamp>166.395953</timestamp>
			</report>
			<report>
				<misses>2064001</misses>
				<total>2023452</total>
				<timestamp>166.486818</timestamp>
			</report>
			<report>
				<misses>2065001</misses>
				<total>2024451</total>
				<timestamp>166.566953</timestamp>
			</report>
			<report>
				<misses>2066001</misses>
				<total>2025450</total>
				<timestamp>166.648122</timestamp>
			</report>
			<report>
				<misses>2067001</misses>
				<total>2026449</total>
				<timestamp>166.729033</timestamp>
			</report>
			<report>
				<misses>2068001</misses>
				<total>2027448</total>
				<timestamp>166.809633</timestamp>
			</report>
			<report>
				<misses>2069001</misses>
				<total>2028447</total>
				<timestamp>166.889668</timestamp>
			</report>
			<report>
				<misses>2070001</misses>
				<total>2029446</total>
				<timestamp>166.971770</timestamp>
			</report>
			<report>
				<misses>2071001</misses>
				<total>2030445</total>
				<timestamp>167.053278</timestamp>
			</report>
			<report>
				<misses>2072001</misses>
				<total>2031444</total>
				<timestamp>167.133396</timestamp>
			</report>
			<report>
				<misses>2073001</misses>
				<total>2032443</total>
				<timestamp>167.213884</timestamp>
			</report>
			<report>
				<misses>2074001</misses>
				<total>2033442</total>
				<timestamp>167.294211</timestamp>
			</report>
			<report>
				<misses>2075001</misses>
				<total>2034441</total>
				<timestamp>167.374215</timestamp>
			</report>
			<report>
				<misses>2076001</misses>
				<total>2035440</total>
				<timestamp>167.456204</timestamp>
			</report>
			<report>
				<misses>2077001</misses>
				<total>2036439</total>
				<timestamp>167.536676</timestamp>
			</report>
			<report>
				<misses>2078001</misses>
				<total>2037438</total>
				<timestamp>167.616805</timestamp>
			</report>
			<report>
				<misses>2079001</misses>
				<total>2038437</total>
				<timestamp>167.696800</timestamp>
			</report>
			<report>
				<misses>2080001</misses>
				<total>2039436</total>
				<timestamp>167.776952</timestamp>
			</report>
			<report>
				<misses>2081001</misses>
				<total>2040435</total>
				<timestamp>167.857005</timestamp>
			</report>
			<report>
				<misses>2082001</misses>
				<total>2041434</total>
				<timestamp>167.944308</timestamp>
			</report>
			<report>
				<misses>2083001</misses>
				<total>2042433</total>
				<timestamp>168.024337</timestamp>
			</report>
			<report>
				<misses>2084001</misses>
				<total>2043432</total>
				<timestamp>168.104393</timestamp>
			</report>
			<report>
				<misses>2085001</misses>
				<total>2044431</total>
				<timestamp>168.184414</timestamp>
			</report>
			<report>
				<misses>2086001</misses>
				<total>2045430</total>
				<timestamp>168.264425</timestamp>
			</report>
			<report>
				<misses>2087001</misses>
				<total>2046429</total>
				<timestamp>168.344598</timestamp>
			</report>
			<report>
				<misses>2088001</misses>
				<total>2047428</total>
				<timestamp>168.424670</timestamp>
			</report>
			<report>
				<misses>2089001</misses>
				<total>2048427</total>
				<timestamp>168.505418</timestamp>
			</report>
			<report>
				<misses>2090001</misses>
				<total>2049426</total>
				<timestamp>168.586670</timestamp>
			</report>
			<report>
				<misses>2091001</misses>
				<total>2050425</total>
				<timestamp>168.666812</timestamp>
			</report>
			<report>
				<misses>2092001</misses>
				<total>2051424</total>
				<timestamp>168.746810</timestamp>
			</report>
			<report>
				<misses>2093001</misses>
				<total>2052423</total>
				<timestamp>168.828628</timestamp>
			</report>
			<report>
				<misses>2094001</misses>
				<total>2053422</total>
				<timestamp>168.909219</timestamp>
			</report>
			<report>
				<misses>2095001</misses>
				<total>2054421</total>
				<timestamp>168.989292</timestamp>
			</report>
			<report>
				<misses>2096001</misses>
				<total>2055420</total>
				<timestamp>169.070779</timestamp>
			</report>
			<report>
				<misses>2097001</misses>
				<total>2056419</total>
				<timestamp>169.150778</timestamp>
			</report>
			<report>
				<misses>2098001</misses>
				<total>2057418</total>
				<timestamp>169.230757</timestamp>
			</report>
			<report>
				<misses>2099001</misses>
				<total>2058417</total>
				<timestamp>169.310752</timestamp>
			</report>
			<report>
				<misses>2100001</misses>
				<total>2059416</total>
				<timestamp>169.392648</timestamp>
			</report>
			<report>
				<misses>2101001</misses>
				<total>2060415</total>
				<timestamp>169.475084</timestamp>
			</report>
			<report>
				<misses>2102001</misses>
				<total>2061414</total>
				<timestamp>169.555091</timestamp>
			</report>
			<report>
				<misses>2103001</misses>
				<total>2062413</total>
				<timestamp>169.636004</timestamp>
			</report>
			<report>
				<misses>2104001</misses>
				<total>2063412</total>
				<timestamp>169.718632</timestamp>
			</report>
			<report>
				<misses>2105001</misses>
				<total>2064411</total>
				<timestamp>169.799648</timestamp>
			</report>
			<report>
				<misses>2106001</misses>
				<total>2065410</total>
				<timestamp>169.879660</timestamp>
			</report>
			<report>
				<misses>2107001</misses>
				<total>2066409</total>
				<timestamp>169.960056</timestamp>
			</report>
			<report>
				<misses>2108001</misses>
				<total>2067408</total>
				<timestamp>170.040147</timestamp>
			</report>
			<report>
				<misses>2109001</misses>
				<total>2068407</total>
				<timestamp>170.121244</timestamp>
			</report>
			<report>
				<misses>2110001</misses>
				<total>2069406</total>
				<timestamp>170.201259</timestamp>
			</report>
			<report>
				<misses>2111001</misses>
				<total>2070405</total>
				<timestamp>170.281301</timestamp>
			</report>
			<report>
				<misses>2112001</misses>
				<total>2071404</total>
				<timestamp>170.361505</timestamp>
			</report>
			<report>
				<misses>2113001</misses>
				<total>2072403</total>
				<timestamp>170.441574</timestamp>
			</report>
			<report>
				<misses>2114001</misses>
				<total>2073402</total>
				<timestamp>170.521636</timestamp>
			</report>
			<report>
				<misses>2115001</misses>
				<total>2074401</total>
				<timestamp>170.601664</timestamp>
			</report>
			<report>
				<misses>2116001</misses>
				<total>2075400</total>
				<timestamp>170.681650</timestamp>
			</report>
			<report>
				<misses>2117001</misses>
				<total>2076399</total>
				<timestamp>170.761795</timestamp>
			</report>
			<report>
				<misses>2118001</misses>
				<total>2077398</total>
				<timestamp>170.842148</timestamp>
			</report>
			<report>
				<misses>2119001</misses>
				<total>2078397</total>
				<timestamp>170.922208</timestamp>
			</report>
			<report>
				<misses>2120001</misses>
				<total>2079396</total>
				<timestamp>171.002214</timestamp>
			</report>
			<report>
				<misses>2121001</misses>
				<total>2080395</total>
				<timestamp>171.082211</timestamp>
			</report>
			<report>
				<misses>2122001</misses>
				<total>2081394</total>
				<timestamp>171.162311</timestamp>
			</report>
			<report>
				<misses>2123001</misses>
				<total>2082393</total>
				<timestamp>171.242353</timestamp>
			</report>
			<report>
				<misses>2124001</misses>
				<total>2083392</total>
				<timestamp>171.322571</timestamp>
			</report>
			<report>
				<misses>2125001</misses>
				<total>2084391</total>
				<timestamp>171.403585</timestamp>
			</report>
			<report>
				<misses>2126001</misses>
				<total>2085390</total>
				<timestamp>171.484327</timestamp>
			</report>
			<report>
				<misses>2127001</misses>
				<total>2086389</total>
				<timestamp>171.564415</timestamp>
			</report>
			<report>
				<misses>2128001</misses>
				<total>2087388</total>
				<timestamp>171.644810</timestamp>
			</report>
			<report>
				<misses>2129001</misses>
				<total>2088387</total>
				<timestamp>171.724973</timestamp>
			</report>
			<report>
				<misses>2130001</misses>
				<total>2089386</total>
				<timestamp>171.805470</timestamp>
			</report>
			<report>
				<misses>2131001</misses>
				<total>2090385</total>
				<timestamp>171.885780</timestamp>
			</report>
			<report>
				<misses>2132001</misses>
				<total>2091384</total>
				<timestamp>171.965816</timestamp>
			</report>
			<report>
				<misses>2133001</misses>
				<total>2092383</total>
				<timestamp>172.046483</timestamp>
			</report>
			<report>
				<misses>2134001</misses>
				<total>2093382</total>
				<timestamp>172.126591</timestamp>
			</report>
			<report>
				<misses>2135001</misses>
				<total>2094381</total>
				<timestamp>172.206645</timestamp>
			</report>
			<report>
				<misses>2136001</misses>
				<total>2095380</total>
				<timestamp>172.286813</timestamp>
			</report>
			<report>
				<misses>2137001</misses>
				<total>2096379</total>
				<timestamp>172.366813</timestamp>
			</report>
			<report>
				<misses>2138001</misses>
				<total>2097378</total>
				<timestamp>172.446935</timestamp>
			</report>
			<report>
				<misses>2139001</misses>
				<total>2098377</total>
				<timestamp>172.526971</timestamp>
			</report>
			<report>
				<misses>2140001</misses>
				<total>2099376</total>
				<timestamp>172.607076</timestamp>
			</report>
			<report>
				<misses>2141001</misses>
				<total>2100375</total>
				<timestamp>172.687133</timestamp>
			</report>
			<report>
				<misses>2142001</misses>
				<total>2101374</total>
				<timestamp>172.767181</timestamp>
			</report>
			<report>
				<misses>2143001</misses>
				<total>2102373</total>
				<timestamp>172.847197</timestamp>
			</report>
			<report>
				<misses>2144001</misses>
				<total>2103372</total>
				<timestamp>172.927371</timestamp>
			</report>
			<report>
				<misses>2145001</misses>
				<total>2104371</total>
				<timestamp>173.008167</timestamp>
			</report>
			<report>
				<misses>2146001</misses>
				<total>2105370</total>
				<timestamp>173.088239</timestamp>
			</report>
			<report>
				<misses>2147001</misses>
				<total>2106369</total>
				<timestamp>173.168267</timestamp>
			</report>
			<report>
				<misses>2148001</misses>
				<total>2107368</total>
				<timestamp>173.251571</timestamp>
			</report>
			<report>
				<misses>2149001</misses>
				<total>2108367</total>
				<timestamp>173.331612</timestamp>
			</report>
			<report>
				<misses>2150001</misses>
				<total>2109366</total>
				<timestamp>173.411727</timestamp>
			</report>
			<report>
				<misses>2151001</misses>
				<total>2110365</total>
				<timestamp>173.491734</timestamp>
			</report>
			<report>
				<misses>2152001</misses>
				<total>2111364</total>
				<timestamp>173.571733</timestamp>
			</report>
			<report>
				<misses>2153001</misses>
				<total>2112363</total>
				<timestamp>173.651767</timestamp>
			</report>
			<report>
				<misses>2154001</misses>
				<total>2113362</total>
				<timestamp>173.731799</timestamp>
			</report>
			<report>
				<misses>2155001</misses>
				<total>2114361</total>
				<timestamp>173.812394</timestamp>
			</report>
			<report>
				<misses>2156001</misses>
				<total>2115360</total>
				<timestamp>173.893938</timestamp>
			</report>
			<report>
				<misses>2157001</misses>
				<total>2116359</total>
				<timestamp>173.973941</timestamp>
			</report>
			<report>
				<misses>2158001</misses>
				<total>2117358</total>
				<timestamp>174.053945</timestamp>
			</report>
			<report>
				<misses>2159001</misses>
				<total>2118357</total>
				<timestamp>174.133977</timestamp>
			</report>
			<report>
				<misses>2160001</misses>
				<total>2119356</total>
				<timestamp>174.214266</timestamp>
			</report>
			<report>
				<misses>2161001</misses>
				<total>2120355</total>
				<timestamp>174.294579</timestamp>
			</report>
			<report>
				<misses>2162001</misses>
				<total>2121354</total>
				<timestamp>174.374644</timestamp>
			</report>
			<report>
				<misses>2163001</misses>
				<total>2122353</total>
				<timestamp>174.454754</timestamp>
			</report>
			<report>
				<misses>2164001</misses>
				<total>2123352</total>
				<timestamp>174.535774</timestamp>
			</report>
			<report>
				<misses>2165001</misses>
				<total>2124351</total>
				<timestamp>174.615781</timestamp>
			</report>
			<report>
				<misses>2166001</misses>
				<total>2125350</total>
				<timestamp>174.695810</timestamp>
			</report>
			<report>
				<misses>2167001</misses>
				<total>2126349</total>
				<timestamp>174.776674</timestamp>
			</report>
			<report>
				<misses>2168001</misses>
				<total>2127348</total>
				<timestamp>174.857088</timestamp>
			</report>
			<report>
				<misses>2169001</misses>
				<total>2128347</total>
				<timestamp>174.937707</timestamp>
			</report>
			<report>
				<misses>2170001</misses>
				<total>2129346</total>
				<timestamp>175.018704</timestamp>
			</report>
			<report>
				<misses>2171001</misses>
				<total>2130345</total>
				<timestamp>175.098995</timestamp>
			</report>
			<report>
				<misses>2172001</misses>
				<total>2131344</total>
				<timestamp>175.180073</timestamp>
			</report>
			<report>
				<misses>2173001</misses>
				<total>2132343</total>
				<timestamp>175.260393</timestamp>
			</report>
			<report>
				<misses>2174001</misses>
				<total>2133342</total>
				<timestamp>175.341755</timestamp>
			</report>
			<report>
				<misses>2175001</misses>
				<total>2134341</total>
				<timestamp>175.421774</timestamp>
			</report>
			<report>
				<misses>2176001</misses>
				<total>2135340</total>
				<timestamp>175.501760</timestamp>
			</report>
			<report>
				<misses>2177001</misses>
				<total>2136339</total>
				<timestamp>175.581752</timestamp>
			</report>
			<report>
				<misses>2178001</misses>
				<total>2137338</total>
				<timestamp>175.661770</timestamp>
			</report>
			<report>
				<misses>2179001</misses>
				<total>2138337</total>
				<timestamp>175.742004</timestamp>
			</report>
			<report>
				<misses>2180001</misses>
				<total>2139336</total>
				<timestamp>175.822606</timestamp>
			</report>
			<report>
				<misses>2181001</misses>
				<total>2140335</total>
				<timestamp>175.906149</timestamp>
			</report>
			<report>
				<misses>2182001</misses>
				<total>2141334</total>
				<timestamp>175.986987</timestamp>
			</report>
			<report>
				<misses>2183001</misses>
				<total>2142333</total>
				<timestamp>176.067554</timestamp>
			</report>
			<report>
				<misses>2184001</misses>
				<total>2143332</total>
				<timestamp>176.148940</timestamp>
			</report>
			<report>
				<misses>2185001</misses>
				<total>2144331</total>
				<timestamp>176.229554</timestamp>
			</report>
			<report>
				<misses>2186001</misses>
				<total>2145330</total>
				<timestamp>176.311559</timestamp>
			</report>
			<report>
				<misses>2187001</misses>
				<total>2146329</total>
				<timestamp>176.392631</timestamp>
			</report>
			<report>
				<misses>2188001</misses>
				<total>2147328</total>
				<timestamp>176.472629</timestamp>
			</report>
			<report>
				<misses>2189001</misses>
				<total>2148327</total>
				<timestamp>176.552937</timestamp>
			</report>
			<report>
				<misses>2190001</misses>
				<total>2149326</total>
				<timestamp>176.632992</timestamp>
			</report>
			<report>
				<misses>2191001</misses>
				<total>2150325</total>
				<timestamp>176.713565</timestamp>
			</report>
			<report>
				<misses>2192001</misses>
				<total>2151324</total>
				<timestamp>176.793878</timestamp>
			</report>
			<report>
				<misses>2193001</misses>
				<total>2152323</total>
				<timestamp>176.873859</timestamp>
			</report>
			<report>
				<misses>2194001</misses>
				<total>2153322</total>
				<timestamp>176.953850</timestamp>
			</report>
			<report>
				<misses>2195001</misses>
				<total>2154321</total>
				<timestamp>177.033991</timestamp>
			</report>
			<report>
				<misses>2196001</misses>
				<total>2155320</total>
				<timestamp>177.114801</timestamp>
			</report>
			<report>
				<misses>2197001</misses>
				<total>2156319</total>
				<timestamp>177.198800</timestamp>
			</report>
			<report>
				<misses>2198001</misses>
				<total>2157318</total>
				<timestamp>177.278815</timestamp>
			</report>
			<report>
				<misses>2199001</misses>
				<total>2158317</total>
				<timestamp>177.361686</timestamp>
			</report>
			<report>
				<misses>2200001</misses>
				<total>2159316</total>
				<timestamp>177.441726</timestamp>
			</report>
			<report>
				<misses>2201001</misses>
				<total>2160315</total>
				<timestamp>177.521696</timestamp>
			</report>
			<report>
				<misses>2202001</misses>
				<total>2161314</total>
				<timestamp>177.602134</timestamp>
			</report>
			<report>
				<misses>2203001</misses>
				<total>2162313</total>
				<timestamp>177.682115</timestamp>
			</report>
			<report>
				<misses>2204001</misses>
				<total>2163312</total>
				<timestamp>177.762187</timestamp>
			</report>
			<report>
				<misses>2205001</misses>
				<total>2164311</total>
				<timestamp>177.845982</timestamp>
			</report>
			<report>
				<misses>2206001</misses>
				<total>2165310</total>
				<timestamp>177.926626</timestamp>
			</report>
			<report>
				<misses>2207001</misses>
				<total>2166309</total>
				<timestamp>178.006689</timestamp>
			</report>
			<report>
				<misses>2208001</misses>
				<total>2167308</total>
				<timestamp>178.087276</timestamp>
			</report>
			<report>
				<misses>2209001</misses>
				<total>2168307</total>
				<timestamp>178.169522</timestamp>
			</report>
			<report>
				<misses>2210001</misses>
				<total>2169306</total>
				<timestamp>178.249679</timestamp>
			</report>
			<report>
				<misses>2211001</misses>
				<total>2170305</total>
				<timestamp>178.331584</timestamp>
			</report>
			<report>
				<misses>2212001</misses>
				<total>2171304</total>
				<timestamp>178.411589</timestamp>
			</report>
			<report>
				<misses>2213001</misses>
				<total>2172303</total>
				<timestamp>178.492996</timestamp>
			</report>
			<report>
				<misses>2214001</misses>
				<total>2173302</total>
				<timestamp>178.573004</timestamp>
			</report>
			<report>
				<misses>2215001</misses>
				<total>2174301</total>
				<timestamp>178.653844</timestamp>
			</report>
			<report>
				<misses>2216001</misses>
				<total>2175300</total>
				<timestamp>178.734085</timestamp>
			</report>
			<report>
				<misses>2217001</misses>
				<total>2176299</total>
				<timestamp>178.814256</timestamp>
			</report>
			<report>
				<misses>2218001</misses>
				<total>2177298</total>
				<timestamp>178.894393</timestamp>
			</report>
			<report>
				<misses>2219001</misses>
				<total>2178297</total>
				<timestamp>178.975585</timestamp>
			</report>
			<report>
				<misses>2220001</misses>
				<total>2179296</total>
				<timestamp>179.057023</timestamp>
			</report>
			<report>
				<misses>2221001</misses>
				<total>2180295</total>
				<timestamp>179.138542</timestamp>
			</report>
			<report>
				<misses>2222001</misses>
				<total>2181294</total>
				<timestamp>179.220959</timestamp>
			</report>
			<report>
				<misses>2223001</misses>
				<total>2182293</total>
				<timestamp>179.301106</timestamp>
			</report>
			<report>
				<misses>2224001</misses>
				<total>2183292</total>
				<timestamp>179.381126</timestamp>
			</report>
			<report>
				<misses>2225001</misses>
				<total>2184291</total>
				<timestamp>179.461285</timestamp>
			</report>
			<report>
				<misses>2226001</misses>
				<total>2185290</total>
				<timestamp>179.541358</timestamp>
			</report>
			<report>
				<misses>2227001</misses>
				<total>2186289</total>
				<timestamp>179.621537</timestamp>
			</report>
			<report>
				<misses>2228001</misses>
				<total>2187288</total>
				<timestamp>179.701567</timestamp>
			</report>
			<report>
				<misses>2229001</misses>
				<total>2188287</total>
				<timestamp>179.783534</timestamp>
			</report>
			<report>
				<misses>2230001</misses>
				<total>2189286</total>
				<timestamp>179.864054</timestamp>
			</report>
			<report>
				<misses>2231001</misses>
				<total>2190285</total>
				<timestamp>179.944698</timestamp>
			</report>
			<report>
				<misses>2232001</misses>
				<total>2191284</total>
				<timestamp>180.027933</timestamp>
			</report>
			<report>
				<misses>2233001</misses>
				<total>2192283</total>
				<timestamp>180.109286</timestamp>
			</report>
			<report>
				<misses>2234001</misses>
				<total>2193282</total>
				<timestamp>180.189762</timestamp>
			</report>
			<report>
				<misses>2235001</misses>
				<total>2194281</total>
				<timestamp>180.270935</timestamp>
			</report>
			<report>
				<misses>2236001</misses>
				<total>2195280</total>
				<timestamp>180.350975</timestamp>
			</report>
			<report>
				<misses>2237001</misses>
				<total>2196279</total>
				<timestamp>180.431261</timestamp>
			</report>
			<report>
				<misses>2238001</misses>
				<total>2197278</total>
				<timestamp>180.511249</timestamp>
			</report>
			<report>
				<misses>2239001</misses>
				<total>2198277</total>
				<timestamp>180.591269</timestamp>
			</report>
			<report>
				<misses>2240001</misses>
				<total>2199276</total>
				<timestamp>180.671400</timestamp>
			</report>
			<report>
				<misses>2241001</misses>
				<total>2200275</total>
				<timestamp>180.755204</timestamp>
			</report>
			<report>
				<misses>2242001</misses>
				<total>2201274</total>
				<timestamp>180.835582</timestamp>
			</report>
			<report>
				<misses>2243001</misses>
				<total>2202273</total>
				<timestamp>180.916973</timestamp>
			</report>
			<report>
				<misses>2244001</misses>
				<total>2203272</total>
				<timestamp>180.997355</timestamp>
			</report>
			<report>
				<misses>2245001</misses>
				<total>2204271</total>
				<timestamp>181.077661</timestamp>
			</report>
			<report>
				<misses>2246001</misses>
				<total>2205270</total>
				<timestamp>181.158284</timestamp>
			</report>
			<report>
				<misses>2247001</misses>
				<total>2206269</total>
				<timestamp>181.238297</timestamp>
			</report>
			<report>
				<misses>2248001</misses>
				<total>2207268</total>
				<timestamp>181.318305</timestamp>
			</report>
			<report>
				<misses>2249001</misses>
				<total>2208267</total>
				<timestamp>181.399229</timestamp>
			</report>
			<report>
				<misses>2250001</misses>
				<total>2209266</total>
				<timestamp>181.480723</timestamp>
			</report>
			<report>
				<misses>2251001</misses>
				<total>2210265</total>
				<timestamp>181.560729</timestamp>
			</report>
			<report>
				<misses>2252001</misses>
				<total>2211264</total>
				<timestamp>181.641147</timestamp>
			</report>
			<report>
				<misses>2253001</misses>
				<total>2212263</total>
				<timestamp>181.721507</timestamp>
			</report>
			<report>
				<misses>2254001</misses>
				<total>2212443</total>
				<timestamp>181.802024</timestamp>
			</report>
			<report>
				<misses>2255001</misses>
				<total>2212832</total>
				<timestamp>181.883234</timestamp>
			</report>
			<report>
				<misses>2256001</misses>
				<total>2213831</total>
				<timestamp>181.963276</timestamp>
			</report>
			<report>
				<misses>2257001</misses>
				<total>2214830</total>
				<timestamp>182.043282</timestamp>
			</report>
			<report>
				<misses>2258001</misses>
				<total>2215829</total>
				<timestamp>182.123562</timestamp>
			</report>
			<report>
				<misses>2259001</misses>
				<total>2216828</total>
				<timestamp>182.203865</timestamp>
			</report>
			<report>
				<misses>2260001</misses>
				<total>2217827</total>
				<timestamp>182.283954</timestamp>
			</report>
			<report>
				<misses>2261001</misses>
				<total>2218826</total>
				<timestamp>182.364214</timestamp>
			</report>
			<report>
				<misses>2262001</misses>
				<total>2219825</total>
				<timestamp>182.444212</timestamp>
			</report>
			<report>
				<misses>2263001</misses>
				<total>2220824</total>
				<timestamp>182.524205</timestamp>
			</report>
			<report>
				<misses>2264001</misses>
				<total>2221823</total>
				<timestamp>182.605273</timestamp>
			</report>
			<report>
				<misses>2265001</misses>
				<total>2222822</total>
				<timestamp>182.685330</timestamp>
			</report>
			<report>
				<misses>2266001</misses>
				<total>2223751</total>
				<timestamp>182.765564</timestamp>
			</report>
			<report>
				<misses>2267001</misses>
				<total>2224243</total>
				<timestamp>182.848691</timestamp>
			</report>
			<report>
				<misses>2268001</misses>
				<total>2225242</total>
				<timestamp>182.928879</timestamp>
			</report>
			<report>
				<misses>2269001</misses>
				<total>2226241</total>
				<timestamp>183.009650</timestamp>
			</report>
			<report>
				<misses>2270001</misses>
				<total>2227240</total>
				<timestamp>183.089666</timestamp>
			</report>
			<report>
				<misses>2271001</misses>
				<total>2228239</total>
				<timestamp>183.169815</timestamp>
			</report>
			<report>
				<misses>2272001</misses>
				<total>2229238</total>
				<timestamp>183.249787</timestamp>
			</report>
			<report>
				<misses>2273001</misses>
				<total>2229507</total>
				<timestamp>183.330433</timestamp>
			</report>
			<report>
				<misses>2274001</misses>
				<total>2229508</total>
				<timestamp>183.410693</timestamp>
			</report>
			<report>
				<misses>2275001</misses>
				<total>2229508</total>
				<timestamp>183.491329</timestamp>
			</report>
			<report>
				<misses>2276001</misses>
				<total>2230471</total>
				<timestamp>183.571488</timestamp>
			</report>
			<report>
				<misses>2277001</misses>
				<total>2231470</total>
				<timestamp>183.651508</timestamp>
			</report>
			<report>
				<misses>2278001</misses>
				<total>2232469</total>
				<timestamp>183.733414</timestamp>
			</report>
			<report>
				<misses>2279001</misses>
				<total>2233100</total>
				<timestamp>183.813507</timestamp>
			</report>
			<report>
				<misses>2280001</misses>
				<total>2234084</total>
				<timestamp>183.893536</timestamp>
			</report>
			<report>
				<misses>2281001</misses>
				<total>2235083</total>
				<timestamp>183.973729</timestamp>
			</report>
			<report>
				<misses>2282001</misses>
				<total>2236082</total>
				<timestamp>184.053700</timestamp>
			</report>
			<report>
				<misses>2283001</misses>
				<total>2237081</total>
				<timestamp>184.134316</timestamp>
			</report>
			<report>
				<misses>2284001</misses>
				<total>2238080</total>
				<timestamp>184.214476</timestamp>
			</report>
			<report>
				<misses>2285001</misses>
				<total>2239079</total>
				<timestamp>184.294556</timestamp>
			</report>
			<report>
				<misses>2286001</misses>
				<total>2240078</total>
				<timestamp>184.374635</timestamp>
			</report>
			<report>
				<misses>2287001</misses>
				<total>2241077</total>
				<timestamp>184.454696</timestamp>
			</report>
			<report>
				<misses>2288001</misses>
				<total>2242076</total>
				<timestamp>184.534732</timestamp>
			</report>
			<report>
				<misses>2289001</misses>
				<total>2243075</total>
				<timestamp>184.615816</timestamp>
			</report>
			<report>
				<misses>2290001</misses>
				<total>2244074</total>
				<timestamp>184.696102</timestamp>
			</report>
			<report>
				<misses>2291001</misses>
				<total>2245073</total>
				<timestamp>184.776201</timestamp>
			</report>
			<report>
				<misses>2292001</misses>
				<total>2246072</total>
				<timestamp>184.856215</timestamp>
			</report>
			<report>
				<misses>2293001</misses>
				<total>2247071</total>
				<timestamp>184.936207</timestamp>
			</report>
			<report>
				<misses>2294001</misses>
				<total>2248070</total>
				<timestamp>185.017130</timestamp>
			</report>
			<report>
				<misses>2295001</misses>
				<total>2249069</total>
				<timestamp>185.098252</timestamp>
			</report>
			<report>
				<misses>2296001</misses>
				<total>2250068</total>
				<timestamp>185.178314</timestamp>
			</report>
			<report>
				<misses>2297001</misses>
				<total>2251067</total>
				<timestamp>185.258314</timestamp>
			</report>
			<report>
				<misses>2298001</misses>
				<total>2252066</total>
				<timestamp>185.338376</timestamp>
			</report>
			<report>
				<misses>2299001</misses>
				<total>2253065</total>
				<timestamp>185.418377</timestamp>
			</report>
			<report>
				<misses>2300001</misses>
				<total>2254064</total>
				<timestamp>185.498383</timestamp>
			</report>
			<report>
				<misses>2301001</misses>
				<total>2255063</total>
				<timestamp>185.578494</timestamp>
			</report>
			<report>
				<misses>2302001</misses>
				<total>2256062</total>
				<timestamp>185.658536</timestamp>
			</report>
			<report>
				<misses>2303001</misses>
				<total>2257061</total>
				<timestamp>185.738652</timestamp>
			</report>
			<report>
				<misses>2304001</misses>
				<total>2258060</total>
				<timestamp>185.818795</timestamp>
			</report>
			<report>
				<misses>2305001</misses>
				<total>2259059</total>
				<timestamp>185.898805</timestamp>
			</report>
			<report>
				<misses>2306001</misses>
				<total>2260058</total>
				<timestamp>185.980952</timestamp>
			</report>
			<report>
				<misses>2307001</misses>
				<total>2261057</total>
				<timestamp>186.061198</timestamp>
			</report>
			<report>
				<misses>2308001</misses>
				<total>2262056</total>
				<timestamp>186.141341</timestamp>
			</report>
			<report>
				<misses>2309001</misses>
				<total>2263055</total>
				<timestamp>186.222265</timestamp>
			</report>
			<report>
				<misses>2310001</misses>
				<total>2264054</total>
				<timestamp>186.303207</timestamp>
			</report>
			<report>
				<misses>2311001</misses>
				<total>2265053</total>
				<timestamp>186.383378</timestamp>
			</report>
			<report>
				<misses>2312001</misses>
				<total>2266052</total>
				<timestamp>186.463564</timestamp>
			</report>
			<report>
				<misses>2313001</misses>
				<total>2267051</total>
				<timestamp>186.543618</timestamp>
			</report>
			<report>
				<misses>2314001</misses>
				<total>2268050</total>
				<timestamp>186.624005</timestamp>
			</report>
			<report>
				<misses>2315001</misses>
				<total>2269049</total>
				<timestamp>186.704053</timestamp>
			</report>
			<report>
				<misses>2316001</misses>
				<total>2270048</total>
				<timestamp>186.784263</timestamp>
			</report>
			<report>
				<misses>2317001</misses>
				<total>2271047</total>
				<timestamp>186.864267</timestamp>
			</report>
			<report>
				<misses>2318001</misses>
				<total>2272046</total>
				<timestamp>186.944258</timestamp>
			</report>
			<report>
				<misses>2319001</misses>
				<total>2273045</total>
				<timestamp>187.024644</timestamp>
			</report>
			<report>
				<misses>2320001</misses>
				<total>2274044</total>
				<timestamp>187.105105</timestamp>
			</report>
			<report>
				<misses>2321001</misses>
				<total>2275043</total>
				<timestamp>187.185137</timestamp>
			</report>
			<report>
				<misses>2322001</misses>
				<total>2276042</total>
				<timestamp>187.265688</timestamp>
			</report>
			<report>
				<misses>2323001</misses>
				<total>2277041</total>
				<timestamp>187.346022</timestamp>
			</report>
			<report>
				<misses>2324001</misses>
				<total>2278040</total>
				<timestamp>187.426970</timestamp>
			</report>
			<report>
				<misses>2325001</misses>
				<total>2279039</total>
				<timestamp>187.506976</timestamp>
			</report>
			<report>
				<misses>2326001</misses>
				<total>2280038</total>
				<timestamp>187.587593</timestamp>
			</report>
			<report>
				<misses>2327001</misses>
				<total>2281037</total>
				<timestamp>187.667851</timestamp>
			</report>
			<report>
				<misses>2328001</misses>
				<total>2282036</total>
				<timestamp>187.749473</timestamp>
			</report>
			<report>
				<misses>2329001</misses>
				<total>2283035</total>
				<timestamp>187.829706</timestamp>
			</report>
			<report>
				<misses>2330001</misses>
				<total>2284034</total>
				<timestamp>187.909946</timestamp>
			</report>
			<report>
				<misses>2331001</misses>
				<total>2285033</total>
				<timestamp>187.989987</timestamp>
			</report>
			<report>
				<misses>2332001</misses>
				<total>2286032</total>
				<timestamp>188.070078</timestamp>
			</report>
			<report>
				<misses>2333001</misses>
				<total>2287031</total>
				<timestamp>188.150135</timestamp>
			</report>
			<report>
				<misses>2334001</misses>
				<total>2288030</total>
				<timestamp>188.230235</timestamp>
			</report>
			<report>
				<misses>2335001</misses>
				<total>2289029</total>
				<timestamp>188.310328</timestamp>
			</report>
			<report>
				<misses>2336001</misses>
				<total>2290028</total>
				<timestamp>188.391795</timestamp>
			</report>
			<report>
				<misses>2337001</misses>
				<total>2291027</total>
				<timestamp>188.471774</timestamp>
			</report>
			<report>
				<misses>2338001</misses>
				<total>2292026</total>
				<timestamp>188.553272</timestamp>
			</report>
			<report>
				<misses>2339001</misses>
				<total>2293025</total>
				<timestamp>188.633756</timestamp>
			</report>
			<report>
				<misses>2340001</misses>
				<total>2294024</total>
				<timestamp>188.713784</timestamp>
			</report>
			<report>
				<misses>2341001</misses>
				<total>2295023</total>
				<timestamp>188.793953</timestamp>
			</report>
			<report>
				<misses>2342001</misses>
				<total>2296022</total>
				<timestamp>188.874244</timestamp>
			</report>
			<report>
				<misses>2343001</misses>
				<total>2297021</total>
				<timestamp>188.954351</timestamp>
			</report>
			<report>
				<misses>2344001</misses>
				<total>2298020</total>
				<timestamp>189.035532</timestamp>
			</report>
			<report>
				<misses>2345001</misses>
				<total>2299019</total>
				<timestamp>189.117635</timestamp>
			</report>
			<report>
				<misses>2346001</misses>
				<total>2300018</total>
				<timestamp>189.203883</timestamp>
			</report>
			<report>
				<misses>2347001</misses>
				<total>2301017</total>
				<timestamp>189.284209</timestamp>
			</report>
			<report>
				<misses>2348001</misses>
				<total>2302016</total>
				<timestamp>189.364241</timestamp>
			</report>
			<report>
				<misses>2349001</misses>
				<total>2303015</total>
				<timestamp>189.444665</timestamp>
			</report>
			<report>
				<misses>2350001</misses>
				<total>2304014</total>
				<timestamp>189.524672</timestamp>
			</report>
			<report>
				<misses>2351001</misses>
				<total>2305013</total>
				<timestamp>189.605628</timestamp>
			</report>
			<report>
				<misses>2352001</misses>
				<total>2306012</total>
				<timestamp>189.685762</timestamp>
			</report>
			<report>
				<misses>2353001</misses>
				<total>2307011</total>
				<timestamp>189.765989</timestamp>
			</report>
			<report>
				<misses>2354001</misses>
				<total>2308010</total>
				<timestamp>189.848614</timestamp>
			</report>
			<report>
				<misses>2355001</misses>
				<total>2309009</total>
				<timestamp>189.928622</timestamp>
			</report>
			<report>
				<misses>2356001</misses>
				<total>2310008</total>
				<timestamp>190.008593</timestamp>
			</report>
			<report>
				<misses>2357001</misses>
				<total>2311007</total>
				<timestamp>190.088664</timestamp>
			</report>
			<report>
				<misses>2358001</misses>
				<total>2312006</total>
				<timestamp>190.168659</timestamp>
			</report>
			<report>
				<misses>2359001</misses>
				<total>2313005</total>
				<timestamp>190.248675</timestamp>
			</report>
			<report>
				<misses>2360001</misses>
				<total>2314004</total>
				<timestamp>190.328661</timestamp>
			</report>
			<report>
				<misses>2361001</misses>
				<total>2315003</total>
				<timestamp>190.408666</timestamp>
			</report>
			<report>
				<misses>2362001</misses>
				<total>2316002</total>
				<timestamp>190.490488</timestamp>
			</report>
			<report>
				<misses>2363001</misses>
				<total>2317001</total>
				<timestamp>190.570664</timestamp>
			</report>
			<report>
				<misses>2364001</misses>
				<total>2318000</total>
				<timestamp>190.650835</timestamp>
			</report>
			<report>
				<misses>2365001</misses>
				<total>2318999</total>
				<timestamp>190.730812</timestamp>
			</report>
			<report>
				<misses>2366001</misses>
				<total>2319998</total>
				<timestamp>190.810952</timestamp>
			</report>
			<report>
				<misses>2367001</misses>
				<total>2320997</total>
				<timestamp>190.890988</timestamp>
			</report>
			<report>
				<misses>2368001</misses>
				<total>2321996</total>
				<timestamp>190.971087</timestamp>
			</report>
			<report>
				<misses>2369001</misses>
				<total>2322995</total>
				<timestamp>191.053714</timestamp>
			</report>
			<report>
				<misses>2370001</misses>
				<total>2323994</total>
				<timestamp>191.134655</timestamp>
			</report>
			<report>
				<misses>2371001</misses>
				<total>2324993</total>
				<timestamp>191.215143</timestamp>
			</report>
			<report>
				<misses>2372001</misses>
				<total>2325992</total>
				<timestamp>191.296977</timestamp>
			</report>
			<report>
				<misses>2373001</misses>
				<total>2326991</total>
				<timestamp>191.377507</timestamp>
			</report>
			<report>
				<misses>2374001</misses>
				<total>2327990</total>
				<timestamp>191.457632</timestamp>
			</report>
			<report>
				<misses>2375001</misses>
				<total>2328989</total>
				<timestamp>191.537616</timestamp>
			</report>
			<report>
				<misses>2376001</misses>
				<total>2329988</total>
				<timestamp>191.618009</timestamp>
			</report>
			<report>
				<misses>2377001</misses>
				<total>2330987</total>
				<timestamp>191.701319</timestamp>
			</report>
			<report>
				<misses>2378001</misses>
				<total>2331986</total>
				<timestamp>191.789233</timestamp>
			</report>
			<report>
				<misses>2379001</misses>
				<total>2332985</total>
				<timestamp>191.869957</timestamp>
			</report>
			<report>
				<misses>2380001</misses>
				<total>2333984</total>
				<timestamp>191.950518</timestamp>
			</report>
			<report>
				<misses>2381001</misses>
				<total>2334983</total>
				<timestamp>192.030577</timestamp>
			</report>
			<report>
				<misses>2382001</misses>
				<total>2335982</total>
				<timestamp>192.110624</timestamp>
			</report>
			<report>
				<misses>2383001</misses>
				<total>2336981</total>
				<timestamp>192.191958</timestamp>
			</report>
			<report>
				<misses>2384001</misses>
				<total>2337980</total>
				<timestamp>192.275527</timestamp>
			</report>
			<report>
				<misses>2385001</misses>
				<total>2338979</total>
				<timestamp>192.355591</timestamp>
			</report>
			<report>
				<misses>2386001</misses>
				<total>2339978</total>
				<timestamp>192.436462</timestamp>
			</report>
			<report>
				<misses>2387001</misses>
				<total>2340977</total>
				<timestamp>192.516714</timestamp>
			</report>
			<report>
				<misses>2388001</misses>
				<total>2341976</total>
				<timestamp>192.596717</timestamp>
			</report>
			<report>
				<misses>2389001</misses>
				<total>2342975</total>
				<timestamp>192.677310</timestamp>
			</report>
			<report>
				<misses>2390001</misses>
				<total>2343974</total>
				<timestamp>192.757298</timestamp>
			</report>
			<report>
				<misses>2391001</misses>
				<total>2344973</total>
				<timestamp>192.837464</timestamp>
			</report>
			<report>
				<misses>2392001</misses>
				<total>2345972</total>
				<timestamp>192.920094</timestamp>
			</report>
			<report>
				<misses>2393001</misses>
				<total>2346971</total>
				<timestamp>193.001956</timestamp>
			</report>
			<report>
				<misses>2394001</misses>
				<total>2347970</total>
				<timestamp>193.081988</timestamp>
			</report>
			<report>
				<misses>2395001</misses>
				<total>2348969</total>
				<timestamp>193.162212</timestamp>
			</report>
			<report>
				<misses>2396001</misses>
				<total>2349968</total>
				<timestamp>193.244966</timestamp>
			</report>
			<report>
				<misses>2397001</misses>
				<total>2350967</total>
				<timestamp>193.326079</timestamp>
			</report>
			<report>
				<misses>2398001</misses>
				<total>2351966</total>
				<timestamp>193.406203</timestamp>
			</report>
			<report>
				<misses>2399001</misses>
				<total>2352965</total>
				<timestamp>193.486217</timestamp>
			</report>
			<report>
				<misses>2400001</misses>
				<total>2353964</total>
				<timestamp>193.567958</timestamp>
			</report>
			<report>
				<misses>2401001</misses>
				<total>2354963</total>
				<timestamp>193.648090</timestamp>
			</report>
			<report>
				<misses>2402001</misses>
				<total>2355962</total>
				<timestamp>193.728210</timestamp>
			</report>
			<report>
				<misses>2403001</misses>
				<total>2356961</total>
				<timestamp>193.808265</timestamp>
			</report>
			<report>
				<misses>2404001</misses>
				<total>2357960</total>
				<timestamp>193.888461</timestamp>
			</report>
			<report>
				<misses>2405001</misses>
				<total>2358959</total>
				<timestamp>193.968515</timestamp>
			</report>
			<report>
				<misses>2406001</misses>
				<total>2359958</total>
				<timestamp>194.048666</timestamp>
			</report>
			<report>
				<misses>2407001</misses>
				<total>2360957</total>
				<timestamp>194.128744</timestamp>
			</report>
			<report>
				<misses>2408001</misses>
				<total>2361956</total>
				<timestamp>194.208755</timestamp>
			</report>
			<report>
				<misses>2409001</misses>
				<total>2362955</total>
				<timestamp>194.288989</timestamp>
			</report>
			<report>
				<misses>2410001</misses>
				<total>2363954</total>
				<timestamp>194.369460</timestamp>
			</report>
			<report>
				<misses>2411001</misses>
				<total>2364953</total>
				<timestamp>194.449482</timestamp>
			</report>
			<report>
				<misses>2412001</misses>
				<total>2365952</total>
				<timestamp>194.530807</timestamp>
			</report>
			<report>
				<misses>2413001</misses>
				<total>2366951</total>
				<timestamp>194.613452</timestamp>
			</report>
			<report>
				<misses>2414001</misses>
				<total>2367950</total>
				<timestamp>194.694964</timestamp>
			</report>
			<report>
				<misses>2415001</misses>
				<total>2368949</total>
				<timestamp>194.774997</timestamp>
			</report>
			<report>
				<misses>2416001</misses>
				<total>2369948</total>
				<timestamp>194.855187</timestamp>
			</report>
			<report>
				<misses>2417001</misses>
				<total>2370947</total>
				<timestamp>194.935982</timestamp>
			</report>
			<report>
				<misses>2418001</misses>
				<total>2371946</total>
				<timestamp>195.016134</timestamp>
			</report>
			<report>
				<misses>2419001</misses>
				<total>2372945</total>
				<timestamp>195.096504</timestamp>
			</report>
			<report>
				<misses>2420001</misses>
				<total>2373944</total>
				<timestamp>195.181495</timestamp>
			</report>
			<report>
				<misses>2421001</misses>
				<total>2374943</total>
				<timestamp>195.262238</timestamp>
			</report>
			<report>
				<misses>2422001</misses>
				<total>2375942</total>
				<timestamp>195.342359</timestamp>
			</report>
			<report>
				<misses>2423001</misses>
				<total>2376941</total>
				<timestamp>195.422420</timestamp>
			</report>
			<report>
				<misses>2424001</misses>
				<total>2377940</total>
				<timestamp>195.502432</timestamp>
			</report>
			<report>
				<misses>2425001</misses>
				<total>2378939</total>
				<timestamp>195.582484</timestamp>
			</report>
			<report>
				<misses>2426001</misses>
				<total>2379938</total>
				<timestamp>195.662574</timestamp>
			</report>
			<report>
				<misses>2427001</misses>
				<total>2380937</total>
				<timestamp>195.742706</timestamp>
			</report>
			<report>
				<misses>2428001</misses>
				<total>2381936</total>
				<timestamp>195.824571</timestamp>
			</report>
			<report>
				<misses>2429001</misses>
				<total>2382935</total>
				<timestamp>195.904575</timestamp>
			</report>
			<report>
				<misses>2430001</misses>
				<total>2383934</total>
				<timestamp>195.984568</timestamp>
			</report>
			<report>
				<misses>2431001</misses>
				<total>2384933</total>
				<timestamp>196.064951</timestamp>
			</report>
			<report>
				<misses>2432001</misses>
				<total>2385932</total>
				<timestamp>196.145127</timestamp>
			</report>
			<report>
				<misses>2433001</misses>
				<total>2386931</total>
				<timestamp>196.225135</timestamp>
			</report>
			<report>
				<misses>2434001</misses>
				<total>2387930</total>
				<timestamp>196.305742</timestamp>
			</report>
			<report>
				<misses>2435001</misses>
				<total>2388929</total>
				<timestamp>196.386550</timestamp>
			</report>
			<report>
				<misses>2436001</misses>
				<total>2389928</total>
				<timestamp>196.469565</timestamp>
			</report>
			<report>
				<misses>2437001</misses>
				<total>2390927</total>
				<timestamp>196.552479</timestamp>
			</report>
			<report>
				<misses>2438001</misses>
				<total>2391926</total>
				<timestamp>196.632651</timestamp>
			</report>
			<report>
				<misses>2439001</misses>
				<total>2392925</total>
				<timestamp>196.712702</timestamp>
			</report>
			<report>
				<misses>2440001</misses>
				<total>2393924</total>
				<timestamp>196.794134</timestamp>
			</report>
			<report>
				<misses>2441001</misses>
				<total>2394923</total>
				<timestamp>196.874114</timestamp>
			</report>
			<report>
				<misses>2442001</misses>
				<total>2395922</total>
				<timestamp>196.954123</timestamp>
			</report>
			<report>
				<misses>2443001</misses>
				<total>2396921</total>
				<timestamp>197.034114</timestamp>
			</report>
			<report>
				<misses>2444001</misses>
				<total>2397920</total>
				<timestamp>197.114129</timestamp>
			</report>
			<report>
				<misses>2445001</misses>
				<total>2398919</total>
				<timestamp>197.195947</timestamp>
			</report>
			<report>
				<misses>2446001</misses>
				<total>2399918</total>
				<timestamp>197.280266</timestamp>
			</report>
			<report>
				<misses>2447001</misses>
				<total>2400917</total>
				<timestamp>197.364216</timestamp>
			</report>
			<report>
				<misses>2448001</misses>
				<total>2401916</total>
				<timestamp>197.444217</timestamp>
			</report>
			<report>
				<misses>2449001</misses>
				<total>2402915</total>
				<timestamp>197.524586</timestamp>
			</report>
			<report>
				<misses>2450001</misses>
				<total>2403914</total>
				<timestamp>197.604631</timestamp>
			</report>
			<report>
				<misses>2451001</misses>
				<total>2404913</total>
				<timestamp>197.684618</timestamp>
			</report>
			<report>
				<misses>2452001</misses>
				<total>2405912</total>
				<timestamp>197.765947</timestamp>
			</report>
			<report>
				<misses>2453001</misses>
				<total>2406911</total>
				<timestamp>197.846020</timestamp>
			</report>
			<report>
				<misses>2454001</misses>
				<total>2407910</total>
				<timestamp>197.926146</timestamp>
			</report>
			<report>
				<misses>2455001</misses>
				<total>2408909</total>
				<timestamp>198.006136</timestamp>
			</report>
			<report>
				<misses>2456001</misses>
				<total>2409908</total>
				<timestamp>198.086146</timestamp>
			</report>
			<report>
				<misses>2457001</misses>
				<total>2410907</total>
				<timestamp>198.166220</timestamp>
			</report>
			<report>
				<misses>2458001</misses>
				<total>2411906</total>
				<timestamp>198.254659</timestamp>
			</report>
			<report>
				<misses>2459001</misses>
				<total>2412905</total>
				<timestamp>198.334742</timestamp>
			</report>
			<report>
				<misses>2460001</misses>
				<total>2413904</total>
				<timestamp>198.414730</timestamp>
			</report>
			<report>
				<misses>2461001</misses>
				<total>2414903</total>
				<timestamp>198.494755</timestamp>
			</report>
			<report>
				<misses>2462001</misses>
				<total>2415902</total>
				<timestamp>198.576132</timestamp>
			</report>
			<report>
				<misses>2463001</misses>
				<total>2416901</total>
				<timestamp>198.659673</timestamp>
			</report>
			<report>
				<misses>2464001</misses>
				<total>2417900</total>
				<timestamp>198.740891</timestamp>
			</report>
			<report>
				<misses>2465001</misses>
				<total>2418899</total>
				<timestamp>198.821148</timestamp>
			</report>
			<report>
				<misses>2466001</misses>
				<total>2419898</total>
				<timestamp>198.901227</timestamp>
			</report>
			<report>
				<misses>2467001</misses>
				<total>2420897</total>
				<timestamp>198.983115</timestamp>
			</report>
			<report>
				<misses>2468001</misses>
				<total>2421896</total>
				<timestamp>199.065405</timestamp>
			</report>
			<report>
				<misses>2469001</misses>
				<total>2422895</total>
				<timestamp>199.146149</timestamp>
			</report>
			<report>
				<misses>2470001</misses>
				<total>2423894</total>
				<timestamp>199.226556</timestamp>
			</report>
			<report>
				<misses>2471001</misses>
				<total>2424893</total>
				<timestamp>199.306990</timestamp>
			</report>
			<report>
				<misses>2472001</misses>
				<total>2425892</total>
				<timestamp>199.387472</timestamp>
			</report>
			<report>
				<misses>2473001</misses>
				<total>2426891</total>
				<timestamp>199.467547</timestamp>
			</report>
			<report>
				<misses>2474001</misses>
				<total>2427890</total>
				<timestamp>199.547959</timestamp>
			</report>
			<report>
				<misses>2475001</misses>
				<total>2428889</total>
				<timestamp>199.627959</timestamp>
			</report>
			<report>
				<misses>2476001</misses>
				<total>2429888</total>
				<timestamp>199.708120</timestamp>
			</report>
			<report>
				<misses>2477001</misses>
				<total>2430887</total>
				<timestamp>199.788850</timestamp>
			</report>
			<report>
				<misses>2478001</misses>
				<total>2431886</total>
				<timestamp>199.871308</timestamp>
			</report>
			<report>
				<misses>2479001</misses>
				<total>2432885</total>
				<timestamp>199.951600</timestamp>
			</report>
			<report>
				<misses>2480001</misses>
				<total>2433884</total>
				<timestamp>200.033522</timestamp>
			</report>
			<report>
				<misses>2481001</misses>
				<total>2434883</total>
				<timestamp>200.113964</timestamp>
			</report>
			<report>
				<misses>2482001</misses>
				<total>2435882</total>
				<timestamp>200.196416</timestamp>
			</report>
			<report>
				<misses>2483001</misses>
				<total>2436881</total>
				<timestamp>200.276597</timestamp>
			</report>
			<report>
				<misses>2484001</misses>
				<total>2437880</total>
				<timestamp>200.356614</timestamp>
			</report>
			<report>
				<misses>2485001</misses>
				<total>2438879</total>
				<timestamp>200.437321</timestamp>
			</report>
			<report>
				<misses>2486001</misses>
				<total>2439878</total>
				<timestamp>200.517409</timestamp>
			</report>
			<report>
				<misses>2487001</misses>
				<total>2440877</total>
				<timestamp>200.597691</timestamp>
			</report>
			<report>
				<misses>2488001</misses>
				<total>2441876</total>
				<timestamp>200.677697</timestamp>
			</report>
			<report>
				<misses>2489001</misses>
				<total>2442875</total>
				<timestamp>200.757702</timestamp>
			</report>
			<report>
				<misses>2490001</misses>
				<total>2443874</total>
				<timestamp>200.839620</timestamp>
			</report>
			<report>
				<misses>2491001</misses>
				<total>2444873</total>
				<timestamp>200.921276</timestamp>
			</report>
			<report>
				<misses>2492001</misses>
				<total>2445872</total>
				<timestamp>201.002958</timestamp>
			</report>
			<report>
				<misses>2493001</misses>
				<total>2446871</total>
				<timestamp>201.083217</timestamp>
			</report>
			<report>
				<misses>2494001</misses>
				<total>2447870</total>
				<timestamp>201.163596</timestamp>
			</report>
			<report>
				<misses>2495001</misses>
				<total>2448869</total>
				<timestamp>201.246189</timestamp>
			</report>
			<report>
				<misses>2496001</misses>
				<total>2449868</total>
				<timestamp>201.327942</timestamp>
			</report>
			<report>
				<misses>2497001</misses>
				<total>2450867</total>
				<timestamp>201.407958</timestamp>
			</report>
			<report>
				<misses>2498001</misses>
				<total>2451866</total>
				<timestamp>201.488092</timestamp>
			</report>
			<report>
				<misses>2499001</misses>
				<total>2452865</total>
				<timestamp>201.568387</timestamp>
			</report>
			<report>
				<misses>2500001</misses>
				<total>2453864</total>
				<timestamp>201.648587</timestamp>
			</report>
			<report>
				<misses>2501001</misses>
				<total>2454863</total>
				<timestamp>201.728630</timestamp>
			</report>
			<report>
				<misses>2502001</misses>
				<total>2455862</total>
				<timestamp>201.808692</timestamp>
			</report>
			<report>
				<misses>2503001</misses>
				<total>2456861</total>
				<timestamp>201.888716</timestamp>
			</report>
			<report>
				<misses>2504001</misses>
				<total>2457860</total>
				<timestamp>201.969126</timestamp>
			</report>
			<report>
				<misses>2505001</misses>
				<total>2458859</total>
				<timestamp>202.049458</timestamp>
			</report>
			<report>
				<misses>2506001</misses>
				<total>2459858</total>
				<timestamp>202.130705</timestamp>
			</report>
			<report>
				<misses>2507001</misses>
				<total>2460857</total>
				<timestamp>202.211118</timestamp>
			</report>
			<report>
				<misses>2508001</misses>
				<total>2461856</total>
				<timestamp>202.291365</timestamp>
			</report>
			<report>
				<misses>2509001</misses>
				<total>2462855</total>
				<timestamp>202.371595</timestamp>
			</report>
			<report>
				<misses>2510001</misses>
				<total>2463854</total>
				<timestamp>202.451614</timestamp>
			</report>
			<report>
				<misses>2511001</misses>
				<total>2464853</total>
				<timestamp>202.531987</timestamp>
			</report>
			<report>
				<misses>2512001</misses>
				<total>2465852</total>
				<timestamp>202.617077</timestamp>
			</report>
			<report>
				<misses>2513001</misses>
				<total>2466851</total>
				<timestamp>202.697098</timestamp>
			</report>
			<report>
				<misses>2514001</misses>
				<total>2467850</total>
				<timestamp>202.777530</timestamp>
			</report>
			<report>
				<misses>2515001</misses>
				<total>2468849</total>
				<timestamp>202.858966</timestamp>
			</report>
			<report>
				<misses>2516001</misses>
				<total>2469848</total>
				<timestamp>202.940108</timestamp>
			</report>
			<report>
				<misses>2517001</misses>
				<total>2470847</total>
				<timestamp>203.021237</timestamp>
			</report>
			<report>
				<misses>2518001</misses>
				<total>2471846</total>
				<timestamp>203.101881</timestamp>
			</report>
			<report>
				<misses>2519001</misses>
				<total>2472845</total>
				<timestamp>203.182243</timestamp>
			</report>
			<report>
				<misses>2520001</misses>
				<total>2473844</total>
				<timestamp>203.262536</timestamp>
			</report>
			<report>
				<misses>2521001</misses>
				<total>2474843</total>
				<timestamp>203.342528</timestamp>
			</report>
			<report>
				<misses>2522001</misses>
				<total>2475842</total>
				<timestamp>203.422557</timestamp>
			</report>
			<report>
				<misses>2523001</misses>
				<total>2476841</total>
				<timestamp>203.502584</timestamp>
			</report>
			<report>
				<misses>2524001</misses>
				<total>2477840</total>
				<timestamp>203.582582</timestamp>
			</report>
			<report>
				<misses>2525001</misses>
				<total>2478839</total>
				<timestamp>203.662589</timestamp>
			</report>
			<report>
				<misses>2526001</misses>
				<total>2479838</total>
				<timestamp>203.742572</timestamp>
			</report>
			<report>
				<misses>2527001</misses>
				<total>2480837</total>
				<timestamp>203.822598</timestamp>
			</report>
			<report>
				<misses>2528001</misses>
				<total>2481836</total>
				<timestamp>203.902568</timestamp>
			</report>
			<report>
				<misses>2529001</misses>
				<total>2482835</total>
				<timestamp>203.982689</timestamp>
			</report>
			<report>
				<misses>2530001</misses>
				<total>2483834</total>
				<timestamp>204.062663</timestamp>
			</report>
			<report>
				<misses>2531001</misses>
				<total>2484833</total>
				<timestamp>204.142769</timestamp>
			</report>
			<report>
				<misses>2532001</misses>
				<total>2485832</total>
				<timestamp>204.223492</timestamp>
			</report>
			<report>
				<misses>2533001</misses>
				<total>2486831</total>
				<timestamp>204.303548</timestamp>
			</report>
			<report>
				<misses>2534001</misses>
				<total>2487830</total>
				<timestamp>204.383591</timestamp>
			</report>
			<report>
				<misses>2535001</misses>
				<total>2488829</total>
				<timestamp>204.463686</timestamp>
			</report>
			<report>
				<misses>2536001</misses>
				<total>2489828</total>
				<timestamp>204.545831</timestamp>
			</report>
			<report>
				<misses>2537001</misses>
				<total>2490827</total>
				<timestamp>204.626657</timestamp>
			</report>
			<report>
				<misses>2538001</misses>
				<total>2491826</total>
				<timestamp>204.706823</timestamp>
			</report>
			<report>
				<misses>2539001</misses>
				<total>2492825</total>
				<timestamp>204.786861</timestamp>
			</report>
			<report>
				<misses>2540001</misses>
				<total>2493824</total>
				<timestamp>204.868211</timestamp>
			</report>
			<report>
				<misses>2541001</misses>
				<total>2494823</total>
				<timestamp>204.948700</timestamp>
			</report>
			<report>
				<misses>2542001</misses>
				<total>2495822</total>
				<timestamp>205.028688</timestamp>
			</report>
			<report>
				<misses>2543001</misses>
				<total>2496821</total>
				<timestamp>205.108701</timestamp>
			</report>
			<report>
				<misses>2544001</misses>
				<total>2497820</total>
				<timestamp>205.188667</timestamp>
			</report>
			<report>
				<misses>2545001</misses>
				<total>2498819</total>
				<timestamp>205.274087</timestamp>
			</report>
			<report>
				<misses>2546001</misses>
				<total>2499818</total>
				<timestamp>205.354576</timestamp>
			</report>
			<report>
				<misses>2547001</misses>
				<total>2500817</total>
				<timestamp>205.434987</timestamp>
			</report>
			<report>
				<misses>2548001</misses>
				<total>2501816</total>
				<timestamp>205.515006</timestamp>
			</report>
			<report>
				<misses>2549001</misses>
				<total>2502815</total>
				<timestamp>205.595973</timestamp>
			</report>
			<report>
				<misses>2550001</misses>
				<total>2503814</total>
				<timestamp>205.676316</timestamp>
			</report>
			<report>
				<misses>2551001</misses>
				<total>2504813</total>
				<timestamp>205.756437</timestamp>
			</report>
			<report>
				<misses>2552001</misses>
				<total>2505812</total>
				<timestamp>205.838430</timestamp>
			</report>
			<report>
				<misses>2553001</misses>
				<total>2506811</total>
				<timestamp>205.918516</timestamp>
			</report>
			<report>
				<misses>2554001</misses>
				<total>2507810</total>
				<timestamp>205.998525</timestamp>
			</report>
			<report>
				<misses>2555001</misses>
				<total>2508809</total>
				<timestamp>206.078559</timestamp>
			</report>
			<report>
				<misses>2556001</misses>
				<total>2509808</total>
				<timestamp>206.158582</timestamp>
			</report>
			<report>
				<misses>2557001</misses>
				<total>2510807</total>
				<timestamp>206.238619</timestamp>
			</report>
			<report>
				<misses>2558001</misses>
				<total>2511806</total>
				<timestamp>206.318585</timestamp>
			</report>
			<report>
				<misses>2559001</misses>
				<total>2512805</total>
				<timestamp>206.398632</timestamp>
			</report>
			<report>
				<misses>2560001</misses>
				<total>2513804</total>
				<timestamp>206.481259</timestamp>
			</report>
			<report>
				<misses>2561001</misses>
				<total>2514803</total>
				<timestamp>206.562072</timestamp>
			</report>
			<report>
				<misses>2562001</misses>
				<total>2515802</total>
				<timestamp>206.642170</timestamp>
			</report>
			<report>
				<misses>2563001</misses>
				<total>2516801</total>
				<timestamp>206.722207</timestamp>
			</report>
			<report>
				<misses>2564001</misses>
				<total>2517800</total>
				<timestamp>206.802586</timestamp>
			</report>
			<report>
				<misses>2565001</misses>
				<total>2518799</total>
				<timestamp>206.884057</timestamp>
			</report>
			<report>
				<misses>2566001</misses>
				<total>2519798</total>
				<timestamp>206.964070</timestamp>
			</report>
			<report>
				<misses>2567001</misses>
				<total>2520797</total>
				<timestamp>207.044210</timestamp>
			</report>
			<report>
				<misses>2568001</misses>
				<total>2521796</total>
				<timestamp>207.124213</timestamp>
			</report>
			<report>
				<misses>2569001</misses>
				<total>2522795</total>
				<timestamp>207.207623</timestamp>
			</report>
			<report>
				<misses>2570001</misses>
				<total>2523794</total>
				<timestamp>207.287833</timestamp>
			</report>
			<report>
				<misses>2571001</misses>
				<total>2524793</total>
				<timestamp>207.370141</timestamp>
			</report>
			<report>
				<misses>2572001</misses>
				<total>2525792</total>
				<timestamp>207.450414</timestamp>
			</report>
			<report>
				<misses>2573001</misses>
				<total>2526791</total>
				<timestamp>207.532466</timestamp>
			</report>
			<report>
				<misses>2574001</misses>
				<total>2527790</total>
				<timestamp>207.612484</timestamp>
			</report>
			<report>
				<misses>2575001</misses>
				<total>2528789</total>
				<timestamp>207.692666</timestamp>
			</report>
			<report>
				<misses>2576001</misses>
				<total>2529788</total>
				<timestamp>207.773103</timestamp>
			</report>
			<report>
				<misses>2577001</misses>
				<total>2530787</total>
				<timestamp>207.856523</timestamp>
			</report>
			<report>
				<misses>2578001</misses>
				<total>2531786</total>
				<timestamp>207.936663</timestamp>
			</report>
			<report>
				<misses>2579001</misses>
				<total>2532785</total>
				<timestamp>208.016668</timestamp>
			</report>
			<report>
				<misses>2580001</misses>
				<total>2533784</total>
				<timestamp>208.096689</timestamp>
			</report>
			<report>
				<misses>2581001</misses>
				<total>2534783</total>
				<timestamp>208.176855</timestamp>
			</report>
			<report>
				<misses>2582001</misses>
				<total>2535782</total>
				<timestamp>208.257444</timestamp>
			</report>
			<report>
				<misses>2583001</misses>
				<total>2536781</total>
				<timestamp>208.340703</timestamp>
			</report>
			<report>
				<misses>2584001</misses>
				<total>2537780</total>
				<timestamp>208.421588</timestamp>
			</report>
			<report>
				<misses>2585001</misses>
				<total>2538779</total>
				<timestamp>208.501680</timestamp>
			</report>
			<report>
				<misses>2586001</misses>
				<total>2539778</total>
				<timestamp>208.581694</timestamp>
			</report>
			<report>
				<misses>2587001</misses>
				<total>2540777</total>
				<timestamp>208.661745</timestamp>
			</report>
			<report>
				<misses>2588001</misses>
				<total>2541776</total>
				<timestamp>208.741734</timestamp>
			</report>
			<report>
				<misses>2589001</misses>
				<total>2542775</total>
				<timestamp>208.822123</timestamp>
			</report>
			<report>
				<misses>2590001</misses>
				<total>2543774</total>
				<timestamp>208.902149</timestamp>
			</report>
			<report>
				<misses>2591001</misses>
				<total>2544773</total>
				<timestamp>208.982135</timestamp>
			</report>
			<report>
				<misses>2592001</misses>
				<total>2545772</total>
				<timestamp>209.062209</timestamp>
			</report>
			<report>
				<misses>2593001</misses>
				<total>2546771</total>
				<timestamp>209.142263</timestamp>
			</report>
			<report>
				<misses>2594001</misses>
				<total>2547770</total>
				<timestamp>209.222417</timestamp>
			</report>
			<report>
				<misses>2595001</misses>
				<total>2548769</total>
				<timestamp>209.302522</timestamp>
			</report>
			<report>
				<misses>2596001</misses>
				<total>2549768</total>
				<timestamp>209.382634</timestamp>
			</report>
			<report>
				<misses>2597001</misses>
				<total>2550767</total>
				<timestamp>209.463434</timestamp>
			</report>
			<report>
				<misses>2598001</misses>
				<total>2551766</total>
				<timestamp>209.547687</timestamp>
			</report>
			<report>
				<misses>2599001</misses>
				<total>2552765</total>
				<timestamp>209.627692</timestamp>
			</report>
			<report>
				<misses>2600001</misses>
				<total>2553764</total>
				<timestamp>209.707932</timestamp>
			</report>
			<report>
				<misses>2601001</misses>
				<total>2554763</total>
				<timestamp>209.790046</timestamp>
			</report>
			<report>
				<misses>2602001</misses>
				<total>2555762</total>
				<timestamp>209.870015</timestamp>
			</report>
			<report>
				<misses>2603001</misses>
				<total>2556761</total>
				<timestamp>209.950390</timestamp>
			</report>
			<report>
				<misses>2604001</misses>
				<total>2557760</total>
				<timestamp>210.031397</timestamp>
			</report>
			<report>
				<misses>2605001</misses>
				<total>2558759</total>
				<timestamp>210.112360</timestamp>
			</report>
			<report>
				<misses>2606001</misses>
				<total>2559758</total>
				<timestamp>210.192538</timestamp>
			</report>
			<report>
				<misses>2607001</misses>
				<total>2560757</total>
				<timestamp>210.272576</timestamp>
			</report>
			<report>
				<misses>2608001</misses>
				<total>2561756</total>
				<timestamp>210.353401</timestamp>
			</report>
			<report>
				<misses>2609001</misses>
				<total>2562755</total>
				<timestamp>210.437282</timestamp>
			</report>
			<report>
				<misses>2610001</misses>
				<total>2563754</total>
				<timestamp>210.518671</timestamp>
			</report>
			<report>
				<misses>2611001</misses>
				<total>2564753</total>
				<timestamp>210.598749</timestamp>
			</report>
			<report>
				<misses>2612001</misses>
				<total>2565752</total>
				<timestamp>210.678907</timestamp>
			</report>
			<report>
				<misses>2613001</misses>
				<total>2566751</total>
				<timestamp>210.759530</timestamp>
			</report>
			<report>
				<misses>2614001</misses>
				<total>2567750</total>
				<timestamp>210.839804</timestamp>
			</report>
			<report>
				<misses>2615001</misses>
				<total>2568749</total>
				<timestamp>210.920530</timestamp>
			</report>
			<report>
				<misses>2616001</misses>
				<total>2569748</total>
				<timestamp>211.004444</timestamp>
			</report>
			<report>
				<misses>2617001</misses>
				<total>2570747</total>
				<timestamp>211.085969</timestamp>
			</report>
			<report>
				<misses>2618001</misses>
				<total>2571746</total>
				<timestamp>211.165963</timestamp>
			</report>
			<report>
				<misses>2619001</misses>
				<total>2572745</total>
				<timestamp>211.245936</timestamp>
			</report>
			<report>
				<misses>2620001</misses>
				<total>2573744</total>
				<timestamp>211.325968</timestamp>
			</report>
			<report>
				<misses>2621001</misses>
				<total>2574743</total>
				<timestamp>211.407821</timestamp>
			</report>
			<report>
				<misses>2622001</misses>
				<total>2575403</total>
				<timestamp>211.488593</timestamp>
			</report>
			<report>
				<misses>2623001</misses>
				<total>2576402</total>
				<timestamp>211.568623</timestamp>
			</report>
			<report>
				<misses>2624001</misses>
				<total>2577401</total>
				<timestamp>211.649221</timestamp>
			</report>
			<report>
				<misses>2625001</misses>
				<total>2578400</total>
				<timestamp>211.729559</timestamp>
			</report>
			<report>
				<misses>2626001</misses>
				<total>2579399</total>
				<timestamp>211.809936</timestamp>
			</report>
			<report>
				<misses>2627001</misses>
				<total>2580398</total>
				<timestamp>211.892212</timestamp>
			</report>
			<report>
				<misses>2628001</misses>
				<total>2581041</total>
				<timestamp>211.972198</timestamp>
			</report>
			<report>
				<misses>2629001</misses>
				<total>2581041</total>
				<timestamp>212.053336</timestamp>
			</report>
			<report>
				<misses>2630001</misses>
				<total>2581190</total>
				<timestamp>212.134770</timestamp>
			</report>
			<report>
				<misses>2631001</misses>
				<total>2582189</total>
				<timestamp>212.214776</timestamp>
			</report>
			<report>
				<misses>2632001</misses>
				<total>2583188</total>
				<timestamp>212.295623</timestamp>
			</report>
			<report>
				<misses>2633001</misses>
				<total>2584187</total>
				<timestamp>212.375700</timestamp>
			</report>
			<report>
				<misses>2634001</misses>
				<total>2585186</total>
				<timestamp>212.458209</timestamp>
			</report>
			<report>
				<misses>2635001</misses>
				<total>2586185</total>
				<timestamp>212.539315</timestamp>
			</report>
			<report>
				<misses>2636001</misses>
				<total>2587184</total>
				<timestamp>212.619390</timestamp>
			</report>
			<report>
				<misses>2637001</misses>
				<total>2588183</total>
				<timestamp>212.703210</timestamp>
			</report>
			<report>
				<misses>2638001</misses>
				<total>2589182</total>
				<timestamp>212.783375</timestamp>
			</report>
			<report>
				<misses>2639001</misses>
				<total>2590181</total>
				<timestamp>212.868504</timestamp>
			</report>
			<report>
				<misses>2640001</misses>
				<total>2591180</total>
				<timestamp>212.949080</timestamp>
			</report>
			<report>
				<misses>2641001</misses>
				<total>2591412</total>
				<timestamp>213.029117</timestamp>
			</report>
			<report>
				<misses>2642001</misses>
				<total>2591433</total>
				<timestamp>213.109185</timestamp>
			</report>
			<report>
				<misses>2643001</misses>
				<total>2591452</total>
				<timestamp>213.189164</timestamp>
			</report>
			<report>
				<misses>2644001</misses>
				<total>2592391</total>
				<timestamp>213.269243</timestamp>
			</report>
			<report>
				<misses>2645001</misses>
				<total>2593390</total>
				<timestamp>213.349487</timestamp>
			</report>
			<report>
				<misses>2646001</misses>
				<total>2594389</total>
				<timestamp>213.430685</timestamp>
			</report>
			<report>
				<misses>2647001</misses>
				<total>2595388</total>
				<timestamp>213.511674</timestamp>
			</report>
			<report>
				<misses>2648001</misses>
				<total>2596387</total>
				<timestamp>213.593401</timestamp>
			</report>
			<report>
				<misses>2649001</misses>
				<total>2597386</total>
				<timestamp>213.675956</timestamp>
			</report>
			<report>
				<misses>2650001</misses>
				<total>2598385</total>
				<timestamp>213.758445</timestamp>
			</report>
			<report>
				<misses>2651001</misses>
				<total>2599384</total>
				<timestamp>213.839306</timestamp>
			</report>
			<report>
				<misses>2652001</misses>
				<total>2600383</total>
				<timestamp>213.922142</timestamp>
			</report>
			<report>
				<misses>2653001</misses>
				<total>2601248</total>
				<timestamp>214.002530</timestamp>
			</report>
			<report>
				<misses>2654001</misses>
				<total>2601876</total>
				<timestamp>214.087483</timestamp>
			</report>
			<report>
				<misses>2655001</misses>
				<total>2602875</total>
				<timestamp>214.168134</timestamp>
			</report>
			<report>
				<misses>2656001</misses>
				<total>2603874</total>
				<timestamp>214.248829</timestamp>
			</report>
			<report>
				<misses>2657001</misses>
				<total>2604873</total>
				<timestamp>214.328807</timestamp>
			</report>
			<report>
				<misses>2658001</misses>
				<total>2605872</total>
				<timestamp>214.408874</timestamp>
			</report>
			<report>
				<misses>2659001</misses>
				<total>2606871</total>
				<timestamp>214.488952</timestamp>
			</report>
			<report>
				<misses>2660001</misses>
				<total>2607870</total>
				<timestamp>214.571607</timestamp>
			</report>
			<report>
				<misses>2661001</misses>
				<total>2608869</total>
				<timestamp>214.651631</timestamp>
			</report>
			<report>
				<misses>2662001</misses>
				<total>2609868</total>
				<timestamp>214.731616</timestamp>
			</report>
			<report>
				<misses>2663001</misses>
				<total>2610867</total>
				<timestamp>214.811732</timestamp>
			</report>
			<report>
				<misses>2664001</misses>
				<total>2611866</total>
				<timestamp>214.891950</timestamp>
			</report>
			<report>
				<misses>2665001</misses>
				<total>2612865</total>
				<timestamp>214.972092</timestamp>
			</report>
			<report>
				<misses>2666001</misses>
				<total>2613864</total>
				<timestamp>215.052201</timestamp>
			</report>
			<report>
				<misses>2667001</misses>
				<total>2614863</total>
				<timestamp>215.132230</timestamp>
			</report>
			<report>
				<misses>2668001</misses>
				<total>2615862</total>
				<timestamp>215.212388</timestamp>
			</report>
			<report>
				<misses>2669001</misses>
				<total>2616861</total>
				<timestamp>215.292457</timestamp>
			</report>
			<report>
				<misses>2670001</misses>
				<total>2617860</total>
				<timestamp>215.372804</timestamp>
			</report>
			<report>
				<misses>2671001</misses>
				<total>2618859</total>
				<timestamp>215.453818</timestamp>
			</report>
			<report>
				<misses>2672001</misses>
				<total>2619858</total>
				<timestamp>215.533956</timestamp>
			</report>
			<report>
				<misses>2673001</misses>
				<total>2620857</total>
				<timestamp>215.615516</timestamp>
			</report>
			<report>
				<misses>2674001</misses>
				<total>2621856</total>
				<timestamp>215.695791</timestamp>
			</report>
			<report>
				<misses>2675001</misses>
				<total>2622855</total>
				<timestamp>215.779453</timestamp>
			</report>
			<report>
				<misses>2676001</misses>
				<total>2623854</total>
				<timestamp>215.859486</timestamp>
			</report>
			<report>
				<misses>2677001</misses>
				<total>2624853</total>
				<timestamp>215.939548</timestamp>
			</report>
			<report>
				<misses>2678001</misses>
				<total>2625852</total>
				<timestamp>216.019572</timestamp>
			</report>
			<report>
				<misses>2679001</misses>
				<total>2626851</total>
				<timestamp>216.099535</timestamp>
			</report>
			<report>
				<misses>2680001</misses>
				<total>2627850</total>
				<timestamp>216.179546</timestamp>
			</report>
			<report>
				<misses>2681001</misses>
				<total>2628849</total>
				<timestamp>216.261476</timestamp>
			</report>
			<report>
				<misses>2682001</misses>
				<total>2629848</total>
				<timestamp>216.343425</timestamp>
			</report>
			<report>
				<misses>2683001</misses>
				<total>2630847</total>
				<timestamp>216.423486</timestamp>
			</report>
			<report>
				<misses>2684001</misses>
				<total>2631846</total>
				<timestamp>216.503491</timestamp>
			</report>
			<report>
				<misses>2685001</misses>
				<total>2632845</total>
				<timestamp>216.583502</timestamp>
			</report>
			<report>
				<misses>2686001</misses>
				<total>2633844</total>
				<timestamp>216.663704</timestamp>
			</report>
			<report>
				<misses>2687001</misses>
				<total>2634843</total>
				<timestamp>216.745502</timestamp>
			</report>
			<report>
				<misses>2688001</misses>
				<total>2635842</total>
				<timestamp>216.826540</timestamp>
			</report>
			<report>
				<misses>2689001</misses>
				<total>2636841</total>
				<timestamp>216.907354</timestamp>
			</report>
			<report>
				<misses>2690001</misses>
				<total>2637840</total>
				<timestamp>216.987525</timestamp>
			</report>
			<report>
				<misses>2691001</misses>
				<total>2638839</total>
				<timestamp>217.067539</timestamp>
			</report>
			<report>
				<misses>2692001</misses>
				<total>2639838</total>
				<timestamp>217.147569</timestamp>
			</report>
			<report>
				<misses>2693001</misses>
				<total>2640837</total>
				<timestamp>217.227631</timestamp>
			</report>
			<report>
				<misses>2694001</misses>
				<total>2641836</total>
				<timestamp>217.307754</timestamp>
			</report>
			<report>
				<misses>2695001</misses>
				<total>2642835</total>
				<timestamp>217.387688</timestamp>
			</report>
			<report>
				<misses>2696001</misses>
				<total>2643834</total>
				<timestamp>217.467895</timestamp>
			</report>
			<report>
				<misses>2697001</misses>
				<total>2644833</total>
				<timestamp>217.548084</timestamp>
			</report>
			<report>
				<misses>2698001</misses>
				<total>2645832</total>
				<timestamp>217.630034</timestamp>
			</report>
			<report>
				<misses>2699001</misses>
				<total>2646831</total>
				<timestamp>217.710739</timestamp>
			</report>
			<report>
				<misses>2700001</misses>
				<total>2647830</total>
				<timestamp>217.790783</timestamp>
			</report>
			<report>
				<misses>2701001</misses>
				<total>2648829</total>
				<timestamp>217.870758</timestamp>
			</report>
			<report>
				<misses>2702001</misses>
				<total>2649828</total>
				<timestamp>217.952871</timestamp>
			</report>
			<report>
				<misses>2703001</misses>
				<total>2650827</total>
				<timestamp>218.033492</timestamp>
			</report>
			<report>
				<misses>2704001</misses>
				<total>2651826</total>
				<timestamp>218.113644</timestamp>
			</report>
			<report>
				<misses>2705001</misses>
				<total>2652825</total>
				<timestamp>218.193790</timestamp>
			</report>
			<report>
				<misses>2706001</misses>
				<total>2653824</total>
				<timestamp>218.273771</timestamp>
			</report>
			<report>
				<misses>2707001</misses>
				<total>2654823</total>
				<timestamp>218.353853</timestamp>
			</report>
			<report>
				<misses>2708001</misses>
				<total>2655822</total>
				<timestamp>218.433958</timestamp>
			</report>
			<report>
				<misses>2709001</misses>
				<total>2656821</total>
				<timestamp>218.513969</timestamp>
			</report>
			<report>
				<misses>2710001</misses>
				<total>2657820</total>
				<timestamp>218.594204</timestamp>
			</report>
			<report>
				<misses>2711001</misses>
				<total>2658819</total>
				<timestamp>218.674234</timestamp>
			</report>
			<report>
				<misses>2712001</misses>
				<total>2659818</total>
				<timestamp>218.754306</timestamp>
			</report>
			<report>
				<misses>2713001</misses>
				<total>2660817</total>
				<timestamp>218.834301</timestamp>
			</report>
			<report>
				<misses>2714001</misses>
				<total>2661816</total>
				<timestamp>218.914329</timestamp>
			</report>
			<report>
				<misses>2715001</misses>
				<total>2662815</total>
				<timestamp>218.994365</timestamp>
			</report>
			<report>
				<misses>2716001</misses>
				<total>2663814</total>
				<timestamp>219.074459</timestamp>
			</report>
			<report>
				<misses>2717001</misses>
				<total>2664813</total>
				<timestamp>219.156117</timestamp>
			</report>
			<report>
				<misses>2718001</misses>
				<total>2665812</total>
				<timestamp>219.236188</timestamp>
			</report>
			<report>
				<misses>2719001</misses>
				<total>2666811</total>
				<timestamp>219.316261</timestamp>
			</report>
			<report>
				<misses>2720001</misses>
				<total>2667810</total>
				<timestamp>219.398271</timestamp>
			</report>
			<report>
				<misses>2721001</misses>
				<total>2668809</total>
				<timestamp>219.478789</timestamp>
			</report>
			<report>
				<misses>2722001</misses>
				<total>2669808</total>
				<timestamp>219.558721</timestamp>
			</report>
			<report>
				<misses>2723001</misses>
				<total>2670807</total>
				<timestamp>219.640621</timestamp>
			</report>
			<report>
				<misses>2724001</misses>
				<total>2671806</total>
				<timestamp>219.720938</timestamp>
			</report>
			<report>
				<misses>2725001</misses>
				<total>2672805</total>
				<timestamp>219.801734</timestamp>
			</report>
			<report>
				<misses>2726001</misses>
				<total>2673804</total>
				<timestamp>219.881863</timestamp>
			</report>
			<report>
				<misses>2727001</misses>
				<total>2674803</total>
				<timestamp>219.962862</timestamp>
			</report>
			<report>
				<misses>2728001</misses>
				<total>2675802</total>
				<timestamp>220.043440</timestamp>
			</report>
			<report>
				<misses>2729001</misses>
				<total>2676801</total>
				<timestamp>220.124137</timestamp>
			</report>
			<report>
				<misses>2730001</misses>
				<total>2677800</total>
				<timestamp>220.204229</timestamp>
			</report>
			<report>
				<misses>2731001</misses>
				<total>2678799</total>
				<timestamp>220.285652</timestamp>
			</report>
			<report>
				<misses>2732001</misses>
				<total>2679798</total>
				<timestamp>220.365657</timestamp>
			</report>
			<report>
				<misses>2733001</misses>
				<total>2680797</total>
				<timestamp>220.445630</timestamp>
			</report>
			<report>
				<misses>2734001</misses>
				<total>2681796</total>
				<timestamp>220.525617</timestamp>
			</report>
			<report>
				<misses>2735001</misses>
				<total>2682795</total>
				<timestamp>220.605625</timestamp>
			</report>
			<report>
				<misses>2736001</misses>
				<total>2683794</total>
				<timestamp>220.685621</timestamp>
			</report>
			<report>
				<misses>2737001</misses>
				<total>2684793</total>
				<timestamp>220.765668</timestamp>
			</report>
			<report>
				<misses>2738001</misses>
				<total>2685792</total>
				<timestamp>220.845622</timestamp>
			</report>
			<report>
				<misses>2739001</misses>
				<total>2686791</total>
				<timestamp>220.925611</timestamp>
			</report>
			<report>
				<misses>2740001</misses>
				<total>2687790</total>
				<timestamp>221.006305</timestamp>
			</report>
			<report>
				<misses>2741001</misses>
				<total>2688789</total>
				<timestamp>221.086291</timestamp>
			</report>
			<report>
				<misses>2742001</misses>
				<total>2689788</total>
				<timestamp>221.166396</timestamp>
			</report>
			<report>
				<misses>2743001</misses>
				<total>2690787</total>
				<timestamp>221.246587</timestamp>
			</report>
			<report>
				<misses>2744001</misses>
				<total>2691786</total>
				<timestamp>221.326588</timestamp>
			</report>
			<report>
				<misses>2745001</misses>
				<total>2692785</total>
				<timestamp>221.406744</timestamp>
			</report>
			<report>
				<misses>2746001</misses>
				<total>2693784</total>
				<timestamp>221.486721</timestamp>
			</report>
			<report>
				<misses>2747001</misses>
				<total>2694783</total>
				<timestamp>221.566777</timestamp>
			</report>
			<report>
				<misses>2748001</misses>
				<total>2695782</total>
				<timestamp>221.647152</timestamp>
			</report>
			<report>
				<misses>2749001</misses>
				<total>2696781</total>
				<timestamp>221.727285</timestamp>
			</report>
			<report>
				<misses>2750001</misses>
				<total>2697780</total>
				<timestamp>221.807547</timestamp>
			</report>
			<report>
				<misses>2751001</misses>
				<total>2698779</total>
				<timestamp>221.888151</timestamp>
			</report>
			<report>
				<misses>2752001</misses>
				<total>2699778</total>
				<timestamp>221.969997</timestamp>
			</report>
			<report>
				<misses>2753001</misses>
				<total>2700777</total>
				<timestamp>222.050548</timestamp>
			</report>
			<report>
				<misses>2754001</misses>
				<total>2701776</total>
				<timestamp>222.131281</timestamp>
			</report>
			<report>
				<misses>2755001</misses>
				<total>2702775</total>
				<timestamp>222.211526</timestamp>
			</report>
			<report>
				<misses>2756001</misses>
				<total>2703774</total>
				<timestamp>222.291570</timestamp>
			</report>
			<report>
				<misses>2757001</misses>
				<total>2704773</total>
				<timestamp>222.371684</timestamp>
			</report>
			<report>
				<misses>2758001</misses>
				<total>2705772</total>
				<timestamp>222.452389</timestamp>
			</report>
			<report>
				<misses>2759001</misses>
				<total>2706771</total>
				<timestamp>222.532449</timestamp>
			</report>
			<report>
				<misses>2760001</misses>
				<total>2707770</total>
				<timestamp>222.612554</timestamp>
			</report>
			<report>
				<misses>2761001</misses>
				<total>2708769</total>
				<timestamp>222.692588</timestamp>
			</report>
			<report>
				<misses>2762001</misses>
				<total>2709768</total>
				<timestamp>222.772847</timestamp>
			</report>
			<report>
				<misses>2763001</misses>
				<total>2710767</total>
				<timestamp>222.853013</timestamp>
			</report>
			<report>
				<misses>2764001</misses>
				<total>2711766</total>
				<timestamp>222.932986</timestamp>
			</report>
			<report>
				<misses>2765001</misses>
				<total>2712765</total>
				<timestamp>223.012989</timestamp>
			</report>
			<report>
				<misses>2766001</misses>
				<total>2713764</total>
				<timestamp>223.094317</timestamp>
			</report>
			<report>
				<misses>2767001</misses>
				<total>2714763</total>
				<timestamp>223.174416</timestamp>
			</report>
			<report>
				<misses>2768001</misses>
				<total>2715762</total>
				<timestamp>223.254573</timestamp>
			</report>
			<report>
				<misses>2769001</misses>
				<total>2716761</total>
				<timestamp>223.334567</timestamp>
			</report>
			<report>
				<misses>2770001</misses>
				<total>2717760</total>
				<timestamp>223.414572</timestamp>
			</report>
			<report>
				<misses>2771001</misses>
				<total>2718759</total>
				<timestamp>223.494864</timestamp>
			</report>
			<report>
				<misses>2772001</misses>
				<total>2719758</total>
				<timestamp>223.577506</timestamp>
			</report>
			<report>
				<misses>2773001</misses>
				<total>2720757</total>
				<timestamp>223.657716</timestamp>
			</report>
			<report>
				<misses>2774001</misses>
				<total>2721756</total>
				<timestamp>223.739449</timestamp>
			</report>
			<report>
				<misses>2775001</misses>
				<total>2722755</total>
				<timestamp>223.820563</timestamp>
			</report>
			<report>
				<misses>2776001</misses>
				<total>2723754</total>
				<timestamp>223.900621</timestamp>
			</report>
			<report>
				<misses>2777001</misses>
				<total>2724753</total>
				<timestamp>223.980604</timestamp>
			</report>
			<report>
				<misses>2778001</misses>
				<total>2725752</total>
				<timestamp>224.060578</timestamp>
			</report>
			<report>
				<misses>2779001</misses>
				<total>2726751</total>
				<timestamp>224.140584</timestamp>
			</report>
			<report>
				<misses>2780001</misses>
				<total>2727750</total>
				<timestamp>224.221231</timestamp>
			</report>
			<report>
				<misses>2781001</misses>
				<total>2728749</total>
				<timestamp>224.301394</timestamp>
			</report>
			<report>
				<misses>2782001</misses>
				<total>2729748</total>
				<timestamp>224.381515</timestamp>
			</report>
			<report>
				<misses>2783001</misses>
				<total>2730747</total>
				<timestamp>224.461522</timestamp>
			</report>
			<report>
				<misses>2784001</misses>
				<total>2731746</total>
				<timestamp>224.541622</timestamp>
			</report>
			<report>
				<misses>2785001</misses>
				<total>2732745</total>
				<timestamp>224.621638</timestamp>
			</report>
			<report>
				<misses>2786001</misses>
				<total>2733744</total>
				<timestamp>224.701685</timestamp>
			</report>
			<report>
				<misses>2787001</misses>
				<total>2734743</total>
				<timestamp>224.781700</timestamp>
			</report>
			<report>
				<misses>2788001</misses>
				<total>2735742</total>
				<timestamp>224.861678</timestamp>
			</report>
			<report>
				<misses>2789001</misses>
				<total>2736741</total>
				<timestamp>224.941719</timestamp>
			</report>
			<report>
				<misses>2790001</misses>
				<total>2737740</total>
				<timestamp>225.022300</timestamp>
			</report>
			<report>
				<misses>2791001</misses>
				<total>2738739</total>
				<timestamp>225.102509</timestamp>
			</report>
			<report>
				<misses>2792001</misses>
				<total>2739738</total>
				<timestamp>225.182540</timestamp>
			</report>
			<report>
				<misses>2793001</misses>
				<total>2740737</total>
				<timestamp>225.264545</timestamp>
			</report>
			<report>
				<misses>2794001</misses>
				<total>2741736</total>
				<timestamp>225.344801</timestamp>
			</report>
			<report>
				<misses>2795001</misses>
				<total>2742735</total>
				<timestamp>225.424822</timestamp>
			</report>
			<report>
				<misses>2796001</misses>
				<total>2743734</total>
				<timestamp>225.504845</timestamp>
			</report>
			<report>
				<misses>2797001</misses>
				<total>2744733</total>
				<timestamp>225.584802</timestamp>
			</report>
			<report>
				<misses>2798001</misses>
				<total>2745732</total>
				<timestamp>225.664812</timestamp>
			</report>
			<report>
				<misses>2799001</misses>
				<total>2746731</total>
				<timestamp>225.744806</timestamp>
			</report>
			<report>
				<misses>2800001</misses>
				<total>2747730</total>
				<timestamp>225.824815</timestamp>
			</report>
			<report>
				<misses>2801001</misses>
				<total>2748729</total>
				<timestamp>225.906217</timestamp>
			</report>
			<report>
				<misses>2802001</misses>
				<total>2749728</total>
				<timestamp>225.986300</timestamp>
			</report>
			<report>
				<misses>2803001</misses>
				<total>2750727</total>
				<timestamp>226.066292</timestamp>
			</report>
			<report>
				<misses>2804001</misses>
				<total>2751726</total>
				<timestamp>226.146387</timestamp>
			</report>
			<report>
				<misses>2805001</misses>
				<total>2752725</total>
				<timestamp>226.226432</timestamp>
			</report>
			<report>
				<misses>2806001</misses>
				<total>2753724</total>
				<timestamp>226.306425</timestamp>
			</report>
			<report>
				<misses>2807001</misses>
				<total>2754723</total>
				<timestamp>226.386456</timestamp>
			</report>
			<report>
				<misses>2808001</misses>
				<total>2755722</total>
				<timestamp>226.466494</timestamp>
			</report>
			<report>
				<misses>2809001</misses>
				<total>2756721</total>
				<timestamp>226.546687</timestamp>
			</report>
			<report>
				<misses>2810001</misses>
				<total>2757720</total>
				<timestamp>226.628877</timestamp>
			</report>
			<report>
				<misses>2811001</misses>
				<total>2758719</total>
				<timestamp>226.709013</timestamp>
			</report>
			<report>
				<misses>2812001</misses>
				<total>2759718</total>
				<timestamp>226.789011</timestamp>
			</report>
			<report>
				<misses>2813001</misses>
				<total>2760717</total>
				<timestamp>226.870110</timestamp>
			</report>
			<report>
				<misses>2814001</misses>
				<total>2761716</total>
				<timestamp>226.950998</timestamp>
			</report>
			<report>
				<misses>2815001</misses>
				<total>2762715</total>
				<timestamp>227.031398</timestamp>
			</report>
			<report>
				<misses>2816001</misses>
				<total>2763714</total>
				<timestamp>227.113000</timestamp>
			</report>
			<report>
				<misses>2817001</misses>
				<total>2764713</total>
				<timestamp>227.193019</timestamp>
			</report>
			<report>
				<misses>2818001</misses>
				<total>2765712</total>
				<timestamp>227.273004</timestamp>
			</report>
			<report>
				<misses>2819001</misses>
				<total>2766711</total>
				<timestamp>227.353210</timestamp>
			</report>
			<report>
				<misses>2820001</misses>
				<total>2767710</total>
				<timestamp>227.433429</timestamp>
			</report>
			<report>
				<misses>2821001</misses>
				<total>2768709</total>
				<timestamp>227.513388</timestamp>
			</report>
			<report>
				<misses>2822001</misses>
				<total>2769708</total>
				<timestamp>227.593379</timestamp>
			</report>
			<report>
				<misses>2823001</misses>
				<total>2770707</total>
				<timestamp>227.673455</timestamp>
			</report>
			<report>
				<misses>2824001</misses>
				<total>2771706</total>
				<timestamp>227.753578</timestamp>
			</report>
			<report>
				<misses>2825001</misses>
				<total>2772705</total>
				<timestamp>227.834246</timestamp>
			</report>
			<report>
				<misses>2826001</misses>
				<total>2773704</total>
				<timestamp>227.916371</timestamp>
			</report>
			<report>
				<misses>2827001</misses>
				<total>2774703</total>
				<timestamp>227.996533</timestamp>
			</report>
			<report>
				<misses>2828001</misses>
				<total>2775702</total>
				<timestamp>228.076528</timestamp>
			</report>
			<report>
				<misses>2829001</misses>
				<total>2776701</total>
				<timestamp>228.156660</timestamp>
			</report>
			<report>
				<misses>2830001</misses>
				<total>2777700</total>
				<timestamp>228.236709</timestamp>
			</report>
			<report>
				<misses>2831001</misses>
				<total>2778699</total>
				<timestamp>228.317243</timestamp>
			</report>
			<report>
				<misses>2832001</misses>
				<total>2779698</total>
				<timestamp>228.399440</timestamp>
			</report>
			<report>
				<misses>2833001</misses>
				<total>2780697</total>
				<timestamp>228.479811</timestamp>
			</report>
			<report>
				<misses>2834001</misses>
				<total>2781696</total>
				<timestamp>228.559809</timestamp>
			</report>
			<report>
				<misses>2835001</misses>
				<total>2782695</total>
				<timestamp>228.639861</timestamp>
			</report>
			<report>
				<misses>2836001</misses>
				<total>2783694</total>
				<timestamp>228.719851</timestamp>
			</report>
			<report>
				<misses>2837001</misses>
				<total>2784693</total>
				<timestamp>228.799860</timestamp>
			</report>
			<report>
				<misses>2838001</misses>
				<total>2785692</total>
				<timestamp>228.881115</timestamp>
			</report>
			<report>
				<misses>2839001</misses>
				<total>2786691</total>
				<timestamp>228.961266</timestamp>
			</report>
			<report>
				<misses>2840001</misses>
				<total>2787690</total>
				<timestamp>229.041540</timestamp>
			</report>
			<report>
				<misses>2841001</misses>
				<total>2788689</total>
				<timestamp>229.121555</timestamp>
			</report>
			<report>
				<misses>2842001</misses>
				<total>2789688</total>
				<timestamp>229.201536</timestamp>
			</report>
			<report>
				<misses>2843001</misses>
				<total>2790687</total>
				<timestamp>229.281572</timestamp>
			</report>
			<report>
				<misses>2844001</misses>
				<total>2791686</total>
				<timestamp>229.361702</timestamp>
			</report>
			<report>
				<misses>2845001</misses>
				<total>2792685</total>
				<timestamp>229.443770</timestamp>
			</report>
			<report>
				<misses>2846001</misses>
				<total>2793684</total>
				<timestamp>229.523823</timestamp>
			</report>
			<report>
				<misses>2847001</misses>
				<total>2794683</total>
				<timestamp>229.605204</timestamp>
			</report>
			<report>
				<misses>2848001</misses>
				<total>2795682</total>
				<timestamp>229.685359</timestamp>
			</report>
			<report>
				<misses>2849001</misses>
				<total>2796681</total>
				<timestamp>229.765625</timestamp>
			</report>
			<report>
				<misses>2850001</misses>
				<total>2797680</total>
				<timestamp>229.846953</timestamp>
			</report>
			<report>
				<misses>2851001</misses>
				<total>2798679</total>
				<timestamp>229.926993</timestamp>
			</report>
			<report>
				<misses>2852001</misses>
				<total>2799678</total>
				<timestamp>230.007017</timestamp>
			</report>
			<report>
				<misses>2853001</misses>
				<total>2800677</total>
				<timestamp>230.087099</timestamp>
			</report>
			<report>
				<misses>2854001</misses>
				<total>2801676</total>
				<timestamp>230.167133</timestamp>
			</report>
			<report>
				<misses>2855001</misses>
				<total>2802675</total>
				<timestamp>230.247219</timestamp>
			</report>
			<report>
				<misses>2856001</misses>
				<total>2803674</total>
				<timestamp>230.327400</timestamp>
			</report>
			<report>
				<misses>2857001</misses>
				<total>2804673</total>
				<timestamp>230.407371</timestamp>
			</report>
			<report>
				<misses>2858001</misses>
				<total>2805672</total>
				<timestamp>230.487382</timestamp>
			</report>
			<report>
				<misses>2859001</misses>
				<total>2806671</total>
				<timestamp>230.567427</timestamp>
			</report>
			<report>
				<misses>2860001</misses>
				<total>2807670</total>
				<timestamp>230.647460</timestamp>
			</report>
			<report>
				<misses>2861001</misses>
				<total>2808669</total>
				<timestamp>230.729089</timestamp>
			</report>
			<report>
				<misses>2862001</misses>
				<total>2809668</total>
				<timestamp>230.809214</timestamp>
			</report>
			<report>
				<misses>2863001</misses>
				<total>2810667</total>
				<timestamp>230.889330</timestamp>
			</report>
			<report>
				<misses>2864001</misses>
				<total>2811666</total>
				<timestamp>230.970180</timestamp>
			</report>
			<report>
				<misses>2865001</misses>
				<total>2812665</total>
				<timestamp>231.050638</timestamp>
			</report>
			<report>
				<misses>2866001</misses>
				<total>2813664</total>
				<timestamp>231.130823</timestamp>
			</report>
			<report>
				<misses>2867001</misses>
				<total>2814663</total>
				<timestamp>231.212987</timestamp>
			</report>
			<report>
				<misses>2868001</misses>
				<total>2815662</total>
				<timestamp>231.293207</timestamp>
			</report>
			<report>
				<misses>2869001</misses>
				<total>2816661</total>
				<timestamp>231.373388</timestamp>
			</report>
			<report>
				<misses>2870001</misses>
				<total>2817660</total>
				<timestamp>231.454437</timestamp>
			</report>
			<report>
				<misses>2871001</misses>
				<total>2818659</total>
				<timestamp>231.537690</timestamp>
			</report>
			<report>
				<misses>2872001</misses>
				<total>2819658</total>
				<timestamp>231.618188</timestamp>
			</report>
			<report>
				<misses>2873001</misses>
				<total>2820657</total>
				<timestamp>231.698457</timestamp>
			</report>
			<report>
				<misses>2874001</misses>
				<total>2821656</total>
				<timestamp>231.779398</timestamp>
			</report>
			<report>
				<misses>2875001</misses>
				<total>2822655</total>
				<timestamp>231.861767</timestamp>
			</report>
			<report>
				<misses>2876001</misses>
				<total>2823654</total>
				<timestamp>231.941777</timestamp>
			</report>
			<report>
				<misses>2877001</misses>
				<total>2824653</total>
				<timestamp>232.021765</timestamp>
			</report>
			<report>
				<misses>2878001</misses>
				<total>2825652</total>
				<timestamp>232.103452</timestamp>
			</report>
			<report>
				<misses>2879001</misses>
				<total>2826651</total>
				<timestamp>232.183691</timestamp>
			</report>
			<report>
				<misses>2880001</misses>
				<total>2827650</total>
				<timestamp>232.263701</timestamp>
			</report>
			<report>
				<misses>2881001</misses>
				<total>2828649</total>
				<timestamp>232.344601</timestamp>
			</report>
			<report>
				<misses>2882001</misses>
				<total>2829648</total>
				<timestamp>232.426975</timestamp>
			</report>
			<report>
				<misses>2883001</misses>
				<total>2830647</total>
				<timestamp>232.507493</timestamp>
			</report>
			<report>
				<misses>2884001</misses>
				<total>2831646</total>
				<timestamp>232.587701</timestamp>
			</report>
			<report>
				<misses>2885001</misses>
				<total>2832645</total>
				<timestamp>232.668194</timestamp>
			</report>
			<report>
				<misses>2886001</misses>
				<total>2833644</total>
				<timestamp>232.748351</timestamp>
			</report>
			<report>
				<misses>2887001</misses>
				<total>2834643</total>
				<timestamp>232.830837</timestamp>
			</report>
			<report>
				<misses>2888001</misses>
				<total>2835642</total>
				<timestamp>232.912817</timestamp>
			</report>
			<report>
				<misses>2889001</misses>
				<total>2836641</total>
				<timestamp>232.992852</timestamp>
			</report>
			<report>
				<misses>2890001</misses>
				<total>2837640</total>
				<timestamp>233.073962</timestamp>
			</report>
			<report>
				<misses>2891001</misses>
				<total>2838639</total>
				<timestamp>233.154185</timestamp>
			</report>
			<report>
				<misses>2892001</misses>
				<total>2839638</total>
				<timestamp>233.234242</timestamp>
			</report>
			<report>
				<misses>2893001</misses>
				<total>2840637</total>
				<timestamp>233.314287</timestamp>
			</report>
			<report>
				<misses>2894001</misses>
				<total>2841636</total>
				<timestamp>233.394463</timestamp>
			</report>
			<report>
				<misses>2895001</misses>
				<total>2842635</total>
				<timestamp>233.474713</timestamp>
			</report>
			<report>
				<misses>2896001</misses>
				<total>2843634</total>
				<timestamp>233.555209</timestamp>
			</report>
			<report>
				<misses>2897001</misses>
				<total>2844633</total>
				<timestamp>233.636611</timestamp>
			</report>
			<report>
				<misses>2898001</misses>
				<total>2845632</total>
				<timestamp>233.718453</timestamp>
			</report>
			<report>
				<misses>2899001</misses>
				<total>2846631</total>
				<timestamp>233.798423</timestamp>
			</report>
			<report>
				<misses>2900001</misses>
				<total>2847630</total>
				<timestamp>233.878472</timestamp>
			</report>
			<report>
				<misses>2901001</misses>
				<total>2848629</total>
				<timestamp>233.960269</timestamp>
			</report>
			<report>
				<misses>2902001</misses>
				<total>2849628</total>
				<timestamp>234.040348</timestamp>
			</report>
			<report>
				<misses>2903001</misses>
				<total>2850627</total>
				<timestamp>234.120474</timestamp>
			</report>
			<report>
				<misses>2904001</misses>
				<total>2851626</total>
				<timestamp>234.200707</timestamp>
			</report>
			<report>
				<misses>2905001</misses>
				<total>2852625</total>
				<timestamp>234.280661</timestamp>
			</report>
			<report>
				<misses>2906001</misses>
				<total>2853624</total>
				<timestamp>234.360651</timestamp>
			</report>
			<report>
				<misses>2907001</misses>
				<total>2854623</total>
				<timestamp>234.440665</timestamp>
			</report>
			<report>
				<misses>2908001</misses>
				<total>2855622</total>
				<timestamp>234.522237</timestamp>
			</report>
			<report>
				<misses>2909001</misses>
				<total>2856621</total>
				<timestamp>234.602822</timestamp>
			</report>
			<report>
				<misses>2910001</misses>
				<total>2857620</total>
				<timestamp>234.684446</timestamp>
			</report>
			<report>
				<misses>2911001</misses>
				<total>2858619</total>
				<timestamp>234.764498</timestamp>
			</report>
			<report>
				<misses>2912001</misses>
				<total>2859618</total>
				<timestamp>234.844692</timestamp>
			</report>
			<report>
				<misses>2913001</misses>
				<total>2860617</total>
				<timestamp>234.925473</timestamp>
			</report>
			<report>
				<misses>2914001</misses>
				<total>2861616</total>
				<timestamp>235.010721</timestamp>
			</report>
			<report>
				<misses>2915001</misses>
				<total>2862615</total>
				<timestamp>235.090736</timestamp>
			</report>
			<report>
				<misses>2916001</misses>
				<total>2863614</total>
				<timestamp>235.170757</timestamp>
			</report>
			<report>
				<misses>2917001</misses>
				<total>2864613</total>
				<timestamp>235.250740</timestamp>
			</report>
			<report>
				<misses>2918001</misses>
				<total>2865612</total>
				<timestamp>235.330807</timestamp>
			</report>
			<report>
				<misses>2919001</misses>
				<total>2866611</total>
				<timestamp>235.410803</timestamp>
			</report>
			<report>
				<misses>2920001</misses>
				<total>2867610</total>
				<timestamp>235.490838</timestamp>
			</report>
			<report>
				<misses>2921001</misses>
				<total>2868609</total>
				<timestamp>235.571024</timestamp>
			</report>
			<report>
				<misses>2922001</misses>
				<total>2869608</total>
				<timestamp>235.654726</timestamp>
			</report>
			<report>
				<misses>2923001</misses>
				<total>2870607</total>
				<timestamp>235.736764</timestamp>
			</report>
			<report>
				<misses>2924001</misses>
				<total>2871606</total>
				<timestamp>235.821216</timestamp>
			</report>
			<report>
				<misses>2925001</misses>
				<total>2872605</total>
				<timestamp>235.902529</timestamp>
			</report>
			<report>
				<misses>2926001</misses>
				<total>2873604</total>
				<timestamp>235.982522</timestamp>
			</report>
			<report>
				<misses>2927001</misses>
				<total>2874603</total>
				<timestamp>236.063013</timestamp>
			</report>
			<report>
				<misses>2928001</misses>
				<total>2875602</total>
				<timestamp>236.144380</timestamp>
			</report>
			<report>
				<misses>2929001</misses>
				<total>2876601</total>
				<timestamp>236.225621</timestamp>
			</report>
			<report>
				<misses>2930001</misses>
				<total>2877600</total>
				<timestamp>236.305630</timestamp>
			</report>
			<report>
				<misses>2931001</misses>
				<total>2878599</total>
				<timestamp>236.386189</timestamp>
			</report>
			<report>
				<misses>2932001</misses>
				<total>2879598</total>
				<timestamp>236.468730</timestamp>
			</report>
			<report>
				<misses>2933001</misses>
				<total>2880597</total>
				<timestamp>236.549691</timestamp>
			</report>
			<report>
				<misses>2934001</misses>
				<total>2881596</total>
				<timestamp>236.629967</timestamp>
			</report>
			<report>
				<misses>2935001</misses>
				<total>2882595</total>
				<timestamp>236.711565</timestamp>
			</report>
			<report>
				<misses>2936001</misses>
				<total>2883594</total>
				<timestamp>236.791607</timestamp>
			</report>
			<report>
				<misses>2937001</misses>
				<total>2884593</total>
				<timestamp>236.871750</timestamp>
			</report>
			<report>
				<misses>2938001</misses>
				<total>2885592</total>
				<timestamp>236.952320</timestamp>
			</report>
			<report>
				<misses>2939001</misses>
				<total>2886591</total>
				<timestamp>237.033777</timestamp>
			</report>
			<report>
				<misses>2940001</misses>
				<total>2887590</total>
				<timestamp>237.114647</timestamp>
			</report>
			<report>
				<misses>2941001</misses>
				<total>2888589</total>
				<timestamp>237.196790</timestamp>
			</report>
			<report>
				<misses>2942001</misses>
				<total>2889588</total>
				<timestamp>237.277008</timestamp>
			</report>
			<report>
				<misses>2943001</misses>
				<total>2890587</total>
				<timestamp>237.357087</timestamp>
			</report>
			<report>
				<misses>2944001</misses>
				<total>2891586</total>
				<timestamp>237.437204</timestamp>
			</report>
			<report>
				<misses>2945001</misses>
				<total>2892585</total>
				<timestamp>237.517315</timestamp>
			</report>
			<report>
				<misses>2946001</misses>
				<total>2893584</total>
				<timestamp>237.597513</timestamp>
			</report>
			<report>
				<misses>2947001</misses>
				<total>2894583</total>
				<timestamp>237.679167</timestamp>
			</report>
			<report>
				<misses>2948001</misses>
				<total>2895582</total>
				<timestamp>237.760019</timestamp>
			</report>
			<report>
				<misses>2949001</misses>
				<total>2896581</total>
				<timestamp>237.840595</timestamp>
			</report>
			<report>
				<misses>2950001</misses>
				<total>2897580</total>
				<timestamp>237.920592</timestamp>
			</report>
			<report>
				<misses>2951001</misses>
				<total>2898579</total>
				<timestamp>238.002383</timestamp>
			</report>
			<report>
				<misses>2952001</misses>
				<total>2899578</total>
				<timestamp>238.083950</timestamp>
			</report>
			<report>
				<misses>2953001</misses>
				<total>2900577</total>
				<timestamp>238.164523</timestamp>
			</report>
			<report>
				<misses>2954001</misses>
				<total>2901576</total>
				<timestamp>238.244746</timestamp>
			</report>
			<report>
				<misses>2955001</misses>
				<total>2902575</total>
				<timestamp>238.324734</timestamp>
			</report>
			<report>
				<misses>2956001</misses>
				<total>2903574</total>
				<timestamp>238.404987</timestamp>
			</report>
			<report>
				<misses>2957001</misses>
				<total>2904573</total>
				<timestamp>238.484970</timestamp>
			</report>
			<report>
				<misses>2958001</misses>
				<total>2905572</total>
				<timestamp>238.565500</timestamp>
			</report>
			<report>
				<misses>2959001</misses>
				<total>2906571</total>
				<timestamp>238.646330</timestamp>
			</report>
			<report>
				<misses>2960001</misses>
				<total>2907570</total>
				<timestamp>238.726781</timestamp>
			</report>
			<report>
				<misses>2961001</misses>
				<total>2908569</total>
				<timestamp>238.809080</timestamp>
			</report>
			<report>
				<misses>2962001</misses>
				<total>2909568</total>
				<timestamp>238.889560</timestamp>
			</report>
			<report>
				<misses>2963001</misses>
				<total>2910567</total>
				<timestamp>238.972167</timestamp>
			</report>
			<report>
				<misses>2964001</misses>
				<total>2911566</total>
				<timestamp>239.053884</timestamp>
			</report>
			<report>
				<misses>2965001</misses>
				<total>2912565</total>
				<timestamp>239.133861</timestamp>
			</report>
			<report>
				<misses>2966001</misses>
				<total>2913564</total>
				<timestamp>239.214230</timestamp>
			</report>
			<report>
				<misses>2967001</misses>
				<total>2914563</total>
				<timestamp>239.295974</timestamp>
			</report>
			<report>
				<misses>2968001</misses>
				<total>2915562</total>
				<timestamp>239.376270</timestamp>
			</report>
			<report>
				<misses>2969001</misses>
				<total>2916561</total>
				<timestamp>239.459335</timestamp>
			</report>
			<report>
				<misses>2970001</misses>
				<total>2917560</total>
				<timestamp>239.540174</timestamp>
			</report>
			<report>
				<misses>2971001</misses>
				<total>2918559</total>
				<timestamp>239.620457</timestamp>
			</report>
			<report>
				<misses>2972001</misses>
				<total>2919558</total>
				<timestamp>239.701771</timestamp>
			</report>
			<report>
				<misses>2973001</misses>
				<total>2920557</total>
				<timestamp>239.782171</timestamp>
			</report>
			<report>
				<misses>2974001</misses>
				<total>2921556</total>
				<timestamp>239.862459</timestamp>
			</report>
			<report>
				<misses>2975001</misses>
				<total>2922555</total>
				<timestamp>239.942976</timestamp>
			</report>
			<report>
				<misses>2976001</misses>
				<total>2923554</total>
				<timestamp>240.027869</timestamp>
			</report>
			<report>
				<misses>2977001</misses>
				<total>2924553</total>
				<timestamp>240.107855</timestamp>
			</report>
			<report>
				<misses>2978001</misses>
				<total>2925552</total>
				<timestamp>240.187968</timestamp>
			</report>
			<report>
				<misses>2979001</misses>
				<total>2926551</total>
				<timestamp>240.268781</timestamp>
			</report>
			<report>
				<misses>2980001</misses>
				<total>2927550</total>
				<timestamp>240.349134</timestamp>
			</report>
			<report>
				<misses>2981001</misses>
				<total>2928549</total>
				<timestamp>240.430135</timestamp>
			</report>
			<report>
				<misses>2982001</misses>
				<total>2929548</total>
				<timestamp>240.513505</timestamp>
			</report>
			<report>
				<misses>2983001</misses>
				<total>2930547</total>
				<timestamp>240.597009</timestamp>
			</report>
			<report>
				<misses>2984001</misses>
				<total>2931546</total>
				<timestamp>240.677245</timestamp>
			</report>
			<report>
				<misses>2985001</misses>
				<total>2932545</total>
				<timestamp>240.757450</timestamp>
			</report>
			<report>
				<misses>2986001</misses>
				<total>2933544</total>
				<timestamp>240.839240</timestamp>
			</report>
			<report>
				<misses>2987001</misses>
				<total>2934543</total>
				<timestamp>240.921647</timestamp>
			</report>
			<report>
				<misses>2988001</misses>
				<total>2935542</total>
				<timestamp>241.006615</timestamp>
			</report>
			<report>
				<misses>2989001</misses>
				<total>2936541</total>
				<timestamp>241.086751</timestamp>
			</report>
			<report>
				<misses>2990001</misses>
				<total>2937540</total>
				<timestamp>241.166945</timestamp>
			</report>
			<report>
				<misses>2991001</misses>
				<total>2938539</total>
				<timestamp>241.246942</timestamp>
			</report>
			<report>
				<misses>2992001</misses>
				<total>2939538</total>
				<timestamp>241.327035</timestamp>
			</report>
			<report>
				<misses>2993001</misses>
				<total>2940537</total>
				<timestamp>241.407198</timestamp>
			</report>
			<report>
				<misses>2994001</misses>
				<total>2941536</total>
				<timestamp>241.487393</timestamp>
			</report>
			<report>
				<misses>2995001</misses>
				<total>2942535</total>
				<timestamp>241.567405</timestamp>
			</report>
			<report>
				<misses>2996001</misses>
				<total>2943529</total>
				<timestamp>241.647414</timestamp>
			</report>
			<report>
				<misses>2997001</misses>
				<total>2944528</total>
				<timestamp>241.727416</timestamp>
			</report>
			<report>
				<misses>2998001</misses>
				<total>2945527</total>
				<timestamp>241.807379</timestamp>
			</report>
			<report>
				<misses>2999001</misses>
				<total>2946526</total>
				<timestamp>241.887416</timestamp>
			</report>
			<report>
				<misses>3000001</misses>
				<total>2947525</total>
				<timestamp>241.969482</timestamp>
			</report>
			<report>
				<misses>3001001</misses>
				<total>2948524</total>
				<timestamp>242.049762</timestamp>
			</report>
			<report>
				<misses>3002001</misses>
				<total>2949523</total>
				<timestamp>242.129981</timestamp>
			</report>
			<report>
				<misses>3003001</misses>
				<total>2949781</total>
				<timestamp>242.212816</timestamp>
			</report>
			<report>
				<misses>3004001</misses>
				<total>2949781</total>
				<timestamp>242.292815</timestamp>
			</report>
			<report>
				<misses>3005001</misses>
				<total>2949781</total>
				<timestamp>242.373428</timestamp>
			</report>
			<report>
				<misses>3006001</misses>
				<total>2949782</total>
				<timestamp>242.455597</timestamp>
			</report>
			<report>
				<misses>3007001</misses>
				<total>2950746</total>
				<timestamp>242.537144</timestamp>
			</report>
			<report>
				<misses>3008001</misses>
				<total>2951745</total>
				<timestamp>242.617276</timestamp>
			</report>
			<report>
				<misses>3009001</misses>
				<total>2952744</total>
				<timestamp>242.697307</timestamp>
			</report>
			<report>
				<misses>3010001</misses>
				<total>2953743</total>
				<timestamp>242.777374</timestamp>
			</report>
			<report>
				<misses>3011001</misses>
				<total>2954742</total>
				<timestamp>242.859361</timestamp>
			</report>
			<report>
				<misses>3012001</misses>
				<total>2955741</total>
				<timestamp>242.942181</timestamp>
			</report>
			<report>
				<misses>3013001</misses>
				<total>2956740</total>
				<timestamp>243.023152</timestamp>
			</report>
			<report>
				<misses>3014001</misses>
				<total>2957739</total>
				<timestamp>243.103160</timestamp>
			</report>
			<report>
				<misses>3015001</misses>
				<total>2958627</total>
				<timestamp>243.184783</timestamp>
			</report>
			<report>
				<misses>3016001</misses>
				<total>2958652</total>
				<timestamp>243.264876</timestamp>
			</report>
			<report>
				<misses>3017001</misses>
				<total>2958665</total>
				<timestamp>243.344987</timestamp>
			</report>
			<report>
				<misses>3018001</misses>
				<total>2958665</total>
				<timestamp>243.424988</timestamp>
			</report>
			<report>
				<misses>3019001</misses>
				<total>2958665</total>
				<timestamp>243.510822</timestamp>
			</report>
			<report>
				<misses>3020001</misses>
				<total>2959309</total>
				<timestamp>243.591439</timestamp>
			</report>
			<report>
				<misses>3021001</misses>
				<total>2960308</total>
				<timestamp>243.671543</timestamp>
			</report>
			<report>
				<misses>3022001</misses>
				<total>2961305</total>
				<timestamp>243.751535</timestamp>
			</report>
			<report>
				<misses>3023001</misses>
				<total>2962304</total>
				<timestamp>243.831523</timestamp>
			</report>
			<report>
				<misses>3024001</misses>
				<total>2963303</total>
				<timestamp>243.911707</timestamp>
			</report>
			<report>
				<misses>3025001</misses>
				<total>2964302</total>
				<timestamp>243.995132</timestamp>
			</report>
			<report>
				<misses>3026001</misses>
				<total>2965301</total>
				<timestamp>244.076530</timestamp>
			</report>
			<report>
				<misses>3027001</misses>
				<total>2966300</total>
				<timestamp>244.156873</timestamp>
			</report>
			<report>
				<misses>3028001</misses>
				<total>2966833</total>
				<timestamp>244.237437</timestamp>
			</report>
			<report>
				<misses>3029001</misses>
				<total>2967787</total>
				<timestamp>244.318183</timestamp>
			</report>
			<report>
				<misses>3030001</misses>
				<total>2968786</total>
				<timestamp>244.400818</timestamp>
			</report>
			<report>
				<misses>3031001</misses>
				<total>2969785</total>
				<timestamp>244.483101</timestamp>
			</report>
			<report>
				<misses>3032001</misses>
				<total>2970784</total>
				<timestamp>244.563195</timestamp>
			</report>
			<report>
				<misses>3033001</misses>
				<total>2971783</total>
				<timestamp>244.643303</timestamp>
			</report>
			<report>
				<misses>3034001</misses>
				<total>2972782</total>
				<timestamp>244.723281</timestamp>
			</report>
			<report>
				<misses>3035001</misses>
				<total>2973781</total>
				<timestamp>244.803408</timestamp>
			</report>
			<report>
				<misses>3036001</misses>
				<total>2974780</total>
				<timestamp>244.883701</timestamp>
			</report>
			<report>
				<misses>3037001</misses>
				<total>2975779</total>
				<timestamp>244.963687</timestamp>
			</report>
			<report>
				<misses>3038001</misses>
				<total>2976778</total>
				<timestamp>245.043699</timestamp>
			</report>
			<report>
				<misses>3039001</misses>
				<total>2977777</total>
				<timestamp>245.123674</timestamp>
			</report>
			<report>
				<misses>3040001</misses>
				<total>2978776</total>
				<timestamp>245.203618</timestamp>
			</report>
			<report>
				<misses>3041001</misses>
				<total>2979775</total>
				<timestamp>245.283631</timestamp>
			</report>
			<report>
				<misses>3042001</misses>
				<total>2980774</total>
				<timestamp>245.364893</timestamp>
			</report>
			<report>
				<misses>3043001</misses>
				<total>2981773</total>
				<timestamp>245.446120</timestamp>
			</report>
			<report>
				<misses>3044001</misses>
				<total>2982772</total>
				<timestamp>245.529189</timestamp>
			</report>
			<report>
				<misses>3045001</misses>
				<total>2983771</total>
				<timestamp>245.610270</timestamp>
			</report>
			<report>
				<misses>3046001</misses>
				<total>2984770</total>
				<timestamp>245.691168</timestamp>
			</report>
			<report>
				<misses>3047001</misses>
				<total>2985769</total>
				<timestamp>245.771272</timestamp>
			</report>
			<report>
				<misses>3048001</misses>
				<total>2986768</total>
				<timestamp>245.851263</timestamp>
			</report>
			<report>
				<misses>3049001</misses>
				<total>2987767</total>
				<timestamp>245.931437</timestamp>
			</report>
			<report>
				<misses>3050001</misses>
				<total>2988766</total>
				<timestamp>246.012744</timestamp>
			</report>
			<report>
				<misses>3051001</misses>
				<total>2989765</total>
				<timestamp>246.092740</timestamp>
			</report>
			<report>
				<misses>3052001</misses>
				<total>2990764</total>
				<timestamp>246.172867</timestamp>
			</report>
			<report>
				<misses>3053001</misses>
				<total>2991763</total>
				<timestamp>246.254684</timestamp>
			</report>
			<report>
				<misses>3054001</misses>
				<total>2992762</total>
				<timestamp>246.336560</timestamp>
			</report>
			<report>
				<misses>3055001</misses>
				<total>2993761</total>
				<timestamp>246.416564</timestamp>
			</report>
			<report>
				<misses>3056001</misses>
				<total>2994760</total>
				<timestamp>246.498725</timestamp>
			</report>
			<report>
				<misses>3057001</misses>
				<total>2995759</total>
				<timestamp>246.579456</timestamp>
			</report>
			<report>
				<misses>3058001</misses>
				<total>2996758</total>
				<timestamp>246.659543</timestamp>
			</report>
			<report>
				<misses>3059001</misses>
				<total>2997757</total>
				<timestamp>246.739967</timestamp>
			</report>
			<report>
				<misses>3060001</misses>
				<total>2998756</total>
				<timestamp>246.820826</timestamp>
			</report>
			<report>
				<misses>3061001</misses>
				<total>2999755</total>
				<timestamp>246.901152</timestamp>
			</report>
			<report>
				<misses>3062001</misses>
				<total>3000754</total>
				<timestamp>246.982250</timestamp>
			</report>
			<report>
				<misses>3063001</misses>
				<total>3001753</total>
				<timestamp>247.062320</timestamp>
			</report>
			<report>
				<misses>3064001</misses>
				<total>3002752</total>
				<timestamp>247.143043</timestamp>
			</report>
			<report>
				<misses>3065001</misses>
				<total>3003751</total>
				<timestamp>247.223826</timestamp>
			</report>
			<report>
				<misses>3066001</misses>
				<total>3004750</total>
				<timestamp>247.304356</timestamp>
			</report>
			<report>
				<misses>3067001</misses>
				<total>3005749</total>
				<timestamp>247.384499</timestamp>
			</report>
			<report>
				<misses>3068001</misses>
				<total>3006748</total>
				<timestamp>247.465501</timestamp>
			</report>
			<report>
				<misses>3069001</misses>
				<total>3007747</total>
				<timestamp>247.546578</timestamp>
			</report>
			<report>
				<misses>3070001</misses>
				<total>3008746</total>
				<timestamp>247.628470</timestamp>
			</report>
			<report>
				<misses>3071001</misses>
				<total>3009745</total>
				<timestamp>247.708657</timestamp>
			</report>
			<report>
				<misses>3072001</misses>
				<total>3010744</total>
				<timestamp>247.790466</timestamp>
			</report>
			<report>
				<misses>3073001</misses>
				<total>3011743</total>
				<timestamp>247.870437</timestamp>
			</report>
			<report>
				<misses>3074001</misses>
				<total>3012742</total>
				<timestamp>247.950402</timestamp>
			</report>
			<report>
				<misses>3075001</misses>
				<total>3013741</total>
				<timestamp>248.030433</timestamp>
			</report>
			<report>
				<misses>3076001</misses>
				<total>3014740</total>
				<timestamp>248.110410</timestamp>
			</report>
			<report>
				<misses>3077001</misses>
				<total>3015739</total>
				<timestamp>248.191476</timestamp>
			</report>
			<report>
				<misses>3078001</misses>
				<total>3016738</total>
				<timestamp>248.272651</timestamp>
			</report>
			<report>
				<misses>3079001</misses>
				<total>3017737</total>
				<timestamp>248.352645</timestamp>
			</report>
			<report>
				<misses>3080001</misses>
				<total>3018736</total>
				<timestamp>248.432787</timestamp>
			</report>
			<report>
				<misses>3081001</misses>
				<total>3019735</total>
				<timestamp>248.512967</timestamp>
			</report>
			<report>
				<misses>3082001</misses>
				<total>3020734</total>
				<timestamp>248.596161</timestamp>
			</report>
			<report>
				<misses>3083001</misses>
				<total>3021733</total>
				<timestamp>248.676375</timestamp>
			</report>
			<report>
				<misses>3084001</misses>
				<total>3022732</total>
				<timestamp>248.756423</timestamp>
			</report>
			<report>
				<misses>3085001</misses>
				<total>3023731</total>
				<timestamp>248.836582</timestamp>
			</report>
			<report>
				<misses>3086001</misses>
				<total>3024730</total>
				<timestamp>248.916665</timestamp>
			</report>
			<report>
				<misses>3087001</misses>
				<total>3025729</total>
				<timestamp>248.998089</timestamp>
			</report>
			<report>
				<misses>3088001</misses>
				<total>3026728</total>
				<timestamp>249.078190</timestamp>
			</report>
			<report>
				<misses>3089001</misses>
				<total>3027727</total>
				<timestamp>249.158287</timestamp>
			</report>
			<report>
				<misses>3090001</misses>
				<total>3028726</total>
				<timestamp>249.238825</timestamp>
			</report>
			<report>
				<misses>3091001</misses>
				<total>3029725</total>
				<timestamp>249.319077</timestamp>
			</report>
			<report>
				<misses>3092001</misses>
				<total>3030724</total>
				<timestamp>249.399638</timestamp>
			</report>
			<report>
				<misses>3093001</misses>
				<total>3031723</total>
				<timestamp>249.483105</timestamp>
			</report>
			<report>
				<misses>3094001</misses>
				<total>3032722</total>
				<timestamp>249.563449</timestamp>
			</report>
			<report>
				<misses>3095001</misses>
				<total>3033721</total>
				<timestamp>249.643627</timestamp>
			</report>
			<report>
				<misses>3096001</misses>
				<total>3034720</total>
				<timestamp>249.733456</timestamp>
			</report>
			<report>
				<misses>3097001</misses>
				<total>3035719</total>
				<timestamp>249.813455</timestamp>
			</report>
			<report>
				<misses>3098001</misses>
				<total>3036718</total>
				<timestamp>249.893456</timestamp>
			</report>
			<report>
				<misses>3099001</misses>
				<total>3037717</total>
				<timestamp>249.973482</timestamp>
			</report>
			<report>
				<misses>3100001</misses>
				<total>3038716</total>
				<timestamp>250.053473</timestamp>
			</report>
			<report>
				<misses>3101001</misses>
				<total>3039715</total>
				<timestamp>250.134679</timestamp>
			</report>
			<report>
				<misses>3102001</misses>
				<total>3040714</total>
				<timestamp>250.215582</timestamp>
			</report>
			<report>
				<misses>3103001</misses>
				<total>3041713</total>
				<timestamp>250.296358</timestamp>
			</report>
			<report>
				<misses>3104001</misses>
				<total>3042712</total>
				<timestamp>250.376422</timestamp>
			</report>
			<report>
				<misses>3105001</misses>
				<total>3043711</total>
				<timestamp>250.456512</timestamp>
			</report>
			<report>
				<misses>3106001</misses>
				<total>3044710</total>
				<timestamp>250.536687</timestamp>
			</report>
			<report>
				<misses>3107001</misses>
				<total>3045709</total>
				<timestamp>250.616644</timestamp>
			</report>
			<report>
				<misses>3108001</misses>
				<total>3046708</total>
				<timestamp>250.696643</timestamp>
			</report>
			<report>
				<misses>3109001</misses>
				<total>3047707</total>
				<timestamp>250.776656</timestamp>
			</report>
			<report>
				<misses>3110001</misses>
				<total>3048706</total>
				<timestamp>250.856653</timestamp>
			</report>
			<report>
				<misses>3111001</misses>
				<total>3049705</total>
				<timestamp>250.936732</timestamp>
			</report>
			<report>
				<misses>3112001</misses>
				<total>3050704</total>
				<timestamp>251.026109</timestamp>
			</report>
			<report>
				<misses>3113001</misses>
				<total>3051703</total>
				<timestamp>251.107147</timestamp>
			</report>
			<report>
				<misses>3114001</misses>
				<total>3052702</total>
				<timestamp>251.187229</timestamp>
			</report>
			<report>
				<misses>3115001</misses>
				<total>3053701</total>
				<timestamp>251.268989</timestamp>
			</report>
			<report>
				<misses>3116001</misses>
				<total>3054700</total>
				<timestamp>251.349119</timestamp>
			</report>
			<report>
				<misses>3117001</misses>
				<total>3055699</total>
				<timestamp>251.429396</timestamp>
			</report>
			<report>
				<misses>3118001</misses>
				<total>3056698</total>
				<timestamp>251.509646</timestamp>
			</report>
			<report>
				<misses>3119001</misses>
				<total>3057697</total>
				<timestamp>251.591076</timestamp>
			</report>
			<report>
				<misses>3120001</misses>
				<total>3058696</total>
				<timestamp>251.673784</timestamp>
			</report>
			<report>
				<misses>3121001</misses>
				<total>3059695</total>
				<timestamp>251.756502</timestamp>
			</report>
			<report>
				<misses>3122001</misses>
				<total>3060694</total>
				<timestamp>251.836511</timestamp>
			</report>
			<report>
				<misses>3123001</misses>
				<total>3061693</total>
				<timestamp>251.916530</timestamp>
			</report>
			<report>
				<misses>3124001</misses>
				<total>3062692</total>
				<timestamp>251.996514</timestamp>
			</report>
			<report>
				<misses>3125001</misses>
				<total>3063691</total>
				<timestamp>252.076609</timestamp>
			</report>
			<report>
				<misses>3126001</misses>
				<total>3064690</total>
				<timestamp>252.156613</timestamp>
			</report>
			<report>
				<misses>3127001</misses>
				<total>3065689</total>
				<timestamp>252.236589</timestamp>
			</report>
			<report>
				<misses>3128001</misses>
				<total>3066688</total>
				<timestamp>252.316586</timestamp>
			</report>
			<report>
				<misses>3129001</misses>
				<total>3067687</total>
				<timestamp>252.396597</timestamp>
			</report>
			<report>
				<misses>3130001</misses>
				<total>3068686</total>
				<timestamp>252.476592</timestamp>
			</report>
			<report>
				<misses>3131001</misses>
				<total>3069685</total>
				<timestamp>252.556593</timestamp>
			</report>
			<report>
				<misses>3132001</misses>
				<total>3070684</total>
				<timestamp>252.636552</timestamp>
			</report>
			<report>
				<misses>3133001</misses>
				<total>3071683</total>
				<timestamp>252.716871</timestamp>
			</report>
			<report>
				<misses>3134001</misses>
				<total>3072682</total>
				<timestamp>252.796828</timestamp>
			</report>
			<report>
				<misses>3135001</misses>
				<total>3073681</total>
				<timestamp>252.876834</timestamp>
			</report>
			<report>
				<misses>3136001</misses>
				<total>3074680</total>
				<timestamp>252.956853</timestamp>
			</report>
			<report>
				<misses>3137001</misses>
				<total>3075679</total>
				<timestamp>253.036807</timestamp>
			</report>
			<report>
				<misses>3138001</misses>
				<total>3076678</total>
				<timestamp>253.116984</timestamp>
			</report>
			<report>
				<misses>3139001</misses>
				<total>3077677</total>
				<timestamp>253.197445</timestamp>
			</report>
			<report>
				<misses>3140001</misses>
				<total>3078676</total>
				<timestamp>253.277456</timestamp>
			</report>
			<report>
				<misses>3141001</misses>
				<total>3079675</total>
				<timestamp>253.358130</timestamp>
			</report>
			<report>
				<misses>3142001</misses>
				<total>3080674</total>
				<timestamp>253.438644</timestamp>
			</report>
			<report>
				<misses>3143001</misses>
				<total>3081673</total>
				<timestamp>253.518733</timestamp>
			</report>
			<report>
				<misses>3144001</misses>
				<total>3082672</total>
				<timestamp>253.598733</timestamp>
			</report>
			<report>
				<misses>3145001</misses>
				<total>3083671</total>
				<timestamp>253.679452</timestamp>
			</report>
			<report>
				<misses>3146001</misses>
				<total>3084670</total>
				<timestamp>253.759528</timestamp>
			</report>
			<report>
				<misses>3147001</misses>
				<total>3085669</total>
				<timestamp>253.839633</timestamp>
			</report>
			<report>
				<misses>3148001</misses>
				<total>3086668</total>
				<timestamp>253.920123</timestamp>
			</report>
			<report>
				<misses>3149001</misses>
				<total>3087667</total>
				<timestamp>254.000108</timestamp>
			</report>
			<report>
				<misses>3150001</misses>
				<total>3088666</total>
				<timestamp>254.080586</timestamp>
			</report>
			<report>
				<misses>3151001</misses>
				<total>3089665</total>
				<timestamp>254.160563</timestamp>
			</report>
			<report>
				<misses>3152001</misses>
				<total>3090664</total>
				<timestamp>254.240571</timestamp>
			</report>
			<report>
				<misses>3153001</misses>
				<total>3091663</total>
				<timestamp>254.320561</timestamp>
			</report>
			<report>
				<misses>3154001</misses>
				<total>3092662</total>
				<timestamp>254.400616</timestamp>
			</report>
			<report>
				<misses>3155001</misses>
				<total>3093661</total>
				<timestamp>254.480660</timestamp>
			</report>
			<report>
				<misses>3156001</misses>
				<total>3094660</total>
				<timestamp>254.561406</timestamp>
			</report>
			<report>
				<misses>3157001</misses>
				<total>3095659</total>
				<timestamp>254.641969</timestamp>
			</report>
			<report>
				<misses>3158001</misses>
				<total>3096658</total>
				<timestamp>254.721952</timestamp>
			</report>
			<report>
				<misses>3159001</misses>
				<total>3097657</total>
				<timestamp>254.801966</timestamp>
			</report>
			<report>
				<misses>3160001</misses>
				<total>3098656</total>
				<timestamp>254.882527</timestamp>
			</report>
			<report>
				<misses>3161001</misses>
				<total>3099655</total>
				<timestamp>254.963468</timestamp>
			</report>
			<report>
				<misses>3162001</misses>
				<total>3100654</total>
				<timestamp>255.043478</timestamp>
			</report>
			<report>
				<misses>3163001</misses>
				<total>3101653</total>
				<timestamp>255.123490</timestamp>
			</report>
			<report>
				<misses>3164001</misses>
				<total>3102652</total>
				<timestamp>255.203776</timestamp>
			</report>
			<report>
				<misses>3165001</misses>
				<total>3103651</total>
				<timestamp>255.283849</timestamp>
			</report>
			<report>
				<misses>3166001</misses>
				<total>3104650</total>
				<timestamp>255.363839</timestamp>
			</report>
			<report>
				<misses>3167001</misses>
				<total>3105649</total>
				<timestamp>255.443855</timestamp>
			</report>
			<report>
				<misses>3168001</misses>
				<total>3106648</total>
				<timestamp>255.524139</timestamp>
			</report>
			<report>
				<misses>3169001</misses>
				<total>3107647</total>
				<timestamp>255.605375</timestamp>
			</report>
			<report>
				<misses>3170001</misses>
				<total>3108646</total>
				<timestamp>255.686858</timestamp>
			</report>
			<report>
				<misses>3171001</misses>
				<total>3109645</total>
				<timestamp>255.767191</timestamp>
			</report>
			<report>
				<misses>3172001</misses>
				<total>3110644</total>
				<timestamp>255.847309</timestamp>
			</report>
			<report>
				<misses>3173001</misses>
				<total>3111643</total>
				<timestamp>255.928440</timestamp>
			</report>
			<report>
				<misses>3174001</misses>
				<total>3112642</total>
				<timestamp>256.008470</timestamp>
			</report>
			<report>
				<misses>3175001</misses>
				<total>3113641</total>
				<timestamp>256.088452</timestamp>
			</report>
			<report>
				<misses>3176001</misses>
				<total>3114640</total>
				<timestamp>256.168849</timestamp>
			</report>
			<report>
				<misses>3177001</misses>
				<total>3115639</total>
				<timestamp>256.249418</timestamp>
			</report>
			<report>
				<misses>3178001</misses>
				<total>3116638</total>
				<timestamp>256.329399</timestamp>
			</report>
			<report>
				<misses>3179001</misses>
				<total>3117637</total>
				<timestamp>256.409451</timestamp>
			</report>
			<report>
				<misses>3180001</misses>
				<total>3118636</total>
				<timestamp>256.489490</timestamp>
			</report>
			<report>
				<misses>3181001</misses>
				<total>3119635</total>
				<timestamp>256.569474</timestamp>
			</report>
			<report>
				<misses>3182001</misses>
				<total>3120634</total>
				<timestamp>256.649470</timestamp>
			</report>
			<report>
				<misses>3183001</misses>
				<total>3121633</total>
				<timestamp>256.729464</timestamp>
			</report>
			<report>
				<misses>3184001</misses>
				<total>3122632</total>
				<timestamp>256.809591</timestamp>
			</report>
			<report>
				<misses>3185001</misses>
				<total>3123631</total>
				<timestamp>256.889654</timestamp>
			</report>
			<report>
				<misses>3186001</misses>
				<total>3124630</total>
				<timestamp>256.970815</timestamp>
			</report>
			<report>
				<misses>3187001</misses>
				<total>3125629</total>
				<timestamp>257.050806</timestamp>
			</report>
			<report>
				<misses>3188001</misses>
				<total>3126628</total>
				<timestamp>257.130818</timestamp>
			</report>
			<report>
				<misses>3189001</misses>
				<total>3127627</total>
				<timestamp>257.213371</timestamp>
			</report>
			<report>
				<misses>3190001</misses>
				<total>3128626</total>
				<timestamp>257.293361</timestamp>
			</report>
			<report>
				<misses>3191001</misses>
				<total>3129625</total>
				<timestamp>257.374569</timestamp>
			</report>
			<report>
				<misses>3192001</misses>
				<total>3130624</total>
				<timestamp>257.454697</timestamp>
			</report>
			<report>
				<misses>3193001</misses>
				<total>3131623</total>
				<timestamp>257.535254</timestamp>
			</report>
			<report>
				<misses>3194001</misses>
				<total>3132622</total>
				<timestamp>257.615256</timestamp>
			</report>
			<report>
				<misses>3195001</misses>
				<total>3133621</total>
				<timestamp>257.695318</timestamp>
			</report>
			<report>
				<misses>3196001</misses>
				<total>3134620</total>
				<timestamp>257.775400</timestamp>
			</report>
			<report>
				<misses>3197001</misses>
				<total>3135619</total>
				<timestamp>257.855543</timestamp>
			</report>
			<report>
				<misses>3198001</misses>
				<total>3136618</total>
				<timestamp>257.935539</timestamp>
			</report>
			<report>
				<misses>3199001</misses>
				<total>3137617</total>
				<timestamp>258.015604</timestamp>
			</report>
			<report>
				<misses>3200001</misses>
				<total>3138616</total>
				<timestamp>258.097245</timestamp>
			</report>
			<report>
				<misses>3201001</misses>
				<total>3139615</total>
				<timestamp>258.177263</timestamp>
			</report>
			<report>
				<misses>3202001</misses>
				<total>3140614</total>
				<timestamp>258.257726</timestamp>
			</report>
			<report>
				<misses>3203001</misses>
				<total>3141613</total>
				<timestamp>258.339322</timestamp>
			</report>
			<report>
				<misses>3204001</misses>
				<total>3142612</total>
				<timestamp>258.419333</timestamp>
			</report>
			<report>
				<misses>3205001</misses>
				<total>3143611</total>
				<timestamp>258.499636</timestamp>
			</report>
			<report>
				<misses>3206001</misses>
				<total>3144610</total>
				<timestamp>258.580228</timestamp>
			</report>
			<report>
				<misses>3207001</misses>
				<total>3145609</total>
				<timestamp>258.660225</timestamp>
			</report>
			<report>
				<misses>3208001</misses>
				<total>3146608</total>
				<timestamp>258.741262</timestamp>
			</report>
			<report>
				<misses>3209001</misses>
				<total>3147607</total>
				<timestamp>258.823396</timestamp>
			</report>
			<report>
				<misses>3210001</misses>
				<total>3148606</total>
				<timestamp>258.904304</timestamp>
			</report>
			<report>
				<misses>3211001</misses>
				<total>3149605</total>
				<timestamp>258.984255</timestamp>
			</report>
			<report>
				<misses>3212001</misses>
				<total>3150604</total>
				<timestamp>259.065461</timestamp>
			</report>
			<report>
				<misses>3213001</misses>
				<total>3151603</total>
				<timestamp>259.145535</timestamp>
			</report>
			<report>
				<misses>3214001</misses>
				<total>3152602</total>
				<timestamp>259.225543</timestamp>
			</report>
			<report>
				<misses>3215001</misses>
				<total>3153601</total>
				<timestamp>259.308433</timestamp>
			</report>
			<report>
				<misses>3216001</misses>
				<total>3154600</total>
				<timestamp>259.390817</timestamp>
			</report>
			<report>
				<misses>3217001</misses>
				<total>3155599</total>
				<timestamp>259.471281</timestamp>
			</report>
			<report>
				<misses>3218001</misses>
				<total>3156598</total>
				<timestamp>259.551368</timestamp>
			</report>
			<report>
				<misses>3219001</misses>
				<total>3157597</total>
				<timestamp>259.631430</timestamp>
			</report>
			<report>
				<misses>3220001</misses>
				<total>3158596</total>
				<timestamp>259.711634</timestamp>
			</report>
			<report>
				<misses>3221001</misses>
				<total>3159595</total>
				<timestamp>259.791776</timestamp>
			</report>
			<report>
				<misses>3222001</misses>
				<total>3160594</total>
				<timestamp>259.871801</timestamp>
			</report>
			<report>
				<misses>3223001</misses>
				<total>3161593</total>
				<timestamp>259.951811</timestamp>
			</report>
			<report>
				<misses>3224001</misses>
				<total>3162592</total>
				<timestamp>260.031776</timestamp>
			</report>
			<report>
				<misses>3225001</misses>
				<total>3163591</total>
				<timestamp>260.111778</timestamp>
			</report>
			<report>
				<misses>3226001</misses>
				<total>3164590</total>
				<timestamp>260.192497</timestamp>
			</report>
			<report>
				<misses>3227001</misses>
				<total>3165589</total>
				<timestamp>260.272644</timestamp>
			</report>
			<report>
				<misses>3228001</misses>
				<total>3166588</total>
				<timestamp>260.352704</timestamp>
			</report>
			<report>
				<misses>3229001</misses>
				<total>3167587</total>
				<timestamp>260.433642</timestamp>
			</report>
			<report>
				<misses>3230001</misses>
				<total>3168586</total>
				<timestamp>260.514195</timestamp>
			</report>
			<report>
				<misses>3231001</misses>
				<total>3169585</total>
				<timestamp>260.594208</timestamp>
			</report>
			<report>
				<misses>3232001</misses>
				<total>3170584</total>
				<timestamp>260.674223</timestamp>
			</report>
			<report>
				<misses>3233001</misses>
				<total>3171583</total>
				<timestamp>260.754523</timestamp>
			</report>
			<report>
				<misses>3234001</misses>
				<total>3172582</total>
				<timestamp>260.836039</timestamp>
			</report>
			<report>
				<misses>3235001</misses>
				<total>3173581</total>
				<timestamp>260.916579</timestamp>
			</report>
			<report>
				<misses>3236001</misses>
				<total>3174580</total>
				<timestamp>260.997183</timestamp>
			</report>
			<report>
				<misses>3237001</misses>
				<total>3175579</total>
				<timestamp>261.077273</timestamp>
			</report>
			<report>
				<misses>3238001</misses>
				<total>3176578</total>
				<timestamp>261.158281</timestamp>
			</report>
			<report>
				<misses>3239001</misses>
				<total>3177577</total>
				<timestamp>261.238439</timestamp>
			</report>
			<report>
				<misses>3240001</misses>
				<total>3178576</total>
				<timestamp>261.318811</timestamp>
			</report>
			<report>
				<misses>3241001</misses>
				<total>3179575</total>
				<timestamp>261.398801</timestamp>
			</report>
			<report>
				<misses>3242001</misses>
				<total>3180574</total>
				<timestamp>261.478817</timestamp>
			</report>
			<report>
				<misses>3243001</misses>
				<total>3181573</total>
				<timestamp>261.559993</timestamp>
			</report>
			<report>
				<misses>3244001</misses>
				<total>3182572</total>
				<timestamp>261.640336</timestamp>
			</report>
			<report>
				<misses>3245001</misses>
				<total>3183571</total>
				<timestamp>261.720331</timestamp>
			</report>
			<report>
				<misses>3246001</misses>
				<total>3184570</total>
				<timestamp>261.800531</timestamp>
			</report>
			<report>
				<misses>3247001</misses>
				<total>3185569</total>
				<timestamp>261.880504</timestamp>
			</report>
			<report>
				<misses>3248001</misses>
				<total>3186568</total>
				<timestamp>261.960530</timestamp>
			</report>
			<report>
				<misses>3249001</misses>
				<total>3187567</total>
				<timestamp>262.040532</timestamp>
			</report>
			<report>
				<misses>3250001</misses>
				<total>3188566</total>
				<timestamp>262.122032</timestamp>
			</report>
			<report>
				<misses>3251001</misses>
				<total>3189565</total>
				<timestamp>262.202734</timestamp>
			</report>
			<report>
				<misses>3252001</misses>
				<total>3190564</total>
				<timestamp>262.282822</timestamp>
			</report>
			<report>
				<misses>3253001</misses>
				<total>3191563</total>
				<timestamp>262.362818</timestamp>
			</report>
			<report>
				<misses>3254001</misses>
				<total>3192562</total>
				<timestamp>262.443800</timestamp>
			</report>
			<report>
				<misses>3255001</misses>
				<total>3193561</total>
				<timestamp>262.525621</timestamp>
			</report>
			<report>
				<misses>3256001</misses>
				<total>3194560</total>
				<timestamp>262.606581</timestamp>
			</report>
			<report>
				<misses>3257001</misses>
				<total>3195559</total>
				<timestamp>262.686580</timestamp>
			</report>
			<report>
				<misses>3258001</misses>
				<total>3196558</total>
				<timestamp>262.766558</timestamp>
			</report>
			<report>
				<misses>3259001</misses>
				<total>3197557</total>
				<timestamp>262.846561</timestamp>
			</report>
			<report>
				<misses>3260001</misses>
				<total>3198556</total>
				<timestamp>262.926558</timestamp>
			</report>
			<report>
				<misses>3261001</misses>
				<total>3199555</total>
				<timestamp>263.006629</timestamp>
			</report>
			<report>
				<misses>3262001</misses>
				<total>3200554</total>
				<timestamp>263.086645</timestamp>
			</report>
			<report>
				<misses>3263001</misses>
				<total>3201553</total>
				<timestamp>263.166734</timestamp>
			</report>
			<report>
				<misses>3264001</misses>
				<total>3202552</total>
				<timestamp>263.246992</timestamp>
			</report>
			<report>
				<misses>3265001</misses>
				<total>3203551</total>
				<timestamp>263.327042</timestamp>
			</report>
			<report>
				<misses>3266001</misses>
				<total>3204550</total>
				<timestamp>263.407190</timestamp>
			</report>
			<report>
				<misses>3267001</misses>
				<total>3205549</total>
				<timestamp>263.487208</timestamp>
			</report>
			<report>
				<misses>3268001</misses>
				<total>3206548</total>
				<timestamp>263.567234</timestamp>
			</report>
			<report>
				<misses>3269001</misses>
				<total>3207547</total>
				<timestamp>263.647216</timestamp>
			</report>
			<report>
				<misses>3270001</misses>
				<total>3208546</total>
				<timestamp>263.727214</timestamp>
			</report>
			<report>
				<misses>3271001</misses>
				<total>3209545</total>
				<timestamp>263.807397</timestamp>
			</report>
			<report>
				<misses>3272001</misses>
				<total>3210544</total>
				<timestamp>263.887740</timestamp>
			</report>
			<report>
				<misses>3273001</misses>
				<total>3211543</total>
				<timestamp>263.967709</timestamp>
			</report>
			<report>
				<misses>3274001</misses>
				<total>3212542</total>
				<timestamp>264.048063</timestamp>
			</report>
			<report>
				<misses>3275001</misses>
				<total>3213541</total>
				<timestamp>264.130735</timestamp>
			</report>
			<report>
				<misses>3276001</misses>
				<total>3214540</total>
				<timestamp>264.210883</timestamp>
			</report>
			<report>
				<misses>3277001</misses>
				<total>3215539</total>
				<timestamp>264.291445</timestamp>
			</report>
			<report>
				<misses>3278001</misses>
				<total>3216538</total>
				<timestamp>264.371537</timestamp>
			</report>
			<report>
				<misses>3279001</misses>
				<total>3217537</total>
				<timestamp>264.451531</timestamp>
			</report>
			<report>
				<misses>3280001</misses>
				<total>3218536</total>
				<timestamp>264.531541</timestamp>
			</report>
			<report>
				<misses>3281001</misses>
				<total>3219535</total>
				<timestamp>264.612591</timestamp>
			</report>
			<report>
				<misses>3282001</misses>
				<total>3220534</total>
				<timestamp>264.692615</timestamp>
			</report>
			<report>
				<misses>3283001</misses>
				<total>3221533</total>
				<timestamp>264.772576</timestamp>
			</report>
			<report>
				<misses>3284001</misses>
				<total>3222532</total>
				<timestamp>264.852577</timestamp>
			</report>
			<report>
				<misses>3285001</misses>
				<total>3223531</total>
				<timestamp>264.932590</timestamp>
			</report>
			<report>
				<misses>3286001</misses>
				<total>3224530</total>
				<timestamp>265.012580</timestamp>
			</report>
			<report>
				<misses>3287001</misses>
				<total>3225529</total>
				<timestamp>265.093249</timestamp>
			</report>
			<report>
				<misses>3288001</misses>
				<total>3226528</total>
				<timestamp>265.173304</timestamp>
			</report>
			<report>
				<misses>3289001</misses>
				<total>3227527</total>
				<timestamp>265.253423</timestamp>
			</report>
			<report>
				<misses>3290001</misses>
				<total>3228526</total>
				<timestamp>265.333413</timestamp>
			</report>
			<report>
				<misses>3291001</misses>
				<total>3229525</total>
				<timestamp>265.413437</timestamp>
			</report>
			<report>
				<misses>3292001</misses>
				<total>3230524</total>
				<timestamp>265.493480</timestamp>
			</report>
			<report>
				<misses>3293001</misses>
				<total>3231523</total>
				<timestamp>265.573960</timestamp>
			</report>
			<report>
				<misses>3294001</misses>
				<total>3232522</total>
				<timestamp>265.654182</timestamp>
			</report>
			<report>
				<misses>3295001</misses>
				<total>3233521</total>
				<timestamp>265.734255</timestamp>
			</report>
			<report>
				<misses>3296001</misses>
				<total>3234520</total>
				<timestamp>265.814388</timestamp>
			</report>
			<report>
				<misses>3297001</misses>
				<total>3235519</total>
				<timestamp>265.894393</timestamp>
			</report>
			<report>
				<misses>3298001</misses>
				<total>3236518</total>
				<timestamp>265.974361</timestamp>
			</report>
			<report>
				<misses>3299001</misses>
				<total>3237517</total>
				<timestamp>266.054335</timestamp>
			</report>
			<report>
				<misses>3300001</misses>
				<total>3238516</total>
				<timestamp>266.134327</timestamp>
			</report>
			<report>
				<misses>3301001</misses>
				<total>3239515</total>
				<timestamp>266.214809</timestamp>
			</report>
			<report>
				<misses>3302001</misses>
				<total>3240514</total>
				<timestamp>266.294823</timestamp>
			</report>
			<report>
				<misses>3303001</misses>
				<total>3241513</total>
				<timestamp>266.375007</timestamp>
			</report>
			<report>
				<misses>3304001</misses>
				<total>3242512</total>
				<timestamp>266.455067</timestamp>
			</report>
			<report>
				<misses>3305001</misses>
				<total>3243511</total>
				<timestamp>266.535330</timestamp>
			</report>
			<report>
				<misses>3306001</misses>
				<total>3244510</total>
				<timestamp>266.615324</timestamp>
			</report>
			<report>
				<misses>3307001</misses>
				<total>3245509</total>
				<timestamp>266.695463</timestamp>
			</report>
			<report>
				<misses>3308001</misses>
				<total>3246508</total>
				<timestamp>266.775495</timestamp>
			</report>
			<report>
				<misses>3309001</misses>
				<total>3247507</total>
				<timestamp>266.855465</timestamp>
			</report>
			<report>
				<misses>3310001</misses>
				<total>3248506</total>
				<timestamp>266.935490</timestamp>
			</report>
			<report>
				<misses>3311001</misses>
				<total>3249505</total>
				<timestamp>267.015452</timestamp>
			</report>
			<report>
				<misses>3312001</misses>
				<total>3250504</total>
				<timestamp>267.095461</timestamp>
			</report>
			<report>
				<misses>3313001</misses>
				<total>3251503</total>
				<timestamp>267.175592</timestamp>
			</report>
			<report>
				<misses>3314001</misses>
				<total>3252502</total>
				<timestamp>267.255554</timestamp>
			</report>
			<report>
				<misses>3315001</misses>
				<total>3253501</total>
				<timestamp>267.335771</timestamp>
			</report>
			<report>
				<misses>3316001</misses>
				<total>3254500</total>
				<timestamp>267.415863</timestamp>
			</report>
			<report>
				<misses>3317001</misses>
				<total>3255499</total>
				<timestamp>267.495979</timestamp>
			</report>
			<report>
				<misses>3318001</misses>
				<total>3256498</total>
				<timestamp>267.576062</timestamp>
			</report>
			<report>
				<misses>3319001</misses>
				<total>3257497</total>
				<timestamp>267.657404</timestamp>
			</report>
			<report>
				<misses>3320001</misses>
				<total>3258496</total>
				<timestamp>267.738981</timestamp>
			</report>
			<report>
				<misses>3321001</misses>
				<total>3259495</total>
				<timestamp>267.819164</timestamp>
			</report>
			<report>
				<misses>3322001</misses>
				<total>3260494</total>
				<timestamp>267.899215</timestamp>
			</report>
			<report>
				<misses>3323001</misses>
				<total>3261493</total>
				<timestamp>267.979243</timestamp>
			</report>
			<report>
				<misses>3324001</misses>
				<total>3262492</total>
				<timestamp>268.059318</timestamp>
			</report>
			<report>
				<misses>3325001</misses>
				<total>3263491</total>
				<timestamp>268.139315</timestamp>
			</report>
			<report>
				<misses>3326001</misses>
				<total>3264490</total>
				<timestamp>268.219575</timestamp>
			</report>
			<report>
				<misses>3327001</misses>
				<total>3265489</total>
				<timestamp>268.299881</timestamp>
			</report>
			<report>
				<misses>3328001</misses>
				<total>3266488</total>
				<timestamp>268.379871</timestamp>
			</report>
			<report>
				<misses>3329001</misses>
				<total>3267487</total>
				<timestamp>268.460119</timestamp>
			</report>
			<report>
				<misses>3330001</misses>
				<total>3268486</total>
				<timestamp>268.540156</timestamp>
			</report>
			<report>
				<misses>3331001</misses>
				<total>3269485</total>
				<timestamp>268.620229</timestamp>
			</report>
			<report>
				<misses>3332001</misses>
				<total>3270484</total>
				<timestamp>268.700281</timestamp>
			</report>
			<report>
				<misses>3333001</misses>
				<total>3271483</total>
				<timestamp>268.780321</timestamp>
			</report>
			<report>
				<misses>3334001</misses>
				<total>3272482</total>
				<timestamp>268.860359</timestamp>
			</report>
			<report>
				<misses>3335001</misses>
				<total>3273481</total>
				<timestamp>268.940449</timestamp>
			</report>
			<report>
				<misses>3336001</misses>
				<total>3274480</total>
				<timestamp>269.021397</timestamp>
			</report>
			<report>
				<misses>3337001</misses>
				<total>3275479</total>
				<timestamp>269.101607</timestamp>
			</report>
			<report>
				<misses>3338001</misses>
				<total>3276478</total>
				<timestamp>269.181621</timestamp>
			</report>
			<report>
				<misses>3339001</misses>
				<total>3277477</total>
				<timestamp>269.261767</timestamp>
			</report>
			<report>
				<misses>3340001</misses>
				<total>3278476</total>
				<timestamp>269.341781</timestamp>
			</report>
			<report>
				<misses>3341001</misses>
				<total>3279475</total>
				<timestamp>269.422737</timestamp>
			</report>
			<report>
				<misses>3342001</misses>
				<total>3280474</total>
				<timestamp>269.502814</timestamp>
			</report>
			<report>
				<misses>3343001</misses>
				<total>3281473</total>
				<timestamp>269.582999</timestamp>
			</report>
			<report>
				<misses>3344001</misses>
				<total>3282472</total>
				<timestamp>269.663327</timestamp>
			</report>
			<report>
				<misses>3345001</misses>
				<total>3283471</total>
				<timestamp>269.743403</timestamp>
			</report>
			<report>
				<misses>3346001</misses>
				<total>3284470</total>
				<timestamp>269.823447</timestamp>
			</report>
			<report>
				<misses>3347001</misses>
				<total>3285469</total>
				<timestamp>269.904424</timestamp>
			</report>
			<report>
				<misses>3348001</misses>
				<total>3286468</total>
				<timestamp>269.984421</timestamp>
			</report>
			<report>
				<misses>3349001</misses>
				<total>3287467</total>
				<timestamp>270.064424</timestamp>
			</report>
			<report>
				<misses>3350001</misses>
				<total>3288466</total>
				<timestamp>270.144455</timestamp>
			</report>
			<report>
				<misses>3351001</misses>
				<total>3289465</total>
				<timestamp>270.224403</timestamp>
			</report>
			<report>
				<misses>3352001</misses>
				<total>3290464</total>
				<timestamp>270.304428</timestamp>
			</report>
			<report>
				<misses>3353001</misses>
				<total>3291463</total>
				<timestamp>270.384564</timestamp>
			</report>
			<report>
				<misses>3354001</misses>
				<total>3292462</total>
				<timestamp>270.465612</timestamp>
			</report>
			<report>
				<misses>3355001</misses>
				<total>3293461</total>
				<timestamp>270.545778</timestamp>
			</report>
			<report>
				<misses>3356001</misses>
				<total>3294460</total>
				<timestamp>270.625769</timestamp>
			</report>
			<report>
				<misses>3357001</misses>
				<total>3295459</total>
				<timestamp>270.705763</timestamp>
			</report>
			<report>
				<misses>3358001</misses>
				<total>3296458</total>
				<timestamp>270.785771</timestamp>
			</report>
			<report>
				<misses>3359001</misses>
				<total>3297457</total>
				<timestamp>270.866239</timestamp>
			</report>
			<report>
				<misses>3360001</misses>
				<total>3298456</total>
				<timestamp>270.946321</timestamp>
			</report>
			<report>
				<misses>3361001</misses>
				<total>3299455</total>
				<timestamp>271.026385</timestamp>
			</report>
			<report>
				<misses>3362001</misses>
				<total>3300454</total>
				<timestamp>271.106370</timestamp>
			</report>
			<report>
				<misses>3363001</misses>
				<total>3301453</total>
				<timestamp>271.186428</timestamp>
			</report>
			<report>
				<misses>3364001</misses>
				<total>3302452</total>
				<timestamp>271.266748</timestamp>
			</report>
			<report>
				<misses>3365001</misses>
				<total>3303451</total>
				<timestamp>271.346728</timestamp>
			</report>
			<report>
				<misses>3366001</misses>
				<total>3304450</total>
				<timestamp>271.426748</timestamp>
			</report>
			<report>
				<misses>3367001</misses>
				<total>3305449</total>
				<timestamp>271.509919</timestamp>
			</report>
			<report>
				<misses>3368001</misses>
				<total>3306448</total>
				<timestamp>271.590106</timestamp>
			</report>
			<report>
				<misses>3369001</misses>
				<total>3307447</total>
				<timestamp>271.670111</timestamp>
			</report>
			<report>
				<misses>3370001</misses>
				<total>3308446</total>
				<timestamp>271.750295</timestamp>
			</report>
			<report>
				<misses>3371001</misses>
				<total>3309445</total>
				<timestamp>271.830299</timestamp>
			</report>
			<report>
				<misses>3372001</misses>
				<total>3310315</total>
				<timestamp>271.910336</timestamp>
			</report>
			<report>
				<misses>3373001</misses>
				<total>3311314</total>
				<timestamp>271.990406</timestamp>
			</report>
			<report>
				<misses>3374001</misses>
				<total>3312313</total>
				<timestamp>272.070965</timestamp>
			</report>
			<report>
				<misses>3375001</misses>
				<total>3313312</total>
				<timestamp>272.151681</timestamp>
			</report>
			<report>
				<misses>3376001</misses>
				<total>3314311</total>
				<timestamp>272.231697</timestamp>
			</report>
			<report>
				<misses>3377001</misses>
				<total>3315310</total>
				<timestamp>272.311690</timestamp>
			</report>
			<report>
				<misses>3378001</misses>
				<total>3316309</total>
				<timestamp>272.391941</timestamp>
			</report>
			<report>
				<misses>3379001</misses>
				<total>3317308</total>
				<timestamp>272.471958</timestamp>
			</report>
			<report>
				<misses>3380001</misses>
				<total>3318307</total>
				<timestamp>272.552075</timestamp>
			</report>
			<report>
				<misses>3381001</misses>
				<total>3319306</total>
				<timestamp>272.633996</timestamp>
			</report>
			<report>
				<misses>3382001</misses>
				<total>3320305</total>
				<timestamp>272.715966</timestamp>
			</report>
			<report>
				<misses>3383001</misses>
				<total>3321304</total>
				<timestamp>272.796075</timestamp>
			</report>
			<report>
				<misses>3384001</misses>
				<total>3322245</total>
				<timestamp>272.876145</timestamp>
			</report>
			<report>
				<misses>3385001</misses>
				<total>3322245</total>
				<timestamp>272.956180</timestamp>
			</report>
			<report>
				<misses>3386001</misses>
				<total>3322817</total>
				<timestamp>273.038136</timestamp>
			</report>
			<report>
				<misses>3387001</misses>
				<total>3323816</total>
				<timestamp>273.118297</timestamp>
			</report>
			<report>
				<misses>3388001</misses>
				<total>3324815</total>
				<timestamp>273.198306</timestamp>
			</report>
			<report>
				<misses>3389001</misses>
				<total>3325814</total>
				<timestamp>273.278289</timestamp>
			</report>
			<report>
				<misses>3390001</misses>
				<total>3326813</total>
				<timestamp>273.358361</timestamp>
			</report>
			<report>
				<misses>3391001</misses>
				<total>3327125</total>
				<timestamp>273.438334</timestamp>
			</report>
			<report>
				<misses>3392001</misses>
				<total>3327155</total>
				<timestamp>273.518375</timestamp>
			</report>
			<report>
				<misses>3393001</misses>
				<total>3327155</total>
				<timestamp>273.598421</timestamp>
			</report>
			<report>
				<misses>3394001</misses>
				<total>3327156</total>
				<timestamp>273.679519</timestamp>
			</report>
			<report>
				<misses>3395001</misses>
				<total>3327157</total>
				<timestamp>273.759626</timestamp>
			</report>
			<report>
				<misses>3396001</misses>
				<total>3328020</total>
				<timestamp>273.839946</timestamp>
			</report>
			<report>
				<misses>3397001</misses>
				<total>3328697</total>
				<timestamp>273.920097</timestamp>
			</report>
			<report>
				<misses>3398001</misses>
				<total>3328697</total>
				<timestamp>274.000216</timestamp>
			</report>
			<report>
				<misses>3399001</misses>
				<total>3328697</total>
				<timestamp>274.080243</timestamp>
			</report>
			<report>
				<misses>3400001</misses>
				<total>3329564</total>
				<timestamp>274.160351</timestamp>
			</report>
			<report>
				<misses>3401001</misses>
				<total>3330563</total>
				<timestamp>274.240337</timestamp>
			</report>
			<report>
				<misses>3402001</misses>
				<total>3331562</total>
				<timestamp>274.320833</timestamp>
			</report>
			<report>
				<misses>3403001</misses>
				<total>3332561</total>
				<timestamp>274.400808</timestamp>
			</report>
			<report>
				<misses>3404001</misses>
				<total>3332640</total>
				<timestamp>274.480819</timestamp>
			</report>
			<report>
				<misses>3405001</misses>
				<total>3332934</total>
				<timestamp>274.560817</timestamp>
			</report>
			<report>
				<misses>3406001</misses>
				<total>3333933</total>
				<timestamp>274.641026</timestamp>
			</report>
			<report>
				<misses>3407001</misses>
				<total>3334932</total>
				<timestamp>274.721063</timestamp>
			</report>
			<report>
				<misses>3408001</misses>
				<total>3335931</total>
				<timestamp>274.801394</timestamp>
			</report>
			<report>
				<misses>3409001</misses>
				<total>3336930</total>
				<timestamp>274.881369</timestamp>
			</report>
			<report>
				<misses>3410001</misses>
				<total>3337929</total>
				<timestamp>274.961368</timestamp>
			</report>
			<report>
				<misses>3411001</misses>
				<total>3338928</total>
				<timestamp>275.043262</timestamp>
			</report>
			<report>
				<misses>3412001</misses>
				<total>3339927</total>
				<timestamp>275.124095</timestamp>
			</report>
			<report>
				<misses>3413001</misses>
				<total>3340926</total>
				<timestamp>275.204146</timestamp>
			</report>
			<report>
				<misses>3414001</misses>
				<total>3341925</total>
				<timestamp>275.284475</timestamp>
			</report>
			<report>
				<misses>3415001</misses>
				<total>3342924</total>
				<timestamp>275.365164</timestamp>
			</report>
			<report>
				<misses>3416001</misses>
				<total>3343923</total>
				<timestamp>275.445592</timestamp>
			</report>
			<report>
				<misses>3417001</misses>
				<total>3344922</total>
				<timestamp>275.526814</timestamp>
			</report>
			<report>
				<misses>3418001</misses>
				<total>3345921</total>
				<timestamp>275.606938</timestamp>
			</report>
			<report>
				<misses>3419001</misses>
				<total>3346920</total>
				<timestamp>275.686954</timestamp>
			</report>
			<report>
				<misses>3420001</misses>
				<total>3347919</total>
				<timestamp>275.767097</timestamp>
			</report>
			<report>
				<misses>3421001</misses>
				<total>3348918</total>
				<timestamp>275.847155</timestamp>
			</report>
			<report>
				<misses>3422001</misses>
				<total>3349917</total>
				<timestamp>275.927197</timestamp>
			</report>
			<report>
				<misses>3423001</misses>
				<total>3350916</total>
				<timestamp>276.008123</timestamp>
			</report>
			<report>
				<misses>3424001</misses>
				<total>3351915</total>
				<timestamp>276.088477</timestamp>
			</report>
			<report>
				<misses>3425001</misses>
				<total>3352914</total>
				<timestamp>276.168748</timestamp>
			</report>
			<report>
				<misses>3426001</misses>
				<total>3353913</total>
				<timestamp>276.249121</timestamp>
			</report>
			<report>
				<misses>3427001</misses>
				<total>3354912</total>
				<timestamp>276.331781</timestamp>
			</report>
			<report>
				<misses>3428001</misses>
				<total>3355911</total>
				<timestamp>276.411954</timestamp>
			</report>
			<report>
				<misses>3429001</misses>
				<total>3356910</total>
				<timestamp>276.492002</timestamp>
			</report>
			<report>
				<misses>3430001</misses>
				<total>3357909</total>
				<timestamp>276.572254</timestamp>
			</report>
			<report>
				<misses>3431001</misses>
				<total>3358908</total>
				<timestamp>276.652570</timestamp>
			</report>
			<report>
				<misses>3432001</misses>
				<total>3359907</total>
				<timestamp>276.733927</timestamp>
			</report>
			<report>
				<misses>3433001</misses>
				<total>3360906</total>
				<timestamp>276.813965</timestamp>
			</report>
			<report>
				<misses>3434001</misses>
				<total>3361905</total>
				<timestamp>276.893990</timestamp>
			</report>
			<report>
				<misses>3435001</misses>
				<total>3362904</total>
				<timestamp>276.974753</timestamp>
			</report>
			<report>
				<misses>3436001</misses>
				<total>3363903</total>
				<timestamp>277.054722</timestamp>
			</report>
			<report>
				<misses>3437001</misses>
				<total>3364902</total>
				<timestamp>277.135692</timestamp>
			</report>
			<report>
				<misses>3438001</misses>
				<total>3365901</total>
				<timestamp>277.216063</timestamp>
			</report>
			<report>
				<misses>3439001</misses>
				<total>3366900</total>
				<timestamp>277.296133</timestamp>
			</report>
			<report>
				<misses>3440001</misses>
				<total>3367899</total>
				<timestamp>277.376174</timestamp>
			</report>
			<report>
				<misses>3441001</misses>
				<total>3368898</total>
				<timestamp>277.456307</timestamp>
			</report>
			<report>
				<misses>3442001</misses>
				<total>3369897</total>
				<timestamp>277.536368</timestamp>
			</report>
			<report>
				<misses>3443001</misses>
				<total>3370896</total>
				<timestamp>277.616336</timestamp>
			</report>
			<report>
				<misses>3444001</misses>
				<total>3371895</total>
				<timestamp>277.696387</timestamp>
			</report>
			<report>
				<misses>3445001</misses>
				<total>3372894</total>
				<timestamp>277.776387</timestamp>
			</report>
			<report>
				<misses>3446001</misses>
				<total>3373893</total>
				<timestamp>277.858039</timestamp>
			</report>
			<report>
				<misses>3447001</misses>
				<total>3374892</total>
				<timestamp>277.938209</timestamp>
			</report>
			<report>
				<misses>3448001</misses>
				<total>3375891</total>
				<timestamp>278.018369</timestamp>
			</report>
			<report>
				<misses>3449001</misses>
				<total>3376890</total>
				<timestamp>278.099785</timestamp>
			</report>
			<report>
				<misses>3450001</misses>
				<total>3377889</total>
				<timestamp>278.179771</timestamp>
			</report>
			<report>
				<misses>3451001</misses>
				<total>3378888</total>
				<timestamp>278.259920</timestamp>
			</report>
			<report>
				<misses>3452001</misses>
				<total>3379887</total>
				<timestamp>278.339980</timestamp>
			</report>
			<report>
				<misses>3453001</misses>
				<total>3380886</total>
				<timestamp>278.420038</timestamp>
			</report>
			<report>
				<misses>3454001</misses>
				<total>3381885</total>
				<timestamp>278.501103</timestamp>
			</report>
			<report>
				<misses>3455001</misses>
				<total>3382884</total>
				<timestamp>278.581212</timestamp>
			</report>
			<report>
				<misses>3456001</misses>
				<total>3383883</total>
				<timestamp>278.661268</timestamp>
			</report>
			<report>
				<misses>3457001</misses>
				<total>3384882</total>
				<timestamp>278.741756</timestamp>
			</report>
			<report>
				<misses>3458001</misses>
				<total>3385881</total>
				<timestamp>278.822384</timestamp>
			</report>
			<report>
				<misses>3459001</misses>
				<total>3386880</total>
				<timestamp>278.905606</timestamp>
			</report>
			<report>
				<misses>3460001</misses>
				<total>3387879</total>
				<timestamp>278.986160</timestamp>
			</report>
			<report>
				<misses>3461001</misses>
				<total>3388878</total>
				<timestamp>279.066275</timestamp>
			</report>
			<report>
				<misses>3462001</misses>
				<total>3389877</total>
				<timestamp>279.146504</timestamp>
			</report>
			<report>
				<misses>3463001</misses>
				<total>3390876</total>
				<timestamp>279.228278</timestamp>
			</report>
			<report>
				<misses>3464001</misses>
				<total>3391875</total>
				<timestamp>279.308325</timestamp>
			</report>
			<report>
				<misses>3465001</misses>
				<total>3392874</total>
				<timestamp>279.388391</timestamp>
			</report>
			<report>
				<misses>3466001</misses>
				<total>3393873</total>
				<timestamp>279.468425</timestamp>
			</report>
			<report>
				<misses>3467001</misses>
				<total>3394872</total>
				<timestamp>279.548401</timestamp>
			</report>
			<report>
				<misses>3468001</misses>
				<total>3395871</total>
				<timestamp>279.628472</timestamp>
			</report>
			<report>
				<misses>3469001</misses>
				<total>3396870</total>
				<timestamp>279.708416</timestamp>
			</report>
			<report>
				<misses>3470001</misses>
				<total>3397869</total>
				<timestamp>279.788644</timestamp>
			</report>
			<report>
				<misses>3471001</misses>
				<total>3398868</total>
				<timestamp>279.868810</timestamp>
			</report>
			<report>
				<misses>3472001</misses>
				<total>3399867</total>
				<timestamp>279.950421</timestamp>
			</report>
			<report>
				<misses>3473001</misses>
				<total>3400866</total>
				<timestamp>280.031776</timestamp>
			</report>
			<report>
				<misses>3474001</misses>
				<total>3401865</total>
				<timestamp>280.112252</timestamp>
			</report>
			<report>
				<misses>3475001</misses>
				<total>3402864</total>
				<timestamp>280.192400</timestamp>
			</report>
			<report>
				<misses>3476001</misses>
				<total>3403863</total>
				<timestamp>280.272425</timestamp>
			</report>
			<report>
				<misses>3477001</misses>
				<total>3404862</total>
				<timestamp>280.352468</timestamp>
			</report>
			<report>
				<misses>3478001</misses>
				<total>3405861</total>
				<timestamp>280.432499</timestamp>
			</report>
			<report>
				<misses>3479001</misses>
				<total>3406860</total>
				<timestamp>280.513681</timestamp>
			</report>
			<report>
				<misses>3480001</misses>
				<total>3407859</total>
				<timestamp>280.596378</timestamp>
			</report>
			<report>
				<misses>3481001</misses>
				<total>3408858</total>
				<timestamp>280.678291</timestamp>
			</report>
			<report>
				<misses>3482001</misses>
				<total>3409857</total>
				<timestamp>280.760106</timestamp>
			</report>
			<report>
				<misses>3483001</misses>
				<total>3410856</total>
				<timestamp>280.841257</timestamp>
			</report>
			<report>
				<misses>3484001</misses>
				<total>3411855</total>
				<timestamp>280.921610</timestamp>
			</report>
			<report>
				<misses>3485001</misses>
				<total>3412854</total>
				<timestamp>281.001618</timestamp>
			</report>
			<report>
				<misses>3486001</misses>
				<total>3413853</total>
				<timestamp>281.082151</timestamp>
			</report>
			<report>
				<misses>3487001</misses>
				<total>3414852</total>
				<timestamp>281.162578</timestamp>
			</report>
			<report>
				<misses>3488001</misses>
				<total>3415851</total>
				<timestamp>281.242585</timestamp>
			</report>
			<report>
				<misses>3489001</misses>
				<total>3416850</total>
				<timestamp>281.322568</timestamp>
			</report>
			<report>
				<misses>3490001</misses>
				<total>3417849</total>
				<timestamp>281.402621</timestamp>
			</report>
			<report>
				<misses>3491001</misses>
				<total>3418848</total>
				<timestamp>281.482588</timestamp>
			</report>
			<report>
				<misses>3492001</misses>
				<total>3419847</total>
				<timestamp>281.562584</timestamp>
			</report>
			<report>
				<misses>3493001</misses>
				<total>3420846</total>
				<timestamp>281.642575</timestamp>
			</report>
			<report>
				<misses>3494001</misses>
				<total>3421845</total>
				<timestamp>281.723088</timestamp>
			</report>
			<report>
				<misses>3495001</misses>
				<total>3422844</total>
				<timestamp>281.803371</timestamp>
			</report>
			<report>
				<misses>3496001</misses>
				<total>3423843</total>
				<timestamp>281.892250</timestamp>
			</report>
			<report>
				<misses>3497001</misses>
				<total>3424842</total>
				<timestamp>281.975063</timestamp>
			</report>
			<report>
				<misses>3498001</misses>
				<total>3425841</total>
				<timestamp>282.055350</timestamp>
			</report>
			<report>
				<misses>3499001</misses>
				<total>3426840</total>
				<timestamp>282.138360</timestamp>
			</report>
			<report>
				<misses>3500001</misses>
				<total>3427839</total>
				<timestamp>282.219246</timestamp>
			</report>
			<report>
				<misses>3501001</misses>
				<total>3428838</total>
				<timestamp>282.299278</timestamp>
			</report>
			<report>
				<misses>3502001</misses>
				<total>3429837</total>
				<timestamp>282.379347</timestamp>
			</report>
			<report>
				<misses>3503001</misses>
				<total>3430836</total>
				<timestamp>282.459513</timestamp>
			</report>
			<report>
				<misses>3504001</misses>
				<total>3431835</total>
				<timestamp>282.539600</timestamp>
			</report>
			<report>
				<misses>3505001</misses>
				<total>3432834</total>
				<timestamp>282.619782</timestamp>
			</report>
			<report>
				<misses>3506001</misses>
				<total>3433833</total>
				<timestamp>282.699947</timestamp>
			</report>
			<report>
				<misses>3507001</misses>
				<total>3434832</total>
				<timestamp>282.780038</timestamp>
			</report>
			<report>
				<misses>3508001</misses>
				<total>3435831</total>
				<timestamp>282.860208</timestamp>
			</report>
			<report>
				<misses>3509001</misses>
				<total>3436830</total>
				<timestamp>282.941690</timestamp>
			</report>
			<report>
				<misses>3510001</misses>
				<total>3437829</total>
				<timestamp>283.025076</timestamp>
			</report>
			<report>
				<misses>3511001</misses>
				<total>3438828</total>
				<timestamp>283.108140</timestamp>
			</report>
			<report>
				<misses>3512001</misses>
				<total>3439827</total>
				<timestamp>283.189881</timestamp>
			</report>
			<report>
				<misses>3513001</misses>
				<total>3440826</total>
				<timestamp>283.272639</timestamp>
			</report>
			<report>
				<misses>3514001</misses>
				<total>3441825</total>
				<timestamp>283.353600</timestamp>
			</report>
			<report>
				<misses>3515001</misses>
				<total>3442824</total>
				<timestamp>283.433614</timestamp>
			</report>
			<report>
				<misses>3516001</misses>
				<total>3443823</total>
				<timestamp>283.514200</timestamp>
			</report>
			<report>
				<misses>3517001</misses>
				<total>3444822</total>
				<timestamp>283.594521</timestamp>
			</report>
			<report>
				<misses>3518001</misses>
				<total>3445821</total>
				<timestamp>283.674747</timestamp>
			</report>
			<report>
				<misses>3519001</misses>
				<total>3446820</total>
				<timestamp>283.754907</timestamp>
			</report>
			<report>
				<misses>3520001</misses>
				<total>3447819</total>
				<timestamp>283.839519</timestamp>
			</report>
			<report>
				<misses>3521001</misses>
				<total>3448818</total>
				<timestamp>283.920101</timestamp>
			</report>
			<report>
				<misses>3522001</misses>
				<total>3449817</total>
				<timestamp>284.000511</timestamp>
			</report>
			<report>
				<misses>3523001</misses>
				<total>3450816</total>
				<timestamp>284.080588</timestamp>
			</report>
			<report>
				<misses>3524001</misses>
				<total>3451815</total>
				<timestamp>284.160567</timestamp>
			</report>
			<report>
				<misses>3525001</misses>
				<total>3452814</total>
				<timestamp>284.240718</timestamp>
			</report>
			<report>
				<misses>3526001</misses>
				<total>3453813</total>
				<timestamp>284.320758</timestamp>
			</report>
			<report>
				<misses>3527001</misses>
				<total>3454812</total>
				<timestamp>284.400894</timestamp>
			</report>
			<report>
				<misses>3528001</misses>
				<total>3455811</total>
				<timestamp>284.484469</timestamp>
			</report>
			<report>
				<misses>3529001</misses>
				<total>3456810</total>
				<timestamp>284.564549</timestamp>
			</report>
			<report>
				<misses>3530001</misses>
				<total>3457809</total>
				<timestamp>284.644492</timestamp>
			</report>
			<report>
				<misses>3531001</misses>
				<total>3458808</total>
				<timestamp>284.724553</timestamp>
			</report>
			<report>
				<misses>3532001</misses>
				<total>3459807</total>
				<timestamp>284.804502</timestamp>
			</report>
			<report>
				<misses>3533001</misses>
				<total>3460806</total>
				<timestamp>284.884629</timestamp>
			</report>
			<report>
				<misses>3534001</misses>
				<total>3461805</total>
				<timestamp>284.964585</timestamp>
			</report>
			<report>
				<misses>3535001</misses>
				<total>3462804</total>
				<timestamp>285.044632</timestamp>
			</report>
			<report>
				<misses>3536001</misses>
				<total>3463803</total>
				<timestamp>285.124571</timestamp>
			</report>
			<report>
				<misses>3537001</misses>
				<total>3464802</total>
				<timestamp>285.204607</timestamp>
			</report>
			<report>
				<misses>3538001</misses>
				<total>3465801</total>
				<timestamp>285.284576</timestamp>
			</report>
			<report>
				<misses>3539001</misses>
				<total>3466800</total>
				<timestamp>285.364594</timestamp>
			</report>
			<report>
				<misses>3540001</misses>
				<total>3467799</total>
				<timestamp>285.444572</timestamp>
			</report>
			<report>
				<misses>3541001</misses>
				<total>3468798</total>
				<timestamp>285.524580</timestamp>
			</report>
			<report>
				<misses>3542001</misses>
				<total>3469797</total>
				<timestamp>285.604562</timestamp>
			</report>
			<report>
				<misses>3543001</misses>
				<total>3470796</total>
				<timestamp>285.684622</timestamp>
			</report>
			<report>
				<misses>3544001</misses>
				<total>3471795</total>
				<timestamp>285.764576</timestamp>
			</report>
			<report>
				<misses>3545001</misses>
				<total>3472794</total>
				<timestamp>285.844728</timestamp>
			</report>
			<report>
				<misses>3546001</misses>
				<total>3473793</total>
				<timestamp>285.925290</timestamp>
			</report>
			<report>
				<misses>3547001</misses>
				<total>3474792</total>
				<timestamp>286.007682</timestamp>
			</report>
			<report>
				<misses>3548001</misses>
				<total>3475791</total>
				<timestamp>286.087687</timestamp>
			</report>
			<report>
				<misses>3549001</misses>
				<total>3476790</total>
				<timestamp>286.167696</timestamp>
			</report>
			<report>
				<misses>3550001</misses>
				<total>3477789</total>
				<timestamp>286.247690</timestamp>
			</report>
			<report>
				<misses>3551001</misses>
				<total>3478788</total>
				<timestamp>286.327674</timestamp>
			</report>
			<report>
				<misses>3552001</misses>
				<total>3479787</total>
				<timestamp>286.407872</timestamp>
			</report>
			<report>
				<misses>3553001</misses>
				<total>3480786</total>
				<timestamp>286.487989</timestamp>
			</report>
			<report>
				<misses>3554001</misses>
				<total>3481785</total>
				<timestamp>286.568058</timestamp>
			</report>
			<report>
				<misses>3555001</misses>
				<total>3482784</total>
				<timestamp>286.648069</timestamp>
			</report>
			<report>
				<misses>3556001</misses>
				<total>3483783</total>
				<timestamp>286.728078</timestamp>
			</report>
			<report>
				<misses>3557001</misses>
				<total>3484782</total>
				<timestamp>286.808205</timestamp>
			</report>
			<report>
				<misses>3558001</misses>
				<total>3485781</total>
				<timestamp>286.888223</timestamp>
			</report>
			<report>
				<misses>3559001</misses>
				<total>3486780</total>
				<timestamp>286.969452</timestamp>
			</report>
			<report>
				<misses>3560001</misses>
				<total>3487779</total>
				<timestamp>287.049493</timestamp>
			</report>
			<report>
				<misses>3561001</misses>
				<total>3488778</total>
				<timestamp>287.129596</timestamp>
			</report>
			<report>
				<misses>3562001</misses>
				<total>3489777</total>
				<timestamp>287.209602</timestamp>
			</report>
			<report>
				<misses>3563001</misses>
				<total>3490776</total>
				<timestamp>287.289602</timestamp>
			</report>
			<report>
				<misses>3564001</misses>
				<total>3491775</total>
				<timestamp>287.369939</timestamp>
			</report>
			<report>
				<misses>3565001</misses>
				<total>3492774</total>
				<timestamp>287.450177</timestamp>
			</report>
			<report>
				<misses>3566001</misses>
				<total>3493773</total>
				<timestamp>287.534010</timestamp>
			</report>
			<report>
				<misses>3567001</misses>
				<total>3494772</total>
				<timestamp>287.615950</timestamp>
			</report>
			<report>
				<misses>3568001</misses>
				<total>3495771</total>
				<timestamp>287.696006</timestamp>
			</report>
			<report>
				<misses>3569001</misses>
				<total>3496770</total>
				<timestamp>287.776068</timestamp>
			</report>
			<report>
				<misses>3570001</misses>
				<total>3497769</total>
				<timestamp>287.856091</timestamp>
			</report>
			<report>
				<misses>3571001</misses>
				<total>3498768</total>
				<timestamp>287.936191</timestamp>
			</report>
			<report>
				<misses>3572001</misses>
				<total>3499767</total>
				<timestamp>288.016843</timestamp>
			</report>
			<report>
				<misses>3573001</misses>
				<total>3500766</total>
				<timestamp>288.096990</timestamp>
			</report>
			<report>
				<misses>3574001</misses>
				<total>3501765</total>
				<timestamp>288.177006</timestamp>
			</report>
			<report>
				<misses>3575001</misses>
				<total>3502764</total>
				<timestamp>288.257165</timestamp>
			</report>
			<report>
				<misses>3576001</misses>
				<total>3503763</total>
				<timestamp>288.338564</timestamp>
			</report>
			<report>
				<misses>3577001</misses>
				<total>3504762</total>
				<timestamp>288.418646</timestamp>
			</report>
			<report>
				<misses>3578001</misses>
				<total>3505761</total>
				<timestamp>288.498730</timestamp>
			</report>
			<report>
				<misses>3579001</misses>
				<total>3506760</total>
				<timestamp>288.578887</timestamp>
			</report>
			<report>
				<misses>3580001</misses>
				<total>3507759</total>
				<timestamp>288.659001</timestamp>
			</report>
			<report>
				<misses>3581001</misses>
				<total>3508758</total>
				<timestamp>288.744907</timestamp>
			</report>
			<report>
				<misses>3582001</misses>
				<total>3509757</total>
				<timestamp>288.825032</timestamp>
			</report>
			<report>
				<misses>3583001</misses>
				<total>3510756</total>
				<timestamp>288.904980</timestamp>
			</report>
			<report>
				<misses>3584001</misses>
				<total>3511755</total>
				<timestamp>288.986161</timestamp>
			</report>
			<report>
				<misses>3585001</misses>
				<total>3512754</total>
				<timestamp>289.066546</timestamp>
			</report>
			<report>
				<misses>3586001</misses>
				<total>3513753</total>
				<timestamp>289.146541</timestamp>
			</report>
			<report>
				<misses>3587001</misses>
				<total>3514752</total>
				<timestamp>289.227662</timestamp>
			</report>
			<report>
				<misses>3588001</misses>
				<total>3515751</total>
				<timestamp>289.308535</timestamp>
			</report>
			<report>
				<misses>3589001</misses>
				<total>3516750</total>
				<timestamp>289.388550</timestamp>
			</report>
			<report>
				<misses>3590001</misses>
				<total>3517749</total>
				<timestamp>289.471962</timestamp>
			</report>
			<report>
				<misses>3591001</misses>
				<total>3518748</total>
				<timestamp>289.552813</timestamp>
			</report>
			<report>
				<misses>3592001</misses>
				<total>3519747</total>
				<timestamp>289.632858</timestamp>
			</report>
			<report>
				<misses>3593001</misses>
				<total>3520746</total>
				<timestamp>289.713159</timestamp>
			</report>
			<report>
				<misses>3594001</misses>
				<total>3521745</total>
				<timestamp>289.793258</timestamp>
			</report>
			<report>
				<misses>3595001</misses>
				<total>3522744</total>
				<timestamp>289.873381</timestamp>
			</report>
			<report>
				<misses>3596001</misses>
				<total>3523743</total>
				<timestamp>289.953660</timestamp>
			</report>
			<report>
				<misses>3597001</misses>
				<total>3524742</total>
				<timestamp>290.039040</timestamp>
			</report>
			<report>
				<misses>3598001</misses>
				<total>3525741</total>
				<timestamp>290.121693</timestamp>
			</report>
			<report>
				<misses>3599001</misses>
				<total>3526740</total>
				<timestamp>290.201862</timestamp>
			</report>
			<report>
				<misses>3600001</misses>
				<total>3527739</total>
				<timestamp>290.282005</timestamp>
			</report>
			<report>
				<misses>3601001</misses>
				<total>3528738</total>
				<timestamp>290.362149</timestamp>
			</report>
			<report>
				<misses>3602001</misses>
				<total>3529737</total>
				<timestamp>290.443834</timestamp>
			</report>
			<report>
				<misses>3603001</misses>
				<total>3530736</total>
				<timestamp>290.524126</timestamp>
			</report>
			<report>
				<misses>3604001</misses>
				<total>3531735</total>
				<timestamp>290.604217</timestamp>
			</report>
			<report>
				<misses>3605001</misses>
				<total>3532734</total>
				<timestamp>290.684234</timestamp>
			</report>
			<report>
				<misses>3606001</misses>
				<total>3533733</total>
				<timestamp>290.764334</timestamp>
			</report>
			<report>
				<misses>3607001</misses>
				<total>3534732</total>
				<timestamp>290.844374</timestamp>
			</report>
			<report>
				<misses>3608001</misses>
				<total>3535731</total>
				<timestamp>290.924334</timestamp>
			</report>
			<report>
				<misses>3609001</misses>
				<total>3536730</total>
				<timestamp>291.004332</timestamp>
			</report>
			<report>
				<misses>3610001</misses>
				<total>3537729</total>
				<timestamp>291.084395</timestamp>
			</report>
			<report>
				<misses>3611001</misses>
				<total>3538728</total>
				<timestamp>291.167027</timestamp>
			</report>
			<report>
				<misses>3612001</misses>
				<total>3539727</total>
				<timestamp>291.247026</timestamp>
			</report>
			<report>
				<misses>3613001</misses>
				<total>3540726</total>
				<timestamp>291.328111</timestamp>
			</report>
			<report>
				<misses>3614001</misses>
				<total>3541725</total>
				<timestamp>291.408429</timestamp>
			</report>
			<report>
				<misses>3615001</misses>
				<total>3542724</total>
				<timestamp>291.488459</timestamp>
			</report>
			<report>
				<misses>3616001</misses>
				<total>3543723</total>
				<timestamp>291.568416</timestamp>
			</report>
			<report>
				<misses>3617001</misses>
				<total>3544722</total>
				<timestamp>291.649626</timestamp>
			</report>
			<report>
				<misses>3618001</misses>
				<total>3545721</total>
				<timestamp>291.729833</timestamp>
			</report>
			<report>
				<misses>3619001</misses>
				<total>3546720</total>
				<timestamp>291.810212</timestamp>
			</report>
			<report>
				<misses>3620001</misses>
				<total>3547719</total>
				<timestamp>291.890340</timestamp>
			</report>
			<report>
				<misses>3621001</misses>
				<total>3548718</total>
				<timestamp>291.970376</timestamp>
			</report>
			<report>
				<misses>3622001</misses>
				<total>3549717</total>
				<timestamp>292.050727</timestamp>
			</report>
			<report>
				<misses>3623001</misses>
				<total>3550716</total>
				<timestamp>292.130824</timestamp>
			</report>
			<report>
				<misses>3624001</misses>
				<total>3551715</total>
				<timestamp>292.210897</timestamp>
			</report>
			<report>
				<misses>3625001</misses>
				<total>3552714</total>
				<timestamp>292.290969</timestamp>
			</report>
			<report>
				<misses>3626001</misses>
				<total>3553713</total>
				<timestamp>292.371008</timestamp>
			</report>
			<report>
				<misses>3627001</misses>
				<total>3554712</total>
				<timestamp>292.451086</timestamp>
			</report>
			<report>
				<misses>3628001</misses>
				<total>3555711</total>
				<timestamp>292.531698</timestamp>
			</report>
			<report>
				<misses>3629001</misses>
				<total>3556710</total>
				<timestamp>292.611876</timestamp>
			</report>
			<report>
				<misses>3630001</misses>
				<total>3557709</total>
				<timestamp>292.691866</timestamp>
			</report>
			<report>
				<misses>3631001</misses>
				<total>3558708</total>
				<timestamp>292.772144</timestamp>
			</report>
			<report>
				<misses>3632001</misses>
				<total>3559707</total>
				<timestamp>292.852182</timestamp>
			</report>
			<report>
				<misses>3633001</misses>
				<total>3560706</total>
				<timestamp>292.934153</timestamp>
			</report>
			<report>
				<misses>3634001</misses>
				<total>3561705</total>
				<timestamp>293.014437</timestamp>
			</report>
			<report>
				<misses>3635001</misses>
				<total>3562704</total>
				<timestamp>293.095214</timestamp>
			</report>
			<report>
				<misses>3636001</misses>
				<total>3563703</total>
				<timestamp>293.175295</timestamp>
			</report>
			<report>
				<misses>3637001</misses>
				<total>3564702</total>
				<timestamp>293.255970</timestamp>
			</report>
			<report>
				<misses>3638001</misses>
				<total>3565701</total>
				<timestamp>293.336056</timestamp>
			</report>
			<report>
				<misses>3639001</misses>
				<total>3566700</total>
				<timestamp>293.416255</timestamp>
			</report>
			<report>
				<misses>3640001</misses>
				<total>3567699</total>
				<timestamp>293.496275</timestamp>
			</report>
			<report>
				<misses>3641001</misses>
				<total>3568698</total>
				<timestamp>293.576268</timestamp>
			</report>
			<report>
				<misses>3642001</misses>
				<total>3569697</total>
				<timestamp>293.657865</timestamp>
			</report>
			<report>
				<misses>3643001</misses>
				<total>3570696</total>
				<timestamp>293.739588</timestamp>
			</report>
			<report>
				<misses>3644001</misses>
				<total>3571695</total>
				<timestamp>293.819524</timestamp>
			</report>
			<report>
				<misses>3645001</misses>
				<total>3572694</total>
				<timestamp>293.899857</timestamp>
			</report>
			<report>
				<misses>3646001</misses>
				<total>3573693</total>
				<timestamp>293.982975</timestamp>
			</report>
			<report>
				<misses>3647001</misses>
				<total>3574692</total>
				<timestamp>294.062979</timestamp>
			</report>
			<report>
				<misses>3648001</misses>
				<total>3575691</total>
				<timestamp>294.143125</timestamp>
			</report>
			<report>
				<misses>3649001</misses>
				<total>3576690</total>
				<timestamp>294.223203</timestamp>
			</report>
			<report>
				<misses>3650001</misses>
				<total>3577689</total>
				<timestamp>294.303292</timestamp>
			</report>
			<report>
				<misses>3651001</misses>
				<total>3578688</total>
				<timestamp>294.384141</timestamp>
			</report>
			<report>
				<misses>3652001</misses>
				<total>3579687</total>
				<timestamp>294.464175</timestamp>
			</report>
			<report>
				<misses>3653001</misses>
				<total>3580686</total>
				<timestamp>294.544530</timestamp>
			</report>
			<report>
				<misses>3654001</misses>
				<total>3581685</total>
				<timestamp>294.624555</timestamp>
			</report>
			<report>
				<misses>3655001</misses>
				<total>3582684</total>
				<timestamp>294.704580</timestamp>
			</report>
			<report>
				<misses>3656001</misses>
				<total>3583683</total>
				<timestamp>294.785238</timestamp>
			</report>
			<report>
				<misses>3657001</misses>
				<total>3584682</total>
				<timestamp>294.865229</timestamp>
			</report>
			<report>
				<misses>3658001</misses>
				<total>3585681</total>
				<timestamp>294.945380</timestamp>
			</report>
			<report>
				<misses>3659001</misses>
				<total>3586680</total>
				<timestamp>295.025391</timestamp>
			</report>
			<report>
				<misses>3660001</misses>
				<total>3587679</total>
				<timestamp>295.105371</timestamp>
			</report>
			<report>
				<misses>3661001</misses>
				<total>3588678</total>
				<timestamp>295.185368</timestamp>
			</report>
			<report>
				<misses>3662001</misses>
				<total>3589677</total>
				<timestamp>295.265367</timestamp>
			</report>
			<report>
				<misses>3663001</misses>
				<total>3590676</total>
				<timestamp>295.345423</timestamp>
			</report>
			<report>
				<misses>3664001</misses>
				<total>3591675</total>
				<timestamp>295.425375</timestamp>
			</report>
			<report>
				<misses>3665001</misses>
				<total>3592674</total>
				<timestamp>295.505365</timestamp>
			</report>
			<report>
				<misses>3666001</misses>
				<total>3593673</total>
				<timestamp>295.585374</timestamp>
			</report>
			<report>
				<misses>3667001</misses>
				<total>3594672</total>
				<timestamp>295.665459</timestamp>
			</report>
			<report>
				<misses>3668001</misses>
				<total>3595671</total>
				<timestamp>295.745487</timestamp>
			</report>
			<report>
				<misses>3669001</misses>
				<total>3596670</total>
				<timestamp>295.825866</timestamp>
			</report>
			<report>
				<misses>3670001</misses>
				<total>3597669</total>
				<timestamp>295.906937</timestamp>
			</report>
			<report>
				<misses>3671001</misses>
				<total>3598668</total>
				<timestamp>295.988199</timestamp>
			</report>
			<report>
				<misses>3672001</misses>
				<total>3599667</total>
				<timestamp>296.069975</timestamp>
			</report>
			<report>
				<misses>3673001</misses>
				<total>3600666</total>
				<timestamp>296.150484</timestamp>
			</report>
			<report>
				<misses>3674001</misses>
				<total>3601665</total>
				<timestamp>296.230511</timestamp>
			</report>
			<report>
				<misses>3675001</misses>
				<total>3602664</total>
				<timestamp>296.310529</timestamp>
			</report>
			<report>
				<misses>3676001</misses>
				<total>3603663</total>
				<timestamp>296.390506</timestamp>
			</report>
			<report>
				<misses>3677001</misses>
				<total>3604662</total>
				<timestamp>296.470517</timestamp>
			</report>
			<report>
				<misses>3678001</misses>
				<total>3605661</total>
				<timestamp>296.551321</timestamp>
			</report>
			<report>
				<misses>3679001</misses>
				<total>3606660</total>
				<timestamp>296.633317</timestamp>
			</report>
			<report>
				<misses>3680001</misses>
				<total>3607659</total>
				<timestamp>296.713811</timestamp>
			</report>
			<report>
				<misses>3681001</misses>
				<total>3608658</total>
				<timestamp>296.795124</timestamp>
			</report>
			<report>
				<misses>3682001</misses>
				<total>3609657</total>
				<timestamp>296.878840</timestamp>
			</report>
			<report>
				<misses>3683001</misses>
				<total>3610656</total>
				<timestamp>296.958981</timestamp>
			</report>
			<report>
				<misses>3684001</misses>
				<total>3611655</total>
				<timestamp>297.040373</timestamp>
			</report>
			<report>
				<misses>3685001</misses>
				<total>3612654</total>
				<timestamp>297.120380</timestamp>
			</report>
			<report>
				<misses>3686001</misses>
				<total>3613653</total>
				<timestamp>297.200520</timestamp>
			</report>
			<report>
				<misses>3687001</misses>
				<total>3614652</total>
				<timestamp>297.280634</timestamp>
			</report>
			<report>
				<misses>3688001</misses>
				<total>3615651</total>
				<timestamp>297.360755</timestamp>
			</report>
			<report>
				<misses>3689001</misses>
				<total>3616650</total>
				<timestamp>297.440798</timestamp>
			</report>
			<report>
				<misses>3690001</misses>
				<total>3617649</total>
				<timestamp>297.520988</timestamp>
			</report>
			<report>
				<misses>3691001</misses>
				<total>3618648</total>
				<timestamp>297.601560</timestamp>
			</report>
			<report>
				<misses>3692001</misses>
				<total>3619647</total>
				<timestamp>297.681535</timestamp>
			</report>
			<report>
				<misses>3693001</misses>
				<total>3620646</total>
				<timestamp>297.761948</timestamp>
			</report>
			<report>
				<misses>3694001</misses>
				<total>3621645</total>
				<timestamp>297.841953</timestamp>
			</report>
			<report>
				<misses>3695001</misses>
				<total>3622644</total>
				<timestamp>297.923865</timestamp>
			</report>
			<report>
				<misses>3696001</misses>
				<total>3623643</total>
				<timestamp>298.004268</timestamp>
			</report>
			<report>
				<misses>3697001</misses>
				<total>3624642</total>
				<timestamp>298.084276</timestamp>
			</report>
			<report>
				<misses>3698001</misses>
				<total>3625641</total>
				<timestamp>298.164958</timestamp>
			</report>
			<report>
				<misses>3699001</misses>
				<total>3626640</total>
				<timestamp>298.248504</timestamp>
			</report>
			<report>
				<misses>3700001</misses>
				<total>3627639</total>
				<timestamp>298.328502</timestamp>
			</report>
			<report>
				<misses>3701001</misses>
				<total>3628638</total>
				<timestamp>298.408616</timestamp>
			</report>
			<report>
				<misses>3702001</misses>
				<total>3629637</total>
				<timestamp>298.488630</timestamp>
			</report>
			<report>
				<misses>3703001</misses>
				<total>3630636</total>
				<timestamp>298.568628</timestamp>
			</report>
			<report>
				<misses>3704001</misses>
				<total>3631635</total>
				<timestamp>298.648620</timestamp>
			</report>
			<report>
				<misses>3705001</misses>
				<total>3632634</total>
				<timestamp>298.729317</timestamp>
			</report>
			<report>
				<misses>3706001</misses>
				<total>3633633</total>
				<timestamp>298.809340</timestamp>
			</report>
			<report>
				<misses>3707001</misses>
				<total>3634632</total>
				<timestamp>298.889380</timestamp>
			</report>
			<report>
				<misses>3708001</misses>
				<total>3635631</total>
				<timestamp>298.970816</timestamp>
			</report>
			<report>
				<misses>3709001</misses>
				<total>3636630</total>
				<timestamp>299.051985</timestamp>
			</report>
			<report>
				<misses>3710001</misses>
				<total>3637629</total>
				<timestamp>299.132936</timestamp>
			</report>
			<report>
				<misses>3711001</misses>
				<total>3638628</total>
				<timestamp>299.213544</timestamp>
			</report>
			<report>
				<misses>3712001</misses>
				<total>3639627</total>
				<timestamp>299.293559</timestamp>
			</report>
			<report>
				<misses>3713001</misses>
				<total>3640626</total>
				<timestamp>299.373537</timestamp>
			</report>
			<report>
				<misses>3714001</misses>
				<total>3641625</total>
				<timestamp>299.453625</timestamp>
			</report>
			<report>
				<misses>3715001</misses>
				<total>3642624</total>
				<timestamp>299.533615</timestamp>
			</report>
			<report>
				<misses>3716001</misses>
				<total>3643623</total>
				<timestamp>299.614765</timestamp>
			</report>
			<report>
				<misses>3717001</misses>
				<total>3644622</total>
				<timestamp>299.695224</timestamp>
			</report>
			<report>
				<misses>3718001</misses>
				<total>3645621</total>
				<timestamp>299.776213</timestamp>
			</report>
			<report>
				<misses>3719001</misses>
				<total>3646620</total>
				<timestamp>299.856381</timestamp>
			</report>
			<report>
				<misses>3720001</misses>
				<total>3647619</total>
				<timestamp>299.936501</timestamp>
			</report>
			<report>
				<misses>3721001</misses>
				<total>3648618</total>
				<timestamp>300.016610</timestamp>
			</report>
			<report>
				<misses>3722001</misses>
				<total>3649617</total>
				<timestamp>300.096608</timestamp>
			</report>
			<report>
				<misses>3723001</misses>
				<total>3650616</total>
				<timestamp>300.176599</timestamp>
			</report>
			<report>
				<misses>3724001</misses>
				<total>3651615</total>
				<timestamp>300.256942</timestamp>
			</report>
			<report>
				<misses>3725001</misses>
				<total>3652614</total>
				<timestamp>300.337929</timestamp>
			</report>
			<report>
				<misses>3726001</misses>
				<total>3653613</total>
				<timestamp>300.419100</timestamp>
			</report>
			<report>
				<misses>3727001</misses>
				<total>3654612</total>
				<timestamp>300.499592</timestamp>
			</report>
			<report>
				<misses>3728001</misses>
				<total>3655611</total>
				<timestamp>300.579825</timestamp>
			</report>
			<report>
				<misses>3729001</misses>
				<total>3656610</total>
				<timestamp>300.661677</timestamp>
			</report>
			<report>
				<misses>3730001</misses>
				<total>3657609</total>
				<timestamp>300.742351</timestamp>
			</report>
			<report>
				<misses>3731001</misses>
				<total>3658608</total>
				<timestamp>300.830600</timestamp>
			</report>
			<report>
				<misses>3732001</misses>
				<total>3659607</total>
				<timestamp>300.910584</timestamp>
			</report>
			<report>
				<misses>3733001</misses>
				<total>3660606</total>
				<timestamp>300.990570</timestamp>
			</report>
			<report>
				<misses>3734001</misses>
				<total>3661605</total>
				<timestamp>301.070568</timestamp>
			</report>
			<report>
				<misses>3735001</misses>
				<total>3662604</total>
				<timestamp>301.151845</timestamp>
			</report>
			<report>
				<misses>3736001</misses>
				<total>3663603</total>
				<timestamp>301.232367</timestamp>
			</report>
			<report>
				<misses>3737001</misses>
				<total>3664602</total>
				<timestamp>301.312391</timestamp>
			</report>
			<report>
				<misses>3738001</misses>
				<total>3665601</total>
				<timestamp>301.392350</timestamp>
			</report>
			<report>
				<misses>3739001</misses>
				<total>3666600</total>
				<timestamp>301.472653</timestamp>
			</report>
			<report>
				<misses>3740001</misses>
				<total>3667599</total>
				<timestamp>301.553571</timestamp>
			</report>
			<report>
				<misses>3741001</misses>
				<total>3668598</total>
				<timestamp>301.633831</timestamp>
			</report>
			<report>
				<misses>3742001</misses>
				<total>3669597</total>
				<timestamp>301.713910</timestamp>
			</report>
			<report>
				<misses>3743001</misses>
				<total>3670596</total>
				<timestamp>301.796284</timestamp>
			</report>
			<report>
				<misses>3744001</misses>
				<total>3671595</total>
				<timestamp>301.876287</timestamp>
			</report>
			<report>
				<misses>3745001</misses>
				<total>3672594</total>
				<timestamp>301.956452</timestamp>
			</report>
			<report>
				<misses>3746001</misses>
				<total>3673593</total>
				<timestamp>302.036956</timestamp>
			</report>
			<report>
				<misses>3747001</misses>
				<total>3674592</total>
				<timestamp>302.118106</timestamp>
			</report>
			<report>
				<misses>3748001</misses>
				<total>3675591</total>
				<timestamp>302.200333</timestamp>
			</report>
			<report>
				<misses>3749001</misses>
				<total>3676590</total>
				<timestamp>302.280790</timestamp>
			</report>
			<report>
				<misses>3750001</misses>
				<total>3677589</total>
				<timestamp>302.361375</timestamp>
			</report>
			<report>
				<misses>3751001</misses>
				<total>3678588</total>
				<timestamp>302.441639</timestamp>
			</report>
			<report>
				<misses>3752001</misses>
				<total>3679587</total>
				<timestamp>302.521839</timestamp>
			</report>
			<report>
				<misses>3753001</misses>
				<total>3680586</total>
				<timestamp>302.601959</timestamp>
			</report>
			<report>
				<misses>3754001</misses>
				<total>3681585</total>
				<timestamp>302.681959</timestamp>
			</report>
			<report>
				<misses>3755001</misses>
				<total>3682584</total>
				<timestamp>302.761960</timestamp>
			</report>
			<report>
				<misses>3756001</misses>
				<total>3683583</total>
				<timestamp>302.841949</timestamp>
			</report>
			<report>
				<misses>3757001</misses>
				<total>3684582</total>
				<timestamp>302.922286</timestamp>
			</report>
			<report>
				<misses>3758001</misses>
				<total>3685581</total>
				<timestamp>303.003454</timestamp>
			</report>
			<report>
				<misses>3759001</misses>
				<total>3686526</total>
				<timestamp>303.083448</timestamp>
			</report>
			<report>
				<misses>3760001</misses>
				<total>3686526</total>
				<timestamp>303.163443</timestamp>
			</report>
			<report>
				<misses>3761001</misses>
				<total>3687388</total>
				<timestamp>303.243444</timestamp>
			</report>
			<report>
				<misses>3762001</misses>
				<total>3688387</total>
				<timestamp>303.323987</timestamp>
			</report>
			<report>
				<misses>3763001</misses>
				<total>3689386</total>
				<timestamp>303.404167</timestamp>
			</report>
			<report>
				<misses>3764001</misses>
				<total>3690385</total>
				<timestamp>303.484204</timestamp>
			</report>
			<report>
				<misses>3765001</misses>
				<total>3691384</total>
				<timestamp>303.565469</timestamp>
			</report>
			<report>
				<misses>3766001</misses>
				<total>3691707</total>
				<timestamp>303.646115</timestamp>
			</report>
			<report>
				<misses>3767001</misses>
				<total>3691761</total>
				<timestamp>303.726454</timestamp>
			</report>
			<report>
				<misses>3768001</misses>
				<total>3692760</total>
				<timestamp>303.807449</timestamp>
			</report>
			<report>
				<misses>3769001</misses>
				<total>3693759</total>
				<timestamp>303.887503</timestamp>
			</report>
			<report>
				<misses>3770001</misses>
				<total>3694758</total>
				<timestamp>303.967445</timestamp>
			</report>
			<report>
				<misses>3771001</misses>
				<total>3695757</total>
				<timestamp>304.047451</timestamp>
			</report>
			<report>
				<misses>3772001</misses>
				<total>3696695</total>
				<timestamp>304.127617</timestamp>
			</report>
			<report>
				<misses>3773001</misses>
				<total>3697694</total>
				<timestamp>304.207740</timestamp>
			</report>
			<report>
				<misses>3774001</misses>
				<total>3698693</total>
				<timestamp>304.287755</timestamp>
			</report>
			<report>
				<misses>3775001</misses>
				<total>3699692</total>
				<timestamp>304.367882</timestamp>
			</report>
			<report>
				<misses>3776001</misses>
				<total>3700691</total>
				<timestamp>304.447862</timestamp>
			</report>
			<report>
				<misses>3777001</misses>
				<total>3701690</total>
				<timestamp>304.527998</timestamp>
			</report>
			<report>
				<misses>3778001</misses>
				<total>3702689</total>
				<timestamp>304.608753</timestamp>
			</report>
			<report>
				<misses>3779001</misses>
				<total>3702767</total>
				<timestamp>304.690323</timestamp>
			</report>
			<report>
				<misses>3780001</misses>
				<total>3703029</total>
				<timestamp>304.770527</timestamp>
			</report>
			<report>
				<misses>3781001</misses>
				<total>3704028</total>
				<timestamp>304.850580</timestamp>
			</report>
			<report>
				<misses>3782001</misses>
				<total>3705027</total>
				<timestamp>304.930626</timestamp>
			</report>
			<report>
				<misses>3783001</misses>
				<total>3706026</total>
				<timestamp>305.010584</timestamp>
			</report>
			<report>
				<misses>3784001</misses>
				<total>3707025</total>
				<timestamp>305.090575</timestamp>
			</report>
			<report>
				<misses>3785001</misses>
				<total>3708024</total>
				<timestamp>305.170614</timestamp>
			</report>
			<report>
				<misses>3786001</misses>
				<total>3709023</total>
				<timestamp>305.250585</timestamp>
			</report>
			<report>
				<misses>3787001</misses>
				<total>3710022</total>
				<timestamp>305.330577</timestamp>
			</report>
			<report>
				<misses>3788001</misses>
				<total>3711021</total>
				<timestamp>305.410805</timestamp>
			</report>
			<report>
				<misses>3789001</misses>
				<total>3712020</total>
				<timestamp>305.491565</timestamp>
			</report>
			<report>
				<misses>3790001</misses>
				<total>3713019</total>
				<timestamp>305.573216</timestamp>
			</report>
			<report>
				<misses>3791001</misses>
				<total>3714018</total>
				<timestamp>305.653862</timestamp>
			</report>
			<report>
				<misses>3792001</misses>
				<total>3715017</total>
				<timestamp>305.734658</timestamp>
			</report>
			<report>
				<misses>3793001</misses>
				<total>3716016</total>
				<timestamp>305.814739</timestamp>
			</report>
			<report>
				<misses>3794001</misses>
				<total>3717015</total>
				<timestamp>305.894973</timestamp>
			</report>
			<report>
				<misses>3795001</misses>
				<total>3718014</total>
				<timestamp>305.974990</timestamp>
			</report>
			<report>
				<misses>3796001</misses>
				<total>3719013</total>
				<timestamp>306.057883</timestamp>
			</report>
			<report>
				<misses>3797001</misses>
				<total>3720012</total>
				<timestamp>306.141400</timestamp>
			</report>
			<report>
				<misses>3798001</misses>
				<total>3721011</total>
				<timestamp>306.221386</timestamp>
			</report>
			<report>
				<misses>3799001</misses>
				<total>3722010</total>
				<timestamp>306.301381</timestamp>
			</report>
			<report>
				<misses>3800001</misses>
				<total>3723009</total>
				<timestamp>306.385593</timestamp>
			</report>
			<report>
				<misses>3801001</misses>
				<total>3724008</total>
				<timestamp>306.466258</timestamp>
			</report>
			<report>
				<misses>3802001</misses>
				<total>3725007</total>
				<timestamp>306.546258</timestamp>
			</report>
			<report>
				<misses>3803001</misses>
				<total>3726006</total>
				<timestamp>306.629389</timestamp>
			</report>
			<report>
				<misses>3804001</misses>
				<total>3727005</total>
				<timestamp>306.709395</timestamp>
			</report>
			<report>
				<misses>3805001</misses>
				<total>3728004</total>
				<timestamp>306.789387</timestamp>
			</report>
			<report>
				<misses>3806001</misses>
				<total>3729003</total>
				<timestamp>306.871539</timestamp>
			</report>
			<report>
				<misses>3807001</misses>
				<total>3730002</total>
				<timestamp>306.952390</timestamp>
			</report>
			<report>
				<misses>3808001</misses>
				<total>3731001</total>
				<timestamp>307.032732</timestamp>
			</report>
			<report>
				<misses>3809001</misses>
				<total>3732000</total>
				<timestamp>307.113614</timestamp>
			</report>
			<report>
				<misses>3810001</misses>
				<total>3732999</total>
				<timestamp>307.193949</timestamp>
			</report>
			<report>
				<misses>3811001</misses>
				<total>3733998</total>
				<timestamp>307.276774</timestamp>
			</report>
			<report>
				<misses>3812001</misses>
				<total>3734997</total>
				<timestamp>307.356876</timestamp>
			</report>
			<report>
				<misses>3813001</misses>
				<total>3735996</total>
				<timestamp>307.440981</timestamp>
			</report>
			<report>
				<misses>3814001</misses>
				<total>3736995</total>
				<timestamp>307.522237</timestamp>
			</report>
			<report>
				<misses>3815001</misses>
				<total>3737994</total>
				<timestamp>307.603531</timestamp>
			</report>
			<report>
				<misses>3816001</misses>
				<total>3738993</total>
				<timestamp>307.684159</timestamp>
			</report>
			<report>
				<misses>3817001</misses>
				<total>3739992</total>
				<timestamp>307.764204</timestamp>
			</report>
			<report>
				<misses>3818001</misses>
				<total>3740991</total>
				<timestamp>307.845283</timestamp>
			</report>
			<report>
				<misses>3819001</misses>
				<total>3741990</total>
				<timestamp>307.925303</timestamp>
			</report>
			<report>
				<misses>3820001</misses>
				<total>3742989</total>
				<timestamp>308.006062</timestamp>
			</report>
			<report>
				<misses>3821001</misses>
				<total>3743988</total>
				<timestamp>308.086080</timestamp>
			</report>
			<report>
				<misses>3822001</misses>
				<total>3744987</total>
				<timestamp>308.166324</timestamp>
			</report>
			<report>
				<misses>3823001</misses>
				<total>3745986</total>
				<timestamp>308.246372</timestamp>
			</report>
			<report>
				<misses>3824001</misses>
				<total>3746985</total>
				<timestamp>308.328298</timestamp>
			</report>
			<report>
				<misses>3825001</misses>
				<total>3747984</total>
				<timestamp>308.408402</timestamp>
			</report>
			<report>
				<misses>3826001</misses>
				<total>3748983</total>
				<timestamp>308.492354</timestamp>
			</report>
			<report>
				<misses>3827001</misses>
				<total>3749982</total>
				<timestamp>308.574184</timestamp>
			</report>
			<report>
				<misses>3828001</misses>
				<total>3750981</total>
				<timestamp>308.654207</timestamp>
			</report>
			<report>
				<misses>3829001</misses>
				<total>3751980</total>
				<timestamp>308.734274</timestamp>
			</report>
			<report>
				<misses>3830001</misses>
				<total>3752979</total>
				<timestamp>308.814445</timestamp>
			</report>
			<report>
				<misses>3831001</misses>
				<total>3753978</total>
				<timestamp>308.894428</timestamp>
			</report>
			<report>
				<misses>3832001</misses>
				<total>3754977</total>
				<timestamp>308.978021</timestamp>
			</report>
			<report>
				<misses>3833001</misses>
				<total>3755976</total>
				<timestamp>309.058330</timestamp>
			</report>
			<report>
				<misses>3834001</misses>
				<total>3756975</total>
				<timestamp>309.140169</timestamp>
			</report>
			<report>
				<misses>3835001</misses>
				<total>3757974</total>
				<timestamp>309.221174</timestamp>
			</report>
			<report>
				<misses>3836001</misses>
				<total>3758973</total>
				<timestamp>309.301197</timestamp>
			</report>
			<report>
				<misses>3837001</misses>
				<total>3759972</total>
				<timestamp>309.381250</timestamp>
			</report>
			<report>
				<misses>3838001</misses>
				<total>3760971</total>
				<timestamp>309.461225</timestamp>
			</report>
			<report>
				<misses>3839001</misses>
				<total>3761970</total>
				<timestamp>309.541316</timestamp>
			</report>
			<report>
				<misses>3840001</misses>
				<total>3762969</total>
				<timestamp>309.624702</timestamp>
			</report>
			<report>
				<misses>3841001</misses>
				<total>3763968</total>
				<timestamp>309.705492</timestamp>
			</report>
			<report>
				<misses>3842001</misses>
				<total>3764967</total>
				<timestamp>309.785785</timestamp>
			</report>
			<report>
				<misses>3843001</misses>
				<total>3765966</total>
				<timestamp>309.866035</timestamp>
			</report>
			<report>
				<misses>3844001</misses>
				<total>3766965</total>
				<timestamp>309.948163</timestamp>
			</report>
			<report>
				<misses>3845001</misses>
				<total>3767964</total>
				<timestamp>310.028388</timestamp>
			</report>
			<report>
				<misses>3846001</misses>
				<total>3768963</total>
				<timestamp>310.108459</timestamp>
			</report>
			<report>
				<misses>3847001</misses>
				<total>3769962</total>
				<timestamp>310.189496</timestamp>
			</report>
			<report>
				<misses>3848001</misses>
				<total>3770961</total>
				<timestamp>310.271049</timestamp>
			</report>
			<report>
				<misses>3849001</misses>
				<total>3771960</total>
				<timestamp>310.351162</timestamp>
			</report>
			<report>
				<misses>3850001</misses>
				<total>3772959</total>
				<timestamp>310.431244</timestamp>
			</report>
			<report>
				<misses>3851001</misses>
				<total>3773958</total>
				<timestamp>310.513143</timestamp>
			</report>
			<report>
				<misses>3852001</misses>
				<total>3774957</total>
				<timestamp>310.595439</timestamp>
			</report>
			<report>
				<misses>3853001</misses>
				<total>3775956</total>
				<timestamp>310.676008</timestamp>
			</report>
			<report>
				<misses>3854001</misses>
				<total>3776955</total>
				<timestamp>310.756266</timestamp>
			</report>
			<report>
				<misses>3855001</misses>
				<total>3777954</total>
				<timestamp>310.836772</timestamp>
			</report>
			<report>
				<misses>3856001</misses>
				<total>3778953</total>
				<timestamp>310.919026</timestamp>
			</report>
			<report>
				<misses>3857001</misses>
				<total>3779952</total>
				<timestamp>310.998983</timestamp>
			</report>
			<report>
				<misses>3858001</misses>
				<total>3780951</total>
				<timestamp>311.079034</timestamp>
			</report>
			<report>
				<misses>3859001</misses>
				<total>3781950</total>
				<timestamp>311.159835</timestamp>
			</report>
			<report>
				<misses>3860001</misses>
				<total>3782949</total>
				<timestamp>311.240076</timestamp>
			</report>
			<report>
				<misses>3861001</misses>
				<total>3783948</total>
				<timestamp>311.320248</timestamp>
			</report>
			<report>
				<misses>3862001</misses>
				<total>3784947</total>
				<timestamp>311.400487</timestamp>
			</report>
			<report>
				<misses>3863001</misses>
				<total>3785946</total>
				<timestamp>311.480565</timestamp>
			</report>
			<report>
				<misses>3864001</misses>
				<total>3786945</total>
				<timestamp>311.560701</timestamp>
			</report>
			<report>
				<misses>3865001</misses>
				<total>3787944</total>
				<timestamp>311.643029</timestamp>
			</report>
			<report>
				<misses>3866001</misses>
				<total>3788943</total>
				<timestamp>311.726138</timestamp>
			</report>
			<report>
				<misses>3867001</misses>
				<total>3789942</total>
				<timestamp>311.806214</timestamp>
			</report>
			<report>
				<misses>3868001</misses>
				<total>3790941</total>
				<timestamp>311.886340</timestamp>
			</report>
			<report>
				<misses>3869001</misses>
				<total>3791940</total>
				<timestamp>311.966399</timestamp>
			</report>
			<report>
				<misses>3870001</misses>
				<total>3792939</total>
				<timestamp>312.046486</timestamp>
			</report>
			<report>
				<misses>3871001</misses>
				<total>3793938</total>
				<timestamp>312.126515</timestamp>
			</report>
			<report>
				<misses>3872001</misses>
				<total>3794937</total>
				<timestamp>312.206527</timestamp>
			</report>
			<report>
				<misses>3873001</misses>
				<total>3795936</total>
				<timestamp>312.286483</timestamp>
			</report>
			<report>
				<misses>3874001</misses>
				<total>3796935</total>
				<timestamp>312.366500</timestamp>
			</report>
			<report>
				<misses>3875001</misses>
				<total>3797934</total>
				<timestamp>312.446751</timestamp>
			</report>
			<report>
				<misses>3876001</misses>
				<total>3798933</total>
				<timestamp>312.526822</timestamp>
			</report>
			<report>
				<misses>3877001</misses>
				<total>3799932</total>
				<timestamp>312.606818</timestamp>
			</report>
			<report>
				<misses>3878001</misses>
				<total>3800931</total>
				<timestamp>312.689237</timestamp>
			</report>
			<report>
				<misses>3879001</misses>
				<total>3801930</total>
				<timestamp>312.769258</timestamp>
			</report>
			<report>
				<misses>3880001</misses>
				<total>3802929</total>
				<timestamp>312.849907</timestamp>
			</report>
			<report>
				<misses>3881001</misses>
				<total>3803928</total>
				<timestamp>312.929907</timestamp>
			</report>
			<report>
				<misses>3882001</misses>
				<total>3804927</total>
				<timestamp>313.010753</timestamp>
			</report>
			<report>
				<misses>3883001</misses>
				<total>3805926</total>
				<timestamp>313.090869</timestamp>
			</report>
			<report>
				<misses>3884001</misses>
				<total>3806925</total>
				<timestamp>313.170835</timestamp>
			</report>
			<report>
				<misses>3885001</misses>
				<total>3807924</total>
				<timestamp>313.251304</timestamp>
			</report>
			<report>
				<misses>3886001</misses>
				<total>3808923</total>
				<timestamp>313.331702</timestamp>
			</report>
			<report>
				<misses>3887001</misses>
				<total>3809922</total>
				<timestamp>313.412595</timestamp>
			</report>
			<report>
				<misses>3888001</misses>
				<total>3810921</total>
				<timestamp>313.493022</timestamp>
			</report>
			<report>
				<misses>3889001</misses>
				<total>3811920</total>
				<timestamp>313.572999</timestamp>
			</report>
			<report>
				<misses>3890001</misses>
				<total>3812919</total>
				<timestamp>313.652972</timestamp>
			</report>
			<report>
				<misses>3891001</misses>
				<total>3813918</total>
				<timestamp>313.733619</timestamp>
			</report>
			<report>
				<misses>3892001</misses>
				<total>3814917</total>
				<timestamp>313.815075</timestamp>
			</report>
			<report>
				<misses>3893001</misses>
				<total>3815916</total>
				<timestamp>313.895698</timestamp>
			</report>
			<report>
				<misses>3894001</misses>
				<total>3816915</total>
				<timestamp>313.977086</timestamp>
			</report>
			<report>
				<misses>3895001</misses>
				<total>3817914</total>
				<timestamp>314.057351</timestamp>
			</report>
			<report>
				<misses>3896001</misses>
				<total>3818913</total>
				<timestamp>314.137871</timestamp>
			</report>
			<report>
				<misses>3897001</misses>
				<total>3819912</total>
				<timestamp>314.224519</timestamp>
			</report>
			<report>
				<misses>3898001</misses>
				<total>3820911</total>
				<timestamp>314.304489</timestamp>
			</report>
			<report>
				<misses>3899001</misses>
				<total>3821910</total>
				<timestamp>314.384494</timestamp>
			</report>
			<report>
				<misses>3900001</misses>
				<total>3822909</total>
				<timestamp>314.465167</timestamp>
			</report>
			<report>
				<misses>3901001</misses>
				<total>3823908</total>
				<timestamp>314.545167</timestamp>
			</report>
			<report>
				<misses>3902001</misses>
				<total>3824907</total>
				<timestamp>314.625143</timestamp>
			</report>
			<report>
				<misses>3903001</misses>
				<total>3825906</total>
				<timestamp>314.705173</timestamp>
			</report>
			<report>
				<misses>3904001</misses>
				<total>3826905</total>
				<timestamp>314.785485</timestamp>
			</report>
			<report>
				<misses>3905001</misses>
				<total>3827904</total>
				<timestamp>314.866133</timestamp>
			</report>
			<report>
				<misses>3906001</misses>
				<total>3828903</total>
				<timestamp>314.948153</timestamp>
			</report>
			<report>
				<misses>3907001</misses>
				<total>3829902</total>
				<timestamp>315.030474</timestamp>
			</report>
			<report>
				<misses>3908001</misses>
				<total>3830901</total>
				<timestamp>315.110569</timestamp>
			</report>
			<report>
				<misses>3909001</misses>
				<total>3831900</total>
				<timestamp>315.190544</timestamp>
			</report>
			<report>
				<misses>3910001</misses>
				<total>3832899</total>
				<timestamp>315.270725</timestamp>
			</report>
			<report>
				<misses>3911001</misses>
				<total>3833898</total>
				<timestamp>315.350901</timestamp>
			</report>
			<report>
				<misses>3912001</misses>
				<total>3834897</total>
				<timestamp>315.432409</timestamp>
			</report>
			<report>
				<misses>3913001</misses>
				<total>3835896</total>
				<timestamp>315.514791</timestamp>
			</report>
			<report>
				<misses>3914001</misses>
				<total>3836895</total>
				<timestamp>315.595172</timestamp>
			</report>
			<report>
				<misses>3915001</misses>
				<total>3837894</total>
				<timestamp>315.675207</timestamp>
			</report>
			<report>
				<misses>3916001</misses>
				<total>3838893</total>
				<timestamp>315.758187</timestamp>
			</report>
			<report>
				<misses>3917001</misses>
				<total>3839892</total>
				<timestamp>315.839999</timestamp>
			</report>
			<report>
				<misses>3918001</misses>
				<total>3840891</total>
				<timestamp>315.922666</timestamp>
			</report>
			<report>
				<misses>3919001</misses>
				<total>3841890</total>
				<timestamp>316.006757</timestamp>
			</report>
			<report>
				<misses>3920001</misses>
				<total>3842889</total>
				<timestamp>316.087225</timestamp>
			</report>
			<report>
				<misses>3921001</misses>
				<total>3843888</total>
				<timestamp>316.167247</timestamp>
			</report>
			<report>
				<misses>3922001</misses>
				<total>3844887</total>
				<timestamp>316.247445</timestamp>
			</report>
			<report>
				<misses>3923001</misses>
				<total>3845886</total>
				<timestamp>316.328089</timestamp>
			</report>
			<report>
				<misses>3924001</misses>
				<total>3846885</total>
				<timestamp>316.412466</timestamp>
			</report>
			<report>
				<misses>3925001</misses>
				<total>3847884</total>
				<timestamp>316.492419</timestamp>
			</report>
			<report>
				<misses>3926001</misses>
				<total>3848883</total>
				<timestamp>316.572536</timestamp>
			</report>
			<report>
				<misses>3927001</misses>
				<total>3849882</total>
				<timestamp>316.652817</timestamp>
			</report>
			<report>
				<misses>3928001</misses>
				<total>3850881</total>
				<timestamp>316.733759</timestamp>
			</report>
			<report>
				<misses>3929001</misses>
				<total>3851880</total>
				<timestamp>316.814144</timestamp>
			</report>
			<report>
				<misses>3930001</misses>
				<total>3852879</total>
				<timestamp>316.895133</timestamp>
			</report>
			<report>
				<misses>3931001</misses>
				<total>3853878</total>
				<timestamp>316.976544</timestamp>
			</report>
			<report>
				<misses>3932001</misses>
				<total>3854877</total>
				<timestamp>317.057735</timestamp>
			</report>
			<report>
				<misses>3933001</misses>
				<total>3855876</total>
				<timestamp>317.138161</timestamp>
			</report>
			<report>
				<misses>3934001</misses>
				<total>3856875</total>
				<timestamp>317.220151</timestamp>
			</report>
			<report>
				<misses>3935001</misses>
				<total>3857874</total>
				<timestamp>317.301538</timestamp>
			</report>
			<report>
				<misses>3936001</misses>
				<total>3858873</total>
				<timestamp>317.384084</timestamp>
			</report>
			<report>
				<misses>3937001</misses>
				<total>3859872</total>
				<timestamp>317.465161</timestamp>
			</report>
			<report>
				<misses>3938001</misses>
				<total>3860871</total>
				<timestamp>317.545806</timestamp>
			</report>
			<report>
				<misses>3939001</misses>
				<total>3861870</total>
				<timestamp>317.626169</timestamp>
			</report>
			<report>
				<misses>3940001</misses>
				<total>3862869</total>
				<timestamp>317.707694</timestamp>
			</report>
			<report>
				<misses>3941001</misses>
				<total>3863868</total>
				<timestamp>317.789094</timestamp>
			</report>
			<report>
				<misses>3942001</misses>
				<total>3864867</total>
				<timestamp>317.871121</timestamp>
			</report>
			<report>
				<misses>3943001</misses>
				<total>3865866</total>
				<timestamp>317.951507</timestamp>
			</report>
			<report>
				<misses>3944001</misses>
				<total>3866865</total>
				<timestamp>318.032012</timestamp>
			</report>
			<report>
				<misses>3945001</misses>
				<total>3867864</total>
				<timestamp>318.113454</timestamp>
			</report>
			<report>
				<misses>3946001</misses>
				<total>3868863</total>
				<timestamp>318.195716</timestamp>
			</report>
			<report>
				<misses>3947001</misses>
				<total>3869862</total>
				<timestamp>318.275692</timestamp>
			</report>
			<report>
				<misses>3948001</misses>
				<total>3870861</total>
				<timestamp>318.357289</timestamp>
			</report>
			<report>
				<misses>3949001</misses>
				<total>3871860</total>
				<timestamp>318.439980</timestamp>
			</report>
			<report>
				<misses>3950001</misses>
				<total>3872859</total>
				<timestamp>318.520130</timestamp>
			</report>
			<report>
				<misses>3951001</misses>
				<total>3873858</total>
				<timestamp>318.600703</timestamp>
			</report>
			<report>
				<misses>3952001</misses>
				<total>3874857</total>
				<timestamp>318.681349</timestamp>
			</report>
			<report>
				<misses>3953001</misses>
				<total>3875856</total>
				<timestamp>318.763756</timestamp>
			</report>
			<report>
				<misses>3954001</misses>
				<total>3876855</total>
				<timestamp>318.845105</timestamp>
			</report>
			<report>
				<misses>3955001</misses>
				<total>3877854</total>
				<timestamp>318.925725</timestamp>
			</report>
			<report>
				<misses>3956001</misses>
				<total>3878853</total>
				<timestamp>319.006862</timestamp>
			</report>
			<report>
				<misses>3957001</misses>
				<total>3879852</total>
				<timestamp>319.087170</timestamp>
			</report>
			<report>
				<misses>3958001</misses>
				<total>3880851</total>
				<timestamp>319.168882</timestamp>
			</report>
			<report>
				<misses>3959001</misses>
				<total>3881850</total>
				<timestamp>319.248976</timestamp>
			</report>
			<report>
				<misses>3960001</misses>
				<total>3882849</total>
				<timestamp>319.328986</timestamp>
			</report>
			<report>
				<misses>3961001</misses>
				<total>3883848</total>
				<timestamp>319.409156</timestamp>
			</report>
			<report>
				<misses>3962001</misses>
				<total>3884847</total>
				<timestamp>319.489208</timestamp>
			</report>
			<report>
				<misses>3963001</misses>
				<total>3885846</total>
				<timestamp>319.569200</timestamp>
			</report>
			<report>
				<misses>3964001</misses>
				<total>3886845</total>
				<timestamp>319.649215</timestamp>
			</report>
			<report>
				<misses>3965001</misses>
				<total>3887844</total>
				<timestamp>319.738922</timestamp>
			</report>
			<report>
				<misses>3966001</misses>
				<total>3888843</total>
				<timestamp>319.819817</timestamp>
			</report>
			<report>
				<misses>3967001</misses>
				<total>3889842</total>
				<timestamp>319.901251</timestamp>
			</report>
			<report>
				<misses>3968001</misses>
				<total>3890841</total>
				<timestamp>319.982382</timestamp>
			</report>
			<report>
				<misses>3969001</misses>
				<total>3891840</total>
				<timestamp>320.062328</timestamp>
			</report>
			<report>
				<misses>3970001</misses>
				<total>3892839</total>
				<timestamp>320.142328</timestamp>
			</report>
			<report>
				<misses>3971001</misses>
				<total>3893838</total>
				<timestamp>320.222327</timestamp>
			</report>
			<report>
				<misses>3972001</misses>
				<total>3894837</total>
				<timestamp>320.302327</timestamp>
			</report>
			<report>
				<misses>3973001</misses>
				<total>3895836</total>
				<timestamp>320.382781</timestamp>
			</report>
			<report>
				<misses>3974001</misses>
				<total>3896835</total>
				<timestamp>320.464053</timestamp>
			</report>
			<report>
				<misses>3975001</misses>
				<total>3897834</total>
				<timestamp>320.544242</timestamp>
			</report>
			<report>
				<misses>3976001</misses>
				<total>3898833</total>
				<timestamp>320.624283</timestamp>
			</report>
			<report>
				<misses>3977001</misses>
				<total>3899832</total>
				<timestamp>320.704237</timestamp>
			</report>
			<report>
				<misses>3978001</misses>
				<total>3900831</total>
				<timestamp>320.784860</timestamp>
			</report>
			<report>
				<misses>3979001</misses>
				<total>3901830</total>
				<timestamp>320.866116</timestamp>
			</report>
			<report>
				<misses>3980001</misses>
				<total>3902829</total>
				<timestamp>320.946265</timestamp>
			</report>
			<report>
				<misses>3981001</misses>
				<total>3903828</total>
				<timestamp>321.026998</timestamp>
			</report>
			<report>
				<misses>3982001</misses>
				<total>3904827</total>
				<timestamp>321.107639</timestamp>
			</report>
			<report>
				<misses>3983001</misses>
				<total>3905826</total>
				<timestamp>321.188243</timestamp>
			</report>
			<report>
				<misses>3984001</misses>
				<total>3906825</total>
				<timestamp>321.268436</timestamp>
			</report>
			<report>
				<misses>3985001</misses>
				<total>3907824</total>
				<timestamp>321.348413</timestamp>
			</report>
			<report>
				<misses>3986001</misses>
				<total>3908823</total>
				<timestamp>321.428397</timestamp>
			</report>
			<report>
				<misses>3987001</misses>
				<total>3909822</total>
				<timestamp>321.509583</timestamp>
			</report>
			<report>
				<misses>3988001</misses>
				<total>3910821</total>
				<timestamp>321.589714</timestamp>
			</report>
			<report>
				<misses>3989001</misses>
				<total>3911820</total>
				<timestamp>321.669782</timestamp>
			</report>
			<report>
				<misses>3990001</misses>
				<total>3912819</total>
				<timestamp>321.753524</timestamp>
			</report>
			<report>
				<misses>3991001</misses>
				<total>3913818</total>
				<timestamp>321.835786</timestamp>
			</report>
			<report>
				<misses>3992001</misses>
				<total>3914817</total>
				<timestamp>321.916075</timestamp>
			</report>
			<report>
				<misses>3993001</misses>
				<total>3915816</total>
				<timestamp>321.996125</timestamp>
			</report>
			<report>
				<misses>3994001</misses>
				<total>3916815</total>
				<timestamp>322.076219</timestamp>
			</report>
			<report>
				<misses>3995001</misses>
				<total>3917814</total>
				<timestamp>322.156239</timestamp>
			</report>
			<report>
				<misses>3996001</misses>
				<total>3918813</total>
				<timestamp>322.236263</timestamp>
			</report>
			<report>
				<misses>3997001</misses>
				<total>3919812</total>
				<timestamp>322.317238</timestamp>
			</report>
			<report>
				<misses>3998001</misses>
				<total>3920811</total>
				<timestamp>322.397373</timestamp>
			</report>
			<report>
				<misses>3999001</misses>
				<total>3921810</total>
				<timestamp>322.477375</timestamp>
			</report>
			<report>
				<misses>4000001</misses>
				<total>3922809</total>
				<timestamp>322.557489</timestamp>
			</report>
			<report>
				<misses>4001001</misses>
				<total>3923808</total>
				<timestamp>322.637440</timestamp>
			</report>
			<report>
				<misses>4002001</misses>
				<total>3924807</total>
				<timestamp>322.717449</timestamp>
			</report>
			<report>
				<misses>4003001</misses>
				<total>3925806</total>
				<timestamp>322.797775</timestamp>
			</report>
			<report>
				<misses>4004001</misses>
				<total>3926805</total>
				<timestamp>322.877814</timestamp>
			</report>
			<report>
				<misses>4005001</misses>
				<total>3927804</total>
				<timestamp>322.957831</timestamp>
			</report>
			<report>
				<misses>4006001</misses>
				<total>3928803</total>
				<timestamp>323.037902</timestamp>
			</report>
			<report>
				<misses>4007001</misses>
				<total>3929802</total>
				<timestamp>323.117884</timestamp>
			</report>
			<report>
				<misses>4008001</misses>
				<total>3930801</total>
				<timestamp>323.197889</timestamp>
			</report>
			<report>
				<misses>4009001</misses>
				<total>3931800</total>
				<timestamp>323.277874</timestamp>
			</report>
			<report>
				<misses>4010001</misses>
				<total>3932799</total>
				<timestamp>323.357863</timestamp>
			</report>
			<report>
				<misses>4011001</misses>
				<total>3933798</total>
				<timestamp>323.438133</timestamp>
			</report>
			<report>
				<misses>4012001</misses>
				<total>3934797</total>
				<timestamp>323.518217</timestamp>
			</report>
			<report>
				<misses>4013001</misses>
				<total>3935796</total>
				<timestamp>323.598280</timestamp>
			</report>
			<report>
				<misses>4014001</misses>
				<total>3936795</total>
				<timestamp>323.678312</timestamp>
			</report>
			<report>
				<misses>4015001</misses>
				<total>3937794</total>
				<timestamp>323.758322</timestamp>
			</report>
			<report>
				<misses>4016001</misses>
				<total>3938793</total>
				<timestamp>323.838491</timestamp>
			</report>
			<report>
				<misses>4017001</misses>
				<total>3939792</total>
				<timestamp>323.919381</timestamp>
			</report>
			<report>
				<misses>4018001</misses>
				<total>3940791</total>
				<timestamp>323.999813</timestamp>
			</report>
			<report>
				<misses>4019001</misses>
				<total>3941790</total>
				<timestamp>324.080289</timestamp>
			</report>
			<report>
				<misses>4020001</misses>
				<total>3942789</total>
				<timestamp>324.160436</timestamp>
			</report>
			<report>
				<misses>4021001</misses>
				<total>3943788</total>
				<timestamp>324.240644</timestamp>
			</report>
			<report>
				<misses>4022001</misses>
				<total>3944787</total>
				<timestamp>324.321608</timestamp>
			</report>
			<report>
				<misses>4023001</misses>
				<total>3945786</total>
				<timestamp>324.403139</timestamp>
			</report>
			<report>
				<misses>4024001</misses>
				<total>3946785</total>
				<timestamp>324.483692</timestamp>
			</report>
			<report>
				<misses>4025001</misses>
				<total>3947784</total>
				<timestamp>324.564016</timestamp>
			</report>
			<report>
				<misses>4026001</misses>
				<total>3948783</total>
				<timestamp>324.644199</timestamp>
			</report>
			<report>
				<misses>4027001</misses>
				<total>3949782</total>
				<timestamp>324.725994</timestamp>
			</report>
			<report>
				<misses>4028001</misses>
				<total>3950781</total>
				<timestamp>324.806471</timestamp>
			</report>
			<report>
				<misses>4029001</misses>
				<total>3951780</total>
				<timestamp>324.886403</timestamp>
			</report>
			<report>
				<misses>4030001</misses>
				<total>3952779</total>
				<timestamp>324.966409</timestamp>
			</report>
			<report>
				<misses>4031001</misses>
				<total>3953778</total>
				<timestamp>325.047984</timestamp>
			</report>
			<report>
				<misses>4032001</misses>
				<total>3954777</total>
				<timestamp>325.131043</timestamp>
			</report>
			<report>
				<misses>4033001</misses>
				<total>3955776</total>
				<timestamp>325.211375</timestamp>
			</report>
			<report>
				<misses>4034001</misses>
				<total>3956775</total>
				<timestamp>325.293734</timestamp>
			</report>
			<report>
				<misses>4035001</misses>
				<total>3957774</total>
				<timestamp>325.374144</timestamp>
			</report>
			<report>
				<misses>4036001</misses>
				<total>3958773</total>
				<timestamp>325.454345</timestamp>
			</report>
			<report>
				<misses>4037001</misses>
				<total>3959772</total>
				<timestamp>325.534426</timestamp>
			</report>
			<report>
				<misses>4038001</misses>
				<total>3960771</total>
				<timestamp>325.614824</timestamp>
			</report>
			<report>
				<misses>4039001</misses>
				<total>3961770</total>
				<timestamp>325.694967</timestamp>
			</report>
			<report>
				<misses>4040001</misses>
				<total>3962769</total>
				<timestamp>325.774965</timestamp>
			</report>
			<report>
				<misses>4041001</misses>
				<total>3963768</total>
				<timestamp>325.854970</timestamp>
			</report>
			<report>
				<misses>4042001</misses>
				<total>3964767</total>
				<timestamp>325.943532</timestamp>
			</report>
			<report>
				<misses>4043001</misses>
				<total>3965766</total>
				<timestamp>326.024095</timestamp>
			</report>
			<report>
				<misses>4044001</misses>
				<total>3966765</total>
				<timestamp>326.104450</timestamp>
			</report>
			<report>
				<misses>4045001</misses>
				<total>3967764</total>
				<timestamp>326.184867</timestamp>
			</report>
			<report>
				<misses>4046001</misses>
				<total>3968763</total>
				<timestamp>326.265281</timestamp>
			</report>
			<report>
				<misses>4047001</misses>
				<total>3969762</total>
				<timestamp>326.345371</timestamp>
			</report>
			<report>
				<misses>4048001</misses>
				<total>3970761</total>
				<timestamp>326.425911</timestamp>
			</report>
			<report>
				<misses>4049001</misses>
				<total>3971760</total>
				<timestamp>326.507994</timestamp>
			</report>
			<report>
				<misses>4050001</misses>
				<total>3972759</total>
				<timestamp>326.588420</timestamp>
			</report>
			<report>
				<misses>4051001</misses>
				<total>3973758</total>
				<timestamp>326.669165</timestamp>
			</report>
			<report>
				<misses>4052001</misses>
				<total>3974757</total>
				<timestamp>326.750783</timestamp>
			</report>
			<report>
				<misses>4053001</misses>
				<total>3975756</total>
				<timestamp>326.830806</timestamp>
			</report>
			<report>
				<misses>4054001</misses>
				<total>3976755</total>
				<timestamp>326.911197</timestamp>
			</report>
			<report>
				<misses>4055001</misses>
				<total>3977754</total>
				<timestamp>326.991222</timestamp>
			</report>
			<report>
				<misses>4056001</misses>
				<total>3978753</total>
				<timestamp>327.071939</timestamp>
			</report>
			<report>
				<misses>4057001</misses>
				<total>3979752</total>
				<timestamp>327.153868</timestamp>
			</report>
			<report>
				<misses>4058001</misses>
				<total>3980751</total>
				<timestamp>327.234033</timestamp>
			</report>
			<report>
				<misses>4059001</misses>
				<total>3981750</total>
				<timestamp>327.315232</timestamp>
			</report>
			<report>
				<misses>4060001</misses>
				<total>3982749</total>
				<timestamp>327.397203</timestamp>
			</report>
			<report>
				<misses>4061001</misses>
				<total>3983748</total>
				<timestamp>327.477238</timestamp>
			</report>
			<report>
				<misses>4062001</misses>
				<total>3984747</total>
				<timestamp>327.558016</timestamp>
			</report>
			<report>
				<misses>4063001</misses>
				<total>3985746</total>
				<timestamp>327.638398</timestamp>
			</report>
			<report>
				<misses>4064001</misses>
				<total>3986745</total>
				<timestamp>327.718649</timestamp>
			</report>
			<report>
				<misses>4065001</misses>
				<total>3987744</total>
				<timestamp>327.799141</timestamp>
			</report>
			<report>
				<misses>4066001</misses>
				<total>3988743</total>
				<timestamp>327.880115</timestamp>
			</report>
			<report>
				<misses>4067001</misses>
				<total>3989742</total>
				<timestamp>327.960114</timestamp>
			</report>
			<report>
				<misses>4068001</misses>
				<total>3990741</total>
				<timestamp>328.040640</timestamp>
			</report>
			<report>
				<misses>4069001</misses>
				<total>3991740</total>
				<timestamp>328.121211</timestamp>
			</report>
			<report>
				<misses>4070001</misses>
				<total>3992739</total>
				<timestamp>328.201536</timestamp>
			</report>
			<report>
				<misses>4071001</misses>
				<total>3993738</total>
				<timestamp>328.281670</timestamp>
			</report>
			<report>
				<misses>4072001</misses>
				<total>3994737</total>
				<timestamp>328.363748</timestamp>
			</report>
			<report>
				<misses>4073001</misses>
				<total>3995736</total>
				<timestamp>328.443809</timestamp>
			</report>
			<report>
				<misses>4074001</misses>
				<total>3996735</total>
				<timestamp>328.526252</timestamp>
			</report>
			<report>
				<misses>4075001</misses>
				<total>3997734</total>
				<timestamp>328.608038</timestamp>
			</report>
			<report>
				<misses>4076001</misses>
				<total>3998733</total>
				<timestamp>328.688281</timestamp>
			</report>
			<report>
				<misses>4077001</misses>
				<total>3999732</total>
				<timestamp>328.769835</timestamp>
			</report>
			<report>
				<misses>4078001</misses>
				<total>4000731</total>
				<timestamp>328.851465</timestamp>
			</report>
			<report>
				<misses>4079001</misses>
				<total>4001730</total>
				<timestamp>328.931851</timestamp>
			</report>
			<report>
				<misses>4080001</misses>
				<total>4002729</total>
				<timestamp>329.013386</timestamp>
			</report>
			<report>
				<misses>4081001</misses>
				<total>4003728</total>
				<timestamp>329.097598</timestamp>
			</report>
			<report>
				<misses>4082001</misses>
				<total>4004727</total>
				<timestamp>329.180378</timestamp>
			</report>
			<report>
				<misses>4083001</misses>
				<total>4005726</total>
				<timestamp>329.261474</timestamp>
			</report>
			<report>
				<misses>4084001</misses>
				<total>4006725</total>
				<timestamp>329.341455</timestamp>
			</report>
			<report>
				<misses>4085001</misses>
				<total>4007724</total>
				<timestamp>329.425076</timestamp>
			</report>
			<report>
				<misses>4086001</misses>
				<total>4008723</total>
				<timestamp>329.505869</timestamp>
			</report>
			<report>
				<misses>4087001</misses>
				<total>4009722</total>
				<timestamp>329.586258</timestamp>
			</report>
			<report>
				<misses>4088001</misses>
				<total>4010721</total>
				<timestamp>329.668341</timestamp>
			</report>
			<report>
				<misses>4089001</misses>
				<total>4011720</total>
				<timestamp>329.748333</timestamp>
			</report>
			<report>
				<misses>4090001</misses>
				<total>4012719</total>
				<timestamp>329.828807</timestamp>
			</report>
			<report>
				<misses>4091001</misses>
				<total>4013718</total>
				<timestamp>329.909199</timestamp>
			</report>
			<report>
				<misses>4092001</misses>
				<total>4014717</total>
				<timestamp>329.989299</timestamp>
			</report>
			<report>
				<misses>4093001</misses>
				<total>4015716</total>
				<timestamp>330.069704</timestamp>
			</report>
			<report>
				<misses>4094001</misses>
				<total>4016715</total>
				<timestamp>330.149743</timestamp>
			</report>
			<report>
				<misses>4095001</misses>
				<total>4017714</total>
				<timestamp>330.229767</timestamp>
			</report>
			<report>
				<misses>4096001</misses>
				<total>4018713</total>
				<timestamp>330.311459</timestamp>
			</report>
			<report>
				<misses>4097001</misses>
				<total>4019712</total>
				<timestamp>330.391492</timestamp>
			</report>
			<report>
				<misses>4098001</misses>
				<total>4020711</total>
				<timestamp>330.471585</timestamp>
			</report>
			<report>
				<misses>4099001</misses>
				<total>4021710</total>
				<timestamp>330.551645</timestamp>
			</report>
			<report>
				<misses>4100001</misses>
				<total>4022709</total>
				<timestamp>330.631661</timestamp>
			</report>
			<report>
				<misses>4101001</misses>
				<total>4023708</total>
				<timestamp>330.711717</timestamp>
			</report>
			<report>
				<misses>4102001</misses>
				<total>4024707</total>
				<timestamp>330.791708</timestamp>
			</report>
			<report>
				<misses>4103001</misses>
				<total>4025706</total>
				<timestamp>330.871775</timestamp>
			</report>
			<report>
				<misses>4104001</misses>
				<total>4026705</total>
				<timestamp>330.951993</timestamp>
			</report>
			<report>
				<misses>4105001</misses>
				<total>4027704</total>
				<timestamp>331.032395</timestamp>
			</report>
			<report>
				<misses>4106001</misses>
				<total>4028703</total>
				<timestamp>331.112411</timestamp>
			</report>
			<report>
				<misses>4107001</misses>
				<total>4029702</total>
				<timestamp>331.192774</timestamp>
			</report>
			<report>
				<misses>4108001</misses>
				<total>4030701</total>
				<timestamp>331.272734</timestamp>
			</report>
			<report>
				<misses>4109001</misses>
				<total>4031700</total>
				<timestamp>331.354875</timestamp>
			</report>
			<report>
				<misses>4110001</misses>
				<total>4032699</total>
				<timestamp>331.435605</timestamp>
			</report>
			<report>
				<misses>4111001</misses>
				<total>4033698</total>
				<timestamp>331.515871</timestamp>
			</report>
			<report>
				<misses>4112001</misses>
				<total>4034697</total>
				<timestamp>331.595970</timestamp>
			</report>
			<report>
				<misses>4113001</misses>
				<total>4035696</total>
				<timestamp>331.675961</timestamp>
			</report>
			<report>
				<misses>4114001</misses>
				<total>4036695</total>
				<timestamp>331.755962</timestamp>
			</report>
			<report>
				<misses>4115001</misses>
				<total>4037694</total>
				<timestamp>331.835997</timestamp>
			</report>
			<report>
				<misses>4116001</misses>
				<total>4038693</total>
				<timestamp>331.916091</timestamp>
			</report>
			<report>
				<misses>4117001</misses>
				<total>4039692</total>
				<timestamp>331.997228</timestamp>
			</report>
			<report>
				<misses>4118001</misses>
				<total>4040691</total>
				<timestamp>332.077304</timestamp>
			</report>
			<report>
				<misses>4119001</misses>
				<total>4041690</total>
				<timestamp>332.157381</timestamp>
			</report>
			<report>
				<misses>4120001</misses>
				<total>4042689</total>
				<timestamp>332.237457</timestamp>
			</report>
			<report>
				<misses>4121001</misses>
				<total>4043688</total>
				<timestamp>332.317568</timestamp>
			</report>
			<report>
				<misses>4122001</misses>
				<total>4044687</total>
				<timestamp>332.397711</timestamp>
			</report>
			<report>
				<misses>4123001</misses>
				<total>4045686</total>
				<timestamp>332.477760</timestamp>
			</report>
			<report>
				<misses>4124001</misses>
				<total>4046685</total>
				<timestamp>332.557908</timestamp>
			</report>
			<report>
				<misses>4125001</misses>
				<total>4047684</total>
				<timestamp>332.638004</timestamp>
			</report>
			<report>
				<misses>4126001</misses>
				<total>4048683</total>
				<timestamp>332.718090</timestamp>
			</report>
			<report>
				<misses>4127001</misses>
				<total>4049682</total>
				<timestamp>332.798134</timestamp>
			</report>
			<report>
				<misses>4128001</misses>
				<total>4050681</total>
				<timestamp>332.878218</timestamp>
			</report>
			<report>
				<misses>4129001</misses>
				<total>4051680</total>
				<timestamp>332.958350</timestamp>
			</report>
			<report>
				<misses>4130001</misses>
				<total>4052679</total>
				<timestamp>333.039322</timestamp>
			</report>
			<report>
				<misses>4131001</misses>
				<total>4053678</total>
				<timestamp>333.123981</timestamp>
			</report>
			<report>
				<misses>4132001</misses>
				<total>4054677</total>
				<timestamp>333.203955</timestamp>
			</report>
			<report>
				<misses>4133001</misses>
				<total>4055676</total>
				<timestamp>333.284420</timestamp>
			</report>
			<report>
				<misses>4134001</misses>
				<total>4055707</total>
				<timestamp>333.365226</timestamp>
			</report>
			<report>
				<misses>4135001</misses>
				<total>4056613</total>
				<timestamp>333.446195</timestamp>
			</report>
			<report>
				<misses>4136001</misses>
				<total>4057612</total>
				<timestamp>333.526842</timestamp>
			</report>
			<report>
				<misses>4137001</misses>
				<total>4058611</total>
				<timestamp>333.606813</timestamp>
			</report>
			<report>
				<misses>4138001</misses>
				<total>4059610</total>
				<timestamp>333.686814</timestamp>
			</report>
			<report>
				<misses>4139001</misses>
				<total>4060609</total>
				<timestamp>333.768097</timestamp>
			</report>
			<report>
				<misses>4140001</misses>
				<total>4060994</total>
				<timestamp>333.848097</timestamp>
			</report>
			<report>
				<misses>4141001</misses>
				<total>4060994</total>
				<timestamp>333.931219</timestamp>
			</report>
			<report>
				<misses>4142001</misses>
				<total>4061022</total>
				<timestamp>334.019454</timestamp>
			</report>
			<report>
				<misses>4143001</misses>
				<total>4061022</total>
				<timestamp>334.101485</timestamp>
			</report>
			<report>
				<misses>4144001</misses>
				<total>4061260</total>
				<timestamp>334.181866</timestamp>
			</report>
			<report>
				<misses>4145001</misses>
				<total>4062259</total>
				<timestamp>334.262029</timestamp>
			</report>
			<report>
				<misses>4146001</misses>
				<total>4062857</total>
				<timestamp>334.343093</timestamp>
			</report>
			<report>
				<misses>4147001</misses>
				<total>4062857</total>
				<timestamp>334.423081</timestamp>
			</report>
			<report>
				<misses>4148001</misses>
				<total>4062857</total>
				<timestamp>334.503085</timestamp>
			</report>
			<report>
				<misses>4149001</misses>
				<total>4062857</total>
				<timestamp>334.583950</timestamp>
			</report>
			<report>
				<misses>4150001</misses>
				<total>4062944</total>
				<timestamp>334.665196</timestamp>
			</report>
			<report>
				<misses>4151001</misses>
				<total>4063943</total>
				<timestamp>334.745243</timestamp>
			</report>
			<report>
				<misses>4152001</misses>
				<total>4064913</total>
				<timestamp>334.825281</timestamp>
			</report>
			<report>
				<misses>4153001</misses>
				<total>4064913</total>
				<timestamp>334.905661</timestamp>
			</report>
			<report>
				<misses>4154001</misses>
				<total>4065733</total>
				<timestamp>334.988343</timestamp>
			</report>
			<report>
				<misses>4155001</misses>
				<total>4066732</total>
				<timestamp>335.068396</timestamp>
			</report>
			<report>
				<misses>4156001</misses>
				<total>4067731</total>
				<timestamp>335.148429</timestamp>
			</report>
			<report>
				<misses>4157001</misses>
				<total>4068730</total>
				<timestamp>335.228411</timestamp>
			</report>
			<report>
				<misses>4158001</misses>
				<total>4069729</total>
				<timestamp>335.309845</timestamp>
			</report>
			<report>
				<misses>4159001</misses>
				<total>4070728</total>
				<timestamp>335.390833</timestamp>
			</report>
			<report>
				<misses>4160001</misses>
				<total>4071727</total>
				<timestamp>335.470820</timestamp>
			</report>
			<report>
				<misses>4161001</misses>
				<total>4072726</total>
				<timestamp>335.550867</timestamp>
			</report>
			<report>
				<misses>4162001</misses>
				<total>4073725</total>
				<timestamp>335.630826</timestamp>
			</report>
			<report>
				<misses>4163001</misses>
				<total>4074724</total>
				<timestamp>335.710894</timestamp>
			</report>
			<report>
				<misses>4164001</misses>
				<total>4075723</total>
				<timestamp>335.790967</timestamp>
			</report>
			<report>
				<misses>4165001</misses>
				<total>4076722</total>
				<timestamp>335.871232</timestamp>
			</report>
			<report>
				<misses>4166001</misses>
				<total>4077721</total>
				<timestamp>335.951759</timestamp>
			</report>
			<report>
				<misses>4167001</misses>
				<total>4078720</total>
				<timestamp>336.036430</timestamp>
			</report>
			<report>
				<misses>4168001</misses>
				<total>4079719</total>
				<timestamp>336.118860</timestamp>
			</report>
			<report>
				<misses>4169001</misses>
				<total>4080718</total>
				<timestamp>336.200639</timestamp>
			</report>
			<report>
				<misses>4170001</misses>
				<total>4081717</total>
				<timestamp>336.281388</timestamp>
			</report>
			<report>
				<misses>4171001</misses>
				<total>4082716</total>
				<timestamp>336.363413</timestamp>
			</report>
			<report>
				<misses>4172001</misses>
				<total>4083715</total>
				<timestamp>336.444358</timestamp>
			</report>
			<report>
				<misses>4173001</misses>
				<total>4084714</total>
				<timestamp>336.524371</timestamp>
			</report>
			<report>
				<misses>4174001</misses>
				<total>4085713</total>
				<timestamp>336.604723</timestamp>
			</report>
			<report>
				<misses>4175001</misses>
				<total>4086712</total>
				<timestamp>336.684776</timestamp>
			</report>
			<report>
				<misses>4176001</misses>
				<total>4087711</total>
				<timestamp>336.765382</timestamp>
			</report>
			<report>
				<misses>4177001</misses>
				<total>4088710</total>
				<timestamp>336.846629</timestamp>
			</report>
			<report>
				<misses>4178001</misses>
				<total>4089709</total>
				<timestamp>336.926624</timestamp>
			</report>
			<report>
				<misses>4179001</misses>
				<total>4090708</total>
				<timestamp>337.006665</timestamp>
			</report>
			<report>
				<misses>4180001</misses>
				<total>4091707</total>
				<timestamp>337.086681</timestamp>
			</report>
			<report>
				<misses>4181001</misses>
				<total>4092706</total>
				<timestamp>337.167527</timestamp>
			</report>
			<report>
				<misses>4182001</misses>
				<total>4093705</total>
				<timestamp>337.250008</timestamp>
			</report>
			<report>
				<misses>4183001</misses>
				<total>4094704</total>
				<timestamp>337.331703</timestamp>
			</report>
			<report>
				<misses>4184001</misses>
				<total>4095703</total>
				<timestamp>337.412203</timestamp>
			</report>
			<report>
				<misses>4185001</misses>
				<total>4096702</total>
				<timestamp>337.493866</timestamp>
			</report>
			<report>
				<misses>4186001</misses>
				<total>4097701</total>
				<timestamp>337.575980</timestamp>
			</report>
			<report>
				<misses>4187001</misses>
				<total>4098700</total>
				<timestamp>337.655957</timestamp>
			</report>
			<report>
				<misses>4188001</misses>
				<total>4099699</total>
				<timestamp>337.735950</timestamp>
			</report>
			<report>
				<misses>4189001</misses>
				<total>4100698</total>
				<timestamp>337.818113</timestamp>
			</report>
			<report>
				<misses>4190001</misses>
				<total>4101697</total>
				<timestamp>337.902697</timestamp>
			</report>
			<report>
				<misses>4191001</misses>
				<total>4102696</total>
				<timestamp>337.983752</timestamp>
			</report>
			<report>
				<misses>4192001</misses>
				<total>4103695</total>
				<timestamp>338.063866</timestamp>
			</report>
			<report>
				<misses>4193001</misses>
				<total>4104694</total>
				<timestamp>338.143873</timestamp>
			</report>
			<report>
				<misses>4194001</misses>
				<total>4105693</total>
				<timestamp>338.224113</timestamp>
			</report>
			<report>
				<misses>4195001</misses>
				<total>4106692</total>
				<timestamp>338.304824</timestamp>
			</report>
			<report>
				<misses>4196001</misses>
				<total>4107691</total>
				<timestamp>338.384804</timestamp>
			</report>
			<report>
				<misses>4197001</misses>
				<total>4108690</total>
				<timestamp>338.464812</timestamp>
			</report>
			<report>
				<misses>4198001</misses>
				<total>4109689</total>
				<timestamp>338.545206</timestamp>
			</report>
			<report>
				<misses>4199001</misses>
				<total>4110688</total>
				<timestamp>338.625331</timestamp>
			</report>
			<report>
				<misses>4200001</misses>
				<total>4111687</total>
				<timestamp>338.706079</timestamp>
			</report>
			<report>
				<misses>4201001</misses>
				<total>4112686</total>
				<timestamp>338.790728</timestamp>
			</report>
			<report>
				<misses>4202001</misses>
				<total>4113685</total>
				<timestamp>338.870823</timestamp>
			</report>
			<report>
				<misses>4203001</misses>
				<total>4114684</total>
				<timestamp>338.950814</timestamp>
			</report>
			<report>
				<misses>4204001</misses>
				<total>4115683</total>
				<timestamp>339.030826</timestamp>
			</report>
			<report>
				<misses>4205001</misses>
				<total>4116682</total>
				<timestamp>339.110807</timestamp>
			</report>
			<report>
				<misses>4206001</misses>
				<total>4117681</total>
				<timestamp>339.190844</timestamp>
			</report>
			<report>
				<misses>4207001</misses>
				<total>4118680</total>
				<timestamp>339.270994</timestamp>
			</report>
			<report>
				<misses>4208001</misses>
				<total>4119679</total>
				<timestamp>339.352680</timestamp>
			</report>
			<report>
				<misses>4209001</misses>
				<total>4120678</total>
				<timestamp>339.433232</timestamp>
			</report>
			<report>
				<misses>4210001</misses>
				<total>4121677</total>
				<timestamp>339.514136</timestamp>
			</report>
			<report>
				<misses>4211001</misses>
				<total>4122676</total>
				<timestamp>339.594687</timestamp>
			</report>
			<report>
				<misses>4212001</misses>
				<total>4123675</total>
				<timestamp>339.675076</timestamp>
			</report>
			<report>
				<misses>4213001</misses>
				<total>4124674</total>
				<timestamp>339.755076</timestamp>
			</report>
			<report>
				<misses>4214001</misses>
				<total>4125673</total>
				<timestamp>339.835083</timestamp>
			</report>
			<report>
				<misses>4215001</misses>
				<total>4126672</total>
				<timestamp>339.915093</timestamp>
			</report>
			<report>
				<misses>4216001</misses>
				<total>4127671</total>
				<timestamp>339.997111</timestamp>
			</report>
			<report>
				<misses>4217001</misses>
				<total>4128670</total>
				<timestamp>340.077269</timestamp>
			</report>
			<report>
				<misses>4218001</misses>
				<total>4129669</total>
				<timestamp>340.157735</timestamp>
			</report>
			<report>
				<misses>4219001</misses>
				<total>4130668</total>
				<timestamp>340.237771</timestamp>
			</report>
			<report>
				<misses>4220001</misses>
				<total>4131667</total>
				<timestamp>340.317778</timestamp>
			</report>
			<report>
				<misses>4221001</misses>
				<total>4132666</total>
				<timestamp>340.398750</timestamp>
			</report>
			<report>
				<misses>4222001</misses>
				<total>4133665</total>
				<timestamp>340.478770</timestamp>
			</report>
			<report>
				<misses>4223001</misses>
				<total>4134664</total>
				<timestamp>340.561103</timestamp>
			</report>
			<report>
				<misses>4224001</misses>
				<total>4135663</total>
				<timestamp>340.641388</timestamp>
			</report>
			<report>
				<misses>4225001</misses>
				<total>4136662</total>
				<timestamp>340.721386</timestamp>
			</report>
			<report>
				<misses>4226001</misses>
				<total>4137661</total>
				<timestamp>340.802424</timestamp>
			</report>
			<report>
				<misses>4227001</misses>
				<total>4138660</total>
				<timestamp>340.883683</timestamp>
			</report>
			<report>
				<misses>4228001</misses>
				<total>4139659</total>
				<timestamp>340.965387</timestamp>
			</report>
			<report>
				<misses>4229001</misses>
				<total>4140658</total>
				<timestamp>341.045741</timestamp>
			</report>
			<report>
				<misses>4230001</misses>
				<total>4141657</total>
				<timestamp>341.126124</timestamp>
			</report>
			<report>
				<misses>4231001</misses>
				<total>4142656</total>
				<timestamp>341.208053</timestamp>
			</report>
			<report>
				<misses>4232001</misses>
				<total>4143655</total>
				<timestamp>341.291287</timestamp>
			</report>
			<report>
				<misses>4233001</misses>
				<total>4144654</total>
				<timestamp>341.371568</timestamp>
			</report>
			<report>
				<misses>4234001</misses>
				<total>4145653</total>
				<timestamp>341.451798</timestamp>
			</report>
			<report>
				<misses>4235001</misses>
				<total>4146652</total>
				<timestamp>341.531826</timestamp>
			</report>
			<report>
				<misses>4236001</misses>
				<total>4147651</total>
				<timestamp>341.611837</timestamp>
			</report>
			<report>
				<misses>4237001</misses>
				<total>4148650</total>
				<timestamp>341.691865</timestamp>
			</report>
			<report>
				<misses>4238001</misses>
				<total>4149649</total>
				<timestamp>341.772130</timestamp>
			</report>
			<report>
				<misses>4239001</misses>
				<total>4150648</total>
				<timestamp>341.852129</timestamp>
			</report>
			<report>
				<misses>4240001</misses>
				<total>4151647</total>
				<timestamp>341.932126</timestamp>
			</report>
			<report>
				<misses>4241001</misses>
				<total>4152646</total>
				<timestamp>342.014546</timestamp>
			</report>
			<report>
				<misses>4242001</misses>
				<total>4153645</total>
				<timestamp>342.098232</timestamp>
			</report>
			<report>
				<misses>4243001</misses>
				<total>4154644</total>
				<timestamp>342.178293</timestamp>
			</report>
			<report>
				<misses>4244001</misses>
				<total>4155643</total>
				<timestamp>342.259713</timestamp>
			</report>
			<report>
				<misses>4245001</misses>
				<total>4156642</total>
				<timestamp>342.340527</timestamp>
			</report>
			<report>
				<misses>4246001</misses>
				<total>4157641</total>
				<timestamp>342.422693</timestamp>
			</report>
			<report>
				<misses>4247001</misses>
				<total>4158640</total>
				<timestamp>342.504863</timestamp>
			</report>
			<report>
				<misses>4248001</misses>
				<total>4159639</total>
				<timestamp>342.586201</timestamp>
			</report>
			<report>
				<misses>4249001</misses>
				<total>4160638</total>
				<timestamp>342.666744</timestamp>
			</report>
			<report>
				<misses>4250001</misses>
				<total>4161637</total>
				<timestamp>342.746737</timestamp>
			</report>
			<report>
				<misses>4251001</misses>
				<total>4162636</total>
				<timestamp>342.826963</timestamp>
			</report>
			<report>
				<misses>4252001</misses>
				<total>4163635</total>
				<timestamp>342.906987</timestamp>
			</report>
			<report>
				<misses>4253001</misses>
				<total>4164634</total>
				<timestamp>342.986988</timestamp>
			</report>
			<report>
				<misses>4254001</misses>
				<total>4165633</total>
				<timestamp>343.067014</timestamp>
			</report>
			<report>
				<misses>4255001</misses>
				<total>4166632</total>
				<timestamp>343.146979</timestamp>
			</report>
			<report>
				<misses>4256001</misses>
				<total>4167631</total>
				<timestamp>343.227125</timestamp>
			</report>
			<report>
				<misses>4257001</misses>
				<total>4168630</total>
				<timestamp>343.307697</timestamp>
			</report>
			<report>
				<misses>4258001</misses>
				<total>4169629</total>
				<timestamp>343.388898</timestamp>
			</report>
			<report>
				<misses>4259001</misses>
				<total>4170628</total>
				<timestamp>343.469421</timestamp>
			</report>
			<report>
				<misses>4260001</misses>
				<total>4171627</total>
				<timestamp>343.549386</timestamp>
			</report>
			<report>
				<misses>4261001</misses>
				<total>4172626</total>
				<timestamp>343.629520</timestamp>
			</report>
			<report>
				<misses>4262001</misses>
				<total>4173625</total>
				<timestamp>343.709570</timestamp>
			</report>
			<report>
				<misses>4263001</misses>
				<total>4174624</total>
				<timestamp>343.789564</timestamp>
			</report>
			<report>
				<misses>4264001</misses>
				<total>4175623</total>
				<timestamp>343.869571</timestamp>
			</report>
			<report>
				<misses>4265001</misses>
				<total>4176622</total>
				<timestamp>343.949599</timestamp>
			</report>
			<report>
				<misses>4266001</misses>
				<total>4177621</total>
				<timestamp>344.029619</timestamp>
			</report>
			<report>
				<misses>4267001</misses>
				<total>4178620</total>
				<timestamp>344.109621</timestamp>
			</report>
			<report>
				<misses>4268001</misses>
				<total>4179619</total>
				<timestamp>344.189628</timestamp>
			</report>
			<report>
				<misses>4269001</misses>
				<total>4180618</total>
				<timestamp>344.269694</timestamp>
			</report>
			<report>
				<misses>4270001</misses>
				<total>4181617</total>
				<timestamp>344.349709</timestamp>
			</report>
			<report>
				<misses>4271001</misses>
				<total>4182616</total>
				<timestamp>344.429796</timestamp>
			</report>
			<report>
				<misses>4272001</misses>
				<total>4183615</total>
				<timestamp>344.509779</timestamp>
			</report>
			<report>
				<misses>4273001</misses>
				<total>4184614</total>
				<timestamp>344.589946</timestamp>
			</report>
			<report>
				<misses>4274001</misses>
				<total>4185613</total>
				<timestamp>344.669982</timestamp>
			</report>
			<report>
				<misses>4275001</misses>
				<total>4186612</total>
				<timestamp>344.750197</timestamp>
			</report>
			<report>
				<misses>4276001</misses>
				<total>4187611</total>
				<timestamp>344.834561</timestamp>
			</report>
			<report>
				<misses>4277001</misses>
				<total>4188610</total>
				<timestamp>344.919117</timestamp>
			</report>
			<report>
				<misses>4278001</misses>
				<total>4189609</total>
				<timestamp>345.002821</timestamp>
			</report>
			<report>
				<misses>4279001</misses>
				<total>4190608</total>
				<timestamp>345.082847</timestamp>
			</report>
			<report>
				<misses>4280001</misses>
				<total>4191607</total>
				<timestamp>345.165334</timestamp>
			</report>
			<report>
				<misses>4281001</misses>
				<total>4192606</total>
				<timestamp>345.245860</timestamp>
			</report>
			<report>
				<misses>4282001</misses>
				<total>4193605</total>
				<timestamp>345.329743</timestamp>
			</report>
			<report>
				<misses>4283001</misses>
				<total>4194604</total>
				<timestamp>345.414478</timestamp>
			</report>
			<report>
				<misses>4284001</misses>
				<total>4195603</total>
				<timestamp>345.496913</timestamp>
			</report>
			<report>
				<misses>4285001</misses>
				<total>4196602</total>
				<timestamp>345.577250</timestamp>
			</report>
			<report>
				<misses>4286001</misses>
				<total>4197601</total>
				<timestamp>345.657705</timestamp>
			</report>
			<report>
				<misses>4287001</misses>
				<total>4198600</total>
				<timestamp>345.741392</timestamp>
			</report>
			<report>
				<misses>4288001</misses>
				<total>4199599</total>
				<timestamp>345.822224</timestamp>
			</report>
			<report>
				<misses>4289001</misses>
				<total>4200598</total>
				<timestamp>345.902978</timestamp>
			</report>
			<report>
				<misses>4290001</misses>
				<total>4201597</total>
				<timestamp>345.983208</timestamp>
			</report>
			<report>
				<misses>4291001</misses>
				<total>4202596</total>
				<timestamp>346.065016</timestamp>
			</report>
			<report>
				<misses>4292001</misses>
				<total>4203595</total>
				<timestamp>346.145788</timestamp>
			</report>
			<report>
				<misses>4293001</misses>
				<total>4204594</total>
				<timestamp>346.227259</timestamp>
			</report>
			<report>
				<misses>4294001</misses>
				<total>4205593</total>
				<timestamp>346.307251</timestamp>
			</report>
			<report>
				<misses>4295001</misses>
				<total>4206592</total>
				<timestamp>346.387283</timestamp>
			</report>
			<report>
				<misses>4296001</misses>
				<total>4207591</total>
				<timestamp>346.467293</timestamp>
			</report>
			<report>
				<misses>4297001</misses>
				<total>4208590</total>
				<timestamp>346.547298</timestamp>
			</report>
			<report>
				<misses>4298001</misses>
				<total>4209589</total>
				<timestamp>346.627535</timestamp>
			</report>
			<report>
				<misses>4299001</misses>
				<total>4210588</total>
				<timestamp>346.707706</timestamp>
			</report>
			<report>
				<misses>4300001</misses>
				<total>4211587</total>
				<timestamp>346.790187</timestamp>
			</report>
			<report>
				<misses>4301001</misses>
				<total>4212586</total>
				<timestamp>346.871961</timestamp>
			</report>
			<report>
				<misses>4302001</misses>
				<total>4213585</total>
				<timestamp>346.954658</timestamp>
			</report>
			<report>
				<misses>4303001</misses>
				<total>4214584</total>
				<timestamp>347.036660</timestamp>
			</report>
			<report>
				<misses>4304001</misses>
				<total>4215583</total>
				<timestamp>347.121952</timestamp>
			</report>
			<report>
				<misses>4305001</misses>
				<total>4216582</total>
				<timestamp>347.204695</timestamp>
			</report>
			<report>
				<misses>4306001</misses>
				<total>4217581</total>
				<timestamp>347.286239</timestamp>
			</report>
			<report>
				<misses>4307001</misses>
				<total>4218580</total>
				<timestamp>347.366563</timestamp>
			</report>
			<report>
				<misses>4308001</misses>
				<total>4219579</total>
				<timestamp>347.447954</timestamp>
			</report>
			<report>
				<misses>4309001</misses>
				<total>4220578</total>
				<timestamp>347.528976</timestamp>
			</report>
			<report>
				<misses>4310001</misses>
				<total>4221577</total>
				<timestamp>347.609169</timestamp>
			</report>
			<report>
				<misses>4311001</misses>
				<total>4222576</total>
				<timestamp>347.689235</timestamp>
			</report>
			<report>
				<misses>4312001</misses>
				<total>4223575</total>
				<timestamp>347.769296</timestamp>
			</report>
			<report>
				<misses>4313001</misses>
				<total>4224574</total>
				<timestamp>347.849296</timestamp>
			</report>
			<report>
				<misses>4314001</misses>
				<total>4225573</total>
				<timestamp>347.929339</timestamp>
			</report>
			<report>
				<misses>4315001</misses>
				<total>4226572</total>
				<timestamp>348.009765</timestamp>
			</report>
			<report>
				<misses>4316001</misses>
				<total>4227571</total>
				<timestamp>348.090607</timestamp>
			</report>
			<report>
				<misses>4317001</misses>
				<total>4228570</total>
				<timestamp>348.171338</timestamp>
			</report>
			<report>
				<misses>4318001</misses>
				<total>4229569</total>
				<timestamp>348.251671</timestamp>
			</report>
			<report>
				<misses>4319001</misses>
				<total>4230568</total>
				<timestamp>348.332826</timestamp>
			</report>
			<report>
				<misses>4320001</misses>
				<total>4231567</total>
				<timestamp>348.413218</timestamp>
			</report>
			<report>
				<misses>4321001</misses>
				<total>4232566</total>
				<timestamp>348.493227</timestamp>
			</report>
			<report>
				<misses>4322001</misses>
				<total>4233565</total>
				<timestamp>348.574612</timestamp>
			</report>
			<report>
				<misses>4323001</misses>
				<total>4234564</total>
				<timestamp>348.656824</timestamp>
			</report>
			<report>
				<misses>4324001</misses>
				<total>4235563</total>
				<timestamp>348.740795</timestamp>
			</report>
			<report>
				<misses>4325001</misses>
				<total>4236562</total>
				<timestamp>348.822654</timestamp>
			</report>
			<report>
				<misses>4326001</misses>
				<total>4237561</total>
				<timestamp>348.904686</timestamp>
			</report>
			<report>
				<misses>4327001</misses>
				<total>4238560</total>
				<timestamp>348.984656</timestamp>
			</report>
			<report>
				<misses>4328001</misses>
				<total>4239559</total>
				<timestamp>349.065810</timestamp>
			</report>
			<report>
				<misses>4329001</misses>
				<total>4240558</total>
				<timestamp>349.147623</timestamp>
			</report>
			<report>
				<misses>4330001</misses>
				<total>4241557</total>
				<timestamp>349.228030</timestamp>
			</report>
			<report>
				<misses>4331001</misses>
				<total>4242556</total>
				<timestamp>349.316254</timestamp>
			</report>
			<report>
				<misses>4332001</misses>
				<total>4243555</total>
				<timestamp>349.401631</timestamp>
			</report>
			<report>
				<misses>4333001</misses>
				<total>4244554</total>
				<timestamp>349.482667</timestamp>
			</report>
			<report>
				<misses>4334001</misses>
				<total>4245553</total>
				<timestamp>349.570461</timestamp>
			</report>
			<report>
				<misses>4335001</misses>
				<total>4246552</total>
				<timestamp>349.651736</timestamp>
			</report>
			<report>
				<misses>4336001</misses>
				<total>4247551</total>
				<timestamp>349.731749</timestamp>
			</report>
			<report>
				<misses>4337001</misses>
				<total>4248550</total>
				<timestamp>349.828816</timestamp>
			</report>
			<report>
				<misses>4338001</misses>
				<total>4249549</total>
				<timestamp>349.908805</timestamp>
			</report>
			<report>
				<misses>4339001</misses>
				<total>4250548</total>
				<timestamp>349.988954</timestamp>
			</report>
			<report>
				<misses>4340001</misses>
				<total>4251547</total>
				<timestamp>350.068955</timestamp>
			</report>
			<report>
				<misses>4341001</misses>
				<total>4252546</total>
				<timestamp>350.149302</timestamp>
			</report>
			<report>
				<misses>4342001</misses>
				<total>4253545</total>
				<timestamp>350.229528</timestamp>
			</report>
			<report>
				<misses>4343001</misses>
				<total>4254544</total>
				<timestamp>350.309591</timestamp>
			</report>
			<report>
				<misses>4344001</misses>
				<total>4255543</total>
				<timestamp>350.389614</timestamp>
			</report>
			<report>
				<misses>4345001</misses>
				<total>4256542</total>
				<timestamp>350.469858</timestamp>
			</report>
			<report>
				<misses>4346001</misses>
				<total>4257541</total>
				<timestamp>350.549864</timestamp>
			</report>
			<report>
				<misses>4347001</misses>
				<total>4258540</total>
				<timestamp>350.631831</timestamp>
			</report>
			<report>
				<misses>4348001</misses>
				<total>4259539</total>
				<timestamp>350.713199</timestamp>
			</report>
			<report>
				<misses>4349001</misses>
				<total>4260538</total>
				<timestamp>350.794220</timestamp>
			</report>
			<report>
				<misses>4350001</misses>
				<total>4261537</total>
				<timestamp>350.874277</timestamp>
			</report>
			<report>
				<misses>4351001</misses>
				<total>4262536</total>
				<timestamp>350.954259</timestamp>
			</report>
			<report>
				<misses>4352001</misses>
				<total>4263535</total>
				<timestamp>351.035875</timestamp>
			</report>
			<report>
				<misses>4353001</misses>
				<total>4264534</total>
				<timestamp>351.123840</timestamp>
			</report>
			<report>
				<misses>4354001</misses>
				<total>4265533</total>
				<timestamp>351.205255</timestamp>
			</report>
			<report>
				<misses>4355001</misses>
				<total>4266532</total>
				<timestamp>351.285265</timestamp>
			</report>
			<report>
				<misses>4356001</misses>
				<total>4267531</total>
				<timestamp>351.365339</timestamp>
			</report>
			<report>
				<misses>4357001</misses>
				<total>4268530</total>
				<timestamp>351.445988</timestamp>
			</report>
			<report>
				<misses>4358001</misses>
				<total>4269529</total>
				<timestamp>351.527194</timestamp>
			</report>
			<report>
				<misses>4359001</misses>
				<total>4270528</total>
				<timestamp>351.607230</timestamp>
			</report>
			<report>
				<misses>4360001</misses>
				<total>4271527</total>
				<timestamp>351.688762</timestamp>
			</report>
			<report>
				<misses>4361001</misses>
				<total>4272526</total>
				<timestamp>351.771311</timestamp>
			</report>
			<report>
				<misses>4362001</misses>
				<total>4273525</total>
				<timestamp>351.851602</timestamp>
			</report>
			<report>
				<misses>4363001</misses>
				<total>4274524</total>
				<timestamp>351.931978</timestamp>
			</report>
			<report>
				<misses>4364001</misses>
				<total>4275523</total>
				<timestamp>352.012668</timestamp>
			</report>
			<report>
				<misses>4365001</misses>
				<total>4276522</total>
				<timestamp>352.093139</timestamp>
			</report>
			<report>
				<misses>4366001</misses>
				<total>4277521</total>
				<timestamp>352.173512</timestamp>
			</report>
			<report>
				<misses>4367001</misses>
				<total>4278520</total>
				<timestamp>352.255188</timestamp>
			</report>
			<report>
				<misses>4368001</misses>
				<total>4279519</total>
				<timestamp>352.337125</timestamp>
			</report>
			<report>
				<misses>4369001</misses>
				<total>4280518</total>
				<timestamp>352.417227</timestamp>
			</report>
			<report>
				<misses>4370001</misses>
				<total>4281517</total>
				<timestamp>352.497241</timestamp>
			</report>
			<report>
				<misses>4371001</misses>
				<total>4282516</total>
				<timestamp>352.578770</timestamp>
			</report>
			<report>
				<misses>4372001</misses>
				<total>4283515</total>
				<timestamp>352.658823</timestamp>
			</report>
			<report>
				<misses>4373001</misses>
				<total>4284514</total>
				<timestamp>352.738835</timestamp>
			</report>
			<report>
				<misses>4374001</misses>
				<total>4285513</total>
				<timestamp>352.818834</timestamp>
			</report>
			<report>
				<misses>4375001</misses>
				<total>4286512</total>
				<timestamp>352.898838</timestamp>
			</report>
			<report>
				<misses>4376001</misses>
				<total>4287511</total>
				<timestamp>352.978830</timestamp>
			</report>
			<report>
				<misses>4377001</misses>
				<total>4288510</total>
				<timestamp>353.059146</timestamp>
			</report>
			<report>
				<misses>4378001</misses>
				<total>4289509</total>
				<timestamp>353.142269</timestamp>
			</report>
			<report>
				<misses>4379001</misses>
				<total>4290508</total>
				<timestamp>353.223373</timestamp>
			</report>
			<report>
				<misses>4380001</misses>
				<total>4291507</total>
				<timestamp>353.303862</timestamp>
			</report>
			<report>
				<misses>4381001</misses>
				<total>4292506</total>
				<timestamp>353.383962</timestamp>
			</report>
			<report>
				<misses>4382001</misses>
				<total>4293505</total>
				<timestamp>353.466820</timestamp>
			</report>
			<report>
				<misses>4383001</misses>
				<total>4294504</total>
				<timestamp>353.546867</timestamp>
			</report>
			<report>
				<misses>4384001</misses>
				<total>4295503</total>
				<timestamp>353.626838</timestamp>
			</report>
			<report>
				<misses>4385001</misses>
				<total>4296502</total>
				<timestamp>353.708588</timestamp>
			</report>
			<report>
				<misses>4386001</misses>
				<total>4297501</total>
				<timestamp>353.788635</timestamp>
			</report>
			<report>
				<misses>4387001</misses>
				<total>4298500</total>
				<timestamp>353.868695</timestamp>
			</report>
			<report>
				<misses>4388001</misses>
				<total>4299499</total>
				<timestamp>353.948737</timestamp>
			</report>
			<report>
				<misses>4389001</misses>
				<total>4300498</total>
				<timestamp>354.030008</timestamp>
			</report>
			<report>
				<misses>4390001</misses>
				<total>4301497</total>
				<timestamp>354.111137</timestamp>
			</report>
			<report>
				<misses>4391001</misses>
				<total>4302496</total>
				<timestamp>354.192251</timestamp>
			</report>
			<report>
				<misses>4392001</misses>
				<total>4303495</total>
				<timestamp>354.273271</timestamp>
			</report>
			<report>
				<misses>4393001</misses>
				<total>4304494</total>
				<timestamp>354.355765</timestamp>
			</report>
			<report>
				<misses>4394001</misses>
				<total>4305493</total>
				<timestamp>354.435855</timestamp>
			</report>
			<report>
				<misses>4395001</misses>
				<total>4306492</total>
				<timestamp>354.515855</timestamp>
			</report>
			<report>
				<misses>4396001</misses>
				<total>4307491</total>
				<timestamp>354.599647</timestamp>
			</report>
			<report>
				<misses>4397001</misses>
				<total>4308490</total>
				<timestamp>354.680014</timestamp>
			</report>
			<report>
				<misses>4398001</misses>
				<total>4309489</total>
				<timestamp>354.760204</timestamp>
			</report>
			<report>
				<misses>4399001</misses>
				<total>4310488</total>
				<timestamp>354.840512</timestamp>
			</report>
			<report>
				<misses>4400001</misses>
				<total>4311487</total>
				<timestamp>354.921154</timestamp>
			</report>
			<report>
				<misses>4401001</misses>
				<total>4312486</total>
				<timestamp>355.001572</timestamp>
			</report>
			<report>
				<misses>4402001</misses>
				<total>4313485</total>
				<timestamp>355.082591</timestamp>
			</report>
			<report>
				<misses>4403001</misses>
				<total>4314484</total>
				<timestamp>355.163637</timestamp>
			</report>
			<report>
				<misses>4404001</misses>
				<total>4315483</total>
				<timestamp>355.244723</timestamp>
			</report>
			<report>
				<misses>4405001</misses>
				<total>4316482</total>
				<timestamp>355.325420</timestamp>
			</report>
			<report>
				<misses>4406001</misses>
				<total>4317481</total>
				<timestamp>355.405433</timestamp>
			</report>
			<report>
				<misses>4407001</misses>
				<total>4318480</total>
				<timestamp>355.486961</timestamp>
			</report>
			<report>
				<misses>4408001</misses>
				<total>4319479</total>
				<timestamp>355.566974</timestamp>
			</report>
			<report>
				<misses>4409001</misses>
				<total>4320478</total>
				<timestamp>355.646973</timestamp>
			</report>
			<report>
				<misses>4410001</misses>
				<total>4321477</total>
				<timestamp>355.726982</timestamp>
			</report>
			<report>
				<misses>4411001</misses>
				<total>4322476</total>
				<timestamp>355.807759</timestamp>
			</report>
			<report>
				<misses>4412001</misses>
				<total>4323475</total>
				<timestamp>355.888735</timestamp>
			</report>
			<report>
				<misses>4413001</misses>
				<total>4324474</total>
				<timestamp>355.969618</timestamp>
			</report>
			<report>
				<misses>4414001</misses>
				<total>4325473</total>
				<timestamp>356.049974</timestamp>
			</report>
			<report>
				<misses>4415001</misses>
				<total>4326472</total>
				<timestamp>356.130414</timestamp>
			</report>
			<report>
				<misses>4416001</misses>
				<total>4327471</total>
				<timestamp>356.211536</timestamp>
			</report>
			<report>
				<misses>4417001</misses>
				<total>4328470</total>
				<timestamp>356.291708</timestamp>
			</report>
			<report>
				<misses>4418001</misses>
				<total>4329469</total>
				<timestamp>356.371705</timestamp>
			</report>
			<report>
				<misses>4419001</misses>
				<total>4330468</total>
				<timestamp>356.451965</timestamp>
			</report>
			<report>
				<misses>4420001</misses>
				<total>4331467</total>
				<timestamp>356.535537</timestamp>
			</report>
			<report>
				<misses>4421001</misses>
				<total>4332466</total>
				<timestamp>356.616562</timestamp>
			</report>
			<report>
				<misses>4422001</misses>
				<total>4333465</total>
				<timestamp>356.696999</timestamp>
			</report>
			<report>
				<misses>4423001</misses>
				<total>4334464</total>
				<timestamp>356.778714</timestamp>
			</report>
			<report>
				<misses>4424001</misses>
				<total>4335463</total>
				<timestamp>356.861097</timestamp>
			</report>
			<report>
				<misses>4425001</misses>
				<total>4336462</total>
				<timestamp>356.941222</timestamp>
			</report>
			<report>
				<misses>4426001</misses>
				<total>4337461</total>
				<timestamp>357.023578</timestamp>
			</report>
			<report>
				<misses>4427001</misses>
				<total>4338460</total>
				<timestamp>357.103618</timestamp>
			</report>
			<report>
				<misses>4428001</misses>
				<total>4339459</total>
				<timestamp>357.188604</timestamp>
			</report>
			<report>
				<misses>4429001</misses>
				<total>4340458</total>
				<timestamp>357.269788</timestamp>
			</report>
			<report>
				<misses>4430001</misses>
				<total>4341457</total>
				<timestamp>357.350288</timestamp>
			</report>
			<report>
				<misses>4431001</misses>
				<total>4342456</total>
				<timestamp>357.430553</timestamp>
			</report>
			<report>
				<misses>4432001</misses>
				<total>4343455</total>
				<timestamp>357.513670</timestamp>
			</report>
			<report>
				<misses>4433001</misses>
				<total>4344454</total>
				<timestamp>357.594954</timestamp>
			</report>
			<report>
				<misses>4434001</misses>
				<total>4345453</total>
				<timestamp>357.674985</timestamp>
			</report>
			<report>
				<misses>4435001</misses>
				<total>4346452</total>
				<timestamp>357.755243</timestamp>
			</report>
			<report>
				<misses>4436001</misses>
				<total>4347451</total>
				<timestamp>357.838289</timestamp>
			</report>
			<report>
				<misses>4437001</misses>
				<total>4348450</total>
				<timestamp>357.920251</timestamp>
			</report>
			<report>
				<misses>4438001</misses>
				<total>4349449</total>
				<timestamp>358.003308</timestamp>
			</report>
			<report>
				<misses>4439001</misses>
				<total>4350448</total>
				<timestamp>358.083511</timestamp>
			</report>
			<report>
				<misses>4440001</misses>
				<total>4351447</total>
				<timestamp>358.167610</timestamp>
			</report>
			<report>
				<misses>4441001</misses>
				<total>4352446</total>
				<timestamp>358.248706</timestamp>
			</report>
			<report>
				<misses>4442001</misses>
				<total>4353445</total>
				<timestamp>358.328651</timestamp>
			</report>
			<report>
				<misses>4443001</misses>
				<total>4354444</total>
				<timestamp>358.408956</timestamp>
			</report>
			<report>
				<misses>4444001</misses>
				<total>4355443</total>
				<timestamp>358.489998</timestamp>
			</report>
			<report>
				<misses>4445001</misses>
				<total>4356442</total>
				<timestamp>358.571954</timestamp>
			</report>
			<report>
				<misses>4446001</misses>
				<total>4357441</total>
				<timestamp>358.654613</timestamp>
			</report>
			<report>
				<misses>4447001</misses>
				<total>4358440</total>
				<timestamp>358.735303</timestamp>
			</report>
			<report>
				<misses>4448001</misses>
				<total>4359439</total>
				<timestamp>358.815486</timestamp>
			</report>
			<report>
				<misses>4449001</misses>
				<total>4360438</total>
				<timestamp>358.897949</timestamp>
			</report>
			<report>
				<misses>4450001</misses>
				<total>4361437</total>
				<timestamp>358.981535</timestamp>
			</report>
			<report>
				<misses>4451001</misses>
				<total>4362436</total>
				<timestamp>359.062258</timestamp>
			</report>
			<report>
				<misses>4452001</misses>
				<total>4363435</total>
				<timestamp>359.142477</timestamp>
			</report>
			<report>
				<misses>4453001</misses>
				<total>4364434</total>
				<timestamp>359.222642</timestamp>
			</report>
			<report>
				<misses>4454001</misses>
				<total>4365433</total>
				<timestamp>359.302729</timestamp>
			</report>
			<report>
				<misses>4455001</misses>
				<total>4366432</total>
				<timestamp>359.382730</timestamp>
			</report>
			<report>
				<misses>4456001</misses>
				<total>4367431</total>
				<timestamp>359.463173</timestamp>
			</report>
			<report>
				<misses>4457001</misses>
				<total>4368430</total>
				<timestamp>359.544140</timestamp>
			</report>
			<report>
				<misses>4458001</misses>
				<total>4369429</total>
				<timestamp>359.626748</timestamp>
			</report>
			<report>
				<misses>4459001</misses>
				<total>4370428</total>
				<timestamp>359.706761</timestamp>
			</report>
			<report>
				<misses>4460001</misses>
				<total>4371427</total>
				<timestamp>359.786727</timestamp>
			</report>
			<report>
				<misses>4461001</misses>
				<total>4372426</total>
				<timestamp>359.866785</timestamp>
			</report>
			<report>
				<misses>4462001</misses>
				<total>4373425</total>
				<timestamp>359.946734</timestamp>
			</report>
			<report>
				<misses>4463001</misses>
				<total>4374424</total>
				<timestamp>360.026722</timestamp>
			</report>
			<report>
				<misses>4464001</misses>
				<total>4375423</total>
				<timestamp>360.106723</timestamp>
			</report>
			<report>
				<misses>4465001</misses>
				<total>4376422</total>
				<timestamp>360.186723</timestamp>
			</report>
			<report>
				<misses>4466001</misses>
				<total>4377421</total>
				<timestamp>360.268908</timestamp>
			</report>
			<report>
				<misses>4467001</misses>
				<total>4378420</total>
				<timestamp>360.349843</timestamp>
			</report>
			<report>
				<misses>4468001</misses>
				<total>4379419</total>
				<timestamp>360.429975</timestamp>
			</report>
			<report>
				<misses>4469001</misses>
				<total>4380418</total>
				<timestamp>360.509966</timestamp>
			</report>
			<report>
				<misses>4470001</misses>
				<total>4381417</total>
				<timestamp>360.589963</timestamp>
			</report>
			<report>
				<misses>4471001</misses>
				<total>4382416</total>
				<timestamp>360.670021</timestamp>
			</report>
			<report>
				<misses>4472001</misses>
				<total>4383415</total>
				<timestamp>360.750077</timestamp>
			</report>
			<report>
				<misses>4473001</misses>
				<total>4384414</total>
				<timestamp>360.830294</timestamp>
			</report>
			<report>
				<misses>4474001</misses>
				<total>4385413</total>
				<timestamp>360.910402</timestamp>
			</report>
			<report>
				<misses>4475001</misses>
				<total>4386412</total>
				<timestamp>360.990540</timestamp>
			</report>
			<report>
				<misses>4476001</misses>
				<total>4387411</total>
				<timestamp>361.070562</timestamp>
			</report>
			<report>
				<misses>4477001</misses>
				<total>4388410</total>
				<timestamp>361.150572</timestamp>
			</report>
			<report>
				<misses>4478001</misses>
				<total>4389409</total>
				<timestamp>361.230648</timestamp>
			</report>
			<report>
				<misses>4479001</misses>
				<total>4390408</total>
				<timestamp>361.310770</timestamp>
			</report>
			<report>
				<misses>4480001</misses>
				<total>4391407</total>
				<timestamp>361.390820</timestamp>
			</report>
			<report>
				<misses>4481001</misses>
				<total>4392406</total>
				<timestamp>361.470813</timestamp>
			</report>
			<report>
				<misses>4482001</misses>
				<total>4393405</total>
				<timestamp>361.550808</timestamp>
			</report>
			<report>
				<misses>4483001</misses>
				<total>4394404</total>
				<timestamp>361.630865</timestamp>
			</report>
			<report>
				<misses>4484001</misses>
				<total>4395403</total>
				<timestamp>361.711399</timestamp>
			</report>
			<report>
				<misses>4485001</misses>
				<total>4396402</total>
				<timestamp>361.791634</timestamp>
			</report>
			<report>
				<misses>4486001</misses>
				<total>4397401</total>
				<timestamp>361.871629</timestamp>
			</report>
			<report>
				<misses>4487001</misses>
				<total>4398400</total>
				<timestamp>361.953814</timestamp>
			</report>
			<report>
				<misses>4488001</misses>
				<total>4399399</total>
				<timestamp>362.033968</timestamp>
			</report>
			<report>
				<misses>4489001</misses>
				<total>4400398</total>
				<timestamp>362.113946</timestamp>
			</report>
			<report>
				<misses>4490001</misses>
				<total>4401397</total>
				<timestamp>362.193979</timestamp>
			</report>
			<report>
				<misses>4491001</misses>
				<total>4402396</total>
				<timestamp>362.273968</timestamp>
			</report>
			<report>
				<misses>4492001</misses>
				<total>4403395</total>
				<timestamp>362.353965</timestamp>
			</report>
			<report>
				<misses>4493001</misses>
				<total>4404394</total>
				<timestamp>362.433991</timestamp>
			</report>
			<report>
				<misses>4494001</misses>
				<total>4405393</total>
				<timestamp>362.514446</timestamp>
			</report>
			<report>
				<misses>4495001</misses>
				<total>4406392</total>
				<timestamp>362.594511</timestamp>
			</report>
			<report>
				<misses>4496001</misses>
				<total>4407391</total>
				<timestamp>362.674547</timestamp>
			</report>
			<report>
				<misses>4497001</misses>
				<total>4408390</total>
				<timestamp>362.754541</timestamp>
			</report>
			<report>
				<misses>4498001</misses>
				<total>4409389</total>
				<timestamp>362.834590</timestamp>
			</report>
			<report>
				<misses>4499001</misses>
				<total>4410388</total>
				<timestamp>362.914617</timestamp>
			</report>
			<report>
				<misses>4500001</misses>
				<total>4411387</total>
				<timestamp>362.994644</timestamp>
			</report>
			<report>
				<misses>4501001</misses>
				<total>4412386</total>
				<timestamp>363.075214</timestamp>
			</report>
			<report>
				<misses>4502001</misses>
				<total>4413385</total>
				<timestamp>363.156269</timestamp>
			</report>
			<report>
				<misses>4503001</misses>
				<total>4414384</total>
				<timestamp>363.236355</timestamp>
			</report>
			<report>
				<misses>4504001</misses>
				<total>4415383</total>
				<timestamp>363.317684</timestamp>
			</report>
			<report>
				<misses>4505001</misses>
				<total>4416382</total>
				<timestamp>363.398768</timestamp>
			</report>
			<report>
				<misses>4506001</misses>
				<total>4417381</total>
				<timestamp>363.483085</timestamp>
			</report>
			<report>
				<misses>4507001</misses>
				<total>4417527</total>
				<timestamp>363.563087</timestamp>
			</report>
			<report>
				<misses>4508001</misses>
				<total>4417528</total>
				<timestamp>363.643722</timestamp>
			</report>
			<report>
				<misses>4509001</misses>
				<total>4418457</total>
				<timestamp>363.724055</timestamp>
			</report>
			<report>
				<misses>4510001</misses>
				<total>4419456</total>
				<timestamp>363.804144</timestamp>
			</report>
			<report>
				<misses>4511001</misses>
				<total>4420455</total>
				<timestamp>363.884531</timestamp>
			</report>
			<report>
				<misses>4512001</misses>
				<total>4421454</total>
				<timestamp>363.966502</timestamp>
			</report>
			<report>
				<misses>4513001</misses>
				<total>4422453</total>
				<timestamp>364.047250</timestamp>
			</report>
			<report>
				<misses>4514001</misses>
				<total>4423452</total>
				<timestamp>364.127593</timestamp>
			</report>
			<report>
				<misses>4515001</misses>
				<total>4424451</total>
				<timestamp>364.210750</timestamp>
			</report>
			<report>
				<misses>4516001</misses>
				<total>4425450</total>
				<timestamp>364.290813</timestamp>
			</report>
			<report>
				<misses>4517001</misses>
				<total>4426449</total>
				<timestamp>364.370978</timestamp>
			</report>
			<report>
				<misses>4518001</misses>
				<total>4427448</total>
				<timestamp>364.450978</timestamp>
			</report>
			<report>
				<misses>4519001</misses>
				<total>4428294</total>
				<timestamp>364.530990</timestamp>
			</report>
			<report>
				<misses>4520001</misses>
				<total>4428320</total>
				<timestamp>364.610989</timestamp>
			</report>
			<report>
				<misses>4521001</misses>
				<total>4428320</total>
				<timestamp>364.691078</timestamp>
			</report>
			<report>
				<misses>4522001</misses>
				<total>4429069</total>
				<timestamp>364.771045</timestamp>
			</report>
			<report>
				<misses>4523001</misses>
				<total>4430068</total>
				<timestamp>364.851885</timestamp>
			</report>
			<report>
				<misses>4524001</misses>
				<total>4431067</total>
				<timestamp>364.933025</timestamp>
			</report>
			<report>
				<misses>4525001</misses>
				<total>4432066</total>
				<timestamp>365.013742</timestamp>
			</report>
			<report>
				<misses>4526001</misses>
				<total>4432970</total>
				<timestamp>365.094804</timestamp>
			</report>
			<report>
				<misses>4527001</misses>
				<total>4433969</total>
				<timestamp>365.175385</timestamp>
			</report>
			<report>
				<misses>4528001</misses>
				<total>4434968</total>
				<timestamp>365.255520</timestamp>
			</report>
			<report>
				<misses>4529001</misses>
				<total>4435967</total>
				<timestamp>365.337383</timestamp>
			</report>
			<report>
				<misses>4530001</misses>
				<total>4436966</total>
				<timestamp>365.418029</timestamp>
			</report>
			<report>
				<misses>4531001</misses>
				<total>4437965</total>
				<timestamp>365.498215</timestamp>
			</report>
			<report>
				<misses>4532001</misses>
				<total>4438964</total>
				<timestamp>365.578354</timestamp>
			</report>
			<report>
				<misses>4533001</misses>
				<total>4439963</total>
				<timestamp>365.658657</timestamp>
			</report>
			<report>
				<misses>4534001</misses>
				<total>4440962</total>
				<timestamp>365.738820</timestamp>
			</report>
			<report>
				<misses>4535001</misses>
				<total>4441961</total>
				<timestamp>365.819128</timestamp>
			</report>
			<report>
				<misses>4536001</misses>
				<total>4442960</total>
				<timestamp>365.899554</timestamp>
			</report>
			<report>
				<misses>4537001</misses>
				<total>4443959</total>
				<timestamp>365.980000</timestamp>
			</report>
			<report>
				<misses>4538001</misses>
				<total>4444958</total>
				<timestamp>366.060016</timestamp>
			</report>
			<report>
				<misses>4539001</misses>
				<total>4445957</total>
				<timestamp>366.140084</timestamp>
			</report>
			<report>
				<misses>4540001</misses>
				<total>4446956</total>
				<timestamp>366.220192</timestamp>
			</report>
			<report>
				<misses>4541001</misses>
				<total>4447955</total>
				<timestamp>366.300358</timestamp>
			</report>
			<report>
				<misses>4542001</misses>
				<total>4448954</total>
				<timestamp>366.380397</timestamp>
			</report>
			<report>
				<misses>4543001</misses>
				<total>4449953</total>
				<timestamp>366.460455</timestamp>
			</report>
			<report>
				<misses>4544001</misses>
				<total>4450952</total>
				<timestamp>366.540478</timestamp>
			</report>
			<report>
				<misses>4545001</misses>
				<total>4451951</total>
				<timestamp>366.621629</timestamp>
			</report>
			<report>
				<misses>4546001</misses>
				<total>4452950</total>
				<timestamp>366.701658</timestamp>
			</report>
			<report>
				<misses>4547001</misses>
				<total>4453949</total>
				<timestamp>366.781603</timestamp>
			</report>
			<report>
				<misses>4548001</misses>
				<total>4454948</total>
				<timestamp>366.861705</timestamp>
			</report>
			<report>
				<misses>4549001</misses>
				<total>4455947</total>
				<timestamp>366.941694</timestamp>
			</report>
			<report>
				<misses>4550001</misses>
				<total>4456946</total>
				<timestamp>367.021741</timestamp>
			</report>
			<report>
				<misses>4551001</misses>
				<total>4457945</total>
				<timestamp>367.101706</timestamp>
			</report>
			<report>
				<misses>4552001</misses>
				<total>4458944</total>
				<timestamp>367.181872</timestamp>
			</report>
			<report>
				<misses>4553001</misses>
				<total>4459943</total>
				<timestamp>367.261874</timestamp>
			</report>
			<report>
				<misses>4554001</misses>
				<total>4460942</total>
				<timestamp>367.341848</timestamp>
			</report>
			<report>
				<misses>4555001</misses>
				<total>4461941</total>
				<timestamp>367.421862</timestamp>
			</report>
			<report>
				<misses>4556001</misses>
				<total>4462940</total>
				<timestamp>367.501873</timestamp>
			</report>
			<report>
				<misses>4557001</misses>
				<total>4463939</total>
				<timestamp>367.581847</timestamp>
			</report>
			<report>
				<misses>4558001</misses>
				<total>4464938</total>
				<timestamp>367.661869</timestamp>
			</report>
			<report>
				<misses>4559001</misses>
				<total>4465937</total>
				<timestamp>367.741859</timestamp>
			</report>
			<report>
				<misses>4560001</misses>
				<total>4466936</total>
				<timestamp>367.821866</timestamp>
			</report>
			<report>
				<misses>4561001</misses>
				<total>4467935</total>
				<timestamp>367.901869</timestamp>
			</report>
			<report>
				<misses>4562001</misses>
				<total>4468934</total>
				<timestamp>367.982031</timestamp>
			</report>
			<report>
				<misses>4563001</misses>
				<total>4469933</total>
				<timestamp>368.062027</timestamp>
			</report>
			<report>
				<misses>4564001</misses>
				<total>4470932</total>
				<timestamp>368.142063</timestamp>
			</report>
			<report>
				<misses>4565001</misses>
				<total>4471931</total>
				<timestamp>368.222197</timestamp>
			</report>
			<report>
				<misses>4566001</misses>
				<total>4472930</total>
				<timestamp>368.302339</timestamp>
			</report>
			<report>
				<misses>4567001</misses>
				<total>4473929</total>
				<timestamp>368.382405</timestamp>
			</report>
			<report>
				<misses>4568001</misses>
				<total>4474928</total>
				<timestamp>368.462471</timestamp>
			</report>
			<report>
				<misses>4569001</misses>
				<total>4475927</total>
				<timestamp>368.542488</timestamp>
			</report>
			<report>
				<misses>4570001</misses>
				<total>4476926</total>
				<timestamp>368.627864</timestamp>
			</report>
			<report>
				<misses>4571001</misses>
				<total>4477925</total>
				<timestamp>368.708553</timestamp>
			</report>
			<report>
				<misses>4572001</misses>
				<total>4478924</total>
				<timestamp>368.789510</timestamp>
			</report>
			<report>
				<misses>4573001</misses>
				<total>4479923</total>
				<timestamp>368.869491</timestamp>
			</report>
			<report>
				<misses>4574001</misses>
				<total>4480922</total>
				<timestamp>368.950166</timestamp>
			</report>
			<report>
				<misses>4575001</misses>
				<total>4481921</total>
				<timestamp>369.030865</timestamp>
			</report>
			<report>
				<misses>4576001</misses>
				<total>4482920</total>
				<timestamp>369.111729</timestamp>
			</report>
			<report>
				<misses>4577001</misses>
				<total>4483919</total>
				<timestamp>369.191963</timestamp>
			</report>
			<report>
				<misses>4578001</misses>
				<total>4484918</total>
				<timestamp>369.271927</timestamp>
			</report>
			<report>
				<misses>4579001</misses>
				<total>4485917</total>
				<timestamp>369.355112</timestamp>
			</report>
			<report>
				<misses>4580001</misses>
				<total>4486916</total>
				<timestamp>369.436328</timestamp>
			</report>
			<report>
				<misses>4581001</misses>
				<total>4487915</total>
				<timestamp>369.516347</timestamp>
			</report>
			<report>
				<misses>4582001</misses>
				<total>4488914</total>
				<timestamp>369.598665</timestamp>
			</report>
			<report>
				<misses>4583001</misses>
				<total>4489913</total>
				<timestamp>369.680788</timestamp>
			</report>
			<report>
				<misses>4584001</misses>
				<total>4490912</total>
				<timestamp>369.766370</timestamp>
			</report>
			<report>
				<misses>4585001</misses>
				<total>4491911</total>
				<timestamp>369.846390</timestamp>
			</report>
			<report>
				<misses>4586001</misses>
				<total>4492910</total>
				<timestamp>369.926483</timestamp>
			</report>
			<report>
				<misses>4587001</misses>
				<total>4493909</total>
				<timestamp>370.006526</timestamp>
			</report>
			<report>
				<misses>4588001</misses>
				<total>4494908</total>
				<timestamp>370.086570</timestamp>
			</report>
			<report>
				<misses>4589001</misses>
				<total>4495907</total>
				<timestamp>370.166648</timestamp>
			</report>
			<report>
				<misses>4590001</misses>
				<total>4496906</total>
				<timestamp>370.246762</timestamp>
			</report>
			<report>
				<misses>4591001</misses>
				<total>4497905</total>
				<timestamp>370.326882</timestamp>
			</report>
			<report>
				<misses>4592001</misses>
				<total>4498904</total>
				<timestamp>370.407398</timestamp>
			</report>
			<report>
				<misses>4593001</misses>
				<total>4499903</total>
				<timestamp>370.487470</timestamp>
			</report>
			<report>
				<misses>4594001</misses>
				<total>4500902</total>
				<timestamp>370.571129</timestamp>
			</report>
			<report>
				<misses>4595001</misses>
				<total>4501901</total>
				<timestamp>370.651201</timestamp>
			</report>
			<report>
				<misses>4596001</misses>
				<total>4502900</total>
				<timestamp>370.731309</timestamp>
			</report>
			<report>
				<misses>4597001</misses>
				<total>4503899</total>
				<timestamp>370.811498</timestamp>
			</report>
			<report>
				<misses>4598001</misses>
				<total>4504898</total>
				<timestamp>370.891517</timestamp>
			</report>
			<report>
				<misses>4599001</misses>
				<total>4505897</total>
				<timestamp>370.971571</timestamp>
			</report>
			<report>
				<misses>4600001</misses>
				<total>4506896</total>
				<timestamp>371.051555</timestamp>
			</report>
			<report>
				<misses>4601001</misses>
				<total>4507895</total>
				<timestamp>371.131527</timestamp>
			</report>
			<report>
				<misses>4602001</misses>
				<total>4508894</total>
				<timestamp>371.211538</timestamp>
			</report>
			<report>
				<misses>4603001</misses>
				<total>4509893</total>
				<timestamp>371.291659</timestamp>
			</report>
			<report>
				<misses>4604001</misses>
				<total>4510892</total>
				<timestamp>371.371682</timestamp>
			</report>
			<report>
				<misses>4605001</misses>
				<total>4511891</total>
				<timestamp>371.452588</timestamp>
			</report>
			<report>
				<misses>4606001</misses>
				<total>4512890</total>
				<timestamp>371.532739</timestamp>
			</report>
			<report>
				<misses>4607001</misses>
				<total>4513889</total>
				<timestamp>371.614335</timestamp>
			</report>
			<report>
				<misses>4608001</misses>
				<total>4514888</total>
				<timestamp>371.694894</timestamp>
			</report>
			<report>
				<misses>4609001</misses>
				<total>4515887</total>
				<timestamp>371.774952</timestamp>
			</report>
			<report>
				<misses>4610001</misses>
				<total>4516886</total>
				<timestamp>371.854953</timestamp>
			</report>
			<report>
				<misses>4611001</misses>
				<total>4517885</total>
				<timestamp>371.935026</timestamp>
			</report>
			<report>
				<misses>4612001</misses>
				<total>4518884</total>
				<timestamp>372.014999</timestamp>
			</report>
			<report>
				<misses>4613001</misses>
				<total>4519883</total>
				<timestamp>372.099306</timestamp>
			</report>
			<report>
				<misses>4614001</misses>
				<total>4520882</total>
				<timestamp>372.179365</timestamp>
			</report>
			<report>
				<misses>4615001</misses>
				<total>4521881</total>
				<timestamp>372.259735</timestamp>
			</report>
			<report>
				<misses>4616001</misses>
				<total>4522880</total>
				<timestamp>372.339686</timestamp>
			</report>
			<report>
				<misses>4617001</misses>
				<total>4523879</total>
				<timestamp>372.420308</timestamp>
			</report>
			<report>
				<misses>4618001</misses>
				<total>4524878</total>
				<timestamp>372.500504</timestamp>
			</report>
			<report>
				<misses>4619001</misses>
				<total>4525877</total>
				<timestamp>372.580631</timestamp>
			</report>
			<report>
				<misses>4620001</misses>
				<total>4526876</total>
				<timestamp>372.660577</timestamp>
			</report>
			<report>
				<misses>4621001</misses>
				<total>4527875</total>
				<timestamp>372.740606</timestamp>
			</report>
			<report>
				<misses>4622001</misses>
				<total>4528874</total>
				<timestamp>372.820672</timestamp>
			</report>
			<report>
				<misses>4623001</misses>
				<total>4529873</total>
				<timestamp>372.900731</timestamp>
			</report>
			<report>
				<misses>4624001</misses>
				<total>4530872</total>
				<timestamp>372.980754</timestamp>
			</report>
			<report>
				<misses>4625001</misses>
				<total>4531871</total>
				<timestamp>373.060976</timestamp>
			</report>
			<report>
				<misses>4626001</misses>
				<total>4532870</total>
				<timestamp>373.140971</timestamp>
			</report>
			<report>
				<misses>4627001</misses>
				<total>4533869</total>
				<timestamp>373.222484</timestamp>
			</report>
			<report>
				<misses>4628001</misses>
				<total>4534868</total>
				<timestamp>373.304806</timestamp>
			</report>
			<report>
				<misses>4629001</misses>
				<total>4535867</total>
				<timestamp>373.384850</timestamp>
			</report>
			<report>
				<misses>4630001</misses>
				<total>4536866</total>
				<timestamp>373.464828</timestamp>
			</report>
			<report>
				<misses>4631001</misses>
				<total>4537865</total>
				<timestamp>373.544796</timestamp>
			</report>
			<report>
				<misses>4632001</misses>
				<total>4538864</total>
				<timestamp>373.624800</timestamp>
			</report>
			<report>
				<misses>4633001</misses>
				<total>4539863</total>
				<timestamp>373.713436</timestamp>
			</report>
			<report>
				<misses>4634001</misses>
				<total>4540862</total>
				<timestamp>373.793492</timestamp>
			</report>
			<report>
				<misses>4635001</misses>
				<total>4541861</total>
				<timestamp>373.874994</timestamp>
			</report>
			<report>
				<misses>4636001</misses>
				<total>4542860</total>
				<timestamp>373.956074</timestamp>
			</report>
			<report>
				<misses>4637001</misses>
				<total>4543859</total>
				<timestamp>374.036074</timestamp>
			</report>
			<report>
				<misses>4638001</misses>
				<total>4544858</total>
				<timestamp>374.117695</timestamp>
			</report>
			<report>
				<misses>4639001</misses>
				<total>4545857</total>
				<timestamp>374.197782</timestamp>
			</report>
			<report>
				<misses>4640001</misses>
				<total>4546856</total>
				<timestamp>374.277777</timestamp>
			</report>
			<report>
				<misses>4641001</misses>
				<total>4547855</total>
				<timestamp>374.357773</timestamp>
			</report>
			<report>
				<misses>4642001</misses>
				<total>4548854</total>
				<timestamp>374.437766</timestamp>
			</report>
			<report>
				<misses>4643001</misses>
				<total>4549853</total>
				<timestamp>374.517773</timestamp>
			</report>
			<report>
				<misses>4644001</misses>
				<total>4550852</total>
				<timestamp>374.597901</timestamp>
			</report>
			<report>
				<misses>4645001</misses>
				<total>4551851</total>
				<timestamp>374.677847</timestamp>
			</report>
			<report>
				<misses>4646001</misses>
				<total>4552850</total>
				<timestamp>374.765330</timestamp>
			</report>
			<report>
				<misses>4647001</misses>
				<total>4553849</total>
				<timestamp>374.856954</timestamp>
			</report>
			<report>
				<misses>4648001</misses>
				<total>4554848</total>
				<timestamp>374.937005</timestamp>
			</report>
			<report>
				<misses>4649001</misses>
				<total>4555847</total>
				<timestamp>375.016992</timestamp>
			</report>
			<report>
				<misses>4650001</misses>
				<total>4556846</total>
				<timestamp>375.097393</timestamp>
			</report>
			<report>
				<misses>4651001</misses>
				<total>4557845</total>
				<timestamp>375.177861</timestamp>
			</report>
			<report>
				<misses>4652001</misses>
				<total>4558844</total>
				<timestamp>375.257855</timestamp>
			</report>
			<report>
				<misses>4653001</misses>
				<total>4559843</total>
				<timestamp>375.337855</timestamp>
			</report>
			<report>
				<misses>4654001</misses>
				<total>4560842</total>
				<timestamp>375.418113</timestamp>
			</report>
			<report>
				<misses>4655001</misses>
				<total>4561841</total>
				<timestamp>375.498945</timestamp>
			</report>
			<report>
				<misses>4656001</misses>
				<total>4562840</total>
				<timestamp>375.579629</timestamp>
			</report>
			<report>
				<misses>4657001</misses>
				<total>4563839</total>
				<timestamp>375.659605</timestamp>
			</report>
			<report>
				<misses>4658001</misses>
				<total>4564838</total>
				<timestamp>375.739778</timestamp>
			</report>
			<report>
				<misses>4659001</misses>
				<total>4565837</total>
				<timestamp>375.819782</timestamp>
			</report>
			<report>
				<misses>4660001</misses>
				<total>4566836</total>
				<timestamp>375.899778</timestamp>
			</report>
			<report>
				<misses>4661001</misses>
				<total>4567835</total>
				<timestamp>375.979769</timestamp>
			</report>
			<report>
				<misses>4662001</misses>
				<total>4568834</total>
				<timestamp>376.059793</timestamp>
			</report>
			<report>
				<misses>4663001</misses>
				<total>4569833</total>
				<timestamp>376.139771</timestamp>
			</report>
			<report>
				<misses>4664001</misses>
				<total>4570832</total>
				<timestamp>376.221061</timestamp>
			</report>
			<report>
				<misses>4665001</misses>
				<total>4571831</total>
				<timestamp>376.302085</timestamp>
			</report>
			<report>
				<misses>4666001</misses>
				<total>4572830</total>
				<timestamp>376.384249</timestamp>
			</report>
			<report>
				<misses>4667001</misses>
				<total>4573829</total>
				<timestamp>376.464510</timestamp>
			</report>
			<report>
				<misses>4668001</misses>
				<total>4574828</total>
				<timestamp>376.545811</timestamp>
			</report>
			<report>
				<misses>4669001</misses>
				<total>4575827</total>
				<timestamp>376.627633</timestamp>
			</report>
			<report>
				<misses>4670001</misses>
				<total>4576826</total>
				<timestamp>376.709552</timestamp>
			</report>
			<report>
				<misses>4671001</misses>
				<total>4577825</total>
				<timestamp>376.791041</timestamp>
			</report>
			<report>
				<misses>4672001</misses>
				<total>4578824</total>
				<timestamp>376.872309</timestamp>
			</report>
			<report>
				<misses>4673001</misses>
				<total>4579823</total>
				<timestamp>376.952386</timestamp>
			</report>
			<report>
				<misses>4674001</misses>
				<total>4580822</total>
				<timestamp>377.034749</timestamp>
			</report>
			<report>
				<misses>4675001</misses>
				<total>4581821</total>
				<timestamp>377.114850</timestamp>
			</report>
			<report>
				<misses>4676001</misses>
				<total>4582820</total>
				<timestamp>377.195094</timestamp>
			</report>
			<report>
				<misses>4677001</misses>
				<total>4583819</total>
				<timestamp>377.275648</timestamp>
			</report>
			<report>
				<misses>4678001</misses>
				<total>4584818</total>
				<timestamp>377.359213</timestamp>
			</report>
			<report>
				<misses>4679001</misses>
				<total>4585817</total>
				<timestamp>377.439780</timestamp>
			</report>
			<report>
				<misses>4680001</misses>
				<total>4586816</total>
				<timestamp>377.520299</timestamp>
			</report>
			<report>
				<misses>4681001</misses>
				<total>4587815</total>
				<timestamp>377.600510</timestamp>
			</report>
			<report>
				<misses>4682001</misses>
				<total>4588814</total>
				<timestamp>377.681397</timestamp>
			</report>
			<report>
				<misses>4683001</misses>
				<total>4589813</total>
				<timestamp>377.761973</timestamp>
			</report>
			<report>
				<misses>4684001</misses>
				<total>4590812</total>
				<timestamp>377.842016</timestamp>
			</report>
			<report>
				<misses>4685001</misses>
				<total>4591811</total>
				<timestamp>377.922015</timestamp>
			</report>
			<report>
				<misses>4686001</misses>
				<total>4592810</total>
				<timestamp>378.002304</timestamp>
			</report>
			<report>
				<misses>4687001</misses>
				<total>4593809</total>
				<timestamp>378.082396</timestamp>
			</report>
			<report>
				<misses>4688001</misses>
				<total>4594808</total>
				<timestamp>378.162501</timestamp>
			</report>
			<report>
				<misses>4689001</misses>
				<total>4595807</total>
				<timestamp>378.242629</timestamp>
			</report>
			<report>
				<misses>4690001</misses>
				<total>4596806</total>
				<timestamp>378.322652</timestamp>
			</report>
			<report>
				<misses>4691001</misses>
				<total>4597805</total>
				<timestamp>378.403220</timestamp>
			</report>
			<report>
				<misses>4692001</misses>
				<total>4598804</total>
				<timestamp>378.483334</timestamp>
			</report>
			<report>
				<misses>4693001</misses>
				<total>4599803</total>
				<timestamp>378.563319</timestamp>
			</report>
			<report>
				<misses>4694001</misses>
				<total>4600802</total>
				<timestamp>378.643391</timestamp>
			</report>
			<report>
				<misses>4695001</misses>
				<total>4601801</total>
				<timestamp>378.724599</timestamp>
			</report>
			<report>
				<misses>4696001</misses>
				<total>4602800</total>
				<timestamp>378.804575</timestamp>
			</report>
			<report>
				<misses>4697001</misses>
				<total>4603799</total>
				<timestamp>378.885614</timestamp>
			</report>
			<report>
				<misses>4698001</misses>
				<total>4604798</total>
				<timestamp>378.965764</timestamp>
			</report>
			<report>
				<misses>4699001</misses>
				<total>4605797</total>
				<timestamp>379.046846</timestamp>
			</report>
			<report>
				<misses>4700001</misses>
				<total>4606796</total>
				<timestamp>379.127947</timestamp>
			</report>
			<report>
				<misses>4701001</misses>
				<total>4607795</total>
				<timestamp>379.209477</timestamp>
			</report>
			<report>
				<misses>4702001</misses>
				<total>4608794</total>
				<timestamp>379.289565</timestamp>
			</report>
			<report>
				<misses>4703001</misses>
				<total>4609793</total>
				<timestamp>379.369842</timestamp>
			</report>
			<report>
				<misses>4704001</misses>
				<total>4610792</total>
				<timestamp>379.449867</timestamp>
			</report>
			<report>
				<misses>4705001</misses>
				<total>4611791</total>
				<timestamp>379.529862</timestamp>
			</report>
			<report>
				<misses>4706001</misses>
				<total>4612790</total>
				<timestamp>379.610574</timestamp>
			</report>
			<report>
				<misses>4707001</misses>
				<total>4613789</total>
				<timestamp>379.690817</timestamp>
			</report>
			<report>
				<misses>4708001</misses>
				<total>4614788</total>
				<timestamp>379.770821</timestamp>
			</report>
			<report>
				<misses>4709001</misses>
				<total>4615787</total>
				<timestamp>379.850816</timestamp>
			</report>
			<report>
				<misses>4710001</misses>
				<total>4616786</total>
				<timestamp>379.930822</timestamp>
			</report>
			<report>
				<misses>4711001</misses>
				<total>4617785</total>
				<timestamp>380.012090</timestamp>
			</report>
			<report>
				<misses>4712001</misses>
				<total>4618784</total>
				<timestamp>380.092163</timestamp>
			</report>
			<report>
				<misses>4713001</misses>
				<total>4619783</total>
				<timestamp>380.172322</timestamp>
			</report>
			<report>
				<misses>4714001</misses>
				<total>4620782</total>
				<timestamp>380.252463</timestamp>
			</report>
			<report>
				<misses>4715001</misses>
				<total>4621781</total>
				<timestamp>380.332470</timestamp>
			</report>
			<report>
				<misses>4716001</misses>
				<total>4622780</total>
				<timestamp>380.412551</timestamp>
			</report>
			<report>
				<misses>4717001</misses>
				<total>4623779</total>
				<timestamp>380.492578</timestamp>
			</report>
			<report>
				<misses>4718001</misses>
				<total>4624778</total>
				<timestamp>380.572636</timestamp>
			</report>
			<report>
				<misses>4719001</misses>
				<total>4625777</total>
				<timestamp>380.652791</timestamp>
			</report>
			<report>
				<misses>4720001</misses>
				<total>4626776</total>
				<timestamp>380.732791</timestamp>
			</report>
			<report>
				<misses>4721001</misses>
				<total>4627775</total>
				<timestamp>380.812760</timestamp>
			</report>
			<report>
				<misses>4722001</misses>
				<total>4628774</total>
				<timestamp>380.892756</timestamp>
			</report>
			<report>
				<misses>4723001</misses>
				<total>4629773</total>
				<timestamp>380.972781</timestamp>
			</report>
			<report>
				<misses>4724001</misses>
				<total>4630772</total>
				<timestamp>381.052762</timestamp>
			</report>
			<report>
				<misses>4725001</misses>
				<total>4631771</total>
				<timestamp>381.132804</timestamp>
			</report>
			<report>
				<misses>4726001</misses>
				<total>4632770</total>
				<timestamp>381.212814</timestamp>
			</report>
			<report>
				<misses>4727001</misses>
				<total>4633769</total>
				<timestamp>381.293025</timestamp>
			</report>
			<report>
				<misses>4728001</misses>
				<total>4634768</total>
				<timestamp>381.373026</timestamp>
			</report>
			<report>
				<misses>4729001</misses>
				<total>4635767</total>
				<timestamp>381.452986</timestamp>
			</report>
			<report>
				<misses>4730001</misses>
				<total>4636766</total>
				<timestamp>381.533008</timestamp>
			</report>
			<report>
				<misses>4731001</misses>
				<total>4637765</total>
				<timestamp>381.613001</timestamp>
			</report>
			<report>
				<misses>4732001</misses>
				<total>4638764</total>
				<timestamp>381.693021</timestamp>
			</report>
			<report>
				<misses>4733001</misses>
				<total>4639763</total>
				<timestamp>381.772973</timestamp>
			</report>
			<report>
				<misses>4734001</misses>
				<total>4640762</total>
				<timestamp>381.853140</timestamp>
			</report>
			<report>
				<misses>4735001</misses>
				<total>4641761</total>
				<timestamp>381.933352</timestamp>
			</report>
			<report>
				<misses>4736001</misses>
				<total>4642760</total>
				<timestamp>382.013522</timestamp>
			</report>
			<report>
				<misses>4737001</misses>
				<total>4643759</total>
				<timestamp>382.093551</timestamp>
			</report>
			<report>
				<misses>4738001</misses>
				<total>4644758</total>
				<timestamp>382.174685</timestamp>
			</report>
			<report>
				<misses>4739001</misses>
				<total>4645757</total>
				<timestamp>382.259851</timestamp>
			</report>
			<report>
				<misses>4740001</misses>
				<total>4646756</total>
				<timestamp>382.341691</timestamp>
			</report>
			<report>
				<misses>4741001</misses>
				<total>4647755</total>
				<timestamp>382.424406</timestamp>
			</report>
			<report>
				<misses>4742001</misses>
				<total>4648754</total>
				<timestamp>382.505472</timestamp>
			</report>
			<report>
				<misses>4743001</misses>
				<total>4649753</total>
				<timestamp>382.585507</timestamp>
			</report>
			<report>
				<misses>4744001</misses>
				<total>4650752</total>
				<timestamp>382.665506</timestamp>
			</report>
			<report>
				<misses>4745001</misses>
				<total>4651751</total>
				<timestamp>382.756624</timestamp>
			</report>
			<report>
				<misses>4746001</misses>
				<total>4652750</total>
				<timestamp>382.838409</timestamp>
			</report>
			<report>
				<misses>4747001</misses>
				<total>4653749</total>
				<timestamp>382.918513</timestamp>
			</report>
			<report>
				<misses>4748001</misses>
				<total>4654748</total>
				<timestamp>382.998512</timestamp>
			</report>
			<report>
				<misses>4749001</misses>
				<total>4655747</total>
				<timestamp>383.078512</timestamp>
			</report>
			<report>
				<misses>4750001</misses>
				<total>4656746</total>
				<timestamp>383.158513</timestamp>
			</report>
			<report>
				<misses>4751001</misses>
				<total>4657745</total>
				<timestamp>383.238511</timestamp>
			</report>
			<report>
				<misses>4752001</misses>
				<total>4658744</total>
				<timestamp>383.318523</timestamp>
			</report>
			<report>
				<misses>4753001</misses>
				<total>4659743</total>
				<timestamp>383.398999</timestamp>
			</report>
			<report>
				<misses>4754001</misses>
				<total>4660742</total>
				<timestamp>383.479114</timestamp>
			</report>
			<report>
				<misses>4755001</misses>
				<total>4661741</total>
				<timestamp>383.559355</timestamp>
			</report>
			<report>
				<misses>4756001</misses>
				<total>4662740</total>
				<timestamp>383.645520</timestamp>
			</report>
			<report>
				<misses>4757001</misses>
				<total>4663739</total>
				<timestamp>383.727473</timestamp>
			</report>
			<report>
				<misses>4758001</misses>
				<total>4664738</total>
				<timestamp>383.807631</timestamp>
			</report>
			<report>
				<misses>4759001</misses>
				<total>4665737</total>
				<timestamp>383.888291</timestamp>
			</report>
			<report>
				<misses>4760001</misses>
				<total>4666736</total>
				<timestamp>383.968414</timestamp>
			</report>
			<report>
				<misses>4761001</misses>
				<total>4667735</total>
				<timestamp>384.048564</timestamp>
			</report>
			<report>
				<misses>4762001</misses>
				<total>4668734</total>
				<timestamp>384.129259</timestamp>
			</report>
			<report>
				<misses>4763001</misses>
				<total>4669733</total>
				<timestamp>384.212464</timestamp>
			</report>
			<report>
				<misses>4764001</misses>
				<total>4670732</total>
				<timestamp>384.293282</timestamp>
			</report>
			<report>
				<misses>4765001</misses>
				<total>4671731</total>
				<timestamp>384.374964</timestamp>
			</report>
			<report>
				<misses>4766001</misses>
				<total>4672730</total>
				<timestamp>384.455388</timestamp>
			</report>
			<report>
				<misses>4767001</misses>
				<total>4673729</total>
				<timestamp>384.536152</timestamp>
			</report>
			<report>
				<misses>4768001</misses>
				<total>4674728</total>
				<timestamp>384.616248</timestamp>
			</report>
			<report>
				<misses>4769001</misses>
				<total>4675727</total>
				<timestamp>384.698422</timestamp>
			</report>
			<report>
				<misses>4770001</misses>
				<total>4676726</total>
				<timestamp>384.778993</timestamp>
			</report>
			<report>
				<misses>4771001</misses>
				<total>4677725</total>
				<timestamp>384.859769</timestamp>
			</report>
			<report>
				<misses>4772001</misses>
				<total>4678724</total>
				<timestamp>384.940792</timestamp>
			</report>
			<report>
				<misses>4773001</misses>
				<total>4679723</total>
				<timestamp>385.021905</timestamp>
			</report>
			<report>
				<misses>4774001</misses>
				<total>4680722</total>
				<timestamp>385.101908</timestamp>
			</report>
			<report>
				<misses>4775001</misses>
				<total>4681721</total>
				<timestamp>385.182006</timestamp>
			</report>
			<report>
				<misses>4776001</misses>
				<total>4682720</total>
				<timestamp>385.262252</timestamp>
			</report>
			<report>
				<misses>4777001</misses>
				<total>4683719</total>
				<timestamp>385.342377</timestamp>
			</report>
			<report>
				<misses>4778001</misses>
				<total>4684718</total>
				<timestamp>385.424452</timestamp>
			</report>
			<report>
				<misses>4779001</misses>
				<total>4685717</total>
				<timestamp>385.506001</timestamp>
			</report>
			<report>
				<misses>4780001</misses>
				<total>4686716</total>
				<timestamp>385.587585</timestamp>
			</report>
			<report>
				<misses>4781001</misses>
				<total>4687715</total>
				<timestamp>385.668578</timestamp>
			</report>
			<report>
				<misses>4782001</misses>
				<total>4688714</total>
				<timestamp>385.748600</timestamp>
			</report>
			<report>
				<misses>4783001</misses>
				<total>4689713</total>
				<timestamp>385.828622</timestamp>
			</report>
			<report>
				<misses>4784001</misses>
				<total>4690712</total>
				<timestamp>385.910074</timestamp>
			</report>
			<report>
				<misses>4785001</misses>
				<total>4691711</total>
				<timestamp>385.990845</timestamp>
			</report>
			<report>
				<misses>4786001</misses>
				<total>4692710</total>
				<timestamp>386.070847</timestamp>
			</report>
			<report>
				<misses>4787001</misses>
				<total>4693709</total>
				<timestamp>386.150828</timestamp>
			</report>
			<report>
				<misses>4788001</misses>
				<total>4694708</total>
				<timestamp>386.231276</timestamp>
			</report>
			<report>
				<misses>4789001</misses>
				<total>4695707</total>
				<timestamp>386.312432</timestamp>
			</report>
			<report>
				<misses>4790001</misses>
				<total>4696706</total>
				<timestamp>386.392646</timestamp>
			</report>
			<report>
				<misses>4791001</misses>
				<total>4697705</total>
				<timestamp>386.474372</timestamp>
			</report>
			<report>
				<misses>4792001</misses>
				<total>4698704</total>
				<timestamp>386.555244</timestamp>
			</report>
			<report>
				<misses>4793001</misses>
				<total>4699703</total>
				<timestamp>386.635260</timestamp>
			</report>
			<report>
				<misses>4794001</misses>
				<total>4700702</total>
				<timestamp>386.715271</timestamp>
			</report>
			<report>
				<misses>4795001</misses>
				<total>4701701</total>
				<timestamp>386.796430</timestamp>
			</report>
			<report>
				<misses>4796001</misses>
				<total>4702700</total>
				<timestamp>386.876839</timestamp>
			</report>
			<report>
				<misses>4797001</misses>
				<total>4703699</total>
				<timestamp>386.958259</timestamp>
			</report>
			<report>
				<misses>4798001</misses>
				<total>4704698</total>
				<timestamp>387.039835</timestamp>
			</report>
			<report>
				<misses>4799001</misses>
				<total>4705697</total>
				<timestamp>387.119985</timestamp>
			</report>
			<report>
				<misses>4800001</misses>
				<total>4706696</total>
				<timestamp>387.199991</timestamp>
			</report>
			<report>
				<misses>4801001</misses>
				<total>4707695</total>
				<timestamp>387.280106</timestamp>
			</report>
			<report>
				<misses>4802001</misses>
				<total>4708694</total>
				<timestamp>387.360219</timestamp>
			</report>
			<report>
				<misses>4803001</misses>
				<total>4709693</total>
				<timestamp>387.440397</timestamp>
			</report>
			<report>
				<misses>4804001</misses>
				<total>4710692</total>
				<timestamp>387.520427</timestamp>
			</report>
			<report>
				<misses>4805001</misses>
				<total>4711691</total>
				<timestamp>387.600515</timestamp>
			</report>
			<report>
				<misses>4806001</misses>
				<total>4712690</total>
				<timestamp>387.680496</timestamp>
			</report>
			<report>
				<misses>4807001</misses>
				<total>4713689</total>
				<timestamp>387.760501</timestamp>
			</report>
			<report>
				<misses>4808001</misses>
				<total>4714688</total>
				<timestamp>387.842207</timestamp>
			</report>
			<report>
				<misses>4809001</misses>
				<total>4715687</total>
				<timestamp>387.922423</timestamp>
			</report>
			<report>
				<misses>4810001</misses>
				<total>4716686</total>
				<timestamp>388.003788</timestamp>
			</report>
			<report>
				<misses>4811001</misses>
				<total>4717685</total>
				<timestamp>388.083861</timestamp>
			</report>
			<report>
				<misses>4812001</misses>
				<total>4718684</total>
				<timestamp>388.164535</timestamp>
			</report>
			<report>
				<misses>4813001</misses>
				<total>4719683</total>
				<timestamp>388.245575</timestamp>
			</report>
			<report>
				<misses>4814001</misses>
				<total>4720682</total>
				<timestamp>388.325694</timestamp>
			</report>
			<report>
				<misses>4815001</misses>
				<total>4721681</total>
				<timestamp>388.406094</timestamp>
			</report>
			<report>
				<misses>4816001</misses>
				<total>4722680</total>
				<timestamp>388.486226</timestamp>
			</report>
			<report>
				<misses>4817001</misses>
				<total>4723679</total>
				<timestamp>388.567949</timestamp>
			</report>
			<report>
				<misses>4818001</misses>
				<total>4724678</total>
				<timestamp>388.648407</timestamp>
			</report>
			<report>
				<misses>4819001</misses>
				<total>4725677</total>
				<timestamp>388.728523</timestamp>
			</report>
			<report>
				<misses>4820001</misses>
				<total>4726676</total>
				<timestamp>388.809967</timestamp>
			</report>
			<report>
				<misses>4821001</misses>
				<total>4727675</total>
				<timestamp>388.890017</timestamp>
			</report>
			<report>
				<misses>4822001</misses>
				<total>4728674</total>
				<timestamp>388.970232</timestamp>
			</report>
			<report>
				<misses>4823001</misses>
				<total>4729673</total>
				<timestamp>389.050750</timestamp>
			</report>
			<report>
				<misses>4824001</misses>
				<total>4730672</total>
				<timestamp>389.131312</timestamp>
			</report>
			<report>
				<misses>4825001</misses>
				<total>4731671</total>
				<timestamp>389.211446</timestamp>
			</report>
			<report>
				<misses>4826001</misses>
				<total>4732670</total>
				<timestamp>389.291953</timestamp>
			</report>
			<report>
				<misses>4827001</misses>
				<total>4733669</total>
				<timestamp>389.372090</timestamp>
			</report>
			<report>
				<misses>4828001</misses>
				<total>4734668</total>
				<timestamp>389.453278</timestamp>
			</report>
			<report>
				<misses>4829001</misses>
				<total>4735667</total>
				<timestamp>389.533300</timestamp>
			</report>
			<report>
				<misses>4830001</misses>
				<total>4736666</total>
				<timestamp>389.613356</timestamp>
			</report>
			<report>
				<misses>4831001</misses>
				<total>4737665</total>
				<timestamp>389.693414</timestamp>
			</report>
			<report>
				<misses>4832001</misses>
				<total>4738664</total>
				<timestamp>389.773362</timestamp>
			</report>
			<report>
				<misses>4833001</misses>
				<total>4739663</total>
				<timestamp>389.853454</timestamp>
			</report>
			<report>
				<misses>4834001</misses>
				<total>4740662</total>
				<timestamp>389.933495</timestamp>
			</report>
			<report>
				<misses>4835001</misses>
				<total>4741661</total>
				<timestamp>390.013535</timestamp>
			</report>
			<report>
				<misses>4836001</misses>
				<total>4742660</total>
				<timestamp>390.093787</timestamp>
			</report>
			<report>
				<misses>4837001</misses>
				<total>4743659</total>
				<timestamp>390.174779</timestamp>
			</report>
			<report>
				<misses>4838001</misses>
				<total>4744658</total>
				<timestamp>390.255151</timestamp>
			</report>
			<report>
				<misses>4839001</misses>
				<total>4745657</total>
				<timestamp>390.336480</timestamp>
			</report>
			<report>
				<misses>4840001</misses>
				<total>4746656</total>
				<timestamp>390.416576</timestamp>
			</report>
			<report>
				<misses>4841001</misses>
				<total>4747655</total>
				<timestamp>390.498670</timestamp>
			</report>
			<report>
				<misses>4842001</misses>
				<total>4748654</total>
				<timestamp>390.578664</timestamp>
			</report>
			<report>
				<misses>4843001</misses>
				<total>4749653</total>
				<timestamp>390.659225</timestamp>
			</report>
			<report>
				<misses>4844001</misses>
				<total>4750652</total>
				<timestamp>390.739357</timestamp>
			</report>
			<report>
				<misses>4845001</misses>
				<total>4751651</total>
				<timestamp>390.821854</timestamp>
			</report>
			<report>
				<misses>4846001</misses>
				<total>4752650</total>
				<timestamp>390.902372</timestamp>
			</report>
			<report>
				<misses>4847001</misses>
				<total>4753649</total>
				<timestamp>390.982900</timestamp>
			</report>
			<report>
				<misses>4848001</misses>
				<total>4754648</total>
				<timestamp>391.065352</timestamp>
			</report>
			<report>
				<misses>4849001</misses>
				<total>4755647</total>
				<timestamp>391.146824</timestamp>
			</report>
			<report>
				<misses>4850001</misses>
				<total>4756646</total>
				<timestamp>391.226828</timestamp>
			</report>
			<report>
				<misses>4851001</misses>
				<total>4757645</total>
				<timestamp>391.310545</timestamp>
			</report>
			<report>
				<misses>4852001</misses>
				<total>4758644</total>
				<timestamp>391.396364</timestamp>
			</report>
			<report>
				<misses>4853001</misses>
				<total>4759643</total>
				<timestamp>391.476480</timestamp>
			</report>
			<report>
				<misses>4854001</misses>
				<total>4760642</total>
				<timestamp>391.558519</timestamp>
			</report>
			<report>
				<misses>4855001</misses>
				<total>4761641</total>
				<timestamp>391.640417</timestamp>
			</report>
			<report>
				<misses>4856001</misses>
				<total>4762640</total>
				<timestamp>391.725368</timestamp>
			</report>
			<report>
				<misses>4857001</misses>
				<total>4763639</total>
				<timestamp>391.810022</timestamp>
			</report>
			<report>
				<misses>4858001</misses>
				<total>4764638</total>
				<timestamp>391.890749</timestamp>
			</report>
			<report>
				<misses>4859001</misses>
				<total>4765637</total>
				<timestamp>391.970998</timestamp>
			</report>
			<report>
				<misses>4860001</misses>
				<total>4766636</total>
				<timestamp>392.051662</timestamp>
			</report>
			<report>
				<misses>4861001</misses>
				<total>4767635</total>
				<timestamp>392.132819</timestamp>
			</report>
			<report>
				<misses>4862001</misses>
				<total>4768634</total>
				<timestamp>392.213232</timestamp>
			</report>
			<report>
				<misses>4863001</misses>
				<total>4769633</total>
				<timestamp>392.296749</timestamp>
			</report>
			<report>
				<misses>4864001</misses>
				<total>4770632</total>
				<timestamp>392.376729</timestamp>
			</report>
			<report>
				<misses>4865001</misses>
				<total>4771631</total>
				<timestamp>392.456749</timestamp>
			</report>
			<report>
				<misses>4866001</misses>
				<total>4772630</total>
				<timestamp>392.536772</timestamp>
			</report>
			<report>
				<misses>4867001</misses>
				<total>4773629</total>
				<timestamp>392.618004</timestamp>
			</report>
			<report>
				<misses>4868001</misses>
				<total>4774628</total>
				<timestamp>392.698086</timestamp>
			</report>
			<report>
				<misses>4869001</misses>
				<total>4775627</total>
				<timestamp>392.778522</timestamp>
			</report>
			<report>
				<misses>4870001</misses>
				<total>4776626</total>
				<timestamp>392.858958</timestamp>
			</report>
			<report>
				<misses>4871001</misses>
				<total>4777625</total>
				<timestamp>392.939040</timestamp>
			</report>
			<report>
				<misses>4872001</misses>
				<total>4778624</total>
				<timestamp>393.019950</timestamp>
			</report>
			<report>
				<misses>4873001</misses>
				<total>4779623</total>
				<timestamp>393.100011</timestamp>
			</report>
			<report>
				<misses>4874001</misses>
				<total>4780622</total>
				<timestamp>393.180092</timestamp>
			</report>
			<report>
				<misses>4875001</misses>
				<total>4781621</total>
				<timestamp>393.260212</timestamp>
			</report>
			<report>
				<misses>4876001</misses>
				<total>4782620</total>
				<timestamp>393.343286</timestamp>
			</report>
			<report>
				<misses>4877001</misses>
				<total>4783619</total>
				<timestamp>393.423790</timestamp>
			</report>
			<report>
				<misses>4878001</misses>
				<total>4784618</total>
				<timestamp>393.504928</timestamp>
			</report>
			<report>
				<misses>4879001</misses>
				<total>4785617</total>
				<timestamp>393.584956</timestamp>
			</report>
			<report>
				<misses>4880001</misses>
				<total>4786616</total>
				<timestamp>393.665024</timestamp>
			</report>
			<report>
				<misses>4881001</misses>
				<total>4787107</total>
				<timestamp>393.745632</timestamp>
			</report>
			<report>
				<misses>4882001</misses>
				<total>4788106</total>
				<timestamp>393.826573</timestamp>
			</report>
			<report>
				<misses>4883001</misses>
				<total>4789105</total>
				<timestamp>393.906572</timestamp>
			</report>
			<report>
				<misses>4884001</misses>
				<total>4790104</total>
				<timestamp>393.986662</timestamp>
			</report>
			<report>
				<misses>4885001</misses>
				<total>4791103</total>
				<timestamp>394.068095</timestamp>
			</report>
			<report>
				<misses>4886001</misses>
				<total>4792102</total>
				<timestamp>394.148824</timestamp>
			</report>
			<report>
				<misses>4887001</misses>
				<total>4793101</total>
				<timestamp>394.232658</timestamp>
			</report>
			<report>
				<misses>4888001</misses>
				<total>4794100</total>
				<timestamp>394.312667</timestamp>
			</report>
			<report>
				<misses>4889001</misses>
				<total>4795099</total>
				<timestamp>394.392697</timestamp>
			</report>
			<report>
				<misses>4890001</misses>
				<total>4796098</total>
				<timestamp>394.472659</timestamp>
			</report>
			<report>
				<misses>4891001</misses>
				<total>4797097</total>
				<timestamp>394.552662</timestamp>
			</report>
			<report>
				<misses>4892001</misses>
				<total>4798096</total>
				<timestamp>394.632657</timestamp>
			</report>
			<report>
				<misses>4893001</misses>
				<total>4799095</total>
				<timestamp>394.712676</timestamp>
			</report>
			<report>
				<misses>4894001</misses>
				<total>4799270</total>
				<timestamp>394.792776</timestamp>
			</report>
			<report>
				<misses>4895001</misses>
				<total>4799273</total>
				<timestamp>394.874723</timestamp>
			</report>
			<report>
				<misses>4896001</misses>
				<total>4799273</total>
				<timestamp>394.955313</timestamp>
			</report>
			<report>
				<misses>4897001</misses>
				<total>4799274</total>
				<timestamp>395.035519</timestamp>
			</report>
			<report>
				<misses>4898001</misses>
				<total>4799274</total>
				<timestamp>395.115518</timestamp>
			</report>
			<report>
				<misses>4899001</misses>
				<total>4799278</total>
				<timestamp>395.196405</timestamp>
			</report>
			<report>
				<misses>4900001</misses>
				<total>4799631</total>
				<timestamp>395.281078</timestamp>
			</report>
			<report>
				<misses>4901001</misses>
				<total>4799631</total>
				<timestamp>395.361399</timestamp>
			</report>
			<report>
				<misses>4902001</misses>
				<total>4799649</total>
				<timestamp>395.441400</timestamp>
			</report>
			<report>
				<misses>4903001</misses>
				<total>4799650</total>
				<timestamp>395.523561</timestamp>
			</report>
			<report>
				<misses>4904001</misses>
				<total>4799648</total>
				<timestamp>395.604511</timestamp>
			</report>
			<report>
				<misses>4905001</misses>
				<total>4799649</total>
				<timestamp>395.686390</timestamp>
			</report>
			<report>
				<misses>4906001</misses>
				<total>4799649</total>
				<timestamp>395.768296</timestamp>
			</report>
			<report>
				<misses>4907001</misses>
				<total>4800460</total>
				<timestamp>395.849809</timestamp>
			</report>
			<report>
				<misses>4908001</misses>
				<total>4801459</total>
				<timestamp>395.929782</timestamp>
			</report>
			<report>
				<misses>4909001</misses>
				<total>4802458</total>
				<timestamp>396.009757</timestamp>
			</report>
			<report>
				<misses>4910001</misses>
				<total>4803457</total>
				<timestamp>396.089794</timestamp>
			</report>
			<report>
				<misses>4911001</misses>
				<total>4804456</total>
				<timestamp>396.169777</timestamp>
			</report>
			<report>
				<misses>4912001</misses>
				<total>4805455</total>
				<timestamp>396.249777</timestamp>
			</report>
			<report>
				<misses>4913001</misses>
				<total>4806454</total>
				<timestamp>396.329782</timestamp>
			</report>
			<report>
				<misses>4914001</misses>
				<total>4807453</total>
				<timestamp>396.409776</timestamp>
			</report>
			<report>
				<misses>4915001</misses>
				<total>4808452</total>
				<timestamp>396.489791</timestamp>
			</report>
			<report>
				<misses>4916001</misses>
				<total>4809451</total>
				<timestamp>396.572631</timestamp>
			</report>
			<report>
				<misses>4917001</misses>
				<total>4810450</total>
				<timestamp>396.653642</timestamp>
			</report>
			<report>
				<misses>4918001</misses>
				<total>4811449</total>
				<timestamp>396.734626</timestamp>
			</report>
			<report>
				<misses>4919001</misses>
				<total>4812448</total>
				<timestamp>396.816600</timestamp>
			</report>
			<report>
				<misses>4920001</misses>
				<total>4813447</total>
				<timestamp>396.897312</timestamp>
			</report>
			<report>
				<misses>4921001</misses>
				<total>4814446</total>
				<timestamp>396.977406</timestamp>
			</report>
			<report>
				<misses>4922001</misses>
				<total>4815445</total>
				<timestamp>397.057560</timestamp>
			</report>
			<report>
				<misses>4923001</misses>
				<total>4816444</total>
				<timestamp>397.137967</timestamp>
			</report>
			<report>
				<misses>4924001</misses>
				<total>4817443</total>
				<timestamp>397.220190</timestamp>
			</report>
			<report>
				<misses>4925001</misses>
				<total>4818442</total>
				<timestamp>397.303667</timestamp>
			</report>
			<report>
				<misses>4926001</misses>
				<total>4819441</total>
				<timestamp>397.385365</timestamp>
			</report>
			<report>
				<misses>4927001</misses>
				<total>4820440</total>
				<timestamp>397.466420</timestamp>
			</report>
			<report>
				<misses>4928001</misses>
				<total>4821439</total>
				<timestamp>397.546511</timestamp>
			</report>
			<report>
				<misses>4929001</misses>
				<total>4822438</total>
				<timestamp>397.627669</timestamp>
			</report>
			<report>
				<misses>4930001</misses>
				<total>4823437</total>
				<timestamp>397.709157</timestamp>
			</report>
			<report>
				<misses>4931001</misses>
				<total>4824436</total>
				<timestamp>397.790829</timestamp>
			</report>
			<report>
				<misses>4932001</misses>
				<total>4825435</total>
				<timestamp>397.872274</timestamp>
			</report>
			<report>
				<misses>4933001</misses>
				<total>4826434</total>
				<timestamp>397.953193</timestamp>
			</report>
			<report>
				<misses>4934001</misses>
				<total>4827433</total>
				<timestamp>398.038529</timestamp>
			</report>
			<report>
				<misses>4935001</misses>
				<total>4828432</total>
				<timestamp>398.121350</timestamp>
			</report>
			<report>
				<misses>4936001</misses>
				<total>4829431</total>
				<timestamp>398.202892</timestamp>
			</report>
			<report>
				<misses>4937001</misses>
				<total>4830430</total>
				<timestamp>398.283475</timestamp>
			</report>
			<report>
				<misses>4938001</misses>
				<total>4831429</total>
				<timestamp>398.363629</timestamp>
			</report>
			<report>
				<misses>4939001</misses>
				<total>4832428</total>
				<timestamp>398.444998</timestamp>
			</report>
			<report>
				<misses>4940001</misses>
				<total>4833427</total>
				<timestamp>398.527573</timestamp>
			</report>
			<report>
				<misses>4941001</misses>
				<total>4834426</total>
				<timestamp>398.609969</timestamp>
			</report>
			<report>
				<misses>4942001</misses>
				<total>4835425</total>
				<timestamp>398.690509</timestamp>
			</report>
			<report>
				<misses>4943001</misses>
				<total>4836424</total>
				<timestamp>398.770503</timestamp>
			</report>
			<report>
				<misses>4944001</misses>
				<total>4837423</total>
				<timestamp>398.850546</timestamp>
			</report>
			<report>
				<misses>4945001</misses>
				<total>4838422</total>
				<timestamp>398.930579</timestamp>
			</report>
			<report>
				<misses>4946001</misses>
				<total>4839421</total>
				<timestamp>399.010604</timestamp>
			</report>
			<report>
				<misses>4947001</misses>
				<total>4840420</total>
				<timestamp>399.092198</timestamp>
			</report>
			<report>
				<misses>4948001</misses>
				<total>4841419</total>
				<timestamp>399.173463</timestamp>
			</report>
			<report>
				<misses>4949001</misses>
				<total>4842418</total>
				<timestamp>399.253706</timestamp>
			</report>
			<report>
				<misses>4950001</misses>
				<total>4843417</total>
				<timestamp>399.333780</timestamp>
			</report>
			<report>
				<misses>4951001</misses>
				<total>4844416</total>
				<timestamp>399.413768</timestamp>
			</report>
			<report>
				<misses>4952001</misses>
				<total>4845415</total>
				<timestamp>399.493805</timestamp>
			</report>
			<report>
				<misses>4953001</misses>
				<total>4846414</total>
				<timestamp>399.573968</timestamp>
			</report>
			<report>
				<misses>4954001</misses>
				<total>4847413</total>
				<timestamp>399.654722</timestamp>
			</report>
			<report>
				<misses>4955001</misses>
				<total>4848412</total>
				<timestamp>399.734732</timestamp>
			</report>
			<report>
				<misses>4956001</misses>
				<total>4849411</total>
				<timestamp>399.814763</timestamp>
			</report>
			<report>
				<misses>4957001</misses>
				<total>4850410</total>
				<timestamp>399.894926</timestamp>
			</report>
			<report>
				<misses>4958001</misses>
				<total>4851409</total>
				<timestamp>399.975922</timestamp>
			</report>
			<report>
				<misses>4959001</misses>
				<total>4852408</total>
				<timestamp>400.057633</timestamp>
			</report>
			<report>
				<misses>4960001</misses>
				<total>4853407</total>
				<timestamp>400.137690</timestamp>
			</report>
			<report>
				<misses>4961001</misses>
				<total>4854406</total>
				<timestamp>400.217756</timestamp>
			</report>
			<report>
				<misses>4962001</misses>
				<total>4855405</total>
				<timestamp>400.298176</timestamp>
			</report>
			<report>
				<misses>4963001</misses>
				<total>4856404</total>
				<timestamp>400.378477</timestamp>
			</report>
			<report>
				<misses>4964001</misses>
				<total>4857403</total>
				<timestamp>400.458550</timestamp>
			</report>
			<report>
				<misses>4965001</misses>
				<total>4858402</total>
				<timestamp>400.538703</timestamp>
			</report>
			<report>
				<misses>4966001</misses>
				<total>4859401</total>
				<timestamp>400.619775</timestamp>
			</report>
			<report>
				<misses>4967001</misses>
				<total>4860400</total>
				<timestamp>400.701617</timestamp>
			</report>
			<report>
				<misses>4968001</misses>
				<total>4861399</total>
				<timestamp>400.783358</timestamp>
			</report>
			<report>
				<misses>4969001</misses>
				<total>4862398</total>
				<timestamp>400.863412</timestamp>
			</report>
			<report>
				<misses>4970001</misses>
				<total>4863397</total>
				<timestamp>400.943561</timestamp>
			</report>
			<report>
				<misses>4971001</misses>
				<total>4864396</total>
				<timestamp>401.023540</timestamp>
			</report>
			<report>
				<misses>4972001</misses>
				<total>4865395</total>
				<timestamp>401.103569</timestamp>
			</report>
			<report>
				<misses>4973001</misses>
				<total>4866394</total>
				<timestamp>401.183526</timestamp>
			</report>
			<report>
				<misses>4974001</misses>
				<total>4867393</total>
				<timestamp>401.263571</timestamp>
			</report>
			<report>
				<misses>4975001</misses>
				<total>4868392</total>
				<timestamp>401.343567</timestamp>
			</report>
			<report>
				<misses>4976001</misses>
				<total>4869391</total>
				<timestamp>401.423525</timestamp>
			</report>
			<report>
				<misses>4977001</misses>
				<total>4870390</total>
				<timestamp>401.504766</timestamp>
			</report>
			<report>
				<misses>4978001</misses>
				<total>4871389</total>
				<timestamp>401.585224</timestamp>
			</report>
			<report>
				<misses>4979001</misses>
				<total>4872388</total>
				<timestamp>401.665940</timestamp>
			</report>
			<report>
				<misses>4980001</misses>
				<total>4873387</total>
				<timestamp>401.746016</timestamp>
			</report>
			<report>
				<misses>4981001</misses>
				<total>4874386</total>
				<timestamp>401.826259</timestamp>
			</report>
			<report>
				<misses>4982001</misses>
				<total>4875385</total>
				<timestamp>401.907266</timestamp>
			</report>
			<report>
				<misses>4983001</misses>
				<total>4876384</total>
				<timestamp>401.987302</timestamp>
			</report>
			<report>
				<misses>4984001</misses>
				<total>4877383</total>
				<timestamp>402.067330</timestamp>
			</report>
			<report>
				<misses>4985001</misses>
				<total>4878382</total>
				<timestamp>402.147403</timestamp>
			</report>
			<report>
				<misses>4986001</misses>
				<total>4879381</total>
				<timestamp>402.227436</timestamp>
			</report>
			<report>
				<misses>4987001</misses>
				<total>4880380</total>
				<timestamp>402.307529</timestamp>
			</report>
			<report>
				<misses>4988001</misses>
				<total>4881379</total>
				<timestamp>402.388396</timestamp>
			</report>
			<report>
				<misses>4989001</misses>
				<total>4882378</total>
				<timestamp>402.469163</timestamp>
			</report>
			<report>
				<misses>4990001</misses>
				<total>4883377</total>
				<timestamp>402.549167</timestamp>
			</report>
			<report>
				<misses>4991001</misses>
				<total>4884376</total>
				<timestamp>402.629216</timestamp>
			</report>
			<report>
				<misses>4992001</misses>
				<total>4885375</total>
				<timestamp>402.709456</timestamp>
			</report>
			<report>
				<misses>4993001</misses>
				<total>4886374</total>
				<timestamp>402.792634</timestamp>
			</report>
			<report>
				<misses>4994001</misses>
				<total>4887373</total>
				<timestamp>402.872737</timestamp>
			</report>
			<report>
				<misses>4995001</misses>
				<total>4888372</total>
				<timestamp>402.954986</timestamp>
			</report>
			<report>
				<misses>4996001</misses>
				<total>4889371</total>
				<timestamp>403.035262</timestamp>
			</report>
			<report>
				<misses>4997001</misses>
				<total>4890370</total>
				<timestamp>403.119813</timestamp>
			</report>
			<report>
				<misses>4998001</misses>
				<total>4891369</total>
				<timestamp>403.201264</timestamp>
			</report>
			<report>
				<misses>4999001</misses>
				<total>4892368</total>
				<timestamp>403.281280</timestamp>
			</report>
			<report>
				<misses>5000001</misses>
				<total>4893367</total>
				<timestamp>403.361360</timestamp>
			</report>
		</query>
	</custom>
	<ethtool_statistic>
		<rx_packets>
			<start>6972959019</start>
			<end>7001794685</end>
		</rx_packets>
		<tx_packets>
			<start>11557931561</start>
			<end>11638934944</end>
		</tx_packets>
		<rx_dropped>
			<start>421</start>
			<end>421</end>
		</rx_dropped>
		<tx_dropped>
			<start>0</start>
			<end>0</end>
		</tx_dropped>
		<collisions>
			<start>0</start>
			<end>0</end>
		</collisions>
		<port_tx_errors>
			<start>0</start>
			<end>0</end>
		</port_tx_errors>
		<port_rx_dropped>
			<start>0</start>
			<end>0</end>
		</port_rx_dropped>
		<port_tx_dropped_link_down>
			<start>0</start>
			<end>0</end>
		</port_tx_dropped_link_down>
	</ethtool_statistic>
	<ip_statistic>
		<mtu>
			<start>9000</start>
			<end>9000</end>
		</mtu>
		<rx_bytes>
			<start>28679238988669</start>
			<end>28807765771468</end>
		</rx_bytes>
		<rx_packets>
			<start>6972959302</start>
			<end>7001794775</end>
		</rx_packets>
		<rx_errors>
			<start>0</start>
			<end>0</end>
		</rx_errors>
		<rx_dropped>
			<start>421</start>
			<end>421</end>
		</rx_dropped>
		<rx_missed>
			<start>0</start>
			<end>0</end>
		</rx_missed>
		<rx_mcast>
			<start>4903</start>
			<end>4911</end>
		</rx_mcast>
		<tx_bytes>
			<start>38637073751946</start>
			<end>39067079754650</end>
		</tx_bytes>
		<tx_packets>
			<start>11557931972</start>
			<end>11638934972</end>
		</tx_packets>
		<tx_errors>
			<start>0</start>
			<end>0</end>
		</tx_errors>
		<tx_dropped>
			<start>0</start>
			<end>0</end>
		</tx_dropped>
		<tx_carrier>
			<start>0</start>
			<end>0</end>
		</tx_carrier>
		<tx_collisions>
			<start>0</start>
			<end>0</end>
		</tx_collisions>
	</ip_statistic>
	<netstat_statistic>
		<udp_pkg_rec>
			<start>5948672301</start>
			<end>5973972878</end>
		</udp_pkg_rec>
		<udp_pkg_snt>
			<start>10385408339</start>
			<end>10431448138</end>
		</udp_pkg_snt>
		<udp_rec_err>
			<start>1026195405</start>
			<end>1029732169</end>
		</udp_rec_err>
		<udp_rec_buf_err>
			<start>1026195405</start>
			<end>1029732169</end>
		</udp_rec_buf_err>
		<udp_snt_buf_err>
			<start>0</start>
			<end>0</end>
		</udp_snt_buf_err>
	</netstat_statistic>
</test_results>
