<?xml version="1.0"?>
<test_results>
	<status>STATUS_SUCCESS</status>
	<custom>
		<num_loss>-1</num_loss>
		<num_total>-1</num_total>
		<num_misses>-1</num_misses>
		<elapsed_time>-1.000000</elapsed_time>
	</custom>
	<ethtool_statistic>
		<rx_packets>
			<start>7921478306</start>
			<end>8173888271</end>
		</rx_packets>
		<tx_packets>
			<start>5577165830</start>
			<end>5763937437</end>
		</tx_packets>
		<rx_dropped>
			<start>0</start>
			<end>0</end>
		</rx_dropped>
		<tx_dropped>
			<start>0</start>
			<end>0</end>
		</tx_dropped>
		<collisions>
			<start>0</start>
			<end>0</end>
		</collisions>
		<port_tx_errors>
			<start>0</start>
			<end>0</end>
		</port_tx_errors>
		<port_rx_dropped>
			<start>0</start>
			<end>0</end>
		</port_rx_dropped>
		<port_tx_dropped_link_down>
			<start>0</start>
			<end>0</end>
		</port_tx_dropped_link_down>
	</ethtool_statistic>
	<ip_statistic>
		<mtu>
			<start>9000</start>
			<end>9000</end>
		</mtu>
		<rx_bytes>
			<start>53708140771444</start>
			<end>55871058842305</end>
		</rx_bytes>
		<rx_packets>
			<start>7921478347</start>
			<end>8173888393</end>
		</rx_packets>
		<rx_errors>
			<start>0</start>
			<end>0</end>
		</rx_errors>
		<rx_dropped>
			<start>0</start>
			<end>0</end>
		</rx_dropped>
		<rx_missed>
			<start>0</start>
			<end>0</end>
		</rx_missed>
		<rx_mcast>
			<start>1551</start>
			<end>1609</end>
		</rx_mcast>
		<tx_bytes>
			<start>50138419033360</start>
			<end>51817488285268</end>
		</tx_bytes>
		<tx_packets>
			<start>5577165892</start>
			<end>5763937505</end>
		</tx_packets>
		<tx_errors>
			<start>0</start>
			<end>0</end>
		</tx_errors>
		<tx_dropped>
			<start>0</start>
			<end>0</end>
		</tx_dropped>
		<tx_carrier>
			<start>0</start>
			<end>0</end>
		</tx_carrier>
		<tx_collisions>
			<start>0</start>
			<end>0</end>
		</tx_collisions>
	</ip_statistic>
</test_results>
