<?xml version="1.0"?>
<test_results>
	<status>STATUS_SUCCESS</status>
	<custom>
		<num_loss>574457</num_loss>
		<num_total>5706519</num_total>
		<num_misses>114281925</num_misses>
		<elapsed_time>299.970968</elapsed_time>
		<query>
			<report>
				<misses>100001</misses>
				<total>97011</total>
				<timestamp>5.252519</timestamp>
			</report>
			<report>
				<misses>200001</misses>
				<total>197010</total>
				<timestamp>10.512233</timestamp>
			</report>
			<report>
				<misses>300001</misses>
				<total>297009</total>
				<timestamp>15.776632</timestamp>
			</report>
			<report>
				<misses>400001</misses>
				<total>397008</total>
				<timestamp>21.059122</timestamp>
			</report>
			<report>
				<misses>500001</misses>
				<total>497007</total>
				<timestamp>26.312246</timestamp>
			</report>
			<report>
				<misses>600001</misses>
				<total>574270</total>
				<timestamp>31.565180</timestamp>
			</report>
			<report>
				<misses>700001</misses>
				<total>574270</total>
				<timestamp>36.825812</timestamp>
			</report>
			<report>
				<misses>800001</misses>
				<total>574270</total>
				<timestamp>42.078142</timestamp>
			</report>
			<report>
				<misses>900001</misses>
				<total>574270</total>
				<timestamp>47.339352</timestamp>
			</report>
			<report>
				<misses>1000001</misses>
				<total>574270</total>
				<timestamp>52.589394</timestamp>
			</report>
			<report>
				<misses>1100001</misses>
				<total>574270</total>
				<timestamp>57.852867</timestamp>
			</report>
			<report>
				<misses>1200001</misses>
				<total>574319</total>
				<timestamp>63.116051</timestamp>
			</report>
			<report>
				<misses>1300001</misses>
				<total>574319</total>
				<timestamp>68.368964</timestamp>
			</report>
			<report>
				<misses>1400001</misses>
				<total>574319</total>
				<timestamp>73.622543</timestamp>
			</report>
			<report>
				<misses>1500001</misses>
				<total>574319</total>
				<timestamp>78.874345</timestamp>
			</report>
			<report>
				<misses>1600001</misses>
				<total>574319</total>
				<timestamp>84.127530</timestamp>
			</report>
			<report>
				<misses>1700001</misses>
				<total>574319</total>
				<timestamp>89.386559</timestamp>
			</report>
			<report>
				<misses>1800001</misses>
				<total>574319</total>
				<timestamp>94.639422</timestamp>
			</report>
			<report>
				<misses>1900001</misses>
				<total>574319</total>
				<timestamp>99.897987</timestamp>
			</report>
			<report>
				<misses>2000001</misses>
				<total>574319</total>
				<timestamp>105.153280</timestamp>
			</report>
			<report>
				<misses>2100001</misses>
				<total>574319</total>
				<timestamp>110.443180</timestamp>
			</report>
			<report>
				<misses>2200001</misses>
				<total>574319</total>
				<timestamp>115.717847</timestamp>
			</report>
			<report>
				<misses>2300001</misses>
				<total>574365</total>
				<timestamp>120.998909</timestamp>
			</report>
			<report>
				<misses>2400001</misses>
				<total>574365</total>
				<timestamp>126.254604</timestamp>
			</report>
			<report>
				<misses>2500001</misses>
				<total>574365</total>
				<timestamp>131.506863</timestamp>
			</report>
			<report>
				<misses>2600001</misses>
				<total>574365</total>
				<timestamp>136.765517</timestamp>
			</report>
			<report>
				<misses>2700001</misses>
				<total>574365</total>
				<timestamp>142.022188</timestamp>
			</report>
			<report>
				<misses>2800001</misses>
				<total>574365</total>
				<timestamp>147.278068</timestamp>
			</report>
			<report>
				<misses>2900001</misses>
				<total>574365</total>
				<timestamp>152.540570</timestamp>
			</report>
			<report>
				<misses>3000001</misses>
				<total>574365</total>
				<timestamp>157.798107</timestamp>
			</report>
			<report>
				<misses>3100001</misses>
				<total>574365</total>
				<timestamp>163.071109</timestamp>
			</report>
			<report>
				<misses>3200001</misses>
				<total>574365</total>
				<timestamp>168.326611</timestamp>
			</report>
			<report>
				<misses>3300001</misses>
				<total>574365</total>
				<timestamp>173.595991</timestamp>
			</report>
			<report>
				<misses>3400001</misses>
				<total>574365</total>
				<timestamp>178.853866</timestamp>
			</report>
			<report>
				<misses>3500001</misses>
				<total>574410</total>
				<timestamp>184.104291</timestamp>
			</report>
			<report>
				<misses>3600001</misses>
				<total>574410</total>
				<timestamp>189.355111</timestamp>
			</report>
			<report>
				<misses>3700001</misses>
				<total>574410</total>
				<timestamp>194.612205</timestamp>
			</report>
			<report>
				<misses>3800001</misses>
				<total>574410</total>
				<timestamp>199.867357</timestamp>
			</report>
			<report>
				<misses>3900001</misses>
				<total>574410</total>
				<timestamp>205.121357</timestamp>
			</report>
			<report>
				<misses>4000001</misses>
				<total>574410</total>
				<timestamp>210.373221</timestamp>
			</report>
			<report>
				<misses>4100001</misses>
				<total>574410</total>
				<timestamp>215.624914</timestamp>
			</report>
			<report>
				<misses>4200001</misses>
				<total>574410</total>
				<timestamp>220.876322</timestamp>
			</report>
			<report>
				<misses>4300001</misses>
				<total>574410</total>
				<timestamp>226.128343</timestamp>
			</report>
			<report>
				<misses>4400001</misses>
				<total>574410</total>
				<timestamp>231.379739</timestamp>
			</report>
			<report>
				<misses>4500001</misses>
				<total>574410</total>
				<timestamp>236.627264</timestamp>
			</report>
			<report>
				<misses>4600001</misses>
				<total>574457</total>
				<timestamp>241.874846</timestamp>
			</report>
			<report>
				<misses>4700001</misses>
				<total>574457</total>
				<timestamp>247.121758</timestamp>
			</report>
			<report>
				<misses>4800001</misses>
				<total>574457</total>
				<timestamp>252.369631</timestamp>
			</report>
			<report>
				<misses>4900001</misses>
				<total>574457</total>
				<timestamp>257.620013</timestamp>
			</report>
			<report>
				<misses>5000001</misses>
				<total>574457</total>
				<timestamp>262.868786</timestamp>
			</report>
			<report>
				<misses>5100001</misses>
				<total>574457</total>
				<timestamp>268.120141</timestamp>
			</report>
			<report>
				<misses>5200001</misses>
				<total>574457</total>
				<timestamp>273.372013</timestamp>
			</report>
			<report>
				<misses>5300001</misses>
				<total>574457</total>
				<timestamp>278.626432</timestamp>
			</report>
			<report>
				<misses>5400001</misses>
				<total>574457</total>
				<timestamp>283.876221</timestamp>
			</report>
			<report>
				<misses>5500001</misses>
				<total>574457</total>
				<timestamp>289.126688</timestamp>
			</report>
			<report>
				<misses>5600001</misses>
				<total>574457</total>
				<timestamp>294.379196</timestamp>
			</report>
			<report>
				<misses>5700001</misses>
				<total>574457</total>
				<timestamp>299.629116</timestamp>
			</report>
		</query>
	</custom>
	<ethtool_statistic>
		<rx_packets>
			<start>342622178</start>
			<end>388436353</end>
		</rx_packets>
		<tx_packets>
			<start>392837086</start>
			<end>438488927</end>
		</tx_packets>
		<rx_dropped>
			<start>0</start>
			<end>0</end>
		</rx_dropped>
		<tx_dropped>
			<start>0</start>
			<end>0</end>
		</tx_dropped>
		<collisions>
			<start>0</start>
			<end>0</end>
		</collisions>
		<port_tx_errors>
			<start>0</start>
			<end>0</end>
		</port_tx_errors>
		<port_rx_dropped>
			<start>0</start>
			<end>0</end>
		</port_rx_dropped>
		<port_tx_dropped_link_down>
			<start>0</start>
			<end>0</end>
		</port_tx_dropped_link_down>
	</ethtool_statistic>
	<ip_statistic>
		<mtu>
			<start>9000</start>
			<end>9000</end>
		</mtu>
		<rx_bytes>
			<start>1959324044220</start>
			<end>2333166621900</end>
		</rx_bytes>
		<rx_packets>
			<start>342622178</start>
			<end>388436353</end>
		</rx_packets>
		<rx_errors>
			<start>0</start>
			<end>0</end>
		</rx_errors>
		<rx_dropped>
			<start>0</start>
			<end>0</end>
		</rx_dropped>
		<rx_missed>
			<start>0</start>
			<end>0</end>
		</rx_missed>
		<rx_mcast>
			<start>6</start>
			<end>6</end>
		</rx_mcast>
		<tx_bytes>
			<start>2065064619293</start>
			<end>2437582468715</end>
		</tx_bytes>
		<tx_packets>
			<start>392837086</start>
			<end>438488927</end>
		</tx_packets>
		<tx_errors>
			<start>0</start>
			<end>0</end>
		</tx_errors>
		<tx_dropped>
			<start>0</start>
			<end>0</end>
		</tx_dropped>
		<tx_carrier>
			<start>0</start>
			<end>0</end>
		</tx_carrier>
		<tx_collisions>
			<start>0</start>
			<end>0</end>
		</tx_collisions>
	</ip_statistic>
	<netstat_statistic>
		<udp_pkg_rec>
			<start>2234716242</start>
			<end>2274947536</end>
		</udp_pkg_rec>
		<udp_pkg_snt>
			<start>2272130855</start>
			<end>2317804484</end>
		</udp_pkg_snt>
		<udp_rec_err>
			<start>0</start>
			<end>0</end>
		</udp_rec_err>
		<udp_rec_buf_err>
			<start>0</start>
			<end>0</end>
		</udp_rec_buf_err>
		<udp_snt_buf_err>
			<start>0</start>
			<end>0</end>
		</udp_snt_buf_err>
	</netstat_statistic>
</test_results>
