<?xml version="1.0"?>
<test_results>
	<status>STATUS_SUCCESS</status>
	<custom>
		<num_loss>87</num_loss>
		<num_total>9000001</num_total>
		<num_misses>56</num_misses>
		<elapsed_time>1170.006441</elapsed_time>
	</custom>
	<ethtool_statistic>
		<rx_packets>
			<start>13934563378</start>
			<end>13982161584</end>
		</rx_packets>
		<tx_packets>
			<start>18414456333</start>
			<end>18519285065</end>
		</tx_packets>
		<rx_dropped>
			<start>0</start>
			<end>0</end>
		</rx_dropped>
		<tx_dropped>
			<start>0</start>
			<end>0</end>
		</tx_dropped>
		<collisions>
			<start>0</start>
			<end>0</end>
		</collisions>
		<port_tx_errors>
			<start>-1</start>
			<end>-1</end>
		</port_tx_errors>
		<port_rx_dropped>
			<start>-1</start>
			<end>-1</end>
		</port_rx_dropped>
		<port_tx_dropped_link_down>
			<start>-1</start>
			<end>-1</end>
		</port_tx_dropped_link_down>
	</ethtool_statistic>
	<ip_statistic>
		<mtu>
			<start>9000</start>
			<end>9000</end>
		</mtu>
		<rx_bytes>
			<start>125226311710074</start>
			<end>125654215496261</end>
		</rx_bytes>
		<rx_packets>
			<start>13934563500</start>
			<end>13982161703</end>
		</rx_packets>
		<rx_errors>
			<start>0</start>
			<end>0</end>
		</rx_errors>
		<rx_dropped>
			<start>0</start>
			<end>0</end>
		</rx_dropped>
		<rx_missed>
			<start>1757</start>
			<end>1757</end>
		</rx_missed>
		<rx_mcast>
			<start>9320</start>
			<end>9349</end>
		</rx_mcast>
		<tx_bytes>
			<start>149030363443453</start>
			<end>149913010595467</end>
		</tx_bytes>
		<tx_packets>
			<start>18414456348</start>
			<end>18519285065</end>
		</tx_packets>
		<tx_errors>
			<start>0</start>
			<end>0</end>
		</tx_errors>
		<tx_dropped>
			<start>0</start>
			<end>0</end>
		</tx_dropped>
		<tx_carrier>
			<start>0</start>
			<end>0</end>
		</tx_carrier>
		<tx_collisions>
			<start>0</start>
			<end>0</end>
		</tx_collisions>
	</ip_statistic>
</test_results>
