<?xml version="1.0"?>
<test_results>
	<status>STATUS_SUCCESS</status>
	<custom>
		<num_loss>377</num_loss>
		<num_total>5000001</num_total>
		<num_misses>0</num_misses>
		<elapsed_time>1699.983193</elapsed_time>
		<query>
			<report>
				<misses>100000</misses>
				<total>8</total>
				<timestamp>33.999864</timestamp>
			</report>
			<report>
				<misses>200000</misses>
				<total>17</total>
				<timestamp>67.999523</timestamp>
			</report>
			<report>
				<misses>300000</misses>
				<total>23</total>
				<timestamp>101.999177</timestamp>
			</report>
			<report>
				<misses>400000</misses>
				<total>26</total>
				<timestamp>135.998887</timestamp>
			</report>
			<report>
				<misses>500000</misses>
				<total>27</total>
				<timestamp>169.998466</timestamp>
			</report>
			<report>
				<misses>600000</misses>
				<total>30</total>
				<timestamp>203.998134</timestamp>
			</report>
			<report>
				<misses>700000</misses>
				<total>40</total>
				<timestamp>237.997833</timestamp>
			</report>
			<report>
				<misses>800000</misses>
				<total>49</total>
				<timestamp>271.997458</timestamp>
			</report>
			<report>
				<misses>900000</misses>
				<total>56</total>
				<timestamp>305.997125</timestamp>
			</report>
			<report>
				<misses>1000000</misses>
				<total>59</total>
				<timestamp>339.996861</timestamp>
			</report>
			<report>
				<misses>1100000</misses>
				<total>61</total>
				<timestamp>373.996429</timestamp>
			</report>
			<report>
				<misses>1200000</misses>
				<total>70</total>
				<timestamp>407.996095</timestamp>
			</report>
			<report>
				<misses>1300000</misses>
				<total>88</total>
				<timestamp>441.995772</timestamp>
			</report>
			<report>
				<misses>1400000</misses>
				<total>97</total>
				<timestamp>475.995399</timestamp>
			</report>
			<report>
				<misses>1500000</misses>
				<total>105</total>
				<timestamp>509.995065</timestamp>
			</report>
			<report>
				<misses>1600000</misses>
				<total>108</total>
				<timestamp>543.994749</timestamp>
			</report>
			<report>
				<misses>1700000</misses>
				<total>119</total>
				<timestamp>577.994385</timestamp>
			</report>
			<report>
				<misses>1800000</misses>
				<total>126</total>
				<timestamp>611.994067</timestamp>
			</report>
			<report>
				<misses>1900000</misses>
				<total>127</total>
				<timestamp>645.993786</timestamp>
			</report>
			<report>
				<misses>2000000</misses>
				<total>128</total>
				<timestamp>679.993368</timestamp>
			</report>
			<report>
				<misses>2100000</misses>
				<total>138</total>
				<timestamp>713.993024</timestamp>
			</report>
			<report>
				<misses>2200000</misses>
				<total>145</total>
				<timestamp>747.992697</timestamp>
			</report>
			<report>
				<misses>2300000</misses>
				<total>150</total>
				<timestamp>781.992362</timestamp>
			</report>
			<report>
				<misses>2400000</misses>
				<total>168</total>
				<timestamp>815.992043</timestamp>
			</report>
			<report>
				<misses>2500000</misses>
				<total>174</total>
				<timestamp>849.991672</timestamp>
			</report>
			<report>
				<misses>2600000</misses>
				<total>181</total>
				<timestamp>883.991336</timestamp>
			</report>
			<report>
				<misses>2700000</misses>
				<total>191</total>
				<timestamp>917.990982</timestamp>
			</report>
			<report>
				<misses>2800000</misses>
				<total>201</total>
				<timestamp>951.990653</timestamp>
			</report>
			<report>
				<misses>2900000</misses>
				<total>208</total>
				<timestamp>985.990304</timestamp>
			</report>
			<report>
				<misses>3000000</misses>
				<total>212</total>
				<timestamp>1019.989976</timestamp>
			</report>
			<report>
				<misses>3100000</misses>
				<total>213</total>
				<timestamp>1053.989624</timestamp>
			</report>
			<report>
				<misses>3200000</misses>
				<total>214</total>
				<timestamp>1087.989330</timestamp>
			</report>
			<report>
				<misses>3300000</misses>
				<total>217</total>
				<timestamp>1121.988983</timestamp>
			</report>
			<report>
				<misses>3400000</misses>
				<total>224</total>
				<timestamp>1155.988657</timestamp>
			</report>
			<report>
				<misses>3500000</misses>
				<total>236</total>
				<timestamp>1189.988255</timestamp>
			</report>
			<report>
				<misses>3600000</misses>
				<total>250</total>
				<timestamp>1223.987953</timestamp>
			</report>
			<report>
				<misses>3700000</misses>
				<total>261</total>
				<timestamp>1257.987584</timestamp>
			</report>
			<report>
				<misses>3800000</misses>
				<total>281</total>
				<timestamp>1291.987237</timestamp>
			</report>
			<report>
				<misses>3900000</misses>
				<total>303</total>
				<timestamp>1325.986940</timestamp>
			</report>
			<report>
				<misses>4000000</misses>
				<total>313</total>
				<timestamp>1359.986580</timestamp>
			</report>
			<report>
				<misses>4100000</misses>
				<total>320</total>
				<timestamp>1393.986219</timestamp>
			</report>
			<report>
				<misses>4200000</misses>
				<total>327</total>
				<timestamp>1427.985880</timestamp>
			</report>
			<report>
				<misses>4300000</misses>
				<total>337</total>
				<timestamp>1461.985540</timestamp>
			</report>
			<report>
				<misses>4400000</misses>
				<total>342</total>
				<timestamp>1495.985244</timestamp>
			</report>
			<report>
				<misses>4500000</misses>
				<total>345</total>
				<timestamp>1529.984858</timestamp>
			</report>
			<report>
				<misses>4600000</misses>
				<total>349</total>
				<timestamp>1563.984526</timestamp>
			</report>
			<report>
				<misses>4700000</misses>
				<total>359</total>
				<timestamp>1597.984183</timestamp>
			</report>
			<report>
				<misses>4800000</misses>
				<total>359</total>
				<timestamp>1631.983847</timestamp>
			</report>
			<report>
				<misses>4900000</misses>
				<total>368</total>
				<timestamp>1665.983510</timestamp>
			</report>
			<report>
				<misses>5000000</misses>
				<total>378</total>
				<timestamp>1699.983168</timestamp>
			</report>
		</query>
	</custom>
	<ethtool_statistic>
		<rx_packets>
			<start>4924583722</start>
			<end>5003966794</end>
		</rx_packets>
		<tx_packets>
			<start>6410359248</start>
			<end>6497992796</end>
		</tx_packets>
		<rx_dropped>
			<start>250</start>
			<end>250</end>
		</rx_dropped>
		<tx_dropped>
			<start>0</start>
			<end>0</end>
		</tx_dropped>
		<collisions>
			<start>0</start>
			<end>0</end>
		</collisions>
		<port_tx_errors>
			<start>0</start>
			<end>0</end>
		</port_tx_errors>
		<port_rx_dropped>
			<start>0</start>
			<end>0</end>
		</port_rx_dropped>
		<port_tx_dropped_link_down>
			<start>0</start>
			<end>0</end>
		</port_tx_dropped_link_down>
	</ethtool_statistic>
	<ip_statistic>
		<mtu>
			<start>9000</start>
			<end>9000</end>
		</mtu>
		<rx_bytes>
			<start>44270507692852</start>
			<end>44984153474006</end>
		</rx_bytes>
		<rx_packets>
			<start>4924583787</start>
			<end>5003966861</end>
		</rx_packets>
		<rx_errors>
			<start>0</start>
			<end>0</end>
		</rx_errors>
		<rx_dropped>
			<start>250</start>
			<end>250</end>
		</rx_dropped>
		<rx_missed>
			<start>0</start>
			<end>0</end>
		</rx_missed>
		<rx_mcast>
			<start>1430</start>
			<end>1450</end>
		</rx_mcast>
		<tx_bytes>
			<start>44163748190338</start>
			<end>44918368046926</end>
		</tx_bytes>
		<tx_packets>
			<start>6410359295</start>
			<end>6497992870</end>
		</tx_packets>
		<tx_errors>
			<start>0</start>
			<end>0</end>
		</tx_errors>
		<tx_dropped>
			<start>0</start>
			<end>0</end>
		</tx_dropped>
		<tx_carrier>
			<start>0</start>
			<end>0</end>
		</tx_carrier>
		<tx_collisions>
			<start>0</start>
			<end>0</end>
		</tx_collisions>
	</ip_statistic>
	<netstat_statistic>
		<udp_pkg_rec>
			<start>4657482126</start>
			<end>4733992820</end>
		</udp_pkg_rec>
		<udp_pkg_snt>
			<start>4746539555</start>
			<end>4799186449</end>
		</udp_pkg_snt>
		<udp_rec_err>
			<start>267621049</start>
			<end>270501913</end>
		</udp_rec_err>
		<udp_rec_buf_err>
			<start>267621049</start>
			<end>270501913</end>
		</udp_rec_buf_err>
		<udp_snt_buf_err>
			<start>0</start>
			<end>0</end>
		</udp_snt_buf_err>
	</netstat_statistic>
</test_results>
