<?xml version="1.0"?>
<test_results>
	<status>STATUS_SUCCESS</status>
	<custom>
		<num_loss>392</num_loss>
		<num_total>5000001</num_total>
		<num_misses>7</num_misses>
		<elapsed_time>899.101494</elapsed_time>
		<query>
			<report>
				<misses>1001</misses>
				<total>1</total>
				<timestamp>0.180027</timestamp>
			</report>
			<report>
				<misses>2001</misses>
				<total>1</total>
				<timestamp>0.359826</timestamp>
			</report>
			<report>
				<misses>3001</misses>
				<total>1</total>
				<timestamp>0.539661</timestamp>
			</report>
			<report>
				<misses>4001</misses>
				<total>1</total>
				<timestamp>0.719478</timestamp>
			</report>
			<report>
				<misses>5001</misses>
				<total>1</total>
				<timestamp>0.899291</timestamp>
			</report>
			<report>
				<misses>6001</misses>
				<total>1</total>
				<timestamp>1.079155</timestamp>
			</report>
			<report>
				<misses>7001</misses>
				<total>1</total>
				<timestamp>1.258924</timestamp>
			</report>
			<report>
				<misses>8001</misses>
				<total>1</total>
				<timestamp>1.438739</timestamp>
			</report>
			<report>
				<misses>9001</misses>
				<total>1</total>
				<timestamp>1.618586</timestamp>
			</report>
			<report>
				<misses>10001</misses>
				<total>4</total>
				<timestamp>1.798392</timestamp>
			</report>
			<report>
				<misses>11001</misses>
				<total>4</total>
				<timestamp>1.978221</timestamp>
			</report>
			<report>
				<misses>12001</misses>
				<total>4</total>
				<timestamp>2.158067</timestamp>
			</report>
			<report>
				<misses>13001</misses>
				<total>4</total>
				<timestamp>2.337845</timestamp>
			</report>
			<report>
				<misses>14001</misses>
				<total>4</total>
				<timestamp>2.517666</timestamp>
			</report>
			<report>
				<misses>15001</misses>
				<total>4</total>
				<timestamp>2.697498</timestamp>
			</report>
			<report>
				<misses>16001</misses>
				<total>4</total>
				<timestamp>2.877313</timestamp>
			</report>
			<report>
				<misses>17001</misses>
				<total>4</total>
				<timestamp>3.057161</timestamp>
			</report>
			<report>
				<misses>18001</misses>
				<total>4</total>
				<timestamp>3.236939</timestamp>
			</report>
			<report>
				<misses>19001</misses>
				<total>3</total>
				<timestamp>3.416767</timestamp>
			</report>
			<report>
				<misses>20001</misses>
				<total>4</total>
				<timestamp>3.596581</timestamp>
			</report>
			<report>
				<misses>21001</misses>
				<total>4</total>
				<timestamp>3.776452</timestamp>
			</report>
			<report>
				<misses>22001</misses>
				<total>4</total>
				<timestamp>3.956231</timestamp>
			</report>
			<report>
				<misses>23001</misses>
				<total>4</total>
				<timestamp>4.136089</timestamp>
			</report>
			<report>
				<misses>24001</misses>
				<total>4</total>
				<timestamp>4.315874</timestamp>
			</report>
			<report>
				<misses>25001</misses>
				<total>4</total>
				<timestamp>4.495673</timestamp>
			</report>
			<report>
				<misses>26001</misses>
				<total>4</total>
				<timestamp>4.675505</timestamp>
			</report>
			<report>
				<misses>27001</misses>
				<total>4</total>
				<timestamp>4.855335</timestamp>
			</report>
			<report>
				<misses>28001</misses>
				<total>4</total>
				<timestamp>5.035146</timestamp>
			</report>
			<report>
				<misses>29001</misses>
				<total>4</total>
				<timestamp>5.214950</timestamp>
			</report>
			<report>
				<misses>30001</misses>
				<total>4</total>
				<timestamp>5.394767</timestamp>
			</report>
			<report>
				<misses>31001</misses>
				<total>4</total>
				<timestamp>5.574615</timestamp>
			</report>
			<report>
				<misses>32001</misses>
				<total>4</total>
				<timestamp>5.754433</timestamp>
			</report>
			<report>
				<misses>33001</misses>
				<total>4</total>
				<timestamp>5.934242</timestamp>
			</report>
			<report>
				<misses>34001</misses>
				<total>4</total>
				<timestamp>6.114115</timestamp>
			</report>
			<report>
				<misses>35001</misses>
				<total>4</total>
				<timestamp>6.293884</timestamp>
			</report>
			<report>
				<misses>36001</misses>
				<total>4</total>
				<timestamp>6.473689</timestamp>
			</report>
			<report>
				<misses>37001</misses>
				<total>4</total>
				<timestamp>6.653533</timestamp>
			</report>
			<report>
				<misses>38001</misses>
				<total>4</total>
				<timestamp>6.833360</timestamp>
			</report>
			<report>
				<misses>39001</misses>
				<total>4</total>
				<timestamp>7.013210</timestamp>
			</report>
			<report>
				<misses>40001</misses>
				<total>4</total>
				<timestamp>7.192989</timestamp>
			</report>
			<report>
				<misses>41001</misses>
				<total>4</total>
				<timestamp>7.372816</timestamp>
			</report>
			<report>
				<misses>42001</misses>
				<total>4</total>
				<timestamp>7.552614</timestamp>
			</report>
			<report>
				<misses>43001</misses>
				<total>4</total>
				<timestamp>7.732423</timestamp>
			</report>
			<report>
				<misses>44001</misses>
				<total>4</total>
				<timestamp>7.912258</timestamp>
			</report>
			<report>
				<misses>45001</misses>
				<total>4</total>
				<timestamp>8.092109</timestamp>
			</report>
			<report>
				<misses>46001</misses>
				<total>4</total>
				<timestamp>8.271912</timestamp>
			</report>
			<report>
				<misses>47001</misses>
				<total>4</total>
				<timestamp>8.451750</timestamp>
			</report>
			<report>
				<misses>48001</misses>
				<total>4</total>
				<timestamp>8.631559</timestamp>
			</report>
			<report>
				<misses>49001</misses>
				<total>4</total>
				<timestamp>8.811345</timestamp>
			</report>
			<report>
				<misses>50001</misses>
				<total>4</total>
				<timestamp>8.991236</timestamp>
			</report>
			<report>
				<misses>51001</misses>
				<total>4</total>
				<timestamp>9.171047</timestamp>
			</report>
			<report>
				<misses>52001</misses>
				<total>4</total>
				<timestamp>9.350839</timestamp>
			</report>
			<report>
				<misses>53001</misses>
				<total>4</total>
				<timestamp>9.530644</timestamp>
			</report>
			<report>
				<misses>54001</misses>
				<total>4</total>
				<timestamp>9.710462</timestamp>
			</report>
			<report>
				<misses>55001</misses>
				<total>4</total>
				<timestamp>9.890280</timestamp>
			</report>
			<report>
				<misses>56001</misses>
				<total>4</total>
				<timestamp>10.070090</timestamp>
			</report>
			<report>
				<misses>57001</misses>
				<total>4</total>
				<timestamp>10.249920</timestamp>
			</report>
			<report>
				<misses>58001</misses>
				<total>3</total>
				<timestamp>10.429756</timestamp>
			</report>
			<report>
				<misses>59001</misses>
				<total>16</total>
				<timestamp>10.609566</timestamp>
			</report>
			<report>
				<misses>60001</misses>
				<total>19</total>
				<timestamp>10.789374</timestamp>
			</report>
			<report>
				<misses>61001</misses>
				<total>19</total>
				<timestamp>10.969229</timestamp>
			</report>
			<report>
				<misses>62001</misses>
				<total>19</total>
				<timestamp>11.149031</timestamp>
			</report>
			<report>
				<misses>63001</misses>
				<total>19</total>
				<timestamp>11.328826</timestamp>
			</report>
			<report>
				<misses>64001</misses>
				<total>19</total>
				<timestamp>11.508650</timestamp>
			</report>
			<report>
				<misses>65001</misses>
				<total>19</total>
				<timestamp>11.688485</timestamp>
			</report>
			<report>
				<misses>66001</misses>
				<total>19</total>
				<timestamp>11.868322</timestamp>
			</report>
			<report>
				<misses>67001</misses>
				<total>19</total>
				<timestamp>12.048137</timestamp>
			</report>
			<report>
				<misses>68001</misses>
				<total>19</total>
				<timestamp>12.227947</timestamp>
			</report>
			<report>
				<misses>69001</misses>
				<total>19</total>
				<timestamp>12.407766</timestamp>
			</report>
			<report>
				<misses>70001</misses>
				<total>19</total>
				<timestamp>12.587577</timestamp>
			</report>
			<report>
				<misses>71001</misses>
				<total>19</total>
				<timestamp>12.767396</timestamp>
			</report>
			<report>
				<misses>72001</misses>
				<total>19</total>
				<timestamp>12.947248</timestamp>
			</report>
			<report>
				<misses>73001</misses>
				<total>19</total>
				<timestamp>13.127133</timestamp>
			</report>
			<report>
				<misses>74001</misses>
				<total>19</total>
				<timestamp>13.306865</timestamp>
			</report>
			<report>
				<misses>75001</misses>
				<total>19</total>
				<timestamp>13.486689</timestamp>
			</report>
			<report>
				<misses>76001</misses>
				<total>19</total>
				<timestamp>13.666534</timestamp>
			</report>
			<report>
				<misses>77001</misses>
				<total>19</total>
				<timestamp>13.846320</timestamp>
			</report>
			<report>
				<misses>78001</misses>
				<total>19</total>
				<timestamp>14.026204</timestamp>
			</report>
			<report>
				<misses>79001</misses>
				<total>19</total>
				<timestamp>14.205959</timestamp>
			</report>
			<report>
				<misses>80001</misses>
				<total>19</total>
				<timestamp>14.385772</timestamp>
			</report>
			<report>
				<misses>81001</misses>
				<total>19</total>
				<timestamp>14.565595</timestamp>
			</report>
			<report>
				<misses>82001</misses>
				<total>19</total>
				<timestamp>14.745449</timestamp>
			</report>
			<report>
				<misses>83001</misses>
				<total>19</total>
				<timestamp>14.925230</timestamp>
			</report>
			<report>
				<misses>84001</misses>
				<total>19</total>
				<timestamp>15.105095</timestamp>
			</report>
			<report>
				<misses>85001</misses>
				<total>19</total>
				<timestamp>15.284886</timestamp>
			</report>
			<report>
				<misses>86001</misses>
				<total>19</total>
				<timestamp>15.464701</timestamp>
			</report>
			<report>
				<misses>87001</misses>
				<total>19</total>
				<timestamp>15.644505</timestamp>
			</report>
			<report>
				<misses>88001</misses>
				<total>18</total>
				<timestamp>15.824345</timestamp>
			</report>
			<report>
				<misses>89001</misses>
				<total>19</total>
				<timestamp>16.004170</timestamp>
			</report>
			<report>
				<misses>90001</misses>
				<total>19</total>
				<timestamp>16.184012</timestamp>
			</report>
			<report>
				<misses>91001</misses>
				<total>19</total>
				<timestamp>16.363796</timestamp>
			</report>
			<report>
				<misses>92001</misses>
				<total>19</total>
				<timestamp>16.543629</timestamp>
			</report>
			<report>
				<misses>93001</misses>
				<total>19</total>
				<timestamp>16.723449</timestamp>
			</report>
			<report>
				<misses>94001</misses>
				<total>19</total>
				<timestamp>16.903244</timestamp>
			</report>
			<report>
				<misses>95001</misses>
				<total>19</total>
				<timestamp>17.083083</timestamp>
			</report>
			<report>
				<misses>96001</misses>
				<total>19</total>
				<timestamp>17.262906</timestamp>
			</report>
			<report>
				<misses>97001</misses>
				<total>19</total>
				<timestamp>17.442723</timestamp>
			</report>
			<report>
				<misses>98001</misses>
				<total>19</total>
				<timestamp>17.622547</timestamp>
			</report>
			<report>
				<misses>99001</misses>
				<total>19</total>
				<timestamp>17.802348</timestamp>
			</report>
			<report>
				<misses>100001</misses>
				<total>19</total>
				<timestamp>17.982191</timestamp>
			</report>
			<report>
				<misses>101001</misses>
				<total>19</total>
				<timestamp>18.162064</timestamp>
			</report>
			<report>
				<misses>102001</misses>
				<total>19</total>
				<timestamp>18.341828</timestamp>
			</report>
			<report>
				<misses>103001</misses>
				<total>19</total>
				<timestamp>18.521642</timestamp>
			</report>
			<report>
				<misses>104001</misses>
				<total>19</total>
				<timestamp>18.701477</timestamp>
			</report>
			<report>
				<misses>105001</misses>
				<total>19</total>
				<timestamp>18.881272</timestamp>
			</report>
			<report>
				<misses>106001</misses>
				<total>19</total>
				<timestamp>19.061097</timestamp>
			</report>
			<report>
				<misses>107001</misses>
				<total>19</total>
				<timestamp>19.240919</timestamp>
			</report>
			<report>
				<misses>108001</misses>
				<total>19</total>
				<timestamp>19.420732</timestamp>
			</report>
			<report>
				<misses>109001</misses>
				<total>19</total>
				<timestamp>19.600576</timestamp>
			</report>
			<report>
				<misses>110001</misses>
				<total>21</total>
				<timestamp>19.780422</timestamp>
			</report>
			<report>
				<misses>111001</misses>
				<total>21</total>
				<timestamp>19.960212</timestamp>
			</report>
			<report>
				<misses>112001</misses>
				<total>21</total>
				<timestamp>20.140035</timestamp>
			</report>
			<report>
				<misses>113001</misses>
				<total>21</total>
				<timestamp>20.319851</timestamp>
			</report>
			<report>
				<misses>114001</misses>
				<total>21</total>
				<timestamp>20.499667</timestamp>
			</report>
			<report>
				<misses>115001</misses>
				<total>21</total>
				<timestamp>20.679460</timestamp>
			</report>
			<report>
				<misses>116001</misses>
				<total>21</total>
				<timestamp>20.859277</timestamp>
			</report>
			<report>
				<misses>117001</misses>
				<total>21</total>
				<timestamp>21.039135</timestamp>
			</report>
			<report>
				<misses>118001</misses>
				<total>21</total>
				<timestamp>21.218955</timestamp>
			</report>
			<report>
				<misses>119001</misses>
				<total>21</total>
				<timestamp>21.398759</timestamp>
			</report>
			<report>
				<misses>120001</misses>
				<total>21</total>
				<timestamp>21.578584</timestamp>
			</report>
			<report>
				<misses>121001</misses>
				<total>21</total>
				<timestamp>21.758399</timestamp>
			</report>
			<report>
				<misses>122001</misses>
				<total>21</total>
				<timestamp>21.938215</timestamp>
			</report>
			<report>
				<misses>123001</misses>
				<total>21</total>
				<timestamp>22.118074</timestamp>
			</report>
			<report>
				<misses>124001</misses>
				<total>21</total>
				<timestamp>22.297876</timestamp>
			</report>
			<report>
				<misses>125001</misses>
				<total>21</total>
				<timestamp>22.477690</timestamp>
			</report>
			<report>
				<misses>126001</misses>
				<total>21</total>
				<timestamp>22.657492</timestamp>
			</report>
			<report>
				<misses>127001</misses>
				<total>21</total>
				<timestamp>22.837352</timestamp>
			</report>
			<report>
				<misses>128001</misses>
				<total>21</total>
				<timestamp>23.017147</timestamp>
			</report>
			<report>
				<misses>129001</misses>
				<total>21</total>
				<timestamp>23.196968</timestamp>
			</report>
			<report>
				<misses>130001</misses>
				<total>21</total>
				<timestamp>23.376777</timestamp>
			</report>
			<report>
				<misses>131001</misses>
				<total>21</total>
				<timestamp>23.556590</timestamp>
			</report>
			<report>
				<misses>132001</misses>
				<total>21</total>
				<timestamp>23.736416</timestamp>
			</report>
			<report>
				<misses>133001</misses>
				<total>21</total>
				<timestamp>23.916240</timestamp>
			</report>
			<report>
				<misses>134001</misses>
				<total>21</total>
				<timestamp>24.096063</timestamp>
			</report>
			<report>
				<misses>135001</misses>
				<total>21</total>
				<timestamp>24.275875</timestamp>
			</report>
			<report>
				<misses>136001</misses>
				<total>21</total>
				<timestamp>24.455707</timestamp>
			</report>
			<report>
				<misses>137001</misses>
				<total>21</total>
				<timestamp>24.635512</timestamp>
			</report>
			<report>
				<misses>138001</misses>
				<total>21</total>
				<timestamp>24.815356</timestamp>
			</report>
			<report>
				<misses>139001</misses>
				<total>21</total>
				<timestamp>24.995162</timestamp>
			</report>
			<report>
				<misses>140001</misses>
				<total>20</total>
				<timestamp>25.174997</timestamp>
			</report>
			<report>
				<misses>141001</misses>
				<total>21</total>
				<timestamp>25.354814</timestamp>
			</report>
			<report>
				<misses>142001</misses>
				<total>21</total>
				<timestamp>25.534639</timestamp>
			</report>
			<report>
				<misses>143001</misses>
				<total>21</total>
				<timestamp>25.714440</timestamp>
			</report>
			<report>
				<misses>144001</misses>
				<total>21</total>
				<timestamp>25.894470</timestamp>
			</report>
			<report>
				<misses>145001</misses>
				<total>21</total>
				<timestamp>26.074252</timestamp>
			</report>
			<report>
				<misses>146001</misses>
				<total>21</total>
				<timestamp>26.254079</timestamp>
			</report>
			<report>
				<misses>147001</misses>
				<total>21</total>
				<timestamp>26.433891</timestamp>
			</report>
			<report>
				<misses>148001</misses>
				<total>20</total>
				<timestamp>26.613744</timestamp>
			</report>
			<report>
				<misses>149001</misses>
				<total>21</total>
				<timestamp>26.793543</timestamp>
			</report>
			<report>
				<misses>150001</misses>
				<total>21</total>
				<timestamp>26.973341</timestamp>
			</report>
			<report>
				<misses>151001</misses>
				<total>21</total>
				<timestamp>27.153166</timestamp>
			</report>
			<report>
				<misses>152001</misses>
				<total>21</total>
				<timestamp>27.333030</timestamp>
			</report>
			<report>
				<misses>153001</misses>
				<total>21</total>
				<timestamp>27.512822</timestamp>
			</report>
			<report>
				<misses>154001</misses>
				<total>21</total>
				<timestamp>27.692645</timestamp>
			</report>
			<report>
				<misses>155001</misses>
				<total>21</total>
				<timestamp>27.872463</timestamp>
			</report>
			<report>
				<misses>156001</misses>
				<total>21</total>
				<timestamp>28.052287</timestamp>
			</report>
			<report>
				<misses>157001</misses>
				<total>21</total>
				<timestamp>28.232124</timestamp>
			</report>
			<report>
				<misses>158001</misses>
				<total>21</total>
				<timestamp>28.411928</timestamp>
			</report>
			<report>
				<misses>159001</misses>
				<total>21</total>
				<timestamp>28.591749</timestamp>
			</report>
			<report>
				<misses>160001</misses>
				<total>21</total>
				<timestamp>28.771572</timestamp>
			</report>
			<report>
				<misses>161001</misses>
				<total>21</total>
				<timestamp>28.951359</timestamp>
			</report>
			<report>
				<misses>162001</misses>
				<total>21</total>
				<timestamp>29.131213</timestamp>
			</report>
			<report>
				<misses>163001</misses>
				<total>21</total>
				<timestamp>29.311056</timestamp>
			</report>
			<report>
				<misses>164001</misses>
				<total>21</total>
				<timestamp>29.490850</timestamp>
			</report>
			<report>
				<misses>165001</misses>
				<total>21</total>
				<timestamp>29.670652</timestamp>
			</report>
			<report>
				<misses>166001</misses>
				<total>21</total>
				<timestamp>29.850472</timestamp>
			</report>
			<report>
				<misses>167001</misses>
				<total>21</total>
				<timestamp>30.030282</timestamp>
			</report>
			<report>
				<misses>168001</misses>
				<total>21</total>
				<timestamp>30.210140</timestamp>
			</report>
			<report>
				<misses>169001</misses>
				<total>21</total>
				<timestamp>30.389967</timestamp>
			</report>
			<report>
				<misses>170001</misses>
				<total>21</total>
				<timestamp>30.569767</timestamp>
			</report>
			<report>
				<misses>171001</misses>
				<total>21</total>
				<timestamp>30.749594</timestamp>
			</report>
			<report>
				<misses>172001</misses>
				<total>21</total>
				<timestamp>30.929413</timestamp>
			</report>
			<report>
				<misses>173001</misses>
				<total>21</total>
				<timestamp>31.109230</timestamp>
			</report>
			<report>
				<misses>174001</misses>
				<total>21</total>
				<timestamp>31.289060</timestamp>
			</report>
			<report>
				<misses>175001</misses>
				<total>21</total>
				<timestamp>31.468866</timestamp>
			</report>
			<report>
				<misses>176001</misses>
				<total>21</total>
				<timestamp>31.648691</timestamp>
			</report>
			<report>
				<misses>177001</misses>
				<total>21</total>
				<timestamp>31.828515</timestamp>
			</report>
			<report>
				<misses>178001</misses>
				<total>21</total>
				<timestamp>32.008363</timestamp>
			</report>
			<report>
				<misses>179001</misses>
				<total>21</total>
				<timestamp>32.188160</timestamp>
			</report>
			<report>
				<misses>180001</misses>
				<total>21</total>
				<timestamp>32.367966</timestamp>
			</report>
			<report>
				<misses>181001</misses>
				<total>21</total>
				<timestamp>32.547786</timestamp>
			</report>
			<report>
				<misses>182001</misses>
				<total>21</total>
				<timestamp>32.727606</timestamp>
			</report>
			<report>
				<misses>183001</misses>
				<total>21</total>
				<timestamp>32.907463</timestamp>
			</report>
			<report>
				<misses>184001</misses>
				<total>21</total>
				<timestamp>33.087228</timestamp>
			</report>
			<report>
				<misses>185001</misses>
				<total>22</total>
				<timestamp>33.267089</timestamp>
			</report>
			<report>
				<misses>186001</misses>
				<total>22</total>
				<timestamp>33.446865</timestamp>
			</report>
			<report>
				<misses>187001</misses>
				<total>22</total>
				<timestamp>33.626714</timestamp>
			</report>
			<report>
				<misses>188001</misses>
				<total>22</total>
				<timestamp>33.806508</timestamp>
			</report>
			<report>
				<misses>189001</misses>
				<total>22</total>
				<timestamp>33.986367</timestamp>
			</report>
			<report>
				<misses>190001</misses>
				<total>22</total>
				<timestamp>34.166163</timestamp>
			</report>
			<report>
				<misses>191001</misses>
				<total>22</total>
				<timestamp>34.345989</timestamp>
			</report>
			<report>
				<misses>192001</misses>
				<total>22</total>
				<timestamp>34.525787</timestamp>
			</report>
			<report>
				<misses>193001</misses>
				<total>22</total>
				<timestamp>34.705612</timestamp>
			</report>
			<report>
				<misses>194001</misses>
				<total>22</total>
				<timestamp>34.885466</timestamp>
			</report>
			<report>
				<misses>195001</misses>
				<total>22</total>
				<timestamp>35.065264</timestamp>
			</report>
			<report>
				<misses>196001</misses>
				<total>22</total>
				<timestamp>35.245085</timestamp>
			</report>
			<report>
				<misses>197001</misses>
				<total>22</total>
				<timestamp>35.424927</timestamp>
			</report>
			<report>
				<misses>198001</misses>
				<total>22</total>
				<timestamp>35.605081</timestamp>
			</report>
			<report>
				<misses>199001</misses>
				<total>22</total>
				<timestamp>35.784946</timestamp>
			</report>
			<report>
				<misses>200001</misses>
				<total>22</total>
				<timestamp>35.964745</timestamp>
			</report>
			<report>
				<misses>201001</misses>
				<total>21</total>
				<timestamp>36.144542</timestamp>
			</report>
			<report>
				<misses>202001</misses>
				<total>22</total>
				<timestamp>36.324389</timestamp>
			</report>
			<report>
				<misses>203001</misses>
				<total>22</total>
				<timestamp>36.504179</timestamp>
			</report>
			<report>
				<misses>204001</misses>
				<total>22</total>
				<timestamp>36.684015</timestamp>
			</report>
			<report>
				<misses>205001</misses>
				<total>23</total>
				<timestamp>36.863823</timestamp>
			</report>
			<report>
				<misses>206001</misses>
				<total>23</total>
				<timestamp>37.043639</timestamp>
			</report>
			<report>
				<misses>207001</misses>
				<total>23</total>
				<timestamp>37.223447</timestamp>
			</report>
			<report>
				<misses>208001</misses>
				<total>23</total>
				<timestamp>37.403281</timestamp>
			</report>
			<report>
				<misses>209001</misses>
				<total>23</total>
				<timestamp>37.583131</timestamp>
			</report>
			<report>
				<misses>210001</misses>
				<total>23</total>
				<timestamp>37.762918</timestamp>
			</report>
			<report>
				<misses>211001</misses>
				<total>23</total>
				<timestamp>37.942748</timestamp>
			</report>
			<report>
				<misses>212001</misses>
				<total>23</total>
				<timestamp>38.122575</timestamp>
			</report>
			<report>
				<misses>213001</misses>
				<total>23</total>
				<timestamp>38.302366</timestamp>
			</report>
			<report>
				<misses>214001</misses>
				<total>23</total>
				<timestamp>38.482187</timestamp>
			</report>
			<report>
				<misses>215001</misses>
				<total>23</total>
				<timestamp>38.662049</timestamp>
			</report>
			<report>
				<misses>216001</misses>
				<total>23</total>
				<timestamp>38.841841</timestamp>
			</report>
			<report>
				<misses>217001</misses>
				<total>23</total>
				<timestamp>39.021685</timestamp>
			</report>
			<report>
				<misses>218001</misses>
				<total>23</total>
				<timestamp>39.201466</timestamp>
			</report>
			<report>
				<misses>219001</misses>
				<total>23</total>
				<timestamp>39.381300</timestamp>
			</report>
			<report>
				<misses>220001</misses>
				<total>24</total>
				<timestamp>39.561137</timestamp>
			</report>
			<report>
				<misses>221001</misses>
				<total>24</total>
				<timestamp>39.740929</timestamp>
			</report>
			<report>
				<misses>222001</misses>
				<total>24</total>
				<timestamp>39.920749</timestamp>
			</report>
			<report>
				<misses>223001</misses>
				<total>24</total>
				<timestamp>40.100598</timestamp>
			</report>
			<report>
				<misses>224001</misses>
				<total>24</total>
				<timestamp>40.280461</timestamp>
			</report>
			<report>
				<misses>225001</misses>
				<total>24</total>
				<timestamp>40.460202</timestamp>
			</report>
			<report>
				<misses>226001</misses>
				<total>24</total>
				<timestamp>40.640096</timestamp>
			</report>
			<report>
				<misses>227001</misses>
				<total>24</total>
				<timestamp>40.819867</timestamp>
			</report>
			<report>
				<misses>228001</misses>
				<total>24</total>
				<timestamp>40.999667</timestamp>
			</report>
			<report>
				<misses>229001</misses>
				<total>24</total>
				<timestamp>41.179483</timestamp>
			</report>
			<report>
				<misses>230001</misses>
				<total>24</total>
				<timestamp>41.359311</timestamp>
			</report>
			<report>
				<misses>231001</misses>
				<total>24</total>
				<timestamp>41.539147</timestamp>
			</report>
			<report>
				<misses>232001</misses>
				<total>24</total>
				<timestamp>41.718974</timestamp>
			</report>
			<report>
				<misses>233001</misses>
				<total>24</total>
				<timestamp>41.898779</timestamp>
			</report>
			<report>
				<misses>234001</misses>
				<total>24</total>
				<timestamp>42.078601</timestamp>
			</report>
			<report>
				<misses>235001</misses>
				<total>24</total>
				<timestamp>42.258433</timestamp>
			</report>
			<report>
				<misses>236001</misses>
				<total>25</total>
				<timestamp>42.438267</timestamp>
			</report>
			<report>
				<misses>237001</misses>
				<total>24</total>
				<timestamp>42.618097</timestamp>
			</report>
			<report>
				<misses>238001</misses>
				<total>25</total>
				<timestamp>42.797889</timestamp>
			</report>
			<report>
				<misses>239001</misses>
				<total>25</total>
				<timestamp>42.977695</timestamp>
			</report>
			<report>
				<misses>240001</misses>
				<total>25</total>
				<timestamp>43.157509</timestamp>
			</report>
			<report>
				<misses>241001</misses>
				<total>25</total>
				<timestamp>43.337366</timestamp>
			</report>
			<report>
				<misses>242001</misses>
				<total>25</total>
				<timestamp>43.517200</timestamp>
			</report>
			<report>
				<misses>243001</misses>
				<total>24</total>
				<timestamp>43.697012</timestamp>
			</report>
			<report>
				<misses>244001</misses>
				<total>25</total>
				<timestamp>43.876824</timestamp>
			</report>
			<report>
				<misses>245001</misses>
				<total>25</total>
				<timestamp>44.056652</timestamp>
			</report>
			<report>
				<misses>246001</misses>
				<total>25</total>
				<timestamp>44.236474</timestamp>
			</report>
			<report>
				<misses>247001</misses>
				<total>25</total>
				<timestamp>44.416293</timestamp>
			</report>
			<report>
				<misses>248001</misses>
				<total>25</total>
				<timestamp>44.596109</timestamp>
			</report>
			<report>
				<misses>249001</misses>
				<total>25</total>
				<timestamp>44.775916</timestamp>
			</report>
			<report>
				<misses>250001</misses>
				<total>24</total>
				<timestamp>44.955725</timestamp>
			</report>
			<report>
				<misses>251001</misses>
				<total>25</total>
				<timestamp>45.135547</timestamp>
			</report>
			<report>
				<misses>252001</misses>
				<total>25</total>
				<timestamp>45.315385</timestamp>
			</report>
			<report>
				<misses>253001</misses>
				<total>25</total>
				<timestamp>45.495171</timestamp>
			</report>
			<report>
				<misses>254001</misses>
				<total>25</total>
				<timestamp>45.675030</timestamp>
			</report>
			<report>
				<misses>255001</misses>
				<total>25</total>
				<timestamp>45.854864</timestamp>
			</report>
			<report>
				<misses>256001</misses>
				<total>25</total>
				<timestamp>46.034649</timestamp>
			</report>
			<report>
				<misses>257001</misses>
				<total>25</total>
				<timestamp>46.214475</timestamp>
			</report>
			<report>
				<misses>258001</misses>
				<total>25</total>
				<timestamp>46.394273</timestamp>
			</report>
			<report>
				<misses>259001</misses>
				<total>25</total>
				<timestamp>46.574132</timestamp>
			</report>
			<report>
				<misses>260001</misses>
				<total>24</total>
				<timestamp>46.753942</timestamp>
			</report>
			<report>
				<misses>261001</misses>
				<total>25</total>
				<timestamp>46.933762</timestamp>
			</report>
			<report>
				<misses>262001</misses>
				<total>25</total>
				<timestamp>47.113557</timestamp>
			</report>
			<report>
				<misses>263001</misses>
				<total>25</total>
				<timestamp>47.293366</timestamp>
			</report>
			<report>
				<misses>264001</misses>
				<total>25</total>
				<timestamp>47.473197</timestamp>
			</report>
			<report>
				<misses>265001</misses>
				<total>25</total>
				<timestamp>47.653029</timestamp>
			</report>
			<report>
				<misses>266001</misses>
				<total>25</total>
				<timestamp>47.832876</timestamp>
			</report>
			<report>
				<misses>267001</misses>
				<total>25</total>
				<timestamp>48.012645</timestamp>
			</report>
			<report>
				<misses>268001</misses>
				<total>25</total>
				<timestamp>48.192468</timestamp>
			</report>
			<report>
				<misses>269001</misses>
				<total>25</total>
				<timestamp>48.372299</timestamp>
			</report>
			<report>
				<misses>270001</misses>
				<total>25</total>
				<timestamp>48.552124</timestamp>
			</report>
			<report>
				<misses>271001</misses>
				<total>24</total>
				<timestamp>48.731967</timestamp>
			</report>
			<report>
				<misses>272001</misses>
				<total>25</total>
				<timestamp>48.911771</timestamp>
			</report>
			<report>
				<misses>273001</misses>
				<total>25</total>
				<timestamp>49.091579</timestamp>
			</report>
			<report>
				<misses>274001</misses>
				<total>25</total>
				<timestamp>49.271446</timestamp>
			</report>
			<report>
				<misses>275001</misses>
				<total>25</total>
				<timestamp>49.451210</timestamp>
			</report>
			<report>
				<misses>276001</misses>
				<total>25</total>
				<timestamp>49.631052</timestamp>
			</report>
			<report>
				<misses>277001</misses>
				<total>25</total>
				<timestamp>49.810867</timestamp>
			</report>
			<report>
				<misses>278001</misses>
				<total>25</total>
				<timestamp>49.990671</timestamp>
			</report>
			<report>
				<misses>279001</misses>
				<total>25</total>
				<timestamp>50.170492</timestamp>
			</report>
			<report>
				<misses>280001</misses>
				<total>25</total>
				<timestamp>50.350307</timestamp>
			</report>
			<report>
				<misses>281001</misses>
				<total>25</total>
				<timestamp>50.530123</timestamp>
			</report>
			<report>
				<misses>282001</misses>
				<total>25</total>
				<timestamp>50.709966</timestamp>
			</report>
			<report>
				<misses>283001</misses>
				<total>25</total>
				<timestamp>50.889825</timestamp>
			</report>
			<report>
				<misses>284001</misses>
				<total>25</total>
				<timestamp>51.069585</timestamp>
			</report>
			<report>
				<misses>285001</misses>
				<total>25</total>
				<timestamp>51.249406</timestamp>
			</report>
			<report>
				<misses>286001</misses>
				<total>25</total>
				<timestamp>51.429229</timestamp>
			</report>
			<report>
				<misses>287001</misses>
				<total>25</total>
				<timestamp>51.609064</timestamp>
			</report>
			<report>
				<misses>288001</misses>
				<total>25</total>
				<timestamp>51.788893</timestamp>
			</report>
			<report>
				<misses>289001</misses>
				<total>25</total>
				<timestamp>51.968695</timestamp>
			</report>
			<report>
				<misses>290001</misses>
				<total>25</total>
				<timestamp>52.148494</timestamp>
			</report>
			<report>
				<misses>291001</misses>
				<total>25</total>
				<timestamp>52.328376</timestamp>
			</report>
			<report>
				<misses>292001</misses>
				<total>25</total>
				<timestamp>52.508160</timestamp>
			</report>
			<report>
				<misses>293001</misses>
				<total>25</total>
				<timestamp>52.687994</timestamp>
			</report>
			<report>
				<misses>294001</misses>
				<total>25</total>
				<timestamp>52.867813</timestamp>
			</report>
			<report>
				<misses>295001</misses>
				<total>25</total>
				<timestamp>53.047621</timestamp>
			</report>
			<report>
				<misses>296001</misses>
				<total>25</total>
				<timestamp>53.227477</timestamp>
			</report>
			<report>
				<misses>297001</misses>
				<total>25</total>
				<timestamp>53.407275</timestamp>
			</report>
			<report>
				<misses>298001</misses>
				<total>25</total>
				<timestamp>53.587094</timestamp>
			</report>
			<report>
				<misses>299001</misses>
				<total>25</total>
				<timestamp>53.766918</timestamp>
			</report>
			<report>
				<misses>300001</misses>
				<total>25</total>
				<timestamp>53.946709</timestamp>
			</report>
			<report>
				<misses>301001</misses>
				<total>25</total>
				<timestamp>54.126525</timestamp>
			</report>
			<report>
				<misses>302001</misses>
				<total>25</total>
				<timestamp>54.306342</timestamp>
			</report>
			<report>
				<misses>303001</misses>
				<total>25</total>
				<timestamp>54.486193</timestamp>
			</report>
			<report>
				<misses>304001</misses>
				<total>25</total>
				<timestamp>54.666010</timestamp>
			</report>
			<report>
				<misses>305001</misses>
				<total>25</total>
				<timestamp>54.845835</timestamp>
			</report>
			<report>
				<misses>306001</misses>
				<total>25</total>
				<timestamp>55.025690</timestamp>
			</report>
			<report>
				<misses>307001</misses>
				<total>25</total>
				<timestamp>55.205454</timestamp>
			</report>
			<report>
				<misses>308001</misses>
				<total>25</total>
				<timestamp>55.385287</timestamp>
			</report>
			<report>
				<misses>309001</misses>
				<total>25</total>
				<timestamp>55.565113</timestamp>
			</report>
			<report>
				<misses>310001</misses>
				<total>25</total>
				<timestamp>55.744938</timestamp>
			</report>
			<report>
				<misses>311001</misses>
				<total>25</total>
				<timestamp>55.924741</timestamp>
			</report>
			<report>
				<misses>312001</misses>
				<total>25</total>
				<timestamp>56.104566</timestamp>
			</report>
			<report>
				<misses>313001</misses>
				<total>25</total>
				<timestamp>56.284385</timestamp>
			</report>
			<report>
				<misses>314001</misses>
				<total>25</total>
				<timestamp>56.464183</timestamp>
			</report>
			<report>
				<misses>315001</misses>
				<total>25</total>
				<timestamp>56.644059</timestamp>
			</report>
			<report>
				<misses>316001</misses>
				<total>25</total>
				<timestamp>56.823835</timestamp>
			</report>
			<report>
				<misses>317001</misses>
				<total>25</total>
				<timestamp>57.003646</timestamp>
			</report>
			<report>
				<misses>318001</misses>
				<total>25</total>
				<timestamp>57.183518</timestamp>
			</report>
			<report>
				<misses>319001</misses>
				<total>25</total>
				<timestamp>57.363304</timestamp>
			</report>
			<report>
				<misses>320001</misses>
				<total>25</total>
				<timestamp>57.543120</timestamp>
			</report>
			<report>
				<misses>321001</misses>
				<total>25</total>
				<timestamp>57.722943</timestamp>
			</report>
			<report>
				<misses>322001</misses>
				<total>25</total>
				<timestamp>57.902837</timestamp>
			</report>
			<report>
				<misses>323001</misses>
				<total>25</total>
				<timestamp>58.082569</timestamp>
			</report>
			<report>
				<misses>324001</misses>
				<total>25</total>
				<timestamp>58.262399</timestamp>
			</report>
			<report>
				<misses>325001</misses>
				<total>25</total>
				<timestamp>58.442222</timestamp>
			</report>
			<report>
				<misses>326001</misses>
				<total>25</total>
				<timestamp>58.622064</timestamp>
			</report>
			<report>
				<misses>327001</misses>
				<total>25</total>
				<timestamp>58.801882</timestamp>
			</report>
			<report>
				<misses>328001</misses>
				<total>24</total>
				<timestamp>58.981692</timestamp>
			</report>
			<report>
				<misses>329001</misses>
				<total>25</total>
				<timestamp>59.161505</timestamp>
			</report>
			<report>
				<misses>330001</misses>
				<total>25</total>
				<timestamp>59.341304</timestamp>
			</report>
			<report>
				<misses>331001</misses>
				<total>25</total>
				<timestamp>59.521160</timestamp>
			</report>
			<report>
				<misses>332001</misses>
				<total>25</total>
				<timestamp>59.700956</timestamp>
			</report>
			<report>
				<misses>333001</misses>
				<total>25</total>
				<timestamp>59.880790</timestamp>
			</report>
			<report>
				<misses>334001</misses>
				<total>25</total>
				<timestamp>60.060609</timestamp>
			</report>
			<report>
				<misses>335001</misses>
				<total>25</total>
				<timestamp>60.240427</timestamp>
			</report>
			<report>
				<misses>336001</misses>
				<total>25</total>
				<timestamp>60.420236</timestamp>
			</report>
			<report>
				<misses>337001</misses>
				<total>25</total>
				<timestamp>60.600058</timestamp>
			</report>
			<report>
				<misses>338001</misses>
				<total>25</total>
				<timestamp>60.779894</timestamp>
			</report>
			<report>
				<misses>339001</misses>
				<total>24</total>
				<timestamp>60.959696</timestamp>
			</report>
			<report>
				<misses>340001</misses>
				<total>25</total>
				<timestamp>61.139520</timestamp>
			</report>
			<report>
				<misses>341001</misses>
				<total>25</total>
				<timestamp>61.319324</timestamp>
			</report>
			<report>
				<misses>342001</misses>
				<total>25</total>
				<timestamp>61.499191</timestamp>
			</report>
			<report>
				<misses>343001</misses>
				<total>25</total>
				<timestamp>61.679038</timestamp>
			</report>
			<report>
				<misses>344001</misses>
				<total>25</total>
				<timestamp>61.858819</timestamp>
			</report>
			<report>
				<misses>345001</misses>
				<total>25</total>
				<timestamp>62.038613</timestamp>
			</report>
			<report>
				<misses>346001</misses>
				<total>25</total>
				<timestamp>62.218502</timestamp>
			</report>
			<report>
				<misses>347001</misses>
				<total>25</total>
				<timestamp>62.398322</timestamp>
			</report>
			<report>
				<misses>348001</misses>
				<total>25</total>
				<timestamp>62.578088</timestamp>
			</report>
			<report>
				<misses>349001</misses>
				<total>25</total>
				<timestamp>62.757919</timestamp>
			</report>
			<report>
				<misses>350001</misses>
				<total>25</total>
				<timestamp>62.937759</timestamp>
			</report>
			<report>
				<misses>351001</misses>
				<total>25</total>
				<timestamp>63.117548</timestamp>
			</report>
			<report>
				<misses>352001</misses>
				<total>25</total>
				<timestamp>63.297389</timestamp>
			</report>
			<report>
				<misses>353001</misses>
				<total>25</total>
				<timestamp>63.477172</timestamp>
			</report>
			<report>
				<misses>354001</misses>
				<total>24</total>
				<timestamp>63.657015</timestamp>
			</report>
			<report>
				<misses>355001</misses>
				<total>25</total>
				<timestamp>63.836812</timestamp>
			</report>
			<report>
				<misses>356001</misses>
				<total>25</total>
				<timestamp>64.016647</timestamp>
			</report>
			<report>
				<misses>357001</misses>
				<total>25</total>
				<timestamp>64.196449</timestamp>
			</report>
			<report>
				<misses>358001</misses>
				<total>25</total>
				<timestamp>64.376268</timestamp>
			</report>
			<report>
				<misses>359001</misses>
				<total>25</total>
				<timestamp>64.556100</timestamp>
			</report>
			<report>
				<misses>360001</misses>
				<total>25</total>
				<timestamp>64.735944</timestamp>
			</report>
			<report>
				<misses>361001</misses>
				<total>25</total>
				<timestamp>64.915781</timestamp>
			</report>
			<report>
				<misses>362001</misses>
				<total>25</total>
				<timestamp>65.095577</timestamp>
			</report>
			<report>
				<misses>363001</misses>
				<total>25</total>
				<timestamp>65.275382</timestamp>
			</report>
			<report>
				<misses>364001</misses>
				<total>25</total>
				<timestamp>65.455275</timestamp>
			</report>
			<report>
				<misses>365001</misses>
				<total>25</total>
				<timestamp>65.635052</timestamp>
			</report>
			<report>
				<misses>366001</misses>
				<total>25</total>
				<timestamp>65.814864</timestamp>
			</report>
			<report>
				<misses>367001</misses>
				<total>25</total>
				<timestamp>65.994657</timestamp>
			</report>
			<report>
				<misses>368001</misses>
				<total>25</total>
				<timestamp>66.174476</timestamp>
			</report>
			<report>
				<misses>369001</misses>
				<total>25</total>
				<timestamp>66.354295</timestamp>
			</report>
			<report>
				<misses>370001</misses>
				<total>25</total>
				<timestamp>66.534122</timestamp>
			</report>
			<report>
				<misses>371001</misses>
				<total>25</total>
				<timestamp>66.713924</timestamp>
			</report>
			<report>
				<misses>372001</misses>
				<total>25</total>
				<timestamp>66.893758</timestamp>
			</report>
			<report>
				<misses>373001</misses>
				<total>24</total>
				<timestamp>67.073588</timestamp>
			</report>
			<report>
				<misses>374001</misses>
				<total>25</total>
				<timestamp>67.253396</timestamp>
			</report>
			<report>
				<misses>375001</misses>
				<total>25</total>
				<timestamp>67.433258</timestamp>
			</report>
			<report>
				<misses>376001</misses>
				<total>25</total>
				<timestamp>67.613021</timestamp>
			</report>
			<report>
				<misses>377001</misses>
				<total>26</total>
				<timestamp>67.792896</timestamp>
			</report>
			<report>
				<misses>378001</misses>
				<total>26</total>
				<timestamp>67.972744</timestamp>
			</report>
			<report>
				<misses>379001</misses>
				<total>26</total>
				<timestamp>68.152477</timestamp>
			</report>
			<report>
				<misses>380001</misses>
				<total>26</total>
				<timestamp>68.332312</timestamp>
			</report>
			<report>
				<misses>381001</misses>
				<total>26</total>
				<timestamp>68.512149</timestamp>
			</report>
			<report>
				<misses>382001</misses>
				<total>26</total>
				<timestamp>68.691951</timestamp>
			</report>
			<report>
				<misses>383001</misses>
				<total>27</total>
				<timestamp>68.871781</timestamp>
			</report>
			<report>
				<misses>384001</misses>
				<total>27</total>
				<timestamp>69.051623</timestamp>
			</report>
			<report>
				<misses>385001</misses>
				<total>27</total>
				<timestamp>69.231405</timestamp>
			</report>
			<report>
				<misses>386001</misses>
				<total>27</total>
				<timestamp>69.411245</timestamp>
			</report>
			<report>
				<misses>387001</misses>
				<total>27</total>
				<timestamp>69.591036</timestamp>
			</report>
			<report>
				<misses>388001</misses>
				<total>27</total>
				<timestamp>69.770871</timestamp>
			</report>
			<report>
				<misses>389001</misses>
				<total>27</total>
				<timestamp>69.950755</timestamp>
			</report>
			<report>
				<misses>390001</misses>
				<total>27</total>
				<timestamp>70.130513</timestamp>
			</report>
			<report>
				<misses>391001</misses>
				<total>27</total>
				<timestamp>70.310340</timestamp>
			</report>
			<report>
				<misses>392001</misses>
				<total>27</total>
				<timestamp>70.490181</timestamp>
			</report>
			<report>
				<misses>393001</misses>
				<total>27</total>
				<timestamp>70.669990</timestamp>
			</report>
			<report>
				<misses>394001</misses>
				<total>27</total>
				<timestamp>70.849781</timestamp>
			</report>
			<report>
				<misses>395001</misses>
				<total>27</total>
				<timestamp>71.029619</timestamp>
			</report>
			<report>
				<misses>396001</misses>
				<total>27</total>
				<timestamp>71.209447</timestamp>
			</report>
			<report>
				<misses>397001</misses>
				<total>27</total>
				<timestamp>71.389274</timestamp>
			</report>
			<report>
				<misses>398001</misses>
				<total>27</total>
				<timestamp>71.569067</timestamp>
			</report>
			<report>
				<misses>399001</misses>
				<total>27</total>
				<timestamp>71.748885</timestamp>
			</report>
			<report>
				<misses>400001</misses>
				<total>27</total>
				<timestamp>71.928717</timestamp>
			</report>
			<report>
				<misses>401001</misses>
				<total>27</total>
				<timestamp>72.108536</timestamp>
			</report>
			<report>
				<misses>402001</misses>
				<total>27</total>
				<timestamp>72.288340</timestamp>
			</report>
			<report>
				<misses>403001</misses>
				<total>27</total>
				<timestamp>72.468174</timestamp>
			</report>
			<report>
				<misses>404001</misses>
				<total>27</total>
				<timestamp>72.648020</timestamp>
			</report>
			<report>
				<misses>405001</misses>
				<total>27</total>
				<timestamp>72.827844</timestamp>
			</report>
			<report>
				<misses>406001</misses>
				<total>27</total>
				<timestamp>73.007667</timestamp>
			</report>
			<report>
				<misses>407001</misses>
				<total>27</total>
				<timestamp>73.187449</timestamp>
			</report>
			<report>
				<misses>408001</misses>
				<total>27</total>
				<timestamp>73.367276</timestamp>
			</report>
			<report>
				<misses>409001</misses>
				<total>27</total>
				<timestamp>73.547102</timestamp>
			</report>
			<report>
				<misses>410001</misses>
				<total>27</total>
				<timestamp>73.726904</timestamp>
			</report>
			<report>
				<misses>411001</misses>
				<total>27</total>
				<timestamp>73.906739</timestamp>
			</report>
			<report>
				<misses>412001</misses>
				<total>26</total>
				<timestamp>74.086631</timestamp>
			</report>
			<report>
				<misses>413001</misses>
				<total>27</total>
				<timestamp>74.266371</timestamp>
			</report>
			<report>
				<misses>414001</misses>
				<total>27</total>
				<timestamp>74.446205</timestamp>
			</report>
			<report>
				<misses>415001</misses>
				<total>27</total>
				<timestamp>74.626015</timestamp>
			</report>
			<report>
				<misses>416001</misses>
				<total>27</total>
				<timestamp>74.805832</timestamp>
			</report>
			<report>
				<misses>417001</misses>
				<total>27</total>
				<timestamp>74.985697</timestamp>
			</report>
			<report>
				<misses>418001</misses>
				<total>27</total>
				<timestamp>75.165467</timestamp>
			</report>
			<report>
				<misses>419001</misses>
				<total>27</total>
				<timestamp>75.345303</timestamp>
			</report>
			<report>
				<misses>420001</misses>
				<total>27</total>
				<timestamp>75.525139</timestamp>
			</report>
			<report>
				<misses>421001</misses>
				<total>27</total>
				<timestamp>75.704963</timestamp>
			</report>
			<report>
				<misses>422001</misses>
				<total>27</total>
				<timestamp>75.884822</timestamp>
			</report>
			<report>
				<misses>423001</misses>
				<total>27</total>
				<timestamp>76.064585</timestamp>
			</report>
			<report>
				<misses>424001</misses>
				<total>27</total>
				<timestamp>76.244431</timestamp>
			</report>
			<report>
				<misses>425001</misses>
				<total>27</total>
				<timestamp>76.424216</timestamp>
			</report>
			<report>
				<misses>426001</misses>
				<total>27</total>
				<timestamp>76.604085</timestamp>
			</report>
			<report>
				<misses>427001</misses>
				<total>27</total>
				<timestamp>76.783868</timestamp>
			</report>
			<report>
				<misses>428001</misses>
				<total>27</total>
				<timestamp>76.963728</timestamp>
			</report>
			<report>
				<misses>429001</misses>
				<total>27</total>
				<timestamp>77.143506</timestamp>
			</report>
			<report>
				<misses>430001</misses>
				<total>27</total>
				<timestamp>77.323335</timestamp>
			</report>
			<report>
				<misses>431001</misses>
				<total>27</total>
				<timestamp>77.503134</timestamp>
			</report>
			<report>
				<misses>432001</misses>
				<total>27</total>
				<timestamp>77.682943</timestamp>
			</report>
			<report>
				<misses>433001</misses>
				<total>27</total>
				<timestamp>77.862800</timestamp>
			</report>
			<report>
				<misses>434001</misses>
				<total>27</total>
				<timestamp>78.042605</timestamp>
			</report>
			<report>
				<misses>435001</misses>
				<total>27</total>
				<timestamp>78.222405</timestamp>
			</report>
			<report>
				<misses>436001</misses>
				<total>27</total>
				<timestamp>78.402233</timestamp>
			</report>
			<report>
				<misses>437001</misses>
				<total>27</total>
				<timestamp>78.582060</timestamp>
			</report>
			<report>
				<misses>438001</misses>
				<total>27</total>
				<timestamp>78.761873</timestamp>
			</report>
			<report>
				<misses>439001</misses>
				<total>27</total>
				<timestamp>78.941710</timestamp>
			</report>
			<report>
				<misses>440001</misses>
				<total>27</total>
				<timestamp>79.121512</timestamp>
			</report>
			<report>
				<misses>441001</misses>
				<total>27</total>
				<timestamp>79.301338</timestamp>
			</report>
			<report>
				<misses>442001</misses>
				<total>27</total>
				<timestamp>79.481184</timestamp>
			</report>
			<report>
				<misses>443001</misses>
				<total>27</total>
				<timestamp>79.660977</timestamp>
			</report>
			<report>
				<misses>444001</misses>
				<total>27</total>
				<timestamp>79.840799</timestamp>
			</report>
			<report>
				<misses>445001</misses>
				<total>27</total>
				<timestamp>80.020709</timestamp>
			</report>
			<report>
				<misses>446001</misses>
				<total>27</total>
				<timestamp>80.200429</timestamp>
			</report>
			<report>
				<misses>447001</misses>
				<total>27</total>
				<timestamp>80.380239</timestamp>
			</report>
			<report>
				<misses>448001</misses>
				<total>27</total>
				<timestamp>80.560071</timestamp>
			</report>
			<report>
				<misses>449001</misses>
				<total>27</total>
				<timestamp>80.739886</timestamp>
			</report>
			<report>
				<misses>450001</misses>
				<total>27</total>
				<timestamp>80.919704</timestamp>
			</report>
			<report>
				<misses>451001</misses>
				<total>27</total>
				<timestamp>81.099531</timestamp>
			</report>
			<report>
				<misses>452001</misses>
				<total>27</total>
				<timestamp>81.279355</timestamp>
			</report>
			<report>
				<misses>453001</misses>
				<total>27</total>
				<timestamp>81.459174</timestamp>
			</report>
			<report>
				<misses>454001</misses>
				<total>26</total>
				<timestamp>81.639060</timestamp>
			</report>
			<report>
				<misses>455001</misses>
				<total>27</total>
				<timestamp>81.818833</timestamp>
			</report>
			<report>
				<misses>456001</misses>
				<total>27</total>
				<timestamp>81.998693</timestamp>
			</report>
			<report>
				<misses>457001</misses>
				<total>27</total>
				<timestamp>82.178463</timestamp>
			</report>
			<report>
				<misses>458001</misses>
				<total>27</total>
				<timestamp>82.358280</timestamp>
			</report>
			<report>
				<misses>459001</misses>
				<total>27</total>
				<timestamp>82.538109</timestamp>
			</report>
			<report>
				<misses>460001</misses>
				<total>27</total>
				<timestamp>82.717907</timestamp>
			</report>
			<report>
				<misses>461001</misses>
				<total>27</total>
				<timestamp>82.897747</timestamp>
			</report>
			<report>
				<misses>462001</misses>
				<total>27</total>
				<timestamp>83.077576</timestamp>
			</report>
			<report>
				<misses>463001</misses>
				<total>27</total>
				<timestamp>83.257376</timestamp>
			</report>
			<report>
				<misses>464001</misses>
				<total>28</total>
				<timestamp>83.437196</timestamp>
			</report>
			<report>
				<misses>465001</misses>
				<total>28</total>
				<timestamp>83.617017</timestamp>
			</report>
			<report>
				<misses>466001</misses>
				<total>28</total>
				<timestamp>83.796837</timestamp>
			</report>
			<report>
				<misses>467001</misses>
				<total>28</total>
				<timestamp>83.976646</timestamp>
			</report>
			<report>
				<misses>468001</misses>
				<total>28</total>
				<timestamp>84.156490</timestamp>
			</report>
			<report>
				<misses>469001</misses>
				<total>28</total>
				<timestamp>84.336295</timestamp>
			</report>
			<report>
				<misses>470001</misses>
				<total>28</total>
				<timestamp>84.516127</timestamp>
			</report>
			<report>
				<misses>471001</misses>
				<total>28</total>
				<timestamp>84.695960</timestamp>
			</report>
			<report>
				<misses>472001</misses>
				<total>28</total>
				<timestamp>84.875761</timestamp>
			</report>
			<report>
				<misses>473001</misses>
				<total>30</total>
				<timestamp>85.055587</timestamp>
			</report>
			<report>
				<misses>474001</misses>
				<total>30</total>
				<timestamp>85.235386</timestamp>
			</report>
			<report>
				<misses>475001</misses>
				<total>30</total>
				<timestamp>85.415213</timestamp>
			</report>
			<report>
				<misses>476001</misses>
				<total>30</total>
				<timestamp>85.595071</timestamp>
			</report>
			<report>
				<misses>477001</misses>
				<total>30</total>
				<timestamp>85.774848</timestamp>
			</report>
			<report>
				<misses>478001</misses>
				<total>30</total>
				<timestamp>85.954704</timestamp>
			</report>
			<report>
				<misses>479001</misses>
				<total>30</total>
				<timestamp>86.134493</timestamp>
			</report>
			<report>
				<misses>480001</misses>
				<total>30</total>
				<timestamp>86.314306</timestamp>
			</report>
			<report>
				<misses>481001</misses>
				<total>30</total>
				<timestamp>86.494120</timestamp>
			</report>
			<report>
				<misses>482001</misses>
				<total>30</total>
				<timestamp>86.673960</timestamp>
			</report>
			<report>
				<misses>483001</misses>
				<total>30</total>
				<timestamp>86.853774</timestamp>
			</report>
			<report>
				<misses>484001</misses>
				<total>30</total>
				<timestamp>87.033625</timestamp>
			</report>
			<report>
				<misses>485001</misses>
				<total>29</total>
				<timestamp>87.213466</timestamp>
			</report>
			<report>
				<misses>486001</misses>
				<total>30</total>
				<timestamp>87.393247</timestamp>
			</report>
			<report>
				<misses>487001</misses>
				<total>30</total>
				<timestamp>87.573081</timestamp>
			</report>
			<report>
				<misses>488001</misses>
				<total>30</total>
				<timestamp>87.752866</timestamp>
			</report>
			<report>
				<misses>489001</misses>
				<total>30</total>
				<timestamp>87.932720</timestamp>
			</report>
			<report>
				<misses>490001</misses>
				<total>30</total>
				<timestamp>88.112530</timestamp>
			</report>
			<report>
				<misses>491001</misses>
				<total>30</total>
				<timestamp>88.292356</timestamp>
			</report>
			<report>
				<misses>492001</misses>
				<total>30</total>
				<timestamp>88.472197</timestamp>
			</report>
			<report>
				<misses>493001</misses>
				<total>30</total>
				<timestamp>88.651983</timestamp>
			</report>
			<report>
				<misses>494001</misses>
				<total>30</total>
				<timestamp>88.831800</timestamp>
			</report>
			<report>
				<misses>495001</misses>
				<total>30</total>
				<timestamp>89.011635</timestamp>
			</report>
			<report>
				<misses>496001</misses>
				<total>30</total>
				<timestamp>89.191436</timestamp>
			</report>
			<report>
				<misses>497001</misses>
				<total>30</total>
				<timestamp>89.371251</timestamp>
			</report>
			<report>
				<misses>498001</misses>
				<total>29</total>
				<timestamp>89.551062</timestamp>
			</report>
			<report>
				<misses>499001</misses>
				<total>30</total>
				<timestamp>89.730887</timestamp>
			</report>
			<report>
				<misses>500001</misses>
				<total>30</total>
				<timestamp>89.910703</timestamp>
			</report>
			<report>
				<misses>501001</misses>
				<total>30</total>
				<timestamp>90.090627</timestamp>
			</report>
			<report>
				<misses>502001</misses>
				<total>30</total>
				<timestamp>90.270402</timestamp>
			</report>
			<report>
				<misses>503001</misses>
				<total>30</total>
				<timestamp>90.450173</timestamp>
			</report>
			<report>
				<misses>504001</misses>
				<total>30</total>
				<timestamp>90.630040</timestamp>
			</report>
			<report>
				<misses>505001</misses>
				<total>30</total>
				<timestamp>90.809840</timestamp>
			</report>
			<report>
				<misses>506001</misses>
				<total>30</total>
				<timestamp>90.989672</timestamp>
			</report>
			<report>
				<misses>507001</misses>
				<total>30</total>
				<timestamp>91.169479</timestamp>
			</report>
			<report>
				<misses>508001</misses>
				<total>30</total>
				<timestamp>91.349274</timestamp>
			</report>
			<report>
				<misses>509001</misses>
				<total>30</total>
				<timestamp>91.529101</timestamp>
			</report>
			<report>
				<misses>510001</misses>
				<total>30</total>
				<timestamp>91.708910</timestamp>
			</report>
			<report>
				<misses>511001</misses>
				<total>30</total>
				<timestamp>91.888721</timestamp>
			</report>
			<report>
				<misses>512001</misses>
				<total>30</total>
				<timestamp>92.068603</timestamp>
			</report>
			<report>
				<misses>513001</misses>
				<total>30</total>
				<timestamp>92.248369</timestamp>
			</report>
			<report>
				<misses>514001</misses>
				<total>30</total>
				<timestamp>92.428206</timestamp>
			</report>
			<report>
				<misses>515001</misses>
				<total>30</total>
				<timestamp>92.608062</timestamp>
			</report>
			<report>
				<misses>516001</misses>
				<total>30</total>
				<timestamp>92.787861</timestamp>
			</report>
			<report>
				<misses>517001</misses>
				<total>30</total>
				<timestamp>92.967686</timestamp>
			</report>
			<report>
				<misses>518001</misses>
				<total>30</total>
				<timestamp>93.147672</timestamp>
			</report>
			<report>
				<misses>519001</misses>
				<total>30</total>
				<timestamp>93.327494</timestamp>
			</report>
			<report>
				<misses>520001</misses>
				<total>30</total>
				<timestamp>93.507274</timestamp>
			</report>
			<report>
				<misses>521001</misses>
				<total>30</total>
				<timestamp>93.687144</timestamp>
			</report>
			<report>
				<misses>522001</misses>
				<total>30</total>
				<timestamp>93.866975</timestamp>
			</report>
			<report>
				<misses>523001</misses>
				<total>30</total>
				<timestamp>94.046756</timestamp>
			</report>
			<report>
				<misses>524001</misses>
				<total>30</total>
				<timestamp>94.226568</timestamp>
			</report>
			<report>
				<misses>525001</misses>
				<total>30</total>
				<timestamp>94.406405</timestamp>
			</report>
			<report>
				<misses>526001</misses>
				<total>30</total>
				<timestamp>94.586203</timestamp>
			</report>
			<report>
				<misses>527001</misses>
				<total>30</total>
				<timestamp>94.766074</timestamp>
			</report>
			<report>
				<misses>528001</misses>
				<total>30</total>
				<timestamp>94.945876</timestamp>
			</report>
			<report>
				<misses>529001</misses>
				<total>30</total>
				<timestamp>95.125695</timestamp>
			</report>
			<report>
				<misses>530001</misses>
				<total>29</total>
				<timestamp>95.305513</timestamp>
			</report>
			<report>
				<misses>531001</misses>
				<total>30</total>
				<timestamp>95.485327</timestamp>
			</report>
			<report>
				<misses>532001</misses>
				<total>30</total>
				<timestamp>95.665134</timestamp>
			</report>
			<report>
				<misses>533001</misses>
				<total>30</total>
				<timestamp>95.844990</timestamp>
			</report>
			<report>
				<misses>534001</misses>
				<total>30</total>
				<timestamp>96.024767</timestamp>
			</report>
			<report>
				<misses>535001</misses>
				<total>30</total>
				<timestamp>96.204606</timestamp>
			</report>
			<report>
				<misses>536001</misses>
				<total>30</total>
				<timestamp>96.384412</timestamp>
			</report>
			<report>
				<misses>537001</misses>
				<total>30</total>
				<timestamp>96.564240</timestamp>
			</report>
			<report>
				<misses>538001</misses>
				<total>30</total>
				<timestamp>96.744057</timestamp>
			</report>
			<report>
				<misses>539001</misses>
				<total>30</total>
				<timestamp>96.923867</timestamp>
			</report>
			<report>
				<misses>540001</misses>
				<total>30</total>
				<timestamp>97.103718</timestamp>
			</report>
			<report>
				<misses>541001</misses>
				<total>30</total>
				<timestamp>97.283523</timestamp>
			</report>
			<report>
				<misses>542001</misses>
				<total>30</total>
				<timestamp>97.463327</timestamp>
			</report>
			<report>
				<misses>543001</misses>
				<total>30</total>
				<timestamp>97.643158</timestamp>
			</report>
			<report>
				<misses>544001</misses>
				<total>30</total>
				<timestamp>97.822981</timestamp>
			</report>
			<report>
				<misses>545001</misses>
				<total>30</total>
				<timestamp>98.002798</timestamp>
			</report>
			<report>
				<misses>546001</misses>
				<total>30</total>
				<timestamp>98.182631</timestamp>
			</report>
			<report>
				<misses>547001</misses>
				<total>30</total>
				<timestamp>98.362443</timestamp>
			</report>
			<report>
				<misses>548001</misses>
				<total>30</total>
				<timestamp>98.542255</timestamp>
			</report>
			<report>
				<misses>549001</misses>
				<total>30</total>
				<timestamp>98.722071</timestamp>
			</report>
			<report>
				<misses>550001</misses>
				<total>30</total>
				<timestamp>98.901907</timestamp>
			</report>
			<report>
				<misses>551001</misses>
				<total>30</total>
				<timestamp>99.081727</timestamp>
			</report>
			<report>
				<misses>552001</misses>
				<total>30</total>
				<timestamp>99.261543</timestamp>
			</report>
			<report>
				<misses>553001</misses>
				<total>30</total>
				<timestamp>99.441364</timestamp>
			</report>
			<report>
				<misses>554001</misses>
				<total>30</total>
				<timestamp>99.621163</timestamp>
			</report>
			<report>
				<misses>555001</misses>
				<total>30</total>
				<timestamp>99.801035</timestamp>
			</report>
			<report>
				<misses>556001</misses>
				<total>30</total>
				<timestamp>99.980815</timestamp>
			</report>
			<report>
				<misses>557001</misses>
				<total>30</total>
				<timestamp>100.160668</timestamp>
			</report>
			<report>
				<misses>558001</misses>
				<total>30</total>
				<timestamp>100.340462</timestamp>
			</report>
			<report>
				<misses>559001</misses>
				<total>30</total>
				<timestamp>100.520273</timestamp>
			</report>
			<report>
				<misses>560001</misses>
				<total>30</total>
				<timestamp>100.700107</timestamp>
			</report>
			<report>
				<misses>561001</misses>
				<total>30</total>
				<timestamp>100.879945</timestamp>
			</report>
			<report>
				<misses>562001</misses>
				<total>30</total>
				<timestamp>101.059729</timestamp>
			</report>
			<report>
				<misses>563001</misses>
				<total>30</total>
				<timestamp>101.239560</timestamp>
			</report>
			<report>
				<misses>564001</misses>
				<total>30</total>
				<timestamp>101.419385</timestamp>
			</report>
			<report>
				<misses>565001</misses>
				<total>30</total>
				<timestamp>101.599205</timestamp>
			</report>
			<report>
				<misses>566001</misses>
				<total>30</total>
				<timestamp>101.779061</timestamp>
			</report>
			<report>
				<misses>567001</misses>
				<total>30</total>
				<timestamp>101.958847</timestamp>
			</report>
			<report>
				<misses>568001</misses>
				<total>30</total>
				<timestamp>102.138661</timestamp>
			</report>
			<report>
				<misses>569001</misses>
				<total>30</total>
				<timestamp>102.318494</timestamp>
			</report>
			<report>
				<misses>570001</misses>
				<total>30</total>
				<timestamp>102.498303</timestamp>
			</report>
			<report>
				<misses>571001</misses>
				<total>30</total>
				<timestamp>102.678125</timestamp>
			</report>
			<report>
				<misses>572001</misses>
				<total>30</total>
				<timestamp>102.857963</timestamp>
			</report>
			<report>
				<misses>573001</misses>
				<total>30</total>
				<timestamp>103.037754</timestamp>
			</report>
			<report>
				<misses>574001</misses>
				<total>30</total>
				<timestamp>103.217582</timestamp>
			</report>
			<report>
				<misses>575001</misses>
				<total>30</total>
				<timestamp>103.397389</timestamp>
			</report>
			<report>
				<misses>576001</misses>
				<total>30</total>
				<timestamp>103.577216</timestamp>
			</report>
			<report>
				<misses>577001</misses>
				<total>30</total>
				<timestamp>103.757027</timestamp>
			</report>
			<report>
				<misses>578001</misses>
				<total>30</total>
				<timestamp>103.936846</timestamp>
			</report>
			<report>
				<misses>579001</misses>
				<total>30</total>
				<timestamp>104.116671</timestamp>
			</report>
			<report>
				<misses>580001</misses>
				<total>30</total>
				<timestamp>104.296564</timestamp>
			</report>
			<report>
				<misses>581001</misses>
				<total>30</total>
				<timestamp>104.476303</timestamp>
			</report>
			<report>
				<misses>582001</misses>
				<total>30</total>
				<timestamp>104.656141</timestamp>
			</report>
			<report>
				<misses>583001</misses>
				<total>30</total>
				<timestamp>104.835971</timestamp>
			</report>
			<report>
				<misses>584001</misses>
				<total>30</total>
				<timestamp>105.015761</timestamp>
			</report>
			<report>
				<misses>585001</misses>
				<total>30</total>
				<timestamp>105.195618</timestamp>
			</report>
			<report>
				<misses>586001</misses>
				<total>30</total>
				<timestamp>105.375419</timestamp>
			</report>
			<report>
				<misses>587001</misses>
				<total>30</total>
				<timestamp>105.555236</timestamp>
			</report>
			<report>
				<misses>588001</misses>
				<total>30</total>
				<timestamp>105.735063</timestamp>
			</report>
			<report>
				<misses>589001</misses>
				<total>30</total>
				<timestamp>105.914943</timestamp>
			</report>
			<report>
				<misses>590001</misses>
				<total>30</total>
				<timestamp>106.094696</timestamp>
			</report>
			<report>
				<misses>591001</misses>
				<total>30</total>
				<timestamp>106.274563</timestamp>
			</report>
			<report>
				<misses>592001</misses>
				<total>30</total>
				<timestamp>106.454334</timestamp>
			</report>
			<report>
				<misses>593001</misses>
				<total>30</total>
				<timestamp>106.634185</timestamp>
			</report>
			<report>
				<misses>594001</misses>
				<total>30</total>
				<timestamp>106.813981</timestamp>
			</report>
			<report>
				<misses>595001</misses>
				<total>30</total>
				<timestamp>106.993782</timestamp>
			</report>
			<report>
				<misses>596001</misses>
				<total>30</total>
				<timestamp>107.173619</timestamp>
			</report>
			<report>
				<misses>597001</misses>
				<total>30</total>
				<timestamp>107.353495</timestamp>
			</report>
			<report>
				<misses>598001</misses>
				<total>36</total>
				<timestamp>107.533250</timestamp>
			</report>
			<report>
				<misses>599001</misses>
				<total>36</total>
				<timestamp>107.713068</timestamp>
			</report>
			<report>
				<misses>600001</misses>
				<total>36</total>
				<timestamp>107.892915</timestamp>
			</report>
			<report>
				<misses>601001</misses>
				<total>36</total>
				<timestamp>108.072726</timestamp>
			</report>
			<report>
				<misses>602001</misses>
				<total>36</total>
				<timestamp>108.252518</timestamp>
			</report>
			<report>
				<misses>603001</misses>
				<total>36</total>
				<timestamp>108.432341</timestamp>
			</report>
			<report>
				<misses>604001</misses>
				<total>36</total>
				<timestamp>108.612193</timestamp>
			</report>
			<report>
				<misses>605001</misses>
				<total>36</total>
				<timestamp>108.792020</timestamp>
			</report>
			<report>
				<misses>606001</misses>
				<total>36</total>
				<timestamp>108.971814</timestamp>
			</report>
			<report>
				<misses>607001</misses>
				<total>36</total>
				<timestamp>109.151639</timestamp>
			</report>
			<report>
				<misses>608001</misses>
				<total>36</total>
				<timestamp>109.331483</timestamp>
			</report>
			<report>
				<misses>609001</misses>
				<total>36</total>
				<timestamp>109.511257</timestamp>
			</report>
			<report>
				<misses>610001</misses>
				<total>36</total>
				<timestamp>109.691115</timestamp>
			</report>
			<report>
				<misses>611001</misses>
				<total>36</total>
				<timestamp>109.870962</timestamp>
			</report>
			<report>
				<misses>612001</misses>
				<total>36</total>
				<timestamp>110.050733</timestamp>
			</report>
			<report>
				<misses>613001</misses>
				<total>36</total>
				<timestamp>110.230545</timestamp>
			</report>
			<report>
				<misses>614001</misses>
				<total>36</total>
				<timestamp>110.410393</timestamp>
			</report>
			<report>
				<misses>615001</misses>
				<total>36</total>
				<timestamp>110.590218</timestamp>
			</report>
			<report>
				<misses>616001</misses>
				<total>36</total>
				<timestamp>110.770040</timestamp>
			</report>
			<report>
				<misses>617001</misses>
				<total>36</total>
				<timestamp>110.949825</timestamp>
			</report>
			<report>
				<misses>618001</misses>
				<total>36</total>
				<timestamp>111.129651</timestamp>
			</report>
			<report>
				<misses>619001</misses>
				<total>36</total>
				<timestamp>111.309504</timestamp>
			</report>
			<report>
				<misses>620001</misses>
				<total>36</total>
				<timestamp>111.489329</timestamp>
			</report>
			<report>
				<misses>621001</misses>
				<total>36</total>
				<timestamp>111.669101</timestamp>
			</report>
			<report>
				<misses>622001</misses>
				<total>36</total>
				<timestamp>111.848933</timestamp>
			</report>
			<report>
				<misses>623001</misses>
				<total>36</total>
				<timestamp>112.028748</timestamp>
			</report>
			<report>
				<misses>624001</misses>
				<total>36</total>
				<timestamp>112.208587</timestamp>
			</report>
			<report>
				<misses>625001</misses>
				<total>36</total>
				<timestamp>112.388433</timestamp>
			</report>
			<report>
				<misses>626001</misses>
				<total>36</total>
				<timestamp>112.568209</timestamp>
			</report>
			<report>
				<misses>627001</misses>
				<total>36</total>
				<timestamp>112.748063</timestamp>
			</report>
			<report>
				<misses>628001</misses>
				<total>36</total>
				<timestamp>112.927877</timestamp>
			</report>
			<report>
				<misses>629001</misses>
				<total>36</total>
				<timestamp>113.107673</timestamp>
			</report>
			<report>
				<misses>630001</misses>
				<total>36</total>
				<timestamp>113.287501</timestamp>
			</report>
			<report>
				<misses>631001</misses>
				<total>36</total>
				<timestamp>113.467329</timestamp>
			</report>
			<report>
				<misses>632001</misses>
				<total>36</total>
				<timestamp>113.647172</timestamp>
			</report>
			<report>
				<misses>633001</misses>
				<total>36</total>
				<timestamp>113.826998</timestamp>
			</report>
			<report>
				<misses>634001</misses>
				<total>36</total>
				<timestamp>114.006783</timestamp>
			</report>
			<report>
				<misses>635001</misses>
				<total>36</total>
				<timestamp>114.186591</timestamp>
			</report>
			<report>
				<misses>636001</misses>
				<total>36</total>
				<timestamp>114.366467</timestamp>
			</report>
			<report>
				<misses>637001</misses>
				<total>36</total>
				<timestamp>114.546224</timestamp>
			</report>
			<report>
				<misses>638001</misses>
				<total>36</total>
				<timestamp>114.726047</timestamp>
			</report>
			<report>
				<misses>639001</misses>
				<total>36</total>
				<timestamp>114.905912</timestamp>
			</report>
			<report>
				<misses>640001</misses>
				<total>36</total>
				<timestamp>115.085681</timestamp>
			</report>
			<report>
				<misses>641001</misses>
				<total>36</total>
				<timestamp>115.265528</timestamp>
			</report>
			<report>
				<misses>642001</misses>
				<total>36</total>
				<timestamp>115.445381</timestamp>
			</report>
			<report>
				<misses>643001</misses>
				<total>36</total>
				<timestamp>115.625173</timestamp>
			</report>
			<report>
				<misses>644001</misses>
				<total>36</total>
				<timestamp>115.804959</timestamp>
			</report>
			<report>
				<misses>645001</misses>
				<total>36</total>
				<timestamp>115.984803</timestamp>
			</report>
			<report>
				<misses>646001</misses>
				<total>36</total>
				<timestamp>116.164628</timestamp>
			</report>
			<report>
				<misses>647001</misses>
				<total>36</total>
				<timestamp>116.344484</timestamp>
			</report>
			<report>
				<misses>648001</misses>
				<total>36</total>
				<timestamp>116.524259</timestamp>
			</report>
			<report>
				<misses>649001</misses>
				<total>35</total>
				<timestamp>116.704108</timestamp>
			</report>
			<report>
				<misses>650001</misses>
				<total>36</total>
				<timestamp>116.883941</timestamp>
			</report>
			<report>
				<misses>651001</misses>
				<total>36</total>
				<timestamp>117.063735</timestamp>
			</report>
			<report>
				<misses>652001</misses>
				<total>36</total>
				<timestamp>117.243550</timestamp>
			</report>
			<report>
				<misses>653001</misses>
				<total>36</total>
				<timestamp>117.423372</timestamp>
			</report>
			<report>
				<misses>654001</misses>
				<total>36</total>
				<timestamp>117.603212</timestamp>
			</report>
			<report>
				<misses>655001</misses>
				<total>36</total>
				<timestamp>117.782995</timestamp>
			</report>
			<report>
				<misses>656001</misses>
				<total>36</total>
				<timestamp>117.962861</timestamp>
			</report>
			<report>
				<misses>657001</misses>
				<total>36</total>
				<timestamp>118.142653</timestamp>
			</report>
			<report>
				<misses>658001</misses>
				<total>36</total>
				<timestamp>118.322482</timestamp>
			</report>
			<report>
				<misses>659001</misses>
				<total>36</total>
				<timestamp>118.502275</timestamp>
			</report>
			<report>
				<misses>660001</misses>
				<total>36</total>
				<timestamp>118.682081</timestamp>
			</report>
			<report>
				<misses>661001</misses>
				<total>36</total>
				<timestamp>118.861933</timestamp>
			</report>
			<report>
				<misses>662001</misses>
				<total>36</total>
				<timestamp>119.041738</timestamp>
			</report>
			<report>
				<misses>663001</misses>
				<total>36</total>
				<timestamp>119.221567</timestamp>
			</report>
			<report>
				<misses>664001</misses>
				<total>35</total>
				<timestamp>119.401443</timestamp>
			</report>
			<report>
				<misses>665001</misses>
				<total>36</total>
				<timestamp>119.581236</timestamp>
			</report>
			<report>
				<misses>666001</misses>
				<total>36</total>
				<timestamp>119.761069</timestamp>
			</report>
			<report>
				<misses>667001</misses>
				<total>36</total>
				<timestamp>119.940829</timestamp>
			</report>
			<report>
				<misses>668001</misses>
				<total>36</total>
				<timestamp>120.120651</timestamp>
			</report>
			<report>
				<misses>669001</misses>
				<total>36</total>
				<timestamp>120.300527</timestamp>
			</report>
			<report>
				<misses>670001</misses>
				<total>36</total>
				<timestamp>120.480311</timestamp>
			</report>
			<report>
				<misses>671001</misses>
				<total>36</total>
				<timestamp>120.660123</timestamp>
			</report>
			<report>
				<misses>672001</misses>
				<total>36</total>
				<timestamp>120.839937</timestamp>
			</report>
			<report>
				<misses>673001</misses>
				<total>36</total>
				<timestamp>121.019756</timestamp>
			</report>
			<report>
				<misses>674001</misses>
				<total>36</total>
				<timestamp>121.199571</timestamp>
			</report>
			<report>
				<misses>675001</misses>
				<total>36</total>
				<timestamp>121.379421</timestamp>
			</report>
			<report>
				<misses>676001</misses>
				<total>36</total>
				<timestamp>121.559214</timestamp>
			</report>
			<report>
				<misses>677001</misses>
				<total>36</total>
				<timestamp>121.739031</timestamp>
			</report>
			<report>
				<misses>678001</misses>
				<total>36</total>
				<timestamp>121.918877</timestamp>
			</report>
			<report>
				<misses>679001</misses>
				<total>36</total>
				<timestamp>122.098685</timestamp>
			</report>
			<report>
				<misses>680001</misses>
				<total>36</total>
				<timestamp>122.278500</timestamp>
			</report>
			<report>
				<misses>681001</misses>
				<total>36</total>
				<timestamp>122.458310</timestamp>
			</report>
			<report>
				<misses>682001</misses>
				<total>36</total>
				<timestamp>122.638150</timestamp>
			</report>
			<report>
				<misses>683001</misses>
				<total>36</total>
				<timestamp>122.817955</timestamp>
			</report>
			<report>
				<misses>684001</misses>
				<total>36</total>
				<timestamp>122.997761</timestamp>
			</report>
			<report>
				<misses>685001</misses>
				<total>36</total>
				<timestamp>123.177612</timestamp>
			</report>
			<report>
				<misses>686001</misses>
				<total>36</total>
				<timestamp>123.357433</timestamp>
			</report>
			<report>
				<misses>687001</misses>
				<total>36</total>
				<timestamp>123.537232</timestamp>
			</report>
			<report>
				<misses>688001</misses>
				<total>36</total>
				<timestamp>123.717053</timestamp>
			</report>
			<report>
				<misses>689001</misses>
				<total>36</total>
				<timestamp>123.896873</timestamp>
			</report>
			<report>
				<misses>690001</misses>
				<total>36</total>
				<timestamp>124.076702</timestamp>
			</report>
			<report>
				<misses>691001</misses>
				<total>36</total>
				<timestamp>124.256539</timestamp>
			</report>
			<report>
				<misses>692001</misses>
				<total>36</total>
				<timestamp>124.436400</timestamp>
			</report>
			<report>
				<misses>693001</misses>
				<total>36</total>
				<timestamp>124.616171</timestamp>
			</report>
			<report>
				<misses>694001</misses>
				<total>35</total>
				<timestamp>124.796012</timestamp>
			</report>
			<report>
				<misses>695001</misses>
				<total>36</total>
				<timestamp>124.975837</timestamp>
			</report>
			<report>
				<misses>696001</misses>
				<total>36</total>
				<timestamp>125.155608</timestamp>
			</report>
			<report>
				<misses>697001</misses>
				<total>36</total>
				<timestamp>125.335453</timestamp>
			</report>
			<report>
				<misses>698001</misses>
				<total>36</total>
				<timestamp>125.515270</timestamp>
			</report>
			<report>
				<misses>699001</misses>
				<total>36</total>
				<timestamp>125.695076</timestamp>
			</report>
			<report>
				<misses>700001</misses>
				<total>36</total>
				<timestamp>125.874889</timestamp>
			</report>
			<report>
				<misses>701001</misses>
				<total>36</total>
				<timestamp>126.054738</timestamp>
			</report>
			<report>
				<misses>702001</misses>
				<total>36</total>
				<timestamp>126.234527</timestamp>
			</report>
			<report>
				<misses>703001</misses>
				<total>36</total>
				<timestamp>126.414440</timestamp>
			</report>
			<report>
				<misses>704001</misses>
				<total>36</total>
				<timestamp>126.594177</timestamp>
			</report>
			<report>
				<misses>705001</misses>
				<total>40</total>
				<timestamp>126.773986</timestamp>
			</report>
			<report>
				<misses>706001</misses>
				<total>40</total>
				<timestamp>126.953810</timestamp>
			</report>
			<report>
				<misses>707001</misses>
				<total>40</total>
				<timestamp>127.133661</timestamp>
			</report>
			<report>
				<misses>708001</misses>
				<total>41</total>
				<timestamp>127.313452</timestamp>
			</report>
			<report>
				<misses>709001</misses>
				<total>48</total>
				<timestamp>127.493288</timestamp>
			</report>
			<report>
				<misses>710001</misses>
				<total>48</total>
				<timestamp>127.673094</timestamp>
			</report>
			<report>
				<misses>711001</misses>
				<total>48</total>
				<timestamp>127.852915</timestamp>
			</report>
			<report>
				<misses>712001</misses>
				<total>48</total>
				<timestamp>128.032721</timestamp>
			</report>
			<report>
				<misses>713001</misses>
				<total>48</total>
				<timestamp>128.212558</timestamp>
			</report>
			<report>
				<misses>714001</misses>
				<total>48</total>
				<timestamp>128.392416</timestamp>
			</report>
			<report>
				<misses>715001</misses>
				<total>48</total>
				<timestamp>128.572260</timestamp>
			</report>
			<report>
				<misses>716001</misses>
				<total>48</total>
				<timestamp>128.752019</timestamp>
			</report>
			<report>
				<misses>717001</misses>
				<total>48</total>
				<timestamp>128.931840</timestamp>
			</report>
			<report>
				<misses>718001</misses>
				<total>48</total>
				<timestamp>129.111666</timestamp>
			</report>
			<report>
				<misses>719001</misses>
				<total>50</total>
				<timestamp>129.291505</timestamp>
			</report>
			<report>
				<misses>720001</misses>
				<total>50</total>
				<timestamp>129.471343</timestamp>
			</report>
			<report>
				<misses>721001</misses>
				<total>50</total>
				<timestamp>129.651124</timestamp>
			</report>
			<report>
				<misses>722001</misses>
				<total>50</total>
				<timestamp>129.830928</timestamp>
			</report>
			<report>
				<misses>723001</misses>
				<total>50</total>
				<timestamp>130.010763</timestamp>
			</report>
			<report>
				<misses>724001</misses>
				<total>50</total>
				<timestamp>130.190569</timestamp>
			</report>
			<report>
				<misses>725001</misses>
				<total>50</total>
				<timestamp>130.370392</timestamp>
			</report>
			<report>
				<misses>726001</misses>
				<total>50</total>
				<timestamp>130.550222</timestamp>
			</report>
			<report>
				<misses>727001</misses>
				<total>50</total>
				<timestamp>130.730046</timestamp>
			</report>
			<report>
				<misses>728001</misses>
				<total>50</total>
				<timestamp>130.909881</timestamp>
			</report>
			<report>
				<misses>729001</misses>
				<total>50</total>
				<timestamp>131.089673</timestamp>
			</report>
			<report>
				<misses>730001</misses>
				<total>50</total>
				<timestamp>131.269480</timestamp>
			</report>
			<report>
				<misses>731001</misses>
				<total>50</total>
				<timestamp>131.449380</timestamp>
			</report>
			<report>
				<misses>732001</misses>
				<total>50</total>
				<timestamp>131.629156</timestamp>
			</report>
			<report>
				<misses>733001</misses>
				<total>50</total>
				<timestamp>131.808946</timestamp>
			</report>
			<report>
				<misses>734001</misses>
				<total>49</total>
				<timestamp>131.988806</timestamp>
			</report>
			<report>
				<misses>735001</misses>
				<total>50</total>
				<timestamp>132.168598</timestamp>
			</report>
			<report>
				<misses>736001</misses>
				<total>50</total>
				<timestamp>132.348459</timestamp>
			</report>
			<report>
				<misses>737001</misses>
				<total>50</total>
				<timestamp>132.528245</timestamp>
			</report>
			<report>
				<misses>738001</misses>
				<total>50</total>
				<timestamp>132.708055</timestamp>
			</report>
			<report>
				<misses>739001</misses>
				<total>50</total>
				<timestamp>132.887881</timestamp>
			</report>
			<report>
				<misses>740001</misses>
				<total>50</total>
				<timestamp>133.067689</timestamp>
			</report>
			<report>
				<misses>741001</misses>
				<total>50</total>
				<timestamp>133.247511</timestamp>
			</report>
			<report>
				<misses>742001</misses>
				<total>50</total>
				<timestamp>133.427357</timestamp>
			</report>
			<report>
				<misses>743001</misses>
				<total>50</total>
				<timestamp>133.607167</timestamp>
			</report>
			<report>
				<misses>744001</misses>
				<total>50</total>
				<timestamp>133.786972</timestamp>
			</report>
			<report>
				<misses>745001</misses>
				<total>50</total>
				<timestamp>133.966833</timestamp>
			</report>
			<report>
				<misses>746001</misses>
				<total>51</total>
				<timestamp>134.146598</timestamp>
			</report>
			<report>
				<misses>747001</misses>
				<total>51</total>
				<timestamp>134.326416</timestamp>
			</report>
			<report>
				<misses>748001</misses>
				<total>51</total>
				<timestamp>134.506296</timestamp>
			</report>
			<report>
				<misses>749001</misses>
				<total>51</total>
				<timestamp>134.686077</timestamp>
			</report>
			<report>
				<misses>750001</misses>
				<total>51</total>
				<timestamp>134.865927</timestamp>
			</report>
			<report>
				<misses>751001</misses>
				<total>51</total>
				<timestamp>135.045754</timestamp>
			</report>
			<report>
				<misses>752001</misses>
				<total>51</total>
				<timestamp>135.225527</timestamp>
			</report>
			<report>
				<misses>753001</misses>
				<total>51</total>
				<timestamp>135.405355</timestamp>
			</report>
			<report>
				<misses>754001</misses>
				<total>51</total>
				<timestamp>135.585176</timestamp>
			</report>
			<report>
				<misses>755001</misses>
				<total>51</total>
				<timestamp>135.765001</timestamp>
			</report>
			<report>
				<misses>756001</misses>
				<total>51</total>
				<timestamp>135.944911</timestamp>
			</report>
			<report>
				<misses>757001</misses>
				<total>51</total>
				<timestamp>136.124632</timestamp>
			</report>
			<report>
				<misses>758001</misses>
				<total>53</total>
				<timestamp>136.304447</timestamp>
			</report>
			<report>
				<misses>759001</misses>
				<total>53</total>
				<timestamp>136.484358</timestamp>
			</report>
			<report>
				<misses>760001</misses>
				<total>53</total>
				<timestamp>136.664090</timestamp>
			</report>
			<report>
				<misses>761001</misses>
				<total>53</total>
				<timestamp>136.843935</timestamp>
			</report>
			<report>
				<misses>762001</misses>
				<total>53</total>
				<timestamp>137.023731</timestamp>
			</report>
			<report>
				<misses>763001</misses>
				<total>52</total>
				<timestamp>137.203556</timestamp>
			</report>
			<report>
				<misses>764001</misses>
				<total>53</total>
				<timestamp>137.383403</timestamp>
			</report>
			<report>
				<misses>765001</misses>
				<total>53</total>
				<timestamp>137.563238</timestamp>
			</report>
			<report>
				<misses>766001</misses>
				<total>53</total>
				<timestamp>137.743030</timestamp>
			</report>
			<report>
				<misses>767001</misses>
				<total>53</total>
				<timestamp>137.922876</timestamp>
			</report>
			<report>
				<misses>768001</misses>
				<total>53</total>
				<timestamp>138.102648</timestamp>
			</report>
			<report>
				<misses>769001</misses>
				<total>53</total>
				<timestamp>138.282470</timestamp>
			</report>
			<report>
				<misses>770001</misses>
				<total>53</total>
				<timestamp>138.462297</timestamp>
			</report>
			<report>
				<misses>771001</misses>
				<total>53</total>
				<timestamp>138.642119</timestamp>
			</report>
			<report>
				<misses>772001</misses>
				<total>53</total>
				<timestamp>138.821932</timestamp>
			</report>
			<report>
				<misses>773001</misses>
				<total>53</total>
				<timestamp>139.001752</timestamp>
			</report>
			<report>
				<misses>774001</misses>
				<total>53</total>
				<timestamp>139.181574</timestamp>
			</report>
			<report>
				<misses>775001</misses>
				<total>53</total>
				<timestamp>139.361407</timestamp>
			</report>
			<report>
				<misses>776001</misses>
				<total>53</total>
				<timestamp>139.541214</timestamp>
			</report>
			<report>
				<misses>777001</misses>
				<total>53</total>
				<timestamp>139.721032</timestamp>
			</report>
			<report>
				<misses>778001</misses>
				<total>53</total>
				<timestamp>139.900853</timestamp>
			</report>
			<report>
				<misses>779001</misses>
				<total>53</total>
				<timestamp>140.080666</timestamp>
			</report>
			<report>
				<misses>780001</misses>
				<total>53</total>
				<timestamp>140.260509</timestamp>
			</report>
			<report>
				<misses>781001</misses>
				<total>53</total>
				<timestamp>140.440356</timestamp>
			</report>
			<report>
				<misses>782001</misses>
				<total>53</total>
				<timestamp>140.620160</timestamp>
			</report>
			<report>
				<misses>783001</misses>
				<total>53</total>
				<timestamp>140.799967</timestamp>
			</report>
			<report>
				<misses>784001</misses>
				<total>53</total>
				<timestamp>140.979798</timestamp>
			</report>
			<report>
				<misses>785001</misses>
				<total>53</total>
				<timestamp>141.159585</timestamp>
			</report>
			<report>
				<misses>786001</misses>
				<total>53</total>
				<timestamp>141.339412</timestamp>
			</report>
			<report>
				<misses>787001</misses>
				<total>53</total>
				<timestamp>141.519271</timestamp>
			</report>
			<report>
				<misses>788001</misses>
				<total>53</total>
				<timestamp>141.699059</timestamp>
			</report>
			<report>
				<misses>789001</misses>
				<total>53</total>
				<timestamp>141.878880</timestamp>
			</report>
			<report>
				<misses>790001</misses>
				<total>53</total>
				<timestamp>142.058690</timestamp>
			</report>
			<report>
				<misses>791001</misses>
				<total>53</total>
				<timestamp>142.238494</timestamp>
			</report>
			<report>
				<misses>792001</misses>
				<total>53</total>
				<timestamp>142.418341</timestamp>
			</report>
			<report>
				<misses>793001</misses>
				<total>53</total>
				<timestamp>142.598154</timestamp>
			</report>
			<report>
				<misses>794001</misses>
				<total>56</total>
				<timestamp>142.778035</timestamp>
			</report>
			<report>
				<misses>795001</misses>
				<total>56</total>
				<timestamp>142.957794</timestamp>
			</report>
			<report>
				<misses>796001</misses>
				<total>56</total>
				<timestamp>143.137636</timestamp>
			</report>
			<report>
				<misses>797001</misses>
				<total>56</total>
				<timestamp>143.317440</timestamp>
			</report>
			<report>
				<misses>798001</misses>
				<total>56</total>
				<timestamp>143.497328</timestamp>
			</report>
			<report>
				<misses>799001</misses>
				<total>56</total>
				<timestamp>143.677065</timestamp>
			</report>
			<report>
				<misses>800001</misses>
				<total>56</total>
				<timestamp>143.856957</timestamp>
			</report>
			<report>
				<misses>801001</misses>
				<total>55</total>
				<timestamp>144.036758</timestamp>
			</report>
			<report>
				<misses>802001</misses>
				<total>56</total>
				<timestamp>144.216523</timestamp>
			</report>
			<report>
				<misses>803001</misses>
				<total>56</total>
				<timestamp>144.396358</timestamp>
			</report>
			<report>
				<misses>804001</misses>
				<total>56</total>
				<timestamp>144.576173</timestamp>
			</report>
			<report>
				<misses>805001</misses>
				<total>56</total>
				<timestamp>144.756011</timestamp>
			</report>
			<report>
				<misses>806001</misses>
				<total>56</total>
				<timestamp>144.935835</timestamp>
			</report>
			<report>
				<misses>807001</misses>
				<total>56</total>
				<timestamp>145.115643</timestamp>
			</report>
			<report>
				<misses>808001</misses>
				<total>56</total>
				<timestamp>145.295447</timestamp>
			</report>
			<report>
				<misses>809001</misses>
				<total>56</total>
				<timestamp>145.475298</timestamp>
			</report>
			<report>
				<misses>810001</misses>
				<total>61</total>
				<timestamp>145.655085</timestamp>
			</report>
			<report>
				<misses>811001</misses>
				<total>61</total>
				<timestamp>145.834909</timestamp>
			</report>
			<report>
				<misses>812001</misses>
				<total>61</total>
				<timestamp>146.014772</timestamp>
			</report>
			<report>
				<misses>813001</misses>
				<total>61</total>
				<timestamp>146.194555</timestamp>
			</report>
			<report>
				<misses>814001</misses>
				<total>61</total>
				<timestamp>146.374396</timestamp>
			</report>
			<report>
				<misses>815001</misses>
				<total>61</total>
				<timestamp>146.554227</timestamp>
			</report>
			<report>
				<misses>816001</misses>
				<total>61</total>
				<timestamp>146.734047</timestamp>
			</report>
			<report>
				<misses>817001</misses>
				<total>61</total>
				<timestamp>146.913839</timestamp>
			</report>
			<report>
				<misses>818001</misses>
				<total>61</total>
				<timestamp>147.093658</timestamp>
			</report>
			<report>
				<misses>819001</misses>
				<total>61</total>
				<timestamp>147.273477</timestamp>
			</report>
			<report>
				<misses>820001</misses>
				<total>61</total>
				<timestamp>147.453309</timestamp>
			</report>
			<report>
				<misses>821001</misses>
				<total>61</total>
				<timestamp>147.633099</timestamp>
			</report>
			<report>
				<misses>822001</misses>
				<total>61</total>
				<timestamp>147.812945</timestamp>
			</report>
			<report>
				<misses>823001</misses>
				<total>61</total>
				<timestamp>147.992752</timestamp>
			</report>
			<report>
				<misses>824001</misses>
				<total>61</total>
				<timestamp>148.172577</timestamp>
			</report>
			<report>
				<misses>825001</misses>
				<total>62</total>
				<timestamp>148.352405</timestamp>
			</report>
			<report>
				<misses>826001</misses>
				<total>62</total>
				<timestamp>148.532243</timestamp>
			</report>
			<report>
				<misses>827001</misses>
				<total>62</total>
				<timestamp>148.712043</timestamp>
			</report>
			<report>
				<misses>828001</misses>
				<total>62</total>
				<timestamp>148.891901</timestamp>
			</report>
			<report>
				<misses>829001</misses>
				<total>62</total>
				<timestamp>149.071687</timestamp>
			</report>
			<report>
				<misses>830001</misses>
				<total>62</total>
				<timestamp>149.251484</timestamp>
			</report>
			<report>
				<misses>831001</misses>
				<total>62</total>
				<timestamp>149.431357</timestamp>
			</report>
			<report>
				<misses>832001</misses>
				<total>62</total>
				<timestamp>149.611284</timestamp>
			</report>
			<report>
				<misses>833001</misses>
				<total>67</total>
				<timestamp>149.790947</timestamp>
			</report>
			<report>
				<misses>834001</misses>
				<total>67</total>
				<timestamp>149.970772</timestamp>
			</report>
			<report>
				<misses>835001</misses>
				<total>70</total>
				<timestamp>150.150595</timestamp>
			</report>
			<report>
				<misses>836001</misses>
				<total>70</total>
				<timestamp>150.330425</timestamp>
			</report>
			<report>
				<misses>837001</misses>
				<total>69</total>
				<timestamp>150.510277</timestamp>
			</report>
			<report>
				<misses>838001</misses>
				<total>70</total>
				<timestamp>150.690090</timestamp>
			</report>
			<report>
				<misses>839001</misses>
				<total>70</total>
				<timestamp>150.869907</timestamp>
			</report>
			<report>
				<misses>840001</misses>
				<total>70</total>
				<timestamp>151.049692</timestamp>
			</report>
			<report>
				<misses>841001</misses>
				<total>70</total>
				<timestamp>151.229515</timestamp>
			</report>
			<report>
				<misses>842001</misses>
				<total>70</total>
				<timestamp>151.409376</timestamp>
			</report>
			<report>
				<misses>843001</misses>
				<total>70</total>
				<timestamp>151.589217</timestamp>
			</report>
			<report>
				<misses>844001</misses>
				<total>70</total>
				<timestamp>151.768969</timestamp>
			</report>
			<report>
				<misses>845001</misses>
				<total>70</total>
				<timestamp>151.948830</timestamp>
			</report>
			<report>
				<misses>846001</misses>
				<total>70</total>
				<timestamp>152.128618</timestamp>
			</report>
			<report>
				<misses>847001</misses>
				<total>70</total>
				<timestamp>152.308438</timestamp>
			</report>
			<report>
				<misses>848001</misses>
				<total>70</total>
				<timestamp>152.488277</timestamp>
			</report>
			<report>
				<misses>849001</misses>
				<total>70</total>
				<timestamp>152.668088</timestamp>
			</report>
			<report>
				<misses>850001</misses>
				<total>70</total>
				<timestamp>152.847909</timestamp>
			</report>
			<report>
				<misses>851001</misses>
				<total>70</total>
				<timestamp>153.027719</timestamp>
			</report>
			<report>
				<misses>852001</misses>
				<total>70</total>
				<timestamp>153.207536</timestamp>
			</report>
			<report>
				<misses>853001</misses>
				<total>70</total>
				<timestamp>153.387349</timestamp>
			</report>
			<report>
				<misses>854001</misses>
				<total>70</total>
				<timestamp>153.567192</timestamp>
			</report>
			<report>
				<misses>855001</misses>
				<total>70</total>
				<timestamp>153.747024</timestamp>
			</report>
			<report>
				<misses>856001</misses>
				<total>70</total>
				<timestamp>153.926814</timestamp>
			</report>
			<report>
				<misses>857001</misses>
				<total>70</total>
				<timestamp>154.106635</timestamp>
			</report>
			<report>
				<misses>858001</misses>
				<total>70</total>
				<timestamp>154.286468</timestamp>
			</report>
			<report>
				<misses>859001</misses>
				<total>70</total>
				<timestamp>154.466313</timestamp>
			</report>
			<report>
				<misses>860001</misses>
				<total>70</total>
				<timestamp>154.646110</timestamp>
			</report>
			<report>
				<misses>861001</misses>
				<total>70</total>
				<timestamp>154.825912</timestamp>
			</report>
			<report>
				<misses>862001</misses>
				<total>70</total>
				<timestamp>155.005718</timestamp>
			</report>
			<report>
				<misses>863001</misses>
				<total>70</total>
				<timestamp>155.185544</timestamp>
			</report>
			<report>
				<misses>864001</misses>
				<total>70</total>
				<timestamp>155.365374</timestamp>
			</report>
			<report>
				<misses>865001</misses>
				<total>70</total>
				<timestamp>155.545217</timestamp>
			</report>
			<report>
				<misses>866001</misses>
				<total>70</total>
				<timestamp>155.725034</timestamp>
			</report>
			<report>
				<misses>867001</misses>
				<total>70</total>
				<timestamp>155.904828</timestamp>
			</report>
			<report>
				<misses>868001</misses>
				<total>70</total>
				<timestamp>156.084660</timestamp>
			</report>
			<report>
				<misses>869001</misses>
				<total>70</total>
				<timestamp>156.264465</timestamp>
			</report>
			<report>
				<misses>870001</misses>
				<total>70</total>
				<timestamp>156.444361</timestamp>
			</report>
			<report>
				<misses>871001</misses>
				<total>70</total>
				<timestamp>156.624139</timestamp>
			</report>
			<report>
				<misses>872001</misses>
				<total>70</total>
				<timestamp>156.803943</timestamp>
			</report>
			<report>
				<misses>873001</misses>
				<total>70</total>
				<timestamp>156.983758</timestamp>
			</report>
			<report>
				<misses>874001</misses>
				<total>70</total>
				<timestamp>157.163575</timestamp>
			</report>
			<report>
				<misses>875001</misses>
				<total>70</total>
				<timestamp>157.343393</timestamp>
			</report>
			<report>
				<misses>876001</misses>
				<total>70</total>
				<timestamp>157.523219</timestamp>
			</report>
			<report>
				<misses>877001</misses>
				<total>70</total>
				<timestamp>157.703056</timestamp>
			</report>
			<report>
				<misses>878001</misses>
				<total>71</total>
				<timestamp>157.882846</timestamp>
			</report>
			<report>
				<misses>879001</misses>
				<total>71</total>
				<timestamp>158.062688</timestamp>
			</report>
			<report>
				<misses>880001</misses>
				<total>71</total>
				<timestamp>158.242488</timestamp>
			</report>
			<report>
				<misses>881001</misses>
				<total>71</total>
				<timestamp>158.422323</timestamp>
			</report>
			<report>
				<misses>882001</misses>
				<total>72</total>
				<timestamp>158.602216</timestamp>
			</report>
			<report>
				<misses>883001</misses>
				<total>72</total>
				<timestamp>158.781941</timestamp>
			</report>
			<report>
				<misses>884001</misses>
				<total>72</total>
				<timestamp>158.961810</timestamp>
			</report>
			<report>
				<misses>885001</misses>
				<total>72</total>
				<timestamp>159.141594</timestamp>
			</report>
			<report>
				<misses>886001</misses>
				<total>72</total>
				<timestamp>159.321401</timestamp>
			</report>
			<report>
				<misses>887001</misses>
				<total>71</total>
				<timestamp>159.501270</timestamp>
			</report>
			<report>
				<misses>888001</misses>
				<total>72</total>
				<timestamp>159.681055</timestamp>
			</report>
			<report>
				<misses>889001</misses>
				<total>72</total>
				<timestamp>159.860886</timestamp>
			</report>
			<report>
				<misses>890001</misses>
				<total>72</total>
				<timestamp>160.040733</timestamp>
			</report>
			<report>
				<misses>891001</misses>
				<total>74</total>
				<timestamp>160.220548</timestamp>
			</report>
			<report>
				<misses>892001</misses>
				<total>74</total>
				<timestamp>160.400336</timestamp>
			</report>
			<report>
				<misses>893001</misses>
				<total>74</total>
				<timestamp>160.580187</timestamp>
			</report>
			<report>
				<misses>894001</misses>
				<total>74</total>
				<timestamp>160.759985</timestamp>
			</report>
			<report>
				<misses>895001</misses>
				<total>74</total>
				<timestamp>160.939798</timestamp>
			</report>
			<report>
				<misses>896001</misses>
				<total>73</total>
				<timestamp>161.119640</timestamp>
			</report>
			<report>
				<misses>897001</misses>
				<total>74</total>
				<timestamp>161.299431</timestamp>
			</report>
			<report>
				<misses>898001</misses>
				<total>74</total>
				<timestamp>161.479283</timestamp>
			</report>
			<report>
				<misses>899001</misses>
				<total>74</total>
				<timestamp>161.659106</timestamp>
			</report>
			<report>
				<misses>900001</misses>
				<total>74</total>
				<timestamp>161.838888</timestamp>
			</report>
			<report>
				<misses>901001</misses>
				<total>74</total>
				<timestamp>162.018712</timestamp>
			</report>
			<report>
				<misses>902001</misses>
				<total>74</total>
				<timestamp>162.198553</timestamp>
			</report>
			<report>
				<misses>903001</misses>
				<total>74</total>
				<timestamp>162.378360</timestamp>
			</report>
			<report>
				<misses>904001</misses>
				<total>74</total>
				<timestamp>162.558217</timestamp>
			</report>
			<report>
				<misses>905001</misses>
				<total>74</total>
				<timestamp>162.738052</timestamp>
			</report>
			<report>
				<misses>906001</misses>
				<total>74</total>
				<timestamp>162.917798</timestamp>
			</report>
			<report>
				<misses>907001</misses>
				<total>74</total>
				<timestamp>163.097625</timestamp>
			</report>
			<report>
				<misses>908001</misses>
				<total>74</total>
				<timestamp>163.277462</timestamp>
			</report>
			<report>
				<misses>909001</misses>
				<total>80</total>
				<timestamp>163.457303</timestamp>
			</report>
			<report>
				<misses>910001</misses>
				<total>80</total>
				<timestamp>163.637157</timestamp>
			</report>
			<report>
				<misses>911001</misses>
				<total>80</total>
				<timestamp>163.816902</timestamp>
			</report>
			<report>
				<misses>912001</misses>
				<total>80</total>
				<timestamp>163.996778</timestamp>
			</report>
			<report>
				<misses>913001</misses>
				<total>80</total>
				<timestamp>164.176569</timestamp>
			</report>
			<report>
				<misses>914001</misses>
				<total>80</total>
				<timestamp>164.356364</timestamp>
			</report>
			<report>
				<misses>915001</misses>
				<total>80</total>
				<timestamp>164.536209</timestamp>
			</report>
			<report>
				<misses>916001</misses>
				<total>80</total>
				<timestamp>164.716031</timestamp>
			</report>
			<report>
				<misses>917001</misses>
				<total>80</total>
				<timestamp>164.895847</timestamp>
			</report>
			<report>
				<misses>918001</misses>
				<total>80</total>
				<timestamp>165.075694</timestamp>
			</report>
			<report>
				<misses>919001</misses>
				<total>80</total>
				<timestamp>165.255474</timestamp>
			</report>
			<report>
				<misses>920001</misses>
				<total>80</total>
				<timestamp>165.435291</timestamp>
			</report>
			<report>
				<misses>921001</misses>
				<total>80</total>
				<timestamp>165.615141</timestamp>
			</report>
			<report>
				<misses>922001</misses>
				<total>80</total>
				<timestamp>165.794984</timestamp>
			</report>
			<report>
				<misses>923001</misses>
				<total>80</total>
				<timestamp>165.974754</timestamp>
			</report>
			<report>
				<misses>924001</misses>
				<total>80</total>
				<timestamp>166.154632</timestamp>
			</report>
			<report>
				<misses>925001</misses>
				<total>80</total>
				<timestamp>166.334403</timestamp>
			</report>
			<report>
				<misses>926001</misses>
				<total>80</total>
				<timestamp>166.514255</timestamp>
			</report>
			<report>
				<misses>927001</misses>
				<total>80</total>
				<timestamp>166.694060</timestamp>
			</report>
			<report>
				<misses>928001</misses>
				<total>80</total>
				<timestamp>166.873852</timestamp>
			</report>
			<report>
				<misses>929001</misses>
				<total>80</total>
				<timestamp>167.053681</timestamp>
			</report>
			<report>
				<misses>930001</misses>
				<total>80</total>
				<timestamp>167.233479</timestamp>
			</report>
			<report>
				<misses>931001</misses>
				<total>80</total>
				<timestamp>167.413313</timestamp>
			</report>
			<report>
				<misses>932001</misses>
				<total>80</total>
				<timestamp>167.593175</timestamp>
			</report>
			<report>
				<misses>933001</misses>
				<total>80</total>
				<timestamp>167.772960</timestamp>
			</report>
			<report>
				<misses>934001</misses>
				<total>80</total>
				<timestamp>167.952795</timestamp>
			</report>
			<report>
				<misses>935001</misses>
				<total>80</total>
				<timestamp>168.132618</timestamp>
			</report>
			<report>
				<misses>936001</misses>
				<total>80</total>
				<timestamp>168.312413</timestamp>
			</report>
			<report>
				<misses>937001</misses>
				<total>80</total>
				<timestamp>168.492267</timestamp>
			</report>
			<report>
				<misses>938001</misses>
				<total>80</total>
				<timestamp>168.672108</timestamp>
			</report>
			<report>
				<misses>939001</misses>
				<total>80</total>
				<timestamp>168.851862</timestamp>
			</report>
			<report>
				<misses>940001</misses>
				<total>80</total>
				<timestamp>169.031701</timestamp>
			</report>
			<report>
				<misses>941001</misses>
				<total>80</total>
				<timestamp>169.211554</timestamp>
			</report>
			<report>
				<misses>942001</misses>
				<total>80</total>
				<timestamp>169.391335</timestamp>
			</report>
			<report>
				<misses>943001</misses>
				<total>80</total>
				<timestamp>169.571202</timestamp>
			</report>
			<report>
				<misses>944001</misses>
				<total>80</total>
				<timestamp>169.750984</timestamp>
			</report>
			<report>
				<misses>945001</misses>
				<total>80</total>
				<timestamp>169.930798</timestamp>
			</report>
			<report>
				<misses>946001</misses>
				<total>80</total>
				<timestamp>170.110621</timestamp>
			</report>
			<report>
				<misses>947001</misses>
				<total>82</total>
				<timestamp>170.290435</timestamp>
			</report>
			<report>
				<misses>948001</misses>
				<total>82</total>
				<timestamp>170.470278</timestamp>
			</report>
			<report>
				<misses>949001</misses>
				<total>82</total>
				<timestamp>170.650146</timestamp>
			</report>
			<report>
				<misses>950001</misses>
				<total>82</total>
				<timestamp>170.829882</timestamp>
			</report>
			<report>
				<misses>951001</misses>
				<total>82</total>
				<timestamp>171.009726</timestamp>
			</report>
			<report>
				<misses>952001</misses>
				<total>82</total>
				<timestamp>171.189541</timestamp>
			</report>
			<report>
				<misses>953001</misses>
				<total>82</total>
				<timestamp>171.369356</timestamp>
			</report>
			<report>
				<misses>954001</misses>
				<total>82</total>
				<timestamp>171.549192</timestamp>
			</report>
			<report>
				<misses>955001</misses>
				<total>82</total>
				<timestamp>171.729025</timestamp>
			</report>
			<report>
				<misses>956001</misses>
				<total>82</total>
				<timestamp>171.908848</timestamp>
			</report>
			<report>
				<misses>957001</misses>
				<total>81</total>
				<timestamp>172.088642</timestamp>
			</report>
			<report>
				<misses>958001</misses>
				<total>82</total>
				<timestamp>172.268440</timestamp>
			</report>
			<report>
				<misses>959001</misses>
				<total>82</total>
				<timestamp>172.448277</timestamp>
			</report>
			<report>
				<misses>960001</misses>
				<total>82</total>
				<timestamp>172.628132</timestamp>
			</report>
			<report>
				<misses>961001</misses>
				<total>82</total>
				<timestamp>172.807907</timestamp>
			</report>
			<report>
				<misses>962001</misses>
				<total>82</total>
				<timestamp>172.987735</timestamp>
			</report>
			<report>
				<misses>963001</misses>
				<total>82</total>
				<timestamp>173.167552</timestamp>
			</report>
			<report>
				<misses>964001</misses>
				<total>82</total>
				<timestamp>173.347368</timestamp>
			</report>
			<report>
				<misses>965001</misses>
				<total>82</total>
				<timestamp>173.527261</timestamp>
			</report>
			<report>
				<misses>966001</misses>
				<total>82</total>
				<timestamp>173.707114</timestamp>
			</report>
			<report>
				<misses>967001</misses>
				<total>82</total>
				<timestamp>173.886856</timestamp>
			</report>
			<report>
				<misses>968001</misses>
				<total>82</total>
				<timestamp>174.066643</timestamp>
			</report>
			<report>
				<misses>969001</misses>
				<total>82</total>
				<timestamp>174.246470</timestamp>
			</report>
			<report>
				<misses>970001</misses>
				<total>82</total>
				<timestamp>174.426297</timestamp>
			</report>
			<report>
				<misses>971001</misses>
				<total>82</total>
				<timestamp>174.606126</timestamp>
			</report>
			<report>
				<misses>972001</misses>
				<total>82</total>
				<timestamp>174.785935</timestamp>
			</report>
			<report>
				<misses>973001</misses>
				<total>82</total>
				<timestamp>174.965766</timestamp>
			</report>
			<report>
				<misses>974001</misses>
				<total>82</total>
				<timestamp>175.145603</timestamp>
			</report>
			<report>
				<misses>975001</misses>
				<total>82</total>
				<timestamp>175.325388</timestamp>
			</report>
			<report>
				<misses>976001</misses>
				<total>82</total>
				<timestamp>175.505217</timestamp>
			</report>
			<report>
				<misses>977001</misses>
				<total>82</total>
				<timestamp>175.685055</timestamp>
			</report>
			<report>
				<misses>978001</misses>
				<total>82</total>
				<timestamp>175.864860</timestamp>
			</report>
			<report>
				<misses>979001</misses>
				<total>82</total>
				<timestamp>176.044673</timestamp>
			</report>
			<report>
				<misses>980001</misses>
				<total>82</total>
				<timestamp>176.224491</timestamp>
			</report>
			<report>
				<misses>981001</misses>
				<total>82</total>
				<timestamp>176.404312</timestamp>
			</report>
			<report>
				<misses>982001</misses>
				<total>82</total>
				<timestamp>176.584197</timestamp>
			</report>
			<report>
				<misses>983001</misses>
				<total>82</total>
				<timestamp>176.763960</timestamp>
			</report>
			<report>
				<misses>984001</misses>
				<total>82</total>
				<timestamp>176.943767</timestamp>
			</report>
			<report>
				<misses>985001</misses>
				<total>82</total>
				<timestamp>177.123616</timestamp>
			</report>
			<report>
				<misses>986001</misses>
				<total>82</total>
				<timestamp>177.303411</timestamp>
			</report>
			<report>
				<misses>987001</misses>
				<total>82</total>
				<timestamp>177.483252</timestamp>
			</report>
			<report>
				<misses>988001</misses>
				<total>82</total>
				<timestamp>177.663085</timestamp>
			</report>
			<report>
				<misses>989001</misses>
				<total>84</total>
				<timestamp>177.842874</timestamp>
			</report>
			<report>
				<misses>990001</misses>
				<total>85</total>
				<timestamp>178.022691</timestamp>
			</report>
			<report>
				<misses>991001</misses>
				<total>94</total>
				<timestamp>178.202558</timestamp>
			</report>
			<report>
				<misses>992001</misses>
				<total>94</total>
				<timestamp>178.382326</timestamp>
			</report>
			<report>
				<misses>993001</misses>
				<total>94</total>
				<timestamp>178.562230</timestamp>
			</report>
			<report>
				<misses>994001</misses>
				<total>94</total>
				<timestamp>178.741999</timestamp>
			</report>
			<report>
				<misses>995001</misses>
				<total>94</total>
				<timestamp>178.921781</timestamp>
			</report>
			<report>
				<misses>996001</misses>
				<total>94</total>
				<timestamp>179.101602</timestamp>
			</report>
			<report>
				<misses>997001</misses>
				<total>94</total>
				<timestamp>179.281441</timestamp>
			</report>
			<report>
				<misses>998001</misses>
				<total>94</total>
				<timestamp>179.461247</timestamp>
			</report>
			<report>
				<misses>999001</misses>
				<total>94</total>
				<timestamp>179.641098</timestamp>
			</report>
			<report>
				<misses>1000001</misses>
				<total>94</total>
				<timestamp>179.820911</timestamp>
			</report>
			<report>
				<misses>1001001</misses>
				<total>94</total>
				<timestamp>180.000736</timestamp>
			</report>
			<report>
				<misses>1002001</misses>
				<total>94</total>
				<timestamp>180.180535</timestamp>
			</report>
			<report>
				<misses>1003001</misses>
				<total>94</total>
				<timestamp>180.360359</timestamp>
			</report>
			<report>
				<misses>1004001</misses>
				<total>94</total>
				<timestamp>180.540185</timestamp>
			</report>
			<report>
				<misses>1005001</misses>
				<total>94</total>
				<timestamp>180.720064</timestamp>
			</report>
			<report>
				<misses>1006001</misses>
				<total>94</total>
				<timestamp>180.899816</timestamp>
			</report>
			<report>
				<misses>1007001</misses>
				<total>94</total>
				<timestamp>181.079652</timestamp>
			</report>
			<report>
				<misses>1008001</misses>
				<total>94</total>
				<timestamp>181.259440</timestamp>
			</report>
			<report>
				<misses>1009001</misses>
				<total>94</total>
				<timestamp>181.439297</timestamp>
			</report>
			<report>
				<misses>1010001</misses>
				<total>94</total>
				<timestamp>181.619092</timestamp>
			</report>
			<report>
				<misses>1011001</misses>
				<total>94</total>
				<timestamp>181.798909</timestamp>
			</report>
			<report>
				<misses>1012001</misses>
				<total>94</total>
				<timestamp>181.978725</timestamp>
			</report>
			<report>
				<misses>1013001</misses>
				<total>96</total>
				<timestamp>182.158577</timestamp>
			</report>
			<report>
				<misses>1014001</misses>
				<total>96</total>
				<timestamp>182.338376</timestamp>
			</report>
			<report>
				<misses>1015001</misses>
				<total>96</total>
				<timestamp>182.518195</timestamp>
			</report>
			<report>
				<misses>1016001</misses>
				<total>96</total>
				<timestamp>182.698058</timestamp>
			</report>
			<report>
				<misses>1017001</misses>
				<total>96</total>
				<timestamp>182.877834</timestamp>
			</report>
			<report>
				<misses>1018001</misses>
				<total>96</total>
				<timestamp>183.057642</timestamp>
			</report>
			<report>
				<misses>1019001</misses>
				<total>96</total>
				<timestamp>183.237498</timestamp>
			</report>
			<report>
				<misses>1020001</misses>
				<total>96</total>
				<timestamp>183.417312</timestamp>
			</report>
			<report>
				<misses>1021001</misses>
				<total>96</total>
				<timestamp>183.597150</timestamp>
			</report>
			<report>
				<misses>1022001</misses>
				<total>96</total>
				<timestamp>183.776942</timestamp>
			</report>
			<report>
				<misses>1023001</misses>
				<total>96</total>
				<timestamp>183.956754</timestamp>
			</report>
			<report>
				<misses>1024001</misses>
				<total>96</total>
				<timestamp>184.136564</timestamp>
			</report>
			<report>
				<misses>1025001</misses>
				<total>96</total>
				<timestamp>184.316379</timestamp>
			</report>
			<report>
				<misses>1026001</misses>
				<total>96</total>
				<timestamp>184.496214</timestamp>
			</report>
			<report>
				<misses>1027001</misses>
				<total>96</total>
				<timestamp>184.676056</timestamp>
			</report>
			<report>
				<misses>1028001</misses>
				<total>96</total>
				<timestamp>184.855852</timestamp>
			</report>
			<report>
				<misses>1029001</misses>
				<total>96</total>
				<timestamp>185.035691</timestamp>
			</report>
			<report>
				<misses>1030001</misses>
				<total>96</total>
				<timestamp>185.215480</timestamp>
			</report>
			<report>
				<misses>1031001</misses>
				<total>96</total>
				<timestamp>185.395310</timestamp>
			</report>
			<report>
				<misses>1032001</misses>
				<total>96</total>
				<timestamp>185.575190</timestamp>
			</report>
			<report>
				<misses>1033001</misses>
				<total>96</total>
				<timestamp>185.754991</timestamp>
			</report>
			<report>
				<misses>1034001</misses>
				<total>96</total>
				<timestamp>185.934778</timestamp>
			</report>
			<report>
				<misses>1035001</misses>
				<total>96</total>
				<timestamp>186.114633</timestamp>
			</report>
			<report>
				<misses>1036001</misses>
				<total>96</total>
				<timestamp>186.294415</timestamp>
			</report>
			<report>
				<misses>1037001</misses>
				<total>96</total>
				<timestamp>186.474228</timestamp>
			</report>
			<report>
				<misses>1038001</misses>
				<total>95</total>
				<timestamp>186.654099</timestamp>
			</report>
			<report>
				<misses>1039001</misses>
				<total>96</total>
				<timestamp>186.833885</timestamp>
			</report>
			<report>
				<misses>1040001</misses>
				<total>96</total>
				<timestamp>187.013716</timestamp>
			</report>
			<report>
				<misses>1041001</misses>
				<total>96</total>
				<timestamp>187.193554</timestamp>
			</report>
			<report>
				<misses>1042001</misses>
				<total>96</total>
				<timestamp>187.373329</timestamp>
			</report>
			<report>
				<misses>1043001</misses>
				<total>96</total>
				<timestamp>187.553178</timestamp>
			</report>
			<report>
				<misses>1044001</misses>
				<total>96</total>
				<timestamp>187.733049</timestamp>
			</report>
			<report>
				<misses>1045001</misses>
				<total>98</total>
				<timestamp>187.912802</timestamp>
			</report>
			<report>
				<misses>1046001</misses>
				<total>98</total>
				<timestamp>188.092613</timestamp>
			</report>
			<report>
				<misses>1047001</misses>
				<total>97</total>
				<timestamp>188.272458</timestamp>
			</report>
			<report>
				<misses>1048001</misses>
				<total>98</total>
				<timestamp>188.452262</timestamp>
			</report>
			<report>
				<misses>1049001</misses>
				<total>98</total>
				<timestamp>188.632165</timestamp>
			</report>
			<report>
				<misses>1050001</misses>
				<total>98</total>
				<timestamp>188.811907</timestamp>
			</report>
			<report>
				<misses>1051001</misses>
				<total>98</total>
				<timestamp>188.991724</timestamp>
			</report>
			<report>
				<misses>1052001</misses>
				<total>98</total>
				<timestamp>189.171580</timestamp>
			</report>
			<report>
				<misses>1053001</misses>
				<total>98</total>
				<timestamp>189.351355</timestamp>
			</report>
			<report>
				<misses>1054001</misses>
				<total>98</total>
				<timestamp>189.531176</timestamp>
			</report>
			<report>
				<misses>1055001</misses>
				<total>99</total>
				<timestamp>189.711042</timestamp>
			</report>
			<report>
				<misses>1056001</misses>
				<total>99</total>
				<timestamp>189.890828</timestamp>
			</report>
			<report>
				<misses>1057001</misses>
				<total>99</total>
				<timestamp>190.070679</timestamp>
			</report>
			<report>
				<misses>1058001</misses>
				<total>99</total>
				<timestamp>190.250467</timestamp>
			</report>
			<report>
				<misses>1059001</misses>
				<total>99</total>
				<timestamp>190.430306</timestamp>
			</report>
			<report>
				<misses>1060001</misses>
				<total>99</total>
				<timestamp>190.610139</timestamp>
			</report>
			<report>
				<misses>1061001</misses>
				<total>99</total>
				<timestamp>190.789969</timestamp>
			</report>
			<report>
				<misses>1062001</misses>
				<total>99</total>
				<timestamp>190.969743</timestamp>
			</report>
			<report>
				<misses>1063001</misses>
				<total>99</total>
				<timestamp>191.149603</timestamp>
			</report>
			<report>
				<misses>1064001</misses>
				<total>99</total>
				<timestamp>191.329374</timestamp>
			</report>
			<report>
				<misses>1065001</misses>
				<total>99</total>
				<timestamp>191.509205</timestamp>
			</report>
			<report>
				<misses>1066001</misses>
				<total>99</total>
				<timestamp>191.689034</timestamp>
			</report>
			<report>
				<misses>1067001</misses>
				<total>99</total>
				<timestamp>191.868857</timestamp>
			</report>
			<report>
				<misses>1068001</misses>
				<total>99</total>
				<timestamp>192.048675</timestamp>
			</report>
			<report>
				<misses>1069001</misses>
				<total>100</total>
				<timestamp>192.228475</timestamp>
			</report>
			<report>
				<misses>1070001</misses>
				<total>100</total>
				<timestamp>192.408294</timestamp>
			</report>
			<report>
				<misses>1071001</misses>
				<total>100</total>
				<timestamp>192.588130</timestamp>
			</report>
			<report>
				<misses>1072001</misses>
				<total>100</total>
				<timestamp>192.768001</timestamp>
			</report>
			<report>
				<misses>1073001</misses>
				<total>100</total>
				<timestamp>192.947750</timestamp>
			</report>
			<report>
				<misses>1074001</misses>
				<total>100</total>
				<timestamp>193.127553</timestamp>
			</report>
			<report>
				<misses>1075001</misses>
				<total>100</total>
				<timestamp>193.307377</timestamp>
			</report>
			<report>
				<misses>1076001</misses>
				<total>100</total>
				<timestamp>193.487216</timestamp>
			</report>
			<report>
				<misses>1077001</misses>
				<total>100</total>
				<timestamp>193.667077</timestamp>
			</report>
			<report>
				<misses>1078001</misses>
				<total>100</total>
				<timestamp>193.846852</timestamp>
			</report>
			<report>
				<misses>1079001</misses>
				<total>100</total>
				<timestamp>194.026691</timestamp>
			</report>
			<report>
				<misses>1080001</misses>
				<total>100</total>
				<timestamp>194.206532</timestamp>
			</report>
			<report>
				<misses>1081001</misses>
				<total>100</total>
				<timestamp>194.386300</timestamp>
			</report>
			<report>
				<misses>1082001</misses>
				<total>100</total>
				<timestamp>194.566148</timestamp>
			</report>
			<report>
				<misses>1083001</misses>
				<total>100</total>
				<timestamp>194.745957</timestamp>
			</report>
			<report>
				<misses>1084001</misses>
				<total>100</total>
				<timestamp>194.925767</timestamp>
			</report>
			<report>
				<misses>1085001</misses>
				<total>100</total>
				<timestamp>195.105582</timestamp>
			</report>
			<report>
				<misses>1086001</misses>
				<total>100</total>
				<timestamp>195.285412</timestamp>
			</report>
			<report>
				<misses>1087001</misses>
				<total>100</total>
				<timestamp>195.465224</timestamp>
			</report>
			<report>
				<misses>1088001</misses>
				<total>100</total>
				<timestamp>195.645075</timestamp>
			</report>
			<report>
				<misses>1089001</misses>
				<total>100</total>
				<timestamp>195.824897</timestamp>
			</report>
			<report>
				<misses>1090001</misses>
				<total>100</total>
				<timestamp>196.004723</timestamp>
			</report>
			<report>
				<misses>1091001</misses>
				<total>100</total>
				<timestamp>196.184548</timestamp>
			</report>
			<report>
				<misses>1092001</misses>
				<total>100</total>
				<timestamp>196.364332</timestamp>
			</report>
			<report>
				<misses>1093001</misses>
				<total>100</total>
				<timestamp>196.544160</timestamp>
			</report>
			<report>
				<misses>1094001</misses>
				<total>102</total>
				<timestamp>196.723999</timestamp>
			</report>
			<report>
				<misses>1095001</misses>
				<total>102</total>
				<timestamp>196.903827</timestamp>
			</report>
			<report>
				<misses>1096001</misses>
				<total>102</total>
				<timestamp>197.083599</timestamp>
			</report>
			<report>
				<misses>1097001</misses>
				<total>102</total>
				<timestamp>197.263431</timestamp>
			</report>
			<report>
				<misses>1098001</misses>
				<total>102</total>
				<timestamp>197.443245</timestamp>
			</report>
			<report>
				<misses>1099001</misses>
				<total>102</total>
				<timestamp>197.623114</timestamp>
			</report>
			<report>
				<misses>1100001</misses>
				<total>102</total>
				<timestamp>197.802908</timestamp>
			</report>
			<report>
				<misses>1101001</misses>
				<total>102</total>
				<timestamp>197.982710</timestamp>
			</report>
			<report>
				<misses>1102001</misses>
				<total>102</total>
				<timestamp>198.162554</timestamp>
			</report>
			<report>
				<misses>1103001</misses>
				<total>102</total>
				<timestamp>198.342370</timestamp>
			</report>
			<report>
				<misses>1104001</misses>
				<total>102</total>
				<timestamp>198.522184</timestamp>
			</report>
			<report>
				<misses>1105001</misses>
				<total>102</total>
				<timestamp>198.702015</timestamp>
			</report>
			<report>
				<misses>1106001</misses>
				<total>102</total>
				<timestamp>198.881831</timestamp>
			</report>
			<report>
				<misses>1107001</misses>
				<total>102</total>
				<timestamp>199.061632</timestamp>
			</report>
			<report>
				<misses>1108001</misses>
				<total>102</total>
				<timestamp>199.241455</timestamp>
			</report>
			<report>
				<misses>1109001</misses>
				<total>102</total>
				<timestamp>199.421275</timestamp>
			</report>
			<report>
				<misses>1110001</misses>
				<total>102</total>
				<timestamp>199.601083</timestamp>
			</report>
			<report>
				<misses>1111001</misses>
				<total>102</total>
				<timestamp>199.780973</timestamp>
			</report>
			<report>
				<misses>1112001</misses>
				<total>102</total>
				<timestamp>199.960777</timestamp>
			</report>
			<report>
				<misses>1113001</misses>
				<total>102</total>
				<timestamp>200.140569</timestamp>
			</report>
			<report>
				<misses>1114001</misses>
				<total>102</total>
				<timestamp>200.320379</timestamp>
			</report>
			<report>
				<misses>1115001</misses>
				<total>102</total>
				<timestamp>200.500195</timestamp>
			</report>
			<report>
				<misses>1116001</misses>
				<total>102</total>
				<timestamp>200.680039</timestamp>
			</report>
			<report>
				<misses>1117001</misses>
				<total>102</total>
				<timestamp>200.859853</timestamp>
			</report>
			<report>
				<misses>1118001</misses>
				<total>102</total>
				<timestamp>201.039671</timestamp>
			</report>
			<report>
				<misses>1119001</misses>
				<total>102</total>
				<timestamp>201.219514</timestamp>
			</report>
			<report>
				<misses>1120001</misses>
				<total>102</total>
				<timestamp>201.399285</timestamp>
			</report>
			<report>
				<misses>1121001</misses>
				<total>102</total>
				<timestamp>201.579114</timestamp>
			</report>
			<report>
				<misses>1122001</misses>
				<total>102</total>
				<timestamp>201.758960</timestamp>
			</report>
			<report>
				<misses>1123001</misses>
				<total>102</total>
				<timestamp>201.938770</timestamp>
			</report>
			<report>
				<misses>1124001</misses>
				<total>102</total>
				<timestamp>202.118569</timestamp>
			</report>
			<report>
				<misses>1125001</misses>
				<total>105</total>
				<timestamp>202.298392</timestamp>
			</report>
			<report>
				<misses>1126001</misses>
				<total>105</total>
				<timestamp>202.478243</timestamp>
			</report>
			<report>
				<misses>1127001</misses>
				<total>105</total>
				<timestamp>202.658094</timestamp>
			</report>
			<report>
				<misses>1128001</misses>
				<total>105</total>
				<timestamp>202.837877</timestamp>
			</report>
			<report>
				<misses>1129001</misses>
				<total>105</total>
				<timestamp>203.017674</timestamp>
			</report>
			<report>
				<misses>1130001</misses>
				<total>107</total>
				<timestamp>203.197536</timestamp>
			</report>
			<report>
				<misses>1131001</misses>
				<total>107</total>
				<timestamp>203.377335</timestamp>
			</report>
			<report>
				<misses>1132001</misses>
				<total>107</total>
				<timestamp>203.557146</timestamp>
			</report>
			<report>
				<misses>1133001</misses>
				<total>106</total>
				<timestamp>203.736998</timestamp>
			</report>
			<report>
				<misses>1134001</misses>
				<total>107</total>
				<timestamp>203.916779</timestamp>
			</report>
			<report>
				<misses>1135001</misses>
				<total>107</total>
				<timestamp>204.096585</timestamp>
			</report>
			<report>
				<misses>1136001</misses>
				<total>107</total>
				<timestamp>204.276416</timestamp>
			</report>
			<report>
				<misses>1137001</misses>
				<total>107</total>
				<timestamp>204.456229</timestamp>
			</report>
			<report>
				<misses>1138001</misses>
				<total>107</total>
				<timestamp>204.636081</timestamp>
			</report>
			<report>
				<misses>1139001</misses>
				<total>107</total>
				<timestamp>204.815872</timestamp>
			</report>
			<report>
				<misses>1140001</misses>
				<total>107</total>
				<timestamp>204.995692</timestamp>
			</report>
			<report>
				<misses>1141001</misses>
				<total>107</total>
				<timestamp>205.175559</timestamp>
			</report>
			<report>
				<misses>1142001</misses>
				<total>107</total>
				<timestamp>205.355341</timestamp>
			</report>
			<report>
				<misses>1143001</misses>
				<total>107</total>
				<timestamp>205.535171</timestamp>
			</report>
			<report>
				<misses>1144001</misses>
				<total>107</total>
				<timestamp>205.715053</timestamp>
			</report>
			<report>
				<misses>1145001</misses>
				<total>107</total>
				<timestamp>205.894827</timestamp>
			</report>
			<report>
				<misses>1146001</misses>
				<total>106</total>
				<timestamp>206.074647</timestamp>
			</report>
			<report>
				<misses>1147001</misses>
				<total>107</total>
				<timestamp>206.254459</timestamp>
			</report>
			<report>
				<misses>1148001</misses>
				<total>107</total>
				<timestamp>206.434266</timestamp>
			</report>
			<report>
				<misses>1149001</misses>
				<total>107</total>
				<timestamp>206.614091</timestamp>
			</report>
			<report>
				<misses>1150001</misses>
				<total>107</total>
				<timestamp>206.793924</timestamp>
			</report>
			<report>
				<misses>1151001</misses>
				<total>107</total>
				<timestamp>206.973718</timestamp>
			</report>
			<report>
				<misses>1152001</misses>
				<total>107</total>
				<timestamp>207.153529</timestamp>
			</report>
			<report>
				<misses>1153001</misses>
				<total>107</total>
				<timestamp>207.333352</timestamp>
			</report>
			<report>
				<misses>1154001</misses>
				<total>107</total>
				<timestamp>207.513206</timestamp>
			</report>
			<report>
				<misses>1155001</misses>
				<total>107</total>
				<timestamp>207.693003</timestamp>
			</report>
			<report>
				<misses>1156001</misses>
				<total>107</total>
				<timestamp>207.872851</timestamp>
			</report>
			<report>
				<misses>1157001</misses>
				<total>107</total>
				<timestamp>208.052646</timestamp>
			</report>
			<report>
				<misses>1158001</misses>
				<total>107</total>
				<timestamp>208.232453</timestamp>
			</report>
			<report>
				<misses>1159001</misses>
				<total>107</total>
				<timestamp>208.412285</timestamp>
			</report>
			<report>
				<misses>1160001</misses>
				<total>107</total>
				<timestamp>208.592131</timestamp>
			</report>
			<report>
				<misses>1161001</misses>
				<total>107</total>
				<timestamp>208.771941</timestamp>
			</report>
			<report>
				<misses>1162001</misses>
				<total>107</total>
				<timestamp>208.951738</timestamp>
			</report>
			<report>
				<misses>1163001</misses>
				<total>107</total>
				<timestamp>209.131562</timestamp>
			</report>
			<report>
				<misses>1164001</misses>
				<total>107</total>
				<timestamp>209.311390</timestamp>
			</report>
			<report>
				<misses>1165001</misses>
				<total>107</total>
				<timestamp>209.491208</timestamp>
			</report>
			<report>
				<misses>1166001</misses>
				<total>107</total>
				<timestamp>209.671025</timestamp>
			</report>
			<report>
				<misses>1167001</misses>
				<total>107</total>
				<timestamp>209.850901</timestamp>
			</report>
			<report>
				<misses>1168001</misses>
				<total>107</total>
				<timestamp>210.030663</timestamp>
			</report>
			<report>
				<misses>1169001</misses>
				<total>107</total>
				<timestamp>210.210518</timestamp>
			</report>
			<report>
				<misses>1170001</misses>
				<total>107</total>
				<timestamp>210.390297</timestamp>
			</report>
			<report>
				<misses>1171001</misses>
				<total>107</total>
				<timestamp>210.570138</timestamp>
			</report>
			<report>
				<misses>1172001</misses>
				<total>107</total>
				<timestamp>210.749954</timestamp>
			</report>
			<report>
				<misses>1173001</misses>
				<total>107</total>
				<timestamp>210.929758</timestamp>
			</report>
			<report>
				<misses>1174001</misses>
				<total>107</total>
				<timestamp>211.109569</timestamp>
			</report>
			<report>
				<misses>1175001</misses>
				<total>107</total>
				<timestamp>211.289404</timestamp>
			</report>
			<report>
				<misses>1176001</misses>
				<total>107</total>
				<timestamp>211.469219</timestamp>
			</report>
			<report>
				<misses>1177001</misses>
				<total>107</total>
				<timestamp>211.649066</timestamp>
			</report>
			<report>
				<misses>1178001</misses>
				<total>107</total>
				<timestamp>211.828871</timestamp>
			</report>
			<report>
				<misses>1179001</misses>
				<total>107</total>
				<timestamp>212.008673</timestamp>
			</report>
			<report>
				<misses>1180001</misses>
				<total>106</total>
				<timestamp>212.188542</timestamp>
			</report>
			<report>
				<misses>1181001</misses>
				<total>107</total>
				<timestamp>212.368330</timestamp>
			</report>
			<report>
				<misses>1182001</misses>
				<total>107</total>
				<timestamp>212.548150</timestamp>
			</report>
			<report>
				<misses>1183001</misses>
				<total>107</total>
				<timestamp>212.727973</timestamp>
			</report>
			<report>
				<misses>1184001</misses>
				<total>107</total>
				<timestamp>212.907780</timestamp>
			</report>
			<report>
				<misses>1185001</misses>
				<total>107</total>
				<timestamp>213.087593</timestamp>
			</report>
			<report>
				<misses>1186001</misses>
				<total>107</total>
				<timestamp>213.267453</timestamp>
			</report>
			<report>
				<misses>1187001</misses>
				<total>107</total>
				<timestamp>213.447226</timestamp>
			</report>
			<report>
				<misses>1188001</misses>
				<total>107</total>
				<timestamp>213.627073</timestamp>
			</report>
			<report>
				<misses>1189001</misses>
				<total>107</total>
				<timestamp>213.806896</timestamp>
			</report>
			<report>
				<misses>1190001</misses>
				<total>107</total>
				<timestamp>213.986708</timestamp>
			</report>
			<report>
				<misses>1191001</misses>
				<total>107</total>
				<timestamp>214.166552</timestamp>
			</report>
			<report>
				<misses>1192001</misses>
				<total>107</total>
				<timestamp>214.346320</timestamp>
			</report>
			<report>
				<misses>1193001</misses>
				<total>107</total>
				<timestamp>214.526157</timestamp>
			</report>
			<report>
				<misses>1194001</misses>
				<total>107</total>
				<timestamp>214.706003</timestamp>
			</report>
			<report>
				<misses>1195001</misses>
				<total>107</total>
				<timestamp>214.885850</timestamp>
			</report>
			<report>
				<misses>1196001</misses>
				<total>107</total>
				<timestamp>215.065629</timestamp>
			</report>
			<report>
				<misses>1197001</misses>
				<total>107</total>
				<timestamp>215.245439</timestamp>
			</report>
			<report>
				<misses>1198001</misses>
				<total>107</total>
				<timestamp>215.425258</timestamp>
			</report>
			<report>
				<misses>1199001</misses>
				<total>107</total>
				<timestamp>215.605085</timestamp>
			</report>
			<report>
				<misses>1200001</misses>
				<total>107</total>
				<timestamp>215.784911</timestamp>
			</report>
			<report>
				<misses>1201001</misses>
				<total>107</total>
				<timestamp>215.964732</timestamp>
			</report>
			<report>
				<misses>1202001</misses>
				<total>107</total>
				<timestamp>216.144568</timestamp>
			</report>
			<report>
				<misses>1203001</misses>
				<total>107</total>
				<timestamp>216.324344</timestamp>
			</report>
			<report>
				<misses>1204001</misses>
				<total>107</total>
				<timestamp>216.504171</timestamp>
			</report>
			<report>
				<misses>1205001</misses>
				<total>107</total>
				<timestamp>216.684034</timestamp>
			</report>
			<report>
				<misses>1206001</misses>
				<total>107</total>
				<timestamp>216.863829</timestamp>
			</report>
			<report>
				<misses>1207001</misses>
				<total>107</total>
				<timestamp>217.043637</timestamp>
			</report>
			<report>
				<misses>1208001</misses>
				<total>107</total>
				<timestamp>217.223447</timestamp>
			</report>
			<report>
				<misses>1209001</misses>
				<total>107</total>
				<timestamp>217.403275</timestamp>
			</report>
			<report>
				<misses>1210001</misses>
				<total>107</total>
				<timestamp>217.583082</timestamp>
			</report>
			<report>
				<misses>1211001</misses>
				<total>107</total>
				<timestamp>217.762914</timestamp>
			</report>
			<report>
				<misses>1212001</misses>
				<total>107</total>
				<timestamp>217.942783</timestamp>
			</report>
			<report>
				<misses>1213001</misses>
				<total>107</total>
				<timestamp>218.122571</timestamp>
			</report>
			<report>
				<misses>1214001</misses>
				<total>107</total>
				<timestamp>218.302388</timestamp>
			</report>
			<report>
				<misses>1215001</misses>
				<total>107</total>
				<timestamp>218.482191</timestamp>
			</report>
			<report>
				<misses>1216001</misses>
				<total>107</total>
				<timestamp>218.662041</timestamp>
			</report>
			<report>
				<misses>1217001</misses>
				<total>107</total>
				<timestamp>218.841857</timestamp>
			</report>
			<report>
				<misses>1218001</misses>
				<total>107</total>
				<timestamp>219.021663</timestamp>
			</report>
			<report>
				<misses>1219001</misses>
				<total>107</total>
				<timestamp>219.201496</timestamp>
			</report>
			<report>
				<misses>1220001</misses>
				<total>107</total>
				<timestamp>219.381283</timestamp>
			</report>
			<report>
				<misses>1221001</misses>
				<total>107</total>
				<timestamp>219.561115</timestamp>
			</report>
			<report>
				<misses>1222001</misses>
				<total>107</total>
				<timestamp>219.740933</timestamp>
			</report>
			<report>
				<misses>1223001</misses>
				<total>108</total>
				<timestamp>219.920763</timestamp>
			</report>
			<report>
				<misses>1224001</misses>
				<total>108</total>
				<timestamp>220.100558</timestamp>
			</report>
			<report>
				<misses>1225001</misses>
				<total>108</total>
				<timestamp>220.280378</timestamp>
			</report>
			<report>
				<misses>1226001</misses>
				<total>108</total>
				<timestamp>220.460236</timestamp>
			</report>
			<report>
				<misses>1227001</misses>
				<total>108</total>
				<timestamp>220.640041</timestamp>
			</report>
			<report>
				<misses>1228001</misses>
				<total>109</total>
				<timestamp>220.819882</timestamp>
			</report>
			<report>
				<misses>1229001</misses>
				<total>109</total>
				<timestamp>220.999670</timestamp>
			</report>
			<report>
				<misses>1230001</misses>
				<total>109</total>
				<timestamp>221.179500</timestamp>
			</report>
			<report>
				<misses>1231001</misses>
				<total>109</total>
				<timestamp>221.359357</timestamp>
			</report>
			<report>
				<misses>1232001</misses>
				<total>109</total>
				<timestamp>221.539132</timestamp>
			</report>
			<report>
				<misses>1233001</misses>
				<total>109</total>
				<timestamp>221.718963</timestamp>
			</report>
			<report>
				<misses>1234001</misses>
				<total>109</total>
				<timestamp>221.898803</timestamp>
			</report>
			<report>
				<misses>1235001</misses>
				<total>109</total>
				<timestamp>222.078601</timestamp>
			</report>
			<report>
				<misses>1236001</misses>
				<total>109</total>
				<timestamp>222.258411</timestamp>
			</report>
			<report>
				<misses>1237001</misses>
				<total>109</total>
				<timestamp>222.438230</timestamp>
			</report>
			<report>
				<misses>1238001</misses>
				<total>109</total>
				<timestamp>222.618053</timestamp>
			</report>
			<report>
				<misses>1239001</misses>
				<total>109</total>
				<timestamp>222.797877</timestamp>
			</report>
			<report>
				<misses>1240001</misses>
				<total>109</total>
				<timestamp>222.977683</timestamp>
			</report>
			<report>
				<misses>1241001</misses>
				<total>109</total>
				<timestamp>223.157572</timestamp>
			</report>
			<report>
				<misses>1242001</misses>
				<total>109</total>
				<timestamp>223.337332</timestamp>
			</report>
			<report>
				<misses>1243001</misses>
				<total>109</total>
				<timestamp>223.517168</timestamp>
			</report>
			<report>
				<misses>1244001</misses>
				<total>110</total>
				<timestamp>223.697018</timestamp>
			</report>
			<report>
				<misses>1245001</misses>
				<total>110</total>
				<timestamp>223.876836</timestamp>
			</report>
			<report>
				<misses>1246001</misses>
				<total>110</total>
				<timestamp>224.056631</timestamp>
			</report>
			<report>
				<misses>1247001</misses>
				<total>110</total>
				<timestamp>224.236463</timestamp>
			</report>
			<report>
				<misses>1248001</misses>
				<total>110</total>
				<timestamp>224.416259</timestamp>
			</report>
			<report>
				<misses>1249001</misses>
				<total>110</total>
				<timestamp>224.596092</timestamp>
			</report>
			<report>
				<misses>1250001</misses>
				<total>110</total>
				<timestamp>224.775926</timestamp>
			</report>
			<report>
				<misses>1251001</misses>
				<total>110</total>
				<timestamp>224.955726</timestamp>
			</report>
			<report>
				<misses>1252001</misses>
				<total>110</total>
				<timestamp>225.135533</timestamp>
			</report>
			<report>
				<misses>1253001</misses>
				<total>110</total>
				<timestamp>225.315376</timestamp>
			</report>
			<report>
				<misses>1254001</misses>
				<total>110</total>
				<timestamp>225.495191</timestamp>
			</report>
			<report>
				<misses>1255001</misses>
				<total>110</total>
				<timestamp>225.675034</timestamp>
			</report>
			<report>
				<misses>1256001</misses>
				<total>110</total>
				<timestamp>225.854874</timestamp>
			</report>
			<report>
				<misses>1257001</misses>
				<total>111</total>
				<timestamp>226.034646</timestamp>
			</report>
			<report>
				<misses>1258001</misses>
				<total>111</total>
				<timestamp>226.214448</timestamp>
			</report>
			<report>
				<misses>1259001</misses>
				<total>111</total>
				<timestamp>226.394276</timestamp>
			</report>
			<report>
				<misses>1260001</misses>
				<total>111</total>
				<timestamp>226.574089</timestamp>
			</report>
			<report>
				<misses>1261001</misses>
				<total>111</total>
				<timestamp>226.753928</timestamp>
			</report>
			<report>
				<misses>1262001</misses>
				<total>110</total>
				<timestamp>226.933765</timestamp>
			</report>
			<report>
				<misses>1263001</misses>
				<total>111</total>
				<timestamp>227.113582</timestamp>
			</report>
			<report>
				<misses>1264001</misses>
				<total>111</total>
				<timestamp>227.293427</timestamp>
			</report>
			<report>
				<misses>1265001</misses>
				<total>111</total>
				<timestamp>227.473195</timestamp>
			</report>
			<report>
				<misses>1266001</misses>
				<total>110</total>
				<timestamp>227.653035</timestamp>
			</report>
			<report>
				<misses>1267001</misses>
				<total>111</total>
				<timestamp>227.832871</timestamp>
			</report>
			<report>
				<misses>1268001</misses>
				<total>111</total>
				<timestamp>228.012690</timestamp>
			</report>
			<report>
				<misses>1269001</misses>
				<total>111</total>
				<timestamp>228.192472</timestamp>
			</report>
			<report>
				<misses>1270001</misses>
				<total>111</total>
				<timestamp>228.372288</timestamp>
			</report>
			<report>
				<misses>1271001</misses>
				<total>112</total>
				<timestamp>228.552101</timestamp>
			</report>
			<report>
				<misses>1272001</misses>
				<total>112</total>
				<timestamp>228.731931</timestamp>
			</report>
			<report>
				<misses>1273001</misses>
				<total>112</total>
				<timestamp>228.911756</timestamp>
			</report>
			<report>
				<misses>1274001</misses>
				<total>111</total>
				<timestamp>229.091582</timestamp>
			</report>
			<report>
				<misses>1275001</misses>
				<total>112</total>
				<timestamp>229.271395</timestamp>
			</report>
			<report>
				<misses>1276001</misses>
				<total>112</total>
				<timestamp>229.451230</timestamp>
			</report>
			<report>
				<misses>1277001</misses>
				<total>112</total>
				<timestamp>229.631056</timestamp>
			</report>
			<report>
				<misses>1278001</misses>
				<total>112</total>
				<timestamp>229.810888</timestamp>
			</report>
			<report>
				<misses>1279001</misses>
				<total>112</total>
				<timestamp>229.990680</timestamp>
			</report>
			<report>
				<misses>1280001</misses>
				<total>112</total>
				<timestamp>230.170518</timestamp>
			</report>
			<report>
				<misses>1281001</misses>
				<total>112</total>
				<timestamp>230.350329</timestamp>
			</report>
			<report>
				<misses>1282001</misses>
				<total>112</total>
				<timestamp>230.530139</timestamp>
			</report>
			<report>
				<misses>1283001</misses>
				<total>112</total>
				<timestamp>230.709951</timestamp>
			</report>
			<report>
				<misses>1284001</misses>
				<total>112</total>
				<timestamp>230.889784</timestamp>
			</report>
			<report>
				<misses>1285001</misses>
				<total>112</total>
				<timestamp>231.069597</timestamp>
			</report>
			<report>
				<misses>1286001</misses>
				<total>112</total>
				<timestamp>231.249418</timestamp>
			</report>
			<report>
				<misses>1287001</misses>
				<total>112</total>
				<timestamp>231.429232</timestamp>
			</report>
			<report>
				<misses>1288001</misses>
				<total>112</total>
				<timestamp>231.609065</timestamp>
			</report>
			<report>
				<misses>1289001</misses>
				<total>112</total>
				<timestamp>231.788872</timestamp>
			</report>
			<report>
				<misses>1290001</misses>
				<total>112</total>
				<timestamp>231.968720</timestamp>
			</report>
			<report>
				<misses>1291001</misses>
				<total>112</total>
				<timestamp>232.148519</timestamp>
			</report>
			<report>
				<misses>1292001</misses>
				<total>112</total>
				<timestamp>232.328336</timestamp>
			</report>
			<report>
				<misses>1293001</misses>
				<total>112</total>
				<timestamp>232.508171</timestamp>
			</report>
			<report>
				<misses>1294001</misses>
				<total>112</total>
				<timestamp>232.687971</timestamp>
			</report>
			<report>
				<misses>1295001</misses>
				<total>112</total>
				<timestamp>232.867822</timestamp>
			</report>
			<report>
				<misses>1296001</misses>
				<total>112</total>
				<timestamp>233.047643</timestamp>
			</report>
			<report>
				<misses>1297001</misses>
				<total>112</total>
				<timestamp>233.227432</timestamp>
			</report>
			<report>
				<misses>1298001</misses>
				<total>112</total>
				<timestamp>233.407241</timestamp>
			</report>
			<report>
				<misses>1299001</misses>
				<total>112</total>
				<timestamp>233.587075</timestamp>
			</report>
			<report>
				<misses>1300001</misses>
				<total>111</total>
				<timestamp>233.766908</timestamp>
			</report>
			<report>
				<misses>1301001</misses>
				<total>112</total>
				<timestamp>233.946727</timestamp>
			</report>
			<report>
				<misses>1302001</misses>
				<total>112</total>
				<timestamp>234.126526</timestamp>
			</report>
			<report>
				<misses>1303001</misses>
				<total>112</total>
				<timestamp>234.306353</timestamp>
			</report>
			<report>
				<misses>1304001</misses>
				<total>112</total>
				<timestamp>234.486177</timestamp>
			</report>
			<report>
				<misses>1305001</misses>
				<total>112</total>
				<timestamp>234.666040</timestamp>
			</report>
			<report>
				<misses>1306001</misses>
				<total>112</total>
				<timestamp>234.845837</timestamp>
			</report>
			<report>
				<misses>1307001</misses>
				<total>112</total>
				<timestamp>235.025654</timestamp>
			</report>
			<report>
				<misses>1308001</misses>
				<total>112</total>
				<timestamp>235.205500</timestamp>
			</report>
			<report>
				<misses>1309001</misses>
				<total>112</total>
				<timestamp>235.385262</timestamp>
			</report>
			<report>
				<misses>1310001</misses>
				<total>112</total>
				<timestamp>235.565091</timestamp>
			</report>
			<report>
				<misses>1311001</misses>
				<total>112</total>
				<timestamp>235.744936</timestamp>
			</report>
			<report>
				<misses>1312001</misses>
				<total>112</total>
				<timestamp>235.924727</timestamp>
			</report>
			<report>
				<misses>1313001</misses>
				<total>112</total>
				<timestamp>236.104553</timestamp>
			</report>
			<report>
				<misses>1314001</misses>
				<total>112</total>
				<timestamp>236.284381</timestamp>
			</report>
			<report>
				<misses>1315001</misses>
				<total>112</total>
				<timestamp>236.464200</timestamp>
			</report>
			<report>
				<misses>1316001</misses>
				<total>112</total>
				<timestamp>236.644004</timestamp>
			</report>
			<report>
				<misses>1317001</misses>
				<total>112</total>
				<timestamp>236.823836</timestamp>
			</report>
			<report>
				<misses>1318001</misses>
				<total>112</total>
				<timestamp>237.003672</timestamp>
			</report>
			<report>
				<misses>1319001</misses>
				<total>117</total>
				<timestamp>237.183472</timestamp>
			</report>
			<report>
				<misses>1320001</misses>
				<total>117</total>
				<timestamp>237.363293</timestamp>
			</report>
			<report>
				<misses>1321001</misses>
				<total>117</total>
				<timestamp>237.543102</timestamp>
			</report>
			<report>
				<misses>1322001</misses>
				<total>117</total>
				<timestamp>237.722924</timestamp>
			</report>
			<report>
				<misses>1323001</misses>
				<total>117</total>
				<timestamp>237.902759</timestamp>
			</report>
			<report>
				<misses>1324001</misses>
				<total>117</total>
				<timestamp>238.082582</timestamp>
			</report>
			<report>
				<misses>1325001</misses>
				<total>116</total>
				<timestamp>238.262397</timestamp>
			</report>
			<report>
				<misses>1326001</misses>
				<total>117</total>
				<timestamp>238.442236</timestamp>
			</report>
			<report>
				<misses>1327001</misses>
				<total>117</total>
				<timestamp>238.622029</timestamp>
			</report>
			<report>
				<misses>1328001</misses>
				<total>117</total>
				<timestamp>238.801875</timestamp>
			</report>
			<report>
				<misses>1329001</misses>
				<total>117</total>
				<timestamp>238.981703</timestamp>
			</report>
			<report>
				<misses>1330001</misses>
				<total>117</total>
				<timestamp>239.161521</timestamp>
			</report>
			<report>
				<misses>1331001</misses>
				<total>117</total>
				<timestamp>239.341311</timestamp>
			</report>
			<report>
				<misses>1332001</misses>
				<total>117</total>
				<timestamp>239.521168</timestamp>
			</report>
			<report>
				<misses>1333001</misses>
				<total>116</total>
				<timestamp>239.700981</timestamp>
			</report>
			<report>
				<misses>1334001</misses>
				<total>117</total>
				<timestamp>239.880794</timestamp>
			</report>
			<report>
				<misses>1335001</misses>
				<total>117</total>
				<timestamp>240.060621</timestamp>
			</report>
			<report>
				<misses>1336001</misses>
				<total>117</total>
				<timestamp>240.240432</timestamp>
			</report>
			<report>
				<misses>1337001</misses>
				<total>117</total>
				<timestamp>240.420216</timestamp>
			</report>
			<report>
				<misses>1338001</misses>
				<total>117</total>
				<timestamp>240.600065</timestamp>
			</report>
			<report>
				<misses>1339001</misses>
				<total>117</total>
				<timestamp>240.779884</timestamp>
			</report>
			<report>
				<misses>1340001</misses>
				<total>117</total>
				<timestamp>240.959696</timestamp>
			</report>
			<report>
				<misses>1341001</misses>
				<total>117</total>
				<timestamp>241.139496</timestamp>
			</report>
			<report>
				<misses>1342001</misses>
				<total>117</total>
				<timestamp>241.319363</timestamp>
			</report>
			<report>
				<misses>1343001</misses>
				<total>117</total>
				<timestamp>241.499151</timestamp>
			</report>
			<report>
				<misses>1344001</misses>
				<total>117</total>
				<timestamp>241.678988</timestamp>
			</report>
			<report>
				<misses>1345001</misses>
				<total>117</total>
				<timestamp>241.858834</timestamp>
			</report>
			<report>
				<misses>1346001</misses>
				<total>117</total>
				<timestamp>242.038656</timestamp>
			</report>
			<report>
				<misses>1347001</misses>
				<total>117</total>
				<timestamp>242.218442</timestamp>
			</report>
			<report>
				<misses>1348001</misses>
				<total>117</total>
				<timestamp>242.398247</timestamp>
			</report>
			<report>
				<misses>1349001</misses>
				<total>117</total>
				<timestamp>242.578080</timestamp>
			</report>
			<report>
				<misses>1350001</misses>
				<total>117</total>
				<timestamp>242.757899</timestamp>
			</report>
			<report>
				<misses>1351001</misses>
				<total>117</total>
				<timestamp>242.937722</timestamp>
			</report>
			<report>
				<misses>1352001</misses>
				<total>117</total>
				<timestamp>243.117523</timestamp>
			</report>
			<report>
				<misses>1353001</misses>
				<total>117</total>
				<timestamp>243.297387</timestamp>
			</report>
			<report>
				<misses>1354001</misses>
				<total>117</total>
				<timestamp>243.477190</timestamp>
			</report>
			<report>
				<misses>1355001</misses>
				<total>117</total>
				<timestamp>243.657034</timestamp>
			</report>
			<report>
				<misses>1356001</misses>
				<total>118</total>
				<timestamp>243.836823</timestamp>
			</report>
			<report>
				<misses>1357001</misses>
				<total>118</total>
				<timestamp>244.016686</timestamp>
			</report>
			<report>
				<misses>1358001</misses>
				<total>118</total>
				<timestamp>244.196499</timestamp>
			</report>
			<report>
				<misses>1359001</misses>
				<total>118</total>
				<timestamp>244.376294</timestamp>
			</report>
			<report>
				<misses>1360001</misses>
				<total>118</total>
				<timestamp>244.556118</timestamp>
			</report>
			<report>
				<misses>1361001</misses>
				<total>118</total>
				<timestamp>244.735927</timestamp>
			</report>
			<report>
				<misses>1362001</misses>
				<total>118</total>
				<timestamp>244.915745</timestamp>
			</report>
			<report>
				<misses>1363001</misses>
				<total>117</total>
				<timestamp>245.095619</timestamp>
			</report>
			<report>
				<misses>1364001</misses>
				<total>118</total>
				<timestamp>245.275364</timestamp>
			</report>
			<report>
				<misses>1365001</misses>
				<total>118</total>
				<timestamp>245.455197</timestamp>
			</report>
			<report>
				<misses>1366001</misses>
				<total>118</total>
				<timestamp>245.635024</timestamp>
			</report>
			<report>
				<misses>1367001</misses>
				<total>118</total>
				<timestamp>245.814828</timestamp>
			</report>
			<report>
				<misses>1368001</misses>
				<total>118</total>
				<timestamp>245.994647</timestamp>
			</report>
			<report>
				<misses>1369001</misses>
				<total>118</total>
				<timestamp>246.174474</timestamp>
			</report>
			<report>
				<misses>1370001</misses>
				<total>118</total>
				<timestamp>246.354293</timestamp>
			</report>
			<report>
				<misses>1371001</misses>
				<total>118</total>
				<timestamp>246.534101</timestamp>
			</report>
			<report>
				<misses>1372001</misses>
				<total>118</total>
				<timestamp>246.713960</timestamp>
			</report>
			<report>
				<misses>1373001</misses>
				<total>118</total>
				<timestamp>246.893753</timestamp>
			</report>
			<report>
				<misses>1374001</misses>
				<total>118</total>
				<timestamp>247.073632</timestamp>
			</report>
			<report>
				<misses>1375001</misses>
				<total>118</total>
				<timestamp>247.253416</timestamp>
			</report>
			<report>
				<misses>1376001</misses>
				<total>118</total>
				<timestamp>247.433207</timestamp>
			</report>
			<report>
				<misses>1377001</misses>
				<total>118</total>
				<timestamp>247.613049</timestamp>
			</report>
			<report>
				<misses>1378001</misses>
				<total>118</total>
				<timestamp>247.792885</timestamp>
			</report>
			<report>
				<misses>1379001</misses>
				<total>118</total>
				<timestamp>247.972706</timestamp>
			</report>
			<report>
				<misses>1380001</misses>
				<total>118</total>
				<timestamp>248.152503</timestamp>
			</report>
			<report>
				<misses>1381001</misses>
				<total>118</total>
				<timestamp>248.332328</timestamp>
			</report>
			<report>
				<misses>1382001</misses>
				<total>118</total>
				<timestamp>248.512201</timestamp>
			</report>
			<report>
				<misses>1383001</misses>
				<total>118</total>
				<timestamp>248.691969</timestamp>
			</report>
			<report>
				<misses>1384001</misses>
				<total>118</total>
				<timestamp>248.871788</timestamp>
			</report>
			<report>
				<misses>1385001</misses>
				<total>118</total>
				<timestamp>249.051638</timestamp>
			</report>
			<report>
				<misses>1386001</misses>
				<total>118</total>
				<timestamp>249.231402</timestamp>
			</report>
			<report>
				<misses>1387001</misses>
				<total>118</total>
				<timestamp>249.411226</timestamp>
			</report>
			<report>
				<misses>1388001</misses>
				<total>118</total>
				<timestamp>249.591057</timestamp>
			</report>
			<report>
				<misses>1389001</misses>
				<total>118</total>
				<timestamp>249.770874</timestamp>
			</report>
			<report>
				<misses>1390001</misses>
				<total>118</total>
				<timestamp>249.950710</timestamp>
			</report>
			<report>
				<misses>1391001</misses>
				<total>118</total>
				<timestamp>250.130542</timestamp>
			</report>
			<report>
				<misses>1392001</misses>
				<total>118</total>
				<timestamp>250.310371</timestamp>
			</report>
			<report>
				<misses>1393001</misses>
				<total>118</total>
				<timestamp>250.490214</timestamp>
			</report>
			<report>
				<misses>1394001</misses>
				<total>118</total>
				<timestamp>250.669981</timestamp>
			</report>
			<report>
				<misses>1395001</misses>
				<total>118</total>
				<timestamp>250.849801</timestamp>
			</report>
			<report>
				<misses>1396001</misses>
				<total>118</total>
				<timestamp>251.029633</timestamp>
			</report>
			<report>
				<misses>1397001</misses>
				<total>118</total>
				<timestamp>251.209424</timestamp>
			</report>
			<report>
				<misses>1398001</misses>
				<total>118</total>
				<timestamp>251.389246</timestamp>
			</report>
			<report>
				<misses>1399001</misses>
				<total>118</total>
				<timestamp>251.569081</timestamp>
			</report>
			<report>
				<misses>1400001</misses>
				<total>117</total>
				<timestamp>251.748943</timestamp>
			</report>
			<report>
				<misses>1401001</misses>
				<total>118</total>
				<timestamp>251.928741</timestamp>
			</report>
			<report>
				<misses>1402001</misses>
				<total>118</total>
				<timestamp>252.108569</timestamp>
			</report>
			<report>
				<misses>1403001</misses>
				<total>118</total>
				<timestamp>252.288347</timestamp>
			</report>
			<report>
				<misses>1404001</misses>
				<total>118</total>
				<timestamp>252.468179</timestamp>
			</report>
			<report>
				<misses>1405001</misses>
				<total>118</total>
				<timestamp>252.648063</timestamp>
			</report>
			<report>
				<misses>1406001</misses>
				<total>118</total>
				<timestamp>252.827817</timestamp>
			</report>
			<report>
				<misses>1407001</misses>
				<total>118</total>
				<timestamp>253.007690</timestamp>
			</report>
			<report>
				<misses>1408001</misses>
				<total>118</total>
				<timestamp>253.187456</timestamp>
			</report>
			<report>
				<misses>1409001</misses>
				<total>118</total>
				<timestamp>253.367276</timestamp>
			</report>
			<report>
				<misses>1410001</misses>
				<total>118</total>
				<timestamp>253.547103</timestamp>
			</report>
			<report>
				<misses>1411001</misses>
				<total>118</total>
				<timestamp>253.726908</timestamp>
			</report>
			<report>
				<misses>1412001</misses>
				<total>118</total>
				<timestamp>253.906737</timestamp>
			</report>
			<report>
				<misses>1413001</misses>
				<total>118</total>
				<timestamp>254.086583</timestamp>
			</report>
			<report>
				<misses>1414001</misses>
				<total>118</total>
				<timestamp>254.266381</timestamp>
			</report>
			<report>
				<misses>1415001</misses>
				<total>118</total>
				<timestamp>254.446196</timestamp>
			</report>
			<report>
				<misses>1416001</misses>
				<total>118</total>
				<timestamp>254.626061</timestamp>
			</report>
			<report>
				<misses>1417001</misses>
				<total>118</total>
				<timestamp>254.805822</timestamp>
			</report>
			<report>
				<misses>1418001</misses>
				<total>118</total>
				<timestamp>254.985712</timestamp>
			</report>
			<report>
				<misses>1419001</misses>
				<total>118</total>
				<timestamp>255.165479</timestamp>
			</report>
			<report>
				<misses>1420001</misses>
				<total>118</total>
				<timestamp>255.345320</timestamp>
			</report>
			<report>
				<misses>1421001</misses>
				<total>118</total>
				<timestamp>255.525158</timestamp>
			</report>
			<report>
				<misses>1422001</misses>
				<total>118</total>
				<timestamp>255.704928</timestamp>
			</report>
			<report>
				<misses>1423001</misses>
				<total>118</total>
				<timestamp>255.884772</timestamp>
			</report>
			<report>
				<misses>1424001</misses>
				<total>118</total>
				<timestamp>256.064613</timestamp>
			</report>
			<report>
				<misses>1425001</misses>
				<total>118</total>
				<timestamp>256.244386</timestamp>
			</report>
			<report>
				<misses>1426001</misses>
				<total>118</total>
				<timestamp>256.424224</timestamp>
			</report>
			<report>
				<misses>1427001</misses>
				<total>118</total>
				<timestamp>256.604074</timestamp>
			</report>
			<report>
				<misses>1428001</misses>
				<total>118</total>
				<timestamp>256.783850</timestamp>
			</report>
			<report>
				<misses>1429001</misses>
				<total>118</total>
				<timestamp>256.963735</timestamp>
			</report>
			<report>
				<misses>1430001</misses>
				<total>118</total>
				<timestamp>257.143525</timestamp>
			</report>
			<report>
				<misses>1431001</misses>
				<total>118</total>
				<timestamp>257.323316</timestamp>
			</report>
			<report>
				<misses>1432001</misses>
				<total>118</total>
				<timestamp>257.503127</timestamp>
			</report>
			<report>
				<misses>1433001</misses>
				<total>118</total>
				<timestamp>257.682945</timestamp>
			</report>
			<report>
				<misses>1434001</misses>
				<total>118</total>
				<timestamp>257.862774</timestamp>
			</report>
			<report>
				<misses>1435001</misses>
				<total>118</total>
				<timestamp>258.042602</timestamp>
			</report>
			<report>
				<misses>1436001</misses>
				<total>118</total>
				<timestamp>258.222401</timestamp>
			</report>
			<report>
				<misses>1437001</misses>
				<total>118</total>
				<timestamp>258.402270</timestamp>
			</report>
			<report>
				<misses>1438001</misses>
				<total>118</total>
				<timestamp>258.582051</timestamp>
			</report>
			<report>
				<misses>1439001</misses>
				<total>118</total>
				<timestamp>258.761891</timestamp>
			</report>
			<report>
				<misses>1440001</misses>
				<total>118</total>
				<timestamp>258.941696</timestamp>
			</report>
			<report>
				<misses>1441001</misses>
				<total>118</total>
				<timestamp>259.121536</timestamp>
			</report>
			<report>
				<misses>1442001</misses>
				<total>118</total>
				<timestamp>259.301330</timestamp>
			</report>
			<report>
				<misses>1443001</misses>
				<total>117</total>
				<timestamp>259.481237</timestamp>
			</report>
			<report>
				<misses>1444001</misses>
				<total>118</total>
				<timestamp>259.660997</timestamp>
			</report>
			<report>
				<misses>1445001</misses>
				<total>118</total>
				<timestamp>259.840786</timestamp>
			</report>
			<report>
				<misses>1446001</misses>
				<total>118</total>
				<timestamp>260.020637</timestamp>
			</report>
			<report>
				<misses>1447001</misses>
				<total>118</total>
				<timestamp>260.200438</timestamp>
			</report>
			<report>
				<misses>1448001</misses>
				<total>118</total>
				<timestamp>260.380272</timestamp>
			</report>
			<report>
				<misses>1449001</misses>
				<total>118</total>
				<timestamp>260.560080</timestamp>
			</report>
			<report>
				<misses>1450001</misses>
				<total>118</total>
				<timestamp>260.739898</timestamp>
			</report>
			<report>
				<misses>1451001</misses>
				<total>118</total>
				<timestamp>260.919697</timestamp>
			</report>
			<report>
				<misses>1452001</misses>
				<total>118</total>
				<timestamp>261.099553</timestamp>
			</report>
			<report>
				<misses>1453001</misses>
				<total>118</total>
				<timestamp>261.279365</timestamp>
			</report>
			<report>
				<misses>1454001</misses>
				<total>118</total>
				<timestamp>261.459235</timestamp>
			</report>
			<report>
				<misses>1455001</misses>
				<total>118</total>
				<timestamp>261.639011</timestamp>
			</report>
			<report>
				<misses>1456001</misses>
				<total>118</total>
				<timestamp>261.818811</timestamp>
			</report>
			<report>
				<misses>1457001</misses>
				<total>118</total>
				<timestamp>261.998674</timestamp>
			</report>
			<report>
				<misses>1458001</misses>
				<total>118</total>
				<timestamp>262.178491</timestamp>
			</report>
			<report>
				<misses>1459001</misses>
				<total>118</total>
				<timestamp>262.358265</timestamp>
			</report>
			<report>
				<misses>1460001</misses>
				<total>118</total>
				<timestamp>262.538109</timestamp>
			</report>
			<report>
				<misses>1461001</misses>
				<total>118</total>
				<timestamp>262.717915</timestamp>
			</report>
			<report>
				<misses>1462001</misses>
				<total>118</total>
				<timestamp>262.897729</timestamp>
			</report>
			<report>
				<misses>1463001</misses>
				<total>118</total>
				<timestamp>263.077565</timestamp>
			</report>
			<report>
				<misses>1464001</misses>
				<total>118</total>
				<timestamp>263.257372</timestamp>
			</report>
			<report>
				<misses>1465001</misses>
				<total>118</total>
				<timestamp>263.437229</timestamp>
			</report>
			<report>
				<misses>1466001</misses>
				<total>118</total>
				<timestamp>263.617039</timestamp>
			</report>
			<report>
				<misses>1467001</misses>
				<total>118</total>
				<timestamp>263.796839</timestamp>
			</report>
			<report>
				<misses>1468001</misses>
				<total>118</total>
				<timestamp>263.976717</timestamp>
			</report>
			<report>
				<misses>1469001</misses>
				<total>118</total>
				<timestamp>264.156471</timestamp>
			</report>
			<report>
				<misses>1470001</misses>
				<total>118</total>
				<timestamp>264.336282</timestamp>
			</report>
			<report>
				<misses>1471001</misses>
				<total>118</total>
				<timestamp>264.516106</timestamp>
			</report>
			<report>
				<misses>1472001</misses>
				<total>118</total>
				<timestamp>264.695928</timestamp>
			</report>
			<report>
				<misses>1473001</misses>
				<total>118</total>
				<timestamp>264.875765</timestamp>
			</report>
			<report>
				<misses>1474001</misses>
				<total>118</total>
				<timestamp>265.055573</timestamp>
			</report>
			<report>
				<misses>1475001</misses>
				<total>118</total>
				<timestamp>265.235376</timestamp>
			</report>
			<report>
				<misses>1476001</misses>
				<total>118</total>
				<timestamp>265.415241</timestamp>
			</report>
			<report>
				<misses>1477001</misses>
				<total>118</total>
				<timestamp>265.595049</timestamp>
			</report>
			<report>
				<misses>1478001</misses>
				<total>118</total>
				<timestamp>265.774843</timestamp>
			</report>
			<report>
				<misses>1479001</misses>
				<total>118</total>
				<timestamp>265.954684</timestamp>
			</report>
			<report>
				<misses>1480001</misses>
				<total>118</total>
				<timestamp>266.134507</timestamp>
			</report>
			<report>
				<misses>1481001</misses>
				<total>118</total>
				<timestamp>266.314305</timestamp>
			</report>
			<report>
				<misses>1482001</misses>
				<total>118</total>
				<timestamp>266.494148</timestamp>
			</report>
			<report>
				<misses>1483001</misses>
				<total>118</total>
				<timestamp>266.673947</timestamp>
			</report>
			<report>
				<misses>1484001</misses>
				<total>118</total>
				<timestamp>266.853782</timestamp>
			</report>
			<report>
				<misses>1485001</misses>
				<total>118</total>
				<timestamp>267.033597</timestamp>
			</report>
			<report>
				<misses>1486001</misses>
				<total>118</total>
				<timestamp>267.213447</timestamp>
			</report>
			<report>
				<misses>1487001</misses>
				<total>118</total>
				<timestamp>267.393214</timestamp>
			</report>
			<report>
				<misses>1488001</misses>
				<total>118</total>
				<timestamp>267.573047</timestamp>
			</report>
			<report>
				<misses>1489001</misses>
				<total>118</total>
				<timestamp>267.752868</timestamp>
			</report>
			<report>
				<misses>1490001</misses>
				<total>118</total>
				<timestamp>267.932706</timestamp>
			</report>
			<report>
				<misses>1491001</misses>
				<total>118</total>
				<timestamp>268.112519</timestamp>
			</report>
			<report>
				<misses>1492001</misses>
				<total>118</total>
				<timestamp>268.292322</timestamp>
			</report>
			<report>
				<misses>1493001</misses>
				<total>118</total>
				<timestamp>268.472175</timestamp>
			</report>
			<report>
				<misses>1494001</misses>
				<total>118</total>
				<timestamp>268.651997</timestamp>
			</report>
			<report>
				<misses>1495001</misses>
				<total>118</total>
				<timestamp>268.831789</timestamp>
			</report>
			<report>
				<misses>1496001</misses>
				<total>118</total>
				<timestamp>269.011665</timestamp>
			</report>
			<report>
				<misses>1497001</misses>
				<total>118</total>
				<timestamp>269.191485</timestamp>
			</report>
			<report>
				<misses>1498001</misses>
				<total>118</total>
				<timestamp>269.371268</timestamp>
			</report>
			<report>
				<misses>1499001</misses>
				<total>118</total>
				<timestamp>269.551076</timestamp>
			</report>
			<report>
				<misses>1500001</misses>
				<total>118</total>
				<timestamp>269.730885</timestamp>
			</report>
			<report>
				<misses>1501001</misses>
				<total>118</total>
				<timestamp>269.910744</timestamp>
			</report>
			<report>
				<misses>1502001</misses>
				<total>118</total>
				<timestamp>270.090548</timestamp>
			</report>
			<report>
				<misses>1503001</misses>
				<total>117</total>
				<timestamp>270.270400</timestamp>
			</report>
			<report>
				<misses>1504001</misses>
				<total>118</total>
				<timestamp>270.450237</timestamp>
			</report>
			<report>
				<misses>1505001</misses>
				<total>118</total>
				<timestamp>270.630022</timestamp>
			</report>
			<report>
				<misses>1506001</misses>
				<total>118</total>
				<timestamp>270.809820</timestamp>
			</report>
			<report>
				<misses>1507001</misses>
				<total>118</total>
				<timestamp>270.989635</timestamp>
			</report>
			<report>
				<misses>1508001</misses>
				<total>118</total>
				<timestamp>271.169496</timestamp>
			</report>
			<report>
				<misses>1509001</misses>
				<total>118</total>
				<timestamp>271.349280</timestamp>
			</report>
			<report>
				<misses>1510001</misses>
				<total>118</total>
				<timestamp>271.529128</timestamp>
			</report>
			<report>
				<misses>1511001</misses>
				<total>118</total>
				<timestamp>271.708957</timestamp>
			</report>
			<report>
				<misses>1512001</misses>
				<total>118</total>
				<timestamp>271.888776</timestamp>
			</report>
			<report>
				<misses>1513001</misses>
				<total>118</total>
				<timestamp>272.068626</timestamp>
			</report>
			<report>
				<misses>1514001</misses>
				<total>118</total>
				<timestamp>272.248418</timestamp>
			</report>
			<report>
				<misses>1515001</misses>
				<total>118</total>
				<timestamp>272.428199</timestamp>
			</report>
			<report>
				<misses>1516001</misses>
				<total>118</total>
				<timestamp>272.608008</timestamp>
			</report>
			<report>
				<misses>1517001</misses>
				<total>118</total>
				<timestamp>272.787848</timestamp>
			</report>
			<report>
				<misses>1518001</misses>
				<total>118</total>
				<timestamp>272.967651</timestamp>
			</report>
			<report>
				<misses>1519001</misses>
				<total>118</total>
				<timestamp>273.147478</timestamp>
			</report>
			<report>
				<misses>1520001</misses>
				<total>118</total>
				<timestamp>273.327332</timestamp>
			</report>
			<report>
				<misses>1521001</misses>
				<total>118</total>
				<timestamp>273.507111</timestamp>
			</report>
			<report>
				<misses>1522001</misses>
				<total>122</total>
				<timestamp>273.686936</timestamp>
			</report>
			<report>
				<misses>1523001</misses>
				<total>122</total>
				<timestamp>273.866755</timestamp>
			</report>
			<report>
				<misses>1524001</misses>
				<total>122</total>
				<timestamp>274.046588</timestamp>
			</report>
			<report>
				<misses>1525001</misses>
				<total>122</total>
				<timestamp>274.226421</timestamp>
			</report>
			<report>
				<misses>1526001</misses>
				<total>122</total>
				<timestamp>274.406219</timestamp>
			</report>
			<report>
				<misses>1527001</misses>
				<total>122</total>
				<timestamp>274.586031</timestamp>
			</report>
			<report>
				<misses>1528001</misses>
				<total>122</total>
				<timestamp>274.765847</timestamp>
			</report>
			<report>
				<misses>1529001</misses>
				<total>122</total>
				<timestamp>274.945682</timestamp>
			</report>
			<report>
				<misses>1530001</misses>
				<total>122</total>
				<timestamp>275.125484</timestamp>
			</report>
			<report>
				<misses>1531001</misses>
				<total>122</total>
				<timestamp>275.305329</timestamp>
			</report>
			<report>
				<misses>1532001</misses>
				<total>122</total>
				<timestamp>275.485143</timestamp>
			</report>
			<report>
				<misses>1533001</misses>
				<total>122</total>
				<timestamp>275.664952</timestamp>
			</report>
			<report>
				<misses>1534001</misses>
				<total>122</total>
				<timestamp>275.844768</timestamp>
			</report>
			<report>
				<misses>1535001</misses>
				<total>122</total>
				<timestamp>276.024596</timestamp>
			</report>
			<report>
				<misses>1536001</misses>
				<total>122</total>
				<timestamp>276.204457</timestamp>
			</report>
			<report>
				<misses>1537001</misses>
				<total>122</total>
				<timestamp>276.384233</timestamp>
			</report>
			<report>
				<misses>1538001</misses>
				<total>122</total>
				<timestamp>276.564043</timestamp>
			</report>
			<report>
				<misses>1539001</misses>
				<total>122</total>
				<timestamp>276.743897</timestamp>
			</report>
			<report>
				<misses>1540001</misses>
				<total>122</total>
				<timestamp>276.923698</timestamp>
			</report>
			<report>
				<misses>1541001</misses>
				<total>122</total>
				<timestamp>277.103582</timestamp>
			</report>
			<report>
				<misses>1542001</misses>
				<total>122</total>
				<timestamp>277.283330</timestamp>
			</report>
			<report>
				<misses>1543001</misses>
				<total>122</total>
				<timestamp>277.463167</timestamp>
			</report>
			<report>
				<misses>1544001</misses>
				<total>122</total>
				<timestamp>277.642989</timestamp>
			</report>
			<report>
				<misses>1545001</misses>
				<total>122</total>
				<timestamp>277.822793</timestamp>
			</report>
			<report>
				<misses>1546001</misses>
				<total>122</total>
				<timestamp>278.002624</timestamp>
			</report>
			<report>
				<misses>1547001</misses>
				<total>122</total>
				<timestamp>278.182452</timestamp>
			</report>
			<report>
				<misses>1548001</misses>
				<total>122</total>
				<timestamp>278.362303</timestamp>
			</report>
			<report>
				<misses>1549001</misses>
				<total>122</total>
				<timestamp>278.542066</timestamp>
			</report>
			<report>
				<misses>1550001</misses>
				<total>122</total>
				<timestamp>278.721904</timestamp>
			</report>
			<report>
				<misses>1551001</misses>
				<total>122</total>
				<timestamp>278.901720</timestamp>
			</report>
			<report>
				<misses>1552001</misses>
				<total>122</total>
				<timestamp>279.081552</timestamp>
			</report>
			<report>
				<misses>1553001</misses>
				<total>122</total>
				<timestamp>279.261415</timestamp>
			</report>
			<report>
				<misses>1554001</misses>
				<total>122</total>
				<timestamp>279.441185</timestamp>
			</report>
			<report>
				<misses>1555001</misses>
				<total>122</total>
				<timestamp>279.621005</timestamp>
			</report>
			<report>
				<misses>1556001</misses>
				<total>122</total>
				<timestamp>279.800815</timestamp>
			</report>
			<report>
				<misses>1557001</misses>
				<total>122</total>
				<timestamp>279.980634</timestamp>
			</report>
			<report>
				<misses>1558001</misses>
				<total>122</total>
				<timestamp>280.160473</timestamp>
			</report>
			<report>
				<misses>1559001</misses>
				<total>122</total>
				<timestamp>280.340276</timestamp>
			</report>
			<report>
				<misses>1560001</misses>
				<total>122</total>
				<timestamp>280.520110</timestamp>
			</report>
			<report>
				<misses>1561001</misses>
				<total>122</total>
				<timestamp>280.699932</timestamp>
			</report>
			<report>
				<misses>1562001</misses>
				<total>122</total>
				<timestamp>280.879753</timestamp>
			</report>
			<report>
				<misses>1563001</misses>
				<total>122</total>
				<timestamp>281.059553</timestamp>
			</report>
			<report>
				<misses>1564001</misses>
				<total>122</total>
				<timestamp>281.239434</timestamp>
			</report>
			<report>
				<misses>1565001</misses>
				<total>122</total>
				<timestamp>281.419267</timestamp>
			</report>
			<report>
				<misses>1566001</misses>
				<total>122</total>
				<timestamp>281.599037</timestamp>
			</report>
			<report>
				<misses>1567001</misses>
				<total>122</total>
				<timestamp>281.778839</timestamp>
			</report>
			<report>
				<misses>1568001</misses>
				<total>122</total>
				<timestamp>281.958664</timestamp>
			</report>
			<report>
				<misses>1569001</misses>
				<total>122</total>
				<timestamp>282.138482</timestamp>
			</report>
			<report>
				<misses>1570001</misses>
				<total>122</total>
				<timestamp>282.318301</timestamp>
			</report>
			<report>
				<misses>1571001</misses>
				<total>122</total>
				<timestamp>282.498153</timestamp>
			</report>
			<report>
				<misses>1572001</misses>
				<total>121</total>
				<timestamp>282.677936</timestamp>
			</report>
			<report>
				<misses>1573001</misses>
				<total>122</total>
				<timestamp>282.857743</timestamp>
			</report>
			<report>
				<misses>1574001</misses>
				<total>122</total>
				<timestamp>283.037585</timestamp>
			</report>
			<report>
				<misses>1575001</misses>
				<total>122</total>
				<timestamp>283.217435</timestamp>
			</report>
			<report>
				<misses>1576001</misses>
				<total>122</total>
				<timestamp>283.397201</timestamp>
			</report>
			<report>
				<misses>1577001</misses>
				<total>122</total>
				<timestamp>283.577032</timestamp>
			</report>
			<report>
				<misses>1578001</misses>
				<total>125</total>
				<timestamp>283.756844</timestamp>
			</report>
			<report>
				<misses>1579001</misses>
				<total>125</total>
				<timestamp>283.936676</timestamp>
			</report>
			<report>
				<misses>1580001</misses>
				<total>125</total>
				<timestamp>284.116518</timestamp>
			</report>
			<report>
				<misses>1581001</misses>
				<total>125</total>
				<timestamp>284.296350</timestamp>
			</report>
			<report>
				<misses>1582001</misses>
				<total>124</total>
				<timestamp>284.476166</timestamp>
			</report>
			<report>
				<misses>1583001</misses>
				<total>125</total>
				<timestamp>284.655943</timestamp>
			</report>
			<report>
				<misses>1584001</misses>
				<total>125</total>
				<timestamp>284.835762</timestamp>
			</report>
			<report>
				<misses>1585001</misses>
				<total>124</total>
				<timestamp>285.015638</timestamp>
			</report>
			<report>
				<misses>1586001</misses>
				<total>125</total>
				<timestamp>285.195434</timestamp>
			</report>
			<report>
				<misses>1587001</misses>
				<total>125</total>
				<timestamp>285.375223</timestamp>
			</report>
			<report>
				<misses>1588001</misses>
				<total>125</total>
				<timestamp>285.555047</timestamp>
			</report>
			<report>
				<misses>1589001</misses>
				<total>132</total>
				<timestamp>285.734886</timestamp>
			</report>
			<report>
				<misses>1590001</misses>
				<total>136</total>
				<timestamp>285.914694</timestamp>
			</report>
			<report>
				<misses>1591001</misses>
				<total>136</total>
				<timestamp>286.094505</timestamp>
			</report>
			<report>
				<misses>1592001</misses>
				<total>136</total>
				<timestamp>286.274420</timestamp>
			</report>
			<report>
				<misses>1593001</misses>
				<total>136</total>
				<timestamp>286.454159</timestamp>
			</report>
			<report>
				<misses>1594001</misses>
				<total>136</total>
				<timestamp>286.634026</timestamp>
			</report>
			<report>
				<misses>1595001</misses>
				<total>136</total>
				<timestamp>286.813797</timestamp>
			</report>
			<report>
				<misses>1596001</misses>
				<total>136</total>
				<timestamp>286.993618</timestamp>
			</report>
			<report>
				<misses>1597001</misses>
				<total>136</total>
				<timestamp>287.173459</timestamp>
			</report>
			<report>
				<misses>1598001</misses>
				<total>136</total>
				<timestamp>287.353248</timestamp>
			</report>
			<report>
				<misses>1599001</misses>
				<total>136</total>
				<timestamp>287.533163</timestamp>
			</report>
			<report>
				<misses>1600001</misses>
				<total>136</total>
				<timestamp>287.712885</timestamp>
			</report>
			<report>
				<misses>1601001</misses>
				<total>136</total>
				<timestamp>287.892703</timestamp>
			</report>
			<report>
				<misses>1602001</misses>
				<total>139</total>
				<timestamp>288.072542</timestamp>
			</report>
			<report>
				<misses>1603001</misses>
				<total>139</total>
				<timestamp>288.252376</timestamp>
			</report>
			<report>
				<misses>1604001</misses>
				<total>139</total>
				<timestamp>288.432216</timestamp>
			</report>
			<report>
				<misses>1605001</misses>
				<total>139</total>
				<timestamp>288.612009</timestamp>
			</report>
			<report>
				<misses>1606001</misses>
				<total>139</total>
				<timestamp>288.791814</timestamp>
			</report>
			<report>
				<misses>1607001</misses>
				<total>139</total>
				<timestamp>288.971624</timestamp>
			</report>
			<report>
				<misses>1608001</misses>
				<total>139</total>
				<timestamp>289.151488</timestamp>
			</report>
			<report>
				<misses>1609001</misses>
				<total>139</total>
				<timestamp>289.331337</timestamp>
			</report>
			<report>
				<misses>1610001</misses>
				<total>139</total>
				<timestamp>289.511082</timestamp>
			</report>
			<report>
				<misses>1611001</misses>
				<total>139</total>
				<timestamp>289.690922</timestamp>
			</report>
			<report>
				<misses>1612001</misses>
				<total>138</total>
				<timestamp>289.870734</timestamp>
			</report>
			<report>
				<misses>1613001</misses>
				<total>139</total>
				<timestamp>290.050583</timestamp>
			</report>
			<report>
				<misses>1614001</misses>
				<total>139</total>
				<timestamp>290.230369</timestamp>
			</report>
			<report>
				<misses>1615001</misses>
				<total>138</total>
				<timestamp>290.410191</timestamp>
			</report>
			<report>
				<misses>1616001</misses>
				<total>139</total>
				<timestamp>290.590024</timestamp>
			</report>
			<report>
				<misses>1617001</misses>
				<total>139</total>
				<timestamp>290.769827</timestamp>
			</report>
			<report>
				<misses>1618001</misses>
				<total>139</total>
				<timestamp>290.949646</timestamp>
			</report>
			<report>
				<misses>1619001</misses>
				<total>139</total>
				<timestamp>291.129481</timestamp>
			</report>
			<report>
				<misses>1620001</misses>
				<total>141</total>
				<timestamp>291.309318</timestamp>
			</report>
			<report>
				<misses>1621001</misses>
				<total>140</total>
				<timestamp>291.489150</timestamp>
			</report>
			<report>
				<misses>1622001</misses>
				<total>141</total>
				<timestamp>291.668948</timestamp>
			</report>
			<report>
				<misses>1623001</misses>
				<total>141</total>
				<timestamp>291.848753</timestamp>
			</report>
			<report>
				<misses>1624001</misses>
				<total>141</total>
				<timestamp>292.028603</timestamp>
			</report>
			<report>
				<misses>1625001</misses>
				<total>141</total>
				<timestamp>292.208429</timestamp>
			</report>
			<report>
				<misses>1626001</misses>
				<total>141</total>
				<timestamp>292.388219</timestamp>
			</report>
			<report>
				<misses>1627001</misses>
				<total>141</total>
				<timestamp>292.568037</timestamp>
			</report>
			<report>
				<misses>1628001</misses>
				<total>141</total>
				<timestamp>292.747857</timestamp>
			</report>
			<report>
				<misses>1629001</misses>
				<total>141</total>
				<timestamp>292.927684</timestamp>
			</report>
			<report>
				<misses>1630001</misses>
				<total>141</total>
				<timestamp>293.107505</timestamp>
			</report>
			<report>
				<misses>1631001</misses>
				<total>141</total>
				<timestamp>293.287363</timestamp>
			</report>
			<report>
				<misses>1632001</misses>
				<total>141</total>
				<timestamp>293.467135</timestamp>
			</report>
			<report>
				<misses>1633001</misses>
				<total>141</total>
				<timestamp>293.646946</timestamp>
			</report>
			<report>
				<misses>1634001</misses>
				<total>141</total>
				<timestamp>293.826776</timestamp>
			</report>
			<report>
				<misses>1635001</misses>
				<total>146</total>
				<timestamp>294.006605</timestamp>
			</report>
			<report>
				<misses>1636001</misses>
				<total>146</total>
				<timestamp>294.186431</timestamp>
			</report>
			<report>
				<misses>1637001</misses>
				<total>146</total>
				<timestamp>294.366223</timestamp>
			</report>
			<report>
				<misses>1638001</misses>
				<total>146</total>
				<timestamp>294.546047</timestamp>
			</report>
			<report>
				<misses>1639001</misses>
				<total>146</total>
				<timestamp>294.725866</timestamp>
			</report>
			<report>
				<misses>1640001</misses>
				<total>146</total>
				<timestamp>294.905693</timestamp>
			</report>
			<report>
				<misses>1641001</misses>
				<total>146</total>
				<timestamp>295.085505</timestamp>
			</report>
			<report>
				<misses>1642001</misses>
				<total>146</total>
				<timestamp>295.265346</timestamp>
			</report>
			<report>
				<misses>1643001</misses>
				<total>146</total>
				<timestamp>295.445155</timestamp>
			</report>
			<report>
				<misses>1644001</misses>
				<total>146</total>
				<timestamp>295.624982</timestamp>
			</report>
			<report>
				<misses>1645001</misses>
				<total>146</total>
				<timestamp>295.804797</timestamp>
			</report>
			<report>
				<misses>1646001</misses>
				<total>146</total>
				<timestamp>295.984614</timestamp>
			</report>
			<report>
				<misses>1647001</misses>
				<total>146</total>
				<timestamp>296.164485</timestamp>
			</report>
			<report>
				<misses>1648001</misses>
				<total>146</total>
				<timestamp>296.344283</timestamp>
			</report>
			<report>
				<misses>1649001</misses>
				<total>146</total>
				<timestamp>296.524090</timestamp>
			</report>
			<report>
				<misses>1650001</misses>
				<total>146</total>
				<timestamp>296.703905</timestamp>
			</report>
			<report>
				<misses>1651001</misses>
				<total>146</total>
				<timestamp>296.883715</timestamp>
			</report>
			<report>
				<misses>1652001</misses>
				<total>146</total>
				<timestamp>297.063543</timestamp>
			</report>
			<report>
				<misses>1653001</misses>
				<total>146</total>
				<timestamp>297.243345</timestamp>
			</report>
			<report>
				<misses>1654001</misses>
				<total>146</total>
				<timestamp>297.423173</timestamp>
			</report>
			<report>
				<misses>1655001</misses>
				<total>146</total>
				<timestamp>297.603015</timestamp>
			</report>
			<report>
				<misses>1656001</misses>
				<total>146</total>
				<timestamp>297.782804</timestamp>
			</report>
			<report>
				<misses>1657001</misses>
				<total>146</total>
				<timestamp>297.962638</timestamp>
			</report>
			<report>
				<misses>1658001</misses>
				<total>146</total>
				<timestamp>298.142445</timestamp>
			</report>
			<report>
				<misses>1659001</misses>
				<total>146</total>
				<timestamp>298.322328</timestamp>
			</report>
			<report>
				<misses>1660001</misses>
				<total>146</total>
				<timestamp>298.502113</timestamp>
			</report>
			<report>
				<misses>1661001</misses>
				<total>146</total>
				<timestamp>298.681913</timestamp>
			</report>
			<report>
				<misses>1662001</misses>
				<total>146</total>
				<timestamp>298.861741</timestamp>
			</report>
			<report>
				<misses>1663001</misses>
				<total>146</total>
				<timestamp>299.041569</timestamp>
			</report>
			<report>
				<misses>1664001</misses>
				<total>146</total>
				<timestamp>299.221399</timestamp>
			</report>
			<report>
				<misses>1665001</misses>
				<total>146</total>
				<timestamp>299.401249</timestamp>
			</report>
			<report>
				<misses>1666001</misses>
				<total>146</total>
				<timestamp>299.581045</timestamp>
			</report>
			<report>
				<misses>1667001</misses>
				<total>146</total>
				<timestamp>299.760839</timestamp>
			</report>
			<report>
				<misses>1668001</misses>
				<total>147</total>
				<timestamp>299.940667</timestamp>
			</report>
			<report>
				<misses>1669001</misses>
				<total>146</total>
				<timestamp>300.120532</timestamp>
			</report>
			<report>
				<misses>1670001</misses>
				<total>147</total>
				<timestamp>300.300316</timestamp>
			</report>
			<report>
				<misses>1671001</misses>
				<total>147</total>
				<timestamp>300.480138</timestamp>
			</report>
			<report>
				<misses>1672001</misses>
				<total>147</total>
				<timestamp>300.659915</timestamp>
			</report>
			<report>
				<misses>1673001</misses>
				<total>147</total>
				<timestamp>300.839769</timestamp>
			</report>
			<report>
				<misses>1674001</misses>
				<total>147</total>
				<timestamp>301.019564</timestamp>
			</report>
			<report>
				<misses>1675001</misses>
				<total>147</total>
				<timestamp>301.199419</timestamp>
			</report>
			<report>
				<misses>1676001</misses>
				<total>147</total>
				<timestamp>301.379280</timestamp>
			</report>
			<report>
				<misses>1677001</misses>
				<total>147</total>
				<timestamp>301.559024</timestamp>
			</report>
			<report>
				<misses>1678001</misses>
				<total>147</total>
				<timestamp>301.738882</timestamp>
			</report>
			<report>
				<misses>1679001</misses>
				<total>147</total>
				<timestamp>301.918672</timestamp>
			</report>
			<report>
				<misses>1680001</misses>
				<total>147</total>
				<timestamp>302.098497</timestamp>
			</report>
			<report>
				<misses>1681001</misses>
				<total>147</total>
				<timestamp>302.278330</timestamp>
			</report>
			<report>
				<misses>1682001</misses>
				<total>147</total>
				<timestamp>302.458158</timestamp>
			</report>
			<report>
				<misses>1683001</misses>
				<total>146</total>
				<timestamp>302.637977</timestamp>
			</report>
			<report>
				<misses>1684001</misses>
				<total>147</total>
				<timestamp>302.817798</timestamp>
			</report>
			<report>
				<misses>1685001</misses>
				<total>147</total>
				<timestamp>302.997590</timestamp>
			</report>
			<report>
				<misses>1686001</misses>
				<total>147</total>
				<timestamp>303.177432</timestamp>
			</report>
			<report>
				<misses>1687001</misses>
				<total>147</total>
				<timestamp>303.357250</timestamp>
			</report>
			<report>
				<misses>1688001</misses>
				<total>147</total>
				<timestamp>303.537086</timestamp>
			</report>
			<report>
				<misses>1689001</misses>
				<total>147</total>
				<timestamp>303.716886</timestamp>
			</report>
			<report>
				<misses>1690001</misses>
				<total>147</total>
				<timestamp>303.896687</timestamp>
			</report>
			<report>
				<misses>1691001</misses>
				<total>147</total>
				<timestamp>304.076514</timestamp>
			</report>
			<report>
				<misses>1692001</misses>
				<total>147</total>
				<timestamp>304.256345</timestamp>
			</report>
			<report>
				<misses>1693001</misses>
				<total>147</total>
				<timestamp>304.436154</timestamp>
			</report>
			<report>
				<misses>1694001</misses>
				<total>147</total>
				<timestamp>304.616002</timestamp>
			</report>
			<report>
				<misses>1695001</misses>
				<total>147</total>
				<timestamp>304.795796</timestamp>
			</report>
			<report>
				<misses>1696001</misses>
				<total>147</total>
				<timestamp>304.975631</timestamp>
			</report>
			<report>
				<misses>1697001</misses>
				<total>147</total>
				<timestamp>305.155454</timestamp>
			</report>
			<report>
				<misses>1698001</misses>
				<total>147</total>
				<timestamp>305.335295</timestamp>
			</report>
			<report>
				<misses>1699001</misses>
				<total>147</total>
				<timestamp>305.515074</timestamp>
			</report>
			<report>
				<misses>1700001</misses>
				<total>147</total>
				<timestamp>305.694905</timestamp>
			</report>
			<report>
				<misses>1701001</misses>
				<total>147</total>
				<timestamp>305.874704</timestamp>
			</report>
			<report>
				<misses>1702001</misses>
				<total>147</total>
				<timestamp>306.054543</timestamp>
			</report>
			<report>
				<misses>1703001</misses>
				<total>147</total>
				<timestamp>306.234371</timestamp>
			</report>
			<report>
				<misses>1704001</misses>
				<total>147</total>
				<timestamp>306.414196</timestamp>
			</report>
			<report>
				<misses>1705001</misses>
				<total>149</total>
				<timestamp>306.593992</timestamp>
			</report>
			<report>
				<misses>1706001</misses>
				<total>149</total>
				<timestamp>306.773833</timestamp>
			</report>
			<report>
				<misses>1707001</misses>
				<total>150</total>
				<timestamp>306.953676</timestamp>
			</report>
			<report>
				<misses>1708001</misses>
				<total>149</total>
				<timestamp>307.133476</timestamp>
			</report>
			<report>
				<misses>1709001</misses>
				<total>150</total>
				<timestamp>307.313282</timestamp>
			</report>
			<report>
				<misses>1710001</misses>
				<total>150</total>
				<timestamp>307.493096</timestamp>
			</report>
			<report>
				<misses>1711001</misses>
				<total>150</total>
				<timestamp>307.672945</timestamp>
			</report>
			<report>
				<misses>1712001</misses>
				<total>150</total>
				<timestamp>307.852732</timestamp>
			</report>
			<report>
				<misses>1713001</misses>
				<total>150</total>
				<timestamp>308.032546</timestamp>
			</report>
			<report>
				<misses>1714001</misses>
				<total>150</total>
				<timestamp>308.212381</timestamp>
			</report>
			<report>
				<misses>1715001</misses>
				<total>150</total>
				<timestamp>308.392233</timestamp>
			</report>
			<report>
				<misses>1716001</misses>
				<total>150</total>
				<timestamp>308.572012</timestamp>
			</report>
			<report>
				<misses>1717001</misses>
				<total>150</total>
				<timestamp>308.751837</timestamp>
			</report>
			<report>
				<misses>1718001</misses>
				<total>150</total>
				<timestamp>308.931655</timestamp>
			</report>
			<report>
				<misses>1719001</misses>
				<total>150</total>
				<timestamp>309.111474</timestamp>
			</report>
			<report>
				<misses>1720001</misses>
				<total>150</total>
				<timestamp>309.291299</timestamp>
			</report>
			<report>
				<misses>1721001</misses>
				<total>150</total>
				<timestamp>309.471112</timestamp>
			</report>
			<report>
				<misses>1722001</misses>
				<total>150</total>
				<timestamp>309.650947</timestamp>
			</report>
			<report>
				<misses>1723001</misses>
				<total>150</total>
				<timestamp>309.830740</timestamp>
			</report>
			<report>
				<misses>1724001</misses>
				<total>149</total>
				<timestamp>310.010577</timestamp>
			</report>
			<report>
				<misses>1725001</misses>
				<total>150</total>
				<timestamp>310.190401</timestamp>
			</report>
			<report>
				<misses>1726001</misses>
				<total>150</total>
				<timestamp>310.370232</timestamp>
			</report>
			<report>
				<misses>1727001</misses>
				<total>150</total>
				<timestamp>310.550056</timestamp>
			</report>
			<report>
				<misses>1728001</misses>
				<total>150</total>
				<timestamp>310.729837</timestamp>
			</report>
			<report>
				<misses>1729001</misses>
				<total>150</total>
				<timestamp>310.909672</timestamp>
			</report>
			<report>
				<misses>1730001</misses>
				<total>149</total>
				<timestamp>311.089511</timestamp>
			</report>
			<report>
				<misses>1731001</misses>
				<total>150</total>
				<timestamp>311.269349</timestamp>
			</report>
			<report>
				<misses>1732001</misses>
				<total>150</total>
				<timestamp>311.449190</timestamp>
			</report>
			<report>
				<misses>1733001</misses>
				<total>150</total>
				<timestamp>311.628997</timestamp>
			</report>
			<report>
				<misses>1734001</misses>
				<total>150</total>
				<timestamp>311.808762</timestamp>
			</report>
			<report>
				<misses>1735001</misses>
				<total>150</total>
				<timestamp>311.988605</timestamp>
			</report>
			<report>
				<misses>1736001</misses>
				<total>151</total>
				<timestamp>312.168441</timestamp>
			</report>
			<report>
				<misses>1737001</misses>
				<total>151</total>
				<timestamp>312.348276</timestamp>
			</report>
			<report>
				<misses>1738001</misses>
				<total>151</total>
				<timestamp>312.528046</timestamp>
			</report>
			<report>
				<misses>1739001</misses>
				<total>151</total>
				<timestamp>312.707874</timestamp>
			</report>
			<report>
				<misses>1740001</misses>
				<total>151</total>
				<timestamp>312.887692</timestamp>
			</report>
			<report>
				<misses>1741001</misses>
				<total>151</total>
				<timestamp>313.067535</timestamp>
			</report>
			<report>
				<misses>1742001</misses>
				<total>151</total>
				<timestamp>313.247383</timestamp>
			</report>
			<report>
				<misses>1743001</misses>
				<total>150</total>
				<timestamp>313.427233</timestamp>
			</report>
			<report>
				<misses>1744001</misses>
				<total>151</total>
				<timestamp>313.607014</timestamp>
			</report>
			<report>
				<misses>1745001</misses>
				<total>151</total>
				<timestamp>313.786789</timestamp>
			</report>
			<report>
				<misses>1746001</misses>
				<total>151</total>
				<timestamp>313.966603</timestamp>
			</report>
			<report>
				<misses>1747001</misses>
				<total>151</total>
				<timestamp>314.146438</timestamp>
			</report>
			<report>
				<misses>1748001</misses>
				<total>151</total>
				<timestamp>314.326265</timestamp>
			</report>
			<report>
				<misses>1749001</misses>
				<total>151</total>
				<timestamp>314.506109</timestamp>
			</report>
			<report>
				<misses>1750001</misses>
				<total>151</total>
				<timestamp>314.685877</timestamp>
			</report>
			<report>
				<misses>1751001</misses>
				<total>151</total>
				<timestamp>314.865704</timestamp>
			</report>
			<report>
				<misses>1752001</misses>
				<total>152</total>
				<timestamp>315.045540</timestamp>
			</report>
			<report>
				<misses>1753001</misses>
				<total>152</total>
				<timestamp>315.225384</timestamp>
			</report>
			<report>
				<misses>1754001</misses>
				<total>151</total>
				<timestamp>315.405242</timestamp>
			</report>
			<report>
				<misses>1755001</misses>
				<total>152</total>
				<timestamp>315.585034</timestamp>
			</report>
			<report>
				<misses>1756001</misses>
				<total>152</total>
				<timestamp>315.764817</timestamp>
			</report>
			<report>
				<misses>1757001</misses>
				<total>152</total>
				<timestamp>315.944636</timestamp>
			</report>
			<report>
				<misses>1758001</misses>
				<total>152</total>
				<timestamp>316.124483</timestamp>
			</report>
			<report>
				<misses>1759001</misses>
				<total>152</total>
				<timestamp>316.304284</timestamp>
			</report>
			<report>
				<misses>1760001</misses>
				<total>152</total>
				<timestamp>316.484161</timestamp>
			</report>
			<report>
				<misses>1761001</misses>
				<total>152</total>
				<timestamp>316.663926</timestamp>
			</report>
			<report>
				<misses>1762001</misses>
				<total>152</total>
				<timestamp>316.843735</timestamp>
			</report>
			<report>
				<misses>1763001</misses>
				<total>152</total>
				<timestamp>317.023546</timestamp>
			</report>
			<report>
				<misses>1764001</misses>
				<total>152</total>
				<timestamp>317.203382</timestamp>
			</report>
			<report>
				<misses>1765001</misses>
				<total>152</total>
				<timestamp>317.383249</timestamp>
			</report>
			<report>
				<misses>1766001</misses>
				<total>152</total>
				<timestamp>317.563052</timestamp>
			</report>
			<report>
				<misses>1767001</misses>
				<total>152</total>
				<timestamp>317.742851</timestamp>
			</report>
			<report>
				<misses>1768001</misses>
				<total>152</total>
				<timestamp>317.922655</timestamp>
			</report>
			<report>
				<misses>1769001</misses>
				<total>152</total>
				<timestamp>318.102482</timestamp>
			</report>
			<report>
				<misses>1770001</misses>
				<total>152</total>
				<timestamp>318.282321</timestamp>
			</report>
			<report>
				<misses>1771001</misses>
				<total>152</total>
				<timestamp>318.462170</timestamp>
			</report>
			<report>
				<misses>1772001</misses>
				<total>152</total>
				<timestamp>318.641930</timestamp>
			</report>
			<report>
				<misses>1773001</misses>
				<total>152</total>
				<timestamp>318.821751</timestamp>
			</report>
			<report>
				<misses>1774001</misses>
				<total>152</total>
				<timestamp>319.001563</timestamp>
			</report>
			<report>
				<misses>1775001</misses>
				<total>152</total>
				<timestamp>319.181399</timestamp>
			</report>
			<report>
				<misses>1776001</misses>
				<total>152</total>
				<timestamp>319.361221</timestamp>
			</report>
			<report>
				<misses>1777001</misses>
				<total>152</total>
				<timestamp>319.541042</timestamp>
			</report>
			<report>
				<misses>1778001</misses>
				<total>152</total>
				<timestamp>319.720837</timestamp>
			</report>
			<report>
				<misses>1779001</misses>
				<total>152</total>
				<timestamp>319.900658</timestamp>
			</report>
			<report>
				<misses>1780001</misses>
				<total>152</total>
				<timestamp>320.080508</timestamp>
			</report>
			<report>
				<misses>1781001</misses>
				<total>152</total>
				<timestamp>320.260360</timestamp>
			</report>
			<report>
				<misses>1782001</misses>
				<total>152</total>
				<timestamp>320.440202</timestamp>
			</report>
			<report>
				<misses>1783001</misses>
				<total>152</total>
				<timestamp>320.619937</timestamp>
			</report>
			<report>
				<misses>1784001</misses>
				<total>152</total>
				<timestamp>320.799787</timestamp>
			</report>
			<report>
				<misses>1785001</misses>
				<total>152</total>
				<timestamp>320.979593</timestamp>
			</report>
			<report>
				<misses>1786001</misses>
				<total>152</total>
				<timestamp>321.159424</timestamp>
			</report>
			<report>
				<misses>1787001</misses>
				<total>152</total>
				<timestamp>321.339228</timestamp>
			</report>
			<report>
				<misses>1788001</misses>
				<total>152</total>
				<timestamp>321.519093</timestamp>
			</report>
			<report>
				<misses>1789001</misses>
				<total>152</total>
				<timestamp>321.698893</timestamp>
			</report>
			<report>
				<misses>1790001</misses>
				<total>152</total>
				<timestamp>321.878691</timestamp>
			</report>
			<report>
				<misses>1791001</misses>
				<total>152</total>
				<timestamp>322.058530</timestamp>
			</report>
			<report>
				<misses>1792001</misses>
				<total>152</total>
				<timestamp>322.238348</timestamp>
			</report>
			<report>
				<misses>1793001</misses>
				<total>152</total>
				<timestamp>322.418196</timestamp>
			</report>
			<report>
				<misses>1794001</misses>
				<total>152</total>
				<timestamp>322.598020</timestamp>
			</report>
			<report>
				<misses>1795001</misses>
				<total>152</total>
				<timestamp>322.777798</timestamp>
			</report>
			<report>
				<misses>1796001</misses>
				<total>152</total>
				<timestamp>322.957613</timestamp>
			</report>
			<report>
				<misses>1797001</misses>
				<total>152</total>
				<timestamp>323.137432</timestamp>
			</report>
			<report>
				<misses>1798001</misses>
				<total>152</total>
				<timestamp>323.317282</timestamp>
			</report>
			<report>
				<misses>1799001</misses>
				<total>152</total>
				<timestamp>323.497122</timestamp>
			</report>
			<report>
				<misses>1800001</misses>
				<total>152</total>
				<timestamp>323.676890</timestamp>
			</report>
			<report>
				<misses>1801001</misses>
				<total>152</total>
				<timestamp>323.856731</timestamp>
			</report>
			<report>
				<misses>1802001</misses>
				<total>152</total>
				<timestamp>324.036566</timestamp>
			</report>
			<report>
				<misses>1803001</misses>
				<total>151</total>
				<timestamp>324.216388</timestamp>
			</report>
			<report>
				<misses>1804001</misses>
				<total>152</total>
				<timestamp>324.396195</timestamp>
			</report>
			<report>
				<misses>1805001</misses>
				<total>152</total>
				<timestamp>324.576038</timestamp>
			</report>
			<report>
				<misses>1806001</misses>
				<total>152</total>
				<timestamp>324.755825</timestamp>
			</report>
			<report>
				<misses>1807001</misses>
				<total>152</total>
				<timestamp>324.935635</timestamp>
			</report>
			<report>
				<misses>1808001</misses>
				<total>152</total>
				<timestamp>325.115469</timestamp>
			</report>
			<report>
				<misses>1809001</misses>
				<total>152</total>
				<timestamp>325.295287</timestamp>
			</report>
			<report>
				<misses>1810001</misses>
				<total>152</total>
				<timestamp>325.475128</timestamp>
			</report>
			<report>
				<misses>1811001</misses>
				<total>152</total>
				<timestamp>325.654960</timestamp>
			</report>
			<report>
				<misses>1812001</misses>
				<total>152</total>
				<timestamp>325.834723</timestamp>
			</report>
			<report>
				<misses>1813001</misses>
				<total>152</total>
				<timestamp>326.014573</timestamp>
			</report>
			<report>
				<misses>1814001</misses>
				<total>151</total>
				<timestamp>326.194454</timestamp>
			</report>
			<report>
				<misses>1815001</misses>
				<total>152</total>
				<timestamp>326.374211</timestamp>
			</report>
			<report>
				<misses>1816001</misses>
				<total>152</total>
				<timestamp>326.554079</timestamp>
			</report>
			<report>
				<misses>1817001</misses>
				<total>152</total>
				<timestamp>326.733816</timestamp>
			</report>
			<report>
				<misses>1818001</misses>
				<total>152</total>
				<timestamp>326.913699</timestamp>
			</report>
			<report>
				<misses>1819001</misses>
				<total>152</total>
				<timestamp>327.093476</timestamp>
			</report>
			<report>
				<misses>1820001</misses>
				<total>152</total>
				<timestamp>327.273295</timestamp>
			</report>
			<report>
				<misses>1821001</misses>
				<total>152</total>
				<timestamp>327.453168</timestamp>
			</report>
			<report>
				<misses>1822001</misses>
				<total>152</total>
				<timestamp>327.632929</timestamp>
			</report>
			<report>
				<misses>1823001</misses>
				<total>152</total>
				<timestamp>327.812774</timestamp>
			</report>
			<report>
				<misses>1824001</misses>
				<total>152</total>
				<timestamp>327.992589</timestamp>
			</report>
			<report>
				<misses>1825001</misses>
				<total>152</total>
				<timestamp>328.172443</timestamp>
			</report>
			<report>
				<misses>1826001</misses>
				<total>152</total>
				<timestamp>328.352223</timestamp>
			</report>
			<report>
				<misses>1827001</misses>
				<total>152</total>
				<timestamp>328.532069</timestamp>
			</report>
			<report>
				<misses>1828001</misses>
				<total>152</total>
				<timestamp>328.711867</timestamp>
			</report>
			<report>
				<misses>1829001</misses>
				<total>152</total>
				<timestamp>328.891706</timestamp>
			</report>
			<report>
				<misses>1830001</misses>
				<total>152</total>
				<timestamp>329.071514</timestamp>
			</report>
			<report>
				<misses>1831001</misses>
				<total>152</total>
				<timestamp>329.251330</timestamp>
			</report>
			<report>
				<misses>1832001</misses>
				<total>152</total>
				<timestamp>329.431166</timestamp>
			</report>
			<report>
				<misses>1833001</misses>
				<total>152</total>
				<timestamp>329.610957</timestamp>
			</report>
			<report>
				<misses>1834001</misses>
				<total>152</total>
				<timestamp>329.790802</timestamp>
			</report>
			<report>
				<misses>1835001</misses>
				<total>152</total>
				<timestamp>329.970634</timestamp>
			</report>
			<report>
				<misses>1836001</misses>
				<total>152</total>
				<timestamp>330.150428</timestamp>
			</report>
			<report>
				<misses>1837001</misses>
				<total>152</total>
				<timestamp>330.330239</timestamp>
			</report>
			<report>
				<misses>1838001</misses>
				<total>152</total>
				<timestamp>330.510094</timestamp>
			</report>
			<report>
				<misses>1839001</misses>
				<total>152</total>
				<timestamp>330.689882</timestamp>
			</report>
			<report>
				<misses>1840001</misses>
				<total>152</total>
				<timestamp>330.869707</timestamp>
			</report>
			<report>
				<misses>1841001</misses>
				<total>152</total>
				<timestamp>331.049520</timestamp>
			</report>
			<report>
				<misses>1842001</misses>
				<total>152</total>
				<timestamp>331.229353</timestamp>
			</report>
			<report>
				<misses>1843001</misses>
				<total>152</total>
				<timestamp>331.409192</timestamp>
			</report>
			<report>
				<misses>1844001</misses>
				<total>152</total>
				<timestamp>331.589015</timestamp>
			</report>
			<report>
				<misses>1845001</misses>
				<total>152</total>
				<timestamp>331.768807</timestamp>
			</report>
			<report>
				<misses>1846001</misses>
				<total>152</total>
				<timestamp>331.948634</timestamp>
			</report>
			<report>
				<misses>1847001</misses>
				<total>152</total>
				<timestamp>332.128436</timestamp>
			</report>
			<report>
				<misses>1848001</misses>
				<total>152</total>
				<timestamp>332.308257</timestamp>
			</report>
			<report>
				<misses>1849001</misses>
				<total>152</total>
				<timestamp>332.488126</timestamp>
			</report>
			<report>
				<misses>1850001</misses>
				<total>152</total>
				<timestamp>332.667917</timestamp>
			</report>
			<report>
				<misses>1851001</misses>
				<total>152</total>
				<timestamp>332.847746</timestamp>
			</report>
			<report>
				<misses>1852001</misses>
				<total>152</total>
				<timestamp>333.027547</timestamp>
			</report>
			<report>
				<misses>1853001</misses>
				<total>152</total>
				<timestamp>333.207371</timestamp>
			</report>
			<report>
				<misses>1854001</misses>
				<total>152</total>
				<timestamp>333.387242</timestamp>
			</report>
			<report>
				<misses>1855001</misses>
				<total>152</total>
				<timestamp>333.567052</timestamp>
			</report>
			<report>
				<misses>1856001</misses>
				<total>152</total>
				<timestamp>333.746819</timestamp>
			</report>
			<report>
				<misses>1857001</misses>
				<total>152</total>
				<timestamp>333.926629</timestamp>
			</report>
			<report>
				<misses>1858001</misses>
				<total>152</total>
				<timestamp>334.106473</timestamp>
			</report>
			<report>
				<misses>1859001</misses>
				<total>152</total>
				<timestamp>334.286298</timestamp>
			</report>
			<report>
				<misses>1860001</misses>
				<total>152</total>
				<timestamp>334.466120</timestamp>
			</report>
			<report>
				<misses>1861001</misses>
				<total>152</total>
				<timestamp>334.645992</timestamp>
			</report>
			<report>
				<misses>1862001</misses>
				<total>152</total>
				<timestamp>334.825760</timestamp>
			</report>
			<report>
				<misses>1863001</misses>
				<total>152</total>
				<timestamp>335.005558</timestamp>
			</report>
			<report>
				<misses>1864001</misses>
				<total>152</total>
				<timestamp>335.185380</timestamp>
			</report>
			<report>
				<misses>1865001</misses>
				<total>152</total>
				<timestamp>335.365261</timestamp>
			</report>
			<report>
				<misses>1866001</misses>
				<total>152</total>
				<timestamp>335.545095</timestamp>
			</report>
			<report>
				<misses>1867001</misses>
				<total>152</total>
				<timestamp>335.724851</timestamp>
			</report>
			<report>
				<misses>1868001</misses>
				<total>152</total>
				<timestamp>335.904674</timestamp>
			</report>
			<report>
				<misses>1869001</misses>
				<total>152</total>
				<timestamp>336.084484</timestamp>
			</report>
			<report>
				<misses>1870001</misses>
				<total>152</total>
				<timestamp>336.264324</timestamp>
			</report>
			<report>
				<misses>1871001</misses>
				<total>152</total>
				<timestamp>336.444146</timestamp>
			</report>
			<report>
				<misses>1872001</misses>
				<total>152</total>
				<timestamp>336.623962</timestamp>
			</report>
			<report>
				<misses>1873001</misses>
				<total>152</total>
				<timestamp>336.803744</timestamp>
			</report>
			<report>
				<misses>1874001</misses>
				<total>152</total>
				<timestamp>336.983583</timestamp>
			</report>
			<report>
				<misses>1875001</misses>
				<total>151</total>
				<timestamp>337.163428</timestamp>
			</report>
			<report>
				<misses>1876001</misses>
				<total>152</total>
				<timestamp>337.343215</timestamp>
			</report>
			<report>
				<misses>1877001</misses>
				<total>152</total>
				<timestamp>337.523108</timestamp>
			</report>
			<report>
				<misses>1878001</misses>
				<total>152</total>
				<timestamp>337.702886</timestamp>
			</report>
			<report>
				<misses>1879001</misses>
				<total>152</total>
				<timestamp>337.882683</timestamp>
			</report>
			<report>
				<misses>1880001</misses>
				<total>152</total>
				<timestamp>338.062511</timestamp>
			</report>
			<report>
				<misses>1881001</misses>
				<total>152</total>
				<timestamp>338.242320</timestamp>
			</report>
			<report>
				<misses>1882001</misses>
				<total>152</total>
				<timestamp>338.422165</timestamp>
			</report>
			<report>
				<misses>1883001</misses>
				<total>152</total>
				<timestamp>338.601963</timestamp>
			</report>
			<report>
				<misses>1884001</misses>
				<total>152</total>
				<timestamp>338.781791</timestamp>
			</report>
			<report>
				<misses>1885001</misses>
				<total>152</total>
				<timestamp>338.961605</timestamp>
			</report>
			<report>
				<misses>1886001</misses>
				<total>152</total>
				<timestamp>339.141410</timestamp>
			</report>
			<report>
				<misses>1887001</misses>
				<total>152</total>
				<timestamp>339.321248</timestamp>
			</report>
			<report>
				<misses>1888001</misses>
				<total>152</total>
				<timestamp>339.501085</timestamp>
			</report>
			<report>
				<misses>1889001</misses>
				<total>151</total>
				<timestamp>339.680914</timestamp>
			</report>
			<report>
				<misses>1890001</misses>
				<total>152</total>
				<timestamp>339.860700</timestamp>
			</report>
			<report>
				<misses>1891001</misses>
				<total>152</total>
				<timestamp>340.040547</timestamp>
			</report>
			<report>
				<misses>1892001</misses>
				<total>151</total>
				<timestamp>340.220342</timestamp>
			</report>
			<report>
				<misses>1893001</misses>
				<total>152</total>
				<timestamp>340.400204</timestamp>
			</report>
			<report>
				<misses>1894001</misses>
				<total>152</total>
				<timestamp>340.579994</timestamp>
			</report>
			<report>
				<misses>1895001</misses>
				<total>152</total>
				<timestamp>340.759800</timestamp>
			</report>
			<report>
				<misses>1896001</misses>
				<total>152</total>
				<timestamp>340.939624</timestamp>
			</report>
			<report>
				<misses>1897001</misses>
				<total>152</total>
				<timestamp>341.119440</timestamp>
			</report>
			<report>
				<misses>1898001</misses>
				<total>152</total>
				<timestamp>341.299251</timestamp>
			</report>
			<report>
				<misses>1899001</misses>
				<total>152</total>
				<timestamp>341.479082</timestamp>
			</report>
			<report>
				<misses>1900001</misses>
				<total>152</total>
				<timestamp>341.658913</timestamp>
			</report>
			<report>
				<misses>1901001</misses>
				<total>152</total>
				<timestamp>341.838713</timestamp>
			</report>
			<report>
				<misses>1902001</misses>
				<total>152</total>
				<timestamp>342.018535</timestamp>
			</report>
			<report>
				<misses>1903001</misses>
				<total>152</total>
				<timestamp>342.198361</timestamp>
			</report>
			<report>
				<misses>1904001</misses>
				<total>152</total>
				<timestamp>342.378173</timestamp>
			</report>
			<report>
				<misses>1905001</misses>
				<total>152</total>
				<timestamp>342.558034</timestamp>
			</report>
			<report>
				<misses>1906001</misses>
				<total>152</total>
				<timestamp>342.737802</timestamp>
			</report>
			<report>
				<misses>1907001</misses>
				<total>152</total>
				<timestamp>342.917640</timestamp>
			</report>
			<report>
				<misses>1908001</misses>
				<total>152</total>
				<timestamp>343.097453</timestamp>
			</report>
			<report>
				<misses>1909001</misses>
				<total>152</total>
				<timestamp>343.277325</timestamp>
			</report>
			<report>
				<misses>1910001</misses>
				<total>152</total>
				<timestamp>343.457103</timestamp>
			</report>
			<report>
				<misses>1911001</misses>
				<total>152</total>
				<timestamp>343.636926</timestamp>
			</report>
			<report>
				<misses>1912001</misses>
				<total>151</total>
				<timestamp>343.816734</timestamp>
			</report>
			<report>
				<misses>1913001</misses>
				<total>152</total>
				<timestamp>343.996580</timestamp>
			</report>
			<report>
				<misses>1914001</misses>
				<total>152</total>
				<timestamp>344.176442</timestamp>
			</report>
			<report>
				<misses>1915001</misses>
				<total>152</total>
				<timestamp>344.356208</timestamp>
			</report>
			<report>
				<misses>1916001</misses>
				<total>152</total>
				<timestamp>344.536066</timestamp>
			</report>
			<report>
				<misses>1917001</misses>
				<total>152</total>
				<timestamp>344.715875</timestamp>
			</report>
			<report>
				<misses>1918001</misses>
				<total>152</total>
				<timestamp>344.895639</timestamp>
			</report>
			<report>
				<misses>1919001</misses>
				<total>152</total>
				<timestamp>345.075479</timestamp>
			</report>
			<report>
				<misses>1920001</misses>
				<total>152</total>
				<timestamp>345.255291</timestamp>
			</report>
			<report>
				<misses>1921001</misses>
				<total>152</total>
				<timestamp>345.435183</timestamp>
			</report>
			<report>
				<misses>1922001</misses>
				<total>159</total>
				<timestamp>345.614968</timestamp>
			</report>
			<report>
				<misses>1923001</misses>
				<total>159</total>
				<timestamp>345.794755</timestamp>
			</report>
			<report>
				<misses>1924001</misses>
				<total>159</total>
				<timestamp>345.974570</timestamp>
			</report>
			<report>
				<misses>1925001</misses>
				<total>159</total>
				<timestamp>346.154398</timestamp>
			</report>
			<report>
				<misses>1926001</misses>
				<total>159</total>
				<timestamp>346.334216</timestamp>
			</report>
			<report>
				<misses>1927001</misses>
				<total>159</total>
				<timestamp>346.514100</timestamp>
			</report>
			<report>
				<misses>1928001</misses>
				<total>159</total>
				<timestamp>346.693860</timestamp>
			</report>
			<report>
				<misses>1929001</misses>
				<total>159</total>
				<timestamp>346.873677</timestamp>
			</report>
			<report>
				<misses>1930001</misses>
				<total>159</total>
				<timestamp>347.053512</timestamp>
			</report>
			<report>
				<misses>1931001</misses>
				<total>159</total>
				<timestamp>347.233334</timestamp>
			</report>
			<report>
				<misses>1932001</misses>
				<total>159</total>
				<timestamp>347.413193</timestamp>
			</report>
			<report>
				<misses>1933001</misses>
				<total>159</total>
				<timestamp>347.593006</timestamp>
			</report>
			<report>
				<misses>1934001</misses>
				<total>159</total>
				<timestamp>347.772770</timestamp>
			</report>
			<report>
				<misses>1935001</misses>
				<total>159</total>
				<timestamp>347.952604</timestamp>
			</report>
			<report>
				<misses>1936001</misses>
				<total>159</total>
				<timestamp>348.132409</timestamp>
			</report>
			<report>
				<misses>1937001</misses>
				<total>159</total>
				<timestamp>348.312234</timestamp>
			</report>
			<report>
				<misses>1938001</misses>
				<total>159</total>
				<timestamp>348.492084</timestamp>
			</report>
			<report>
				<misses>1939001</misses>
				<total>158</total>
				<timestamp>348.671901</timestamp>
			</report>
			<report>
				<misses>1940001</misses>
				<total>159</total>
				<timestamp>348.851687</timestamp>
			</report>
			<report>
				<misses>1941001</misses>
				<total>159</total>
				<timestamp>349.031504</timestamp>
			</report>
			<report>
				<misses>1942001</misses>
				<total>159</total>
				<timestamp>349.211337</timestamp>
			</report>
			<report>
				<misses>1943001</misses>
				<total>159</total>
				<timestamp>349.391170</timestamp>
			</report>
			<report>
				<misses>1944001</misses>
				<total>159</total>
				<timestamp>349.571018</timestamp>
			</report>
			<report>
				<misses>1945001</misses>
				<total>160</total>
				<timestamp>349.750796</timestamp>
			</report>
			<report>
				<misses>1946001</misses>
				<total>160</total>
				<timestamp>349.930634</timestamp>
			</report>
			<report>
				<misses>1947001</misses>
				<total>160</total>
				<timestamp>350.110450</timestamp>
			</report>
			<report>
				<misses>1948001</misses>
				<total>160</total>
				<timestamp>350.290254</timestamp>
			</report>
			<report>
				<misses>1949001</misses>
				<total>159</total>
				<timestamp>350.470121</timestamp>
			</report>
			<report>
				<misses>1950001</misses>
				<total>160</total>
				<timestamp>350.649942</timestamp>
			</report>
			<report>
				<misses>1951001</misses>
				<total>160</total>
				<timestamp>350.829751</timestamp>
			</report>
			<report>
				<misses>1952001</misses>
				<total>160</total>
				<timestamp>351.009532</timestamp>
			</report>
			<report>
				<misses>1953001</misses>
				<total>160</total>
				<timestamp>351.189352</timestamp>
			</report>
			<report>
				<misses>1954001</misses>
				<total>160</total>
				<timestamp>351.369186</timestamp>
			</report>
			<report>
				<misses>1955001</misses>
				<total>160</total>
				<timestamp>351.549024</timestamp>
			</report>
			<report>
				<misses>1956001</misses>
				<total>160</total>
				<timestamp>351.728806</timestamp>
			</report>
			<report>
				<misses>1957001</misses>
				<total>160</total>
				<timestamp>351.908645</timestamp>
			</report>
			<report>
				<misses>1958001</misses>
				<total>160</total>
				<timestamp>352.088473</timestamp>
			</report>
			<report>
				<misses>1959001</misses>
				<total>160</total>
				<timestamp>352.268278</timestamp>
			</report>
			<report>
				<misses>1960001</misses>
				<total>160</total>
				<timestamp>352.448137</timestamp>
			</report>
			<report>
				<misses>1961001</misses>
				<total>160</total>
				<timestamp>352.627975</timestamp>
			</report>
			<report>
				<misses>1962001</misses>
				<total>160</total>
				<timestamp>352.807719</timestamp>
			</report>
			<report>
				<misses>1963001</misses>
				<total>160</total>
				<timestamp>352.987588</timestamp>
			</report>
			<report>
				<misses>1964001</misses>
				<total>160</total>
				<timestamp>353.167379</timestamp>
			</report>
			<report>
				<misses>1965001</misses>
				<total>160</total>
				<timestamp>353.347202</timestamp>
			</report>
			<report>
				<misses>1966001</misses>
				<total>160</total>
				<timestamp>353.527070</timestamp>
			</report>
			<report>
				<misses>1967001</misses>
				<total>160</total>
				<timestamp>353.706871</timestamp>
			</report>
			<report>
				<misses>1968001</misses>
				<total>160</total>
				<timestamp>353.886688</timestamp>
			</report>
			<report>
				<misses>1969001</misses>
				<total>160</total>
				<timestamp>354.066477</timestamp>
			</report>
			<report>
				<misses>1970001</misses>
				<total>160</total>
				<timestamp>354.246299</timestamp>
			</report>
			<report>
				<misses>1971001</misses>
				<total>160</total>
				<timestamp>354.426117</timestamp>
			</report>
			<report>
				<misses>1972001</misses>
				<total>160</total>
				<timestamp>354.605981</timestamp>
			</report>
			<report>
				<misses>1973001</misses>
				<total>160</total>
				<timestamp>354.785767</timestamp>
			</report>
			<report>
				<misses>1974001</misses>
				<total>160</total>
				<timestamp>354.965617</timestamp>
			</report>
			<report>
				<misses>1975001</misses>
				<total>160</total>
				<timestamp>355.145394</timestamp>
			</report>
			<report>
				<misses>1976001</misses>
				<total>160</total>
				<timestamp>355.325220</timestamp>
			</report>
			<report>
				<misses>1977001</misses>
				<total>160</total>
				<timestamp>355.505072</timestamp>
			</report>
			<report>
				<misses>1978001</misses>
				<total>160</total>
				<timestamp>355.684874</timestamp>
			</report>
			<report>
				<misses>1979001</misses>
				<total>160</total>
				<timestamp>355.864669</timestamp>
			</report>
			<report>
				<misses>1980001</misses>
				<total>160</total>
				<timestamp>356.044490</timestamp>
			</report>
			<report>
				<misses>1981001</misses>
				<total>160</total>
				<timestamp>356.224312</timestamp>
			</report>
			<report>
				<misses>1982001</misses>
				<total>160</total>
				<timestamp>356.404146</timestamp>
			</report>
			<report>
				<misses>1983001</misses>
				<total>160</total>
				<timestamp>356.584005</timestamp>
			</report>
			<report>
				<misses>1984001</misses>
				<total>159</total>
				<timestamp>356.763816</timestamp>
			</report>
			<report>
				<misses>1985001</misses>
				<total>160</total>
				<timestamp>356.943587</timestamp>
			</report>
			<report>
				<misses>1986001</misses>
				<total>160</total>
				<timestamp>357.123432</timestamp>
			</report>
			<report>
				<misses>1987001</misses>
				<total>161</total>
				<timestamp>357.303261</timestamp>
			</report>
			<report>
				<misses>1988001</misses>
				<total>161</total>
				<timestamp>357.483074</timestamp>
			</report>
			<report>
				<misses>1989001</misses>
				<total>161</total>
				<timestamp>357.662922</timestamp>
			</report>
			<report>
				<misses>1990001</misses>
				<total>161</total>
				<timestamp>357.842682</timestamp>
			</report>
			<report>
				<misses>1991001</misses>
				<total>161</total>
				<timestamp>358.022522</timestamp>
			</report>
			<report>
				<misses>1992001</misses>
				<total>161</total>
				<timestamp>358.202338</timestamp>
			</report>
			<report>
				<misses>1993001</misses>
				<total>161</total>
				<timestamp>358.382149</timestamp>
			</report>
			<report>
				<misses>1994001</misses>
				<total>161</total>
				<timestamp>358.562050</timestamp>
			</report>
			<report>
				<misses>1995001</misses>
				<total>161</total>
				<timestamp>358.741833</timestamp>
			</report>
			<report>
				<misses>1996001</misses>
				<total>161</total>
				<timestamp>358.921608</timestamp>
			</report>
			<report>
				<misses>1997001</misses>
				<total>162</total>
				<timestamp>359.101435</timestamp>
			</report>
			<report>
				<misses>1998001</misses>
				<total>162</total>
				<timestamp>359.281276</timestamp>
			</report>
			<report>
				<misses>1999001</misses>
				<total>162</total>
				<timestamp>359.461110</timestamp>
			</report>
			<report>
				<misses>2000001</misses>
				<total>162</total>
				<timestamp>359.640907</timestamp>
			</report>
			<report>
				<misses>2001001</misses>
				<total>162</total>
				<timestamp>359.820698</timestamp>
			</report>
			<report>
				<misses>2002001</misses>
				<total>162</total>
				<timestamp>360.000520</timestamp>
			</report>
			<report>
				<misses>2003001</misses>
				<total>162</total>
				<timestamp>360.180350</timestamp>
			</report>
			<report>
				<misses>2004001</misses>
				<total>162</total>
				<timestamp>360.360182</timestamp>
			</report>
			<report>
				<misses>2005001</misses>
				<total>162</total>
				<timestamp>360.540022</timestamp>
			</report>
			<report>
				<misses>2006001</misses>
				<total>162</total>
				<timestamp>360.719838</timestamp>
			</report>
			<report>
				<misses>2007001</misses>
				<total>162</total>
				<timestamp>360.899636</timestamp>
			</report>
			<report>
				<misses>2008001</misses>
				<total>162</total>
				<timestamp>361.079462</timestamp>
			</report>
			<report>
				<misses>2009001</misses>
				<total>162</total>
				<timestamp>361.259292</timestamp>
			</report>
			<report>
				<misses>2010001</misses>
				<total>162</total>
				<timestamp>361.439125</timestamp>
			</report>
			<report>
				<misses>2011001</misses>
				<total>162</total>
				<timestamp>361.618945</timestamp>
			</report>
			<report>
				<misses>2012001</misses>
				<total>162</total>
				<timestamp>361.798758</timestamp>
			</report>
			<report>
				<misses>2013001</misses>
				<total>162</total>
				<timestamp>361.978564</timestamp>
			</report>
			<report>
				<misses>2014001</misses>
				<total>162</total>
				<timestamp>362.158368</timestamp>
			</report>
			<report>
				<misses>2015001</misses>
				<total>162</total>
				<timestamp>362.338212</timestamp>
			</report>
			<report>
				<misses>2016001</misses>
				<total>162</total>
				<timestamp>362.518061</timestamp>
			</report>
			<report>
				<misses>2017001</misses>
				<total>162</total>
				<timestamp>362.697848</timestamp>
			</report>
			<report>
				<misses>2018001</misses>
				<total>162</total>
				<timestamp>362.877668</timestamp>
			</report>
			<report>
				<misses>2019001</misses>
				<total>162</total>
				<timestamp>363.057478</timestamp>
			</report>
			<report>
				<misses>2020001</misses>
				<total>162</total>
				<timestamp>363.237302</timestamp>
			</report>
			<report>
				<misses>2021001</misses>
				<total>162</total>
				<timestamp>363.417120</timestamp>
			</report>
			<report>
				<misses>2022001</misses>
				<total>162</total>
				<timestamp>363.596958</timestamp>
			</report>
			<report>
				<misses>2023001</misses>
				<total>161</total>
				<timestamp>363.776765</timestamp>
			</report>
			<report>
				<misses>2024001</misses>
				<total>162</total>
				<timestamp>363.956586</timestamp>
			</report>
			<report>
				<misses>2025001</misses>
				<total>162</total>
				<timestamp>364.136410</timestamp>
			</report>
			<report>
				<misses>2026001</misses>
				<total>162</total>
				<timestamp>364.316246</timestamp>
			</report>
			<report>
				<misses>2027001</misses>
				<total>162</total>
				<timestamp>364.496104</timestamp>
			</report>
			<report>
				<misses>2028001</misses>
				<total>162</total>
				<timestamp>364.675885</timestamp>
			</report>
			<report>
				<misses>2029001</misses>
				<total>166</total>
				<timestamp>364.855675</timestamp>
			</report>
			<report>
				<misses>2030001</misses>
				<total>167</total>
				<timestamp>365.035496</timestamp>
			</report>
			<report>
				<misses>2031001</misses>
				<total>167</total>
				<timestamp>365.215314</timestamp>
			</report>
			<report>
				<misses>2032001</misses>
				<total>167</total>
				<timestamp>365.395139</timestamp>
			</report>
			<report>
				<misses>2033001</misses>
				<total>167</total>
				<timestamp>365.574957</timestamp>
			</report>
			<report>
				<misses>2034001</misses>
				<total>167</total>
				<timestamp>365.754781</timestamp>
			</report>
			<report>
				<misses>2035001</misses>
				<total>167</total>
				<timestamp>365.934592</timestamp>
			</report>
			<report>
				<misses>2036001</misses>
				<total>167</total>
				<timestamp>366.114452</timestamp>
			</report>
			<report>
				<misses>2037001</misses>
				<total>167</total>
				<timestamp>366.294237</timestamp>
			</report>
			<report>
				<misses>2038001</misses>
				<total>168</total>
				<timestamp>366.474096</timestamp>
			</report>
			<report>
				<misses>2039001</misses>
				<total>168</total>
				<timestamp>366.653911</timestamp>
			</report>
			<report>
				<misses>2040001</misses>
				<total>167</total>
				<timestamp>366.833698</timestamp>
			</report>
			<report>
				<misses>2041001</misses>
				<total>168</total>
				<timestamp>367.013525</timestamp>
			</report>
			<report>
				<misses>2042001</misses>
				<total>168</total>
				<timestamp>367.193328</timestamp>
			</report>
			<report>
				<misses>2043001</misses>
				<total>168</total>
				<timestamp>367.373171</timestamp>
			</report>
			<report>
				<misses>2044001</misses>
				<total>168</total>
				<timestamp>367.552999</timestamp>
			</report>
			<report>
				<misses>2045001</misses>
				<total>168</total>
				<timestamp>367.732853</timestamp>
			</report>
			<report>
				<misses>2046001</misses>
				<total>168</total>
				<timestamp>367.912619</timestamp>
			</report>
			<report>
				<misses>2047001</misses>
				<total>168</total>
				<timestamp>368.092485</timestamp>
			</report>
			<report>
				<misses>2048001</misses>
				<total>168</total>
				<timestamp>368.272264</timestamp>
			</report>
			<report>
				<misses>2049001</misses>
				<total>168</total>
				<timestamp>368.452072</timestamp>
			</report>
			<report>
				<misses>2050001</misses>
				<total>168</total>
				<timestamp>368.631908</timestamp>
			</report>
			<report>
				<misses>2051001</misses>
				<total>168</total>
				<timestamp>368.811734</timestamp>
			</report>
			<report>
				<misses>2052001</misses>
				<total>168</total>
				<timestamp>368.991537</timestamp>
			</report>
			<report>
				<misses>2053001</misses>
				<total>168</total>
				<timestamp>369.171358</timestamp>
			</report>
			<report>
				<misses>2054001</misses>
				<total>168</total>
				<timestamp>369.351181</timestamp>
			</report>
			<report>
				<misses>2055001</misses>
				<total>168</total>
				<timestamp>369.531036</timestamp>
			</report>
			<report>
				<misses>2056001</misses>
				<total>168</total>
				<timestamp>369.710874</timestamp>
			</report>
			<report>
				<misses>2057001</misses>
				<total>168</total>
				<timestamp>369.890642</timestamp>
			</report>
			<report>
				<misses>2058001</misses>
				<total>168</total>
				<timestamp>370.070449</timestamp>
			</report>
			<report>
				<misses>2059001</misses>
				<total>168</total>
				<timestamp>370.250298</timestamp>
			</report>
			<report>
				<misses>2060001</misses>
				<total>167</total>
				<timestamp>370.430112</timestamp>
			</report>
			<report>
				<misses>2061001</misses>
				<total>167</total>
				<timestamp>370.609964</timestamp>
			</report>
			<report>
				<misses>2062001</misses>
				<total>168</total>
				<timestamp>370.789792</timestamp>
			</report>
			<report>
				<misses>2063001</misses>
				<total>168</total>
				<timestamp>370.969597</timestamp>
			</report>
			<report>
				<misses>2064001</misses>
				<total>168</total>
				<timestamp>371.149404</timestamp>
			</report>
			<report>
				<misses>2065001</misses>
				<total>168</total>
				<timestamp>371.329203</timestamp>
			</report>
			<report>
				<misses>2066001</misses>
				<total>168</total>
				<timestamp>371.509022</timestamp>
			</report>
			<report>
				<misses>2067001</misses>
				<total>168</total>
				<timestamp>371.688893</timestamp>
			</report>
			<report>
				<misses>2068001</misses>
				<total>168</total>
				<timestamp>371.868652</timestamp>
			</report>
			<report>
				<misses>2069001</misses>
				<total>168</total>
				<timestamp>372.048475</timestamp>
			</report>
			<report>
				<misses>2070001</misses>
				<total>168</total>
				<timestamp>372.228320</timestamp>
			</report>
			<report>
				<misses>2071001</misses>
				<total>168</total>
				<timestamp>372.408149</timestamp>
			</report>
			<report>
				<misses>2072001</misses>
				<total>168</total>
				<timestamp>372.587941</timestamp>
			</report>
			<report>
				<misses>2073001</misses>
				<total>168</total>
				<timestamp>372.767879</timestamp>
			</report>
			<report>
				<misses>2074001</misses>
				<total>168</total>
				<timestamp>372.947577</timestamp>
			</report>
			<report>
				<misses>2075001</misses>
				<total>168</total>
				<timestamp>373.127393</timestamp>
			</report>
			<report>
				<misses>2076001</misses>
				<total>168</total>
				<timestamp>373.307214</timestamp>
			</report>
			<report>
				<misses>2077001</misses>
				<total>167</total>
				<timestamp>373.487064</timestamp>
			</report>
			<report>
				<misses>2078001</misses>
				<total>168</total>
				<timestamp>373.666895</timestamp>
			</report>
			<report>
				<misses>2079001</misses>
				<total>168</total>
				<timestamp>373.846681</timestamp>
			</report>
			<report>
				<misses>2080001</misses>
				<total>168</total>
				<timestamp>374.026509</timestamp>
			</report>
			<report>
				<misses>2081001</misses>
				<total>168</total>
				<timestamp>374.206338</timestamp>
			</report>
			<report>
				<misses>2082001</misses>
				<total>168</total>
				<timestamp>374.386150</timestamp>
			</report>
			<report>
				<misses>2083001</misses>
				<total>168</total>
				<timestamp>374.566001</timestamp>
			</report>
			<report>
				<misses>2084001</misses>
				<total>168</total>
				<timestamp>374.745824</timestamp>
			</report>
			<report>
				<misses>2085001</misses>
				<total>168</total>
				<timestamp>374.925628</timestamp>
			</report>
			<report>
				<misses>2086001</misses>
				<total>168</total>
				<timestamp>375.105425</timestamp>
			</report>
			<report>
				<misses>2087001</misses>
				<total>168</total>
				<timestamp>375.285263</timestamp>
			</report>
			<report>
				<misses>2088001</misses>
				<total>168</total>
				<timestamp>375.465070</timestamp>
			</report>
			<report>
				<misses>2089001</misses>
				<total>168</total>
				<timestamp>375.644897</timestamp>
			</report>
			<report>
				<misses>2090001</misses>
				<total>168</total>
				<timestamp>375.824684</timestamp>
			</report>
			<report>
				<misses>2091001</misses>
				<total>168</total>
				<timestamp>376.004580</timestamp>
			</report>
			<report>
				<misses>2092001</misses>
				<total>168</total>
				<timestamp>376.184337</timestamp>
			</report>
			<report>
				<misses>2093001</misses>
				<total>168</total>
				<timestamp>376.364142</timestamp>
			</report>
			<report>
				<misses>2094001</misses>
				<total>168</total>
				<timestamp>376.544004</timestamp>
			</report>
			<report>
				<misses>2095001</misses>
				<total>168</total>
				<timestamp>376.723835</timestamp>
			</report>
			<report>
				<misses>2096001</misses>
				<total>168</total>
				<timestamp>376.903611</timestamp>
			</report>
			<report>
				<misses>2097001</misses>
				<total>168</total>
				<timestamp>377.083442</timestamp>
			</report>
			<report>
				<misses>2098001</misses>
				<total>168</total>
				<timestamp>377.263261</timestamp>
			</report>
			<report>
				<misses>2099001</misses>
				<total>168</total>
				<timestamp>377.443105</timestamp>
			</report>
			<report>
				<misses>2100001</misses>
				<total>168</total>
				<timestamp>377.622949</timestamp>
			</report>
			<report>
				<misses>2101001</misses>
				<total>168</total>
				<timestamp>377.802760</timestamp>
			</report>
			<report>
				<misses>2102001</misses>
				<total>168</total>
				<timestamp>377.982535</timestamp>
			</report>
			<report>
				<misses>2103001</misses>
				<total>168</total>
				<timestamp>378.162361</timestamp>
			</report>
			<report>
				<misses>2104001</misses>
				<total>168</total>
				<timestamp>378.342180</timestamp>
			</report>
			<report>
				<misses>2105001</misses>
				<total>168</total>
				<timestamp>378.522009</timestamp>
			</report>
			<report>
				<misses>2106001</misses>
				<total>168</total>
				<timestamp>378.701818</timestamp>
			</report>
			<report>
				<misses>2107001</misses>
				<total>168</total>
				<timestamp>378.881633</timestamp>
			</report>
			<report>
				<misses>2108001</misses>
				<total>168</total>
				<timestamp>379.061458</timestamp>
			</report>
			<report>
				<misses>2109001</misses>
				<total>168</total>
				<timestamp>379.241340</timestamp>
			</report>
			<report>
				<misses>2110001</misses>
				<total>168</total>
				<timestamp>379.421123</timestamp>
			</report>
			<report>
				<misses>2111001</misses>
				<total>168</total>
				<timestamp>379.600954</timestamp>
			</report>
			<report>
				<misses>2112001</misses>
				<total>168</total>
				<timestamp>379.780766</timestamp>
			</report>
			<report>
				<misses>2113001</misses>
				<total>168</total>
				<timestamp>379.960585</timestamp>
			</report>
			<report>
				<misses>2114001</misses>
				<total>168</total>
				<timestamp>380.140387</timestamp>
			</report>
			<report>
				<misses>2115001</misses>
				<total>168</total>
				<timestamp>380.320202</timestamp>
			</report>
			<report>
				<misses>2116001</misses>
				<total>168</total>
				<timestamp>380.500011</timestamp>
			</report>
			<report>
				<misses>2117001</misses>
				<total>168</total>
				<timestamp>380.679859</timestamp>
			</report>
			<report>
				<misses>2118001</misses>
				<total>167</total>
				<timestamp>380.859647</timestamp>
			</report>
			<report>
				<misses>2119001</misses>
				<total>168</total>
				<timestamp>381.039452</timestamp>
			</report>
			<report>
				<misses>2120001</misses>
				<total>167</total>
				<timestamp>381.219302</timestamp>
			</report>
			<report>
				<misses>2121001</misses>
				<total>168</total>
				<timestamp>381.399113</timestamp>
			</report>
			<report>
				<misses>2122001</misses>
				<total>168</total>
				<timestamp>381.578960</timestamp>
			</report>
			<report>
				<misses>2123001</misses>
				<total>168</total>
				<timestamp>381.758786</timestamp>
			</report>
			<report>
				<misses>2124001</misses>
				<total>168</total>
				<timestamp>381.938578</timestamp>
			</report>
			<report>
				<misses>2125001</misses>
				<total>167</total>
				<timestamp>382.118452</timestamp>
			</report>
			<report>
				<misses>2126001</misses>
				<total>173</total>
				<timestamp>382.298231</timestamp>
			</report>
			<report>
				<misses>2127001</misses>
				<total>173</total>
				<timestamp>382.478042</timestamp>
			</report>
			<report>
				<misses>2128001</misses>
				<total>173</total>
				<timestamp>382.657857</timestamp>
			</report>
			<report>
				<misses>2129001</misses>
				<total>173</total>
				<timestamp>382.837676</timestamp>
			</report>
			<report>
				<misses>2130001</misses>
				<total>173</total>
				<timestamp>383.017511</timestamp>
			</report>
			<report>
				<misses>2131001</misses>
				<total>173</total>
				<timestamp>383.197335</timestamp>
			</report>
			<report>
				<misses>2132001</misses>
				<total>173</total>
				<timestamp>383.377137</timestamp>
			</report>
			<report>
				<misses>2133001</misses>
				<total>173</total>
				<timestamp>383.556943</timestamp>
			</report>
			<report>
				<misses>2134001</misses>
				<total>173</total>
				<timestamp>383.736813</timestamp>
			</report>
			<report>
				<misses>2135001</misses>
				<total>173</total>
				<timestamp>383.916619</timestamp>
			</report>
			<report>
				<misses>2136001</misses>
				<total>173</total>
				<timestamp>384.096419</timestamp>
			</report>
			<report>
				<misses>2137001</misses>
				<total>173</total>
				<timestamp>384.276240</timestamp>
			</report>
			<report>
				<misses>2138001</misses>
				<total>173</total>
				<timestamp>384.456076</timestamp>
			</report>
			<report>
				<misses>2139001</misses>
				<total>173</total>
				<timestamp>384.635913</timestamp>
			</report>
			<report>
				<misses>2140001</misses>
				<total>173</total>
				<timestamp>384.815758</timestamp>
			</report>
			<report>
				<misses>2141001</misses>
				<total>173</total>
				<timestamp>384.995556</timestamp>
			</report>
			<report>
				<misses>2142001</misses>
				<total>173</total>
				<timestamp>385.175340</timestamp>
			</report>
			<report>
				<misses>2143001</misses>
				<total>173</total>
				<timestamp>385.355171</timestamp>
			</report>
			<report>
				<misses>2144001</misses>
				<total>173</total>
				<timestamp>385.535000</timestamp>
			</report>
			<report>
				<misses>2145001</misses>
				<total>173</total>
				<timestamp>385.714816</timestamp>
			</report>
			<report>
				<misses>2146001</misses>
				<total>173</total>
				<timestamp>385.894629</timestamp>
			</report>
			<report>
				<misses>2147001</misses>
				<total>173</total>
				<timestamp>386.074458</timestamp>
			</report>
			<report>
				<misses>2148001</misses>
				<total>173</total>
				<timestamp>386.254267</timestamp>
			</report>
			<report>
				<misses>2149001</misses>
				<total>173</total>
				<timestamp>386.434107</timestamp>
			</report>
			<report>
				<misses>2150001</misses>
				<total>173</total>
				<timestamp>386.613917</timestamp>
			</report>
			<report>
				<misses>2151001</misses>
				<total>173</total>
				<timestamp>386.793780</timestamp>
			</report>
			<report>
				<misses>2152001</misses>
				<total>173</total>
				<timestamp>386.973548</timestamp>
			</report>
			<report>
				<misses>2153001</misses>
				<total>173</total>
				<timestamp>387.153360</timestamp>
			</report>
			<report>
				<misses>2154001</misses>
				<total>173</total>
				<timestamp>387.333184</timestamp>
			</report>
			<report>
				<misses>2155001</misses>
				<total>173</total>
				<timestamp>387.513007</timestamp>
			</report>
			<report>
				<misses>2156001</misses>
				<total>173</total>
				<timestamp>387.692835</timestamp>
			</report>
			<report>
				<misses>2157001</misses>
				<total>173</total>
				<timestamp>387.872636</timestamp>
			</report>
			<report>
				<misses>2158001</misses>
				<total>173</total>
				<timestamp>388.052477</timestamp>
			</report>
			<report>
				<misses>2159001</misses>
				<total>173</total>
				<timestamp>388.232285</timestamp>
			</report>
			<report>
				<misses>2160001</misses>
				<total>173</total>
				<timestamp>388.412115</timestamp>
			</report>
			<report>
				<misses>2161001</misses>
				<total>173</total>
				<timestamp>388.591944</timestamp>
			</report>
			<report>
				<misses>2162001</misses>
				<total>173</total>
				<timestamp>388.771739</timestamp>
			</report>
			<report>
				<misses>2163001</misses>
				<total>173</total>
				<timestamp>388.951561</timestamp>
			</report>
			<report>
				<misses>2164001</misses>
				<total>173</total>
				<timestamp>389.131362</timestamp>
			</report>
			<report>
				<misses>2165001</misses>
				<total>173</total>
				<timestamp>389.311207</timestamp>
			</report>
			<report>
				<misses>2166001</misses>
				<total>173</total>
				<timestamp>389.491018</timestamp>
			</report>
			<report>
				<misses>2167001</misses>
				<total>173</total>
				<timestamp>389.670839</timestamp>
			</report>
			<report>
				<misses>2168001</misses>
				<total>173</total>
				<timestamp>389.850700</timestamp>
			</report>
			<report>
				<misses>2169001</misses>
				<total>174</total>
				<timestamp>390.030484</timestamp>
			</report>
			<report>
				<misses>2170001</misses>
				<total>174</total>
				<timestamp>390.210325</timestamp>
			</report>
			<report>
				<misses>2171001</misses>
				<total>174</total>
				<timestamp>390.390134</timestamp>
			</report>
			<report>
				<misses>2172001</misses>
				<total>174</total>
				<timestamp>390.569962</timestamp>
			</report>
			<report>
				<misses>2173001</misses>
				<total>174</total>
				<timestamp>390.749774</timestamp>
			</report>
			<report>
				<misses>2174001</misses>
				<total>174</total>
				<timestamp>390.929575</timestamp>
			</report>
			<report>
				<misses>2175001</misses>
				<total>174</total>
				<timestamp>391.109415</timestamp>
			</report>
			<report>
				<misses>2176001</misses>
				<total>174</total>
				<timestamp>391.289227</timestamp>
			</report>
			<report>
				<misses>2177001</misses>
				<total>174</total>
				<timestamp>391.469051</timestamp>
			</report>
			<report>
				<misses>2178001</misses>
				<total>174</total>
				<timestamp>391.648902</timestamp>
			</report>
			<report>
				<misses>2179001</misses>
				<total>174</total>
				<timestamp>391.828727</timestamp>
			</report>
			<report>
				<misses>2180001</misses>
				<total>174</total>
				<timestamp>392.008502</timestamp>
			</report>
			<report>
				<misses>2181001</misses>
				<total>174</total>
				<timestamp>392.188307</timestamp>
			</report>
			<report>
				<misses>2182001</misses>
				<total>174</total>
				<timestamp>392.368153</timestamp>
			</report>
			<report>
				<misses>2183001</misses>
				<total>174</total>
				<timestamp>392.547965</timestamp>
			</report>
			<report>
				<misses>2184001</misses>
				<total>174</total>
				<timestamp>392.727790</timestamp>
			</report>
			<report>
				<misses>2185001</misses>
				<total>174</total>
				<timestamp>392.907654</timestamp>
			</report>
			<report>
				<misses>2186001</misses>
				<total>174</total>
				<timestamp>393.087429</timestamp>
			</report>
			<report>
				<misses>2187001</misses>
				<total>174</total>
				<timestamp>393.267242</timestamp>
			</report>
			<report>
				<misses>2188001</misses>
				<total>174</total>
				<timestamp>393.447076</timestamp>
			</report>
			<report>
				<misses>2189001</misses>
				<total>174</total>
				<timestamp>393.626882</timestamp>
			</report>
			<report>
				<misses>2190001</misses>
				<total>174</total>
				<timestamp>393.806724</timestamp>
			</report>
			<report>
				<misses>2191001</misses>
				<total>174</total>
				<timestamp>393.986534</timestamp>
			</report>
			<report>
				<misses>2192001</misses>
				<total>174</total>
				<timestamp>394.166374</timestamp>
			</report>
			<report>
				<misses>2193001</misses>
				<total>174</total>
				<timestamp>394.346163</timestamp>
			</report>
			<report>
				<misses>2194001</misses>
				<total>174</total>
				<timestamp>394.526001</timestamp>
			</report>
			<report>
				<misses>2195001</misses>
				<total>174</total>
				<timestamp>394.705802</timestamp>
			</report>
			<report>
				<misses>2196001</misses>
				<total>174</total>
				<timestamp>394.885686</timestamp>
			</report>
			<report>
				<misses>2197001</misses>
				<total>174</total>
				<timestamp>395.065426</timestamp>
			</report>
			<report>
				<misses>2198001</misses>
				<total>174</total>
				<timestamp>395.245252</timestamp>
			</report>
			<report>
				<misses>2199001</misses>
				<total>174</total>
				<timestamp>395.425111</timestamp>
			</report>
			<report>
				<misses>2200001</misses>
				<total>173</total>
				<timestamp>395.604936</timestamp>
			</report>
			<report>
				<misses>2201001</misses>
				<total>174</total>
				<timestamp>395.784725</timestamp>
			</report>
			<report>
				<misses>2202001</misses>
				<total>174</total>
				<timestamp>395.964553</timestamp>
			</report>
			<report>
				<misses>2203001</misses>
				<total>174</total>
				<timestamp>396.144362</timestamp>
			</report>
			<report>
				<misses>2204001</misses>
				<total>177</total>
				<timestamp>396.324209</timestamp>
			</report>
			<report>
				<misses>2205001</misses>
				<total>177</total>
				<timestamp>396.504022</timestamp>
			</report>
			<report>
				<misses>2206001</misses>
				<total>177</total>
				<timestamp>396.683832</timestamp>
			</report>
			<report>
				<misses>2207001</misses>
				<total>177</total>
				<timestamp>396.863724</timestamp>
			</report>
			<report>
				<misses>2208001</misses>
				<total>177</total>
				<timestamp>397.043465</timestamp>
			</report>
			<report>
				<misses>2209001</misses>
				<total>177</total>
				<timestamp>397.223280</timestamp>
			</report>
			<report>
				<misses>2210001</misses>
				<total>177</total>
				<timestamp>397.403114</timestamp>
			</report>
			<report>
				<misses>2211001</misses>
				<total>177</total>
				<timestamp>397.582935</timestamp>
			</report>
			<report>
				<misses>2212001</misses>
				<total>177</total>
				<timestamp>397.762750</timestamp>
			</report>
			<report>
				<misses>2213001</misses>
				<total>178</total>
				<timestamp>397.942560</timestamp>
			</report>
			<report>
				<misses>2214001</misses>
				<total>178</total>
				<timestamp>398.122378</timestamp>
			</report>
			<report>
				<misses>2215001</misses>
				<total>178</total>
				<timestamp>398.302239</timestamp>
			</report>
			<report>
				<misses>2216001</misses>
				<total>178</total>
				<timestamp>398.482025</timestamp>
			</report>
			<report>
				<misses>2217001</misses>
				<total>178</total>
				<timestamp>398.661833</timestamp>
			</report>
			<report>
				<misses>2218001</misses>
				<total>177</total>
				<timestamp>398.841694</timestamp>
			</report>
			<report>
				<misses>2219001</misses>
				<total>178</total>
				<timestamp>399.021485</timestamp>
			</report>
			<report>
				<misses>2220001</misses>
				<total>178</total>
				<timestamp>399.201293</timestamp>
			</report>
			<report>
				<misses>2221001</misses>
				<total>178</total>
				<timestamp>399.381141</timestamp>
			</report>
			<report>
				<misses>2222001</misses>
				<total>178</total>
				<timestamp>399.560944</timestamp>
			</report>
			<report>
				<misses>2223001</misses>
				<total>178</total>
				<timestamp>399.740825</timestamp>
			</report>
			<report>
				<misses>2224001</misses>
				<total>178</total>
				<timestamp>399.920620</timestamp>
			</report>
			<report>
				<misses>2225001</misses>
				<total>178</total>
				<timestamp>400.100400</timestamp>
			</report>
			<report>
				<misses>2226001</misses>
				<total>178</total>
				<timestamp>400.280228</timestamp>
			</report>
			<report>
				<misses>2227001</misses>
				<total>178</total>
				<timestamp>400.460021</timestamp>
			</report>
			<report>
				<misses>2228001</misses>
				<total>178</total>
				<timestamp>400.639856</timestamp>
			</report>
			<report>
				<misses>2229001</misses>
				<total>178</total>
				<timestamp>400.819699</timestamp>
			</report>
			<report>
				<misses>2230001</misses>
				<total>178</total>
				<timestamp>400.999502</timestamp>
			</report>
			<report>
				<misses>2231001</misses>
				<total>183</total>
				<timestamp>401.179352</timestamp>
			</report>
			<report>
				<misses>2232001</misses>
				<total>183</total>
				<timestamp>401.359148</timestamp>
			</report>
			<report>
				<misses>2233001</misses>
				<total>183</total>
				<timestamp>401.538951</timestamp>
			</report>
			<report>
				<misses>2234001</misses>
				<total>184</total>
				<timestamp>401.718790</timestamp>
			</report>
			<report>
				<misses>2235001</misses>
				<total>184</total>
				<timestamp>401.898624</timestamp>
			</report>
			<report>
				<misses>2236001</misses>
				<total>184</total>
				<timestamp>402.078408</timestamp>
			</report>
			<report>
				<misses>2237001</misses>
				<total>184</total>
				<timestamp>402.258241</timestamp>
			</report>
			<report>
				<misses>2238001</misses>
				<total>184</total>
				<timestamp>402.438077</timestamp>
			</report>
			<report>
				<misses>2239001</misses>
				<total>184</total>
				<timestamp>402.617885</timestamp>
			</report>
			<report>
				<misses>2240001</misses>
				<total>184</total>
				<timestamp>402.797695</timestamp>
			</report>
			<report>
				<misses>2241001</misses>
				<total>184</total>
				<timestamp>402.977522</timestamp>
			</report>
			<report>
				<misses>2242001</misses>
				<total>183</total>
				<timestamp>403.157363</timestamp>
			</report>
			<report>
				<misses>2243001</misses>
				<total>184</total>
				<timestamp>403.337147</timestamp>
			</report>
			<report>
				<misses>2244001</misses>
				<total>184</total>
				<timestamp>403.517026</timestamp>
			</report>
			<report>
				<misses>2245001</misses>
				<total>184</total>
				<timestamp>403.696787</timestamp>
			</report>
			<report>
				<misses>2246001</misses>
				<total>184</total>
				<timestamp>403.876666</timestamp>
			</report>
			<report>
				<misses>2247001</misses>
				<total>184</total>
				<timestamp>404.056441</timestamp>
			</report>
			<report>
				<misses>2248001</misses>
				<total>184</total>
				<timestamp>404.236272</timestamp>
			</report>
			<report>
				<misses>2249001</misses>
				<total>184</total>
				<timestamp>404.416078</timestamp>
			</report>
			<report>
				<misses>2250001</misses>
				<total>186</total>
				<timestamp>404.595892</timestamp>
			</report>
			<report>
				<misses>2251001</misses>
				<total>185</total>
				<timestamp>404.775725</timestamp>
			</report>
			<report>
				<misses>2252001</misses>
				<total>186</total>
				<timestamp>404.955564</timestamp>
			</report>
			<report>
				<misses>2253001</misses>
				<total>186</total>
				<timestamp>405.135347</timestamp>
			</report>
			<report>
				<misses>2254001</misses>
				<total>186</total>
				<timestamp>405.315191</timestamp>
			</report>
			<report>
				<misses>2255001</misses>
				<total>186</total>
				<timestamp>405.495023</timestamp>
			</report>
			<report>
				<misses>2256001</misses>
				<total>186</total>
				<timestamp>405.674828</timestamp>
			</report>
			<report>
				<misses>2257001</misses>
				<total>186</total>
				<timestamp>405.854665</timestamp>
			</report>
			<report>
				<misses>2258001</misses>
				<total>186</total>
				<timestamp>406.034450</timestamp>
			</report>
			<report>
				<misses>2259001</misses>
				<total>186</total>
				<timestamp>406.214281</timestamp>
			</report>
			<report>
				<misses>2260001</misses>
				<total>186</total>
				<timestamp>406.394117</timestamp>
			</report>
			<report>
				<misses>2261001</misses>
				<total>186</total>
				<timestamp>406.573926</timestamp>
			</report>
			<report>
				<misses>2262001</misses>
				<total>186</total>
				<timestamp>406.753932</timestamp>
			</report>
			<report>
				<misses>2263001</misses>
				<total>186</total>
				<timestamp>406.933728</timestamp>
			</report>
			<report>
				<misses>2264001</misses>
				<total>186</total>
				<timestamp>407.113566</timestamp>
			</report>
			<report>
				<misses>2265001</misses>
				<total>186</total>
				<timestamp>407.293383</timestamp>
			</report>
			<report>
				<misses>2266001</misses>
				<total>186</total>
				<timestamp>407.473200</timestamp>
			</report>
			<report>
				<misses>2267001</misses>
				<total>186</total>
				<timestamp>407.653030</timestamp>
			</report>
			<report>
				<misses>2268001</misses>
				<total>186</total>
				<timestamp>407.832840</timestamp>
			</report>
			<report>
				<misses>2269001</misses>
				<total>186</total>
				<timestamp>408.012674</timestamp>
			</report>
			<report>
				<misses>2270001</misses>
				<total>186</total>
				<timestamp>408.192469</timestamp>
			</report>
			<report>
				<misses>2271001</misses>
				<total>186</total>
				<timestamp>408.372291</timestamp>
			</report>
			<report>
				<misses>2272001</misses>
				<total>186</total>
				<timestamp>408.552126</timestamp>
			</report>
			<report>
				<misses>2273001</misses>
				<total>186</total>
				<timestamp>408.731940</timestamp>
			</report>
			<report>
				<misses>2274001</misses>
				<total>186</total>
				<timestamp>408.911820</timestamp>
			</report>
			<report>
				<misses>2275001</misses>
				<total>186</total>
				<timestamp>409.091587</timestamp>
			</report>
			<report>
				<misses>2276001</misses>
				<total>186</total>
				<timestamp>409.271415</timestamp>
			</report>
			<report>
				<misses>2277001</misses>
				<total>186</total>
				<timestamp>409.451218</timestamp>
			</report>
			<report>
				<misses>2278001</misses>
				<total>186</total>
				<timestamp>409.631036</timestamp>
			</report>
			<report>
				<misses>2279001</misses>
				<total>186</total>
				<timestamp>409.810875</timestamp>
			</report>
			<report>
				<misses>2280001</misses>
				<total>186</total>
				<timestamp>409.990712</timestamp>
			</report>
			<report>
				<misses>2281001</misses>
				<total>186</total>
				<timestamp>410.170498</timestamp>
			</report>
			<report>
				<misses>2282001</misses>
				<total>186</total>
				<timestamp>410.350317</timestamp>
			</report>
			<report>
				<misses>2283001</misses>
				<total>186</total>
				<timestamp>410.530142</timestamp>
			</report>
			<report>
				<misses>2284001</misses>
				<total>186</total>
				<timestamp>410.709941</timestamp>
			</report>
			<report>
				<misses>2285001</misses>
				<total>186</total>
				<timestamp>410.889766</timestamp>
			</report>
			<report>
				<misses>2286001</misses>
				<total>186</total>
				<timestamp>411.069665</timestamp>
			</report>
			<report>
				<misses>2287001</misses>
				<total>186</total>
				<timestamp>411.249426</timestamp>
			</report>
			<report>
				<misses>2288001</misses>
				<total>186</total>
				<timestamp>411.429229</timestamp>
			</report>
			<report>
				<misses>2289001</misses>
				<total>186</total>
				<timestamp>411.609077</timestamp>
			</report>
			<report>
				<misses>2290001</misses>
				<total>186</total>
				<timestamp>411.788874</timestamp>
			</report>
			<report>
				<misses>2291001</misses>
				<total>186</total>
				<timestamp>411.968743</timestamp>
			</report>
			<report>
				<misses>2292001</misses>
				<total>186</total>
				<timestamp>412.148526</timestamp>
			</report>
			<report>
				<misses>2293001</misses>
				<total>186</total>
				<timestamp>412.328342</timestamp>
			</report>
			<report>
				<misses>2294001</misses>
				<total>186</total>
				<timestamp>412.508176</timestamp>
			</report>
			<report>
				<misses>2295001</misses>
				<total>186</total>
				<timestamp>412.687985</timestamp>
			</report>
			<report>
				<misses>2296001</misses>
				<total>186</total>
				<timestamp>412.867801</timestamp>
			</report>
			<report>
				<misses>2297001</misses>
				<total>186</total>
				<timestamp>413.047622</timestamp>
			</report>
			<report>
				<misses>2298001</misses>
				<total>186</total>
				<timestamp>413.227439</timestamp>
			</report>
			<report>
				<misses>2299001</misses>
				<total>186</total>
				<timestamp>413.407259</timestamp>
			</report>
			<report>
				<misses>2300001</misses>
				<total>186</total>
				<timestamp>413.587069</timestamp>
			</report>
			<report>
				<misses>2301001</misses>
				<total>185</total>
				<timestamp>413.766895</timestamp>
			</report>
			<report>
				<misses>2302001</misses>
				<total>186</total>
				<timestamp>413.946730</timestamp>
			</report>
			<report>
				<misses>2303001</misses>
				<total>186</total>
				<timestamp>414.126587</timestamp>
			</report>
			<report>
				<misses>2304001</misses>
				<total>186</total>
				<timestamp>414.306359</timestamp>
			</report>
			<report>
				<misses>2305001</misses>
				<total>186</total>
				<timestamp>414.486175</timestamp>
			</report>
			<report>
				<misses>2306001</misses>
				<total>186</total>
				<timestamp>414.666017</timestamp>
			</report>
			<report>
				<misses>2307001</misses>
				<total>186</total>
				<timestamp>414.845828</timestamp>
			</report>
			<report>
				<misses>2308001</misses>
				<total>186</total>
				<timestamp>415.025683</timestamp>
			</report>
			<report>
				<misses>2309001</misses>
				<total>186</total>
				<timestamp>415.205475</timestamp>
			</report>
			<report>
				<misses>2310001</misses>
				<total>186</total>
				<timestamp>415.385277</timestamp>
			</report>
			<report>
				<misses>2311001</misses>
				<total>186</total>
				<timestamp>415.565104</timestamp>
			</report>
			<report>
				<misses>2312001</misses>
				<total>186</total>
				<timestamp>415.744924</timestamp>
			</report>
			<report>
				<misses>2313001</misses>
				<total>186</total>
				<timestamp>415.924737</timestamp>
			</report>
			<report>
				<misses>2314001</misses>
				<total>186</total>
				<timestamp>416.104597</timestamp>
			</report>
			<report>
				<misses>2315001</misses>
				<total>186</total>
				<timestamp>416.284369</timestamp>
			</report>
			<report>
				<misses>2316001</misses>
				<total>186</total>
				<timestamp>416.464208</timestamp>
			</report>
			<report>
				<misses>2317001</misses>
				<total>186</total>
				<timestamp>416.644038</timestamp>
			</report>
			<report>
				<misses>2318001</misses>
				<total>186</total>
				<timestamp>416.823839</timestamp>
			</report>
			<report>
				<misses>2319001</misses>
				<total>186</total>
				<timestamp>417.003662</timestamp>
			</report>
			<report>
				<misses>2320001</misses>
				<total>186</total>
				<timestamp>417.183488</timestamp>
			</report>
			<report>
				<misses>2321001</misses>
				<total>186</total>
				<timestamp>417.363317</timestamp>
			</report>
			<report>
				<misses>2322001</misses>
				<total>186</total>
				<timestamp>417.543115</timestamp>
			</report>
			<report>
				<misses>2323001</misses>
				<total>186</total>
				<timestamp>417.722923</timestamp>
			</report>
			<report>
				<misses>2324001</misses>
				<total>186</total>
				<timestamp>417.902745</timestamp>
			</report>
			<report>
				<misses>2325001</misses>
				<total>186</total>
				<timestamp>418.082565</timestamp>
			</report>
			<report>
				<misses>2326001</misses>
				<total>186</total>
				<timestamp>418.262393</timestamp>
			</report>
			<report>
				<misses>2327001</misses>
				<total>186</total>
				<timestamp>418.442208</timestamp>
			</report>
			<report>
				<misses>2328001</misses>
				<total>186</total>
				<timestamp>418.622056</timestamp>
			</report>
			<report>
				<misses>2329001</misses>
				<total>186</total>
				<timestamp>418.801836</timestamp>
			</report>
			<report>
				<misses>2330001</misses>
				<total>187</total>
				<timestamp>418.981695</timestamp>
			</report>
			<report>
				<misses>2331001</misses>
				<total>187</total>
				<timestamp>419.161535</timestamp>
			</report>
			<report>
				<misses>2332001</misses>
				<total>187</total>
				<timestamp>419.341310</timestamp>
			</report>
			<report>
				<misses>2333001</misses>
				<total>187</total>
				<timestamp>419.521165</timestamp>
			</report>
			<report>
				<misses>2334001</misses>
				<total>187</total>
				<timestamp>419.700970</timestamp>
			</report>
			<report>
				<misses>2335001</misses>
				<total>187</total>
				<timestamp>419.880774</timestamp>
			</report>
			<report>
				<misses>2336001</misses>
				<total>187</total>
				<timestamp>420.060611</timestamp>
			</report>
			<report>
				<misses>2337001</misses>
				<total>187</total>
				<timestamp>420.240418</timestamp>
			</report>
			<report>
				<misses>2338001</misses>
				<total>187</total>
				<timestamp>420.420230</timestamp>
			</report>
			<report>
				<misses>2339001</misses>
				<total>187</total>
				<timestamp>420.600056</timestamp>
			</report>
			<report>
				<misses>2340001</misses>
				<total>187</total>
				<timestamp>420.779876</timestamp>
			</report>
			<report>
				<misses>2341001</misses>
				<total>187</total>
				<timestamp>420.959709</timestamp>
			</report>
			<report>
				<misses>2342001</misses>
				<total>187</total>
				<timestamp>421.139572</timestamp>
			</report>
			<report>
				<misses>2343001</misses>
				<total>187</total>
				<timestamp>421.319356</timestamp>
			</report>
			<report>
				<misses>2344001</misses>
				<total>187</total>
				<timestamp>421.499175</timestamp>
			</report>
			<report>
				<misses>2345001</misses>
				<total>187</total>
				<timestamp>421.678987</timestamp>
			</report>
			<report>
				<misses>2346001</misses>
				<total>187</total>
				<timestamp>421.858808</timestamp>
			</report>
			<report>
				<misses>2347001</misses>
				<total>187</total>
				<timestamp>422.038672</timestamp>
			</report>
			<report>
				<misses>2348001</misses>
				<total>187</total>
				<timestamp>422.218428</timestamp>
			</report>
			<report>
				<misses>2349001</misses>
				<total>188</total>
				<timestamp>422.398257</timestamp>
			</report>
			<report>
				<misses>2350001</misses>
				<total>188</total>
				<timestamp>422.578071</timestamp>
			</report>
			<report>
				<misses>2351001</misses>
				<total>188</total>
				<timestamp>422.757901</timestamp>
			</report>
			<report>
				<misses>2352001</misses>
				<total>187</total>
				<timestamp>422.937753</timestamp>
			</report>
			<report>
				<misses>2353001</misses>
				<total>188</total>
				<timestamp>423.117570</timestamp>
			</report>
			<report>
				<misses>2354001</misses>
				<total>189</total>
				<timestamp>423.297382</timestamp>
			</report>
			<report>
				<misses>2355001</misses>
				<total>189</total>
				<timestamp>423.477169</timestamp>
			</report>
			<report>
				<misses>2356001</misses>
				<total>189</total>
				<timestamp>423.657015</timestamp>
			</report>
			<report>
				<misses>2357001</misses>
				<total>189</total>
				<timestamp>423.836813</timestamp>
			</report>
			<report>
				<misses>2358001</misses>
				<total>189</total>
				<timestamp>424.016651</timestamp>
			</report>
			<report>
				<misses>2359001</misses>
				<total>189</total>
				<timestamp>424.196495</timestamp>
			</report>
			<report>
				<misses>2360001</misses>
				<total>189</total>
				<timestamp>424.376267</timestamp>
			</report>
			<report>
				<misses>2361001</misses>
				<total>189</total>
				<timestamp>424.556099</timestamp>
			</report>
			<report>
				<misses>2362001</misses>
				<total>189</total>
				<timestamp>424.735920</timestamp>
			</report>
			<report>
				<misses>2363001</misses>
				<total>189</total>
				<timestamp>424.915731</timestamp>
			</report>
			<report>
				<misses>2364001</misses>
				<total>189</total>
				<timestamp>425.095556</timestamp>
			</report>
			<report>
				<misses>2365001</misses>
				<total>189</total>
				<timestamp>425.275384</timestamp>
			</report>
			<report>
				<misses>2366001</misses>
				<total>189</total>
				<timestamp>425.455221</timestamp>
			</report>
			<report>
				<misses>2367001</misses>
				<total>189</total>
				<timestamp>425.635036</timestamp>
			</report>
			<report>
				<misses>2368001</misses>
				<total>189</total>
				<timestamp>425.814823</timestamp>
			</report>
			<report>
				<misses>2369001</misses>
				<total>189</total>
				<timestamp>425.994658</timestamp>
			</report>
			<report>
				<misses>2370001</misses>
				<total>189</total>
				<timestamp>426.174515</timestamp>
			</report>
			<report>
				<misses>2371001</misses>
				<total>189</total>
				<timestamp>426.354283</timestamp>
			</report>
			<report>
				<misses>2372001</misses>
				<total>189</total>
				<timestamp>426.534124</timestamp>
			</report>
			<report>
				<misses>2373001</misses>
				<total>189</total>
				<timestamp>426.713926</timestamp>
			</report>
			<report>
				<misses>2374001</misses>
				<total>189</total>
				<timestamp>426.893750</timestamp>
			</report>
			<report>
				<misses>2375001</misses>
				<total>189</total>
				<timestamp>427.073590</timestamp>
			</report>
			<report>
				<misses>2376001</misses>
				<total>189</total>
				<timestamp>427.253396</timestamp>
			</report>
			<report>
				<misses>2377001</misses>
				<total>189</total>
				<timestamp>427.433219</timestamp>
			</report>
			<report>
				<misses>2378001</misses>
				<total>189</total>
				<timestamp>427.613043</timestamp>
			</report>
			<report>
				<misses>2379001</misses>
				<total>189</total>
				<timestamp>427.792860</timestamp>
			</report>
			<report>
				<misses>2380001</misses>
				<total>189</total>
				<timestamp>427.972671</timestamp>
			</report>
			<report>
				<misses>2381001</misses>
				<total>189</total>
				<timestamp>428.152532</timestamp>
			</report>
			<report>
				<misses>2382001</misses>
				<total>189</total>
				<timestamp>428.332308</timestamp>
			</report>
			<report>
				<misses>2383001</misses>
				<total>189</total>
				<timestamp>428.512134</timestamp>
			</report>
			<report>
				<misses>2384001</misses>
				<total>189</total>
				<timestamp>428.691963</timestamp>
			</report>
			<report>
				<misses>2385001</misses>
				<total>189</total>
				<timestamp>428.871770</timestamp>
			</report>
			<report>
				<misses>2386001</misses>
				<total>189</total>
				<timestamp>429.051591</timestamp>
			</report>
			<report>
				<misses>2387001</misses>
				<total>189</total>
				<timestamp>429.231428</timestamp>
			</report>
			<report>
				<misses>2388001</misses>
				<total>189</total>
				<timestamp>429.411242</timestamp>
			</report>
			<report>
				<misses>2389001</misses>
				<total>189</total>
				<timestamp>429.591077</timestamp>
			</report>
			<report>
				<misses>2390001</misses>
				<total>189</total>
				<timestamp>429.770873</timestamp>
			</report>
			<report>
				<misses>2391001</misses>
				<total>189</total>
				<timestamp>429.950688</timestamp>
			</report>
			<report>
				<misses>2392001</misses>
				<total>189</total>
				<timestamp>430.130537</timestamp>
			</report>
			<report>
				<misses>2393001</misses>
				<total>189</total>
				<timestamp>430.310320</timestamp>
			</report>
			<report>
				<misses>2394001</misses>
				<total>189</total>
				<timestamp>430.490180</timestamp>
			</report>
			<report>
				<misses>2395001</misses>
				<total>189</total>
				<timestamp>430.669988</timestamp>
			</report>
			<report>
				<misses>2396001</misses>
				<total>189</total>
				<timestamp>430.849815</timestamp>
			</report>
			<report>
				<misses>2397001</misses>
				<total>189</total>
				<timestamp>431.029641</timestamp>
			</report>
			<report>
				<misses>2398001</misses>
				<total>189</total>
				<timestamp>431.209495</timestamp>
			</report>
			<report>
				<misses>2399001</misses>
				<total>189</total>
				<timestamp>431.389263</timestamp>
			</report>
			<report>
				<misses>2400001</misses>
				<total>189</total>
				<timestamp>431.569096</timestamp>
			</report>
			<report>
				<misses>2401001</misses>
				<total>189</total>
				<timestamp>431.748900</timestamp>
			</report>
			<report>
				<misses>2402001</misses>
				<total>189</total>
				<timestamp>431.928715</timestamp>
			</report>
			<report>
				<misses>2403001</misses>
				<total>189</total>
				<timestamp>432.108539</timestamp>
			</report>
			<report>
				<misses>2404001</misses>
				<total>189</total>
				<timestamp>432.288351</timestamp>
			</report>
			<report>
				<misses>2405001</misses>
				<total>189</total>
				<timestamp>432.468178</timestamp>
			</report>
			<report>
				<misses>2406001</misses>
				<total>189</total>
				<timestamp>432.648015</timestamp>
			</report>
			<report>
				<misses>2407001</misses>
				<total>189</total>
				<timestamp>432.827812</timestamp>
			</report>
			<report>
				<misses>2408001</misses>
				<total>189</total>
				<timestamp>433.007636</timestamp>
			</report>
			<report>
				<misses>2409001</misses>
				<total>189</total>
				<timestamp>433.187492</timestamp>
			</report>
			<report>
				<misses>2410001</misses>
				<total>189</total>
				<timestamp>433.367277</timestamp>
			</report>
			<report>
				<misses>2411001</misses>
				<total>189</total>
				<timestamp>433.547099</timestamp>
			</report>
			<report>
				<misses>2412001</misses>
				<total>189</total>
				<timestamp>433.726934</timestamp>
			</report>
			<report>
				<misses>2413001</misses>
				<total>189</total>
				<timestamp>433.906732</timestamp>
			</report>
			<report>
				<misses>2414001</misses>
				<total>189</total>
				<timestamp>434.086603</timestamp>
			</report>
			<report>
				<misses>2415001</misses>
				<total>189</total>
				<timestamp>434.266374</timestamp>
			</report>
			<report>
				<misses>2416001</misses>
				<total>189</total>
				<timestamp>434.446205</timestamp>
			</report>
			<report>
				<misses>2417001</misses>
				<total>189</total>
				<timestamp>434.626047</timestamp>
			</report>
			<report>
				<misses>2418001</misses>
				<total>189</total>
				<timestamp>434.805833</timestamp>
			</report>
			<report>
				<misses>2419001</misses>
				<total>189</total>
				<timestamp>434.985700</timestamp>
			</report>
			<report>
				<misses>2420001</misses>
				<total>189</total>
				<timestamp>435.165535</timestamp>
			</report>
			<report>
				<misses>2421001</misses>
				<total>189</total>
				<timestamp>435.345289</timestamp>
			</report>
			<report>
				<misses>2422001</misses>
				<total>189</total>
				<timestamp>435.525119</timestamp>
			</report>
			<report>
				<misses>2423001</misses>
				<total>189</total>
				<timestamp>435.704931</timestamp>
			</report>
			<report>
				<misses>2424001</misses>
				<total>188</total>
				<timestamp>435.884806</timestamp>
			</report>
			<report>
				<misses>2425001</misses>
				<total>189</total>
				<timestamp>436.064588</timestamp>
			</report>
			<report>
				<misses>2426001</misses>
				<total>189</total>
				<timestamp>436.244412</timestamp>
			</report>
			<report>
				<misses>2427001</misses>
				<total>189</total>
				<timestamp>436.424239</timestamp>
			</report>
			<report>
				<misses>2428001</misses>
				<total>189</total>
				<timestamp>436.604050</timestamp>
			</report>
			<report>
				<misses>2429001</misses>
				<total>189</total>
				<timestamp>436.783848</timestamp>
			</report>
			<report>
				<misses>2430001</misses>
				<total>189</total>
				<timestamp>436.963666</timestamp>
			</report>
			<report>
				<misses>2431001</misses>
				<total>189</total>
				<timestamp>437.143507</timestamp>
			</report>
			<report>
				<misses>2432001</misses>
				<total>189</total>
				<timestamp>437.323311</timestamp>
			</report>
			<report>
				<misses>2433001</misses>
				<total>189</total>
				<timestamp>437.503148</timestamp>
			</report>
			<report>
				<misses>2434001</misses>
				<total>192</total>
				<timestamp>437.682954</timestamp>
			</report>
			<report>
				<misses>2435001</misses>
				<total>192</total>
				<timestamp>437.862785</timestamp>
			</report>
			<report>
				<misses>2436001</misses>
				<total>191</total>
				<timestamp>438.042598</timestamp>
			</report>
			<report>
				<misses>2437001</misses>
				<total>192</total>
				<timestamp>438.222464</timestamp>
			</report>
			<report>
				<misses>2438001</misses>
				<total>192</total>
				<timestamp>438.402237</timestamp>
			</report>
			<report>
				<misses>2439001</misses>
				<total>192</total>
				<timestamp>438.582054</timestamp>
			</report>
			<report>
				<misses>2440001</misses>
				<total>192</total>
				<timestamp>438.761885</timestamp>
			</report>
			<report>
				<misses>2441001</misses>
				<total>192</total>
				<timestamp>438.941698</timestamp>
			</report>
			<report>
				<misses>2442001</misses>
				<total>192</total>
				<timestamp>439.121539</timestamp>
			</report>
			<report>
				<misses>2443001</misses>
				<total>192</total>
				<timestamp>439.301343</timestamp>
			</report>
			<report>
				<misses>2444001</misses>
				<total>192</total>
				<timestamp>439.481176</timestamp>
			</report>
			<report>
				<misses>2445001</misses>
				<total>192</total>
				<timestamp>439.660969</timestamp>
			</report>
			<report>
				<misses>2446001</misses>
				<total>192</total>
				<timestamp>439.840800</timestamp>
			</report>
			<report>
				<misses>2447001</misses>
				<total>192</total>
				<timestamp>440.020615</timestamp>
			</report>
			<report>
				<misses>2448001</misses>
				<total>192</total>
				<timestamp>440.200491</timestamp>
			</report>
			<report>
				<misses>2449001</misses>
				<total>192</total>
				<timestamp>440.380269</timestamp>
			</report>
			<report>
				<misses>2450001</misses>
				<total>192</total>
				<timestamp>440.560082</timestamp>
			</report>
			<report>
				<misses>2451001</misses>
				<total>192</total>
				<timestamp>440.739933</timestamp>
			</report>
			<report>
				<misses>2452001</misses>
				<total>192</total>
				<timestamp>440.919726</timestamp>
			</report>
			<report>
				<misses>2453001</misses>
				<total>192</total>
				<timestamp>441.099582</timestamp>
			</report>
			<report>
				<misses>2454001</misses>
				<total>192</total>
				<timestamp>441.279382</timestamp>
			</report>
			<report>
				<misses>2455001</misses>
				<total>192</total>
				<timestamp>441.459175</timestamp>
			</report>
			<report>
				<misses>2456001</misses>
				<total>192</total>
				<timestamp>441.639003</timestamp>
			</report>
			<report>
				<misses>2457001</misses>
				<total>192</total>
				<timestamp>441.818820</timestamp>
			</report>
			<report>
				<misses>2458001</misses>
				<total>192</total>
				<timestamp>441.998640</timestamp>
			</report>
			<report>
				<misses>2459001</misses>
				<total>192</total>
				<timestamp>442.178472</timestamp>
			</report>
			<report>
				<misses>2460001</misses>
				<total>192</total>
				<timestamp>442.358280</timestamp>
			</report>
			<report>
				<misses>2461001</misses>
				<total>192</total>
				<timestamp>442.538103</timestamp>
			</report>
			<report>
				<misses>2462001</misses>
				<total>192</total>
				<timestamp>442.717916</timestamp>
			</report>
			<report>
				<misses>2463001</misses>
				<total>191</total>
				<timestamp>442.897746</timestamp>
			</report>
			<report>
				<misses>2464001</misses>
				<total>192</total>
				<timestamp>443.077566</timestamp>
			</report>
			<report>
				<misses>2465001</misses>
				<total>192</total>
				<timestamp>443.257418</timestamp>
			</report>
			<report>
				<misses>2466001</misses>
				<total>192</total>
				<timestamp>443.437204</timestamp>
			</report>
			<report>
				<misses>2467001</misses>
				<total>192</total>
				<timestamp>443.617047</timestamp>
			</report>
			<report>
				<misses>2468001</misses>
				<total>192</total>
				<timestamp>443.796853</timestamp>
			</report>
			<report>
				<misses>2469001</misses>
				<total>192</total>
				<timestamp>443.976661</timestamp>
			</report>
			<report>
				<misses>2470001</misses>
				<total>192</total>
				<timestamp>444.156486</timestamp>
			</report>
			<report>
				<misses>2471001</misses>
				<total>192</total>
				<timestamp>444.336291</timestamp>
			</report>
			<report>
				<misses>2472001</misses>
				<total>192</total>
				<timestamp>444.516139</timestamp>
			</report>
			<report>
				<misses>2473001</misses>
				<total>192</total>
				<timestamp>444.695961</timestamp>
			</report>
			<report>
				<misses>2474001</misses>
				<total>192</total>
				<timestamp>444.875790</timestamp>
			</report>
			<report>
				<misses>2475001</misses>
				<total>192</total>
				<timestamp>445.055579</timestamp>
			</report>
			<report>
				<misses>2476001</misses>
				<total>192</total>
				<timestamp>445.235414</timestamp>
			</report>
			<report>
				<misses>2477001</misses>
				<total>192</total>
				<timestamp>445.415215</timestamp>
			</report>
			<report>
				<misses>2478001</misses>
				<total>192</total>
				<timestamp>445.595032</timestamp>
			</report>
			<report>
				<misses>2479001</misses>
				<total>192</total>
				<timestamp>445.774858</timestamp>
			</report>
			<report>
				<misses>2480001</misses>
				<total>192</total>
				<timestamp>445.954669</timestamp>
			</report>
			<report>
				<misses>2481001</misses>
				<total>192</total>
				<timestamp>446.134487</timestamp>
			</report>
			<report>
				<misses>2482001</misses>
				<total>191</total>
				<timestamp>446.314329</timestamp>
			</report>
			<report>
				<misses>2483001</misses>
				<total>192</total>
				<timestamp>446.494158</timestamp>
			</report>
			<report>
				<misses>2484001</misses>
				<total>192</total>
				<timestamp>446.673948</timestamp>
			</report>
			<report>
				<misses>2485001</misses>
				<total>192</total>
				<timestamp>446.853780</timestamp>
			</report>
			<report>
				<misses>2486001</misses>
				<total>192</total>
				<timestamp>447.033596</timestamp>
			</report>
			<report>
				<misses>2487001</misses>
				<total>192</total>
				<timestamp>447.213428</timestamp>
			</report>
			<report>
				<misses>2488001</misses>
				<total>192</total>
				<timestamp>447.393239</timestamp>
			</report>
			<report>
				<misses>2489001</misses>
				<total>192</total>
				<timestamp>447.573050</timestamp>
			</report>
			<report>
				<misses>2490001</misses>
				<total>192</total>
				<timestamp>447.752919</timestamp>
			</report>
			<report>
				<misses>2491001</misses>
				<total>192</total>
				<timestamp>447.932698</timestamp>
			</report>
			<report>
				<misses>2492001</misses>
				<total>192</total>
				<timestamp>448.112554</timestamp>
			</report>
			<report>
				<misses>2493001</misses>
				<total>192</total>
				<timestamp>448.292421</timestamp>
			</report>
			<report>
				<misses>2494001</misses>
				<total>191</total>
				<timestamp>448.472185</timestamp>
			</report>
			<report>
				<misses>2495001</misses>
				<total>192</total>
				<timestamp>448.651994</timestamp>
			</report>
			<report>
				<misses>2496001</misses>
				<total>192</total>
				<timestamp>448.831815</timestamp>
			</report>
			<report>
				<misses>2497001</misses>
				<total>192</total>
				<timestamp>449.011607</timestamp>
			</report>
			<report>
				<misses>2498001</misses>
				<total>192</total>
				<timestamp>449.191476</timestamp>
			</report>
			<report>
				<misses>2499001</misses>
				<total>192</total>
				<timestamp>449.371271</timestamp>
			</report>
			<report>
				<misses>2500001</misses>
				<total>192</total>
				<timestamp>449.551070</timestamp>
			</report>
			<report>
				<misses>2501001</misses>
				<total>192</total>
				<timestamp>449.730899</timestamp>
			</report>
			<report>
				<misses>2502001</misses>
				<total>192</total>
				<timestamp>449.910730</timestamp>
			</report>
			<report>
				<misses>2503001</misses>
				<total>192</total>
				<timestamp>450.090539</timestamp>
			</report>
			<report>
				<misses>2504001</misses>
				<total>192</total>
				<timestamp>450.270366</timestamp>
			</report>
			<report>
				<misses>2505001</misses>
				<total>192</total>
				<timestamp>450.450172</timestamp>
			</report>
			<report>
				<misses>2506001</misses>
				<total>192</total>
				<timestamp>450.630013</timestamp>
			</report>
			<report>
				<misses>2507001</misses>
				<total>192</total>
				<timestamp>450.809825</timestamp>
			</report>
			<report>
				<misses>2508001</misses>
				<total>192</total>
				<timestamp>450.989627</timestamp>
			</report>
			<report>
				<misses>2509001</misses>
				<total>192</total>
				<timestamp>451.169508</timestamp>
			</report>
			<report>
				<misses>2510001</misses>
				<total>192</total>
				<timestamp>451.349287</timestamp>
			</report>
			<report>
				<misses>2511001</misses>
				<total>191</total>
				<timestamp>451.529109</timestamp>
			</report>
			<report>
				<misses>2512001</misses>
				<total>192</total>
				<timestamp>451.708922</timestamp>
			</report>
			<report>
				<misses>2513001</misses>
				<total>191</total>
				<timestamp>451.888745</timestamp>
			</report>
			<report>
				<misses>2514001</misses>
				<total>192</total>
				<timestamp>452.068589</timestamp>
			</report>
			<report>
				<misses>2515001</misses>
				<total>192</total>
				<timestamp>452.248414</timestamp>
			</report>
			<report>
				<misses>2516001</misses>
				<total>192</total>
				<timestamp>452.428192</timestamp>
			</report>
			<report>
				<misses>2517001</misses>
				<total>192</total>
				<timestamp>452.608041</timestamp>
			</report>
			<report>
				<misses>2518001</misses>
				<total>192</total>
				<timestamp>452.787829</timestamp>
			</report>
			<report>
				<misses>2519001</misses>
				<total>192</total>
				<timestamp>452.967658</timestamp>
			</report>
			<report>
				<misses>2520001</misses>
				<total>192</total>
				<timestamp>453.147513</timestamp>
			</report>
			<report>
				<misses>2521001</misses>
				<total>192</total>
				<timestamp>453.327325</timestamp>
			</report>
			<report>
				<misses>2522001</misses>
				<total>192</total>
				<timestamp>453.507118</timestamp>
			</report>
			<report>
				<misses>2523001</misses>
				<total>192</total>
				<timestamp>453.686953</timestamp>
			</report>
			<report>
				<misses>2524001</misses>
				<total>192</total>
				<timestamp>453.866741</timestamp>
			</report>
			<report>
				<misses>2525001</misses>
				<total>192</total>
				<timestamp>454.046578</timestamp>
			</report>
			<report>
				<misses>2526001</misses>
				<total>192</total>
				<timestamp>454.226398</timestamp>
			</report>
			<report>
				<misses>2527001</misses>
				<total>192</total>
				<timestamp>454.406216</timestamp>
			</report>
			<report>
				<misses>2528001</misses>
				<total>192</total>
				<timestamp>454.586032</timestamp>
			</report>
			<report>
				<misses>2529001</misses>
				<total>192</total>
				<timestamp>454.765842</timestamp>
			</report>
			<report>
				<misses>2530001</misses>
				<total>192</total>
				<timestamp>454.945681</timestamp>
			</report>
			<report>
				<misses>2531001</misses>
				<total>192</total>
				<timestamp>455.125541</timestamp>
			</report>
			<report>
				<misses>2532001</misses>
				<total>192</total>
				<timestamp>455.305359</timestamp>
			</report>
			<report>
				<misses>2533001</misses>
				<total>192</total>
				<timestamp>455.485147</timestamp>
			</report>
			<report>
				<misses>2534001</misses>
				<total>192</total>
				<timestamp>455.664955</timestamp>
			</report>
			<report>
				<misses>2535001</misses>
				<total>192</total>
				<timestamp>455.844767</timestamp>
			</report>
			<report>
				<misses>2536001</misses>
				<total>192</total>
				<timestamp>456.024583</timestamp>
			</report>
			<report>
				<misses>2537001</misses>
				<total>192</total>
				<timestamp>456.204417</timestamp>
			</report>
			<report>
				<misses>2538001</misses>
				<total>192</total>
				<timestamp>456.384241</timestamp>
			</report>
			<report>
				<misses>2539001</misses>
				<total>192</total>
				<timestamp>456.564067</timestamp>
			</report>
			<report>
				<misses>2540001</misses>
				<total>192</total>
				<timestamp>456.743873</timestamp>
			</report>
			<report>
				<misses>2541001</misses>
				<total>192</total>
				<timestamp>456.923681</timestamp>
			</report>
			<report>
				<misses>2542001</misses>
				<total>192</total>
				<timestamp>457.103564</timestamp>
			</report>
			<report>
				<misses>2543001</misses>
				<total>192</total>
				<timestamp>457.283382</timestamp>
			</report>
			<report>
				<misses>2544001</misses>
				<total>192</total>
				<timestamp>457.463166</timestamp>
			</report>
			<report>
				<misses>2545001</misses>
				<total>192</total>
				<timestamp>457.642998</timestamp>
			</report>
			<report>
				<misses>2546001</misses>
				<total>192</total>
				<timestamp>457.822809</timestamp>
			</report>
			<report>
				<misses>2547001</misses>
				<total>192</total>
				<timestamp>458.002621</timestamp>
			</report>
			<report>
				<misses>2548001</misses>
				<total>192</total>
				<timestamp>458.182470</timestamp>
			</report>
			<report>
				<misses>2549001</misses>
				<total>192</total>
				<timestamp>458.362310</timestamp>
			</report>
			<report>
				<misses>2550001</misses>
				<total>192</total>
				<timestamp>458.542092</timestamp>
			</report>
			<report>
				<misses>2551001</misses>
				<total>192</total>
				<timestamp>458.721895</timestamp>
			</report>
			<report>
				<misses>2552001</misses>
				<total>192</total>
				<timestamp>458.901716</timestamp>
			</report>
			<report>
				<misses>2553001</misses>
				<total>192</total>
				<timestamp>459.081532</timestamp>
			</report>
			<report>
				<misses>2554001</misses>
				<total>192</total>
				<timestamp>459.261421</timestamp>
			</report>
			<report>
				<misses>2555001</misses>
				<total>192</total>
				<timestamp>459.441206</timestamp>
			</report>
			<report>
				<misses>2556001</misses>
				<total>192</total>
				<timestamp>459.621011</timestamp>
			</report>
			<report>
				<misses>2557001</misses>
				<total>192</total>
				<timestamp>459.800823</timestamp>
			</report>
			<report>
				<misses>2558001</misses>
				<total>192</total>
				<timestamp>459.980633</timestamp>
			</report>
			<report>
				<misses>2559001</misses>
				<total>192</total>
				<timestamp>460.160475</timestamp>
			</report>
			<report>
				<misses>2560001</misses>
				<total>192</total>
				<timestamp>460.340326</timestamp>
			</report>
			<report>
				<misses>2561001</misses>
				<total>192</total>
				<timestamp>460.520098</timestamp>
			</report>
			<report>
				<misses>2562001</misses>
				<total>192</total>
				<timestamp>460.699926</timestamp>
			</report>
			<report>
				<misses>2563001</misses>
				<total>192</total>
				<timestamp>460.879749</timestamp>
			</report>
			<report>
				<misses>2564001</misses>
				<total>192</total>
				<timestamp>461.059565</timestamp>
			</report>
			<report>
				<misses>2565001</misses>
				<total>192</total>
				<timestamp>461.239390</timestamp>
			</report>
			<report>
				<misses>2566001</misses>
				<total>192</total>
				<timestamp>461.419188</timestamp>
			</report>
			<report>
				<misses>2567001</misses>
				<total>192</total>
				<timestamp>461.599041</timestamp>
			</report>
			<report>
				<misses>2568001</misses>
				<total>192</total>
				<timestamp>461.778891</timestamp>
			</report>
			<report>
				<misses>2569001</misses>
				<total>192</total>
				<timestamp>461.958670</timestamp>
			</report>
			<report>
				<misses>2570001</misses>
				<total>192</total>
				<timestamp>462.138501</timestamp>
			</report>
			<report>
				<misses>2571001</misses>
				<total>192</total>
				<timestamp>462.318343</timestamp>
			</report>
			<report>
				<misses>2572001</misses>
				<total>194</total>
				<timestamp>462.498122</timestamp>
			</report>
			<report>
				<misses>2573001</misses>
				<total>194</total>
				<timestamp>462.677982</timestamp>
			</report>
			<report>
				<misses>2574001</misses>
				<total>194</total>
				<timestamp>462.857780</timestamp>
			</report>
			<report>
				<misses>2575001</misses>
				<total>194</total>
				<timestamp>463.037597</timestamp>
			</report>
			<report>
				<misses>2576001</misses>
				<total>194</total>
				<timestamp>463.217446</timestamp>
			</report>
			<report>
				<misses>2577001</misses>
				<total>193</total>
				<timestamp>463.397256</timestamp>
			</report>
			<report>
				<misses>2578001</misses>
				<total>194</total>
				<timestamp>463.577050</timestamp>
			</report>
			<report>
				<misses>2579001</misses>
				<total>194</total>
				<timestamp>463.756888</timestamp>
			</report>
			<report>
				<misses>2580001</misses>
				<total>194</total>
				<timestamp>463.936679</timestamp>
			</report>
			<report>
				<misses>2581001</misses>
				<total>194</total>
				<timestamp>464.116499</timestamp>
			</report>
			<report>
				<misses>2582001</misses>
				<total>194</total>
				<timestamp>464.296364</timestamp>
			</report>
			<report>
				<misses>2583001</misses>
				<total>194</total>
				<timestamp>464.476152</timestamp>
			</report>
			<report>
				<misses>2584001</misses>
				<total>194</total>
				<timestamp>464.655969</timestamp>
			</report>
			<report>
				<misses>2585001</misses>
				<total>194</total>
				<timestamp>464.835790</timestamp>
			</report>
			<report>
				<misses>2586001</misses>
				<total>194</total>
				<timestamp>465.015611</timestamp>
			</report>
			<report>
				<misses>2587001</misses>
				<total>194</total>
				<timestamp>465.195420</timestamp>
			</report>
			<report>
				<misses>2588001</misses>
				<total>194</total>
				<timestamp>465.375301</timestamp>
			</report>
			<report>
				<misses>2589001</misses>
				<total>194</total>
				<timestamp>465.555066</timestamp>
			</report>
			<report>
				<misses>2590001</misses>
				<total>193</total>
				<timestamp>465.734945</timestamp>
			</report>
			<report>
				<misses>2591001</misses>
				<total>194</total>
				<timestamp>465.914821</timestamp>
			</report>
			<report>
				<misses>2592001</misses>
				<total>194</total>
				<timestamp>466.094544</timestamp>
			</report>
			<report>
				<misses>2593001</misses>
				<total>194</total>
				<timestamp>466.274419</timestamp>
			</report>
			<report>
				<misses>2594001</misses>
				<total>194</total>
				<timestamp>466.454289</timestamp>
			</report>
			<report>
				<misses>2595001</misses>
				<total>194</total>
				<timestamp>466.633997</timestamp>
			</report>
			<report>
				<misses>2596001</misses>
				<total>194</total>
				<timestamp>466.813799</timestamp>
			</report>
			<report>
				<misses>2597001</misses>
				<total>194</total>
				<timestamp>466.993741</timestamp>
			</report>
			<report>
				<misses>2598001</misses>
				<total>194</total>
				<timestamp>467.173449</timestamp>
			</report>
			<report>
				<misses>2599001</misses>
				<total>194</total>
				<timestamp>467.353324</timestamp>
			</report>
			<report>
				<misses>2600001</misses>
				<total>194</total>
				<timestamp>467.533093</timestamp>
			</report>
			<report>
				<misses>2601001</misses>
				<total>194</total>
				<timestamp>467.712916</timestamp>
			</report>
			<report>
				<misses>2602001</misses>
				<total>194</total>
				<timestamp>467.892717</timestamp>
			</report>
			<report>
				<misses>2603001</misses>
				<total>194</total>
				<timestamp>468.072543</timestamp>
			</report>
			<report>
				<misses>2604001</misses>
				<total>194</total>
				<timestamp>468.252427</timestamp>
			</report>
			<report>
				<misses>2605001</misses>
				<total>194</total>
				<timestamp>468.432274</timestamp>
			</report>
			<report>
				<misses>2606001</misses>
				<total>194</total>
				<timestamp>468.612065</timestamp>
			</report>
			<report>
				<misses>2607001</misses>
				<total>193</total>
				<timestamp>468.791843</timestamp>
			</report>
			<report>
				<misses>2608001</misses>
				<total>193</total>
				<timestamp>468.971651</timestamp>
			</report>
			<report>
				<misses>2609001</misses>
				<total>194</total>
				<timestamp>469.151458</timestamp>
			</report>
			<report>
				<misses>2610001</misses>
				<total>194</total>
				<timestamp>469.331294</timestamp>
			</report>
			<report>
				<misses>2611001</misses>
				<total>194</total>
				<timestamp>469.511080</timestamp>
			</report>
			<report>
				<misses>2612001</misses>
				<total>194</total>
				<timestamp>469.690902</timestamp>
			</report>
			<report>
				<misses>2613001</misses>
				<total>194</total>
				<timestamp>469.870751</timestamp>
			</report>
			<report>
				<misses>2614001</misses>
				<total>194</total>
				<timestamp>470.050568</timestamp>
			</report>
			<report>
				<misses>2615001</misses>
				<total>194</total>
				<timestamp>470.230366</timestamp>
			</report>
			<report>
				<misses>2616001</misses>
				<total>194</total>
				<timestamp>470.410222</timestamp>
			</report>
			<report>
				<misses>2617001</misses>
				<total>194</total>
				<timestamp>470.590018</timestamp>
			</report>
			<report>
				<misses>2618001</misses>
				<total>194</total>
				<timestamp>470.769828</timestamp>
			</report>
			<report>
				<misses>2619001</misses>
				<total>194</total>
				<timestamp>470.949643</timestamp>
			</report>
			<report>
				<misses>2620001</misses>
				<total>194</total>
				<timestamp>471.129482</timestamp>
			</report>
			<report>
				<misses>2621001</misses>
				<total>194</total>
				<timestamp>471.309325</timestamp>
			</report>
			<report>
				<misses>2622001</misses>
				<total>194</total>
				<timestamp>471.489156</timestamp>
			</report>
			<report>
				<misses>2623001</misses>
				<total>194</total>
				<timestamp>471.668929</timestamp>
			</report>
			<report>
				<misses>2624001</misses>
				<total>194</total>
				<timestamp>471.848773</timestamp>
			</report>
			<report>
				<misses>2625001</misses>
				<total>198</total>
				<timestamp>472.028567</timestamp>
			</report>
			<report>
				<misses>2626001</misses>
				<total>198</total>
				<timestamp>472.208383</timestamp>
			</report>
			<report>
				<misses>2627001</misses>
				<total>198</total>
				<timestamp>472.388267</timestamp>
			</report>
			<report>
				<misses>2628001</misses>
				<total>198</total>
				<timestamp>472.568046</timestamp>
			</report>
			<report>
				<misses>2629001</misses>
				<total>198</total>
				<timestamp>472.747855</timestamp>
			</report>
			<report>
				<misses>2630001</misses>
				<total>198</total>
				<timestamp>472.927678</timestamp>
			</report>
			<report>
				<misses>2631001</misses>
				<total>198</total>
				<timestamp>473.107493</timestamp>
			</report>
			<report>
				<misses>2632001</misses>
				<total>198</total>
				<timestamp>473.287327</timestamp>
			</report>
			<report>
				<misses>2633001</misses>
				<total>198</total>
				<timestamp>473.467161</timestamp>
			</report>
			<report>
				<misses>2634001</misses>
				<total>198</total>
				<timestamp>473.646958</timestamp>
			</report>
			<report>
				<misses>2635001</misses>
				<total>198</total>
				<timestamp>473.826765</timestamp>
			</report>
			<report>
				<misses>2636001</misses>
				<total>197</total>
				<timestamp>474.006603</timestamp>
			</report>
			<report>
				<misses>2637001</misses>
				<total>198</total>
				<timestamp>474.186488</timestamp>
			</report>
			<report>
				<misses>2638001</misses>
				<total>198</total>
				<timestamp>474.366274</timestamp>
			</report>
			<report>
				<misses>2639001</misses>
				<total>198</total>
				<timestamp>474.546128</timestamp>
			</report>
			<report>
				<misses>2640001</misses>
				<total>198</total>
				<timestamp>474.725947</timestamp>
			</report>
			<report>
				<misses>2641001</misses>
				<total>198</total>
				<timestamp>474.905727</timestamp>
			</report>
			<report>
				<misses>2642001</misses>
				<total>198</total>
				<timestamp>475.085531</timestamp>
			</report>
			<report>
				<misses>2643001</misses>
				<total>198</total>
				<timestamp>475.265413</timestamp>
			</report>
			<report>
				<misses>2644001</misses>
				<total>198</total>
				<timestamp>475.445303</timestamp>
			</report>
			<report>
				<misses>2645001</misses>
				<total>198</total>
				<timestamp>475.625052</timestamp>
			</report>
			<report>
				<misses>2646001</misses>
				<total>197</total>
				<timestamp>475.804929</timestamp>
			</report>
			<report>
				<misses>2647001</misses>
				<total>198</total>
				<timestamp>475.984621</timestamp>
			</report>
			<report>
				<misses>2648001</misses>
				<total>198</total>
				<timestamp>476.164461</timestamp>
			</report>
			<report>
				<misses>2649001</misses>
				<total>198</total>
				<timestamp>476.344330</timestamp>
			</report>
			<report>
				<misses>2650001</misses>
				<total>198</total>
				<timestamp>476.524097</timestamp>
			</report>
			<report>
				<misses>2651001</misses>
				<total>198</total>
				<timestamp>476.703914</timestamp>
			</report>
			<report>
				<misses>2652001</misses>
				<total>198</total>
				<timestamp>476.883786</timestamp>
			</report>
			<report>
				<misses>2653001</misses>
				<total>198</total>
				<timestamp>477.063558</timestamp>
			</report>
			<report>
				<misses>2654001</misses>
				<total>198</total>
				<timestamp>477.243398</timestamp>
			</report>
			<report>
				<misses>2655001</misses>
				<total>198</total>
				<timestamp>477.423270</timestamp>
			</report>
			<report>
				<misses>2656001</misses>
				<total>198</total>
				<timestamp>477.603136</timestamp>
			</report>
			<report>
				<misses>2657001</misses>
				<total>198</total>
				<timestamp>477.782899</timestamp>
			</report>
			<report>
				<misses>2658001</misses>
				<total>198</total>
				<timestamp>477.962643</timestamp>
			</report>
			<report>
				<misses>2659001</misses>
				<total>198</total>
				<timestamp>478.142471</timestamp>
			</report>
			<report>
				<misses>2660001</misses>
				<total>198</total>
				<timestamp>478.322347</timestamp>
			</report>
			<report>
				<misses>2661001</misses>
				<total>198</total>
				<timestamp>478.502099</timestamp>
			</report>
			<report>
				<misses>2662001</misses>
				<total>198</total>
				<timestamp>478.681951</timestamp>
			</report>
			<report>
				<misses>2663001</misses>
				<total>198</total>
				<timestamp>478.861811</timestamp>
			</report>
			<report>
				<misses>2664001</misses>
				<total>198</total>
				<timestamp>479.041564</timestamp>
			</report>
			<report>
				<misses>2665001</misses>
				<total>197</total>
				<timestamp>479.221393</timestamp>
			</report>
			<report>
				<misses>2666001</misses>
				<total>198</total>
				<timestamp>479.401221</timestamp>
			</report>
			<report>
				<misses>2667001</misses>
				<total>198</total>
				<timestamp>479.581024</timestamp>
			</report>
			<report>
				<misses>2668001</misses>
				<total>198</total>
				<timestamp>479.760915</timestamp>
			</report>
			<report>
				<misses>2669001</misses>
				<total>198</total>
				<timestamp>479.940791</timestamp>
			</report>
			<report>
				<misses>2670001</misses>
				<total>198</total>
				<timestamp>480.120483</timestamp>
			</report>
			<report>
				<misses>2671001</misses>
				<total>198</total>
				<timestamp>480.300316</timestamp>
			</report>
			<report>
				<misses>2672001</misses>
				<total>198</total>
				<timestamp>480.480119</timestamp>
			</report>
			<report>
				<misses>2673001</misses>
				<total>198</total>
				<timestamp>480.659953</timestamp>
			</report>
			<report>
				<misses>2674001</misses>
				<total>198</total>
				<timestamp>480.839840</timestamp>
			</report>
			<report>
				<misses>2675001</misses>
				<total>198</total>
				<timestamp>481.019651</timestamp>
			</report>
			<report>
				<misses>2676001</misses>
				<total>198</total>
				<timestamp>481.199520</timestamp>
			</report>
			<report>
				<misses>2677001</misses>
				<total>198</total>
				<timestamp>481.379342</timestamp>
			</report>
			<report>
				<misses>2678001</misses>
				<total>198</total>
				<timestamp>481.559055</timestamp>
			</report>
			<report>
				<misses>2679001</misses>
				<total>198</total>
				<timestamp>481.738934</timestamp>
			</report>
			<report>
				<misses>2680001</misses>
				<total>198</total>
				<timestamp>481.918694</timestamp>
			</report>
			<report>
				<misses>2681001</misses>
				<total>198</total>
				<timestamp>482.098516</timestamp>
			</report>
			<report>
				<misses>2682001</misses>
				<total>198</total>
				<timestamp>482.278319</timestamp>
			</report>
			<report>
				<misses>2683001</misses>
				<total>198</total>
				<timestamp>482.458268</timestamp>
			</report>
			<report>
				<misses>2684001</misses>
				<total>198</total>
				<timestamp>482.637989</timestamp>
			</report>
			<report>
				<misses>2685001</misses>
				<total>198</total>
				<timestamp>482.817854</timestamp>
			</report>
			<report>
				<misses>2686001</misses>
				<total>198</total>
				<timestamp>482.997599</timestamp>
			</report>
			<report>
				<misses>2687001</misses>
				<total>198</total>
				<timestamp>483.177500</timestamp>
			</report>
			<report>
				<misses>2688001</misses>
				<total>198</total>
				<timestamp>483.357244</timestamp>
			</report>
			<report>
				<misses>2689001</misses>
				<total>198</total>
				<timestamp>483.537082</timestamp>
			</report>
			<report>
				<misses>2690001</misses>
				<total>198</total>
				<timestamp>483.716955</timestamp>
			</report>
			<report>
				<misses>2691001</misses>
				<total>198</total>
				<timestamp>483.896772</timestamp>
			</report>
			<report>
				<misses>2692001</misses>
				<total>198</total>
				<timestamp>484.076530</timestamp>
			</report>
			<report>
				<misses>2693001</misses>
				<total>198</total>
				<timestamp>484.256361</timestamp>
			</report>
			<report>
				<misses>2694001</misses>
				<total>198</total>
				<timestamp>484.436284</timestamp>
			</report>
			<report>
				<misses>2695001</misses>
				<total>198</total>
				<timestamp>484.616002</timestamp>
			</report>
			<report>
				<misses>2696001</misses>
				<total>198</total>
				<timestamp>484.795809</timestamp>
			</report>
			<report>
				<misses>2697001</misses>
				<total>198</total>
				<timestamp>484.975698</timestamp>
			</report>
			<report>
				<misses>2698001</misses>
				<total>198</total>
				<timestamp>485.155453</timestamp>
			</report>
			<report>
				<misses>2699001</misses>
				<total>198</total>
				<timestamp>485.335278</timestamp>
			</report>
			<report>
				<misses>2700001</misses>
				<total>198</total>
				<timestamp>485.515085</timestamp>
			</report>
			<report>
				<misses>2701001</misses>
				<total>198</total>
				<timestamp>485.694914</timestamp>
			</report>
			<report>
				<misses>2702001</misses>
				<total>198</total>
				<timestamp>485.874790</timestamp>
			</report>
			<report>
				<misses>2703001</misses>
				<total>198</total>
				<timestamp>486.054538</timestamp>
			</report>
			<report>
				<misses>2704001</misses>
				<total>198</total>
				<timestamp>486.234378</timestamp>
			</report>
			<report>
				<misses>2705001</misses>
				<total>198</total>
				<timestamp>486.414302</timestamp>
			</report>
			<report>
				<misses>2706001</misses>
				<total>198</total>
				<timestamp>486.594014</timestamp>
			</report>
			<report>
				<misses>2707001</misses>
				<total>198</total>
				<timestamp>486.773912</timestamp>
			</report>
			<report>
				<misses>2708001</misses>
				<total>198</total>
				<timestamp>486.953773</timestamp>
			</report>
			<report>
				<misses>2709001</misses>
				<total>198</total>
				<timestamp>487.133592</timestamp>
			</report>
			<report>
				<misses>2710001</misses>
				<total>198</total>
				<timestamp>487.313413</timestamp>
			</report>
			<report>
				<misses>2711001</misses>
				<total>198</total>
				<timestamp>487.493119</timestamp>
			</report>
			<report>
				<misses>2712001</misses>
				<total>198</total>
				<timestamp>487.672936</timestamp>
			</report>
			<report>
				<misses>2713001</misses>
				<total>198</total>
				<timestamp>487.852755</timestamp>
			</report>
			<report>
				<misses>2714001</misses>
				<total>198</total>
				<timestamp>488.032554</timestamp>
			</report>
			<report>
				<misses>2715001</misses>
				<total>198</total>
				<timestamp>488.212449</timestamp>
			</report>
			<report>
				<misses>2716001</misses>
				<total>198</total>
				<timestamp>488.392237</timestamp>
			</report>
			<report>
				<misses>2717001</misses>
				<total>198</total>
				<timestamp>488.572169</timestamp>
			</report>
			<report>
				<misses>2718001</misses>
				<total>198</total>
				<timestamp>488.751915</timestamp>
			</report>
			<report>
				<misses>2719001</misses>
				<total>198</total>
				<timestamp>488.931676</timestamp>
			</report>
			<report>
				<misses>2720001</misses>
				<total>198</total>
				<timestamp>489.111576</timestamp>
			</report>
			<report>
				<misses>2721001</misses>
				<total>198</total>
				<timestamp>489.291377</timestamp>
			</report>
			<report>
				<misses>2722001</misses>
				<total>198</total>
				<timestamp>489.471156</timestamp>
			</report>
			<report>
				<misses>2723001</misses>
				<total>198</total>
				<timestamp>489.650961</timestamp>
			</report>
			<report>
				<misses>2724001</misses>
				<total>198</total>
				<timestamp>489.830841</timestamp>
			</report>
			<report>
				<misses>2725001</misses>
				<total>200</total>
				<timestamp>490.010649</timestamp>
			</report>
			<report>
				<misses>2726001</misses>
				<total>200</total>
				<timestamp>490.190520</timestamp>
			</report>
			<report>
				<misses>2727001</misses>
				<total>200</total>
				<timestamp>490.370300</timestamp>
			</report>
			<report>
				<misses>2728001</misses>
				<total>200</total>
				<timestamp>490.550080</timestamp>
			</report>
			<report>
				<misses>2729001</misses>
				<total>200</total>
				<timestamp>490.729928</timestamp>
			</report>
			<report>
				<misses>2730001</misses>
				<total>200</total>
				<timestamp>490.909776</timestamp>
			</report>
			<report>
				<misses>2731001</misses>
				<total>200</total>
				<timestamp>491.089649</timestamp>
			</report>
			<report>
				<misses>2732001</misses>
				<total>200</total>
				<timestamp>491.269387</timestamp>
			</report>
			<report>
				<misses>2733001</misses>
				<total>200</total>
				<timestamp>491.449271</timestamp>
			</report>
			<report>
				<misses>2734001</misses>
				<total>200</total>
				<timestamp>491.629032</timestamp>
			</report>
			<report>
				<misses>2735001</misses>
				<total>200</total>
				<timestamp>491.808902</timestamp>
			</report>
			<report>
				<misses>2736001</misses>
				<total>200</total>
				<timestamp>491.988675</timestamp>
			</report>
			<report>
				<misses>2737001</misses>
				<total>199</total>
				<timestamp>492.168489</timestamp>
			</report>
			<report>
				<misses>2738001</misses>
				<total>200</total>
				<timestamp>492.348366</timestamp>
			</report>
			<report>
				<misses>2739001</misses>
				<total>200</total>
				<timestamp>492.528086</timestamp>
			</report>
			<report>
				<misses>2740001</misses>
				<total>200</total>
				<timestamp>492.707948</timestamp>
			</report>
			<report>
				<misses>2741001</misses>
				<total>200</total>
				<timestamp>492.887701</timestamp>
			</report>
			<report>
				<misses>2742001</misses>
				<total>200</total>
				<timestamp>493.067649</timestamp>
			</report>
			<report>
				<misses>2743001</misses>
				<total>200</total>
				<timestamp>493.247394</timestamp>
			</report>
			<report>
				<misses>2744001</misses>
				<total>200</total>
				<timestamp>493.427292</timestamp>
			</report>
			<report>
				<misses>2745001</misses>
				<total>200</total>
				<timestamp>493.607125</timestamp>
			</report>
			<report>
				<misses>2746001</misses>
				<total>202</total>
				<timestamp>493.786876</timestamp>
			</report>
			<report>
				<misses>2747001</misses>
				<total>202</total>
				<timestamp>493.966642</timestamp>
			</report>
			<report>
				<misses>2748001</misses>
				<total>202</total>
				<timestamp>494.146507</timestamp>
			</report>
			<report>
				<misses>2749001</misses>
				<total>202</total>
				<timestamp>494.326331</timestamp>
			</report>
			<report>
				<misses>2750001</misses>
				<total>202</total>
				<timestamp>494.506114</timestamp>
			</report>
			<report>
				<misses>2751001</misses>
				<total>202</total>
				<timestamp>494.685981</timestamp>
			</report>
			<report>
				<misses>2752001</misses>
				<total>202</total>
				<timestamp>494.865790</timestamp>
			</report>
			<report>
				<misses>2753001</misses>
				<total>202</total>
				<timestamp>495.045618</timestamp>
			</report>
			<report>
				<misses>2754001</misses>
				<total>202</total>
				<timestamp>495.225396</timestamp>
			</report>
			<report>
				<misses>2755001</misses>
				<total>202</total>
				<timestamp>495.405275</timestamp>
			</report>
			<report>
				<misses>2756001</misses>
				<total>202</total>
				<timestamp>495.585018</timestamp>
			</report>
			<report>
				<misses>2757001</misses>
				<total>202</total>
				<timestamp>495.764958</timestamp>
			</report>
			<report>
				<misses>2758001</misses>
				<total>202</total>
				<timestamp>495.944642</timestamp>
			</report>
			<report>
				<misses>2759001</misses>
				<total>202</total>
				<timestamp>496.124475</timestamp>
			</report>
			<report>
				<misses>2760001</misses>
				<total>202</total>
				<timestamp>496.304356</timestamp>
			</report>
			<report>
				<misses>2761001</misses>
				<total>202</total>
				<timestamp>496.484104</timestamp>
			</report>
			<report>
				<misses>2762001</misses>
				<total>202</total>
				<timestamp>496.663939</timestamp>
			</report>
			<report>
				<misses>2763001</misses>
				<total>202</total>
				<timestamp>496.843810</timestamp>
			</report>
			<report>
				<misses>2764001</misses>
				<total>202</total>
				<timestamp>497.023565</timestamp>
			</report>
			<report>
				<misses>2765001</misses>
				<total>202</total>
				<timestamp>497.203451</timestamp>
			</report>
			<report>
				<misses>2766001</misses>
				<total>202</total>
				<timestamp>497.383277</timestamp>
			</report>
			<report>
				<misses>2767001</misses>
				<total>202</total>
				<timestamp>497.563096</timestamp>
			</report>
			<report>
				<misses>2768001</misses>
				<total>202</total>
				<timestamp>497.742908</timestamp>
			</report>
			<report>
				<misses>2769001</misses>
				<total>202</total>
				<timestamp>497.922661</timestamp>
			</report>
			<report>
				<misses>2770001</misses>
				<total>202</total>
				<timestamp>498.102501</timestamp>
			</report>
			<report>
				<misses>2771001</misses>
				<total>202</total>
				<timestamp>498.282375</timestamp>
			</report>
			<report>
				<misses>2772001</misses>
				<total>202</total>
				<timestamp>498.462192</timestamp>
			</report>
			<report>
				<misses>2773001</misses>
				<total>202</total>
				<timestamp>498.642008</timestamp>
			</report>
			<report>
				<misses>2774001</misses>
				<total>202</total>
				<timestamp>498.821896</timestamp>
			</report>
			<report>
				<misses>2775001</misses>
				<total>202</total>
				<timestamp>499.001598</timestamp>
			</report>
			<report>
				<misses>2776001</misses>
				<total>202</total>
				<timestamp>499.181451</timestamp>
			</report>
			<report>
				<misses>2777001</misses>
				<total>201</total>
				<timestamp>499.361353</timestamp>
			</report>
			<report>
				<misses>2778001</misses>
				<total>202</total>
				<timestamp>499.541069</timestamp>
			</report>
			<report>
				<misses>2779001</misses>
				<total>202</total>
				<timestamp>499.720958</timestamp>
			</report>
			<report>
				<misses>2780001</misses>
				<total>204</total>
				<timestamp>499.900763</timestamp>
			</report>
			<report>
				<misses>2781001</misses>
				<total>204</total>
				<timestamp>500.080600</timestamp>
			</report>
			<report>
				<misses>2782001</misses>
				<total>204</total>
				<timestamp>500.260396</timestamp>
			</report>
			<report>
				<misses>2783001</misses>
				<total>204</total>
				<timestamp>500.440288</timestamp>
			</report>
			<report>
				<misses>2784001</misses>
				<total>204</total>
				<timestamp>500.620040</timestamp>
			</report>
			<report>
				<misses>2785001</misses>
				<total>204</total>
				<timestamp>500.799855</timestamp>
			</report>
			<report>
				<misses>2786001</misses>
				<total>204</total>
				<timestamp>500.979615</timestamp>
			</report>
			<report>
				<misses>2787001</misses>
				<total>204</total>
				<timestamp>501.159442</timestamp>
			</report>
			<report>
				<misses>2788001</misses>
				<total>204</total>
				<timestamp>501.339262</timestamp>
			</report>
			<report>
				<misses>2789001</misses>
				<total>204</total>
				<timestamp>501.519081</timestamp>
			</report>
			<report>
				<misses>2790001</misses>
				<total>204</total>
				<timestamp>501.698953</timestamp>
			</report>
			<report>
				<misses>2791001</misses>
				<total>204</total>
				<timestamp>501.878788</timestamp>
			</report>
			<report>
				<misses>2792001</misses>
				<total>204</total>
				<timestamp>502.058592</timestamp>
			</report>
			<report>
				<misses>2793001</misses>
				<total>204</total>
				<timestamp>502.238417</timestamp>
			</report>
			<report>
				<misses>2794001</misses>
				<total>204</total>
				<timestamp>502.418289</timestamp>
			</report>
			<report>
				<misses>2795001</misses>
				<total>204</total>
				<timestamp>502.597996</timestamp>
			</report>
			<report>
				<misses>2796001</misses>
				<total>204</total>
				<timestamp>502.777927</timestamp>
			</report>
			<report>
				<misses>2797001</misses>
				<total>204</total>
				<timestamp>502.957648</timestamp>
			</report>
			<report>
				<misses>2798001</misses>
				<total>204</total>
				<timestamp>503.137508</timestamp>
			</report>
			<report>
				<misses>2799001</misses>
				<total>204</total>
				<timestamp>503.317276</timestamp>
			</report>
			<report>
				<misses>2800001</misses>
				<total>204</total>
				<timestamp>503.497079</timestamp>
			</report>
			<report>
				<misses>2801001</misses>
				<total>204</total>
				<timestamp>503.676971</timestamp>
			</report>
			<report>
				<misses>2802001</misses>
				<total>204</total>
				<timestamp>503.856719</timestamp>
			</report>
			<report>
				<misses>2803001</misses>
				<total>204</total>
				<timestamp>504.036669</timestamp>
			</report>
			<report>
				<misses>2804001</misses>
				<total>204</total>
				<timestamp>504.216436</timestamp>
			</report>
			<report>
				<misses>2805001</misses>
				<total>204</total>
				<timestamp>504.396335</timestamp>
			</report>
			<report>
				<misses>2806001</misses>
				<total>204</total>
				<timestamp>504.576051</timestamp>
			</report>
			<report>
				<misses>2807001</misses>
				<total>204</total>
				<timestamp>504.755885</timestamp>
			</report>
			<report>
				<misses>2808001</misses>
				<total>204</total>
				<timestamp>504.935643</timestamp>
			</report>
			<report>
				<misses>2809001</misses>
				<total>204</total>
				<timestamp>505.115436</timestamp>
			</report>
			<report>
				<misses>2810001</misses>
				<total>204</total>
				<timestamp>505.295311</timestamp>
			</report>
			<report>
				<misses>2811001</misses>
				<total>204</total>
				<timestamp>505.475137</timestamp>
			</report>
			<report>
				<misses>2812001</misses>
				<total>204</total>
				<timestamp>505.654917</timestamp>
			</report>
			<report>
				<misses>2813001</misses>
				<total>204</total>
				<timestamp>505.834772</timestamp>
			</report>
			<report>
				<misses>2814001</misses>
				<total>204</total>
				<timestamp>506.014547</timestamp>
			</report>
			<report>
				<misses>2815001</misses>
				<total>204</total>
				<timestamp>506.194381</timestamp>
			</report>
			<report>
				<misses>2816001</misses>
				<total>204</total>
				<timestamp>506.374195</timestamp>
			</report>
			<report>
				<misses>2817001</misses>
				<total>203</total>
				<timestamp>506.554034</timestamp>
			</report>
			<report>
				<misses>2818001</misses>
				<total>205</total>
				<timestamp>506.733847</timestamp>
			</report>
			<report>
				<misses>2819001</misses>
				<total>205</total>
				<timestamp>506.913648</timestamp>
			</report>
			<report>
				<misses>2820001</misses>
				<total>205</total>
				<timestamp>507.093474</timestamp>
			</report>
			<report>
				<misses>2821001</misses>
				<total>205</total>
				<timestamp>507.273306</timestamp>
			</report>
			<report>
				<misses>2822001</misses>
				<total>204</total>
				<timestamp>507.453147</timestamp>
			</report>
			<report>
				<misses>2823001</misses>
				<total>205</total>
				<timestamp>507.632959</timestamp>
			</report>
			<report>
				<misses>2824001</misses>
				<total>205</total>
				<timestamp>507.812760</timestamp>
			</report>
			<report>
				<misses>2825001</misses>
				<total>205</total>
				<timestamp>507.992577</timestamp>
			</report>
			<report>
				<misses>2826001</misses>
				<total>205</total>
				<timestamp>508.172388</timestamp>
			</report>
			<report>
				<misses>2827001</misses>
				<total>205</total>
				<timestamp>508.352223</timestamp>
			</report>
			<report>
				<misses>2828001</misses>
				<total>205</total>
				<timestamp>508.532051</timestamp>
			</report>
			<report>
				<misses>2829001</misses>
				<total>205</total>
				<timestamp>508.711872</timestamp>
			</report>
			<report>
				<misses>2830001</misses>
				<total>205</total>
				<timestamp>508.891679</timestamp>
			</report>
			<report>
				<misses>2831001</misses>
				<total>205</total>
				<timestamp>509.071503</timestamp>
			</report>
			<report>
				<misses>2832001</misses>
				<total>205</total>
				<timestamp>509.251329</timestamp>
			</report>
			<report>
				<misses>2833001</misses>
				<total>205</total>
				<timestamp>509.431160</timestamp>
			</report>
			<report>
				<misses>2834001</misses>
				<total>205</total>
				<timestamp>509.611008</timestamp>
			</report>
			<report>
				<misses>2835001</misses>
				<total>205</total>
				<timestamp>509.790780</timestamp>
			</report>
			<report>
				<misses>2836001</misses>
				<total>205</total>
				<timestamp>509.970619</timestamp>
			</report>
			<report>
				<misses>2837001</misses>
				<total>205</total>
				<timestamp>510.150400</timestamp>
			</report>
			<report>
				<misses>2838001</misses>
				<total>205</total>
				<timestamp>510.330238</timestamp>
			</report>
			<report>
				<misses>2839001</misses>
				<total>205</total>
				<timestamp>510.510081</timestamp>
			</report>
			<report>
				<misses>2840001</misses>
				<total>205</total>
				<timestamp>510.689873</timestamp>
			</report>
			<report>
				<misses>2841001</misses>
				<total>205</total>
				<timestamp>510.869711</timestamp>
			</report>
			<report>
				<misses>2842001</misses>
				<total>205</total>
				<timestamp>511.049505</timestamp>
			</report>
			<report>
				<misses>2843001</misses>
				<total>205</total>
				<timestamp>511.229338</timestamp>
			</report>
			<report>
				<misses>2844001</misses>
				<total>205</total>
				<timestamp>511.409167</timestamp>
			</report>
			<report>
				<misses>2845001</misses>
				<total>205</total>
				<timestamp>511.588999</timestamp>
			</report>
			<report>
				<misses>2846001</misses>
				<total>204</total>
				<timestamp>511.768803</timestamp>
			</report>
			<report>
				<misses>2847001</misses>
				<total>205</total>
				<timestamp>511.948625</timestamp>
			</report>
			<report>
				<misses>2848001</misses>
				<total>205</total>
				<timestamp>512.128447</timestamp>
			</report>
			<report>
				<misses>2849001</misses>
				<total>205</total>
				<timestamp>512.308261</timestamp>
			</report>
			<report>
				<misses>2850001</misses>
				<total>205</total>
				<timestamp>512.488090</timestamp>
			</report>
			<report>
				<misses>2851001</misses>
				<total>205</total>
				<timestamp>512.667882</timestamp>
			</report>
			<report>
				<misses>2852001</misses>
				<total>205</total>
				<timestamp>512.847718</timestamp>
			</report>
			<report>
				<misses>2853001</misses>
				<total>205</total>
				<timestamp>513.027529</timestamp>
			</report>
			<report>
				<misses>2854001</misses>
				<total>205</total>
				<timestamp>513.207346</timestamp>
			</report>
			<report>
				<misses>2855001</misses>
				<total>206</total>
				<timestamp>513.387177</timestamp>
			</report>
			<report>
				<misses>2856001</misses>
				<total>206</total>
				<timestamp>513.567020</timestamp>
			</report>
			<report>
				<misses>2857001</misses>
				<total>206</total>
				<timestamp>513.746834</timestamp>
			</report>
			<report>
				<misses>2858001</misses>
				<total>206</total>
				<timestamp>513.926633</timestamp>
			</report>
			<report>
				<misses>2859001</misses>
				<total>206</total>
				<timestamp>514.106453</timestamp>
			</report>
			<report>
				<misses>2860001</misses>
				<total>206</total>
				<timestamp>514.286283</timestamp>
			</report>
			<report>
				<misses>2861001</misses>
				<total>206</total>
				<timestamp>514.466122</timestamp>
			</report>
			<report>
				<misses>2862001</misses>
				<total>208</total>
				<timestamp>514.645986</timestamp>
			</report>
			<report>
				<misses>2863001</misses>
				<total>208</total>
				<timestamp>514.825760</timestamp>
			</report>
			<report>
				<misses>2864001</misses>
				<total>208</total>
				<timestamp>515.005584</timestamp>
			</report>
			<report>
				<misses>2865001</misses>
				<total>208</total>
				<timestamp>515.185390</timestamp>
			</report>
			<report>
				<misses>2866001</misses>
				<total>208</total>
				<timestamp>515.365217</timestamp>
			</report>
			<report>
				<misses>2867001</misses>
				<total>208</total>
				<timestamp>515.545024</timestamp>
			</report>
			<report>
				<misses>2868001</misses>
				<total>208</total>
				<timestamp>515.724855</timestamp>
			</report>
			<report>
				<misses>2869001</misses>
				<total>208</total>
				<timestamp>515.904648</timestamp>
			</report>
			<report>
				<misses>2870001</misses>
				<total>208</total>
				<timestamp>516.084480</timestamp>
			</report>
			<report>
				<misses>2871001</misses>
				<total>208</total>
				<timestamp>516.264300</timestamp>
			</report>
			<report>
				<misses>2872001</misses>
				<total>208</total>
				<timestamp>516.444144</timestamp>
			</report>
			<report>
				<misses>2873001</misses>
				<total>208</total>
				<timestamp>516.623981</timestamp>
			</report>
			<report>
				<misses>2874001</misses>
				<total>208</total>
				<timestamp>516.803747</timestamp>
			</report>
			<report>
				<misses>2875001</misses>
				<total>208</total>
				<timestamp>516.983587</timestamp>
			</report>
			<report>
				<misses>2876001</misses>
				<total>208</total>
				<timestamp>517.163416</timestamp>
			</report>
			<report>
				<misses>2877001</misses>
				<total>208</total>
				<timestamp>517.343212</timestamp>
			</report>
			<report>
				<misses>2878001</misses>
				<total>207</total>
				<timestamp>517.523102</timestamp>
			</report>
			<report>
				<misses>2879001</misses>
				<total>208</total>
				<timestamp>517.702878</timestamp>
			</report>
			<report>
				<misses>2880001</misses>
				<total>208</total>
				<timestamp>517.882701</timestamp>
			</report>
			<report>
				<misses>2881001</misses>
				<total>208</total>
				<timestamp>518.062506</timestamp>
			</report>
			<report>
				<misses>2882001</misses>
				<total>208</total>
				<timestamp>518.242348</timestamp>
			</report>
			<report>
				<misses>2883001</misses>
				<total>208</total>
				<timestamp>518.422189</timestamp>
			</report>
			<report>
				<misses>2884001</misses>
				<total>208</total>
				<timestamp>518.601992</timestamp>
			</report>
			<report>
				<misses>2885001</misses>
				<total>208</total>
				<timestamp>518.781837</timestamp>
			</report>
			<report>
				<misses>2886001</misses>
				<total>208</total>
				<timestamp>518.961620</timestamp>
			</report>
			<report>
				<misses>2887001</misses>
				<total>208</total>
				<timestamp>519.141413</timestamp>
			</report>
			<report>
				<misses>2888001</misses>
				<total>208</total>
				<timestamp>519.321247</timestamp>
			</report>
			<report>
				<misses>2889001</misses>
				<total>208</total>
				<timestamp>519.501105</timestamp>
			</report>
			<report>
				<misses>2890001</misses>
				<total>208</total>
				<timestamp>519.680962</timestamp>
			</report>
			<report>
				<misses>2891001</misses>
				<total>208</total>
				<timestamp>519.860709</timestamp>
			</report>
			<report>
				<misses>2892001</misses>
				<total>208</total>
				<timestamp>520.040539</timestamp>
			</report>
			<report>
				<misses>2893001</misses>
				<total>208</total>
				<timestamp>520.220337</timestamp>
			</report>
			<report>
				<misses>2894001</misses>
				<total>208</total>
				<timestamp>520.400179</timestamp>
			</report>
			<report>
				<misses>2895001</misses>
				<total>208</total>
				<timestamp>520.580041</timestamp>
			</report>
			<report>
				<misses>2896001</misses>
				<total>208</total>
				<timestamp>520.759777</timestamp>
			</report>
			<report>
				<misses>2897001</misses>
				<total>208</total>
				<timestamp>520.939616</timestamp>
			</report>
			<report>
				<misses>2898001</misses>
				<total>208</total>
				<timestamp>521.119477</timestamp>
			</report>
			<report>
				<misses>2899001</misses>
				<total>207</total>
				<timestamp>521.299280</timestamp>
			</report>
			<report>
				<misses>2900001</misses>
				<total>208</total>
				<timestamp>521.479114</timestamp>
			</report>
			<report>
				<misses>2901001</misses>
				<total>208</total>
				<timestamp>521.658928</timestamp>
			</report>
			<report>
				<misses>2902001</misses>
				<total>208</total>
				<timestamp>521.838748</timestamp>
			</report>
			<report>
				<misses>2903001</misses>
				<total>208</total>
				<timestamp>522.018556</timestamp>
			</report>
			<report>
				<misses>2904001</misses>
				<total>208</total>
				<timestamp>522.198352</timestamp>
			</report>
			<report>
				<misses>2905001</misses>
				<total>208</total>
				<timestamp>522.378170</timestamp>
			</report>
			<report>
				<misses>2906001</misses>
				<total>208</total>
				<timestamp>522.558069</timestamp>
			</report>
			<report>
				<misses>2907001</misses>
				<total>208</total>
				<timestamp>522.737843</timestamp>
			</report>
			<report>
				<misses>2908001</misses>
				<total>208</total>
				<timestamp>522.917641</timestamp>
			</report>
			<report>
				<misses>2909001</misses>
				<total>208</total>
				<timestamp>523.097457</timestamp>
			</report>
			<report>
				<misses>2910001</misses>
				<total>208</total>
				<timestamp>523.277276</timestamp>
			</report>
			<report>
				<misses>2911001</misses>
				<total>208</total>
				<timestamp>523.457102</timestamp>
			</report>
			<report>
				<misses>2912001</misses>
				<total>208</total>
				<timestamp>523.636936</timestamp>
			</report>
			<report>
				<misses>2913001</misses>
				<total>208</total>
				<timestamp>523.816738</timestamp>
			</report>
			<report>
				<misses>2914001</misses>
				<total>208</total>
				<timestamp>523.996556</timestamp>
			</report>
			<report>
				<misses>2915001</misses>
				<total>208</total>
				<timestamp>524.176374</timestamp>
			</report>
			<report>
				<misses>2916001</misses>
				<total>208</total>
				<timestamp>524.356217</timestamp>
			</report>
			<report>
				<misses>2917001</misses>
				<total>208</total>
				<timestamp>524.536062</timestamp>
			</report>
			<report>
				<misses>2918001</misses>
				<total>208</total>
				<timestamp>524.715855</timestamp>
			</report>
			<report>
				<misses>2919001</misses>
				<total>208</total>
				<timestamp>524.895678</timestamp>
			</report>
			<report>
				<misses>2920001</misses>
				<total>208</total>
				<timestamp>525.075473</timestamp>
			</report>
			<report>
				<misses>2921001</misses>
				<total>208</total>
				<timestamp>525.255319</timestamp>
			</report>
			<report>
				<misses>2922001</misses>
				<total>208</total>
				<timestamp>525.435194</timestamp>
			</report>
			<report>
				<misses>2923001</misses>
				<total>208</total>
				<timestamp>525.614965</timestamp>
			</report>
			<report>
				<misses>2924001</misses>
				<total>208</total>
				<timestamp>525.794745</timestamp>
			</report>
			<report>
				<misses>2925001</misses>
				<total>208</total>
				<timestamp>525.974578</timestamp>
			</report>
			<report>
				<misses>2926001</misses>
				<total>208</total>
				<timestamp>526.154416</timestamp>
			</report>
			<report>
				<misses>2927001</misses>
				<total>208</total>
				<timestamp>526.334207</timestamp>
			</report>
			<report>
				<misses>2928001</misses>
				<total>208</total>
				<timestamp>526.514051</timestamp>
			</report>
			<report>
				<misses>2929001</misses>
				<total>208</total>
				<timestamp>526.693929</timestamp>
			</report>
			<report>
				<misses>2930001</misses>
				<total>208</total>
				<timestamp>526.873671</timestamp>
			</report>
			<report>
				<misses>2931001</misses>
				<total>208</total>
				<timestamp>527.053529</timestamp>
			</report>
			<report>
				<misses>2932001</misses>
				<total>208</total>
				<timestamp>527.233329</timestamp>
			</report>
			<report>
				<misses>2933001</misses>
				<total>208</total>
				<timestamp>527.413130</timestamp>
			</report>
			<report>
				<misses>2934001</misses>
				<total>208</total>
				<timestamp>527.592956</timestamp>
			</report>
			<report>
				<misses>2935001</misses>
				<total>208</total>
				<timestamp>527.772818</timestamp>
			</report>
			<report>
				<misses>2936001</misses>
				<total>208</total>
				<timestamp>527.952601</timestamp>
			</report>
			<report>
				<misses>2937001</misses>
				<total>208</total>
				<timestamp>528.132398</timestamp>
			</report>
			<report>
				<misses>2938001</misses>
				<total>208</total>
				<timestamp>528.312232</timestamp>
			</report>
			<report>
				<misses>2939001</misses>
				<total>208</total>
				<timestamp>528.492092</timestamp>
			</report>
			<report>
				<misses>2940001</misses>
				<total>208</total>
				<timestamp>528.671915</timestamp>
			</report>
			<report>
				<misses>2941001</misses>
				<total>208</total>
				<timestamp>528.851687</timestamp>
			</report>
			<report>
				<misses>2942001</misses>
				<total>208</total>
				<timestamp>529.031522</timestamp>
			</report>
			<report>
				<misses>2943001</misses>
				<total>208</total>
				<timestamp>529.211366</timestamp>
			</report>
			<report>
				<misses>2944001</misses>
				<total>208</total>
				<timestamp>529.391191</timestamp>
			</report>
			<report>
				<misses>2945001</misses>
				<total>209</total>
				<timestamp>529.571034</timestamp>
			</report>
			<report>
				<misses>2946001</misses>
				<total>209</total>
				<timestamp>529.750786</timestamp>
			</report>
			<report>
				<misses>2947001</misses>
				<total>208</total>
				<timestamp>529.930618</timestamp>
			</report>
			<report>
				<misses>2948001</misses>
				<total>209</total>
				<timestamp>530.110469</timestamp>
			</report>
			<report>
				<misses>2949001</misses>
				<total>209</total>
				<timestamp>530.290247</timestamp>
			</report>
			<report>
				<misses>2950001</misses>
				<total>209</total>
				<timestamp>530.470098</timestamp>
			</report>
			<report>
				<misses>2951001</misses>
				<total>209</total>
				<timestamp>530.649910</timestamp>
			</report>
			<report>
				<misses>2952001</misses>
				<total>209</total>
				<timestamp>530.829727</timestamp>
			</report>
			<report>
				<misses>2953001</misses>
				<total>209</total>
				<timestamp>531.009531</timestamp>
			</report>
			<report>
				<misses>2954001</misses>
				<total>209</total>
				<timestamp>531.189367</timestamp>
			</report>
			<report>
				<misses>2955001</misses>
				<total>209</total>
				<timestamp>531.369180</timestamp>
			</report>
			<report>
				<misses>2956001</misses>
				<total>209</total>
				<timestamp>531.549062</timestamp>
			</report>
			<report>
				<misses>2957001</misses>
				<total>209</total>
				<timestamp>531.728828</timestamp>
			</report>
			<report>
				<misses>2958001</misses>
				<total>209</total>
				<timestamp>531.908644</timestamp>
			</report>
			<report>
				<misses>2959001</misses>
				<total>209</total>
				<timestamp>532.088452</timestamp>
			</report>
			<report>
				<misses>2960001</misses>
				<total>209</total>
				<timestamp>532.268301</timestamp>
			</report>
			<report>
				<misses>2961001</misses>
				<total>209</total>
				<timestamp>532.448084</timestamp>
			</report>
			<report>
				<misses>2962001</misses>
				<total>209</total>
				<timestamp>532.627951</timestamp>
			</report>
			<report>
				<misses>2963001</misses>
				<total>209</total>
				<timestamp>532.807746</timestamp>
			</report>
			<report>
				<misses>2964001</misses>
				<total>209</total>
				<timestamp>532.987558</timestamp>
			</report>
			<report>
				<misses>2965001</misses>
				<total>209</total>
				<timestamp>533.167382</timestamp>
			</report>
			<report>
				<misses>2966001</misses>
				<total>209</total>
				<timestamp>533.347190</timestamp>
			</report>
			<report>
				<misses>2967001</misses>
				<total>209</total>
				<timestamp>533.527070</timestamp>
			</report>
			<report>
				<misses>2968001</misses>
				<total>209</total>
				<timestamp>533.706890</timestamp>
			</report>
			<report>
				<misses>2969001</misses>
				<total>211</total>
				<timestamp>533.886664</timestamp>
			</report>
			<report>
				<misses>2970001</misses>
				<total>211</total>
				<timestamp>534.066476</timestamp>
			</report>
			<report>
				<misses>2971001</misses>
				<total>211</total>
				<timestamp>534.246308</timestamp>
			</report>
			<report>
				<misses>2972001</misses>
				<total>211</total>
				<timestamp>534.426130</timestamp>
			</report>
			<report>
				<misses>2973001</misses>
				<total>211</total>
				<timestamp>534.605971</timestamp>
			</report>
			<report>
				<misses>2974001</misses>
				<total>211</total>
				<timestamp>534.785790</timestamp>
			</report>
			<report>
				<misses>2975001</misses>
				<total>211</total>
				<timestamp>534.965597</timestamp>
			</report>
			<report>
				<misses>2976001</misses>
				<total>211</total>
				<timestamp>535.145388</timestamp>
			</report>
			<report>
				<misses>2977001</misses>
				<total>211</total>
				<timestamp>535.325214</timestamp>
			</report>
			<report>
				<misses>2978001</misses>
				<total>211</total>
				<timestamp>535.505047</timestamp>
			</report>
			<report>
				<misses>2979001</misses>
				<total>211</total>
				<timestamp>535.684886</timestamp>
			</report>
			<report>
				<misses>2980001</misses>
				<total>210</total>
				<timestamp>535.864698</timestamp>
			</report>
			<report>
				<misses>2981001</misses>
				<total>211</total>
				<timestamp>536.044496</timestamp>
			</report>
			<report>
				<misses>2982001</misses>
				<total>211</total>
				<timestamp>536.224316</timestamp>
			</report>
			<report>
				<misses>2983001</misses>
				<total>211</total>
				<timestamp>536.404140</timestamp>
			</report>
			<report>
				<misses>2984001</misses>
				<total>210</total>
				<timestamp>536.583965</timestamp>
			</report>
			<report>
				<misses>2985001</misses>
				<total>211</total>
				<timestamp>536.763793</timestamp>
			</report>
			<report>
				<misses>2986001</misses>
				<total>211</total>
				<timestamp>536.943599</timestamp>
			</report>
			<report>
				<misses>2987001</misses>
				<total>211</total>
				<timestamp>537.123423</timestamp>
			</report>
			<report>
				<misses>2988001</misses>
				<total>211</total>
				<timestamp>537.303249</timestamp>
			</report>
			<report>
				<misses>2989001</misses>
				<total>211</total>
				<timestamp>537.483059</timestamp>
			</report>
			<report>
				<misses>2990001</misses>
				<total>211</total>
				<timestamp>537.662918</timestamp>
			</report>
			<report>
				<misses>2991001</misses>
				<total>211</total>
				<timestamp>537.842711</timestamp>
			</report>
			<report>
				<misses>2992001</misses>
				<total>211</total>
				<timestamp>538.022545</timestamp>
			</report>
			<report>
				<misses>2993001</misses>
				<total>211</total>
				<timestamp>538.202344</timestamp>
			</report>
			<report>
				<misses>2994001</misses>
				<total>211</total>
				<timestamp>538.382197</timestamp>
			</report>
			<report>
				<misses>2995001</misses>
				<total>211</total>
				<timestamp>538.562018</timestamp>
			</report>
			<report>
				<misses>2996001</misses>
				<total>211</total>
				<timestamp>538.741847</timestamp>
			</report>
			<report>
				<misses>2997001</misses>
				<total>211</total>
				<timestamp>538.921633</timestamp>
			</report>
			<report>
				<misses>2998001</misses>
				<total>211</total>
				<timestamp>539.101430</timestamp>
			</report>
			<report>
				<misses>2999001</misses>
				<total>211</total>
				<timestamp>539.281270</timestamp>
			</report>
			<report>
				<misses>3000001</misses>
				<total>211</total>
				<timestamp>539.461106</timestamp>
			</report>
			<report>
				<misses>3001001</misses>
				<total>211</total>
				<timestamp>539.640972</timestamp>
			</report>
			<report>
				<misses>3002001</misses>
				<total>211</total>
				<timestamp>539.820742</timestamp>
			</report>
			<report>
				<misses>3003001</misses>
				<total>211</total>
				<timestamp>540.000548</timestamp>
			</report>
			<report>
				<misses>3004001</misses>
				<total>211</total>
				<timestamp>540.180361</timestamp>
			</report>
			<report>
				<misses>3005001</misses>
				<total>211</total>
				<timestamp>540.360199</timestamp>
			</report>
			<report>
				<misses>3006001</misses>
				<total>211</total>
				<timestamp>540.540013</timestamp>
			</report>
			<report>
				<misses>3007001</misses>
				<total>211</total>
				<timestamp>540.719860</timestamp>
			</report>
			<report>
				<misses>3008001</misses>
				<total>211</total>
				<timestamp>540.899684</timestamp>
			</report>
			<report>
				<misses>3009001</misses>
				<total>211</total>
				<timestamp>541.079464</timestamp>
			</report>
			<report>
				<misses>3010001</misses>
				<total>211</total>
				<timestamp>541.259281</timestamp>
			</report>
			<report>
				<misses>3011001</misses>
				<total>210</total>
				<timestamp>541.439124</timestamp>
			</report>
			<report>
				<misses>3012001</misses>
				<total>211</total>
				<timestamp>541.618960</timestamp>
			</report>
			<report>
				<misses>3013001</misses>
				<total>211</total>
				<timestamp>541.798771</timestamp>
			</report>
			<report>
				<misses>3014001</misses>
				<total>211</total>
				<timestamp>541.978565</timestamp>
			</report>
			<report>
				<misses>3015001</misses>
				<total>211</total>
				<timestamp>542.158384</timestamp>
			</report>
			<report>
				<misses>3016001</misses>
				<total>211</total>
				<timestamp>542.338196</timestamp>
			</report>
			<report>
				<misses>3017001</misses>
				<total>211</total>
				<timestamp>542.518047</timestamp>
			</report>
			<report>
				<misses>3018001</misses>
				<total>211</total>
				<timestamp>542.697844</timestamp>
			</report>
			<report>
				<misses>3019001</misses>
				<total>211</total>
				<timestamp>542.877651</timestamp>
			</report>
			<report>
				<misses>3020001</misses>
				<total>211</total>
				<timestamp>543.057481</timestamp>
			</report>
			<report>
				<misses>3021001</misses>
				<total>211</total>
				<timestamp>543.237297</timestamp>
			</report>
			<report>
				<misses>3022001</misses>
				<total>211</total>
				<timestamp>543.417159</timestamp>
			</report>
			<report>
				<misses>3023001</misses>
				<total>211</total>
				<timestamp>543.596962</timestamp>
			</report>
			<report>
				<misses>3024001</misses>
				<total>211</total>
				<timestamp>543.776786</timestamp>
			</report>
			<report>
				<misses>3025001</misses>
				<total>211</total>
				<timestamp>543.956595</timestamp>
			</report>
			<report>
				<misses>3026001</misses>
				<total>211</total>
				<timestamp>544.136394</timestamp>
			</report>
			<report>
				<misses>3027001</misses>
				<total>211</total>
				<timestamp>544.316229</timestamp>
			</report>
			<report>
				<misses>3028001</misses>
				<total>211</total>
				<timestamp>544.496071</timestamp>
			</report>
			<report>
				<misses>3029001</misses>
				<total>211</total>
				<timestamp>544.675864</timestamp>
			</report>
			<report>
				<misses>3030001</misses>
				<total>211</total>
				<timestamp>544.855696</timestamp>
			</report>
			<report>
				<misses>3031001</misses>
				<total>211</total>
				<timestamp>545.035509</timestamp>
			</report>
			<report>
				<misses>3032001</misses>
				<total>211</total>
				<timestamp>545.215319</timestamp>
			</report>
			<report>
				<misses>3033001</misses>
				<total>211</total>
				<timestamp>545.395173</timestamp>
			</report>
			<report>
				<misses>3034001</misses>
				<total>211</total>
				<timestamp>545.574960</timestamp>
			</report>
			<report>
				<misses>3035001</misses>
				<total>213</total>
				<timestamp>545.754827</timestamp>
			</report>
			<report>
				<misses>3036001</misses>
				<total>213</total>
				<timestamp>545.934596</timestamp>
			</report>
			<report>
				<misses>3037001</misses>
				<total>213</total>
				<timestamp>546.114458</timestamp>
			</report>
			<report>
				<misses>3038001</misses>
				<total>213</total>
				<timestamp>546.294224</timestamp>
			</report>
			<report>
				<misses>3039001</misses>
				<total>213</total>
				<timestamp>546.474058</timestamp>
			</report>
			<report>
				<misses>3040001</misses>
				<total>213</total>
				<timestamp>546.653895</timestamp>
			</report>
			<report>
				<misses>3041001</misses>
				<total>213</total>
				<timestamp>546.833724</timestamp>
			</report>
			<report>
				<misses>3042001</misses>
				<total>213</total>
				<timestamp>547.013508</timestamp>
			</report>
			<report>
				<misses>3043001</misses>
				<total>213</total>
				<timestamp>547.193330</timestamp>
			</report>
			<report>
				<misses>3044001</misses>
				<total>213</total>
				<timestamp>547.373152</timestamp>
			</report>
			<report>
				<misses>3045001</misses>
				<total>213</total>
				<timestamp>547.553005</timestamp>
			</report>
			<report>
				<misses>3046001</misses>
				<total>213</total>
				<timestamp>547.732812</timestamp>
			</report>
			<report>
				<misses>3047001</misses>
				<total>213</total>
				<timestamp>547.912617</timestamp>
			</report>
			<report>
				<misses>3048001</misses>
				<total>213</total>
				<timestamp>548.092433</timestamp>
			</report>
			<report>
				<misses>3049001</misses>
				<total>213</total>
				<timestamp>548.272287</timestamp>
			</report>
			<report>
				<misses>3050001</misses>
				<total>213</total>
				<timestamp>548.452107</timestamp>
			</report>
			<report>
				<misses>3051001</misses>
				<total>213</total>
				<timestamp>548.631905</timestamp>
			</report>
			<report>
				<misses>3052001</misses>
				<total>213</total>
				<timestamp>548.811722</timestamp>
			</report>
			<report>
				<misses>3053001</misses>
				<total>213</total>
				<timestamp>548.991548</timestamp>
			</report>
			<report>
				<misses>3054001</misses>
				<total>213</total>
				<timestamp>549.171370</timestamp>
			</report>
			<report>
				<misses>3055001</misses>
				<total>213</total>
				<timestamp>549.351172</timestamp>
			</report>
			<report>
				<misses>3056001</misses>
				<total>213</total>
				<timestamp>549.530993</timestamp>
			</report>
			<report>
				<misses>3057001</misses>
				<total>213</total>
				<timestamp>549.710813</timestamp>
			</report>
			<report>
				<misses>3058001</misses>
				<total>213</total>
				<timestamp>549.890642</timestamp>
			</report>
			<report>
				<misses>3059001</misses>
				<total>213</total>
				<timestamp>550.070465</timestamp>
			</report>
			<report>
				<misses>3060001</misses>
				<total>213</total>
				<timestamp>550.250275</timestamp>
			</report>
			<report>
				<misses>3061001</misses>
				<total>213</total>
				<timestamp>550.430120</timestamp>
			</report>
			<report>
				<misses>3062001</misses>
				<total>213</total>
				<timestamp>550.609915</timestamp>
			</report>
			<report>
				<misses>3063001</misses>
				<total>213</total>
				<timestamp>550.789783</timestamp>
			</report>
			<report>
				<misses>3064001</misses>
				<total>213</total>
				<timestamp>550.969568</timestamp>
			</report>
			<report>
				<misses>3065001</misses>
				<total>213</total>
				<timestamp>551.149377</timestamp>
			</report>
			<report>
				<misses>3066001</misses>
				<total>212</total>
				<timestamp>551.329199</timestamp>
			</report>
			<report>
				<misses>3067001</misses>
				<total>213</total>
				<timestamp>551.509042</timestamp>
			</report>
			<report>
				<misses>3068001</misses>
				<total>213</total>
				<timestamp>551.688851</timestamp>
			</report>
			<report>
				<misses>3069001</misses>
				<total>213</total>
				<timestamp>551.868680</timestamp>
			</report>
			<report>
				<misses>3070001</misses>
				<total>213</total>
				<timestamp>552.048475</timestamp>
			</report>
			<report>
				<misses>3071001</misses>
				<total>213</total>
				<timestamp>552.228302</timestamp>
			</report>
			<report>
				<misses>3072001</misses>
				<total>213</total>
				<timestamp>552.408128</timestamp>
			</report>
			<report>
				<misses>3073001</misses>
				<total>213</total>
				<timestamp>552.587959</timestamp>
			</report>
			<report>
				<misses>3074001</misses>
				<total>213</total>
				<timestamp>552.767776</timestamp>
			</report>
			<report>
				<misses>3075001</misses>
				<total>215</total>
				<timestamp>552.947571</timestamp>
			</report>
			<report>
				<misses>3076001</misses>
				<total>215</total>
				<timestamp>553.127400</timestamp>
			</report>
			<report>
				<misses>3077001</misses>
				<total>215</total>
				<timestamp>553.307208</timestamp>
			</report>
			<report>
				<misses>3078001</misses>
				<total>215</total>
				<timestamp>553.487070</timestamp>
			</report>
			<report>
				<misses>3079001</misses>
				<total>215</total>
				<timestamp>553.666873</timestamp>
			</report>
			<report>
				<misses>3080001</misses>
				<total>215</total>
				<timestamp>553.846686</timestamp>
			</report>
			<report>
				<misses>3081001</misses>
				<total>215</total>
				<timestamp>554.026505</timestamp>
			</report>
			<report>
				<misses>3082001</misses>
				<total>215</total>
				<timestamp>554.206300</timestamp>
			</report>
			<report>
				<misses>3083001</misses>
				<total>215</total>
				<timestamp>554.386136</timestamp>
			</report>
			<report>
				<misses>3084001</misses>
				<total>215</total>
				<timestamp>554.565944</timestamp>
			</report>
			<report>
				<misses>3085001</misses>
				<total>215</total>
				<timestamp>554.745796</timestamp>
			</report>
			<report>
				<misses>3086001</misses>
				<total>216</total>
				<timestamp>554.925643</timestamp>
			</report>
			<report>
				<misses>3087001</misses>
				<total>216</total>
				<timestamp>555.105436</timestamp>
			</report>
			<report>
				<misses>3088001</misses>
				<total>216</total>
				<timestamp>555.285232</timestamp>
			</report>
			<report>
				<misses>3089001</misses>
				<total>216</total>
				<timestamp>555.465094</timestamp>
			</report>
			<report>
				<misses>3090001</misses>
				<total>216</total>
				<timestamp>555.644868</timestamp>
			</report>
			<report>
				<misses>3091001</misses>
				<total>218</total>
				<timestamp>555.824726</timestamp>
			</report>
			<report>
				<misses>3092001</misses>
				<total>218</total>
				<timestamp>556.004531</timestamp>
			</report>
			<report>
				<misses>3093001</misses>
				<total>218</total>
				<timestamp>556.184340</timestamp>
			</report>
			<report>
				<misses>3094001</misses>
				<total>218</total>
				<timestamp>556.364193</timestamp>
			</report>
			<report>
				<misses>3095001</misses>
				<total>218</total>
				<timestamp>556.543999</timestamp>
			</report>
			<report>
				<misses>3096001</misses>
				<total>218</total>
				<timestamp>556.723807</timestamp>
			</report>
			<report>
				<misses>3097001</misses>
				<total>218</total>
				<timestamp>556.903634</timestamp>
			</report>
			<report>
				<misses>3098001</misses>
				<total>218</total>
				<timestamp>557.083447</timestamp>
			</report>
			<report>
				<misses>3099001</misses>
				<total>218</total>
				<timestamp>557.263270</timestamp>
			</report>
			<report>
				<misses>3100001</misses>
				<total>218</total>
				<timestamp>557.443101</timestamp>
			</report>
			<report>
				<misses>3101001</misses>
				<total>218</total>
				<timestamp>557.622949</timestamp>
			</report>
			<report>
				<misses>3102001</misses>
				<total>218</total>
				<timestamp>557.802712</timestamp>
			</report>
			<report>
				<misses>3103001</misses>
				<total>218</total>
				<timestamp>557.982535</timestamp>
			</report>
			<report>
				<misses>3104001</misses>
				<total>218</total>
				<timestamp>558.162365</timestamp>
			</report>
			<report>
				<misses>3105001</misses>
				<total>218</total>
				<timestamp>558.342191</timestamp>
			</report>
			<report>
				<misses>3106001</misses>
				<total>218</total>
				<timestamp>558.522028</timestamp>
			</report>
			<report>
				<misses>3107001</misses>
				<total>218</total>
				<timestamp>558.701847</timestamp>
			</report>
			<report>
				<misses>3108001</misses>
				<total>218</total>
				<timestamp>558.881631</timestamp>
			</report>
			<report>
				<misses>3109001</misses>
				<total>218</total>
				<timestamp>559.061470</timestamp>
			</report>
			<report>
				<misses>3110001</misses>
				<total>218</total>
				<timestamp>559.241275</timestamp>
			</report>
			<report>
				<misses>3111001</misses>
				<total>218</total>
				<timestamp>559.421106</timestamp>
			</report>
			<report>
				<misses>3112001</misses>
				<total>218</total>
				<timestamp>559.600917</timestamp>
			</report>
			<report>
				<misses>3113001</misses>
				<total>218</total>
				<timestamp>559.780763</timestamp>
			</report>
			<report>
				<misses>3114001</misses>
				<total>218</total>
				<timestamp>559.960564</timestamp>
			</report>
			<report>
				<misses>3115001</misses>
				<total>218</total>
				<timestamp>560.140382</timestamp>
			</report>
			<report>
				<misses>3116001</misses>
				<total>218</total>
				<timestamp>560.320215</timestamp>
			</report>
			<report>
				<misses>3117001</misses>
				<total>218</total>
				<timestamp>560.500048</timestamp>
			</report>
			<report>
				<misses>3118001</misses>
				<total>218</total>
				<timestamp>560.679868</timestamp>
			</report>
			<report>
				<misses>3119001</misses>
				<total>218</total>
				<timestamp>560.859688</timestamp>
			</report>
			<report>
				<misses>3120001</misses>
				<total>218</total>
				<timestamp>561.039486</timestamp>
			</report>
			<report>
				<misses>3121001</misses>
				<total>218</total>
				<timestamp>561.219310</timestamp>
			</report>
			<report>
				<misses>3122001</misses>
				<total>218</total>
				<timestamp>561.399134</timestamp>
			</report>
			<report>
				<misses>3123001</misses>
				<total>218</total>
				<timestamp>561.578938</timestamp>
			</report>
			<report>
				<misses>3124001</misses>
				<total>218</total>
				<timestamp>561.758777</timestamp>
			</report>
			<report>
				<misses>3125001</misses>
				<total>222</total>
				<timestamp>561.938591</timestamp>
			</report>
			<report>
				<misses>3126001</misses>
				<total>222</total>
				<timestamp>562.118479</timestamp>
			</report>
			<report>
				<misses>3127001</misses>
				<total>222</total>
				<timestamp>562.298205</timestamp>
			</report>
			<report>
				<misses>3128001</misses>
				<total>222</total>
				<timestamp>562.478046</timestamp>
			</report>
			<report>
				<misses>3129001</misses>
				<total>222</total>
				<timestamp>562.657873</timestamp>
			</report>
			<report>
				<misses>3130001</misses>
				<total>222</total>
				<timestamp>562.837682</timestamp>
			</report>
			<report>
				<misses>3131001</misses>
				<total>222</total>
				<timestamp>563.017500</timestamp>
			</report>
			<report>
				<misses>3132001</misses>
				<total>222</total>
				<timestamp>563.197332</timestamp>
			</report>
			<report>
				<misses>3133001</misses>
				<total>222</total>
				<timestamp>563.377137</timestamp>
			</report>
			<report>
				<misses>3134001</misses>
				<total>222</total>
				<timestamp>563.557008</timestamp>
			</report>
			<report>
				<misses>3135001</misses>
				<total>222</total>
				<timestamp>563.736810</timestamp>
			</report>
			<report>
				<misses>3136001</misses>
				<total>223</total>
				<timestamp>563.916599</timestamp>
			</report>
			<report>
				<misses>3137001</misses>
				<total>223</total>
				<timestamp>564.096414</timestamp>
			</report>
			<report>
				<misses>3138001</misses>
				<total>223</total>
				<timestamp>564.276256</timestamp>
			</report>
			<report>
				<misses>3139001</misses>
				<total>223</total>
				<timestamp>564.456106</timestamp>
			</report>
			<report>
				<misses>3140001</misses>
				<total>223</total>
				<timestamp>564.635897</timestamp>
			</report>
			<report>
				<misses>3141001</misses>
				<total>223</total>
				<timestamp>564.815715</timestamp>
			</report>
			<report>
				<misses>3142001</misses>
				<total>223</total>
				<timestamp>564.995522</timestamp>
			</report>
			<report>
				<misses>3143001</misses>
				<total>223</total>
				<timestamp>565.175374</timestamp>
			</report>
			<report>
				<misses>3144001</misses>
				<total>223</total>
				<timestamp>565.355182</timestamp>
			</report>
			<report>
				<misses>3145001</misses>
				<total>223</total>
				<timestamp>565.534969</timestamp>
			</report>
			<report>
				<misses>3146001</misses>
				<total>223</total>
				<timestamp>565.714798</timestamp>
			</report>
			<report>
				<misses>3147001</misses>
				<total>223</total>
				<timestamp>565.894625</timestamp>
			</report>
			<report>
				<misses>3148001</misses>
				<total>222</total>
				<timestamp>566.074456</timestamp>
			</report>
			<report>
				<misses>3149001</misses>
				<total>223</total>
				<timestamp>566.254274</timestamp>
			</report>
			<report>
				<misses>3150001</misses>
				<total>223</total>
				<timestamp>566.434089</timestamp>
			</report>
			<report>
				<misses>3151001</misses>
				<total>223</total>
				<timestamp>566.613896</timestamp>
			</report>
			<report>
				<misses>3152001</misses>
				<total>223</total>
				<timestamp>566.793711</timestamp>
			</report>
			<report>
				<misses>3153001</misses>
				<total>223</total>
				<timestamp>566.973557</timestamp>
			</report>
			<report>
				<misses>3154001</misses>
				<total>223</total>
				<timestamp>567.153359</timestamp>
			</report>
			<report>
				<misses>3155001</misses>
				<total>223</total>
				<timestamp>567.333191</timestamp>
			</report>
			<report>
				<misses>3156001</misses>
				<total>223</total>
				<timestamp>567.513016</timestamp>
			</report>
			<report>
				<misses>3157001</misses>
				<total>223</total>
				<timestamp>567.692846</timestamp>
			</report>
			<report>
				<misses>3158001</misses>
				<total>223</total>
				<timestamp>567.872675</timestamp>
			</report>
			<report>
				<misses>3159001</misses>
				<total>223</total>
				<timestamp>568.052478</timestamp>
			</report>
			<report>
				<misses>3160001</misses>
				<total>223</total>
				<timestamp>568.232297</timestamp>
			</report>
			<report>
				<misses>3161001</misses>
				<total>223</total>
				<timestamp>568.412116</timestamp>
			</report>
			<report>
				<misses>3162001</misses>
				<total>223</total>
				<timestamp>568.591937</timestamp>
			</report>
			<report>
				<misses>3163001</misses>
				<total>223</total>
				<timestamp>568.771776</timestamp>
			</report>
			<report>
				<misses>3164001</misses>
				<total>223</total>
				<timestamp>568.951576</timestamp>
			</report>
			<report>
				<misses>3165001</misses>
				<total>223</total>
				<timestamp>569.131376</timestamp>
			</report>
			<report>
				<misses>3166001</misses>
				<total>223</total>
				<timestamp>569.311194</timestamp>
			</report>
			<report>
				<misses>3167001</misses>
				<total>223</total>
				<timestamp>569.491026</timestamp>
			</report>
			<report>
				<misses>3168001</misses>
				<total>222</total>
				<timestamp>569.670867</timestamp>
			</report>
			<report>
				<misses>3169001</misses>
				<total>223</total>
				<timestamp>569.850667</timestamp>
			</report>
			<report>
				<misses>3170001</misses>
				<total>223</total>
				<timestamp>570.030497</timestamp>
			</report>
			<report>
				<misses>3171001</misses>
				<total>223</total>
				<timestamp>570.210326</timestamp>
			</report>
			<report>
				<misses>3172001</misses>
				<total>223</total>
				<timestamp>570.390131</timestamp>
			</report>
			<report>
				<misses>3173001</misses>
				<total>223</total>
				<timestamp>570.569921</timestamp>
			</report>
			<report>
				<misses>3174001</misses>
				<total>223</total>
				<timestamp>570.749745</timestamp>
			</report>
			<report>
				<misses>3175001</misses>
				<total>223</total>
				<timestamp>570.929585</timestamp>
			</report>
			<report>
				<misses>3176001</misses>
				<total>223</total>
				<timestamp>571.109398</timestamp>
			</report>
			<report>
				<misses>3177001</misses>
				<total>223</total>
				<timestamp>571.289207</timestamp>
			</report>
			<report>
				<misses>3178001</misses>
				<total>223</total>
				<timestamp>571.469066</timestamp>
			</report>
			<report>
				<misses>3179001</misses>
				<total>223</total>
				<timestamp>571.648871</timestamp>
			</report>
			<report>
				<misses>3180001</misses>
				<total>223</total>
				<timestamp>571.828698</timestamp>
			</report>
			<report>
				<misses>3181001</misses>
				<total>223</total>
				<timestamp>572.008488</timestamp>
			</report>
			<report>
				<misses>3182001</misses>
				<total>223</total>
				<timestamp>572.188335</timestamp>
			</report>
			<report>
				<misses>3183001</misses>
				<total>223</total>
				<timestamp>572.368120</timestamp>
			</report>
			<report>
				<misses>3184001</misses>
				<total>223</total>
				<timestamp>572.547956</timestamp>
			</report>
			<report>
				<misses>3185001</misses>
				<total>223</total>
				<timestamp>572.727759</timestamp>
			</report>
			<report>
				<misses>3186001</misses>
				<total>223</total>
				<timestamp>572.907627</timestamp>
			</report>
			<report>
				<misses>3187001</misses>
				<total>223</total>
				<timestamp>573.087409</timestamp>
			</report>
			<report>
				<misses>3188001</misses>
				<total>225</total>
				<timestamp>573.267253</timestamp>
			</report>
			<report>
				<misses>3189001</misses>
				<total>225</total>
				<timestamp>573.447043</timestamp>
			</report>
			<report>
				<misses>3190001</misses>
				<total>225</total>
				<timestamp>573.626889</timestamp>
			</report>
			<report>
				<misses>3191001</misses>
				<total>225</total>
				<timestamp>573.806737</timestamp>
			</report>
			<report>
				<misses>3192001</misses>
				<total>225</total>
				<timestamp>573.986544</timestamp>
			</report>
			<report>
				<misses>3193001</misses>
				<total>225</total>
				<timestamp>574.166342</timestamp>
			</report>
			<report>
				<misses>3194001</misses>
				<total>225</total>
				<timestamp>574.346164</timestamp>
			</report>
			<report>
				<misses>3195001</misses>
				<total>225</total>
				<timestamp>574.526021</timestamp>
			</report>
			<report>
				<misses>3196001</misses>
				<total>225</total>
				<timestamp>574.705825</timestamp>
			</report>
			<report>
				<misses>3197001</misses>
				<total>225</total>
				<timestamp>574.885638</timestamp>
			</report>
			<report>
				<misses>3198001</misses>
				<total>225</total>
				<timestamp>575.065434</timestamp>
			</report>
			<report>
				<misses>3199001</misses>
				<total>225</total>
				<timestamp>575.245248</timestamp>
			</report>
			<report>
				<misses>3200001</misses>
				<total>225</total>
				<timestamp>575.425078</timestamp>
			</report>
			<report>
				<misses>3201001</misses>
				<total>225</total>
				<timestamp>575.604895</timestamp>
			</report>
			<report>
				<misses>3202001</misses>
				<total>225</total>
				<timestamp>575.784734</timestamp>
			</report>
			<report>
				<misses>3203001</misses>
				<total>225</total>
				<timestamp>575.964567</timestamp>
			</report>
			<report>
				<misses>3204001</misses>
				<total>225</total>
				<timestamp>576.144358</timestamp>
			</report>
			<report>
				<misses>3205001</misses>
				<total>224</total>
				<timestamp>576.324212</timestamp>
			</report>
			<report>
				<misses>3206001</misses>
				<total>224</total>
				<timestamp>576.504027</timestamp>
			</report>
			<report>
				<misses>3207001</misses>
				<total>225</total>
				<timestamp>576.683865</timestamp>
			</report>
			<report>
				<misses>3208001</misses>
				<total>225</total>
				<timestamp>576.863677</timestamp>
			</report>
			<report>
				<misses>3209001</misses>
				<total>225</total>
				<timestamp>577.043461</timestamp>
			</report>
			<report>
				<misses>3210001</misses>
				<total>225</total>
				<timestamp>577.223296</timestamp>
			</report>
			<report>
				<misses>3211001</misses>
				<total>225</total>
				<timestamp>577.403121</timestamp>
			</report>
			<report>
				<misses>3212001</misses>
				<total>225</total>
				<timestamp>577.582905</timestamp>
			</report>
			<report>
				<misses>3213001</misses>
				<total>225</total>
				<timestamp>577.762718</timestamp>
			</report>
			<report>
				<misses>3214001</misses>
				<total>225</total>
				<timestamp>577.942580</timestamp>
			</report>
			<report>
				<misses>3215001</misses>
				<total>225</total>
				<timestamp>578.122381</timestamp>
			</report>
			<report>
				<misses>3216001</misses>
				<total>225</total>
				<timestamp>578.302201</timestamp>
			</report>
			<report>
				<misses>3217001</misses>
				<total>225</total>
				<timestamp>578.482026</timestamp>
			</report>
			<report>
				<misses>3218001</misses>
				<total>225</total>
				<timestamp>578.661834</timestamp>
			</report>
			<report>
				<misses>3219001</misses>
				<total>225</total>
				<timestamp>578.841640</timestamp>
			</report>
			<report>
				<misses>3220001</misses>
				<total>225</total>
				<timestamp>579.021538</timestamp>
			</report>
			<report>
				<misses>3221001</misses>
				<total>225</total>
				<timestamp>579.201304</timestamp>
			</report>
			<report>
				<misses>3222001</misses>
				<total>225</total>
				<timestamp>579.381109</timestamp>
			</report>
			<report>
				<misses>3223001</misses>
				<total>225</total>
				<timestamp>579.560929</timestamp>
			</report>
			<report>
				<misses>3224001</misses>
				<total>225</total>
				<timestamp>579.740771</timestamp>
			</report>
			<report>
				<misses>3225001</misses>
				<total>225</total>
				<timestamp>579.920599</timestamp>
			</report>
			<report>
				<misses>3226001</misses>
				<total>225</total>
				<timestamp>580.100386</timestamp>
			</report>
			<report>
				<misses>3227001</misses>
				<total>225</total>
				<timestamp>580.280217</timestamp>
			</report>
			<report>
				<misses>3228001</misses>
				<total>225</total>
				<timestamp>580.460058</timestamp>
			</report>
			<report>
				<misses>3229001</misses>
				<total>225</total>
				<timestamp>580.639871</timestamp>
			</report>
			<report>
				<misses>3230001</misses>
				<total>225</total>
				<timestamp>580.819724</timestamp>
			</report>
			<report>
				<misses>3231001</misses>
				<total>225</total>
				<timestamp>580.999506</timestamp>
			</report>
			<report>
				<misses>3232001</misses>
				<total>225</total>
				<timestamp>581.179296</timestamp>
			</report>
			<report>
				<misses>3233001</misses>
				<total>225</total>
				<timestamp>581.359150</timestamp>
			</report>
			<report>
				<misses>3234001</misses>
				<total>224</total>
				<timestamp>581.538966</timestamp>
			</report>
			<report>
				<misses>3235001</misses>
				<total>227</total>
				<timestamp>581.718789</timestamp>
			</report>
			<report>
				<misses>3236001</misses>
				<total>227</total>
				<timestamp>581.898658</timestamp>
			</report>
			<report>
				<misses>3237001</misses>
				<total>228</total>
				<timestamp>582.078418</timestamp>
			</report>
			<report>
				<misses>3238001</misses>
				<total>228</total>
				<timestamp>582.258240</timestamp>
			</report>
			<report>
				<misses>3239001</misses>
				<total>228</total>
				<timestamp>582.438058</timestamp>
			</report>
			<report>
				<misses>3240001</misses>
				<total>228</total>
				<timestamp>582.617877</timestamp>
			</report>
			<report>
				<misses>3241001</misses>
				<total>228</total>
				<timestamp>582.797716</timestamp>
			</report>
			<report>
				<misses>3242001</misses>
				<total>228</total>
				<timestamp>582.977516</timestamp>
			</report>
			<report>
				<misses>3243001</misses>
				<total>228</total>
				<timestamp>583.157338</timestamp>
			</report>
			<report>
				<misses>3244001</misses>
				<total>228</total>
				<timestamp>583.337150</timestamp>
			</report>
			<report>
				<misses>3245001</misses>
				<total>228</total>
				<timestamp>583.516986</timestamp>
			</report>
			<report>
				<misses>3246001</misses>
				<total>228</total>
				<timestamp>583.696790</timestamp>
			</report>
			<report>
				<misses>3247001</misses>
				<total>228</total>
				<timestamp>583.876712</timestamp>
			</report>
			<report>
				<misses>3248001</misses>
				<total>228</total>
				<timestamp>584.056476</timestamp>
			</report>
			<report>
				<misses>3249001</misses>
				<total>228</total>
				<timestamp>584.236261</timestamp>
			</report>
			<report>
				<misses>3250001</misses>
				<total>228</total>
				<timestamp>584.416086</timestamp>
			</report>
			<report>
				<misses>3251001</misses>
				<total>228</total>
				<timestamp>584.595918</timestamp>
			</report>
			<report>
				<misses>3252001</misses>
				<total>228</total>
				<timestamp>584.775721</timestamp>
			</report>
			<report>
				<misses>3253001</misses>
				<total>228</total>
				<timestamp>584.955578</timestamp>
			</report>
			<report>
				<misses>3254001</misses>
				<total>228</total>
				<timestamp>585.135359</timestamp>
			</report>
			<report>
				<misses>3255001</misses>
				<total>228</total>
				<timestamp>585.315191</timestamp>
			</report>
			<report>
				<misses>3256001</misses>
				<total>228</total>
				<timestamp>585.494998</timestamp>
			</report>
			<report>
				<misses>3257001</misses>
				<total>228</total>
				<timestamp>585.674851</timestamp>
			</report>
			<report>
				<misses>3258001</misses>
				<total>228</total>
				<timestamp>585.854646</timestamp>
			</report>
			<report>
				<misses>3259001</misses>
				<total>228</total>
				<timestamp>586.034458</timestamp>
			</report>
			<report>
				<misses>3260001</misses>
				<total>228</total>
				<timestamp>586.214264</timestamp>
			</report>
			<report>
				<misses>3261001</misses>
				<total>228</total>
				<timestamp>586.394075</timestamp>
			</report>
			<report>
				<misses>3262001</misses>
				<total>228</total>
				<timestamp>586.573903</timestamp>
			</report>
			<report>
				<misses>3263001</misses>
				<total>228</total>
				<timestamp>586.753719</timestamp>
			</report>
			<report>
				<misses>3264001</misses>
				<total>228</total>
				<timestamp>586.933583</timestamp>
			</report>
			<report>
				<misses>3265001</misses>
				<total>228</total>
				<timestamp>587.113376</timestamp>
			</report>
			<report>
				<misses>3266001</misses>
				<total>228</total>
				<timestamp>587.293249</timestamp>
			</report>
			<report>
				<misses>3267001</misses>
				<total>228</total>
				<timestamp>587.473027</timestamp>
			</report>
			<report>
				<misses>3268001</misses>
				<total>228</total>
				<timestamp>587.652828</timestamp>
			</report>
			<report>
				<misses>3269001</misses>
				<total>228</total>
				<timestamp>587.832653</timestamp>
			</report>
			<report>
				<misses>3270001</misses>
				<total>228</total>
				<timestamp>588.012473</timestamp>
			</report>
			<report>
				<misses>3271001</misses>
				<total>228</total>
				<timestamp>588.192285</timestamp>
			</report>
			<report>
				<misses>3272001</misses>
				<total>228</total>
				<timestamp>588.372111</timestamp>
			</report>
			<report>
				<misses>3273001</misses>
				<total>228</total>
				<timestamp>588.551932</timestamp>
			</report>
			<report>
				<misses>3274001</misses>
				<total>227</total>
				<timestamp>588.731794</timestamp>
			</report>
			<report>
				<misses>3275001</misses>
				<total>228</total>
				<timestamp>588.911592</timestamp>
			</report>
			<report>
				<misses>3276001</misses>
				<total>228</total>
				<timestamp>589.091404</timestamp>
			</report>
			<report>
				<misses>3277001</misses>
				<total>228</total>
				<timestamp>589.271215</timestamp>
			</report>
			<report>
				<misses>3278001</misses>
				<total>228</total>
				<timestamp>589.451043</timestamp>
			</report>
			<report>
				<misses>3279001</misses>
				<total>228</total>
				<timestamp>589.630852</timestamp>
			</report>
			<report>
				<misses>3280001</misses>
				<total>228</total>
				<timestamp>589.810690</timestamp>
			</report>
			<report>
				<misses>3281001</misses>
				<total>228</total>
				<timestamp>589.990527</timestamp>
			</report>
			<report>
				<misses>3282001</misses>
				<total>228</total>
				<timestamp>590.170323</timestamp>
			</report>
			<report>
				<misses>3283001</misses>
				<total>228</total>
				<timestamp>590.350161</timestamp>
			</report>
			<report>
				<misses>3284001</misses>
				<total>228</total>
				<timestamp>590.529945</timestamp>
			</report>
			<report>
				<misses>3285001</misses>
				<total>228</total>
				<timestamp>590.709813</timestamp>
			</report>
			<report>
				<misses>3286001</misses>
				<total>228</total>
				<timestamp>590.889619</timestamp>
			</report>
			<report>
				<misses>3287001</misses>
				<total>228</total>
				<timestamp>591.069402</timestamp>
			</report>
			<report>
				<misses>3288001</misses>
				<total>228</total>
				<timestamp>591.249245</timestamp>
			</report>
			<report>
				<misses>3289001</misses>
				<total>228</total>
				<timestamp>591.429066</timestamp>
			</report>
			<report>
				<misses>3290001</misses>
				<total>228</total>
				<timestamp>591.608878</timestamp>
			</report>
			<report>
				<misses>3291001</misses>
				<total>228</total>
				<timestamp>591.788684</timestamp>
			</report>
			<report>
				<misses>3292001</misses>
				<total>228</total>
				<timestamp>591.968536</timestamp>
			</report>
			<report>
				<misses>3293001</misses>
				<total>228</total>
				<timestamp>592.148353</timestamp>
			</report>
			<report>
				<misses>3294001</misses>
				<total>228</total>
				<timestamp>592.328174</timestamp>
			</report>
			<report>
				<misses>3295001</misses>
				<total>228</total>
				<timestamp>592.507993</timestamp>
			</report>
			<report>
				<misses>3296001</misses>
				<total>228</total>
				<timestamp>592.687799</timestamp>
			</report>
			<report>
				<misses>3297001</misses>
				<total>228</total>
				<timestamp>592.867654</timestamp>
			</report>
			<report>
				<misses>3298001</misses>
				<total>228</total>
				<timestamp>593.047489</timestamp>
			</report>
			<report>
				<misses>3299001</misses>
				<total>228</total>
				<timestamp>593.227270</timestamp>
			</report>
			<report>
				<misses>3300001</misses>
				<total>228</total>
				<timestamp>593.407085</timestamp>
			</report>
			<report>
				<misses>3301001</misses>
				<total>228</total>
				<timestamp>593.586937</timestamp>
			</report>
			<report>
				<misses>3302001</misses>
				<total>227</total>
				<timestamp>593.766780</timestamp>
			</report>
			<report>
				<misses>3303001</misses>
				<total>228</total>
				<timestamp>593.946539</timestamp>
			</report>
			<report>
				<misses>3304001</misses>
				<total>228</total>
				<timestamp>594.126347</timestamp>
			</report>
			<report>
				<misses>3305001</misses>
				<total>228</total>
				<timestamp>594.306185</timestamp>
			</report>
			<report>
				<misses>3306001</misses>
				<total>228</total>
				<timestamp>594.486009</timestamp>
			</report>
			<report>
				<misses>3307001</misses>
				<total>228</total>
				<timestamp>594.665840</timestamp>
			</report>
			<report>
				<misses>3308001</misses>
				<total>228</total>
				<timestamp>594.845649</timestamp>
			</report>
			<report>
				<misses>3309001</misses>
				<total>228</total>
				<timestamp>595.025478</timestamp>
			</report>
			<report>
				<misses>3310001</misses>
				<total>228</total>
				<timestamp>595.205274</timestamp>
			</report>
			<report>
				<misses>3311001</misses>
				<total>227</total>
				<timestamp>595.385105</timestamp>
			</report>
			<report>
				<misses>3312001</misses>
				<total>228</total>
				<timestamp>595.564935</timestamp>
			</report>
			<report>
				<misses>3313001</misses>
				<total>228</total>
				<timestamp>595.744742</timestamp>
			</report>
			<report>
				<misses>3314001</misses>
				<total>228</total>
				<timestamp>595.924597</timestamp>
			</report>
			<report>
				<misses>3315001</misses>
				<total>228</total>
				<timestamp>596.104408</timestamp>
			</report>
			<report>
				<misses>3316001</misses>
				<total>228</total>
				<timestamp>596.284228</timestamp>
			</report>
			<report>
				<misses>3317001</misses>
				<total>228</total>
				<timestamp>596.464033</timestamp>
			</report>
			<report>
				<misses>3318001</misses>
				<total>228</total>
				<timestamp>596.643882</timestamp>
			</report>
			<report>
				<misses>3319001</misses>
				<total>228</total>
				<timestamp>596.823668</timestamp>
			</report>
			<report>
				<misses>3320001</misses>
				<total>227</total>
				<timestamp>597.003481</timestamp>
			</report>
			<report>
				<misses>3321001</misses>
				<total>228</total>
				<timestamp>597.183317</timestamp>
			</report>
			<report>
				<misses>3322001</misses>
				<total>228</total>
				<timestamp>597.363116</timestamp>
			</report>
			<report>
				<misses>3323001</misses>
				<total>228</total>
				<timestamp>597.542939</timestamp>
			</report>
			<report>
				<misses>3324001</misses>
				<total>228</total>
				<timestamp>597.722772</timestamp>
			</report>
			<report>
				<misses>3325001</misses>
				<total>228</total>
				<timestamp>597.902578</timestamp>
			</report>
			<report>
				<misses>3326001</misses>
				<total>228</total>
				<timestamp>598.082415</timestamp>
			</report>
			<report>
				<misses>3327001</misses>
				<total>228</total>
				<timestamp>598.262225</timestamp>
			</report>
			<report>
				<misses>3328001</misses>
				<total>228</total>
				<timestamp>598.442091</timestamp>
			</report>
			<report>
				<misses>3329001</misses>
				<total>228</total>
				<timestamp>598.621898</timestamp>
			</report>
			<report>
				<misses>3330001</misses>
				<total>228</total>
				<timestamp>598.801697</timestamp>
			</report>
			<report>
				<misses>3331001</misses>
				<total>228</total>
				<timestamp>598.981513</timestamp>
			</report>
			<report>
				<misses>3332001</misses>
				<total>228</total>
				<timestamp>599.161318</timestamp>
			</report>
			<report>
				<misses>3333001</misses>
				<total>228</total>
				<timestamp>599.341152</timestamp>
			</report>
			<report>
				<misses>3334001</misses>
				<total>228</total>
				<timestamp>599.520973</timestamp>
			</report>
			<report>
				<misses>3335001</misses>
				<total>228</total>
				<timestamp>599.700818</timestamp>
			</report>
			<report>
				<misses>3336001</misses>
				<total>228</total>
				<timestamp>599.880612</timestamp>
			</report>
			<report>
				<misses>3337001</misses>
				<total>228</total>
				<timestamp>600.060437</timestamp>
			</report>
			<report>
				<misses>3338001</misses>
				<total>228</total>
				<timestamp>600.240241</timestamp>
			</report>
			<report>
				<misses>3339001</misses>
				<total>228</total>
				<timestamp>600.420080</timestamp>
			</report>
			<report>
				<misses>3340001</misses>
				<total>228</total>
				<timestamp>600.599953</timestamp>
			</report>
			<report>
				<misses>3341001</misses>
				<total>228</total>
				<timestamp>600.779701</timestamp>
			</report>
			<report>
				<misses>3342001</misses>
				<total>228</total>
				<timestamp>600.959566</timestamp>
			</report>
			<report>
				<misses>3343001</misses>
				<total>228</total>
				<timestamp>601.139412</timestamp>
			</report>
			<report>
				<misses>3344001</misses>
				<total>228</total>
				<timestamp>601.319250</timestamp>
			</report>
			<report>
				<misses>3345001</misses>
				<total>228</total>
				<timestamp>601.499055</timestamp>
			</report>
			<report>
				<misses>3346001</misses>
				<total>228</total>
				<timestamp>601.678871</timestamp>
			</report>
			<report>
				<misses>3347001</misses>
				<total>230</total>
				<timestamp>601.858746</timestamp>
			</report>
			<report>
				<misses>3348001</misses>
				<total>230</total>
				<timestamp>602.038460</timestamp>
			</report>
			<report>
				<misses>3349001</misses>
				<total>229</total>
				<timestamp>602.218328</timestamp>
			</report>
			<report>
				<misses>3350001</misses>
				<total>230</total>
				<timestamp>602.398081</timestamp>
			</report>
			<report>
				<misses>3351001</misses>
				<total>230</total>
				<timestamp>602.577923</timestamp>
			</report>
			<report>
				<misses>3352001</misses>
				<total>230</total>
				<timestamp>602.757796</timestamp>
			</report>
			<report>
				<misses>3353001</misses>
				<total>230</total>
				<timestamp>602.937664</timestamp>
			</report>
			<report>
				<misses>3354001</misses>
				<total>230</total>
				<timestamp>603.117413</timestamp>
			</report>
			<report>
				<misses>3355001</misses>
				<total>230</total>
				<timestamp>603.297317</timestamp>
			</report>
			<report>
				<misses>3356001</misses>
				<total>230</total>
				<timestamp>603.477024</timestamp>
			</report>
			<report>
				<misses>3357001</misses>
				<total>230</total>
				<timestamp>603.656944</timestamp>
			</report>
			<report>
				<misses>3358001</misses>
				<total>230</total>
				<timestamp>603.836714</timestamp>
			</report>
			<report>
				<misses>3359001</misses>
				<total>230</total>
				<timestamp>604.016478</timestamp>
			</report>
			<report>
				<misses>3360001</misses>
				<total>230</total>
				<timestamp>604.196347</timestamp>
			</report>
			<report>
				<misses>3361001</misses>
				<total>230</total>
				<timestamp>604.376243</timestamp>
			</report>
			<report>
				<misses>3362001</misses>
				<total>230</total>
				<timestamp>604.556045</timestamp>
			</report>
			<report>
				<misses>3363001</misses>
				<total>230</total>
				<timestamp>604.735742</timestamp>
			</report>
			<report>
				<misses>3364001</misses>
				<total>230</total>
				<timestamp>604.915629</timestamp>
			</report>
			<report>
				<misses>3365001</misses>
				<total>230</total>
				<timestamp>605.095502</timestamp>
			</report>
			<report>
				<misses>3366001</misses>
				<total>230</total>
				<timestamp>605.275291</timestamp>
			</report>
			<report>
				<misses>3367001</misses>
				<total>231</total>
				<timestamp>605.455030</timestamp>
			</report>
			<report>
				<misses>3368001</misses>
				<total>231</total>
				<timestamp>605.634932</timestamp>
			</report>
			<report>
				<misses>3369001</misses>
				<total>231</total>
				<timestamp>605.814733</timestamp>
			</report>
			<report>
				<misses>3370001</misses>
				<total>231</total>
				<timestamp>605.994610</timestamp>
			</report>
			<report>
				<misses>3371001</misses>
				<total>231</total>
				<timestamp>606.174316</timestamp>
			</report>
			<report>
				<misses>3372001</misses>
				<total>231</total>
				<timestamp>606.354135</timestamp>
			</report>
			<report>
				<misses>3373001</misses>
				<total>231</total>
				<timestamp>606.534022</timestamp>
			</report>
			<report>
				<misses>3374001</misses>
				<total>231</total>
				<timestamp>606.713761</timestamp>
			</report>
			<report>
				<misses>3375001</misses>
				<total>231</total>
				<timestamp>606.893659</timestamp>
			</report>
			<report>
				<misses>3376001</misses>
				<total>231</total>
				<timestamp>607.073470</timestamp>
			</report>
			<report>
				<misses>3377001</misses>
				<total>231</total>
				<timestamp>607.253292</timestamp>
			</report>
			<report>
				<misses>3378001</misses>
				<total>231</total>
				<timestamp>607.433167</timestamp>
			</report>
			<report>
				<misses>3379001</misses>
				<total>231</total>
				<timestamp>607.612964</timestamp>
			</report>
			<report>
				<misses>3380001</misses>
				<total>231</total>
				<timestamp>607.792693</timestamp>
			</report>
			<report>
				<misses>3381001</misses>
				<total>231</total>
				<timestamp>607.972540</timestamp>
			</report>
			<report>
				<misses>3382001</misses>
				<total>231</total>
				<timestamp>608.152335</timestamp>
			</report>
			<report>
				<misses>3383001</misses>
				<total>233</total>
				<timestamp>608.332144</timestamp>
			</report>
			<report>
				<misses>3384001</misses>
				<total>233</total>
				<timestamp>608.511979</timestamp>
			</report>
			<report>
				<misses>3385001</misses>
				<total>233</total>
				<timestamp>608.691855</timestamp>
			</report>
			<report>
				<misses>3386001</misses>
				<total>238</total>
				<timestamp>608.871618</timestamp>
			</report>
			<report>
				<misses>3387001</misses>
				<total>238</total>
				<timestamp>609.051552</timestamp>
			</report>
			<report>
				<misses>3388001</misses>
				<total>238</total>
				<timestamp>609.231307</timestamp>
			</report>
			<report>
				<misses>3389001</misses>
				<total>238</total>
				<timestamp>609.411064</timestamp>
			</report>
			<report>
				<misses>3390001</misses>
				<total>238</total>
				<timestamp>609.590894</timestamp>
			</report>
			<report>
				<misses>3391001</misses>
				<total>238</total>
				<timestamp>609.770743</timestamp>
			</report>
			<report>
				<misses>3392001</misses>
				<total>238</total>
				<timestamp>609.950557</timestamp>
			</report>
			<report>
				<misses>3393001</misses>
				<total>238</total>
				<timestamp>610.130380</timestamp>
			</report>
			<report>
				<misses>3394001</misses>
				<total>238</total>
				<timestamp>610.310279</timestamp>
			</report>
			<report>
				<misses>3395001</misses>
				<total>238</total>
				<timestamp>610.490057</timestamp>
			</report>
			<report>
				<misses>3396001</misses>
				<total>238</total>
				<timestamp>610.669869</timestamp>
			</report>
			<report>
				<misses>3397001</misses>
				<total>238</total>
				<timestamp>610.849741</timestamp>
			</report>
			<report>
				<misses>3398001</misses>
				<total>238</total>
				<timestamp>611.029455</timestamp>
			</report>
			<report>
				<misses>3399001</misses>
				<total>238</total>
				<timestamp>611.209330</timestamp>
			</report>
			<report>
				<misses>3400001</misses>
				<total>238</total>
				<timestamp>611.389076</timestamp>
			</report>
			<report>
				<misses>3401001</misses>
				<total>238</total>
				<timestamp>611.568913</timestamp>
			</report>
			<report>
				<misses>3402001</misses>
				<total>238</total>
				<timestamp>611.748788</timestamp>
			</report>
			<report>
				<misses>3403001</misses>
				<total>237</total>
				<timestamp>611.928582</timestamp>
			</report>
			<report>
				<misses>3404001</misses>
				<total>238</total>
				<timestamp>612.108392</timestamp>
			</report>
			<report>
				<misses>3405001</misses>
				<total>238</total>
				<timestamp>612.288288</timestamp>
			</report>
			<report>
				<misses>3406001</misses>
				<total>238</total>
				<timestamp>612.468015</timestamp>
			</report>
			<report>
				<misses>3407001</misses>
				<total>238</total>
				<timestamp>612.647894</timestamp>
			</report>
			<report>
				<misses>3408001</misses>
				<total>238</total>
				<timestamp>612.827653</timestamp>
			</report>
			<report>
				<misses>3409001</misses>
				<total>238</total>
				<timestamp>613.007534</timestamp>
			</report>
			<report>
				<misses>3410001</misses>
				<total>238</total>
				<timestamp>613.187355</timestamp>
			</report>
			<report>
				<misses>3411001</misses>
				<total>238</total>
				<timestamp>613.367097</timestamp>
			</report>
			<report>
				<misses>3412001</misses>
				<total>238</total>
				<timestamp>613.546953</timestamp>
			</report>
			<report>
				<misses>3413001</misses>
				<total>238</total>
				<timestamp>613.726817</timestamp>
			</report>
			<report>
				<misses>3414001</misses>
				<total>238</total>
				<timestamp>613.906579</timestamp>
			</report>
			<report>
				<misses>3415001</misses>
				<total>238</total>
				<timestamp>614.086431</timestamp>
			</report>
			<report>
				<misses>3416001</misses>
				<total>238</total>
				<timestamp>614.266270</timestamp>
			</report>
			<report>
				<misses>3417001</misses>
				<total>238</total>
				<timestamp>614.446148</timestamp>
			</report>
			<report>
				<misses>3418001</misses>
				<total>238</total>
				<timestamp>614.625851</timestamp>
			</report>
			<report>
				<misses>3419001</misses>
				<total>238</total>
				<timestamp>614.805797</timestamp>
			</report>
			<report>
				<misses>3420001</misses>
				<total>238</total>
				<timestamp>614.985555</timestamp>
			</report>
			<report>
				<misses>3421001</misses>
				<total>238</total>
				<timestamp>615.165369</timestamp>
			</report>
			<report>
				<misses>3422001</misses>
				<total>238</total>
				<timestamp>615.345244</timestamp>
			</report>
			<report>
				<misses>3423001</misses>
				<total>238</total>
				<timestamp>615.524973</timestamp>
			</report>
			<report>
				<misses>3424001</misses>
				<total>238</total>
				<timestamp>615.704759</timestamp>
			</report>
			<report>
				<misses>3425001</misses>
				<total>238</total>
				<timestamp>615.884617</timestamp>
			</report>
			<report>
				<misses>3426001</misses>
				<total>238</total>
				<timestamp>616.064438</timestamp>
			</report>
			<report>
				<misses>3427001</misses>
				<total>238</total>
				<timestamp>616.244313</timestamp>
			</report>
			<report>
				<misses>3428001</misses>
				<total>238</total>
				<timestamp>616.424182</timestamp>
			</report>
			<report>
				<misses>3429001</misses>
				<total>237</total>
				<timestamp>616.603983</timestamp>
			</report>
			<report>
				<misses>3430001</misses>
				<total>238</total>
				<timestamp>616.783805</timestamp>
			</report>
			<report>
				<misses>3431001</misses>
				<total>247</total>
				<timestamp>616.963541</timestamp>
			</report>
			<report>
				<misses>3432001</misses>
				<total>247</total>
				<timestamp>617.143448</timestamp>
			</report>
			<report>
				<misses>3433001</misses>
				<total>247</total>
				<timestamp>617.323232</timestamp>
			</report>
			<report>
				<misses>3434001</misses>
				<total>247</total>
				<timestamp>617.503031</timestamp>
			</report>
			<report>
				<misses>3435001</misses>
				<total>247</total>
				<timestamp>617.682906</timestamp>
			</report>
			<report>
				<misses>3436001</misses>
				<total>246</total>
				<timestamp>617.862619</timestamp>
			</report>
			<report>
				<misses>3437001</misses>
				<total>247</total>
				<timestamp>618.042421</timestamp>
			</report>
			<report>
				<misses>3438001</misses>
				<total>247</total>
				<timestamp>618.222318</timestamp>
			</report>
			<report>
				<misses>3439001</misses>
				<total>247</total>
				<timestamp>618.402073</timestamp>
			</report>
			<report>
				<misses>3440001</misses>
				<total>247</total>
				<timestamp>618.581958</timestamp>
			</report>
			<report>
				<misses>3441001</misses>
				<total>247</total>
				<timestamp>618.761774</timestamp>
			</report>
			<report>
				<misses>3442001</misses>
				<total>247</total>
				<timestamp>618.941524</timestamp>
			</report>
			<report>
				<misses>3443001</misses>
				<total>247</total>
				<timestamp>619.121383</timestamp>
			</report>
			<report>
				<misses>3444001</misses>
				<total>247</total>
				<timestamp>619.301178</timestamp>
			</report>
			<report>
				<misses>3445001</misses>
				<total>247</total>
				<timestamp>619.480999</timestamp>
			</report>
			<report>
				<misses>3446001</misses>
				<total>247</total>
				<timestamp>619.660928</timestamp>
			</report>
			<report>
				<misses>3447001</misses>
				<total>247</total>
				<timestamp>619.840748</timestamp>
			</report>
			<report>
				<misses>3448001</misses>
				<total>247</total>
				<timestamp>620.020509</timestamp>
			</report>
			<report>
				<misses>3449001</misses>
				<total>247</total>
				<timestamp>620.200336</timestamp>
			</report>
			<report>
				<misses>3450001</misses>
				<total>247</total>
				<timestamp>620.380099</timestamp>
			</report>
			<report>
				<misses>3451001</misses>
				<total>247</total>
				<timestamp>620.559915</timestamp>
			</report>
			<report>
				<misses>3452001</misses>
				<total>247</total>
				<timestamp>620.739792</timestamp>
			</report>
			<report>
				<misses>3453001</misses>
				<total>247</total>
				<timestamp>620.919675</timestamp>
			</report>
			<report>
				<misses>3454001</misses>
				<total>247</total>
				<timestamp>621.099379</timestamp>
			</report>
			<report>
				<misses>3455001</misses>
				<total>247</total>
				<timestamp>621.279271</timestamp>
			</report>
			<report>
				<misses>3456001</misses>
				<total>247</total>
				<timestamp>621.459076</timestamp>
			</report>
			<report>
				<misses>3457001</misses>
				<total>247</total>
				<timestamp>621.638893</timestamp>
			</report>
			<report>
				<misses>3458001</misses>
				<total>247</total>
				<timestamp>621.818766</timestamp>
			</report>
			<report>
				<misses>3459001</misses>
				<total>247</total>
				<timestamp>621.998585</timestamp>
			</report>
			<report>
				<misses>3460001</misses>
				<total>247</total>
				<timestamp>622.178352</timestamp>
			</report>
			<report>
				<misses>3461001</misses>
				<total>247</total>
				<timestamp>622.358223</timestamp>
			</report>
			<report>
				<misses>3462001</misses>
				<total>247</total>
				<timestamp>622.537944</timestamp>
			</report>
			<report>
				<misses>3463001</misses>
				<total>247</total>
				<timestamp>622.717755</timestamp>
			</report>
			<report>
				<misses>3464001</misses>
				<total>247</total>
				<timestamp>622.897562</timestamp>
			</report>
			<report>
				<misses>3465001</misses>
				<total>246</total>
				<timestamp>623.077498</timestamp>
			</report>
			<report>
				<misses>3466001</misses>
				<total>247</total>
				<timestamp>623.257230</timestamp>
			</report>
			<report>
				<misses>3467001</misses>
				<total>247</total>
				<timestamp>623.437089</timestamp>
			</report>
			<report>
				<misses>3468001</misses>
				<total>247</total>
				<timestamp>623.616907</timestamp>
			</report>
			<report>
				<misses>3469001</misses>
				<total>247</total>
				<timestamp>623.796789</timestamp>
			</report>
			<report>
				<misses>3470001</misses>
				<total>247</total>
				<timestamp>623.976555</timestamp>
			</report>
			<report>
				<misses>3471001</misses>
				<total>247</total>
				<timestamp>624.156426</timestamp>
			</report>
			<report>
				<misses>3472001</misses>
				<total>247</total>
				<timestamp>624.336136</timestamp>
			</report>
			<report>
				<misses>3473001</misses>
				<total>247</total>
				<timestamp>624.515956</timestamp>
			</report>
			<report>
				<misses>3474001</misses>
				<total>246</total>
				<timestamp>624.695888</timestamp>
			</report>
			<report>
				<misses>3475001</misses>
				<total>247</total>
				<timestamp>624.875713</timestamp>
			</report>
			<report>
				<misses>3476001</misses>
				<total>247</total>
				<timestamp>625.055478</timestamp>
			</report>
			<report>
				<misses>3477001</misses>
				<total>247</total>
				<timestamp>625.235351</timestamp>
			</report>
			<report>
				<misses>3478001</misses>
				<total>247</total>
				<timestamp>625.415062</timestamp>
			</report>
			<report>
				<misses>3479001</misses>
				<total>247</total>
				<timestamp>625.594861</timestamp>
			</report>
			<report>
				<misses>3480001</misses>
				<total>247</total>
				<timestamp>625.774811</timestamp>
			</report>
			<report>
				<misses>3481001</misses>
				<total>247</total>
				<timestamp>625.954516</timestamp>
			</report>
			<report>
				<misses>3482001</misses>
				<total>247</total>
				<timestamp>626.134390</timestamp>
			</report>
			<report>
				<misses>3483001</misses>
				<total>247</total>
				<timestamp>626.314290</timestamp>
			</report>
			<report>
				<misses>3484001</misses>
				<total>247</total>
				<timestamp>626.493978</timestamp>
			</report>
			<report>
				<misses>3485001</misses>
				<total>247</total>
				<timestamp>626.673857</timestamp>
			</report>
			<report>
				<misses>3486001</misses>
				<total>247</total>
				<timestamp>626.853725</timestamp>
			</report>
			<report>
				<misses>3487001</misses>
				<total>247</total>
				<timestamp>627.033436</timestamp>
			</report>
			<report>
				<misses>3488001</misses>
				<total>247</total>
				<timestamp>627.213368</timestamp>
			</report>
			<report>
				<misses>3489001</misses>
				<total>247</total>
				<timestamp>627.393188</timestamp>
			</report>
			<report>
				<misses>3490001</misses>
				<total>247</total>
				<timestamp>627.572896</timestamp>
			</report>
			<report>
				<misses>3491001</misses>
				<total>247</total>
				<timestamp>627.752822</timestamp>
			</report>
			<report>
				<misses>3492001</misses>
				<total>247</total>
				<timestamp>627.932530</timestamp>
			</report>
			<report>
				<misses>3493001</misses>
				<total>247</total>
				<timestamp>628.112358</timestamp>
			</report>
			<report>
				<misses>3494001</misses>
				<total>247</total>
				<timestamp>628.292247</timestamp>
			</report>
			<report>
				<misses>3495001</misses>
				<total>247</total>
				<timestamp>628.472107</timestamp>
			</report>
			<report>
				<misses>3496001</misses>
				<total>247</total>
				<timestamp>628.651813</timestamp>
			</report>
			<report>
				<misses>3497001</misses>
				<total>247</total>
				<timestamp>628.831625</timestamp>
			</report>
			<report>
				<misses>3498001</misses>
				<total>247</total>
				<timestamp>629.011447</timestamp>
			</report>
			<report>
				<misses>3499001</misses>
				<total>254</total>
				<timestamp>629.191334</timestamp>
			</report>
			<report>
				<misses>3500001</misses>
				<total>254</total>
				<timestamp>629.371081</timestamp>
			</report>
			<report>
				<misses>3501001</misses>
				<total>254</total>
				<timestamp>629.550922</timestamp>
			</report>
			<report>
				<misses>3502001</misses>
				<total>254</total>
				<timestamp>629.730792</timestamp>
			</report>
			<report>
				<misses>3503001</misses>
				<total>254</total>
				<timestamp>629.910539</timestamp>
			</report>
			<report>
				<misses>3504001</misses>
				<total>254</total>
				<timestamp>630.090429</timestamp>
			</report>
			<report>
				<misses>3505001</misses>
				<total>254</total>
				<timestamp>630.270275</timestamp>
			</report>
			<report>
				<misses>3506001</misses>
				<total>254</total>
				<timestamp>630.450159</timestamp>
			</report>
			<report>
				<misses>3507001</misses>
				<total>254</total>
				<timestamp>630.629950</timestamp>
			</report>
			<report>
				<misses>3508001</misses>
				<total>254</total>
				<timestamp>630.809648</timestamp>
			</report>
			<report>
				<misses>3509001</misses>
				<total>254</total>
				<timestamp>630.989459</timestamp>
			</report>
			<report>
				<misses>3510001</misses>
				<total>254</total>
				<timestamp>631.169351</timestamp>
			</report>
			<report>
				<misses>3511001</misses>
				<total>254</total>
				<timestamp>631.349176</timestamp>
			</report>
			<report>
				<misses>3512001</misses>
				<total>254</total>
				<timestamp>631.528939</timestamp>
			</report>
			<report>
				<misses>3513001</misses>
				<total>254</total>
				<timestamp>631.708807</timestamp>
			</report>
			<report>
				<misses>3514001</misses>
				<total>254</total>
				<timestamp>631.888581</timestamp>
			</report>
			<report>
				<misses>3515001</misses>
				<total>254</total>
				<timestamp>632.068499</timestamp>
			</report>
			<report>
				<misses>3516001</misses>
				<total>254</total>
				<timestamp>632.248268</timestamp>
			</report>
			<report>
				<misses>3517001</misses>
				<total>254</total>
				<timestamp>632.428146</timestamp>
			</report>
			<report>
				<misses>3518001</misses>
				<total>254</total>
				<timestamp>632.607924</timestamp>
			</report>
			<report>
				<misses>3519001</misses>
				<total>254</total>
				<timestamp>632.787692</timestamp>
			</report>
			<report>
				<misses>3520001</misses>
				<total>254</total>
				<timestamp>632.967497</timestamp>
			</report>
			<report>
				<misses>3521001</misses>
				<total>254</total>
				<timestamp>633.147303</timestamp>
			</report>
			<report>
				<misses>3522001</misses>
				<total>254</total>
				<timestamp>633.327249</timestamp>
			</report>
			<report>
				<misses>3523001</misses>
				<total>254</total>
				<timestamp>633.507009</timestamp>
			</report>
			<report>
				<misses>3524001</misses>
				<total>254</total>
				<timestamp>633.686889</timestamp>
			</report>
			<report>
				<misses>3525001</misses>
				<total>254</total>
				<timestamp>633.866595</timestamp>
			</report>
			<report>
				<misses>3526001</misses>
				<total>254</total>
				<timestamp>634.046525</timestamp>
			</report>
			<report>
				<misses>3527001</misses>
				<total>253</total>
				<timestamp>634.226344</timestamp>
			</report>
			<report>
				<misses>3528001</misses>
				<total>254</total>
				<timestamp>634.406064</timestamp>
			</report>
			<report>
				<misses>3529001</misses>
				<total>254</total>
				<timestamp>634.585933</timestamp>
			</report>
			<report>
				<misses>3530001</misses>
				<total>254</total>
				<timestamp>634.765700</timestamp>
			</report>
			<report>
				<misses>3531001</misses>
				<total>254</total>
				<timestamp>634.945534</timestamp>
			</report>
			<report>
				<misses>3532001</misses>
				<total>254</total>
				<timestamp>635.125450</timestamp>
			</report>
			<report>
				<misses>3533001</misses>
				<total>254</total>
				<timestamp>635.305269</timestamp>
			</report>
			<report>
				<misses>3534001</misses>
				<total>254</total>
				<timestamp>635.485034</timestamp>
			</report>
			<report>
				<misses>3535001</misses>
				<total>254</total>
				<timestamp>635.664799</timestamp>
			</report>
			<report>
				<misses>3536001</misses>
				<total>254</total>
				<timestamp>635.844614</timestamp>
			</report>
			<report>
				<misses>3537001</misses>
				<total>254</total>
				<timestamp>636.024543</timestamp>
			</report>
			<report>
				<misses>3538001</misses>
				<total>254</total>
				<timestamp>636.204365</timestamp>
			</report>
			<report>
				<misses>3539001</misses>
				<total>253</total>
				<timestamp>636.384078</timestamp>
			</report>
			<report>
				<misses>3540001</misses>
				<total>254</total>
				<timestamp>636.563960</timestamp>
			</report>
			<report>
				<misses>3541001</misses>
				<total>254</total>
				<timestamp>636.743703</timestamp>
			</report>
			<report>
				<misses>3542001</misses>
				<total>254</total>
				<timestamp>636.923644</timestamp>
			</report>
			<report>
				<misses>3543001</misses>
				<total>254</total>
				<timestamp>637.103431</timestamp>
			</report>
			<report>
				<misses>3544001</misses>
				<total>254</total>
				<timestamp>637.283306</timestamp>
			</report>
			<report>
				<misses>3545001</misses>
				<total>254</total>
				<timestamp>637.463054</timestamp>
			</report>
			<report>
				<misses>3546001</misses>
				<total>254</total>
				<timestamp>637.642868</timestamp>
			</report>
			<report>
				<misses>3547001</misses>
				<total>254</total>
				<timestamp>637.822630</timestamp>
			</report>
			<report>
				<misses>3548001</misses>
				<total>254</total>
				<timestamp>638.002508</timestamp>
			</report>
			<report>
				<misses>3549001</misses>
				<total>254</total>
				<timestamp>638.182336</timestamp>
			</report>
			<report>
				<misses>3550001</misses>
				<total>254</total>
				<timestamp>638.362150</timestamp>
			</report>
			<report>
				<misses>3551001</misses>
				<total>254</total>
				<timestamp>638.541918</timestamp>
			</report>
			<report>
				<misses>3552001</misses>
				<total>254</total>
				<timestamp>638.721788</timestamp>
			</report>
			<report>
				<misses>3553001</misses>
				<total>254</total>
				<timestamp>638.901667</timestamp>
			</report>
			<report>
				<misses>3554001</misses>
				<total>254</total>
				<timestamp>639.081356</timestamp>
			</report>
			<report>
				<misses>3555001</misses>
				<total>254</total>
				<timestamp>639.261266</timestamp>
			</report>
			<report>
				<misses>3556001</misses>
				<total>254</total>
				<timestamp>639.441155</timestamp>
			</report>
			<report>
				<misses>3557001</misses>
				<total>254</total>
				<timestamp>639.620890</timestamp>
			</report>
			<report>
				<misses>3558001</misses>
				<total>254</total>
				<timestamp>639.800712</timestamp>
			</report>
			<report>
				<misses>3559001</misses>
				<total>254</total>
				<timestamp>639.980599</timestamp>
			</report>
			<report>
				<misses>3560001</misses>
				<total>254</total>
				<timestamp>640.160296</timestamp>
			</report>
			<report>
				<misses>3561001</misses>
				<total>254</total>
				<timestamp>640.340175</timestamp>
			</report>
			<report>
				<misses>3562001</misses>
				<total>256</total>
				<timestamp>640.519995</timestamp>
			</report>
			<report>
				<misses>3563001</misses>
				<total>256</total>
				<timestamp>640.699745</timestamp>
			</report>
			<report>
				<misses>3564001</misses>
				<total>256</total>
				<timestamp>640.879687</timestamp>
			</report>
			<report>
				<misses>3565001</misses>
				<total>256</total>
				<timestamp>641.059424</timestamp>
			</report>
			<report>
				<misses>3566001</misses>
				<total>256</total>
				<timestamp>641.239220</timestamp>
			</report>
			<report>
				<misses>3567001</misses>
				<total>256</total>
				<timestamp>641.419092</timestamp>
			</report>
			<report>
				<misses>3568001</misses>
				<total>256</total>
				<timestamp>641.598920</timestamp>
			</report>
			<report>
				<misses>3569001</misses>
				<total>256</total>
				<timestamp>641.778781</timestamp>
			</report>
			<report>
				<misses>3570001</misses>
				<total>256</total>
				<timestamp>641.958495</timestamp>
			</report>
			<report>
				<misses>3571001</misses>
				<total>256</total>
				<timestamp>642.138371</timestamp>
			</report>
			<report>
				<misses>3572001</misses>
				<total>255</total>
				<timestamp>642.318243</timestamp>
			</report>
			<report>
				<misses>3573001</misses>
				<total>256</total>
				<timestamp>642.498080</timestamp>
			</report>
			<report>
				<misses>3574001</misses>
				<total>256</total>
				<timestamp>642.677759</timestamp>
			</report>
			<report>
				<misses>3575001</misses>
				<total>256</total>
				<timestamp>642.857600</timestamp>
			</report>
			<report>
				<misses>3576001</misses>
				<total>256</total>
				<timestamp>643.037488</timestamp>
			</report>
			<report>
				<misses>3577001</misses>
				<total>256</total>
				<timestamp>643.217316</timestamp>
			</report>
			<report>
				<misses>3578001</misses>
				<total>256</total>
				<timestamp>643.397110</timestamp>
			</report>
			<report>
				<misses>3579001</misses>
				<total>256</total>
				<timestamp>643.576939</timestamp>
			</report>
			<report>
				<misses>3580001</misses>
				<total>256</total>
				<timestamp>643.756756</timestamp>
			</report>
			<report>
				<misses>3581001</misses>
				<total>256</total>
				<timestamp>643.936529</timestamp>
			</report>
			<report>
				<misses>3582001</misses>
				<total>256</total>
				<timestamp>644.116387</timestamp>
			</report>
			<report>
				<misses>3583001</misses>
				<total>256</total>
				<timestamp>644.296282</timestamp>
			</report>
			<report>
				<misses>3584001</misses>
				<total>256</total>
				<timestamp>644.475983</timestamp>
			</report>
			<report>
				<misses>3585001</misses>
				<total>256</total>
				<timestamp>644.655869</timestamp>
			</report>
			<report>
				<misses>3586001</misses>
				<total>256</total>
				<timestamp>644.835598</timestamp>
			</report>
			<report>
				<misses>3587001</misses>
				<total>256</total>
				<timestamp>645.015424</timestamp>
			</report>
			<report>
				<misses>3588001</misses>
				<total>256</total>
				<timestamp>645.195242</timestamp>
			</report>
			<report>
				<misses>3589001</misses>
				<total>256</total>
				<timestamp>645.375055</timestamp>
			</report>
			<report>
				<misses>3590001</misses>
				<total>256</total>
				<timestamp>645.554951</timestamp>
			</report>
			<report>
				<misses>3591001</misses>
				<total>256</total>
				<timestamp>645.734840</timestamp>
			</report>
			<report>
				<misses>3592001</misses>
				<total>256</total>
				<timestamp>645.914522</timestamp>
			</report>
			<report>
				<misses>3593001</misses>
				<total>256</total>
				<timestamp>646.094371</timestamp>
			</report>
			<report>
				<misses>3594001</misses>
				<total>256</total>
				<timestamp>646.274248</timestamp>
			</report>
			<report>
				<misses>3595001</misses>
				<total>256</total>
				<timestamp>646.454105</timestamp>
			</report>
			<report>
				<misses>3596001</misses>
				<total>256</total>
				<timestamp>646.633802</timestamp>
			</report>
			<report>
				<misses>3597001</misses>
				<total>256</total>
				<timestamp>646.813741</timestamp>
			</report>
			<report>
				<misses>3598001</misses>
				<total>256</total>
				<timestamp>646.993452</timestamp>
			</report>
			<report>
				<misses>3599001</misses>
				<total>256</total>
				<timestamp>647.173327</timestamp>
			</report>
			<report>
				<misses>3600001</misses>
				<total>256</total>
				<timestamp>647.353084</timestamp>
			</report>
			<report>
				<misses>3601001</misses>
				<total>256</total>
				<timestamp>647.532917</timestamp>
			</report>
			<report>
				<misses>3602001</misses>
				<total>256</total>
				<timestamp>647.712743</timestamp>
			</report>
			<report>
				<misses>3603001</misses>
				<total>256</total>
				<timestamp>647.892611</timestamp>
			</report>
			<report>
				<misses>3604001</misses>
				<total>256</total>
				<timestamp>648.072408</timestamp>
			</report>
			<report>
				<misses>3605001</misses>
				<total>256</total>
				<timestamp>648.252192</timestamp>
			</report>
			<report>
				<misses>3606001</misses>
				<total>258</total>
				<timestamp>648.432133</timestamp>
			</report>
			<report>
				<misses>3607001</misses>
				<total>258</total>
				<timestamp>648.611901</timestamp>
			</report>
			<report>
				<misses>3608001</misses>
				<total>258</total>
				<timestamp>648.791647</timestamp>
			</report>
			<report>
				<misses>3609001</misses>
				<total>258</total>
				<timestamp>648.971474</timestamp>
			</report>
			<report>
				<misses>3610001</misses>
				<total>258</total>
				<timestamp>649.151347</timestamp>
			</report>
			<report>
				<misses>3611001</misses>
				<total>258</total>
				<timestamp>649.331226</timestamp>
			</report>
			<report>
				<misses>3612001</misses>
				<total>258</total>
				<timestamp>649.510946</timestamp>
			</report>
			<report>
				<misses>3613001</misses>
				<total>258</total>
				<timestamp>649.690737</timestamp>
			</report>
			<report>
				<misses>3614001</misses>
				<total>258</total>
				<timestamp>649.870588</timestamp>
			</report>
			<report>
				<misses>3615001</misses>
				<total>258</total>
				<timestamp>650.050457</timestamp>
			</report>
			<report>
				<misses>3616001</misses>
				<total>258</total>
				<timestamp>650.230224</timestamp>
			</report>
			<report>
				<misses>3617001</misses>
				<total>258</total>
				<timestamp>650.410048</timestamp>
			</report>
			<report>
				<misses>3618001</misses>
				<total>258</total>
				<timestamp>650.589921</timestamp>
			</report>
			<report>
				<misses>3619001</misses>
				<total>258</total>
				<timestamp>650.769661</timestamp>
			</report>
			<report>
				<misses>3620001</misses>
				<total>258</total>
				<timestamp>650.949524</timestamp>
			</report>
			<report>
				<misses>3621001</misses>
				<total>258</total>
				<timestamp>651.129302</timestamp>
			</report>
			<report>
				<misses>3622001</misses>
				<total>258</total>
				<timestamp>651.309243</timestamp>
			</report>
			<report>
				<misses>3623001</misses>
				<total>258</total>
				<timestamp>651.488955</timestamp>
			</report>
			<report>
				<misses>3624001</misses>
				<total>258</total>
				<timestamp>651.668844</timestamp>
			</report>
			<report>
				<misses>3625001</misses>
				<total>258</total>
				<timestamp>651.848599</timestamp>
			</report>
			<report>
				<misses>3626001</misses>
				<total>263</total>
				<timestamp>652.028438</timestamp>
			</report>
			<report>
				<misses>3627001</misses>
				<total>263</total>
				<timestamp>652.208219</timestamp>
			</report>
			<report>
				<misses>3628001</misses>
				<total>263</total>
				<timestamp>652.388113</timestamp>
			</report>
			<report>
				<misses>3629001</misses>
				<total>263</total>
				<timestamp>652.567935</timestamp>
			</report>
			<report>
				<misses>3630001</misses>
				<total>263</total>
				<timestamp>652.747700</timestamp>
			</report>
			<report>
				<misses>3631001</misses>
				<total>263</total>
				<timestamp>652.927537</timestamp>
			</report>
			<report>
				<misses>3632001</misses>
				<total>262</total>
				<timestamp>653.107390</timestamp>
			</report>
			<report>
				<misses>3633001</misses>
				<total>263</total>
				<timestamp>653.287157</timestamp>
			</report>
			<report>
				<misses>3634001</misses>
				<total>263</total>
				<timestamp>653.467034</timestamp>
			</report>
			<report>
				<misses>3635001</misses>
				<total>263</total>
				<timestamp>653.646859</timestamp>
			</report>
			<report>
				<misses>3636001</misses>
				<total>263</total>
				<timestamp>653.826620</timestamp>
			</report>
			<report>
				<misses>3637001</misses>
				<total>262</total>
				<timestamp>654.006430</timestamp>
			</report>
			<report>
				<misses>3638001</misses>
				<total>263</total>
				<timestamp>654.186311</timestamp>
			</report>
			<report>
				<misses>3639001</misses>
				<total>263</total>
				<timestamp>654.366187</timestamp>
			</report>
			<report>
				<misses>3640001</misses>
				<total>263</total>
				<timestamp>654.545950</timestamp>
			</report>
			<report>
				<misses>3641001</misses>
				<total>263</total>
				<timestamp>654.725699</timestamp>
			</report>
			<report>
				<misses>3642001</misses>
				<total>263</total>
				<timestamp>654.905588</timestamp>
			</report>
			<report>
				<misses>3643001</misses>
				<total>263</total>
				<timestamp>655.085420</timestamp>
			</report>
			<report>
				<misses>3644001</misses>
				<total>263</total>
				<timestamp>655.265223</timestamp>
			</report>
			<report>
				<misses>3645001</misses>
				<total>265</total>
				<timestamp>655.445105</timestamp>
			</report>
			<report>
				<misses>3646001</misses>
				<total>265</total>
				<timestamp>655.624866</timestamp>
			</report>
			<report>
				<misses>3647001</misses>
				<total>265</total>
				<timestamp>655.804646</timestamp>
			</report>
			<report>
				<misses>3648001</misses>
				<total>265</total>
				<timestamp>655.984516</timestamp>
			</report>
			<report>
				<misses>3649001</misses>
				<total>265</total>
				<timestamp>656.164385</timestamp>
			</report>
			<report>
				<misses>3650001</misses>
				<total>265</total>
				<timestamp>656.344149</timestamp>
			</report>
			<report>
				<misses>3651001</misses>
				<total>265</total>
				<timestamp>656.523929</timestamp>
			</report>
			<report>
				<misses>3652001</misses>
				<total>265</total>
				<timestamp>656.703794</timestamp>
			</report>
			<report>
				<misses>3653001</misses>
				<total>265</total>
				<timestamp>656.883672</timestamp>
			</report>
			<report>
				<misses>3654001</misses>
				<total>265</total>
				<timestamp>657.063434</timestamp>
			</report>
			<report>
				<misses>3655001</misses>
				<total>265</total>
				<timestamp>657.243267</timestamp>
			</report>
			<report>
				<misses>3656001</misses>
				<total>265</total>
				<timestamp>657.423125</timestamp>
			</report>
			<report>
				<misses>3657001</misses>
				<total>265</total>
				<timestamp>657.602847</timestamp>
			</report>
			<report>
				<misses>3658001</misses>
				<total>265</total>
				<timestamp>657.782760</timestamp>
			</report>
			<report>
				<misses>3659001</misses>
				<total>264</total>
				<timestamp>657.962518</timestamp>
			</report>
			<report>
				<misses>3660001</misses>
				<total>265</total>
				<timestamp>658.142348</timestamp>
			</report>
			<report>
				<misses>3661001</misses>
				<total>265</total>
				<timestamp>658.322110</timestamp>
			</report>
			<report>
				<misses>3662001</misses>
				<total>266</total>
				<timestamp>658.501937</timestamp>
			</report>
			<report>
				<misses>3663001</misses>
				<total>266</total>
				<timestamp>658.681766</timestamp>
			</report>
			<report>
				<misses>3664001</misses>
				<total>266</total>
				<timestamp>658.861580</timestamp>
			</report>
			<report>
				<misses>3665001</misses>
				<total>265</total>
				<timestamp>659.041422</timestamp>
			</report>
			<report>
				<misses>3666001</misses>
				<total>266</total>
				<timestamp>659.221273</timestamp>
			</report>
			<report>
				<misses>3667001</misses>
				<total>266</total>
				<timestamp>659.401168</timestamp>
			</report>
			<report>
				<misses>3668001</misses>
				<total>266</total>
				<timestamp>659.580861</timestamp>
			</report>
			<report>
				<misses>3669001</misses>
				<total>266</total>
				<timestamp>659.760730</timestamp>
			</report>
			<report>
				<misses>3670001</misses>
				<total>266</total>
				<timestamp>659.940507</timestamp>
			</report>
			<report>
				<misses>3671001</misses>
				<total>265</total>
				<timestamp>660.120313</timestamp>
			</report>
			<report>
				<misses>3672001</misses>
				<total>266</total>
				<timestamp>660.300229</timestamp>
			</report>
			<report>
				<misses>3673001</misses>
				<total>266</total>
				<timestamp>660.479963</timestamp>
			</report>
			<report>
				<misses>3674001</misses>
				<total>266</total>
				<timestamp>660.659843</timestamp>
			</report>
			<report>
				<misses>3675001</misses>
				<total>265</total>
				<timestamp>660.839656</timestamp>
			</report>
			<report>
				<misses>3676001</misses>
				<total>266</total>
				<timestamp>661.019470</timestamp>
			</report>
			<report>
				<misses>3677001</misses>
				<total>266</total>
				<timestamp>661.199306</timestamp>
			</report>
			<report>
				<misses>3678001</misses>
				<total>266</total>
				<timestamp>661.379114</timestamp>
			</report>
			<report>
				<misses>3679001</misses>
				<total>265</total>
				<timestamp>661.558984</timestamp>
			</report>
			<report>
				<misses>3680001</misses>
				<total>266</total>
				<timestamp>661.738686</timestamp>
			</report>
			<report>
				<misses>3681001</misses>
				<total>267</total>
				<timestamp>661.918517</timestamp>
			</report>
			<report>
				<misses>3682001</misses>
				<total>267</total>
				<timestamp>662.098412</timestamp>
			</report>
			<report>
				<misses>3683001</misses>
				<total>267</total>
				<timestamp>662.278163</timestamp>
			</report>
			<report>
				<misses>3684001</misses>
				<total>266</total>
				<timestamp>662.458029</timestamp>
			</report>
			<report>
				<misses>3685001</misses>
				<total>267</total>
				<timestamp>662.637860</timestamp>
			</report>
			<report>
				<misses>3686001</misses>
				<total>267</total>
				<timestamp>662.817797</timestamp>
			</report>
			<report>
				<misses>3687001</misses>
				<total>267</total>
				<timestamp>662.997603</timestamp>
			</report>
			<report>
				<misses>3688001</misses>
				<total>267</total>
				<timestamp>663.177485</timestamp>
			</report>
			<report>
				<misses>3689001</misses>
				<total>267</total>
				<timestamp>663.357302</timestamp>
			</report>
			<report>
				<misses>3690001</misses>
				<total>267</total>
				<timestamp>663.537077</timestamp>
			</report>
			<report>
				<misses>3691001</misses>
				<total>267</total>
				<timestamp>663.717002</timestamp>
			</report>
			<report>
				<misses>3692001</misses>
				<total>267</total>
				<timestamp>663.896770</timestamp>
			</report>
			<report>
				<misses>3693001</misses>
				<total>267</total>
				<timestamp>664.076536</timestamp>
			</report>
			<report>
				<misses>3694001</misses>
				<total>266</total>
				<timestamp>664.256418</timestamp>
			</report>
			<report>
				<misses>3695001</misses>
				<total>267</total>
				<timestamp>664.436299</timestamp>
			</report>
			<report>
				<misses>3696001</misses>
				<total>267</total>
				<timestamp>664.616061</timestamp>
			</report>
			<report>
				<misses>3697001</misses>
				<total>267</total>
				<timestamp>664.795928</timestamp>
			</report>
			<report>
				<misses>3698001</misses>
				<total>267</total>
				<timestamp>664.975745</timestamp>
			</report>
			<report>
				<misses>3699001</misses>
				<total>267</total>
				<timestamp>665.155508</timestamp>
			</report>
			<report>
				<misses>3700001</misses>
				<total>267</total>
				<timestamp>665.335332</timestamp>
			</report>
			<report>
				<misses>3701001</misses>
				<total>267</total>
				<timestamp>665.515095</timestamp>
			</report>
			<report>
				<misses>3702001</misses>
				<total>267</total>
				<timestamp>665.694921</timestamp>
			</report>
			<report>
				<misses>3703001</misses>
				<total>267</total>
				<timestamp>665.874783</timestamp>
			</report>
			<report>
				<misses>3704001</misses>
				<total>267</total>
				<timestamp>666.054606</timestamp>
			</report>
			<report>
				<misses>3705001</misses>
				<total>267</total>
				<timestamp>666.234389</timestamp>
			</report>
			<report>
				<misses>3706001</misses>
				<total>267</total>
				<timestamp>666.414270</timestamp>
			</report>
			<report>
				<misses>3707001</misses>
				<total>267</total>
				<timestamp>666.594022</timestamp>
			</report>
			<report>
				<misses>3708001</misses>
				<total>267</total>
				<timestamp>666.773892</timestamp>
			</report>
			<report>
				<misses>3709001</misses>
				<total>267</total>
				<timestamp>666.953706</timestamp>
			</report>
			<report>
				<misses>3710001</misses>
				<total>267</total>
				<timestamp>667.133480</timestamp>
			</report>
			<report>
				<misses>3711001</misses>
				<total>267</total>
				<timestamp>667.313351</timestamp>
			</report>
			<report>
				<misses>3712001</misses>
				<total>267</total>
				<timestamp>667.493190</timestamp>
			</report>
			<report>
				<misses>3713001</misses>
				<total>267</total>
				<timestamp>667.673000</timestamp>
			</report>
			<report>
				<misses>3714001</misses>
				<total>267</total>
				<timestamp>667.852809</timestamp>
			</report>
			<report>
				<misses>3715001</misses>
				<total>267</total>
				<timestamp>668.032691</timestamp>
			</report>
			<report>
				<misses>3716001</misses>
				<total>267</total>
				<timestamp>668.212421</timestamp>
			</report>
			<report>
				<misses>3717001</misses>
				<total>267</total>
				<timestamp>668.392292</timestamp>
			</report>
			<report>
				<misses>3718001</misses>
				<total>267</total>
				<timestamp>668.572159</timestamp>
			</report>
			<report>
				<misses>3719001</misses>
				<total>267</total>
				<timestamp>668.751916</timestamp>
			</report>
			<report>
				<misses>3720001</misses>
				<total>267</total>
				<timestamp>668.931668</timestamp>
			</report>
			<report>
				<misses>3721001</misses>
				<total>267</total>
				<timestamp>669.111511</timestamp>
			</report>
			<report>
				<misses>3722001</misses>
				<total>266</total>
				<timestamp>669.291295</timestamp>
			</report>
			<report>
				<misses>3723001</misses>
				<total>267</total>
				<timestamp>669.471184</timestamp>
			</report>
			<report>
				<misses>3724001</misses>
				<total>267</total>
				<timestamp>669.650956</timestamp>
			</report>
			<report>
				<misses>3725001</misses>
				<total>267</total>
				<timestamp>669.830763</timestamp>
			</report>
			<report>
				<misses>3726001</misses>
				<total>267</total>
				<timestamp>670.010701</timestamp>
			</report>
			<report>
				<misses>3727001</misses>
				<total>267</total>
				<timestamp>670.190420</timestamp>
			</report>
			<report>
				<misses>3728001</misses>
				<total>267</total>
				<timestamp>670.370316</timestamp>
			</report>
			<report>
				<misses>3729001</misses>
				<total>267</total>
				<timestamp>670.550179</timestamp>
			</report>
			<report>
				<misses>3730001</misses>
				<total>267</total>
				<timestamp>670.729935</timestamp>
			</report>
			<report>
				<misses>3731001</misses>
				<total>267</total>
				<timestamp>670.909698</timestamp>
			</report>
			<report>
				<misses>3732001</misses>
				<total>267</total>
				<timestamp>671.089651</timestamp>
			</report>
			<report>
				<misses>3733001</misses>
				<total>267</total>
				<timestamp>671.269414</timestamp>
			</report>
			<report>
				<misses>3734001</misses>
				<total>266</total>
				<timestamp>671.449210</timestamp>
			</report>
			<report>
				<misses>3735001</misses>
				<total>267</total>
				<timestamp>671.629032</timestamp>
			</report>
			<report>
				<misses>3736001</misses>
				<total>267</total>
				<timestamp>671.808847</timestamp>
			</report>
			<report>
				<misses>3737001</misses>
				<total>267</total>
				<timestamp>671.988615</timestamp>
			</report>
			<report>
				<misses>3738001</misses>
				<total>267</total>
				<timestamp>672.168455</timestamp>
			</report>
			<report>
				<misses>3739001</misses>
				<total>266</total>
				<timestamp>672.348361</timestamp>
			</report>
			<report>
				<misses>3740001</misses>
				<total>267</total>
				<timestamp>672.528092</timestamp>
			</report>
			<report>
				<misses>3741001</misses>
				<total>267</total>
				<timestamp>672.707948</timestamp>
			</report>
			<report>
				<misses>3742001</misses>
				<total>267</total>
				<timestamp>672.887712</timestamp>
			</report>
			<report>
				<misses>3743001</misses>
				<total>267</total>
				<timestamp>673.067534</timestamp>
			</report>
			<report>
				<misses>3744001</misses>
				<total>267</total>
				<timestamp>673.247373</timestamp>
			</report>
			<report>
				<misses>3745001</misses>
				<total>267</total>
				<timestamp>673.427160</timestamp>
			</report>
			<report>
				<misses>3746001</misses>
				<total>267</total>
				<timestamp>673.607104</timestamp>
			</report>
			<report>
				<misses>3747001</misses>
				<total>270</total>
				<timestamp>673.786874</timestamp>
			</report>
			<report>
				<misses>3748001</misses>
				<total>270</total>
				<timestamp>673.966745</timestamp>
			</report>
			<report>
				<misses>3749001</misses>
				<total>270</total>
				<timestamp>674.146565</timestamp>
			</report>
			<report>
				<misses>3750001</misses>
				<total>270</total>
				<timestamp>674.326261</timestamp>
			</report>
			<report>
				<misses>3751001</misses>
				<total>270</total>
				<timestamp>674.506208</timestamp>
			</report>
			<report>
				<misses>3752001</misses>
				<total>270</total>
				<timestamp>674.685934</timestamp>
			</report>
			<report>
				<misses>3753001</misses>
				<total>270</total>
				<timestamp>674.865794</timestamp>
			</report>
			<report>
				<misses>3754001</misses>
				<total>270</total>
				<timestamp>675.045557</timestamp>
			</report>
			<report>
				<misses>3755001</misses>
				<total>270</total>
				<timestamp>675.225430</timestamp>
			</report>
			<report>
				<misses>3756001</misses>
				<total>270</total>
				<timestamp>675.405183</timestamp>
			</report>
			<report>
				<misses>3757001</misses>
				<total>270</total>
				<timestamp>675.585142</timestamp>
			</report>
			<report>
				<misses>3758001</misses>
				<total>270</total>
				<timestamp>675.764903</timestamp>
			</report>
			<report>
				<misses>3759001</misses>
				<total>270</total>
				<timestamp>675.944645</timestamp>
			</report>
			<report>
				<misses>3760001</misses>
				<total>270</total>
				<timestamp>676.124497</timestamp>
			</report>
			<report>
				<misses>3761001</misses>
				<total>270</total>
				<timestamp>676.304288</timestamp>
			</report>
			<report>
				<misses>3762001</misses>
				<total>270</total>
				<timestamp>676.484132</timestamp>
			</report>
			<report>
				<misses>3763001</misses>
				<total>270</total>
				<timestamp>676.663946</timestamp>
			</report>
			<report>
				<misses>3764001</misses>
				<total>270</total>
				<timestamp>676.843753</timestamp>
			</report>
			<report>
				<misses>3765001</misses>
				<total>270</total>
				<timestamp>677.023551</timestamp>
			</report>
			<report>
				<misses>3766001</misses>
				<total>270</total>
				<timestamp>677.203398</timestamp>
			</report>
			<report>
				<misses>3767001</misses>
				<total>270</total>
				<timestamp>677.383186</timestamp>
			</report>
			<report>
				<misses>3768001</misses>
				<total>270</total>
				<timestamp>677.563051</timestamp>
			</report>
			<report>
				<misses>3769001</misses>
				<total>270</total>
				<timestamp>677.742877</timestamp>
			</report>
			<report>
				<misses>3770001</misses>
				<total>270</total>
				<timestamp>677.922640</timestamp>
			</report>
			<report>
				<misses>3771001</misses>
				<total>270</total>
				<timestamp>678.102471</timestamp>
			</report>
			<report>
				<misses>3772001</misses>
				<total>270</total>
				<timestamp>678.282351</timestamp>
			</report>
			<report>
				<misses>3773001</misses>
				<total>270</total>
				<timestamp>678.462116</timestamp>
			</report>
			<report>
				<misses>3774001</misses>
				<total>270</total>
				<timestamp>678.642013</timestamp>
			</report>
			<report>
				<misses>3775001</misses>
				<total>270</total>
				<timestamp>678.821786</timestamp>
			</report>
			<report>
				<misses>3776001</misses>
				<total>270</total>
				<timestamp>679.001567</timestamp>
			</report>
			<report>
				<misses>3777001</misses>
				<total>270</total>
				<timestamp>679.181392</timestamp>
			</report>
			<report>
				<misses>3778001</misses>
				<total>270</total>
				<timestamp>679.361215</timestamp>
			</report>
			<report>
				<misses>3779001</misses>
				<total>270</total>
				<timestamp>679.541075</timestamp>
			</report>
			<report>
				<misses>3780001</misses>
				<total>270</total>
				<timestamp>679.720876</timestamp>
			</report>
			<report>
				<misses>3781001</misses>
				<total>270</total>
				<timestamp>679.900690</timestamp>
			</report>
			<report>
				<misses>3782001</misses>
				<total>270</total>
				<timestamp>680.080494</timestamp>
			</report>
			<report>
				<misses>3783001</misses>
				<total>270</total>
				<timestamp>680.260322</timestamp>
			</report>
			<report>
				<misses>3784001</misses>
				<total>270</total>
				<timestamp>680.440188</timestamp>
			</report>
			<report>
				<misses>3785001</misses>
				<total>270</total>
				<timestamp>680.619990</timestamp>
			</report>
			<report>
				<misses>3786001</misses>
				<total>270</total>
				<timestamp>680.799767</timestamp>
			</report>
			<report>
				<misses>3787001</misses>
				<total>270</total>
				<timestamp>680.979604</timestamp>
			</report>
			<report>
				<misses>3788001</misses>
				<total>270</total>
				<timestamp>681.159418</timestamp>
			</report>
			<report>
				<misses>3789001</misses>
				<total>270</total>
				<timestamp>681.339237</timestamp>
			</report>
			<report>
				<misses>3790001</misses>
				<total>270</total>
				<timestamp>681.519064</timestamp>
			</report>
			<report>
				<misses>3791001</misses>
				<total>270</total>
				<timestamp>681.698910</timestamp>
			</report>
			<report>
				<misses>3792001</misses>
				<total>270</total>
				<timestamp>681.878730</timestamp>
			</report>
			<report>
				<misses>3793001</misses>
				<total>270</total>
				<timestamp>682.058527</timestamp>
			</report>
			<report>
				<misses>3794001</misses>
				<total>270</total>
				<timestamp>682.238356</timestamp>
			</report>
			<report>
				<misses>3795001</misses>
				<total>270</total>
				<timestamp>682.418163</timestamp>
			</report>
			<report>
				<misses>3796001</misses>
				<total>270</total>
				<timestamp>682.597986</timestamp>
			</report>
			<report>
				<misses>3797001</misses>
				<total>270</total>
				<timestamp>682.777799</timestamp>
			</report>
			<report>
				<misses>3798001</misses>
				<total>270</total>
				<timestamp>682.957600</timestamp>
			</report>
			<report>
				<misses>3799001</misses>
				<total>270</total>
				<timestamp>683.137461</timestamp>
			</report>
			<report>
				<misses>3800001</misses>
				<total>270</total>
				<timestamp>683.317264</timestamp>
			</report>
			<report>
				<misses>3801001</misses>
				<total>270</total>
				<timestamp>683.497098</timestamp>
			</report>
			<report>
				<misses>3802001</misses>
				<total>270</total>
				<timestamp>683.676930</timestamp>
			</report>
			<report>
				<misses>3803001</misses>
				<total>270</total>
				<timestamp>683.856724</timestamp>
			</report>
			<report>
				<misses>3804001</misses>
				<total>270</total>
				<timestamp>684.036533</timestamp>
			</report>
			<report>
				<misses>3805001</misses>
				<total>270</total>
				<timestamp>684.216403</timestamp>
			</report>
			<report>
				<misses>3806001</misses>
				<total>270</total>
				<timestamp>684.396178</timestamp>
			</report>
			<report>
				<misses>3807001</misses>
				<total>272</total>
				<timestamp>684.576010</timestamp>
			</report>
			<report>
				<misses>3808001</misses>
				<total>272</total>
				<timestamp>684.755816</timestamp>
			</report>
			<report>
				<misses>3809001</misses>
				<total>272</total>
				<timestamp>684.935630</timestamp>
			</report>
			<report>
				<misses>3810001</misses>
				<total>272</total>
				<timestamp>685.115462</timestamp>
			</report>
			<report>
				<misses>3811001</misses>
				<total>272</total>
				<timestamp>685.295300</timestamp>
			</report>
			<report>
				<misses>3812001</misses>
				<total>272</total>
				<timestamp>685.475103</timestamp>
			</report>
			<report>
				<misses>3813001</misses>
				<total>272</total>
				<timestamp>685.654965</timestamp>
			</report>
			<report>
				<misses>3814001</misses>
				<total>272</total>
				<timestamp>685.834743</timestamp>
			</report>
			<report>
				<misses>3815001</misses>
				<total>272</total>
				<timestamp>686.014578</timestamp>
			</report>
			<report>
				<misses>3816001</misses>
				<total>271</total>
				<timestamp>686.194404</timestamp>
			</report>
			<report>
				<misses>3817001</misses>
				<total>272</total>
				<timestamp>686.374205</timestamp>
			</report>
			<report>
				<misses>3818001</misses>
				<total>272</total>
				<timestamp>686.554068</timestamp>
			</report>
			<report>
				<misses>3819001</misses>
				<total>272</total>
				<timestamp>686.733873</timestamp>
			</report>
			<report>
				<misses>3820001</misses>
				<total>272</total>
				<timestamp>686.913657</timestamp>
			</report>
			<report>
				<misses>3821001</misses>
				<total>272</total>
				<timestamp>687.093526</timestamp>
			</report>
			<report>
				<misses>3822001</misses>
				<total>271</total>
				<timestamp>687.273340</timestamp>
			</report>
			<report>
				<misses>3823001</misses>
				<total>272</total>
				<timestamp>687.453128</timestamp>
			</report>
			<report>
				<misses>3824001</misses>
				<total>272</total>
				<timestamp>687.632947</timestamp>
			</report>
			<report>
				<misses>3825001</misses>
				<total>272</total>
				<timestamp>687.812773</timestamp>
			</report>
			<report>
				<misses>3826001</misses>
				<total>272</total>
				<timestamp>687.992575</timestamp>
			</report>
			<report>
				<misses>3827001</misses>
				<total>272</total>
				<timestamp>688.172431</timestamp>
			</report>
			<report>
				<misses>3828001</misses>
				<total>271</total>
				<timestamp>688.352230</timestamp>
			</report>
			<report>
				<misses>3829001</misses>
				<total>272</total>
				<timestamp>688.532080</timestamp>
			</report>
			<report>
				<misses>3830001</misses>
				<total>272</total>
				<timestamp>688.711889</timestamp>
			</report>
			<report>
				<misses>3831001</misses>
				<total>272</total>
				<timestamp>688.891682</timestamp>
			</report>
			<report>
				<misses>3832001</misses>
				<total>272</total>
				<timestamp>689.071491</timestamp>
			</report>
			<report>
				<misses>3833001</misses>
				<total>272</total>
				<timestamp>689.251377</timestamp>
			</report>
			<report>
				<misses>3834001</misses>
				<total>272</total>
				<timestamp>689.431149</timestamp>
			</report>
			<report>
				<misses>3835001</misses>
				<total>272</total>
				<timestamp>689.610988</timestamp>
			</report>
			<report>
				<misses>3836001</misses>
				<total>272</total>
				<timestamp>689.790776</timestamp>
			</report>
			<report>
				<misses>3837001</misses>
				<total>272</total>
				<timestamp>689.970595</timestamp>
			</report>
			<report>
				<misses>3838001</misses>
				<total>272</total>
				<timestamp>690.150425</timestamp>
			</report>
			<report>
				<misses>3839001</misses>
				<total>272</total>
				<timestamp>690.330241</timestamp>
			</report>
			<report>
				<misses>3840001</misses>
				<total>272</total>
				<timestamp>690.510095</timestamp>
			</report>
			<report>
				<misses>3841001</misses>
				<total>273</total>
				<timestamp>690.689923</timestamp>
			</report>
			<report>
				<misses>3842001</misses>
				<total>273</total>
				<timestamp>690.869685</timestamp>
			</report>
			<report>
				<misses>3843001</misses>
				<total>272</total>
				<timestamp>691.049539</timestamp>
			</report>
			<report>
				<misses>3844001</misses>
				<total>273</total>
				<timestamp>691.229341</timestamp>
			</report>
			<report>
				<misses>3845001</misses>
				<total>273</total>
				<timestamp>691.409172</timestamp>
			</report>
			<report>
				<misses>3846001</misses>
				<total>273</total>
				<timestamp>691.589008</timestamp>
			</report>
			<report>
				<misses>3847001</misses>
				<total>273</total>
				<timestamp>691.768842</timestamp>
			</report>
			<report>
				<misses>3848001</misses>
				<total>273</total>
				<timestamp>691.948637</timestamp>
			</report>
			<report>
				<misses>3849001</misses>
				<total>273</total>
				<timestamp>692.128475</timestamp>
			</report>
			<report>
				<misses>3850001</misses>
				<total>273</total>
				<timestamp>692.308262</timestamp>
			</report>
			<report>
				<misses>3851001</misses>
				<total>273</total>
				<timestamp>692.488095</timestamp>
			</report>
			<report>
				<misses>3852001</misses>
				<total>273</total>
				<timestamp>692.667901</timestamp>
			</report>
			<report>
				<misses>3853001</misses>
				<total>273</total>
				<timestamp>692.847750</timestamp>
			</report>
			<report>
				<misses>3854001</misses>
				<total>273</total>
				<timestamp>693.027538</timestamp>
			</report>
			<report>
				<misses>3855001</misses>
				<total>273</total>
				<timestamp>693.207376</timestamp>
			</report>
			<report>
				<misses>3856001</misses>
				<total>273</total>
				<timestamp>693.387184</timestamp>
			</report>
			<report>
				<misses>3857001</misses>
				<total>273</total>
				<timestamp>693.567022</timestamp>
			</report>
			<report>
				<misses>3858001</misses>
				<total>273</total>
				<timestamp>693.746867</timestamp>
			</report>
			<report>
				<misses>3859001</misses>
				<total>273</total>
				<timestamp>693.926642</timestamp>
			</report>
			<report>
				<misses>3860001</misses>
				<total>273</total>
				<timestamp>694.106486</timestamp>
			</report>
			<report>
				<misses>3861001</misses>
				<total>273</total>
				<timestamp>694.286280</timestamp>
			</report>
			<report>
				<misses>3862001</misses>
				<total>273</total>
				<timestamp>694.466107</timestamp>
			</report>
			<report>
				<misses>3863001</misses>
				<total>273</total>
				<timestamp>694.645963</timestamp>
			</report>
			<report>
				<misses>3864001</misses>
				<total>273</total>
				<timestamp>694.825829</timestamp>
			</report>
			<report>
				<misses>3865001</misses>
				<total>273</total>
				<timestamp>695.005562</timestamp>
			</report>
			<report>
				<misses>3866001</misses>
				<total>273</total>
				<timestamp>695.185382</timestamp>
			</report>
			<report>
				<misses>3867001</misses>
				<total>272</total>
				<timestamp>695.365223</timestamp>
			</report>
			<report>
				<misses>3868001</misses>
				<total>273</total>
				<timestamp>695.545015</timestamp>
			</report>
			<report>
				<misses>3869001</misses>
				<total>273</total>
				<timestamp>695.724905</timestamp>
			</report>
			<report>
				<misses>3870001</misses>
				<total>272</total>
				<timestamp>695.904682</timestamp>
			</report>
			<report>
				<misses>3871001</misses>
				<total>273</total>
				<timestamp>696.084470</timestamp>
			</report>
			<report>
				<misses>3872001</misses>
				<total>273</total>
				<timestamp>696.264339</timestamp>
			</report>
			<report>
				<misses>3873001</misses>
				<total>273</total>
				<timestamp>696.444139</timestamp>
			</report>
			<report>
				<misses>3874001</misses>
				<total>273</total>
				<timestamp>696.623960</timestamp>
			</report>
			<report>
				<misses>3875001</misses>
				<total>273</total>
				<timestamp>696.803803</timestamp>
			</report>
			<report>
				<misses>3876001</misses>
				<total>273</total>
				<timestamp>696.983596</timestamp>
			</report>
			<report>
				<misses>3877001</misses>
				<total>273</total>
				<timestamp>697.163390</timestamp>
			</report>
			<report>
				<misses>3878001</misses>
				<total>273</total>
				<timestamp>697.343217</timestamp>
			</report>
			<report>
				<misses>3879001</misses>
				<total>273</total>
				<timestamp>697.523066</timestamp>
			</report>
			<report>
				<misses>3880001</misses>
				<total>273</total>
				<timestamp>697.702893</timestamp>
			</report>
			<report>
				<misses>3881001</misses>
				<total>273</total>
				<timestamp>697.882689</timestamp>
			</report>
			<report>
				<misses>3882001</misses>
				<total>273</total>
				<timestamp>698.062517</timestamp>
			</report>
			<report>
				<misses>3883001</misses>
				<total>273</total>
				<timestamp>698.242325</timestamp>
			</report>
			<report>
				<misses>3884001</misses>
				<total>273</total>
				<timestamp>698.422138</timestamp>
			</report>
			<report>
				<misses>3885001</misses>
				<total>273</total>
				<timestamp>698.601985</timestamp>
			</report>
			<report>
				<misses>3886001</misses>
				<total>273</total>
				<timestamp>698.781821</timestamp>
			</report>
			<report>
				<misses>3887001</misses>
				<total>273</total>
				<timestamp>698.961620</timestamp>
			</report>
			<report>
				<misses>3888001</misses>
				<total>273</total>
				<timestamp>699.141442</timestamp>
			</report>
			<report>
				<misses>3889001</misses>
				<total>273</total>
				<timestamp>699.321235</timestamp>
			</report>
			<report>
				<misses>3890001</misses>
				<total>273</total>
				<timestamp>699.501076</timestamp>
			</report>
			<report>
				<misses>3891001</misses>
				<total>273</total>
				<timestamp>699.680920</timestamp>
			</report>
			<report>
				<misses>3892001</misses>
				<total>273</total>
				<timestamp>699.860723</timestamp>
			</report>
			<report>
				<misses>3893001</misses>
				<total>273</total>
				<timestamp>700.040521</timestamp>
			</report>
			<report>
				<misses>3894001</misses>
				<total>273</total>
				<timestamp>700.220340</timestamp>
			</report>
			<report>
				<misses>3895001</misses>
				<total>272</total>
				<timestamp>700.400186</timestamp>
			</report>
			<report>
				<misses>3896001</misses>
				<total>273</total>
				<timestamp>700.580012</timestamp>
			</report>
			<report>
				<misses>3897001</misses>
				<total>273</total>
				<timestamp>700.759847</timestamp>
			</report>
			<report>
				<misses>3898001</misses>
				<total>273</total>
				<timestamp>700.939621</timestamp>
			</report>
			<report>
				<misses>3899001</misses>
				<total>273</total>
				<timestamp>701.119438</timestamp>
			</report>
			<report>
				<misses>3900001</misses>
				<total>273</total>
				<timestamp>701.299258</timestamp>
			</report>
			<report>
				<misses>3901001</misses>
				<total>273</total>
				<timestamp>701.479094</timestamp>
			</report>
			<report>
				<misses>3902001</misses>
				<total>272</total>
				<timestamp>701.658935</timestamp>
			</report>
			<report>
				<misses>3903001</misses>
				<total>273</total>
				<timestamp>701.838738</timestamp>
			</report>
			<report>
				<misses>3904001</misses>
				<total>273</total>
				<timestamp>702.018541</timestamp>
			</report>
			<report>
				<misses>3905001</misses>
				<total>272</total>
				<timestamp>702.198443</timestamp>
			</report>
			<report>
				<misses>3906001</misses>
				<total>273</total>
				<timestamp>702.378185</timestamp>
			</report>
			<report>
				<misses>3907001</misses>
				<total>273</total>
				<timestamp>702.558048</timestamp>
			</report>
			<report>
				<misses>3908001</misses>
				<total>273</total>
				<timestamp>702.737854</timestamp>
			</report>
			<report>
				<misses>3909001</misses>
				<total>273</total>
				<timestamp>702.917625</timestamp>
			</report>
			<report>
				<misses>3910001</misses>
				<total>273</total>
				<timestamp>703.097443</timestamp>
			</report>
			<report>
				<misses>3911001</misses>
				<total>273</total>
				<timestamp>703.277281</timestamp>
			</report>
			<report>
				<misses>3912001</misses>
				<total>273</total>
				<timestamp>703.457132</timestamp>
			</report>
			<report>
				<misses>3913001</misses>
				<total>273</total>
				<timestamp>703.636939</timestamp>
			</report>
			<report>
				<misses>3914001</misses>
				<total>273</total>
				<timestamp>703.816785</timestamp>
			</report>
			<report>
				<misses>3915001</misses>
				<total>273</total>
				<timestamp>703.996580</timestamp>
			</report>
			<report>
				<misses>3916001</misses>
				<total>273</total>
				<timestamp>704.176386</timestamp>
			</report>
			<report>
				<misses>3917001</misses>
				<total>273</total>
				<timestamp>704.356420</timestamp>
			</report>
			<report>
				<misses>3918001</misses>
				<total>273</total>
				<timestamp>704.536205</timestamp>
			</report>
			<report>
				<misses>3919001</misses>
				<total>273</total>
				<timestamp>704.715997</timestamp>
			</report>
			<report>
				<misses>3920001</misses>
				<total>273</total>
				<timestamp>704.895860</timestamp>
			</report>
			<report>
				<misses>3921001</misses>
				<total>273</total>
				<timestamp>705.075657</timestamp>
			</report>
			<report>
				<misses>3922001</misses>
				<total>273</total>
				<timestamp>705.255505</timestamp>
			</report>
			<report>
				<misses>3923001</misses>
				<total>273</total>
				<timestamp>705.435276</timestamp>
			</report>
			<report>
				<misses>3924001</misses>
				<total>273</total>
				<timestamp>705.615119</timestamp>
			</report>
			<report>
				<misses>3925001</misses>
				<total>273</total>
				<timestamp>705.794934</timestamp>
			</report>
			<report>
				<misses>3926001</misses>
				<total>273</total>
				<timestamp>705.974840</timestamp>
			</report>
			<report>
				<misses>3927001</misses>
				<total>273</total>
				<timestamp>706.154574</timestamp>
			</report>
			<report>
				<misses>3928001</misses>
				<total>273</total>
				<timestamp>706.334404</timestamp>
			</report>
			<report>
				<misses>3929001</misses>
				<total>273</total>
				<timestamp>706.514236</timestamp>
			</report>
			<report>
				<misses>3930001</misses>
				<total>273</total>
				<timestamp>706.694033</timestamp>
			</report>
			<report>
				<misses>3931001</misses>
				<total>273</total>
				<timestamp>706.873849</timestamp>
			</report>
			<report>
				<misses>3932001</misses>
				<total>273</total>
				<timestamp>707.053701</timestamp>
			</report>
			<report>
				<misses>3933001</misses>
				<total>273</total>
				<timestamp>707.233502</timestamp>
			</report>
			<report>
				<misses>3934001</misses>
				<total>273</total>
				<timestamp>707.413328</timestamp>
			</report>
			<report>
				<misses>3935001</misses>
				<total>273</total>
				<timestamp>707.593154</timestamp>
			</report>
			<report>
				<misses>3936001</misses>
				<total>273</total>
				<timestamp>707.772995</timestamp>
			</report>
			<report>
				<misses>3937001</misses>
				<total>273</total>
				<timestamp>707.952808</timestamp>
			</report>
			<report>
				<misses>3938001</misses>
				<total>273</total>
				<timestamp>708.132577</timestamp>
			</report>
			<report>
				<misses>3939001</misses>
				<total>273</total>
				<timestamp>708.312433</timestamp>
			</report>
			<report>
				<misses>3940001</misses>
				<total>273</total>
				<timestamp>708.492230</timestamp>
			</report>
			<report>
				<misses>3941001</misses>
				<total>273</total>
				<timestamp>708.672049</timestamp>
			</report>
			<report>
				<misses>3942001</misses>
				<total>273</total>
				<timestamp>708.851908</timestamp>
			</report>
			<report>
				<misses>3943001</misses>
				<total>273</total>
				<timestamp>709.031690</timestamp>
			</report>
			<report>
				<misses>3944001</misses>
				<total>273</total>
				<timestamp>709.211509</timestamp>
			</report>
			<report>
				<misses>3945001</misses>
				<total>273</total>
				<timestamp>709.391349</timestamp>
			</report>
			<report>
				<misses>3946001</misses>
				<total>273</total>
				<timestamp>709.571156</timestamp>
			</report>
			<report>
				<misses>3947001</misses>
				<total>273</total>
				<timestamp>709.750977</timestamp>
			</report>
			<report>
				<misses>3948001</misses>
				<total>279</total>
				<timestamp>709.930818</timestamp>
			</report>
			<report>
				<misses>3949001</misses>
				<total>279</total>
				<timestamp>710.110625</timestamp>
			</report>
			<report>
				<misses>3950001</misses>
				<total>279</total>
				<timestamp>710.290476</timestamp>
			</report>
			<report>
				<misses>3951001</misses>
				<total>279</total>
				<timestamp>710.470256</timestamp>
			</report>
			<report>
				<misses>3952001</misses>
				<total>281</total>
				<timestamp>710.650102</timestamp>
			</report>
			<report>
				<misses>3953001</misses>
				<total>281</total>
				<timestamp>710.829923</timestamp>
			</report>
			<report>
				<misses>3954001</misses>
				<total>281</total>
				<timestamp>711.009768</timestamp>
			</report>
			<report>
				<misses>3955001</misses>
				<total>281</total>
				<timestamp>711.189557</timestamp>
			</report>
			<report>
				<misses>3956001</misses>
				<total>281</total>
				<timestamp>711.369378</timestamp>
			</report>
			<report>
				<misses>3957001</misses>
				<total>281</total>
				<timestamp>711.549191</timestamp>
			</report>
			<report>
				<misses>3958001</misses>
				<total>281</total>
				<timestamp>711.729027</timestamp>
			</report>
			<report>
				<misses>3959001</misses>
				<total>281</total>
				<timestamp>711.908832</timestamp>
			</report>
			<report>
				<misses>3960001</misses>
				<total>281</total>
				<timestamp>712.088630</timestamp>
			</report>
			<report>
				<misses>3961001</misses>
				<total>281</total>
				<timestamp>712.268474</timestamp>
			</report>
			<report>
				<misses>3962001</misses>
				<total>281</total>
				<timestamp>712.448319</timestamp>
			</report>
			<report>
				<misses>3963001</misses>
				<total>281</total>
				<timestamp>712.628102</timestamp>
			</report>
			<report>
				<misses>3964001</misses>
				<total>281</total>
				<timestamp>712.807910</timestamp>
			</report>
			<report>
				<misses>3965001</misses>
				<total>281</total>
				<timestamp>712.987764</timestamp>
			</report>
			<report>
				<misses>3966001</misses>
				<total>281</total>
				<timestamp>713.167562</timestamp>
			</report>
			<report>
				<misses>3967001</misses>
				<total>281</total>
				<timestamp>713.347377</timestamp>
			</report>
			<report>
				<misses>3968001</misses>
				<total>281</total>
				<timestamp>713.527231</timestamp>
			</report>
			<report>
				<misses>3969001</misses>
				<total>281</total>
				<timestamp>713.707017</timestamp>
			</report>
			<report>
				<misses>3970001</misses>
				<total>281</total>
				<timestamp>713.886874</timestamp>
			</report>
			<report>
				<misses>3971001</misses>
				<total>281</total>
				<timestamp>714.066709</timestamp>
			</report>
			<report>
				<misses>3972001</misses>
				<total>281</total>
				<timestamp>714.246495</timestamp>
			</report>
			<report>
				<misses>3973001</misses>
				<total>281</total>
				<timestamp>714.426309</timestamp>
			</report>
			<report>
				<misses>3974001</misses>
				<total>281</total>
				<timestamp>714.606161</timestamp>
			</report>
			<report>
				<misses>3975001</misses>
				<total>281</total>
				<timestamp>714.785959</timestamp>
			</report>
			<report>
				<misses>3976001</misses>
				<total>281</total>
				<timestamp>714.965757</timestamp>
			</report>
			<report>
				<misses>3977001</misses>
				<total>281</total>
				<timestamp>715.145599</timestamp>
			</report>
			<report>
				<misses>3978001</misses>
				<total>281</total>
				<timestamp>715.325414</timestamp>
			</report>
			<report>
				<misses>3979001</misses>
				<total>281</total>
				<timestamp>715.505244</timestamp>
			</report>
			<report>
				<misses>3980001</misses>
				<total>281</total>
				<timestamp>715.685059</timestamp>
			</report>
			<report>
				<misses>3981001</misses>
				<total>281</total>
				<timestamp>715.864909</timestamp>
			</report>
			<report>
				<misses>3982001</misses>
				<total>281</total>
				<timestamp>716.044724</timestamp>
			</report>
			<report>
				<misses>3983001</misses>
				<total>281</total>
				<timestamp>716.224504</timestamp>
			</report>
			<report>
				<misses>3984001</misses>
				<total>281</total>
				<timestamp>716.404312</timestamp>
			</report>
			<report>
				<misses>3985001</misses>
				<total>281</total>
				<timestamp>716.584136</timestamp>
			</report>
			<report>
				<misses>3986001</misses>
				<total>281</total>
				<timestamp>716.763975</timestamp>
			</report>
			<report>
				<misses>3987001</misses>
				<total>281</total>
				<timestamp>716.943794</timestamp>
			</report>
			<report>
				<misses>3988001</misses>
				<total>281</total>
				<timestamp>717.123597</timestamp>
			</report>
			<report>
				<misses>3989001</misses>
				<total>281</total>
				<timestamp>717.303422</timestamp>
			</report>
			<report>
				<misses>3990001</misses>
				<total>288</total>
				<timestamp>717.483227</timestamp>
			</report>
			<report>
				<misses>3991001</misses>
				<total>288</total>
				<timestamp>717.663117</timestamp>
			</report>
			<report>
				<misses>3992001</misses>
				<total>288</total>
				<timestamp>717.842968</timestamp>
			</report>
			<report>
				<misses>3993001</misses>
				<total>288</total>
				<timestamp>718.022733</timestamp>
			</report>
			<report>
				<misses>3994001</misses>
				<total>288</total>
				<timestamp>718.202552</timestamp>
			</report>
			<report>
				<misses>3995001</misses>
				<total>290</total>
				<timestamp>718.382380</timestamp>
			</report>
			<report>
				<misses>3996001</misses>
				<total>290</total>
				<timestamp>718.562185</timestamp>
			</report>
			<report>
				<misses>3997001</misses>
				<total>290</total>
				<timestamp>718.742009</timestamp>
			</report>
			<report>
				<misses>3998001</misses>
				<total>290</total>
				<timestamp>718.921807</timestamp>
			</report>
			<report>
				<misses>3999001</misses>
				<total>290</total>
				<timestamp>719.101618</timestamp>
			</report>
			<report>
				<misses>4000001</misses>
				<total>289</total>
				<timestamp>719.281458</timestamp>
			</report>
			<report>
				<misses>4001001</misses>
				<total>290</total>
				<timestamp>719.461274</timestamp>
			</report>
			<report>
				<misses>4002001</misses>
				<total>290</total>
				<timestamp>719.641083</timestamp>
			</report>
			<report>
				<misses>4003001</misses>
				<total>292</total>
				<timestamp>719.820915</timestamp>
			</report>
			<report>
				<misses>4004001</misses>
				<total>292</total>
				<timestamp>720.000739</timestamp>
			</report>
			<report>
				<misses>4005001</misses>
				<total>292</total>
				<timestamp>720.180540</timestamp>
			</report>
			<report>
				<misses>4006001</misses>
				<total>292</total>
				<timestamp>720.360360</timestamp>
			</report>
			<report>
				<misses>4007001</misses>
				<total>292</total>
				<timestamp>720.540212</timestamp>
			</report>
			<report>
				<misses>4008001</misses>
				<total>292</total>
				<timestamp>720.720039</timestamp>
			</report>
			<report>
				<misses>4009001</misses>
				<total>292</total>
				<timestamp>720.899842</timestamp>
			</report>
			<report>
				<misses>4010001</misses>
				<total>292</total>
				<timestamp>721.079646</timestamp>
			</report>
			<report>
				<misses>4011001</misses>
				<total>292</total>
				<timestamp>721.259450</timestamp>
			</report>
			<report>
				<misses>4012001</misses>
				<total>292</total>
				<timestamp>721.439278</timestamp>
			</report>
			<report>
				<misses>4013001</misses>
				<total>292</total>
				<timestamp>721.619101</timestamp>
			</report>
			<report>
				<misses>4014001</misses>
				<total>292</total>
				<timestamp>721.798913</timestamp>
			</report>
			<report>
				<misses>4015001</misses>
				<total>292</total>
				<timestamp>721.978773</timestamp>
			</report>
			<report>
				<misses>4016001</misses>
				<total>292</total>
				<timestamp>722.158581</timestamp>
			</report>
			<report>
				<misses>4017001</misses>
				<total>292</total>
				<timestamp>722.338379</timestamp>
			</report>
			<report>
				<misses>4018001</misses>
				<total>291</total>
				<timestamp>722.518240</timestamp>
			</report>
			<report>
				<misses>4019001</misses>
				<total>292</total>
				<timestamp>722.698005</timestamp>
			</report>
			<report>
				<misses>4020001</misses>
				<total>292</total>
				<timestamp>722.877841</timestamp>
			</report>
			<report>
				<misses>4021001</misses>
				<total>294</total>
				<timestamp>723.057702</timestamp>
			</report>
			<report>
				<misses>4022001</misses>
				<total>294</total>
				<timestamp>723.237487</timestamp>
			</report>
			<report>
				<misses>4023001</misses>
				<total>294</total>
				<timestamp>723.417322</timestamp>
			</report>
			<report>
				<misses>4024001</misses>
				<total>293</total>
				<timestamp>723.597135</timestamp>
			</report>
			<report>
				<misses>4025001</misses>
				<total>294</total>
				<timestamp>723.776949</timestamp>
			</report>
			<report>
				<misses>4026001</misses>
				<total>294</total>
				<timestamp>723.956799</timestamp>
			</report>
			<report>
				<misses>4027001</misses>
				<total>294</total>
				<timestamp>724.136572</timestamp>
			</report>
			<report>
				<misses>4028001</misses>
				<total>294</total>
				<timestamp>724.316433</timestamp>
			</report>
			<report>
				<misses>4029001</misses>
				<total>294</total>
				<timestamp>724.496213</timestamp>
			</report>
			<report>
				<misses>4030001</misses>
				<total>294</total>
				<timestamp>724.676042</timestamp>
			</report>
			<report>
				<misses>4031001</misses>
				<total>294</total>
				<timestamp>724.855855</timestamp>
			</report>
			<report>
				<misses>4032001</misses>
				<total>294</total>
				<timestamp>725.035735</timestamp>
			</report>
			<report>
				<misses>4033001</misses>
				<total>294</total>
				<timestamp>725.215505</timestamp>
			</report>
			<report>
				<misses>4034001</misses>
				<total>294</total>
				<timestamp>725.395357</timestamp>
			</report>
			<report>
				<misses>4035001</misses>
				<total>294</total>
				<timestamp>725.575137</timestamp>
			</report>
			<report>
				<misses>4036001</misses>
				<total>294</total>
				<timestamp>725.754951</timestamp>
			</report>
			<report>
				<misses>4037001</misses>
				<total>294</total>
				<timestamp>725.934821</timestamp>
			</report>
			<report>
				<misses>4038001</misses>
				<total>294</total>
				<timestamp>726.114635</timestamp>
			</report>
			<report>
				<misses>4039001</misses>
				<total>293</total>
				<timestamp>726.294493</timestamp>
			</report>
			<report>
				<misses>4040001</misses>
				<total>294</total>
				<timestamp>726.474255</timestamp>
			</report>
			<report>
				<misses>4041001</misses>
				<total>294</total>
				<timestamp>726.654055</timestamp>
			</report>
			<report>
				<misses>4042001</misses>
				<total>294</total>
				<timestamp>726.833866</timestamp>
			</report>
			<report>
				<misses>4043001</misses>
				<total>294</total>
				<timestamp>727.013750</timestamp>
			</report>
			<report>
				<misses>4044001</misses>
				<total>294</total>
				<timestamp>727.193514</timestamp>
			</report>
			<report>
				<misses>4045001</misses>
				<total>294</total>
				<timestamp>727.373346</timestamp>
			</report>
			<report>
				<misses>4046001</misses>
				<total>294</total>
				<timestamp>727.553157</timestamp>
			</report>
			<report>
				<misses>4047001</misses>
				<total>294</total>
				<timestamp>727.732972</timestamp>
			</report>
			<report>
				<misses>4048001</misses>
				<total>294</total>
				<timestamp>727.912801</timestamp>
			</report>
			<report>
				<misses>4049001</misses>
				<total>294</total>
				<timestamp>728.092672</timestamp>
			</report>
			<report>
				<misses>4050001</misses>
				<total>295</total>
				<timestamp>728.272445</timestamp>
			</report>
			<report>
				<misses>4051001</misses>
				<total>295</total>
				<timestamp>728.452264</timestamp>
			</report>
			<report>
				<misses>4052001</misses>
				<total>300</total>
				<timestamp>728.632068</timestamp>
			</report>
			<report>
				<misses>4053001</misses>
				<total>300</total>
				<timestamp>728.811886</timestamp>
			</report>
			<report>
				<misses>4054001</misses>
				<total>300</total>
				<timestamp>728.991717</timestamp>
			</report>
			<report>
				<misses>4055001</misses>
				<total>300</total>
				<timestamp>729.171591</timestamp>
			</report>
			<report>
				<misses>4056001</misses>
				<total>300</total>
				<timestamp>729.351375</timestamp>
			</report>
			<report>
				<misses>4057001</misses>
				<total>300</total>
				<timestamp>729.531224</timestamp>
			</report>
			<report>
				<misses>4058001</misses>
				<total>300</total>
				<timestamp>729.711031</timestamp>
			</report>
			<report>
				<misses>4059001</misses>
				<total>300</total>
				<timestamp>729.890808</timestamp>
			</report>
			<report>
				<misses>4060001</misses>
				<total>300</total>
				<timestamp>730.070699</timestamp>
			</report>
			<report>
				<misses>4061001</misses>
				<total>300</total>
				<timestamp>730.250467</timestamp>
			</report>
			<report>
				<misses>4062001</misses>
				<total>300</total>
				<timestamp>730.430309</timestamp>
			</report>
			<report>
				<misses>4063001</misses>
				<total>300</total>
				<timestamp>730.610119</timestamp>
			</report>
			<report>
				<misses>4064001</misses>
				<total>300</total>
				<timestamp>730.789920</timestamp>
			</report>
			<report>
				<misses>4065001</misses>
				<total>300</total>
				<timestamp>730.969780</timestamp>
			</report>
			<report>
				<misses>4066001</misses>
				<total>300</total>
				<timestamp>731.149569</timestamp>
			</report>
			<report>
				<misses>4067001</misses>
				<total>300</total>
				<timestamp>731.329376</timestamp>
			</report>
			<report>
				<misses>4068001</misses>
				<total>300</total>
				<timestamp>731.509197</timestamp>
			</report>
			<report>
				<misses>4069001</misses>
				<total>300</total>
				<timestamp>731.689061</timestamp>
			</report>
			<report>
				<misses>4070001</misses>
				<total>300</total>
				<timestamp>731.868833</timestamp>
			</report>
			<report>
				<misses>4071001</misses>
				<total>300</total>
				<timestamp>732.048680</timestamp>
			</report>
			<report>
				<misses>4072001</misses>
				<total>300</total>
				<timestamp>732.228477</timestamp>
			</report>
			<report>
				<misses>4073001</misses>
				<total>302</total>
				<timestamp>732.408281</timestamp>
			</report>
			<report>
				<misses>4074001</misses>
				<total>302</total>
				<timestamp>732.588125</timestamp>
			</report>
			<report>
				<misses>4075001</misses>
				<total>302</total>
				<timestamp>732.767945</timestamp>
			</report>
			<report>
				<misses>4076001</misses>
				<total>302</total>
				<timestamp>732.947764</timestamp>
			</report>
			<report>
				<misses>4077001</misses>
				<total>304</total>
				<timestamp>733.127644</timestamp>
			</report>
			<report>
				<misses>4078001</misses>
				<total>304</total>
				<timestamp>733.307407</timestamp>
			</report>
			<report>
				<misses>4079001</misses>
				<total>304</total>
				<timestamp>733.487240</timestamp>
			</report>
			<report>
				<misses>4080001</misses>
				<total>304</total>
				<timestamp>733.667061</timestamp>
			</report>
			<report>
				<misses>4081001</misses>
				<total>304</total>
				<timestamp>733.846852</timestamp>
			</report>
			<report>
				<misses>4082001</misses>
				<total>304</total>
				<timestamp>734.026723</timestamp>
			</report>
			<report>
				<misses>4083001</misses>
				<total>304</total>
				<timestamp>734.206497</timestamp>
			</report>
			<report>
				<misses>4084001</misses>
				<total>304</total>
				<timestamp>734.386311</timestamp>
			</report>
			<report>
				<misses>4085001</misses>
				<total>304</total>
				<timestamp>734.566188</timestamp>
			</report>
			<report>
				<misses>4086001</misses>
				<total>304</total>
				<timestamp>734.745967</timestamp>
			</report>
			<report>
				<misses>4087001</misses>
				<total>304</total>
				<timestamp>734.925797</timestamp>
			</report>
			<report>
				<misses>4088001</misses>
				<total>304</total>
				<timestamp>735.105664</timestamp>
			</report>
			<report>
				<misses>4089001</misses>
				<total>304</total>
				<timestamp>735.285403</timestamp>
			</report>
			<report>
				<misses>4090001</misses>
				<total>304</total>
				<timestamp>735.465245</timestamp>
			</report>
			<report>
				<misses>4091001</misses>
				<total>304</total>
				<timestamp>735.645101</timestamp>
			</report>
			<report>
				<misses>4092001</misses>
				<total>304</total>
				<timestamp>735.824877</timestamp>
			</report>
			<report>
				<misses>4093001</misses>
				<total>304</total>
				<timestamp>736.004702</timestamp>
			</report>
			<report>
				<misses>4094001</misses>
				<total>304</total>
				<timestamp>736.184624</timestamp>
			</report>
			<report>
				<misses>4095001</misses>
				<total>304</total>
				<timestamp>736.364353</timestamp>
			</report>
			<report>
				<misses>4096001</misses>
				<total>304</total>
				<timestamp>736.544213</timestamp>
			</report>
			<report>
				<misses>4097001</misses>
				<total>304</total>
				<timestamp>736.723989</timestamp>
			</report>
			<report>
				<misses>4098001</misses>
				<total>304</total>
				<timestamp>736.903797</timestamp>
			</report>
			<report>
				<misses>4099001</misses>
				<total>304</total>
				<timestamp>737.083649</timestamp>
			</report>
			<report>
				<misses>4100001</misses>
				<total>304</total>
				<timestamp>737.263443</timestamp>
			</report>
			<report>
				<misses>4101001</misses>
				<total>304</total>
				<timestamp>737.443287</timestamp>
			</report>
			<report>
				<misses>4102001</misses>
				<total>304</total>
				<timestamp>737.623079</timestamp>
			</report>
			<report>
				<misses>4103001</misses>
				<total>304</total>
				<timestamp>737.802903</timestamp>
			</report>
			<report>
				<misses>4104001</misses>
				<total>304</total>
				<timestamp>737.982715</timestamp>
			</report>
			<report>
				<misses>4105001</misses>
				<total>304</total>
				<timestamp>738.162606</timestamp>
			</report>
			<report>
				<misses>4106001</misses>
				<total>303</total>
				<timestamp>738.342421</timestamp>
			</report>
			<report>
				<misses>4107001</misses>
				<total>304</total>
				<timestamp>738.522211</timestamp>
			</report>
			<report>
				<misses>4108001</misses>
				<total>304</total>
				<timestamp>738.702014</timestamp>
			</report>
			<report>
				<misses>4109001</misses>
				<total>304</total>
				<timestamp>738.881831</timestamp>
			</report>
			<report>
				<misses>4110001</misses>
				<total>303</total>
				<timestamp>739.061687</timestamp>
			</report>
			<report>
				<misses>4111001</misses>
				<total>304</total>
				<timestamp>739.241467</timestamp>
			</report>
			<report>
				<misses>4112001</misses>
				<total>304</total>
				<timestamp>739.421277</timestamp>
			</report>
			<report>
				<misses>4113001</misses>
				<total>304</total>
				<timestamp>739.601155</timestamp>
			</report>
			<report>
				<misses>4114001</misses>
				<total>304</total>
				<timestamp>739.780929</timestamp>
			</report>
			<report>
				<misses>4115001</misses>
				<total>304</total>
				<timestamp>739.960739</timestamp>
			</report>
			<report>
				<misses>4116001</misses>
				<total>304</total>
				<timestamp>740.140593</timestamp>
			</report>
			<report>
				<misses>4117001</misses>
				<total>304</total>
				<timestamp>740.320380</timestamp>
			</report>
			<report>
				<misses>4118001</misses>
				<total>304</total>
				<timestamp>740.500226</timestamp>
			</report>
			<report>
				<misses>4119001</misses>
				<total>303</total>
				<timestamp>740.680037</timestamp>
			</report>
			<report>
				<misses>4120001</misses>
				<total>304</total>
				<timestamp>740.859848</timestamp>
			</report>
			<report>
				<misses>4121001</misses>
				<total>304</total>
				<timestamp>741.039711</timestamp>
			</report>
			<report>
				<misses>4122001</misses>
				<total>304</total>
				<timestamp>741.219511</timestamp>
			</report>
			<report>
				<misses>4123001</misses>
				<total>304</total>
				<timestamp>741.399314</timestamp>
			</report>
			<report>
				<misses>4124001</misses>
				<total>304</total>
				<timestamp>741.579124</timestamp>
			</report>
			<report>
				<misses>4125001</misses>
				<total>304</total>
				<timestamp>741.758950</timestamp>
			</report>
			<report>
				<misses>4126001</misses>
				<total>304</total>
				<timestamp>741.938773</timestamp>
			</report>
			<report>
				<misses>4127001</misses>
				<total>304</total>
				<timestamp>742.118621</timestamp>
			</report>
			<report>
				<misses>4128001</misses>
				<total>304</total>
				<timestamp>742.298438</timestamp>
			</report>
			<report>
				<misses>4129001</misses>
				<total>304</total>
				<timestamp>742.478303</timestamp>
			</report>
			<report>
				<misses>4130001</misses>
				<total>304</total>
				<timestamp>742.658105</timestamp>
			</report>
			<report>
				<misses>4131001</misses>
				<total>304</total>
				<timestamp>742.837928</timestamp>
			</report>
			<report>
				<misses>4132001</misses>
				<total>304</total>
				<timestamp>743.017754</timestamp>
			</report>
			<report>
				<misses>4133001</misses>
				<total>304</total>
				<timestamp>743.197534</timestamp>
			</report>
			<report>
				<misses>4134001</misses>
				<total>304</total>
				<timestamp>743.377312</timestamp>
			</report>
			<report>
				<misses>4135001</misses>
				<total>304</total>
				<timestamp>743.557262</timestamp>
			</report>
			<report>
				<misses>4136001</misses>
				<total>304</total>
				<timestamp>743.736976</timestamp>
			</report>
			<report>
				<misses>4137001</misses>
				<total>304</total>
				<timestamp>743.916777</timestamp>
			</report>
			<report>
				<misses>4138001</misses>
				<total>304</total>
				<timestamp>744.096671</timestamp>
			</report>
			<report>
				<misses>4139001</misses>
				<total>304</total>
				<timestamp>744.276445</timestamp>
			</report>
			<report>
				<misses>4140001</misses>
				<total>304</total>
				<timestamp>744.456309</timestamp>
			</report>
			<report>
				<misses>4141001</misses>
				<total>304</total>
				<timestamp>744.636182</timestamp>
			</report>
			<report>
				<misses>4142001</misses>
				<total>304</total>
				<timestamp>744.815886</timestamp>
			</report>
			<report>
				<misses>4143001</misses>
				<total>304</total>
				<timestamp>744.995773</timestamp>
			</report>
			<report>
				<misses>4144001</misses>
				<total>304</total>
				<timestamp>745.175642</timestamp>
			</report>
			<report>
				<misses>4145001</misses>
				<total>307</total>
				<timestamp>745.355376</timestamp>
			</report>
			<report>
				<misses>4146001</misses>
				<total>306</total>
				<timestamp>745.535197</timestamp>
			</report>
			<report>
				<misses>4147001</misses>
				<total>307</total>
				<timestamp>745.715002</timestamp>
			</report>
			<report>
				<misses>4148001</misses>
				<total>307</total>
				<timestamp>745.894871</timestamp>
			</report>
			<report>
				<misses>4149001</misses>
				<total>307</total>
				<timestamp>746.074765</timestamp>
			</report>
			<report>
				<misses>4150001</misses>
				<total>307</total>
				<timestamp>746.254505</timestamp>
			</report>
			<report>
				<misses>4151001</misses>
				<total>307</total>
				<timestamp>746.434275</timestamp>
			</report>
			<report>
				<misses>4152001</misses>
				<total>307</total>
				<timestamp>746.614157</timestamp>
			</report>
			<report>
				<misses>4153001</misses>
				<total>307</total>
				<timestamp>746.793916</timestamp>
			</report>
			<report>
				<misses>4154001</misses>
				<total>307</total>
				<timestamp>746.973795</timestamp>
			</report>
			<report>
				<misses>4155001</misses>
				<total>307</total>
				<timestamp>747.153688</timestamp>
			</report>
			<report>
				<misses>4156001</misses>
				<total>307</total>
				<timestamp>747.333395</timestamp>
			</report>
			<report>
				<misses>4157001</misses>
				<total>307</total>
				<timestamp>747.513274</timestamp>
			</report>
			<report>
				<misses>4158001</misses>
				<total>307</total>
				<timestamp>747.693024</timestamp>
			</report>
			<report>
				<misses>4159001</misses>
				<total>307</total>
				<timestamp>747.872836</timestamp>
			</report>
			<report>
				<misses>4160001</misses>
				<total>307</total>
				<timestamp>748.052656</timestamp>
			</report>
			<report>
				<misses>4161001</misses>
				<total>307</total>
				<timestamp>748.232460</timestamp>
			</report>
			<report>
				<misses>4162001</misses>
				<total>307</total>
				<timestamp>748.412349</timestamp>
			</report>
			<report>
				<misses>4163001</misses>
				<total>307</total>
				<timestamp>748.592230</timestamp>
			</report>
			<report>
				<misses>4164001</misses>
				<total>307</total>
				<timestamp>748.771927</timestamp>
			</report>
			<report>
				<misses>4165001</misses>
				<total>307</total>
				<timestamp>748.951868</timestamp>
			</report>
			<report>
				<misses>4166001</misses>
				<total>307</total>
				<timestamp>749.131631</timestamp>
			</report>
			<report>
				<misses>4167001</misses>
				<total>307</total>
				<timestamp>749.311418</timestamp>
			</report>
			<report>
				<misses>4168001</misses>
				<total>307</total>
				<timestamp>749.491269</timestamp>
			</report>
			<report>
				<misses>4169001</misses>
				<total>307</total>
				<timestamp>749.671036</timestamp>
			</report>
			<report>
				<misses>4170001</misses>
				<total>307</total>
				<timestamp>749.850916</timestamp>
			</report>
			<report>
				<misses>4171001</misses>
				<total>307</total>
				<timestamp>750.030678</timestamp>
			</report>
			<report>
				<misses>4172001</misses>
				<total>307</total>
				<timestamp>750.210559</timestamp>
			</report>
			<report>
				<misses>4173001</misses>
				<total>307</total>
				<timestamp>750.390338</timestamp>
			</report>
			<report>
				<misses>4174001</misses>
				<total>307</total>
				<timestamp>750.570143</timestamp>
			</report>
			<report>
				<misses>4175001</misses>
				<total>307</total>
				<timestamp>750.750015</timestamp>
			</report>
			<report>
				<misses>4176001</misses>
				<total>307</total>
				<timestamp>750.929765</timestamp>
			</report>
			<report>
				<misses>4177001</misses>
				<total>307</total>
				<timestamp>751.109745</timestamp>
			</report>
			<report>
				<misses>4178001</misses>
				<total>307</total>
				<timestamp>751.289470</timestamp>
			</report>
			<report>
				<misses>4179001</misses>
				<total>307</total>
				<timestamp>751.469241</timestamp>
			</report>
			<report>
				<misses>4180001</misses>
				<total>307</total>
				<timestamp>751.649192</timestamp>
			</report>
			<report>
				<misses>4181001</misses>
				<total>307</total>
				<timestamp>751.828939</timestamp>
			</report>
			<report>
				<misses>4182001</misses>
				<total>307</total>
				<timestamp>752.008753</timestamp>
			</report>
			<report>
				<misses>4183001</misses>
				<total>307</total>
				<timestamp>752.188537</timestamp>
			</report>
			<report>
				<misses>4184001</misses>
				<total>307</total>
				<timestamp>752.368399</timestamp>
			</report>
			<report>
				<misses>4185001</misses>
				<total>307</total>
				<timestamp>752.548284</timestamp>
			</report>
			<report>
				<misses>4186001</misses>
				<total>307</total>
				<timestamp>752.727985</timestamp>
			</report>
			<report>
				<misses>4187001</misses>
				<total>307</total>
				<timestamp>752.907851</timestamp>
			</report>
			<report>
				<misses>4188001</misses>
				<total>307</total>
				<timestamp>753.087727</timestamp>
			</report>
			<report>
				<misses>4189001</misses>
				<total>307</total>
				<timestamp>753.267444</timestamp>
			</report>
			<report>
				<misses>4190001</misses>
				<total>307</total>
				<timestamp>753.447306</timestamp>
			</report>
			<report>
				<misses>4191001</misses>
				<total>307</total>
				<timestamp>753.627194</timestamp>
			</report>
			<report>
				<misses>4192001</misses>
				<total>307</total>
				<timestamp>753.806897</timestamp>
			</report>
			<report>
				<misses>4193001</misses>
				<total>307</total>
				<timestamp>753.986839</timestamp>
			</report>
			<report>
				<misses>4194001</misses>
				<total>308</total>
				<timestamp>754.166652</timestamp>
			</report>
			<report>
				<misses>4195001</misses>
				<total>308</total>
				<timestamp>754.346357</timestamp>
			</report>
			<report>
				<misses>4196001</misses>
				<total>308</total>
				<timestamp>754.526226</timestamp>
			</report>
			<report>
				<misses>4197001</misses>
				<total>308</total>
				<timestamp>754.706049</timestamp>
			</report>
			<report>
				<misses>4198001</misses>
				<total>308</total>
				<timestamp>754.885877</timestamp>
			</report>
			<report>
				<misses>4199001</misses>
				<total>308</total>
				<timestamp>755.065624</timestamp>
			</report>
			<report>
				<misses>4200001</misses>
				<total>308</total>
				<timestamp>755.245536</timestamp>
			</report>
			<report>
				<misses>4201001</misses>
				<total>308</total>
				<timestamp>755.425338</timestamp>
			</report>
			<report>
				<misses>4202001</misses>
				<total>308</total>
				<timestamp>755.605103</timestamp>
			</report>
			<report>
				<misses>4203001</misses>
				<total>308</total>
				<timestamp>755.784931</timestamp>
			</report>
			<report>
				<misses>4204001</misses>
				<total>308</total>
				<timestamp>755.964800</timestamp>
			</report>
			<report>
				<misses>4205001</misses>
				<total>308</total>
				<timestamp>756.144663</timestamp>
			</report>
			<report>
				<misses>4206001</misses>
				<total>308</total>
				<timestamp>756.324450</timestamp>
			</report>
			<report>
				<misses>4207001</misses>
				<total>308</total>
				<timestamp>756.504282</timestamp>
			</report>
			<report>
				<misses>4208001</misses>
				<total>308</total>
				<timestamp>756.684008</timestamp>
			</report>
			<report>
				<misses>4209001</misses>
				<total>308</total>
				<timestamp>756.863900</timestamp>
			</report>
			<report>
				<misses>4210001</misses>
				<total>308</total>
				<timestamp>757.043679</timestamp>
			</report>
			<report>
				<misses>4211001</misses>
				<total>308</total>
				<timestamp>757.223512</timestamp>
			</report>
			<report>
				<misses>4212001</misses>
				<total>308</total>
				<timestamp>757.403353</timestamp>
			</report>
			<report>
				<misses>4213001</misses>
				<total>308</total>
				<timestamp>757.583121</timestamp>
			</report>
			<report>
				<misses>4214001</misses>
				<total>308</total>
				<timestamp>757.762917</timestamp>
			</report>
			<report>
				<misses>4215001</misses>
				<total>308</total>
				<timestamp>757.942820</timestamp>
			</report>
			<report>
				<misses>4216001</misses>
				<total>308</total>
				<timestamp>758.122584</timestamp>
			</report>
			<report>
				<misses>4217001</misses>
				<total>308</total>
				<timestamp>758.302398</timestamp>
			</report>
			<report>
				<misses>4218001</misses>
				<total>310</total>
				<timestamp>758.482273</timestamp>
			</report>
			<report>
				<misses>4219001</misses>
				<total>313</total>
				<timestamp>758.662060</timestamp>
			</report>
			<report>
				<misses>4220001</misses>
				<total>313</total>
				<timestamp>758.841909</timestamp>
			</report>
			<report>
				<misses>4221001</misses>
				<total>317</total>
				<timestamp>759.021729</timestamp>
			</report>
			<report>
				<misses>4222001</misses>
				<total>317</total>
				<timestamp>759.201510</timestamp>
			</report>
			<report>
				<misses>4223001</misses>
				<total>317</total>
				<timestamp>759.381435</timestamp>
			</report>
			<report>
				<misses>4224001</misses>
				<total>317</total>
				<timestamp>759.561260</timestamp>
			</report>
			<report>
				<misses>4225001</misses>
				<total>317</total>
				<timestamp>759.740944</timestamp>
			</report>
			<report>
				<misses>4226001</misses>
				<total>317</total>
				<timestamp>759.920846</timestamp>
			</report>
			<report>
				<misses>4227001</misses>
				<total>317</total>
				<timestamp>760.100622</timestamp>
			</report>
			<report>
				<misses>4228001</misses>
				<total>317</total>
				<timestamp>760.280512</timestamp>
			</report>
			<report>
				<misses>4229001</misses>
				<total>317</total>
				<timestamp>760.460218</timestamp>
			</report>
			<report>
				<misses>4230001</misses>
				<total>317</total>
				<timestamp>760.640055</timestamp>
			</report>
			<report>
				<misses>4231001</misses>
				<total>317</total>
				<timestamp>760.819880</timestamp>
			</report>
			<report>
				<misses>4232001</misses>
				<total>317</total>
				<timestamp>760.999685</timestamp>
			</report>
			<report>
				<misses>4233001</misses>
				<total>317</total>
				<timestamp>761.179636</timestamp>
			</report>
			<report>
				<misses>4234001</misses>
				<total>317</total>
				<timestamp>761.359341</timestamp>
			</report>
			<report>
				<misses>4235001</misses>
				<total>317</total>
				<timestamp>761.539263</timestamp>
			</report>
			<report>
				<misses>4236001</misses>
				<total>317</total>
				<timestamp>761.719031</timestamp>
			</report>
			<report>
				<misses>4237001</misses>
				<total>317</total>
				<timestamp>761.898904</timestamp>
			</report>
			<report>
				<misses>4238001</misses>
				<total>317</total>
				<timestamp>762.078722</timestamp>
			</report>
			<report>
				<misses>4239001</misses>
				<total>317</total>
				<timestamp>762.258439</timestamp>
			</report>
			<report>
				<misses>4240001</misses>
				<total>317</total>
				<timestamp>762.438244</timestamp>
			</report>
			<report>
				<misses>4241001</misses>
				<total>317</total>
				<timestamp>762.618089</timestamp>
			</report>
			<report>
				<misses>4242001</misses>
				<total>317</total>
				<timestamp>762.797899</timestamp>
			</report>
			<report>
				<misses>4243001</misses>
				<total>317</total>
				<timestamp>762.977767</timestamp>
			</report>
			<report>
				<misses>4244001</misses>
				<total>317</total>
				<timestamp>763.157538</timestamp>
			</report>
			<report>
				<misses>4245001</misses>
				<total>317</total>
				<timestamp>763.337368</timestamp>
			</report>
			<report>
				<misses>4246001</misses>
				<total>317</total>
				<timestamp>763.517251</timestamp>
			</report>
			<report>
				<misses>4247001</misses>
				<total>319</total>
				<timestamp>763.696995</timestamp>
			</report>
			<report>
				<misses>4248001</misses>
				<total>319</total>
				<timestamp>763.876799</timestamp>
			</report>
			<report>
				<misses>4249001</misses>
				<total>319</total>
				<timestamp>764.056636</timestamp>
			</report>
			<report>
				<misses>4250001</misses>
				<total>319</total>
				<timestamp>764.236460</timestamp>
			</report>
			<report>
				<misses>4251001</misses>
				<total>319</total>
				<timestamp>764.416258</timestamp>
			</report>
			<report>
				<misses>4252001</misses>
				<total>319</total>
				<timestamp>764.596198</timestamp>
			</report>
			<report>
				<misses>4253001</misses>
				<total>319</total>
				<timestamp>764.775911</timestamp>
			</report>
			<report>
				<misses>4254001</misses>
				<total>319</total>
				<timestamp>764.955737</timestamp>
			</report>
			<report>
				<misses>4255001</misses>
				<total>319</total>
				<timestamp>765.135663</timestamp>
			</report>
			<report>
				<misses>4256001</misses>
				<total>319</total>
				<timestamp>765.315383</timestamp>
			</report>
			<report>
				<misses>4257001</misses>
				<total>319</total>
				<timestamp>765.495275</timestamp>
			</report>
			<report>
				<misses>4258001</misses>
				<total>318</total>
				<timestamp>765.675121</timestamp>
			</report>
			<report>
				<misses>4259001</misses>
				<total>319</total>
				<timestamp>765.854893</timestamp>
			</report>
			<report>
				<misses>4260001</misses>
				<total>319</total>
				<timestamp>766.034709</timestamp>
			</report>
			<report>
				<misses>4261001</misses>
				<total>319</total>
				<timestamp>766.214587</timestamp>
			</report>
			<report>
				<misses>4262001</misses>
				<total>319</total>
				<timestamp>766.394355</timestamp>
			</report>
			<report>
				<misses>4263001</misses>
				<total>319</total>
				<timestamp>766.574231</timestamp>
			</report>
			<report>
				<misses>4264001</misses>
				<total>319</total>
				<timestamp>766.753943</timestamp>
			</report>
			<report>
				<misses>4265001</misses>
				<total>319</total>
				<timestamp>766.933818</timestamp>
			</report>
			<report>
				<misses>4266001</misses>
				<total>319</total>
				<timestamp>767.113647</timestamp>
			</report>
			<report>
				<misses>4267001</misses>
				<total>319</total>
				<timestamp>767.293394</timestamp>
			</report>
			<report>
				<misses>4268001</misses>
				<total>319</total>
				<timestamp>767.473216</timestamp>
			</report>
			<report>
				<misses>4269001</misses>
				<total>319</total>
				<timestamp>767.653089</timestamp>
			</report>
			<report>
				<misses>4270001</misses>
				<total>319</total>
				<timestamp>767.832848</timestamp>
			</report>
			<report>
				<misses>4271001</misses>
				<total>319</total>
				<timestamp>768.012659</timestamp>
			</report>
			<report>
				<misses>4272001</misses>
				<total>319</total>
				<timestamp>768.192557</timestamp>
			</report>
			<report>
				<misses>4273001</misses>
				<total>319</total>
				<timestamp>768.372385</timestamp>
			</report>
			<report>
				<misses>4274001</misses>
				<total>319</total>
				<timestamp>768.552186</timestamp>
			</report>
			<report>
				<misses>4275001</misses>
				<total>319</total>
				<timestamp>768.731991</timestamp>
			</report>
			<report>
				<misses>4276001</misses>
				<total>319</total>
				<timestamp>768.911854</timestamp>
			</report>
			<report>
				<misses>4277001</misses>
				<total>319</total>
				<timestamp>769.091707</timestamp>
			</report>
			<report>
				<misses>4278001</misses>
				<total>319</total>
				<timestamp>769.271530</timestamp>
			</report>
			<report>
				<misses>4279001</misses>
				<total>319</total>
				<timestamp>769.451297</timestamp>
			</report>
			<report>
				<misses>4280001</misses>
				<total>319</total>
				<timestamp>769.631082</timestamp>
			</report>
			<report>
				<misses>4281001</misses>
				<total>319</total>
				<timestamp>769.810931</timestamp>
			</report>
			<report>
				<misses>4282001</misses>
				<total>319</total>
				<timestamp>769.990685</timestamp>
			</report>
			<report>
				<misses>4283001</misses>
				<total>319</total>
				<timestamp>770.170577</timestamp>
			</report>
			<report>
				<misses>4284001</misses>
				<total>319</total>
				<timestamp>770.350394</timestamp>
			</report>
			<report>
				<misses>4285001</misses>
				<total>319</total>
				<timestamp>770.530210</timestamp>
			</report>
			<report>
				<misses>4286001</misses>
				<total>320</total>
				<timestamp>770.710086</timestamp>
			</report>
			<report>
				<misses>4287001</misses>
				<total>320</total>
				<timestamp>770.889868</timestamp>
			</report>
			<report>
				<misses>4288001</misses>
				<total>320</total>
				<timestamp>771.069607</timestamp>
			</report>
			<report>
				<misses>4289001</misses>
				<total>320</total>
				<timestamp>771.249488</timestamp>
			</report>
			<report>
				<misses>4290001</misses>
				<total>320</total>
				<timestamp>771.429316</timestamp>
			</report>
			<report>
				<misses>4291001</misses>
				<total>320</total>
				<timestamp>771.609157</timestamp>
			</report>
			<report>
				<misses>4292001</misses>
				<total>320</total>
				<timestamp>771.788947</timestamp>
			</report>
			<report>
				<misses>4293001</misses>
				<total>320</total>
				<timestamp>771.968707</timestamp>
			</report>
			<report>
				<misses>4294001</misses>
				<total>320</total>
				<timestamp>772.148577</timestamp>
			</report>
			<report>
				<misses>4295001</misses>
				<total>320</total>
				<timestamp>772.328417</timestamp>
			</report>
			<report>
				<misses>4296001</misses>
				<total>320</total>
				<timestamp>772.508279</timestamp>
			</report>
			<report>
				<misses>4297001</misses>
				<total>320</total>
				<timestamp>772.688018</timestamp>
			</report>
			<report>
				<misses>4298001</misses>
				<total>320</total>
				<timestamp>772.867806</timestamp>
			</report>
			<report>
				<misses>4299001</misses>
				<total>320</total>
				<timestamp>773.047629</timestamp>
			</report>
			<report>
				<misses>4300001</misses>
				<total>320</total>
				<timestamp>773.227521</timestamp>
			</report>
			<report>
				<misses>4301001</misses>
				<total>320</total>
				<timestamp>773.407335</timestamp>
			</report>
			<report>
				<misses>4302001</misses>
				<total>320</total>
				<timestamp>773.587209</timestamp>
			</report>
			<report>
				<misses>4303001</misses>
				<total>320</total>
				<timestamp>773.766976</timestamp>
			</report>
			<report>
				<misses>4304001</misses>
				<total>320</total>
				<timestamp>773.946725</timestamp>
			</report>
			<report>
				<misses>4305001</misses>
				<total>320</total>
				<timestamp>774.126663</timestamp>
			</report>
			<report>
				<misses>4306001</misses>
				<total>320</total>
				<timestamp>774.306430</timestamp>
			</report>
			<report>
				<misses>4307001</misses>
				<total>320</total>
				<timestamp>774.486248</timestamp>
			</report>
			<report>
				<misses>4308001</misses>
				<total>320</total>
				<timestamp>774.666142</timestamp>
			</report>
			<report>
				<misses>4309001</misses>
				<total>320</total>
				<timestamp>774.845944</timestamp>
			</report>
			<report>
				<misses>4310001</misses>
				<total>320</total>
				<timestamp>775.025646</timestamp>
			</report>
			<report>
				<misses>4311001</misses>
				<total>320</total>
				<timestamp>775.205534</timestamp>
			</report>
			<report>
				<misses>4312001</misses>
				<total>319</total>
				<timestamp>775.385367</timestamp>
			</report>
			<report>
				<misses>4313001</misses>
				<total>320</total>
				<timestamp>775.565171</timestamp>
			</report>
			<report>
				<misses>4314001</misses>
				<total>320</total>
				<timestamp>775.744988</timestamp>
			</report>
			<report>
				<misses>4315001</misses>
				<total>320</total>
				<timestamp>775.924758</timestamp>
			</report>
			<report>
				<misses>4316001</misses>
				<total>320</total>
				<timestamp>776.104686</timestamp>
			</report>
			<report>
				<misses>4317001</misses>
				<total>320</total>
				<timestamp>776.284517</timestamp>
			</report>
			<report>
				<misses>4318001</misses>
				<total>320</total>
				<timestamp>776.464288</timestamp>
			</report>
			<report>
				<misses>4319001</misses>
				<total>320</total>
				<timestamp>776.644089</timestamp>
			</report>
			<report>
				<misses>4320001</misses>
				<total>320</total>
				<timestamp>776.823862</timestamp>
			</report>
			<report>
				<misses>4321001</misses>
				<total>319</total>
				<timestamp>777.003677</timestamp>
			</report>
			<report>
				<misses>4322001</misses>
				<total>320</total>
				<timestamp>777.183548</timestamp>
			</report>
			<report>
				<misses>4323001</misses>
				<total>320</total>
				<timestamp>777.363434</timestamp>
			</report>
			<report>
				<misses>4324001</misses>
				<total>320</total>
				<timestamp>777.543143</timestamp>
			</report>
			<report>
				<misses>4325001</misses>
				<total>320</total>
				<timestamp>777.723017</timestamp>
			</report>
			<report>
				<misses>4326001</misses>
				<total>320</total>
				<timestamp>777.902835</timestamp>
			</report>
			<report>
				<misses>4327001</misses>
				<total>320</total>
				<timestamp>778.082596</timestamp>
			</report>
			<report>
				<misses>4328001</misses>
				<total>320</total>
				<timestamp>778.262435</timestamp>
			</report>
			<report>
				<misses>4329001</misses>
				<total>320</total>
				<timestamp>778.442224</timestamp>
			</report>
			<report>
				<misses>4330001</misses>
				<total>320</total>
				<timestamp>778.622165</timestamp>
			</report>
			<report>
				<misses>4331001</misses>
				<total>320</total>
				<timestamp>778.801876</timestamp>
			</report>
			<report>
				<misses>4332001</misses>
				<total>320</total>
				<timestamp>778.981688</timestamp>
			</report>
			<report>
				<misses>4333001</misses>
				<total>320</total>
				<timestamp>779.161524</timestamp>
			</report>
			<report>
				<misses>4334001</misses>
				<total>320</total>
				<timestamp>779.341449</timestamp>
			</report>
			<report>
				<misses>4335001</misses>
				<total>320</total>
				<timestamp>779.521284</timestamp>
			</report>
			<report>
				<misses>4336001</misses>
				<total>320</total>
				<timestamp>779.701031</timestamp>
			</report>
			<report>
				<misses>4337001</misses>
				<total>320</total>
				<timestamp>779.880852</timestamp>
			</report>
			<report>
				<misses>4338001</misses>
				<total>320</total>
				<timestamp>780.060627</timestamp>
			</report>
			<report>
				<misses>4339001</misses>
				<total>320</total>
				<timestamp>780.240495</timestamp>
			</report>
			<report>
				<misses>4340001</misses>
				<total>320</total>
				<timestamp>780.420366</timestamp>
			</report>
			<report>
				<misses>4341001</misses>
				<total>320</total>
				<timestamp>780.600138</timestamp>
			</report>
			<report>
				<misses>4342001</misses>
				<total>320</total>
				<timestamp>780.779891</timestamp>
			</report>
			<report>
				<misses>4343001</misses>
				<total>320</total>
				<timestamp>780.959770</timestamp>
			</report>
			<report>
				<misses>4344001</misses>
				<total>320</total>
				<timestamp>781.139524</timestamp>
			</report>
			<report>
				<misses>4345001</misses>
				<total>320</total>
				<timestamp>781.319402</timestamp>
			</report>
			<report>
				<misses>4346001</misses>
				<total>320</total>
				<timestamp>781.499155</timestamp>
			</report>
			<report>
				<misses>4347001</misses>
				<total>320</total>
				<timestamp>781.678995</timestamp>
			</report>
			<report>
				<misses>4348001</misses>
				<total>320</total>
				<timestamp>781.858924</timestamp>
			</report>
			<report>
				<misses>4349001</misses>
				<total>320</total>
				<timestamp>782.038619</timestamp>
			</report>
			<report>
				<misses>4350001</misses>
				<total>320</total>
				<timestamp>782.218459</timestamp>
			</report>
			<report>
				<misses>4351001</misses>
				<total>320</total>
				<timestamp>782.398346</timestamp>
			</report>
			<report>
				<misses>4352001</misses>
				<total>320</total>
				<timestamp>782.578077</timestamp>
			</report>
			<report>
				<misses>4353001</misses>
				<total>320</total>
				<timestamp>782.757918</timestamp>
			</report>
			<report>
				<misses>4354001</misses>
				<total>320</total>
				<timestamp>782.937795</timestamp>
			</report>
			<report>
				<misses>4355001</misses>
				<total>320</total>
				<timestamp>783.117670</timestamp>
			</report>
			<report>
				<misses>4356001</misses>
				<total>320</total>
				<timestamp>783.297375</timestamp>
			</report>
			<report>
				<misses>4357001</misses>
				<total>320</total>
				<timestamp>783.477281</timestamp>
			</report>
			<report>
				<misses>4358001</misses>
				<total>320</total>
				<timestamp>783.657022</timestamp>
			</report>
			<report>
				<misses>4359001</misses>
				<total>320</total>
				<timestamp>783.836839</timestamp>
			</report>
			<report>
				<misses>4360001</misses>
				<total>320</total>
				<timestamp>784.016767</timestamp>
			</report>
			<report>
				<misses>4361001</misses>
				<total>320</total>
				<timestamp>784.196484</timestamp>
			</report>
			<report>
				<misses>4362001</misses>
				<total>320</total>
				<timestamp>784.376354</timestamp>
			</report>
			<report>
				<misses>4363001</misses>
				<total>321</total>
				<timestamp>784.556127</timestamp>
			</report>
			<report>
				<misses>4364001</misses>
				<total>321</total>
				<timestamp>784.735938</timestamp>
			</report>
			<report>
				<misses>4365001</misses>
				<total>321</total>
				<timestamp>784.915805</timestamp>
			</report>
			<report>
				<misses>4366001</misses>
				<total>321</total>
				<timestamp>785.095699</timestamp>
			</report>
			<report>
				<misses>4367001</misses>
				<total>321</total>
				<timestamp>785.275403</timestamp>
			</report>
			<report>
				<misses>4368001</misses>
				<total>321</total>
				<timestamp>785.455216</timestamp>
			</report>
			<report>
				<misses>4369001</misses>
				<total>321</total>
				<timestamp>785.635046</timestamp>
			</report>
			<report>
				<misses>4370001</misses>
				<total>321</total>
				<timestamp>785.814859</timestamp>
			</report>
			<report>
				<misses>4371001</misses>
				<total>320</total>
				<timestamp>785.994789</timestamp>
			</report>
			<report>
				<misses>4372001</misses>
				<total>321</total>
				<timestamp>786.174489</timestamp>
			</report>
			<report>
				<misses>4373001</misses>
				<total>321</total>
				<timestamp>786.354429</timestamp>
			</report>
			<report>
				<misses>4374001</misses>
				<total>321</total>
				<timestamp>786.534138</timestamp>
			</report>
			<report>
				<misses>4375001</misses>
				<total>321</total>
				<timestamp>786.713961</timestamp>
			</report>
			<report>
				<misses>4376001</misses>
				<total>321</total>
				<timestamp>786.893836</timestamp>
			</report>
			<report>
				<misses>4377001</misses>
				<total>321</total>
				<timestamp>787.073586</timestamp>
			</report>
			<report>
				<misses>4378001</misses>
				<total>321</total>
				<timestamp>787.253438</timestamp>
			</report>
			<report>
				<misses>4379001</misses>
				<total>321</total>
				<timestamp>787.433291</timestamp>
			</report>
			<report>
				<misses>4380001</misses>
				<total>321</total>
				<timestamp>787.613190</timestamp>
			</report>
			<report>
				<misses>4381001</misses>
				<total>321</total>
				<timestamp>787.792927</timestamp>
			</report>
			<report>
				<misses>4382001</misses>
				<total>321</total>
				<timestamp>787.972803</timestamp>
			</report>
			<report>
				<misses>4383001</misses>
				<total>321</total>
				<timestamp>788.152536</timestamp>
			</report>
			<report>
				<misses>4384001</misses>
				<total>321</total>
				<timestamp>788.332369</timestamp>
			</report>
			<report>
				<misses>4385001</misses>
				<total>325</total>
				<timestamp>788.512288</timestamp>
			</report>
			<report>
				<misses>4386001</misses>
				<total>325</total>
				<timestamp>788.691981</timestamp>
			</report>
			<report>
				<misses>4387001</misses>
				<total>325</total>
				<timestamp>788.871863</timestamp>
			</report>
			<report>
				<misses>4388001</misses>
				<total>325</total>
				<timestamp>789.051681</timestamp>
			</report>
			<report>
				<misses>4389001</misses>
				<total>325</total>
				<timestamp>789.231489</timestamp>
			</report>
			<report>
				<misses>4390001</misses>
				<total>325</total>
				<timestamp>789.411257</timestamp>
			</report>
			<report>
				<misses>4391001</misses>
				<total>325</total>
				<timestamp>789.591085</timestamp>
			</report>
			<report>
				<misses>4392001</misses>
				<total>325</total>
				<timestamp>789.770953</timestamp>
			</report>
			<report>
				<misses>4393001</misses>
				<total>325</total>
				<timestamp>789.950716</timestamp>
			</report>
			<report>
				<misses>4394001</misses>
				<total>325</total>
				<timestamp>790.130536</timestamp>
			</report>
			<report>
				<misses>4395001</misses>
				<total>325</total>
				<timestamp>790.310463</timestamp>
			</report>
			<report>
				<misses>4396001</misses>
				<total>325</total>
				<timestamp>790.490288</timestamp>
			</report>
			<report>
				<misses>4397001</misses>
				<total>324</total>
				<timestamp>790.670054</timestamp>
			</report>
			<report>
				<misses>4398001</misses>
				<total>325</total>
				<timestamp>790.849875</timestamp>
			</report>
			<report>
				<misses>4399001</misses>
				<total>325</total>
				<timestamp>791.029622</timestamp>
			</report>
			<report>
				<misses>4400001</misses>
				<total>325</total>
				<timestamp>791.209466</timestamp>
			</report>
			<report>
				<misses>4401001</misses>
				<total>325</total>
				<timestamp>791.389407</timestamp>
			</report>
			<report>
				<misses>4402001</misses>
				<total>325</total>
				<timestamp>791.569094</timestamp>
			</report>
			<report>
				<misses>4403001</misses>
				<total>325</total>
				<timestamp>791.748916</timestamp>
			</report>
			<report>
				<misses>4404001</misses>
				<total>325</total>
				<timestamp>791.928727</timestamp>
			</report>
			<report>
				<misses>4405001</misses>
				<total>325</total>
				<timestamp>792.108546</timestamp>
			</report>
			<report>
				<misses>4406001</misses>
				<total>325</total>
				<timestamp>792.288393</timestamp>
			</report>
			<report>
				<misses>4407001</misses>
				<total>325</total>
				<timestamp>792.468183</timestamp>
			</report>
			<report>
				<misses>4408001</misses>
				<total>324</total>
				<timestamp>792.648038</timestamp>
			</report>
			<report>
				<misses>4409001</misses>
				<total>325</total>
				<timestamp>792.827902</timestamp>
			</report>
			<report>
				<misses>4410001</misses>
				<total>325</total>
				<timestamp>793.007635</timestamp>
			</report>
			<report>
				<misses>4411001</misses>
				<total>325</total>
				<timestamp>793.187451</timestamp>
			</report>
			<report>
				<misses>4412001</misses>
				<total>325</total>
				<timestamp>793.367285</timestamp>
			</report>
			<report>
				<misses>4413001</misses>
				<total>325</total>
				<timestamp>793.547083</timestamp>
			</report>
			<report>
				<misses>4414001</misses>
				<total>325</total>
				<timestamp>793.726926</timestamp>
			</report>
			<report>
				<misses>4415001</misses>
				<total>325</total>
				<timestamp>793.906743</timestamp>
			</report>
			<report>
				<misses>4416001</misses>
				<total>325</total>
				<timestamp>794.086580</timestamp>
			</report>
			<report>
				<misses>4417001</misses>
				<total>325</total>
				<timestamp>794.266384</timestamp>
			</report>
			<report>
				<misses>4418001</misses>
				<total>325</total>
				<timestamp>794.446222</timestamp>
			</report>
			<report>
				<misses>4419001</misses>
				<total>325</total>
				<timestamp>794.626034</timestamp>
			</report>
			<report>
				<misses>4420001</misses>
				<total>325</total>
				<timestamp>794.805849</timestamp>
			</report>
			<report>
				<misses>4421001</misses>
				<total>325</total>
				<timestamp>794.985657</timestamp>
			</report>
			<report>
				<misses>4422001</misses>
				<total>325</total>
				<timestamp>795.165463</timestamp>
			</report>
			<report>
				<misses>4423001</misses>
				<total>325</total>
				<timestamp>795.345313</timestamp>
			</report>
			<report>
				<misses>4424001</misses>
				<total>325</total>
				<timestamp>795.525125</timestamp>
			</report>
			<report>
				<misses>4425001</misses>
				<total>325</total>
				<timestamp>795.704944</timestamp>
			</report>
			<report>
				<misses>4426001</misses>
				<total>325</total>
				<timestamp>795.884756</timestamp>
			</report>
			<report>
				<misses>4427001</misses>
				<total>325</total>
				<timestamp>796.064581</timestamp>
			</report>
			<report>
				<misses>4428001</misses>
				<total>325</total>
				<timestamp>796.244435</timestamp>
			</report>
			<report>
				<misses>4429001</misses>
				<total>325</total>
				<timestamp>796.424253</timestamp>
			</report>
			<report>
				<misses>4430001</misses>
				<total>325</total>
				<timestamp>796.604056</timestamp>
			</report>
			<report>
				<misses>4431001</misses>
				<total>325</total>
				<timestamp>796.783852</timestamp>
			</report>
			<report>
				<misses>4432001</misses>
				<total>325</total>
				<timestamp>796.963675</timestamp>
			</report>
			<report>
				<misses>4433001</misses>
				<total>325</total>
				<timestamp>797.143481</timestamp>
			</report>
			<report>
				<misses>4434001</misses>
				<total>325</total>
				<timestamp>797.323329</timestamp>
			</report>
			<report>
				<misses>4435001</misses>
				<total>325</total>
				<timestamp>797.503149</timestamp>
			</report>
			<report>
				<misses>4436001</misses>
				<total>325</total>
				<timestamp>797.682949</timestamp>
			</report>
			<report>
				<misses>4437001</misses>
				<total>325</total>
				<timestamp>797.862778</timestamp>
			</report>
			<report>
				<misses>4438001</misses>
				<total>325</total>
				<timestamp>798.042624</timestamp>
			</report>
			<report>
				<misses>4439001</misses>
				<total>325</total>
				<timestamp>798.222421</timestamp>
			</report>
			<report>
				<misses>4440001</misses>
				<total>325</total>
				<timestamp>798.402248</timestamp>
			</report>
			<report>
				<misses>4441001</misses>
				<total>325</total>
				<timestamp>798.582095</timestamp>
			</report>
			<report>
				<misses>4442001</misses>
				<total>325</total>
				<timestamp>798.761871</timestamp>
			</report>
			<report>
				<misses>4443001</misses>
				<total>331</total>
				<timestamp>798.941724</timestamp>
			</report>
			<report>
				<misses>4444001</misses>
				<total>331</total>
				<timestamp>799.121501</timestamp>
			</report>
			<report>
				<misses>4445001</misses>
				<total>331</total>
				<timestamp>799.301359</timestamp>
			</report>
			<report>
				<misses>4446001</misses>
				<total>331</total>
				<timestamp>799.481205</timestamp>
			</report>
			<report>
				<misses>4447001</misses>
				<total>330</total>
				<timestamp>799.661019</timestamp>
			</report>
			<report>
				<misses>4448001</misses>
				<total>331</total>
				<timestamp>799.840801</timestamp>
			</report>
			<report>
				<misses>4449001</misses>
				<total>331</total>
				<timestamp>800.020641</timestamp>
			</report>
			<report>
				<misses>4450001</misses>
				<total>331</total>
				<timestamp>800.200447</timestamp>
			</report>
			<report>
				<misses>4451001</misses>
				<total>331</total>
				<timestamp>800.380254</timestamp>
			</report>
			<report>
				<misses>4452001</misses>
				<total>331</total>
				<timestamp>800.560071</timestamp>
			</report>
			<report>
				<misses>4453001</misses>
				<total>330</total>
				<timestamp>800.739940</timestamp>
			</report>
			<report>
				<misses>4454001</misses>
				<total>331</total>
				<timestamp>800.919713</timestamp>
			</report>
			<report>
				<misses>4455001</misses>
				<total>331</total>
				<timestamp>801.099522</timestamp>
			</report>
			<report>
				<misses>4456001</misses>
				<total>331</total>
				<timestamp>801.279396</timestamp>
			</report>
			<report>
				<misses>4457001</misses>
				<total>331</total>
				<timestamp>801.459200</timestamp>
			</report>
			<report>
				<misses>4458001</misses>
				<total>331</total>
				<timestamp>801.639042</timestamp>
			</report>
			<report>
				<misses>4459001</misses>
				<total>331</total>
				<timestamp>801.818827</timestamp>
			</report>
			<report>
				<misses>4460001</misses>
				<total>331</total>
				<timestamp>801.998622</timestamp>
			</report>
			<report>
				<misses>4461001</misses>
				<total>331</total>
				<timestamp>802.178492</timestamp>
			</report>
			<report>
				<misses>4462001</misses>
				<total>331</total>
				<timestamp>802.358269</timestamp>
			</report>
			<report>
				<misses>4463001</misses>
				<total>331</total>
				<timestamp>802.538103</timestamp>
			</report>
			<report>
				<misses>4464001</misses>
				<total>331</total>
				<timestamp>802.717915</timestamp>
			</report>
			<report>
				<misses>4465001</misses>
				<total>331</total>
				<timestamp>802.897748</timestamp>
			</report>
			<report>
				<misses>4466001</misses>
				<total>331</total>
				<timestamp>803.077569</timestamp>
			</report>
			<report>
				<misses>4467001</misses>
				<total>331</total>
				<timestamp>803.257375</timestamp>
			</report>
			<report>
				<misses>4468001</misses>
				<total>331</total>
				<timestamp>803.437210</timestamp>
			</report>
			<report>
				<misses>4469001</misses>
				<total>331</total>
				<timestamp>803.617076</timestamp>
			</report>
			<report>
				<misses>4470001</misses>
				<total>331</total>
				<timestamp>803.796836</timestamp>
			</report>
			<report>
				<misses>4471001</misses>
				<total>331</total>
				<timestamp>803.976653</timestamp>
			</report>
			<report>
				<misses>4472001</misses>
				<total>331</total>
				<timestamp>804.156477</timestamp>
			</report>
			<report>
				<misses>4473001</misses>
				<total>331</total>
				<timestamp>804.336306</timestamp>
			</report>
			<report>
				<misses>4474001</misses>
				<total>331</total>
				<timestamp>804.516140</timestamp>
			</report>
			<report>
				<misses>4475001</misses>
				<total>331</total>
				<timestamp>804.695926</timestamp>
			</report>
			<report>
				<misses>4476001</misses>
				<total>331</total>
				<timestamp>804.875738</timestamp>
			</report>
			<report>
				<misses>4477001</misses>
				<total>331</total>
				<timestamp>805.055568</timestamp>
			</report>
			<report>
				<misses>4478001</misses>
				<total>331</total>
				<timestamp>805.235404</timestamp>
			</report>
			<report>
				<misses>4479001</misses>
				<total>333</total>
				<timestamp>805.415207</timestamp>
			</report>
			<report>
				<misses>4480001</misses>
				<total>333</total>
				<timestamp>805.595034</timestamp>
			</report>
			<report>
				<misses>4481001</misses>
				<total>333</total>
				<timestamp>805.774859</timestamp>
			</report>
			<report>
				<misses>4482001</misses>
				<total>333</total>
				<timestamp>805.954666</timestamp>
			</report>
			<report>
				<misses>4483001</misses>
				<total>333</total>
				<timestamp>806.134489</timestamp>
			</report>
			<report>
				<misses>4484001</misses>
				<total>333</total>
				<timestamp>806.314312</timestamp>
			</report>
			<report>
				<misses>4485001</misses>
				<total>333</total>
				<timestamp>806.494184</timestamp>
			</report>
			<report>
				<misses>4486001</misses>
				<total>333</total>
				<timestamp>806.673980</timestamp>
			</report>
			<report>
				<misses>4487001</misses>
				<total>333</total>
				<timestamp>806.853794</timestamp>
			</report>
			<report>
				<misses>4488001</misses>
				<total>333</total>
				<timestamp>807.033593</timestamp>
			</report>
			<report>
				<misses>4489001</misses>
				<total>339</total>
				<timestamp>807.213436</timestamp>
			</report>
			<report>
				<misses>4490001</misses>
				<total>339</total>
				<timestamp>807.393260</timestamp>
			</report>
			<report>
				<misses>4491001</misses>
				<total>339</total>
				<timestamp>807.573068</timestamp>
			</report>
			<report>
				<misses>4492001</misses>
				<total>339</total>
				<timestamp>807.752884</timestamp>
			</report>
			<report>
				<misses>4493001</misses>
				<total>339</total>
				<timestamp>807.932691</timestamp>
			</report>
			<report>
				<misses>4494001</misses>
				<total>339</total>
				<timestamp>808.112513</timestamp>
			</report>
			<report>
				<misses>4495001</misses>
				<total>339</total>
				<timestamp>808.292340</timestamp>
			</report>
			<report>
				<misses>4496001</misses>
				<total>339</total>
				<timestamp>808.472166</timestamp>
			</report>
			<report>
				<misses>4497001</misses>
				<total>339</total>
				<timestamp>808.652005</timestamp>
			</report>
			<report>
				<misses>4498001</misses>
				<total>339</total>
				<timestamp>808.831796</timestamp>
			</report>
			<report>
				<misses>4499001</misses>
				<total>339</total>
				<timestamp>809.011602</timestamp>
			</report>
			<report>
				<misses>4500001</misses>
				<total>339</total>
				<timestamp>809.191434</timestamp>
			</report>
			<report>
				<misses>4501001</misses>
				<total>338</total>
				<timestamp>809.371308</timestamp>
			</report>
			<report>
				<misses>4502001</misses>
				<total>339</total>
				<timestamp>809.551083</timestamp>
			</report>
			<report>
				<misses>4503001</misses>
				<total>339</total>
				<timestamp>809.730908</timestamp>
			</report>
			<report>
				<misses>4504001</misses>
				<total>339</total>
				<timestamp>809.910702</timestamp>
			</report>
			<report>
				<misses>4505001</misses>
				<total>339</total>
				<timestamp>810.090523</timestamp>
			</report>
			<report>
				<misses>4506001</misses>
				<total>339</total>
				<timestamp>810.270353</timestamp>
			</report>
			<report>
				<misses>4507001</misses>
				<total>339</total>
				<timestamp>810.450191</timestamp>
			</report>
			<report>
				<misses>4508001</misses>
				<total>339</total>
				<timestamp>810.630013</timestamp>
			</report>
			<report>
				<misses>4509001</misses>
				<total>339</total>
				<timestamp>810.809814</timestamp>
			</report>
			<report>
				<misses>4510001</misses>
				<total>339</total>
				<timestamp>810.989646</timestamp>
			</report>
			<report>
				<misses>4511001</misses>
				<total>339</total>
				<timestamp>811.169469</timestamp>
			</report>
			<report>
				<misses>4512001</misses>
				<total>339</total>
				<timestamp>811.349280</timestamp>
			</report>
			<report>
				<misses>4513001</misses>
				<total>340</total>
				<timestamp>811.529158</timestamp>
			</report>
			<report>
				<misses>4514001</misses>
				<total>340</total>
				<timestamp>811.708922</timestamp>
			</report>
			<report>
				<misses>4515001</misses>
				<total>340</total>
				<timestamp>811.888732</timestamp>
			</report>
			<report>
				<misses>4516001</misses>
				<total>340</total>
				<timestamp>812.068587</timestamp>
			</report>
			<report>
				<misses>4517001</misses>
				<total>340</total>
				<timestamp>812.248383</timestamp>
			</report>
			<report>
				<misses>4518001</misses>
				<total>340</total>
				<timestamp>812.428246</timestamp>
			</report>
			<report>
				<misses>4519001</misses>
				<total>340</total>
				<timestamp>812.608068</timestamp>
			</report>
			<report>
				<misses>4520001</misses>
				<total>340</total>
				<timestamp>812.787835</timestamp>
			</report>
			<report>
				<misses>4521001</misses>
				<total>340</total>
				<timestamp>812.967656</timestamp>
			</report>
			<report>
				<misses>4522001</misses>
				<total>340</total>
				<timestamp>813.147476</timestamp>
			</report>
			<report>
				<misses>4523001</misses>
				<total>340</total>
				<timestamp>813.327312</timestamp>
			</report>
			<report>
				<misses>4524001</misses>
				<total>340</total>
				<timestamp>813.507140</timestamp>
			</report>
			<report>
				<misses>4525001</misses>
				<total>340</total>
				<timestamp>813.686935</timestamp>
			</report>
			<report>
				<misses>4526001</misses>
				<total>340</total>
				<timestamp>813.866792</timestamp>
			</report>
			<report>
				<misses>4527001</misses>
				<total>340</total>
				<timestamp>814.046596</timestamp>
			</report>
			<report>
				<misses>4528001</misses>
				<total>340</total>
				<timestamp>814.226383</timestamp>
			</report>
			<report>
				<misses>4529001</misses>
				<total>340</total>
				<timestamp>814.406244</timestamp>
			</report>
			<report>
				<misses>4530001</misses>
				<total>340</total>
				<timestamp>814.586054</timestamp>
			</report>
			<report>
				<misses>4531001</misses>
				<total>340</total>
				<timestamp>814.765885</timestamp>
			</report>
			<report>
				<misses>4532001</misses>
				<total>340</total>
				<timestamp>814.945669</timestamp>
			</report>
			<report>
				<misses>4533001</misses>
				<total>340</total>
				<timestamp>815.125481</timestamp>
			</report>
			<report>
				<misses>4534001</misses>
				<total>340</total>
				<timestamp>815.305314</timestamp>
			</report>
			<report>
				<misses>4535001</misses>
				<total>340</total>
				<timestamp>815.485146</timestamp>
			</report>
			<report>
				<misses>4536001</misses>
				<total>340</total>
				<timestamp>815.664946</timestamp>
			</report>
			<report>
				<misses>4537001</misses>
				<total>340</total>
				<timestamp>815.844805</timestamp>
			</report>
			<report>
				<misses>4538001</misses>
				<total>340</total>
				<timestamp>816.024591</timestamp>
			</report>
			<report>
				<misses>4539001</misses>
				<total>341</total>
				<timestamp>816.204424</timestamp>
			</report>
			<report>
				<misses>4540001</misses>
				<total>341</total>
				<timestamp>816.384305</timestamp>
			</report>
			<report>
				<misses>4541001</misses>
				<total>341</total>
				<timestamp>816.564105</timestamp>
			</report>
			<report>
				<misses>4542001</misses>
				<total>341</total>
				<timestamp>816.743888</timestamp>
			</report>
			<report>
				<misses>4543001</misses>
				<total>341</total>
				<timestamp>816.923689</timestamp>
			</report>
			<report>
				<misses>4544001</misses>
				<total>341</total>
				<timestamp>817.103528</timestamp>
			</report>
			<report>
				<misses>4545001</misses>
				<total>341</total>
				<timestamp>817.283335</timestamp>
			</report>
			<report>
				<misses>4546001</misses>
				<total>341</total>
				<timestamp>817.463262</timestamp>
			</report>
			<report>
				<misses>4547001</misses>
				<total>341</total>
				<timestamp>817.643001</timestamp>
			</report>
			<report>
				<misses>4548001</misses>
				<total>341</total>
				<timestamp>817.822803</timestamp>
			</report>
			<report>
				<misses>4549001</misses>
				<total>341</total>
				<timestamp>818.002618</timestamp>
			</report>
			<report>
				<misses>4550001</misses>
				<total>341</total>
				<timestamp>818.182434</timestamp>
			</report>
			<report>
				<misses>4551001</misses>
				<total>341</total>
				<timestamp>818.362280</timestamp>
			</report>
			<report>
				<misses>4552001</misses>
				<total>341</total>
				<timestamp>818.542108</timestamp>
			</report>
			<report>
				<misses>4553001</misses>
				<total>341</total>
				<timestamp>818.721930</timestamp>
			</report>
			<report>
				<misses>4554001</misses>
				<total>341</total>
				<timestamp>818.901729</timestamp>
			</report>
			<report>
				<misses>4555001</misses>
				<total>341</total>
				<timestamp>819.081534</timestamp>
			</report>
			<report>
				<misses>4556001</misses>
				<total>341</total>
				<timestamp>819.261349</timestamp>
			</report>
			<report>
				<misses>4557001</misses>
				<total>341</total>
				<timestamp>819.441230</timestamp>
			</report>
			<report>
				<misses>4558001</misses>
				<total>341</total>
				<timestamp>819.621040</timestamp>
			</report>
			<report>
				<misses>4559001</misses>
				<total>341</total>
				<timestamp>819.800846</timestamp>
			</report>
			<report>
				<misses>4560001</misses>
				<total>341</total>
				<timestamp>819.980641</timestamp>
			</report>
			<report>
				<misses>4561001</misses>
				<total>341</total>
				<timestamp>820.160457</timestamp>
			</report>
			<report>
				<misses>4562001</misses>
				<total>341</total>
				<timestamp>820.340281</timestamp>
			</report>
			<report>
				<misses>4563001</misses>
				<total>341</total>
				<timestamp>820.520162</timestamp>
			</report>
			<report>
				<misses>4564001</misses>
				<total>341</total>
				<timestamp>820.699937</timestamp>
			</report>
			<report>
				<misses>4565001</misses>
				<total>341</total>
				<timestamp>820.879730</timestamp>
			</report>
			<report>
				<misses>4566001</misses>
				<total>340</total>
				<timestamp>821.059571</timestamp>
			</report>
			<report>
				<misses>4567001</misses>
				<total>340</total>
				<timestamp>821.239376</timestamp>
			</report>
			<report>
				<misses>4568001</misses>
				<total>341</total>
				<timestamp>821.419200</timestamp>
			</report>
			<report>
				<misses>4569001</misses>
				<total>341</total>
				<timestamp>821.599064</timestamp>
			</report>
			<report>
				<misses>4570001</misses>
				<total>341</total>
				<timestamp>821.778866</timestamp>
			</report>
			<report>
				<misses>4571001</misses>
				<total>341</total>
				<timestamp>821.958664</timestamp>
			</report>
			<report>
				<misses>4572001</misses>
				<total>342</total>
				<timestamp>822.138519</timestamp>
			</report>
			<report>
				<misses>4573001</misses>
				<total>342</total>
				<timestamp>822.318287</timestamp>
			</report>
			<report>
				<misses>4574001</misses>
				<total>342</total>
				<timestamp>822.498108</timestamp>
			</report>
			<report>
				<misses>4575001</misses>
				<total>342</total>
				<timestamp>822.677990</timestamp>
			</report>
			<report>
				<misses>4576001</misses>
				<total>342</total>
				<timestamp>822.857753</timestamp>
			</report>
			<report>
				<misses>4577001</misses>
				<total>342</total>
				<timestamp>823.037577</timestamp>
			</report>
			<report>
				<misses>4578001</misses>
				<total>342</total>
				<timestamp>823.217388</timestamp>
			</report>
			<report>
				<misses>4579001</misses>
				<total>342</total>
				<timestamp>823.397224</timestamp>
			</report>
			<report>
				<misses>4580001</misses>
				<total>342</total>
				<timestamp>823.577066</timestamp>
			</report>
			<report>
				<misses>4581001</misses>
				<total>342</total>
				<timestamp>823.756865</timestamp>
			</report>
			<report>
				<misses>4582001</misses>
				<total>342</total>
				<timestamp>823.936667</timestamp>
			</report>
			<report>
				<misses>4583001</misses>
				<total>342</total>
				<timestamp>824.116498</timestamp>
			</report>
			<report>
				<misses>4584001</misses>
				<total>342</total>
				<timestamp>824.296326</timestamp>
			</report>
			<report>
				<misses>4585001</misses>
				<total>342</total>
				<timestamp>824.476141</timestamp>
			</report>
			<report>
				<misses>4586001</misses>
				<total>342</total>
				<timestamp>824.655949</timestamp>
			</report>
			<report>
				<misses>4587001</misses>
				<total>343</total>
				<timestamp>824.835824</timestamp>
			</report>
			<report>
				<misses>4588001</misses>
				<total>343</total>
				<timestamp>825.015592</timestamp>
			</report>
			<report>
				<misses>4589001</misses>
				<total>343</total>
				<timestamp>825.195443</timestamp>
			</report>
			<report>
				<misses>4590001</misses>
				<total>343</total>
				<timestamp>825.375237</timestamp>
			</report>
			<report>
				<misses>4591001</misses>
				<total>343</total>
				<timestamp>825.555071</timestamp>
			</report>
			<report>
				<misses>4592001</misses>
				<total>343</total>
				<timestamp>825.734881</timestamp>
			</report>
			<report>
				<misses>4593001</misses>
				<total>343</total>
				<timestamp>825.914709</timestamp>
			</report>
			<report>
				<misses>4594001</misses>
				<total>343</total>
				<timestamp>826.094508</timestamp>
			</report>
			<report>
				<misses>4595001</misses>
				<total>343</total>
				<timestamp>826.274379</timestamp>
			</report>
			<report>
				<misses>4596001</misses>
				<total>343</total>
				<timestamp>826.454158</timestamp>
			</report>
			<report>
				<misses>4597001</misses>
				<total>343</total>
				<timestamp>826.634035</timestamp>
			</report>
			<report>
				<misses>4598001</misses>
				<total>343</total>
				<timestamp>826.813825</timestamp>
			</report>
			<report>
				<misses>4599001</misses>
				<total>343</total>
				<timestamp>826.993620</timestamp>
			</report>
			<report>
				<misses>4600001</misses>
				<total>343</total>
				<timestamp>827.173423</timestamp>
			</report>
			<report>
				<misses>4601001</misses>
				<total>347</total>
				<timestamp>827.353280</timestamp>
			</report>
			<report>
				<misses>4602001</misses>
				<total>347</total>
				<timestamp>827.533095</timestamp>
			</report>
			<report>
				<misses>4603001</misses>
				<total>347</total>
				<timestamp>827.712916</timestamp>
			</report>
			<report>
				<misses>4604001</misses>
				<total>347</total>
				<timestamp>827.892716</timestamp>
			</report>
			<report>
				<misses>4605001</misses>
				<total>347</total>
				<timestamp>828.072517</timestamp>
			</report>
			<report>
				<misses>4606001</misses>
				<total>347</total>
				<timestamp>828.252352</timestamp>
			</report>
			<report>
				<misses>4607001</misses>
				<total>346</total>
				<timestamp>828.432206</timestamp>
			</report>
			<report>
				<misses>4608001</misses>
				<total>347</total>
				<timestamp>828.612052</timestamp>
			</report>
			<report>
				<misses>4609001</misses>
				<total>347</total>
				<timestamp>828.791835</timestamp>
			</report>
			<report>
				<misses>4610001</misses>
				<total>347</total>
				<timestamp>828.971628</timestamp>
			</report>
			<report>
				<misses>4611001</misses>
				<total>347</total>
				<timestamp>829.151453</timestamp>
			</report>
			<report>
				<misses>4612001</misses>
				<total>347</total>
				<timestamp>829.331276</timestamp>
			</report>
			<report>
				<misses>4613001</misses>
				<total>347</total>
				<timestamp>829.511083</timestamp>
			</report>
			<report>
				<misses>4614001</misses>
				<total>347</total>
				<timestamp>829.690914</timestamp>
			</report>
			<report>
				<misses>4615001</misses>
				<total>347</total>
				<timestamp>829.870751</timestamp>
			</report>
			<report>
				<misses>4616001</misses>
				<total>347</total>
				<timestamp>830.050567</timestamp>
			</report>
			<report>
				<misses>4617001</misses>
				<total>347</total>
				<timestamp>830.230363</timestamp>
			</report>
			<report>
				<misses>4618001</misses>
				<total>347</total>
				<timestamp>830.410197</timestamp>
			</report>
			<report>
				<misses>4619001</misses>
				<total>347</total>
				<timestamp>830.590032</timestamp>
			</report>
			<report>
				<misses>4620001</misses>
				<total>346</total>
				<timestamp>830.769861</timestamp>
			</report>
			<report>
				<misses>4621001</misses>
				<total>347</total>
				<timestamp>830.949669</timestamp>
			</report>
			<report>
				<misses>4622001</misses>
				<total>347</total>
				<timestamp>831.129491</timestamp>
			</report>
			<report>
				<misses>4623001</misses>
				<total>347</total>
				<timestamp>831.309290</timestamp>
			</report>
			<report>
				<misses>4624001</misses>
				<total>347</total>
				<timestamp>831.489122</timestamp>
			</report>
			<report>
				<misses>4625001</misses>
				<total>347</total>
				<timestamp>831.668980</timestamp>
			</report>
			<report>
				<misses>4626001</misses>
				<total>347</total>
				<timestamp>831.848783</timestamp>
			</report>
			<report>
				<misses>4627001</misses>
				<total>347</total>
				<timestamp>832.028570</timestamp>
			</report>
			<report>
				<misses>4628001</misses>
				<total>347</total>
				<timestamp>832.208398</timestamp>
			</report>
			<report>
				<misses>4629001</misses>
				<total>347</total>
				<timestamp>832.388243</timestamp>
			</report>
			<report>
				<misses>4630001</misses>
				<total>347</total>
				<timestamp>832.568049</timestamp>
			</report>
			<report>
				<misses>4631001</misses>
				<total>346</total>
				<timestamp>832.747905</timestamp>
			</report>
			<report>
				<misses>4632001</misses>
				<total>347</total>
				<timestamp>832.927693</timestamp>
			</report>
			<report>
				<misses>4633001</misses>
				<total>347</total>
				<timestamp>833.107487</timestamp>
			</report>
			<report>
				<misses>4634001</misses>
				<total>347</total>
				<timestamp>833.287305</timestamp>
			</report>
			<report>
				<misses>4635001</misses>
				<total>347</total>
				<timestamp>833.467142</timestamp>
			</report>
			<report>
				<misses>4636001</misses>
				<total>347</total>
				<timestamp>833.647026</timestamp>
			</report>
			<report>
				<misses>4637001</misses>
				<total>347</total>
				<timestamp>833.826768</timestamp>
			</report>
			<report>
				<misses>4638001</misses>
				<total>347</total>
				<timestamp>834.006594</timestamp>
			</report>
			<report>
				<misses>4639001</misses>
				<total>347</total>
				<timestamp>834.186419</timestamp>
			</report>
			<report>
				<misses>4640001</misses>
				<total>347</total>
				<timestamp>834.366234</timestamp>
			</report>
			<report>
				<misses>4641001</misses>
				<total>347</total>
				<timestamp>834.546066</timestamp>
			</report>
			<report>
				<misses>4642001</misses>
				<total>347</total>
				<timestamp>834.725865</timestamp>
			</report>
			<report>
				<misses>4643001</misses>
				<total>347</total>
				<timestamp>834.905726</timestamp>
			</report>
			<report>
				<misses>4644001</misses>
				<total>347</total>
				<timestamp>835.085537</timestamp>
			</report>
			<report>
				<misses>4645001</misses>
				<total>347</total>
				<timestamp>835.265338</timestamp>
			</report>
			<report>
				<misses>4646001</misses>
				<total>347</total>
				<timestamp>835.445164</timestamp>
			</report>
			<report>
				<misses>4647001</misses>
				<total>347</total>
				<timestamp>835.624991</timestamp>
			</report>
			<report>
				<misses>4648001</misses>
				<total>347</total>
				<timestamp>835.804817</timestamp>
			</report>
			<report>
				<misses>4649001</misses>
				<total>349</total>
				<timestamp>835.984612</timestamp>
			</report>
			<report>
				<misses>4650001</misses>
				<total>355</total>
				<timestamp>836.164465</timestamp>
			</report>
			<report>
				<misses>4651001</misses>
				<total>355</total>
				<timestamp>836.344244</timestamp>
			</report>
			<report>
				<misses>4652001</misses>
				<total>354</total>
				<timestamp>836.524141</timestamp>
			</report>
			<report>
				<misses>4653001</misses>
				<total>355</total>
				<timestamp>836.703911</timestamp>
			</report>
			<report>
				<misses>4654001</misses>
				<total>355</total>
				<timestamp>836.883740</timestamp>
			</report>
			<report>
				<misses>4655001</misses>
				<total>355</total>
				<timestamp>837.063537</timestamp>
			</report>
			<report>
				<misses>4656001</misses>
				<total>355</total>
				<timestamp>837.243347</timestamp>
			</report>
			<report>
				<misses>4657001</misses>
				<total>355</total>
				<timestamp>837.423199</timestamp>
			</report>
			<report>
				<misses>4658001</misses>
				<total>355</total>
				<timestamp>837.603032</timestamp>
			</report>
			<report>
				<misses>4659001</misses>
				<total>355</total>
				<timestamp>837.782862</timestamp>
			</report>
			<report>
				<misses>4660001</misses>
				<total>355</total>
				<timestamp>837.962654</timestamp>
			</report>
			<report>
				<misses>4661001</misses>
				<total>355</total>
				<timestamp>838.142448</timestamp>
			</report>
			<report>
				<misses>4662001</misses>
				<total>355</total>
				<timestamp>838.322258</timestamp>
			</report>
			<report>
				<misses>4663001</misses>
				<total>355</total>
				<timestamp>838.502133</timestamp>
			</report>
			<report>
				<misses>4664001</misses>
				<total>355</total>
				<timestamp>838.681935</timestamp>
			</report>
			<report>
				<misses>4665001</misses>
				<total>355</total>
				<timestamp>838.861757</timestamp>
			</report>
			<report>
				<misses>4666001</misses>
				<total>355</total>
				<timestamp>839.041559</timestamp>
			</report>
			<report>
				<misses>4667001</misses>
				<total>355</total>
				<timestamp>839.221368</timestamp>
			</report>
			<report>
				<misses>4668001</misses>
				<total>355</total>
				<timestamp>839.401202</timestamp>
			</report>
			<report>
				<misses>4669001</misses>
				<total>355</total>
				<timestamp>839.581014</timestamp>
			</report>
			<report>
				<misses>4670001</misses>
				<total>355</total>
				<timestamp>839.760842</timestamp>
			</report>
			<report>
				<misses>4671001</misses>
				<total>360</total>
				<timestamp>839.940652</timestamp>
			</report>
			<report>
				<misses>4672001</misses>
				<total>360</total>
				<timestamp>840.120454</timestamp>
			</report>
			<report>
				<misses>4673001</misses>
				<total>360</total>
				<timestamp>840.300311</timestamp>
			</report>
			<report>
				<misses>4674001</misses>
				<total>360</total>
				<timestamp>840.480150</timestamp>
			</report>
			<report>
				<misses>4675001</misses>
				<total>360</total>
				<timestamp>840.660009</timestamp>
			</report>
			<report>
				<misses>4676001</misses>
				<total>360</total>
				<timestamp>840.839754</timestamp>
			</report>
			<report>
				<misses>4677001</misses>
				<total>360</total>
				<timestamp>841.019566</timestamp>
			</report>
			<report>
				<misses>4678001</misses>
				<total>360</total>
				<timestamp>841.199398</timestamp>
			</report>
			<report>
				<misses>4679001</misses>
				<total>360</total>
				<timestamp>841.379218</timestamp>
			</report>
			<report>
				<misses>4680001</misses>
				<total>360</total>
				<timestamp>841.559057</timestamp>
			</report>
			<report>
				<misses>4681001</misses>
				<total>360</total>
				<timestamp>841.738913</timestamp>
			</report>
			<report>
				<misses>4682001</misses>
				<total>360</total>
				<timestamp>841.918729</timestamp>
			</report>
			<report>
				<misses>4683001</misses>
				<total>360</total>
				<timestamp>842.098482</timestamp>
			</report>
			<report>
				<misses>4684001</misses>
				<total>360</total>
				<timestamp>842.278304</timestamp>
			</report>
			<report>
				<misses>4685001</misses>
				<total>360</total>
				<timestamp>842.458183</timestamp>
			</report>
			<report>
				<misses>4686001</misses>
				<total>360</total>
				<timestamp>842.637964</timestamp>
			</report>
			<report>
				<misses>4687001</misses>
				<total>360</total>
				<timestamp>842.817774</timestamp>
			</report>
			<report>
				<misses>4688001</misses>
				<total>360</total>
				<timestamp>842.997578</timestamp>
			</report>
			<report>
				<misses>4689001</misses>
				<total>360</total>
				<timestamp>843.177410</timestamp>
			</report>
			<report>
				<misses>4690001</misses>
				<total>360</total>
				<timestamp>843.357224</timestamp>
			</report>
			<report>
				<misses>4691001</misses>
				<total>360</total>
				<timestamp>843.537047</timestamp>
			</report>
			<report>
				<misses>4692001</misses>
				<total>360</total>
				<timestamp>843.716866</timestamp>
			</report>
			<report>
				<misses>4693001</misses>
				<total>360</total>
				<timestamp>843.896693</timestamp>
			</report>
			<report>
				<misses>4694001</misses>
				<total>360</total>
				<timestamp>844.076555</timestamp>
			</report>
			<report>
				<misses>4695001</misses>
				<total>360</total>
				<timestamp>844.256340</timestamp>
			</report>
			<report>
				<misses>4696001</misses>
				<total>360</total>
				<timestamp>844.436171</timestamp>
			</report>
			<report>
				<misses>4697001</misses>
				<total>360</total>
				<timestamp>844.615994</timestamp>
			</report>
			<report>
				<misses>4698001</misses>
				<total>360</total>
				<timestamp>844.795805</timestamp>
			</report>
			<report>
				<misses>4699001</misses>
				<total>360</total>
				<timestamp>844.975639</timestamp>
			</report>
			<report>
				<misses>4700001</misses>
				<total>360</total>
				<timestamp>845.155486</timestamp>
			</report>
			<report>
				<misses>4701001</misses>
				<total>360</total>
				<timestamp>845.335260</timestamp>
			</report>
			<report>
				<misses>4702001</misses>
				<total>360</total>
				<timestamp>845.515092</timestamp>
			</report>
			<report>
				<misses>4703001</misses>
				<total>360</total>
				<timestamp>845.694931</timestamp>
			</report>
			<report>
				<misses>4704001</misses>
				<total>360</total>
				<timestamp>845.874708</timestamp>
			</report>
			<report>
				<misses>4705001</misses>
				<total>360</total>
				<timestamp>846.054585</timestamp>
			</report>
			<report>
				<misses>4706001</misses>
				<total>360</total>
				<timestamp>846.234357</timestamp>
			</report>
			<report>
				<misses>4707001</misses>
				<total>366</total>
				<timestamp>846.414205</timestamp>
			</report>
			<report>
				<misses>4708001</misses>
				<total>366</total>
				<timestamp>846.594046</timestamp>
			</report>
			<report>
				<misses>4709001</misses>
				<total>366</total>
				<timestamp>846.773816</timestamp>
			</report>
			<report>
				<misses>4710001</misses>
				<total>366</total>
				<timestamp>846.953663</timestamp>
			</report>
			<report>
				<misses>4711001</misses>
				<total>366</total>
				<timestamp>847.133444</timestamp>
			</report>
			<report>
				<misses>4712001</misses>
				<total>366</total>
				<timestamp>847.313272</timestamp>
			</report>
			<report>
				<misses>4713001</misses>
				<total>366</total>
				<timestamp>847.493108</timestamp>
			</report>
			<report>
				<misses>4714001</misses>
				<total>366</total>
				<timestamp>847.672939</timestamp>
			</report>
			<report>
				<misses>4715001</misses>
				<total>366</total>
				<timestamp>847.852763</timestamp>
			</report>
			<report>
				<misses>4716001</misses>
				<total>366</total>
				<timestamp>848.032580</timestamp>
			</report>
			<report>
				<misses>4717001</misses>
				<total>366</total>
				<timestamp>848.212367</timestamp>
			</report>
			<report>
				<misses>4718001</misses>
				<total>366</total>
				<timestamp>848.392199</timestamp>
			</report>
			<report>
				<misses>4719001</misses>
				<total>366</total>
				<timestamp>848.572038</timestamp>
			</report>
			<report>
				<misses>4720001</misses>
				<total>366</total>
				<timestamp>848.751851</timestamp>
			</report>
			<report>
				<misses>4721001</misses>
				<total>366</total>
				<timestamp>848.931689</timestamp>
			</report>
			<report>
				<misses>4722001</misses>
				<total>366</total>
				<timestamp>849.111496</timestamp>
			</report>
			<report>
				<misses>4723001</misses>
				<total>366</total>
				<timestamp>849.291295</timestamp>
			</report>
			<report>
				<misses>4724001</misses>
				<total>366</total>
				<timestamp>849.471129</timestamp>
			</report>
			<report>
				<misses>4725001</misses>
				<total>366</total>
				<timestamp>849.650950</timestamp>
			</report>
			<report>
				<misses>4726001</misses>
				<total>366</total>
				<timestamp>849.830747</timestamp>
			</report>
			<report>
				<misses>4727001</misses>
				<total>366</total>
				<timestamp>850.010600</timestamp>
			</report>
			<report>
				<misses>4728001</misses>
				<total>366</total>
				<timestamp>850.190383</timestamp>
			</report>
			<report>
				<misses>4729001</misses>
				<total>366</total>
				<timestamp>850.370219</timestamp>
			</report>
			<report>
				<misses>4730001</misses>
				<total>366</total>
				<timestamp>850.550050</timestamp>
			</report>
			<report>
				<misses>4731001</misses>
				<total>366</total>
				<timestamp>850.729886</timestamp>
			</report>
			<report>
				<misses>4732001</misses>
				<total>366</total>
				<timestamp>850.909726</timestamp>
			</report>
			<report>
				<misses>4733001</misses>
				<total>368</total>
				<timestamp>851.089488</timestamp>
			</report>
			<report>
				<misses>4734001</misses>
				<total>368</total>
				<timestamp>851.269306</timestamp>
			</report>
			<report>
				<misses>4735001</misses>
				<total>368</total>
				<timestamp>851.449139</timestamp>
			</report>
			<report>
				<misses>4736001</misses>
				<total>368</total>
				<timestamp>851.628962</timestamp>
			</report>
			<report>
				<misses>4737001</misses>
				<total>368</total>
				<timestamp>851.808813</timestamp>
			</report>
			<report>
				<misses>4738001</misses>
				<total>368</total>
				<timestamp>851.988605</timestamp>
			</report>
			<report>
				<misses>4739001</misses>
				<total>368</total>
				<timestamp>852.168422</timestamp>
			</report>
			<report>
				<misses>4740001</misses>
				<total>368</total>
				<timestamp>852.348240</timestamp>
			</report>
			<report>
				<misses>4741001</misses>
				<total>368</total>
				<timestamp>852.528074</timestamp>
			</report>
			<report>
				<misses>4742001</misses>
				<total>367</total>
				<timestamp>852.707879</timestamp>
			</report>
			<report>
				<misses>4743001</misses>
				<total>367</total>
				<timestamp>852.887746</timestamp>
			</report>
			<report>
				<misses>4744001</misses>
				<total>368</total>
				<timestamp>853.067567</timestamp>
			</report>
			<report>
				<misses>4745001</misses>
				<total>369</total>
				<timestamp>853.247331</timestamp>
			</report>
			<report>
				<misses>4746001</misses>
				<total>369</total>
				<timestamp>853.427182</timestamp>
			</report>
			<report>
				<misses>4747001</misses>
				<total>369</total>
				<timestamp>853.606995</timestamp>
			</report>
			<report>
				<misses>4748001</misses>
				<total>369</total>
				<timestamp>853.786827</timestamp>
			</report>
			<report>
				<misses>4749001</misses>
				<total>369</total>
				<timestamp>853.966658</timestamp>
			</report>
			<report>
				<misses>4750001</misses>
				<total>369</total>
				<timestamp>854.146455</timestamp>
			</report>
			<report>
				<misses>4751001</misses>
				<total>369</total>
				<timestamp>854.326266</timestamp>
			</report>
			<report>
				<misses>4752001</misses>
				<total>369</total>
				<timestamp>854.506077</timestamp>
			</report>
			<report>
				<misses>4753001</misses>
				<total>369</total>
				<timestamp>854.685925</timestamp>
			</report>
			<report>
				<misses>4754001</misses>
				<total>369</total>
				<timestamp>854.865747</timestamp>
			</report>
			<report>
				<misses>4755001</misses>
				<total>369</total>
				<timestamp>855.045538</timestamp>
			</report>
			<report>
				<misses>4756001</misses>
				<total>369</total>
				<timestamp>855.225342</timestamp>
			</report>
			<report>
				<misses>4757001</misses>
				<total>369</total>
				<timestamp>855.405182</timestamp>
			</report>
			<report>
				<misses>4758001</misses>
				<total>369</total>
				<timestamp>855.585038</timestamp>
			</report>
			<report>
				<misses>4759001</misses>
				<total>369</total>
				<timestamp>855.764883</timestamp>
			</report>
			<report>
				<misses>4760001</misses>
				<total>369</total>
				<timestamp>855.944646</timestamp>
			</report>
			<report>
				<misses>4761001</misses>
				<total>369</total>
				<timestamp>856.124458</timestamp>
			</report>
			<report>
				<misses>4762001</misses>
				<total>369</total>
				<timestamp>856.304279</timestamp>
			</report>
			<report>
				<misses>4763001</misses>
				<total>369</total>
				<timestamp>856.484108</timestamp>
			</report>
			<report>
				<misses>4764001</misses>
				<total>369</total>
				<timestamp>856.663949</timestamp>
			</report>
			<report>
				<misses>4765001</misses>
				<total>369</total>
				<timestamp>856.843751</timestamp>
			</report>
			<report>
				<misses>4766001</misses>
				<total>377</total>
				<timestamp>857.023567</timestamp>
			</report>
			<report>
				<misses>4767001</misses>
				<total>377</total>
				<timestamp>857.203380</timestamp>
			</report>
			<report>
				<misses>4768001</misses>
				<total>377</total>
				<timestamp>857.383187</timestamp>
			</report>
			<report>
				<misses>4769001</misses>
				<total>377</total>
				<timestamp>857.563066</timestamp>
			</report>
			<report>
				<misses>4770001</misses>
				<total>377</total>
				<timestamp>857.742852</timestamp>
			</report>
			<report>
				<misses>4771001</misses>
				<total>377</total>
				<timestamp>857.922651</timestamp>
			</report>
			<report>
				<misses>4772001</misses>
				<total>377</total>
				<timestamp>858.102469</timestamp>
			</report>
			<report>
				<misses>4773001</misses>
				<total>377</total>
				<timestamp>858.282293</timestamp>
			</report>
			<report>
				<misses>4774001</misses>
				<total>377</total>
				<timestamp>858.462117</timestamp>
			</report>
			<report>
				<misses>4775001</misses>
				<total>377</total>
				<timestamp>858.641959</timestamp>
			</report>
			<report>
				<misses>4776001</misses>
				<total>377</total>
				<timestamp>858.821773</timestamp>
			</report>
			<report>
				<misses>4777001</misses>
				<total>377</total>
				<timestamp>859.001601</timestamp>
			</report>
			<report>
				<misses>4778001</misses>
				<total>377</total>
				<timestamp>859.181394</timestamp>
			</report>
			<report>
				<misses>4779001</misses>
				<total>377</total>
				<timestamp>859.361231</timestamp>
			</report>
			<report>
				<misses>4780001</misses>
				<total>377</total>
				<timestamp>859.541041</timestamp>
			</report>
			<report>
				<misses>4781001</misses>
				<total>377</total>
				<timestamp>859.720876</timestamp>
			</report>
			<report>
				<misses>4782001</misses>
				<total>377</total>
				<timestamp>859.900710</timestamp>
			</report>
			<report>
				<misses>4783001</misses>
				<total>377</total>
				<timestamp>860.080485</timestamp>
			</report>
			<report>
				<misses>4784001</misses>
				<total>377</total>
				<timestamp>860.260314</timestamp>
			</report>
			<report>
				<misses>4785001</misses>
				<total>377</total>
				<timestamp>860.440135</timestamp>
			</report>
			<report>
				<misses>4786001</misses>
				<total>379</total>
				<timestamp>860.619978</timestamp>
			</report>
			<report>
				<misses>4787001</misses>
				<total>379</total>
				<timestamp>860.799795</timestamp>
			</report>
			<report>
				<misses>4788001</misses>
				<total>379</total>
				<timestamp>860.979655</timestamp>
			</report>
			<report>
				<misses>4789001</misses>
				<total>379</total>
				<timestamp>861.159419</timestamp>
			</report>
			<report>
				<misses>4790001</misses>
				<total>379</total>
				<timestamp>861.339238</timestamp>
			</report>
			<report>
				<misses>4791001</misses>
				<total>379</total>
				<timestamp>861.519076</timestamp>
			</report>
			<report>
				<misses>4792001</misses>
				<total>379</total>
				<timestamp>861.698895</timestamp>
			</report>
			<report>
				<misses>4793001</misses>
				<total>379</total>
				<timestamp>861.878703</timestamp>
			</report>
			<report>
				<misses>4794001</misses>
				<total>379</total>
				<timestamp>862.058516</timestamp>
			</report>
			<report>
				<misses>4795001</misses>
				<total>379</total>
				<timestamp>862.238332</timestamp>
			</report>
			<report>
				<misses>4796001</misses>
				<total>381</total>
				<timestamp>862.418165</timestamp>
			</report>
			<report>
				<misses>4797001</misses>
				<total>381</total>
				<timestamp>862.597997</timestamp>
			</report>
			<report>
				<misses>4798001</misses>
				<total>381</total>
				<timestamp>862.777822</timestamp>
			</report>
			<report>
				<misses>4799001</misses>
				<total>384</total>
				<timestamp>862.957610</timestamp>
			</report>
			<report>
				<misses>4800001</misses>
				<total>384</total>
				<timestamp>863.137465</timestamp>
			</report>
			<report>
				<misses>4801001</misses>
				<total>384</total>
				<timestamp>863.317248</timestamp>
			</report>
			<report>
				<misses>4802001</misses>
				<total>384</total>
				<timestamp>863.497099</timestamp>
			</report>
			<report>
				<misses>4803001</misses>
				<total>384</total>
				<timestamp>863.676918</timestamp>
			</report>
			<report>
				<misses>4804001</misses>
				<total>384</total>
				<timestamp>863.856720</timestamp>
			</report>
			<report>
				<misses>4805001</misses>
				<total>384</total>
				<timestamp>864.036530</timestamp>
			</report>
			<report>
				<misses>4806001</misses>
				<total>384</total>
				<timestamp>864.216352</timestamp>
			</report>
			<report>
				<misses>4807001</misses>
				<total>384</total>
				<timestamp>864.396170</timestamp>
			</report>
			<report>
				<misses>4808001</misses>
				<total>384</total>
				<timestamp>864.576013</timestamp>
			</report>
			<report>
				<misses>4809001</misses>
				<total>384</total>
				<timestamp>864.755832</timestamp>
			</report>
			<report>
				<misses>4810001</misses>
				<total>384</total>
				<timestamp>864.935644</timestamp>
			</report>
			<report>
				<misses>4811001</misses>
				<total>384</total>
				<timestamp>865.115481</timestamp>
			</report>
			<report>
				<misses>4812001</misses>
				<total>384</total>
				<timestamp>865.295292</timestamp>
			</report>
			<report>
				<misses>4813001</misses>
				<total>384</total>
				<timestamp>865.475109</timestamp>
			</report>
			<report>
				<misses>4814001</misses>
				<total>384</total>
				<timestamp>865.654967</timestamp>
			</report>
			<report>
				<misses>4815001</misses>
				<total>384</total>
				<timestamp>865.834783</timestamp>
			</report>
			<report>
				<misses>4816001</misses>
				<total>384</total>
				<timestamp>866.014588</timestamp>
			</report>
			<report>
				<misses>4817001</misses>
				<total>384</total>
				<timestamp>866.194372</timestamp>
			</report>
			<report>
				<misses>4818001</misses>
				<total>384</total>
				<timestamp>866.374193</timestamp>
			</report>
			<report>
				<misses>4819001</misses>
				<total>384</total>
				<timestamp>866.554025</timestamp>
			</report>
			<report>
				<misses>4820001</misses>
				<total>384</total>
				<timestamp>866.733844</timestamp>
			</report>
			<report>
				<misses>4821001</misses>
				<total>384</total>
				<timestamp>866.913659</timestamp>
			</report>
			<report>
				<misses>4822001</misses>
				<total>384</total>
				<timestamp>867.093490</timestamp>
			</report>
			<report>
				<misses>4823001</misses>
				<total>384</total>
				<timestamp>867.273292</timestamp>
			</report>
			<report>
				<misses>4824001</misses>
				<total>384</total>
				<timestamp>867.453114</timestamp>
			</report>
			<report>
				<misses>4825001</misses>
				<total>384</total>
				<timestamp>867.632930</timestamp>
			</report>
			<report>
				<misses>4826001</misses>
				<total>384</total>
				<timestamp>867.812799</timestamp>
			</report>
			<report>
				<misses>4827001</misses>
				<total>384</total>
				<timestamp>867.992584</timestamp>
			</report>
			<report>
				<misses>4828001</misses>
				<total>384</total>
				<timestamp>868.172391</timestamp>
			</report>
			<report>
				<misses>4829001</misses>
				<total>384</total>
				<timestamp>868.352203</timestamp>
			</report>
			<report>
				<misses>4830001</misses>
				<total>384</total>
				<timestamp>868.532060</timestamp>
			</report>
			<report>
				<misses>4831001</misses>
				<total>384</total>
				<timestamp>868.711880</timestamp>
			</report>
			<report>
				<misses>4832001</misses>
				<total>384</total>
				<timestamp>868.891709</timestamp>
			</report>
			<report>
				<misses>4833001</misses>
				<total>384</total>
				<timestamp>869.071499</timestamp>
			</report>
			<report>
				<misses>4834001</misses>
				<total>384</total>
				<timestamp>869.251312</timestamp>
			</report>
			<report>
				<misses>4835001</misses>
				<total>384</total>
				<timestamp>869.431120</timestamp>
			</report>
			<report>
				<misses>4836001</misses>
				<total>386</total>
				<timestamp>869.610949</timestamp>
			</report>
			<report>
				<misses>4837001</misses>
				<total>385</total>
				<timestamp>869.790810</timestamp>
			</report>
			<report>
				<misses>4838001</misses>
				<total>386</total>
				<timestamp>869.970616</timestamp>
			</report>
			<report>
				<misses>4839001</misses>
				<total>386</total>
				<timestamp>870.150402</timestamp>
			</report>
			<report>
				<misses>4840001</misses>
				<total>386</total>
				<timestamp>870.330250</timestamp>
			</report>
			<report>
				<misses>4841001</misses>
				<total>386</total>
				<timestamp>870.510073</timestamp>
			</report>
			<report>
				<misses>4842001</misses>
				<total>386</total>
				<timestamp>870.689913</timestamp>
			</report>
			<report>
				<misses>4843001</misses>
				<total>386</total>
				<timestamp>870.869715</timestamp>
			</report>
			<report>
				<misses>4844001</misses>
				<total>386</total>
				<timestamp>871.049562</timestamp>
			</report>
			<report>
				<misses>4845001</misses>
				<total>386</total>
				<timestamp>871.229331</timestamp>
			</report>
			<report>
				<misses>4846001</misses>
				<total>386</total>
				<timestamp>871.409172</timestamp>
			</report>
			<report>
				<misses>4847001</misses>
				<total>386</total>
				<timestamp>871.588975</timestamp>
			</report>
			<report>
				<misses>4848001</misses>
				<total>386</total>
				<timestamp>871.768802</timestamp>
			</report>
			<report>
				<misses>4849001</misses>
				<total>386</total>
				<timestamp>871.948608</timestamp>
			</report>
			<report>
				<misses>4850001</misses>
				<total>387</total>
				<timestamp>872.128445</timestamp>
			</report>
			<report>
				<misses>4851001</misses>
				<total>387</total>
				<timestamp>872.308257</timestamp>
			</report>
			<report>
				<misses>4852001</misses>
				<total>387</total>
				<timestamp>872.488108</timestamp>
			</report>
			<report>
				<misses>4853001</misses>
				<total>387</total>
				<timestamp>872.667911</timestamp>
			</report>
			<report>
				<misses>4854001</misses>
				<total>387</total>
				<timestamp>872.847724</timestamp>
			</report>
			<report>
				<misses>4855001</misses>
				<total>387</total>
				<timestamp>873.027529</timestamp>
			</report>
			<report>
				<misses>4856001</misses>
				<total>387</total>
				<timestamp>873.207349</timestamp>
			</report>
			<report>
				<misses>4857001</misses>
				<total>387</total>
				<timestamp>873.387173</timestamp>
			</report>
			<report>
				<misses>4858001</misses>
				<total>387</total>
				<timestamp>873.567038</timestamp>
			</report>
			<report>
				<misses>4859001</misses>
				<total>387</total>
				<timestamp>873.746831</timestamp>
			</report>
			<report>
				<misses>4860001</misses>
				<total>387</total>
				<timestamp>873.926674</timestamp>
			</report>
			<report>
				<misses>4861001</misses>
				<total>387</total>
				<timestamp>874.106465</timestamp>
			</report>
			<report>
				<misses>4862001</misses>
				<total>388</total>
				<timestamp>874.286265</timestamp>
			</report>
			<report>
				<misses>4863001</misses>
				<total>388</total>
				<timestamp>874.466142</timestamp>
			</report>
			<report>
				<misses>4864001</misses>
				<total>388</total>
				<timestamp>874.645908</timestamp>
			</report>
			<report>
				<misses>4865001</misses>
				<total>388</total>
				<timestamp>874.825745</timestamp>
			</report>
			<report>
				<misses>4866001</misses>
				<total>387</total>
				<timestamp>875.005567</timestamp>
			</report>
			<report>
				<misses>4867001</misses>
				<total>388</total>
				<timestamp>875.185370</timestamp>
			</report>
			<report>
				<misses>4868001</misses>
				<total>388</total>
				<timestamp>875.365199</timestamp>
			</report>
			<report>
				<misses>4869001</misses>
				<total>390</total>
				<timestamp>875.545019</timestamp>
			</report>
			<report>
				<misses>4870001</misses>
				<total>390</total>
				<timestamp>875.724849</timestamp>
			</report>
			<report>
				<misses>4871001</misses>
				<total>390</total>
				<timestamp>875.904675</timestamp>
			</report>
			<report>
				<misses>4872001</misses>
				<total>390</total>
				<timestamp>876.084470</timestamp>
			</report>
			<report>
				<misses>4873001</misses>
				<total>390</total>
				<timestamp>876.264286</timestamp>
			</report>
			<report>
				<misses>4874001</misses>
				<total>390</total>
				<timestamp>876.444126</timestamp>
			</report>
			<report>
				<misses>4875001</misses>
				<total>390</total>
				<timestamp>876.623979</timestamp>
			</report>
			<report>
				<misses>4876001</misses>
				<total>390</total>
				<timestamp>876.803761</timestamp>
			</report>
			<report>
				<misses>4877001</misses>
				<total>390</total>
				<timestamp>876.983577</timestamp>
			</report>
			<report>
				<misses>4878001</misses>
				<total>390</total>
				<timestamp>877.163397</timestamp>
			</report>
			<report>
				<misses>4879001</misses>
				<total>390</total>
				<timestamp>877.343217</timestamp>
			</report>
			<report>
				<misses>4880001</misses>
				<total>390</total>
				<timestamp>877.523035</timestamp>
			</report>
			<report>
				<misses>4881001</misses>
				<total>390</total>
				<timestamp>877.702884</timestamp>
			</report>
			<report>
				<misses>4882001</misses>
				<total>390</total>
				<timestamp>877.882708</timestamp>
			</report>
			<report>
				<misses>4883001</misses>
				<total>390</total>
				<timestamp>878.062514</timestamp>
			</report>
			<report>
				<misses>4884001</misses>
				<total>389</total>
				<timestamp>878.242338</timestamp>
			</report>
			<report>
				<misses>4885001</misses>
				<total>390</total>
				<timestamp>878.422137</timestamp>
			</report>
			<report>
				<misses>4886001</misses>
				<total>390</total>
				<timestamp>878.601982</timestamp>
			</report>
			<report>
				<misses>4887001</misses>
				<total>390</total>
				<timestamp>878.781778</timestamp>
			</report>
			<report>
				<misses>4888001</misses>
				<total>390</total>
				<timestamp>878.961609</timestamp>
			</report>
			<report>
				<misses>4889001</misses>
				<total>390</total>
				<timestamp>879.141430</timestamp>
			</report>
			<report>
				<misses>4890001</misses>
				<total>390</total>
				<timestamp>879.321241</timestamp>
			</report>
			<report>
				<misses>4891001</misses>
				<total>390</total>
				<timestamp>879.501095</timestamp>
			</report>
			<report>
				<misses>4892001</misses>
				<total>390</total>
				<timestamp>879.680890</timestamp>
			</report>
			<report>
				<misses>4893001</misses>
				<total>390</total>
				<timestamp>879.860693</timestamp>
			</report>
			<report>
				<misses>4894001</misses>
				<total>391</total>
				<timestamp>880.040535</timestamp>
			</report>
			<report>
				<misses>4895001</misses>
				<total>391</total>
				<timestamp>880.220332</timestamp>
			</report>
			<report>
				<misses>4896001</misses>
				<total>391</total>
				<timestamp>880.400174</timestamp>
			</report>
			<report>
				<misses>4897001</misses>
				<total>391</total>
				<timestamp>880.579985</timestamp>
			</report>
			<report>
				<misses>4898001</misses>
				<total>391</total>
				<timestamp>880.759842</timestamp>
			</report>
			<report>
				<misses>4899001</misses>
				<total>392</total>
				<timestamp>880.939648</timestamp>
			</report>
			<report>
				<misses>4900001</misses>
				<total>391</total>
				<timestamp>881.119449</timestamp>
			</report>
			<report>
				<misses>4901001</misses>
				<total>392</total>
				<timestamp>881.299259</timestamp>
			</report>
			<report>
				<misses>4902001</misses>
				<total>392</total>
				<timestamp>881.479063</timestamp>
			</report>
			<report>
				<misses>4903001</misses>
				<total>392</total>
				<timestamp>881.658886</timestamp>
			</report>
			<report>
				<misses>4904001</misses>
				<total>392</total>
				<timestamp>881.838779</timestamp>
			</report>
			<report>
				<misses>4905001</misses>
				<total>391</total>
				<timestamp>882.018576</timestamp>
			</report>
			<report>
				<misses>4906001</misses>
				<total>392</total>
				<timestamp>882.198365</timestamp>
			</report>
			<report>
				<misses>4907001</misses>
				<total>391</total>
				<timestamp>882.378188</timestamp>
			</report>
			<report>
				<misses>4908001</misses>
				<total>392</total>
				<timestamp>882.558014</timestamp>
			</report>
			<report>
				<misses>4909001</misses>
				<total>392</total>
				<timestamp>882.737874</timestamp>
			</report>
			<report>
				<misses>4910001</misses>
				<total>392</total>
				<timestamp>882.917657</timestamp>
			</report>
			<report>
				<misses>4911001</misses>
				<total>392</total>
				<timestamp>883.097509</timestamp>
			</report>
			<report>
				<misses>4912001</misses>
				<total>392</total>
				<timestamp>883.277273</timestamp>
			</report>
			<report>
				<misses>4913001</misses>
				<total>392</total>
				<timestamp>883.457088</timestamp>
			</report>
			<report>
				<misses>4914001</misses>
				<total>392</total>
				<timestamp>883.636910</timestamp>
			</report>
			<report>
				<misses>4915001</misses>
				<total>392</total>
				<timestamp>883.816771</timestamp>
			</report>
			<report>
				<misses>4916001</misses>
				<total>393</total>
				<timestamp>883.996565</timestamp>
			</report>
			<report>
				<misses>4917001</misses>
				<total>393</total>
				<timestamp>884.176366</timestamp>
			</report>
			<report>
				<misses>4918001</misses>
				<total>393</total>
				<timestamp>884.356201</timestamp>
			</report>
			<report>
				<misses>4919001</misses>
				<total>393</total>
				<timestamp>884.536039</timestamp>
			</report>
			<report>
				<misses>4920001</misses>
				<total>393</total>
				<timestamp>884.715846</timestamp>
			</report>
			<report>
				<misses>4921001</misses>
				<total>393</total>
				<timestamp>884.895657</timestamp>
			</report>
			<report>
				<misses>4922001</misses>
				<total>393</total>
				<timestamp>885.075527</timestamp>
			</report>
			<report>
				<misses>4923001</misses>
				<total>393</total>
				<timestamp>885.255287</timestamp>
			</report>
			<report>
				<misses>4924001</misses>
				<total>393</total>
				<timestamp>885.435102</timestamp>
			</report>
			<report>
				<misses>4925001</misses>
				<total>393</total>
				<timestamp>885.614940</timestamp>
			</report>
			<report>
				<misses>4926001</misses>
				<total>393</total>
				<timestamp>885.794750</timestamp>
			</report>
			<report>
				<misses>4927001</misses>
				<total>393</total>
				<timestamp>885.974620</timestamp>
			</report>
			<report>
				<misses>4928001</misses>
				<total>393</total>
				<timestamp>886.154388</timestamp>
			</report>
			<report>
				<misses>4929001</misses>
				<total>393</total>
				<timestamp>886.334214</timestamp>
			</report>
			<report>
				<misses>4930001</misses>
				<total>393</total>
				<timestamp>886.514099</timestamp>
			</report>
			<report>
				<misses>4931001</misses>
				<total>393</total>
				<timestamp>886.693849</timestamp>
			</report>
			<report>
				<misses>4932001</misses>
				<total>393</total>
				<timestamp>886.873721</timestamp>
			</report>
			<report>
				<misses>4933001</misses>
				<total>393</total>
				<timestamp>887.053518</timestamp>
			</report>
			<report>
				<misses>4934001</misses>
				<total>393</total>
				<timestamp>887.233328</timestamp>
			</report>
			<report>
				<misses>4935001</misses>
				<total>393</total>
				<timestamp>887.413129</timestamp>
			</report>
			<report>
				<misses>4936001</misses>
				<total>393</total>
				<timestamp>887.592974</timestamp>
			</report>
			<report>
				<misses>4937001</misses>
				<total>393</total>
				<timestamp>887.772795</timestamp>
			</report>
			<report>
				<misses>4938001</misses>
				<total>393</total>
				<timestamp>887.952669</timestamp>
			</report>
			<report>
				<misses>4939001</misses>
				<total>393</total>
				<timestamp>888.132444</timestamp>
			</report>
			<report>
				<misses>4940001</misses>
				<total>393</total>
				<timestamp>888.312233</timestamp>
			</report>
			<report>
				<misses>4941001</misses>
				<total>393</total>
				<timestamp>888.492091</timestamp>
			</report>
			<report>
				<misses>4942001</misses>
				<total>393</total>
				<timestamp>888.671870</timestamp>
			</report>
			<report>
				<misses>4943001</misses>
				<total>393</total>
				<timestamp>888.851707</timestamp>
			</report>
			<report>
				<misses>4944001</misses>
				<total>393</total>
				<timestamp>889.031520</timestamp>
			</report>
			<report>
				<misses>4945001</misses>
				<total>393</total>
				<timestamp>889.211331</timestamp>
			</report>
			<report>
				<misses>4946001</misses>
				<total>393</total>
				<timestamp>889.391144</timestamp>
			</report>
			<report>
				<misses>4947001</misses>
				<total>393</total>
				<timestamp>889.570990</timestamp>
			</report>
			<report>
				<misses>4948001</misses>
				<total>393</total>
				<timestamp>889.750802</timestamp>
			</report>
			<report>
				<misses>4949001</misses>
				<total>393</total>
				<timestamp>889.930631</timestamp>
			</report>
			<report>
				<misses>4950001</misses>
				<total>393</total>
				<timestamp>890.110462</timestamp>
			</report>
			<report>
				<misses>4951001</misses>
				<total>393</total>
				<timestamp>890.290256</timestamp>
			</report>
			<report>
				<misses>4952001</misses>
				<total>393</total>
				<timestamp>890.470105</timestamp>
			</report>
			<report>
				<misses>4953001</misses>
				<total>393</total>
				<timestamp>890.649897</timestamp>
			</report>
			<report>
				<misses>4954001</misses>
				<total>393</total>
				<timestamp>890.829760</timestamp>
			</report>
			<report>
				<misses>4955001</misses>
				<total>393</total>
				<timestamp>891.009567</timestamp>
			</report>
			<report>
				<misses>4956001</misses>
				<total>393</total>
				<timestamp>891.189364</timestamp>
			</report>
			<report>
				<misses>4957001</misses>
				<total>393</total>
				<timestamp>891.369191</timestamp>
			</report>
			<report>
				<misses>4958001</misses>
				<total>393</total>
				<timestamp>891.549030</timestamp>
			</report>
			<report>
				<misses>4959001</misses>
				<total>393</total>
				<timestamp>891.728834</timestamp>
			</report>
			<report>
				<misses>4960001</misses>
				<total>393</total>
				<timestamp>891.908655</timestamp>
			</report>
			<report>
				<misses>4961001</misses>
				<total>393</total>
				<timestamp>892.088457</timestamp>
			</report>
			<report>
				<misses>4962001</misses>
				<total>393</total>
				<timestamp>892.268291</timestamp>
			</report>
			<report>
				<misses>4963001</misses>
				<total>393</total>
				<timestamp>892.448114</timestamp>
			</report>
			<report>
				<misses>4964001</misses>
				<total>393</total>
				<timestamp>892.627915</timestamp>
			</report>
			<report>
				<misses>4965001</misses>
				<total>393</total>
				<timestamp>892.807790</timestamp>
			</report>
			<report>
				<misses>4966001</misses>
				<total>393</total>
				<timestamp>892.987557</timestamp>
			</report>
			<report>
				<misses>4967001</misses>
				<total>392</total>
				<timestamp>893.167388</timestamp>
			</report>
			<report>
				<misses>4968001</misses>
				<total>392</total>
				<timestamp>893.347237</timestamp>
			</report>
			<report>
				<misses>4969001</misses>
				<total>393</total>
				<timestamp>893.527024</timestamp>
			</report>
			<report>
				<misses>4970001</misses>
				<total>393</total>
				<timestamp>893.706841</timestamp>
			</report>
			<report>
				<misses>4971001</misses>
				<total>393</total>
				<timestamp>893.886665</timestamp>
			</report>
			<report>
				<misses>4972001</misses>
				<total>393</total>
				<timestamp>894.066489</timestamp>
			</report>
			<report>
				<misses>4973001</misses>
				<total>393</total>
				<timestamp>894.246291</timestamp>
			</report>
			<report>
				<misses>4974001</misses>
				<total>393</total>
				<timestamp>894.426130</timestamp>
			</report>
			<report>
				<misses>4975001</misses>
				<total>393</total>
				<timestamp>894.605926</timestamp>
			</report>
			<report>
				<misses>4976001</misses>
				<total>393</total>
				<timestamp>894.785762</timestamp>
			</report>
			<report>
				<misses>4977001</misses>
				<total>393</total>
				<timestamp>894.965599</timestamp>
			</report>
			<report>
				<misses>4978001</misses>
				<total>393</total>
				<timestamp>895.145412</timestamp>
			</report>
			<report>
				<misses>4979001</misses>
				<total>393</total>
				<timestamp>895.325215</timestamp>
			</report>
			<report>
				<misses>4980001</misses>
				<total>393</total>
				<timestamp>895.505063</timestamp>
			</report>
			<report>
				<misses>4981001</misses>
				<total>393</total>
				<timestamp>895.684847</timestamp>
			</report>
			<report>
				<misses>4982001</misses>
				<total>393</total>
				<timestamp>895.864732</timestamp>
			</report>
			<report>
				<misses>4983001</misses>
				<total>393</total>
				<timestamp>896.044514</timestamp>
			</report>
			<report>
				<misses>4984001</misses>
				<total>393</total>
				<timestamp>896.224323</timestamp>
			</report>
			<report>
				<misses>4985001</misses>
				<total>393</total>
				<timestamp>896.404146</timestamp>
			</report>
			<report>
				<misses>4986001</misses>
				<total>393</total>
				<timestamp>896.583956</timestamp>
			</report>
			<report>
				<misses>4987001</misses>
				<total>393</total>
				<timestamp>896.763782</timestamp>
			</report>
			<report>
				<misses>4988001</misses>
				<total>393</total>
				<timestamp>896.943600</timestamp>
			</report>
			<report>
				<misses>4989001</misses>
				<total>393</total>
				<timestamp>897.123424</timestamp>
			</report>
			<report>
				<misses>4990001</misses>
				<total>393</total>
				<timestamp>897.303248</timestamp>
			</report>
			<report>
				<misses>4991001</misses>
				<total>393</total>
				<timestamp>897.483073</timestamp>
			</report>
			<report>
				<misses>4992001</misses>
				<total>393</total>
				<timestamp>897.662881</timestamp>
			</report>
			<report>
				<misses>4993001</misses>
				<total>393</total>
				<timestamp>897.842722</timestamp>
			</report>
			<report>
				<misses>4994001</misses>
				<total>393</total>
				<timestamp>898.022576</timestamp>
			</report>
			<report>
				<misses>4995001</misses>
				<total>393</total>
				<timestamp>898.202350</timestamp>
			</report>
			<report>
				<misses>4996001</misses>
				<total>393</total>
				<timestamp>898.382175</timestamp>
			</report>
			<report>
				<misses>4997001</misses>
				<total>393</total>
				<timestamp>898.561975</timestamp>
			</report>
			<report>
				<misses>4998001</misses>
				<total>393</total>
				<timestamp>898.741795</timestamp>
			</report>
			<report>
				<misses>4999001</misses>
				<total>393</total>
				<timestamp>898.921646</timestamp>
			</report>
			<report>
				<misses>5000001</misses>
				<total>393</total>
				<timestamp>899.101471</timestamp>
			</report>
		</query>
	</custom>
	<ethtool_statistic>
		<rx_packets>
			<start>7444511008</start>
			<end>7520323439</end>
		</rx_packets>
		<tx_packets>
			<start>12503665891</start>
			<end>12634281342</end>
		</tx_packets>
		<rx_dropped>
			<start>828</start>
			<end>828</end>
		</rx_dropped>
		<tx_dropped>
			<start>0</start>
			<end>0</end>
		</tx_dropped>
		<collisions>
			<start>0</start>
			<end>0</end>
		</collisions>
		<port_tx_errors>
			<start>0</start>
			<end>0</end>
		</port_tx_errors>
		<port_rx_dropped>
			<start>0</start>
			<end>0</end>
		</port_rx_dropped>
		<port_tx_dropped_link_down>
			<start>0</start>
			<end>0</end>
		</port_tx_dropped_link_down>
	</ethtool_statistic>
	<ip_statistic>
		<mtu>
			<start>9000</start>
			<end>9000</end>
		</mtu>
		<rx_bytes>
			<start>30608737162987</start>
			<end>30911140027624</end>
		</rx_bytes>
		<rx_packets>
			<start>7444511284</start>
			<end>7520323523</end>
		</rx_packets>
		<rx_errors>
			<start>0</start>
			<end>0</end>
		</rx_errors>
		<rx_dropped>
			<start>828</start>
			<end>828</end>
		</rx_dropped>
		<rx_missed>
			<start>0</start>
			<end>0</end>
		</rx_missed>
		<rx_mcast>
			<start>4963</start>
			<end>4976</end>
		</rx_mcast>
		<tx_bytes>
			<start>43053627184378</start>
			<end>43609489060404</end>
		</tx_bytes>
		<tx_packets>
			<start>12503665911</start>
			<end>12634281456</end>
		</tx_packets>
		<tx_errors>
			<start>0</start>
			<end>0</end>
		</tx_errors>
		<tx_dropped>
			<start>0</start>
			<end>0</end>
		</tx_dropped>
		<tx_carrier>
			<start>0</start>
			<end>0</end>
		</tx_carrier>
		<tx_collisions>
			<start>0</start>
			<end>0</end>
		</tx_collisions>
	</ip_statistic>
	<netstat_statistic>
		<udp_pkg_rec>
			<start>6352356049</start>
			<end>6413503627</end>
		</udp_pkg_rec>
		<udp_pkg_snt>
			<start>11017116470</start>
			<end>11112771787</end>
		</udp_pkg_snt>
		<udp_rec_err>
			<start>1094092498</start>
			<end>1108761670</end>
		</udp_rec_err>
		<udp_rec_buf_err>
			<start>1094092498</start>
			<end>1108761670</end>
		</udp_rec_buf_err>
		<udp_snt_buf_err>
			<start>0</start>
			<end>0</end>
		</udp_snt_buf_err>
	</netstat_statistic>
</test_results>
