<?xml version="1.0"?>
<test_results>
	<status>STATUS_SUCCESS</status>
	<custom>
		<num_loss>0</num_loss>
		<num_total>1910661</num_total>
		<num_misses>46079563</num_misses>
		<elapsed_time>119.975514</elapsed_time>
		<query>
			<report>
				<misses>100001</misses>
				<total>1</total>
				<timestamp>6.298118</timestamp>
			</report>
			<report>
				<misses>200001</misses>
				<total>0</total>
				<timestamp>12.570812</timestamp>
			</report>
			<report>
				<misses>300001</misses>
				<total>0</total>
				<timestamp>18.854774</timestamp>
			</report>
			<report>
				<misses>400001</misses>
				<total>1</total>
				<timestamp>25.146850</timestamp>
			</report>
			<report>
				<misses>500001</misses>
				<total>1</total>
				<timestamp>31.459130</timestamp>
			</report>
			<report>
				<misses>600001</misses>
				<total>0</total>
				<timestamp>37.695188</timestamp>
			</report>
			<report>
				<misses>700001</misses>
				<total>1</total>
				<timestamp>44.010237</timestamp>
			</report>
			<report>
				<misses>800001</misses>
				<total>1</total>
				<timestamp>50.260614</timestamp>
			</report>
			<report>
				<misses>900001</misses>
				<total>0</total>
				<timestamp>56.543492</timestamp>
			</report>
			<report>
				<misses>1000001</misses>
				<total>0</total>
				<timestamp>62.843192</timestamp>
			</report>
			<report>
				<misses>1100001</misses>
				<total>1</total>
				<timestamp>69.121120</timestamp>
			</report>
			<report>
				<misses>1200001</misses>
				<total>0</total>
				<timestamp>75.388350</timestamp>
			</report>
			<report>
				<misses>1300001</misses>
				<total>1</total>
				<timestamp>81.704662</timestamp>
			</report>
			<report>
				<misses>1400001</misses>
				<total>1</total>
				<timestamp>88.017669</timestamp>
			</report>
			<report>
				<misses>1500001</misses>
				<total>1</total>
				<timestamp>94.266578</timestamp>
			</report>
			<report>
				<misses>1600001</misses>
				<total>0</total>
				<timestamp>100.471161</timestamp>
			</report>
			<report>
				<misses>1700001</misses>
				<total>0</total>
				<timestamp>106.730878</timestamp>
			</report>
			<report>
				<misses>1800001</misses>
				<total>0</total>
				<timestamp>112.994571</timestamp>
			</report>
			<report>
				<misses>1900001</misses>
				<total>0</total>
				<timestamp>119.300282</timestamp>
			</report>
		</query>
	</custom>
	<ethtool_statistic>
		<rx_packets>
			<start>3797093811</start>
			<end>3814799657</end>
		</rx_packets>
		<tx_packets>
			<start>5541011919</start>
			<end>5556297108</end>
		</tx_packets>
		<rx_dropped>
			<start>0</start>
			<end>0</end>
		</rx_dropped>
		<tx_dropped>
			<start>0</start>
			<end>0</end>
		</tx_dropped>
		<collisions>
			<start>0</start>
			<end>0</end>
		</collisions>
		<port_tx_errors>
			<start>0</start>
			<end>0</end>
		</port_tx_errors>
		<port_rx_dropped>
			<start>0</start>
			<end>0</end>
		</port_rx_dropped>
		<port_tx_dropped_link_down>
			<start>4</start>
			<end>4</end>
		</port_tx_dropped_link_down>
	</ethtool_statistic>
	<ip_statistic>
		<mtu>
			<start>9000</start>
			<end>9000</end>
		</mtu>
		<rx_bytes>
			<start>22945050468050</start>
			<end>23089527449036</end>
		</rx_bytes>
		<rx_packets>
			<start>3797094094</start>
			<end>3814799657</end>
		</rx_packets>
		<rx_errors>
			<start>0</start>
			<end>0</end>
		</rx_errors>
		<rx_dropped>
			<start>0</start>
			<end>0</end>
		</rx_dropped>
		<rx_missed>
			<start>0</start>
			<end>0</end>
		</rx_missed>
		<rx_mcast>
			<start>186</start>
			<end>186</end>
		</rx_mcast>
		<tx_bytes>
			<start>20257136500396</start>
			<end>20381863213168</end>
		</tx_bytes>
		<tx_packets>
			<start>5541011919</start>
			<end>5556297108</end>
		</tx_packets>
		<tx_errors>
			<start>0</start>
			<end>0</end>
		</tx_errors>
		<tx_dropped>
			<start>0</start>
			<end>0</end>
		</tx_dropped>
		<tx_carrier>
			<start>0</start>
			<end>0</end>
		</tx_carrier>
		<tx_collisions>
			<start>0</start>
			<end>0</end>
		</tx_collisions>
	</ip_statistic>
	<netstat_statistic>
		<udp_pkg_rec>
			<start>4071452676</start>
			<end>4075878356</end>
		</udp_pkg_rec>
		<udp_pkg_snt>
			<start>9704175447</start>
			<end>9708110625</end>
		</udp_pkg_snt>
		<udp_rec_err>
			<start>0</start>
			<end>0</end>
		</udp_rec_err>
		<udp_rec_buf_err>
			<start>0</start>
			<end>0</end>
		</udp_rec_buf_err>
		<udp_snt_buf_err>
			<start>0</start>
			<end>0</end>
		</udp_snt_buf_err>
	</netstat_statistic>
</test_results>
