<?xml version="1.0"?>
<test_results>
	<status>STATUS_SUCCESS</status>
	<custom>
		<num_loss>466</num_loss>
		<num_total>5000001</num_total>
		<num_misses>4</num_misses>
		<elapsed_time>1449.986951</elapsed_time>
		<query>
			<report>
				<misses>100000</misses>
				<total>17</total>
				<timestamp>29.001095</timestamp>
			</report>
			<report>
				<misses>200000</misses>
				<total>18</total>
				<timestamp>58.000786</timestamp>
			</report>
			<report>
				<misses>300000</misses>
				<total>23</total>
				<timestamp>87.000436</timestamp>
			</report>
			<report>
				<misses>400000</misses>
				<total>26</total>
				<timestamp>116.000252</timestamp>
			</report>
			<report>
				<misses>500000</misses>
				<total>36</total>
				<timestamp>144.999949</timestamp>
			</report>
			<report>
				<misses>600000</misses>
				<total>39</total>
				<timestamp>173.999626</timestamp>
			</report>
			<report>
				<misses>700000</misses>
				<total>49</total>
				<timestamp>202.999299</timestamp>
			</report>
			<report>
				<misses>800000</misses>
				<total>54</total>
				<timestamp>231.999048</timestamp>
			</report>
			<report>
				<misses>900000</misses>
				<total>59</total>
				<timestamp>260.998740</timestamp>
			</report>
			<report>
				<misses>1000000</misses>
				<total>65</total>
				<timestamp>289.998467</timestamp>
			</report>
			<report>
				<misses>1100000</misses>
				<total>87</total>
				<timestamp>318.998126</timestamp>
			</report>
			<report>
				<misses>1200000</misses>
				<total>89</total>
				<timestamp>347.997868</timestamp>
			</report>
			<report>
				<misses>1300000</misses>
				<total>99</total>
				<timestamp>376.997545</timestamp>
			</report>
			<report>
				<misses>1400000</misses>
				<total>103</total>
				<timestamp>405.997263</timestamp>
			</report>
			<report>
				<misses>1500000</misses>
				<total>109</total>
				<timestamp>434.997016</timestamp>
			</report>
			<report>
				<misses>1600000</misses>
				<total>109</total>
				<timestamp>463.996696</timestamp>
			</report>
			<report>
				<misses>1700000</misses>
				<total>119</total>
				<timestamp>492.996398</timestamp>
			</report>
			<report>
				<misses>1800000</misses>
				<total>126</total>
				<timestamp>521.996112</timestamp>
			</report>
			<report>
				<misses>1900000</misses>
				<total>139</total>
				<timestamp>550.995819</timestamp>
			</report>
			<report>
				<misses>2000000</misses>
				<total>152</total>
				<timestamp>579.995552</timestamp>
			</report>
			<report>
				<misses>2100000</misses>
				<total>161</total>
				<timestamp>608.995255</timestamp>
			</report>
			<report>
				<misses>2200000</misses>
				<total>176</total>
				<timestamp>637.994950</timestamp>
			</report>
			<report>
				<misses>2300000</misses>
				<total>189</total>
				<timestamp>666.994638</timestamp>
			</report>
			<report>
				<misses>2400000</misses>
				<total>200</total>
				<timestamp>695.994416</timestamp>
			</report>
			<report>
				<misses>2500000</misses>
				<total>217</total>
				<timestamp>724.994119</timestamp>
			</report>
			<report>
				<misses>2600000</misses>
				<total>228</total>
				<timestamp>753.993784</timestamp>
			</report>
			<report>
				<misses>2700000</misses>
				<total>236</total>
				<timestamp>782.993605</timestamp>
			</report>
			<report>
				<misses>2800000</misses>
				<total>257</total>
				<timestamp>811.993289</timestamp>
			</report>
			<report>
				<misses>2900000</misses>
				<total>274</total>
				<timestamp>840.992998</timestamp>
			</report>
			<report>
				<misses>3000000</misses>
				<total>275</total>
				<timestamp>869.992604</timestamp>
			</report>
			<report>
				<misses>3100000</misses>
				<total>283</total>
				<timestamp>898.992334</timestamp>
			</report>
			<report>
				<misses>3200000</misses>
				<total>298</total>
				<timestamp>927.992106</timestamp>
			</report>
			<report>
				<misses>3300000</misses>
				<total>306</total>
				<timestamp>956.991770</timestamp>
			</report>
			<report>
				<misses>3400000</misses>
				<total>308</total>
				<timestamp>985.991503</timestamp>
			</report>
			<report>
				<misses>3500000</misses>
				<total>317</total>
				<timestamp>1014.991287</timestamp>
			</report>
			<report>
				<misses>3600000</misses>
				<total>326</total>
				<timestamp>1043.990894</timestamp>
			</report>
			<report>
				<misses>3700000</misses>
				<total>335</total>
				<timestamp>1072.990664</timestamp>
			</report>
			<report>
				<misses>3800000</misses>
				<total>340</total>
				<timestamp>1101.990293</timestamp>
			</report>
			<report>
				<misses>3900000</misses>
				<total>355</total>
				<timestamp>1130.990022</timestamp>
			</report>
			<report>
				<misses>4000000</misses>
				<total>358</total>
				<timestamp>1159.989752</timestamp>
			</report>
			<report>
				<misses>4100000</misses>
				<total>362</total>
				<timestamp>1188.989429</timestamp>
			</report>
			<report>
				<misses>4200000</misses>
				<total>380</total>
				<timestamp>1217.989175</timestamp>
			</report>
			<report>
				<misses>4300000</misses>
				<total>385</total>
				<timestamp>1246.988871</timestamp>
			</report>
			<report>
				<misses>4400000</misses>
				<total>410</total>
				<timestamp>1275.988707</timestamp>
			</report>
			<report>
				<misses>4500000</misses>
				<total>416</total>
				<timestamp>1304.988298</timestamp>
			</report>
			<report>
				<misses>4600000</misses>
				<total>429</total>
				<timestamp>1333.987986</timestamp>
			</report>
			<report>
				<misses>4700000</misses>
				<total>437</total>
				<timestamp>1362.987768</timestamp>
			</report>
			<report>
				<misses>4800000</misses>
				<total>440</total>
				<timestamp>1391.987395</timestamp>
			</report>
			<report>
				<misses>4900000</misses>
				<total>446</total>
				<timestamp>1420.987116</timestamp>
			</report>
			<report>
				<misses>5000000</misses>
				<total>466</total>
				<timestamp>1449.986929</timestamp>
			</report>
		</query>
	</custom>
	<ethtool_statistic>
		<rx_packets>
			<start>4560657742</start>
			<end>4628402490</end>
		</rx_packets>
		<tx_packets>
			<start>5991991806</start>
			<end>6072640624</end>
		</tx_packets>
		<rx_dropped>
			<start>250</start>
			<end>250</end>
		</rx_dropped>
		<tx_dropped>
			<start>0</start>
			<end>0</end>
		</tx_dropped>
		<collisions>
			<start>0</start>
			<end>0</end>
		</collisions>
		<port_tx_errors>
			<start>0</start>
			<end>0</end>
		</port_tx_errors>
		<port_rx_dropped>
			<start>0</start>
			<end>0</end>
		</port_rx_dropped>
		<port_tx_dropped_link_down>
			<start>0</start>
			<end>0</end>
		</port_tx_dropped_link_down>
	</ethtool_statistic>
	<ip_statistic>
		<mtu>
			<start>9000</start>
			<end>9000</end>
		</mtu>
		<rx_bytes>
			<start>40998850837152</start>
			<end>41607868915757</end>
		</rx_bytes>
		<rx_packets>
			<start>4560657866</start>
			<end>4628402594</end>
		</rx_packets>
		<rx_errors>
			<start>0</start>
			<end>0</end>
		</rx_errors>
		<rx_dropped>
			<start>250</start>
			<end>250</end>
		</rx_dropped>
		<rx_missed>
			<start>0</start>
			<end>0</end>
		</rx_missed>
		<rx_mcast>
			<start>1311</start>
			<end>1327</end>
		</rx_mcast>
		<tx_bytes>
			<start>40568652289970</start>
			<end>41260479778496</end>
		</tx_bytes>
		<tx_packets>
			<start>5991991875</start>
			<end>6072640680</end>
		</tx_packets>
		<tx_errors>
			<start>0</start>
			<end>0</end>
		</tx_errors>
		<tx_dropped>
			<start>0</start>
			<end>0</end>
		</tx_dropped>
		<tx_carrier>
			<start>0</start>
			<end>0</end>
		</tx_carrier>
		<tx_collisions>
			<start>0</start>
			<end>0</end>
		</tx_collisions>
	</ip_statistic>
	<netstat_statistic>
		<udp_pkg_rec>
			<start>4310099574</start>
			<end>4374764023</end>
		</udp_pkg_rec>
		<udp_pkg_snt>
			<start>4503111325</start>
			<end>4548771441</end>
		</udp_pkg_snt>
		<udp_rec_err>
			<start>251039008</start>
			<end>254126457</end>
		</udp_rec_err>
		<udp_rec_buf_err>
			<start>251039008</start>
			<end>254126457</end>
		</udp_rec_buf_err>
		<udp_snt_buf_err>
			<start>0</start>
			<end>0</end>
		</udp_snt_buf_err>
	</netstat_statistic>
</test_results>
