<?xml version="1.0"?>
<test_results>
	<status>STATUS_SUCCESS</status>
	<custom>
		<num_loss>4977014</num_loss>
		<num_total>5000001</num_total>
		<num_misses>283200</num_misses>
		<elapsed_time>369.474218</elapsed_time>
		<query>
			<report>
				<misses>1001</misses>
				<total>1000</total>
				<timestamp>0.078234</timestamp>
			</report>
			<report>
				<misses>2001</misses>
				<total>1999</total>
				<timestamp>0.153557</timestamp>
			</report>
			<report>
				<misses>3001</misses>
				<total>2998</total>
				<timestamp>0.225111</timestamp>
			</report>
			<report>
				<misses>4001</misses>
				<total>3997</total>
				<timestamp>0.298212</timestamp>
			</report>
			<report>
				<misses>5001</misses>
				<total>4996</total>
				<timestamp>0.376454</timestamp>
			</report>
			<report>
				<misses>6001</misses>
				<total>5995</total>
				<timestamp>0.446745</timestamp>
			</report>
			<report>
				<misses>7001</misses>
				<total>6994</total>
				<timestamp>0.518043</timestamp>
			</report>
			<report>
				<misses>8001</misses>
				<total>7993</total>
				<timestamp>0.588104</timestamp>
			</report>
			<report>
				<misses>9001</misses>
				<total>8992</total>
				<timestamp>0.658142</timestamp>
			</report>
			<report>
				<misses>10001</misses>
				<total>9991</total>
				<timestamp>0.728329</timestamp>
			</report>
			<report>
				<misses>11001</misses>
				<total>10990</total>
				<timestamp>0.798548</timestamp>
			</report>
			<report>
				<misses>12001</misses>
				<total>11989</total>
				<timestamp>0.868565</timestamp>
			</report>
			<report>
				<misses>13001</misses>
				<total>12988</total>
				<timestamp>0.938978</timestamp>
			</report>
			<report>
				<misses>14001</misses>
				<total>13987</total>
				<timestamp>1.009403</timestamp>
			</report>
			<report>
				<misses>15001</misses>
				<total>14986</total>
				<timestamp>1.079957</timestamp>
			</report>
			<report>
				<misses>16001</misses>
				<total>15985</total>
				<timestamp>1.162345</timestamp>
			</report>
			<report>
				<misses>17001</misses>
				<total>16984</total>
				<timestamp>1.233509</timestamp>
			</report>
			<report>
				<misses>18001</misses>
				<total>17983</total>
				<timestamp>1.310286</timestamp>
			</report>
			<report>
				<misses>19001</misses>
				<total>18982</total>
				<timestamp>1.383171</timestamp>
			</report>
			<report>
				<misses>20001</misses>
				<total>19981</total>
				<timestamp>1.453289</timestamp>
			</report>
			<report>
				<misses>21001</misses>
				<total>20980</total>
				<timestamp>1.531005</timestamp>
			</report>
			<report>
				<misses>22001</misses>
				<total>21979</total>
				<timestamp>1.604637</timestamp>
			</report>
			<report>
				<misses>23001</misses>
				<total>22978</total>
				<timestamp>1.674632</timestamp>
			</report>
			<report>
				<misses>24001</misses>
				<total>23977</total>
				<timestamp>1.744654</timestamp>
			</report>
			<report>
				<misses>25001</misses>
				<total>24976</total>
				<timestamp>1.819478</timestamp>
			</report>
			<report>
				<misses>26001</misses>
				<total>25975</total>
				<timestamp>1.896285</timestamp>
			</report>
			<report>
				<misses>27001</misses>
				<total>26974</total>
				<timestamp>1.973564</timestamp>
			</report>
			<report>
				<misses>28001</misses>
				<total>27973</total>
				<timestamp>2.051576</timestamp>
			</report>
			<report>
				<misses>29001</misses>
				<total>28972</total>
				<timestamp>2.121886</timestamp>
			</report>
			<report>
				<misses>30001</misses>
				<total>29971</total>
				<timestamp>2.192037</timestamp>
			</report>
			<report>
				<misses>31001</misses>
				<total>30970</total>
				<timestamp>2.263099</timestamp>
			</report>
			<report>
				<misses>32001</misses>
				<total>31969</total>
				<timestamp>2.337956</timestamp>
			</report>
			<report>
				<misses>33001</misses>
				<total>32968</total>
				<timestamp>2.408135</timestamp>
			</report>
			<report>
				<misses>34001</misses>
				<total>33967</total>
				<timestamp>2.481591</timestamp>
			</report>
			<report>
				<misses>35001</misses>
				<total>34966</total>
				<timestamp>2.556537</timestamp>
			</report>
			<report>
				<misses>36001</misses>
				<total>35965</total>
				<timestamp>2.626645</timestamp>
			</report>
			<report>
				<misses>37001</misses>
				<total>36964</total>
				<timestamp>2.696707</timestamp>
			</report>
			<report>
				<misses>38001</misses>
				<total>37963</total>
				<timestamp>2.766712</timestamp>
			</report>
			<report>
				<misses>39001</misses>
				<total>38962</total>
				<timestamp>2.836752</timestamp>
			</report>
			<report>
				<misses>40001</misses>
				<total>39961</total>
				<timestamp>2.907063</timestamp>
			</report>
			<report>
				<misses>41001</misses>
				<total>40960</total>
				<timestamp>2.981764</timestamp>
			</report>
			<report>
				<misses>42001</misses>
				<total>41959</total>
				<timestamp>3.059601</timestamp>
			</report>
			<report>
				<misses>43001</misses>
				<total>42958</total>
				<timestamp>3.134528</timestamp>
			</report>
			<report>
				<misses>44001</misses>
				<total>43957</total>
				<timestamp>3.205120</timestamp>
			</report>
			<report>
				<misses>45001</misses>
				<total>44956</total>
				<timestamp>3.283208</timestamp>
			</report>
			<report>
				<misses>46001</misses>
				<total>45955</total>
				<timestamp>3.360007</timestamp>
			</report>
			<report>
				<misses>47001</misses>
				<total>46954</total>
				<timestamp>3.433307</timestamp>
			</report>
			<report>
				<misses>48001</misses>
				<total>47953</total>
				<timestamp>3.510736</timestamp>
			</report>
			<report>
				<misses>49001</misses>
				<total>48952</total>
				<timestamp>3.586374</timestamp>
			</report>
			<report>
				<misses>50001</misses>
				<total>49951</total>
				<timestamp>3.660507</timestamp>
			</report>
			<report>
				<misses>51001</misses>
				<total>50950</total>
				<timestamp>3.738766</timestamp>
			</report>
			<report>
				<misses>52001</misses>
				<total>51949</total>
				<timestamp>3.811976</timestamp>
			</report>
			<report>
				<misses>53001</misses>
				<total>52948</total>
				<timestamp>3.888980</timestamp>
			</report>
			<report>
				<misses>54001</misses>
				<total>53947</total>
				<timestamp>3.971213</timestamp>
			</report>
			<report>
				<misses>55001</misses>
				<total>54946</total>
				<timestamp>4.042264</timestamp>
			</report>
			<report>
				<misses>56001</misses>
				<total>55945</total>
				<timestamp>4.114219</timestamp>
			</report>
			<report>
				<misses>57001</misses>
				<total>56944</total>
				<timestamp>4.186930</timestamp>
			</report>
			<report>
				<misses>58001</misses>
				<total>57943</total>
				<timestamp>4.259122</timestamp>
			</report>
			<report>
				<misses>59001</misses>
				<total>58942</total>
				<timestamp>4.333139</timestamp>
			</report>
			<report>
				<misses>60001</misses>
				<total>59941</total>
				<timestamp>4.411160</timestamp>
			</report>
			<report>
				<misses>61001</misses>
				<total>60940</total>
				<timestamp>4.494231</timestamp>
			</report>
			<report>
				<misses>62001</misses>
				<total>61939</total>
				<timestamp>4.574035</timestamp>
			</report>
			<report>
				<misses>63001</misses>
				<total>62938</total>
				<timestamp>4.646607</timestamp>
			</report>
			<report>
				<misses>64001</misses>
				<total>63937</total>
				<timestamp>4.716784</timestamp>
			</report>
			<report>
				<misses>65001</misses>
				<total>64936</total>
				<timestamp>4.786842</timestamp>
			</report>
			<report>
				<misses>66001</misses>
				<total>65935</total>
				<timestamp>4.858292</timestamp>
			</report>
			<report>
				<misses>67001</misses>
				<total>66934</total>
				<timestamp>4.937312</timestamp>
			</report>
			<report>
				<misses>68001</misses>
				<total>67933</total>
				<timestamp>5.008627</timestamp>
			</report>
			<report>
				<misses>69001</misses>
				<total>68932</total>
				<timestamp>5.080261</timestamp>
			</report>
			<report>
				<misses>70001</misses>
				<total>69931</total>
				<timestamp>5.154097</timestamp>
			</report>
			<report>
				<misses>71001</misses>
				<total>70930</total>
				<timestamp>5.224652</timestamp>
			</report>
			<report>
				<misses>72001</misses>
				<total>71929</total>
				<timestamp>5.295083</timestamp>
			</report>
			<report>
				<misses>73001</misses>
				<total>72928</total>
				<timestamp>5.365304</timestamp>
			</report>
			<report>
				<misses>74001</misses>
				<total>73927</total>
				<timestamp>5.435604</timestamp>
			</report>
			<report>
				<misses>75001</misses>
				<total>74926</total>
				<timestamp>5.505966</timestamp>
			</report>
			<report>
				<misses>76001</misses>
				<total>75925</total>
				<timestamp>5.578642</timestamp>
			</report>
			<report>
				<misses>77001</misses>
				<total>76924</total>
				<timestamp>5.656794</timestamp>
			</report>
			<report>
				<misses>78001</misses>
				<total>77923</total>
				<timestamp>5.730877</timestamp>
			</report>
			<report>
				<misses>79001</misses>
				<total>78922</total>
				<timestamp>5.803971</timestamp>
			</report>
			<report>
				<misses>80001</misses>
				<total>79921</total>
				<timestamp>5.876872</timestamp>
			</report>
			<report>
				<misses>81001</misses>
				<total>80920</total>
				<timestamp>5.948585</timestamp>
			</report>
			<report>
				<misses>82001</misses>
				<total>81919</total>
				<timestamp>6.018564</timestamp>
			</report>
			<report>
				<misses>83001</misses>
				<total>82918</total>
				<timestamp>6.088632</timestamp>
			</report>
			<report>
				<misses>84001</misses>
				<total>83917</total>
				<timestamp>6.159916</timestamp>
			</report>
			<report>
				<misses>85001</misses>
				<total>84916</total>
				<timestamp>6.239224</timestamp>
			</report>
			<report>
				<misses>86001</misses>
				<total>85915</total>
				<timestamp>6.319479</timestamp>
			</report>
			<report>
				<misses>87001</misses>
				<total>86914</total>
				<timestamp>6.398688</timestamp>
			</report>
			<report>
				<misses>88001</misses>
				<total>87913</total>
				<timestamp>6.471651</timestamp>
			</report>
			<report>
				<misses>89001</misses>
				<total>88912</total>
				<timestamp>6.547539</timestamp>
			</report>
			<report>
				<misses>90001</misses>
				<total>89911</total>
				<timestamp>6.619816</timestamp>
			</report>
			<report>
				<misses>91001</misses>
				<total>90910</total>
				<timestamp>6.695213</timestamp>
			</report>
			<report>
				<misses>92001</misses>
				<total>91909</total>
				<timestamp>6.765386</timestamp>
			</report>
			<report>
				<misses>93001</misses>
				<total>92908</total>
				<timestamp>6.835432</timestamp>
			</report>
			<report>
				<misses>94001</misses>
				<total>93907</total>
				<timestamp>6.905500</timestamp>
			</report>
			<report>
				<misses>95001</misses>
				<total>94906</total>
				<timestamp>6.983969</timestamp>
			</report>
			<report>
				<misses>96001</misses>
				<total>95905</total>
				<timestamp>7.063726</timestamp>
			</report>
			<report>
				<misses>97001</misses>
				<total>96904</total>
				<timestamp>7.140243</timestamp>
			</report>
			<report>
				<misses>98001</misses>
				<total>97903</total>
				<timestamp>7.213121</timestamp>
			</report>
			<report>
				<misses>99001</misses>
				<total>98902</total>
				<timestamp>7.287517</timestamp>
			</report>
			<report>
				<misses>100001</misses>
				<total>99901</total>
				<timestamp>7.367069</timestamp>
			</report>
			<report>
				<misses>101001</misses>
				<total>100900</total>
				<timestamp>7.438940</timestamp>
			</report>
			<report>
				<misses>102001</misses>
				<total>101899</total>
				<timestamp>7.517582</timestamp>
			</report>
			<report>
				<misses>103001</misses>
				<total>102898</total>
				<timestamp>7.589492</timestamp>
			</report>
			<report>
				<misses>104001</misses>
				<total>103897</total>
				<timestamp>7.665279</timestamp>
			</report>
			<report>
				<misses>105001</misses>
				<total>104896</total>
				<timestamp>7.736839</timestamp>
			</report>
			<report>
				<misses>106001</misses>
				<total>105895</total>
				<timestamp>7.811665</timestamp>
			</report>
			<report>
				<misses>107001</misses>
				<total>106894</total>
				<timestamp>7.882675</timestamp>
			</report>
			<report>
				<misses>108001</misses>
				<total>107893</total>
				<timestamp>7.957468</timestamp>
			</report>
			<report>
				<misses>109001</misses>
				<total>108892</total>
				<timestamp>8.036502</timestamp>
			</report>
			<report>
				<misses>110001</misses>
				<total>109891</total>
				<timestamp>8.112274</timestamp>
			</report>
			<report>
				<misses>111001</misses>
				<total>110890</total>
				<timestamp>8.183876</timestamp>
			</report>
			<report>
				<misses>112001</misses>
				<total>111889</total>
				<timestamp>8.253868</timestamp>
			</report>
			<report>
				<misses>113001</misses>
				<total>112888</total>
				<timestamp>8.327695</timestamp>
			</report>
			<report>
				<misses>114001</misses>
				<total>113887</total>
				<timestamp>8.407827</timestamp>
			</report>
			<report>
				<misses>115001</misses>
				<total>114886</total>
				<timestamp>8.481236</timestamp>
			</report>
			<report>
				<misses>116001</misses>
				<total>115885</total>
				<timestamp>8.553279</timestamp>
			</report>
			<report>
				<misses>117001</misses>
				<total>116884</total>
				<timestamp>8.623567</timestamp>
			</report>
			<report>
				<misses>118001</misses>
				<total>117883</total>
				<timestamp>8.694609</timestamp>
			</report>
			<report>
				<misses>119001</misses>
				<total>118882</total>
				<timestamp>8.766690</timestamp>
			</report>
			<report>
				<misses>120001</misses>
				<total>119881</total>
				<timestamp>8.838473</timestamp>
			</report>
			<report>
				<misses>121001</misses>
				<total>120880</total>
				<timestamp>8.916283</timestamp>
			</report>
			<report>
				<misses>122001</misses>
				<total>121879</total>
				<timestamp>8.992004</timestamp>
			</report>
			<report>
				<misses>123001</misses>
				<total>122878</total>
				<timestamp>9.066718</timestamp>
			</report>
			<report>
				<misses>124001</misses>
				<total>123877</total>
				<timestamp>9.139219</timestamp>
			</report>
			<report>
				<misses>125001</misses>
				<total>124876</total>
				<timestamp>9.209889</timestamp>
			</report>
			<report>
				<misses>126001</misses>
				<total>125875</total>
				<timestamp>9.281655</timestamp>
			</report>
			<report>
				<misses>127001</misses>
				<total>126874</total>
				<timestamp>9.353282</timestamp>
			</report>
			<report>
				<misses>128001</misses>
				<total>127873</total>
				<timestamp>9.435412</timestamp>
			</report>
			<report>
				<misses>129001</misses>
				<total>128872</total>
				<timestamp>9.511565</timestamp>
			</report>
			<report>
				<misses>130001</misses>
				<total>129871</total>
				<timestamp>9.585470</timestamp>
			</report>
			<report>
				<misses>131001</misses>
				<total>130870</total>
				<timestamp>9.655755</timestamp>
			</report>
			<report>
				<misses>132001</misses>
				<total>131869</total>
				<timestamp>9.726942</timestamp>
			</report>
			<report>
				<misses>133001</misses>
				<total>132868</total>
				<timestamp>9.808439</timestamp>
			</report>
			<report>
				<misses>134001</misses>
				<total>133867</total>
				<timestamp>9.889772</timestamp>
			</report>
			<report>
				<misses>135001</misses>
				<total>134866</total>
				<timestamp>9.963591</timestamp>
			</report>
			<report>
				<misses>136001</misses>
				<total>135865</total>
				<timestamp>10.038828</timestamp>
			</report>
			<report>
				<misses>137001</misses>
				<total>136864</total>
				<timestamp>10.117414</timestamp>
			</report>
			<report>
				<misses>138001</misses>
				<total>137863</total>
				<timestamp>10.187636</timestamp>
			</report>
			<report>
				<misses>139001</misses>
				<total>138862</total>
				<timestamp>10.262770</timestamp>
			</report>
			<report>
				<misses>140001</misses>
				<total>139861</total>
				<timestamp>10.340223</timestamp>
			</report>
			<report>
				<misses>141001</misses>
				<total>140860</total>
				<timestamp>10.417486</timestamp>
			</report>
			<report>
				<misses>142001</misses>
				<total>141859</total>
				<timestamp>10.488005</timestamp>
			</report>
			<report>
				<misses>143001</misses>
				<total>142858</total>
				<timestamp>10.564845</timestamp>
			</report>
			<report>
				<misses>144001</misses>
				<total>143857</total>
				<timestamp>10.634872</timestamp>
			</report>
			<report>
				<misses>145001</misses>
				<total>144856</total>
				<timestamp>10.707139</timestamp>
			</report>
			<report>
				<misses>146001</misses>
				<total>145855</total>
				<timestamp>10.792035</timestamp>
			</report>
			<report>
				<misses>147001</misses>
				<total>146854</total>
				<timestamp>10.871140</timestamp>
			</report>
			<report>
				<misses>148001</misses>
				<total>147853</total>
				<timestamp>10.944045</timestamp>
			</report>
			<report>
				<misses>149001</misses>
				<total>148852</total>
				<timestamp>11.016106</timestamp>
			</report>
			<report>
				<misses>150001</misses>
				<total>149851</total>
				<timestamp>11.092641</timestamp>
			</report>
			<report>
				<misses>151001</misses>
				<total>150850</total>
				<timestamp>11.163627</timestamp>
			</report>
			<report>
				<misses>152001</misses>
				<total>151849</total>
				<timestamp>11.233700</timestamp>
			</report>
			<report>
				<misses>153001</misses>
				<total>152848</total>
				<timestamp>11.311554</timestamp>
			</report>
			<report>
				<misses>154001</misses>
				<total>153847</total>
				<timestamp>11.381623</timestamp>
			</report>
			<report>
				<misses>155001</misses>
				<total>154846</total>
				<timestamp>11.453543</timestamp>
			</report>
			<report>
				<misses>156001</misses>
				<total>155845</total>
				<timestamp>11.529863</timestamp>
			</report>
			<report>
				<misses>157001</misses>
				<total>156844</total>
				<timestamp>11.605862</timestamp>
			</report>
			<report>
				<misses>158001</misses>
				<total>157843</total>
				<timestamp>11.689333</timestamp>
			</report>
			<report>
				<misses>159001</misses>
				<total>158842</total>
				<timestamp>11.764386</timestamp>
			</report>
			<report>
				<misses>160001</misses>
				<total>159388</total>
				<timestamp>11.834483</timestamp>
			</report>
			<report>
				<misses>161001</misses>
				<total>159666</total>
				<timestamp>11.907541</timestamp>
			</report>
			<report>
				<misses>162001</misses>
				<total>160665</total>
				<timestamp>11.986464</timestamp>
			</report>
			<report>
				<misses>163001</misses>
				<total>161664</total>
				<timestamp>12.056501</timestamp>
			</report>
			<report>
				<misses>164001</misses>
				<total>162663</total>
				<timestamp>12.126620</timestamp>
			</report>
			<report>
				<misses>165001</misses>
				<total>163662</total>
				<timestamp>12.196966</timestamp>
			</report>
			<report>
				<misses>166001</misses>
				<total>164661</total>
				<timestamp>12.266967</timestamp>
			</report>
			<report>
				<misses>167001</misses>
				<total>165343</total>
				<timestamp>12.336991</timestamp>
			</report>
			<report>
				<misses>168001</misses>
				<total>165694</total>
				<timestamp>12.406968</timestamp>
			</report>
			<report>
				<misses>169001</misses>
				<total>166693</total>
				<timestamp>12.477680</timestamp>
			</report>
			<report>
				<misses>170001</misses>
				<total>167692</total>
				<timestamp>12.547702</timestamp>
			</report>
			<report>
				<misses>171001</misses>
				<total>168691</total>
				<timestamp>12.622735</timestamp>
			</report>
			<report>
				<misses>172001</misses>
				<total>169690</total>
				<timestamp>12.693164</timestamp>
			</report>
			<report>
				<misses>173001</misses>
				<total>170689</total>
				<timestamp>12.768409</timestamp>
			</report>
			<report>
				<misses>174001</misses>
				<total>171688</total>
				<timestamp>12.839631</timestamp>
			</report>
			<report>
				<misses>175001</misses>
				<total>172687</total>
				<timestamp>12.911512</timestamp>
			</report>
			<report>
				<misses>176001</misses>
				<total>173686</total>
				<timestamp>12.982018</timestamp>
			</report>
			<report>
				<misses>177001</misses>
				<total>174685</total>
				<timestamp>13.052098</timestamp>
			</report>
			<report>
				<misses>178001</misses>
				<total>175684</total>
				<timestamp>13.122240</timestamp>
			</report>
			<report>
				<misses>179001</misses>
				<total>176683</total>
				<timestamp>13.192248</timestamp>
			</report>
			<report>
				<misses>180001</misses>
				<total>177682</total>
				<timestamp>13.262650</timestamp>
			</report>
			<report>
				<misses>181001</misses>
				<total>178681</total>
				<timestamp>13.332708</timestamp>
			</report>
			<report>
				<misses>182001</misses>
				<total>179680</total>
				<timestamp>13.408964</timestamp>
			</report>
			<report>
				<misses>183001</misses>
				<total>180679</total>
				<timestamp>13.479738</timestamp>
			</report>
			<report>
				<misses>184001</misses>
				<total>181678</total>
				<timestamp>13.554405</timestamp>
			</report>
			<report>
				<misses>185001</misses>
				<total>182677</total>
				<timestamp>13.624956</timestamp>
			</report>
			<report>
				<misses>186001</misses>
				<total>183676</total>
				<timestamp>13.698639</timestamp>
			</report>
			<report>
				<misses>187001</misses>
				<total>184675</total>
				<timestamp>13.776582</timestamp>
			</report>
			<report>
				<misses>188001</misses>
				<total>185674</total>
				<timestamp>13.855576</timestamp>
			</report>
			<report>
				<misses>189001</misses>
				<total>186673</total>
				<timestamp>13.927953</timestamp>
			</report>
			<report>
				<misses>190001</misses>
				<total>187672</total>
				<timestamp>14.004734</timestamp>
			</report>
			<report>
				<misses>191001</misses>
				<total>188671</total>
				<timestamp>14.075171</timestamp>
			</report>
			<report>
				<misses>192001</misses>
				<total>189670</total>
				<timestamp>14.145966</timestamp>
			</report>
			<report>
				<misses>193001</misses>
				<total>190669</total>
				<timestamp>14.221194</timestamp>
			</report>
			<report>
				<misses>194001</misses>
				<total>191668</total>
				<timestamp>14.295921</timestamp>
			</report>
			<report>
				<misses>195001</misses>
				<total>192667</total>
				<timestamp>14.369159</timestamp>
			</report>
			<report>
				<misses>196001</misses>
				<total>193666</total>
				<timestamp>14.442690</timestamp>
			</report>
			<report>
				<misses>197001</misses>
				<total>194665</total>
				<timestamp>14.519873</timestamp>
			</report>
			<report>
				<misses>198001</misses>
				<total>195664</total>
				<timestamp>14.593559</timestamp>
			</report>
			<report>
				<misses>199001</misses>
				<total>196663</total>
				<timestamp>14.665979</timestamp>
			</report>
			<report>
				<misses>200001</misses>
				<total>197662</total>
				<timestamp>14.739213</timestamp>
			</report>
			<report>
				<misses>201001</misses>
				<total>198661</total>
				<timestamp>14.809254</timestamp>
			</report>
			<report>
				<misses>202001</misses>
				<total>199660</total>
				<timestamp>14.882731</timestamp>
			</report>
			<report>
				<misses>203001</misses>
				<total>200659</total>
				<timestamp>14.957763</timestamp>
			</report>
			<report>
				<misses>204001</misses>
				<total>201658</total>
				<timestamp>15.029805</timestamp>
			</report>
			<report>
				<misses>205001</misses>
				<total>202657</total>
				<timestamp>15.101329</timestamp>
			</report>
			<report>
				<misses>206001</misses>
				<total>203656</total>
				<timestamp>15.171492</timestamp>
			</report>
			<report>
				<misses>207001</misses>
				<total>204655</total>
				<timestamp>15.242805</timestamp>
			</report>
			<report>
				<misses>208001</misses>
				<total>205654</total>
				<timestamp>15.314847</timestamp>
			</report>
			<report>
				<misses>209001</misses>
				<total>206653</total>
				<timestamp>15.390282</timestamp>
			</report>
			<report>
				<misses>210001</misses>
				<total>207652</total>
				<timestamp>15.462697</timestamp>
			</report>
			<report>
				<misses>211001</misses>
				<total>208651</total>
				<timestamp>15.532978</timestamp>
			</report>
			<report>
				<misses>212001</misses>
				<total>209650</total>
				<timestamp>15.602985</timestamp>
			</report>
			<report>
				<misses>213001</misses>
				<total>210649</total>
				<timestamp>15.681322</timestamp>
			</report>
			<report>
				<misses>214001</misses>
				<total>211648</total>
				<timestamp>15.757260</timestamp>
			</report>
			<report>
				<misses>215001</misses>
				<total>212647</total>
				<timestamp>15.834091</timestamp>
			</report>
			<report>
				<misses>216001</misses>
				<total>213646</total>
				<timestamp>15.918346</timestamp>
			</report>
			<report>
				<misses>217001</misses>
				<total>214645</total>
				<timestamp>16.001522</timestamp>
			</report>
			<report>
				<misses>218001</misses>
				<total>215644</total>
				<timestamp>16.077589</timestamp>
			</report>
			<report>
				<misses>219001</misses>
				<total>216643</total>
				<timestamp>16.147884</timestamp>
			</report>
			<report>
				<misses>220001</misses>
				<total>217642</total>
				<timestamp>16.218328</timestamp>
			</report>
			<report>
				<misses>221001</misses>
				<total>218641</total>
				<timestamp>16.294778</timestamp>
			</report>
			<report>
				<misses>222001</misses>
				<total>219640</total>
				<timestamp>16.364962</timestamp>
			</report>
			<report>
				<misses>223001</misses>
				<total>220639</total>
				<timestamp>16.436931</timestamp>
			</report>
			<report>
				<misses>224001</misses>
				<total>221638</total>
				<timestamp>16.510552</timestamp>
			</report>
			<report>
				<misses>225001</misses>
				<total>222637</total>
				<timestamp>16.582841</timestamp>
			</report>
			<report>
				<misses>226001</misses>
				<total>223636</total>
				<timestamp>16.653504</timestamp>
			</report>
			<report>
				<misses>227001</misses>
				<total>224635</total>
				<timestamp>16.725843</timestamp>
			</report>
			<report>
				<misses>228001</misses>
				<total>225634</total>
				<timestamp>16.799407</timestamp>
			</report>
			<report>
				<misses>229001</misses>
				<total>226633</total>
				<timestamp>16.873251</timestamp>
			</report>
			<report>
				<misses>230001</misses>
				<total>227632</total>
				<timestamp>16.944959</timestamp>
			</report>
			<report>
				<misses>231001</misses>
				<total>228631</total>
				<timestamp>17.015470</timestamp>
			</report>
			<report>
				<misses>232001</misses>
				<total>229630</total>
				<timestamp>17.086757</timestamp>
			</report>
			<report>
				<misses>233001</misses>
				<total>230629</total>
				<timestamp>17.156888</timestamp>
			</report>
			<report>
				<misses>234001</misses>
				<total>231628</total>
				<timestamp>17.236654</timestamp>
			</report>
			<report>
				<misses>235001</misses>
				<total>232627</total>
				<timestamp>17.314604</timestamp>
			</report>
			<report>
				<misses>236001</misses>
				<total>233626</total>
				<timestamp>17.384692</timestamp>
			</report>
			<report>
				<misses>237001</misses>
				<total>234625</total>
				<timestamp>17.455365</timestamp>
			</report>
			<report>
				<misses>238001</misses>
				<total>235624</total>
				<timestamp>17.528506</timestamp>
			</report>
			<report>
				<misses>239001</misses>
				<total>236623</total>
				<timestamp>17.599555</timestamp>
			</report>
			<report>
				<misses>240001</misses>
				<total>237622</total>
				<timestamp>17.669681</timestamp>
			</report>
			<report>
				<misses>241001</misses>
				<total>238621</total>
				<timestamp>17.739894</timestamp>
			</report>
			<report>
				<misses>242001</misses>
				<total>239620</total>
				<timestamp>17.812231</timestamp>
			</report>
			<report>
				<misses>243001</misses>
				<total>240619</total>
				<timestamp>17.882235</timestamp>
			</report>
			<report>
				<misses>244001</misses>
				<total>241618</total>
				<timestamp>17.952450</timestamp>
			</report>
			<report>
				<misses>245001</misses>
				<total>242617</total>
				<timestamp>18.022528</timestamp>
			</report>
			<report>
				<misses>246001</misses>
				<total>243616</total>
				<timestamp>18.096138</timestamp>
			</report>
			<report>
				<misses>247001</misses>
				<total>244615</total>
				<timestamp>18.172690</timestamp>
			</report>
			<report>
				<misses>248001</misses>
				<total>245614</total>
				<timestamp>18.244138</timestamp>
			</report>
			<report>
				<misses>249001</misses>
				<total>246613</total>
				<timestamp>18.321020</timestamp>
			</report>
			<report>
				<misses>250001</misses>
				<total>247612</total>
				<timestamp>18.403214</timestamp>
			</report>
			<report>
				<misses>251001</misses>
				<total>248611</total>
				<timestamp>18.477616</timestamp>
			</report>
			<report>
				<misses>252001</misses>
				<total>249610</total>
				<timestamp>18.549076</timestamp>
			</report>
			<report>
				<misses>253001</misses>
				<total>250609</total>
				<timestamp>18.625987</timestamp>
			</report>
			<report>
				<misses>254001</misses>
				<total>251608</total>
				<timestamp>18.702312</timestamp>
			</report>
			<report>
				<misses>255001</misses>
				<total>252607</total>
				<timestamp>18.785561</timestamp>
			</report>
			<report>
				<misses>256001</misses>
				<total>253606</total>
				<timestamp>18.857892</timestamp>
			</report>
			<report>
				<misses>257001</misses>
				<total>254605</total>
				<timestamp>18.928064</timestamp>
			</report>
			<report>
				<misses>258001</misses>
				<total>255604</total>
				<timestamp>18.999867</timestamp>
			</report>
			<report>
				<misses>259001</misses>
				<total>256603</total>
				<timestamp>19.078259</timestamp>
			</report>
			<report>
				<misses>260001</misses>
				<total>257602</total>
				<timestamp>19.153865</timestamp>
			</report>
			<report>
				<misses>261001</misses>
				<total>258601</total>
				<timestamp>19.230166</timestamp>
			</report>
			<report>
				<misses>262001</misses>
				<total>259600</total>
				<timestamp>19.301771</timestamp>
			</report>
			<report>
				<misses>263001</misses>
				<total>260599</total>
				<timestamp>19.372334</timestamp>
			</report>
			<report>
				<misses>264001</misses>
				<total>261598</total>
				<timestamp>19.447332</timestamp>
			</report>
			<report>
				<misses>265001</misses>
				<total>262597</total>
				<timestamp>19.525078</timestamp>
			</report>
			<report>
				<misses>266001</misses>
				<total>263596</total>
				<timestamp>19.599211</timestamp>
			</report>
			<report>
				<misses>267001</misses>
				<total>264595</total>
				<timestamp>19.669456</timestamp>
			</report>
			<report>
				<misses>268001</misses>
				<total>265594</total>
				<timestamp>19.739496</timestamp>
			</report>
			<report>
				<misses>269001</misses>
				<total>266593</total>
				<timestamp>19.809491</timestamp>
			</report>
			<report>
				<misses>270001</misses>
				<total>267592</total>
				<timestamp>19.879513</timestamp>
			</report>
			<report>
				<misses>271001</misses>
				<total>268591</total>
				<timestamp>19.949596</timestamp>
			</report>
			<report>
				<misses>272001</misses>
				<total>269590</total>
				<timestamp>20.019755</timestamp>
			</report>
			<report>
				<misses>273001</misses>
				<total>270589</total>
				<timestamp>20.089952</timestamp>
			</report>
			<report>
				<misses>274001</misses>
				<total>271588</total>
				<timestamp>20.167769</timestamp>
			</report>
			<report>
				<misses>275001</misses>
				<total>272587</total>
				<timestamp>20.244553</timestamp>
			</report>
			<report>
				<misses>276001</misses>
				<total>273586</total>
				<timestamp>20.320272</timestamp>
			</report>
			<report>
				<misses>277001</misses>
				<total>274585</total>
				<timestamp>20.394059</timestamp>
			</report>
			<report>
				<misses>278001</misses>
				<total>275584</total>
				<timestamp>20.471560</timestamp>
			</report>
			<report>
				<misses>279001</misses>
				<total>276583</total>
				<timestamp>20.549790</timestamp>
			</report>
			<report>
				<misses>280001</misses>
				<total>277582</total>
				<timestamp>20.623402</timestamp>
			</report>
			<report>
				<misses>281001</misses>
				<total>278581</total>
				<timestamp>20.699685</timestamp>
			</report>
			<report>
				<misses>282001</misses>
				<total>279580</total>
				<timestamp>20.772138</timestamp>
			</report>
			<report>
				<misses>283001</misses>
				<total>280579</total>
				<timestamp>20.848187</timestamp>
			</report>
			<report>
				<misses>284001</misses>
				<total>281578</total>
				<timestamp>20.922376</timestamp>
			</report>
			<report>
				<misses>285001</misses>
				<total>282577</total>
				<timestamp>20.992517</timestamp>
			</report>
			<report>
				<misses>286001</misses>
				<total>283576</total>
				<timestamp>21.064486</timestamp>
			</report>
			<report>
				<misses>287001</misses>
				<total>284575</total>
				<timestamp>21.140465</timestamp>
			</report>
			<report>
				<misses>288001</misses>
				<total>285574</total>
				<timestamp>21.217485</timestamp>
			</report>
			<report>
				<misses>289001</misses>
				<total>286573</total>
				<timestamp>21.291694</timestamp>
			</report>
			<report>
				<misses>290001</misses>
				<total>287572</total>
				<timestamp>21.367315</timestamp>
			</report>
			<report>
				<misses>291001</misses>
				<total>288571</total>
				<timestamp>21.439417</timestamp>
			</report>
			<report>
				<misses>292001</misses>
				<total>289570</total>
				<timestamp>21.509594</timestamp>
			</report>
			<report>
				<misses>293001</misses>
				<total>290569</total>
				<timestamp>21.580841</timestamp>
			</report>
			<report>
				<misses>294001</misses>
				<total>291568</total>
				<timestamp>21.674581</timestamp>
			</report>
			<report>
				<misses>295001</misses>
				<total>292567</total>
				<timestamp>21.748046</timestamp>
			</report>
			<report>
				<misses>296001</misses>
				<total>293566</total>
				<timestamp>21.820279</timestamp>
			</report>
			<report>
				<misses>297001</misses>
				<total>294565</total>
				<timestamp>21.910099</timestamp>
			</report>
			<report>
				<misses>298001</misses>
				<total>295564</total>
				<timestamp>21.984038</timestamp>
			</report>
			<report>
				<misses>299001</misses>
				<total>296563</total>
				<timestamp>22.055622</timestamp>
			</report>
			<report>
				<misses>300001</misses>
				<total>297562</total>
				<timestamp>22.131301</timestamp>
			</report>
			<report>
				<misses>301001</misses>
				<total>298561</total>
				<timestamp>22.204092</timestamp>
			</report>
			<report>
				<misses>302001</misses>
				<total>299560</total>
				<timestamp>22.274450</timestamp>
			</report>
			<report>
				<misses>303001</misses>
				<total>300559</total>
				<timestamp>22.344492</timestamp>
			</report>
			<report>
				<misses>304001</misses>
				<total>301558</total>
				<timestamp>22.414678</timestamp>
			</report>
			<report>
				<misses>305001</misses>
				<total>302557</total>
				<timestamp>22.485393</timestamp>
			</report>
			<report>
				<misses>306001</misses>
				<total>303556</total>
				<timestamp>22.555605</timestamp>
			</report>
			<report>
				<misses>307001</misses>
				<total>304555</total>
				<timestamp>22.626131</timestamp>
			</report>
			<report>
				<misses>308001</misses>
				<total>305554</total>
				<timestamp>22.700710</timestamp>
			</report>
			<report>
				<misses>309001</misses>
				<total>306553</total>
				<timestamp>22.782564</timestamp>
			</report>
			<report>
				<misses>310001</misses>
				<total>307552</total>
				<timestamp>22.860637</timestamp>
			</report>
			<report>
				<misses>311001</misses>
				<total>308551</total>
				<timestamp>22.933623</timestamp>
			</report>
			<report>
				<misses>312001</misses>
				<total>309550</total>
				<timestamp>23.008272</timestamp>
			</report>
			<report>
				<misses>313001</misses>
				<total>310549</total>
				<timestamp>23.080279</timestamp>
			</report>
			<report>
				<misses>314001</misses>
				<total>311548</total>
				<timestamp>23.154471</timestamp>
			</report>
			<report>
				<misses>315001</misses>
				<total>312547</total>
				<timestamp>23.224612</timestamp>
			</report>
			<report>
				<misses>316001</misses>
				<total>313546</total>
				<timestamp>23.294652</timestamp>
			</report>
			<report>
				<misses>317001</misses>
				<total>314545</total>
				<timestamp>23.367303</timestamp>
			</report>
			<report>
				<misses>318001</misses>
				<total>315544</total>
				<timestamp>23.437325</timestamp>
			</report>
			<report>
				<misses>319001</misses>
				<total>316543</total>
				<timestamp>23.508796</timestamp>
			</report>
			<report>
				<misses>320001</misses>
				<total>317542</total>
				<timestamp>23.578973</timestamp>
			</report>
			<report>
				<misses>321001</misses>
				<total>318541</total>
				<timestamp>23.649385</timestamp>
			</report>
			<report>
				<misses>322001</misses>
				<total>319540</total>
				<timestamp>23.722668</timestamp>
			</report>
			<report>
				<misses>323001</misses>
				<total>320539</total>
				<timestamp>23.794622</timestamp>
			</report>
			<report>
				<misses>324001</misses>
				<total>321538</total>
				<timestamp>23.867129</timestamp>
			</report>
			<report>
				<misses>325001</misses>
				<total>322537</total>
				<timestamp>23.947332</timestamp>
			</report>
			<report>
				<misses>326001</misses>
				<total>323536</total>
				<timestamp>24.018427</timestamp>
			</report>
			<report>
				<misses>327001</misses>
				<total>324535</total>
				<timestamp>24.089837</timestamp>
			</report>
			<report>
				<misses>328001</misses>
				<total>325534</total>
				<timestamp>24.159831</timestamp>
			</report>
			<report>
				<misses>329001</misses>
				<total>326533</total>
				<timestamp>24.229838</timestamp>
			</report>
			<report>
				<misses>330001</misses>
				<total>327532</total>
				<timestamp>24.300205</timestamp>
			</report>
			<report>
				<misses>331001</misses>
				<total>328531</total>
				<timestamp>24.370188</timestamp>
			</report>
			<report>
				<misses>332001</misses>
				<total>329530</total>
				<timestamp>24.441211</timestamp>
			</report>
			<report>
				<misses>333001</misses>
				<total>330529</total>
				<timestamp>24.511274</timestamp>
			</report>
			<report>
				<misses>334001</misses>
				<total>331528</total>
				<timestamp>24.581656</timestamp>
			</report>
			<report>
				<misses>335001</misses>
				<total>332527</total>
				<timestamp>24.658399</timestamp>
			</report>
			<report>
				<misses>336001</misses>
				<total>333526</total>
				<timestamp>24.734626</timestamp>
			</report>
			<report>
				<misses>337001</misses>
				<total>334525</total>
				<timestamp>24.816869</timestamp>
			</report>
			<report>
				<misses>338001</misses>
				<total>335524</total>
				<timestamp>24.893728</timestamp>
			</report>
			<report>
				<misses>339001</misses>
				<total>336523</total>
				<timestamp>24.964760</timestamp>
			</report>
			<report>
				<misses>340001</misses>
				<total>337522</total>
				<timestamp>25.042194</timestamp>
			</report>
			<report>
				<misses>341001</misses>
				<total>338521</total>
				<timestamp>25.118767</timestamp>
			</report>
			<report>
				<misses>342001</misses>
				<total>339520</total>
				<timestamp>25.201112</timestamp>
			</report>
			<report>
				<misses>343001</misses>
				<total>340519</total>
				<timestamp>25.273904</timestamp>
			</report>
			<report>
				<misses>344001</misses>
				<total>341518</total>
				<timestamp>25.350157</timestamp>
			</report>
			<report>
				<misses>345001</misses>
				<total>342517</total>
				<timestamp>25.425184</timestamp>
			</report>
			<report>
				<misses>346001</misses>
				<total>343516</total>
				<timestamp>25.501204</timestamp>
			</report>
			<report>
				<misses>347001</misses>
				<total>344515</total>
				<timestamp>25.583973</timestamp>
			</report>
			<report>
				<misses>348001</misses>
				<total>345514</total>
				<timestamp>25.661896</timestamp>
			</report>
			<report>
				<misses>349001</misses>
				<total>346513</total>
				<timestamp>25.744080</timestamp>
			</report>
			<report>
				<misses>350001</misses>
				<total>347512</total>
				<timestamp>25.815948</timestamp>
			</report>
			<report>
				<misses>351001</misses>
				<total>348511</total>
				<timestamp>25.890961</timestamp>
			</report>
			<report>
				<misses>352001</misses>
				<total>349510</total>
				<timestamp>25.961471</timestamp>
			</report>
			<report>
				<misses>353001</misses>
				<total>350509</total>
				<timestamp>26.031531</timestamp>
			</report>
			<report>
				<misses>354001</misses>
				<total>351508</total>
				<timestamp>26.103332</timestamp>
			</report>
			<report>
				<misses>355001</misses>
				<total>352507</total>
				<timestamp>26.181235</timestamp>
			</report>
			<report>
				<misses>356001</misses>
				<total>353506</total>
				<timestamp>26.263603</timestamp>
			</report>
			<report>
				<misses>357001</misses>
				<total>354505</total>
				<timestamp>26.337103</timestamp>
			</report>
			<report>
				<misses>358001</misses>
				<total>355504</total>
				<timestamp>26.409564</timestamp>
			</report>
			<report>
				<misses>359001</misses>
				<total>356503</total>
				<timestamp>26.480576</timestamp>
			</report>
			<report>
				<misses>360001</misses>
				<total>357502</total>
				<timestamp>26.550956</timestamp>
			</report>
			<report>
				<misses>361001</misses>
				<total>358501</total>
				<timestamp>26.621072</timestamp>
			</report>
			<report>
				<misses>362001</misses>
				<total>359500</total>
				<timestamp>26.691198</timestamp>
			</report>
			<report>
				<misses>363001</misses>
				<total>360499</total>
				<timestamp>26.766492</timestamp>
			</report>
			<report>
				<misses>364001</misses>
				<total>361498</total>
				<timestamp>26.836538</timestamp>
			</report>
			<report>
				<misses>365001</misses>
				<total>362497</total>
				<timestamp>26.913087</timestamp>
			</report>
			<report>
				<misses>366001</misses>
				<total>363496</total>
				<timestamp>26.983800</timestamp>
			</report>
			<report>
				<misses>367001</misses>
				<total>364495</total>
				<timestamp>27.055922</timestamp>
			</report>
			<report>
				<misses>368001</misses>
				<total>365494</total>
				<timestamp>27.131305</timestamp>
			</report>
			<report>
				<misses>369001</misses>
				<total>366493</total>
				<timestamp>27.201488</timestamp>
			</report>
			<report>
				<misses>370001</misses>
				<total>367492</total>
				<timestamp>27.280688</timestamp>
			</report>
			<report>
				<misses>371001</misses>
				<total>368491</total>
				<timestamp>27.357501</timestamp>
			</report>
			<report>
				<misses>372001</misses>
				<total>369490</total>
				<timestamp>27.434240</timestamp>
			</report>
			<report>
				<misses>373001</misses>
				<total>370489</total>
				<timestamp>27.516124</timestamp>
			</report>
			<report>
				<misses>374001</misses>
				<total>371488</total>
				<timestamp>27.590792</timestamp>
			</report>
			<report>
				<misses>375001</misses>
				<total>372487</total>
				<timestamp>27.668136</timestamp>
			</report>
			<report>
				<misses>376001</misses>
				<total>373486</total>
				<timestamp>27.741806</timestamp>
			</report>
			<report>
				<misses>377001</misses>
				<total>374485</total>
				<timestamp>27.814912</timestamp>
			</report>
			<report>
				<misses>378001</misses>
				<total>375484</total>
				<timestamp>27.890745</timestamp>
			</report>
			<report>
				<misses>379001</misses>
				<total>376483</total>
				<timestamp>27.960817</timestamp>
			</report>
			<report>
				<misses>380001</misses>
				<total>377482</total>
				<timestamp>28.033541</timestamp>
			</report>
			<report>
				<misses>381001</misses>
				<total>378481</total>
				<timestamp>28.104679</timestamp>
			</report>
			<report>
				<misses>382001</misses>
				<total>379480</total>
				<timestamp>28.174829</timestamp>
			</report>
			<report>
				<misses>383001</misses>
				<total>380479</total>
				<timestamp>28.249893</timestamp>
			</report>
			<report>
				<misses>384001</misses>
				<total>381478</total>
				<timestamp>28.328988</timestamp>
			</report>
			<report>
				<misses>385001</misses>
				<total>382477</total>
				<timestamp>28.406334</timestamp>
			</report>
			<report>
				<misses>386001</misses>
				<total>383476</total>
				<timestamp>28.478999</timestamp>
			</report>
			<report>
				<misses>387001</misses>
				<total>384475</total>
				<timestamp>28.553067</timestamp>
			</report>
			<report>
				<misses>388001</misses>
				<total>385474</total>
				<timestamp>28.627905</timestamp>
			</report>
			<report>
				<misses>389001</misses>
				<total>386473</total>
				<timestamp>28.704584</timestamp>
			</report>
			<report>
				<misses>390001</misses>
				<total>387472</total>
				<timestamp>28.780539</timestamp>
			</report>
			<report>
				<misses>391001</misses>
				<total>388471</total>
				<timestamp>28.856395</timestamp>
			</report>
			<report>
				<misses>392001</misses>
				<total>389470</total>
				<timestamp>28.928606</timestamp>
			</report>
			<report>
				<misses>393001</misses>
				<total>390469</total>
				<timestamp>29.008725</timestamp>
			</report>
			<report>
				<misses>394001</misses>
				<total>391468</total>
				<timestamp>29.080069</timestamp>
			</report>
			<report>
				<misses>395001</misses>
				<total>392467</total>
				<timestamp>29.155042</timestamp>
			</report>
			<report>
				<misses>396001</misses>
				<total>393466</total>
				<timestamp>29.225157</timestamp>
			</report>
			<report>
				<misses>397001</misses>
				<total>394465</total>
				<timestamp>29.297691</timestamp>
			</report>
			<report>
				<misses>398001</misses>
				<total>395464</total>
				<timestamp>29.370715</timestamp>
			</report>
			<report>
				<misses>399001</misses>
				<total>396463</total>
				<timestamp>29.444221</timestamp>
			</report>
			<report>
				<misses>400001</misses>
				<total>397462</total>
				<timestamp>29.518608</timestamp>
			</report>
			<report>
				<misses>401001</misses>
				<total>398461</total>
				<timestamp>29.600089</timestamp>
			</report>
			<report>
				<misses>402001</misses>
				<total>399460</total>
				<timestamp>29.680840</timestamp>
			</report>
			<report>
				<misses>403001</misses>
				<total>400459</total>
				<timestamp>29.757431</timestamp>
			</report>
			<report>
				<misses>404001</misses>
				<total>401458</total>
				<timestamp>29.828329</timestamp>
			</report>
			<report>
				<misses>405001</misses>
				<total>402457</total>
				<timestamp>29.899997</timestamp>
			</report>
			<report>
				<misses>406001</misses>
				<total>403456</total>
				<timestamp>29.975606</timestamp>
			</report>
			<report>
				<misses>407001</misses>
				<total>404455</total>
				<timestamp>30.045658</timestamp>
			</report>
			<report>
				<misses>408001</misses>
				<total>405454</total>
				<timestamp>30.117125</timestamp>
			</report>
			<report>
				<misses>409001</misses>
				<total>406453</total>
				<timestamp>30.187805</timestamp>
			</report>
			<report>
				<misses>410001</misses>
				<total>407452</total>
				<timestamp>30.259318</timestamp>
			</report>
			<report>
				<misses>411001</misses>
				<total>408451</total>
				<timestamp>30.329430</timestamp>
			</report>
			<report>
				<misses>412001</misses>
				<total>409450</total>
				<timestamp>30.399484</timestamp>
			</report>
			<report>
				<misses>413001</misses>
				<total>410449</total>
				<timestamp>30.469537</timestamp>
			</report>
			<report>
				<misses>414001</misses>
				<total>411448</total>
				<timestamp>30.540094</timestamp>
			</report>
			<report>
				<misses>415001</misses>
				<total>412447</total>
				<timestamp>30.610229</timestamp>
			</report>
			<report>
				<misses>416001</misses>
				<total>413446</total>
				<timestamp>30.680409</timestamp>
			</report>
			<report>
				<misses>417001</misses>
				<total>414445</total>
				<timestamp>30.752187</timestamp>
			</report>
			<report>
				<misses>418001</misses>
				<total>415444</total>
				<timestamp>30.827105</timestamp>
			</report>
			<report>
				<misses>419001</misses>
				<total>416443</total>
				<timestamp>30.905793</timestamp>
			</report>
			<report>
				<misses>420001</misses>
				<total>417442</total>
				<timestamp>30.986845</timestamp>
			</report>
			<report>
				<misses>421001</misses>
				<total>418441</total>
				<timestamp>31.060530</timestamp>
			</report>
			<report>
				<misses>422001</misses>
				<total>419440</total>
				<timestamp>31.139914</timestamp>
			</report>
			<report>
				<misses>423001</misses>
				<total>420439</total>
				<timestamp>31.220678</timestamp>
			</report>
			<report>
				<misses>424001</misses>
				<total>421438</total>
				<timestamp>31.291222</timestamp>
			</report>
			<report>
				<misses>425001</misses>
				<total>422437</total>
				<timestamp>31.361302</timestamp>
			</report>
			<report>
				<misses>426001</misses>
				<total>423436</total>
				<timestamp>31.435121</timestamp>
			</report>
			<report>
				<misses>427001</misses>
				<total>424435</total>
				<timestamp>31.507960</timestamp>
			</report>
			<report>
				<misses>428001</misses>
				<total>425434</total>
				<timestamp>31.583203</timestamp>
			</report>
			<report>
				<misses>429001</misses>
				<total>426433</total>
				<timestamp>31.663108</timestamp>
			</report>
			<report>
				<misses>430001</misses>
				<total>427432</total>
				<timestamp>31.733126</timestamp>
			</report>
			<report>
				<misses>431001</misses>
				<total>428431</total>
				<timestamp>31.805642</timestamp>
			</report>
			<report>
				<misses>432001</misses>
				<total>429430</total>
				<timestamp>31.876972</timestamp>
			</report>
			<report>
				<misses>433001</misses>
				<total>430429</total>
				<timestamp>31.949731</timestamp>
			</report>
			<report>
				<misses>434001</misses>
				<total>431428</total>
				<timestamp>32.020031</timestamp>
			</report>
			<report>
				<misses>435001</misses>
				<total>432427</total>
				<timestamp>32.091920</timestamp>
			</report>
			<report>
				<misses>436001</misses>
				<total>433426</total>
				<timestamp>32.167307</timestamp>
			</report>
			<report>
				<misses>437001</misses>
				<total>434425</total>
				<timestamp>32.246889</timestamp>
			</report>
			<report>
				<misses>438001</misses>
				<total>435424</total>
				<timestamp>32.324500</timestamp>
			</report>
			<report>
				<misses>439001</misses>
				<total>436423</total>
				<timestamp>32.395751</timestamp>
			</report>
			<report>
				<misses>440001</misses>
				<total>437422</total>
				<timestamp>32.468387</timestamp>
			</report>
			<report>
				<misses>441001</misses>
				<total>438421</total>
				<timestamp>32.551256</timestamp>
			</report>
			<report>
				<misses>442001</misses>
				<total>439420</total>
				<timestamp>32.633121</timestamp>
			</report>
			<report>
				<misses>443001</misses>
				<total>440419</total>
				<timestamp>32.711501</timestamp>
			</report>
			<report>
				<misses>444001</misses>
				<total>441418</total>
				<timestamp>32.786109</timestamp>
			</report>
			<report>
				<misses>445001</misses>
				<total>442417</total>
				<timestamp>32.858040</timestamp>
			</report>
			<report>
				<misses>446001</misses>
				<total>443416</total>
				<timestamp>32.928420</timestamp>
			</report>
			<report>
				<misses>447001</misses>
				<total>444415</total>
				<timestamp>33.001263</timestamp>
			</report>
			<report>
				<misses>448001</misses>
				<total>445414</total>
				<timestamp>33.073396</timestamp>
			</report>
			<report>
				<misses>449001</misses>
				<total>446413</total>
				<timestamp>33.144094</timestamp>
			</report>
			<report>
				<misses>450001</misses>
				<total>447412</total>
				<timestamp>33.214206</timestamp>
			</report>
			<report>
				<misses>451001</misses>
				<total>448411</total>
				<timestamp>33.288761</timestamp>
			</report>
			<report>
				<misses>452001</misses>
				<total>449410</total>
				<timestamp>33.366097</timestamp>
			</report>
			<report>
				<misses>453001</misses>
				<total>450409</total>
				<timestamp>33.436113</timestamp>
			</report>
			<report>
				<misses>454001</misses>
				<total>451408</total>
				<timestamp>33.506229</timestamp>
			</report>
			<report>
				<misses>455001</misses>
				<total>452407</total>
				<timestamp>33.576353</timestamp>
			</report>
			<report>
				<misses>456001</misses>
				<total>453406</total>
				<timestamp>33.651159</timestamp>
			</report>
			<report>
				<misses>457001</misses>
				<total>454405</total>
				<timestamp>33.721160</timestamp>
			</report>
			<report>
				<misses>458001</misses>
				<total>455404</total>
				<timestamp>33.793581</timestamp>
			</report>
			<report>
				<misses>459001</misses>
				<total>456403</total>
				<timestamp>33.866698</timestamp>
			</report>
			<report>
				<misses>460001</misses>
				<total>457402</total>
				<timestamp>33.938228</timestamp>
			</report>
			<report>
				<misses>461001</misses>
				<total>458401</total>
				<timestamp>34.010575</timestamp>
			</report>
			<report>
				<misses>462001</misses>
				<total>459400</total>
				<timestamp>34.082101</timestamp>
			</report>
			<report>
				<misses>463001</misses>
				<total>460399</total>
				<timestamp>34.154090</timestamp>
			</report>
			<report>
				<misses>464001</misses>
				<total>461398</total>
				<timestamp>34.225790</timestamp>
			</report>
			<report>
				<misses>465001</misses>
				<total>462397</total>
				<timestamp>34.300306</timestamp>
			</report>
			<report>
				<misses>466001</misses>
				<total>463396</total>
				<timestamp>34.372662</timestamp>
			</report>
			<report>
				<misses>467001</misses>
				<total>464395</total>
				<timestamp>34.442867</timestamp>
			</report>
			<report>
				<misses>468001</misses>
				<total>465394</total>
				<timestamp>34.514404</timestamp>
			</report>
			<report>
				<misses>469001</misses>
				<total>466393</total>
				<timestamp>34.587079</timestamp>
			</report>
			<report>
				<misses>470001</misses>
				<total>467392</total>
				<timestamp>34.663363</timestamp>
			</report>
			<report>
				<misses>471001</misses>
				<total>468391</total>
				<timestamp>34.737069</timestamp>
			</report>
			<report>
				<misses>472001</misses>
				<total>469390</total>
				<timestamp>34.810903</timestamp>
			</report>
			<report>
				<misses>473001</misses>
				<total>470389</total>
				<timestamp>34.880974</timestamp>
			</report>
			<report>
				<misses>474001</misses>
				<total>471388</total>
				<timestamp>34.951073</timestamp>
			</report>
			<report>
				<misses>475001</misses>
				<total>472387</total>
				<timestamp>35.021135</timestamp>
			</report>
			<report>
				<misses>476001</misses>
				<total>473386</total>
				<timestamp>35.091229</timestamp>
			</report>
			<report>
				<misses>477001</misses>
				<total>474385</total>
				<timestamp>35.161444</timestamp>
			</report>
			<report>
				<misses>478001</misses>
				<total>475384</total>
				<timestamp>35.232988</timestamp>
			</report>
			<report>
				<misses>479001</misses>
				<total>476383</total>
				<timestamp>35.306597</timestamp>
			</report>
			<report>
				<misses>480001</misses>
				<total>477382</total>
				<timestamp>35.381954</timestamp>
			</report>
			<report>
				<misses>481001</misses>
				<total>478381</total>
				<timestamp>35.455067</timestamp>
			</report>
			<report>
				<misses>482001</misses>
				<total>479380</total>
				<timestamp>35.526883</timestamp>
			</report>
			<report>
				<misses>483001</misses>
				<total>480379</total>
				<timestamp>35.601092</timestamp>
			</report>
			<report>
				<misses>484001</misses>
				<total>481378</total>
				<timestamp>35.674872</timestamp>
			</report>
			<report>
				<misses>485001</misses>
				<total>482377</total>
				<timestamp>35.747641</timestamp>
			</report>
			<report>
				<misses>486001</misses>
				<total>483376</total>
				<timestamp>35.821929</timestamp>
			</report>
			<report>
				<misses>487001</misses>
				<total>484375</total>
				<timestamp>35.892235</timestamp>
			</report>
			<report>
				<misses>488001</misses>
				<total>485374</total>
				<timestamp>35.963327</timestamp>
			</report>
			<report>
				<misses>489001</misses>
				<total>486373</total>
				<timestamp>36.045008</timestamp>
			</report>
			<report>
				<misses>490001</misses>
				<total>487372</total>
				<timestamp>36.116883</timestamp>
			</report>
			<report>
				<misses>491001</misses>
				<total>488371</total>
				<timestamp>36.195344</timestamp>
			</report>
			<report>
				<misses>492001</misses>
				<total>489370</total>
				<timestamp>36.268032</timestamp>
			</report>
			<report>
				<misses>493001</misses>
				<total>490369</total>
				<timestamp>36.345871</timestamp>
			</report>
			<report>
				<misses>494001</misses>
				<total>491368</total>
				<timestamp>36.417820</timestamp>
			</report>
			<report>
				<misses>495001</misses>
				<total>492367</total>
				<timestamp>36.493100</timestamp>
			</report>
			<report>
				<misses>496001</misses>
				<total>493366</total>
				<timestamp>36.566966</timestamp>
			</report>
			<report>
				<misses>497001</misses>
				<total>494365</total>
				<timestamp>36.637895</timestamp>
			</report>
			<report>
				<misses>498001</misses>
				<total>495364</total>
				<timestamp>36.712451</timestamp>
			</report>
			<report>
				<misses>499001</misses>
				<total>496363</total>
				<timestamp>36.782481</timestamp>
			</report>
			<report>
				<misses>500001</misses>
				<total>497362</total>
				<timestamp>36.858983</timestamp>
			</report>
			<report>
				<misses>501001</misses>
				<total>498361</total>
				<timestamp>36.931132</timestamp>
			</report>
			<report>
				<misses>502001</misses>
				<total>499360</total>
				<timestamp>37.001327</timestamp>
			</report>
			<report>
				<misses>503001</misses>
				<total>500359</total>
				<timestamp>37.075098</timestamp>
			</report>
			<report>
				<misses>504001</misses>
				<total>501358</total>
				<timestamp>37.146741</timestamp>
			</report>
			<report>
				<misses>505001</misses>
				<total>502357</total>
				<timestamp>37.217409</timestamp>
			</report>
			<report>
				<misses>506001</misses>
				<total>503356</total>
				<timestamp>37.290426</timestamp>
			</report>
			<report>
				<misses>507001</misses>
				<total>504355</total>
				<timestamp>37.367807</timestamp>
			</report>
			<report>
				<misses>508001</misses>
				<total>505354</total>
				<timestamp>37.444067</timestamp>
			</report>
			<report>
				<misses>509001</misses>
				<total>506353</total>
				<timestamp>37.521451</timestamp>
			</report>
			<report>
				<misses>510001</misses>
				<total>507352</total>
				<timestamp>37.600282</timestamp>
			</report>
			<report>
				<misses>511001</misses>
				<total>508351</total>
				<timestamp>37.674973</timestamp>
			</report>
			<report>
				<misses>512001</misses>
				<total>509350</total>
				<timestamp>37.745038</timestamp>
			</report>
			<report>
				<misses>513001</misses>
				<total>510349</total>
				<timestamp>37.816560</timestamp>
			</report>
			<report>
				<misses>514001</misses>
				<total>511348</total>
				<timestamp>37.892268</timestamp>
			</report>
			<report>
				<misses>515001</misses>
				<total>512347</total>
				<timestamp>37.967470</timestamp>
			</report>
			<report>
				<misses>516001</misses>
				<total>513346</total>
				<timestamp>38.042810</timestamp>
			</report>
			<report>
				<misses>517001</misses>
				<total>514345</total>
				<timestamp>38.119110</timestamp>
			</report>
			<report>
				<misses>518001</misses>
				<total>515344</total>
				<timestamp>38.190805</timestamp>
			</report>
			<report>
				<misses>519001</misses>
				<total>516343</total>
				<timestamp>38.261736</timestamp>
			</report>
			<report>
				<misses>520001</misses>
				<total>517342</total>
				<timestamp>38.337034</timestamp>
			</report>
			<report>
				<misses>521001</misses>
				<total>518341</total>
				<timestamp>38.407447</timestamp>
			</report>
			<report>
				<misses>522001</misses>
				<total>519340</total>
				<timestamp>38.479186</timestamp>
			</report>
			<report>
				<misses>523001</misses>
				<total>520339</total>
				<timestamp>38.559260</timestamp>
			</report>
			<report>
				<misses>524001</misses>
				<total>521338</total>
				<timestamp>38.637621</timestamp>
			</report>
			<report>
				<misses>525001</misses>
				<total>522337</total>
				<timestamp>38.709800</timestamp>
			</report>
			<report>
				<misses>526001</misses>
				<total>523336</total>
				<timestamp>38.788346</timestamp>
			</report>
			<report>
				<misses>527001</misses>
				<total>524335</total>
				<timestamp>38.858429</timestamp>
			</report>
			<report>
				<misses>528001</misses>
				<total>525334</total>
				<timestamp>38.934682</timestamp>
			</report>
			<report>
				<misses>529001</misses>
				<total>526333</total>
				<timestamp>39.009057</timestamp>
			</report>
			<report>
				<misses>530001</misses>
				<total>527332</total>
				<timestamp>39.085315</timestamp>
			</report>
			<report>
				<misses>531001</misses>
				<total>528331</total>
				<timestamp>39.165363</timestamp>
			</report>
			<report>
				<misses>532001</misses>
				<total>529330</total>
				<timestamp>39.236502</timestamp>
			</report>
			<report>
				<misses>533001</misses>
				<total>530329</total>
				<timestamp>39.306551</timestamp>
			</report>
			<report>
				<misses>534001</misses>
				<total>531328</total>
				<timestamp>39.377704</timestamp>
			</report>
			<report>
				<misses>535001</misses>
				<total>532327</total>
				<timestamp>39.449137</timestamp>
			</report>
			<report>
				<misses>536001</misses>
				<total>533326</total>
				<timestamp>39.524785</timestamp>
			</report>
			<report>
				<misses>537001</misses>
				<total>534325</total>
				<timestamp>39.599666</timestamp>
			</report>
			<report>
				<misses>538001</misses>
				<total>535324</total>
				<timestamp>39.678596</timestamp>
			</report>
			<report>
				<misses>539001</misses>
				<total>536323</total>
				<timestamp>39.748774</timestamp>
			</report>
			<report>
				<misses>540001</misses>
				<total>537322</total>
				<timestamp>39.824892</timestamp>
			</report>
			<report>
				<misses>541001</misses>
				<total>538321</total>
				<timestamp>39.903353</timestamp>
			</report>
			<report>
				<misses>542001</misses>
				<total>539320</total>
				<timestamp>39.980979</timestamp>
			</report>
			<report>
				<misses>543001</misses>
				<total>540319</total>
				<timestamp>40.054572</timestamp>
			</report>
			<report>
				<misses>544001</misses>
				<total>541318</total>
				<timestamp>40.126270</timestamp>
			</report>
			<report>
				<misses>545001</misses>
				<total>542317</total>
				<timestamp>40.201332</timestamp>
			</report>
			<report>
				<misses>546001</misses>
				<total>543316</total>
				<timestamp>40.271834</timestamp>
			</report>
			<report>
				<misses>547001</misses>
				<total>544315</total>
				<timestamp>40.346509</timestamp>
			</report>
			<report>
				<misses>548001</misses>
				<total>545314</total>
				<timestamp>40.422630</timestamp>
			</report>
			<report>
				<misses>549001</misses>
				<total>546313</total>
				<timestamp>40.496699</timestamp>
			</report>
			<report>
				<misses>550001</misses>
				<total>547312</total>
				<timestamp>40.575448</timestamp>
			</report>
			<report>
				<misses>551001</misses>
				<total>548311</total>
				<timestamp>40.649809</timestamp>
			</report>
			<report>
				<misses>552001</misses>
				<total>549310</total>
				<timestamp>40.719805</timestamp>
			</report>
			<report>
				<misses>553001</misses>
				<total>550309</total>
				<timestamp>40.789810</timestamp>
			</report>
			<report>
				<misses>554001</misses>
				<total>551308</total>
				<timestamp>40.860070</timestamp>
			</report>
			<report>
				<misses>555001</misses>
				<total>552307</total>
				<timestamp>40.930596</timestamp>
			</report>
			<report>
				<misses>556001</misses>
				<total>553306</total>
				<timestamp>41.002620</timestamp>
			</report>
			<report>
				<misses>557001</misses>
				<total>554305</total>
				<timestamp>41.074041</timestamp>
			</report>
			<report>
				<misses>558001</misses>
				<total>555304</total>
				<timestamp>41.150670</timestamp>
			</report>
			<report>
				<misses>559001</misses>
				<total>556303</total>
				<timestamp>41.223317</timestamp>
			</report>
			<report>
				<misses>560001</misses>
				<total>557302</total>
				<timestamp>41.293406</timestamp>
			</report>
			<report>
				<misses>561001</misses>
				<total>558301</total>
				<timestamp>41.366124</timestamp>
			</report>
			<report>
				<misses>562001</misses>
				<total>559300</total>
				<timestamp>41.440905</timestamp>
			</report>
			<report>
				<misses>563001</misses>
				<total>560299</total>
				<timestamp>41.517116</timestamp>
			</report>
			<report>
				<misses>564001</misses>
				<total>561298</total>
				<timestamp>41.587364</timestamp>
			</report>
			<report>
				<misses>565001</misses>
				<total>562297</total>
				<timestamp>41.657583</timestamp>
			</report>
			<report>
				<misses>566001</misses>
				<total>563296</total>
				<timestamp>41.727885</timestamp>
			</report>
			<report>
				<misses>567001</misses>
				<total>564295</total>
				<timestamp>41.797943</timestamp>
			</report>
			<report>
				<misses>568001</misses>
				<total>565294</total>
				<timestamp>41.868134</timestamp>
			</report>
			<report>
				<misses>569001</misses>
				<total>566293</total>
				<timestamp>41.938192</timestamp>
			</report>
			<report>
				<misses>570001</misses>
				<total>567265</total>
				<timestamp>42.012437</timestamp>
			</report>
			<report>
				<misses>571001</misses>
				<total>567279</total>
				<timestamp>42.084729</timestamp>
			</report>
			<report>
				<misses>572001</misses>
				<total>568239</total>
				<timestamp>42.158575</timestamp>
			</report>
			<report>
				<misses>573001</misses>
				<total>569238</total>
				<timestamp>42.234437</timestamp>
			</report>
			<report>
				<misses>574001</misses>
				<total>570237</total>
				<timestamp>42.307794</timestamp>
			</report>
			<report>
				<misses>575001</misses>
				<total>571236</total>
				<timestamp>42.381754</timestamp>
			</report>
			<report>
				<misses>576001</misses>
				<total>572235</total>
				<timestamp>42.456383</timestamp>
			</report>
			<report>
				<misses>577001</misses>
				<total>573130</total>
				<timestamp>42.530325</timestamp>
			</report>
			<report>
				<misses>578001</misses>
				<total>573576</total>
				<timestamp>42.601437</timestamp>
			</report>
			<report>
				<misses>579001</misses>
				<total>574575</total>
				<timestamp>42.672427</timestamp>
			</report>
			<report>
				<misses>580001</misses>
				<total>575574</total>
				<timestamp>42.747952</timestamp>
			</report>
			<report>
				<misses>581001</misses>
				<total>576573</total>
				<timestamp>42.818136</timestamp>
			</report>
			<report>
				<misses>582001</misses>
				<total>577572</total>
				<timestamp>42.888232</timestamp>
			</report>
			<report>
				<misses>583001</misses>
				<total>578571</total>
				<timestamp>42.958419</timestamp>
			</report>
			<report>
				<misses>584001</misses>
				<total>579570</total>
				<timestamp>43.028467</timestamp>
			</report>
			<report>
				<misses>585001</misses>
				<total>580569</total>
				<timestamp>43.098530</timestamp>
			</report>
			<report>
				<misses>586001</misses>
				<total>581568</total>
				<timestamp>43.168702</timestamp>
			</report>
			<report>
				<misses>587001</misses>
				<total>582567</total>
				<timestamp>43.238925</timestamp>
			</report>
			<report>
				<misses>588001</misses>
				<total>583566</total>
				<timestamp>43.309487</timestamp>
			</report>
			<report>
				<misses>589001</misses>
				<total>584565</total>
				<timestamp>43.382919</timestamp>
			</report>
			<report>
				<misses>590001</misses>
				<total>585564</total>
				<timestamp>43.453660</timestamp>
			</report>
			<report>
				<misses>591001</misses>
				<total>586563</total>
				<timestamp>43.527564</timestamp>
			</report>
			<report>
				<misses>592001</misses>
				<total>587562</total>
				<timestamp>43.604521</timestamp>
			</report>
			<report>
				<misses>593001</misses>
				<total>588561</total>
				<timestamp>43.674575</timestamp>
			</report>
			<report>
				<misses>594001</misses>
				<total>589560</total>
				<timestamp>43.747204</timestamp>
			</report>
			<report>
				<misses>595001</misses>
				<total>590559</total>
				<timestamp>43.823690</timestamp>
			</report>
			<report>
				<misses>596001</misses>
				<total>591558</total>
				<timestamp>43.899216</timestamp>
			</report>
			<report>
				<misses>597001</misses>
				<total>592557</total>
				<timestamp>43.969921</timestamp>
			</report>
			<report>
				<misses>598001</misses>
				<total>593556</total>
				<timestamp>44.045981</timestamp>
			</report>
			<report>
				<misses>599001</misses>
				<total>594555</total>
				<timestamp>44.116561</timestamp>
			</report>
			<report>
				<misses>600001</misses>
				<total>595554</total>
				<timestamp>44.187005</timestamp>
			</report>
			<report>
				<misses>601001</misses>
				<total>596553</total>
				<timestamp>44.257475</timestamp>
			</report>
			<report>
				<misses>602001</misses>
				<total>597552</total>
				<timestamp>44.335406</timestamp>
			</report>
			<report>
				<misses>603001</misses>
				<total>598551</total>
				<timestamp>44.407051</timestamp>
			</report>
			<report>
				<misses>604001</misses>
				<total>599550</total>
				<timestamp>44.477049</timestamp>
			</report>
			<report>
				<misses>605001</misses>
				<total>600549</total>
				<timestamp>44.547053</timestamp>
			</report>
			<report>
				<misses>606001</misses>
				<total>601548</total>
				<timestamp>44.617060</timestamp>
			</report>
			<report>
				<misses>607001</misses>
				<total>602547</total>
				<timestamp>44.690275</timestamp>
			</report>
			<report>
				<misses>608001</misses>
				<total>603546</total>
				<timestamp>44.760644</timestamp>
			</report>
			<report>
				<misses>609001</misses>
				<total>604545</total>
				<timestamp>44.831154</timestamp>
			</report>
			<report>
				<misses>610001</misses>
				<total>605544</total>
				<timestamp>44.901180</timestamp>
			</report>
			<report>
				<misses>611001</misses>
				<total>606543</total>
				<timestamp>44.973358</timestamp>
			</report>
			<report>
				<misses>612001</misses>
				<total>607542</total>
				<timestamp>45.053417</timestamp>
			</report>
			<report>
				<misses>613001</misses>
				<total>608541</total>
				<timestamp>45.137223</timestamp>
			</report>
			<report>
				<misses>614001</misses>
				<total>609540</total>
				<timestamp>45.209157</timestamp>
			</report>
			<report>
				<misses>615001</misses>
				<total>610539</total>
				<timestamp>45.280658</timestamp>
			</report>
			<report>
				<misses>616001</misses>
				<total>611538</total>
				<timestamp>45.350788</timestamp>
			</report>
			<report>
				<misses>617001</misses>
				<total>612537</total>
				<timestamp>45.421011</timestamp>
			</report>
			<report>
				<misses>618001</misses>
				<total>613536</total>
				<timestamp>45.496594</timestamp>
			</report>
			<report>
				<misses>619001</misses>
				<total>614535</total>
				<timestamp>45.568671</timestamp>
			</report>
			<report>
				<misses>620001</misses>
				<total>615534</total>
				<timestamp>45.644887</timestamp>
			</report>
			<report>
				<misses>621001</misses>
				<total>616533</total>
				<timestamp>45.723197</timestamp>
			</report>
			<report>
				<misses>622001</misses>
				<total>617532</total>
				<timestamp>45.797799</timestamp>
			</report>
			<report>
				<misses>623001</misses>
				<total>618531</total>
				<timestamp>45.871645</timestamp>
			</report>
			<report>
				<misses>624001</misses>
				<total>619530</total>
				<timestamp>45.945855</timestamp>
			</report>
			<report>
				<misses>625001</misses>
				<total>620529</total>
				<timestamp>46.016162</timestamp>
			</report>
			<report>
				<misses>626001</misses>
				<total>621528</total>
				<timestamp>46.086812</timestamp>
			</report>
			<report>
				<misses>627001</misses>
				<total>622527</total>
				<timestamp>46.161719</timestamp>
			</report>
			<report>
				<misses>628001</misses>
				<total>623526</total>
				<timestamp>46.231742</timestamp>
			</report>
			<report>
				<misses>629001</misses>
				<total>624525</total>
				<timestamp>46.304285</timestamp>
			</report>
			<report>
				<misses>630001</misses>
				<total>625524</total>
				<timestamp>46.374353</timestamp>
			</report>
			<report>
				<misses>631001</misses>
				<total>626523</total>
				<timestamp>46.448932</timestamp>
			</report>
			<report>
				<misses>632001</misses>
				<total>627522</total>
				<timestamp>46.524194</timestamp>
			</report>
			<report>
				<misses>633001</misses>
				<total>628521</total>
				<timestamp>46.599594</timestamp>
			</report>
			<report>
				<misses>634001</misses>
				<total>629520</total>
				<timestamp>46.683192</timestamp>
			</report>
			<report>
				<misses>635001</misses>
				<total>630519</total>
				<timestamp>46.759461</timestamp>
			</report>
			<report>
				<misses>636001</misses>
				<total>631518</total>
				<timestamp>46.829528</timestamp>
			</report>
			<report>
				<misses>637001</misses>
				<total>632517</total>
				<timestamp>46.899635</timestamp>
			</report>
			<report>
				<misses>638001</misses>
				<total>633516</total>
				<timestamp>46.977140</timestamp>
			</report>
			<report>
				<misses>639001</misses>
				<total>634515</total>
				<timestamp>47.047276</timestamp>
			</report>
			<report>
				<misses>640001</misses>
				<total>635514</total>
				<timestamp>47.118806</timestamp>
			</report>
			<report>
				<misses>641001</misses>
				<total>636513</total>
				<timestamp>47.188798</timestamp>
			</report>
			<report>
				<misses>642001</misses>
				<total>637512</total>
				<timestamp>47.264186</timestamp>
			</report>
			<report>
				<misses>643001</misses>
				<total>638511</total>
				<timestamp>47.334181</timestamp>
			</report>
			<report>
				<misses>644001</misses>
				<total>639510</total>
				<timestamp>47.404341</timestamp>
			</report>
			<report>
				<misses>645001</misses>
				<total>640509</total>
				<timestamp>47.480371</timestamp>
			</report>
			<report>
				<misses>646001</misses>
				<total>641508</total>
				<timestamp>47.551136</timestamp>
			</report>
			<report>
				<misses>647001</misses>
				<total>642507</total>
				<timestamp>47.621708</timestamp>
			</report>
			<report>
				<misses>648001</misses>
				<total>643506</total>
				<timestamp>47.692099</timestamp>
			</report>
			<report>
				<misses>649001</misses>
				<total>644505</total>
				<timestamp>47.762784</timestamp>
			</report>
			<report>
				<misses>650001</misses>
				<total>645504</total>
				<timestamp>47.833030</timestamp>
			</report>
			<report>
				<misses>651001</misses>
				<total>646503</total>
				<timestamp>47.907766</timestamp>
			</report>
			<report>
				<misses>652001</misses>
				<total>647502</total>
				<timestamp>47.980258</timestamp>
			</report>
			<report>
				<misses>653001</misses>
				<total>648501</total>
				<timestamp>48.055002</timestamp>
			</report>
			<report>
				<misses>654001</misses>
				<total>649500</total>
				<timestamp>48.128229</timestamp>
			</report>
			<report>
				<misses>655001</misses>
				<total>650499</total>
				<timestamp>48.198381</timestamp>
			</report>
			<report>
				<misses>656001</misses>
				<total>651498</total>
				<timestamp>48.268815</timestamp>
			</report>
			<report>
				<misses>657001</misses>
				<total>652497</total>
				<timestamp>48.341425</timestamp>
			</report>
			<report>
				<misses>658001</misses>
				<total>653496</total>
				<timestamp>48.417144</timestamp>
			</report>
			<report>
				<misses>659001</misses>
				<total>654495</total>
				<timestamp>48.487150</timestamp>
			</report>
			<report>
				<misses>660001</misses>
				<total>655494</total>
				<timestamp>48.557137</timestamp>
			</report>
			<report>
				<misses>661001</misses>
				<total>656493</total>
				<timestamp>48.635646</timestamp>
			</report>
			<report>
				<misses>662001</misses>
				<total>657492</total>
				<timestamp>48.706861</timestamp>
			</report>
			<report>
				<misses>663001</misses>
				<total>658491</total>
				<timestamp>48.781081</timestamp>
			</report>
			<report>
				<misses>664001</misses>
				<total>659490</total>
				<timestamp>48.854146</timestamp>
			</report>
			<report>
				<misses>665001</misses>
				<total>660489</total>
				<timestamp>48.928196</timestamp>
			</report>
			<report>
				<misses>666001</misses>
				<total>661488</total>
				<timestamp>48.998205</timestamp>
			</report>
			<report>
				<misses>667001</misses>
				<total>662487</total>
				<timestamp>49.068313</timestamp>
			</report>
			<report>
				<misses>668001</misses>
				<total>663486</total>
				<timestamp>49.138951</timestamp>
			</report>
			<report>
				<misses>669001</misses>
				<total>664485</total>
				<timestamp>49.216141</timestamp>
			</report>
			<report>
				<misses>670001</misses>
				<total>665484</total>
				<timestamp>49.286609</timestamp>
			</report>
			<report>
				<misses>671001</misses>
				<total>666483</total>
				<timestamp>49.359499</timestamp>
			</report>
			<report>
				<misses>672001</misses>
				<total>667482</total>
				<timestamp>49.429547</timestamp>
			</report>
			<report>
				<misses>673001</misses>
				<total>668481</total>
				<timestamp>49.499630</timestamp>
			</report>
			<report>
				<misses>674001</misses>
				<total>669480</total>
				<timestamp>49.569616</timestamp>
			</report>
			<report>
				<misses>675001</misses>
				<total>670479</total>
				<timestamp>49.639656</timestamp>
			</report>
			<report>
				<misses>676001</misses>
				<total>671478</total>
				<timestamp>49.710091</timestamp>
			</report>
			<report>
				<misses>677001</misses>
				<total>672477</total>
				<timestamp>49.780223</timestamp>
			</report>
			<report>
				<misses>678001</misses>
				<total>673476</total>
				<timestamp>49.853978</timestamp>
			</report>
			<report>
				<misses>679001</misses>
				<total>674475</total>
				<timestamp>49.926529</timestamp>
			</report>
			<report>
				<misses>680001</misses>
				<total>675474</total>
				<timestamp>49.998478</timestamp>
			</report>
			<report>
				<misses>681001</misses>
				<total>676473</total>
				<timestamp>50.076586</timestamp>
			</report>
			<report>
				<misses>682001</misses>
				<total>677472</total>
				<timestamp>50.149088</timestamp>
			</report>
			<report>
				<misses>683001</misses>
				<total>678471</total>
				<timestamp>50.222134</timestamp>
			</report>
			<report>
				<misses>684001</misses>
				<total>679470</total>
				<timestamp>50.297126</timestamp>
			</report>
			<report>
				<misses>685001</misses>
				<total>680469</total>
				<timestamp>50.374317</timestamp>
			</report>
			<report>
				<misses>686001</misses>
				<total>681468</total>
				<timestamp>50.444602</timestamp>
			</report>
			<report>
				<misses>687001</misses>
				<total>682467</total>
				<timestamp>50.519388</timestamp>
			</report>
			<report>
				<misses>688001</misses>
				<total>683466</total>
				<timestamp>50.589538</timestamp>
			</report>
			<report>
				<misses>689001</misses>
				<total>684465</total>
				<timestamp>50.665806</timestamp>
			</report>
			<report>
				<misses>690001</misses>
				<total>685464</total>
				<timestamp>50.741525</timestamp>
			</report>
			<report>
				<misses>691001</misses>
				<total>686463</total>
				<timestamp>50.811791</timestamp>
			</report>
			<report>
				<misses>692001</misses>
				<total>687462</total>
				<timestamp>50.886614</timestamp>
			</report>
			<report>
				<misses>693001</misses>
				<total>688461</total>
				<timestamp>50.961375</timestamp>
			</report>
			<report>
				<misses>694001</misses>
				<total>689460</total>
				<timestamp>51.040963</timestamp>
			</report>
			<report>
				<misses>695001</misses>
				<total>690459</total>
				<timestamp>51.120927</timestamp>
			</report>
			<report>
				<misses>696001</misses>
				<total>691458</total>
				<timestamp>51.191433</timestamp>
			</report>
			<report>
				<misses>697001</misses>
				<total>692457</total>
				<timestamp>51.266070</timestamp>
			</report>
			<report>
				<misses>698001</misses>
				<total>693456</total>
				<timestamp>51.353173</timestamp>
			</report>
			<report>
				<misses>699001</misses>
				<total>694455</total>
				<timestamp>51.424879</timestamp>
			</report>
			<report>
				<misses>700001</misses>
				<total>695454</total>
				<timestamp>51.495507</timestamp>
			</report>
			<report>
				<misses>701001</misses>
				<total>696453</total>
				<timestamp>51.578452</timestamp>
			</report>
			<report>
				<misses>702001</misses>
				<total>697452</total>
				<timestamp>51.661017</timestamp>
			</report>
			<report>
				<misses>703001</misses>
				<total>698451</total>
				<timestamp>51.743091</timestamp>
			</report>
			<report>
				<misses>704001</misses>
				<total>699450</total>
				<timestamp>51.814020</timestamp>
			</report>
			<report>
				<misses>705001</misses>
				<total>700449</total>
				<timestamp>51.884325</timestamp>
			</report>
			<report>
				<misses>706001</misses>
				<total>701448</total>
				<timestamp>51.958569</timestamp>
			</report>
			<report>
				<misses>707001</misses>
				<total>702447</total>
				<timestamp>52.029945</timestamp>
			</report>
			<report>
				<misses>708001</misses>
				<total>703446</total>
				<timestamp>52.115194</timestamp>
			</report>
			<report>
				<misses>709001</misses>
				<total>704445</total>
				<timestamp>52.207335</timestamp>
			</report>
			<report>
				<misses>710001</misses>
				<total>705444</total>
				<timestamp>52.284007</timestamp>
			</report>
			<report>
				<misses>711001</misses>
				<total>706443</total>
				<timestamp>52.367862</timestamp>
			</report>
			<report>
				<misses>712001</misses>
				<total>707442</total>
				<timestamp>52.438019</timestamp>
			</report>
			<report>
				<misses>713001</misses>
				<total>708441</total>
				<timestamp>52.512343</timestamp>
			</report>
			<report>
				<misses>714001</misses>
				<total>709440</total>
				<timestamp>52.582574</timestamp>
			</report>
			<report>
				<misses>715001</misses>
				<total>710439</total>
				<timestamp>52.658245</timestamp>
			</report>
			<report>
				<misses>716001</misses>
				<total>711438</total>
				<timestamp>52.732930</timestamp>
			</report>
			<report>
				<misses>717001</misses>
				<total>712437</total>
				<timestamp>52.805149</timestamp>
			</report>
			<report>
				<misses>718001</misses>
				<total>713436</total>
				<timestamp>52.876841</timestamp>
			</report>
			<report>
				<misses>719001</misses>
				<total>714435</total>
				<timestamp>52.952205</timestamp>
			</report>
			<report>
				<misses>720001</misses>
				<total>715434</total>
				<timestamp>53.025291</timestamp>
			</report>
			<report>
				<misses>721001</misses>
				<total>716433</total>
				<timestamp>53.105335</timestamp>
			</report>
			<report>
				<misses>722001</misses>
				<total>717432</total>
				<timestamp>53.182968</timestamp>
			</report>
			<report>
				<misses>723001</misses>
				<total>718431</total>
				<timestamp>53.260097</timestamp>
			</report>
			<report>
				<misses>724001</misses>
				<total>719430</total>
				<timestamp>53.334576</timestamp>
			</report>
			<report>
				<misses>725001</misses>
				<total>720429</total>
				<timestamp>53.404625</timestamp>
			</report>
			<report>
				<misses>726001</misses>
				<total>721428</total>
				<timestamp>53.474674</timestamp>
			</report>
			<report>
				<misses>727001</misses>
				<total>722427</total>
				<timestamp>53.549769</timestamp>
			</report>
			<report>
				<misses>728001</misses>
				<total>723426</total>
				<timestamp>53.629179</timestamp>
			</report>
			<report>
				<misses>729001</misses>
				<total>724425</total>
				<timestamp>53.703870</timestamp>
			</report>
			<report>
				<misses>730001</misses>
				<total>725424</total>
				<timestamp>53.786400</timestamp>
			</report>
			<report>
				<misses>731001</misses>
				<total>726423</total>
				<timestamp>53.858222</timestamp>
			</report>
			<report>
				<misses>732001</misses>
				<total>727422</total>
				<timestamp>53.936540</timestamp>
			</report>
			<report>
				<misses>733001</misses>
				<total>728421</total>
				<timestamp>54.007324</timestamp>
			</report>
			<report>
				<misses>734001</misses>
				<total>729420</total>
				<timestamp>54.082472</timestamp>
			</report>
			<report>
				<misses>735001</misses>
				<total>730419</total>
				<timestamp>54.152655</timestamp>
			</report>
			<report>
				<misses>736001</misses>
				<total>731418</total>
				<timestamp>54.229292</timestamp>
			</report>
			<report>
				<misses>737001</misses>
				<total>732417</total>
				<timestamp>54.300060</timestamp>
			</report>
			<report>
				<misses>738001</misses>
				<total>733416</total>
				<timestamp>54.375109</timestamp>
			</report>
			<report>
				<misses>739001</misses>
				<total>734415</total>
				<timestamp>54.448039</timestamp>
			</report>
			<report>
				<misses>740001</misses>
				<total>735414</total>
				<timestamp>54.520386</timestamp>
			</report>
			<report>
				<misses>741001</misses>
				<total>736413</total>
				<timestamp>54.596461</timestamp>
			</report>
			<report>
				<misses>742001</misses>
				<total>737412</total>
				<timestamp>54.672474</timestamp>
			</report>
			<report>
				<misses>743001</misses>
				<total>738411</total>
				<timestamp>54.748082</timestamp>
			</report>
			<report>
				<misses>744001</misses>
				<total>739410</total>
				<timestamp>54.819101</timestamp>
			</report>
			<report>
				<misses>745001</misses>
				<total>740409</total>
				<timestamp>54.893572</timestamp>
			</report>
			<report>
				<misses>746001</misses>
				<total>741408</total>
				<timestamp>54.968845</timestamp>
			</report>
			<report>
				<misses>747001</misses>
				<total>742407</total>
				<timestamp>55.048114</timestamp>
			</report>
			<report>
				<misses>748001</misses>
				<total>743406</total>
				<timestamp>55.129751</timestamp>
			</report>
			<report>
				<misses>749001</misses>
				<total>744405</total>
				<timestamp>55.209229</timestamp>
			</report>
			<report>
				<misses>750001</misses>
				<total>745404</total>
				<timestamp>55.282066</timestamp>
			</report>
			<report>
				<misses>751001</misses>
				<total>746403</total>
				<timestamp>55.352873</timestamp>
			</report>
			<report>
				<misses>752001</misses>
				<total>747402</total>
				<timestamp>55.425910</timestamp>
			</report>
			<report>
				<misses>753001</misses>
				<total>748401</total>
				<timestamp>55.503066</timestamp>
			</report>
			<report>
				<misses>754001</misses>
				<total>749400</total>
				<timestamp>55.580115</timestamp>
			</report>
			<report>
				<misses>755001</misses>
				<total>750399</total>
				<timestamp>55.657901</timestamp>
			</report>
			<report>
				<misses>756001</misses>
				<total>751398</total>
				<timestamp>55.728068</timestamp>
			</report>
			<report>
				<misses>757001</misses>
				<total>752397</total>
				<timestamp>55.804685</timestamp>
			</report>
			<report>
				<misses>758001</misses>
				<total>753396</total>
				<timestamp>55.880215</timestamp>
			</report>
			<report>
				<misses>759001</misses>
				<total>754395</total>
				<timestamp>55.952826</timestamp>
			</report>
			<report>
				<misses>760001</misses>
				<total>755394</total>
				<timestamp>56.027693</timestamp>
			</report>
			<report>
				<misses>761001</misses>
				<total>756393</total>
				<timestamp>56.105085</timestamp>
			</report>
			<report>
				<misses>762001</misses>
				<total>757392</total>
				<timestamp>56.179938</timestamp>
			</report>
			<report>
				<misses>763001</misses>
				<total>758391</total>
				<timestamp>56.257637</timestamp>
			</report>
			<report>
				<misses>764001</misses>
				<total>759390</total>
				<timestamp>56.327744</timestamp>
			</report>
			<report>
				<misses>765001</misses>
				<total>760389</total>
				<timestamp>56.399462</timestamp>
			</report>
			<report>
				<misses>766001</misses>
				<total>761388</total>
				<timestamp>56.470270</timestamp>
			</report>
			<report>
				<misses>767001</misses>
				<total>762387</total>
				<timestamp>56.552970</timestamp>
			</report>
			<report>
				<misses>768001</misses>
				<total>763386</total>
				<timestamp>56.623413</timestamp>
			</report>
			<report>
				<misses>769001</misses>
				<total>764385</total>
				<timestamp>56.696163</timestamp>
			</report>
			<report>
				<misses>770001</misses>
				<total>765384</total>
				<timestamp>56.773182</timestamp>
			</report>
			<report>
				<misses>771001</misses>
				<total>766383</total>
				<timestamp>56.851964</timestamp>
			</report>
			<report>
				<misses>772001</misses>
				<total>767382</total>
				<timestamp>56.931734</timestamp>
			</report>
			<report>
				<misses>773001</misses>
				<total>768381</total>
				<timestamp>57.003559</timestamp>
			</report>
			<report>
				<misses>774001</misses>
				<total>769380</total>
				<timestamp>57.081328</timestamp>
			</report>
			<report>
				<misses>775001</misses>
				<total>770379</total>
				<timestamp>57.155423</timestamp>
			</report>
			<report>
				<misses>776001</misses>
				<total>771378</total>
				<timestamp>57.229139</timestamp>
			</report>
			<report>
				<misses>777001</misses>
				<total>772377</total>
				<timestamp>57.300328</timestamp>
			</report>
			<report>
				<misses>778001</misses>
				<total>773376</total>
				<timestamp>57.380108</timestamp>
			</report>
			<report>
				<misses>779001</misses>
				<total>774375</total>
				<timestamp>57.450182</timestamp>
			</report>
			<report>
				<misses>780001</misses>
				<total>775374</total>
				<timestamp>57.527067</timestamp>
			</report>
			<report>
				<misses>781001</misses>
				<total>776373</total>
				<timestamp>57.597095</timestamp>
			</report>
			<report>
				<misses>782001</misses>
				<total>777372</total>
				<timestamp>57.671242</timestamp>
			</report>
			<report>
				<misses>783001</misses>
				<total>778371</total>
				<timestamp>57.748597</timestamp>
			</report>
			<report>
				<misses>784001</misses>
				<total>779370</total>
				<timestamp>57.819709</timestamp>
			</report>
			<report>
				<misses>785001</misses>
				<total>780369</total>
				<timestamp>57.893141</timestamp>
			</report>
			<report>
				<misses>786001</misses>
				<total>781368</total>
				<timestamp>57.971016</timestamp>
			</report>
			<report>
				<misses>787001</misses>
				<total>782367</total>
				<timestamp>58.041035</timestamp>
			</report>
			<report>
				<misses>788001</misses>
				<total>783366</total>
				<timestamp>58.115755</timestamp>
			</report>
			<report>
				<misses>789001</misses>
				<total>784365</total>
				<timestamp>58.186736</timestamp>
			</report>
			<report>
				<misses>790001</misses>
				<total>785364</total>
				<timestamp>58.263583</timestamp>
			</report>
			<report>
				<misses>791001</misses>
				<total>786363</total>
				<timestamp>58.340999</timestamp>
			</report>
			<report>
				<misses>792001</misses>
				<total>787362</total>
				<timestamp>58.417753</timestamp>
			</report>
			<report>
				<misses>793001</misses>
				<total>788361</total>
				<timestamp>58.487864</timestamp>
			</report>
			<report>
				<misses>794001</misses>
				<total>789360</total>
				<timestamp>58.557929</timestamp>
			</report>
			<report>
				<misses>795001</misses>
				<total>790359</total>
				<timestamp>58.629618</timestamp>
			</report>
			<report>
				<misses>796001</misses>
				<total>791358</total>
				<timestamp>58.699670</timestamp>
			</report>
			<report>
				<misses>797001</misses>
				<total>792357</total>
				<timestamp>58.772255</timestamp>
			</report>
			<report>
				<misses>798001</misses>
				<total>793356</total>
				<timestamp>58.844370</timestamp>
			</report>
			<report>
				<misses>799001</misses>
				<total>794355</total>
				<timestamp>58.935487</timestamp>
			</report>
			<report>
				<misses>800001</misses>
				<total>795354</total>
				<timestamp>59.015782</timestamp>
			</report>
			<report>
				<misses>801001</misses>
				<total>796353</total>
				<timestamp>59.093546</timestamp>
			</report>
			<report>
				<misses>802001</misses>
				<total>797352</total>
				<timestamp>59.165330</timestamp>
			</report>
			<report>
				<misses>803001</misses>
				<total>798351</total>
				<timestamp>59.241277</timestamp>
			</report>
			<report>
				<misses>804001</misses>
				<total>799350</total>
				<timestamp>59.311662</timestamp>
			</report>
			<report>
				<misses>805001</misses>
				<total>800349</total>
				<timestamp>59.381927</timestamp>
			</report>
			<report>
				<misses>806001</misses>
				<total>801348</total>
				<timestamp>59.455631</timestamp>
			</report>
			<report>
				<misses>807001</misses>
				<total>802347</total>
				<timestamp>59.530051</timestamp>
			</report>
			<report>
				<misses>808001</misses>
				<total>803346</total>
				<timestamp>59.601167</timestamp>
			</report>
			<report>
				<misses>809001</misses>
				<total>804345</total>
				<timestamp>59.678541</timestamp>
			</report>
			<report>
				<misses>810001</misses>
				<total>805344</total>
				<timestamp>59.752350</timestamp>
			</report>
			<report>
				<misses>811001</misses>
				<total>806343</total>
				<timestamp>59.828699</timestamp>
			</report>
			<report>
				<misses>812001</misses>
				<total>807342</total>
				<timestamp>59.903351</timestamp>
			</report>
			<report>
				<misses>813001</misses>
				<total>808341</total>
				<timestamp>59.981904</timestamp>
			</report>
			<report>
				<misses>814001</misses>
				<total>809340</total>
				<timestamp>60.065690</timestamp>
			</report>
			<report>
				<misses>815001</misses>
				<total>810339</total>
				<timestamp>60.136968</timestamp>
			</report>
			<report>
				<misses>816001</misses>
				<total>811338</total>
				<timestamp>60.207883</timestamp>
			</report>
			<report>
				<misses>817001</misses>
				<total>812337</total>
				<timestamp>60.281778</timestamp>
			</report>
			<report>
				<misses>818001</misses>
				<total>813336</total>
				<timestamp>60.364287</timestamp>
			</report>
			<report>
				<misses>819001</misses>
				<total>814335</total>
				<timestamp>60.442950</timestamp>
			</report>
			<report>
				<misses>820001</misses>
				<total>815334</total>
				<timestamp>60.521110</timestamp>
			</report>
			<report>
				<misses>821001</misses>
				<total>816333</total>
				<timestamp>60.591121</timestamp>
			</report>
			<report>
				<misses>822001</misses>
				<total>817332</total>
				<timestamp>60.664915</timestamp>
			</report>
			<report>
				<misses>823001</misses>
				<total>818331</total>
				<timestamp>60.736833</timestamp>
			</report>
			<report>
				<misses>824001</misses>
				<total>819330</total>
				<timestamp>60.808464</timestamp>
			</report>
			<report>
				<misses>825001</misses>
				<total>820329</total>
				<timestamp>60.878521</timestamp>
			</report>
			<report>
				<misses>826001</misses>
				<total>821328</total>
				<timestamp>60.952124</timestamp>
			</report>
			<report>
				<misses>827001</misses>
				<total>822327</total>
				<timestamp>61.027493</timestamp>
			</report>
			<report>
				<misses>828001</misses>
				<total>823326</total>
				<timestamp>61.100768</timestamp>
			</report>
			<report>
				<misses>829001</misses>
				<total>824325</total>
				<timestamp>61.173560</timestamp>
			</report>
			<report>
				<misses>830001</misses>
				<total>825324</total>
				<timestamp>61.246123</timestamp>
			</report>
			<report>
				<misses>831001</misses>
				<total>826323</total>
				<timestamp>61.324327</timestamp>
			</report>
			<report>
				<misses>832001</misses>
				<total>827322</total>
				<timestamp>61.399392</timestamp>
			</report>
			<report>
				<misses>833001</misses>
				<total>828321</total>
				<timestamp>61.469488</timestamp>
			</report>
			<report>
				<misses>834001</misses>
				<total>829320</total>
				<timestamp>61.542167</timestamp>
			</report>
			<report>
				<misses>835001</misses>
				<total>830319</total>
				<timestamp>61.612217</timestamp>
			</report>
			<report>
				<misses>836001</misses>
				<total>831318</total>
				<timestamp>61.682294</timestamp>
			</report>
			<report>
				<misses>837001</misses>
				<total>832317</total>
				<timestamp>61.754533</timestamp>
			</report>
			<report>
				<misses>838001</misses>
				<total>833316</total>
				<timestamp>61.827700</timestamp>
			</report>
			<report>
				<misses>839001</misses>
				<total>834315</total>
				<timestamp>61.899212</timestamp>
			</report>
			<report>
				<misses>840001</misses>
				<total>835314</total>
				<timestamp>61.969216</timestamp>
			</report>
			<report>
				<misses>841001</misses>
				<total>836313</total>
				<timestamp>62.039251</timestamp>
			</report>
			<report>
				<misses>842001</misses>
				<total>837312</total>
				<timestamp>62.111502</timestamp>
			</report>
			<report>
				<misses>843001</misses>
				<total>838311</total>
				<timestamp>62.184172</timestamp>
			</report>
			<report>
				<misses>844001</misses>
				<total>839310</total>
				<timestamp>62.264699</timestamp>
			</report>
			<report>
				<misses>845001</misses>
				<total>840309</total>
				<timestamp>62.338235</timestamp>
			</report>
			<report>
				<misses>846001</misses>
				<total>841308</total>
				<timestamp>62.412731</timestamp>
			</report>
			<report>
				<misses>847001</misses>
				<total>842307</total>
				<timestamp>62.483931</timestamp>
			</report>
			<report>
				<misses>848001</misses>
				<total>843306</total>
				<timestamp>62.555883</timestamp>
			</report>
			<report>
				<misses>849001</misses>
				<total>844305</total>
				<timestamp>62.627625</timestamp>
			</report>
			<report>
				<misses>850001</misses>
				<total>845304</total>
				<timestamp>62.701952</timestamp>
			</report>
			<report>
				<misses>851001</misses>
				<total>846303</total>
				<timestamp>62.771994</timestamp>
			</report>
			<report>
				<misses>852001</misses>
				<total>847302</total>
				<timestamp>62.844263</timestamp>
			</report>
			<report>
				<misses>853001</misses>
				<total>848301</total>
				<timestamp>62.919131</timestamp>
			</report>
			<report>
				<misses>854001</misses>
				<total>849300</total>
				<timestamp>62.996811</timestamp>
			</report>
			<report>
				<misses>855001</misses>
				<total>850299</total>
				<timestamp>63.075668</timestamp>
			</report>
			<report>
				<misses>856001</misses>
				<total>851298</total>
				<timestamp>63.145877</timestamp>
			</report>
			<report>
				<misses>857001</misses>
				<total>852297</total>
				<timestamp>63.229915</timestamp>
			</report>
			<report>
				<misses>858001</misses>
				<total>853296</total>
				<timestamp>63.313614</timestamp>
			</report>
			<report>
				<misses>859001</misses>
				<total>854295</total>
				<timestamp>63.391469</timestamp>
			</report>
			<report>
				<misses>860001</misses>
				<total>855294</total>
				<timestamp>63.465495</timestamp>
			</report>
			<report>
				<misses>861001</misses>
				<total>856293</total>
				<timestamp>63.535675</timestamp>
			</report>
			<report>
				<misses>862001</misses>
				<total>857292</total>
				<timestamp>63.609661</timestamp>
			</report>
			<report>
				<misses>863001</misses>
				<total>858291</total>
				<timestamp>63.685305</timestamp>
			</report>
			<report>
				<misses>864001</misses>
				<total>859290</total>
				<timestamp>63.762205</timestamp>
			</report>
			<report>
				<misses>865001</misses>
				<total>860289</total>
				<timestamp>63.832199</timestamp>
			</report>
			<report>
				<misses>866001</misses>
				<total>861288</total>
				<timestamp>63.906282</timestamp>
			</report>
			<report>
				<misses>867001</misses>
				<total>862287</total>
				<timestamp>63.976481</timestamp>
			</report>
			<report>
				<misses>868001</misses>
				<total>863286</total>
				<timestamp>64.053166</timestamp>
			</report>
			<report>
				<misses>869001</misses>
				<total>864285</total>
				<timestamp>64.124092</timestamp>
			</report>
			<report>
				<misses>870001</misses>
				<total>865284</total>
				<timestamp>64.194224</timestamp>
			</report>
			<report>
				<misses>871001</misses>
				<total>866283</total>
				<timestamp>64.264244</timestamp>
			</report>
			<report>
				<misses>872001</misses>
				<total>867282</total>
				<timestamp>64.334293</timestamp>
			</report>
			<report>
				<misses>873001</misses>
				<total>868281</total>
				<timestamp>64.406296</timestamp>
			</report>
			<report>
				<misses>874001</misses>
				<total>869280</total>
				<timestamp>64.476445</timestamp>
			</report>
			<report>
				<misses>875001</misses>
				<total>870279</total>
				<timestamp>64.546498</timestamp>
			</report>
			<report>
				<misses>876001</misses>
				<total>871278</total>
				<timestamp>64.620217</timestamp>
			</report>
			<report>
				<misses>877001</misses>
				<total>872277</total>
				<timestamp>64.693475</timestamp>
			</report>
			<report>
				<misses>878001</misses>
				<total>873276</total>
				<timestamp>64.763519</timestamp>
			</report>
			<report>
				<misses>879001</misses>
				<total>874275</total>
				<timestamp>64.834981</timestamp>
			</report>
			<report>
				<misses>880001</misses>
				<total>875274</total>
				<timestamp>64.907447</timestamp>
			</report>
			<report>
				<misses>881001</misses>
				<total>876273</total>
				<timestamp>64.983643</timestamp>
			</report>
			<report>
				<misses>882001</misses>
				<total>877272</total>
				<timestamp>65.060352</timestamp>
			</report>
			<report>
				<misses>883001</misses>
				<total>878271</total>
				<timestamp>65.131984</timestamp>
			</report>
			<report>
				<misses>884001</misses>
				<total>879270</total>
				<timestamp>65.203225</timestamp>
			</report>
			<report>
				<misses>885001</misses>
				<total>880269</total>
				<timestamp>65.274291</timestamp>
			</report>
			<report>
				<misses>886001</misses>
				<total>881268</total>
				<timestamp>65.344289</timestamp>
			</report>
			<report>
				<misses>887001</misses>
				<total>882267</total>
				<timestamp>65.414582</timestamp>
			</report>
			<report>
				<misses>888001</misses>
				<total>883266</total>
				<timestamp>65.484891</timestamp>
			</report>
			<report>
				<misses>889001</misses>
				<total>884265</total>
				<timestamp>65.557269</timestamp>
			</report>
			<report>
				<misses>890001</misses>
				<total>885264</total>
				<timestamp>65.627677</timestamp>
			</report>
			<report>
				<misses>891001</misses>
				<total>886263</total>
				<timestamp>65.697748</timestamp>
			</report>
			<report>
				<misses>892001</misses>
				<total>887262</total>
				<timestamp>65.770949</timestamp>
			</report>
			<report>
				<misses>893001</misses>
				<total>888261</total>
				<timestamp>65.841684</timestamp>
			</report>
			<report>
				<misses>894001</misses>
				<total>889260</total>
				<timestamp>65.919601</timestamp>
			</report>
			<report>
				<misses>895001</misses>
				<total>890259</total>
				<timestamp>65.993054</timestamp>
			</report>
			<report>
				<misses>896001</misses>
				<total>891258</total>
				<timestamp>66.065103</timestamp>
			</report>
			<report>
				<misses>897001</misses>
				<total>892257</total>
				<timestamp>66.139696</timestamp>
			</report>
			<report>
				<misses>898001</misses>
				<total>893256</total>
				<timestamp>66.217842</timestamp>
			</report>
			<report>
				<misses>899001</misses>
				<total>894255</total>
				<timestamp>66.289652</timestamp>
			</report>
			<report>
				<misses>900001</misses>
				<total>895254</total>
				<timestamp>66.360694</timestamp>
			</report>
			<report>
				<misses>901001</misses>
				<total>896253</total>
				<timestamp>66.431576</timestamp>
			</report>
			<report>
				<misses>902001</misses>
				<total>897252</total>
				<timestamp>66.509584</timestamp>
			</report>
			<report>
				<misses>903001</misses>
				<total>898251</total>
				<timestamp>66.587180</timestamp>
			</report>
			<report>
				<misses>904001</misses>
				<total>899250</total>
				<timestamp>66.658851</timestamp>
			</report>
			<report>
				<misses>905001</misses>
				<total>900249</total>
				<timestamp>66.735756</timestamp>
			</report>
			<report>
				<misses>906001</misses>
				<total>901248</total>
				<timestamp>66.813545</timestamp>
			</report>
			<report>
				<misses>907001</misses>
				<total>902247</total>
				<timestamp>66.885198</timestamp>
			</report>
			<report>
				<misses>908001</misses>
				<total>903246</total>
				<timestamp>66.958683</timestamp>
			</report>
			<report>
				<misses>909001</misses>
				<total>904245</total>
				<timestamp>67.040882</timestamp>
			</report>
			<report>
				<misses>910001</misses>
				<total>905244</total>
				<timestamp>67.120487</timestamp>
			</report>
			<report>
				<misses>911001</misses>
				<total>906243</total>
				<timestamp>67.198245</timestamp>
			</report>
			<report>
				<misses>912001</misses>
				<total>907242</total>
				<timestamp>67.268979</timestamp>
			</report>
			<report>
				<misses>913001</misses>
				<total>908241</total>
				<timestamp>67.342073</timestamp>
			</report>
			<report>
				<misses>914001</misses>
				<total>909240</total>
				<timestamp>67.414737</timestamp>
			</report>
			<report>
				<misses>915001</misses>
				<total>910239</total>
				<timestamp>67.490125</timestamp>
			</report>
			<report>
				<misses>916001</misses>
				<total>911238</total>
				<timestamp>67.563308</timestamp>
			</report>
			<report>
				<misses>917001</misses>
				<total>912237</total>
				<timestamp>67.638192</timestamp>
			</report>
			<report>
				<misses>918001</misses>
				<total>913236</total>
				<timestamp>67.712929</timestamp>
			</report>
			<report>
				<misses>919001</misses>
				<total>914235</total>
				<timestamp>67.794053</timestamp>
			</report>
			<report>
				<misses>920001</misses>
				<total>915234</total>
				<timestamp>67.868764</timestamp>
			</report>
			<report>
				<misses>921001</misses>
				<total>916233</total>
				<timestamp>67.938771</timestamp>
			</report>
			<report>
				<misses>922001</misses>
				<total>917232</total>
				<timestamp>68.014661</timestamp>
			</report>
			<report>
				<misses>923001</misses>
				<total>918231</total>
				<timestamp>68.094958</timestamp>
			</report>
			<report>
				<misses>924001</misses>
				<total>919230</total>
				<timestamp>68.173401</timestamp>
			</report>
			<report>
				<misses>925001</misses>
				<total>920229</total>
				<timestamp>68.245587</timestamp>
			</report>
			<report>
				<misses>926001</misses>
				<total>921228</total>
				<timestamp>68.317559</timestamp>
			</report>
			<report>
				<misses>927001</misses>
				<total>922227</total>
				<timestamp>68.396820</timestamp>
			</report>
			<report>
				<misses>928001</misses>
				<total>923226</total>
				<timestamp>68.469161</timestamp>
			</report>
			<report>
				<misses>929001</misses>
				<total>924225</total>
				<timestamp>68.541062</timestamp>
			</report>
			<report>
				<misses>930001</misses>
				<total>925224</total>
				<timestamp>68.611377</timestamp>
			</report>
			<report>
				<misses>931001</misses>
				<total>926223</total>
				<timestamp>68.684128</timestamp>
			</report>
			<report>
				<misses>932001</misses>
				<total>927222</total>
				<timestamp>68.754212</timestamp>
			</report>
			<report>
				<misses>933001</misses>
				<total>928221</total>
				<timestamp>68.829597</timestamp>
			</report>
			<report>
				<misses>934001</misses>
				<total>929220</total>
				<timestamp>68.905489</timestamp>
			</report>
			<report>
				<misses>935001</misses>
				<total>930219</total>
				<timestamp>68.981907</timestamp>
			</report>
			<report>
				<misses>936001</misses>
				<total>931218</total>
				<timestamp>69.056133</timestamp>
			</report>
			<report>
				<misses>937001</misses>
				<total>932217</total>
				<timestamp>69.131923</timestamp>
			</report>
			<report>
				<misses>938001</misses>
				<total>933216</total>
				<timestamp>69.206642</timestamp>
			</report>
			<report>
				<misses>939001</misses>
				<total>934215</total>
				<timestamp>69.280428</timestamp>
			</report>
			<report>
				<misses>940001</misses>
				<total>935214</total>
				<timestamp>69.355850</timestamp>
			</report>
			<report>
				<misses>941001</misses>
				<total>936213</total>
				<timestamp>69.430945</timestamp>
			</report>
			<report>
				<misses>942001</misses>
				<total>937212</total>
				<timestamp>69.511749</timestamp>
			</report>
			<report>
				<misses>943001</misses>
				<total>938211</total>
				<timestamp>69.592546</timestamp>
			</report>
			<report>
				<misses>944001</misses>
				<total>939210</total>
				<timestamp>69.669793</timestamp>
			</report>
			<report>
				<misses>945001</misses>
				<total>940209</total>
				<timestamp>69.742077</timestamp>
			</report>
			<report>
				<misses>946001</misses>
				<total>941208</total>
				<timestamp>69.821105</timestamp>
			</report>
			<report>
				<misses>947001</misses>
				<total>942207</total>
				<timestamp>69.891537</timestamp>
			</report>
			<report>
				<misses>948001</misses>
				<total>943206</total>
				<timestamp>69.961664</timestamp>
			</report>
			<report>
				<misses>949001</misses>
				<total>944205</total>
				<timestamp>70.034128</timestamp>
			</report>
			<report>
				<misses>950001</misses>
				<total>945204</total>
				<timestamp>70.108250</timestamp>
			</report>
			<report>
				<misses>951001</misses>
				<total>946203</total>
				<timestamp>70.183587</timestamp>
			</report>
			<report>
				<misses>952001</misses>
				<total>947202</total>
				<timestamp>70.255105</timestamp>
			</report>
			<report>
				<misses>953001</misses>
				<total>948201</total>
				<timestamp>70.325119</timestamp>
			</report>
			<report>
				<misses>954001</misses>
				<total>949200</total>
				<timestamp>70.396973</timestamp>
			</report>
			<report>
				<misses>955001</misses>
				<total>950199</total>
				<timestamp>70.478258</timestamp>
			</report>
			<report>
				<misses>956001</misses>
				<total>951198</total>
				<timestamp>70.554152</timestamp>
			</report>
			<report>
				<misses>957001</misses>
				<total>952197</total>
				<timestamp>70.624557</timestamp>
			</report>
			<report>
				<misses>958001</misses>
				<total>953196</total>
				<timestamp>70.696075</timestamp>
			</report>
			<report>
				<misses>959001</misses>
				<total>954195</total>
				<timestamp>70.771999</timestamp>
			</report>
			<report>
				<misses>960001</misses>
				<total>955194</total>
				<timestamp>70.844548</timestamp>
			</report>
			<report>
				<misses>961001</misses>
				<total>956193</total>
				<timestamp>70.923736</timestamp>
			</report>
			<report>
				<misses>962001</misses>
				<total>957192</total>
				<timestamp>70.997208</timestamp>
			</report>
			<report>
				<misses>963001</misses>
				<total>958191</total>
				<timestamp>71.069715</timestamp>
			</report>
			<report>
				<misses>964001</misses>
				<total>959190</total>
				<timestamp>71.143194</timestamp>
			</report>
			<report>
				<misses>965001</misses>
				<total>960189</total>
				<timestamp>71.214485</timestamp>
			</report>
			<report>
				<misses>966001</misses>
				<total>961188</total>
				<timestamp>71.284767</timestamp>
			</report>
			<report>
				<misses>967001</misses>
				<total>962187</total>
				<timestamp>71.354819</timestamp>
			</report>
			<report>
				<misses>968001</misses>
				<total>963186</total>
				<timestamp>71.424967</timestamp>
			</report>
			<report>
				<misses>969001</misses>
				<total>964185</total>
				<timestamp>71.498652</timestamp>
			</report>
			<report>
				<misses>970001</misses>
				<total>965184</total>
				<timestamp>71.572135</timestamp>
			</report>
			<report>
				<misses>971001</misses>
				<total>966183</total>
				<timestamp>71.642233</timestamp>
			</report>
			<report>
				<misses>972001</misses>
				<total>967182</total>
				<timestamp>71.712410</timestamp>
			</report>
			<report>
				<misses>973001</misses>
				<total>968181</total>
				<timestamp>71.782617</timestamp>
			</report>
			<report>
				<misses>974001</misses>
				<total>969180</total>
				<timestamp>71.855097</timestamp>
			</report>
			<report>
				<misses>975001</misses>
				<total>970179</total>
				<timestamp>71.927808</timestamp>
			</report>
			<report>
				<misses>976001</misses>
				<total>971178</total>
				<timestamp>72.000107</timestamp>
			</report>
			<report>
				<misses>977001</misses>
				<total>972177</total>
				<timestamp>72.076823</timestamp>
			</report>
			<report>
				<misses>978001</misses>
				<total>973176</total>
				<timestamp>72.150816</timestamp>
			</report>
			<report>
				<misses>979001</misses>
				<total>974067</total>
				<timestamp>72.226026</timestamp>
			</report>
			<report>
				<misses>980001</misses>
				<total>974245</total>
				<timestamp>72.303410</timestamp>
			</report>
			<report>
				<misses>981001</misses>
				<total>975244</total>
				<timestamp>72.380954</timestamp>
			</report>
			<report>
				<misses>982001</misses>
				<total>976243</total>
				<timestamp>72.455432</timestamp>
			</report>
			<report>
				<misses>983001</misses>
				<total>977242</total>
				<timestamp>72.531387</timestamp>
			</report>
			<report>
				<misses>984001</misses>
				<total>978241</total>
				<timestamp>72.605388</timestamp>
			</report>
			<report>
				<misses>985001</misses>
				<total>979240</total>
				<timestamp>72.678749</timestamp>
			</report>
			<report>
				<misses>986001</misses>
				<total>979944</total>
				<timestamp>72.750927</timestamp>
			</report>
			<report>
				<misses>987001</misses>
				<total>979943</total>
				<timestamp>72.830319</timestamp>
			</report>
			<report>
				<misses>988001</misses>
				<total>980105</total>
				<timestamp>72.908950</timestamp>
			</report>
			<report>
				<misses>989001</misses>
				<total>981104</total>
				<timestamp>72.982690</timestamp>
			</report>
			<report>
				<misses>990001</misses>
				<total>982103</total>
				<timestamp>73.056617</timestamp>
			</report>
			<report>
				<misses>991001</misses>
				<total>983102</total>
				<timestamp>73.136432</timestamp>
			</report>
			<report>
				<misses>992001</misses>
				<total>984101</total>
				<timestamp>73.206543</timestamp>
			</report>
			<report>
				<misses>993001</misses>
				<total>985100</total>
				<timestamp>73.278948</timestamp>
			</report>
			<report>
				<misses>994001</misses>
				<total>986099</total>
				<timestamp>73.353351</timestamp>
			</report>
			<report>
				<misses>995001</misses>
				<total>987098</total>
				<timestamp>73.427972</timestamp>
			</report>
			<report>
				<misses>996001</misses>
				<total>988097</total>
				<timestamp>73.509983</timestamp>
			</report>
			<report>
				<misses>997001</misses>
				<total>989096</total>
				<timestamp>73.587851</timestamp>
			</report>
			<report>
				<misses>998001</misses>
				<total>990095</total>
				<timestamp>73.658434</timestamp>
			</report>
			<report>
				<misses>999001</misses>
				<total>991094</total>
				<timestamp>73.732657</timestamp>
			</report>
			<report>
				<misses>1000001</misses>
				<total>992093</total>
				<timestamp>73.816132</timestamp>
			</report>
			<report>
				<misses>1001001</misses>
				<total>993092</total>
				<timestamp>73.887943</timestamp>
			</report>
			<report>
				<misses>1002001</misses>
				<total>994091</total>
				<timestamp>73.964787</timestamp>
			</report>
			<report>
				<misses>1003001</misses>
				<total>995090</total>
				<timestamp>74.035756</timestamp>
			</report>
			<report>
				<misses>1004001</misses>
				<total>996089</total>
				<timestamp>74.110622</timestamp>
			</report>
			<report>
				<misses>1005001</misses>
				<total>997088</total>
				<timestamp>74.182830</timestamp>
			</report>
			<report>
				<misses>1006001</misses>
				<total>998087</total>
				<timestamp>74.253415</timestamp>
			</report>
			<report>
				<misses>1007001</misses>
				<total>999086</total>
				<timestamp>74.323643</timestamp>
			</report>
			<report>
				<misses>1008001</misses>
				<total>1000085</total>
				<timestamp>74.397222</timestamp>
			</report>
			<report>
				<misses>1009001</misses>
				<total>1001084</total>
				<timestamp>74.472410</timestamp>
			</report>
			<report>
				<misses>1010001</misses>
				<total>1002083</total>
				<timestamp>74.543121</timestamp>
			</report>
			<report>
				<misses>1011001</misses>
				<total>1003082</total>
				<timestamp>74.616080</timestamp>
			</report>
			<report>
				<misses>1012001</misses>
				<total>1004081</total>
				<timestamp>74.688847</timestamp>
			</report>
			<report>
				<misses>1013001</misses>
				<total>1005080</total>
				<timestamp>74.764376</timestamp>
			</report>
			<report>
				<misses>1014001</misses>
				<total>1006079</total>
				<timestamp>74.834843</timestamp>
			</report>
			<report>
				<misses>1015001</misses>
				<total>1007078</total>
				<timestamp>74.910952</timestamp>
			</report>
			<report>
				<misses>1016001</misses>
				<total>1008077</total>
				<timestamp>74.986930</timestamp>
			</report>
			<report>
				<misses>1017001</misses>
				<total>1009076</total>
				<timestamp>75.057471</timestamp>
			</report>
			<report>
				<misses>1018001</misses>
				<total>1010075</total>
				<timestamp>75.132813</timestamp>
			</report>
			<report>
				<misses>1019001</misses>
				<total>1011074</total>
				<timestamp>75.202872</timestamp>
			</report>
			<report>
				<misses>1020001</misses>
				<total>1012073</total>
				<timestamp>75.274643</timestamp>
			</report>
			<report>
				<misses>1021001</misses>
				<total>1013072</total>
				<timestamp>75.351132</timestamp>
			</report>
			<report>
				<misses>1022001</misses>
				<total>1014071</total>
				<timestamp>75.429016</timestamp>
			</report>
			<report>
				<misses>1023001</misses>
				<total>1015070</total>
				<timestamp>75.507864</timestamp>
			</report>
			<report>
				<misses>1024001</misses>
				<total>1016069</total>
				<timestamp>75.581078</timestamp>
			</report>
			<report>
				<misses>1025001</misses>
				<total>1017068</total>
				<timestamp>75.656204</timestamp>
			</report>
			<report>
				<misses>1026001</misses>
				<total>1018067</total>
				<timestamp>75.730987</timestamp>
			</report>
			<report>
				<misses>1027001</misses>
				<total>1019066</total>
				<timestamp>75.803100</timestamp>
			</report>
			<report>
				<misses>1028001</misses>
				<total>1020065</total>
				<timestamp>75.880142</timestamp>
			</report>
			<report>
				<misses>1029001</misses>
				<total>1021064</total>
				<timestamp>75.953354</timestamp>
			</report>
			<report>
				<misses>1030001</misses>
				<total>1022063</total>
				<timestamp>76.026695</timestamp>
			</report>
			<report>
				<misses>1031001</misses>
				<total>1023062</total>
				<timestamp>76.102683</timestamp>
			</report>
			<report>
				<misses>1032001</misses>
				<total>1024061</total>
				<timestamp>76.174003</timestamp>
			</report>
			<report>
				<misses>1033001</misses>
				<total>1025060</total>
				<timestamp>76.247973</timestamp>
			</report>
			<report>
				<misses>1034001</misses>
				<total>1026059</total>
				<timestamp>76.324161</timestamp>
			</report>
			<report>
				<misses>1035001</misses>
				<total>1027058</total>
				<timestamp>76.400736</timestamp>
			</report>
			<report>
				<misses>1036001</misses>
				<total>1028057</total>
				<timestamp>76.476986</timestamp>
			</report>
			<report>
				<misses>1037001</misses>
				<total>1029056</total>
				<timestamp>76.554622</timestamp>
			</report>
			<report>
				<misses>1038001</misses>
				<total>1030055</total>
				<timestamp>76.635544</timestamp>
			</report>
			<report>
				<misses>1039001</misses>
				<total>1031054</total>
				<timestamp>76.716197</timestamp>
			</report>
			<report>
				<misses>1040001</misses>
				<total>1032053</total>
				<timestamp>76.791309</timestamp>
			</report>
			<report>
				<misses>1041001</misses>
				<total>1033052</total>
				<timestamp>76.869447</timestamp>
			</report>
			<report>
				<misses>1042001</misses>
				<total>1034051</total>
				<timestamp>76.940886</timestamp>
			</report>
			<report>
				<misses>1043001</misses>
				<total>1035050</total>
				<timestamp>77.015870</timestamp>
			</report>
			<report>
				<misses>1044001</misses>
				<total>1036049</total>
				<timestamp>77.087571</timestamp>
			</report>
			<report>
				<misses>1045001</misses>
				<total>1037048</total>
				<timestamp>77.158323</timestamp>
			</report>
			<report>
				<misses>1046001</misses>
				<total>1038047</total>
				<timestamp>77.228443</timestamp>
			</report>
			<report>
				<misses>1047001</misses>
				<total>1039046</total>
				<timestamp>77.299009</timestamp>
			</report>
			<report>
				<misses>1048001</misses>
				<total>1040045</total>
				<timestamp>77.369036</timestamp>
			</report>
			<report>
				<misses>1049001</misses>
				<total>1041044</total>
				<timestamp>77.439183</timestamp>
			</report>
			<report>
				<misses>1050001</misses>
				<total>1042043</total>
				<timestamp>77.509319</timestamp>
			</report>
			<report>
				<misses>1051001</misses>
				<total>1043042</total>
				<timestamp>77.583758</timestamp>
			</report>
			<report>
				<misses>1052001</misses>
				<total>1044041</total>
				<timestamp>77.653970</timestamp>
			</report>
			<report>
				<misses>1053001</misses>
				<total>1045040</total>
				<timestamp>77.737817</timestamp>
			</report>
			<report>
				<misses>1054001</misses>
				<total>1046039</total>
				<timestamp>77.813297</timestamp>
			</report>
			<report>
				<misses>1055001</misses>
				<total>1047038</total>
				<timestamp>77.886008</timestamp>
			</report>
			<report>
				<misses>1056001</misses>
				<total>1048037</total>
				<timestamp>77.959558</timestamp>
			</report>
			<report>
				<misses>1057001</misses>
				<total>1049036</total>
				<timestamp>78.048160</timestamp>
			</report>
			<report>
				<misses>1058001</misses>
				<total>1050035</total>
				<timestamp>78.120715</timestamp>
			</report>
			<report>
				<misses>1059001</misses>
				<total>1051034</total>
				<timestamp>78.195321</timestamp>
			</report>
			<report>
				<misses>1060001</misses>
				<total>1052033</total>
				<timestamp>78.268948</timestamp>
			</report>
			<report>
				<misses>1061001</misses>
				<total>1053032</total>
				<timestamp>78.343061</timestamp>
			</report>
			<report>
				<misses>1062001</misses>
				<total>1054031</total>
				<timestamp>78.413050</timestamp>
			</report>
			<report>
				<misses>1063001</misses>
				<total>1055030</total>
				<timestamp>78.483066</timestamp>
			</report>
			<report>
				<misses>1064001</misses>
				<total>1056029</total>
				<timestamp>78.553373</timestamp>
			</report>
			<report>
				<misses>1065001</misses>
				<total>1057028</total>
				<timestamp>78.628005</timestamp>
			</report>
			<report>
				<misses>1066001</misses>
				<total>1058027</total>
				<timestamp>78.704824</timestamp>
			</report>
			<report>
				<misses>1067001</misses>
				<total>1059026</total>
				<timestamp>78.776097</timestamp>
			</report>
			<report>
				<misses>1068001</misses>
				<total>1060025</total>
				<timestamp>78.846089</timestamp>
			</report>
			<report>
				<misses>1069001</misses>
				<total>1061024</total>
				<timestamp>78.917362</timestamp>
			</report>
			<report>
				<misses>1070001</misses>
				<total>1062023</total>
				<timestamp>78.997033</timestamp>
			</report>
			<report>
				<misses>1071001</misses>
				<total>1063022</total>
				<timestamp>79.069444</timestamp>
			</report>
			<report>
				<misses>1072001</misses>
				<total>1064021</total>
				<timestamp>79.139492</timestamp>
			</report>
			<report>
				<misses>1073001</misses>
				<total>1065020</total>
				<timestamp>79.216375</timestamp>
			</report>
			<report>
				<misses>1074001</misses>
				<total>1066019</total>
				<timestamp>79.292423</timestamp>
			</report>
			<report>
				<misses>1075001</misses>
				<total>1067018</total>
				<timestamp>79.365707</timestamp>
			</report>
			<report>
				<misses>1076001</misses>
				<total>1068017</total>
				<timestamp>79.437318</timestamp>
			</report>
			<report>
				<misses>1077001</misses>
				<total>1069016</total>
				<timestamp>79.512918</timestamp>
			</report>
			<report>
				<misses>1078001</misses>
				<total>1070015</total>
				<timestamp>79.590820</timestamp>
			</report>
			<report>
				<misses>1079001</misses>
				<total>1071014</total>
				<timestamp>79.665043</timestamp>
			</report>
			<report>
				<misses>1080001</misses>
				<total>1072013</total>
				<timestamp>79.737245</timestamp>
			</report>
			<report>
				<misses>1081001</misses>
				<total>1073012</total>
				<timestamp>79.807277</timestamp>
			</report>
			<report>
				<misses>1082001</misses>
				<total>1074011</total>
				<timestamp>79.885053</timestamp>
			</report>
			<report>
				<misses>1083001</misses>
				<total>1075010</total>
				<timestamp>79.967461</timestamp>
			</report>
			<report>
				<misses>1084001</misses>
				<total>1076009</total>
				<timestamp>80.046255</timestamp>
			</report>
			<report>
				<misses>1085001</misses>
				<total>1077008</total>
				<timestamp>80.116541</timestamp>
			</report>
			<report>
				<misses>1086001</misses>
				<total>1078007</total>
				<timestamp>80.186919</timestamp>
			</report>
			<report>
				<misses>1087001</misses>
				<total>1079006</total>
				<timestamp>80.258130</timestamp>
			</report>
			<report>
				<misses>1088001</misses>
				<total>1080005</total>
				<timestamp>80.337801</timestamp>
			</report>
			<report>
				<misses>1089001</misses>
				<total>1081004</total>
				<timestamp>80.411897</timestamp>
			</report>
			<report>
				<misses>1090001</misses>
				<total>1082003</total>
				<timestamp>80.492119</timestamp>
			</report>
			<report>
				<misses>1091001</misses>
				<total>1083002</total>
				<timestamp>80.565010</timestamp>
			</report>
			<report>
				<misses>1092001</misses>
				<total>1084001</total>
				<timestamp>80.638010</timestamp>
			</report>
			<report>
				<misses>1093001</misses>
				<total>1085000</total>
				<timestamp>80.716755</timestamp>
			</report>
			<report>
				<misses>1094001</misses>
				<total>1085999</total>
				<timestamp>80.800233</timestamp>
			</report>
			<report>
				<misses>1095001</misses>
				<total>1086998</total>
				<timestamp>80.882390</timestamp>
			</report>
			<report>
				<misses>1096001</misses>
				<total>1087997</total>
				<timestamp>80.962992</timestamp>
			</report>
			<report>
				<misses>1097001</misses>
				<total>1088996</total>
				<timestamp>81.037912</timestamp>
			</report>
			<report>
				<misses>1098001</misses>
				<total>1089995</total>
				<timestamp>81.117623</timestamp>
			</report>
			<report>
				<misses>1099001</misses>
				<total>1090994</total>
				<timestamp>81.195025</timestamp>
			</report>
			<report>
				<misses>1100001</misses>
				<total>1091993</total>
				<timestamp>81.267786</timestamp>
			</report>
			<report>
				<misses>1101001</misses>
				<total>1092992</total>
				<timestamp>81.341236</timestamp>
			</report>
			<report>
				<misses>1102001</misses>
				<total>1093991</total>
				<timestamp>81.414587</timestamp>
			</report>
			<report>
				<misses>1103001</misses>
				<total>1094990</total>
				<timestamp>81.488123</timestamp>
			</report>
			<report>
				<misses>1104001</misses>
				<total>1095989</total>
				<timestamp>81.563098</timestamp>
			</report>
			<report>
				<misses>1105001</misses>
				<total>1096988</total>
				<timestamp>81.634036</timestamp>
			</report>
			<report>
				<misses>1106001</misses>
				<total>1097987</total>
				<timestamp>81.707168</timestamp>
			</report>
			<report>
				<misses>1107001</misses>
				<total>1098986</total>
				<timestamp>81.777203</timestamp>
			</report>
			<report>
				<misses>1108001</misses>
				<total>1099985</total>
				<timestamp>81.847793</timestamp>
			</report>
			<report>
				<misses>1109001</misses>
				<total>1100984</total>
				<timestamp>81.926405</timestamp>
			</report>
			<report>
				<misses>1110001</misses>
				<total>1101983</total>
				<timestamp>82.001799</timestamp>
			</report>
			<report>
				<misses>1111001</misses>
				<total>1102982</total>
				<timestamp>82.071936</timestamp>
			</report>
			<report>
				<misses>1112001</misses>
				<total>1103981</total>
				<timestamp>82.149825</timestamp>
			</report>
			<report>
				<misses>1113001</misses>
				<total>1104980</total>
				<timestamp>82.225055</timestamp>
			</report>
			<report>
				<misses>1114001</misses>
				<total>1105979</total>
				<timestamp>82.295134</timestamp>
			</report>
			<report>
				<misses>1115001</misses>
				<total>1106978</total>
				<timestamp>82.367472</timestamp>
			</report>
			<report>
				<misses>1116001</misses>
				<total>1107977</total>
				<timestamp>82.437602</timestamp>
			</report>
			<report>
				<misses>1117001</misses>
				<total>1108976</total>
				<timestamp>82.512556</timestamp>
			</report>
			<report>
				<misses>1118001</misses>
				<total>1109975</total>
				<timestamp>82.582596</timestamp>
			</report>
			<report>
				<misses>1119001</misses>
				<total>1110974</total>
				<timestamp>82.657750</timestamp>
			</report>
			<report>
				<misses>1120001</misses>
				<total>1111973</total>
				<timestamp>82.727961</timestamp>
			</report>
			<report>
				<misses>1121001</misses>
				<total>1112972</total>
				<timestamp>82.799126</timestamp>
			</report>
			<report>
				<misses>1122001</misses>
				<total>1113971</total>
				<timestamp>82.881759</timestamp>
			</report>
			<report>
				<misses>1123001</misses>
				<total>1114970</total>
				<timestamp>82.956518</timestamp>
			</report>
			<report>
				<misses>1124001</misses>
				<total>1115969</total>
				<timestamp>83.029022</timestamp>
			</report>
			<report>
				<misses>1125001</misses>
				<total>1116968</total>
				<timestamp>83.101678</timestamp>
			</report>
			<report>
				<misses>1126001</misses>
				<total>1117967</total>
				<timestamp>83.171750</timestamp>
			</report>
			<report>
				<misses>1127001</misses>
				<total>1118966</total>
				<timestamp>83.241892</timestamp>
			</report>
			<report>
				<misses>1128001</misses>
				<total>1119965</total>
				<timestamp>83.313980</timestamp>
			</report>
			<report>
				<misses>1129001</misses>
				<total>1120964</total>
				<timestamp>83.384407</timestamp>
			</report>
			<report>
				<misses>1130001</misses>
				<total>1121963</total>
				<timestamp>83.454468</timestamp>
			</report>
			<report>
				<misses>1131001</misses>
				<total>1122962</total>
				<timestamp>83.552012</timestamp>
			</report>
			<report>
				<misses>1132001</misses>
				<total>1123961</total>
				<timestamp>83.624588</timestamp>
			</report>
			<report>
				<misses>1133001</misses>
				<total>1124960</total>
				<timestamp>83.694786</timestamp>
			</report>
			<report>
				<misses>1134001</misses>
				<total>1125959</total>
				<timestamp>83.764946</timestamp>
			</report>
			<report>
				<misses>1135001</misses>
				<total>1126958</total>
				<timestamp>83.843599</timestamp>
			</report>
			<report>
				<misses>1136001</misses>
				<total>1127957</total>
				<timestamp>83.919582</timestamp>
			</report>
			<report>
				<misses>1137001</misses>
				<total>1128956</total>
				<timestamp>84.000133</timestamp>
			</report>
			<report>
				<misses>1138001</misses>
				<total>1129955</total>
				<timestamp>84.071988</timestamp>
			</report>
			<report>
				<misses>1139001</misses>
				<total>1130954</total>
				<timestamp>84.142028</timestamp>
			</report>
			<report>
				<misses>1140001</misses>
				<total>1131953</total>
				<timestamp>84.213821</timestamp>
			</report>
			<report>
				<misses>1141001</misses>
				<total>1132952</total>
				<timestamp>84.288109</timestamp>
			</report>
			<report>
				<misses>1142001</misses>
				<total>1133951</total>
				<timestamp>84.361899</timestamp>
			</report>
			<report>
				<misses>1143001</misses>
				<total>1134950</total>
				<timestamp>84.431928</timestamp>
			</report>
			<report>
				<misses>1144001</misses>
				<total>1135949</total>
				<timestamp>84.508776</timestamp>
			</report>
			<report>
				<misses>1145001</misses>
				<total>1136948</total>
				<timestamp>84.581161</timestamp>
			</report>
			<report>
				<misses>1146001</misses>
				<total>1137947</total>
				<timestamp>84.656898</timestamp>
			</report>
			<report>
				<misses>1147001</misses>
				<total>1138946</total>
				<timestamp>84.731137</timestamp>
			</report>
			<report>
				<misses>1148001</misses>
				<total>1139945</total>
				<timestamp>84.809068</timestamp>
			</report>
			<report>
				<misses>1149001</misses>
				<total>1140944</total>
				<timestamp>84.884144</timestamp>
			</report>
			<report>
				<misses>1150001</misses>
				<total>1141943</total>
				<timestamp>84.956239</timestamp>
			</report>
			<report>
				<misses>1151001</misses>
				<total>1142942</total>
				<timestamp>85.026352</timestamp>
			</report>
			<report>
				<misses>1152001</misses>
				<total>1143941</total>
				<timestamp>85.096771</timestamp>
			</report>
			<report>
				<misses>1153001</misses>
				<total>1144940</total>
				<timestamp>85.171755</timestamp>
			</report>
			<report>
				<misses>1154001</misses>
				<total>1145939</total>
				<timestamp>85.247486</timestamp>
			</report>
			<report>
				<misses>1155001</misses>
				<total>1146938</total>
				<timestamp>85.319794</timestamp>
			</report>
			<report>
				<misses>1156001</misses>
				<total>1147937</total>
				<timestamp>85.395760</timestamp>
			</report>
			<report>
				<misses>1157001</misses>
				<total>1148936</total>
				<timestamp>85.469661</timestamp>
			</report>
			<report>
				<misses>1158001</misses>
				<total>1149935</total>
				<timestamp>85.544204</timestamp>
			</report>
			<report>
				<misses>1159001</misses>
				<total>1150934</total>
				<timestamp>85.614603</timestamp>
			</report>
			<report>
				<misses>1160001</misses>
				<total>1151933</total>
				<timestamp>85.695350</timestamp>
			</report>
			<report>
				<misses>1161001</misses>
				<total>1152932</total>
				<timestamp>85.771983</timestamp>
			</report>
			<report>
				<misses>1162001</misses>
				<total>1153931</total>
				<timestamp>85.853785</timestamp>
			</report>
			<report>
				<misses>1163001</misses>
				<total>1154930</total>
				<timestamp>85.928608</timestamp>
			</report>
			<report>
				<misses>1164001</misses>
				<total>1155929</total>
				<timestamp>86.001762</timestamp>
			</report>
			<report>
				<misses>1165001</misses>
				<total>1156928</total>
				<timestamp>86.079097</timestamp>
			</report>
			<report>
				<misses>1166001</misses>
				<total>1157927</total>
				<timestamp>86.159834</timestamp>
			</report>
			<report>
				<misses>1167001</misses>
				<total>1158926</total>
				<timestamp>86.236185</timestamp>
			</report>
			<report>
				<misses>1168001</misses>
				<total>1159925</total>
				<timestamp>86.309970</timestamp>
			</report>
			<report>
				<misses>1169001</misses>
				<total>1160924</total>
				<timestamp>86.385938</timestamp>
			</report>
			<report>
				<misses>1170001</misses>
				<total>1161923</total>
				<timestamp>86.457965</timestamp>
			</report>
			<report>
				<misses>1171001</misses>
				<total>1162922</total>
				<timestamp>86.535173</timestamp>
			</report>
			<report>
				<misses>1172001</misses>
				<total>1163921</total>
				<timestamp>86.607774</timestamp>
			</report>
			<report>
				<misses>1173001</misses>
				<total>1164920</total>
				<timestamp>86.679786</timestamp>
			</report>
			<report>
				<misses>1174001</misses>
				<total>1165919</total>
				<timestamp>86.749783</timestamp>
			</report>
			<report>
				<misses>1175001</misses>
				<total>1166918</total>
				<timestamp>86.820029</timestamp>
			</report>
			<report>
				<misses>1176001</misses>
				<total>1167917</total>
				<timestamp>86.891598</timestamp>
			</report>
			<report>
				<misses>1177001</misses>
				<total>1168916</total>
				<timestamp>86.962325</timestamp>
			</report>
			<report>
				<misses>1178001</misses>
				<total>1169915</total>
				<timestamp>87.037460</timestamp>
			</report>
			<report>
				<misses>1179001</misses>
				<total>1170914</total>
				<timestamp>87.109047</timestamp>
			</report>
			<report>
				<misses>1180001</misses>
				<total>1171913</total>
				<timestamp>87.183466</timestamp>
			</report>
			<report>
				<misses>1181001</misses>
				<total>1172912</total>
				<timestamp>87.256170</timestamp>
			</report>
			<report>
				<misses>1182001</misses>
				<total>1173911</total>
				<timestamp>87.331861</timestamp>
			</report>
			<report>
				<misses>1183001</misses>
				<total>1174910</total>
				<timestamp>87.412114</timestamp>
			</report>
			<report>
				<misses>1184001</misses>
				<total>1175909</total>
				<timestamp>87.487185</timestamp>
			</report>
			<report>
				<misses>1185001</misses>
				<total>1176908</total>
				<timestamp>87.563299</timestamp>
			</report>
			<report>
				<misses>1186001</misses>
				<total>1177907</total>
				<timestamp>87.637619</timestamp>
			</report>
			<report>
				<misses>1187001</misses>
				<total>1178906</total>
				<timestamp>87.719338</timestamp>
			</report>
			<report>
				<misses>1188001</misses>
				<total>1179905</total>
				<timestamp>87.800638</timestamp>
			</report>
			<report>
				<misses>1189001</misses>
				<total>1180904</total>
				<timestamp>87.881070</timestamp>
			</report>
			<report>
				<misses>1190001</misses>
				<total>1181903</total>
				<timestamp>87.957662</timestamp>
			</report>
			<report>
				<misses>1191001</misses>
				<total>1182902</total>
				<timestamp>88.027726</timestamp>
			</report>
			<report>
				<misses>1192001</misses>
				<total>1183901</total>
				<timestamp>88.097854</timestamp>
			</report>
			<report>
				<misses>1193001</misses>
				<total>1184900</total>
				<timestamp>88.167942</timestamp>
			</report>
			<report>
				<misses>1194001</misses>
				<total>1185899</total>
				<timestamp>88.238001</timestamp>
			</report>
			<report>
				<misses>1195001</misses>
				<total>1186898</total>
				<timestamp>88.308301</timestamp>
			</report>
			<report>
				<misses>1196001</misses>
				<total>1187897</total>
				<timestamp>88.381887</timestamp>
			</report>
			<report>
				<misses>1197001</misses>
				<total>1188896</total>
				<timestamp>88.460087</timestamp>
			</report>
			<report>
				<misses>1198001</misses>
				<total>1189895</total>
				<timestamp>88.533692</timestamp>
			</report>
			<report>
				<misses>1199001</misses>
				<total>1190894</total>
				<timestamp>88.603750</timestamp>
			</report>
			<report>
				<misses>1200001</misses>
				<total>1191893</total>
				<timestamp>88.673874</timestamp>
			</report>
			<report>
				<misses>1201001</misses>
				<total>1192892</total>
				<timestamp>88.744284</timestamp>
			</report>
			<report>
				<misses>1202001</misses>
				<total>1193891</total>
				<timestamp>88.815795</timestamp>
			</report>
			<report>
				<misses>1203001</misses>
				<total>1194890</total>
				<timestamp>88.893993</timestamp>
			</report>
			<report>
				<misses>1204001</misses>
				<total>1195889</total>
				<timestamp>88.964606</timestamp>
			</report>
			<report>
				<misses>1205001</misses>
				<total>1196888</total>
				<timestamp>89.034826</timestamp>
			</report>
			<report>
				<misses>1206001</misses>
				<total>1197887</total>
				<timestamp>89.104891</timestamp>
			</report>
			<report>
				<misses>1207001</misses>
				<total>1198886</total>
				<timestamp>89.179169</timestamp>
			</report>
			<report>
				<misses>1208001</misses>
				<total>1199885</total>
				<timestamp>89.254429</timestamp>
			</report>
			<report>
				<misses>1209001</misses>
				<total>1200884</total>
				<timestamp>89.327875</timestamp>
			</report>
			<report>
				<misses>1210001</misses>
				<total>1201883</total>
				<timestamp>89.399463</timestamp>
			</report>
			<report>
				<misses>1211001</misses>
				<total>1202882</total>
				<timestamp>89.471310</timestamp>
			</report>
			<report>
				<misses>1212001</misses>
				<total>1203881</total>
				<timestamp>89.549032</timestamp>
			</report>
			<report>
				<misses>1213001</misses>
				<total>1204880</total>
				<timestamp>89.627774</timestamp>
			</report>
			<report>
				<misses>1214001</misses>
				<total>1205879</total>
				<timestamp>89.697791</timestamp>
			</report>
			<report>
				<misses>1215001</misses>
				<total>1206878</total>
				<timestamp>89.767983</timestamp>
			</report>
			<report>
				<misses>1216001</misses>
				<total>1207877</total>
				<timestamp>89.841268</timestamp>
			</report>
			<report>
				<misses>1217001</misses>
				<total>1208876</total>
				<timestamp>89.912494</timestamp>
			</report>
			<report>
				<misses>1218001</misses>
				<total>1209875</total>
				<timestamp>89.984846</timestamp>
			</report>
			<report>
				<misses>1219001</misses>
				<total>1210874</total>
				<timestamp>90.057782</timestamp>
			</report>
			<report>
				<misses>1220001</misses>
				<total>1211873</total>
				<timestamp>90.127862</timestamp>
			</report>
			<report>
				<misses>1221001</misses>
				<total>1212872</total>
				<timestamp>90.197827</timestamp>
			</report>
			<report>
				<misses>1222001</misses>
				<total>1213871</total>
				<timestamp>90.270176</timestamp>
			</report>
			<report>
				<misses>1223001</misses>
				<total>1214870</total>
				<timestamp>90.342828</timestamp>
			</report>
			<report>
				<misses>1224001</misses>
				<total>1215869</total>
				<timestamp>90.420189</timestamp>
			</report>
			<report>
				<misses>1225001</misses>
				<total>1216868</total>
				<timestamp>90.490312</timestamp>
			</report>
			<report>
				<misses>1226001</misses>
				<total>1217867</total>
				<timestamp>90.560324</timestamp>
			</report>
			<report>
				<misses>1227001</misses>
				<total>1218866</total>
				<timestamp>90.631717</timestamp>
			</report>
			<report>
				<misses>1228001</misses>
				<total>1219865</total>
				<timestamp>90.706710</timestamp>
			</report>
			<report>
				<misses>1229001</misses>
				<total>1220864</total>
				<timestamp>90.782502</timestamp>
			</report>
			<report>
				<misses>1230001</misses>
				<total>1221863</total>
				<timestamp>90.859187</timestamp>
			</report>
			<report>
				<misses>1231001</misses>
				<total>1222862</total>
				<timestamp>90.938483</timestamp>
			</report>
			<report>
				<misses>1232001</misses>
				<total>1223861</total>
				<timestamp>91.013219</timestamp>
			</report>
			<report>
				<misses>1233001</misses>
				<total>1224860</total>
				<timestamp>91.089795</timestamp>
			</report>
			<report>
				<misses>1234001</misses>
				<total>1225859</total>
				<timestamp>91.166390</timestamp>
			</report>
			<report>
				<misses>1235001</misses>
				<total>1226858</total>
				<timestamp>91.236508</timestamp>
			</report>
			<report>
				<misses>1236001</misses>
				<total>1227857</total>
				<timestamp>91.306812</timestamp>
			</report>
			<report>
				<misses>1237001</misses>
				<total>1228856</total>
				<timestamp>91.379364</timestamp>
			</report>
			<report>
				<misses>1238001</misses>
				<total>1229855</total>
				<timestamp>91.454396</timestamp>
			</report>
			<report>
				<misses>1239001</misses>
				<total>1230854</total>
				<timestamp>91.525058</timestamp>
			</report>
			<report>
				<misses>1240001</misses>
				<total>1231853</total>
				<timestamp>91.595089</timestamp>
			</report>
			<report>
				<misses>1241001</misses>
				<total>1232852</total>
				<timestamp>91.665186</timestamp>
			</report>
			<report>
				<misses>1242001</misses>
				<total>1233851</total>
				<timestamp>91.740492</timestamp>
			</report>
			<report>
				<misses>1243001</misses>
				<total>1234850</total>
				<timestamp>91.816827</timestamp>
			</report>
			<report>
				<misses>1244001</misses>
				<total>1235849</total>
				<timestamp>91.886933</timestamp>
			</report>
			<report>
				<misses>1245001</misses>
				<total>1236848</total>
				<timestamp>91.956995</timestamp>
			</report>
			<report>
				<misses>1246001</misses>
				<total>1237847</total>
				<timestamp>92.035058</timestamp>
			</report>
			<report>
				<misses>1247001</misses>
				<total>1238846</total>
				<timestamp>92.110629</timestamp>
			</report>
			<report>
				<misses>1248001</misses>
				<total>1239845</total>
				<timestamp>92.188705</timestamp>
			</report>
			<report>
				<misses>1249001</misses>
				<total>1240844</total>
				<timestamp>92.260565</timestamp>
			</report>
			<report>
				<misses>1250001</misses>
				<total>1241843</total>
				<timestamp>92.336306</timestamp>
			</report>
			<report>
				<misses>1251001</misses>
				<total>1242842</total>
				<timestamp>92.409292</timestamp>
			</report>
			<report>
				<misses>1252001</misses>
				<total>1243841</total>
				<timestamp>92.483351</timestamp>
			</report>
			<report>
				<misses>1253001</misses>
				<total>1244840</total>
				<timestamp>92.557611</timestamp>
			</report>
			<report>
				<misses>1254001</misses>
				<total>1245839</total>
				<timestamp>92.635278</timestamp>
			</report>
			<report>
				<misses>1255001</misses>
				<total>1246838</total>
				<timestamp>92.708538</timestamp>
			</report>
			<report>
				<misses>1256001</misses>
				<total>1247837</total>
				<timestamp>92.783365</timestamp>
			</report>
			<report>
				<misses>1257001</misses>
				<total>1248836</total>
				<timestamp>92.860888</timestamp>
			</report>
			<report>
				<misses>1258001</misses>
				<total>1249835</total>
				<timestamp>92.931023</timestamp>
			</report>
			<report>
				<misses>1259001</misses>
				<total>1250834</total>
				<timestamp>93.002106</timestamp>
			</report>
			<report>
				<misses>1260001</misses>
				<total>1251833</total>
				<timestamp>93.075917</timestamp>
			</report>
			<report>
				<misses>1261001</misses>
				<total>1252832</total>
				<timestamp>93.157878</timestamp>
			</report>
			<report>
				<misses>1262001</misses>
				<total>1253831</total>
				<timestamp>93.232578</timestamp>
			</report>
			<report>
				<misses>1263001</misses>
				<total>1254830</total>
				<timestamp>93.314721</timestamp>
			</report>
			<report>
				<misses>1264001</misses>
				<total>1255829</total>
				<timestamp>93.395810</timestamp>
			</report>
			<report>
				<misses>1265001</misses>
				<total>1256828</total>
				<timestamp>93.467817</timestamp>
			</report>
			<report>
				<misses>1266001</misses>
				<total>1257827</total>
				<timestamp>93.541251</timestamp>
			</report>
			<report>
				<misses>1267001</misses>
				<total>1258826</total>
				<timestamp>93.613822</timestamp>
			</report>
			<report>
				<misses>1268001</misses>
				<total>1259825</total>
				<timestamp>93.683862</timestamp>
			</report>
			<report>
				<misses>1269001</misses>
				<total>1260824</total>
				<timestamp>93.753970</timestamp>
			</report>
			<report>
				<misses>1270001</misses>
				<total>1261823</total>
				<timestamp>93.823979</timestamp>
			</report>
			<report>
				<misses>1271001</misses>
				<total>1262822</total>
				<timestamp>93.893974</timestamp>
			</report>
			<report>
				<misses>1272001</misses>
				<total>1263821</total>
				<timestamp>93.970505</timestamp>
			</report>
			<report>
				<misses>1273001</misses>
				<total>1264820</total>
				<timestamp>94.048992</timestamp>
			</report>
			<report>
				<misses>1274001</misses>
				<total>1265819</total>
				<timestamp>94.125617</timestamp>
			</report>
			<report>
				<misses>1275001</misses>
				<total>1266818</total>
				<timestamp>94.203822</timestamp>
			</report>
			<report>
				<misses>1276001</misses>
				<total>1267817</total>
				<timestamp>94.283897</timestamp>
			</report>
			<report>
				<misses>1277001</misses>
				<total>1268816</total>
				<timestamp>94.355967</timestamp>
			</report>
			<report>
				<misses>1278001</misses>
				<total>1269815</total>
				<timestamp>94.433203</timestamp>
			</report>
			<report>
				<misses>1279001</misses>
				<total>1270814</total>
				<timestamp>94.507125</timestamp>
			</report>
			<report>
				<misses>1280001</misses>
				<total>1271813</total>
				<timestamp>94.580139</timestamp>
			</report>
			<report>
				<misses>1281001</misses>
				<total>1272812</total>
				<timestamp>94.652261</timestamp>
			</report>
			<report>
				<misses>1282001</misses>
				<total>1273811</total>
				<timestamp>94.725900</timestamp>
			</report>
			<report>
				<misses>1283001</misses>
				<total>1274810</total>
				<timestamp>94.799864</timestamp>
			</report>
			<report>
				<misses>1284001</misses>
				<total>1275809</total>
				<timestamp>94.874688</timestamp>
			</report>
			<report>
				<misses>1285001</misses>
				<total>1276808</total>
				<timestamp>94.949195</timestamp>
			</report>
			<report>
				<misses>1286001</misses>
				<total>1277807</total>
				<timestamp>95.022046</timestamp>
			</report>
			<report>
				<misses>1287001</misses>
				<total>1278806</total>
				<timestamp>95.095117</timestamp>
			</report>
			<report>
				<misses>1288001</misses>
				<total>1279805</total>
				<timestamp>95.168166</timestamp>
			</report>
			<report>
				<misses>1289001</misses>
				<total>1280804</total>
				<timestamp>95.244871</timestamp>
			</report>
			<report>
				<misses>1290001</misses>
				<total>1281803</total>
				<timestamp>95.321244</timestamp>
			</report>
			<report>
				<misses>1291001</misses>
				<total>1282802</total>
				<timestamp>95.396813</timestamp>
			</report>
			<report>
				<misses>1292001</misses>
				<total>1283801</total>
				<timestamp>95.475038</timestamp>
			</report>
			<report>
				<misses>1293001</misses>
				<total>1284800</total>
				<timestamp>95.549716</timestamp>
			</report>
			<report>
				<misses>1294001</misses>
				<total>1285799</total>
				<timestamp>95.619801</timestamp>
			</report>
			<report>
				<misses>1295001</misses>
				<total>1286798</total>
				<timestamp>95.694994</timestamp>
			</report>
			<report>
				<misses>1296001</misses>
				<total>1287797</total>
				<timestamp>95.770036</timestamp>
			</report>
			<report>
				<misses>1297001</misses>
				<total>1288796</total>
				<timestamp>95.840075</timestamp>
			</report>
			<report>
				<misses>1298001</misses>
				<total>1289795</total>
				<timestamp>95.911286</timestamp>
			</report>
			<report>
				<misses>1299001</misses>
				<total>1290794</total>
				<timestamp>95.985893</timestamp>
			</report>
			<report>
				<misses>1300001</misses>
				<total>1291793</total>
				<timestamp>96.060205</timestamp>
			</report>
			<report>
				<misses>1301001</misses>
				<total>1292792</total>
				<timestamp>96.132264</timestamp>
			</report>
			<report>
				<misses>1302001</misses>
				<total>1293791</total>
				<timestamp>96.202731</timestamp>
			</report>
			<report>
				<misses>1303001</misses>
				<total>1294790</total>
				<timestamp>96.274412</timestamp>
			</report>
			<report>
				<misses>1304001</misses>
				<total>1295789</total>
				<timestamp>96.344461</timestamp>
			</report>
			<report>
				<misses>1305001</misses>
				<total>1296788</total>
				<timestamp>96.415782</timestamp>
			</report>
			<report>
				<misses>1306001</misses>
				<total>1297787</total>
				<timestamp>96.491055</timestamp>
			</report>
			<report>
				<misses>1307001</misses>
				<total>1298786</total>
				<timestamp>96.566709</timestamp>
			</report>
			<report>
				<misses>1308001</misses>
				<total>1299785</total>
				<timestamp>96.641063</timestamp>
			</report>
			<report>
				<misses>1309001</misses>
				<total>1300784</total>
				<timestamp>96.711163</timestamp>
			</report>
			<report>
				<misses>1310001</misses>
				<total>1301783</total>
				<timestamp>96.781226</timestamp>
			</report>
			<report>
				<misses>1311001</misses>
				<total>1302782</total>
				<timestamp>96.851368</timestamp>
			</report>
			<report>
				<misses>1312001</misses>
				<total>1303781</total>
				<timestamp>96.921468</timestamp>
			</report>
			<report>
				<misses>1313001</misses>
				<total>1304780</total>
				<timestamp>96.992065</timestamp>
			</report>
			<report>
				<misses>1314001</misses>
				<total>1305779</total>
				<timestamp>97.067233</timestamp>
			</report>
			<report>
				<misses>1315001</misses>
				<total>1306778</total>
				<timestamp>97.144806</timestamp>
			</report>
			<report>
				<misses>1316001</misses>
				<total>1307777</total>
				<timestamp>97.218023</timestamp>
			</report>
			<report>
				<misses>1317001</misses>
				<total>1308776</total>
				<timestamp>97.294126</timestamp>
			</report>
			<report>
				<misses>1318001</misses>
				<total>1309775</total>
				<timestamp>97.370423</timestamp>
			</report>
			<report>
				<misses>1319001</misses>
				<total>1310774</total>
				<timestamp>97.440793</timestamp>
			</report>
			<report>
				<misses>1320001</misses>
				<total>1311773</total>
				<timestamp>97.510918</timestamp>
			</report>
			<report>
				<misses>1321001</misses>
				<total>1312772</total>
				<timestamp>97.583624</timestamp>
			</report>
			<report>
				<misses>1322001</misses>
				<total>1313771</total>
				<timestamp>97.659952</timestamp>
			</report>
			<report>
				<misses>1323001</misses>
				<total>1314770</total>
				<timestamp>97.742242</timestamp>
			</report>
			<report>
				<misses>1324001</misses>
				<total>1315769</total>
				<timestamp>97.817427</timestamp>
			</report>
			<report>
				<misses>1325001</misses>
				<total>1316768</total>
				<timestamp>97.888251</timestamp>
			</report>
			<report>
				<misses>1326001</misses>
				<total>1317767</total>
				<timestamp>97.962097</timestamp>
			</report>
			<report>
				<misses>1327001</misses>
				<total>1318766</total>
				<timestamp>98.032661</timestamp>
			</report>
			<report>
				<misses>1328001</misses>
				<total>1319765</total>
				<timestamp>98.107406</timestamp>
			</report>
			<report>
				<misses>1329001</misses>
				<total>1320764</total>
				<timestamp>98.180014</timestamp>
			</report>
			<report>
				<misses>1330001</misses>
				<total>1321763</total>
				<timestamp>98.250795</timestamp>
			</report>
			<report>
				<misses>1331001</misses>
				<total>1322762</total>
				<timestamp>98.320781</timestamp>
			</report>
			<report>
				<misses>1332001</misses>
				<total>1323761</total>
				<timestamp>98.392757</timestamp>
			</report>
			<report>
				<misses>1333001</misses>
				<total>1324760</total>
				<timestamp>98.463921</timestamp>
			</report>
			<report>
				<misses>1334001</misses>
				<total>1325759</total>
				<timestamp>98.534571</timestamp>
			</report>
			<report>
				<misses>1335001</misses>
				<total>1326758</total>
				<timestamp>98.610329</timestamp>
			</report>
			<report>
				<misses>1336001</misses>
				<total>1327757</total>
				<timestamp>98.684910</timestamp>
			</report>
			<report>
				<misses>1337001</misses>
				<total>1328756</total>
				<timestamp>98.759185</timestamp>
			</report>
			<report>
				<misses>1338001</misses>
				<total>1329755</total>
				<timestamp>98.838406</timestamp>
			</report>
			<report>
				<misses>1339001</misses>
				<total>1330754</total>
				<timestamp>98.910827</timestamp>
			</report>
			<report>
				<misses>1340001</misses>
				<total>1331753</total>
				<timestamp>98.985933</timestamp>
			</report>
			<report>
				<misses>1341001</misses>
				<total>1332752</total>
				<timestamp>99.066568</timestamp>
			</report>
			<report>
				<misses>1342001</misses>
				<total>1333751</total>
				<timestamp>99.147557</timestamp>
			</report>
			<report>
				<misses>1343001</misses>
				<total>1334750</total>
				<timestamp>99.217896</timestamp>
			</report>
			<report>
				<misses>1344001</misses>
				<total>1335749</total>
				<timestamp>99.290816</timestamp>
			</report>
			<report>
				<misses>1345001</misses>
				<total>1336748</total>
				<timestamp>99.363759</timestamp>
			</report>
			<report>
				<misses>1346001</misses>
				<total>1337747</total>
				<timestamp>99.439031</timestamp>
			</report>
			<report>
				<misses>1347001</misses>
				<total>1338746</total>
				<timestamp>99.510251</timestamp>
			</report>
			<report>
				<misses>1348001</misses>
				<total>1339745</total>
				<timestamp>99.580672</timestamp>
			</report>
			<report>
				<misses>1349001</misses>
				<total>1340744</total>
				<timestamp>99.650799</timestamp>
			</report>
			<report>
				<misses>1350001</misses>
				<total>1341743</total>
				<timestamp>99.722368</timestamp>
			</report>
			<report>
				<misses>1351001</misses>
				<total>1342742</total>
				<timestamp>99.794655</timestamp>
			</report>
			<report>
				<misses>1352001</misses>
				<total>1343741</total>
				<timestamp>99.866604</timestamp>
			</report>
			<report>
				<misses>1353001</misses>
				<total>1344740</total>
				<timestamp>99.938481</timestamp>
			</report>
			<report>
				<misses>1354001</misses>
				<total>1345739</total>
				<timestamp>100.008738</timestamp>
			</report>
			<report>
				<misses>1355001</misses>
				<total>1346738</total>
				<timestamp>100.078756</timestamp>
			</report>
			<report>
				<misses>1356001</misses>
				<total>1347737</total>
				<timestamp>100.148811</timestamp>
			</report>
			<report>
				<misses>1357001</misses>
				<total>1348736</total>
				<timestamp>100.219725</timestamp>
			</report>
			<report>
				<misses>1358001</misses>
				<total>1349735</total>
				<timestamp>100.291183</timestamp>
			</report>
			<report>
				<misses>1359001</misses>
				<total>1350734</total>
				<timestamp>100.366521</timestamp>
			</report>
			<report>
				<misses>1360001</misses>
				<total>1351733</total>
				<timestamp>100.436957</timestamp>
			</report>
			<report>
				<misses>1361001</misses>
				<total>1352732</total>
				<timestamp>100.514131</timestamp>
			</report>
			<report>
				<misses>1362001</misses>
				<total>1353731</total>
				<timestamp>100.586513</timestamp>
			</report>
			<report>
				<misses>1363001</misses>
				<total>1354730</total>
				<timestamp>100.668039</timestamp>
			</report>
			<report>
				<misses>1364001</misses>
				<total>1355729</total>
				<timestamp>100.745362</timestamp>
			</report>
			<report>
				<misses>1365001</misses>
				<total>1356728</total>
				<timestamp>100.825046</timestamp>
			</report>
			<report>
				<misses>1366001</misses>
				<total>1357727</total>
				<timestamp>100.901859</timestamp>
			</report>
			<report>
				<misses>1367001</misses>
				<total>1358726</total>
				<timestamp>100.972988</timestamp>
			</report>
			<report>
				<misses>1368001</misses>
				<total>1359725</total>
				<timestamp>101.043181</timestamp>
			</report>
			<report>
				<misses>1369001</misses>
				<total>1360724</total>
				<timestamp>101.114892</timestamp>
			</report>
			<report>
				<misses>1370001</misses>
				<total>1361723</total>
				<timestamp>101.190018</timestamp>
			</report>
			<report>
				<misses>1371001</misses>
				<total>1362722</total>
				<timestamp>101.264149</timestamp>
			</report>
			<report>
				<misses>1372001</misses>
				<total>1363721</total>
				<timestamp>101.342724</timestamp>
			</report>
			<report>
				<misses>1373001</misses>
				<total>1364720</total>
				<timestamp>101.416882</timestamp>
			</report>
			<report>
				<misses>1374001</misses>
				<total>1365719</total>
				<timestamp>101.492034</timestamp>
			</report>
			<report>
				<misses>1375001</misses>
				<total>1366718</total>
				<timestamp>101.565805</timestamp>
			</report>
			<report>
				<misses>1376001</misses>
				<total>1367717</total>
				<timestamp>101.646762</timestamp>
			</report>
			<report>
				<misses>1377001</misses>
				<total>1368716</total>
				<timestamp>101.717084</timestamp>
			</report>
			<report>
				<misses>1378001</misses>
				<total>1369715</total>
				<timestamp>101.787288</timestamp>
			</report>
			<report>
				<misses>1379001</misses>
				<total>1370714</total>
				<timestamp>101.857337</timestamp>
			</report>
			<report>
				<misses>1380001</misses>
				<total>1371713</total>
				<timestamp>101.929214</timestamp>
			</report>
			<report>
				<misses>1381001</misses>
				<total>1372712</total>
				<timestamp>102.008948</timestamp>
			</report>
			<report>
				<misses>1382001</misses>
				<total>1373711</total>
				<timestamp>102.080750</timestamp>
			</report>
			<report>
				<misses>1383001</misses>
				<total>1374710</total>
				<timestamp>102.153774</timestamp>
			</report>
			<report>
				<misses>1384001</misses>
				<total>1375709</total>
				<timestamp>102.235887</timestamp>
			</report>
			<report>
				<misses>1385001</misses>
				<total>1376708</total>
				<timestamp>102.305946</timestamp>
			</report>
			<report>
				<misses>1386001</misses>
				<total>1377707</total>
				<timestamp>102.379596</timestamp>
			</report>
			<report>
				<misses>1387001</misses>
				<total>1378336</total>
				<timestamp>102.453346</timestamp>
			</report>
			<report>
				<misses>1388001</misses>
				<total>1378352</total>
				<timestamp>102.530234</timestamp>
			</report>
			<report>
				<misses>1389001</misses>
				<total>1378352</total>
				<timestamp>102.605087</timestamp>
			</report>
			<report>
				<misses>1390001</misses>
				<total>1378440</total>
				<timestamp>102.680801</timestamp>
			</report>
			<report>
				<misses>1391001</misses>
				<total>1379439</total>
				<timestamp>102.750964</timestamp>
			</report>
			<report>
				<misses>1392001</misses>
				<total>1380438</total>
				<timestamp>102.821897</timestamp>
			</report>
			<report>
				<misses>1393001</misses>
				<total>1381437</total>
				<timestamp>102.902708</timestamp>
			</report>
			<report>
				<misses>1394001</misses>
				<total>1382276</total>
				<timestamp>102.978690</timestamp>
			</report>
			<report>
				<misses>1395001</misses>
				<total>1383275</total>
				<timestamp>103.057791</timestamp>
			</report>
			<report>
				<misses>1396001</misses>
				<total>1384274</total>
				<timestamp>103.131949</timestamp>
			</report>
			<report>
				<misses>1397001</misses>
				<total>1385273</total>
				<timestamp>103.202756</timestamp>
			</report>
			<report>
				<misses>1398001</misses>
				<total>1386272</total>
				<timestamp>103.273184</timestamp>
			</report>
			<report>
				<misses>1399001</misses>
				<total>1387271</total>
				<timestamp>103.350054</timestamp>
			</report>
			<report>
				<misses>1400001</misses>
				<total>1388270</total>
				<timestamp>103.421680</timestamp>
			</report>
			<report>
				<misses>1401001</misses>
				<total>1389269</total>
				<timestamp>103.499586</timestamp>
			</report>
			<report>
				<misses>1402001</misses>
				<total>1390268</total>
				<timestamp>103.576747</timestamp>
			</report>
			<report>
				<misses>1403001</misses>
				<total>1391267</total>
				<timestamp>103.652691</timestamp>
			</report>
			<report>
				<misses>1404001</misses>
				<total>1392266</total>
				<timestamp>103.723752</timestamp>
			</report>
			<report>
				<misses>1405001</misses>
				<total>1393265</total>
				<timestamp>103.793746</timestamp>
			</report>
			<report>
				<misses>1406001</misses>
				<total>1394264</total>
				<timestamp>103.866966</timestamp>
			</report>
			<report>
				<misses>1407001</misses>
				<total>1395263</total>
				<timestamp>103.937144</timestamp>
			</report>
			<report>
				<misses>1408001</misses>
				<total>1396262</total>
				<timestamp>104.011403</timestamp>
			</report>
			<report>
				<misses>1409001</misses>
				<total>1397261</total>
				<timestamp>104.083190</timestamp>
			</report>
			<report>
				<misses>1410001</misses>
				<total>1398260</total>
				<timestamp>104.153172</timestamp>
			</report>
			<report>
				<misses>1411001</misses>
				<total>1399259</total>
				<timestamp>104.225965</timestamp>
			</report>
			<report>
				<misses>1412001</misses>
				<total>1400258</total>
				<timestamp>104.297017</timestamp>
			</report>
			<report>
				<misses>1413001</misses>
				<total>1401257</total>
				<timestamp>104.370663</timestamp>
			</report>
			<report>
				<misses>1414001</misses>
				<total>1402256</total>
				<timestamp>104.440767</timestamp>
			</report>
			<report>
				<misses>1415001</misses>
				<total>1403255</total>
				<timestamp>104.511035</timestamp>
			</report>
			<report>
				<misses>1416001</misses>
				<total>1404254</total>
				<timestamp>104.584476</timestamp>
			</report>
			<report>
				<misses>1417001</misses>
				<total>1405253</total>
				<timestamp>104.662697</timestamp>
			</report>
			<report>
				<misses>1418001</misses>
				<total>1406252</total>
				<timestamp>104.739282</timestamp>
			</report>
			<report>
				<misses>1419001</misses>
				<total>1407251</total>
				<timestamp>104.812766</timestamp>
			</report>
			<report>
				<misses>1420001</misses>
				<total>1408250</total>
				<timestamp>104.883983</timestamp>
			</report>
			<report>
				<misses>1421001</misses>
				<total>1409249</total>
				<timestamp>104.955860</timestamp>
			</report>
			<report>
				<misses>1422001</misses>
				<total>1410248</total>
				<timestamp>105.030937</timestamp>
			</report>
			<report>
				<misses>1423001</misses>
				<total>1411247</total>
				<timestamp>105.105791</timestamp>
			</report>
			<report>
				<misses>1424001</misses>
				<total>1412246</total>
				<timestamp>105.180397</timestamp>
			</report>
			<report>
				<misses>1425001</misses>
				<total>1413245</total>
				<timestamp>105.252090</timestamp>
			</report>
			<report>
				<misses>1426001</misses>
				<total>1414244</total>
				<timestamp>105.328974</timestamp>
			</report>
			<report>
				<misses>1427001</misses>
				<total>1415243</total>
				<timestamp>105.400976</timestamp>
			</report>
			<report>
				<misses>1428001</misses>
				<total>1416242</total>
				<timestamp>105.476094</timestamp>
			</report>
			<report>
				<misses>1429001</misses>
				<total>1417241</total>
				<timestamp>105.554455</timestamp>
			</report>
			<report>
				<misses>1430001</misses>
				<total>1418240</total>
				<timestamp>105.624695</timestamp>
			</report>
			<report>
				<misses>1431001</misses>
				<total>1419239</total>
				<timestamp>105.698087</timestamp>
			</report>
			<report>
				<misses>1432001</misses>
				<total>1420238</total>
				<timestamp>105.771041</timestamp>
			</report>
			<report>
				<misses>1433001</misses>
				<total>1421237</total>
				<timestamp>105.843184</timestamp>
			</report>
			<report>
				<misses>1434001</misses>
				<total>1422236</total>
				<timestamp>105.920817</timestamp>
			</report>
			<report>
				<misses>1435001</misses>
				<total>1423235</total>
				<timestamp>105.995524</timestamp>
			</report>
			<report>
				<misses>1436001</misses>
				<total>1424234</total>
				<timestamp>106.066989</timestamp>
			</report>
			<report>
				<misses>1437001</misses>
				<total>1425233</total>
				<timestamp>106.136997</timestamp>
			</report>
			<report>
				<misses>1438001</misses>
				<total>1426232</total>
				<timestamp>106.208037</timestamp>
			</report>
			<report>
				<misses>1439001</misses>
				<total>1427231</total>
				<timestamp>106.278587</timestamp>
			</report>
			<report>
				<misses>1440001</misses>
				<total>1428230</total>
				<timestamp>106.348801</timestamp>
			</report>
			<report>
				<misses>1441001</misses>
				<total>1429229</total>
				<timestamp>106.419771</timestamp>
			</report>
			<report>
				<misses>1442001</misses>
				<total>1430228</total>
				<timestamp>106.489844</timestamp>
			</report>
			<report>
				<misses>1443001</misses>
				<total>1431227</total>
				<timestamp>106.560183</timestamp>
			</report>
			<report>
				<misses>1444001</misses>
				<total>1432226</total>
				<timestamp>106.633557</timestamp>
			</report>
			<report>
				<misses>1445001</misses>
				<total>1433225</total>
				<timestamp>106.706823</timestamp>
			</report>
			<report>
				<misses>1446001</misses>
				<total>1434224</total>
				<timestamp>106.782543</timestamp>
			</report>
			<report>
				<misses>1447001</misses>
				<total>1435223</total>
				<timestamp>106.854773</timestamp>
			</report>
			<report>
				<misses>1448001</misses>
				<total>1436222</total>
				<timestamp>106.927341</timestamp>
			</report>
			<report>
				<misses>1449001</misses>
				<total>1437221</total>
				<timestamp>106.998893</timestamp>
			</report>
			<report>
				<misses>1450001</misses>
				<total>1438220</total>
				<timestamp>107.073269</timestamp>
			</report>
			<report>
				<misses>1451001</misses>
				<total>1439219</total>
				<timestamp>107.164641</timestamp>
			</report>
			<report>
				<misses>1452001</misses>
				<total>1440218</total>
				<timestamp>107.242055</timestamp>
			</report>
			<report>
				<misses>1453001</misses>
				<total>1441217</total>
				<timestamp>107.318981</timestamp>
			</report>
			<report>
				<misses>1454001</misses>
				<total>1442216</total>
				<timestamp>107.392186</timestamp>
			</report>
			<report>
				<misses>1455001</misses>
				<total>1443215</total>
				<timestamp>107.467636</timestamp>
			</report>
			<report>
				<misses>1456001</misses>
				<total>1444214</total>
				<timestamp>107.540481</timestamp>
			</report>
			<report>
				<misses>1457001</misses>
				<total>1445213</total>
				<timestamp>107.612683</timestamp>
			</report>
			<report>
				<misses>1458001</misses>
				<total>1446212</total>
				<timestamp>107.688381</timestamp>
			</report>
			<report>
				<misses>1459001</misses>
				<total>1447211</total>
				<timestamp>107.758571</timestamp>
			</report>
			<report>
				<misses>1460001</misses>
				<total>1448210</total>
				<timestamp>107.830397</timestamp>
			</report>
			<report>
				<misses>1461001</misses>
				<total>1449209</total>
				<timestamp>107.900486</timestamp>
			</report>
			<report>
				<misses>1462001</misses>
				<total>1450208</total>
				<timestamp>107.972383</timestamp>
			</report>
			<report>
				<misses>1463001</misses>
				<total>1451207</total>
				<timestamp>108.045300</timestamp>
			</report>
			<report>
				<misses>1464001</misses>
				<total>1452206</total>
				<timestamp>108.120706</timestamp>
			</report>
			<report>
				<misses>1465001</misses>
				<total>1453205</total>
				<timestamp>108.199525</timestamp>
			</report>
			<report>
				<misses>1466001</misses>
				<total>1454204</total>
				<timestamp>108.275277</timestamp>
			</report>
			<report>
				<misses>1467001</misses>
				<total>1455203</total>
				<timestamp>108.349348</timestamp>
			</report>
			<report>
				<misses>1468001</misses>
				<total>1456202</total>
				<timestamp>108.424200</timestamp>
			</report>
			<report>
				<misses>1469001</misses>
				<total>1457201</total>
				<timestamp>108.503918</timestamp>
			</report>
			<report>
				<misses>1470001</misses>
				<total>1458200</total>
				<timestamp>108.577074</timestamp>
			</report>
			<report>
				<misses>1471001</misses>
				<total>1459199</total>
				<timestamp>108.653919</timestamp>
			</report>
			<report>
				<misses>1472001</misses>
				<total>1460198</total>
				<timestamp>108.728662</timestamp>
			</report>
			<report>
				<misses>1473001</misses>
				<total>1461197</total>
				<timestamp>108.800982</timestamp>
			</report>
			<report>
				<misses>1474001</misses>
				<total>1462196</total>
				<timestamp>108.872178</timestamp>
			</report>
			<report>
				<misses>1475001</misses>
				<total>1463195</total>
				<timestamp>108.943272</timestamp>
			</report>
			<report>
				<misses>1476001</misses>
				<total>1464194</total>
				<timestamp>109.020752</timestamp>
			</report>
			<report>
				<misses>1477001</misses>
				<total>1465193</total>
				<timestamp>109.097588</timestamp>
			</report>
			<report>
				<misses>1478001</misses>
				<total>1466192</total>
				<timestamp>109.177811</timestamp>
			</report>
			<report>
				<misses>1479001</misses>
				<total>1467191</total>
				<timestamp>109.252955</timestamp>
			</report>
			<report>
				<misses>1480001</misses>
				<total>1468190</total>
				<timestamp>109.327741</timestamp>
			</report>
			<report>
				<misses>1481001</misses>
				<total>1469189</total>
				<timestamp>109.398491</timestamp>
			</report>
			<report>
				<misses>1482001</misses>
				<total>1470188</total>
				<timestamp>109.470407</timestamp>
			</report>
			<report>
				<misses>1483001</misses>
				<total>1471187</total>
				<timestamp>109.547486</timestamp>
			</report>
			<report>
				<misses>1484001</misses>
				<total>1472186</total>
				<timestamp>109.622734</timestamp>
			</report>
			<report>
				<misses>1485001</misses>
				<total>1473185</total>
				<timestamp>109.695039</timestamp>
			</report>
			<report>
				<misses>1486001</misses>
				<total>1474184</total>
				<timestamp>109.772599</timestamp>
			</report>
			<report>
				<misses>1487001</misses>
				<total>1475183</total>
				<timestamp>109.847925</timestamp>
			</report>
			<report>
				<misses>1488001</misses>
				<total>1476182</total>
				<timestamp>109.924957</timestamp>
			</report>
			<report>
				<misses>1489001</misses>
				<total>1477181</total>
				<timestamp>109.996877</timestamp>
			</report>
			<report>
				<misses>1490001</misses>
				<total>1478180</total>
				<timestamp>110.073852</timestamp>
			</report>
			<report>
				<misses>1491001</misses>
				<total>1479179</total>
				<timestamp>110.153000</timestamp>
			</report>
			<report>
				<misses>1492001</misses>
				<total>1480178</total>
				<timestamp>110.228125</timestamp>
			</report>
			<report>
				<misses>1493001</misses>
				<total>1481177</total>
				<timestamp>110.298887</timestamp>
			</report>
			<report>
				<misses>1494001</misses>
				<total>1482176</total>
				<timestamp>110.372581</timestamp>
			</report>
			<report>
				<misses>1495001</misses>
				<total>1483175</total>
				<timestamp>110.444368</timestamp>
			</report>
			<report>
				<misses>1496001</misses>
				<total>1484174</total>
				<timestamp>110.521107</timestamp>
			</report>
			<report>
				<misses>1497001</misses>
				<total>1485173</total>
				<timestamp>110.596202</timestamp>
			</report>
			<report>
				<misses>1498001</misses>
				<total>1486172</total>
				<timestamp>110.672114</timestamp>
			</report>
			<report>
				<misses>1499001</misses>
				<total>1487171</total>
				<timestamp>110.747677</timestamp>
			</report>
			<report>
				<misses>1500001</misses>
				<total>1488170</total>
				<timestamp>110.820438</timestamp>
			</report>
			<report>
				<misses>1501001</misses>
				<total>1489169</total>
				<timestamp>110.899018</timestamp>
			</report>
			<report>
				<misses>1502001</misses>
				<total>1490168</total>
				<timestamp>110.975532</timestamp>
			</report>
			<report>
				<misses>1503001</misses>
				<total>1491167</total>
				<timestamp>111.048520</timestamp>
			</report>
			<report>
				<misses>1504001</misses>
				<total>1492166</total>
				<timestamp>111.127323</timestamp>
			</report>
			<report>
				<misses>1505001</misses>
				<total>1493165</total>
				<timestamp>111.207788</timestamp>
			</report>
			<report>
				<misses>1506001</misses>
				<total>1494164</total>
				<timestamp>111.282163</timestamp>
			</report>
			<report>
				<misses>1507001</misses>
				<total>1495163</total>
				<timestamp>111.361284</timestamp>
			</report>
			<report>
				<misses>1508001</misses>
				<total>1496162</total>
				<timestamp>111.434650</timestamp>
			</report>
			<report>
				<misses>1509001</misses>
				<total>1497161</total>
				<timestamp>111.506661</timestamp>
			</report>
			<report>
				<misses>1510001</misses>
				<total>1498160</total>
				<timestamp>111.584257</timestamp>
			</report>
			<report>
				<misses>1511001</misses>
				<total>1499159</total>
				<timestamp>111.666129</timestamp>
			</report>
			<report>
				<misses>1512001</misses>
				<total>1500158</total>
				<timestamp>111.737439</timestamp>
			</report>
			<report>
				<misses>1513001</misses>
				<total>1501157</total>
				<timestamp>111.811044</timestamp>
			</report>
			<report>
				<misses>1514001</misses>
				<total>1502156</total>
				<timestamp>111.886783</timestamp>
			</report>
			<report>
				<misses>1515001</misses>
				<total>1503155</total>
				<timestamp>111.956777</timestamp>
			</report>
			<report>
				<misses>1516001</misses>
				<total>1504154</total>
				<timestamp>112.032026</timestamp>
			</report>
			<report>
				<misses>1517001</misses>
				<total>1505153</total>
				<timestamp>112.103903</timestamp>
			</report>
			<report>
				<misses>1518001</misses>
				<total>1506152</total>
				<timestamp>112.173920</timestamp>
			</report>
			<report>
				<misses>1519001</misses>
				<total>1507151</total>
				<timestamp>112.244455</timestamp>
			</report>
			<report>
				<misses>1520001</misses>
				<total>1508150</total>
				<timestamp>112.314634</timestamp>
			</report>
			<report>
				<misses>1521001</misses>
				<total>1509149</total>
				<timestamp>112.385058</timestamp>
			</report>
			<report>
				<misses>1522001</misses>
				<total>1510148</total>
				<timestamp>112.455996</timestamp>
			</report>
			<report>
				<misses>1523001</misses>
				<total>1511147</total>
				<timestamp>112.535017</timestamp>
			</report>
			<report>
				<misses>1524001</misses>
				<total>1512146</total>
				<timestamp>112.611966</timestamp>
			</report>
			<report>
				<misses>1525001</misses>
				<total>1513145</total>
				<timestamp>112.683883</timestamp>
			</report>
			<report>
				<misses>1526001</misses>
				<total>1514144</total>
				<timestamp>112.755955</timestamp>
			</report>
			<report>
				<misses>1527001</misses>
				<total>1515143</total>
				<timestamp>112.829645</timestamp>
			</report>
			<report>
				<misses>1528001</misses>
				<total>1516142</total>
				<timestamp>112.903741</timestamp>
			</report>
			<report>
				<misses>1529001</misses>
				<total>1517141</total>
				<timestamp>112.981193</timestamp>
			</report>
			<report>
				<misses>1530001</misses>
				<total>1518140</total>
				<timestamp>113.051959</timestamp>
			</report>
			<report>
				<misses>1531001</misses>
				<total>1519139</total>
				<timestamp>113.122676</timestamp>
			</report>
			<report>
				<misses>1532001</misses>
				<total>1520138</total>
				<timestamp>113.196134</timestamp>
			</report>
			<report>
				<misses>1533001</misses>
				<total>1521137</total>
				<timestamp>113.271752</timestamp>
			</report>
			<report>
				<misses>1534001</misses>
				<total>1522136</total>
				<timestamp>113.345971</timestamp>
			</report>
			<report>
				<misses>1535001</misses>
				<total>1523135</total>
				<timestamp>113.420067</timestamp>
			</report>
			<report>
				<misses>1536001</misses>
				<total>1524134</total>
				<timestamp>113.493160</timestamp>
			</report>
			<report>
				<misses>1537001</misses>
				<total>1525133</total>
				<timestamp>113.565861</timestamp>
			</report>
			<report>
				<misses>1538001</misses>
				<total>1526132</total>
				<timestamp>113.637045</timestamp>
			</report>
			<report>
				<misses>1539001</misses>
				<total>1527131</total>
				<timestamp>113.722728</timestamp>
			</report>
			<report>
				<misses>1540001</misses>
				<total>1528130</total>
				<timestamp>113.798151</timestamp>
			</report>
			<report>
				<misses>1541001</misses>
				<total>1529129</total>
				<timestamp>113.870840</timestamp>
			</report>
			<report>
				<misses>1542001</misses>
				<total>1530128</total>
				<timestamp>113.944684</timestamp>
			</report>
			<report>
				<misses>1543001</misses>
				<total>1531127</total>
				<timestamp>114.015081</timestamp>
			</report>
			<report>
				<misses>1544001</misses>
				<total>1532126</total>
				<timestamp>114.086587</timestamp>
			</report>
			<report>
				<misses>1545001</misses>
				<total>1533125</total>
				<timestamp>114.159419</timestamp>
			</report>
			<report>
				<misses>1546001</misses>
				<total>1534124</total>
				<timestamp>114.230486</timestamp>
			</report>
			<report>
				<misses>1547001</misses>
				<total>1535123</total>
				<timestamp>114.301291</timestamp>
			</report>
			<report>
				<misses>1548001</misses>
				<total>1536122</total>
				<timestamp>114.372676</timestamp>
			</report>
			<report>
				<misses>1549001</misses>
				<total>1537121</total>
				<timestamp>114.449922</timestamp>
			</report>
			<report>
				<misses>1550001</misses>
				<total>1538120</total>
				<timestamp>114.528248</timestamp>
			</report>
			<report>
				<misses>1551001</misses>
				<total>1539119</total>
				<timestamp>114.598302</timestamp>
			</report>
			<report>
				<misses>1552001</misses>
				<total>1540118</total>
				<timestamp>114.671535</timestamp>
			</report>
			<report>
				<misses>1553001</misses>
				<total>1541117</total>
				<timestamp>114.750061</timestamp>
			</report>
			<report>
				<misses>1554001</misses>
				<total>1542116</total>
				<timestamp>114.822457</timestamp>
			</report>
			<report>
				<misses>1555001</misses>
				<total>1543115</total>
				<timestamp>114.892783</timestamp>
			</report>
			<report>
				<misses>1556001</misses>
				<total>1544114</total>
				<timestamp>114.966920</timestamp>
			</report>
			<report>
				<misses>1557001</misses>
				<total>1545113</total>
				<timestamp>115.037291</timestamp>
			</report>
			<report>
				<misses>1558001</misses>
				<total>1546112</total>
				<timestamp>115.117068</timestamp>
			</report>
			<report>
				<misses>1559001</misses>
				<total>1547111</total>
				<timestamp>115.194598</timestamp>
			</report>
			<report>
				<misses>1560001</misses>
				<total>1548110</total>
				<timestamp>115.266939</timestamp>
			</report>
			<report>
				<misses>1561001</misses>
				<total>1549109</total>
				<timestamp>115.337326</timestamp>
			</report>
			<report>
				<misses>1562001</misses>
				<total>1550108</total>
				<timestamp>115.408370</timestamp>
			</report>
			<report>
				<misses>1563001</misses>
				<total>1551107</total>
				<timestamp>115.480562</timestamp>
			</report>
			<report>
				<misses>1564001</misses>
				<total>1552106</total>
				<timestamp>115.550998</timestamp>
			</report>
			<report>
				<misses>1565001</misses>
				<total>1553105</total>
				<timestamp>115.624846</timestamp>
			</report>
			<report>
				<misses>1566001</misses>
				<total>1554104</total>
				<timestamp>115.703896</timestamp>
			</report>
			<report>
				<misses>1567001</misses>
				<total>1555103</total>
				<timestamp>115.784948</timestamp>
			</report>
			<report>
				<misses>1568001</misses>
				<total>1556102</total>
				<timestamp>115.858120</timestamp>
			</report>
			<report>
				<misses>1569001</misses>
				<total>1557101</total>
				<timestamp>115.932328</timestamp>
			</report>
			<report>
				<misses>1570001</misses>
				<total>1558100</total>
				<timestamp>116.006039</timestamp>
			</report>
			<report>
				<misses>1571001</misses>
				<total>1559099</total>
				<timestamp>116.083739</timestamp>
			</report>
			<report>
				<misses>1572001</misses>
				<total>1560098</total>
				<timestamp>116.153951</timestamp>
			</report>
			<report>
				<misses>1573001</misses>
				<total>1561097</total>
				<timestamp>116.225147</timestamp>
			</report>
			<report>
				<misses>1574001</misses>
				<total>1562096</total>
				<timestamp>116.298939</timestamp>
			</report>
			<report>
				<misses>1575001</misses>
				<total>1563095</total>
				<timestamp>116.373022</timestamp>
			</report>
			<report>
				<misses>1576001</misses>
				<total>1564094</total>
				<timestamp>116.446697</timestamp>
			</report>
			<report>
				<misses>1577001</misses>
				<total>1565093</total>
				<timestamp>116.516730</timestamp>
			</report>
			<report>
				<misses>1578001</misses>
				<total>1566092</total>
				<timestamp>116.592415</timestamp>
			</report>
			<report>
				<misses>1579001</misses>
				<total>1567091</total>
				<timestamp>116.663940</timestamp>
			</report>
			<report>
				<misses>1580001</misses>
				<total>1568090</total>
				<timestamp>116.739248</timestamp>
			</report>
			<report>
				<misses>1581001</misses>
				<total>1569089</total>
				<timestamp>116.813208</timestamp>
			</report>
			<report>
				<misses>1582001</misses>
				<total>1570088</total>
				<timestamp>116.888598</timestamp>
			</report>
			<report>
				<misses>1583001</misses>
				<total>1571087</total>
				<timestamp>116.958903</timestamp>
			</report>
			<report>
				<misses>1584001</misses>
				<total>1572086</total>
				<timestamp>117.029184</timestamp>
			</report>
			<report>
				<misses>1585001</misses>
				<total>1573085</total>
				<timestamp>117.099196</timestamp>
			</report>
			<report>
				<misses>1586001</misses>
				<total>1574084</total>
				<timestamp>117.172155</timestamp>
			</report>
			<report>
				<misses>1587001</misses>
				<total>1575083</total>
				<timestamp>117.244844</timestamp>
			</report>
			<report>
				<misses>1588001</misses>
				<total>1576082</total>
				<timestamp>117.315156</timestamp>
			</report>
			<report>
				<misses>1589001</misses>
				<total>1577081</total>
				<timestamp>117.392573</timestamp>
			</report>
			<report>
				<misses>1590001</misses>
				<total>1578080</total>
				<timestamp>117.462703</timestamp>
			</report>
			<report>
				<misses>1591001</misses>
				<total>1579079</total>
				<timestamp>117.538425</timestamp>
			</report>
			<report>
				<misses>1592001</misses>
				<total>1580078</total>
				<timestamp>117.612729</timestamp>
			</report>
			<report>
				<misses>1593001</misses>
				<total>1581077</total>
				<timestamp>117.690571</timestamp>
			</report>
			<report>
				<misses>1594001</misses>
				<total>1582076</total>
				<timestamp>117.761028</timestamp>
			</report>
			<report>
				<misses>1595001</misses>
				<total>1583075</total>
				<timestamp>117.835004</timestamp>
			</report>
			<report>
				<misses>1596001</misses>
				<total>1584074</total>
				<timestamp>117.912703</timestamp>
			</report>
			<report>
				<misses>1597001</misses>
				<total>1585073</total>
				<timestamp>117.989973</timestamp>
			</report>
			<report>
				<misses>1598001</misses>
				<total>1586072</total>
				<timestamp>118.060049</timestamp>
			</report>
			<report>
				<misses>1599001</misses>
				<total>1587071</total>
				<timestamp>118.130164</timestamp>
			</report>
			<report>
				<misses>1600001</misses>
				<total>1588070</total>
				<timestamp>118.200165</timestamp>
			</report>
			<report>
				<misses>1601001</misses>
				<total>1589069</total>
				<timestamp>118.270141</timestamp>
			</report>
			<report>
				<misses>1602001</misses>
				<total>1590068</total>
				<timestamp>118.340235</timestamp>
			</report>
			<report>
				<misses>1603001</misses>
				<total>1591067</total>
				<timestamp>118.410617</timestamp>
			</report>
			<report>
				<misses>1604001</misses>
				<total>1592066</total>
				<timestamp>118.480718</timestamp>
			</report>
			<report>
				<misses>1605001</misses>
				<total>1593065</total>
				<timestamp>118.550707</timestamp>
			</report>
			<report>
				<misses>1606001</misses>
				<total>1594064</total>
				<timestamp>118.620861</timestamp>
			</report>
			<report>
				<misses>1607001</misses>
				<total>1595063</total>
				<timestamp>118.691022</timestamp>
			</report>
			<report>
				<misses>1608001</misses>
				<total>1596062</total>
				<timestamp>118.761169</timestamp>
			</report>
			<report>
				<misses>1609001</misses>
				<total>1597061</total>
				<timestamp>118.831207</timestamp>
			</report>
			<report>
				<misses>1610001</misses>
				<total>1598060</total>
				<timestamp>118.901189</timestamp>
			</report>
			<report>
				<misses>1611001</misses>
				<total>1599059</total>
				<timestamp>118.971233</timestamp>
			</report>
			<report>
				<misses>1612001</misses>
				<total>1600058</total>
				<timestamp>119.041340</timestamp>
			</report>
			<report>
				<misses>1613001</misses>
				<total>1601057</total>
				<timestamp>119.111464</timestamp>
			</report>
			<report>
				<misses>1614001</misses>
				<total>1602056</total>
				<timestamp>119.181551</timestamp>
			</report>
			<report>
				<misses>1615001</misses>
				<total>1603055</total>
				<timestamp>119.251651</timestamp>
			</report>
			<report>
				<misses>1616001</misses>
				<total>1604054</total>
				<timestamp>119.321899</timestamp>
			</report>
			<report>
				<misses>1617001</misses>
				<total>1605053</total>
				<timestamp>119.396665</timestamp>
			</report>
			<report>
				<misses>1618001</misses>
				<total>1606052</total>
				<timestamp>119.470694</timestamp>
			</report>
			<report>
				<misses>1619001</misses>
				<total>1607051</total>
				<timestamp>119.542088</timestamp>
			</report>
			<report>
				<misses>1620001</misses>
				<total>1608050</total>
				<timestamp>119.612284</timestamp>
			</report>
			<report>
				<misses>1621001</misses>
				<total>1609049</total>
				<timestamp>119.682881</timestamp>
			</report>
			<report>
				<misses>1622001</misses>
				<total>1610048</total>
				<timestamp>119.753681</timestamp>
			</report>
			<report>
				<misses>1623001</misses>
				<total>1611047</total>
				<timestamp>119.833915</timestamp>
			</report>
			<report>
				<misses>1624001</misses>
				<total>1612046</total>
				<timestamp>119.913131</timestamp>
			</report>
			<report>
				<misses>1625001</misses>
				<total>1613045</total>
				<timestamp>119.985104</timestamp>
			</report>
			<report>
				<misses>1626001</misses>
				<total>1614044</total>
				<timestamp>120.058580</timestamp>
			</report>
			<report>
				<misses>1627001</misses>
				<total>1615043</total>
				<timestamp>120.132322</timestamp>
			</report>
			<report>
				<misses>1628001</misses>
				<total>1616042</total>
				<timestamp>120.209976</timestamp>
			</report>
			<report>
				<misses>1629001</misses>
				<total>1617041</total>
				<timestamp>120.283407</timestamp>
			</report>
			<report>
				<misses>1630001</misses>
				<total>1618040</total>
				<timestamp>120.361632</timestamp>
			</report>
			<report>
				<misses>1631001</misses>
				<total>1619039</total>
				<timestamp>120.440731</timestamp>
			</report>
			<report>
				<misses>1632001</misses>
				<total>1620038</total>
				<timestamp>120.513383</timestamp>
			</report>
			<report>
				<misses>1633001</misses>
				<total>1621037</total>
				<timestamp>120.586101</timestamp>
			</report>
			<report>
				<misses>1634001</misses>
				<total>1622036</total>
				<timestamp>120.666550</timestamp>
			</report>
			<report>
				<misses>1635001</misses>
				<total>1623035</total>
				<timestamp>120.750012</timestamp>
			</report>
			<report>
				<misses>1636001</misses>
				<total>1624034</total>
				<timestamp>120.830041</timestamp>
			</report>
			<report>
				<misses>1637001</misses>
				<total>1625033</total>
				<timestamp>120.905527</timestamp>
			</report>
			<report>
				<misses>1638001</misses>
				<total>1626032</total>
				<timestamp>120.980729</timestamp>
			</report>
			<report>
				<misses>1639001</misses>
				<total>1627031</total>
				<timestamp>121.055861</timestamp>
			</report>
			<report>
				<misses>1640001</misses>
				<total>1628030</total>
				<timestamp>121.126637</timestamp>
			</report>
			<report>
				<misses>1641001</misses>
				<total>1629029</total>
				<timestamp>121.206256</timestamp>
			</report>
			<report>
				<misses>1642001</misses>
				<total>1630028</total>
				<timestamp>121.280831</timestamp>
			</report>
			<report>
				<misses>1643001</misses>
				<total>1631027</total>
				<timestamp>121.350884</timestamp>
			</report>
			<report>
				<misses>1644001</misses>
				<total>1632026</total>
				<timestamp>121.421120</timestamp>
			</report>
			<report>
				<misses>1645001</misses>
				<total>1633025</total>
				<timestamp>121.491591</timestamp>
			</report>
			<report>
				<misses>1646001</misses>
				<total>1634024</total>
				<timestamp>121.561881</timestamp>
			</report>
			<report>
				<misses>1647001</misses>
				<total>1635023</total>
				<timestamp>121.638121</timestamp>
			</report>
			<report>
				<misses>1648001</misses>
				<total>1636022</total>
				<timestamp>121.714628</timestamp>
			</report>
			<report>
				<misses>1649001</misses>
				<total>1637021</total>
				<timestamp>121.791722</timestamp>
			</report>
			<report>
				<misses>1650001</misses>
				<total>1638020</total>
				<timestamp>121.863690</timestamp>
			</report>
			<report>
				<misses>1651001</misses>
				<total>1639019</total>
				<timestamp>121.942293</timestamp>
			</report>
			<report>
				<misses>1652001</misses>
				<total>1640018</total>
				<timestamp>122.012312</timestamp>
			</report>
			<report>
				<misses>1653001</misses>
				<total>1641017</total>
				<timestamp>122.085639</timestamp>
			</report>
			<report>
				<misses>1654001</misses>
				<total>1642016</total>
				<timestamp>122.163706</timestamp>
			</report>
			<report>
				<misses>1655001</misses>
				<total>1643015</total>
				<timestamp>122.238888</timestamp>
			</report>
			<report>
				<misses>1656001</misses>
				<total>1644014</total>
				<timestamp>122.312810</timestamp>
			</report>
			<report>
				<misses>1657001</misses>
				<total>1645013</total>
				<timestamp>122.385735</timestamp>
			</report>
			<report>
				<misses>1658001</misses>
				<total>1646012</total>
				<timestamp>122.456596</timestamp>
			</report>
			<report>
				<misses>1659001</misses>
				<total>1647011</total>
				<timestamp>122.526679</timestamp>
			</report>
			<report>
				<misses>1660001</misses>
				<total>1648010</total>
				<timestamp>122.597088</timestamp>
			</report>
			<report>
				<misses>1661001</misses>
				<total>1649009</total>
				<timestamp>122.672521</timestamp>
			</report>
			<report>
				<misses>1662001</misses>
				<total>1650008</total>
				<timestamp>122.753183</timestamp>
			</report>
			<report>
				<misses>1663001</misses>
				<total>1651007</total>
				<timestamp>122.828642</timestamp>
			</report>
			<report>
				<misses>1664001</misses>
				<total>1652006</total>
				<timestamp>122.898755</timestamp>
			</report>
			<report>
				<misses>1665001</misses>
				<total>1653005</total>
				<timestamp>122.972770</timestamp>
			</report>
			<report>
				<misses>1666001</misses>
				<total>1654004</total>
				<timestamp>123.048397</timestamp>
			</report>
			<report>
				<misses>1667001</misses>
				<total>1655003</total>
				<timestamp>123.124656</timestamp>
			</report>
			<report>
				<misses>1668001</misses>
				<total>1656002</total>
				<timestamp>123.194979</timestamp>
			</report>
			<report>
				<misses>1669001</misses>
				<total>1657001</total>
				<timestamp>123.267458</timestamp>
			</report>
			<report>
				<misses>1670001</misses>
				<total>1658000</total>
				<timestamp>123.342072</timestamp>
			</report>
			<report>
				<misses>1671001</misses>
				<total>1658999</total>
				<timestamp>123.418118</timestamp>
			</report>
			<report>
				<misses>1672001</misses>
				<total>1659998</total>
				<timestamp>123.491722</timestamp>
			</report>
			<report>
				<misses>1673001</misses>
				<total>1660997</total>
				<timestamp>123.561837</timestamp>
			</report>
			<report>
				<misses>1674001</misses>
				<total>1661996</total>
				<timestamp>123.631860</timestamp>
			</report>
			<report>
				<misses>1675001</misses>
				<total>1662995</total>
				<timestamp>123.702532</timestamp>
			</report>
			<report>
				<misses>1676001</misses>
				<total>1663994</total>
				<timestamp>123.777825</timestamp>
			</report>
			<report>
				<misses>1677001</misses>
				<total>1664993</total>
				<timestamp>123.855701</timestamp>
			</report>
			<report>
				<misses>1678001</misses>
				<total>1665992</total>
				<timestamp>123.931023</timestamp>
			</report>
			<report>
				<misses>1679001</misses>
				<total>1666991</total>
				<timestamp>124.006793</timestamp>
			</report>
			<report>
				<misses>1680001</misses>
				<total>1667990</total>
				<timestamp>124.082848</timestamp>
			</report>
			<report>
				<misses>1681001</misses>
				<total>1668989</total>
				<timestamp>124.154052</timestamp>
			</report>
			<report>
				<misses>1682001</misses>
				<total>1669988</total>
				<timestamp>124.231036</timestamp>
			</report>
			<report>
				<misses>1683001</misses>
				<total>1670987</total>
				<timestamp>124.301178</timestamp>
			</report>
			<report>
				<misses>1684001</misses>
				<total>1671986</total>
				<timestamp>124.371211</timestamp>
			</report>
			<report>
				<misses>1685001</misses>
				<total>1672985</total>
				<timestamp>124.441286</timestamp>
			</report>
			<report>
				<misses>1686001</misses>
				<total>1673984</total>
				<timestamp>124.511381</timestamp>
			</report>
			<report>
				<misses>1687001</misses>
				<total>1674983</total>
				<timestamp>124.581771</timestamp>
			</report>
			<report>
				<misses>1688001</misses>
				<total>1675982</total>
				<timestamp>124.652969</timestamp>
			</report>
			<report>
				<misses>1689001</misses>
				<total>1676981</total>
				<timestamp>124.723791</timestamp>
			</report>
			<report>
				<misses>1690001</misses>
				<total>1677980</total>
				<timestamp>124.805513</timestamp>
			</report>
			<report>
				<misses>1691001</misses>
				<total>1678979</total>
				<timestamp>124.881644</timestamp>
			</report>
			<report>
				<misses>1692001</misses>
				<total>1679978</total>
				<timestamp>124.952091</timestamp>
			</report>
			<report>
				<misses>1693001</misses>
				<total>1680977</total>
				<timestamp>125.028944</timestamp>
			</report>
			<report>
				<misses>1694001</misses>
				<total>1681976</total>
				<timestamp>125.099639</timestamp>
			</report>
			<report>
				<misses>1695001</misses>
				<total>1682975</total>
				<timestamp>125.169737</timestamp>
			</report>
			<report>
				<misses>1696001</misses>
				<total>1683974</total>
				<timestamp>125.240160</timestamp>
			</report>
			<report>
				<misses>1697001</misses>
				<total>1684973</total>
				<timestamp>125.315516</timestamp>
			</report>
			<report>
				<misses>1698001</misses>
				<total>1685972</total>
				<timestamp>125.389367</timestamp>
			</report>
			<report>
				<misses>1699001</misses>
				<total>1686971</total>
				<timestamp>125.462100</timestamp>
			</report>
			<report>
				<misses>1700001</misses>
				<total>1687970</total>
				<timestamp>125.532166</timestamp>
			</report>
			<report>
				<misses>1701001</misses>
				<total>1688969</total>
				<timestamp>125.602169</timestamp>
			</report>
			<report>
				<misses>1702001</misses>
				<total>1689968</total>
				<timestamp>125.672177</timestamp>
			</report>
			<report>
				<misses>1703001</misses>
				<total>1690967</total>
				<timestamp>125.745792</timestamp>
			</report>
			<report>
				<misses>1704001</misses>
				<total>1691966</total>
				<timestamp>125.825527</timestamp>
			</report>
			<report>
				<misses>1705001</misses>
				<total>1692965</total>
				<timestamp>125.907603</timestamp>
			</report>
			<report>
				<misses>1706001</misses>
				<total>1693964</total>
				<timestamp>125.980518</timestamp>
			</report>
			<report>
				<misses>1707001</misses>
				<total>1694963</total>
				<timestamp>126.050579</timestamp>
			</report>
			<report>
				<misses>1708001</misses>
				<total>1695962</total>
				<timestamp>126.127167</timestamp>
			</report>
			<report>
				<misses>1709001</misses>
				<total>1696961</total>
				<timestamp>126.202506</timestamp>
			</report>
			<report>
				<misses>1710001</misses>
				<total>1697960</total>
				<timestamp>126.276056</timestamp>
			</report>
			<report>
				<misses>1711001</misses>
				<total>1698959</total>
				<timestamp>126.346040</timestamp>
			</report>
			<report>
				<misses>1712001</misses>
				<total>1699958</total>
				<timestamp>126.416049</timestamp>
			</report>
			<report>
				<misses>1713001</misses>
				<total>1700957</total>
				<timestamp>126.487578</timestamp>
			</report>
			<report>
				<misses>1714001</misses>
				<total>1701956</total>
				<timestamp>126.563317</timestamp>
			</report>
			<report>
				<misses>1715001</misses>
				<total>1702955</total>
				<timestamp>126.642763</timestamp>
			</report>
			<report>
				<misses>1716001</misses>
				<total>1703954</total>
				<timestamp>126.712966</timestamp>
			</report>
			<report>
				<misses>1717001</misses>
				<total>1704953</total>
				<timestamp>126.783017</timestamp>
			</report>
			<report>
				<misses>1718001</misses>
				<total>1705952</total>
				<timestamp>126.853319</timestamp>
			</report>
			<report>
				<misses>1719001</misses>
				<total>1706951</total>
				<timestamp>126.923374</timestamp>
			</report>
			<report>
				<misses>1720001</misses>
				<total>1707950</total>
				<timestamp>126.997339</timestamp>
			</report>
			<report>
				<misses>1721001</misses>
				<total>1708949</total>
				<timestamp>127.070296</timestamp>
			</report>
			<report>
				<misses>1722001</misses>
				<total>1709948</total>
				<timestamp>127.147159</timestamp>
			</report>
			<report>
				<misses>1723001</misses>
				<total>1710947</total>
				<timestamp>127.222087</timestamp>
			</report>
			<report>
				<misses>1724001</misses>
				<total>1711946</total>
				<timestamp>127.297437</timestamp>
			</report>
			<report>
				<misses>1725001</misses>
				<total>1712945</total>
				<timestamp>127.380748</timestamp>
			</report>
			<report>
				<misses>1726001</misses>
				<total>1713944</total>
				<timestamp>127.454351</timestamp>
			</report>
			<report>
				<misses>1727001</misses>
				<total>1714943</total>
				<timestamp>127.529542</timestamp>
			</report>
			<report>
				<misses>1728001</misses>
				<total>1715942</total>
				<timestamp>127.601323</timestamp>
			</report>
			<report>
				<misses>1729001</misses>
				<total>1716941</total>
				<timestamp>127.674511</timestamp>
			</report>
			<report>
				<misses>1730001</misses>
				<total>1717940</total>
				<timestamp>127.752033</timestamp>
			</report>
			<report>
				<misses>1731001</misses>
				<total>1718939</total>
				<timestamp>127.831501</timestamp>
			</report>
			<report>
				<misses>1732001</misses>
				<total>1719938</total>
				<timestamp>127.909911</timestamp>
			</report>
			<report>
				<misses>1733001</misses>
				<total>1720937</total>
				<timestamp>127.983592</timestamp>
			</report>
			<report>
				<misses>1734001</misses>
				<total>1721936</total>
				<timestamp>128.057974</timestamp>
			</report>
			<report>
				<misses>1735001</misses>
				<total>1722935</total>
				<timestamp>128.133756</timestamp>
			</report>
			<report>
				<misses>1736001</misses>
				<total>1723934</total>
				<timestamp>128.203901</timestamp>
			</report>
			<report>
				<misses>1737001</misses>
				<total>1724933</total>
				<timestamp>128.275804</timestamp>
			</report>
			<report>
				<misses>1738001</misses>
				<total>1725932</total>
				<timestamp>128.347697</timestamp>
			</report>
			<report>
				<misses>1739001</misses>
				<total>1726931</total>
				<timestamp>128.417766</timestamp>
			</report>
			<report>
				<misses>1740001</misses>
				<total>1727930</total>
				<timestamp>128.490619</timestamp>
			</report>
			<report>
				<misses>1741001</misses>
				<total>1728929</total>
				<timestamp>128.562301</timestamp>
			</report>
			<report>
				<misses>1742001</misses>
				<total>1729928</total>
				<timestamp>128.632918</timestamp>
			</report>
			<report>
				<misses>1743001</misses>
				<total>1730927</total>
				<timestamp>128.713761</timestamp>
			</report>
			<report>
				<misses>1744001</misses>
				<total>1731926</total>
				<timestamp>128.791362</timestamp>
			</report>
			<report>
				<misses>1745001</misses>
				<total>1732925</total>
				<timestamp>128.864767</timestamp>
			</report>
			<report>
				<misses>1746001</misses>
				<total>1733924</total>
				<timestamp>128.938859</timestamp>
			</report>
			<report>
				<misses>1747001</misses>
				<total>1734923</total>
				<timestamp>129.008895</timestamp>
			</report>
			<report>
				<misses>1748001</misses>
				<total>1735922</total>
				<timestamp>129.082834</timestamp>
			</report>
			<report>
				<misses>1749001</misses>
				<total>1736921</total>
				<timestamp>129.152973</timestamp>
			</report>
			<report>
				<misses>1750001</misses>
				<total>1737920</total>
				<timestamp>129.223848</timestamp>
			</report>
			<report>
				<misses>1751001</misses>
				<total>1738919</total>
				<timestamp>129.294176</timestamp>
			</report>
			<report>
				<misses>1752001</misses>
				<total>1739918</total>
				<timestamp>129.370464</timestamp>
			</report>
			<report>
				<misses>1753001</misses>
				<total>1740917</total>
				<timestamp>129.446662</timestamp>
			</report>
			<report>
				<misses>1754001</misses>
				<total>1741916</total>
				<timestamp>129.520623</timestamp>
			</report>
			<report>
				<misses>1755001</misses>
				<total>1742915</total>
				<timestamp>129.595961</timestamp>
			</report>
			<report>
				<misses>1756001</misses>
				<total>1743914</total>
				<timestamp>129.670848</timestamp>
			</report>
			<report>
				<misses>1757001</misses>
				<total>1744913</total>
				<timestamp>129.740896</timestamp>
			</report>
			<report>
				<misses>1758001</misses>
				<total>1745912</total>
				<timestamp>129.815741</timestamp>
			</report>
			<report>
				<misses>1759001</misses>
				<total>1746911</total>
				<timestamp>129.892321</timestamp>
			</report>
			<report>
				<misses>1760001</misses>
				<total>1747910</total>
				<timestamp>129.970575</timestamp>
			</report>
			<report>
				<misses>1761001</misses>
				<total>1748909</total>
				<timestamp>130.048461</timestamp>
			</report>
			<report>
				<misses>1762001</misses>
				<total>1749908</total>
				<timestamp>130.120627</timestamp>
			</report>
			<report>
				<misses>1763001</misses>
				<total>1750907</total>
				<timestamp>130.196757</timestamp>
			</report>
			<report>
				<misses>1764001</misses>
				<total>1751906</total>
				<timestamp>130.269013</timestamp>
			</report>
			<report>
				<misses>1765001</misses>
				<total>1752905</total>
				<timestamp>130.343817</timestamp>
			</report>
			<report>
				<misses>1766001</misses>
				<total>1753904</total>
				<timestamp>130.421927</timestamp>
			</report>
			<report>
				<misses>1767001</misses>
				<total>1754903</total>
				<timestamp>130.503187</timestamp>
			</report>
			<report>
				<misses>1768001</misses>
				<total>1755902</total>
				<timestamp>130.578829</timestamp>
			</report>
			<report>
				<misses>1769001</misses>
				<total>1756901</total>
				<timestamp>130.649690</timestamp>
			</report>
			<report>
				<misses>1770001</misses>
				<total>1757900</total>
				<timestamp>130.722856</timestamp>
			</report>
			<report>
				<misses>1771001</misses>
				<total>1758899</total>
				<timestamp>130.794925</timestamp>
			</report>
			<report>
				<misses>1772001</misses>
				<total>1759898</total>
				<timestamp>130.876596</timestamp>
			</report>
			<report>
				<misses>1773001</misses>
				<total>1760897</total>
				<timestamp>130.953942</timestamp>
			</report>
			<report>
				<misses>1774001</misses>
				<total>1761896</total>
				<timestamp>131.023927</timestamp>
			</report>
			<report>
				<misses>1775001</misses>
				<total>1762895</total>
				<timestamp>131.096570</timestamp>
			</report>
			<report>
				<misses>1776001</misses>
				<total>1763894</total>
				<timestamp>131.169458</timestamp>
			</report>
			<report>
				<misses>1777001</misses>
				<total>1764893</total>
				<timestamp>131.248074</timestamp>
			</report>
			<report>
				<misses>1778001</misses>
				<total>1765892</total>
				<timestamp>131.318251</timestamp>
			</report>
			<report>
				<misses>1779001</misses>
				<total>1766891</total>
				<timestamp>131.388323</timestamp>
			</report>
			<report>
				<misses>1780001</misses>
				<total>1767890</total>
				<timestamp>131.458493</timestamp>
			</report>
			<report>
				<misses>1781001</misses>
				<total>1768889</total>
				<timestamp>131.528594</timestamp>
			</report>
			<report>
				<misses>1782001</misses>
				<total>1769888</total>
				<timestamp>131.598668</timestamp>
			</report>
			<report>
				<misses>1783001</misses>
				<total>1770887</total>
				<timestamp>131.668799</timestamp>
			</report>
			<report>
				<misses>1784001</misses>
				<total>1771886</total>
				<timestamp>131.738789</timestamp>
			</report>
			<report>
				<misses>1785001</misses>
				<total>1772885</total>
				<timestamp>131.808916</timestamp>
			</report>
			<report>
				<misses>1786001</misses>
				<total>1773884</total>
				<timestamp>131.878930</timestamp>
			</report>
			<report>
				<misses>1787001</misses>
				<total>1774883</total>
				<timestamp>131.949135</timestamp>
			</report>
			<report>
				<misses>1788001</misses>
				<total>1775882</total>
				<timestamp>132.022628</timestamp>
			</report>
			<report>
				<misses>1789001</misses>
				<total>1776881</total>
				<timestamp>132.098917</timestamp>
			</report>
			<report>
				<misses>1790001</misses>
				<total>1777880</total>
				<timestamp>132.172368</timestamp>
			</report>
			<report>
				<misses>1791001</misses>
				<total>1778879</total>
				<timestamp>132.247409</timestamp>
			</report>
			<report>
				<misses>1792001</misses>
				<total>1779878</total>
				<timestamp>132.319122</timestamp>
			</report>
			<report>
				<misses>1793001</misses>
				<total>1780877</total>
				<timestamp>132.390434</timestamp>
			</report>
			<report>
				<misses>1794001</misses>
				<total>1781876</total>
				<timestamp>132.460835</timestamp>
			</report>
			<report>
				<misses>1795001</misses>
				<total>1782875</total>
				<timestamp>132.532728</timestamp>
			</report>
			<report>
				<misses>1796001</misses>
				<total>1783874</total>
				<timestamp>132.608786</timestamp>
			</report>
			<report>
				<misses>1797001</misses>
				<total>1784396</total>
				<timestamp>132.678955</timestamp>
			</report>
			<report>
				<misses>1798001</misses>
				<total>1785395</total>
				<timestamp>132.749001</timestamp>
			</report>
			<report>
				<misses>1799001</misses>
				<total>1786394</total>
				<timestamp>132.819183</timestamp>
			</report>
			<report>
				<misses>1800001</misses>
				<total>1787393</total>
				<timestamp>132.889231</timestamp>
			</report>
			<report>
				<misses>1801001</misses>
				<total>1788392</total>
				<timestamp>132.959281</timestamp>
			</report>
			<report>
				<misses>1802001</misses>
				<total>1789391</total>
				<timestamp>133.029470</timestamp>
			</report>
			<report>
				<misses>1803001</misses>
				<total>1790390</total>
				<timestamp>133.099888</timestamp>
			</report>
			<report>
				<misses>1804001</misses>
				<total>1791364</total>
				<timestamp>133.170050</timestamp>
			</report>
			<report>
				<misses>1805001</misses>
				<total>1792363</total>
				<timestamp>133.240246</timestamp>
			</report>
			<report>
				<misses>1806001</misses>
				<total>1793362</total>
				<timestamp>133.310374</timestamp>
			</report>
			<report>
				<misses>1807001</misses>
				<total>1794361</total>
				<timestamp>133.384507</timestamp>
			</report>
			<report>
				<misses>1808001</misses>
				<total>1795360</total>
				<timestamp>133.459202</timestamp>
			</report>
			<report>
				<misses>1809001</misses>
				<total>1796359</total>
				<timestamp>133.529372</timestamp>
			</report>
			<report>
				<misses>1810001</misses>
				<total>1797358</total>
				<timestamp>133.602835</timestamp>
			</report>
			<report>
				<misses>1811001</misses>
				<total>1798357</total>
				<timestamp>133.676933</timestamp>
			</report>
			<report>
				<misses>1812001</misses>
				<total>1799356</total>
				<timestamp>133.748635</timestamp>
			</report>
			<report>
				<misses>1813001</misses>
				<total>1800355</total>
				<timestamp>133.818677</timestamp>
			</report>
			<report>
				<misses>1814001</misses>
				<total>1801354</total>
				<timestamp>133.893716</timestamp>
			</report>
			<report>
				<misses>1815001</misses>
				<total>1802353</total>
				<timestamp>133.971796</timestamp>
			</report>
			<report>
				<misses>1816001</misses>
				<total>1803352</total>
				<timestamp>134.052878</timestamp>
			</report>
			<report>
				<misses>1817001</misses>
				<total>1804351</total>
				<timestamp>134.131801</timestamp>
			</report>
			<report>
				<misses>1818001</misses>
				<total>1805350</total>
				<timestamp>134.204871</timestamp>
			</report>
			<report>
				<misses>1819001</misses>
				<total>1806349</total>
				<timestamp>134.275403</timestamp>
			</report>
			<report>
				<misses>1820001</misses>
				<total>1807348</total>
				<timestamp>134.351063</timestamp>
			</report>
			<report>
				<misses>1821001</misses>
				<total>1808347</total>
				<timestamp>134.430957</timestamp>
			</report>
			<report>
				<misses>1822001</misses>
				<total>1809346</total>
				<timestamp>134.502502</timestamp>
			</report>
			<report>
				<misses>1823001</misses>
				<total>1810345</total>
				<timestamp>134.575612</timestamp>
			</report>
			<report>
				<misses>1824001</misses>
				<total>1811344</total>
				<timestamp>134.655706</timestamp>
			</report>
			<report>
				<misses>1825001</misses>
				<total>1812343</total>
				<timestamp>134.733697</timestamp>
			</report>
			<report>
				<misses>1826001</misses>
				<total>1813342</total>
				<timestamp>134.810810</timestamp>
			</report>
			<report>
				<misses>1827001</misses>
				<total>1814341</total>
				<timestamp>134.887428</timestamp>
			</report>
			<report>
				<misses>1828001</misses>
				<total>1815340</total>
				<timestamp>134.958335</timestamp>
			</report>
			<report>
				<misses>1829001</misses>
				<total>1816339</total>
				<timestamp>135.032685</timestamp>
			</report>
			<report>
				<misses>1830001</misses>
				<total>1817338</total>
				<timestamp>135.106588</timestamp>
			</report>
			<report>
				<misses>1831001</misses>
				<total>1818337</total>
				<timestamp>135.180558</timestamp>
			</report>
			<report>
				<misses>1832001</misses>
				<total>1819336</total>
				<timestamp>135.253511</timestamp>
			</report>
			<report>
				<misses>1833001</misses>
				<total>1820335</total>
				<timestamp>135.331031</timestamp>
			</report>
			<report>
				<misses>1834001</misses>
				<total>1821334</total>
				<timestamp>135.401052</timestamp>
			</report>
			<report>
				<misses>1835001</misses>
				<total>1822333</total>
				<timestamp>135.477177</timestamp>
			</report>
			<report>
				<misses>1836001</misses>
				<total>1823332</total>
				<timestamp>135.547217</timestamp>
			</report>
			<report>
				<misses>1837001</misses>
				<total>1824331</total>
				<timestamp>135.621564</timestamp>
			</report>
			<report>
				<misses>1838001</misses>
				<total>1825330</total>
				<timestamp>135.691607</timestamp>
			</report>
			<report>
				<misses>1839001</misses>
				<total>1826329</total>
				<timestamp>135.766232</timestamp>
			</report>
			<report>
				<misses>1840001</misses>
				<total>1827328</total>
				<timestamp>135.845723</timestamp>
			</report>
			<report>
				<misses>1841001</misses>
				<total>1828327</total>
				<timestamp>135.916087</timestamp>
			</report>
			<report>
				<misses>1842001</misses>
				<total>1829326</total>
				<timestamp>135.989662</timestamp>
			</report>
			<report>
				<misses>1843001</misses>
				<total>1830325</total>
				<timestamp>136.061424</timestamp>
			</report>
			<report>
				<misses>1844001</misses>
				<total>1831324</total>
				<timestamp>136.131464</timestamp>
			</report>
			<report>
				<misses>1845001</misses>
				<total>1832323</total>
				<timestamp>136.201582</timestamp>
			</report>
			<report>
				<misses>1846001</misses>
				<total>1833322</total>
				<timestamp>136.278016</timestamp>
			</report>
			<report>
				<misses>1847001</misses>
				<total>1834321</total>
				<timestamp>136.354828</timestamp>
			</report>
			<report>
				<misses>1848001</misses>
				<total>1835320</total>
				<timestamp>136.428166</timestamp>
			</report>
			<report>
				<misses>1849001</misses>
				<total>1836319</total>
				<timestamp>136.498427</timestamp>
			</report>
			<report>
				<misses>1850001</misses>
				<total>1837318</total>
				<timestamp>136.576121</timestamp>
			</report>
			<report>
				<misses>1851001</misses>
				<total>1838317</total>
				<timestamp>136.658162</timestamp>
			</report>
			<report>
				<misses>1852001</misses>
				<total>1839316</total>
				<timestamp>136.733993</timestamp>
			</report>
			<report>
				<misses>1853001</misses>
				<total>1840315</total>
				<timestamp>136.804446</timestamp>
			</report>
			<report>
				<misses>1854001</misses>
				<total>1841314</total>
				<timestamp>136.879875</timestamp>
			</report>
			<report>
				<misses>1855001</misses>
				<total>1842313</total>
				<timestamp>136.950920</timestamp>
			</report>
			<report>
				<misses>1856001</misses>
				<total>1843312</total>
				<timestamp>137.022903</timestamp>
			</report>
			<report>
				<misses>1857001</misses>
				<total>1844311</total>
				<timestamp>137.095464</timestamp>
			</report>
			<report>
				<misses>1858001</misses>
				<total>1845310</total>
				<timestamp>137.167184</timestamp>
			</report>
			<report>
				<misses>1859001</misses>
				<total>1846309</total>
				<timestamp>137.239192</timestamp>
			</report>
			<report>
				<misses>1860001</misses>
				<total>1847308</total>
				<timestamp>137.317203</timestamp>
			</report>
			<report>
				<misses>1861001</misses>
				<total>1848307</total>
				<timestamp>137.400170</timestamp>
			</report>
			<report>
				<misses>1862001</misses>
				<total>1849306</total>
				<timestamp>137.477702</timestamp>
			</report>
			<report>
				<misses>1863001</misses>
				<total>1850305</total>
				<timestamp>137.551375</timestamp>
			</report>
			<report>
				<misses>1864001</misses>
				<total>1851304</total>
				<timestamp>137.621424</timestamp>
			</report>
			<report>
				<misses>1865001</misses>
				<total>1852303</total>
				<timestamp>137.697852</timestamp>
			</report>
			<report>
				<misses>1866001</misses>
				<total>1853302</total>
				<timestamp>137.772729</timestamp>
			</report>
			<report>
				<misses>1867001</misses>
				<total>1854301</total>
				<timestamp>137.844468</timestamp>
			</report>
			<report>
				<misses>1868001</misses>
				<total>1855300</total>
				<timestamp>137.915861</timestamp>
			</report>
			<report>
				<misses>1869001</misses>
				<total>1856299</total>
				<timestamp>137.988138</timestamp>
			</report>
			<report>
				<misses>1870001</misses>
				<total>1857298</total>
				<timestamp>138.060513</timestamp>
			</report>
			<report>
				<misses>1871001</misses>
				<total>1858297</total>
				<timestamp>138.137752</timestamp>
			</report>
			<report>
				<misses>1872001</misses>
				<total>1859296</total>
				<timestamp>138.211026</timestamp>
			</report>
			<report>
				<misses>1873001</misses>
				<total>1860295</total>
				<timestamp>138.282955</timestamp>
			</report>
			<report>
				<misses>1874001</misses>
				<total>1861294</total>
				<timestamp>138.356028</timestamp>
			</report>
			<report>
				<misses>1875001</misses>
				<total>1862293</total>
				<timestamp>138.429329</timestamp>
			</report>
			<report>
				<misses>1876001</misses>
				<total>1863292</total>
				<timestamp>138.499765</timestamp>
			</report>
			<report>
				<misses>1877001</misses>
				<total>1864291</total>
				<timestamp>138.572187</timestamp>
			</report>
			<report>
				<misses>1878001</misses>
				<total>1865290</total>
				<timestamp>138.647928</timestamp>
			</report>
			<report>
				<misses>1879001</misses>
				<total>1866289</total>
				<timestamp>138.718194</timestamp>
			</report>
			<report>
				<misses>1880001</misses>
				<total>1867288</total>
				<timestamp>138.788199</timestamp>
			</report>
			<report>
				<misses>1881001</misses>
				<total>1868287</total>
				<timestamp>138.858437</timestamp>
			</report>
			<report>
				<misses>1882001</misses>
				<total>1869286</total>
				<timestamp>138.932053</timestamp>
			</report>
			<report>
				<misses>1883001</misses>
				<total>1870285</total>
				<timestamp>139.004465</timestamp>
			</report>
			<report>
				<misses>1884001</misses>
				<total>1871284</total>
				<timestamp>139.076950</timestamp>
			</report>
			<report>
				<misses>1885001</misses>
				<total>1872283</total>
				<timestamp>139.147969</timestamp>
			</report>
			<report>
				<misses>1886001</misses>
				<total>1873282</total>
				<timestamp>139.219251</timestamp>
			</report>
			<report>
				<misses>1887001</misses>
				<total>1874281</total>
				<timestamp>139.290695</timestamp>
			</report>
			<report>
				<misses>1888001</misses>
				<total>1875280</total>
				<timestamp>139.361079</timestamp>
			</report>
			<report>
				<misses>1889001</misses>
				<total>1876279</total>
				<timestamp>139.432275</timestamp>
			</report>
			<report>
				<misses>1890001</misses>
				<total>1877278</total>
				<timestamp>139.508087</timestamp>
			</report>
			<report>
				<misses>1891001</misses>
				<total>1878277</total>
				<timestamp>139.585070</timestamp>
			</report>
			<report>
				<misses>1892001</misses>
				<total>1879276</total>
				<timestamp>139.659240</timestamp>
			</report>
			<report>
				<misses>1893001</misses>
				<total>1880275</total>
				<timestamp>139.729313</timestamp>
			</report>
			<report>
				<misses>1894001</misses>
				<total>1881274</total>
				<timestamp>139.803247</timestamp>
			</report>
			<report>
				<misses>1895001</misses>
				<total>1882273</total>
				<timestamp>139.874579</timestamp>
			</report>
			<report>
				<misses>1896001</misses>
				<total>1883272</total>
				<timestamp>139.952777</timestamp>
			</report>
			<report>
				<misses>1897001</misses>
				<total>1884271</total>
				<timestamp>140.027748</timestamp>
			</report>
			<report>
				<misses>1898001</misses>
				<total>1885270</total>
				<timestamp>140.104663</timestamp>
			</report>
			<report>
				<misses>1899001</misses>
				<total>1886269</total>
				<timestamp>140.183834</timestamp>
			</report>
			<report>
				<misses>1900001</misses>
				<total>1887268</total>
				<timestamp>140.261753</timestamp>
			</report>
			<report>
				<misses>1901001</misses>
				<total>1888267</total>
				<timestamp>140.333081</timestamp>
			</report>
			<report>
				<misses>1902001</misses>
				<total>1889266</total>
				<timestamp>140.405983</timestamp>
			</report>
			<report>
				<misses>1903001</misses>
				<total>1890265</total>
				<timestamp>140.479131</timestamp>
			</report>
			<report>
				<misses>1904001</misses>
				<total>1891264</total>
				<timestamp>140.556554</timestamp>
			</report>
			<report>
				<misses>1905001</misses>
				<total>1892263</total>
				<timestamp>140.626796</timestamp>
			</report>
			<report>
				<misses>1906001</misses>
				<total>1893262</total>
				<timestamp>140.697874</timestamp>
			</report>
			<report>
				<misses>1907001</misses>
				<total>1894261</total>
				<timestamp>140.773034</timestamp>
			</report>
			<report>
				<misses>1908001</misses>
				<total>1895260</total>
				<timestamp>140.847586</timestamp>
			</report>
			<report>
				<misses>1909001</misses>
				<total>1896259</total>
				<timestamp>140.921238</timestamp>
			</report>
			<report>
				<misses>1910001</misses>
				<total>1897258</total>
				<timestamp>140.994946</timestamp>
			</report>
			<report>
				<misses>1911001</misses>
				<total>1898257</total>
				<timestamp>141.066151</timestamp>
			</report>
			<report>
				<misses>1912001</misses>
				<total>1899256</total>
				<timestamp>141.136300</timestamp>
			</report>
			<report>
				<misses>1913001</misses>
				<total>1900255</total>
				<timestamp>141.214081</timestamp>
			</report>
			<report>
				<misses>1914001</misses>
				<total>1901254</total>
				<timestamp>141.288790</timestamp>
			</report>
			<report>
				<misses>1915001</misses>
				<total>1902253</total>
				<timestamp>141.363916</timestamp>
			</report>
			<report>
				<misses>1916001</misses>
				<total>1903252</total>
				<timestamp>141.434922</timestamp>
			</report>
			<report>
				<misses>1917001</misses>
				<total>1904251</total>
				<timestamp>141.507851</timestamp>
			</report>
			<report>
				<misses>1918001</misses>
				<total>1905250</total>
				<timestamp>141.577833</timestamp>
			</report>
			<report>
				<misses>1919001</misses>
				<total>1906249</total>
				<timestamp>141.648195</timestamp>
			</report>
			<report>
				<misses>1920001</misses>
				<total>1907248</total>
				<timestamp>141.720517</timestamp>
			</report>
			<report>
				<misses>1921001</misses>
				<total>1908247</total>
				<timestamp>141.790508</timestamp>
			</report>
			<report>
				<misses>1922001</misses>
				<total>1909246</total>
				<timestamp>141.871937</timestamp>
			</report>
			<report>
				<misses>1923001</misses>
				<total>1910245</total>
				<timestamp>141.950054</timestamp>
			</report>
			<report>
				<misses>1924001</misses>
				<total>1911244</total>
				<timestamp>142.024544</timestamp>
			</report>
			<report>
				<misses>1925001</misses>
				<total>1912243</total>
				<timestamp>142.094597</timestamp>
			</report>
			<report>
				<misses>1926001</misses>
				<total>1913242</total>
				<timestamp>142.164936</timestamp>
			</report>
			<report>
				<misses>1927001</misses>
				<total>1914241</total>
				<timestamp>142.241865</timestamp>
			</report>
			<report>
				<misses>1928001</misses>
				<total>1915240</total>
				<timestamp>142.316923</timestamp>
			</report>
			<report>
				<misses>1929001</misses>
				<total>1916239</total>
				<timestamp>142.387564</timestamp>
			</report>
			<report>
				<misses>1930001</misses>
				<total>1917238</total>
				<timestamp>142.458591</timestamp>
			</report>
			<report>
				<misses>1931001</misses>
				<total>1918237</total>
				<timestamp>142.528643</timestamp>
			</report>
			<report>
				<misses>1932001</misses>
				<total>1919236</total>
				<timestamp>142.605796</timestamp>
			</report>
			<report>
				<misses>1933001</misses>
				<total>1920235</total>
				<timestamp>142.680976</timestamp>
			</report>
			<report>
				<misses>1934001</misses>
				<total>1921234</total>
				<timestamp>142.761458</timestamp>
			</report>
			<report>
				<misses>1935001</misses>
				<total>1922233</total>
				<timestamp>142.835664</timestamp>
			</report>
			<report>
				<misses>1936001</misses>
				<total>1923232</total>
				<timestamp>142.909490</timestamp>
			</report>
			<report>
				<misses>1937001</misses>
				<total>1924231</total>
				<timestamp>142.988912</timestamp>
			</report>
			<report>
				<misses>1938001</misses>
				<total>1925230</total>
				<timestamp>143.063081</timestamp>
			</report>
			<report>
				<misses>1939001</misses>
				<total>1926229</total>
				<timestamp>143.141505</timestamp>
			</report>
			<report>
				<misses>1940001</misses>
				<total>1927228</total>
				<timestamp>143.215023</timestamp>
			</report>
			<report>
				<misses>1941001</misses>
				<total>1928227</total>
				<timestamp>143.285154</timestamp>
			</report>
			<report>
				<misses>1942001</misses>
				<total>1929226</total>
				<timestamp>143.357342</timestamp>
			</report>
			<report>
				<misses>1943001</misses>
				<total>1930225</total>
				<timestamp>143.427668</timestamp>
			</report>
			<report>
				<misses>1944001</misses>
				<total>1931224</total>
				<timestamp>143.499964</timestamp>
			</report>
			<report>
				<misses>1945001</misses>
				<total>1932223</total>
				<timestamp>143.570116</timestamp>
			</report>
			<report>
				<misses>1946001</misses>
				<total>1933222</total>
				<timestamp>143.644131</timestamp>
			</report>
			<report>
				<misses>1947001</misses>
				<total>1934221</total>
				<timestamp>143.717725</timestamp>
			</report>
			<report>
				<misses>1948001</misses>
				<total>1935220</total>
				<timestamp>143.789407</timestamp>
			</report>
			<report>
				<misses>1949001</misses>
				<total>1936219</total>
				<timestamp>143.859956</timestamp>
			</report>
			<report>
				<misses>1950001</misses>
				<total>1937218</total>
				<timestamp>143.935053</timestamp>
			</report>
			<report>
				<misses>1951001</misses>
				<total>1938217</total>
				<timestamp>144.010147</timestamp>
			</report>
			<report>
				<misses>1952001</misses>
				<total>1939216</total>
				<timestamp>144.084542</timestamp>
			</report>
			<report>
				<misses>1953001</misses>
				<total>1940215</total>
				<timestamp>144.155509</timestamp>
			</report>
			<report>
				<misses>1954001</misses>
				<total>1941214</total>
				<timestamp>144.233838</timestamp>
			</report>
			<report>
				<misses>1955001</misses>
				<total>1942213</total>
				<timestamp>144.304192</timestamp>
			</report>
			<report>
				<misses>1956001</misses>
				<total>1943212</total>
				<timestamp>144.375998</timestamp>
			</report>
			<report>
				<misses>1957001</misses>
				<total>1944211</total>
				<timestamp>144.448551</timestamp>
			</report>
			<report>
				<misses>1958001</misses>
				<total>1945210</total>
				<timestamp>144.521897</timestamp>
			</report>
			<report>
				<misses>1959001</misses>
				<total>1946209</total>
				<timestamp>144.600356</timestamp>
			</report>
			<report>
				<misses>1960001</misses>
				<total>1947208</total>
				<timestamp>144.676002</timestamp>
			</report>
			<report>
				<misses>1961001</misses>
				<total>1948207</total>
				<timestamp>144.757075</timestamp>
			</report>
			<report>
				<misses>1962001</misses>
				<total>1949206</total>
				<timestamp>144.828922</timestamp>
			</report>
			<report>
				<misses>1963001</misses>
				<total>1950205</total>
				<timestamp>144.907052</timestamp>
			</report>
			<report>
				<misses>1964001</misses>
				<total>1951204</total>
				<timestamp>144.984432</timestamp>
			</report>
			<report>
				<misses>1965001</misses>
				<total>1952203</total>
				<timestamp>145.056684</timestamp>
			</report>
			<report>
				<misses>1966001</misses>
				<total>1953202</total>
				<timestamp>145.133387</timestamp>
			</report>
			<report>
				<misses>1967001</misses>
				<total>1954201</total>
				<timestamp>145.205115</timestamp>
			</report>
			<report>
				<misses>1968001</misses>
				<total>1955200</total>
				<timestamp>145.279609</timestamp>
			</report>
			<report>
				<misses>1969001</misses>
				<total>1956199</total>
				<timestamp>145.354606</timestamp>
			</report>
			<report>
				<misses>1970001</misses>
				<total>1957198</total>
				<timestamp>145.432045</timestamp>
			</report>
			<report>
				<misses>1971001</misses>
				<total>1958197</total>
				<timestamp>145.503125</timestamp>
			</report>
			<report>
				<misses>1972001</misses>
				<total>1959196</total>
				<timestamp>145.579642</timestamp>
			</report>
			<report>
				<misses>1973001</misses>
				<total>1960195</total>
				<timestamp>145.650990</timestamp>
			</report>
			<report>
				<misses>1974001</misses>
				<total>1961194</total>
				<timestamp>145.721825</timestamp>
			</report>
			<report>
				<misses>1975001</misses>
				<total>1962193</total>
				<timestamp>145.793471</timestamp>
			</report>
			<report>
				<misses>1976001</misses>
				<total>1963192</total>
				<timestamp>145.866057</timestamp>
			</report>
			<report>
				<misses>1977001</misses>
				<total>1964191</total>
				<timestamp>145.937908</timestamp>
			</report>
			<report>
				<misses>1978001</misses>
				<total>1965190</total>
				<timestamp>146.010543</timestamp>
			</report>
			<report>
				<misses>1979001</misses>
				<total>1966189</total>
				<timestamp>146.088252</timestamp>
			</report>
			<report>
				<misses>1980001</misses>
				<total>1967188</total>
				<timestamp>146.158489</timestamp>
			</report>
			<report>
				<misses>1981001</misses>
				<total>1968187</total>
				<timestamp>146.228667</timestamp>
			</report>
			<report>
				<misses>1982001</misses>
				<total>1969186</total>
				<timestamp>146.302340</timestamp>
			</report>
			<report>
				<misses>1983001</misses>
				<total>1970185</total>
				<timestamp>146.381057</timestamp>
			</report>
			<report>
				<misses>1984001</misses>
				<total>1971184</total>
				<timestamp>146.454153</timestamp>
			</report>
			<report>
				<misses>1985001</misses>
				<total>1972183</total>
				<timestamp>146.525607</timestamp>
			</report>
			<report>
				<misses>1986001</misses>
				<total>1973182</total>
				<timestamp>146.595914</timestamp>
			</report>
			<report>
				<misses>1987001</misses>
				<total>1974181</total>
				<timestamp>146.673941</timestamp>
			</report>
			<report>
				<misses>1988001</misses>
				<total>1975180</total>
				<timestamp>146.747527</timestamp>
			</report>
			<report>
				<misses>1989001</misses>
				<total>1976179</total>
				<timestamp>146.820072</timestamp>
			</report>
			<report>
				<misses>1990001</misses>
				<total>1977178</total>
				<timestamp>146.898797</timestamp>
			</report>
			<report>
				<misses>1991001</misses>
				<total>1978177</total>
				<timestamp>146.973801</timestamp>
			</report>
			<report>
				<misses>1992001</misses>
				<total>1979176</total>
				<timestamp>147.047671</timestamp>
			</report>
			<report>
				<misses>1993001</misses>
				<total>1980175</total>
				<timestamp>147.122304</timestamp>
			</report>
			<report>
				<misses>1994001</misses>
				<total>1981174</total>
				<timestamp>147.197023</timestamp>
			</report>
			<report>
				<misses>1995001</misses>
				<total>1982173</total>
				<timestamp>147.267195</timestamp>
			</report>
			<report>
				<misses>1996001</misses>
				<total>1983172</total>
				<timestamp>147.339761</timestamp>
			</report>
			<report>
				<misses>1997001</misses>
				<total>1984171</total>
				<timestamp>147.414671</timestamp>
			</report>
			<report>
				<misses>1998001</misses>
				<total>1985170</total>
				<timestamp>147.491000</timestamp>
			</report>
			<report>
				<misses>1999001</misses>
				<total>1986169</total>
				<timestamp>147.569421</timestamp>
			</report>
			<report>
				<misses>2000001</misses>
				<total>1987168</total>
				<timestamp>147.640073</timestamp>
			</report>
			<report>
				<misses>2001001</misses>
				<total>1988167</total>
				<timestamp>147.711444</timestamp>
			</report>
			<report>
				<misses>2002001</misses>
				<total>1989166</total>
				<timestamp>147.781507</timestamp>
			</report>
			<report>
				<misses>2003001</misses>
				<total>1990165</total>
				<timestamp>147.851553</timestamp>
			</report>
			<report>
				<misses>2004001</misses>
				<total>1991164</total>
				<timestamp>147.921686</timestamp>
			</report>
			<report>
				<misses>2005001</misses>
				<total>1992163</total>
				<timestamp>147.993161</timestamp>
			</report>
			<report>
				<misses>2006001</misses>
				<total>1993162</total>
				<timestamp>148.064784</timestamp>
			</report>
			<report>
				<misses>2007001</misses>
				<total>1994161</total>
				<timestamp>148.134835</timestamp>
			</report>
			<report>
				<misses>2008001</misses>
				<total>1995160</total>
				<timestamp>148.205142</timestamp>
			</report>
			<report>
				<misses>2009001</misses>
				<total>1996159</total>
				<timestamp>148.275170</timestamp>
			</report>
			<report>
				<misses>2010001</misses>
				<total>1997158</total>
				<timestamp>148.346988</timestamp>
			</report>
			<report>
				<misses>2011001</misses>
				<total>1998157</total>
				<timestamp>148.421194</timestamp>
			</report>
			<report>
				<misses>2012001</misses>
				<total>1999156</total>
				<timestamp>148.499125</timestamp>
			</report>
			<report>
				<misses>2013001</misses>
				<total>2000155</total>
				<timestamp>148.579061</timestamp>
			</report>
			<report>
				<misses>2014001</misses>
				<total>2001154</total>
				<timestamp>148.651998</timestamp>
			</report>
			<report>
				<misses>2015001</misses>
				<total>2002153</total>
				<timestamp>148.722035</timestamp>
			</report>
			<report>
				<misses>2016001</misses>
				<total>2003152</total>
				<timestamp>148.792213</timestamp>
			</report>
			<report>
				<misses>2017001</misses>
				<total>2004151</total>
				<timestamp>148.867018</timestamp>
			</report>
			<report>
				<misses>2018001</misses>
				<total>2005150</total>
				<timestamp>148.942462</timestamp>
			</report>
			<report>
				<misses>2019001</misses>
				<total>2006149</total>
				<timestamp>149.013477</timestamp>
			</report>
			<report>
				<misses>2020001</misses>
				<total>2007148</total>
				<timestamp>149.089879</timestamp>
			</report>
			<report>
				<misses>2021001</misses>
				<total>2008147</total>
				<timestamp>149.163594</timestamp>
			</report>
			<report>
				<misses>2022001</misses>
				<total>2009146</total>
				<timestamp>149.242097</timestamp>
			</report>
			<report>
				<misses>2023001</misses>
				<total>2010145</total>
				<timestamp>149.315526</timestamp>
			</report>
			<report>
				<misses>2024001</misses>
				<total>2011144</total>
				<timestamp>149.385835</timestamp>
			</report>
			<report>
				<misses>2025001</misses>
				<total>2012143</total>
				<timestamp>149.458817</timestamp>
			</report>
			<report>
				<misses>2026001</misses>
				<total>2013142</total>
				<timestamp>149.532279</timestamp>
			</report>
			<report>
				<misses>2027001</misses>
				<total>2014141</total>
				<timestamp>149.603476</timestamp>
			</report>
			<report>
				<misses>2028001</misses>
				<total>2015140</total>
				<timestamp>149.681325</timestamp>
			</report>
			<report>
				<misses>2029001</misses>
				<total>2016139</total>
				<timestamp>149.760863</timestamp>
			</report>
			<report>
				<misses>2030001</misses>
				<total>2017138</total>
				<timestamp>149.830840</timestamp>
			</report>
			<report>
				<misses>2031001</misses>
				<total>2018137</total>
				<timestamp>149.901285</timestamp>
			</report>
			<report>
				<misses>2032001</misses>
				<total>2019136</total>
				<timestamp>149.973991</timestamp>
			</report>
			<report>
				<misses>2033001</misses>
				<total>2020135</total>
				<timestamp>150.044977</timestamp>
			</report>
			<report>
				<misses>2034001</misses>
				<total>2021134</total>
				<timestamp>150.117475</timestamp>
			</report>
			<report>
				<misses>2035001</misses>
				<total>2022133</total>
				<timestamp>150.193778</timestamp>
			</report>
			<report>
				<misses>2036001</misses>
				<total>2023132</total>
				<timestamp>150.266856</timestamp>
			</report>
			<report>
				<misses>2037001</misses>
				<total>2024131</total>
				<timestamp>150.346171</timestamp>
			</report>
			<report>
				<misses>2038001</misses>
				<total>2025130</total>
				<timestamp>150.423022</timestamp>
			</report>
			<report>
				<misses>2039001</misses>
				<total>2026129</total>
				<timestamp>150.496748</timestamp>
			</report>
			<report>
				<misses>2040001</misses>
				<total>2027128</total>
				<timestamp>150.579525</timestamp>
			</report>
			<report>
				<misses>2041001</misses>
				<total>2028127</total>
				<timestamp>150.652391</timestamp>
			</report>
			<report>
				<misses>2042001</misses>
				<total>2029126</total>
				<timestamp>150.731327</timestamp>
			</report>
			<report>
				<misses>2043001</misses>
				<total>2030125</total>
				<timestamp>150.803816</timestamp>
			</report>
			<report>
				<misses>2044001</misses>
				<total>2031124</total>
				<timestamp>150.875410</timestamp>
			</report>
			<report>
				<misses>2045001</misses>
				<total>2032123</total>
				<timestamp>150.947667</timestamp>
			</report>
			<report>
				<misses>2046001</misses>
				<total>2033122</total>
				<timestamp>151.024382</timestamp>
			</report>
			<report>
				<misses>2047001</misses>
				<total>2034121</total>
				<timestamp>151.099081</timestamp>
			</report>
			<report>
				<misses>2048001</misses>
				<total>2035120</total>
				<timestamp>151.170086</timestamp>
			</report>
			<report>
				<misses>2049001</misses>
				<total>2036119</total>
				<timestamp>151.240661</timestamp>
			</report>
			<report>
				<misses>2050001</misses>
				<total>2037118</total>
				<timestamp>151.310818</timestamp>
			</report>
			<report>
				<misses>2051001</misses>
				<total>2038117</total>
				<timestamp>151.383133</timestamp>
			</report>
			<report>
				<misses>2052001</misses>
				<total>2039116</total>
				<timestamp>151.455588</timestamp>
			</report>
			<report>
				<misses>2053001</misses>
				<total>2040115</total>
				<timestamp>151.530623</timestamp>
			</report>
			<report>
				<misses>2054001</misses>
				<total>2041114</total>
				<timestamp>151.603342</timestamp>
			</report>
			<report>
				<misses>2055001</misses>
				<total>2042113</total>
				<timestamp>151.675388</timestamp>
			</report>
			<report>
				<misses>2056001</misses>
				<total>2043112</total>
				<timestamp>151.745768</timestamp>
			</report>
			<report>
				<misses>2057001</misses>
				<total>2044111</total>
				<timestamp>151.815892</timestamp>
			</report>
			<report>
				<misses>2058001</misses>
				<total>2045110</total>
				<timestamp>151.886207</timestamp>
			</report>
			<report>
				<misses>2059001</misses>
				<total>2046109</total>
				<timestamp>151.958288</timestamp>
			</report>
			<report>
				<misses>2060001</misses>
				<total>2047108</total>
				<timestamp>152.034167</timestamp>
			</report>
			<report>
				<misses>2061001</misses>
				<total>2048107</total>
				<timestamp>152.105849</timestamp>
			</report>
			<report>
				<misses>2062001</misses>
				<total>2049106</total>
				<timestamp>152.184050</timestamp>
			</report>
			<report>
				<misses>2063001</misses>
				<total>2050105</total>
				<timestamp>152.256033</timestamp>
			</report>
			<report>
				<misses>2064001</misses>
				<total>2051104</total>
				<timestamp>152.330763</timestamp>
			</report>
			<report>
				<misses>2065001</misses>
				<total>2052103</total>
				<timestamp>152.401071</timestamp>
			</report>
			<report>
				<misses>2066001</misses>
				<total>2053102</total>
				<timestamp>152.473453</timestamp>
			</report>
			<report>
				<misses>2067001</misses>
				<total>2054101</total>
				<timestamp>152.551126</timestamp>
			</report>
			<report>
				<misses>2068001</misses>
				<total>2055100</total>
				<timestamp>152.626295</timestamp>
			</report>
			<report>
				<misses>2069001</misses>
				<total>2056099</total>
				<timestamp>152.701083</timestamp>
			</report>
			<report>
				<misses>2070001</misses>
				<total>2057098</total>
				<timestamp>152.774450</timestamp>
			</report>
			<report>
				<misses>2071001</misses>
				<total>2058097</total>
				<timestamp>152.846997</timestamp>
			</report>
			<report>
				<misses>2072001</misses>
				<total>2059096</total>
				<timestamp>152.925160</timestamp>
			</report>
			<report>
				<misses>2073001</misses>
				<total>2060095</total>
				<timestamp>152.999014</timestamp>
			</report>
			<report>
				<misses>2074001</misses>
				<total>2061094</total>
				<timestamp>153.072579</timestamp>
			</report>
			<report>
				<misses>2075001</misses>
				<total>2062093</total>
				<timestamp>153.142596</timestamp>
			</report>
			<report>
				<misses>2076001</misses>
				<total>2063092</total>
				<timestamp>153.218438</timestamp>
			</report>
			<report>
				<misses>2077001</misses>
				<total>2064091</total>
				<timestamp>153.297507</timestamp>
			</report>
			<report>
				<misses>2078001</misses>
				<total>2065090</total>
				<timestamp>153.375979</timestamp>
			</report>
			<report>
				<misses>2079001</misses>
				<total>2066089</total>
				<timestamp>153.453610</timestamp>
			</report>
			<report>
				<misses>2080001</misses>
				<total>2067088</total>
				<timestamp>153.531631</timestamp>
			</report>
			<report>
				<misses>2081001</misses>
				<total>2068087</total>
				<timestamp>153.606755</timestamp>
			</report>
			<report>
				<misses>2082001</misses>
				<total>2069086</total>
				<timestamp>153.681672</timestamp>
			</report>
			<report>
				<misses>2083001</misses>
				<total>2070085</total>
				<timestamp>153.758804</timestamp>
			</report>
			<report>
				<misses>2084001</misses>
				<total>2071084</total>
				<timestamp>153.832590</timestamp>
			</report>
			<report>
				<misses>2085001</misses>
				<total>2072083</total>
				<timestamp>153.907987</timestamp>
			</report>
			<report>
				<misses>2086001</misses>
				<total>2073082</total>
				<timestamp>153.978090</timestamp>
			</report>
			<report>
				<misses>2087001</misses>
				<total>2074081</total>
				<timestamp>154.056415</timestamp>
			</report>
			<report>
				<misses>2088001</misses>
				<total>2075080</total>
				<timestamp>154.131626</timestamp>
			</report>
			<report>
				<misses>2089001</misses>
				<total>2076079</total>
				<timestamp>154.202154</timestamp>
			</report>
			<report>
				<misses>2090001</misses>
				<total>2077078</total>
				<timestamp>154.276173</timestamp>
			</report>
			<report>
				<misses>2091001</misses>
				<total>2078077</total>
				<timestamp>154.346210</timestamp>
			</report>
			<report>
				<misses>2092001</misses>
				<total>2079076</total>
				<timestamp>154.416271</timestamp>
			</report>
			<report>
				<misses>2093001</misses>
				<total>2080075</total>
				<timestamp>154.486332</timestamp>
			</report>
			<report>
				<misses>2094001</misses>
				<total>2081074</total>
				<timestamp>154.558674</timestamp>
			</report>
			<report>
				<misses>2095001</misses>
				<total>2082073</total>
				<timestamp>154.629818</timestamp>
			</report>
			<report>
				<misses>2096001</misses>
				<total>2083072</total>
				<timestamp>154.704957</timestamp>
			</report>
			<report>
				<misses>2097001</misses>
				<total>2084071</total>
				<timestamp>154.776295</timestamp>
			</report>
			<report>
				<misses>2098001</misses>
				<total>2085070</total>
				<timestamp>154.851712</timestamp>
			</report>
			<report>
				<misses>2099001</misses>
				<total>2086069</total>
				<timestamp>154.926907</timestamp>
			</report>
			<report>
				<misses>2100001</misses>
				<total>2087068</total>
				<timestamp>155.000878</timestamp>
			</report>
			<report>
				<misses>2101001</misses>
				<total>2088067</total>
				<timestamp>155.072976</timestamp>
			</report>
			<report>
				<misses>2102001</misses>
				<total>2089066</total>
				<timestamp>155.143157</timestamp>
			</report>
			<report>
				<misses>2103001</misses>
				<total>2090065</total>
				<timestamp>155.213406</timestamp>
			</report>
			<report>
				<misses>2104001</misses>
				<total>2091064</total>
				<timestamp>155.287632</timestamp>
			</report>
			<report>
				<misses>2105001</misses>
				<total>2092063</total>
				<timestamp>155.365138</timestamp>
			</report>
			<report>
				<misses>2106001</misses>
				<total>2093062</total>
				<timestamp>155.440044</timestamp>
			</report>
			<report>
				<misses>2107001</misses>
				<total>2094061</total>
				<timestamp>155.516413</timestamp>
			</report>
			<report>
				<misses>2108001</misses>
				<total>2095060</total>
				<timestamp>155.595165</timestamp>
			</report>
			<report>
				<misses>2109001</misses>
				<total>2096059</total>
				<timestamp>155.668369</timestamp>
			</report>
			<report>
				<misses>2110001</misses>
				<total>2097058</total>
				<timestamp>155.743106</timestamp>
			</report>
			<report>
				<misses>2111001</misses>
				<total>2098057</total>
				<timestamp>155.818660</timestamp>
			</report>
			<report>
				<misses>2112001</misses>
				<total>2099056</total>
				<timestamp>155.890068</timestamp>
			</report>
			<report>
				<misses>2113001</misses>
				<total>2100055</total>
				<timestamp>155.961809</timestamp>
			</report>
			<report>
				<misses>2114001</misses>
				<total>2101054</total>
				<timestamp>156.038367</timestamp>
			</report>
			<report>
				<misses>2115001</misses>
				<total>2102053</total>
				<timestamp>156.110054</timestamp>
			</report>
			<report>
				<misses>2116001</misses>
				<total>2103052</total>
				<timestamp>156.192246</timestamp>
			</report>
			<report>
				<misses>2117001</misses>
				<total>2104051</total>
				<timestamp>156.267236</timestamp>
			</report>
			<report>
				<misses>2118001</misses>
				<total>2105050</total>
				<timestamp>156.342034</timestamp>
			</report>
			<report>
				<misses>2119001</misses>
				<total>2106049</total>
				<timestamp>156.416900</timestamp>
			</report>
			<report>
				<misses>2120001</misses>
				<total>2107048</total>
				<timestamp>156.492255</timestamp>
			</report>
			<report>
				<misses>2121001</misses>
				<total>2108047</total>
				<timestamp>156.567060</timestamp>
			</report>
			<report>
				<misses>2122001</misses>
				<total>2109046</total>
				<timestamp>156.637997</timestamp>
			</report>
			<report>
				<misses>2123001</misses>
				<total>2110045</total>
				<timestamp>156.712217</timestamp>
			</report>
			<report>
				<misses>2124001</misses>
				<total>2111044</total>
				<timestamp>156.784037</timestamp>
			</report>
			<report>
				<misses>2125001</misses>
				<total>2112043</total>
				<timestamp>156.860758</timestamp>
			</report>
			<report>
				<misses>2126001</misses>
				<total>2113042</total>
				<timestamp>156.934598</timestamp>
			</report>
			<report>
				<misses>2127001</misses>
				<total>2114041</total>
				<timestamp>157.008022</timestamp>
			</report>
			<report>
				<misses>2128001</misses>
				<total>2115040</total>
				<timestamp>157.082312</timestamp>
			</report>
			<report>
				<misses>2129001</misses>
				<total>2116039</total>
				<timestamp>157.155644</timestamp>
			</report>
			<report>
				<misses>2130001</misses>
				<total>2117038</total>
				<timestamp>157.231940</timestamp>
			</report>
			<report>
				<misses>2131001</misses>
				<total>2118037</total>
				<timestamp>157.304845</timestamp>
			</report>
			<report>
				<misses>2132001</misses>
				<total>2119036</total>
				<timestamp>157.382084</timestamp>
			</report>
			<report>
				<misses>2133001</misses>
				<total>2120035</total>
				<timestamp>157.456439</timestamp>
			</report>
			<report>
				<misses>2134001</misses>
				<total>2121034</total>
				<timestamp>157.527136</timestamp>
			</report>
			<report>
				<misses>2135001</misses>
				<total>2122033</total>
				<timestamp>157.602190</timestamp>
			</report>
			<report>
				<misses>2136001</misses>
				<total>2123032</total>
				<timestamp>157.674356</timestamp>
			</report>
			<report>
				<misses>2137001</misses>
				<total>2124031</total>
				<timestamp>157.744796</timestamp>
			</report>
			<report>
				<misses>2138001</misses>
				<total>2125030</total>
				<timestamp>157.815011</timestamp>
			</report>
			<report>
				<misses>2139001</misses>
				<total>2126029</total>
				<timestamp>157.885546</timestamp>
			</report>
			<report>
				<misses>2140001</misses>
				<total>2127028</total>
				<timestamp>157.958915</timestamp>
			</report>
			<report>
				<misses>2141001</misses>
				<total>2128027</total>
				<timestamp>158.030852</timestamp>
			</report>
			<report>
				<misses>2142001</misses>
				<total>2129026</total>
				<timestamp>158.103517</timestamp>
			</report>
			<report>
				<misses>2143001</misses>
				<total>2130025</total>
				<timestamp>158.182121</timestamp>
			</report>
			<report>
				<misses>2144001</misses>
				<total>2131024</total>
				<timestamp>158.252285</timestamp>
			</report>
			<report>
				<misses>2145001</misses>
				<total>2132023</total>
				<timestamp>158.322549</timestamp>
			</report>
			<report>
				<misses>2146001</misses>
				<total>2133022</total>
				<timestamp>158.392697</timestamp>
			</report>
			<report>
				<misses>2147001</misses>
				<total>2134021</total>
				<timestamp>158.464805</timestamp>
			</report>
			<report>
				<misses>2148001</misses>
				<total>2135020</total>
				<timestamp>158.537930</timestamp>
			</report>
			<report>
				<misses>2149001</misses>
				<total>2136019</total>
				<timestamp>158.612773</timestamp>
			</report>
			<report>
				<misses>2150001</misses>
				<total>2137018</total>
				<timestamp>158.690999</timestamp>
			</report>
			<report>
				<misses>2151001</misses>
				<total>2138017</total>
				<timestamp>158.762856</timestamp>
			</report>
			<report>
				<misses>2152001</misses>
				<total>2139016</total>
				<timestamp>158.837891</timestamp>
			</report>
			<report>
				<misses>2153001</misses>
				<total>2140015</total>
				<timestamp>158.913217</timestamp>
			</report>
			<report>
				<misses>2154001</misses>
				<total>2141014</total>
				<timestamp>158.986388</timestamp>
			</report>
			<report>
				<misses>2155001</misses>
				<total>2142013</total>
				<timestamp>159.056831</timestamp>
			</report>
			<report>
				<misses>2156001</misses>
				<total>2143012</total>
				<timestamp>159.129368</timestamp>
			</report>
			<report>
				<misses>2157001</misses>
				<total>2144011</total>
				<timestamp>159.201350</timestamp>
			</report>
			<report>
				<misses>2158001</misses>
				<total>2145010</total>
				<timestamp>159.276710</timestamp>
			</report>
			<report>
				<misses>2159001</misses>
				<total>2146009</total>
				<timestamp>159.349775</timestamp>
			</report>
			<report>
				<misses>2160001</misses>
				<total>2147008</total>
				<timestamp>159.426556</timestamp>
			</report>
			<report>
				<misses>2161001</misses>
				<total>2148007</total>
				<timestamp>159.501972</timestamp>
			</report>
			<report>
				<misses>2162001</misses>
				<total>2149006</total>
				<timestamp>159.575092</timestamp>
			</report>
			<report>
				<misses>2163001</misses>
				<total>2150005</total>
				<timestamp>159.652326</timestamp>
			</report>
			<report>
				<misses>2164001</misses>
				<total>2151004</total>
				<timestamp>159.723160</timestamp>
			</report>
			<report>
				<misses>2165001</misses>
				<total>2152003</total>
				<timestamp>159.794362</timestamp>
			</report>
			<report>
				<misses>2166001</misses>
				<total>2153002</total>
				<timestamp>159.870795</timestamp>
			</report>
			<report>
				<misses>2167001</misses>
				<total>2154001</total>
				<timestamp>159.944848</timestamp>
			</report>
			<report>
				<misses>2168001</misses>
				<total>2155000</total>
				<timestamp>160.023093</timestamp>
			</report>
			<report>
				<misses>2169001</misses>
				<total>2155999</total>
				<timestamp>160.096720</timestamp>
			</report>
			<report>
				<misses>2170001</misses>
				<total>2156998</total>
				<timestamp>160.172938</timestamp>
			</report>
			<report>
				<misses>2171001</misses>
				<total>2157997</total>
				<timestamp>160.246539</timestamp>
			</report>
			<report>
				<misses>2172001</misses>
				<total>2158996</total>
				<timestamp>160.317859</timestamp>
			</report>
			<report>
				<misses>2173001</misses>
				<total>2159995</total>
				<timestamp>160.393397</timestamp>
			</report>
			<report>
				<misses>2174001</misses>
				<total>2160994</total>
				<timestamp>160.463576</timestamp>
			</report>
			<report>
				<misses>2175001</misses>
				<total>2161993</total>
				<timestamp>160.537820</timestamp>
			</report>
			<report>
				<misses>2176001</misses>
				<total>2162992</total>
				<timestamp>160.613646</timestamp>
			</report>
			<report>
				<misses>2177001</misses>
				<total>2163991</total>
				<timestamp>160.683797</timestamp>
			</report>
			<report>
				<misses>2178001</misses>
				<total>2164990</total>
				<timestamp>160.758896</timestamp>
			</report>
			<report>
				<misses>2179001</misses>
				<total>2165989</total>
				<timestamp>160.832709</timestamp>
			</report>
			<report>
				<misses>2180001</misses>
				<total>2166988</total>
				<timestamp>160.912565</timestamp>
			</report>
			<report>
				<misses>2181001</misses>
				<total>2167987</total>
				<timestamp>160.987257</timestamp>
			</report>
			<report>
				<misses>2182001</misses>
				<total>2168986</total>
				<timestamp>161.059531</timestamp>
			</report>
			<report>
				<misses>2183001</misses>
				<total>2169985</total>
				<timestamp>161.131706</timestamp>
			</report>
			<report>
				<misses>2184001</misses>
				<total>2170984</total>
				<timestamp>161.214942</timestamp>
			</report>
			<report>
				<misses>2185001</misses>
				<total>2171983</total>
				<timestamp>161.285914</timestamp>
			</report>
			<report>
				<misses>2186001</misses>
				<total>2172982</total>
				<timestamp>161.359567</timestamp>
			</report>
			<report>
				<misses>2187001</misses>
				<total>2173981</total>
				<timestamp>161.433066</timestamp>
			</report>
			<report>
				<misses>2188001</misses>
				<total>2174980</total>
				<timestamp>161.503201</timestamp>
			</report>
			<report>
				<misses>2189001</misses>
				<total>2175979</total>
				<timestamp>161.573206</timestamp>
			</report>
			<report>
				<misses>2190001</misses>
				<total>2176978</total>
				<timestamp>161.643288</timestamp>
			</report>
			<report>
				<misses>2191001</misses>
				<total>2177977</total>
				<timestamp>161.714387</timestamp>
			</report>
			<report>
				<misses>2192001</misses>
				<total>2178976</total>
				<timestamp>161.784476</timestamp>
			</report>
			<report>
				<misses>2193001</misses>
				<total>2179975</total>
				<timestamp>161.854771</timestamp>
			</report>
			<report>
				<misses>2194001</misses>
				<total>2180974</total>
				<timestamp>161.924812</timestamp>
			</report>
			<report>
				<misses>2195001</misses>
				<total>2181973</total>
				<timestamp>161.999199</timestamp>
			</report>
			<report>
				<misses>2196001</misses>
				<total>2182972</total>
				<timestamp>162.073594</timestamp>
			</report>
			<report>
				<misses>2197001</misses>
				<total>2183971</total>
				<timestamp>162.144444</timestamp>
			</report>
			<report>
				<misses>2198001</misses>
				<total>2184970</total>
				<timestamp>162.214448</timestamp>
			</report>
			<report>
				<misses>2199001</misses>
				<total>2185969</total>
				<timestamp>162.286458</timestamp>
			</report>
			<report>
				<misses>2200001</misses>
				<total>2186968</total>
				<timestamp>162.358367</timestamp>
			</report>
			<report>
				<misses>2201001</misses>
				<total>2187967</total>
				<timestamp>162.435506</timestamp>
			</report>
			<report>
				<misses>2202001</misses>
				<total>2188966</total>
				<timestamp>162.510839</timestamp>
			</report>
			<report>
				<misses>2203001</misses>
				<total>2189965</total>
				<timestamp>162.581514</timestamp>
			</report>
			<report>
				<misses>2204001</misses>
				<total>2190964</total>
				<timestamp>162.656427</timestamp>
			</report>
			<report>
				<misses>2205001</misses>
				<total>2191963</total>
				<timestamp>162.731968</timestamp>
			</report>
			<report>
				<misses>2206001</misses>
				<total>2192962</total>
				<timestamp>162.804569</timestamp>
			</report>
			<report>
				<misses>2207001</misses>
				<total>2193943</total>
				<timestamp>162.874657</timestamp>
			</report>
			<report>
				<misses>2208001</misses>
				<total>2194942</total>
				<timestamp>162.958285</timestamp>
			</report>
			<report>
				<misses>2209001</misses>
				<total>2195941</total>
				<timestamp>163.032713</timestamp>
			</report>
			<report>
				<misses>2210001</misses>
				<total>2196940</total>
				<timestamp>163.117469</timestamp>
			</report>
			<report>
				<misses>2211001</misses>
				<total>2197939</total>
				<timestamp>163.190943</timestamp>
			</report>
			<report>
				<misses>2212001</misses>
				<total>2198938</total>
				<timestamp>163.268999</timestamp>
			</report>
			<report>
				<misses>2213001</misses>
				<total>2199937</total>
				<timestamp>163.339147</timestamp>
			</report>
			<report>
				<misses>2214001</misses>
				<total>2200475</total>
				<timestamp>163.409363</timestamp>
			</report>
			<report>
				<misses>2215001</misses>
				<total>2201474</total>
				<timestamp>163.484610</timestamp>
			</report>
			<report>
				<misses>2216001</misses>
				<total>2202473</total>
				<timestamp>163.556586</timestamp>
			</report>
			<report>
				<misses>2217001</misses>
				<total>2203472</total>
				<timestamp>163.632063</timestamp>
			</report>
			<report>
				<misses>2218001</misses>
				<total>2204471</total>
				<timestamp>163.704825</timestamp>
			</report>
			<report>
				<misses>2219001</misses>
				<total>2205470</total>
				<timestamp>163.777356</timestamp>
			</report>
			<report>
				<misses>2220001</misses>
				<total>2206469</total>
				<timestamp>163.849200</timestamp>
			</report>
			<report>
				<misses>2221001</misses>
				<total>2207468</total>
				<timestamp>163.921775</timestamp>
			</report>
			<report>
				<misses>2222001</misses>
				<total>2208467</total>
				<timestamp>163.993420</timestamp>
			</report>
			<report>
				<misses>2223001</misses>
				<total>2209466</total>
				<timestamp>164.063481</timestamp>
			</report>
			<report>
				<misses>2224001</misses>
				<total>2210465</total>
				<timestamp>164.133611</timestamp>
			</report>
			<report>
				<misses>2225001</misses>
				<total>2211464</total>
				<timestamp>164.203712</timestamp>
			</report>
			<report>
				<misses>2226001</misses>
				<total>2212463</total>
				<timestamp>164.273865</timestamp>
			</report>
			<report>
				<misses>2227001</misses>
				<total>2213462</total>
				<timestamp>164.344014</timestamp>
			</report>
			<report>
				<misses>2228001</misses>
				<total>2214461</total>
				<timestamp>164.414108</timestamp>
			</report>
			<report>
				<misses>2229001</misses>
				<total>2215460</total>
				<timestamp>164.484138</timestamp>
			</report>
			<report>
				<misses>2230001</misses>
				<total>2216459</total>
				<timestamp>164.555966</timestamp>
			</report>
			<report>
				<misses>2231001</misses>
				<total>2217458</total>
				<timestamp>164.630412</timestamp>
			</report>
			<report>
				<misses>2232001</misses>
				<total>2218457</total>
				<timestamp>164.700674</timestamp>
			</report>
			<report>
				<misses>2233001</misses>
				<total>2219456</total>
				<timestamp>164.771994</timestamp>
			</report>
			<report>
				<misses>2234001</misses>
				<total>2220455</total>
				<timestamp>164.845056</timestamp>
			</report>
			<report>
				<misses>2235001</misses>
				<total>2221454</total>
				<timestamp>164.915057</timestamp>
			</report>
			<report>
				<misses>2236001</misses>
				<total>2222453</total>
				<timestamp>164.996672</timestamp>
			</report>
			<report>
				<misses>2237001</misses>
				<total>2223452</total>
				<timestamp>165.073870</timestamp>
			</report>
			<report>
				<misses>2238001</misses>
				<total>2224451</total>
				<timestamp>165.147464</timestamp>
			</report>
			<report>
				<misses>2239001</misses>
				<total>2225450</total>
				<timestamp>165.221557</timestamp>
			</report>
			<report>
				<misses>2240001</misses>
				<total>2226449</total>
				<timestamp>165.292628</timestamp>
			</report>
			<report>
				<misses>2241001</misses>
				<total>2227448</total>
				<timestamp>165.372041</timestamp>
			</report>
			<report>
				<misses>2242001</misses>
				<total>2228447</total>
				<timestamp>165.446296</timestamp>
			</report>
			<report>
				<misses>2243001</misses>
				<total>2229446</total>
				<timestamp>165.520268</timestamp>
			</report>
			<report>
				<misses>2244001</misses>
				<total>2230445</total>
				<timestamp>165.598654</timestamp>
			</report>
			<report>
				<misses>2245001</misses>
				<total>2231444</total>
				<timestamp>165.671838</timestamp>
			</report>
			<report>
				<misses>2246001</misses>
				<total>2232443</total>
				<timestamp>165.750736</timestamp>
			</report>
			<report>
				<misses>2247001</misses>
				<total>2233442</total>
				<timestamp>165.830205</timestamp>
			</report>
			<report>
				<misses>2248001</misses>
				<total>2234441</total>
				<timestamp>165.905854</timestamp>
			</report>
			<report>
				<misses>2249001</misses>
				<total>2235440</total>
				<timestamp>165.981915</timestamp>
			</report>
			<report>
				<misses>2250001</misses>
				<total>2236439</total>
				<timestamp>166.065451</timestamp>
			</report>
			<report>
				<misses>2251001</misses>
				<total>2237438</total>
				<timestamp>166.136644</timestamp>
			</report>
			<report>
				<misses>2252001</misses>
				<total>2238437</total>
				<timestamp>166.207450</timestamp>
			</report>
			<report>
				<misses>2253001</misses>
				<total>2239436</total>
				<timestamp>166.280028</timestamp>
			</report>
			<report>
				<misses>2254001</misses>
				<total>2240435</total>
				<timestamp>166.359185</timestamp>
			</report>
			<report>
				<misses>2255001</misses>
				<total>2241434</total>
				<timestamp>166.435943</timestamp>
			</report>
			<report>
				<misses>2256001</misses>
				<total>2242433</total>
				<timestamp>166.508008</timestamp>
			</report>
			<report>
				<misses>2257001</misses>
				<total>2243432</total>
				<timestamp>166.593555</timestamp>
			</report>
			<report>
				<misses>2258001</misses>
				<total>2244431</total>
				<timestamp>166.663991</timestamp>
			</report>
			<report>
				<misses>2259001</misses>
				<total>2245430</total>
				<timestamp>166.741269</timestamp>
			</report>
			<report>
				<misses>2260001</misses>
				<total>2246429</total>
				<timestamp>166.825933</timestamp>
			</report>
			<report>
				<misses>2261001</misses>
				<total>2247428</total>
				<timestamp>166.902186</timestamp>
			</report>
			<report>
				<misses>2262001</misses>
				<total>2248427</total>
				<timestamp>166.981059</timestamp>
			</report>
			<report>
				<misses>2263001</misses>
				<total>2249426</total>
				<timestamp>167.051098</timestamp>
			</report>
			<report>
				<misses>2264001</misses>
				<total>2250425</total>
				<timestamp>167.124627</timestamp>
			</report>
			<report>
				<misses>2265001</misses>
				<total>2251424</total>
				<timestamp>167.199306</timestamp>
			</report>
			<report>
				<misses>2266001</misses>
				<total>2252423</total>
				<timestamp>167.270019</timestamp>
			</report>
			<report>
				<misses>2267001</misses>
				<total>2253422</total>
				<timestamp>167.345238</timestamp>
			</report>
			<report>
				<misses>2268001</misses>
				<total>2254421</total>
				<timestamp>167.417029</timestamp>
			</report>
			<report>
				<misses>2269001</misses>
				<total>2255420</total>
				<timestamp>167.494142</timestamp>
			</report>
			<report>
				<misses>2270001</misses>
				<total>2256419</total>
				<timestamp>167.564449</timestamp>
			</report>
			<report>
				<misses>2271001</misses>
				<total>2257418</total>
				<timestamp>167.634618</timestamp>
			</report>
			<report>
				<misses>2272001</misses>
				<total>2258417</total>
				<timestamp>167.704796</timestamp>
			</report>
			<report>
				<misses>2273001</misses>
				<total>2259416</total>
				<timestamp>167.774846</timestamp>
			</report>
			<report>
				<misses>2274001</misses>
				<total>2260415</total>
				<timestamp>167.850084</timestamp>
			</report>
			<report>
				<misses>2275001</misses>
				<total>2261414</total>
				<timestamp>167.924813</timestamp>
			</report>
			<report>
				<misses>2276001</misses>
				<total>2262413</total>
				<timestamp>167.995246</timestamp>
			</report>
			<report>
				<misses>2277001</misses>
				<total>2263412</total>
				<timestamp>168.066562</timestamp>
			</report>
			<report>
				<misses>2278001</misses>
				<total>2264411</total>
				<timestamp>168.136640</timestamp>
			</report>
			<report>
				<misses>2279001</misses>
				<total>2265410</total>
				<timestamp>168.218450</timestamp>
			</report>
			<report>
				<misses>2280001</misses>
				<total>2266409</total>
				<timestamp>168.296718</timestamp>
			</report>
			<report>
				<misses>2281001</misses>
				<total>2267408</total>
				<timestamp>168.373723</timestamp>
			</report>
			<report>
				<misses>2282001</misses>
				<total>2268407</total>
				<timestamp>168.452049</timestamp>
			</report>
			<report>
				<misses>2283001</misses>
				<total>2269406</total>
				<timestamp>168.527529</timestamp>
			</report>
			<report>
				<misses>2284001</misses>
				<total>2270405</total>
				<timestamp>168.600991</timestamp>
			</report>
			<report>
				<misses>2285001</misses>
				<total>2271404</total>
				<timestamp>168.673525</timestamp>
			</report>
			<report>
				<misses>2286001</misses>
				<total>2272403</total>
				<timestamp>168.751567</timestamp>
			</report>
			<report>
				<misses>2287001</misses>
				<total>2273402</total>
				<timestamp>168.824619</timestamp>
			</report>
			<report>
				<misses>2288001</misses>
				<total>2274401</total>
				<timestamp>168.896465</timestamp>
			</report>
			<report>
				<misses>2289001</misses>
				<total>2275400</total>
				<timestamp>168.970387</timestamp>
			</report>
			<report>
				<misses>2290001</misses>
				<total>2276399</total>
				<timestamp>169.043840</timestamp>
			</report>
			<report>
				<misses>2291001</misses>
				<total>2277398</total>
				<timestamp>169.115271</timestamp>
			</report>
			<report>
				<misses>2292001</misses>
				<total>2278397</total>
				<timestamp>169.193763</timestamp>
			</report>
			<report>
				<misses>2293001</misses>
				<total>2279396</total>
				<timestamp>169.268254</timestamp>
			</report>
			<report>
				<misses>2294001</misses>
				<total>2280395</total>
				<timestamp>169.342407</timestamp>
			</report>
			<report>
				<misses>2295001</misses>
				<total>2281394</total>
				<timestamp>169.413259</timestamp>
			</report>
			<report>
				<misses>2296001</misses>
				<total>2282393</total>
				<timestamp>169.483560</timestamp>
			</report>
			<report>
				<misses>2297001</misses>
				<total>2283392</total>
				<timestamp>169.553611</timestamp>
			</report>
			<report>
				<misses>2298001</misses>
				<total>2284391</total>
				<timestamp>169.626011</timestamp>
			</report>
			<report>
				<misses>2299001</misses>
				<total>2285390</total>
				<timestamp>169.697426</timestamp>
			</report>
			<report>
				<misses>2300001</misses>
				<total>2286389</total>
				<timestamp>169.772121</timestamp>
			</report>
			<report>
				<misses>2301001</misses>
				<total>2287388</total>
				<timestamp>169.855816</timestamp>
			</report>
			<report>
				<misses>2302001</misses>
				<total>2288387</total>
				<timestamp>169.925861</timestamp>
			</report>
			<report>
				<misses>2303001</misses>
				<total>2289386</total>
				<timestamp>169.995914</timestamp>
			</report>
			<report>
				<misses>2304001</misses>
				<total>2290385</total>
				<timestamp>170.068752</timestamp>
			</report>
			<report>
				<misses>2305001</misses>
				<total>2291384</total>
				<timestamp>170.146516</timestamp>
			</report>
			<report>
				<misses>2306001</misses>
				<total>2292383</total>
				<timestamp>170.218016</timestamp>
			</report>
			<report>
				<misses>2307001</misses>
				<total>2293382</total>
				<timestamp>170.291721</timestamp>
			</report>
			<report>
				<misses>2308001</misses>
				<total>2294381</total>
				<timestamp>170.371788</timestamp>
			</report>
			<report>
				<misses>2309001</misses>
				<total>2295380</total>
				<timestamp>170.452753</timestamp>
			</report>
			<report>
				<misses>2310001</misses>
				<total>2296379</total>
				<timestamp>170.527831</timestamp>
			</report>
			<report>
				<misses>2311001</misses>
				<total>2297378</total>
				<timestamp>170.602482</timestamp>
			</report>
			<report>
				<misses>2312001</misses>
				<total>2298377</total>
				<timestamp>170.673888</timestamp>
			</report>
			<report>
				<misses>2313001</misses>
				<total>2299376</total>
				<timestamp>170.746524</timestamp>
			</report>
			<report>
				<misses>2314001</misses>
				<total>2300375</total>
				<timestamp>170.817354</timestamp>
			</report>
			<report>
				<misses>2315001</misses>
				<total>2301374</total>
				<timestamp>170.888834</timestamp>
			</report>
			<report>
				<misses>2316001</misses>
				<total>2302373</total>
				<timestamp>170.959362</timestamp>
			</report>
			<report>
				<misses>2317001</misses>
				<total>2303372</total>
				<timestamp>171.029394</timestamp>
			</report>
			<report>
				<misses>2318001</misses>
				<total>2304371</total>
				<timestamp>171.102675</timestamp>
			</report>
			<report>
				<misses>2319001</misses>
				<total>2305370</total>
				<timestamp>171.177313</timestamp>
			</report>
			<report>
				<misses>2320001</misses>
				<total>2306369</total>
				<timestamp>171.251598</timestamp>
			</report>
			<report>
				<misses>2321001</misses>
				<total>2307368</total>
				<timestamp>171.323568</timestamp>
			</report>
			<report>
				<misses>2322001</misses>
				<total>2308367</total>
				<timestamp>171.393705</timestamp>
			</report>
			<report>
				<misses>2323001</misses>
				<total>2309366</total>
				<timestamp>171.463786</timestamp>
			</report>
			<report>
				<misses>2324001</misses>
				<total>2310365</total>
				<timestamp>171.533816</timestamp>
			</report>
			<report>
				<misses>2325001</misses>
				<total>2311364</total>
				<timestamp>171.603850</timestamp>
			</report>
			<report>
				<misses>2326001</misses>
				<total>2312363</total>
				<timestamp>171.674023</timestamp>
			</report>
			<report>
				<misses>2327001</misses>
				<total>2313362</total>
				<timestamp>171.744086</timestamp>
			</report>
			<report>
				<misses>2328001</misses>
				<total>2314361</total>
				<timestamp>171.814246</timestamp>
			</report>
			<report>
				<misses>2329001</misses>
				<total>2315360</total>
				<timestamp>171.885911</timestamp>
			</report>
			<report>
				<misses>2330001</misses>
				<total>2316359</total>
				<timestamp>171.960650</timestamp>
			</report>
			<report>
				<misses>2331001</misses>
				<total>2317358</total>
				<timestamp>172.031155</timestamp>
			</report>
			<report>
				<misses>2332001</misses>
				<total>2318357</total>
				<timestamp>172.104075</timestamp>
			</report>
			<report>
				<misses>2333001</misses>
				<total>2319356</total>
				<timestamp>172.175581</timestamp>
			</report>
			<report>
				<misses>2334001</misses>
				<total>2320355</total>
				<timestamp>172.245720</timestamp>
			</report>
			<report>
				<misses>2335001</misses>
				<total>2321354</total>
				<timestamp>172.316469</timestamp>
			</report>
			<report>
				<misses>2336001</misses>
				<total>2322353</total>
				<timestamp>172.395455</timestamp>
			</report>
			<report>
				<misses>2337001</misses>
				<total>2323352</total>
				<timestamp>172.466608</timestamp>
			</report>
			<report>
				<misses>2338001</misses>
				<total>2324351</total>
				<timestamp>172.547199</timestamp>
			</report>
			<report>
				<misses>2339001</misses>
				<total>2325350</total>
				<timestamp>172.619787</timestamp>
			</report>
			<report>
				<misses>2340001</misses>
				<total>2326349</total>
				<timestamp>172.690963</timestamp>
			</report>
			<report>
				<misses>2341001</misses>
				<total>2327348</total>
				<timestamp>172.762280</timestamp>
			</report>
			<report>
				<misses>2342001</misses>
				<total>2328347</total>
				<timestamp>172.833998</timestamp>
			</report>
			<report>
				<misses>2343001</misses>
				<total>2329346</total>
				<timestamp>172.904044</timestamp>
			</report>
			<report>
				<misses>2344001</misses>
				<total>2330345</total>
				<timestamp>172.975103</timestamp>
			</report>
			<report>
				<misses>2345001</misses>
				<total>2331344</total>
				<timestamp>173.046163</timestamp>
			</report>
			<report>
				<misses>2346001</misses>
				<total>2332343</total>
				<timestamp>173.117613</timestamp>
			</report>
			<report>
				<misses>2347001</misses>
				<total>2333342</total>
				<timestamp>173.196582</timestamp>
			</report>
			<report>
				<misses>2348001</misses>
				<total>2334341</total>
				<timestamp>173.268179</timestamp>
			</report>
			<report>
				<misses>2349001</misses>
				<total>2335340</total>
				<timestamp>173.344071</timestamp>
			</report>
			<report>
				<misses>2350001</misses>
				<total>2336339</total>
				<timestamp>173.415797</timestamp>
			</report>
			<report>
				<misses>2351001</misses>
				<total>2337338</total>
				<timestamp>173.491003</timestamp>
			</report>
			<report>
				<misses>2352001</misses>
				<total>2338337</total>
				<timestamp>173.563736</timestamp>
			</report>
			<report>
				<misses>2353001</misses>
				<total>2339336</total>
				<timestamp>173.636963</timestamp>
			</report>
			<report>
				<misses>2354001</misses>
				<total>2340335</total>
				<timestamp>173.711160</timestamp>
			</report>
			<report>
				<misses>2355001</misses>
				<total>2341334</total>
				<timestamp>173.795182</timestamp>
			</report>
			<report>
				<misses>2356001</misses>
				<total>2342333</total>
				<timestamp>173.873774</timestamp>
			</report>
			<report>
				<misses>2357001</misses>
				<total>2343332</total>
				<timestamp>173.943790</timestamp>
			</report>
			<report>
				<misses>2358001</misses>
				<total>2344331</total>
				<timestamp>174.013852</timestamp>
			</report>
			<report>
				<misses>2359001</misses>
				<total>2345330</total>
				<timestamp>174.083941</timestamp>
			</report>
			<report>
				<misses>2360001</misses>
				<total>2346329</total>
				<timestamp>174.156177</timestamp>
			</report>
			<report>
				<misses>2361001</misses>
				<total>2347328</total>
				<timestamp>174.226785</timestamp>
			</report>
			<report>
				<misses>2362001</misses>
				<total>2348327</total>
				<timestamp>174.298234</timestamp>
			</report>
			<report>
				<misses>2363001</misses>
				<total>2349326</total>
				<timestamp>174.368660</timestamp>
			</report>
			<report>
				<misses>2364001</misses>
				<total>2350325</total>
				<timestamp>174.440040</timestamp>
			</report>
			<report>
				<misses>2365001</misses>
				<total>2351324</total>
				<timestamp>174.510440</timestamp>
			</report>
			<report>
				<misses>2366001</misses>
				<total>2352323</total>
				<timestamp>174.580506</timestamp>
			</report>
			<report>
				<misses>2367001</misses>
				<total>2353322</total>
				<timestamp>174.650814</timestamp>
			</report>
			<report>
				<misses>2368001</misses>
				<total>2354321</total>
				<timestamp>174.729593</timestamp>
			</report>
			<report>
				<misses>2369001</misses>
				<total>2355320</total>
				<timestamp>174.806891</timestamp>
			</report>
			<report>
				<misses>2370001</misses>
				<total>2356319</total>
				<timestamp>174.882264</timestamp>
			</report>
			<report>
				<misses>2371001</misses>
				<total>2357318</total>
				<timestamp>174.958218</timestamp>
			</report>
			<report>
				<misses>2372001</misses>
				<total>2358317</total>
				<timestamp>175.029612</timestamp>
			</report>
			<report>
				<misses>2373001</misses>
				<total>2359316</total>
				<timestamp>175.100945</timestamp>
			</report>
			<report>
				<misses>2374001</misses>
				<total>2360315</total>
				<timestamp>175.173224</timestamp>
			</report>
			<report>
				<misses>2375001</misses>
				<total>2361314</total>
				<timestamp>175.247396</timestamp>
			</report>
			<report>
				<misses>2376001</misses>
				<total>2362313</total>
				<timestamp>175.325290</timestamp>
			</report>
			<report>
				<misses>2377001</misses>
				<total>2363312</total>
				<timestamp>175.396500</timestamp>
			</report>
			<report>
				<misses>2378001</misses>
				<total>2364311</total>
				<timestamp>175.468681</timestamp>
			</report>
			<report>
				<misses>2379001</misses>
				<total>2365310</total>
				<timestamp>175.542943</timestamp>
			</report>
			<report>
				<misses>2380001</misses>
				<total>2366309</total>
				<timestamp>175.615528</timestamp>
			</report>
			<report>
				<misses>2381001</misses>
				<total>2367308</total>
				<timestamp>175.689170</timestamp>
			</report>
			<report>
				<misses>2382001</misses>
				<total>2368307</total>
				<timestamp>175.764064</timestamp>
			</report>
			<report>
				<misses>2383001</misses>
				<total>2369306</total>
				<timestamp>175.836165</timestamp>
			</report>
			<report>
				<misses>2384001</misses>
				<total>2370305</total>
				<timestamp>175.906669</timestamp>
			</report>
			<report>
				<misses>2385001</misses>
				<total>2371304</total>
				<timestamp>175.979888</timestamp>
			</report>
			<report>
				<misses>2386001</misses>
				<total>2372303</total>
				<timestamp>176.056227</timestamp>
			</report>
			<report>
				<misses>2387001</misses>
				<total>2373302</total>
				<timestamp>176.130830</timestamp>
			</report>
			<report>
				<misses>2388001</misses>
				<total>2374301</total>
				<timestamp>176.212084</timestamp>
			</report>
			<report>
				<misses>2389001</misses>
				<total>2375300</total>
				<timestamp>176.286212</timestamp>
			</report>
			<report>
				<misses>2390001</misses>
				<total>2376299</total>
				<timestamp>176.356296</timestamp>
			</report>
			<report>
				<misses>2391001</misses>
				<total>2377298</total>
				<timestamp>176.427320</timestamp>
			</report>
			<report>
				<misses>2392001</misses>
				<total>2378297</total>
				<timestamp>176.502385</timestamp>
			</report>
			<report>
				<misses>2393001</misses>
				<total>2379296</total>
				<timestamp>176.572875</timestamp>
			</report>
			<report>
				<misses>2394001</misses>
				<total>2380295</total>
				<timestamp>176.642934</timestamp>
			</report>
			<report>
				<misses>2395001</misses>
				<total>2381294</total>
				<timestamp>176.713681</timestamp>
			</report>
			<report>
				<misses>2396001</misses>
				<total>2382293</total>
				<timestamp>176.785648</timestamp>
			</report>
			<report>
				<misses>2397001</misses>
				<total>2383292</total>
				<timestamp>176.868693</timestamp>
			</report>
			<report>
				<misses>2398001</misses>
				<total>2384291</total>
				<timestamp>176.939775</timestamp>
			</report>
			<report>
				<misses>2399001</misses>
				<total>2385290</total>
				<timestamp>177.011418</timestamp>
			</report>
			<report>
				<misses>2400001</misses>
				<total>2386289</total>
				<timestamp>177.084675</timestamp>
			</report>
			<report>
				<misses>2401001</misses>
				<total>2387288</total>
				<timestamp>177.156347</timestamp>
			</report>
			<report>
				<misses>2402001</misses>
				<total>2388287</total>
				<timestamp>177.229458</timestamp>
			</report>
			<report>
				<misses>2403001</misses>
				<total>2389286</total>
				<timestamp>177.299651</timestamp>
			</report>
			<report>
				<misses>2404001</misses>
				<total>2390285</total>
				<timestamp>177.376484</timestamp>
			</report>
			<report>
				<misses>2405001</misses>
				<total>2391284</total>
				<timestamp>177.455032</timestamp>
			</report>
			<report>
				<misses>2406001</misses>
				<total>2392283</total>
				<timestamp>177.532448</timestamp>
			</report>
			<report>
				<misses>2407001</misses>
				<total>2393282</total>
				<timestamp>177.606174</timestamp>
			</report>
			<report>
				<misses>2408001</misses>
				<total>2394281</total>
				<timestamp>177.679917</timestamp>
			</report>
			<report>
				<misses>2409001</misses>
				<total>2395280</total>
				<timestamp>177.749919</timestamp>
			</report>
			<report>
				<misses>2410001</misses>
				<total>2396279</total>
				<timestamp>177.823173</timestamp>
			</report>
			<report>
				<misses>2411001</misses>
				<total>2397278</total>
				<timestamp>177.893963</timestamp>
			</report>
			<report>
				<misses>2412001</misses>
				<total>2398277</total>
				<timestamp>177.968538</timestamp>
			</report>
			<report>
				<misses>2413001</misses>
				<total>2399276</total>
				<timestamp>178.039355</timestamp>
			</report>
			<report>
				<misses>2414001</misses>
				<total>2400275</total>
				<timestamp>178.111871</timestamp>
			</report>
			<report>
				<misses>2415001</misses>
				<total>2401274</total>
				<timestamp>178.187771</timestamp>
			</report>
			<report>
				<misses>2416001</misses>
				<total>2402273</total>
				<timestamp>178.257972</timestamp>
			</report>
			<report>
				<misses>2417001</misses>
				<total>2403272</total>
				<timestamp>178.328637</timestamp>
			</report>
			<report>
				<misses>2418001</misses>
				<total>2404271</total>
				<timestamp>178.398665</timestamp>
			</report>
			<report>
				<misses>2419001</misses>
				<total>2405270</total>
				<timestamp>178.468697</timestamp>
			</report>
			<report>
				<misses>2420001</misses>
				<total>2406269</total>
				<timestamp>178.538667</timestamp>
			</report>
			<report>
				<misses>2421001</misses>
				<total>2407268</total>
				<timestamp>178.615891</timestamp>
			</report>
			<report>
				<misses>2422001</misses>
				<total>2408267</total>
				<timestamp>178.686129</timestamp>
			</report>
			<report>
				<misses>2423001</misses>
				<total>2409266</total>
				<timestamp>178.761164</timestamp>
			</report>
			<report>
				<misses>2424001</misses>
				<total>2410265</total>
				<timestamp>178.838190</timestamp>
			</report>
			<report>
				<misses>2425001</misses>
				<total>2411264</total>
				<timestamp>178.915977</timestamp>
			</report>
			<report>
				<misses>2426001</misses>
				<total>2412263</total>
				<timestamp>178.990305</timestamp>
			</report>
			<report>
				<misses>2427001</misses>
				<total>2413262</total>
				<timestamp>179.066207</timestamp>
			</report>
			<report>
				<misses>2428001</misses>
				<total>2414261</total>
				<timestamp>179.144735</timestamp>
			</report>
			<report>
				<misses>2429001</misses>
				<total>2415260</total>
				<timestamp>179.215594</timestamp>
			</report>
			<report>
				<misses>2430001</misses>
				<total>2416259</total>
				<timestamp>179.288251</timestamp>
			</report>
			<report>
				<misses>2431001</misses>
				<total>2417258</total>
				<timestamp>179.359625</timestamp>
			</report>
			<report>
				<misses>2432001</misses>
				<total>2418257</total>
				<timestamp>179.431987</timestamp>
			</report>
			<report>
				<misses>2433001</misses>
				<total>2419256</total>
				<timestamp>179.510588</timestamp>
			</report>
			<report>
				<misses>2434001</misses>
				<total>2420255</total>
				<timestamp>179.589469</timestamp>
			</report>
			<report>
				<misses>2435001</misses>
				<total>2421254</total>
				<timestamp>179.661220</timestamp>
			</report>
			<report>
				<misses>2436001</misses>
				<total>2422253</total>
				<timestamp>179.731302</timestamp>
			</report>
			<report>
				<misses>2437001</misses>
				<total>2423252</total>
				<timestamp>179.801602</timestamp>
			</report>
			<report>
				<misses>2438001</misses>
				<total>2424251</total>
				<timestamp>179.871608</timestamp>
			</report>
			<report>
				<misses>2439001</misses>
				<total>2425250</total>
				<timestamp>179.946668</timestamp>
			</report>
			<report>
				<misses>2440001</misses>
				<total>2426249</total>
				<timestamp>180.022742</timestamp>
			</report>
			<report>
				<misses>2441001</misses>
				<total>2427248</total>
				<timestamp>180.094341</timestamp>
			</report>
			<report>
				<misses>2442001</misses>
				<total>2428247</total>
				<timestamp>180.165281</timestamp>
			</report>
			<report>
				<misses>2443001</misses>
				<total>2429246</total>
				<timestamp>180.240991</timestamp>
			</report>
			<report>
				<misses>2444001</misses>
				<total>2430245</total>
				<timestamp>180.311829</timestamp>
			</report>
			<report>
				<misses>2445001</misses>
				<total>2431244</total>
				<timestamp>180.385154</timestamp>
			</report>
			<report>
				<misses>2446001</misses>
				<total>2432243</total>
				<timestamp>180.462116</timestamp>
			</report>
			<report>
				<misses>2447001</misses>
				<total>2433242</total>
				<timestamp>180.535717</timestamp>
			</report>
			<report>
				<misses>2448001</misses>
				<total>2434241</total>
				<timestamp>180.617510</timestamp>
			</report>
			<report>
				<misses>2449001</misses>
				<total>2435240</total>
				<timestamp>180.688789</timestamp>
			</report>
			<report>
				<misses>2450001</misses>
				<total>2436239</total>
				<timestamp>180.760088</timestamp>
			</report>
			<report>
				<misses>2451001</misses>
				<total>2437238</total>
				<timestamp>180.831658</timestamp>
			</report>
			<report>
				<misses>2452001</misses>
				<total>2438237</total>
				<timestamp>180.902525</timestamp>
			</report>
			<report>
				<misses>2453001</misses>
				<total>2439236</total>
				<timestamp>180.981365</timestamp>
			</report>
			<report>
				<misses>2454001</misses>
				<total>2440235</total>
				<timestamp>181.051415</timestamp>
			</report>
			<report>
				<misses>2455001</misses>
				<total>2441234</total>
				<timestamp>181.129852</timestamp>
			</report>
			<report>
				<misses>2456001</misses>
				<total>2442233</total>
				<timestamp>181.214512</timestamp>
			</report>
			<report>
				<misses>2457001</misses>
				<total>2443232</total>
				<timestamp>181.287595</timestamp>
			</report>
			<report>
				<misses>2458001</misses>
				<total>2444231</total>
				<timestamp>181.364845</timestamp>
			</report>
			<report>
				<misses>2459001</misses>
				<total>2445230</total>
				<timestamp>181.443960</timestamp>
			</report>
			<report>
				<misses>2460001</misses>
				<total>2446229</total>
				<timestamp>181.519648</timestamp>
			</report>
			<report>
				<misses>2461001</misses>
				<total>2447228</total>
				<timestamp>181.592546</timestamp>
			</report>
			<report>
				<misses>2462001</misses>
				<total>2448227</total>
				<timestamp>181.665070</timestamp>
			</report>
			<report>
				<misses>2463001</misses>
				<total>2449226</total>
				<timestamp>181.737513</timestamp>
			</report>
			<report>
				<misses>2464001</misses>
				<total>2450225</total>
				<timestamp>181.810222</timestamp>
			</report>
			<report>
				<misses>2465001</misses>
				<total>2451224</total>
				<timestamp>181.886440</timestamp>
			</report>
			<report>
				<misses>2466001</misses>
				<total>2452223</total>
				<timestamp>181.960981</timestamp>
			</report>
			<report>
				<misses>2467001</misses>
				<total>2453222</total>
				<timestamp>182.031721</timestamp>
			</report>
			<report>
				<misses>2468001</misses>
				<total>2454221</total>
				<timestamp>182.107116</timestamp>
			</report>
			<report>
				<misses>2469001</misses>
				<total>2455220</total>
				<timestamp>182.178292</timestamp>
			</report>
			<report>
				<misses>2470001</misses>
				<total>2456219</total>
				<timestamp>182.248489</timestamp>
			</report>
			<report>
				<misses>2471001</misses>
				<total>2457218</total>
				<timestamp>182.326710</timestamp>
			</report>
			<report>
				<misses>2472001</misses>
				<total>2458217</total>
				<timestamp>182.405170</timestamp>
			</report>
			<report>
				<misses>2473001</misses>
				<total>2459216</total>
				<timestamp>182.479153</timestamp>
			</report>
			<report>
				<misses>2474001</misses>
				<total>2460215</total>
				<timestamp>182.549201</timestamp>
			</report>
			<report>
				<misses>2475001</misses>
				<total>2461214</total>
				<timestamp>182.622945</timestamp>
			</report>
			<report>
				<misses>2476001</misses>
				<total>2462213</total>
				<timestamp>182.698494</timestamp>
			</report>
			<report>
				<misses>2477001</misses>
				<total>2463212</total>
				<timestamp>182.772139</timestamp>
			</report>
			<report>
				<misses>2478001</misses>
				<total>2464211</total>
				<timestamp>182.846252</timestamp>
			</report>
			<report>
				<misses>2479001</misses>
				<total>2465210</total>
				<timestamp>182.924069</timestamp>
			</report>
			<report>
				<misses>2480001</misses>
				<total>2466209</total>
				<timestamp>183.000662</timestamp>
			</report>
			<report>
				<misses>2481001</misses>
				<total>2467208</total>
				<timestamp>183.071426</timestamp>
			</report>
			<report>
				<misses>2482001</misses>
				<total>2468207</total>
				<timestamp>183.143045</timestamp>
			</report>
			<report>
				<misses>2483001</misses>
				<total>2469206</total>
				<timestamp>183.217692</timestamp>
			</report>
			<report>
				<misses>2484001</misses>
				<total>2470205</total>
				<timestamp>183.294916</timestamp>
			</report>
			<report>
				<misses>2485001</misses>
				<total>2471204</total>
				<timestamp>183.367616</timestamp>
			</report>
			<report>
				<misses>2486001</misses>
				<total>2472203</total>
				<timestamp>183.437796</timestamp>
			</report>
			<report>
				<misses>2487001</misses>
				<total>2473202</total>
				<timestamp>183.511761</timestamp>
			</report>
			<report>
				<misses>2488001</misses>
				<total>2474201</total>
				<timestamp>183.591659</timestamp>
			</report>
			<report>
				<misses>2489001</misses>
				<total>2475200</total>
				<timestamp>183.665506</timestamp>
			</report>
			<report>
				<misses>2490001</misses>
				<total>2476199</total>
				<timestamp>183.735805</timestamp>
			</report>
			<report>
				<misses>2491001</misses>
				<total>2477198</total>
				<timestamp>183.811839</timestamp>
			</report>
			<report>
				<misses>2492001</misses>
				<total>2478197</total>
				<timestamp>183.886645</timestamp>
			</report>
			<report>
				<misses>2493001</misses>
				<total>2479196</total>
				<timestamp>183.959285</timestamp>
			</report>
			<report>
				<misses>2494001</misses>
				<total>2480195</total>
				<timestamp>184.029384</timestamp>
			</report>
			<report>
				<misses>2495001</misses>
				<total>2481194</total>
				<timestamp>184.101460</timestamp>
			</report>
			<report>
				<misses>2496001</misses>
				<total>2482193</total>
				<timestamp>184.180095</timestamp>
			</report>
			<report>
				<misses>2497001</misses>
				<total>2483192</total>
				<timestamp>184.259676</timestamp>
			</report>
			<report>
				<misses>2498001</misses>
				<total>2484191</total>
				<timestamp>184.339039</timestamp>
			</report>
			<report>
				<misses>2499001</misses>
				<total>2485190</total>
				<timestamp>184.412265</timestamp>
			</report>
			<report>
				<misses>2500001</misses>
				<total>2486189</total>
				<timestamp>184.488950</timestamp>
			</report>
			<report>
				<misses>2501001</misses>
				<total>2487188</total>
				<timestamp>184.564446</timestamp>
			</report>
			<report>
				<misses>2502001</misses>
				<total>2488187</total>
				<timestamp>184.637423</timestamp>
			</report>
			<report>
				<misses>2503001</misses>
				<total>2489186</total>
				<timestamp>184.711142</timestamp>
			</report>
			<report>
				<misses>2504001</misses>
				<total>2490185</total>
				<timestamp>184.785388</timestamp>
			</report>
			<report>
				<misses>2505001</misses>
				<total>2491184</total>
				<timestamp>184.858790</timestamp>
			</report>
			<report>
				<misses>2506001</misses>
				<total>2492183</total>
				<timestamp>184.936102</timestamp>
			</report>
			<report>
				<misses>2507001</misses>
				<total>2493182</total>
				<timestamp>185.011544</timestamp>
			</report>
			<report>
				<misses>2508001</misses>
				<total>2494181</total>
				<timestamp>185.090436</timestamp>
			</report>
			<report>
				<misses>2509001</misses>
				<total>2495180</total>
				<timestamp>185.161225</timestamp>
			</report>
			<report>
				<misses>2510001</misses>
				<total>2496179</total>
				<timestamp>185.236680</timestamp>
			</report>
			<report>
				<misses>2511001</misses>
				<total>2497178</total>
				<timestamp>185.310095</timestamp>
			</report>
			<report>
				<misses>2512001</misses>
				<total>2498177</total>
				<timestamp>185.385337</timestamp>
			</report>
			<report>
				<misses>2513001</misses>
				<total>2499176</total>
				<timestamp>185.456779</timestamp>
			</report>
			<report>
				<misses>2514001</misses>
				<total>2500175</total>
				<timestamp>185.528157</timestamp>
			</report>
			<report>
				<misses>2515001</misses>
				<total>2501174</total>
				<timestamp>185.602430</timestamp>
			</report>
			<report>
				<misses>2516001</misses>
				<total>2502173</total>
				<timestamp>185.672784</timestamp>
			</report>
			<report>
				<misses>2517001</misses>
				<total>2503172</total>
				<timestamp>185.747898</timestamp>
			</report>
			<report>
				<misses>2518001</misses>
				<total>2504171</total>
				<timestamp>185.826286</timestamp>
			</report>
			<report>
				<misses>2519001</misses>
				<total>2505170</total>
				<timestamp>185.900896</timestamp>
			</report>
			<report>
				<misses>2520001</misses>
				<total>2506169</total>
				<timestamp>185.975668</timestamp>
			</report>
			<report>
				<misses>2521001</misses>
				<total>2507168</total>
				<timestamp>186.045815</timestamp>
			</report>
			<report>
				<misses>2522001</misses>
				<total>2508167</total>
				<timestamp>186.124109</timestamp>
			</report>
			<report>
				<misses>2523001</misses>
				<total>2509166</total>
				<timestamp>186.199791</timestamp>
			</report>
			<report>
				<misses>2524001</misses>
				<total>2510165</total>
				<timestamp>186.275737</timestamp>
			</report>
			<report>
				<misses>2525001</misses>
				<total>2511164</total>
				<timestamp>186.353021</timestamp>
			</report>
			<report>
				<misses>2526001</misses>
				<total>2512163</total>
				<timestamp>186.430606</timestamp>
			</report>
			<report>
				<misses>2527001</misses>
				<total>2513162</total>
				<timestamp>186.507561</timestamp>
			</report>
			<report>
				<misses>2528001</misses>
				<total>2514161</total>
				<timestamp>186.579629</timestamp>
			</report>
			<report>
				<misses>2529001</misses>
				<total>2515160</total>
				<timestamp>186.649772</timestamp>
			</report>
			<report>
				<misses>2530001</misses>
				<total>2516159</total>
				<timestamp>186.719796</timestamp>
			</report>
			<report>
				<misses>2531001</misses>
				<total>2517158</total>
				<timestamp>186.791956</timestamp>
			</report>
			<report>
				<misses>2532001</misses>
				<total>2518157</total>
				<timestamp>186.865952</timestamp>
			</report>
			<report>
				<misses>2533001</misses>
				<total>2519156</total>
				<timestamp>186.936376</timestamp>
			</report>
			<report>
				<misses>2534001</misses>
				<total>2520155</total>
				<timestamp>187.016182</timestamp>
			</report>
			<report>
				<misses>2535001</misses>
				<total>2521154</total>
				<timestamp>187.095814</timestamp>
			</report>
			<report>
				<misses>2536001</misses>
				<total>2522153</total>
				<timestamp>187.170326</timestamp>
			</report>
			<report>
				<misses>2537001</misses>
				<total>2523152</total>
				<timestamp>187.241796</timestamp>
			</report>
			<report>
				<misses>2538001</misses>
				<total>2524151</total>
				<timestamp>187.312144</timestamp>
			</report>
			<report>
				<misses>2539001</misses>
				<total>2525150</total>
				<timestamp>187.382300</timestamp>
			</report>
			<report>
				<misses>2540001</misses>
				<total>2526149</total>
				<timestamp>187.452724</timestamp>
			</report>
			<report>
				<misses>2541001</misses>
				<total>2527148</total>
				<timestamp>187.528846</timestamp>
			</report>
			<report>
				<misses>2542001</misses>
				<total>2528147</total>
				<timestamp>187.608732</timestamp>
			</report>
			<report>
				<misses>2543001</misses>
				<total>2529146</total>
				<timestamp>187.686414</timestamp>
			</report>
			<report>
				<misses>2544001</misses>
				<total>2530145</total>
				<timestamp>187.761977</timestamp>
			</report>
			<report>
				<misses>2545001</misses>
				<total>2531144</total>
				<timestamp>187.834655</timestamp>
			</report>
			<report>
				<misses>2546001</misses>
				<total>2532143</total>
				<timestamp>187.915738</timestamp>
			</report>
			<report>
				<misses>2547001</misses>
				<total>2533142</total>
				<timestamp>187.990916</timestamp>
			</report>
			<report>
				<misses>2548001</misses>
				<total>2534141</total>
				<timestamp>188.068262</timestamp>
			</report>
			<report>
				<misses>2549001</misses>
				<total>2535140</total>
				<timestamp>188.138823</timestamp>
			</report>
			<report>
				<misses>2550001</misses>
				<total>2536139</total>
				<timestamp>188.209723</timestamp>
			</report>
			<report>
				<misses>2551001</misses>
				<total>2537138</total>
				<timestamp>188.284257</timestamp>
			</report>
			<report>
				<misses>2552001</misses>
				<total>2538137</total>
				<timestamp>188.354835</timestamp>
			</report>
			<report>
				<misses>2553001</misses>
				<total>2539136</total>
				<timestamp>188.428409</timestamp>
			</report>
			<report>
				<misses>2554001</misses>
				<total>2540135</total>
				<timestamp>188.498507</timestamp>
			</report>
			<report>
				<misses>2555001</misses>
				<total>2541134</total>
				<timestamp>188.568518</timestamp>
			</report>
			<report>
				<misses>2556001</misses>
				<total>2542133</total>
				<timestamp>188.645448</timestamp>
			</report>
			<report>
				<misses>2557001</misses>
				<total>2543132</total>
				<timestamp>188.721835</timestamp>
			</report>
			<report>
				<misses>2558001</misses>
				<total>2544131</total>
				<timestamp>188.801001</timestamp>
			</report>
			<report>
				<misses>2559001</misses>
				<total>2545130</total>
				<timestamp>188.874297</timestamp>
			</report>
			<report>
				<misses>2560001</misses>
				<total>2546129</total>
				<timestamp>188.948351</timestamp>
			</report>
			<report>
				<misses>2561001</misses>
				<total>2547128</total>
				<timestamp>189.022155</timestamp>
			</report>
			<report>
				<misses>2562001</misses>
				<total>2548127</total>
				<timestamp>189.094076</timestamp>
			</report>
			<report>
				<misses>2563001</misses>
				<total>2549126</total>
				<timestamp>189.165401</timestamp>
			</report>
			<report>
				<misses>2564001</misses>
				<total>2550125</total>
				<timestamp>189.246388</timestamp>
			</report>
			<report>
				<misses>2565001</misses>
				<total>2551124</total>
				<timestamp>189.316444</timestamp>
			</report>
			<report>
				<misses>2566001</misses>
				<total>2552123</total>
				<timestamp>189.390845</timestamp>
			</report>
			<report>
				<misses>2567001</misses>
				<total>2553122</total>
				<timestamp>189.464549</timestamp>
			</report>
			<report>
				<misses>2568001</misses>
				<total>2554121</total>
				<timestamp>189.534574</timestamp>
			</report>
			<report>
				<misses>2569001</misses>
				<total>2555120</total>
				<timestamp>189.611876</timestamp>
			</report>
			<report>
				<misses>2570001</misses>
				<total>2556119</total>
				<timestamp>189.687717</timestamp>
			</report>
			<report>
				<misses>2571001</misses>
				<total>2557118</total>
				<timestamp>189.757855</timestamp>
			</report>
			<report>
				<misses>2572001</misses>
				<total>2558117</total>
				<timestamp>189.833349</timestamp>
			</report>
			<report>
				<misses>2573001</misses>
				<total>2559116</total>
				<timestamp>189.912752</timestamp>
			</report>
			<report>
				<misses>2574001</misses>
				<total>2560115</total>
				<timestamp>189.984365</timestamp>
			</report>
			<report>
				<misses>2575001</misses>
				<total>2561114</total>
				<timestamp>190.061891</timestamp>
			</report>
			<report>
				<misses>2576001</misses>
				<total>2562113</total>
				<timestamp>190.134924</timestamp>
			</report>
			<report>
				<misses>2577001</misses>
				<total>2563112</total>
				<timestamp>190.208549</timestamp>
			</report>
			<report>
				<misses>2578001</misses>
				<total>2564111</total>
				<timestamp>190.281468</timestamp>
			</report>
			<report>
				<misses>2579001</misses>
				<total>2565110</total>
				<timestamp>190.360870</timestamp>
			</report>
			<report>
				<misses>2580001</misses>
				<total>2566109</total>
				<timestamp>190.436283</timestamp>
			</report>
			<report>
				<misses>2581001</misses>
				<total>2567108</total>
				<timestamp>190.506865</timestamp>
			</report>
			<report>
				<misses>2582001</misses>
				<total>2568107</total>
				<timestamp>190.577661</timestamp>
			</report>
			<report>
				<misses>2583001</misses>
				<total>2569106</total>
				<timestamp>190.647743</timestamp>
			</report>
			<report>
				<misses>2584001</misses>
				<total>2570105</total>
				<timestamp>190.721778</timestamp>
			</report>
			<report>
				<misses>2585001</misses>
				<total>2571104</total>
				<timestamp>190.794654</timestamp>
			</report>
			<report>
				<misses>2586001</misses>
				<total>2572103</total>
				<timestamp>190.864917</timestamp>
			</report>
			<report>
				<misses>2587001</misses>
				<total>2573102</total>
				<timestamp>190.938595</timestamp>
			</report>
			<report>
				<misses>2588001</misses>
				<total>2574101</total>
				<timestamp>191.015842</timestamp>
			</report>
			<report>
				<misses>2589001</misses>
				<total>2575100</total>
				<timestamp>191.088274</timestamp>
			</report>
			<report>
				<misses>2590001</misses>
				<total>2576099</total>
				<timestamp>191.159837</timestamp>
			</report>
			<report>
				<misses>2591001</misses>
				<total>2577098</total>
				<timestamp>191.232126</timestamp>
			</report>
			<report>
				<misses>2592001</misses>
				<total>2578097</total>
				<timestamp>191.314370</timestamp>
			</report>
			<report>
				<misses>2593001</misses>
				<total>2579096</total>
				<timestamp>191.392094</timestamp>
			</report>
			<report>
				<misses>2594001</misses>
				<total>2580095</total>
				<timestamp>191.468129</timestamp>
			</report>
			<report>
				<misses>2595001</misses>
				<total>2581094</total>
				<timestamp>191.542370</timestamp>
			</report>
			<report>
				<misses>2596001</misses>
				<total>2582093</total>
				<timestamp>191.612510</timestamp>
			</report>
			<report>
				<misses>2597001</misses>
				<total>2583092</total>
				<timestamp>191.682579</timestamp>
			</report>
			<report>
				<misses>2598001</misses>
				<total>2584091</total>
				<timestamp>191.757857</timestamp>
			</report>
			<report>
				<misses>2599001</misses>
				<total>2585090</total>
				<timestamp>191.832808</timestamp>
			</report>
			<report>
				<misses>2600001</misses>
				<total>2586089</total>
				<timestamp>191.902885</timestamp>
			</report>
			<report>
				<misses>2601001</misses>
				<total>2587088</total>
				<timestamp>191.973900</timestamp>
			</report>
			<report>
				<misses>2602001</misses>
				<total>2588087</total>
				<timestamp>192.047587</timestamp>
			</report>
			<report>
				<misses>2603001</misses>
				<total>2589086</total>
				<timestamp>192.124703</timestamp>
			</report>
			<report>
				<misses>2604001</misses>
				<total>2590085</total>
				<timestamp>192.194779</timestamp>
			</report>
			<report>
				<misses>2605001</misses>
				<total>2591084</total>
				<timestamp>192.264773</timestamp>
			</report>
			<report>
				<misses>2606001</misses>
				<total>2592083</total>
				<timestamp>192.339953</timestamp>
			</report>
			<report>
				<misses>2607001</misses>
				<total>2593082</total>
				<timestamp>192.415572</timestamp>
			</report>
			<report>
				<misses>2608001</misses>
				<total>2594081</total>
				<timestamp>192.490141</timestamp>
			</report>
			<report>
				<misses>2609001</misses>
				<total>2595080</total>
				<timestamp>192.564489</timestamp>
			</report>
			<report>
				<misses>2610001</misses>
				<total>2596079</total>
				<timestamp>192.643015</timestamp>
			</report>
			<report>
				<misses>2611001</misses>
				<total>2597078</total>
				<timestamp>192.722263</timestamp>
			</report>
			<report>
				<misses>2612001</misses>
				<total>2598077</total>
				<timestamp>192.793317</timestamp>
			</report>
			<report>
				<misses>2613001</misses>
				<total>2599076</total>
				<timestamp>192.867249</timestamp>
			</report>
			<report>
				<misses>2614001</misses>
				<total>2600075</total>
				<timestamp>192.937438</timestamp>
			</report>
			<report>
				<misses>2615001</misses>
				<total>2601074</total>
				<timestamp>193.011692</timestamp>
			</report>
			<report>
				<misses>2616001</misses>
				<total>2601788</total>
				<timestamp>193.085064</timestamp>
			</report>
			<report>
				<misses>2617001</misses>
				<total>2602787</total>
				<timestamp>193.155689</timestamp>
			</report>
			<report>
				<misses>2618001</misses>
				<total>2603786</total>
				<timestamp>193.228914</timestamp>
			</report>
			<report>
				<misses>2619001</misses>
				<total>2604785</total>
				<timestamp>193.299118</timestamp>
			</report>
			<report>
				<misses>2620001</misses>
				<total>2605784</total>
				<timestamp>193.373889</timestamp>
			</report>
			<report>
				<misses>2621001</misses>
				<total>2606783</total>
				<timestamp>193.449765</timestamp>
			</report>
			<report>
				<misses>2622001</misses>
				<total>2607782</total>
				<timestamp>193.520177</timestamp>
			</report>
			<report>
				<misses>2623001</misses>
				<total>2608353</total>
				<timestamp>193.591744</timestamp>
			</report>
			<report>
				<misses>2624001</misses>
				<total>2608735</total>
				<timestamp>193.662917</timestamp>
			</report>
			<report>
				<misses>2625001</misses>
				<total>2609734</total>
				<timestamp>193.732950</timestamp>
			</report>
			<report>
				<misses>2626001</misses>
				<total>2610733</total>
				<timestamp>193.804525</timestamp>
			</report>
			<report>
				<misses>2627001</misses>
				<total>2611732</total>
				<timestamp>193.876562</timestamp>
			</report>
			<report>
				<misses>2628001</misses>
				<total>2612731</total>
				<timestamp>193.948873</timestamp>
			</report>
			<report>
				<misses>2629001</misses>
				<total>2613730</total>
				<timestamp>194.022192</timestamp>
			</report>
			<report>
				<misses>2630001</misses>
				<total>2614729</total>
				<timestamp>194.094524</timestamp>
			</report>
			<report>
				<misses>2631001</misses>
				<total>2615728</total>
				<timestamp>194.169061</timestamp>
			</report>
			<report>
				<misses>2632001</misses>
				<total>2616727</total>
				<timestamp>194.249815</timestamp>
			</report>
			<report>
				<misses>2633001</misses>
				<total>2617726</total>
				<timestamp>194.321946</timestamp>
			</report>
			<report>
				<misses>2634001</misses>
				<total>2618725</total>
				<timestamp>194.395350</timestamp>
			</report>
			<report>
				<misses>2635001</misses>
				<total>2619724</total>
				<timestamp>194.467618</timestamp>
			</report>
			<report>
				<misses>2636001</misses>
				<total>2620723</total>
				<timestamp>194.542537</timestamp>
			</report>
			<report>
				<misses>2637001</misses>
				<total>2621722</total>
				<timestamp>194.613949</timestamp>
			</report>
			<report>
				<misses>2638001</misses>
				<total>2622721</total>
				<timestamp>194.687806</timestamp>
			</report>
			<report>
				<misses>2639001</misses>
				<total>2623720</total>
				<timestamp>194.770664</timestamp>
			</report>
			<report>
				<misses>2640001</misses>
				<total>2624719</total>
				<timestamp>194.856224</timestamp>
			</report>
			<report>
				<misses>2641001</misses>
				<total>2625718</total>
				<timestamp>194.937204</timestamp>
			</report>
			<report>
				<misses>2642001</misses>
				<total>2626717</total>
				<timestamp>195.009889</timestamp>
			</report>
			<report>
				<misses>2643001</misses>
				<total>2627716</total>
				<timestamp>195.086909</timestamp>
			</report>
			<report>
				<misses>2644001</misses>
				<total>2628715</total>
				<timestamp>195.160108</timestamp>
			</report>
			<report>
				<misses>2645001</misses>
				<total>2629714</total>
				<timestamp>195.231871</timestamp>
			</report>
			<report>
				<misses>2646001</misses>
				<total>2630713</total>
				<timestamp>195.307798</timestamp>
			</report>
			<report>
				<misses>2647001</misses>
				<total>2631712</total>
				<timestamp>195.377800</timestamp>
			</report>
			<report>
				<misses>2648001</misses>
				<total>2632711</total>
				<timestamp>195.451136</timestamp>
			</report>
			<report>
				<misses>2649001</misses>
				<total>2633710</total>
				<timestamp>195.531177</timestamp>
			</report>
			<report>
				<misses>2650001</misses>
				<total>2634709</total>
				<timestamp>195.602242</timestamp>
			</report>
			<report>
				<misses>2651001</misses>
				<total>2635708</total>
				<timestamp>195.674568</timestamp>
			</report>
			<report>
				<misses>2652001</misses>
				<total>2636707</total>
				<timestamp>195.749493</timestamp>
			</report>
			<report>
				<misses>2653001</misses>
				<total>2637706</total>
				<timestamp>195.826723</timestamp>
			</report>
			<report>
				<misses>2654001</misses>
				<total>2638705</total>
				<timestamp>195.903227</timestamp>
			</report>
			<report>
				<misses>2655001</misses>
				<total>2639704</total>
				<timestamp>195.976820</timestamp>
			</report>
			<report>
				<misses>2656001</misses>
				<total>2640703</total>
				<timestamp>196.046854</timestamp>
			</report>
			<report>
				<misses>2657001</misses>
				<total>2641702</total>
				<timestamp>196.117214</timestamp>
			</report>
			<report>
				<misses>2658001</misses>
				<total>2642701</total>
				<timestamp>196.188471</timestamp>
			</report>
			<report>
				<misses>2659001</misses>
				<total>2643700</total>
				<timestamp>196.264172</timestamp>
			</report>
			<report>
				<misses>2660001</misses>
				<total>2644699</total>
				<timestamp>196.336208</timestamp>
			</report>
			<report>
				<misses>2661001</misses>
				<total>2645698</total>
				<timestamp>196.406271</timestamp>
			</report>
			<report>
				<misses>2662001</misses>
				<total>2646697</total>
				<timestamp>196.476637</timestamp>
			</report>
			<report>
				<misses>2663001</misses>
				<total>2647696</total>
				<timestamp>196.550734</timestamp>
			</report>
			<report>
				<misses>2664001</misses>
				<total>2648695</total>
				<timestamp>196.620727</timestamp>
			</report>
			<report>
				<misses>2665001</misses>
				<total>2649694</total>
				<timestamp>196.691225</timestamp>
			</report>
			<report>
				<misses>2666001</misses>
				<total>2650693</total>
				<timestamp>196.766396</timestamp>
			</report>
			<report>
				<misses>2667001</misses>
				<total>2651692</total>
				<timestamp>196.843317</timestamp>
			</report>
			<report>
				<misses>2668001</misses>
				<total>2652691</total>
				<timestamp>196.920795</timestamp>
			</report>
			<report>
				<misses>2669001</misses>
				<total>2653690</total>
				<timestamp>196.994394</timestamp>
			</report>
			<report>
				<misses>2670001</misses>
				<total>2654689</total>
				<timestamp>197.068354</timestamp>
			</report>
			<report>
				<misses>2671001</misses>
				<total>2655688</total>
				<timestamp>197.141832</timestamp>
			</report>
			<report>
				<misses>2672001</misses>
				<total>2656687</total>
				<timestamp>197.213484</timestamp>
			</report>
			<report>
				<misses>2673001</misses>
				<total>2657686</total>
				<timestamp>197.293675</timestamp>
			</report>
			<report>
				<misses>2674001</misses>
				<total>2658685</total>
				<timestamp>197.367434</timestamp>
			</report>
			<report>
				<misses>2675001</misses>
				<total>2659684</total>
				<timestamp>197.439598</timestamp>
			</report>
			<report>
				<misses>2676001</misses>
				<total>2660683</total>
				<timestamp>197.512836</timestamp>
			</report>
			<report>
				<misses>2677001</misses>
				<total>2661682</total>
				<timestamp>197.583134</timestamp>
			</report>
			<report>
				<misses>2678001</misses>
				<total>2662681</total>
				<timestamp>197.657176</timestamp>
			</report>
			<report>
				<misses>2679001</misses>
				<total>2663680</total>
				<timestamp>197.728124</timestamp>
			</report>
			<report>
				<misses>2680001</misses>
				<total>2664679</total>
				<timestamp>197.800062</timestamp>
			</report>
			<report>
				<misses>2681001</misses>
				<total>2665678</total>
				<timestamp>197.875513</timestamp>
			</report>
			<report>
				<misses>2682001</misses>
				<total>2666677</total>
				<timestamp>197.954121</timestamp>
			</report>
			<report>
				<misses>2683001</misses>
				<total>2667676</total>
				<timestamp>198.024858</timestamp>
			</report>
			<report>
				<misses>2684001</misses>
				<total>2668675</total>
				<timestamp>198.097644</timestamp>
			</report>
			<report>
				<misses>2685001</misses>
				<total>2669674</total>
				<timestamp>198.172926</timestamp>
			</report>
			<report>
				<misses>2686001</misses>
				<total>2670673</total>
				<timestamp>198.243207</timestamp>
			</report>
			<report>
				<misses>2687001</misses>
				<total>2671672</total>
				<timestamp>198.313620</timestamp>
			</report>
			<report>
				<misses>2688001</misses>
				<total>2672671</total>
				<timestamp>198.384998</timestamp>
			</report>
			<report>
				<misses>2689001</misses>
				<total>2673670</total>
				<timestamp>198.463534</timestamp>
			</report>
			<report>
				<misses>2690001</misses>
				<total>2674669</total>
				<timestamp>198.535285</timestamp>
			</report>
			<report>
				<misses>2691001</misses>
				<total>2675668</total>
				<timestamp>198.607128</timestamp>
			</report>
			<report>
				<misses>2692001</misses>
				<total>2676667</total>
				<timestamp>198.686180</timestamp>
			</report>
			<report>
				<misses>2693001</misses>
				<total>2677666</total>
				<timestamp>198.760027</timestamp>
			</report>
			<report>
				<misses>2694001</misses>
				<total>2678665</total>
				<timestamp>198.835320</timestamp>
			</report>
			<report>
				<misses>2695001</misses>
				<total>2679664</total>
				<timestamp>198.915544</timestamp>
			</report>
			<report>
				<misses>2696001</misses>
				<total>2680663</total>
				<timestamp>198.994324</timestamp>
			</report>
			<report>
				<misses>2697001</misses>
				<total>2681662</total>
				<timestamp>199.064647</timestamp>
			</report>
			<report>
				<misses>2698001</misses>
				<total>2682661</total>
				<timestamp>199.134853</timestamp>
			</report>
			<report>
				<misses>2699001</misses>
				<total>2683660</total>
				<timestamp>199.204914</timestamp>
			</report>
			<report>
				<misses>2700001</misses>
				<total>2684659</total>
				<timestamp>199.274921</timestamp>
			</report>
			<report>
				<misses>2701001</misses>
				<total>2685658</total>
				<timestamp>199.345027</timestamp>
			</report>
			<report>
				<misses>2702001</misses>
				<total>2686657</total>
				<timestamp>199.415278</timestamp>
			</report>
			<report>
				<misses>2703001</misses>
				<total>2687656</total>
				<timestamp>199.488700</timestamp>
			</report>
			<report>
				<misses>2704001</misses>
				<total>2688655</total>
				<timestamp>199.565550</timestamp>
			</report>
			<report>
				<misses>2705001</misses>
				<total>2689654</total>
				<timestamp>199.637494</timestamp>
			</report>
			<report>
				<misses>2706001</misses>
				<total>2690653</total>
				<timestamp>199.709671</timestamp>
			</report>
			<report>
				<misses>2707001</misses>
				<total>2691652</total>
				<timestamp>199.782516</timestamp>
			</report>
			<report>
				<misses>2708001</misses>
				<total>2692651</total>
				<timestamp>199.864081</timestamp>
			</report>
			<report>
				<misses>2709001</misses>
				<total>2693650</total>
				<timestamp>199.939493</timestamp>
			</report>
			<report>
				<misses>2710001</misses>
				<total>2694649</total>
				<timestamp>200.010284</timestamp>
			</report>
			<report>
				<misses>2711001</misses>
				<total>2695648</total>
				<timestamp>200.085199</timestamp>
			</report>
			<report>
				<misses>2712001</misses>
				<total>2696647</total>
				<timestamp>200.156297</timestamp>
			</report>
			<report>
				<misses>2713001</misses>
				<total>2697646</total>
				<timestamp>200.227692</timestamp>
			</report>
			<report>
				<misses>2714001</misses>
				<total>2698645</total>
				<timestamp>200.302610</timestamp>
			</report>
			<report>
				<misses>2715001</misses>
				<total>2699644</total>
				<timestamp>200.378539</timestamp>
			</report>
			<report>
				<misses>2716001</misses>
				<total>2700643</total>
				<timestamp>200.455542</timestamp>
			</report>
			<report>
				<misses>2717001</misses>
				<total>2701642</total>
				<timestamp>200.535546</timestamp>
			</report>
			<report>
				<misses>2718001</misses>
				<total>2702641</total>
				<timestamp>200.605614</timestamp>
			</report>
			<report>
				<misses>2719001</misses>
				<total>2703640</total>
				<timestamp>200.676349</timestamp>
			</report>
			<report>
				<misses>2720001</misses>
				<total>2704639</total>
				<timestamp>200.746548</timestamp>
			</report>
			<report>
				<misses>2721001</misses>
				<total>2705638</total>
				<timestamp>200.823446</timestamp>
			</report>
			<report>
				<misses>2722001</misses>
				<total>2706637</total>
				<timestamp>200.895594</timestamp>
			</report>
			<report>
				<misses>2723001</misses>
				<total>2707636</total>
				<timestamp>200.972935</timestamp>
			</report>
			<report>
				<misses>2724001</misses>
				<total>2708635</total>
				<timestamp>201.043173</timestamp>
			</report>
			<report>
				<misses>2725001</misses>
				<total>2709634</total>
				<timestamp>201.115157</timestamp>
			</report>
			<report>
				<misses>2726001</misses>
				<total>2710633</total>
				<timestamp>201.187180</timestamp>
			</report>
			<report>
				<misses>2727001</misses>
				<total>2711632</total>
				<timestamp>201.268879</timestamp>
			</report>
			<report>
				<misses>2728001</misses>
				<total>2712631</total>
				<timestamp>201.350163</timestamp>
			</report>
			<report>
				<misses>2729001</misses>
				<total>2713630</total>
				<timestamp>201.429054</timestamp>
			</report>
			<report>
				<misses>2730001</misses>
				<total>2714629</total>
				<timestamp>201.501884</timestamp>
			</report>
			<report>
				<misses>2731001</misses>
				<total>2715628</total>
				<timestamp>201.572976</timestamp>
			</report>
			<report>
				<misses>2732001</misses>
				<total>2716627</total>
				<timestamp>201.652993</timestamp>
			</report>
			<report>
				<misses>2733001</misses>
				<total>2717626</total>
				<timestamp>201.729771</timestamp>
			</report>
			<report>
				<misses>2734001</misses>
				<total>2718625</total>
				<timestamp>201.801062</timestamp>
			</report>
			<report>
				<misses>2735001</misses>
				<total>2719624</total>
				<timestamp>201.876809</timestamp>
			</report>
			<report>
				<misses>2736001</misses>
				<total>2720623</total>
				<timestamp>201.948770</timestamp>
			</report>
			<report>
				<misses>2737001</misses>
				<total>2721622</total>
				<timestamp>202.023978</timestamp>
			</report>
			<report>
				<misses>2738001</misses>
				<total>2722621</total>
				<timestamp>202.101136</timestamp>
			</report>
			<report>
				<misses>2739001</misses>
				<total>2723620</total>
				<timestamp>202.175166</timestamp>
			</report>
			<report>
				<misses>2740001</misses>
				<total>2724619</total>
				<timestamp>202.251377</timestamp>
			</report>
			<report>
				<misses>2741001</misses>
				<total>2725618</total>
				<timestamp>202.321620</timestamp>
			</report>
			<report>
				<misses>2742001</misses>
				<total>2726617</total>
				<timestamp>202.394336</timestamp>
			</report>
			<report>
				<misses>2743001</misses>
				<total>2727616</total>
				<timestamp>202.470638</timestamp>
			</report>
			<report>
				<misses>2744001</misses>
				<total>2728615</total>
				<timestamp>202.542546</timestamp>
			</report>
			<report>
				<misses>2745001</misses>
				<total>2729614</total>
				<timestamp>202.615442</timestamp>
			</report>
			<report>
				<misses>2746001</misses>
				<total>2730613</total>
				<timestamp>202.691986</timestamp>
			</report>
			<report>
				<misses>2747001</misses>
				<total>2731612</total>
				<timestamp>202.769723</timestamp>
			</report>
			<report>
				<misses>2748001</misses>
				<total>2732611</total>
				<timestamp>202.844130</timestamp>
			</report>
			<report>
				<misses>2749001</misses>
				<total>2733610</total>
				<timestamp>202.915030</timestamp>
			</report>
			<report>
				<misses>2750001</misses>
				<total>2734609</total>
				<timestamp>202.985374</timestamp>
			</report>
			<report>
				<misses>2751001</misses>
				<total>2735608</total>
				<timestamp>203.055966</timestamp>
			</report>
			<report>
				<misses>2752001</misses>
				<total>2736607</total>
				<timestamp>203.130622</timestamp>
			</report>
			<report>
				<misses>2753001</misses>
				<total>2737606</total>
				<timestamp>203.207994</timestamp>
			</report>
			<report>
				<misses>2754001</misses>
				<total>2738605</total>
				<timestamp>203.280936</timestamp>
			</report>
			<report>
				<misses>2755001</misses>
				<total>2739604</total>
				<timestamp>203.354444</timestamp>
			</report>
			<report>
				<misses>2756001</misses>
				<total>2740603</total>
				<timestamp>203.428102</timestamp>
			</report>
			<report>
				<misses>2757001</misses>
				<total>2741602</total>
				<timestamp>203.506205</timestamp>
			</report>
			<report>
				<misses>2758001</misses>
				<total>2742601</total>
				<timestamp>203.577489</timestamp>
			</report>
			<report>
				<misses>2759001</misses>
				<total>2743600</total>
				<timestamp>203.647617</timestamp>
			</report>
			<report>
				<misses>2760001</misses>
				<total>2744599</total>
				<timestamp>203.718174</timestamp>
			</report>
			<report>
				<misses>2761001</misses>
				<total>2745598</total>
				<timestamp>203.794253</timestamp>
			</report>
			<report>
				<misses>2762001</misses>
				<total>2746597</total>
				<timestamp>203.869276</timestamp>
			</report>
			<report>
				<misses>2763001</misses>
				<total>2747596</total>
				<timestamp>203.947173</timestamp>
			</report>
			<report>
				<misses>2764001</misses>
				<total>2748595</total>
				<timestamp>204.023975</timestamp>
			</report>
			<report>
				<misses>2765001</misses>
				<total>2749594</total>
				<timestamp>204.101627</timestamp>
			</report>
			<report>
				<misses>2766001</misses>
				<total>2750593</total>
				<timestamp>204.175896</timestamp>
			</report>
			<report>
				<misses>2767001</misses>
				<total>2751592</total>
				<timestamp>204.249819</timestamp>
			</report>
			<report>
				<misses>2768001</misses>
				<total>2752591</total>
				<timestamp>204.329262</timestamp>
			</report>
			<report>
				<misses>2769001</misses>
				<total>2753590</total>
				<timestamp>204.401520</timestamp>
			</report>
			<report>
				<misses>2770001</misses>
				<total>2754589</total>
				<timestamp>204.475264</timestamp>
			</report>
			<report>
				<misses>2771001</misses>
				<total>2755588</total>
				<timestamp>204.547444</timestamp>
			</report>
			<report>
				<misses>2772001</misses>
				<total>2756587</total>
				<timestamp>204.617505</timestamp>
			</report>
			<report>
				<misses>2773001</misses>
				<total>2757586</total>
				<timestamp>204.690658</timestamp>
			</report>
			<report>
				<misses>2774001</misses>
				<total>2758585</total>
				<timestamp>204.767440</timestamp>
			</report>
			<report>
				<misses>2775001</misses>
				<total>2759584</total>
				<timestamp>204.841616</timestamp>
			</report>
			<report>
				<misses>2776001</misses>
				<total>2760583</total>
				<timestamp>204.914535</timestamp>
			</report>
			<report>
				<misses>2777001</misses>
				<total>2761582</total>
				<timestamp>204.987048</timestamp>
			</report>
			<report>
				<misses>2778001</misses>
				<total>2762581</total>
				<timestamp>205.057570</timestamp>
			</report>
			<report>
				<misses>2779001</misses>
				<total>2763580</total>
				<timestamp>205.132733</timestamp>
			</report>
			<report>
				<misses>2780001</misses>
				<total>2764579</total>
				<timestamp>205.206370</timestamp>
			</report>
			<report>
				<misses>2781001</misses>
				<total>2765578</total>
				<timestamp>205.281750</timestamp>
			</report>
			<report>
				<misses>2782001</misses>
				<total>2766577</total>
				<timestamp>205.355558</timestamp>
			</report>
			<report>
				<misses>2783001</misses>
				<total>2767576</total>
				<timestamp>205.429327</timestamp>
			</report>
			<report>
				<misses>2784001</misses>
				<total>2768575</total>
				<timestamp>205.503796</timestamp>
			</report>
			<report>
				<misses>2785001</misses>
				<total>2769574</total>
				<timestamp>205.577786</timestamp>
			</report>
			<report>
				<misses>2786001</misses>
				<total>2770573</total>
				<timestamp>205.647795</timestamp>
			</report>
			<report>
				<misses>2787001</misses>
				<total>2771572</total>
				<timestamp>205.721732</timestamp>
			</report>
			<report>
				<misses>2788001</misses>
				<total>2772571</total>
				<timestamp>205.795238</timestamp>
			</report>
			<report>
				<misses>2789001</misses>
				<total>2773570</total>
				<timestamp>205.876974</timestamp>
			</report>
			<report>
				<misses>2790001</misses>
				<total>2774569</total>
				<timestamp>205.951926</timestamp>
			</report>
			<report>
				<misses>2791001</misses>
				<total>2775568</total>
				<timestamp>206.021990</timestamp>
			</report>
			<report>
				<misses>2792001</misses>
				<total>2776567</total>
				<timestamp>206.099140</timestamp>
			</report>
			<report>
				<misses>2793001</misses>
				<total>2777566</total>
				<timestamp>206.174600</timestamp>
			</report>
			<report>
				<misses>2794001</misses>
				<total>2778565</total>
				<timestamp>206.252108</timestamp>
			</report>
			<report>
				<misses>2795001</misses>
				<total>2779564</total>
				<timestamp>206.328777</timestamp>
			</report>
			<report>
				<misses>2796001</misses>
				<total>2780563</total>
				<timestamp>206.401759</timestamp>
			</report>
			<report>
				<misses>2797001</misses>
				<total>2781562</total>
				<timestamp>206.476094</timestamp>
			</report>
			<report>
				<misses>2798001</misses>
				<total>2782561</total>
				<timestamp>206.546531</timestamp>
			</report>
			<report>
				<misses>2799001</misses>
				<total>2783560</total>
				<timestamp>206.618067</timestamp>
			</report>
			<report>
				<misses>2800001</misses>
				<total>2784559</total>
				<timestamp>206.689497</timestamp>
			</report>
			<report>
				<misses>2801001</misses>
				<total>2785558</total>
				<timestamp>206.759716</timestamp>
			</report>
			<report>
				<misses>2802001</misses>
				<total>2786557</total>
				<timestamp>206.834138</timestamp>
			</report>
			<report>
				<misses>2803001</misses>
				<total>2787556</total>
				<timestamp>206.904179</timestamp>
			</report>
			<report>
				<misses>2804001</misses>
				<total>2788555</total>
				<timestamp>206.974286</timestamp>
			</report>
			<report>
				<misses>2805001</misses>
				<total>2789554</total>
				<timestamp>207.049345</timestamp>
			</report>
			<report>
				<misses>2806001</misses>
				<total>2790553</total>
				<timestamp>207.120311</timestamp>
			</report>
			<report>
				<misses>2807001</misses>
				<total>2791552</total>
				<timestamp>207.191330</timestamp>
			</report>
			<report>
				<misses>2808001</misses>
				<total>2792551</total>
				<timestamp>207.261775</timestamp>
			</report>
			<report>
				<misses>2809001</misses>
				<total>2793550</total>
				<timestamp>207.340556</timestamp>
			</report>
			<report>
				<misses>2810001</misses>
				<total>2794549</total>
				<timestamp>207.413542</timestamp>
			</report>
			<report>
				<misses>2811001</misses>
				<total>2795548</total>
				<timestamp>207.488967</timestamp>
			</report>
			<report>
				<misses>2812001</misses>
				<total>2796547</total>
				<timestamp>207.571609</timestamp>
			</report>
			<report>
				<misses>2813001</misses>
				<total>2797546</total>
				<timestamp>207.643436</timestamp>
			</report>
			<report>
				<misses>2814001</misses>
				<total>2798545</total>
				<timestamp>207.716345</timestamp>
			</report>
			<report>
				<misses>2815001</misses>
				<total>2799544</total>
				<timestamp>207.792445</timestamp>
			</report>
			<report>
				<misses>2816001</misses>
				<total>2800543</total>
				<timestamp>207.868862</timestamp>
			</report>
			<report>
				<misses>2817001</misses>
				<total>2801542</total>
				<timestamp>207.939574</timestamp>
			</report>
			<report>
				<misses>2818001</misses>
				<total>2802541</total>
				<timestamp>208.020473</timestamp>
			</report>
			<report>
				<misses>2819001</misses>
				<total>2803540</total>
				<timestamp>208.097280</timestamp>
			</report>
			<report>
				<misses>2820001</misses>
				<total>2804539</total>
				<timestamp>208.170133</timestamp>
			</report>
			<report>
				<misses>2821001</misses>
				<total>2805538</total>
				<timestamp>208.240176</timestamp>
			</report>
			<report>
				<misses>2822001</misses>
				<total>2806537</total>
				<timestamp>208.310285</timestamp>
			</report>
			<report>
				<misses>2823001</misses>
				<total>2807536</total>
				<timestamp>208.380410</timestamp>
			</report>
			<report>
				<misses>2824001</misses>
				<total>2808535</total>
				<timestamp>208.452409</timestamp>
			</report>
			<report>
				<misses>2825001</misses>
				<total>2809534</total>
				<timestamp>208.522644</timestamp>
			</report>
			<report>
				<misses>2826001</misses>
				<total>2810533</total>
				<timestamp>208.592629</timestamp>
			</report>
			<report>
				<misses>2827001</misses>
				<total>2811532</total>
				<timestamp>208.662732</timestamp>
			</report>
			<report>
				<misses>2828001</misses>
				<total>2812531</total>
				<timestamp>208.735870</timestamp>
			</report>
			<report>
				<misses>2829001</misses>
				<total>2813530</total>
				<timestamp>208.809240</timestamp>
			</report>
			<report>
				<misses>2830001</misses>
				<total>2814529</total>
				<timestamp>208.882889</timestamp>
			</report>
			<report>
				<misses>2831001</misses>
				<total>2815528</total>
				<timestamp>208.954723</timestamp>
			</report>
			<report>
				<misses>2832001</misses>
				<total>2816527</total>
				<timestamp>209.026341</timestamp>
			</report>
			<report>
				<misses>2833001</misses>
				<total>2817526</total>
				<timestamp>209.097592</timestamp>
			</report>
			<report>
				<misses>2834001</misses>
				<total>2818525</total>
				<timestamp>209.171620</timestamp>
			</report>
			<report>
				<misses>2835001</misses>
				<total>2819524</total>
				<timestamp>209.246831</timestamp>
			</report>
			<report>
				<misses>2836001</misses>
				<total>2820523</total>
				<timestamp>209.323964</timestamp>
			</report>
			<report>
				<misses>2837001</misses>
				<total>2821522</total>
				<timestamp>209.397751</timestamp>
			</report>
			<report>
				<misses>2838001</misses>
				<total>2822521</total>
				<timestamp>209.474012</timestamp>
			</report>
			<report>
				<misses>2839001</misses>
				<total>2823520</total>
				<timestamp>209.548982</timestamp>
			</report>
			<report>
				<misses>2840001</misses>
				<total>2824519</total>
				<timestamp>209.623798</timestamp>
			</report>
			<report>
				<misses>2841001</misses>
				<total>2825518</total>
				<timestamp>209.693946</timestamp>
			</report>
			<report>
				<misses>2842001</misses>
				<total>2826517</total>
				<timestamp>209.767962</timestamp>
			</report>
			<report>
				<misses>2843001</misses>
				<total>2827516</total>
				<timestamp>209.841950</timestamp>
			</report>
			<report>
				<misses>2844001</misses>
				<total>2828515</total>
				<timestamp>209.912194</timestamp>
			</report>
			<report>
				<misses>2845001</misses>
				<total>2829514</total>
				<timestamp>209.982618</timestamp>
			</report>
			<report>
				<misses>2846001</misses>
				<total>2830513</total>
				<timestamp>210.062678</timestamp>
			</report>
			<report>
				<misses>2847001</misses>
				<total>2831512</total>
				<timestamp>210.132807</timestamp>
			</report>
			<report>
				<misses>2848001</misses>
				<total>2832511</total>
				<timestamp>210.202950</timestamp>
			</report>
			<report>
				<misses>2849001</misses>
				<total>2833510</total>
				<timestamp>210.277045</timestamp>
			</report>
			<report>
				<misses>2850001</misses>
				<total>2834509</total>
				<timestamp>210.349379</timestamp>
			</report>
			<report>
				<misses>2851001</misses>
				<total>2835508</total>
				<timestamp>210.428626</timestamp>
			</report>
			<report>
				<misses>2852001</misses>
				<total>2836507</total>
				<timestamp>210.504741</timestamp>
			</report>
			<report>
				<misses>2853001</misses>
				<total>2837506</total>
				<timestamp>210.577084</timestamp>
			</report>
			<report>
				<misses>2854001</misses>
				<total>2838505</total>
				<timestamp>210.649180</timestamp>
			</report>
			<report>
				<misses>2855001</misses>
				<total>2839504</total>
				<timestamp>210.725226</timestamp>
			</report>
			<report>
				<misses>2856001</misses>
				<total>2840503</total>
				<timestamp>210.800595</timestamp>
			</report>
			<report>
				<misses>2857001</misses>
				<total>2841502</total>
				<timestamp>210.873601</timestamp>
			</report>
			<report>
				<misses>2858001</misses>
				<total>2842501</total>
				<timestamp>210.948911</timestamp>
			</report>
			<report>
				<misses>2859001</misses>
				<total>2843500</total>
				<timestamp>211.032698</timestamp>
			</report>
			<report>
				<misses>2860001</misses>
				<total>2844499</total>
				<timestamp>211.109160</timestamp>
			</report>
			<report>
				<misses>2861001</misses>
				<total>2845498</total>
				<timestamp>211.180427</timestamp>
			</report>
			<report>
				<misses>2862001</misses>
				<total>2846497</total>
				<timestamp>211.251171</timestamp>
			</report>
			<report>
				<misses>2863001</misses>
				<total>2847496</total>
				<timestamp>211.322687</timestamp>
			</report>
			<report>
				<misses>2864001</misses>
				<total>2848495</total>
				<timestamp>211.395079</timestamp>
			</report>
			<report>
				<misses>2865001</misses>
				<total>2849494</total>
				<timestamp>211.465960</timestamp>
			</report>
			<report>
				<misses>2866001</misses>
				<total>2850493</total>
				<timestamp>211.536079</timestamp>
			</report>
			<report>
				<misses>2867001</misses>
				<total>2851492</total>
				<timestamp>211.606246</timestamp>
			</report>
			<report>
				<misses>2868001</misses>
				<total>2852491</total>
				<timestamp>211.676444</timestamp>
			</report>
			<report>
				<misses>2869001</misses>
				<total>2853490</total>
				<timestamp>211.746704</timestamp>
			</report>
			<report>
				<misses>2870001</misses>
				<total>2854489</total>
				<timestamp>211.823898</timestamp>
			</report>
			<report>
				<misses>2871001</misses>
				<total>2855488</total>
				<timestamp>211.901878</timestamp>
			</report>
			<report>
				<misses>2872001</misses>
				<total>2856487</total>
				<timestamp>211.983092</timestamp>
			</report>
			<report>
				<misses>2873001</misses>
				<total>2857486</total>
				<timestamp>212.062084</timestamp>
			</report>
			<report>
				<misses>2874001</misses>
				<total>2858485</total>
				<timestamp>212.135949</timestamp>
			</report>
			<report>
				<misses>2875001</misses>
				<total>2859484</total>
				<timestamp>212.208834</timestamp>
			</report>
			<report>
				<misses>2876001</misses>
				<total>2860483</total>
				<timestamp>212.285301</timestamp>
			</report>
			<report>
				<misses>2877001</misses>
				<total>2861482</total>
				<timestamp>212.357885</timestamp>
			</report>
			<report>
				<misses>2878001</misses>
				<total>2862481</total>
				<timestamp>212.430312</timestamp>
			</report>
			<report>
				<misses>2879001</misses>
				<total>2863480</total>
				<timestamp>212.504150</timestamp>
			</report>
			<report>
				<misses>2880001</misses>
				<total>2864479</total>
				<timestamp>212.580759</timestamp>
			</report>
			<report>
				<misses>2881001</misses>
				<total>2865478</total>
				<timestamp>212.658108</timestamp>
			</report>
			<report>
				<misses>2882001</misses>
				<total>2866477</total>
				<timestamp>212.738958</timestamp>
			</report>
			<report>
				<misses>2883001</misses>
				<total>2867476</total>
				<timestamp>212.818478</timestamp>
			</report>
			<report>
				<misses>2884001</misses>
				<total>2868475</total>
				<timestamp>212.890823</timestamp>
			</report>
			<report>
				<misses>2885001</misses>
				<total>2869474</total>
				<timestamp>212.964967</timestamp>
			</report>
			<report>
				<misses>2886001</misses>
				<total>2870473</total>
				<timestamp>213.040928</timestamp>
			</report>
			<report>
				<misses>2887001</misses>
				<total>2871472</total>
				<timestamp>213.119967</timestamp>
			</report>
			<report>
				<misses>2888001</misses>
				<total>2872471</total>
				<timestamp>213.196529</timestamp>
			</report>
			<report>
				<misses>2889001</misses>
				<total>2873470</total>
				<timestamp>213.269151</timestamp>
			</report>
			<report>
				<misses>2890001</misses>
				<total>2874469</total>
				<timestamp>213.345671</timestamp>
			</report>
			<report>
				<misses>2891001</misses>
				<total>2875468</total>
				<timestamp>213.417566</timestamp>
			</report>
			<report>
				<misses>2892001</misses>
				<total>2876467</total>
				<timestamp>213.488718</timestamp>
			</report>
			<report>
				<misses>2893001</misses>
				<total>2877466</total>
				<timestamp>213.563567</timestamp>
			</report>
			<report>
				<misses>2894001</misses>
				<total>2878465</total>
				<timestamp>213.640369</timestamp>
			</report>
			<report>
				<misses>2895001</misses>
				<total>2879464</total>
				<timestamp>213.714994</timestamp>
			</report>
			<report>
				<misses>2896001</misses>
				<total>2880463</total>
				<timestamp>213.787485</timestamp>
			</report>
			<report>
				<misses>2897001</misses>
				<total>2881462</total>
				<timestamp>213.859841</timestamp>
			</report>
			<report>
				<misses>2898001</misses>
				<total>2882461</total>
				<timestamp>213.942217</timestamp>
			</report>
			<report>
				<misses>2899001</misses>
				<total>2883460</total>
				<timestamp>214.012924</timestamp>
			</report>
			<report>
				<misses>2900001</misses>
				<total>2884459</total>
				<timestamp>214.084127</timestamp>
			</report>
			<report>
				<misses>2901001</misses>
				<total>2885458</total>
				<timestamp>214.162117</timestamp>
			</report>
			<report>
				<misses>2902001</misses>
				<total>2886457</total>
				<timestamp>214.234306</timestamp>
			</report>
			<report>
				<misses>2903001</misses>
				<total>2887456</total>
				<timestamp>214.313933</timestamp>
			</report>
			<report>
				<misses>2904001</misses>
				<total>2888455</total>
				<timestamp>214.385607</timestamp>
			</report>
			<report>
				<misses>2905001</misses>
				<total>2889454</total>
				<timestamp>214.462364</timestamp>
			</report>
			<report>
				<misses>2906001</misses>
				<total>2890453</total>
				<timestamp>214.539927</timestamp>
			</report>
			<report>
				<misses>2907001</misses>
				<total>2891452</total>
				<timestamp>214.624147</timestamp>
			</report>
			<report>
				<misses>2908001</misses>
				<total>2892451</total>
				<timestamp>214.705298</timestamp>
			</report>
			<report>
				<misses>2909001</misses>
				<total>2893450</total>
				<timestamp>214.781167</timestamp>
			</report>
			<report>
				<misses>2910001</misses>
				<total>2894449</total>
				<timestamp>214.858724</timestamp>
			</report>
			<report>
				<misses>2911001</misses>
				<total>2895448</total>
				<timestamp>214.932359</timestamp>
			</report>
			<report>
				<misses>2912001</misses>
				<total>2896447</total>
				<timestamp>215.005476</timestamp>
			</report>
			<report>
				<misses>2913001</misses>
				<total>2897446</total>
				<timestamp>215.085700</timestamp>
			</report>
			<report>
				<misses>2914001</misses>
				<total>2898445</total>
				<timestamp>215.165244</timestamp>
			</report>
			<report>
				<misses>2915001</misses>
				<total>2899444</total>
				<timestamp>215.242601</timestamp>
			</report>
			<report>
				<misses>2916001</misses>
				<total>2900443</total>
				<timestamp>215.319807</timestamp>
			</report>
			<report>
				<misses>2917001</misses>
				<total>2901442</total>
				<timestamp>215.393670</timestamp>
			</report>
			<report>
				<misses>2918001</misses>
				<total>2902441</total>
				<timestamp>215.470398</timestamp>
			</report>
			<report>
				<misses>2919001</misses>
				<total>2903440</total>
				<timestamp>215.544182</timestamp>
			</report>
			<report>
				<misses>2920001</misses>
				<total>2904439</total>
				<timestamp>215.614178</timestamp>
			</report>
			<report>
				<misses>2921001</misses>
				<total>2905438</total>
				<timestamp>215.689656</timestamp>
			</report>
			<report>
				<misses>2922001</misses>
				<total>2906437</total>
				<timestamp>215.768281</timestamp>
			</report>
			<report>
				<misses>2923001</misses>
				<total>2907436</total>
				<timestamp>215.847046</timestamp>
			</report>
			<report>
				<misses>2924001</misses>
				<total>2908435</total>
				<timestamp>215.919036</timestamp>
			</report>
			<report>
				<misses>2925001</misses>
				<total>2909434</total>
				<timestamp>215.996632</timestamp>
			</report>
			<report>
				<misses>2926001</misses>
				<total>2910433</total>
				<timestamp>216.066977</timestamp>
			</report>
			<report>
				<misses>2927001</misses>
				<total>2911432</total>
				<timestamp>216.139485</timestamp>
			</report>
			<report>
				<misses>2928001</misses>
				<total>2912431</total>
				<timestamp>216.212420</timestamp>
			</report>
			<report>
				<misses>2929001</misses>
				<total>2913430</total>
				<timestamp>216.287547</timestamp>
			</report>
			<report>
				<misses>2930001</misses>
				<total>2914429</total>
				<timestamp>216.363748</timestamp>
			</report>
			<report>
				<misses>2931001</misses>
				<total>2915428</total>
				<timestamp>216.434366</timestamp>
			</report>
			<report>
				<misses>2932001</misses>
				<total>2916427</total>
				<timestamp>216.528186</timestamp>
			</report>
			<report>
				<misses>2933001</misses>
				<total>2917426</total>
				<timestamp>216.608310</timestamp>
			</report>
			<report>
				<misses>2934001</misses>
				<total>2918425</total>
				<timestamp>216.686478</timestamp>
			</report>
			<report>
				<misses>2935001</misses>
				<total>2919424</total>
				<timestamp>216.766278</timestamp>
			</report>
			<report>
				<misses>2936001</misses>
				<total>2920423</total>
				<timestamp>216.845065</timestamp>
			</report>
			<report>
				<misses>2937001</misses>
				<total>2921422</total>
				<timestamp>216.915221</timestamp>
			</report>
			<report>
				<misses>2938001</misses>
				<total>2922421</total>
				<timestamp>216.985219</timestamp>
			</report>
			<report>
				<misses>2939001</misses>
				<total>2923420</total>
				<timestamp>217.055436</timestamp>
			</report>
			<report>
				<misses>2940001</misses>
				<total>2924419</total>
				<timestamp>217.125697</timestamp>
			</report>
			<report>
				<misses>2941001</misses>
				<total>2925418</total>
				<timestamp>217.197758</timestamp>
			</report>
			<report>
				<misses>2942001</misses>
				<total>2926417</total>
				<timestamp>217.275637</timestamp>
			</report>
			<report>
				<misses>2943001</misses>
				<total>2927416</total>
				<timestamp>217.351112</timestamp>
			</report>
			<report>
				<misses>2944001</misses>
				<total>2928415</total>
				<timestamp>217.422564</timestamp>
			</report>
			<report>
				<misses>2945001</misses>
				<total>2929414</total>
				<timestamp>217.493542</timestamp>
			</report>
			<report>
				<misses>2946001</misses>
				<total>2930413</total>
				<timestamp>217.563552</timestamp>
			</report>
			<report>
				<misses>2947001</misses>
				<total>2931412</total>
				<timestamp>217.633570</timestamp>
			</report>
			<report>
				<misses>2948001</misses>
				<total>2932411</total>
				<timestamp>217.703898</timestamp>
			</report>
			<report>
				<misses>2949001</misses>
				<total>2933410</total>
				<timestamp>217.773923</timestamp>
			</report>
			<report>
				<misses>2950001</misses>
				<total>2934409</total>
				<timestamp>217.843950</timestamp>
			</report>
			<report>
				<misses>2951001</misses>
				<total>2935408</total>
				<timestamp>217.914010</timestamp>
			</report>
			<report>
				<misses>2952001</misses>
				<total>2936407</total>
				<timestamp>217.984138</timestamp>
			</report>
			<report>
				<misses>2953001</misses>
				<total>2937406</total>
				<timestamp>218.056149</timestamp>
			</report>
			<report>
				<misses>2954001</misses>
				<total>2938405</total>
				<timestamp>218.134049</timestamp>
			</report>
			<report>
				<misses>2955001</misses>
				<total>2939404</total>
				<timestamp>218.207929</timestamp>
			</report>
			<report>
				<misses>2956001</misses>
				<total>2940403</total>
				<timestamp>218.285163</timestamp>
			</report>
			<report>
				<misses>2957001</misses>
				<total>2941402</total>
				<timestamp>218.358377</timestamp>
			</report>
			<report>
				<misses>2958001</misses>
				<total>2942401</total>
				<timestamp>218.431456</timestamp>
			</report>
			<report>
				<misses>2959001</misses>
				<total>2943400</total>
				<timestamp>218.503272</timestamp>
			</report>
			<report>
				<misses>2960001</misses>
				<total>2944399</total>
				<timestamp>218.576328</timestamp>
			</report>
			<report>
				<misses>2961001</misses>
				<total>2945398</total>
				<timestamp>218.650054</timestamp>
			</report>
			<report>
				<misses>2962001</misses>
				<total>2946397</total>
				<timestamp>218.729014</timestamp>
			</report>
			<report>
				<misses>2963001</misses>
				<total>2947396</total>
				<timestamp>218.808625</timestamp>
			</report>
			<report>
				<misses>2964001</misses>
				<total>2948395</total>
				<timestamp>218.889563</timestamp>
			</report>
			<report>
				<misses>2965001</misses>
				<total>2949394</total>
				<timestamp>218.960201</timestamp>
			</report>
			<report>
				<misses>2966001</misses>
				<total>2950393</total>
				<timestamp>219.030357</timestamp>
			</report>
			<report>
				<misses>2967001</misses>
				<total>2951392</total>
				<timestamp>219.101354</timestamp>
			</report>
			<report>
				<misses>2968001</misses>
				<total>2952391</total>
				<timestamp>219.182154</timestamp>
			</report>
			<report>
				<misses>2969001</misses>
				<total>2953390</total>
				<timestamp>219.261684</timestamp>
			</report>
			<report>
				<misses>2970001</misses>
				<total>2954389</total>
				<timestamp>219.341859</timestamp>
			</report>
			<report>
				<misses>2971001</misses>
				<total>2955388</total>
				<timestamp>219.415137</timestamp>
			</report>
			<report>
				<misses>2972001</misses>
				<total>2956387</total>
				<timestamp>219.485698</timestamp>
			</report>
			<report>
				<misses>2973001</misses>
				<total>2957386</total>
				<timestamp>219.556085</timestamp>
			</report>
			<report>
				<misses>2974001</misses>
				<total>2958385</total>
				<timestamp>219.632022</timestamp>
			</report>
			<report>
				<misses>2975001</misses>
				<total>2959384</total>
				<timestamp>219.706784</timestamp>
			</report>
			<report>
				<misses>2976001</misses>
				<total>2960383</total>
				<timestamp>219.781730</timestamp>
			</report>
			<report>
				<misses>2977001</misses>
				<total>2961382</total>
				<timestamp>219.857499</timestamp>
			</report>
			<report>
				<misses>2978001</misses>
				<total>2962381</total>
				<timestamp>219.936563</timestamp>
			</report>
			<report>
				<misses>2979001</misses>
				<total>2963380</total>
				<timestamp>220.012597</timestamp>
			</report>
			<report>
				<misses>2980001</misses>
				<total>2964379</total>
				<timestamp>220.094731</timestamp>
			</report>
			<report>
				<misses>2981001</misses>
				<total>2965378</total>
				<timestamp>220.175017</timestamp>
			</report>
			<report>
				<misses>2982001</misses>
				<total>2966377</total>
				<timestamp>220.247366</timestamp>
			</report>
			<report>
				<misses>2983001</misses>
				<total>2967376</total>
				<timestamp>220.317594</timestamp>
			</report>
			<report>
				<misses>2984001</misses>
				<total>2968375</total>
				<timestamp>220.387618</timestamp>
			</report>
			<report>
				<misses>2985001</misses>
				<total>2969374</total>
				<timestamp>220.457665</timestamp>
			</report>
			<report>
				<misses>2986001</misses>
				<total>2970373</total>
				<timestamp>220.535371</timestamp>
			</report>
			<report>
				<misses>2987001</misses>
				<total>2971372</total>
				<timestamp>220.610155</timestamp>
			</report>
			<report>
				<misses>2988001</misses>
				<total>2972371</total>
				<timestamp>220.688091</timestamp>
			</report>
			<report>
				<misses>2989001</misses>
				<total>2973370</total>
				<timestamp>220.767980</timestamp>
			</report>
			<report>
				<misses>2990001</misses>
				<total>2974369</total>
				<timestamp>220.846177</timestamp>
			</report>
			<report>
				<misses>2991001</misses>
				<total>2975368</total>
				<timestamp>220.920271</timestamp>
			</report>
			<report>
				<misses>2992001</misses>
				<total>2976367</total>
				<timestamp>220.991450</timestamp>
			</report>
			<report>
				<misses>2993001</misses>
				<total>2977366</total>
				<timestamp>221.070093</timestamp>
			</report>
			<report>
				<misses>2994001</misses>
				<total>2978365</total>
				<timestamp>221.150006</timestamp>
			</report>
			<report>
				<misses>2995001</misses>
				<total>2979364</total>
				<timestamp>221.221419</timestamp>
			</report>
			<report>
				<misses>2996001</misses>
				<total>2980363</total>
				<timestamp>221.294495</timestamp>
			</report>
			<report>
				<misses>2997001</misses>
				<total>2981362</total>
				<timestamp>221.370154</timestamp>
			</report>
			<report>
				<misses>2998001</misses>
				<total>2982361</total>
				<timestamp>221.443930</timestamp>
			</report>
			<report>
				<misses>2999001</misses>
				<total>2983360</total>
				<timestamp>221.514670</timestamp>
			</report>
			<report>
				<misses>3000001</misses>
				<total>2984359</total>
				<timestamp>221.590554</timestamp>
			</report>
			<report>
				<misses>3001001</misses>
				<total>2985358</total>
				<timestamp>221.674110</timestamp>
			</report>
			<report>
				<misses>3002001</misses>
				<total>2986357</total>
				<timestamp>221.750397</timestamp>
			</report>
			<report>
				<misses>3003001</misses>
				<total>2987356</total>
				<timestamp>221.825528</timestamp>
			</report>
			<report>
				<misses>3004001</misses>
				<total>2988355</total>
				<timestamp>221.900142</timestamp>
			</report>
			<report>
				<misses>3005001</misses>
				<total>2989354</total>
				<timestamp>221.972209</timestamp>
			</report>
			<report>
				<misses>3006001</misses>
				<total>2990353</total>
				<timestamp>222.047049</timestamp>
			</report>
			<report>
				<misses>3007001</misses>
				<total>2991352</total>
				<timestamp>222.122735</timestamp>
			</report>
			<report>
				<misses>3008001</misses>
				<total>2992351</total>
				<timestamp>222.198635</timestamp>
			</report>
			<report>
				<misses>3009001</misses>
				<total>2993350</total>
				<timestamp>222.269675</timestamp>
			</report>
			<report>
				<misses>3010001</misses>
				<total>2994349</total>
				<timestamp>222.340138</timestamp>
			</report>
			<report>
				<misses>3011001</misses>
				<total>2995348</total>
				<timestamp>222.413754</timestamp>
			</report>
			<report>
				<misses>3012001</misses>
				<total>2996347</total>
				<timestamp>222.488449</timestamp>
			</report>
			<report>
				<misses>3013001</misses>
				<total>2997346</total>
				<timestamp>222.558582</timestamp>
			</report>
			<report>
				<misses>3014001</misses>
				<total>2998345</total>
				<timestamp>222.632403</timestamp>
			</report>
			<report>
				<misses>3015001</misses>
				<total>2999344</total>
				<timestamp>222.704729</timestamp>
			</report>
			<report>
				<misses>3016001</misses>
				<total>3000343</total>
				<timestamp>222.780010</timestamp>
			</report>
			<report>
				<misses>3017001</misses>
				<total>3001342</total>
				<timestamp>222.855837</timestamp>
			</report>
			<report>
				<misses>3018001</misses>
				<total>3002341</total>
				<timestamp>222.931392</timestamp>
			</report>
			<report>
				<misses>3019001</misses>
				<total>3003340</total>
				<timestamp>223.002766</timestamp>
			</report>
			<report>
				<misses>3020001</misses>
				<total>3004339</total>
				<timestamp>223.075202</timestamp>
			</report>
			<report>
				<misses>3021001</misses>
				<total>3005338</total>
				<timestamp>223.154035</timestamp>
			</report>
			<report>
				<misses>3022001</misses>
				<total>3006337</total>
				<timestamp>223.225882</timestamp>
			</report>
			<report>
				<misses>3023001</misses>
				<total>3006750</total>
				<timestamp>223.303393</timestamp>
			</report>
			<report>
				<misses>3024001</misses>
				<total>3007554</total>
				<timestamp>223.378593</timestamp>
			</report>
			<report>
				<misses>3025001</misses>
				<total>3008553</total>
				<timestamp>223.461254</timestamp>
			</report>
			<report>
				<misses>3026001</misses>
				<total>3009552</total>
				<timestamp>223.544382</timestamp>
			</report>
			<report>
				<misses>3027001</misses>
				<total>3010551</total>
				<timestamp>223.616884</timestamp>
			</report>
			<report>
				<misses>3028001</misses>
				<total>3011550</total>
				<timestamp>223.693676</timestamp>
			</report>
			<report>
				<misses>3029001</misses>
				<total>3012549</total>
				<timestamp>223.766716</timestamp>
			</report>
			<report>
				<misses>3030001</misses>
				<total>3013430</total>
				<timestamp>223.841847</timestamp>
			</report>
			<report>
				<misses>3031001</misses>
				<total>3014429</total>
				<timestamp>223.916021</timestamp>
			</report>
			<report>
				<misses>3032001</misses>
				<total>3015428</total>
				<timestamp>223.993711</timestamp>
			</report>
			<report>
				<misses>3033001</misses>
				<total>3016427</total>
				<timestamp>224.063762</timestamp>
			</report>
			<report>
				<misses>3034001</misses>
				<total>3017426</total>
				<timestamp>224.133758</timestamp>
			</report>
			<report>
				<misses>3035001</misses>
				<total>3018425</total>
				<timestamp>224.203749</timestamp>
			</report>
			<report>
				<misses>3036001</misses>
				<total>3019424</total>
				<timestamp>224.293284</timestamp>
			</report>
			<report>
				<misses>3037001</misses>
				<total>3020423</total>
				<timestamp>224.370659</timestamp>
			</report>
			<report>
				<misses>3038001</misses>
				<total>3021422</total>
				<timestamp>224.441341</timestamp>
			</report>
			<report>
				<misses>3039001</misses>
				<total>3022421</total>
				<timestamp>224.512730</timestamp>
			</report>
			<report>
				<misses>3040001</misses>
				<total>3023420</total>
				<timestamp>224.582854</timestamp>
			</report>
			<report>
				<misses>3041001</misses>
				<total>3024419</total>
				<timestamp>224.660070</timestamp>
			</report>
			<report>
				<misses>3042001</misses>
				<total>3025418</total>
				<timestamp>224.734695</timestamp>
			</report>
			<report>
				<misses>3043001</misses>
				<total>3026417</total>
				<timestamp>224.804840</timestamp>
			</report>
			<report>
				<misses>3044001</misses>
				<total>3027416</total>
				<timestamp>224.886171</timestamp>
			</report>
			<report>
				<misses>3045001</misses>
				<total>3028415</total>
				<timestamp>224.959227</timestamp>
			</report>
			<report>
				<misses>3046001</misses>
				<total>3029414</total>
				<timestamp>225.036054</timestamp>
			</report>
			<report>
				<misses>3047001</misses>
				<total>3030413</total>
				<timestamp>225.111532</timestamp>
			</report>
			<report>
				<misses>3048001</misses>
				<total>3031412</total>
				<timestamp>225.182228</timestamp>
			</report>
			<report>
				<misses>3049001</misses>
				<total>3032411</total>
				<timestamp>225.260606</timestamp>
			</report>
			<report>
				<misses>3050001</misses>
				<total>3033410</total>
				<timestamp>225.338604</timestamp>
			</report>
			<report>
				<misses>3051001</misses>
				<total>3034409</total>
				<timestamp>225.408942</timestamp>
			</report>
			<report>
				<misses>3052001</misses>
				<total>3035408</total>
				<timestamp>225.489235</timestamp>
			</report>
			<report>
				<misses>3053001</misses>
				<total>3036407</total>
				<timestamp>225.565743</timestamp>
			</report>
			<report>
				<misses>3054001</misses>
				<total>3037406</total>
				<timestamp>225.644928</timestamp>
			</report>
			<report>
				<misses>3055001</misses>
				<total>3038405</total>
				<timestamp>225.725855</timestamp>
			</report>
			<report>
				<misses>3056001</misses>
				<total>3039404</total>
				<timestamp>225.807344</timestamp>
			</report>
			<report>
				<misses>3057001</misses>
				<total>3040403</total>
				<timestamp>225.884183</timestamp>
			</report>
			<report>
				<misses>3058001</misses>
				<total>3041402</total>
				<timestamp>225.957600</timestamp>
			</report>
			<report>
				<misses>3059001</misses>
				<total>3042401</total>
				<timestamp>226.030528</timestamp>
			</report>
			<report>
				<misses>3060001</misses>
				<total>3043400</total>
				<timestamp>226.101978</timestamp>
			</report>
			<report>
				<misses>3061001</misses>
				<total>3044399</total>
				<timestamp>226.176008</timestamp>
			</report>
			<report>
				<misses>3062001</misses>
				<total>3045398</total>
				<timestamp>226.253986</timestamp>
			</report>
			<report>
				<misses>3063001</misses>
				<total>3046397</total>
				<timestamp>226.324642</timestamp>
			</report>
			<report>
				<misses>3064001</misses>
				<total>3047396</total>
				<timestamp>226.397237</timestamp>
			</report>
			<report>
				<misses>3065001</misses>
				<total>3048395</total>
				<timestamp>226.476476</timestamp>
			</report>
			<report>
				<misses>3066001</misses>
				<total>3049394</total>
				<timestamp>226.550615</timestamp>
			</report>
			<report>
				<misses>3067001</misses>
				<total>3050393</total>
				<timestamp>226.626535</timestamp>
			</report>
			<report>
				<misses>3068001</misses>
				<total>3051392</total>
				<timestamp>226.699732</timestamp>
			</report>
			<report>
				<misses>3069001</misses>
				<total>3052391</total>
				<timestamp>226.774771</timestamp>
			</report>
			<report>
				<misses>3070001</misses>
				<total>3053390</total>
				<timestamp>226.844787</timestamp>
			</report>
			<report>
				<misses>3071001</misses>
				<total>3054389</total>
				<timestamp>226.914885</timestamp>
			</report>
			<report>
				<misses>3072001</misses>
				<total>3055388</total>
				<timestamp>226.985025</timestamp>
			</report>
			<report>
				<misses>3073001</misses>
				<total>3056387</total>
				<timestamp>227.058213</timestamp>
			</report>
			<report>
				<misses>3074001</misses>
				<total>3057386</total>
				<timestamp>227.132243</timestamp>
			</report>
			<report>
				<misses>3075001</misses>
				<total>3058385</total>
				<timestamp>227.204595</timestamp>
			</report>
			<report>
				<misses>3076001</misses>
				<total>3059384</total>
				<timestamp>227.282389</timestamp>
			</report>
			<report>
				<misses>3077001</misses>
				<total>3060383</total>
				<timestamp>227.352433</timestamp>
			</report>
			<report>
				<misses>3078001</misses>
				<total>3061382</total>
				<timestamp>227.422517</timestamp>
			</report>
			<report>
				<misses>3079001</misses>
				<total>3062381</total>
				<timestamp>227.496614</timestamp>
			</report>
			<report>
				<misses>3080001</misses>
				<total>3063380</total>
				<timestamp>227.567535</timestamp>
			</report>
			<report>
				<misses>3081001</misses>
				<total>3064379</total>
				<timestamp>227.639532</timestamp>
			</report>
			<report>
				<misses>3082001</misses>
				<total>3065378</total>
				<timestamp>227.710203</timestamp>
			</report>
			<report>
				<misses>3083001</misses>
				<total>3066377</total>
				<timestamp>227.783036</timestamp>
			</report>
			<report>
				<misses>3084001</misses>
				<total>3067376</total>
				<timestamp>227.853124</timestamp>
			</report>
			<report>
				<misses>3085001</misses>
				<total>3068375</total>
				<timestamp>227.926032</timestamp>
			</report>
			<report>
				<misses>3086001</misses>
				<total>3069374</total>
				<timestamp>228.001745</timestamp>
			</report>
			<report>
				<misses>3087001</misses>
				<total>3070373</total>
				<timestamp>228.084324</timestamp>
			</report>
			<report>
				<misses>3088001</misses>
				<total>3071372</total>
				<timestamp>228.161428</timestamp>
			</report>
			<report>
				<misses>3089001</misses>
				<total>3072371</total>
				<timestamp>228.232941</timestamp>
			</report>
			<report>
				<misses>3090001</misses>
				<total>3073370</total>
				<timestamp>228.310113</timestamp>
			</report>
			<report>
				<misses>3091001</misses>
				<total>3074369</total>
				<timestamp>228.388571</timestamp>
			</report>
			<report>
				<misses>3092001</misses>
				<total>3075368</total>
				<timestamp>228.459870</timestamp>
			</report>
			<report>
				<misses>3093001</misses>
				<total>3076367</total>
				<timestamp>228.533195</timestamp>
			</report>
			<report>
				<misses>3094001</misses>
				<total>3077366</total>
				<timestamp>228.603383</timestamp>
			</report>
			<report>
				<misses>3095001</misses>
				<total>3078365</total>
				<timestamp>228.674194</timestamp>
			</report>
			<report>
				<misses>3096001</misses>
				<total>3079364</total>
				<timestamp>228.746883</timestamp>
			</report>
			<report>
				<misses>3097001</misses>
				<total>3080363</total>
				<timestamp>228.820760</timestamp>
			</report>
			<report>
				<misses>3098001</misses>
				<total>3081362</total>
				<timestamp>228.899188</timestamp>
			</report>
			<report>
				<misses>3099001</misses>
				<total>3082361</total>
				<timestamp>228.971150</timestamp>
			</report>
			<report>
				<misses>3100001</misses>
				<total>3083360</total>
				<timestamp>229.045468</timestamp>
			</report>
			<report>
				<misses>3101001</misses>
				<total>3084359</total>
				<timestamp>229.126166</timestamp>
			</report>
			<report>
				<misses>3102001</misses>
				<total>3085358</total>
				<timestamp>229.196935</timestamp>
			</report>
			<report>
				<misses>3103001</misses>
				<total>3086357</total>
				<timestamp>229.270221</timestamp>
			</report>
			<report>
				<misses>3104001</misses>
				<total>3087356</total>
				<timestamp>229.340500</timestamp>
			</report>
			<report>
				<misses>3105001</misses>
				<total>3088355</total>
				<timestamp>229.413628</timestamp>
			</report>
			<report>
				<misses>3106001</misses>
				<total>3089354</total>
				<timestamp>229.490694</timestamp>
			</report>
			<report>
				<misses>3107001</misses>
				<total>3090353</total>
				<timestamp>229.567001</timestamp>
			</report>
			<report>
				<misses>3108001</misses>
				<total>3091352</total>
				<timestamp>229.637025</timestamp>
			</report>
			<report>
				<misses>3109001</misses>
				<total>3092351</total>
				<timestamp>229.708267</timestamp>
			</report>
			<report>
				<misses>3110001</misses>
				<total>3093350</total>
				<timestamp>229.781342</timestamp>
			</report>
			<report>
				<misses>3111001</misses>
				<total>3094349</total>
				<timestamp>229.862190</timestamp>
			</report>
			<report>
				<misses>3112001</misses>
				<total>3095348</total>
				<timestamp>229.935751</timestamp>
			</report>
			<report>
				<misses>3113001</misses>
				<total>3096347</total>
				<timestamp>230.008793</timestamp>
			</report>
			<report>
				<misses>3114001</misses>
				<total>3097346</total>
				<timestamp>230.084973</timestamp>
			</report>
			<report>
				<misses>3115001</misses>
				<total>3098345</total>
				<timestamp>230.155013</timestamp>
			</report>
			<report>
				<misses>3116001</misses>
				<total>3099344</total>
				<timestamp>230.227486</timestamp>
			</report>
			<report>
				<misses>3117001</misses>
				<total>3100343</total>
				<timestamp>230.301492</timestamp>
			</report>
			<report>
				<misses>3118001</misses>
				<total>3101342</total>
				<timestamp>230.374667</timestamp>
			</report>
			<report>
				<misses>3119001</misses>
				<total>3102341</total>
				<timestamp>230.454676</timestamp>
			</report>
			<report>
				<misses>3120001</misses>
				<total>3103340</total>
				<timestamp>230.532795</timestamp>
			</report>
			<report>
				<misses>3121001</misses>
				<total>3104339</total>
				<timestamp>230.602862</timestamp>
			</report>
			<report>
				<misses>3122001</misses>
				<total>3105338</total>
				<timestamp>230.673753</timestamp>
			</report>
			<report>
				<misses>3123001</misses>
				<total>3106337</total>
				<timestamp>230.744195</timestamp>
			</report>
			<report>
				<misses>3124001</misses>
				<total>3107336</total>
				<timestamp>230.816885</timestamp>
			</report>
			<report>
				<misses>3125001</misses>
				<total>3108335</total>
				<timestamp>230.891846</timestamp>
			</report>
			<report>
				<misses>3126001</misses>
				<total>3109334</total>
				<timestamp>230.962176</timestamp>
			</report>
			<report>
				<misses>3127001</misses>
				<total>3110333</total>
				<timestamp>231.037856</timestamp>
			</report>
			<report>
				<misses>3128001</misses>
				<total>3111332</total>
				<timestamp>231.118627</timestamp>
			</report>
			<report>
				<misses>3129001</misses>
				<total>3112331</total>
				<timestamp>231.189725</timestamp>
			</report>
			<report>
				<misses>3130001</misses>
				<total>3113330</total>
				<timestamp>231.263810</timestamp>
			</report>
			<report>
				<misses>3131001</misses>
				<total>3114329</total>
				<timestamp>231.334156</timestamp>
			</report>
			<report>
				<misses>3132001</misses>
				<total>3115328</total>
				<timestamp>231.408631</timestamp>
			</report>
			<report>
				<misses>3133001</misses>
				<total>3116327</total>
				<timestamp>231.484272</timestamp>
			</report>
			<report>
				<misses>3134001</misses>
				<total>3117326</total>
				<timestamp>231.555214</timestamp>
			</report>
			<report>
				<misses>3135001</misses>
				<total>3118325</total>
				<timestamp>231.629922</timestamp>
			</report>
			<report>
				<misses>3136001</misses>
				<total>3119324</total>
				<timestamp>231.700933</timestamp>
			</report>
			<report>
				<misses>3137001</misses>
				<total>3120323</total>
				<timestamp>231.773935</timestamp>
			</report>
			<report>
				<misses>3138001</misses>
				<total>3121322</total>
				<timestamp>231.846619</timestamp>
			</report>
			<report>
				<misses>3139001</misses>
				<total>3122321</total>
				<timestamp>231.920559</timestamp>
			</report>
			<report>
				<misses>3140001</misses>
				<total>3123320</total>
				<timestamp>232.003918</timestamp>
			</report>
			<report>
				<misses>3141001</misses>
				<total>3124319</total>
				<timestamp>232.084604</timestamp>
			</report>
			<report>
				<misses>3142001</misses>
				<total>3125318</total>
				<timestamp>232.161778</timestamp>
			</report>
			<report>
				<misses>3143001</misses>
				<total>3126317</total>
				<timestamp>232.232877</timestamp>
			</report>
			<report>
				<misses>3144001</misses>
				<total>3127316</total>
				<timestamp>232.312115</timestamp>
			</report>
			<report>
				<misses>3145001</misses>
				<total>3128315</total>
				<timestamp>232.388839</timestamp>
			</report>
			<report>
				<misses>3146001</misses>
				<total>3129314</total>
				<timestamp>232.468821</timestamp>
			</report>
			<report>
				<misses>3147001</misses>
				<total>3130313</total>
				<timestamp>232.550435</timestamp>
			</report>
			<report>
				<misses>3148001</misses>
				<total>3131312</total>
				<timestamp>232.620632</timestamp>
			</report>
			<report>
				<misses>3149001</misses>
				<total>3132311</total>
				<timestamp>232.690672</timestamp>
			</report>
			<report>
				<misses>3150001</misses>
				<total>3133310</total>
				<timestamp>232.763873</timestamp>
			</report>
			<report>
				<misses>3151001</misses>
				<total>3134309</total>
				<timestamp>232.837116</timestamp>
			</report>
			<report>
				<misses>3152001</misses>
				<total>3135308</total>
				<timestamp>232.909834</timestamp>
			</report>
			<report>
				<misses>3153001</misses>
				<total>3136307</total>
				<timestamp>232.993697</timestamp>
			</report>
			<report>
				<misses>3154001</misses>
				<total>3137306</total>
				<timestamp>233.067064</timestamp>
			</report>
			<report>
				<misses>3155001</misses>
				<total>3138305</total>
				<timestamp>233.141576</timestamp>
			</report>
			<report>
				<misses>3156001</misses>
				<total>3139304</total>
				<timestamp>233.217198</timestamp>
			</report>
			<report>
				<misses>3157001</misses>
				<total>3140303</total>
				<timestamp>233.288593</timestamp>
			</report>
			<report>
				<misses>3158001</misses>
				<total>3141302</total>
				<timestamp>233.369486</timestamp>
			</report>
			<report>
				<misses>3159001</misses>
				<total>3142301</total>
				<timestamp>233.449526</timestamp>
			</report>
			<report>
				<misses>3160001</misses>
				<total>3143300</total>
				<timestamp>233.522147</timestamp>
			</report>
			<report>
				<misses>3161001</misses>
				<total>3144299</total>
				<timestamp>233.598944</timestamp>
			</report>
			<report>
				<misses>3162001</misses>
				<total>3145298</total>
				<timestamp>233.670800</timestamp>
			</report>
			<report>
				<misses>3163001</misses>
				<total>3146297</total>
				<timestamp>233.742648</timestamp>
			</report>
			<report>
				<misses>3164001</misses>
				<total>3147296</total>
				<timestamp>233.814327</timestamp>
			</report>
			<report>
				<misses>3165001</misses>
				<total>3148295</total>
				<timestamp>233.884893</timestamp>
			</report>
			<report>
				<misses>3166001</misses>
				<total>3149294</total>
				<timestamp>233.965095</timestamp>
			</report>
			<report>
				<misses>3167001</misses>
				<total>3150293</total>
				<timestamp>234.035125</timestamp>
			</report>
			<report>
				<misses>3168001</misses>
				<total>3151292</total>
				<timestamp>234.111757</timestamp>
			</report>
			<report>
				<misses>3169001</misses>
				<total>3152291</total>
				<timestamp>234.181938</timestamp>
			</report>
			<report>
				<misses>3170001</misses>
				<total>3153290</total>
				<timestamp>234.264876</timestamp>
			</report>
			<report>
				<misses>3171001</misses>
				<total>3154289</total>
				<timestamp>234.336496</timestamp>
			</report>
			<report>
				<misses>3172001</misses>
				<total>3155288</total>
				<timestamp>234.411694</timestamp>
			</report>
			<report>
				<misses>3173001</misses>
				<total>3156287</total>
				<timestamp>234.481727</timestamp>
			</report>
			<report>
				<misses>3174001</misses>
				<total>3157286</total>
				<timestamp>234.551776</timestamp>
			</report>
			<report>
				<misses>3175001</misses>
				<total>3158285</total>
				<timestamp>234.622445</timestamp>
			</report>
			<report>
				<misses>3176001</misses>
				<total>3159284</total>
				<timestamp>234.692582</timestamp>
			</report>
			<report>
				<misses>3177001</misses>
				<total>3160283</total>
				<timestamp>234.765862</timestamp>
			</report>
			<report>
				<misses>3178001</misses>
				<total>3161282</total>
				<timestamp>234.841915</timestamp>
			</report>
			<report>
				<misses>3179001</misses>
				<total>3162281</total>
				<timestamp>234.912069</timestamp>
			</report>
			<report>
				<misses>3180001</misses>
				<total>3163280</total>
				<timestamp>234.983383</timestamp>
			</report>
			<report>
				<misses>3181001</misses>
				<total>3164279</total>
				<timestamp>235.055101</timestamp>
			</report>
			<report>
				<misses>3182001</misses>
				<total>3165278</total>
				<timestamp>235.125449</timestamp>
			</report>
			<report>
				<misses>3183001</misses>
				<total>3166277</total>
				<timestamp>235.201185</timestamp>
			</report>
			<report>
				<misses>3184001</misses>
				<total>3167276</total>
				<timestamp>235.280802</timestamp>
			</report>
			<report>
				<misses>3185001</misses>
				<total>3168275</total>
				<timestamp>235.355982</timestamp>
			</report>
			<report>
				<misses>3186001</misses>
				<total>3169274</total>
				<timestamp>235.426307</timestamp>
			</report>
			<report>
				<misses>3187001</misses>
				<total>3170273</total>
				<timestamp>235.499983</timestamp>
			</report>
			<report>
				<misses>3188001</misses>
				<total>3171272</total>
				<timestamp>235.572924</timestamp>
			</report>
			<report>
				<misses>3189001</misses>
				<total>3172271</total>
				<timestamp>235.645601</timestamp>
			</report>
			<report>
				<misses>3190001</misses>
				<total>3173270</total>
				<timestamp>235.715735</timestamp>
			</report>
			<report>
				<misses>3191001</misses>
				<total>3174269</total>
				<timestamp>235.787793</timestamp>
			</report>
			<report>
				<misses>3192001</misses>
				<total>3175268</total>
				<timestamp>235.862770</timestamp>
			</report>
			<report>
				<misses>3193001</misses>
				<total>3176267</total>
				<timestamp>235.941434</timestamp>
			</report>
			<report>
				<misses>3194001</misses>
				<total>3177266</total>
				<timestamp>236.015882</timestamp>
			</report>
			<report>
				<misses>3195001</misses>
				<total>3178265</total>
				<timestamp>236.091099</timestamp>
			</report>
			<report>
				<misses>3196001</misses>
				<total>3179264</total>
				<timestamp>236.164335</timestamp>
			</report>
			<report>
				<misses>3197001</misses>
				<total>3180263</total>
				<timestamp>236.240343</timestamp>
			</report>
			<report>
				<misses>3198001</misses>
				<total>3181262</total>
				<timestamp>236.311257</timestamp>
			</report>
			<report>
				<misses>3199001</misses>
				<total>3182261</total>
				<timestamp>236.381471</timestamp>
			</report>
			<report>
				<misses>3200001</misses>
				<total>3183260</total>
				<timestamp>236.452011</timestamp>
			</report>
			<report>
				<misses>3201001</misses>
				<total>3184259</total>
				<timestamp>236.522633</timestamp>
			</report>
			<report>
				<misses>3202001</misses>
				<total>3185258</total>
				<timestamp>236.598289</timestamp>
			</report>
			<report>
				<misses>3203001</misses>
				<total>3186257</total>
				<timestamp>236.674366</timestamp>
			</report>
			<report>
				<misses>3204001</misses>
				<total>3187256</total>
				<timestamp>236.744519</timestamp>
			</report>
			<report>
				<misses>3205001</misses>
				<total>3188255</total>
				<timestamp>236.818488</timestamp>
			</report>
			<report>
				<misses>3206001</misses>
				<total>3189254</total>
				<timestamp>236.888775</timestamp>
			</report>
			<report>
				<misses>3207001</misses>
				<total>3190253</total>
				<timestamp>236.961214</timestamp>
			</report>
			<report>
				<misses>3208001</misses>
				<total>3191252</total>
				<timestamp>237.038332</timestamp>
			</report>
			<report>
				<misses>3209001</misses>
				<total>3192251</total>
				<timestamp>237.112159</timestamp>
			</report>
			<report>
				<misses>3210001</misses>
				<total>3193250</total>
				<timestamp>237.182794</timestamp>
			</report>
			<report>
				<misses>3211001</misses>
				<total>3194249</total>
				<timestamp>237.254063</timestamp>
			</report>
			<report>
				<misses>3212001</misses>
				<total>3195248</total>
				<timestamp>237.325010</timestamp>
			</report>
			<report>
				<misses>3213001</misses>
				<total>3196247</total>
				<timestamp>237.400581</timestamp>
			</report>
			<report>
				<misses>3214001</misses>
				<total>3197246</total>
				<timestamp>237.471657</timestamp>
			</report>
			<report>
				<misses>3215001</misses>
				<total>3198245</total>
				<timestamp>237.544983</timestamp>
			</report>
			<report>
				<misses>3216001</misses>
				<total>3199244</total>
				<timestamp>237.619760</timestamp>
			</report>
			<report>
				<misses>3217001</misses>
				<total>3200243</total>
				<timestamp>237.697087</timestamp>
			</report>
			<report>
				<misses>3218001</misses>
				<total>3201242</total>
				<timestamp>237.767351</timestamp>
			</report>
			<report>
				<misses>3219001</misses>
				<total>3202241</total>
				<timestamp>237.842345</timestamp>
			</report>
			<report>
				<misses>3220001</misses>
				<total>3203240</total>
				<timestamp>237.919612</timestamp>
			</report>
			<report>
				<misses>3221001</misses>
				<total>3204239</total>
				<timestamp>237.995904</timestamp>
			</report>
			<report>
				<misses>3222001</misses>
				<total>3205238</total>
				<timestamp>238.066242</timestamp>
			</report>
			<report>
				<misses>3223001</misses>
				<total>3206237</total>
				<timestamp>238.136840</timestamp>
			</report>
			<report>
				<misses>3224001</misses>
				<total>3207236</total>
				<timestamp>238.209718</timestamp>
			</report>
			<report>
				<misses>3225001</misses>
				<total>3208235</total>
				<timestamp>238.282765</timestamp>
			</report>
			<report>
				<misses>3226001</misses>
				<total>3209234</total>
				<timestamp>238.359122</timestamp>
			</report>
			<report>
				<misses>3227001</misses>
				<total>3210233</total>
				<timestamp>238.431075</timestamp>
			</report>
			<report>
				<misses>3228001</misses>
				<total>3211232</total>
				<timestamp>238.503575</timestamp>
			</report>
			<report>
				<misses>3229001</misses>
				<total>3212231</total>
				<timestamp>238.574305</timestamp>
			</report>
			<report>
				<misses>3230001</misses>
				<total>3213230</total>
				<timestamp>238.649675</timestamp>
			</report>
			<report>
				<misses>3231001</misses>
				<total>3214229</total>
				<timestamp>238.728686</timestamp>
			</report>
			<report>
				<misses>3232001</misses>
				<total>3215228</total>
				<timestamp>238.808772</timestamp>
			</report>
			<report>
				<misses>3233001</misses>
				<total>3216227</total>
				<timestamp>238.881546</timestamp>
			</report>
			<report>
				<misses>3234001</misses>
				<total>3217226</total>
				<timestamp>238.954809</timestamp>
			</report>
			<report>
				<misses>3235001</misses>
				<total>3218225</total>
				<timestamp>239.024944</timestamp>
			</report>
			<report>
				<misses>3236001</misses>
				<total>3219224</total>
				<timestamp>239.094989</timestamp>
			</report>
			<report>
				<misses>3237001</misses>
				<total>3220223</total>
				<timestamp>239.171079</timestamp>
			</report>
			<report>
				<misses>3238001</misses>
				<total>3221222</total>
				<timestamp>239.241141</timestamp>
			</report>
			<report>
				<misses>3239001</misses>
				<total>3222221</total>
				<timestamp>239.314916</timestamp>
			</report>
			<report>
				<misses>3240001</misses>
				<total>3223220</total>
				<timestamp>239.394932</timestamp>
			</report>
			<report>
				<misses>3241001</misses>
				<total>3224219</total>
				<timestamp>239.475753</timestamp>
			</report>
			<report>
				<misses>3242001</misses>
				<total>3225218</total>
				<timestamp>239.558148</timestamp>
			</report>
			<report>
				<misses>3243001</misses>
				<total>3226217</total>
				<timestamp>239.635814</timestamp>
			</report>
			<report>
				<misses>3244001</misses>
				<total>3227216</total>
				<timestamp>239.716565</timestamp>
			</report>
			<report>
				<misses>3245001</misses>
				<total>3228215</total>
				<timestamp>239.787918</timestamp>
			</report>
			<report>
				<misses>3246001</misses>
				<total>3229214</total>
				<timestamp>239.859800</timestamp>
			</report>
			<report>
				<misses>3247001</misses>
				<total>3230213</total>
				<timestamp>239.935598</timestamp>
			</report>
			<report>
				<misses>3248001</misses>
				<total>3231212</total>
				<timestamp>240.011644</timestamp>
			</report>
			<report>
				<misses>3249001</misses>
				<total>3232211</total>
				<timestamp>240.083556</timestamp>
			</report>
			<report>
				<misses>3250001</misses>
				<total>3233210</total>
				<timestamp>240.161085</timestamp>
			</report>
			<report>
				<misses>3251001</misses>
				<total>3234209</total>
				<timestamp>240.231888</timestamp>
			</report>
			<report>
				<misses>3252001</misses>
				<total>3235208</total>
				<timestamp>240.307234</timestamp>
			</report>
			<report>
				<misses>3253001</misses>
				<total>3236207</total>
				<timestamp>240.382389</timestamp>
			</report>
			<report>
				<misses>3254001</misses>
				<total>3237206</total>
				<timestamp>240.460719</timestamp>
			</report>
			<report>
				<misses>3255001</misses>
				<total>3238205</total>
				<timestamp>240.538399</timestamp>
			</report>
			<report>
				<misses>3256001</misses>
				<total>3239204</total>
				<timestamp>240.612477</timestamp>
			</report>
			<report>
				<misses>3257001</misses>
				<total>3240203</total>
				<timestamp>240.688948</timestamp>
			</report>
			<report>
				<misses>3258001</misses>
				<total>3241202</total>
				<timestamp>240.766606</timestamp>
			</report>
			<report>
				<misses>3259001</misses>
				<total>3242201</total>
				<timestamp>240.836684</timestamp>
			</report>
			<report>
				<misses>3260001</misses>
				<total>3243200</total>
				<timestamp>240.907970</timestamp>
			</report>
			<report>
				<misses>3261001</misses>
				<total>3244199</total>
				<timestamp>240.978878</timestamp>
			</report>
			<report>
				<misses>3262001</misses>
				<total>3245198</total>
				<timestamp>241.051982</timestamp>
			</report>
			<report>
				<misses>3263001</misses>
				<total>3246197</total>
				<timestamp>241.128049</timestamp>
			</report>
			<report>
				<misses>3264001</misses>
				<total>3247196</total>
				<timestamp>241.204010</timestamp>
			</report>
			<report>
				<misses>3265001</misses>
				<total>3248195</total>
				<timestamp>241.277786</timestamp>
			</report>
			<report>
				<misses>3266001</misses>
				<total>3249194</total>
				<timestamp>241.356612</timestamp>
			</report>
			<report>
				<misses>3267001</misses>
				<total>3250193</total>
				<timestamp>241.434350</timestamp>
			</report>
			<report>
				<misses>3268001</misses>
				<total>3251192</total>
				<timestamp>241.515271</timestamp>
			</report>
			<report>
				<misses>3269001</misses>
				<total>3252191</total>
				<timestamp>241.592192</timestamp>
			</report>
			<report>
				<misses>3270001</misses>
				<total>3253190</total>
				<timestamp>241.663973</timestamp>
			</report>
			<report>
				<misses>3271001</misses>
				<total>3254189</total>
				<timestamp>241.734131</timestamp>
			</report>
			<report>
				<misses>3272001</misses>
				<total>3255188</total>
				<timestamp>241.804184</timestamp>
			</report>
			<report>
				<misses>3273001</misses>
				<total>3256187</total>
				<timestamp>241.874307</timestamp>
			</report>
			<report>
				<misses>3274001</misses>
				<total>3257186</total>
				<timestamp>241.944392</timestamp>
			</report>
			<report>
				<misses>3275001</misses>
				<total>3258185</total>
				<timestamp>242.019902</timestamp>
			</report>
			<report>
				<misses>3276001</misses>
				<total>3259184</total>
				<timestamp>242.090152</timestamp>
			</report>
			<report>
				<misses>3277001</misses>
				<total>3260183</total>
				<timestamp>242.161310</timestamp>
			</report>
			<report>
				<misses>3278001</misses>
				<total>3261182</total>
				<timestamp>242.232866</timestamp>
			</report>
			<report>
				<misses>3279001</misses>
				<total>3262181</total>
				<timestamp>242.309399</timestamp>
			</report>
			<report>
				<misses>3280001</misses>
				<total>3263180</total>
				<timestamp>242.386551</timestamp>
			</report>
			<report>
				<misses>3281001</misses>
				<total>3264179</total>
				<timestamp>242.459680</timestamp>
			</report>
			<report>
				<misses>3282001</misses>
				<total>3265178</total>
				<timestamp>242.541716</timestamp>
			</report>
			<report>
				<misses>3283001</misses>
				<total>3266177</total>
				<timestamp>242.613331</timestamp>
			</report>
			<report>
				<misses>3284001</misses>
				<total>3267176</total>
				<timestamp>242.684348</timestamp>
			</report>
			<report>
				<misses>3285001</misses>
				<total>3268175</total>
				<timestamp>242.762583</timestamp>
			</report>
			<report>
				<misses>3286001</misses>
				<total>3269174</total>
				<timestamp>242.844228</timestamp>
			</report>
			<report>
				<misses>3287001</misses>
				<total>3270173</total>
				<timestamp>242.922103</timestamp>
			</report>
			<report>
				<misses>3288001</misses>
				<total>3271172</total>
				<timestamp>242.997622</timestamp>
			</report>
			<report>
				<misses>3289001</misses>
				<total>3272171</total>
				<timestamp>243.072570</timestamp>
			</report>
			<report>
				<misses>3290001</misses>
				<total>3273170</total>
				<timestamp>243.142596</timestamp>
			</report>
			<report>
				<misses>3291001</misses>
				<total>3274169</total>
				<timestamp>243.216706</timestamp>
			</report>
			<report>
				<misses>3292001</misses>
				<total>3275168</total>
				<timestamp>243.286893</timestamp>
			</report>
			<report>
				<misses>3293001</misses>
				<total>3276167</total>
				<timestamp>243.356932</timestamp>
			</report>
			<report>
				<misses>3294001</misses>
				<total>3277166</total>
				<timestamp>243.427668</timestamp>
			</report>
			<report>
				<misses>3295001</misses>
				<total>3278165</total>
				<timestamp>243.501665</timestamp>
			</report>
			<report>
				<misses>3296001</misses>
				<total>3279164</total>
				<timestamp>243.579925</timestamp>
			</report>
			<report>
				<misses>3297001</misses>
				<total>3280163</total>
				<timestamp>243.657317</timestamp>
			</report>
			<report>
				<misses>3298001</misses>
				<total>3281162</total>
				<timestamp>243.730590</timestamp>
			</report>
			<report>
				<misses>3299001</misses>
				<total>3282161</total>
				<timestamp>243.801946</timestamp>
			</report>
			<report>
				<misses>3300001</misses>
				<total>3283160</total>
				<timestamp>243.881716</timestamp>
			</report>
			<report>
				<misses>3301001</misses>
				<total>3284159</total>
				<timestamp>243.958977</timestamp>
			</report>
			<report>
				<misses>3302001</misses>
				<total>3285158</total>
				<timestamp>244.031617</timestamp>
			</report>
			<report>
				<misses>3303001</misses>
				<total>3286157</total>
				<timestamp>244.110675</timestamp>
			</report>
			<report>
				<misses>3304001</misses>
				<total>3287156</total>
				<timestamp>244.186913</timestamp>
			</report>
			<report>
				<misses>3305001</misses>
				<total>3288155</total>
				<timestamp>244.256951</timestamp>
			</report>
			<report>
				<misses>3306001</misses>
				<total>3289154</total>
				<timestamp>244.327058</timestamp>
			</report>
			<report>
				<misses>3307001</misses>
				<total>3290153</total>
				<timestamp>244.414133</timestamp>
			</report>
			<report>
				<misses>3308001</misses>
				<total>3291152</total>
				<timestamp>244.497870</timestamp>
			</report>
			<report>
				<misses>3309001</misses>
				<total>3292151</total>
				<timestamp>244.567879</timestamp>
			</report>
			<report>
				<misses>3310001</misses>
				<total>3293150</total>
				<timestamp>244.639615</timestamp>
			</report>
			<report>
				<misses>3311001</misses>
				<total>3294149</total>
				<timestamp>244.711750</timestamp>
			</report>
			<report>
				<misses>3312001</misses>
				<total>3295148</total>
				<timestamp>244.781952</timestamp>
			</report>
			<report>
				<misses>3313001</misses>
				<total>3296147</total>
				<timestamp>244.853039</timestamp>
			</report>
			<report>
				<misses>3314001</misses>
				<total>3297146</total>
				<timestamp>244.945582</timestamp>
			</report>
			<report>
				<misses>3315001</misses>
				<total>3298145</total>
				<timestamp>245.015605</timestamp>
			</report>
			<report>
				<misses>3316001</misses>
				<total>3299144</total>
				<timestamp>245.085670</timestamp>
			</report>
			<report>
				<misses>3317001</misses>
				<total>3300143</total>
				<timestamp>245.158193</timestamp>
			</report>
			<report>
				<misses>3318001</misses>
				<total>3301142</total>
				<timestamp>245.231609</timestamp>
			</report>
			<report>
				<misses>3319001</misses>
				<total>3302141</total>
				<timestamp>245.301980</timestamp>
			</report>
			<report>
				<misses>3320001</misses>
				<total>3303140</total>
				<timestamp>245.375032</timestamp>
			</report>
			<report>
				<misses>3321001</misses>
				<total>3304139</total>
				<timestamp>245.447370</timestamp>
			</report>
			<report>
				<misses>3322001</misses>
				<total>3305138</total>
				<timestamp>245.526802</timestamp>
			</report>
			<report>
				<misses>3323001</misses>
				<total>3306137</total>
				<timestamp>245.606290</timestamp>
			</report>
			<report>
				<misses>3324001</misses>
				<total>3307136</total>
				<timestamp>245.679719</timestamp>
			</report>
			<report>
				<misses>3325001</misses>
				<total>3308135</total>
				<timestamp>245.750989</timestamp>
			</report>
			<report>
				<misses>3326001</misses>
				<total>3309134</total>
				<timestamp>245.828802</timestamp>
			</report>
			<report>
				<misses>3327001</misses>
				<total>3310133</total>
				<timestamp>245.902621</timestamp>
			</report>
			<report>
				<misses>3328001</misses>
				<total>3311132</total>
				<timestamp>245.972610</timestamp>
			</report>
			<report>
				<misses>3329001</misses>
				<total>3312131</total>
				<timestamp>246.043370</timestamp>
			</report>
			<report>
				<misses>3330001</misses>
				<total>3313130</total>
				<timestamp>246.119230</timestamp>
			</report>
			<report>
				<misses>3331001</misses>
				<total>3314129</total>
				<timestamp>246.196391</timestamp>
			</report>
			<report>
				<misses>3332001</misses>
				<total>3315128</total>
				<timestamp>246.269006</timestamp>
			</report>
			<report>
				<misses>3333001</misses>
				<total>3316127</total>
				<timestamp>246.347749</timestamp>
			</report>
			<report>
				<misses>3334001</misses>
				<total>3317126</total>
				<timestamp>246.423701</timestamp>
			</report>
			<report>
				<misses>3335001</misses>
				<total>3318125</total>
				<timestamp>246.496621</timestamp>
			</report>
			<report>
				<misses>3336001</misses>
				<total>3319124</total>
				<timestamp>246.570159</timestamp>
			</report>
			<report>
				<misses>3337001</misses>
				<total>3320123</total>
				<timestamp>246.646224</timestamp>
			</report>
			<report>
				<misses>3338001</misses>
				<total>3321122</total>
				<timestamp>246.716286</timestamp>
			</report>
			<report>
				<misses>3339001</misses>
				<total>3322121</total>
				<timestamp>246.786485</timestamp>
			</report>
			<report>
				<misses>3340001</misses>
				<total>3323120</total>
				<timestamp>246.859740</timestamp>
			</report>
			<report>
				<misses>3341001</misses>
				<total>3324119</total>
				<timestamp>246.929937</timestamp>
			</report>
			<report>
				<misses>3342001</misses>
				<total>3325118</total>
				<timestamp>247.004150</timestamp>
			</report>
			<report>
				<misses>3343001</misses>
				<total>3326117</total>
				<timestamp>247.080876</timestamp>
			</report>
			<report>
				<misses>3344001</misses>
				<total>3327116</total>
				<timestamp>247.152053</timestamp>
			</report>
			<report>
				<misses>3345001</misses>
				<total>3328115</total>
				<timestamp>247.230196</timestamp>
			</report>
			<report>
				<misses>3346001</misses>
				<total>3329114</total>
				<timestamp>247.305184</timestamp>
			</report>
			<report>
				<misses>3347001</misses>
				<total>3330113</total>
				<timestamp>247.380164</timestamp>
			</report>
			<report>
				<misses>3348001</misses>
				<total>3331112</total>
				<timestamp>247.453379</timestamp>
			</report>
			<report>
				<misses>3349001</misses>
				<total>3332111</total>
				<timestamp>247.532633</timestamp>
			</report>
			<report>
				<misses>3350001</misses>
				<total>3333110</total>
				<timestamp>247.606794</timestamp>
			</report>
			<report>
				<misses>3351001</misses>
				<total>3334109</total>
				<timestamp>247.677868</timestamp>
			</report>
			<report>
				<misses>3352001</misses>
				<total>3335108</total>
				<timestamp>247.751955</timestamp>
			</report>
			<report>
				<misses>3353001</misses>
				<total>3336107</total>
				<timestamp>247.829715</timestamp>
			</report>
			<report>
				<misses>3354001</misses>
				<total>3337106</total>
				<timestamp>247.906730</timestamp>
			</report>
			<report>
				<misses>3355001</misses>
				<total>3338105</total>
				<timestamp>247.984073</timestamp>
			</report>
			<report>
				<misses>3356001</misses>
				<total>3339104</total>
				<timestamp>248.055644</timestamp>
			</report>
			<report>
				<misses>3357001</misses>
				<total>3340103</total>
				<timestamp>248.128288</timestamp>
			</report>
			<report>
				<misses>3358001</misses>
				<total>3341102</total>
				<timestamp>248.198337</timestamp>
			</report>
			<report>
				<misses>3359001</misses>
				<total>3342101</total>
				<timestamp>248.274591</timestamp>
			</report>
			<report>
				<misses>3360001</misses>
				<total>3343100</total>
				<timestamp>248.346724</timestamp>
			</report>
			<report>
				<misses>3361001</misses>
				<total>3344099</total>
				<timestamp>248.417025</timestamp>
			</report>
			<report>
				<misses>3362001</misses>
				<total>3345098</total>
				<timestamp>248.490112</timestamp>
			</report>
			<report>
				<misses>3363001</misses>
				<total>3346097</total>
				<timestamp>248.562823</timestamp>
			</report>
			<report>
				<misses>3364001</misses>
				<total>3347096</total>
				<timestamp>248.639916</timestamp>
			</report>
			<report>
				<misses>3365001</misses>
				<total>3348095</total>
				<timestamp>248.712238</timestamp>
			</report>
			<report>
				<misses>3366001</misses>
				<total>3349094</total>
				<timestamp>248.786540</timestamp>
			</report>
			<report>
				<misses>3367001</misses>
				<total>3350093</total>
				<timestamp>248.857659</timestamp>
			</report>
			<report>
				<misses>3368001</misses>
				<total>3351092</total>
				<timestamp>248.928213</timestamp>
			</report>
			<report>
				<misses>3369001</misses>
				<total>3352091</total>
				<timestamp>249.000089</timestamp>
			</report>
			<report>
				<misses>3370001</misses>
				<total>3353090</total>
				<timestamp>249.074884</timestamp>
			</report>
			<report>
				<misses>3371001</misses>
				<total>3354089</total>
				<timestamp>249.150340</timestamp>
			</report>
			<report>
				<misses>3372001</misses>
				<total>3355088</total>
				<timestamp>249.223865</timestamp>
			</report>
			<report>
				<misses>3373001</misses>
				<total>3356087</total>
				<timestamp>249.299492</timestamp>
			</report>
			<report>
				<misses>3374001</misses>
				<total>3357086</total>
				<timestamp>249.369598</timestamp>
			</report>
			<report>
				<misses>3375001</misses>
				<total>3358085</total>
				<timestamp>249.440723</timestamp>
			</report>
			<report>
				<misses>3376001</misses>
				<total>3359084</total>
				<timestamp>249.510782</timestamp>
			</report>
			<report>
				<misses>3377001</misses>
				<total>3360083</total>
				<timestamp>249.581186</timestamp>
			</report>
			<report>
				<misses>3378001</misses>
				<total>3361082</total>
				<timestamp>249.657321</timestamp>
			</report>
			<report>
				<misses>3379001</misses>
				<total>3362081</total>
				<timestamp>249.727396</timestamp>
			</report>
			<report>
				<misses>3380001</misses>
				<total>3363080</total>
				<timestamp>249.797900</timestamp>
			</report>
			<report>
				<misses>3381001</misses>
				<total>3364079</total>
				<timestamp>249.867911</timestamp>
			</report>
			<report>
				<misses>3382001</misses>
				<total>3365078</total>
				<timestamp>249.947676</timestamp>
			</report>
			<report>
				<misses>3383001</misses>
				<total>3366077</total>
				<timestamp>250.019744</timestamp>
			</report>
			<report>
				<misses>3384001</misses>
				<total>3367076</total>
				<timestamp>250.092555</timestamp>
			</report>
			<report>
				<misses>3385001</misses>
				<total>3368075</total>
				<timestamp>250.163682</timestamp>
			</report>
			<report>
				<misses>3386001</misses>
				<total>3369074</total>
				<timestamp>250.237879</timestamp>
			</report>
			<report>
				<misses>3387001</misses>
				<total>3370073</total>
				<timestamp>250.318027</timestamp>
			</report>
			<report>
				<misses>3388001</misses>
				<total>3371072</total>
				<timestamp>250.392583</timestamp>
			</report>
			<report>
				<misses>3389001</misses>
				<total>3372071</total>
				<timestamp>250.462654</timestamp>
			</report>
			<report>
				<misses>3390001</misses>
				<total>3373070</total>
				<timestamp>250.532713</timestamp>
			</report>
			<report>
				<misses>3391001</misses>
				<total>3374069</total>
				<timestamp>250.602830</timestamp>
			</report>
			<report>
				<misses>3392001</misses>
				<total>3375068</total>
				<timestamp>250.678806</timestamp>
			</report>
			<report>
				<misses>3393001</misses>
				<total>3376067</total>
				<timestamp>250.752847</timestamp>
			</report>
			<report>
				<misses>3394001</misses>
				<total>3377066</total>
				<timestamp>250.828211</timestamp>
			</report>
			<report>
				<misses>3395001</misses>
				<total>3378065</total>
				<timestamp>250.905954</timestamp>
			</report>
			<report>
				<misses>3396001</misses>
				<total>3379064</total>
				<timestamp>250.981674</timestamp>
			</report>
			<report>
				<misses>3397001</misses>
				<total>3380063</total>
				<timestamp>251.051774</timestamp>
			</report>
			<report>
				<misses>3398001</misses>
				<total>3381062</total>
				<timestamp>251.123155</timestamp>
			</report>
			<report>
				<misses>3399001</misses>
				<total>3382061</total>
				<timestamp>251.196222</timestamp>
			</report>
			<report>
				<misses>3400001</misses>
				<total>3383060</total>
				<timestamp>251.271014</timestamp>
			</report>
			<report>
				<misses>3401001</misses>
				<total>3384059</total>
				<timestamp>251.353411</timestamp>
			</report>
			<report>
				<misses>3402001</misses>
				<total>3385058</total>
				<timestamp>251.426456</timestamp>
			</report>
			<report>
				<misses>3403001</misses>
				<total>3386057</total>
				<timestamp>251.505539</timestamp>
			</report>
			<report>
				<misses>3404001</misses>
				<total>3387056</total>
				<timestamp>251.575821</timestamp>
			</report>
			<report>
				<misses>3405001</misses>
				<total>3388055</total>
				<timestamp>251.645882</timestamp>
			</report>
			<report>
				<misses>3406001</misses>
				<total>3389054</total>
				<timestamp>251.717183</timestamp>
			</report>
			<report>
				<misses>3407001</misses>
				<total>3390053</total>
				<timestamp>251.794947</timestamp>
			</report>
			<report>
				<misses>3408001</misses>
				<total>3391052</total>
				<timestamp>251.864928</timestamp>
			</report>
			<report>
				<misses>3409001</misses>
				<total>3392051</total>
				<timestamp>251.934997</timestamp>
			</report>
			<report>
				<misses>3410001</misses>
				<total>3393050</total>
				<timestamp>252.012285</timestamp>
			</report>
			<report>
				<misses>3411001</misses>
				<total>3394049</total>
				<timestamp>252.087194</timestamp>
			</report>
			<report>
				<misses>3412001</misses>
				<total>3395048</total>
				<timestamp>252.163574</timestamp>
			</report>
			<report>
				<misses>3413001</misses>
				<total>3396047</total>
				<timestamp>252.235662</timestamp>
			</report>
			<report>
				<misses>3414001</misses>
				<total>3397046</total>
				<timestamp>252.307230</timestamp>
			</report>
			<report>
				<misses>3415001</misses>
				<total>3398045</total>
				<timestamp>252.377540</timestamp>
			</report>
			<report>
				<misses>3416001</misses>
				<total>3399044</total>
				<timestamp>252.450493</timestamp>
			</report>
			<report>
				<misses>3417001</misses>
				<total>3400043</total>
				<timestamp>252.522721</timestamp>
			</report>
			<report>
				<misses>3418001</misses>
				<total>3401042</total>
				<timestamp>252.592767</timestamp>
			</report>
			<report>
				<misses>3419001</misses>
				<total>3402041</total>
				<timestamp>252.666686</timestamp>
			</report>
			<report>
				<misses>3420001</misses>
				<total>3403040</total>
				<timestamp>252.747057</timestamp>
			</report>
			<report>
				<misses>3421001</misses>
				<total>3404039</total>
				<timestamp>252.821675</timestamp>
			</report>
			<report>
				<misses>3422001</misses>
				<total>3405038</total>
				<timestamp>252.896597</timestamp>
			</report>
			<report>
				<misses>3423001</misses>
				<total>3406037</total>
				<timestamp>252.971462</timestamp>
			</report>
			<report>
				<misses>3424001</misses>
				<total>3407036</total>
				<timestamp>253.043277</timestamp>
			</report>
			<report>
				<misses>3425001</misses>
				<total>3408035</total>
				<timestamp>253.117740</timestamp>
			</report>
			<report>
				<misses>3426001</misses>
				<total>3409034</total>
				<timestamp>253.188640</timestamp>
			</report>
			<report>
				<misses>3427001</misses>
				<total>3410033</total>
				<timestamp>253.258724</timestamp>
			</report>
			<report>
				<misses>3428001</misses>
				<total>3411032</total>
				<timestamp>253.329076</timestamp>
			</report>
			<report>
				<misses>3429001</misses>
				<total>3412031</total>
				<timestamp>253.421702</timestamp>
			</report>
			<report>
				<misses>3430001</misses>
				<total>3412627</total>
				<timestamp>253.497870</timestamp>
			</report>
			<report>
				<misses>3431001</misses>
				<total>3412719</total>
				<timestamp>253.570728</timestamp>
			</report>
			<report>
				<misses>3432001</misses>
				<total>3413718</total>
				<timestamp>253.641171</timestamp>
			</report>
			<report>
				<misses>3433001</misses>
				<total>3414717</total>
				<timestamp>253.714523</timestamp>
			</report>
			<report>
				<misses>3434001</misses>
				<total>3415716</total>
				<timestamp>253.790397</timestamp>
			</report>
			<report>
				<misses>3435001</misses>
				<total>3416715</total>
				<timestamp>253.866760</timestamp>
			</report>
			<report>
				<misses>3436001</misses>
				<total>3417714</total>
				<timestamp>253.943718</timestamp>
			</report>
			<report>
				<misses>3437001</misses>
				<total>3418115</total>
				<timestamp>254.022870</timestamp>
			</report>
			<report>
				<misses>3438001</misses>
				<total>3418724</total>
				<timestamp>254.096999</timestamp>
			</report>
			<report>
				<misses>3439001</misses>
				<total>3419723</total>
				<timestamp>254.171731</timestamp>
			</report>
			<report>
				<misses>3440001</misses>
				<total>3420722</total>
				<timestamp>254.243296</timestamp>
			</report>
			<report>
				<misses>3441001</misses>
				<total>3421721</total>
				<timestamp>254.316655</timestamp>
			</report>
			<report>
				<misses>3442001</misses>
				<total>3422720</total>
				<timestamp>254.392724</timestamp>
			</report>
			<report>
				<misses>3443001</misses>
				<total>3423719</total>
				<timestamp>254.467969</timestamp>
			</report>
			<report>
				<misses>3444001</misses>
				<total>3424718</total>
				<timestamp>254.537991</timestamp>
			</report>
			<report>
				<misses>3445001</misses>
				<total>3425717</total>
				<timestamp>254.608577</timestamp>
			</report>
			<report>
				<misses>3446001</misses>
				<total>3426716</total>
				<timestamp>254.689846</timestamp>
			</report>
			<report>
				<misses>3447001</misses>
				<total>3427715</total>
				<timestamp>254.763574</timestamp>
			</report>
			<report>
				<misses>3448001</misses>
				<total>3428714</total>
				<timestamp>254.833624</timestamp>
			</report>
			<report>
				<misses>3449001</misses>
				<total>3429713</total>
				<timestamp>254.903686</timestamp>
			</report>
			<report>
				<misses>3450001</misses>
				<total>3430712</total>
				<timestamp>254.973718</timestamp>
			</report>
			<report>
				<misses>3451001</misses>
				<total>3431711</total>
				<timestamp>255.043787</timestamp>
			</report>
			<report>
				<misses>3452001</misses>
				<total>3432710</total>
				<timestamp>255.122706</timestamp>
			</report>
			<report>
				<misses>3453001</misses>
				<total>3433709</total>
				<timestamp>255.192762</timestamp>
			</report>
			<report>
				<misses>3454001</misses>
				<total>3434708</total>
				<timestamp>255.268370</timestamp>
			</report>
			<report>
				<misses>3455001</misses>
				<total>3435707</total>
				<timestamp>255.338445</timestamp>
			</report>
			<report>
				<misses>3456001</misses>
				<total>3436706</total>
				<timestamp>255.408961</timestamp>
			</report>
			<report>
				<misses>3457001</misses>
				<total>3437705</total>
				<timestamp>255.489387</timestamp>
			</report>
			<report>
				<misses>3458001</misses>
				<total>3438704</total>
				<timestamp>255.566722</timestamp>
			</report>
			<report>
				<misses>3459001</misses>
				<total>3439703</total>
				<timestamp>255.636731</timestamp>
			</report>
			<report>
				<misses>3460001</misses>
				<total>3440702</total>
				<timestamp>255.706760</timestamp>
			</report>
			<report>
				<misses>3461001</misses>
				<total>3441701</total>
				<timestamp>255.781551</timestamp>
			</report>
			<report>
				<misses>3462001</misses>
				<total>3442700</total>
				<timestamp>255.852024</timestamp>
			</report>
			<report>
				<misses>3463001</misses>
				<total>3443699</total>
				<timestamp>255.922232</timestamp>
			</report>
			<report>
				<misses>3464001</misses>
				<total>3444698</total>
				<timestamp>255.992624</timestamp>
			</report>
			<report>
				<misses>3465001</misses>
				<total>3445697</total>
				<timestamp>256.068234</timestamp>
			</report>
			<report>
				<misses>3466001</misses>
				<total>3446696</total>
				<timestamp>256.140938</timestamp>
			</report>
			<report>
				<misses>3467001</misses>
				<total>3447695</total>
				<timestamp>256.214159</timestamp>
			</report>
			<report>
				<misses>3468001</misses>
				<total>3448694</total>
				<timestamp>256.293806</timestamp>
			</report>
			<report>
				<misses>3469001</misses>
				<total>3449693</total>
				<timestamp>256.370825</timestamp>
			</report>
			<report>
				<misses>3470001</misses>
				<total>3450692</total>
				<timestamp>256.451439</timestamp>
			</report>
			<report>
				<misses>3471001</misses>
				<total>3451691</total>
				<timestamp>256.524746</timestamp>
			</report>
			<report>
				<misses>3472001</misses>
				<total>3452690</total>
				<timestamp>256.598695</timestamp>
			</report>
			<report>
				<misses>3473001</misses>
				<total>3453689</total>
				<timestamp>256.679263</timestamp>
			</report>
			<report>
				<misses>3474001</misses>
				<total>3454688</total>
				<timestamp>256.753672</timestamp>
			</report>
			<report>
				<misses>3475001</misses>
				<total>3455687</total>
				<timestamp>256.823680</timestamp>
			</report>
			<report>
				<misses>3476001</misses>
				<total>3456686</total>
				<timestamp>256.901108</timestamp>
			</report>
			<report>
				<misses>3477001</misses>
				<total>3457685</total>
				<timestamp>256.972949</timestamp>
			</report>
			<report>
				<misses>3478001</misses>
				<total>3458684</total>
				<timestamp>257.059357</timestamp>
			</report>
			<report>
				<misses>3479001</misses>
				<total>3459683</total>
				<timestamp>257.135674</timestamp>
			</report>
			<report>
				<misses>3480001</misses>
				<total>3460682</total>
				<timestamp>257.208808</timestamp>
			</report>
			<report>
				<misses>3481001</misses>
				<total>3461681</total>
				<timestamp>257.285818</timestamp>
			</report>
			<report>
				<misses>3482001</misses>
				<total>3462680</total>
				<timestamp>257.370554</timestamp>
			</report>
			<report>
				<misses>3483001</misses>
				<total>3463679</total>
				<timestamp>257.443309</timestamp>
			</report>
			<report>
				<misses>3484001</misses>
				<total>3464678</total>
				<timestamp>257.522644</timestamp>
			</report>
			<report>
				<misses>3485001</misses>
				<total>3465677</total>
				<timestamp>257.595468</timestamp>
			</report>
			<report>
				<misses>3486001</misses>
				<total>3466676</total>
				<timestamp>257.672128</timestamp>
			</report>
			<report>
				<misses>3487001</misses>
				<total>3467675</total>
				<timestamp>257.753539</timestamp>
			</report>
			<report>
				<misses>3488001</misses>
				<total>3468674</total>
				<timestamp>257.823798</timestamp>
			</report>
			<report>
				<misses>3489001</misses>
				<total>3469673</total>
				<timestamp>257.896861</timestamp>
			</report>
			<report>
				<misses>3490001</misses>
				<total>3470672</total>
				<timestamp>257.970533</timestamp>
			</report>
			<report>
				<misses>3491001</misses>
				<total>3471671</total>
				<timestamp>258.041680</timestamp>
			</report>
			<report>
				<misses>3492001</misses>
				<total>3472670</total>
				<timestamp>258.111778</timestamp>
			</report>
			<report>
				<misses>3493001</misses>
				<total>3473669</total>
				<timestamp>258.181811</timestamp>
			</report>
			<report>
				<misses>3494001</misses>
				<total>3474668</total>
				<timestamp>258.256353</timestamp>
			</report>
			<report>
				<misses>3495001</misses>
				<total>3475667</total>
				<timestamp>258.332048</timestamp>
			</report>
			<report>
				<misses>3496001</misses>
				<total>3476666</total>
				<timestamp>258.402019</timestamp>
			</report>
			<report>
				<misses>3497001</misses>
				<total>3477665</total>
				<timestamp>258.472668</timestamp>
			</report>
			<report>
				<misses>3498001</misses>
				<total>3478664</total>
				<timestamp>258.546459</timestamp>
			</report>
			<report>
				<misses>3499001</misses>
				<total>3479663</total>
				<timestamp>258.617405</timestamp>
			</report>
			<report>
				<misses>3500001</misses>
				<total>3480662</total>
				<timestamp>258.689213</timestamp>
			</report>
			<report>
				<misses>3501001</misses>
				<total>3481661</total>
				<timestamp>258.773031</timestamp>
			</report>
			<report>
				<misses>3502001</misses>
				<total>3482660</total>
				<timestamp>258.848764</timestamp>
			</report>
			<report>
				<misses>3503001</misses>
				<total>3483659</total>
				<timestamp>258.926064</timestamp>
			</report>
			<report>
				<misses>3504001</misses>
				<total>3484658</total>
				<timestamp>259.002566</timestamp>
			</report>
			<report>
				<misses>3505001</misses>
				<total>3485657</total>
				<timestamp>259.078024</timestamp>
			</report>
			<report>
				<misses>3506001</misses>
				<total>3486656</total>
				<timestamp>259.150492</timestamp>
			</report>
			<report>
				<misses>3507001</misses>
				<total>3487655</total>
				<timestamp>259.228456</timestamp>
			</report>
			<report>
				<misses>3508001</misses>
				<total>3488654</total>
				<timestamp>259.301520</timestamp>
			</report>
			<report>
				<misses>3509001</misses>
				<total>3489653</total>
				<timestamp>259.381238</timestamp>
			</report>
			<report>
				<misses>3510001</misses>
				<total>3490652</total>
				<timestamp>259.453322</timestamp>
			</report>
			<report>
				<misses>3511001</misses>
				<total>3491651</total>
				<timestamp>259.524588</timestamp>
			</report>
			<report>
				<misses>3512001</misses>
				<total>3492650</total>
				<timestamp>259.605787</timestamp>
			</report>
			<report>
				<misses>3513001</misses>
				<total>3493649</total>
				<timestamp>259.683878</timestamp>
			</report>
			<report>
				<misses>3514001</misses>
				<total>3494648</total>
				<timestamp>259.756184</timestamp>
			</report>
			<report>
				<misses>3515001</misses>
				<total>3495647</total>
				<timestamp>259.827324</timestamp>
			</report>
			<report>
				<misses>3516001</misses>
				<total>3496646</total>
				<timestamp>259.903420</timestamp>
			</report>
			<report>
				<misses>3517001</misses>
				<total>3497645</total>
				<timestamp>259.984743</timestamp>
			</report>
			<report>
				<misses>3518001</misses>
				<total>3498644</total>
				<timestamp>260.062546</timestamp>
			</report>
			<report>
				<misses>3519001</misses>
				<total>3499643</total>
				<timestamp>260.141856</timestamp>
			</report>
			<report>
				<misses>3520001</misses>
				<total>3500642</total>
				<timestamp>260.214980</timestamp>
			</report>
			<report>
				<misses>3521001</misses>
				<total>3501641</total>
				<timestamp>260.289495</timestamp>
			</report>
			<report>
				<misses>3522001</misses>
				<total>3502640</total>
				<timestamp>260.361569</timestamp>
			</report>
			<report>
				<misses>3523001</misses>
				<total>3503639</total>
				<timestamp>260.433645</timestamp>
			</report>
			<report>
				<misses>3524001</misses>
				<total>3504638</total>
				<timestamp>260.513187</timestamp>
			</report>
			<report>
				<misses>3525001</misses>
				<total>3505637</total>
				<timestamp>260.585393</timestamp>
			</report>
			<report>
				<misses>3526001</misses>
				<total>3506636</total>
				<timestamp>260.660368</timestamp>
			</report>
			<report>
				<misses>3527001</misses>
				<total>3507635</total>
				<timestamp>260.732443</timestamp>
			</report>
			<report>
				<misses>3528001</misses>
				<total>3508634</total>
				<timestamp>260.805162</timestamp>
			</report>
			<report>
				<misses>3529001</misses>
				<total>3509633</total>
				<timestamp>260.875212</timestamp>
			</report>
			<report>
				<misses>3530001</misses>
				<total>3510632</total>
				<timestamp>260.946405</timestamp>
			</report>
			<report>
				<misses>3531001</misses>
				<total>3511631</total>
				<timestamp>261.019117</timestamp>
			</report>
			<report>
				<misses>3532001</misses>
				<total>3512630</total>
				<timestamp>261.090390</timestamp>
			</report>
			<report>
				<misses>3533001</misses>
				<total>3513629</total>
				<timestamp>261.164241</timestamp>
			</report>
			<report>
				<misses>3534001</misses>
				<total>3514628</total>
				<timestamp>261.234282</timestamp>
			</report>
			<report>
				<misses>3535001</misses>
				<total>3515627</total>
				<timestamp>261.304460</timestamp>
			</report>
			<report>
				<misses>3536001</misses>
				<total>3516626</total>
				<timestamp>261.374530</timestamp>
			</report>
			<report>
				<misses>3537001</misses>
				<total>3517625</total>
				<timestamp>261.444581</timestamp>
			</report>
			<report>
				<misses>3538001</misses>
				<total>3518624</total>
				<timestamp>261.514625</timestamp>
			</report>
			<report>
				<misses>3539001</misses>
				<total>3519623</total>
				<timestamp>261.585944</timestamp>
			</report>
			<report>
				<misses>3540001</misses>
				<total>3520622</total>
				<timestamp>261.658279</timestamp>
			</report>
			<report>
				<misses>3541001</misses>
				<total>3521621</total>
				<timestamp>261.731228</timestamp>
			</report>
			<report>
				<misses>3542001</misses>
				<total>3522620</total>
				<timestamp>261.805457</timestamp>
			</report>
			<report>
				<misses>3543001</misses>
				<total>3523619</total>
				<timestamp>261.877397</timestamp>
			</report>
			<report>
				<misses>3544001</misses>
				<total>3524618</total>
				<timestamp>261.948839</timestamp>
			</report>
			<report>
				<misses>3545001</misses>
				<total>3525617</total>
				<timestamp>262.019020</timestamp>
			</report>
			<report>
				<misses>3546001</misses>
				<total>3526616</total>
				<timestamp>262.093248</timestamp>
			</report>
			<report>
				<misses>3547001</misses>
				<total>3527615</total>
				<timestamp>262.167790</timestamp>
			</report>
			<report>
				<misses>3548001</misses>
				<total>3528614</total>
				<timestamp>262.241634</timestamp>
			</report>
			<report>
				<misses>3549001</misses>
				<total>3529613</total>
				<timestamp>262.324214</timestamp>
			</report>
			<report>
				<misses>3550001</misses>
				<total>3530612</total>
				<timestamp>262.406647</timestamp>
			</report>
			<report>
				<misses>3551001</misses>
				<total>3531611</total>
				<timestamp>262.486432</timestamp>
			</report>
			<report>
				<misses>3552001</misses>
				<total>3532610</total>
				<timestamp>262.556685</timestamp>
			</report>
			<report>
				<misses>3553001</misses>
				<total>3533609</total>
				<timestamp>262.629520</timestamp>
			</report>
			<report>
				<misses>3554001</misses>
				<total>3534608</total>
				<timestamp>262.703371</timestamp>
			</report>
			<report>
				<misses>3555001</misses>
				<total>3535607</total>
				<timestamp>262.778352</timestamp>
			</report>
			<report>
				<misses>3556001</misses>
				<total>3536606</total>
				<timestamp>262.851668</timestamp>
			</report>
			<report>
				<misses>3557001</misses>
				<total>3537605</total>
				<timestamp>262.922103</timestamp>
			</report>
			<report>
				<misses>3558001</misses>
				<total>3538604</total>
				<timestamp>262.995605</timestamp>
			</report>
			<report>
				<misses>3559001</misses>
				<total>3539603</total>
				<timestamp>263.066673</timestamp>
			</report>
			<report>
				<misses>3560001</misses>
				<total>3540602</total>
				<timestamp>263.136997</timestamp>
			</report>
			<report>
				<misses>3561001</misses>
				<total>3541601</total>
				<timestamp>263.211780</timestamp>
			</report>
			<report>
				<misses>3562001</misses>
				<total>3542600</total>
				<timestamp>263.282082</timestamp>
			</report>
			<report>
				<misses>3563001</misses>
				<total>3543599</total>
				<timestamp>263.352331</timestamp>
			</report>
			<report>
				<misses>3564001</misses>
				<total>3544598</total>
				<timestamp>263.425998</timestamp>
			</report>
			<report>
				<misses>3565001</misses>
				<total>3545597</total>
				<timestamp>263.496118</timestamp>
			</report>
			<report>
				<misses>3566001</misses>
				<total>3546596</total>
				<timestamp>263.569837</timestamp>
			</report>
			<report>
				<misses>3567001</misses>
				<total>3547595</total>
				<timestamp>263.651232</timestamp>
			</report>
			<report>
				<misses>3568001</misses>
				<total>3548594</total>
				<timestamp>263.724629</timestamp>
			</report>
			<report>
				<misses>3569001</misses>
				<total>3549593</total>
				<timestamp>263.799826</timestamp>
			</report>
			<report>
				<misses>3570001</misses>
				<total>3550592</total>
				<timestamp>263.874152</timestamp>
			</report>
			<report>
				<misses>3571001</misses>
				<total>3551591</total>
				<timestamp>263.944406</timestamp>
			</report>
			<report>
				<misses>3572001</misses>
				<total>3552590</total>
				<timestamp>264.016033</timestamp>
			</report>
			<report>
				<misses>3573001</misses>
				<total>3553589</total>
				<timestamp>264.086343</timestamp>
			</report>
			<report>
				<misses>3574001</misses>
				<total>3554588</total>
				<timestamp>264.156771</timestamp>
			</report>
			<report>
				<misses>3575001</misses>
				<total>3555587</total>
				<timestamp>264.228464</timestamp>
			</report>
			<report>
				<misses>3576001</misses>
				<total>3556586</total>
				<timestamp>264.303609</timestamp>
			</report>
			<report>
				<misses>3577001</misses>
				<total>3557585</total>
				<timestamp>264.383935</timestamp>
			</report>
			<report>
				<misses>3578001</misses>
				<total>3558584</total>
				<timestamp>264.454750</timestamp>
			</report>
			<report>
				<misses>3579001</misses>
				<total>3559583</total>
				<timestamp>264.528591</timestamp>
			</report>
			<report>
				<misses>3580001</misses>
				<total>3560582</total>
				<timestamp>264.603326</timestamp>
			</report>
			<report>
				<misses>3581001</misses>
				<total>3561581</total>
				<timestamp>264.676285</timestamp>
			</report>
			<report>
				<misses>3582001</misses>
				<total>3562580</total>
				<timestamp>264.751008</timestamp>
			</report>
			<report>
				<misses>3583001</misses>
				<total>3563579</total>
				<timestamp>264.823577</timestamp>
			</report>
			<report>
				<misses>3584001</misses>
				<total>3564578</total>
				<timestamp>264.896678</timestamp>
			</report>
			<report>
				<misses>3585001</misses>
				<total>3565577</total>
				<timestamp>264.969139</timestamp>
			</report>
			<report>
				<misses>3586001</misses>
				<total>3566576</total>
				<timestamp>265.043728</timestamp>
			</report>
			<report>
				<misses>3587001</misses>
				<total>3567575</total>
				<timestamp>265.120168</timestamp>
			</report>
			<report>
				<misses>3588001</misses>
				<total>3568574</total>
				<timestamp>265.195509</timestamp>
			</report>
			<report>
				<misses>3589001</misses>
				<total>3569573</total>
				<timestamp>265.269502</timestamp>
			</report>
			<report>
				<misses>3590001</misses>
				<total>3570572</total>
				<timestamp>265.343430</timestamp>
			</report>
			<report>
				<misses>3591001</misses>
				<total>3571571</total>
				<timestamp>265.417001</timestamp>
			</report>
			<report>
				<misses>3592001</misses>
				<total>3572570</total>
				<timestamp>265.498232</timestamp>
			</report>
			<report>
				<misses>3593001</misses>
				<total>3573569</total>
				<timestamp>265.575080</timestamp>
			</report>
			<report>
				<misses>3594001</misses>
				<total>3574568</total>
				<timestamp>265.650862</timestamp>
			</report>
			<report>
				<misses>3595001</misses>
				<total>3575567</total>
				<timestamp>265.728602</timestamp>
			</report>
			<report>
				<misses>3596001</misses>
				<total>3576566</total>
				<timestamp>265.810978</timestamp>
			</report>
			<report>
				<misses>3597001</misses>
				<total>3577565</total>
				<timestamp>265.882192</timestamp>
			</report>
			<report>
				<misses>3598001</misses>
				<total>3578564</total>
				<timestamp>265.961643</timestamp>
			</report>
			<report>
				<misses>3599001</misses>
				<total>3579563</total>
				<timestamp>266.042355</timestamp>
			</report>
			<report>
				<misses>3600001</misses>
				<total>3580562</total>
				<timestamp>266.117795</timestamp>
			</report>
			<report>
				<misses>3601001</misses>
				<total>3581561</total>
				<timestamp>266.188740</timestamp>
			</report>
			<report>
				<misses>3602001</misses>
				<total>3582560</total>
				<timestamp>266.259789</timestamp>
			</report>
			<report>
				<misses>3603001</misses>
				<total>3583559</total>
				<timestamp>266.331837</timestamp>
			</report>
			<report>
				<misses>3604001</misses>
				<total>3584558</total>
				<timestamp>266.416397</timestamp>
			</report>
			<report>
				<misses>3605001</misses>
				<total>3585557</total>
				<timestamp>266.499591</timestamp>
			</report>
			<report>
				<misses>3606001</misses>
				<total>3586556</total>
				<timestamp>266.574989</timestamp>
			</report>
			<report>
				<misses>3607001</misses>
				<total>3587555</total>
				<timestamp>266.645846</timestamp>
			</report>
			<report>
				<misses>3608001</misses>
				<total>3588554</total>
				<timestamp>266.715919</timestamp>
			</report>
			<report>
				<misses>3609001</misses>
				<total>3589553</total>
				<timestamp>266.791025</timestamp>
			</report>
			<report>
				<misses>3610001</misses>
				<total>3590552</total>
				<timestamp>266.869517</timestamp>
			</report>
			<report>
				<misses>3611001</misses>
				<total>3591551</total>
				<timestamp>266.945875</timestamp>
			</report>
			<report>
				<misses>3612001</misses>
				<total>3592550</total>
				<timestamp>267.015870</timestamp>
			</report>
			<report>
				<misses>3613001</misses>
				<total>3593549</total>
				<timestamp>267.086873</timestamp>
			</report>
			<report>
				<misses>3614001</misses>
				<total>3594548</total>
				<timestamp>267.158986</timestamp>
			</report>
			<report>
				<misses>3615001</misses>
				<total>3595547</total>
				<timestamp>267.234970</timestamp>
			</report>
			<report>
				<misses>3616001</misses>
				<total>3596546</total>
				<timestamp>267.311192</timestamp>
			</report>
			<report>
				<misses>3617001</misses>
				<total>3597545</total>
				<timestamp>267.381357</timestamp>
			</report>
			<report>
				<misses>3618001</misses>
				<total>3598544</total>
				<timestamp>267.451419</timestamp>
			</report>
			<report>
				<misses>3619001</misses>
				<total>3599543</total>
				<timestamp>267.525007</timestamp>
			</report>
			<report>
				<misses>3620001</misses>
				<total>3600542</total>
				<timestamp>267.599479</timestamp>
			</report>
			<report>
				<misses>3621001</misses>
				<total>3601541</total>
				<timestamp>267.672605</timestamp>
			</report>
			<report>
				<misses>3622001</misses>
				<total>3602540</total>
				<timestamp>267.746314</timestamp>
			</report>
			<report>
				<misses>3623001</misses>
				<total>3603539</total>
				<timestamp>267.825236</timestamp>
			</report>
			<report>
				<misses>3624001</misses>
				<total>3604538</total>
				<timestamp>267.897742</timestamp>
			</report>
			<report>
				<misses>3625001</misses>
				<total>3605537</total>
				<timestamp>267.970766</timestamp>
			</report>
			<report>
				<misses>3626001</misses>
				<total>3606536</total>
				<timestamp>268.044700</timestamp>
			</report>
			<report>
				<misses>3627001</misses>
				<total>3607535</total>
				<timestamp>268.126774</timestamp>
			</report>
			<report>
				<misses>3628001</misses>
				<total>3608534</total>
				<timestamp>268.199151</timestamp>
			</report>
			<report>
				<misses>3629001</misses>
				<total>3609533</total>
				<timestamp>268.269280</timestamp>
			</report>
			<report>
				<misses>3630001</misses>
				<total>3610532</total>
				<timestamp>268.347125</timestamp>
			</report>
			<report>
				<misses>3631001</misses>
				<total>3611531</total>
				<timestamp>268.422627</timestamp>
			</report>
			<report>
				<misses>3632001</misses>
				<total>3612530</total>
				<timestamp>268.494186</timestamp>
			</report>
			<report>
				<misses>3633001</misses>
				<total>3613529</total>
				<timestamp>268.572355</timestamp>
			</report>
			<report>
				<misses>3634001</misses>
				<total>3614528</total>
				<timestamp>268.645116</timestamp>
			</report>
			<report>
				<misses>3635001</misses>
				<total>3615527</total>
				<timestamp>268.716527</timestamp>
			</report>
			<report>
				<misses>3636001</misses>
				<total>3616526</total>
				<timestamp>268.787895</timestamp>
			</report>
			<report>
				<misses>3637001</misses>
				<total>3617525</total>
				<timestamp>268.858122</timestamp>
			</report>
			<report>
				<misses>3638001</misses>
				<total>3618524</total>
				<timestamp>268.928945</timestamp>
			</report>
			<report>
				<misses>3639001</misses>
				<total>3619523</total>
				<timestamp>269.006193</timestamp>
			</report>
			<report>
				<misses>3640001</misses>
				<total>3620522</total>
				<timestamp>269.085655</timestamp>
			</report>
			<report>
				<misses>3641001</misses>
				<total>3621521</total>
				<timestamp>269.157900</timestamp>
			</report>
			<report>
				<misses>3642001</misses>
				<total>3622520</total>
				<timestamp>269.227911</timestamp>
			</report>
			<report>
				<misses>3643001</misses>
				<total>3623519</total>
				<timestamp>269.297952</timestamp>
			</report>
			<report>
				<misses>3644001</misses>
				<total>3624518</total>
				<timestamp>269.370786</timestamp>
			</report>
			<report>
				<misses>3645001</misses>
				<total>3625517</total>
				<timestamp>269.445527</timestamp>
			</report>
			<report>
				<misses>3646001</misses>
				<total>3626516</total>
				<timestamp>269.515569</timestamp>
			</report>
			<report>
				<misses>3647001</misses>
				<total>3627515</total>
				<timestamp>269.598095</timestamp>
			</report>
			<report>
				<misses>3648001</misses>
				<total>3628514</total>
				<timestamp>269.682260</timestamp>
			</report>
			<report>
				<misses>3649001</misses>
				<total>3629513</total>
				<timestamp>269.752835</timestamp>
			</report>
			<report>
				<misses>3650001</misses>
				<total>3630512</total>
				<timestamp>269.823290</timestamp>
			</report>
			<report>
				<misses>3651001</misses>
				<total>3631511</total>
				<timestamp>269.894757</timestamp>
			</report>
			<report>
				<misses>3652001</misses>
				<total>3632510</total>
				<timestamp>269.973440</timestamp>
			</report>
			<report>
				<misses>3653001</misses>
				<total>3633509</total>
				<timestamp>270.051309</timestamp>
			</report>
			<report>
				<misses>3654001</misses>
				<total>3634508</total>
				<timestamp>270.121405</timestamp>
			</report>
			<report>
				<misses>3655001</misses>
				<total>3635507</total>
				<timestamp>270.193860</timestamp>
			</report>
			<report>
				<misses>3656001</misses>
				<total>3636506</total>
				<timestamp>270.266295</timestamp>
			</report>
			<report>
				<misses>3657001</misses>
				<total>3637505</total>
				<timestamp>270.338129</timestamp>
			</report>
			<report>
				<misses>3658001</misses>
				<total>3638504</total>
				<timestamp>270.408831</timestamp>
			</report>
			<report>
				<misses>3659001</misses>
				<total>3639503</total>
				<timestamp>270.481759</timestamp>
			</report>
			<report>
				<misses>3660001</misses>
				<total>3640502</total>
				<timestamp>270.559093</timestamp>
			</report>
			<report>
				<misses>3661001</misses>
				<total>3641501</total>
				<timestamp>270.634358</timestamp>
			</report>
			<report>
				<misses>3662001</misses>
				<total>3642500</total>
				<timestamp>270.715090</timestamp>
			</report>
			<report>
				<misses>3663001</misses>
				<total>3643499</total>
				<timestamp>270.789333</timestamp>
			</report>
			<report>
				<misses>3664001</misses>
				<total>3644498</total>
				<timestamp>270.860250</timestamp>
			</report>
			<report>
				<misses>3665001</misses>
				<total>3645497</total>
				<timestamp>270.943112</timestamp>
			</report>
			<report>
				<misses>3666001</misses>
				<total>3646496</total>
				<timestamp>271.027945</timestamp>
			</report>
			<report>
				<misses>3667001</misses>
				<total>3647495</total>
				<timestamp>271.106790</timestamp>
			</report>
			<report>
				<misses>3668001</misses>
				<total>3648494</total>
				<timestamp>271.187086</timestamp>
			</report>
			<report>
				<misses>3669001</misses>
				<total>3649493</total>
				<timestamp>271.264705</timestamp>
			</report>
			<report>
				<misses>3670001</misses>
				<total>3650492</total>
				<timestamp>271.344214</timestamp>
			</report>
			<report>
				<misses>3671001</misses>
				<total>3651491</total>
				<timestamp>271.416269</timestamp>
			</report>
			<report>
				<misses>3672001</misses>
				<total>3652490</total>
				<timestamp>271.491196</timestamp>
			</report>
			<report>
				<misses>3673001</misses>
				<total>3653489</total>
				<timestamp>271.569569</timestamp>
			</report>
			<report>
				<misses>3674001</misses>
				<total>3654488</total>
				<timestamp>271.645181</timestamp>
			</report>
			<report>
				<misses>3675001</misses>
				<total>3655487</total>
				<timestamp>271.715430</timestamp>
			</report>
			<report>
				<misses>3676001</misses>
				<total>3656486</total>
				<timestamp>271.786370</timestamp>
			</report>
			<report>
				<misses>3677001</misses>
				<total>3657485</total>
				<timestamp>271.856610</timestamp>
			</report>
			<report>
				<misses>3678001</misses>
				<total>3658484</total>
				<timestamp>271.926650</timestamp>
			</report>
			<report>
				<misses>3679001</misses>
				<total>3659483</total>
				<timestamp>271.996698</timestamp>
			</report>
			<report>
				<misses>3680001</misses>
				<total>3660482</total>
				<timestamp>272.066794</timestamp>
			</report>
			<report>
				<misses>3681001</misses>
				<total>3661481</total>
				<timestamp>272.141036</timestamp>
			</report>
			<report>
				<misses>3682001</misses>
				<total>3662480</total>
				<timestamp>272.218860</timestamp>
			</report>
			<report>
				<misses>3683001</misses>
				<total>3663479</total>
				<timestamp>272.291387</timestamp>
			</report>
			<report>
				<misses>3684001</misses>
				<total>3664478</total>
				<timestamp>272.361503</timestamp>
			</report>
			<report>
				<misses>3685001</misses>
				<total>3665477</total>
				<timestamp>272.431607</timestamp>
			</report>
			<report>
				<misses>3686001</misses>
				<total>3666476</total>
				<timestamp>272.501828</timestamp>
			</report>
			<report>
				<misses>3687001</misses>
				<total>3667475</total>
				<timestamp>272.571840</timestamp>
			</report>
			<report>
				<misses>3688001</misses>
				<total>3668474</total>
				<timestamp>272.641933</timestamp>
			</report>
			<report>
				<misses>3689001</misses>
				<total>3669473</total>
				<timestamp>272.712096</timestamp>
			</report>
			<report>
				<misses>3690001</misses>
				<total>3670472</total>
				<timestamp>272.782265</timestamp>
			</report>
			<report>
				<misses>3691001</misses>
				<total>3671471</total>
				<timestamp>272.852309</timestamp>
			</report>
			<report>
				<misses>3692001</misses>
				<total>3672470</total>
				<timestamp>272.929995</timestamp>
			</report>
			<report>
				<misses>3693001</misses>
				<total>3673469</total>
				<timestamp>273.002881</timestamp>
			</report>
			<report>
				<misses>3694001</misses>
				<total>3674468</total>
				<timestamp>273.072881</timestamp>
			</report>
			<report>
				<misses>3695001</misses>
				<total>3675467</total>
				<timestamp>273.142900</timestamp>
			</report>
			<report>
				<misses>3696001</misses>
				<total>3676466</total>
				<timestamp>273.213340</timestamp>
			</report>
			<report>
				<misses>3697001</misses>
				<total>3677465</total>
				<timestamp>273.283351</timestamp>
			</report>
			<report>
				<misses>3698001</misses>
				<total>3678464</total>
				<timestamp>273.354943</timestamp>
			</report>
			<report>
				<misses>3699001</misses>
				<total>3679463</total>
				<timestamp>273.427040</timestamp>
			</report>
			<report>
				<misses>3700001</misses>
				<total>3680462</total>
				<timestamp>273.500156</timestamp>
			</report>
			<report>
				<misses>3701001</misses>
				<total>3681461</total>
				<timestamp>273.578794</timestamp>
			</report>
			<report>
				<misses>3702001</misses>
				<total>3682460</total>
				<timestamp>273.652609</timestamp>
			</report>
			<report>
				<misses>3703001</misses>
				<total>3683459</total>
				<timestamp>273.731412</timestamp>
			</report>
			<report>
				<misses>3704001</misses>
				<total>3684458</total>
				<timestamp>273.801535</timestamp>
			</report>
			<report>
				<misses>3705001</misses>
				<total>3685457</total>
				<timestamp>273.872727</timestamp>
			</report>
			<report>
				<misses>3706001</misses>
				<total>3686456</total>
				<timestamp>273.946701</timestamp>
			</report>
			<report>
				<misses>3707001</misses>
				<total>3687455</total>
				<timestamp>274.017810</timestamp>
			</report>
			<report>
				<misses>3708001</misses>
				<total>3688454</total>
				<timestamp>274.092282</timestamp>
			</report>
			<report>
				<misses>3709001</misses>
				<total>3689453</total>
				<timestamp>274.165239</timestamp>
			</report>
			<report>
				<misses>3710001</misses>
				<total>3690452</total>
				<timestamp>274.238778</timestamp>
			</report>
			<report>
				<misses>3711001</misses>
				<total>3691451</total>
				<timestamp>274.311147</timestamp>
			</report>
			<report>
				<misses>3712001</misses>
				<total>3692450</total>
				<timestamp>274.389647</timestamp>
			</report>
			<report>
				<misses>3713001</misses>
				<total>3693449</total>
				<timestamp>274.464543</timestamp>
			</report>
			<report>
				<misses>3714001</misses>
				<total>3694448</total>
				<timestamp>274.546160</timestamp>
			</report>
			<report>
				<misses>3715001</misses>
				<total>3695447</total>
				<timestamp>274.627468</timestamp>
			</report>
			<report>
				<misses>3716001</misses>
				<total>3696446</total>
				<timestamp>274.704608</timestamp>
			</report>
			<report>
				<misses>3717001</misses>
				<total>3697445</total>
				<timestamp>274.777403</timestamp>
			</report>
			<report>
				<misses>3718001</misses>
				<total>3698444</total>
				<timestamp>274.852789</timestamp>
			</report>
			<report>
				<misses>3719001</misses>
				<total>3699443</total>
				<timestamp>274.935185</timestamp>
			</report>
			<report>
				<misses>3720001</misses>
				<total>3700442</total>
				<timestamp>275.005564</timestamp>
			</report>
			<report>
				<misses>3721001</misses>
				<total>3701441</total>
				<timestamp>275.076576</timestamp>
			</report>
			<report>
				<misses>3722001</misses>
				<total>3702440</total>
				<timestamp>275.154446</timestamp>
			</report>
			<report>
				<misses>3723001</misses>
				<total>3703439</total>
				<timestamp>275.237962</timestamp>
			</report>
			<report>
				<misses>3724001</misses>
				<total>3704438</total>
				<timestamp>275.318805</timestamp>
			</report>
			<report>
				<misses>3725001</misses>
				<total>3705437</total>
				<timestamp>275.393520</timestamp>
			</report>
			<report>
				<misses>3726001</misses>
				<total>3706436</total>
				<timestamp>275.471256</timestamp>
			</report>
			<report>
				<misses>3727001</misses>
				<total>3707435</total>
				<timestamp>275.541263</timestamp>
			</report>
			<report>
				<misses>3728001</misses>
				<total>3708434</total>
				<timestamp>275.613935</timestamp>
			</report>
			<report>
				<misses>3729001</misses>
				<total>3709433</total>
				<timestamp>275.683990</timestamp>
			</report>
			<report>
				<misses>3730001</misses>
				<total>3710432</total>
				<timestamp>275.755077</timestamp>
			</report>
			<report>
				<misses>3731001</misses>
				<total>3711431</total>
				<timestamp>275.825171</timestamp>
			</report>
			<report>
				<misses>3732001</misses>
				<total>3712430</total>
				<timestamp>275.895945</timestamp>
			</report>
			<report>
				<misses>3733001</misses>
				<total>3713429</total>
				<timestamp>275.968147</timestamp>
			</report>
			<report>
				<misses>3734001</misses>
				<total>3714428</total>
				<timestamp>276.042895</timestamp>
			</report>
			<report>
				<misses>3735001</misses>
				<total>3715427</total>
				<timestamp>276.114756</timestamp>
			</report>
			<report>
				<misses>3736001</misses>
				<total>3716426</total>
				<timestamp>276.185218</timestamp>
			</report>
			<report>
				<misses>3737001</misses>
				<total>3717425</total>
				<timestamp>276.256195</timestamp>
			</report>
			<report>
				<misses>3738001</misses>
				<total>3718424</total>
				<timestamp>276.333206</timestamp>
			</report>
			<report>
				<misses>3739001</misses>
				<total>3719423</total>
				<timestamp>276.414157</timestamp>
			</report>
			<report>
				<misses>3740001</misses>
				<total>3720422</total>
				<timestamp>276.484155</timestamp>
			</report>
			<report>
				<misses>3741001</misses>
				<total>3721421</total>
				<timestamp>276.556344</timestamp>
			</report>
			<report>
				<misses>3742001</misses>
				<total>3722420</total>
				<timestamp>276.629623</timestamp>
			</report>
			<report>
				<misses>3743001</misses>
				<total>3723419</total>
				<timestamp>276.703546</timestamp>
			</report>
			<report>
				<misses>3744001</misses>
				<total>3724418</total>
				<timestamp>276.773565</timestamp>
			</report>
			<report>
				<misses>3745001</misses>
				<total>3725417</total>
				<timestamp>276.849962</timestamp>
			</report>
			<report>
				<misses>3746001</misses>
				<total>3726416</total>
				<timestamp>276.923664</timestamp>
			</report>
			<report>
				<misses>3747001</misses>
				<total>3727415</total>
				<timestamp>277.003349</timestamp>
			</report>
			<report>
				<misses>3748001</misses>
				<total>3728414</total>
				<timestamp>277.085023</timestamp>
			</report>
			<report>
				<misses>3749001</misses>
				<total>3729413</total>
				<timestamp>277.158769</timestamp>
			</report>
			<report>
				<misses>3750001</misses>
				<total>3730412</total>
				<timestamp>277.237530</timestamp>
			</report>
			<report>
				<misses>3751001</misses>
				<total>3731411</total>
				<timestamp>277.313132</timestamp>
			</report>
			<report>
				<misses>3752001</misses>
				<total>3732410</total>
				<timestamp>277.391474</timestamp>
			</report>
			<report>
				<misses>3753001</misses>
				<total>3733409</total>
				<timestamp>277.466959</timestamp>
			</report>
			<report>
				<misses>3754001</misses>
				<total>3734408</total>
				<timestamp>277.541819</timestamp>
			</report>
			<report>
				<misses>3755001</misses>
				<total>3735407</total>
				<timestamp>277.615922</timestamp>
			</report>
			<report>
				<misses>3756001</misses>
				<total>3736406</total>
				<timestamp>277.694630</timestamp>
			</report>
			<report>
				<misses>3757001</misses>
				<total>3737405</total>
				<timestamp>277.769992</timestamp>
			</report>
			<report>
				<misses>3758001</misses>
				<total>3738404</total>
				<timestamp>277.842705</timestamp>
			</report>
			<report>
				<misses>3759001</misses>
				<total>3739403</total>
				<timestamp>277.925898</timestamp>
			</report>
			<report>
				<misses>3760001</misses>
				<total>3740402</total>
				<timestamp>278.000121</timestamp>
			</report>
			<report>
				<misses>3761001</misses>
				<total>3741401</total>
				<timestamp>278.079147</timestamp>
			</report>
			<report>
				<misses>3762001</misses>
				<total>3742400</total>
				<timestamp>278.154891</timestamp>
			</report>
			<report>
				<misses>3763001</misses>
				<total>3743399</total>
				<timestamp>278.231838</timestamp>
			</report>
			<report>
				<misses>3764001</misses>
				<total>3744398</total>
				<timestamp>278.316318</timestamp>
			</report>
			<report>
				<misses>3765001</misses>
				<total>3745397</total>
				<timestamp>278.398128</timestamp>
			</report>
			<report>
				<misses>3766001</misses>
				<total>3746396</total>
				<timestamp>278.472096</timestamp>
			</report>
			<report>
				<misses>3767001</misses>
				<total>3747395</total>
				<timestamp>278.546112</timestamp>
			</report>
			<report>
				<misses>3768001</misses>
				<total>3748394</total>
				<timestamp>278.622401</timestamp>
			</report>
			<report>
				<misses>3769001</misses>
				<total>3749393</total>
				<timestamp>278.698183</timestamp>
			</report>
			<report>
				<misses>3770001</misses>
				<total>3750392</total>
				<timestamp>278.772279</timestamp>
			</report>
			<report>
				<misses>3771001</misses>
				<total>3751391</total>
				<timestamp>278.846631</timestamp>
			</report>
			<report>
				<misses>3772001</misses>
				<total>3752390</total>
				<timestamp>278.926034</timestamp>
			</report>
			<report>
				<misses>3773001</misses>
				<total>3753389</total>
				<timestamp>279.000508</timestamp>
			</report>
			<report>
				<misses>3774001</misses>
				<total>3754388</total>
				<timestamp>279.070821</timestamp>
			</report>
			<report>
				<misses>3775001</misses>
				<total>3755387</total>
				<timestamp>279.141117</timestamp>
			</report>
			<report>
				<misses>3776001</misses>
				<total>3756386</total>
				<timestamp>279.215848</timestamp>
			</report>
			<report>
				<misses>3777001</misses>
				<total>3757385</total>
				<timestamp>279.288682</timestamp>
			</report>
			<report>
				<misses>3778001</misses>
				<total>3758384</total>
				<timestamp>279.362141</timestamp>
			</report>
			<report>
				<misses>3779001</misses>
				<total>3759383</total>
				<timestamp>279.437394</timestamp>
			</report>
			<report>
				<misses>3780001</misses>
				<total>3760382</total>
				<timestamp>279.517686</timestamp>
			</report>
			<report>
				<misses>3781001</misses>
				<total>3761381</total>
				<timestamp>279.595200</timestamp>
			</report>
			<report>
				<misses>3782001</misses>
				<total>3762380</total>
				<timestamp>279.668406</timestamp>
			</report>
			<report>
				<misses>3783001</misses>
				<total>3763379</total>
				<timestamp>279.738630</timestamp>
			</report>
			<report>
				<misses>3784001</misses>
				<total>3764378</total>
				<timestamp>279.816733</timestamp>
			</report>
			<report>
				<misses>3785001</misses>
				<total>3765377</total>
				<timestamp>279.891585</timestamp>
			</report>
			<report>
				<misses>3786001</misses>
				<total>3766376</total>
				<timestamp>279.964547</timestamp>
			</report>
			<report>
				<misses>3787001</misses>
				<total>3767375</total>
				<timestamp>280.038643</timestamp>
			</report>
			<report>
				<misses>3788001</misses>
				<total>3768374</total>
				<timestamp>280.110840</timestamp>
			</report>
			<report>
				<misses>3789001</misses>
				<total>3769373</total>
				<timestamp>280.186836</timestamp>
			</report>
			<report>
				<misses>3790001</misses>
				<total>3770372</total>
				<timestamp>280.260121</timestamp>
			</report>
			<report>
				<misses>3791001</misses>
				<total>3771371</total>
				<timestamp>280.336746</timestamp>
			</report>
			<report>
				<misses>3792001</misses>
				<total>3772370</total>
				<timestamp>280.412359</timestamp>
			</report>
			<report>
				<misses>3793001</misses>
				<total>3773369</total>
				<timestamp>280.487217</timestamp>
			</report>
			<report>
				<misses>3794001</misses>
				<total>3774368</total>
				<timestamp>280.560300</timestamp>
			</report>
			<report>
				<misses>3795001</misses>
				<total>3775367</total>
				<timestamp>280.635152</timestamp>
			</report>
			<report>
				<misses>3796001</misses>
				<total>3776366</total>
				<timestamp>280.705208</timestamp>
			</report>
			<report>
				<misses>3797001</misses>
				<total>3777365</total>
				<timestamp>280.775382</timestamp>
			</report>
			<report>
				<misses>3798001</misses>
				<total>3778364</total>
				<timestamp>280.845558</timestamp>
			</report>
			<report>
				<misses>3799001</misses>
				<total>3779363</total>
				<timestamp>280.921306</timestamp>
			</report>
			<report>
				<misses>3800001</misses>
				<total>3780362</total>
				<timestamp>281.000524</timestamp>
			</report>
			<report>
				<misses>3801001</misses>
				<total>3781361</total>
				<timestamp>281.070573</timestamp>
			</report>
			<report>
				<misses>3802001</misses>
				<total>3782360</total>
				<timestamp>281.150363</timestamp>
			</report>
			<report>
				<misses>3803001</misses>
				<total>3783359</total>
				<timestamp>281.221687</timestamp>
			</report>
			<report>
				<misses>3804001</misses>
				<total>3784358</total>
				<timestamp>281.297548</timestamp>
			</report>
			<report>
				<misses>3805001</misses>
				<total>3785357</total>
				<timestamp>281.374170</timestamp>
			</report>
			<report>
				<misses>3806001</misses>
				<total>3786356</total>
				<timestamp>281.448651</timestamp>
			</report>
			<report>
				<misses>3807001</misses>
				<total>3787355</total>
				<timestamp>281.523508</timestamp>
			</report>
			<report>
				<misses>3808001</misses>
				<total>3788354</total>
				<timestamp>281.598998</timestamp>
			</report>
			<report>
				<misses>3809001</misses>
				<total>3789353</total>
				<timestamp>281.670319</timestamp>
			</report>
			<report>
				<misses>3810001</misses>
				<total>3790352</total>
				<timestamp>281.743142</timestamp>
			</report>
			<report>
				<misses>3811001</misses>
				<total>3791351</total>
				<timestamp>281.814208</timestamp>
			</report>
			<report>
				<misses>3812001</misses>
				<total>3792350</total>
				<timestamp>281.886395</timestamp>
			</report>
			<report>
				<misses>3813001</misses>
				<total>3793349</total>
				<timestamp>281.964205</timestamp>
			</report>
			<report>
				<misses>3814001</misses>
				<total>3794348</total>
				<timestamp>282.040967</timestamp>
			</report>
			<report>
				<misses>3815001</misses>
				<total>3795347</total>
				<timestamp>282.115687</timestamp>
			</report>
			<report>
				<misses>3816001</misses>
				<total>3796346</total>
				<timestamp>282.188670</timestamp>
			</report>
			<report>
				<misses>3817001</misses>
				<total>3797345</total>
				<timestamp>282.261944</timestamp>
			</report>
			<report>
				<misses>3818001</misses>
				<total>3798344</total>
				<timestamp>282.336552</timestamp>
			</report>
			<report>
				<misses>3819001</misses>
				<total>3799343</total>
				<timestamp>282.406984</timestamp>
			</report>
			<report>
				<misses>3820001</misses>
				<total>3800342</total>
				<timestamp>282.479354</timestamp>
			</report>
			<report>
				<misses>3821001</misses>
				<total>3801341</total>
				<timestamp>282.556053</timestamp>
			</report>
			<report>
				<misses>3822001</misses>
				<total>3802340</total>
				<timestamp>282.633187</timestamp>
			</report>
			<report>
				<misses>3823001</misses>
				<total>3803339</total>
				<timestamp>282.711991</timestamp>
			</report>
			<report>
				<misses>3824001</misses>
				<total>3804338</total>
				<timestamp>282.783279</timestamp>
			</report>
			<report>
				<misses>3825001</misses>
				<total>3805337</total>
				<timestamp>282.858365</timestamp>
			</report>
			<report>
				<misses>3826001</misses>
				<total>3806336</total>
				<timestamp>282.928373</timestamp>
			</report>
			<report>
				<misses>3827001</misses>
				<total>3807335</total>
				<timestamp>283.001119</timestamp>
			</report>
			<report>
				<misses>3828001</misses>
				<total>3808334</total>
				<timestamp>283.074988</timestamp>
			</report>
			<report>
				<misses>3829001</misses>
				<total>3809333</total>
				<timestamp>283.150225</timestamp>
			</report>
			<report>
				<misses>3830001</misses>
				<total>3810332</total>
				<timestamp>283.222821</timestamp>
			</report>
			<report>
				<misses>3831001</misses>
				<total>3811331</total>
				<timestamp>283.297650</timestamp>
			</report>
			<report>
				<misses>3832001</misses>
				<total>3812330</total>
				<timestamp>283.373218</timestamp>
			</report>
			<report>
				<misses>3833001</misses>
				<total>3813329</total>
				<timestamp>283.451423</timestamp>
			</report>
			<report>
				<misses>3834001</misses>
				<total>3814328</total>
				<timestamp>283.523893</timestamp>
			</report>
			<report>
				<misses>3835001</misses>
				<total>3815327</total>
				<timestamp>283.600455</timestamp>
			</report>
			<report>
				<misses>3836001</misses>
				<total>3816304</total>
				<timestamp>283.674501</timestamp>
			</report>
			<report>
				<misses>3837001</misses>
				<total>3817244</total>
				<timestamp>283.744623</timestamp>
			</report>
			<report>
				<misses>3838001</misses>
				<total>3818243</total>
				<timestamp>283.827109</timestamp>
			</report>
			<report>
				<misses>3839001</misses>
				<total>3819242</total>
				<timestamp>283.897973</timestamp>
			</report>
			<report>
				<misses>3840001</misses>
				<total>3820241</total>
				<timestamp>283.968053</timestamp>
			</report>
			<report>
				<misses>3841001</misses>
				<total>3821240</total>
				<timestamp>284.044945</timestamp>
			</report>
			<report>
				<misses>3842001</misses>
				<total>3822239</total>
				<timestamp>284.122488</timestamp>
			</report>
			<report>
				<misses>3843001</misses>
				<total>3823134</total>
				<timestamp>284.192594</timestamp>
			</report>
			<report>
				<misses>3844001</misses>
				<total>3823712</total>
				<timestamp>284.262646</timestamp>
			</report>
			<report>
				<misses>3845001</misses>
				<total>3824711</total>
				<timestamp>284.338385</timestamp>
			</report>
			<report>
				<misses>3846001</misses>
				<total>3825710</total>
				<timestamp>284.411521</timestamp>
			</report>
			<report>
				<misses>3847001</misses>
				<total>3826709</total>
				<timestamp>284.482371</timestamp>
			</report>
			<report>
				<misses>3848001</misses>
				<total>3827708</total>
				<timestamp>284.552383</timestamp>
			</report>
			<report>
				<misses>3849001</misses>
				<total>3828707</total>
				<timestamp>284.625293</timestamp>
			</report>
			<report>
				<misses>3850001</misses>
				<total>3829706</total>
				<timestamp>284.695404</timestamp>
			</report>
			<report>
				<misses>3851001</misses>
				<total>3830705</total>
				<timestamp>284.765708</timestamp>
			</report>
			<report>
				<misses>3852001</misses>
				<total>3831704</total>
				<timestamp>284.838842</timestamp>
			</report>
			<report>
				<misses>3853001</misses>
				<total>3832703</total>
				<timestamp>284.919142</timestamp>
			</report>
			<report>
				<misses>3854001</misses>
				<total>3833702</total>
				<timestamp>284.999154</timestamp>
			</report>
			<report>
				<misses>3855001</misses>
				<total>3834701</total>
				<timestamp>285.069990</timestamp>
			</report>
			<report>
				<misses>3856001</misses>
				<total>3835700</total>
				<timestamp>285.144140</timestamp>
			</report>
			<report>
				<misses>3857001</misses>
				<total>3836699</total>
				<timestamp>285.218415</timestamp>
			</report>
			<report>
				<misses>3858001</misses>
				<total>3837698</total>
				<timestamp>285.296407</timestamp>
			</report>
			<report>
				<misses>3859001</misses>
				<total>3838697</total>
				<timestamp>285.368457</timestamp>
			</report>
			<report>
				<misses>3860001</misses>
				<total>3839696</total>
				<timestamp>285.444450</timestamp>
			</report>
			<report>
				<misses>3861001</misses>
				<total>3840695</total>
				<timestamp>285.515138</timestamp>
			</report>
			<report>
				<misses>3862001</misses>
				<total>3841694</total>
				<timestamp>285.585814</timestamp>
			</report>
			<report>
				<misses>3863001</misses>
				<total>3842693</total>
				<timestamp>285.656124</timestamp>
			</report>
			<report>
				<misses>3864001</misses>
				<total>3843692</total>
				<timestamp>285.743675</timestamp>
			</report>
			<report>
				<misses>3865001</misses>
				<total>3844691</total>
				<timestamp>285.819737</timestamp>
			</report>
			<report>
				<misses>3866001</misses>
				<total>3845690</total>
				<timestamp>285.889940</timestamp>
			</report>
			<report>
				<misses>3867001</misses>
				<total>3846689</total>
				<timestamp>285.960009</timestamp>
			</report>
			<report>
				<misses>3868001</misses>
				<total>3847688</total>
				<timestamp>286.034878</timestamp>
			</report>
			<report>
				<misses>3869001</misses>
				<total>3848687</total>
				<timestamp>286.108103</timestamp>
			</report>
			<report>
				<misses>3870001</misses>
				<total>3849686</total>
				<timestamp>286.179071</timestamp>
			</report>
			<report>
				<misses>3871001</misses>
				<total>3850685</total>
				<timestamp>286.251269</timestamp>
			</report>
			<report>
				<misses>3872001</misses>
				<total>3851684</total>
				<timestamp>286.325202</timestamp>
			</report>
			<report>
				<misses>3873001</misses>
				<total>3852683</total>
				<timestamp>286.405086</timestamp>
			</report>
			<report>
				<misses>3874001</misses>
				<total>3853682</total>
				<timestamp>286.475224</timestamp>
			</report>
			<report>
				<misses>3875001</misses>
				<total>3854681</total>
				<timestamp>286.545325</timestamp>
			</report>
			<report>
				<misses>3876001</misses>
				<total>3855680</total>
				<timestamp>286.623439</timestamp>
			</report>
			<report>
				<misses>3877001</misses>
				<total>3856679</total>
				<timestamp>286.696020</timestamp>
			</report>
			<report>
				<misses>3878001</misses>
				<total>3857678</total>
				<timestamp>286.766025</timestamp>
			</report>
			<report>
				<misses>3879001</misses>
				<total>3858677</total>
				<timestamp>286.839420</timestamp>
			</report>
			<report>
				<misses>3880001</misses>
				<total>3859676</total>
				<timestamp>286.914875</timestamp>
			</report>
			<report>
				<misses>3881001</misses>
				<total>3860675</total>
				<timestamp>286.990680</timestamp>
			</report>
			<report>
				<misses>3882001</misses>
				<total>3861674</total>
				<timestamp>287.060654</timestamp>
			</report>
			<report>
				<misses>3883001</misses>
				<total>3862673</total>
				<timestamp>287.130670</timestamp>
			</report>
			<report>
				<misses>3884001</misses>
				<total>3863672</total>
				<timestamp>287.218430</timestamp>
			</report>
			<report>
				<misses>3885001</misses>
				<total>3864671</total>
				<timestamp>287.294438</timestamp>
			</report>
			<report>
				<misses>3886001</misses>
				<total>3865670</total>
				<timestamp>287.367495</timestamp>
			</report>
			<report>
				<misses>3887001</misses>
				<total>3866669</total>
				<timestamp>287.441174</timestamp>
			</report>
			<report>
				<misses>3888001</misses>
				<total>3867668</total>
				<timestamp>287.511243</timestamp>
			</report>
			<report>
				<misses>3889001</misses>
				<total>3868667</total>
				<timestamp>287.585726</timestamp>
			</report>
			<report>
				<misses>3890001</misses>
				<total>3869666</total>
				<timestamp>287.660150</timestamp>
			</report>
			<report>
				<misses>3891001</misses>
				<total>3870665</total>
				<timestamp>287.730128</timestamp>
			</report>
			<report>
				<misses>3892001</misses>
				<total>3871664</total>
				<timestamp>287.800132</timestamp>
			</report>
			<report>
				<misses>3893001</misses>
				<total>3872663</total>
				<timestamp>287.878116</timestamp>
			</report>
			<report>
				<misses>3894001</misses>
				<total>3873662</total>
				<timestamp>287.950598</timestamp>
			</report>
			<report>
				<misses>3895001</misses>
				<total>3874661</total>
				<timestamp>288.031210</timestamp>
			</report>
			<report>
				<misses>3896001</misses>
				<total>3875660</total>
				<timestamp>288.109812</timestamp>
			</report>
			<report>
				<misses>3897001</misses>
				<total>3876659</total>
				<timestamp>288.181760</timestamp>
			</report>
			<report>
				<misses>3898001</misses>
				<total>3877658</total>
				<timestamp>288.259902</timestamp>
			</report>
			<report>
				<misses>3899001</misses>
				<total>3878657</total>
				<timestamp>288.334632</timestamp>
			</report>
			<report>
				<misses>3900001</misses>
				<total>3879656</total>
				<timestamp>288.407972</timestamp>
			</report>
			<report>
				<misses>3901001</misses>
				<total>3880655</total>
				<timestamp>288.483456</timestamp>
			</report>
			<report>
				<misses>3902001</misses>
				<total>3881654</total>
				<timestamp>288.559703</timestamp>
			</report>
			<report>
				<misses>3903001</misses>
				<total>3882653</total>
				<timestamp>288.636606</timestamp>
			</report>
			<report>
				<misses>3904001</misses>
				<total>3883652</total>
				<timestamp>288.713000</timestamp>
			</report>
			<report>
				<misses>3905001</misses>
				<total>3884651</total>
				<timestamp>288.790142</timestamp>
			</report>
			<report>
				<misses>3906001</misses>
				<total>3885650</total>
				<timestamp>288.865916</timestamp>
			</report>
			<report>
				<misses>3907001</misses>
				<total>3886649</total>
				<timestamp>288.936094</timestamp>
			</report>
			<report>
				<misses>3908001</misses>
				<total>3887648</total>
				<timestamp>289.007416</timestamp>
			</report>
			<report>
				<misses>3909001</misses>
				<total>3888647</total>
				<timestamp>289.085177</timestamp>
			</report>
			<report>
				<misses>3910001</misses>
				<total>3889646</total>
				<timestamp>289.163886</timestamp>
			</report>
			<report>
				<misses>3911001</misses>
				<total>3890645</total>
				<timestamp>289.235722</timestamp>
			</report>
			<report>
				<misses>3912001</misses>
				<total>3891644</total>
				<timestamp>289.307493</timestamp>
			</report>
			<report>
				<misses>3913001</misses>
				<total>3892643</total>
				<timestamp>289.385426</timestamp>
			</report>
			<report>
				<misses>3914001</misses>
				<total>3893642</total>
				<timestamp>289.462502</timestamp>
			</report>
			<report>
				<misses>3915001</misses>
				<total>3894641</total>
				<timestamp>289.537636</timestamp>
			</report>
			<report>
				<misses>3916001</misses>
				<total>3895640</total>
				<timestamp>289.615780</timestamp>
			</report>
			<report>
				<misses>3917001</misses>
				<total>3896639</total>
				<timestamp>289.686596</timestamp>
			</report>
			<report>
				<misses>3918001</misses>
				<total>3897638</total>
				<timestamp>289.756658</timestamp>
			</report>
			<report>
				<misses>3919001</misses>
				<total>3898637</total>
				<timestamp>289.826776</timestamp>
			</report>
			<report>
				<misses>3920001</misses>
				<total>3899636</total>
				<timestamp>289.896767</timestamp>
			</report>
			<report>
				<misses>3921001</misses>
				<total>3900635</total>
				<timestamp>289.966847</timestamp>
			</report>
			<report>
				<misses>3922001</misses>
				<total>3901634</total>
				<timestamp>290.036994</timestamp>
			</report>
			<report>
				<misses>3923001</misses>
				<total>3902633</total>
				<timestamp>290.107125</timestamp>
			</report>
			<report>
				<misses>3924001</misses>
				<total>3903632</total>
				<timestamp>290.177132</timestamp>
			</report>
			<report>
				<misses>3925001</misses>
				<total>3904631</total>
				<timestamp>290.247334</timestamp>
			</report>
			<report>
				<misses>3926001</misses>
				<total>3905630</total>
				<timestamp>290.319514</timestamp>
			</report>
			<report>
				<misses>3927001</misses>
				<total>3906629</total>
				<timestamp>290.389569</timestamp>
			</report>
			<report>
				<misses>3928001</misses>
				<total>3907628</total>
				<timestamp>290.459647</timestamp>
			</report>
			<report>
				<misses>3929001</misses>
				<total>3908627</total>
				<timestamp>290.529643</timestamp>
			</report>
			<report>
				<misses>3930001</misses>
				<total>3909626</total>
				<timestamp>290.599697</timestamp>
			</report>
			<report>
				<misses>3931001</misses>
				<total>3910625</total>
				<timestamp>290.669842</timestamp>
			</report>
			<report>
				<misses>3932001</misses>
				<total>3911624</total>
				<timestamp>290.739855</timestamp>
			</report>
			<report>
				<misses>3933001</misses>
				<total>3912623</total>
				<timestamp>290.809880</timestamp>
			</report>
			<report>
				<misses>3934001</misses>
				<total>3913622</total>
				<timestamp>290.883822</timestamp>
			</report>
			<report>
				<misses>3935001</misses>
				<total>3914621</total>
				<timestamp>290.969249</timestamp>
			</report>
			<report>
				<misses>3936001</misses>
				<total>3915620</total>
				<timestamp>291.045504</timestamp>
			</report>
			<report>
				<misses>3937001</misses>
				<total>3916619</total>
				<timestamp>291.117662</timestamp>
			</report>
			<report>
				<misses>3938001</misses>
				<total>3917618</total>
				<timestamp>291.189563</timestamp>
			</report>
			<report>
				<misses>3939001</misses>
				<total>3918617</total>
				<timestamp>291.259708</timestamp>
			</report>
			<report>
				<misses>3940001</misses>
				<total>3919616</total>
				<timestamp>291.331783</timestamp>
			</report>
			<report>
				<misses>3941001</misses>
				<total>3920615</total>
				<timestamp>291.404455</timestamp>
			</report>
			<report>
				<misses>3942001</misses>
				<total>3921614</total>
				<timestamp>291.479091</timestamp>
			</report>
			<report>
				<misses>3943001</misses>
				<total>3922613</total>
				<timestamp>291.551588</timestamp>
			</report>
			<report>
				<misses>3944001</misses>
				<total>3923612</total>
				<timestamp>291.621730</timestamp>
			</report>
			<report>
				<misses>3945001</misses>
				<total>3924611</total>
				<timestamp>291.693432</timestamp>
			</report>
			<report>
				<misses>3946001</misses>
				<total>3925610</total>
				<timestamp>291.769738</timestamp>
			</report>
			<report>
				<misses>3947001</misses>
				<total>3926609</total>
				<timestamp>291.848862</timestamp>
			</report>
			<report>
				<misses>3948001</misses>
				<total>3927608</total>
				<timestamp>291.920053</timestamp>
			</report>
			<report>
				<misses>3949001</misses>
				<total>3928607</total>
				<timestamp>291.992713</timestamp>
			</report>
			<report>
				<misses>3950001</misses>
				<total>3929606</total>
				<timestamp>292.073045</timestamp>
			</report>
			<report>
				<misses>3951001</misses>
				<total>3930605</total>
				<timestamp>292.148184</timestamp>
			</report>
			<report>
				<misses>3952001</misses>
				<total>3931604</total>
				<timestamp>292.220290</timestamp>
			</report>
			<report>
				<misses>3953001</misses>
				<total>3932603</total>
				<timestamp>292.290676</timestamp>
			</report>
			<report>
				<misses>3954001</misses>
				<total>3933602</total>
				<timestamp>292.360715</timestamp>
			</report>
			<report>
				<misses>3955001</misses>
				<total>3934601</total>
				<timestamp>292.430828</timestamp>
			</report>
			<report>
				<misses>3956001</misses>
				<total>3935600</total>
				<timestamp>292.503003</timestamp>
			</report>
			<report>
				<misses>3957001</misses>
				<total>3936599</total>
				<timestamp>292.575044</timestamp>
			</report>
			<report>
				<misses>3958001</misses>
				<total>3937598</total>
				<timestamp>292.649430</timestamp>
			</report>
			<report>
				<misses>3959001</misses>
				<total>3938597</total>
				<timestamp>292.721596</timestamp>
			</report>
			<report>
				<misses>3960001</misses>
				<total>3939596</total>
				<timestamp>292.791937</timestamp>
			</report>
			<report>
				<misses>3961001</misses>
				<total>3940595</total>
				<timestamp>292.863021</timestamp>
			</report>
			<report>
				<misses>3962001</misses>
				<total>3941594</total>
				<timestamp>292.937647</timestamp>
			</report>
			<report>
				<misses>3963001</misses>
				<total>3942593</total>
				<timestamp>293.008604</timestamp>
			</report>
			<report>
				<misses>3964001</misses>
				<total>3943592</total>
				<timestamp>293.079556</timestamp>
			</report>
			<report>
				<misses>3965001</misses>
				<total>3944591</total>
				<timestamp>293.149613</timestamp>
			</report>
			<report>
				<misses>3966001</misses>
				<total>3945590</total>
				<timestamp>293.219608</timestamp>
			</report>
			<report>
				<misses>3967001</misses>
				<total>3946589</total>
				<timestamp>293.294788</timestamp>
			</report>
			<report>
				<misses>3968001</misses>
				<total>3947588</total>
				<timestamp>293.365245</timestamp>
			</report>
			<report>
				<misses>3969001</misses>
				<total>3948587</total>
				<timestamp>293.435322</timestamp>
			</report>
			<report>
				<misses>3970001</misses>
				<total>3949586</total>
				<timestamp>293.507366</timestamp>
			</report>
			<report>
				<misses>3971001</misses>
				<total>3950585</total>
				<timestamp>293.577564</timestamp>
			</report>
			<report>
				<misses>3972001</misses>
				<total>3951584</total>
				<timestamp>293.655707</timestamp>
			</report>
			<report>
				<misses>3973001</misses>
				<total>3952583</total>
				<timestamp>293.726198</timestamp>
			</report>
			<report>
				<misses>3974001</misses>
				<total>3953582</total>
				<timestamp>293.796197</timestamp>
			</report>
			<report>
				<misses>3975001</misses>
				<total>3954581</total>
				<timestamp>293.876967</timestamp>
			</report>
			<report>
				<misses>3976001</misses>
				<total>3955580</total>
				<timestamp>293.947017</timestamp>
			</report>
			<report>
				<misses>3977001</misses>
				<total>3956579</total>
				<timestamp>294.023315</timestamp>
			</report>
			<report>
				<misses>3978001</misses>
				<total>3957578</total>
				<timestamp>294.096862</timestamp>
			</report>
			<report>
				<misses>3979001</misses>
				<total>3958577</total>
				<timestamp>294.167066</timestamp>
			</report>
			<report>
				<misses>3980001</misses>
				<total>3959576</total>
				<timestamp>294.245674</timestamp>
			</report>
			<report>
				<misses>3981001</misses>
				<total>3960575</total>
				<timestamp>294.317151</timestamp>
			</report>
			<report>
				<misses>3982001</misses>
				<total>3961574</total>
				<timestamp>294.389029</timestamp>
			</report>
			<report>
				<misses>3983001</misses>
				<total>3962573</total>
				<timestamp>294.463634</timestamp>
			</report>
			<report>
				<misses>3984001</misses>
				<total>3963572</total>
				<timestamp>294.536603</timestamp>
			</report>
			<report>
				<misses>3985001</misses>
				<total>3964571</total>
				<timestamp>294.606770</timestamp>
			</report>
			<report>
				<misses>3986001</misses>
				<total>3965570</total>
				<timestamp>294.679098</timestamp>
			</report>
			<report>
				<misses>3987001</misses>
				<total>3966569</total>
				<timestamp>294.761030</timestamp>
			</report>
			<report>
				<misses>3988001</misses>
				<total>3967568</total>
				<timestamp>294.836016</timestamp>
			</report>
			<report>
				<misses>3989001</misses>
				<total>3968567</total>
				<timestamp>294.910741</timestamp>
			</report>
			<report>
				<misses>3990001</misses>
				<total>3969566</total>
				<timestamp>294.986616</timestamp>
			</report>
			<report>
				<misses>3991001</misses>
				<total>3970565</total>
				<timestamp>295.062618</timestamp>
			</report>
			<report>
				<misses>3992001</misses>
				<total>3971564</total>
				<timestamp>295.138377</timestamp>
			</report>
			<report>
				<misses>3993001</misses>
				<total>3972563</total>
				<timestamp>295.216144</timestamp>
			</report>
			<report>
				<misses>3994001</misses>
				<total>3973562</total>
				<timestamp>295.286696</timestamp>
			</report>
			<report>
				<misses>3995001</misses>
				<total>3974561</total>
				<timestamp>295.368125</timestamp>
			</report>
			<report>
				<misses>3996001</misses>
				<total>3975560</total>
				<timestamp>295.445311</timestamp>
			</report>
			<report>
				<misses>3997001</misses>
				<total>3976559</total>
				<timestamp>295.516247</timestamp>
			</report>
			<report>
				<misses>3998001</misses>
				<total>3977558</total>
				<timestamp>295.586680</timestamp>
			</report>
			<report>
				<misses>3999001</misses>
				<total>3978557</total>
				<timestamp>295.659000</timestamp>
			</report>
			<report>
				<misses>4000001</misses>
				<total>3979556</total>
				<timestamp>295.729444</timestamp>
			</report>
			<report>
				<misses>4001001</misses>
				<total>3980555</total>
				<timestamp>295.804851</timestamp>
			</report>
			<report>
				<misses>4002001</misses>
				<total>3981554</total>
				<timestamp>295.876663</timestamp>
			</report>
			<report>
				<misses>4003001</misses>
				<total>3982553</total>
				<timestamp>295.947257</timestamp>
			</report>
			<report>
				<misses>4004001</misses>
				<total>3983552</total>
				<timestamp>296.022767</timestamp>
			</report>
			<report>
				<misses>4005001</misses>
				<total>3984551</total>
				<timestamp>296.094139</timestamp>
			</report>
			<report>
				<misses>4006001</misses>
				<total>3985550</total>
				<timestamp>296.177726</timestamp>
			</report>
			<report>
				<misses>4007001</misses>
				<total>3986549</total>
				<timestamp>296.247964</timestamp>
			</report>
			<report>
				<misses>4008001</misses>
				<total>3987548</total>
				<timestamp>296.318896</timestamp>
			</report>
			<report>
				<misses>4009001</misses>
				<total>3988547</total>
				<timestamp>296.390947</timestamp>
			</report>
			<report>
				<misses>4010001</misses>
				<total>3989546</total>
				<timestamp>296.467899</timestamp>
			</report>
			<report>
				<misses>4011001</misses>
				<total>3990545</total>
				<timestamp>296.551036</timestamp>
			</report>
			<report>
				<misses>4012001</misses>
				<total>3991544</total>
				<timestamp>296.623139</timestamp>
			</report>
			<report>
				<misses>4013001</misses>
				<total>3992543</total>
				<timestamp>296.694643</timestamp>
			</report>
			<report>
				<misses>4014001</misses>
				<total>3993542</total>
				<timestamp>296.766726</timestamp>
			</report>
			<report>
				<misses>4015001</misses>
				<total>3994541</total>
				<timestamp>296.836963</timestamp>
			</report>
			<report>
				<misses>4016001</misses>
				<total>3995540</total>
				<timestamp>296.907469</timestamp>
			</report>
			<report>
				<misses>4017001</misses>
				<total>3996539</total>
				<timestamp>296.985844</timestamp>
			</report>
			<report>
				<misses>4018001</misses>
				<total>3997538</total>
				<timestamp>297.056656</timestamp>
			</report>
			<report>
				<misses>4019001</misses>
				<total>3998537</total>
				<timestamp>297.129023</timestamp>
			</report>
			<report>
				<misses>4020001</misses>
				<total>3999536</total>
				<timestamp>297.207283</timestamp>
			</report>
			<report>
				<misses>4021001</misses>
				<total>4000535</total>
				<timestamp>297.284837</timestamp>
			</report>
			<report>
				<misses>4022001</misses>
				<total>4001534</total>
				<timestamp>297.357948</timestamp>
			</report>
			<report>
				<misses>4023001</misses>
				<total>4002533</total>
				<timestamp>297.428102</timestamp>
			</report>
			<report>
				<misses>4024001</misses>
				<total>4003532</total>
				<timestamp>297.499713</timestamp>
			</report>
			<report>
				<misses>4025001</misses>
				<total>4004531</total>
				<timestamp>297.576960</timestamp>
			</report>
			<report>
				<misses>4026001</misses>
				<total>4005530</total>
				<timestamp>297.647162</timestamp>
			</report>
			<report>
				<misses>4027001</misses>
				<total>4006529</total>
				<timestamp>297.717924</timestamp>
			</report>
			<report>
				<misses>4028001</misses>
				<total>4007528</total>
				<timestamp>297.789964</timestamp>
			</report>
			<report>
				<misses>4029001</misses>
				<total>4008527</total>
				<timestamp>297.863087</timestamp>
			</report>
			<report>
				<misses>4030001</misses>
				<total>4009526</total>
				<timestamp>297.933979</timestamp>
			</report>
			<report>
				<misses>4031001</misses>
				<total>4010525</total>
				<timestamp>298.007848</timestamp>
			</report>
			<report>
				<misses>4032001</misses>
				<total>4011524</total>
				<timestamp>298.078044</timestamp>
			</report>
			<report>
				<misses>4033001</misses>
				<total>4012523</total>
				<timestamp>298.148290</timestamp>
			</report>
			<report>
				<misses>4034001</misses>
				<total>4013522</total>
				<timestamp>298.220389</timestamp>
			</report>
			<report>
				<misses>4035001</misses>
				<total>4014521</total>
				<timestamp>298.291035</timestamp>
			</report>
			<report>
				<misses>4036001</misses>
				<total>4015520</total>
				<timestamp>298.362172</timestamp>
			</report>
			<report>
				<misses>4037001</misses>
				<total>4016519</total>
				<timestamp>298.435568</timestamp>
			</report>
			<report>
				<misses>4038001</misses>
				<total>4017518</total>
				<timestamp>298.509188</timestamp>
			</report>
			<report>
				<misses>4039001</misses>
				<total>4018517</total>
				<timestamp>298.590146</timestamp>
			</report>
			<report>
				<misses>4040001</misses>
				<total>4019516</total>
				<timestamp>298.674833</timestamp>
			</report>
			<report>
				<misses>4041001</misses>
				<total>4020515</total>
				<timestamp>298.747522</timestamp>
			</report>
			<report>
				<misses>4042001</misses>
				<total>4021514</total>
				<timestamp>298.823884</timestamp>
			</report>
			<report>
				<misses>4043001</misses>
				<total>4022513</total>
				<timestamp>298.895095</timestamp>
			</report>
			<report>
				<misses>4044001</misses>
				<total>4023512</total>
				<timestamp>298.972819</timestamp>
			</report>
			<report>
				<misses>4045001</misses>
				<total>4024511</total>
				<timestamp>299.052130</timestamp>
			</report>
			<report>
				<misses>4046001</misses>
				<total>4025510</total>
				<timestamp>299.126126</timestamp>
			</report>
			<report>
				<misses>4047001</misses>
				<total>4026509</total>
				<timestamp>299.198577</timestamp>
			</report>
			<report>
				<misses>4048001</misses>
				<total>4027508</total>
				<timestamp>299.269098</timestamp>
			</report>
			<report>
				<misses>4049001</misses>
				<total>4028507</total>
				<timestamp>299.339078</timestamp>
			</report>
			<report>
				<misses>4050001</misses>
				<total>4029506</total>
				<timestamp>299.409111</timestamp>
			</report>
			<report>
				<misses>4051001</misses>
				<total>4030505</total>
				<timestamp>299.479283</timestamp>
			</report>
			<report>
				<misses>4052001</misses>
				<total>4031504</total>
				<timestamp>299.549328</timestamp>
			</report>
			<report>
				<misses>4053001</misses>
				<total>4032503</total>
				<timestamp>299.619383</timestamp>
			</report>
			<report>
				<misses>4054001</misses>
				<total>4033502</total>
				<timestamp>299.689381</timestamp>
			</report>
			<report>
				<misses>4055001</misses>
				<total>4034501</total>
				<timestamp>299.759499</timestamp>
			</report>
			<report>
				<misses>4056001</misses>
				<total>4035500</total>
				<timestamp>299.829689</timestamp>
			</report>
			<report>
				<misses>4057001</misses>
				<total>4036499</total>
				<timestamp>299.904026</timestamp>
			</report>
			<report>
				<misses>4058001</misses>
				<total>4037498</total>
				<timestamp>299.974042</timestamp>
			</report>
			<report>
				<misses>4059001</misses>
				<total>4038497</total>
				<timestamp>300.047347</timestamp>
			</report>
			<report>
				<misses>4060001</misses>
				<total>4039496</total>
				<timestamp>300.118968</timestamp>
			</report>
			<report>
				<misses>4061001</misses>
				<total>4040495</total>
				<timestamp>300.188932</timestamp>
			</report>
			<report>
				<misses>4062001</misses>
				<total>4041494</total>
				<timestamp>300.263647</timestamp>
			</report>
			<report>
				<misses>4063001</misses>
				<total>4042493</total>
				<timestamp>300.336109</timestamp>
			</report>
			<report>
				<misses>4064001</misses>
				<total>4043492</total>
				<timestamp>300.407005</timestamp>
			</report>
			<report>
				<misses>4065001</misses>
				<total>4044491</total>
				<timestamp>300.477143</timestamp>
			</report>
			<report>
				<misses>4066001</misses>
				<total>4045490</total>
				<timestamp>300.547133</timestamp>
			</report>
			<report>
				<misses>4067001</misses>
				<total>4046489</total>
				<timestamp>300.617174</timestamp>
			</report>
			<report>
				<misses>4068001</misses>
				<total>4047488</total>
				<timestamp>300.690749</timestamp>
			</report>
			<report>
				<misses>4069001</misses>
				<total>4048487</total>
				<timestamp>300.762975</timestamp>
			</report>
			<report>
				<misses>4070001</misses>
				<total>4049486</total>
				<timestamp>300.835697</timestamp>
			</report>
			<report>
				<misses>4071001</misses>
				<total>4050485</total>
				<timestamp>300.907963</timestamp>
			</report>
			<report>
				<misses>4072001</misses>
				<total>4051484</total>
				<timestamp>300.983706</timestamp>
			</report>
			<report>
				<misses>4073001</misses>
				<total>4052483</total>
				<timestamp>301.057240</timestamp>
			</report>
			<report>
				<misses>4074001</misses>
				<total>4053482</total>
				<timestamp>301.131926</timestamp>
			</report>
			<report>
				<misses>4075001</misses>
				<total>4054481</total>
				<timestamp>301.202607</timestamp>
			</report>
			<report>
				<misses>4076001</misses>
				<total>4055480</total>
				<timestamp>301.275444</timestamp>
			</report>
			<report>
				<misses>4077001</misses>
				<total>4056479</total>
				<timestamp>301.350292</timestamp>
			</report>
			<report>
				<misses>4078001</misses>
				<total>4057478</total>
				<timestamp>301.426077</timestamp>
			</report>
			<report>
				<misses>4079001</misses>
				<total>4058477</total>
				<timestamp>301.504335</timestamp>
			</report>
			<report>
				<misses>4080001</misses>
				<total>4059476</total>
				<timestamp>301.576497</timestamp>
			</report>
			<report>
				<misses>4081001</misses>
				<total>4060475</total>
				<timestamp>301.650516</timestamp>
			</report>
			<report>
				<misses>4082001</misses>
				<total>4061474</total>
				<timestamp>301.722127</timestamp>
			</report>
			<report>
				<misses>4083001</misses>
				<total>4062473</total>
				<timestamp>301.796199</timestamp>
			</report>
			<report>
				<misses>4084001</misses>
				<total>4063472</total>
				<timestamp>301.877776</timestamp>
			</report>
			<report>
				<misses>4085001</misses>
				<total>4064471</total>
				<timestamp>301.960504</timestamp>
			</report>
			<report>
				<misses>4086001</misses>
				<total>4065470</total>
				<timestamp>302.030836</timestamp>
			</report>
			<report>
				<misses>4087001</misses>
				<total>4066469</total>
				<timestamp>302.100901</timestamp>
			</report>
			<report>
				<misses>4088001</misses>
				<total>4067468</total>
				<timestamp>302.173645</timestamp>
			</report>
			<report>
				<misses>4089001</misses>
				<total>4068467</total>
				<timestamp>302.253380</timestamp>
			</report>
			<report>
				<misses>4090001</misses>
				<total>4069466</total>
				<timestamp>302.326213</timestamp>
			</report>
			<report>
				<misses>4091001</misses>
				<total>4070465</total>
				<timestamp>302.396435</timestamp>
			</report>
			<report>
				<misses>4092001</misses>
				<total>4071464</total>
				<timestamp>302.475539</timestamp>
			</report>
			<report>
				<misses>4093001</misses>
				<total>4072463</total>
				<timestamp>302.550642</timestamp>
			</report>
			<report>
				<misses>4094001</misses>
				<total>4073462</total>
				<timestamp>302.622947</timestamp>
			</report>
			<report>
				<misses>4095001</misses>
				<total>4074461</total>
				<timestamp>302.693327</timestamp>
			</report>
			<report>
				<misses>4096001</misses>
				<total>4075460</total>
				<timestamp>302.765949</timestamp>
			</report>
			<report>
				<misses>4097001</misses>
				<total>4076459</total>
				<timestamp>302.842957</timestamp>
			</report>
			<report>
				<misses>4098001</misses>
				<total>4077458</total>
				<timestamp>302.914775</timestamp>
			</report>
			<report>
				<misses>4099001</misses>
				<total>4078457</total>
				<timestamp>302.992857</timestamp>
			</report>
			<report>
				<misses>4100001</misses>
				<total>4079456</total>
				<timestamp>303.064918</timestamp>
			</report>
			<report>
				<misses>4101001</misses>
				<total>4080455</total>
				<timestamp>303.141019</timestamp>
			</report>
			<report>
				<misses>4102001</misses>
				<total>4081454</total>
				<timestamp>303.213134</timestamp>
			</report>
			<report>
				<misses>4103001</misses>
				<total>4082453</total>
				<timestamp>303.290020</timestamp>
			</report>
			<report>
				<misses>4104001</misses>
				<total>4083452</total>
				<timestamp>303.368080</timestamp>
			</report>
			<report>
				<misses>4105001</misses>
				<total>4084451</total>
				<timestamp>303.438212</timestamp>
			</report>
			<report>
				<misses>4106001</misses>
				<total>4085450</total>
				<timestamp>303.514463</timestamp>
			</report>
			<report>
				<misses>4107001</misses>
				<total>4086449</total>
				<timestamp>303.595890</timestamp>
			</report>
			<report>
				<misses>4108001</misses>
				<total>4087448</total>
				<timestamp>303.666926</timestamp>
			</report>
			<report>
				<misses>4109001</misses>
				<total>4088447</total>
				<timestamp>303.740506</timestamp>
			</report>
			<report>
				<misses>4110001</misses>
				<total>4089446</total>
				<timestamp>303.811825</timestamp>
			</report>
			<report>
				<misses>4111001</misses>
				<total>4090445</total>
				<timestamp>303.882637</timestamp>
			</report>
			<report>
				<misses>4112001</misses>
				<total>4091444</total>
				<timestamp>303.956776</timestamp>
			</report>
			<report>
				<misses>4113001</misses>
				<total>4092443</total>
				<timestamp>304.029927</timestamp>
			</report>
			<report>
				<misses>4114001</misses>
				<total>4093442</total>
				<timestamp>304.105816</timestamp>
			</report>
			<report>
				<misses>4115001</misses>
				<total>4094441</total>
				<timestamp>304.177652</timestamp>
			</report>
			<report>
				<misses>4116001</misses>
				<total>4095440</total>
				<timestamp>304.250034</timestamp>
			</report>
			<report>
				<misses>4117001</misses>
				<total>4096439</total>
				<timestamp>304.321122</timestamp>
			</report>
			<report>
				<misses>4118001</misses>
				<total>4097438</total>
				<timestamp>304.391093</timestamp>
			</report>
			<report>
				<misses>4119001</misses>
				<total>4098437</total>
				<timestamp>304.461103</timestamp>
			</report>
			<report>
				<misses>4120001</misses>
				<total>4099436</total>
				<timestamp>304.531406</timestamp>
			</report>
			<report>
				<misses>4121001</misses>
				<total>4100435</total>
				<timestamp>304.601587</timestamp>
			</report>
			<report>
				<misses>4122001</misses>
				<total>4101434</total>
				<timestamp>304.671638</timestamp>
			</report>
			<report>
				<misses>4123001</misses>
				<total>4102433</total>
				<timestamp>304.743929</timestamp>
			</report>
			<report>
				<misses>4124001</misses>
				<total>4103432</total>
				<timestamp>304.814019</timestamp>
			</report>
			<report>
				<misses>4125001</misses>
				<total>4104431</total>
				<timestamp>304.891733</timestamp>
			</report>
			<report>
				<misses>4126001</misses>
				<total>4105430</total>
				<timestamp>304.965084</timestamp>
			</report>
			<report>
				<misses>4127001</misses>
				<total>4106429</total>
				<timestamp>305.039657</timestamp>
			</report>
			<report>
				<misses>4128001</misses>
				<total>4107428</total>
				<timestamp>305.115860</timestamp>
			</report>
			<report>
				<misses>4129001</misses>
				<total>4108427</total>
				<timestamp>305.190365</timestamp>
			</report>
			<report>
				<misses>4130001</misses>
				<total>4109426</total>
				<timestamp>305.262767</timestamp>
			</report>
			<report>
				<misses>4131001</misses>
				<total>4110425</total>
				<timestamp>305.335819</timestamp>
			</report>
			<report>
				<misses>4132001</misses>
				<total>4111424</total>
				<timestamp>305.408061</timestamp>
			</report>
			<report>
				<misses>4133001</misses>
				<total>4112423</total>
				<timestamp>305.480948</timestamp>
			</report>
			<report>
				<misses>4134001</misses>
				<total>4113422</total>
				<timestamp>305.557634</timestamp>
			</report>
			<report>
				<misses>4135001</misses>
				<total>4114421</total>
				<timestamp>305.634498</timestamp>
			</report>
			<report>
				<misses>4136001</misses>
				<total>4115420</total>
				<timestamp>305.707926</timestamp>
			</report>
			<report>
				<misses>4137001</misses>
				<total>4116419</total>
				<timestamp>305.784784</timestamp>
			</report>
			<report>
				<misses>4138001</misses>
				<total>4117418</total>
				<timestamp>305.862298</timestamp>
			</report>
			<report>
				<misses>4139001</misses>
				<total>4118417</total>
				<timestamp>305.934491</timestamp>
			</report>
			<report>
				<misses>4140001</misses>
				<total>4119416</total>
				<timestamp>306.005221</timestamp>
			</report>
			<report>
				<misses>4141001</misses>
				<total>4120415</total>
				<timestamp>306.076292</timestamp>
			</report>
			<report>
				<misses>4142001</misses>
				<total>4121414</total>
				<timestamp>306.148335</timestamp>
			</report>
			<report>
				<misses>4143001</misses>
				<total>4122413</total>
				<timestamp>306.225567</timestamp>
			</report>
			<report>
				<misses>4144001</misses>
				<total>4123412</total>
				<timestamp>306.295745</timestamp>
			</report>
			<report>
				<misses>4145001</misses>
				<total>4124411</total>
				<timestamp>306.365790</timestamp>
			</report>
			<report>
				<misses>4146001</misses>
				<total>4125410</total>
				<timestamp>306.438797</timestamp>
			</report>
			<report>
				<misses>4147001</misses>
				<total>4126409</total>
				<timestamp>306.513556</timestamp>
			</report>
			<report>
				<misses>4148001</misses>
				<total>4127408</total>
				<timestamp>306.583896</timestamp>
			</report>
			<report>
				<misses>4149001</misses>
				<total>4128407</total>
				<timestamp>306.653985</timestamp>
			</report>
			<report>
				<misses>4150001</misses>
				<total>4129406</total>
				<timestamp>306.724065</timestamp>
			</report>
			<report>
				<misses>4151001</misses>
				<total>4130405</total>
				<timestamp>306.794237</timestamp>
			</report>
			<report>
				<misses>4152001</misses>
				<total>4131404</total>
				<timestamp>306.870072</timestamp>
			</report>
			<report>
				<misses>4153001</misses>
				<total>4132403</total>
				<timestamp>306.942133</timestamp>
			</report>
			<report>
				<misses>4154001</misses>
				<total>4133402</total>
				<timestamp>307.018069</timestamp>
			</report>
			<report>
				<misses>4155001</misses>
				<total>4134401</total>
				<timestamp>307.090642</timestamp>
			</report>
			<report>
				<misses>4156001</misses>
				<total>4135400</total>
				<timestamp>307.160676</timestamp>
			</report>
			<report>
				<misses>4157001</misses>
				<total>4136399</total>
				<timestamp>307.230828</timestamp>
			</report>
			<report>
				<misses>4158001</misses>
				<total>4137398</total>
				<timestamp>307.303911</timestamp>
			</report>
			<report>
				<misses>4159001</misses>
				<total>4138397</total>
				<timestamp>307.378564</timestamp>
			</report>
			<report>
				<misses>4160001</misses>
				<total>4139396</total>
				<timestamp>307.452760</timestamp>
			</report>
			<report>
				<misses>4161001</misses>
				<total>4140395</total>
				<timestamp>307.529990</timestamp>
			</report>
			<report>
				<misses>4162001</misses>
				<total>4141394</total>
				<timestamp>307.604310</timestamp>
			</report>
			<report>
				<misses>4163001</misses>
				<total>4142393</total>
				<timestamp>307.681967</timestamp>
			</report>
			<report>
				<misses>4164001</misses>
				<total>4143392</total>
				<timestamp>307.761214</timestamp>
			</report>
			<report>
				<misses>4165001</misses>
				<total>4144391</total>
				<timestamp>307.839715</timestamp>
			</report>
			<report>
				<misses>4166001</misses>
				<total>4145390</total>
				<timestamp>307.917782</timestamp>
			</report>
			<report>
				<misses>4167001</misses>
				<total>4146389</total>
				<timestamp>307.989090</timestamp>
			</report>
			<report>
				<misses>4168001</misses>
				<total>4147388</total>
				<timestamp>308.064114</timestamp>
			</report>
			<report>
				<misses>4169001</misses>
				<total>4148387</total>
				<timestamp>308.136888</timestamp>
			</report>
			<report>
				<misses>4170001</misses>
				<total>4149386</total>
				<timestamp>308.215027</timestamp>
			</report>
			<report>
				<misses>4171001</misses>
				<total>4150385</total>
				<timestamp>308.290623</timestamp>
			</report>
			<report>
				<misses>4172001</misses>
				<total>4151384</total>
				<timestamp>308.360738</timestamp>
			</report>
			<report>
				<misses>4173001</misses>
				<total>4152383</total>
				<timestamp>308.436832</timestamp>
			</report>
			<report>
				<misses>4174001</misses>
				<total>4153382</total>
				<timestamp>308.510664</timestamp>
			</report>
			<report>
				<misses>4175001</misses>
				<total>4154381</total>
				<timestamp>308.581935</timestamp>
			</report>
			<report>
				<misses>4176001</misses>
				<total>4155380</total>
				<timestamp>308.659158</timestamp>
			</report>
			<report>
				<misses>4177001</misses>
				<total>4156379</total>
				<timestamp>308.729725</timestamp>
			</report>
			<report>
				<misses>4178001</misses>
				<total>4157378</total>
				<timestamp>308.806007</timestamp>
			</report>
			<report>
				<misses>4179001</misses>
				<total>4158377</total>
				<timestamp>308.878873</timestamp>
			</report>
			<report>
				<misses>4180001</misses>
				<total>4159376</total>
				<timestamp>308.949891</timestamp>
			</report>
			<report>
				<misses>4181001</misses>
				<total>4160375</total>
				<timestamp>309.031959</timestamp>
			</report>
			<report>
				<misses>4182001</misses>
				<total>4161374</total>
				<timestamp>309.111033</timestamp>
			</report>
			<report>
				<misses>4183001</misses>
				<total>4162373</total>
				<timestamp>309.185470</timestamp>
			</report>
			<report>
				<misses>4184001</misses>
				<total>4163372</total>
				<timestamp>309.260376</timestamp>
			</report>
			<report>
				<misses>4185001</misses>
				<total>4164371</total>
				<timestamp>309.330553</timestamp>
			</report>
			<report>
				<misses>4186001</misses>
				<total>4165370</total>
				<timestamp>309.409538</timestamp>
			</report>
			<report>
				<misses>4187001</misses>
				<total>4166369</total>
				<timestamp>309.483213</timestamp>
			</report>
			<report>
				<misses>4188001</misses>
				<total>4167368</total>
				<timestamp>309.557775</timestamp>
			</report>
			<report>
				<misses>4189001</misses>
				<total>4168367</total>
				<timestamp>309.632365</timestamp>
			</report>
			<report>
				<misses>4190001</misses>
				<total>4169366</total>
				<timestamp>309.707196</timestamp>
			</report>
			<report>
				<misses>4191001</misses>
				<total>4170365</total>
				<timestamp>309.782769</timestamp>
			</report>
			<report>
				<misses>4192001</misses>
				<total>4171364</total>
				<timestamp>309.857069</timestamp>
			</report>
			<report>
				<misses>4193001</misses>
				<total>4172363</total>
				<timestamp>309.934080</timestamp>
			</report>
			<report>
				<misses>4194001</misses>
				<total>4173362</total>
				<timestamp>310.008239</timestamp>
			</report>
			<report>
				<misses>4195001</misses>
				<total>4174361</total>
				<timestamp>310.078318</timestamp>
			</report>
			<report>
				<misses>4196001</misses>
				<total>4175360</total>
				<timestamp>310.148514</timestamp>
			</report>
			<report>
				<misses>4197001</misses>
				<total>4176359</total>
				<timestamp>310.218594</timestamp>
			</report>
			<report>
				<misses>4198001</misses>
				<total>4177358</total>
				<timestamp>310.292301</timestamp>
			</report>
			<report>
				<misses>4199001</misses>
				<total>4178357</total>
				<timestamp>310.363920</timestamp>
			</report>
			<report>
				<misses>4200001</misses>
				<total>4179356</total>
				<timestamp>310.435304</timestamp>
			</report>
			<report>
				<misses>4201001</misses>
				<total>4180355</total>
				<timestamp>310.512794</timestamp>
			</report>
			<report>
				<misses>4202001</misses>
				<total>4181354</total>
				<timestamp>310.588935</timestamp>
			</report>
			<report>
				<misses>4203001</misses>
				<total>4182353</total>
				<timestamp>310.665044</timestamp>
			</report>
			<report>
				<misses>4204001</misses>
				<total>4183352</total>
				<timestamp>310.738858</timestamp>
			</report>
			<report>
				<misses>4205001</misses>
				<total>4184351</total>
				<timestamp>310.809014</timestamp>
			</report>
			<report>
				<misses>4206001</misses>
				<total>4185350</total>
				<timestamp>310.882085</timestamp>
			</report>
			<report>
				<misses>4207001</misses>
				<total>4186349</total>
				<timestamp>310.963438</timestamp>
			</report>
			<report>
				<misses>4208001</misses>
				<total>4187348</total>
				<timestamp>311.043651</timestamp>
			</report>
			<report>
				<misses>4209001</misses>
				<total>4188347</total>
				<timestamp>311.117393</timestamp>
			</report>
			<report>
				<misses>4210001</misses>
				<total>4189346</total>
				<timestamp>311.187505</timestamp>
			</report>
			<report>
				<misses>4211001</misses>
				<total>4190345</total>
				<timestamp>311.263722</timestamp>
			</report>
			<report>
				<misses>4212001</misses>
				<total>4191344</total>
				<timestamp>311.338311</timestamp>
			</report>
			<report>
				<misses>4213001</misses>
				<total>4192343</total>
				<timestamp>311.409180</timestamp>
			</report>
			<report>
				<misses>4214001</misses>
				<total>4193342</total>
				<timestamp>311.479731</timestamp>
			</report>
			<report>
				<misses>4215001</misses>
				<total>4194341</total>
				<timestamp>311.549953</timestamp>
			</report>
			<report>
				<misses>4216001</misses>
				<total>4195340</total>
				<timestamp>311.625620</timestamp>
			</report>
			<report>
				<misses>4217001</misses>
				<total>4196339</total>
				<timestamp>311.701755</timestamp>
			</report>
			<report>
				<misses>4218001</misses>
				<total>4197338</total>
				<timestamp>311.775636</timestamp>
			</report>
			<report>
				<misses>4219001</misses>
				<total>4198337</total>
				<timestamp>311.847619</timestamp>
			</report>
			<report>
				<misses>4220001</misses>
				<total>4199336</total>
				<timestamp>311.921749</timestamp>
			</report>
			<report>
				<misses>4221001</misses>
				<total>4200335</total>
				<timestamp>311.994325</timestamp>
			</report>
			<report>
				<misses>4222001</misses>
				<total>4201334</total>
				<timestamp>312.077387</timestamp>
			</report>
			<report>
				<misses>4223001</misses>
				<total>4202333</total>
				<timestamp>312.148812</timestamp>
			</report>
			<report>
				<misses>4224001</misses>
				<total>4203332</total>
				<timestamp>312.222445</timestamp>
			</report>
			<report>
				<misses>4225001</misses>
				<total>4204331</total>
				<timestamp>312.294298</timestamp>
			</report>
			<report>
				<misses>4226001</misses>
				<total>4205330</total>
				<timestamp>312.364346</timestamp>
			</report>
			<report>
				<misses>4227001</misses>
				<total>4206329</total>
				<timestamp>312.434529</timestamp>
			</report>
			<report>
				<misses>4228001</misses>
				<total>4207328</total>
				<timestamp>312.510526</timestamp>
			</report>
			<report>
				<misses>4229001</misses>
				<total>4208327</total>
				<timestamp>312.584304</timestamp>
			</report>
			<report>
				<misses>4230001</misses>
				<total>4209326</total>
				<timestamp>312.659453</timestamp>
			</report>
			<report>
				<misses>4231001</misses>
				<total>4210325</total>
				<timestamp>312.738138</timestamp>
			</report>
			<report>
				<misses>4232001</misses>
				<total>4211324</total>
				<timestamp>312.813687</timestamp>
			</report>
			<report>
				<misses>4233001</misses>
				<total>4212323</total>
				<timestamp>312.887510</timestamp>
			</report>
			<report>
				<misses>4234001</misses>
				<total>4213322</total>
				<timestamp>312.964890</timestamp>
			</report>
			<report>
				<misses>4235001</misses>
				<total>4214321</total>
				<timestamp>313.034919</timestamp>
			</report>
			<report>
				<misses>4236001</misses>
				<total>4215320</total>
				<timestamp>313.105021</timestamp>
			</report>
			<report>
				<misses>4237001</misses>
				<total>4216319</total>
				<timestamp>313.182164</timestamp>
			</report>
			<report>
				<misses>4238001</misses>
				<total>4217318</total>
				<timestamp>313.261078</timestamp>
			</report>
			<report>
				<misses>4239001</misses>
				<total>4218317</total>
				<timestamp>313.331426</timestamp>
			</report>
			<report>
				<misses>4240001</misses>
				<total>4219316</total>
				<timestamp>313.402513</timestamp>
			</report>
			<report>
				<misses>4241001</misses>
				<total>4220315</total>
				<timestamp>313.476297</timestamp>
			</report>
			<report>
				<misses>4242001</misses>
				<total>4221314</total>
				<timestamp>313.546310</timestamp>
			</report>
			<report>
				<misses>4243001</misses>
				<total>4222313</total>
				<timestamp>313.619070</timestamp>
			</report>
			<report>
				<misses>4244001</misses>
				<total>4223312</total>
				<timestamp>313.689081</timestamp>
			</report>
			<report>
				<misses>4245001</misses>
				<total>4224311</total>
				<timestamp>313.759110</timestamp>
			</report>
			<report>
				<misses>4246001</misses>
				<total>4225310</total>
				<timestamp>313.832707</timestamp>
			</report>
			<report>
				<misses>4247001</misses>
				<total>4225967</total>
				<timestamp>313.906118</timestamp>
			</report>
			<report>
				<misses>4248001</misses>
				<total>4226364</total>
				<timestamp>313.983700</timestamp>
			</report>
			<report>
				<misses>4249001</misses>
				<total>4227363</total>
				<timestamp>314.060603</timestamp>
			</report>
			<report>
				<misses>4250001</misses>
				<total>4228362</total>
				<timestamp>314.132041</timestamp>
			</report>
			<report>
				<misses>4251001</misses>
				<total>4229361</total>
				<timestamp>314.202459</timestamp>
			</report>
			<report>
				<misses>4252001</misses>
				<total>4230360</total>
				<timestamp>314.272617</timestamp>
			</report>
			<report>
				<misses>4253001</misses>
				<total>4231359</total>
				<timestamp>314.342695</timestamp>
			</report>
			<report>
				<misses>4254001</misses>
				<total>4232081</total>
				<timestamp>314.412910</timestamp>
			</report>
			<report>
				<misses>4255001</misses>
				<total>4232892</total>
				<timestamp>314.483072</timestamp>
			</report>
			<report>
				<misses>4256001</misses>
				<total>4233891</total>
				<timestamp>314.553086</timestamp>
			</report>
			<report>
				<misses>4257001</misses>
				<total>4234890</total>
				<timestamp>314.623080</timestamp>
			</report>
			<report>
				<misses>4258001</misses>
				<total>4235889</total>
				<timestamp>314.693081</timestamp>
			</report>
			<report>
				<misses>4259001</misses>
				<total>4236888</total>
				<timestamp>314.763307</timestamp>
			</report>
			<report>
				<misses>4260001</misses>
				<total>4237887</total>
				<timestamp>314.833840</timestamp>
			</report>
			<report>
				<misses>4261001</misses>
				<total>4238886</total>
				<timestamp>314.906919</timestamp>
			</report>
			<report>
				<misses>4262001</misses>
				<total>4239885</total>
				<timestamp>314.985572</timestamp>
			</report>
			<report>
				<misses>4263001</misses>
				<total>4240884</total>
				<timestamp>315.067308</timestamp>
			</report>
			<report>
				<misses>4264001</misses>
				<total>4241883</total>
				<timestamp>315.145114</timestamp>
			</report>
			<report>
				<misses>4265001</misses>
				<total>4242882</total>
				<timestamp>315.216957</timestamp>
			</report>
			<report>
				<misses>4266001</misses>
				<total>4243881</total>
				<timestamp>315.288420</timestamp>
			</report>
			<report>
				<misses>4267001</misses>
				<total>4244880</total>
				<timestamp>315.366731</timestamp>
			</report>
			<report>
				<misses>4268001</misses>
				<total>4245879</total>
				<timestamp>315.439387</timestamp>
			</report>
			<report>
				<misses>4269001</misses>
				<total>4246878</total>
				<timestamp>315.509633</timestamp>
			</report>
			<report>
				<misses>4270001</misses>
				<total>4247877</total>
				<timestamp>315.582123</timestamp>
			</report>
			<report>
				<misses>4271001</misses>
				<total>4248876</total>
				<timestamp>315.652696</timestamp>
			</report>
			<report>
				<misses>4272001</misses>
				<total>4249875</total>
				<timestamp>315.724940</timestamp>
			</report>
			<report>
				<misses>4273001</misses>
				<total>4250874</total>
				<timestamp>315.798001</timestamp>
			</report>
			<report>
				<misses>4274001</misses>
				<total>4251873</total>
				<timestamp>315.871526</timestamp>
			</report>
			<report>
				<misses>4275001</misses>
				<total>4252872</total>
				<timestamp>315.941749</timestamp>
			</report>
			<report>
				<misses>4276001</misses>
				<total>4253871</total>
				<timestamp>316.011841</timestamp>
			</report>
			<report>
				<misses>4277001</misses>
				<total>4254870</total>
				<timestamp>316.091675</timestamp>
			</report>
			<report>
				<misses>4278001</misses>
				<total>4255869</total>
				<timestamp>316.165722</timestamp>
			</report>
			<report>
				<misses>4279001</misses>
				<total>4256868</total>
				<timestamp>316.240333</timestamp>
			</report>
			<report>
				<misses>4280001</misses>
				<total>4257867</total>
				<timestamp>316.316172</timestamp>
			</report>
			<report>
				<misses>4281001</misses>
				<total>4258866</total>
				<timestamp>316.392348</timestamp>
			</report>
			<report>
				<misses>4282001</misses>
				<total>4259865</total>
				<timestamp>316.464299</timestamp>
			</report>
			<report>
				<misses>4283001</misses>
				<total>4260864</total>
				<timestamp>316.536583</timestamp>
			</report>
			<report>
				<misses>4284001</misses>
				<total>4261863</total>
				<timestamp>316.609545</timestamp>
			</report>
			<report>
				<misses>4285001</misses>
				<total>4262862</total>
				<timestamp>316.684526</timestamp>
			</report>
			<report>
				<misses>4286001</misses>
				<total>4263861</total>
				<timestamp>316.760675</timestamp>
			</report>
			<report>
				<misses>4287001</misses>
				<total>4264860</total>
				<timestamp>316.830871</timestamp>
			</report>
			<report>
				<misses>4288001</misses>
				<total>4265859</total>
				<timestamp>316.915023</timestamp>
			</report>
			<report>
				<misses>4289001</misses>
				<total>4266858</total>
				<timestamp>316.994758</timestamp>
			</report>
			<report>
				<misses>4290001</misses>
				<total>4267857</total>
				<timestamp>317.065288</timestamp>
			</report>
			<report>
				<misses>4291001</misses>
				<total>4268856</total>
				<timestamp>317.135428</timestamp>
			</report>
			<report>
				<misses>4292001</misses>
				<total>4269855</total>
				<timestamp>317.205546</timestamp>
			</report>
			<report>
				<misses>4293001</misses>
				<total>4270854</total>
				<timestamp>317.275962</timestamp>
			</report>
			<report>
				<misses>4294001</misses>
				<total>4271853</total>
				<timestamp>317.347513</timestamp>
			</report>
			<report>
				<misses>4295001</misses>
				<total>4272852</total>
				<timestamp>317.418485</timestamp>
			</report>
			<report>
				<misses>4296001</misses>
				<total>4273851</total>
				<timestamp>317.497580</timestamp>
			</report>
			<report>
				<misses>4297001</misses>
				<total>4274850</total>
				<timestamp>317.573923</timestamp>
			</report>
			<report>
				<misses>4298001</misses>
				<total>4275849</total>
				<timestamp>317.648495</timestamp>
			</report>
			<report>
				<misses>4299001</misses>
				<total>4276848</total>
				<timestamp>317.724027</timestamp>
			</report>
			<report>
				<misses>4300001</misses>
				<total>4277847</total>
				<timestamp>317.798168</timestamp>
			</report>
			<report>
				<misses>4301001</misses>
				<total>4278846</total>
				<timestamp>317.874249</timestamp>
			</report>
			<report>
				<misses>4302001</misses>
				<total>4279845</total>
				<timestamp>317.948858</timestamp>
			</report>
			<report>
				<misses>4303001</misses>
				<total>4280844</total>
				<timestamp>318.022616</timestamp>
			</report>
			<report>
				<misses>4304001</misses>
				<total>4281843</total>
				<timestamp>318.099728</timestamp>
			</report>
			<report>
				<misses>4305001</misses>
				<total>4282842</total>
				<timestamp>318.177911</timestamp>
			</report>
			<report>
				<misses>4306001</misses>
				<total>4283841</total>
				<timestamp>318.256411</timestamp>
			</report>
			<report>
				<misses>4307001</misses>
				<total>4284840</total>
				<timestamp>318.331313</timestamp>
			</report>
			<report>
				<misses>4308001</misses>
				<total>4285839</total>
				<timestamp>318.407421</timestamp>
			</report>
			<report>
				<misses>4309001</misses>
				<total>4286838</total>
				<timestamp>318.485059</timestamp>
			</report>
			<report>
				<misses>4310001</misses>
				<total>4287837</total>
				<timestamp>318.559613</timestamp>
			</report>
			<report>
				<misses>4311001</misses>
				<total>4288836</total>
				<timestamp>318.631035</timestamp>
			</report>
			<report>
				<misses>4312001</misses>
				<total>4289835</total>
				<timestamp>318.703759</timestamp>
			</report>
			<report>
				<misses>4313001</misses>
				<total>4290834</total>
				<timestamp>318.776586</timestamp>
			</report>
			<report>
				<misses>4314001</misses>
				<total>4291833</total>
				<timestamp>318.852746</timestamp>
			</report>
			<report>
				<misses>4315001</misses>
				<total>4292832</total>
				<timestamp>318.931923</timestamp>
			</report>
			<report>
				<misses>4316001</misses>
				<total>4293831</total>
				<timestamp>319.009257</timestamp>
			</report>
			<report>
				<misses>4317001</misses>
				<total>4294830</total>
				<timestamp>319.080637</timestamp>
			</report>
			<report>
				<misses>4318001</misses>
				<total>4295829</total>
				<timestamp>319.152113</timestamp>
			</report>
			<report>
				<misses>4319001</misses>
				<total>4296828</total>
				<timestamp>319.222614</timestamp>
			</report>
			<report>
				<misses>4320001</misses>
				<total>4297827</total>
				<timestamp>319.293630</timestamp>
			</report>
			<report>
				<misses>4321001</misses>
				<total>4298826</total>
				<timestamp>319.368543</timestamp>
			</report>
			<report>
				<misses>4322001</misses>
				<total>4299825</total>
				<timestamp>319.443144</timestamp>
			</report>
			<report>
				<misses>4323001</misses>
				<total>4300824</total>
				<timestamp>319.514718</timestamp>
			</report>
			<report>
				<misses>4324001</misses>
				<total>4301823</total>
				<timestamp>319.584889</timestamp>
			</report>
			<report>
				<misses>4325001</misses>
				<total>4302822</total>
				<timestamp>319.654940</timestamp>
			</report>
			<report>
				<misses>4326001</misses>
				<total>4303821</total>
				<timestamp>319.728028</timestamp>
			</report>
			<report>
				<misses>4327001</misses>
				<total>4304820</total>
				<timestamp>319.803930</timestamp>
			</report>
			<report>
				<misses>4328001</misses>
				<total>4305819</total>
				<timestamp>319.881211</timestamp>
			</report>
			<report>
				<misses>4329001</misses>
				<total>4306818</total>
				<timestamp>319.954378</timestamp>
			</report>
			<report>
				<misses>4330001</misses>
				<total>4307817</total>
				<timestamp>320.027603</timestamp>
			</report>
			<report>
				<misses>4331001</misses>
				<total>4308816</total>
				<timestamp>320.103782</timestamp>
			</report>
			<report>
				<misses>4332001</misses>
				<total>4309815</total>
				<timestamp>320.175321</timestamp>
			</report>
			<report>
				<misses>4333001</misses>
				<total>4310814</total>
				<timestamp>320.246157</timestamp>
			</report>
			<report>
				<misses>4334001</misses>
				<total>4311813</total>
				<timestamp>320.318146</timestamp>
			</report>
			<report>
				<misses>4335001</misses>
				<total>4312812</total>
				<timestamp>320.392010</timestamp>
			</report>
			<report>
				<misses>4336001</misses>
				<total>4313811</total>
				<timestamp>320.463308</timestamp>
			</report>
			<report>
				<misses>4337001</misses>
				<total>4314810</total>
				<timestamp>320.542997</timestamp>
			</report>
			<report>
				<misses>4338001</misses>
				<total>4315809</total>
				<timestamp>320.613894</timestamp>
			</report>
			<report>
				<misses>4339001</misses>
				<total>4316808</total>
				<timestamp>320.686984</timestamp>
			</report>
			<report>
				<misses>4340001</misses>
				<total>4317807</total>
				<timestamp>320.757033</timestamp>
			</report>
			<report>
				<misses>4341001</misses>
				<total>4318806</total>
				<timestamp>320.828174</timestamp>
			</report>
			<report>
				<misses>4342001</misses>
				<total>4319805</total>
				<timestamp>320.908515</timestamp>
			</report>
			<report>
				<misses>4343001</misses>
				<total>4320804</total>
				<timestamp>320.982515</timestamp>
			</report>
			<report>
				<misses>4344001</misses>
				<total>4321803</total>
				<timestamp>321.055034</timestamp>
			</report>
			<report>
				<misses>4345001</misses>
				<total>4322802</total>
				<timestamp>321.128998</timestamp>
			</report>
			<report>
				<misses>4346001</misses>
				<total>4323801</total>
				<timestamp>321.207412</timestamp>
			</report>
			<report>
				<misses>4347001</misses>
				<total>4324800</total>
				<timestamp>321.288563</timestamp>
			</report>
			<report>
				<misses>4348001</misses>
				<total>4325799</total>
				<timestamp>321.371727</timestamp>
			</report>
			<report>
				<misses>4349001</misses>
				<total>4326798</total>
				<timestamp>321.446065</timestamp>
			</report>
			<report>
				<misses>4350001</misses>
				<total>4327797</total>
				<timestamp>321.516673</timestamp>
			</report>
			<report>
				<misses>4351001</misses>
				<total>4328796</total>
				<timestamp>321.593943</timestamp>
			</report>
			<report>
				<misses>4352001</misses>
				<total>4329795</total>
				<timestamp>321.670970</timestamp>
			</report>
			<report>
				<misses>4353001</misses>
				<total>4330794</total>
				<timestamp>321.741895</timestamp>
			</report>
			<report>
				<misses>4354001</misses>
				<total>4331793</total>
				<timestamp>321.812480</timestamp>
			</report>
			<report>
				<misses>4355001</misses>
				<total>4332792</total>
				<timestamp>321.883165</timestamp>
			</report>
			<report>
				<misses>4356001</misses>
				<total>4333791</total>
				<timestamp>321.961735</timestamp>
			</report>
			<report>
				<misses>4357001</misses>
				<total>4334790</total>
				<timestamp>322.034076</timestamp>
			</report>
			<report>
				<misses>4358001</misses>
				<total>4335789</total>
				<timestamp>322.104167</timestamp>
			</report>
			<report>
				<misses>4359001</misses>
				<total>4336788</total>
				<timestamp>322.174790</timestamp>
			</report>
			<report>
				<misses>4360001</misses>
				<total>4337787</total>
				<timestamp>322.248452</timestamp>
			</report>
			<report>
				<misses>4361001</misses>
				<total>4338786</total>
				<timestamp>322.321658</timestamp>
			</report>
			<report>
				<misses>4362001</misses>
				<total>4339785</total>
				<timestamp>322.394658</timestamp>
			</report>
			<report>
				<misses>4363001</misses>
				<total>4340784</total>
				<timestamp>322.466100</timestamp>
			</report>
			<report>
				<misses>4364001</misses>
				<total>4341783</total>
				<timestamp>322.538852</timestamp>
			</report>
			<report>
				<misses>4365001</misses>
				<total>4342782</total>
				<timestamp>322.618136</timestamp>
			</report>
			<report>
				<misses>4366001</misses>
				<total>4343781</total>
				<timestamp>322.692864</timestamp>
			</report>
			<report>
				<misses>4367001</misses>
				<total>4344780</total>
				<timestamp>322.762924</timestamp>
			</report>
			<report>
				<misses>4368001</misses>
				<total>4345779</total>
				<timestamp>322.836757</timestamp>
			</report>
			<report>
				<misses>4369001</misses>
				<total>4346778</total>
				<timestamp>322.916046</timestamp>
			</report>
			<report>
				<misses>4370001</misses>
				<total>4347777</total>
				<timestamp>322.992574</timestamp>
			</report>
			<report>
				<misses>4371001</misses>
				<total>4348776</total>
				<timestamp>323.066542</timestamp>
			</report>
			<report>
				<misses>4372001</misses>
				<total>4349775</total>
				<timestamp>323.139886</timestamp>
			</report>
			<report>
				<misses>4373001</misses>
				<total>4350774</total>
				<timestamp>323.211450</timestamp>
			</report>
			<report>
				<misses>4374001</misses>
				<total>4351773</total>
				<timestamp>323.290549</timestamp>
			</report>
			<report>
				<misses>4375001</misses>
				<total>4352772</total>
				<timestamp>323.360598</timestamp>
			</report>
			<report>
				<misses>4376001</misses>
				<total>4353771</total>
				<timestamp>323.432804</timestamp>
			</report>
			<report>
				<misses>4377001</misses>
				<total>4354770</total>
				<timestamp>323.508085</timestamp>
			</report>
			<report>
				<misses>4378001</misses>
				<total>4355769</total>
				<timestamp>323.580965</timestamp>
			</report>
			<report>
				<misses>4379001</misses>
				<total>4356768</total>
				<timestamp>323.657701</timestamp>
			</report>
			<report>
				<misses>4380001</misses>
				<total>4357767</total>
				<timestamp>323.731124</timestamp>
			</report>
			<report>
				<misses>4381001</misses>
				<total>4358766</total>
				<timestamp>323.805015</timestamp>
			</report>
			<report>
				<misses>4382001</misses>
				<total>4359765</total>
				<timestamp>323.882133</timestamp>
			</report>
			<report>
				<misses>4383001</misses>
				<total>4360764</total>
				<timestamp>323.953097</timestamp>
			</report>
			<report>
				<misses>4384001</misses>
				<total>4361763</total>
				<timestamp>324.027224</timestamp>
			</report>
			<report>
				<misses>4385001</misses>
				<total>4362762</total>
				<timestamp>324.098186</timestamp>
			</report>
			<report>
				<misses>4386001</misses>
				<total>4363761</total>
				<timestamp>324.171930</timestamp>
			</report>
			<report>
				<misses>4387001</misses>
				<total>4364760</total>
				<timestamp>324.241990</timestamp>
			</report>
			<report>
				<misses>4388001</misses>
				<total>4365759</total>
				<timestamp>324.319622</timestamp>
			</report>
			<report>
				<misses>4389001</misses>
				<total>4366758</total>
				<timestamp>324.392913</timestamp>
			</report>
			<report>
				<misses>4390001</misses>
				<total>4367757</total>
				<timestamp>324.472914</timestamp>
			</report>
			<report>
				<misses>4391001</misses>
				<total>4368756</total>
				<timestamp>324.547098</timestamp>
			</report>
			<report>
				<misses>4392001</misses>
				<total>4369755</total>
				<timestamp>324.618549</timestamp>
			</report>
			<report>
				<misses>4393001</misses>
				<total>4370754</total>
				<timestamp>324.692818</timestamp>
			</report>
			<report>
				<misses>4394001</misses>
				<total>4371753</total>
				<timestamp>324.763708</timestamp>
			</report>
			<report>
				<misses>4395001</misses>
				<total>4372752</total>
				<timestamp>324.834033</timestamp>
			</report>
			<report>
				<misses>4396001</misses>
				<total>4373751</total>
				<timestamp>324.907003</timestamp>
			</report>
			<report>
				<misses>4397001</misses>
				<total>4374750</total>
				<timestamp>324.981703</timestamp>
			</report>
			<report>
				<misses>4398001</misses>
				<total>4375749</total>
				<timestamp>325.051829</timestamp>
			</report>
			<report>
				<misses>4399001</misses>
				<total>4376748</total>
				<timestamp>325.122161</timestamp>
			</report>
			<report>
				<misses>4400001</misses>
				<total>4377747</total>
				<timestamp>325.194929</timestamp>
			</report>
			<report>
				<misses>4401001</misses>
				<total>4378746</total>
				<timestamp>325.269204</timestamp>
			</report>
			<report>
				<misses>4402001</misses>
				<total>4379745</total>
				<timestamp>325.339256</timestamp>
			</report>
			<report>
				<misses>4403001</misses>
				<total>4380744</total>
				<timestamp>325.409271</timestamp>
			</report>
			<report>
				<misses>4404001</misses>
				<total>4381743</total>
				<timestamp>325.479249</timestamp>
			</report>
			<report>
				<misses>4405001</misses>
				<total>4382742</total>
				<timestamp>325.549295</timestamp>
			</report>
			<report>
				<misses>4406001</misses>
				<total>4383741</total>
				<timestamp>325.619737</timestamp>
			</report>
			<report>
				<misses>4407001</misses>
				<total>4384740</total>
				<timestamp>325.689881</timestamp>
			</report>
			<report>
				<misses>4408001</misses>
				<total>4385739</total>
				<timestamp>325.759910</timestamp>
			</report>
			<report>
				<misses>4409001</misses>
				<total>4386738</total>
				<timestamp>325.834367</timestamp>
			</report>
			<report>
				<misses>4410001</misses>
				<total>4387737</total>
				<timestamp>325.908318</timestamp>
			</report>
			<report>
				<misses>4411001</misses>
				<total>4388736</total>
				<timestamp>325.981919</timestamp>
			</report>
			<report>
				<misses>4412001</misses>
				<total>4389735</total>
				<timestamp>326.052366</timestamp>
			</report>
			<report>
				<misses>4413001</misses>
				<total>4390734</total>
				<timestamp>326.122609</timestamp>
			</report>
			<report>
				<misses>4414001</misses>
				<total>4391733</total>
				<timestamp>326.213463</timestamp>
			</report>
			<report>
				<misses>4415001</misses>
				<total>4392732</total>
				<timestamp>326.298403</timestamp>
			</report>
			<report>
				<misses>4416001</misses>
				<total>4393731</total>
				<timestamp>326.370220</timestamp>
			</report>
			<report>
				<misses>4417001</misses>
				<total>4394730</total>
				<timestamp>326.449566</timestamp>
			</report>
			<report>
				<misses>4418001</misses>
				<total>4395729</total>
				<timestamp>326.522852</timestamp>
			</report>
			<report>
				<misses>4419001</misses>
				<total>4396728</total>
				<timestamp>326.595302</timestamp>
			</report>
			<report>
				<misses>4420001</misses>
				<total>4397727</total>
				<timestamp>326.667690</timestamp>
			</report>
			<report>
				<misses>4421001</misses>
				<total>4398726</total>
				<timestamp>326.740865</timestamp>
			</report>
			<report>
				<misses>4422001</misses>
				<total>4399725</total>
				<timestamp>326.815751</timestamp>
			</report>
			<report>
				<misses>4423001</misses>
				<total>4400724</total>
				<timestamp>326.888521</timestamp>
			</report>
			<report>
				<misses>4424001</misses>
				<total>4401723</total>
				<timestamp>326.963509</timestamp>
			</report>
			<report>
				<misses>4425001</misses>
				<total>4402722</total>
				<timestamp>327.039488</timestamp>
			</report>
			<report>
				<misses>4426001</misses>
				<total>4403721</total>
				<timestamp>327.111770</timestamp>
			</report>
			<report>
				<misses>4427001</misses>
				<total>4404720</total>
				<timestamp>327.181804</timestamp>
			</report>
			<report>
				<misses>4428001</misses>
				<total>4405719</total>
				<timestamp>327.253120</timestamp>
			</report>
			<report>
				<misses>4429001</misses>
				<total>4406718</total>
				<timestamp>327.325250</timestamp>
			</report>
			<report>
				<misses>4430001</misses>
				<total>4407717</total>
				<timestamp>327.395388</timestamp>
			</report>
			<report>
				<misses>4431001</misses>
				<total>4408716</total>
				<timestamp>327.465470</timestamp>
			</report>
			<report>
				<misses>4432001</misses>
				<total>4409715</total>
				<timestamp>327.535606</timestamp>
			</report>
			<report>
				<misses>4433001</misses>
				<total>4410714</total>
				<timestamp>327.610384</timestamp>
			</report>
			<report>
				<misses>4434001</misses>
				<total>4411713</total>
				<timestamp>327.682153</timestamp>
			</report>
			<report>
				<misses>4435001</misses>
				<total>4412712</total>
				<timestamp>327.757132</timestamp>
			</report>
			<report>
				<misses>4436001</misses>
				<total>4413711</total>
				<timestamp>327.827221</timestamp>
			</report>
			<report>
				<misses>4437001</misses>
				<total>4414710</total>
				<timestamp>327.897486</timestamp>
			</report>
			<report>
				<misses>4438001</misses>
				<total>4415709</total>
				<timestamp>327.967630</timestamp>
			</report>
			<report>
				<misses>4439001</misses>
				<total>4416708</total>
				<timestamp>328.046773</timestamp>
			</report>
			<report>
				<misses>4440001</misses>
				<total>4417707</total>
				<timestamp>328.123087</timestamp>
			</report>
			<report>
				<misses>4441001</misses>
				<total>4418706</total>
				<timestamp>328.193077</timestamp>
			</report>
			<report>
				<misses>4442001</misses>
				<total>4419705</total>
				<timestamp>328.269051</timestamp>
			</report>
			<report>
				<misses>4443001</misses>
				<total>4420704</total>
				<timestamp>328.346466</timestamp>
			</report>
			<report>
				<misses>4444001</misses>
				<total>4421703</total>
				<timestamp>328.424783</timestamp>
			</report>
			<report>
				<misses>4445001</misses>
				<total>4422702</total>
				<timestamp>328.497155</timestamp>
			</report>
			<report>
				<misses>4446001</misses>
				<total>4423701</total>
				<timestamp>328.569390</timestamp>
			</report>
			<report>
				<misses>4447001</misses>
				<total>4424700</total>
				<timestamp>328.639445</timestamp>
			</report>
			<report>
				<misses>4448001</misses>
				<total>4425699</total>
				<timestamp>328.709569</timestamp>
			</report>
			<report>
				<misses>4449001</misses>
				<total>4426698</total>
				<timestamp>328.780741</timestamp>
			</report>
			<report>
				<misses>4450001</misses>
				<total>4427697</total>
				<timestamp>328.850788</timestamp>
			</report>
			<report>
				<misses>4451001</misses>
				<total>4428696</total>
				<timestamp>328.921519</timestamp>
			</report>
			<report>
				<misses>4452001</misses>
				<total>4429695</total>
				<timestamp>328.995038</timestamp>
			</report>
			<report>
				<misses>4453001</misses>
				<total>4430694</total>
				<timestamp>329.065641</timestamp>
			</report>
			<report>
				<misses>4454001</misses>
				<total>4431693</total>
				<timestamp>329.135838</timestamp>
			</report>
			<report>
				<misses>4455001</misses>
				<total>4432692</total>
				<timestamp>329.209884</timestamp>
			</report>
			<report>
				<misses>4456001</misses>
				<total>4433691</total>
				<timestamp>329.287209</timestamp>
			</report>
			<report>
				<misses>4457001</misses>
				<total>4434690</total>
				<timestamp>329.363254</timestamp>
			</report>
			<report>
				<misses>4458001</misses>
				<total>4435689</total>
				<timestamp>329.442098</timestamp>
			</report>
			<report>
				<misses>4459001</misses>
				<total>4436688</total>
				<timestamp>329.520556</timestamp>
			</report>
			<report>
				<misses>4460001</misses>
				<total>4437687</total>
				<timestamp>329.601406</timestamp>
			</report>
			<report>
				<misses>4461001</misses>
				<total>4438686</total>
				<timestamp>329.681340</timestamp>
			</report>
			<report>
				<misses>4462001</misses>
				<total>4439685</total>
				<timestamp>329.751393</timestamp>
			</report>
			<report>
				<misses>4463001</misses>
				<total>4440684</total>
				<timestamp>329.822558</timestamp>
			</report>
			<report>
				<misses>4464001</misses>
				<total>4441683</total>
				<timestamp>329.893992</timestamp>
			</report>
			<report>
				<misses>4465001</misses>
				<total>4442682</total>
				<timestamp>329.974890</timestamp>
			</report>
			<report>
				<misses>4466001</misses>
				<total>4443681</total>
				<timestamp>330.045416</timestamp>
			</report>
			<report>
				<misses>4467001</misses>
				<total>4444680</total>
				<timestamp>330.122606</timestamp>
			</report>
			<report>
				<misses>4468001</misses>
				<total>4445679</total>
				<timestamp>330.196611</timestamp>
			</report>
			<report>
				<misses>4469001</misses>
				<total>4446678</total>
				<timestamp>330.269473</timestamp>
			</report>
			<report>
				<misses>4470001</misses>
				<total>4447677</total>
				<timestamp>330.345127</timestamp>
			</report>
			<report>
				<misses>4471001</misses>
				<total>4448676</total>
				<timestamp>330.424404</timestamp>
			</report>
			<report>
				<misses>4472001</misses>
				<total>4449675</total>
				<timestamp>330.508235</timestamp>
			</report>
			<report>
				<misses>4473001</misses>
				<total>4450674</total>
				<timestamp>330.586916</timestamp>
			</report>
			<report>
				<misses>4474001</misses>
				<total>4451673</total>
				<timestamp>330.661971</timestamp>
			</report>
			<report>
				<misses>4475001</misses>
				<total>4452672</total>
				<timestamp>330.743485</timestamp>
			</report>
			<report>
				<misses>4476001</misses>
				<total>4453671</total>
				<timestamp>330.819656</timestamp>
			</report>
			<report>
				<misses>4477001</misses>
				<total>4454670</total>
				<timestamp>330.897794</timestamp>
			</report>
			<report>
				<misses>4478001</misses>
				<total>4455669</total>
				<timestamp>330.967792</timestamp>
			</report>
			<report>
				<misses>4479001</misses>
				<total>4456668</total>
				<timestamp>331.049511</timestamp>
			</report>
			<report>
				<misses>4480001</misses>
				<total>4457667</total>
				<timestamp>331.129159</timestamp>
			</report>
			<report>
				<misses>4481001</misses>
				<total>4458666</total>
				<timestamp>331.209209</timestamp>
			</report>
			<report>
				<misses>4482001</misses>
				<total>4459665</total>
				<timestamp>331.282018</timestamp>
			</report>
			<report>
				<misses>4483001</misses>
				<total>4460664</total>
				<timestamp>331.360504</timestamp>
			</report>
			<report>
				<misses>4484001</misses>
				<total>4461663</total>
				<timestamp>331.442147</timestamp>
			</report>
			<report>
				<misses>4485001</misses>
				<total>4462662</total>
				<timestamp>331.521081</timestamp>
			</report>
			<report>
				<misses>4486001</misses>
				<total>4463661</total>
				<timestamp>331.596202</timestamp>
			</report>
			<report>
				<misses>4487001</misses>
				<total>4464660</total>
				<timestamp>331.672647</timestamp>
			</report>
			<report>
				<misses>4488001</misses>
				<total>4465659</total>
				<timestamp>331.745957</timestamp>
			</report>
			<report>
				<misses>4489001</misses>
				<total>4466658</total>
				<timestamp>331.816892</timestamp>
			</report>
			<report>
				<misses>4490001</misses>
				<total>4467657</total>
				<timestamp>331.887563</timestamp>
			</report>
			<report>
				<misses>4491001</misses>
				<total>4468656</total>
				<timestamp>331.957822</timestamp>
			</report>
			<report>
				<misses>4492001</misses>
				<total>4469655</total>
				<timestamp>332.033605</timestamp>
			</report>
			<report>
				<misses>4493001</misses>
				<total>4470654</total>
				<timestamp>332.104103</timestamp>
			</report>
			<report>
				<misses>4494001</misses>
				<total>4471653</total>
				<timestamp>332.177048</timestamp>
			</report>
			<report>
				<misses>4495001</misses>
				<total>4472652</total>
				<timestamp>332.248945</timestamp>
			</report>
			<report>
				<misses>4496001</misses>
				<total>4473651</total>
				<timestamp>332.320252</timestamp>
			</report>
			<report>
				<misses>4497001</misses>
				<total>4474650</total>
				<timestamp>332.390517</timestamp>
			</report>
			<report>
				<misses>4498001</misses>
				<total>4475649</total>
				<timestamp>332.469045</timestamp>
			</report>
			<report>
				<misses>4499001</misses>
				<total>4476648</total>
				<timestamp>332.539235</timestamp>
			</report>
			<report>
				<misses>4500001</misses>
				<total>4477647</total>
				<timestamp>332.609487</timestamp>
			</report>
			<report>
				<misses>4501001</misses>
				<total>4478646</total>
				<timestamp>332.679574</timestamp>
			</report>
			<report>
				<misses>4502001</misses>
				<total>4479645</total>
				<timestamp>332.749609</timestamp>
			</report>
			<report>
				<misses>4503001</misses>
				<total>4480644</total>
				<timestamp>332.819615</timestamp>
			</report>
			<report>
				<misses>4504001</misses>
				<total>4481643</total>
				<timestamp>332.893764</timestamp>
			</report>
			<report>
				<misses>4505001</misses>
				<total>4482642</total>
				<timestamp>332.966859</timestamp>
			</report>
			<report>
				<misses>4506001</misses>
				<total>4483641</total>
				<timestamp>333.042293</timestamp>
			</report>
			<report>
				<misses>4507001</misses>
				<total>4484640</total>
				<timestamp>333.113109</timestamp>
			</report>
			<report>
				<misses>4508001</misses>
				<total>4485639</total>
				<timestamp>333.185893</timestamp>
			</report>
			<report>
				<misses>4509001</misses>
				<total>4486638</total>
				<timestamp>333.264677</timestamp>
			</report>
			<report>
				<misses>4510001</misses>
				<total>4487637</total>
				<timestamp>333.343479</timestamp>
			</report>
			<report>
				<misses>4511001</misses>
				<total>4488636</total>
				<timestamp>333.413890</timestamp>
			</report>
			<report>
				<misses>4512001</misses>
				<total>4489635</total>
				<timestamp>333.490034</timestamp>
			</report>
			<report>
				<misses>4513001</misses>
				<total>4490634</total>
				<timestamp>333.566202</timestamp>
			</report>
			<report>
				<misses>4514001</misses>
				<total>4491633</total>
				<timestamp>333.638344</timestamp>
			</report>
			<report>
				<misses>4515001</misses>
				<total>4492632</total>
				<timestamp>333.711849</timestamp>
			</report>
			<report>
				<misses>4516001</misses>
				<total>4493631</total>
				<timestamp>333.789497</timestamp>
			</report>
			<report>
				<misses>4517001</misses>
				<total>4494630</total>
				<timestamp>333.864225</timestamp>
			</report>
			<report>
				<misses>4518001</misses>
				<total>4495629</total>
				<timestamp>333.934627</timestamp>
			</report>
			<report>
				<misses>4519001</misses>
				<total>4496628</total>
				<timestamp>334.005487</timestamp>
			</report>
			<report>
				<misses>4520001</misses>
				<total>4497627</total>
				<timestamp>334.077734</timestamp>
			</report>
			<report>
				<misses>4521001</misses>
				<total>4498626</total>
				<timestamp>334.152836</timestamp>
			</report>
			<report>
				<misses>4522001</misses>
				<total>4499625</total>
				<timestamp>334.229981</timestamp>
			</report>
			<report>
				<misses>4523001</misses>
				<total>4500624</total>
				<timestamp>334.309906</timestamp>
			</report>
			<report>
				<misses>4524001</misses>
				<total>4501623</total>
				<timestamp>334.383199</timestamp>
			</report>
			<report>
				<misses>4525001</misses>
				<total>4502622</total>
				<timestamp>334.461687</timestamp>
			</report>
			<report>
				<misses>4526001</misses>
				<total>4503621</total>
				<timestamp>334.539050</timestamp>
			</report>
			<report>
				<misses>4527001</misses>
				<total>4504620</total>
				<timestamp>334.618678</timestamp>
			</report>
			<report>
				<misses>4528001</misses>
				<total>4505619</total>
				<timestamp>334.695167</timestamp>
			</report>
			<report>
				<misses>4529001</misses>
				<total>4506618</total>
				<timestamp>334.773805</timestamp>
			</report>
			<report>
				<misses>4530001</misses>
				<total>4507617</total>
				<timestamp>334.848169</timestamp>
			</report>
			<report>
				<misses>4531001</misses>
				<total>4508616</total>
				<timestamp>334.935380</timestamp>
			</report>
			<report>
				<misses>4532001</misses>
				<total>4509615</total>
				<timestamp>335.011575</timestamp>
			</report>
			<report>
				<misses>4533001</misses>
				<total>4510614</total>
				<timestamp>335.081566</timestamp>
			</report>
			<report>
				<misses>4534001</misses>
				<total>4511613</total>
				<timestamp>335.151675</timestamp>
			</report>
			<report>
				<misses>4535001</misses>
				<total>4512612</total>
				<timestamp>335.222923</timestamp>
			</report>
			<report>
				<misses>4536001</misses>
				<total>4513611</total>
				<timestamp>335.294740</timestamp>
			</report>
			<report>
				<misses>4537001</misses>
				<total>4514610</total>
				<timestamp>335.375755</timestamp>
			</report>
			<report>
				<misses>4538001</misses>
				<total>4515609</total>
				<timestamp>335.449041</timestamp>
			</report>
			<report>
				<misses>4539001</misses>
				<total>4516608</total>
				<timestamp>335.527014</timestamp>
			</report>
			<report>
				<misses>4540001</misses>
				<total>4517607</total>
				<timestamp>335.599400</timestamp>
			</report>
			<report>
				<misses>4541001</misses>
				<total>4518606</total>
				<timestamp>335.672172</timestamp>
			</report>
			<report>
				<misses>4542001</misses>
				<total>4519605</total>
				<timestamp>335.746793</timestamp>
			</report>
			<report>
				<misses>4543001</misses>
				<total>4520604</total>
				<timestamp>335.817503</timestamp>
			</report>
			<report>
				<misses>4544001</misses>
				<total>4521603</total>
				<timestamp>335.887691</timestamp>
			</report>
			<report>
				<misses>4545001</misses>
				<total>4522602</total>
				<timestamp>335.957801</timestamp>
			</report>
			<report>
				<misses>4546001</misses>
				<total>4523601</total>
				<timestamp>336.030315</timestamp>
			</report>
			<report>
				<misses>4547001</misses>
				<total>4524600</total>
				<timestamp>336.100390</timestamp>
			</report>
			<report>
				<misses>4548001</misses>
				<total>4525599</total>
				<timestamp>336.170477</timestamp>
			</report>
			<report>
				<misses>4549001</misses>
				<total>4526598</total>
				<timestamp>336.240552</timestamp>
			</report>
			<report>
				<misses>4550001</misses>
				<total>4527597</total>
				<timestamp>336.311485</timestamp>
			</report>
			<report>
				<misses>4551001</misses>
				<total>4528596</total>
				<timestamp>336.384684</timestamp>
			</report>
			<report>
				<misses>4552001</misses>
				<total>4529595</total>
				<timestamp>336.454710</timestamp>
			</report>
			<report>
				<misses>4553001</misses>
				<total>4530594</total>
				<timestamp>336.524814</timestamp>
			</report>
			<report>
				<misses>4554001</misses>
				<total>4531593</total>
				<timestamp>336.594830</timestamp>
			</report>
			<report>
				<misses>4555001</misses>
				<total>4532592</total>
				<timestamp>336.669895</timestamp>
			</report>
			<report>
				<misses>4556001</misses>
				<total>4533591</total>
				<timestamp>336.742117</timestamp>
			</report>
			<report>
				<misses>4557001</misses>
				<total>4534590</total>
				<timestamp>336.813708</timestamp>
			</report>
			<report>
				<misses>4558001</misses>
				<total>4535589</total>
				<timestamp>336.883986</timestamp>
			</report>
			<report>
				<misses>4559001</misses>
				<total>4536588</total>
				<timestamp>336.960168</timestamp>
			</report>
			<report>
				<misses>4560001</misses>
				<total>4537587</total>
				<timestamp>337.036889</timestamp>
			</report>
			<report>
				<misses>4561001</misses>
				<total>4538586</total>
				<timestamp>337.107877</timestamp>
			</report>
			<report>
				<misses>4562001</misses>
				<total>4539585</total>
				<timestamp>337.177921</timestamp>
			</report>
			<report>
				<misses>4563001</misses>
				<total>4540584</total>
				<timestamp>337.248208</timestamp>
			</report>
			<report>
				<misses>4564001</misses>
				<total>4541583</total>
				<timestamp>337.318627</timestamp>
			</report>
			<report>
				<misses>4565001</misses>
				<total>4542582</total>
				<timestamp>337.388843</timestamp>
			</report>
			<report>
				<misses>4566001</misses>
				<total>4543581</total>
				<timestamp>337.458839</timestamp>
			</report>
			<report>
				<misses>4567001</misses>
				<total>4544580</total>
				<timestamp>337.529153</timestamp>
			</report>
			<report>
				<misses>4568001</misses>
				<total>4545579</total>
				<timestamp>337.600736</timestamp>
			</report>
			<report>
				<misses>4569001</misses>
				<total>4546578</total>
				<timestamp>337.670761</timestamp>
			</report>
			<report>
				<misses>4570001</misses>
				<total>4547577</total>
				<timestamp>337.745171</timestamp>
			</report>
			<report>
				<misses>4571001</misses>
				<total>4548576</total>
				<timestamp>337.817738</timestamp>
			</report>
			<report>
				<misses>4572001</misses>
				<total>4549575</total>
				<timestamp>337.887744</timestamp>
			</report>
			<report>
				<misses>4573001</misses>
				<total>4550574</total>
				<timestamp>337.959673</timestamp>
			</report>
			<report>
				<misses>4574001</misses>
				<total>4551573</total>
				<timestamp>338.031715</timestamp>
			</report>
			<report>
				<misses>4575001</misses>
				<total>4552572</total>
				<timestamp>338.106723</timestamp>
			</report>
			<report>
				<misses>4576001</misses>
				<total>4553571</total>
				<timestamp>338.178672</timestamp>
			</report>
			<report>
				<misses>4577001</misses>
				<total>4554570</total>
				<timestamp>338.254381</timestamp>
			</report>
			<report>
				<misses>4578001</misses>
				<total>4555569</total>
				<timestamp>338.325759</timestamp>
			</report>
			<report>
				<misses>4579001</misses>
				<total>4556568</total>
				<timestamp>338.395967</timestamp>
			</report>
			<report>
				<misses>4580001</misses>
				<total>4557567</total>
				<timestamp>338.469914</timestamp>
			</report>
			<report>
				<misses>4581001</misses>
				<total>4558566</total>
				<timestamp>338.542025</timestamp>
			</report>
			<report>
				<misses>4582001</misses>
				<total>4559565</total>
				<timestamp>338.612182</timestamp>
			</report>
			<report>
				<misses>4583001</misses>
				<total>4560564</total>
				<timestamp>338.686450</timestamp>
			</report>
			<report>
				<misses>4584001</misses>
				<total>4561563</total>
				<timestamp>338.760671</timestamp>
			</report>
			<report>
				<misses>4585001</misses>
				<total>4562562</total>
				<timestamp>338.836545</timestamp>
			</report>
			<report>
				<misses>4586001</misses>
				<total>4563561</total>
				<timestamp>338.906713</timestamp>
			</report>
			<report>
				<misses>4587001</misses>
				<total>4564560</total>
				<timestamp>338.979922</timestamp>
			</report>
			<report>
				<misses>4588001</misses>
				<total>4565559</total>
				<timestamp>339.052384</timestamp>
			</report>
			<report>
				<misses>4589001</misses>
				<total>4566558</total>
				<timestamp>339.133370</timestamp>
			</report>
			<report>
				<misses>4590001</misses>
				<total>4567557</total>
				<timestamp>339.207791</timestamp>
			</report>
			<report>
				<misses>4591001</misses>
				<total>4568556</total>
				<timestamp>339.282144</timestamp>
			</report>
			<report>
				<misses>4592001</misses>
				<total>4569555</total>
				<timestamp>339.364333</timestamp>
			</report>
			<report>
				<misses>4593001</misses>
				<total>4570554</total>
				<timestamp>339.438859</timestamp>
			</report>
			<report>
				<misses>4594001</misses>
				<total>4571553</total>
				<timestamp>339.510938</timestamp>
			</report>
			<report>
				<misses>4595001</misses>
				<total>4572552</total>
				<timestamp>339.587574</timestamp>
			</report>
			<report>
				<misses>4596001</misses>
				<total>4573551</total>
				<timestamp>339.660914</timestamp>
			</report>
			<report>
				<misses>4597001</misses>
				<total>4574550</total>
				<timestamp>339.732731</timestamp>
			</report>
			<report>
				<misses>4598001</misses>
				<total>4575549</total>
				<timestamp>339.809259</timestamp>
			</report>
			<report>
				<misses>4599001</misses>
				<total>4576548</total>
				<timestamp>339.883981</timestamp>
			</report>
			<report>
				<misses>4600001</misses>
				<total>4577547</total>
				<timestamp>339.955294</timestamp>
			</report>
			<report>
				<misses>4601001</misses>
				<total>4578546</total>
				<timestamp>340.038482</timestamp>
			</report>
			<report>
				<misses>4602001</misses>
				<total>4579545</total>
				<timestamp>340.109039</timestamp>
			</report>
			<report>
				<misses>4603001</misses>
				<total>4580544</total>
				<timestamp>340.184525</timestamp>
			</report>
			<report>
				<misses>4604001</misses>
				<total>4581543</total>
				<timestamp>340.254676</timestamp>
			</report>
			<report>
				<misses>4605001</misses>
				<total>4582542</total>
				<timestamp>340.325130</timestamp>
			</report>
			<report>
				<misses>4606001</misses>
				<total>4583541</total>
				<timestamp>340.396672</timestamp>
			</report>
			<report>
				<misses>4607001</misses>
				<total>4584540</total>
				<timestamp>340.468177</timestamp>
			</report>
			<report>
				<misses>4608001</misses>
				<total>4585539</total>
				<timestamp>340.541527</timestamp>
			</report>
			<report>
				<misses>4609001</misses>
				<total>4586538</total>
				<timestamp>340.618153</timestamp>
			</report>
			<report>
				<misses>4610001</misses>
				<total>4587537</total>
				<timestamp>340.688745</timestamp>
			</report>
			<report>
				<misses>4611001</misses>
				<total>4588536</total>
				<timestamp>340.760188</timestamp>
			</report>
			<report>
				<misses>4612001</misses>
				<total>4589535</total>
				<timestamp>340.830191</timestamp>
			</report>
			<report>
				<misses>4613001</misses>
				<total>4590534</total>
				<timestamp>340.905457</timestamp>
			</report>
			<report>
				<misses>4614001</misses>
				<total>4591533</total>
				<timestamp>340.975574</timestamp>
			</report>
			<report>
				<misses>4615001</misses>
				<total>4592532</total>
				<timestamp>341.045574</timestamp>
			</report>
			<report>
				<misses>4616001</misses>
				<total>4593531</total>
				<timestamp>341.120086</timestamp>
			</report>
			<report>
				<misses>4617001</misses>
				<total>4594530</total>
				<timestamp>341.197933</timestamp>
			</report>
			<report>
				<misses>4618001</misses>
				<total>4595529</total>
				<timestamp>341.275549</timestamp>
			</report>
			<report>
				<misses>4619001</misses>
				<total>4596528</total>
				<timestamp>341.357160</timestamp>
			</report>
			<report>
				<misses>4620001</misses>
				<total>4597527</total>
				<timestamp>341.429915</timestamp>
			</report>
			<report>
				<misses>4621001</misses>
				<total>4598526</total>
				<timestamp>341.504684</timestamp>
			</report>
			<report>
				<misses>4622001</misses>
				<total>4599525</total>
				<timestamp>341.577903</timestamp>
			</report>
			<report>
				<misses>4623001</misses>
				<total>4600524</total>
				<timestamp>341.647991</timestamp>
			</report>
			<report>
				<misses>4624001</misses>
				<total>4601523</total>
				<timestamp>341.720276</timestamp>
			</report>
			<report>
				<misses>4625001</misses>
				<total>4602522</total>
				<timestamp>341.793044</timestamp>
			</report>
			<report>
				<misses>4626001</misses>
				<total>4603521</total>
				<timestamp>341.865700</timestamp>
			</report>
			<report>
				<misses>4627001</misses>
				<total>4604520</total>
				<timestamp>341.940860</timestamp>
			</report>
			<report>
				<misses>4628001</misses>
				<total>4605519</total>
				<timestamp>342.020173</timestamp>
			</report>
			<report>
				<misses>4629001</misses>
				<total>4606518</total>
				<timestamp>342.098335</timestamp>
			</report>
			<report>
				<misses>4630001</misses>
				<total>4607517</total>
				<timestamp>342.171268</timestamp>
			</report>
			<report>
				<misses>4631001</misses>
				<total>4608516</total>
				<timestamp>342.244956</timestamp>
			</report>
			<report>
				<misses>4632001</misses>
				<total>4609515</total>
				<timestamp>342.324137</timestamp>
			</report>
			<report>
				<misses>4633001</misses>
				<total>4610514</total>
				<timestamp>342.395833</timestamp>
			</report>
			<report>
				<misses>4634001</misses>
				<total>4611513</total>
				<timestamp>342.471333</timestamp>
			</report>
			<report>
				<misses>4635001</misses>
				<total>4612512</total>
				<timestamp>342.547099</timestamp>
			</report>
			<report>
				<misses>4636001</misses>
				<total>4613511</total>
				<timestamp>342.629987</timestamp>
			</report>
			<report>
				<misses>4637001</misses>
				<total>4614510</total>
				<timestamp>342.705510</timestamp>
			</report>
			<report>
				<misses>4638001</misses>
				<total>4615509</total>
				<timestamp>342.778338</timestamp>
			</report>
			<report>
				<misses>4639001</misses>
				<total>4616508</total>
				<timestamp>342.849434</timestamp>
			</report>
			<report>
				<misses>4640001</misses>
				<total>4617507</total>
				<timestamp>342.924873</timestamp>
			</report>
			<report>
				<misses>4641001</misses>
				<total>4618506</total>
				<timestamp>343.004828</timestamp>
			</report>
			<report>
				<misses>4642001</misses>
				<total>4619505</total>
				<timestamp>343.084633</timestamp>
			</report>
			<report>
				<misses>4643001</misses>
				<total>4620504</total>
				<timestamp>343.158041</timestamp>
			</report>
			<report>
				<misses>4644001</misses>
				<total>4621503</total>
				<timestamp>343.228102</timestamp>
			</report>
			<report>
				<misses>4645001</misses>
				<total>4622502</total>
				<timestamp>343.299751</timestamp>
			</report>
			<report>
				<misses>4646001</misses>
				<total>4623501</total>
				<timestamp>343.372457</timestamp>
			</report>
			<report>
				<misses>4647001</misses>
				<total>4624500</total>
				<timestamp>343.444606</timestamp>
			</report>
			<report>
				<misses>4648001</misses>
				<total>4625499</total>
				<timestamp>343.516581</timestamp>
			</report>
			<report>
				<misses>4649001</misses>
				<total>4626498</total>
				<timestamp>343.587920</timestamp>
			</report>
			<report>
				<misses>4650001</misses>
				<total>4627497</total>
				<timestamp>343.658724</timestamp>
			</report>
			<report>
				<misses>4651001</misses>
				<total>4628496</total>
				<timestamp>343.731514</timestamp>
			</report>
			<report>
				<misses>4652001</misses>
				<total>4629495</total>
				<timestamp>343.806797</timestamp>
			</report>
			<report>
				<misses>4653001</misses>
				<total>4630494</total>
				<timestamp>343.883390</timestamp>
			</report>
			<report>
				<misses>4654001</misses>
				<total>4631493</total>
				<timestamp>343.959571</timestamp>
			</report>
			<report>
				<misses>4655001</misses>
				<total>4632492</total>
				<timestamp>344.041281</timestamp>
			</report>
			<report>
				<misses>4656001</misses>
				<total>4633477</total>
				<timestamp>344.116908</timestamp>
			</report>
			<report>
				<misses>4657001</misses>
				<total>4634476</total>
				<timestamp>344.192136</timestamp>
			</report>
			<report>
				<misses>4658001</misses>
				<total>4635475</total>
				<timestamp>344.266138</timestamp>
			</report>
			<report>
				<misses>4659001</misses>
				<total>4636474</total>
				<timestamp>344.342512</timestamp>
			</report>
			<report>
				<misses>4660001</misses>
				<total>4637473</total>
				<timestamp>344.416988</timestamp>
			</report>
			<report>
				<misses>4661001</misses>
				<total>4638472</total>
				<timestamp>344.488555</timestamp>
			</report>
			<report>
				<misses>4662001</misses>
				<total>4639471</total>
				<timestamp>344.561765</timestamp>
			</report>
			<report>
				<misses>4663001</misses>
				<total>4640351</total>
				<timestamp>344.636211</timestamp>
			</report>
			<report>
				<misses>4664001</misses>
				<total>4641350</total>
				<timestamp>344.710434</timestamp>
			</report>
			<report>
				<misses>4665001</misses>
				<total>4642349</total>
				<timestamp>344.790102</timestamp>
			</report>
			<report>
				<misses>4666001</misses>
				<total>4643348</total>
				<timestamp>344.866859</timestamp>
			</report>
			<report>
				<misses>4667001</misses>
				<total>4644347</total>
				<timestamp>344.940568</timestamp>
			</report>
			<report>
				<misses>4668001</misses>
				<total>4645346</total>
				<timestamp>345.015677</timestamp>
			</report>
			<report>
				<misses>4669001</misses>
				<total>4646345</total>
				<timestamp>345.087254</timestamp>
			</report>
			<report>
				<misses>4670001</misses>
				<total>4647344</total>
				<timestamp>345.161977</timestamp>
			</report>
			<report>
				<misses>4671001</misses>
				<total>4648343</total>
				<timestamp>345.232030</timestamp>
			</report>
			<report>
				<misses>4672001</misses>
				<total>4649342</total>
				<timestamp>345.302205</timestamp>
			</report>
			<report>
				<misses>4673001</misses>
				<total>4650341</total>
				<timestamp>345.372251</timestamp>
			</report>
			<report>
				<misses>4674001</misses>
				<total>4651340</total>
				<timestamp>345.443248</timestamp>
			</report>
			<report>
				<misses>4675001</misses>
				<total>4652339</total>
				<timestamp>345.519875</timestamp>
			</report>
			<report>
				<misses>4676001</misses>
				<total>4653338</total>
				<timestamp>345.593463</timestamp>
			</report>
			<report>
				<misses>4677001</misses>
				<total>4654337</total>
				<timestamp>345.669766</timestamp>
			</report>
			<report>
				<misses>4678001</misses>
				<total>4655336</total>
				<timestamp>345.740389</timestamp>
			</report>
			<report>
				<misses>4679001</misses>
				<total>4656335</total>
				<timestamp>345.815966</timestamp>
			</report>
			<report>
				<misses>4680001</misses>
				<total>4657334</total>
				<timestamp>345.889316</timestamp>
			</report>
			<report>
				<misses>4681001</misses>
				<total>4658333</total>
				<timestamp>345.967481</timestamp>
			</report>
			<report>
				<misses>4682001</misses>
				<total>4659332</total>
				<timestamp>346.037511</timestamp>
			</report>
			<report>
				<misses>4683001</misses>
				<total>4660331</total>
				<timestamp>346.107753</timestamp>
			</report>
			<report>
				<misses>4684001</misses>
				<total>4661330</total>
				<timestamp>346.177917</timestamp>
			</report>
			<report>
				<misses>4685001</misses>
				<total>4662329</total>
				<timestamp>346.247893</timestamp>
			</report>
			<report>
				<misses>4686001</misses>
				<total>4663328</total>
				<timestamp>346.319032</timestamp>
			</report>
			<report>
				<misses>4687001</misses>
				<total>4664327</total>
				<timestamp>346.395986</timestamp>
			</report>
			<report>
				<misses>4688001</misses>
				<total>4665326</total>
				<timestamp>346.466894</timestamp>
			</report>
			<report>
				<misses>4689001</misses>
				<total>4666325</total>
				<timestamp>346.545485</timestamp>
			</report>
			<report>
				<misses>4690001</misses>
				<total>4667324</total>
				<timestamp>346.615486</timestamp>
			</report>
			<report>
				<misses>4691001</misses>
				<total>4668323</total>
				<timestamp>346.691386</timestamp>
			</report>
			<report>
				<misses>4692001</misses>
				<total>4669322</total>
				<timestamp>346.762420</timestamp>
			</report>
			<report>
				<misses>4693001</misses>
				<total>4670321</total>
				<timestamp>346.842597</timestamp>
			</report>
			<report>
				<misses>4694001</misses>
				<total>4671320</total>
				<timestamp>346.916102</timestamp>
			</report>
			<report>
				<misses>4695001</misses>
				<total>4672319</total>
				<timestamp>346.989874</timestamp>
			</report>
			<report>
				<misses>4696001</misses>
				<total>4673318</total>
				<timestamp>347.064711</timestamp>
			</report>
			<report>
				<misses>4697001</misses>
				<total>4674317</total>
				<timestamp>347.138957</timestamp>
			</report>
			<report>
				<misses>4698001</misses>
				<total>4675316</total>
				<timestamp>347.215128</timestamp>
			</report>
			<report>
				<misses>4699001</misses>
				<total>4676315</total>
				<timestamp>347.286696</timestamp>
			</report>
			<report>
				<misses>4700001</misses>
				<total>4677314</total>
				<timestamp>347.356681</timestamp>
			</report>
			<report>
				<misses>4701001</misses>
				<total>4678313</total>
				<timestamp>347.433091</timestamp>
			</report>
			<report>
				<misses>4702001</misses>
				<total>4679312</total>
				<timestamp>347.503389</timestamp>
			</report>
			<report>
				<misses>4703001</misses>
				<total>4680311</total>
				<timestamp>347.574171</timestamp>
			</report>
			<report>
				<misses>4704001</misses>
				<total>4681310</total>
				<timestamp>347.649996</timestamp>
			</report>
			<report>
				<misses>4705001</misses>
				<total>4682309</total>
				<timestamp>347.730323</timestamp>
			</report>
			<report>
				<misses>4706001</misses>
				<total>4683308</total>
				<timestamp>347.804308</timestamp>
			</report>
			<report>
				<misses>4707001</misses>
				<total>4684307</total>
				<timestamp>347.879771</timestamp>
			</report>
			<report>
				<misses>4708001</misses>
				<total>4685306</total>
				<timestamp>347.963790</timestamp>
			</report>
			<report>
				<misses>4709001</misses>
				<total>4686305</total>
				<timestamp>348.040113</timestamp>
			</report>
			<report>
				<misses>4710001</misses>
				<total>4687304</total>
				<timestamp>348.110125</timestamp>
			</report>
			<report>
				<misses>4711001</misses>
				<total>4688303</total>
				<timestamp>348.182530</timestamp>
			</report>
			<report>
				<misses>4712001</misses>
				<total>4689302</total>
				<timestamp>348.264096</timestamp>
			</report>
			<report>
				<misses>4713001</misses>
				<total>4690301</total>
				<timestamp>348.343757</timestamp>
			</report>
			<report>
				<misses>4714001</misses>
				<total>4691300</total>
				<timestamp>348.424635</timestamp>
			</report>
			<report>
				<misses>4715001</misses>
				<total>4692299</total>
				<timestamp>348.498140</timestamp>
			</report>
			<report>
				<misses>4716001</misses>
				<total>4693298</total>
				<timestamp>348.572114</timestamp>
			</report>
			<report>
				<misses>4717001</misses>
				<total>4694297</total>
				<timestamp>348.642130</timestamp>
			</report>
			<report>
				<misses>4718001</misses>
				<total>4695296</total>
				<timestamp>348.713228</timestamp>
			</report>
			<report>
				<misses>4719001</misses>
				<total>4696295</total>
				<timestamp>348.788121</timestamp>
			</report>
			<report>
				<misses>4720001</misses>
				<total>4697294</total>
				<timestamp>348.869001</timestamp>
			</report>
			<report>
				<misses>4721001</misses>
				<total>4698293</total>
				<timestamp>348.948578</timestamp>
			</report>
			<report>
				<misses>4722001</misses>
				<total>4699292</total>
				<timestamp>349.025597</timestamp>
			</report>
			<report>
				<misses>4723001</misses>
				<total>4700291</total>
				<timestamp>349.108359</timestamp>
			</report>
			<report>
				<misses>4724001</misses>
				<total>4701290</total>
				<timestamp>349.180678</timestamp>
			</report>
			<report>
				<misses>4725001</misses>
				<total>4702289</total>
				<timestamp>349.250687</timestamp>
			</report>
			<report>
				<misses>4726001</misses>
				<total>4703288</total>
				<timestamp>349.324766</timestamp>
			</report>
			<report>
				<misses>4727001</misses>
				<total>4704287</total>
				<timestamp>349.395948</timestamp>
			</report>
			<report>
				<misses>4728001</misses>
				<total>4705286</total>
				<timestamp>349.466210</timestamp>
			</report>
			<report>
				<misses>4729001</misses>
				<total>4706285</total>
				<timestamp>349.540568</timestamp>
			</report>
			<report>
				<misses>4730001</misses>
				<total>4707284</total>
				<timestamp>349.610639</timestamp>
			</report>
			<report>
				<misses>4731001</misses>
				<total>4708283</total>
				<timestamp>349.681294</timestamp>
			</report>
			<report>
				<misses>4732001</misses>
				<total>4709282</total>
				<timestamp>349.752050</timestamp>
			</report>
			<report>
				<misses>4733001</misses>
				<total>4710281</total>
				<timestamp>349.822085</timestamp>
			</report>
			<report>
				<misses>4734001</misses>
				<total>4711280</total>
				<timestamp>349.896880</timestamp>
			</report>
			<report>
				<misses>4735001</misses>
				<total>4712279</total>
				<timestamp>349.973959</timestamp>
			</report>
			<report>
				<misses>4736001</misses>
				<total>4713278</total>
				<timestamp>350.049621</timestamp>
			</report>
			<report>
				<misses>4737001</misses>
				<total>4714277</total>
				<timestamp>350.130259</timestamp>
			</report>
			<report>
				<misses>4738001</misses>
				<total>4715276</total>
				<timestamp>350.203280</timestamp>
			</report>
			<report>
				<misses>4739001</misses>
				<total>4716275</total>
				<timestamp>350.277148</timestamp>
			</report>
			<report>
				<misses>4740001</misses>
				<total>4717274</total>
				<timestamp>350.347312</timestamp>
			</report>
			<report>
				<misses>4741001</misses>
				<total>4718273</total>
				<timestamp>350.417429</timestamp>
			</report>
			<report>
				<misses>4742001</misses>
				<total>4719272</total>
				<timestamp>350.489790</timestamp>
			</report>
			<report>
				<misses>4743001</misses>
				<total>4720271</total>
				<timestamp>350.561584</timestamp>
			</report>
			<report>
				<misses>4744001</misses>
				<total>4721270</total>
				<timestamp>350.637272</timestamp>
			</report>
			<report>
				<misses>4745001</misses>
				<total>4722269</total>
				<timestamp>350.707543</timestamp>
			</report>
			<report>
				<misses>4746001</misses>
				<total>4723268</total>
				<timestamp>350.780057</timestamp>
			</report>
			<report>
				<misses>4747001</misses>
				<total>4724267</total>
				<timestamp>350.854004</timestamp>
			</report>
			<report>
				<misses>4748001</misses>
				<total>4725266</total>
				<timestamp>350.933998</timestamp>
			</report>
			<report>
				<misses>4749001</misses>
				<total>4726265</total>
				<timestamp>351.009044</timestamp>
			</report>
			<report>
				<misses>4750001</misses>
				<total>4727264</total>
				<timestamp>351.084095</timestamp>
			</report>
			<report>
				<misses>4751001</misses>
				<total>4728263</total>
				<timestamp>351.159146</timestamp>
			</report>
			<report>
				<misses>4752001</misses>
				<total>4729262</total>
				<timestamp>351.229303</timestamp>
			</report>
			<report>
				<misses>4753001</misses>
				<total>4730261</total>
				<timestamp>351.299409</timestamp>
			</report>
			<report>
				<misses>4754001</misses>
				<total>4731260</total>
				<timestamp>351.369494</timestamp>
			</report>
			<report>
				<misses>4755001</misses>
				<total>4732259</total>
				<timestamp>351.445485</timestamp>
			</report>
			<report>
				<misses>4756001</misses>
				<total>4733258</total>
				<timestamp>351.520270</timestamp>
			</report>
			<report>
				<misses>4757001</misses>
				<total>4734257</total>
				<timestamp>351.598060</timestamp>
			</report>
			<report>
				<misses>4758001</misses>
				<total>4735256</total>
				<timestamp>351.674416</timestamp>
			</report>
			<report>
				<misses>4759001</misses>
				<total>4736255</total>
				<timestamp>351.752071</timestamp>
			</report>
			<report>
				<misses>4760001</misses>
				<total>4737254</total>
				<timestamp>351.827955</timestamp>
			</report>
			<report>
				<misses>4761001</misses>
				<total>4738253</total>
				<timestamp>351.902690</timestamp>
			</report>
			<report>
				<misses>4762001</misses>
				<total>4739252</total>
				<timestamp>351.973085</timestamp>
			</report>
			<report>
				<misses>4763001</misses>
				<total>4740251</total>
				<timestamp>352.043478</timestamp>
			</report>
			<report>
				<misses>4764001</misses>
				<total>4741250</total>
				<timestamp>352.115180</timestamp>
			</report>
			<report>
				<misses>4765001</misses>
				<total>4742249</total>
				<timestamp>352.185172</timestamp>
			</report>
			<report>
				<misses>4766001</misses>
				<total>4743248</total>
				<timestamp>352.262538</timestamp>
			</report>
			<report>
				<misses>4767001</misses>
				<total>4744247</total>
				<timestamp>352.339225</timestamp>
			</report>
			<report>
				<misses>4768001</misses>
				<total>4745246</total>
				<timestamp>352.413708</timestamp>
			</report>
			<report>
				<misses>4769001</misses>
				<total>4746245</total>
				<timestamp>352.483774</timestamp>
			</report>
			<report>
				<misses>4770001</misses>
				<total>4747244</total>
				<timestamp>352.566158</timestamp>
			</report>
			<report>
				<misses>4771001</misses>
				<total>4748243</total>
				<timestamp>352.644090</timestamp>
			</report>
			<report>
				<misses>4772001</misses>
				<total>4749242</total>
				<timestamp>352.720080</timestamp>
			</report>
			<report>
				<misses>4773001</misses>
				<total>4750241</total>
				<timestamp>352.795836</timestamp>
			</report>
			<report>
				<misses>4774001</misses>
				<total>4751240</total>
				<timestamp>352.866885</timestamp>
			</report>
			<report>
				<misses>4775001</misses>
				<total>4752239</total>
				<timestamp>352.941997</timestamp>
			</report>
			<report>
				<misses>4776001</misses>
				<total>4753238</total>
				<timestamp>353.012041</timestamp>
			</report>
			<report>
				<misses>4777001</misses>
				<total>4754237</total>
				<timestamp>353.082170</timestamp>
			</report>
			<report>
				<misses>4778001</misses>
				<total>4755236</total>
				<timestamp>353.156700</timestamp>
			</report>
			<report>
				<misses>4779001</misses>
				<total>4756235</total>
				<timestamp>353.228946</timestamp>
			</report>
			<report>
				<misses>4780001</misses>
				<total>4757234</total>
				<timestamp>353.299918</timestamp>
			</report>
			<report>
				<misses>4781001</misses>
				<total>4758233</total>
				<timestamp>353.374228</timestamp>
			</report>
			<report>
				<misses>4782001</misses>
				<total>4759232</total>
				<timestamp>353.450551</timestamp>
			</report>
			<report>
				<misses>4783001</misses>
				<total>4760231</total>
				<timestamp>353.523197</timestamp>
			</report>
			<report>
				<misses>4784001</misses>
				<total>4761230</total>
				<timestamp>353.595889</timestamp>
			</report>
			<report>
				<misses>4785001</misses>
				<total>4762229</total>
				<timestamp>353.666596</timestamp>
			</report>
			<report>
				<misses>4786001</misses>
				<total>4763228</total>
				<timestamp>353.738415</timestamp>
			</report>
			<report>
				<misses>4787001</misses>
				<total>4764227</total>
				<timestamp>353.812077</timestamp>
			</report>
			<report>
				<misses>4788001</misses>
				<total>4765226</total>
				<timestamp>353.894583</timestamp>
			</report>
			<report>
				<misses>4789001</misses>
				<total>4766225</total>
				<timestamp>353.968131</timestamp>
			</report>
			<report>
				<misses>4790001</misses>
				<total>4767224</total>
				<timestamp>354.044185</timestamp>
			</report>
			<report>
				<misses>4791001</misses>
				<total>4768223</total>
				<timestamp>354.115639</timestamp>
			</report>
			<report>
				<misses>4792001</misses>
				<total>4769222</total>
				<timestamp>354.185672</timestamp>
			</report>
			<report>
				<misses>4793001</misses>
				<total>4770221</total>
				<timestamp>354.259996</timestamp>
			</report>
			<report>
				<misses>4794001</misses>
				<total>4771220</total>
				<timestamp>354.335009</timestamp>
			</report>
			<report>
				<misses>4795001</misses>
				<total>4772219</total>
				<timestamp>354.406757</timestamp>
			</report>
			<report>
				<misses>4796001</misses>
				<total>4773218</total>
				<timestamp>354.479503</timestamp>
			</report>
			<report>
				<misses>4797001</misses>
				<total>4774217</total>
				<timestamp>354.552116</timestamp>
			</report>
			<report>
				<misses>4798001</misses>
				<total>4775216</total>
				<timestamp>354.623864</timestamp>
			</report>
			<report>
				<misses>4799001</misses>
				<total>4776215</total>
				<timestamp>354.695637</timestamp>
			</report>
			<report>
				<misses>4800001</misses>
				<total>4777214</total>
				<timestamp>354.771618</timestamp>
			</report>
			<report>
				<misses>4801001</misses>
				<total>4778213</total>
				<timestamp>354.851656</timestamp>
			</report>
			<report>
				<misses>4802001</misses>
				<total>4779212</total>
				<timestamp>354.922974</timestamp>
			</report>
			<report>
				<misses>4803001</misses>
				<total>4780211</total>
				<timestamp>354.997577</timestamp>
			</report>
			<report>
				<misses>4804001</misses>
				<total>4781210</total>
				<timestamp>355.075591</timestamp>
			</report>
			<report>
				<misses>4805001</misses>
				<total>4782209</total>
				<timestamp>355.145767</timestamp>
			</report>
			<report>
				<misses>4806001</misses>
				<total>4783208</total>
				<timestamp>355.219999</timestamp>
			</report>
			<report>
				<misses>4807001</misses>
				<total>4784207</total>
				<timestamp>355.296875</timestamp>
			</report>
			<report>
				<misses>4808001</misses>
				<total>4785206</total>
				<timestamp>355.376189</timestamp>
			</report>
			<report>
				<misses>4809001</misses>
				<total>4786205</total>
				<timestamp>355.452821</timestamp>
			</report>
			<report>
				<misses>4810001</misses>
				<total>4787204</total>
				<timestamp>355.524888</timestamp>
			</report>
			<report>
				<misses>4811001</misses>
				<total>4788203</total>
				<timestamp>355.598355</timestamp>
			</report>
			<report>
				<misses>4812001</misses>
				<total>4789202</total>
				<timestamp>355.675614</timestamp>
			</report>
			<report>
				<misses>4813001</misses>
				<total>4790201</total>
				<timestamp>355.750844</timestamp>
			</report>
			<report>
				<misses>4814001</misses>
				<total>4791200</total>
				<timestamp>355.824821</timestamp>
			</report>
			<report>
				<misses>4815001</misses>
				<total>4792199</total>
				<timestamp>355.898047</timestamp>
			</report>
			<report>
				<misses>4816001</misses>
				<total>4793198</total>
				<timestamp>355.973914</timestamp>
			</report>
			<report>
				<misses>4817001</misses>
				<total>4794197</total>
				<timestamp>356.047124</timestamp>
			</report>
			<report>
				<misses>4818001</misses>
				<total>4795196</total>
				<timestamp>356.118562</timestamp>
			</report>
			<report>
				<misses>4819001</misses>
				<total>4796195</total>
				<timestamp>356.197971</timestamp>
			</report>
			<report>
				<misses>4820001</misses>
				<total>4797194</total>
				<timestamp>356.268029</timestamp>
			</report>
			<report>
				<misses>4821001</misses>
				<total>4798193</total>
				<timestamp>356.340642</timestamp>
			</report>
			<report>
				<misses>4822001</misses>
				<total>4799192</total>
				<timestamp>356.414109</timestamp>
			</report>
			<report>
				<misses>4823001</misses>
				<total>4800191</total>
				<timestamp>356.486563</timestamp>
			</report>
			<report>
				<misses>4824001</misses>
				<total>4801190</total>
				<timestamp>356.557427</timestamp>
			</report>
			<report>
				<misses>4825001</misses>
				<total>4802189</total>
				<timestamp>356.638754</timestamp>
			</report>
			<report>
				<misses>4826001</misses>
				<total>4803188</total>
				<timestamp>356.715739</timestamp>
			</report>
			<report>
				<misses>4827001</misses>
				<total>4804187</total>
				<timestamp>356.791527</timestamp>
			</report>
			<report>
				<misses>4828001</misses>
				<total>4805186</total>
				<timestamp>356.866311</timestamp>
			</report>
			<report>
				<misses>4829001</misses>
				<total>4806185</total>
				<timestamp>356.938538</timestamp>
			</report>
			<report>
				<misses>4830001</misses>
				<total>4807184</total>
				<timestamp>357.008752</timestamp>
			</report>
			<report>
				<misses>4831001</misses>
				<total>4808183</total>
				<timestamp>357.083037</timestamp>
			</report>
			<report>
				<misses>4832001</misses>
				<total>4809182</total>
				<timestamp>357.166933</timestamp>
			</report>
			<report>
				<misses>4833001</misses>
				<total>4810181</total>
				<timestamp>357.242713</timestamp>
			</report>
			<report>
				<misses>4834001</misses>
				<total>4811180</total>
				<timestamp>357.312894</timestamp>
			</report>
			<report>
				<misses>4835001</misses>
				<total>4812179</total>
				<timestamp>357.385051</timestamp>
			</report>
			<report>
				<misses>4836001</misses>
				<total>4813178</total>
				<timestamp>357.460915</timestamp>
			</report>
			<report>
				<misses>4837001</misses>
				<total>4814177</total>
				<timestamp>357.533397</timestamp>
			</report>
			<report>
				<misses>4838001</misses>
				<total>4815176</total>
				<timestamp>357.609176</timestamp>
			</report>
			<report>
				<misses>4839001</misses>
				<total>4816175</total>
				<timestamp>357.687432</timestamp>
			</report>
			<report>
				<misses>4840001</misses>
				<total>4817174</total>
				<timestamp>357.760724</timestamp>
			</report>
			<report>
				<misses>4841001</misses>
				<total>4818173</total>
				<timestamp>357.830835</timestamp>
			</report>
			<report>
				<misses>4842001</misses>
				<total>4819172</total>
				<timestamp>357.904168</timestamp>
			</report>
			<report>
				<misses>4843001</misses>
				<total>4820171</total>
				<timestamp>357.974179</timestamp>
			</report>
			<report>
				<misses>4844001</misses>
				<total>4821170</total>
				<timestamp>358.044988</timestamp>
			</report>
			<report>
				<misses>4845001</misses>
				<total>4822169</total>
				<timestamp>358.115684</timestamp>
			</report>
			<report>
				<misses>4846001</misses>
				<total>4823168</total>
				<timestamp>358.185698</timestamp>
			</report>
			<report>
				<misses>4847001</misses>
				<total>4824167</total>
				<timestamp>358.261456</timestamp>
			</report>
			<report>
				<misses>4848001</misses>
				<total>4825166</total>
				<timestamp>358.337841</timestamp>
			</report>
			<report>
				<misses>4849001</misses>
				<total>4826165</total>
				<timestamp>358.413664</timestamp>
			</report>
			<report>
				<misses>4850001</misses>
				<total>4827164</total>
				<timestamp>358.491719</timestamp>
			</report>
			<report>
				<misses>4851001</misses>
				<total>4828163</total>
				<timestamp>358.572288</timestamp>
			</report>
			<report>
				<misses>4852001</misses>
				<total>4829162</total>
				<timestamp>358.653459</timestamp>
			</report>
			<report>
				<misses>4853001</misses>
				<total>4830161</total>
				<timestamp>358.725601</timestamp>
			</report>
			<report>
				<misses>4854001</misses>
				<total>4831160</total>
				<timestamp>358.795799</timestamp>
			</report>
			<report>
				<misses>4855001</misses>
				<total>4832159</total>
				<timestamp>358.869014</timestamp>
			</report>
			<report>
				<misses>4856001</misses>
				<total>4833158</total>
				<timestamp>358.946974</timestamp>
			</report>
			<report>
				<misses>4857001</misses>
				<total>4834157</total>
				<timestamp>359.017086</timestamp>
			</report>
			<report>
				<misses>4858001</misses>
				<total>4835156</total>
				<timestamp>359.087102</timestamp>
			</report>
			<report>
				<misses>4859001</misses>
				<total>4836155</total>
				<timestamp>359.158209</timestamp>
			</report>
			<report>
				<misses>4860001</misses>
				<total>4837154</total>
				<timestamp>359.228262</timestamp>
			</report>
			<report>
				<misses>4861001</misses>
				<total>4838153</total>
				<timestamp>359.298333</timestamp>
			</report>
			<report>
				<misses>4862001</misses>
				<total>4839152</total>
				<timestamp>359.368416</timestamp>
			</report>
			<report>
				<misses>4863001</misses>
				<total>4840151</total>
				<timestamp>359.438465</timestamp>
			</report>
			<report>
				<misses>4864001</misses>
				<total>4841150</total>
				<timestamp>359.508517</timestamp>
			</report>
			<report>
				<misses>4865001</misses>
				<total>4842149</total>
				<timestamp>359.578710</timestamp>
			</report>
			<report>
				<misses>4866001</misses>
				<total>4843148</total>
				<timestamp>359.648729</timestamp>
			</report>
			<report>
				<misses>4867001</misses>
				<total>4844147</total>
				<timestamp>359.718852</timestamp>
			</report>
			<report>
				<misses>4868001</misses>
				<total>4845146</total>
				<timestamp>359.788824</timestamp>
			</report>
			<report>
				<misses>4869001</misses>
				<total>4846145</total>
				<timestamp>359.858904</timestamp>
			</report>
			<report>
				<misses>4870001</misses>
				<total>4847144</total>
				<timestamp>359.929003</timestamp>
			</report>
			<report>
				<misses>4871001</misses>
				<total>4848143</total>
				<timestamp>360.000461</timestamp>
			</report>
			<report>
				<misses>4872001</misses>
				<total>4849142</total>
				<timestamp>360.074236</timestamp>
			</report>
			<report>
				<misses>4873001</misses>
				<total>4850141</total>
				<timestamp>360.152588</timestamp>
			</report>
			<report>
				<misses>4874001</misses>
				<total>4851140</total>
				<timestamp>360.222719</timestamp>
			</report>
			<report>
				<misses>4875001</misses>
				<total>4852139</total>
				<timestamp>360.292794</timestamp>
			</report>
			<report>
				<misses>4876001</misses>
				<total>4853138</total>
				<timestamp>360.363368</timestamp>
			</report>
			<report>
				<misses>4877001</misses>
				<total>4854137</total>
				<timestamp>360.434359</timestamp>
			</report>
			<report>
				<misses>4878001</misses>
				<total>4855136</total>
				<timestamp>360.509117</timestamp>
			</report>
			<report>
				<misses>4879001</misses>
				<total>4856135</total>
				<timestamp>360.584195</timestamp>
			</report>
			<report>
				<misses>4880001</misses>
				<total>4857134</total>
				<timestamp>360.654342</timestamp>
			</report>
			<report>
				<misses>4881001</misses>
				<total>4858133</total>
				<timestamp>360.724491</timestamp>
			</report>
			<report>
				<misses>4882001</misses>
				<total>4859132</total>
				<timestamp>360.800007</timestamp>
			</report>
			<report>
				<misses>4883001</misses>
				<total>4860131</total>
				<timestamp>360.874125</timestamp>
			</report>
			<report>
				<misses>4884001</misses>
				<total>4861130</total>
				<timestamp>360.944498</timestamp>
			</report>
			<report>
				<misses>4885001</misses>
				<total>4862129</total>
				<timestamp>361.020136</timestamp>
			</report>
			<report>
				<misses>4886001</misses>
				<total>4863128</total>
				<timestamp>361.090215</timestamp>
			</report>
			<report>
				<misses>4887001</misses>
				<total>4864127</total>
				<timestamp>361.160306</timestamp>
			</report>
			<report>
				<misses>4888001</misses>
				<total>4865126</total>
				<timestamp>361.230575</timestamp>
			</report>
			<report>
				<misses>4889001</misses>
				<total>4866125</total>
				<timestamp>361.305419</timestamp>
			</report>
			<report>
				<misses>4890001</misses>
				<total>4867124</total>
				<timestamp>361.383561</timestamp>
			</report>
			<report>
				<misses>4891001</misses>
				<total>4868123</total>
				<timestamp>361.454197</timestamp>
			</report>
			<report>
				<misses>4892001</misses>
				<total>4869122</total>
				<timestamp>361.524269</timestamp>
			</report>
			<report>
				<misses>4893001</misses>
				<total>4870121</total>
				<timestamp>361.601809</timestamp>
			</report>
			<report>
				<misses>4894001</misses>
				<total>4871120</total>
				<timestamp>361.674926</timestamp>
			</report>
			<report>
				<misses>4895001</misses>
				<total>4872119</total>
				<timestamp>361.747144</timestamp>
			</report>
			<report>
				<misses>4896001</misses>
				<total>4873118</total>
				<timestamp>361.820483</timestamp>
			</report>
			<report>
				<misses>4897001</misses>
				<total>4874117</total>
				<timestamp>361.901067</timestamp>
			</report>
			<report>
				<misses>4898001</misses>
				<total>4875116</total>
				<timestamp>361.975590</timestamp>
			</report>
			<report>
				<misses>4899001</misses>
				<total>4876115</total>
				<timestamp>362.047692</timestamp>
			</report>
			<report>
				<misses>4900001</misses>
				<total>4877114</total>
				<timestamp>362.118732</timestamp>
			</report>
			<report>
				<misses>4901001</misses>
				<total>4878113</total>
				<timestamp>362.188708</timestamp>
			</report>
			<report>
				<misses>4902001</misses>
				<total>4879112</total>
				<timestamp>362.264727</timestamp>
			</report>
			<report>
				<misses>4903001</misses>
				<total>4880111</total>
				<timestamp>362.335774</timestamp>
			</report>
			<report>
				<misses>4904001</misses>
				<total>4881110</total>
				<timestamp>362.406820</timestamp>
			</report>
			<report>
				<misses>4905001</misses>
				<total>4882109</total>
				<timestamp>362.488483</timestamp>
			</report>
			<report>
				<misses>4906001</misses>
				<total>4883108</total>
				<timestamp>362.561141</timestamp>
			</report>
			<report>
				<misses>4907001</misses>
				<total>4884107</total>
				<timestamp>362.631191</timestamp>
			</report>
			<report>
				<misses>4908001</misses>
				<total>4885106</total>
				<timestamp>362.701321</timestamp>
			</report>
			<report>
				<misses>4909001</misses>
				<total>4886105</total>
				<timestamp>362.791160</timestamp>
			</report>
			<report>
				<misses>4910001</misses>
				<total>4887104</total>
				<timestamp>362.863743</timestamp>
			</report>
			<report>
				<misses>4911001</misses>
				<total>4888103</total>
				<timestamp>362.935095</timestamp>
			</report>
			<report>
				<misses>4912001</misses>
				<total>4889102</total>
				<timestamp>363.012553</timestamp>
			</report>
			<report>
				<misses>4913001</misses>
				<total>4890101</total>
				<timestamp>363.091963</timestamp>
			</report>
			<report>
				<misses>4914001</misses>
				<total>4891100</total>
				<timestamp>363.165355</timestamp>
			</report>
			<report>
				<misses>4915001</misses>
				<total>4892099</total>
				<timestamp>363.241857</timestamp>
			</report>
			<report>
				<misses>4916001</misses>
				<total>4893098</total>
				<timestamp>363.312055</timestamp>
			</report>
			<report>
				<misses>4917001</misses>
				<total>4894097</total>
				<timestamp>363.382357</timestamp>
			</report>
			<report>
				<misses>4918001</misses>
				<total>4895096</total>
				<timestamp>363.457875</timestamp>
			</report>
			<report>
				<misses>4919001</misses>
				<total>4896095</total>
				<timestamp>363.537516</timestamp>
			</report>
			<report>
				<misses>4920001</misses>
				<total>4897094</total>
				<timestamp>363.609873</timestamp>
			</report>
			<report>
				<misses>4921001</misses>
				<total>4898093</total>
				<timestamp>363.684289</timestamp>
			</report>
			<report>
				<misses>4922001</misses>
				<total>4899092</total>
				<timestamp>363.754284</timestamp>
			</report>
			<report>
				<misses>4923001</misses>
				<total>4900091</total>
				<timestamp>363.825588</timestamp>
			</report>
			<report>
				<misses>4924001</misses>
				<total>4901090</total>
				<timestamp>363.895748</timestamp>
			</report>
			<report>
				<misses>4925001</misses>
				<total>4902089</total>
				<timestamp>363.965762</timestamp>
			</report>
			<report>
				<misses>4926001</misses>
				<total>4903088</total>
				<timestamp>364.035768</timestamp>
			</report>
			<report>
				<misses>4927001</misses>
				<total>4904087</total>
				<timestamp>364.107067</timestamp>
			</report>
			<report>
				<misses>4928001</misses>
				<total>4905086</total>
				<timestamp>364.184091</timestamp>
			</report>
			<report>
				<misses>4929001</misses>
				<total>4906085</total>
				<timestamp>364.258704</timestamp>
			</report>
			<report>
				<misses>4930001</misses>
				<total>4907084</total>
				<timestamp>364.329391</timestamp>
			</report>
			<report>
				<misses>4931001</misses>
				<total>4908083</total>
				<timestamp>364.409104</timestamp>
			</report>
			<report>
				<misses>4932001</misses>
				<total>4909082</total>
				<timestamp>364.479108</timestamp>
			</report>
			<report>
				<misses>4933001</misses>
				<total>4910081</total>
				<timestamp>364.549124</timestamp>
			</report>
			<report>
				<misses>4934001</misses>
				<total>4911080</total>
				<timestamp>364.619114</timestamp>
			</report>
			<report>
				<misses>4935001</misses>
				<total>4912079</total>
				<timestamp>364.689112</timestamp>
			</report>
			<report>
				<misses>4936001</misses>
				<total>4913078</total>
				<timestamp>364.759136</timestamp>
			</report>
			<report>
				<misses>4937001</misses>
				<total>4914077</total>
				<timestamp>364.829168</timestamp>
			</report>
			<report>
				<misses>4938001</misses>
				<total>4915076</total>
				<timestamp>364.899451</timestamp>
			</report>
			<report>
				<misses>4939001</misses>
				<total>4916075</total>
				<timestamp>364.995647</timestamp>
			</report>
			<report>
				<misses>4940001</misses>
				<total>4917074</total>
				<timestamp>365.066207</timestamp>
			</report>
			<report>
				<misses>4941001</misses>
				<total>4918073</total>
				<timestamp>365.136259</timestamp>
			</report>
			<report>
				<misses>4942001</misses>
				<total>4919072</total>
				<timestamp>365.207056</timestamp>
			</report>
			<report>
				<misses>4943001</misses>
				<total>4920071</total>
				<timestamp>365.279490</timestamp>
			</report>
			<report>
				<misses>4944001</misses>
				<total>4921070</total>
				<timestamp>365.356287</timestamp>
			</report>
			<report>
				<misses>4945001</misses>
				<total>4922069</total>
				<timestamp>365.430966</timestamp>
			</report>
			<report>
				<misses>4946001</misses>
				<total>4923068</total>
				<timestamp>365.506748</timestamp>
			</report>
			<report>
				<misses>4947001</misses>
				<total>4924067</total>
				<timestamp>365.586036</timestamp>
			</report>
			<report>
				<misses>4948001</misses>
				<total>4925066</total>
				<timestamp>365.662464</timestamp>
			</report>
			<report>
				<misses>4949001</misses>
				<total>4926065</total>
				<timestamp>365.737609</timestamp>
			</report>
			<report>
				<misses>4950001</misses>
				<total>4927064</total>
				<timestamp>365.807781</timestamp>
			</report>
			<report>
				<misses>4951001</misses>
				<total>4928063</total>
				<timestamp>365.879842</timestamp>
			</report>
			<report>
				<misses>4952001</misses>
				<total>4929062</total>
				<timestamp>365.950792</timestamp>
			</report>
			<report>
				<misses>4953001</misses>
				<total>4930061</total>
				<timestamp>366.024822</timestamp>
			</report>
			<report>
				<misses>4954001</misses>
				<total>4931060</total>
				<timestamp>366.096461</timestamp>
			</report>
			<report>
				<misses>4955001</misses>
				<total>4932059</total>
				<timestamp>366.169371</timestamp>
			</report>
			<report>
				<misses>4956001</misses>
				<total>4933058</total>
				<timestamp>366.242500</timestamp>
			</report>
			<report>
				<misses>4957001</misses>
				<total>4934057</total>
				<timestamp>366.312608</timestamp>
			</report>
			<report>
				<misses>4958001</misses>
				<total>4935056</total>
				<timestamp>366.382838</timestamp>
			</report>
			<report>
				<misses>4959001</misses>
				<total>4936055</total>
				<timestamp>366.456095</timestamp>
			</report>
			<report>
				<misses>4960001</misses>
				<total>4937054</total>
				<timestamp>366.530793</timestamp>
			</report>
			<report>
				<misses>4961001</misses>
				<total>4938053</total>
				<timestamp>366.604967</timestamp>
			</report>
			<report>
				<misses>4962001</misses>
				<total>4939052</total>
				<timestamp>366.675476</timestamp>
			</report>
			<report>
				<misses>4963001</misses>
				<total>4940051</total>
				<timestamp>366.748054</timestamp>
			</report>
			<report>
				<misses>4964001</misses>
				<total>4941050</total>
				<timestamp>366.826216</timestamp>
			</report>
			<report>
				<misses>4965001</misses>
				<total>4942049</total>
				<timestamp>366.897596</timestamp>
			</report>
			<report>
				<misses>4966001</misses>
				<total>4943048</total>
				<timestamp>366.971536</timestamp>
			</report>
			<report>
				<misses>4967001</misses>
				<total>4944047</total>
				<timestamp>367.047267</timestamp>
			</report>
			<report>
				<misses>4968001</misses>
				<total>4945046</total>
				<timestamp>367.126780</timestamp>
			</report>
			<report>
				<misses>4969001</misses>
				<total>4946045</total>
				<timestamp>367.200220</timestamp>
			</report>
			<report>
				<misses>4970001</misses>
				<total>4947044</total>
				<timestamp>367.270565</timestamp>
			</report>
			<report>
				<misses>4971001</misses>
				<total>4948043</total>
				<timestamp>367.345336</timestamp>
			</report>
			<report>
				<misses>4972001</misses>
				<total>4949042</total>
				<timestamp>367.421698</timestamp>
			</report>
			<report>
				<misses>4973001</misses>
				<total>4950041</total>
				<timestamp>367.496790</timestamp>
			</report>
			<report>
				<misses>4974001</misses>
				<total>4951040</total>
				<timestamp>367.569222</timestamp>
			</report>
			<report>
				<misses>4975001</misses>
				<total>4952039</total>
				<timestamp>367.646233</timestamp>
			</report>
			<report>
				<misses>4976001</misses>
				<total>4953038</total>
				<timestamp>367.717288</timestamp>
			</report>
			<report>
				<misses>4977001</misses>
				<total>4954037</total>
				<timestamp>367.787342</timestamp>
			</report>
			<report>
				<misses>4978001</misses>
				<total>4955036</total>
				<timestamp>367.857480</timestamp>
			</report>
			<report>
				<misses>4979001</misses>
				<total>4956035</total>
				<timestamp>367.928656</timestamp>
			</report>
			<report>
				<misses>4980001</misses>
				<total>4957034</total>
				<timestamp>368.003606</timestamp>
			</report>
			<report>
				<misses>4981001</misses>
				<total>4958033</total>
				<timestamp>368.073979</timestamp>
			</report>
			<report>
				<misses>4982001</misses>
				<total>4959032</total>
				<timestamp>368.145837</timestamp>
			</report>
			<report>
				<misses>4983001</misses>
				<total>4960031</total>
				<timestamp>368.226855</timestamp>
			</report>
			<report>
				<misses>4984001</misses>
				<total>4961030</total>
				<timestamp>368.306919</timestamp>
			</report>
			<report>
				<misses>4985001</misses>
				<total>4962029</total>
				<timestamp>368.389288</timestamp>
			</report>
			<report>
				<misses>4986001</misses>
				<total>4963028</total>
				<timestamp>368.460079</timestamp>
			</report>
			<report>
				<misses>4987001</misses>
				<total>4964027</total>
				<timestamp>368.530687</timestamp>
			</report>
			<report>
				<misses>4988001</misses>
				<total>4965026</total>
				<timestamp>368.605366</timestamp>
			</report>
			<report>
				<misses>4989001</misses>
				<total>4966025</total>
				<timestamp>368.684334</timestamp>
			</report>
			<report>
				<misses>4990001</misses>
				<total>4967024</total>
				<timestamp>368.761927</timestamp>
			</report>
			<report>
				<misses>4991001</misses>
				<total>4968023</total>
				<timestamp>368.831956</timestamp>
			</report>
			<report>
				<misses>4992001</misses>
				<total>4969022</total>
				<timestamp>368.902016</timestamp>
			</report>
			<report>
				<misses>4993001</misses>
				<total>4970021</total>
				<timestamp>368.972418</timestamp>
			</report>
			<report>
				<misses>4994001</misses>
				<total>4971020</total>
				<timestamp>369.046010</timestamp>
			</report>
			<report>
				<misses>4995001</misses>
				<total>4972019</total>
				<timestamp>369.118150</timestamp>
			</report>
			<report>
				<misses>4996001</misses>
				<total>4973018</total>
				<timestamp>369.188159</timestamp>
			</report>
			<report>
				<misses>4997001</misses>
				<total>4974017</total>
				<timestamp>369.258411</timestamp>
			</report>
			<report>
				<misses>4998001</misses>
				<total>4975016</total>
				<timestamp>369.333298</timestamp>
			</report>
			<report>
				<misses>4999001</misses>
				<total>4976015</total>
				<timestamp>369.403390</timestamp>
			</report>
			<report>
				<misses>5000001</misses>
				<total>4977014</total>
				<timestamp>369.474189</timestamp>
			</report>
		</query>
	</custom>
	<ethtool_statistic>
		<rx_packets>
			<start>6945729637</start>
			<end>6972415600</end>
		</rx_packets>
		<tx_packets>
			<start>11477698264</start>
			<end>11556334595</end>
		</tx_packets>
		<rx_dropped>
			<start>0</start>
			<end>0</end>
		</rx_dropped>
		<tx_dropped>
			<start>0</start>
			<end>0</end>
		</tx_dropped>
		<collisions>
			<start>0</start>
			<end>0</end>
		</collisions>
		<port_tx_errors>
			<start>0</start>
			<end>0</end>
		</port_tx_errors>
		<port_rx_dropped>
			<start>0</start>
			<end>0</end>
		</port_rx_dropped>
		<port_tx_dropped_link_down>
			<start>0</start>
			<end>0</end>
		</port_tx_dropped_link_down>
	</ethtool_statistic>
	<ip_statistic>
		<mtu>
			<start>9000</start>
			<end>9000</end>
		</mtu>
		<rx_bytes>
			<start>28558521029942</start>
			<end>28676746442609</end>
		</rx_bytes>
		<rx_packets>
			<start>6945729701</start>
			<end>6972415744</end>
		</rx_packets>
		<rx_errors>
			<start>0</start>
			<end>0</end>
		</rx_errors>
		<rx_dropped>
			<start>0</start>
			<end>0</end>
		</rx_dropped>
		<rx_missed>
			<start>0</start>
			<end>0</end>
		</rx_missed>
		<rx_mcast>
			<start>4895</start>
			<end>4903</end>
		</rx_mcast>
		<tx_bytes>
			<start>38210923699560</start>
			<end>38633853104502</end>
		</tx_bytes>
		<tx_packets>
			<start>11477698670</start>
			<end>11556335106</end>
		</tx_packets>
		<tx_errors>
			<start>0</start>
			<end>0</end>
		</tx_errors>
		<tx_dropped>
			<start>0</start>
			<end>0</end>
		</tx_dropped>
		<tx_carrier>
			<start>0</start>
			<end>0</end>
		</tx_carrier>
		<tx_collisions>
			<start>0</start>
			<end>0</end>
		</tx_collisions>
	</ip_statistic>
	<netstat_statistic>
		<udp_pkg_rec>
			<start>5924559949</start>
			<end>5948183578</end>
		</udp_pkg_rec>
		<udp_pkg_snt>
			<start>10340137958</start>
			<end>10383811558</end>
		</udp_pkg_snt>
		<udp_rec_err>
			<start>1023076085</start>
			<end>1026140450</end>
		</udp_rec_err>
		<udp_rec_buf_err>
			<start>1023076085</start>
			<end>1026140450</end>
		</udp_rec_buf_err>
		<udp_snt_buf_err>
			<start>0</start>
			<end>0</end>
		</udp_snt_buf_err>
	</netstat_statistic>
</test_results>
