<?xml version="1.0"?>
<test_results>
	<status>STATUS_SUCCESS</status>
	<custom>
		<num_loss>0</num_loss>
		<num_total>109464759</num_total>
		<num_misses>-1524444957</num_misses>
		<elapsed_time>7199.965012</elapsed_time>
		<query>
			<report>
				<misses>100001</misses>
				<total>1</total>
				<timestamp>6.575686</timestamp>
			</report>
			<report>
				<misses>200001</misses>
				<total>0</total>
				<timestamp>13.147151</timestamp>
			</report>
			<report>
				<misses>300001</misses>
				<total>1</total>
				<timestamp>19.725668</timestamp>
			</report>
			<report>
				<misses>400001</misses>
				<total>1</total>
				<timestamp>26.299704</timestamp>
			</report>
			<report>
				<misses>500001</misses>
				<total>0</total>
				<timestamp>32.875109</timestamp>
			</report>
			<report>
				<misses>600001</misses>
				<total>0</total>
				<timestamp>39.452695</timestamp>
			</report>
			<report>
				<misses>700001</misses>
				<total>1</total>
				<timestamp>46.025733</timestamp>
			</report>
			<report>
				<misses>800001</misses>
				<total>1</total>
				<timestamp>52.600858</timestamp>
			</report>
			<report>
				<misses>900001</misses>
				<total>0</total>
				<timestamp>59.176392</timestamp>
			</report>
			<report>
				<misses>1000001</misses>
				<total>1</total>
				<timestamp>65.750578</timestamp>
			</report>
			<report>
				<misses>1100001</misses>
				<total>1</total>
				<timestamp>72.326237</timestamp>
			</report>
			<report>
				<misses>1200001</misses>
				<total>1</total>
				<timestamp>78.902778</timestamp>
			</report>
			<report>
				<misses>1300001</misses>
				<total>1</total>
				<timestamp>85.477692</timestamp>
			</report>
			<report>
				<misses>1400001</misses>
				<total>1</total>
				<timestamp>92.051674</timestamp>
			</report>
			<report>
				<misses>1500001</misses>
				<total>2</total>
				<timestamp>98.623830</timestamp>
			</report>
			<report>
				<misses>1600001</misses>
				<total>0</total>
				<timestamp>105.197131</timestamp>
			</report>
			<report>
				<misses>1700001</misses>
				<total>0</total>
				<timestamp>111.771888</timestamp>
			</report>
			<report>
				<misses>1800001</misses>
				<total>1</total>
				<timestamp>118.347196</timestamp>
			</report>
			<report>
				<misses>1900001</misses>
				<total>0</total>
				<timestamp>124.919521</timestamp>
			</report>
			<report>
				<misses>2000001</misses>
				<total>0</total>
				<timestamp>131.492147</timestamp>
			</report>
			<report>
				<misses>2100001</misses>
				<total>0</total>
				<timestamp>138.066806</timestamp>
			</report>
			<report>
				<misses>2200001</misses>
				<total>1</total>
				<timestamp>144.639190</timestamp>
			</report>
			<report>
				<misses>2300001</misses>
				<total>0</total>
				<timestamp>151.212788</timestamp>
			</report>
			<report>
				<misses>2400001</misses>
				<total>1</total>
				<timestamp>157.787401</timestamp>
			</report>
			<report>
				<misses>2500001</misses>
				<total>1</total>
				<timestamp>164.362148</timestamp>
			</report>
			<report>
				<misses>2600001</misses>
				<total>0</total>
				<timestamp>170.938099</timestamp>
			</report>
			<report>
				<misses>2700001</misses>
				<total>0</total>
				<timestamp>177.512993</timestamp>
			</report>
			<report>
				<misses>2800001</misses>
				<total>1</total>
				<timestamp>184.089005</timestamp>
			</report>
			<report>
				<misses>2900001</misses>
				<total>1</total>
				<timestamp>190.663964</timestamp>
			</report>
			<report>
				<misses>3000001</misses>
				<total>0</total>
				<timestamp>197.237100</timestamp>
			</report>
			<report>
				<misses>3100001</misses>
				<total>0</total>
				<timestamp>203.811500</timestamp>
			</report>
			<report>
				<misses>3200001</misses>
				<total>1</total>
				<timestamp>210.386070</timestamp>
			</report>
			<report>
				<misses>3300001</misses>
				<total>1</total>
				<timestamp>216.959727</timestamp>
			</report>
			<report>
				<misses>3400001</misses>
				<total>1</total>
				<timestamp>223.531950</timestamp>
			</report>
			<report>
				<misses>3500001</misses>
				<total>1</total>
				<timestamp>230.101855</timestamp>
			</report>
			<report>
				<misses>3600001</misses>
				<total>1</total>
				<timestamp>236.676211</timestamp>
			</report>
			<report>
				<misses>3700001</misses>
				<total>1</total>
				<timestamp>243.252547</timestamp>
			</report>
			<report>
				<misses>3800001</misses>
				<total>1</total>
				<timestamp>249.827618</timestamp>
			</report>
			<report>
				<misses>3900001</misses>
				<total>1</total>
				<timestamp>256.403657</timestamp>
			</report>
			<report>
				<misses>4000001</misses>
				<total>0</total>
				<timestamp>262.979617</timestamp>
			</report>
			<report>
				<misses>4100001</misses>
				<total>1</total>
				<timestamp>269.556017</timestamp>
			</report>
			<report>
				<misses>4200001</misses>
				<total>1</total>
				<timestamp>276.128866</timestamp>
			</report>
			<report>
				<misses>4300001</misses>
				<total>2</total>
				<timestamp>282.701866</timestamp>
			</report>
			<report>
				<misses>4400001</misses>
				<total>1</total>
				<timestamp>289.278663</timestamp>
			</report>
			<report>
				<misses>4500001</misses>
				<total>0</total>
				<timestamp>295.849029</timestamp>
			</report>
			<report>
				<misses>4600001</misses>
				<total>0</total>
				<timestamp>302.419643</timestamp>
			</report>
			<report>
				<misses>4700001</misses>
				<total>1</total>
				<timestamp>308.996387</timestamp>
			</report>
			<report>
				<misses>4800001</misses>
				<total>0</total>
				<timestamp>315.570935</timestamp>
			</report>
			<report>
				<misses>4900001</misses>
				<total>1</total>
				<timestamp>322.144505</timestamp>
			</report>
			<report>
				<misses>5000001</misses>
				<total>1</total>
				<timestamp>328.718582</timestamp>
			</report>
			<report>
				<misses>5100001</misses>
				<total>1</total>
				<timestamp>335.291904</timestamp>
			</report>
			<report>
				<misses>5200001</misses>
				<total>0</total>
				<timestamp>341.869648</timestamp>
			</report>
			<report>
				<misses>5300001</misses>
				<total>0</total>
				<timestamp>348.445341</timestamp>
			</report>
			<report>
				<misses>5400001</misses>
				<total>1</total>
				<timestamp>355.019260</timestamp>
			</report>
			<report>
				<misses>5500001</misses>
				<total>0</total>
				<timestamp>361.593023</timestamp>
			</report>
			<report>
				<misses>5600001</misses>
				<total>0</total>
				<timestamp>368.167273</timestamp>
			</report>
			<report>
				<misses>5700001</misses>
				<total>2</total>
				<timestamp>374.741743</timestamp>
			</report>
			<report>
				<misses>5800001</misses>
				<total>2</total>
				<timestamp>381.316648</timestamp>
			</report>
			<report>
				<misses>5900001</misses>
				<total>1</total>
				<timestamp>387.892993</timestamp>
			</report>
			<report>
				<misses>6000001</misses>
				<total>0</total>
				<timestamp>394.465707</timestamp>
			</report>
			<report>
				<misses>6100001</misses>
				<total>1</total>
				<timestamp>401.039276</timestamp>
			</report>
			<report>
				<misses>6200001</misses>
				<total>0</total>
				<timestamp>407.610488</timestamp>
			</report>
			<report>
				<misses>6300001</misses>
				<total>0</total>
				<timestamp>414.185994</timestamp>
			</report>
			<report>
				<misses>6400001</misses>
				<total>1</total>
				<timestamp>420.760356</timestamp>
			</report>
			<report>
				<misses>6500001</misses>
				<total>1</total>
				<timestamp>427.331928</timestamp>
			</report>
			<report>
				<misses>6600001</misses>
				<total>0</total>
				<timestamp>433.902585</timestamp>
			</report>
			<report>
				<misses>6700001</misses>
				<total>1</total>
				<timestamp>440.476414</timestamp>
			</report>
			<report>
				<misses>6800001</misses>
				<total>0</total>
				<timestamp>447.049845</timestamp>
			</report>
			<report>
				<misses>6900001</misses>
				<total>1</total>
				<timestamp>453.623278</timestamp>
			</report>
			<report>
				<misses>7000001</misses>
				<total>1</total>
				<timestamp>460.198705</timestamp>
			</report>
			<report>
				<misses>7100001</misses>
				<total>0</total>
				<timestamp>466.775530</timestamp>
			</report>
			<report>
				<misses>7200001</misses>
				<total>1</total>
				<timestamp>473.350362</timestamp>
			</report>
			<report>
				<misses>7300001</misses>
				<total>1</total>
				<timestamp>479.923888</timestamp>
			</report>
			<report>
				<misses>7400001</misses>
				<total>0</total>
				<timestamp>486.497095</timestamp>
			</report>
			<report>
				<misses>7500001</misses>
				<total>0</total>
				<timestamp>493.071476</timestamp>
			</report>
			<report>
				<misses>7600001</misses>
				<total>0</total>
				<timestamp>499.641935</timestamp>
			</report>
			<report>
				<misses>7700001</misses>
				<total>1</total>
				<timestamp>506.214901</timestamp>
			</report>
			<report>
				<misses>7800001</misses>
				<total>0</total>
				<timestamp>512.787675</timestamp>
			</report>
			<report>
				<misses>7900001</misses>
				<total>1</total>
				<timestamp>519.358361</timestamp>
			</report>
			<report>
				<misses>8000001</misses>
				<total>1</total>
				<timestamp>525.933097</timestamp>
			</report>
			<report>
				<misses>8100001</misses>
				<total>1</total>
				<timestamp>532.506829</timestamp>
			</report>
			<report>
				<misses>8200001</misses>
				<total>1</total>
				<timestamp>539.082867</timestamp>
			</report>
			<report>
				<misses>8300001</misses>
				<total>0</total>
				<timestamp>545.658999</timestamp>
			</report>
			<report>
				<misses>8400001</misses>
				<total>1</total>
				<timestamp>552.236642</timestamp>
			</report>
			<report>
				<misses>8500001</misses>
				<total>1</total>
				<timestamp>558.809523</timestamp>
			</report>
			<report>
				<misses>8600001</misses>
				<total>0</total>
				<timestamp>565.384582</timestamp>
			</report>
			<report>
				<misses>8700001</misses>
				<total>0</total>
				<timestamp>571.961233</timestamp>
			</report>
			<report>
				<misses>8800001</misses>
				<total>1</total>
				<timestamp>578.536320</timestamp>
			</report>
			<report>
				<misses>8900001</misses>
				<total>1</total>
				<timestamp>585.112300</timestamp>
			</report>
			<report>
				<misses>9000001</misses>
				<total>1</total>
				<timestamp>591.687491</timestamp>
			</report>
			<report>
				<misses>9100001</misses>
				<total>1</total>
				<timestamp>598.259607</timestamp>
			</report>
			<report>
				<misses>9200001</misses>
				<total>0</total>
				<timestamp>604.829884</timestamp>
			</report>
			<report>
				<misses>9300001</misses>
				<total>0</total>
				<timestamp>611.406085</timestamp>
			</report>
			<report>
				<misses>9400001</misses>
				<total>1</total>
				<timestamp>617.983700</timestamp>
			</report>
			<report>
				<misses>9500001</misses>
				<total>1</total>
				<timestamp>624.559831</timestamp>
			</report>
			<report>
				<misses>9600001</misses>
				<total>0</total>
				<timestamp>631.135062</timestamp>
			</report>
			<report>
				<misses>9700001</misses>
				<total>1</total>
				<timestamp>637.708846</timestamp>
			</report>
			<report>
				<misses>9800001</misses>
				<total>1</total>
				<timestamp>644.283394</timestamp>
			</report>
			<report>
				<misses>9900001</misses>
				<total>0</total>
				<timestamp>650.859857</timestamp>
			</report>
			<report>
				<misses>10000001</misses>
				<total>2</total>
				<timestamp>657.433835</timestamp>
			</report>
			<report>
				<misses>10100001</misses>
				<total>1</total>
				<timestamp>664.008942</timestamp>
			</report>
			<report>
				<misses>10200001</misses>
				<total>0</total>
				<timestamp>670.582189</timestamp>
			</report>
			<report>
				<misses>10300001</misses>
				<total>0</total>
				<timestamp>677.153323</timestamp>
			</report>
			<report>
				<misses>10400001</misses>
				<total>1</total>
				<timestamp>683.725736</timestamp>
			</report>
			<report>
				<misses>10500001</misses>
				<total>0</total>
				<timestamp>690.301324</timestamp>
			</report>
			<report>
				<misses>10600001</misses>
				<total>1</total>
				<timestamp>696.873510</timestamp>
			</report>
			<report>
				<misses>10700001</misses>
				<total>0</total>
				<timestamp>703.444912</timestamp>
			</report>
			<report>
				<misses>10800001</misses>
				<total>0</total>
				<timestamp>710.019687</timestamp>
			</report>
			<report>
				<misses>10900001</misses>
				<total>1</total>
				<timestamp>716.596250</timestamp>
			</report>
			<report>
				<misses>11000001</misses>
				<total>0</total>
				<timestamp>723.169592</timestamp>
			</report>
			<report>
				<misses>11100001</misses>
				<total>0</total>
				<timestamp>729.746512</timestamp>
			</report>
			<report>
				<misses>11200001</misses>
				<total>1</total>
				<timestamp>736.320179</timestamp>
			</report>
			<report>
				<misses>11300001</misses>
				<total>1</total>
				<timestamp>742.897289</timestamp>
			</report>
			<report>
				<misses>11400001</misses>
				<total>0</total>
				<timestamp>749.471055</timestamp>
			</report>
			<report>
				<misses>11500001</misses>
				<total>1</total>
				<timestamp>756.046997</timestamp>
			</report>
			<report>
				<misses>11600001</misses>
				<total>2</total>
				<timestamp>762.619531</timestamp>
			</report>
			<report>
				<misses>11700001</misses>
				<total>1</total>
				<timestamp>769.191114</timestamp>
			</report>
			<report>
				<misses>11800001</misses>
				<total>0</total>
				<timestamp>775.767355</timestamp>
			</report>
			<report>
				<misses>11900001</misses>
				<total>0</total>
				<timestamp>782.342137</timestamp>
			</report>
			<report>
				<misses>12000001</misses>
				<total>1</total>
				<timestamp>788.916852</timestamp>
			</report>
			<report>
				<misses>12100001</misses>
				<total>0</total>
				<timestamp>795.490395</timestamp>
			</report>
			<report>
				<misses>12200001</misses>
				<total>1</total>
				<timestamp>802.064812</timestamp>
			</report>
			<report>
				<misses>12300001</misses>
				<total>0</total>
				<timestamp>808.638556</timestamp>
			</report>
			<report>
				<misses>12400001</misses>
				<total>0</total>
				<timestamp>815.214314</timestamp>
			</report>
			<report>
				<misses>12500001</misses>
				<total>0</total>
				<timestamp>821.790120</timestamp>
			</report>
			<report>
				<misses>12600001</misses>
				<total>2</total>
				<timestamp>828.365088</timestamp>
			</report>
			<report>
				<misses>12700001</misses>
				<total>1</total>
				<timestamp>834.940567</timestamp>
			</report>
			<report>
				<misses>12800001</misses>
				<total>0</total>
				<timestamp>841.514205</timestamp>
			</report>
			<report>
				<misses>12900001</misses>
				<total>2</total>
				<timestamp>848.087924</timestamp>
			</report>
			<report>
				<misses>13000001</misses>
				<total>0</total>
				<timestamp>854.732642</timestamp>
			</report>
			<report>
				<misses>13100001</misses>
				<total>1</total>
				<timestamp>861.314713</timestamp>
			</report>
			<report>
				<misses>13200001</misses>
				<total>1</total>
				<timestamp>867.895756</timestamp>
			</report>
			<report>
				<misses>13300001</misses>
				<total>1</total>
				<timestamp>874.477981</timestamp>
			</report>
			<report>
				<misses>13400001</misses>
				<total>0</total>
				<timestamp>881.056272</timestamp>
			</report>
			<report>
				<misses>13500001</misses>
				<total>1</total>
				<timestamp>887.639110</timestamp>
			</report>
			<report>
				<misses>13600001</misses>
				<total>1</total>
				<timestamp>894.219835</timestamp>
			</report>
			<report>
				<misses>13700001</misses>
				<total>1</total>
				<timestamp>900.801514</timestamp>
			</report>
			<report>
				<misses>13800001</misses>
				<total>1</total>
				<timestamp>907.382832</timestamp>
			</report>
			<report>
				<misses>13900001</misses>
				<total>1</total>
				<timestamp>913.957648</timestamp>
			</report>
			<report>
				<misses>14000001</misses>
				<total>1</total>
				<timestamp>920.538438</timestamp>
			</report>
			<report>
				<misses>14100001</misses>
				<total>2</total>
				<timestamp>927.117570</timestamp>
			</report>
			<report>
				<misses>14200001</misses>
				<total>0</total>
				<timestamp>933.696812</timestamp>
			</report>
			<report>
				<misses>14300001</misses>
				<total>1</total>
				<timestamp>940.272661</timestamp>
			</report>
			<report>
				<misses>14400001</misses>
				<total>0</total>
				<timestamp>946.854848</timestamp>
			</report>
			<report>
				<misses>14500001</misses>
				<total>1</total>
				<timestamp>953.432113</timestamp>
			</report>
			<report>
				<misses>14600001</misses>
				<total>1</total>
				<timestamp>960.012754</timestamp>
			</report>
			<report>
				<misses>14700001</misses>
				<total>1</total>
				<timestamp>966.593636</timestamp>
			</report>
			<report>
				<misses>14800001</misses>
				<total>0</total>
				<timestamp>973.171491</timestamp>
			</report>
			<report>
				<misses>14900001</misses>
				<total>0</total>
				<timestamp>979.751052</timestamp>
			</report>
			<report>
				<misses>15000001</misses>
				<total>1</total>
				<timestamp>986.330926</timestamp>
			</report>
			<report>
				<misses>15100001</misses>
				<total>0</total>
				<timestamp>992.908947</timestamp>
			</report>
			<report>
				<misses>15200001</misses>
				<total>1</total>
				<timestamp>999.490090</timestamp>
			</report>
			<report>
				<misses>15300001</misses>
				<total>0</total>
				<timestamp>1006.068965</timestamp>
			</report>
			<report>
				<misses>15400001</misses>
				<total>1</total>
				<timestamp>1012.652491</timestamp>
			</report>
			<report>
				<misses>15500001</misses>
				<total>1</total>
				<timestamp>1019.230838</timestamp>
			</report>
			<report>
				<misses>15600001</misses>
				<total>0</total>
				<timestamp>1025.809705</timestamp>
			</report>
			<report>
				<misses>15700001</misses>
				<total>1</total>
				<timestamp>1032.393524</timestamp>
			</report>
			<report>
				<misses>15800001</misses>
				<total>0</total>
				<timestamp>1038.975316</timestamp>
			</report>
			<report>
				<misses>15900001</misses>
				<total>0</total>
				<timestamp>1045.556820</timestamp>
			</report>
			<report>
				<misses>16000001</misses>
				<total>0</total>
				<timestamp>1052.134868</timestamp>
			</report>
			<report>
				<misses>16100001</misses>
				<total>0</total>
				<timestamp>1058.714668</timestamp>
			</report>
			<report>
				<misses>16200001</misses>
				<total>1</total>
				<timestamp>1065.297518</timestamp>
			</report>
			<report>
				<misses>16300001</misses>
				<total>0</total>
				<timestamp>1071.877491</timestamp>
			</report>
			<report>
				<misses>16400001</misses>
				<total>1</total>
				<timestamp>1078.458179</timestamp>
			</report>
			<report>
				<misses>16500001</misses>
				<total>2</total>
				<timestamp>1085.038006</timestamp>
			</report>
			<report>
				<misses>16600001</misses>
				<total>0</total>
				<timestamp>1091.618872</timestamp>
			</report>
			<report>
				<misses>16700001</misses>
				<total>1</total>
				<timestamp>1098.199151</timestamp>
			</report>
			<report>
				<misses>16800001</misses>
				<total>1</total>
				<timestamp>1104.777346</timestamp>
			</report>
			<report>
				<misses>16900001</misses>
				<total>0</total>
				<timestamp>1111.358612</timestamp>
			</report>
			<report>
				<misses>17000001</misses>
				<total>1</total>
				<timestamp>1117.940506</timestamp>
			</report>
			<report>
				<misses>17100001</misses>
				<total>1</total>
				<timestamp>1124.521581</timestamp>
			</report>
			<report>
				<misses>17200001</misses>
				<total>1</total>
				<timestamp>1131.100133</timestamp>
			</report>
			<report>
				<misses>17300001</misses>
				<total>1</total>
				<timestamp>1137.678693</timestamp>
			</report>
			<report>
				<misses>17400001</misses>
				<total>0</total>
				<timestamp>1144.257474</timestamp>
			</report>
			<report>
				<misses>17500001</misses>
				<total>1</total>
				<timestamp>1150.836624</timestamp>
			</report>
			<report>
				<misses>17600001</misses>
				<total>1</total>
				<timestamp>1157.418324</timestamp>
			</report>
			<report>
				<misses>17700001</misses>
				<total>1</total>
				<timestamp>1163.998670</timestamp>
			</report>
			<report>
				<misses>17800001</misses>
				<total>1</total>
				<timestamp>1170.578662</timestamp>
			</report>
			<report>
				<misses>17900001</misses>
				<total>1</total>
				<timestamp>1177.162237</timestamp>
			</report>
			<report>
				<misses>18000001</misses>
				<total>1</total>
				<timestamp>1183.743705</timestamp>
			</report>
			<report>
				<misses>18100001</misses>
				<total>1</total>
				<timestamp>1190.324250</timestamp>
			</report>
			<report>
				<misses>18200001</misses>
				<total>1</total>
				<timestamp>1196.904528</timestamp>
			</report>
			<report>
				<misses>18300001</misses>
				<total>1</total>
				<timestamp>1203.485601</timestamp>
			</report>
			<report>
				<misses>18400001</misses>
				<total>2</total>
				<timestamp>1210.067871</timestamp>
			</report>
			<report>
				<misses>18500001</misses>
				<total>1</total>
				<timestamp>1216.649538</timestamp>
			</report>
			<report>
				<misses>18600001</misses>
				<total>1</total>
				<timestamp>1223.233843</timestamp>
			</report>
			<report>
				<misses>18700001</misses>
				<total>0</total>
				<timestamp>1229.812569</timestamp>
			</report>
			<report>
				<misses>18800001</misses>
				<total>1</total>
				<timestamp>1236.391677</timestamp>
			</report>
			<report>
				<misses>18900001</misses>
				<total>1</total>
				<timestamp>1242.974669</timestamp>
			</report>
			<report>
				<misses>19000001</misses>
				<total>0</total>
				<timestamp>1249.555765</timestamp>
			</report>
			<report>
				<misses>19100001</misses>
				<total>1</total>
				<timestamp>1256.134250</timestamp>
			</report>
			<report>
				<misses>19200001</misses>
				<total>1</total>
				<timestamp>1262.714218</timestamp>
			</report>
			<report>
				<misses>19300001</misses>
				<total>1</total>
				<timestamp>1269.293270</timestamp>
			</report>
			<report>
				<misses>19400001</misses>
				<total>1</total>
				<timestamp>1275.875088</timestamp>
			</report>
			<report>
				<misses>19500001</misses>
				<total>0</total>
				<timestamp>1282.455247</timestamp>
			</report>
			<report>
				<misses>19600001</misses>
				<total>0</total>
				<timestamp>1289.032949</timestamp>
			</report>
			<report>
				<misses>19700001</misses>
				<total>1</total>
				<timestamp>1295.614483</timestamp>
			</report>
			<report>
				<misses>19800001</misses>
				<total>1</total>
				<timestamp>1302.196064</timestamp>
			</report>
			<report>
				<misses>19900001</misses>
				<total>1</total>
				<timestamp>1308.773351</timestamp>
			</report>
			<report>
				<misses>20000001</misses>
				<total>2</total>
				<timestamp>1315.352843</timestamp>
			</report>
			<report>
				<misses>20100001</misses>
				<total>1</total>
				<timestamp>1321.931759</timestamp>
			</report>
			<report>
				<misses>20200001</misses>
				<total>1</total>
				<timestamp>1328.512801</timestamp>
			</report>
			<report>
				<misses>20300001</misses>
				<total>0</total>
				<timestamp>1335.095730</timestamp>
			</report>
			<report>
				<misses>20400001</misses>
				<total>1</total>
				<timestamp>1341.675126</timestamp>
			</report>
			<report>
				<misses>20500001</misses>
				<total>0</total>
				<timestamp>1348.251093</timestamp>
			</report>
			<report>
				<misses>20600001</misses>
				<total>1</total>
				<timestamp>1354.831344</timestamp>
			</report>
			<report>
				<misses>20700001</misses>
				<total>0</total>
				<timestamp>1361.414031</timestamp>
			</report>
			<report>
				<misses>20800001</misses>
				<total>0</total>
				<timestamp>1367.992836</timestamp>
			</report>
			<report>
				<misses>20900001</misses>
				<total>0</total>
				<timestamp>1374.573800</timestamp>
			</report>
			<report>
				<misses>21000001</misses>
				<total>0</total>
				<timestamp>1381.155037</timestamp>
			</report>
			<report>
				<misses>21100001</misses>
				<total>1</total>
				<timestamp>1387.734184</timestamp>
			</report>
			<report>
				<misses>21200001</misses>
				<total>2</total>
				<timestamp>1394.310723</timestamp>
			</report>
			<report>
				<misses>21300001</misses>
				<total>0</total>
				<timestamp>1400.890713</timestamp>
			</report>
			<report>
				<misses>21400001</misses>
				<total>1</total>
				<timestamp>1407.471998</timestamp>
			</report>
			<report>
				<misses>21500001</misses>
				<total>0</total>
				<timestamp>1414.050531</timestamp>
			</report>
			<report>
				<misses>21600001</misses>
				<total>0</total>
				<timestamp>1420.632986</timestamp>
			</report>
			<report>
				<misses>21700001</misses>
				<total>1</total>
				<timestamp>1427.216978</timestamp>
			</report>
			<report>
				<misses>21800001</misses>
				<total>0</total>
				<timestamp>1433.800102</timestamp>
			</report>
			<report>
				<misses>21900001</misses>
				<total>1</total>
				<timestamp>1440.381917</timestamp>
			</report>
			<report>
				<misses>22000001</misses>
				<total>0</total>
				<timestamp>1446.963608</timestamp>
			</report>
			<report>
				<misses>22100001</misses>
				<total>1</total>
				<timestamp>1453.543221</timestamp>
			</report>
			<report>
				<misses>22200001</misses>
				<total>0</total>
				<timestamp>1460.122351</timestamp>
			</report>
			<report>
				<misses>22300001</misses>
				<total>0</total>
				<timestamp>1466.702197</timestamp>
			</report>
			<report>
				<misses>22400001</misses>
				<total>1</total>
				<timestamp>1473.284840</timestamp>
			</report>
			<report>
				<misses>22500001</misses>
				<total>1</total>
				<timestamp>1479.865223</timestamp>
			</report>
			<report>
				<misses>22600001</misses>
				<total>0</total>
				<timestamp>1486.447611</timestamp>
			</report>
			<report>
				<misses>22700001</misses>
				<total>0</total>
				<timestamp>1493.029184</timestamp>
			</report>
			<report>
				<misses>22800001</misses>
				<total>1</total>
				<timestamp>1499.608846</timestamp>
			</report>
			<report>
				<misses>22900001</misses>
				<total>1</total>
				<timestamp>1506.189800</timestamp>
			</report>
			<report>
				<misses>23000001</misses>
				<total>0</total>
				<timestamp>1512.768727</timestamp>
			</report>
			<report>
				<misses>23100001</misses>
				<total>2</total>
				<timestamp>1519.351927</timestamp>
			</report>
			<report>
				<misses>23200001</misses>
				<total>1</total>
				<timestamp>1525.931894</timestamp>
			</report>
			<report>
				<misses>23300001</misses>
				<total>1</total>
				<timestamp>1532.510677</timestamp>
			</report>
			<report>
				<misses>23400001</misses>
				<total>0</total>
				<timestamp>1539.095092</timestamp>
			</report>
			<report>
				<misses>23500001</misses>
				<total>2</total>
				<timestamp>1545.679072</timestamp>
			</report>
			<report>
				<misses>23600001</misses>
				<total>0</total>
				<timestamp>1552.258671</timestamp>
			</report>
			<report>
				<misses>23700001</misses>
				<total>1</total>
				<timestamp>1558.838653</timestamp>
			</report>
			<report>
				<misses>23800001</misses>
				<total>1</total>
				<timestamp>1565.421036</timestamp>
			</report>
			<report>
				<misses>23900001</misses>
				<total>1</total>
				<timestamp>1572.003423</timestamp>
			</report>
			<report>
				<misses>24000001</misses>
				<total>1</total>
				<timestamp>1578.583978</timestamp>
			</report>
			<report>
				<misses>24100001</misses>
				<total>1</total>
				<timestamp>1585.164241</timestamp>
			</report>
			<report>
				<misses>24200001</misses>
				<total>1</total>
				<timestamp>1591.750796</timestamp>
			</report>
			<report>
				<misses>24300001</misses>
				<total>1</total>
				<timestamp>1598.333042</timestamp>
			</report>
			<report>
				<misses>24400001</misses>
				<total>1</total>
				<timestamp>1604.913933</timestamp>
			</report>
			<report>
				<misses>24500001</misses>
				<total>0</total>
				<timestamp>1611.495705</timestamp>
			</report>
			<report>
				<misses>24600001</misses>
				<total>1</total>
				<timestamp>1618.078616</timestamp>
			</report>
			<report>
				<misses>24700001</misses>
				<total>0</total>
				<timestamp>1624.662799</timestamp>
			</report>
			<report>
				<misses>24800001</misses>
				<total>0</total>
				<timestamp>1631.246696</timestamp>
			</report>
			<report>
				<misses>24900001</misses>
				<total>1</total>
				<timestamp>1637.825946</timestamp>
			</report>
			<report>
				<misses>25000001</misses>
				<total>0</total>
				<timestamp>1644.408857</timestamp>
			</report>
			<report>
				<misses>25100001</misses>
				<total>1</total>
				<timestamp>1650.989281</timestamp>
			</report>
			<report>
				<misses>25200001</misses>
				<total>1</total>
				<timestamp>1657.573002</timestamp>
			</report>
			<report>
				<misses>25300001</misses>
				<total>1</total>
				<timestamp>1664.155381</timestamp>
			</report>
			<report>
				<misses>25400001</misses>
				<total>0</total>
				<timestamp>1670.732374</timestamp>
			</report>
			<report>
				<misses>25500001</misses>
				<total>1</total>
				<timestamp>1677.312114</timestamp>
			</report>
			<report>
				<misses>25600001</misses>
				<total>1</total>
				<timestamp>1683.894355</timestamp>
			</report>
			<report>
				<misses>25700001</misses>
				<total>1</total>
				<timestamp>1690.474700</timestamp>
			</report>
			<report>
				<misses>25800001</misses>
				<total>0</total>
				<timestamp>1697.052313</timestamp>
			</report>
			<report>
				<misses>25900001</misses>
				<total>1</total>
				<timestamp>1703.631521</timestamp>
			</report>
			<report>
				<misses>26000001</misses>
				<total>1</total>
				<timestamp>1710.210958</timestamp>
			</report>
			<report>
				<misses>26100001</misses>
				<total>1</total>
				<timestamp>1716.791844</timestamp>
			</report>
			<report>
				<misses>26200001</misses>
				<total>0</total>
				<timestamp>1723.372856</timestamp>
			</report>
			<report>
				<misses>26300001</misses>
				<total>0</total>
				<timestamp>1729.952834</timestamp>
			</report>
			<report>
				<misses>26400001</misses>
				<total>1</total>
				<timestamp>1736.532512</timestamp>
			</report>
			<report>
				<misses>26500001</misses>
				<total>1</total>
				<timestamp>1743.113954</timestamp>
			</report>
			<report>
				<misses>26600001</misses>
				<total>0</total>
				<timestamp>1749.694958</timestamp>
			</report>
			<report>
				<misses>26700001</misses>
				<total>0</total>
				<timestamp>1756.277181</timestamp>
			</report>
			<report>
				<misses>26800001</misses>
				<total>0</total>
				<timestamp>1762.858304</timestamp>
			</report>
			<report>
				<misses>26900001</misses>
				<total>0</total>
				<timestamp>1769.440899</timestamp>
			</report>
			<report>
				<misses>27000001</misses>
				<total>1</total>
				<timestamp>1776.020100</timestamp>
			</report>
			<report>
				<misses>27100001</misses>
				<total>1</total>
				<timestamp>1782.601501</timestamp>
			</report>
			<report>
				<misses>27200001</misses>
				<total>2</total>
				<timestamp>1789.182729</timestamp>
			</report>
			<report>
				<misses>27300001</misses>
				<total>1</total>
				<timestamp>1795.763629</timestamp>
			</report>
			<report>
				<misses>27400001</misses>
				<total>1</total>
				<timestamp>1802.344684</timestamp>
			</report>
			<report>
				<misses>27500001</misses>
				<total>0</total>
				<timestamp>1808.924790</timestamp>
			</report>
			<report>
				<misses>27600001</misses>
				<total>0</total>
				<timestamp>1815.507259</timestamp>
			</report>
			<report>
				<misses>27700001</misses>
				<total>0</total>
				<timestamp>1822.090165</timestamp>
			</report>
			<report>
				<misses>27800001</misses>
				<total>1</total>
				<timestamp>1828.673845</timestamp>
			</report>
			<report>
				<misses>27900001</misses>
				<total>1</total>
				<timestamp>1835.255672</timestamp>
			</report>
			<report>
				<misses>28000001</misses>
				<total>1</total>
				<timestamp>1841.839584</timestamp>
			</report>
			<report>
				<misses>28100001</misses>
				<total>0</total>
				<timestamp>1848.419325</timestamp>
			</report>
			<report>
				<misses>28200001</misses>
				<total>1</total>
				<timestamp>1855.002857</timestamp>
			</report>
			<report>
				<misses>28300001</misses>
				<total>1</total>
				<timestamp>1861.579794</timestamp>
			</report>
			<report>
				<misses>28400001</misses>
				<total>1</total>
				<timestamp>1868.163169</timestamp>
			</report>
			<report>
				<misses>28500001</misses>
				<total>1</total>
				<timestamp>1874.744604</timestamp>
			</report>
			<report>
				<misses>28600001</misses>
				<total>0</total>
				<timestamp>1881.327580</timestamp>
			</report>
			<report>
				<misses>28700001</misses>
				<total>1</total>
				<timestamp>1887.914198</timestamp>
			</report>
			<report>
				<misses>28800001</misses>
				<total>1</total>
				<timestamp>1894.493235</timestamp>
			</report>
			<report>
				<misses>28900001</misses>
				<total>1</total>
				<timestamp>1901.072948</timestamp>
			</report>
			<report>
				<misses>29000001</misses>
				<total>1</total>
				<timestamp>1907.654437</timestamp>
			</report>
			<report>
				<misses>29100001</misses>
				<total>1</total>
				<timestamp>1914.237294</timestamp>
			</report>
			<report>
				<misses>29200001</misses>
				<total>2</total>
				<timestamp>1920.820291</timestamp>
			</report>
			<report>
				<misses>29300001</misses>
				<total>0</total>
				<timestamp>1927.398648</timestamp>
			</report>
			<report>
				<misses>29400001</misses>
				<total>1</total>
				<timestamp>1933.980544</timestamp>
			</report>
			<report>
				<misses>29500001</misses>
				<total>1</total>
				<timestamp>1940.562536</timestamp>
			</report>
			<report>
				<misses>29600001</misses>
				<total>1</total>
				<timestamp>1947.144919</timestamp>
			</report>
			<report>
				<misses>29700001</misses>
				<total>0</total>
				<timestamp>1953.727420</timestamp>
			</report>
			<report>
				<misses>29800001</misses>
				<total>1</total>
				<timestamp>1960.308943</timestamp>
			</report>
			<report>
				<misses>29900001</misses>
				<total>1</total>
				<timestamp>1966.891586</timestamp>
			</report>
			<report>
				<misses>30000001</misses>
				<total>0</total>
				<timestamp>1973.476148</timestamp>
			</report>
			<report>
				<misses>30100001</misses>
				<total>1</total>
				<timestamp>1980.057016</timestamp>
			</report>
			<report>
				<misses>30200001</misses>
				<total>1</total>
				<timestamp>1986.638554</timestamp>
			</report>
			<report>
				<misses>30300001</misses>
				<total>1</total>
				<timestamp>1993.220373</timestamp>
			</report>
			<report>
				<misses>30400001</misses>
				<total>1</total>
				<timestamp>1999.803707</timestamp>
			</report>
			<report>
				<misses>30500001</misses>
				<total>1</total>
				<timestamp>2006.382924</timestamp>
			</report>
			<report>
				<misses>30600001</misses>
				<total>1</total>
				<timestamp>2012.962485</timestamp>
			</report>
			<report>
				<misses>30700001</misses>
				<total>0</total>
				<timestamp>2019.546334</timestamp>
			</report>
			<report>
				<misses>30800001</misses>
				<total>0</total>
				<timestamp>2026.126292</timestamp>
			</report>
			<report>
				<misses>30900001</misses>
				<total>2</total>
				<timestamp>2032.709982</timestamp>
			</report>
			<report>
				<misses>31000001</misses>
				<total>1</total>
				<timestamp>2039.290649</timestamp>
			</report>
			<report>
				<misses>31100001</misses>
				<total>1</total>
				<timestamp>2045.873023</timestamp>
			</report>
			<report>
				<misses>31200001</misses>
				<total>1</total>
				<timestamp>2052.456163</timestamp>
			</report>
			<report>
				<misses>31300001</misses>
				<total>1</total>
				<timestamp>2059.038859</timestamp>
			</report>
			<report>
				<misses>31400001</misses>
				<total>1</total>
				<timestamp>2065.618719</timestamp>
			</report>
			<report>
				<misses>31500001</misses>
				<total>1</total>
				<timestamp>2072.199328</timestamp>
			</report>
			<report>
				<misses>31600001</misses>
				<total>0</total>
				<timestamp>2078.778948</timestamp>
			</report>
			<report>
				<misses>31700001</misses>
				<total>0</total>
				<timestamp>2085.363680</timestamp>
			</report>
			<report>
				<misses>31800001</misses>
				<total>0</total>
				<timestamp>2091.944027</timestamp>
			</report>
			<report>
				<misses>31900001</misses>
				<total>0</total>
				<timestamp>2098.528266</timestamp>
			</report>
			<report>
				<misses>32000001</misses>
				<total>0</total>
				<timestamp>2105.108221</timestamp>
			</report>
			<report>
				<misses>32100001</misses>
				<total>0</total>
				<timestamp>2111.692251</timestamp>
			</report>
			<report>
				<misses>32200001</misses>
				<total>1</total>
				<timestamp>2118.271755</timestamp>
			</report>
			<report>
				<misses>32300001</misses>
				<total>0</total>
				<timestamp>2124.852298</timestamp>
			</report>
			<report>
				<misses>32400001</misses>
				<total>1</total>
				<timestamp>2131.434972</timestamp>
			</report>
			<report>
				<misses>32500001</misses>
				<total>1</total>
				<timestamp>2138.015057</timestamp>
			</report>
			<report>
				<misses>32600001</misses>
				<total>0</total>
				<timestamp>2144.598613</timestamp>
			</report>
			<report>
				<misses>32700001</misses>
				<total>0</total>
				<timestamp>2151.178804</timestamp>
			</report>
			<report>
				<misses>32800001</misses>
				<total>1</total>
				<timestamp>2157.761045</timestamp>
			</report>
			<report>
				<misses>32900001</misses>
				<total>0</total>
				<timestamp>2164.345273</timestamp>
			</report>
			<report>
				<misses>33000001</misses>
				<total>1</total>
				<timestamp>2170.925178</timestamp>
			</report>
			<report>
				<misses>33100001</misses>
				<total>0</total>
				<timestamp>2177.508853</timestamp>
			</report>
			<report>
				<misses>33200001</misses>
				<total>2</total>
				<timestamp>2184.093708</timestamp>
			</report>
			<report>
				<misses>33300001</misses>
				<total>1</total>
				<timestamp>2190.672989</timestamp>
			</report>
			<report>
				<misses>33400001</misses>
				<total>0</total>
				<timestamp>2197.255217</timestamp>
			</report>
			<report>
				<misses>33500001</misses>
				<total>0</total>
				<timestamp>2203.837076</timestamp>
			</report>
			<report>
				<misses>33600001</misses>
				<total>0</total>
				<timestamp>2210.420171</timestamp>
			</report>
			<report>
				<misses>33700001</misses>
				<total>0</total>
				<timestamp>2217.000497</timestamp>
			</report>
			<report>
				<misses>33800001</misses>
				<total>0</total>
				<timestamp>2223.583879</timestamp>
			</report>
			<report>
				<misses>33900001</misses>
				<total>1</total>
				<timestamp>2230.164397</timestamp>
			</report>
			<report>
				<misses>34000001</misses>
				<total>1</total>
				<timestamp>2236.746418</timestamp>
			</report>
			<report>
				<misses>34100001</misses>
				<total>0</total>
				<timestamp>2243.325399</timestamp>
			</report>
			<report>
				<misses>34200001</misses>
				<total>0</total>
				<timestamp>2249.906216</timestamp>
			</report>
			<report>
				<misses>34300001</misses>
				<total>0</total>
				<timestamp>2256.484285</timestamp>
			</report>
			<report>
				<misses>34400001</misses>
				<total>0</total>
				<timestamp>2263.063111</timestamp>
			</report>
			<report>
				<misses>34500001</misses>
				<total>1</total>
				<timestamp>2269.644908</timestamp>
			</report>
			<report>
				<misses>34600001</misses>
				<total>1</total>
				<timestamp>2276.224858</timestamp>
			</report>
			<report>
				<misses>34700001</misses>
				<total>0</total>
				<timestamp>2282.809305</timestamp>
			</report>
			<report>
				<misses>34800001</misses>
				<total>0</total>
				<timestamp>2289.391393</timestamp>
			</report>
			<report>
				<misses>34900001</misses>
				<total>1</total>
				<timestamp>2295.971032</timestamp>
			</report>
			<report>
				<misses>35000001</misses>
				<total>0</total>
				<timestamp>2302.548938</timestamp>
			</report>
			<report>
				<misses>35100001</misses>
				<total>0</total>
				<timestamp>2309.126019</timestamp>
			</report>
			<report>
				<misses>35200001</misses>
				<total>2</total>
				<timestamp>2315.707057</timestamp>
			</report>
			<report>
				<misses>35300001</misses>
				<total>0</total>
				<timestamp>2322.291473</timestamp>
			</report>
			<report>
				<misses>35400001</misses>
				<total>0</total>
				<timestamp>2328.871548</timestamp>
			</report>
			<report>
				<misses>35500001</misses>
				<total>1</total>
				<timestamp>2335.454192</timestamp>
			</report>
			<report>
				<misses>35600001</misses>
				<total>1</total>
				<timestamp>2342.035908</timestamp>
			</report>
			<report>
				<misses>35700001</misses>
				<total>0</total>
				<timestamp>2348.614478</timestamp>
			</report>
			<report>
				<misses>35800001</misses>
				<total>1</total>
				<timestamp>2355.195483</timestamp>
			</report>
			<report>
				<misses>35900001</misses>
				<total>0</total>
				<timestamp>2361.779312</timestamp>
			</report>
			<report>
				<misses>36000001</misses>
				<total>1</total>
				<timestamp>2368.361714</timestamp>
			</report>
			<report>
				<misses>36100001</misses>
				<total>0</total>
				<timestamp>2374.944012</timestamp>
			</report>
			<report>
				<misses>36200001</misses>
				<total>1</total>
				<timestamp>2381.527539</timestamp>
			</report>
			<report>
				<misses>36300001</misses>
				<total>0</total>
				<timestamp>2388.110635</timestamp>
			</report>
			<report>
				<misses>36400001</misses>
				<total>1</total>
				<timestamp>2394.692521</timestamp>
			</report>
			<report>
				<misses>36500001</misses>
				<total>0</total>
				<timestamp>2401.273946</timestamp>
			</report>
			<report>
				<misses>36600001</misses>
				<total>2</total>
				<timestamp>2407.851204</timestamp>
			</report>
			<report>
				<misses>36700001</misses>
				<total>1</total>
				<timestamp>2414.430652</timestamp>
			</report>
			<report>
				<misses>36800001</misses>
				<total>0</total>
				<timestamp>2421.011015</timestamp>
			</report>
			<report>
				<misses>36900001</misses>
				<total>1</total>
				<timestamp>2427.592411</timestamp>
			</report>
			<report>
				<misses>37000001</misses>
				<total>1</total>
				<timestamp>2434.171625</timestamp>
			</report>
			<report>
				<misses>37100001</misses>
				<total>1</total>
				<timestamp>2440.753763</timestamp>
			</report>
			<report>
				<misses>37200001</misses>
				<total>1</total>
				<timestamp>2447.333821</timestamp>
			</report>
			<report>
				<misses>37300001</misses>
				<total>0</total>
				<timestamp>2453.916495</timestamp>
			</report>
			<report>
				<misses>37400001</misses>
				<total>1</total>
				<timestamp>2460.500374</timestamp>
			</report>
			<report>
				<misses>37500001</misses>
				<total>1</total>
				<timestamp>2467.082292</timestamp>
			</report>
			<report>
				<misses>37600001</misses>
				<total>1</total>
				<timestamp>2473.664622</timestamp>
			</report>
			<report>
				<misses>37700001</misses>
				<total>1</total>
				<timestamp>2480.244068</timestamp>
			</report>
			<report>
				<misses>37800001</misses>
				<total>1</total>
				<timestamp>2486.824032</timestamp>
			</report>
			<report>
				<misses>37900001</misses>
				<total>1</total>
				<timestamp>2493.405657</timestamp>
			</report>
			<report>
				<misses>38000001</misses>
				<total>0</total>
				<timestamp>2499.988931</timestamp>
			</report>
			<report>
				<misses>38100001</misses>
				<total>1</total>
				<timestamp>2506.571603</timestamp>
			</report>
			<report>
				<misses>38200001</misses>
				<total>0</total>
				<timestamp>2513.155649</timestamp>
			</report>
			<report>
				<misses>38300001</misses>
				<total>1</total>
				<timestamp>2519.739814</timestamp>
			</report>
			<report>
				<misses>38400001</misses>
				<total>1</total>
				<timestamp>2526.320818</timestamp>
			</report>
			<report>
				<misses>38500001</misses>
				<total>1</total>
				<timestamp>2532.904443</timestamp>
			</report>
			<report>
				<misses>38600001</misses>
				<total>1</total>
				<timestamp>2539.485902</timestamp>
			</report>
			<report>
				<misses>38700001</misses>
				<total>0</total>
				<timestamp>2546.067426</timestamp>
			</report>
			<report>
				<misses>38800001</misses>
				<total>0</total>
				<timestamp>2552.645987</timestamp>
			</report>
			<report>
				<misses>38900001</misses>
				<total>1</total>
				<timestamp>2559.227294</timestamp>
			</report>
			<report>
				<misses>39000001</misses>
				<total>1</total>
				<timestamp>2565.810528</timestamp>
			</report>
			<report>
				<misses>39100001</misses>
				<total>1</total>
				<timestamp>2572.393749</timestamp>
			</report>
			<report>
				<misses>39200001</misses>
				<total>0</total>
				<timestamp>2578.974958</timestamp>
			</report>
			<report>
				<misses>39300001</misses>
				<total>0</total>
				<timestamp>2585.557840</timestamp>
			</report>
			<report>
				<misses>39400001</misses>
				<total>0</total>
				<timestamp>2592.140458</timestamp>
			</report>
			<report>
				<misses>39500001</misses>
				<total>1</total>
				<timestamp>2598.723326</timestamp>
			</report>
			<report>
				<misses>39600001</misses>
				<total>0</total>
				<timestamp>2605.306663</timestamp>
			</report>
			<report>
				<misses>39700001</misses>
				<total>1</total>
				<timestamp>2611.888845</timestamp>
			</report>
			<report>
				<misses>39800001</misses>
				<total>0</total>
				<timestamp>2618.470113</timestamp>
			</report>
			<report>
				<misses>39900001</misses>
				<total>0</total>
				<timestamp>2625.051453</timestamp>
			</report>
			<report>
				<misses>40000001</misses>
				<total>0</total>
				<timestamp>2631.634836</timestamp>
			</report>
			<report>
				<misses>40100001</misses>
				<total>0</total>
				<timestamp>2638.215897</timestamp>
			</report>
			<report>
				<misses>40200001</misses>
				<total>0</total>
				<timestamp>2644.798641</timestamp>
			</report>
			<report>
				<misses>40300001</misses>
				<total>2</total>
				<timestamp>2651.378307</timestamp>
			</report>
			<report>
				<misses>40400001</misses>
				<total>1</total>
				<timestamp>2657.959467</timestamp>
			</report>
			<report>
				<misses>40500001</misses>
				<total>0</total>
				<timestamp>2664.539502</timestamp>
			</report>
			<report>
				<misses>40600001</misses>
				<total>0</total>
				<timestamp>2671.121997</timestamp>
			</report>
			<report>
				<misses>40700001</misses>
				<total>1</total>
				<timestamp>2677.704179</timestamp>
			</report>
			<report>
				<misses>40800001</misses>
				<total>1</total>
				<timestamp>2684.290156</timestamp>
			</report>
			<report>
				<misses>40900001</misses>
				<total>1</total>
				<timestamp>2690.873573</timestamp>
			</report>
			<report>
				<misses>41000001</misses>
				<total>0</total>
				<timestamp>2697.456350</timestamp>
			</report>
			<report>
				<misses>41100001</misses>
				<total>1</total>
				<timestamp>2704.036870</timestamp>
			</report>
			<report>
				<misses>41200001</misses>
				<total>1</total>
				<timestamp>2710.619099</timestamp>
			</report>
			<report>
				<misses>41300001</misses>
				<total>0</total>
				<timestamp>2717.200041</timestamp>
			</report>
			<report>
				<misses>41400001</misses>
				<total>1</total>
				<timestamp>2723.782834</timestamp>
			</report>
			<report>
				<misses>41500001</misses>
				<total>1</total>
				<timestamp>2730.362010</timestamp>
			</report>
			<report>
				<misses>41600001</misses>
				<total>1</total>
				<timestamp>2736.939198</timestamp>
			</report>
			<report>
				<misses>41700001</misses>
				<total>0</total>
				<timestamp>2743.518567</timestamp>
			</report>
			<report>
				<misses>41800001</misses>
				<total>1</total>
				<timestamp>2750.099572</timestamp>
			</report>
			<report>
				<misses>41900001</misses>
				<total>1</total>
				<timestamp>2756.679303</timestamp>
			</report>
			<report>
				<misses>42000001</misses>
				<total>1</total>
				<timestamp>2763.261683</timestamp>
			</report>
			<report>
				<misses>42100001</misses>
				<total>1</total>
				<timestamp>2769.842868</timestamp>
			</report>
			<report>
				<misses>42200001</misses>
				<total>2</total>
				<timestamp>2776.424877</timestamp>
			</report>
			<report>
				<misses>42300001</misses>
				<total>1</total>
				<timestamp>2783.005276</timestamp>
			</report>
			<report>
				<misses>42400001</misses>
				<total>1</total>
				<timestamp>2789.588822</timestamp>
			</report>
			<report>
				<misses>42500001</misses>
				<total>0</total>
				<timestamp>2796.170981</timestamp>
			</report>
			<report>
				<misses>42600001</misses>
				<total>0</total>
				<timestamp>2802.751415</timestamp>
			</report>
			<report>
				<misses>42700001</misses>
				<total>0</total>
				<timestamp>2809.333010</timestamp>
			</report>
			<report>
				<misses>42800001</misses>
				<total>0</total>
				<timestamp>2815.910977</timestamp>
			</report>
			<report>
				<misses>42900001</misses>
				<total>0</total>
				<timestamp>2822.494730</timestamp>
			</report>
			<report>
				<misses>43000001</misses>
				<total>1</total>
				<timestamp>2829.077627</timestamp>
			</report>
			<report>
				<misses>43100001</misses>
				<total>1</total>
				<timestamp>2835.661941</timestamp>
			</report>
			<report>
				<misses>43200001</misses>
				<total>0</total>
				<timestamp>2842.241641</timestamp>
			</report>
			<report>
				<misses>43300001</misses>
				<total>0</total>
				<timestamp>2848.820212</timestamp>
			</report>
			<report>
				<misses>43400001</misses>
				<total>1</total>
				<timestamp>2855.403660</timestamp>
			</report>
			<report>
				<misses>43500001</misses>
				<total>0</total>
				<timestamp>2861.983908</timestamp>
			</report>
			<report>
				<misses>43600001</misses>
				<total>1</total>
				<timestamp>2868.565406</timestamp>
			</report>
			<report>
				<misses>43700001</misses>
				<total>2</total>
				<timestamp>2875.148591</timestamp>
			</report>
			<report>
				<misses>43800001</misses>
				<total>0</total>
				<timestamp>2881.731627</timestamp>
			</report>
			<report>
				<misses>43900001</misses>
				<total>1</total>
				<timestamp>2888.313647</timestamp>
			</report>
			<report>
				<misses>44000001</misses>
				<total>1</total>
				<timestamp>2894.893593</timestamp>
			</report>
			<report>
				<misses>44100001</misses>
				<total>1</total>
				<timestamp>2901.475209</timestamp>
			</report>
			<report>
				<misses>44200001</misses>
				<total>1</total>
				<timestamp>2908.056031</timestamp>
			</report>
			<report>
				<misses>44300001</misses>
				<total>1</total>
				<timestamp>2914.636257</timestamp>
			</report>
			<report>
				<misses>44400001</misses>
				<total>1</total>
				<timestamp>2921.219184</timestamp>
			</report>
			<report>
				<misses>44500001</misses>
				<total>1</total>
				<timestamp>2927.801477</timestamp>
			</report>
			<report>
				<misses>44600001</misses>
				<total>1</total>
				<timestamp>2934.384019</timestamp>
			</report>
			<report>
				<misses>44700001</misses>
				<total>1</total>
				<timestamp>2940.964960</timestamp>
			</report>
			<report>
				<misses>44800001</misses>
				<total>0</total>
				<timestamp>2947.546159</timestamp>
			</report>
			<report>
				<misses>44900001</misses>
				<total>0</total>
				<timestamp>2954.129660</timestamp>
			</report>
			<report>
				<misses>45000001</misses>
				<total>0</total>
				<timestamp>2960.712634</timestamp>
			</report>
			<report>
				<misses>45100001</misses>
				<total>0</total>
				<timestamp>2967.293472</timestamp>
			</report>
			<report>
				<misses>45200001</misses>
				<total>0</total>
				<timestamp>2973.876448</timestamp>
			</report>
			<report>
				<misses>45300001</misses>
				<total>2</total>
				<timestamp>2980.456120</timestamp>
			</report>
			<report>
				<misses>45400001</misses>
				<total>0</total>
				<timestamp>2987.039263</timestamp>
			</report>
			<report>
				<misses>45500001</misses>
				<total>1</total>
				<timestamp>2993.619510</timestamp>
			</report>
			<report>
				<misses>45600001</misses>
				<total>1</total>
				<timestamp>3000.200111</timestamp>
			</report>
			<report>
				<misses>45700001</misses>
				<total>0</total>
				<timestamp>3006.783179</timestamp>
			</report>
			<report>
				<misses>45800001</misses>
				<total>0</total>
				<timestamp>3013.362878</timestamp>
			</report>
			<report>
				<misses>45900001</misses>
				<total>1</total>
				<timestamp>3019.940376</timestamp>
			</report>
			<report>
				<misses>46000001</misses>
				<total>1</total>
				<timestamp>3026.520827</timestamp>
			</report>
			<report>
				<misses>46100001</misses>
				<total>2</total>
				<timestamp>3033.103949</timestamp>
			</report>
			<report>
				<misses>46200001</misses>
				<total>1</total>
				<timestamp>3039.685744</timestamp>
			</report>
			<report>
				<misses>46300001</misses>
				<total>1</total>
				<timestamp>3046.267141</timestamp>
			</report>
			<report>
				<misses>46400001</misses>
				<total>0</total>
				<timestamp>3052.846506</timestamp>
			</report>
			<report>
				<misses>46500001</misses>
				<total>0</total>
				<timestamp>3059.430635</timestamp>
			</report>
			<report>
				<misses>46600001</misses>
				<total>1</total>
				<timestamp>3066.009518</timestamp>
			</report>
			<report>
				<misses>46700001</misses>
				<total>0</total>
				<timestamp>3072.589155</timestamp>
			</report>
			<report>
				<misses>46800001</misses>
				<total>1</total>
				<timestamp>3079.170466</timestamp>
			</report>
			<report>
				<misses>46900001</misses>
				<total>0</total>
				<timestamp>3085.754531</timestamp>
			</report>
			<report>
				<misses>47000001</misses>
				<total>1</total>
				<timestamp>3092.333385</timestamp>
			</report>
			<report>
				<misses>47100001</misses>
				<total>0</total>
				<timestamp>3098.915186</timestamp>
			</report>
			<report>
				<misses>47200001</misses>
				<total>0</total>
				<timestamp>3105.493649</timestamp>
			</report>
			<report>
				<misses>47300001</misses>
				<total>0</total>
				<timestamp>3112.071696</timestamp>
			</report>
			<report>
				<misses>47400001</misses>
				<total>1</total>
				<timestamp>3118.650029</timestamp>
			</report>
			<report>
				<misses>47500001</misses>
				<total>0</total>
				<timestamp>3125.231489</timestamp>
			</report>
			<report>
				<misses>47600001</misses>
				<total>0</total>
				<timestamp>3131.814102</timestamp>
			</report>
			<report>
				<misses>47700001</misses>
				<total>2</total>
				<timestamp>3138.390342</timestamp>
			</report>
			<report>
				<misses>47800001</misses>
				<total>1</total>
				<timestamp>3144.967581</timestamp>
			</report>
			<report>
				<misses>47900001</misses>
				<total>1</total>
				<timestamp>3151.548913</timestamp>
			</report>
			<report>
				<misses>48000001</misses>
				<total>2</total>
				<timestamp>3158.129699</timestamp>
			</report>
			<report>
				<misses>48100001</misses>
				<total>1</total>
				<timestamp>3164.711490</timestamp>
			</report>
			<report>
				<misses>48200001</misses>
				<total>0</total>
				<timestamp>3171.290637</timestamp>
			</report>
			<report>
				<misses>48300001</misses>
				<total>1</total>
				<timestamp>3177.872429</timestamp>
			</report>
			<report>
				<misses>48400001</misses>
				<total>0</total>
				<timestamp>3184.453725</timestamp>
			</report>
			<report>
				<misses>48500001</misses>
				<total>1</total>
				<timestamp>3191.032930</timestamp>
			</report>
			<report>
				<misses>48600001</misses>
				<total>1</total>
				<timestamp>3197.611366</timestamp>
			</report>
			<report>
				<misses>48700001</misses>
				<total>2</total>
				<timestamp>3204.195041</timestamp>
			</report>
			<report>
				<misses>48800001</misses>
				<total>1</total>
				<timestamp>3210.775957</timestamp>
			</report>
			<report>
				<misses>48900001</misses>
				<total>2</total>
				<timestamp>3217.356481</timestamp>
			</report>
			<report>
				<misses>49000001</misses>
				<total>0</total>
				<timestamp>3223.937619</timestamp>
			</report>
			<report>
				<misses>49100001</misses>
				<total>1</total>
				<timestamp>3230.521637</timestamp>
			</report>
			<report>
				<misses>49200001</misses>
				<total>1</total>
				<timestamp>3237.102748</timestamp>
			</report>
			<report>
				<misses>49300001</misses>
				<total>0</total>
				<timestamp>3243.689844</timestamp>
			</report>
			<report>
				<misses>49400001</misses>
				<total>1</total>
				<timestamp>3250.273271</timestamp>
			</report>
			<report>
				<misses>49500001</misses>
				<total>0</total>
				<timestamp>3256.857970</timestamp>
			</report>
			<report>
				<misses>49600001</misses>
				<total>1</total>
				<timestamp>3263.441669</timestamp>
			</report>
			<report>
				<misses>49700001</misses>
				<total>1</total>
				<timestamp>3270.025074</timestamp>
			</report>
			<report>
				<misses>49800001</misses>
				<total>2</total>
				<timestamp>3276.603359</timestamp>
			</report>
			<report>
				<misses>49900001</misses>
				<total>1</total>
				<timestamp>3283.185419</timestamp>
			</report>
			<report>
				<misses>50000001</misses>
				<total>1</total>
				<timestamp>3289.765633</timestamp>
			</report>
			<report>
				<misses>50100001</misses>
				<total>0</total>
				<timestamp>3296.348440</timestamp>
			</report>
			<report>
				<misses>50200001</misses>
				<total>1</total>
				<timestamp>3302.930863</timestamp>
			</report>
			<report>
				<misses>50300001</misses>
				<total>1</total>
				<timestamp>3309.509922</timestamp>
			</report>
			<report>
				<misses>50400001</misses>
				<total>0</total>
				<timestamp>3316.092962</timestamp>
			</report>
			<report>
				<misses>50500001</misses>
				<total>0</total>
				<timestamp>3322.673098</timestamp>
			</report>
			<report>
				<misses>50600001</misses>
				<total>0</total>
				<timestamp>3329.255093</timestamp>
			</report>
			<report>
				<misses>50700001</misses>
				<total>1</total>
				<timestamp>3335.834990</timestamp>
			</report>
			<report>
				<misses>50800001</misses>
				<total>0</total>
				<timestamp>3342.417679</timestamp>
			</report>
			<report>
				<misses>50900001</misses>
				<total>0</total>
				<timestamp>3348.999146</timestamp>
			</report>
			<report>
				<misses>51000001</misses>
				<total>1</total>
				<timestamp>3355.581311</timestamp>
			</report>
			<report>
				<misses>51100001</misses>
				<total>1</total>
				<timestamp>3362.164776</timestamp>
			</report>
			<report>
				<misses>51200001</misses>
				<total>1</total>
				<timestamp>3368.745846</timestamp>
			</report>
			<report>
				<misses>51300001</misses>
				<total>0</total>
				<timestamp>3375.324375</timestamp>
			</report>
			<report>
				<misses>51400001</misses>
				<total>1</total>
				<timestamp>3381.906539</timestamp>
			</report>
			<report>
				<misses>51500001</misses>
				<total>0</total>
				<timestamp>3388.487456</timestamp>
			</report>
			<report>
				<misses>51600001</misses>
				<total>1</total>
				<timestamp>3395.067213</timestamp>
			</report>
			<report>
				<misses>51700001</misses>
				<total>1</total>
				<timestamp>3401.647828</timestamp>
			</report>
			<report>
				<misses>51800001</misses>
				<total>1</total>
				<timestamp>3408.231432</timestamp>
			</report>
			<report>
				<misses>51900001</misses>
				<total>1</total>
				<timestamp>3414.813871</timestamp>
			</report>
			<report>
				<misses>52000001</misses>
				<total>0</total>
				<timestamp>3421.393896</timestamp>
			</report>
			<report>
				<misses>52100001</misses>
				<total>0</total>
				<timestamp>3427.974905</timestamp>
			</report>
			<report>
				<misses>52200001</misses>
				<total>1</total>
				<timestamp>3434.555684</timestamp>
			</report>
			<report>
				<misses>52300001</misses>
				<total>0</total>
				<timestamp>3441.133915</timestamp>
			</report>
			<report>
				<misses>52400001</misses>
				<total>1</total>
				<timestamp>3447.713943</timestamp>
			</report>
			<report>
				<misses>52500001</misses>
				<total>1</total>
				<timestamp>3454.293377</timestamp>
			</report>
			<report>
				<misses>52600001</misses>
				<total>1</total>
				<timestamp>3460.871897</timestamp>
			</report>
			<report>
				<misses>52700001</misses>
				<total>0</total>
				<timestamp>3467.455648</timestamp>
			</report>
			<report>
				<misses>52800001</misses>
				<total>1</total>
				<timestamp>3474.037206</timestamp>
			</report>
			<report>
				<misses>52900001</misses>
				<total>1</total>
				<timestamp>3480.617392</timestamp>
			</report>
			<report>
				<misses>53000001</misses>
				<total>0</total>
				<timestamp>3487.197530</timestamp>
			</report>
			<report>
				<misses>53100001</misses>
				<total>1</total>
				<timestamp>3493.777633</timestamp>
			</report>
			<report>
				<misses>53200001</misses>
				<total>0</total>
				<timestamp>3500.355768</timestamp>
			</report>
			<report>
				<misses>53300001</misses>
				<total>1</total>
				<timestamp>3506.936288</timestamp>
			</report>
			<report>
				<misses>53400001</misses>
				<total>0</total>
				<timestamp>3513.516469</timestamp>
			</report>
			<report>
				<misses>53500001</misses>
				<total>1</total>
				<timestamp>3520.096722</timestamp>
			</report>
			<report>
				<misses>53600001</misses>
				<total>0</total>
				<timestamp>3526.678018</timestamp>
			</report>
			<report>
				<misses>53700001</misses>
				<total>1</total>
				<timestamp>3533.259535</timestamp>
			</report>
			<report>
				<misses>53800001</misses>
				<total>1</total>
				<timestamp>3539.839116</timestamp>
			</report>
			<report>
				<misses>53900001</misses>
				<total>1</total>
				<timestamp>3546.419081</timestamp>
			</report>
			<report>
				<misses>54000001</misses>
				<total>2</total>
				<timestamp>3553.000314</timestamp>
			</report>
			<report>
				<misses>54100001</misses>
				<total>2</total>
				<timestamp>3559.582557</timestamp>
			</report>
			<report>
				<misses>54200001</misses>
				<total>0</total>
				<timestamp>3566.161516</timestamp>
			</report>
			<report>
				<misses>54300001</misses>
				<total>0</total>
				<timestamp>3572.741106</timestamp>
			</report>
			<report>
				<misses>54400001</misses>
				<total>0</total>
				<timestamp>3579.320915</timestamp>
			</report>
			<report>
				<misses>54500001</misses>
				<total>1</total>
				<timestamp>3585.904209</timestamp>
			</report>
			<report>
				<misses>54600001</misses>
				<total>1</total>
				<timestamp>3592.487377</timestamp>
			</report>
			<report>
				<misses>54700001</misses>
				<total>1</total>
				<timestamp>3599.068213</timestamp>
			</report>
			<report>
				<misses>54800001</misses>
				<total>1</total>
				<timestamp>3605.648937</timestamp>
			</report>
			<report>
				<misses>54900001</misses>
				<total>1</total>
				<timestamp>3612.229767</timestamp>
			</report>
			<report>
				<misses>55000001</misses>
				<total>1</total>
				<timestamp>3618.812648</timestamp>
			</report>
			<report>
				<misses>55100001</misses>
				<total>1</total>
				<timestamp>3625.393373</timestamp>
			</report>
			<report>
				<misses>55200001</misses>
				<total>0</total>
				<timestamp>3631.974776</timestamp>
			</report>
			<report>
				<misses>55300001</misses>
				<total>1</total>
				<timestamp>3638.558698</timestamp>
			</report>
			<report>
				<misses>55400001</misses>
				<total>1</total>
				<timestamp>3645.139548</timestamp>
			</report>
			<report>
				<misses>55500001</misses>
				<total>1</total>
				<timestamp>3651.720024</timestamp>
			</report>
			<report>
				<misses>55600001</misses>
				<total>0</total>
				<timestamp>3658.299389</timestamp>
			</report>
			<report>
				<misses>55700001</misses>
				<total>2</total>
				<timestamp>3664.881594</timestamp>
			</report>
			<report>
				<misses>55800001</misses>
				<total>0</total>
				<timestamp>3671.462837</timestamp>
			</report>
			<report>
				<misses>55900001</misses>
				<total>1</total>
				<timestamp>3678.045779</timestamp>
			</report>
			<report>
				<misses>56000001</misses>
				<total>1</total>
				<timestamp>3684.626222</timestamp>
			</report>
			<report>
				<misses>56100001</misses>
				<total>1</total>
				<timestamp>3691.210345</timestamp>
			</report>
			<report>
				<misses>56200001</misses>
				<total>2</total>
				<timestamp>3697.791093</timestamp>
			</report>
			<report>
				<misses>56300001</misses>
				<total>0</total>
				<timestamp>3704.370826</timestamp>
			</report>
			<report>
				<misses>56400001</misses>
				<total>0</total>
				<timestamp>3710.950015</timestamp>
			</report>
			<report>
				<misses>56500001</misses>
				<total>1</total>
				<timestamp>3717.526740</timestamp>
			</report>
			<report>
				<misses>56600001</misses>
				<total>0</total>
				<timestamp>3724.104620</timestamp>
			</report>
			<report>
				<misses>56700001</misses>
				<total>1</total>
				<timestamp>3730.680852</timestamp>
			</report>
			<report>
				<misses>56800001</misses>
				<total>1</total>
				<timestamp>3737.260895</timestamp>
			</report>
			<report>
				<misses>56900001</misses>
				<total>0</total>
				<timestamp>3743.840686</timestamp>
			</report>
			<report>
				<misses>57000001</misses>
				<total>1</total>
				<timestamp>3750.417060</timestamp>
			</report>
			<report>
				<misses>57100001</misses>
				<total>0</total>
				<timestamp>3756.997416</timestamp>
			</report>
			<report>
				<misses>57200001</misses>
				<total>0</total>
				<timestamp>3763.575626</timestamp>
			</report>
			<report>
				<misses>57300001</misses>
				<total>0</total>
				<timestamp>3770.157096</timestamp>
			</report>
			<report>
				<misses>57400001</misses>
				<total>0</total>
				<timestamp>3776.732389</timestamp>
			</report>
			<report>
				<misses>57500001</misses>
				<total>1</total>
				<timestamp>3783.311040</timestamp>
			</report>
			<report>
				<misses>57600001</misses>
				<total>1</total>
				<timestamp>3789.886546</timestamp>
			</report>
			<report>
				<misses>57700001</misses>
				<total>1</total>
				<timestamp>3796.466068</timestamp>
			</report>
			<report>
				<misses>57800001</misses>
				<total>1</total>
				<timestamp>3803.041365</timestamp>
			</report>
			<report>
				<misses>57900001</misses>
				<total>1</total>
				<timestamp>3809.618311</timestamp>
			</report>
			<report>
				<misses>58000001</misses>
				<total>1</total>
				<timestamp>3816.198781</timestamp>
			</report>
			<report>
				<misses>58100001</misses>
				<total>1</total>
				<timestamp>3822.776325</timestamp>
			</report>
			<report>
				<misses>58200001</misses>
				<total>1</total>
				<timestamp>3829.354858</timestamp>
			</report>
			<report>
				<misses>58300001</misses>
				<total>1</total>
				<timestamp>3835.929517</timestamp>
			</report>
			<report>
				<misses>58400001</misses>
				<total>0</total>
				<timestamp>3842.504099</timestamp>
			</report>
			<report>
				<misses>58500001</misses>
				<total>1</total>
				<timestamp>3849.079689</timestamp>
			</report>
			<report>
				<misses>58600001</misses>
				<total>1</total>
				<timestamp>3855.657594</timestamp>
			</report>
			<report>
				<misses>58700001</misses>
				<total>1</total>
				<timestamp>3862.233930</timestamp>
			</report>
			<report>
				<misses>58800001</misses>
				<total>1</total>
				<timestamp>3868.808935</timestamp>
			</report>
			<report>
				<misses>58900001</misses>
				<total>1</total>
				<timestamp>3875.383679</timestamp>
			</report>
			<report>
				<misses>59000001</misses>
				<total>0</total>
				<timestamp>3881.959019</timestamp>
			</report>
			<report>
				<misses>59100001</misses>
				<total>1</total>
				<timestamp>3888.534704</timestamp>
			</report>
			<report>
				<misses>59200001</misses>
				<total>2</total>
				<timestamp>3895.114466</timestamp>
			</report>
			<report>
				<misses>59300001</misses>
				<total>0</total>
				<timestamp>3901.690445</timestamp>
			</report>
			<report>
				<misses>59400001</misses>
				<total>1</total>
				<timestamp>3908.267455</timestamp>
			</report>
			<report>
				<misses>59500001</misses>
				<total>1</total>
				<timestamp>3914.843868</timestamp>
			</report>
			<report>
				<misses>59600001</misses>
				<total>0</total>
				<timestamp>3921.420691</timestamp>
			</report>
			<report>
				<misses>59700001</misses>
				<total>0</total>
				<timestamp>3927.997975</timestamp>
			</report>
			<report>
				<misses>59800001</misses>
				<total>0</total>
				<timestamp>3934.573494</timestamp>
			</report>
			<report>
				<misses>59900001</misses>
				<total>0</total>
				<timestamp>3941.151070</timestamp>
			</report>
			<report>
				<misses>60000001</misses>
				<total>1</total>
				<timestamp>3947.728539</timestamp>
			</report>
			<report>
				<misses>60100001</misses>
				<total>1</total>
				<timestamp>3954.305560</timestamp>
			</report>
			<report>
				<misses>60200001</misses>
				<total>0</total>
				<timestamp>3960.882090</timestamp>
			</report>
			<report>
				<misses>60300001</misses>
				<total>0</total>
				<timestamp>3967.456629</timestamp>
			</report>
			<report>
				<misses>60400001</misses>
				<total>0</total>
				<timestamp>3974.032763</timestamp>
			</report>
			<report>
				<misses>60500001</misses>
				<total>1</total>
				<timestamp>3980.608587</timestamp>
			</report>
			<report>
				<misses>60600001</misses>
				<total>1</total>
				<timestamp>3987.187574</timestamp>
			</report>
			<report>
				<misses>60700001</misses>
				<total>1</total>
				<timestamp>3993.763509</timestamp>
			</report>
			<report>
				<misses>60800001</misses>
				<total>1</total>
				<timestamp>4000.336046</timestamp>
			</report>
			<report>
				<misses>60900001</misses>
				<total>1</total>
				<timestamp>4006.912965</timestamp>
			</report>
			<report>
				<misses>61000001</misses>
				<total>0</total>
				<timestamp>4013.488272</timestamp>
			</report>
			<report>
				<misses>61100001</misses>
				<total>0</total>
				<timestamp>4020.065295</timestamp>
			</report>
			<report>
				<misses>61200001</misses>
				<total>1</total>
				<timestamp>4026.642311</timestamp>
			</report>
			<report>
				<misses>61300001</misses>
				<total>0</total>
				<timestamp>4033.217611</timestamp>
			</report>
			<report>
				<misses>61400001</misses>
				<total>0</total>
				<timestamp>4039.792548</timestamp>
			</report>
			<report>
				<misses>61500001</misses>
				<total>1</total>
				<timestamp>4046.369761</timestamp>
			</report>
			<report>
				<misses>61600001</misses>
				<total>1</total>
				<timestamp>4052.946164</timestamp>
			</report>
			<report>
				<misses>61700001</misses>
				<total>1</total>
				<timestamp>4059.520480</timestamp>
			</report>
			<report>
				<misses>61800001</misses>
				<total>0</total>
				<timestamp>4066.097052</timestamp>
			</report>
			<report>
				<misses>61900001</misses>
				<total>1</total>
				<timestamp>4072.668753</timestamp>
			</report>
			<report>
				<misses>62000001</misses>
				<total>1</total>
				<timestamp>4079.244382</timestamp>
			</report>
			<report>
				<misses>62100001</misses>
				<total>1</total>
				<timestamp>4085.820722</timestamp>
			</report>
			<report>
				<misses>62200001</misses>
				<total>1</total>
				<timestamp>4092.398213</timestamp>
			</report>
			<report>
				<misses>62300001</misses>
				<total>0</total>
				<timestamp>4098.973936</timestamp>
			</report>
			<report>
				<misses>62400001</misses>
				<total>0</total>
				<timestamp>4105.550475</timestamp>
			</report>
			<report>
				<misses>62500001</misses>
				<total>2</total>
				<timestamp>4112.129768</timestamp>
			</report>
			<report>
				<misses>62600001</misses>
				<total>0</total>
				<timestamp>4118.708254</timestamp>
			</report>
			<report>
				<misses>62700001</misses>
				<total>1</total>
				<timestamp>4125.287111</timestamp>
			</report>
			<report>
				<misses>62800001</misses>
				<total>0</total>
				<timestamp>4131.863464</timestamp>
			</report>
			<report>
				<misses>62900001</misses>
				<total>0</total>
				<timestamp>4138.443165</timestamp>
			</report>
			<report>
				<misses>63000001</misses>
				<total>0</total>
				<timestamp>4145.020569</timestamp>
			</report>
			<report>
				<misses>63100001</misses>
				<total>1</total>
				<timestamp>4151.598078</timestamp>
			</report>
			<report>
				<misses>63200001</misses>
				<total>1</total>
				<timestamp>4158.175460</timestamp>
			</report>
			<report>
				<misses>63300001</misses>
				<total>1</total>
				<timestamp>4164.754051</timestamp>
			</report>
			<report>
				<misses>63400001</misses>
				<total>0</total>
				<timestamp>4171.332852</timestamp>
			</report>
			<report>
				<misses>63500001</misses>
				<total>1</total>
				<timestamp>4177.910051</timestamp>
			</report>
			<report>
				<misses>63600001</misses>
				<total>2</total>
				<timestamp>4184.487262</timestamp>
			</report>
			<report>
				<misses>63700001</misses>
				<total>1</total>
				<timestamp>4191.062520</timestamp>
			</report>
			<report>
				<misses>63800001</misses>
				<total>0</total>
				<timestamp>4197.634225</timestamp>
			</report>
			<report>
				<misses>63900001</misses>
				<total>1</total>
				<timestamp>4204.208766</timestamp>
			</report>
			<report>
				<misses>64000001</misses>
				<total>0</total>
				<timestamp>4210.785765</timestamp>
			</report>
			<report>
				<misses>64100001</misses>
				<total>0</total>
				<timestamp>4217.362206</timestamp>
			</report>
			<report>
				<misses>64200001</misses>
				<total>0</total>
				<timestamp>4223.941254</timestamp>
			</report>
			<report>
				<misses>64300001</misses>
				<total>1</total>
				<timestamp>4230.514792</timestamp>
			</report>
			<report>
				<misses>64400001</misses>
				<total>0</total>
				<timestamp>4237.088773</timestamp>
			</report>
			<report>
				<misses>64500001</misses>
				<total>2</total>
				<timestamp>4243.666907</timestamp>
			</report>
			<report>
				<misses>64600001</misses>
				<total>1</total>
				<timestamp>4250.241301</timestamp>
			</report>
			<report>
				<misses>64700001</misses>
				<total>1</total>
				<timestamp>4256.818975</timestamp>
			</report>
			<report>
				<misses>64800001</misses>
				<total>1</total>
				<timestamp>4263.397040</timestamp>
			</report>
			<report>
				<misses>64900001</misses>
				<total>0</total>
				<timestamp>4269.973129</timestamp>
			</report>
			<report>
				<misses>65000001</misses>
				<total>0</total>
				<timestamp>4276.547898</timestamp>
			</report>
			<report>
				<misses>65100001</misses>
				<total>1</total>
				<timestamp>4283.123586</timestamp>
			</report>
			<report>
				<misses>65200001</misses>
				<total>0</total>
				<timestamp>4289.701331</timestamp>
			</report>
			<report>
				<misses>65300001</misses>
				<total>0</total>
				<timestamp>4296.276105</timestamp>
			</report>
			<report>
				<misses>65400001</misses>
				<total>0</total>
				<timestamp>4302.851633</timestamp>
			</report>
			<report>
				<misses>65500001</misses>
				<total>0</total>
				<timestamp>4309.428080</timestamp>
			</report>
			<report>
				<misses>65600001</misses>
				<total>0</total>
				<timestamp>4316.006755</timestamp>
			</report>
			<report>
				<misses>65700001</misses>
				<total>0</total>
				<timestamp>4322.582901</timestamp>
			</report>
			<report>
				<misses>65800001</misses>
				<total>0</total>
				<timestamp>4329.156790</timestamp>
			</report>
			<report>
				<misses>65900001</misses>
				<total>1</total>
				<timestamp>4335.733035</timestamp>
			</report>
			<report>
				<misses>66000001</misses>
				<total>0</total>
				<timestamp>4342.309897</timestamp>
			</report>
			<report>
				<misses>66100001</misses>
				<total>1</total>
				<timestamp>4348.885463</timestamp>
			</report>
			<report>
				<misses>66200001</misses>
				<total>0</total>
				<timestamp>4355.460928</timestamp>
			</report>
			<report>
				<misses>66300001</misses>
				<total>0</total>
				<timestamp>4362.036968</timestamp>
			</report>
			<report>
				<misses>66400001</misses>
				<total>0</total>
				<timestamp>4368.610466</timestamp>
			</report>
			<report>
				<misses>66500001</misses>
				<total>2</total>
				<timestamp>4375.187484</timestamp>
			</report>
			<report>
				<misses>66600001</misses>
				<total>0</total>
				<timestamp>4381.763431</timestamp>
			</report>
			<report>
				<misses>66700001</misses>
				<total>0</total>
				<timestamp>4388.340076</timestamp>
			</report>
			<report>
				<misses>66800001</misses>
				<total>0</total>
				<timestamp>4394.918272</timestamp>
			</report>
			<report>
				<misses>66900001</misses>
				<total>1</total>
				<timestamp>4401.496739</timestamp>
			</report>
			<report>
				<misses>67000001</misses>
				<total>0</total>
				<timestamp>4408.071966</timestamp>
			</report>
			<report>
				<misses>67100001</misses>
				<total>1</total>
				<timestamp>4414.650843</timestamp>
			</report>
			<report>
				<misses>67200001</misses>
				<total>0</total>
				<timestamp>4421.227301</timestamp>
			</report>
			<report>
				<misses>67300001</misses>
				<total>0</total>
				<timestamp>4427.801309</timestamp>
			</report>
			<report>
				<misses>67400001</misses>
				<total>1</total>
				<timestamp>4434.376621</timestamp>
			</report>
			<report>
				<misses>67500001</misses>
				<total>0</total>
				<timestamp>4440.952631</timestamp>
			</report>
			<report>
				<misses>67600001</misses>
				<total>0</total>
				<timestamp>4447.527785</timestamp>
			</report>
			<report>
				<misses>67700001</misses>
				<total>1</total>
				<timestamp>4454.102581</timestamp>
			</report>
			<report>
				<misses>67800001</misses>
				<total>0</total>
				<timestamp>4460.678456</timestamp>
			</report>
			<report>
				<misses>67900001</misses>
				<total>1</total>
				<timestamp>4467.252889</timestamp>
			</report>
			<report>
				<misses>68000001</misses>
				<total>0</total>
				<timestamp>4473.829859</timestamp>
			</report>
			<report>
				<misses>68100001</misses>
				<total>0</total>
				<timestamp>4480.406917</timestamp>
			</report>
			<report>
				<misses>68200001</misses>
				<total>0</total>
				<timestamp>4486.981328</timestamp>
			</report>
			<report>
				<misses>68300001</misses>
				<total>1</total>
				<timestamp>4493.557270</timestamp>
			</report>
			<report>
				<misses>68400001</misses>
				<total>0</total>
				<timestamp>4500.131858</timestamp>
			</report>
			<report>
				<misses>68500001</misses>
				<total>0</total>
				<timestamp>4506.705648</timestamp>
			</report>
			<report>
				<misses>68600001</misses>
				<total>0</total>
				<timestamp>4513.279907</timestamp>
			</report>
			<report>
				<misses>68700001</misses>
				<total>0</total>
				<timestamp>4519.855557</timestamp>
			</report>
			<report>
				<misses>68800001</misses>
				<total>0</total>
				<timestamp>4526.432196</timestamp>
			</report>
			<report>
				<misses>68900001</misses>
				<total>1</total>
				<timestamp>4533.009407</timestamp>
			</report>
			<report>
				<misses>69000001</misses>
				<total>1</total>
				<timestamp>4539.584191</timestamp>
			</report>
			<report>
				<misses>69100001</misses>
				<total>0</total>
				<timestamp>4546.162106</timestamp>
			</report>
			<report>
				<misses>69200001</misses>
				<total>1</total>
				<timestamp>4552.736163</timestamp>
			</report>
			<report>
				<misses>69300001</misses>
				<total>1</total>
				<timestamp>4559.312330</timestamp>
			</report>
			<report>
				<misses>69400001</misses>
				<total>1</total>
				<timestamp>4565.888069</timestamp>
			</report>
			<report>
				<misses>69500001</misses>
				<total>0</total>
				<timestamp>4572.465590</timestamp>
			</report>
			<report>
				<misses>69600001</misses>
				<total>1</total>
				<timestamp>4579.041929</timestamp>
			</report>
			<report>
				<misses>69700001</misses>
				<total>0</total>
				<timestamp>4585.619685</timestamp>
			</report>
			<report>
				<misses>69800001</misses>
				<total>1</total>
				<timestamp>4592.196895</timestamp>
			</report>
			<report>
				<misses>69900001</misses>
				<total>1</total>
				<timestamp>4598.773328</timestamp>
			</report>
			<report>
				<misses>70000001</misses>
				<total>1</total>
				<timestamp>4605.352010</timestamp>
			</report>
			<report>
				<misses>70100001</misses>
				<total>1</total>
				<timestamp>4611.930037</timestamp>
			</report>
			<report>
				<misses>70200001</misses>
				<total>1</total>
				<timestamp>4618.509151</timestamp>
			</report>
			<report>
				<misses>70300001</misses>
				<total>0</total>
				<timestamp>4625.083587</timestamp>
			</report>
			<report>
				<misses>70400001</misses>
				<total>1</total>
				<timestamp>4631.659809</timestamp>
			</report>
			<report>
				<misses>70500001</misses>
				<total>1</total>
				<timestamp>4638.235490</timestamp>
			</report>
			<report>
				<misses>70600001</misses>
				<total>1</total>
				<timestamp>4644.813058</timestamp>
			</report>
			<report>
				<misses>70700001</misses>
				<total>0</total>
				<timestamp>4651.387726</timestamp>
			</report>
			<report>
				<misses>70800001</misses>
				<total>1</total>
				<timestamp>4657.965239</timestamp>
			</report>
			<report>
				<misses>70900001</misses>
				<total>1</total>
				<timestamp>4664.541917</timestamp>
			</report>
			<report>
				<misses>71000001</misses>
				<total>0</total>
				<timestamp>4671.119785</timestamp>
			</report>
			<report>
				<misses>71100001</misses>
				<total>1</total>
				<timestamp>4677.694980</timestamp>
			</report>
			<report>
				<misses>71200001</misses>
				<total>1</total>
				<timestamp>4684.271270</timestamp>
			</report>
			<report>
				<misses>71300001</misses>
				<total>0</total>
				<timestamp>4690.846986</timestamp>
			</report>
			<report>
				<misses>71400001</misses>
				<total>0</total>
				<timestamp>4697.425652</timestamp>
			</report>
			<report>
				<misses>71500001</misses>
				<total>1</total>
				<timestamp>4704.003128</timestamp>
			</report>
			<report>
				<misses>71600001</misses>
				<total>1</total>
				<timestamp>4710.577337</timestamp>
			</report>
			<report>
				<misses>71700001</misses>
				<total>1</total>
				<timestamp>4717.152905</timestamp>
			</report>
			<report>
				<misses>71800001</misses>
				<total>1</total>
				<timestamp>4723.727252</timestamp>
			</report>
			<report>
				<misses>71900001</misses>
				<total>0</total>
				<timestamp>4730.305741</timestamp>
			</report>
			<report>
				<misses>72000001</misses>
				<total>2</total>
				<timestamp>4736.881218</timestamp>
			</report>
			<report>
				<misses>72100001</misses>
				<total>1</total>
				<timestamp>4743.457121</timestamp>
			</report>
			<report>
				<misses>72200001</misses>
				<total>1</total>
				<timestamp>4750.030391</timestamp>
			</report>
			<report>
				<misses>72300001</misses>
				<total>1</total>
				<timestamp>4756.605880</timestamp>
			</report>
			<report>
				<misses>72400001</misses>
				<total>1</total>
				<timestamp>4763.182174</timestamp>
			</report>
			<report>
				<misses>72500001</misses>
				<total>0</total>
				<timestamp>4769.757034</timestamp>
			</report>
			<report>
				<misses>72600001</misses>
				<total>1</total>
				<timestamp>4776.329547</timestamp>
			</report>
			<report>
				<misses>72700001</misses>
				<total>0</total>
				<timestamp>4782.907160</timestamp>
			</report>
			<report>
				<misses>72800001</misses>
				<total>1</total>
				<timestamp>4789.484267</timestamp>
			</report>
			<report>
				<misses>72900001</misses>
				<total>1</total>
				<timestamp>4796.060430</timestamp>
			</report>
			<report>
				<misses>73000001</misses>
				<total>1</total>
				<timestamp>4802.636116</timestamp>
			</report>
			<report>
				<misses>73100001</misses>
				<total>1</total>
				<timestamp>4809.210282</timestamp>
			</report>
			<report>
				<misses>73200001</misses>
				<total>1</total>
				<timestamp>4815.784407</timestamp>
			</report>
			<report>
				<misses>73300001</misses>
				<total>1</total>
				<timestamp>4822.359169</timestamp>
			</report>
			<report>
				<misses>73400001</misses>
				<total>0</total>
				<timestamp>4828.935674</timestamp>
			</report>
			<report>
				<misses>73500001</misses>
				<total>1</total>
				<timestamp>4835.509339</timestamp>
			</report>
			<report>
				<misses>73600001</misses>
				<total>0</total>
				<timestamp>4842.085331</timestamp>
			</report>
			<report>
				<misses>73700001</misses>
				<total>1</total>
				<timestamp>4848.661163</timestamp>
			</report>
			<report>
				<misses>73800001</misses>
				<total>1</total>
				<timestamp>4855.240613</timestamp>
			</report>
			<report>
				<misses>73900001</misses>
				<total>0</total>
				<timestamp>4861.817836</timestamp>
			</report>
			<report>
				<misses>74000001</misses>
				<total>0</total>
				<timestamp>4868.390995</timestamp>
			</report>
			<report>
				<misses>74100001</misses>
				<total>1</total>
				<timestamp>4874.965403</timestamp>
			</report>
			<report>
				<misses>74200001</misses>
				<total>1</total>
				<timestamp>4881.537719</timestamp>
			</report>
			<report>
				<misses>74300001</misses>
				<total>1</total>
				<timestamp>4888.112538</timestamp>
			</report>
			<report>
				<misses>74400001</misses>
				<total>1</total>
				<timestamp>4894.688185</timestamp>
			</report>
			<report>
				<misses>74500001</misses>
				<total>0</total>
				<timestamp>4901.262283</timestamp>
			</report>
			<report>
				<misses>74600001</misses>
				<total>0</total>
				<timestamp>4907.837682</timestamp>
			</report>
			<report>
				<misses>74700001</misses>
				<total>1</total>
				<timestamp>4914.412370</timestamp>
			</report>
			<report>
				<misses>74800001</misses>
				<total>0</total>
				<timestamp>4920.987362</timestamp>
			</report>
			<report>
				<misses>74900001</misses>
				<total>1</total>
				<timestamp>4927.562483</timestamp>
			</report>
			<report>
				<misses>75000001</misses>
				<total>1</total>
				<timestamp>4934.137313</timestamp>
			</report>
			<report>
				<misses>75100001</misses>
				<total>1</total>
				<timestamp>4940.710711</timestamp>
			</report>
			<report>
				<misses>75200001</misses>
				<total>0</total>
				<timestamp>4947.286338</timestamp>
			</report>
			<report>
				<misses>75300001</misses>
				<total>0</total>
				<timestamp>4953.860217</timestamp>
			</report>
			<report>
				<misses>75400001</misses>
				<total>1</total>
				<timestamp>4960.436850</timestamp>
			</report>
			<report>
				<misses>75500001</misses>
				<total>1</total>
				<timestamp>4967.010834</timestamp>
			</report>
			<report>
				<misses>75600001</misses>
				<total>1</total>
				<timestamp>4973.583935</timestamp>
			</report>
			<report>
				<misses>75700001</misses>
				<total>0</total>
				<timestamp>4980.159527</timestamp>
			</report>
			<report>
				<misses>75800001</misses>
				<total>1</total>
				<timestamp>4986.731802</timestamp>
			</report>
			<report>
				<misses>75900001</misses>
				<total>1</total>
				<timestamp>4993.303807</timestamp>
			</report>
			<report>
				<misses>76000001</misses>
				<total>1</total>
				<timestamp>4999.876304</timestamp>
			</report>
			<report>
				<misses>76100001</misses>
				<total>0</total>
				<timestamp>5006.453207</timestamp>
			</report>
			<report>
				<misses>76200001</misses>
				<total>1</total>
				<timestamp>5013.027923</timestamp>
			</report>
			<report>
				<misses>76300001</misses>
				<total>0</total>
				<timestamp>5019.603248</timestamp>
			</report>
			<report>
				<misses>76400001</misses>
				<total>0</total>
				<timestamp>5026.175635</timestamp>
			</report>
			<report>
				<misses>76500001</misses>
				<total>1</total>
				<timestamp>5032.749146</timestamp>
			</report>
			<report>
				<misses>76600001</misses>
				<total>0</total>
				<timestamp>5039.325166</timestamp>
			</report>
			<report>
				<misses>76700001</misses>
				<total>1</total>
				<timestamp>5045.901651</timestamp>
			</report>
			<report>
				<misses>76800001</misses>
				<total>1</total>
				<timestamp>5052.475416</timestamp>
			</report>
			<report>
				<misses>76900001</misses>
				<total>2</total>
				<timestamp>5059.048813</timestamp>
			</report>
			<report>
				<misses>77000001</misses>
				<total>0</total>
				<timestamp>5065.620714</timestamp>
			</report>
			<report>
				<misses>77100001</misses>
				<total>0</total>
				<timestamp>5072.198642</timestamp>
			</report>
			<report>
				<misses>77200001</misses>
				<total>0</total>
				<timestamp>5078.771003</timestamp>
			</report>
			<report>
				<misses>77300001</misses>
				<total>0</total>
				<timestamp>5085.345906</timestamp>
			</report>
			<report>
				<misses>77400001</misses>
				<total>0</total>
				<timestamp>5091.920691</timestamp>
			</report>
			<report>
				<misses>77500001</misses>
				<total>0</total>
				<timestamp>5098.494675</timestamp>
			</report>
			<report>
				<misses>77600001</misses>
				<total>0</total>
				<timestamp>5105.071961</timestamp>
			</report>
			<report>
				<misses>77700001</misses>
				<total>0</total>
				<timestamp>5111.645228</timestamp>
			</report>
			<report>
				<misses>77800001</misses>
				<total>0</total>
				<timestamp>5118.218243</timestamp>
			</report>
			<report>
				<misses>77900001</misses>
				<total>1</total>
				<timestamp>5124.792772</timestamp>
			</report>
			<report>
				<misses>78000001</misses>
				<total>0</total>
				<timestamp>5131.371696</timestamp>
			</report>
			<report>
				<misses>78100001</misses>
				<total>1</total>
				<timestamp>5137.946312</timestamp>
			</report>
			<report>
				<misses>78200001</misses>
				<total>1</total>
				<timestamp>5144.520900</timestamp>
			</report>
			<report>
				<misses>78300001</misses>
				<total>1</total>
				<timestamp>5151.093879</timestamp>
			</report>
			<report>
				<misses>78400001</misses>
				<total>1</total>
				<timestamp>5157.668541</timestamp>
			</report>
			<report>
				<misses>78500001</misses>
				<total>0</total>
				<timestamp>5164.244266</timestamp>
			</report>
			<report>
				<misses>78600001</misses>
				<total>0</total>
				<timestamp>5170.816774</timestamp>
			</report>
			<report>
				<misses>78700001</misses>
				<total>1</total>
				<timestamp>5177.389321</timestamp>
			</report>
			<report>
				<misses>78800001</misses>
				<total>1</total>
				<timestamp>5183.961812</timestamp>
			</report>
			<report>
				<misses>78900001</misses>
				<total>1</total>
				<timestamp>5190.534005</timestamp>
			</report>
			<report>
				<misses>79000001</misses>
				<total>0</total>
				<timestamp>5197.111900</timestamp>
			</report>
			<report>
				<misses>79100001</misses>
				<total>2</total>
				<timestamp>5203.688664</timestamp>
			</report>
			<report>
				<misses>79200001</misses>
				<total>1</total>
				<timestamp>5210.262021</timestamp>
			</report>
			<report>
				<misses>79300001</misses>
				<total>1</total>
				<timestamp>5216.910526</timestamp>
			</report>
			<report>
				<misses>79400001</misses>
				<total>1</total>
				<timestamp>5223.463368</timestamp>
			</report>
			<report>
				<misses>79500001</misses>
				<total>0</total>
				<timestamp>5230.016237</timestamp>
			</report>
			<report>
				<misses>79600001</misses>
				<total>0</total>
				<timestamp>5236.571542</timestamp>
			</report>
			<report>
				<misses>79700001</misses>
				<total>1</total>
				<timestamp>5243.129786</timestamp>
			</report>
			<report>
				<misses>79800001</misses>
				<total>1</total>
				<timestamp>5249.683904</timestamp>
			</report>
			<report>
				<misses>79900001</misses>
				<total>1</total>
				<timestamp>5256.239135</timestamp>
			</report>
			<report>
				<misses>80000001</misses>
				<total>1</total>
				<timestamp>5262.795185</timestamp>
			</report>
			<report>
				<misses>80100001</misses>
				<total>1</total>
				<timestamp>5269.351236</timestamp>
			</report>
			<report>
				<misses>80200001</misses>
				<total>1</total>
				<timestamp>5275.909706</timestamp>
			</report>
			<report>
				<misses>80300001</misses>
				<total>1</total>
				<timestamp>5282.466239</timestamp>
			</report>
			<report>
				<misses>80400001</misses>
				<total>0</total>
				<timestamp>5289.020851</timestamp>
			</report>
			<report>
				<misses>80500001</misses>
				<total>0</total>
				<timestamp>5295.578456</timestamp>
			</report>
			<report>
				<misses>80600001</misses>
				<total>0</total>
				<timestamp>5302.133103</timestamp>
			</report>
			<report>
				<misses>80700001</misses>
				<total>1</total>
				<timestamp>5308.691105</timestamp>
			</report>
			<report>
				<misses>80800001</misses>
				<total>1</total>
				<timestamp>5315.247394</timestamp>
			</report>
			<report>
				<misses>80900001</misses>
				<total>1</total>
				<timestamp>5321.820959</timestamp>
			</report>
			<report>
				<misses>81000001</misses>
				<total>1</total>
				<timestamp>5328.394590</timestamp>
			</report>
			<report>
				<misses>81100001</misses>
				<total>1</total>
				<timestamp>5334.968975</timestamp>
			</report>
			<report>
				<misses>81200001</misses>
				<total>2</total>
				<timestamp>5341.542345</timestamp>
			</report>
			<report>
				<misses>81300001</misses>
				<total>1</total>
				<timestamp>5348.118650</timestamp>
			</report>
			<report>
				<misses>81400001</misses>
				<total>0</total>
				<timestamp>5354.692933</timestamp>
			</report>
			<report>
				<misses>81500001</misses>
				<total>2</total>
				<timestamp>5361.267036</timestamp>
			</report>
			<report>
				<misses>81600001</misses>
				<total>0</total>
				<timestamp>5367.842359</timestamp>
			</report>
			<report>
				<misses>81700001</misses>
				<total>0</total>
				<timestamp>5374.416733</timestamp>
			</report>
			<report>
				<misses>81800001</misses>
				<total>1</total>
				<timestamp>5380.990290</timestamp>
			</report>
			<report>
				<misses>81900001</misses>
				<total>1</total>
				<timestamp>5387.562538</timestamp>
			</report>
			<report>
				<misses>82000001</misses>
				<total>0</total>
				<timestamp>5394.139426</timestamp>
			</report>
			<report>
				<misses>82100001</misses>
				<total>1</total>
				<timestamp>5400.711439</timestamp>
			</report>
			<report>
				<misses>82200001</misses>
				<total>0</total>
				<timestamp>5407.289096</timestamp>
			</report>
			<report>
				<misses>82300001</misses>
				<total>1</total>
				<timestamp>5413.864655</timestamp>
			</report>
			<report>
				<misses>82400001</misses>
				<total>0</total>
				<timestamp>5420.443691</timestamp>
			</report>
			<report>
				<misses>82500001</misses>
				<total>1</total>
				<timestamp>5427.018846</timestamp>
			</report>
			<report>
				<misses>82600001</misses>
				<total>1</total>
				<timestamp>5433.590352</timestamp>
			</report>
			<report>
				<misses>82700001</misses>
				<total>0</total>
				<timestamp>5440.164965</timestamp>
			</report>
			<report>
				<misses>82800001</misses>
				<total>0</total>
				<timestamp>5446.740240</timestamp>
			</report>
			<report>
				<misses>82900001</misses>
				<total>1</total>
				<timestamp>5453.318641</timestamp>
			</report>
			<report>
				<misses>83000001</misses>
				<total>1</total>
				<timestamp>5459.894388</timestamp>
			</report>
			<report>
				<misses>83100001</misses>
				<total>1</total>
				<timestamp>5466.470193</timestamp>
			</report>
			<report>
				<misses>83200001</misses>
				<total>0</total>
				<timestamp>5473.042469</timestamp>
			</report>
			<report>
				<misses>83300001</misses>
				<total>0</total>
				<timestamp>5479.616623</timestamp>
			</report>
			<report>
				<misses>83400001</misses>
				<total>0</total>
				<timestamp>5486.188333</timestamp>
			</report>
			<report>
				<misses>83500001</misses>
				<total>1</total>
				<timestamp>5492.764193</timestamp>
			</report>
			<report>
				<misses>83600001</misses>
				<total>1</total>
				<timestamp>5499.337682</timestamp>
			</report>
			<report>
				<misses>83700001</misses>
				<total>2</total>
				<timestamp>5505.911989</timestamp>
			</report>
			<report>
				<misses>83800001</misses>
				<total>0</total>
				<timestamp>5512.486800</timestamp>
			</report>
			<report>
				<misses>83900001</misses>
				<total>0</total>
				<timestamp>5519.064125</timestamp>
			</report>
			<report>
				<misses>84000001</misses>
				<total>1</total>
				<timestamp>5525.640741</timestamp>
			</report>
			<report>
				<misses>84100001</misses>
				<total>0</total>
				<timestamp>5532.215687</timestamp>
			</report>
			<report>
				<misses>84200001</misses>
				<total>0</total>
				<timestamp>5538.792207</timestamp>
			</report>
			<report>
				<misses>84300001</misses>
				<total>1</total>
				<timestamp>5545.366517</timestamp>
			</report>
			<report>
				<misses>84400001</misses>
				<total>0</total>
				<timestamp>5551.940845</timestamp>
			</report>
			<report>
				<misses>84500001</misses>
				<total>1</total>
				<timestamp>5558.515412</timestamp>
			</report>
			<report>
				<misses>84600001</misses>
				<total>1</total>
				<timestamp>5565.090359</timestamp>
			</report>
			<report>
				<misses>84700001</misses>
				<total>1</total>
				<timestamp>5571.663625</timestamp>
			</report>
			<report>
				<misses>84800001</misses>
				<total>0</total>
				<timestamp>5578.241833</timestamp>
			</report>
			<report>
				<misses>84900001</misses>
				<total>0</total>
				<timestamp>5584.818160</timestamp>
			</report>
			<report>
				<misses>85000001</misses>
				<total>0</total>
				<timestamp>5591.392908</timestamp>
			</report>
			<report>
				<misses>85100001</misses>
				<total>0</total>
				<timestamp>5597.966548</timestamp>
			</report>
			<report>
				<misses>85200001</misses>
				<total>1</total>
				<timestamp>5604.540646</timestamp>
			</report>
			<report>
				<misses>85300001</misses>
				<total>0</total>
				<timestamp>5611.115175</timestamp>
			</report>
			<report>
				<misses>85400001</misses>
				<total>1</total>
				<timestamp>5617.692781</timestamp>
			</report>
			<report>
				<misses>85500001</misses>
				<total>1</total>
				<timestamp>5624.271146</timestamp>
			</report>
			<report>
				<misses>85600001</misses>
				<total>1</total>
				<timestamp>5630.847027</timestamp>
			</report>
			<report>
				<misses>85700001</misses>
				<total>2</total>
				<timestamp>5637.421822</timestamp>
			</report>
			<report>
				<misses>85800001</misses>
				<total>0</total>
				<timestamp>5643.995747</timestamp>
			</report>
			<report>
				<misses>85900001</misses>
				<total>0</total>
				<timestamp>5650.569014</timestamp>
			</report>
			<report>
				<misses>86000001</misses>
				<total>1</total>
				<timestamp>5657.142548</timestamp>
			</report>
			<report>
				<misses>86100001</misses>
				<total>1</total>
				<timestamp>5663.719474</timestamp>
			</report>
			<report>
				<misses>86200001</misses>
				<total>1</total>
				<timestamp>5670.296950</timestamp>
			</report>
			<report>
				<misses>86300001</misses>
				<total>1</total>
				<timestamp>5676.872147</timestamp>
			</report>
			<report>
				<misses>86400001</misses>
				<total>1</total>
				<timestamp>5683.446347</timestamp>
			</report>
			<report>
				<misses>86500001</misses>
				<total>0</total>
				<timestamp>5690.019906</timestamp>
			</report>
			<report>
				<misses>86600001</misses>
				<total>0</total>
				<timestamp>5696.596926</timestamp>
			</report>
			<report>
				<misses>86700001</misses>
				<total>2</total>
				<timestamp>5703.171537</timestamp>
			</report>
			<report>
				<misses>86800001</misses>
				<total>1</total>
				<timestamp>5709.745397</timestamp>
			</report>
			<report>
				<misses>86900001</misses>
				<total>1</total>
				<timestamp>5716.322671</timestamp>
			</report>
			<report>
				<misses>87000001</misses>
				<total>0</total>
				<timestamp>5722.898411</timestamp>
			</report>
			<report>
				<misses>87100001</misses>
				<total>0</total>
				<timestamp>5729.474976</timestamp>
			</report>
			<report>
				<misses>87200001</misses>
				<total>1</total>
				<timestamp>5736.048904</timestamp>
			</report>
			<report>
				<misses>87300001</misses>
				<total>0</total>
				<timestamp>5742.624361</timestamp>
			</report>
			<report>
				<misses>87400001</misses>
				<total>1</total>
				<timestamp>5749.198717</timestamp>
			</report>
			<report>
				<misses>87500001</misses>
				<total>0</total>
				<timestamp>5755.773427</timestamp>
			</report>
			<report>
				<misses>87600001</misses>
				<total>0</total>
				<timestamp>5762.349825</timestamp>
			</report>
			<report>
				<misses>87700001</misses>
				<total>0</total>
				<timestamp>5768.923837</timestamp>
			</report>
			<report>
				<misses>87800001</misses>
				<total>2</total>
				<timestamp>5775.497554</timestamp>
			</report>
			<report>
				<misses>87900001</misses>
				<total>1</total>
				<timestamp>5782.073027</timestamp>
			</report>
			<report>
				<misses>88000001</misses>
				<total>1</total>
				<timestamp>5788.648302</timestamp>
			</report>
			<report>
				<misses>88100001</misses>
				<total>1</total>
				<timestamp>5795.222670</timestamp>
			</report>
			<report>
				<misses>88200001</misses>
				<total>1</total>
				<timestamp>5801.797995</timestamp>
			</report>
			<report>
				<misses>88300001</misses>
				<total>0</total>
				<timestamp>5808.372055</timestamp>
			</report>
			<report>
				<misses>88400001</misses>
				<total>0</total>
				<timestamp>5814.948360</timestamp>
			</report>
			<report>
				<misses>88500001</misses>
				<total>1</total>
				<timestamp>5821.525328</timestamp>
			</report>
			<report>
				<misses>88600001</misses>
				<total>1</total>
				<timestamp>5828.100509</timestamp>
			</report>
			<report>
				<misses>88700001</misses>
				<total>2</total>
				<timestamp>5834.676165</timestamp>
			</report>
			<report>
				<misses>88800001</misses>
				<total>1</total>
				<timestamp>5841.252656</timestamp>
			</report>
			<report>
				<misses>88900001</misses>
				<total>0</total>
				<timestamp>5847.827758</timestamp>
			</report>
			<report>
				<misses>89000001</misses>
				<total>1</total>
				<timestamp>5854.401183</timestamp>
			</report>
			<report>
				<misses>89100001</misses>
				<total>0</total>
				<timestamp>5860.976167</timestamp>
			</report>
			<report>
				<misses>89200001</misses>
				<total>0</total>
				<timestamp>5867.549922</timestamp>
			</report>
			<report>
				<misses>89300001</misses>
				<total>1</total>
				<timestamp>5874.123849</timestamp>
			</report>
			<report>
				<misses>89400001</misses>
				<total>0</total>
				<timestamp>5880.700384</timestamp>
			</report>
			<report>
				<misses>89500001</misses>
				<total>0</total>
				<timestamp>5887.277274</timestamp>
			</report>
			<report>
				<misses>89600001</misses>
				<total>1</total>
				<timestamp>5893.854565</timestamp>
			</report>
			<report>
				<misses>89700001</misses>
				<total>1</total>
				<timestamp>5900.427251</timestamp>
			</report>
			<report>
				<misses>89800001</misses>
				<total>1</total>
				<timestamp>5907.001864</timestamp>
			</report>
			<report>
				<misses>89900001</misses>
				<total>1</total>
				<timestamp>5913.578414</timestamp>
			</report>
			<report>
				<misses>90000001</misses>
				<total>1</total>
				<timestamp>5920.153754</timestamp>
			</report>
			<report>
				<misses>90100001</misses>
				<total>0</total>
				<timestamp>5926.727898</timestamp>
			</report>
			<report>
				<misses>90200001</misses>
				<total>0</total>
				<timestamp>5933.301049</timestamp>
			</report>
			<report>
				<misses>90300001</misses>
				<total>1</total>
				<timestamp>5939.877234</timestamp>
			</report>
			<report>
				<misses>90400001</misses>
				<total>1</total>
				<timestamp>5946.450276</timestamp>
			</report>
			<report>
				<misses>90500001</misses>
				<total>1</total>
				<timestamp>5953.025137</timestamp>
			</report>
			<report>
				<misses>90600001</misses>
				<total>0</total>
				<timestamp>5959.604397</timestamp>
			</report>
			<report>
				<misses>90700001</misses>
				<total>0</total>
				<timestamp>5966.176526</timestamp>
			</report>
			<report>
				<misses>90800001</misses>
				<total>1</total>
				<timestamp>5972.752013</timestamp>
			</report>
			<report>
				<misses>90900001</misses>
				<total>1</total>
				<timestamp>5979.325112</timestamp>
			</report>
			<report>
				<misses>91000001</misses>
				<total>1</total>
				<timestamp>5985.897264</timestamp>
			</report>
			<report>
				<misses>91100001</misses>
				<total>0</total>
				<timestamp>5992.471318</timestamp>
			</report>
			<report>
				<misses>91200001</misses>
				<total>1</total>
				<timestamp>5999.045272</timestamp>
			</report>
			<report>
				<misses>91300001</misses>
				<total>1</total>
				<timestamp>6005.618583</timestamp>
			</report>
			<report>
				<misses>91400001</misses>
				<total>1</total>
				<timestamp>6012.191171</timestamp>
			</report>
			<report>
				<misses>91500001</misses>
				<total>0</total>
				<timestamp>6018.768906</timestamp>
			</report>
			<report>
				<misses>91600001</misses>
				<total>1</total>
				<timestamp>6025.344202</timestamp>
			</report>
			<report>
				<misses>91700001</misses>
				<total>1</total>
				<timestamp>6031.919369</timestamp>
			</report>
			<report>
				<misses>91800001</misses>
				<total>1</total>
				<timestamp>6038.495010</timestamp>
			</report>
			<report>
				<misses>91900001</misses>
				<total>1</total>
				<timestamp>6045.071694</timestamp>
			</report>
			<report>
				<misses>92000001</misses>
				<total>0</total>
				<timestamp>6051.648173</timestamp>
			</report>
			<report>
				<misses>92100001</misses>
				<total>1</total>
				<timestamp>6058.223400</timestamp>
			</report>
			<report>
				<misses>92200001</misses>
				<total>2</total>
				<timestamp>6064.797290</timestamp>
			</report>
			<report>
				<misses>92300001</misses>
				<total>0</total>
				<timestamp>6071.370953</timestamp>
			</report>
			<report>
				<misses>92400001</misses>
				<total>0</total>
				<timestamp>6077.944107</timestamp>
			</report>
			<report>
				<misses>92500001</misses>
				<total>1</total>
				<timestamp>6084.520032</timestamp>
			</report>
			<report>
				<misses>92600001</misses>
				<total>1</total>
				<timestamp>6091.097577</timestamp>
			</report>
			<report>
				<misses>92700001</misses>
				<total>0</total>
				<timestamp>6097.671822</timestamp>
			</report>
			<report>
				<misses>92800001</misses>
				<total>0</total>
				<timestamp>6104.245182</timestamp>
			</report>
			<report>
				<misses>92900001</misses>
				<total>0</total>
				<timestamp>6110.818944</timestamp>
			</report>
			<report>
				<misses>93000001</misses>
				<total>1</total>
				<timestamp>6117.394428</timestamp>
			</report>
			<report>
				<misses>93100001</misses>
				<total>1</total>
				<timestamp>6123.968019</timestamp>
			</report>
			<report>
				<misses>93200001</misses>
				<total>0</total>
				<timestamp>6130.541126</timestamp>
			</report>
			<report>
				<misses>93300001</misses>
				<total>1</total>
				<timestamp>6137.114782</timestamp>
			</report>
			<report>
				<misses>93400001</misses>
				<total>1</total>
				<timestamp>6143.690403</timestamp>
			</report>
			<report>
				<misses>93500001</misses>
				<total>1</total>
				<timestamp>6150.269804</timestamp>
			</report>
			<report>
				<misses>93600001</misses>
				<total>1</total>
				<timestamp>6156.841775</timestamp>
			</report>
			<report>
				<misses>93700001</misses>
				<total>0</total>
				<timestamp>6163.421067</timestamp>
			</report>
			<report>
				<misses>93800001</misses>
				<total>0</total>
				<timestamp>6169.994064</timestamp>
			</report>
			<report>
				<misses>93900001</misses>
				<total>1</total>
				<timestamp>6176.568274</timestamp>
			</report>
			<report>
				<misses>94000001</misses>
				<total>1</total>
				<timestamp>6183.141228</timestamp>
			</report>
			<report>
				<misses>94100001</misses>
				<total>1</total>
				<timestamp>6189.715258</timestamp>
			</report>
			<report>
				<misses>94200001</misses>
				<total>1</total>
				<timestamp>6196.293339</timestamp>
			</report>
			<report>
				<misses>94300001</misses>
				<total>1</total>
				<timestamp>6202.867465</timestamp>
			</report>
			<report>
				<misses>94400001</misses>
				<total>1</total>
				<timestamp>6209.441485</timestamp>
			</report>
			<report>
				<misses>94500001</misses>
				<total>0</total>
				<timestamp>6216.017080</timestamp>
			</report>
			<report>
				<misses>94600001</misses>
				<total>1</total>
				<timestamp>6222.593155</timestamp>
			</report>
			<report>
				<misses>94700001</misses>
				<total>0</total>
				<timestamp>6229.167216</timestamp>
			</report>
			<report>
				<misses>94800001</misses>
				<total>0</total>
				<timestamp>6235.743773</timestamp>
			</report>
			<report>
				<misses>94900001</misses>
				<total>0</total>
				<timestamp>6242.318810</timestamp>
			</report>
			<report>
				<misses>95000001</misses>
				<total>1</total>
				<timestamp>6248.891948</timestamp>
			</report>
			<report>
				<misses>95100001</misses>
				<total>1</total>
				<timestamp>6255.468915</timestamp>
			</report>
			<report>
				<misses>95200001</misses>
				<total>0</total>
				<timestamp>6262.044507</timestamp>
			</report>
			<report>
				<misses>95300001</misses>
				<total>0</total>
				<timestamp>6268.619654</timestamp>
			</report>
			<report>
				<misses>95400001</misses>
				<total>1</total>
				<timestamp>6275.196257</timestamp>
			</report>
			<report>
				<misses>95500001</misses>
				<total>1</total>
				<timestamp>6281.767682</timestamp>
			</report>
			<report>
				<misses>95600001</misses>
				<total>0</total>
				<timestamp>6288.343066</timestamp>
			</report>
			<report>
				<misses>95700001</misses>
				<total>0</total>
				<timestamp>6294.919966</timestamp>
			</report>
			<report>
				<misses>95800001</misses>
				<total>1</total>
				<timestamp>6301.493121</timestamp>
			</report>
			<report>
				<misses>95900001</misses>
				<total>0</total>
				<timestamp>6308.067741</timestamp>
			</report>
			<report>
				<misses>96000001</misses>
				<total>0</total>
				<timestamp>6314.642497</timestamp>
			</report>
			<report>
				<misses>96100001</misses>
				<total>1</total>
				<timestamp>6321.217958</timestamp>
			</report>
			<report>
				<misses>96200001</misses>
				<total>1</total>
				<timestamp>6327.791734</timestamp>
			</report>
			<report>
				<misses>96300001</misses>
				<total>1</total>
				<timestamp>6334.365989</timestamp>
			</report>
			<report>
				<misses>96400001</misses>
				<total>2</total>
				<timestamp>6340.940161</timestamp>
			</report>
			<report>
				<misses>96500001</misses>
				<total>2</total>
				<timestamp>6347.517574</timestamp>
			</report>
			<report>
				<misses>96600001</misses>
				<total>0</total>
				<timestamp>6354.091374</timestamp>
			</report>
			<report>
				<misses>96700001</misses>
				<total>0</total>
				<timestamp>6360.665878</timestamp>
			</report>
			<report>
				<misses>96800001</misses>
				<total>1</total>
				<timestamp>6367.241491</timestamp>
			</report>
			<report>
				<misses>96900001</misses>
				<total>2</total>
				<timestamp>6373.817922</timestamp>
			</report>
			<report>
				<misses>97000001</misses>
				<total>1</total>
				<timestamp>6380.393183</timestamp>
			</report>
			<report>
				<misses>97100001</misses>
				<total>1</total>
				<timestamp>6386.968576</timestamp>
			</report>
			<report>
				<misses>97200001</misses>
				<total>0</total>
				<timestamp>6393.542385</timestamp>
			</report>
			<report>
				<misses>97300001</misses>
				<total>1</total>
				<timestamp>6400.117617</timestamp>
			</report>
			<report>
				<misses>97400001</misses>
				<total>1</total>
				<timestamp>6406.695745</timestamp>
			</report>
			<report>
				<misses>97500001</misses>
				<total>0</total>
				<timestamp>6413.268326</timestamp>
			</report>
			<report>
				<misses>97600001</misses>
				<total>0</total>
				<timestamp>6419.844862</timestamp>
			</report>
			<report>
				<misses>97700001</misses>
				<total>1</total>
				<timestamp>6426.420967</timestamp>
			</report>
			<report>
				<misses>97800001</misses>
				<total>1</total>
				<timestamp>6432.994460</timestamp>
			</report>
			<report>
				<misses>97900001</misses>
				<total>1</total>
				<timestamp>6439.570012</timestamp>
			</report>
			<report>
				<misses>98000001</misses>
				<total>1</total>
				<timestamp>6446.145546</timestamp>
			</report>
			<report>
				<misses>98100001</misses>
				<total>0</total>
				<timestamp>6452.721108</timestamp>
			</report>
			<report>
				<misses>98200001</misses>
				<total>1</total>
				<timestamp>6459.295301</timestamp>
			</report>
			<report>
				<misses>98300001</misses>
				<total>1</total>
				<timestamp>6465.868292</timestamp>
			</report>
			<report>
				<misses>98400001</misses>
				<total>1</total>
				<timestamp>6472.445445</timestamp>
			</report>
			<report>
				<misses>98500001</misses>
				<total>0</total>
				<timestamp>6479.019057</timestamp>
			</report>
			<report>
				<misses>98600001</misses>
				<total>1</total>
				<timestamp>6485.595305</timestamp>
			</report>
			<report>
				<misses>98700001</misses>
				<total>1</total>
				<timestamp>6492.169626</timestamp>
			</report>
			<report>
				<misses>98800001</misses>
				<total>0</total>
				<timestamp>6498.745552</timestamp>
			</report>
			<report>
				<misses>98900001</misses>
				<total>0</total>
				<timestamp>6505.320300</timestamp>
			</report>
			<report>
				<misses>99000001</misses>
				<total>0</total>
				<timestamp>6511.894695</timestamp>
			</report>
			<report>
				<misses>99100001</misses>
				<total>1</total>
				<timestamp>6518.468141</timestamp>
			</report>
			<report>
				<misses>99200001</misses>
				<total>0</total>
				<timestamp>6525.044861</timestamp>
			</report>
			<report>
				<misses>99300001</misses>
				<total>1</total>
				<timestamp>6531.620446</timestamp>
			</report>
			<report>
				<misses>99400001</misses>
				<total>0</total>
				<timestamp>6538.192439</timestamp>
			</report>
			<report>
				<misses>99500001</misses>
				<total>1</total>
				<timestamp>6544.767897</timestamp>
			</report>
			<report>
				<misses>99600001</misses>
				<total>1</total>
				<timestamp>6551.341424</timestamp>
			</report>
			<report>
				<misses>99700001</misses>
				<total>0</total>
				<timestamp>6557.915588</timestamp>
			</report>
			<report>
				<misses>99800001</misses>
				<total>0</total>
				<timestamp>6564.489974</timestamp>
			</report>
			<report>
				<misses>99900001</misses>
				<total>1</total>
				<timestamp>6571.068327</timestamp>
			</report>
			<report>
				<misses>100000001</misses>
				<total>1</total>
				<timestamp>6577.644753</timestamp>
			</report>
			<report>
				<misses>100100001</misses>
				<total>0</total>
				<timestamp>6584.219842</timestamp>
			</report>
			<report>
				<misses>100200001</misses>
				<total>0</total>
				<timestamp>6590.795986</timestamp>
			</report>
			<report>
				<misses>100300001</misses>
				<total>0</total>
				<timestamp>6597.370651</timestamp>
			</report>
			<report>
				<misses>100400001</misses>
				<total>0</total>
				<timestamp>6603.944788</timestamp>
			</report>
			<report>
				<misses>100500001</misses>
				<total>1</total>
				<timestamp>6610.520377</timestamp>
			</report>
			<report>
				<misses>100600001</misses>
				<total>0</total>
				<timestamp>6617.095973</timestamp>
			</report>
			<report>
				<misses>100700001</misses>
				<total>1</total>
				<timestamp>6623.672022</timestamp>
			</report>
			<report>
				<misses>100800001</misses>
				<total>1</total>
				<timestamp>6630.248759</timestamp>
			</report>
			<report>
				<misses>100900001</misses>
				<total>1</total>
				<timestamp>6636.823276</timestamp>
			</report>
			<report>
				<misses>101000001</misses>
				<total>1</total>
				<timestamp>6643.396028</timestamp>
			</report>
			<report>
				<misses>101100001</misses>
				<total>0</total>
				<timestamp>6649.972074</timestamp>
			</report>
			<report>
				<misses>101200001</misses>
				<total>1</total>
				<timestamp>6656.547296</timestamp>
			</report>
			<report>
				<misses>101300001</misses>
				<total>1</total>
				<timestamp>6663.120441</timestamp>
			</report>
			<report>
				<misses>101400001</misses>
				<total>0</total>
				<timestamp>6669.697772</timestamp>
			</report>
			<report>
				<misses>101500001</misses>
				<total>1</total>
				<timestamp>6676.270890</timestamp>
			</report>
			<report>
				<misses>101600001</misses>
				<total>1</total>
				<timestamp>6682.845904</timestamp>
			</report>
			<report>
				<misses>101700001</misses>
				<total>0</total>
				<timestamp>6689.421691</timestamp>
			</report>
			<report>
				<misses>101800001</misses>
				<total>1</total>
				<timestamp>6695.994795</timestamp>
			</report>
			<report>
				<misses>101900001</misses>
				<total>0</total>
				<timestamp>6702.570981</timestamp>
			</report>
			<report>
				<misses>102000001</misses>
				<total>1</total>
				<timestamp>6709.145260</timestamp>
			</report>
			<report>
				<misses>102100001</misses>
				<total>0</total>
				<timestamp>6715.715488</timestamp>
			</report>
			<report>
				<misses>102200001</misses>
				<total>1</total>
				<timestamp>6722.292454</timestamp>
			</report>
			<report>
				<misses>102300001</misses>
				<total>1</total>
				<timestamp>6728.866830</timestamp>
			</report>
			<report>
				<misses>102400001</misses>
				<total>1</total>
				<timestamp>6735.441965</timestamp>
			</report>
			<report>
				<misses>102500001</misses>
				<total>0</total>
				<timestamp>6742.016606</timestamp>
			</report>
			<report>
				<misses>102600001</misses>
				<total>1</total>
				<timestamp>6748.587872</timestamp>
			</report>
			<report>
				<misses>102700001</misses>
				<total>1</total>
				<timestamp>6755.164305</timestamp>
			</report>
			<report>
				<misses>102800001</misses>
				<total>0</total>
				<timestamp>6761.740326</timestamp>
			</report>
			<report>
				<misses>102900001</misses>
				<total>0</total>
				<timestamp>6768.315087</timestamp>
			</report>
			<report>
				<misses>103000001</misses>
				<total>0</total>
				<timestamp>6774.888976</timestamp>
			</report>
			<report>
				<misses>103100001</misses>
				<total>1</total>
				<timestamp>6781.464342</timestamp>
			</report>
			<report>
				<misses>103200001</misses>
				<total>0</total>
				<timestamp>6788.039306</timestamp>
			</report>
			<report>
				<misses>103300001</misses>
				<total>1</total>
				<timestamp>6794.614746</timestamp>
			</report>
			<report>
				<misses>103400001</misses>
				<total>0</total>
				<timestamp>6801.187854</timestamp>
			</report>
			<report>
				<misses>103500001</misses>
				<total>1</total>
				<timestamp>6807.761908</timestamp>
			</report>
			<report>
				<misses>103600001</misses>
				<total>1</total>
				<timestamp>6814.337597</timestamp>
			</report>
			<report>
				<misses>103700001</misses>
				<total>0</total>
				<timestamp>6820.913395</timestamp>
			</report>
			<report>
				<misses>103800001</misses>
				<total>0</total>
				<timestamp>6827.486668</timestamp>
			</report>
			<report>
				<misses>103900001</misses>
				<total>1</total>
				<timestamp>6834.062261</timestamp>
			</report>
			<report>
				<misses>104000001</misses>
				<total>1</total>
				<timestamp>6840.638912</timestamp>
			</report>
			<report>
				<misses>104100001</misses>
				<total>1</total>
				<timestamp>6847.214166</timestamp>
			</report>
			<report>
				<misses>104200001</misses>
				<total>0</total>
				<timestamp>6853.792375</timestamp>
			</report>
			<report>
				<misses>104300001</misses>
				<total>0</total>
				<timestamp>6860.366258</timestamp>
			</report>
			<report>
				<misses>104400001</misses>
				<total>0</total>
				<timestamp>6866.940751</timestamp>
			</report>
			<report>
				<misses>104500001</misses>
				<total>0</total>
				<timestamp>6873.515047</timestamp>
			</report>
			<report>
				<misses>104600001</misses>
				<total>2</total>
				<timestamp>6880.088752</timestamp>
			</report>
			<report>
				<misses>104700001</misses>
				<total>1</total>
				<timestamp>6886.665470</timestamp>
			</report>
			<report>
				<misses>104800001</misses>
				<total>1</total>
				<timestamp>6893.240362</timestamp>
			</report>
			<report>
				<misses>104900001</misses>
				<total>2</total>
				<timestamp>6899.814826</timestamp>
			</report>
			<report>
				<misses>105000001</misses>
				<total>0</total>
				<timestamp>6906.390907</timestamp>
			</report>
			<report>
				<misses>105100001</misses>
				<total>1</total>
				<timestamp>6912.966228</timestamp>
			</report>
			<report>
				<misses>105200001</misses>
				<total>0</total>
				<timestamp>6919.539813</timestamp>
			</report>
			<report>
				<misses>105300001</misses>
				<total>0</total>
				<timestamp>6926.114459</timestamp>
			</report>
			<report>
				<misses>105400001</misses>
				<total>1</total>
				<timestamp>6932.690935</timestamp>
			</report>
			<report>
				<misses>105500001</misses>
				<total>1</total>
				<timestamp>6939.268479</timestamp>
			</report>
			<report>
				<misses>105600001</misses>
				<total>1</total>
				<timestamp>6945.843866</timestamp>
			</report>
			<report>
				<misses>105700001</misses>
				<total>0</total>
				<timestamp>6952.418185</timestamp>
			</report>
			<report>
				<misses>105800001</misses>
				<total>1</total>
				<timestamp>6958.993926</timestamp>
			</report>
			<report>
				<misses>105900001</misses>
				<total>0</total>
				<timestamp>6965.569873</timestamp>
			</report>
			<report>
				<misses>106000001</misses>
				<total>1</total>
				<timestamp>6972.147098</timestamp>
			</report>
			<report>
				<misses>106100001</misses>
				<total>0</total>
				<timestamp>6978.724343</timestamp>
			</report>
			<report>
				<misses>106200001</misses>
				<total>0</total>
				<timestamp>6985.299991</timestamp>
			</report>
			<report>
				<misses>106300001</misses>
				<total>0</total>
				<timestamp>6991.878091</timestamp>
			</report>
			<report>
				<misses>106400001</misses>
				<total>0</total>
				<timestamp>6998.448715</timestamp>
			</report>
			<report>
				<misses>106500001</misses>
				<total>0</total>
				<timestamp>7005.022065</timestamp>
			</report>
			<report>
				<misses>106600001</misses>
				<total>1</total>
				<timestamp>7011.598820</timestamp>
			</report>
			<report>
				<misses>106700001</misses>
				<total>1</total>
				<timestamp>7018.175734</timestamp>
			</report>
			<report>
				<misses>106800001</misses>
				<total>1</total>
				<timestamp>7024.752899</timestamp>
			</report>
			<report>
				<misses>106900001</misses>
				<total>0</total>
				<timestamp>7031.324565</timestamp>
			</report>
			<report>
				<misses>107000001</misses>
				<total>1</total>
				<timestamp>7037.900021</timestamp>
			</report>
			<report>
				<misses>107100001</misses>
				<total>0</total>
				<timestamp>7044.474393</timestamp>
			</report>
			<report>
				<misses>107200001</misses>
				<total>1</total>
				<timestamp>7051.051087</timestamp>
			</report>
			<report>
				<misses>107300001</misses>
				<total>0</total>
				<timestamp>7057.626056</timestamp>
			</report>
			<report>
				<misses>107400001</misses>
				<total>1</total>
				<timestamp>7064.203691</timestamp>
			</report>
			<report>
				<misses>107500001</misses>
				<total>1</total>
				<timestamp>7070.776836</timestamp>
			</report>
			<report>
				<misses>107600001</misses>
				<total>1</total>
				<timestamp>7077.353581</timestamp>
			</report>
			<report>
				<misses>107700001</misses>
				<total>1</total>
				<timestamp>7083.930764</timestamp>
			</report>
			<report>
				<misses>107800001</misses>
				<total>1</total>
				<timestamp>7090.507691</timestamp>
			</report>
			<report>
				<misses>107900001</misses>
				<total>1</total>
				<timestamp>7097.083737</timestamp>
			</report>
			<report>
				<misses>108000001</misses>
				<total>1</total>
				<timestamp>7103.659666</timestamp>
			</report>
			<report>
				<misses>108100001</misses>
				<total>1</total>
				<timestamp>7110.235285</timestamp>
			</report>
			<report>
				<misses>108200001</misses>
				<total>1</total>
				<timestamp>7116.812576</timestamp>
			</report>
			<report>
				<misses>108300001</misses>
				<total>1</total>
				<timestamp>7123.387666</timestamp>
			</report>
			<report>
				<misses>108400001</misses>
				<total>0</total>
				<timestamp>7129.960676</timestamp>
			</report>
			<report>
				<misses>108500001</misses>
				<total>1</total>
				<timestamp>7136.535822</timestamp>
			</report>
			<report>
				<misses>108600001</misses>
				<total>1</total>
				<timestamp>7143.108238</timestamp>
			</report>
			<report>
				<misses>108700001</misses>
				<total>0</total>
				<timestamp>7149.682423</timestamp>
			</report>
			<report>
				<misses>108800001</misses>
				<total>0</total>
				<timestamp>7156.258208</timestamp>
			</report>
			<report>
				<misses>108900001</misses>
				<total>0</total>
				<timestamp>7162.832364</timestamp>
			</report>
			<report>
				<misses>109000001</misses>
				<total>1</total>
				<timestamp>7169.407927</timestamp>
			</report>
			<report>
				<misses>109100001</misses>
				<total>0</total>
				<timestamp>7175.986220</timestamp>
			</report>
			<report>
				<misses>109200001</misses>
				<total>1</total>
				<timestamp>7182.559781</timestamp>
			</report>
			<report>
				<misses>109300001</misses>
				<total>1</total>
				<timestamp>7189.133791</timestamp>
			</report>
			<report>
				<misses>109400001</misses>
				<total>0</total>
				<timestamp>7195.706965</timestamp>
			</report>
		</query>
	</custom>
	<ethtool_statistic>
		<rx_packets>
			<start>-1</start>
			<end>-1</end>
		</rx_packets>
		<tx_packets>
			<start>-1</start>
			<end>-1</end>
		</tx_packets>
		<rx_dropped>
			<start>-1</start>
			<end>-1</end>
		</rx_dropped>
		<tx_dropped>
			<start>-1</start>
			<end>-1</end>
		</tx_dropped>
		<collisions>
			<start>-1</start>
			<end>-1</end>
		</collisions>
		<port_tx_errors>
			<start>-1</start>
			<end>-1</end>
		</port_tx_errors>
		<port_rx_dropped>
			<start>-1</start>
			<end>-1</end>
		</port_rx_dropped>
		<port_tx_dropped_link_down>
			<start>-1</start>
			<end>-1</end>
		</port_tx_dropped_link_down>
	</ethtool_statistic>
	<ip_statistic>
		<mtu>
			<start>9000</start>
			<end>9000</end>
		</mtu>
		<rx_bytes>
			<start>0</start>
			<end>0</end>
		</rx_bytes>
		<rx_packets>
			<start>0</start>
			<end>0</end>
		</rx_packets>
		<rx_errors>
			<start>0</start>
			<end>0</end>
		</rx_errors>
		<rx_dropped>
			<start>0</start>
			<end>0</end>
		</rx_dropped>
		<rx_missed>
			<start>0</start>
			<end>0</end>
		</rx_missed>
		<rx_mcast>
			<start>0</start>
			<end>0</end>
		</rx_mcast>
		<tx_bytes>
			<start>0</start>
			<end>0</end>
		</tx_bytes>
		<tx_packets>
			<start>0</start>
			<end>0</end>
		</tx_packets>
		<tx_errors>
			<start>0</start>
			<end>0</end>
		</tx_errors>
		<tx_dropped>
			<start>0</start>
			<end>0</end>
		</tx_dropped>
		<tx_carrier>
			<start>0</start>
			<end>0</end>
		</tx_carrier>
		<tx_collisions>
			<start>0</start>
			<end>0</end>
		</tx_collisions>
	</ip_statistic>
	<netstat_statistic>
		<udp_pkg_rec>
			<start>99566</start>
			<end>140002</end>
		</udp_pkg_rec>
		<udp_pkg_snt>
			<start>1958113901</start>
			<end>2067617943</end>
		</udp_pkg_snt>
		<udp_rec_err>
			<start>0</start>
			<end>0</end>
		</udp_rec_err>
		<udp_rec_buf_err>
			<start>0</start>
			<end>0</end>
		</udp_rec_buf_err>
		<udp_snt_buf_err>
			<start>0</start>
			<end>0</end>
		</udp_snt_buf_err>
	</netstat_statistic>
</test_results>
