<?xml version="1.0"?>
<test_results>
	<status>STATUS_SUCCESS</status>
	<custom>
		<num_loss>0</num_loss>
		<num_total>239892233</num_total>
		<num_misses>89527</num_misses>
		<elapsed_time>7199.380865</elapsed_time>
		<query>
			<report>
				<misses>100000</misses>
				<total>2</total>
				<timestamp>3.002075</timestamp>
			</report>
			<report>
				<misses>200000</misses>
				<total>4</total>
				<timestamp>6.003235</timestamp>
			</report>
			<report>
				<misses>300000</misses>
				<total>2</total>
				<timestamp>9.004046</timestamp>
			</report>
			<report>
				<misses>400000</misses>
				<total>2</total>
				<timestamp>12.004815</timestamp>
			</report>
			<report>
				<misses>500000</misses>
				<total>1</total>
				<timestamp>15.006146</timestamp>
			</report>
			<report>
				<misses>600000</misses>
				<total>3</total>
				<timestamp>18.007975</timestamp>
			</report>
			<report>
				<misses>700000</misses>
				<total>2</total>
				<timestamp>21.008992</timestamp>
			</report>
			<report>
				<misses>800000</misses>
				<total>3</total>
				<timestamp>24.010429</timestamp>
			</report>
			<report>
				<misses>900000</misses>
				<total>2</total>
				<timestamp>27.011161</timestamp>
			</report>
			<report>
				<misses>1000000</misses>
				<total>4</total>
				<timestamp>30.012114</timestamp>
			</report>
			<report>
				<misses>1100000</misses>
				<total>3</total>
				<timestamp>33.012788</timestamp>
			</report>
			<report>
				<misses>1200000</misses>
				<total>1</total>
				<timestamp>36.014345</timestamp>
			</report>
			<report>
				<misses>1300000</misses>
				<total>3</total>
				<timestamp>39.015948</timestamp>
			</report>
			<report>
				<misses>1400000</misses>
				<total>2</total>
				<timestamp>42.017064</timestamp>
			</report>
			<report>
				<misses>1500000</misses>
				<total>2</total>
				<timestamp>45.018528</timestamp>
			</report>
			<report>
				<misses>1600000</misses>
				<total>3</total>
				<timestamp>48.019608</timestamp>
			</report>
			<report>
				<misses>1700000</misses>
				<total>2</total>
				<timestamp>51.020521</timestamp>
			</report>
			<report>
				<misses>1800000</misses>
				<total>2</total>
				<timestamp>54.021598</timestamp>
			</report>
			<report>
				<misses>1900000</misses>
				<total>2</total>
				<timestamp>57.022641</timestamp>
			</report>
			<report>
				<misses>2000000</misses>
				<total>4</total>
				<timestamp>60.023783</timestamp>
			</report>
			<report>
				<misses>2100000</misses>
				<total>1</total>
				<timestamp>63.024721</timestamp>
			</report>
			<report>
				<misses>2200000</misses>
				<total>3</total>
				<timestamp>66.025644</timestamp>
			</report>
			<report>
				<misses>2300000</misses>
				<total>2</total>
				<timestamp>69.027050</timestamp>
			</report>
			<report>
				<misses>2400000</misses>
				<total>2</total>
				<timestamp>72.028655</timestamp>
			</report>
			<report>
				<misses>2500000</misses>
				<total>2</total>
				<timestamp>75.029595</timestamp>
			</report>
			<report>
				<misses>2600000</misses>
				<total>3</total>
				<timestamp>78.030390</timestamp>
			</report>
			<report>
				<misses>2700000</misses>
				<total>3</total>
				<timestamp>81.031470</timestamp>
			</report>
			<report>
				<misses>2800000</misses>
				<total>1</total>
				<timestamp>84.032879</timestamp>
			</report>
			<report>
				<misses>2900000</misses>
				<total>3</total>
				<timestamp>87.033839</timestamp>
			</report>
			<report>
				<misses>3000000</misses>
				<total>3</total>
				<timestamp>90.034969</timestamp>
			</report>
			<report>
				<misses>3100000</misses>
				<total>1</total>
				<timestamp>93.035808</timestamp>
			</report>
			<report>
				<misses>3200000</misses>
				<total>3</total>
				<timestamp>96.036862</timestamp>
			</report>
			<report>
				<misses>3300000</misses>
				<total>3</total>
				<timestamp>99.038005</timestamp>
			</report>
			<report>
				<misses>3400000</misses>
				<total>1</total>
				<timestamp>102.039472</timestamp>
			</report>
			<report>
				<misses>3500000</misses>
				<total>2</total>
				<timestamp>105.040825</timestamp>
			</report>
			<report>
				<misses>3600000</misses>
				<total>1</total>
				<timestamp>108.041909</timestamp>
			</report>
			<report>
				<misses>3700000</misses>
				<total>1</total>
				<timestamp>111.043071</timestamp>
			</report>
			<report>
				<misses>3800000</misses>
				<total>2</total>
				<timestamp>114.044576</timestamp>
			</report>
			<report>
				<misses>3900000</misses>
				<total>1</total>
				<timestamp>117.046264</timestamp>
			</report>
			<report>
				<misses>4000000</misses>
				<total>2</total>
				<timestamp>120.047090</timestamp>
			</report>
			<report>
				<misses>4100000</misses>
				<total>3</total>
				<timestamp>123.048299</timestamp>
			</report>
			<report>
				<misses>4200000</misses>
				<total>3</total>
				<timestamp>126.049343</timestamp>
			</report>
			<report>
				<misses>4300000</misses>
				<total>3</total>
				<timestamp>129.050761</timestamp>
			</report>
			<report>
				<misses>4400000</misses>
				<total>2</total>
				<timestamp>132.052078</timestamp>
			</report>
			<report>
				<misses>4500000</misses>
				<total>4</total>
				<timestamp>135.053230</timestamp>
			</report>
			<report>
				<misses>4600000</misses>
				<total>4</total>
				<timestamp>138.054103</timestamp>
			</report>
			<report>
				<misses>4700000</misses>
				<total>2</total>
				<timestamp>141.055048</timestamp>
			</report>
			<report>
				<misses>4800000</misses>
				<total>4</total>
				<timestamp>144.056544</timestamp>
			</report>
			<report>
				<misses>4900000</misses>
				<total>2</total>
				<timestamp>147.057658</timestamp>
			</report>
			<report>
				<misses>5000000</misses>
				<total>3</total>
				<timestamp>150.058544</timestamp>
			</report>
			<report>
				<misses>5100000</misses>
				<total>2</total>
				<timestamp>153.059885</timestamp>
			</report>
			<report>
				<misses>5200000</misses>
				<total>2</total>
				<timestamp>156.060589</timestamp>
			</report>
			<report>
				<misses>5300000</misses>
				<total>1</total>
				<timestamp>159.061457</timestamp>
			</report>
			<report>
				<misses>5400000</misses>
				<total>2</total>
				<timestamp>162.062515</timestamp>
			</report>
			<report>
				<misses>5500000</misses>
				<total>3</total>
				<timestamp>165.063551</timestamp>
			</report>
			<report>
				<misses>5600000</misses>
				<total>1</total>
				<timestamp>168.064469</timestamp>
			</report>
			<report>
				<misses>5700000</misses>
				<total>2</total>
				<timestamp>171.066314</timestamp>
			</report>
			<report>
				<misses>5800000</misses>
				<total>3</total>
				<timestamp>174.067432</timestamp>
			</report>
			<report>
				<misses>5900000</misses>
				<total>3</total>
				<timestamp>177.068394</timestamp>
			</report>
			<report>
				<misses>6000000</misses>
				<total>2</total>
				<timestamp>180.069205</timestamp>
			</report>
			<report>
				<misses>6100000</misses>
				<total>3</total>
				<timestamp>183.070367</timestamp>
			</report>
			<report>
				<misses>6200000</misses>
				<total>3</total>
				<timestamp>186.071812</timestamp>
			</report>
			<report>
				<misses>6300000</misses>
				<total>1</total>
				<timestamp>189.072713</timestamp>
			</report>
			<report>
				<misses>6400000</misses>
				<total>3</total>
				<timestamp>192.073892</timestamp>
			</report>
			<report>
				<misses>6500000</misses>
				<total>2</total>
				<timestamp>195.075152</timestamp>
			</report>
			<report>
				<misses>6600000</misses>
				<total>2</total>
				<timestamp>198.076174</timestamp>
			</report>
			<report>
				<misses>6700000</misses>
				<total>1</total>
				<timestamp>201.077417</timestamp>
			</report>
			<report>
				<misses>6800000</misses>
				<total>1</total>
				<timestamp>204.078411</timestamp>
			</report>
			<report>
				<misses>6900000</misses>
				<total>3</total>
				<timestamp>207.079497</timestamp>
			</report>
			<report>
				<misses>7000000</misses>
				<total>2</total>
				<timestamp>210.080957</timestamp>
			</report>
			<report>
				<misses>7100000</misses>
				<total>2</total>
				<timestamp>213.081829</timestamp>
			</report>
			<report>
				<misses>7200000</misses>
				<total>2</total>
				<timestamp>216.083008</timestamp>
			</report>
			<report>
				<misses>7300000</misses>
				<total>2</total>
				<timestamp>219.083749</timestamp>
			</report>
			<report>
				<misses>7400000</misses>
				<total>3</total>
				<timestamp>222.085069</timestamp>
			</report>
			<report>
				<misses>7500000</misses>
				<total>3</total>
				<timestamp>225.086032</timestamp>
			</report>
			<report>
				<misses>7600000</misses>
				<total>2</total>
				<timestamp>228.086993</timestamp>
			</report>
			<report>
				<misses>7700000</misses>
				<total>1</total>
				<timestamp>231.087788</timestamp>
			</report>
			<report>
				<misses>7800000</misses>
				<total>2</total>
				<timestamp>234.088855</timestamp>
			</report>
			<report>
				<misses>7900000</misses>
				<total>3</total>
				<timestamp>237.090060</timestamp>
			</report>
			<report>
				<misses>8000000</misses>
				<total>3</total>
				<timestamp>240.090693</timestamp>
			</report>
			<report>
				<misses>8100000</misses>
				<total>1</total>
				<timestamp>243.091707</timestamp>
			</report>
			<report>
				<misses>8200000</misses>
				<total>2</total>
				<timestamp>246.092735</timestamp>
			</report>
			<report>
				<misses>8300000</misses>
				<total>2</total>
				<timestamp>249.093591</timestamp>
			</report>
			<report>
				<misses>8400000</misses>
				<total>1</total>
				<timestamp>252.094423</timestamp>
			</report>
			<report>
				<misses>8500000</misses>
				<total>1</total>
				<timestamp>255.095249</timestamp>
			</report>
			<report>
				<misses>8600000</misses>
				<total>1</total>
				<timestamp>258.096447</timestamp>
			</report>
			<report>
				<misses>8700000</misses>
				<total>3</total>
				<timestamp>261.097654</timestamp>
			</report>
			<report>
				<misses>8800000</misses>
				<total>1</total>
				<timestamp>264.098610</timestamp>
			</report>
			<report>
				<misses>8900000</misses>
				<total>1</total>
				<timestamp>267.099831</timestamp>
			</report>
			<report>
				<misses>9000000</misses>
				<total>3</total>
				<timestamp>270.101162</timestamp>
			</report>
			<report>
				<misses>9100000</misses>
				<total>2</total>
				<timestamp>273.102128</timestamp>
			</report>
			<report>
				<misses>9200000</misses>
				<total>1</total>
				<timestamp>276.103890</timestamp>
			</report>
			<report>
				<misses>9300000</misses>
				<total>2</total>
				<timestamp>279.104916</timestamp>
			</report>
			<report>
				<misses>9400000</misses>
				<total>3</total>
				<timestamp>282.106042</timestamp>
			</report>
			<report>
				<misses>9500000</misses>
				<total>2</total>
				<timestamp>285.107051</timestamp>
			</report>
			<report>
				<misses>9600000</misses>
				<total>2</total>
				<timestamp>288.107899</timestamp>
			</report>
			<report>
				<misses>9700000</misses>
				<total>1</total>
				<timestamp>291.108778</timestamp>
			</report>
			<report>
				<misses>9800000</misses>
				<total>1</total>
				<timestamp>294.110162</timestamp>
			</report>
			<report>
				<misses>9900000</misses>
				<total>2</total>
				<timestamp>297.111658</timestamp>
			</report>
			<report>
				<misses>10000000</misses>
				<total>1</total>
				<timestamp>300.112677</timestamp>
			</report>
			<report>
				<misses>10100000</misses>
				<total>3</total>
				<timestamp>303.114361</timestamp>
			</report>
			<report>
				<misses>10200000</misses>
				<total>1</total>
				<timestamp>306.115465</timestamp>
			</report>
			<report>
				<misses>10300000</misses>
				<total>2</total>
				<timestamp>309.116089</timestamp>
			</report>
			<report>
				<misses>10400000</misses>
				<total>1</total>
				<timestamp>312.117707</timestamp>
			</report>
			<report>
				<misses>10500000</misses>
				<total>3</total>
				<timestamp>315.118674</timestamp>
			</report>
			<report>
				<misses>10600000</misses>
				<total>3</total>
				<timestamp>318.119370</timestamp>
			</report>
			<report>
				<misses>10700000</misses>
				<total>3</total>
				<timestamp>321.120594</timestamp>
			</report>
			<report>
				<misses>10800000</misses>
				<total>1</total>
				<timestamp>324.121625</timestamp>
			</report>
			<report>
				<misses>10900000</misses>
				<total>3</total>
				<timestamp>327.122515</timestamp>
			</report>
			<report>
				<misses>11000000</misses>
				<total>3</total>
				<timestamp>330.123745</timestamp>
			</report>
			<report>
				<misses>11100000</misses>
				<total>1</total>
				<timestamp>333.124586</timestamp>
			</report>
			<report>
				<misses>11200000</misses>
				<total>4</total>
				<timestamp>336.125330</timestamp>
			</report>
			<report>
				<misses>11300000</misses>
				<total>2</total>
				<timestamp>339.126027</timestamp>
			</report>
			<report>
				<misses>11400000</misses>
				<total>3</total>
				<timestamp>342.126845</timestamp>
			</report>
			<report>
				<misses>11500000</misses>
				<total>1</total>
				<timestamp>345.127975</timestamp>
			</report>
			<report>
				<misses>11600000</misses>
				<total>1</total>
				<timestamp>348.128969</timestamp>
			</report>
			<report>
				<misses>11700000</misses>
				<total>3</total>
				<timestamp>351.130425</timestamp>
			</report>
			<report>
				<misses>11800000</misses>
				<total>3</total>
				<timestamp>354.131275</timestamp>
			</report>
			<report>
				<misses>11900000</misses>
				<total>3</total>
				<timestamp>357.132500</timestamp>
			</report>
			<report>
				<misses>12000000</misses>
				<total>1</total>
				<timestamp>360.133313</timestamp>
			</report>
			<report>
				<misses>12100000</misses>
				<total>2</total>
				<timestamp>363.134197</timestamp>
			</report>
			<report>
				<misses>12200000</misses>
				<total>3</total>
				<timestamp>366.135686</timestamp>
			</report>
			<report>
				<misses>12300000</misses>
				<total>3</total>
				<timestamp>369.136589</timestamp>
			</report>
			<report>
				<misses>12400000</misses>
				<total>4</total>
				<timestamp>372.137662</timestamp>
			</report>
			<report>
				<misses>12500000</misses>
				<total>3</total>
				<timestamp>375.138842</timestamp>
			</report>
			<report>
				<misses>12600000</misses>
				<total>3</total>
				<timestamp>378.139545</timestamp>
			</report>
			<report>
				<misses>12700000</misses>
				<total>3</total>
				<timestamp>381.140441</timestamp>
			</report>
			<report>
				<misses>12800000</misses>
				<total>3</total>
				<timestamp>384.141182</timestamp>
			</report>
			<report>
				<misses>12900000</misses>
				<total>1</total>
				<timestamp>387.142095</timestamp>
			</report>
			<report>
				<misses>13000000</misses>
				<total>4</total>
				<timestamp>390.143428</timestamp>
			</report>
			<report>
				<misses>13100000</misses>
				<total>2</total>
				<timestamp>393.144025</timestamp>
			</report>
			<report>
				<misses>13200000</misses>
				<total>2</total>
				<timestamp>396.144981</timestamp>
			</report>
			<report>
				<misses>13300000</misses>
				<total>1</total>
				<timestamp>399.145771</timestamp>
			</report>
			<report>
				<misses>13400000</misses>
				<total>3</total>
				<timestamp>402.146662</timestamp>
			</report>
			<report>
				<misses>13500000</misses>
				<total>4</total>
				<timestamp>405.147842</timestamp>
			</report>
			<report>
				<misses>13600000</misses>
				<total>3</total>
				<timestamp>408.149033</timestamp>
			</report>
			<report>
				<misses>13700000</misses>
				<total>3</total>
				<timestamp>411.150344</timestamp>
			</report>
			<report>
				<misses>13800000</misses>
				<total>2</total>
				<timestamp>414.151075</timestamp>
			</report>
			<report>
				<misses>13900000</misses>
				<total>3</total>
				<timestamp>417.151767</timestamp>
			</report>
			<report>
				<misses>14000000</misses>
				<total>1</total>
				<timestamp>420.152808</timestamp>
			</report>
			<report>
				<misses>14100000</misses>
				<total>1</total>
				<timestamp>423.153533</timestamp>
			</report>
			<report>
				<misses>14200000</misses>
				<total>3</total>
				<timestamp>426.154616</timestamp>
			</report>
			<report>
				<misses>14300000</misses>
				<total>3</total>
				<timestamp>429.156285</timestamp>
			</report>
			<report>
				<misses>14400000</misses>
				<total>3</total>
				<timestamp>432.157069</timestamp>
			</report>
			<report>
				<misses>14500000</misses>
				<total>3</total>
				<timestamp>435.158269</timestamp>
			</report>
			<report>
				<misses>14600000</misses>
				<total>3</total>
				<timestamp>438.159181</timestamp>
			</report>
			<report>
				<misses>14700000</misses>
				<total>2</total>
				<timestamp>441.160006</timestamp>
			</report>
			<report>
				<misses>14800000</misses>
				<total>1</total>
				<timestamp>444.160950</timestamp>
			</report>
			<report>
				<misses>14900000</misses>
				<total>3</total>
				<timestamp>447.162087</timestamp>
			</report>
			<report>
				<misses>15000000</misses>
				<total>3</total>
				<timestamp>450.163193</timestamp>
			</report>
			<report>
				<misses>15100000</misses>
				<total>3</total>
				<timestamp>453.164041</timestamp>
			</report>
			<report>
				<misses>15200000</misses>
				<total>2</total>
				<timestamp>456.164877</timestamp>
			</report>
			<report>
				<misses>15300000</misses>
				<total>2</total>
				<timestamp>459.166073</timestamp>
			</report>
			<report>
				<misses>15400000</misses>
				<total>3</total>
				<timestamp>462.166787</timestamp>
			</report>
			<report>
				<misses>15500000</misses>
				<total>3</total>
				<timestamp>465.167755</timestamp>
			</report>
			<report>
				<misses>15600000</misses>
				<total>2</total>
				<timestamp>468.168619</timestamp>
			</report>
			<report>
				<misses>15700000</misses>
				<total>1</total>
				<timestamp>471.169623</timestamp>
			</report>
			<report>
				<misses>15800000</misses>
				<total>3</total>
				<timestamp>474.170794</timestamp>
			</report>
			<report>
				<misses>15900000</misses>
				<total>3</total>
				<timestamp>477.172135</timestamp>
			</report>
			<report>
				<misses>16000000</misses>
				<total>1</total>
				<timestamp>480.173125</timestamp>
			</report>
			<report>
				<misses>16100000</misses>
				<total>2</total>
				<timestamp>483.174174</timestamp>
			</report>
			<report>
				<misses>16200000</misses>
				<total>3</total>
				<timestamp>486.174901</timestamp>
			</report>
			<report>
				<misses>16300000</misses>
				<total>3</total>
				<timestamp>489.175810</timestamp>
			</report>
			<report>
				<misses>16400000</misses>
				<total>1</total>
				<timestamp>492.176529</timestamp>
			</report>
			<report>
				<misses>16500000</misses>
				<total>1</total>
				<timestamp>495.177476</timestamp>
			</report>
			<report>
				<misses>16600000</misses>
				<total>3</total>
				<timestamp>498.178523</timestamp>
			</report>
			<report>
				<misses>16700000</misses>
				<total>2</total>
				<timestamp>501.179434</timestamp>
			</report>
			<report>
				<misses>16800000</misses>
				<total>4</total>
				<timestamp>504.180062</timestamp>
			</report>
			<report>
				<misses>16900000</misses>
				<total>2</total>
				<timestamp>507.180835</timestamp>
			</report>
			<report>
				<misses>17000000</misses>
				<total>1</total>
				<timestamp>510.181703</timestamp>
			</report>
			<report>
				<misses>17100000</misses>
				<total>1</total>
				<timestamp>513.183291</timestamp>
			</report>
			<report>
				<misses>17200000</misses>
				<total>1</total>
				<timestamp>516.184383</timestamp>
			</report>
			<report>
				<misses>17300000</misses>
				<total>3</total>
				<timestamp>519.185185</timestamp>
			</report>
			<report>
				<misses>17400000</misses>
				<total>2</total>
				<timestamp>522.186110</timestamp>
			</report>
			<report>
				<misses>17500000</misses>
				<total>4</total>
				<timestamp>525.186825</timestamp>
			</report>
			<report>
				<misses>17600000</misses>
				<total>3</total>
				<timestamp>528.187654</timestamp>
			</report>
			<report>
				<misses>17700000</misses>
				<total>3</total>
				<timestamp>531.188815</timestamp>
			</report>
			<report>
				<misses>17800000</misses>
				<total>1</total>
				<timestamp>534.190734</timestamp>
			</report>
			<report>
				<misses>17900000</misses>
				<total>1</total>
				<timestamp>537.192081</timestamp>
			</report>
			<report>
				<misses>18000000</misses>
				<total>2</total>
				<timestamp>540.192953</timestamp>
			</report>
			<report>
				<misses>18100000</misses>
				<total>1</total>
				<timestamp>543.194625</timestamp>
			</report>
			<report>
				<misses>18200000</misses>
				<total>3</total>
				<timestamp>546.196375</timestamp>
			</report>
			<report>
				<misses>18300000</misses>
				<total>3</total>
				<timestamp>549.197967</timestamp>
			</report>
			<report>
				<misses>18400000</misses>
				<total>2</total>
				<timestamp>552.199481</timestamp>
			</report>
			<report>
				<misses>18500000</misses>
				<total>3</total>
				<timestamp>555.201185</timestamp>
			</report>
			<report>
				<misses>18600000</misses>
				<total>4</total>
				<timestamp>558.202462</timestamp>
			</report>
			<report>
				<misses>18700000</misses>
				<total>2</total>
				<timestamp>561.203552</timestamp>
			</report>
			<report>
				<misses>18800000</misses>
				<total>2</total>
				<timestamp>564.204606</timestamp>
			</report>
			<report>
				<misses>18900000</misses>
				<total>1</total>
				<timestamp>567.205703</timestamp>
			</report>
			<report>
				<misses>19000000</misses>
				<total>3</total>
				<timestamp>570.206389</timestamp>
			</report>
			<report>
				<misses>19100000</misses>
				<total>3</total>
				<timestamp>573.207324</timestamp>
			</report>
			<report>
				<misses>19200000</misses>
				<total>2</total>
				<timestamp>576.208650</timestamp>
			</report>
			<report>
				<misses>19300000</misses>
				<total>2</total>
				<timestamp>579.210351</timestamp>
			</report>
			<report>
				<misses>19400000</misses>
				<total>1</total>
				<timestamp>582.211289</timestamp>
			</report>
			<report>
				<misses>19500000</misses>
				<total>1</total>
				<timestamp>585.212104</timestamp>
			</report>
			<report>
				<misses>19600000</misses>
				<total>2</total>
				<timestamp>588.212808</timestamp>
			</report>
			<report>
				<misses>19700000</misses>
				<total>1</total>
				<timestamp>591.213865</timestamp>
			</report>
			<report>
				<misses>19800000</misses>
				<total>4</total>
				<timestamp>594.214796</timestamp>
			</report>
			<report>
				<misses>19900000</misses>
				<total>3</total>
				<timestamp>597.215868</timestamp>
			</report>
			<report>
				<misses>20000000</misses>
				<total>2</total>
				<timestamp>600.216993</timestamp>
			</report>
			<report>
				<misses>20100000</misses>
				<total>2</total>
				<timestamp>603.217746</timestamp>
			</report>
			<report>
				<misses>20200000</misses>
				<total>1</total>
				<timestamp>606.218915</timestamp>
			</report>
			<report>
				<misses>20300000</misses>
				<total>3</total>
				<timestamp>609.220016</timestamp>
			</report>
			<report>
				<misses>20400000</misses>
				<total>2</total>
				<timestamp>612.221182</timestamp>
			</report>
			<report>
				<misses>20500000</misses>
				<total>1</total>
				<timestamp>615.222171</timestamp>
			</report>
			<report>
				<misses>20600000</misses>
				<total>2</total>
				<timestamp>618.222717</timestamp>
			</report>
			<report>
				<misses>20700000</misses>
				<total>3</total>
				<timestamp>621.223520</timestamp>
			</report>
			<report>
				<misses>20800000</misses>
				<total>3</total>
				<timestamp>624.224306</timestamp>
			</report>
			<report>
				<misses>20900000</misses>
				<total>2</total>
				<timestamp>627.225872</timestamp>
			</report>
			<report>
				<misses>21000000</misses>
				<total>2</total>
				<timestamp>630.226866</timestamp>
			</report>
			<report>
				<misses>21100000</misses>
				<total>2</total>
				<timestamp>633.227937</timestamp>
			</report>
			<report>
				<misses>21200000</misses>
				<total>2</total>
				<timestamp>636.228730</timestamp>
			</report>
			<report>
				<misses>21300000</misses>
				<total>1</total>
				<timestamp>639.229178</timestamp>
			</report>
			<report>
				<misses>21400000</misses>
				<total>3</total>
				<timestamp>642.230241</timestamp>
			</report>
			<report>
				<misses>21500000</misses>
				<total>2</total>
				<timestamp>645.231947</timestamp>
			</report>
			<report>
				<misses>21600000</misses>
				<total>2</total>
				<timestamp>648.233400</timestamp>
			</report>
			<report>
				<misses>21700000</misses>
				<total>2</total>
				<timestamp>651.234864</timestamp>
			</report>
			<report>
				<misses>21800000</misses>
				<total>3</total>
				<timestamp>654.236270</timestamp>
			</report>
			<report>
				<misses>21900000</misses>
				<total>1</total>
				<timestamp>657.236993</timestamp>
			</report>
			<report>
				<misses>22000000</misses>
				<total>2</total>
				<timestamp>660.237790</timestamp>
			</report>
			<report>
				<misses>22100000</misses>
				<total>1</total>
				<timestamp>663.238785</timestamp>
			</report>
			<report>
				<misses>22200000</misses>
				<total>3</total>
				<timestamp>666.240317</timestamp>
			</report>
			<report>
				<misses>22300000</misses>
				<total>2</total>
				<timestamp>669.241285</timestamp>
			</report>
			<report>
				<misses>22400000</misses>
				<total>1</total>
				<timestamp>672.242064</timestamp>
			</report>
			<report>
				<misses>22500000</misses>
				<total>3</total>
				<timestamp>675.242757</timestamp>
			</report>
			<report>
				<misses>22600000</misses>
				<total>3</total>
				<timestamp>678.243747</timestamp>
			</report>
			<report>
				<misses>22700000</misses>
				<total>2</total>
				<timestamp>681.244885</timestamp>
			</report>
			<report>
				<misses>22800000</misses>
				<total>1</total>
				<timestamp>684.246324</timestamp>
			</report>
			<report>
				<misses>22900000</misses>
				<total>3</total>
				<timestamp>687.247105</timestamp>
			</report>
			<report>
				<misses>23000000</misses>
				<total>2</total>
				<timestamp>690.248697</timestamp>
			</report>
			<report>
				<misses>23100000</misses>
				<total>3</total>
				<timestamp>693.249418</timestamp>
			</report>
			<report>
				<misses>23200000</misses>
				<total>2</total>
				<timestamp>696.250163</timestamp>
			</report>
			<report>
				<misses>23300000</misses>
				<total>2</total>
				<timestamp>699.251037</timestamp>
			</report>
			<report>
				<misses>23400000</misses>
				<total>2</total>
				<timestamp>702.252139</timestamp>
			</report>
			<report>
				<misses>23500000</misses>
				<total>1</total>
				<timestamp>705.252872</timestamp>
			</report>
			<report>
				<misses>23600000</misses>
				<total>2</total>
				<timestamp>708.254269</timestamp>
			</report>
			<report>
				<misses>23700000</misses>
				<total>3</total>
				<timestamp>711.255181</timestamp>
			</report>
			<report>
				<misses>23800000</misses>
				<total>1</total>
				<timestamp>714.256797</timestamp>
			</report>
			<report>
				<misses>23900000</misses>
				<total>2</total>
				<timestamp>717.257639</timestamp>
			</report>
			<report>
				<misses>24000000</misses>
				<total>4</total>
				<timestamp>720.258745</timestamp>
			</report>
			<report>
				<misses>24100000</misses>
				<total>3</total>
				<timestamp>723.259702</timestamp>
			</report>
			<report>
				<misses>24200000</misses>
				<total>1</total>
				<timestamp>726.260582</timestamp>
			</report>
			<report>
				<misses>24300000</misses>
				<total>2</total>
				<timestamp>729.261660</timestamp>
			</report>
			<report>
				<misses>24400000</misses>
				<total>2</total>
				<timestamp>732.262317</timestamp>
			</report>
			<report>
				<misses>24500000</misses>
				<total>1</total>
				<timestamp>735.263091</timestamp>
			</report>
			<report>
				<misses>24600000</misses>
				<total>2</total>
				<timestamp>738.263776</timestamp>
			</report>
			<report>
				<misses>24700000</misses>
				<total>1</total>
				<timestamp>741.264816</timestamp>
			</report>
			<report>
				<misses>24800000</misses>
				<total>1</total>
				<timestamp>744.266679</timestamp>
			</report>
			<report>
				<misses>24900000</misses>
				<total>2</total>
				<timestamp>747.267782</timestamp>
			</report>
			<report>
				<misses>25000000</misses>
				<total>2</total>
				<timestamp>750.269400</timestamp>
			</report>
			<report>
				<misses>25100000</misses>
				<total>3</total>
				<timestamp>753.270440</timestamp>
			</report>
			<report>
				<misses>25200000</misses>
				<total>2</total>
				<timestamp>756.271439</timestamp>
			</report>
			<report>
				<misses>25300000</misses>
				<total>3</total>
				<timestamp>759.272219</timestamp>
			</report>
			<report>
				<misses>25400000</misses>
				<total>2</total>
				<timestamp>762.273200</timestamp>
			</report>
			<report>
				<misses>25500000</misses>
				<total>3</total>
				<timestamp>765.274005</timestamp>
			</report>
			<report>
				<misses>25600000</misses>
				<total>4</total>
				<timestamp>768.275120</timestamp>
			</report>
			<report>
				<misses>25700000</misses>
				<total>1</total>
				<timestamp>771.276232</timestamp>
			</report>
			<report>
				<misses>25800000</misses>
				<total>4</total>
				<timestamp>774.277254</timestamp>
			</report>
			<report>
				<misses>25900000</misses>
				<total>2</total>
				<timestamp>777.278423</timestamp>
			</report>
			<report>
				<misses>26000000</misses>
				<total>2</total>
				<timestamp>780.279062</timestamp>
			</report>
			<report>
				<misses>26100000</misses>
				<total>2</total>
				<timestamp>783.280131</timestamp>
			</report>
			<report>
				<misses>26200000</misses>
				<total>3</total>
				<timestamp>786.281540</timestamp>
			</report>
			<report>
				<misses>26300000</misses>
				<total>4</total>
				<timestamp>789.282975</timestamp>
			</report>
			<report>
				<misses>26400000</misses>
				<total>2</total>
				<timestamp>792.283910</timestamp>
			</report>
			<report>
				<misses>26500000</misses>
				<total>2</total>
				<timestamp>795.284971</timestamp>
			</report>
			<report>
				<misses>26600000</misses>
				<total>2</total>
				<timestamp>798.285508</timestamp>
			</report>
			<report>
				<misses>26700000</misses>
				<total>1</total>
				<timestamp>801.286745</timestamp>
			</report>
			<report>
				<misses>26800000</misses>
				<total>1</total>
				<timestamp>804.287670</timestamp>
			</report>
			<report>
				<misses>26900000</misses>
				<total>3</total>
				<timestamp>807.288851</timestamp>
			</report>
			<report>
				<misses>27000000</misses>
				<total>3</total>
				<timestamp>810.289708</timestamp>
			</report>
			<report>
				<misses>27100000</misses>
				<total>1</total>
				<timestamp>813.290601</timestamp>
			</report>
			<report>
				<misses>27200000</misses>
				<total>2</total>
				<timestamp>816.291666</timestamp>
			</report>
			<report>
				<misses>27300000</misses>
				<total>2</total>
				<timestamp>819.292917</timestamp>
			</report>
			<report>
				<misses>27400000</misses>
				<total>1</total>
				<timestamp>822.294170</timestamp>
			</report>
			<report>
				<misses>27500000</misses>
				<total>1</total>
				<timestamp>825.295217</timestamp>
			</report>
			<report>
				<misses>27600000</misses>
				<total>2</total>
				<timestamp>828.296163</timestamp>
			</report>
			<report>
				<misses>27700000</misses>
				<total>3</total>
				<timestamp>831.297344</timestamp>
			</report>
			<report>
				<misses>27800000</misses>
				<total>2</total>
				<timestamp>834.299000</timestamp>
			</report>
			<report>
				<misses>27900000</misses>
				<total>3</total>
				<timestamp>837.300177</timestamp>
			</report>
			<report>
				<misses>28000000</misses>
				<total>1</total>
				<timestamp>840.301242</timestamp>
			</report>
			<report>
				<misses>28100000</misses>
				<total>1</total>
				<timestamp>843.302217</timestamp>
			</report>
			<report>
				<misses>28200000</misses>
				<total>3</total>
				<timestamp>846.303170</timestamp>
			</report>
			<report>
				<misses>28300000</misses>
				<total>2</total>
				<timestamp>849.304254</timestamp>
			</report>
			<report>
				<misses>28400000</misses>
				<total>1</total>
				<timestamp>852.305726</timestamp>
			</report>
			<report>
				<misses>28500000</misses>
				<total>3</total>
				<timestamp>855.306894</timestamp>
			</report>
			<report>
				<misses>28600000</misses>
				<total>3</total>
				<timestamp>858.308098</timestamp>
			</report>
			<report>
				<misses>28700000</misses>
				<total>2</total>
				<timestamp>861.309289</timestamp>
			</report>
			<report>
				<misses>28800000</misses>
				<total>1</total>
				<timestamp>864.310686</timestamp>
			</report>
			<report>
				<misses>28900000</misses>
				<total>2</total>
				<timestamp>867.311333</timestamp>
			</report>
			<report>
				<misses>29000000</misses>
				<total>4</total>
				<timestamp>870.312872</timestamp>
			</report>
			<report>
				<misses>29100000</misses>
				<total>2</total>
				<timestamp>873.314160</timestamp>
			</report>
			<report>
				<misses>29200000</misses>
				<total>1</total>
				<timestamp>876.315198</timestamp>
			</report>
			<report>
				<misses>29300000</misses>
				<total>1</total>
				<timestamp>879.316315</timestamp>
			</report>
			<report>
				<misses>29400000</misses>
				<total>3</total>
				<timestamp>882.317901</timestamp>
			</report>
			<report>
				<misses>29500000</misses>
				<total>3</total>
				<timestamp>885.318939</timestamp>
			</report>
			<report>
				<misses>29600000</misses>
				<total>4</total>
				<timestamp>888.320157</timestamp>
			</report>
			<report>
				<misses>29700000</misses>
				<total>1</total>
				<timestamp>891.321237</timestamp>
			</report>
			<report>
				<misses>29800000</misses>
				<total>2</total>
				<timestamp>894.321989</timestamp>
			</report>
			<report>
				<misses>29900000</misses>
				<total>2</total>
				<timestamp>897.322619</timestamp>
			</report>
			<report>
				<misses>30000000</misses>
				<total>4</total>
				<timestamp>900.323300</timestamp>
			</report>
			<report>
				<misses>30100000</misses>
				<total>3</total>
				<timestamp>903.324216</timestamp>
			</report>
			<report>
				<misses>30200000</misses>
				<total>3</total>
				<timestamp>906.325284</timestamp>
			</report>
			<report>
				<misses>30300000</misses>
				<total>1</total>
				<timestamp>909.326457</timestamp>
			</report>
			<report>
				<misses>30400000</misses>
				<total>1</total>
				<timestamp>912.327209</timestamp>
			</report>
			<report>
				<misses>30500000</misses>
				<total>2</total>
				<timestamp>915.328194</timestamp>
			</report>
			<report>
				<misses>30600000</misses>
				<total>4</total>
				<timestamp>918.329119</timestamp>
			</report>
			<report>
				<misses>30700000</misses>
				<total>1</total>
				<timestamp>921.330088</timestamp>
			</report>
			<report>
				<misses>30800000</misses>
				<total>1</total>
				<timestamp>924.331170</timestamp>
			</report>
			<report>
				<misses>30900000</misses>
				<total>4</total>
				<timestamp>927.332525</timestamp>
			</report>
			<report>
				<misses>31000000</misses>
				<total>2</total>
				<timestamp>930.333847</timestamp>
			</report>
			<report>
				<misses>31100000</misses>
				<total>3</total>
				<timestamp>933.335213</timestamp>
			</report>
			<report>
				<misses>31200000</misses>
				<total>3</total>
				<timestamp>936.337037</timestamp>
			</report>
			<report>
				<misses>31300000</misses>
				<total>2</total>
				<timestamp>939.338036</timestamp>
			</report>
			<report>
				<misses>31400000</misses>
				<total>3</total>
				<timestamp>942.339140</timestamp>
			</report>
			<report>
				<misses>31500000</misses>
				<total>2</total>
				<timestamp>945.339987</timestamp>
			</report>
			<report>
				<misses>31600000</misses>
				<total>2</total>
				<timestamp>948.341179</timestamp>
			</report>
			<report>
				<misses>31700000</misses>
				<total>2</total>
				<timestamp>951.342502</timestamp>
			</report>
			<report>
				<misses>31800000</misses>
				<total>0</total>
				<timestamp>954.343174</timestamp>
			</report>
			<report>
				<misses>31900000</misses>
				<total>3</total>
				<timestamp>957.344481</timestamp>
			</report>
			<report>
				<misses>32000000</misses>
				<total>4</total>
				<timestamp>960.345349</timestamp>
			</report>
			<report>
				<misses>32100000</misses>
				<total>3</total>
				<timestamp>963.346407</timestamp>
			</report>
			<report>
				<misses>32200000</misses>
				<total>2</total>
				<timestamp>966.347412</timestamp>
			</report>
			<report>
				<misses>32300000</misses>
				<total>2</total>
				<timestamp>969.349017</timestamp>
			</report>
			<report>
				<misses>32400000</misses>
				<total>3</total>
				<timestamp>972.350094</timestamp>
			</report>
			<report>
				<misses>32500000</misses>
				<total>3</total>
				<timestamp>975.351300</timestamp>
			</report>
			<report>
				<misses>32600000</misses>
				<total>3</total>
				<timestamp>978.352648</timestamp>
			</report>
			<report>
				<misses>32700000</misses>
				<total>4</total>
				<timestamp>981.354324</timestamp>
			</report>
			<report>
				<misses>32800000</misses>
				<total>2</total>
				<timestamp>984.355584</timestamp>
			</report>
			<report>
				<misses>32900000</misses>
				<total>3</total>
				<timestamp>987.356663</timestamp>
			</report>
			<report>
				<misses>33000000</misses>
				<total>3</total>
				<timestamp>990.357977</timestamp>
			</report>
			<report>
				<misses>33100000</misses>
				<total>2</total>
				<timestamp>993.358818</timestamp>
			</report>
			<report>
				<misses>33200000</misses>
				<total>2</total>
				<timestamp>996.359712</timestamp>
			</report>
			<report>
				<misses>33300000</misses>
				<total>2</total>
				<timestamp>999.360838</timestamp>
			</report>
			<report>
				<misses>33400000</misses>
				<total>4</total>
				<timestamp>1002.362063</timestamp>
			</report>
			<report>
				<misses>33500000</misses>
				<total>3</total>
				<timestamp>1005.363243</timestamp>
			</report>
			<report>
				<misses>33600000</misses>
				<total>2</total>
				<timestamp>1008.363901</timestamp>
			</report>
			<report>
				<misses>33700000</misses>
				<total>3</total>
				<timestamp>1011.364983</timestamp>
			</report>
			<report>
				<misses>33800000</misses>
				<total>2</total>
				<timestamp>1014.366295</timestamp>
			</report>
			<report>
				<misses>33900000</misses>
				<total>1</total>
				<timestamp>1017.367356</timestamp>
			</report>
			<report>
				<misses>34000000</misses>
				<total>2</total>
				<timestamp>1020.368554</timestamp>
			</report>
			<report>
				<misses>34100000</misses>
				<total>4</total>
				<timestamp>1023.369604</timestamp>
			</report>
			<report>
				<misses>34200000</misses>
				<total>2</total>
				<timestamp>1026.371086</timestamp>
			</report>
			<report>
				<misses>34300000</misses>
				<total>3</total>
				<timestamp>1029.371943</timestamp>
			</report>
			<report>
				<misses>34400000</misses>
				<total>2</total>
				<timestamp>1032.372892</timestamp>
			</report>
			<report>
				<misses>34500000</misses>
				<total>2</total>
				<timestamp>1035.374031</timestamp>
			</report>
			<report>
				<misses>34600000</misses>
				<total>2</total>
				<timestamp>1038.375044</timestamp>
			</report>
			<report>
				<misses>34700000</misses>
				<total>3</total>
				<timestamp>1041.376675</timestamp>
			</report>
			<report>
				<misses>34800000</misses>
				<total>2</total>
				<timestamp>1044.378057</timestamp>
			</report>
			<report>
				<misses>34900000</misses>
				<total>3</total>
				<timestamp>1047.379662</timestamp>
			</report>
			<report>
				<misses>35000000</misses>
				<total>2</total>
				<timestamp>1050.380693</timestamp>
			</report>
			<report>
				<misses>35100000</misses>
				<total>1</total>
				<timestamp>1053.381744</timestamp>
			</report>
			<report>
				<misses>35200000</misses>
				<total>3</total>
				<timestamp>1056.382848</timestamp>
			</report>
			<report>
				<misses>35300000</misses>
				<total>1</total>
				<timestamp>1059.383694</timestamp>
			</report>
			<report>
				<misses>35400000</misses>
				<total>3</total>
				<timestamp>1062.384721</timestamp>
			</report>
			<report>
				<misses>35500000</misses>
				<total>1</total>
				<timestamp>1065.385790</timestamp>
			</report>
			<report>
				<misses>35600000</misses>
				<total>4</total>
				<timestamp>1068.386935</timestamp>
			</report>
			<report>
				<misses>35700000</misses>
				<total>4</total>
				<timestamp>1071.388072</timestamp>
			</report>
			<report>
				<misses>35800000</misses>
				<total>2</total>
				<timestamp>1074.389103</timestamp>
			</report>
			<report>
				<misses>35900000</misses>
				<total>3</total>
				<timestamp>1077.390680</timestamp>
			</report>
			<report>
				<misses>36000000</misses>
				<total>3</total>
				<timestamp>1080.392482</timestamp>
			</report>
			<report>
				<misses>36100000</misses>
				<total>3</total>
				<timestamp>1083.393868</timestamp>
			</report>
			<report>
				<misses>36200000</misses>
				<total>4</total>
				<timestamp>1086.394649</timestamp>
			</report>
			<report>
				<misses>36300000</misses>
				<total>1</total>
				<timestamp>1089.395854</timestamp>
			</report>
			<report>
				<misses>36400000</misses>
				<total>4</total>
				<timestamp>1092.396990</timestamp>
			</report>
			<report>
				<misses>36500000</misses>
				<total>3</total>
				<timestamp>1095.398107</timestamp>
			</report>
			<report>
				<misses>36600000</misses>
				<total>2</total>
				<timestamp>1098.399173</timestamp>
			</report>
			<report>
				<misses>36700000</misses>
				<total>1</total>
				<timestamp>1101.399859</timestamp>
			</report>
			<report>
				<misses>36800000</misses>
				<total>2</total>
				<timestamp>1104.400792</timestamp>
			</report>
			<report>
				<misses>36900000</misses>
				<total>3</total>
				<timestamp>1107.401654</timestamp>
			</report>
			<report>
				<misses>37000000</misses>
				<total>3</total>
				<timestamp>1110.402805</timestamp>
			</report>
			<report>
				<misses>37100000</misses>
				<total>2</total>
				<timestamp>1113.403824</timestamp>
			</report>
			<report>
				<misses>37200000</misses>
				<total>2</total>
				<timestamp>1116.404670</timestamp>
			</report>
			<report>
				<misses>37300000</misses>
				<total>1</total>
				<timestamp>1119.405671</timestamp>
			</report>
			<report>
				<misses>37400000</misses>
				<total>1</total>
				<timestamp>1122.406405</timestamp>
			</report>
			<report>
				<misses>37500000</misses>
				<total>2</total>
				<timestamp>1125.407316</timestamp>
			</report>
			<report>
				<misses>37600000</misses>
				<total>3</total>
				<timestamp>1128.408504</timestamp>
			</report>
			<report>
				<misses>37700000</misses>
				<total>1</total>
				<timestamp>1131.409889</timestamp>
			</report>
			<report>
				<misses>37800000</misses>
				<total>4</total>
				<timestamp>1134.411055</timestamp>
			</report>
			<report>
				<misses>37900000</misses>
				<total>3</total>
				<timestamp>1137.411869</timestamp>
			</report>
			<report>
				<misses>38000000</misses>
				<total>1</total>
				<timestamp>1140.412858</timestamp>
			</report>
			<report>
				<misses>38100000</misses>
				<total>1</total>
				<timestamp>1143.414123</timestamp>
			</report>
			<report>
				<misses>38200000</misses>
				<total>3</total>
				<timestamp>1146.415469</timestamp>
			</report>
			<report>
				<misses>38300000</misses>
				<total>4</total>
				<timestamp>1149.416209</timestamp>
			</report>
			<report>
				<misses>38400000</misses>
				<total>3</total>
				<timestamp>1152.416938</timestamp>
			</report>
			<report>
				<misses>38500000</misses>
				<total>2</total>
				<timestamp>1155.417747</timestamp>
			</report>
			<report>
				<misses>38600000</misses>
				<total>3</total>
				<timestamp>1158.419095</timestamp>
			</report>
			<report>
				<misses>38700000</misses>
				<total>2</total>
				<timestamp>1161.420026</timestamp>
			</report>
			<report>
				<misses>38800000</misses>
				<total>2</total>
				<timestamp>1164.420977</timestamp>
			</report>
			<report>
				<misses>38900000</misses>
				<total>3</total>
				<timestamp>1167.422132</timestamp>
			</report>
			<report>
				<misses>39000000</misses>
				<total>3</total>
				<timestamp>1170.423142</timestamp>
			</report>
			<report>
				<misses>39100000</misses>
				<total>3</total>
				<timestamp>1173.424318</timestamp>
			</report>
			<report>
				<misses>39200000</misses>
				<total>1</total>
				<timestamp>1176.425370</timestamp>
			</report>
			<report>
				<misses>39300000</misses>
				<total>2</total>
				<timestamp>1179.426348</timestamp>
			</report>
			<report>
				<misses>39400000</misses>
				<total>2</total>
				<timestamp>1182.427205</timestamp>
			</report>
			<report>
				<misses>39500000</misses>
				<total>2</total>
				<timestamp>1185.427920</timestamp>
			</report>
			<report>
				<misses>39600000</misses>
				<total>2</total>
				<timestamp>1188.429316</timestamp>
			</report>
			<report>
				<misses>39700000</misses>
				<total>3</total>
				<timestamp>1191.430588</timestamp>
			</report>
			<report>
				<misses>39800000</misses>
				<total>2</total>
				<timestamp>1194.431695</timestamp>
			</report>
			<report>
				<misses>39900000</misses>
				<total>2</total>
				<timestamp>1197.432870</timestamp>
			</report>
			<report>
				<misses>40000000</misses>
				<total>3</total>
				<timestamp>1200.434062</timestamp>
			</report>
			<report>
				<misses>40100000</misses>
				<total>2</total>
				<timestamp>1203.435315</timestamp>
			</report>
			<report>
				<misses>40200000</misses>
				<total>4</total>
				<timestamp>1206.436761</timestamp>
			</report>
			<report>
				<misses>40300000</misses>
				<total>2</total>
				<timestamp>1209.437814</timestamp>
			</report>
			<report>
				<misses>40400000</misses>
				<total>4</total>
				<timestamp>1212.438688</timestamp>
			</report>
			<report>
				<misses>40500000</misses>
				<total>3</total>
				<timestamp>1215.439701</timestamp>
			</report>
			<report>
				<misses>40600000</misses>
				<total>3</total>
				<timestamp>1218.440815</timestamp>
			</report>
			<report>
				<misses>40700000</misses>
				<total>2</total>
				<timestamp>1221.442494</timestamp>
			</report>
			<report>
				<misses>40800000</misses>
				<total>1</total>
				<timestamp>1224.443208</timestamp>
			</report>
			<report>
				<misses>40900000</misses>
				<total>1</total>
				<timestamp>1227.444159</timestamp>
			</report>
			<report>
				<misses>41000000</misses>
				<total>2</total>
				<timestamp>1230.445382</timestamp>
			</report>
			<report>
				<misses>41100000</misses>
				<total>1</total>
				<timestamp>1233.446359</timestamp>
			</report>
			<report>
				<misses>41200000</misses>
				<total>2</total>
				<timestamp>1236.447618</timestamp>
			</report>
			<report>
				<misses>41300000</misses>
				<total>1</total>
				<timestamp>1239.449027</timestamp>
			</report>
			<report>
				<misses>41400000</misses>
				<total>3</total>
				<timestamp>1242.449871</timestamp>
			</report>
			<report>
				<misses>41500000</misses>
				<total>1</total>
				<timestamp>1245.450496</timestamp>
			</report>
			<report>
				<misses>41600000</misses>
				<total>1</total>
				<timestamp>1248.451767</timestamp>
			</report>
			<report>
				<misses>41700000</misses>
				<total>3</total>
				<timestamp>1251.453151</timestamp>
			</report>
			<report>
				<misses>41800000</misses>
				<total>4</total>
				<timestamp>1254.453870</timestamp>
			</report>
			<report>
				<misses>41900000</misses>
				<total>3</total>
				<timestamp>1257.455038</timestamp>
			</report>
			<report>
				<misses>42000000</misses>
				<total>2</total>
				<timestamp>1260.456338</timestamp>
			</report>
			<report>
				<misses>42100000</misses>
				<total>1</total>
				<timestamp>1263.456986</timestamp>
			</report>
			<report>
				<misses>42200000</misses>
				<total>2</total>
				<timestamp>1266.458280</timestamp>
			</report>
			<report>
				<misses>42300000</misses>
				<total>2</total>
				<timestamp>1269.459120</timestamp>
			</report>
			<report>
				<misses>42400000</misses>
				<total>3</total>
				<timestamp>1272.460224</timestamp>
			</report>
			<report>
				<misses>42500000</misses>
				<total>2</total>
				<timestamp>1275.461240</timestamp>
			</report>
			<report>
				<misses>42600000</misses>
				<total>4</total>
				<timestamp>1278.462252</timestamp>
			</report>
			<report>
				<misses>42700000</misses>
				<total>1</total>
				<timestamp>1281.463391</timestamp>
			</report>
			<report>
				<misses>42800000</misses>
				<total>3</total>
				<timestamp>1284.464672</timestamp>
			</report>
			<report>
				<misses>42900000</misses>
				<total>3</total>
				<timestamp>1287.465733</timestamp>
			</report>
			<report>
				<misses>43000000</misses>
				<total>3</total>
				<timestamp>1290.466849</timestamp>
			</report>
			<report>
				<misses>43100000</misses>
				<total>2</total>
				<timestamp>1293.468147</timestamp>
			</report>
			<report>
				<misses>43200000</misses>
				<total>3</total>
				<timestamp>1296.468989</timestamp>
			</report>
			<report>
				<misses>43300000</misses>
				<total>2</total>
				<timestamp>1299.469899</timestamp>
			</report>
			<report>
				<misses>43400000</misses>
				<total>2</total>
				<timestamp>1302.470582</timestamp>
			</report>
			<report>
				<misses>43500000</misses>
				<total>1</total>
				<timestamp>1305.472313</timestamp>
			</report>
			<report>
				<misses>43600000</misses>
				<total>2</total>
				<timestamp>1308.473696</timestamp>
			</report>
			<report>
				<misses>43700000</misses>
				<total>1</total>
				<timestamp>1311.474813</timestamp>
			</report>
			<report>
				<misses>43800000</misses>
				<total>2</total>
				<timestamp>1314.475741</timestamp>
			</report>
			<report>
				<misses>43900000</misses>
				<total>2</total>
				<timestamp>1317.476456</timestamp>
			</report>
			<report>
				<misses>44000000</misses>
				<total>3</total>
				<timestamp>1320.477148</timestamp>
			</report>
			<report>
				<misses>44100000</misses>
				<total>2</total>
				<timestamp>1323.478294</timestamp>
			</report>
			<report>
				<misses>44200000</misses>
				<total>3</total>
				<timestamp>1326.479280</timestamp>
			</report>
			<report>
				<misses>44300000</misses>
				<total>3</total>
				<timestamp>1329.481103</timestamp>
			</report>
			<report>
				<misses>44400000</misses>
				<total>2</total>
				<timestamp>1332.482280</timestamp>
			</report>
			<report>
				<misses>44500000</misses>
				<total>3</total>
				<timestamp>1335.483614</timestamp>
			</report>
			<report>
				<misses>44600000</misses>
				<total>2</total>
				<timestamp>1338.485303</timestamp>
			</report>
			<report>
				<misses>44700000</misses>
				<total>1</total>
				<timestamp>1341.486219</timestamp>
			</report>
			<report>
				<misses>44800000</misses>
				<total>4</total>
				<timestamp>1344.487200</timestamp>
			</report>
			<report>
				<misses>44900000</misses>
				<total>1</total>
				<timestamp>1347.488234</timestamp>
			</report>
			<report>
				<misses>45000000</misses>
				<total>1</total>
				<timestamp>1350.489438</timestamp>
			</report>
			<report>
				<misses>45100000</misses>
				<total>2</total>
				<timestamp>1353.490641</timestamp>
			</report>
			<report>
				<misses>45200000</misses>
				<total>2</total>
				<timestamp>1356.491737</timestamp>
			</report>
			<report>
				<misses>45300000</misses>
				<total>3</total>
				<timestamp>1359.492684</timestamp>
			</report>
			<report>
				<misses>45400000</misses>
				<total>2</total>
				<timestamp>1362.494048</timestamp>
			</report>
			<report>
				<misses>45500000</misses>
				<total>2</total>
				<timestamp>1365.495147</timestamp>
			</report>
			<report>
				<misses>45600000</misses>
				<total>2</total>
				<timestamp>1368.496469</timestamp>
			</report>
			<report>
				<misses>45700000</misses>
				<total>2</total>
				<timestamp>1371.497613</timestamp>
			</report>
			<report>
				<misses>45800000</misses>
				<total>3</total>
				<timestamp>1374.498615</timestamp>
			</report>
			<report>
				<misses>45900000</misses>
				<total>1</total>
				<timestamp>1377.499361</timestamp>
			</report>
			<report>
				<misses>46000000</misses>
				<total>1</total>
				<timestamp>1380.500497</timestamp>
			</report>
			<report>
				<misses>46100000</misses>
				<total>3</total>
				<timestamp>1383.501684</timestamp>
			</report>
			<report>
				<misses>46200000</misses>
				<total>1</total>
				<timestamp>1386.502984</timestamp>
			</report>
			<report>
				<misses>46300000</misses>
				<total>4</total>
				<timestamp>1389.503753</timestamp>
			</report>
			<report>
				<misses>46400000</misses>
				<total>2</total>
				<timestamp>1392.504710</timestamp>
			</report>
			<report>
				<misses>46500000</misses>
				<total>2</total>
				<timestamp>1395.505596</timestamp>
			</report>
			<report>
				<misses>46600000</misses>
				<total>3</total>
				<timestamp>1398.507112</timestamp>
			</report>
			<report>
				<misses>46700000</misses>
				<total>2</total>
				<timestamp>1401.508134</timestamp>
			</report>
			<report>
				<misses>46800000</misses>
				<total>2</total>
				<timestamp>1404.508940</timestamp>
			</report>
			<report>
				<misses>46900000</misses>
				<total>1</total>
				<timestamp>1407.510057</timestamp>
			</report>
			<report>
				<misses>47000000</misses>
				<total>4</total>
				<timestamp>1410.511131</timestamp>
			</report>
			<report>
				<misses>47100000</misses>
				<total>1</total>
				<timestamp>1413.512510</timestamp>
			</report>
			<report>
				<misses>47200000</misses>
				<total>2</total>
				<timestamp>1416.513666</timestamp>
			</report>
			<report>
				<misses>47300000</misses>
				<total>1</total>
				<timestamp>1419.514681</timestamp>
			</report>
			<report>
				<misses>47400000</misses>
				<total>1</total>
				<timestamp>1422.515616</timestamp>
			</report>
			<report>
				<misses>47500000</misses>
				<total>2</total>
				<timestamp>1425.516625</timestamp>
			</report>
			<report>
				<misses>47600000</misses>
				<total>1</total>
				<timestamp>1428.517825</timestamp>
			</report>
			<report>
				<misses>47700000</misses>
				<total>3</total>
				<timestamp>1431.518996</timestamp>
			</report>
			<report>
				<misses>47800000</misses>
				<total>0</total>
				<timestamp>1434.520009</timestamp>
			</report>
			<report>
				<misses>47900000</misses>
				<total>3</total>
				<timestamp>1437.521639</timestamp>
			</report>
			<report>
				<misses>48000000</misses>
				<total>2</total>
				<timestamp>1440.523267</timestamp>
			</report>
			<report>
				<misses>48100000</misses>
				<total>4</total>
				<timestamp>1443.524353</timestamp>
			</report>
			<report>
				<misses>48200000</misses>
				<total>1</total>
				<timestamp>1446.525712</timestamp>
			</report>
			<report>
				<misses>48300000</misses>
				<total>2</total>
				<timestamp>1449.526368</timestamp>
			</report>
			<report>
				<misses>48400000</misses>
				<total>1</total>
				<timestamp>1452.527401</timestamp>
			</report>
			<report>
				<misses>48500000</misses>
				<total>1</total>
				<timestamp>1455.528276</timestamp>
			</report>
			<report>
				<misses>48600000</misses>
				<total>1</total>
				<timestamp>1458.529345</timestamp>
			</report>
			<report>
				<misses>48700000</misses>
				<total>3</total>
				<timestamp>1461.530404</timestamp>
			</report>
			<report>
				<misses>48800000</misses>
				<total>4</total>
				<timestamp>1464.531712</timestamp>
			</report>
			<report>
				<misses>48900000</misses>
				<total>2</total>
				<timestamp>1467.532523</timestamp>
			</report>
			<report>
				<misses>49000000</misses>
				<total>3</total>
				<timestamp>1470.533575</timestamp>
			</report>
			<report>
				<misses>49100000</misses>
				<total>3</total>
				<timestamp>1473.534649</timestamp>
			</report>
			<report>
				<misses>49200000</misses>
				<total>1</total>
				<timestamp>1476.535352</timestamp>
			</report>
			<report>
				<misses>49300000</misses>
				<total>1</total>
				<timestamp>1479.536190</timestamp>
			</report>
			<report>
				<misses>49400000</misses>
				<total>4</total>
				<timestamp>1482.537024</timestamp>
			</report>
			<report>
				<misses>49500000</misses>
				<total>1</total>
				<timestamp>1485.538101</timestamp>
			</report>
			<report>
				<misses>49600000</misses>
				<total>3</total>
				<timestamp>1488.539270</timestamp>
			</report>
			<report>
				<misses>49700000</misses>
				<total>4</total>
				<timestamp>1491.540032</timestamp>
			</report>
			<report>
				<misses>49800000</misses>
				<total>2</total>
				<timestamp>1494.540605</timestamp>
			</report>
			<report>
				<misses>49900000</misses>
				<total>3</total>
				<timestamp>1497.541585</timestamp>
			</report>
			<report>
				<misses>50000000</misses>
				<total>2</total>
				<timestamp>1500.543056</timestamp>
			</report>
			<report>
				<misses>50100000</misses>
				<total>1</total>
				<timestamp>1503.545062</timestamp>
			</report>
			<report>
				<misses>50200000</misses>
				<total>2</total>
				<timestamp>1506.546293</timestamp>
			</report>
			<report>
				<misses>50300000</misses>
				<total>4</total>
				<timestamp>1509.547486</timestamp>
			</report>
			<report>
				<misses>50400000</misses>
				<total>3</total>
				<timestamp>1512.549107</timestamp>
			</report>
			<report>
				<misses>50500000</misses>
				<total>1</total>
				<timestamp>1515.550109</timestamp>
			</report>
			<report>
				<misses>50600000</misses>
				<total>3</total>
				<timestamp>1518.551518</timestamp>
			</report>
			<report>
				<misses>50700000</misses>
				<total>3</total>
				<timestamp>1521.552896</timestamp>
			</report>
			<report>
				<misses>50800000</misses>
				<total>2</total>
				<timestamp>1524.553689</timestamp>
			</report>
			<report>
				<misses>50900000</misses>
				<total>3</total>
				<timestamp>1527.554608</timestamp>
			</report>
			<report>
				<misses>51000000</misses>
				<total>2</total>
				<timestamp>1530.555802</timestamp>
			</report>
			<report>
				<misses>51100000</misses>
				<total>1</total>
				<timestamp>1533.556911</timestamp>
			</report>
			<report>
				<misses>51200000</misses>
				<total>1</total>
				<timestamp>1536.557959</timestamp>
			</report>
			<report>
				<misses>51300000</misses>
				<total>3</total>
				<timestamp>1539.559377</timestamp>
			</report>
			<report>
				<misses>51400000</misses>
				<total>4</total>
				<timestamp>1542.560656</timestamp>
			</report>
			<report>
				<misses>51500000</misses>
				<total>1</total>
				<timestamp>1545.561742</timestamp>
			</report>
			<report>
				<misses>51600000</misses>
				<total>2</total>
				<timestamp>1548.562857</timestamp>
			</report>
			<report>
				<misses>51700000</misses>
				<total>4</total>
				<timestamp>1551.563813</timestamp>
			</report>
			<report>
				<misses>51800000</misses>
				<total>2</total>
				<timestamp>1554.564946</timestamp>
			</report>
			<report>
				<misses>51900000</misses>
				<total>1</total>
				<timestamp>1557.565887</timestamp>
			</report>
			<report>
				<misses>52000000</misses>
				<total>2</total>
				<timestamp>1560.566785</timestamp>
			</report>
			<report>
				<misses>52100000</misses>
				<total>3</total>
				<timestamp>1563.567860</timestamp>
			</report>
			<report>
				<misses>52200000</misses>
				<total>4</total>
				<timestamp>1566.569211</timestamp>
			</report>
			<report>
				<misses>52300000</misses>
				<total>2</total>
				<timestamp>1569.570028</timestamp>
			</report>
			<report>
				<misses>52400000</misses>
				<total>2</total>
				<timestamp>1572.571077</timestamp>
			</report>
			<report>
				<misses>52500000</misses>
				<total>3</total>
				<timestamp>1575.571858</timestamp>
			</report>
			<report>
				<misses>52600000</misses>
				<total>3</total>
				<timestamp>1578.572532</timestamp>
			</report>
			<report>
				<misses>52700000</misses>
				<total>2</total>
				<timestamp>1581.573903</timestamp>
			</report>
			<report>
				<misses>52800000</misses>
				<total>3</total>
				<timestamp>1584.575426</timestamp>
			</report>
			<report>
				<misses>52900000</misses>
				<total>3</total>
				<timestamp>1587.576484</timestamp>
			</report>
			<report>
				<misses>53000000</misses>
				<total>1</total>
				<timestamp>1590.577628</timestamp>
			</report>
			<report>
				<misses>53100000</misses>
				<total>3</total>
				<timestamp>1593.578608</timestamp>
			</report>
			<report>
				<misses>53200000</misses>
				<total>1</total>
				<timestamp>1596.579897</timestamp>
			</report>
			<report>
				<misses>53300000</misses>
				<total>3</total>
				<timestamp>1599.580730</timestamp>
			</report>
			<report>
				<misses>53400000</misses>
				<total>3</total>
				<timestamp>1602.581935</timestamp>
			</report>
			<report>
				<misses>53500000</misses>
				<total>2</total>
				<timestamp>1605.583641</timestamp>
			</report>
			<report>
				<misses>53600000</misses>
				<total>2</total>
				<timestamp>1608.584874</timestamp>
			</report>
			<report>
				<misses>53700000</misses>
				<total>2</total>
				<timestamp>1611.586077</timestamp>
			</report>
			<report>
				<misses>53800000</misses>
				<total>2</total>
				<timestamp>1614.587056</timestamp>
			</report>
			<report>
				<misses>53900000</misses>
				<total>3</total>
				<timestamp>1617.587968</timestamp>
			</report>
			<report>
				<misses>54000000</misses>
				<total>2</total>
				<timestamp>1620.588755</timestamp>
			</report>
			<report>
				<misses>54100000</misses>
				<total>3</total>
				<timestamp>1623.589831</timestamp>
			</report>
			<report>
				<misses>54200000</misses>
				<total>4</total>
				<timestamp>1626.591331</timestamp>
			</report>
			<report>
				<misses>54300000</misses>
				<total>3</total>
				<timestamp>1629.592359</timestamp>
			</report>
			<report>
				<misses>54400000</misses>
				<total>1</total>
				<timestamp>1632.593081</timestamp>
			</report>
			<report>
				<misses>54500000</misses>
				<total>1</total>
				<timestamp>1635.593845</timestamp>
			</report>
			<report>
				<misses>54600000</misses>
				<total>3</total>
				<timestamp>1638.595182</timestamp>
			</report>
			<report>
				<misses>54700000</misses>
				<total>2</total>
				<timestamp>1641.596200</timestamp>
			</report>
			<report>
				<misses>54800000</misses>
				<total>2</total>
				<timestamp>1644.597268</timestamp>
			</report>
			<report>
				<misses>54900000</misses>
				<total>2</total>
				<timestamp>1647.598101</timestamp>
			</report>
			<report>
				<misses>55000000</misses>
				<total>3</total>
				<timestamp>1650.599662</timestamp>
			</report>
			<report>
				<misses>55100000</misses>
				<total>1</total>
				<timestamp>1653.600445</timestamp>
			</report>
			<report>
				<misses>55200000</misses>
				<total>1</total>
				<timestamp>1656.601622</timestamp>
			</report>
			<report>
				<misses>55300000</misses>
				<total>2</total>
				<timestamp>1659.603434</timestamp>
			</report>
			<report>
				<misses>55400000</misses>
				<total>2</total>
				<timestamp>1662.604562</timestamp>
			</report>
			<report>
				<misses>55500000</misses>
				<total>1</total>
				<timestamp>1665.605340</timestamp>
			</report>
			<report>
				<misses>55600000</misses>
				<total>1</total>
				<timestamp>1668.605965</timestamp>
			</report>
			<report>
				<misses>55700000</misses>
				<total>3</total>
				<timestamp>1671.607076</timestamp>
			</report>
			<report>
				<misses>55800000</misses>
				<total>2</total>
				<timestamp>1674.607817</timestamp>
			</report>
			<report>
				<misses>55900000</misses>
				<total>3</total>
				<timestamp>1677.608641</timestamp>
			</report>
			<report>
				<misses>56000000</misses>
				<total>1</total>
				<timestamp>1680.609569</timestamp>
			</report>
			<report>
				<misses>56100000</misses>
				<total>3</total>
				<timestamp>1683.610558</timestamp>
			</report>
			<report>
				<misses>56200000</misses>
				<total>2</total>
				<timestamp>1686.611396</timestamp>
			</report>
			<report>
				<misses>56300000</misses>
				<total>1</total>
				<timestamp>1689.612047</timestamp>
			</report>
			<report>
				<misses>56400000</misses>
				<total>3</total>
				<timestamp>1692.613158</timestamp>
			</report>
			<report>
				<misses>56500000</misses>
				<total>3</total>
				<timestamp>1695.614406</timestamp>
			</report>
			<report>
				<misses>56600000</misses>
				<total>1</total>
				<timestamp>1698.616026</timestamp>
			</report>
			<report>
				<misses>56700000</misses>
				<total>1</total>
				<timestamp>1701.616878</timestamp>
			</report>
			<report>
				<misses>56800000</misses>
				<total>2</total>
				<timestamp>1704.617754</timestamp>
			</report>
			<report>
				<misses>56900000</misses>
				<total>3</total>
				<timestamp>1707.619109</timestamp>
			</report>
			<report>
				<misses>57000000</misses>
				<total>3</total>
				<timestamp>1710.620214</timestamp>
			</report>
			<report>
				<misses>57100000</misses>
				<total>3</total>
				<timestamp>1713.621599</timestamp>
			</report>
			<report>
				<misses>57200000</misses>
				<total>2</total>
				<timestamp>1716.622870</timestamp>
			</report>
			<report>
				<misses>57300000</misses>
				<total>1</total>
				<timestamp>1719.623931</timestamp>
			</report>
			<report>
				<misses>57400000</misses>
				<total>1</total>
				<timestamp>1722.624882</timestamp>
			</report>
			<report>
				<misses>57500000</misses>
				<total>2</total>
				<timestamp>1725.626151</timestamp>
			</report>
			<report>
				<misses>57600000</misses>
				<total>3</total>
				<timestamp>1728.627171</timestamp>
			</report>
			<report>
				<misses>57700000</misses>
				<total>3</total>
				<timestamp>1731.629083</timestamp>
			</report>
			<report>
				<misses>57800000</misses>
				<total>3</total>
				<timestamp>1734.630404</timestamp>
			</report>
			<report>
				<misses>57900000</misses>
				<total>2</total>
				<timestamp>1737.631973</timestamp>
			</report>
			<report>
				<misses>58000000</misses>
				<total>2</total>
				<timestamp>1740.633092</timestamp>
			</report>
			<report>
				<misses>58100000</misses>
				<total>1</total>
				<timestamp>1743.633772</timestamp>
			</report>
			<report>
				<misses>58200000</misses>
				<total>2</total>
				<timestamp>1746.634982</timestamp>
			</report>
			<report>
				<misses>58300000</misses>
				<total>3</total>
				<timestamp>1749.635877</timestamp>
			</report>
			<report>
				<misses>58400000</misses>
				<total>3</total>
				<timestamp>1752.637021</timestamp>
			</report>
			<report>
				<misses>58500000</misses>
				<total>2</total>
				<timestamp>1755.637705</timestamp>
			</report>
			<report>
				<misses>58600000</misses>
				<total>2</total>
				<timestamp>1758.638453</timestamp>
			</report>
			<report>
				<misses>58700000</misses>
				<total>1</total>
				<timestamp>1761.639263</timestamp>
			</report>
			<report>
				<misses>58800000</misses>
				<total>3</total>
				<timestamp>1764.640138</timestamp>
			</report>
			<report>
				<misses>58900000</misses>
				<total>3</total>
				<timestamp>1767.641395</timestamp>
			</report>
			<report>
				<misses>59000000</misses>
				<total>2</total>
				<timestamp>1770.642603</timestamp>
			</report>
			<report>
				<misses>59100000</misses>
				<total>2</total>
				<timestamp>1773.643620</timestamp>
			</report>
			<report>
				<misses>59200000</misses>
				<total>4</total>
				<timestamp>1776.644575</timestamp>
			</report>
			<report>
				<misses>59300000</misses>
				<total>3</total>
				<timestamp>1779.645859</timestamp>
			</report>
			<report>
				<misses>59400000</misses>
				<total>3</total>
				<timestamp>1782.647237</timestamp>
			</report>
			<report>
				<misses>59500000</misses>
				<total>2</total>
				<timestamp>1785.648740</timestamp>
			</report>
			<report>
				<misses>59600000</misses>
				<total>1</total>
				<timestamp>1788.649864</timestamp>
			</report>
			<report>
				<misses>59700000</misses>
				<total>1</total>
				<timestamp>1791.651233</timestamp>
			</report>
			<report>
				<misses>59800000</misses>
				<total>1</total>
				<timestamp>1794.652118</timestamp>
			</report>
			<report>
				<misses>59900000</misses>
				<total>2</total>
				<timestamp>1797.653311</timestamp>
			</report>
			<report>
				<misses>60000000</misses>
				<total>3</total>
				<timestamp>1800.654331</timestamp>
			</report>
			<report>
				<misses>60100000</misses>
				<total>3</total>
				<timestamp>1803.655621</timestamp>
			</report>
			<report>
				<misses>60200000</misses>
				<total>4</total>
				<timestamp>1806.656616</timestamp>
			</report>
			<report>
				<misses>60300000</misses>
				<total>3</total>
				<timestamp>1809.657808</timestamp>
			</report>
			<report>
				<misses>60400000</misses>
				<total>2</total>
				<timestamp>1812.658798</timestamp>
			</report>
			<report>
				<misses>60500000</misses>
				<total>1</total>
				<timestamp>1815.659652</timestamp>
			</report>
			<report>
				<misses>60600000</misses>
				<total>2</total>
				<timestamp>1818.661011</timestamp>
			</report>
			<report>
				<misses>60700000</misses>
				<total>1</total>
				<timestamp>1821.662150</timestamp>
			</report>
			<report>
				<misses>60800000</misses>
				<total>1</total>
				<timestamp>1824.663720</timestamp>
			</report>
			<report>
				<misses>60900000</misses>
				<total>2</total>
				<timestamp>1827.664495</timestamp>
			</report>
			<report>
				<misses>61000000</misses>
				<total>1</total>
				<timestamp>1830.665374</timestamp>
			</report>
			<report>
				<misses>61100000</misses>
				<total>2</total>
				<timestamp>1833.666234</timestamp>
			</report>
			<report>
				<misses>61200000</misses>
				<total>2</total>
				<timestamp>1836.667581</timestamp>
			</report>
			<report>
				<misses>61300000</misses>
				<total>1</total>
				<timestamp>1839.668692</timestamp>
			</report>
			<report>
				<misses>61400000</misses>
				<total>2</total>
				<timestamp>1842.669768</timestamp>
			</report>
			<report>
				<misses>61500000</misses>
				<total>2</total>
				<timestamp>1845.671129</timestamp>
			</report>
			<report>
				<misses>61600000</misses>
				<total>1</total>
				<timestamp>1848.671845</timestamp>
			</report>
			<report>
				<misses>61700000</misses>
				<total>3</total>
				<timestamp>1851.673344</timestamp>
			</report>
			<report>
				<misses>61800000</misses>
				<total>3</total>
				<timestamp>1854.674531</timestamp>
			</report>
			<report>
				<misses>61900000</misses>
				<total>3</total>
				<timestamp>1857.675761</timestamp>
			</report>
			<report>
				<misses>62000000</misses>
				<total>4</total>
				<timestamp>1860.676671</timestamp>
			</report>
			<report>
				<misses>62100000</misses>
				<total>4</total>
				<timestamp>1863.677667</timestamp>
			</report>
			<report>
				<misses>62200000</misses>
				<total>2</total>
				<timestamp>1866.678754</timestamp>
			</report>
			<report>
				<misses>62300000</misses>
				<total>3</total>
				<timestamp>1869.679889</timestamp>
			</report>
			<report>
				<misses>62400000</misses>
				<total>2</total>
				<timestamp>1872.681357</timestamp>
			</report>
			<report>
				<misses>62500000</misses>
				<total>2</total>
				<timestamp>1875.682172</timestamp>
			</report>
			<report>
				<misses>62600000</misses>
				<total>4</total>
				<timestamp>1878.683272</timestamp>
			</report>
			<report>
				<misses>62700000</misses>
				<total>3</total>
				<timestamp>1881.684656</timestamp>
			</report>
			<report>
				<misses>62800000</misses>
				<total>2</total>
				<timestamp>1884.685526</timestamp>
			</report>
			<report>
				<misses>62900000</misses>
				<total>2</total>
				<timestamp>1887.686752</timestamp>
			</report>
			<report>
				<misses>63000000</misses>
				<total>3</total>
				<timestamp>1890.687690</timestamp>
			</report>
			<report>
				<misses>63100000</misses>
				<total>2</total>
				<timestamp>1893.688705</timestamp>
			</report>
			<report>
				<misses>63200000</misses>
				<total>4</total>
				<timestamp>1896.689813</timestamp>
			</report>
			<report>
				<misses>63300000</misses>
				<total>4</total>
				<timestamp>1899.691353</timestamp>
			</report>
			<report>
				<misses>63400000</misses>
				<total>3</total>
				<timestamp>1902.692032</timestamp>
			</report>
			<report>
				<misses>63500000</misses>
				<total>3</total>
				<timestamp>1905.692815</timestamp>
			</report>
			<report>
				<misses>63600000</misses>
				<total>4</total>
				<timestamp>1908.693686</timestamp>
			</report>
			<report>
				<misses>63700000</misses>
				<total>1</total>
				<timestamp>1911.694979</timestamp>
			</report>
			<report>
				<misses>63800000</misses>
				<total>4</total>
				<timestamp>1914.696507</timestamp>
			</report>
			<report>
				<misses>63900000</misses>
				<total>1</total>
				<timestamp>1917.697281</timestamp>
			</report>
			<report>
				<misses>64000000</misses>
				<total>3</total>
				<timestamp>1920.698369</timestamp>
			</report>
			<report>
				<misses>64100000</misses>
				<total>2</total>
				<timestamp>1923.699440</timestamp>
			</report>
			<report>
				<misses>64200000</misses>
				<total>1</total>
				<timestamp>1926.700947</timestamp>
			</report>
			<report>
				<misses>64300000</misses>
				<total>3</total>
				<timestamp>1929.701785</timestamp>
			</report>
			<report>
				<misses>64400000</misses>
				<total>2</total>
				<timestamp>1932.702739</timestamp>
			</report>
			<report>
				<misses>64500000</misses>
				<total>1</total>
				<timestamp>1935.703608</timestamp>
			</report>
			<report>
				<misses>64600000</misses>
				<total>3</total>
				<timestamp>1938.704752</timestamp>
			</report>
			<report>
				<misses>64700000</misses>
				<total>2</total>
				<timestamp>1941.706172</timestamp>
			</report>
			<report>
				<misses>64800000</misses>
				<total>1</total>
				<timestamp>1944.707303</timestamp>
			</report>
			<report>
				<misses>64900000</misses>
				<total>3</total>
				<timestamp>1947.708235</timestamp>
			</report>
			<report>
				<misses>65000000</misses>
				<total>2</total>
				<timestamp>1950.709376</timestamp>
			</report>
			<report>
				<misses>65100000</misses>
				<total>1</total>
				<timestamp>1953.710509</timestamp>
			</report>
			<report>
				<misses>65200000</misses>
				<total>2</total>
				<timestamp>1956.711590</timestamp>
			</report>
			<report>
				<misses>65300000</misses>
				<total>3</total>
				<timestamp>1959.712710</timestamp>
			</report>
			<report>
				<misses>65400000</misses>
				<total>1</total>
				<timestamp>1962.714089</timestamp>
			</report>
			<report>
				<misses>65500000</misses>
				<total>3</total>
				<timestamp>1965.715048</timestamp>
			</report>
			<report>
				<misses>65600000</misses>
				<total>4</total>
				<timestamp>1968.716057</timestamp>
			</report>
			<report>
				<misses>65700000</misses>
				<total>3</total>
				<timestamp>1971.717119</timestamp>
			</report>
			<report>
				<misses>65800000</misses>
				<total>2</total>
				<timestamp>1974.718235</timestamp>
			</report>
			<report>
				<misses>65900000</misses>
				<total>3</total>
				<timestamp>1977.719513</timestamp>
			</report>
			<report>
				<misses>66000000</misses>
				<total>2</total>
				<timestamp>1980.720392</timestamp>
			</report>
			<report>
				<misses>66100000</misses>
				<total>1</total>
				<timestamp>1983.721485</timestamp>
			</report>
			<report>
				<misses>66200000</misses>
				<total>3</total>
				<timestamp>1986.722556</timestamp>
			</report>
			<report>
				<misses>66300000</misses>
				<total>2</total>
				<timestamp>1989.723778</timestamp>
			</report>
			<report>
				<misses>66400000</misses>
				<total>1</total>
				<timestamp>1992.724795</timestamp>
			</report>
			<report>
				<misses>66500000</misses>
				<total>1</total>
				<timestamp>1995.726223</timestamp>
			</report>
			<report>
				<misses>66600000</misses>
				<total>1</total>
				<timestamp>1998.727138</timestamp>
			</report>
			<report>
				<misses>66700000</misses>
				<total>1</total>
				<timestamp>2001.728348</timestamp>
			</report>
			<report>
				<misses>66800000</misses>
				<total>1</total>
				<timestamp>2004.729900</timestamp>
			</report>
			<report>
				<misses>66900000</misses>
				<total>1</total>
				<timestamp>2007.731036</timestamp>
			</report>
			<report>
				<misses>67000000</misses>
				<total>3</total>
				<timestamp>2010.732314</timestamp>
			</report>
			<report>
				<misses>67100000</misses>
				<total>3</total>
				<timestamp>2013.733193</timestamp>
			</report>
			<report>
				<misses>67200000</misses>
				<total>1</total>
				<timestamp>2016.734247</timestamp>
			</report>
			<report>
				<misses>67300000</misses>
				<total>3</total>
				<timestamp>2019.735321</timestamp>
			</report>
			<report>
				<misses>67400000</misses>
				<total>2</total>
				<timestamp>2022.736407</timestamp>
			</report>
			<report>
				<misses>67500000</misses>
				<total>1</total>
				<timestamp>2025.737545</timestamp>
			</report>
			<report>
				<misses>67600000</misses>
				<total>1</total>
				<timestamp>2028.738897</timestamp>
			</report>
			<report>
				<misses>67700000</misses>
				<total>3</total>
				<timestamp>2031.739727</timestamp>
			</report>
			<report>
				<misses>67800000</misses>
				<total>3</total>
				<timestamp>2034.740488</timestamp>
			</report>
			<report>
				<misses>67900000</misses>
				<total>1</total>
				<timestamp>2037.741877</timestamp>
			</report>
			<report>
				<misses>68000000</misses>
				<total>3</total>
				<timestamp>2040.743291</timestamp>
			</report>
			<report>
				<misses>68100000</misses>
				<total>3</total>
				<timestamp>2043.744508</timestamp>
			</report>
			<report>
				<misses>68200000</misses>
				<total>3</total>
				<timestamp>2046.745587</timestamp>
			</report>
			<report>
				<misses>68300000</misses>
				<total>3</total>
				<timestamp>2049.746930</timestamp>
			</report>
			<report>
				<misses>68400000</misses>
				<total>2</total>
				<timestamp>2052.748106</timestamp>
			</report>
			<report>
				<misses>68500000</misses>
				<total>2</total>
				<timestamp>2055.748677</timestamp>
			</report>
			<report>
				<misses>68600000</misses>
				<total>2</total>
				<timestamp>2058.750165</timestamp>
			</report>
			<report>
				<misses>68700000</misses>
				<total>3</total>
				<timestamp>2061.751226</timestamp>
			</report>
			<report>
				<misses>68800000</misses>
				<total>2</total>
				<timestamp>2064.752401</timestamp>
			</report>
			<report>
				<misses>68900000</misses>
				<total>1</total>
				<timestamp>2067.753564</timestamp>
			</report>
			<report>
				<misses>69000000</misses>
				<total>3</total>
				<timestamp>2070.754172</timestamp>
			</report>
			<report>
				<misses>69100000</misses>
				<total>3</total>
				<timestamp>2073.755252</timestamp>
			</report>
			<report>
				<misses>69200000</misses>
				<total>1</total>
				<timestamp>2076.756631</timestamp>
			</report>
			<report>
				<misses>69300000</misses>
				<total>1</total>
				<timestamp>2079.758209</timestamp>
			</report>
			<report>
				<misses>69400000</misses>
				<total>1</total>
				<timestamp>2082.759462</timestamp>
			</report>
			<report>
				<misses>69500000</misses>
				<total>3</total>
				<timestamp>2085.760576</timestamp>
			</report>
			<report>
				<misses>69600000</misses>
				<total>2</total>
				<timestamp>2088.761206</timestamp>
			</report>
			<report>
				<misses>69700000</misses>
				<total>2</total>
				<timestamp>2091.762262</timestamp>
			</report>
			<report>
				<misses>69800000</misses>
				<total>3</total>
				<timestamp>2094.763560</timestamp>
			</report>
			<report>
				<misses>69900000</misses>
				<total>3</total>
				<timestamp>2097.764621</timestamp>
			</report>
			<report>
				<misses>70000000</misses>
				<total>1</total>
				<timestamp>2100.765326</timestamp>
			</report>
			<report>
				<misses>70100000</misses>
				<total>1</total>
				<timestamp>2103.766389</timestamp>
			</report>
			<report>
				<misses>70200000</misses>
				<total>1</total>
				<timestamp>2106.767275</timestamp>
			</report>
			<report>
				<misses>70300000</misses>
				<total>2</total>
				<timestamp>2109.768117</timestamp>
			</report>
			<report>
				<misses>70400000</misses>
				<total>1</total>
				<timestamp>2112.769120</timestamp>
			</report>
			<report>
				<misses>70500000</misses>
				<total>2</total>
				<timestamp>2115.770064</timestamp>
			</report>
			<report>
				<misses>70600000</misses>
				<total>2</total>
				<timestamp>2118.770968</timestamp>
			</report>
			<report>
				<misses>70700000</misses>
				<total>2</total>
				<timestamp>2121.771930</timestamp>
			</report>
			<report>
				<misses>70800000</misses>
				<total>2</total>
				<timestamp>2124.772968</timestamp>
			</report>
			<report>
				<misses>70900000</misses>
				<total>1</total>
				<timestamp>2127.774149</timestamp>
			</report>
			<report>
				<misses>71000000</misses>
				<total>2</total>
				<timestamp>2130.775126</timestamp>
			</report>
			<report>
				<misses>71100000</misses>
				<total>2</total>
				<timestamp>2133.776736</timestamp>
			</report>
			<report>
				<misses>71200000</misses>
				<total>4</total>
				<timestamp>2136.777668</timestamp>
			</report>
			<report>
				<misses>71300000</misses>
				<total>4</total>
				<timestamp>2139.778648</timestamp>
			</report>
			<report>
				<misses>71400000</misses>
				<total>2</total>
				<timestamp>2142.779394</timestamp>
			</report>
			<report>
				<misses>71500000</misses>
				<total>3</total>
				<timestamp>2145.780537</timestamp>
			</report>
			<report>
				<misses>71600000</misses>
				<total>2</total>
				<timestamp>2148.781401</timestamp>
			</report>
			<report>
				<misses>71700000</misses>
				<total>3</total>
				<timestamp>2151.782098</timestamp>
			</report>
			<report>
				<misses>71800000</misses>
				<total>3</total>
				<timestamp>2154.783290</timestamp>
			</report>
			<report>
				<misses>71900000</misses>
				<total>4</total>
				<timestamp>2157.784318</timestamp>
			</report>
			<report>
				<misses>72000000</misses>
				<total>2</total>
				<timestamp>2160.785276</timestamp>
			</report>
			<report>
				<misses>72100000</misses>
				<total>2</total>
				<timestamp>2163.786022</timestamp>
			</report>
			<report>
				<misses>72200000</misses>
				<total>2</total>
				<timestamp>2166.787174</timestamp>
			</report>
			<report>
				<misses>72300000</misses>
				<total>1</total>
				<timestamp>2169.787942</timestamp>
			</report>
			<report>
				<misses>72400000</misses>
				<total>2</total>
				<timestamp>2172.788652</timestamp>
			</report>
			<report>
				<misses>72500000</misses>
				<total>1</total>
				<timestamp>2175.789943</timestamp>
			</report>
			<report>
				<misses>72600000</misses>
				<total>3</total>
				<timestamp>2178.790949</timestamp>
			</report>
			<report>
				<misses>72700000</misses>
				<total>3</total>
				<timestamp>2181.791830</timestamp>
			</report>
			<report>
				<misses>72800000</misses>
				<total>1</total>
				<timestamp>2184.792653</timestamp>
			</report>
			<report>
				<misses>72900000</misses>
				<total>3</total>
				<timestamp>2187.794008</timestamp>
			</report>
			<report>
				<misses>73000000</misses>
				<total>1</total>
				<timestamp>2190.794928</timestamp>
			</report>
			<report>
				<misses>73100000</misses>
				<total>1</total>
				<timestamp>2193.795944</timestamp>
			</report>
			<report>
				<misses>73200000</misses>
				<total>2</total>
				<timestamp>2196.796581</timestamp>
			</report>
			<report>
				<misses>73300000</misses>
				<total>3</total>
				<timestamp>2199.797710</timestamp>
			</report>
			<report>
				<misses>73400000</misses>
				<total>3</total>
				<timestamp>2202.798778</timestamp>
			</report>
			<report>
				<misses>73500000</misses>
				<total>1</total>
				<timestamp>2205.800075</timestamp>
			</report>
			<report>
				<misses>73600000</misses>
				<total>3</total>
				<timestamp>2208.801478</timestamp>
			</report>
			<report>
				<misses>73700000</misses>
				<total>3</total>
				<timestamp>2211.802429</timestamp>
			</report>
			<report>
				<misses>73800000</misses>
				<total>2</total>
				<timestamp>2214.803427</timestamp>
			</report>
			<report>
				<misses>73900000</misses>
				<total>1</total>
				<timestamp>2217.804315</timestamp>
			</report>
			<report>
				<misses>74000000</misses>
				<total>4</total>
				<timestamp>2220.804863</timestamp>
			</report>
			<report>
				<misses>74100000</misses>
				<total>1</total>
				<timestamp>2223.806008</timestamp>
			</report>
			<report>
				<misses>74200000</misses>
				<total>3</total>
				<timestamp>2226.806941</timestamp>
			</report>
			<report>
				<misses>74300000</misses>
				<total>2</total>
				<timestamp>2229.807693</timestamp>
			</report>
			<report>
				<misses>74400000</misses>
				<total>2</total>
				<timestamp>2232.808980</timestamp>
			</report>
			<report>
				<misses>74500000</misses>
				<total>1</total>
				<timestamp>2235.810560</timestamp>
			</report>
			<report>
				<misses>74600000</misses>
				<total>3</total>
				<timestamp>2238.811520</timestamp>
			</report>
			<report>
				<misses>74700000</misses>
				<total>2</total>
				<timestamp>2241.812471</timestamp>
			</report>
			<report>
				<misses>74800000</misses>
				<total>1</total>
				<timestamp>2244.813390</timestamp>
			</report>
			<report>
				<misses>74900000</misses>
				<total>4</total>
				<timestamp>2247.814196</timestamp>
			</report>
			<report>
				<misses>75000000</misses>
				<total>2</total>
				<timestamp>2250.815059</timestamp>
			</report>
			<report>
				<misses>75100000</misses>
				<total>2</total>
				<timestamp>2253.815895</timestamp>
			</report>
			<report>
				<misses>75200000</misses>
				<total>3</total>
				<timestamp>2256.817097</timestamp>
			</report>
			<report>
				<misses>75300000</misses>
				<total>3</total>
				<timestamp>2259.819022</timestamp>
			</report>
			<report>
				<misses>75400000</misses>
				<total>3</total>
				<timestamp>2262.820403</timestamp>
			</report>
			<report>
				<misses>75500000</misses>
				<total>2</total>
				<timestamp>2265.821968</timestamp>
			</report>
			<report>
				<misses>75600000</misses>
				<total>1</total>
				<timestamp>2268.823269</timestamp>
			</report>
			<report>
				<misses>75700000</misses>
				<total>1</total>
				<timestamp>2271.824295</timestamp>
			</report>
			<report>
				<misses>75800000</misses>
				<total>3</total>
				<timestamp>2274.825295</timestamp>
			</report>
			<report>
				<misses>75900000</misses>
				<total>4</total>
				<timestamp>2277.826286</timestamp>
			</report>
			<report>
				<misses>76000000</misses>
				<total>3</total>
				<timestamp>2280.827667</timestamp>
			</report>
			<report>
				<misses>76100000</misses>
				<total>3</total>
				<timestamp>2283.828534</timestamp>
			</report>
			<report>
				<misses>76200000</misses>
				<total>4</total>
				<timestamp>2286.829318</timestamp>
			</report>
			<report>
				<misses>76300000</misses>
				<total>3</total>
				<timestamp>2289.830210</timestamp>
			</report>
			<report>
				<misses>76400000</misses>
				<total>2</total>
				<timestamp>2292.831259</timestamp>
			</report>
			<report>
				<misses>76500000</misses>
				<total>3</total>
				<timestamp>2295.832295</timestamp>
			</report>
			<report>
				<misses>76600000</misses>
				<total>2</total>
				<timestamp>2298.833341</timestamp>
			</report>
			<report>
				<misses>76700000</misses>
				<total>2</total>
				<timestamp>2301.834509</timestamp>
			</report>
			<report>
				<misses>76800000</misses>
				<total>3</total>
				<timestamp>2304.835582</timestamp>
			</report>
			<report>
				<misses>76900000</misses>
				<total>4</total>
				<timestamp>2307.836660</timestamp>
			</report>
			<report>
				<misses>77000000</misses>
				<total>1</total>
				<timestamp>2310.838016</timestamp>
			</report>
			<report>
				<misses>77100000</misses>
				<total>2</total>
				<timestamp>2313.838777</timestamp>
			</report>
			<report>
				<misses>77200000</misses>
				<total>2</total>
				<timestamp>2316.839907</timestamp>
			</report>
			<report>
				<misses>77300000</misses>
				<total>1</total>
				<timestamp>2319.840996</timestamp>
			</report>
			<report>
				<misses>77400000</misses>
				<total>3</total>
				<timestamp>2322.841712</timestamp>
			</report>
			<report>
				<misses>77500000</misses>
				<total>3</total>
				<timestamp>2325.842932</timestamp>
			</report>
			<report>
				<misses>77600000</misses>
				<total>3</total>
				<timestamp>2328.843691</timestamp>
			</report>
			<report>
				<misses>77700000</misses>
				<total>3</total>
				<timestamp>2331.844721</timestamp>
			</report>
			<report>
				<misses>77800000</misses>
				<total>3</total>
				<timestamp>2334.845297</timestamp>
			</report>
			<report>
				<misses>77900000</misses>
				<total>3</total>
				<timestamp>2337.846536</timestamp>
			</report>
			<report>
				<misses>78000000</misses>
				<total>2</total>
				<timestamp>2340.847556</timestamp>
			</report>
			<report>
				<misses>78100000</misses>
				<total>1</total>
				<timestamp>2343.848728</timestamp>
			</report>
			<report>
				<misses>78200000</misses>
				<total>2</total>
				<timestamp>2346.849698</timestamp>
			</report>
			<report>
				<misses>78300000</misses>
				<total>1</total>
				<timestamp>2349.851051</timestamp>
			</report>
			<report>
				<misses>78400000</misses>
				<total>3</total>
				<timestamp>2352.852080</timestamp>
			</report>
			<report>
				<misses>78500000</misses>
				<total>2</total>
				<timestamp>2355.852958</timestamp>
			</report>
			<report>
				<misses>78600000</misses>
				<total>2</total>
				<timestamp>2358.853703</timestamp>
			</report>
			<report>
				<misses>78700000</misses>
				<total>3</total>
				<timestamp>2361.854374</timestamp>
			</report>
			<report>
				<misses>78800000</misses>
				<total>3</total>
				<timestamp>2364.855420</timestamp>
			</report>
			<report>
				<misses>78900000</misses>
				<total>2</total>
				<timestamp>2367.856286</timestamp>
			</report>
			<report>
				<misses>79000000</misses>
				<total>2</total>
				<timestamp>2370.857391</timestamp>
			</report>
			<report>
				<misses>79100000</misses>
				<total>1</total>
				<timestamp>2373.858697</timestamp>
			</report>
			<report>
				<misses>79200000</misses>
				<total>1</total>
				<timestamp>2376.859586</timestamp>
			</report>
			<report>
				<misses>79300000</misses>
				<total>2</total>
				<timestamp>2379.860925</timestamp>
			</report>
			<report>
				<misses>79400000</misses>
				<total>2</total>
				<timestamp>2382.861737</timestamp>
			</report>
			<report>
				<misses>79500000</misses>
				<total>3</total>
				<timestamp>2385.862534</timestamp>
			</report>
			<report>
				<misses>79600000</misses>
				<total>2</total>
				<timestamp>2388.863436</timestamp>
			</report>
			<report>
				<misses>79700000</misses>
				<total>1</total>
				<timestamp>2391.864601</timestamp>
			</report>
			<report>
				<misses>79800000</misses>
				<total>2</total>
				<timestamp>2394.865707</timestamp>
			</report>
			<report>
				<misses>79900000</misses>
				<total>3</total>
				<timestamp>2397.867147</timestamp>
			</report>
			<report>
				<misses>80000000</misses>
				<total>4</total>
				<timestamp>2400.868436</timestamp>
			</report>
			<report>
				<misses>80100000</misses>
				<total>1</total>
				<timestamp>2403.869340</timestamp>
			</report>
			<report>
				<misses>80200000</misses>
				<total>2</total>
				<timestamp>2406.870113</timestamp>
			</report>
			<report>
				<misses>80300000</misses>
				<total>2</total>
				<timestamp>2409.871138</timestamp>
			</report>
			<report>
				<misses>80400000</misses>
				<total>3</total>
				<timestamp>2412.872270</timestamp>
			</report>
			<report>
				<misses>80500000</misses>
				<total>1</total>
				<timestamp>2415.873329</timestamp>
			</report>
			<report>
				<misses>80600000</misses>
				<total>3</total>
				<timestamp>2418.874577</timestamp>
			</report>
			<report>
				<misses>80700000</misses>
				<total>1</total>
				<timestamp>2421.875690</timestamp>
			</report>
			<report>
				<misses>80800000</misses>
				<total>1</total>
				<timestamp>2424.876505</timestamp>
			</report>
			<report>
				<misses>80900000</misses>
				<total>2</total>
				<timestamp>2427.877467</timestamp>
			</report>
			<report>
				<misses>81000000</misses>
				<total>1</total>
				<timestamp>2430.878463</timestamp>
			</report>
			<report>
				<misses>81100000</misses>
				<total>1</total>
				<timestamp>2433.879172</timestamp>
			</report>
			<report>
				<misses>81200000</misses>
				<total>2</total>
				<timestamp>2436.880192</timestamp>
			</report>
			<report>
				<misses>81300000</misses>
				<total>3</total>
				<timestamp>2439.881179</timestamp>
			</report>
			<report>
				<misses>81400000</misses>
				<total>0</total>
				<timestamp>2442.882535</timestamp>
			</report>
			<report>
				<misses>81500000</misses>
				<total>1</total>
				<timestamp>2445.883552</timestamp>
			</report>
			<report>
				<misses>81600000</misses>
				<total>2</total>
				<timestamp>2448.884689</timestamp>
			</report>
			<report>
				<misses>81700000</misses>
				<total>1</total>
				<timestamp>2451.885601</timestamp>
			</report>
			<report>
				<misses>81800000</misses>
				<total>2</total>
				<timestamp>2454.886371</timestamp>
			</report>
			<report>
				<misses>81900000</misses>
				<total>3</total>
				<timestamp>2457.887279</timestamp>
			</report>
			<report>
				<misses>82000000</misses>
				<total>1</total>
				<timestamp>2460.888597</timestamp>
			</report>
			<report>
				<misses>82100000</misses>
				<total>1</total>
				<timestamp>2463.889699</timestamp>
			</report>
			<report>
				<misses>82200000</misses>
				<total>3</total>
				<timestamp>2466.890519</timestamp>
			</report>
			<report>
				<misses>82300000</misses>
				<total>4</total>
				<timestamp>2469.891650</timestamp>
			</report>
			<report>
				<misses>82400000</misses>
				<total>3</total>
				<timestamp>2472.892566</timestamp>
			</report>
			<report>
				<misses>82500000</misses>
				<total>2</total>
				<timestamp>2475.893783</timestamp>
			</report>
			<report>
				<misses>82600000</misses>
				<total>2</total>
				<timestamp>2478.894691</timestamp>
			</report>
			<report>
				<misses>82700000</misses>
				<total>1</total>
				<timestamp>2481.895435</timestamp>
			</report>
			<report>
				<misses>82800000</misses>
				<total>1</total>
				<timestamp>2484.896636</timestamp>
			</report>
			<report>
				<misses>82900000</misses>
				<total>4</total>
				<timestamp>2487.897635</timestamp>
			</report>
			<report>
				<misses>83000000</misses>
				<total>3</total>
				<timestamp>2490.898842</timestamp>
			</report>
			<report>
				<misses>83100000</misses>
				<total>3</total>
				<timestamp>2493.900085</timestamp>
			</report>
			<report>
				<misses>83200000</misses>
				<total>3</total>
				<timestamp>2496.901253</timestamp>
			</report>
			<report>
				<misses>83300000</misses>
				<total>2</total>
				<timestamp>2499.902999</timestamp>
			</report>
			<report>
				<misses>83400000</misses>
				<total>2</total>
				<timestamp>2502.904322</timestamp>
			</report>
			<report>
				<misses>83500000</misses>
				<total>1</total>
				<timestamp>2505.905698</timestamp>
			</report>
			<report>
				<misses>83600000</misses>
				<total>1</total>
				<timestamp>2508.906643</timestamp>
			</report>
			<report>
				<misses>83700000</misses>
				<total>1</total>
				<timestamp>2511.908043</timestamp>
			</report>
			<report>
				<misses>83800000</misses>
				<total>2</total>
				<timestamp>2514.909088</timestamp>
			</report>
			<report>
				<misses>83900000</misses>
				<total>1</total>
				<timestamp>2517.910276</timestamp>
			</report>
			<report>
				<misses>84000000</misses>
				<total>1</total>
				<timestamp>2520.911631</timestamp>
			</report>
			<report>
				<misses>84100000</misses>
				<total>1</total>
				<timestamp>2523.912323</timestamp>
			</report>
			<report>
				<misses>84200000</misses>
				<total>2</total>
				<timestamp>2526.913203</timestamp>
			</report>
			<report>
				<misses>84300000</misses>
				<total>1</total>
				<timestamp>2529.914064</timestamp>
			</report>
			<report>
				<misses>84400000</misses>
				<total>2</total>
				<timestamp>2532.915095</timestamp>
			</report>
			<report>
				<misses>84500000</misses>
				<total>1</total>
				<timestamp>2535.916559</timestamp>
			</report>
			<report>
				<misses>84600000</misses>
				<total>2</total>
				<timestamp>2538.917275</timestamp>
			</report>
			<report>
				<misses>84700000</misses>
				<total>2</total>
				<timestamp>2541.918063</timestamp>
			</report>
			<report>
				<misses>84800000</misses>
				<total>2</total>
				<timestamp>2544.919107</timestamp>
			</report>
			<report>
				<misses>84900000</misses>
				<total>3</total>
				<timestamp>2547.920183</timestamp>
			</report>
			<report>
				<misses>85000000</misses>
				<total>2</total>
				<timestamp>2550.921470</timestamp>
			</report>
			<report>
				<misses>85100000</misses>
				<total>1</total>
				<timestamp>2553.922799</timestamp>
			</report>
			<report>
				<misses>85200000</misses>
				<total>2</total>
				<timestamp>2556.923588</timestamp>
			</report>
			<report>
				<misses>85300000</misses>
				<total>3</total>
				<timestamp>2559.924170</timestamp>
			</report>
			<report>
				<misses>85400000</misses>
				<total>2</total>
				<timestamp>2562.925492</timestamp>
			</report>
			<report>
				<misses>85500000</misses>
				<total>3</total>
				<timestamp>2565.927108</timestamp>
			</report>
			<report>
				<misses>85600000</misses>
				<total>3</total>
				<timestamp>2568.928169</timestamp>
			</report>
			<report>
				<misses>85700000</misses>
				<total>1</total>
				<timestamp>2571.929400</timestamp>
			</report>
			<report>
				<misses>85800000</misses>
				<total>4</total>
				<timestamp>2574.931237</timestamp>
			</report>
			<report>
				<misses>85900000</misses>
				<total>1</total>
				<timestamp>2577.932005</timestamp>
			</report>
			<report>
				<misses>86000000</misses>
				<total>2</total>
				<timestamp>2580.933360</timestamp>
			</report>
			<report>
				<misses>86100000</misses>
				<total>1</total>
				<timestamp>2583.934439</timestamp>
			</report>
			<report>
				<misses>86200000</misses>
				<total>0</total>
				<timestamp>2586.935573</timestamp>
			</report>
			<report>
				<misses>86300000</misses>
				<total>3</total>
				<timestamp>2589.936454</timestamp>
			</report>
			<report>
				<misses>86400000</misses>
				<total>2</total>
				<timestamp>2592.937257</timestamp>
			</report>
			<report>
				<misses>86500000</misses>
				<total>4</total>
				<timestamp>2595.938097</timestamp>
			</report>
			<report>
				<misses>86600000</misses>
				<total>1</total>
				<timestamp>2598.939028</timestamp>
			</report>
			<report>
				<misses>86700000</misses>
				<total>2</total>
				<timestamp>2601.939984</timestamp>
			</report>
			<report>
				<misses>86800000</misses>
				<total>2</total>
				<timestamp>2604.940971</timestamp>
			</report>
			<report>
				<misses>86900000</misses>
				<total>4</total>
				<timestamp>2607.941673</timestamp>
			</report>
			<report>
				<misses>87000000</misses>
				<total>2</total>
				<timestamp>2610.942988</timestamp>
			</report>
			<report>
				<misses>87100000</misses>
				<total>2</total>
				<timestamp>2613.943935</timestamp>
			</report>
			<report>
				<misses>87200000</misses>
				<total>3</total>
				<timestamp>2616.944634</timestamp>
			</report>
			<report>
				<misses>87300000</misses>
				<total>2</total>
				<timestamp>2619.945416</timestamp>
			</report>
			<report>
				<misses>87400000</misses>
				<total>2</total>
				<timestamp>2622.946562</timestamp>
			</report>
			<report>
				<misses>87500000</misses>
				<total>3</total>
				<timestamp>2625.948159</timestamp>
			</report>
			<report>
				<misses>87600000</misses>
				<total>3</total>
				<timestamp>2628.949492</timestamp>
			</report>
			<report>
				<misses>87700000</misses>
				<total>1</total>
				<timestamp>2631.950060</timestamp>
			</report>
			<report>
				<misses>87800000</misses>
				<total>2</total>
				<timestamp>2634.951063</timestamp>
			</report>
			<report>
				<misses>87900000</misses>
				<total>2</total>
				<timestamp>2637.952137</timestamp>
			</report>
			<report>
				<misses>88000000</misses>
				<total>3</total>
				<timestamp>2640.953576</timestamp>
			</report>
			<report>
				<misses>88100000</misses>
				<total>1</total>
				<timestamp>2643.954763</timestamp>
			</report>
			<report>
				<misses>88200000</misses>
				<total>4</total>
				<timestamp>2646.956685</timestamp>
			</report>
			<report>
				<misses>88300000</misses>
				<total>3</total>
				<timestamp>2649.958047</timestamp>
			</report>
			<report>
				<misses>88400000</misses>
				<total>1</total>
				<timestamp>2652.959332</timestamp>
			</report>
			<report>
				<misses>88500000</misses>
				<total>1</total>
				<timestamp>2655.960155</timestamp>
			</report>
			<report>
				<misses>88600000</misses>
				<total>3</total>
				<timestamp>2658.961387</timestamp>
			</report>
			<report>
				<misses>88700000</misses>
				<total>3</total>
				<timestamp>2661.962813</timestamp>
			</report>
			<report>
				<misses>88800000</misses>
				<total>2</total>
				<timestamp>2664.964308</timestamp>
			</report>
			<report>
				<misses>88900000</misses>
				<total>3</total>
				<timestamp>2667.965568</timestamp>
			</report>
			<report>
				<misses>89000000</misses>
				<total>3</total>
				<timestamp>2670.966658</timestamp>
			</report>
			<report>
				<misses>89100000</misses>
				<total>2</total>
				<timestamp>2673.967821</timestamp>
			</report>
			<report>
				<misses>89200000</misses>
				<total>2</total>
				<timestamp>2676.968957</timestamp>
			</report>
			<report>
				<misses>89300000</misses>
				<total>3</total>
				<timestamp>2679.969926</timestamp>
			</report>
			<report>
				<misses>89400000</misses>
				<total>2</total>
				<timestamp>2682.971004</timestamp>
			</report>
			<report>
				<misses>89500000</misses>
				<total>3</total>
				<timestamp>2685.972210</timestamp>
			</report>
			<report>
				<misses>89600000</misses>
				<total>2</total>
				<timestamp>2688.973265</timestamp>
			</report>
			<report>
				<misses>89700000</misses>
				<total>4</total>
				<timestamp>2691.974076</timestamp>
			</report>
			<report>
				<misses>89800000</misses>
				<total>2</total>
				<timestamp>2694.975265</timestamp>
			</report>
			<report>
				<misses>89900000</misses>
				<total>2</total>
				<timestamp>2697.976258</timestamp>
			</report>
			<report>
				<misses>90000000</misses>
				<total>4</total>
				<timestamp>2700.977355</timestamp>
			</report>
			<report>
				<misses>90100000</misses>
				<total>3</total>
				<timestamp>2703.978510</timestamp>
			</report>
			<report>
				<misses>90200000</misses>
				<total>3</total>
				<timestamp>2706.979527</timestamp>
			</report>
			<report>
				<misses>90300000</misses>
				<total>4</total>
				<timestamp>2709.980490</timestamp>
			</report>
			<report>
				<misses>90400000</misses>
				<total>1</total>
				<timestamp>2712.981236</timestamp>
			</report>
			<report>
				<misses>90500000</misses>
				<total>2</total>
				<timestamp>2715.982758</timestamp>
			</report>
			<report>
				<misses>90600000</misses>
				<total>2</total>
				<timestamp>2718.983520</timestamp>
			</report>
			<report>
				<misses>90700000</misses>
				<total>2</total>
				<timestamp>2721.984024</timestamp>
			</report>
			<report>
				<misses>90800000</misses>
				<total>2</total>
				<timestamp>2724.984955</timestamp>
			</report>
			<report>
				<misses>90900000</misses>
				<total>3</total>
				<timestamp>2727.985710</timestamp>
			</report>
			<report>
				<misses>91000000</misses>
				<total>3</total>
				<timestamp>2730.986848</timestamp>
			</report>
			<report>
				<misses>91100000</misses>
				<total>2</total>
				<timestamp>2733.988104</timestamp>
			</report>
			<report>
				<misses>91200000</misses>
				<total>4</total>
				<timestamp>2736.989425</timestamp>
			</report>
			<report>
				<misses>91300000</misses>
				<total>2</total>
				<timestamp>2739.990446</timestamp>
			</report>
			<report>
				<misses>91400000</misses>
				<total>3</total>
				<timestamp>2742.991862</timestamp>
			</report>
			<report>
				<misses>91500000</misses>
				<total>3</total>
				<timestamp>2745.993137</timestamp>
			</report>
			<report>
				<misses>91600000</misses>
				<total>2</total>
				<timestamp>2748.994581</timestamp>
			</report>
			<report>
				<misses>91700000</misses>
				<total>1</total>
				<timestamp>2751.995876</timestamp>
			</report>
			<report>
				<misses>91800000</misses>
				<total>2</total>
				<timestamp>2754.997074</timestamp>
			</report>
			<report>
				<misses>91900000</misses>
				<total>4</total>
				<timestamp>2757.997973</timestamp>
			</report>
			<report>
				<misses>92000000</misses>
				<total>2</total>
				<timestamp>2760.999418</timestamp>
			</report>
			<report>
				<misses>92100000</misses>
				<total>3</total>
				<timestamp>2764.000255</timestamp>
			</report>
			<report>
				<misses>92200000</misses>
				<total>2</total>
				<timestamp>2767.000986</timestamp>
			</report>
			<report>
				<misses>92300000</misses>
				<total>2</total>
				<timestamp>2770.002056</timestamp>
			</report>
			<report>
				<misses>92400000</misses>
				<total>2</total>
				<timestamp>2773.002978</timestamp>
			</report>
			<report>
				<misses>92500000</misses>
				<total>1</total>
				<timestamp>2776.003803</timestamp>
			</report>
			<report>
				<misses>92600000</misses>
				<total>4</total>
				<timestamp>2779.004939</timestamp>
			</report>
			<report>
				<misses>92700000</misses>
				<total>3</total>
				<timestamp>2782.005721</timestamp>
			</report>
			<report>
				<misses>92800000</misses>
				<total>4</total>
				<timestamp>2785.006829</timestamp>
			</report>
			<report>
				<misses>92900000</misses>
				<total>2</total>
				<timestamp>2788.007632</timestamp>
			</report>
			<report>
				<misses>93000000</misses>
				<total>2</total>
				<timestamp>2791.008679</timestamp>
			</report>
			<report>
				<misses>93100000</misses>
				<total>2</total>
				<timestamp>2794.009373</timestamp>
			</report>
			<report>
				<misses>93200000</misses>
				<total>4</total>
				<timestamp>2797.010605</timestamp>
			</report>
			<report>
				<misses>93300000</misses>
				<total>1</total>
				<timestamp>2800.011447</timestamp>
			</report>
			<report>
				<misses>93400000</misses>
				<total>4</total>
				<timestamp>2803.012832</timestamp>
			</report>
			<report>
				<misses>93500000</misses>
				<total>2</total>
				<timestamp>2806.013780</timestamp>
			</report>
			<report>
				<misses>93600000</misses>
				<total>1</total>
				<timestamp>2809.015001</timestamp>
			</report>
			<report>
				<misses>93700000</misses>
				<total>2</total>
				<timestamp>2812.015900</timestamp>
			</report>
			<report>
				<misses>93800000</misses>
				<total>2</total>
				<timestamp>2815.016972</timestamp>
			</report>
			<report>
				<misses>93900000</misses>
				<total>3</total>
				<timestamp>2818.018623</timestamp>
			</report>
			<report>
				<misses>94000000</misses>
				<total>3</total>
				<timestamp>2821.019457</timestamp>
			</report>
			<report>
				<misses>94100000</misses>
				<total>1</total>
				<timestamp>2824.020318</timestamp>
			</report>
			<report>
				<misses>94200000</misses>
				<total>2</total>
				<timestamp>2827.021292</timestamp>
			</report>
			<report>
				<misses>94300000</misses>
				<total>3</total>
				<timestamp>2830.022095</timestamp>
			</report>
			<report>
				<misses>94400000</misses>
				<total>1</total>
				<timestamp>2833.022971</timestamp>
			</report>
			<report>
				<misses>94500000</misses>
				<total>3</total>
				<timestamp>2836.023565</timestamp>
			</report>
			<report>
				<misses>94600000</misses>
				<total>3</total>
				<timestamp>2839.024607</timestamp>
			</report>
			<report>
				<misses>94700000</misses>
				<total>3</total>
				<timestamp>2842.025441</timestamp>
			</report>
			<report>
				<misses>94800000</misses>
				<total>4</total>
				<timestamp>2845.027606</timestamp>
			</report>
			<report>
				<misses>94900000</misses>
				<total>1</total>
				<timestamp>2848.028593</timestamp>
			</report>
			<report>
				<misses>95000000</misses>
				<total>3</total>
				<timestamp>2851.029748</timestamp>
			</report>
			<report>
				<misses>95100000</misses>
				<total>2</total>
				<timestamp>2854.031116</timestamp>
			</report>
			<report>
				<misses>95200000</misses>
				<total>3</total>
				<timestamp>2857.032121</timestamp>
			</report>
			<report>
				<misses>95300000</misses>
				<total>1</total>
				<timestamp>2860.033074</timestamp>
			</report>
			<report>
				<misses>95400000</misses>
				<total>1</total>
				<timestamp>2863.034211</timestamp>
			</report>
			<report>
				<misses>95500000</misses>
				<total>3</total>
				<timestamp>2866.036256</timestamp>
			</report>
			<report>
				<misses>95600000</misses>
				<total>1</total>
				<timestamp>2869.037679</timestamp>
			</report>
			<report>
				<misses>95700000</misses>
				<total>1</total>
				<timestamp>2872.039069</timestamp>
			</report>
			<report>
				<misses>95800000</misses>
				<total>4</total>
				<timestamp>2875.039701</timestamp>
			</report>
			<report>
				<misses>95900000</misses>
				<total>3</total>
				<timestamp>2878.040610</timestamp>
			</report>
			<report>
				<misses>96000000</misses>
				<total>3</total>
				<timestamp>2881.042053</timestamp>
			</report>
			<report>
				<misses>96100000</misses>
				<total>2</total>
				<timestamp>2884.043344</timestamp>
			</report>
			<report>
				<misses>96200000</misses>
				<total>2</total>
				<timestamp>2887.044862</timestamp>
			</report>
			<report>
				<misses>96300000</misses>
				<total>3</total>
				<timestamp>2890.046547</timestamp>
			</report>
			<report>
				<misses>96400000</misses>
				<total>2</total>
				<timestamp>2893.048075</timestamp>
			</report>
			<report>
				<misses>96500000</misses>
				<total>1</total>
				<timestamp>2896.049104</timestamp>
			</report>
			<report>
				<misses>96600000</misses>
				<total>4</total>
				<timestamp>2899.050055</timestamp>
			</report>
			<report>
				<misses>96700000</misses>
				<total>3</total>
				<timestamp>2902.051280</timestamp>
			</report>
			<report>
				<misses>96800000</misses>
				<total>2</total>
				<timestamp>2905.052643</timestamp>
			</report>
			<report>
				<misses>96900000</misses>
				<total>3</total>
				<timestamp>2908.053750</timestamp>
			</report>
			<report>
				<misses>97000000</misses>
				<total>1</total>
				<timestamp>2911.054647</timestamp>
			</report>
			<report>
				<misses>97100000</misses>
				<total>2</total>
				<timestamp>2914.055518</timestamp>
			</report>
			<report>
				<misses>97200000</misses>
				<total>2</total>
				<timestamp>2917.056493</timestamp>
			</report>
			<report>
				<misses>97300000</misses>
				<total>2</total>
				<timestamp>2920.057640</timestamp>
			</report>
			<report>
				<misses>97400000</misses>
				<total>2</total>
				<timestamp>2923.059058</timestamp>
			</report>
			<report>
				<misses>97500000</misses>
				<total>3</total>
				<timestamp>2926.059935</timestamp>
			</report>
			<report>
				<misses>97600000</misses>
				<total>2</total>
				<timestamp>2929.061163</timestamp>
			</report>
			<report>
				<misses>97700000</misses>
				<total>3</total>
				<timestamp>2932.062296</timestamp>
			</report>
			<report>
				<misses>97800000</misses>
				<total>2</total>
				<timestamp>2935.062773</timestamp>
			</report>
			<report>
				<misses>97900000</misses>
				<total>3</total>
				<timestamp>2938.063529</timestamp>
			</report>
			<report>
				<misses>98000000</misses>
				<total>2</total>
				<timestamp>2941.064940</timestamp>
			</report>
			<report>
				<misses>98100000</misses>
				<total>1</total>
				<timestamp>2944.066010</timestamp>
			</report>
			<report>
				<misses>98200000</misses>
				<total>4</total>
				<timestamp>2947.066740</timestamp>
			</report>
			<report>
				<misses>98300000</misses>
				<total>1</total>
				<timestamp>2950.068409</timestamp>
			</report>
			<report>
				<misses>98400000</misses>
				<total>3</total>
				<timestamp>2953.069348</timestamp>
			</report>
			<report>
				<misses>98500000</misses>
				<total>3</total>
				<timestamp>2956.070630</timestamp>
			</report>
			<report>
				<misses>98600000</misses>
				<total>1</total>
				<timestamp>2959.071863</timestamp>
			</report>
			<report>
				<misses>98700000</misses>
				<total>1</total>
				<timestamp>2962.072758</timestamp>
			</report>
			<report>
				<misses>98800000</misses>
				<total>2</total>
				<timestamp>2965.073817</timestamp>
			</report>
			<report>
				<misses>98900000</misses>
				<total>3</total>
				<timestamp>2968.074874</timestamp>
			</report>
			<report>
				<misses>99000000</misses>
				<total>2</total>
				<timestamp>2971.075891</timestamp>
			</report>
			<report>
				<misses>99100000</misses>
				<total>4</total>
				<timestamp>2974.076723</timestamp>
			</report>
			<report>
				<misses>99200000</misses>
				<total>1</total>
				<timestamp>2977.077649</timestamp>
			</report>
			<report>
				<misses>99300000</misses>
				<total>4</total>
				<timestamp>2980.078614</timestamp>
			</report>
			<report>
				<misses>99400000</misses>
				<total>4</total>
				<timestamp>2983.079724</timestamp>
			</report>
			<report>
				<misses>99500000</misses>
				<total>3</total>
				<timestamp>2986.080809</timestamp>
			</report>
			<report>
				<misses>99600000</misses>
				<total>2</total>
				<timestamp>2989.082243</timestamp>
			</report>
			<report>
				<misses>99700000</misses>
				<total>4</total>
				<timestamp>2992.083966</timestamp>
			</report>
			<report>
				<misses>99800000</misses>
				<total>1</total>
				<timestamp>2995.084737</timestamp>
			</report>
			<report>
				<misses>99900000</misses>
				<total>2</total>
				<timestamp>2998.085375</timestamp>
			</report>
			<report>
				<misses>100000000</misses>
				<total>3</total>
				<timestamp>3001.086058</timestamp>
			</report>
			<report>
				<misses>100100000</misses>
				<total>3</total>
				<timestamp>3004.086772</timestamp>
			</report>
			<report>
				<misses>100200000</misses>
				<total>1</total>
				<timestamp>3007.087497</timestamp>
			</report>
			<report>
				<misses>100300000</misses>
				<total>1</total>
				<timestamp>3010.088935</timestamp>
			</report>
			<report>
				<misses>100400000</misses>
				<total>1</total>
				<timestamp>3013.089769</timestamp>
			</report>
			<report>
				<misses>100500000</misses>
				<total>4</total>
				<timestamp>3016.090617</timestamp>
			</report>
			<report>
				<misses>100600000</misses>
				<total>0</total>
				<timestamp>3019.092312</timestamp>
			</report>
			<report>
				<misses>100700000</misses>
				<total>2</total>
				<timestamp>3022.093407</timestamp>
			</report>
			<report>
				<misses>100800000</misses>
				<total>3</total>
				<timestamp>3025.094881</timestamp>
			</report>
			<report>
				<misses>100900000</misses>
				<total>1</total>
				<timestamp>3028.095983</timestamp>
			</report>
			<report>
				<misses>101000000</misses>
				<total>4</total>
				<timestamp>3031.096668</timestamp>
			</report>
			<report>
				<misses>101100000</misses>
				<total>2</total>
				<timestamp>3034.098023</timestamp>
			</report>
			<report>
				<misses>101200000</misses>
				<total>1</total>
				<timestamp>3037.098896</timestamp>
			</report>
			<report>
				<misses>101300000</misses>
				<total>3</total>
				<timestamp>3040.099794</timestamp>
			</report>
			<report>
				<misses>101400000</misses>
				<total>2</total>
				<timestamp>3043.101349</timestamp>
			</report>
			<report>
				<misses>101500000</misses>
				<total>2</total>
				<timestamp>3046.102493</timestamp>
			</report>
			<report>
				<misses>101600000</misses>
				<total>2</total>
				<timestamp>3049.103618</timestamp>
			</report>
			<report>
				<misses>101700000</misses>
				<total>2</total>
				<timestamp>3052.104576</timestamp>
			</report>
			<report>
				<misses>101800000</misses>
				<total>1</total>
				<timestamp>3055.105502</timestamp>
			</report>
			<report>
				<misses>101900000</misses>
				<total>3</total>
				<timestamp>3058.106396</timestamp>
			</report>
			<report>
				<misses>102000000</misses>
				<total>1</total>
				<timestamp>3061.107349</timestamp>
			</report>
			<report>
				<misses>102100000</misses>
				<total>3</total>
				<timestamp>3064.108144</timestamp>
			</report>
			<report>
				<misses>102200000</misses>
				<total>3</total>
				<timestamp>3067.109251</timestamp>
			</report>
			<report>
				<misses>102300000</misses>
				<total>2</total>
				<timestamp>3070.110977</timestamp>
			</report>
			<report>
				<misses>102400000</misses>
				<total>1</total>
				<timestamp>3073.112248</timestamp>
			</report>
			<report>
				<misses>102500000</misses>
				<total>3</total>
				<timestamp>3076.113385</timestamp>
			</report>
			<report>
				<misses>102600000</misses>
				<total>1</total>
				<timestamp>3079.114206</timestamp>
			</report>
			<report>
				<misses>102700000</misses>
				<total>3</total>
				<timestamp>3082.115088</timestamp>
			</report>
			<report>
				<misses>102800000</misses>
				<total>2</total>
				<timestamp>3085.116100</timestamp>
			</report>
			<report>
				<misses>102900000</misses>
				<total>3</total>
				<timestamp>3088.117710</timestamp>
			</report>
			<report>
				<misses>103000000</misses>
				<total>2</total>
				<timestamp>3091.118446</timestamp>
			</report>
			<report>
				<misses>103100000</misses>
				<total>3</total>
				<timestamp>3094.119832</timestamp>
			</report>
			<report>
				<misses>103200000</misses>
				<total>3</total>
				<timestamp>3097.120882</timestamp>
			</report>
			<report>
				<misses>103300000</misses>
				<total>1</total>
				<timestamp>3100.122053</timestamp>
			</report>
			<report>
				<misses>103400000</misses>
				<total>2</total>
				<timestamp>3103.122630</timestamp>
			</report>
			<report>
				<misses>103500000</misses>
				<total>2</total>
				<timestamp>3106.123652</timestamp>
			</report>
			<report>
				<misses>103600000</misses>
				<total>2</total>
				<timestamp>3109.124476</timestamp>
			</report>
			<report>
				<misses>103700000</misses>
				<total>1</total>
				<timestamp>3112.125534</timestamp>
			</report>
			<report>
				<misses>103800000</misses>
				<total>3</total>
				<timestamp>3115.126614</timestamp>
			</report>
			<report>
				<misses>103900000</misses>
				<total>3</total>
				<timestamp>3118.127160</timestamp>
			</report>
			<report>
				<misses>104000000</misses>
				<total>1</total>
				<timestamp>3121.128463</timestamp>
			</report>
			<report>
				<misses>104100000</misses>
				<total>3</total>
				<timestamp>3124.129586</timestamp>
			</report>
			<report>
				<misses>104200000</misses>
				<total>3</total>
				<timestamp>3127.130688</timestamp>
			</report>
			<report>
				<misses>104300000</misses>
				<total>1</total>
				<timestamp>3130.131570</timestamp>
			</report>
			<report>
				<misses>104400000</misses>
				<total>4</total>
				<timestamp>3133.133092</timestamp>
			</report>
			<report>
				<misses>104500000</misses>
				<total>1</total>
				<timestamp>3136.134261</timestamp>
			</report>
			<report>
				<misses>104600000</misses>
				<total>2</total>
				<timestamp>3139.134918</timestamp>
			</report>
			<report>
				<misses>104700000</misses>
				<total>3</total>
				<timestamp>3142.135832</timestamp>
			</report>
			<report>
				<misses>104800000</misses>
				<total>2</total>
				<timestamp>3145.137763</timestamp>
			</report>
			<report>
				<misses>104900000</misses>
				<total>1</total>
				<timestamp>3148.139082</timestamp>
			</report>
			<report>
				<misses>105000000</misses>
				<total>2</total>
				<timestamp>3151.140412</timestamp>
			</report>
			<report>
				<misses>105100000</misses>
				<total>3</total>
				<timestamp>3154.141749</timestamp>
			</report>
			<report>
				<misses>105200000</misses>
				<total>2</total>
				<timestamp>3157.142814</timestamp>
			</report>
			<report>
				<misses>105300000</misses>
				<total>3</total>
				<timestamp>3160.144367</timestamp>
			</report>
			<report>
				<misses>105400000</misses>
				<total>3</total>
				<timestamp>3163.146046</timestamp>
			</report>
			<report>
				<misses>105500000</misses>
				<total>2</total>
				<timestamp>3166.147306</timestamp>
			</report>
			<report>
				<misses>105600000</misses>
				<total>3</total>
				<timestamp>3169.148418</timestamp>
			</report>
			<report>
				<misses>105700000</misses>
				<total>3</total>
				<timestamp>3172.149547</timestamp>
			</report>
			<report>
				<misses>105800000</misses>
				<total>4</total>
				<timestamp>3175.150280</timestamp>
			</report>
			<report>
				<misses>105900000</misses>
				<total>3</total>
				<timestamp>3178.151400</timestamp>
			</report>
			<report>
				<misses>106000000</misses>
				<total>2</total>
				<timestamp>3181.152697</timestamp>
			</report>
			<report>
				<misses>106100000</misses>
				<total>4</total>
				<timestamp>3184.153384</timestamp>
			</report>
			<report>
				<misses>106200000</misses>
				<total>2</total>
				<timestamp>3187.154458</timestamp>
			</report>
			<report>
				<misses>106300000</misses>
				<total>1</total>
				<timestamp>3190.155681</timestamp>
			</report>
			<report>
				<misses>106400000</misses>
				<total>2</total>
				<timestamp>3193.156633</timestamp>
			</report>
			<report>
				<misses>106500000</misses>
				<total>3</total>
				<timestamp>3196.157569</timestamp>
			</report>
			<report>
				<misses>106600000</misses>
				<total>1</total>
				<timestamp>3199.158860</timestamp>
			</report>
			<report>
				<misses>106700000</misses>
				<total>1</total>
				<timestamp>3202.159736</timestamp>
			</report>
			<report>
				<misses>106800000</misses>
				<total>2</total>
				<timestamp>3205.160720</timestamp>
			</report>
			<report>
				<misses>106900000</misses>
				<total>3</total>
				<timestamp>3208.161676</timestamp>
			</report>
			<report>
				<misses>107000000</misses>
				<total>4</total>
				<timestamp>3211.162854</timestamp>
			</report>
			<report>
				<misses>107100000</misses>
				<total>3</total>
				<timestamp>3214.164298</timestamp>
			</report>
			<report>
				<misses>107200000</misses>
				<total>3</total>
				<timestamp>3217.165581</timestamp>
			</report>
			<report>
				<misses>107300000</misses>
				<total>2</total>
				<timestamp>3220.166732</timestamp>
			</report>
			<report>
				<misses>107400000</misses>
				<total>3</total>
				<timestamp>3223.167505</timestamp>
			</report>
			<report>
				<misses>107500000</misses>
				<total>2</total>
				<timestamp>3226.168469</timestamp>
			</report>
			<report>
				<misses>107600000</misses>
				<total>2</total>
				<timestamp>3229.169433</timestamp>
			</report>
			<report>
				<misses>107700000</misses>
				<total>3</total>
				<timestamp>3232.170202</timestamp>
			</report>
			<report>
				<misses>107800000</misses>
				<total>2</total>
				<timestamp>3235.171628</timestamp>
			</report>
			<report>
				<misses>107900000</misses>
				<total>3</total>
				<timestamp>3238.172676</timestamp>
			</report>
			<report>
				<misses>108000000</misses>
				<total>2</total>
				<timestamp>3241.173869</timestamp>
			</report>
			<report>
				<misses>108100000</misses>
				<total>3</total>
				<timestamp>3244.174528</timestamp>
			</report>
			<report>
				<misses>108200000</misses>
				<total>3</total>
				<timestamp>3247.175789</timestamp>
			</report>
			<report>
				<misses>108300000</misses>
				<total>3</total>
				<timestamp>3250.177190</timestamp>
			</report>
			<report>
				<misses>108400000</misses>
				<total>1</total>
				<timestamp>3253.178312</timestamp>
			</report>
			<report>
				<misses>108500000</misses>
				<total>3</total>
				<timestamp>3256.180097</timestamp>
			</report>
			<report>
				<misses>108600000</misses>
				<total>4</total>
				<timestamp>3259.181608</timestamp>
			</report>
			<report>
				<misses>108700000</misses>
				<total>2</total>
				<timestamp>3262.182909</timestamp>
			</report>
			<report>
				<misses>108800000</misses>
				<total>4</total>
				<timestamp>3265.183746</timestamp>
			</report>
			<report>
				<misses>108900000</misses>
				<total>3</total>
				<timestamp>3268.184489</timestamp>
			</report>
			<report>
				<misses>109000000</misses>
				<total>3</total>
				<timestamp>3271.185731</timestamp>
			</report>
			<report>
				<misses>109100000</misses>
				<total>2</total>
				<timestamp>3274.186758</timestamp>
			</report>
			<report>
				<misses>109200000</misses>
				<total>2</total>
				<timestamp>3277.187637</timestamp>
			</report>
			<report>
				<misses>109300000</misses>
				<total>1</total>
				<timestamp>3280.188251</timestamp>
			</report>
			<report>
				<misses>109400000</misses>
				<total>3</total>
				<timestamp>3283.189014</timestamp>
			</report>
			<report>
				<misses>109500000</misses>
				<total>3</total>
				<timestamp>3286.190931</timestamp>
			</report>
			<report>
				<misses>109600000</misses>
				<total>3</total>
				<timestamp>3289.192413</timestamp>
			</report>
			<report>
				<misses>109700000</misses>
				<total>3</total>
				<timestamp>3292.193701</timestamp>
			</report>
			<report>
				<misses>109800000</misses>
				<total>3</total>
				<timestamp>3295.195134</timestamp>
			</report>
			<report>
				<misses>109900000</misses>
				<total>3</total>
				<timestamp>3298.196271</timestamp>
			</report>
			<report>
				<misses>110000000</misses>
				<total>2</total>
				<timestamp>3301.197207</timestamp>
			</report>
			<report>
				<misses>110100000</misses>
				<total>1</total>
				<timestamp>3304.198195</timestamp>
			</report>
			<report>
				<misses>110200000</misses>
				<total>2</total>
				<timestamp>3307.199450</timestamp>
			</report>
			<report>
				<misses>110300000</misses>
				<total>1</total>
				<timestamp>3310.200314</timestamp>
			</report>
			<report>
				<misses>110400000</misses>
				<total>4</total>
				<timestamp>3313.201202</timestamp>
			</report>
			<report>
				<misses>110500000</misses>
				<total>4</total>
				<timestamp>3316.202364</timestamp>
			</report>
			<report>
				<misses>110600000</misses>
				<total>2</total>
				<timestamp>3319.203289</timestamp>
			</report>
			<report>
				<misses>110700000</misses>
				<total>3</total>
				<timestamp>3322.204227</timestamp>
			</report>
			<report>
				<misses>110800000</misses>
				<total>3</total>
				<timestamp>3325.205595</timestamp>
			</report>
			<report>
				<misses>110900000</misses>
				<total>1</total>
				<timestamp>3328.206890</timestamp>
			</report>
			<report>
				<misses>111000000</misses>
				<total>2</total>
				<timestamp>3331.208333</timestamp>
			</report>
			<report>
				<misses>111100000</misses>
				<total>2</total>
				<timestamp>3334.209534</timestamp>
			</report>
			<report>
				<misses>111200000</misses>
				<total>2</total>
				<timestamp>3337.210314</timestamp>
			</report>
			<report>
				<misses>111300000</misses>
				<total>2</total>
				<timestamp>3340.211061</timestamp>
			</report>
			<report>
				<misses>111400000</misses>
				<total>2</total>
				<timestamp>3343.212411</timestamp>
			</report>
			<report>
				<misses>111500000</misses>
				<total>2</total>
				<timestamp>3346.213547</timestamp>
			</report>
			<report>
				<misses>111600000</misses>
				<total>2</total>
				<timestamp>3349.214433</timestamp>
			</report>
			<report>
				<misses>111700000</misses>
				<total>1</total>
				<timestamp>3352.215262</timestamp>
			</report>
			<report>
				<misses>111800000</misses>
				<total>3</total>
				<timestamp>3355.216293</timestamp>
			</report>
			<report>
				<misses>111900000</misses>
				<total>3</total>
				<timestamp>3358.217521</timestamp>
			</report>
			<report>
				<misses>112000000</misses>
				<total>1</total>
				<timestamp>3361.218630</timestamp>
			</report>
			<report>
				<misses>112100000</misses>
				<total>2</total>
				<timestamp>3364.219579</timestamp>
			</report>
			<report>
				<misses>112200000</misses>
				<total>1</total>
				<timestamp>3367.220762</timestamp>
			</report>
			<report>
				<misses>112300000</misses>
				<total>2</total>
				<timestamp>3370.222129</timestamp>
			</report>
			<report>
				<misses>112400000</misses>
				<total>2</total>
				<timestamp>3373.222793</timestamp>
			</report>
			<report>
				<misses>112500000</misses>
				<total>1</total>
				<timestamp>3376.224637</timestamp>
			</report>
			<report>
				<misses>112600000</misses>
				<total>3</total>
				<timestamp>3379.225735</timestamp>
			</report>
			<report>
				<misses>112700000</misses>
				<total>4</total>
				<timestamp>3382.227047</timestamp>
			</report>
			<report>
				<misses>112800000</misses>
				<total>3</total>
				<timestamp>3385.228534</timestamp>
			</report>
			<report>
				<misses>112900000</misses>
				<total>1</total>
				<timestamp>3388.229458</timestamp>
			</report>
			<report>
				<misses>113000000</misses>
				<total>2</total>
				<timestamp>3391.230586</timestamp>
			</report>
			<report>
				<misses>113100000</misses>
				<total>2</total>
				<timestamp>3394.231175</timestamp>
			</report>
			<report>
				<misses>113200000</misses>
				<total>3</total>
				<timestamp>3397.232178</timestamp>
			</report>
			<report>
				<misses>113300000</misses>
				<total>3</total>
				<timestamp>3400.233155</timestamp>
			</report>
			<report>
				<misses>113400000</misses>
				<total>3</total>
				<timestamp>3403.234595</timestamp>
			</report>
			<report>
				<misses>113500000</misses>
				<total>1</total>
				<timestamp>3406.235866</timestamp>
			</report>
			<report>
				<misses>113600000</misses>
				<total>2</total>
				<timestamp>3409.236835</timestamp>
			</report>
			<report>
				<misses>113700000</misses>
				<total>3</total>
				<timestamp>3412.237711</timestamp>
			</report>
			<report>
				<misses>113800000</misses>
				<total>2</total>
				<timestamp>3415.239071</timestamp>
			</report>
			<report>
				<misses>113900000</misses>
				<total>2</total>
				<timestamp>3418.240219</timestamp>
			</report>
			<report>
				<misses>114000000</misses>
				<total>1</total>
				<timestamp>3421.241513</timestamp>
			</report>
			<report>
				<misses>114100000</misses>
				<total>3</total>
				<timestamp>3424.242880</timestamp>
			</report>
			<report>
				<misses>114200000</misses>
				<total>1</total>
				<timestamp>3427.244012</timestamp>
			</report>
			<report>
				<misses>114300000</misses>
				<total>2</total>
				<timestamp>3430.244782</timestamp>
			</report>
			<report>
				<misses>114400000</misses>
				<total>3</total>
				<timestamp>3433.245708</timestamp>
			</report>
			<report>
				<misses>114500000</misses>
				<total>3</total>
				<timestamp>3436.246883</timestamp>
			</report>
			<report>
				<misses>114600000</misses>
				<total>4</total>
				<timestamp>3439.248385</timestamp>
			</report>
			<report>
				<misses>114700000</misses>
				<total>1</total>
				<timestamp>3442.250219</timestamp>
			</report>
			<report>
				<misses>114800000</misses>
				<total>2</total>
				<timestamp>3445.252072</timestamp>
			</report>
			<report>
				<misses>114900000</misses>
				<total>1</total>
				<timestamp>3448.253092</timestamp>
			</report>
			<report>
				<misses>115000000</misses>
				<total>2</total>
				<timestamp>3451.254212</timestamp>
			</report>
			<report>
				<misses>115100000</misses>
				<total>2</total>
				<timestamp>3454.255345</timestamp>
			</report>
			<report>
				<misses>115200000</misses>
				<total>3</total>
				<timestamp>3457.256249</timestamp>
			</report>
			<report>
				<misses>115300000</misses>
				<total>2</total>
				<timestamp>3460.256954</timestamp>
			</report>
			<report>
				<misses>115400000</misses>
				<total>4</total>
				<timestamp>3463.257811</timestamp>
			</report>
			<report>
				<misses>115500000</misses>
				<total>3</total>
				<timestamp>3466.258759</timestamp>
			</report>
			<report>
				<misses>115600000</misses>
				<total>1</total>
				<timestamp>3469.259468</timestamp>
			</report>
			<report>
				<misses>115700000</misses>
				<total>1</total>
				<timestamp>3472.260298</timestamp>
			</report>
			<report>
				<misses>115800000</misses>
				<total>2</total>
				<timestamp>3475.261348</timestamp>
			</report>
			<report>
				<misses>115900000</misses>
				<total>1</total>
				<timestamp>3478.262845</timestamp>
			</report>
			<report>
				<misses>116000000</misses>
				<total>3</total>
				<timestamp>3481.264321</timestamp>
			</report>
			<report>
				<misses>116100000</misses>
				<total>2</total>
				<timestamp>3484.265750</timestamp>
			</report>
			<report>
				<misses>116200000</misses>
				<total>2</total>
				<timestamp>3487.266715</timestamp>
			</report>
			<report>
				<misses>116300000</misses>
				<total>2</total>
				<timestamp>3490.267927</timestamp>
			</report>
			<report>
				<misses>116400000</misses>
				<total>1</total>
				<timestamp>3493.268960</timestamp>
			</report>
			<report>
				<misses>116500000</misses>
				<total>3</total>
				<timestamp>3496.270466</timestamp>
			</report>
			<report>
				<misses>116600000</misses>
				<total>3</total>
				<timestamp>3499.271577</timestamp>
			</report>
			<report>
				<misses>116700000</misses>
				<total>2</total>
				<timestamp>3502.272656</timestamp>
			</report>
			<report>
				<misses>116800000</misses>
				<total>2</total>
				<timestamp>3505.273614</timestamp>
			</report>
			<report>
				<misses>116900000</misses>
				<total>3</total>
				<timestamp>3508.274364</timestamp>
			</report>
			<report>
				<misses>117000000</misses>
				<total>3</total>
				<timestamp>3511.275246</timestamp>
			</report>
			<report>
				<misses>117100000</misses>
				<total>1</total>
				<timestamp>3514.276855</timestamp>
			</report>
			<report>
				<misses>117200000</misses>
				<total>1</total>
				<timestamp>3517.278083</timestamp>
			</report>
			<report>
				<misses>117300000</misses>
				<total>3</total>
				<timestamp>3520.279312</timestamp>
			</report>
			<report>
				<misses>117400000</misses>
				<total>2</total>
				<timestamp>3523.280197</timestamp>
			</report>
			<report>
				<misses>117500000</misses>
				<total>1</total>
				<timestamp>3526.281350</timestamp>
			</report>
			<report>
				<misses>117600000</misses>
				<total>2</total>
				<timestamp>3529.282281</timestamp>
			</report>
			<report>
				<misses>117700000</misses>
				<total>3</total>
				<timestamp>3532.283145</timestamp>
			</report>
			<report>
				<misses>117800000</misses>
				<total>1</total>
				<timestamp>3535.284237</timestamp>
			</report>
			<report>
				<misses>117900000</misses>
				<total>3</total>
				<timestamp>3538.285675</timestamp>
			</report>
			<report>
				<misses>118000000</misses>
				<total>1</total>
				<timestamp>3541.286866</timestamp>
			</report>
			<report>
				<misses>118100000</misses>
				<total>3</total>
				<timestamp>3544.287788</timestamp>
			</report>
			<report>
				<misses>118200000</misses>
				<total>3</total>
				<timestamp>3547.288773</timestamp>
			</report>
			<report>
				<misses>118300000</misses>
				<total>2</total>
				<timestamp>3550.289696</timestamp>
			</report>
			<report>
				<misses>118400000</misses>
				<total>3</total>
				<timestamp>3553.290772</timestamp>
			</report>
			<report>
				<misses>118500000</misses>
				<total>3</total>
				<timestamp>3556.291799</timestamp>
			</report>
			<report>
				<misses>118600000</misses>
				<total>4</total>
				<timestamp>3559.293262</timestamp>
			</report>
			<report>
				<misses>118700000</misses>
				<total>3</total>
				<timestamp>3562.294108</timestamp>
			</report>
			<report>
				<misses>118800000</misses>
				<total>2</total>
				<timestamp>3565.295058</timestamp>
			</report>
			<report>
				<misses>118900000</misses>
				<total>1</total>
				<timestamp>3568.296124</timestamp>
			</report>
			<report>
				<misses>119000000</misses>
				<total>3</total>
				<timestamp>3571.297159</timestamp>
			</report>
			<report>
				<misses>119100000</misses>
				<total>4</total>
				<timestamp>3574.298635</timestamp>
			</report>
			<report>
				<misses>119200000</misses>
				<total>4</total>
				<timestamp>3577.299681</timestamp>
			</report>
			<report>
				<misses>119300000</misses>
				<total>2</total>
				<timestamp>3580.300496</timestamp>
			</report>
			<report>
				<misses>119400000</misses>
				<total>2</total>
				<timestamp>3583.301455</timestamp>
			</report>
			<report>
				<misses>119500000</misses>
				<total>1</total>
				<timestamp>3586.302416</timestamp>
			</report>
			<report>
				<misses>119600000</misses>
				<total>2</total>
				<timestamp>3589.303460</timestamp>
			</report>
			<report>
				<misses>119700000</misses>
				<total>3</total>
				<timestamp>3592.304642</timestamp>
			</report>
			<report>
				<misses>119800000</misses>
				<total>0</total>
				<timestamp>3595.305595</timestamp>
			</report>
			<report>
				<misses>119900000</misses>
				<total>2</total>
				<timestamp>3598.306627</timestamp>
			</report>
			<report>
				<misses>120000000</misses>
				<total>1</total>
				<timestamp>3601.307283</timestamp>
			</report>
			<report>
				<misses>120100000</misses>
				<total>1</total>
				<timestamp>3604.308123</timestamp>
			</report>
			<report>
				<misses>120200000</misses>
				<total>2</total>
				<timestamp>3607.309322</timestamp>
			</report>
			<report>
				<misses>120300000</misses>
				<total>2</total>
				<timestamp>3610.310278</timestamp>
			</report>
			<report>
				<misses>120400000</misses>
				<total>2</total>
				<timestamp>3613.311357</timestamp>
			</report>
			<report>
				<misses>120500000</misses>
				<total>1</total>
				<timestamp>3616.312332</timestamp>
			</report>
			<report>
				<misses>120600000</misses>
				<total>2</total>
				<timestamp>3619.313455</timestamp>
			</report>
			<report>
				<misses>120700000</misses>
				<total>3</total>
				<timestamp>3622.314682</timestamp>
			</report>
			<report>
				<misses>120800000</misses>
				<total>4</total>
				<timestamp>3625.315491</timestamp>
			</report>
			<report>
				<misses>120900000</misses>
				<total>4</total>
				<timestamp>3628.317000</timestamp>
			</report>
			<report>
				<misses>121000000</misses>
				<total>3</total>
				<timestamp>3631.318074</timestamp>
			</report>
			<report>
				<misses>121100000</misses>
				<total>3</total>
				<timestamp>3634.318864</timestamp>
			</report>
			<report>
				<misses>121200000</misses>
				<total>2</total>
				<timestamp>3637.320099</timestamp>
			</report>
			<report>
				<misses>121300000</misses>
				<total>1</total>
				<timestamp>3640.321466</timestamp>
			</report>
			<report>
				<misses>121400000</misses>
				<total>2</total>
				<timestamp>3643.322581</timestamp>
			</report>
			<report>
				<misses>121500000</misses>
				<total>3</total>
				<timestamp>3646.323593</timestamp>
			</report>
			<report>
				<misses>121600000</misses>
				<total>1</total>
				<timestamp>3649.324188</timestamp>
			</report>
			<report>
				<misses>121700000</misses>
				<total>1</total>
				<timestamp>3652.325330</timestamp>
			</report>
			<report>
				<misses>121800000</misses>
				<total>1</total>
				<timestamp>3655.326688</timestamp>
			</report>
			<report>
				<misses>121900000</misses>
				<total>2</total>
				<timestamp>3658.327256</timestamp>
			</report>
			<report>
				<misses>122000000</misses>
				<total>2</total>
				<timestamp>3661.328568</timestamp>
			</report>
			<report>
				<misses>122100000</misses>
				<total>3</total>
				<timestamp>3664.329588</timestamp>
			</report>
			<report>
				<misses>122200000</misses>
				<total>3</total>
				<timestamp>3667.330797</timestamp>
			</report>
			<report>
				<misses>122300000</misses>
				<total>2</total>
				<timestamp>3670.332306</timestamp>
			</report>
			<report>
				<misses>122400000</misses>
				<total>1</total>
				<timestamp>3673.333437</timestamp>
			</report>
			<report>
				<misses>122500000</misses>
				<total>3</total>
				<timestamp>3676.334879</timestamp>
			</report>
			<report>
				<misses>122600000</misses>
				<total>3</total>
				<timestamp>3679.336018</timestamp>
			</report>
			<report>
				<misses>122700000</misses>
				<total>3</total>
				<timestamp>3682.336890</timestamp>
			</report>
			<report>
				<misses>122800000</misses>
				<total>2</total>
				<timestamp>3685.337689</timestamp>
			</report>
			<report>
				<misses>122900000</misses>
				<total>2</total>
				<timestamp>3688.338411</timestamp>
			</report>
			<report>
				<misses>123000000</misses>
				<total>1</total>
				<timestamp>3691.339587</timestamp>
			</report>
			<report>
				<misses>123100000</misses>
				<total>3</total>
				<timestamp>3694.340970</timestamp>
			</report>
			<report>
				<misses>123200000</misses>
				<total>4</total>
				<timestamp>3697.342617</timestamp>
			</report>
			<report>
				<misses>123300000</misses>
				<total>1</total>
				<timestamp>3700.343618</timestamp>
			</report>
			<report>
				<misses>123400000</misses>
				<total>2</total>
				<timestamp>3703.344860</timestamp>
			</report>
			<report>
				<misses>123500000</misses>
				<total>3</total>
				<timestamp>3706.346160</timestamp>
			</report>
			<report>
				<misses>123600000</misses>
				<total>2</total>
				<timestamp>3709.347268</timestamp>
			</report>
			<report>
				<misses>123700000</misses>
				<total>3</total>
				<timestamp>3712.348708</timestamp>
			</report>
			<report>
				<misses>123800000</misses>
				<total>0</total>
				<timestamp>3715.349972</timestamp>
			</report>
			<report>
				<misses>123900000</misses>
				<total>2</total>
				<timestamp>3718.351039</timestamp>
			</report>
			<report>
				<misses>124000000</misses>
				<total>3</total>
				<timestamp>3721.351973</timestamp>
			</report>
			<report>
				<misses>124100000</misses>
				<total>2</total>
				<timestamp>3724.352908</timestamp>
			</report>
			<report>
				<misses>124200000</misses>
				<total>1</total>
				<timestamp>3727.353902</timestamp>
			</report>
			<report>
				<misses>124300000</misses>
				<total>1</total>
				<timestamp>3730.354820</timestamp>
			</report>
			<report>
				<misses>124400000</misses>
				<total>3</total>
				<timestamp>3733.355971</timestamp>
			</report>
			<report>
				<misses>124500000</misses>
				<total>3</total>
				<timestamp>3736.357374</timestamp>
			</report>
			<report>
				<misses>124600000</misses>
				<total>2</total>
				<timestamp>3739.358723</timestamp>
			</report>
			<report>
				<misses>124700000</misses>
				<total>2</total>
				<timestamp>3742.359798</timestamp>
			</report>
			<report>
				<misses>124800000</misses>
				<total>1</total>
				<timestamp>3745.361299</timestamp>
			</report>
			<report>
				<misses>124900000</misses>
				<total>2</total>
				<timestamp>3748.362798</timestamp>
			</report>
			<report>
				<misses>125000000</misses>
				<total>3</total>
				<timestamp>3751.363835</timestamp>
			</report>
			<report>
				<misses>125100000</misses>
				<total>3</total>
				<timestamp>3754.364608</timestamp>
			</report>
			<report>
				<misses>125200000</misses>
				<total>2</total>
				<timestamp>3757.365539</timestamp>
			</report>
			<report>
				<misses>125300000</misses>
				<total>3</total>
				<timestamp>3760.366279</timestamp>
			</report>
			<report>
				<misses>125400000</misses>
				<total>3</total>
				<timestamp>3763.367616</timestamp>
			</report>
			<report>
				<misses>125500000</misses>
				<total>2</total>
				<timestamp>3766.368839</timestamp>
			</report>
			<report>
				<misses>125600000</misses>
				<total>1</total>
				<timestamp>3769.370211</timestamp>
			</report>
			<report>
				<misses>125700000</misses>
				<total>3</total>
				<timestamp>3772.370937</timestamp>
			</report>
			<report>
				<misses>125800000</misses>
				<total>1</total>
				<timestamp>3775.371604</timestamp>
			</report>
			<report>
				<misses>125900000</misses>
				<total>2</total>
				<timestamp>3778.373046</timestamp>
			</report>
			<report>
				<misses>126000000</misses>
				<total>1</total>
				<timestamp>3781.374051</timestamp>
			</report>
			<report>
				<misses>126100000</misses>
				<total>1</total>
				<timestamp>3784.375036</timestamp>
			</report>
			<report>
				<misses>126200000</misses>
				<total>4</total>
				<timestamp>3787.376724</timestamp>
			</report>
			<report>
				<misses>126300000</misses>
				<total>3</total>
				<timestamp>3790.378018</timestamp>
			</report>
			<report>
				<misses>126400000</misses>
				<total>2</total>
				<timestamp>3793.379775</timestamp>
			</report>
			<report>
				<misses>126500000</misses>
				<total>3</total>
				<timestamp>3796.380971</timestamp>
			</report>
			<report>
				<misses>126600000</misses>
				<total>2</total>
				<timestamp>3799.381880</timestamp>
			</report>
			<report>
				<misses>126700000</misses>
				<total>2</total>
				<timestamp>3802.382729</timestamp>
			</report>
			<report>
				<misses>126800000</misses>
				<total>3</total>
				<timestamp>3805.384098</timestamp>
			</report>
			<report>
				<misses>126900000</misses>
				<total>3</total>
				<timestamp>3808.385549</timestamp>
			</report>
			<report>
				<misses>127000000</misses>
				<total>3</total>
				<timestamp>3811.386779</timestamp>
			</report>
			<report>
				<misses>127100000</misses>
				<total>2</total>
				<timestamp>3814.388364</timestamp>
			</report>
			<report>
				<misses>127200000</misses>
				<total>1</total>
				<timestamp>3817.389150</timestamp>
			</report>
			<report>
				<misses>127300000</misses>
				<total>3</total>
				<timestamp>3820.389763</timestamp>
			</report>
			<report>
				<misses>127400000</misses>
				<total>2</total>
				<timestamp>3823.390887</timestamp>
			</report>
			<report>
				<misses>127500000</misses>
				<total>2</total>
				<timestamp>3826.391935</timestamp>
			</report>
			<report>
				<misses>127600000</misses>
				<total>3</total>
				<timestamp>3829.392801</timestamp>
			</report>
			<report>
				<misses>127700000</misses>
				<total>1</total>
				<timestamp>3832.393821</timestamp>
			</report>
			<report>
				<misses>127800000</misses>
				<total>4</total>
				<timestamp>3835.394717</timestamp>
			</report>
			<report>
				<misses>127900000</misses>
				<total>1</total>
				<timestamp>3838.396196</timestamp>
			</report>
			<report>
				<misses>128000000</misses>
				<total>1</total>
				<timestamp>3841.397212</timestamp>
			</report>
			<report>
				<misses>128100000</misses>
				<total>3</total>
				<timestamp>3844.398335</timestamp>
			</report>
			<report>
				<misses>128200000</misses>
				<total>2</total>
				<timestamp>3847.399183</timestamp>
			</report>
			<report>
				<misses>128300000</misses>
				<total>3</total>
				<timestamp>3850.400299</timestamp>
			</report>
			<report>
				<misses>128400000</misses>
				<total>3</total>
				<timestamp>3853.400888</timestamp>
			</report>
			<report>
				<misses>128500000</misses>
				<total>4</total>
				<timestamp>3856.402042</timestamp>
			</report>
			<report>
				<misses>128600000</misses>
				<total>1</total>
				<timestamp>3859.402690</timestamp>
			</report>
			<report>
				<misses>128700000</misses>
				<total>3</total>
				<timestamp>3862.403695</timestamp>
			</report>
			<report>
				<misses>128800000</misses>
				<total>1</total>
				<timestamp>3865.404562</timestamp>
			</report>
			<report>
				<misses>128900000</misses>
				<total>3</total>
				<timestamp>3868.405470</timestamp>
			</report>
			<report>
				<misses>129000000</misses>
				<total>2</total>
				<timestamp>3871.406602</timestamp>
			</report>
			<report>
				<misses>129100000</misses>
				<total>3</total>
				<timestamp>3874.407666</timestamp>
			</report>
			<report>
				<misses>129200000</misses>
				<total>4</total>
				<timestamp>3877.409099</timestamp>
			</report>
			<report>
				<misses>129300000</misses>
				<total>1</total>
				<timestamp>3880.409999</timestamp>
			</report>
			<report>
				<misses>129400000</misses>
				<total>2</total>
				<timestamp>3883.410886</timestamp>
			</report>
			<report>
				<misses>129500000</misses>
				<total>3</total>
				<timestamp>3886.412439</timestamp>
			</report>
			<report>
				<misses>129600000</misses>
				<total>2</total>
				<timestamp>3889.413820</timestamp>
			</report>
			<report>
				<misses>129700000</misses>
				<total>4</total>
				<timestamp>3892.415185</timestamp>
			</report>
			<report>
				<misses>129800000</misses>
				<total>2</total>
				<timestamp>3895.415844</timestamp>
			</report>
			<report>
				<misses>129900000</misses>
				<total>2</total>
				<timestamp>3898.416833</timestamp>
			</report>
			<report>
				<misses>130000000</misses>
				<total>2</total>
				<timestamp>3901.417943</timestamp>
			</report>
			<report>
				<misses>130100000</misses>
				<total>1</total>
				<timestamp>3904.418840</timestamp>
			</report>
			<report>
				<misses>130200000</misses>
				<total>2</total>
				<timestamp>3907.420104</timestamp>
			</report>
			<report>
				<misses>130300000</misses>
				<total>1</total>
				<timestamp>3910.420738</timestamp>
			</report>
			<report>
				<misses>130400000</misses>
				<total>3</total>
				<timestamp>3913.421576</timestamp>
			</report>
			<report>
				<misses>130500000</misses>
				<total>2</total>
				<timestamp>3916.422605</timestamp>
			</report>
			<report>
				<misses>130600000</misses>
				<total>2</total>
				<timestamp>3919.423920</timestamp>
			</report>
			<report>
				<misses>130700000</misses>
				<total>3</total>
				<timestamp>3922.424881</timestamp>
			</report>
			<report>
				<misses>130800000</misses>
				<total>1</total>
				<timestamp>3925.425902</timestamp>
			</report>
			<report>
				<misses>130900000</misses>
				<total>3</total>
				<timestamp>3928.426802</timestamp>
			</report>
			<report>
				<misses>131000000</misses>
				<total>3</total>
				<timestamp>3931.427910</timestamp>
			</report>
			<report>
				<misses>131100000</misses>
				<total>2</total>
				<timestamp>3934.428757</timestamp>
			</report>
			<report>
				<misses>131200000</misses>
				<total>3</total>
				<timestamp>3937.429899</timestamp>
			</report>
			<report>
				<misses>131300000</misses>
				<total>1</total>
				<timestamp>3940.431124</timestamp>
			</report>
			<report>
				<misses>131400000</misses>
				<total>4</total>
				<timestamp>3943.432048</timestamp>
			</report>
			<report>
				<misses>131500000</misses>
				<total>3</total>
				<timestamp>3946.432762</timestamp>
			</report>
			<report>
				<misses>131600000</misses>
				<total>2</total>
				<timestamp>3949.433762</timestamp>
			</report>
			<report>
				<misses>131700000</misses>
				<total>4</total>
				<timestamp>3952.435375</timestamp>
			</report>
			<report>
				<misses>131800000</misses>
				<total>3</total>
				<timestamp>3955.436570</timestamp>
			</report>
			<report>
				<misses>131900000</misses>
				<total>2</total>
				<timestamp>3958.438008</timestamp>
			</report>
			<report>
				<misses>132000000</misses>
				<total>1</total>
				<timestamp>3961.439183</timestamp>
			</report>
			<report>
				<misses>132100000</misses>
				<total>2</total>
				<timestamp>3964.440081</timestamp>
			</report>
			<report>
				<misses>132200000</misses>
				<total>3</total>
				<timestamp>3967.440926</timestamp>
			</report>
			<report>
				<misses>132300000</misses>
				<total>1</total>
				<timestamp>3970.442151</timestamp>
			</report>
			<report>
				<misses>132400000</misses>
				<total>2</total>
				<timestamp>3973.443731</timestamp>
			</report>
			<report>
				<misses>132500000</misses>
				<total>1</total>
				<timestamp>3976.445363</timestamp>
			</report>
			<report>
				<misses>132600000</misses>
				<total>3</total>
				<timestamp>3979.447049</timestamp>
			</report>
			<report>
				<misses>132700000</misses>
				<total>3</total>
				<timestamp>3982.448211</timestamp>
			</report>
			<report>
				<misses>132800000</misses>
				<total>1</total>
				<timestamp>3985.448816</timestamp>
			</report>
			<report>
				<misses>132900000</misses>
				<total>2</total>
				<timestamp>3988.449398</timestamp>
			</report>
			<report>
				<misses>133000000</misses>
				<total>2</total>
				<timestamp>3991.450411</timestamp>
			</report>
			<report>
				<misses>133100000</misses>
				<total>2</total>
				<timestamp>3994.451429</timestamp>
			</report>
			<report>
				<misses>133200000</misses>
				<total>1</total>
				<timestamp>3997.453002</timestamp>
			</report>
			<report>
				<misses>133300000</misses>
				<total>1</total>
				<timestamp>4000.453676</timestamp>
			</report>
			<report>
				<misses>133400000</misses>
				<total>3</total>
				<timestamp>4003.454725</timestamp>
			</report>
			<report>
				<misses>133500000</misses>
				<total>3</total>
				<timestamp>4006.455862</timestamp>
			</report>
			<report>
				<misses>133600000</misses>
				<total>3</total>
				<timestamp>4009.456712</timestamp>
			</report>
			<report>
				<misses>133700000</misses>
				<total>4</total>
				<timestamp>4012.457747</timestamp>
			</report>
			<report>
				<misses>133800000</misses>
				<total>2</total>
				<timestamp>4015.458727</timestamp>
			</report>
			<report>
				<misses>133900000</misses>
				<total>3</total>
				<timestamp>4018.460069</timestamp>
			</report>
			<report>
				<misses>134000000</misses>
				<total>2</total>
				<timestamp>4021.461425</timestamp>
			</report>
			<report>
				<misses>134100000</misses>
				<total>1</total>
				<timestamp>4024.462439</timestamp>
			</report>
			<report>
				<misses>134200000</misses>
				<total>2</total>
				<timestamp>4027.463570</timestamp>
			</report>
			<report>
				<misses>134300000</misses>
				<total>4</total>
				<timestamp>4030.464445</timestamp>
			</report>
			<report>
				<misses>134400000</misses>
				<total>4</total>
				<timestamp>4033.465651</timestamp>
			</report>
			<report>
				<misses>134500000</misses>
				<total>3</total>
				<timestamp>4036.466878</timestamp>
			</report>
			<report>
				<misses>134600000</misses>
				<total>1</total>
				<timestamp>4039.467768</timestamp>
			</report>
			<report>
				<misses>134700000</misses>
				<total>1</total>
				<timestamp>4042.468193</timestamp>
			</report>
			<report>
				<misses>134800000</misses>
				<total>2</total>
				<timestamp>4045.469158</timestamp>
			</report>
			<report>
				<misses>134900000</misses>
				<total>1</total>
				<timestamp>4048.470264</timestamp>
			</report>
			<report>
				<misses>135000000</misses>
				<total>3</total>
				<timestamp>4051.471172</timestamp>
			</report>
			<report>
				<misses>135100000</misses>
				<total>4</total>
				<timestamp>4054.472117</timestamp>
			</report>
			<report>
				<misses>135200000</misses>
				<total>2</total>
				<timestamp>4057.473827</timestamp>
			</report>
			<report>
				<misses>135300000</misses>
				<total>2</total>
				<timestamp>4060.475156</timestamp>
			</report>
			<report>
				<misses>135400000</misses>
				<total>3</total>
				<timestamp>4063.476269</timestamp>
			</report>
			<report>
				<misses>135500000</misses>
				<total>1</total>
				<timestamp>4066.477492</timestamp>
			</report>
			<report>
				<misses>135600000</misses>
				<total>1</total>
				<timestamp>4069.478668</timestamp>
			</report>
			<report>
				<misses>135700000</misses>
				<total>3</total>
				<timestamp>4072.479686</timestamp>
			</report>
			<report>
				<misses>135800000</misses>
				<total>0</total>
				<timestamp>4075.480782</timestamp>
			</report>
			<report>
				<misses>135900000</misses>
				<total>3</total>
				<timestamp>4078.481518</timestamp>
			</report>
			<report>
				<misses>136000000</misses>
				<total>3</total>
				<timestamp>4081.482315</timestamp>
			</report>
			<report>
				<misses>136100000</misses>
				<total>2</total>
				<timestamp>4084.483613</timestamp>
			</report>
			<report>
				<misses>136200000</misses>
				<total>3</total>
				<timestamp>4087.484479</timestamp>
			</report>
			<report>
				<misses>136300000</misses>
				<total>1</total>
				<timestamp>4090.486044</timestamp>
			</report>
			<report>
				<misses>136400000</misses>
				<total>2</total>
				<timestamp>4093.487574</timestamp>
			</report>
			<report>
				<misses>136500000</misses>
				<total>1</total>
				<timestamp>4096.488268</timestamp>
			</report>
			<report>
				<misses>136600000</misses>
				<total>1</total>
				<timestamp>4099.488982</timestamp>
			</report>
			<report>
				<misses>136700000</misses>
				<total>2</total>
				<timestamp>4102.490088</timestamp>
			</report>
			<report>
				<misses>136800000</misses>
				<total>2</total>
				<timestamp>4105.491117</timestamp>
			</report>
			<report>
				<misses>136900000</misses>
				<total>3</total>
				<timestamp>4108.492095</timestamp>
			</report>
			<report>
				<misses>137000000</misses>
				<total>2</total>
				<timestamp>4111.493687</timestamp>
			</report>
			<report>
				<misses>137100000</misses>
				<total>1</total>
				<timestamp>4114.494687</timestamp>
			</report>
			<report>
				<misses>137200000</misses>
				<total>3</total>
				<timestamp>4117.496089</timestamp>
			</report>
			<report>
				<misses>137300000</misses>
				<total>3</total>
				<timestamp>4120.497267</timestamp>
			</report>
			<report>
				<misses>137400000</misses>
				<total>0</total>
				<timestamp>4123.498533</timestamp>
			</report>
			<report>
				<misses>137500000</misses>
				<total>3</total>
				<timestamp>4126.499237</timestamp>
			</report>
			<report>
				<misses>137600000</misses>
				<total>3</total>
				<timestamp>4129.500082</timestamp>
			</report>
			<report>
				<misses>137700000</misses>
				<total>2</total>
				<timestamp>4132.500919</timestamp>
			</report>
			<report>
				<misses>137800000</misses>
				<total>1</total>
				<timestamp>4135.502228</timestamp>
			</report>
			<report>
				<misses>137900000</misses>
				<total>2</total>
				<timestamp>4138.503411</timestamp>
			</report>
			<report>
				<misses>138000000</misses>
				<total>2</total>
				<timestamp>4141.504940</timestamp>
			</report>
			<report>
				<misses>138100000</misses>
				<total>1</total>
				<timestamp>4144.506027</timestamp>
			</report>
			<report>
				<misses>138200000</misses>
				<total>4</total>
				<timestamp>4147.506991</timestamp>
			</report>
			<report>
				<misses>138300000</misses>
				<total>3</total>
				<timestamp>4150.508425</timestamp>
			</report>
			<report>
				<misses>138400000</misses>
				<total>4</total>
				<timestamp>4153.509649</timestamp>
			</report>
			<report>
				<misses>138500000</misses>
				<total>4</total>
				<timestamp>4156.511101</timestamp>
			</report>
			<report>
				<misses>138600000</misses>
				<total>2</total>
				<timestamp>4159.512374</timestamp>
			</report>
			<report>
				<misses>138700000</misses>
				<total>2</total>
				<timestamp>4162.514079</timestamp>
			</report>
			<report>
				<misses>138800000</misses>
				<total>2</total>
				<timestamp>4165.515355</timestamp>
			</report>
			<report>
				<misses>138900000</misses>
				<total>4</total>
				<timestamp>4168.516794</timestamp>
			</report>
			<report>
				<misses>139000000</misses>
				<total>2</total>
				<timestamp>4171.518184</timestamp>
			</report>
			<report>
				<misses>139100000</misses>
				<total>3</total>
				<timestamp>4174.519278</timestamp>
			</report>
			<report>
				<misses>139200000</misses>
				<total>3</total>
				<timestamp>4177.520077</timestamp>
			</report>
			<report>
				<misses>139300000</misses>
				<total>1</total>
				<timestamp>4180.520755</timestamp>
			</report>
			<report>
				<misses>139400000</misses>
				<total>2</total>
				<timestamp>4183.521775</timestamp>
			</report>
			<report>
				<misses>139500000</misses>
				<total>1</total>
				<timestamp>4186.522893</timestamp>
			</report>
			<report>
				<misses>139600000</misses>
				<total>2</total>
				<timestamp>4189.523754</timestamp>
			</report>
			<report>
				<misses>139700000</misses>
				<total>1</total>
				<timestamp>4192.524678</timestamp>
			</report>
			<report>
				<misses>139800000</misses>
				<total>2</total>
				<timestamp>4195.525553</timestamp>
			</report>
			<report>
				<misses>139900000</misses>
				<total>2</total>
				<timestamp>4198.526724</timestamp>
			</report>
			<report>
				<misses>140000000</misses>
				<total>2</total>
				<timestamp>4201.528284</timestamp>
			</report>
			<report>
				<misses>140100000</misses>
				<total>2</total>
				<timestamp>4204.529177</timestamp>
			</report>
			<report>
				<misses>140200000</misses>
				<total>1</total>
				<timestamp>4207.530626</timestamp>
			</report>
			<report>
				<misses>140300000</misses>
				<total>3</total>
				<timestamp>4210.532310</timestamp>
			</report>
			<report>
				<misses>140400000</misses>
				<total>4</total>
				<timestamp>4213.533272</timestamp>
			</report>
			<report>
				<misses>140500000</misses>
				<total>4</total>
				<timestamp>4216.534390</timestamp>
			</report>
			<report>
				<misses>140600000</misses>
				<total>3</total>
				<timestamp>4219.535088</timestamp>
			</report>
			<report>
				<misses>140700000</misses>
				<total>2</total>
				<timestamp>4222.536074</timestamp>
			</report>
			<report>
				<misses>140800000</misses>
				<total>3</total>
				<timestamp>4225.537233</timestamp>
			</report>
			<report>
				<misses>140900000</misses>
				<total>2</total>
				<timestamp>4228.538192</timestamp>
			</report>
			<report>
				<misses>141000000</misses>
				<total>2</total>
				<timestamp>4231.539748</timestamp>
			</report>
			<report>
				<misses>141100000</misses>
				<total>3</total>
				<timestamp>4234.541039</timestamp>
			</report>
			<report>
				<misses>141200000</misses>
				<total>2</total>
				<timestamp>4237.541961</timestamp>
			</report>
			<report>
				<misses>141300000</misses>
				<total>1</total>
				<timestamp>4240.542709</timestamp>
			</report>
			<report>
				<misses>141400000</misses>
				<total>1</total>
				<timestamp>4243.543806</timestamp>
			</report>
			<report>
				<misses>141500000</misses>
				<total>2</total>
				<timestamp>4246.544783</timestamp>
			</report>
			<report>
				<misses>141600000</misses>
				<total>2</total>
				<timestamp>4249.546105</timestamp>
			</report>
			<report>
				<misses>141700000</misses>
				<total>3</total>
				<timestamp>4252.547243</timestamp>
			</report>
			<report>
				<misses>141800000</misses>
				<total>3</total>
				<timestamp>4255.547905</timestamp>
			</report>
			<report>
				<misses>141900000</misses>
				<total>2</total>
				<timestamp>4258.549087</timestamp>
			</report>
			<report>
				<misses>142000000</misses>
				<total>2</total>
				<timestamp>4261.549764</timestamp>
			</report>
			<report>
				<misses>142100000</misses>
				<total>3</total>
				<timestamp>4264.550875</timestamp>
			</report>
			<report>
				<misses>142200000</misses>
				<total>2</total>
				<timestamp>4267.551718</timestamp>
			</report>
			<report>
				<misses>142300000</misses>
				<total>1</total>
				<timestamp>4270.552521</timestamp>
			</report>
			<report>
				<misses>142400000</misses>
				<total>4</total>
				<timestamp>4273.553992</timestamp>
			</report>
			<report>
				<misses>142500000</misses>
				<total>1</total>
				<timestamp>4276.555390</timestamp>
			</report>
			<report>
				<misses>142600000</misses>
				<total>3</total>
				<timestamp>4279.556891</timestamp>
			</report>
			<report>
				<misses>142700000</misses>
				<total>2</total>
				<timestamp>4282.557923</timestamp>
			</report>
			<report>
				<misses>142800000</misses>
				<total>2</total>
				<timestamp>4285.558920</timestamp>
			</report>
			<report>
				<misses>142900000</misses>
				<total>1</total>
				<timestamp>4288.559840</timestamp>
			</report>
			<report>
				<misses>143000000</misses>
				<total>3</total>
				<timestamp>4291.560777</timestamp>
			</report>
			<report>
				<misses>143100000</misses>
				<total>2</total>
				<timestamp>4294.562271</timestamp>
			</report>
			<report>
				<misses>143200000</misses>
				<total>2</total>
				<timestamp>4297.563084</timestamp>
			</report>
			<report>
				<misses>143300000</misses>
				<total>3</total>
				<timestamp>4300.564044</timestamp>
			</report>
			<report>
				<misses>143400000</misses>
				<total>2</total>
				<timestamp>4303.565305</timestamp>
			</report>
			<report>
				<misses>143500000</misses>
				<total>2</total>
				<timestamp>4306.566055</timestamp>
			</report>
			<report>
				<misses>143600000</misses>
				<total>3</total>
				<timestamp>4309.567750</timestamp>
			</report>
			<report>
				<misses>143700000</misses>
				<total>1</total>
				<timestamp>4312.569476</timestamp>
			</report>
			<report>
				<misses>143800000</misses>
				<total>3</total>
				<timestamp>4315.570665</timestamp>
			</report>
			<report>
				<misses>143900000</misses>
				<total>3</total>
				<timestamp>4318.571784</timestamp>
			</report>
			<report>
				<misses>144000000</misses>
				<total>2</total>
				<timestamp>4321.572770</timestamp>
			</report>
			<report>
				<misses>144100000</misses>
				<total>3</total>
				<timestamp>4324.573826</timestamp>
			</report>
			<report>
				<misses>144200000</misses>
				<total>1</total>
				<timestamp>4327.574504</timestamp>
			</report>
			<report>
				<misses>144300000</misses>
				<total>3</total>
				<timestamp>4330.575265</timestamp>
			</report>
			<report>
				<misses>144400000</misses>
				<total>2</total>
				<timestamp>4333.576140</timestamp>
			</report>
			<report>
				<misses>144500000</misses>
				<total>4</total>
				<timestamp>4336.577150</timestamp>
			</report>
			<report>
				<misses>144600000</misses>
				<total>2</total>
				<timestamp>4339.578654</timestamp>
			</report>
			<report>
				<misses>144700000</misses>
				<total>3</total>
				<timestamp>4342.579647</timestamp>
			</report>
			<report>
				<misses>144800000</misses>
				<total>2</total>
				<timestamp>4345.580792</timestamp>
			</report>
			<report>
				<misses>144900000</misses>
				<total>2</total>
				<timestamp>4348.582015</timestamp>
			</report>
			<report>
				<misses>145000000</misses>
				<total>3</total>
				<timestamp>4351.582760</timestamp>
			</report>
			<report>
				<misses>145100000</misses>
				<total>3</total>
				<timestamp>4354.584108</timestamp>
			</report>
			<report>
				<misses>145200000</misses>
				<total>2</total>
				<timestamp>4357.585401</timestamp>
			</report>
			<report>
				<misses>145300000</misses>
				<total>3</total>
				<timestamp>4360.586666</timestamp>
			</report>
			<report>
				<misses>145400000</misses>
				<total>2</total>
				<timestamp>4363.587678</timestamp>
			</report>
			<report>
				<misses>145500000</misses>
				<total>4</total>
				<timestamp>4366.588794</timestamp>
			</report>
			<report>
				<misses>145600000</misses>
				<total>3</total>
				<timestamp>4369.589820</timestamp>
			</report>
			<report>
				<misses>145700000</misses>
				<total>2</total>
				<timestamp>4372.591186</timestamp>
			</report>
			<report>
				<misses>145800000</misses>
				<total>1</total>
				<timestamp>4375.591898</timestamp>
			</report>
			<report>
				<misses>145900000</misses>
				<total>3</total>
				<timestamp>4378.593202</timestamp>
			</report>
			<report>
				<misses>146000000</misses>
				<total>2</total>
				<timestamp>4381.594097</timestamp>
			</report>
			<report>
				<misses>146100000</misses>
				<total>1</total>
				<timestamp>4384.595460</timestamp>
			</report>
			<report>
				<misses>146200000</misses>
				<total>1</total>
				<timestamp>4387.597077</timestamp>
			</report>
			<report>
				<misses>146300000</misses>
				<total>1</total>
				<timestamp>4390.598607</timestamp>
			</report>
			<report>
				<misses>146400000</misses>
				<total>1</total>
				<timestamp>4393.599862</timestamp>
			</report>
			<report>
				<misses>146500000</misses>
				<total>1</total>
				<timestamp>4396.600953</timestamp>
			</report>
			<report>
				<misses>146600000</misses>
				<total>3</total>
				<timestamp>4399.601633</timestamp>
			</report>
			<report>
				<misses>146700000</misses>
				<total>3</total>
				<timestamp>4402.602205</timestamp>
			</report>
			<report>
				<misses>146800000</misses>
				<total>2</total>
				<timestamp>4405.603297</timestamp>
			</report>
			<report>
				<misses>146900000</misses>
				<total>1</total>
				<timestamp>4408.604530</timestamp>
			</report>
			<report>
				<misses>147000000</misses>
				<total>4</total>
				<timestamp>4411.605734</timestamp>
			</report>
			<report>
				<misses>147100000</misses>
				<total>1</total>
				<timestamp>4414.607051</timestamp>
			</report>
			<report>
				<misses>147200000</misses>
				<total>3</total>
				<timestamp>4417.607933</timestamp>
			</report>
			<report>
				<misses>147300000</misses>
				<total>2</total>
				<timestamp>4420.609015</timestamp>
			</report>
			<report>
				<misses>147400000</misses>
				<total>4</total>
				<timestamp>4423.610219</timestamp>
			</report>
			<report>
				<misses>147500000</misses>
				<total>2</total>
				<timestamp>4426.610953</timestamp>
			</report>
			<report>
				<misses>147600000</misses>
				<total>2</total>
				<timestamp>4429.611719</timestamp>
			</report>
			<report>
				<misses>147700000</misses>
				<total>1</total>
				<timestamp>4432.612609</timestamp>
			</report>
			<report>
				<misses>147800000</misses>
				<total>3</total>
				<timestamp>4435.613476</timestamp>
			</report>
			<report>
				<misses>147900000</misses>
				<total>3</total>
				<timestamp>4438.614145</timestamp>
			</report>
			<report>
				<misses>148000000</misses>
				<total>3</total>
				<timestamp>4441.615916</timestamp>
			</report>
			<report>
				<misses>148100000</misses>
				<total>1</total>
				<timestamp>4444.617358</timestamp>
			</report>
			<report>
				<misses>148200000</misses>
				<total>2</total>
				<timestamp>4447.618256</timestamp>
			</report>
			<report>
				<misses>148300000</misses>
				<total>3</total>
				<timestamp>4450.619965</timestamp>
			</report>
			<report>
				<misses>148400000</misses>
				<total>1</total>
				<timestamp>4453.621039</timestamp>
			</report>
			<report>
				<misses>148500000</misses>
				<total>1</total>
				<timestamp>4456.622090</timestamp>
			</report>
			<report>
				<misses>148600000</misses>
				<total>3</total>
				<timestamp>4459.623411</timestamp>
			</report>
			<report>
				<misses>148700000</misses>
				<total>3</total>
				<timestamp>4462.624222</timestamp>
			</report>
			<report>
				<misses>148800000</misses>
				<total>4</total>
				<timestamp>4465.625340</timestamp>
			</report>
			<report>
				<misses>148900000</misses>
				<total>2</total>
				<timestamp>4468.625834</timestamp>
			</report>
			<report>
				<misses>149000000</misses>
				<total>2</total>
				<timestamp>4471.626699</timestamp>
			</report>
			<report>
				<misses>149100000</misses>
				<total>2</total>
				<timestamp>4474.627663</timestamp>
			</report>
			<report>
				<misses>149200000</misses>
				<total>2</total>
				<timestamp>4477.628837</timestamp>
			</report>
			<report>
				<misses>149300000</misses>
				<total>3</total>
				<timestamp>4480.630163</timestamp>
			</report>
			<report>
				<misses>149400000</misses>
				<total>2</total>
				<timestamp>4483.631275</timestamp>
			</report>
			<report>
				<misses>149500000</misses>
				<total>2</total>
				<timestamp>4486.632293</timestamp>
			</report>
			<report>
				<misses>149600000</misses>
				<total>1</total>
				<timestamp>4489.633103</timestamp>
			</report>
			<report>
				<misses>149700000</misses>
				<total>2</total>
				<timestamp>4492.634464</timestamp>
			</report>
			<report>
				<misses>149800000</misses>
				<total>1</total>
				<timestamp>4495.635629</timestamp>
			</report>
			<report>
				<misses>149900000</misses>
				<total>3</total>
				<timestamp>4498.636865</timestamp>
			</report>
			<report>
				<misses>150000000</misses>
				<total>2</total>
				<timestamp>4501.638209</timestamp>
			</report>
			<report>
				<misses>150100000</misses>
				<total>3</total>
				<timestamp>4504.638938</timestamp>
			</report>
			<report>
				<misses>150200000</misses>
				<total>2</total>
				<timestamp>4507.639823</timestamp>
			</report>
			<report>
				<misses>150300000</misses>
				<total>1</total>
				<timestamp>4510.640756</timestamp>
			</report>
			<report>
				<misses>150400000</misses>
				<total>3</total>
				<timestamp>4513.642293</timestamp>
			</report>
			<report>
				<misses>150500000</misses>
				<total>4</total>
				<timestamp>4516.643420</timestamp>
			</report>
			<report>
				<misses>150600000</misses>
				<total>4</total>
				<timestamp>4519.644564</timestamp>
			</report>
			<report>
				<misses>150700000</misses>
				<total>2</total>
				<timestamp>4522.645534</timestamp>
			</report>
			<report>
				<misses>150800000</misses>
				<total>2</total>
				<timestamp>4525.646395</timestamp>
			</report>
			<report>
				<misses>150900000</misses>
				<total>3</total>
				<timestamp>4528.647797</timestamp>
			</report>
			<report>
				<misses>151000000</misses>
				<total>3</total>
				<timestamp>4531.648716</timestamp>
			</report>
			<report>
				<misses>151100000</misses>
				<total>2</total>
				<timestamp>4534.649824</timestamp>
			</report>
			<report>
				<misses>151200000</misses>
				<total>3</total>
				<timestamp>4537.650797</timestamp>
			</report>
			<report>
				<misses>151300000</misses>
				<total>2</total>
				<timestamp>4540.652152</timestamp>
			</report>
			<report>
				<misses>151400000</misses>
				<total>3</total>
				<timestamp>4543.653035</timestamp>
			</report>
			<report>
				<misses>151500000</misses>
				<total>2</total>
				<timestamp>4546.653908</timestamp>
			</report>
			<report>
				<misses>151600000</misses>
				<total>2</total>
				<timestamp>4549.654940</timestamp>
			</report>
			<report>
				<misses>151700000</misses>
				<total>1</total>
				<timestamp>4552.655813</timestamp>
			</report>
			<report>
				<misses>151800000</misses>
				<total>2</total>
				<timestamp>4555.656847</timestamp>
			</report>
			<report>
				<misses>151900000</misses>
				<total>2</total>
				<timestamp>4558.658270</timestamp>
			</report>
			<report>
				<misses>152000000</misses>
				<total>3</total>
				<timestamp>4561.659657</timestamp>
			</report>
			<report>
				<misses>152100000</misses>
				<total>4</total>
				<timestamp>4564.660402</timestamp>
			</report>
			<report>
				<misses>152200000</misses>
				<total>2</total>
				<timestamp>4567.661267</timestamp>
			</report>
			<report>
				<misses>152300000</misses>
				<total>2</total>
				<timestamp>4570.662180</timestamp>
			</report>
			<report>
				<misses>152400000</misses>
				<total>2</total>
				<timestamp>4573.662955</timestamp>
			</report>
			<report>
				<misses>152500000</misses>
				<total>3</total>
				<timestamp>4576.663960</timestamp>
			</report>
			<report>
				<misses>152600000</misses>
				<total>4</total>
				<timestamp>4579.664758</timestamp>
			</report>
			<report>
				<misses>152700000</misses>
				<total>3</total>
				<timestamp>4582.665571</timestamp>
			</report>
			<report>
				<misses>152800000</misses>
				<total>2</total>
				<timestamp>4585.666439</timestamp>
			</report>
			<report>
				<misses>152900000</misses>
				<total>3</total>
				<timestamp>4588.667452</timestamp>
			</report>
			<report>
				<misses>153000000</misses>
				<total>1</total>
				<timestamp>4591.668974</timestamp>
			</report>
			<report>
				<misses>153100000</misses>
				<total>1</total>
				<timestamp>4594.670555</timestamp>
			</report>
			<report>
				<misses>153200000</misses>
				<total>1</total>
				<timestamp>4597.671861</timestamp>
			</report>
			<report>
				<misses>153300000</misses>
				<total>3</total>
				<timestamp>4600.673092</timestamp>
			</report>
			<report>
				<misses>153400000</misses>
				<total>3</total>
				<timestamp>4603.674202</timestamp>
			</report>
			<report>
				<misses>153500000</misses>
				<total>3</total>
				<timestamp>4606.675046</timestamp>
			</report>
			<report>
				<misses>153600000</misses>
				<total>4</total>
				<timestamp>4609.676004</timestamp>
			</report>
			<report>
				<misses>153700000</misses>
				<total>2</total>
				<timestamp>4612.677083</timestamp>
			</report>
			<report>
				<misses>153800000</misses>
				<total>2</total>
				<timestamp>4615.677984</timestamp>
			</report>
			<report>
				<misses>153900000</misses>
				<total>1</total>
				<timestamp>4618.678879</timestamp>
			</report>
			<report>
				<misses>154000000</misses>
				<total>3</total>
				<timestamp>4621.679700</timestamp>
			</report>
			<report>
				<misses>154100000</misses>
				<total>3</total>
				<timestamp>4624.680782</timestamp>
			</report>
			<report>
				<misses>154200000</misses>
				<total>3</total>
				<timestamp>4627.681793</timestamp>
			</report>
			<report>
				<misses>154300000</misses>
				<total>2</total>
				<timestamp>4630.682603</timestamp>
			</report>
			<report>
				<misses>154400000</misses>
				<total>4</total>
				<timestamp>4633.683409</timestamp>
			</report>
			<report>
				<misses>154500000</misses>
				<total>2</total>
				<timestamp>4636.684561</timestamp>
			</report>
			<report>
				<misses>154600000</misses>
				<total>2</total>
				<timestamp>4639.685719</timestamp>
			</report>
			<report>
				<misses>154700000</misses>
				<total>2</total>
				<timestamp>4642.686495</timestamp>
			</report>
			<report>
				<misses>154800000</misses>
				<total>2</total>
				<timestamp>4645.687915</timestamp>
			</report>
			<report>
				<misses>154900000</misses>
				<total>1</total>
				<timestamp>4648.688962</timestamp>
			</report>
			<report>
				<misses>155000000</misses>
				<total>2</total>
				<timestamp>4651.689777</timestamp>
			</report>
			<report>
				<misses>155100000</misses>
				<total>4</total>
				<timestamp>4654.691220</timestamp>
			</report>
			<report>
				<misses>155200000</misses>
				<total>2</total>
				<timestamp>4657.692744</timestamp>
			</report>
			<report>
				<misses>155300000</misses>
				<total>3</total>
				<timestamp>4660.693817</timestamp>
			</report>
			<report>
				<misses>155400000</misses>
				<total>1</total>
				<timestamp>4663.694546</timestamp>
			</report>
			<report>
				<misses>155500000</misses>
				<total>3</total>
				<timestamp>4666.695385</timestamp>
			</report>
			<report>
				<misses>155600000</misses>
				<total>2</total>
				<timestamp>4669.696717</timestamp>
			</report>
			<report>
				<misses>155700000</misses>
				<total>1</total>
				<timestamp>4672.697849</timestamp>
			</report>
			<report>
				<misses>155800000</misses>
				<total>2</total>
				<timestamp>4675.699192</timestamp>
			</report>
			<report>
				<misses>155900000</misses>
				<total>1</total>
				<timestamp>4678.700164</timestamp>
			</report>
			<report>
				<misses>156000000</misses>
				<total>3</total>
				<timestamp>4681.701706</timestamp>
			</report>
			<report>
				<misses>156100000</misses>
				<total>1</total>
				<timestamp>4684.703087</timestamp>
			</report>
			<report>
				<misses>156200000</misses>
				<total>2</total>
				<timestamp>4687.704065</timestamp>
			</report>
			<report>
				<misses>156300000</misses>
				<total>0</total>
				<timestamp>4690.705047</timestamp>
			</report>
			<report>
				<misses>156400000</misses>
				<total>2</total>
				<timestamp>4693.706029</timestamp>
			</report>
			<report>
				<misses>156500000</misses>
				<total>1</total>
				<timestamp>4696.706850</timestamp>
			</report>
			<report>
				<misses>156600000</misses>
				<total>2</total>
				<timestamp>4699.707571</timestamp>
			</report>
			<report>
				<misses>156700000</misses>
				<total>1</total>
				<timestamp>4702.708819</timestamp>
			</report>
			<report>
				<misses>156800000</misses>
				<total>2</total>
				<timestamp>4705.710202</timestamp>
			</report>
			<report>
				<misses>156900000</misses>
				<total>2</total>
				<timestamp>4708.711647</timestamp>
			</report>
			<report>
				<misses>157000000</misses>
				<total>2</total>
				<timestamp>4711.712728</timestamp>
			</report>
			<report>
				<misses>157100000</misses>
				<total>3</total>
				<timestamp>4714.713918</timestamp>
			</report>
			<report>
				<misses>157200000</misses>
				<total>2</total>
				<timestamp>4717.714861</timestamp>
			</report>
			<report>
				<misses>157300000</misses>
				<total>3</total>
				<timestamp>4720.715936</timestamp>
			</report>
			<report>
				<misses>157400000</misses>
				<total>0</total>
				<timestamp>4723.716740</timestamp>
			</report>
			<report>
				<misses>157500000</misses>
				<total>2</total>
				<timestamp>4726.717766</timestamp>
			</report>
			<report>
				<misses>157600000</misses>
				<total>3</total>
				<timestamp>4729.718742</timestamp>
			</report>
			<report>
				<misses>157700000</misses>
				<total>4</total>
				<timestamp>4732.719988</timestamp>
			</report>
			<report>
				<misses>157800000</misses>
				<total>1</total>
				<timestamp>4735.721200</timestamp>
			</report>
			<report>
				<misses>157900000</misses>
				<total>2</total>
				<timestamp>4738.722413</timestamp>
			</report>
			<report>
				<misses>158000000</misses>
				<total>1</total>
				<timestamp>4741.723557</timestamp>
			</report>
			<report>
				<misses>158100000</misses>
				<total>3</total>
				<timestamp>4744.724838</timestamp>
			</report>
			<report>
				<misses>158200000</misses>
				<total>2</total>
				<timestamp>4747.726111</timestamp>
			</report>
			<report>
				<misses>158300000</misses>
				<total>2</total>
				<timestamp>4750.728111</timestamp>
			</report>
			<report>
				<misses>158400000</misses>
				<total>3</total>
				<timestamp>4753.729450</timestamp>
			</report>
			<report>
				<misses>158500000</misses>
				<total>3</total>
				<timestamp>4756.730184</timestamp>
			</report>
			<report>
				<misses>158600000</misses>
				<total>1</total>
				<timestamp>4759.731384</timestamp>
			</report>
			<report>
				<misses>158700000</misses>
				<total>3</total>
				<timestamp>4762.732160</timestamp>
			</report>
			<report>
				<misses>158800000</misses>
				<total>3</total>
				<timestamp>4765.732712</timestamp>
			</report>
			<report>
				<misses>158900000</misses>
				<total>3</total>
				<timestamp>4768.733816</timestamp>
			</report>
			<report>
				<misses>159000000</misses>
				<total>3</total>
				<timestamp>4771.735052</timestamp>
			</report>
			<report>
				<misses>159100000</misses>
				<total>1</total>
				<timestamp>4774.736137</timestamp>
			</report>
			<report>
				<misses>159200000</misses>
				<total>4</total>
				<timestamp>4777.736972</timestamp>
			</report>
			<report>
				<misses>159300000</misses>
				<total>1</total>
				<timestamp>4780.738045</timestamp>
			</report>
			<report>
				<misses>159400000</misses>
				<total>2</total>
				<timestamp>4783.739479</timestamp>
			</report>
			<report>
				<misses>159500000</misses>
				<total>1</total>
				<timestamp>4786.740893</timestamp>
			</report>
			<report>
				<misses>159600000</misses>
				<total>2</total>
				<timestamp>4789.741858</timestamp>
			</report>
			<report>
				<misses>159700000</misses>
				<total>1</total>
				<timestamp>4792.743064</timestamp>
			</report>
			<report>
				<misses>159800000</misses>
				<total>0</total>
				<timestamp>4795.743946</timestamp>
			</report>
			<report>
				<misses>159900000</misses>
				<total>1</total>
				<timestamp>4798.744818</timestamp>
			</report>
			<report>
				<misses>160000000</misses>
				<total>2</total>
				<timestamp>4801.745932</timestamp>
			</report>
			<report>
				<misses>160100000</misses>
				<total>1</total>
				<timestamp>4804.746895</timestamp>
			</report>
			<report>
				<misses>160200000</misses>
				<total>3</total>
				<timestamp>4807.748241</timestamp>
			</report>
			<report>
				<misses>160300000</misses>
				<total>3</total>
				<timestamp>4810.749250</timestamp>
			</report>
			<report>
				<misses>160400000</misses>
				<total>4</total>
				<timestamp>4813.750349</timestamp>
			</report>
			<report>
				<misses>160500000</misses>
				<total>1</total>
				<timestamp>4816.751286</timestamp>
			</report>
			<report>
				<misses>160600000</misses>
				<total>3</total>
				<timestamp>4819.752247</timestamp>
			</report>
			<report>
				<misses>160700000</misses>
				<total>3</total>
				<timestamp>4822.753277</timestamp>
			</report>
			<report>
				<misses>160800000</misses>
				<total>2</total>
				<timestamp>4825.754516</timestamp>
			</report>
			<report>
				<misses>160900000</misses>
				<total>3</total>
				<timestamp>4828.755349</timestamp>
			</report>
			<report>
				<misses>161000000</misses>
				<total>2</total>
				<timestamp>4831.756564</timestamp>
			</report>
			<report>
				<misses>161100000</misses>
				<total>1</total>
				<timestamp>4834.757567</timestamp>
			</report>
			<report>
				<misses>161200000</misses>
				<total>2</total>
				<timestamp>4837.758714</timestamp>
			</report>
			<report>
				<misses>161300000</misses>
				<total>1</total>
				<timestamp>4840.759913</timestamp>
			</report>
			<report>
				<misses>161400000</misses>
				<total>2</total>
				<timestamp>4843.761027</timestamp>
			</report>
			<report>
				<misses>161500000</misses>
				<total>2</total>
				<timestamp>4846.761725</timestamp>
			</report>
			<report>
				<misses>161600000</misses>
				<total>4</total>
				<timestamp>4849.763045</timestamp>
			</report>
			<report>
				<misses>161700000</misses>
				<total>2</total>
				<timestamp>4852.764530</timestamp>
			</report>
			<report>
				<misses>161800000</misses>
				<total>2</total>
				<timestamp>4855.765643</timestamp>
			</report>
			<report>
				<misses>161900000</misses>
				<total>3</total>
				<timestamp>4858.766844</timestamp>
			</report>
			<report>
				<misses>162000000</misses>
				<total>3</total>
				<timestamp>4861.767680</timestamp>
			</report>
			<report>
				<misses>162100000</misses>
				<total>1</total>
				<timestamp>4864.768552</timestamp>
			</report>
			<report>
				<misses>162200000</misses>
				<total>1</total>
				<timestamp>4867.769219</timestamp>
			</report>
			<report>
				<misses>162300000</misses>
				<total>2</total>
				<timestamp>4870.770545</timestamp>
			</report>
			<report>
				<misses>162400000</misses>
				<total>2</total>
				<timestamp>4873.771384</timestamp>
			</report>
			<report>
				<misses>162500000</misses>
				<total>2</total>
				<timestamp>4876.772547</timestamp>
			</report>
			<report>
				<misses>162600000</misses>
				<total>3</total>
				<timestamp>4879.773813</timestamp>
			</report>
			<report>
				<misses>162700000</misses>
				<total>3</total>
				<timestamp>4882.774681</timestamp>
			</report>
			<report>
				<misses>162800000</misses>
				<total>3</total>
				<timestamp>4885.775887</timestamp>
			</report>
			<report>
				<misses>162900000</misses>
				<total>3</total>
				<timestamp>4888.776668</timestamp>
			</report>
			<report>
				<misses>163000000</misses>
				<total>2</total>
				<timestamp>4891.777774</timestamp>
			</report>
			<report>
				<misses>163100000</misses>
				<total>2</total>
				<timestamp>4894.779290</timestamp>
			</report>
			<report>
				<misses>163200000</misses>
				<total>3</total>
				<timestamp>4897.780252</timestamp>
			</report>
			<report>
				<misses>163300000</misses>
				<total>1</total>
				<timestamp>4900.780886</timestamp>
			</report>
			<report>
				<misses>163400000</misses>
				<total>3</total>
				<timestamp>4903.781850</timestamp>
			</report>
			<report>
				<misses>163500000</misses>
				<total>3</total>
				<timestamp>4906.782860</timestamp>
			</report>
			<report>
				<misses>163600000</misses>
				<total>2</total>
				<timestamp>4909.783904</timestamp>
			</report>
			<report>
				<misses>163700000</misses>
				<total>1</total>
				<timestamp>4912.784844</timestamp>
			</report>
			<report>
				<misses>163800000</misses>
				<total>3</total>
				<timestamp>4915.785657</timestamp>
			</report>
			<report>
				<misses>163900000</misses>
				<total>3</total>
				<timestamp>4918.786765</timestamp>
			</report>
			<report>
				<misses>164000000</misses>
				<total>2</total>
				<timestamp>4921.787876</timestamp>
			</report>
			<report>
				<misses>164100000</misses>
				<total>1</total>
				<timestamp>4924.788924</timestamp>
			</report>
			<report>
				<misses>164200000</misses>
				<total>2</total>
				<timestamp>4927.790134</timestamp>
			</report>
			<report>
				<misses>164300000</misses>
				<total>2</total>
				<timestamp>4930.790998</timestamp>
			</report>
			<report>
				<misses>164400000</misses>
				<total>2</total>
				<timestamp>4933.792132</timestamp>
			</report>
			<report>
				<misses>164500000</misses>
				<total>1</total>
				<timestamp>4936.792705</timestamp>
			</report>
			<report>
				<misses>164600000</misses>
				<total>3</total>
				<timestamp>4939.793485</timestamp>
			</report>
			<report>
				<misses>164700000</misses>
				<total>2</total>
				<timestamp>4942.794545</timestamp>
			</report>
			<report>
				<misses>164800000</misses>
				<total>3</total>
				<timestamp>4945.795430</timestamp>
			</report>
			<report>
				<misses>164900000</misses>
				<total>3</total>
				<timestamp>4948.796397</timestamp>
			</report>
			<report>
				<misses>165000000</misses>
				<total>4</total>
				<timestamp>4951.797080</timestamp>
			</report>
			<report>
				<misses>165100000</misses>
				<total>1</total>
				<timestamp>4954.798068</timestamp>
			</report>
			<report>
				<misses>165200000</misses>
				<total>4</total>
				<timestamp>4957.799207</timestamp>
			</report>
			<report>
				<misses>165300000</misses>
				<total>3</total>
				<timestamp>4960.800087</timestamp>
			</report>
			<report>
				<misses>165400000</misses>
				<total>3</total>
				<timestamp>4963.800978</timestamp>
			</report>
			<report>
				<misses>165500000</misses>
				<total>2</total>
				<timestamp>4966.802486</timestamp>
			</report>
			<report>
				<misses>165600000</misses>
				<total>2</total>
				<timestamp>4969.803677</timestamp>
			</report>
			<report>
				<misses>165700000</misses>
				<total>2</total>
				<timestamp>4972.805906</timestamp>
			</report>
			<report>
				<misses>165800000</misses>
				<total>2</total>
				<timestamp>4975.806742</timestamp>
			</report>
			<report>
				<misses>165900000</misses>
				<total>2</total>
				<timestamp>4978.807852</timestamp>
			</report>
			<report>
				<misses>166000000</misses>
				<total>4</total>
				<timestamp>4981.809038</timestamp>
			</report>
			<report>
				<misses>166100000</misses>
				<total>2</total>
				<timestamp>4984.809898</timestamp>
			</report>
			<report>
				<misses>166200000</misses>
				<total>3</total>
				<timestamp>4987.810821</timestamp>
			</report>
			<report>
				<misses>166300000</misses>
				<total>3</total>
				<timestamp>4990.811586</timestamp>
			</report>
			<report>
				<misses>166400000</misses>
				<total>2</total>
				<timestamp>4993.812436</timestamp>
			</report>
			<report>
				<misses>166500000</misses>
				<total>3</total>
				<timestamp>4996.813441</timestamp>
			</report>
			<report>
				<misses>166600000</misses>
				<total>4</total>
				<timestamp>4999.814304</timestamp>
			</report>
			<report>
				<misses>166700000</misses>
				<total>3</total>
				<timestamp>5002.815504</timestamp>
			</report>
			<report>
				<misses>166800000</misses>
				<total>1</total>
				<timestamp>5005.816573</timestamp>
			</report>
			<report>
				<misses>166900000</misses>
				<total>2</total>
				<timestamp>5008.817448</timestamp>
			</report>
			<report>
				<misses>167000000</misses>
				<total>2</total>
				<timestamp>5011.818471</timestamp>
			</report>
			<report>
				<misses>167100000</misses>
				<total>3</total>
				<timestamp>5014.819956</timestamp>
			</report>
			<report>
				<misses>167200000</misses>
				<total>1</total>
				<timestamp>5017.821106</timestamp>
			</report>
			<report>
				<misses>167300000</misses>
				<total>2</total>
				<timestamp>5020.821901</timestamp>
			</report>
			<report>
				<misses>167400000</misses>
				<total>2</total>
				<timestamp>5023.823672</timestamp>
			</report>
			<report>
				<misses>167500000</misses>
				<total>1</total>
				<timestamp>5026.824507</timestamp>
			</report>
			<report>
				<misses>167600000</misses>
				<total>2</total>
				<timestamp>5029.825646</timestamp>
			</report>
			<report>
				<misses>167700000</misses>
				<total>2</total>
				<timestamp>5032.826637</timestamp>
			</report>
			<report>
				<misses>167800000</misses>
				<total>3</total>
				<timestamp>5035.827667</timestamp>
			</report>
			<report>
				<misses>167900000</misses>
				<total>1</total>
				<timestamp>5038.828354</timestamp>
			</report>
			<report>
				<misses>168000000</misses>
				<total>2</total>
				<timestamp>5041.829690</timestamp>
			</report>
			<report>
				<misses>168100000</misses>
				<total>1</total>
				<timestamp>5044.830864</timestamp>
			</report>
			<report>
				<misses>168200000</misses>
				<total>3</total>
				<timestamp>5047.831914</timestamp>
			</report>
			<report>
				<misses>168300000</misses>
				<total>1</total>
				<timestamp>5050.832636</timestamp>
			</report>
			<report>
				<misses>168400000</misses>
				<total>3</total>
				<timestamp>5053.833452</timestamp>
			</report>
			<report>
				<misses>168500000</misses>
				<total>3</total>
				<timestamp>5056.834260</timestamp>
			</report>
			<report>
				<misses>168600000</misses>
				<total>4</total>
				<timestamp>5059.835721</timestamp>
			</report>
			<report>
				<misses>168700000</misses>
				<total>3</total>
				<timestamp>5062.836712</timestamp>
			</report>
			<report>
				<misses>168800000</misses>
				<total>3</total>
				<timestamp>5065.837976</timestamp>
			</report>
			<report>
				<misses>168900000</misses>
				<total>1</total>
				<timestamp>5068.838984</timestamp>
			</report>
			<report>
				<misses>169000000</misses>
				<total>4</total>
				<timestamp>5071.840077</timestamp>
			</report>
			<report>
				<misses>169100000</misses>
				<total>2</total>
				<timestamp>5074.841089</timestamp>
			</report>
			<report>
				<misses>169200000</misses>
				<total>2</total>
				<timestamp>5077.842317</timestamp>
			</report>
			<report>
				<misses>169300000</misses>
				<total>4</total>
				<timestamp>5080.843645</timestamp>
			</report>
			<report>
				<misses>169400000</misses>
				<total>3</total>
				<timestamp>5083.844571</timestamp>
			</report>
			<report>
				<misses>169500000</misses>
				<total>2</total>
				<timestamp>5086.845370</timestamp>
			</report>
			<report>
				<misses>169600000</misses>
				<total>2</total>
				<timestamp>5089.846680</timestamp>
			</report>
			<report>
				<misses>169700000</misses>
				<total>1</total>
				<timestamp>5092.848047</timestamp>
			</report>
			<report>
				<misses>169800000</misses>
				<total>2</total>
				<timestamp>5095.848835</timestamp>
			</report>
			<report>
				<misses>169900000</misses>
				<total>2</total>
				<timestamp>5098.849829</timestamp>
			</report>
			<report>
				<misses>170000000</misses>
				<total>1</total>
				<timestamp>5101.850964</timestamp>
			</report>
			<report>
				<misses>170100000</misses>
				<total>1</total>
				<timestamp>5104.851682</timestamp>
			</report>
			<report>
				<misses>170200000</misses>
				<total>0</total>
				<timestamp>5107.852503</timestamp>
			</report>
			<report>
				<misses>170300000</misses>
				<total>2</total>
				<timestamp>5110.853605</timestamp>
			</report>
			<report>
				<misses>170400000</misses>
				<total>4</total>
				<timestamp>5113.854619</timestamp>
			</report>
			<report>
				<misses>170500000</misses>
				<total>2</total>
				<timestamp>5116.855429</timestamp>
			</report>
			<report>
				<misses>170600000</misses>
				<total>2</total>
				<timestamp>5119.856154</timestamp>
			</report>
			<report>
				<misses>170700000</misses>
				<total>2</total>
				<timestamp>5122.856990</timestamp>
			</report>
			<report>
				<misses>170800000</misses>
				<total>1</total>
				<timestamp>5125.858431</timestamp>
			</report>
			<report>
				<misses>170900000</misses>
				<total>3</total>
				<timestamp>5128.859430</timestamp>
			</report>
			<report>
				<misses>171000000</misses>
				<total>2</total>
				<timestamp>5131.860198</timestamp>
			</report>
			<report>
				<misses>171100000</misses>
				<total>2</total>
				<timestamp>5134.861068</timestamp>
			</report>
			<report>
				<misses>171200000</misses>
				<total>4</total>
				<timestamp>5137.862248</timestamp>
			</report>
			<report>
				<misses>171300000</misses>
				<total>2</total>
				<timestamp>5140.863870</timestamp>
			</report>
			<report>
				<misses>171400000</misses>
				<total>3</total>
				<timestamp>5143.865593</timestamp>
			</report>
			<report>
				<misses>171500000</misses>
				<total>2</total>
				<timestamp>5146.866635</timestamp>
			</report>
			<report>
				<misses>171600000</misses>
				<total>2</total>
				<timestamp>5149.867793</timestamp>
			</report>
			<report>
				<misses>171700000</misses>
				<total>3</total>
				<timestamp>5152.868814</timestamp>
			</report>
			<report>
				<misses>171800000</misses>
				<total>4</total>
				<timestamp>5155.869848</timestamp>
			</report>
			<report>
				<misses>171900000</misses>
				<total>2</total>
				<timestamp>5158.870887</timestamp>
			</report>
			<report>
				<misses>172000000</misses>
				<total>4</total>
				<timestamp>5161.872049</timestamp>
			</report>
			<report>
				<misses>172100000</misses>
				<total>3</total>
				<timestamp>5164.873072</timestamp>
			</report>
			<report>
				<misses>172200000</misses>
				<total>2</total>
				<timestamp>5167.873794</timestamp>
			</report>
			<report>
				<misses>172300000</misses>
				<total>3</total>
				<timestamp>5170.874973</timestamp>
			</report>
			<report>
				<misses>172400000</misses>
				<total>2</total>
				<timestamp>5173.875837</timestamp>
			</report>
			<report>
				<misses>172500000</misses>
				<total>3</total>
				<timestamp>5176.877273</timestamp>
			</report>
			<report>
				<misses>172600000</misses>
				<total>1</total>
				<timestamp>5179.878144</timestamp>
			</report>
			<report>
				<misses>172700000</misses>
				<total>3</total>
				<timestamp>5182.879647</timestamp>
			</report>
			<report>
				<misses>172800000</misses>
				<total>2</total>
				<timestamp>5185.880346</timestamp>
			</report>
			<report>
				<misses>172900000</misses>
				<total>3</total>
				<timestamp>5188.881360</timestamp>
			</report>
			<report>
				<misses>173000000</misses>
				<total>2</total>
				<timestamp>5191.882376</timestamp>
			</report>
			<report>
				<misses>173100000</misses>
				<total>1</total>
				<timestamp>5194.883383</timestamp>
			</report>
			<report>
				<misses>173200000</misses>
				<total>1</total>
				<timestamp>5197.884553</timestamp>
			</report>
			<report>
				<misses>173300000</misses>
				<total>1</total>
				<timestamp>5200.885460</timestamp>
			</report>
			<report>
				<misses>173400000</misses>
				<total>3</total>
				<timestamp>5203.886544</timestamp>
			</report>
			<report>
				<misses>173500000</misses>
				<total>3</total>
				<timestamp>5206.888263</timestamp>
			</report>
			<report>
				<misses>173600000</misses>
				<total>3</total>
				<timestamp>5209.889090</timestamp>
			</report>
			<report>
				<misses>173700000</misses>
				<total>2</total>
				<timestamp>5212.890324</timestamp>
			</report>
			<report>
				<misses>173800000</misses>
				<total>2</total>
				<timestamp>5215.891140</timestamp>
			</report>
			<report>
				<misses>173900000</misses>
				<total>2</total>
				<timestamp>5218.892215</timestamp>
			</report>
			<report>
				<misses>174000000</misses>
				<total>2</total>
				<timestamp>5221.893143</timestamp>
			</report>
			<report>
				<misses>174100000</misses>
				<total>1</total>
				<timestamp>5224.894402</timestamp>
			</report>
			<report>
				<misses>174200000</misses>
				<total>2</total>
				<timestamp>5227.895036</timestamp>
			</report>
			<report>
				<misses>174300000</misses>
				<total>3</total>
				<timestamp>5230.895841</timestamp>
			</report>
			<report>
				<misses>174400000</misses>
				<total>2</total>
				<timestamp>5233.896771</timestamp>
			</report>
			<report>
				<misses>174500000</misses>
				<total>1</total>
				<timestamp>5236.897853</timestamp>
			</report>
			<report>
				<misses>174600000</misses>
				<total>2</total>
				<timestamp>5239.898674</timestamp>
			</report>
			<report>
				<misses>174700000</misses>
				<total>2</total>
				<timestamp>5242.899962</timestamp>
			</report>
			<report>
				<misses>174800000</misses>
				<total>2</total>
				<timestamp>5245.901376</timestamp>
			</report>
			<report>
				<misses>174900000</misses>
				<total>3</total>
				<timestamp>5248.902418</timestamp>
			</report>
			<report>
				<misses>175000000</misses>
				<total>4</total>
				<timestamp>5251.903464</timestamp>
			</report>
			<report>
				<misses>175100000</misses>
				<total>1</total>
				<timestamp>5254.904614</timestamp>
			</report>
			<report>
				<misses>175200000</misses>
				<total>1</total>
				<timestamp>5257.905981</timestamp>
			</report>
			<report>
				<misses>175300000</misses>
				<total>3</total>
				<timestamp>5260.907023</timestamp>
			</report>
			<report>
				<misses>175400000</misses>
				<total>2</total>
				<timestamp>5263.908079</timestamp>
			</report>
			<report>
				<misses>175500000</misses>
				<total>2</total>
				<timestamp>5266.909219</timestamp>
			</report>
			<report>
				<misses>175600000</misses>
				<total>2</total>
				<timestamp>5269.910429</timestamp>
			</report>
			<report>
				<misses>175700000</misses>
				<total>1</total>
				<timestamp>5272.911327</timestamp>
			</report>
			<report>
				<misses>175800000</misses>
				<total>3</total>
				<timestamp>5275.912613</timestamp>
			</report>
			<report>
				<misses>175900000</misses>
				<total>2</total>
				<timestamp>5278.913945</timestamp>
			</report>
			<report>
				<misses>176000000</misses>
				<total>4</total>
				<timestamp>5281.915224</timestamp>
			</report>
			<report>
				<misses>176100000</misses>
				<total>4</total>
				<timestamp>5284.916360</timestamp>
			</report>
			<report>
				<misses>176200000</misses>
				<total>3</total>
				<timestamp>5287.917454</timestamp>
			</report>
			<report>
				<misses>176300000</misses>
				<total>3</total>
				<timestamp>5290.918132</timestamp>
			</report>
			<report>
				<misses>176400000</misses>
				<total>1</total>
				<timestamp>5293.919090</timestamp>
			</report>
			<report>
				<misses>176500000</misses>
				<total>1</total>
				<timestamp>5296.919924</timestamp>
			</report>
			<report>
				<misses>176600000</misses>
				<total>0</total>
				<timestamp>5299.921087</timestamp>
			</report>
			<report>
				<misses>176700000</misses>
				<total>2</total>
				<timestamp>5302.922281</timestamp>
			</report>
			<report>
				<misses>176800000</misses>
				<total>2</total>
				<timestamp>5305.923028</timestamp>
			</report>
			<report>
				<misses>176900000</misses>
				<total>3</total>
				<timestamp>5308.923891</timestamp>
			</report>
			<report>
				<misses>177000000</misses>
				<total>1</total>
				<timestamp>5311.924637</timestamp>
			</report>
			<report>
				<misses>177100000</misses>
				<total>3</total>
				<timestamp>5314.925536</timestamp>
			</report>
			<report>
				<misses>177200000</misses>
				<total>2</total>
				<timestamp>5317.927372</timestamp>
			</report>
			<report>
				<misses>177300000</misses>
				<total>2</total>
				<timestamp>5320.928455</timestamp>
			</report>
			<report>
				<misses>177400000</misses>
				<total>2</total>
				<timestamp>5323.930156</timestamp>
			</report>
			<report>
				<misses>177500000</misses>
				<total>1</total>
				<timestamp>5326.931129</timestamp>
			</report>
			<report>
				<misses>177600000</misses>
				<total>2</total>
				<timestamp>5329.932294</timestamp>
			</report>
			<report>
				<misses>177700000</misses>
				<total>2</total>
				<timestamp>5332.933192</timestamp>
			</report>
			<report>
				<misses>177800000</misses>
				<total>1</total>
				<timestamp>5335.934281</timestamp>
			</report>
			<report>
				<misses>177900000</misses>
				<total>2</total>
				<timestamp>5338.935598</timestamp>
			</report>
			<report>
				<misses>178000000</misses>
				<total>2</total>
				<timestamp>5341.936762</timestamp>
			</report>
			<report>
				<misses>178100000</misses>
				<total>3</total>
				<timestamp>5344.937822</timestamp>
			</report>
			<report>
				<misses>178200000</misses>
				<total>3</total>
				<timestamp>5347.939103</timestamp>
			</report>
			<report>
				<misses>178300000</misses>
				<total>1</total>
				<timestamp>5350.940101</timestamp>
			</report>
			<report>
				<misses>178400000</misses>
				<total>3</total>
				<timestamp>5353.941377</timestamp>
			</report>
			<report>
				<misses>178500000</misses>
				<total>1</total>
				<timestamp>5356.942522</timestamp>
			</report>
			<report>
				<misses>178600000</misses>
				<total>3</total>
				<timestamp>5359.943428</timestamp>
			</report>
			<report>
				<misses>178700000</misses>
				<total>3</total>
				<timestamp>5362.944742</timestamp>
			</report>
			<report>
				<misses>178800000</misses>
				<total>1</total>
				<timestamp>5365.945665</timestamp>
			</report>
			<report>
				<misses>178900000</misses>
				<total>3</total>
				<timestamp>5368.946689</timestamp>
			</report>
			<report>
				<misses>179000000</misses>
				<total>2</total>
				<timestamp>5371.947721</timestamp>
			</report>
			<report>
				<misses>179100000</misses>
				<total>3</total>
				<timestamp>5374.948976</timestamp>
			</report>
			<report>
				<misses>179200000</misses>
				<total>2</total>
				<timestamp>5377.949936</timestamp>
			</report>
			<report>
				<misses>179300000</misses>
				<total>2</total>
				<timestamp>5380.950945</timestamp>
			</report>
			<report>
				<misses>179400000</misses>
				<total>3</total>
				<timestamp>5383.952353</timestamp>
			</report>
			<report>
				<misses>179500000</misses>
				<total>3</total>
				<timestamp>5386.953443</timestamp>
			</report>
			<report>
				<misses>179600000</misses>
				<total>2</total>
				<timestamp>5389.954134</timestamp>
			</report>
			<report>
				<misses>179700000</misses>
				<total>4</total>
				<timestamp>5392.954968</timestamp>
			</report>
			<report>
				<misses>179800000</misses>
				<total>3</total>
				<timestamp>5395.956082</timestamp>
			</report>
			<report>
				<misses>179900000</misses>
				<total>3</total>
				<timestamp>5398.957472</timestamp>
			</report>
			<report>
				<misses>180000000</misses>
				<total>3</total>
				<timestamp>5401.958630</timestamp>
			</report>
			<report>
				<misses>180100000</misses>
				<total>3</total>
				<timestamp>5404.959535</timestamp>
			</report>
			<report>
				<misses>180200000</misses>
				<total>3</total>
				<timestamp>5407.961370</timestamp>
			</report>
			<report>
				<misses>180300000</misses>
				<total>2</total>
				<timestamp>5410.962054</timestamp>
			</report>
			<report>
				<misses>180400000</misses>
				<total>2</total>
				<timestamp>5413.962991</timestamp>
			</report>
			<report>
				<misses>180500000</misses>
				<total>1</total>
				<timestamp>5416.963744</timestamp>
			</report>
			<report>
				<misses>180600000</misses>
				<total>0</total>
				<timestamp>5419.964457</timestamp>
			</report>
			<report>
				<misses>180700000</misses>
				<total>2</total>
				<timestamp>5422.965245</timestamp>
			</report>
			<report>
				<misses>180800000</misses>
				<total>2</total>
				<timestamp>5425.966130</timestamp>
			</report>
			<report>
				<misses>180900000</misses>
				<total>3</total>
				<timestamp>5428.967380</timestamp>
			</report>
			<report>
				<misses>181000000</misses>
				<total>3</total>
				<timestamp>5431.968624</timestamp>
			</report>
			<report>
				<misses>181100000</misses>
				<total>3</total>
				<timestamp>5434.969960</timestamp>
			</report>
			<report>
				<misses>181200000</misses>
				<total>2</total>
				<timestamp>5437.970957</timestamp>
			</report>
			<report>
				<misses>181300000</misses>
				<total>1</total>
				<timestamp>5440.971898</timestamp>
			</report>
			<report>
				<misses>181400000</misses>
				<total>3</total>
				<timestamp>5443.973095</timestamp>
			</report>
			<report>
				<misses>181500000</misses>
				<total>2</total>
				<timestamp>5446.973903</timestamp>
			</report>
			<report>
				<misses>181600000</misses>
				<total>3</total>
				<timestamp>5449.974718</timestamp>
			</report>
			<report>
				<misses>181700000</misses>
				<total>2</total>
				<timestamp>5452.975647</timestamp>
			</report>
			<report>
				<misses>181800000</misses>
				<total>4</total>
				<timestamp>5455.976696</timestamp>
			</report>
			<report>
				<misses>181900000</misses>
				<total>3</total>
				<timestamp>5458.977672</timestamp>
			</report>
			<report>
				<misses>182000000</misses>
				<total>1</total>
				<timestamp>5461.978678</timestamp>
			</report>
			<report>
				<misses>182100000</misses>
				<total>4</total>
				<timestamp>5464.980089</timestamp>
			</report>
			<report>
				<misses>182200000</misses>
				<total>3</total>
				<timestamp>5467.981679</timestamp>
			</report>
			<report>
				<misses>182300000</misses>
				<total>3</total>
				<timestamp>5470.982388</timestamp>
			</report>
			<report>
				<misses>182400000</misses>
				<total>3</total>
				<timestamp>5473.983029</timestamp>
			</report>
			<report>
				<misses>182500000</misses>
				<total>3</total>
				<timestamp>5476.983656</timestamp>
			</report>
			<report>
				<misses>182600000</misses>
				<total>1</total>
				<timestamp>5479.984320</timestamp>
			</report>
			<report>
				<misses>182700000</misses>
				<total>1</total>
				<timestamp>5482.985598</timestamp>
			</report>
			<report>
				<misses>182800000</misses>
				<total>2</total>
				<timestamp>5485.986741</timestamp>
			</report>
			<report>
				<misses>182900000</misses>
				<total>4</total>
				<timestamp>5488.988126</timestamp>
			</report>
			<report>
				<misses>183000000</misses>
				<total>3</total>
				<timestamp>5491.988813</timestamp>
			</report>
			<report>
				<misses>183100000</misses>
				<total>2</total>
				<timestamp>5494.989441</timestamp>
			</report>
			<report>
				<misses>183200000</misses>
				<total>3</total>
				<timestamp>5497.990486</timestamp>
			</report>
			<report>
				<misses>183300000</misses>
				<total>3</total>
				<timestamp>5500.991543</timestamp>
			</report>
			<report>
				<misses>183400000</misses>
				<total>1</total>
				<timestamp>5503.992308</timestamp>
			</report>
			<report>
				<misses>183500000</misses>
				<total>2</total>
				<timestamp>5506.993429</timestamp>
			</report>
			<report>
				<misses>183600000</misses>
				<total>2</total>
				<timestamp>5509.994000</timestamp>
			</report>
			<report>
				<misses>183700000</misses>
				<total>1</total>
				<timestamp>5512.995093</timestamp>
			</report>
			<report>
				<misses>183800000</misses>
				<total>1</total>
				<timestamp>5515.996597</timestamp>
			</report>
			<report>
				<misses>183900000</misses>
				<total>4</total>
				<timestamp>5518.997434</timestamp>
			</report>
			<report>
				<misses>184000000</misses>
				<total>2</total>
				<timestamp>5521.998524</timestamp>
			</report>
			<report>
				<misses>184100000</misses>
				<total>1</total>
				<timestamp>5524.999581</timestamp>
			</report>
			<report>
				<misses>184200000</misses>
				<total>2</total>
				<timestamp>5528.000393</timestamp>
			</report>
			<report>
				<misses>184300000</misses>
				<total>2</total>
				<timestamp>5531.001646</timestamp>
			</report>
			<report>
				<misses>184400000</misses>
				<total>2</total>
				<timestamp>5534.002996</timestamp>
			</report>
			<report>
				<misses>184500000</misses>
				<total>1</total>
				<timestamp>5537.004450</timestamp>
			</report>
			<report>
				<misses>184600000</misses>
				<total>2</total>
				<timestamp>5540.006125</timestamp>
			</report>
			<report>
				<misses>184700000</misses>
				<total>1</total>
				<timestamp>5543.007329</timestamp>
			</report>
			<report>
				<misses>184800000</misses>
				<total>1</total>
				<timestamp>5546.008748</timestamp>
			</report>
			<report>
				<misses>184900000</misses>
				<total>1</total>
				<timestamp>5549.009547</timestamp>
			</report>
			<report>
				<misses>185000000</misses>
				<total>2</total>
				<timestamp>5552.010599</timestamp>
			</report>
			<report>
				<misses>185100000</misses>
				<total>2</total>
				<timestamp>5555.011248</timestamp>
			</report>
			<report>
				<misses>185200000</misses>
				<total>2</total>
				<timestamp>5558.012157</timestamp>
			</report>
			<report>
				<misses>185300000</misses>
				<total>1</total>
				<timestamp>5561.013239</timestamp>
			</report>
			<report>
				<misses>185400000</misses>
				<total>4</total>
				<timestamp>5564.014440</timestamp>
			</report>
			<report>
				<misses>185500000</misses>
				<total>3</total>
				<timestamp>5567.015507</timestamp>
			</report>
			<report>
				<misses>185600000</misses>
				<total>3</total>
				<timestamp>5570.016447</timestamp>
			</report>
			<report>
				<misses>185700000</misses>
				<total>2</total>
				<timestamp>5573.017662</timestamp>
			</report>
			<report>
				<misses>185800000</misses>
				<total>1</total>
				<timestamp>5576.018664</timestamp>
			</report>
			<report>
				<misses>185900000</misses>
				<total>3</total>
				<timestamp>5579.019632</timestamp>
			</report>
			<report>
				<misses>186000000</misses>
				<total>2</total>
				<timestamp>5582.021121</timestamp>
			</report>
			<report>
				<misses>186100000</misses>
				<total>2</total>
				<timestamp>5585.022144</timestamp>
			</report>
			<report>
				<misses>186200000</misses>
				<total>4</total>
				<timestamp>5588.023188</timestamp>
			</report>
			<report>
				<misses>186300000</misses>
				<total>2</total>
				<timestamp>5591.024094</timestamp>
			</report>
			<report>
				<misses>186400000</misses>
				<total>1</total>
				<timestamp>5594.025134</timestamp>
			</report>
			<report>
				<misses>186500000</misses>
				<total>3</total>
				<timestamp>5597.026101</timestamp>
			</report>
			<report>
				<misses>186600000</misses>
				<total>3</total>
				<timestamp>5600.026939</timestamp>
			</report>
			<report>
				<misses>186700000</misses>
				<total>1</total>
				<timestamp>5603.028007</timestamp>
			</report>
			<report>
				<misses>186800000</misses>
				<total>1</total>
				<timestamp>5606.028857</timestamp>
			</report>
			<report>
				<misses>186900000</misses>
				<total>1</total>
				<timestamp>5609.030079</timestamp>
			</report>
			<report>
				<misses>187000000</misses>
				<total>3</total>
				<timestamp>5612.031200</timestamp>
			</report>
			<report>
				<misses>187100000</misses>
				<total>2</total>
				<timestamp>5615.032364</timestamp>
			</report>
			<report>
				<misses>187200000</misses>
				<total>1</total>
				<timestamp>5618.033455</timestamp>
			</report>
			<report>
				<misses>187300000</misses>
				<total>2</total>
				<timestamp>5621.034168</timestamp>
			</report>
			<report>
				<misses>187400000</misses>
				<total>2</total>
				<timestamp>5624.035073</timestamp>
			</report>
			<report>
				<misses>187500000</misses>
				<total>1</total>
				<timestamp>5627.036101</timestamp>
			</report>
			<report>
				<misses>187600000</misses>
				<total>2</total>
				<timestamp>5630.036691</timestamp>
			</report>
			<report>
				<misses>187700000</misses>
				<total>1</total>
				<timestamp>5633.037836</timestamp>
			</report>
			<report>
				<misses>187800000</misses>
				<total>0</total>
				<timestamp>5636.039040</timestamp>
			</report>
			<report>
				<misses>187900000</misses>
				<total>3</total>
				<timestamp>5639.040346</timestamp>
			</report>
			<report>
				<misses>188000000</misses>
				<total>2</total>
				<timestamp>5642.041525</timestamp>
			</report>
			<report>
				<misses>188100000</misses>
				<total>3</total>
				<timestamp>5645.042613</timestamp>
			</report>
			<report>
				<misses>188200000</misses>
				<total>2</total>
				<timestamp>5648.043564</timestamp>
			</report>
			<report>
				<misses>188300000</misses>
				<total>2</total>
				<timestamp>5651.044521</timestamp>
			</report>
			<report>
				<misses>188400000</misses>
				<total>2</total>
				<timestamp>5654.045460</timestamp>
			</report>
			<report>
				<misses>188500000</misses>
				<total>1</total>
				<timestamp>5657.046457</timestamp>
			</report>
			<report>
				<misses>188600000</misses>
				<total>3</total>
				<timestamp>5660.047886</timestamp>
			</report>
			<report>
				<misses>188700000</misses>
				<total>2</total>
				<timestamp>5663.049050</timestamp>
			</report>
			<report>
				<misses>188800000</misses>
				<total>1</total>
				<timestamp>5666.050191</timestamp>
			</report>
			<report>
				<misses>188900000</misses>
				<total>2</total>
				<timestamp>5669.051673</timestamp>
			</report>
			<report>
				<misses>189000000</misses>
				<total>2</total>
				<timestamp>5672.053188</timestamp>
			</report>
			<report>
				<misses>189100000</misses>
				<total>3</total>
				<timestamp>5675.053976</timestamp>
			</report>
			<report>
				<misses>189200000</misses>
				<total>1</total>
				<timestamp>5678.055055</timestamp>
			</report>
			<report>
				<misses>189300000</misses>
				<total>1</total>
				<timestamp>5681.056106</timestamp>
			</report>
			<report>
				<misses>189400000</misses>
				<total>2</total>
				<timestamp>5684.057486</timestamp>
			</report>
			<report>
				<misses>189500000</misses>
				<total>3</total>
				<timestamp>5687.058833</timestamp>
			</report>
			<report>
				<misses>189600000</misses>
				<total>2</total>
				<timestamp>5690.060217</timestamp>
			</report>
			<report>
				<misses>189700000</misses>
				<total>2</total>
				<timestamp>5693.061056</timestamp>
			</report>
			<report>
				<misses>189800000</misses>
				<total>1</total>
				<timestamp>5696.062259</timestamp>
			</report>
			<report>
				<misses>189900000</misses>
				<total>3</total>
				<timestamp>5699.063464</timestamp>
			</report>
			<report>
				<misses>190000000</misses>
				<total>2</total>
				<timestamp>5702.064469</timestamp>
			</report>
			<report>
				<misses>190100000</misses>
				<total>1</total>
				<timestamp>5705.065463</timestamp>
			</report>
			<report>
				<misses>190200000</misses>
				<total>2</total>
				<timestamp>5708.066582</timestamp>
			</report>
			<report>
				<misses>190300000</misses>
				<total>3</total>
				<timestamp>5711.067753</timestamp>
			</report>
			<report>
				<misses>190400000</misses>
				<total>2</total>
				<timestamp>5714.068620</timestamp>
			</report>
			<report>
				<misses>190500000</misses>
				<total>3</total>
				<timestamp>5717.069795</timestamp>
			</report>
			<report>
				<misses>190600000</misses>
				<total>3</total>
				<timestamp>5720.071312</timestamp>
			</report>
			<report>
				<misses>190700000</misses>
				<total>1</total>
				<timestamp>5723.072371</timestamp>
			</report>
			<report>
				<misses>190800000</misses>
				<total>2</total>
				<timestamp>5726.073503</timestamp>
			</report>
			<report>
				<misses>190900000</misses>
				<total>1</total>
				<timestamp>5729.074520</timestamp>
			</report>
			<report>
				<misses>191000000</misses>
				<total>3</total>
				<timestamp>5732.075391</timestamp>
			</report>
			<report>
				<misses>191100000</misses>
				<total>2</total>
				<timestamp>5735.076570</timestamp>
			</report>
			<report>
				<misses>191200000</misses>
				<total>1</total>
				<timestamp>5738.077648</timestamp>
			</report>
			<report>
				<misses>191300000</misses>
				<total>4</total>
				<timestamp>5741.078329</timestamp>
			</report>
			<report>
				<misses>191400000</misses>
				<total>2</total>
				<timestamp>5744.079197</timestamp>
			</report>
			<report>
				<misses>191500000</misses>
				<total>2</total>
				<timestamp>5747.080307</timestamp>
			</report>
			<report>
				<misses>191600000</misses>
				<total>2</total>
				<timestamp>5750.081257</timestamp>
			</report>
			<report>
				<misses>191700000</misses>
				<total>1</total>
				<timestamp>5753.082586</timestamp>
			</report>
			<report>
				<misses>191800000</misses>
				<total>1</total>
				<timestamp>5756.083920</timestamp>
			</report>
			<report>
				<misses>191900000</misses>
				<total>3</total>
				<timestamp>5759.085294</timestamp>
			</report>
			<report>
				<misses>192000000</misses>
				<total>2</total>
				<timestamp>5762.086786</timestamp>
			</report>
			<report>
				<misses>192100000</misses>
				<total>2</total>
				<timestamp>5765.087996</timestamp>
			</report>
			<report>
				<misses>192200000</misses>
				<total>3</total>
				<timestamp>5768.089272</timestamp>
			</report>
			<report>
				<misses>192300000</misses>
				<total>3</total>
				<timestamp>5771.090419</timestamp>
			</report>
			<report>
				<misses>192400000</misses>
				<total>2</total>
				<timestamp>5774.091624</timestamp>
			</report>
			<report>
				<misses>192500000</misses>
				<total>3</total>
				<timestamp>5777.092731</timestamp>
			</report>
			<report>
				<misses>192600000</misses>
				<total>3</total>
				<timestamp>5780.093433</timestamp>
			</report>
			<report>
				<misses>192700000</misses>
				<total>4</total>
				<timestamp>5783.094800</timestamp>
			</report>
			<report>
				<misses>192800000</misses>
				<total>4</total>
				<timestamp>5786.096520</timestamp>
			</report>
			<report>
				<misses>192900000</misses>
				<total>3</total>
				<timestamp>5789.097857</timestamp>
			</report>
			<report>
				<misses>193000000</misses>
				<total>2</total>
				<timestamp>5792.098852</timestamp>
			</report>
			<report>
				<misses>193100000</misses>
				<total>3</total>
				<timestamp>5795.100242</timestamp>
			</report>
			<report>
				<misses>193200000</misses>
				<total>3</total>
				<timestamp>5798.101669</timestamp>
			</report>
			<report>
				<misses>193300000</misses>
				<total>1</total>
				<timestamp>5801.102967</timestamp>
			</report>
			<report>
				<misses>193400000</misses>
				<total>1</total>
				<timestamp>5804.104100</timestamp>
			</report>
			<report>
				<misses>193500000</misses>
				<total>3</total>
				<timestamp>5807.105552</timestamp>
			</report>
			<report>
				<misses>193600000</misses>
				<total>1</total>
				<timestamp>5810.106406</timestamp>
			</report>
			<report>
				<misses>193700000</misses>
				<total>2</total>
				<timestamp>5813.107521</timestamp>
			</report>
			<report>
				<misses>193800000</misses>
				<total>2</total>
				<timestamp>5816.108436</timestamp>
			</report>
			<report>
				<misses>193900000</misses>
				<total>3</total>
				<timestamp>5819.109352</timestamp>
			</report>
			<report>
				<misses>194000000</misses>
				<total>2</total>
				<timestamp>5822.110495</timestamp>
			</report>
			<report>
				<misses>194100000</misses>
				<total>1</total>
				<timestamp>5825.111482</timestamp>
			</report>
			<report>
				<misses>194200000</misses>
				<total>2</total>
				<timestamp>5828.112895</timestamp>
			</report>
			<report>
				<misses>194300000</misses>
				<total>2</total>
				<timestamp>5831.113931</timestamp>
			</report>
			<report>
				<misses>194400000</misses>
				<total>4</total>
				<timestamp>5834.115085</timestamp>
			</report>
			<report>
				<misses>194500000</misses>
				<total>1</total>
				<timestamp>5837.116160</timestamp>
			</report>
			<report>
				<misses>194600000</misses>
				<total>3</total>
				<timestamp>5840.117455</timestamp>
			</report>
			<report>
				<misses>194700000</misses>
				<total>1</total>
				<timestamp>5843.118406</timestamp>
			</report>
			<report>
				<misses>194800000</misses>
				<total>3</total>
				<timestamp>5846.119255</timestamp>
			</report>
			<report>
				<misses>194900000</misses>
				<total>1</total>
				<timestamp>5849.119945</timestamp>
			</report>
			<report>
				<misses>195000000</misses>
				<total>3</total>
				<timestamp>5852.120986</timestamp>
			</report>
			<report>
				<misses>195100000</misses>
				<total>2</total>
				<timestamp>5855.121713</timestamp>
			</report>
			<report>
				<misses>195200000</misses>
				<total>2</total>
				<timestamp>5858.122941</timestamp>
			</report>
			<report>
				<misses>195300000</misses>
				<total>4</total>
				<timestamp>5861.123657</timestamp>
			</report>
			<report>
				<misses>195400000</misses>
				<total>2</total>
				<timestamp>5864.124256</timestamp>
			</report>
			<report>
				<misses>195500000</misses>
				<total>2</total>
				<timestamp>5867.125226</timestamp>
			</report>
			<report>
				<misses>195600000</misses>
				<total>2</total>
				<timestamp>5870.126325</timestamp>
			</report>
			<report>
				<misses>195700000</misses>
				<total>3</total>
				<timestamp>5873.127186</timestamp>
			</report>
			<report>
				<misses>195800000</misses>
				<total>3</total>
				<timestamp>5876.128011</timestamp>
			</report>
			<report>
				<misses>195900000</misses>
				<total>3</total>
				<timestamp>5879.128929</timestamp>
			</report>
			<report>
				<misses>196000000</misses>
				<total>3</total>
				<timestamp>5882.129508</timestamp>
			</report>
			<report>
				<misses>196100000</misses>
				<total>1</total>
				<timestamp>5885.131014</timestamp>
			</report>
			<report>
				<misses>196200000</misses>
				<total>2</total>
				<timestamp>5888.132285</timestamp>
			</report>
			<report>
				<misses>196300000</misses>
				<total>2</total>
				<timestamp>5891.133869</timestamp>
			</report>
			<report>
				<misses>196400000</misses>
				<total>2</total>
				<timestamp>5894.135267</timestamp>
			</report>
			<report>
				<misses>196500000</misses>
				<total>3</total>
				<timestamp>5897.136236</timestamp>
			</report>
			<report>
				<misses>196600000</misses>
				<total>4</total>
				<timestamp>5900.137409</timestamp>
			</report>
			<report>
				<misses>196700000</misses>
				<total>1</total>
				<timestamp>5903.138246</timestamp>
			</report>
			<report>
				<misses>196800000</misses>
				<total>1</total>
				<timestamp>5906.139170</timestamp>
			</report>
			<report>
				<misses>196900000</misses>
				<total>2</total>
				<timestamp>5909.140190</timestamp>
			</report>
			<report>
				<misses>197000000</misses>
				<total>1</total>
				<timestamp>5912.141417</timestamp>
			</report>
			<report>
				<misses>197100000</misses>
				<total>3</total>
				<timestamp>5915.142576</timestamp>
			</report>
			<report>
				<misses>197200000</misses>
				<total>1</total>
				<timestamp>5918.143559</timestamp>
			</report>
			<report>
				<misses>197300000</misses>
				<total>3</total>
				<timestamp>5921.144541</timestamp>
			</report>
			<report>
				<misses>197400000</misses>
				<total>2</total>
				<timestamp>5924.144970</timestamp>
			</report>
			<report>
				<misses>197500000</misses>
				<total>3</total>
				<timestamp>5927.145707</timestamp>
			</report>
			<report>
				<misses>197600000</misses>
				<total>2</total>
				<timestamp>5930.146857</timestamp>
			</report>
			<report>
				<misses>197700000</misses>
				<total>3</total>
				<timestamp>5933.147908</timestamp>
			</report>
			<report>
				<misses>197800000</misses>
				<total>3</total>
				<timestamp>5936.148802</timestamp>
			</report>
			<report>
				<misses>197900000</misses>
				<total>2</total>
				<timestamp>5939.149917</timestamp>
			</report>
			<report>
				<misses>198000000</misses>
				<total>2</total>
				<timestamp>5942.150905</timestamp>
			</report>
			<report>
				<misses>198100000</misses>
				<total>1</total>
				<timestamp>5945.151962</timestamp>
			</report>
			<report>
				<misses>198200000</misses>
				<total>1</total>
				<timestamp>5948.153499</timestamp>
			</report>
			<report>
				<misses>198300000</misses>
				<total>2</total>
				<timestamp>5951.154801</timestamp>
			</report>
			<report>
				<misses>198400000</misses>
				<total>1</total>
				<timestamp>5954.155704</timestamp>
			</report>
			<report>
				<misses>198500000</misses>
				<total>2</total>
				<timestamp>5957.156515</timestamp>
			</report>
			<report>
				<misses>198600000</misses>
				<total>3</total>
				<timestamp>5960.157418</timestamp>
			</report>
			<report>
				<misses>198700000</misses>
				<total>2</total>
				<timestamp>5963.158741</timestamp>
			</report>
			<report>
				<misses>198800000</misses>
				<total>3</total>
				<timestamp>5966.160017</timestamp>
			</report>
			<report>
				<misses>198900000</misses>
				<total>3</total>
				<timestamp>5969.161307</timestamp>
			</report>
			<report>
				<misses>199000000</misses>
				<total>2</total>
				<timestamp>5972.162420</timestamp>
			</report>
			<report>
				<misses>199100000</misses>
				<total>1</total>
				<timestamp>5975.163356</timestamp>
			</report>
			<report>
				<misses>199200000</misses>
				<total>2</total>
				<timestamp>5978.164343</timestamp>
			</report>
			<report>
				<misses>199300000</misses>
				<total>3</total>
				<timestamp>5981.165338</timestamp>
			</report>
			<report>
				<misses>199400000</misses>
				<total>4</total>
				<timestamp>5984.166383</timestamp>
			</report>
			<report>
				<misses>199500000</misses>
				<total>1</total>
				<timestamp>5987.167983</timestamp>
			</report>
			<report>
				<misses>199600000</misses>
				<total>4</total>
				<timestamp>5990.169360</timestamp>
			</report>
			<report>
				<misses>199700000</misses>
				<total>1</total>
				<timestamp>5993.169896</timestamp>
			</report>
			<report>
				<misses>199800000</misses>
				<total>3</total>
				<timestamp>5996.170831</timestamp>
			</report>
			<report>
				<misses>199900000</misses>
				<total>4</total>
				<timestamp>5999.172534</timestamp>
			</report>
			<report>
				<misses>200000000</misses>
				<total>2</total>
				<timestamp>6002.173793</timestamp>
			</report>
			<report>
				<misses>200100000</misses>
				<total>4</total>
				<timestamp>6005.174949</timestamp>
			</report>
			<report>
				<misses>200200000</misses>
				<total>1</total>
				<timestamp>6008.175917</timestamp>
			</report>
			<report>
				<misses>200300000</misses>
				<total>2</total>
				<timestamp>6011.176974</timestamp>
			</report>
			<report>
				<misses>200400000</misses>
				<total>4</total>
				<timestamp>6014.177687</timestamp>
			</report>
			<report>
				<misses>200500000</misses>
				<total>1</total>
				<timestamp>6017.178776</timestamp>
			</report>
			<report>
				<misses>200600000</misses>
				<total>3</total>
				<timestamp>6020.180224</timestamp>
			</report>
			<report>
				<misses>200700000</misses>
				<total>3</total>
				<timestamp>6023.181414</timestamp>
			</report>
			<report>
				<misses>200800000</misses>
				<total>3</total>
				<timestamp>6026.182373</timestamp>
			</report>
			<report>
				<misses>200900000</misses>
				<total>2</total>
				<timestamp>6029.183155</timestamp>
			</report>
			<report>
				<misses>201000000</misses>
				<total>3</total>
				<timestamp>6032.184318</timestamp>
			</report>
			<report>
				<misses>201100000</misses>
				<total>3</total>
				<timestamp>6035.185255</timestamp>
			</report>
			<report>
				<misses>201200000</misses>
				<total>1</total>
				<timestamp>6038.186397</timestamp>
			</report>
			<report>
				<misses>201300000</misses>
				<total>3</total>
				<timestamp>6041.187473</timestamp>
			</report>
			<report>
				<misses>201400000</misses>
				<total>3</total>
				<timestamp>6044.188739</timestamp>
			</report>
			<report>
				<misses>201500000</misses>
				<total>2</total>
				<timestamp>6047.189790</timestamp>
			</report>
			<report>
				<misses>201600000</misses>
				<total>2</total>
				<timestamp>6050.190871</timestamp>
			</report>
			<report>
				<misses>201700000</misses>
				<total>3</total>
				<timestamp>6053.191524</timestamp>
			</report>
			<report>
				<misses>201800000</misses>
				<total>3</total>
				<timestamp>6056.193578</timestamp>
			</report>
			<report>
				<misses>201900000</misses>
				<total>3</total>
				<timestamp>6059.194605</timestamp>
			</report>
			<report>
				<misses>202000000</misses>
				<total>2</total>
				<timestamp>6062.196022</timestamp>
			</report>
			<report>
				<misses>202100000</misses>
				<total>3</total>
				<timestamp>6065.197435</timestamp>
			</report>
			<report>
				<misses>202200000</misses>
				<total>2</total>
				<timestamp>6068.198828</timestamp>
			</report>
			<report>
				<misses>202300000</misses>
				<total>1</total>
				<timestamp>6071.200132</timestamp>
			</report>
			<report>
				<misses>202400000</misses>
				<total>2</total>
				<timestamp>6074.201243</timestamp>
			</report>
			<report>
				<misses>202500000</misses>
				<total>3</total>
				<timestamp>6077.202185</timestamp>
			</report>
			<report>
				<misses>202600000</misses>
				<total>3</total>
				<timestamp>6080.203804</timestamp>
			</report>
			<report>
				<misses>202700000</misses>
				<total>1</total>
				<timestamp>6083.205288</timestamp>
			</report>
			<report>
				<misses>202800000</misses>
				<total>2</total>
				<timestamp>6086.206594</timestamp>
			</report>
			<report>
				<misses>202900000</misses>
				<total>1</total>
				<timestamp>6089.207936</timestamp>
			</report>
			<report>
				<misses>203000000</misses>
				<total>0</total>
				<timestamp>6092.208948</timestamp>
			</report>
			<report>
				<misses>203100000</misses>
				<total>2</total>
				<timestamp>6095.210580</timestamp>
			</report>
			<report>
				<misses>203200000</misses>
				<total>2</total>
				<timestamp>6098.211509</timestamp>
			</report>
			<report>
				<misses>203300000</misses>
				<total>1</total>
				<timestamp>6101.212828</timestamp>
			</report>
			<report>
				<misses>203400000</misses>
				<total>3</total>
				<timestamp>6104.214211</timestamp>
			</report>
			<report>
				<misses>203500000</misses>
				<total>2</total>
				<timestamp>6107.215526</timestamp>
			</report>
			<report>
				<misses>203600000</misses>
				<total>3</total>
				<timestamp>6110.216535</timestamp>
			</report>
			<report>
				<misses>203700000</misses>
				<total>1</total>
				<timestamp>6113.217438</timestamp>
			</report>
			<report>
				<misses>203800000</misses>
				<total>2</total>
				<timestamp>6116.218500</timestamp>
			</report>
			<report>
				<misses>203900000</misses>
				<total>1</total>
				<timestamp>6119.219508</timestamp>
			</report>
			<report>
				<misses>204000000</misses>
				<total>3</total>
				<timestamp>6122.220444</timestamp>
			</report>
			<report>
				<misses>204100000</misses>
				<total>1</total>
				<timestamp>6125.221680</timestamp>
			</report>
			<report>
				<misses>204200000</misses>
				<total>3</total>
				<timestamp>6128.222859</timestamp>
			</report>
			<report>
				<misses>204300000</misses>
				<total>2</total>
				<timestamp>6131.224289</timestamp>
			</report>
			<report>
				<misses>204400000</misses>
				<total>1</total>
				<timestamp>6134.225013</timestamp>
			</report>
			<report>
				<misses>204500000</misses>
				<total>1</total>
				<timestamp>6137.225842</timestamp>
			</report>
			<report>
				<misses>204600000</misses>
				<total>2</total>
				<timestamp>6140.227210</timestamp>
			</report>
			<report>
				<misses>204700000</misses>
				<total>3</total>
				<timestamp>6143.228308</timestamp>
			</report>
			<report>
				<misses>204800000</misses>
				<total>2</total>
				<timestamp>6146.229322</timestamp>
			</report>
			<report>
				<misses>204900000</misses>
				<total>1</total>
				<timestamp>6149.230312</timestamp>
			</report>
			<report>
				<misses>205000000</misses>
				<total>4</total>
				<timestamp>6152.231727</timestamp>
			</report>
			<report>
				<misses>205100000</misses>
				<total>2</total>
				<timestamp>6155.233223</timestamp>
			</report>
			<report>
				<misses>205200000</misses>
				<total>2</total>
				<timestamp>6158.234392</timestamp>
			</report>
			<report>
				<misses>205300000</misses>
				<total>2</total>
				<timestamp>6161.235486</timestamp>
			</report>
			<report>
				<misses>205400000</misses>
				<total>3</total>
				<timestamp>6164.236670</timestamp>
			</report>
			<report>
				<misses>205500000</misses>
				<total>2</total>
				<timestamp>6167.237700</timestamp>
			</report>
			<report>
				<misses>205600000</misses>
				<total>2</total>
				<timestamp>6170.238655</timestamp>
			</report>
			<report>
				<misses>205700000</misses>
				<total>1</total>
				<timestamp>6173.239887</timestamp>
			</report>
			<report>
				<misses>205800000</misses>
				<total>3</total>
				<timestamp>6176.240696</timestamp>
			</report>
			<report>
				<misses>205900000</misses>
				<total>2</total>
				<timestamp>6179.241790</timestamp>
			</report>
			<report>
				<misses>206000000</misses>
				<total>2</total>
				<timestamp>6182.243276</timestamp>
			</report>
			<report>
				<misses>206100000</misses>
				<total>3</total>
				<timestamp>6185.244500</timestamp>
			</report>
			<report>
				<misses>206200000</misses>
				<total>2</total>
				<timestamp>6188.245648</timestamp>
			</report>
			<report>
				<misses>206300000</misses>
				<total>2</total>
				<timestamp>6191.247117</timestamp>
			</report>
			<report>
				<misses>206400000</misses>
				<total>3</total>
				<timestamp>6194.248321</timestamp>
			</report>
			<report>
				<misses>206500000</misses>
				<total>1</total>
				<timestamp>6197.249276</timestamp>
			</report>
			<report>
				<misses>206600000</misses>
				<total>2</total>
				<timestamp>6200.250091</timestamp>
			</report>
			<report>
				<misses>206700000</misses>
				<total>1</total>
				<timestamp>6203.250986</timestamp>
			</report>
			<report>
				<misses>206800000</misses>
				<total>4</total>
				<timestamp>6206.252489</timestamp>
			</report>
			<report>
				<misses>206900000</misses>
				<total>1</total>
				<timestamp>6209.253504</timestamp>
			</report>
			<report>
				<misses>207000000</misses>
				<total>2</total>
				<timestamp>6212.254443</timestamp>
			</report>
			<report>
				<misses>207100000</misses>
				<total>3</total>
				<timestamp>6215.255215</timestamp>
			</report>
			<report>
				<misses>207200000</misses>
				<total>3</total>
				<timestamp>6218.256386</timestamp>
			</report>
			<report>
				<misses>207300000</misses>
				<total>2</total>
				<timestamp>6221.257802</timestamp>
			</report>
			<report>
				<misses>207400000</misses>
				<total>3</total>
				<timestamp>6224.258512</timestamp>
			</report>
			<report>
				<misses>207500000</misses>
				<total>2</total>
				<timestamp>6227.260137</timestamp>
			</report>
			<report>
				<misses>207600000</misses>
				<total>2</total>
				<timestamp>6230.261210</timestamp>
			</report>
			<report>
				<misses>207700000</misses>
				<total>3</total>
				<timestamp>6233.262163</timestamp>
			</report>
			<report>
				<misses>207800000</misses>
				<total>3</total>
				<timestamp>6236.263526</timestamp>
			</report>
			<report>
				<misses>207900000</misses>
				<total>1</total>
				<timestamp>6239.264360</timestamp>
			</report>
			<report>
				<misses>208000000</misses>
				<total>2</total>
				<timestamp>6242.265298</timestamp>
			</report>
			<report>
				<misses>208100000</misses>
				<total>1</total>
				<timestamp>6245.266406</timestamp>
			</report>
			<report>
				<misses>208200000</misses>
				<total>1</total>
				<timestamp>6248.267218</timestamp>
			</report>
			<report>
				<misses>208300000</misses>
				<total>2</total>
				<timestamp>6251.268347</timestamp>
			</report>
			<report>
				<misses>208400000</misses>
				<total>1</total>
				<timestamp>6254.269586</timestamp>
			</report>
			<report>
				<misses>208500000</misses>
				<total>1</total>
				<timestamp>6257.270430</timestamp>
			</report>
			<report>
				<misses>208600000</misses>
				<total>4</total>
				<timestamp>6260.271865</timestamp>
			</report>
			<report>
				<misses>208700000</misses>
				<total>2</total>
				<timestamp>6263.273036</timestamp>
			</report>
			<report>
				<misses>208800000</misses>
				<total>2</total>
				<timestamp>6266.274238</timestamp>
			</report>
			<report>
				<misses>208900000</misses>
				<total>3</total>
				<timestamp>6269.275230</timestamp>
			</report>
			<report>
				<misses>209000000</misses>
				<total>4</total>
				<timestamp>6272.275887</timestamp>
			</report>
			<report>
				<misses>209100000</misses>
				<total>1</total>
				<timestamp>6275.276817</timestamp>
			</report>
			<report>
				<misses>209200000</misses>
				<total>3</total>
				<timestamp>6278.277815</timestamp>
			</report>
			<report>
				<misses>209300000</misses>
				<total>1</total>
				<timestamp>6281.279372</timestamp>
			</report>
			<report>
				<misses>209400000</misses>
				<total>1</total>
				<timestamp>6284.280629</timestamp>
			</report>
			<report>
				<misses>209500000</misses>
				<total>2</total>
				<timestamp>6287.282104</timestamp>
			</report>
			<report>
				<misses>209600000</misses>
				<total>1</total>
				<timestamp>6290.283605</timestamp>
			</report>
			<report>
				<misses>209700000</misses>
				<total>2</total>
				<timestamp>6293.284833</timestamp>
			</report>
			<report>
				<misses>209800000</misses>
				<total>2</total>
				<timestamp>6296.285853</timestamp>
			</report>
			<report>
				<misses>209900000</misses>
				<total>2</total>
				<timestamp>6299.286980</timestamp>
			</report>
			<report>
				<misses>210000000</misses>
				<total>2</total>
				<timestamp>6302.288177</timestamp>
			</report>
			<report>
				<misses>210100000</misses>
				<total>1</total>
				<timestamp>6305.288784</timestamp>
			</report>
			<report>
				<misses>210200000</misses>
				<total>3</total>
				<timestamp>6308.289381</timestamp>
			</report>
			<report>
				<misses>210300000</misses>
				<total>2</total>
				<timestamp>6311.290456</timestamp>
			</report>
			<report>
				<misses>210400000</misses>
				<total>3</total>
				<timestamp>6314.291579</timestamp>
			</report>
			<report>
				<misses>210500000</misses>
				<total>3</total>
				<timestamp>6317.292614</timestamp>
			</report>
			<report>
				<misses>210600000</misses>
				<total>4</total>
				<timestamp>6320.294397</timestamp>
			</report>
			<report>
				<misses>210700000</misses>
				<total>1</total>
				<timestamp>6323.295613</timestamp>
			</report>
			<report>
				<misses>210800000</misses>
				<total>2</total>
				<timestamp>6326.296413</timestamp>
			</report>
			<report>
				<misses>210900000</misses>
				<total>3</total>
				<timestamp>6329.297218</timestamp>
			</report>
			<report>
				<misses>211000000</misses>
				<total>2</total>
				<timestamp>6332.298120</timestamp>
			</report>
			<report>
				<misses>211100000</misses>
				<total>3</total>
				<timestamp>6335.299029</timestamp>
			</report>
			<report>
				<misses>211200000</misses>
				<total>2</total>
				<timestamp>6338.299877</timestamp>
			</report>
			<report>
				<misses>211300000</misses>
				<total>1</total>
				<timestamp>6341.301088</timestamp>
			</report>
			<report>
				<misses>211400000</misses>
				<total>2</total>
				<timestamp>6344.302344</timestamp>
			</report>
			<report>
				<misses>211500000</misses>
				<total>3</total>
				<timestamp>6347.303450</timestamp>
			</report>
			<report>
				<misses>211600000</misses>
				<total>2</total>
				<timestamp>6350.304657</timestamp>
			</report>
			<report>
				<misses>211700000</misses>
				<total>1</total>
				<timestamp>6353.305973</timestamp>
			</report>
			<report>
				<misses>211800000</misses>
				<total>3</total>
				<timestamp>6356.307049</timestamp>
			</report>
			<report>
				<misses>211900000</misses>
				<total>2</total>
				<timestamp>6359.308225</timestamp>
			</report>
			<report>
				<misses>212000000</misses>
				<total>1</total>
				<timestamp>6362.309094</timestamp>
			</report>
			<report>
				<misses>212100000</misses>
				<total>3</total>
				<timestamp>6365.310415</timestamp>
			</report>
			<report>
				<misses>212200000</misses>
				<total>3</total>
				<timestamp>6368.311592</timestamp>
			</report>
			<report>
				<misses>212300000</misses>
				<total>3</total>
				<timestamp>6371.312908</timestamp>
			</report>
			<report>
				<misses>212400000</misses>
				<total>2</total>
				<timestamp>6374.314292</timestamp>
			</report>
			<report>
				<misses>212500000</misses>
				<total>3</total>
				<timestamp>6377.315095</timestamp>
			</report>
			<report>
				<misses>212600000</misses>
				<total>1</total>
				<timestamp>6380.316322</timestamp>
			</report>
			<report>
				<misses>212700000</misses>
				<total>3</total>
				<timestamp>6383.317260</timestamp>
			</report>
			<report>
				<misses>212800000</misses>
				<total>1</total>
				<timestamp>6386.318339</timestamp>
			</report>
			<report>
				<misses>212900000</misses>
				<total>3</total>
				<timestamp>6389.319854</timestamp>
			</report>
			<report>
				<misses>213000000</misses>
				<total>2</total>
				<timestamp>6392.320772</timestamp>
			</report>
			<report>
				<misses>213100000</misses>
				<total>3</total>
				<timestamp>6395.321633</timestamp>
			</report>
			<report>
				<misses>213200000</misses>
				<total>4</total>
				<timestamp>6398.322537</timestamp>
			</report>
			<report>
				<misses>213300000</misses>
				<total>1</total>
				<timestamp>6401.323437</timestamp>
			</report>
			<report>
				<misses>213400000</misses>
				<total>2</total>
				<timestamp>6404.324318</timestamp>
			</report>
			<report>
				<misses>213500000</misses>
				<total>1</total>
				<timestamp>6407.325218</timestamp>
			</report>
			<report>
				<misses>213600000</misses>
				<total>2</total>
				<timestamp>6410.326808</timestamp>
			</report>
			<report>
				<misses>213700000</misses>
				<total>1</total>
				<timestamp>6413.327663</timestamp>
			</report>
			<report>
				<misses>213800000</misses>
				<total>1</total>
				<timestamp>6416.329249</timestamp>
			</report>
			<report>
				<misses>213900000</misses>
				<total>2</total>
				<timestamp>6419.330097</timestamp>
			</report>
			<report>
				<misses>214000000</misses>
				<total>2</total>
				<timestamp>6422.331131</timestamp>
			</report>
			<report>
				<misses>214100000</misses>
				<total>3</total>
				<timestamp>6425.331956</timestamp>
			</report>
			<report>
				<misses>214200000</misses>
				<total>3</total>
				<timestamp>6428.332737</timestamp>
			</report>
			<report>
				<misses>214300000</misses>
				<total>2</total>
				<timestamp>6431.334085</timestamp>
			</report>
			<report>
				<misses>214400000</misses>
				<total>2</total>
				<timestamp>6434.335610</timestamp>
			</report>
			<report>
				<misses>214500000</misses>
				<total>3</total>
				<timestamp>6437.336037</timestamp>
			</report>
			<report>
				<misses>214600000</misses>
				<total>1</total>
				<timestamp>6440.337026</timestamp>
			</report>
			<report>
				<misses>214700000</misses>
				<total>3</total>
				<timestamp>6443.337989</timestamp>
			</report>
			<report>
				<misses>214800000</misses>
				<total>2</total>
				<timestamp>6446.339006</timestamp>
			</report>
			<report>
				<misses>214900000</misses>
				<total>3</total>
				<timestamp>6449.340134</timestamp>
			</report>
			<report>
				<misses>215000000</misses>
				<total>2</total>
				<timestamp>6452.340982</timestamp>
			</report>
			<report>
				<misses>215100000</misses>
				<total>3</total>
				<timestamp>6455.341856</timestamp>
			</report>
			<report>
				<misses>215200000</misses>
				<total>2</total>
				<timestamp>6458.342664</timestamp>
			</report>
			<report>
				<misses>215300000</misses>
				<total>1</total>
				<timestamp>6461.344006</timestamp>
			</report>
			<report>
				<misses>215400000</misses>
				<total>3</total>
				<timestamp>6464.345598</timestamp>
			</report>
			<report>
				<misses>215500000</misses>
				<total>2</total>
				<timestamp>6467.346672</timestamp>
			</report>
			<report>
				<misses>215600000</misses>
				<total>2</total>
				<timestamp>6470.348243</timestamp>
			</report>
			<report>
				<misses>215700000</misses>
				<total>3</total>
				<timestamp>6473.349807</timestamp>
			</report>
			<report>
				<misses>215800000</misses>
				<total>4</total>
				<timestamp>6476.350624</timestamp>
			</report>
			<report>
				<misses>215900000</misses>
				<total>3</total>
				<timestamp>6479.351750</timestamp>
			</report>
			<report>
				<misses>216000000</misses>
				<total>3</total>
				<timestamp>6482.353008</timestamp>
			</report>
			<report>
				<misses>216100000</misses>
				<total>1</total>
				<timestamp>6485.354612</timestamp>
			</report>
			<report>
				<misses>216200000</misses>
				<total>3</total>
				<timestamp>6488.356495</timestamp>
			</report>
			<report>
				<misses>216300000</misses>
				<total>3</total>
				<timestamp>6491.357757</timestamp>
			</report>
			<report>
				<misses>216400000</misses>
				<total>2</total>
				<timestamp>6494.358972</timestamp>
			</report>
			<report>
				<misses>216500000</misses>
				<total>3</total>
				<timestamp>6497.359945</timestamp>
			</report>
			<report>
				<misses>216600000</misses>
				<total>1</total>
				<timestamp>6500.360616</timestamp>
			</report>
			<report>
				<misses>216700000</misses>
				<total>3</total>
				<timestamp>6503.361719</timestamp>
			</report>
			<report>
				<misses>216800000</misses>
				<total>4</total>
				<timestamp>6506.362895</timestamp>
			</report>
			<report>
				<misses>216900000</misses>
				<total>2</total>
				<timestamp>6509.364431</timestamp>
			</report>
			<report>
				<misses>217000000</misses>
				<total>3</total>
				<timestamp>6512.365652</timestamp>
			</report>
			<report>
				<misses>217100000</misses>
				<total>2</total>
				<timestamp>6515.366688</timestamp>
			</report>
			<report>
				<misses>217200000</misses>
				<total>2</total>
				<timestamp>6518.367771</timestamp>
			</report>
			<report>
				<misses>217300000</misses>
				<total>1</total>
				<timestamp>6521.369002</timestamp>
			</report>
			<report>
				<misses>217400000</misses>
				<total>2</total>
				<timestamp>6524.369777</timestamp>
			</report>
			<report>
				<misses>217500000</misses>
				<total>3</total>
				<timestamp>6527.370732</timestamp>
			</report>
			<report>
				<misses>217600000</misses>
				<total>3</total>
				<timestamp>6530.371855</timestamp>
			</report>
			<report>
				<misses>217700000</misses>
				<total>1</total>
				<timestamp>6533.373120</timestamp>
			</report>
			<report>
				<misses>217800000</misses>
				<total>2</total>
				<timestamp>6536.374703</timestamp>
			</report>
			<report>
				<misses>217900000</misses>
				<total>1</total>
				<timestamp>6539.375697</timestamp>
			</report>
			<report>
				<misses>218000000</misses>
				<total>2</total>
				<timestamp>6542.376811</timestamp>
			</report>
			<report>
				<misses>218100000</misses>
				<total>3</total>
				<timestamp>6545.377983</timestamp>
			</report>
			<report>
				<misses>218200000</misses>
				<total>4</total>
				<timestamp>6548.378926</timestamp>
			</report>
			<report>
				<misses>218300000</misses>
				<total>4</total>
				<timestamp>6551.379951</timestamp>
			</report>
			<report>
				<misses>218400000</misses>
				<total>3</total>
				<timestamp>6554.381636</timestamp>
			</report>
			<report>
				<misses>218500000</misses>
				<total>4</total>
				<timestamp>6557.382836</timestamp>
			</report>
			<report>
				<misses>218600000</misses>
				<total>2</total>
				<timestamp>6560.383827</timestamp>
			</report>
			<report>
				<misses>218700000</misses>
				<total>1</total>
				<timestamp>6563.385111</timestamp>
			</report>
			<report>
				<misses>218800000</misses>
				<total>2</total>
				<timestamp>6566.386525</timestamp>
			</report>
			<report>
				<misses>218900000</misses>
				<total>2</total>
				<timestamp>6569.387634</timestamp>
			</report>
			<report>
				<misses>219000000</misses>
				<total>0</total>
				<timestamp>6572.388801</timestamp>
			</report>
			<report>
				<misses>219100000</misses>
				<total>1</total>
				<timestamp>6575.390049</timestamp>
			</report>
			<report>
				<misses>219200000</misses>
				<total>1</total>
				<timestamp>6578.391246</timestamp>
			</report>
			<report>
				<misses>219300000</misses>
				<total>3</total>
				<timestamp>6581.392510</timestamp>
			</report>
			<report>
				<misses>219400000</misses>
				<total>1</total>
				<timestamp>6584.393430</timestamp>
			</report>
			<report>
				<misses>219500000</misses>
				<total>3</total>
				<timestamp>6587.394846</timestamp>
			</report>
			<report>
				<misses>219600000</misses>
				<total>3</total>
				<timestamp>6590.395613</timestamp>
			</report>
			<report>
				<misses>219700000</misses>
				<total>1</total>
				<timestamp>6593.396568</timestamp>
			</report>
			<report>
				<misses>219800000</misses>
				<total>4</total>
				<timestamp>6596.397414</timestamp>
			</report>
			<report>
				<misses>219900000</misses>
				<total>2</total>
				<timestamp>6599.398258</timestamp>
			</report>
			<report>
				<misses>220000000</misses>
				<total>3</total>
				<timestamp>6602.399080</timestamp>
			</report>
			<report>
				<misses>220100000</misses>
				<total>2</total>
				<timestamp>6605.399995</timestamp>
			</report>
			<report>
				<misses>220200000</misses>
				<total>3</total>
				<timestamp>6608.400949</timestamp>
			</report>
			<report>
				<misses>220300000</misses>
				<total>2</total>
				<timestamp>6611.401671</timestamp>
			</report>
			<report>
				<misses>220400000</misses>
				<total>2</total>
				<timestamp>6614.402825</timestamp>
			</report>
			<report>
				<misses>220500000</misses>
				<total>1</total>
				<timestamp>6617.403867</timestamp>
			</report>
			<report>
				<misses>220600000</misses>
				<total>3</total>
				<timestamp>6620.404954</timestamp>
			</report>
			<report>
				<misses>220700000</misses>
				<total>2</total>
				<timestamp>6623.405890</timestamp>
			</report>
			<report>
				<misses>220800000</misses>
				<total>2</total>
				<timestamp>6626.407116</timestamp>
			</report>
			<report>
				<misses>220900000</misses>
				<total>2</total>
				<timestamp>6629.408216</timestamp>
			</report>
			<report>
				<misses>221000000</misses>
				<total>2</total>
				<timestamp>6632.409026</timestamp>
			</report>
			<report>
				<misses>221100000</misses>
				<total>3</total>
				<timestamp>6635.410066</timestamp>
			</report>
			<report>
				<misses>221200000</misses>
				<total>2</total>
				<timestamp>6638.410975</timestamp>
			</report>
			<report>
				<misses>221300000</misses>
				<total>1</total>
				<timestamp>6641.412107</timestamp>
			</report>
			<report>
				<misses>221400000</misses>
				<total>3</total>
				<timestamp>6644.412955</timestamp>
			</report>
			<report>
				<misses>221500000</misses>
				<total>2</total>
				<timestamp>6647.413674</timestamp>
			</report>
			<report>
				<misses>221600000</misses>
				<total>1</total>
				<timestamp>6650.414694</timestamp>
			</report>
			<report>
				<misses>221700000</misses>
				<total>2</total>
				<timestamp>6653.415879</timestamp>
			</report>
			<report>
				<misses>221800000</misses>
				<total>1</total>
				<timestamp>6656.416823</timestamp>
			</report>
			<report>
				<misses>221900000</misses>
				<total>1</total>
				<timestamp>6659.418176</timestamp>
			</report>
			<report>
				<misses>222000000</misses>
				<total>2</total>
				<timestamp>6662.419539</timestamp>
			</report>
			<report>
				<misses>222100000</misses>
				<total>1</total>
				<timestamp>6665.420405</timestamp>
			</report>
			<report>
				<misses>222200000</misses>
				<total>2</total>
				<timestamp>6668.421325</timestamp>
			</report>
			<report>
				<misses>222300000</misses>
				<total>2</total>
				<timestamp>6671.422180</timestamp>
			</report>
			<report>
				<misses>222400000</misses>
				<total>4</total>
				<timestamp>6674.423040</timestamp>
			</report>
			<report>
				<misses>222500000</misses>
				<total>3</total>
				<timestamp>6677.424260</timestamp>
			</report>
			<report>
				<misses>222600000</misses>
				<total>1</total>
				<timestamp>6680.425199</timestamp>
			</report>
			<report>
				<misses>222700000</misses>
				<total>1</total>
				<timestamp>6683.425955</timestamp>
			</report>
			<report>
				<misses>222800000</misses>
				<total>1</total>
				<timestamp>6686.427315</timestamp>
			</report>
			<report>
				<misses>222900000</misses>
				<total>3</total>
				<timestamp>6689.428745</timestamp>
			</report>
			<report>
				<misses>223000000</misses>
				<total>2</total>
				<timestamp>6692.429227</timestamp>
			</report>
			<report>
				<misses>223100000</misses>
				<total>3</total>
				<timestamp>6695.430768</timestamp>
			</report>
			<report>
				<misses>223200000</misses>
				<total>1</total>
				<timestamp>6698.432224</timestamp>
			</report>
			<report>
				<misses>223300000</misses>
				<total>1</total>
				<timestamp>6701.433671</timestamp>
			</report>
			<report>
				<misses>223400000</misses>
				<total>3</total>
				<timestamp>6704.434886</timestamp>
			</report>
			<report>
				<misses>223500000</misses>
				<total>2</total>
				<timestamp>6707.436138</timestamp>
			</report>
			<report>
				<misses>223600000</misses>
				<total>1</total>
				<timestamp>6710.436745</timestamp>
			</report>
			<report>
				<misses>223700000</misses>
				<total>3</total>
				<timestamp>6713.437474</timestamp>
			</report>
			<report>
				<misses>223800000</misses>
				<total>2</total>
				<timestamp>6716.438782</timestamp>
			</report>
			<report>
				<misses>223900000</misses>
				<total>2</total>
				<timestamp>6719.439932</timestamp>
			</report>
			<report>
				<misses>224000000</misses>
				<total>1</total>
				<timestamp>6722.441453</timestamp>
			</report>
			<report>
				<misses>224100000</misses>
				<total>4</total>
				<timestamp>6725.442591</timestamp>
			</report>
			<report>
				<misses>224200000</misses>
				<total>3</total>
				<timestamp>6728.443760</timestamp>
			</report>
			<report>
				<misses>224300000</misses>
				<total>3</total>
				<timestamp>6731.445011</timestamp>
			</report>
			<report>
				<misses>224400000</misses>
				<total>2</total>
				<timestamp>6734.445776</timestamp>
			</report>
			<report>
				<misses>224500000</misses>
				<total>1</total>
				<timestamp>6737.446839</timestamp>
			</report>
			<report>
				<misses>224600000</misses>
				<total>0</total>
				<timestamp>6740.447829</timestamp>
			</report>
			<report>
				<misses>224700000</misses>
				<total>3</total>
				<timestamp>6743.448712</timestamp>
			</report>
			<report>
				<misses>224800000</misses>
				<total>2</total>
				<timestamp>6746.450011</timestamp>
			</report>
			<report>
				<misses>224900000</misses>
				<total>1</total>
				<timestamp>6749.450841</timestamp>
			</report>
			<report>
				<misses>225000000</misses>
				<total>2</total>
				<timestamp>6752.451906</timestamp>
			</report>
			<report>
				<misses>225100000</misses>
				<total>2</total>
				<timestamp>6755.452824</timestamp>
			</report>
			<report>
				<misses>225200000</misses>
				<total>2</total>
				<timestamp>6758.454347</timestamp>
			</report>
			<report>
				<misses>225300000</misses>
				<total>1</total>
				<timestamp>6761.455258</timestamp>
			</report>
			<report>
				<misses>225400000</misses>
				<total>2</total>
				<timestamp>6764.456548</timestamp>
			</report>
			<report>
				<misses>225500000</misses>
				<total>2</total>
				<timestamp>6767.458016</timestamp>
			</report>
			<report>
				<misses>225600000</misses>
				<total>3</total>
				<timestamp>6770.458900</timestamp>
			</report>
			<report>
				<misses>225700000</misses>
				<total>3</total>
				<timestamp>6773.459667</timestamp>
			</report>
			<report>
				<misses>225800000</misses>
				<total>2</total>
				<timestamp>6776.460789</timestamp>
			</report>
			<report>
				<misses>225900000</misses>
				<total>2</total>
				<timestamp>6779.461673</timestamp>
			</report>
			<report>
				<misses>226000000</misses>
				<total>1</total>
				<timestamp>6782.463145</timestamp>
			</report>
			<report>
				<misses>226100000</misses>
				<total>3</total>
				<timestamp>6785.464677</timestamp>
			</report>
			<report>
				<misses>226200000</misses>
				<total>4</total>
				<timestamp>6788.465756</timestamp>
			</report>
			<report>
				<misses>226300000</misses>
				<total>3</total>
				<timestamp>6791.466887</timestamp>
			</report>
			<report>
				<misses>226400000</misses>
				<total>3</total>
				<timestamp>6794.468187</timestamp>
			</report>
			<report>
				<misses>226500000</misses>
				<total>1</total>
				<timestamp>6797.469328</timestamp>
			</report>
			<report>
				<misses>226600000</misses>
				<total>1</total>
				<timestamp>6800.470742</timestamp>
			</report>
			<report>
				<misses>226700000</misses>
				<total>1</total>
				<timestamp>6803.471936</timestamp>
			</report>
			<report>
				<misses>226800000</misses>
				<total>2</total>
				<timestamp>6806.473359</timestamp>
			</report>
			<report>
				<misses>226900000</misses>
				<total>3</total>
				<timestamp>6809.474092</timestamp>
			</report>
			<report>
				<misses>227000000</misses>
				<total>3</total>
				<timestamp>6812.475259</timestamp>
			</report>
			<report>
				<misses>227100000</misses>
				<total>3</total>
				<timestamp>6815.476288</timestamp>
			</report>
			<report>
				<misses>227200000</misses>
				<total>0</total>
				<timestamp>6818.477120</timestamp>
			</report>
			<report>
				<misses>227300000</misses>
				<total>4</total>
				<timestamp>6821.478111</timestamp>
			</report>
			<report>
				<misses>227400000</misses>
				<total>2</total>
				<timestamp>6824.479165</timestamp>
			</report>
			<report>
				<misses>227500000</misses>
				<total>3</total>
				<timestamp>6827.480078</timestamp>
			</report>
			<report>
				<misses>227600000</misses>
				<total>2</total>
				<timestamp>6830.481151</timestamp>
			</report>
			<report>
				<misses>227700000</misses>
				<total>2</total>
				<timestamp>6833.481679</timestamp>
			</report>
			<report>
				<misses>227800000</misses>
				<total>3</total>
				<timestamp>6836.482710</timestamp>
			</report>
			<report>
				<misses>227900000</misses>
				<total>1</total>
				<timestamp>6839.483914</timestamp>
			</report>
			<report>
				<misses>228000000</misses>
				<total>1</total>
				<timestamp>6842.485196</timestamp>
			</report>
			<report>
				<misses>228100000</misses>
				<total>4</total>
				<timestamp>6845.486389</timestamp>
			</report>
			<report>
				<misses>228200000</misses>
				<total>1</total>
				<timestamp>6848.487621</timestamp>
			</report>
			<report>
				<misses>228300000</misses>
				<total>3</total>
				<timestamp>6851.488555</timestamp>
			</report>
			<report>
				<misses>228400000</misses>
				<total>2</total>
				<timestamp>6854.489402</timestamp>
			</report>
			<report>
				<misses>228500000</misses>
				<total>3</total>
				<timestamp>6857.490815</timestamp>
			</report>
			<report>
				<misses>228600000</misses>
				<total>2</total>
				<timestamp>6860.491518</timestamp>
			</report>
			<report>
				<misses>228700000</misses>
				<total>2</total>
				<timestamp>6863.492730</timestamp>
			</report>
			<report>
				<misses>228800000</misses>
				<total>4</total>
				<timestamp>6866.493839</timestamp>
			</report>
			<report>
				<misses>228900000</misses>
				<total>4</total>
				<timestamp>6869.494935</timestamp>
			</report>
			<report>
				<misses>229000000</misses>
				<total>4</total>
				<timestamp>6872.496452</timestamp>
			</report>
			<report>
				<misses>229100000</misses>
				<total>1</total>
				<timestamp>6875.497505</timestamp>
			</report>
			<report>
				<misses>229200000</misses>
				<total>2</total>
				<timestamp>6878.498338</timestamp>
			</report>
			<report>
				<misses>229300000</misses>
				<total>1</total>
				<timestamp>6881.499295</timestamp>
			</report>
			<report>
				<misses>229400000</misses>
				<total>2</total>
				<timestamp>6884.500402</timestamp>
			</report>
			<report>
				<misses>229500000</misses>
				<total>4</total>
				<timestamp>6887.501451</timestamp>
			</report>
			<report>
				<misses>229600000</misses>
				<total>1</total>
				<timestamp>6890.502284</timestamp>
			</report>
			<report>
				<misses>229700000</misses>
				<total>2</total>
				<timestamp>6893.503337</timestamp>
			</report>
			<report>
				<misses>229800000</misses>
				<total>1</total>
				<timestamp>6896.504594</timestamp>
			</report>
			<report>
				<misses>229900000</misses>
				<total>1</total>
				<timestamp>6899.505588</timestamp>
			</report>
			<report>
				<misses>230000000</misses>
				<total>1</total>
				<timestamp>6902.506914</timestamp>
			</report>
			<report>
				<misses>230100000</misses>
				<total>3</total>
				<timestamp>6905.508405</timestamp>
			</report>
			<report>
				<misses>230200000</misses>
				<total>3</total>
				<timestamp>6908.509405</timestamp>
			</report>
			<report>
				<misses>230300000</misses>
				<total>2</total>
				<timestamp>6911.510336</timestamp>
			</report>
			<report>
				<misses>230400000</misses>
				<total>1</total>
				<timestamp>6914.511381</timestamp>
			</report>
			<report>
				<misses>230500000</misses>
				<total>3</total>
				<timestamp>6917.512277</timestamp>
			</report>
			<report>
				<misses>230600000</misses>
				<total>2</total>
				<timestamp>6920.513090</timestamp>
			</report>
			<report>
				<misses>230700000</misses>
				<total>2</total>
				<timestamp>6923.514523</timestamp>
			</report>
			<report>
				<misses>230800000</misses>
				<total>2</total>
				<timestamp>6926.515581</timestamp>
			</report>
			<report>
				<misses>230900000</misses>
				<total>1</total>
				<timestamp>6929.516342</timestamp>
			</report>
			<report>
				<misses>231000000</misses>
				<total>2</total>
				<timestamp>6932.517323</timestamp>
			</report>
			<report>
				<misses>231100000</misses>
				<total>3</total>
				<timestamp>6935.518175</timestamp>
			</report>
			<report>
				<misses>231200000</misses>
				<total>3</total>
				<timestamp>6938.519026</timestamp>
			</report>
			<report>
				<misses>231300000</misses>
				<total>3</total>
				<timestamp>6941.519906</timestamp>
			</report>
			<report>
				<misses>231400000</misses>
				<total>3</total>
				<timestamp>6944.520862</timestamp>
			</report>
			<report>
				<misses>231500000</misses>
				<total>1</total>
				<timestamp>6947.521516</timestamp>
			</report>
			<report>
				<misses>231600000</misses>
				<total>2</total>
				<timestamp>6950.522122</timestamp>
			</report>
			<report>
				<misses>231700000</misses>
				<total>1</total>
				<timestamp>6953.522814</timestamp>
			</report>
			<report>
				<misses>231800000</misses>
				<total>2</total>
				<timestamp>6956.523681</timestamp>
			</report>
			<report>
				<misses>231900000</misses>
				<total>4</total>
				<timestamp>6959.524411</timestamp>
			</report>
			<report>
				<misses>232000000</misses>
				<total>1</total>
				<timestamp>6962.525418</timestamp>
			</report>
			<report>
				<misses>232100000</misses>
				<total>1</total>
				<timestamp>6965.526979</timestamp>
			</report>
			<report>
				<misses>232200000</misses>
				<total>1</total>
				<timestamp>6968.528155</timestamp>
			</report>
			<report>
				<misses>232300000</misses>
				<total>2</total>
				<timestamp>6971.529327</timestamp>
			</report>
			<report>
				<misses>232400000</misses>
				<total>1</total>
				<timestamp>6974.530686</timestamp>
			</report>
			<report>
				<misses>232500000</misses>
				<total>4</total>
				<timestamp>6977.531638</timestamp>
			</report>
			<report>
				<misses>232600000</misses>
				<total>2</total>
				<timestamp>6980.532628</timestamp>
			</report>
			<report>
				<misses>232700000</misses>
				<total>2</total>
				<timestamp>6983.533867</timestamp>
			</report>
			<report>
				<misses>232800000</misses>
				<total>2</total>
				<timestamp>6986.535099</timestamp>
			</report>
			<report>
				<misses>232900000</misses>
				<total>4</total>
				<timestamp>6989.536411</timestamp>
			</report>
			<report>
				<misses>233000000</misses>
				<total>1</total>
				<timestamp>6992.537546</timestamp>
			</report>
			<report>
				<misses>233100000</misses>
				<total>2</total>
				<timestamp>6995.538794</timestamp>
			</report>
			<report>
				<misses>233200000</misses>
				<total>2</total>
				<timestamp>6998.539787</timestamp>
			</report>
			<report>
				<misses>233300000</misses>
				<total>1</total>
				<timestamp>7001.540877</timestamp>
			</report>
			<report>
				<misses>233400000</misses>
				<total>2</total>
				<timestamp>7004.542375</timestamp>
			</report>
			<report>
				<misses>233500000</misses>
				<total>2</total>
				<timestamp>7007.543002</timestamp>
			</report>
			<report>
				<misses>233600000</misses>
				<total>2</total>
				<timestamp>7010.543888</timestamp>
			</report>
			<report>
				<misses>233700000</misses>
				<total>2</total>
				<timestamp>7013.544806</timestamp>
			</report>
			<report>
				<misses>233800000</misses>
				<total>1</total>
				<timestamp>7016.545769</timestamp>
			</report>
			<report>
				<misses>233900000</misses>
				<total>2</total>
				<timestamp>7019.546434</timestamp>
			</report>
			<report>
				<misses>234000000</misses>
				<total>2</total>
				<timestamp>7022.547416</timestamp>
			</report>
			<report>
				<misses>234100000</misses>
				<total>3</total>
				<timestamp>7025.548675</timestamp>
			</report>
			<report>
				<misses>234200000</misses>
				<total>3</total>
				<timestamp>7028.549462</timestamp>
			</report>
			<report>
				<misses>234300000</misses>
				<total>2</total>
				<timestamp>7031.550328</timestamp>
			</report>
			<report>
				<misses>234400000</misses>
				<total>1</total>
				<timestamp>7034.551091</timestamp>
			</report>
			<report>
				<misses>234500000</misses>
				<total>1</total>
				<timestamp>7037.552142</timestamp>
			</report>
			<report>
				<misses>234600000</misses>
				<total>3</total>
				<timestamp>7040.554069</timestamp>
			</report>
			<report>
				<misses>234700000</misses>
				<total>2</total>
				<timestamp>7043.555249</timestamp>
			</report>
			<report>
				<misses>234800000</misses>
				<total>2</total>
				<timestamp>7046.556135</timestamp>
			</report>
			<report>
				<misses>234900000</misses>
				<total>3</total>
				<timestamp>7049.557193</timestamp>
			</report>
			<report>
				<misses>235000000</misses>
				<total>2</total>
				<timestamp>7052.558288</timestamp>
			</report>
			<report>
				<misses>235100000</misses>
				<total>1</total>
				<timestamp>7055.559799</timestamp>
			</report>
			<report>
				<misses>235200000</misses>
				<total>4</total>
				<timestamp>7058.560778</timestamp>
			</report>
			<report>
				<misses>235300000</misses>
				<total>3</total>
				<timestamp>7061.562208</timestamp>
			</report>
			<report>
				<misses>235400000</misses>
				<total>3</total>
				<timestamp>7064.563384</timestamp>
			</report>
			<report>
				<misses>235500000</misses>
				<total>2</total>
				<timestamp>7067.565122</timestamp>
			</report>
			<report>
				<misses>235600000</misses>
				<total>2</total>
				<timestamp>7070.566156</timestamp>
			</report>
			<report>
				<misses>235700000</misses>
				<total>1</total>
				<timestamp>7073.567252</timestamp>
			</report>
			<report>
				<misses>235800000</misses>
				<total>4</total>
				<timestamp>7076.567977</timestamp>
			</report>
			<report>
				<misses>235900000</misses>
				<total>4</total>
				<timestamp>7079.569388</timestamp>
			</report>
			<report>
				<misses>236000000</misses>
				<total>2</total>
				<timestamp>7082.570805</timestamp>
			</report>
			<report>
				<misses>236100000</misses>
				<total>4</total>
				<timestamp>7085.572164</timestamp>
			</report>
			<report>
				<misses>236200000</misses>
				<total>3</total>
				<timestamp>7088.573362</timestamp>
			</report>
			<report>
				<misses>236300000</misses>
				<total>2</total>
				<timestamp>7091.574361</timestamp>
			</report>
			<report>
				<misses>236400000</misses>
				<total>1</total>
				<timestamp>7094.576286</timestamp>
			</report>
			<report>
				<misses>236500000</misses>
				<total>1</total>
				<timestamp>7097.577398</timestamp>
			</report>
			<report>
				<misses>236600000</misses>
				<total>0</total>
				<timestamp>7100.578430</timestamp>
			</report>
			<report>
				<misses>236700000</misses>
				<total>1</total>
				<timestamp>7103.579599</timestamp>
			</report>
			<report>
				<misses>236800000</misses>
				<total>2</total>
				<timestamp>7106.580706</timestamp>
			</report>
			<report>
				<misses>236900000</misses>
				<total>4</total>
				<timestamp>7109.582152</timestamp>
			</report>
			<report>
				<misses>237000000</misses>
				<total>3</total>
				<timestamp>7112.583388</timestamp>
			</report>
			<report>
				<misses>237100000</misses>
				<total>1</total>
				<timestamp>7115.584823</timestamp>
			</report>
			<report>
				<misses>237200000</misses>
				<total>2</total>
				<timestamp>7118.585485</timestamp>
			</report>
			<report>
				<misses>237300000</misses>
				<total>3</total>
				<timestamp>7121.586111</timestamp>
			</report>
			<report>
				<misses>237400000</misses>
				<total>3</total>
				<timestamp>7124.587113</timestamp>
			</report>
			<report>
				<misses>237500000</misses>
				<total>1</total>
				<timestamp>7127.588403</timestamp>
			</report>
			<report>
				<misses>237600000</misses>
				<total>3</total>
				<timestamp>7130.589560</timestamp>
			</report>
			<report>
				<misses>237700000</misses>
				<total>1</total>
				<timestamp>7133.590605</timestamp>
			</report>
			<report>
				<misses>237800000</misses>
				<total>2</total>
				<timestamp>7136.591272</timestamp>
			</report>
			<report>
				<misses>237900000</misses>
				<total>2</total>
				<timestamp>7139.592138</timestamp>
			</report>
			<report>
				<misses>238000000</misses>
				<total>1</total>
				<timestamp>7142.593394</timestamp>
			</report>
			<report>
				<misses>238100000</misses>
				<total>3</total>
				<timestamp>7145.594302</timestamp>
			</report>
			<report>
				<misses>238200000</misses>
				<total>2</total>
				<timestamp>7148.595654</timestamp>
			</report>
			<report>
				<misses>238300000</misses>
				<total>3</total>
				<timestamp>7151.596553</timestamp>
			</report>
			<report>
				<misses>238400000</misses>
				<total>3</total>
				<timestamp>7154.597481</timestamp>
			</report>
			<report>
				<misses>238500000</misses>
				<total>2</total>
				<timestamp>7157.598559</timestamp>
			</report>
			<report>
				<misses>238600000</misses>
				<total>3</total>
				<timestamp>7160.599347</timestamp>
			</report>
			<report>
				<misses>238700000</misses>
				<total>2</total>
				<timestamp>7163.600473</timestamp>
			</report>
			<report>
				<misses>238800000</misses>
				<total>3</total>
				<timestamp>7166.601950</timestamp>
			</report>
			<report>
				<misses>238900000</misses>
				<total>3</total>
				<timestamp>7169.602609</timestamp>
			</report>
			<report>
				<misses>239000000</misses>
				<total>3</total>
				<timestamp>7172.603345</timestamp>
			</report>
			<report>
				<misses>239100000</misses>
				<total>4</total>
				<timestamp>7175.604335</timestamp>
			</report>
			<report>
				<misses>239200000</misses>
				<total>4</total>
				<timestamp>7178.605462</timestamp>
			</report>
			<report>
				<misses>239300000</misses>
				<total>4</total>
				<timestamp>7181.606899</timestamp>
			</report>
			<report>
				<misses>239400000</misses>
				<total>1</total>
				<timestamp>7184.607720</timestamp>
			</report>
			<report>
				<misses>239500000</misses>
				<total>2</total>
				<timestamp>7187.608655</timestamp>
			</report>
			<report>
				<misses>239600000</misses>
				<total>2</total>
				<timestamp>7190.610158</timestamp>
			</report>
			<report>
				<misses>239700000</misses>
				<total>1</total>
				<timestamp>7193.611544</timestamp>
			</report>
			<report>
				<misses>239800000</misses>
				<total>4</total>
				<timestamp>7196.612701</timestamp>
			</report>
		</query>
	</custom>
	<ethtool_statistic>
		<rx_packets>
			<start>13660</start>
			<end>16532</end>
		</rx_packets>
		<tx_packets>
			<start>1660813617</start>
			<end>3340045316</end>
		</tx_packets>
		<rx_dropped>
			<start>0</start>
			<end>0</end>
		</rx_dropped>
		<tx_dropped>
			<start>0</start>
			<end>0</end>
		</tx_dropped>
		<collisions>
			<start>0</start>
			<end>0</end>
		</collisions>
		<port_tx_errors>
			<start>0</start>
			<end>0</end>
		</port_tx_errors>
		<port_rx_dropped>
			<start>0</start>
			<end>0</end>
		</port_rx_dropped>
		<port_tx_dropped_link_down>
			<start>0</start>
			<end>0</end>
		</port_tx_dropped_link_down>
	</ethtool_statistic>
	<ip_statistic>
		<mtu>
			<start>1500</start>
			<end>1500</end>
		</mtu>
		<rx_bytes>
			<start>885730</start>
			<end>1059688</end>
		</rx_bytes>
		<rx_packets>
			<start>13660</start>
			<end>16532</end>
		</rx_packets>
		<rx_errors>
			<start>0</start>
			<end>0</end>
		</rx_errors>
		<rx_dropped>
			<start>0</start>
			<end>0</end>
		</rx_dropped>
		<rx_missed>
			<start>0</start>
			<end>0</end>
		</rx_missed>
		<rx_mcast>
			<start>1835</start>
			<end>1859</end>
		</rx_mcast>
		<tx_bytes>
			<start>960499543654</start>
			<end>3154532104748</end>
		</tx_bytes>
		<tx_packets>
			<start>1660813617</start>
			<end>3340045316</end>
		</tx_packets>
		<tx_errors>
			<start>0</start>
			<end>0</end>
		</tx_errors>
		<tx_dropped>
			<start>0</start>
			<end>0</end>
		</tx_dropped>
		<tx_carrier>
			<start>0</start>
			<end>0</end>
		</tx_carrier>
		<tx_collisions>
			<start>0</start>
			<end>0</end>
		</tx_collisions>
	</ip_statistic>
	<netstat_statistic>
		<udp_pkg_rec>
			<start>524318634</start>
			<end>955484085</end>
		</udp_pkg_rec>
		<udp_pkg_snt>
			<start>1675564155</start>
			<end>2426524828</end>
		</udp_pkg_snt>
		<udp_rec_err>
			<start>105279813</start>
			<end>159338631</end>
		</udp_rec_err>
		<udp_rec_buf_err>
			<start>105279813</start>
			<end>159338631</end>
		</udp_rec_buf_err>
		<udp_snt_buf_err>
			<start>0</start>
			<end>0</end>
		</udp_snt_buf_err>
	</netstat_statistic>
</test_results>
