<?xml version="1.0"?>
<test_results>
	<status>STATUS_SUCCESS</status>
	<custom>
		<num_loss>0</num_loss>
		<num_total>55378012</num_total>
		<num_misses>666</num_misses>
		<elapsed_time>7199.156253</elapsed_time>
		<query>
			<report>
				<misses>100000</misses>
				<total>1</total>
				<timestamp>13.000821</timestamp>
			</report>
			<report>
				<misses>200000</misses>
				<total>1</total>
				<timestamp>26.001207</timestamp>
			</report>
			<report>
				<misses>300000</misses>
				<total>1</total>
				<timestamp>39.001235</timestamp>
			</report>
			<report>
				<misses>400000</misses>
				<total>0</total>
				<timestamp>52.001600</timestamp>
			</report>
			<report>
				<misses>500000</misses>
				<total>1</total>
				<timestamp>65.001452</timestamp>
			</report>
			<report>
				<misses>600000</misses>
				<total>1</total>
				<timestamp>78.001458</timestamp>
			</report>
			<report>
				<misses>700000</misses>
				<total>1</total>
				<timestamp>91.001326</timestamp>
			</report>
			<report>
				<misses>800000</misses>
				<total>1</total>
				<timestamp>104.001209</timestamp>
			</report>
			<report>
				<misses>900000</misses>
				<total>1</total>
				<timestamp>117.001184</timestamp>
			</report>
			<report>
				<misses>1000000</misses>
				<total>1</total>
				<timestamp>130.001047</timestamp>
			</report>
			<report>
				<misses>1100000</misses>
				<total>1</total>
				<timestamp>143.000930</timestamp>
			</report>
			<report>
				<misses>1200000</misses>
				<total>1</total>
				<timestamp>156.001067</timestamp>
			</report>
			<report>
				<misses>1300000</misses>
				<total>1</total>
				<timestamp>169.001352</timestamp>
			</report>
			<report>
				<misses>1400000</misses>
				<total>1</total>
				<timestamp>182.001591</timestamp>
			</report>
			<report>
				<misses>1500000</misses>
				<total>1</total>
				<timestamp>195.001590</timestamp>
			</report>
			<report>
				<misses>1600000</misses>
				<total>1</total>
				<timestamp>208.001579</timestamp>
			</report>
			<report>
				<misses>1700000</misses>
				<total>1</total>
				<timestamp>221.001571</timestamp>
			</report>
			<report>
				<misses>1800000</misses>
				<total>1</total>
				<timestamp>234.001607</timestamp>
			</report>
			<report>
				<misses>1900000</misses>
				<total>1</total>
				<timestamp>247.002096</timestamp>
			</report>
			<report>
				<misses>2000000</misses>
				<total>1</total>
				<timestamp>260.002496</timestamp>
			</report>
			<report>
				<misses>2100000</misses>
				<total>1</total>
				<timestamp>273.002628</timestamp>
			</report>
			<report>
				<misses>2200000</misses>
				<total>0</total>
				<timestamp>286.002628</timestamp>
			</report>
			<report>
				<misses>2300000</misses>
				<total>1</total>
				<timestamp>299.002753</timestamp>
			</report>
			<report>
				<misses>2400000</misses>
				<total>1</total>
				<timestamp>312.002818</timestamp>
			</report>
			<report>
				<misses>2500000</misses>
				<total>1</total>
				<timestamp>325.002887</timestamp>
			</report>
			<report>
				<misses>2600000</misses>
				<total>0</total>
				<timestamp>338.003033</timestamp>
			</report>
			<report>
				<misses>2700000</misses>
				<total>1</total>
				<timestamp>351.002887</timestamp>
			</report>
			<report>
				<misses>2800000</misses>
				<total>1</total>
				<timestamp>364.002893</timestamp>
			</report>
			<report>
				<misses>2900000</misses>
				<total>1</total>
				<timestamp>377.002880</timestamp>
			</report>
			<report>
				<misses>3000000</misses>
				<total>1</total>
				<timestamp>390.002903</timestamp>
			</report>
			<report>
				<misses>3100000</misses>
				<total>1</total>
				<timestamp>403.003009</timestamp>
			</report>
			<report>
				<misses>3200000</misses>
				<total>1</total>
				<timestamp>416.003279</timestamp>
			</report>
			<report>
				<misses>3300000</misses>
				<total>1</total>
				<timestamp>429.003400</timestamp>
			</report>
			<report>
				<misses>3400000</misses>
				<total>1</total>
				<timestamp>442.003287</timestamp>
			</report>
			<report>
				<misses>3500000</misses>
				<total>1</total>
				<timestamp>455.003399</timestamp>
			</report>
			<report>
				<misses>3600000</misses>
				<total>1</total>
				<timestamp>468.003277</timestamp>
			</report>
			<report>
				<misses>3700000</misses>
				<total>1</total>
				<timestamp>481.003276</timestamp>
			</report>
			<report>
				<misses>3800000</misses>
				<total>1</total>
				<timestamp>494.003528</timestamp>
			</report>
			<report>
				<misses>3900000</misses>
				<total>1</total>
				<timestamp>507.003399</timestamp>
			</report>
			<report>
				<misses>4000000</misses>
				<total>1</total>
				<timestamp>520.003535</timestamp>
			</report>
			<report>
				<misses>4100000</misses>
				<total>1</total>
				<timestamp>533.003436</timestamp>
			</report>
			<report>
				<misses>4200000</misses>
				<total>1</total>
				<timestamp>546.003403</timestamp>
			</report>
			<report>
				<misses>4300000</misses>
				<total>1</total>
				<timestamp>559.003406</timestamp>
			</report>
			<report>
				<misses>4400000</misses>
				<total>1</total>
				<timestamp>572.003529</timestamp>
			</report>
			<report>
				<misses>4500000</misses>
				<total>1</total>
				<timestamp>585.003407</timestamp>
			</report>
			<report>
				<misses>4600000</misses>
				<total>1</total>
				<timestamp>598.003391</timestamp>
			</report>
			<report>
				<misses>4700000</misses>
				<total>1</total>
				<timestamp>611.003556</timestamp>
			</report>
			<report>
				<misses>4800000</misses>
				<total>1</total>
				<timestamp>624.003787</timestamp>
			</report>
			<report>
				<misses>4900000</misses>
				<total>1</total>
				<timestamp>637.003922</timestamp>
			</report>
			<report>
				<misses>5000000</misses>
				<total>1</total>
				<timestamp>650.004058</timestamp>
			</report>
			<report>
				<misses>5100000</misses>
				<total>1</total>
				<timestamp>663.004326</timestamp>
			</report>
			<report>
				<misses>5200000</misses>
				<total>1</total>
				<timestamp>676.004442</timestamp>
			</report>
			<report>
				<misses>5300000</misses>
				<total>1</total>
				<timestamp>689.004577</timestamp>
			</report>
			<report>
				<misses>5400000</misses>
				<total>1</total>
				<timestamp>702.004433</timestamp>
			</report>
			<report>
				<misses>5500000</misses>
				<total>1</total>
				<timestamp>715.004568</timestamp>
			</report>
			<report>
				<misses>5600000</misses>
				<total>1</total>
				<timestamp>728.004591</timestamp>
			</report>
			<report>
				<misses>5700000</misses>
				<total>1</total>
				<timestamp>741.004694</timestamp>
			</report>
			<report>
				<misses>5800000</misses>
				<total>1</total>
				<timestamp>754.004700</timestamp>
			</report>
			<report>
				<misses>5900000</misses>
				<total>1</total>
				<timestamp>767.004835</timestamp>
			</report>
			<report>
				<misses>6000000</misses>
				<total>1</total>
				<timestamp>780.004705</timestamp>
			</report>
			<report>
				<misses>6100000</misses>
				<total>1</total>
				<timestamp>793.004833</timestamp>
			</report>
			<report>
				<misses>6200000</misses>
				<total>1</total>
				<timestamp>806.004837</timestamp>
			</report>
			<report>
				<misses>6300000</misses>
				<total>1</total>
				<timestamp>819.004960</timestamp>
			</report>
			<report>
				<misses>6400000</misses>
				<total>1</total>
				<timestamp>832.004835</timestamp>
			</report>
			<report>
				<misses>6500000</misses>
				<total>1</total>
				<timestamp>845.005082</timestamp>
			</report>
			<report>
				<misses>6600000</misses>
				<total>1</total>
				<timestamp>858.005411</timestamp>
			</report>
			<report>
				<misses>6700000</misses>
				<total>1</total>
				<timestamp>871.005227</timestamp>
			</report>
			<report>
				<misses>6800000</misses>
				<total>0</total>
				<timestamp>884.005238</timestamp>
			</report>
			<report>
				<misses>6900000</misses>
				<total>1</total>
				<timestamp>897.005089</timestamp>
			</report>
			<report>
				<misses>7000000</misses>
				<total>1</total>
				<timestamp>910.005091</timestamp>
			</report>
			<report>
				<misses>7100000</misses>
				<total>1</total>
				<timestamp>923.004968</timestamp>
			</report>
			<report>
				<misses>7200000</misses>
				<total>1</total>
				<timestamp>936.004835</timestamp>
			</report>
			<report>
				<misses>7300000</misses>
				<total>1</total>
				<timestamp>949.005101</timestamp>
			</report>
			<report>
				<misses>7400000</misses>
				<total>1</total>
				<timestamp>962.005100</timestamp>
			</report>
			<report>
				<misses>7500000</misses>
				<total>1</total>
				<timestamp>975.004963</timestamp>
			</report>
			<report>
				<misses>7600000</misses>
				<total>1</total>
				<timestamp>988.004830</timestamp>
			</report>
			<report>
				<misses>7700000</misses>
				<total>1</total>
				<timestamp>1001.004962</timestamp>
			</report>
			<report>
				<misses>7800000</misses>
				<total>1</total>
				<timestamp>1014.005091</timestamp>
			</report>
			<report>
				<misses>7900000</misses>
				<total>1</total>
				<timestamp>1027.004974</timestamp>
			</report>
			<report>
				<misses>8000000</misses>
				<total>1</total>
				<timestamp>1040.004829</timestamp>
			</report>
			<report>
				<misses>8100000</misses>
				<total>1</total>
				<timestamp>1053.004716</timestamp>
			</report>
			<report>
				<misses>8200000</misses>
				<total>1</total>
				<timestamp>1066.004704</timestamp>
			</report>
			<report>
				<misses>8300000</misses>
				<total>1</total>
				<timestamp>1079.004569</timestamp>
			</report>
			<report>
				<misses>8400000</misses>
				<total>1</total>
				<timestamp>1092.004499</timestamp>
			</report>
			<report>
				<misses>8500000</misses>
				<total>1</total>
				<timestamp>1105.004313</timestamp>
			</report>
			<report>
				<misses>8600000</misses>
				<total>1</total>
				<timestamp>1118.004700</timestamp>
			</report>
			<report>
				<misses>8700000</misses>
				<total>1</total>
				<timestamp>1131.004698</timestamp>
			</report>
			<report>
				<misses>8800000</misses>
				<total>1</total>
				<timestamp>1144.004579</timestamp>
			</report>
			<report>
				<misses>8900000</misses>
				<total>1</total>
				<timestamp>1157.004710</timestamp>
			</report>
			<report>
				<misses>9000000</misses>
				<total>1</total>
				<timestamp>1170.004566</timestamp>
			</report>
			<report>
				<misses>9100000</misses>
				<total>1</total>
				<timestamp>1183.004698</timestamp>
			</report>
			<report>
				<misses>9200000</misses>
				<total>1</total>
				<timestamp>1196.004722</timestamp>
			</report>
			<report>
				<misses>9300000</misses>
				<total>1</total>
				<timestamp>1209.004709</timestamp>
			</report>
			<report>
				<misses>9400000</misses>
				<total>1</total>
				<timestamp>1222.004563</timestamp>
			</report>
			<report>
				<misses>9500000</misses>
				<total>1</total>
				<timestamp>1235.004442</timestamp>
			</report>
			<report>
				<misses>9600000</misses>
				<total>1</total>
				<timestamp>1248.004438</timestamp>
			</report>
			<report>
				<misses>9700000</misses>
				<total>1</total>
				<timestamp>1261.004469</timestamp>
			</report>
			<report>
				<misses>9800000</misses>
				<total>1</total>
				<timestamp>1274.004580</timestamp>
			</report>
			<report>
				<misses>9900000</misses>
				<total>1</total>
				<timestamp>1287.004835</timestamp>
			</report>
			<report>
				<misses>10000000</misses>
				<total>1</total>
				<timestamp>1300.004878</timestamp>
			</report>
			<report>
				<misses>10100000</misses>
				<total>1</total>
				<timestamp>1313.005094</timestamp>
			</report>
			<report>
				<misses>10200000</misses>
				<total>1</total>
				<timestamp>1326.004965</timestamp>
			</report>
			<report>
				<misses>10300000</misses>
				<total>1</total>
				<timestamp>1339.005253</timestamp>
			</report>
			<report>
				<misses>10400000</misses>
				<total>0</total>
				<timestamp>1352.005525</timestamp>
			</report>
			<report>
				<misses>10500000</misses>
				<total>1</total>
				<timestamp>1365.005618</timestamp>
			</report>
			<report>
				<misses>10600000</misses>
				<total>1</total>
				<timestamp>1378.005741</timestamp>
			</report>
			<report>
				<misses>10700000</misses>
				<total>1</total>
				<timestamp>1391.005881</timestamp>
			</report>
			<report>
				<misses>10800000</misses>
				<total>0</total>
				<timestamp>1404.006148</timestamp>
			</report>
			<report>
				<misses>10900000</misses>
				<total>1</total>
				<timestamp>1417.006010</timestamp>
			</report>
			<report>
				<misses>11000000</misses>
				<total>1</total>
				<timestamp>1430.006013</timestamp>
			</report>
			<report>
				<misses>11100000</misses>
				<total>1</total>
				<timestamp>1443.005863</timestamp>
			</report>
			<report>
				<misses>11200000</misses>
				<total>1</total>
				<timestamp>1456.005871</timestamp>
			</report>
			<report>
				<misses>11300000</misses>
				<total>1</total>
				<timestamp>1469.005777</timestamp>
			</report>
			<report>
				<misses>11400000</misses>
				<total>1</total>
				<timestamp>1482.005872</timestamp>
			</report>
			<report>
				<misses>11500000</misses>
				<total>1</total>
				<timestamp>1495.005740</timestamp>
			</report>
			<report>
				<misses>11600000</misses>
				<total>0</total>
				<timestamp>1508.005755</timestamp>
			</report>
			<report>
				<misses>11700000</misses>
				<total>1</total>
				<timestamp>1521.005633</timestamp>
			</report>
			<report>
				<misses>11800000</misses>
				<total>1</total>
				<timestamp>1534.005771</timestamp>
			</report>
			<report>
				<misses>11900000</misses>
				<total>1</total>
				<timestamp>1547.005748</timestamp>
			</report>
			<report>
				<misses>12000000</misses>
				<total>1</total>
				<timestamp>1560.005612</timestamp>
			</report>
			<report>
				<misses>12100000</misses>
				<total>1</total>
				<timestamp>1573.005491</timestamp>
			</report>
			<report>
				<misses>12200000</misses>
				<total>1</total>
				<timestamp>1586.005351</timestamp>
			</report>
			<report>
				<misses>12300000</misses>
				<total>1</total>
				<timestamp>1599.005630</timestamp>
			</report>
			<report>
				<misses>12400000</misses>
				<total>0</total>
				<timestamp>1612.005636</timestamp>
			</report>
			<report>
				<misses>12500000</misses>
				<total>1</total>
				<timestamp>1625.005472</timestamp>
			</report>
			<report>
				<misses>12600000</misses>
				<total>1</total>
				<timestamp>1638.005340</timestamp>
			</report>
			<report>
				<misses>12700000</misses>
				<total>1</total>
				<timestamp>1651.005488</timestamp>
			</report>
			<report>
				<misses>12800000</misses>
				<total>1</total>
				<timestamp>1664.005365</timestamp>
			</report>
			<report>
				<misses>12900000</misses>
				<total>1</total>
				<timestamp>1677.005223</timestamp>
			</report>
			<report>
				<misses>13000000</misses>
				<total>1</total>
				<timestamp>1690.005616</timestamp>
			</report>
			<report>
				<misses>13100000</misses>
				<total>1</total>
				<timestamp>1703.005993</timestamp>
			</report>
			<report>
				<misses>13200000</misses>
				<total>1</total>
				<timestamp>1716.006141</timestamp>
			</report>
			<report>
				<misses>13300000</misses>
				<total>1</total>
				<timestamp>1729.006138</timestamp>
			</report>
			<report>
				<misses>13400000</misses>
				<total>1</total>
				<timestamp>1742.006138</timestamp>
			</report>
			<report>
				<misses>13500000</misses>
				<total>1</total>
				<timestamp>1755.006136</timestamp>
			</report>
			<report>
				<misses>13600000</misses>
				<total>1</total>
				<timestamp>1768.006394</timestamp>
			</report>
			<report>
				<misses>13700000</misses>
				<total>1</total>
				<timestamp>1781.006273</timestamp>
			</report>
			<report>
				<misses>13800000</misses>
				<total>1</total>
				<timestamp>1794.006510</timestamp>
			</report>
			<report>
				<misses>13900000</misses>
				<total>1</total>
				<timestamp>1807.006511</timestamp>
			</report>
			<report>
				<misses>14000000</misses>
				<total>1</total>
				<timestamp>1820.006775</timestamp>
			</report>
			<report>
				<misses>14100000</misses>
				<total>0</total>
				<timestamp>1833.006841</timestamp>
			</report>
			<report>
				<misses>14200000</misses>
				<total>1</total>
				<timestamp>1846.006809</timestamp>
			</report>
			<report>
				<misses>14300000</misses>
				<total>1</total>
				<timestamp>1859.006916</timestamp>
			</report>
			<report>
				<misses>14400000</misses>
				<total>1</total>
				<timestamp>1872.007056</timestamp>
			</report>
			<report>
				<misses>14500000</misses>
				<total>1</total>
				<timestamp>1885.006914</timestamp>
			</report>
			<report>
				<misses>14600000</misses>
				<total>1</total>
				<timestamp>1898.007049</timestamp>
			</report>
			<report>
				<misses>14700000</misses>
				<total>1</total>
				<timestamp>1911.006928</timestamp>
			</report>
			<report>
				<misses>14800000</misses>
				<total>1</total>
				<timestamp>1924.006779</timestamp>
			</report>
			<report>
				<misses>14900000</misses>
				<total>1</total>
				<timestamp>1937.006798</timestamp>
			</report>
			<report>
				<misses>15000000</misses>
				<total>1</total>
				<timestamp>1950.006961</timestamp>
			</report>
			<report>
				<misses>15100000</misses>
				<total>1</total>
				<timestamp>1963.006783</timestamp>
			</report>
			<report>
				<misses>15200000</misses>
				<total>1</total>
				<timestamp>1976.006916</timestamp>
			</report>
			<report>
				<misses>15300000</misses>
				<total>1</total>
				<timestamp>1989.006789</timestamp>
			</report>
			<report>
				<misses>15400000</misses>
				<total>1</total>
				<timestamp>2002.006647</timestamp>
			</report>
			<report>
				<misses>15500000</misses>
				<total>1</total>
				<timestamp>2015.006543</timestamp>
			</report>
			<report>
				<misses>15600000</misses>
				<total>1</total>
				<timestamp>2028.006508</timestamp>
			</report>
			<report>
				<misses>15700000</misses>
				<total>1</total>
				<timestamp>2041.006400</timestamp>
			</report>
			<report>
				<misses>15800000</misses>
				<total>1</total>
				<timestamp>2054.006534</timestamp>
			</report>
			<report>
				<misses>15900000</misses>
				<total>1</total>
				<timestamp>2067.006774</timestamp>
			</report>
			<report>
				<misses>16000000</misses>
				<total>1</total>
				<timestamp>2080.006783</timestamp>
			</report>
			<report>
				<misses>16100000</misses>
				<total>1</total>
				<timestamp>2093.007038</timestamp>
			</report>
			<report>
				<misses>16200000</misses>
				<total>1</total>
				<timestamp>2106.007052</timestamp>
			</report>
			<report>
				<misses>16300000</misses>
				<total>1</total>
				<timestamp>2119.006909</timestamp>
			</report>
			<report>
				<misses>16400000</misses>
				<total>1</total>
				<timestamp>2132.007177</timestamp>
			</report>
			<report>
				<misses>16500000</misses>
				<total>1</total>
				<timestamp>2145.007430</timestamp>
			</report>
			<report>
				<misses>16600000</misses>
				<total>1</total>
				<timestamp>2158.007304</timestamp>
			</report>
			<report>
				<misses>16700000</misses>
				<total>1</total>
				<timestamp>2171.007318</timestamp>
			</report>
			<report>
				<misses>16800000</misses>
				<total>1</total>
				<timestamp>2184.007183</timestamp>
			</report>
			<report>
				<misses>16900000</misses>
				<total>1</total>
				<timestamp>2197.007052</timestamp>
			</report>
			<report>
				<misses>17000000</misses>
				<total>1</total>
				<timestamp>2210.007298</timestamp>
			</report>
			<report>
				<misses>17100000</misses>
				<total>1</total>
				<timestamp>2223.007437</timestamp>
			</report>
			<report>
				<misses>17200000</misses>
				<total>1</total>
				<timestamp>2236.007457</timestamp>
			</report>
			<report>
				<misses>17300000</misses>
				<total>1</total>
				<timestamp>2249.007697</timestamp>
			</report>
			<report>
				<misses>17400000</misses>
				<total>1</total>
				<timestamp>2262.007694</timestamp>
			</report>
			<report>
				<misses>17500000</misses>
				<total>1</total>
				<timestamp>2275.007581</timestamp>
			</report>
			<report>
				<misses>17600000</misses>
				<total>1</total>
				<timestamp>2288.007719</timestamp>
			</report>
			<report>
				<misses>17700000</misses>
				<total>1</total>
				<timestamp>2301.007560</timestamp>
			</report>
			<report>
				<misses>17800000</misses>
				<total>1</total>
				<timestamp>2314.007435</timestamp>
			</report>
			<report>
				<misses>17900000</misses>
				<total>1</total>
				<timestamp>2327.007564</timestamp>
			</report>
			<report>
				<misses>18000000</misses>
				<total>0</total>
				<timestamp>2340.007846</timestamp>
			</report>
			<report>
				<misses>18100000</misses>
				<total>1</total>
				<timestamp>2353.007824</timestamp>
			</report>
			<report>
				<misses>18200000</misses>
				<total>1</total>
				<timestamp>2366.007821</timestamp>
			</report>
			<report>
				<misses>18300000</misses>
				<total>1</total>
				<timestamp>2379.007952</timestamp>
			</report>
			<report>
				<misses>18400000</misses>
				<total>1</total>
				<timestamp>2392.008339</timestamp>
			</report>
			<report>
				<misses>18500000</misses>
				<total>1</total>
				<timestamp>2405.008472</timestamp>
			</report>
			<report>
				<misses>18600000</misses>
				<total>1</total>
				<timestamp>2418.008350</timestamp>
			</report>
			<report>
				<misses>18700000</misses>
				<total>1</total>
				<timestamp>2431.008217</timestamp>
			</report>
			<report>
				<misses>18800000</misses>
				<total>1</total>
				<timestamp>2444.008397</timestamp>
			</report>
			<report>
				<misses>18900000</misses>
				<total>1</total>
				<timestamp>2457.008206</timestamp>
			</report>
			<report>
				<misses>19000000</misses>
				<total>1</total>
				<timestamp>2470.008082</timestamp>
			</report>
			<report>
				<misses>19100000</misses>
				<total>1</total>
				<timestamp>2483.007945</timestamp>
			</report>
			<report>
				<misses>19200000</misses>
				<total>1</total>
				<timestamp>2496.008209</timestamp>
			</report>
			<report>
				<misses>19300000</misses>
				<total>1</total>
				<timestamp>2509.008088</timestamp>
			</report>
			<report>
				<misses>19400000</misses>
				<total>1</total>
				<timestamp>2522.008868</timestamp>
			</report>
			<report>
				<misses>19500000</misses>
				<total>1</total>
				<timestamp>2535.008769</timestamp>
			</report>
			<report>
				<misses>19600000</misses>
				<total>1</total>
				<timestamp>2548.009005</timestamp>
			</report>
			<report>
				<misses>19700000</misses>
				<total>1</total>
				<timestamp>2561.008999</timestamp>
			</report>
			<report>
				<misses>19800000</misses>
				<total>1</total>
				<timestamp>2574.008991</timestamp>
			</report>
			<report>
				<misses>19900000</misses>
				<total>1</total>
				<timestamp>2587.008864</timestamp>
			</report>
			<report>
				<misses>20000000</misses>
				<total>1</total>
				<timestamp>2600.008864</timestamp>
			</report>
			<report>
				<misses>20100000</misses>
				<total>1</total>
				<timestamp>2613.008850</timestamp>
			</report>
			<report>
				<misses>20200000</misses>
				<total>1</total>
				<timestamp>2626.008870</timestamp>
			</report>
			<report>
				<misses>20300000</misses>
				<total>1</total>
				<timestamp>2639.009004</timestamp>
			</report>
			<report>
				<misses>20400000</misses>
				<total>1</total>
				<timestamp>2652.009260</timestamp>
			</report>
			<report>
				<misses>20500000</misses>
				<total>1</total>
				<timestamp>2665.009249</timestamp>
			</report>
			<report>
				<misses>20600000</misses>
				<total>1</total>
				<timestamp>2678.009123</timestamp>
			</report>
			<report>
				<misses>20700000</misses>
				<total>1</total>
				<timestamp>2691.009006</timestamp>
			</report>
			<report>
				<misses>20800000</misses>
				<total>1</total>
				<timestamp>2704.009133</timestamp>
			</report>
			<report>
				<misses>20900000</misses>
				<total>1</total>
				<timestamp>2717.009268</timestamp>
			</report>
			<report>
				<misses>21000000</misses>
				<total>1</total>
				<timestamp>2730.009128</timestamp>
			</report>
			<report>
				<misses>21100000</misses>
				<total>1</total>
				<timestamp>2743.009255</timestamp>
			</report>
			<report>
				<misses>21200000</misses>
				<total>1</total>
				<timestamp>2756.009123</timestamp>
			</report>
			<report>
				<misses>21300000</misses>
				<total>1</total>
				<timestamp>2769.009124</timestamp>
			</report>
			<report>
				<misses>21400000</misses>
				<total>1</total>
				<timestamp>2782.008985</timestamp>
			</report>
			<report>
				<misses>21500000</misses>
				<total>1</total>
				<timestamp>2795.008999</timestamp>
			</report>
			<report>
				<misses>21600000</misses>
				<total>1</total>
				<timestamp>2808.008874</timestamp>
			</report>
			<report>
				<misses>21700000</misses>
				<total>1</total>
				<timestamp>2821.008719</timestamp>
			</report>
			<report>
				<misses>21800000</misses>
				<total>1</total>
				<timestamp>2834.008616</timestamp>
			</report>
			<report>
				<misses>21900000</misses>
				<total>1</total>
				<timestamp>2847.008596</timestamp>
			</report>
			<report>
				<misses>22000000</misses>
				<total>1</total>
				<timestamp>2860.008731</timestamp>
			</report>
			<report>
				<misses>22100000</misses>
				<total>1</total>
				<timestamp>2873.008997</timestamp>
			</report>
			<report>
				<misses>22200000</misses>
				<total>1</total>
				<timestamp>2886.008870</timestamp>
			</report>
			<report>
				<misses>22300000</misses>
				<total>1</total>
				<timestamp>2899.009254</timestamp>
			</report>
			<report>
				<misses>22400000</misses>
				<total>1</total>
				<timestamp>2912.009127</timestamp>
			</report>
			<report>
				<misses>22500000</misses>
				<total>1</total>
				<timestamp>2925.009246</timestamp>
			</report>
			<report>
				<misses>22600000</misses>
				<total>1</total>
				<timestamp>2938.009120</timestamp>
			</report>
			<report>
				<misses>22700000</misses>
				<total>1</total>
				<timestamp>2951.009001</timestamp>
			</report>
			<report>
				<misses>22800000</misses>
				<total>1</total>
				<timestamp>2964.008875</timestamp>
			</report>
			<report>
				<misses>22900000</misses>
				<total>1</total>
				<timestamp>2977.008720</timestamp>
			</report>
			<report>
				<misses>23000000</misses>
				<total>1</total>
				<timestamp>2990.008718</timestamp>
			</report>
			<report>
				<misses>23100000</misses>
				<total>1</total>
				<timestamp>3003.009391</timestamp>
			</report>
			<report>
				<misses>23200000</misses>
				<total>1</total>
				<timestamp>3016.009389</timestamp>
			</report>
			<report>
				<misses>23300000</misses>
				<total>1</total>
				<timestamp>3029.009389</timestamp>
			</report>
			<report>
				<misses>23400000</misses>
				<total>1</total>
				<timestamp>3042.009265</timestamp>
			</report>
			<report>
				<misses>23500000</misses>
				<total>1</total>
				<timestamp>3055.009268</timestamp>
			</report>
			<report>
				<misses>23600000</misses>
				<total>0</total>
				<timestamp>3068.009137</timestamp>
			</report>
			<report>
				<misses>23700000</misses>
				<total>1</total>
				<timestamp>3081.008992</timestamp>
			</report>
			<report>
				<misses>23800000</misses>
				<total>1</total>
				<timestamp>3094.008860</timestamp>
			</report>
			<report>
				<misses>23900000</misses>
				<total>1</total>
				<timestamp>3107.008723</timestamp>
			</report>
			<report>
				<misses>24000000</misses>
				<total>0</total>
				<timestamp>3120.008662</timestamp>
			</report>
			<report>
				<misses>24100000</misses>
				<total>1</total>
				<timestamp>3133.008473</timestamp>
			</report>
			<report>
				<misses>24200000</misses>
				<total>1</total>
				<timestamp>3146.008990</timestamp>
			</report>
			<report>
				<misses>24300000</misses>
				<total>1</total>
				<timestamp>3159.008996</timestamp>
			</report>
			<report>
				<misses>24400000</misses>
				<total>1</total>
				<timestamp>3172.009118</timestamp>
			</report>
			<report>
				<misses>24500000</misses>
				<total>1</total>
				<timestamp>3185.009257</timestamp>
			</report>
			<report>
				<misses>24600000</misses>
				<total>1</total>
				<timestamp>3198.009122</timestamp>
			</report>
			<report>
				<misses>24700000</misses>
				<total>1</total>
				<timestamp>3211.008995</timestamp>
			</report>
			<report>
				<misses>24800000</misses>
				<total>1</total>
				<timestamp>3224.008994</timestamp>
			</report>
			<report>
				<misses>24900000</misses>
				<total>1</total>
				<timestamp>3237.008991</timestamp>
			</report>
			<report>
				<misses>25000000</misses>
				<total>1</total>
				<timestamp>3250.008878</timestamp>
			</report>
			<report>
				<misses>25100000</misses>
				<total>1</total>
				<timestamp>3263.008758</timestamp>
			</report>
			<report>
				<misses>25200000</misses>
				<total>1</total>
				<timestamp>3276.008600</timestamp>
			</report>
			<report>
				<misses>25300000</misses>
				<total>1</total>
				<timestamp>3289.008471</timestamp>
			</report>
			<report>
				<misses>25400000</misses>
				<total>1</total>
				<timestamp>3302.008335</timestamp>
			</report>
			<report>
				<misses>25500000</misses>
				<total>1</total>
				<timestamp>3315.008234</timestamp>
			</report>
			<report>
				<misses>25600000</misses>
				<total>1</total>
				<timestamp>3328.008225</timestamp>
			</report>
			<report>
				<misses>25700000</misses>
				<total>1</total>
				<timestamp>3341.008490</timestamp>
			</report>
			<report>
				<misses>25800000</misses>
				<total>1</total>
				<timestamp>3354.008740</timestamp>
			</report>
			<report>
				<misses>25900000</misses>
				<total>1</total>
				<timestamp>3367.008598</timestamp>
			</report>
			<report>
				<misses>26000000</misses>
				<total>1</total>
				<timestamp>3380.008484</timestamp>
			</report>
			<report>
				<misses>26100000</misses>
				<total>1</total>
				<timestamp>3393.008335</timestamp>
			</report>
			<report>
				<misses>26200000</misses>
				<total>1</total>
				<timestamp>3406.008355</timestamp>
			</report>
			<report>
				<misses>26300000</misses>
				<total>1</total>
				<timestamp>3419.008477</timestamp>
			</report>
			<report>
				<misses>26400000</misses>
				<total>0</total>
				<timestamp>3432.008747</timestamp>
			</report>
			<report>
				<misses>26500000</misses>
				<total>1</total>
				<timestamp>3445.008864</timestamp>
			</report>
			<report>
				<misses>26600000</misses>
				<total>1</total>
				<timestamp>3458.008999</timestamp>
			</report>
			<report>
				<misses>26700000</misses>
				<total>1</total>
				<timestamp>3471.009038</timestamp>
			</report>
			<report>
				<misses>26800000</misses>
				<total>1</total>
				<timestamp>3484.008868</timestamp>
			</report>
			<report>
				<misses>26900000</misses>
				<total>1</total>
				<timestamp>3497.008989</timestamp>
			</report>
			<report>
				<misses>27000000</misses>
				<total>1</total>
				<timestamp>3510.008994</timestamp>
			</report>
			<report>
				<misses>27100000</misses>
				<total>1</total>
				<timestamp>3523.009125</timestamp>
			</report>
			<report>
				<misses>27200000</misses>
				<total>1</total>
				<timestamp>3536.009252</timestamp>
			</report>
			<report>
				<misses>27300000</misses>
				<total>1</total>
				<timestamp>3549.009395</timestamp>
			</report>
			<report>
				<misses>27400000</misses>
				<total>1</total>
				<timestamp>3562.009525</timestamp>
			</report>
			<report>
				<misses>27500000</misses>
				<total>1</total>
				<timestamp>3575.009502</timestamp>
			</report>
			<report>
				<misses>27600000</misses>
				<total>1</total>
				<timestamp>3588.009392</timestamp>
			</report>
			<report>
				<misses>27700000</misses>
				<total>1</total>
				<timestamp>3601.009281</timestamp>
			</report>
			<report>
				<misses>27800000</misses>
				<total>1</total>
				<timestamp>3614.009374</timestamp>
			</report>
			<report>
				<misses>27900000</misses>
				<total>1</total>
				<timestamp>3627.009654</timestamp>
			</report>
			<report>
				<misses>28000000</misses>
				<total>1</total>
				<timestamp>3640.009520</timestamp>
			</report>
			<report>
				<misses>28100000</misses>
				<total>1</total>
				<timestamp>3653.009522</timestamp>
			</report>
			<report>
				<misses>28200000</misses>
				<total>1</total>
				<timestamp>3666.009658</timestamp>
			</report>
			<report>
				<misses>28300000</misses>
				<total>1</total>
				<timestamp>3679.009514</timestamp>
			</report>
			<report>
				<misses>28400000</misses>
				<total>1</total>
				<timestamp>3692.009377</timestamp>
			</report>
			<report>
				<misses>28500000</misses>
				<total>1</total>
				<timestamp>3705.009239</timestamp>
			</report>
			<report>
				<misses>28600000</misses>
				<total>1</total>
				<timestamp>3718.009657</timestamp>
			</report>
			<report>
				<misses>28700000</misses>
				<total>1</total>
				<timestamp>3731.009671</timestamp>
			</report>
			<report>
				<misses>28800000</misses>
				<total>1</total>
				<timestamp>3744.009519</timestamp>
			</report>
			<report>
				<misses>28900000</misses>
				<total>1</total>
				<timestamp>3757.009520</timestamp>
			</report>
			<report>
				<misses>29000000</misses>
				<total>1</total>
				<timestamp>3770.009640</timestamp>
			</report>
			<report>
				<misses>29100000</misses>
				<total>1</total>
				<timestamp>3783.009776</timestamp>
			</report>
			<report>
				<misses>29200000</misses>
				<total>1</total>
				<timestamp>3796.009645</timestamp>
			</report>
			<report>
				<misses>29300000</misses>
				<total>1</total>
				<timestamp>3809.009518</timestamp>
			</report>
			<report>
				<misses>29400000</misses>
				<total>0</total>
				<timestamp>3822.009668</timestamp>
			</report>
			<report>
				<misses>29500000</misses>
				<total>1</total>
				<timestamp>3835.009787</timestamp>
			</report>
			<report>
				<misses>29600000</misses>
				<total>1</total>
				<timestamp>3848.010299</timestamp>
			</report>
			<report>
				<misses>29700000</misses>
				<total>1</total>
				<timestamp>3861.010441</timestamp>
			</report>
			<report>
				<misses>29800000</misses>
				<total>1</total>
				<timestamp>3874.010437</timestamp>
			</report>
			<report>
				<misses>29900000</misses>
				<total>1</total>
				<timestamp>3887.010420</timestamp>
			</report>
			<report>
				<misses>30000000</misses>
				<total>0</total>
				<timestamp>3900.010438</timestamp>
			</report>
			<report>
				<misses>30100000</misses>
				<total>1</total>
				<timestamp>3913.010292</timestamp>
			</report>
			<report>
				<misses>30200000</misses>
				<total>1</total>
				<timestamp>3926.010679</timestamp>
			</report>
			<report>
				<misses>30300000</misses>
				<total>1</total>
				<timestamp>3939.010552</timestamp>
			</report>
			<report>
				<misses>30400000</misses>
				<total>1</total>
				<timestamp>3952.010430</timestamp>
			</report>
			<report>
				<misses>30500000</misses>
				<total>1</total>
				<timestamp>3965.010301</timestamp>
			</report>
			<report>
				<misses>30600000</misses>
				<total>1</total>
				<timestamp>3978.010562</timestamp>
			</report>
			<report>
				<misses>30700000</misses>
				<total>1</total>
				<timestamp>3991.010435</timestamp>
			</report>
			<report>
				<misses>30800000</misses>
				<total>1</total>
				<timestamp>4004.010419</timestamp>
			</report>
			<report>
				<misses>30900000</misses>
				<total>1</total>
				<timestamp>4017.010430</timestamp>
			</report>
			<report>
				<misses>31000000</misses>
				<total>1</total>
				<timestamp>4030.010308</timestamp>
			</report>
			<report>
				<misses>31100000</misses>
				<total>1</total>
				<timestamp>4043.010152</timestamp>
			</report>
			<report>
				<misses>31200000</misses>
				<total>1</total>
				<timestamp>4056.010032</timestamp>
			</report>
			<report>
				<misses>31300000</misses>
				<total>1</total>
				<timestamp>4069.009906</timestamp>
			</report>
			<report>
				<misses>31400000</misses>
				<total>0</total>
				<timestamp>4082.009793</timestamp>
			</report>
			<report>
				<misses>31500000</misses>
				<total>1</total>
				<timestamp>4095.009660</timestamp>
			</report>
			<report>
				<misses>31600000</misses>
				<total>1</total>
				<timestamp>4108.009776</timestamp>
			</report>
			<report>
				<misses>31700000</misses>
				<total>1</total>
				<timestamp>4121.010027</timestamp>
			</report>
			<report>
				<misses>31800000</misses>
				<total>1</total>
				<timestamp>4134.010420</timestamp>
			</report>
			<report>
				<misses>31900000</misses>
				<total>1</total>
				<timestamp>4147.010414</timestamp>
			</report>
			<report>
				<misses>32000000</misses>
				<total>0</total>
				<timestamp>4160.010320</timestamp>
			</report>
			<report>
				<misses>32100000</misses>
				<total>1</total>
				<timestamp>4173.010210</timestamp>
			</report>
			<report>
				<misses>32200000</misses>
				<total>1</total>
				<timestamp>4186.010035</timestamp>
			</report>
			<report>
				<misses>32300000</misses>
				<total>1</total>
				<timestamp>4199.009909</timestamp>
			</report>
			<report>
				<misses>32400000</misses>
				<total>1</total>
				<timestamp>4212.010295</timestamp>
			</report>
			<report>
				<misses>32500000</misses>
				<total>1</total>
				<timestamp>4225.010174</timestamp>
			</report>
			<report>
				<misses>32600000</misses>
				<total>1</total>
				<timestamp>4238.010431</timestamp>
			</report>
			<report>
				<misses>32700000</misses>
				<total>1</total>
				<timestamp>4251.010432</timestamp>
			</report>
			<report>
				<misses>32800000</misses>
				<total>1</total>
				<timestamp>4264.010416</timestamp>
			</report>
			<report>
				<misses>32900000</misses>
				<total>1</total>
				<timestamp>4277.010419</timestamp>
			</report>
			<report>
				<misses>33000000</misses>
				<total>1</total>
				<timestamp>4290.010556</timestamp>
			</report>
			<report>
				<misses>33100000</misses>
				<total>1</total>
				<timestamp>4303.010418</timestamp>
			</report>
			<report>
				<misses>33200000</misses>
				<total>1</total>
				<timestamp>4316.010296</timestamp>
			</report>
			<report>
				<misses>33300000</misses>
				<total>1</total>
				<timestamp>4329.010289</timestamp>
			</report>
			<report>
				<misses>33400000</misses>
				<total>1</total>
				<timestamp>4342.010171</timestamp>
			</report>
			<report>
				<misses>33500000</misses>
				<total>1</total>
				<timestamp>4355.010168</timestamp>
			</report>
			<report>
				<misses>33600000</misses>
				<total>1</total>
				<timestamp>4368.010169</timestamp>
			</report>
			<report>
				<misses>33700000</misses>
				<total>1</total>
				<timestamp>4381.010163</timestamp>
			</report>
			<report>
				<misses>33800000</misses>
				<total>1</total>
				<timestamp>4394.010169</timestamp>
			</report>
			<report>
				<misses>33900000</misses>
				<total>1</total>
				<timestamp>4407.010033</timestamp>
			</report>
			<report>
				<misses>34000000</misses>
				<total>1</total>
				<timestamp>4420.010036</timestamp>
			</report>
			<report>
				<misses>34100000</misses>
				<total>1</total>
				<timestamp>4433.009912</timestamp>
			</report>
			<report>
				<misses>34200000</misses>
				<total>1</total>
				<timestamp>4446.010416</timestamp>
			</report>
			<report>
				<misses>34300000</misses>
				<total>1</total>
				<timestamp>4459.010434</timestamp>
			</report>
			<report>
				<misses>34400000</misses>
				<total>1</total>
				<timestamp>4472.010310</timestamp>
			</report>
			<report>
				<misses>34500000</misses>
				<total>1</total>
				<timestamp>4485.010179</timestamp>
			</report>
			<report>
				<misses>34600000</misses>
				<total>1</total>
				<timestamp>4498.010176</timestamp>
			</report>
			<report>
				<misses>34700000</misses>
				<total>1</total>
				<timestamp>4511.010028</timestamp>
			</report>
			<report>
				<misses>34800000</misses>
				<total>1</total>
				<timestamp>4524.010170</timestamp>
			</report>
			<report>
				<misses>34900000</misses>
				<total>1</total>
				<timestamp>4537.010281</timestamp>
			</report>
			<report>
				<misses>35000000</misses>
				<total>0</total>
				<timestamp>4550.010204</timestamp>
			</report>
			<report>
				<misses>35100000</misses>
				<total>1</total>
				<timestamp>4563.010028</timestamp>
			</report>
			<report>
				<misses>35200000</misses>
				<total>1</total>
				<timestamp>4576.009902</timestamp>
			</report>
			<report>
				<misses>35300000</misses>
				<total>1</total>
				<timestamp>4589.009773</timestamp>
			</report>
			<report>
				<misses>35400000</misses>
				<total>1</total>
				<timestamp>4602.009640</timestamp>
			</report>
			<report>
				<misses>35500000</misses>
				<total>1</total>
				<timestamp>4615.009522</timestamp>
			</report>
			<report>
				<misses>35600000</misses>
				<total>1</total>
				<timestamp>4628.009539</timestamp>
			</report>
			<report>
				<misses>35700000</misses>
				<total>1</total>
				<timestamp>4641.009368</timestamp>
			</report>
			<report>
				<misses>35800000</misses>
				<total>1</total>
				<timestamp>4654.009256</timestamp>
			</report>
			<report>
				<misses>35900000</misses>
				<total>1</total>
				<timestamp>4667.009257</timestamp>
			</report>
			<report>
				<misses>36000000</misses>
				<total>1</total>
				<timestamp>4680.009528</timestamp>
			</report>
			<report>
				<misses>36100000</misses>
				<total>1</total>
				<timestamp>4693.009646</timestamp>
			</report>
			<report>
				<misses>36200000</misses>
				<total>1</total>
				<timestamp>4706.009526</timestamp>
			</report>
			<report>
				<misses>36300000</misses>
				<total>1</total>
				<timestamp>4719.010417</timestamp>
			</report>
			<report>
				<misses>36400000</misses>
				<total>1</total>
				<timestamp>4732.010306</timestamp>
			</report>
			<report>
				<misses>36500000</misses>
				<total>1</total>
				<timestamp>4745.010185</timestamp>
			</report>
			<report>
				<misses>36600000</misses>
				<total>1</total>
				<timestamp>4758.010167</timestamp>
			</report>
			<report>
				<misses>36700000</misses>
				<total>1</total>
				<timestamp>4771.010161</timestamp>
			</report>
			<report>
				<misses>36800000</misses>
				<total>1</total>
				<timestamp>4784.010157</timestamp>
			</report>
			<report>
				<misses>36900000</misses>
				<total>1</total>
				<timestamp>4797.010422</timestamp>
			</report>
			<report>
				<misses>37000000</misses>
				<total>0</total>
				<timestamp>4810.010707</timestamp>
			</report>
			<report>
				<misses>37100000</misses>
				<total>1</total>
				<timestamp>4823.010553</timestamp>
			</report>
			<report>
				<misses>37200000</misses>
				<total>1</total>
				<timestamp>4836.010423</timestamp>
			</report>
			<report>
				<misses>37300000</misses>
				<total>1</total>
				<timestamp>4849.010578</timestamp>
			</report>
			<report>
				<misses>37400000</misses>
				<total>1</total>
				<timestamp>4862.010540</timestamp>
			</report>
			<report>
				<misses>37500000</misses>
				<total>1</total>
				<timestamp>4875.010707</timestamp>
			</report>
			<report>
				<misses>37600000</misses>
				<total>1</total>
				<timestamp>4888.010931</timestamp>
			</report>
			<report>
				<misses>37700000</misses>
				<total>1</total>
				<timestamp>4901.011087</timestamp>
			</report>
			<report>
				<misses>37800000</misses>
				<total>1</total>
				<timestamp>4914.011080</timestamp>
			</report>
			<report>
				<misses>37900000</misses>
				<total>1</total>
				<timestamp>4927.011080</timestamp>
			</report>
			<report>
				<misses>38000000</misses>
				<total>1</total>
				<timestamp>4940.010938</timestamp>
			</report>
			<report>
				<misses>38100000</misses>
				<total>1</total>
				<timestamp>4953.011067</timestamp>
			</report>
			<report>
				<misses>38200000</misses>
				<total>1</total>
				<timestamp>4966.010955</timestamp>
			</report>
			<report>
				<misses>38300000</misses>
				<total>1</total>
				<timestamp>4979.011083</timestamp>
			</report>
			<report>
				<misses>38400000</misses>
				<total>1</total>
				<timestamp>4992.011088</timestamp>
			</report>
			<report>
				<misses>38500000</misses>
				<total>1</total>
				<timestamp>5005.010931</timestamp>
			</report>
			<report>
				<misses>38600000</misses>
				<total>1</total>
				<timestamp>5018.011228</timestamp>
			</report>
			<report>
				<misses>38700000</misses>
				<total>1</total>
				<timestamp>5031.011208</timestamp>
			</report>
			<report>
				<misses>38800000</misses>
				<total>1</total>
				<timestamp>5044.011205</timestamp>
			</report>
			<report>
				<misses>38900000</misses>
				<total>1</total>
				<timestamp>5057.011336</timestamp>
			</report>
			<report>
				<misses>39000000</misses>
				<total>1</total>
				<timestamp>5070.011460</timestamp>
			</report>
			<report>
				<misses>39100000</misses>
				<total>1</total>
				<timestamp>5083.011329</timestamp>
			</report>
			<report>
				<misses>39200000</misses>
				<total>1</total>
				<timestamp>5096.011341</timestamp>
			</report>
			<report>
				<misses>39300000</misses>
				<total>1</total>
				<timestamp>5109.011338</timestamp>
			</report>
			<report>
				<misses>39400000</misses>
				<total>1</total>
				<timestamp>5122.011217</timestamp>
			</report>
			<report>
				<misses>39500000</misses>
				<total>1</total>
				<timestamp>5135.011081</timestamp>
			</report>
			<report>
				<misses>39600000</misses>
				<total>1</total>
				<timestamp>5148.011200</timestamp>
			</report>
			<report>
				<misses>39700000</misses>
				<total>1</total>
				<timestamp>5161.011458</timestamp>
			</report>
			<report>
				<misses>39800000</misses>
				<total>1</total>
				<timestamp>5174.011585</timestamp>
			</report>
			<report>
				<misses>39900000</misses>
				<total>1</total>
				<timestamp>5187.011862</timestamp>
			</report>
			<report>
				<misses>40000000</misses>
				<total>1</total>
				<timestamp>5200.011987</timestamp>
			</report>
			<report>
				<misses>40100000</misses>
				<total>1</total>
				<timestamp>5213.011986</timestamp>
			</report>
			<report>
				<misses>40200000</misses>
				<total>0</total>
				<timestamp>5226.012503</timestamp>
			</report>
			<report>
				<misses>40300000</misses>
				<total>1</total>
				<timestamp>5239.012380</timestamp>
			</report>
			<report>
				<misses>40400000</misses>
				<total>1</total>
				<timestamp>5252.012363</timestamp>
			</report>
			<report>
				<misses>40500000</misses>
				<total>1</total>
				<timestamp>5265.012507</timestamp>
			</report>
			<report>
				<misses>40600000</misses>
				<total>1</total>
				<timestamp>5278.012360</timestamp>
			</report>
			<report>
				<misses>40700000</misses>
				<total>1</total>
				<timestamp>5291.012245</timestamp>
			</report>
			<report>
				<misses>40800000</misses>
				<total>1</total>
				<timestamp>5304.012243</timestamp>
			</report>
			<report>
				<misses>40900000</misses>
				<total>1</total>
				<timestamp>5317.012110</timestamp>
			</report>
			<report>
				<misses>41000000</misses>
				<total>1</total>
				<timestamp>5330.012012</timestamp>
			</report>
			<report>
				<misses>41100000</misses>
				<total>1</total>
				<timestamp>5343.012114</timestamp>
			</report>
			<report>
				<misses>41200000</misses>
				<total>1</total>
				<timestamp>5356.012385</timestamp>
			</report>
			<report>
				<misses>41300000</misses>
				<total>1</total>
				<timestamp>5369.012385</timestamp>
			</report>
			<report>
				<misses>41400000</misses>
				<total>1</total>
				<timestamp>5382.012378</timestamp>
			</report>
			<report>
				<misses>41500000</misses>
				<total>1</total>
				<timestamp>5395.012274</timestamp>
			</report>
			<report>
				<misses>41600000</misses>
				<total>1</total>
				<timestamp>5408.012128</timestamp>
			</report>
			<report>
				<misses>41700000</misses>
				<total>1</total>
				<timestamp>5421.012637</timestamp>
			</report>
			<report>
				<misses>41800000</misses>
				<total>0</total>
				<timestamp>5434.012801</timestamp>
			</report>
			<report>
				<misses>41900000</misses>
				<total>1</total>
				<timestamp>5447.012635</timestamp>
			</report>
			<report>
				<misses>42000000</misses>
				<total>1</total>
				<timestamp>5460.012763</timestamp>
			</report>
			<report>
				<misses>42100000</misses>
				<total>1</total>
				<timestamp>5473.012770</timestamp>
			</report>
			<report>
				<misses>42200000</misses>
				<total>1</total>
				<timestamp>5486.012888</timestamp>
			</report>
			<report>
				<misses>42300000</misses>
				<total>1</total>
				<timestamp>5499.012896</timestamp>
			</report>
			<report>
				<misses>42400000</misses>
				<total>1</total>
				<timestamp>5512.013018</timestamp>
			</report>
			<report>
				<misses>42500000</misses>
				<total>1</total>
				<timestamp>5525.012885</timestamp>
			</report>
			<report>
				<misses>42600000</misses>
				<total>1</total>
				<timestamp>5538.012767</timestamp>
			</report>
			<report>
				<misses>42700000</misses>
				<total>1</total>
				<timestamp>5551.012630</timestamp>
			</report>
			<report>
				<misses>42800000</misses>
				<total>1</total>
				<timestamp>5564.012499</timestamp>
			</report>
			<report>
				<misses>42900000</misses>
				<total>1</total>
				<timestamp>5577.012363</timestamp>
			</report>
			<report>
				<misses>43000000</misses>
				<total>1</total>
				<timestamp>5590.012497</timestamp>
			</report>
			<report>
				<misses>43100000</misses>
				<total>1</total>
				<timestamp>5603.012631</timestamp>
			</report>
			<report>
				<misses>43200000</misses>
				<total>1</total>
				<timestamp>5616.012903</timestamp>
			</report>
			<report>
				<misses>43300000</misses>
				<total>1</total>
				<timestamp>5629.012780</timestamp>
			</report>
			<report>
				<misses>43400000</misses>
				<total>1</total>
				<timestamp>5642.012623</timestamp>
			</report>
			<report>
				<misses>43500000</misses>
				<total>1</total>
				<timestamp>5655.012510</timestamp>
			</report>
			<report>
				<misses>43600000</misses>
				<total>1</total>
				<timestamp>5668.012778</timestamp>
			</report>
			<report>
				<misses>43700000</misses>
				<total>1</total>
				<timestamp>5681.013033</timestamp>
			</report>
			<report>
				<misses>43800000</misses>
				<total>1</total>
				<timestamp>5694.012899</timestamp>
			</report>
			<report>
				<misses>43900000</misses>
				<total>1</total>
				<timestamp>5707.012785</timestamp>
			</report>
			<report>
				<misses>44000000</misses>
				<total>1</total>
				<timestamp>5720.012637</timestamp>
			</report>
			<report>
				<misses>44100000</misses>
				<total>1</total>
				<timestamp>5733.013017</timestamp>
			</report>
			<report>
				<misses>44200000</misses>
				<total>1</total>
				<timestamp>5746.013149</timestamp>
			</report>
			<report>
				<misses>44300000</misses>
				<total>1</total>
				<timestamp>5759.013412</timestamp>
			</report>
			<report>
				<misses>44400000</misses>
				<total>1</total>
				<timestamp>5772.013275</timestamp>
			</report>
			<report>
				<misses>44500000</misses>
				<total>1</total>
				<timestamp>5785.013428</timestamp>
			</report>
			<report>
				<misses>44600000</misses>
				<total>1</total>
				<timestamp>5798.013284</timestamp>
			</report>
			<report>
				<misses>44700000</misses>
				<total>1</total>
				<timestamp>5811.013157</timestamp>
			</report>
			<report>
				<misses>44800000</misses>
				<total>1</total>
				<timestamp>5824.013289</timestamp>
			</report>
			<report>
				<misses>44900000</misses>
				<total>1</total>
				<timestamp>5837.013530</timestamp>
			</report>
			<report>
				<misses>45000000</misses>
				<total>0</total>
				<timestamp>5850.013457</timestamp>
			</report>
			<report>
				<misses>45100000</misses>
				<total>1</total>
				<timestamp>5863.013417</timestamp>
			</report>
			<report>
				<misses>45200000</misses>
				<total>1</total>
				<timestamp>5876.013301</timestamp>
			</report>
			<report>
				<misses>45300000</misses>
				<total>1</total>
				<timestamp>5889.013416</timestamp>
			</report>
			<report>
				<misses>45400000</misses>
				<total>1</total>
				<timestamp>5902.013673</timestamp>
			</report>
			<report>
				<misses>45500000</misses>
				<total>1</total>
				<timestamp>5915.013555</timestamp>
			</report>
			<report>
				<misses>45600000</misses>
				<total>1</total>
				<timestamp>5928.013538</timestamp>
			</report>
			<report>
				<misses>45700000</misses>
				<total>1</total>
				<timestamp>5941.013419</timestamp>
			</report>
			<report>
				<misses>45800000</misses>
				<total>1</total>
				<timestamp>5954.013563</timestamp>
			</report>
			<report>
				<misses>45900000</misses>
				<total>1</total>
				<timestamp>5967.013668</timestamp>
			</report>
			<report>
				<misses>46000000</misses>
				<total>1</total>
				<timestamp>5980.013690</timestamp>
			</report>
			<report>
				<misses>46100000</misses>
				<total>1</total>
				<timestamp>5993.013680</timestamp>
			</report>
			<report>
				<misses>46200000</misses>
				<total>1</total>
				<timestamp>6006.013670</timestamp>
			</report>
			<report>
				<misses>46300000</misses>
				<total>1</total>
				<timestamp>6019.013671</timestamp>
			</report>
			<report>
				<misses>46400000</misses>
				<total>1</total>
				<timestamp>6032.013680</timestamp>
			</report>
			<report>
				<misses>46500000</misses>
				<total>1</total>
				<timestamp>6045.013560</timestamp>
			</report>
			<report>
				<misses>46600000</misses>
				<total>1</total>
				<timestamp>6058.013410</timestamp>
			</report>
			<report>
				<misses>46700000</misses>
				<total>1</total>
				<timestamp>6071.013417</timestamp>
			</report>
			<report>
				<misses>46800000</misses>
				<total>1</total>
				<timestamp>6084.013277</timestamp>
			</report>
			<report>
				<misses>46900000</misses>
				<total>1</total>
				<timestamp>6097.013294</timestamp>
			</report>
			<report>
				<misses>47000000</misses>
				<total>1</total>
				<timestamp>6110.013157</timestamp>
			</report>
			<report>
				<misses>47100000</misses>
				<total>1</total>
				<timestamp>6123.013020</timestamp>
			</report>
			<report>
				<misses>47200000</misses>
				<total>1</total>
				<timestamp>6136.013146</timestamp>
			</report>
			<report>
				<misses>47300000</misses>
				<total>1</total>
				<timestamp>6149.013023</timestamp>
			</report>
			<report>
				<misses>47400000</misses>
				<total>1</total>
				<timestamp>6162.012901</timestamp>
			</report>
			<report>
				<misses>47500000</misses>
				<total>1</total>
				<timestamp>6175.012892</timestamp>
			</report>
			<report>
				<misses>47600000</misses>
				<total>1</total>
				<timestamp>6188.013297</timestamp>
			</report>
			<report>
				<misses>47700000</misses>
				<total>1</total>
				<timestamp>6201.013163</timestamp>
			</report>
			<report>
				<misses>47800000</misses>
				<total>1</total>
				<timestamp>6214.013019</timestamp>
			</report>
			<report>
				<misses>47900000</misses>
				<total>1</total>
				<timestamp>6227.013547</timestamp>
			</report>
			<report>
				<misses>48000000</misses>
				<total>0</total>
				<timestamp>6240.013677</timestamp>
			</report>
			<report>
				<misses>48100000</misses>
				<total>1</total>
				<timestamp>6253.013678</timestamp>
			</report>
			<report>
				<misses>48200000</misses>
				<total>1</total>
				<timestamp>6266.013805</timestamp>
			</report>
			<report>
				<misses>48300000</misses>
				<total>1</total>
				<timestamp>6279.013821</timestamp>
			</report>
			<report>
				<misses>48400000</misses>
				<total>1</total>
				<timestamp>6292.013929</timestamp>
			</report>
			<report>
				<misses>48500000</misses>
				<total>1</total>
				<timestamp>6305.013945</timestamp>
			</report>
			<report>
				<misses>48600000</misses>
				<total>1</total>
				<timestamp>6318.013939</timestamp>
			</report>
			<report>
				<misses>48700000</misses>
				<total>1</total>
				<timestamp>6331.013795</timestamp>
			</report>
			<report>
				<misses>48800000</misses>
				<total>1</total>
				<timestamp>6344.013794</timestamp>
			</report>
			<report>
				<misses>48900000</misses>
				<total>1</total>
				<timestamp>6357.013934</timestamp>
			</report>
			<report>
				<misses>49000000</misses>
				<total>1</total>
				<timestamp>6370.013811</timestamp>
			</report>
			<report>
				<misses>49100000</misses>
				<total>1</total>
				<timestamp>6383.013799</timestamp>
			</report>
			<report>
				<misses>49200000</misses>
				<total>1</total>
				<timestamp>6396.013684</timestamp>
			</report>
			<report>
				<misses>49300000</misses>
				<total>1</total>
				<timestamp>6409.013929</timestamp>
			</report>
			<report>
				<misses>49400000</misses>
				<total>1</total>
				<timestamp>6422.013790</timestamp>
			</report>
			<report>
				<misses>49500000</misses>
				<total>1</total>
				<timestamp>6435.013786</timestamp>
			</report>
			<report>
				<misses>49600000</misses>
				<total>0</total>
				<timestamp>6448.013965</timestamp>
			</report>
			<report>
				<misses>49700000</misses>
				<total>1</total>
				<timestamp>6461.013808</timestamp>
			</report>
			<report>
				<misses>49800000</misses>
				<total>1</total>
				<timestamp>6474.014050</timestamp>
			</report>
			<report>
				<misses>49900000</misses>
				<total>1</total>
				<timestamp>6487.013936</timestamp>
			</report>
			<report>
				<misses>50000000</misses>
				<total>0</total>
				<timestamp>6500.013948</timestamp>
			</report>
			<report>
				<misses>50100000</misses>
				<total>1</total>
				<timestamp>6513.013934</timestamp>
			</report>
			<report>
				<misses>50200000</misses>
				<total>1</total>
				<timestamp>6526.013818</timestamp>
			</report>
			<report>
				<misses>50300000</misses>
				<total>1</total>
				<timestamp>6539.013690</timestamp>
			</report>
			<report>
				<misses>50400000</misses>
				<total>1</total>
				<timestamp>6552.013581</timestamp>
			</report>
			<report>
				<misses>50500000</misses>
				<total>1</total>
				<timestamp>6565.013671</timestamp>
			</report>
			<report>
				<misses>50600000</misses>
				<total>1</total>
				<timestamp>6578.013559</timestamp>
			</report>
			<report>
				<misses>50700000</misses>
				<total>1</total>
				<timestamp>6591.013428</timestamp>
			</report>
			<report>
				<misses>50800000</misses>
				<total>1</total>
				<timestamp>6604.013304</timestamp>
			</report>
			<report>
				<misses>50900000</misses>
				<total>1</total>
				<timestamp>6617.013160</timestamp>
			</report>
			<report>
				<misses>51000000</misses>
				<total>1</total>
				<timestamp>6630.013166</timestamp>
			</report>
			<report>
				<misses>51100000</misses>
				<total>1</total>
				<timestamp>6643.013020</timestamp>
			</report>
			<report>
				<misses>51200000</misses>
				<total>1</total>
				<timestamp>6656.013148</timestamp>
			</report>
			<report>
				<misses>51300000</misses>
				<total>1</total>
				<timestamp>6669.013154</timestamp>
			</report>
			<report>
				<misses>51400000</misses>
				<total>1</total>
				<timestamp>6682.013040</timestamp>
			</report>
			<report>
				<misses>51500000</misses>
				<total>1</total>
				<timestamp>6695.013174</timestamp>
			</report>
			<report>
				<misses>51600000</misses>
				<total>1</total>
				<timestamp>6708.013028</timestamp>
			</report>
			<report>
				<misses>51700000</misses>
				<total>1</total>
				<timestamp>6721.012896</timestamp>
			</report>
			<report>
				<misses>51800000</misses>
				<total>1</total>
				<timestamp>6734.013012</timestamp>
			</report>
			<report>
				<misses>51900000</misses>
				<total>1</total>
				<timestamp>6747.013030</timestamp>
			</report>
			<report>
				<misses>52000000</misses>
				<total>1</total>
				<timestamp>6760.013146</timestamp>
			</report>
			<report>
				<misses>52100000</misses>
				<total>1</total>
				<timestamp>6773.013273</timestamp>
			</report>
			<report>
				<misses>52200000</misses>
				<total>0</total>
				<timestamp>6786.013426</timestamp>
			</report>
			<report>
				<misses>52300000</misses>
				<total>1</total>
				<timestamp>6799.013289</timestamp>
			</report>
			<report>
				<misses>52400000</misses>
				<total>1</total>
				<timestamp>6812.013153</timestamp>
			</report>
			<report>
				<misses>52500000</misses>
				<total>1</total>
				<timestamp>6825.013397</timestamp>
			</report>
			<report>
				<misses>52600000</misses>
				<total>1</total>
				<timestamp>6838.014070</timestamp>
			</report>
			<report>
				<misses>52700000</misses>
				<total>1</total>
				<timestamp>6851.013934</timestamp>
			</report>
			<report>
				<misses>52800000</misses>
				<total>1</total>
				<timestamp>6864.013805</timestamp>
			</report>
			<report>
				<misses>52900000</misses>
				<total>1</total>
				<timestamp>6877.013937</timestamp>
			</report>
			<report>
				<misses>53000000</misses>
				<total>1</total>
				<timestamp>6890.014065</timestamp>
			</report>
			<report>
				<misses>53100000</misses>
				<total>1</total>
				<timestamp>6903.014349</timestamp>
			</report>
			<report>
				<misses>53200000</misses>
				<total>1</total>
				<timestamp>6916.014207</timestamp>
			</report>
			<report>
				<misses>53300000</misses>
				<total>1</total>
				<timestamp>6929.014187</timestamp>
			</report>
			<report>
				<misses>53400000</misses>
				<total>1</total>
				<timestamp>6942.014318</timestamp>
			</report>
			<report>
				<misses>53500000</misses>
				<total>1</total>
				<timestamp>6955.014192</timestamp>
			</report>
			<report>
				<misses>53600000</misses>
				<total>1</total>
				<timestamp>6968.014322</timestamp>
			</report>
			<report>
				<misses>53700000</misses>
				<total>1</total>
				<timestamp>6981.014591</timestamp>
			</report>
			<report>
				<misses>53800000</misses>
				<total>1</total>
				<timestamp>6994.014723</timestamp>
			</report>
			<report>
				<misses>53900000</misses>
				<total>1</total>
				<timestamp>7007.014582</timestamp>
			</report>
			<report>
				<misses>54000000</misses>
				<total>1</total>
				<timestamp>7020.014710</timestamp>
			</report>
			<report>
				<misses>54100000</misses>
				<total>1</total>
				<timestamp>7033.014724</timestamp>
			</report>
			<report>
				<misses>54200000</misses>
				<total>1</total>
				<timestamp>7046.014575</timestamp>
			</report>
			<report>
				<misses>54300000</misses>
				<total>1</total>
				<timestamp>7059.014454</timestamp>
			</report>
			<report>
				<misses>54400000</misses>
				<total>1</total>
				<timestamp>7072.014317</timestamp>
			</report>
			<report>
				<misses>54500000</misses>
				<total>1</total>
				<timestamp>7085.014468</timestamp>
			</report>
			<report>
				<misses>54600000</misses>
				<total>1</total>
				<timestamp>7098.014346</timestamp>
			</report>
			<report>
				<misses>54700000</misses>
				<total>1</total>
				<timestamp>7111.014329</timestamp>
			</report>
			<report>
				<misses>54800000</misses>
				<total>1</total>
				<timestamp>7124.014462</timestamp>
			</report>
			<report>
				<misses>54900000</misses>
				<total>1</total>
				<timestamp>7137.014585</timestamp>
			</report>
			<report>
				<misses>55000000</misses>
				<total>1</total>
				<timestamp>7150.014618</timestamp>
			</report>
			<report>
				<misses>55100000</misses>
				<total>1</total>
				<timestamp>7163.014458</timestamp>
			</report>
			<report>
				<misses>55200000</misses>
				<total>1</total>
				<timestamp>7176.014704</timestamp>
			</report>
			<report>
				<misses>55300000</misses>
				<total>0</total>
				<timestamp>7189.014628</timestamp>
			</report>
		</query>
	</custom>
	<ethtool_statistic>
		<rx_packets>
			<start>20035</start>
			<end>21014</end>
		</rx_packets>
		<tx_packets>
			<start>12731516709</start>
			<end>15168125870</end>
		</tx_packets>
		<rx_dropped>
			<start>0</start>
			<end>0</end>
		</rx_dropped>
		<tx_dropped>
			<start>0</start>
			<end>0</end>
		</tx_dropped>
		<collisions>
			<start>0</start>
			<end>0</end>
		</collisions>
		<port_tx_errors>
			<start>0</start>
			<end>0</end>
		</port_tx_errors>
		<port_rx_dropped>
			<start>0</start>
			<end>0</end>
		</port_rx_dropped>
		<port_tx_dropped_link_down>
			<start>0</start>
			<end>0</end>
		</port_tx_dropped_link_down>
	</ethtool_statistic>
	<ip_statistic>
		<mtu>
			<start>1500</start>
			<end>1500</end>
		</mtu>
		<rx_bytes>
			<start>1274040</start>
			<end>1334144</end>
		</rx_bytes>
		<rx_packets>
			<start>20035</start>
			<end>21014</end>
		</rx_packets>
		<rx_errors>
			<start>0</start>
			<end>0</end>
		</rx_errors>
		<rx_dropped>
			<start>0</start>
			<end>0</end>
		</rx_dropped>
		<rx_missed>
			<start>0</start>
			<end>0</end>
		</rx_missed>
		<rx_mcast>
			<start>1919</start>
			<end>1939</end>
		</rx_mcast>
		<tx_bytes>
			<start>17349309155070</start>
			<end>21032131731872</end>
		</tx_bytes>
		<tx_packets>
			<start>12731516709</start>
			<end>15168125870</end>
		</tx_packets>
		<tx_errors>
			<start>0</start>
			<end>0</end>
		</tx_errors>
		<tx_dropped>
			<start>0</start>
			<end>0</end>
		</tx_dropped>
		<tx_carrier>
			<start>0</start>
			<end>0</end>
		</tx_carrier>
		<tx_collisions>
			<start>0</start>
			<end>0</end>
		</tx_collisions>
	</ip_statistic>
	<netstat_statistic>
		<udp_pkg_rec>
			<start>2307937147</start>
			<end>2740513800</end>
		</udp_pkg_rec>
		<udp_pkg_snt>
			<start>4231049135</start>
			<end>4797729632</end>
		</udp_pkg_snt>
		<udp_rec_err>
			<start>327870986</start>
			<end>386001650</end>
		</udp_rec_err>
		<udp_rec_buf_err>
			<start>327870986</start>
			<end>386001650</end>
		</udp_rec_buf_err>
		<udp_snt_buf_err>
			<start>0</start>
			<end>0</end>
		</udp_snt_buf_err>
	</netstat_statistic>
</test_results>
