<?xml version="1.0"?>
<test_results>
	<status>STATUS_SUCCESS</status>
	<custom>
		<num_loss>4821240</num_loss>
		<num_total>5000001</num_total>
		<num_misses>198</num_misses>
		<elapsed_time>450.013553</elapsed_time>
		<query>
			<report>
				<misses>100000</misses>
				<total>95872</total>
				<timestamp>9.001566</timestamp>
			</report>
			<report>
				<misses>200000</misses>
				<total>195871</total>
				<timestamp>18.002074</timestamp>
			</report>
			<report>
				<misses>300000</misses>
				<total>295870</total>
				<timestamp>27.002427</timestamp>
			</report>
			<report>
				<misses>400000</misses>
				<total>387839</total>
				<timestamp>36.002558</timestamp>
			</report>
			<report>
				<misses>500000</misses>
				<total>487838</total>
				<timestamp>45.003705</timestamp>
			</report>
			<report>
				<misses>600000</misses>
				<total>587837</total>
				<timestamp>54.003775</timestamp>
			</report>
			<report>
				<misses>700000</misses>
				<total>686365</total>
				<timestamp>63.003893</timestamp>
			</report>
			<report>
				<misses>800000</misses>
				<total>786364</total>
				<timestamp>72.003910</timestamp>
			</report>
			<report>
				<misses>900000</misses>
				<total>886363</total>
				<timestamp>81.003997</timestamp>
			</report>
			<report>
				<misses>1000000</misses>
				<total>976355</total>
				<timestamp>90.004087</timestamp>
			</report>
			<report>
				<misses>1100000</misses>
				<total>1076354</total>
				<timestamp>99.004300</timestamp>
			</report>
			<report>
				<misses>1200000</misses>
				<total>1176353</total>
				<timestamp>108.004392</timestamp>
			</report>
			<report>
				<misses>1300000</misses>
				<total>1263455</total>
				<timestamp>117.004702</timestamp>
			</report>
			<report>
				<misses>1400000</misses>
				<total>1363454</total>
				<timestamp>126.004661</timestamp>
			</report>
			<report>
				<misses>1500000</misses>
				<total>1463453</total>
				<timestamp>135.004585</timestamp>
			</report>
			<report>
				<misses>1600000</misses>
				<total>1549334</total>
				<timestamp>144.004586</timestamp>
			</report>
			<report>
				<misses>1700000</misses>
				<total>1649333</total>
				<timestamp>153.004864</timestamp>
			</report>
			<report>
				<misses>1800000</misses>
				<total>1749332</total>
				<timestamp>162.004842</timestamp>
			</report>
			<report>
				<misses>1900000</misses>
				<total>1839136</total>
				<timestamp>171.004851</timestamp>
			</report>
			<report>
				<misses>2000000</misses>
				<total>1939135</total>
				<timestamp>180.004882</timestamp>
			</report>
			<report>
				<misses>2100000</misses>
				<total>2039134</total>
				<timestamp>189.004947</timestamp>
			</report>
			<report>
				<misses>2200000</misses>
				<total>2125759</total>
				<timestamp>198.004966</timestamp>
			</report>
			<report>
				<misses>2300000</misses>
				<total>2225758</total>
				<timestamp>207.004934</timestamp>
			</report>
			<report>
				<misses>2400000</misses>
				<total>2325757</total>
				<timestamp>216.004878</timestamp>
			</report>
			<report>
				<misses>2500000</misses>
				<total>2415702</total>
				<timestamp>225.004922</timestamp>
			</report>
			<report>
				<misses>2600000</misses>
				<total>2515701</total>
				<timestamp>234.004888</timestamp>
			</report>
			<report>
				<misses>2700000</misses>
				<total>2615700</total>
				<timestamp>243.004915</timestamp>
			</report>
			<report>
				<misses>2800000</misses>
				<total>2702196</total>
				<timestamp>252.004904</timestamp>
			</report>
			<report>
				<misses>2900000</misses>
				<total>2802195</total>
				<timestamp>261.004894</timestamp>
			</report>
			<report>
				<misses>3000000</misses>
				<total>2902194</total>
				<timestamp>270.004856</timestamp>
			</report>
			<report>
				<misses>3100000</misses>
				<total>2986043</total>
				<timestamp>279.004886</timestamp>
			</report>
			<report>
				<misses>3200000</misses>
				<total>3086042</total>
				<timestamp>288.006187</timestamp>
			</report>
			<report>
				<misses>3300000</misses>
				<total>3186041</total>
				<timestamp>297.006101</timestamp>
			</report>
			<report>
				<misses>3400000</misses>
				<total>3274827</total>
				<timestamp>306.009348</timestamp>
			</report>
			<report>
				<misses>3500000</misses>
				<total>3374826</total>
				<timestamp>315.009358</timestamp>
			</report>
			<report>
				<misses>3600000</misses>
				<total>3474825</total>
				<timestamp>324.009329</timestamp>
			</report>
			<report>
				<misses>3700000</misses>
				<total>3561410</total>
				<timestamp>333.009354</timestamp>
			</report>
			<report>
				<misses>3800000</misses>
				<total>3661409</total>
				<timestamp>342.009353</timestamp>
			</report>
			<report>
				<misses>3900000</misses>
				<total>3761408</total>
				<timestamp>351.009287</timestamp>
			</report>
			<report>
				<misses>4000000</misses>
				<total>3855142</total>
				<timestamp>360.009440</timestamp>
			</report>
			<report>
				<misses>4100000</misses>
				<total>3955141</total>
				<timestamp>369.009442</timestamp>
			</report>
			<report>
				<misses>4200000</misses>
				<total>4055140</total>
				<timestamp>378.009497</timestamp>
			</report>
			<report>
				<misses>4300000</misses>
				<total>4146048</total>
				<timestamp>387.009539</timestamp>
			</report>
			<report>
				<misses>4400000</misses>
				<total>4246047</total>
				<timestamp>396.013300</timestamp>
			</report>
			<report>
				<misses>4500000</misses>
				<total>4346046</total>
				<timestamp>405.013246</timestamp>
			</report>
			<report>
				<misses>4600000</misses>
				<total>4436385</total>
				<timestamp>414.013204</timestamp>
			</report>
			<report>
				<misses>4700000</misses>
				<total>4536384</total>
				<timestamp>423.013124</timestamp>
			</report>
			<report>
				<misses>4800000</misses>
				<total>4636383</total>
				<timestamp>432.013452</timestamp>
			</report>
			<report>
				<misses>4900000</misses>
				<total>4721241</total>
				<timestamp>441.013568</timestamp>
			</report>
			<report>
				<misses>5000000</misses>
				<total>4821240</total>
				<timestamp>450.013527</timestamp>
			</report>
		</query>
	</custom>
	<ethtool_statistic>
		<rx_packets>
			<start>3537199049</start>
			<end>3558378792</end>
		</rx_packets>
		<tx_packets>
			<start>3814360837</start>
			<end>3867070793</end>
		</tx_packets>
		<rx_dropped>
			<start>0</start>
			<end>0</end>
		</rx_dropped>
		<tx_dropped>
			<start>0</start>
			<end>0</end>
		</tx_dropped>
		<collisions>
			<start>0</start>
			<end>0</end>
		</collisions>
		<port_tx_errors>
			<start>0</start>
			<end>0</end>
		</port_tx_errors>
		<port_rx_dropped>
			<start>0</start>
			<end>0</end>
		</port_rx_dropped>
		<port_tx_dropped_link_down>
			<start>0</start>
			<end>0</end>
		</port_tx_dropped_link_down>
	</ethtool_statistic>
	<ip_statistic>
		<mtu>
			<start>9000</start>
			<end>9000</end>
		</mtu>
		<rx_bytes>
			<start>31798223602797</start>
			<end>31988625147981</end>
		</rx_bytes>
		<rx_packets>
			<start>3537199164</start>
			<end>3558378820</end>
		</rx_packets>
		<rx_errors>
			<start>0</start>
			<end>0</end>
		</rx_errors>
		<rx_dropped>
			<start>0</start>
			<end>0</end>
		</rx_dropped>
		<rx_missed>
			<start>0</start>
			<end>0</end>
		</rx_missed>
		<rx_mcast>
			<start>768</start>
			<end>777</end>
		</rx_mcast>
		<tx_bytes>
			<start>22289429770482</start>
			<end>22730090661608</end>
		</tx_bytes>
		<tx_packets>
			<start>3814360886</start>
			<end>3867070843</end>
		</tx_packets>
		<tx_errors>
			<start>0</start>
			<end>0</end>
		</tx_errors>
		<tx_dropped>
			<start>0</start>
			<end>0</end>
		</tx_dropped>
		<tx_carrier>
			<start>0</start>
			<end>0</end>
		</tx_carrier>
		<tx_collisions>
			<start>0</start>
			<end>0</end>
		</tx_collisions>
	</ip_statistic>
	<netstat_statistic>
		<udp_pkg_rec>
			<start>3339954841</start>
			<end>3360288474</end>
		</udp_pkg_rec>
		<udp_pkg_snt>
			<start>3692870449</start>
			<end>3710584143</end>
		</udp_pkg_snt>
		<udp_rec_err>
			<start>197550997</start>
			<end>198399244</end>
		</udp_rec_err>
		<udp_rec_buf_err>
			<start>197550997</start>
			<end>198399244</end>
		</udp_rec_buf_err>
		<udp_snt_buf_err>
			<start>0</start>
			<end>0</end>
		</udp_snt_buf_err>
	</netstat_statistic>
</test_results>
