<?xml version="1.0"?>
<test_results>
	<status>STATUS_SUCCESS</status>
	<custom>
		<num_loss>52</num_loss>
		<num_total>12000001</num_total>
		<num_misses>2</num_misses>
		<elapsed_time>4559.996494</elapsed_time>
		<query />
	</custom>
	<ethtool_statistic>
		<rx_packets>
			<start>6056708304</start>
			<end>6424210586</end>
		</rx_packets>
		<tx_packets>
			<start>9876757996</start>
			<end>10430028638</end>
		</tx_packets>
		<rx_dropped>
			<start>0</start>
			<end>0</end>
		</rx_dropped>
		<tx_dropped>
			<start>0</start>
			<end>0</end>
		</tx_dropped>
		<collisions>
			<start>0</start>
			<end>0</end>
		</collisions>
		<port_tx_errors>
			<start>0</start>
			<end>0</end>
		</port_tx_errors>
		<port_rx_dropped>
			<start>0</start>
			<end>0</end>
		</port_rx_dropped>
		<port_tx_dropped_link_down>
			<start>0</start>
			<end>0</end>
		</port_tx_dropped_link_down>
	</ethtool_statistic>
	<ip_statistic>
		<mtu>
			<start>9000</start>
			<end>9000</end>
		</mtu>
		<rx_bytes>
			<start>24910179068775</start>
			<end>26414323199887</end>
		</rx_bytes>
		<rx_packets>
			<start>6056708500</start>
			<end>6424210978</end>
		</rx_packets>
		<rx_errors>
			<start>0</start>
			<end>0</end>
		</rx_errors>
		<rx_dropped>
			<start>0</start>
			<end>0</end>
		</rx_dropped>
		<rx_missed>
			<start>0</start>
			<end>0</end>
		</rx_missed>
		<rx_mcast>
			<start>2615</start>
			<end>2679</end>
		</rx_mcast>
		<tx_bytes>
			<start>31415688083693</start>
			<end>33358663612915</end>
		</tx_bytes>
		<tx_packets>
			<start>9876758040</start>
			<end>10430028666</end>
		</tx_packets>
		<tx_errors>
			<start>0</start>
			<end>0</end>
		</tx_errors>
		<tx_dropped>
			<start>0</start>
			<end>0</end>
		</tx_dropped>
		<tx_carrier>
			<start>0</start>
			<end>0</end>
		</tx_carrier>
		<tx_collisions>
			<start>0</start>
			<end>0</end>
		</tx_collisions>
	</ip_statistic>
	<netstat_statistic>
		<udp_pkg_rec>
			<start>5164730008</start>
			<end>5472739762</end>
		</udp_pkg_rec>
		<udp_pkg_snt>
			<start>9163414223</start>
			<end>9632708663</end>
		</udp_pkg_snt>
		<udp_rec_err>
			<start>892813725</start>
			<end>952329919</end>
		</udp_rec_err>
		<udp_rec_buf_err>
			<start>892813725</start>
			<end>952329919</end>
		</udp_rec_buf_err>
		<udp_snt_buf_err>
			<start>0</start>
			<end>0</end>
		</udp_snt_buf_err>
	</netstat_statistic>
</test_results>
