<?xml version="1.0"?>
<test_results>
	<status>STATUS_SUCCESS</status>
	<custom>
		<num_loss>298</num_loss>
		<num_total>5000001</num_total>
		<num_misses>0</num_misses>
		<elapsed_time>1799.982189</elapsed_time>
		<query>
			<report>
				<misses>100000</misses>
				<total>12</total>
				<timestamp>35.999884</timestamp>
			</report>
			<report>
				<misses>200000</misses>
				<total>21</total>
				<timestamp>71.999492</timestamp>
			</report>
			<report>
				<misses>300000</misses>
				<total>29</total>
				<timestamp>107.999184</timestamp>
			</report>
			<report>
				<misses>400000</misses>
				<total>35</total>
				<timestamp>143.998726</timestamp>
			</report>
			<report>
				<misses>500000</misses>
				<total>37</total>
				<timestamp>179.998391</timestamp>
			</report>
			<report>
				<misses>600000</misses>
				<total>38</total>
				<timestamp>215.998063</timestamp>
			</report>
			<report>
				<misses>700000</misses>
				<total>43</total>
				<timestamp>251.997643</timestamp>
			</report>
			<report>
				<misses>800000</misses>
				<total>45</total>
				<timestamp>287.997284</timestamp>
			</report>
			<report>
				<misses>900000</misses>
				<total>53</total>
				<timestamp>323.996953</timestamp>
			</report>
			<report>
				<misses>1000000</misses>
				<total>57</total>
				<timestamp>359.996582</timestamp>
			</report>
			<report>
				<misses>1100000</misses>
				<total>59</total>
				<timestamp>395.996284</timestamp>
			</report>
			<report>
				<misses>1200000</misses>
				<total>63</total>
				<timestamp>431.995904</timestamp>
			</report>
			<report>
				<misses>1300000</misses>
				<total>65</total>
				<timestamp>467.995524</timestamp>
			</report>
			<report>
				<misses>1400000</misses>
				<total>72</total>
				<timestamp>503.995109</timestamp>
			</report>
			<report>
				<misses>1500000</misses>
				<total>83</total>
				<timestamp>539.994771</timestamp>
			</report>
			<report>
				<misses>1600000</misses>
				<total>88</total>
				<timestamp>575.994446</timestamp>
			</report>
			<report>
				<misses>1700000</misses>
				<total>93</total>
				<timestamp>611.994152</timestamp>
			</report>
			<report>
				<misses>1800000</misses>
				<total>95</total>
				<timestamp>647.993700</timestamp>
			</report>
			<report>
				<misses>1900000</misses>
				<total>102</total>
				<timestamp>683.993341</timestamp>
			</report>
			<report>
				<misses>2000000</misses>
				<total>109</total>
				<timestamp>719.993000</timestamp>
			</report>
			<report>
				<misses>2100000</misses>
				<total>117</total>
				<timestamp>755.992619</timestamp>
			</report>
			<report>
				<misses>2200000</misses>
				<total>135</total>
				<timestamp>791.992258</timestamp>
			</report>
			<report>
				<misses>2300000</misses>
				<total>144</total>
				<timestamp>827.991921</timestamp>
			</report>
			<report>
				<misses>2400000</misses>
				<total>154</total>
				<timestamp>863.991569</timestamp>
			</report>
			<report>
				<misses>2500000</misses>
				<total>159</total>
				<timestamp>899.991174</timestamp>
			</report>
			<report>
				<misses>2600000</misses>
				<total>161</total>
				<timestamp>935.990828</timestamp>
			</report>
			<report>
				<misses>2700000</misses>
				<total>175</total>
				<timestamp>971.990450</timestamp>
			</report>
			<report>
				<misses>2800000</misses>
				<total>184</total>
				<timestamp>1007.990114</timestamp>
			</report>
			<report>
				<misses>2900000</misses>
				<total>185</total>
				<timestamp>1043.989727</timestamp>
			</report>
			<report>
				<misses>3000000</misses>
				<total>195</total>
				<timestamp>1079.989345</timestamp>
			</report>
			<report>
				<misses>3100000</misses>
				<total>197</total>
				<timestamp>1115.989032</timestamp>
			</report>
			<report>
				<misses>3200000</misses>
				<total>198</total>
				<timestamp>1151.988652</timestamp>
			</report>
			<report>
				<misses>3300000</misses>
				<total>205</total>
				<timestamp>1187.988342</timestamp>
			</report>
			<report>
				<misses>3400000</misses>
				<total>214</total>
				<timestamp>1223.987939</timestamp>
			</report>
			<report>
				<misses>3500000</misses>
				<total>215</total>
				<timestamp>1259.987601</timestamp>
			</report>
			<report>
				<misses>3600000</misses>
				<total>216</total>
				<timestamp>1295.987214</timestamp>
			</report>
			<report>
				<misses>3700000</misses>
				<total>218</total>
				<timestamp>1331.986872</timestamp>
			</report>
			<report>
				<misses>3800000</misses>
				<total>222</total>
				<timestamp>1367.986492</timestamp>
			</report>
			<report>
				<misses>3900000</misses>
				<total>227</total>
				<timestamp>1403.986126</timestamp>
			</report>
			<report>
				<misses>4000000</misses>
				<total>232</total>
				<timestamp>1439.985770</timestamp>
			</report>
			<report>
				<misses>4100000</misses>
				<total>232</total>
				<timestamp>1475.985456</timestamp>
			</report>
			<report>
				<misses>4200000</misses>
				<total>246</total>
				<timestamp>1511.985053</timestamp>
			</report>
			<report>
				<misses>4300000</misses>
				<total>248</total>
				<timestamp>1547.984719</timestamp>
			</report>
			<report>
				<misses>4400000</misses>
				<total>261</total>
				<timestamp>1583.984408</timestamp>
			</report>
			<report>
				<misses>4500000</misses>
				<total>268</total>
				<timestamp>1619.984006</timestamp>
			</report>
			<report>
				<misses>4600000</misses>
				<total>270</total>
				<timestamp>1655.983618</timestamp>
			</report>
			<report>
				<misses>4700000</misses>
				<total>274</total>
				<timestamp>1691.983295</timestamp>
			</report>
			<report>
				<misses>4800000</misses>
				<total>276</total>
				<timestamp>1727.982926</timestamp>
			</report>
			<report>
				<misses>4900000</misses>
				<total>289</total>
				<timestamp>1763.982542</timestamp>
			</report>
			<report>
				<misses>5000000</misses>
				<total>299</total>
				<timestamp>1799.982167</timestamp>
			</report>
		</query>
	</custom>
	<ethtool_statistic>
		<rx_packets>
			<start>5086436135</start>
			<end>5170480090</end>
		</rx_packets>
		<tx_packets>
			<start>6587477818</start>
			<end>6677905286</end>
		</tx_packets>
		<rx_dropped>
			<start>250</start>
			<end>250</end>
		</rx_dropped>
		<tx_dropped>
			<start>0</start>
			<end>0</end>
		</tx_dropped>
		<collisions>
			<start>0</start>
			<end>0</end>
		</collisions>
		<port_tx_errors>
			<start>0</start>
			<end>0</end>
		</port_tx_errors>
		<port_rx_dropped>
			<start>0</start>
			<end>0</end>
		</port_rx_dropped>
		<port_tx_dropped_link_down>
			<start>0</start>
			<end>0</end>
		</port_tx_dropped_link_down>
	</ethtool_statistic>
	<ip_statistic>
		<mtu>
			<start>9000</start>
			<end>9000</end>
		</mtu>
		<rx_bytes>
			<start>45725543901188</start>
			<end>46481091444149</end>
		</rx_bytes>
		<rx_packets>
			<start>5086436154</start>
			<end>5170480170</end>
		</rx_packets>
		<rx_errors>
			<start>0</start>
			<end>0</end>
		</rx_errors>
		<rx_dropped>
			<start>250</start>
			<end>250</end>
		</rx_dropped>
		<rx_missed>
			<start>0</start>
			<end>0</end>
		</rx_missed>
		<rx_mcast>
			<start>1481</start>
			<end>1500</end>
		</rx_mcast>
		<tx_bytes>
			<start>45689631892784</start>
			<end>46469368668338</end>
		</tx_bytes>
		<tx_packets>
			<start>6587477873</start>
			<end>6677905333</end>
		</tx_packets>
		<tx_errors>
			<start>0</start>
			<end>0</end>
		</tx_errors>
		<tx_dropped>
			<start>0</start>
			<end>0</end>
		</tx_dropped>
		<tx_carrier>
			<start>0</start>
			<end>0</end>
		</tx_carrier>
		<tx_collisions>
			<start>0</start>
			<end>0</end>
		</tx_collisions>
	</ip_statistic>
	<netstat_statistic>
		<udp_pkg_rec>
			<start>4813309303</start>
			<end>4894067655</end>
		</udp_pkg_rec>
		<udp_pkg_snt>
			<start>4853685143</start>
			<end>4909126650</end>
		</udp_pkg_snt>
		<udp_rec_err>
			<start>273663479</start>
			<end>276958182</end>
		</udp_rec_err>
		<udp_rec_buf_err>
			<start>273663479</start>
			<end>276958182</end>
		</udp_rec_buf_err>
		<udp_snt_buf_err>
			<start>0</start>
			<end>0</end>
		</udp_snt_buf_err>
	</netstat_statistic>
</test_results>
