<?xml version="1.0"?>
<test_results>
	<status>STATUS_SUCCESS</status>
	<custom>
		<num_loss>61</num_loss>
		<num_total>13000001</num_total>
		<num_misses>11</num_misses>
		<elapsed_time>2339.999913</elapsed_time>
	</custom>
	<ethtool_statistic>
		<rx_packets>
			<start>14207401452</start>
			<end>14302394222</end>
		</rx_packets>
		<tx_packets>
			<start>18954637154</start>
			<end>19124152415</end>
		</tx_packets>
		<rx_dropped>
			<start>0</start>
			<end>0</end>
		</rx_dropped>
		<tx_dropped>
			<start>0</start>
			<end>0</end>
		</tx_dropped>
		<collisions>
			<start>0</start>
			<end>0</end>
		</collisions>
		<port_tx_errors>
			<start>-1</start>
			<end>-1</end>
		</port_tx_errors>
		<port_rx_dropped>
			<start>-1</start>
			<end>-1</end>
		</port_rx_dropped>
		<port_tx_dropped_link_down>
			<start>-1</start>
			<end>-1</end>
		</port_tx_dropped_link_down>
	</ethtool_statistic>
	<ip_statistic>
		<mtu>
			<start>9000</start>
			<end>9000</end>
		</mtu>
		<rx_bytes>
			<start>127679102571051</start>
			<end>128533081403479</end>
		</rx_bytes>
		<rx_packets>
			<start>14207401521</start>
			<end>14302394481</end>
		</rx_packets>
		<rx_errors>
			<start>0</start>
			<end>0</end>
		</rx_errors>
		<rx_dropped>
			<start>0</start>
			<end>0</end>
		</rx_dropped>
		<rx_missed>
			<start>1757</start>
			<end>1757</end>
		</rx_missed>
		<rx_mcast>
			<start>9449</start>
			<end>9492</end>
		</rx_mcast>
		<tx_bytes>
			<start>153594412085363</start>
			<end>155032027911530</end>
		</tx_bytes>
		<tx_packets>
			<start>18954637205</start>
			<end>19124152419</end>
		</tx_packets>
		<tx_errors>
			<start>0</start>
			<end>0</end>
		</tx_errors>
		<tx_dropped>
			<start>0</start>
			<end>0</end>
		</tx_dropped>
		<tx_carrier>
			<start>0</start>
			<end>0</end>
		</tx_carrier>
		<tx_collisions>
			<start>0</start>
			<end>0</end>
		</tx_collisions>
	</ip_statistic>
</test_results>
