<?xml version="1.0"?>
<test_results>
	<status>STATUS_SUCCESS</status>
	<custom>
		<num_loss>993634</num_loss>
		<num_total>1000001</num_total>
		<num_misses>27022051</num_misses>
		<elapsed_time>70.055417</elapsed_time>
		<query />
	</custom>
	<ethtool_statistic>
		<rx_packets>
			<start>3698691051</start>
			<end>3704453448</end>
		</rx_packets>
		<tx_packets>
			<start>6057590137</start>
			<end>6073390032</end>
		</tx_packets>
		<rx_dropped>
			<start>0</start>
			<end>0</end>
		</rx_dropped>
		<tx_dropped>
			<start>0</start>
			<end>0</end>
		</tx_dropped>
		<collisions>
			<start>0</start>
			<end>0</end>
		</collisions>
		<port_tx_errors>
			<start>0</start>
			<end>0</end>
		</port_tx_errors>
		<port_rx_dropped>
			<start>0</start>
			<end>0</end>
		</port_rx_dropped>
		<port_tx_dropped_link_down>
			<start>0</start>
			<end>0</end>
		</port_tx_dropped_link_down>
	</ethtool_statistic>
	<ip_statistic>
		<mtu>
			<start>9000</start>
			<end>9000</end>
		</mtu>
		<rx_bytes>
			<start>15122696997338</start>
			<end>15147001984353</end>
		</rx_bytes>
		<rx_packets>
			<start>3698691157</start>
			<end>3704453478</end>
		</rx_packets>
		<rx_errors>
			<start>0</start>
			<end>0</end>
		</rx_errors>
		<rx_dropped>
			<start>0</start>
			<end>0</end>
		</rx_dropped>
		<rx_missed>
			<start>0</start>
			<end>0</end>
		</rx_missed>
		<rx_mcast>
			<start>2237</start>
			<end>2237</end>
		</rx_mcast>
		<tx_bytes>
			<start>17145387425783</start>
			<end>17230159227689</end>
		</tx_bytes>
		<tx_packets>
			<start>6057590671</start>
			<end>6073390234</end>
		</tx_packets>
		<tx_errors>
			<start>0</start>
			<end>0</end>
		</tx_errors>
		<tx_dropped>
			<start>0</start>
			<end>0</end>
		</tx_dropped>
		<tx_carrier>
			<start>0</start>
			<end>0</end>
		</tx_carrier>
		<tx_collisions>
			<start>0</start>
			<end>0</end>
		</tx_collisions>
	</ip_statistic>
	<netstat_statistic>
		<udp_pkg_rec>
			<start>3104478263</start>
			<end>3109405016</end>
		</udp_pkg_rec>
		<udp_pkg_snt>
			<start>6058090629</start>
			<end>6066890353</end>
		</udp_pkg_snt>
		<udp_rec_err>
			<start>594895080</start>
			<end>595730903</end>
		</udp_rec_err>
		<udp_rec_buf_err>
			<start>594895080</start>
			<end>595730903</end>
		</udp_rec_buf_err>
		<udp_snt_buf_err>
			<start>0</start>
			<end>0</end>
		</udp_snt_buf_err>
	</netstat_statistic>
</test_results>
