<?xml version="1.0"?>
<test_results>
	<status>STATUS_SUCCESS</status>
	<custom>
		<num_loss>107</num_loss>
		<num_total>1000001</num_total>
		<num_misses>9</num_misses>
		<elapsed_time>180.001661</elapsed_time>
		<query />
	</custom>
	<ethtool_statistic>
		<rx_packets>
			<start>3832597086</start>
			<end>3847363269</end>
		</rx_packets>
		<tx_packets>
			<start>6325215621</start>
			<end>6352830419</end>
		</tx_packets>
		<rx_dropped>
			<start>0</start>
			<end>0</end>
		</rx_dropped>
		<tx_dropped>
			<start>0</start>
			<end>0</end>
		</tx_dropped>
		<collisions>
			<start>0</start>
			<end>0</end>
		</collisions>
		<port_tx_errors>
			<start>0</start>
			<end>0</end>
		</port_tx_errors>
		<port_rx_dropped>
			<start>0</start>
			<end>0</end>
		</port_rx_dropped>
		<port_tx_dropped_link_down>
			<start>0</start>
			<end>0</end>
		</port_tx_dropped_link_down>
	</ethtool_statistic>
	<ip_statistic>
		<mtu>
			<start>9000</start>
			<end>9000</end>
		</mtu>
		<rx_bytes>
			<start>15665925893088</start>
			<end>15726691757728</end>
		</rx_bytes>
		<rx_packets>
			<start>3832597387</start>
			<end>3847363521</end>
		</rx_packets>
		<rx_errors>
			<start>0</start>
			<end>0</end>
		</rx_errors>
		<rx_dropped>
			<start>0</start>
			<end>0</end>
		</rx_dropped>
		<rx_missed>
			<start>0</start>
			<end>0</end>
		</rx_missed>
		<rx_mcast>
			<start>2256</start>
			<end>2265</end>
		</rx_mcast>
		<tx_bytes>
			<start>18409689179991</start>
			<end>18523578884627</end>
		</tx_bytes>
		<tx_packets>
			<start>6325215636</start>
			<end>6352830442</end>
		</tx_packets>
		<tx_errors>
			<start>0</start>
			<end>0</end>
		</tx_errors>
		<tx_dropped>
			<start>0</start>
			<end>0</end>
		</tx_dropped>
		<tx_carrier>
			<start>0</start>
			<end>0</end>
		</tx_carrier>
		<tx_collisions>
			<start>0</start>
			<end>0</end>
		</tx_collisions>
	</ip_statistic>
	<netstat_statistic>
		<udp_pkg_rec>
			<start>3218485483</start>
			<end>3230897457</end>
		</udp_pkg_rec>
		<udp_pkg_snt>
			<start>6234723783</start>
			<end>6255339514</end>
		</udp_pkg_snt>
		<udp_rec_err>
			<start>614802276</start>
			<end>617157319</end>
		</udp_rec_err>
		<udp_rec_buf_err>
			<start>614802276</start>
			<end>617157319</end>
		</udp_rec_buf_err>
		<udp_snt_buf_err>
			<start>0</start>
			<end>0</end>
		</udp_snt_buf_err>
	</netstat_statistic>
</test_results>
