<?xml version="1.0"?>
<test_results>
	<status>STATUS_SUCCESS</status>
	<custom>
		<num_loss>1479604</num_loss>
		<num_total>5000001</num_total>
		<num_misses>0</num_misses>
		<elapsed_time>1249.987715</elapsed_time>
		<query>
			<report>
				<misses>100000</misses>
				<total>31417</total>
				<timestamp>24.999923</timestamp>
			</report>
			<report>
				<misses>200000</misses>
				<total>84528</total>
				<timestamp>49.999666</timestamp>
			</report>
			<report>
				<misses>300000</misses>
				<total>128615</total>
				<timestamp>74.999413</timestamp>
			</report>
			<report>
				<misses>400000</misses>
				<total>166018</total>
				<timestamp>99.999278</timestamp>
			</report>
			<report>
				<misses>500000</misses>
				<total>177046</total>
				<timestamp>124.999033</timestamp>
			</report>
			<report>
				<misses>600000</misses>
				<total>218817</total>
				<timestamp>149.998793</timestamp>
			</report>
			<report>
				<misses>700000</misses>
				<total>268893</total>
				<timestamp>174.998435</timestamp>
			</report>
			<report>
				<misses>800000</misses>
				<total>329494</total>
				<timestamp>199.998233</timestamp>
			</report>
			<report>
				<misses>900000</misses>
				<total>385606</total>
				<timestamp>224.997954</timestamp>
			</report>
			<report>
				<misses>1000000</misses>
				<total>455392</total>
				<timestamp>249.997692</timestamp>
			</report>
			<report>
				<misses>1100000</misses>
				<total>539201</total>
				<timestamp>274.997436</timestamp>
			</report>
			<report>
				<misses>1200000</misses>
				<total>539250</total>
				<timestamp>299.997186</timestamp>
			</report>
			<report>
				<misses>1300000</misses>
				<total>591648</total>
				<timestamp>324.996923</timestamp>
			</report>
			<report>
				<misses>1400000</misses>
				<total>630150</total>
				<timestamp>349.996674</timestamp>
			</report>
			<report>
				<misses>1500000</misses>
				<total>664049</total>
				<timestamp>374.996434</timestamp>
			</report>
			<report>
				<misses>1600000</misses>
				<total>693920</total>
				<timestamp>399.996192</timestamp>
			</report>
			<report>
				<misses>1700000</misses>
				<total>693986</total>
				<timestamp>424.995935</timestamp>
			</report>
			<report>
				<misses>1800000</misses>
				<total>739143</total>
				<timestamp>449.995663</timestamp>
			</report>
			<report>
				<misses>1900000</misses>
				<total>782329</total>
				<timestamp>474.995416</timestamp>
			</report>
			<report>
				<misses>2000000</misses>
				<total>782400</total>
				<timestamp>499.995198</timestamp>
			</report>
			<report>
				<misses>2100000</misses>
				<total>841626</total>
				<timestamp>524.994950</timestamp>
			</report>
			<report>
				<misses>2200000</misses>
				<total>841689</total>
				<timestamp>549.994667</timestamp>
			</report>
			<report>
				<misses>2300000</misses>
				<total>868391</total>
				<timestamp>574.994445</timestamp>
			</report>
			<report>
				<misses>2400000</misses>
				<total>886200</total>
				<timestamp>599.994228</timestamp>
			</report>
			<report>
				<misses>2500000</misses>
				<total>947721</total>
				<timestamp>624.993940</timestamp>
			</report>
			<report>
				<misses>2600000</misses>
				<total>1008314</total>
				<timestamp>649.993676</timestamp>
			</report>
			<report>
				<misses>2700000</misses>
				<total>1042646</total>
				<timestamp>674.993434</timestamp>
			</report>
			<report>
				<misses>2800000</misses>
				<total>1070007</total>
				<timestamp>699.993196</timestamp>
			</report>
			<report>
				<misses>2900000</misses>
				<total>1119596</total>
				<timestamp>724.992909</timestamp>
			</report>
			<report>
				<misses>3000000</misses>
				<total>1149378</total>
				<timestamp>749.992690</timestamp>
			</report>
			<report>
				<misses>3100000</misses>
				<total>1177218</total>
				<timestamp>774.992401</timestamp>
			</report>
			<report>
				<misses>3200000</misses>
				<total>1250987</total>
				<timestamp>799.992179</timestamp>
			</report>
			<report>
				<misses>3300000</misses>
				<total>1260358</total>
				<timestamp>824.991932</timestamp>
			</report>
			<report>
				<misses>3400000</misses>
				<total>1300236</total>
				<timestamp>849.991662</timestamp>
			</report>
			<report>
				<misses>3500000</misses>
				<total>1359013</total>
				<timestamp>874.991434</timestamp>
			</report>
			<report>
				<misses>3600000</misses>
				<total>1361994</total>
				<timestamp>899.991196</timestamp>
			</report>
			<report>
				<misses>3700000</misses>
				<total>1406231</total>
				<timestamp>924.990931</timestamp>
			</report>
			<report>
				<misses>3800000</misses>
				<total>1409218</total>
				<timestamp>949.990664</timestamp>
			</report>
			<report>
				<misses>3900000</misses>
				<total>1409260</total>
				<timestamp>974.990412</timestamp>
			</report>
			<report>
				<misses>4000000</misses>
				<total>1409285</total>
				<timestamp>999.990183</timestamp>
			</report>
			<report>
				<misses>4100000</misses>
				<total>1409303</total>
				<timestamp>1024.989905</timestamp>
			</report>
			<report>
				<misses>4200000</misses>
				<total>1409365</total>
				<timestamp>1049.989753</timestamp>
			</report>
			<report>
				<misses>4300000</misses>
				<total>1409408</total>
				<timestamp>1074.989448</timestamp>
			</report>
			<report>
				<misses>4400000</misses>
				<total>1409455</total>
				<timestamp>1099.989208</timestamp>
			</report>
			<report>
				<misses>4500000</misses>
				<total>1409512</total>
				<timestamp>1124.988955</timestamp>
			</report>
			<report>
				<misses>4600000</misses>
				<total>1409530</total>
				<timestamp>1149.988674</timestamp>
			</report>
			<report>
				<misses>4700000</misses>
				<total>1409608</total>
				<timestamp>1174.988524</timestamp>
			</report>
			<report>
				<misses>4800000</misses>
				<total>1409660</total>
				<timestamp>1199.988291</timestamp>
			</report>
			<report>
				<misses>4900000</misses>
				<total>1479563</total>
				<timestamp>1224.988037</timestamp>
			</report>
			<report>
				<misses>5000000</misses>
				<total>1479605</total>
				<timestamp>1249.987680</timestamp>
			</report>
		</query>
	</custom>
	<ethtool_statistic>
		<rx_packets>
			<start>4311597097</start>
			<end>4369881762</end>
		</rx_packets>
		<tx_packets>
			<start>5682460175</start>
			<end>5757521076</end>
		</tx_packets>
		<rx_dropped>
			<start>0</start>
			<end>0</end>
		</rx_dropped>
		<tx_dropped>
			<start>0</start>
			<end>0</end>
		</tx_dropped>
		<collisions>
			<start>0</start>
			<end>0</end>
		</collisions>
		<port_tx_errors>
			<start>0</start>
			<end>0</end>
		</port_tx_errors>
		<port_rx_dropped>
			<start>0</start>
			<end>0</end>
		</port_rx_dropped>
		<port_tx_dropped_link_down>
			<start>0</start>
			<end>0</end>
		</port_tx_dropped_link_down>
	</ethtool_statistic>
	<ip_statistic>
		<mtu>
			<start>9000</start>
			<end>9000</end>
		</mtu>
		<rx_bytes>
			<start>38759826407256</start>
			<end>39283794675502</end>
		</rx_bytes>
		<rx_packets>
			<start>4311597261</start>
			<end>4369881829</end>
		</rx_packets>
		<rx_errors>
			<start>0</start>
			<end>0</end>
		</rx_errors>
		<rx_dropped>
			<start>0</start>
			<end>0</end>
		</rx_dropped>
		<rx_missed>
			<start>0</start>
			<end>0</end>
		</rx_missed>
		<rx_mcast>
			<start>1230</start>
			<end>1252</end>
		</rx_mcast>
		<tx_bytes>
			<start>37918781629794</start>
			<end>38560374505406</end>
		</tx_bytes>
		<tx_packets>
			<start>5682460219</start>
			<end>5757521124</end>
		</tx_packets>
		<tx_errors>
			<start>0</start>
			<end>0</end>
		</tx_errors>
		<tx_dropped>
			<start>0</start>
			<end>0</end>
		</tx_dropped>
		<tx_carrier>
			<start>0</start>
			<end>0</end>
		</tx_carrier>
		<tx_collisions>
			<start>0</start>
			<end>0</end>
		</tx_collisions>
	</ip_statistic>
	<netstat_statistic>
		<udp_pkg_rec>
			<start>4074955935</start>
			<end>4128754350</end>
		</udp_pkg_rec>
		<udp_pkg_snt>
			<start>4333537841</start>
			<end>4373608486</end>
		</udp_pkg_snt>
		<udp_rec_err>
			<start>237096002</start>
			<end>241587889</end>
		</udp_rec_err>
		<udp_rec_buf_err>
			<start>237096002</start>
			<end>241587889</end>
		</udp_rec_buf_err>
		<udp_snt_buf_err>
			<start>0</start>
			<end>0</end>
		</udp_snt_buf_err>
	</netstat_statistic>
</test_results>
