<?xml version="1.0"?>
<test_results>
	<status>STATUS_SUCCESS</status>
	<custom>
		<num_loss>75</num_loss>
		<num_total>61800001</num_total>
		<num_misses>180755836</num_misses>
		<elapsed_time>606.388265</elapsed_time>
		<query>
			<report>
				<misses>100000</misses>
				<total>0</total>
				<timestamp>1.047295</timestamp>
			</report>
			<report>
				<misses>200000</misses>
				<total>0</total>
				<timestamp>2.027108</timestamp>
			</report>
			<report>
				<misses>300000</misses>
				<total>0</total>
				<timestamp>2.950164</timestamp>
			</report>
			<report>
				<misses>400000</misses>
				<total>0</total>
				<timestamp>3.913474</timestamp>
			</report>
			<report>
				<misses>500000</misses>
				<total>0</total>
				<timestamp>4.874237</timestamp>
			</report>
			<report>
				<misses>600000</misses>
				<total>0</total>
				<timestamp>5.871130</timestamp>
			</report>
			<report>
				<misses>700000</misses>
				<total>0</total>
				<timestamp>6.829608</timestamp>
			</report>
			<report>
				<misses>800000</misses>
				<total>0</total>
				<timestamp>7.816367</timestamp>
			</report>
			<report>
				<misses>900000</misses>
				<total>0</total>
				<timestamp>8.835607</timestamp>
			</report>
			<report>
				<misses>1000000</misses>
				<total>0</total>
				<timestamp>9.819687</timestamp>
			</report>
			<report>
				<misses>1100000</misses>
				<total>0</total>
				<timestamp>10.794627</timestamp>
			</report>
			<report>
				<misses>1200000</misses>
				<total>0</total>
				<timestamp>11.780140</timestamp>
			</report>
			<report>
				<misses>1300000</misses>
				<total>0</total>
				<timestamp>12.751663</timestamp>
			</report>
			<report>
				<misses>1400000</misses>
				<total>0</total>
				<timestamp>13.713303</timestamp>
			</report>
			<report>
				<misses>1500000</misses>
				<total>0</total>
				<timestamp>14.696033</timestamp>
			</report>
			<report>
				<misses>1600000</misses>
				<total>0</total>
				<timestamp>15.660368</timestamp>
			</report>
			<report>
				<misses>1700000</misses>
				<total>0</total>
				<timestamp>16.662784</timestamp>
			</report>
			<report>
				<misses>1800000</misses>
				<total>0</total>
				<timestamp>17.631403</timestamp>
			</report>
			<report>
				<misses>1900000</misses>
				<total>0</total>
				<timestamp>18.672463</timestamp>
			</report>
			<report>
				<misses>2000000</misses>
				<total>0</total>
				<timestamp>19.692695</timestamp>
			</report>
			<report>
				<misses>2100000</misses>
				<total>0</total>
				<timestamp>20.718872</timestamp>
			</report>
			<report>
				<misses>2200000</misses>
				<total>0</total>
				<timestamp>21.738992</timestamp>
			</report>
			<report>
				<misses>2300000</misses>
				<total>0</total>
				<timestamp>22.734476</timestamp>
			</report>
			<report>
				<misses>2400000</misses>
				<total>0</total>
				<timestamp>23.728700</timestamp>
			</report>
			<report>
				<misses>2500000</misses>
				<total>0</total>
				<timestamp>24.743236</timestamp>
			</report>
			<report>
				<misses>2600000</misses>
				<total>0</total>
				<timestamp>25.724028</timestamp>
			</report>
			<report>
				<misses>2700000</misses>
				<total>0</total>
				<timestamp>26.728907</timestamp>
			</report>
			<report>
				<misses>2800000</misses>
				<total>0</total>
				<timestamp>27.705210</timestamp>
			</report>
			<report>
				<misses>2900000</misses>
				<total>0</total>
				<timestamp>28.716180</timestamp>
			</report>
			<report>
				<misses>3000000</misses>
				<total>0</total>
				<timestamp>29.695657</timestamp>
			</report>
			<report>
				<misses>3100000</misses>
				<total>0</total>
				<timestamp>30.679367</timestamp>
			</report>
			<report>
				<misses>3200000</misses>
				<total>0</total>
				<timestamp>31.686177</timestamp>
			</report>
			<report>
				<misses>3300000</misses>
				<total>0</total>
				<timestamp>32.677816</timestamp>
			</report>
			<report>
				<misses>3400000</misses>
				<total>0</total>
				<timestamp>33.687539</timestamp>
			</report>
			<report>
				<misses>3500000</misses>
				<total>0</total>
				<timestamp>34.678542</timestamp>
			</report>
			<report>
				<misses>3600000</misses>
				<total>0</total>
				<timestamp>35.690247</timestamp>
			</report>
			<report>
				<misses>3700000</misses>
				<total>0</total>
				<timestamp>36.647237</timestamp>
			</report>
			<report>
				<misses>3800000</misses>
				<total>0</total>
				<timestamp>37.628093</timestamp>
			</report>
			<report>
				<misses>3900000</misses>
				<total>0</total>
				<timestamp>38.602901</timestamp>
			</report>
			<report>
				<misses>4000000</misses>
				<total>0</total>
				<timestamp>39.568048</timestamp>
			</report>
			<report>
				<misses>4100000</misses>
				<total>0</total>
				<timestamp>40.558583</timestamp>
			</report>
			<report>
				<misses>4200000</misses>
				<total>0</total>
				<timestamp>41.565434</timestamp>
			</report>
			<report>
				<misses>4300000</misses>
				<total>0</total>
				<timestamp>42.539132</timestamp>
			</report>
			<report>
				<misses>4400000</misses>
				<total>0</total>
				<timestamp>43.517152</timestamp>
			</report>
			<report>
				<misses>4500000</misses>
				<total>0</total>
				<timestamp>44.477425</timestamp>
			</report>
			<report>
				<misses>4600000</misses>
				<total>0</total>
				<timestamp>45.458661</timestamp>
			</report>
			<report>
				<misses>4700000</misses>
				<total>0</total>
				<timestamp>46.452038</timestamp>
			</report>
			<report>
				<misses>4800000</misses>
				<total>0</total>
				<timestamp>47.435670</timestamp>
			</report>
			<report>
				<misses>4900000</misses>
				<total>0</total>
				<timestamp>48.411691</timestamp>
			</report>
			<report>
				<misses>5000000</misses>
				<total>0</total>
				<timestamp>49.365251</timestamp>
			</report>
			<report>
				<misses>5100000</misses>
				<total>0</total>
				<timestamp>50.373608</timestamp>
			</report>
			<report>
				<misses>5200000</misses>
				<total>0</total>
				<timestamp>51.302086</timestamp>
			</report>
			<report>
				<misses>5300000</misses>
				<total>0</total>
				<timestamp>52.288587</timestamp>
			</report>
			<report>
				<misses>5400000</misses>
				<total>0</total>
				<timestamp>53.245196</timestamp>
			</report>
			<report>
				<misses>5500000</misses>
				<total>0</total>
				<timestamp>54.220466</timestamp>
			</report>
			<report>
				<misses>5600000</misses>
				<total>0</total>
				<timestamp>55.185475</timestamp>
			</report>
			<report>
				<misses>5700000</misses>
				<total>0</total>
				<timestamp>56.219969</timestamp>
			</report>
			<report>
				<misses>5800000</misses>
				<total>0</total>
				<timestamp>57.186224</timestamp>
			</report>
			<report>
				<misses>5900000</misses>
				<total>0</total>
				<timestamp>58.223176</timestamp>
			</report>
			<report>
				<misses>6000000</misses>
				<total>0</total>
				<timestamp>59.187639</timestamp>
			</report>
			<report>
				<misses>6100000</misses>
				<total>0</total>
				<timestamp>60.180944</timestamp>
			</report>
			<report>
				<misses>6200000</misses>
				<total>0</total>
				<timestamp>61.206612</timestamp>
			</report>
			<report>
				<misses>6300000</misses>
				<total>0</total>
				<timestamp>62.218669</timestamp>
			</report>
			<report>
				<misses>6400000</misses>
				<total>0</total>
				<timestamp>63.224808</timestamp>
			</report>
			<report>
				<misses>6500000</misses>
				<total>0</total>
				<timestamp>64.214566</timestamp>
			</report>
			<report>
				<misses>6600000</misses>
				<total>0</total>
				<timestamp>65.224714</timestamp>
			</report>
			<report>
				<misses>6700000</misses>
				<total>0</total>
				<timestamp>66.189038</timestamp>
			</report>
			<report>
				<misses>6800000</misses>
				<total>0</total>
				<timestamp>67.144563</timestamp>
			</report>
			<report>
				<misses>6900000</misses>
				<total>0</total>
				<timestamp>68.178180</timestamp>
			</report>
			<report>
				<misses>7000000</misses>
				<total>0</total>
				<timestamp>69.179238</timestamp>
			</report>
			<report>
				<misses>7100000</misses>
				<total>0</total>
				<timestamp>70.152632</timestamp>
			</report>
			<report>
				<misses>7200000</misses>
				<total>0</total>
				<timestamp>71.146597</timestamp>
			</report>
			<report>
				<misses>7300000</misses>
				<total>0</total>
				<timestamp>72.102916</timestamp>
			</report>
			<report>
				<misses>7400000</misses>
				<total>0</total>
				<timestamp>73.072478</timestamp>
			</report>
			<report>
				<misses>7500000</misses>
				<total>0</total>
				<timestamp>74.027498</timestamp>
			</report>
			<report>
				<misses>7600000</misses>
				<total>0</total>
				<timestamp>75.005715</timestamp>
			</report>
			<report>
				<misses>7700000</misses>
				<total>0</total>
				<timestamp>75.980398</timestamp>
			</report>
			<report>
				<misses>7800000</misses>
				<total>0</total>
				<timestamp>77.004631</timestamp>
			</report>
			<report>
				<misses>7900000</misses>
				<total>0</total>
				<timestamp>77.958166</timestamp>
			</report>
			<report>
				<misses>8000000</misses>
				<total>0</total>
				<timestamp>78.954335</timestamp>
			</report>
			<report>
				<misses>8100000</misses>
				<total>0</total>
				<timestamp>79.967165</timestamp>
			</report>
			<report>
				<misses>8200000</misses>
				<total>0</total>
				<timestamp>80.983055</timestamp>
			</report>
			<report>
				<misses>8300000</misses>
				<total>0</total>
				<timestamp>81.975803</timestamp>
			</report>
			<report>
				<misses>8400000</misses>
				<total>0</total>
				<timestamp>82.927955</timestamp>
			</report>
			<report>
				<misses>8500000</misses>
				<total>0</total>
				<timestamp>83.896780</timestamp>
			</report>
			<report>
				<misses>8600000</misses>
				<total>0</total>
				<timestamp>84.849531</timestamp>
			</report>
			<report>
				<misses>8700000</misses>
				<total>0</total>
				<timestamp>85.835839</timestamp>
			</report>
			<report>
				<misses>8800000</misses>
				<total>0</total>
				<timestamp>86.803833</timestamp>
			</report>
			<report>
				<misses>8900000</misses>
				<total>0</total>
				<timestamp>87.771331</timestamp>
			</report>
			<report>
				<misses>9000000</misses>
				<total>0</total>
				<timestamp>88.732839</timestamp>
			</report>
			<report>
				<misses>9100000</misses>
				<total>0</total>
				<timestamp>89.700230</timestamp>
			</report>
			<report>
				<misses>9200000</misses>
				<total>0</total>
				<timestamp>90.642477</timestamp>
			</report>
			<report>
				<misses>9300000</misses>
				<total>0</total>
				<timestamp>91.616783</timestamp>
			</report>
			<report>
				<misses>9400000</misses>
				<total>0</total>
				<timestamp>92.617961</timestamp>
			</report>
			<report>
				<misses>9500000</misses>
				<total>0</total>
				<timestamp>93.642237</timestamp>
			</report>
			<report>
				<misses>9600000</misses>
				<total>0</total>
				<timestamp>94.641640</timestamp>
			</report>
			<report>
				<misses>9700000</misses>
				<total>0</total>
				<timestamp>95.639132</timestamp>
			</report>
			<report>
				<misses>9800000</misses>
				<total>0</total>
				<timestamp>96.626952</timestamp>
			</report>
			<report>
				<misses>9900000</misses>
				<total>0</total>
				<timestamp>97.605395</timestamp>
			</report>
			<report>
				<misses>10000000</misses>
				<total>0</total>
				<timestamp>98.589053</timestamp>
			</report>
			<report>
				<misses>10100000</misses>
				<total>0</total>
				<timestamp>99.634681</timestamp>
			</report>
			<report>
				<misses>10200000</misses>
				<total>0</total>
				<timestamp>100.636670</timestamp>
			</report>
			<report>
				<misses>10300000</misses>
				<total>0</total>
				<timestamp>101.606562</timestamp>
			</report>
			<report>
				<misses>10400000</misses>
				<total>0</total>
				<timestamp>102.559783</timestamp>
			</report>
			<report>
				<misses>10500000</misses>
				<total>0</total>
				<timestamp>103.531427</timestamp>
			</report>
			<report>
				<misses>10600000</misses>
				<total>0</total>
				<timestamp>104.497791</timestamp>
			</report>
			<report>
				<misses>10700000</misses>
				<total>0</total>
				<timestamp>105.451101</timestamp>
			</report>
			<report>
				<misses>10800000</misses>
				<total>0</total>
				<timestamp>106.419445</timestamp>
			</report>
			<report>
				<misses>10900000</misses>
				<total>0</total>
				<timestamp>107.384322</timestamp>
			</report>
			<report>
				<misses>11000000</misses>
				<total>0</total>
				<timestamp>108.397488</timestamp>
			</report>
			<report>
				<misses>11100000</misses>
				<total>0</total>
				<timestamp>109.373501</timestamp>
			</report>
			<report>
				<misses>11200000</misses>
				<total>0</total>
				<timestamp>110.387837</timestamp>
			</report>
			<report>
				<misses>11300000</misses>
				<total>0</total>
				<timestamp>111.407936</timestamp>
			</report>
			<report>
				<misses>11400000</misses>
				<total>0</total>
				<timestamp>112.385037</timestamp>
			</report>
			<report>
				<misses>11500000</misses>
				<total>0</total>
				<timestamp>113.389483</timestamp>
			</report>
			<report>
				<misses>11600000</misses>
				<total>0</total>
				<timestamp>114.373348</timestamp>
			</report>
			<report>
				<misses>11700000</misses>
				<total>0</total>
				<timestamp>115.361590</timestamp>
			</report>
			<report>
				<misses>11800000</misses>
				<total>3</total>
				<timestamp>116.334996</timestamp>
			</report>
			<report>
				<misses>11900000</misses>
				<total>3</total>
				<timestamp>117.322481</timestamp>
			</report>
			<report>
				<misses>12000000</misses>
				<total>3</total>
				<timestamp>118.263929</timestamp>
			</report>
			<report>
				<misses>12100000</misses>
				<total>3</total>
				<timestamp>119.210088</timestamp>
			</report>
			<report>
				<misses>12200000</misses>
				<total>3</total>
				<timestamp>120.174786</timestamp>
			</report>
			<report>
				<misses>12300000</misses>
				<total>3</total>
				<timestamp>121.134732</timestamp>
			</report>
			<report>
				<misses>12400000</misses>
				<total>3</total>
				<timestamp>122.093826</timestamp>
			</report>
			<report>
				<misses>12500000</misses>
				<total>3</total>
				<timestamp>123.071764</timestamp>
			</report>
			<report>
				<misses>12600000</misses>
				<total>3</total>
				<timestamp>124.056614</timestamp>
			</report>
			<report>
				<misses>12700000</misses>
				<total>3</total>
				<timestamp>125.028912</timestamp>
			</report>
			<report>
				<misses>12800000</misses>
				<total>3</total>
				<timestamp>126.035943</timestamp>
			</report>
			<report>
				<misses>12900000</misses>
				<total>3</total>
				<timestamp>127.049197</timestamp>
			</report>
			<report>
				<misses>13000000</misses>
				<total>3</total>
				<timestamp>128.031287</timestamp>
			</report>
			<report>
				<misses>13100000</misses>
				<total>3</total>
				<timestamp>129.025979</timestamp>
			</report>
			<report>
				<misses>13200000</misses>
				<total>3</total>
				<timestamp>130.010625</timestamp>
			</report>
			<report>
				<misses>13300000</misses>
				<total>3</total>
				<timestamp>130.980970</timestamp>
			</report>
			<report>
				<misses>13400000</misses>
				<total>3</total>
				<timestamp>131.969355</timestamp>
			</report>
			<report>
				<misses>13500000</misses>
				<total>3</total>
				<timestamp>132.961507</timestamp>
			</report>
			<report>
				<misses>13600000</misses>
				<total>3</total>
				<timestamp>133.910246</timestamp>
			</report>
			<report>
				<misses>13700000</misses>
				<total>3</total>
				<timestamp>134.886857</timestamp>
			</report>
			<report>
				<misses>13800000</misses>
				<total>3</total>
				<timestamp>135.887949</timestamp>
			</report>
			<report>
				<misses>13900000</misses>
				<total>3</total>
				<timestamp>136.877818</timestamp>
			</report>
			<report>
				<misses>14000000</misses>
				<total>3</total>
				<timestamp>137.841111</timestamp>
			</report>
			<report>
				<misses>14100000</misses>
				<total>3</total>
				<timestamp>138.824956</timestamp>
			</report>
			<report>
				<misses>14200000</misses>
				<total>3</total>
				<timestamp>139.798253</timestamp>
			</report>
			<report>
				<misses>14300000</misses>
				<total>3</total>
				<timestamp>140.754323</timestamp>
			</report>
			<report>
				<misses>14400000</misses>
				<total>3</total>
				<timestamp>141.731397</timestamp>
			</report>
			<report>
				<misses>14500000</misses>
				<total>3</total>
				<timestamp>142.675569</timestamp>
			</report>
			<report>
				<misses>14600000</misses>
				<total>3</total>
				<timestamp>143.632772</timestamp>
			</report>
			<report>
				<misses>14700000</misses>
				<total>3</total>
				<timestamp>144.600425</timestamp>
			</report>
			<report>
				<misses>14800000</misses>
				<total>3</total>
				<timestamp>145.576675</timestamp>
			</report>
			<report>
				<misses>14900000</misses>
				<total>3</total>
				<timestamp>146.548202</timestamp>
			</report>
			<report>
				<misses>15000000</misses>
				<total>3</total>
				<timestamp>147.548965</timestamp>
			</report>
			<report>
				<misses>15100000</misses>
				<total>3</total>
				<timestamp>148.534474</timestamp>
			</report>
			<report>
				<misses>15200000</misses>
				<total>3</total>
				<timestamp>149.507033</timestamp>
			</report>
			<report>
				<misses>15300000</misses>
				<total>3</total>
				<timestamp>150.490508</timestamp>
			</report>
			<report>
				<misses>15400000</misses>
				<total>3</total>
				<timestamp>151.477277</timestamp>
			</report>
			<report>
				<misses>15500000</misses>
				<total>3</total>
				<timestamp>152.480307</timestamp>
			</report>
			<report>
				<misses>15600000</misses>
				<total>3</total>
				<timestamp>153.443256</timestamp>
			</report>
			<report>
				<misses>15700000</misses>
				<total>3</total>
				<timestamp>154.442513</timestamp>
			</report>
			<report>
				<misses>15800000</misses>
				<total>3</total>
				<timestamp>155.425291</timestamp>
			</report>
			<report>
				<misses>15900000</misses>
				<total>3</total>
				<timestamp>156.362113</timestamp>
			</report>
			<report>
				<misses>16000000</misses>
				<total>3</total>
				<timestamp>157.312680</timestamp>
			</report>
			<report>
				<misses>16100000</misses>
				<total>3</total>
				<timestamp>158.293849</timestamp>
			</report>
			<report>
				<misses>16200000</misses>
				<total>3</total>
				<timestamp>159.263768</timestamp>
			</report>
			<report>
				<misses>16300000</misses>
				<total>3</total>
				<timestamp>160.255195</timestamp>
			</report>
			<report>
				<misses>16400000</misses>
				<total>3</total>
				<timestamp>161.190238</timestamp>
			</report>
			<report>
				<misses>16500000</misses>
				<total>3</total>
				<timestamp>162.166665</timestamp>
			</report>
			<report>
				<misses>16600000</misses>
				<total>3</total>
				<timestamp>163.135799</timestamp>
			</report>
			<report>
				<misses>16700000</misses>
				<total>3</total>
				<timestamp>164.098875</timestamp>
			</report>
			<report>
				<misses>16800000</misses>
				<total>3</total>
				<timestamp>165.052490</timestamp>
			</report>
			<report>
				<misses>16900000</misses>
				<total>3</total>
				<timestamp>166.034586</timestamp>
			</report>
			<report>
				<misses>17000000</misses>
				<total>3</total>
				<timestamp>166.995530</timestamp>
			</report>
			<report>
				<misses>17100000</misses>
				<total>3</total>
				<timestamp>167.964324</timestamp>
			</report>
			<report>
				<misses>17200000</misses>
				<total>3</total>
				<timestamp>168.959454</timestamp>
			</report>
			<report>
				<misses>17300000</misses>
				<total>3</total>
				<timestamp>169.923701</timestamp>
			</report>
			<report>
				<misses>17400000</misses>
				<total>3</total>
				<timestamp>170.929183</timestamp>
			</report>
			<report>
				<misses>17500000</misses>
				<total>3</total>
				<timestamp>171.922985</timestamp>
			</report>
			<report>
				<misses>17600000</misses>
				<total>3</total>
				<timestamp>172.892658</timestamp>
			</report>
			<report>
				<misses>17700000</misses>
				<total>3</total>
				<timestamp>173.860378</timestamp>
			</report>
			<report>
				<misses>17800000</misses>
				<total>3</total>
				<timestamp>174.832059</timestamp>
			</report>
			<report>
				<misses>17900000</misses>
				<total>3</total>
				<timestamp>175.769993</timestamp>
			</report>
			<report>
				<misses>18000000</misses>
				<total>3</total>
				<timestamp>176.749853</timestamp>
			</report>
			<report>
				<misses>18100000</misses>
				<total>3</total>
				<timestamp>177.690147</timestamp>
			</report>
			<report>
				<misses>18200000</misses>
				<total>3</total>
				<timestamp>178.677843</timestamp>
			</report>
			<report>
				<misses>18300000</misses>
				<total>3</total>
				<timestamp>179.671526</timestamp>
			</report>
			<report>
				<misses>18400000</misses>
				<total>3</total>
				<timestamp>180.668172</timestamp>
			</report>
			<report>
				<misses>18500000</misses>
				<total>3</total>
				<timestamp>181.640867</timestamp>
			</report>
			<report>
				<misses>18600000</misses>
				<total>3</total>
				<timestamp>182.625569</timestamp>
			</report>
			<report>
				<misses>18700000</misses>
				<total>3</total>
				<timestamp>183.648908</timestamp>
			</report>
			<report>
				<misses>18800000</misses>
				<total>3</total>
				<timestamp>184.639353</timestamp>
			</report>
			<report>
				<misses>18900000</misses>
				<total>3</total>
				<timestamp>185.628489</timestamp>
			</report>
			<report>
				<misses>19000000</misses>
				<total>3</total>
				<timestamp>186.605253</timestamp>
			</report>
			<report>
				<misses>19100000</misses>
				<total>3</total>
				<timestamp>187.601378</timestamp>
			</report>
			<report>
				<misses>19200000</misses>
				<total>3</total>
				<timestamp>188.573602</timestamp>
			</report>
			<report>
				<misses>19300000</misses>
				<total>3</total>
				<timestamp>189.568904</timestamp>
			</report>
			<report>
				<misses>19400000</misses>
				<total>3</total>
				<timestamp>190.583290</timestamp>
			</report>
			<report>
				<misses>19500000</misses>
				<total>3</total>
				<timestamp>191.610441</timestamp>
			</report>
			<report>
				<misses>19600000</misses>
				<total>3</total>
				<timestamp>192.558167</timestamp>
			</report>
			<report>
				<misses>19700000</misses>
				<total>3</total>
				<timestamp>193.517633</timestamp>
			</report>
			<report>
				<misses>19800000</misses>
				<total>3</total>
				<timestamp>194.474442</timestamp>
			</report>
			<report>
				<misses>19900000</misses>
				<total>3</total>
				<timestamp>195.432643</timestamp>
			</report>
			<report>
				<misses>20000000</misses>
				<total>3</total>
				<timestamp>196.390048</timestamp>
			</report>
			<report>
				<misses>20100000</misses>
				<total>3</total>
				<timestamp>197.359375</timestamp>
			</report>
			<report>
				<misses>20200000</misses>
				<total>3</total>
				<timestamp>198.320187</timestamp>
			</report>
			<report>
				<misses>20300000</misses>
				<total>3</total>
				<timestamp>199.308658</timestamp>
			</report>
			<report>
				<misses>20400000</misses>
				<total>3</total>
				<timestamp>200.266759</timestamp>
			</report>
			<report>
				<misses>20500000</misses>
				<total>3</total>
				<timestamp>201.216789</timestamp>
			</report>
			<report>
				<misses>20600000</misses>
				<total>3</total>
				<timestamp>202.157985</timestamp>
			</report>
			<report>
				<misses>20700000</misses>
				<total>3</total>
				<timestamp>203.155570</timestamp>
			</report>
			<report>
				<misses>20800000</misses>
				<total>3</total>
				<timestamp>204.153013</timestamp>
			</report>
			<report>
				<misses>20900000</misses>
				<total>3</total>
				<timestamp>205.155305</timestamp>
			</report>
			<report>
				<misses>21000000</misses>
				<total>3</total>
				<timestamp>206.141166</timestamp>
			</report>
			<report>
				<misses>21100000</misses>
				<total>3</total>
				<timestamp>207.131590</timestamp>
			</report>
			<report>
				<misses>21200000</misses>
				<total>3</total>
				<timestamp>208.151283</timestamp>
			</report>
			<report>
				<misses>21300000</misses>
				<total>3</total>
				<timestamp>209.158525</timestamp>
			</report>
			<report>
				<misses>21400000</misses>
				<total>3</total>
				<timestamp>210.130780</timestamp>
			</report>
			<report>
				<misses>21500000</misses>
				<total>3</total>
				<timestamp>211.131980</timestamp>
			</report>
			<report>
				<misses>21600000</misses>
				<total>3</total>
				<timestamp>212.153223</timestamp>
			</report>
			<report>
				<misses>21700000</misses>
				<total>3</total>
				<timestamp>213.152396</timestamp>
			</report>
			<report>
				<misses>21800000</misses>
				<total>3</total>
				<timestamp>214.090593</timestamp>
			</report>
			<report>
				<misses>21900000</misses>
				<total>3</total>
				<timestamp>215.068372</timestamp>
			</report>
			<report>
				<misses>22000000</misses>
				<total>3</total>
				<timestamp>216.029068</timestamp>
			</report>
			<report>
				<misses>22100000</misses>
				<total>3</total>
				<timestamp>216.994619</timestamp>
			</report>
			<report>
				<misses>22200000</misses>
				<total>3</total>
				<timestamp>217.958959</timestamp>
			</report>
			<report>
				<misses>22300000</misses>
				<total>3</total>
				<timestamp>218.912461</timestamp>
			</report>
			<report>
				<misses>22400000</misses>
				<total>3</total>
				<timestamp>219.865547</timestamp>
			</report>
			<report>
				<misses>22500000</misses>
				<total>3</total>
				<timestamp>220.883117</timestamp>
			</report>
			<report>
				<misses>22600000</misses>
				<total>3</total>
				<timestamp>221.891535</timestamp>
			</report>
			<report>
				<misses>22700000</misses>
				<total>3</total>
				<timestamp>222.872220</timestamp>
			</report>
			<report>
				<misses>22800000</misses>
				<total>3</total>
				<timestamp>223.859106</timestamp>
			</report>
			<report>
				<misses>22900000</misses>
				<total>3</total>
				<timestamp>224.846909</timestamp>
			</report>
			<report>
				<misses>23000000</misses>
				<total>3</total>
				<timestamp>225.853321</timestamp>
			</report>
			<report>
				<misses>23100000</misses>
				<total>3</total>
				<timestamp>226.857118</timestamp>
			</report>
			<report>
				<misses>23200000</misses>
				<total>3</total>
				<timestamp>227.833998</timestamp>
			</report>
			<report>
				<misses>23300000</misses>
				<total>3</total>
				<timestamp>228.809077</timestamp>
			</report>
			<report>
				<misses>23400000</misses>
				<total>3</total>
				<timestamp>229.791520</timestamp>
			</report>
			<report>
				<misses>23500000</misses>
				<total>3</total>
				<timestamp>230.760455</timestamp>
			</report>
			<report>
				<misses>23600000</misses>
				<total>3</total>
				<timestamp>231.740837</timestamp>
			</report>
			<report>
				<misses>23700000</misses>
				<total>3</total>
				<timestamp>232.709466</timestamp>
			</report>
			<report>
				<misses>23800000</misses>
				<total>3</total>
				<timestamp>233.662644</timestamp>
			</report>
			<report>
				<misses>23900000</misses>
				<total>3</total>
				<timestamp>234.638316</timestamp>
			</report>
			<report>
				<misses>24000000</misses>
				<total>3</total>
				<timestamp>235.622202</timestamp>
			</report>
			<report>
				<misses>24100000</misses>
				<total>3</total>
				<timestamp>236.605680</timestamp>
			</report>
			<report>
				<misses>24200000</misses>
				<total>3</total>
				<timestamp>237.542589</timestamp>
			</report>
			<report>
				<misses>24300000</misses>
				<total>3</total>
				<timestamp>238.491437</timestamp>
			</report>
			<report>
				<misses>24400000</misses>
				<total>3</total>
				<timestamp>239.419615</timestamp>
			</report>
			<report>
				<misses>24500000</misses>
				<total>3</total>
				<timestamp>240.416230</timestamp>
			</report>
			<report>
				<misses>24600000</misses>
				<total>3</total>
				<timestamp>241.381512</timestamp>
			</report>
			<report>
				<misses>24700000</misses>
				<total>3</total>
				<timestamp>242.349087</timestamp>
			</report>
			<report>
				<misses>24800000</misses>
				<total>3</total>
				<timestamp>243.350694</timestamp>
			</report>
			<report>
				<misses>24900000</misses>
				<total>3</total>
				<timestamp>244.327763</timestamp>
			</report>
			<report>
				<misses>25000000</misses>
				<total>3</total>
				<timestamp>245.301354</timestamp>
			</report>
			<report>
				<misses>25100000</misses>
				<total>3</total>
				<timestamp>246.270908</timestamp>
			</report>
			<report>
				<misses>25200000</misses>
				<total>3</total>
				<timestamp>247.235221</timestamp>
			</report>
			<report>
				<misses>25300000</misses>
				<total>3</total>
				<timestamp>248.217754</timestamp>
			</report>
			<report>
				<misses>25400000</misses>
				<total>3</total>
				<timestamp>249.174126</timestamp>
			</report>
			<report>
				<misses>25500000</misses>
				<total>3</total>
				<timestamp>250.150528</timestamp>
			</report>
			<report>
				<misses>25600000</misses>
				<total>3</total>
				<timestamp>251.122086</timestamp>
			</report>
			<report>
				<misses>25700000</misses>
				<total>3</total>
				<timestamp>252.109608</timestamp>
			</report>
			<report>
				<misses>25800000</misses>
				<total>3</total>
				<timestamp>253.050751</timestamp>
			</report>
			<report>
				<misses>25900000</misses>
				<total>3</total>
				<timestamp>254.040074</timestamp>
			</report>
			<report>
				<misses>26000000</misses>
				<total>3</total>
				<timestamp>254.987756</timestamp>
			</report>
			<report>
				<misses>26100000</misses>
				<total>3</total>
				<timestamp>255.986955</timestamp>
			</report>
			<report>
				<misses>26200000</misses>
				<total>3</total>
				<timestamp>256.974733</timestamp>
			</report>
			<report>
				<misses>26300000</misses>
				<total>3</total>
				<timestamp>257.964032</timestamp>
			</report>
			<report>
				<misses>26400000</misses>
				<total>3</total>
				<timestamp>258.945234</timestamp>
			</report>
			<report>
				<misses>26500000</misses>
				<total>3</total>
				<timestamp>259.982038</timestamp>
			</report>
			<report>
				<misses>26600000</misses>
				<total>3</total>
				<timestamp>260.981275</timestamp>
			</report>
			<report>
				<misses>26700000</misses>
				<total>3</total>
				<timestamp>261.996389</timestamp>
			</report>
			<report>
				<misses>26800000</misses>
				<total>3</total>
				<timestamp>262.999889</timestamp>
			</report>
			<report>
				<misses>26900000</misses>
				<total>3</total>
				<timestamp>263.984373</timestamp>
			</report>
			<report>
				<misses>27000000</misses>
				<total>3</total>
				<timestamp>264.955018</timestamp>
			</report>
			<report>
				<misses>27100000</misses>
				<total>3</total>
				<timestamp>265.925751</timestamp>
			</report>
			<report>
				<misses>27200000</misses>
				<total>3</total>
				<timestamp>266.931930</timestamp>
			</report>
			<report>
				<misses>27300000</misses>
				<total>3</total>
				<timestamp>267.919167</timestamp>
			</report>
			<report>
				<misses>27400000</misses>
				<total>3</total>
				<timestamp>268.922298</timestamp>
			</report>
			<report>
				<misses>27500000</misses>
				<total>3</total>
				<timestamp>269.894669</timestamp>
			</report>
			<report>
				<misses>27600000</misses>
				<total>3</total>
				<timestamp>270.857039</timestamp>
			</report>
			<report>
				<misses>27700000</misses>
				<total>3</total>
				<timestamp>271.828900</timestamp>
			</report>
			<report>
				<misses>27800000</misses>
				<total>3</total>
				<timestamp>272.810051</timestamp>
			</report>
			<report>
				<misses>27900000</misses>
				<total>3</total>
				<timestamp>273.789643</timestamp>
			</report>
			<report>
				<misses>28000000</misses>
				<total>3</total>
				<timestamp>274.764998</timestamp>
			</report>
			<report>
				<misses>28100000</misses>
				<total>3</total>
				<timestamp>275.715004</timestamp>
			</report>
			<report>
				<misses>28200000</misses>
				<total>3</total>
				<timestamp>276.709377</timestamp>
			</report>
			<report>
				<misses>28300000</misses>
				<total>3</total>
				<timestamp>277.693096</timestamp>
			</report>
			<report>
				<misses>28400000</misses>
				<total>3</total>
				<timestamp>278.712296</timestamp>
			</report>
			<report>
				<misses>28500000</misses>
				<total>3</total>
				<timestamp>279.653325</timestamp>
			</report>
			<report>
				<misses>28600000</misses>
				<total>3</total>
				<timestamp>280.638367</timestamp>
			</report>
			<report>
				<misses>28700000</misses>
				<total>3</total>
				<timestamp>281.592147</timestamp>
			</report>
			<report>
				<misses>28800000</misses>
				<total>3</total>
				<timestamp>282.571075</timestamp>
			</report>
			<report>
				<misses>28900000</misses>
				<total>3</total>
				<timestamp>283.557763</timestamp>
			</report>
			<report>
				<misses>29000000</misses>
				<total>3</total>
				<timestamp>284.558187</timestamp>
			</report>
			<report>
				<misses>29100000</misses>
				<total>3</total>
				<timestamp>285.527433</timestamp>
			</report>
			<report>
				<misses>29200000</misses>
				<total>3</total>
				<timestamp>286.451094</timestamp>
			</report>
			<report>
				<misses>29300000</misses>
				<total>3</total>
				<timestamp>287.411569</timestamp>
			</report>
			<report>
				<misses>29400000</misses>
				<total>3</total>
				<timestamp>288.377791</timestamp>
			</report>
			<report>
				<misses>29500000</misses>
				<total>3</total>
				<timestamp>289.333910</timestamp>
			</report>
			<report>
				<misses>29600000</misses>
				<total>3</total>
				<timestamp>290.332361</timestamp>
			</report>
			<report>
				<misses>29700000</misses>
				<total>3</total>
				<timestamp>291.288894</timestamp>
			</report>
			<report>
				<misses>29800000</misses>
				<total>3</total>
				<timestamp>292.249222</timestamp>
			</report>
			<report>
				<misses>29900000</misses>
				<total>3</total>
				<timestamp>293.274952</timestamp>
			</report>
			<report>
				<misses>30000000</misses>
				<total>3</total>
				<timestamp>294.260667</timestamp>
			</report>
			<report>
				<misses>30100000</misses>
				<total>3</total>
				<timestamp>295.262967</timestamp>
			</report>
			<report>
				<misses>30200000</misses>
				<total>3</total>
				<timestamp>296.259133</timestamp>
			</report>
			<report>
				<misses>30300000</misses>
				<total>3</total>
				<timestamp>297.235709</timestamp>
			</report>
			<report>
				<misses>30400000</misses>
				<total>3</total>
				<timestamp>298.210167</timestamp>
			</report>
			<report>
				<misses>30500000</misses>
				<total>3</total>
				<timestamp>299.184070</timestamp>
			</report>
			<report>
				<misses>30600000</misses>
				<total>3</total>
				<timestamp>300.158997</timestamp>
			</report>
			<report>
				<misses>30700000</misses>
				<total>3</total>
				<timestamp>301.132640</timestamp>
			</report>
			<report>
				<misses>30800000</misses>
				<total>3</total>
				<timestamp>302.155356</timestamp>
			</report>
			<report>
				<misses>30900000</misses>
				<total>3</total>
				<timestamp>303.139557</timestamp>
			</report>
			<report>
				<misses>31000000</misses>
				<total>3</total>
				<timestamp>304.091950</timestamp>
			</report>
			<report>
				<misses>31100000</misses>
				<total>3</total>
				<timestamp>305.111513</timestamp>
			</report>
			<report>
				<misses>31200000</misses>
				<total>3</total>
				<timestamp>306.072553</timestamp>
			</report>
			<report>
				<misses>31300000</misses>
				<total>3</total>
				<timestamp>307.042699</timestamp>
			</report>
			<report>
				<misses>31400000</misses>
				<total>3</total>
				<timestamp>307.976291</timestamp>
			</report>
			<report>
				<misses>31500000</misses>
				<total>3</total>
				<timestamp>308.929345</timestamp>
			</report>
			<report>
				<misses>31600000</misses>
				<total>3</total>
				<timestamp>309.883871</timestamp>
			</report>
			<report>
				<misses>31700000</misses>
				<total>3</total>
				<timestamp>310.900614</timestamp>
			</report>
			<report>
				<misses>31800000</misses>
				<total>3</total>
				<timestamp>311.895894</timestamp>
			</report>
			<report>
				<misses>31900000</misses>
				<total>3</total>
				<timestamp>312.929820</timestamp>
			</report>
			<report>
				<misses>32000000</misses>
				<total>3</total>
				<timestamp>313.896343</timestamp>
			</report>
			<report>
				<misses>32100000</misses>
				<total>3</total>
				<timestamp>314.879201</timestamp>
			</report>
			<report>
				<misses>32200000</misses>
				<total>3</total>
				<timestamp>315.822394</timestamp>
			</report>
			<report>
				<misses>32300000</misses>
				<total>3</total>
				<timestamp>316.831644</timestamp>
			</report>
			<report>
				<misses>32400000</misses>
				<total>3</total>
				<timestamp>317.815189</timestamp>
			</report>
			<report>
				<misses>32500000</misses>
				<total>3</total>
				<timestamp>318.797514</timestamp>
			</report>
			<report>
				<misses>32600000</misses>
				<total>3</total>
				<timestamp>319.781925</timestamp>
			</report>
			<report>
				<misses>32700000</misses>
				<total>3</total>
				<timestamp>320.765470</timestamp>
			</report>
			<report>
				<misses>32800000</misses>
				<total>3</total>
				<timestamp>321.726195</timestamp>
			</report>
			<report>
				<misses>32900000</misses>
				<total>3</total>
				<timestamp>322.700480</timestamp>
			</report>
			<report>
				<misses>33000000</misses>
				<total>3</total>
				<timestamp>323.643856</timestamp>
			</report>
			<report>
				<misses>33100000</misses>
				<total>3</total>
				<timestamp>324.602981</timestamp>
			</report>
			<report>
				<misses>33200000</misses>
				<total>3</total>
				<timestamp>325.616327</timestamp>
			</report>
			<report>
				<misses>33300000</misses>
				<total>3</total>
				<timestamp>326.592769</timestamp>
			</report>
			<report>
				<misses>33400000</misses>
				<total>3</total>
				<timestamp>327.583449</timestamp>
			</report>
			<report>
				<misses>33500000</misses>
				<total>3</total>
				<timestamp>328.547911</timestamp>
			</report>
			<report>
				<misses>33600000</misses>
				<total>3</total>
				<timestamp>329.550337</timestamp>
			</report>
			<report>
				<misses>33700000</misses>
				<total>3</total>
				<timestamp>330.536886</timestamp>
			</report>
			<report>
				<misses>33800000</misses>
				<total>3</total>
				<timestamp>331.496089</timestamp>
			</report>
			<report>
				<misses>33900000</misses>
				<total>3</total>
				<timestamp>332.460588</timestamp>
			</report>
			<report>
				<misses>34000000</misses>
				<total>3</total>
				<timestamp>333.422774</timestamp>
			</report>
			<report>
				<misses>34100000</misses>
				<total>3</total>
				<timestamp>334.378778</timestamp>
			</report>
			<report>
				<misses>34200000</misses>
				<total>3</total>
				<timestamp>335.358636</timestamp>
			</report>
			<report>
				<misses>34300000</misses>
				<total>3</total>
				<timestamp>336.307903</timestamp>
			</report>
			<report>
				<misses>34400000</misses>
				<total>3</total>
				<timestamp>337.295548</timestamp>
			</report>
			<report>
				<misses>34500000</misses>
				<total>3</total>
				<timestamp>338.271618</timestamp>
			</report>
			<report>
				<misses>34600000</misses>
				<total>3</total>
				<timestamp>339.261427</timestamp>
			</report>
			<report>
				<misses>34700000</misses>
				<total>3</total>
				<timestamp>340.220515</timestamp>
			</report>
			<report>
				<misses>34800000</misses>
				<total>3</total>
				<timestamp>341.175359</timestamp>
			</report>
			<report>
				<misses>34900000</misses>
				<total>3</total>
				<timestamp>342.169306</timestamp>
			</report>
			<report>
				<misses>35000000</misses>
				<total>3</total>
				<timestamp>343.163235</timestamp>
			</report>
			<report>
				<misses>35100000</misses>
				<total>3</total>
				<timestamp>344.154298</timestamp>
			</report>
			<report>
				<misses>35200000</misses>
				<total>3</total>
				<timestamp>345.127248</timestamp>
			</report>
			<report>
				<misses>35300000</misses>
				<total>3</total>
				<timestamp>346.138810</timestamp>
			</report>
			<report>
				<misses>35400000</misses>
				<total>3</total>
				<timestamp>347.109267</timestamp>
			</report>
			<report>
				<misses>35500000</misses>
				<total>3</total>
				<timestamp>348.129309</timestamp>
			</report>
			<report>
				<misses>35600000</misses>
				<total>3</total>
				<timestamp>349.094785</timestamp>
			</report>
			<report>
				<misses>35700000</misses>
				<total>3</total>
				<timestamp>350.093943</timestamp>
			</report>
			<report>
				<misses>35800000</misses>
				<total>3</total>
				<timestamp>351.053401</timestamp>
			</report>
			<report>
				<misses>35900000</misses>
				<total>3</total>
				<timestamp>352.046805</timestamp>
			</report>
			<report>
				<misses>36000000</misses>
				<total>3</total>
				<timestamp>353.003461</timestamp>
			</report>
			<report>
				<misses>36100000</misses>
				<total>3</total>
				<timestamp>353.969416</timestamp>
			</report>
			<report>
				<misses>36200000</misses>
				<total>3</total>
				<timestamp>354.939542</timestamp>
			</report>
			<report>
				<misses>36300000</misses>
				<total>3</total>
				<timestamp>355.907271</timestamp>
			</report>
			<report>
				<misses>36400000</misses>
				<total>3</total>
				<timestamp>356.875023</timestamp>
			</report>
			<report>
				<misses>36500000</misses>
				<total>3</total>
				<timestamp>357.876777</timestamp>
			</report>
			<report>
				<misses>36600000</misses>
				<total>3</total>
				<timestamp>358.873455</timestamp>
			</report>
			<report>
				<misses>36700000</misses>
				<total>3</total>
				<timestamp>359.856206</timestamp>
			</report>
			<report>
				<misses>36800000</misses>
				<total>3</total>
				<timestamp>360.842185</timestamp>
			</report>
			<report>
				<misses>36900000</misses>
				<total>3</total>
				<timestamp>361.828728</timestamp>
			</report>
			<report>
				<misses>37000000</misses>
				<total>3</total>
				<timestamp>362.842121</timestamp>
			</report>
			<report>
				<misses>37100000</misses>
				<total>3</total>
				<timestamp>363.792949</timestamp>
			</report>
			<report>
				<misses>37200000</misses>
				<total>3</total>
				<timestamp>364.787264</timestamp>
			</report>
			<report>
				<misses>37300000</misses>
				<total>3</total>
				<timestamp>365.734483</timestamp>
			</report>
			<report>
				<misses>37400000</misses>
				<total>3</total>
				<timestamp>366.727045</timestamp>
			</report>
			<report>
				<misses>37500000</misses>
				<total>3</total>
				<timestamp>367.729029</timestamp>
			</report>
			<report>
				<misses>37600000</misses>
				<total>3</total>
				<timestamp>368.737016</timestamp>
			</report>
			<report>
				<misses>37700000</misses>
				<total>3</total>
				<timestamp>369.695563</timestamp>
			</report>
			<report>
				<misses>37800000</misses>
				<total>3</total>
				<timestamp>370.668681</timestamp>
			</report>
			<report>
				<misses>37900000</misses>
				<total>16</total>
				<timestamp>371.658349</timestamp>
			</report>
			<report>
				<misses>38000000</misses>
				<total>16</total>
				<timestamp>372.624117</timestamp>
			</report>
			<report>
				<misses>38100000</misses>
				<total>16</total>
				<timestamp>373.598710</timestamp>
			</report>
			<report>
				<misses>38200000</misses>
				<total>16</total>
				<timestamp>374.592461</timestamp>
			</report>
			<report>
				<misses>38300000</misses>
				<total>16</total>
				<timestamp>375.567844</timestamp>
			</report>
			<report>
				<misses>38400000</misses>
				<total>16</total>
				<timestamp>376.537770</timestamp>
			</report>
			<report>
				<misses>38500000</misses>
				<total>16</total>
				<timestamp>377.502247</timestamp>
			</report>
			<report>
				<misses>38600000</misses>
				<total>20</total>
				<timestamp>378.451673</timestamp>
			</report>
			<report>
				<misses>38700000</misses>
				<total>20</total>
				<timestamp>379.430043</timestamp>
			</report>
			<report>
				<misses>38800000</misses>
				<total>20</total>
				<timestamp>380.421104</timestamp>
			</report>
			<report>
				<misses>38900000</misses>
				<total>20</total>
				<timestamp>381.409657</timestamp>
			</report>
			<report>
				<misses>39000000</misses>
				<total>20</total>
				<timestamp>382.397097</timestamp>
			</report>
			<report>
				<misses>39100000</misses>
				<total>20</total>
				<timestamp>383.385159</timestamp>
			</report>
			<report>
				<misses>39200000</misses>
				<total>20</total>
				<timestamp>384.394127</timestamp>
			</report>
			<report>
				<misses>39300000</misses>
				<total>20</total>
				<timestamp>385.380647</timestamp>
			</report>
			<report>
				<misses>39400000</misses>
				<total>20</total>
				<timestamp>386.355769</timestamp>
			</report>
			<report>
				<misses>39500000</misses>
				<total>20</total>
				<timestamp>387.328534</timestamp>
			</report>
			<report>
				<misses>39600000</misses>
				<total>20</total>
				<timestamp>388.267064</timestamp>
			</report>
			<report>
				<misses>39700000</misses>
				<total>20</total>
				<timestamp>389.244361</timestamp>
			</report>
			<report>
				<misses>39800000</misses>
				<total>20</total>
				<timestamp>390.194011</timestamp>
			</report>
			<report>
				<misses>39900000</misses>
				<total>20</total>
				<timestamp>391.175517</timestamp>
			</report>
			<report>
				<misses>40000000</misses>
				<total>20</total>
				<timestamp>392.158909</timestamp>
			</report>
			<report>
				<misses>40100000</misses>
				<total>20</total>
				<timestamp>393.124371</timestamp>
			</report>
			<report>
				<misses>40200000</misses>
				<total>20</total>
				<timestamp>394.082992</timestamp>
			</report>
			<report>
				<misses>40300000</misses>
				<total>20</total>
				<timestamp>395.084467</timestamp>
			</report>
			<report>
				<misses>40400000</misses>
				<total>20</total>
				<timestamp>396.070126</timestamp>
			</report>
			<report>
				<misses>40500000</misses>
				<total>20</total>
				<timestamp>397.034335</timestamp>
			</report>
			<report>
				<misses>40600000</misses>
				<total>20</total>
				<timestamp>398.020185</timestamp>
			</report>
			<report>
				<misses>40700000</misses>
				<total>20</total>
				<timestamp>399.020322</timestamp>
			</report>
			<report>
				<misses>40800000</misses>
				<total>20</total>
				<timestamp>400.000649</timestamp>
			</report>
			<report>
				<misses>40900000</misses>
				<total>20</total>
				<timestamp>400.952029</timestamp>
			</report>
			<report>
				<misses>41000000</misses>
				<total>20</total>
				<timestamp>401.950636</timestamp>
			</report>
			<report>
				<misses>41100000</misses>
				<total>20</total>
				<timestamp>402.965605</timestamp>
			</report>
			<report>
				<misses>41200000</misses>
				<total>20</total>
				<timestamp>403.979235</timestamp>
			</report>
			<report>
				<misses>41300000</misses>
				<total>20</total>
				<timestamp>404.949971</timestamp>
			</report>
			<report>
				<misses>41400000</misses>
				<total>20</total>
				<timestamp>405.915974</timestamp>
			</report>
			<report>
				<misses>41500000</misses>
				<total>20</total>
				<timestamp>406.871831</timestamp>
			</report>
			<report>
				<misses>41600000</misses>
				<total>20</total>
				<timestamp>407.839476</timestamp>
			</report>
			<report>
				<misses>41700000</misses>
				<total>20</total>
				<timestamp>408.805509</timestamp>
			</report>
			<report>
				<misses>41800000</misses>
				<total>20</total>
				<timestamp>409.773561</timestamp>
			</report>
			<report>
				<misses>41900000</misses>
				<total>20</total>
				<timestamp>410.753812</timestamp>
			</report>
			<report>
				<misses>42000000</misses>
				<total>20</total>
				<timestamp>411.745825</timestamp>
			</report>
			<report>
				<misses>42100000</misses>
				<total>20</total>
				<timestamp>412.758169</timestamp>
			</report>
			<report>
				<misses>42200000</misses>
				<total>20</total>
				<timestamp>413.775042</timestamp>
			</report>
			<report>
				<misses>42300000</misses>
				<total>20</total>
				<timestamp>414.779698</timestamp>
			</report>
			<report>
				<misses>42400000</misses>
				<total>20</total>
				<timestamp>415.796242</timestamp>
			</report>
			<report>
				<misses>42500000</misses>
				<total>20</total>
				<timestamp>416.763069</timestamp>
			</report>
			<report>
				<misses>42600000</misses>
				<total>20</total>
				<timestamp>417.769676</timestamp>
			</report>
			<report>
				<misses>42700000</misses>
				<total>20</total>
				<timestamp>418.796102</timestamp>
			</report>
			<report>
				<misses>42800000</misses>
				<total>20</total>
				<timestamp>419.777955</timestamp>
			</report>
			<report>
				<misses>42900000</misses>
				<total>20</total>
				<timestamp>420.729098</timestamp>
			</report>
			<report>
				<misses>43000000</misses>
				<total>20</total>
				<timestamp>421.715311</timestamp>
			</report>
			<report>
				<misses>43100000</misses>
				<total>20</total>
				<timestamp>422.760106</timestamp>
			</report>
			<report>
				<misses>43200000</misses>
				<total>20</total>
				<timestamp>423.727297</timestamp>
			</report>
			<report>
				<misses>43300000</misses>
				<total>20</total>
				<timestamp>424.701220</timestamp>
			</report>
			<report>
				<misses>43400000</misses>
				<total>20</total>
				<timestamp>425.687560</timestamp>
			</report>
			<report>
				<misses>43500000</misses>
				<total>20</total>
				<timestamp>426.626690</timestamp>
			</report>
			<report>
				<misses>43600000</misses>
				<total>20</total>
				<timestamp>427.638257</timestamp>
			</report>
			<report>
				<misses>43700000</misses>
				<total>20</total>
				<timestamp>428.623270</timestamp>
			</report>
			<report>
				<misses>43800000</misses>
				<total>20</total>
				<timestamp>429.601246</timestamp>
			</report>
			<report>
				<misses>43900000</misses>
				<total>20</total>
				<timestamp>430.560795</timestamp>
			</report>
			<report>
				<misses>44000000</misses>
				<total>20</total>
				<timestamp>431.526609</timestamp>
			</report>
			<report>
				<misses>44100000</misses>
				<total>20</total>
				<timestamp>432.484348</timestamp>
			</report>
			<report>
				<misses>44200000</misses>
				<total>20</total>
				<timestamp>433.461155</timestamp>
			</report>
			<report>
				<misses>44300000</misses>
				<total>20</total>
				<timestamp>434.436886</timestamp>
			</report>
			<report>
				<misses>44400000</misses>
				<total>20</total>
				<timestamp>435.400338</timestamp>
			</report>
			<report>
				<misses>44500000</misses>
				<total>20</total>
				<timestamp>436.428182</timestamp>
			</report>
			<report>
				<misses>44600000</misses>
				<total>20</total>
				<timestamp>437.392389</timestamp>
			</report>
			<report>
				<misses>44700000</misses>
				<total>20</total>
				<timestamp>438.369590</timestamp>
			</report>
			<report>
				<misses>44800000</misses>
				<total>20</total>
				<timestamp>439.342668</timestamp>
			</report>
			<report>
				<misses>44900000</misses>
				<total>21</total>
				<timestamp>440.368482</timestamp>
			</report>
			<report>
				<misses>45000000</misses>
				<total>21</total>
				<timestamp>441.349479</timestamp>
			</report>
			<report>
				<misses>45100000</misses>
				<total>21</total>
				<timestamp>442.340763</timestamp>
			</report>
			<report>
				<misses>45200000</misses>
				<total>21</total>
				<timestamp>443.328771</timestamp>
			</report>
			<report>
				<misses>45300000</misses>
				<total>21</total>
				<timestamp>444.296658</timestamp>
			</report>
			<report>
				<misses>45400000</misses>
				<total>21</total>
				<timestamp>445.258092</timestamp>
			</report>
			<report>
				<misses>45500000</misses>
				<total>21</total>
				<timestamp>446.219926</timestamp>
			</report>
			<report>
				<misses>45600000</misses>
				<total>21</total>
				<timestamp>447.258086</timestamp>
			</report>
			<report>
				<misses>45700000</misses>
				<total>21</total>
				<timestamp>448.206398</timestamp>
			</report>
			<report>
				<misses>45800000</misses>
				<total>21</total>
				<timestamp>449.170964</timestamp>
			</report>
			<report>
				<misses>45900000</misses>
				<total>21</total>
				<timestamp>450.138903</timestamp>
			</report>
			<report>
				<misses>46000000</misses>
				<total>21</total>
				<timestamp>451.096695</timestamp>
			</report>
			<report>
				<misses>46100000</misses>
				<total>21</total>
				<timestamp>452.059314</timestamp>
			</report>
			<report>
				<misses>46200000</misses>
				<total>37</total>
				<timestamp>453.045476</timestamp>
			</report>
			<report>
				<misses>46300000</misses>
				<total>37</total>
				<timestamp>454.006904</timestamp>
			</report>
			<report>
				<misses>46400000</misses>
				<total>37</total>
				<timestamp>454.980665</timestamp>
			</report>
			<report>
				<misses>46500000</misses>
				<total>37</total>
				<timestamp>456.000849</timestamp>
			</report>
			<report>
				<misses>46600000</misses>
				<total>37</total>
				<timestamp>456.999127</timestamp>
			</report>
			<report>
				<misses>46700000</misses>
				<total>37</total>
				<timestamp>457.981956</timestamp>
			</report>
			<report>
				<misses>46800000</misses>
				<total>37</total>
				<timestamp>458.954048</timestamp>
			</report>
			<report>
				<misses>46900000</misses>
				<total>39</total>
				<timestamp>459.925103</timestamp>
			</report>
			<report>
				<misses>47000000</misses>
				<total>39</total>
				<timestamp>460.931867</timestamp>
			</report>
			<report>
				<misses>47100000</misses>
				<total>39</total>
				<timestamp>461.894939</timestamp>
			</report>
			<report>
				<misses>47200000</misses>
				<total>39</total>
				<timestamp>462.867378</timestamp>
			</report>
			<report>
				<misses>47300000</misses>
				<total>39</total>
				<timestamp>463.853226</timestamp>
			</report>
			<report>
				<misses>47400000</misses>
				<total>39</total>
				<timestamp>464.864222</timestamp>
			</report>
			<report>
				<misses>47500000</misses>
				<total>39</total>
				<timestamp>465.890915</timestamp>
			</report>
			<report>
				<misses>47600000</misses>
				<total>39</total>
				<timestamp>466.872813</timestamp>
			</report>
			<report>
				<misses>47700000</misses>
				<total>39</total>
				<timestamp>467.927598</timestamp>
			</report>
			<report>
				<misses>47800000</misses>
				<total>39</total>
				<timestamp>468.863067</timestamp>
			</report>
			<report>
				<misses>47900000</misses>
				<total>39</total>
				<timestamp>469.893280</timestamp>
			</report>
			<report>
				<misses>48000000</misses>
				<total>39</total>
				<timestamp>470.911819</timestamp>
			</report>
			<report>
				<misses>48100000</misses>
				<total>39</total>
				<timestamp>471.879820</timestamp>
			</report>
			<report>
				<misses>48200000</misses>
				<total>39</total>
				<timestamp>472.852658</timestamp>
			</report>
			<report>
				<misses>48300000</misses>
				<total>39</total>
				<timestamp>473.814523</timestamp>
			</report>
			<report>
				<misses>48400000</misses>
				<total>39</total>
				<timestamp>474.761734</timestamp>
			</report>
			<report>
				<misses>48500000</misses>
				<total>39</total>
				<timestamp>475.743599</timestamp>
			</report>
			<report>
				<misses>48600000</misses>
				<total>39</total>
				<timestamp>476.687428</timestamp>
			</report>
			<report>
				<misses>48700000</misses>
				<total>39</total>
				<timestamp>477.659976</timestamp>
			</report>
			<report>
				<misses>48800000</misses>
				<total>39</total>
				<timestamp>478.650060</timestamp>
			</report>
			<report>
				<misses>48900000</misses>
				<total>39</total>
				<timestamp>479.626282</timestamp>
			</report>
			<report>
				<misses>49000000</misses>
				<total>39</total>
				<timestamp>480.631601</timestamp>
			</report>
			<report>
				<misses>49100000</misses>
				<total>39</total>
				<timestamp>481.612114</timestamp>
			</report>
			<report>
				<misses>49200000</misses>
				<total>39</total>
				<timestamp>482.592808</timestamp>
			</report>
			<report>
				<misses>49300000</misses>
				<total>39</total>
				<timestamp>483.564296</timestamp>
			</report>
			<report>
				<misses>49400000</misses>
				<total>39</total>
				<timestamp>484.547115</timestamp>
			</report>
			<report>
				<misses>49500000</misses>
				<total>39</total>
				<timestamp>485.543107</timestamp>
			</report>
			<report>
				<misses>49600000</misses>
				<total>39</total>
				<timestamp>486.503907</timestamp>
			</report>
			<report>
				<misses>49700000</misses>
				<total>39</total>
				<timestamp>487.498689</timestamp>
			</report>
			<report>
				<misses>49800000</misses>
				<total>39</total>
				<timestamp>488.470857</timestamp>
			</report>
			<report>
				<misses>49900000</misses>
				<total>39</total>
				<timestamp>489.434174</timestamp>
			</report>
			<report>
				<misses>50000000</misses>
				<total>39</total>
				<timestamp>490.390051</timestamp>
			</report>
			<report>
				<misses>50100000</misses>
				<total>39</total>
				<timestamp>491.363437</timestamp>
			</report>
			<report>
				<misses>50200000</misses>
				<total>39</total>
				<timestamp>492.339367</timestamp>
			</report>
			<report>
				<misses>50300000</misses>
				<total>39</total>
				<timestamp>493.348455</timestamp>
			</report>
			<report>
				<misses>50400000</misses>
				<total>39</total>
				<timestamp>494.340543</timestamp>
			</report>
			<report>
				<misses>50500000</misses>
				<total>39</total>
				<timestamp>495.317376</timestamp>
			</report>
			<report>
				<misses>50600000</misses>
				<total>39</total>
				<timestamp>496.338072</timestamp>
			</report>
			<report>
				<misses>50700000</misses>
				<total>39</total>
				<timestamp>497.288188</timestamp>
			</report>
			<report>
				<misses>50800000</misses>
				<total>39</total>
				<timestamp>498.270939</timestamp>
			</report>
			<report>
				<misses>50900000</misses>
				<total>39</total>
				<timestamp>499.254146</timestamp>
			</report>
			<report>
				<misses>51000000</misses>
				<total>39</total>
				<timestamp>500.254755</timestamp>
			</report>
			<report>
				<misses>51100000</misses>
				<total>39</total>
				<timestamp>501.248349</timestamp>
			</report>
			<report>
				<misses>51200000</misses>
				<total>39</total>
				<timestamp>502.238080</timestamp>
			</report>
			<report>
				<misses>51300000</misses>
				<total>39</total>
				<timestamp>503.224000</timestamp>
			</report>
			<report>
				<misses>51400000</misses>
				<total>39</total>
				<timestamp>504.174879</timestamp>
			</report>
			<report>
				<misses>51500000</misses>
				<total>39</total>
				<timestamp>505.144665</timestamp>
			</report>
			<report>
				<misses>51600000</misses>
				<total>39</total>
				<timestamp>506.120560</timestamp>
			</report>
			<report>
				<misses>51700000</misses>
				<total>39</total>
				<timestamp>507.062490</timestamp>
			</report>
			<report>
				<misses>51800000</misses>
				<total>39</total>
				<timestamp>508.029196</timestamp>
			</report>
			<report>
				<misses>51900000</misses>
				<total>39</total>
				<timestamp>508.993771</timestamp>
			</report>
			<report>
				<misses>52000000</misses>
				<total>39</total>
				<timestamp>509.970352</timestamp>
			</report>
			<report>
				<misses>52100000</misses>
				<total>39</total>
				<timestamp>510.953236</timestamp>
			</report>
			<report>
				<misses>52200000</misses>
				<total>39</total>
				<timestamp>511.932825</timestamp>
			</report>
			<report>
				<misses>52300000</misses>
				<total>39</total>
				<timestamp>512.917537</timestamp>
			</report>
			<report>
				<misses>52400000</misses>
				<total>39</total>
				<timestamp>513.916585</timestamp>
			</report>
			<report>
				<misses>52500000</misses>
				<total>39</total>
				<timestamp>514.915030</timestamp>
			</report>
			<report>
				<misses>52600000</misses>
				<total>39</total>
				<timestamp>515.941049</timestamp>
			</report>
			<report>
				<misses>52700000</misses>
				<total>39</total>
				<timestamp>516.927077</timestamp>
			</report>
			<report>
				<misses>52800000</misses>
				<total>39</total>
				<timestamp>517.939742</timestamp>
			</report>
			<report>
				<misses>52900000</misses>
				<total>39</total>
				<timestamp>518.914830</timestamp>
			</report>
			<report>
				<misses>53000000</misses>
				<total>39</total>
				<timestamp>519.944160</timestamp>
			</report>
			<report>
				<misses>53100000</misses>
				<total>39</total>
				<timestamp>520.935525</timestamp>
			</report>
			<report>
				<misses>53200000</misses>
				<total>39</total>
				<timestamp>521.934481</timestamp>
			</report>
			<report>
				<misses>53300000</misses>
				<total>39</total>
				<timestamp>522.896522</timestamp>
			</report>
			<report>
				<misses>53400000</misses>
				<total>39</total>
				<timestamp>523.881286</timestamp>
			</report>
			<report>
				<misses>53500000</misses>
				<total>39</total>
				<timestamp>524.843485</timestamp>
			</report>
			<report>
				<misses>53600000</misses>
				<total>39</total>
				<timestamp>525.826957</timestamp>
			</report>
			<report>
				<misses>53700000</misses>
				<total>39</total>
				<timestamp>526.800874</timestamp>
			</report>
			<report>
				<misses>53800000</misses>
				<total>39</total>
				<timestamp>527.746033</timestamp>
			</report>
			<report>
				<misses>53900000</misses>
				<total>39</total>
				<timestamp>528.748288</timestamp>
			</report>
			<report>
				<misses>54000000</misses>
				<total>39</total>
				<timestamp>529.723452</timestamp>
			</report>
			<report>
				<misses>54100000</misses>
				<total>39</total>
				<timestamp>530.715128</timestamp>
			</report>
			<report>
				<misses>54200000</misses>
				<total>39</total>
				<timestamp>531.719483</timestamp>
			</report>
			<report>
				<misses>54300000</misses>
				<total>39</total>
				<timestamp>532.698700</timestamp>
			</report>
			<report>
				<misses>54400000</misses>
				<total>39</total>
				<timestamp>533.715548</timestamp>
			</report>
			<report>
				<misses>54500000</misses>
				<total>39</total>
				<timestamp>534.731699</timestamp>
			</report>
			<report>
				<misses>54600000</misses>
				<total>39</total>
				<timestamp>535.703009</timestamp>
			</report>
			<report>
				<misses>54700000</misses>
				<total>39</total>
				<timestamp>536.654114</timestamp>
			</report>
			<report>
				<misses>54800000</misses>
				<total>39</total>
				<timestamp>537.635943</timestamp>
			</report>
			<report>
				<misses>54900000</misses>
				<total>39</total>
				<timestamp>538.585422</timestamp>
			</report>
			<report>
				<misses>55000000</misses>
				<total>39</total>
				<timestamp>539.531343</timestamp>
			</report>
			<report>
				<misses>55100000</misses>
				<total>39</total>
				<timestamp>540.510467</timestamp>
			</report>
			<report>
				<misses>55200000</misses>
				<total>39</total>
				<timestamp>541.465024</timestamp>
			</report>
			<report>
				<misses>55300000</misses>
				<total>39</total>
				<timestamp>542.436090</timestamp>
			</report>
			<report>
				<misses>55400000</misses>
				<total>39</total>
				<timestamp>543.408884</timestamp>
			</report>
			<report>
				<misses>55500000</misses>
				<total>39</total>
				<timestamp>544.373688</timestamp>
			</report>
			<report>
				<misses>55600000</misses>
				<total>39</total>
				<timestamp>545.338591</timestamp>
			</report>
			<report>
				<misses>55700000</misses>
				<total>39</total>
				<timestamp>546.334371</timestamp>
			</report>
			<report>
				<misses>55800000</misses>
				<total>39</total>
				<timestamp>547.315892</timestamp>
			</report>
			<report>
				<misses>55900000</misses>
				<total>39</total>
				<timestamp>548.299357</timestamp>
			</report>
			<report>
				<misses>56000000</misses>
				<total>39</total>
				<timestamp>549.295688</timestamp>
			</report>
			<report>
				<misses>56100000</misses>
				<total>39</total>
				<timestamp>550.299438</timestamp>
			</report>
			<report>
				<misses>56200000</misses>
				<total>39</total>
				<timestamp>551.279792</timestamp>
			</report>
			<report>
				<misses>56300000</misses>
				<total>39</total>
				<timestamp>552.284118</timestamp>
			</report>
			<report>
				<misses>56400000</misses>
				<total>39</total>
				<timestamp>553.280784</timestamp>
			</report>
			<report>
				<misses>56500000</misses>
				<total>39</total>
				<timestamp>554.269518</timestamp>
			</report>
			<report>
				<misses>56600000</misses>
				<total>39</total>
				<timestamp>555.262265</timestamp>
			</report>
			<report>
				<misses>56700000</misses>
				<total>39</total>
				<timestamp>556.253997</timestamp>
			</report>
			<report>
				<misses>56800000</misses>
				<total>39</total>
				<timestamp>557.247997</timestamp>
			</report>
			<report>
				<misses>56900000</misses>
				<total>39</total>
				<timestamp>558.235287</timestamp>
			</report>
			<report>
				<misses>57000000</misses>
				<total>39</total>
				<timestamp>559.171003</timestamp>
			</report>
			<report>
				<misses>57100000</misses>
				<total>39</total>
				<timestamp>560.167965</timestamp>
			</report>
			<report>
				<misses>57200000</misses>
				<total>39</total>
				<timestamp>561.149602</timestamp>
			</report>
			<report>
				<misses>57300000</misses>
				<total>39</total>
				<timestamp>562.142799</timestamp>
			</report>
			<report>
				<misses>57400000</misses>
				<total>39</total>
				<timestamp>563.152769</timestamp>
			</report>
			<report>
				<misses>57500000</misses>
				<total>39</total>
				<timestamp>564.110099</timestamp>
			</report>
			<report>
				<misses>57600000</misses>
				<total>39</total>
				<timestamp>565.089595</timestamp>
			</report>
			<report>
				<misses>57700000</misses>
				<total>39</total>
				<timestamp>566.124904</timestamp>
			</report>
			<report>
				<misses>57800000</misses>
				<total>39</total>
				<timestamp>567.090415</timestamp>
			</report>
			<report>
				<misses>57900000</misses>
				<total>39</total>
				<timestamp>568.087712</timestamp>
			</report>
			<report>
				<misses>58000000</misses>
				<total>39</total>
				<timestamp>569.057380</timestamp>
			</report>
			<report>
				<misses>58100000</misses>
				<total>39</total>
				<timestamp>570.052569</timestamp>
			</report>
			<report>
				<misses>58200000</misses>
				<total>39</total>
				<timestamp>571.019165</timestamp>
			</report>
			<report>
				<misses>58300000</misses>
				<total>39</total>
				<timestamp>571.983258</timestamp>
			</report>
			<report>
				<misses>58400000</misses>
				<total>39</total>
				<timestamp>572.962653</timestamp>
			</report>
			<report>
				<misses>58500000</misses>
				<total>39</total>
				<timestamp>573.931535</timestamp>
			</report>
			<report>
				<misses>58600000</misses>
				<total>39</total>
				<timestamp>574.886601</timestamp>
			</report>
			<report>
				<misses>58700000</misses>
				<total>39</total>
				<timestamp>575.862885</timestamp>
			</report>
			<report>
				<misses>58800000</misses>
				<total>39</total>
				<timestamp>576.841437</timestamp>
			</report>
			<report>
				<misses>58900000</misses>
				<total>39</total>
				<timestamp>577.844040</timestamp>
			</report>
			<report>
				<misses>59000000</misses>
				<total>39</total>
				<timestamp>578.825966</timestamp>
			</report>
			<report>
				<misses>59100000</misses>
				<total>39</total>
				<timestamp>579.815714</timestamp>
			</report>
			<report>
				<misses>59200000</misses>
				<total>39</total>
				<timestamp>580.849078</timestamp>
			</report>
			<report>
				<misses>59300000</misses>
				<total>39</total>
				<timestamp>581.841762</timestamp>
			</report>
			<report>
				<misses>59400000</misses>
				<total>39</total>
				<timestamp>582.833622</timestamp>
			</report>
			<report>
				<misses>59500000</misses>
				<total>39</total>
				<timestamp>583.826448</timestamp>
			</report>
			<report>
				<misses>59600000</misses>
				<total>39</total>
				<timestamp>584.808530</timestamp>
			</report>
			<report>
				<misses>59700000</misses>
				<total>39</total>
				<timestamp>585.789150</timestamp>
			</report>
			<report>
				<misses>59800000</misses>
				<total>39</total>
				<timestamp>586.766319</timestamp>
			</report>
			<report>
				<misses>59900000</misses>
				<total>39</total>
				<timestamp>587.738266</timestamp>
			</report>
			<report>
				<misses>60000000</misses>
				<total>39</total>
				<timestamp>588.758569</timestamp>
			</report>
			<report>
				<misses>60100000</misses>
				<total>39</total>
				<timestamp>589.728427</timestamp>
			</report>
			<report>
				<misses>60200000</misses>
				<total>39</total>
				<timestamp>590.672492</timestamp>
			</report>
			<report>
				<misses>60300000</misses>
				<total>39</total>
				<timestamp>591.613680</timestamp>
			</report>
			<report>
				<misses>60400000</misses>
				<total>39</total>
				<timestamp>592.606926</timestamp>
			</report>
			<report>
				<misses>60500000</misses>
				<total>39</total>
				<timestamp>593.580613</timestamp>
			</report>
			<report>
				<misses>60600000</misses>
				<total>39</total>
				<timestamp>594.546634</timestamp>
			</report>
			<report>
				<misses>60700000</misses>
				<total>39</total>
				<timestamp>595.516661</timestamp>
			</report>
			<report>
				<misses>60800000</misses>
				<total>39</total>
				<timestamp>596.502685</timestamp>
			</report>
			<report>
				<misses>60900000</misses>
				<total>39</total>
				<timestamp>597.478378</timestamp>
			</report>
			<report>
				<misses>61000000</misses>
				<total>39</total>
				<timestamp>598.455541</timestamp>
			</report>
			<report>
				<misses>61100000</misses>
				<total>39</total>
				<timestamp>599.435826</timestamp>
			</report>
			<report>
				<misses>61200000</misses>
				<total>39</total>
				<timestamp>600.395405</timestamp>
			</report>
			<report>
				<misses>61300000</misses>
				<total>39</total>
				<timestamp>601.402063</timestamp>
			</report>
			<report>
				<misses>61400000</misses>
				<total>39</total>
				<timestamp>602.415631</timestamp>
			</report>
			<report>
				<misses>61500000</misses>
				<total>39</total>
				<timestamp>603.420816</timestamp>
			</report>
			<report>
				<misses>61600000</misses>
				<total>39</total>
				<timestamp>604.436109</timestamp>
			</report>
			<report>
				<misses>61700000</misses>
				<total>39</total>
				<timestamp>605.418474</timestamp>
			</report>
			<report>
				<misses>61800000</misses>
				<total>75</total>
				<timestamp>606.388240</timestamp>
			</report>
		</query>
	</custom>
	<ethtool_statistic>
		<rx_packets>
			<start>402821620</start>
			<end>432390702</end>
		</rx_packets>
		<tx_packets>
			<start>1158446227</start>
			<end>1237415109</end>
		</tx_packets>
		<rx_dropped>
			<start>0</start>
			<end>0</end>
		</rx_dropped>
		<tx_dropped>
			<start>0</start>
			<end>0</end>
		</tx_dropped>
		<collisions>
			<start>0</start>
			<end>0</end>
		</collisions>
		<port_tx_errors>
			<start>0</start>
			<end>0</end>
		</port_tx_errors>
		<port_rx_dropped>
			<start>0</start>
			<end>0</end>
		</port_rx_dropped>
		<port_tx_dropped_link_down>
			<start>0</start>
			<end>0</end>
		</port_tx_dropped_link_down>
	</ethtool_statistic>
	<ip_statistic>
		<mtu>
			<start>9000</start>
			<end>9000</end>
		</mtu>
		<rx_bytes>
			<start>3312436262874</start>
			<end>3576835797299</end>
		</rx_bytes>
		<rx_packets>
			<start>402821725</start>
			<end>432390784</end>
		</rx_packets>
		<rx_errors>
			<start>0</start>
			<end>0</end>
		</rx_errors>
		<rx_dropped>
			<start>0</start>
			<end>0</end>
		</rx_dropped>
		<rx_missed>
			<start>0</start>
			<end>0</end>
		</rx_missed>
		<rx_mcast>
			<start>662</start>
			<end>674</end>
		</rx_mcast>
		<tx_bytes>
			<start>2070744053762</start>
			<end>2776877381804</end>
		</tx_bytes>
		<tx_packets>
			<start>1158446272</start>
			<end>1237415145</end>
		</tx_packets>
		<tx_errors>
			<start>0</start>
			<end>0</end>
		</tx_errors>
		<tx_dropped>
			<start>0</start>
			<end>0</end>
		</tx_dropped>
		<tx_carrier>
			<start>0</start>
			<end>0</end>
		</tx_carrier>
		<tx_collisions>
			<start>0</start>
			<end>0</end>
		</tx_collisions>
	</ip_statistic>
	<netstat_statistic>
		<udp_pkg_rec>
			<start>842210838</start>
			<end>871779800</end>
		</udp_pkg_rec>
		<udp_pkg_snt>
			<start>2308109847</start>
			<end>2387078701</end>
		</udp_pkg_snt>
		<udp_rec_err>
			<start>9640275</start>
			<end>9640275</end>
		</udp_rec_err>
		<udp_rec_buf_err>
			<start>9640275</start>
			<end>9640275</end>
		</udp_rec_buf_err>
		<udp_snt_buf_err>
			<start>0</start>
			<end>0</end>
		</udp_snt_buf_err>
	</netstat_statistic>
</test_results>
