<?xml version="1.0"?>
<test_results>
	<status>STATUS_SUCCESS</status>
	<custom>
		<num_loss>4981101</num_loss>
		<num_total>5000001</num_total>
		<num_misses>118986795</num_misses>
		<elapsed_time>309.967149</elapsed_time>
		<query>
			<report>
				<misses>100000</misses>
				<total>95748</total>
				<timestamp>6.187072</timestamp>
			</report>
			<report>
				<misses>200000</misses>
				<total>195747</total>
				<timestamp>12.381163</timestamp>
			</report>
			<report>
				<misses>300000</misses>
				<total>295746</total>
				<timestamp>18.591944</timestamp>
			</report>
			<report>
				<misses>400000</misses>
				<total>395745</total>
				<timestamp>24.802234</timestamp>
			</report>
			<report>
				<misses>500000</misses>
				<total>494949</total>
				<timestamp>31.023919</timestamp>
			</report>
			<report>
				<misses>600000</misses>
				<total>594948</total>
				<timestamp>37.228995</timestamp>
			</report>
			<report>
				<misses>700000</misses>
				<total>694947</total>
				<timestamp>43.435316</timestamp>
			</report>
			<report>
				<misses>800000</misses>
				<total>794946</total>
				<timestamp>49.638988</timestamp>
			</report>
			<report>
				<misses>900000</misses>
				<total>894228</total>
				<timestamp>55.865763</timestamp>
			</report>
			<report>
				<misses>1000000</misses>
				<total>994227</total>
				<timestamp>62.054678</timestamp>
			</report>
			<report>
				<misses>1100000</misses>
				<total>1094226</total>
				<timestamp>68.233286</timestamp>
			</report>
			<report>
				<misses>1200000</misses>
				<total>1194225</total>
				<timestamp>74.437434</timestamp>
			</report>
			<report>
				<misses>1300000</misses>
				<total>1294224</total>
				<timestamp>80.644499</timestamp>
			</report>
			<report>
				<misses>1400000</misses>
				<total>1393493</total>
				<timestamp>86.848671</timestamp>
			</report>
			<report>
				<misses>1500000</misses>
				<total>1493492</total>
				<timestamp>93.081942</timestamp>
			</report>
			<report>
				<misses>1600000</misses>
				<total>1593491</total>
				<timestamp>99.289239</timestamp>
			</report>
			<report>
				<misses>1700000</misses>
				<total>1693490</total>
				<timestamp>105.471066</timestamp>
			</report>
			<report>
				<misses>1800000</misses>
				<total>1792286</total>
				<timestamp>111.657248</timestamp>
			</report>
			<report>
				<misses>1900000</misses>
				<total>1892285</total>
				<timestamp>117.842203</timestamp>
			</report>
			<report>
				<misses>2000000</misses>
				<total>1992284</total>
				<timestamp>124.057567</timestamp>
			</report>
			<report>
				<misses>2100000</misses>
				<total>2092283</total>
				<timestamp>130.270553</timestamp>
			</report>
			<report>
				<misses>2200000</misses>
				<total>2191642</total>
				<timestamp>136.475666</timestamp>
			</report>
			<report>
				<misses>2300000</misses>
				<total>2291641</total>
				<timestamp>142.661661</timestamp>
			</report>
			<report>
				<misses>2400000</misses>
				<total>2391640</total>
				<timestamp>148.835390</timestamp>
			</report>
			<report>
				<misses>2500000</misses>
				<total>2491639</total>
				<timestamp>155.039577</timestamp>
			</report>
			<report>
				<misses>2600000</misses>
				<total>2591638</total>
				<timestamp>161.232659</timestamp>
			</report>
			<report>
				<misses>2700000</misses>
				<total>2691010</total>
				<timestamp>167.434533</timestamp>
			</report>
			<report>
				<misses>2800000</misses>
				<total>2791009</total>
				<timestamp>173.643581</timestamp>
			</report>
			<report>
				<misses>2900000</misses>
				<total>2891008</total>
				<timestamp>179.827774</timestamp>
			</report>
			<report>
				<misses>3000000</misses>
				<total>2991007</total>
				<timestamp>186.007685</timestamp>
			</report>
			<report>
				<misses>3100000</misses>
				<total>3090343</total>
				<timestamp>192.190597</timestamp>
			</report>
			<report>
				<misses>3200000</misses>
				<total>3190342</total>
				<timestamp>198.405958</timestamp>
			</report>
			<report>
				<misses>3300000</misses>
				<total>3290341</total>
				<timestamp>204.623952</timestamp>
			</report>
			<report>
				<misses>3400000</misses>
				<total>3390340</total>
				<timestamp>210.816392</timestamp>
			</report>
			<report>
				<misses>3500000</misses>
				<total>3490339</total>
				<timestamp>217.031369</timestamp>
			</report>
			<report>
				<misses>3600000</misses>
				<total>3589283</total>
				<timestamp>223.223823</timestamp>
			</report>
			<report>
				<misses>3700000</misses>
				<total>3689282</total>
				<timestamp>229.363081</timestamp>
			</report>
			<report>
				<misses>3800000</misses>
				<total>3789281</total>
				<timestamp>235.568189</timestamp>
			</report>
			<report>
				<misses>3900000</misses>
				<total>3889280</total>
				<timestamp>241.779558</timestamp>
			</report>
			<report>
				<misses>4000000</misses>
				<total>3985806</total>
				<timestamp>248.002130</timestamp>
			</report>
			<report>
				<misses>4100000</misses>
				<total>4085805</total>
				<timestamp>254.193576</timestamp>
			</report>
			<report>
				<misses>4200000</misses>
				<total>4185804</total>
				<timestamp>260.393851</timestamp>
			</report>
			<report>
				<misses>4300000</misses>
				<total>4285803</total>
				<timestamp>266.595081</timestamp>
			</report>
			<report>
				<misses>4400000</misses>
				<total>4384538</total>
				<timestamp>272.782225</timestamp>
			</report>
			<report>
				<misses>4500000</misses>
				<total>4484537</total>
				<timestamp>278.973729</timestamp>
			</report>
			<report>
				<misses>4600000</misses>
				<total>4584536</total>
				<timestamp>285.158528</timestamp>
			</report>
			<report>
				<misses>4700000</misses>
				<total>4684535</total>
				<timestamp>291.344144</timestamp>
			</report>
			<report>
				<misses>4800000</misses>
				<total>4784534</total>
				<timestamp>297.554009</timestamp>
			</report>
			<report>
				<misses>4900000</misses>
				<total>4881102</total>
				<timestamp>303.754294</timestamp>
			</report>
			<report>
				<misses>5000000</misses>
				<total>4981101</total>
				<timestamp>309.967129</timestamp>
			</report>
		</query>
	</custom>
	<ethtool_statistic>
		<rx_packets>
			<start>3620836652</start>
			<end>3635498986</end>
		</rx_packets>
		<tx_packets>
			<start>4467968658</start>
			<end>4516779199</end>
		</tx_packets>
		<rx_dropped>
			<start>0</start>
			<end>0</end>
		</rx_dropped>
		<tx_dropped>
			<start>0</start>
			<end>0</end>
		</tx_dropped>
		<collisions>
			<start>0</start>
			<end>0</end>
		</collisions>
		<port_tx_errors>
			<start>0</start>
			<end>0</end>
		</port_tx_errors>
		<port_rx_dropped>
			<start>0</start>
			<end>0</end>
		</port_rx_dropped>
		<port_tx_dropped_link_down>
			<start>0</start>
			<end>0</end>
		</port_tx_dropped_link_down>
	</ethtool_statistic>
	<ip_statistic>
		<mtu>
			<start>9000</start>
			<end>9000</end>
		</mtu>
		<rx_bytes>
			<start>32550035284873</start>
			<end>32681831515912</end>
		</rx_bytes>
		<rx_packets>
			<start>3620836739</start>
			<end>3635499016</end>
		</rx_packets>
		<rx_errors>
			<start>0</start>
			<end>0</end>
		</rx_errors>
		<rx_dropped>
			<start>0</start>
			<end>0</end>
		</rx_dropped>
		<rx_missed>
			<start>0</start>
			<end>0</end>
		</rx_missed>
		<rx_mcast>
			<start>1013</start>
			<end>1013</end>
		</rx_mcast>
		<tx_bytes>
			<start>27664659238819</start>
			<end>28070161725202</end>
		</tx_bytes>
		<tx_packets>
			<start>4467968712</start>
			<end>4516779255</end>
		</tx_packets>
		<tx_errors>
			<start>0</start>
			<end>0</end>
		</tx_errors>
		<tx_dropped>
			<start>0</start>
			<end>0</end>
		</tx_dropped>
		<tx_carrier>
			<start>0</start>
			<end>0</end>
		</tx_carrier>
		<tx_collisions>
			<start>0</start>
			<end>0</end>
		</tx_collisions>
	</ip_statistic>
	<netstat_statistic>
		<udp_pkg_rec>
			<start>3419745020</start>
			<end>3433720506</end>
		</udp_pkg_rec>
		<udp_pkg_snt>
			<start>3818940805</start>
			<end>3832740547</end>
		</udp_pkg_snt>
		<udp_rec_err>
			<start>201481359</start>
			<end>202167785</end>
		</udp_rec_err>
		<udp_rec_buf_err>
			<start>201481359</start>
			<end>202167785</end>
		</udp_rec_buf_err>
		<udp_snt_buf_err>
			<start>0</start>
			<end>0</end>
		</udp_snt_buf_err>
	</netstat_statistic>
</test_results>
