<?xml version="1.0"?>
<test_results>
	<status>STATUS_SUCCESS</status>
	<custom>
		<num_loss>57</num_loss>
		<num_total>3000001</num_total>
		<num_misses>1</num_misses>
		<elapsed_time>869.999769</elapsed_time>
		<query />
	</custom>
	<ethtool_statistic>
		<rx_packets>
			<start>4287315610</start>
			<end>4357757190</end>
		</rx_packets>
		<tx_packets>
			<start>7082767576</start>
			<end>7194455217</end>
		</tx_packets>
		<rx_dropped>
			<start>0</start>
			<end>0</end>
		</rx_dropped>
		<tx_dropped>
			<start>0</start>
			<end>0</end>
		</tx_dropped>
		<collisions>
			<start>0</start>
			<end>0</end>
		</collisions>
		<port_tx_errors>
			<start>0</start>
			<end>0</end>
		</port_tx_errors>
		<port_rx_dropped>
			<start>0</start>
			<end>0</end>
		</port_rx_dropped>
		<port_tx_dropped_link_down>
			<start>0</start>
			<end>0</end>
		</port_tx_dropped_link_down>
	</ethtool_statistic>
	<ip_statistic>
		<mtu>
			<start>9000</start>
			<end>9000</end>
		</mtu>
		<rx_bytes>
			<start>17539319585901</start>
			<end>17827634754661</end>
		</rx_bytes>
		<rx_packets>
			<start>4287315925</start>
			<end>4357757545</end>
		</rx_packets>
		<rx_errors>
			<start>0</start>
			<end>0</end>
		</rx_errors>
		<rx_dropped>
			<start>0</start>
			<end>0</end>
		</rx_dropped>
		<rx_missed>
			<start>0</start>
			<end>0</end>
		</rx_missed>
		<rx_mcast>
			<start>2321</start>
			<end>2334</end>
		</rx_mcast>
		<tx_bytes>
			<start>21363657952881</start>
			<end>21781828114901</end>
		</tx_bytes>
		<tx_packets>
			<start>7082767808</start>
			<end>7194455244</end>
		</tx_packets>
		<tx_errors>
			<start>0</start>
			<end>0</end>
		</tx_errors>
		<tx_dropped>
			<start>0</start>
			<end>0</end>
		</tx_dropped>
		<tx_carrier>
			<start>0</start>
			<end>0</end>
		</tx_carrier>
		<tx_collisions>
			<start>0</start>
			<end>0</end>
		</tx_collisions>
	</ip_statistic>
	<netstat_statistic>
		<udp_pkg_rec>
			<start>3610370907</start>
			<end>3669630307</end>
		</udp_pkg_rec>
		<udp_pkg_snt>
			<start>6831305999</start>
			<end>6921997894</end>
		</udp_pkg_snt>
		<udp_rec_err>
			<start>677664645</start>
			<end>688851349</end>
		</udp_rec_err>
		<udp_rec_buf_err>
			<start>677664645</start>
			<end>688851349</end>
		</udp_rec_buf_err>
		<udp_snt_buf_err>
			<start>0</start>
			<end>0</end>
		</udp_snt_buf_err>
	</netstat_statistic>
</test_results>
