<?xml version="1.0"?>
<test_results>
	<status>STATUS_SUCCESS</status>
	<custom>
		<num_loss>37450</num_loss>
		<num_total>5000001</num_total>
		<num_misses>272344</num_misses>
		<elapsed_time>52.723117</elapsed_time>
		<query>
			<report>
				<misses>100000</misses>
				<total>873</total>
				<timestamp>1.043697</timestamp>
			</report>
			<report>
				<misses>200000</misses>
				<total>2197</total>
				<timestamp>2.124646</timestamp>
			</report>
			<report>
				<misses>300000</misses>
				<total>2849</total>
				<timestamp>3.167723</timestamp>
			</report>
			<report>
				<misses>400000</misses>
				<total>3381</total>
				<timestamp>4.241146</timestamp>
			</report>
			<report>
				<misses>500000</misses>
				<total>3861</total>
				<timestamp>5.332185</timestamp>
			</report>
			<report>
				<misses>600000</misses>
				<total>4754</total>
				<timestamp>6.402529</timestamp>
			</report>
			<report>
				<misses>700000</misses>
				<total>5400</total>
				<timestamp>7.463726</timestamp>
			</report>
			<report>
				<misses>800000</misses>
				<total>5972</total>
				<timestamp>8.522950</timestamp>
			</report>
			<report>
				<misses>900000</misses>
				<total>6906</total>
				<timestamp>9.587747</timestamp>
			</report>
			<report>
				<misses>1000000</misses>
				<total>7580</total>
				<timestamp>10.644450</timestamp>
			</report>
			<report>
				<misses>1100000</misses>
				<total>8592</total>
				<timestamp>11.718272</timestamp>
			</report>
			<report>
				<misses>1200000</misses>
				<total>9480</total>
				<timestamp>12.766723</timestamp>
			</report>
			<report>
				<misses>1300000</misses>
				<total>9931</total>
				<timestamp>13.830884</timestamp>
			</report>
			<report>
				<misses>1400000</misses>
				<total>10624</total>
				<timestamp>14.867450</timestamp>
			</report>
			<report>
				<misses>1500000</misses>
				<total>11298</total>
				<timestamp>15.919023</timestamp>
			</report>
			<report>
				<misses>1600000</misses>
				<total>12140</total>
				<timestamp>16.982822</timestamp>
			</report>
			<report>
				<misses>1700000</misses>
				<total>12682</total>
				<timestamp>18.038896</timestamp>
			</report>
			<report>
				<misses>1800000</misses>
				<total>13130</total>
				<timestamp>19.082132</timestamp>
			</report>
			<report>
				<misses>1900000</misses>
				<total>14130</total>
				<timestamp>20.133830</timestamp>
			</report>
			<report>
				<misses>2000000</misses>
				<total>15540</total>
				<timestamp>21.173306</timestamp>
			</report>
			<report>
				<misses>2100000</misses>
				<total>16202</total>
				<timestamp>22.225393</timestamp>
			</report>
			<report>
				<misses>2200000</misses>
				<total>16728</total>
				<timestamp>23.265305</timestamp>
			</report>
			<report>
				<misses>2300000</misses>
				<total>17101</total>
				<timestamp>24.325300</timestamp>
			</report>
			<report>
				<misses>2400000</misses>
				<total>17859</total>
				<timestamp>25.373902</timestamp>
			</report>
			<report>
				<misses>2500000</misses>
				<total>18489</total>
				<timestamp>26.418886</timestamp>
			</report>
			<report>
				<misses>2600000</misses>
				<total>19301</total>
				<timestamp>27.471064</timestamp>
			</report>
			<report>
				<misses>2700000</misses>
				<total>20357</total>
				<timestamp>28.534440</timestamp>
			</report>
			<report>
				<misses>2800000</misses>
				<total>21387</total>
				<timestamp>29.578930</timestamp>
			</report>
			<report>
				<misses>2900000</misses>
				<total>21824</total>
				<timestamp>30.640651</timestamp>
			</report>
			<report>
				<misses>3000000</misses>
				<total>22221</total>
				<timestamp>31.690202</timestamp>
			</report>
			<report>
				<misses>3100000</misses>
				<total>22899</total>
				<timestamp>32.751889</timestamp>
			</report>
			<report>
				<misses>3200000</misses>
				<total>23457</total>
				<timestamp>33.793043</timestamp>
			</report>
			<report>
				<misses>3300000</misses>
				<total>24295</total>
				<timestamp>34.844815</timestamp>
			</report>
			<report>
				<misses>3400000</misses>
				<total>24727</total>
				<timestamp>35.886688</timestamp>
			</report>
			<report>
				<misses>3500000</misses>
				<total>25736</total>
				<timestamp>36.943115</timestamp>
			</report>
			<report>
				<misses>3600000</misses>
				<total>26463</total>
				<timestamp>38.011129</timestamp>
			</report>
			<report>
				<misses>3700000</misses>
				<total>27705</total>
				<timestamp>39.059950</timestamp>
			</report>
			<report>
				<misses>3800000</misses>
				<total>28231</total>
				<timestamp>40.108570</timestamp>
			</report>
			<report>
				<misses>3900000</misses>
				<total>28931</total>
				<timestamp>41.161620</timestamp>
			</report>
			<report>
				<misses>4000000</misses>
				<total>29838</total>
				<timestamp>42.213334</timestamp>
			</report>
			<report>
				<misses>4100000</misses>
				<total>30353</total>
				<timestamp>43.274405</timestamp>
			</report>
			<report>
				<misses>4200000</misses>
				<total>31095</total>
				<timestamp>44.316753</timestamp>
			</report>
			<report>
				<misses>4300000</misses>
				<total>31979</total>
				<timestamp>45.372348</timestamp>
			</report>
			<report>
				<misses>4400000</misses>
				<total>32736</total>
				<timestamp>46.429799</timestamp>
			</report>
			<report>
				<misses>4500000</misses>
				<total>33844</total>
				<timestamp>47.473466</timestamp>
			</report>
			<report>
				<misses>4600000</misses>
				<total>34285</total>
				<timestamp>48.529944</timestamp>
			</report>
			<report>
				<misses>4700000</misses>
				<total>35355</total>
				<timestamp>49.574938</timestamp>
			</report>
			<report>
				<misses>4800000</misses>
				<total>36480</total>
				<timestamp>50.630477</timestamp>
			</report>
			<report>
				<misses>4900000</misses>
				<total>36826</total>
				<timestamp>51.679426</timestamp>
			</report>
			<report>
				<misses>5000000</misses>
				<total>37450</total>
				<timestamp>52.723093</timestamp>
			</report>
		</query>
	</custom>
	<ethtool_statistic>
		<rx_packets>
			<start>2518572658</start>
			<end>2521255912</end>
		</rx_packets>
		<tx_packets>
			<start>2857717606</start>
			<end>2864333345</end>
		</tx_packets>
		<rx_dropped>
			<start>0</start>
			<end>0</end>
		</rx_dropped>
		<tx_dropped>
			<start>0</start>
			<end>0</end>
		</tx_dropped>
		<collisions>
			<start>0</start>
			<end>0</end>
		</collisions>
		<port_tx_errors>
			<start>0</start>
			<end>0</end>
		</port_tx_errors>
		<port_rx_dropped>
			<start>0</start>
			<end>0</end>
		</port_rx_dropped>
		<port_tx_dropped_link_down>
			<start>0</start>
			<end>0</end>
		</port_tx_dropped_link_down>
	</ethtool_statistic>
	<ip_statistic>
		<mtu>
			<start>9000</start>
			<end>9000</end>
		</mtu>
		<rx_bytes>
			<start>22641496453373</start>
			<end>22665602322257</end>
		</rx_bytes>
		<rx_packets>
			<start>2518572723</start>
			<end>2521256041</end>
		</rx_packets>
		<rx_errors>
			<start>0</start>
			<end>0</end>
		</rx_errors>
		<rx_dropped>
			<start>0</start>
			<end>0</end>
		</rx_dropped>
		<rx_missed>
			<start>0</start>
			<end>0</end>
		</rx_missed>
		<rx_mcast>
			<start>421</start>
			<end>423</end>
		</rx_mcast>
		<tx_bytes>
			<start>13816553922390</start>
			<end>13875743632710</end>
		</tx_bytes>
		<tx_packets>
			<start>2857717677</start>
			<end>2864333400</end>
		</tx_packets>
		<tx_errors>
			<start>0</start>
			<end>0</end>
		</tx_errors>
		<tx_dropped>
			<start>0</start>
			<end>0</end>
		</tx_dropped>
		<tx_carrier>
			<start>0</start>
			<end>0</end>
		</tx_carrier>
		<tx_collisions>
			<start>0</start>
			<end>0</end>
		</tx_collisions>
	</ip_statistic>
	<netstat_statistic>
		<udp_pkg_rec>
			<start>2372488960</start>
			<end>2375000453</end>
		</udp_pkg_rec>
		<udp_pkg_snt>
			<start>2858079566</start>
			<end>2864691714</end>
		</udp_pkg_snt>
		<udp_rec_err>
			<start>146341488</start>
			<end>146513247</end>
		</udp_rec_err>
		<udp_rec_buf_err>
			<start>146341488</start>
			<end>146513247</end>
		</udp_rec_buf_err>
		<udp_snt_buf_err>
			<start>0</start>
			<end>0</end>
		</udp_snt_buf_err>
	</netstat_statistic>
</test_results>
