<?xml version="1.0"?>
<test_results>
	<status>STATUS_SUCCESS</status>
	<custom>
		<num_loss>-1</num_loss>
		<num_total>-1</num_total>
		<num_misses>-1</num_misses>
		<elapsed_time>-1.000000</elapsed_time>
		<query />
	</custom>
	<ethtool_statistic>
		<rx_packets>
			<start>405524911</start>
			<end>415163518</end>
		</rx_packets>
		<tx_packets>
			<start>451559787</start>
			<end>460939474</end>
		</tx_packets>
		<rx_dropped>
			<start>0</start>
			<end>0</end>
		</rx_dropped>
		<tx_dropped>
			<start>0</start>
			<end>0</end>
		</tx_dropped>
		<collisions>
			<start>0</start>
			<end>0</end>
		</collisions>
		<port_tx_errors>
			<start>0</start>
			<end>0</end>
		</port_tx_errors>
		<port_rx_dropped>
			<start>0</start>
			<end>0</end>
		</port_rx_dropped>
		<port_tx_dropped_link_down>
			<start>0</start>
			<end>0</end>
		</port_tx_dropped_link_down>
	</ethtool_statistic>
	<ip_statistic>
		<mtu>
			<start>9000</start>
			<end>9000</end>
		</mtu>
		<rx_bytes>
			<start>2363237713642</start>
			<end>2449424352414</end>
		</rx_bytes>
		<rx_packets>
			<start>405524911</start>
			<end>415163518</end>
		</rx_packets>
		<rx_errors>
			<start>0</start>
			<end>0</end>
		</rx_errors>
		<rx_dropped>
			<start>0</start>
			<end>0</end>
		</rx_dropped>
		<rx_missed>
			<start>0</start>
			<end>0</end>
		</rx_missed>
		<rx_mcast>
			<start>6</start>
			<end>6</end>
		</rx_mcast>
		<tx_bytes>
			<start>2447861914551</start>
			<end>2531732055027</end>
		</tx_bytes>
		<tx_packets>
			<start>451559924</start>
			<end>460939474</end>
		</tx_packets>
		<tx_errors>
			<start>0</start>
			<end>0</end>
		</tx_errors>
		<tx_dropped>
			<start>0</start>
			<end>0</end>
		</tx_dropped>
		<tx_carrier>
			<start>0</start>
			<end>0</end>
		</tx_carrier>
		<tx_collisions>
			<start>0</start>
			<end>0</end>
		</tx_collisions>
	</ip_statistic>
	<netstat_statistic>
		<udp_pkg_rec>
			<start>2395772143</start>
			<end>2486400844</end>
		</udp_pkg_rec>
		<udp_pkg_snt>
			<start>2413296326</start>
			<end>2487630505</end>
		</udp_pkg_snt>
		<udp_rec_err>
			<start>0</start>
			<end>0</end>
		</udp_rec_err>
		<udp_rec_buf_err>
			<start>0</start>
			<end>0</end>
		</udp_rec_buf_err>
		<udp_snt_buf_err>
			<start>0</start>
			<end>0</end>
		</udp_snt_buf_err>
	</netstat_statistic>
</test_results>
