<?xml version="1.0"?>
<test_results>
	<status>STATUS_SUCCESS</status>
	<custom>
		<num_loss>51</num_loss>
		<num_total>49000001</num_total>
		<num_misses>2923</num_misses>
		<elapsed_time>1960.115177</elapsed_time>
		<query />
	</custom>
	<ethtool_statistic>
		<rx_packets>
			<start>630945688</start>
			<end>790151942</end>
		</rx_packets>
		<tx_packets>
			<start>1656403841</start>
			<end>1902737337</end>
		</tx_packets>
		<rx_dropped>
			<start>0</start>
			<end>0</end>
		</rx_dropped>
		<tx_dropped>
			<start>0</start>
			<end>0</end>
		</tx_dropped>
		<collisions>
			<start>0</start>
			<end>0</end>
		</collisions>
		<port_tx_errors>
			<start>0</start>
			<end>0</end>
		</port_tx_errors>
		<port_rx_dropped>
			<start>0</start>
			<end>0</end>
		</port_rx_dropped>
		<port_tx_dropped_link_down>
			<start>0</start>
			<end>0</end>
		</port_tx_dropped_link_down>
	</ethtool_statistic>
	<ip_statistic>
		<mtu>
			<start>9000</start>
			<end>9000</end>
		</mtu>
		<rx_bytes>
			<start>2581156917126</start>
			<end>3230201137594</end>
		</rx_bytes>
		<rx_packets>
			<start>630945843</start>
			<end>790152109</end>
		</rx_packets>
		<rx_errors>
			<start>0</start>
			<end>0</end>
		</rx_errors>
		<rx_dropped>
			<start>0</start>
			<end>0</end>
		</rx_dropped>
		<rx_missed>
			<start>0</start>
			<end>0</end>
		</rx_missed>
		<rx_mcast>
			<start>1565</start>
			<end>1599</end>
		</rx_mcast>
		<tx_bytes>
			<start>2236806187974</start>
			<end>3174879752440</end>
		</tx_bytes>
		<tx_packets>
			<start>1656403876</start>
			<end>1902737410</end>
		</tx_packets>
		<tx_errors>
			<start>0</start>
			<end>0</end>
		</tx_errors>
		<tx_dropped>
			<start>0</start>
			<end>0</end>
		</tx_dropped>
		<tx_carrier>
			<start>0</start>
			<end>0</end>
		</tx_carrier>
		<tx_collisions>
			<start>0</start>
			<end>0</end>
		</tx_collisions>
	</ip_statistic>
	<netstat_statistic>
		<udp_pkg_rec>
			<start>485076354</start>
			<end>622056846</end>
		</udp_pkg_rec>
		<udp_pkg_snt>
			<start>1656708046</start>
			<end>1903051791</end>
		</udp_pkg_snt>
		<udp_rec_err>
			<start>146357355</start>
			<end>168593180</end>
		</udp_rec_err>
		<udp_rec_buf_err>
			<start>146357355</start>
			<end>168593180</end>
		</udp_rec_buf_err>
		<udp_snt_buf_err>
			<start>0</start>
			<end>0</end>
		</udp_snt_buf_err>
	</netstat_statistic>
</test_results>
