<?xml version="1.0"?>
<test_results>
	<status>STATUS_SUCCESS</status>
	<custom>
		<num_loss>1982391</num_loss>
		<num_total>2000001</num_total>
		<num_misses>54252</num_misses>
		<elapsed_time>123.243322</elapsed_time>
		<query>
			<report>
				<misses>10000</misses>
				<total>9635</total>
			</report>
			<report>
				<misses>20000</misses>
				<total>19634</total>
			</report>
			<report>
				<misses>30000</misses>
				<total>29633</total>
			</report>
			<report>
				<misses>40000</misses>
				<total>39632</total>
			</report>
			<report>
				<misses>50000</misses>
				<total>49631</total>
			</report>
			<report>
				<misses>60000</misses>
				<total>59630</total>
			</report>
			<report>
				<misses>70000</misses>
				<total>69629</total>
			</report>
			<report>
				<misses>80000</misses>
				<total>79628</total>
			</report>
			<report>
				<misses>90000</misses>
				<total>89627</total>
			</report>
			<report>
				<misses>100000</misses>
				<total>99626</total>
			</report>
			<report>
				<misses>110000</misses>
				<total>109625</total>
			</report>
			<report>
				<misses>120000</misses>
				<total>119624</total>
			</report>
			<report>
				<misses>130000</misses>
				<total>129623</total>
			</report>
			<report>
				<misses>140000</misses>
				<total>139622</total>
			</report>
			<report>
				<misses>150000</misses>
				<total>149621</total>
			</report>
			<report>
				<misses>160000</misses>
				<total>159620</total>
			</report>
			<report>
				<misses>170000</misses>
				<total>169619</total>
			</report>
			<report>
				<misses>180000</misses>
				<total>179618</total>
			</report>
			<report>
				<misses>190000</misses>
				<total>189617</total>
			</report>
			<report>
				<misses>200000</misses>
				<total>199616</total>
			</report>
			<report>
				<misses>210000</misses>
				<total>209615</total>
			</report>
			<report>
				<misses>220000</misses>
				<total>219614</total>
			</report>
			<report>
				<misses>230000</misses>
				<total>229613</total>
			</report>
			<report>
				<misses>240000</misses>
				<total>239612</total>
			</report>
			<report>
				<misses>250000</misses>
				<total>249611</total>
			</report>
			<report>
				<misses>260000</misses>
				<total>259610</total>
			</report>
			<report>
				<misses>270000</misses>
				<total>269609</total>
			</report>
			<report>
				<misses>280000</misses>
				<total>279608</total>
			</report>
			<report>
				<misses>290000</misses>
				<total>289607</total>
			</report>
			<report>
				<misses>300000</misses>
				<total>299606</total>
			</report>
			<report>
				<misses>310000</misses>
				<total>309605</total>
			</report>
			<report>
				<misses>320000</misses>
				<total>319604</total>
			</report>
			<report>
				<misses>330000</misses>
				<total>329603</total>
			</report>
			<report>
				<misses>340000</misses>
				<total>339602</total>
			</report>
			<report>
				<misses>350000</misses>
				<total>349601</total>
			</report>
			<report>
				<misses>360000</misses>
				<total>359600</total>
			</report>
			<report>
				<misses>370000</misses>
				<total>369599</total>
			</report>
			<report>
				<misses>380000</misses>
				<total>379598</total>
			</report>
			<report>
				<misses>390000</misses>
				<total>389597</total>
			</report>
			<report>
				<misses>400000</misses>
				<total>399596</total>
			</report>
			<report>
				<misses>410000</misses>
				<total>409595</total>
			</report>
			<report>
				<misses>420000</misses>
				<total>419594</total>
			</report>
			<report>
				<misses>430000</misses>
				<total>429593</total>
			</report>
			<report>
				<misses>440000</misses>
				<total>439592</total>
			</report>
			<report>
				<misses>450000</misses>
				<total>443723</total>
			</report>
			<report>
				<misses>460000</misses>
				<total>453555</total>
			</report>
			<report>
				<misses>470000</misses>
				<total>463554</total>
			</report>
			<report>
				<misses>480000</misses>
				<total>473553</total>
			</report>
			<report>
				<misses>490000</misses>
				<total>483552</total>
			</report>
			<report>
				<misses>500000</misses>
				<total>493551</total>
			</report>
			<report>
				<misses>510000</misses>
				<total>503550</total>
			</report>
			<report>
				<misses>520000</misses>
				<total>513549</total>
			</report>
			<report>
				<misses>530000</misses>
				<total>523548</total>
			</report>
			<report>
				<misses>540000</misses>
				<total>533547</total>
			</report>
			<report>
				<misses>550000</misses>
				<total>543546</total>
			</report>
			<report>
				<misses>560000</misses>
				<total>553545</total>
			</report>
			<report>
				<misses>570000</misses>
				<total>563544</total>
			</report>
			<report>
				<misses>580000</misses>
				<total>573543</total>
			</report>
			<report>
				<misses>590000</misses>
				<total>583542</total>
			</report>
			<report>
				<misses>600000</misses>
				<total>593541</total>
			</report>
			<report>
				<misses>610000</misses>
				<total>603540</total>
			</report>
			<report>
				<misses>620000</misses>
				<total>613539</total>
			</report>
			<report>
				<misses>630000</misses>
				<total>623538</total>
			</report>
			<report>
				<misses>640000</misses>
				<total>633537</total>
			</report>
			<report>
				<misses>650000</misses>
				<total>643536</total>
			</report>
			<report>
				<misses>660000</misses>
				<total>653535</total>
			</report>
			<report>
				<misses>670000</misses>
				<total>663534</total>
			</report>
			<report>
				<misses>680000</misses>
				<total>673533</total>
			</report>
			<report>
				<misses>690000</misses>
				<total>683532</total>
			</report>
			<report>
				<misses>700000</misses>
				<total>693531</total>
			</report>
			<report>
				<misses>710000</misses>
				<total>703530</total>
			</report>
			<report>
				<misses>720000</misses>
				<total>713529</total>
			</report>
			<report>
				<misses>730000</misses>
				<total>723528</total>
			</report>
			<report>
				<misses>740000</misses>
				<total>733527</total>
			</report>
			<report>
				<misses>750000</misses>
				<total>743526</total>
			</report>
			<report>
				<misses>760000</misses>
				<total>753525</total>
			</report>
			<report>
				<misses>770000</misses>
				<total>763524</total>
			</report>
			<report>
				<misses>780000</misses>
				<total>773523</total>
			</report>
			<report>
				<misses>790000</misses>
				<total>783522</total>
			</report>
			<report>
				<misses>800000</misses>
				<total>793521</total>
			</report>
			<report>
				<misses>810000</misses>
				<total>803520</total>
			</report>
			<report>
				<misses>820000</misses>
				<total>813519</total>
			</report>
			<report>
				<misses>830000</misses>
				<total>823518</total>
			</report>
			<report>
				<misses>840000</misses>
				<total>833517</total>
			</report>
			<report>
				<misses>850000</misses>
				<total>843516</total>
			</report>
			<report>
				<misses>860000</misses>
				<total>853515</total>
			</report>
			<report>
				<misses>870000</misses>
				<total>863514</total>
			</report>
			<report>
				<misses>880000</misses>
				<total>873513</total>
			</report>
			<report>
				<misses>890000</misses>
				<total>881647</total>
			</report>
			<report>
				<misses>900000</misses>
				<total>890107</total>
			</report>
			<report>
				<misses>910000</misses>
				<total>900106</total>
			</report>
			<report>
				<misses>920000</misses>
				<total>910105</total>
			</report>
			<report>
				<misses>930000</misses>
				<total>920104</total>
			</report>
			<report>
				<misses>940000</misses>
				<total>930103</total>
			</report>
			<report>
				<misses>950000</misses>
				<total>940102</total>
			</report>
			<report>
				<misses>960000</misses>
				<total>950101</total>
			</report>
			<report>
				<misses>970000</misses>
				<total>960100</total>
			</report>
			<report>
				<misses>980000</misses>
				<total>970099</total>
			</report>
			<report>
				<misses>990000</misses>
				<total>980098</total>
			</report>
			<report>
				<misses>1000000</misses>
				<total>990097</total>
			</report>
			<report>
				<misses>1010000</misses>
				<total>1000096</total>
			</report>
			<report>
				<misses>1020000</misses>
				<total>1010095</total>
			</report>
			<report>
				<misses>1030000</misses>
				<total>1020094</total>
			</report>
			<report>
				<misses>1040000</misses>
				<total>1030093</total>
			</report>
			<report>
				<misses>1050000</misses>
				<total>1040092</total>
			</report>
			<report>
				<misses>1060000</misses>
				<total>1050091</total>
			</report>
			<report>
				<misses>1070000</misses>
				<total>1060090</total>
			</report>
			<report>
				<misses>1080000</misses>
				<total>1070089</total>
			</report>
			<report>
				<misses>1090000</misses>
				<total>1080088</total>
			</report>
			<report>
				<misses>1100000</misses>
				<total>1090087</total>
			</report>
			<report>
				<misses>1110000</misses>
				<total>1100086</total>
			</report>
			<report>
				<misses>1120000</misses>
				<total>1110085</total>
			</report>
			<report>
				<misses>1130000</misses>
				<total>1120084</total>
			</report>
			<report>
				<misses>1140000</misses>
				<total>1130083</total>
			</report>
			<report>
				<misses>1150000</misses>
				<total>1140082</total>
			</report>
			<report>
				<misses>1160000</misses>
				<total>1150081</total>
			</report>
			<report>
				<misses>1170000</misses>
				<total>1160080</total>
			</report>
			<report>
				<misses>1180000</misses>
				<total>1170079</total>
			</report>
			<report>
				<misses>1190000</misses>
				<total>1180078</total>
			</report>
			<report>
				<misses>1200000</misses>
				<total>1190077</total>
			</report>
			<report>
				<misses>1210000</misses>
				<total>1200076</total>
			</report>
			<report>
				<misses>1220000</misses>
				<total>1210075</total>
			</report>
			<report>
				<misses>1230000</misses>
				<total>1220074</total>
			</report>
			<report>
				<misses>1240000</misses>
				<total>1230073</total>
			</report>
			<report>
				<misses>1250000</misses>
				<total>1240072</total>
			</report>
			<report>
				<misses>1260000</misses>
				<total>1250071</total>
			</report>
			<report>
				<misses>1270000</misses>
				<total>1260070</total>
			</report>
			<report>
				<misses>1280000</misses>
				<total>1270069</total>
			</report>
			<report>
				<misses>1290000</misses>
				<total>1280068</total>
			</report>
			<report>
				<misses>1300000</misses>
				<total>1290067</total>
			</report>
			<report>
				<misses>1310000</misses>
				<total>1300066</total>
			</report>
			<report>
				<misses>1320000</misses>
				<total>1310065</total>
			</report>
			<report>
				<misses>1330000</misses>
				<total>1317917</total>
			</report>
			<report>
				<misses>1340000</misses>
				<total>1324498</total>
			</report>
			<report>
				<misses>1350000</misses>
				<total>1334497</total>
			</report>
			<report>
				<misses>1360000</misses>
				<total>1344496</total>
			</report>
			<report>
				<misses>1370000</misses>
				<total>1354495</total>
			</report>
			<report>
				<misses>1380000</misses>
				<total>1364494</total>
			</report>
			<report>
				<misses>1390000</misses>
				<total>1374493</total>
			</report>
			<report>
				<misses>1400000</misses>
				<total>1384492</total>
			</report>
			<report>
				<misses>1410000</misses>
				<total>1394491</total>
			</report>
			<report>
				<misses>1420000</misses>
				<total>1404490</total>
			</report>
			<report>
				<misses>1430000</misses>
				<total>1414489</total>
			</report>
			<report>
				<misses>1440000</misses>
				<total>1424488</total>
			</report>
			<report>
				<misses>1450000</misses>
				<total>1434487</total>
			</report>
			<report>
				<misses>1460000</misses>
				<total>1444486</total>
			</report>
			<report>
				<misses>1470000</misses>
				<total>1454485</total>
			</report>
			<report>
				<misses>1480000</misses>
				<total>1464484</total>
			</report>
			<report>
				<misses>1490000</misses>
				<total>1474483</total>
			</report>
			<report>
				<misses>1500000</misses>
				<total>1484482</total>
			</report>
			<report>
				<misses>1510000</misses>
				<total>1494481</total>
			</report>
			<report>
				<misses>1520000</misses>
				<total>1504480</total>
			</report>
			<report>
				<misses>1530000</misses>
				<total>1514479</total>
			</report>
			<report>
				<misses>1540000</misses>
				<total>1524478</total>
			</report>
			<report>
				<misses>1550000</misses>
				<total>1534477</total>
			</report>
			<report>
				<misses>1560000</misses>
				<total>1544476</total>
			</report>
			<report>
				<misses>1570000</misses>
				<total>1554475</total>
			</report>
			<report>
				<misses>1580000</misses>
				<total>1564474</total>
			</report>
			<report>
				<misses>1590000</misses>
				<total>1574473</total>
			</report>
			<report>
				<misses>1600000</misses>
				<total>1584472</total>
			</report>
			<report>
				<misses>1610000</misses>
				<total>1594471</total>
			</report>
			<report>
				<misses>1620000</misses>
				<total>1604470</total>
			</report>
			<report>
				<misses>1630000</misses>
				<total>1614469</total>
			</report>
			<report>
				<misses>1640000</misses>
				<total>1624468</total>
			</report>
			<report>
				<misses>1650000</misses>
				<total>1634467</total>
			</report>
			<report>
				<misses>1660000</misses>
				<total>1644466</total>
			</report>
			<report>
				<misses>1670000</misses>
				<total>1654465</total>
			</report>
			<report>
				<misses>1680000</misses>
				<total>1664464</total>
			</report>
			<report>
				<misses>1690000</misses>
				<total>1674463</total>
			</report>
			<report>
				<misses>1700000</misses>
				<total>1684462</total>
			</report>
			<report>
				<misses>1710000</misses>
				<total>1694461</total>
			</report>
			<report>
				<misses>1720000</misses>
				<total>1704460</total>
			</report>
			<report>
				<misses>1730000</misses>
				<total>1714459</total>
			</report>
			<report>
				<misses>1740000</misses>
				<total>1724458</total>
			</report>
			<report>
				<misses>1750000</misses>
				<total>1734457</total>
			</report>
			<report>
				<misses>1760000</misses>
				<total>1744456</total>
			</report>
			<report>
				<misses>1770000</misses>
				<total>1754437</total>
			</report>
			<report>
				<misses>1780000</misses>
				<total>1762634</total>
			</report>
			<report>
				<misses>1790000</misses>
				<total>1772412</total>
			</report>
			<report>
				<misses>1800000</misses>
				<total>1782411</total>
			</report>
			<report>
				<misses>1810000</misses>
				<total>1792410</total>
			</report>
			<report>
				<misses>1820000</misses>
				<total>1802409</total>
			</report>
			<report>
				<misses>1830000</misses>
				<total>1812408</total>
			</report>
			<report>
				<misses>1840000</misses>
				<total>1822407</total>
			</report>
			<report>
				<misses>1850000</misses>
				<total>1832406</total>
			</report>
			<report>
				<misses>1860000</misses>
				<total>1842405</total>
			</report>
			<report>
				<misses>1870000</misses>
				<total>1852404</total>
			</report>
			<report>
				<misses>1880000</misses>
				<total>1862403</total>
			</report>
			<report>
				<misses>1890000</misses>
				<total>1872402</total>
			</report>
			<report>
				<misses>1900000</misses>
				<total>1882401</total>
			</report>
			<report>
				<misses>1910000</misses>
				<total>1892400</total>
			</report>
			<report>
				<misses>1920000</misses>
				<total>1902399</total>
			</report>
			<report>
				<misses>1930000</misses>
				<total>1912398</total>
			</report>
			<report>
				<misses>1940000</misses>
				<total>1922397</total>
			</report>
			<report>
				<misses>1950000</misses>
				<total>1932396</total>
			</report>
			<report>
				<misses>1960000</misses>
				<total>1942395</total>
			</report>
			<report>
				<misses>1970000</misses>
				<total>1952394</total>
			</report>
			<report>
				<misses>1980000</misses>
				<total>1962393</total>
			</report>
			<report>
				<misses>1990000</misses>
				<total>1972392</total>
			</report>
			<report>
				<misses>2000000</misses>
				<total>1982391</total>
			</report>
		</query>
	</custom>
	<ethtool_statistic>
		<rx_packets>
			<start>17156951361</start>
			<end>17162920411</end>
		</rx_packets>
		<tx_packets>
			<start>20116382987</start>
			<end>20135962079</end>
		</tx_packets>
		<rx_dropped>
			<start>63</start>
			<end>63</end>
		</rx_dropped>
		<tx_dropped>
			<start>0</start>
			<end>0</end>
		</tx_dropped>
		<collisions>
			<start>0</start>
			<end>0</end>
		</collisions>
		<port_tx_errors>
			<start>0</start>
			<end>0</end>
		</port_tx_errors>
		<port_rx_dropped>
			<start>0</start>
			<end>0</end>
		</port_rx_dropped>
		<port_tx_dropped_link_down>
			<start>0</start>
			<end>0</end>
		</port_tx_dropped_link_down>
	</ethtool_statistic>
	<ip_statistic>
		<mtu>
			<start>9000</start>
			<end>9000</end>
		</mtu>
		<rx_bytes>
			<start>154227857716148</start>
			<end>154281516430674</end>
		</rx_bytes>
		<rx_packets>
			<start>17156951481</start>
			<end>17162920486</end>
		</rx_packets>
		<rx_errors>
			<start>0</start>
			<end>0</end>
		</rx_errors>
		<rx_dropped>
			<start>69</start>
			<end>69</end>
		</rx_dropped>
		<rx_missed>
			<start>0</start>
			<end>0</end>
		</rx_missed>
		<rx_mcast>
			<start>12397</start>
			<end>12397</end>
		</rx_mcast>
		<tx_bytes>
			<start>136989975352929</start>
			<end>137152710359515</end>
		</tx_bytes>
		<tx_packets>
			<start>20116383045</start>
			<end>20135962134</end>
		</tx_packets>
		<tx_errors>
			<start>0</start>
			<end>0</end>
		</tx_errors>
		<tx_dropped>
			<start>0</start>
			<end>0</end>
		</tx_dropped>
		<tx_carrier>
			<start>0</start>
			<end>0</end>
		</tx_carrier>
		<tx_collisions>
			<start>0</start>
			<end>0</end>
		</tx_collisions>
	</ip_statistic>
	<netstat_statistic>
		<udp_pkg_rec>
			<start>16876536893</start>
			<end>16882377138</end>
		</udp_pkg_rec>
		<udp_pkg_snt>
			<start>16829585770</start>
			<end>16835166491</end>
		</udp_pkg_snt>
		<udp_rec_err>
			<start>282410908</start>
			<end>282539560</end>
		</udp_rec_err>
		<udp_rec_buf_err>
			<start>282410908</start>
			<end>282539560</end>
		</udp_rec_buf_err>
		<udp_snt_buf_err>
			<start>28</start>
			<end>28</end>
		</udp_snt_buf_err>
	</netstat_statistic>
</test_results>
