<?xml version="1.0"?>
<test_results>
	<status>STATUS_SUCCESS</status>
	<custom>
		<num_loss>28</num_loss>
		<num_total>18964054</num_total>
		<num_misses>1</num_misses>
		<elapsed_time>7199.134584</elapsed_time>
		<query>
			<report>
				<misses>1001</misses>
				<total>1</total>
				<timestamp>0.379820</timestamp>
			</report>
			<report>
				<misses>2001</misses>
				<total>1</total>
				<timestamp>0.759473</timestamp>
			</report>
			<report>
				<misses>3001</misses>
				<total>1</total>
				<timestamp>1.139060</timestamp>
			</report>
			<report>
				<misses>4001</misses>
				<total>1</total>
				<timestamp>1.518710</timestamp>
			</report>
			<report>
				<misses>5001</misses>
				<total>1</total>
				<timestamp>1.898324</timestamp>
			</report>
			<report>
				<misses>6001</misses>
				<total>1</total>
				<timestamp>2.277913</timestamp>
			</report>
			<report>
				<misses>7001</misses>
				<total>1</total>
				<timestamp>2.657543</timestamp>
			</report>
			<report>
				<misses>8001</misses>
				<total>1</total>
				<timestamp>3.037139</timestamp>
			</report>
			<report>
				<misses>9001</misses>
				<total>1</total>
				<timestamp>3.416774</timestamp>
			</report>
			<report>
				<misses>10001</misses>
				<total>1</total>
				<timestamp>3.796413</timestamp>
			</report>
			<report>
				<misses>11001</misses>
				<total>1</total>
				<timestamp>4.176000</timestamp>
			</report>
			<report>
				<misses>12001</misses>
				<total>1</total>
				<timestamp>4.555636</timestamp>
			</report>
			<report>
				<misses>13001</misses>
				<total>1</total>
				<timestamp>4.935302</timestamp>
			</report>
			<report>
				<misses>14001</misses>
				<total>1</total>
				<timestamp>5.314889</timestamp>
			</report>
			<report>
				<misses>15001</misses>
				<total>1</total>
				<timestamp>5.694556</timestamp>
			</report>
			<report>
				<misses>16001</misses>
				<total>1</total>
				<timestamp>6.074105</timestamp>
			</report>
			<report>
				<misses>17001</misses>
				<total>1</total>
				<timestamp>6.453774</timestamp>
			</report>
			<report>
				<misses>18001</misses>
				<total>1</total>
				<timestamp>6.833362</timestamp>
			</report>
			<report>
				<misses>19001</misses>
				<total>1</total>
				<timestamp>7.212964</timestamp>
			</report>
			<report>
				<misses>20001</misses>
				<total>1</total>
				<timestamp>7.592576</timestamp>
			</report>
			<report>
				<misses>21001</misses>
				<total>1</total>
				<timestamp>7.972216</timestamp>
			</report>
			<report>
				<misses>22001</misses>
				<total>1</total>
				<timestamp>8.351824</timestamp>
			</report>
			<report>
				<misses>23001</misses>
				<total>1</total>
				<timestamp>8.731448</timestamp>
			</report>
			<report>
				<misses>24001</misses>
				<total>1</total>
				<timestamp>9.111068</timestamp>
			</report>
			<report>
				<misses>25001</misses>
				<total>1</total>
				<timestamp>9.490707</timestamp>
			</report>
			<report>
				<misses>26001</misses>
				<total>1</total>
				<timestamp>9.870327</timestamp>
			</report>
			<report>
				<misses>27001</misses>
				<total>1</total>
				<timestamp>10.249919</timestamp>
			</report>
			<report>
				<misses>28001</misses>
				<total>1</total>
				<timestamp>10.629551</timestamp>
			</report>
			<report>
				<misses>29001</misses>
				<total>1</total>
				<timestamp>11.009152</timestamp>
			</report>
			<report>
				<misses>30001</misses>
				<total>1</total>
				<timestamp>11.388808</timestamp>
			</report>
			<report>
				<misses>31001</misses>
				<total>1</total>
				<timestamp>11.768441</timestamp>
			</report>
			<report>
				<misses>32001</misses>
				<total>1</total>
				<timestamp>12.148030</timestamp>
			</report>
			<report>
				<misses>33001</misses>
				<total>1</total>
				<timestamp>12.527704</timestamp>
			</report>
			<report>
				<misses>34001</misses>
				<total>1</total>
				<timestamp>12.907285</timestamp>
			</report>
			<report>
				<misses>35001</misses>
				<total>1</total>
				<timestamp>13.286880</timestamp>
			</report>
			<report>
				<misses>36001</misses>
				<total>1</total>
				<timestamp>13.666550</timestamp>
			</report>
			<report>
				<misses>37001</misses>
				<total>1</total>
				<timestamp>14.046164</timestamp>
			</report>
			<report>
				<misses>38001</misses>
				<total>1</total>
				<timestamp>14.425750</timestamp>
			</report>
			<report>
				<misses>39001</misses>
				<total>1</total>
				<timestamp>14.805402</timestamp>
			</report>
			<report>
				<misses>40001</misses>
				<total>1</total>
				<timestamp>15.184978</timestamp>
			</report>
			<report>
				<misses>41001</misses>
				<total>1</total>
				<timestamp>15.564623</timestamp>
			</report>
			<report>
				<misses>42001</misses>
				<total>1</total>
				<timestamp>15.944293</timestamp>
			</report>
			<report>
				<misses>43001</misses>
				<total>1</total>
				<timestamp>16.323830</timestamp>
			</report>
			<report>
				<misses>44001</misses>
				<total>1</total>
				<timestamp>16.703500</timestamp>
			</report>
			<report>
				<misses>45001</misses>
				<total>1</total>
				<timestamp>17.083121</timestamp>
			</report>
			<report>
				<misses>46001</misses>
				<total>1</total>
				<timestamp>17.462696</timestamp>
			</report>
			<report>
				<misses>47001</misses>
				<total>1</total>
				<timestamp>17.842329</timestamp>
			</report>
			<report>
				<misses>48001</misses>
				<total>1</total>
				<timestamp>18.221972</timestamp>
			</report>
			<report>
				<misses>49001</misses>
				<total>1</total>
				<timestamp>18.601603</timestamp>
			</report>
			<report>
				<misses>50001</misses>
				<total>1</total>
				<timestamp>18.981193</timestamp>
			</report>
			<report>
				<misses>51001</misses>
				<total>1</total>
				<timestamp>19.360795</timestamp>
			</report>
			<report>
				<misses>52001</misses>
				<total>1</total>
				<timestamp>19.740433</timestamp>
			</report>
			<report>
				<misses>53001</misses>
				<total>1</total>
				<timestamp>20.120059</timestamp>
			</report>
			<report>
				<misses>54001</misses>
				<total>1</total>
				<timestamp>20.499668</timestamp>
			</report>
			<report>
				<misses>55001</misses>
				<total>1</total>
				<timestamp>20.879348</timestamp>
			</report>
			<report>
				<misses>56001</misses>
				<total>1</total>
				<timestamp>21.258913</timestamp>
			</report>
			<report>
				<misses>57001</misses>
				<total>1</total>
				<timestamp>21.638525</timestamp>
			</report>
			<report>
				<misses>58001</misses>
				<total>1</total>
				<timestamp>22.018165</timestamp>
			</report>
			<report>
				<misses>59001</misses>
				<total>1</total>
				<timestamp>22.397765</timestamp>
			</report>
			<report>
				<misses>60001</misses>
				<total>1</total>
				<timestamp>22.777442</timestamp>
			</report>
			<report>
				<misses>61001</misses>
				<total>1</total>
				<timestamp>23.157003</timestamp>
			</report>
			<report>
				<misses>62001</misses>
				<total>1</total>
				<timestamp>23.536627</timestamp>
			</report>
			<report>
				<misses>63001</misses>
				<total>1</total>
				<timestamp>23.916259</timestamp>
			</report>
			<report>
				<misses>64001</misses>
				<total>1</total>
				<timestamp>24.295873</timestamp>
			</report>
			<report>
				<misses>65001</misses>
				<total>1</total>
				<timestamp>24.675537</timestamp>
			</report>
			<report>
				<misses>66001</misses>
				<total>1</total>
				<timestamp>25.055107</timestamp>
			</report>
			<report>
				<misses>67001</misses>
				<total>1</total>
				<timestamp>25.434726</timestamp>
			</report>
			<report>
				<misses>68001</misses>
				<total>1</total>
				<timestamp>25.814355</timestamp>
			</report>
			<report>
				<misses>69001</misses>
				<total>1</total>
				<timestamp>26.193965</timestamp>
			</report>
			<report>
				<misses>70001</misses>
				<total>1</total>
				<timestamp>26.573619</timestamp>
			</report>
			<report>
				<misses>71001</misses>
				<total>1</total>
				<timestamp>26.953233</timestamp>
			</report>
			<report>
				<misses>72001</misses>
				<total>1</total>
				<timestamp>27.332832</timestamp>
			</report>
			<report>
				<misses>73001</misses>
				<total>1</total>
				<timestamp>27.712470</timestamp>
			</report>
			<report>
				<misses>74001</misses>
				<total>1</total>
				<timestamp>28.092065</timestamp>
			</report>
			<report>
				<misses>75001</misses>
				<total>1</total>
				<timestamp>28.471681</timestamp>
			</report>
			<report>
				<misses>76001</misses>
				<total>1</total>
				<timestamp>28.851347</timestamp>
			</report>
			<report>
				<misses>77001</misses>
				<total>1</total>
				<timestamp>29.230939</timestamp>
			</report>
			<report>
				<misses>78001</misses>
				<total>1</total>
				<timestamp>29.610572</timestamp>
			</report>
			<report>
				<misses>79001</misses>
				<total>1</total>
				<timestamp>29.990183</timestamp>
			</report>
			<report>
				<misses>80001</misses>
				<total>1</total>
				<timestamp>30.369784</timestamp>
			</report>
			<report>
				<misses>81001</misses>
				<total>1</total>
				<timestamp>30.749455</timestamp>
			</report>
			<report>
				<misses>82001</misses>
				<total>1</total>
				<timestamp>31.129016</timestamp>
			</report>
			<report>
				<misses>83001</misses>
				<total>1</total>
				<timestamp>31.508643</timestamp>
			</report>
			<report>
				<misses>84001</misses>
				<total>1</total>
				<timestamp>31.888329</timestamp>
			</report>
			<report>
				<misses>85001</misses>
				<total>1</total>
				<timestamp>32.267890</timestamp>
			</report>
			<report>
				<misses>86001</misses>
				<total>1</total>
				<timestamp>32.647515</timestamp>
			</report>
			<report>
				<misses>87001</misses>
				<total>1</total>
				<timestamp>33.027163</timestamp>
			</report>
			<report>
				<misses>88001</misses>
				<total>1</total>
				<timestamp>33.406736</timestamp>
			</report>
			<report>
				<misses>89001</misses>
				<total>1</total>
				<timestamp>33.786396</timestamp>
			</report>
			<report>
				<misses>90001</misses>
				<total>1</total>
				<timestamp>34.165992</timestamp>
			</report>
			<report>
				<misses>91001</misses>
				<total>1</total>
				<timestamp>34.545624</timestamp>
			</report>
			<report>
				<misses>92001</misses>
				<total>1</total>
				<timestamp>34.925268</timestamp>
			</report>
			<report>
				<misses>93001</misses>
				<total>1</total>
				<timestamp>35.304841</timestamp>
			</report>
			<report>
				<misses>94001</misses>
				<total>1</total>
				<timestamp>35.684500</timestamp>
			</report>
			<report>
				<misses>95001</misses>
				<total>1</total>
				<timestamp>36.064107</timestamp>
			</report>
			<report>
				<misses>96001</misses>
				<total>1</total>
				<timestamp>36.443716</timestamp>
			</report>
			<report>
				<misses>97001</misses>
				<total>1</total>
				<timestamp>36.823368</timestamp>
			</report>
			<report>
				<misses>98001</misses>
				<total>1</total>
				<timestamp>37.202955</timestamp>
			</report>
			<report>
				<misses>99001</misses>
				<total>1</total>
				<timestamp>37.582561</timestamp>
			</report>
			<report>
				<misses>100001</misses>
				<total>1</total>
				<timestamp>37.962219</timestamp>
			</report>
			<report>
				<misses>101001</misses>
				<total>1</total>
				<timestamp>38.341817</timestamp>
			</report>
			<report>
				<misses>102001</misses>
				<total>1</total>
				<timestamp>38.721448</timestamp>
			</report>
			<report>
				<misses>103001</misses>
				<total>1</total>
				<timestamp>39.101041</timestamp>
			</report>
			<report>
				<misses>104001</misses>
				<total>1</total>
				<timestamp>39.480665</timestamp>
			</report>
			<report>
				<misses>105001</misses>
				<total>1</total>
				<timestamp>39.860291</timestamp>
			</report>
			<report>
				<misses>106001</misses>
				<total>1</total>
				<timestamp>40.239916</timestamp>
			</report>
			<report>
				<misses>107001</misses>
				<total>1</total>
				<timestamp>40.619527</timestamp>
			</report>
			<report>
				<misses>108001</misses>
				<total>1</total>
				<timestamp>40.999152</timestamp>
			</report>
			<report>
				<misses>109001</misses>
				<total>1</total>
				<timestamp>41.378773</timestamp>
			</report>
			<report>
				<misses>110001</misses>
				<total>1</total>
				<timestamp>41.758410</timestamp>
			</report>
			<report>
				<misses>111001</misses>
				<total>1</total>
				<timestamp>42.137996</timestamp>
			</report>
			<report>
				<misses>112001</misses>
				<total>1</total>
				<timestamp>42.517618</timestamp>
			</report>
			<report>
				<misses>113001</misses>
				<total>1</total>
				<timestamp>42.897276</timestamp>
			</report>
			<report>
				<misses>114001</misses>
				<total>1</total>
				<timestamp>43.276884</timestamp>
			</report>
			<report>
				<misses>115001</misses>
				<total>1</total>
				<timestamp>43.656492</timestamp>
			</report>
			<report>
				<misses>116001</misses>
				<total>1</total>
				<timestamp>44.036127</timestamp>
			</report>
			<report>
				<misses>117001</misses>
				<total>1</total>
				<timestamp>44.415719</timestamp>
			</report>
			<report>
				<misses>118001</misses>
				<total>1</total>
				<timestamp>44.795376</timestamp>
			</report>
			<report>
				<misses>119001</misses>
				<total>1</total>
				<timestamp>45.174985</timestamp>
			</report>
			<report>
				<misses>120001</misses>
				<total>1</total>
				<timestamp>45.554585</timestamp>
			</report>
			<report>
				<misses>121001</misses>
				<total>1</total>
				<timestamp>45.934247</timestamp>
			</report>
			<report>
				<misses>122001</misses>
				<total>1</total>
				<timestamp>46.313896</timestamp>
			</report>
			<report>
				<misses>123001</misses>
				<total>1</total>
				<timestamp>46.693475</timestamp>
			</report>
			<report>
				<misses>124001</misses>
				<total>1</total>
				<timestamp>47.073061</timestamp>
			</report>
			<report>
				<misses>125001</misses>
				<total>1</total>
				<timestamp>47.452669</timestamp>
			</report>
			<report>
				<misses>126001</misses>
				<total>1</total>
				<timestamp>47.832330</timestamp>
			</report>
			<report>
				<misses>127001</misses>
				<total>1</total>
				<timestamp>48.211938</timestamp>
			</report>
			<report>
				<misses>128001</misses>
				<total>1</total>
				<timestamp>48.591547</timestamp>
			</report>
			<report>
				<misses>129001</misses>
				<total>1</total>
				<timestamp>48.971156</timestamp>
			</report>
			<report>
				<misses>130001</misses>
				<total>1</total>
				<timestamp>49.350799</timestamp>
			</report>
			<report>
				<misses>131001</misses>
				<total>1</total>
				<timestamp>49.730414</timestamp>
			</report>
			<report>
				<misses>132001</misses>
				<total>1</total>
				<timestamp>50.110036</timestamp>
			</report>
			<report>
				<misses>133001</misses>
				<total>1</total>
				<timestamp>50.489635</timestamp>
			</report>
			<report>
				<misses>134001</misses>
				<total>1</total>
				<timestamp>50.869325</timestamp>
			</report>
			<report>
				<misses>135001</misses>
				<total>1</total>
				<timestamp>51.248883</timestamp>
			</report>
			<report>
				<misses>136001</misses>
				<total>1</total>
				<timestamp>51.628511</timestamp>
			</report>
			<report>
				<misses>137001</misses>
				<total>1</total>
				<timestamp>52.008117</timestamp>
			</report>
			<report>
				<misses>138001</misses>
				<total>1</total>
				<timestamp>52.387747</timestamp>
			</report>
			<report>
				<misses>139001</misses>
				<total>1</total>
				<timestamp>52.767383</timestamp>
			</report>
			<report>
				<misses>140001</misses>
				<total>1</total>
				<timestamp>53.146981</timestamp>
			</report>
			<report>
				<misses>141001</misses>
				<total>1</total>
				<timestamp>53.526618</timestamp>
			</report>
			<report>
				<misses>142001</misses>
				<total>1</total>
				<timestamp>53.906288</timestamp>
			</report>
			<report>
				<misses>143001</misses>
				<total>1</total>
				<timestamp>54.285837</timestamp>
			</report>
			<report>
				<misses>144001</misses>
				<total>1</total>
				<timestamp>54.665464</timestamp>
			</report>
			<report>
				<misses>145001</misses>
				<total>1</total>
				<timestamp>55.045087</timestamp>
			</report>
			<report>
				<misses>146001</misses>
				<total>1</total>
				<timestamp>55.424709</timestamp>
			</report>
			<report>
				<misses>147001</misses>
				<total>1</total>
				<timestamp>55.804348</timestamp>
			</report>
			<report>
				<misses>148001</misses>
				<total>1</total>
				<timestamp>56.183941</timestamp>
			</report>
			<report>
				<misses>149001</misses>
				<total>1</total>
				<timestamp>56.563585</timestamp>
			</report>
			<report>
				<misses>150001</misses>
				<total>1</total>
				<timestamp>56.943205</timestamp>
			</report>
			<report>
				<misses>151001</misses>
				<total>1</total>
				<timestamp>57.322803</timestamp>
			</report>
			<report>
				<misses>152001</misses>
				<total>1</total>
				<timestamp>57.702440</timestamp>
			</report>
			<report>
				<misses>153001</misses>
				<total>1</total>
				<timestamp>58.082079</timestamp>
			</report>
			<report>
				<misses>154001</misses>
				<total>1</total>
				<timestamp>58.461662</timestamp>
			</report>
			<report>
				<misses>155001</misses>
				<total>1</total>
				<timestamp>58.841319</timestamp>
			</report>
			<report>
				<misses>156001</misses>
				<total>1</total>
				<timestamp>59.220901</timestamp>
			</report>
			<report>
				<misses>157001</misses>
				<total>1</total>
				<timestamp>59.600528</timestamp>
			</report>
			<report>
				<misses>158001</misses>
				<total>1</total>
				<timestamp>59.980175</timestamp>
			</report>
			<report>
				<misses>159001</misses>
				<total>1</total>
				<timestamp>60.359769</timestamp>
			</report>
			<report>
				<misses>160001</misses>
				<total>1</total>
				<timestamp>60.739378</timestamp>
			</report>
			<report>
				<misses>161001</misses>
				<total>1</total>
				<timestamp>61.119000</timestamp>
			</report>
			<report>
				<misses>162001</misses>
				<total>1</total>
				<timestamp>61.498625</timestamp>
			</report>
			<report>
				<misses>163001</misses>
				<total>1</total>
				<timestamp>61.878264</timestamp>
			</report>
			<report>
				<misses>164001</misses>
				<total>1</total>
				<timestamp>62.257900</timestamp>
			</report>
			<report>
				<misses>165001</misses>
				<total>1</total>
				<timestamp>62.637483</timestamp>
			</report>
			<report>
				<misses>166001</misses>
				<total>1</total>
				<timestamp>63.017098</timestamp>
			</report>
			<report>
				<misses>167001</misses>
				<total>1</total>
				<timestamp>63.396735</timestamp>
			</report>
			<report>
				<misses>168001</misses>
				<total>1</total>
				<timestamp>63.776374</timestamp>
			</report>
			<report>
				<misses>169001</misses>
				<total>1</total>
				<timestamp>64.155963</timestamp>
			</report>
			<report>
				<misses>170001</misses>
				<total>1</total>
				<timestamp>64.535587</timestamp>
			</report>
			<report>
				<misses>171001</misses>
				<total>1</total>
				<timestamp>64.915217</timestamp>
			</report>
			<report>
				<misses>172001</misses>
				<total>1</total>
				<timestamp>65.294832</timestamp>
			</report>
			<report>
				<misses>173001</misses>
				<total>1</total>
				<timestamp>65.674448</timestamp>
			</report>
			<report>
				<misses>174001</misses>
				<total>1</total>
				<timestamp>66.054072</timestamp>
			</report>
			<report>
				<misses>175001</misses>
				<total>1</total>
				<timestamp>66.433683</timestamp>
			</report>
			<report>
				<misses>176001</misses>
				<total>1</total>
				<timestamp>66.813343</timestamp>
			</report>
			<report>
				<misses>177001</misses>
				<total>1</total>
				<timestamp>67.192920</timestamp>
			</report>
			<report>
				<misses>178001</misses>
				<total>1</total>
				<timestamp>67.572549</timestamp>
			</report>
			<report>
				<misses>179001</misses>
				<total>1</total>
				<timestamp>67.952172</timestamp>
			</report>
			<report>
				<misses>180001</misses>
				<total>1</total>
				<timestamp>68.331778</timestamp>
			</report>
			<report>
				<misses>181001</misses>
				<total>1</total>
				<timestamp>68.711450</timestamp>
			</report>
			<report>
				<misses>182001</misses>
				<total>1</total>
				<timestamp>69.091095</timestamp>
			</report>
			<report>
				<misses>183001</misses>
				<total>1</total>
				<timestamp>69.470647</timestamp>
			</report>
			<report>
				<misses>184001</misses>
				<total>1</total>
				<timestamp>69.850306</timestamp>
			</report>
			<report>
				<misses>185001</misses>
				<total>1</total>
				<timestamp>70.229904</timestamp>
			</report>
			<report>
				<misses>186001</misses>
				<total>1</total>
				<timestamp>70.609513</timestamp>
			</report>
			<report>
				<misses>187001</misses>
				<total>1</total>
				<timestamp>70.989167</timestamp>
			</report>
			<report>
				<misses>188001</misses>
				<total>1</total>
				<timestamp>71.368740</timestamp>
			</report>
			<report>
				<misses>189001</misses>
				<total>1</total>
				<timestamp>71.748385</timestamp>
			</report>
			<report>
				<misses>190001</misses>
				<total>1</total>
				<timestamp>72.127987</timestamp>
			</report>
			<report>
				<misses>191001</misses>
				<total>1</total>
				<timestamp>72.507615</timestamp>
			</report>
			<report>
				<misses>192001</misses>
				<total>1</total>
				<timestamp>72.887270</timestamp>
			</report>
			<report>
				<misses>193001</misses>
				<total>1</total>
				<timestamp>73.266850</timestamp>
			</report>
			<report>
				<misses>194001</misses>
				<total>1</total>
				<timestamp>73.646465</timestamp>
			</report>
			<report>
				<misses>195001</misses>
				<total>1</total>
				<timestamp>74.026118</timestamp>
			</report>
			<report>
				<misses>196001</misses>
				<total>1</total>
				<timestamp>74.405721</timestamp>
			</report>
			<report>
				<misses>197001</misses>
				<total>1</total>
				<timestamp>74.785374</timestamp>
			</report>
			<report>
				<misses>198001</misses>
				<total>1</total>
				<timestamp>75.165004</timestamp>
			</report>
			<report>
				<misses>199001</misses>
				<total>1</total>
				<timestamp>75.544554</timestamp>
			</report>
			<report>
				<misses>200001</misses>
				<total>1</total>
				<timestamp>75.924237</timestamp>
			</report>
			<report>
				<misses>201001</misses>
				<total>1</total>
				<timestamp>76.303808</timestamp>
			</report>
			<report>
				<misses>202001</misses>
				<total>1</total>
				<timestamp>76.683421</timestamp>
			</report>
			<report>
				<misses>203001</misses>
				<total>1</total>
				<timestamp>77.063090</timestamp>
			</report>
			<report>
				<misses>204001</misses>
				<total>1</total>
				<timestamp>77.442664</timestamp>
			</report>
			<report>
				<misses>205001</misses>
				<total>1</total>
				<timestamp>77.822327</timestamp>
			</report>
			<report>
				<misses>206001</misses>
				<total>1</total>
				<timestamp>78.201930</timestamp>
			</report>
			<report>
				<misses>207001</misses>
				<total>1</total>
				<timestamp>78.581528</timestamp>
			</report>
			<report>
				<misses>208001</misses>
				<total>1</total>
				<timestamp>78.961163</timestamp>
			</report>
			<report>
				<misses>209001</misses>
				<total>1</total>
				<timestamp>79.340760</timestamp>
			</report>
			<report>
				<misses>210001</misses>
				<total>1</total>
				<timestamp>79.720383</timestamp>
			</report>
			<report>
				<misses>211001</misses>
				<total>1</total>
				<timestamp>80.100050</timestamp>
			</report>
			<report>
				<misses>212001</misses>
				<total>1</total>
				<timestamp>80.479613</timestamp>
			</report>
			<report>
				<misses>213001</misses>
				<total>1</total>
				<timestamp>80.859306</timestamp>
			</report>
			<report>
				<misses>214001</misses>
				<total>1</total>
				<timestamp>81.238868</timestamp>
			</report>
			<report>
				<misses>215001</misses>
				<total>1</total>
				<timestamp>81.618474</timestamp>
			</report>
			<report>
				<misses>216001</misses>
				<total>1</total>
				<timestamp>81.998107</timestamp>
			</report>
			<report>
				<misses>217001</misses>
				<total>1</total>
				<timestamp>82.377725</timestamp>
			</report>
			<report>
				<misses>218001</misses>
				<total>1</total>
				<timestamp>82.757342</timestamp>
			</report>
			<report>
				<misses>219001</misses>
				<total>1</total>
				<timestamp>83.136988</timestamp>
			</report>
			<report>
				<misses>220001</misses>
				<total>1</total>
				<timestamp>83.516599</timestamp>
			</report>
			<report>
				<misses>221001</misses>
				<total>1</total>
				<timestamp>83.896230</timestamp>
			</report>
			<report>
				<misses>222001</misses>
				<total>1</total>
				<timestamp>84.275834</timestamp>
			</report>
			<report>
				<misses>223001</misses>
				<total>1</total>
				<timestamp>84.655471</timestamp>
			</report>
			<report>
				<misses>224001</misses>
				<total>1</total>
				<timestamp>85.035101</timestamp>
			</report>
			<report>
				<misses>225001</misses>
				<total>1</total>
				<timestamp>85.414666</timestamp>
			</report>
			<report>
				<misses>226001</misses>
				<total>1</total>
				<timestamp>85.794292</timestamp>
			</report>
			<report>
				<misses>227001</misses>
				<total>1</total>
				<timestamp>86.173912</timestamp>
			</report>
			<report>
				<misses>228001</misses>
				<total>1</total>
				<timestamp>86.553585</timestamp>
			</report>
			<report>
				<misses>229001</misses>
				<total>1</total>
				<timestamp>86.933220</timestamp>
			</report>
			<report>
				<misses>230001</misses>
				<total>1</total>
				<timestamp>87.312781</timestamp>
			</report>
			<report>
				<misses>231001</misses>
				<total>1</total>
				<timestamp>87.692430</timestamp>
			</report>
			<report>
				<misses>232001</misses>
				<total>1</total>
				<timestamp>88.072058</timestamp>
			</report>
			<report>
				<misses>233001</misses>
				<total>1</total>
				<timestamp>88.451637</timestamp>
			</report>
			<report>
				<misses>234001</misses>
				<total>1</total>
				<timestamp>88.831280</timestamp>
			</report>
			<report>
				<misses>235001</misses>
				<total>1</total>
				<timestamp>89.210919</timestamp>
			</report>
			<report>
				<misses>236001</misses>
				<total>1</total>
				<timestamp>89.590517</timestamp>
			</report>
			<report>
				<misses>237001</misses>
				<total>1</total>
				<timestamp>89.970137</timestamp>
			</report>
			<report>
				<misses>238001</misses>
				<total>1</total>
				<timestamp>90.349758</timestamp>
			</report>
			<report>
				<misses>239001</misses>
				<total>1</total>
				<timestamp>90.729405</timestamp>
			</report>
			<report>
				<misses>240001</misses>
				<total>1</total>
				<timestamp>91.109013</timestamp>
			</report>
			<report>
				<misses>241001</misses>
				<total>1</total>
				<timestamp>91.488602</timestamp>
			</report>
			<report>
				<misses>242001</misses>
				<total>1</total>
				<timestamp>91.868227</timestamp>
			</report>
			<report>
				<misses>243001</misses>
				<total>1</total>
				<timestamp>92.247857</timestamp>
			</report>
			<report>
				<misses>244001</misses>
				<total>1</total>
				<timestamp>92.627478</timestamp>
			</report>
			<report>
				<misses>245001</misses>
				<total>1</total>
				<timestamp>93.007109</timestamp>
			</report>
			<report>
				<misses>246001</misses>
				<total>1</total>
				<timestamp>93.386705</timestamp>
			</report>
			<report>
				<misses>247001</misses>
				<total>1</total>
				<timestamp>93.766353</timestamp>
			</report>
			<report>
				<misses>248001</misses>
				<total>1</total>
				<timestamp>94.146029</timestamp>
			</report>
			<report>
				<misses>249001</misses>
				<total>1</total>
				<timestamp>94.525551</timestamp>
			</report>
			<report>
				<misses>250001</misses>
				<total>1</total>
				<timestamp>94.905182</timestamp>
			</report>
			<report>
				<misses>251001</misses>
				<total>1</total>
				<timestamp>95.284840</timestamp>
			</report>
			<report>
				<misses>252001</misses>
				<total>1</total>
				<timestamp>95.664428</timestamp>
			</report>
			<report>
				<misses>253001</misses>
				<total>1</total>
				<timestamp>96.044103</timestamp>
			</report>
			<report>
				<misses>254001</misses>
				<total>1</total>
				<timestamp>96.423655</timestamp>
			</report>
			<report>
				<misses>255001</misses>
				<total>1</total>
				<timestamp>96.803285</timestamp>
			</report>
			<report>
				<misses>256001</misses>
				<total>1</total>
				<timestamp>97.182957</timestamp>
			</report>
			<report>
				<misses>257001</misses>
				<total>1</total>
				<timestamp>97.562515</timestamp>
			</report>
			<report>
				<misses>258001</misses>
				<total>1</total>
				<timestamp>97.942168</timestamp>
			</report>
			<report>
				<misses>259001</misses>
				<total>1</total>
				<timestamp>98.321767</timestamp>
			</report>
			<report>
				<misses>260001</misses>
				<total>1</total>
				<timestamp>98.701401</timestamp>
			</report>
			<report>
				<misses>261001</misses>
				<total>1</total>
				<timestamp>99.081008</timestamp>
			</report>
			<report>
				<misses>262001</misses>
				<total>1</total>
				<timestamp>99.460606</timestamp>
			</report>
			<report>
				<misses>263001</misses>
				<total>1</total>
				<timestamp>99.840279</timestamp>
			</report>
			<report>
				<misses>264001</misses>
				<total>1</total>
				<timestamp>100.219892</timestamp>
			</report>
			<report>
				<misses>265001</misses>
				<total>1</total>
				<timestamp>100.599484</timestamp>
			</report>
			<report>
				<misses>266001</misses>
				<total>1</total>
				<timestamp>100.979109</timestamp>
			</report>
			<report>
				<misses>267001</misses>
				<total>1</total>
				<timestamp>101.358774</timestamp>
			</report>
			<report>
				<misses>268001</misses>
				<total>1</total>
				<timestamp>101.738369</timestamp>
			</report>
			<report>
				<misses>269001</misses>
				<total>1</total>
				<timestamp>102.117957</timestamp>
			</report>
			<report>
				<misses>270001</misses>
				<total>1</total>
				<timestamp>102.497580</timestamp>
			</report>
			<report>
				<misses>271001</misses>
				<total>1</total>
				<timestamp>102.877233</timestamp>
			</report>
			<report>
				<misses>272001</misses>
				<total>1</total>
				<timestamp>103.256829</timestamp>
			</report>
			<report>
				<misses>273001</misses>
				<total>1</total>
				<timestamp>103.636478</timestamp>
			</report>
			<report>
				<misses>274001</misses>
				<total>1</total>
				<timestamp>104.016088</timestamp>
			</report>
			<report>
				<misses>275001</misses>
				<total>1</total>
				<timestamp>104.395738</timestamp>
			</report>
			<report>
				<misses>276001</misses>
				<total>1</total>
				<timestamp>104.775309</timestamp>
			</report>
			<report>
				<misses>277001</misses>
				<total>1</total>
				<timestamp>105.154945</timestamp>
			</report>
			<report>
				<misses>278001</misses>
				<total>1</total>
				<timestamp>105.534543</timestamp>
			</report>
			<report>
				<misses>279001</misses>
				<total>1</total>
				<timestamp>105.914165</timestamp>
			</report>
			<report>
				<misses>280001</misses>
				<total>1</total>
				<timestamp>106.293801</timestamp>
			</report>
			<report>
				<misses>281001</misses>
				<total>1</total>
				<timestamp>106.673402</timestamp>
			</report>
			<report>
				<misses>282001</misses>
				<total>1</total>
				<timestamp>107.053063</timestamp>
			</report>
			<report>
				<misses>283001</misses>
				<total>1</total>
				<timestamp>107.432686</timestamp>
			</report>
			<report>
				<misses>284001</misses>
				<total>1</total>
				<timestamp>107.812301</timestamp>
			</report>
			<report>
				<misses>285001</misses>
				<total>1</total>
				<timestamp>108.191918</timestamp>
			</report>
			<report>
				<misses>286001</misses>
				<total>1</total>
				<timestamp>108.571510</timestamp>
			</report>
			<report>
				<misses>287001</misses>
				<total>1</total>
				<timestamp>108.951138</timestamp>
			</report>
			<report>
				<misses>288001</misses>
				<total>1</total>
				<timestamp>109.330751</timestamp>
			</report>
			<report>
				<misses>289001</misses>
				<total>1</total>
				<timestamp>109.710380</timestamp>
			</report>
			<report>
				<misses>290001</misses>
				<total>1</total>
				<timestamp>110.090010</timestamp>
			</report>
			<report>
				<misses>291001</misses>
				<total>1</total>
				<timestamp>110.469603</timestamp>
			</report>
			<report>
				<misses>292001</misses>
				<total>1</total>
				<timestamp>110.849256</timestamp>
			</report>
			<report>
				<misses>293001</misses>
				<total>1</total>
				<timestamp>111.228867</timestamp>
			</report>
			<report>
				<misses>294001</misses>
				<total>1</total>
				<timestamp>111.608455</timestamp>
			</report>
			<report>
				<misses>295001</misses>
				<total>1</total>
				<timestamp>111.988081</timestamp>
			</report>
			<report>
				<misses>296001</misses>
				<total>1</total>
				<timestamp>112.367715</timestamp>
			</report>
			<report>
				<misses>297001</misses>
				<total>1</total>
				<timestamp>112.747333</timestamp>
			</report>
			<report>
				<misses>298001</misses>
				<total>1</total>
				<timestamp>113.126931</timestamp>
			</report>
			<report>
				<misses>299001</misses>
				<total>1</total>
				<timestamp>113.506605</timestamp>
			</report>
			<report>
				<misses>300001</misses>
				<total>1</total>
				<timestamp>113.886211</timestamp>
			</report>
			<report>
				<misses>301001</misses>
				<total>1</total>
				<timestamp>114.265880</timestamp>
			</report>
			<report>
				<misses>302001</misses>
				<total>1</total>
				<timestamp>114.645431</timestamp>
			</report>
			<report>
				<misses>303001</misses>
				<total>1</total>
				<timestamp>115.025033</timestamp>
			</report>
			<report>
				<misses>304001</misses>
				<total>1</total>
				<timestamp>115.404692</timestamp>
			</report>
			<report>
				<misses>305001</misses>
				<total>1</total>
				<timestamp>115.784292</timestamp>
			</report>
			<report>
				<misses>306001</misses>
				<total>1</total>
				<timestamp>116.163909</timestamp>
			</report>
			<report>
				<misses>307001</misses>
				<total>1</total>
				<timestamp>116.543533</timestamp>
			</report>
			<report>
				<misses>308001</misses>
				<total>1</total>
				<timestamp>116.923148</timestamp>
			</report>
			<report>
				<misses>309001</misses>
				<total>1</total>
				<timestamp>117.302876</timestamp>
			</report>
			<report>
				<misses>310001</misses>
				<total>1</total>
				<timestamp>117.682375</timestamp>
			</report>
			<report>
				<misses>311001</misses>
				<total>1</total>
				<timestamp>118.062020</timestamp>
			</report>
			<report>
				<misses>312001</misses>
				<total>1</total>
				<timestamp>118.441652</timestamp>
			</report>
			<report>
				<misses>313001</misses>
				<total>1</total>
				<timestamp>118.821276</timestamp>
			</report>
			<report>
				<misses>314001</misses>
				<total>1</total>
				<timestamp>119.200881</timestamp>
			</report>
			<report>
				<misses>315001</misses>
				<total>1</total>
				<timestamp>119.580498</timestamp>
			</report>
			<report>
				<misses>316001</misses>
				<total>1</total>
				<timestamp>119.960110</timestamp>
			</report>
			<report>
				<misses>317001</misses>
				<total>1</total>
				<timestamp>120.339748</timestamp>
			</report>
			<report>
				<misses>318001</misses>
				<total>1</total>
				<timestamp>120.719377</timestamp>
			</report>
			<report>
				<misses>319001</misses>
				<total>1</total>
				<timestamp>121.098993</timestamp>
			</report>
			<report>
				<misses>320001</misses>
				<total>1</total>
				<timestamp>121.478642</timestamp>
			</report>
			<report>
				<misses>321001</misses>
				<total>1</total>
				<timestamp>121.858226</timestamp>
			</report>
			<report>
				<misses>322001</misses>
				<total>1</total>
				<timestamp>122.237859</timestamp>
			</report>
			<report>
				<misses>323001</misses>
				<total>1</total>
				<timestamp>122.617448</timestamp>
			</report>
			<report>
				<misses>324001</misses>
				<total>1</total>
				<timestamp>122.997076</timestamp>
			</report>
			<report>
				<misses>325001</misses>
				<total>1</total>
				<timestamp>123.376676</timestamp>
			</report>
			<report>
				<misses>326001</misses>
				<total>1</total>
				<timestamp>123.756346</timestamp>
			</report>
			<report>
				<misses>327001</misses>
				<total>1</total>
				<timestamp>124.135955</timestamp>
			</report>
			<report>
				<misses>328001</misses>
				<total>1</total>
				<timestamp>124.515542</timestamp>
			</report>
			<report>
				<misses>329001</misses>
				<total>1</total>
				<timestamp>124.895162</timestamp>
			</report>
			<report>
				<misses>330001</misses>
				<total>1</total>
				<timestamp>125.274825</timestamp>
			</report>
			<report>
				<misses>331001</misses>
				<total>1</total>
				<timestamp>125.654391</timestamp>
			</report>
			<report>
				<misses>332001</misses>
				<total>1</total>
				<timestamp>126.034080</timestamp>
			</report>
			<report>
				<misses>333001</misses>
				<total>1</total>
				<timestamp>126.413632</timestamp>
			</report>
			<report>
				<misses>334001</misses>
				<total>1</total>
				<timestamp>126.793288</timestamp>
			</report>
			<report>
				<misses>335001</misses>
				<total>1</total>
				<timestamp>127.172918</timestamp>
			</report>
			<report>
				<misses>336001</misses>
				<total>1</total>
				<timestamp>127.552548</timestamp>
			</report>
			<report>
				<misses>337001</misses>
				<total>1</total>
				<timestamp>127.932116</timestamp>
			</report>
			<report>
				<misses>338001</misses>
				<total>1</total>
				<timestamp>128.311788</timestamp>
			</report>
			<report>
				<misses>339001</misses>
				<total>1</total>
				<timestamp>128.691372</timestamp>
			</report>
			<report>
				<misses>340001</misses>
				<total>1</total>
				<timestamp>129.070995</timestamp>
			</report>
			<report>
				<misses>341001</misses>
				<total>1</total>
				<timestamp>129.450624</timestamp>
			</report>
			<report>
				<misses>342001</misses>
				<total>1</total>
				<timestamp>129.830236</timestamp>
			</report>
			<report>
				<misses>343001</misses>
				<total>1</total>
				<timestamp>130.209897</timestamp>
			</report>
			<report>
				<misses>344001</misses>
				<total>1</total>
				<timestamp>130.589477</timestamp>
			</report>
			<report>
				<misses>345001</misses>
				<total>1</total>
				<timestamp>130.969076</timestamp>
			</report>
			<report>
				<misses>346001</misses>
				<total>1</total>
				<timestamp>131.348730</timestamp>
			</report>
			<report>
				<misses>347001</misses>
				<total>1</total>
				<timestamp>131.728327</timestamp>
			</report>
			<report>
				<misses>348001</misses>
				<total>1</total>
				<timestamp>132.107941</timestamp>
			</report>
			<report>
				<misses>349001</misses>
				<total>1</total>
				<timestamp>132.487595</timestamp>
			</report>
			<report>
				<misses>350001</misses>
				<total>1</total>
				<timestamp>132.867174</timestamp>
			</report>
			<report>
				<misses>351001</misses>
				<total>1</total>
				<timestamp>133.246849</timestamp>
			</report>
			<report>
				<misses>352001</misses>
				<total>1</total>
				<timestamp>133.626430</timestamp>
			</report>
			<report>
				<misses>353001</misses>
				<total>1</total>
				<timestamp>134.006063</timestamp>
			</report>
			<report>
				<misses>354001</misses>
				<total>1</total>
				<timestamp>134.385677</timestamp>
			</report>
			<report>
				<misses>355001</misses>
				<total>1</total>
				<timestamp>134.765296</timestamp>
			</report>
			<report>
				<misses>356001</misses>
				<total>1</total>
				<timestamp>135.144924</timestamp>
			</report>
			<report>
				<misses>357001</misses>
				<total>1</total>
				<timestamp>135.524558</timestamp>
			</report>
			<report>
				<misses>358001</misses>
				<total>1</total>
				<timestamp>135.904145</timestamp>
			</report>
			<report>
				<misses>359001</misses>
				<total>1</total>
				<timestamp>136.283783</timestamp>
			</report>
			<report>
				<misses>360001</misses>
				<total>1</total>
				<timestamp>136.663401</timestamp>
			</report>
			<report>
				<misses>361001</misses>
				<total>1</total>
				<timestamp>137.043006</timestamp>
			</report>
			<report>
				<misses>362001</misses>
				<total>1</total>
				<timestamp>137.422646</timestamp>
			</report>
			<report>
				<misses>363001</misses>
				<total>1</total>
				<timestamp>137.802291</timestamp>
			</report>
			<report>
				<misses>364001</misses>
				<total>1</total>
				<timestamp>138.181886</timestamp>
			</report>
			<report>
				<misses>365001</misses>
				<total>1</total>
				<timestamp>138.561475</timestamp>
			</report>
			<report>
				<misses>366001</misses>
				<total>1</total>
				<timestamp>138.941129</timestamp>
			</report>
			<report>
				<misses>367001</misses>
				<total>1</total>
				<timestamp>139.320761</timestamp>
			</report>
			<report>
				<misses>368001</misses>
				<total>1</total>
				<timestamp>139.700340</timestamp>
			</report>
			<report>
				<misses>369001</misses>
				<total>1</total>
				<timestamp>140.079956</timestamp>
			</report>
			<report>
				<misses>370001</misses>
				<total>1</total>
				<timestamp>140.459607</timestamp>
			</report>
			<report>
				<misses>371001</misses>
				<total>1</total>
				<timestamp>140.839214</timestamp>
			</report>
			<report>
				<misses>372001</misses>
				<total>1</total>
				<timestamp>141.218895</timestamp>
			</report>
			<report>
				<misses>373001</misses>
				<total>1</total>
				<timestamp>141.598461</timestamp>
			</report>
			<report>
				<misses>374001</misses>
				<total>1</total>
				<timestamp>141.978058</timestamp>
			</report>
			<report>
				<misses>375001</misses>
				<total>1</total>
				<timestamp>142.357752</timestamp>
			</report>
			<report>
				<misses>376001</misses>
				<total>1</total>
				<timestamp>142.737323</timestamp>
			</report>
			<report>
				<misses>377001</misses>
				<total>1</total>
				<timestamp>143.116935</timestamp>
			</report>
			<report>
				<misses>378001</misses>
				<total>1</total>
				<timestamp>143.496561</timestamp>
			</report>
			<report>
				<misses>379001</misses>
				<total>1</total>
				<timestamp>143.876155</timestamp>
			</report>
			<report>
				<misses>380001</misses>
				<total>1</total>
				<timestamp>144.255808</timestamp>
			</report>
			<report>
				<misses>381001</misses>
				<total>1</total>
				<timestamp>144.635419</timestamp>
			</report>
			<report>
				<misses>382001</misses>
				<total>1</total>
				<timestamp>145.015040</timestamp>
			</report>
			<report>
				<misses>383001</misses>
				<total>1</total>
				<timestamp>145.394713</timestamp>
			</report>
			<report>
				<misses>384001</misses>
				<total>1</total>
				<timestamp>145.774280</timestamp>
			</report>
			<report>
				<misses>385001</misses>
				<total>1</total>
				<timestamp>146.153878</timestamp>
			</report>
			<report>
				<misses>386001</misses>
				<total>1</total>
				<timestamp>146.533540</timestamp>
			</report>
			<report>
				<misses>387001</misses>
				<total>1</total>
				<timestamp>146.913122</timestamp>
			</report>
			<report>
				<misses>388001</misses>
				<total>1</total>
				<timestamp>147.292788</timestamp>
			</report>
			<report>
				<misses>389001</misses>
				<total>1</total>
				<timestamp>147.672374</timestamp>
			</report>
			<report>
				<misses>390001</misses>
				<total>1</total>
				<timestamp>148.052008</timestamp>
			</report>
			<report>
				<misses>391001</misses>
				<total>1</total>
				<timestamp>148.431616</timestamp>
			</report>
			<report>
				<misses>392001</misses>
				<total>1</total>
				<timestamp>148.811248</timestamp>
			</report>
			<report>
				<misses>393001</misses>
				<total>1</total>
				<timestamp>149.190837</timestamp>
			</report>
			<report>
				<misses>394001</misses>
				<total>1</total>
				<timestamp>149.570449</timestamp>
			</report>
			<report>
				<misses>395001</misses>
				<total>1</total>
				<timestamp>149.950069</timestamp>
			</report>
			<report>
				<misses>396001</misses>
				<total>1</total>
				<timestamp>150.329727</timestamp>
			</report>
			<report>
				<misses>397001</misses>
				<total>1</total>
				<timestamp>150.709376</timestamp>
			</report>
			<report>
				<misses>398001</misses>
				<total>1</total>
				<timestamp>151.088956</timestamp>
			</report>
			<report>
				<misses>399001</misses>
				<total>1</total>
				<timestamp>151.468613</timestamp>
			</report>
			<report>
				<misses>400001</misses>
				<total>1</total>
				<timestamp>151.848182</timestamp>
			</report>
			<report>
				<misses>401001</misses>
				<total>1</total>
				<timestamp>152.227797</timestamp>
			</report>
			<report>
				<misses>402001</misses>
				<total>1</total>
				<timestamp>152.607427</timestamp>
			</report>
			<report>
				<misses>403001</misses>
				<total>1</total>
				<timestamp>152.987046</timestamp>
			</report>
			<report>
				<misses>404001</misses>
				<total>1</total>
				<timestamp>153.366696</timestamp>
			</report>
			<report>
				<misses>405001</misses>
				<total>1</total>
				<timestamp>153.746279</timestamp>
			</report>
			<report>
				<misses>406001</misses>
				<total>1</total>
				<timestamp>154.125890</timestamp>
			</report>
			<report>
				<misses>407001</misses>
				<total>1</total>
				<timestamp>154.505544</timestamp>
			</report>
			<report>
				<misses>408001</misses>
				<total>1</total>
				<timestamp>154.885147</timestamp>
			</report>
			<report>
				<misses>409001</misses>
				<total>1</total>
				<timestamp>155.264807</timestamp>
			</report>
			<report>
				<misses>410001</misses>
				<total>1</total>
				<timestamp>155.644426</timestamp>
			</report>
			<report>
				<misses>411001</misses>
				<total>1</total>
				<timestamp>156.024006</timestamp>
			</report>
			<report>
				<misses>412001</misses>
				<total>1</total>
				<timestamp>156.403644</timestamp>
			</report>
			<report>
				<misses>413001</misses>
				<total>1</total>
				<timestamp>156.783278</timestamp>
			</report>
			<report>
				<misses>414001</misses>
				<total>1</total>
				<timestamp>157.162870</timestamp>
			</report>
			<report>
				<misses>415001</misses>
				<total>1</total>
				<timestamp>157.542537</timestamp>
			</report>
			<report>
				<misses>416001</misses>
				<total>1</total>
				<timestamp>157.922106</timestamp>
			</report>
			<report>
				<misses>417001</misses>
				<total>1</total>
				<timestamp>158.301761</timestamp>
			</report>
			<report>
				<misses>418001</misses>
				<total>1</total>
				<timestamp>158.681343</timestamp>
			</report>
			<report>
				<misses>419001</misses>
				<total>1</total>
				<timestamp>159.060974</timestamp>
			</report>
			<report>
				<misses>420001</misses>
				<total>1</total>
				<timestamp>159.440617</timestamp>
			</report>
			<report>
				<misses>421001</misses>
				<total>1</total>
				<timestamp>159.820214</timestamp>
			</report>
			<report>
				<misses>422001</misses>
				<total>1</total>
				<timestamp>160.199824</timestamp>
			</report>
			<report>
				<misses>423001</misses>
				<total>1</total>
				<timestamp>160.579456</timestamp>
			</report>
			<report>
				<misses>424001</misses>
				<total>1</total>
				<timestamp>160.959091</timestamp>
			</report>
			<report>
				<misses>425001</misses>
				<total>1</total>
				<timestamp>161.338715</timestamp>
			</report>
			<report>
				<misses>426001</misses>
				<total>1</total>
				<timestamp>161.718319</timestamp>
			</report>
			<report>
				<misses>427001</misses>
				<total>1</total>
				<timestamp>162.097942</timestamp>
			</report>
			<report>
				<misses>428001</misses>
				<total>1</total>
				<timestamp>162.477572</timestamp>
			</report>
			<report>
				<misses>429001</misses>
				<total>1</total>
				<timestamp>162.857160</timestamp>
			</report>
			<report>
				<misses>430001</misses>
				<total>1</total>
				<timestamp>163.236815</timestamp>
			</report>
			<report>
				<misses>431001</misses>
				<total>1</total>
				<timestamp>163.616431</timestamp>
			</report>
			<report>
				<misses>432001</misses>
				<total>1</total>
				<timestamp>163.996045</timestamp>
			</report>
			<report>
				<misses>433001</misses>
				<total>1</total>
				<timestamp>164.375656</timestamp>
			</report>
			<report>
				<misses>434001</misses>
				<total>1</total>
				<timestamp>164.755264</timestamp>
			</report>
			<report>
				<misses>435001</misses>
				<total>1</total>
				<timestamp>165.134879</timestamp>
			</report>
			<report>
				<misses>436001</misses>
				<total>1</total>
				<timestamp>165.514561</timestamp>
			</report>
			<report>
				<misses>437001</misses>
				<total>1</total>
				<timestamp>165.894131</timestamp>
			</report>
			<report>
				<misses>438001</misses>
				<total>1</total>
				<timestamp>166.273743</timestamp>
			</report>
			<report>
				<misses>439001</misses>
				<total>1</total>
				<timestamp>166.653379</timestamp>
			</report>
			<report>
				<misses>440001</misses>
				<total>1</total>
				<timestamp>167.032978</timestamp>
			</report>
			<report>
				<misses>441001</misses>
				<total>1</total>
				<timestamp>167.412616</timestamp>
			</report>
			<report>
				<misses>442001</misses>
				<total>1</total>
				<timestamp>167.792243</timestamp>
			</report>
			<report>
				<misses>443001</misses>
				<total>1</total>
				<timestamp>168.171841</timestamp>
			</report>
			<report>
				<misses>444001</misses>
				<total>1</total>
				<timestamp>168.551486</timestamp>
			</report>
			<report>
				<misses>445001</misses>
				<total>1</total>
				<timestamp>168.931074</timestamp>
			</report>
			<report>
				<misses>446001</misses>
				<total>1</total>
				<timestamp>169.310725</timestamp>
			</report>
			<report>
				<misses>447001</misses>
				<total>1</total>
				<timestamp>169.690321</timestamp>
			</report>
			<report>
				<misses>448001</misses>
				<total>1</total>
				<timestamp>170.069941</timestamp>
			</report>
			<report>
				<misses>449001</misses>
				<total>1</total>
				<timestamp>170.449570</timestamp>
			</report>
			<report>
				<misses>450001</misses>
				<total>1</total>
				<timestamp>170.829190</timestamp>
			</report>
			<report>
				<misses>451001</misses>
				<total>1</total>
				<timestamp>171.208793</timestamp>
			</report>
			<report>
				<misses>452001</misses>
				<total>1</total>
				<timestamp>171.588454</timestamp>
			</report>
			<report>
				<misses>453001</misses>
				<total>1</total>
				<timestamp>171.968037</timestamp>
			</report>
			<report>
				<misses>454001</misses>
				<total>1</total>
				<timestamp>172.347685</timestamp>
			</report>
			<report>
				<misses>455001</misses>
				<total>1</total>
				<timestamp>172.727340</timestamp>
			</report>
			<report>
				<misses>456001</misses>
				<total>1</total>
				<timestamp>173.106957</timestamp>
			</report>
			<report>
				<misses>457001</misses>
				<total>1</total>
				<timestamp>173.486542</timestamp>
			</report>
			<report>
				<misses>458001</misses>
				<total>1</total>
				<timestamp>173.866145</timestamp>
			</report>
			<report>
				<misses>459001</misses>
				<total>1</total>
				<timestamp>174.245781</timestamp>
			</report>
			<report>
				<misses>460001</misses>
				<total>1</total>
				<timestamp>174.625492</timestamp>
			</report>
			<report>
				<misses>461001</misses>
				<total>1</total>
				<timestamp>175.004994</timestamp>
			</report>
			<report>
				<misses>462001</misses>
				<total>1</total>
				<timestamp>175.384635</timestamp>
			</report>
			<report>
				<misses>463001</misses>
				<total>1</total>
				<timestamp>175.764268</timestamp>
			</report>
			<report>
				<misses>464001</misses>
				<total>1</total>
				<timestamp>176.143871</timestamp>
			</report>
			<report>
				<misses>465001</misses>
				<total>1</total>
				<timestamp>176.523531</timestamp>
			</report>
			<report>
				<misses>466001</misses>
				<total>1</total>
				<timestamp>176.903106</timestamp>
			</report>
			<report>
				<misses>467001</misses>
				<total>1</total>
				<timestamp>177.282724</timestamp>
			</report>
			<report>
				<misses>468001</misses>
				<total>1</total>
				<timestamp>177.662350</timestamp>
			</report>
			<report>
				<misses>469001</misses>
				<total>1</total>
				<timestamp>178.041965</timestamp>
			</report>
			<report>
				<misses>470001</misses>
				<total>1</total>
				<timestamp>178.421609</timestamp>
			</report>
			<report>
				<misses>471001</misses>
				<total>1</total>
				<timestamp>178.801263</timestamp>
			</report>
			<report>
				<misses>472001</misses>
				<total>1</total>
				<timestamp>179.180839</timestamp>
			</report>
			<report>
				<misses>473001</misses>
				<total>1</total>
				<timestamp>179.560487</timestamp>
			</report>
			<report>
				<misses>474001</misses>
				<total>1</total>
				<timestamp>179.940082</timestamp>
			</report>
			<report>
				<misses>475001</misses>
				<total>1</total>
				<timestamp>180.319676</timestamp>
			</report>
			<report>
				<misses>476001</misses>
				<total>1</total>
				<timestamp>180.699315</timestamp>
			</report>
			<report>
				<misses>477001</misses>
				<total>1</total>
				<timestamp>181.078931</timestamp>
			</report>
			<report>
				<misses>478001</misses>
				<total>1</total>
				<timestamp>181.458581</timestamp>
			</report>
			<report>
				<misses>479001</misses>
				<total>1</total>
				<timestamp>181.838178</timestamp>
			</report>
			<report>
				<misses>480001</misses>
				<total>1</total>
				<timestamp>182.217798</timestamp>
			</report>
			<report>
				<misses>481001</misses>
				<total>1</total>
				<timestamp>182.597480</timestamp>
			</report>
			<report>
				<misses>482001</misses>
				<total>1</total>
				<timestamp>182.977011</timestamp>
			</report>
			<report>
				<misses>483001</misses>
				<total>1</total>
				<timestamp>183.356692</timestamp>
			</report>
			<report>
				<misses>484001</misses>
				<total>1</total>
				<timestamp>183.736267</timestamp>
			</report>
			<report>
				<misses>485001</misses>
				<total>1</total>
				<timestamp>184.115885</timestamp>
			</report>
			<report>
				<misses>486001</misses>
				<total>1</total>
				<timestamp>184.495550</timestamp>
			</report>
			<report>
				<misses>487001</misses>
				<total>1</total>
				<timestamp>184.875111</timestamp>
			</report>
			<report>
				<misses>488001</misses>
				<total>1</total>
				<timestamp>185.254761</timestamp>
			</report>
			<report>
				<misses>489001</misses>
				<total>1</total>
				<timestamp>185.634443</timestamp>
			</report>
			<report>
				<misses>490001</misses>
				<total>1</total>
				<timestamp>186.013981</timestamp>
			</report>
			<report>
				<misses>491001</misses>
				<total>1</total>
				<timestamp>186.393600</timestamp>
			</report>
			<report>
				<misses>492001</misses>
				<total>1</total>
				<timestamp>186.773243</timestamp>
			</report>
			<report>
				<misses>493001</misses>
				<total>1</total>
				<timestamp>187.152855</timestamp>
			</report>
			<report>
				<misses>494001</misses>
				<total>1</total>
				<timestamp>187.532497</timestamp>
			</report>
			<report>
				<misses>495001</misses>
				<total>1</total>
				<timestamp>187.912092</timestamp>
			</report>
			<report>
				<misses>496001</misses>
				<total>1</total>
				<timestamp>188.291706</timestamp>
			</report>
			<report>
				<misses>497001</misses>
				<total>1</total>
				<timestamp>188.671332</timestamp>
			</report>
			<report>
				<misses>498001</misses>
				<total>1</total>
				<timestamp>189.050932</timestamp>
			</report>
			<report>
				<misses>499001</misses>
				<total>1</total>
				<timestamp>189.430545</timestamp>
			</report>
			<report>
				<misses>500001</misses>
				<total>1</total>
				<timestamp>189.810177</timestamp>
			</report>
			<report>
				<misses>501001</misses>
				<total>1</total>
				<timestamp>190.189889</timestamp>
			</report>
			<report>
				<misses>502001</misses>
				<total>1</total>
				<timestamp>190.569429</timestamp>
			</report>
			<report>
				<misses>503001</misses>
				<total>1</total>
				<timestamp>190.949084</timestamp>
			</report>
			<report>
				<misses>504001</misses>
				<total>1</total>
				<timestamp>191.328675</timestamp>
			</report>
			<report>
				<misses>505001</misses>
				<total>1</total>
				<timestamp>191.708368</timestamp>
			</report>
			<report>
				<misses>506001</misses>
				<total>1</total>
				<timestamp>192.087930</timestamp>
			</report>
			<report>
				<misses>507001</misses>
				<total>1</total>
				<timestamp>192.467567</timestamp>
			</report>
			<report>
				<misses>508001</misses>
				<total>1</total>
				<timestamp>192.847145</timestamp>
			</report>
			<report>
				<misses>509001</misses>
				<total>1</total>
				<timestamp>193.226769</timestamp>
			</report>
			<report>
				<misses>510001</misses>
				<total>1</total>
				<timestamp>193.606423</timestamp>
			</report>
			<report>
				<misses>511001</misses>
				<total>1</total>
				<timestamp>193.986009</timestamp>
			</report>
			<report>
				<misses>512001</misses>
				<total>1</total>
				<timestamp>194.365623</timestamp>
			</report>
			<report>
				<misses>513001</misses>
				<total>1</total>
				<timestamp>194.745277</timestamp>
			</report>
			<report>
				<misses>514001</misses>
				<total>1</total>
				<timestamp>195.124883</timestamp>
			</report>
			<report>
				<misses>515001</misses>
				<total>1</total>
				<timestamp>195.504494</timestamp>
			</report>
			<report>
				<misses>516001</misses>
				<total>1</total>
				<timestamp>195.884093</timestamp>
			</report>
			<report>
				<misses>517001</misses>
				<total>1</total>
				<timestamp>196.263749</timestamp>
			</report>
			<report>
				<misses>518001</misses>
				<total>1</total>
				<timestamp>196.643416</timestamp>
			</report>
			<report>
				<misses>519001</misses>
				<total>1</total>
				<timestamp>197.022983</timestamp>
			</report>
			<report>
				<misses>520001</misses>
				<total>1</total>
				<timestamp>197.402578</timestamp>
			</report>
			<report>
				<misses>521001</misses>
				<total>1</total>
				<timestamp>197.782201</timestamp>
			</report>
			<report>
				<misses>522001</misses>
				<total>1</total>
				<timestamp>198.161843</timestamp>
			</report>
			<report>
				<misses>523001</misses>
				<total>1</total>
				<timestamp>198.541498</timestamp>
			</report>
			<report>
				<misses>524001</misses>
				<total>1</total>
				<timestamp>198.921091</timestamp>
			</report>
			<report>
				<misses>525001</misses>
				<total>1</total>
				<timestamp>199.300709</timestamp>
			</report>
			<report>
				<misses>526001</misses>
				<total>1</total>
				<timestamp>199.680366</timestamp>
			</report>
			<report>
				<misses>527001</misses>
				<total>1</total>
				<timestamp>200.059940</timestamp>
			</report>
			<report>
				<misses>528001</misses>
				<total>1</total>
				<timestamp>200.439583</timestamp>
			</report>
			<report>
				<misses>529001</misses>
				<total>1</total>
				<timestamp>200.819164</timestamp>
			</report>
			<report>
				<misses>530001</misses>
				<total>1</total>
				<timestamp>201.198796</timestamp>
			</report>
			<report>
				<misses>531001</misses>
				<total>1</total>
				<timestamp>201.578438</timestamp>
			</report>
			<report>
				<misses>532001</misses>
				<total>1</total>
				<timestamp>201.958011</timestamp>
			</report>
			<report>
				<misses>533001</misses>
				<total>1</total>
				<timestamp>202.337642</timestamp>
			</report>
			<report>
				<misses>534001</misses>
				<total>1</total>
				<timestamp>202.717331</timestamp>
			</report>
			<report>
				<misses>535001</misses>
				<total>1</total>
				<timestamp>203.096915</timestamp>
			</report>
			<report>
				<misses>536001</misses>
				<total>1</total>
				<timestamp>203.476524</timestamp>
			</report>
			<report>
				<misses>537001</misses>
				<total>1</total>
				<timestamp>203.856123</timestamp>
			</report>
			<report>
				<misses>538001</misses>
				<total>1</total>
				<timestamp>204.235749</timestamp>
			</report>
			<report>
				<misses>539001</misses>
				<total>1</total>
				<timestamp>204.615410</timestamp>
			</report>
			<report>
				<misses>540001</misses>
				<total>1</total>
				<timestamp>204.994990</timestamp>
			</report>
			<report>
				<misses>541001</misses>
				<total>1</total>
				<timestamp>205.374611</timestamp>
			</report>
			<report>
				<misses>542001</misses>
				<total>1</total>
				<timestamp>205.754295</timestamp>
			</report>
			<report>
				<misses>543001</misses>
				<total>1</total>
				<timestamp>206.133851</timestamp>
			</report>
			<report>
				<misses>544001</misses>
				<total>1</total>
				<timestamp>206.513513</timestamp>
			</report>
			<report>
				<misses>545001</misses>
				<total>1</total>
				<timestamp>206.893087</timestamp>
			</report>
			<report>
				<misses>546001</misses>
				<total>1</total>
				<timestamp>207.272706</timestamp>
			</report>
			<report>
				<misses>547001</misses>
				<total>1</total>
				<timestamp>207.652341</timestamp>
			</report>
			<report>
				<misses>548001</misses>
				<total>1</total>
				<timestamp>208.031944</timestamp>
			</report>
			<report>
				<misses>549001</misses>
				<total>1</total>
				<timestamp>208.411575</timestamp>
			</report>
			<report>
				<misses>550001</misses>
				<total>1</total>
				<timestamp>208.791195</timestamp>
			</report>
			<report>
				<misses>551001</misses>
				<total>1</total>
				<timestamp>209.170810</timestamp>
			</report>
			<report>
				<misses>552001</misses>
				<total>1</total>
				<timestamp>209.550430</timestamp>
			</report>
			<report>
				<misses>553001</misses>
				<total>1</total>
				<timestamp>209.930035</timestamp>
			</report>
			<report>
				<misses>554001</misses>
				<total>1</total>
				<timestamp>210.309671</timestamp>
			</report>
			<report>
				<misses>555001</misses>
				<total>1</total>
				<timestamp>210.689290</timestamp>
			</report>
			<report>
				<misses>556001</misses>
				<total>1</total>
				<timestamp>211.068917</timestamp>
			</report>
			<report>
				<misses>557001</misses>
				<total>1</total>
				<timestamp>211.448521</timestamp>
			</report>
			<report>
				<misses>558001</misses>
				<total>1</total>
				<timestamp>211.828172</timestamp>
			</report>
			<report>
				<misses>559001</misses>
				<total>1</total>
				<timestamp>212.207765</timestamp>
			</report>
			<report>
				<misses>560001</misses>
				<total>1</total>
				<timestamp>212.587431</timestamp>
			</report>
			<report>
				<misses>561001</misses>
				<total>1</total>
				<timestamp>212.966997</timestamp>
			</report>
			<report>
				<misses>562001</misses>
				<total>1</total>
				<timestamp>213.346612</timestamp>
			</report>
			<report>
				<misses>563001</misses>
				<total>1</total>
				<timestamp>213.726298</timestamp>
			</report>
			<report>
				<misses>564001</misses>
				<total>1</total>
				<timestamp>214.105858</timestamp>
			</report>
			<report>
				<misses>565001</misses>
				<total>1</total>
				<timestamp>214.485477</timestamp>
			</report>
			<report>
				<misses>566001</misses>
				<total>1</total>
				<timestamp>214.865102</timestamp>
			</report>
			<report>
				<misses>567001</misses>
				<total>1</total>
				<timestamp>215.244717</timestamp>
			</report>
			<report>
				<misses>568001</misses>
				<total>1</total>
				<timestamp>215.624378</timestamp>
			</report>
			<report>
				<misses>569001</misses>
				<total>1</total>
				<timestamp>216.003957</timestamp>
			</report>
			<report>
				<misses>570001</misses>
				<total>1</total>
				<timestamp>216.383617</timestamp>
			</report>
			<report>
				<misses>571001</misses>
				<total>1</total>
				<timestamp>216.763270</timestamp>
			</report>
			<report>
				<misses>572001</misses>
				<total>1</total>
				<timestamp>217.142825</timestamp>
			</report>
			<report>
				<misses>573001</misses>
				<total>1</total>
				<timestamp>217.522500</timestamp>
			</report>
			<report>
				<misses>574001</misses>
				<total>1</total>
				<timestamp>217.902055</timestamp>
			</report>
			<report>
				<misses>575001</misses>
				<total>1</total>
				<timestamp>218.281685</timestamp>
			</report>
			<report>
				<misses>576001</misses>
				<total>1</total>
				<timestamp>218.661313</timestamp>
			</report>
			<report>
				<misses>577001</misses>
				<total>1</total>
				<timestamp>219.040940</timestamp>
			</report>
			<report>
				<misses>578001</misses>
				<total>1</total>
				<timestamp>219.420607</timestamp>
			</report>
			<report>
				<misses>579001</misses>
				<total>1</total>
				<timestamp>219.800200</timestamp>
			</report>
			<report>
				<misses>580001</misses>
				<total>1</total>
				<timestamp>220.179795</timestamp>
			</report>
			<report>
				<misses>581001</misses>
				<total>1</total>
				<timestamp>220.559399</timestamp>
			</report>
			<report>
				<misses>582001</misses>
				<total>1</total>
				<timestamp>220.939027</timestamp>
			</report>
			<report>
				<misses>583001</misses>
				<total>1</total>
				<timestamp>221.318627</timestamp>
			</report>
			<report>
				<misses>584001</misses>
				<total>1</total>
				<timestamp>221.698270</timestamp>
			</report>
			<report>
				<misses>585001</misses>
				<total>1</total>
				<timestamp>222.077887</timestamp>
			</report>
			<report>
				<misses>586001</misses>
				<total>1</total>
				<timestamp>222.457497</timestamp>
			</report>
			<report>
				<misses>587001</misses>
				<total>1</total>
				<timestamp>222.837200</timestamp>
			</report>
			<report>
				<misses>588001</misses>
				<total>1</total>
				<timestamp>223.216763</timestamp>
			</report>
			<report>
				<misses>589001</misses>
				<total>1</total>
				<timestamp>223.596376</timestamp>
			</report>
			<report>
				<misses>590001</misses>
				<total>1</total>
				<timestamp>223.976000</timestamp>
			</report>
			<report>
				<misses>591001</misses>
				<total>1</total>
				<timestamp>224.355597</timestamp>
			</report>
			<report>
				<misses>592001</misses>
				<total>1</total>
				<timestamp>224.735263</timestamp>
			</report>
			<report>
				<misses>593001</misses>
				<total>1</total>
				<timestamp>225.114837</timestamp>
			</report>
			<report>
				<misses>594001</misses>
				<total>1</total>
				<timestamp>225.494510</timestamp>
			</report>
			<report>
				<misses>595001</misses>
				<total>1</total>
				<timestamp>225.874152</timestamp>
			</report>
			<report>
				<misses>596001</misses>
				<total>1</total>
				<timestamp>226.253741</timestamp>
			</report>
			<report>
				<misses>597001</misses>
				<total>1</total>
				<timestamp>226.633334</timestamp>
			</report>
			<report>
				<misses>598001</misses>
				<total>1</total>
				<timestamp>227.012940</timestamp>
			</report>
			<report>
				<misses>599001</misses>
				<total>1</total>
				<timestamp>227.392565</timestamp>
			</report>
			<report>
				<misses>600001</misses>
				<total>1</total>
				<timestamp>227.772205</timestamp>
			</report>
			<report>
				<misses>601001</misses>
				<total>1</total>
				<timestamp>228.151786</timestamp>
			</report>
			<report>
				<misses>602001</misses>
				<total>1</total>
				<timestamp>228.531430</timestamp>
			</report>
			<report>
				<misses>603001</misses>
				<total>1</total>
				<timestamp>228.911033</timestamp>
			</report>
			<report>
				<misses>604001</misses>
				<total>1</total>
				<timestamp>229.290670</timestamp>
			</report>
			<report>
				<misses>605001</misses>
				<total>1</total>
				<timestamp>229.670337</timestamp>
			</report>
			<report>
				<misses>606001</misses>
				<total>1</total>
				<timestamp>230.049902</timestamp>
			</report>
			<report>
				<misses>607001</misses>
				<total>1</total>
				<timestamp>230.429552</timestamp>
			</report>
			<report>
				<misses>608001</misses>
				<total>1</total>
				<timestamp>230.809189</timestamp>
			</report>
			<report>
				<misses>609001</misses>
				<total>1</total>
				<timestamp>231.188753</timestamp>
			</report>
			<report>
				<misses>610001</misses>
				<total>1</total>
				<timestamp>231.568396</timestamp>
			</report>
			<report>
				<misses>611001</misses>
				<total>1</total>
				<timestamp>231.948012</timestamp>
			</report>
			<report>
				<misses>612001</misses>
				<total>1</total>
				<timestamp>232.327633</timestamp>
			</report>
			<report>
				<misses>613001</misses>
				<total>1</total>
				<timestamp>232.707265</timestamp>
			</report>
			<report>
				<misses>614001</misses>
				<total>1</total>
				<timestamp>233.086854</timestamp>
			</report>
			<report>
				<misses>615001</misses>
				<total>1</total>
				<timestamp>233.466495</timestamp>
			</report>
			<report>
				<misses>616001</misses>
				<total>1</total>
				<timestamp>233.846143</timestamp>
			</report>
			<report>
				<misses>617001</misses>
				<total>1</total>
				<timestamp>234.225711</timestamp>
			</report>
			<report>
				<misses>618001</misses>
				<total>1</total>
				<timestamp>234.605374</timestamp>
			</report>
			<report>
				<misses>619001</misses>
				<total>1</total>
				<timestamp>234.984974</timestamp>
			</report>
			<report>
				<misses>620001</misses>
				<total>1</total>
				<timestamp>235.364637</timestamp>
			</report>
			<report>
				<misses>621001</misses>
				<total>1</total>
				<timestamp>235.744235</timestamp>
			</report>
			<report>
				<misses>622001</misses>
				<total>1</total>
				<timestamp>236.123895</timestamp>
			</report>
			<report>
				<misses>623001</misses>
				<total>1</total>
				<timestamp>236.503446</timestamp>
			</report>
			<report>
				<misses>624001</misses>
				<total>1</total>
				<timestamp>236.883116</timestamp>
			</report>
			<report>
				<misses>625001</misses>
				<total>1</total>
				<timestamp>237.262706</timestamp>
			</report>
			<report>
				<misses>626001</misses>
				<total>1</total>
				<timestamp>237.642315</timestamp>
			</report>
			<report>
				<misses>627001</misses>
				<total>1</total>
				<timestamp>238.021916</timestamp>
			</report>
			<report>
				<misses>628001</misses>
				<total>1</total>
				<timestamp>238.401556</timestamp>
			</report>
			<report>
				<misses>629001</misses>
				<total>1</total>
				<timestamp>238.781156</timestamp>
			</report>
			<report>
				<misses>630001</misses>
				<total>1</total>
				<timestamp>239.160823</timestamp>
			</report>
			<report>
				<misses>631001</misses>
				<total>1</total>
				<timestamp>239.540388</timestamp>
			</report>
			<report>
				<misses>632001</misses>
				<total>1</total>
				<timestamp>239.920040</timestamp>
			</report>
			<report>
				<misses>633001</misses>
				<total>1</total>
				<timestamp>240.299637</timestamp>
			</report>
			<report>
				<misses>634001</misses>
				<total>1</total>
				<timestamp>240.679274</timestamp>
			</report>
			<report>
				<misses>635001</misses>
				<total>1</total>
				<timestamp>241.058927</timestamp>
			</report>
			<report>
				<misses>636001</misses>
				<total>1</total>
				<timestamp>241.438502</timestamp>
			</report>
			<report>
				<misses>637001</misses>
				<total>1</total>
				<timestamp>241.818157</timestamp>
			</report>
			<report>
				<misses>638001</misses>
				<total>1</total>
				<timestamp>242.197736</timestamp>
			</report>
			<report>
				<misses>639001</misses>
				<total>1</total>
				<timestamp>242.577404</timestamp>
			</report>
			<report>
				<misses>640001</misses>
				<total>1</total>
				<timestamp>242.956986</timestamp>
			</report>
			<report>
				<misses>641001</misses>
				<total>1</total>
				<timestamp>243.336595</timestamp>
			</report>
			<report>
				<misses>642001</misses>
				<total>1</total>
				<timestamp>243.716263</timestamp>
			</report>
			<report>
				<misses>643001</misses>
				<total>1</total>
				<timestamp>244.095845</timestamp>
			</report>
			<report>
				<misses>644001</misses>
				<total>1</total>
				<timestamp>244.475499</timestamp>
			</report>
			<report>
				<misses>645001</misses>
				<total>1</total>
				<timestamp>244.855114</timestamp>
			</report>
			<report>
				<misses>646001</misses>
				<total>1</total>
				<timestamp>245.234693</timestamp>
			</report>
			<report>
				<misses>647001</misses>
				<total>1</total>
				<timestamp>245.614336</timestamp>
			</report>
			<report>
				<misses>648001</misses>
				<total>1</total>
				<timestamp>245.993939</timestamp>
			</report>
			<report>
				<misses>649001</misses>
				<total>1</total>
				<timestamp>246.373587</timestamp>
			</report>
			<report>
				<misses>650001</misses>
				<total>1</total>
				<timestamp>246.753224</timestamp>
			</report>
			<report>
				<misses>651001</misses>
				<total>1</total>
				<timestamp>247.132802</timestamp>
			</report>
			<report>
				<misses>652001</misses>
				<total>1</total>
				<timestamp>247.512413</timestamp>
			</report>
			<report>
				<misses>653001</misses>
				<total>1</total>
				<timestamp>247.892085</timestamp>
			</report>
			<report>
				<misses>654001</misses>
				<total>1</total>
				<timestamp>248.271681</timestamp>
			</report>
			<report>
				<misses>655001</misses>
				<total>1</total>
				<timestamp>248.651308</timestamp>
			</report>
			<report>
				<misses>656001</misses>
				<total>1</total>
				<timestamp>249.030894</timestamp>
			</report>
			<report>
				<misses>657001</misses>
				<total>1</total>
				<timestamp>249.410533</timestamp>
			</report>
			<report>
				<misses>658001</misses>
				<total>1</total>
				<timestamp>249.790181</timestamp>
			</report>
			<report>
				<misses>659001</misses>
				<total>1</total>
				<timestamp>250.169765</timestamp>
			</report>
			<report>
				<misses>660001</misses>
				<total>1</total>
				<timestamp>250.549391</timestamp>
			</report>
			<report>
				<misses>661001</misses>
				<total>1</total>
				<timestamp>250.929045</timestamp>
			</report>
			<report>
				<misses>662001</misses>
				<total>1</total>
				<timestamp>251.308628</timestamp>
			</report>
			<report>
				<misses>663001</misses>
				<total>1</total>
				<timestamp>251.688245</timestamp>
			</report>
			<report>
				<misses>664001</misses>
				<total>1</total>
				<timestamp>252.067872</timestamp>
			</report>
			<report>
				<misses>665001</misses>
				<total>1</total>
				<timestamp>252.447497</timestamp>
			</report>
			<report>
				<misses>666001</misses>
				<total>1</total>
				<timestamp>252.827121</timestamp>
			</report>
			<report>
				<misses>667001</misses>
				<total>1</total>
				<timestamp>253.206713</timestamp>
			</report>
			<report>
				<misses>668001</misses>
				<total>1</total>
				<timestamp>253.586375</timestamp>
			</report>
			<report>
				<misses>669001</misses>
				<total>1</total>
				<timestamp>253.965978</timestamp>
			</report>
			<report>
				<misses>670001</misses>
				<total>1</total>
				<timestamp>254.345579</timestamp>
			</report>
			<report>
				<misses>671001</misses>
				<total>1</total>
				<timestamp>254.725239</timestamp>
			</report>
			<report>
				<misses>672001</misses>
				<total>1</total>
				<timestamp>255.104872</timestamp>
			</report>
			<report>
				<misses>673001</misses>
				<total>1</total>
				<timestamp>255.484482</timestamp>
			</report>
			<report>
				<misses>674001</misses>
				<total>1</total>
				<timestamp>255.864107</timestamp>
			</report>
			<report>
				<misses>675001</misses>
				<total>1</total>
				<timestamp>256.243710</timestamp>
			</report>
			<report>
				<misses>676001</misses>
				<total>1</total>
				<timestamp>256.623306</timestamp>
			</report>
			<report>
				<misses>677001</misses>
				<total>1</total>
				<timestamp>257.002962</timestamp>
			</report>
			<report>
				<misses>678001</misses>
				<total>1</total>
				<timestamp>257.382583</timestamp>
			</report>
			<report>
				<misses>679001</misses>
				<total>1</total>
				<timestamp>257.762217</timestamp>
			</report>
			<report>
				<misses>680001</misses>
				<total>1</total>
				<timestamp>258.141789</timestamp>
			</report>
			<report>
				<misses>681001</misses>
				<total>1</total>
				<timestamp>258.521416</timestamp>
			</report>
			<report>
				<misses>682001</misses>
				<total>1</total>
				<timestamp>258.901037</timestamp>
			</report>
			<report>
				<misses>683001</misses>
				<total>1</total>
				<timestamp>259.280661</timestamp>
			</report>
			<report>
				<misses>684001</misses>
				<total>1</total>
				<timestamp>259.660274</timestamp>
			</report>
			<report>
				<misses>685001</misses>
				<total>1</total>
				<timestamp>260.039898</timestamp>
			</report>
			<report>
				<misses>686001</misses>
				<total>1</total>
				<timestamp>260.419510</timestamp>
			</report>
			<report>
				<misses>687001</misses>
				<total>1</total>
				<timestamp>260.799137</timestamp>
			</report>
			<report>
				<misses>688001</misses>
				<total>1</total>
				<timestamp>261.178750</timestamp>
			</report>
			<report>
				<misses>689001</misses>
				<total>1</total>
				<timestamp>261.558406</timestamp>
			</report>
			<report>
				<misses>690001</misses>
				<total>1</total>
				<timestamp>261.938014</timestamp>
			</report>
			<report>
				<misses>691001</misses>
				<total>1</total>
				<timestamp>262.317617</timestamp>
			</report>
			<report>
				<misses>692001</misses>
				<total>1</total>
				<timestamp>262.697235</timestamp>
			</report>
			<report>
				<misses>693001</misses>
				<total>1</total>
				<timestamp>263.076853</timestamp>
			</report>
			<report>
				<misses>694001</misses>
				<total>1</total>
				<timestamp>263.456491</timestamp>
			</report>
			<report>
				<misses>695001</misses>
				<total>1</total>
				<timestamp>263.836112</timestamp>
			</report>
			<report>
				<misses>696001</misses>
				<total>1</total>
				<timestamp>264.215713</timestamp>
			</report>
			<report>
				<misses>697001</misses>
				<total>1</total>
				<timestamp>264.595330</timestamp>
			</report>
			<report>
				<misses>698001</misses>
				<total>1</total>
				<timestamp>264.974977</timestamp>
			</report>
			<report>
				<misses>699001</misses>
				<total>1</total>
				<timestamp>265.354555</timestamp>
			</report>
			<report>
				<misses>700001</misses>
				<total>1</total>
				<timestamp>265.734189</timestamp>
			</report>
			<report>
				<misses>701001</misses>
				<total>1</total>
				<timestamp>266.113799</timestamp>
			</report>
			<report>
				<misses>702001</misses>
				<total>1</total>
				<timestamp>266.493440</timestamp>
			</report>
			<report>
				<misses>703001</misses>
				<total>1</total>
				<timestamp>266.873084</timestamp>
			</report>
			<report>
				<misses>704001</misses>
				<total>1</total>
				<timestamp>267.252663</timestamp>
			</report>
			<report>
				<misses>705001</misses>
				<total>1</total>
				<timestamp>267.632305</timestamp>
			</report>
			<report>
				<misses>706001</misses>
				<total>1</total>
				<timestamp>268.011941</timestamp>
			</report>
			<report>
				<misses>707001</misses>
				<total>1</total>
				<timestamp>268.391510</timestamp>
			</report>
			<report>
				<misses>708001</misses>
				<total>1</total>
				<timestamp>268.771135</timestamp>
			</report>
			<report>
				<misses>709001</misses>
				<total>1</total>
				<timestamp>269.150767</timestamp>
			</report>
			<report>
				<misses>710001</misses>
				<total>1</total>
				<timestamp>269.530377</timestamp>
			</report>
			<report>
				<misses>711001</misses>
				<total>1</total>
				<timestamp>269.910016</timestamp>
			</report>
			<report>
				<misses>712001</misses>
				<total>1</total>
				<timestamp>270.289621</timestamp>
			</report>
			<report>
				<misses>713001</misses>
				<total>1</total>
				<timestamp>270.669248</timestamp>
			</report>
			<report>
				<misses>714001</misses>
				<total>1</total>
				<timestamp>271.048903</timestamp>
			</report>
			<report>
				<misses>715001</misses>
				<total>1</total>
				<timestamp>271.428480</timestamp>
			</report>
			<report>
				<misses>716001</misses>
				<total>1</total>
				<timestamp>271.808119</timestamp>
			</report>
			<report>
				<misses>717001</misses>
				<total>1</total>
				<timestamp>272.187774</timestamp>
			</report>
			<report>
				<misses>718001</misses>
				<total>1</total>
				<timestamp>272.567358</timestamp>
			</report>
			<report>
				<misses>719001</misses>
				<total>1</total>
				<timestamp>272.947003</timestamp>
			</report>
			<report>
				<misses>720001</misses>
				<total>1</total>
				<timestamp>273.326596</timestamp>
			</report>
			<report>
				<misses>721001</misses>
				<total>1</total>
				<timestamp>273.706224</timestamp>
			</report>
			<report>
				<misses>722001</misses>
				<total>1</total>
				<timestamp>274.085888</timestamp>
			</report>
			<report>
				<misses>723001</misses>
				<total>1</total>
				<timestamp>274.465451</timestamp>
			</report>
			<report>
				<misses>724001</misses>
				<total>1</total>
				<timestamp>274.845078</timestamp>
			</report>
			<report>
				<misses>725001</misses>
				<total>1</total>
				<timestamp>275.224686</timestamp>
			</report>
			<report>
				<misses>726001</misses>
				<total>1</total>
				<timestamp>275.604308</timestamp>
			</report>
			<report>
				<misses>727001</misses>
				<total>1</total>
				<timestamp>275.983953</timestamp>
			</report>
			<report>
				<misses>728001</misses>
				<total>1</total>
				<timestamp>276.363560</timestamp>
			</report>
			<report>
				<misses>729001</misses>
				<total>1</total>
				<timestamp>276.743166</timestamp>
			</report>
			<report>
				<misses>730001</misses>
				<total>1</total>
				<timestamp>277.122816</timestamp>
			</report>
			<report>
				<misses>731001</misses>
				<total>1</total>
				<timestamp>277.502429</timestamp>
			</report>
			<report>
				<misses>732001</misses>
				<total>1</total>
				<timestamp>277.882012</timestamp>
			</report>
			<report>
				<misses>733001</misses>
				<total>1</total>
				<timestamp>278.261640</timestamp>
			</report>
			<report>
				<misses>734001</misses>
				<total>1</total>
				<timestamp>278.641287</timestamp>
			</report>
			<report>
				<misses>735001</misses>
				<total>1</total>
				<timestamp>279.020895</timestamp>
			</report>
			<report>
				<misses>736001</misses>
				<total>1</total>
				<timestamp>279.400509</timestamp>
			</report>
			<report>
				<misses>737001</misses>
				<total>1</total>
				<timestamp>279.780140</timestamp>
			</report>
			<report>
				<misses>738001</misses>
				<total>1</total>
				<timestamp>280.159727</timestamp>
			</report>
			<report>
				<misses>739001</misses>
				<total>1</total>
				<timestamp>280.539353</timestamp>
			</report>
			<report>
				<misses>740001</misses>
				<total>1</total>
				<timestamp>280.918980</timestamp>
			</report>
			<report>
				<misses>741001</misses>
				<total>1</total>
				<timestamp>281.298612</timestamp>
			</report>
			<report>
				<misses>742001</misses>
				<total>1</total>
				<timestamp>281.678234</timestamp>
			</report>
			<report>
				<misses>743001</misses>
				<total>1</total>
				<timestamp>282.057889</timestamp>
			</report>
			<report>
				<misses>744001</misses>
				<total>1</total>
				<timestamp>282.437454</timestamp>
			</report>
			<report>
				<misses>745001</misses>
				<total>1</total>
				<timestamp>282.817115</timestamp>
			</report>
			<report>
				<misses>746001</misses>
				<total>1</total>
				<timestamp>283.196700</timestamp>
			</report>
			<report>
				<misses>747001</misses>
				<total>1</total>
				<timestamp>283.576329</timestamp>
			</report>
			<report>
				<misses>748001</misses>
				<total>1</total>
				<timestamp>283.955936</timestamp>
			</report>
			<report>
				<misses>749001</misses>
				<total>1</total>
				<timestamp>284.335563</timestamp>
			</report>
			<report>
				<misses>750001</misses>
				<total>1</total>
				<timestamp>284.715182</timestamp>
			</report>
			<report>
				<misses>751001</misses>
				<total>1</total>
				<timestamp>285.094830</timestamp>
			</report>
			<report>
				<misses>752001</misses>
				<total>1</total>
				<timestamp>285.474424</timestamp>
			</report>
			<report>
				<misses>753001</misses>
				<total>1</total>
				<timestamp>285.854024</timestamp>
			</report>
			<report>
				<misses>754001</misses>
				<total>1</total>
				<timestamp>286.233670</timestamp>
			</report>
			<report>
				<misses>755001</misses>
				<total>1</total>
				<timestamp>286.613303</timestamp>
			</report>
			<report>
				<misses>756001</misses>
				<total>1</total>
				<timestamp>286.992937</timestamp>
			</report>
			<report>
				<misses>757001</misses>
				<total>1</total>
				<timestamp>287.372507</timestamp>
			</report>
			<report>
				<misses>758001</misses>
				<total>1</total>
				<timestamp>287.752135</timestamp>
			</report>
			<report>
				<misses>759001</misses>
				<total>1</total>
				<timestamp>288.131771</timestamp>
			</report>
			<report>
				<misses>760001</misses>
				<total>1</total>
				<timestamp>288.511382</timestamp>
			</report>
			<report>
				<misses>761001</misses>
				<total>1</total>
				<timestamp>288.890990</timestamp>
			</report>
			<report>
				<misses>762001</misses>
				<total>1</total>
				<timestamp>289.270616</timestamp>
			</report>
			<report>
				<misses>763001</misses>
				<total>1</total>
				<timestamp>289.650253</timestamp>
			</report>
			<report>
				<misses>764001</misses>
				<total>1</total>
				<timestamp>290.029903</timestamp>
			</report>
			<report>
				<misses>765001</misses>
				<total>1</total>
				<timestamp>290.409481</timestamp>
			</report>
			<report>
				<misses>766001</misses>
				<total>1</total>
				<timestamp>290.789104</timestamp>
			</report>
			<report>
				<misses>767001</misses>
				<total>1</total>
				<timestamp>291.168747</timestamp>
			</report>
			<report>
				<misses>768001</misses>
				<total>1</total>
				<timestamp>291.548371</timestamp>
			</report>
			<report>
				<misses>769001</misses>
				<total>1</total>
				<timestamp>291.927995</timestamp>
			</report>
			<report>
				<misses>770001</misses>
				<total>1</total>
				<timestamp>292.307596</timestamp>
			</report>
			<report>
				<misses>771001</misses>
				<total>1</total>
				<timestamp>292.687216</timestamp>
			</report>
			<report>
				<misses>772001</misses>
				<total>1</total>
				<timestamp>293.066858</timestamp>
			</report>
			<report>
				<misses>773001</misses>
				<total>1</total>
				<timestamp>293.446444</timestamp>
			</report>
			<report>
				<misses>774001</misses>
				<total>1</total>
				<timestamp>293.826063</timestamp>
			</report>
			<report>
				<misses>775001</misses>
				<total>1</total>
				<timestamp>294.205691</timestamp>
			</report>
			<report>
				<misses>776001</misses>
				<total>1</total>
				<timestamp>294.585304</timestamp>
			</report>
			<report>
				<misses>777001</misses>
				<total>1</total>
				<timestamp>294.964920</timestamp>
			</report>
			<report>
				<misses>778001</misses>
				<total>1</total>
				<timestamp>295.344534</timestamp>
			</report>
			<report>
				<misses>779001</misses>
				<total>1</total>
				<timestamp>295.724179</timestamp>
			</report>
			<report>
				<misses>780001</misses>
				<total>1</total>
				<timestamp>296.103798</timestamp>
			</report>
			<report>
				<misses>781001</misses>
				<total>1</total>
				<timestamp>296.483399</timestamp>
			</report>
			<report>
				<misses>782001</misses>
				<total>1</total>
				<timestamp>296.863060</timestamp>
			</report>
			<report>
				<misses>783001</misses>
				<total>1</total>
				<timestamp>297.242643</timestamp>
			</report>
			<report>
				<misses>784001</misses>
				<total>1</total>
				<timestamp>297.622288</timestamp>
			</report>
			<report>
				<misses>785001</misses>
				<total>1</total>
				<timestamp>298.001898</timestamp>
			</report>
			<report>
				<misses>786001</misses>
				<total>1</total>
				<timestamp>298.381553</timestamp>
			</report>
			<report>
				<misses>787001</misses>
				<total>1</total>
				<timestamp>298.761136</timestamp>
			</report>
			<report>
				<misses>788001</misses>
				<total>1</total>
				<timestamp>299.140782</timestamp>
			</report>
			<report>
				<misses>789001</misses>
				<total>1</total>
				<timestamp>299.520439</timestamp>
			</report>
			<report>
				<misses>790001</misses>
				<total>1</total>
				<timestamp>299.899984</timestamp>
			</report>
			<report>
				<misses>791001</misses>
				<total>1</total>
				<timestamp>300.279603</timestamp>
			</report>
			<report>
				<misses>792001</misses>
				<total>1</total>
				<timestamp>300.659273</timestamp>
			</report>
			<report>
				<misses>793001</misses>
				<total>1</total>
				<timestamp>301.038893</timestamp>
			</report>
			<report>
				<misses>794001</misses>
				<total>1</total>
				<timestamp>301.418481</timestamp>
			</report>
			<report>
				<misses>795001</misses>
				<total>1</total>
				<timestamp>301.798092</timestamp>
			</report>
			<report>
				<misses>796001</misses>
				<total>1</total>
				<timestamp>302.177725</timestamp>
			</report>
			<report>
				<misses>797001</misses>
				<total>1</total>
				<timestamp>302.557322</timestamp>
			</report>
			<report>
				<misses>798001</misses>
				<total>1</total>
				<timestamp>302.936949</timestamp>
			</report>
			<report>
				<misses>799001</misses>
				<total>1</total>
				<timestamp>303.316575</timestamp>
			</report>
			<report>
				<misses>800001</misses>
				<total>1</total>
				<timestamp>303.696194</timestamp>
			</report>
			<report>
				<misses>801001</misses>
				<total>1</total>
				<timestamp>304.075841</timestamp>
			</report>
			<report>
				<misses>802001</misses>
				<total>1</total>
				<timestamp>304.455428</timestamp>
			</report>
			<report>
				<misses>803001</misses>
				<total>1</total>
				<timestamp>304.835029</timestamp>
			</report>
			<report>
				<misses>804001</misses>
				<total>1</total>
				<timestamp>305.214693</timestamp>
			</report>
			<report>
				<misses>805001</misses>
				<total>1</total>
				<timestamp>305.594305</timestamp>
			</report>
			<report>
				<misses>806001</misses>
				<total>1</total>
				<timestamp>305.973918</timestamp>
			</report>
			<report>
				<misses>807001</misses>
				<total>1</total>
				<timestamp>306.353570</timestamp>
			</report>
			<report>
				<misses>808001</misses>
				<total>1</total>
				<timestamp>306.733143</timestamp>
			</report>
			<report>
				<misses>809001</misses>
				<total>1</total>
				<timestamp>307.112790</timestamp>
			</report>
			<report>
				<misses>810001</misses>
				<total>1</total>
				<timestamp>307.492390</timestamp>
			</report>
			<report>
				<misses>811001</misses>
				<total>1</total>
				<timestamp>307.872014</timestamp>
			</report>
			<report>
				<misses>812001</misses>
				<total>1</total>
				<timestamp>308.251663</timestamp>
			</report>
			<report>
				<misses>813001</misses>
				<total>1</total>
				<timestamp>308.631307</timestamp>
			</report>
			<report>
				<misses>814001</misses>
				<total>1</total>
				<timestamp>309.010870</timestamp>
			</report>
			<report>
				<misses>815001</misses>
				<total>1</total>
				<timestamp>309.390488</timestamp>
			</report>
			<report>
				<misses>816001</misses>
				<total>1</total>
				<timestamp>309.770104</timestamp>
			</report>
			<report>
				<misses>817001</misses>
				<total>1</total>
				<timestamp>310.149755</timestamp>
			</report>
			<report>
				<misses>818001</misses>
				<total>1</total>
				<timestamp>310.529353</timestamp>
			</report>
			<report>
				<misses>819001</misses>
				<total>1</total>
				<timestamp>310.908963</timestamp>
			</report>
			<report>
				<misses>820001</misses>
				<total>1</total>
				<timestamp>311.288619</timestamp>
			</report>
			<report>
				<misses>821001</misses>
				<total>1</total>
				<timestamp>311.668207</timestamp>
			</report>
			<report>
				<misses>822001</misses>
				<total>1</total>
				<timestamp>312.047821</timestamp>
			</report>
			<report>
				<misses>823001</misses>
				<total>1</total>
				<timestamp>312.427451</timestamp>
			</report>
			<report>
				<misses>824001</misses>
				<total>1</total>
				<timestamp>312.807081</timestamp>
			</report>
			<report>
				<misses>825001</misses>
				<total>1</total>
				<timestamp>313.186690</timestamp>
			</report>
			<report>
				<misses>826001</misses>
				<total>1</total>
				<timestamp>313.566482</timestamp>
			</report>
			<report>
				<misses>827001</misses>
				<total>1</total>
				<timestamp>313.945913</timestamp>
			</report>
			<report>
				<misses>828001</misses>
				<total>1</total>
				<timestamp>314.325566</timestamp>
			</report>
			<report>
				<misses>829001</misses>
				<total>1</total>
				<timestamp>314.705170</timestamp>
			</report>
			<report>
				<misses>830001</misses>
				<total>1</total>
				<timestamp>315.084833</timestamp>
			</report>
			<report>
				<misses>831001</misses>
				<total>1</total>
				<timestamp>315.464433</timestamp>
			</report>
			<report>
				<misses>832001</misses>
				<total>1</total>
				<timestamp>315.844049</timestamp>
			</report>
			<report>
				<misses>833001</misses>
				<total>1</total>
				<timestamp>316.223680</timestamp>
			</report>
			<report>
				<misses>834001</misses>
				<total>1</total>
				<timestamp>316.603262</timestamp>
			</report>
			<report>
				<misses>835001</misses>
				<total>1</total>
				<timestamp>316.982881</timestamp>
			</report>
			<report>
				<misses>836001</misses>
				<total>1</total>
				<timestamp>317.362506</timestamp>
			</report>
			<report>
				<misses>837001</misses>
				<total>1</total>
				<timestamp>317.742148</timestamp>
			</report>
			<report>
				<misses>838001</misses>
				<total>1</total>
				<timestamp>318.121752</timestamp>
			</report>
			<report>
				<misses>839001</misses>
				<total>1</total>
				<timestamp>318.501382</timestamp>
			</report>
			<report>
				<misses>840001</misses>
				<total>1</total>
				<timestamp>318.880974</timestamp>
			</report>
			<report>
				<misses>841001</misses>
				<total>1</total>
				<timestamp>319.260646</timestamp>
			</report>
			<report>
				<misses>842001</misses>
				<total>1</total>
				<timestamp>319.640257</timestamp>
			</report>
			<report>
				<misses>843001</misses>
				<total>1</total>
				<timestamp>320.019877</timestamp>
			</report>
			<report>
				<misses>844001</misses>
				<total>1</total>
				<timestamp>320.399514</timestamp>
			</report>
			<report>
				<misses>845001</misses>
				<total>1</total>
				<timestamp>320.779074</timestamp>
			</report>
			<report>
				<misses>846001</misses>
				<total>1</total>
				<timestamp>321.158755</timestamp>
			</report>
			<report>
				<misses>847001</misses>
				<total>1</total>
				<timestamp>321.538322</timestamp>
			</report>
			<report>
				<misses>848001</misses>
				<total>1</total>
				<timestamp>321.918005</timestamp>
			</report>
			<report>
				<misses>849001</misses>
				<total>1</total>
				<timestamp>322.297584</timestamp>
			</report>
			<report>
				<misses>850001</misses>
				<total>1</total>
				<timestamp>322.677183</timestamp>
			</report>
			<report>
				<misses>851001</misses>
				<total>1</total>
				<timestamp>323.056795</timestamp>
			</report>
			<report>
				<misses>852001</misses>
				<total>1</total>
				<timestamp>323.436443</timestamp>
			</report>
			<report>
				<misses>853001</misses>
				<total>1</total>
				<timestamp>323.816046</timestamp>
			</report>
			<report>
				<misses>854001</misses>
				<total>1</total>
				<timestamp>324.195674</timestamp>
			</report>
			<report>
				<misses>855001</misses>
				<total>1</total>
				<timestamp>324.575285</timestamp>
			</report>
			<report>
				<misses>856001</misses>
				<total>1</total>
				<timestamp>324.954900</timestamp>
			</report>
			<report>
				<misses>857001</misses>
				<total>1</total>
				<timestamp>325.334557</timestamp>
			</report>
			<report>
				<misses>858001</misses>
				<total>1</total>
				<timestamp>325.714149</timestamp>
			</report>
			<report>
				<misses>859001</misses>
				<total>1</total>
				<timestamp>326.093790</timestamp>
			</report>
			<report>
				<misses>860001</misses>
				<total>1</total>
				<timestamp>326.473391</timestamp>
			</report>
			<report>
				<misses>861001</misses>
				<total>1</total>
				<timestamp>326.853005</timestamp>
			</report>
			<report>
				<misses>862001</misses>
				<total>1</total>
				<timestamp>327.232624</timestamp>
			</report>
			<report>
				<misses>863001</misses>
				<total>1</total>
				<timestamp>327.612275</timestamp>
			</report>
			<report>
				<misses>864001</misses>
				<total>1</total>
				<timestamp>327.991856</timestamp>
			</report>
			<report>
				<misses>865001</misses>
				<total>1</total>
				<timestamp>328.371548</timestamp>
			</report>
			<report>
				<misses>866001</misses>
				<total>1</total>
				<timestamp>328.751111</timestamp>
			</report>
			<report>
				<misses>867001</misses>
				<total>1</total>
				<timestamp>329.130768</timestamp>
			</report>
			<report>
				<misses>868001</misses>
				<total>1</total>
				<timestamp>329.510341</timestamp>
			</report>
			<report>
				<misses>869001</misses>
				<total>1</total>
				<timestamp>329.889992</timestamp>
			</report>
			<report>
				<misses>870001</misses>
				<total>1</total>
				<timestamp>330.269603</timestamp>
			</report>
			<report>
				<misses>871001</misses>
				<total>1</total>
				<timestamp>330.649216</timestamp>
			</report>
			<report>
				<misses>872001</misses>
				<total>1</total>
				<timestamp>331.028843</timestamp>
			</report>
			<report>
				<misses>873001</misses>
				<total>1</total>
				<timestamp>331.408446</timestamp>
			</report>
			<report>
				<misses>874001</misses>
				<total>1</total>
				<timestamp>331.788101</timestamp>
			</report>
			<report>
				<misses>875001</misses>
				<total>1</total>
				<timestamp>332.167699</timestamp>
			</report>
			<report>
				<misses>876001</misses>
				<total>1</total>
				<timestamp>332.547310</timestamp>
			</report>
			<report>
				<misses>877001</misses>
				<total>1</total>
				<timestamp>332.926917</timestamp>
			</report>
			<report>
				<misses>878001</misses>
				<total>1</total>
				<timestamp>333.306551</timestamp>
			</report>
			<report>
				<misses>879001</misses>
				<total>1</total>
				<timestamp>333.686163</timestamp>
			</report>
			<report>
				<misses>880001</misses>
				<total>1</total>
				<timestamp>334.065796</timestamp>
			</report>
			<report>
				<misses>881001</misses>
				<total>1</total>
				<timestamp>334.445393</timestamp>
			</report>
			<report>
				<misses>882001</misses>
				<total>1</total>
				<timestamp>334.825027</timestamp>
			</report>
			<report>
				<misses>883001</misses>
				<total>1</total>
				<timestamp>335.204667</timestamp>
			</report>
			<report>
				<misses>884001</misses>
				<total>1</total>
				<timestamp>335.584279</timestamp>
			</report>
			<report>
				<misses>885001</misses>
				<total>1</total>
				<timestamp>335.963880</timestamp>
			</report>
			<report>
				<misses>886001</misses>
				<total>1</total>
				<timestamp>336.343517</timestamp>
			</report>
			<report>
				<misses>887001</misses>
				<total>1</total>
				<timestamp>336.723131</timestamp>
			</report>
			<report>
				<misses>888001</misses>
				<total>1</total>
				<timestamp>337.102729</timestamp>
			</report>
			<report>
				<misses>889001</misses>
				<total>1</total>
				<timestamp>337.482388</timestamp>
			</report>
			<report>
				<misses>890001</misses>
				<total>1</total>
				<timestamp>337.861975</timestamp>
			</report>
			<report>
				<misses>891001</misses>
				<total>1</total>
				<timestamp>338.241634</timestamp>
			</report>
			<report>
				<misses>892001</misses>
				<total>1</total>
				<timestamp>338.621235</timestamp>
			</report>
			<report>
				<misses>893001</misses>
				<total>1</total>
				<timestamp>339.000850</timestamp>
			</report>
			<report>
				<misses>894001</misses>
				<total>1</total>
				<timestamp>339.380507</timestamp>
			</report>
			<report>
				<misses>895001</misses>
				<total>1</total>
				<timestamp>339.760090</timestamp>
			</report>
			<report>
				<misses>896001</misses>
				<total>1</total>
				<timestamp>340.139747</timestamp>
			</report>
			<report>
				<misses>897001</misses>
				<total>1</total>
				<timestamp>340.519317</timestamp>
			</report>
			<report>
				<misses>898001</misses>
				<total>1</total>
				<timestamp>340.898945</timestamp>
			</report>
			<report>
				<misses>899001</misses>
				<total>1</total>
				<timestamp>341.278600</timestamp>
			</report>
			<report>
				<misses>900001</misses>
				<total>1</total>
				<timestamp>341.658184</timestamp>
			</report>
			<report>
				<misses>901001</misses>
				<total>1</total>
				<timestamp>342.037857</timestamp>
			</report>
			<report>
				<misses>902001</misses>
				<total>1</total>
				<timestamp>342.417438</timestamp>
			</report>
			<report>
				<misses>903001</misses>
				<total>1</total>
				<timestamp>342.797078</timestamp>
			</report>
			<report>
				<misses>904001</misses>
				<total>1</total>
				<timestamp>343.176702</timestamp>
			</report>
			<report>
				<misses>905001</misses>
				<total>1</total>
				<timestamp>343.556291</timestamp>
			</report>
			<report>
				<misses>906001</misses>
				<total>1</total>
				<timestamp>343.936000</timestamp>
			</report>
			<report>
				<misses>907001</misses>
				<total>1</total>
				<timestamp>344.315544</timestamp>
			</report>
			<report>
				<misses>908001</misses>
				<total>1</total>
				<timestamp>344.695143</timestamp>
			</report>
			<report>
				<misses>909001</misses>
				<total>1</total>
				<timestamp>345.074764</timestamp>
			</report>
			<report>
				<misses>910001</misses>
				<total>1</total>
				<timestamp>345.454388</timestamp>
			</report>
			<report>
				<misses>911001</misses>
				<total>1</total>
				<timestamp>345.834003</timestamp>
			</report>
			<report>
				<misses>912001</misses>
				<total>1</total>
				<timestamp>346.213666</timestamp>
			</report>
			<report>
				<misses>913001</misses>
				<total>1</total>
				<timestamp>346.593257</timestamp>
			</report>
			<report>
				<misses>914001</misses>
				<total>1</total>
				<timestamp>346.972865</timestamp>
			</report>
			<report>
				<misses>915001</misses>
				<total>1</total>
				<timestamp>347.352484</timestamp>
			</report>
			<report>
				<misses>916001</misses>
				<total>1</total>
				<timestamp>347.732104</timestamp>
			</report>
			<report>
				<misses>917001</misses>
				<total>1</total>
				<timestamp>348.111725</timestamp>
			</report>
			<report>
				<misses>918001</misses>
				<total>1</total>
				<timestamp>348.491399</timestamp>
			</report>
			<report>
				<misses>919001</misses>
				<total>1</total>
				<timestamp>348.870955</timestamp>
			</report>
			<report>
				<misses>920001</misses>
				<total>1</total>
				<timestamp>349.250632</timestamp>
			</report>
			<report>
				<misses>921001</misses>
				<total>1</total>
				<timestamp>349.630213</timestamp>
			</report>
			<report>
				<misses>922001</misses>
				<total>1</total>
				<timestamp>350.009823</timestamp>
			</report>
			<report>
				<misses>923001</misses>
				<total>1</total>
				<timestamp>350.389482</timestamp>
			</report>
			<report>
				<misses>924001</misses>
				<total>1</total>
				<timestamp>350.769067</timestamp>
			</report>
			<report>
				<misses>925001</misses>
				<total>1</total>
				<timestamp>351.148702</timestamp>
			</report>
			<report>
				<misses>926001</misses>
				<total>1</total>
				<timestamp>351.528307</timestamp>
			</report>
			<report>
				<misses>927001</misses>
				<total>1</total>
				<timestamp>351.907916</timestamp>
			</report>
			<report>
				<misses>928001</misses>
				<total>1</total>
				<timestamp>352.287563</timestamp>
			</report>
			<report>
				<misses>929001</misses>
				<total>1</total>
				<timestamp>352.667160</timestamp>
			</report>
			<report>
				<misses>930001</misses>
				<total>1</total>
				<timestamp>353.046802</timestamp>
			</report>
			<report>
				<misses>931001</misses>
				<total>1</total>
				<timestamp>353.426426</timestamp>
			</report>
			<report>
				<misses>932001</misses>
				<total>1</total>
				<timestamp>353.806006</timestamp>
			</report>
			<report>
				<misses>933001</misses>
				<total>1</total>
				<timestamp>354.185654</timestamp>
			</report>
			<report>
				<misses>934001</misses>
				<total>1</total>
				<timestamp>354.565272</timestamp>
			</report>
			<report>
				<misses>935001</misses>
				<total>1</total>
				<timestamp>354.944871</timestamp>
			</report>
			<report>
				<misses>936001</misses>
				<total>1</total>
				<timestamp>355.324540</timestamp>
			</report>
			<report>
				<misses>937001</misses>
				<total>1</total>
				<timestamp>355.704132</timestamp>
			</report>
			<report>
				<misses>938001</misses>
				<total>1</total>
				<timestamp>356.083733</timestamp>
			</report>
			<report>
				<misses>939001</misses>
				<total>1</total>
				<timestamp>356.463417</timestamp>
			</report>
			<report>
				<misses>940001</misses>
				<total>1</total>
				<timestamp>356.842980</timestamp>
			</report>
			<report>
				<misses>941001</misses>
				<total>1</total>
				<timestamp>357.222597</timestamp>
			</report>
			<report>
				<misses>942001</misses>
				<total>1</total>
				<timestamp>357.602244</timestamp>
			</report>
			<report>
				<misses>943001</misses>
				<total>1</total>
				<timestamp>357.981841</timestamp>
			</report>
			<report>
				<misses>944001</misses>
				<total>1</total>
				<timestamp>358.361496</timestamp>
			</report>
			<report>
				<misses>945001</misses>
				<total>1</total>
				<timestamp>358.741084</timestamp>
			</report>
			<report>
				<misses>946001</misses>
				<total>1</total>
				<timestamp>359.120723</timestamp>
			</report>
			<report>
				<misses>947001</misses>
				<total>1</total>
				<timestamp>359.500360</timestamp>
			</report>
			<report>
				<misses>948001</misses>
				<total>1</total>
				<timestamp>359.879963</timestamp>
			</report>
			<report>
				<misses>949001</misses>
				<total>1</total>
				<timestamp>360.259636</timestamp>
			</report>
			<report>
				<misses>950001</misses>
				<total>1</total>
				<timestamp>360.639206</timestamp>
			</report>
			<report>
				<misses>951001</misses>
				<total>1</total>
				<timestamp>361.018802</timestamp>
			</report>
			<report>
				<misses>952001</misses>
				<total>1</total>
				<timestamp>361.398467</timestamp>
			</report>
			<report>
				<misses>953001</misses>
				<total>1</total>
				<timestamp>361.778046</timestamp>
			</report>
			<report>
				<misses>954001</misses>
				<total>1</total>
				<timestamp>362.157659</timestamp>
			</report>
			<report>
				<misses>955001</misses>
				<total>1</total>
				<timestamp>362.537328</timestamp>
			</report>
			<report>
				<misses>956001</misses>
				<total>1</total>
				<timestamp>362.916926</timestamp>
			</report>
			<report>
				<misses>957001</misses>
				<total>1</total>
				<timestamp>363.296540</timestamp>
			</report>
			<report>
				<misses>958001</misses>
				<total>1</total>
				<timestamp>363.676149</timestamp>
			</report>
			<report>
				<misses>959001</misses>
				<total>1</total>
				<timestamp>364.055779</timestamp>
			</report>
			<report>
				<misses>960001</misses>
				<total>1</total>
				<timestamp>364.435469</timestamp>
			</report>
			<report>
				<misses>961001</misses>
				<total>1</total>
				<timestamp>364.815038</timestamp>
			</report>
			<report>
				<misses>962001</misses>
				<total>1</total>
				<timestamp>365.194625</timestamp>
			</report>
			<report>
				<misses>963001</misses>
				<total>1</total>
				<timestamp>365.574298</timestamp>
			</report>
			<report>
				<misses>964001</misses>
				<total>1</total>
				<timestamp>365.953868</timestamp>
			</report>
			<report>
				<misses>965001</misses>
				<total>1</total>
				<timestamp>366.333483</timestamp>
			</report>
			<report>
				<misses>966001</misses>
				<total>1</total>
				<timestamp>366.713089</timestamp>
			</report>
			<report>
				<misses>967001</misses>
				<total>1</total>
				<timestamp>367.092775</timestamp>
			</report>
			<report>
				<misses>968001</misses>
				<total>1</total>
				<timestamp>367.472350</timestamp>
			</report>
			<report>
				<misses>969001</misses>
				<total>1</total>
				<timestamp>367.852001</timestamp>
			</report>
			<report>
				<misses>970001</misses>
				<total>1</total>
				<timestamp>368.231591</timestamp>
			</report>
			<report>
				<misses>971001</misses>
				<total>1</total>
				<timestamp>368.611233</timestamp>
			</report>
			<report>
				<misses>972001</misses>
				<total>1</total>
				<timestamp>368.990829</timestamp>
			</report>
			<report>
				<misses>973001</misses>
				<total>1</total>
				<timestamp>369.370445</timestamp>
			</report>
			<report>
				<misses>974001</misses>
				<total>1</total>
				<timestamp>369.750081</timestamp>
			</report>
			<report>
				<misses>975001</misses>
				<total>1</total>
				<timestamp>370.129682</timestamp>
			</report>
			<report>
				<misses>976001</misses>
				<total>1</total>
				<timestamp>370.509321</timestamp>
			</report>
			<report>
				<misses>977001</misses>
				<total>1</total>
				<timestamp>370.888926</timestamp>
			</report>
			<report>
				<misses>978001</misses>
				<total>1</total>
				<timestamp>371.268562</timestamp>
			</report>
			<report>
				<misses>979001</misses>
				<total>1</total>
				<timestamp>371.648193</timestamp>
			</report>
			<report>
				<misses>980001</misses>
				<total>1</total>
				<timestamp>372.027778</timestamp>
			</report>
			<report>
				<misses>981001</misses>
				<total>1</total>
				<timestamp>372.407439</timestamp>
			</report>
			<report>
				<misses>982001</misses>
				<total>1</total>
				<timestamp>372.787022</timestamp>
			</report>
			<report>
				<misses>983001</misses>
				<total>1</total>
				<timestamp>373.166658</timestamp>
			</report>
			<report>
				<misses>984001</misses>
				<total>1</total>
				<timestamp>373.546291</timestamp>
			</report>
			<report>
				<misses>985001</misses>
				<total>1</total>
				<timestamp>373.925893</timestamp>
			</report>
			<report>
				<misses>986001</misses>
				<total>1</total>
				<timestamp>374.305514</timestamp>
			</report>
			<report>
				<misses>987001</misses>
				<total>1</total>
				<timestamp>374.685121</timestamp>
			</report>
			<report>
				<misses>988001</misses>
				<total>1</total>
				<timestamp>375.064757</timestamp>
			</report>
			<report>
				<misses>989001</misses>
				<total>1</total>
				<timestamp>375.444416</timestamp>
			</report>
			<report>
				<misses>990001</misses>
				<total>1</total>
				<timestamp>375.824024</timestamp>
			</report>
			<report>
				<misses>991001</misses>
				<total>1</total>
				<timestamp>376.203613</timestamp>
			</report>
			<report>
				<misses>992001</misses>
				<total>1</total>
				<timestamp>376.583264</timestamp>
			</report>
			<report>
				<misses>993001</misses>
				<total>1</total>
				<timestamp>376.962851</timestamp>
			</report>
			<report>
				<misses>994001</misses>
				<total>1</total>
				<timestamp>377.342473</timestamp>
			</report>
			<report>
				<misses>995001</misses>
				<total>1</total>
				<timestamp>377.722090</timestamp>
			</report>
			<report>
				<misses>996001</misses>
				<total>1</total>
				<timestamp>378.101701</timestamp>
			</report>
			<report>
				<misses>997001</misses>
				<total>1</total>
				<timestamp>378.481356</timestamp>
			</report>
			<report>
				<misses>998001</misses>
				<total>1</total>
				<timestamp>378.860953</timestamp>
			</report>
			<report>
				<misses>999001</misses>
				<total>1</total>
				<timestamp>379.240580</timestamp>
			</report>
			<report>
				<misses>1000001</misses>
				<total>1</total>
				<timestamp>379.620210</timestamp>
			</report>
			<report>
				<misses>1001001</misses>
				<total>1</total>
				<timestamp>379.999807</timestamp>
			</report>
			<report>
				<misses>1002001</misses>
				<total>1</total>
				<timestamp>380.379434</timestamp>
			</report>
			<report>
				<misses>1003001</misses>
				<total>1</total>
				<timestamp>380.759040</timestamp>
			</report>
			<report>
				<misses>1004001</misses>
				<total>1</total>
				<timestamp>381.138659</timestamp>
			</report>
			<report>
				<misses>1005001</misses>
				<total>1</total>
				<timestamp>381.518286</timestamp>
			</report>
			<report>
				<misses>1006001</misses>
				<total>1</total>
				<timestamp>381.897960</timestamp>
			</report>
			<report>
				<misses>1007001</misses>
				<total>1</total>
				<timestamp>382.277536</timestamp>
			</report>
			<report>
				<misses>1008001</misses>
				<total>1</total>
				<timestamp>382.657151</timestamp>
			</report>
			<report>
				<misses>1009001</misses>
				<total>1</total>
				<timestamp>383.036772</timestamp>
			</report>
			<report>
				<misses>1010001</misses>
				<total>1</total>
				<timestamp>383.416436</timestamp>
			</report>
			<report>
				<misses>1011001</misses>
				<total>1</total>
				<timestamp>383.795996</timestamp>
			</report>
			<report>
				<misses>1012001</misses>
				<total>1</total>
				<timestamp>384.175623</timestamp>
			</report>
			<report>
				<misses>1013001</misses>
				<total>1</total>
				<timestamp>384.555259</timestamp>
			</report>
			<report>
				<misses>1014001</misses>
				<total>1</total>
				<timestamp>384.934865</timestamp>
			</report>
			<report>
				<misses>1015001</misses>
				<total>1</total>
				<timestamp>385.314488</timestamp>
			</report>
			<report>
				<misses>1016001</misses>
				<total>1</total>
				<timestamp>385.694108</timestamp>
			</report>
			<report>
				<misses>1017001</misses>
				<total>1</total>
				<timestamp>386.073721</timestamp>
			</report>
			<report>
				<misses>1018001</misses>
				<total>1</total>
				<timestamp>386.453360</timestamp>
			</report>
			<report>
				<misses>1019001</misses>
				<total>1</total>
				<timestamp>386.832959</timestamp>
			</report>
			<report>
				<misses>1020001</misses>
				<total>1</total>
				<timestamp>387.212567</timestamp>
			</report>
			<report>
				<misses>1021001</misses>
				<total>1</total>
				<timestamp>387.592228</timestamp>
			</report>
			<report>
				<misses>1022001</misses>
				<total>1</total>
				<timestamp>387.971831</timestamp>
			</report>
			<report>
				<misses>1023001</misses>
				<total>1</total>
				<timestamp>388.351443</timestamp>
			</report>
			<report>
				<misses>1024001</misses>
				<total>1</total>
				<timestamp>388.731103</timestamp>
			</report>
			<report>
				<misses>1025001</misses>
				<total>1</total>
				<timestamp>389.110672</timestamp>
			</report>
			<report>
				<misses>1026001</misses>
				<total>1</total>
				<timestamp>389.490339</timestamp>
			</report>
			<report>
				<misses>1027001</misses>
				<total>1</total>
				<timestamp>389.869928</timestamp>
			</report>
			<report>
				<misses>1028001</misses>
				<total>1</total>
				<timestamp>390.249550</timestamp>
			</report>
			<report>
				<misses>1029001</misses>
				<total>1</total>
				<timestamp>390.629217</timestamp>
			</report>
			<report>
				<misses>1030001</misses>
				<total>1</total>
				<timestamp>391.008792</timestamp>
			</report>
			<report>
				<misses>1031001</misses>
				<total>1</total>
				<timestamp>391.388431</timestamp>
			</report>
			<report>
				<misses>1032001</misses>
				<total>1</total>
				<timestamp>391.768005</timestamp>
			</report>
			<report>
				<misses>1033001</misses>
				<total>1</total>
				<timestamp>392.147637</timestamp>
			</report>
			<report>
				<misses>1034001</misses>
				<total>1</total>
				<timestamp>392.527298</timestamp>
			</report>
			<report>
				<misses>1035001</misses>
				<total>1</total>
				<timestamp>392.906890</timestamp>
			</report>
			<report>
				<misses>1036001</misses>
				<total>1</total>
				<timestamp>393.286507</timestamp>
			</report>
			<report>
				<misses>1037001</misses>
				<total>1</total>
				<timestamp>393.666145</timestamp>
			</report>
			<report>
				<misses>1038001</misses>
				<total>1</total>
				<timestamp>394.045746</timestamp>
			</report>
			<report>
				<misses>1039001</misses>
				<total>1</total>
				<timestamp>394.425408</timestamp>
			</report>
			<report>
				<misses>1040001</misses>
				<total>1</total>
				<timestamp>394.805005</timestamp>
			</report>
			<report>
				<misses>1041001</misses>
				<total>1</total>
				<timestamp>395.184628</timestamp>
			</report>
			<report>
				<misses>1042001</misses>
				<total>1</total>
				<timestamp>395.564275</timestamp>
			</report>
			<report>
				<misses>1043001</misses>
				<total>1</total>
				<timestamp>395.943859</timestamp>
			</report>
			<report>
				<misses>1044001</misses>
				<total>1</total>
				<timestamp>396.323484</timestamp>
			</report>
			<report>
				<misses>1045001</misses>
				<total>1</total>
				<timestamp>396.703123</timestamp>
			</report>
			<report>
				<misses>1046001</misses>
				<total>1</total>
				<timestamp>397.082712</timestamp>
			</report>
			<report>
				<misses>1047001</misses>
				<total>1</total>
				<timestamp>397.462362</timestamp>
			</report>
			<report>
				<misses>1048001</misses>
				<total>1</total>
				<timestamp>397.841943</timestamp>
			</report>
			<report>
				<misses>1049001</misses>
				<total>1</total>
				<timestamp>398.221576</timestamp>
			</report>
			<report>
				<misses>1050001</misses>
				<total>1</total>
				<timestamp>398.601194</timestamp>
			</report>
			<report>
				<misses>1051001</misses>
				<total>1</total>
				<timestamp>398.980808</timestamp>
			</report>
			<report>
				<misses>1052001</misses>
				<total>1</total>
				<timestamp>399.360424</timestamp>
			</report>
			<report>
				<misses>1053001</misses>
				<total>1</total>
				<timestamp>399.740057</timestamp>
			</report>
			<report>
				<misses>1054001</misses>
				<total>1</total>
				<timestamp>400.119658</timestamp>
			</report>
			<report>
				<misses>1055001</misses>
				<total>1</total>
				<timestamp>400.499286</timestamp>
			</report>
			<report>
				<misses>1056001</misses>
				<total>1</total>
				<timestamp>400.878912</timestamp>
			</report>
			<report>
				<misses>1057001</misses>
				<total>1</total>
				<timestamp>401.258529</timestamp>
			</report>
			<report>
				<misses>1058001</misses>
				<total>1</total>
				<timestamp>401.638156</timestamp>
			</report>
			<report>
				<misses>1059001</misses>
				<total>1</total>
				<timestamp>402.017782</timestamp>
			</report>
			<report>
				<misses>1060001</misses>
				<total>1</total>
				<timestamp>402.397385</timestamp>
			</report>
			<report>
				<misses>1061001</misses>
				<total>1</total>
				<timestamp>402.777046</timestamp>
			</report>
			<report>
				<misses>1062001</misses>
				<total>1</total>
				<timestamp>403.156612</timestamp>
			</report>
			<report>
				<misses>1063001</misses>
				<total>1</total>
				<timestamp>403.536242</timestamp>
			</report>
			<report>
				<misses>1064001</misses>
				<total>1</total>
				<timestamp>403.915865</timestamp>
			</report>
			<report>
				<misses>1065001</misses>
				<total>1</total>
				<timestamp>404.295514</timestamp>
			</report>
			<report>
				<misses>1066001</misses>
				<total>1</total>
				<timestamp>404.675117</timestamp>
			</report>
			<report>
				<misses>1067001</misses>
				<total>1</total>
				<timestamp>405.054707</timestamp>
			</report>
			<report>
				<misses>1068001</misses>
				<total>1</total>
				<timestamp>405.434398</timestamp>
			</report>
			<report>
				<misses>1069001</misses>
				<total>1</total>
				<timestamp>405.813984</timestamp>
			</report>
			<report>
				<misses>1070001</misses>
				<total>1</total>
				<timestamp>406.193597</timestamp>
			</report>
			<report>
				<misses>1071001</misses>
				<total>1</total>
				<timestamp>406.573228</timestamp>
			</report>
			<report>
				<misses>1072001</misses>
				<total>1</total>
				<timestamp>406.952821</timestamp>
			</report>
			<report>
				<misses>1073001</misses>
				<total>1</total>
				<timestamp>407.332447</timestamp>
			</report>
			<report>
				<misses>1074001</misses>
				<total>1</total>
				<timestamp>407.712049</timestamp>
			</report>
			<report>
				<misses>1075001</misses>
				<total>1</total>
				<timestamp>408.091674</timestamp>
			</report>
			<report>
				<misses>1076001</misses>
				<total>1</total>
				<timestamp>408.471309</timestamp>
			</report>
			<report>
				<misses>1077001</misses>
				<total>1</total>
				<timestamp>408.850930</timestamp>
			</report>
			<report>
				<misses>1078001</misses>
				<total>1</total>
				<timestamp>409.230540</timestamp>
			</report>
			<report>
				<misses>1079001</misses>
				<total>1</total>
				<timestamp>409.610181</timestamp>
			</report>
			<report>
				<misses>1080001</misses>
				<total>1</total>
				<timestamp>409.989778</timestamp>
			</report>
			<report>
				<misses>1081001</misses>
				<total>1</total>
				<timestamp>410.369415</timestamp>
			</report>
			<report>
				<misses>1082001</misses>
				<total>1</total>
				<timestamp>410.749099</timestamp>
			</report>
			<report>
				<misses>1083001</misses>
				<total>1</total>
				<timestamp>411.128631</timestamp>
			</report>
			<report>
				<misses>1084001</misses>
				<total>1</total>
				<timestamp>411.508257</timestamp>
			</report>
			<report>
				<misses>1085001</misses>
				<total>1</total>
				<timestamp>411.887884</timestamp>
			</report>
			<report>
				<misses>1086001</misses>
				<total>1</total>
				<timestamp>412.267501</timestamp>
			</report>
			<report>
				<misses>1087001</misses>
				<total>1</total>
				<timestamp>412.647153</timestamp>
			</report>
			<report>
				<misses>1088001</misses>
				<total>1</total>
				<timestamp>413.026775</timestamp>
			</report>
			<report>
				<misses>1089001</misses>
				<total>1</total>
				<timestamp>413.406370</timestamp>
			</report>
			<report>
				<misses>1090001</misses>
				<total>1</total>
				<timestamp>413.786030</timestamp>
			</report>
			<report>
				<misses>1091001</misses>
				<total>1</total>
				<timestamp>414.165598</timestamp>
			</report>
			<report>
				<misses>1092001</misses>
				<total>1</total>
				<timestamp>414.545243</timestamp>
			</report>
			<report>
				<misses>1093001</misses>
				<total>1</total>
				<timestamp>414.924851</timestamp>
			</report>
			<report>
				<misses>1094001</misses>
				<total>1</total>
				<timestamp>415.304484</timestamp>
			</report>
			<report>
				<misses>1095001</misses>
				<total>1</total>
				<timestamp>415.684101</timestamp>
			</report>
			<report>
				<misses>1096001</misses>
				<total>1</total>
				<timestamp>416.063709</timestamp>
			</report>
			<report>
				<misses>1097001</misses>
				<total>1</total>
				<timestamp>416.443343</timestamp>
			</report>
			<report>
				<misses>1098001</misses>
				<total>1</total>
				<timestamp>416.822975</timestamp>
			</report>
			<report>
				<misses>1099001</misses>
				<total>1</total>
				<timestamp>417.202559</timestamp>
			</report>
			<report>
				<misses>1100001</misses>
				<total>1</total>
				<timestamp>417.582194</timestamp>
			</report>
			<report>
				<misses>1101001</misses>
				<total>1</total>
				<timestamp>417.961792</timestamp>
			</report>
			<report>
				<misses>1102001</misses>
				<total>1</total>
				<timestamp>418.341473</timestamp>
			</report>
			<report>
				<misses>1103001</misses>
				<total>1</total>
				<timestamp>418.721048</timestamp>
			</report>
			<report>
				<misses>1104001</misses>
				<total>1</total>
				<timestamp>419.100661</timestamp>
			</report>
			<report>
				<misses>1105001</misses>
				<total>1</total>
				<timestamp>419.480292</timestamp>
			</report>
			<report>
				<misses>1106001</misses>
				<total>1</total>
				<timestamp>419.859940</timestamp>
			</report>
			<report>
				<misses>1107001</misses>
				<total>1</total>
				<timestamp>420.239595</timestamp>
			</report>
			<report>
				<misses>1108001</misses>
				<total>1</total>
				<timestamp>420.619162</timestamp>
			</report>
			<report>
				<misses>1109001</misses>
				<total>1</total>
				<timestamp>420.998764</timestamp>
			</report>
			<report>
				<misses>1110001</misses>
				<total>1</total>
				<timestamp>421.378380</timestamp>
			</report>
			<report>
				<misses>1111001</misses>
				<total>1</total>
				<timestamp>421.758013</timestamp>
			</report>
			<report>
				<misses>1112001</misses>
				<total>1</total>
				<timestamp>422.137675</timestamp>
			</report>
			<report>
				<misses>1113001</misses>
				<total>1</total>
				<timestamp>422.517292</timestamp>
			</report>
			<report>
				<misses>1114001</misses>
				<total>1</total>
				<timestamp>422.896921</timestamp>
			</report>
			<report>
				<misses>1115001</misses>
				<total>1</total>
				<timestamp>423.276481</timestamp>
			</report>
			<report>
				<misses>1116001</misses>
				<total>1</total>
				<timestamp>423.656111</timestamp>
			</report>
			<report>
				<misses>1117001</misses>
				<total>1</total>
				<timestamp>424.035724</timestamp>
			</report>
			<report>
				<misses>1118001</misses>
				<total>1</total>
				<timestamp>424.415332</timestamp>
			</report>
			<report>
				<misses>1119001</misses>
				<total>1</total>
				<timestamp>424.795003</timestamp>
			</report>
			<report>
				<misses>1120001</misses>
				<total>1</total>
				<timestamp>425.174582</timestamp>
			</report>
			<report>
				<misses>1121001</misses>
				<total>1</total>
				<timestamp>425.554202</timestamp>
			</report>
			<report>
				<misses>1122001</misses>
				<total>1</total>
				<timestamp>425.933876</timestamp>
			</report>
			<report>
				<misses>1123001</misses>
				<total>1</total>
				<timestamp>426.313450</timestamp>
			</report>
			<report>
				<misses>1124001</misses>
				<total>1</total>
				<timestamp>426.693095</timestamp>
			</report>
			<report>
				<misses>1125001</misses>
				<total>1</total>
				<timestamp>427.072684</timestamp>
			</report>
			<report>
				<misses>1126001</misses>
				<total>1</total>
				<timestamp>427.452292</timestamp>
			</report>
			<report>
				<misses>1127001</misses>
				<total>1</total>
				<timestamp>427.831936</timestamp>
			</report>
			<report>
				<misses>1128001</misses>
				<total>1</total>
				<timestamp>428.211569</timestamp>
			</report>
			<report>
				<misses>1129001</misses>
				<total>1</total>
				<timestamp>428.591169</timestamp>
			</report>
			<report>
				<misses>1130001</misses>
				<total>1</total>
				<timestamp>428.970795</timestamp>
			</report>
			<report>
				<misses>1131001</misses>
				<total>1</total>
				<timestamp>429.350387</timestamp>
			</report>
			<report>
				<misses>1132001</misses>
				<total>1</total>
				<timestamp>429.730032</timestamp>
			</report>
			<report>
				<misses>1133001</misses>
				<total>1</total>
				<timestamp>430.109654</timestamp>
			</report>
			<report>
				<misses>1134001</misses>
				<total>1</total>
				<timestamp>430.489279</timestamp>
			</report>
			<report>
				<misses>1135001</misses>
				<total>1</total>
				<timestamp>430.868911</timestamp>
			</report>
			<report>
				<misses>1136001</misses>
				<total>1</total>
				<timestamp>431.248520</timestamp>
			</report>
			<report>
				<misses>1137001</misses>
				<total>1</total>
				<timestamp>431.628129</timestamp>
			</report>
			<report>
				<misses>1138001</misses>
				<total>1</total>
				<timestamp>432.007744</timestamp>
			</report>
			<report>
				<misses>1139001</misses>
				<total>1</total>
				<timestamp>432.387396</timestamp>
			</report>
			<report>
				<misses>1140001</misses>
				<total>1</total>
				<timestamp>432.767015</timestamp>
			</report>
			<report>
				<misses>1141001</misses>
				<total>1</total>
				<timestamp>433.146608</timestamp>
			</report>
			<report>
				<misses>1142001</misses>
				<total>1</total>
				<timestamp>433.526296</timestamp>
			</report>
			<report>
				<misses>1143001</misses>
				<total>1</total>
				<timestamp>433.905902</timestamp>
			</report>
			<report>
				<misses>1144001</misses>
				<total>1</total>
				<timestamp>434.285469</timestamp>
			</report>
			<report>
				<misses>1145001</misses>
				<total>1</total>
				<timestamp>434.665089</timestamp>
			</report>
			<report>
				<misses>1146001</misses>
				<total>1</total>
				<timestamp>435.044708</timestamp>
			</report>
			<report>
				<misses>1147001</misses>
				<total>1</total>
				<timestamp>435.424314</timestamp>
			</report>
			<report>
				<misses>1148001</misses>
				<total>1</total>
				<timestamp>435.803954</timestamp>
			</report>
			<report>
				<misses>1149001</misses>
				<total>1</total>
				<timestamp>436.183577</timestamp>
			</report>
			<report>
				<misses>1150001</misses>
				<total>1</total>
				<timestamp>436.563171</timestamp>
			</report>
			<report>
				<misses>1151001</misses>
				<total>1</total>
				<timestamp>436.942822</timestamp>
			</report>
			<report>
				<misses>1152001</misses>
				<total>1</total>
				<timestamp>437.322414</timestamp>
			</report>
			<report>
				<misses>1153001</misses>
				<total>1</total>
				<timestamp>437.702077</timestamp>
			</report>
			<report>
				<misses>1154001</misses>
				<total>1</total>
				<timestamp>438.081711</timestamp>
			</report>
			<report>
				<misses>1155001</misses>
				<total>1</total>
				<timestamp>438.461271</timestamp>
			</report>
			<report>
				<misses>1156001</misses>
				<total>1</total>
				<timestamp>438.840932</timestamp>
			</report>
			<report>
				<misses>1157001</misses>
				<total>1</total>
				<timestamp>439.220515</timestamp>
			</report>
			<report>
				<misses>1158001</misses>
				<total>1</total>
				<timestamp>439.600142</timestamp>
			</report>
			<report>
				<misses>1159001</misses>
				<total>1</total>
				<timestamp>439.979783</timestamp>
			</report>
			<report>
				<misses>1160001</misses>
				<total>1</total>
				<timestamp>440.359371</timestamp>
			</report>
			<report>
				<misses>1161001</misses>
				<total>1</total>
				<timestamp>440.739002</timestamp>
			</report>
			<report>
				<misses>1162001</misses>
				<total>1</total>
				<timestamp>441.118621</timestamp>
			</report>
			<report>
				<misses>1163001</misses>
				<total>1</total>
				<timestamp>441.498243</timestamp>
			</report>
			<report>
				<misses>1164001</misses>
				<total>1</total>
				<timestamp>441.877906</timestamp>
			</report>
			<report>
				<misses>1165001</misses>
				<total>1</total>
				<timestamp>442.257483</timestamp>
			</report>
			<report>
				<misses>1166001</misses>
				<total>1</total>
				<timestamp>442.637105</timestamp>
			</report>
			<report>
				<misses>1167001</misses>
				<total>1</total>
				<timestamp>443.016760</timestamp>
			</report>
			<report>
				<misses>1168001</misses>
				<total>1</total>
				<timestamp>443.396342</timestamp>
			</report>
			<report>
				<misses>1169001</misses>
				<total>1</total>
				<timestamp>443.776027</timestamp>
			</report>
			<report>
				<misses>1170001</misses>
				<total>1</total>
				<timestamp>444.155570</timestamp>
			</report>
			<report>
				<misses>1171001</misses>
				<total>1</total>
				<timestamp>444.535259</timestamp>
			</report>
			<report>
				<misses>1172001</misses>
				<total>1</total>
				<timestamp>444.914830</timestamp>
			</report>
			<report>
				<misses>1173001</misses>
				<total>1</total>
				<timestamp>445.294448</timestamp>
			</report>
			<report>
				<misses>1174001</misses>
				<total>1</total>
				<timestamp>445.674090</timestamp>
			</report>
			<report>
				<misses>1175001</misses>
				<total>1</total>
				<timestamp>446.053678</timestamp>
			</report>
			<report>
				<misses>1176001</misses>
				<total>1</total>
				<timestamp>446.433312</timestamp>
			</report>
			<report>
				<misses>1177001</misses>
				<total>1</total>
				<timestamp>446.812942</timestamp>
			</report>
			<report>
				<misses>1178001</misses>
				<total>1</total>
				<timestamp>447.192588</timestamp>
			</report>
			<report>
				<misses>1179001</misses>
				<total>1</total>
				<timestamp>447.572169</timestamp>
			</report>
			<report>
				<misses>1180001</misses>
				<total>1</total>
				<timestamp>447.951824</timestamp>
			</report>
			<report>
				<misses>1181001</misses>
				<total>1</total>
				<timestamp>448.331416</timestamp>
			</report>
			<report>
				<misses>1182001</misses>
				<total>1</total>
				<timestamp>448.711015</timestamp>
			</report>
			<report>
				<misses>1183001</misses>
				<total>1</total>
				<timestamp>449.090662</timestamp>
			</report>
			<report>
				<misses>1184001</misses>
				<total>1</total>
				<timestamp>449.470255</timestamp>
			</report>
			<report>
				<misses>1185001</misses>
				<total>1</total>
				<timestamp>449.849897</timestamp>
			</report>
			<report>
				<misses>1186001</misses>
				<total>1</total>
				<timestamp>450.229507</timestamp>
			</report>
			<report>
				<misses>1187001</misses>
				<total>1</total>
				<timestamp>450.609118</timestamp>
			</report>
			<report>
				<misses>1188001</misses>
				<total>1</total>
				<timestamp>450.988765</timestamp>
			</report>
			<report>
				<misses>1189001</misses>
				<total>1</total>
				<timestamp>451.368377</timestamp>
			</report>
			<report>
				<misses>1190001</misses>
				<total>1</total>
				<timestamp>451.747998</timestamp>
			</report>
			<report>
				<misses>1191001</misses>
				<total>1</total>
				<timestamp>452.127606</timestamp>
			</report>
			<report>
				<misses>1192001</misses>
				<total>1</total>
				<timestamp>452.507243</timestamp>
			</report>
			<report>
				<misses>1193001</misses>
				<total>1</total>
				<timestamp>452.886843</timestamp>
			</report>
			<report>
				<misses>1194001</misses>
				<total>1</total>
				<timestamp>453.266476</timestamp>
			</report>
			<report>
				<misses>1195001</misses>
				<total>1</total>
				<timestamp>453.646086</timestamp>
			</report>
			<report>
				<misses>1196001</misses>
				<total>1</total>
				<timestamp>454.025724</timestamp>
			</report>
			<report>
				<misses>1197001</misses>
				<total>1</total>
				<timestamp>454.405322</timestamp>
			</report>
			<report>
				<misses>1198001</misses>
				<total>1</total>
				<timestamp>454.784937</timestamp>
			</report>
			<report>
				<misses>1199001</misses>
				<total>1</total>
				<timestamp>455.164585</timestamp>
			</report>
			<report>
				<misses>1200001</misses>
				<total>1</total>
				<timestamp>455.544225</timestamp>
			</report>
			<report>
				<misses>1201001</misses>
				<total>1</total>
				<timestamp>455.923842</timestamp>
			</report>
			<report>
				<misses>1202001</misses>
				<total>1</total>
				<timestamp>456.303450</timestamp>
			</report>
			<report>
				<misses>1203001</misses>
				<total>1</total>
				<timestamp>456.683041</timestamp>
			</report>
			<report>
				<misses>1204001</misses>
				<total>1</total>
				<timestamp>457.062657</timestamp>
			</report>
			<report>
				<misses>1205001</misses>
				<total>1</total>
				<timestamp>457.442288</timestamp>
			</report>
			<report>
				<misses>1206001</misses>
				<total>1</total>
				<timestamp>457.821912</timestamp>
			</report>
			<report>
				<misses>1207001</misses>
				<total>1</total>
				<timestamp>458.201540</timestamp>
			</report>
			<report>
				<misses>1208001</misses>
				<total>1</total>
				<timestamp>458.581159</timestamp>
			</report>
			<report>
				<misses>1209001</misses>
				<total>1</total>
				<timestamp>458.960793</timestamp>
			</report>
			<report>
				<misses>1210001</misses>
				<total>1</total>
				<timestamp>459.340415</timestamp>
			</report>
			<report>
				<misses>1211001</misses>
				<total>1</total>
				<timestamp>459.720005</timestamp>
			</report>
			<report>
				<misses>1212001</misses>
				<total>1</total>
				<timestamp>460.099613</timestamp>
			</report>
			<report>
				<misses>1213001</misses>
				<total>1</total>
				<timestamp>460.479249</timestamp>
			</report>
			<report>
				<misses>1214001</misses>
				<total>1</total>
				<timestamp>460.858886</timestamp>
			</report>
			<report>
				<misses>1215001</misses>
				<total>1</total>
				<timestamp>461.238493</timestamp>
			</report>
			<report>
				<misses>1216001</misses>
				<total>1</total>
				<timestamp>461.618120</timestamp>
			</report>
			<report>
				<misses>1217001</misses>
				<total>1</total>
				<timestamp>461.997782</timestamp>
			</report>
			<report>
				<misses>1218001</misses>
				<total>1</total>
				<timestamp>462.377365</timestamp>
			</report>
			<report>
				<misses>1219001</misses>
				<total>1</total>
				<timestamp>462.756968</timestamp>
			</report>
			<report>
				<misses>1220001</misses>
				<total>1</total>
				<timestamp>463.136605</timestamp>
			</report>
			<report>
				<misses>1221001</misses>
				<total>1</total>
				<timestamp>463.516234</timestamp>
			</report>
			<report>
				<misses>1222001</misses>
				<total>1</total>
				<timestamp>463.895861</timestamp>
			</report>
			<report>
				<misses>1223001</misses>
				<total>1</total>
				<timestamp>464.275446</timestamp>
			</report>
			<report>
				<misses>1224001</misses>
				<total>1</total>
				<timestamp>464.655076</timestamp>
			</report>
			<report>
				<misses>1225001</misses>
				<total>1</total>
				<timestamp>465.034712</timestamp>
			</report>
			<report>
				<misses>1226001</misses>
				<total>1</total>
				<timestamp>465.414294</timestamp>
			</report>
			<report>
				<misses>1227001</misses>
				<total>1</total>
				<timestamp>465.793925</timestamp>
			</report>
			<report>
				<misses>1228001</misses>
				<total>1</total>
				<timestamp>466.173541</timestamp>
			</report>
			<report>
				<misses>1229001</misses>
				<total>1</total>
				<timestamp>466.553150</timestamp>
			</report>
			<report>
				<misses>1230001</misses>
				<total>1</total>
				<timestamp>466.932807</timestamp>
			</report>
			<report>
				<misses>1231001</misses>
				<total>1</total>
				<timestamp>467.312436</timestamp>
			</report>
			<report>
				<misses>1232001</misses>
				<total>1</total>
				<timestamp>467.692028</timestamp>
			</report>
			<report>
				<misses>1233001</misses>
				<total>1</total>
				<timestamp>468.071691</timestamp>
			</report>
			<report>
				<misses>1234001</misses>
				<total>1</total>
				<timestamp>468.451291</timestamp>
			</report>
			<report>
				<misses>1235001</misses>
				<total>1</total>
				<timestamp>468.830886</timestamp>
			</report>
			<report>
				<misses>1236001</misses>
				<total>1</total>
				<timestamp>469.210509</timestamp>
			</report>
			<report>
				<misses>1237001</misses>
				<total>1</total>
				<timestamp>469.590162</timestamp>
			</report>
			<report>
				<misses>1238001</misses>
				<total>1</total>
				<timestamp>469.969747</timestamp>
			</report>
			<report>
				<misses>1239001</misses>
				<total>1</total>
				<timestamp>470.349372</timestamp>
			</report>
			<report>
				<misses>1240001</misses>
				<total>1</total>
				<timestamp>470.729021</timestamp>
			</report>
			<report>
				<misses>1241001</misses>
				<total>1</total>
				<timestamp>471.108615</timestamp>
			</report>
			<report>
				<misses>1242001</misses>
				<total>1</total>
				<timestamp>471.488249</timestamp>
			</report>
			<report>
				<misses>1243001</misses>
				<total>1</total>
				<timestamp>471.867857</timestamp>
			</report>
			<report>
				<misses>1244001</misses>
				<total>1</total>
				<timestamp>472.247470</timestamp>
			</report>
			<report>
				<misses>1245001</misses>
				<total>1</total>
				<timestamp>472.627095</timestamp>
			</report>
			<report>
				<misses>1246001</misses>
				<total>1</total>
				<timestamp>473.006720</timestamp>
			</report>
			<report>
				<misses>1247001</misses>
				<total>1</total>
				<timestamp>473.386320</timestamp>
			</report>
			<report>
				<misses>1248001</misses>
				<total>1</total>
				<timestamp>473.765976</timestamp>
			</report>
			<report>
				<misses>1249001</misses>
				<total>1</total>
				<timestamp>474.145564</timestamp>
			</report>
			<report>
				<misses>1250001</misses>
				<total>1</total>
				<timestamp>474.525202</timestamp>
			</report>
			<report>
				<misses>1251001</misses>
				<total>1</total>
				<timestamp>474.904839</timestamp>
			</report>
			<report>
				<misses>1252001</misses>
				<total>1</total>
				<timestamp>475.284426</timestamp>
			</report>
			<report>
				<misses>1253001</misses>
				<total>1</total>
				<timestamp>475.664060</timestamp>
			</report>
			<report>
				<misses>1254001</misses>
				<total>1</total>
				<timestamp>476.043727</timestamp>
			</report>
			<report>
				<misses>1255001</misses>
				<total>1</total>
				<timestamp>476.423299</timestamp>
			</report>
			<report>
				<misses>1256001</misses>
				<total>1</total>
				<timestamp>476.802917</timestamp>
			</report>
			<report>
				<misses>1257001</misses>
				<total>1</total>
				<timestamp>477.182525</timestamp>
			</report>
			<report>
				<misses>1258001</misses>
				<total>1</total>
				<timestamp>477.562159</timestamp>
			</report>
			<report>
				<misses>1259001</misses>
				<total>1</total>
				<timestamp>477.941793</timestamp>
			</report>
			<report>
				<misses>1260001</misses>
				<total>1</total>
				<timestamp>478.321394</timestamp>
			</report>
			<report>
				<misses>1261001</misses>
				<total>1</total>
				<timestamp>478.701020</timestamp>
			</report>
			<report>
				<misses>1262001</misses>
				<total>1</total>
				<timestamp>479.080677</timestamp>
			</report>
			<report>
				<misses>1263001</misses>
				<total>1</total>
				<timestamp>479.460255</timestamp>
			</report>
			<report>
				<misses>1264001</misses>
				<total>1</total>
				<timestamp>479.839864</timestamp>
			</report>
			<report>
				<misses>1265001</misses>
				<total>1</total>
				<timestamp>480.219499</timestamp>
			</report>
			<report>
				<misses>1266001</misses>
				<total>1</total>
				<timestamp>480.599145</timestamp>
			</report>
			<report>
				<misses>1267001</misses>
				<total>1</total>
				<timestamp>480.978761</timestamp>
			</report>
			<report>
				<misses>1268001</misses>
				<total>1</total>
				<timestamp>481.358369</timestamp>
			</report>
			<report>
				<misses>1269001</misses>
				<total>1</total>
				<timestamp>481.737967</timestamp>
			</report>
			<report>
				<misses>1270001</misses>
				<total>1</total>
				<timestamp>482.117665</timestamp>
			</report>
			<report>
				<misses>1271001</misses>
				<total>1</total>
				<timestamp>482.497211</timestamp>
			</report>
			<report>
				<misses>1272001</misses>
				<total>1</total>
				<timestamp>482.876814</timestamp>
			</report>
			<report>
				<misses>1273001</misses>
				<total>1</total>
				<timestamp>483.256445</timestamp>
			</report>
			<report>
				<misses>1274001</misses>
				<total>1</total>
				<timestamp>483.636117</timestamp>
			</report>
			<report>
				<misses>1275001</misses>
				<total>1</total>
				<timestamp>484.015753</timestamp>
			</report>
			<report>
				<misses>1276001</misses>
				<total>1</total>
				<timestamp>484.395317</timestamp>
			</report>
			<report>
				<misses>1277001</misses>
				<total>1</total>
				<timestamp>484.774940</timestamp>
			</report>
			<report>
				<misses>1278001</misses>
				<total>1</total>
				<timestamp>485.154556</timestamp>
			</report>
			<report>
				<misses>1279001</misses>
				<total>1</total>
				<timestamp>485.534161</timestamp>
			</report>
			<report>
				<misses>1280001</misses>
				<total>1</total>
				<timestamp>485.913793</timestamp>
			</report>
			<report>
				<misses>1281001</misses>
				<total>1</total>
				<timestamp>486.293396</timestamp>
			</report>
			<report>
				<misses>1282001</misses>
				<total>1</total>
				<timestamp>486.673063</timestamp>
			</report>
			<report>
				<misses>1283001</misses>
				<total>1</total>
				<timestamp>487.052643</timestamp>
			</report>
			<report>
				<misses>1284001</misses>
				<total>1</total>
				<timestamp>487.432279</timestamp>
			</report>
			<report>
				<misses>1285001</misses>
				<total>1</total>
				<timestamp>487.811887</timestamp>
			</report>
			<report>
				<misses>1286001</misses>
				<total>1</total>
				<timestamp>488.191533</timestamp>
			</report>
			<report>
				<misses>1287001</misses>
				<total>1</total>
				<timestamp>488.571112</timestamp>
			</report>
			<report>
				<misses>1288001</misses>
				<total>1</total>
				<timestamp>488.950761</timestamp>
			</report>
			<report>
				<misses>1289001</misses>
				<total>1</total>
				<timestamp>489.330365</timestamp>
			</report>
			<report>
				<misses>1290001</misses>
				<total>1</total>
				<timestamp>489.710003</timestamp>
			</report>
			<report>
				<misses>1291001</misses>
				<total>1</total>
				<timestamp>490.089650</timestamp>
			</report>
			<report>
				<misses>1292001</misses>
				<total>1</total>
				<timestamp>490.469264</timestamp>
			</report>
			<report>
				<misses>1293001</misses>
				<total>1</total>
				<timestamp>490.848828</timestamp>
			</report>
			<report>
				<misses>1294001</misses>
				<total>1</total>
				<timestamp>491.228518</timestamp>
			</report>
			<report>
				<misses>1295001</misses>
				<total>1</total>
				<timestamp>491.608102</timestamp>
			</report>
			<report>
				<misses>1296001</misses>
				<total>1</total>
				<timestamp>491.987726</timestamp>
			</report>
			<report>
				<misses>1297001</misses>
				<total>1</total>
				<timestamp>492.367329</timestamp>
			</report>
			<report>
				<misses>1298001</misses>
				<total>1</total>
				<timestamp>492.746966</timestamp>
			</report>
			<report>
				<misses>1299001</misses>
				<total>1</total>
				<timestamp>493.126567</timestamp>
			</report>
			<report>
				<misses>1300001</misses>
				<total>1</total>
				<timestamp>493.506181</timestamp>
			</report>
			<report>
				<misses>1301001</misses>
				<total>1</total>
				<timestamp>493.885796</timestamp>
			</report>
			<report>
				<misses>1302001</misses>
				<total>1</total>
				<timestamp>494.265424</timestamp>
			</report>
			<report>
				<misses>1303001</misses>
				<total>1</total>
				<timestamp>494.645087</timestamp>
			</report>
			<report>
				<misses>1304001</misses>
				<total>1</total>
				<timestamp>495.024698</timestamp>
			</report>
			<report>
				<misses>1305001</misses>
				<total>1</total>
				<timestamp>495.404314</timestamp>
			</report>
			<report>
				<misses>1306001</misses>
				<total>1</total>
				<timestamp>495.783903</timestamp>
			</report>
			<report>
				<misses>1307001</misses>
				<total>1</total>
				<timestamp>496.163586</timestamp>
			</report>
			<report>
				<misses>1308001</misses>
				<total>1</total>
				<timestamp>496.543173</timestamp>
			</report>
			<report>
				<misses>1309001</misses>
				<total>1</total>
				<timestamp>496.922768</timestamp>
			</report>
			<report>
				<misses>1310001</misses>
				<total>1</total>
				<timestamp>497.302414</timestamp>
			</report>
			<report>
				<misses>1311001</misses>
				<total>1</total>
				<timestamp>497.681995</timestamp>
			</report>
			<report>
				<misses>1312001</misses>
				<total>1</total>
				<timestamp>498.061642</timestamp>
			</report>
			<report>
				<misses>1313001</misses>
				<total>1</total>
				<timestamp>498.441291</timestamp>
			</report>
			<report>
				<misses>1314001</misses>
				<total>1</total>
				<timestamp>498.820856</timestamp>
			</report>
			<report>
				<misses>1315001</misses>
				<total>1</total>
				<timestamp>499.200522</timestamp>
			</report>
			<report>
				<misses>1316001</misses>
				<total>1</total>
				<timestamp>499.580131</timestamp>
			</report>
			<report>
				<misses>1317001</misses>
				<total>1</total>
				<timestamp>499.959701</timestamp>
			</report>
			<report>
				<misses>1318001</misses>
				<total>1</total>
				<timestamp>500.339333</timestamp>
			</report>
			<report>
				<misses>1319001</misses>
				<total>1</total>
				<timestamp>500.719014</timestamp>
			</report>
			<report>
				<misses>1320001</misses>
				<total>1</total>
				<timestamp>501.098630</timestamp>
			</report>
			<report>
				<misses>1321001</misses>
				<total>1</total>
				<timestamp>501.478233</timestamp>
			</report>
			<report>
				<misses>1322001</misses>
				<total>1</total>
				<timestamp>501.857854</timestamp>
			</report>
			<report>
				<misses>1323001</misses>
				<total>1</total>
				<timestamp>502.237555</timestamp>
			</report>
			<report>
				<misses>1324001</misses>
				<total>1</total>
				<timestamp>502.617055</timestamp>
			</report>
			<report>
				<misses>1325001</misses>
				<total>1</total>
				<timestamp>502.996681</timestamp>
			</report>
			<report>
				<misses>1326001</misses>
				<total>1</total>
				<timestamp>503.376312</timestamp>
			</report>
			<report>
				<misses>1327001</misses>
				<total>1</total>
				<timestamp>503.755947</timestamp>
			</report>
			<report>
				<misses>1328001</misses>
				<total>1</total>
				<timestamp>504.135634</timestamp>
			</report>
			<report>
				<misses>1329001</misses>
				<total>1</total>
				<timestamp>504.515170</timestamp>
			</report>
			<report>
				<misses>1330001</misses>
				<total>1</total>
				<timestamp>504.894786</timestamp>
			</report>
			<report>
				<misses>1331001</misses>
				<total>1</total>
				<timestamp>505.274439</timestamp>
			</report>
			<report>
				<misses>1332001</misses>
				<total>1</total>
				<timestamp>505.654046</timestamp>
			</report>
			<report>
				<misses>1333001</misses>
				<total>1</total>
				<timestamp>506.033647</timestamp>
			</report>
			<report>
				<misses>1334001</misses>
				<total>1</total>
				<timestamp>506.413259</timestamp>
			</report>
			<report>
				<misses>1335001</misses>
				<total>1</total>
				<timestamp>506.792908</timestamp>
			</report>
			<report>
				<misses>1336001</misses>
				<total>1</total>
				<timestamp>507.172520</timestamp>
			</report>
			<report>
				<misses>1337001</misses>
				<total>1</total>
				<timestamp>507.552120</timestamp>
			</report>
			<report>
				<misses>1338001</misses>
				<total>1</total>
				<timestamp>507.931738</timestamp>
			</report>
			<report>
				<misses>1339001</misses>
				<total>1</total>
				<timestamp>508.311424</timestamp>
			</report>
			<report>
				<misses>1340001</misses>
				<total>1</total>
				<timestamp>508.690976</timestamp>
			</report>
			<report>
				<misses>1341001</misses>
				<total>1</total>
				<timestamp>509.070604</timestamp>
			</report>
			<report>
				<misses>1342001</misses>
				<total>1</total>
				<timestamp>509.450232</timestamp>
			</report>
			<report>
				<misses>1343001</misses>
				<total>1</total>
				<timestamp>509.829840</timestamp>
			</report>
			<report>
				<misses>1344001</misses>
				<total>1</total>
				<timestamp>510.209476</timestamp>
			</report>
			<report>
				<misses>1345001</misses>
				<total>1</total>
				<timestamp>510.589121</timestamp>
			</report>
			<report>
				<misses>1346001</misses>
				<total>1</total>
				<timestamp>510.968698</timestamp>
			</report>
			<report>
				<misses>1347001</misses>
				<total>1</total>
				<timestamp>511.348405</timestamp>
			</report>
			<report>
				<misses>1348001</misses>
				<total>1</total>
				<timestamp>511.727945</timestamp>
			</report>
			<report>
				<misses>1349001</misses>
				<total>1</total>
				<timestamp>512.107568</timestamp>
			</report>
			<report>
				<misses>1350001</misses>
				<total>1</total>
				<timestamp>512.487197</timestamp>
			</report>
			<report>
				<misses>1351001</misses>
				<total>1</total>
				<timestamp>512.866814</timestamp>
			</report>
			<report>
				<misses>1352001</misses>
				<total>1</total>
				<timestamp>513.246479</timestamp>
			</report>
			<report>
				<misses>1353001</misses>
				<total>1</total>
				<timestamp>513.626067</timestamp>
			</report>
			<report>
				<misses>1354001</misses>
				<total>1</total>
				<timestamp>514.005675</timestamp>
			</report>
			<report>
				<misses>1355001</misses>
				<total>1</total>
				<timestamp>514.385288</timestamp>
			</report>
			<report>
				<misses>1356001</misses>
				<total>1</total>
				<timestamp>514.764935</timestamp>
			</report>
			<report>
				<misses>1357001</misses>
				<total>1</total>
				<timestamp>515.144566</timestamp>
			</report>
			<report>
				<misses>1358001</misses>
				<total>1</total>
				<timestamp>515.524149</timestamp>
			</report>
			<report>
				<misses>1359001</misses>
				<total>1</total>
				<timestamp>515.903769</timestamp>
			</report>
			<report>
				<misses>1360001</misses>
				<total>1</total>
				<timestamp>516.283454</timestamp>
			</report>
			<report>
				<misses>1361001</misses>
				<total>1</total>
				<timestamp>516.663013</timestamp>
			</report>
			<report>
				<misses>1362001</misses>
				<total>1</total>
				<timestamp>517.042641</timestamp>
			</report>
			<report>
				<misses>1363001</misses>
				<total>1</total>
				<timestamp>517.422278</timestamp>
			</report>
			<report>
				<misses>1364001</misses>
				<total>1</total>
				<timestamp>517.801891</timestamp>
			</report>
			<report>
				<misses>1365001</misses>
				<total>1</total>
				<timestamp>518.181481</timestamp>
			</report>
			<report>
				<misses>1366001</misses>
				<total>1</total>
				<timestamp>518.561107</timestamp>
			</report>
			<report>
				<misses>1367001</misses>
				<total>1</total>
				<timestamp>518.940711</timestamp>
			</report>
			<report>
				<misses>1368001</misses>
				<total>1</total>
				<timestamp>519.320414</timestamp>
			</report>
			<report>
				<misses>1369001</misses>
				<total>1</total>
				<timestamp>519.699977</timestamp>
			</report>
			<report>
				<misses>1370001</misses>
				<total>1</total>
				<timestamp>520.079602</timestamp>
			</report>
			<report>
				<misses>1371001</misses>
				<total>1</total>
				<timestamp>520.459219</timestamp>
			</report>
			<report>
				<misses>1372001</misses>
				<total>1</total>
				<timestamp>520.838825</timestamp>
			</report>
			<report>
				<misses>1373001</misses>
				<total>1</total>
				<timestamp>521.218488</timestamp>
			</report>
			<report>
				<misses>1374001</misses>
				<total>1</total>
				<timestamp>521.598060</timestamp>
			</report>
			<report>
				<misses>1375001</misses>
				<total>1</total>
				<timestamp>521.977681</timestamp>
			</report>
			<report>
				<misses>1376001</misses>
				<total>1</total>
				<timestamp>522.357400</timestamp>
			</report>
			<report>
				<misses>1377001</misses>
				<total>1</total>
				<timestamp>522.736929</timestamp>
			</report>
			<report>
				<misses>1378001</misses>
				<total>1</total>
				<timestamp>523.116556</timestamp>
			</report>
			<report>
				<misses>1379001</misses>
				<total>1</total>
				<timestamp>523.496182</timestamp>
			</report>
			<report>
				<misses>1380001</misses>
				<total>1</total>
				<timestamp>523.875832</timestamp>
			</report>
			<report>
				<misses>1381001</misses>
				<total>1</total>
				<timestamp>524.255430</timestamp>
			</report>
			<report>
				<misses>1382001</misses>
				<total>2</total>
				<timestamp>524.635023</timestamp>
			</report>
			<report>
				<misses>1383001</misses>
				<total>2</total>
				<timestamp>525.014666</timestamp>
			</report>
			<report>
				<misses>1384001</misses>
				<total>2</total>
				<timestamp>525.394296</timestamp>
			</report>
			<report>
				<misses>1385001</misses>
				<total>2</total>
				<timestamp>525.773890</timestamp>
			</report>
			<report>
				<misses>1386001</misses>
				<total>2</total>
				<timestamp>526.153494</timestamp>
			</report>
			<report>
				<misses>1387001</misses>
				<total>2</total>
				<timestamp>526.533124</timestamp>
			</report>
			<report>
				<misses>1388001</misses>
				<total>2</total>
				<timestamp>526.912777</timestamp>
			</report>
			<report>
				<misses>1389001</misses>
				<total>2</total>
				<timestamp>527.292412</timestamp>
			</report>
			<report>
				<misses>1390001</misses>
				<total>2</total>
				<timestamp>527.672011</timestamp>
			</report>
			<report>
				<misses>1391001</misses>
				<total>2</total>
				<timestamp>528.051600</timestamp>
			</report>
			<report>
				<misses>1392001</misses>
				<total>2</total>
				<timestamp>528.431289</timestamp>
			</report>
			<report>
				<misses>1393001</misses>
				<total>2</total>
				<timestamp>528.810862</timestamp>
			</report>
			<report>
				<misses>1394001</misses>
				<total>2</total>
				<timestamp>529.190495</timestamp>
			</report>
			<report>
				<misses>1395001</misses>
				<total>2</total>
				<timestamp>529.570093</timestamp>
			</report>
			<report>
				<misses>1396001</misses>
				<total>2</total>
				<timestamp>529.949712</timestamp>
			</report>
			<report>
				<misses>1397001</misses>
				<total>2</total>
				<timestamp>530.329356</timestamp>
			</report>
			<report>
				<misses>1398001</misses>
				<total>2</total>
				<timestamp>530.708949</timestamp>
			</report>
			<report>
				<misses>1399001</misses>
				<total>2</total>
				<timestamp>531.088568</timestamp>
			</report>
			<report>
				<misses>1400001</misses>
				<total>2</total>
				<timestamp>531.468179</timestamp>
			</report>
			<report>
				<misses>1401001</misses>
				<total>2</total>
				<timestamp>531.847818</timestamp>
			</report>
			<report>
				<misses>1402001</misses>
				<total>2</total>
				<timestamp>532.227479</timestamp>
			</report>
			<report>
				<misses>1403001</misses>
				<total>2</total>
				<timestamp>532.607094</timestamp>
			</report>
			<report>
				<misses>1404001</misses>
				<total>2</total>
				<timestamp>532.986679</timestamp>
			</report>
			<report>
				<misses>1405001</misses>
				<total>2</total>
				<timestamp>533.366338</timestamp>
			</report>
			<report>
				<misses>1406001</misses>
				<total>2</total>
				<timestamp>533.745920</timestamp>
			</report>
			<report>
				<misses>1407001</misses>
				<total>2</total>
				<timestamp>534.125522</timestamp>
			</report>
			<report>
				<misses>1408001</misses>
				<total>2</total>
				<timestamp>534.505145</timestamp>
			</report>
			<report>
				<misses>1409001</misses>
				<total>2</total>
				<timestamp>534.884770</timestamp>
			</report>
			<report>
				<misses>1410001</misses>
				<total>2</total>
				<timestamp>535.264425</timestamp>
			</report>
			<report>
				<misses>1411001</misses>
				<total>2</total>
				<timestamp>535.644003</timestamp>
			</report>
			<report>
				<misses>1412001</misses>
				<total>2</total>
				<timestamp>536.023639</timestamp>
			</report>
			<report>
				<misses>1413001</misses>
				<total>2</total>
				<timestamp>536.403321</timestamp>
			</report>
			<report>
				<misses>1414001</misses>
				<total>2</total>
				<timestamp>536.782884</timestamp>
			</report>
			<report>
				<misses>1415001</misses>
				<total>2</total>
				<timestamp>537.162521</timestamp>
			</report>
			<report>
				<misses>1416001</misses>
				<total>2</total>
				<timestamp>537.542125</timestamp>
			</report>
			<report>
				<misses>1417001</misses>
				<total>2</total>
				<timestamp>537.921732</timestamp>
			</report>
			<report>
				<misses>1418001</misses>
				<total>2</total>
				<timestamp>538.301411</timestamp>
			</report>
			<report>
				<misses>1419001</misses>
				<total>2</total>
				<timestamp>538.680991</timestamp>
			</report>
			<report>
				<misses>1420001</misses>
				<total>2</total>
				<timestamp>539.060590</timestamp>
			</report>
			<report>
				<misses>1421001</misses>
				<total>2</total>
				<timestamp>539.440267</timestamp>
			</report>
			<report>
				<misses>1422001</misses>
				<total>2</total>
				<timestamp>539.819826</timestamp>
			</report>
			<report>
				<misses>1423001</misses>
				<total>2</total>
				<timestamp>540.199435</timestamp>
			</report>
			<report>
				<misses>1424001</misses>
				<total>2</total>
				<timestamp>540.579074</timestamp>
			</report>
			<report>
				<misses>1425001</misses>
				<total>2</total>
				<timestamp>540.958695</timestamp>
			</report>
			<report>
				<misses>1426001</misses>
				<total>2</total>
				<timestamp>541.338309</timestamp>
			</report>
			<report>
				<misses>1427001</misses>
				<total>2</total>
				<timestamp>541.717948</timestamp>
			</report>
			<report>
				<misses>1428001</misses>
				<total>2</total>
				<timestamp>542.097547</timestamp>
			</report>
			<report>
				<misses>1429001</misses>
				<total>2</total>
				<timestamp>542.477147</timestamp>
			</report>
			<report>
				<misses>1430001</misses>
				<total>2</total>
				<timestamp>542.856822</timestamp>
			</report>
			<report>
				<misses>1431001</misses>
				<total>2</total>
				<timestamp>543.236405</timestamp>
			</report>
			<report>
				<misses>1432001</misses>
				<total>2</total>
				<timestamp>543.616072</timestamp>
			</report>
			<report>
				<misses>1433001</misses>
				<total>2</total>
				<timestamp>543.995665</timestamp>
			</report>
			<report>
				<misses>1434001</misses>
				<total>2</total>
				<timestamp>544.375273</timestamp>
			</report>
			<report>
				<misses>1435001</misses>
				<total>2</total>
				<timestamp>544.754890</timestamp>
			</report>
			<report>
				<misses>1436001</misses>
				<total>2</total>
				<timestamp>545.134503</timestamp>
			</report>
			<report>
				<misses>1437001</misses>
				<total>2</total>
				<timestamp>545.514159</timestamp>
			</report>
			<report>
				<misses>1438001</misses>
				<total>2</total>
				<timestamp>545.893795</timestamp>
			</report>
			<report>
				<misses>1439001</misses>
				<total>2</total>
				<timestamp>546.273391</timestamp>
			</report>
			<report>
				<misses>1440001</misses>
				<total>2</total>
				<timestamp>546.653078</timestamp>
			</report>
			<report>
				<misses>1441001</misses>
				<total>2</total>
				<timestamp>547.032609</timestamp>
			</report>
			<report>
				<misses>1442001</misses>
				<total>2</total>
				<timestamp>547.412257</timestamp>
			</report>
			<report>
				<misses>1443001</misses>
				<total>2</total>
				<timestamp>547.791864</timestamp>
			</report>
			<report>
				<misses>1444001</misses>
				<total>2</total>
				<timestamp>548.171474</timestamp>
			</report>
			<report>
				<misses>1445001</misses>
				<total>2</total>
				<timestamp>548.551129</timestamp>
			</report>
			<report>
				<misses>1446001</misses>
				<total>2</total>
				<timestamp>548.930718</timestamp>
			</report>
			<report>
				<misses>1447001</misses>
				<total>2</total>
				<timestamp>549.310348</timestamp>
			</report>
			<report>
				<misses>1448001</misses>
				<total>2</total>
				<timestamp>549.689953</timestamp>
			</report>
			<report>
				<misses>1449001</misses>
				<total>2</total>
				<timestamp>550.069596</timestamp>
			</report>
			<report>
				<misses>1450001</misses>
				<total>2</total>
				<timestamp>550.449226</timestamp>
			</report>
			<report>
				<misses>1451001</misses>
				<total>2</total>
				<timestamp>550.828820</timestamp>
			</report>
			<report>
				<misses>1452001</misses>
				<total>2</total>
				<timestamp>551.208423</timestamp>
			</report>
			<report>
				<misses>1453001</misses>
				<total>2</total>
				<timestamp>551.588057</timestamp>
			</report>
			<report>
				<misses>1454001</misses>
				<total>2</total>
				<timestamp>551.967675</timestamp>
			</report>
			<report>
				<misses>1455001</misses>
				<total>2</total>
				<timestamp>552.347331</timestamp>
			</report>
			<report>
				<misses>1456001</misses>
				<total>2</total>
				<timestamp>552.726931</timestamp>
			</report>
			<report>
				<misses>1457001</misses>
				<total>2</total>
				<timestamp>553.106536</timestamp>
			</report>
			<report>
				<misses>1458001</misses>
				<total>2</total>
				<timestamp>553.486184</timestamp>
			</report>
			<report>
				<misses>1459001</misses>
				<total>2</total>
				<timestamp>553.865796</timestamp>
			</report>
			<report>
				<misses>1460001</misses>
				<total>2</total>
				<timestamp>554.245387</timestamp>
			</report>
			<report>
				<misses>1461001</misses>
				<total>2</total>
				<timestamp>554.625021</timestamp>
			</report>
			<report>
				<misses>1462001</misses>
				<total>2</total>
				<timestamp>555.004640</timestamp>
			</report>
			<report>
				<misses>1463001</misses>
				<total>2</total>
				<timestamp>555.384296</timestamp>
			</report>
			<report>
				<misses>1464001</misses>
				<total>2</total>
				<timestamp>555.763895</timestamp>
			</report>
			<report>
				<misses>1465001</misses>
				<total>2</total>
				<timestamp>556.143475</timestamp>
			</report>
			<report>
				<misses>1466001</misses>
				<total>2</total>
				<timestamp>556.523198</timestamp>
			</report>
			<report>
				<misses>1467001</misses>
				<total>2</total>
				<timestamp>556.902757</timestamp>
			</report>
			<report>
				<misses>1468001</misses>
				<total>2</total>
				<timestamp>557.282359</timestamp>
			</report>
			<report>
				<misses>1469001</misses>
				<total>2</total>
				<timestamp>557.661972</timestamp>
			</report>
			<report>
				<misses>1470001</misses>
				<total>2</total>
				<timestamp>558.041593</timestamp>
			</report>
			<report>
				<misses>1471001</misses>
				<total>2</total>
				<timestamp>558.421312</timestamp>
			</report>
			<report>
				<misses>1472001</misses>
				<total>2</total>
				<timestamp>558.800840</timestamp>
			</report>
			<report>
				<misses>1473001</misses>
				<total>2</total>
				<timestamp>559.180441</timestamp>
			</report>
			<report>
				<misses>1474001</misses>
				<total>2</total>
				<timestamp>559.560114</timestamp>
			</report>
			<report>
				<misses>1475001</misses>
				<total>2</total>
				<timestamp>559.939728</timestamp>
			</report>
			<report>
				<misses>1476001</misses>
				<total>2</total>
				<timestamp>560.319315</timestamp>
			</report>
			<report>
				<misses>1477001</misses>
				<total>2</total>
				<timestamp>560.698929</timestamp>
			</report>
			<report>
				<misses>1478001</misses>
				<total>2</total>
				<timestamp>561.078562</timestamp>
			</report>
			<report>
				<misses>1479001</misses>
				<total>2</total>
				<timestamp>561.458183</timestamp>
			</report>
			<report>
				<misses>1480001</misses>
				<total>2</total>
				<timestamp>561.837791</timestamp>
			</report>
			<report>
				<misses>1481001</misses>
				<total>2</total>
				<timestamp>562.217401</timestamp>
			</report>
			<report>
				<misses>1482001</misses>
				<total>2</total>
				<timestamp>562.597067</timestamp>
			</report>
			<report>
				<misses>1483001</misses>
				<total>2</total>
				<timestamp>562.976651</timestamp>
			</report>
			<report>
				<misses>1484001</misses>
				<total>2</total>
				<timestamp>563.356255</timestamp>
			</report>
			<report>
				<misses>1485001</misses>
				<total>2</total>
				<timestamp>563.735889</timestamp>
			</report>
			<report>
				<misses>1486001</misses>
				<total>2</total>
				<timestamp>564.115512</timestamp>
			</report>
			<report>
				<misses>1487001</misses>
				<total>2</total>
				<timestamp>564.495159</timestamp>
			</report>
			<report>
				<misses>1488001</misses>
				<total>2</total>
				<timestamp>564.874801</timestamp>
			</report>
			<report>
				<misses>1489001</misses>
				<total>2</total>
				<timestamp>565.254370</timestamp>
			</report>
			<report>
				<misses>1490001</misses>
				<total>2</total>
				<timestamp>565.633990</timestamp>
			</report>
			<report>
				<misses>1491001</misses>
				<total>2</total>
				<timestamp>566.013641</timestamp>
			</report>
			<report>
				<misses>1492001</misses>
				<total>2</total>
				<timestamp>566.393254</timestamp>
			</report>
			<report>
				<misses>1493001</misses>
				<total>2</total>
				<timestamp>566.772854</timestamp>
			</report>
			<report>
				<misses>1494001</misses>
				<total>2</total>
				<timestamp>567.152500</timestamp>
			</report>
			<report>
				<misses>1495001</misses>
				<total>2</total>
				<timestamp>567.532109</timestamp>
			</report>
			<report>
				<misses>1496001</misses>
				<total>2</total>
				<timestamp>567.911697</timestamp>
			</report>
			<report>
				<misses>1497001</misses>
				<total>2</total>
				<timestamp>568.291321</timestamp>
			</report>
			<report>
				<misses>1498001</misses>
				<total>2</total>
				<timestamp>568.670940</timestamp>
			</report>
			<report>
				<misses>1499001</misses>
				<total>2</total>
				<timestamp>569.050574</timestamp>
			</report>
			<report>
				<misses>1500001</misses>
				<total>2</total>
				<timestamp>569.430179</timestamp>
			</report>
			<report>
				<misses>1501001</misses>
				<total>2</total>
				<timestamp>569.809857</timestamp>
			</report>
			<report>
				<misses>1502001</misses>
				<total>2</total>
				<timestamp>570.189449</timestamp>
			</report>
			<report>
				<misses>1503001</misses>
				<total>2</total>
				<timestamp>570.569113</timestamp>
			</report>
			<report>
				<misses>1504001</misses>
				<total>2</total>
				<timestamp>570.948710</timestamp>
			</report>
			<report>
				<misses>1505001</misses>
				<total>2</total>
				<timestamp>571.328278</timestamp>
			</report>
			<report>
				<misses>1506001</misses>
				<total>2</total>
				<timestamp>571.707987</timestamp>
			</report>
			<report>
				<misses>1507001</misses>
				<total>2</total>
				<timestamp>572.087551</timestamp>
			</report>
			<report>
				<misses>1508001</misses>
				<total>2</total>
				<timestamp>572.467165</timestamp>
			</report>
			<report>
				<misses>1509001</misses>
				<total>2</total>
				<timestamp>572.846757</timestamp>
			</report>
			<report>
				<misses>1510001</misses>
				<total>2</total>
				<timestamp>573.226402</timestamp>
			</report>
			<report>
				<misses>1511001</misses>
				<total>2</total>
				<timestamp>573.606025</timestamp>
			</report>
			<report>
				<misses>1512001</misses>
				<total>2</total>
				<timestamp>573.985657</timestamp>
			</report>
			<report>
				<misses>1513001</misses>
				<total>2</total>
				<timestamp>574.365261</timestamp>
			</report>
			<report>
				<misses>1514001</misses>
				<total>2</total>
				<timestamp>574.744864</timestamp>
			</report>
			<report>
				<misses>1515001</misses>
				<total>2</total>
				<timestamp>575.124529</timestamp>
			</report>
			<report>
				<misses>1516001</misses>
				<total>2</total>
				<timestamp>575.504157</timestamp>
			</report>
			<report>
				<misses>1517001</misses>
				<total>2</total>
				<timestamp>575.883748</timestamp>
			</report>
			<report>
				<misses>1518001</misses>
				<total>2</total>
				<timestamp>576.263356</timestamp>
			</report>
			<report>
				<misses>1519001</misses>
				<total>2</total>
				<timestamp>576.642995</timestamp>
			</report>
			<report>
				<misses>1520001</misses>
				<total>2</total>
				<timestamp>577.022601</timestamp>
			</report>
			<report>
				<misses>1521001</misses>
				<total>2</total>
				<timestamp>577.402206</timestamp>
			</report>
			<report>
				<misses>1522001</misses>
				<total>2</total>
				<timestamp>577.781837</timestamp>
			</report>
			<report>
				<misses>1523001</misses>
				<total>2</total>
				<timestamp>578.161449</timestamp>
			</report>
			<report>
				<misses>1524001</misses>
				<total>2</total>
				<timestamp>578.541081</timestamp>
			</report>
			<report>
				<misses>1525001</misses>
				<total>2</total>
				<timestamp>578.920676</timestamp>
			</report>
			<report>
				<misses>1526001</misses>
				<total>2</total>
				<timestamp>579.300317</timestamp>
			</report>
			<report>
				<misses>1527001</misses>
				<total>2</total>
				<timestamp>579.679957</timestamp>
			</report>
			<report>
				<misses>1528001</misses>
				<total>2</total>
				<timestamp>580.059553</timestamp>
			</report>
			<report>
				<misses>1529001</misses>
				<total>2</total>
				<timestamp>580.439180</timestamp>
			</report>
			<report>
				<misses>1530001</misses>
				<total>2</total>
				<timestamp>580.818797</timestamp>
			</report>
			<report>
				<misses>1531001</misses>
				<total>2</total>
				<timestamp>581.198420</timestamp>
			</report>
			<report>
				<misses>1532001</misses>
				<total>2</total>
				<timestamp>581.578059</timestamp>
			</report>
			<report>
				<misses>1533001</misses>
				<total>2</total>
				<timestamp>581.957671</timestamp>
			</report>
			<report>
				<misses>1534001</misses>
				<total>2</total>
				<timestamp>582.337294</timestamp>
			</report>
			<report>
				<misses>1535001</misses>
				<total>2</total>
				<timestamp>582.716900</timestamp>
			</report>
			<report>
				<misses>1536001</misses>
				<total>2</total>
				<timestamp>583.096547</timestamp>
			</report>
			<report>
				<misses>1537001</misses>
				<total>2</total>
				<timestamp>583.476130</timestamp>
			</report>
			<report>
				<misses>1538001</misses>
				<total>2</total>
				<timestamp>583.855750</timestamp>
			</report>
			<report>
				<misses>1539001</misses>
				<total>2</total>
				<timestamp>584.235372</timestamp>
			</report>
			<report>
				<misses>1540001</misses>
				<total>2</total>
				<timestamp>584.615003</timestamp>
			</report>
			<report>
				<misses>1541001</misses>
				<total>2</total>
				<timestamp>584.994635</timestamp>
			</report>
			<report>
				<misses>1542001</misses>
				<total>2</total>
				<timestamp>585.374222</timestamp>
			</report>
			<report>
				<misses>1543001</misses>
				<total>2</total>
				<timestamp>585.753841</timestamp>
			</report>
			<report>
				<misses>1544001</misses>
				<total>2</total>
				<timestamp>586.133463</timestamp>
			</report>
			<report>
				<misses>1545001</misses>
				<total>2</total>
				<timestamp>586.513123</timestamp>
			</report>
			<report>
				<misses>1546001</misses>
				<total>2</total>
				<timestamp>586.892699</timestamp>
			</report>
			<report>
				<misses>1547001</misses>
				<total>2</total>
				<timestamp>587.272348</timestamp>
			</report>
			<report>
				<misses>1548001</misses>
				<total>2</total>
				<timestamp>587.651951</timestamp>
			</report>
			<report>
				<misses>1549001</misses>
				<total>2</total>
				<timestamp>588.031596</timestamp>
			</report>
			<report>
				<misses>1550001</misses>
				<total>2</total>
				<timestamp>588.411173</timestamp>
			</report>
			<report>
				<misses>1551001</misses>
				<total>2</total>
				<timestamp>588.790793</timestamp>
			</report>
			<report>
				<misses>1552001</misses>
				<total>2</total>
				<timestamp>589.170414</timestamp>
			</report>
			<report>
				<misses>1553001</misses>
				<total>2</total>
				<timestamp>589.550060</timestamp>
			</report>
			<report>
				<misses>1554001</misses>
				<total>2</total>
				<timestamp>589.929690</timestamp>
			</report>
			<report>
				<misses>1555001</misses>
				<total>2</total>
				<timestamp>590.309292</timestamp>
			</report>
			<report>
				<misses>1556001</misses>
				<total>2</total>
				<timestamp>590.688906</timestamp>
			</report>
			<report>
				<misses>1557001</misses>
				<total>2</total>
				<timestamp>591.068541</timestamp>
			</report>
			<report>
				<misses>1558001</misses>
				<total>2</total>
				<timestamp>591.448133</timestamp>
			</report>
			<report>
				<misses>1559001</misses>
				<total>2</total>
				<timestamp>591.827771</timestamp>
			</report>
			<report>
				<misses>1560001</misses>
				<total>2</total>
				<timestamp>592.207395</timestamp>
			</report>
			<report>
				<misses>1561001</misses>
				<total>2</total>
				<timestamp>592.587052</timestamp>
			</report>
			<report>
				<misses>1562001</misses>
				<total>2</total>
				<timestamp>592.966622</timestamp>
			</report>
			<report>
				<misses>1563001</misses>
				<total>2</total>
				<timestamp>593.346276</timestamp>
			</report>
			<report>
				<misses>1564001</misses>
				<total>2</total>
				<timestamp>593.725898</timestamp>
			</report>
			<report>
				<misses>1565001</misses>
				<total>2</total>
				<timestamp>594.105470</timestamp>
			</report>
			<report>
				<misses>1566001</misses>
				<total>2</total>
				<timestamp>594.485115</timestamp>
			</report>
			<report>
				<misses>1567001</misses>
				<total>2</total>
				<timestamp>594.864743</timestamp>
			</report>
			<report>
				<misses>1568001</misses>
				<total>2</total>
				<timestamp>595.244350</timestamp>
			</report>
			<report>
				<misses>1569001</misses>
				<total>2</total>
				<timestamp>595.623989</timestamp>
			</report>
			<report>
				<misses>1570001</misses>
				<total>2</total>
				<timestamp>596.003595</timestamp>
			</report>
			<report>
				<misses>1571001</misses>
				<total>2</total>
				<timestamp>596.383194</timestamp>
			</report>
			<report>
				<misses>1572001</misses>
				<total>2</total>
				<timestamp>596.762847</timestamp>
			</report>
			<report>
				<misses>1573001</misses>
				<total>2</total>
				<timestamp>597.142434</timestamp>
			</report>
			<report>
				<misses>1574001</misses>
				<total>2</total>
				<timestamp>597.522063</timestamp>
			</report>
			<report>
				<misses>1575001</misses>
				<total>2</total>
				<timestamp>597.901675</timestamp>
			</report>
			<report>
				<misses>1576001</misses>
				<total>2</total>
				<timestamp>598.281297</timestamp>
			</report>
			<report>
				<misses>1577001</misses>
				<total>2</total>
				<timestamp>598.660933</timestamp>
			</report>
			<report>
				<misses>1578001</misses>
				<total>2</total>
				<timestamp>599.040533</timestamp>
			</report>
			<report>
				<misses>1579001</misses>
				<total>2</total>
				<timestamp>599.420155</timestamp>
			</report>
			<report>
				<misses>1580001</misses>
				<total>2</total>
				<timestamp>599.799779</timestamp>
			</report>
			<report>
				<misses>1581001</misses>
				<total>2</total>
				<timestamp>600.179396</timestamp>
			</report>
			<report>
				<misses>1582001</misses>
				<total>2</total>
				<timestamp>600.559047</timestamp>
			</report>
			<report>
				<misses>1583001</misses>
				<total>2</total>
				<timestamp>600.938659</timestamp>
			</report>
			<report>
				<misses>1584001</misses>
				<total>2</total>
				<timestamp>601.318275</timestamp>
			</report>
			<report>
				<misses>1585001</misses>
				<total>2</total>
				<timestamp>601.697875</timestamp>
			</report>
			<report>
				<misses>1586001</misses>
				<total>2</total>
				<timestamp>602.077503</timestamp>
			</report>
			<report>
				<misses>1587001</misses>
				<total>2</total>
				<timestamp>602.457121</timestamp>
			</report>
			<report>
				<misses>1588001</misses>
				<total>2</total>
				<timestamp>602.836750</timestamp>
			</report>
			<report>
				<misses>1589001</misses>
				<total>2</total>
				<timestamp>603.216340</timestamp>
			</report>
			<report>
				<misses>1590001</misses>
				<total>2</total>
				<timestamp>603.596044</timestamp>
			</report>
			<report>
				<misses>1591001</misses>
				<total>2</total>
				<timestamp>603.975602</timestamp>
			</report>
			<report>
				<misses>1592001</misses>
				<total>2</total>
				<timestamp>604.355260</timestamp>
			</report>
			<report>
				<misses>1593001</misses>
				<total>2</total>
				<timestamp>604.734874</timestamp>
			</report>
			<report>
				<misses>1594001</misses>
				<total>2</total>
				<timestamp>605.114508</timestamp>
			</report>
			<report>
				<misses>1595001</misses>
				<total>2</total>
				<timestamp>605.494084</timestamp>
			</report>
			<report>
				<misses>1596001</misses>
				<total>2</total>
				<timestamp>605.873683</timestamp>
			</report>
			<report>
				<misses>1597001</misses>
				<total>2</total>
				<timestamp>606.253359</timestamp>
			</report>
			<report>
				<misses>1598001</misses>
				<total>2</total>
				<timestamp>606.632934</timestamp>
			</report>
			<report>
				<misses>1599001</misses>
				<total>2</total>
				<timestamp>607.012568</timestamp>
			</report>
			<report>
				<misses>1600001</misses>
				<total>2</total>
				<timestamp>607.392179</timestamp>
			</report>
			<report>
				<misses>1601001</misses>
				<total>2</total>
				<timestamp>607.771832</timestamp>
			</report>
			<report>
				<misses>1602001</misses>
				<total>2</total>
				<timestamp>608.151415</timestamp>
			</report>
			<report>
				<misses>1603001</misses>
				<total>2</total>
				<timestamp>608.531050</timestamp>
			</report>
			<report>
				<misses>1604001</misses>
				<total>2</total>
				<timestamp>608.910675</timestamp>
			</report>
			<report>
				<misses>1605001</misses>
				<total>2</total>
				<timestamp>609.290292</timestamp>
			</report>
			<report>
				<misses>1606001</misses>
				<total>2</total>
				<timestamp>609.669961</timestamp>
			</report>
			<report>
				<misses>1607001</misses>
				<total>2</total>
				<timestamp>610.049540</timestamp>
			</report>
			<report>
				<misses>1608001</misses>
				<total>2</total>
				<timestamp>610.429145</timestamp>
			</report>
			<report>
				<misses>1609001</misses>
				<total>2</total>
				<timestamp>610.808806</timestamp>
			</report>
			<report>
				<misses>1610001</misses>
				<total>2</total>
				<timestamp>611.188397</timestamp>
			</report>
			<report>
				<misses>1611001</misses>
				<total>2</total>
				<timestamp>611.568011</timestamp>
			</report>
			<report>
				<misses>1612001</misses>
				<total>2</total>
				<timestamp>611.947656</timestamp>
			</report>
			<report>
				<misses>1613001</misses>
				<total>2</total>
				<timestamp>612.327263</timestamp>
			</report>
			<report>
				<misses>1614001</misses>
				<total>2</total>
				<timestamp>612.706876</timestamp>
			</report>
			<report>
				<misses>1615001</misses>
				<total>2</total>
				<timestamp>613.086477</timestamp>
			</report>
			<report>
				<misses>1616001</misses>
				<total>2</total>
				<timestamp>613.466107</timestamp>
			</report>
			<report>
				<misses>1617001</misses>
				<total>2</total>
				<timestamp>613.845736</timestamp>
			</report>
			<report>
				<misses>1618001</misses>
				<total>2</total>
				<timestamp>614.225368</timestamp>
			</report>
			<report>
				<misses>1619001</misses>
				<total>2</total>
				<timestamp>614.604971</timestamp>
			</report>
			<report>
				<misses>1620001</misses>
				<total>2</total>
				<timestamp>614.984620</timestamp>
			</report>
			<report>
				<misses>1621001</misses>
				<total>2</total>
				<timestamp>615.364224</timestamp>
			</report>
			<report>
				<misses>1622001</misses>
				<total>2</total>
				<timestamp>615.743838</timestamp>
			</report>
			<report>
				<misses>1623001</misses>
				<total>2</total>
				<timestamp>616.123431</timestamp>
			</report>
			<report>
				<misses>1624001</misses>
				<total>2</total>
				<timestamp>616.503052</timestamp>
			</report>
			<report>
				<misses>1625001</misses>
				<total>2</total>
				<timestamp>616.882725</timestamp>
			</report>
			<report>
				<misses>1626001</misses>
				<total>2</total>
				<timestamp>617.262337</timestamp>
			</report>
			<report>
				<misses>1627001</misses>
				<total>2</total>
				<timestamp>617.641962</timestamp>
			</report>
			<report>
				<misses>1628001</misses>
				<total>2</total>
				<timestamp>618.021547</timestamp>
			</report>
			<report>
				<misses>1629001</misses>
				<total>2</total>
				<timestamp>618.401171</timestamp>
			</report>
			<report>
				<misses>1630001</misses>
				<total>2</total>
				<timestamp>618.780778</timestamp>
			</report>
			<report>
				<misses>1631001</misses>
				<total>2</total>
				<timestamp>619.160404</timestamp>
			</report>
			<report>
				<misses>1632001</misses>
				<total>2</total>
				<timestamp>619.540039</timestamp>
			</report>
			<report>
				<misses>1633001</misses>
				<total>2</total>
				<timestamp>619.919650</timestamp>
			</report>
			<report>
				<misses>1634001</misses>
				<total>2</total>
				<timestamp>620.299255</timestamp>
			</report>
			<report>
				<misses>1635001</misses>
				<total>2</total>
				<timestamp>620.678889</timestamp>
			</report>
			<report>
				<misses>1636001</misses>
				<total>2</total>
				<timestamp>621.058508</timestamp>
			</report>
			<report>
				<misses>1637001</misses>
				<total>2</total>
				<timestamp>621.438127</timestamp>
			</report>
			<report>
				<misses>1638001</misses>
				<total>2</total>
				<timestamp>621.817787</timestamp>
			</report>
			<report>
				<misses>1639001</misses>
				<total>2</total>
				<timestamp>622.197373</timestamp>
			</report>
			<report>
				<misses>1640001</misses>
				<total>2</total>
				<timestamp>622.576993</timestamp>
			</report>
			<report>
				<misses>1641001</misses>
				<total>2</total>
				<timestamp>622.956645</timestamp>
			</report>
			<report>
				<misses>1642001</misses>
				<total>2</total>
				<timestamp>623.336250</timestamp>
			</report>
			<report>
				<misses>1643001</misses>
				<total>2</total>
				<timestamp>623.715879</timestamp>
			</report>
			<report>
				<misses>1644001</misses>
				<total>2</total>
				<timestamp>624.095458</timestamp>
			</report>
			<report>
				<misses>1645001</misses>
				<total>2</total>
				<timestamp>624.475081</timestamp>
			</report>
			<report>
				<misses>1646001</misses>
				<total>2</total>
				<timestamp>624.854732</timestamp>
			</report>
			<report>
				<misses>1647001</misses>
				<total>2</total>
				<timestamp>625.234319</timestamp>
			</report>
			<report>
				<misses>1648001</misses>
				<total>2</total>
				<timestamp>625.613962</timestamp>
			</report>
			<report>
				<misses>1649001</misses>
				<total>2</total>
				<timestamp>625.993557</timestamp>
			</report>
			<report>
				<misses>1650001</misses>
				<total>2</total>
				<timestamp>626.373187</timestamp>
			</report>
			<report>
				<misses>1651001</misses>
				<total>2</total>
				<timestamp>626.752798</timestamp>
			</report>
			<report>
				<misses>1652001</misses>
				<total>2</total>
				<timestamp>627.132431</timestamp>
			</report>
			<report>
				<misses>1653001</misses>
				<total>2</total>
				<timestamp>627.512040</timestamp>
			</report>
			<report>
				<misses>1654001</misses>
				<total>2</total>
				<timestamp>627.891715</timestamp>
			</report>
			<report>
				<misses>1655001</misses>
				<total>2</total>
				<timestamp>628.271292</timestamp>
			</report>
			<report>
				<misses>1656001</misses>
				<total>2</total>
				<timestamp>628.650912</timestamp>
			</report>
			<report>
				<misses>1657001</misses>
				<total>2</total>
				<timestamp>629.030515</timestamp>
			</report>
			<report>
				<misses>1658001</misses>
				<total>2</total>
				<timestamp>629.410160</timestamp>
			</report>
			<report>
				<misses>1659001</misses>
				<total>2</total>
				<timestamp>629.789756</timestamp>
			</report>
			<report>
				<misses>1660001</misses>
				<total>2</total>
				<timestamp>630.169428</timestamp>
			</report>
			<report>
				<misses>1661001</misses>
				<total>2</total>
				<timestamp>630.548997</timestamp>
			</report>
			<report>
				<misses>1662001</misses>
				<total>2</total>
				<timestamp>630.928621</timestamp>
			</report>
			<report>
				<misses>1663001</misses>
				<total>2</total>
				<timestamp>631.308257</timestamp>
			</report>
			<report>
				<misses>1664001</misses>
				<total>2</total>
				<timestamp>631.687852</timestamp>
			</report>
			<report>
				<misses>1665001</misses>
				<total>2</total>
				<timestamp>632.067481</timestamp>
			</report>
			<report>
				<misses>1666001</misses>
				<total>2</total>
				<timestamp>632.447107</timestamp>
			</report>
			<report>
				<misses>1667001</misses>
				<total>2</total>
				<timestamp>632.826741</timestamp>
			</report>
			<report>
				<misses>1668001</misses>
				<total>2</total>
				<timestamp>633.206367</timestamp>
			</report>
			<report>
				<misses>1669001</misses>
				<total>1</total>
				<timestamp>633.586048</timestamp>
			</report>
			<report>
				<misses>1670001</misses>
				<total>2</total>
				<timestamp>633.965601</timestamp>
			</report>
			<report>
				<misses>1671001</misses>
				<total>2</total>
				<timestamp>634.345197</timestamp>
			</report>
			<report>
				<misses>1672001</misses>
				<total>2</total>
				<timestamp>634.724836</timestamp>
			</report>
			<report>
				<misses>1673001</misses>
				<total>2</total>
				<timestamp>635.104436</timestamp>
			</report>
			<report>
				<misses>1674001</misses>
				<total>2</total>
				<timestamp>635.484060</timestamp>
			</report>
			<report>
				<misses>1675001</misses>
				<total>2</total>
				<timestamp>635.863691</timestamp>
			</report>
			<report>
				<misses>1676001</misses>
				<total>2</total>
				<timestamp>636.243316</timestamp>
			</report>
			<report>
				<misses>1677001</misses>
				<total>2</total>
				<timestamp>636.622960</timestamp>
			</report>
			<report>
				<misses>1678001</misses>
				<total>2</total>
				<timestamp>637.002548</timestamp>
			</report>
			<report>
				<misses>1679001</misses>
				<total>2</total>
				<timestamp>637.382156</timestamp>
			</report>
			<report>
				<misses>1680001</misses>
				<total>2</total>
				<timestamp>637.761819</timestamp>
			</report>
			<report>
				<misses>1681001</misses>
				<total>2</total>
				<timestamp>638.141408</timestamp>
			</report>
			<report>
				<misses>1682001</misses>
				<total>2</total>
				<timestamp>638.521017</timestamp>
			</report>
			<report>
				<misses>1683001</misses>
				<total>2</total>
				<timestamp>638.900630</timestamp>
			</report>
			<report>
				<misses>1684001</misses>
				<total>2</total>
				<timestamp>639.280252</timestamp>
			</report>
			<report>
				<misses>1685001</misses>
				<total>2</total>
				<timestamp>639.659890</timestamp>
			</report>
			<report>
				<misses>1686001</misses>
				<total>2</total>
				<timestamp>640.039494</timestamp>
			</report>
			<report>
				<misses>1687001</misses>
				<total>2</total>
				<timestamp>640.419131</timestamp>
			</report>
			<report>
				<misses>1688001</misses>
				<total>2</total>
				<timestamp>640.798775</timestamp>
			</report>
			<report>
				<misses>1689001</misses>
				<total>2</total>
				<timestamp>641.178411</timestamp>
			</report>
			<report>
				<misses>1690001</misses>
				<total>2</total>
				<timestamp>641.557982</timestamp>
			</report>
			<report>
				<misses>1691001</misses>
				<total>2</total>
				<timestamp>641.937680</timestamp>
			</report>
			<report>
				<misses>1692001</misses>
				<total>2</total>
				<timestamp>642.317298</timestamp>
			</report>
			<report>
				<misses>1693001</misses>
				<total>2</total>
				<timestamp>642.696870</timestamp>
			</report>
			<report>
				<misses>1694001</misses>
				<total>2</total>
				<timestamp>643.076488</timestamp>
			</report>
			<report>
				<misses>1695001</misses>
				<total>2</total>
				<timestamp>643.456081</timestamp>
			</report>
			<report>
				<misses>1696001</misses>
				<total>2</total>
				<timestamp>643.835726</timestamp>
			</report>
			<report>
				<misses>1697001</misses>
				<total>2</total>
				<timestamp>644.215321</timestamp>
			</report>
			<report>
				<misses>1698001</misses>
				<total>2</total>
				<timestamp>644.594942</timestamp>
			</report>
			<report>
				<misses>1699001</misses>
				<total>2</total>
				<timestamp>644.974624</timestamp>
			</report>
			<report>
				<misses>1700001</misses>
				<total>2</total>
				<timestamp>645.354163</timestamp>
			</report>
			<report>
				<misses>1701001</misses>
				<total>2</total>
				<timestamp>645.733826</timestamp>
			</report>
			<report>
				<misses>1702001</misses>
				<total>2</total>
				<timestamp>646.113448</timestamp>
			</report>
			<report>
				<misses>1703001</misses>
				<total>2</total>
				<timestamp>646.493054</timestamp>
			</report>
			<report>
				<misses>1704001</misses>
				<total>2</total>
				<timestamp>646.872680</timestamp>
			</report>
			<report>
				<misses>1705001</misses>
				<total>2</total>
				<timestamp>647.252302</timestamp>
			</report>
			<report>
				<misses>1706001</misses>
				<total>2</total>
				<timestamp>647.631939</timestamp>
			</report>
			<report>
				<misses>1707001</misses>
				<total>2</total>
				<timestamp>648.011541</timestamp>
			</report>
			<report>
				<misses>1708001</misses>
				<total>2</total>
				<timestamp>648.391139</timestamp>
			</report>
			<report>
				<misses>1709001</misses>
				<total>2</total>
				<timestamp>648.770789</timestamp>
			</report>
			<report>
				<misses>1710001</misses>
				<total>2</total>
				<timestamp>649.150383</timestamp>
			</report>
			<report>
				<misses>1711001</misses>
				<total>2</total>
				<timestamp>649.530024</timestamp>
			</report>
			<report>
				<misses>1712001</misses>
				<total>2</total>
				<timestamp>649.909614</timestamp>
			</report>
			<report>
				<misses>1713001</misses>
				<total>2</total>
				<timestamp>650.289270</timestamp>
			</report>
			<report>
				<misses>1714001</misses>
				<total>2</total>
				<timestamp>650.668906</timestamp>
			</report>
			<report>
				<misses>1715001</misses>
				<total>2</total>
				<timestamp>651.048526</timestamp>
			</report>
			<report>
				<misses>1716001</misses>
				<total>2</total>
				<timestamp>651.428090</timestamp>
			</report>
			<report>
				<misses>1717001</misses>
				<total>2</total>
				<timestamp>651.807715</timestamp>
			</report>
			<report>
				<misses>1718001</misses>
				<total>2</total>
				<timestamp>652.187370</timestamp>
			</report>
			<report>
				<misses>1719001</misses>
				<total>2</total>
				<timestamp>652.566963</timestamp>
			</report>
			<report>
				<misses>1720001</misses>
				<total>2</total>
				<timestamp>652.946632</timestamp>
			</report>
			<report>
				<misses>1721001</misses>
				<total>2</total>
				<timestamp>653.326214</timestamp>
			</report>
			<report>
				<misses>1722001</misses>
				<total>2</total>
				<timestamp>653.705833</timestamp>
			</report>
			<report>
				<misses>1723001</misses>
				<total>2</total>
				<timestamp>654.085462</timestamp>
			</report>
			<report>
				<misses>1724001</misses>
				<total>2</total>
				<timestamp>654.465066</timestamp>
			</report>
			<report>
				<misses>1725001</misses>
				<total>2</total>
				<timestamp>654.844693</timestamp>
			</report>
			<report>
				<misses>1726001</misses>
				<total>2</total>
				<timestamp>655.224304</timestamp>
			</report>
			<report>
				<misses>1727001</misses>
				<total>2</total>
				<timestamp>655.603914</timestamp>
			</report>
			<report>
				<misses>1728001</misses>
				<total>2</total>
				<timestamp>655.983558</timestamp>
			</report>
			<report>
				<misses>1729001</misses>
				<total>2</total>
				<timestamp>656.363157</timestamp>
			</report>
			<report>
				<misses>1730001</misses>
				<total>2</total>
				<timestamp>656.742783</timestamp>
			</report>
			<report>
				<misses>1731001</misses>
				<total>2</total>
				<timestamp>657.122402</timestamp>
			</report>
			<report>
				<misses>1732001</misses>
				<total>2</total>
				<timestamp>657.502028</timestamp>
			</report>
			<report>
				<misses>1733001</misses>
				<total>2</total>
				<timestamp>657.881641</timestamp>
			</report>
			<report>
				<misses>1734001</misses>
				<total>2</total>
				<timestamp>658.261269</timestamp>
			</report>
			<report>
				<misses>1735001</misses>
				<total>2</total>
				<timestamp>658.640884</timestamp>
			</report>
			<report>
				<misses>1736001</misses>
				<total>2</total>
				<timestamp>659.020535</timestamp>
			</report>
			<report>
				<misses>1737001</misses>
				<total>2</total>
				<timestamp>659.400111</timestamp>
			</report>
			<report>
				<misses>1738001</misses>
				<total>2</total>
				<timestamp>659.779754</timestamp>
			</report>
			<report>
				<misses>1739001</misses>
				<total>2</total>
				<timestamp>660.159365</timestamp>
			</report>
			<report>
				<misses>1740001</misses>
				<total>2</total>
				<timestamp>660.539001</timestamp>
			</report>
			<report>
				<misses>1741001</misses>
				<total>2</total>
				<timestamp>660.918599</timestamp>
			</report>
			<report>
				<misses>1742001</misses>
				<total>2</total>
				<timestamp>661.298301</timestamp>
			</report>
			<report>
				<misses>1743001</misses>
				<total>2</total>
				<timestamp>661.677838</timestamp>
			</report>
			<report>
				<misses>1744001</misses>
				<total>2</total>
				<timestamp>662.057496</timestamp>
			</report>
			<report>
				<misses>1745001</misses>
				<total>2</total>
				<timestamp>662.437101</timestamp>
			</report>
			<report>
				<misses>1746001</misses>
				<total>2</total>
				<timestamp>662.816696</timestamp>
			</report>
			<report>
				<misses>1747001</misses>
				<total>2</total>
				<timestamp>663.196350</timestamp>
			</report>
			<report>
				<misses>1748001</misses>
				<total>2</total>
				<timestamp>663.575966</timestamp>
			</report>
			<report>
				<misses>1749001</misses>
				<total>2</total>
				<timestamp>663.955614</timestamp>
			</report>
			<report>
				<misses>1750001</misses>
				<total>2</total>
				<timestamp>664.335178</timestamp>
			</report>
			<report>
				<misses>1751001</misses>
				<total>2</total>
				<timestamp>664.714785</timestamp>
			</report>
			<report>
				<misses>1752001</misses>
				<total>2</total>
				<timestamp>665.094410</timestamp>
			</report>
			<report>
				<misses>1753001</misses>
				<total>2</total>
				<timestamp>665.474040</timestamp>
			</report>
			<report>
				<misses>1754001</misses>
				<total>2</total>
				<timestamp>665.853669</timestamp>
			</report>
			<report>
				<misses>1755001</misses>
				<total>2</total>
				<timestamp>666.233276</timestamp>
			</report>
			<report>
				<misses>1756001</misses>
				<total>2</total>
				<timestamp>666.612965</timestamp>
			</report>
			<report>
				<misses>1757001</misses>
				<total>2</total>
				<timestamp>666.992530</timestamp>
			</report>
			<report>
				<misses>1758001</misses>
				<total>2</total>
				<timestamp>667.372127</timestamp>
			</report>
			<report>
				<misses>1759001</misses>
				<total>2</total>
				<timestamp>667.751787</timestamp>
			</report>
			<report>
				<misses>1760001</misses>
				<total>2</total>
				<timestamp>668.131422</timestamp>
			</report>
			<report>
				<misses>1761001</misses>
				<total>2</total>
				<timestamp>668.510990</timestamp>
			</report>
			<report>
				<misses>1762001</misses>
				<total>2</total>
				<timestamp>668.890647</timestamp>
			</report>
			<report>
				<misses>1763001</misses>
				<total>2</total>
				<timestamp>669.270287</timestamp>
			</report>
			<report>
				<misses>1764001</misses>
				<total>2</total>
				<timestamp>669.649868</timestamp>
			</report>
			<report>
				<misses>1765001</misses>
				<total>2</total>
				<timestamp>670.029486</timestamp>
			</report>
			<report>
				<misses>1766001</misses>
				<total>2</total>
				<timestamp>670.409100</timestamp>
			</report>
			<report>
				<misses>1767001</misses>
				<total>2</total>
				<timestamp>670.788722</timestamp>
			</report>
			<report>
				<misses>1768001</misses>
				<total>2</total>
				<timestamp>671.168406</timestamp>
			</report>
			<report>
				<misses>1769001</misses>
				<total>2</total>
				<timestamp>671.547993</timestamp>
			</report>
			<report>
				<misses>1770001</misses>
				<total>2</total>
				<timestamp>671.927592</timestamp>
			</report>
			<report>
				<misses>1771001</misses>
				<total>2</total>
				<timestamp>672.307230</timestamp>
			</report>
			<report>
				<misses>1772001</misses>
				<total>2</total>
				<timestamp>672.686823</timestamp>
			</report>
			<report>
				<misses>1773001</misses>
				<total>2</total>
				<timestamp>673.066454</timestamp>
			</report>
			<report>
				<misses>1774001</misses>
				<total>2</total>
				<timestamp>673.446053</timestamp>
			</report>
			<report>
				<misses>1775001</misses>
				<total>2</total>
				<timestamp>673.825692</timestamp>
			</report>
			<report>
				<misses>1776001</misses>
				<total>2</total>
				<timestamp>674.205294</timestamp>
			</report>
			<report>
				<misses>1777001</misses>
				<total>2</total>
				<timestamp>674.584917</timestamp>
			</report>
			<report>
				<misses>1778001</misses>
				<total>2</total>
				<timestamp>674.964563</timestamp>
			</report>
			<report>
				<misses>1779001</misses>
				<total>2</total>
				<timestamp>675.344139</timestamp>
			</report>
			<report>
				<misses>1780001</misses>
				<total>2</total>
				<timestamp>675.723786</timestamp>
			</report>
			<report>
				<misses>1781001</misses>
				<total>2</total>
				<timestamp>676.103415</timestamp>
			</report>
			<report>
				<misses>1782001</misses>
				<total>2</total>
				<timestamp>676.483015</timestamp>
			</report>
			<report>
				<misses>1783001</misses>
				<total>2</total>
				<timestamp>676.862653</timestamp>
			</report>
			<report>
				<misses>1784001</misses>
				<total>2</total>
				<timestamp>677.242283</timestamp>
			</report>
			<report>
				<misses>1785001</misses>
				<total>2</total>
				<timestamp>677.621904</timestamp>
			</report>
			<report>
				<misses>1786001</misses>
				<total>2</total>
				<timestamp>678.001513</timestamp>
			</report>
			<report>
				<misses>1787001</misses>
				<total>2</total>
				<timestamp>678.381122</timestamp>
			</report>
			<report>
				<misses>1788001</misses>
				<total>2</total>
				<timestamp>678.760750</timestamp>
			</report>
			<report>
				<misses>1789001</misses>
				<total>2</total>
				<timestamp>679.140392</timestamp>
			</report>
			<report>
				<misses>1790001</misses>
				<total>2</total>
				<timestamp>679.519970</timestamp>
			</report>
			<report>
				<misses>1791001</misses>
				<total>2</total>
				<timestamp>679.899589</timestamp>
			</report>
			<report>
				<misses>1792001</misses>
				<total>2</total>
				<timestamp>680.279254</timestamp>
			</report>
			<report>
				<misses>1793001</misses>
				<total>2</total>
				<timestamp>680.658842</timestamp>
			</report>
			<report>
				<misses>1794001</misses>
				<total>2</total>
				<timestamp>681.038524</timestamp>
			</report>
			<report>
				<misses>1795001</misses>
				<total>2</total>
				<timestamp>681.418083</timestamp>
			</report>
			<report>
				<misses>1796001</misses>
				<total>2</total>
				<timestamp>681.797688</timestamp>
			</report>
			<report>
				<misses>1797001</misses>
				<total>2</total>
				<timestamp>682.177374</timestamp>
			</report>
			<report>
				<misses>1798001</misses>
				<total>2</total>
				<timestamp>682.556939</timestamp>
			</report>
			<report>
				<misses>1799001</misses>
				<total>2</total>
				<timestamp>682.936553</timestamp>
			</report>
			<report>
				<misses>1800001</misses>
				<total>2</total>
				<timestamp>683.316202</timestamp>
			</report>
			<report>
				<misses>1801001</misses>
				<total>2</total>
				<timestamp>683.695788</timestamp>
			</report>
			<report>
				<misses>1802001</misses>
				<total>2</total>
				<timestamp>684.075509</timestamp>
			</report>
			<report>
				<misses>1803001</misses>
				<total>2</total>
				<timestamp>684.455037</timestamp>
			</report>
			<report>
				<misses>1804001</misses>
				<total>2</total>
				<timestamp>684.834665</timestamp>
			</report>
			<report>
				<misses>1805001</misses>
				<total>2</total>
				<timestamp>685.214290</timestamp>
			</report>
			<report>
				<misses>1806001</misses>
				<total>2</total>
				<timestamp>685.593952</timestamp>
			</report>
			<report>
				<misses>1807001</misses>
				<total>2</total>
				<timestamp>685.973541</timestamp>
			</report>
			<report>
				<misses>1808001</misses>
				<total>2</total>
				<timestamp>686.353138</timestamp>
			</report>
			<report>
				<misses>1809001</misses>
				<total>2</total>
				<timestamp>686.732755</timestamp>
			</report>
			<report>
				<misses>1810001</misses>
				<total>2</total>
				<timestamp>687.112393</timestamp>
			</report>
			<report>
				<misses>1811001</misses>
				<total>2</total>
				<timestamp>687.492015</timestamp>
			</report>
			<report>
				<misses>1812001</misses>
				<total>2</total>
				<timestamp>687.871647</timestamp>
			</report>
			<report>
				<misses>1813001</misses>
				<total>2</total>
				<timestamp>688.251319</timestamp>
			</report>
			<report>
				<misses>1814001</misses>
				<total>2</total>
				<timestamp>688.630847</timestamp>
			</report>
			<report>
				<misses>1815001</misses>
				<total>2</total>
				<timestamp>689.010529</timestamp>
			</report>
			<report>
				<misses>1816001</misses>
				<total>2</total>
				<timestamp>689.390169</timestamp>
			</report>
			<report>
				<misses>1817001</misses>
				<total>2</total>
				<timestamp>689.769723</timestamp>
			</report>
			<report>
				<misses>1818001</misses>
				<total>2</total>
				<timestamp>690.149367</timestamp>
			</report>
			<report>
				<misses>1819001</misses>
				<total>2</total>
				<timestamp>690.528993</timestamp>
			</report>
			<report>
				<misses>1820001</misses>
				<total>2</total>
				<timestamp>690.908585</timestamp>
			</report>
			<report>
				<misses>1821001</misses>
				<total>2</total>
				<timestamp>691.288240</timestamp>
			</report>
			<report>
				<misses>1822001</misses>
				<total>2</total>
				<timestamp>691.667827</timestamp>
			</report>
			<report>
				<misses>1823001</misses>
				<total>2</total>
				<timestamp>692.047442</timestamp>
			</report>
			<report>
				<misses>1824001</misses>
				<total>2</total>
				<timestamp>692.427060</timestamp>
			</report>
			<report>
				<misses>1825001</misses>
				<total>2</total>
				<timestamp>692.806693</timestamp>
			</report>
			<report>
				<misses>1826001</misses>
				<total>2</total>
				<timestamp>693.186328</timestamp>
			</report>
			<report>
				<misses>1827001</misses>
				<total>2</total>
				<timestamp>693.565934</timestamp>
			</report>
			<report>
				<misses>1828001</misses>
				<total>2</total>
				<timestamp>693.945548</timestamp>
			</report>
			<report>
				<misses>1829001</misses>
				<total>2</total>
				<timestamp>694.325158</timestamp>
			</report>
			<report>
				<misses>1830001</misses>
				<total>2</total>
				<timestamp>694.704778</timestamp>
			</report>
			<report>
				<misses>1831001</misses>
				<total>2</total>
				<timestamp>695.084412</timestamp>
			</report>
			<report>
				<misses>1832001</misses>
				<total>2</total>
				<timestamp>695.464046</timestamp>
			</report>
			<report>
				<misses>1833001</misses>
				<total>2</total>
				<timestamp>695.843676</timestamp>
			</report>
			<report>
				<misses>1834001</misses>
				<total>2</total>
				<timestamp>696.223307</timestamp>
			</report>
			<report>
				<misses>1835001</misses>
				<total>2</total>
				<timestamp>696.602903</timestamp>
			</report>
			<report>
				<misses>1836001</misses>
				<total>2</total>
				<timestamp>696.982494</timestamp>
			</report>
			<report>
				<misses>1837001</misses>
				<total>2</total>
				<timestamp>697.362181</timestamp>
			</report>
			<report>
				<misses>1838001</misses>
				<total>2</total>
				<timestamp>697.741761</timestamp>
			</report>
			<report>
				<misses>1839001</misses>
				<total>2</total>
				<timestamp>698.121404</timestamp>
			</report>
			<report>
				<misses>1840001</misses>
				<total>2</total>
				<timestamp>698.500994</timestamp>
			</report>
			<report>
				<misses>1841001</misses>
				<total>2</total>
				<timestamp>698.880635</timestamp>
			</report>
			<report>
				<misses>1842001</misses>
				<total>2</total>
				<timestamp>699.260279</timestamp>
			</report>
			<report>
				<misses>1843001</misses>
				<total>2</total>
				<timestamp>699.639831</timestamp>
			</report>
			<report>
				<misses>1844001</misses>
				<total>2</total>
				<timestamp>700.019442</timestamp>
			</report>
			<report>
				<misses>1845001</misses>
				<total>2</total>
				<timestamp>700.399125</timestamp>
			</report>
			<report>
				<misses>1846001</misses>
				<total>2</total>
				<timestamp>700.778702</timestamp>
			</report>
			<report>
				<misses>1847001</misses>
				<total>2</total>
				<timestamp>701.158313</timestamp>
			</report>
			<report>
				<misses>1848001</misses>
				<total>2</total>
				<timestamp>701.537950</timestamp>
			</report>
			<report>
				<misses>1849001</misses>
				<total>2</total>
				<timestamp>701.917550</timestamp>
			</report>
			<report>
				<misses>1850001</misses>
				<total>2</total>
				<timestamp>702.297204</timestamp>
			</report>
			<report>
				<misses>1851001</misses>
				<total>2</total>
				<timestamp>702.676788</timestamp>
			</report>
			<report>
				<misses>1852001</misses>
				<total>2</total>
				<timestamp>703.056436</timestamp>
			</report>
			<report>
				<misses>1853001</misses>
				<total>2</total>
				<timestamp>703.436051</timestamp>
			</report>
			<report>
				<misses>1854001</misses>
				<total>2</total>
				<timestamp>703.815651</timestamp>
			</report>
			<report>
				<misses>1855001</misses>
				<total>2</total>
				<timestamp>704.195318</timestamp>
			</report>
			<report>
				<misses>1856001</misses>
				<total>2</total>
				<timestamp>704.574899</timestamp>
			</report>
			<report>
				<misses>1857001</misses>
				<total>2</total>
				<timestamp>704.954557</timestamp>
			</report>
			<report>
				<misses>1858001</misses>
				<total>2</total>
				<timestamp>705.334137</timestamp>
			</report>
			<report>
				<misses>1859001</misses>
				<total>2</total>
				<timestamp>705.713759</timestamp>
			</report>
			<report>
				<misses>1860001</misses>
				<total>2</total>
				<timestamp>706.093380</timestamp>
			</report>
			<report>
				<misses>1861001</misses>
				<total>2</total>
				<timestamp>706.472996</timestamp>
			</report>
			<report>
				<misses>1862001</misses>
				<total>2</total>
				<timestamp>706.852649</timestamp>
			</report>
			<report>
				<misses>1863001</misses>
				<total>2</total>
				<timestamp>707.232284</timestamp>
			</report>
			<report>
				<misses>1864001</misses>
				<total>2</total>
				<timestamp>707.611893</timestamp>
			</report>
			<report>
				<misses>1865001</misses>
				<total>2</total>
				<timestamp>707.991488</timestamp>
			</report>
			<report>
				<misses>1866001</misses>
				<total>2</total>
				<timestamp>708.371111</timestamp>
			</report>
			<report>
				<misses>1867001</misses>
				<total>2</total>
				<timestamp>708.750722</timestamp>
			</report>
			<report>
				<misses>1868001</misses>
				<total>2</total>
				<timestamp>709.130365</timestamp>
			</report>
			<report>
				<misses>1869001</misses>
				<total>2</total>
				<timestamp>709.509961</timestamp>
			</report>
			<report>
				<misses>1870001</misses>
				<total>2</total>
				<timestamp>709.889580</timestamp>
			</report>
			<report>
				<misses>1871001</misses>
				<total>2</total>
				<timestamp>710.269214</timestamp>
			</report>
			<report>
				<misses>1872001</misses>
				<total>2</total>
				<timestamp>710.648832</timestamp>
			</report>
			<report>
				<misses>1873001</misses>
				<total>2</total>
				<timestamp>711.028443</timestamp>
			</report>
			<report>
				<misses>1874001</misses>
				<total>2</total>
				<timestamp>711.408057</timestamp>
			</report>
			<report>
				<misses>1875001</misses>
				<total>2</total>
				<timestamp>711.787679</timestamp>
			</report>
			<report>
				<misses>1876001</misses>
				<total>2</total>
				<timestamp>712.167359</timestamp>
			</report>
			<report>
				<misses>1877001</misses>
				<total>2</total>
				<timestamp>712.546904</timestamp>
			</report>
			<report>
				<misses>1878001</misses>
				<total>2</total>
				<timestamp>712.926535</timestamp>
			</report>
			<report>
				<misses>1879001</misses>
				<total>2</total>
				<timestamp>713.306217</timestamp>
			</report>
			<report>
				<misses>1880001</misses>
				<total>2</total>
				<timestamp>713.685775</timestamp>
			</report>
			<report>
				<misses>1881001</misses>
				<total>2</total>
				<timestamp>714.065427</timestamp>
			</report>
			<report>
				<misses>1882001</misses>
				<total>2</total>
				<timestamp>714.445012</timestamp>
			</report>
			<report>
				<misses>1883001</misses>
				<total>2</total>
				<timestamp>714.824646</timestamp>
			</report>
			<report>
				<misses>1884001</misses>
				<total>2</total>
				<timestamp>715.204292</timestamp>
			</report>
			<report>
				<misses>1885001</misses>
				<total>2</total>
				<timestamp>715.583879</timestamp>
			</report>
			<report>
				<misses>1886001</misses>
				<total>2</total>
				<timestamp>715.963497</timestamp>
			</report>
			<report>
				<misses>1887001</misses>
				<total>2</total>
				<timestamp>716.343167</timestamp>
			</report>
			<report>
				<misses>1888001</misses>
				<total>2</total>
				<timestamp>716.722745</timestamp>
			</report>
			<report>
				<misses>1889001</misses>
				<total>2</total>
				<timestamp>717.102351</timestamp>
			</report>
			<report>
				<misses>1890001</misses>
				<total>2</total>
				<timestamp>717.482026</timestamp>
			</report>
			<report>
				<misses>1891001</misses>
				<total>2</total>
				<timestamp>717.861601</timestamp>
			</report>
			<report>
				<misses>1892001</misses>
				<total>2</total>
				<timestamp>718.241271</timestamp>
			</report>
			<report>
				<misses>1893001</misses>
				<total>2</total>
				<timestamp>718.620845</timestamp>
			</report>
			<report>
				<misses>1894001</misses>
				<total>2</total>
				<timestamp>719.000459</timestamp>
			</report>
			<report>
				<misses>1895001</misses>
				<total>2</total>
				<timestamp>719.380094</timestamp>
			</report>
			<report>
				<misses>1896001</misses>
				<total>2</total>
				<timestamp>719.759702</timestamp>
			</report>
			<report>
				<misses>1897001</misses>
				<total>2</total>
				<timestamp>720.139335</timestamp>
			</report>
			<report>
				<misses>1898001</misses>
				<total>2</total>
				<timestamp>720.518949</timestamp>
			</report>
			<report>
				<misses>1899001</misses>
				<total>2</total>
				<timestamp>720.898567</timestamp>
			</report>
			<report>
				<misses>1900001</misses>
				<total>2</total>
				<timestamp>721.278186</timestamp>
			</report>
			<report>
				<misses>1901001</misses>
				<total>2</total>
				<timestamp>721.657797</timestamp>
			</report>
			<report>
				<misses>1902001</misses>
				<total>2</total>
				<timestamp>722.037413</timestamp>
			</report>
			<report>
				<misses>1903001</misses>
				<total>2</total>
				<timestamp>722.417102</timestamp>
			</report>
			<report>
				<misses>1904001</misses>
				<total>2</total>
				<timestamp>722.796680</timestamp>
			</report>
			<report>
				<misses>1905001</misses>
				<total>2</total>
				<timestamp>723.176299</timestamp>
			</report>
			<report>
				<misses>1906001</misses>
				<total>2</total>
				<timestamp>723.555903</timestamp>
			</report>
			<report>
				<misses>1907001</misses>
				<total>2</total>
				<timestamp>723.935518</timestamp>
			</report>
			<report>
				<misses>1908001</misses>
				<total>2</total>
				<timestamp>724.315159</timestamp>
			</report>
			<report>
				<misses>1909001</misses>
				<total>2</total>
				<timestamp>724.694768</timestamp>
			</report>
			<report>
				<misses>1910001</misses>
				<total>2</total>
				<timestamp>725.074375</timestamp>
			</report>
			<report>
				<misses>1911001</misses>
				<total>2</total>
				<timestamp>725.454086</timestamp>
			</report>
			<report>
				<misses>1912001</misses>
				<total>2</total>
				<timestamp>725.833627</timestamp>
			</report>
			<report>
				<misses>1913001</misses>
				<total>2</total>
				<timestamp>726.213271</timestamp>
			</report>
			<report>
				<misses>1914001</misses>
				<total>2</total>
				<timestamp>726.592853</timestamp>
			</report>
			<report>
				<misses>1915001</misses>
				<total>2</total>
				<timestamp>726.972486</timestamp>
			</report>
			<report>
				<misses>1916001</misses>
				<total>2</total>
				<timestamp>727.352129</timestamp>
			</report>
			<report>
				<misses>1917001</misses>
				<total>2</total>
				<timestamp>727.731765</timestamp>
			</report>
			<report>
				<misses>1918001</misses>
				<total>2</total>
				<timestamp>728.111371</timestamp>
			</report>
			<report>
				<misses>1919001</misses>
				<total>2</total>
				<timestamp>728.490968</timestamp>
			</report>
			<report>
				<misses>1920001</misses>
				<total>2</total>
				<timestamp>728.870592</timestamp>
			</report>
			<report>
				<misses>1921001</misses>
				<total>2</total>
				<timestamp>729.250206</timestamp>
			</report>
			<report>
				<misses>1922001</misses>
				<total>2</total>
				<timestamp>729.629832</timestamp>
			</report>
			<report>
				<misses>1923001</misses>
				<total>2</total>
				<timestamp>730.009445</timestamp>
			</report>
			<report>
				<misses>1924001</misses>
				<total>2</total>
				<timestamp>730.389087</timestamp>
			</report>
			<report>
				<misses>1925001</misses>
				<total>2</total>
				<timestamp>730.768706</timestamp>
			</report>
			<report>
				<misses>1926001</misses>
				<total>2</total>
				<timestamp>731.148301</timestamp>
			</report>
			<report>
				<misses>1927001</misses>
				<total>2</total>
				<timestamp>731.527952</timestamp>
			</report>
			<report>
				<misses>1928001</misses>
				<total>2</total>
				<timestamp>731.907551</timestamp>
			</report>
			<report>
				<misses>1929001</misses>
				<total>2</total>
				<timestamp>732.287168</timestamp>
			</report>
			<report>
				<misses>1930001</misses>
				<total>2</total>
				<timestamp>732.666788</timestamp>
			</report>
			<report>
				<misses>1931001</misses>
				<total>2</total>
				<timestamp>733.046396</timestamp>
			</report>
			<report>
				<misses>1932001</misses>
				<total>2</total>
				<timestamp>733.426089</timestamp>
			</report>
			<report>
				<misses>1933001</misses>
				<total>2</total>
				<timestamp>733.805660</timestamp>
			</report>
			<report>
				<misses>1934001</misses>
				<total>2</total>
				<timestamp>734.185271</timestamp>
			</report>
			<report>
				<misses>1935001</misses>
				<total>2</total>
				<timestamp>734.564889</timestamp>
			</report>
			<report>
				<misses>1936001</misses>
				<total>2</total>
				<timestamp>734.944491</timestamp>
			</report>
			<report>
				<misses>1937001</misses>
				<total>2</total>
				<timestamp>735.324123</timestamp>
			</report>
			<report>
				<misses>1938001</misses>
				<total>2</total>
				<timestamp>735.703771</timestamp>
			</report>
			<report>
				<misses>1939001</misses>
				<total>2</total>
				<timestamp>736.083372</timestamp>
			</report>
			<report>
				<misses>1940001</misses>
				<total>2</total>
				<timestamp>736.463016</timestamp>
			</report>
			<report>
				<misses>1941001</misses>
				<total>2</total>
				<timestamp>736.842639</timestamp>
			</report>
			<report>
				<misses>1942001</misses>
				<total>2</total>
				<timestamp>737.222256</timestamp>
			</report>
			<report>
				<misses>1943001</misses>
				<total>2</total>
				<timestamp>737.601869</timestamp>
			</report>
			<report>
				<misses>1944001</misses>
				<total>2</total>
				<timestamp>737.981470</timestamp>
			</report>
			<report>
				<misses>1945001</misses>
				<total>2</total>
				<timestamp>738.361153</timestamp>
			</report>
			<report>
				<misses>1946001</misses>
				<total>2</total>
				<timestamp>738.740711</timestamp>
			</report>
			<report>
				<misses>1947001</misses>
				<total>2</total>
				<timestamp>739.120337</timestamp>
			</report>
			<report>
				<misses>1948001</misses>
				<total>2</total>
				<timestamp>739.499984</timestamp>
			</report>
			<report>
				<misses>1949001</misses>
				<total>2</total>
				<timestamp>739.879561</timestamp>
			</report>
			<report>
				<misses>1950001</misses>
				<total>2</total>
				<timestamp>740.259184</timestamp>
			</report>
			<report>
				<misses>1951001</misses>
				<total>2</total>
				<timestamp>740.638804</timestamp>
			</report>
			<report>
				<misses>1952001</misses>
				<total>2</total>
				<timestamp>741.018445</timestamp>
			</report>
			<report>
				<misses>1953001</misses>
				<total>2</total>
				<timestamp>741.398086</timestamp>
			</report>
			<report>
				<misses>1954001</misses>
				<total>2</total>
				<timestamp>741.777663</timestamp>
			</report>
			<report>
				<misses>1955001</misses>
				<total>2</total>
				<timestamp>742.157378</timestamp>
			</report>
			<report>
				<misses>1956001</misses>
				<total>2</total>
				<timestamp>742.536903</timestamp>
			</report>
			<report>
				<misses>1957001</misses>
				<total>2</total>
				<timestamp>742.916550</timestamp>
			</report>
			<report>
				<misses>1958001</misses>
				<total>2</total>
				<timestamp>743.296161</timestamp>
			</report>
			<report>
				<misses>1959001</misses>
				<total>2</total>
				<timestamp>743.675756</timestamp>
			</report>
			<report>
				<misses>1960001</misses>
				<total>2</total>
				<timestamp>744.055372</timestamp>
			</report>
			<report>
				<misses>1961001</misses>
				<total>2</total>
				<timestamp>744.435001</timestamp>
			</report>
			<report>
				<misses>1962001</misses>
				<total>2</total>
				<timestamp>744.814633</timestamp>
			</report>
			<report>
				<misses>1963001</misses>
				<total>2</total>
				<timestamp>745.194262</timestamp>
			</report>
			<report>
				<misses>1964001</misses>
				<total>2</total>
				<timestamp>745.573878</timestamp>
			</report>
			<report>
				<misses>1965001</misses>
				<total>2</total>
				<timestamp>745.953486</timestamp>
			</report>
			<report>
				<misses>1966001</misses>
				<total>2</total>
				<timestamp>746.333107</timestamp>
			</report>
			<report>
				<misses>1967001</misses>
				<total>2</total>
				<timestamp>746.712724</timestamp>
			</report>
			<report>
				<misses>1968001</misses>
				<total>2</total>
				<timestamp>747.092347</timestamp>
			</report>
			<report>
				<misses>1969001</misses>
				<total>2</total>
				<timestamp>747.471968</timestamp>
			</report>
			<report>
				<misses>1970001</misses>
				<total>2</total>
				<timestamp>747.851590</timestamp>
			</report>
			<report>
				<misses>1971001</misses>
				<total>2</total>
				<timestamp>748.231220</timestamp>
			</report>
			<report>
				<misses>1972001</misses>
				<total>2</total>
				<timestamp>748.610816</timestamp>
			</report>
			<report>
				<misses>1973001</misses>
				<total>2</total>
				<timestamp>748.990431</timestamp>
			</report>
			<report>
				<misses>1974001</misses>
				<total>2</total>
				<timestamp>749.370078</timestamp>
			</report>
			<report>
				<misses>1975001</misses>
				<total>2</total>
				<timestamp>749.749673</timestamp>
			</report>
			<report>
				<misses>1976001</misses>
				<total>2</total>
				<timestamp>750.129307</timestamp>
			</report>
			<report>
				<misses>1977001</misses>
				<total>2</total>
				<timestamp>750.508959</timestamp>
			</report>
			<report>
				<misses>1978001</misses>
				<total>2</total>
				<timestamp>750.888571</timestamp>
			</report>
			<report>
				<misses>1979001</misses>
				<total>2</total>
				<timestamp>751.268157</timestamp>
			</report>
			<report>
				<misses>1980001</misses>
				<total>2</total>
				<timestamp>751.647804</timestamp>
			</report>
			<report>
				<misses>1981001</misses>
				<total>2</total>
				<timestamp>752.027400</timestamp>
			</report>
			<report>
				<misses>1982001</misses>
				<total>2</total>
				<timestamp>752.407044</timestamp>
			</report>
			<report>
				<misses>1983001</misses>
				<total>2</total>
				<timestamp>752.786651</timestamp>
			</report>
			<report>
				<misses>1984001</misses>
				<total>2</total>
				<timestamp>753.166263</timestamp>
			</report>
			<report>
				<misses>1985001</misses>
				<total>2</total>
				<timestamp>753.545884</timestamp>
			</report>
			<report>
				<misses>1986001</misses>
				<total>2</total>
				<timestamp>753.925514</timestamp>
			</report>
			<report>
				<misses>1987001</misses>
				<total>2</total>
				<timestamp>754.305143</timestamp>
			</report>
			<report>
				<misses>1988001</misses>
				<total>2</total>
				<timestamp>754.684726</timestamp>
			</report>
			<report>
				<misses>1989001</misses>
				<total>2</total>
				<timestamp>755.064396</timestamp>
			</report>
			<report>
				<misses>1990001</misses>
				<total>2</total>
				<timestamp>755.444020</timestamp>
			</report>
			<report>
				<misses>1991001</misses>
				<total>2</total>
				<timestamp>755.823599</timestamp>
			</report>
			<report>
				<misses>1992001</misses>
				<total>2</total>
				<timestamp>756.203227</timestamp>
			</report>
			<report>
				<misses>1993001</misses>
				<total>2</total>
				<timestamp>756.582837</timestamp>
			</report>
			<report>
				<misses>1994001</misses>
				<total>2</total>
				<timestamp>756.962459</timestamp>
			</report>
			<report>
				<misses>1995001</misses>
				<total>2</total>
				<timestamp>757.342089</timestamp>
			</report>
			<report>
				<misses>1996001</misses>
				<total>2</total>
				<timestamp>757.721701</timestamp>
			</report>
			<report>
				<misses>1997001</misses>
				<total>2</total>
				<timestamp>758.101347</timestamp>
			</report>
			<report>
				<misses>1998001</misses>
				<total>2</total>
				<timestamp>758.480973</timestamp>
			</report>
			<report>
				<misses>1999001</misses>
				<total>2</total>
				<timestamp>758.860567</timestamp>
			</report>
			<report>
				<misses>2000001</misses>
				<total>2</total>
				<timestamp>759.240185</timestamp>
			</report>
			<report>
				<misses>2001001</misses>
				<total>2</total>
				<timestamp>759.619812</timestamp>
			</report>
			<report>
				<misses>2002001</misses>
				<total>2</total>
				<timestamp>759.999429</timestamp>
			</report>
			<report>
				<misses>2003001</misses>
				<total>2</total>
				<timestamp>760.379106</timestamp>
			</report>
			<report>
				<misses>2004001</misses>
				<total>2</total>
				<timestamp>760.758661</timestamp>
			</report>
			<report>
				<misses>2005001</misses>
				<total>2</total>
				<timestamp>761.138315</timestamp>
			</report>
			<report>
				<misses>2006001</misses>
				<total>2</total>
				<timestamp>761.517917</timestamp>
			</report>
			<report>
				<misses>2007001</misses>
				<total>2</total>
				<timestamp>761.897543</timestamp>
			</report>
			<report>
				<misses>2008001</misses>
				<total>2</total>
				<timestamp>762.277132</timestamp>
			</report>
			<report>
				<misses>2009001</misses>
				<total>2</total>
				<timestamp>762.656777</timestamp>
			</report>
			<report>
				<misses>2010001</misses>
				<total>2</total>
				<timestamp>763.036389</timestamp>
			</report>
			<report>
				<misses>2011001</misses>
				<total>2</total>
				<timestamp>763.416040</timestamp>
			</report>
			<report>
				<misses>2012001</misses>
				<total>2</total>
				<timestamp>763.795635</timestamp>
			</report>
			<report>
				<misses>2013001</misses>
				<total>2</total>
				<timestamp>764.175275</timestamp>
			</report>
			<report>
				<misses>2014001</misses>
				<total>2</total>
				<timestamp>764.554898</timestamp>
			</report>
			<report>
				<misses>2015001</misses>
				<total>2</total>
				<timestamp>764.934473</timestamp>
			</report>
			<report>
				<misses>2016001</misses>
				<total>2</total>
				<timestamp>765.314124</timestamp>
			</report>
			<report>
				<misses>2017001</misses>
				<total>2</total>
				<timestamp>765.693752</timestamp>
			</report>
			<report>
				<misses>2018001</misses>
				<total>2</total>
				<timestamp>766.073338</timestamp>
			</report>
			<report>
				<misses>2019001</misses>
				<total>2</total>
				<timestamp>766.452995</timestamp>
			</report>
			<report>
				<misses>2020001</misses>
				<total>2</total>
				<timestamp>766.832606</timestamp>
			</report>
			<report>
				<misses>2021001</misses>
				<total>2</total>
				<timestamp>767.212224</timestamp>
			</report>
			<report>
				<misses>2022001</misses>
				<total>2</total>
				<timestamp>767.591863</timestamp>
			</report>
			<report>
				<misses>2023001</misses>
				<total>2</total>
				<timestamp>767.971432</timestamp>
			</report>
			<report>
				<misses>2024001</misses>
				<total>2</total>
				<timestamp>768.351056</timestamp>
			</report>
			<report>
				<misses>2025001</misses>
				<total>2</total>
				<timestamp>768.730683</timestamp>
			</report>
			<report>
				<misses>2026001</misses>
				<total>2</total>
				<timestamp>769.110314</timestamp>
			</report>
			<report>
				<misses>2027001</misses>
				<total>2</total>
				<timestamp>769.489932</timestamp>
			</report>
			<report>
				<misses>2028001</misses>
				<total>2</total>
				<timestamp>769.869552</timestamp>
			</report>
			<report>
				<misses>2029001</misses>
				<total>2</total>
				<timestamp>770.249167</timestamp>
			</report>
			<report>
				<misses>2030001</misses>
				<total>2</total>
				<timestamp>770.628811</timestamp>
			</report>
			<report>
				<misses>2031001</misses>
				<total>2</total>
				<timestamp>771.008403</timestamp>
			</report>
			<report>
				<misses>2032001</misses>
				<total>2</total>
				<timestamp>771.388019</timestamp>
			</report>
			<report>
				<misses>2033001</misses>
				<total>2</total>
				<timestamp>771.767657</timestamp>
			</report>
			<report>
				<misses>2034001</misses>
				<total>2</total>
				<timestamp>772.147277</timestamp>
			</report>
			<report>
				<misses>2035001</misses>
				<total>2</total>
				<timestamp>772.526925</timestamp>
			</report>
			<report>
				<misses>2036001</misses>
				<total>2</total>
				<timestamp>772.906494</timestamp>
			</report>
			<report>
				<misses>2037001</misses>
				<total>2</total>
				<timestamp>773.286161</timestamp>
			</report>
			<report>
				<misses>2038001</misses>
				<total>2</total>
				<timestamp>773.665778</timestamp>
			</report>
			<report>
				<misses>2039001</misses>
				<total>2</total>
				<timestamp>774.045380</timestamp>
			</report>
			<report>
				<misses>2040001</misses>
				<total>2</total>
				<timestamp>774.424979</timestamp>
			</report>
			<report>
				<misses>2041001</misses>
				<total>2</total>
				<timestamp>774.804613</timestamp>
			</report>
			<report>
				<misses>2042001</misses>
				<total>2</total>
				<timestamp>775.184232</timestamp>
			</report>
			<report>
				<misses>2043001</misses>
				<total>2</total>
				<timestamp>775.563864</timestamp>
			</report>
			<report>
				<misses>2044001</misses>
				<total>2</total>
				<timestamp>775.943479</timestamp>
			</report>
			<report>
				<misses>2045001</misses>
				<total>2</total>
				<timestamp>776.323092</timestamp>
			</report>
			<report>
				<misses>2046001</misses>
				<total>2</total>
				<timestamp>776.702723</timestamp>
			</report>
			<report>
				<misses>2047001</misses>
				<total>2</total>
				<timestamp>777.082342</timestamp>
			</report>
			<report>
				<misses>2048001</misses>
				<total>2</total>
				<timestamp>777.461946</timestamp>
			</report>
			<report>
				<misses>2049001</misses>
				<total>2</total>
				<timestamp>777.841562</timestamp>
			</report>
			<report>
				<misses>2050001</misses>
				<total>2</total>
				<timestamp>778.221232</timestamp>
			</report>
			<report>
				<misses>2051001</misses>
				<total>2</total>
				<timestamp>778.600815</timestamp>
			</report>
			<report>
				<misses>2052001</misses>
				<total>2</total>
				<timestamp>778.980414</timestamp>
			</report>
			<report>
				<misses>2053001</misses>
				<total>2</total>
				<timestamp>779.360053</timestamp>
			</report>
			<report>
				<misses>2054001</misses>
				<total>2</total>
				<timestamp>779.739663</timestamp>
			</report>
			<report>
				<misses>2055001</misses>
				<total>2</total>
				<timestamp>780.119285</timestamp>
			</report>
			<report>
				<misses>2056001</misses>
				<total>2</total>
				<timestamp>780.498907</timestamp>
			</report>
			<report>
				<misses>2057001</misses>
				<total>2</total>
				<timestamp>780.878539</timestamp>
			</report>
			<report>
				<misses>2058001</misses>
				<total>2</total>
				<timestamp>781.258172</timestamp>
			</report>
			<report>
				<misses>2059001</misses>
				<total>2</total>
				<timestamp>781.637769</timestamp>
			</report>
			<report>
				<misses>2060001</misses>
				<total>2</total>
				<timestamp>782.017378</timestamp>
			</report>
			<report>
				<misses>2061001</misses>
				<total>2</total>
				<timestamp>782.397074</timestamp>
			</report>
			<report>
				<misses>2062001</misses>
				<total>2</total>
				<timestamp>782.776615</timestamp>
			</report>
			<report>
				<misses>2063001</misses>
				<total>2</total>
				<timestamp>783.156267</timestamp>
			</report>
			<report>
				<misses>2064001</misses>
				<total>2</total>
				<timestamp>783.535909</timestamp>
			</report>
			<report>
				<misses>2065001</misses>
				<total>2</total>
				<timestamp>783.915495</timestamp>
			</report>
			<report>
				<misses>2066001</misses>
				<total>2</total>
				<timestamp>784.295103</timestamp>
			</report>
			<report>
				<misses>2067001</misses>
				<total>2</total>
				<timestamp>784.674763</timestamp>
			</report>
			<report>
				<misses>2068001</misses>
				<total>2</total>
				<timestamp>785.054371</timestamp>
			</report>
			<report>
				<misses>2069001</misses>
				<total>2</total>
				<timestamp>785.434002</timestamp>
			</report>
			<report>
				<misses>2070001</misses>
				<total>2</total>
				<timestamp>785.813581</timestamp>
			</report>
			<report>
				<misses>2071001</misses>
				<total>2</total>
				<timestamp>786.193237</timestamp>
			</report>
			<report>
				<misses>2072001</misses>
				<total>2</total>
				<timestamp>786.572859</timestamp>
			</report>
			<report>
				<misses>2073001</misses>
				<total>2</total>
				<timestamp>786.952423</timestamp>
			</report>
			<report>
				<misses>2074001</misses>
				<total>2</total>
				<timestamp>787.332094</timestamp>
			</report>
			<report>
				<misses>2075001</misses>
				<total>2</total>
				<timestamp>787.711712</timestamp>
			</report>
			<report>
				<misses>2076001</misses>
				<total>2</total>
				<timestamp>788.091307</timestamp>
			</report>
			<report>
				<misses>2077001</misses>
				<total>2</total>
				<timestamp>788.470912</timestamp>
			</report>
			<report>
				<misses>2078001</misses>
				<total>2</total>
				<timestamp>788.850560</timestamp>
			</report>
			<report>
				<misses>2079001</misses>
				<total>2</total>
				<timestamp>789.230168</timestamp>
			</report>
			<report>
				<misses>2080001</misses>
				<total>2</total>
				<timestamp>789.609840</timestamp>
			</report>
			<report>
				<misses>2081001</misses>
				<total>2</total>
				<timestamp>789.989436</timestamp>
			</report>
			<report>
				<misses>2082001</misses>
				<total>2</total>
				<timestamp>790.369008</timestamp>
			</report>
			<report>
				<misses>2083001</misses>
				<total>2</total>
				<timestamp>790.748738</timestamp>
			</report>
			<report>
				<misses>2084001</misses>
				<total>2</total>
				<timestamp>791.128275</timestamp>
			</report>
			<report>
				<misses>2085001</misses>
				<total>2</total>
				<timestamp>791.507884</timestamp>
			</report>
			<report>
				<misses>2086001</misses>
				<total>2</total>
				<timestamp>791.887511</timestamp>
			</report>
			<report>
				<misses>2087001</misses>
				<total>2</total>
				<timestamp>792.267133</timestamp>
			</report>
			<report>
				<misses>2088001</misses>
				<total>2</total>
				<timestamp>792.646769</timestamp>
			</report>
			<report>
				<misses>2089001</misses>
				<total>2</total>
				<timestamp>793.026371</timestamp>
			</report>
			<report>
				<misses>2090001</misses>
				<total>2</total>
				<timestamp>793.405993</timestamp>
			</report>
			<report>
				<misses>2091001</misses>
				<total>2</total>
				<timestamp>793.785629</timestamp>
			</report>
			<report>
				<misses>2092001</misses>
				<total>2</total>
				<timestamp>794.165263</timestamp>
			</report>
			<report>
				<misses>2093001</misses>
				<total>2</total>
				<timestamp>794.544900</timestamp>
			</report>
			<report>
				<misses>2094001</misses>
				<total>2</total>
				<timestamp>794.924493</timestamp>
			</report>
			<report>
				<misses>2095001</misses>
				<total>2</total>
				<timestamp>795.304108</timestamp>
			</report>
			<report>
				<misses>2096001</misses>
				<total>2</total>
				<timestamp>795.683712</timestamp>
			</report>
			<report>
				<misses>2097001</misses>
				<total>2</total>
				<timestamp>796.063329</timestamp>
			</report>
			<report>
				<misses>2098001</misses>
				<total>2</total>
				<timestamp>796.442962</timestamp>
			</report>
			<report>
				<misses>2099001</misses>
				<total>2</total>
				<timestamp>796.822597</timestamp>
			</report>
			<report>
				<misses>2100001</misses>
				<total>2</total>
				<timestamp>797.202215</timestamp>
			</report>
			<report>
				<misses>2101001</misses>
				<total>2</total>
				<timestamp>797.581814</timestamp>
			</report>
			<report>
				<misses>2102001</misses>
				<total>2</total>
				<timestamp>797.961415</timestamp>
			</report>
			<report>
				<misses>2103001</misses>
				<total>2</total>
				<timestamp>798.341057</timestamp>
			</report>
			<report>
				<misses>2104001</misses>
				<total>2</total>
				<timestamp>798.720695</timestamp>
			</report>
			<report>
				<misses>2105001</misses>
				<total>2</total>
				<timestamp>799.100292</timestamp>
			</report>
			<report>
				<misses>2106001</misses>
				<total>2</total>
				<timestamp>799.479934</timestamp>
			</report>
			<report>
				<misses>2107001</misses>
				<total>2</total>
				<timestamp>799.859520</timestamp>
			</report>
			<report>
				<misses>2108001</misses>
				<total>2</total>
				<timestamp>800.239147</timestamp>
			</report>
			<report>
				<misses>2109001</misses>
				<total>2</total>
				<timestamp>800.618814</timestamp>
			</report>
			<report>
				<misses>2110001</misses>
				<total>2</total>
				<timestamp>800.998389</timestamp>
			</report>
			<report>
				<misses>2111001</misses>
				<total>2</total>
				<timestamp>801.378017</timestamp>
			</report>
			<report>
				<misses>2112001</misses>
				<total>2</total>
				<timestamp>801.757648</timestamp>
			</report>
			<report>
				<misses>2113001</misses>
				<total>2</total>
				<timestamp>802.137240</timestamp>
			</report>
			<report>
				<misses>2114001</misses>
				<total>2</total>
				<timestamp>802.516858</timestamp>
			</report>
			<report>
				<misses>2115001</misses>
				<total>2</total>
				<timestamp>802.896510</timestamp>
			</report>
			<report>
				<misses>2116001</misses>
				<total>2</total>
				<timestamp>803.276105</timestamp>
			</report>
			<report>
				<misses>2117001</misses>
				<total>2</total>
				<timestamp>803.655766</timestamp>
			</report>
			<report>
				<misses>2118001</misses>
				<total>2</total>
				<timestamp>804.035334</timestamp>
			</report>
			<report>
				<misses>2119001</misses>
				<total>2</total>
				<timestamp>804.414976</timestamp>
			</report>
			<report>
				<misses>2120001</misses>
				<total>2</total>
				<timestamp>804.794601</timestamp>
			</report>
			<report>
				<misses>2121001</misses>
				<total>2</total>
				<timestamp>805.174241</timestamp>
			</report>
			<report>
				<misses>2122001</misses>
				<total>2</total>
				<timestamp>805.553840</timestamp>
			</report>
			<report>
				<misses>2123001</misses>
				<total>2</total>
				<timestamp>805.933466</timestamp>
			</report>
			<report>
				<misses>2124001</misses>
				<total>2</total>
				<timestamp>806.313049</timestamp>
			</report>
			<report>
				<misses>2125001</misses>
				<total>2</total>
				<timestamp>806.692746</timestamp>
			</report>
			<report>
				<misses>2126001</misses>
				<total>2</total>
				<timestamp>807.072329</timestamp>
			</report>
			<report>
				<misses>2127001</misses>
				<total>2</total>
				<timestamp>807.451938</timestamp>
			</report>
			<report>
				<misses>2128001</misses>
				<total>2</total>
				<timestamp>807.831579</timestamp>
			</report>
			<report>
				<misses>2129001</misses>
				<total>2</total>
				<timestamp>808.211159</timestamp>
			</report>
			<report>
				<misses>2130001</misses>
				<total>2</total>
				<timestamp>808.590790</timestamp>
			</report>
			<report>
				<misses>2131001</misses>
				<total>2</total>
				<timestamp>808.970390</timestamp>
			</report>
			<report>
				<misses>2132001</misses>
				<total>2</total>
				<timestamp>809.350019</timestamp>
			</report>
			<report>
				<misses>2133001</misses>
				<total>2</total>
				<timestamp>809.729720</timestamp>
			</report>
			<report>
				<misses>2134001</misses>
				<total>2</total>
				<timestamp>810.109286</timestamp>
			</report>
			<report>
				<misses>2135001</misses>
				<total>2</total>
				<timestamp>810.488875</timestamp>
			</report>
			<report>
				<misses>2136001</misses>
				<total>2</total>
				<timestamp>810.868519</timestamp>
			</report>
			<report>
				<misses>2137001</misses>
				<total>2</total>
				<timestamp>811.248127</timestamp>
			</report>
			<report>
				<misses>2138001</misses>
				<total>2</total>
				<timestamp>811.627757</timestamp>
			</report>
			<report>
				<misses>2139001</misses>
				<total>2</total>
				<timestamp>812.007400</timestamp>
			</report>
			<report>
				<misses>2140001</misses>
				<total>2</total>
				<timestamp>812.386979</timestamp>
			</report>
			<report>
				<misses>2141001</misses>
				<total>2</total>
				<timestamp>812.766622</timestamp>
			</report>
			<report>
				<misses>2142001</misses>
				<total>2</total>
				<timestamp>813.146238</timestamp>
			</report>
			<report>
				<misses>2143001</misses>
				<total>2</total>
				<timestamp>813.525841</timestamp>
			</report>
			<report>
				<misses>2144001</misses>
				<total>2</total>
				<timestamp>813.905473</timestamp>
			</report>
			<report>
				<misses>2145001</misses>
				<total>2</total>
				<timestamp>814.285104</timestamp>
			</report>
			<report>
				<misses>2146001</misses>
				<total>2</total>
				<timestamp>814.664724</timestamp>
			</report>
			<report>
				<misses>2147001</misses>
				<total>2</total>
				<timestamp>815.044315</timestamp>
			</report>
			<report>
				<misses>2148001</misses>
				<total>2</total>
				<timestamp>815.423961</timestamp>
			</report>
			<report>
				<misses>2149001</misses>
				<total>2</total>
				<timestamp>815.803565</timestamp>
			</report>
			<report>
				<misses>2150001</misses>
				<total>2</total>
				<timestamp>816.183209</timestamp>
			</report>
			<report>
				<misses>2151001</misses>
				<total>2</total>
				<timestamp>816.562826</timestamp>
			</report>
			<report>
				<misses>2152001</misses>
				<total>2</total>
				<timestamp>816.942437</timestamp>
			</report>
			<report>
				<misses>2153001</misses>
				<total>2</total>
				<timestamp>817.322074</timestamp>
			</report>
			<report>
				<misses>2154001</misses>
				<total>2</total>
				<timestamp>817.701686</timestamp>
			</report>
			<report>
				<misses>2155001</misses>
				<total>2</total>
				<timestamp>818.081307</timestamp>
			</report>
			<report>
				<misses>2156001</misses>
				<total>2</total>
				<timestamp>818.460912</timestamp>
			</report>
			<report>
				<misses>2157001</misses>
				<total>2</total>
				<timestamp>818.840553</timestamp>
			</report>
			<report>
				<misses>2158001</misses>
				<total>2</total>
				<timestamp>819.220133</timestamp>
			</report>
			<report>
				<misses>2159001</misses>
				<total>2</total>
				<timestamp>819.599779</timestamp>
			</report>
			<report>
				<misses>2160001</misses>
				<total>2</total>
				<timestamp>819.979402</timestamp>
			</report>
			<report>
				<misses>2161001</misses>
				<total>2</total>
				<timestamp>820.359015</timestamp>
			</report>
			<report>
				<misses>2162001</misses>
				<total>2</total>
				<timestamp>820.738665</timestamp>
			</report>
			<report>
				<misses>2163001</misses>
				<total>2</total>
				<timestamp>821.118262</timestamp>
			</report>
			<report>
				<misses>2164001</misses>
				<total>2</total>
				<timestamp>821.497861</timestamp>
			</report>
			<report>
				<misses>2165001</misses>
				<total>2</total>
				<timestamp>821.877520</timestamp>
			</report>
			<report>
				<misses>2166001</misses>
				<total>2</total>
				<timestamp>822.257115</timestamp>
			</report>
			<report>
				<misses>2167001</misses>
				<total>2</total>
				<timestamp>822.636731</timestamp>
			</report>
			<report>
				<misses>2168001</misses>
				<total>2</total>
				<timestamp>823.016358</timestamp>
			</report>
			<report>
				<misses>2169001</misses>
				<total>2</total>
				<timestamp>823.395969</timestamp>
			</report>
			<report>
				<misses>2170001</misses>
				<total>2</total>
				<timestamp>823.775616</timestamp>
			</report>
			<report>
				<misses>2171001</misses>
				<total>2</total>
				<timestamp>824.155215</timestamp>
			</report>
			<report>
				<misses>2172001</misses>
				<total>2</total>
				<timestamp>824.534838</timestamp>
			</report>
			<report>
				<misses>2173001</misses>
				<total>2</total>
				<timestamp>824.914486</timestamp>
			</report>
			<report>
				<misses>2174001</misses>
				<total>2</total>
				<timestamp>825.294047</timestamp>
			</report>
			<report>
				<misses>2175001</misses>
				<total>2</total>
				<timestamp>825.673674</timestamp>
			</report>
			<report>
				<misses>2176001</misses>
				<total>2</total>
				<timestamp>826.053314</timestamp>
			</report>
			<report>
				<misses>2177001</misses>
				<total>2</total>
				<timestamp>826.432911</timestamp>
			</report>
			<report>
				<misses>2178001</misses>
				<total>2</total>
				<timestamp>826.812589</timestamp>
			</report>
			<report>
				<misses>2179001</misses>
				<total>2</total>
				<timestamp>827.192197</timestamp>
			</report>
			<report>
				<misses>2180001</misses>
				<total>2</total>
				<timestamp>827.571793</timestamp>
			</report>
			<report>
				<misses>2181001</misses>
				<total>2</total>
				<timestamp>827.951440</timestamp>
			</report>
			<report>
				<misses>2182001</misses>
				<total>2</total>
				<timestamp>828.331022</timestamp>
			</report>
			<report>
				<misses>2183001</misses>
				<total>2</total>
				<timestamp>828.710633</timestamp>
			</report>
			<report>
				<misses>2184001</misses>
				<total>2</total>
				<timestamp>829.090263</timestamp>
			</report>
			<report>
				<misses>2185001</misses>
				<total>2</total>
				<timestamp>829.469877</timestamp>
			</report>
			<report>
				<misses>2186001</misses>
				<total>2</total>
				<timestamp>829.849515</timestamp>
			</report>
			<report>
				<misses>2187001</misses>
				<total>2</total>
				<timestamp>830.229122</timestamp>
			</report>
			<report>
				<misses>2188001</misses>
				<total>2</total>
				<timestamp>830.608770</timestamp>
			</report>
			<report>
				<misses>2189001</misses>
				<total>2</total>
				<timestamp>830.988465</timestamp>
			</report>
			<report>
				<misses>2190001</misses>
				<total>2</total>
				<timestamp>831.367987</timestamp>
			</report>
			<report>
				<misses>2191001</misses>
				<total>2</total>
				<timestamp>831.747610</timestamp>
			</report>
			<report>
				<misses>2192001</misses>
				<total>2</total>
				<timestamp>832.127233</timestamp>
			</report>
			<report>
				<misses>2193001</misses>
				<total>2</total>
				<timestamp>832.506841</timestamp>
			</report>
			<report>
				<misses>2194001</misses>
				<total>2</total>
				<timestamp>832.886480</timestamp>
			</report>
			<report>
				<misses>2195001</misses>
				<total>2</total>
				<timestamp>833.266088</timestamp>
			</report>
			<report>
				<misses>2196001</misses>
				<total>2</total>
				<timestamp>833.645742</timestamp>
			</report>
			<report>
				<misses>2197001</misses>
				<total>2</total>
				<timestamp>834.025379</timestamp>
			</report>
			<report>
				<misses>2198001</misses>
				<total>2</total>
				<timestamp>834.404977</timestamp>
			</report>
			<report>
				<misses>2199001</misses>
				<total>2</total>
				<timestamp>834.784598</timestamp>
			</report>
			<report>
				<misses>2200001</misses>
				<total>2</total>
				<timestamp>835.164186</timestamp>
			</report>
			<report>
				<misses>2201001</misses>
				<total>2</total>
				<timestamp>835.543819</timestamp>
			</report>
			<report>
				<misses>2202001</misses>
				<total>2</total>
				<timestamp>835.923429</timestamp>
			</report>
			<report>
				<misses>2203001</misses>
				<total>2</total>
				<timestamp>836.303058</timestamp>
			</report>
			<report>
				<misses>2204001</misses>
				<total>2</total>
				<timestamp>836.682667</timestamp>
			</report>
			<report>
				<misses>2205001</misses>
				<total>2</total>
				<timestamp>837.062307</timestamp>
			</report>
			<report>
				<misses>2206001</misses>
				<total>2</total>
				<timestamp>837.441920</timestamp>
			</report>
			<report>
				<misses>2207001</misses>
				<total>2</total>
				<timestamp>837.821569</timestamp>
			</report>
			<report>
				<misses>2208001</misses>
				<total>2</total>
				<timestamp>838.201138</timestamp>
			</report>
			<report>
				<misses>2209001</misses>
				<total>2</total>
				<timestamp>838.580772</timestamp>
			</report>
			<report>
				<misses>2210001</misses>
				<total>2</total>
				<timestamp>838.960424</timestamp>
			</report>
			<report>
				<misses>2211001</misses>
				<total>2</total>
				<timestamp>839.340025</timestamp>
			</report>
			<report>
				<misses>2212001</misses>
				<total>2</total>
				<timestamp>839.719641</timestamp>
			</report>
			<report>
				<misses>2213001</misses>
				<total>2</total>
				<timestamp>840.099252</timestamp>
			</report>
			<report>
				<misses>2214001</misses>
				<total>2</total>
				<timestamp>840.478875</timestamp>
			</report>
			<report>
				<misses>2215001</misses>
				<total>2</total>
				<timestamp>840.858494</timestamp>
			</report>
			<report>
				<misses>2216001</misses>
				<total>2</total>
				<timestamp>841.238088</timestamp>
			</report>
			<report>
				<misses>2217001</misses>
				<total>2</total>
				<timestamp>841.617729</timestamp>
			</report>
			<report>
				<misses>2218001</misses>
				<total>2</total>
				<timestamp>841.997372</timestamp>
			</report>
			<report>
				<misses>2219001</misses>
				<total>2</total>
				<timestamp>842.376963</timestamp>
			</report>
			<report>
				<misses>2220001</misses>
				<total>2</total>
				<timestamp>842.756590</timestamp>
			</report>
			<report>
				<misses>2221001</misses>
				<total>2</total>
				<timestamp>843.136214</timestamp>
			</report>
			<report>
				<misses>2222001</misses>
				<total>2</total>
				<timestamp>843.515819</timestamp>
			</report>
			<report>
				<misses>2223001</misses>
				<total>2</total>
				<timestamp>843.895452</timestamp>
			</report>
			<report>
				<misses>2224001</misses>
				<total>2</total>
				<timestamp>844.275069</timestamp>
			</report>
			<report>
				<misses>2225001</misses>
				<total>2</total>
				<timestamp>844.654697</timestamp>
			</report>
			<report>
				<misses>2226001</misses>
				<total>2</total>
				<timestamp>845.034324</timestamp>
			</report>
			<report>
				<misses>2227001</misses>
				<total>2</total>
				<timestamp>845.413927</timestamp>
			</report>
			<report>
				<misses>2228001</misses>
				<total>2</total>
				<timestamp>845.793576</timestamp>
			</report>
			<report>
				<misses>2229001</misses>
				<total>2</total>
				<timestamp>846.173170</timestamp>
			</report>
			<report>
				<misses>2230001</misses>
				<total>2</total>
				<timestamp>846.552904</timestamp>
			</report>
			<report>
				<misses>2231001</misses>
				<total>2</total>
				<timestamp>846.932421</timestamp>
			</report>
			<report>
				<misses>2232001</misses>
				<total>2</total>
				<timestamp>847.312019</timestamp>
			</report>
			<report>
				<misses>2233001</misses>
				<total>2</total>
				<timestamp>847.691644</timestamp>
			</report>
			<report>
				<misses>2234001</misses>
				<total>2</total>
				<timestamp>848.071303</timestamp>
			</report>
			<report>
				<misses>2235001</misses>
				<total>2</total>
				<timestamp>848.450877</timestamp>
			</report>
			<report>
				<misses>2236001</misses>
				<total>2</total>
				<timestamp>848.830520</timestamp>
			</report>
			<report>
				<misses>2237001</misses>
				<total>2</total>
				<timestamp>849.210113</timestamp>
			</report>
			<report>
				<misses>2238001</misses>
				<total>2</total>
				<timestamp>849.589757</timestamp>
			</report>
			<report>
				<misses>2239001</misses>
				<total>2</total>
				<timestamp>849.969418</timestamp>
			</report>
			<report>
				<misses>2240001</misses>
				<total>2</total>
				<timestamp>850.348975</timestamp>
			</report>
			<report>
				<misses>2241001</misses>
				<total>2</total>
				<timestamp>850.728613</timestamp>
			</report>
			<report>
				<misses>2242001</misses>
				<total>2</total>
				<timestamp>851.108288</timestamp>
			</report>
			<report>
				<misses>2243001</misses>
				<total>2</total>
				<timestamp>851.487854</timestamp>
			</report>
			<report>
				<misses>2244001</misses>
				<total>2</total>
				<timestamp>851.867494</timestamp>
			</report>
			<report>
				<misses>2245001</misses>
				<total>2</total>
				<timestamp>852.247089</timestamp>
			</report>
			<report>
				<misses>2246001</misses>
				<total>2</total>
				<timestamp>852.626705</timestamp>
			</report>
			<report>
				<misses>2247001</misses>
				<total>2</total>
				<timestamp>853.006337</timestamp>
			</report>
			<report>
				<misses>2248001</misses>
				<total>2</total>
				<timestamp>853.385959</timestamp>
			</report>
			<report>
				<misses>2249001</misses>
				<total>2</total>
				<timestamp>853.765572</timestamp>
			</report>
			<report>
				<misses>2250001</misses>
				<total>2</total>
				<timestamp>854.145174</timestamp>
			</report>
			<report>
				<misses>2251001</misses>
				<total>2</total>
				<timestamp>854.524792</timestamp>
			</report>
			<report>
				<misses>2252001</misses>
				<total>2</total>
				<timestamp>854.904445</timestamp>
			</report>
			<report>
				<misses>2253001</misses>
				<total>2</total>
				<timestamp>855.284050</timestamp>
			</report>
			<report>
				<misses>2254001</misses>
				<total>2</total>
				<timestamp>855.663664</timestamp>
			</report>
			<report>
				<misses>2255001</misses>
				<total>2</total>
				<timestamp>856.043316</timestamp>
			</report>
			<report>
				<misses>2256001</misses>
				<total>2</total>
				<timestamp>856.422906</timestamp>
			</report>
			<report>
				<misses>2257001</misses>
				<total>2</total>
				<timestamp>856.802551</timestamp>
			</report>
			<report>
				<misses>2258001</misses>
				<total>2</total>
				<timestamp>857.182152</timestamp>
			</report>
			<report>
				<misses>2259001</misses>
				<total>2</total>
				<timestamp>857.561786</timestamp>
			</report>
			<report>
				<misses>2260001</misses>
				<total>2</total>
				<timestamp>857.941437</timestamp>
			</report>
			<report>
				<misses>2261001</misses>
				<total>2</total>
				<timestamp>858.320993</timestamp>
			</report>
			<report>
				<misses>2262001</misses>
				<total>2</total>
				<timestamp>858.700627</timestamp>
			</report>
			<report>
				<misses>2263001</misses>
				<total>2</total>
				<timestamp>859.080316</timestamp>
			</report>
			<report>
				<misses>2264001</misses>
				<total>2</total>
				<timestamp>859.459879</timestamp>
			</report>
			<report>
				<misses>2265001</misses>
				<total>2</total>
				<timestamp>859.839473</timestamp>
			</report>
			<report>
				<misses>2266001</misses>
				<total>2</total>
				<timestamp>860.219098</timestamp>
			</report>
			<report>
				<misses>2267001</misses>
				<total>2</total>
				<timestamp>860.598729</timestamp>
			</report>
			<report>
				<misses>2268001</misses>
				<total>2</total>
				<timestamp>860.978350</timestamp>
			</report>
			<report>
				<misses>2269001</misses>
				<total>2</total>
				<timestamp>861.357964</timestamp>
			</report>
			<report>
				<misses>2270001</misses>
				<total>2</total>
				<timestamp>861.737593</timestamp>
			</report>
			<report>
				<misses>2271001</misses>
				<total>2</total>
				<timestamp>862.117251</timestamp>
			</report>
			<report>
				<misses>2272001</misses>
				<total>2</total>
				<timestamp>862.496832</timestamp>
			</report>
			<report>
				<misses>2273001</misses>
				<total>2</total>
				<timestamp>862.876458</timestamp>
			</report>
			<report>
				<misses>2274001</misses>
				<total>2</total>
				<timestamp>863.256064</timestamp>
			</report>
			<report>
				<misses>2275001</misses>
				<total>2</total>
				<timestamp>863.635678</timestamp>
			</report>
			<report>
				<misses>2276001</misses>
				<total>2</total>
				<timestamp>864.015307</timestamp>
			</report>
			<report>
				<misses>2277001</misses>
				<total>2</total>
				<timestamp>864.394915</timestamp>
			</report>
			<report>
				<misses>2278001</misses>
				<total>2</total>
				<timestamp>864.774547</timestamp>
			</report>
			<report>
				<misses>2279001</misses>
				<total>2</total>
				<timestamp>865.154172</timestamp>
			</report>
			<report>
				<misses>2280001</misses>
				<total>2</total>
				<timestamp>865.533774</timestamp>
			</report>
			<report>
				<misses>2281001</misses>
				<total>2</total>
				<timestamp>865.913464</timestamp>
			</report>
			<report>
				<misses>2282001</misses>
				<total>2</total>
				<timestamp>866.293030</timestamp>
			</report>
			<report>
				<misses>2283001</misses>
				<total>2</total>
				<timestamp>866.672628</timestamp>
			</report>
			<report>
				<misses>2284001</misses>
				<total>2</total>
				<timestamp>867.052262</timestamp>
			</report>
			<report>
				<misses>2285001</misses>
				<total>2</total>
				<timestamp>867.431898</timestamp>
			</report>
			<report>
				<misses>2286001</misses>
				<total>2</total>
				<timestamp>867.811552</timestamp>
			</report>
			<report>
				<misses>2287001</misses>
				<total>2</total>
				<timestamp>868.191153</timestamp>
			</report>
			<report>
				<misses>2288001</misses>
				<total>2</total>
				<timestamp>868.570748</timestamp>
			</report>
			<report>
				<misses>2289001</misses>
				<total>2</total>
				<timestamp>868.950378</timestamp>
			</report>
			<report>
				<misses>2290001</misses>
				<total>2</total>
				<timestamp>869.329986</timestamp>
			</report>
			<report>
				<misses>2291001</misses>
				<total>2</total>
				<timestamp>869.709626</timestamp>
			</report>
			<report>
				<misses>2292001</misses>
				<total>2</total>
				<timestamp>870.089241</timestamp>
			</report>
			<report>
				<misses>2293001</misses>
				<total>2</total>
				<timestamp>870.468860</timestamp>
			</report>
			<report>
				<misses>2294001</misses>
				<total>2</total>
				<timestamp>870.848457</timestamp>
			</report>
			<report>
				<misses>2295001</misses>
				<total>2</total>
				<timestamp>871.228088</timestamp>
			</report>
			<report>
				<misses>2296001</misses>
				<total>2</total>
				<timestamp>871.607713</timestamp>
			</report>
			<report>
				<misses>2297001</misses>
				<total>2</total>
				<timestamp>871.987351</timestamp>
			</report>
			<report>
				<misses>2298001</misses>
				<total>2</total>
				<timestamp>872.366939</timestamp>
			</report>
			<report>
				<misses>2299001</misses>
				<total>2</total>
				<timestamp>872.746560</timestamp>
			</report>
			<report>
				<misses>2300001</misses>
				<total>2</total>
				<timestamp>873.126240</timestamp>
			</report>
			<report>
				<misses>2301001</misses>
				<total>2</total>
				<timestamp>873.505831</timestamp>
			</report>
			<report>
				<misses>2302001</misses>
				<total>2</total>
				<timestamp>873.885424</timestamp>
			</report>
			<report>
				<misses>2303001</misses>
				<total>2</total>
				<timestamp>874.265033</timestamp>
			</report>
			<report>
				<misses>2304001</misses>
				<total>2</total>
				<timestamp>874.644675</timestamp>
			</report>
			<report>
				<misses>2305001</misses>
				<total>2</total>
				<timestamp>875.024320</timestamp>
			</report>
			<report>
				<misses>2306001</misses>
				<total>2</total>
				<timestamp>875.403900</timestamp>
			</report>
			<report>
				<misses>2307001</misses>
				<total>2</total>
				<timestamp>875.783522</timestamp>
			</report>
			<report>
				<misses>2308001</misses>
				<total>2</total>
				<timestamp>876.163160</timestamp>
			</report>
			<report>
				<misses>2309001</misses>
				<total>2</total>
				<timestamp>876.542786</timestamp>
			</report>
			<report>
				<misses>2310001</misses>
				<total>2</total>
				<timestamp>876.922375</timestamp>
			</report>
			<report>
				<misses>2311001</misses>
				<total>2</total>
				<timestamp>877.302008</timestamp>
			</report>
			<report>
				<misses>2312001</misses>
				<total>2</total>
				<timestamp>877.681614</timestamp>
			</report>
			<report>
				<misses>2313001</misses>
				<total>2</total>
				<timestamp>878.061297</timestamp>
			</report>
			<report>
				<misses>2314001</misses>
				<total>2</total>
				<timestamp>878.440876</timestamp>
			</report>
			<report>
				<misses>2315001</misses>
				<total>2</total>
				<timestamp>878.820500</timestamp>
			</report>
			<report>
				<misses>2316001</misses>
				<total>2</total>
				<timestamp>879.200148</timestamp>
			</report>
			<report>
				<misses>2317001</misses>
				<total>2</total>
				<timestamp>879.579721</timestamp>
			</report>
			<report>
				<misses>2318001</misses>
				<total>2</total>
				<timestamp>879.959362</timestamp>
			</report>
			<report>
				<misses>2319001</misses>
				<total>2</total>
				<timestamp>880.338971</timestamp>
			</report>
			<report>
				<misses>2320001</misses>
				<total>2</total>
				<timestamp>880.718627</timestamp>
			</report>
			<report>
				<misses>2321001</misses>
				<total>2</total>
				<timestamp>881.098245</timestamp>
			</report>
			<report>
				<misses>2322001</misses>
				<total>2</total>
				<timestamp>881.477835</timestamp>
			</report>
			<report>
				<misses>2323001</misses>
				<total>2</total>
				<timestamp>881.857450</timestamp>
			</report>
			<report>
				<misses>2324001</misses>
				<total>2</total>
				<timestamp>882.237087</timestamp>
			</report>
			<report>
				<misses>2325001</misses>
				<total>2</total>
				<timestamp>882.616688</timestamp>
			</report>
			<report>
				<misses>2326001</misses>
				<total>2</total>
				<timestamp>882.996316</timestamp>
			</report>
			<report>
				<misses>2327001</misses>
				<total>2</total>
				<timestamp>883.375929</timestamp>
			</report>
			<report>
				<misses>2328001</misses>
				<total>2</total>
				<timestamp>883.755545</timestamp>
			</report>
			<report>
				<misses>2329001</misses>
				<total>2</total>
				<timestamp>884.135185</timestamp>
			</report>
			<report>
				<misses>2330001</misses>
				<total>2</total>
				<timestamp>884.514790</timestamp>
			</report>
			<report>
				<misses>2331001</misses>
				<total>2</total>
				<timestamp>884.894403</timestamp>
			</report>
			<report>
				<misses>2332001</misses>
				<total>2</total>
				<timestamp>885.274021</timestamp>
			</report>
			<report>
				<misses>2333001</misses>
				<total>2</total>
				<timestamp>885.653629</timestamp>
			</report>
			<report>
				<misses>2334001</misses>
				<total>2</total>
				<timestamp>886.033297</timestamp>
			</report>
			<report>
				<misses>2335001</misses>
				<total>2</total>
				<timestamp>886.412885</timestamp>
			</report>
			<report>
				<misses>2336001</misses>
				<total>2</total>
				<timestamp>886.792500</timestamp>
			</report>
			<report>
				<misses>2337001</misses>
				<total>2</total>
				<timestamp>887.172153</timestamp>
			</report>
			<report>
				<misses>2338001</misses>
				<total>2</total>
				<timestamp>887.551753</timestamp>
			</report>
			<report>
				<misses>2339001</misses>
				<total>2</total>
				<timestamp>887.931366</timestamp>
			</report>
			<report>
				<misses>2340001</misses>
				<total>2</total>
				<timestamp>888.310985</timestamp>
			</report>
			<report>
				<misses>2341001</misses>
				<total>2</total>
				<timestamp>888.690609</timestamp>
			</report>
			<report>
				<misses>2342001</misses>
				<total>2</total>
				<timestamp>889.070264</timestamp>
			</report>
			<report>
				<misses>2343001</misses>
				<total>2</total>
				<timestamp>889.449899</timestamp>
			</report>
			<report>
				<misses>2344001</misses>
				<total>2</total>
				<timestamp>889.829453</timestamp>
			</report>
			<report>
				<misses>2345001</misses>
				<total>2</total>
				<timestamp>890.209088</timestamp>
			</report>
			<report>
				<misses>2346001</misses>
				<total>2</total>
				<timestamp>890.588722</timestamp>
			</report>
			<report>
				<misses>2347001</misses>
				<total>2</total>
				<timestamp>890.968333</timestamp>
			</report>
			<report>
				<misses>2348001</misses>
				<total>2</total>
				<timestamp>891.347961</timestamp>
			</report>
			<report>
				<misses>2349001</misses>
				<total>2</total>
				<timestamp>891.727565</timestamp>
			</report>
			<report>
				<misses>2350001</misses>
				<total>2</total>
				<timestamp>892.107209</timestamp>
			</report>
			<report>
				<misses>2351001</misses>
				<total>2</total>
				<timestamp>892.486831</timestamp>
			</report>
			<report>
				<misses>2352001</misses>
				<total>2</total>
				<timestamp>892.866413</timestamp>
			</report>
			<report>
				<misses>2353001</misses>
				<total>2</total>
				<timestamp>893.246098</timestamp>
			</report>
			<report>
				<misses>2354001</misses>
				<total>2</total>
				<timestamp>893.625664</timestamp>
			</report>
			<report>
				<misses>2355001</misses>
				<total>2</total>
				<timestamp>894.005314</timestamp>
			</report>
			<report>
				<misses>2356001</misses>
				<total>2</total>
				<timestamp>894.384896</timestamp>
			</report>
			<report>
				<misses>2357001</misses>
				<total>2</total>
				<timestamp>894.764525</timestamp>
			</report>
			<report>
				<misses>2358001</misses>
				<total>2</total>
				<timestamp>895.144199</timestamp>
			</report>
			<report>
				<misses>2359001</misses>
				<total>2</total>
				<timestamp>895.523768</timestamp>
			</report>
			<report>
				<misses>2360001</misses>
				<total>2</total>
				<timestamp>895.903383</timestamp>
			</report>
			<report>
				<misses>2361001</misses>
				<total>2</total>
				<timestamp>896.283067</timestamp>
			</report>
			<report>
				<misses>2362001</misses>
				<total>2</total>
				<timestamp>896.662619</timestamp>
			</report>
			<report>
				<misses>2363001</misses>
				<total>2</total>
				<timestamp>897.042291</timestamp>
			</report>
			<report>
				<misses>2364001</misses>
				<total>2</total>
				<timestamp>897.421863</timestamp>
			</report>
			<report>
				<misses>2365001</misses>
				<total>2</total>
				<timestamp>897.801476</timestamp>
			</report>
			<report>
				<misses>2366001</misses>
				<total>2</total>
				<timestamp>898.181102</timestamp>
			</report>
			<report>
				<misses>2367001</misses>
				<total>2</total>
				<timestamp>898.560725</timestamp>
			</report>
			<report>
				<misses>2368001</misses>
				<total>2</total>
				<timestamp>898.940366</timestamp>
			</report>
			<report>
				<misses>2369001</misses>
				<total>2</total>
				<timestamp>899.320007</timestamp>
			</report>
			<report>
				<misses>2370001</misses>
				<total>2</total>
				<timestamp>899.699587</timestamp>
			</report>
			<report>
				<misses>2371001</misses>
				<total>2</total>
				<timestamp>900.079248</timestamp>
			</report>
			<report>
				<misses>2372001</misses>
				<total>2</total>
				<timestamp>900.458823</timestamp>
			</report>
			<report>
				<misses>2373001</misses>
				<total>2</total>
				<timestamp>900.838445</timestamp>
			</report>
			<report>
				<misses>2374001</misses>
				<total>2</total>
				<timestamp>901.218072</timestamp>
			</report>
			<report>
				<misses>2375001</misses>
				<total>2</total>
				<timestamp>901.597711</timestamp>
			</report>
			<report>
				<misses>2376001</misses>
				<total>2</total>
				<timestamp>901.977299</timestamp>
			</report>
			<report>
				<misses>2377001</misses>
				<total>2</total>
				<timestamp>902.356926</timestamp>
			</report>
			<report>
				<misses>2378001</misses>
				<total>2</total>
				<timestamp>902.736537</timestamp>
			</report>
			<report>
				<misses>2379001</misses>
				<total>2</total>
				<timestamp>903.116178</timestamp>
			</report>
			<report>
				<misses>2380001</misses>
				<total>2</total>
				<timestamp>903.495770</timestamp>
			</report>
			<report>
				<misses>2381001</misses>
				<total>2</total>
				<timestamp>903.875404</timestamp>
			</report>
			<report>
				<misses>2382001</misses>
				<total>2</total>
				<timestamp>904.255031</timestamp>
			</report>
			<report>
				<misses>2383001</misses>
				<total>2</total>
				<timestamp>904.634641</timestamp>
			</report>
			<report>
				<misses>2384001</misses>
				<total>2</total>
				<timestamp>905.014277</timestamp>
			</report>
			<report>
				<misses>2385001</misses>
				<total>2</total>
				<timestamp>905.393877</timestamp>
			</report>
			<report>
				<misses>2386001</misses>
				<total>2</total>
				<timestamp>905.773505</timestamp>
			</report>
			<report>
				<misses>2387001</misses>
				<total>2</total>
				<timestamp>906.153131</timestamp>
			</report>
			<report>
				<misses>2388001</misses>
				<total>2</total>
				<timestamp>906.532738</timestamp>
			</report>
			<report>
				<misses>2389001</misses>
				<total>2</total>
				<timestamp>906.912430</timestamp>
			</report>
			<report>
				<misses>2390001</misses>
				<total>2</total>
				<timestamp>907.291995</timestamp>
			</report>
			<report>
				<misses>2391001</misses>
				<total>2</total>
				<timestamp>907.671616</timestamp>
			</report>
			<report>
				<misses>2392001</misses>
				<total>2</total>
				<timestamp>908.051265</timestamp>
			</report>
			<report>
				<misses>2393001</misses>
				<total>2</total>
				<timestamp>908.430854</timestamp>
			</report>
			<report>
				<misses>2394001</misses>
				<total>2</total>
				<timestamp>908.810489</timestamp>
			</report>
			<report>
				<misses>2395001</misses>
				<total>2</total>
				<timestamp>909.190088</timestamp>
			</report>
			<report>
				<misses>2396001</misses>
				<total>2</total>
				<timestamp>909.569720</timestamp>
			</report>
			<report>
				<misses>2397001</misses>
				<total>2</total>
				<timestamp>909.949345</timestamp>
			</report>
			<report>
				<misses>2398001</misses>
				<total>2</total>
				<timestamp>910.328977</timestamp>
			</report>
			<report>
				<misses>2399001</misses>
				<total>2</total>
				<timestamp>910.708569</timestamp>
			</report>
			<report>
				<misses>2400001</misses>
				<total>2</total>
				<timestamp>911.088204</timestamp>
			</report>
			<report>
				<misses>2401001</misses>
				<total>2</total>
				<timestamp>911.467855</timestamp>
			</report>
			<report>
				<misses>2402001</misses>
				<total>2</total>
				<timestamp>911.847416</timestamp>
			</report>
			<report>
				<misses>2403001</misses>
				<total>2</total>
				<timestamp>912.227059</timestamp>
			</report>
			<report>
				<misses>2404001</misses>
				<total>2</total>
				<timestamp>912.606664</timestamp>
			</report>
			<report>
				<misses>2405001</misses>
				<total>2</total>
				<timestamp>912.986299</timestamp>
			</report>
			<report>
				<misses>2406001</misses>
				<total>2</total>
				<timestamp>913.365931</timestamp>
			</report>
			<report>
				<misses>2407001</misses>
				<total>2</total>
				<timestamp>913.745521</timestamp>
			</report>
			<report>
				<misses>2408001</misses>
				<total>2</total>
				<timestamp>914.125172</timestamp>
			</report>
			<report>
				<misses>2409001</misses>
				<total>2</total>
				<timestamp>914.504793</timestamp>
			</report>
			<report>
				<misses>2410001</misses>
				<total>2</total>
				<timestamp>914.884400</timestamp>
			</report>
			<report>
				<misses>2411001</misses>
				<total>2</total>
				<timestamp>915.264037</timestamp>
			</report>
			<report>
				<misses>2412001</misses>
				<total>2</total>
				<timestamp>915.643631</timestamp>
			</report>
			<report>
				<misses>2413001</misses>
				<total>2</total>
				<timestamp>916.023277</timestamp>
			</report>
			<report>
				<misses>2414001</misses>
				<total>2</total>
				<timestamp>916.402887</timestamp>
			</report>
			<report>
				<misses>2415001</misses>
				<total>2</total>
				<timestamp>916.782494</timestamp>
			</report>
			<report>
				<misses>2416001</misses>
				<total>2</total>
				<timestamp>917.162137</timestamp>
			</report>
			<report>
				<misses>2417001</misses>
				<total>2</total>
				<timestamp>917.541725</timestamp>
			</report>
			<report>
				<misses>2418001</misses>
				<total>2</total>
				<timestamp>917.921342</timestamp>
			</report>
			<report>
				<misses>2419001</misses>
				<total>2</total>
				<timestamp>918.300981</timestamp>
			</report>
			<report>
				<misses>2420001</misses>
				<total>2</total>
				<timestamp>918.680588</timestamp>
			</report>
			<report>
				<misses>2421001</misses>
				<total>2</total>
				<timestamp>919.060251</timestamp>
			</report>
			<report>
				<misses>2422001</misses>
				<total>2</total>
				<timestamp>919.439843</timestamp>
			</report>
			<report>
				<misses>2423001</misses>
				<total>2</total>
				<timestamp>919.819445</timestamp>
			</report>
			<report>
				<misses>2424001</misses>
				<total>2</total>
				<timestamp>920.199064</timestamp>
			</report>
			<report>
				<misses>2425001</misses>
				<total>2</total>
				<timestamp>920.578690</timestamp>
			</report>
			<report>
				<misses>2426001</misses>
				<total>2</total>
				<timestamp>920.958333</timestamp>
			</report>
			<report>
				<misses>2427001</misses>
				<total>2</total>
				<timestamp>921.337908</timestamp>
			</report>
			<report>
				<misses>2428001</misses>
				<total>2</total>
				<timestamp>921.717534</timestamp>
			</report>
			<report>
				<misses>2429001</misses>
				<total>2</total>
				<timestamp>922.097171</timestamp>
			</report>
			<report>
				<misses>2430001</misses>
				<total>2</total>
				<timestamp>922.476813</timestamp>
			</report>
			<report>
				<misses>2431001</misses>
				<total>2</total>
				<timestamp>922.856407</timestamp>
			</report>
			<report>
				<misses>2432001</misses>
				<total>2</total>
				<timestamp>923.236057</timestamp>
			</report>
			<report>
				<misses>2433001</misses>
				<total>2</total>
				<timestamp>923.615638</timestamp>
			</report>
			<report>
				<misses>2434001</misses>
				<total>2</total>
				<timestamp>923.995256</timestamp>
			</report>
			<report>
				<misses>2435001</misses>
				<total>2</total>
				<timestamp>924.374900</timestamp>
			</report>
			<report>
				<misses>2436001</misses>
				<total>2</total>
				<timestamp>924.754551</timestamp>
			</report>
			<report>
				<misses>2437001</misses>
				<total>2</total>
				<timestamp>925.134173</timestamp>
			</report>
			<report>
				<misses>2438001</misses>
				<total>2</total>
				<timestamp>925.513759</timestamp>
			</report>
			<report>
				<misses>2439001</misses>
				<total>2</total>
				<timestamp>925.893383</timestamp>
			</report>
			<report>
				<misses>2440001</misses>
				<total>2</total>
				<timestamp>926.273005</timestamp>
			</report>
			<report>
				<misses>2441001</misses>
				<total>2</total>
				<timestamp>926.652620</timestamp>
			</report>
			<report>
				<misses>2442001</misses>
				<total>2</total>
				<timestamp>927.032256</timestamp>
			</report>
			<report>
				<misses>2443001</misses>
				<total>2</total>
				<timestamp>927.411892</timestamp>
			</report>
			<report>
				<misses>2444001</misses>
				<total>2</total>
				<timestamp>927.791465</timestamp>
			</report>
			<report>
				<misses>2445001</misses>
				<total>2</total>
				<timestamp>928.171083</timestamp>
			</report>
			<report>
				<misses>2446001</misses>
				<total>2</total>
				<timestamp>928.550733</timestamp>
			</report>
			<report>
				<misses>2447001</misses>
				<total>2</total>
				<timestamp>928.930350</timestamp>
			</report>
			<report>
				<misses>2448001</misses>
				<total>2</total>
				<timestamp>929.309983</timestamp>
			</report>
			<report>
				<misses>2449001</misses>
				<total>2</total>
				<timestamp>929.689587</timestamp>
			</report>
			<report>
				<misses>2450001</misses>
				<total>2</total>
				<timestamp>930.069225</timestamp>
			</report>
			<report>
				<misses>2451001</misses>
				<total>2</total>
				<timestamp>930.448852</timestamp>
			</report>
			<report>
				<misses>2452001</misses>
				<total>2</total>
				<timestamp>930.828432</timestamp>
			</report>
			<report>
				<misses>2453001</misses>
				<total>2</total>
				<timestamp>931.208099</timestamp>
			</report>
			<report>
				<misses>2454001</misses>
				<total>2</total>
				<timestamp>931.587663</timestamp>
			</report>
			<report>
				<misses>2455001</misses>
				<total>2</total>
				<timestamp>931.967321</timestamp>
			</report>
			<report>
				<misses>2456001</misses>
				<total>2</total>
				<timestamp>932.346903</timestamp>
			</report>
			<report>
				<misses>2457001</misses>
				<total>2</total>
				<timestamp>932.726555</timestamp>
			</report>
			<report>
				<misses>2458001</misses>
				<total>2</total>
				<timestamp>933.106145</timestamp>
			</report>
			<report>
				<misses>2459001</misses>
				<total>2</total>
				<timestamp>933.485787</timestamp>
			</report>
			<report>
				<misses>2460001</misses>
				<total>2</total>
				<timestamp>933.865395</timestamp>
			</report>
			<report>
				<misses>2461001</misses>
				<total>2</total>
				<timestamp>934.245012</timestamp>
			</report>
			<report>
				<misses>2462001</misses>
				<total>2</total>
				<timestamp>934.624658</timestamp>
			</report>
			<report>
				<misses>2463001</misses>
				<total>2</total>
				<timestamp>935.004287</timestamp>
			</report>
			<report>
				<misses>2464001</misses>
				<total>2</total>
				<timestamp>935.383886</timestamp>
			</report>
			<report>
				<misses>2465001</misses>
				<total>2</total>
				<timestamp>935.763494</timestamp>
			</report>
			<report>
				<misses>2466001</misses>
				<total>2</total>
				<timestamp>936.143090</timestamp>
			</report>
			<report>
				<misses>2467001</misses>
				<total>2</total>
				<timestamp>936.522773</timestamp>
			</report>
			<report>
				<misses>2468001</misses>
				<total>2</total>
				<timestamp>936.902335</timestamp>
			</report>
			<report>
				<misses>2469001</misses>
				<total>2</total>
				<timestamp>937.281964</timestamp>
			</report>
			<report>
				<misses>2470001</misses>
				<total>2</total>
				<timestamp>937.661585</timestamp>
			</report>
			<report>
				<misses>2471001</misses>
				<total>2</total>
				<timestamp>938.041216</timestamp>
			</report>
			<report>
				<misses>2472001</misses>
				<total>2</total>
				<timestamp>938.420825</timestamp>
			</report>
			<report>
				<misses>2473001</misses>
				<total>2</total>
				<timestamp>938.800441</timestamp>
			</report>
			<report>
				<misses>2474001</misses>
				<total>2</total>
				<timestamp>939.180058</timestamp>
			</report>
			<report>
				<misses>2475001</misses>
				<total>2</total>
				<timestamp>939.559697</timestamp>
			</report>
			<report>
				<misses>2476001</misses>
				<total>2</total>
				<timestamp>939.939322</timestamp>
			</report>
			<report>
				<misses>2477001</misses>
				<total>2</total>
				<timestamp>940.318939</timestamp>
			</report>
			<report>
				<misses>2478001</misses>
				<total>2</total>
				<timestamp>940.698561</timestamp>
			</report>
			<report>
				<misses>2479001</misses>
				<total>2</total>
				<timestamp>941.078198</timestamp>
			</report>
			<report>
				<misses>2480001</misses>
				<total>2</total>
				<timestamp>941.457777</timestamp>
			</report>
			<report>
				<misses>2481001</misses>
				<total>2</total>
				<timestamp>941.837394</timestamp>
			</report>
			<report>
				<misses>2482001</misses>
				<total>2</total>
				<timestamp>942.217080</timestamp>
			</report>
			<report>
				<misses>2483001</misses>
				<total>2</total>
				<timestamp>942.596656</timestamp>
			</report>
			<report>
				<misses>2484001</misses>
				<total>2</total>
				<timestamp>942.976264</timestamp>
			</report>
			<report>
				<misses>2485001</misses>
				<total>2</total>
				<timestamp>943.355894</timestamp>
			</report>
			<report>
				<misses>2486001</misses>
				<total>2</total>
				<timestamp>943.735499</timestamp>
			</report>
			<report>
				<misses>2487001</misses>
				<total>2</total>
				<timestamp>944.115190</timestamp>
			</report>
			<report>
				<misses>2488001</misses>
				<total>2</total>
				<timestamp>944.494785</timestamp>
			</report>
			<report>
				<misses>2489001</misses>
				<total>2</total>
				<timestamp>944.874373</timestamp>
			</report>
			<report>
				<misses>2490001</misses>
				<total>2</total>
				<timestamp>945.254004</timestamp>
			</report>
			<report>
				<misses>2491001</misses>
				<total>2</total>
				<timestamp>945.633600</timestamp>
			</report>
			<report>
				<misses>2492001</misses>
				<total>2</total>
				<timestamp>946.013252</timestamp>
			</report>
			<report>
				<misses>2493001</misses>
				<total>2</total>
				<timestamp>946.392858</timestamp>
			</report>
			<report>
				<misses>2494001</misses>
				<total>2</total>
				<timestamp>946.772495</timestamp>
			</report>
			<report>
				<misses>2495001</misses>
				<total>2</total>
				<timestamp>947.152099</timestamp>
			</report>
			<report>
				<misses>2496001</misses>
				<total>2</total>
				<timestamp>947.531724</timestamp>
			</report>
			<report>
				<misses>2497001</misses>
				<total>2</total>
				<timestamp>947.911328</timestamp>
			</report>
			<report>
				<misses>2498001</misses>
				<total>2</total>
				<timestamp>948.290945</timestamp>
			</report>
			<report>
				<misses>2499001</misses>
				<total>2</total>
				<timestamp>948.670564</timestamp>
			</report>
			<report>
				<misses>2500001</misses>
				<total>2</total>
				<timestamp>949.050232</timestamp>
			</report>
			<report>
				<misses>2501001</misses>
				<total>2</total>
				<timestamp>949.429856</timestamp>
			</report>
			<report>
				<misses>2502001</misses>
				<total>2</total>
				<timestamp>949.809422</timestamp>
			</report>
			<report>
				<misses>2503001</misses>
				<total>2</total>
				<timestamp>950.189047</timestamp>
			</report>
			<report>
				<misses>2504001</misses>
				<total>2</total>
				<timestamp>950.568747</timestamp>
			</report>
			<report>
				<misses>2505001</misses>
				<total>2</total>
				<timestamp>950.948277</timestamp>
			</report>
			<report>
				<misses>2506001</misses>
				<total>2</total>
				<timestamp>951.327899</timestamp>
			</report>
			<report>
				<misses>2507001</misses>
				<total>2</total>
				<timestamp>951.707528</timestamp>
			</report>
			<report>
				<misses>2508001</misses>
				<total>2</total>
				<timestamp>952.087131</timestamp>
			</report>
			<report>
				<misses>2509001</misses>
				<total>2</total>
				<timestamp>952.466768</timestamp>
			</report>
			<report>
				<misses>2510001</misses>
				<total>2</total>
				<timestamp>952.846401</timestamp>
			</report>
			<report>
				<misses>2511001</misses>
				<total>2</total>
				<timestamp>953.226052</timestamp>
			</report>
			<report>
				<misses>2512001</misses>
				<total>2</total>
				<timestamp>953.605647</timestamp>
			</report>
			<report>
				<misses>2513001</misses>
				<total>2</total>
				<timestamp>953.985252</timestamp>
			</report>
			<report>
				<misses>2514001</misses>
				<total>2</total>
				<timestamp>954.364880</timestamp>
			</report>
			<report>
				<misses>2515001</misses>
				<total>2</total>
				<timestamp>954.744501</timestamp>
			</report>
			<report>
				<misses>2516001</misses>
				<total>2</total>
				<timestamp>955.124107</timestamp>
			</report>
			<report>
				<misses>2517001</misses>
				<total>2</total>
				<timestamp>955.503747</timestamp>
			</report>
			<report>
				<misses>2518001</misses>
				<total>2</total>
				<timestamp>955.883363</timestamp>
			</report>
			<report>
				<misses>2519001</misses>
				<total>2</total>
				<timestamp>956.262970</timestamp>
			</report>
			<report>
				<misses>2520001</misses>
				<total>2</total>
				<timestamp>956.642621</timestamp>
			</report>
			<report>
				<misses>2521001</misses>
				<total>2</total>
				<timestamp>957.022216</timestamp>
			</report>
			<report>
				<misses>2522001</misses>
				<total>2</total>
				<timestamp>957.401810</timestamp>
			</report>
			<report>
				<misses>2523001</misses>
				<total>2</total>
				<timestamp>957.781464</timestamp>
			</report>
			<report>
				<misses>2524001</misses>
				<total>2</total>
				<timestamp>958.161051</timestamp>
			</report>
			<report>
				<misses>2525001</misses>
				<total>2</total>
				<timestamp>958.540730</timestamp>
			</report>
			<report>
				<misses>2526001</misses>
				<total>2</total>
				<timestamp>958.920295</timestamp>
			</report>
			<report>
				<misses>2527001</misses>
				<total>2</total>
				<timestamp>959.299948</timestamp>
			</report>
			<report>
				<misses>2528001</misses>
				<total>2</total>
				<timestamp>959.679573</timestamp>
			</report>
			<report>
				<misses>2529001</misses>
				<total>2</total>
				<timestamp>960.059186</timestamp>
			</report>
			<report>
				<misses>2530001</misses>
				<total>2</total>
				<timestamp>960.438819</timestamp>
			</report>
			<report>
				<misses>2531001</misses>
				<total>2</total>
				<timestamp>960.818407</timestamp>
			</report>
			<report>
				<misses>2532001</misses>
				<total>2</total>
				<timestamp>961.198051</timestamp>
			</report>
			<report>
				<misses>2533001</misses>
				<total>2</total>
				<timestamp>961.577640</timestamp>
			</report>
			<report>
				<misses>2534001</misses>
				<total>2</total>
				<timestamp>961.957258</timestamp>
			</report>
			<report>
				<misses>2535001</misses>
				<total>2</total>
				<timestamp>962.336898</timestamp>
			</report>
			<report>
				<misses>2536001</misses>
				<total>2</total>
				<timestamp>962.716512</timestamp>
			</report>
			<report>
				<misses>2537001</misses>
				<total>2</total>
				<timestamp>963.096133</timestamp>
			</report>
			<report>
				<misses>2538001</misses>
				<total>2</total>
				<timestamp>963.475754</timestamp>
			</report>
			<report>
				<misses>2539001</misses>
				<total>2</total>
				<timestamp>963.855402</timestamp>
			</report>
			<report>
				<misses>2540001</misses>
				<total>2</total>
				<timestamp>964.234986</timestamp>
			</report>
			<report>
				<misses>2541001</misses>
				<total>2</total>
				<timestamp>964.614654</timestamp>
			</report>
			<report>
				<misses>2542001</misses>
				<total>2</total>
				<timestamp>964.994250</timestamp>
			</report>
			<report>
				<misses>2543001</misses>
				<total>2</total>
				<timestamp>965.373850</timestamp>
			</report>
			<report>
				<misses>2544001</misses>
				<total>2</total>
				<timestamp>965.753449</timestamp>
			</report>
			<report>
				<misses>2545001</misses>
				<total>2</total>
				<timestamp>966.133092</timestamp>
			</report>
			<report>
				<misses>2546001</misses>
				<total>2</total>
				<timestamp>966.512731</timestamp>
			</report>
			<report>
				<misses>2547001</misses>
				<total>2</total>
				<timestamp>966.892350</timestamp>
			</report>
			<report>
				<misses>2548001</misses>
				<total>2</total>
				<timestamp>967.272007</timestamp>
			</report>
			<report>
				<misses>2549001</misses>
				<total>2</total>
				<timestamp>967.651575</timestamp>
			</report>
			<report>
				<misses>2550001</misses>
				<total>2</total>
				<timestamp>968.031180</timestamp>
			</report>
			<report>
				<misses>2551001</misses>
				<total>2</total>
				<timestamp>968.410812</timestamp>
			</report>
			<report>
				<misses>2552001</misses>
				<total>2</total>
				<timestamp>968.790417</timestamp>
			</report>
			<report>
				<misses>2553001</misses>
				<total>2</total>
				<timestamp>969.170089</timestamp>
			</report>
			<report>
				<misses>2554001</misses>
				<total>2</total>
				<timestamp>969.549734</timestamp>
			</report>
			<report>
				<misses>2555001</misses>
				<total>2</total>
				<timestamp>969.929288</timestamp>
			</report>
			<report>
				<misses>2556001</misses>
				<total>2</total>
				<timestamp>970.308916</timestamp>
			</report>
			<report>
				<misses>2557001</misses>
				<total>2</total>
				<timestamp>970.688591</timestamp>
			</report>
			<report>
				<misses>2558001</misses>
				<total>2</total>
				<timestamp>971.068143</timestamp>
			</report>
			<report>
				<misses>2559001</misses>
				<total>2</total>
				<timestamp>971.447758</timestamp>
			</report>
			<report>
				<misses>2560001</misses>
				<total>2</total>
				<timestamp>971.827395</timestamp>
			</report>
			<report>
				<misses>2561001</misses>
				<total>2</total>
				<timestamp>972.207054</timestamp>
			</report>
			<report>
				<misses>2562001</misses>
				<total>2</total>
				<timestamp>972.586621</timestamp>
			</report>
			<report>
				<misses>2563001</misses>
				<total>2</total>
				<timestamp>972.966255</timestamp>
			</report>
			<report>
				<misses>2564001</misses>
				<total>2</total>
				<timestamp>973.345871</timestamp>
			</report>
			<report>
				<misses>2565001</misses>
				<total>2</total>
				<timestamp>973.725517</timestamp>
			</report>
			<report>
				<misses>2566001</misses>
				<total>2</total>
				<timestamp>974.105150</timestamp>
			</report>
			<report>
				<misses>2567001</misses>
				<total>2</total>
				<timestamp>974.484711</timestamp>
			</report>
			<report>
				<misses>2568001</misses>
				<total>2</total>
				<timestamp>974.864359</timestamp>
			</report>
			<report>
				<misses>2569001</misses>
				<total>2</total>
				<timestamp>975.243996</timestamp>
			</report>
			<report>
				<misses>2570001</misses>
				<total>2</total>
				<timestamp>975.623577</timestamp>
			</report>
			<report>
				<misses>2571001</misses>
				<total>2</total>
				<timestamp>976.003216</timestamp>
			</report>
			<report>
				<misses>2572001</misses>
				<total>2</total>
				<timestamp>976.382886</timestamp>
			</report>
			<report>
				<misses>2573001</misses>
				<total>2</total>
				<timestamp>976.762433</timestamp>
			</report>
			<report>
				<misses>2574001</misses>
				<total>2</total>
				<timestamp>977.142097</timestamp>
			</report>
			<report>
				<misses>2575001</misses>
				<total>2</total>
				<timestamp>977.521702</timestamp>
			</report>
			<report>
				<misses>2576001</misses>
				<total>2</total>
				<timestamp>977.901319</timestamp>
			</report>
			<report>
				<misses>2577001</misses>
				<total>2</total>
				<timestamp>978.280966</timestamp>
			</report>
			<report>
				<misses>2578001</misses>
				<total>2</total>
				<timestamp>978.660566</timestamp>
			</report>
			<report>
				<misses>2579001</misses>
				<total>2</total>
				<timestamp>979.040161</timestamp>
			</report>
			<report>
				<misses>2580001</misses>
				<total>2</total>
				<timestamp>979.419813</timestamp>
			</report>
			<report>
				<misses>2581001</misses>
				<total>2</total>
				<timestamp>979.799401</timestamp>
			</report>
			<report>
				<misses>2582001</misses>
				<total>2</total>
				<timestamp>980.179045</timestamp>
			</report>
			<report>
				<misses>2583001</misses>
				<total>2</total>
				<timestamp>980.558723</timestamp>
			</report>
			<report>
				<misses>2584001</misses>
				<total>2</total>
				<timestamp>980.938277</timestamp>
			</report>
			<report>
				<misses>2585001</misses>
				<total>2</total>
				<timestamp>981.317912</timestamp>
			</report>
			<report>
				<misses>2586001</misses>
				<total>2</total>
				<timestamp>981.697521</timestamp>
			</report>
			<report>
				<misses>2587001</misses>
				<total>2</total>
				<timestamp>982.077123</timestamp>
			</report>
			<report>
				<misses>2588001</misses>
				<total>2</total>
				<timestamp>982.456744</timestamp>
			</report>
			<report>
				<misses>2589001</misses>
				<total>2</total>
				<timestamp>982.836390</timestamp>
			</report>
			<report>
				<misses>2590001</misses>
				<total>2</total>
				<timestamp>983.216036</timestamp>
			</report>
			<report>
				<misses>2591001</misses>
				<total>2</total>
				<timestamp>983.595660</timestamp>
			</report>
			<report>
				<misses>2592001</misses>
				<total>2</total>
				<timestamp>983.975259</timestamp>
			</report>
			<report>
				<misses>2593001</misses>
				<total>2</total>
				<timestamp>984.354889</timestamp>
			</report>
			<report>
				<misses>2594001</misses>
				<total>2</total>
				<timestamp>984.734514</timestamp>
			</report>
			<report>
				<misses>2595001</misses>
				<total>2</total>
				<timestamp>985.114108</timestamp>
			</report>
			<report>
				<misses>2596001</misses>
				<total>2</total>
				<timestamp>985.493758</timestamp>
			</report>
			<report>
				<misses>2597001</misses>
				<total>2</total>
				<timestamp>985.873337</timestamp>
			</report>
			<report>
				<misses>2598001</misses>
				<total>2</total>
				<timestamp>986.253003</timestamp>
			</report>
			<report>
				<misses>2599001</misses>
				<total>2</total>
				<timestamp>986.632571</timestamp>
			</report>
			<report>
				<misses>2600001</misses>
				<total>2</total>
				<timestamp>987.012217</timestamp>
			</report>
			<report>
				<misses>2601001</misses>
				<total>2</total>
				<timestamp>987.391820</timestamp>
			</report>
			<report>
				<misses>2602001</misses>
				<total>2</total>
				<timestamp>987.771466</timestamp>
			</report>
			<report>
				<misses>2603001</misses>
				<total>2</total>
				<timestamp>988.151096</timestamp>
			</report>
			<report>
				<misses>2604001</misses>
				<total>2</total>
				<timestamp>988.530669</timestamp>
			</report>
			<report>
				<misses>2605001</misses>
				<total>2</total>
				<timestamp>988.910291</timestamp>
			</report>
			<report>
				<misses>2606001</misses>
				<total>2</total>
				<timestamp>989.289920</timestamp>
			</report>
			<report>
				<misses>2607001</misses>
				<total>2</total>
				<timestamp>989.669537</timestamp>
			</report>
			<report>
				<misses>2608001</misses>
				<total>2</total>
				<timestamp>990.049172</timestamp>
			</report>
			<report>
				<misses>2609001</misses>
				<total>2</total>
				<timestamp>990.428794</timestamp>
			</report>
			<report>
				<misses>2610001</misses>
				<total>2</total>
				<timestamp>990.808443</timestamp>
			</report>
			<report>
				<misses>2611001</misses>
				<total>2</total>
				<timestamp>991.188002</timestamp>
			</report>
			<report>
				<misses>2612001</misses>
				<total>2</total>
				<timestamp>991.567638</timestamp>
			</report>
			<report>
				<misses>2613001</misses>
				<total>2</total>
				<timestamp>991.947251</timestamp>
			</report>
			<report>
				<misses>2614001</misses>
				<total>2</total>
				<timestamp>992.326897</timestamp>
			</report>
			<report>
				<misses>2615001</misses>
				<total>2</total>
				<timestamp>992.706522</timestamp>
			</report>
			<report>
				<misses>2616001</misses>
				<total>2</total>
				<timestamp>993.086112</timestamp>
			</report>
			<report>
				<misses>2617001</misses>
				<total>2</total>
				<timestamp>993.465719</timestamp>
			</report>
			<report>
				<misses>2618001</misses>
				<total>2</total>
				<timestamp>993.845391</timestamp>
			</report>
			<report>
				<misses>2619001</misses>
				<total>2</total>
				<timestamp>994.224990</timestamp>
			</report>
			<report>
				<misses>2620001</misses>
				<total>2</total>
				<timestamp>994.604581</timestamp>
			</report>
			<report>
				<misses>2621001</misses>
				<total>2</total>
				<timestamp>994.984237</timestamp>
			</report>
			<report>
				<misses>2622001</misses>
				<total>2</total>
				<timestamp>995.363868</timestamp>
			</report>
			<report>
				<misses>2623001</misses>
				<total>2</total>
				<timestamp>995.743459</timestamp>
			</report>
			<report>
				<misses>2624001</misses>
				<total>2</total>
				<timestamp>996.123061</timestamp>
			</report>
			<report>
				<misses>2625001</misses>
				<total>2</total>
				<timestamp>996.502678</timestamp>
			</report>
			<report>
				<misses>2626001</misses>
				<total>2</total>
				<timestamp>996.882312</timestamp>
			</report>
			<report>
				<misses>2627001</misses>
				<total>2</total>
				<timestamp>997.261936</timestamp>
			</report>
			<report>
				<misses>2628001</misses>
				<total>2</total>
				<timestamp>997.641577</timestamp>
			</report>
			<report>
				<misses>2629001</misses>
				<total>2</total>
				<timestamp>998.021178</timestamp>
			</report>
			<report>
				<misses>2630001</misses>
				<total>2</total>
				<timestamp>998.400838</timestamp>
			</report>
			<report>
				<misses>2631001</misses>
				<total>2</total>
				<timestamp>998.780452</timestamp>
			</report>
			<report>
				<misses>2632001</misses>
				<total>2</total>
				<timestamp>999.160036</timestamp>
			</report>
			<report>
				<misses>2633001</misses>
				<total>2</total>
				<timestamp>999.539660</timestamp>
			</report>
			<report>
				<misses>2634001</misses>
				<total>2</total>
				<timestamp>999.919316</timestamp>
			</report>
			<report>
				<misses>2635001</misses>
				<total>2</total>
				<timestamp>1000.298878</timestamp>
			</report>
			<report>
				<misses>2636001</misses>
				<total>2</total>
				<timestamp>1000.678520</timestamp>
			</report>
			<report>
				<misses>2637001</misses>
				<total>2</total>
				<timestamp>1001.058108</timestamp>
			</report>
			<report>
				<misses>2638001</misses>
				<total>2</total>
				<timestamp>1001.437748</timestamp>
			</report>
			<report>
				<misses>2639001</misses>
				<total>2</total>
				<timestamp>1001.817452</timestamp>
			</report>
			<report>
				<misses>2640001</misses>
				<total>5</total>
				<timestamp>1002.197004</timestamp>
			</report>
			<report>
				<misses>2641001</misses>
				<total>5</total>
				<timestamp>1002.576604</timestamp>
			</report>
			<report>
				<misses>2642001</misses>
				<total>5</total>
				<timestamp>1002.956242</timestamp>
			</report>
			<report>
				<misses>2643001</misses>
				<total>5</total>
				<timestamp>1003.335830</timestamp>
			</report>
			<report>
				<misses>2644001</misses>
				<total>5</total>
				<timestamp>1003.715482</timestamp>
			</report>
			<report>
				<misses>2645001</misses>
				<total>5</total>
				<timestamp>1004.095097</timestamp>
			</report>
			<report>
				<misses>2646001</misses>
				<total>5</total>
				<timestamp>1004.474705</timestamp>
			</report>
			<report>
				<misses>2647001</misses>
				<total>5</total>
				<timestamp>1004.854359</timestamp>
			</report>
			<report>
				<misses>2648001</misses>
				<total>5</total>
				<timestamp>1005.233978</timestamp>
			</report>
			<report>
				<misses>2649001</misses>
				<total>5</total>
				<timestamp>1005.613572</timestamp>
			</report>
			<report>
				<misses>2650001</misses>
				<total>5</total>
				<timestamp>1005.993165</timestamp>
			</report>
			<report>
				<misses>2651001</misses>
				<total>5</total>
				<timestamp>1006.372801</timestamp>
			</report>
			<report>
				<misses>2652001</misses>
				<total>5</total>
				<timestamp>1006.752515</timestamp>
			</report>
			<report>
				<misses>2653001</misses>
				<total>5</total>
				<timestamp>1007.132076</timestamp>
			</report>
			<report>
				<misses>2654001</misses>
				<total>5</total>
				<timestamp>1007.511664</timestamp>
			</report>
			<report>
				<misses>2655001</misses>
				<total>5</total>
				<timestamp>1007.891305</timestamp>
			</report>
			<report>
				<misses>2656001</misses>
				<total>5</total>
				<timestamp>1008.271001</timestamp>
			</report>
			<report>
				<misses>2657001</misses>
				<total>5</total>
				<timestamp>1008.650533</timestamp>
			</report>
			<report>
				<misses>2658001</misses>
				<total>5</total>
				<timestamp>1009.030193</timestamp>
			</report>
			<report>
				<misses>2659001</misses>
				<total>5</total>
				<timestamp>1009.409807</timestamp>
			</report>
			<report>
				<misses>2660001</misses>
				<total>5</total>
				<timestamp>1009.789403</timestamp>
			</report>
			<report>
				<misses>2661001</misses>
				<total>5</total>
				<timestamp>1010.168987</timestamp>
			</report>
			<report>
				<misses>2662001</misses>
				<total>5</total>
				<timestamp>1010.548633</timestamp>
			</report>
			<report>
				<misses>2663001</misses>
				<total>5</total>
				<timestamp>1010.928317</timestamp>
			</report>
			<report>
				<misses>2664001</misses>
				<total>5</total>
				<timestamp>1011.307893</timestamp>
			</report>
			<report>
				<misses>2665001</misses>
				<total>5</total>
				<timestamp>1011.687508</timestamp>
			</report>
			<report>
				<misses>2666001</misses>
				<total>5</total>
				<timestamp>1012.067113</timestamp>
			</report>
			<report>
				<misses>2667001</misses>
				<total>5</total>
				<timestamp>1012.446760</timestamp>
			</report>
			<report>
				<misses>2668001</misses>
				<total>5</total>
				<timestamp>1012.826383</timestamp>
			</report>
			<report>
				<misses>2669001</misses>
				<total>5</total>
				<timestamp>1013.205985</timestamp>
			</report>
			<report>
				<misses>2670001</misses>
				<total>5</total>
				<timestamp>1013.585644</timestamp>
			</report>
			<report>
				<misses>2671001</misses>
				<total>5</total>
				<timestamp>1013.965252</timestamp>
			</report>
			<report>
				<misses>2672001</misses>
				<total>5</total>
				<timestamp>1014.344847</timestamp>
			</report>
			<report>
				<misses>2673001</misses>
				<total>5</total>
				<timestamp>1014.724492</timestamp>
			</report>
			<report>
				<misses>2674001</misses>
				<total>5</total>
				<timestamp>1015.104103</timestamp>
			</report>
			<report>
				<misses>2675001</misses>
				<total>5</total>
				<timestamp>1015.483681</timestamp>
			</report>
			<report>
				<misses>2676001</misses>
				<total>5</total>
				<timestamp>1015.863347</timestamp>
			</report>
			<report>
				<misses>2677001</misses>
				<total>5</total>
				<timestamp>1016.242917</timestamp>
			</report>
			<report>
				<misses>2678001</misses>
				<total>5</total>
				<timestamp>1016.622528</timestamp>
			</report>
			<report>
				<misses>2679001</misses>
				<total>5</total>
				<timestamp>1017.002179</timestamp>
			</report>
			<report>
				<misses>2680001</misses>
				<total>5</total>
				<timestamp>1017.381802</timestamp>
			</report>
			<report>
				<misses>2681001</misses>
				<total>5</total>
				<timestamp>1017.761449</timestamp>
			</report>
			<report>
				<misses>2682001</misses>
				<total>5</total>
				<timestamp>1018.141018</timestamp>
			</report>
			<report>
				<misses>2683001</misses>
				<total>5</total>
				<timestamp>1018.520647</timestamp>
			</report>
			<report>
				<misses>2684001</misses>
				<total>5</total>
				<timestamp>1018.900338</timestamp>
			</report>
			<report>
				<misses>2685001</misses>
				<total>5</total>
				<timestamp>1019.279907</timestamp>
			</report>
			<report>
				<misses>2686001</misses>
				<total>5</total>
				<timestamp>1019.659499</timestamp>
			</report>
			<report>
				<misses>2687001</misses>
				<total>5</total>
				<timestamp>1020.039165</timestamp>
			</report>
			<report>
				<misses>2688001</misses>
				<total>5</total>
				<timestamp>1020.418762</timestamp>
			</report>
			<report>
				<misses>2689001</misses>
				<total>5</total>
				<timestamp>1020.798389</timestamp>
			</report>
			<report>
				<misses>2690001</misses>
				<total>5</total>
				<timestamp>1021.177980</timestamp>
			</report>
			<report>
				<misses>2691001</misses>
				<total>5</total>
				<timestamp>1021.557598</timestamp>
			</report>
			<report>
				<misses>2692001</misses>
				<total>5</total>
				<timestamp>1021.937314</timestamp>
			</report>
			<report>
				<misses>2693001</misses>
				<total>5</total>
				<timestamp>1022.316849</timestamp>
			</report>
			<report>
				<misses>2694001</misses>
				<total>5</total>
				<timestamp>1022.696483</timestamp>
			</report>
			<report>
				<misses>2695001</misses>
				<total>5</total>
				<timestamp>1023.076116</timestamp>
			</report>
			<report>
				<misses>2696001</misses>
				<total>5</total>
				<timestamp>1023.455737</timestamp>
			</report>
			<report>
				<misses>2697001</misses>
				<total>5</total>
				<timestamp>1023.835334</timestamp>
			</report>
			<report>
				<misses>2698001</misses>
				<total>5</total>
				<timestamp>1024.214958</timestamp>
			</report>
			<report>
				<misses>2699001</misses>
				<total>5</total>
				<timestamp>1024.594574</timestamp>
			</report>
			<report>
				<misses>2700001</misses>
				<total>5</total>
				<timestamp>1024.974204</timestamp>
			</report>
			<report>
				<misses>2701001</misses>
				<total>5</total>
				<timestamp>1025.353802</timestamp>
			</report>
			<report>
				<misses>2702001</misses>
				<total>5</total>
				<timestamp>1025.733449</timestamp>
			</report>
			<report>
				<misses>2703001</misses>
				<total>5</total>
				<timestamp>1026.113093</timestamp>
			</report>
			<report>
				<misses>2704001</misses>
				<total>5</total>
				<timestamp>1026.492710</timestamp>
			</report>
			<report>
				<misses>2705001</misses>
				<total>5</total>
				<timestamp>1026.872321</timestamp>
			</report>
			<report>
				<misses>2706001</misses>
				<total>5</total>
				<timestamp>1027.251905</timestamp>
			</report>
			<report>
				<misses>2707001</misses>
				<total>5</total>
				<timestamp>1027.631572</timestamp>
			</report>
			<report>
				<misses>2708001</misses>
				<total>5</total>
				<timestamp>1028.011144</timestamp>
			</report>
			<report>
				<misses>2709001</misses>
				<total>5</total>
				<timestamp>1028.390789</timestamp>
			</report>
			<report>
				<misses>2710001</misses>
				<total>5</total>
				<timestamp>1028.770395</timestamp>
			</report>
			<report>
				<misses>2711001</misses>
				<total>5</total>
				<timestamp>1029.150021</timestamp>
			</report>
			<report>
				<misses>2712001</misses>
				<total>5</total>
				<timestamp>1029.529628</timestamp>
			</report>
			<report>
				<misses>2713001</misses>
				<total>5</total>
				<timestamp>1029.909282</timestamp>
			</report>
			<report>
				<misses>2714001</misses>
				<total>5</total>
				<timestamp>1030.288894</timestamp>
			</report>
			<report>
				<misses>2715001</misses>
				<total>5</total>
				<timestamp>1030.668553</timestamp>
			</report>
			<report>
				<misses>2716001</misses>
				<total>5</total>
				<timestamp>1031.048183</timestamp>
			</report>
			<report>
				<misses>2717001</misses>
				<total>5</total>
				<timestamp>1031.427717</timestamp>
			</report>
			<report>
				<misses>2718001</misses>
				<total>5</total>
				<timestamp>1031.807345</timestamp>
			</report>
			<report>
				<misses>2719001</misses>
				<total>5</total>
				<timestamp>1032.186956</timestamp>
			</report>
			<report>
				<misses>2720001</misses>
				<total>5</total>
				<timestamp>1032.566608</timestamp>
			</report>
			<report>
				<misses>2721001</misses>
				<total>5</total>
				<timestamp>1032.946238</timestamp>
			</report>
			<report>
				<misses>2722001</misses>
				<total>5</total>
				<timestamp>1033.325825</timestamp>
			</report>
			<report>
				<misses>2723001</misses>
				<total>5</total>
				<timestamp>1033.705437</timestamp>
			</report>
			<report>
				<misses>2724001</misses>
				<total>5</total>
				<timestamp>1034.085082</timestamp>
			</report>
			<report>
				<misses>2725001</misses>
				<total>5</total>
				<timestamp>1034.464685</timestamp>
			</report>
			<report>
				<misses>2726001</misses>
				<total>5</total>
				<timestamp>1034.844344</timestamp>
			</report>
			<report>
				<misses>2727001</misses>
				<total>5</total>
				<timestamp>1035.223935</timestamp>
			</report>
			<report>
				<misses>2728001</misses>
				<total>5</total>
				<timestamp>1035.603551</timestamp>
			</report>
			<report>
				<misses>2729001</misses>
				<total>5</total>
				<timestamp>1035.983187</timestamp>
			</report>
			<report>
				<misses>2730001</misses>
				<total>5</total>
				<timestamp>1036.362815</timestamp>
			</report>
			<report>
				<misses>2731001</misses>
				<total>5</total>
				<timestamp>1036.742425</timestamp>
			</report>
			<report>
				<misses>2732001</misses>
				<total>5</total>
				<timestamp>1037.122016</timestamp>
			</report>
			<report>
				<misses>2733001</misses>
				<total>5</total>
				<timestamp>1037.501646</timestamp>
			</report>
			<report>
				<misses>2734001</misses>
				<total>5</total>
				<timestamp>1037.881286</timestamp>
			</report>
			<report>
				<misses>2735001</misses>
				<total>5</total>
				<timestamp>1038.260902</timestamp>
			</report>
			<report>
				<misses>2736001</misses>
				<total>5</total>
				<timestamp>1038.640521</timestamp>
			</report>
			<report>
				<misses>2737001</misses>
				<total>5</total>
				<timestamp>1039.020140</timestamp>
			</report>
			<report>
				<misses>2738001</misses>
				<total>5</total>
				<timestamp>1039.399757</timestamp>
			</report>
			<report>
				<misses>2739001</misses>
				<total>5</total>
				<timestamp>1039.779369</timestamp>
			</report>
			<report>
				<misses>2740001</misses>
				<total>5</total>
				<timestamp>1040.159015</timestamp>
			</report>
			<report>
				<misses>2741001</misses>
				<total>5</total>
				<timestamp>1040.538643</timestamp>
			</report>
			<report>
				<misses>2742001</misses>
				<total>5</total>
				<timestamp>1040.918243</timestamp>
			</report>
			<report>
				<misses>2743001</misses>
				<total>5</total>
				<timestamp>1041.297874</timestamp>
			</report>
			<report>
				<misses>2744001</misses>
				<total>5</total>
				<timestamp>1041.677482</timestamp>
			</report>
			<report>
				<misses>2745001</misses>
				<total>5</total>
				<timestamp>1042.057102</timestamp>
			</report>
			<report>
				<misses>2746001</misses>
				<total>5</total>
				<timestamp>1042.436719</timestamp>
			</report>
			<report>
				<misses>2747001</misses>
				<total>5</total>
				<timestamp>1042.816321</timestamp>
			</report>
			<report>
				<misses>2748001</misses>
				<total>5</total>
				<timestamp>1043.195975</timestamp>
			</report>
			<report>
				<misses>2749001</misses>
				<total>5</total>
				<timestamp>1043.575578</timestamp>
			</report>
			<report>
				<misses>2750001</misses>
				<total>5</total>
				<timestamp>1043.955232</timestamp>
			</report>
			<report>
				<misses>2751001</misses>
				<total>5</total>
				<timestamp>1044.334820</timestamp>
			</report>
			<report>
				<misses>2752001</misses>
				<total>5</total>
				<timestamp>1044.714417</timestamp>
			</report>
			<report>
				<misses>2753001</misses>
				<total>5</total>
				<timestamp>1045.094057</timestamp>
			</report>
			<report>
				<misses>2754001</misses>
				<total>5</total>
				<timestamp>1045.473669</timestamp>
			</report>
			<report>
				<misses>2755001</misses>
				<total>5</total>
				<timestamp>1045.853321</timestamp>
			</report>
			<report>
				<misses>2756001</misses>
				<total>5</total>
				<timestamp>1046.232915</timestamp>
			</report>
			<report>
				<misses>2757001</misses>
				<total>5</total>
				<timestamp>1046.612521</timestamp>
			</report>
			<report>
				<misses>2758001</misses>
				<total>5</total>
				<timestamp>1046.992138</timestamp>
			</report>
			<report>
				<misses>2759001</misses>
				<total>5</total>
				<timestamp>1047.371758</timestamp>
			</report>
			<report>
				<misses>2760001</misses>
				<total>5</total>
				<timestamp>1047.751390</timestamp>
			</report>
			<report>
				<misses>2761001</misses>
				<total>5</total>
				<timestamp>1048.131024</timestamp>
			</report>
			<report>
				<misses>2762001</misses>
				<total>5</total>
				<timestamp>1048.510625</timestamp>
			</report>
			<report>
				<misses>2763001</misses>
				<total>5</total>
				<timestamp>1048.890259</timestamp>
			</report>
			<report>
				<misses>2764001</misses>
				<total>5</total>
				<timestamp>1049.269890</timestamp>
			</report>
			<report>
				<misses>2765001</misses>
				<total>5</total>
				<timestamp>1049.649479</timestamp>
			</report>
			<report>
				<misses>2766001</misses>
				<total>5</total>
				<timestamp>1050.029123</timestamp>
			</report>
			<report>
				<misses>2767001</misses>
				<total>5</total>
				<timestamp>1050.408733</timestamp>
			</report>
			<report>
				<misses>2768001</misses>
				<total>5</total>
				<timestamp>1050.788359</timestamp>
			</report>
			<report>
				<misses>2769001</misses>
				<total>5</total>
				<timestamp>1051.167993</timestamp>
			</report>
			<report>
				<misses>2770001</misses>
				<total>5</total>
				<timestamp>1051.547637</timestamp>
			</report>
			<report>
				<misses>2771001</misses>
				<total>5</total>
				<timestamp>1051.927235</timestamp>
			</report>
			<report>
				<misses>2772001</misses>
				<total>5</total>
				<timestamp>1052.306867</timestamp>
			</report>
			<report>
				<misses>2773001</misses>
				<total>5</total>
				<timestamp>1052.686451</timestamp>
			</report>
			<report>
				<misses>2774001</misses>
				<total>5</total>
				<timestamp>1053.066102</timestamp>
			</report>
			<report>
				<misses>2775001</misses>
				<total>5</total>
				<timestamp>1053.445704</timestamp>
			</report>
			<report>
				<misses>2776001</misses>
				<total>5</total>
				<timestamp>1053.825388</timestamp>
			</report>
			<report>
				<misses>2777001</misses>
				<total>5</total>
				<timestamp>1054.204937</timestamp>
			</report>
			<report>
				<misses>2778001</misses>
				<total>5</total>
				<timestamp>1054.584582</timestamp>
			</report>
			<report>
				<misses>2779001</misses>
				<total>5</total>
				<timestamp>1054.964177</timestamp>
			</report>
			<report>
				<misses>2780001</misses>
				<total>5</total>
				<timestamp>1055.343785</timestamp>
			</report>
			<report>
				<misses>2781001</misses>
				<total>5</total>
				<timestamp>1055.723417</timestamp>
			</report>
			<report>
				<misses>2782001</misses>
				<total>5</total>
				<timestamp>1056.103098</timestamp>
			</report>
			<report>
				<misses>2783001</misses>
				<total>5</total>
				<timestamp>1056.482699</timestamp>
			</report>
			<report>
				<misses>2784001</misses>
				<total>5</total>
				<timestamp>1056.862283</timestamp>
			</report>
			<report>
				<misses>2785001</misses>
				<total>5</total>
				<timestamp>1057.241915</timestamp>
			</report>
			<report>
				<misses>2786001</misses>
				<total>5</total>
				<timestamp>1057.621569</timestamp>
			</report>
			<report>
				<misses>2787001</misses>
				<total>5</total>
				<timestamp>1058.001160</timestamp>
			</report>
			<report>
				<misses>2788001</misses>
				<total>5</total>
				<timestamp>1058.380763</timestamp>
			</report>
			<report>
				<misses>2789001</misses>
				<total>5</total>
				<timestamp>1058.760373</timestamp>
			</report>
			<report>
				<misses>2790001</misses>
				<total>5</total>
				<timestamp>1059.140026</timestamp>
			</report>
			<report>
				<misses>2791001</misses>
				<total>5</total>
				<timestamp>1059.519620</timestamp>
			</report>
			<report>
				<misses>2792001</misses>
				<total>5</total>
				<timestamp>1059.899261</timestamp>
			</report>
			<report>
				<misses>2793001</misses>
				<total>5</total>
				<timestamp>1060.278846</timestamp>
			</report>
			<report>
				<misses>2794001</misses>
				<total>5</total>
				<timestamp>1060.658466</timestamp>
			</report>
			<report>
				<misses>2795001</misses>
				<total>5</total>
				<timestamp>1061.038098</timestamp>
			</report>
			<report>
				<misses>2796001</misses>
				<total>5</total>
				<timestamp>1061.417748</timestamp>
			</report>
			<report>
				<misses>2797001</misses>
				<total>5</total>
				<timestamp>1061.797313</timestamp>
			</report>
			<report>
				<misses>2798001</misses>
				<total>5</total>
				<timestamp>1062.176943</timestamp>
			</report>
			<report>
				<misses>2799001</misses>
				<total>5</total>
				<timestamp>1062.556575</timestamp>
			</report>
			<report>
				<misses>2800001</misses>
				<total>5</total>
				<timestamp>1062.936204</timestamp>
			</report>
			<report>
				<misses>2801001</misses>
				<total>5</total>
				<timestamp>1063.315806</timestamp>
			</report>
			<report>
				<misses>2802001</misses>
				<total>5</total>
				<timestamp>1063.695413</timestamp>
			</report>
			<report>
				<misses>2803001</misses>
				<total>5</total>
				<timestamp>1064.075129</timestamp>
			</report>
			<report>
				<misses>2804001</misses>
				<total>5</total>
				<timestamp>1064.454675</timestamp>
			</report>
			<report>
				<misses>2805001</misses>
				<total>5</total>
				<timestamp>1064.834291</timestamp>
			</report>
			<report>
				<misses>2806001</misses>
				<total>5</total>
				<timestamp>1065.213928</timestamp>
			</report>
			<report>
				<misses>2807001</misses>
				<total>5</total>
				<timestamp>1065.593570</timestamp>
			</report>
			<report>
				<misses>2808001</misses>
				<total>5</total>
				<timestamp>1065.973133</timestamp>
			</report>
			<report>
				<misses>2809001</misses>
				<total>5</total>
				<timestamp>1066.352762</timestamp>
			</report>
			<report>
				<misses>2810001</misses>
				<total>5</total>
				<timestamp>1066.732410</timestamp>
			</report>
			<report>
				<misses>2811001</misses>
				<total>5</total>
				<timestamp>1067.112006</timestamp>
			</report>
			<report>
				<misses>2812001</misses>
				<total>5</total>
				<timestamp>1067.491639</timestamp>
			</report>
			<report>
				<misses>2813001</misses>
				<total>5</total>
				<timestamp>1067.871248</timestamp>
			</report>
			<report>
				<misses>2814001</misses>
				<total>5</total>
				<timestamp>1068.250895</timestamp>
			</report>
			<report>
				<misses>2815001</misses>
				<total>5</total>
				<timestamp>1068.630510</timestamp>
			</report>
			<report>
				<misses>2816001</misses>
				<total>5</total>
				<timestamp>1069.010168</timestamp>
			</report>
			<report>
				<misses>2817001</misses>
				<total>5</total>
				<timestamp>1069.389729</timestamp>
			</report>
			<report>
				<misses>2818001</misses>
				<total>5</total>
				<timestamp>1069.769340</timestamp>
			</report>
			<report>
				<misses>2819001</misses>
				<total>5</total>
				<timestamp>1070.148998</timestamp>
			</report>
			<report>
				<misses>2820001</misses>
				<total>5</total>
				<timestamp>1070.528588</timestamp>
			</report>
			<report>
				<misses>2821001</misses>
				<total>5</total>
				<timestamp>1070.908241</timestamp>
			</report>
			<report>
				<misses>2822001</misses>
				<total>5</total>
				<timestamp>1071.287835</timestamp>
			</report>
			<report>
				<misses>2823001</misses>
				<total>5</total>
				<timestamp>1071.667431</timestamp>
			</report>
			<report>
				<misses>2824001</misses>
				<total>5</total>
				<timestamp>1072.047134</timestamp>
			</report>
			<report>
				<misses>2825001</misses>
				<total>5</total>
				<timestamp>1072.426700</timestamp>
			</report>
			<report>
				<misses>2826001</misses>
				<total>5</total>
				<timestamp>1072.806326</timestamp>
			</report>
			<report>
				<misses>2827001</misses>
				<total>5</total>
				<timestamp>1073.185974</timestamp>
			</report>
			<report>
				<misses>2828001</misses>
				<total>5</total>
				<timestamp>1073.565563</timestamp>
			</report>
			<report>
				<misses>2829001</misses>
				<total>5</total>
				<timestamp>1073.945178</timestamp>
			</report>
			<report>
				<misses>2830001</misses>
				<total>5</total>
				<timestamp>1074.324783</timestamp>
			</report>
			<report>
				<misses>2831001</misses>
				<total>5</total>
				<timestamp>1074.704425</timestamp>
			</report>
			<report>
				<misses>2832001</misses>
				<total>5</total>
				<timestamp>1075.084050</timestamp>
			</report>
			<report>
				<misses>2833001</misses>
				<total>5</total>
				<timestamp>1075.463651</timestamp>
			</report>
			<report>
				<misses>2834001</misses>
				<total>5</total>
				<timestamp>1075.843257</timestamp>
			</report>
			<report>
				<misses>2835001</misses>
				<total>5</total>
				<timestamp>1076.222975</timestamp>
			</report>
			<report>
				<misses>2836001</misses>
				<total>5</total>
				<timestamp>1076.602544</timestamp>
			</report>
			<report>
				<misses>2837001</misses>
				<total>5</total>
				<timestamp>1076.982137</timestamp>
			</report>
			<report>
				<misses>2838001</misses>
				<total>5</total>
				<timestamp>1077.361738</timestamp>
			</report>
			<report>
				<misses>2839001</misses>
				<total>5</total>
				<timestamp>1077.741375</timestamp>
			</report>
			<report>
				<misses>2840001</misses>
				<total>5</total>
				<timestamp>1078.121004</timestamp>
			</report>
			<report>
				<misses>2841001</misses>
				<total>5</total>
				<timestamp>1078.500615</timestamp>
			</report>
			<report>
				<misses>2842001</misses>
				<total>5</total>
				<timestamp>1078.880273</timestamp>
			</report>
			<report>
				<misses>2843001</misses>
				<total>5</total>
				<timestamp>1079.259908</timestamp>
			</report>
			<report>
				<misses>2844001</misses>
				<total>5</total>
				<timestamp>1079.639496</timestamp>
			</report>
			<report>
				<misses>2845001</misses>
				<total>5</total>
				<timestamp>1080.019080</timestamp>
			</report>
			<report>
				<misses>2846001</misses>
				<total>5</total>
				<timestamp>1080.398703</timestamp>
			</report>
			<report>
				<misses>2847001</misses>
				<total>5</total>
				<timestamp>1080.778336</timestamp>
			</report>
			<report>
				<misses>2848001</misses>
				<total>5</total>
				<timestamp>1081.157965</timestamp>
			</report>
			<report>
				<misses>2849001</misses>
				<total>5</total>
				<timestamp>1081.537586</timestamp>
			</report>
			<report>
				<misses>2850001</misses>
				<total>5</total>
				<timestamp>1081.917197</timestamp>
			</report>
			<report>
				<misses>2851001</misses>
				<total>5</total>
				<timestamp>1082.296826</timestamp>
			</report>
			<report>
				<misses>2852001</misses>
				<total>5</total>
				<timestamp>1082.676432</timestamp>
			</report>
			<report>
				<misses>2853001</misses>
				<total>5</total>
				<timestamp>1083.056067</timestamp>
			</report>
			<report>
				<misses>2854001</misses>
				<total>5</total>
				<timestamp>1083.435669</timestamp>
			</report>
			<report>
				<misses>2855001</misses>
				<total>5</total>
				<timestamp>1083.815290</timestamp>
			</report>
			<report>
				<misses>2856001</misses>
				<total>5</total>
				<timestamp>1084.194916</timestamp>
			</report>
			<report>
				<misses>2857001</misses>
				<total>5</total>
				<timestamp>1084.574549</timestamp>
			</report>
			<report>
				<misses>2858001</misses>
				<total>5</total>
				<timestamp>1084.954130</timestamp>
			</report>
			<report>
				<misses>2859001</misses>
				<total>5</total>
				<timestamp>1085.333752</timestamp>
			</report>
			<report>
				<misses>2860001</misses>
				<total>5</total>
				<timestamp>1085.713390</timestamp>
			</report>
			<report>
				<misses>2861001</misses>
				<total>5</total>
				<timestamp>1086.093021</timestamp>
			</report>
			<report>
				<misses>2862001</misses>
				<total>5</total>
				<timestamp>1086.472632</timestamp>
			</report>
			<report>
				<misses>2863001</misses>
				<total>5</total>
				<timestamp>1086.852235</timestamp>
			</report>
			<report>
				<misses>2864001</misses>
				<total>5</total>
				<timestamp>1087.231881</timestamp>
			</report>
			<report>
				<misses>2865001</misses>
				<total>5</total>
				<timestamp>1087.611524</timestamp>
			</report>
			<report>
				<misses>2866001</misses>
				<total>5</total>
				<timestamp>1087.991095</timestamp>
			</report>
			<report>
				<misses>2867001</misses>
				<total>5</total>
				<timestamp>1088.370711</timestamp>
			</report>
			<report>
				<misses>2868001</misses>
				<total>5</total>
				<timestamp>1088.750372</timestamp>
			</report>
			<report>
				<misses>2869001</misses>
				<total>5</total>
				<timestamp>1089.130021</timestamp>
			</report>
			<report>
				<misses>2870001</misses>
				<total>5</total>
				<timestamp>1089.509583</timestamp>
			</report>
			<report>
				<misses>2871001</misses>
				<total>5</total>
				<timestamp>1089.889257</timestamp>
			</report>
			<report>
				<misses>2872001</misses>
				<total>5</total>
				<timestamp>1090.268865</timestamp>
			</report>
			<report>
				<misses>2873001</misses>
				<total>5</total>
				<timestamp>1090.648460</timestamp>
			</report>
			<report>
				<misses>2874001</misses>
				<total>5</total>
				<timestamp>1091.028050</timestamp>
			</report>
			<report>
				<misses>2875001</misses>
				<total>5</total>
				<timestamp>1091.407691</timestamp>
			</report>
			<report>
				<misses>2876001</misses>
				<total>5</total>
				<timestamp>1091.787328</timestamp>
			</report>
			<report>
				<misses>2877001</misses>
				<total>5</total>
				<timestamp>1092.166985</timestamp>
			</report>
			<report>
				<misses>2878001</misses>
				<total>5</total>
				<timestamp>1092.546573</timestamp>
			</report>
			<report>
				<misses>2879001</misses>
				<total>5</total>
				<timestamp>1092.926168</timestamp>
			</report>
			<report>
				<misses>2880001</misses>
				<total>5</total>
				<timestamp>1093.305855</timestamp>
			</report>
			<report>
				<misses>2881001</misses>
				<total>5</total>
				<timestamp>1093.685403</timestamp>
			</report>
			<report>
				<misses>2882001</misses>
				<total>5</total>
				<timestamp>1094.065041</timestamp>
			</report>
			<report>
				<misses>2883001</misses>
				<total>5</total>
				<timestamp>1094.444632</timestamp>
			</report>
			<report>
				<misses>2884001</misses>
				<total>5</total>
				<timestamp>1094.824261</timestamp>
			</report>
			<report>
				<misses>2885001</misses>
				<total>5</total>
				<timestamp>1095.203901</timestamp>
			</report>
			<report>
				<misses>2886001</misses>
				<total>5</total>
				<timestamp>1095.583493</timestamp>
			</report>
			<report>
				<misses>2887001</misses>
				<total>5</total>
				<timestamp>1095.963138</timestamp>
			</report>
			<report>
				<misses>2888001</misses>
				<total>5</total>
				<timestamp>1096.342787</timestamp>
			</report>
			<report>
				<misses>2889001</misses>
				<total>5</total>
				<timestamp>1096.722391</timestamp>
			</report>
			<report>
				<misses>2890001</misses>
				<total>5</total>
				<timestamp>1097.102000</timestamp>
			</report>
			<report>
				<misses>2891001</misses>
				<total>5</total>
				<timestamp>1097.481597</timestamp>
			</report>
			<report>
				<misses>2892001</misses>
				<total>5</total>
				<timestamp>1097.861235</timestamp>
			</report>
			<report>
				<misses>2893001</misses>
				<total>5</total>
				<timestamp>1098.240870</timestamp>
			</report>
			<report>
				<misses>2894001</misses>
				<total>5</total>
				<timestamp>1098.620460</timestamp>
			</report>
			<report>
				<misses>2895001</misses>
				<total>5</total>
				<timestamp>1099.000094</timestamp>
			</report>
			<report>
				<misses>2896001</misses>
				<total>5</total>
				<timestamp>1099.379737</timestamp>
			</report>
			<report>
				<misses>2897001</misses>
				<total>5</total>
				<timestamp>1099.759319</timestamp>
			</report>
			<report>
				<misses>2898001</misses>
				<total>5</total>
				<timestamp>1100.138980</timestamp>
			</report>
			<report>
				<misses>2899001</misses>
				<total>5</total>
				<timestamp>1100.518567</timestamp>
			</report>
			<report>
				<misses>2900001</misses>
				<total>5</total>
				<timestamp>1100.898220</timestamp>
			</report>
			<report>
				<misses>2901001</misses>
				<total>5</total>
				<timestamp>1101.277809</timestamp>
			</report>
			<report>
				<misses>2902001</misses>
				<total>5</total>
				<timestamp>1101.657438</timestamp>
			</report>
			<report>
				<misses>2903001</misses>
				<total>5</total>
				<timestamp>1102.037032</timestamp>
			</report>
			<report>
				<misses>2904001</misses>
				<total>5</total>
				<timestamp>1102.416709</timestamp>
			</report>
			<report>
				<misses>2905001</misses>
				<total>5</total>
				<timestamp>1102.796310</timestamp>
			</report>
			<report>
				<misses>2906001</misses>
				<total>5</total>
				<timestamp>1103.175916</timestamp>
			</report>
			<report>
				<misses>2907001</misses>
				<total>5</total>
				<timestamp>1103.555533</timestamp>
			</report>
			<report>
				<misses>2908001</misses>
				<total>5</total>
				<timestamp>1103.935124</timestamp>
			</report>
			<report>
				<misses>2909001</misses>
				<total>5</total>
				<timestamp>1104.314844</timestamp>
			</report>
			<report>
				<misses>2910001</misses>
				<total>5</total>
				<timestamp>1104.694398</timestamp>
			</report>
			<report>
				<misses>2911001</misses>
				<total>5</total>
				<timestamp>1105.073987</timestamp>
			</report>
			<report>
				<misses>2912001</misses>
				<total>5</total>
				<timestamp>1105.453626</timestamp>
			</report>
			<report>
				<misses>2913001</misses>
				<total>5</total>
				<timestamp>1105.833310</timestamp>
			</report>
			<report>
				<misses>2914001</misses>
				<total>5</total>
				<timestamp>1106.212931</timestamp>
			</report>
			<report>
				<misses>2915001</misses>
				<total>5</total>
				<timestamp>1106.592479</timestamp>
			</report>
			<report>
				<misses>2916001</misses>
				<total>5</total>
				<timestamp>1106.972161</timestamp>
			</report>
			<report>
				<misses>2917001</misses>
				<total>5</total>
				<timestamp>1107.351795</timestamp>
			</report>
			<report>
				<misses>2918001</misses>
				<total>5</total>
				<timestamp>1107.731365</timestamp>
			</report>
			<report>
				<misses>2919001</misses>
				<total>5</total>
				<timestamp>1108.110954</timestamp>
			</report>
			<report>
				<misses>2920001</misses>
				<total>5</total>
				<timestamp>1108.490609</timestamp>
			</report>
			<report>
				<misses>2921001</misses>
				<total>5</total>
				<timestamp>1108.870212</timestamp>
			</report>
			<report>
				<misses>2922001</misses>
				<total>5</total>
				<timestamp>1109.249878</timestamp>
			</report>
			<report>
				<misses>2923001</misses>
				<total>5</total>
				<timestamp>1109.629431</timestamp>
			</report>
			<report>
				<misses>2924001</misses>
				<total>5</total>
				<timestamp>1110.009072</timestamp>
			</report>
			<report>
				<misses>2925001</misses>
				<total>5</total>
				<timestamp>1110.388728</timestamp>
			</report>
			<report>
				<misses>2926001</misses>
				<total>5</total>
				<timestamp>1110.768317</timestamp>
			</report>
			<report>
				<misses>2927001</misses>
				<total>5</total>
				<timestamp>1111.147953</timestamp>
			</report>
			<report>
				<misses>2928001</misses>
				<total>5</total>
				<timestamp>1111.527536</timestamp>
			</report>
			<report>
				<misses>2929001</misses>
				<total>5</total>
				<timestamp>1111.907156</timestamp>
			</report>
			<report>
				<misses>2930001</misses>
				<total>5</total>
				<timestamp>1112.286866</timestamp>
			</report>
			<report>
				<misses>2931001</misses>
				<total>5</total>
				<timestamp>1112.666449</timestamp>
			</report>
			<report>
				<misses>2932001</misses>
				<total>5</total>
				<timestamp>1113.046015</timestamp>
			</report>
			<report>
				<misses>2933001</misses>
				<total>5</total>
				<timestamp>1113.425662</timestamp>
			</report>
			<report>
				<misses>2934001</misses>
				<total>5</total>
				<timestamp>1113.805288</timestamp>
			</report>
			<report>
				<misses>2935001</misses>
				<total>5</total>
				<timestamp>1114.184906</timestamp>
			</report>
			<report>
				<misses>2936001</misses>
				<total>5</total>
				<timestamp>1114.564504</timestamp>
			</report>
			<report>
				<misses>2937001</misses>
				<total>5</total>
				<timestamp>1114.944124</timestamp>
			</report>
			<report>
				<misses>2938001</misses>
				<total>5</total>
				<timestamp>1115.323758</timestamp>
			</report>
			<report>
				<misses>2939001</misses>
				<total>5</total>
				<timestamp>1115.703384</timestamp>
			</report>
			<report>
				<misses>2940001</misses>
				<total>5</total>
				<timestamp>1116.083003</timestamp>
			</report>
			<report>
				<misses>2941001</misses>
				<total>5</total>
				<timestamp>1116.462611</timestamp>
			</report>
			<report>
				<misses>2942001</misses>
				<total>5</total>
				<timestamp>1116.842246</timestamp>
			</report>
			<report>
				<misses>2943001</misses>
				<total>5</total>
				<timestamp>1117.221863</timestamp>
			</report>
			<report>
				<misses>2944001</misses>
				<total>5</total>
				<timestamp>1117.601475</timestamp>
			</report>
			<report>
				<misses>2945001</misses>
				<total>5</total>
				<timestamp>1117.981086</timestamp>
			</report>
			<report>
				<misses>2946001</misses>
				<total>5</total>
				<timestamp>1118.360765</timestamp>
			</report>
			<report>
				<misses>2947001</misses>
				<total>5</total>
				<timestamp>1118.740332</timestamp>
			</report>
			<report>
				<misses>2948001</misses>
				<total>5</total>
				<timestamp>1119.119946</timestamp>
			</report>
			<report>
				<misses>2949001</misses>
				<total>5</total>
				<timestamp>1119.499642</timestamp>
			</report>
			<report>
				<misses>2950001</misses>
				<total>5</total>
				<timestamp>1119.879186</timestamp>
			</report>
			<report>
				<misses>2951001</misses>
				<total>5</total>
				<timestamp>1120.258840</timestamp>
			</report>
			<report>
				<misses>2952001</misses>
				<total>5</total>
				<timestamp>1120.638451</timestamp>
			</report>
			<report>
				<misses>2953001</misses>
				<total>5</total>
				<timestamp>1121.018031</timestamp>
			</report>
			<report>
				<misses>2954001</misses>
				<total>5</total>
				<timestamp>1121.397679</timestamp>
			</report>
			<report>
				<misses>2955001</misses>
				<total>5</total>
				<timestamp>1121.777314</timestamp>
			</report>
			<report>
				<misses>2956001</misses>
				<total>5</total>
				<timestamp>1122.156910</timestamp>
			</report>
			<report>
				<misses>2957001</misses>
				<total>5</total>
				<timestamp>1122.536508</timestamp>
			</report>
			<report>
				<misses>2958001</misses>
				<total>5</total>
				<timestamp>1122.916131</timestamp>
			</report>
			<report>
				<misses>2959001</misses>
				<total>5</total>
				<timestamp>1123.295794</timestamp>
			</report>
			<report>
				<misses>2960001</misses>
				<total>5</total>
				<timestamp>1123.675379</timestamp>
			</report>
			<report>
				<misses>2961001</misses>
				<total>5</total>
				<timestamp>1124.054987</timestamp>
			</report>
			<report>
				<misses>2962001</misses>
				<total>5</total>
				<timestamp>1124.434667</timestamp>
			</report>
			<report>
				<misses>2963001</misses>
				<total>5</total>
				<timestamp>1124.814252</timestamp>
			</report>
			<report>
				<misses>2964001</misses>
				<total>5</total>
				<timestamp>1125.193855</timestamp>
			</report>
			<report>
				<misses>2965001</misses>
				<total>5</total>
				<timestamp>1125.573488</timestamp>
			</report>
			<report>
				<misses>2966001</misses>
				<total>5</total>
				<timestamp>1125.953096</timestamp>
			</report>
			<report>
				<misses>2967001</misses>
				<total>5</total>
				<timestamp>1126.332731</timestamp>
			</report>
			<report>
				<misses>2968001</misses>
				<total>5</total>
				<timestamp>1126.712354</timestamp>
			</report>
			<report>
				<misses>2969001</misses>
				<total>5</total>
				<timestamp>1127.091966</timestamp>
			</report>
			<report>
				<misses>2970001</misses>
				<total>5</total>
				<timestamp>1127.471650</timestamp>
			</report>
			<report>
				<misses>2971001</misses>
				<total>5</total>
				<timestamp>1127.851238</timestamp>
			</report>
			<report>
				<misses>2972001</misses>
				<total>5</total>
				<timestamp>1128.230834</timestamp>
			</report>
			<report>
				<misses>2973001</misses>
				<total>5</total>
				<timestamp>1128.610445</timestamp>
			</report>
			<report>
				<misses>2974001</misses>
				<total>5</total>
				<timestamp>1128.990053</timestamp>
			</report>
			<report>
				<misses>2975001</misses>
				<total>5</total>
				<timestamp>1129.369688</timestamp>
			</report>
			<report>
				<misses>2976001</misses>
				<total>5</total>
				<timestamp>1129.749301</timestamp>
			</report>
			<report>
				<misses>2977001</misses>
				<total>5</total>
				<timestamp>1130.128939</timestamp>
			</report>
			<report>
				<misses>2978001</misses>
				<total>5</total>
				<timestamp>1130.508555</timestamp>
			</report>
			<report>
				<misses>2979001</misses>
				<total>5</total>
				<timestamp>1130.888179</timestamp>
			</report>
			<report>
				<misses>2980001</misses>
				<total>5</total>
				<timestamp>1131.267794</timestamp>
			</report>
			<report>
				<misses>2981001</misses>
				<total>5</total>
				<timestamp>1131.647485</timestamp>
			</report>
			<report>
				<misses>2982001</misses>
				<total>5</total>
				<timestamp>1132.027034</timestamp>
			</report>
			<report>
				<misses>2983001</misses>
				<total>5</total>
				<timestamp>1132.406682</timestamp>
			</report>
			<report>
				<misses>2984001</misses>
				<total>5</total>
				<timestamp>1132.786302</timestamp>
			</report>
			<report>
				<misses>2985001</misses>
				<total>5</total>
				<timestamp>1133.165885</timestamp>
			</report>
			<report>
				<misses>2986001</misses>
				<total>5</total>
				<timestamp>1133.545547</timestamp>
			</report>
			<report>
				<misses>2987001</misses>
				<total>5</total>
				<timestamp>1133.925129</timestamp>
			</report>
			<report>
				<misses>2988001</misses>
				<total>5</total>
				<timestamp>1134.304784</timestamp>
			</report>
			<report>
				<misses>2989001</misses>
				<total>5</total>
				<timestamp>1134.684359</timestamp>
			</report>
			<report>
				<misses>2990001</misses>
				<total>5</total>
				<timestamp>1135.064030</timestamp>
			</report>
			<report>
				<misses>2991001</misses>
				<total>5</total>
				<timestamp>1135.443646</timestamp>
			</report>
			<report>
				<misses>2992001</misses>
				<total>5</total>
				<timestamp>1135.823255</timestamp>
			</report>
			<report>
				<misses>2993001</misses>
				<total>5</total>
				<timestamp>1136.202861</timestamp>
			</report>
			<report>
				<misses>2994001</misses>
				<total>5</total>
				<timestamp>1136.582480</timestamp>
			</report>
			<report>
				<misses>2995001</misses>
				<total>5</total>
				<timestamp>1136.962086</timestamp>
			</report>
			<report>
				<misses>2996001</misses>
				<total>5</total>
				<timestamp>1137.341732</timestamp>
			</report>
			<report>
				<misses>2997001</misses>
				<total>5</total>
				<timestamp>1137.721319</timestamp>
			</report>
			<report>
				<misses>2998001</misses>
				<total>5</total>
				<timestamp>1138.100968</timestamp>
			</report>
			<report>
				<misses>2999001</misses>
				<total>5</total>
				<timestamp>1138.480598</timestamp>
			</report>
			<report>
				<misses>3000001</misses>
				<total>5</total>
				<timestamp>1138.860238</timestamp>
			</report>
			<report>
				<misses>3001001</misses>
				<total>5</total>
				<timestamp>1139.239817</timestamp>
			</report>
			<report>
				<misses>3002001</misses>
				<total>5</total>
				<timestamp>1139.619447</timestamp>
			</report>
			<report>
				<misses>3003001</misses>
				<total>5</total>
				<timestamp>1139.999043</timestamp>
			</report>
			<report>
				<misses>3004001</misses>
				<total>5</total>
				<timestamp>1140.378711</timestamp>
			</report>
			<report>
				<misses>3005001</misses>
				<total>5</total>
				<timestamp>1140.758276</timestamp>
			</report>
			<report>
				<misses>3006001</misses>
				<total>5</total>
				<timestamp>1141.137933</timestamp>
			</report>
			<report>
				<misses>3007001</misses>
				<total>5</total>
				<timestamp>1141.517602</timestamp>
			</report>
			<report>
				<misses>3008001</misses>
				<total>5</total>
				<timestamp>1141.897179</timestamp>
			</report>
			<report>
				<misses>3009001</misses>
				<total>5</total>
				<timestamp>1142.276753</timestamp>
			</report>
			<report>
				<misses>3010001</misses>
				<total>5</total>
				<timestamp>1142.656414</timestamp>
			</report>
			<report>
				<misses>3011001</misses>
				<total>5</total>
				<timestamp>1143.036009</timestamp>
			</report>
			<report>
				<misses>3012001</misses>
				<total>5</total>
				<timestamp>1143.415669</timestamp>
			</report>
			<report>
				<misses>3013001</misses>
				<total>5</total>
				<timestamp>1143.795264</timestamp>
			</report>
			<report>
				<misses>3014001</misses>
				<total>5</total>
				<timestamp>1144.174882</timestamp>
			</report>
			<report>
				<misses>3015001</misses>
				<total>5</total>
				<timestamp>1144.554516</timestamp>
			</report>
			<report>
				<misses>3016001</misses>
				<total>5</total>
				<timestamp>1144.934117</timestamp>
			</report>
			<report>
				<misses>3017001</misses>
				<total>5</total>
				<timestamp>1145.313720</timestamp>
			</report>
			<report>
				<misses>3018001</misses>
				<total>5</total>
				<timestamp>1145.693381</timestamp>
			</report>
			<report>
				<misses>3019001</misses>
				<total>5</total>
				<timestamp>1146.072953</timestamp>
			</report>
			<report>
				<misses>3020001</misses>
				<total>5</total>
				<timestamp>1146.452629</timestamp>
			</report>
			<report>
				<misses>3021001</misses>
				<total>5</total>
				<timestamp>1146.832214</timestamp>
			</report>
			<report>
				<misses>3022001</misses>
				<total>5</total>
				<timestamp>1147.211828</timestamp>
			</report>
			<report>
				<misses>3023001</misses>
				<total>5</total>
				<timestamp>1147.591490</timestamp>
			</report>
			<report>
				<misses>3024001</misses>
				<total>5</total>
				<timestamp>1147.971073</timestamp>
			</report>
			<report>
				<misses>3025001</misses>
				<total>5</total>
				<timestamp>1148.350676</timestamp>
			</report>
			<report>
				<misses>3026001</misses>
				<total>5</total>
				<timestamp>1148.730305</timestamp>
			</report>
			<report>
				<misses>3027001</misses>
				<total>5</total>
				<timestamp>1149.109922</timestamp>
			</report>
			<report>
				<misses>3028001</misses>
				<total>5</total>
				<timestamp>1149.489556</timestamp>
			</report>
			<report>
				<misses>3029001</misses>
				<total>5</total>
				<timestamp>1149.869165</timestamp>
			</report>
			<report>
				<misses>3030001</misses>
				<total>5</total>
				<timestamp>1150.248797</timestamp>
			</report>
			<report>
				<misses>3031001</misses>
				<total>5</total>
				<timestamp>1150.628440</timestamp>
			</report>
			<report>
				<misses>3032001</misses>
				<total>5</total>
				<timestamp>1151.008022</timestamp>
			</report>
			<report>
				<misses>3033001</misses>
				<total>5</total>
				<timestamp>1151.387646</timestamp>
			</report>
			<report>
				<misses>3034001</misses>
				<total>5</total>
				<timestamp>1151.767261</timestamp>
			</report>
			<report>
				<misses>3035001</misses>
				<total>5</total>
				<timestamp>1152.146919</timestamp>
			</report>
			<report>
				<misses>3036001</misses>
				<total>5</total>
				<timestamp>1152.526582</timestamp>
			</report>
			<report>
				<misses>3037001</misses>
				<total>5</total>
				<timestamp>1152.906112</timestamp>
			</report>
			<report>
				<misses>3038001</misses>
				<total>5</total>
				<timestamp>1153.285773</timestamp>
			</report>
			<report>
				<misses>3039001</misses>
				<total>5</total>
				<timestamp>1153.665414</timestamp>
			</report>
			<report>
				<misses>3040001</misses>
				<total>5</total>
				<timestamp>1154.044981</timestamp>
			</report>
			<report>
				<misses>3041001</misses>
				<total>5</total>
				<timestamp>1154.424645</timestamp>
			</report>
			<report>
				<misses>3042001</misses>
				<total>5</total>
				<timestamp>1154.804240</timestamp>
			</report>
			<report>
				<misses>3043001</misses>
				<total>5</total>
				<timestamp>1155.183884</timestamp>
			</report>
			<report>
				<misses>3044001</misses>
				<total>5</total>
				<timestamp>1155.563484</timestamp>
			</report>
			<report>
				<misses>3045001</misses>
				<total>5</total>
				<timestamp>1155.943115</timestamp>
			</report>
			<report>
				<misses>3046001</misses>
				<total>5</total>
				<timestamp>1156.322691</timestamp>
			</report>
			<report>
				<misses>3047001</misses>
				<total>5</total>
				<timestamp>1156.702336</timestamp>
			</report>
			<report>
				<misses>3048001</misses>
				<total>5</total>
				<timestamp>1157.081938</timestamp>
			</report>
			<report>
				<misses>3049001</misses>
				<total>5</total>
				<timestamp>1157.461582</timestamp>
			</report>
			<report>
				<misses>3050001</misses>
				<total>5</total>
				<timestamp>1157.841177</timestamp>
			</report>
			<report>
				<misses>3051001</misses>
				<total>5</total>
				<timestamp>1158.220810</timestamp>
			</report>
			<report>
				<misses>3052001</misses>
				<total>5</total>
				<timestamp>1158.600433</timestamp>
			</report>
			<report>
				<misses>3053001</misses>
				<total>5</total>
				<timestamp>1158.980073</timestamp>
			</report>
			<report>
				<misses>3054001</misses>
				<total>5</total>
				<timestamp>1159.359692</timestamp>
			</report>
			<report>
				<misses>3055001</misses>
				<total>5</total>
				<timestamp>1159.739314</timestamp>
			</report>
			<report>
				<misses>3056001</misses>
				<total>5</total>
				<timestamp>1160.118891</timestamp>
			</report>
			<report>
				<misses>3057001</misses>
				<total>5</total>
				<timestamp>1160.498569</timestamp>
			</report>
			<report>
				<misses>3058001</misses>
				<total>5</total>
				<timestamp>1160.878154</timestamp>
			</report>
			<report>
				<misses>3059001</misses>
				<total>5</total>
				<timestamp>1161.257770</timestamp>
			</report>
			<report>
				<misses>3060001</misses>
				<total>5</total>
				<timestamp>1161.637446</timestamp>
			</report>
			<report>
				<misses>3061001</misses>
				<total>5</total>
				<timestamp>1162.017016</timestamp>
			</report>
			<report>
				<misses>3062001</misses>
				<total>5</total>
				<timestamp>1162.396668</timestamp>
			</report>
			<report>
				<misses>3063001</misses>
				<total>5</total>
				<timestamp>1162.776278</timestamp>
			</report>
			<report>
				<misses>3064001</misses>
				<total>5</total>
				<timestamp>1163.155863</timestamp>
			</report>
			<report>
				<misses>3065001</misses>
				<total>5</total>
				<timestamp>1163.535561</timestamp>
			</report>
			<report>
				<misses>3066001</misses>
				<total>5</total>
				<timestamp>1163.915137</timestamp>
			</report>
			<report>
				<misses>3067001</misses>
				<total>5</total>
				<timestamp>1164.294736</timestamp>
			</report>
			<report>
				<misses>3068001</misses>
				<total>5</total>
				<timestamp>1164.674404</timestamp>
			</report>
			<report>
				<misses>3069001</misses>
				<total>5</total>
				<timestamp>1165.053969</timestamp>
			</report>
			<report>
				<misses>3070001</misses>
				<total>5</total>
				<timestamp>1165.433580</timestamp>
			</report>
			<report>
				<misses>3071001</misses>
				<total>5</total>
				<timestamp>1165.813203</timestamp>
			</report>
			<report>
				<misses>3072001</misses>
				<total>5</total>
				<timestamp>1166.192817</timestamp>
			</report>
			<report>
				<misses>3073001</misses>
				<total>5</total>
				<timestamp>1166.572435</timestamp>
			</report>
			<report>
				<misses>3074001</misses>
				<total>5</total>
				<timestamp>1166.952058</timestamp>
			</report>
			<report>
				<misses>3075001</misses>
				<total>5</total>
				<timestamp>1167.331680</timestamp>
			</report>
			<report>
				<misses>3076001</misses>
				<total>5</total>
				<timestamp>1167.711334</timestamp>
			</report>
			<report>
				<misses>3077001</misses>
				<total>5</total>
				<timestamp>1168.090919</timestamp>
			</report>
			<report>
				<misses>3078001</misses>
				<total>5</total>
				<timestamp>1168.470549</timestamp>
			</report>
			<report>
				<misses>3079001</misses>
				<total>5</total>
				<timestamp>1168.850164</timestamp>
			</report>
			<report>
				<misses>3080001</misses>
				<total>5</total>
				<timestamp>1169.229813</timestamp>
			</report>
			<report>
				<misses>3081001</misses>
				<total>5</total>
				<timestamp>1169.609443</timestamp>
			</report>
			<report>
				<misses>3082001</misses>
				<total>5</total>
				<timestamp>1169.989076</timestamp>
			</report>
			<report>
				<misses>3083001</misses>
				<total>5</total>
				<timestamp>1170.368631</timestamp>
			</report>
			<report>
				<misses>3084001</misses>
				<total>5</total>
				<timestamp>1170.748309</timestamp>
			</report>
			<report>
				<misses>3085001</misses>
				<total>5</total>
				<timestamp>1171.127895</timestamp>
			</report>
			<report>
				<misses>3086001</misses>
				<total>5</total>
				<timestamp>1171.507491</timestamp>
			</report>
			<report>
				<misses>3087001</misses>
				<total>5</total>
				<timestamp>1171.887120</timestamp>
			</report>
			<report>
				<misses>3088001</misses>
				<total>5</total>
				<timestamp>1172.266754</timestamp>
			</report>
			<report>
				<misses>3089001</misses>
				<total>5</total>
				<timestamp>1172.646383</timestamp>
			</report>
			<report>
				<misses>3090001</misses>
				<total>5</total>
				<timestamp>1173.025991</timestamp>
			</report>
			<report>
				<misses>3091001</misses>
				<total>5</total>
				<timestamp>1173.405601</timestamp>
			</report>
			<report>
				<misses>3092001</misses>
				<total>5</total>
				<timestamp>1173.785255</timestamp>
			</report>
			<report>
				<misses>3093001</misses>
				<total>5</total>
				<timestamp>1174.164827</timestamp>
			</report>
			<report>
				<misses>3094001</misses>
				<total>5</total>
				<timestamp>1174.544465</timestamp>
			</report>
			<report>
				<misses>3095001</misses>
				<total>5</total>
				<timestamp>1174.924077</timestamp>
			</report>
			<report>
				<misses>3096001</misses>
				<total>5</total>
				<timestamp>1175.303720</timestamp>
			</report>
			<report>
				<misses>3097001</misses>
				<total>5</total>
				<timestamp>1175.683344</timestamp>
			</report>
			<report>
				<misses>3098001</misses>
				<total>5</total>
				<timestamp>1176.062963</timestamp>
			</report>
			<report>
				<misses>3099001</misses>
				<total>5</total>
				<timestamp>1176.442567</timestamp>
			</report>
			<report>
				<misses>3100001</misses>
				<total>5</total>
				<timestamp>1176.822211</timestamp>
			</report>
			<report>
				<misses>3101001</misses>
				<total>5</total>
				<timestamp>1177.201822</timestamp>
			</report>
			<report>
				<misses>3102001</misses>
				<total>5</total>
				<timestamp>1177.581448</timestamp>
			</report>
			<report>
				<misses>3103001</misses>
				<total>5</total>
				<timestamp>1177.961066</timestamp>
			</report>
			<report>
				<misses>3104001</misses>
				<total>5</total>
				<timestamp>1178.340677</timestamp>
			</report>
			<report>
				<misses>3105001</misses>
				<total>5</total>
				<timestamp>1178.720306</timestamp>
			</report>
			<report>
				<misses>3106001</misses>
				<total>5</total>
				<timestamp>1179.099931</timestamp>
			</report>
			<report>
				<misses>3107001</misses>
				<total>5</total>
				<timestamp>1179.479523</timestamp>
			</report>
			<report>
				<misses>3108001</misses>
				<total>5</total>
				<timestamp>1179.859143</timestamp>
			</report>
			<report>
				<misses>3109001</misses>
				<total>5</total>
				<timestamp>1180.238805</timestamp>
			</report>
			<report>
				<misses>3110001</misses>
				<total>5</total>
				<timestamp>1180.618456</timestamp>
			</report>
			<report>
				<misses>3111001</misses>
				<total>5</total>
				<timestamp>1180.998052</timestamp>
			</report>
			<report>
				<misses>3112001</misses>
				<total>5</total>
				<timestamp>1181.377632</timestamp>
			</report>
			<report>
				<misses>3113001</misses>
				<total>5</total>
				<timestamp>1181.757312</timestamp>
			</report>
			<report>
				<misses>3114001</misses>
				<total>5</total>
				<timestamp>1182.136884</timestamp>
			</report>
			<report>
				<misses>3115001</misses>
				<total>5</total>
				<timestamp>1182.516486</timestamp>
			</report>
			<report>
				<misses>3116001</misses>
				<total>5</total>
				<timestamp>1182.896134</timestamp>
			</report>
			<report>
				<misses>3117001</misses>
				<total>5</total>
				<timestamp>1183.275723</timestamp>
			</report>
			<report>
				<misses>3118001</misses>
				<total>5</total>
				<timestamp>1183.655419</timestamp>
			</report>
			<report>
				<misses>3119001</misses>
				<total>5</total>
				<timestamp>1184.035016</timestamp>
			</report>
			<report>
				<misses>3120001</misses>
				<total>5</total>
				<timestamp>1184.414577</timestamp>
			</report>
			<report>
				<misses>3121001</misses>
				<total>5</total>
				<timestamp>1184.794267</timestamp>
			</report>
			<report>
				<misses>3122001</misses>
				<total>5</total>
				<timestamp>1185.173850</timestamp>
			</report>
			<report>
				<misses>3123001</misses>
				<total>5</total>
				<timestamp>1185.553443</timestamp>
			</report>
			<report>
				<misses>3124001</misses>
				<total>5</total>
				<timestamp>1185.933056</timestamp>
			</report>
			<report>
				<misses>3125001</misses>
				<total>5</total>
				<timestamp>1186.312686</timestamp>
			</report>
			<report>
				<misses>3126001</misses>
				<total>5</total>
				<timestamp>1186.692314</timestamp>
			</report>
			<report>
				<misses>3127001</misses>
				<total>5</total>
				<timestamp>1187.071943</timestamp>
			</report>
			<report>
				<misses>3128001</misses>
				<total>5</total>
				<timestamp>1187.451548</timestamp>
			</report>
			<report>
				<misses>3129001</misses>
				<total>5</total>
				<timestamp>1187.831167</timestamp>
			</report>
			<report>
				<misses>3130001</misses>
				<total>5</total>
				<timestamp>1188.210779</timestamp>
			</report>
			<report>
				<misses>3131001</misses>
				<total>5</total>
				<timestamp>1188.590405</timestamp>
			</report>
			<report>
				<misses>3132001</misses>
				<total>5</total>
				<timestamp>1188.970054</timestamp>
			</report>
			<report>
				<misses>3133001</misses>
				<total>5</total>
				<timestamp>1189.349684</timestamp>
			</report>
			<report>
				<misses>3134001</misses>
				<total>5</total>
				<timestamp>1189.729267</timestamp>
			</report>
			<report>
				<misses>3135001</misses>
				<total>5</total>
				<timestamp>1190.108878</timestamp>
			</report>
			<report>
				<misses>3136001</misses>
				<total>5</total>
				<timestamp>1190.488529</timestamp>
			</report>
			<report>
				<misses>3137001</misses>
				<total>5</total>
				<timestamp>1190.868129</timestamp>
			</report>
			<report>
				<misses>3138001</misses>
				<total>5</total>
				<timestamp>1191.247734</timestamp>
			</report>
			<report>
				<misses>3139001</misses>
				<total>5</total>
				<timestamp>1191.627414</timestamp>
			</report>
			<report>
				<misses>3140001</misses>
				<total>5</total>
				<timestamp>1192.007011</timestamp>
			</report>
			<report>
				<misses>3141001</misses>
				<total>5</total>
				<timestamp>1192.386624</timestamp>
			</report>
			<report>
				<misses>3142001</misses>
				<total>5</total>
				<timestamp>1192.766238</timestamp>
			</report>
			<report>
				<misses>3143001</misses>
				<total>5</total>
				<timestamp>1193.145835</timestamp>
			</report>
			<report>
				<misses>3144001</misses>
				<total>5</total>
				<timestamp>1193.525467</timestamp>
			</report>
			<report>
				<misses>3145001</misses>
				<total>5</total>
				<timestamp>1193.905092</timestamp>
			</report>
			<report>
				<misses>3146001</misses>
				<total>5</total>
				<timestamp>1194.284700</timestamp>
			</report>
			<report>
				<misses>3147001</misses>
				<total>5</total>
				<timestamp>1194.664357</timestamp>
			</report>
			<report>
				<misses>3148001</misses>
				<total>5</total>
				<timestamp>1195.043989</timestamp>
			</report>
			<report>
				<misses>3149001</misses>
				<total>5</total>
				<timestamp>1195.423592</timestamp>
			</report>
			<report>
				<misses>3150001</misses>
				<total>5</total>
				<timestamp>1195.803239</timestamp>
			</report>
			<report>
				<misses>3151001</misses>
				<total>5</total>
				<timestamp>1196.182807</timestamp>
			</report>
			<report>
				<misses>3152001</misses>
				<total>5</total>
				<timestamp>1196.562412</timestamp>
			</report>
			<report>
				<misses>3153001</misses>
				<total>5</total>
				<timestamp>1196.942051</timestamp>
			</report>
			<report>
				<misses>3154001</misses>
				<total>5</total>
				<timestamp>1197.321657</timestamp>
			</report>
			<report>
				<misses>3155001</misses>
				<total>5</total>
				<timestamp>1197.701303</timestamp>
			</report>
			<report>
				<misses>3156001</misses>
				<total>5</total>
				<timestamp>1198.080945</timestamp>
			</report>
			<report>
				<misses>3157001</misses>
				<total>5</total>
				<timestamp>1198.460538</timestamp>
			</report>
			<report>
				<misses>3158001</misses>
				<total>5</total>
				<timestamp>1198.840172</timestamp>
			</report>
			<report>
				<misses>3159001</misses>
				<total>5</total>
				<timestamp>1199.219766</timestamp>
			</report>
			<report>
				<misses>3160001</misses>
				<total>5</total>
				<timestamp>1199.599401</timestamp>
			</report>
			<report>
				<misses>3161001</misses>
				<total>5</total>
				<timestamp>1199.979052</timestamp>
			</report>
			<report>
				<misses>3162001</misses>
				<total>5</total>
				<timestamp>1200.358634</timestamp>
			</report>
			<report>
				<misses>3163001</misses>
				<total>5</total>
				<timestamp>1200.738310</timestamp>
			</report>
			<report>
				<misses>3164001</misses>
				<total>5</total>
				<timestamp>1201.117906</timestamp>
			</report>
			<report>
				<misses>3165001</misses>
				<total>5</total>
				<timestamp>1201.497479</timestamp>
			</report>
			<report>
				<misses>3166001</misses>
				<total>5</total>
				<timestamp>1201.877101</timestamp>
			</report>
			<report>
				<misses>3167001</misses>
				<total>5</total>
				<timestamp>1202.256722</timestamp>
			</report>
			<report>
				<misses>3168001</misses>
				<total>5</total>
				<timestamp>1202.636376</timestamp>
			</report>
			<report>
				<misses>3169001</misses>
				<total>5</total>
				<timestamp>1203.015961</timestamp>
			</report>
			<report>
				<misses>3170001</misses>
				<total>5</total>
				<timestamp>1203.395584</timestamp>
			</report>
			<report>
				<misses>3171001</misses>
				<total>5</total>
				<timestamp>1203.775240</timestamp>
			</report>
			<report>
				<misses>3172001</misses>
				<total>5</total>
				<timestamp>1204.154841</timestamp>
			</report>
			<report>
				<misses>3173001</misses>
				<total>5</total>
				<timestamp>1204.534441</timestamp>
			</report>
			<report>
				<misses>3174001</misses>
				<total>5</total>
				<timestamp>1204.914071</timestamp>
			</report>
			<report>
				<misses>3175001</misses>
				<total>5</total>
				<timestamp>1205.293695</timestamp>
			</report>
			<report>
				<misses>3176001</misses>
				<total>5</total>
				<timestamp>1205.673334</timestamp>
			</report>
			<report>
				<misses>3177001</misses>
				<total>5</total>
				<timestamp>1206.052963</timestamp>
			</report>
			<report>
				<misses>3178001</misses>
				<total>5</total>
				<timestamp>1206.432537</timestamp>
			</report>
			<report>
				<misses>3179001</misses>
				<total>5</total>
				<timestamp>1206.812222</timestamp>
			</report>
			<report>
				<misses>3180001</misses>
				<total>5</total>
				<timestamp>1207.191784</timestamp>
			</report>
			<report>
				<misses>3181001</misses>
				<total>5</total>
				<timestamp>1207.571404</timestamp>
			</report>
			<report>
				<misses>3182001</misses>
				<total>5</total>
				<timestamp>1207.951033</timestamp>
			</report>
			<report>
				<misses>3183001</misses>
				<total>5</total>
				<timestamp>1208.330630</timestamp>
			</report>
			<report>
				<misses>3184001</misses>
				<total>5</total>
				<timestamp>1208.710260</timestamp>
			</report>
			<report>
				<misses>3185001</misses>
				<total>5</total>
				<timestamp>1209.089889</timestamp>
			</report>
			<report>
				<misses>3186001</misses>
				<total>5</total>
				<timestamp>1209.469513</timestamp>
			</report>
			<report>
				<misses>3187001</misses>
				<total>5</total>
				<timestamp>1209.849133</timestamp>
			</report>
			<report>
				<misses>3188001</misses>
				<total>5</total>
				<timestamp>1210.228739</timestamp>
			</report>
			<report>
				<misses>3189001</misses>
				<total>5</total>
				<timestamp>1210.608375</timestamp>
			</report>
			<report>
				<misses>3190001</misses>
				<total>5</total>
				<timestamp>1210.988003</timestamp>
			</report>
			<report>
				<misses>3191001</misses>
				<total>5</total>
				<timestamp>1211.367603</timestamp>
			</report>
			<report>
				<misses>3192001</misses>
				<total>5</total>
				<timestamp>1211.747239</timestamp>
			</report>
			<report>
				<misses>3193001</misses>
				<total>5</total>
				<timestamp>1212.126860</timestamp>
			</report>
			<report>
				<misses>3194001</misses>
				<total>5</total>
				<timestamp>1212.506477</timestamp>
			</report>
			<report>
				<misses>3195001</misses>
				<total>5</total>
				<timestamp>1212.886083</timestamp>
			</report>
			<report>
				<misses>3196001</misses>
				<total>5</total>
				<timestamp>1213.265701</timestamp>
			</report>
			<report>
				<misses>3197001</misses>
				<total>5</total>
				<timestamp>1213.645314</timestamp>
			</report>
			<report>
				<misses>3198001</misses>
				<total>5</total>
				<timestamp>1214.024975</timestamp>
			</report>
			<report>
				<misses>3199001</misses>
				<total>5</total>
				<timestamp>1214.404574</timestamp>
			</report>
			<report>
				<misses>3200001</misses>
				<total>5</total>
				<timestamp>1214.784190</timestamp>
			</report>
			<report>
				<misses>3201001</misses>
				<total>5</total>
				<timestamp>1215.163804</timestamp>
			</report>
			<report>
				<misses>3202001</misses>
				<total>5</total>
				<timestamp>1215.543422</timestamp>
			</report>
			<report>
				<misses>3203001</misses>
				<total>5</total>
				<timestamp>1215.923105</timestamp>
			</report>
			<report>
				<misses>3204001</misses>
				<total>5</total>
				<timestamp>1216.302678</timestamp>
			</report>
			<report>
				<misses>3205001</misses>
				<total>5</total>
				<timestamp>1216.682297</timestamp>
			</report>
			<report>
				<misses>3206001</misses>
				<total>5</total>
				<timestamp>1217.061895</timestamp>
			</report>
			<report>
				<misses>3207001</misses>
				<total>5</total>
				<timestamp>1217.441525</timestamp>
			</report>
			<report>
				<misses>3208001</misses>
				<total>5</total>
				<timestamp>1217.821144</timestamp>
			</report>
			<report>
				<misses>3209001</misses>
				<total>5</total>
				<timestamp>1218.200757</timestamp>
			</report>
			<report>
				<misses>3210001</misses>
				<total>5</total>
				<timestamp>1218.580378</timestamp>
			</report>
			<report>
				<misses>3211001</misses>
				<total>5</total>
				<timestamp>1218.960050</timestamp>
			</report>
			<report>
				<misses>3212001</misses>
				<total>5</total>
				<timestamp>1219.339644</timestamp>
			</report>
			<report>
				<misses>3213001</misses>
				<total>5</total>
				<timestamp>1219.719271</timestamp>
			</report>
			<report>
				<misses>3214001</misses>
				<total>5</total>
				<timestamp>1220.098861</timestamp>
			</report>
			<report>
				<misses>3215001</misses>
				<total>5</total>
				<timestamp>1220.478486</timestamp>
			</report>
			<report>
				<misses>3216001</misses>
				<total>5</total>
				<timestamp>1220.858124</timestamp>
			</report>
			<report>
				<misses>3217001</misses>
				<total>5</total>
				<timestamp>1221.237720</timestamp>
			</report>
			<report>
				<misses>3218001</misses>
				<total>5</total>
				<timestamp>1221.617394</timestamp>
			</report>
			<report>
				<misses>3219001</misses>
				<total>5</total>
				<timestamp>1221.997016</timestamp>
			</report>
			<report>
				<misses>3220001</misses>
				<total>5</total>
				<timestamp>1222.376602</timestamp>
			</report>
			<report>
				<misses>3221001</misses>
				<total>5</total>
				<timestamp>1222.756224</timestamp>
			</report>
			<report>
				<misses>3222001</misses>
				<total>5</total>
				<timestamp>1223.135844</timestamp>
			</report>
			<report>
				<misses>3223001</misses>
				<total>5</total>
				<timestamp>1223.515482</timestamp>
			</report>
			<report>
				<misses>3224001</misses>
				<total>5</total>
				<timestamp>1223.895071</timestamp>
			</report>
			<report>
				<misses>3225001</misses>
				<total>5</total>
				<timestamp>1224.274685</timestamp>
			</report>
			<report>
				<misses>3226001</misses>
				<total>5</total>
				<timestamp>1224.654326</timestamp>
			</report>
			<report>
				<misses>3227001</misses>
				<total>5</total>
				<timestamp>1225.033922</timestamp>
			</report>
			<report>
				<misses>3228001</misses>
				<total>5</total>
				<timestamp>1225.413563</timestamp>
			</report>
			<report>
				<misses>3229001</misses>
				<total>5</total>
				<timestamp>1225.793181</timestamp>
			</report>
			<report>
				<misses>3230001</misses>
				<total>5</total>
				<timestamp>1226.172801</timestamp>
			</report>
			<report>
				<misses>3231001</misses>
				<total>5</total>
				<timestamp>1226.552450</timestamp>
			</report>
			<report>
				<misses>3232001</misses>
				<total>5</total>
				<timestamp>1226.932021</timestamp>
			</report>
			<report>
				<misses>3233001</misses>
				<total>5</total>
				<timestamp>1227.311650</timestamp>
			</report>
			<report>
				<misses>3234001</misses>
				<total>5</total>
				<timestamp>1227.691273</timestamp>
			</report>
			<report>
				<misses>3235001</misses>
				<total>5</total>
				<timestamp>1228.070902</timestamp>
			</report>
			<report>
				<misses>3236001</misses>
				<total>5</total>
				<timestamp>1228.450496</timestamp>
			</report>
			<report>
				<misses>3237001</misses>
				<total>5</total>
				<timestamp>1228.830122</timestamp>
			</report>
			<report>
				<misses>3238001</misses>
				<total>5</total>
				<timestamp>1229.209739</timestamp>
			</report>
			<report>
				<misses>3239001</misses>
				<total>5</total>
				<timestamp>1229.589380</timestamp>
			</report>
			<report>
				<misses>3240001</misses>
				<total>5</total>
				<timestamp>1229.969007</timestamp>
			</report>
			<report>
				<misses>3241001</misses>
				<total>5</total>
				<timestamp>1230.348619</timestamp>
			</report>
			<report>
				<misses>3242001</misses>
				<total>5</total>
				<timestamp>1230.728245</timestamp>
			</report>
			<report>
				<misses>3243001</misses>
				<total>5</total>
				<timestamp>1231.107861</timestamp>
			</report>
			<report>
				<misses>3244001</misses>
				<total>5</total>
				<timestamp>1231.487477</timestamp>
			</report>
			<report>
				<misses>3245001</misses>
				<total>5</total>
				<timestamp>1231.867097</timestamp>
			</report>
			<report>
				<misses>3246001</misses>
				<total>5</total>
				<timestamp>1232.246706</timestamp>
			</report>
			<report>
				<misses>3247001</misses>
				<total>5</total>
				<timestamp>1232.626349</timestamp>
			</report>
			<report>
				<misses>3248001</misses>
				<total>5</total>
				<timestamp>1233.005982</timestamp>
			</report>
			<report>
				<misses>3249001</misses>
				<total>5</total>
				<timestamp>1233.385563</timestamp>
			</report>
			<report>
				<misses>3250001</misses>
				<total>5</total>
				<timestamp>1233.765217</timestamp>
			</report>
			<report>
				<misses>3251001</misses>
				<total>5</total>
				<timestamp>1234.144809</timestamp>
			</report>
			<report>
				<misses>3252001</misses>
				<total>5</total>
				<timestamp>1234.524439</timestamp>
			</report>
			<report>
				<misses>3253001</misses>
				<total>5</total>
				<timestamp>1234.904084</timestamp>
			</report>
			<report>
				<misses>3254001</misses>
				<total>5</total>
				<timestamp>1235.283655</timestamp>
			</report>
			<report>
				<misses>3255001</misses>
				<total>5</total>
				<timestamp>1235.663327</timestamp>
			</report>
			<report>
				<misses>3256001</misses>
				<total>5</total>
				<timestamp>1236.042923</timestamp>
			</report>
			<report>
				<misses>3257001</misses>
				<total>5</total>
				<timestamp>1236.422511</timestamp>
			</report>
			<report>
				<misses>3258001</misses>
				<total>5</total>
				<timestamp>1236.802139</timestamp>
			</report>
			<report>
				<misses>3259001</misses>
				<total>5</total>
				<timestamp>1237.181789</timestamp>
			</report>
			<report>
				<misses>3260001</misses>
				<total>5</total>
				<timestamp>1237.561392</timestamp>
			</report>
			<report>
				<misses>3261001</misses>
				<total>5</total>
				<timestamp>1237.941036</timestamp>
			</report>
			<report>
				<misses>3262001</misses>
				<total>5</total>
				<timestamp>1238.320655</timestamp>
			</report>
			<report>
				<misses>3263001</misses>
				<total>5</total>
				<timestamp>1238.700260</timestamp>
			</report>
			<report>
				<misses>3264001</misses>
				<total>5</total>
				<timestamp>1239.079931</timestamp>
			</report>
			<report>
				<misses>3265001</misses>
				<total>5</total>
				<timestamp>1239.459487</timestamp>
			</report>
			<report>
				<misses>3266001</misses>
				<total>5</total>
				<timestamp>1239.839115</timestamp>
			</report>
			<report>
				<misses>3267001</misses>
				<total>5</total>
				<timestamp>1240.218730</timestamp>
			</report>
			<report>
				<misses>3268001</misses>
				<total>5</total>
				<timestamp>1240.598374</timestamp>
			</report>
			<report>
				<misses>3269001</misses>
				<total>5</total>
				<timestamp>1240.977980</timestamp>
			</report>
			<report>
				<misses>3270001</misses>
				<total>5</total>
				<timestamp>1241.357576</timestamp>
			</report>
			<report>
				<misses>3271001</misses>
				<total>5</total>
				<timestamp>1241.737247</timestamp>
			</report>
			<report>
				<misses>3272001</misses>
				<total>5</total>
				<timestamp>1242.116846</timestamp>
			</report>
			<report>
				<misses>3273001</misses>
				<total>5</total>
				<timestamp>1242.496448</timestamp>
			</report>
			<report>
				<misses>3274001</misses>
				<total>5</total>
				<timestamp>1242.876077</timestamp>
			</report>
			<report>
				<misses>3275001</misses>
				<total>5</total>
				<timestamp>1243.255710</timestamp>
			</report>
			<report>
				<misses>3276001</misses>
				<total>5</total>
				<timestamp>1243.635354</timestamp>
			</report>
			<report>
				<misses>3277001</misses>
				<total>5</total>
				<timestamp>1244.014954</timestamp>
			</report>
			<report>
				<misses>3278001</misses>
				<total>5</total>
				<timestamp>1244.394547</timestamp>
			</report>
			<report>
				<misses>3279001</misses>
				<total>5</total>
				<timestamp>1244.774183</timestamp>
			</report>
			<report>
				<misses>3280001</misses>
				<total>5</total>
				<timestamp>1245.153792</timestamp>
			</report>
			<report>
				<misses>3281001</misses>
				<total>5</total>
				<timestamp>1245.533404</timestamp>
			</report>
			<report>
				<misses>3282001</misses>
				<total>5</total>
				<timestamp>1245.913060</timestamp>
			</report>
			<report>
				<misses>3283001</misses>
				<total>5</total>
				<timestamp>1246.292661</timestamp>
			</report>
			<report>
				<misses>3284001</misses>
				<total>5</total>
				<timestamp>1246.672304</timestamp>
			</report>
			<report>
				<misses>3285001</misses>
				<total>5</total>
				<timestamp>1247.051885</timestamp>
			</report>
			<report>
				<misses>3286001</misses>
				<total>5</total>
				<timestamp>1247.431524</timestamp>
			</report>
			<report>
				<misses>3287001</misses>
				<total>5</total>
				<timestamp>1247.811127</timestamp>
			</report>
			<report>
				<misses>3288001</misses>
				<total>5</total>
				<timestamp>1248.190765</timestamp>
			</report>
			<report>
				<misses>3289001</misses>
				<total>5</total>
				<timestamp>1248.570353</timestamp>
			</report>
			<report>
				<misses>3290001</misses>
				<total>5</total>
				<timestamp>1248.949999</timestamp>
			</report>
			<report>
				<misses>3291001</misses>
				<total>5</total>
				<timestamp>1249.329625</timestamp>
			</report>
			<report>
				<misses>3292001</misses>
				<total>5</total>
				<timestamp>1249.709244</timestamp>
			</report>
			<report>
				<misses>3293001</misses>
				<total>5</total>
				<timestamp>1250.088866</timestamp>
			</report>
			<report>
				<misses>3294001</misses>
				<total>5</total>
				<timestamp>1250.468494</timestamp>
			</report>
			<report>
				<misses>3295001</misses>
				<total>5</total>
				<timestamp>1250.848104</timestamp>
			</report>
			<report>
				<misses>3296001</misses>
				<total>5</total>
				<timestamp>1251.227756</timestamp>
			</report>
			<report>
				<misses>3297001</misses>
				<total>5</total>
				<timestamp>1251.607359</timestamp>
			</report>
			<report>
				<misses>3298001</misses>
				<total>5</total>
				<timestamp>1251.986989</timestamp>
			</report>
			<report>
				<misses>3299001</misses>
				<total>5</total>
				<timestamp>1252.366567</timestamp>
			</report>
			<report>
				<misses>3300001</misses>
				<total>5</total>
				<timestamp>1252.746197</timestamp>
			</report>
			<report>
				<misses>3301001</misses>
				<total>5</total>
				<timestamp>1253.125832</timestamp>
			</report>
			<report>
				<misses>3302001</misses>
				<total>5</total>
				<timestamp>1253.505481</timestamp>
			</report>
			<report>
				<misses>3303001</misses>
				<total>5</total>
				<timestamp>1253.885078</timestamp>
			</report>
			<report>
				<misses>3304001</misses>
				<total>5</total>
				<timestamp>1254.264712</timestamp>
			</report>
			<report>
				<misses>3305001</misses>
				<total>5</total>
				<timestamp>1254.644293</timestamp>
			</report>
			<report>
				<misses>3306001</misses>
				<total>5</total>
				<timestamp>1255.023936</timestamp>
			</report>
			<report>
				<misses>3307001</misses>
				<total>5</total>
				<timestamp>1255.403536</timestamp>
			</report>
			<report>
				<misses>3308001</misses>
				<total>5</total>
				<timestamp>1255.783163</timestamp>
			</report>
			<report>
				<misses>3309001</misses>
				<total>5</total>
				<timestamp>1256.162812</timestamp>
			</report>
			<report>
				<misses>3310001</misses>
				<total>5</total>
				<timestamp>1256.542386</timestamp>
			</report>
			<report>
				<misses>3311001</misses>
				<total>5</total>
				<timestamp>1256.922001</timestamp>
			</report>
			<report>
				<misses>3312001</misses>
				<total>5</total>
				<timestamp>1257.301668</timestamp>
			</report>
			<report>
				<misses>3313001</misses>
				<total>5</total>
				<timestamp>1257.681287</timestamp>
			</report>
			<report>
				<misses>3314001</misses>
				<total>5</total>
				<timestamp>1258.060911</timestamp>
			</report>
			<report>
				<misses>3315001</misses>
				<total>5</total>
				<timestamp>1258.440502</timestamp>
			</report>
			<report>
				<misses>3316001</misses>
				<total>5</total>
				<timestamp>1258.820115</timestamp>
			</report>
			<report>
				<misses>3317001</misses>
				<total>5</total>
				<timestamp>1259.199789</timestamp>
			</report>
			<report>
				<misses>3318001</misses>
				<total>5</total>
				<timestamp>1259.579347</timestamp>
			</report>
			<report>
				<misses>3319001</misses>
				<total>5</total>
				<timestamp>1259.958968</timestamp>
			</report>
			<report>
				<misses>3320001</misses>
				<total>5</total>
				<timestamp>1260.338599</timestamp>
			</report>
			<report>
				<misses>3321001</misses>
				<total>5</total>
				<timestamp>1260.718208</timestamp>
			</report>
			<report>
				<misses>3322001</misses>
				<total>5</total>
				<timestamp>1261.097838</timestamp>
			</report>
			<report>
				<misses>3323001</misses>
				<total>5</total>
				<timestamp>1261.477473</timestamp>
			</report>
			<report>
				<misses>3324001</misses>
				<total>5</total>
				<timestamp>1261.857063</timestamp>
			</report>
			<report>
				<misses>3325001</misses>
				<total>5</total>
				<timestamp>1262.236698</timestamp>
			</report>
			<report>
				<misses>3326001</misses>
				<total>5</total>
				<timestamp>1262.616298</timestamp>
			</report>
			<report>
				<misses>3327001</misses>
				<total>5</total>
				<timestamp>1262.995929</timestamp>
			</report>
			<report>
				<misses>3328001</misses>
				<total>5</total>
				<timestamp>1263.375552</timestamp>
			</report>
			<report>
				<misses>3329001</misses>
				<total>5</total>
				<timestamp>1263.755161</timestamp>
			</report>
			<report>
				<misses>3330001</misses>
				<total>5</total>
				<timestamp>1264.134780</timestamp>
			</report>
			<report>
				<misses>3331001</misses>
				<total>5</total>
				<timestamp>1264.514398</timestamp>
			</report>
			<report>
				<misses>3332001</misses>
				<total>5</total>
				<timestamp>1264.894054</timestamp>
			</report>
			<report>
				<misses>3333001</misses>
				<total>5</total>
				<timestamp>1265.273656</timestamp>
			</report>
			<report>
				<misses>3334001</misses>
				<total>5</total>
				<timestamp>1265.653262</timestamp>
			</report>
			<report>
				<misses>3335001</misses>
				<total>5</total>
				<timestamp>1266.032967</timestamp>
			</report>
			<report>
				<misses>3336001</misses>
				<total>5</total>
				<timestamp>1266.412511</timestamp>
			</report>
			<report>
				<misses>3337001</misses>
				<total>5</total>
				<timestamp>1266.792131</timestamp>
			</report>
			<report>
				<misses>3338001</misses>
				<total>5</total>
				<timestamp>1267.171760</timestamp>
			</report>
			<report>
				<misses>3339001</misses>
				<total>5</total>
				<timestamp>1267.551382</timestamp>
			</report>
			<report>
				<misses>3340001</misses>
				<total>5</total>
				<timestamp>1267.931066</timestamp>
			</report>
			<report>
				<misses>3341001</misses>
				<total>5</total>
				<timestamp>1268.310648</timestamp>
			</report>
			<report>
				<misses>3342001</misses>
				<total>5</total>
				<timestamp>1268.690240</timestamp>
			</report>
			<report>
				<misses>3343001</misses>
				<total>5</total>
				<timestamp>1269.069862</timestamp>
			</report>
			<report>
				<misses>3344001</misses>
				<total>5</total>
				<timestamp>1269.449481</timestamp>
			</report>
			<report>
				<misses>3345001</misses>
				<total>5</total>
				<timestamp>1269.829105</timestamp>
			</report>
			<report>
				<misses>3346001</misses>
				<total>5</total>
				<timestamp>1270.208750</timestamp>
			</report>
			<report>
				<misses>3347001</misses>
				<total>5</total>
				<timestamp>1270.588312</timestamp>
			</report>
			<report>
				<misses>3348001</misses>
				<total>5</total>
				<timestamp>1270.967960</timestamp>
			</report>
			<report>
				<misses>3349001</misses>
				<total>5</total>
				<timestamp>1271.347569</timestamp>
			</report>
			<report>
				<misses>3350001</misses>
				<total>5</total>
				<timestamp>1271.727167</timestamp>
			</report>
			<report>
				<misses>3351001</misses>
				<total>5</total>
				<timestamp>1272.106845</timestamp>
			</report>
			<report>
				<misses>3352001</misses>
				<total>5</total>
				<timestamp>1272.486414</timestamp>
			</report>
			<report>
				<misses>3353001</misses>
				<total>5</total>
				<timestamp>1272.866054</timestamp>
			</report>
			<report>
				<misses>3354001</misses>
				<total>5</total>
				<timestamp>1273.245699</timestamp>
			</report>
			<report>
				<misses>3355001</misses>
				<total>5</total>
				<timestamp>1273.625328</timestamp>
			</report>
			<report>
				<misses>3356001</misses>
				<total>5</total>
				<timestamp>1274.004905</timestamp>
			</report>
			<report>
				<misses>3357001</misses>
				<total>5</total>
				<timestamp>1274.384523</timestamp>
			</report>
			<report>
				<misses>3358001</misses>
				<total>5</total>
				<timestamp>1274.764137</timestamp>
			</report>
			<report>
				<misses>3359001</misses>
				<total>5</total>
				<timestamp>1275.143778</timestamp>
			</report>
			<report>
				<misses>3360001</misses>
				<total>5</total>
				<timestamp>1275.523378</timestamp>
			</report>
			<report>
				<misses>3361001</misses>
				<total>5</total>
				<timestamp>1275.903004</timestamp>
			</report>
			<report>
				<misses>3362001</misses>
				<total>5</total>
				<timestamp>1276.282662</timestamp>
			</report>
			<report>
				<misses>3363001</misses>
				<total>5</total>
				<timestamp>1276.662250</timestamp>
			</report>
			<report>
				<misses>3364001</misses>
				<total>5</total>
				<timestamp>1277.041858</timestamp>
			</report>
			<report>
				<misses>3365001</misses>
				<total>5</total>
				<timestamp>1277.421494</timestamp>
			</report>
			<report>
				<misses>3366001</misses>
				<total>5</total>
				<timestamp>1277.801105</timestamp>
			</report>
			<report>
				<misses>3367001</misses>
				<total>5</total>
				<timestamp>1278.180740</timestamp>
			</report>
			<report>
				<misses>3368001</misses>
				<total>5</total>
				<timestamp>1278.560345</timestamp>
			</report>
			<report>
				<misses>3369001</misses>
				<total>5</total>
				<timestamp>1278.939958</timestamp>
			</report>
			<report>
				<misses>3370001</misses>
				<total>5</total>
				<timestamp>1279.319656</timestamp>
			</report>
			<report>
				<misses>3371001</misses>
				<total>5</total>
				<timestamp>1279.699201</timestamp>
			</report>
			<report>
				<misses>3372001</misses>
				<total>5</total>
				<timestamp>1280.078811</timestamp>
			</report>
			<report>
				<misses>3373001</misses>
				<total>5</total>
				<timestamp>1280.458467</timestamp>
			</report>
			<report>
				<misses>3374001</misses>
				<total>5</total>
				<timestamp>1280.838063</timestamp>
			</report>
			<report>
				<misses>3375001</misses>
				<total>5</total>
				<timestamp>1281.217725</timestamp>
			</report>
			<report>
				<misses>3376001</misses>
				<total>5</total>
				<timestamp>1281.597310</timestamp>
			</report>
			<report>
				<misses>3377001</misses>
				<total>5</total>
				<timestamp>1281.976924</timestamp>
			</report>
			<report>
				<misses>3378001</misses>
				<total>5</total>
				<timestamp>1282.356601</timestamp>
			</report>
			<report>
				<misses>3379001</misses>
				<total>5</total>
				<timestamp>1282.736157</timestamp>
			</report>
			<report>
				<misses>3380001</misses>
				<total>5</total>
				<timestamp>1283.115795</timestamp>
			</report>
			<report>
				<misses>3381001</misses>
				<total>5</total>
				<timestamp>1283.495404</timestamp>
			</report>
			<report>
				<misses>3382001</misses>
				<total>5</total>
				<timestamp>1283.875026</timestamp>
			</report>
			<report>
				<misses>3383001</misses>
				<total>5</total>
				<timestamp>1284.254658</timestamp>
			</report>
			<report>
				<misses>3384001</misses>
				<total>5</total>
				<timestamp>1284.634269</timestamp>
			</report>
			<report>
				<misses>3385001</misses>
				<total>5</total>
				<timestamp>1285.013897</timestamp>
			</report>
			<report>
				<misses>3386001</misses>
				<total>5</total>
				<timestamp>1285.393553</timestamp>
			</report>
			<report>
				<misses>3387001</misses>
				<total>5</total>
				<timestamp>1285.773127</timestamp>
			</report>
			<report>
				<misses>3388001</misses>
				<total>5</total>
				<timestamp>1286.152781</timestamp>
			</report>
			<report>
				<misses>3389001</misses>
				<total>5</total>
				<timestamp>1286.532359</timestamp>
			</report>
			<report>
				<misses>3390001</misses>
				<total>5</total>
				<timestamp>1286.911996</timestamp>
			</report>
			<report>
				<misses>3391001</misses>
				<total>5</total>
				<timestamp>1287.291642</timestamp>
			</report>
			<report>
				<misses>3392001</misses>
				<total>5</total>
				<timestamp>1287.671226</timestamp>
			</report>
			<report>
				<misses>3393001</misses>
				<total>5</total>
				<timestamp>1288.050828</timestamp>
			</report>
			<report>
				<misses>3394001</misses>
				<total>5</total>
				<timestamp>1288.430463</timestamp>
			</report>
			<report>
				<misses>3395001</misses>
				<total>5</total>
				<timestamp>1288.810078</timestamp>
			</report>
			<report>
				<misses>3396001</misses>
				<total>5</total>
				<timestamp>1289.189718</timestamp>
			</report>
			<report>
				<misses>3397001</misses>
				<total>5</total>
				<timestamp>1289.569339</timestamp>
			</report>
			<report>
				<misses>3398001</misses>
				<total>5</total>
				<timestamp>1289.948944</timestamp>
			</report>
			<report>
				<misses>3399001</misses>
				<total>5</total>
				<timestamp>1290.328607</timestamp>
			</report>
			<report>
				<misses>3400001</misses>
				<total>5</total>
				<timestamp>1290.708183</timestamp>
			</report>
			<report>
				<misses>3401001</misses>
				<total>5</total>
				<timestamp>1291.087819</timestamp>
			</report>
			<report>
				<misses>3402001</misses>
				<total>5</total>
				<timestamp>1291.467420</timestamp>
			</report>
			<report>
				<misses>3403001</misses>
				<total>5</total>
				<timestamp>1291.847034</timestamp>
			</report>
			<report>
				<misses>3404001</misses>
				<total>5</total>
				<timestamp>1292.226717</timestamp>
			</report>
			<report>
				<misses>3405001</misses>
				<total>5</total>
				<timestamp>1292.606286</timestamp>
			</report>
			<report>
				<misses>3406001</misses>
				<total>5</total>
				<timestamp>1292.985898</timestamp>
			</report>
			<report>
				<misses>3407001</misses>
				<total>5</total>
				<timestamp>1293.365600</timestamp>
			</report>
			<report>
				<misses>3408001</misses>
				<total>5</total>
				<timestamp>1293.745158</timestamp>
			</report>
			<report>
				<misses>3409001</misses>
				<total>5</total>
				<timestamp>1294.124763</timestamp>
			</report>
			<report>
				<misses>3410001</misses>
				<total>5</total>
				<timestamp>1294.504411</timestamp>
			</report>
			<report>
				<misses>3411001</misses>
				<total>5</total>
				<timestamp>1294.884003</timestamp>
			</report>
			<report>
				<misses>3412001</misses>
				<total>5</total>
				<timestamp>1295.263640</timestamp>
			</report>
			<report>
				<misses>3413001</misses>
				<total>5</total>
				<timestamp>1295.643267</timestamp>
			</report>
			<report>
				<misses>3414001</misses>
				<total>5</total>
				<timestamp>1296.022912</timestamp>
			</report>
			<report>
				<misses>3415001</misses>
				<total>5</total>
				<timestamp>1296.402587</timestamp>
			</report>
			<report>
				<misses>3416001</misses>
				<total>5</total>
				<timestamp>1296.782127</timestamp>
			</report>
			<report>
				<misses>3417001</misses>
				<total>5</total>
				<timestamp>1297.161721</timestamp>
			</report>
			<report>
				<misses>3418001</misses>
				<total>5</total>
				<timestamp>1297.541345</timestamp>
			</report>
			<report>
				<misses>3419001</misses>
				<total>5</total>
				<timestamp>1297.920971</timestamp>
			</report>
			<report>
				<misses>3420001</misses>
				<total>5</total>
				<timestamp>1298.300640</timestamp>
			</report>
			<report>
				<misses>3421001</misses>
				<total>5</total>
				<timestamp>1298.680225</timestamp>
			</report>
			<report>
				<misses>3422001</misses>
				<total>5</total>
				<timestamp>1299.059839</timestamp>
			</report>
			<report>
				<misses>3423001</misses>
				<total>5</total>
				<timestamp>1299.439490</timestamp>
			</report>
			<report>
				<misses>3424001</misses>
				<total>5</total>
				<timestamp>1299.819053</timestamp>
			</report>
			<report>
				<misses>3425001</misses>
				<total>5</total>
				<timestamp>1300.198695</timestamp>
			</report>
			<report>
				<misses>3426001</misses>
				<total>5</total>
				<timestamp>1300.578297</timestamp>
			</report>
			<report>
				<misses>3427001</misses>
				<total>5</total>
				<timestamp>1300.957925</timestamp>
			</report>
			<report>
				<misses>3428001</misses>
				<total>5</total>
				<timestamp>1301.337557</timestamp>
			</report>
			<report>
				<misses>3429001</misses>
				<total>5</total>
				<timestamp>1301.717153</timestamp>
			</report>
			<report>
				<misses>3430001</misses>
				<total>5</total>
				<timestamp>1302.096781</timestamp>
			</report>
			<report>
				<misses>3431001</misses>
				<total>5</total>
				<timestamp>1302.476389</timestamp>
			</report>
			<report>
				<misses>3432001</misses>
				<total>5</total>
				<timestamp>1302.856011</timestamp>
			</report>
			<report>
				<misses>3433001</misses>
				<total>5</total>
				<timestamp>1303.235658</timestamp>
			</report>
			<report>
				<misses>3434001</misses>
				<total>5</total>
				<timestamp>1303.615328</timestamp>
			</report>
			<report>
				<misses>3435001</misses>
				<total>5</total>
				<timestamp>1303.994874</timestamp>
			</report>
			<report>
				<misses>3436001</misses>
				<total>5</total>
				<timestamp>1304.374586</timestamp>
			</report>
			<report>
				<misses>3437001</misses>
				<total>5</total>
				<timestamp>1304.754109</timestamp>
			</report>
			<report>
				<misses>3438001</misses>
				<total>5</total>
				<timestamp>1305.133742</timestamp>
			</report>
			<report>
				<misses>3439001</misses>
				<total>5</total>
				<timestamp>1305.513378</timestamp>
			</report>
			<report>
				<misses>3440001</misses>
				<total>5</total>
				<timestamp>1305.892998</timestamp>
			</report>
			<report>
				<misses>3441001</misses>
				<total>5</total>
				<timestamp>1306.272643</timestamp>
			</report>
			<report>
				<misses>3442001</misses>
				<total>5</total>
				<timestamp>1306.652239</timestamp>
			</report>
			<report>
				<misses>3443001</misses>
				<total>5</total>
				<timestamp>1307.031851</timestamp>
			</report>
			<report>
				<misses>3444001</misses>
				<total>5</total>
				<timestamp>1307.411541</timestamp>
			</report>
			<report>
				<misses>3445001</misses>
				<total>5</total>
				<timestamp>1307.791093</timestamp>
			</report>
			<report>
				<misses>3446001</misses>
				<total>5</total>
				<timestamp>1308.170696</timestamp>
			</report>
			<report>
				<misses>3447001</misses>
				<total>5</total>
				<timestamp>1308.550308</timestamp>
			</report>
			<report>
				<misses>3448001</misses>
				<total>5</total>
				<timestamp>1308.929929</timestamp>
			</report>
			<report>
				<misses>3449001</misses>
				<total>5</total>
				<timestamp>1309.309592</timestamp>
			</report>
			<report>
				<misses>3450001</misses>
				<total>5</total>
				<timestamp>1309.689189</timestamp>
			</report>
			<report>
				<misses>3451001</misses>
				<total>5</total>
				<timestamp>1310.068843</timestamp>
			</report>
			<report>
				<misses>3452001</misses>
				<total>5</total>
				<timestamp>1310.448468</timestamp>
			</report>
			<report>
				<misses>3453001</misses>
				<total>5</total>
				<timestamp>1310.828060</timestamp>
			</report>
			<report>
				<misses>3454001</misses>
				<total>5</total>
				<timestamp>1311.207680</timestamp>
			</report>
			<report>
				<misses>3455001</misses>
				<total>5</total>
				<timestamp>1311.587325</timestamp>
			</report>
			<report>
				<misses>3456001</misses>
				<total>5</total>
				<timestamp>1311.966894</timestamp>
			</report>
			<report>
				<misses>3457001</misses>
				<total>5</total>
				<timestamp>1312.346523</timestamp>
			</report>
			<report>
				<misses>3458001</misses>
				<total>5</total>
				<timestamp>1312.726132</timestamp>
			</report>
			<report>
				<misses>3459001</misses>
				<total>5</total>
				<timestamp>1313.105767</timestamp>
			</report>
			<report>
				<misses>3460001</misses>
				<total>5</total>
				<timestamp>1313.485455</timestamp>
			</report>
			<report>
				<misses>3461001</misses>
				<total>5</total>
				<timestamp>1313.865011</timestamp>
			</report>
			<report>
				<misses>3462001</misses>
				<total>5</total>
				<timestamp>1314.244618</timestamp>
			</report>
			<report>
				<misses>3463001</misses>
				<total>5</total>
				<timestamp>1314.624233</timestamp>
			</report>
			<report>
				<misses>3464001</misses>
				<total>5</total>
				<timestamp>1315.003886</timestamp>
			</report>
			<report>
				<misses>3465001</misses>
				<total>5</total>
				<timestamp>1315.383487</timestamp>
			</report>
			<report>
				<misses>3466001</misses>
				<total>5</total>
				<timestamp>1315.763118</timestamp>
			</report>
			<report>
				<misses>3467001</misses>
				<total>5</total>
				<timestamp>1316.142738</timestamp>
			</report>
			<report>
				<misses>3468001</misses>
				<total>5</total>
				<timestamp>1316.522358</timestamp>
			</report>
			<report>
				<misses>3469001</misses>
				<total>5</total>
				<timestamp>1316.901957</timestamp>
			</report>
			<report>
				<misses>3470001</misses>
				<total>5</total>
				<timestamp>1317.281584</timestamp>
			</report>
			<report>
				<misses>3471001</misses>
				<total>5</total>
				<timestamp>1317.661202</timestamp>
			</report>
			<report>
				<misses>3472001</misses>
				<total>5</total>
				<timestamp>1318.040816</timestamp>
			</report>
			<report>
				<misses>3473001</misses>
				<total>5</total>
				<timestamp>1318.420442</timestamp>
			</report>
			<report>
				<misses>3474001</misses>
				<total>5</total>
				<timestamp>1318.800081</timestamp>
			</report>
			<report>
				<misses>3475001</misses>
				<total>5</total>
				<timestamp>1319.179688</timestamp>
			</report>
			<report>
				<misses>3476001</misses>
				<total>5</total>
				<timestamp>1319.559317</timestamp>
			</report>
			<report>
				<misses>3477001</misses>
				<total>5</total>
				<timestamp>1319.938924</timestamp>
			</report>
			<report>
				<misses>3478001</misses>
				<total>5</total>
				<timestamp>1320.318572</timestamp>
			</report>
			<report>
				<misses>3479001</misses>
				<total>5</total>
				<timestamp>1320.698151</timestamp>
			</report>
			<report>
				<misses>3480001</misses>
				<total>5</total>
				<timestamp>1321.077788</timestamp>
			</report>
			<report>
				<misses>3481001</misses>
				<total>5</total>
				<timestamp>1321.457429</timestamp>
			</report>
			<report>
				<misses>3482001</misses>
				<total>5</total>
				<timestamp>1321.837014</timestamp>
			</report>
			<report>
				<misses>3483001</misses>
				<total>5</total>
				<timestamp>1322.216666</timestamp>
			</report>
			<report>
				<misses>3484001</misses>
				<total>5</total>
				<timestamp>1322.596261</timestamp>
			</report>
			<report>
				<misses>3485001</misses>
				<total>5</total>
				<timestamp>1322.975866</timestamp>
			</report>
			<report>
				<misses>3486001</misses>
				<total>5</total>
				<timestamp>1323.355518</timestamp>
			</report>
			<report>
				<misses>3487001</misses>
				<total>5</total>
				<timestamp>1323.735120</timestamp>
			</report>
			<report>
				<misses>3488001</misses>
				<total>5</total>
				<timestamp>1324.114727</timestamp>
			</report>
			<report>
				<misses>3489001</misses>
				<total>5</total>
				<timestamp>1324.494422</timestamp>
			</report>
			<report>
				<misses>3490001</misses>
				<total>5</total>
				<timestamp>1324.873987</timestamp>
			</report>
			<report>
				<misses>3491001</misses>
				<total>5</total>
				<timestamp>1325.253593</timestamp>
			</report>
			<report>
				<misses>3492001</misses>
				<total>5</total>
				<timestamp>1325.633252</timestamp>
			</report>
			<report>
				<misses>3493001</misses>
				<total>5</total>
				<timestamp>1326.012831</timestamp>
			</report>
			<report>
				<misses>3494001</misses>
				<total>5</total>
				<timestamp>1326.392480</timestamp>
			</report>
			<report>
				<misses>3495001</misses>
				<total>5</total>
				<timestamp>1326.772076</timestamp>
			</report>
			<report>
				<misses>3496001</misses>
				<total>5</total>
				<timestamp>1327.151692</timestamp>
			</report>
			<report>
				<misses>3497001</misses>
				<total>5</total>
				<timestamp>1327.531320</timestamp>
			</report>
			<report>
				<misses>3498001</misses>
				<total>5</total>
				<timestamp>1327.910951</timestamp>
			</report>
			<report>
				<misses>3499001</misses>
				<total>5</total>
				<timestamp>1328.290581</timestamp>
			</report>
			<report>
				<misses>3500001</misses>
				<total>5</total>
				<timestamp>1328.670197</timestamp>
			</report>
			<report>
				<misses>3501001</misses>
				<total>5</total>
				<timestamp>1329.049814</timestamp>
			</report>
			<report>
				<misses>3502001</misses>
				<total>5</total>
				<timestamp>1329.429456</timestamp>
			</report>
			<report>
				<misses>3503001</misses>
				<total>5</total>
				<timestamp>1329.809033</timestamp>
			</report>
			<report>
				<misses>3504001</misses>
				<total>5</total>
				<timestamp>1330.188668</timestamp>
			</report>
			<report>
				<misses>3505001</misses>
				<total>5</total>
				<timestamp>1330.568337</timestamp>
			</report>
			<report>
				<misses>3506001</misses>
				<total>5</total>
				<timestamp>1330.947903</timestamp>
			</report>
			<report>
				<misses>3507001</misses>
				<total>5</total>
				<timestamp>1331.327534</timestamp>
			</report>
			<report>
				<misses>3508001</misses>
				<total>5</total>
				<timestamp>1331.707171</timestamp>
			</report>
			<report>
				<misses>3509001</misses>
				<total>5</total>
				<timestamp>1332.086772</timestamp>
			</report>
			<report>
				<misses>3510001</misses>
				<total>5</total>
				<timestamp>1332.466409</timestamp>
			</report>
			<report>
				<misses>3511001</misses>
				<total>5</total>
				<timestamp>1332.846007</timestamp>
			</report>
			<report>
				<misses>3512001</misses>
				<total>5</total>
				<timestamp>1333.225625</timestamp>
			</report>
			<report>
				<misses>3513001</misses>
				<total>5</total>
				<timestamp>1333.605310</timestamp>
			</report>
			<report>
				<misses>3514001</misses>
				<total>5</total>
				<timestamp>1333.984880</timestamp>
			</report>
			<report>
				<misses>3515001</misses>
				<total>5</total>
				<timestamp>1334.364495</timestamp>
			</report>
			<report>
				<misses>3516001</misses>
				<total>5</total>
				<timestamp>1334.744101</timestamp>
			</report>
			<report>
				<misses>3517001</misses>
				<total>5</total>
				<timestamp>1335.123710</timestamp>
			</report>
			<report>
				<misses>3518001</misses>
				<total>5</total>
				<timestamp>1335.503412</timestamp>
			</report>
			<report>
				<misses>3519001</misses>
				<total>5</total>
				<timestamp>1335.882952</timestamp>
			</report>
			<report>
				<misses>3520001</misses>
				<total>5</total>
				<timestamp>1336.262593</timestamp>
			</report>
			<report>
				<misses>3521001</misses>
				<total>5</total>
				<timestamp>1336.642226</timestamp>
			</report>
			<report>
				<misses>3522001</misses>
				<total>5</total>
				<timestamp>1337.021825</timestamp>
			</report>
			<report>
				<misses>3523001</misses>
				<total>5</total>
				<timestamp>1337.401490</timestamp>
			</report>
			<report>
				<misses>3524001</misses>
				<total>5</total>
				<timestamp>1337.781107</timestamp>
			</report>
			<report>
				<misses>3525001</misses>
				<total>5</total>
				<timestamp>1338.160706</timestamp>
			</report>
			<report>
				<misses>3526001</misses>
				<total>5</total>
				<timestamp>1338.540368</timestamp>
			</report>
			<report>
				<misses>3527001</misses>
				<total>5</total>
				<timestamp>1338.919902</timestamp>
			</report>
			<report>
				<misses>3528001</misses>
				<total>5</total>
				<timestamp>1339.299524</timestamp>
			</report>
			<report>
				<misses>3529001</misses>
				<total>5</total>
				<timestamp>1339.679210</timestamp>
			</report>
			<report>
				<misses>3530001</misses>
				<total>5</total>
				<timestamp>1340.058769</timestamp>
			</report>
			<report>
				<misses>3531001</misses>
				<total>5</total>
				<timestamp>1340.438449</timestamp>
			</report>
			<report>
				<misses>3532001</misses>
				<total>5</total>
				<timestamp>1340.818011</timestamp>
			</report>
			<report>
				<misses>3533001</misses>
				<total>5</total>
				<timestamp>1341.197639</timestamp>
			</report>
			<report>
				<misses>3534001</misses>
				<total>5</total>
				<timestamp>1341.577299</timestamp>
			</report>
			<report>
				<misses>3535001</misses>
				<total>5</total>
				<timestamp>1341.956888</timestamp>
			</report>
			<report>
				<misses>3536001</misses>
				<total>5</total>
				<timestamp>1342.336505</timestamp>
			</report>
			<report>
				<misses>3537001</misses>
				<total>5</total>
				<timestamp>1342.716139</timestamp>
			</report>
			<report>
				<misses>3538001</misses>
				<total>5</total>
				<timestamp>1343.095737</timestamp>
			</report>
			<report>
				<misses>3539001</misses>
				<total>5</total>
				<timestamp>1343.475404</timestamp>
			</report>
			<report>
				<misses>3540001</misses>
				<total>5</total>
				<timestamp>1343.854982</timestamp>
			</report>
			<report>
				<misses>3541001</misses>
				<total>5</total>
				<timestamp>1344.234608</timestamp>
			</report>
			<report>
				<misses>3542001</misses>
				<total>5</total>
				<timestamp>1344.614257</timestamp>
			</report>
			<report>
				<misses>3543001</misses>
				<total>5</total>
				<timestamp>1344.993844</timestamp>
			</report>
			<report>
				<misses>3544001</misses>
				<total>5</total>
				<timestamp>1345.373461</timestamp>
			</report>
			<report>
				<misses>3545001</misses>
				<total>5</total>
				<timestamp>1345.753101</timestamp>
			</report>
			<report>
				<misses>3546001</misses>
				<total>5</total>
				<timestamp>1346.132706</timestamp>
			</report>
			<report>
				<misses>3547001</misses>
				<total>5</total>
				<timestamp>1346.512369</timestamp>
			</report>
			<report>
				<misses>3548001</misses>
				<total>5</total>
				<timestamp>1346.891951</timestamp>
			</report>
			<report>
				<misses>3549001</misses>
				<total>5</total>
				<timestamp>1347.271569</timestamp>
			</report>
			<report>
				<misses>3550001</misses>
				<total>5</total>
				<timestamp>1347.651200</timestamp>
			</report>
			<report>
				<misses>3551001</misses>
				<total>5</total>
				<timestamp>1348.030787</timestamp>
			</report>
			<report>
				<misses>3552001</misses>
				<total>5</total>
				<timestamp>1348.410425</timestamp>
			</report>
			<report>
				<misses>3553001</misses>
				<total>5</total>
				<timestamp>1348.790038</timestamp>
			</report>
			<report>
				<misses>3554001</misses>
				<total>5</total>
				<timestamp>1349.169680</timestamp>
			</report>
			<report>
				<misses>3555001</misses>
				<total>5</total>
				<timestamp>1349.549340</timestamp>
			</report>
			<report>
				<misses>3556001</misses>
				<total>5</total>
				<timestamp>1349.928901</timestamp>
			</report>
			<report>
				<misses>3557001</misses>
				<total>5</total>
				<timestamp>1350.308525</timestamp>
			</report>
			<report>
				<misses>3558001</misses>
				<total>5</total>
				<timestamp>1350.688188</timestamp>
			</report>
			<report>
				<misses>3559001</misses>
				<total>5</total>
				<timestamp>1351.067824</timestamp>
			</report>
			<report>
				<misses>3560001</misses>
				<total>5</total>
				<timestamp>1351.447416</timestamp>
			</report>
			<report>
				<misses>3561001</misses>
				<total>5</total>
				<timestamp>1351.826994</timestamp>
			</report>
			<report>
				<misses>3562001</misses>
				<total>5</total>
				<timestamp>1352.206618</timestamp>
			</report>
			<report>
				<misses>3563001</misses>
				<total>5</total>
				<timestamp>1352.586266</timestamp>
			</report>
			<report>
				<misses>3564001</misses>
				<total>5</total>
				<timestamp>1352.965872</timestamp>
			</report>
			<report>
				<misses>3565001</misses>
				<total>5</total>
				<timestamp>1353.345510</timestamp>
			</report>
			<report>
				<misses>3566001</misses>
				<total>5</total>
				<timestamp>1353.725124</timestamp>
			</report>
			<report>
				<misses>3567001</misses>
				<total>5</total>
				<timestamp>1354.104732</timestamp>
			</report>
			<report>
				<misses>3568001</misses>
				<total>5</total>
				<timestamp>1354.484375</timestamp>
			</report>
			<report>
				<misses>3569001</misses>
				<total>5</total>
				<timestamp>1354.863988</timestamp>
			</report>
			<report>
				<misses>3570001</misses>
				<total>5</total>
				<timestamp>1355.243601</timestamp>
			</report>
			<report>
				<misses>3571001</misses>
				<total>5</total>
				<timestamp>1355.623216</timestamp>
			</report>
			<report>
				<misses>3572001</misses>
				<total>5</total>
				<timestamp>1356.002871</timestamp>
			</report>
			<report>
				<misses>3573001</misses>
				<total>5</total>
				<timestamp>1356.382456</timestamp>
			</report>
			<report>
				<misses>3574001</misses>
				<total>5</total>
				<timestamp>1356.762084</timestamp>
			</report>
			<report>
				<misses>3575001</misses>
				<total>5</total>
				<timestamp>1357.141713</timestamp>
			</report>
			<report>
				<misses>3576001</misses>
				<total>5</total>
				<timestamp>1357.521322</timestamp>
			</report>
			<report>
				<misses>3577001</misses>
				<total>5</total>
				<timestamp>1357.900971</timestamp>
			</report>
			<report>
				<misses>3578001</misses>
				<total>5</total>
				<timestamp>1358.280554</timestamp>
			</report>
			<report>
				<misses>3579001</misses>
				<total>5</total>
				<timestamp>1358.660188</timestamp>
			</report>
			<report>
				<misses>3580001</misses>
				<total>5</total>
				<timestamp>1359.039769</timestamp>
			</report>
			<report>
				<misses>3581001</misses>
				<total>5</total>
				<timestamp>1359.419388</timestamp>
			</report>
			<report>
				<misses>3582001</misses>
				<total>5</total>
				<timestamp>1359.799032</timestamp>
			</report>
			<report>
				<misses>3583001</misses>
				<total>5</total>
				<timestamp>1360.178643</timestamp>
			</report>
			<report>
				<misses>3584001</misses>
				<total>5</total>
				<timestamp>1360.558265</timestamp>
			</report>
			<report>
				<misses>3585001</misses>
				<total>5</total>
				<timestamp>1360.937861</timestamp>
			</report>
			<report>
				<misses>3586001</misses>
				<total>5</total>
				<timestamp>1361.317544</timestamp>
			</report>
			<report>
				<misses>3587001</misses>
				<total>5</total>
				<timestamp>1361.697162</timestamp>
			</report>
			<report>
				<misses>3588001</misses>
				<total>5</total>
				<timestamp>1362.076742</timestamp>
			</report>
			<report>
				<misses>3589001</misses>
				<total>5</total>
				<timestamp>1362.456370</timestamp>
			</report>
			<report>
				<misses>3590001</misses>
				<total>5</total>
				<timestamp>1362.835998</timestamp>
			</report>
			<report>
				<misses>3591001</misses>
				<total>5</total>
				<timestamp>1363.215599</timestamp>
			</report>
			<report>
				<misses>3592001</misses>
				<total>5</total>
				<timestamp>1363.595267</timestamp>
			</report>
			<report>
				<misses>3593001</misses>
				<total>5</total>
				<timestamp>1363.974833</timestamp>
			</report>
			<report>
				<misses>3594001</misses>
				<total>5</total>
				<timestamp>1364.354502</timestamp>
			</report>
			<report>
				<misses>3595001</misses>
				<total>5</total>
				<timestamp>1364.734099</timestamp>
			</report>
			<report>
				<misses>3596001</misses>
				<total>5</total>
				<timestamp>1365.113713</timestamp>
			</report>
			<report>
				<misses>3597001</misses>
				<total>5</total>
				<timestamp>1365.493333</timestamp>
			</report>
			<report>
				<misses>3598001</misses>
				<total>5</total>
				<timestamp>1365.872962</timestamp>
			</report>
			<report>
				<misses>3599001</misses>
				<total>5</total>
				<timestamp>1366.252560</timestamp>
			</report>
			<report>
				<misses>3600001</misses>
				<total>5</total>
				<timestamp>1366.632195</timestamp>
			</report>
			<report>
				<misses>3601001</misses>
				<total>5</total>
				<timestamp>1367.011819</timestamp>
			</report>
			<report>
				<misses>3602001</misses>
				<total>5</total>
				<timestamp>1367.391431</timestamp>
			</report>
			<report>
				<misses>3603001</misses>
				<total>5</total>
				<timestamp>1367.771068</timestamp>
			</report>
			<report>
				<misses>3604001</misses>
				<total>5</total>
				<timestamp>1368.150658</timestamp>
			</report>
			<report>
				<misses>3605001</misses>
				<total>5</total>
				<timestamp>1368.530280</timestamp>
			</report>
			<report>
				<misses>3606001</misses>
				<total>5</total>
				<timestamp>1368.909903</timestamp>
			</report>
			<report>
				<misses>3607001</misses>
				<total>5</total>
				<timestamp>1369.289562</timestamp>
			</report>
			<report>
				<misses>3608001</misses>
				<total>5</total>
				<timestamp>1369.669165</timestamp>
			</report>
			<report>
				<misses>3609001</misses>
				<total>5</total>
				<timestamp>1370.048745</timestamp>
			</report>
			<report>
				<misses>3610001</misses>
				<total>5</total>
				<timestamp>1370.428388</timestamp>
			</report>
			<report>
				<misses>3611001</misses>
				<total>5</total>
				<timestamp>1370.808007</timestamp>
			</report>
			<report>
				<misses>3612001</misses>
				<total>5</total>
				<timestamp>1371.187629</timestamp>
			</report>
			<report>
				<misses>3613001</misses>
				<total>5</total>
				<timestamp>1371.567278</timestamp>
			</report>
			<report>
				<misses>3614001</misses>
				<total>5</total>
				<timestamp>1371.946861</timestamp>
			</report>
			<report>
				<misses>3615001</misses>
				<total>5</total>
				<timestamp>1372.326508</timestamp>
			</report>
			<report>
				<misses>3616001</misses>
				<total>5</total>
				<timestamp>1372.706106</timestamp>
			</report>
			<report>
				<misses>3617001</misses>
				<total>5</total>
				<timestamp>1373.085723</timestamp>
			</report>
			<report>
				<misses>3618001</misses>
				<total>5</total>
				<timestamp>1373.465323</timestamp>
			</report>
			<report>
				<misses>3619001</misses>
				<total>5</total>
				<timestamp>1373.845028</timestamp>
			</report>
			<report>
				<misses>3620001</misses>
				<total>5</total>
				<timestamp>1374.224569</timestamp>
			</report>
			<report>
				<misses>3621001</misses>
				<total>5</total>
				<timestamp>1374.604225</timestamp>
			</report>
			<report>
				<misses>3622001</misses>
				<total>5</total>
				<timestamp>1374.983815</timestamp>
			</report>
			<report>
				<misses>3623001</misses>
				<total>5</total>
				<timestamp>1375.363439</timestamp>
			</report>
			<report>
				<misses>3624001</misses>
				<total>5</total>
				<timestamp>1375.743090</timestamp>
			</report>
			<report>
				<misses>3625001</misses>
				<total>5</total>
				<timestamp>1376.122674</timestamp>
			</report>
			<report>
				<misses>3626001</misses>
				<total>5</total>
				<timestamp>1376.502330</timestamp>
			</report>
			<report>
				<misses>3627001</misses>
				<total>5</total>
				<timestamp>1376.881954</timestamp>
			</report>
			<report>
				<misses>3628001</misses>
				<total>5</total>
				<timestamp>1377.261541</timestamp>
			</report>
			<report>
				<misses>3629001</misses>
				<total>5</total>
				<timestamp>1377.641197</timestamp>
			</report>
			<report>
				<misses>3630001</misses>
				<total>5</total>
				<timestamp>1378.020775</timestamp>
			</report>
			<report>
				<misses>3631001</misses>
				<total>5</total>
				<timestamp>1378.400402</timestamp>
			</report>
			<report>
				<misses>3632001</misses>
				<total>5</total>
				<timestamp>1378.780027</timestamp>
			</report>
			<report>
				<misses>3633001</misses>
				<total>5</total>
				<timestamp>1379.159670</timestamp>
			</report>
			<report>
				<misses>3634001</misses>
				<total>5</total>
				<timestamp>1379.539294</timestamp>
			</report>
			<report>
				<misses>3635001</misses>
				<total>5</total>
				<timestamp>1379.918885</timestamp>
			</report>
			<report>
				<misses>3636001</misses>
				<total>5</total>
				<timestamp>1380.298529</timestamp>
			</report>
			<report>
				<misses>3637001</misses>
				<total>5</total>
				<timestamp>1380.678165</timestamp>
			</report>
			<report>
				<misses>3638001</misses>
				<total>5</total>
				<timestamp>1381.057745</timestamp>
			</report>
			<report>
				<misses>3639001</misses>
				<total>5</total>
				<timestamp>1381.437352</timestamp>
			</report>
			<report>
				<misses>3640001</misses>
				<total>5</total>
				<timestamp>1381.817057</timestamp>
			</report>
			<report>
				<misses>3641001</misses>
				<total>5</total>
				<timestamp>1382.196607</timestamp>
			</report>
			<report>
				<misses>3642001</misses>
				<total>5</total>
				<timestamp>1382.576246</timestamp>
			</report>
			<report>
				<misses>3643001</misses>
				<total>5</total>
				<timestamp>1382.955828</timestamp>
			</report>
			<report>
				<misses>3644001</misses>
				<total>5</total>
				<timestamp>1383.335461</timestamp>
			</report>
			<report>
				<misses>3645001</misses>
				<total>5</total>
				<timestamp>1383.715101</timestamp>
			</report>
			<report>
				<misses>3646001</misses>
				<total>5</total>
				<timestamp>1384.094711</timestamp>
			</report>
			<report>
				<misses>3647001</misses>
				<total>5</total>
				<timestamp>1384.474331</timestamp>
			</report>
			<report>
				<misses>3648001</misses>
				<total>5</total>
				<timestamp>1384.853945</timestamp>
			</report>
			<report>
				<misses>3649001</misses>
				<total>5</total>
				<timestamp>1385.233575</timestamp>
			</report>
			<report>
				<misses>3650001</misses>
				<total>5</total>
				<timestamp>1385.613217</timestamp>
			</report>
			<report>
				<misses>3651001</misses>
				<total>5</total>
				<timestamp>1385.992799</timestamp>
			</report>
			<report>
				<misses>3652001</misses>
				<total>5</total>
				<timestamp>1386.372457</timestamp>
			</report>
			<report>
				<misses>3653001</misses>
				<total>5</total>
				<timestamp>1386.752058</timestamp>
			</report>
			<report>
				<misses>3654001</misses>
				<total>5</total>
				<timestamp>1387.131724</timestamp>
			</report>
			<report>
				<misses>3655001</misses>
				<total>5</total>
				<timestamp>1387.511313</timestamp>
			</report>
			<report>
				<misses>3656001</misses>
				<total>5</total>
				<timestamp>1387.890889</timestamp>
			</report>
			<report>
				<misses>3657001</misses>
				<total>5</total>
				<timestamp>1388.270513</timestamp>
			</report>
			<report>
				<misses>3658001</misses>
				<total>5</total>
				<timestamp>1388.650142</timestamp>
			</report>
			<report>
				<misses>3659001</misses>
				<total>5</total>
				<timestamp>1389.029788</timestamp>
			</report>
			<report>
				<misses>3660001</misses>
				<total>5</total>
				<timestamp>1389.409375</timestamp>
			</report>
			<report>
				<misses>3661001</misses>
				<total>5</total>
				<timestamp>1389.789034</timestamp>
			</report>
			<report>
				<misses>3662001</misses>
				<total>5</total>
				<timestamp>1390.168618</timestamp>
			</report>
			<report>
				<misses>3663001</misses>
				<total>5</total>
				<timestamp>1390.548290</timestamp>
			</report>
			<report>
				<misses>3664001</misses>
				<total>5</total>
				<timestamp>1390.927873</timestamp>
			</report>
			<report>
				<misses>3665001</misses>
				<total>5</total>
				<timestamp>1391.307465</timestamp>
			</report>
			<report>
				<misses>3666001</misses>
				<total>5</total>
				<timestamp>1391.687116</timestamp>
			</report>
			<report>
				<misses>3667001</misses>
				<total>5</total>
				<timestamp>1392.066728</timestamp>
			</report>
			<report>
				<misses>3668001</misses>
				<total>5</total>
				<timestamp>1392.446368</timestamp>
			</report>
			<report>
				<misses>3669001</misses>
				<total>5</total>
				<timestamp>1392.825985</timestamp>
			</report>
			<report>
				<misses>3670001</misses>
				<total>5</total>
				<timestamp>1393.205581</timestamp>
			</report>
			<report>
				<misses>3671001</misses>
				<total>5</total>
				<timestamp>1393.585240</timestamp>
			</report>
			<report>
				<misses>3672001</misses>
				<total>5</total>
				<timestamp>1393.964822</timestamp>
			</report>
			<report>
				<misses>3673001</misses>
				<total>5</total>
				<timestamp>1394.344420</timestamp>
			</report>
			<report>
				<misses>3674001</misses>
				<total>5</total>
				<timestamp>1394.724108</timestamp>
			</report>
			<report>
				<misses>3675001</misses>
				<total>5</total>
				<timestamp>1395.103703</timestamp>
			</report>
			<report>
				<misses>3676001</misses>
				<total>5</total>
				<timestamp>1395.483315</timestamp>
			</report>
			<report>
				<misses>3677001</misses>
				<total>5</total>
				<timestamp>1395.862990</timestamp>
			</report>
			<report>
				<misses>3678001</misses>
				<total>5</total>
				<timestamp>1396.242544</timestamp>
			</report>
			<report>
				<misses>3679001</misses>
				<total>5</total>
				<timestamp>1396.622188</timestamp>
			</report>
			<report>
				<misses>3680001</misses>
				<total>5</total>
				<timestamp>1397.001794</timestamp>
			</report>
			<report>
				<misses>3681001</misses>
				<total>5</total>
				<timestamp>1397.381389</timestamp>
			</report>
			<report>
				<misses>3682001</misses>
				<total>5</total>
				<timestamp>1397.761057</timestamp>
			</report>
			<report>
				<misses>3683001</misses>
				<total>5</total>
				<timestamp>1398.140640</timestamp>
			</report>
			<report>
				<misses>3684001</misses>
				<total>5</total>
				<timestamp>1398.520272</timestamp>
			</report>
			<report>
				<misses>3685001</misses>
				<total>5</total>
				<timestamp>1398.899902</timestamp>
			</report>
			<report>
				<misses>3686001</misses>
				<total>5</total>
				<timestamp>1399.279512</timestamp>
			</report>
			<report>
				<misses>3687001</misses>
				<total>5</total>
				<timestamp>1399.659165</timestamp>
			</report>
			<report>
				<misses>3688001</misses>
				<total>5</total>
				<timestamp>1400.038739</timestamp>
			</report>
			<report>
				<misses>3689001</misses>
				<total>5</total>
				<timestamp>1400.418351</timestamp>
			</report>
			<report>
				<misses>3690001</misses>
				<total>5</total>
				<timestamp>1400.797986</timestamp>
			</report>
			<report>
				<misses>3691001</misses>
				<total>5</total>
				<timestamp>1401.177639</timestamp>
			</report>
			<report>
				<misses>3692001</misses>
				<total>5</total>
				<timestamp>1401.557245</timestamp>
			</report>
			<report>
				<misses>3693001</misses>
				<total>5</total>
				<timestamp>1401.936856</timestamp>
			</report>
			<report>
				<misses>3694001</misses>
				<total>5</total>
				<timestamp>1402.316449</timestamp>
			</report>
			<report>
				<misses>3695001</misses>
				<total>5</total>
				<timestamp>1402.696082</timestamp>
			</report>
			<report>
				<misses>3696001</misses>
				<total>5</total>
				<timestamp>1403.075704</timestamp>
			</report>
			<report>
				<misses>3697001</misses>
				<total>5</total>
				<timestamp>1403.455338</timestamp>
			</report>
			<report>
				<misses>3698001</misses>
				<total>5</total>
				<timestamp>1403.834949</timestamp>
			</report>
			<report>
				<misses>3699001</misses>
				<total>5</total>
				<timestamp>1404.214583</timestamp>
			</report>
			<report>
				<misses>3700001</misses>
				<total>5</total>
				<timestamp>1404.594181</timestamp>
			</report>
			<report>
				<misses>3701001</misses>
				<total>5</total>
				<timestamp>1404.973799</timestamp>
			</report>
			<report>
				<misses>3702001</misses>
				<total>5</total>
				<timestamp>1405.353435</timestamp>
			</report>
			<report>
				<misses>3703001</misses>
				<total>5</total>
				<timestamp>1405.733053</timestamp>
			</report>
			<report>
				<misses>3704001</misses>
				<total>5</total>
				<timestamp>1406.112664</timestamp>
			</report>
			<report>
				<misses>3705001</misses>
				<total>5</total>
				<timestamp>1406.492295</timestamp>
			</report>
			<report>
				<misses>3706001</misses>
				<total>5</total>
				<timestamp>1406.871922</timestamp>
			</report>
			<report>
				<misses>3707001</misses>
				<total>5</total>
				<timestamp>1407.251528</timestamp>
			</report>
			<report>
				<misses>3708001</misses>
				<total>5</total>
				<timestamp>1407.631153</timestamp>
			</report>
			<report>
				<misses>3709001</misses>
				<total>5</total>
				<timestamp>1408.010813</timestamp>
			</report>
			<report>
				<misses>3710001</misses>
				<total>5</total>
				<timestamp>1408.390387</timestamp>
			</report>
			<report>
				<misses>3711001</misses>
				<total>5</total>
				<timestamp>1408.770053</timestamp>
			</report>
			<report>
				<misses>3712001</misses>
				<total>5</total>
				<timestamp>1409.149630</timestamp>
			</report>
			<report>
				<misses>3713001</misses>
				<total>5</total>
				<timestamp>1409.529270</timestamp>
			</report>
			<report>
				<misses>3714001</misses>
				<total>5</total>
				<timestamp>1409.908883</timestamp>
			</report>
			<report>
				<misses>3715001</misses>
				<total>5</total>
				<timestamp>1410.288510</timestamp>
			</report>
			<report>
				<misses>3716001</misses>
				<total>5</total>
				<timestamp>1410.668138</timestamp>
			</report>
			<report>
				<misses>3717001</misses>
				<total>5</total>
				<timestamp>1411.047732</timestamp>
			</report>
			<report>
				<misses>3718001</misses>
				<total>5</total>
				<timestamp>1411.427349</timestamp>
			</report>
			<report>
				<misses>3719001</misses>
				<total>5</total>
				<timestamp>1411.806984</timestamp>
			</report>
			<report>
				<misses>3720001</misses>
				<total>5</total>
				<timestamp>1412.186583</timestamp>
			</report>
			<report>
				<misses>3721001</misses>
				<total>5</total>
				<timestamp>1412.566205</timestamp>
			</report>
			<report>
				<misses>3722001</misses>
				<total>5</total>
				<timestamp>1412.945858</timestamp>
			</report>
			<report>
				<misses>3723001</misses>
				<total>5</total>
				<timestamp>1413.325441</timestamp>
			</report>
			<report>
				<misses>3724001</misses>
				<total>5</total>
				<timestamp>1413.705093</timestamp>
			</report>
			<report>
				<misses>3725001</misses>
				<total>5</total>
				<timestamp>1414.084675</timestamp>
			</report>
			<report>
				<misses>3726001</misses>
				<total>5</total>
				<timestamp>1414.464335</timestamp>
			</report>
			<report>
				<misses>3727001</misses>
				<total>5</total>
				<timestamp>1414.843941</timestamp>
			</report>
			<report>
				<misses>3728001</misses>
				<total>5</total>
				<timestamp>1415.223537</timestamp>
			</report>
			<report>
				<misses>3729001</misses>
				<total>5</total>
				<timestamp>1415.603142</timestamp>
			</report>
			<report>
				<misses>3730001</misses>
				<total>5</total>
				<timestamp>1415.982827</timestamp>
			</report>
			<report>
				<misses>3731001</misses>
				<total>5</total>
				<timestamp>1416.362433</timestamp>
			</report>
			<report>
				<misses>3732001</misses>
				<total>5</total>
				<timestamp>1416.742057</timestamp>
			</report>
			<report>
				<misses>3733001</misses>
				<total>5</total>
				<timestamp>1417.121637</timestamp>
			</report>
			<report>
				<misses>3734001</misses>
				<total>5</total>
				<timestamp>1417.501274</timestamp>
			</report>
			<report>
				<misses>3735001</misses>
				<total>5</total>
				<timestamp>1417.880927</timestamp>
			</report>
			<report>
				<misses>3736001</misses>
				<total>5</total>
				<timestamp>1418.260491</timestamp>
			</report>
			<report>
				<misses>3737001</misses>
				<total>5</total>
				<timestamp>1418.640134</timestamp>
			</report>
			<report>
				<misses>3738001</misses>
				<total>5</total>
				<timestamp>1419.019729</timestamp>
			</report>
			<report>
				<misses>3739001</misses>
				<total>5</total>
				<timestamp>1419.399355</timestamp>
			</report>
			<report>
				<misses>3740001</misses>
				<total>5</total>
				<timestamp>1419.778974</timestamp>
			</report>
			<report>
				<misses>3741001</misses>
				<total>5</total>
				<timestamp>1420.158603</timestamp>
			</report>
			<report>
				<misses>3742001</misses>
				<total>5</total>
				<timestamp>1420.538253</timestamp>
			</report>
			<report>
				<misses>3743001</misses>
				<total>5</total>
				<timestamp>1420.917840</timestamp>
			</report>
			<report>
				<misses>3744001</misses>
				<total>5</total>
				<timestamp>1421.297477</timestamp>
			</report>
			<report>
				<misses>3745001</misses>
				<total>5</total>
				<timestamp>1421.677114</timestamp>
			</report>
			<report>
				<misses>3746001</misses>
				<total>5</total>
				<timestamp>1422.056694</timestamp>
			</report>
			<report>
				<misses>3747001</misses>
				<total>5</total>
				<timestamp>1422.436319</timestamp>
			</report>
			<report>
				<misses>3748001</misses>
				<total>5</total>
				<timestamp>1422.815943</timestamp>
			</report>
			<report>
				<misses>3749001</misses>
				<total>5</total>
				<timestamp>1423.195554</timestamp>
			</report>
			<report>
				<misses>3750001</misses>
				<total>5</total>
				<timestamp>1423.575177</timestamp>
			</report>
			<report>
				<misses>3751001</misses>
				<total>5</total>
				<timestamp>1423.954820</timestamp>
			</report>
			<report>
				<misses>3752001</misses>
				<total>5</total>
				<timestamp>1424.334404</timestamp>
			</report>
			<report>
				<misses>3753001</misses>
				<total>5</total>
				<timestamp>1424.714056</timestamp>
			</report>
			<report>
				<misses>3754001</misses>
				<total>5</total>
				<timestamp>1425.093670</timestamp>
			</report>
			<report>
				<misses>3755001</misses>
				<total>5</total>
				<timestamp>1425.473301</timestamp>
			</report>
			<report>
				<misses>3756001</misses>
				<total>5</total>
				<timestamp>1425.852913</timestamp>
			</report>
			<report>
				<misses>3757001</misses>
				<total>5</total>
				<timestamp>1426.232530</timestamp>
			</report>
			<report>
				<misses>3758001</misses>
				<total>5</total>
				<timestamp>1426.612169</timestamp>
			</report>
			<report>
				<misses>3759001</misses>
				<total>5</total>
				<timestamp>1426.991760</timestamp>
			</report>
			<report>
				<misses>3760001</misses>
				<total>5</total>
				<timestamp>1427.371387</timestamp>
			</report>
			<report>
				<misses>3761001</misses>
				<total>5</total>
				<timestamp>1427.751021</timestamp>
			</report>
			<report>
				<misses>3762001</misses>
				<total>5</total>
				<timestamp>1428.130632</timestamp>
			</report>
			<report>
				<misses>3763001</misses>
				<total>5</total>
				<timestamp>1428.510264</timestamp>
			</report>
			<report>
				<misses>3764001</misses>
				<total>5</total>
				<timestamp>1428.889892</timestamp>
			</report>
			<report>
				<misses>3765001</misses>
				<total>5</total>
				<timestamp>1429.269471</timestamp>
			</report>
			<report>
				<misses>3766001</misses>
				<total>5</total>
				<timestamp>1429.649134</timestamp>
			</report>
			<report>
				<misses>3767001</misses>
				<total>5</total>
				<timestamp>1430.028783</timestamp>
			</report>
			<report>
				<misses>3768001</misses>
				<total>5</total>
				<timestamp>1430.408384</timestamp>
			</report>
			<report>
				<misses>3769001</misses>
				<total>5</total>
				<timestamp>1430.787958</timestamp>
			</report>
			<report>
				<misses>3770001</misses>
				<total>5</total>
				<timestamp>1431.167574</timestamp>
			</report>
			<report>
				<misses>3771001</misses>
				<total>5</total>
				<timestamp>1431.547225</timestamp>
			</report>
			<report>
				<misses>3772001</misses>
				<total>5</total>
				<timestamp>1431.926836</timestamp>
			</report>
			<report>
				<misses>3773001</misses>
				<total>5</total>
				<timestamp>1432.306440</timestamp>
			</report>
			<report>
				<misses>3774001</misses>
				<total>5</total>
				<timestamp>1432.686079</timestamp>
			</report>
			<report>
				<misses>3775001</misses>
				<total>5</total>
				<timestamp>1433.065705</timestamp>
			</report>
			<report>
				<misses>3776001</misses>
				<total>5</total>
				<timestamp>1433.445316</timestamp>
			</report>
			<report>
				<misses>3777001</misses>
				<total>5</total>
				<timestamp>1433.824930</timestamp>
			</report>
			<report>
				<misses>3778001</misses>
				<total>5</total>
				<timestamp>1434.204527</timestamp>
			</report>
			<report>
				<misses>3779001</misses>
				<total>5</total>
				<timestamp>1434.584148</timestamp>
			</report>
			<report>
				<misses>3780001</misses>
				<total>5</total>
				<timestamp>1434.963824</timestamp>
			</report>
			<report>
				<misses>3781001</misses>
				<total>5</total>
				<timestamp>1435.343411</timestamp>
			</report>
			<report>
				<misses>3782001</misses>
				<total>5</total>
				<timestamp>1435.723019</timestamp>
			</report>
			<report>
				<misses>3783001</misses>
				<total>5</total>
				<timestamp>1436.102637</timestamp>
			</report>
			<report>
				<misses>3784001</misses>
				<total>5</total>
				<timestamp>1436.482255</timestamp>
			</report>
			<report>
				<misses>3785001</misses>
				<total>5</total>
				<timestamp>1436.861890</timestamp>
			</report>
			<report>
				<misses>3786001</misses>
				<total>5</total>
				<timestamp>1437.241492</timestamp>
			</report>
			<report>
				<misses>3787001</misses>
				<total>5</total>
				<timestamp>1437.621126</timestamp>
			</report>
			<report>
				<misses>3788001</misses>
				<total>5</total>
				<timestamp>1438.000738</timestamp>
			</report>
			<report>
				<misses>3789001</misses>
				<total>5</total>
				<timestamp>1438.380360</timestamp>
			</report>
			<report>
				<misses>3790001</misses>
				<total>5</total>
				<timestamp>1438.759974</timestamp>
			</report>
			<report>
				<misses>3791001</misses>
				<total>5</total>
				<timestamp>1439.139628</timestamp>
			</report>
			<report>
				<misses>3792001</misses>
				<total>5</total>
				<timestamp>1439.519233</timestamp>
			</report>
			<report>
				<misses>3793001</misses>
				<total>5</total>
				<timestamp>1439.898890</timestamp>
			</report>
			<report>
				<misses>3794001</misses>
				<total>5</total>
				<timestamp>1440.278467</timestamp>
			</report>
			<report>
				<misses>3795001</misses>
				<total>5</total>
				<timestamp>1440.658087</timestamp>
			</report>
			<report>
				<misses>3796001</misses>
				<total>5</total>
				<timestamp>1441.037751</timestamp>
			</report>
			<report>
				<misses>3797001</misses>
				<total>5</total>
				<timestamp>1441.417327</timestamp>
			</report>
			<report>
				<misses>3798001</misses>
				<total>5</total>
				<timestamp>1441.796950</timestamp>
			</report>
			<report>
				<misses>3799001</misses>
				<total>5</total>
				<timestamp>1442.176600</timestamp>
			</report>
			<report>
				<misses>3800001</misses>
				<total>5</total>
				<timestamp>1442.556183</timestamp>
			</report>
			<report>
				<misses>3801001</misses>
				<total>5</total>
				<timestamp>1442.935811</timestamp>
			</report>
			<report>
				<misses>3802001</misses>
				<total>6</total>
				<timestamp>1443.315426</timestamp>
			</report>
			<report>
				<misses>3803001</misses>
				<total>6</total>
				<timestamp>1443.695049</timestamp>
			</report>
			<report>
				<misses>3804001</misses>
				<total>6</total>
				<timestamp>1444.074695</timestamp>
			</report>
			<report>
				<misses>3805001</misses>
				<total>6</total>
				<timestamp>1444.454279</timestamp>
			</report>
			<report>
				<misses>3806001</misses>
				<total>6</total>
				<timestamp>1444.833905</timestamp>
			</report>
			<report>
				<misses>3807001</misses>
				<total>6</total>
				<timestamp>1445.213563</timestamp>
			</report>
			<report>
				<misses>3808001</misses>
				<total>6</total>
				<timestamp>1445.593158</timestamp>
			</report>
			<report>
				<misses>3809001</misses>
				<total>6</total>
				<timestamp>1445.972764</timestamp>
			</report>
			<report>
				<misses>3810001</misses>
				<total>6</total>
				<timestamp>1446.352388</timestamp>
			</report>
			<report>
				<misses>3811001</misses>
				<total>6</total>
				<timestamp>1446.732019</timestamp>
			</report>
			<report>
				<misses>3812001</misses>
				<total>6</total>
				<timestamp>1447.111660</timestamp>
			</report>
			<report>
				<misses>3813001</misses>
				<total>6</total>
				<timestamp>1447.491255</timestamp>
			</report>
			<report>
				<misses>3814001</misses>
				<total>6</total>
				<timestamp>1447.870877</timestamp>
			</report>
			<report>
				<misses>3815001</misses>
				<total>6</total>
				<timestamp>1448.250502</timestamp>
			</report>
			<report>
				<misses>3816001</misses>
				<total>6</total>
				<timestamp>1448.630111</timestamp>
			</report>
			<report>
				<misses>3817001</misses>
				<total>6</total>
				<timestamp>1449.009739</timestamp>
			</report>
			<report>
				<misses>3818001</misses>
				<total>6</total>
				<timestamp>1449.389329</timestamp>
			</report>
			<report>
				<misses>3819001</misses>
				<total>6</total>
				<timestamp>1449.768979</timestamp>
			</report>
			<report>
				<misses>3820001</misses>
				<total>6</total>
				<timestamp>1450.148649</timestamp>
			</report>
			<report>
				<misses>3821001</misses>
				<total>6</total>
				<timestamp>1450.528251</timestamp>
			</report>
			<report>
				<misses>3822001</misses>
				<total>6</total>
				<timestamp>1450.907856</timestamp>
			</report>
			<report>
				<misses>3823001</misses>
				<total>6</total>
				<timestamp>1451.287440</timestamp>
			</report>
			<report>
				<misses>3824001</misses>
				<total>6</total>
				<timestamp>1451.667063</timestamp>
			</report>
			<report>
				<misses>3825001</misses>
				<total>6</total>
				<timestamp>1452.046678</timestamp>
			</report>
			<report>
				<misses>3826001</misses>
				<total>6</total>
				<timestamp>1452.426294</timestamp>
			</report>
			<report>
				<misses>3827001</misses>
				<total>6</total>
				<timestamp>1452.805921</timestamp>
			</report>
			<report>
				<misses>3828001</misses>
				<total>6</total>
				<timestamp>1453.185571</timestamp>
			</report>
			<report>
				<misses>3829001</misses>
				<total>6</total>
				<timestamp>1453.565202</timestamp>
			</report>
			<report>
				<misses>3830001</misses>
				<total>6</total>
				<timestamp>1453.944820</timestamp>
			</report>
			<report>
				<misses>3831001</misses>
				<total>6</total>
				<timestamp>1454.324438</timestamp>
			</report>
			<report>
				<misses>3832001</misses>
				<total>6</total>
				<timestamp>1454.704027</timestamp>
			</report>
			<report>
				<misses>3833001</misses>
				<total>6</total>
				<timestamp>1455.083684</timestamp>
			</report>
			<report>
				<misses>3834001</misses>
				<total>6</total>
				<timestamp>1455.463317</timestamp>
			</report>
			<report>
				<misses>3835001</misses>
				<total>6</total>
				<timestamp>1455.842903</timestamp>
			</report>
			<report>
				<misses>3836001</misses>
				<total>6</total>
				<timestamp>1456.222505</timestamp>
			</report>
			<report>
				<misses>3837001</misses>
				<total>6</total>
				<timestamp>1456.602128</timestamp>
			</report>
			<report>
				<misses>3838001</misses>
				<total>6</total>
				<timestamp>1456.981755</timestamp>
			</report>
			<report>
				<misses>3839001</misses>
				<total>6</total>
				<timestamp>1457.361391</timestamp>
			</report>
			<report>
				<misses>3840001</misses>
				<total>6</total>
				<timestamp>1457.740984</timestamp>
			</report>
			<report>
				<misses>3841001</misses>
				<total>6</total>
				<timestamp>1458.120602</timestamp>
			</report>
			<report>
				<misses>3842001</misses>
				<total>6</total>
				<timestamp>1458.500257</timestamp>
			</report>
			<report>
				<misses>3843001</misses>
				<total>6</total>
				<timestamp>1458.879864</timestamp>
			</report>
			<report>
				<misses>3844001</misses>
				<total>6</total>
				<timestamp>1459.259475</timestamp>
			</report>
			<report>
				<misses>3845001</misses>
				<total>6</total>
				<timestamp>1459.639085</timestamp>
			</report>
			<report>
				<misses>3846001</misses>
				<total>6</total>
				<timestamp>1460.018729</timestamp>
			</report>
			<report>
				<misses>3847001</misses>
				<total>6</total>
				<timestamp>1460.398329</timestamp>
			</report>
			<report>
				<misses>3848001</misses>
				<total>6</total>
				<timestamp>1460.777936</timestamp>
			</report>
			<report>
				<misses>3849001</misses>
				<total>6</total>
				<timestamp>1461.157583</timestamp>
			</report>
			<report>
				<misses>3850001</misses>
				<total>6</total>
				<timestamp>1461.537173</timestamp>
			</report>
			<report>
				<misses>3851001</misses>
				<total>6</total>
				<timestamp>1461.916805</timestamp>
			</report>
			<report>
				<misses>3852001</misses>
				<total>6</total>
				<timestamp>1462.296423</timestamp>
			</report>
			<report>
				<misses>3853001</misses>
				<total>6</total>
				<timestamp>1462.676060</timestamp>
			</report>
			<report>
				<misses>3854001</misses>
				<total>6</total>
				<timestamp>1463.055666</timestamp>
			</report>
			<report>
				<misses>3855001</misses>
				<total>6</total>
				<timestamp>1463.435294</timestamp>
			</report>
			<report>
				<misses>3856001</misses>
				<total>6</total>
				<timestamp>1463.814905</timestamp>
			</report>
			<report>
				<misses>3857001</misses>
				<total>6</total>
				<timestamp>1464.194559</timestamp>
			</report>
			<report>
				<misses>3858001</misses>
				<total>6</total>
				<timestamp>1464.574131</timestamp>
			</report>
			<report>
				<misses>3859001</misses>
				<total>6</total>
				<timestamp>1464.953747</timestamp>
			</report>
			<report>
				<misses>3860001</misses>
				<total>6</total>
				<timestamp>1465.333380</timestamp>
			</report>
			<report>
				<misses>3861001</misses>
				<total>6</total>
				<timestamp>1465.713014</timestamp>
			</report>
			<report>
				<misses>3862001</misses>
				<total>6</total>
				<timestamp>1466.092642</timestamp>
			</report>
			<report>
				<misses>3863001</misses>
				<total>6</total>
				<timestamp>1466.472280</timestamp>
			</report>
			<report>
				<misses>3864001</misses>
				<total>6</total>
				<timestamp>1466.851871</timestamp>
			</report>
			<report>
				<misses>3865001</misses>
				<total>6</total>
				<timestamp>1467.231501</timestamp>
			</report>
			<report>
				<misses>3866001</misses>
				<total>6</total>
				<timestamp>1467.611145</timestamp>
			</report>
			<report>
				<misses>3867001</misses>
				<total>6</total>
				<timestamp>1467.990742</timestamp>
			</report>
			<report>
				<misses>3868001</misses>
				<total>6</total>
				<timestamp>1468.370335</timestamp>
			</report>
			<report>
				<misses>3869001</misses>
				<total>6</total>
				<timestamp>1468.749960</timestamp>
			</report>
			<report>
				<misses>3870001</misses>
				<total>6</total>
				<timestamp>1469.129627</timestamp>
			</report>
			<report>
				<misses>3871001</misses>
				<total>6</total>
				<timestamp>1469.509236</timestamp>
			</report>
			<report>
				<misses>3872001</misses>
				<total>6</total>
				<timestamp>1469.888834</timestamp>
			</report>
			<report>
				<misses>3873001</misses>
				<total>6</total>
				<timestamp>1470.268465</timestamp>
			</report>
			<report>
				<misses>3874001</misses>
				<total>6</total>
				<timestamp>1470.648059</timestamp>
			</report>
			<report>
				<misses>3875001</misses>
				<total>6</total>
				<timestamp>1471.027684</timestamp>
			</report>
			<report>
				<misses>3876001</misses>
				<total>6</total>
				<timestamp>1471.407308</timestamp>
			</report>
			<report>
				<misses>3877001</misses>
				<total>6</total>
				<timestamp>1471.786921</timestamp>
			</report>
			<report>
				<misses>3878001</misses>
				<total>6</total>
				<timestamp>1472.166557</timestamp>
			</report>
			<report>
				<misses>3879001</misses>
				<total>6</total>
				<timestamp>1472.546182</timestamp>
			</report>
			<report>
				<misses>3880001</misses>
				<total>6</total>
				<timestamp>1472.925781</timestamp>
			</report>
			<report>
				<misses>3881001</misses>
				<total>6</total>
				<timestamp>1473.305414</timestamp>
			</report>
			<report>
				<misses>3882001</misses>
				<total>6</total>
				<timestamp>1473.685010</timestamp>
			</report>
			<report>
				<misses>3883001</misses>
				<total>6</total>
				<timestamp>1474.064646</timestamp>
			</report>
			<report>
				<misses>3884001</misses>
				<total>6</total>
				<timestamp>1474.444273</timestamp>
			</report>
			<report>
				<misses>3885001</misses>
				<total>7</total>
				<timestamp>1474.823869</timestamp>
			</report>
			<report>
				<misses>3886001</misses>
				<total>7</total>
				<timestamp>1475.203526</timestamp>
			</report>
			<report>
				<misses>3887001</misses>
				<total>7</total>
				<timestamp>1475.583145</timestamp>
			</report>
			<report>
				<misses>3888001</misses>
				<total>7</total>
				<timestamp>1475.962745</timestamp>
			</report>
			<report>
				<misses>3889001</misses>
				<total>7</total>
				<timestamp>1476.342395</timestamp>
			</report>
			<report>
				<misses>3890001</misses>
				<total>7</total>
				<timestamp>1476.721972</timestamp>
			</report>
			<report>
				<misses>3891001</misses>
				<total>7</total>
				<timestamp>1477.101647</timestamp>
			</report>
			<report>
				<misses>3892001</misses>
				<total>7</total>
				<timestamp>1477.481256</timestamp>
			</report>
			<report>
				<misses>3893001</misses>
				<total>7</total>
				<timestamp>1477.860901</timestamp>
			</report>
			<report>
				<misses>3894001</misses>
				<total>7</total>
				<timestamp>1478.240475</timestamp>
			</report>
			<report>
				<misses>3895001</misses>
				<total>7</total>
				<timestamp>1478.620114</timestamp>
			</report>
			<report>
				<misses>3896001</misses>
				<total>7</total>
				<timestamp>1478.999696</timestamp>
			</report>
			<report>
				<misses>3897001</misses>
				<total>7</total>
				<timestamp>1479.379340</timestamp>
			</report>
			<report>
				<misses>3898001</misses>
				<total>7</total>
				<timestamp>1479.758932</timestamp>
			</report>
			<report>
				<misses>3899001</misses>
				<total>7</total>
				<timestamp>1480.138575</timestamp>
			</report>
			<report>
				<misses>3900001</misses>
				<total>7</total>
				<timestamp>1480.518176</timestamp>
			</report>
			<report>
				<misses>3901001</misses>
				<total>7</total>
				<timestamp>1480.897797</timestamp>
			</report>
			<report>
				<misses>3902001</misses>
				<total>7</total>
				<timestamp>1481.277475</timestamp>
			</report>
			<report>
				<misses>3903001</misses>
				<total>7</total>
				<timestamp>1481.657056</timestamp>
			</report>
			<report>
				<misses>3904001</misses>
				<total>7</total>
				<timestamp>1482.036694</timestamp>
			</report>
			<report>
				<misses>3905001</misses>
				<total>7</total>
				<timestamp>1482.416337</timestamp>
			</report>
			<report>
				<misses>3906001</misses>
				<total>7</total>
				<timestamp>1482.795888</timestamp>
			</report>
			<report>
				<misses>3907001</misses>
				<total>7</total>
				<timestamp>1483.175539</timestamp>
			</report>
			<report>
				<misses>3908001</misses>
				<total>7</total>
				<timestamp>1483.555163</timestamp>
			</report>
			<report>
				<misses>3909001</misses>
				<total>7</total>
				<timestamp>1483.934791</timestamp>
			</report>
			<report>
				<misses>3910001</misses>
				<total>7</total>
				<timestamp>1484.314410</timestamp>
			</report>
			<report>
				<misses>3911001</misses>
				<total>7</total>
				<timestamp>1484.694002</timestamp>
			</report>
			<report>
				<misses>3912001</misses>
				<total>7</total>
				<timestamp>1485.073629</timestamp>
			</report>
			<report>
				<misses>3913001</misses>
				<total>7</total>
				<timestamp>1485.453256</timestamp>
			</report>
			<report>
				<misses>3914001</misses>
				<total>7</total>
				<timestamp>1485.832854</timestamp>
			</report>
			<report>
				<misses>3915001</misses>
				<total>7</total>
				<timestamp>1486.212490</timestamp>
			</report>
			<report>
				<misses>3916001</misses>
				<total>7</total>
				<timestamp>1486.592100</timestamp>
			</report>
			<report>
				<misses>3917001</misses>
				<total>7</total>
				<timestamp>1486.971754</timestamp>
			</report>
			<report>
				<misses>3918001</misses>
				<total>7</total>
				<timestamp>1487.351387</timestamp>
			</report>
			<report>
				<misses>3919001</misses>
				<total>7</total>
				<timestamp>1487.730984</timestamp>
			</report>
			<report>
				<misses>3920001</misses>
				<total>7</total>
				<timestamp>1488.110620</timestamp>
			</report>
			<report>
				<misses>3921001</misses>
				<total>7</total>
				<timestamp>1488.490210</timestamp>
			</report>
			<report>
				<misses>3922001</misses>
				<total>7</total>
				<timestamp>1488.869832</timestamp>
			</report>
			<report>
				<misses>3923001</misses>
				<total>7</total>
				<timestamp>1489.249457</timestamp>
			</report>
			<report>
				<misses>3924001</misses>
				<total>7</total>
				<timestamp>1489.629090</timestamp>
			</report>
			<report>
				<misses>3925001</misses>
				<total>7</total>
				<timestamp>1490.008688</timestamp>
			</report>
			<report>
				<misses>3926001</misses>
				<total>7</total>
				<timestamp>1490.388334</timestamp>
			</report>
			<report>
				<misses>3927001</misses>
				<total>7</total>
				<timestamp>1490.767926</timestamp>
			</report>
			<report>
				<misses>3928001</misses>
				<total>7</total>
				<timestamp>1491.147559</timestamp>
			</report>
			<report>
				<misses>3929001</misses>
				<total>7</total>
				<timestamp>1491.527168</timestamp>
			</report>
			<report>
				<misses>3930001</misses>
				<total>7</total>
				<timestamp>1491.906775</timestamp>
			</report>
			<report>
				<misses>3931001</misses>
				<total>7</total>
				<timestamp>1492.286453</timestamp>
			</report>
			<report>
				<misses>3932001</misses>
				<total>7</total>
				<timestamp>1492.666035</timestamp>
			</report>
			<report>
				<misses>3933001</misses>
				<total>7</total>
				<timestamp>1493.045681</timestamp>
			</report>
			<report>
				<misses>3934001</misses>
				<total>7</total>
				<timestamp>1493.425312</timestamp>
			</report>
			<report>
				<misses>3935001</misses>
				<total>7</total>
				<timestamp>1493.804867</timestamp>
			</report>
			<report>
				<misses>3936001</misses>
				<total>7</total>
				<timestamp>1494.184512</timestamp>
			</report>
			<report>
				<misses>3937001</misses>
				<total>7</total>
				<timestamp>1494.564123</timestamp>
			</report>
			<report>
				<misses>3938001</misses>
				<total>7</total>
				<timestamp>1494.943806</timestamp>
			</report>
			<report>
				<misses>3939001</misses>
				<total>7</total>
				<timestamp>1495.323396</timestamp>
			</report>
			<report>
				<misses>3940001</misses>
				<total>7</total>
				<timestamp>1495.703000</timestamp>
			</report>
			<report>
				<misses>3941001</misses>
				<total>7</total>
				<timestamp>1496.082639</timestamp>
			</report>
			<report>
				<misses>3942001</misses>
				<total>7</total>
				<timestamp>1496.462233</timestamp>
			</report>
			<report>
				<misses>3943001</misses>
				<total>7</total>
				<timestamp>1496.841858</timestamp>
			</report>
			<report>
				<misses>3944001</misses>
				<total>7</total>
				<timestamp>1497.221459</timestamp>
			</report>
			<report>
				<misses>3945001</misses>
				<total>7</total>
				<timestamp>1497.601122</timestamp>
			</report>
			<report>
				<misses>3946001</misses>
				<total>7</total>
				<timestamp>1497.980734</timestamp>
			</report>
			<report>
				<misses>3947001</misses>
				<total>7</total>
				<timestamp>1498.360350</timestamp>
			</report>
			<report>
				<misses>3948001</misses>
				<total>7</total>
				<timestamp>1498.739953</timestamp>
			</report>
			<report>
				<misses>3949001</misses>
				<total>7</total>
				<timestamp>1499.119578</timestamp>
			</report>
			<report>
				<misses>3950001</misses>
				<total>7</total>
				<timestamp>1499.499200</timestamp>
			</report>
			<report>
				<misses>3951001</misses>
				<total>7</total>
				<timestamp>1499.878801</timestamp>
			</report>
			<report>
				<misses>3952001</misses>
				<total>7</total>
				<timestamp>1500.258439</timestamp>
			</report>
			<report>
				<misses>3953001</misses>
				<total>7</total>
				<timestamp>1500.638035</timestamp>
			</report>
			<report>
				<misses>3954001</misses>
				<total>7</total>
				<timestamp>1501.017708</timestamp>
			</report>
			<report>
				<misses>3955001</misses>
				<total>7</total>
				<timestamp>1501.397323</timestamp>
			</report>
			<report>
				<misses>3956001</misses>
				<total>7</total>
				<timestamp>1501.776900</timestamp>
			</report>
			<report>
				<misses>3957001</misses>
				<total>7</total>
				<timestamp>1502.156580</timestamp>
			</report>
			<report>
				<misses>3958001</misses>
				<total>7</total>
				<timestamp>1502.536165</timestamp>
			</report>
			<report>
				<misses>3959001</misses>
				<total>7</total>
				<timestamp>1502.915767</timestamp>
			</report>
			<report>
				<misses>3960001</misses>
				<total>7</total>
				<timestamp>1503.295416</timestamp>
			</report>
			<report>
				<misses>3961001</misses>
				<total>7</total>
				<timestamp>1503.675005</timestamp>
			</report>
			<report>
				<misses>3962001</misses>
				<total>7</total>
				<timestamp>1504.054633</timestamp>
			</report>
			<report>
				<misses>3963001</misses>
				<total>7</total>
				<timestamp>1504.434296</timestamp>
			</report>
			<report>
				<misses>3964001</misses>
				<total>7</total>
				<timestamp>1504.813854</timestamp>
			</report>
			<report>
				<misses>3965001</misses>
				<total>7</total>
				<timestamp>1505.193486</timestamp>
			</report>
			<report>
				<misses>3966001</misses>
				<total>7</total>
				<timestamp>1505.573117</timestamp>
			</report>
			<report>
				<misses>3967001</misses>
				<total>7</total>
				<timestamp>1505.952754</timestamp>
			</report>
			<report>
				<misses>3968001</misses>
				<total>7</total>
				<timestamp>1506.332393</timestamp>
			</report>
			<report>
				<misses>3969001</misses>
				<total>7</total>
				<timestamp>1506.711977</timestamp>
			</report>
			<report>
				<misses>3970001</misses>
				<total>7</total>
				<timestamp>1507.091599</timestamp>
			</report>
			<report>
				<misses>3971001</misses>
				<total>7</total>
				<timestamp>1507.471262</timestamp>
			</report>
			<report>
				<misses>3972001</misses>
				<total>7</total>
				<timestamp>1507.850843</timestamp>
			</report>
			<report>
				<misses>3973001</misses>
				<total>7</total>
				<timestamp>1508.230468</timestamp>
			</report>
			<report>
				<misses>3974001</misses>
				<total>7</total>
				<timestamp>1508.610054</timestamp>
			</report>
			<report>
				<misses>3975001</misses>
				<total>7</total>
				<timestamp>1508.989690</timestamp>
			</report>
			<report>
				<misses>3976001</misses>
				<total>7</total>
				<timestamp>1509.369299</timestamp>
			</report>
			<report>
				<misses>3977001</misses>
				<total>7</total>
				<timestamp>1509.748922</timestamp>
			</report>
			<report>
				<misses>3978001</misses>
				<total>7</total>
				<timestamp>1510.128541</timestamp>
			</report>
			<report>
				<misses>3979001</misses>
				<total>7</total>
				<timestamp>1510.508181</timestamp>
			</report>
			<report>
				<misses>3980001</misses>
				<total>7</total>
				<timestamp>1510.887771</timestamp>
			</report>
			<report>
				<misses>3981001</misses>
				<total>7</total>
				<timestamp>1511.267419</timestamp>
			</report>
			<report>
				<misses>3982001</misses>
				<total>7</total>
				<timestamp>1511.647018</timestamp>
			</report>
			<report>
				<misses>3983001</misses>
				<total>7</total>
				<timestamp>1512.026642</timestamp>
			</report>
			<report>
				<misses>3984001</misses>
				<total>7</total>
				<timestamp>1512.406319</timestamp>
			</report>
			<report>
				<misses>3985001</misses>
				<total>7</total>
				<timestamp>1512.785884</timestamp>
			</report>
			<report>
				<misses>3986001</misses>
				<total>7</total>
				<timestamp>1513.165505</timestamp>
			</report>
			<report>
				<misses>3987001</misses>
				<total>7</total>
				<timestamp>1513.545143</timestamp>
			</report>
			<report>
				<misses>3988001</misses>
				<total>7</total>
				<timestamp>1513.924750</timestamp>
			</report>
			<report>
				<misses>3989001</misses>
				<total>7</total>
				<timestamp>1514.304367</timestamp>
			</report>
			<report>
				<misses>3990001</misses>
				<total>7</total>
				<timestamp>1514.683995</timestamp>
			</report>
			<report>
				<misses>3991001</misses>
				<total>7</total>
				<timestamp>1515.063644</timestamp>
			</report>
			<report>
				<misses>3992001</misses>
				<total>7</total>
				<timestamp>1515.443239</timestamp>
			</report>
			<report>
				<misses>3993001</misses>
				<total>7</total>
				<timestamp>1515.822846</timestamp>
			</report>
			<report>
				<misses>3994001</misses>
				<total>7</total>
				<timestamp>1516.202480</timestamp>
			</report>
			<report>
				<misses>3995001</misses>
				<total>7</total>
				<timestamp>1516.582092</timestamp>
			</report>
			<report>
				<misses>3996001</misses>
				<total>7</total>
				<timestamp>1516.961711</timestamp>
			</report>
			<report>
				<misses>3997001</misses>
				<total>7</total>
				<timestamp>1517.341324</timestamp>
			</report>
			<report>
				<misses>3998001</misses>
				<total>7</total>
				<timestamp>1517.720960</timestamp>
			</report>
			<report>
				<misses>3999001</misses>
				<total>7</total>
				<timestamp>1518.100589</timestamp>
			</report>
			<report>
				<misses>4000001</misses>
				<total>7</total>
				<timestamp>1518.480235</timestamp>
			</report>
			<report>
				<misses>4001001</misses>
				<total>7</total>
				<timestamp>1518.859796</timestamp>
			</report>
			<report>
				<misses>4002001</misses>
				<total>7</total>
				<timestamp>1519.239408</timestamp>
			</report>
			<report>
				<misses>4003001</misses>
				<total>7</total>
				<timestamp>1519.619038</timestamp>
			</report>
			<report>
				<misses>4004001</misses>
				<total>7</total>
				<timestamp>1519.998704</timestamp>
			</report>
			<report>
				<misses>4005001</misses>
				<total>7</total>
				<timestamp>1520.378293</timestamp>
			</report>
			<report>
				<misses>4006001</misses>
				<total>7</total>
				<timestamp>1520.757944</timestamp>
			</report>
			<report>
				<misses>4007001</misses>
				<total>7</total>
				<timestamp>1521.137582</timestamp>
			</report>
			<report>
				<misses>4008001</misses>
				<total>7</total>
				<timestamp>1521.517170</timestamp>
			</report>
			<report>
				<misses>4009001</misses>
				<total>7</total>
				<timestamp>1521.896780</timestamp>
			</report>
			<report>
				<misses>4010001</misses>
				<total>7</total>
				<timestamp>1522.276402</timestamp>
			</report>
			<report>
				<misses>4011001</misses>
				<total>7</total>
				<timestamp>1522.656026</timestamp>
			</report>
			<report>
				<misses>4012001</misses>
				<total>7</total>
				<timestamp>1523.035621</timestamp>
			</report>
			<report>
				<misses>4013001</misses>
				<total>7</total>
				<timestamp>1523.415300</timestamp>
			</report>
			<report>
				<misses>4014001</misses>
				<total>7</total>
				<timestamp>1523.794880</timestamp>
			</report>
			<report>
				<misses>4015001</misses>
				<total>7</total>
				<timestamp>1524.174468</timestamp>
			</report>
			<report>
				<misses>4016001</misses>
				<total>7</total>
				<timestamp>1524.554145</timestamp>
			</report>
			<report>
				<misses>4017001</misses>
				<total>7</total>
				<timestamp>1524.933731</timestamp>
			</report>
			<report>
				<misses>4018001</misses>
				<total>7</total>
				<timestamp>1525.313350</timestamp>
			</report>
			<report>
				<misses>4019001</misses>
				<total>7</total>
				<timestamp>1525.692977</timestamp>
			</report>
			<report>
				<misses>4020001</misses>
				<total>7</total>
				<timestamp>1526.072613</timestamp>
			</report>
			<report>
				<misses>4021001</misses>
				<total>7</total>
				<timestamp>1526.452228</timestamp>
			</report>
			<report>
				<misses>4022001</misses>
				<total>7</total>
				<timestamp>1526.831825</timestamp>
			</report>
			<report>
				<misses>4023001</misses>
				<total>7</total>
				<timestamp>1527.211464</timestamp>
			</report>
			<report>
				<misses>4024001</misses>
				<total>7</total>
				<timestamp>1527.591089</timestamp>
			</report>
			<report>
				<misses>4025001</misses>
				<total>7</total>
				<timestamp>1527.970684</timestamp>
			</report>
			<report>
				<misses>4026001</misses>
				<total>7</total>
				<timestamp>1528.350319</timestamp>
			</report>
			<report>
				<misses>4027001</misses>
				<total>7</total>
				<timestamp>1528.729933</timestamp>
			</report>
			<report>
				<misses>4028001</misses>
				<total>7</total>
				<timestamp>1529.109570</timestamp>
			</report>
			<report>
				<misses>4029001</misses>
				<total>7</total>
				<timestamp>1529.489166</timestamp>
			</report>
			<report>
				<misses>4030001</misses>
				<total>7</total>
				<timestamp>1529.868795</timestamp>
			</report>
			<report>
				<misses>4031001</misses>
				<total>7</total>
				<timestamp>1530.248391</timestamp>
			</report>
			<report>
				<misses>4032001</misses>
				<total>7</total>
				<timestamp>1530.628032</timestamp>
			</report>
			<report>
				<misses>4033001</misses>
				<total>7</total>
				<timestamp>1531.007627</timestamp>
			</report>
			<report>
				<misses>4034001</misses>
				<total>7</total>
				<timestamp>1531.387295</timestamp>
			</report>
			<report>
				<misses>4035001</misses>
				<total>7</total>
				<timestamp>1531.766884</timestamp>
			</report>
			<report>
				<misses>4036001</misses>
				<total>7</total>
				<timestamp>1532.146519</timestamp>
			</report>
			<report>
				<misses>4037001</misses>
				<total>7</total>
				<timestamp>1532.526131</timestamp>
			</report>
			<report>
				<misses>4038001</misses>
				<total>7</total>
				<timestamp>1532.905727</timestamp>
			</report>
			<report>
				<misses>4039001</misses>
				<total>7</total>
				<timestamp>1533.285368</timestamp>
			</report>
			<report>
				<misses>4040001</misses>
				<total>7</total>
				<timestamp>1533.664979</timestamp>
			</report>
			<report>
				<misses>4041001</misses>
				<total>7</total>
				<timestamp>1534.044616</timestamp>
			</report>
			<report>
				<misses>4042001</misses>
				<total>7</total>
				<timestamp>1534.424248</timestamp>
			</report>
			<report>
				<misses>4043001</misses>
				<total>7</total>
				<timestamp>1534.803857</timestamp>
			</report>
			<report>
				<misses>4044001</misses>
				<total>7</total>
				<timestamp>1535.183455</timestamp>
			</report>
			<report>
				<misses>4045001</misses>
				<total>7</total>
				<timestamp>1535.563132</timestamp>
			</report>
			<report>
				<misses>4046001</misses>
				<total>7</total>
				<timestamp>1535.942710</timestamp>
			</report>
			<report>
				<misses>4047001</misses>
				<total>7</total>
				<timestamp>1536.322326</timestamp>
			</report>
			<report>
				<misses>4048001</misses>
				<total>7</total>
				<timestamp>1536.701931</timestamp>
			</report>
			<report>
				<misses>4049001</misses>
				<total>7</total>
				<timestamp>1537.081561</timestamp>
			</report>
			<report>
				<misses>4050001</misses>
				<total>7</total>
				<timestamp>1537.461193</timestamp>
			</report>
			<report>
				<misses>4051001</misses>
				<total>7</total>
				<timestamp>1537.840861</timestamp>
			</report>
			<report>
				<misses>4052001</misses>
				<total>7</total>
				<timestamp>1538.220445</timestamp>
			</report>
			<report>
				<misses>4053001</misses>
				<total>7</total>
				<timestamp>1538.600083</timestamp>
			</report>
			<report>
				<misses>4054001</misses>
				<total>7</total>
				<timestamp>1538.979664</timestamp>
			</report>
			<report>
				<misses>4055001</misses>
				<total>7</total>
				<timestamp>1539.359290</timestamp>
			</report>
			<report>
				<misses>4056001</misses>
				<total>7</total>
				<timestamp>1539.738897</timestamp>
			</report>
			<report>
				<misses>4057001</misses>
				<total>7</total>
				<timestamp>1540.118529</timestamp>
			</report>
			<report>
				<misses>4058001</misses>
				<total>7</total>
				<timestamp>1540.498168</timestamp>
			</report>
			<report>
				<misses>4059001</misses>
				<total>7</total>
				<timestamp>1540.877758</timestamp>
			</report>
			<report>
				<misses>4060001</misses>
				<total>7</total>
				<timestamp>1541.257379</timestamp>
			</report>
			<report>
				<misses>4061001</misses>
				<total>7</total>
				<timestamp>1541.637034</timestamp>
			</report>
			<report>
				<misses>4062001</misses>
				<total>7</total>
				<timestamp>1542.016671</timestamp>
			</report>
			<report>
				<misses>4063001</misses>
				<total>7</total>
				<timestamp>1542.396265</timestamp>
			</report>
			<report>
				<misses>4064001</misses>
				<total>7</total>
				<timestamp>1542.775868</timestamp>
			</report>
			<report>
				<misses>4065001</misses>
				<total>7</total>
				<timestamp>1543.155517</timestamp>
			</report>
			<report>
				<misses>4066001</misses>
				<total>7</total>
				<timestamp>1543.535203</timestamp>
			</report>
			<report>
				<misses>4067001</misses>
				<total>7</total>
				<timestamp>1543.914722</timestamp>
			</report>
			<report>
				<misses>4068001</misses>
				<total>7</total>
				<timestamp>1544.294364</timestamp>
			</report>
			<report>
				<misses>4069001</misses>
				<total>7</total>
				<timestamp>1544.674019</timestamp>
			</report>
			<report>
				<misses>4070001</misses>
				<total>7</total>
				<timestamp>1545.053578</timestamp>
			</report>
			<report>
				<misses>4071001</misses>
				<total>7</total>
				<timestamp>1545.433212</timestamp>
			</report>
			<report>
				<misses>4072001</misses>
				<total>7</total>
				<timestamp>1545.812821</timestamp>
			</report>
			<report>
				<misses>4073001</misses>
				<total>7</total>
				<timestamp>1546.192468</timestamp>
			</report>
			<report>
				<misses>4074001</misses>
				<total>7</total>
				<timestamp>1546.572101</timestamp>
			</report>
			<report>
				<misses>4075001</misses>
				<total>7</total>
				<timestamp>1546.951697</timestamp>
			</report>
			<report>
				<misses>4076001</misses>
				<total>7</total>
				<timestamp>1547.331312</timestamp>
			</report>
			<report>
				<misses>4077001</misses>
				<total>7</total>
				<timestamp>1547.710925</timestamp>
			</report>
			<report>
				<misses>4078001</misses>
				<total>7</total>
				<timestamp>1548.090570</timestamp>
			</report>
			<report>
				<misses>4079001</misses>
				<total>7</total>
				<timestamp>1548.470164</timestamp>
			</report>
			<report>
				<misses>4080001</misses>
				<total>7</total>
				<timestamp>1548.849818</timestamp>
			</report>
			<report>
				<misses>4081001</misses>
				<total>7</total>
				<timestamp>1549.229400</timestamp>
			</report>
			<report>
				<misses>4082001</misses>
				<total>7</total>
				<timestamp>1549.609036</timestamp>
			</report>
			<report>
				<misses>4083001</misses>
				<total>7</total>
				<timestamp>1549.988636</timestamp>
			</report>
			<report>
				<misses>4084001</misses>
				<total>7</total>
				<timestamp>1550.368278</timestamp>
			</report>
			<report>
				<misses>4085001</misses>
				<total>7</total>
				<timestamp>1550.747911</timestamp>
			</report>
			<report>
				<misses>4086001</misses>
				<total>7</total>
				<timestamp>1551.127494</timestamp>
			</report>
			<report>
				<misses>4087001</misses>
				<total>7</total>
				<timestamp>1551.507123</timestamp>
			</report>
			<report>
				<misses>4088001</misses>
				<total>7</total>
				<timestamp>1551.886769</timestamp>
			</report>
			<report>
				<misses>4089001</misses>
				<total>7</total>
				<timestamp>1552.266369</timestamp>
			</report>
			<report>
				<misses>4090001</misses>
				<total>7</total>
				<timestamp>1552.645989</timestamp>
			</report>
			<report>
				<misses>4091001</misses>
				<total>7</total>
				<timestamp>1553.025587</timestamp>
			</report>
			<report>
				<misses>4092001</misses>
				<total>7</total>
				<timestamp>1553.405267</timestamp>
			</report>
			<report>
				<misses>4093001</misses>
				<total>7</total>
				<timestamp>1553.784836</timestamp>
			</report>
			<report>
				<misses>4094001</misses>
				<total>7</total>
				<timestamp>1554.164490</timestamp>
			</report>
			<report>
				<misses>4095001</misses>
				<total>7</total>
				<timestamp>1554.544104</timestamp>
			</report>
			<report>
				<misses>4096001</misses>
				<total>7</total>
				<timestamp>1554.923716</timestamp>
			</report>
			<report>
				<misses>4097001</misses>
				<total>7</total>
				<timestamp>1555.303317</timestamp>
			</report>
			<report>
				<misses>4098001</misses>
				<total>7</total>
				<timestamp>1555.683014</timestamp>
			</report>
			<report>
				<misses>4099001</misses>
				<total>7</total>
				<timestamp>1556.062565</timestamp>
			</report>
			<report>
				<misses>4100001</misses>
				<total>7</total>
				<timestamp>1556.442175</timestamp>
			</report>
			<report>
				<misses>4101001</misses>
				<total>7</total>
				<timestamp>1556.821798</timestamp>
			</report>
			<report>
				<misses>4102001</misses>
				<total>7</total>
				<timestamp>1557.201412</timestamp>
			</report>
			<report>
				<misses>4103001</misses>
				<total>7</total>
				<timestamp>1557.581042</timestamp>
			</report>
			<report>
				<misses>4104001</misses>
				<total>7</total>
				<timestamp>1557.960654</timestamp>
			</report>
			<report>
				<misses>4105001</misses>
				<total>7</total>
				<timestamp>1558.340300</timestamp>
			</report>
			<report>
				<misses>4106001</misses>
				<total>7</total>
				<timestamp>1558.719958</timestamp>
			</report>
			<report>
				<misses>4107001</misses>
				<total>7</total>
				<timestamp>1559.099560</timestamp>
			</report>
			<report>
				<misses>4108001</misses>
				<total>7</total>
				<timestamp>1559.479150</timestamp>
			</report>
			<report>
				<misses>4109001</misses>
				<total>7</total>
				<timestamp>1559.858771</timestamp>
			</report>
			<report>
				<misses>4110001</misses>
				<total>7</total>
				<timestamp>1560.238366</timestamp>
			</report>
			<report>
				<misses>4111001</misses>
				<total>7</total>
				<timestamp>1560.618068</timestamp>
			</report>
			<report>
				<misses>4112001</misses>
				<total>7</total>
				<timestamp>1560.997638</timestamp>
			</report>
			<report>
				<misses>4113001</misses>
				<total>7</total>
				<timestamp>1561.377260</timestamp>
			</report>
			<report>
				<misses>4114001</misses>
				<total>7</total>
				<timestamp>1561.756959</timestamp>
			</report>
			<report>
				<misses>4115001</misses>
				<total>7</total>
				<timestamp>1562.136465</timestamp>
			</report>
			<report>
				<misses>4116001</misses>
				<total>7</total>
				<timestamp>1562.516094</timestamp>
			</report>
			<report>
				<misses>4117001</misses>
				<total>7</total>
				<timestamp>1562.895717</timestamp>
			</report>
			<report>
				<misses>4118001</misses>
				<total>7</total>
				<timestamp>1563.275342</timestamp>
			</report>
			<report>
				<misses>4119001</misses>
				<total>7</total>
				<timestamp>1563.654963</timestamp>
			</report>
			<report>
				<misses>4120001</misses>
				<total>7</total>
				<timestamp>1564.034578</timestamp>
			</report>
			<report>
				<misses>4121001</misses>
				<total>7</total>
				<timestamp>1564.414228</timestamp>
			</report>
			<report>
				<misses>4122001</misses>
				<total>7</total>
				<timestamp>1564.793829</timestamp>
			</report>
			<report>
				<misses>4123001</misses>
				<total>7</total>
				<timestamp>1565.173473</timestamp>
			</report>
			<report>
				<misses>4124001</misses>
				<total>7</total>
				<timestamp>1565.553057</timestamp>
			</report>
			<report>
				<misses>4125001</misses>
				<total>7</total>
				<timestamp>1565.932725</timestamp>
			</report>
			<report>
				<misses>4126001</misses>
				<total>7</total>
				<timestamp>1566.312350</timestamp>
			</report>
			<report>
				<misses>4127001</misses>
				<total>7</total>
				<timestamp>1566.691948</timestamp>
			</report>
			<report>
				<misses>4128001</misses>
				<total>7</total>
				<timestamp>1567.071552</timestamp>
			</report>
			<report>
				<misses>4129001</misses>
				<total>7</total>
				<timestamp>1567.451157</timestamp>
			</report>
			<report>
				<misses>4130001</misses>
				<total>7</total>
				<timestamp>1567.830779</timestamp>
			</report>
			<report>
				<misses>4131001</misses>
				<total>7</total>
				<timestamp>1568.210408</timestamp>
			</report>
			<report>
				<misses>4132001</misses>
				<total>7</total>
				<timestamp>1568.590020</timestamp>
			</report>
			<report>
				<misses>4133001</misses>
				<total>7</total>
				<timestamp>1568.969650</timestamp>
			</report>
			<report>
				<misses>4134001</misses>
				<total>7</total>
				<timestamp>1569.349269</timestamp>
			</report>
			<report>
				<misses>4135001</misses>
				<total>7</total>
				<timestamp>1569.728924</timestamp>
			</report>
			<report>
				<misses>4136001</misses>
				<total>7</total>
				<timestamp>1570.108514</timestamp>
			</report>
			<report>
				<misses>4137001</misses>
				<total>7</total>
				<timestamp>1570.488133</timestamp>
			</report>
			<report>
				<misses>4138001</misses>
				<total>7</total>
				<timestamp>1570.867778</timestamp>
			</report>
			<report>
				<misses>4139001</misses>
				<total>7</total>
				<timestamp>1571.247360</timestamp>
			</report>
			<report>
				<misses>4140001</misses>
				<total>7</total>
				<timestamp>1571.626985</timestamp>
			</report>
			<report>
				<misses>4141001</misses>
				<total>7</total>
				<timestamp>1572.006625</timestamp>
			</report>
			<report>
				<misses>4142001</misses>
				<total>7</total>
				<timestamp>1572.386250</timestamp>
			</report>
			<report>
				<misses>4143001</misses>
				<total>7</total>
				<timestamp>1572.765881</timestamp>
			</report>
			<report>
				<misses>4144001</misses>
				<total>7</total>
				<timestamp>1573.145498</timestamp>
			</report>
			<report>
				<misses>4145001</misses>
				<total>7</total>
				<timestamp>1573.525093</timestamp>
			</report>
			<report>
				<misses>4146001</misses>
				<total>7</total>
				<timestamp>1573.904715</timestamp>
			</report>
			<report>
				<misses>4147001</misses>
				<total>7</total>
				<timestamp>1574.284356</timestamp>
			</report>
			<report>
				<misses>4148001</misses>
				<total>7</total>
				<timestamp>1574.663998</timestamp>
			</report>
			<report>
				<misses>4149001</misses>
				<total>7</total>
				<timestamp>1575.043560</timestamp>
			</report>
			<report>
				<misses>4150001</misses>
				<total>7</total>
				<timestamp>1575.423177</timestamp>
			</report>
			<report>
				<misses>4151001</misses>
				<total>7</total>
				<timestamp>1575.802864</timestamp>
			</report>
			<report>
				<misses>4152001</misses>
				<total>7</total>
				<timestamp>1576.182444</timestamp>
			</report>
			<report>
				<misses>4153001</misses>
				<total>7</total>
				<timestamp>1576.562033</timestamp>
			</report>
			<report>
				<misses>4154001</misses>
				<total>7</total>
				<timestamp>1576.941679</timestamp>
			</report>
			<report>
				<misses>4155001</misses>
				<total>7</total>
				<timestamp>1577.321327</timestamp>
			</report>
			<report>
				<misses>4156001</misses>
				<total>7</total>
				<timestamp>1577.700923</timestamp>
			</report>
			<report>
				<misses>4157001</misses>
				<total>7</total>
				<timestamp>1578.080527</timestamp>
			</report>
			<report>
				<misses>4158001</misses>
				<total>7</total>
				<timestamp>1578.460146</timestamp>
			</report>
			<report>
				<misses>4159001</misses>
				<total>7</total>
				<timestamp>1578.839855</timestamp>
			</report>
			<report>
				<misses>4160001</misses>
				<total>7</total>
				<timestamp>1579.219379</timestamp>
			</report>
			<report>
				<misses>4161001</misses>
				<total>7</total>
				<timestamp>1579.599006</timestamp>
			</report>
			<report>
				<misses>4162001</misses>
				<total>7</total>
				<timestamp>1579.978633</timestamp>
			</report>
			<report>
				<misses>4163001</misses>
				<total>7</total>
				<timestamp>1580.358297</timestamp>
			</report>
			<report>
				<misses>4164001</misses>
				<total>7</total>
				<timestamp>1580.737878</timestamp>
			</report>
			<report>
				<misses>4165001</misses>
				<total>7</total>
				<timestamp>1581.117482</timestamp>
			</report>
			<report>
				<misses>4166001</misses>
				<total>7</total>
				<timestamp>1581.497117</timestamp>
			</report>
			<report>
				<misses>4167001</misses>
				<total>7</total>
				<timestamp>1581.876765</timestamp>
			</report>
			<report>
				<misses>4168001</misses>
				<total>7</total>
				<timestamp>1582.256374</timestamp>
			</report>
			<report>
				<misses>4169001</misses>
				<total>7</total>
				<timestamp>1582.635988</timestamp>
			</report>
			<report>
				<misses>4170001</misses>
				<total>7</total>
				<timestamp>1583.015583</timestamp>
			</report>
			<report>
				<misses>4171001</misses>
				<total>7</total>
				<timestamp>1583.395229</timestamp>
			</report>
			<report>
				<misses>4172001</misses>
				<total>7</total>
				<timestamp>1583.774845</timestamp>
			</report>
			<report>
				<misses>4173001</misses>
				<total>7</total>
				<timestamp>1584.154474</timestamp>
			</report>
			<report>
				<misses>4174001</misses>
				<total>7</total>
				<timestamp>1584.534047</timestamp>
			</report>
			<report>
				<misses>4175001</misses>
				<total>7</total>
				<timestamp>1584.913709</timestamp>
			</report>
			<report>
				<misses>4176001</misses>
				<total>7</total>
				<timestamp>1585.293292</timestamp>
			</report>
			<report>
				<misses>4177001</misses>
				<total>7</total>
				<timestamp>1585.672923</timestamp>
			</report>
			<report>
				<misses>4178001</misses>
				<total>7</total>
				<timestamp>1586.052587</timestamp>
			</report>
			<report>
				<misses>4179001</misses>
				<total>7</total>
				<timestamp>1586.432149</timestamp>
			</report>
			<report>
				<misses>4180001</misses>
				<total>7</total>
				<timestamp>1586.811798</timestamp>
			</report>
			<report>
				<misses>4181001</misses>
				<total>7</total>
				<timestamp>1587.191403</timestamp>
			</report>
			<report>
				<misses>4182001</misses>
				<total>7</total>
				<timestamp>1587.571035</timestamp>
			</report>
			<report>
				<misses>4183001</misses>
				<total>7</total>
				<timestamp>1587.950658</timestamp>
			</report>
			<report>
				<misses>4184001</misses>
				<total>7</total>
				<timestamp>1588.330320</timestamp>
			</report>
			<report>
				<misses>4185001</misses>
				<total>7</total>
				<timestamp>1588.709919</timestamp>
			</report>
			<report>
				<misses>4186001</misses>
				<total>7</total>
				<timestamp>1589.089498</timestamp>
			</report>
			<report>
				<misses>4187001</misses>
				<total>7</total>
				<timestamp>1589.469125</timestamp>
			</report>
			<report>
				<misses>4188001</misses>
				<total>7</total>
				<timestamp>1589.848762</timestamp>
			</report>
			<report>
				<misses>4189001</misses>
				<total>7</total>
				<timestamp>1590.228373</timestamp>
			</report>
			<report>
				<misses>4190001</misses>
				<total>7</total>
				<timestamp>1590.607970</timestamp>
			</report>
			<report>
				<misses>4191001</misses>
				<total>7</total>
				<timestamp>1590.987599</timestamp>
			</report>
			<report>
				<misses>4192001</misses>
				<total>7</total>
				<timestamp>1591.367261</timestamp>
			</report>
			<report>
				<misses>4193001</misses>
				<total>7</total>
				<timestamp>1591.746864</timestamp>
			</report>
			<report>
				<misses>4194001</misses>
				<total>7</total>
				<timestamp>1592.126464</timestamp>
			</report>
			<report>
				<misses>4195001</misses>
				<total>7</total>
				<timestamp>1592.506091</timestamp>
			</report>
			<report>
				<misses>4196001</misses>
				<total>7</total>
				<timestamp>1592.885717</timestamp>
			</report>
			<report>
				<misses>4197001</misses>
				<total>7</total>
				<timestamp>1593.265304</timestamp>
			</report>
			<report>
				<misses>4198001</misses>
				<total>7</total>
				<timestamp>1593.644936</timestamp>
			</report>
			<report>
				<misses>4199001</misses>
				<total>7</total>
				<timestamp>1594.024552</timestamp>
			</report>
			<report>
				<misses>4200001</misses>
				<total>7</total>
				<timestamp>1594.404186</timestamp>
			</report>
			<report>
				<misses>4201001</misses>
				<total>7</total>
				<timestamp>1594.783820</timestamp>
			</report>
			<report>
				<misses>4202001</misses>
				<total>7</total>
				<timestamp>1595.163424</timestamp>
			</report>
			<report>
				<misses>4203001</misses>
				<total>7</total>
				<timestamp>1595.543051</timestamp>
			</report>
			<report>
				<misses>4204001</misses>
				<total>7</total>
				<timestamp>1595.922682</timestamp>
			</report>
			<report>
				<misses>4205001</misses>
				<total>7</total>
				<timestamp>1596.302301</timestamp>
			</report>
			<report>
				<misses>4206001</misses>
				<total>7</total>
				<timestamp>1596.681915</timestamp>
			</report>
			<report>
				<misses>4207001</misses>
				<total>7</total>
				<timestamp>1597.061559</timestamp>
			</report>
			<report>
				<misses>4208001</misses>
				<total>7</total>
				<timestamp>1597.441175</timestamp>
			</report>
			<report>
				<misses>4209001</misses>
				<total>7</total>
				<timestamp>1597.820762</timestamp>
			</report>
			<report>
				<misses>4210001</misses>
				<total>7</total>
				<timestamp>1598.200407</timestamp>
			</report>
			<report>
				<misses>4211001</misses>
				<total>7</total>
				<timestamp>1598.579994</timestamp>
			</report>
			<report>
				<misses>4212001</misses>
				<total>7</total>
				<timestamp>1598.959654</timestamp>
			</report>
			<report>
				<misses>4213001</misses>
				<total>7</total>
				<timestamp>1599.339235</timestamp>
			</report>
			<report>
				<misses>4214001</misses>
				<total>7</total>
				<timestamp>1599.718861</timestamp>
			</report>
			<report>
				<misses>4215001</misses>
				<total>7</total>
				<timestamp>1600.098520</timestamp>
			</report>
			<report>
				<misses>4216001</misses>
				<total>7</total>
				<timestamp>1600.478129</timestamp>
			</report>
			<report>
				<misses>4217001</misses>
				<total>7</total>
				<timestamp>1600.857729</timestamp>
			</report>
			<report>
				<misses>4218001</misses>
				<total>7</total>
				<timestamp>1601.237352</timestamp>
			</report>
			<report>
				<misses>4219001</misses>
				<total>7</total>
				<timestamp>1601.616976</timestamp>
			</report>
			<report>
				<misses>4220001</misses>
				<total>7</total>
				<timestamp>1601.996609</timestamp>
			</report>
			<report>
				<misses>4221001</misses>
				<total>7</total>
				<timestamp>1602.376222</timestamp>
			</report>
			<report>
				<misses>4222001</misses>
				<total>7</total>
				<timestamp>1602.755847</timestamp>
			</report>
			<report>
				<misses>4223001</misses>
				<total>7</total>
				<timestamp>1603.135448</timestamp>
			</report>
			<report>
				<misses>4224001</misses>
				<total>7</total>
				<timestamp>1603.515063</timestamp>
			</report>
			<report>
				<misses>4225001</misses>
				<total>7</total>
				<timestamp>1603.894679</timestamp>
			</report>
			<report>
				<misses>4226001</misses>
				<total>7</total>
				<timestamp>1604.274308</timestamp>
			</report>
			<report>
				<misses>4227001</misses>
				<total>7</total>
				<timestamp>1604.653935</timestamp>
			</report>
			<report>
				<misses>4228001</misses>
				<total>7</total>
				<timestamp>1605.033534</timestamp>
			</report>
			<report>
				<misses>4229001</misses>
				<total>7</total>
				<timestamp>1605.413205</timestamp>
			</report>
			<report>
				<misses>4230001</misses>
				<total>7</total>
				<timestamp>1605.792820</timestamp>
			</report>
			<report>
				<misses>4231001</misses>
				<total>7</total>
				<timestamp>1606.172411</timestamp>
			</report>
			<report>
				<misses>4232001</misses>
				<total>7</total>
				<timestamp>1606.552020</timestamp>
			</report>
			<report>
				<misses>4233001</misses>
				<total>7</total>
				<timestamp>1606.931664</timestamp>
			</report>
			<report>
				<misses>4234001</misses>
				<total>7</total>
				<timestamp>1607.311276</timestamp>
			</report>
			<report>
				<misses>4235001</misses>
				<total>7</total>
				<timestamp>1607.690886</timestamp>
			</report>
			<report>
				<misses>4236001</misses>
				<total>7</total>
				<timestamp>1608.070512</timestamp>
			</report>
			<report>
				<misses>4237001</misses>
				<total>7</total>
				<timestamp>1608.450171</timestamp>
			</report>
			<report>
				<misses>4238001</misses>
				<total>7</total>
				<timestamp>1608.829764</timestamp>
			</report>
			<report>
				<misses>4239001</misses>
				<total>7</total>
				<timestamp>1609.209380</timestamp>
			</report>
			<report>
				<misses>4240001</misses>
				<total>7</total>
				<timestamp>1609.588971</timestamp>
			</report>
			<report>
				<misses>4241001</misses>
				<total>7</total>
				<timestamp>1609.968626</timestamp>
			</report>
			<report>
				<misses>4242001</misses>
				<total>7</total>
				<timestamp>1610.348251</timestamp>
			</report>
			<report>
				<misses>4243001</misses>
				<total>7</total>
				<timestamp>1610.727845</timestamp>
			</report>
			<report>
				<misses>4244001</misses>
				<total>7</total>
				<timestamp>1611.107449</timestamp>
			</report>
			<report>
				<misses>4245001</misses>
				<total>7</total>
				<timestamp>1611.487079</timestamp>
			</report>
			<report>
				<misses>4246001</misses>
				<total>7</total>
				<timestamp>1611.866716</timestamp>
			</report>
			<report>
				<misses>4247001</misses>
				<total>7</total>
				<timestamp>1612.246322</timestamp>
			</report>
			<report>
				<misses>4248001</misses>
				<total>7</total>
				<timestamp>1612.625939</timestamp>
			</report>
			<report>
				<misses>4249001</misses>
				<total>7</total>
				<timestamp>1613.005576</timestamp>
			</report>
			<report>
				<misses>4250001</misses>
				<total>7</total>
				<timestamp>1613.385180</timestamp>
			</report>
			<report>
				<misses>4251001</misses>
				<total>7</total>
				<timestamp>1613.764797</timestamp>
			</report>
			<report>
				<misses>4252001</misses>
				<total>7</total>
				<timestamp>1614.144421</timestamp>
			</report>
			<report>
				<misses>4253001</misses>
				<total>7</total>
				<timestamp>1614.524051</timestamp>
			</report>
			<report>
				<misses>4254001</misses>
				<total>7</total>
				<timestamp>1614.903651</timestamp>
			</report>
			<report>
				<misses>4255001</misses>
				<total>7</total>
				<timestamp>1615.283293</timestamp>
			</report>
			<report>
				<misses>4256001</misses>
				<total>7</total>
				<timestamp>1615.662898</timestamp>
			</report>
			<report>
				<misses>4257001</misses>
				<total>7</total>
				<timestamp>1616.042621</timestamp>
			</report>
			<report>
				<misses>4258001</misses>
				<total>7</total>
				<timestamp>1616.422139</timestamp>
			</report>
			<report>
				<misses>4259001</misses>
				<total>7</total>
				<timestamp>1616.801779</timestamp>
			</report>
			<report>
				<misses>4260001</misses>
				<total>7</total>
				<timestamp>1617.181383</timestamp>
			</report>
			<report>
				<misses>4261001</misses>
				<total>7</total>
				<timestamp>1617.561002</timestamp>
			</report>
			<report>
				<misses>4262001</misses>
				<total>7</total>
				<timestamp>1617.940623</timestamp>
			</report>
			<report>
				<misses>4263001</misses>
				<total>7</total>
				<timestamp>1618.320246</timestamp>
			</report>
			<report>
				<misses>4264001</misses>
				<total>7</total>
				<timestamp>1618.699854</timestamp>
			</report>
			<report>
				<misses>4265001</misses>
				<total>7</total>
				<timestamp>1619.079487</timestamp>
			</report>
			<report>
				<misses>4266001</misses>
				<total>7</total>
				<timestamp>1619.459119</timestamp>
			</report>
			<report>
				<misses>4267001</misses>
				<total>7</total>
				<timestamp>1619.838714</timestamp>
			</report>
			<report>
				<misses>4268001</misses>
				<total>7</total>
				<timestamp>1620.218360</timestamp>
			</report>
			<report>
				<misses>4269001</misses>
				<total>7</total>
				<timestamp>1620.597955</timestamp>
			</report>
			<report>
				<misses>4270001</misses>
				<total>7</total>
				<timestamp>1620.977615</timestamp>
			</report>
			<report>
				<misses>4271001</misses>
				<total>7</total>
				<timestamp>1621.357248</timestamp>
			</report>
			<report>
				<misses>4272001</misses>
				<total>7</total>
				<timestamp>1621.736816</timestamp>
			</report>
			<report>
				<misses>4273001</misses>
				<total>7</total>
				<timestamp>1622.116444</timestamp>
			</report>
			<report>
				<misses>4274001</misses>
				<total>7</total>
				<timestamp>1622.496051</timestamp>
			</report>
			<report>
				<misses>4275001</misses>
				<total>7</total>
				<timestamp>1622.875705</timestamp>
			</report>
			<report>
				<misses>4276001</misses>
				<total>7</total>
				<timestamp>1623.255298</timestamp>
			</report>
			<report>
				<misses>4277001</misses>
				<total>7</total>
				<timestamp>1623.634950</timestamp>
			</report>
			<report>
				<misses>4278001</misses>
				<total>7</total>
				<timestamp>1624.014596</timestamp>
			</report>
			<report>
				<misses>4279001</misses>
				<total>7</total>
				<timestamp>1624.394186</timestamp>
			</report>
			<report>
				<misses>4280001</misses>
				<total>7</total>
				<timestamp>1624.773781</timestamp>
			</report>
			<report>
				<misses>4281001</misses>
				<total>7</total>
				<timestamp>1625.153449</timestamp>
			</report>
			<report>
				<misses>4282001</misses>
				<total>7</total>
				<timestamp>1625.533044</timestamp>
			</report>
			<report>
				<misses>4283001</misses>
				<total>7</total>
				<timestamp>1625.912698</timestamp>
			</report>
			<report>
				<misses>4284001</misses>
				<total>7</total>
				<timestamp>1626.292274</timestamp>
			</report>
			<report>
				<misses>4285001</misses>
				<total>7</total>
				<timestamp>1626.671880</timestamp>
			</report>
			<report>
				<misses>4286001</misses>
				<total>7</total>
				<timestamp>1627.051532</timestamp>
			</report>
			<report>
				<misses>4287001</misses>
				<total>7</total>
				<timestamp>1627.431121</timestamp>
			</report>
			<report>
				<misses>4288001</misses>
				<total>7</total>
				<timestamp>1627.810738</timestamp>
			</report>
			<report>
				<misses>4289001</misses>
				<total>7</total>
				<timestamp>1628.190409</timestamp>
			</report>
			<report>
				<misses>4290001</misses>
				<total>7</total>
				<timestamp>1628.569982</timestamp>
			</report>
			<report>
				<misses>4291001</misses>
				<total>7</total>
				<timestamp>1628.949651</timestamp>
			</report>
			<report>
				<misses>4292001</misses>
				<total>7</total>
				<timestamp>1629.329234</timestamp>
			</report>
			<report>
				<misses>4293001</misses>
				<total>7</total>
				<timestamp>1629.708831</timestamp>
			</report>
			<report>
				<misses>4294001</misses>
				<total>7</total>
				<timestamp>1630.088563</timestamp>
			</report>
			<report>
				<misses>4295001</misses>
				<total>7</total>
				<timestamp>1630.468119</timestamp>
			</report>
			<report>
				<misses>4296001</misses>
				<total>7</total>
				<timestamp>1630.847699</timestamp>
			</report>
			<report>
				<misses>4297001</misses>
				<total>7</total>
				<timestamp>1631.227310</timestamp>
			</report>
			<report>
				<misses>4298001</misses>
				<total>7</total>
				<timestamp>1631.606940</timestamp>
			</report>
			<report>
				<misses>4299001</misses>
				<total>7</total>
				<timestamp>1631.986583</timestamp>
			</report>
			<report>
				<misses>4300001</misses>
				<total>7</total>
				<timestamp>1632.366202</timestamp>
			</report>
			<report>
				<misses>4301001</misses>
				<total>7</total>
				<timestamp>1632.745805</timestamp>
			</report>
			<report>
				<misses>4302001</misses>
				<total>7</total>
				<timestamp>1633.125416</timestamp>
			</report>
			<report>
				<misses>4303001</misses>
				<total>7</total>
				<timestamp>1633.505070</timestamp>
			</report>
			<report>
				<misses>4304001</misses>
				<total>7</total>
				<timestamp>1633.884669</timestamp>
			</report>
			<report>
				<misses>4305001</misses>
				<total>7</total>
				<timestamp>1634.264287</timestamp>
			</report>
			<report>
				<misses>4306001</misses>
				<total>7</total>
				<timestamp>1634.643913</timestamp>
			</report>
			<report>
				<misses>4307001</misses>
				<total>7</total>
				<timestamp>1635.023545</timestamp>
			</report>
			<report>
				<misses>4308001</misses>
				<total>7</total>
				<timestamp>1635.403171</timestamp>
			</report>
			<report>
				<misses>4309001</misses>
				<total>7</total>
				<timestamp>1635.782788</timestamp>
			</report>
			<report>
				<misses>4310001</misses>
				<total>7</total>
				<timestamp>1636.162416</timestamp>
			</report>
			<report>
				<misses>4311001</misses>
				<total>7</total>
				<timestamp>1636.542035</timestamp>
			</report>
			<report>
				<misses>4312001</misses>
				<total>7</total>
				<timestamp>1636.921633</timestamp>
			</report>
			<report>
				<misses>4313001</misses>
				<total>7</total>
				<timestamp>1637.301313</timestamp>
			</report>
			<report>
				<misses>4314001</misses>
				<total>7</total>
				<timestamp>1637.680866</timestamp>
			</report>
			<report>
				<misses>4315001</misses>
				<total>7</total>
				<timestamp>1638.060535</timestamp>
			</report>
			<report>
				<misses>4316001</misses>
				<total>7</total>
				<timestamp>1638.440136</timestamp>
			</report>
			<report>
				<misses>4317001</misses>
				<total>7</total>
				<timestamp>1638.819724</timestamp>
			</report>
			<report>
				<misses>4318001</misses>
				<total>7</total>
				<timestamp>1639.199332</timestamp>
			</report>
			<report>
				<misses>4319001</misses>
				<total>7</total>
				<timestamp>1639.578970</timestamp>
			</report>
			<report>
				<misses>4320001</misses>
				<total>7</total>
				<timestamp>1639.958605</timestamp>
			</report>
			<report>
				<misses>4321001</misses>
				<total>7</total>
				<timestamp>1640.338235</timestamp>
			</report>
			<report>
				<misses>4322001</misses>
				<total>7</total>
				<timestamp>1640.717814</timestamp>
			</report>
			<report>
				<misses>4323001</misses>
				<total>7</total>
				<timestamp>1641.097447</timestamp>
			</report>
			<report>
				<misses>4324001</misses>
				<total>7</total>
				<timestamp>1641.477071</timestamp>
			</report>
			<report>
				<misses>4325001</misses>
				<total>7</total>
				<timestamp>1641.856725</timestamp>
			</report>
			<report>
				<misses>4326001</misses>
				<total>7</total>
				<timestamp>1642.236330</timestamp>
			</report>
			<report>
				<misses>4327001</misses>
				<total>7</total>
				<timestamp>1642.615919</timestamp>
			</report>
			<report>
				<misses>4328001</misses>
				<total>7</total>
				<timestamp>1642.995543</timestamp>
			</report>
			<report>
				<misses>4329001</misses>
				<total>7</total>
				<timestamp>1643.375165</timestamp>
			</report>
			<report>
				<misses>4330001</misses>
				<total>7</total>
				<timestamp>1643.754768</timestamp>
			</report>
			<report>
				<misses>4331001</misses>
				<total>7</total>
				<timestamp>1644.134443</timestamp>
			</report>
			<report>
				<misses>4332001</misses>
				<total>7</total>
				<timestamp>1644.514015</timestamp>
			</report>
			<report>
				<misses>4333001</misses>
				<total>7</total>
				<timestamp>1644.893644</timestamp>
			</report>
			<report>
				<misses>4334001</misses>
				<total>7</total>
				<timestamp>1645.273289</timestamp>
			</report>
			<report>
				<misses>4335001</misses>
				<total>7</total>
				<timestamp>1645.652876</timestamp>
			</report>
			<report>
				<misses>4336001</misses>
				<total>7</total>
				<timestamp>1646.032544</timestamp>
			</report>
			<report>
				<misses>4337001</misses>
				<total>7</total>
				<timestamp>1646.412124</timestamp>
			</report>
			<report>
				<misses>4338001</misses>
				<total>7</total>
				<timestamp>1646.791750</timestamp>
			</report>
			<report>
				<misses>4339001</misses>
				<total>7</total>
				<timestamp>1647.171415</timestamp>
			</report>
			<report>
				<misses>4340001</misses>
				<total>7</total>
				<timestamp>1647.551015</timestamp>
			</report>
			<report>
				<misses>4341001</misses>
				<total>7</total>
				<timestamp>1647.930623</timestamp>
			</report>
			<report>
				<misses>4342001</misses>
				<total>7</total>
				<timestamp>1648.310245</timestamp>
			</report>
			<report>
				<misses>4343001</misses>
				<total>7</total>
				<timestamp>1648.689832</timestamp>
			</report>
			<report>
				<misses>4344001</misses>
				<total>7</total>
				<timestamp>1649.069495</timestamp>
			</report>
			<report>
				<misses>4345001</misses>
				<total>7</total>
				<timestamp>1649.449080</timestamp>
			</report>
			<report>
				<misses>4346001</misses>
				<total>7</total>
				<timestamp>1649.828709</timestamp>
			</report>
			<report>
				<misses>4347001</misses>
				<total>7</total>
				<timestamp>1650.208349</timestamp>
			</report>
			<report>
				<misses>4348001</misses>
				<total>7</total>
				<timestamp>1650.588003</timestamp>
			</report>
			<report>
				<misses>4349001</misses>
				<total>7</total>
				<timestamp>1650.967568</timestamp>
			</report>
			<report>
				<misses>4350001</misses>
				<total>7</total>
				<timestamp>1651.347184</timestamp>
			</report>
			<report>
				<misses>4351001</misses>
				<total>7</total>
				<timestamp>1651.726791</timestamp>
			</report>
			<report>
				<misses>4352001</misses>
				<total>7</total>
				<timestamp>1652.106474</timestamp>
			</report>
			<report>
				<misses>4353001</misses>
				<total>7</total>
				<timestamp>1652.486034</timestamp>
			</report>
			<report>
				<misses>4354001</misses>
				<total>7</total>
				<timestamp>1652.865653</timestamp>
			</report>
			<report>
				<misses>4355001</misses>
				<total>7</total>
				<timestamp>1653.245343</timestamp>
			</report>
			<report>
				<misses>4356001</misses>
				<total>7</total>
				<timestamp>1653.624920</timestamp>
			</report>
			<report>
				<misses>4357001</misses>
				<total>7</total>
				<timestamp>1654.004536</timestamp>
			</report>
			<report>
				<misses>4358001</misses>
				<total>7</total>
				<timestamp>1654.384128</timestamp>
			</report>
			<report>
				<misses>4359001</misses>
				<total>7</total>
				<timestamp>1654.763758</timestamp>
			</report>
			<report>
				<misses>4360001</misses>
				<total>7</total>
				<timestamp>1655.143383</timestamp>
			</report>
			<report>
				<misses>4361001</misses>
				<total>7</total>
				<timestamp>1655.523011</timestamp>
			</report>
			<report>
				<misses>4362001</misses>
				<total>7</total>
				<timestamp>1655.902622</timestamp>
			</report>
			<report>
				<misses>4363001</misses>
				<total>7</total>
				<timestamp>1656.282334</timestamp>
			</report>
			<report>
				<misses>4364001</misses>
				<total>7</total>
				<timestamp>1656.661870</timestamp>
			</report>
			<report>
				<misses>4365001</misses>
				<total>7</total>
				<timestamp>1657.041505</timestamp>
			</report>
			<report>
				<misses>4366001</misses>
				<total>7</total>
				<timestamp>1657.421105</timestamp>
			</report>
			<report>
				<misses>4367001</misses>
				<total>7</total>
				<timestamp>1657.800747</timestamp>
			</report>
			<report>
				<misses>4368001</misses>
				<total>7</total>
				<timestamp>1658.180404</timestamp>
			</report>
			<report>
				<misses>4369001</misses>
				<total>7</total>
				<timestamp>1658.559975</timestamp>
			</report>
			<report>
				<misses>4370001</misses>
				<total>7</total>
				<timestamp>1658.939586</timestamp>
			</report>
			<report>
				<misses>4371001</misses>
				<total>7</total>
				<timestamp>1659.319261</timestamp>
			</report>
			<report>
				<misses>4372001</misses>
				<total>7</total>
				<timestamp>1659.698869</timestamp>
			</report>
			<report>
				<misses>4373001</misses>
				<total>7</total>
				<timestamp>1660.078451</timestamp>
			</report>
			<report>
				<misses>4374001</misses>
				<total>7</total>
				<timestamp>1660.458068</timestamp>
			</report>
			<report>
				<misses>4375001</misses>
				<total>7</total>
				<timestamp>1660.837682</timestamp>
			</report>
			<report>
				<misses>4376001</misses>
				<total>7</total>
				<timestamp>1661.217314</timestamp>
			</report>
			<report>
				<misses>4377001</misses>
				<total>7</total>
				<timestamp>1661.596957</timestamp>
			</report>
			<report>
				<misses>4378001</misses>
				<total>7</total>
				<timestamp>1661.976566</timestamp>
			</report>
			<report>
				<misses>4379001</misses>
				<total>7</total>
				<timestamp>1662.356157</timestamp>
			</report>
			<report>
				<misses>4380001</misses>
				<total>7</total>
				<timestamp>1662.735787</timestamp>
			</report>
			<report>
				<misses>4381001</misses>
				<total>7</total>
				<timestamp>1663.115464</timestamp>
			</report>
			<report>
				<misses>4382001</misses>
				<total>7</total>
				<timestamp>1663.495052</timestamp>
			</report>
			<report>
				<misses>4383001</misses>
				<total>7</total>
				<timestamp>1663.874647</timestamp>
			</report>
			<report>
				<misses>4384001</misses>
				<total>7</total>
				<timestamp>1664.254276</timestamp>
			</report>
			<report>
				<misses>4385001</misses>
				<total>7</total>
				<timestamp>1664.633890</timestamp>
			</report>
			<report>
				<misses>4386001</misses>
				<total>7</total>
				<timestamp>1665.013509</timestamp>
			</report>
			<report>
				<misses>4387001</misses>
				<total>7</total>
				<timestamp>1665.393110</timestamp>
			</report>
			<report>
				<misses>4388001</misses>
				<total>7</total>
				<timestamp>1665.772747</timestamp>
			</report>
			<report>
				<misses>4389001</misses>
				<total>7</total>
				<timestamp>1666.152418</timestamp>
			</report>
			<report>
				<misses>4390001</misses>
				<total>7</total>
				<timestamp>1666.532001</timestamp>
			</report>
			<report>
				<misses>4391001</misses>
				<total>7</total>
				<timestamp>1666.911607</timestamp>
			</report>
			<report>
				<misses>4392001</misses>
				<total>7</total>
				<timestamp>1667.291285</timestamp>
			</report>
			<report>
				<misses>4393001</misses>
				<total>7</total>
				<timestamp>1667.670850</timestamp>
			</report>
			<report>
				<misses>4394001</misses>
				<total>7</total>
				<timestamp>1668.050463</timestamp>
			</report>
			<report>
				<misses>4395001</misses>
				<total>7</total>
				<timestamp>1668.430093</timestamp>
			</report>
			<report>
				<misses>4396001</misses>
				<total>7</total>
				<timestamp>1668.809687</timestamp>
			</report>
			<report>
				<misses>4397001</misses>
				<total>7</total>
				<timestamp>1669.189337</timestamp>
			</report>
			<report>
				<misses>4398001</misses>
				<total>7</total>
				<timestamp>1669.568933</timestamp>
			</report>
			<report>
				<misses>4399001</misses>
				<total>7</total>
				<timestamp>1669.948555</timestamp>
			</report>
			<report>
				<misses>4400001</misses>
				<total>7</total>
				<timestamp>1670.328214</timestamp>
			</report>
			<report>
				<misses>4401001</misses>
				<total>7</total>
				<timestamp>1670.707789</timestamp>
			</report>
			<report>
				<misses>4402001</misses>
				<total>7</total>
				<timestamp>1671.087428</timestamp>
			</report>
			<report>
				<misses>4403001</misses>
				<total>7</total>
				<timestamp>1671.467049</timestamp>
			</report>
			<report>
				<misses>4404001</misses>
				<total>7</total>
				<timestamp>1671.846641</timestamp>
			</report>
			<report>
				<misses>4405001</misses>
				<total>7</total>
				<timestamp>1672.226328</timestamp>
			</report>
			<report>
				<misses>4406001</misses>
				<total>7</total>
				<timestamp>1672.605892</timestamp>
			</report>
			<report>
				<misses>4407001</misses>
				<total>7</total>
				<timestamp>1672.985562</timestamp>
			</report>
			<report>
				<misses>4408001</misses>
				<total>7</total>
				<timestamp>1673.365152</timestamp>
			</report>
			<report>
				<misses>4409001</misses>
				<total>7</total>
				<timestamp>1673.744757</timestamp>
			</report>
			<report>
				<misses>4410001</misses>
				<total>7</total>
				<timestamp>1674.124404</timestamp>
			</report>
			<report>
				<misses>4411001</misses>
				<total>7</total>
				<timestamp>1674.503995</timestamp>
			</report>
			<report>
				<misses>4412001</misses>
				<total>7</total>
				<timestamp>1674.883611</timestamp>
			</report>
			<report>
				<misses>4413001</misses>
				<total>7</total>
				<timestamp>1675.263275</timestamp>
			</report>
			<report>
				<misses>4414001</misses>
				<total>7</total>
				<timestamp>1675.642869</timestamp>
			</report>
			<report>
				<misses>4415001</misses>
				<total>7</total>
				<timestamp>1676.022507</timestamp>
			</report>
			<report>
				<misses>4416001</misses>
				<total>7</total>
				<timestamp>1676.402105</timestamp>
			</report>
			<report>
				<misses>4417001</misses>
				<total>7</total>
				<timestamp>1676.781761</timestamp>
			</report>
			<report>
				<misses>4418001</misses>
				<total>7</total>
				<timestamp>1677.161373</timestamp>
			</report>
			<report>
				<misses>4419001</misses>
				<total>7</total>
				<timestamp>1677.541003</timestamp>
			</report>
			<report>
				<misses>4420001</misses>
				<total>7</total>
				<timestamp>1677.920584</timestamp>
			</report>
			<report>
				<misses>4421001</misses>
				<total>7</total>
				<timestamp>1678.300232</timestamp>
			</report>
			<report>
				<misses>4422001</misses>
				<total>7</total>
				<timestamp>1678.679882</timestamp>
			</report>
			<report>
				<misses>4423001</misses>
				<total>7</total>
				<timestamp>1679.059434</timestamp>
			</report>
			<report>
				<misses>4424001</misses>
				<total>7</total>
				<timestamp>1679.439103</timestamp>
			</report>
			<report>
				<misses>4425001</misses>
				<total>7</total>
				<timestamp>1679.818672</timestamp>
			</report>
			<report>
				<misses>4426001</misses>
				<total>7</total>
				<timestamp>1680.198339</timestamp>
			</report>
			<report>
				<misses>4427001</misses>
				<total>7</total>
				<timestamp>1680.577923</timestamp>
			</report>
			<report>
				<misses>4428001</misses>
				<total>7</total>
				<timestamp>1680.957533</timestamp>
			</report>
			<report>
				<misses>4429001</misses>
				<total>7</total>
				<timestamp>1681.337195</timestamp>
			</report>
			<report>
				<misses>4430001</misses>
				<total>7</total>
				<timestamp>1681.716805</timestamp>
			</report>
			<report>
				<misses>4431001</misses>
				<total>7</total>
				<timestamp>1682.096397</timestamp>
			</report>
			<report>
				<misses>4432001</misses>
				<total>7</total>
				<timestamp>1682.476036</timestamp>
			</report>
			<report>
				<misses>4433001</misses>
				<total>7</total>
				<timestamp>1682.855659</timestamp>
			</report>
			<report>
				<misses>4434001</misses>
				<total>7</total>
				<timestamp>1683.235304</timestamp>
			</report>
			<report>
				<misses>4435001</misses>
				<total>7</total>
				<timestamp>1683.614905</timestamp>
			</report>
			<report>
				<misses>4436001</misses>
				<total>7</total>
				<timestamp>1683.994535</timestamp>
			</report>
			<report>
				<misses>4437001</misses>
				<total>7</total>
				<timestamp>1684.374200</timestamp>
			</report>
			<report>
				<misses>4438001</misses>
				<total>7</total>
				<timestamp>1684.753771</timestamp>
			</report>
			<report>
				<misses>4439001</misses>
				<total>7</total>
				<timestamp>1685.133378</timestamp>
			</report>
			<report>
				<misses>4440001</misses>
				<total>7</total>
				<timestamp>1685.512986</timestamp>
			</report>
			<report>
				<misses>4441001</misses>
				<total>7</total>
				<timestamp>1685.892603</timestamp>
			</report>
			<report>
				<misses>4442001</misses>
				<total>7</total>
				<timestamp>1686.272228</timestamp>
			</report>
			<report>
				<misses>4443001</misses>
				<total>7</total>
				<timestamp>1686.651845</timestamp>
			</report>
			<report>
				<misses>4444001</misses>
				<total>7</total>
				<timestamp>1687.031461</timestamp>
			</report>
			<report>
				<misses>4445001</misses>
				<total>7</total>
				<timestamp>1687.411106</timestamp>
			</report>
			<report>
				<misses>4446001</misses>
				<total>7</total>
				<timestamp>1687.790707</timestamp>
			</report>
			<report>
				<misses>4447001</misses>
				<total>7</total>
				<timestamp>1688.170318</timestamp>
			</report>
			<report>
				<misses>4448001</misses>
				<total>7</total>
				<timestamp>1688.549949</timestamp>
			</report>
			<report>
				<misses>4449001</misses>
				<total>7</total>
				<timestamp>1688.929553</timestamp>
			</report>
			<report>
				<misses>4450001</misses>
				<total>7</total>
				<timestamp>1689.309196</timestamp>
			</report>
			<report>
				<misses>4451001</misses>
				<total>7</total>
				<timestamp>1689.688803</timestamp>
			</report>
			<report>
				<misses>4452001</misses>
				<total>7</total>
				<timestamp>1690.068423</timestamp>
			</report>
			<report>
				<misses>4453001</misses>
				<total>8</total>
				<timestamp>1690.448051</timestamp>
			</report>
			<report>
				<misses>4454001</misses>
				<total>8</total>
				<timestamp>1690.827658</timestamp>
			</report>
			<report>
				<misses>4455001</misses>
				<total>8</total>
				<timestamp>1691.207329</timestamp>
			</report>
			<report>
				<misses>4456001</misses>
				<total>8</total>
				<timestamp>1691.586929</timestamp>
			</report>
			<report>
				<misses>4457001</misses>
				<total>8</total>
				<timestamp>1691.966528</timestamp>
			</report>
			<report>
				<misses>4458001</misses>
				<total>8</total>
				<timestamp>1692.346149</timestamp>
			</report>
			<report>
				<misses>4459001</misses>
				<total>8</total>
				<timestamp>1692.725770</timestamp>
			</report>
			<report>
				<misses>4460001</misses>
				<total>8</total>
				<timestamp>1693.105387</timestamp>
			</report>
			<report>
				<misses>4461001</misses>
				<total>8</total>
				<timestamp>1693.485012</timestamp>
			</report>
			<report>
				<misses>4462001</misses>
				<total>8</total>
				<timestamp>1693.864643</timestamp>
			</report>
			<report>
				<misses>4463001</misses>
				<total>8</total>
				<timestamp>1694.244319</timestamp>
			</report>
			<report>
				<misses>4464001</misses>
				<total>8</total>
				<timestamp>1694.623895</timestamp>
			</report>
			<report>
				<misses>4465001</misses>
				<total>8</total>
				<timestamp>1695.003478</timestamp>
			</report>
			<report>
				<misses>4466001</misses>
				<total>8</total>
				<timestamp>1695.383122</timestamp>
			</report>
			<report>
				<misses>4467001</misses>
				<total>8</total>
				<timestamp>1695.762711</timestamp>
			</report>
			<report>
				<misses>4468001</misses>
				<total>8</total>
				<timestamp>1696.142344</timestamp>
			</report>
			<report>
				<misses>4469001</misses>
				<total>8</total>
				<timestamp>1696.521970</timestamp>
			</report>
			<report>
				<misses>4470001</misses>
				<total>8</total>
				<timestamp>1696.901589</timestamp>
			</report>
			<report>
				<misses>4471001</misses>
				<total>8</total>
				<timestamp>1697.281260</timestamp>
			</report>
			<report>
				<misses>4472001</misses>
				<total>8</total>
				<timestamp>1697.660861</timestamp>
			</report>
			<report>
				<misses>4473001</misses>
				<total>8</total>
				<timestamp>1698.040453</timestamp>
			</report>
			<report>
				<misses>4474001</misses>
				<total>8</total>
				<timestamp>1698.420089</timestamp>
			</report>
			<report>
				<misses>4475001</misses>
				<total>8</total>
				<timestamp>1698.799673</timestamp>
			</report>
			<report>
				<misses>4476001</misses>
				<total>8</total>
				<timestamp>1699.179311</timestamp>
			</report>
			<report>
				<misses>4477001</misses>
				<total>8</total>
				<timestamp>1699.558933</timestamp>
			</report>
			<report>
				<misses>4478001</misses>
				<total>8</total>
				<timestamp>1699.938547</timestamp>
			</report>
			<report>
				<misses>4479001</misses>
				<total>8</total>
				<timestamp>1700.318187</timestamp>
			</report>
			<report>
				<misses>4480001</misses>
				<total>8</total>
				<timestamp>1700.697782</timestamp>
			</report>
			<report>
				<misses>4481001</misses>
				<total>8</total>
				<timestamp>1701.077415</timestamp>
			</report>
			<report>
				<misses>4482001</misses>
				<total>8</total>
				<timestamp>1701.457047</timestamp>
			</report>
			<report>
				<misses>4483001</misses>
				<total>8</total>
				<timestamp>1701.836638</timestamp>
			</report>
			<report>
				<misses>4484001</misses>
				<total>8</total>
				<timestamp>1702.216260</timestamp>
			</report>
			<report>
				<misses>4485001</misses>
				<total>8</total>
				<timestamp>1702.595886</timestamp>
			</report>
			<report>
				<misses>4486001</misses>
				<total>8</total>
				<timestamp>1702.975505</timestamp>
			</report>
			<report>
				<misses>4487001</misses>
				<total>8</total>
				<timestamp>1703.355135</timestamp>
			</report>
			<report>
				<misses>4488001</misses>
				<total>8</total>
				<timestamp>1703.734760</timestamp>
			</report>
			<report>
				<misses>4489001</misses>
				<total>8</total>
				<timestamp>1704.114348</timestamp>
			</report>
			<report>
				<misses>4490001</misses>
				<total>8</total>
				<timestamp>1704.494029</timestamp>
			</report>
			<report>
				<misses>4491001</misses>
				<total>8</total>
				<timestamp>1704.873606</timestamp>
			</report>
			<report>
				<misses>4492001</misses>
				<total>8</total>
				<timestamp>1705.253251</timestamp>
			</report>
			<report>
				<misses>4493001</misses>
				<total>8</total>
				<timestamp>1705.632854</timestamp>
			</report>
			<report>
				<misses>4494001</misses>
				<total>8</total>
				<timestamp>1706.012468</timestamp>
			</report>
			<report>
				<misses>4495001</misses>
				<total>8</total>
				<timestamp>1706.392103</timestamp>
			</report>
			<report>
				<misses>4496001</misses>
				<total>8</total>
				<timestamp>1706.771743</timestamp>
			</report>
			<report>
				<misses>4497001</misses>
				<total>8</total>
				<timestamp>1707.151352</timestamp>
			</report>
			<report>
				<misses>4498001</misses>
				<total>8</total>
				<timestamp>1707.530941</timestamp>
			</report>
			<report>
				<misses>4499001</misses>
				<total>8</total>
				<timestamp>1707.910565</timestamp>
			</report>
			<report>
				<misses>4500001</misses>
				<total>8</total>
				<timestamp>1708.290205</timestamp>
			</report>
			<report>
				<misses>4501001</misses>
				<total>8</total>
				<timestamp>1708.669799</timestamp>
			</report>
			<report>
				<misses>4502001</misses>
				<total>8</total>
				<timestamp>1709.049432</timestamp>
			</report>
			<report>
				<misses>4503001</misses>
				<total>8</total>
				<timestamp>1709.429064</timestamp>
			</report>
			<report>
				<misses>4504001</misses>
				<total>8</total>
				<timestamp>1709.808660</timestamp>
			</report>
			<report>
				<misses>4505001</misses>
				<total>8</total>
				<timestamp>1710.188312</timestamp>
			</report>
			<report>
				<misses>4506001</misses>
				<total>8</total>
				<timestamp>1710.567923</timestamp>
			</report>
			<report>
				<misses>4507001</misses>
				<total>8</total>
				<timestamp>1710.947516</timestamp>
			</report>
			<report>
				<misses>4508001</misses>
				<total>8</total>
				<timestamp>1711.327154</timestamp>
			</report>
			<report>
				<misses>4509001</misses>
				<total>8</total>
				<timestamp>1711.706775</timestamp>
			</report>
			<report>
				<misses>4510001</misses>
				<total>8</total>
				<timestamp>1712.086377</timestamp>
			</report>
			<report>
				<misses>4511001</misses>
				<total>8</total>
				<timestamp>1712.466001</timestamp>
			</report>
			<report>
				<misses>4512001</misses>
				<total>8</total>
				<timestamp>1712.845646</timestamp>
			</report>
			<report>
				<misses>4513001</misses>
				<total>8</total>
				<timestamp>1713.225273</timestamp>
			</report>
			<report>
				<misses>4514001</misses>
				<total>8</total>
				<timestamp>1713.604862</timestamp>
			</report>
			<report>
				<misses>4515001</misses>
				<total>8</total>
				<timestamp>1713.984495</timestamp>
			</report>
			<report>
				<misses>4516001</misses>
				<total>8</total>
				<timestamp>1714.364131</timestamp>
			</report>
			<report>
				<misses>4517001</misses>
				<total>8</total>
				<timestamp>1714.743717</timestamp>
			</report>
			<report>
				<misses>4518001</misses>
				<total>8</total>
				<timestamp>1715.123348</timestamp>
			</report>
			<report>
				<misses>4519001</misses>
				<total>8</total>
				<timestamp>1715.502983</timestamp>
			</report>
			<report>
				<misses>4520001</misses>
				<total>8</total>
				<timestamp>1715.882586</timestamp>
			</report>
			<report>
				<misses>4521001</misses>
				<total>8</total>
				<timestamp>1716.262226</timestamp>
			</report>
			<report>
				<misses>4522001</misses>
				<total>8</total>
				<timestamp>1716.641858</timestamp>
			</report>
			<report>
				<misses>4523001</misses>
				<total>8</total>
				<timestamp>1717.021432</timestamp>
			</report>
			<report>
				<misses>4524001</misses>
				<total>8</total>
				<timestamp>1717.401092</timestamp>
			</report>
			<report>
				<misses>4525001</misses>
				<total>8</total>
				<timestamp>1717.780679</timestamp>
			</report>
			<report>
				<misses>4526001</misses>
				<total>8</total>
				<timestamp>1718.160309</timestamp>
			</report>
			<report>
				<misses>4527001</misses>
				<total>8</total>
				<timestamp>1718.539945</timestamp>
			</report>
			<report>
				<misses>4528001</misses>
				<total>8</total>
				<timestamp>1718.919583</timestamp>
			</report>
			<report>
				<misses>4529001</misses>
				<total>8</total>
				<timestamp>1719.299175</timestamp>
			</report>
			<report>
				<misses>4530001</misses>
				<total>8</total>
				<timestamp>1719.678794</timestamp>
			</report>
			<report>
				<misses>4531001</misses>
				<total>8</total>
				<timestamp>1720.058405</timestamp>
			</report>
			<report>
				<misses>4532001</misses>
				<total>8</total>
				<timestamp>1720.438071</timestamp>
			</report>
			<report>
				<misses>4533001</misses>
				<total>8</total>
				<timestamp>1720.817681</timestamp>
			</report>
			<report>
				<misses>4534001</misses>
				<total>8</total>
				<timestamp>1721.197279</timestamp>
			</report>
			<report>
				<misses>4535001</misses>
				<total>8</total>
				<timestamp>1721.576908</timestamp>
			</report>
			<report>
				<misses>4536001</misses>
				<total>8</total>
				<timestamp>1721.956505</timestamp>
			</report>
			<report>
				<misses>4537001</misses>
				<total>8</total>
				<timestamp>1722.336135</timestamp>
			</report>
			<report>
				<misses>4538001</misses>
				<total>8</total>
				<timestamp>1722.715732</timestamp>
			</report>
			<report>
				<misses>4539001</misses>
				<total>8</total>
				<timestamp>1723.095391</timestamp>
			</report>
			<report>
				<misses>4540001</misses>
				<total>8</total>
				<timestamp>1723.475023</timestamp>
			</report>
			<report>
				<misses>4541001</misses>
				<total>8</total>
				<timestamp>1723.854611</timestamp>
			</report>
			<report>
				<misses>4542001</misses>
				<total>8</total>
				<timestamp>1724.234231</timestamp>
			</report>
			<report>
				<misses>4543001</misses>
				<total>8</total>
				<timestamp>1724.613889</timestamp>
			</report>
			<report>
				<misses>4544001</misses>
				<total>8</total>
				<timestamp>1724.993466</timestamp>
			</report>
			<report>
				<misses>4545001</misses>
				<total>8</total>
				<timestamp>1725.373088</timestamp>
			</report>
			<report>
				<misses>4546001</misses>
				<total>8</total>
				<timestamp>1725.752720</timestamp>
			</report>
			<report>
				<misses>4547001</misses>
				<total>8</total>
				<timestamp>1726.132339</timestamp>
			</report>
			<report>
				<misses>4548001</misses>
				<total>8</total>
				<timestamp>1726.511937</timestamp>
			</report>
			<report>
				<misses>4549001</misses>
				<total>8</total>
				<timestamp>1726.891606</timestamp>
			</report>
			<report>
				<misses>4550001</misses>
				<total>8</total>
				<timestamp>1727.271191</timestamp>
			</report>
			<report>
				<misses>4551001</misses>
				<total>8</total>
				<timestamp>1727.650813</timestamp>
			</report>
			<report>
				<misses>4552001</misses>
				<total>8</total>
				<timestamp>1728.030415</timestamp>
			</report>
			<report>
				<misses>4553001</misses>
				<total>8</total>
				<timestamp>1728.410043</timestamp>
			</report>
			<report>
				<misses>4554001</misses>
				<total>8</total>
				<timestamp>1728.789672</timestamp>
			</report>
			<report>
				<misses>4555001</misses>
				<total>8</total>
				<timestamp>1729.169339</timestamp>
			</report>
			<report>
				<misses>4556001</misses>
				<total>8</total>
				<timestamp>1729.548942</timestamp>
			</report>
			<report>
				<misses>4557001</misses>
				<total>8</total>
				<timestamp>1729.928565</timestamp>
			</report>
			<report>
				<misses>4558001</misses>
				<total>8</total>
				<timestamp>1730.308144</timestamp>
			</report>
			<report>
				<misses>4559001</misses>
				<total>8</total>
				<timestamp>1730.687776</timestamp>
			</report>
			<report>
				<misses>4560001</misses>
				<total>8</total>
				<timestamp>1731.067375</timestamp>
			</report>
			<report>
				<misses>4561001</misses>
				<total>8</total>
				<timestamp>1731.447002</timestamp>
			</report>
			<report>
				<misses>4562001</misses>
				<total>8</total>
				<timestamp>1731.826613</timestamp>
			</report>
			<report>
				<misses>4563001</misses>
				<total>8</total>
				<timestamp>1732.206293</timestamp>
			</report>
			<report>
				<misses>4564001</misses>
				<total>8</total>
				<timestamp>1732.585889</timestamp>
			</report>
			<report>
				<misses>4565001</misses>
				<total>8</total>
				<timestamp>1732.965466</timestamp>
			</report>
			<report>
				<misses>4566001</misses>
				<total>8</total>
				<timestamp>1733.345104</timestamp>
			</report>
			<report>
				<misses>4567001</misses>
				<total>8</total>
				<timestamp>1733.724738</timestamp>
			</report>
			<report>
				<misses>4568001</misses>
				<total>8</total>
				<timestamp>1734.104343</timestamp>
			</report>
			<report>
				<misses>4569001</misses>
				<total>8</total>
				<timestamp>1734.483998</timestamp>
			</report>
			<report>
				<misses>4570001</misses>
				<total>8</total>
				<timestamp>1734.863620</timestamp>
			</report>
			<report>
				<misses>4571001</misses>
				<total>8</total>
				<timestamp>1735.243248</timestamp>
			</report>
			<report>
				<misses>4572001</misses>
				<total>8</total>
				<timestamp>1735.622859</timestamp>
			</report>
			<report>
				<misses>4573001</misses>
				<total>8</total>
				<timestamp>1736.002453</timestamp>
			</report>
			<report>
				<misses>4574001</misses>
				<total>8</total>
				<timestamp>1736.382088</timestamp>
			</report>
			<report>
				<misses>4575001</misses>
				<total>8</total>
				<timestamp>1736.761682</timestamp>
			</report>
			<report>
				<misses>4576001</misses>
				<total>8</total>
				<timestamp>1737.141281</timestamp>
			</report>
			<report>
				<misses>4577001</misses>
				<total>8</total>
				<timestamp>1737.520951</timestamp>
			</report>
			<report>
				<misses>4578001</misses>
				<total>8</total>
				<timestamp>1737.900540</timestamp>
			</report>
			<report>
				<misses>4579001</misses>
				<total>8</total>
				<timestamp>1738.280151</timestamp>
			</report>
			<report>
				<misses>4580001</misses>
				<total>8</total>
				<timestamp>1738.659826</timestamp>
			</report>
			<report>
				<misses>4581001</misses>
				<total>8</total>
				<timestamp>1739.039403</timestamp>
			</report>
			<report>
				<misses>4582001</misses>
				<total>8</total>
				<timestamp>1739.419075</timestamp>
			</report>
			<report>
				<misses>4583001</misses>
				<total>8</total>
				<timestamp>1739.798653</timestamp>
			</report>
			<report>
				<misses>4584001</misses>
				<total>8</total>
				<timestamp>1740.178279</timestamp>
			</report>
			<report>
				<misses>4585001</misses>
				<total>8</total>
				<timestamp>1740.557886</timestamp>
			</report>
			<report>
				<misses>4586001</misses>
				<total>8</total>
				<timestamp>1740.937511</timestamp>
			</report>
			<report>
				<misses>4587001</misses>
				<total>8</total>
				<timestamp>1741.317132</timestamp>
			</report>
			<report>
				<misses>4588001</misses>
				<total>8</total>
				<timestamp>1741.696803</timestamp>
			</report>
			<report>
				<misses>4589001</misses>
				<total>8</total>
				<timestamp>1742.076379</timestamp>
			</report>
			<report>
				<misses>4590001</misses>
				<total>8</total>
				<timestamp>1742.455984</timestamp>
			</report>
			<report>
				<misses>4591001</misses>
				<total>8</total>
				<timestamp>1742.835635</timestamp>
			</report>
			<report>
				<misses>4592001</misses>
				<total>8</total>
				<timestamp>1743.215272</timestamp>
			</report>
			<report>
				<misses>4593001</misses>
				<total>8</total>
				<timestamp>1743.594829</timestamp>
			</report>
			<report>
				<misses>4594001</misses>
				<total>8</total>
				<timestamp>1743.974458</timestamp>
			</report>
			<report>
				<misses>4595001</misses>
				<total>8</total>
				<timestamp>1744.354103</timestamp>
			</report>
			<report>
				<misses>4596001</misses>
				<total>8</total>
				<timestamp>1744.733714</timestamp>
			</report>
			<report>
				<misses>4597001</misses>
				<total>8</total>
				<timestamp>1745.113371</timestamp>
			</report>
			<report>
				<misses>4598001</misses>
				<total>8</total>
				<timestamp>1745.492990</timestamp>
			</report>
			<report>
				<misses>4599001</misses>
				<total>8</total>
				<timestamp>1745.872602</timestamp>
			</report>
			<report>
				<misses>4600001</misses>
				<total>8</total>
				<timestamp>1746.252226</timestamp>
			</report>
			<report>
				<misses>4601001</misses>
				<total>8</total>
				<timestamp>1746.631801</timestamp>
			</report>
			<report>
				<misses>4602001</misses>
				<total>8</total>
				<timestamp>1747.011420</timestamp>
			</report>
			<report>
				<misses>4603001</misses>
				<total>8</total>
				<timestamp>1747.391057</timestamp>
			</report>
			<report>
				<misses>4604001</misses>
				<total>8</total>
				<timestamp>1747.770735</timestamp>
			</report>
			<report>
				<misses>4605001</misses>
				<total>8</total>
				<timestamp>1748.150281</timestamp>
			</report>
			<report>
				<misses>4606001</misses>
				<total>8</total>
				<timestamp>1748.529915</timestamp>
			</report>
			<report>
				<misses>4607001</misses>
				<total>8</total>
				<timestamp>1748.909553</timestamp>
			</report>
			<report>
				<misses>4608001</misses>
				<total>8</total>
				<timestamp>1749.289140</timestamp>
			</report>
			<report>
				<misses>4609001</misses>
				<total>8</total>
				<timestamp>1749.668830</timestamp>
			</report>
			<report>
				<misses>4610001</misses>
				<total>8</total>
				<timestamp>1750.048395</timestamp>
			</report>
			<report>
				<misses>4611001</misses>
				<total>8</total>
				<timestamp>1750.428032</timestamp>
			</report>
			<report>
				<misses>4612001</misses>
				<total>8</total>
				<timestamp>1750.807635</timestamp>
			</report>
			<report>
				<misses>4613001</misses>
				<total>8</total>
				<timestamp>1751.187266</timestamp>
			</report>
			<report>
				<misses>4614001</misses>
				<total>8</total>
				<timestamp>1751.566903</timestamp>
			</report>
			<report>
				<misses>4615001</misses>
				<total>8</total>
				<timestamp>1751.946483</timestamp>
			</report>
			<report>
				<misses>4616001</misses>
				<total>8</total>
				<timestamp>1752.326113</timestamp>
			</report>
			<report>
				<misses>4617001</misses>
				<total>8</total>
				<timestamp>1752.705749</timestamp>
			</report>
			<report>
				<misses>4618001</misses>
				<total>8</total>
				<timestamp>1753.085343</timestamp>
			</report>
			<report>
				<misses>4619001</misses>
				<total>8</total>
				<timestamp>1753.464954</timestamp>
			</report>
			<report>
				<misses>4620001</misses>
				<total>8</total>
				<timestamp>1753.844638</timestamp>
			</report>
			<report>
				<misses>4621001</misses>
				<total>8</total>
				<timestamp>1754.224210</timestamp>
			</report>
			<report>
				<misses>4622001</misses>
				<total>8</total>
				<timestamp>1754.603878</timestamp>
			</report>
			<report>
				<misses>4623001</misses>
				<total>8</total>
				<timestamp>1754.983455</timestamp>
			</report>
			<report>
				<misses>4624001</misses>
				<total>8</total>
				<timestamp>1755.363059</timestamp>
			</report>
			<report>
				<misses>4625001</misses>
				<total>8</total>
				<timestamp>1755.742694</timestamp>
			</report>
			<report>
				<misses>4626001</misses>
				<total>8</total>
				<timestamp>1756.122285</timestamp>
			</report>
			<report>
				<misses>4627001</misses>
				<total>8</total>
				<timestamp>1756.501913</timestamp>
			</report>
			<report>
				<misses>4628001</misses>
				<total>8</total>
				<timestamp>1756.881548</timestamp>
			</report>
			<report>
				<misses>4629001</misses>
				<total>8</total>
				<timestamp>1757.261171</timestamp>
			</report>
			<report>
				<misses>4630001</misses>
				<total>8</total>
				<timestamp>1757.640790</timestamp>
			</report>
			<report>
				<misses>4631001</misses>
				<total>8</total>
				<timestamp>1758.020403</timestamp>
			</report>
			<report>
				<misses>4632001</misses>
				<total>8</total>
				<timestamp>1758.400052</timestamp>
			</report>
			<report>
				<misses>4633001</misses>
				<total>8</total>
				<timestamp>1758.779729</timestamp>
			</report>
			<report>
				<misses>4634001</misses>
				<total>8</total>
				<timestamp>1759.159279</timestamp>
			</report>
			<report>
				<misses>4635001</misses>
				<total>8</total>
				<timestamp>1759.538903</timestamp>
			</report>
			<report>
				<misses>4636001</misses>
				<total>8</total>
				<timestamp>1759.918501</timestamp>
			</report>
			<report>
				<misses>4637001</misses>
				<total>8</total>
				<timestamp>1760.298109</timestamp>
			</report>
			<report>
				<misses>4638001</misses>
				<total>8</total>
				<timestamp>1760.677740</timestamp>
			</report>
			<report>
				<misses>4639001</misses>
				<total>8</total>
				<timestamp>1761.057420</timestamp>
			</report>
			<report>
				<misses>4640001</misses>
				<total>8</total>
				<timestamp>1761.436987</timestamp>
			</report>
			<report>
				<misses>4641001</misses>
				<total>8</total>
				<timestamp>1761.816688</timestamp>
			</report>
			<report>
				<misses>4642001</misses>
				<total>8</total>
				<timestamp>1762.196227</timestamp>
			</report>
			<report>
				<misses>4643001</misses>
				<total>8</total>
				<timestamp>1762.575845</timestamp>
			</report>
			<report>
				<misses>4644001</misses>
				<total>8</total>
				<timestamp>1762.955449</timestamp>
			</report>
			<report>
				<misses>4645001</misses>
				<total>8</total>
				<timestamp>1763.335093</timestamp>
			</report>
			<report>
				<misses>4646001</misses>
				<total>8</total>
				<timestamp>1763.714704</timestamp>
			</report>
			<report>
				<misses>4647001</misses>
				<total>8</total>
				<timestamp>1764.094321</timestamp>
			</report>
			<report>
				<misses>4648001</misses>
				<total>8</total>
				<timestamp>1764.473937</timestamp>
			</report>
			<report>
				<misses>4649001</misses>
				<total>8</total>
				<timestamp>1764.853583</timestamp>
			</report>
			<report>
				<misses>4650001</misses>
				<total>8</total>
				<timestamp>1765.233193</timestamp>
			</report>
			<report>
				<misses>4651001</misses>
				<total>8</total>
				<timestamp>1765.612786</timestamp>
			</report>
			<report>
				<misses>4652001</misses>
				<total>8</total>
				<timestamp>1765.992440</timestamp>
			</report>
			<report>
				<misses>4653001</misses>
				<total>8</total>
				<timestamp>1766.372060</timestamp>
			</report>
			<report>
				<misses>4654001</misses>
				<total>8</total>
				<timestamp>1766.751703</timestamp>
			</report>
			<report>
				<misses>4655001</misses>
				<total>8</total>
				<timestamp>1767.131292</timestamp>
			</report>
			<report>
				<misses>4656001</misses>
				<total>8</total>
				<timestamp>1767.510918</timestamp>
			</report>
			<report>
				<misses>4657001</misses>
				<total>8</total>
				<timestamp>1767.890534</timestamp>
			</report>
			<report>
				<misses>4658001</misses>
				<total>8</total>
				<timestamp>1768.270137</timestamp>
			</report>
			<report>
				<misses>4659001</misses>
				<total>8</total>
				<timestamp>1768.649792</timestamp>
			</report>
			<report>
				<misses>4660001</misses>
				<total>8</total>
				<timestamp>1769.029397</timestamp>
			</report>
			<report>
				<misses>4661001</misses>
				<total>8</total>
				<timestamp>1769.408992</timestamp>
			</report>
			<report>
				<misses>4662001</misses>
				<total>8</total>
				<timestamp>1769.788676</timestamp>
			</report>
			<report>
				<misses>4663001</misses>
				<total>8</total>
				<timestamp>1770.168270</timestamp>
			</report>
			<report>
				<misses>4664001</misses>
				<total>8</total>
				<timestamp>1770.547874</timestamp>
			</report>
			<report>
				<misses>4665001</misses>
				<total>8</total>
				<timestamp>1770.927512</timestamp>
			</report>
			<report>
				<misses>4666001</misses>
				<total>8</total>
				<timestamp>1771.307086</timestamp>
			</report>
			<report>
				<misses>4667001</misses>
				<total>8</total>
				<timestamp>1771.686719</timestamp>
			</report>
			<report>
				<misses>4668001</misses>
				<total>8</total>
				<timestamp>1772.066367</timestamp>
			</report>
			<report>
				<misses>4669001</misses>
				<total>8</total>
				<timestamp>1772.445967</timestamp>
			</report>
			<report>
				<misses>4670001</misses>
				<total>8</total>
				<timestamp>1772.825624</timestamp>
			</report>
			<report>
				<misses>4671001</misses>
				<total>8</total>
				<timestamp>1773.205213</timestamp>
			</report>
			<report>
				<misses>4672001</misses>
				<total>8</total>
				<timestamp>1773.584839</timestamp>
			</report>
			<report>
				<misses>4673001</misses>
				<total>8</total>
				<timestamp>1773.964458</timestamp>
			</report>
			<report>
				<misses>4674001</misses>
				<total>8</total>
				<timestamp>1774.344053</timestamp>
			</report>
			<report>
				<misses>4675001</misses>
				<total>8</total>
				<timestamp>1774.723673</timestamp>
			</report>
			<report>
				<misses>4676001</misses>
				<total>8</total>
				<timestamp>1775.103287</timestamp>
			</report>
			<report>
				<misses>4677001</misses>
				<total>8</total>
				<timestamp>1775.482981</timestamp>
			</report>
			<report>
				<misses>4678001</misses>
				<total>8</total>
				<timestamp>1775.862603</timestamp>
			</report>
			<report>
				<misses>4679001</misses>
				<total>8</total>
				<timestamp>1776.242149</timestamp>
			</report>
			<report>
				<misses>4680001</misses>
				<total>8</total>
				<timestamp>1776.621778</timestamp>
			</report>
			<report>
				<misses>4681001</misses>
				<total>8</total>
				<timestamp>1777.001444</timestamp>
			</report>
			<report>
				<misses>4682001</misses>
				<total>8</total>
				<timestamp>1777.381023</timestamp>
			</report>
			<report>
				<misses>4683001</misses>
				<total>8</total>
				<timestamp>1777.760642</timestamp>
			</report>
			<report>
				<misses>4684001</misses>
				<total>8</total>
				<timestamp>1778.140266</timestamp>
			</report>
			<report>
				<misses>4685001</misses>
				<total>8</total>
				<timestamp>1778.519893</timestamp>
			</report>
			<report>
				<misses>4686001</misses>
				<total>8</total>
				<timestamp>1778.899545</timestamp>
			</report>
			<report>
				<misses>4687001</misses>
				<total>8</total>
				<timestamp>1779.279133</timestamp>
			</report>
			<report>
				<misses>4688001</misses>
				<total>8</total>
				<timestamp>1779.658772</timestamp>
			</report>
			<report>
				<misses>4689001</misses>
				<total>8</total>
				<timestamp>1780.038368</timestamp>
			</report>
			<report>
				<misses>4690001</misses>
				<total>8</total>
				<timestamp>1780.417985</timestamp>
			</report>
			<report>
				<misses>4691001</misses>
				<total>8</total>
				<timestamp>1780.797607</timestamp>
			</report>
			<report>
				<misses>4692001</misses>
				<total>8</total>
				<timestamp>1781.177273</timestamp>
			</report>
			<report>
				<misses>4693001</misses>
				<total>8</total>
				<timestamp>1781.556832</timestamp>
			</report>
			<report>
				<misses>4694001</misses>
				<total>8</total>
				<timestamp>1781.936485</timestamp>
			</report>
			<report>
				<misses>4695001</misses>
				<total>8</total>
				<timestamp>1782.316080</timestamp>
			</report>
			<report>
				<misses>4696001</misses>
				<total>8</total>
				<timestamp>1782.695718</timestamp>
			</report>
			<report>
				<misses>4697001</misses>
				<total>8</total>
				<timestamp>1783.075316</timestamp>
			</report>
			<report>
				<misses>4698001</misses>
				<total>8</total>
				<timestamp>1783.454944</timestamp>
			</report>
			<report>
				<misses>4699001</misses>
				<total>8</total>
				<timestamp>1783.834607</timestamp>
			</report>
			<report>
				<misses>4700001</misses>
				<total>8</total>
				<timestamp>1784.214190</timestamp>
			</report>
			<report>
				<misses>4701001</misses>
				<total>8</total>
				<timestamp>1784.593802</timestamp>
			</report>
			<report>
				<misses>4702001</misses>
				<total>8</total>
				<timestamp>1784.973413</timestamp>
			</report>
			<report>
				<misses>4703001</misses>
				<total>8</total>
				<timestamp>1785.353045</timestamp>
			</report>
			<report>
				<misses>4704001</misses>
				<total>8</total>
				<timestamp>1785.732696</timestamp>
			</report>
			<report>
				<misses>4705001</misses>
				<total>8</total>
				<timestamp>1786.112266</timestamp>
			</report>
			<report>
				<misses>4706001</misses>
				<total>8</total>
				<timestamp>1786.491888</timestamp>
			</report>
			<report>
				<misses>4707001</misses>
				<total>8</total>
				<timestamp>1786.871545</timestamp>
			</report>
			<report>
				<misses>4708001</misses>
				<total>8</total>
				<timestamp>1787.251134</timestamp>
			</report>
			<report>
				<misses>4709001</misses>
				<total>8</total>
				<timestamp>1787.630756</timestamp>
			</report>
			<report>
				<misses>4710001</misses>
				<total>8</total>
				<timestamp>1788.010416</timestamp>
			</report>
			<report>
				<misses>4711001</misses>
				<total>8</total>
				<timestamp>1788.390013</timestamp>
			</report>
			<report>
				<misses>4712001</misses>
				<total>8</total>
				<timestamp>1788.769646</timestamp>
			</report>
			<report>
				<misses>4713001</misses>
				<total>8</total>
				<timestamp>1789.149276</timestamp>
			</report>
			<report>
				<misses>4714001</misses>
				<total>8</total>
				<timestamp>1789.528857</timestamp>
			</report>
			<report>
				<misses>4715001</misses>
				<total>8</total>
				<timestamp>1789.908531</timestamp>
			</report>
			<report>
				<misses>4716001</misses>
				<total>8</total>
				<timestamp>1790.288099</timestamp>
			</report>
			<report>
				<misses>4717001</misses>
				<total>8</total>
				<timestamp>1790.667719</timestamp>
			</report>
			<report>
				<misses>4718001</misses>
				<total>8</total>
				<timestamp>1791.047394</timestamp>
			</report>
			<report>
				<misses>4719001</misses>
				<total>8</total>
				<timestamp>1791.426978</timestamp>
			</report>
			<report>
				<misses>4720001</misses>
				<total>8</total>
				<timestamp>1791.806611</timestamp>
			</report>
			<report>
				<misses>4721001</misses>
				<total>8</total>
				<timestamp>1792.186218</timestamp>
			</report>
			<report>
				<misses>4722001</misses>
				<total>8</total>
				<timestamp>1792.565824</timestamp>
			</report>
			<report>
				<misses>4723001</misses>
				<total>8</total>
				<timestamp>1792.945481</timestamp>
			</report>
			<report>
				<misses>4724001</misses>
				<total>8</total>
				<timestamp>1793.325072</timestamp>
			</report>
			<report>
				<misses>4725001</misses>
				<total>8</total>
				<timestamp>1793.704707</timestamp>
			</report>
			<report>
				<misses>4726001</misses>
				<total>8</total>
				<timestamp>1794.084321</timestamp>
			</report>
			<report>
				<misses>4727001</misses>
				<total>8</total>
				<timestamp>1794.463933</timestamp>
			</report>
			<report>
				<misses>4728001</misses>
				<total>8</total>
				<timestamp>1794.843577</timestamp>
			</report>
			<report>
				<misses>4729001</misses>
				<total>8</total>
				<timestamp>1795.223160</timestamp>
			</report>
			<report>
				<misses>4730001</misses>
				<total>8</total>
				<timestamp>1795.602773</timestamp>
			</report>
			<report>
				<misses>4731001</misses>
				<total>8</total>
				<timestamp>1795.982466</timestamp>
			</report>
			<report>
				<misses>4732001</misses>
				<total>8</total>
				<timestamp>1796.362049</timestamp>
			</report>
			<report>
				<misses>4733001</misses>
				<total>8</total>
				<timestamp>1796.741657</timestamp>
			</report>
			<report>
				<misses>4734001</misses>
				<total>8</total>
				<timestamp>1797.121308</timestamp>
			</report>
			<report>
				<misses>4735001</misses>
				<total>8</total>
				<timestamp>1797.500901</timestamp>
			</report>
			<report>
				<misses>4736001</misses>
				<total>8</total>
				<timestamp>1797.880592</timestamp>
			</report>
			<report>
				<misses>4737001</misses>
				<total>8</total>
				<timestamp>1798.260132</timestamp>
			</report>
			<report>
				<misses>4738001</misses>
				<total>8</total>
				<timestamp>1798.639747</timestamp>
			</report>
			<report>
				<misses>4739001</misses>
				<total>8</total>
				<timestamp>1799.019408</timestamp>
			</report>
			<report>
				<misses>4740001</misses>
				<total>8</total>
				<timestamp>1799.398984</timestamp>
			</report>
			<report>
				<misses>4741001</misses>
				<total>8</total>
				<timestamp>1799.778632</timestamp>
			</report>
			<report>
				<misses>4742001</misses>
				<total>8</total>
				<timestamp>1800.158230</timestamp>
			</report>
			<report>
				<misses>4743001</misses>
				<total>8</total>
				<timestamp>1800.537840</timestamp>
			</report>
			<report>
				<misses>4744001</misses>
				<total>8</total>
				<timestamp>1800.917530</timestamp>
			</report>
			<report>
				<misses>4745001</misses>
				<total>8</total>
				<timestamp>1801.297112</timestamp>
			</report>
			<report>
				<misses>4746001</misses>
				<total>8</total>
				<timestamp>1801.676742</timestamp>
			</report>
			<report>
				<misses>4747001</misses>
				<total>8</total>
				<timestamp>1802.056372</timestamp>
			</report>
			<report>
				<misses>4748001</misses>
				<total>8</total>
				<timestamp>1802.435942</timestamp>
			</report>
			<report>
				<misses>4749001</misses>
				<total>8</total>
				<timestamp>1802.815568</timestamp>
			</report>
			<report>
				<misses>4750001</misses>
				<total>8</total>
				<timestamp>1803.195178</timestamp>
			</report>
			<report>
				<misses>4751001</misses>
				<total>8</total>
				<timestamp>1803.574808</timestamp>
			</report>
			<report>
				<misses>4752001</misses>
				<total>8</total>
				<timestamp>1803.954447</timestamp>
			</report>
			<report>
				<misses>4753001</misses>
				<total>8</total>
				<timestamp>1804.334039</timestamp>
			</report>
			<report>
				<misses>4754001</misses>
				<total>8</total>
				<timestamp>1804.713686</timestamp>
			</report>
			<report>
				<misses>4755001</misses>
				<total>8</total>
				<timestamp>1805.093273</timestamp>
			</report>
			<report>
				<misses>4756001</misses>
				<total>8</total>
				<timestamp>1805.472916</timestamp>
			</report>
			<report>
				<misses>4757001</misses>
				<total>8</total>
				<timestamp>1805.852539</timestamp>
			</report>
			<report>
				<misses>4758001</misses>
				<total>8</total>
				<timestamp>1806.232180</timestamp>
			</report>
			<report>
				<misses>4759001</misses>
				<total>8</total>
				<timestamp>1806.611768</timestamp>
			</report>
			<report>
				<misses>4760001</misses>
				<total>8</total>
				<timestamp>1806.991457</timestamp>
			</report>
			<report>
				<misses>4761001</misses>
				<total>8</total>
				<timestamp>1807.371002</timestamp>
			</report>
			<report>
				<misses>4762001</misses>
				<total>8</total>
				<timestamp>1807.750641</timestamp>
			</report>
			<report>
				<misses>4763001</misses>
				<total>8</total>
				<timestamp>1808.130252</timestamp>
			</report>
			<report>
				<misses>4764001</misses>
				<total>8</total>
				<timestamp>1808.509880</timestamp>
			</report>
			<report>
				<misses>4765001</misses>
				<total>8</total>
				<timestamp>1808.889501</timestamp>
			</report>
			<report>
				<misses>4766001</misses>
				<total>8</total>
				<timestamp>1809.269096</timestamp>
			</report>
			<report>
				<misses>4767001</misses>
				<total>8</total>
				<timestamp>1809.648720</timestamp>
			</report>
			<report>
				<misses>4768001</misses>
				<total>8</total>
				<timestamp>1810.028395</timestamp>
			</report>
			<report>
				<misses>4769001</misses>
				<total>8</total>
				<timestamp>1810.407973</timestamp>
			</report>
			<report>
				<misses>4770001</misses>
				<total>8</total>
				<timestamp>1810.787597</timestamp>
			</report>
			<report>
				<misses>4771001</misses>
				<total>8</total>
				<timestamp>1811.167249</timestamp>
			</report>
			<report>
				<misses>4772001</misses>
				<total>8</total>
				<timestamp>1811.546807</timestamp>
			</report>
			<report>
				<misses>4773001</misses>
				<total>8</total>
				<timestamp>1811.926455</timestamp>
			</report>
			<report>
				<misses>4774001</misses>
				<total>8</total>
				<timestamp>1812.306072</timestamp>
			</report>
			<report>
				<misses>4775001</misses>
				<total>8</total>
				<timestamp>1812.685674</timestamp>
			</report>
			<report>
				<misses>4776001</misses>
				<total>8</total>
				<timestamp>1813.065338</timestamp>
			</report>
			<report>
				<misses>4777001</misses>
				<total>8</total>
				<timestamp>1813.444923</timestamp>
			</report>
			<report>
				<misses>4778001</misses>
				<total>8</total>
				<timestamp>1813.824560</timestamp>
			</report>
			<report>
				<misses>4779001</misses>
				<total>8</total>
				<timestamp>1814.204178</timestamp>
			</report>
			<report>
				<misses>4780001</misses>
				<total>8</total>
				<timestamp>1814.583773</timestamp>
			</report>
			<report>
				<misses>4781001</misses>
				<total>8</total>
				<timestamp>1814.963429</timestamp>
			</report>
			<report>
				<misses>4782001</misses>
				<total>8</total>
				<timestamp>1815.343061</timestamp>
			</report>
			<report>
				<misses>4783001</misses>
				<total>8</total>
				<timestamp>1815.722647</timestamp>
			</report>
			<report>
				<misses>4784001</misses>
				<total>8</total>
				<timestamp>1816.102302</timestamp>
			</report>
			<report>
				<misses>4785001</misses>
				<total>8</total>
				<timestamp>1816.481895</timestamp>
			</report>
			<report>
				<misses>4786001</misses>
				<total>8</total>
				<timestamp>1816.861497</timestamp>
			</report>
			<report>
				<misses>4787001</misses>
				<total>8</total>
				<timestamp>1817.241121</timestamp>
			</report>
			<report>
				<misses>4788001</misses>
				<total>8</total>
				<timestamp>1817.620731</timestamp>
			</report>
			<report>
				<misses>4789001</misses>
				<total>8</total>
				<timestamp>1818.000394</timestamp>
			</report>
			<report>
				<misses>4790001</misses>
				<total>8</total>
				<timestamp>1818.379995</timestamp>
			</report>
			<report>
				<misses>4791001</misses>
				<total>8</total>
				<timestamp>1818.759600</timestamp>
			</report>
			<report>
				<misses>4792001</misses>
				<total>8</total>
				<timestamp>1819.139259</timestamp>
			</report>
			<report>
				<misses>4793001</misses>
				<total>8</total>
				<timestamp>1819.518834</timestamp>
			</report>
			<report>
				<misses>4794001</misses>
				<total>8</total>
				<timestamp>1819.898483</timestamp>
			</report>
			<report>
				<misses>4795001</misses>
				<total>8</total>
				<timestamp>1820.278078</timestamp>
			</report>
			<report>
				<misses>4796001</misses>
				<total>8</total>
				<timestamp>1820.657702</timestamp>
			</report>
			<report>
				<misses>4797001</misses>
				<total>8</total>
				<timestamp>1821.037337</timestamp>
			</report>
			<report>
				<misses>4798001</misses>
				<total>8</total>
				<timestamp>1821.416954</timestamp>
			</report>
			<report>
				<misses>4799001</misses>
				<total>8</total>
				<timestamp>1821.796580</timestamp>
			</report>
			<report>
				<misses>4800001</misses>
				<total>8</total>
				<timestamp>1822.176240</timestamp>
			</report>
			<report>
				<misses>4801001</misses>
				<total>8</total>
				<timestamp>1822.555799</timestamp>
			</report>
			<report>
				<misses>4802001</misses>
				<total>8</total>
				<timestamp>1822.935455</timestamp>
			</report>
			<report>
				<misses>4803001</misses>
				<total>8</total>
				<timestamp>1823.315025</timestamp>
			</report>
			<report>
				<misses>4804001</misses>
				<total>8</total>
				<timestamp>1823.694665</timestamp>
			</report>
			<report>
				<misses>4805001</misses>
				<total>8</total>
				<timestamp>1824.074298</timestamp>
			</report>
			<report>
				<misses>4806001</misses>
				<total>8</total>
				<timestamp>1824.453894</timestamp>
			</report>
			<report>
				<misses>4807001</misses>
				<total>8</total>
				<timestamp>1824.833564</timestamp>
			</report>
			<report>
				<misses>4808001</misses>
				<total>8</total>
				<timestamp>1825.213179</timestamp>
			</report>
			<report>
				<misses>4809001</misses>
				<total>8</total>
				<timestamp>1825.592755</timestamp>
			</report>
			<report>
				<misses>4810001</misses>
				<total>8</total>
				<timestamp>1825.972389</timestamp>
			</report>
			<report>
				<misses>4811001</misses>
				<total>8</total>
				<timestamp>1826.352001</timestamp>
			</report>
			<report>
				<misses>4812001</misses>
				<total>8</total>
				<timestamp>1826.731623</timestamp>
			</report>
			<report>
				<misses>4813001</misses>
				<total>8</total>
				<timestamp>1827.111280</timestamp>
			</report>
			<report>
				<misses>4814001</misses>
				<total>8</total>
				<timestamp>1827.490855</timestamp>
			</report>
			<report>
				<misses>4815001</misses>
				<total>8</total>
				<timestamp>1827.870477</timestamp>
			</report>
			<report>
				<misses>4816001</misses>
				<total>8</total>
				<timestamp>1828.250144</timestamp>
			</report>
			<report>
				<misses>4817001</misses>
				<total>8</total>
				<timestamp>1828.629737</timestamp>
			</report>
			<report>
				<misses>4818001</misses>
				<total>8</total>
				<timestamp>1829.009355</timestamp>
			</report>
			<report>
				<misses>4819001</misses>
				<total>8</total>
				<timestamp>1829.388997</timestamp>
			</report>
			<report>
				<misses>4820001</misses>
				<total>8</total>
				<timestamp>1829.768591</timestamp>
			</report>
			<report>
				<misses>4821001</misses>
				<total>8</total>
				<timestamp>1830.148225</timestamp>
			</report>
			<report>
				<misses>4822001</misses>
				<total>8</total>
				<timestamp>1830.527814</timestamp>
			</report>
			<report>
				<misses>4823001</misses>
				<total>8</total>
				<timestamp>1830.907440</timestamp>
			</report>
			<report>
				<misses>4824001</misses>
				<total>8</total>
				<timestamp>1831.287056</timestamp>
			</report>
			<report>
				<misses>4825001</misses>
				<total>8</total>
				<timestamp>1831.666677</timestamp>
			</report>
			<report>
				<misses>4826001</misses>
				<total>8</total>
				<timestamp>1832.046315</timestamp>
			</report>
			<report>
				<misses>4827001</misses>
				<total>8</total>
				<timestamp>1832.425940</timestamp>
			</report>
			<report>
				<misses>4828001</misses>
				<total>8</total>
				<timestamp>1832.805543</timestamp>
			</report>
			<report>
				<misses>4829001</misses>
				<total>8</total>
				<timestamp>1833.185193</timestamp>
			</report>
			<report>
				<misses>4830001</misses>
				<total>8</total>
				<timestamp>1833.564791</timestamp>
			</report>
			<report>
				<misses>4831001</misses>
				<total>8</total>
				<timestamp>1833.944400</timestamp>
			</report>
			<report>
				<misses>4832001</misses>
				<total>8</total>
				<timestamp>1834.324020</timestamp>
			</report>
			<report>
				<misses>4833001</misses>
				<total>8</total>
				<timestamp>1834.703669</timestamp>
			</report>
			<report>
				<misses>4834001</misses>
				<total>8</total>
				<timestamp>1835.083264</timestamp>
			</report>
			<report>
				<misses>4835001</misses>
				<total>8</total>
				<timestamp>1835.462890</timestamp>
			</report>
			<report>
				<misses>4836001</misses>
				<total>8</total>
				<timestamp>1835.842549</timestamp>
			</report>
			<report>
				<misses>4837001</misses>
				<total>8</total>
				<timestamp>1836.222187</timestamp>
			</report>
			<report>
				<misses>4838001</misses>
				<total>8</total>
				<timestamp>1836.601733</timestamp>
			</report>
			<report>
				<misses>4839001</misses>
				<total>8</total>
				<timestamp>1836.981352</timestamp>
			</report>
			<report>
				<misses>4840001</misses>
				<total>8</total>
				<timestamp>1837.360983</timestamp>
			</report>
			<report>
				<misses>4841001</misses>
				<total>8</total>
				<timestamp>1837.740601</timestamp>
			</report>
			<report>
				<misses>4842001</misses>
				<total>8</total>
				<timestamp>1838.120249</timestamp>
			</report>
			<report>
				<misses>4843001</misses>
				<total>8</total>
				<timestamp>1838.499849</timestamp>
			</report>
			<report>
				<misses>4844001</misses>
				<total>8</total>
				<timestamp>1838.879465</timestamp>
			</report>
			<report>
				<misses>4845001</misses>
				<total>8</total>
				<timestamp>1839.259125</timestamp>
			</report>
			<report>
				<misses>4846001</misses>
				<total>8</total>
				<timestamp>1839.638707</timestamp>
			</report>
			<report>
				<misses>4847001</misses>
				<total>8</total>
				<timestamp>1840.018377</timestamp>
			</report>
			<report>
				<misses>4848001</misses>
				<total>8</total>
				<timestamp>1840.397939</timestamp>
			</report>
			<report>
				<misses>4849001</misses>
				<total>8</total>
				<timestamp>1840.777576</timestamp>
			</report>
			<report>
				<misses>4850001</misses>
				<total>8</total>
				<timestamp>1841.157238</timestamp>
			</report>
			<report>
				<misses>4851001</misses>
				<total>8</total>
				<timestamp>1841.536806</timestamp>
			</report>
			<report>
				<misses>4852001</misses>
				<total>8</total>
				<timestamp>1841.916406</timestamp>
			</report>
			<report>
				<misses>4853001</misses>
				<total>8</total>
				<timestamp>1842.296038</timestamp>
			</report>
			<report>
				<misses>4854001</misses>
				<total>8</total>
				<timestamp>1842.675653</timestamp>
			</report>
			<report>
				<misses>4855001</misses>
				<total>8</total>
				<timestamp>1843.055330</timestamp>
			</report>
			<report>
				<misses>4856001</misses>
				<total>8</total>
				<timestamp>1843.434920</timestamp>
			</report>
			<report>
				<misses>4857001</misses>
				<total>8</total>
				<timestamp>1843.814522</timestamp>
			</report>
			<report>
				<misses>4858001</misses>
				<total>8</total>
				<timestamp>1844.194212</timestamp>
			</report>
			<report>
				<misses>4859001</misses>
				<total>8</total>
				<timestamp>1844.573755</timestamp>
			</report>
			<report>
				<misses>4860001</misses>
				<total>8</total>
				<timestamp>1844.953387</timestamp>
			</report>
			<report>
				<misses>4861001</misses>
				<total>8</total>
				<timestamp>1845.333006</timestamp>
			</report>
			<report>
				<misses>4862001</misses>
				<total>8</total>
				<timestamp>1845.712643</timestamp>
			</report>
			<report>
				<misses>4863001</misses>
				<total>8</total>
				<timestamp>1846.092303</timestamp>
			</report>
			<report>
				<misses>4864001</misses>
				<total>8</total>
				<timestamp>1846.471873</timestamp>
			</report>
			<report>
				<misses>4865001</misses>
				<total>8</total>
				<timestamp>1846.851484</timestamp>
			</report>
			<report>
				<misses>4866001</misses>
				<total>8</total>
				<timestamp>1847.231116</timestamp>
			</report>
			<report>
				<misses>4867001</misses>
				<total>8</total>
				<timestamp>1847.610713</timestamp>
			</report>
			<report>
				<misses>4868001</misses>
				<total>8</total>
				<timestamp>1847.990361</timestamp>
			</report>
			<report>
				<misses>4869001</misses>
				<total>8</total>
				<timestamp>1848.369959</timestamp>
			</report>
			<report>
				<misses>4870001</misses>
				<total>8</total>
				<timestamp>1848.749582</timestamp>
			</report>
			<report>
				<misses>4871001</misses>
				<total>8</total>
				<timestamp>1849.129262</timestamp>
			</report>
			<report>
				<misses>4872001</misses>
				<total>8</total>
				<timestamp>1849.508828</timestamp>
			</report>
			<report>
				<misses>4873001</misses>
				<total>8</total>
				<timestamp>1849.888444</timestamp>
			</report>
			<report>
				<misses>4874001</misses>
				<total>8</total>
				<timestamp>1850.268106</timestamp>
			</report>
			<report>
				<misses>4875001</misses>
				<total>8</total>
				<timestamp>1850.647681</timestamp>
			</report>
			<report>
				<misses>4876001</misses>
				<total>8</total>
				<timestamp>1851.027310</timestamp>
			</report>
			<report>
				<misses>4877001</misses>
				<total>8</total>
				<timestamp>1851.406939</timestamp>
			</report>
			<report>
				<misses>4878001</misses>
				<total>8</total>
				<timestamp>1851.786535</timestamp>
			</report>
			<report>
				<misses>4879001</misses>
				<total>8</total>
				<timestamp>1852.166182</timestamp>
			</report>
			<report>
				<misses>4880001</misses>
				<total>8</total>
				<timestamp>1852.545769</timestamp>
			</report>
			<report>
				<misses>4881001</misses>
				<total>8</total>
				<timestamp>1852.925404</timestamp>
			</report>
			<report>
				<misses>4882001</misses>
				<total>8</total>
				<timestamp>1853.305062</timestamp>
			</report>
			<report>
				<misses>4883001</misses>
				<total>8</total>
				<timestamp>1853.684638</timestamp>
			</report>
			<report>
				<misses>4884001</misses>
				<total>8</total>
				<timestamp>1854.064264</timestamp>
			</report>
			<report>
				<misses>4885001</misses>
				<total>8</total>
				<timestamp>1854.443875</timestamp>
			</report>
			<report>
				<misses>4886001</misses>
				<total>8</total>
				<timestamp>1854.823514</timestamp>
			</report>
			<report>
				<misses>4887001</misses>
				<total>8</total>
				<timestamp>1855.203135</timestamp>
			</report>
			<report>
				<misses>4888001</misses>
				<total>8</total>
				<timestamp>1855.582780</timestamp>
			</report>
			<report>
				<misses>4889001</misses>
				<total>8</total>
				<timestamp>1855.962358</timestamp>
			</report>
			<report>
				<misses>4890001</misses>
				<total>8</total>
				<timestamp>1856.342041</timestamp>
			</report>
			<report>
				<misses>4891001</misses>
				<total>8</total>
				<timestamp>1856.721636</timestamp>
			</report>
			<report>
				<misses>4892001</misses>
				<total>8</total>
				<timestamp>1857.101244</timestamp>
			</report>
			<report>
				<misses>4893001</misses>
				<total>8</total>
				<timestamp>1857.480866</timestamp>
			</report>
			<report>
				<misses>4894001</misses>
				<total>8</total>
				<timestamp>1857.860474</timestamp>
			</report>
			<report>
				<misses>4895001</misses>
				<total>8</total>
				<timestamp>1858.240119</timestamp>
			</report>
			<report>
				<misses>4896001</misses>
				<total>8</total>
				<timestamp>1858.619687</timestamp>
			</report>
			<report>
				<misses>4897001</misses>
				<total>8</total>
				<timestamp>1858.999342</timestamp>
			</report>
			<report>
				<misses>4898001</misses>
				<total>8</total>
				<timestamp>1859.378933</timestamp>
			</report>
			<report>
				<misses>4899001</misses>
				<total>8</total>
				<timestamp>1859.758556</timestamp>
			</report>
			<report>
				<misses>4900001</misses>
				<total>8</total>
				<timestamp>1860.138206</timestamp>
			</report>
			<report>
				<misses>4901001</misses>
				<total>8</total>
				<timestamp>1860.517828</timestamp>
			</report>
			<report>
				<misses>4902001</misses>
				<total>8</total>
				<timestamp>1860.897409</timestamp>
			</report>
			<report>
				<misses>4903001</misses>
				<total>8</total>
				<timestamp>1861.277094</timestamp>
			</report>
			<report>
				<misses>4904001</misses>
				<total>8</total>
				<timestamp>1861.656663</timestamp>
			</report>
			<report>
				<misses>4905001</misses>
				<total>8</total>
				<timestamp>1862.036286</timestamp>
			</report>
			<report>
				<misses>4906001</misses>
				<total>8</total>
				<timestamp>1862.415908</timestamp>
			</report>
			<report>
				<misses>4907001</misses>
				<total>8</total>
				<timestamp>1862.795545</timestamp>
			</report>
			<report>
				<misses>4908001</misses>
				<total>8</total>
				<timestamp>1863.175197</timestamp>
			</report>
			<report>
				<misses>4909001</misses>
				<total>8</total>
				<timestamp>1863.554753</timestamp>
			</report>
			<report>
				<misses>4910001</misses>
				<total>8</total>
				<timestamp>1863.934371</timestamp>
			</report>
			<report>
				<misses>4911001</misses>
				<total>8</total>
				<timestamp>1864.314017</timestamp>
			</report>
			<report>
				<misses>4912001</misses>
				<total>8</total>
				<timestamp>1864.693639</timestamp>
			</report>
			<report>
				<misses>4913001</misses>
				<total>8</total>
				<timestamp>1865.073261</timestamp>
			</report>
			<report>
				<misses>4914001</misses>
				<total>8</total>
				<timestamp>1865.452860</timestamp>
			</report>
			<report>
				<misses>4915001</misses>
				<total>8</total>
				<timestamp>1865.832491</timestamp>
			</report>
			<report>
				<misses>4916001</misses>
				<total>8</total>
				<timestamp>1866.212169</timestamp>
			</report>
			<report>
				<misses>4917001</misses>
				<total>8</total>
				<timestamp>1866.591714</timestamp>
			</report>
			<report>
				<misses>4918001</misses>
				<total>8</total>
				<timestamp>1866.971322</timestamp>
			</report>
			<report>
				<misses>4919001</misses>
				<total>8</total>
				<timestamp>1867.350981</timestamp>
			</report>
			<report>
				<misses>4920001</misses>
				<total>8</total>
				<timestamp>1867.730581</timestamp>
			</report>
			<report>
				<misses>4921001</misses>
				<total>8</total>
				<timestamp>1868.110205</timestamp>
			</report>
			<report>
				<misses>4922001</misses>
				<total>8</total>
				<timestamp>1868.489809</timestamp>
			</report>
			<report>
				<misses>4923001</misses>
				<total>8</total>
				<timestamp>1868.869443</timestamp>
			</report>
			<report>
				<misses>4924001</misses>
				<total>8</total>
				<timestamp>1869.249084</timestamp>
			</report>
			<report>
				<misses>4925001</misses>
				<total>8</total>
				<timestamp>1869.628672</timestamp>
			</report>
			<report>
				<misses>4926001</misses>
				<total>8</total>
				<timestamp>1870.008317</timestamp>
			</report>
			<report>
				<misses>4927001</misses>
				<total>8</total>
				<timestamp>1870.387997</timestamp>
			</report>
			<report>
				<misses>4928001</misses>
				<total>8</total>
				<timestamp>1870.767555</timestamp>
			</report>
			<report>
				<misses>4929001</misses>
				<total>8</total>
				<timestamp>1871.147173</timestamp>
			</report>
			<report>
				<misses>4930001</misses>
				<total>8</total>
				<timestamp>1871.526783</timestamp>
			</report>
			<report>
				<misses>4931001</misses>
				<total>8</total>
				<timestamp>1871.906439</timestamp>
			</report>
			<report>
				<misses>4932001</misses>
				<total>8</total>
				<timestamp>1872.286043</timestamp>
			</report>
			<report>
				<misses>4933001</misses>
				<total>8</total>
				<timestamp>1872.665642</timestamp>
			</report>
			<report>
				<misses>4934001</misses>
				<total>8</total>
				<timestamp>1873.045296</timestamp>
			</report>
			<report>
				<misses>4935001</misses>
				<total>8</total>
				<timestamp>1873.424894</timestamp>
			</report>
			<report>
				<misses>4936001</misses>
				<total>8</total>
				<timestamp>1873.804501</timestamp>
			</report>
			<report>
				<misses>4937001</misses>
				<total>8</total>
				<timestamp>1874.184138</timestamp>
			</report>
			<report>
				<misses>4938001</misses>
				<total>8</total>
				<timestamp>1874.563734</timestamp>
			</report>
			<report>
				<misses>4939001</misses>
				<total>8</total>
				<timestamp>1874.943394</timestamp>
			</report>
			<report>
				<misses>4940001</misses>
				<total>8</total>
				<timestamp>1875.323027</timestamp>
			</report>
			<report>
				<misses>4941001</misses>
				<total>8</total>
				<timestamp>1875.702587</timestamp>
			</report>
			<report>
				<misses>4942001</misses>
				<total>8</total>
				<timestamp>1876.082224</timestamp>
			</report>
			<report>
				<misses>4943001</misses>
				<total>8</total>
				<timestamp>1876.461849</timestamp>
			</report>
			<report>
				<misses>4944001</misses>
				<total>8</total>
				<timestamp>1876.841460</timestamp>
			</report>
			<report>
				<misses>4945001</misses>
				<total>8</total>
				<timestamp>1877.221120</timestamp>
			</report>
			<report>
				<misses>4946001</misses>
				<total>8</total>
				<timestamp>1877.600710</timestamp>
			</report>
			<report>
				<misses>4947001</misses>
				<total>8</total>
				<timestamp>1877.980354</timestamp>
			</report>
			<report>
				<misses>4948001</misses>
				<total>8</total>
				<timestamp>1878.359941</timestamp>
			</report>
			<report>
				<misses>4949001</misses>
				<total>8</total>
				<timestamp>1878.739560</timestamp>
			</report>
			<report>
				<misses>4950001</misses>
				<total>8</total>
				<timestamp>1879.119195</timestamp>
			</report>
			<report>
				<misses>4951001</misses>
				<total>8</total>
				<timestamp>1879.498784</timestamp>
			</report>
			<report>
				<misses>4952001</misses>
				<total>8</total>
				<timestamp>1879.878425</timestamp>
			</report>
			<report>
				<misses>4953001</misses>
				<total>8</total>
				<timestamp>1880.258121</timestamp>
			</report>
			<report>
				<misses>4954001</misses>
				<total>8</total>
				<timestamp>1880.637663</timestamp>
			</report>
			<report>
				<misses>4955001</misses>
				<total>8</total>
				<timestamp>1881.017299</timestamp>
			</report>
			<report>
				<misses>4956001</misses>
				<total>8</total>
				<timestamp>1881.396930</timestamp>
			</report>
			<report>
				<misses>4957001</misses>
				<total>8</total>
				<timestamp>1881.776570</timestamp>
			</report>
			<report>
				<misses>4958001</misses>
				<total>8</total>
				<timestamp>1882.156135</timestamp>
			</report>
			<report>
				<misses>4959001</misses>
				<total>8</total>
				<timestamp>1882.535771</timestamp>
			</report>
			<report>
				<misses>4960001</misses>
				<total>8</total>
				<timestamp>1882.915426</timestamp>
			</report>
			<report>
				<misses>4961001</misses>
				<total>8</total>
				<timestamp>1883.295067</timestamp>
			</report>
			<report>
				<misses>4962001</misses>
				<total>8</total>
				<timestamp>1883.674621</timestamp>
			</report>
			<report>
				<misses>4963001</misses>
				<total>8</total>
				<timestamp>1884.054276</timestamp>
			</report>
			<report>
				<misses>4964001</misses>
				<total>8</total>
				<timestamp>1884.433885</timestamp>
			</report>
			<report>
				<misses>4965001</misses>
				<total>8</total>
				<timestamp>1884.813482</timestamp>
			</report>
			<report>
				<misses>4966001</misses>
				<total>8</total>
				<timestamp>1885.193124</timestamp>
			</report>
			<report>
				<misses>4967001</misses>
				<total>8</total>
				<timestamp>1885.572710</timestamp>
			</report>
			<report>
				<misses>4968001</misses>
				<total>8</total>
				<timestamp>1885.952353</timestamp>
			</report>
			<report>
				<misses>4969001</misses>
				<total>8</total>
				<timestamp>1886.331964</timestamp>
			</report>
			<report>
				<misses>4970001</misses>
				<total>8</total>
				<timestamp>1886.711594</timestamp>
			</report>
			<report>
				<misses>4971001</misses>
				<total>8</total>
				<timestamp>1887.091213</timestamp>
			</report>
			<report>
				<misses>4972001</misses>
				<total>8</total>
				<timestamp>1887.470825</timestamp>
			</report>
			<report>
				<misses>4973001</misses>
				<total>8</total>
				<timestamp>1887.850438</timestamp>
			</report>
			<report>
				<misses>4974001</misses>
				<total>8</total>
				<timestamp>1888.230057</timestamp>
			</report>
			<report>
				<misses>4975001</misses>
				<total>8</total>
				<timestamp>1888.609679</timestamp>
			</report>
			<report>
				<misses>4976001</misses>
				<total>8</total>
				<timestamp>1888.989318</timestamp>
			</report>
			<report>
				<misses>4977001</misses>
				<total>8</total>
				<timestamp>1889.368965</timestamp>
			</report>
			<report>
				<misses>4978001</misses>
				<total>8</total>
				<timestamp>1889.748528</timestamp>
			</report>
			<report>
				<misses>4979001</misses>
				<total>8</total>
				<timestamp>1890.128152</timestamp>
			</report>
			<report>
				<misses>4980001</misses>
				<total>8</total>
				<timestamp>1890.507792</timestamp>
			</report>
			<report>
				<misses>4981001</misses>
				<total>8</total>
				<timestamp>1890.887399</timestamp>
			</report>
			<report>
				<misses>4982001</misses>
				<total>8</total>
				<timestamp>1891.267068</timestamp>
			</report>
			<report>
				<misses>4983001</misses>
				<total>8</total>
				<timestamp>1891.646648</timestamp>
			</report>
			<report>
				<misses>4984001</misses>
				<total>8</total>
				<timestamp>1892.026285</timestamp>
			</report>
			<report>
				<misses>4985001</misses>
				<total>8</total>
				<timestamp>1892.405886</timestamp>
			</report>
			<report>
				<misses>4986001</misses>
				<total>8</total>
				<timestamp>1892.785495</timestamp>
			</report>
			<report>
				<misses>4987001</misses>
				<total>8</total>
				<timestamp>1893.165152</timestamp>
			</report>
			<report>
				<misses>4988001</misses>
				<total>8</total>
				<timestamp>1893.544736</timestamp>
			</report>
			<report>
				<misses>4989001</misses>
				<total>8</total>
				<timestamp>1893.924425</timestamp>
			</report>
			<report>
				<misses>4990001</misses>
				<total>8</total>
				<timestamp>1894.303988</timestamp>
			</report>
			<report>
				<misses>4991001</misses>
				<total>8</total>
				<timestamp>1894.683596</timestamp>
			</report>
			<report>
				<misses>4992001</misses>
				<total>8</total>
				<timestamp>1895.063284</timestamp>
			</report>
			<report>
				<misses>4993001</misses>
				<total>8</total>
				<timestamp>1895.442911</timestamp>
			</report>
			<report>
				<misses>4994001</misses>
				<total>8</total>
				<timestamp>1895.822467</timestamp>
			</report>
			<report>
				<misses>4995001</misses>
				<total>8</total>
				<timestamp>1896.202094</timestamp>
			</report>
			<report>
				<misses>4996001</misses>
				<total>8</total>
				<timestamp>1896.581703</timestamp>
			</report>
			<report>
				<misses>4997001</misses>
				<total>8</total>
				<timestamp>1896.961328</timestamp>
			</report>
			<report>
				<misses>4998001</misses>
				<total>8</total>
				<timestamp>1897.340983</timestamp>
			</report>
			<report>
				<misses>4999001</misses>
				<total>8</total>
				<timestamp>1897.720552</timestamp>
			</report>
			<report>
				<misses>5000001</misses>
				<total>8</total>
				<timestamp>1898.100173</timestamp>
			</report>
			<report>
				<misses>5001001</misses>
				<total>8</total>
				<timestamp>1898.479834</timestamp>
			</report>
			<report>
				<misses>5002001</misses>
				<total>8</total>
				<timestamp>1898.859464</timestamp>
			</report>
			<report>
				<misses>5003001</misses>
				<total>8</total>
				<timestamp>1899.239066</timestamp>
			</report>
			<report>
				<misses>5004001</misses>
				<total>8</total>
				<timestamp>1899.618674</timestamp>
			</report>
			<report>
				<misses>5005001</misses>
				<total>8</total>
				<timestamp>1899.998303</timestamp>
			</report>
			<report>
				<misses>5006001</misses>
				<total>8</total>
				<timestamp>1900.377940</timestamp>
			</report>
			<report>
				<misses>5007001</misses>
				<total>8</total>
				<timestamp>1900.757531</timestamp>
			</report>
			<report>
				<misses>5008001</misses>
				<total>8</total>
				<timestamp>1901.137152</timestamp>
			</report>
			<report>
				<misses>5009001</misses>
				<total>8</total>
				<timestamp>1901.516809</timestamp>
			</report>
			<report>
				<misses>5010001</misses>
				<total>8</total>
				<timestamp>1901.896427</timestamp>
			</report>
			<report>
				<misses>5011001</misses>
				<total>8</total>
				<timestamp>1902.276021</timestamp>
			</report>
			<report>
				<misses>5012001</misses>
				<total>8</total>
				<timestamp>1902.655624</timestamp>
			</report>
			<report>
				<misses>5013001</misses>
				<total>8</total>
				<timestamp>1903.035270</timestamp>
			</report>
			<report>
				<misses>5014001</misses>
				<total>8</total>
				<timestamp>1903.414924</timestamp>
			</report>
			<report>
				<misses>5015001</misses>
				<total>8</total>
				<timestamp>1903.794490</timestamp>
			</report>
			<report>
				<misses>5016001</misses>
				<total>8</total>
				<timestamp>1904.174103</timestamp>
			</report>
			<report>
				<misses>5017001</misses>
				<total>8</total>
				<timestamp>1904.553707</timestamp>
			</report>
			<report>
				<misses>5018001</misses>
				<total>8</total>
				<timestamp>1904.933338</timestamp>
			</report>
			<report>
				<misses>5019001</misses>
				<total>8</total>
				<timestamp>1905.312988</timestamp>
			</report>
			<report>
				<misses>5020001</misses>
				<total>8</total>
				<timestamp>1905.692582</timestamp>
			</report>
			<report>
				<misses>5021001</misses>
				<total>8</total>
				<timestamp>1906.072200</timestamp>
			</report>
			<report>
				<misses>5022001</misses>
				<total>8</total>
				<timestamp>1906.451837</timestamp>
			</report>
			<report>
				<misses>5023001</misses>
				<total>8</total>
				<timestamp>1906.831449</timestamp>
			</report>
			<report>
				<misses>5024001</misses>
				<total>8</total>
				<timestamp>1907.211098</timestamp>
			</report>
			<report>
				<misses>5025001</misses>
				<total>8</total>
				<timestamp>1907.590690</timestamp>
			</report>
			<report>
				<misses>5026001</misses>
				<total>8</total>
				<timestamp>1907.970295</timestamp>
			</report>
			<report>
				<misses>5027001</misses>
				<total>8</total>
				<timestamp>1908.349968</timestamp>
			</report>
			<report>
				<misses>5028001</misses>
				<total>8</total>
				<timestamp>1908.729546</timestamp>
			</report>
			<report>
				<misses>5029001</misses>
				<total>8</total>
				<timestamp>1909.109153</timestamp>
			</report>
			<report>
				<misses>5030001</misses>
				<total>8</total>
				<timestamp>1909.488799</timestamp>
			</report>
			<report>
				<misses>5031001</misses>
				<total>8</total>
				<timestamp>1909.868412</timestamp>
			</report>
			<report>
				<misses>5032001</misses>
				<total>8</total>
				<timestamp>1910.248075</timestamp>
			</report>
			<report>
				<misses>5033001</misses>
				<total>8</total>
				<timestamp>1910.627650</timestamp>
			</report>
			<report>
				<misses>5034001</misses>
				<total>8</total>
				<timestamp>1911.007261</timestamp>
			</report>
			<report>
				<misses>5035001</misses>
				<total>8</total>
				<timestamp>1911.386900</timestamp>
			</report>
			<report>
				<misses>5036001</misses>
				<total>8</total>
				<timestamp>1911.766491</timestamp>
			</report>
			<report>
				<misses>5037001</misses>
				<total>8</total>
				<timestamp>1912.146153</timestamp>
			</report>
			<report>
				<misses>5038001</misses>
				<total>8</total>
				<timestamp>1912.525795</timestamp>
			</report>
			<report>
				<misses>5039001</misses>
				<total>8</total>
				<timestamp>1912.905409</timestamp>
			</report>
			<report>
				<misses>5040001</misses>
				<total>8</total>
				<timestamp>1913.284991</timestamp>
			</report>
			<report>
				<misses>5041001</misses>
				<total>8</total>
				<timestamp>1913.664586</timestamp>
			</report>
			<report>
				<misses>5042001</misses>
				<total>8</total>
				<timestamp>1914.044252</timestamp>
			</report>
			<report>
				<misses>5043001</misses>
				<total>8</total>
				<timestamp>1914.423858</timestamp>
			</report>
			<report>
				<misses>5044001</misses>
				<total>8</total>
				<timestamp>1914.803455</timestamp>
			</report>
			<report>
				<misses>5045001</misses>
				<total>8</total>
				<timestamp>1915.183095</timestamp>
			</report>
			<report>
				<misses>5046001</misses>
				<total>8</total>
				<timestamp>1915.562723</timestamp>
			</report>
			<report>
				<misses>5047001</misses>
				<total>8</total>
				<timestamp>1915.942316</timestamp>
			</report>
			<report>
				<misses>5048001</misses>
				<total>8</total>
				<timestamp>1916.321960</timestamp>
			</report>
			<report>
				<misses>5049001</misses>
				<total>8</total>
				<timestamp>1916.701575</timestamp>
			</report>
			<report>
				<misses>5050001</misses>
				<total>8</total>
				<timestamp>1917.081197</timestamp>
			</report>
			<report>
				<misses>5051001</misses>
				<total>8</total>
				<timestamp>1917.460853</timestamp>
			</report>
			<report>
				<misses>5052001</misses>
				<total>8</total>
				<timestamp>1917.840415</timestamp>
			</report>
			<report>
				<misses>5053001</misses>
				<total>8</total>
				<timestamp>1918.220055</timestamp>
			</report>
			<report>
				<misses>5054001</misses>
				<total>8</total>
				<timestamp>1918.599699</timestamp>
			</report>
			<report>
				<misses>5055001</misses>
				<total>8</total>
				<timestamp>1918.979293</timestamp>
			</report>
			<report>
				<misses>5056001</misses>
				<total>8</total>
				<timestamp>1919.358911</timestamp>
			</report>
			<report>
				<misses>5057001</misses>
				<total>8</total>
				<timestamp>1919.738508</timestamp>
			</report>
			<report>
				<misses>5058001</misses>
				<total>8</total>
				<timestamp>1920.118151</timestamp>
			</report>
			<report>
				<misses>5059001</misses>
				<total>8</total>
				<timestamp>1920.497769</timestamp>
			</report>
			<report>
				<misses>5060001</misses>
				<total>8</total>
				<timestamp>1920.877408</timestamp>
			</report>
			<report>
				<misses>5061001</misses>
				<total>8</total>
				<timestamp>1921.257004</timestamp>
			</report>
			<report>
				<misses>5062001</misses>
				<total>8</total>
				<timestamp>1921.636647</timestamp>
			</report>
			<report>
				<misses>5063001</misses>
				<total>8</total>
				<timestamp>1922.016266</timestamp>
			</report>
			<report>
				<misses>5064001</misses>
				<total>8</total>
				<timestamp>1922.395874</timestamp>
			</report>
			<report>
				<misses>5065001</misses>
				<total>8</total>
				<timestamp>1922.775472</timestamp>
			</report>
			<report>
				<misses>5066001</misses>
				<total>8</total>
				<timestamp>1923.155115</timestamp>
			</report>
			<report>
				<misses>5067001</misses>
				<total>8</total>
				<timestamp>1923.534707</timestamp>
			</report>
			<report>
				<misses>5068001</misses>
				<total>8</total>
				<timestamp>1923.914362</timestamp>
			</report>
			<report>
				<misses>5069001</misses>
				<total>8</total>
				<timestamp>1924.293978</timestamp>
			</report>
			<report>
				<misses>5070001</misses>
				<total>8</total>
				<timestamp>1924.673619</timestamp>
			</report>
			<report>
				<misses>5071001</misses>
				<total>8</total>
				<timestamp>1925.053212</timestamp>
			</report>
			<report>
				<misses>5072001</misses>
				<total>8</total>
				<timestamp>1925.432857</timestamp>
			</report>
			<report>
				<misses>5073001</misses>
				<total>8</total>
				<timestamp>1925.812445</timestamp>
			</report>
			<report>
				<misses>5074001</misses>
				<total>8</total>
				<timestamp>1926.192095</timestamp>
			</report>
			<report>
				<misses>5075001</misses>
				<total>8</total>
				<timestamp>1926.571700</timestamp>
			</report>
			<report>
				<misses>5076001</misses>
				<total>8</total>
				<timestamp>1926.951310</timestamp>
			</report>
			<report>
				<misses>5077001</misses>
				<total>8</total>
				<timestamp>1927.330910</timestamp>
			</report>
			<report>
				<misses>5078001</misses>
				<total>8</total>
				<timestamp>1927.710536</timestamp>
			</report>
			<report>
				<misses>5079001</misses>
				<total>8</total>
				<timestamp>1928.090166</timestamp>
			</report>
			<report>
				<misses>5080001</misses>
				<total>8</total>
				<timestamp>1928.469794</timestamp>
			</report>
			<report>
				<misses>5081001</misses>
				<total>8</total>
				<timestamp>1928.849398</timestamp>
			</report>
			<report>
				<misses>5082001</misses>
				<total>8</total>
				<timestamp>1929.229023</timestamp>
			</report>
			<report>
				<misses>5083001</misses>
				<total>8</total>
				<timestamp>1929.608698</timestamp>
			</report>
			<report>
				<misses>5084001</misses>
				<total>8</total>
				<timestamp>1929.988270</timestamp>
			</report>
			<report>
				<misses>5085001</misses>
				<total>8</total>
				<timestamp>1930.367907</timestamp>
			</report>
			<report>
				<misses>5086001</misses>
				<total>8</total>
				<timestamp>1930.747501</timestamp>
			</report>
			<report>
				<misses>5087001</misses>
				<total>8</total>
				<timestamp>1931.127103</timestamp>
			</report>
			<report>
				<misses>5088001</misses>
				<total>8</total>
				<timestamp>1931.506774</timestamp>
			</report>
			<report>
				<misses>5089001</misses>
				<total>8</total>
				<timestamp>1931.886401</timestamp>
			</report>
			<report>
				<misses>5090001</misses>
				<total>8</total>
				<timestamp>1932.265970</timestamp>
			</report>
			<report>
				<misses>5091001</misses>
				<total>8</total>
				<timestamp>1932.645648</timestamp>
			</report>
			<report>
				<misses>5092001</misses>
				<total>8</total>
				<timestamp>1933.025263</timestamp>
			</report>
			<report>
				<misses>5093001</misses>
				<total>8</total>
				<timestamp>1933.404879</timestamp>
			</report>
			<report>
				<misses>5094001</misses>
				<total>8</total>
				<timestamp>1933.784475</timestamp>
			</report>
			<report>
				<misses>5095001</misses>
				<total>8</total>
				<timestamp>1934.164135</timestamp>
			</report>
			<report>
				<misses>5096001</misses>
				<total>8</total>
				<timestamp>1934.543765</timestamp>
			</report>
			<report>
				<misses>5097001</misses>
				<total>8</total>
				<timestamp>1934.923321</timestamp>
			</report>
			<report>
				<misses>5098001</misses>
				<total>8</total>
				<timestamp>1935.302947</timestamp>
			</report>
			<report>
				<misses>5099001</misses>
				<total>8</total>
				<timestamp>1935.682615</timestamp>
			</report>
			<report>
				<misses>5100001</misses>
				<total>8</total>
				<timestamp>1936.062212</timestamp>
			</report>
			<report>
				<misses>5101001</misses>
				<total>8</total>
				<timestamp>1936.441793</timestamp>
			</report>
			<report>
				<misses>5102001</misses>
				<total>8</total>
				<timestamp>1936.821458</timestamp>
			</report>
			<report>
				<misses>5103001</misses>
				<total>8</total>
				<timestamp>1937.201024</timestamp>
			</report>
			<report>
				<misses>5104001</misses>
				<total>8</total>
				<timestamp>1937.580681</timestamp>
			</report>
			<report>
				<misses>5105001</misses>
				<total>8</total>
				<timestamp>1937.960284</timestamp>
			</report>
			<report>
				<misses>5106001</misses>
				<total>8</total>
				<timestamp>1938.339891</timestamp>
			</report>
			<report>
				<misses>5107001</misses>
				<total>8</total>
				<timestamp>1938.719559</timestamp>
			</report>
			<report>
				<misses>5108001</misses>
				<total>8</total>
				<timestamp>1939.099156</timestamp>
			</report>
			<report>
				<misses>5109001</misses>
				<total>8</total>
				<timestamp>1939.478753</timestamp>
			</report>
			<report>
				<misses>5110001</misses>
				<total>8</total>
				<timestamp>1939.858369</timestamp>
			</report>
			<report>
				<misses>5111001</misses>
				<total>8</total>
				<timestamp>1940.238016</timestamp>
			</report>
			<report>
				<misses>5112001</misses>
				<total>8</total>
				<timestamp>1940.617660</timestamp>
			</report>
			<report>
				<misses>5113001</misses>
				<total>8</total>
				<timestamp>1940.997274</timestamp>
			</report>
			<report>
				<misses>5114001</misses>
				<total>8</total>
				<timestamp>1941.376924</timestamp>
			</report>
			<report>
				<misses>5115001</misses>
				<total>8</total>
				<timestamp>1941.756482</timestamp>
			</report>
			<report>
				<misses>5116001</misses>
				<total>8</total>
				<timestamp>1942.136111</timestamp>
			</report>
			<report>
				<misses>5117001</misses>
				<total>8</total>
				<timestamp>1942.515748</timestamp>
			</report>
			<report>
				<misses>5118001</misses>
				<total>8</total>
				<timestamp>1942.895349</timestamp>
			</report>
			<report>
				<misses>5119001</misses>
				<total>8</total>
				<timestamp>1943.274996</timestamp>
			</report>
			<report>
				<misses>5120001</misses>
				<total>8</total>
				<timestamp>1943.654587</timestamp>
			</report>
			<report>
				<misses>5121001</misses>
				<total>8</total>
				<timestamp>1944.034240</timestamp>
			</report>
			<report>
				<misses>5122001</misses>
				<total>8</total>
				<timestamp>1944.413821</timestamp>
			</report>
			<report>
				<misses>5123001</misses>
				<total>8</total>
				<timestamp>1944.793540</timestamp>
			</report>
			<report>
				<misses>5124001</misses>
				<total>8</total>
				<timestamp>1945.173068</timestamp>
			</report>
			<report>
				<misses>5125001</misses>
				<total>8</total>
				<timestamp>1945.552696</timestamp>
			</report>
			<report>
				<misses>5126001</misses>
				<total>8</total>
				<timestamp>1945.932306</timestamp>
			</report>
			<report>
				<misses>5127001</misses>
				<total>8</total>
				<timestamp>1946.311907</timestamp>
			</report>
			<report>
				<misses>5128001</misses>
				<total>8</total>
				<timestamp>1946.691564</timestamp>
			</report>
			<report>
				<misses>5129001</misses>
				<total>8</total>
				<timestamp>1947.071157</timestamp>
			</report>
			<report>
				<misses>5130001</misses>
				<total>8</total>
				<timestamp>1947.450778</timestamp>
			</report>
			<report>
				<misses>5131001</misses>
				<total>8</total>
				<timestamp>1947.830412</timestamp>
			</report>
			<report>
				<misses>5132001</misses>
				<total>8</total>
				<timestamp>1948.210021</timestamp>
			</report>
			<report>
				<misses>5133001</misses>
				<total>8</total>
				<timestamp>1948.589687</timestamp>
			</report>
			<report>
				<misses>5134001</misses>
				<total>8</total>
				<timestamp>1948.969289</timestamp>
			</report>
			<report>
				<misses>5135001</misses>
				<total>8</total>
				<timestamp>1949.348922</timestamp>
			</report>
			<report>
				<misses>5136001</misses>
				<total>8</total>
				<timestamp>1949.728517</timestamp>
			</report>
			<report>
				<misses>5137001</misses>
				<total>8</total>
				<timestamp>1950.108124</timestamp>
			</report>
			<report>
				<misses>5138001</misses>
				<total>8</total>
				<timestamp>1950.487740</timestamp>
			</report>
			<report>
				<misses>5139001</misses>
				<total>8</total>
				<timestamp>1950.867360</timestamp>
			</report>
			<report>
				<misses>5140001</misses>
				<total>8</total>
				<timestamp>1951.246986</timestamp>
			</report>
			<report>
				<misses>5141001</misses>
				<total>8</total>
				<timestamp>1951.626643</timestamp>
			</report>
			<report>
				<misses>5142001</misses>
				<total>8</total>
				<timestamp>1952.006217</timestamp>
			</report>
			<report>
				<misses>5143001</misses>
				<total>8</total>
				<timestamp>1952.385853</timestamp>
			</report>
			<report>
				<misses>5144001</misses>
				<total>8</total>
				<timestamp>1952.765521</timestamp>
			</report>
			<report>
				<misses>5145001</misses>
				<total>8</total>
				<timestamp>1953.145087</timestamp>
			</report>
			<report>
				<misses>5146001</misses>
				<total>8</total>
				<timestamp>1953.524700</timestamp>
			</report>
			<report>
				<misses>5147001</misses>
				<total>8</total>
				<timestamp>1953.904337</timestamp>
			</report>
			<report>
				<misses>5148001</misses>
				<total>8</total>
				<timestamp>1954.283959</timestamp>
			</report>
			<report>
				<misses>5149001</misses>
				<total>8</total>
				<timestamp>1954.663611</timestamp>
			</report>
			<report>
				<misses>5150001</misses>
				<total>8</total>
				<timestamp>1955.043166</timestamp>
			</report>
			<report>
				<misses>5151001</misses>
				<total>8</total>
				<timestamp>1955.422795</timestamp>
			</report>
			<report>
				<misses>5152001</misses>
				<total>8</total>
				<timestamp>1955.802442</timestamp>
			</report>
			<report>
				<misses>5153001</misses>
				<total>8</total>
				<timestamp>1956.182075</timestamp>
			</report>
			<report>
				<misses>5154001</misses>
				<total>8</total>
				<timestamp>1956.561664</timestamp>
			</report>
			<report>
				<misses>5155001</misses>
				<total>8</total>
				<timestamp>1956.941264</timestamp>
			</report>
			<report>
				<misses>5156001</misses>
				<total>8</total>
				<timestamp>1957.320906</timestamp>
			</report>
			<report>
				<misses>5157001</misses>
				<total>8</total>
				<timestamp>1957.700595</timestamp>
			</report>
			<report>
				<misses>5158001</misses>
				<total>8</total>
				<timestamp>1958.080135</timestamp>
			</report>
			<report>
				<misses>5159001</misses>
				<total>8</total>
				<timestamp>1958.459759</timestamp>
			</report>
			<report>
				<misses>5160001</misses>
				<total>8</total>
				<timestamp>1958.839431</timestamp>
			</report>
			<report>
				<misses>5161001</misses>
				<total>8</total>
				<timestamp>1959.219014</timestamp>
			</report>
			<report>
				<misses>5162001</misses>
				<total>8</total>
				<timestamp>1959.598631</timestamp>
			</report>
			<report>
				<misses>5163001</misses>
				<total>8</total>
				<timestamp>1959.978266</timestamp>
			</report>
			<report>
				<misses>5164001</misses>
				<total>8</total>
				<timestamp>1960.357868</timestamp>
			</report>
			<report>
				<misses>5165001</misses>
				<total>8</total>
				<timestamp>1960.737505</timestamp>
			</report>
			<report>
				<misses>5166001</misses>
				<total>8</total>
				<timestamp>1961.117106</timestamp>
			</report>
			<report>
				<misses>5167001</misses>
				<total>8</total>
				<timestamp>1961.496742</timestamp>
			</report>
			<report>
				<misses>5168001</misses>
				<total>8</total>
				<timestamp>1961.876337</timestamp>
			</report>
			<report>
				<misses>5169001</misses>
				<total>8</total>
				<timestamp>1962.255971</timestamp>
			</report>
			<report>
				<misses>5170001</misses>
				<total>8</total>
				<timestamp>1962.635617</timestamp>
			</report>
			<report>
				<misses>5171001</misses>
				<total>8</total>
				<timestamp>1963.015267</timestamp>
			</report>
			<report>
				<misses>5172001</misses>
				<total>8</total>
				<timestamp>1963.394816</timestamp>
			</report>
			<report>
				<misses>5173001</misses>
				<total>8</total>
				<timestamp>1963.774474</timestamp>
			</report>
			<report>
				<misses>5174001</misses>
				<total>8</total>
				<timestamp>1964.154097</timestamp>
			</report>
			<report>
				<misses>5175001</misses>
				<total>8</total>
				<timestamp>1964.533690</timestamp>
			</report>
			<report>
				<misses>5176001</misses>
				<total>8</total>
				<timestamp>1964.913294</timestamp>
			</report>
			<report>
				<misses>5177001</misses>
				<total>8</total>
				<timestamp>1965.292951</timestamp>
			</report>
			<report>
				<misses>5178001</misses>
				<total>8</total>
				<timestamp>1965.672591</timestamp>
			</report>
			<report>
				<misses>5179001</misses>
				<total>8</total>
				<timestamp>1966.052161</timestamp>
			</report>
			<report>
				<misses>5180001</misses>
				<total>8</total>
				<timestamp>1966.431802</timestamp>
			</report>
			<report>
				<misses>5181001</misses>
				<total>8</total>
				<timestamp>1966.811462</timestamp>
			</report>
			<report>
				<misses>5182001</misses>
				<total>8</total>
				<timestamp>1967.191027</timestamp>
			</report>
			<report>
				<misses>5183001</misses>
				<total>8</total>
				<timestamp>1967.570673</timestamp>
			</report>
			<report>
				<misses>5184001</misses>
				<total>8</total>
				<timestamp>1967.950292</timestamp>
			</report>
			<report>
				<misses>5185001</misses>
				<total>8</total>
				<timestamp>1968.329885</timestamp>
			</report>
			<report>
				<misses>5186001</misses>
				<total>8</total>
				<timestamp>1968.709537</timestamp>
			</report>
			<report>
				<misses>5187001</misses>
				<total>8</total>
				<timestamp>1969.089119</timestamp>
			</report>
			<report>
				<misses>5188001</misses>
				<total>8</total>
				<timestamp>1969.468782</timestamp>
			</report>
			<report>
				<misses>5189001</misses>
				<total>8</total>
				<timestamp>1969.848416</timestamp>
			</report>
			<report>
				<misses>5190001</misses>
				<total>8</total>
				<timestamp>1970.227986</timestamp>
			</report>
			<report>
				<misses>5191001</misses>
				<total>8</total>
				<timestamp>1970.607601</timestamp>
			</report>
			<report>
				<misses>5192001</misses>
				<total>8</total>
				<timestamp>1970.987265</timestamp>
			</report>
			<report>
				<misses>5193001</misses>
				<total>8</total>
				<timestamp>1971.366842</timestamp>
			</report>
			<report>
				<misses>5194001</misses>
				<total>8</total>
				<timestamp>1971.746483</timestamp>
			</report>
			<report>
				<misses>5195001</misses>
				<total>8</total>
				<timestamp>1972.126078</timestamp>
			</report>
			<report>
				<misses>5196001</misses>
				<total>8</total>
				<timestamp>1972.505726</timestamp>
			</report>
			<report>
				<misses>5197001</misses>
				<total>8</total>
				<timestamp>1972.885409</timestamp>
			</report>
			<report>
				<misses>5198001</misses>
				<total>8</total>
				<timestamp>1973.264948</timestamp>
			</report>
			<report>
				<misses>5199001</misses>
				<total>8</total>
				<timestamp>1973.644585</timestamp>
			</report>
			<report>
				<misses>5200001</misses>
				<total>8</total>
				<timestamp>1974.024182</timestamp>
			</report>
			<report>
				<misses>5201001</misses>
				<total>8</total>
				<timestamp>1974.403794</timestamp>
			</report>
			<report>
				<misses>5202001</misses>
				<total>8</total>
				<timestamp>1974.783462</timestamp>
			</report>
			<report>
				<misses>5203001</misses>
				<total>8</total>
				<timestamp>1975.163069</timestamp>
			</report>
			<report>
				<misses>5204001</misses>
				<total>8</total>
				<timestamp>1975.542687</timestamp>
			</report>
			<report>
				<misses>5205001</misses>
				<total>8</total>
				<timestamp>1975.922279</timestamp>
			</report>
			<report>
				<misses>5206001</misses>
				<total>8</total>
				<timestamp>1976.301914</timestamp>
			</report>
			<report>
				<misses>5207001</misses>
				<total>8</total>
				<timestamp>1976.681537</timestamp>
			</report>
			<report>
				<misses>5208001</misses>
				<total>8</total>
				<timestamp>1977.061138</timestamp>
			</report>
			<report>
				<misses>5209001</misses>
				<total>8</total>
				<timestamp>1977.440765</timestamp>
			</report>
			<report>
				<misses>5210001</misses>
				<total>8</total>
				<timestamp>1977.820414</timestamp>
			</report>
			<report>
				<misses>5211001</misses>
				<total>8</total>
				<timestamp>1978.200009</timestamp>
			</report>
			<report>
				<misses>5212001</misses>
				<total>8</total>
				<timestamp>1978.579621</timestamp>
			</report>
			<report>
				<misses>5213001</misses>
				<total>8</total>
				<timestamp>1978.959268</timestamp>
			</report>
			<report>
				<misses>5214001</misses>
				<total>8</total>
				<timestamp>1979.338862</timestamp>
			</report>
			<report>
				<misses>5215001</misses>
				<total>8</total>
				<timestamp>1979.718500</timestamp>
			</report>
			<report>
				<misses>5216001</misses>
				<total>8</total>
				<timestamp>1980.098109</timestamp>
			</report>
			<report>
				<misses>5217001</misses>
				<total>8</total>
				<timestamp>1980.477769</timestamp>
			</report>
			<report>
				<misses>5218001</misses>
				<total>8</total>
				<timestamp>1980.857354</timestamp>
			</report>
			<report>
				<misses>5219001</misses>
				<total>8</total>
				<timestamp>1981.236963</timestamp>
			</report>
			<report>
				<misses>5220001</misses>
				<total>8</total>
				<timestamp>1981.616575</timestamp>
			</report>
			<report>
				<misses>5221001</misses>
				<total>8</total>
				<timestamp>1981.996243</timestamp>
			</report>
			<report>
				<misses>5222001</misses>
				<total>8</total>
				<timestamp>1982.375810</timestamp>
			</report>
			<report>
				<misses>5223001</misses>
				<total>8</total>
				<timestamp>1982.755449</timestamp>
			</report>
			<report>
				<misses>5224001</misses>
				<total>8</total>
				<timestamp>1983.135059</timestamp>
			</report>
			<report>
				<misses>5225001</misses>
				<total>8</total>
				<timestamp>1983.514715</timestamp>
			</report>
			<report>
				<misses>5226001</misses>
				<total>8</total>
				<timestamp>1983.894348</timestamp>
			</report>
			<report>
				<misses>5227001</misses>
				<total>8</total>
				<timestamp>1984.273949</timestamp>
			</report>
			<report>
				<misses>5228001</misses>
				<total>8</total>
				<timestamp>1984.653573</timestamp>
			</report>
			<report>
				<misses>5229001</misses>
				<total>8</total>
				<timestamp>1985.033158</timestamp>
			</report>
			<report>
				<misses>5230001</misses>
				<total>8</total>
				<timestamp>1985.412779</timestamp>
			</report>
			<report>
				<misses>5231001</misses>
				<total>8</total>
				<timestamp>1985.792431</timestamp>
			</report>
			<report>
				<misses>5232001</misses>
				<total>8</total>
				<timestamp>1986.172030</timestamp>
			</report>
			<report>
				<misses>5233001</misses>
				<total>8</total>
				<timestamp>1986.551659</timestamp>
			</report>
			<report>
				<misses>5234001</misses>
				<total>8</total>
				<timestamp>1986.931427</timestamp>
			</report>
			<report>
				<misses>5235001</misses>
				<total>8</total>
				<timestamp>1987.310877</timestamp>
			</report>
			<report>
				<misses>5236001</misses>
				<total>8</total>
				<timestamp>1987.690560</timestamp>
			</report>
			<report>
				<misses>5237001</misses>
				<total>8</total>
				<timestamp>1988.070133</timestamp>
			</report>
			<report>
				<misses>5238001</misses>
				<total>8</total>
				<timestamp>1988.449747</timestamp>
			</report>
			<report>
				<misses>5239001</misses>
				<total>8</total>
				<timestamp>1988.829376</timestamp>
			</report>
			<report>
				<misses>5240001</misses>
				<total>8</total>
				<timestamp>1989.208985</timestamp>
			</report>
			<report>
				<misses>5241001</misses>
				<total>8</total>
				<timestamp>1989.588626</timestamp>
			</report>
			<report>
				<misses>5242001</misses>
				<total>8</total>
				<timestamp>1989.968284</timestamp>
			</report>
			<report>
				<misses>5243001</misses>
				<total>8</total>
				<timestamp>1990.347835</timestamp>
			</report>
			<report>
				<misses>5244001</misses>
				<total>8</total>
				<timestamp>1990.727459</timestamp>
			</report>
			<report>
				<misses>5245001</misses>
				<total>8</total>
				<timestamp>1991.107082</timestamp>
			</report>
			<report>
				<misses>5246001</misses>
				<total>8</total>
				<timestamp>1991.486687</timestamp>
			</report>
			<report>
				<misses>5247001</misses>
				<total>8</total>
				<timestamp>1991.866322</timestamp>
			</report>
			<report>
				<misses>5248001</misses>
				<total>8</total>
				<timestamp>1992.245940</timestamp>
			</report>
			<report>
				<misses>5249001</misses>
				<total>8</total>
				<timestamp>1992.625611</timestamp>
			</report>
			<report>
				<misses>5250001</misses>
				<total>8</total>
				<timestamp>1993.005206</timestamp>
			</report>
			<report>
				<misses>5251001</misses>
				<total>8</total>
				<timestamp>1993.384802</timestamp>
			</report>
			<report>
				<misses>5252001</misses>
				<total>8</total>
				<timestamp>1993.764412</timestamp>
			</report>
			<report>
				<misses>5253001</misses>
				<total>8</total>
				<timestamp>1994.144044</timestamp>
			</report>
			<report>
				<misses>5254001</misses>
				<total>8</total>
				<timestamp>1994.523656</timestamp>
			</report>
			<report>
				<misses>5255001</misses>
				<total>8</total>
				<timestamp>1994.903289</timestamp>
			</report>
			<report>
				<misses>5256001</misses>
				<total>8</total>
				<timestamp>1995.282890</timestamp>
			</report>
			<report>
				<misses>5257001</misses>
				<total>8</total>
				<timestamp>1995.662560</timestamp>
			</report>
			<report>
				<misses>5258001</misses>
				<total>8</total>
				<timestamp>1996.042155</timestamp>
			</report>
			<report>
				<misses>5259001</misses>
				<total>8</total>
				<timestamp>1996.421774</timestamp>
			</report>
			<report>
				<misses>5260001</misses>
				<total>8</total>
				<timestamp>1996.801386</timestamp>
			</report>
			<report>
				<misses>5261001</misses>
				<total>8</total>
				<timestamp>1997.181001</timestamp>
			</report>
			<report>
				<misses>5262001</misses>
				<total>8</total>
				<timestamp>1997.560616</timestamp>
			</report>
			<report>
				<misses>5263001</misses>
				<total>8</total>
				<timestamp>1997.940286</timestamp>
			</report>
			<report>
				<misses>5264001</misses>
				<total>8</total>
				<timestamp>1998.319884</timestamp>
			</report>
			<report>
				<misses>5265001</misses>
				<total>8</total>
				<timestamp>1998.699482</timestamp>
			</report>
			<report>
				<misses>5266001</misses>
				<total>8</total>
				<timestamp>1999.079113</timestamp>
			</report>
			<report>
				<misses>5267001</misses>
				<total>8</total>
				<timestamp>1999.458723</timestamp>
			</report>
			<report>
				<misses>5268001</misses>
				<total>8</total>
				<timestamp>1999.838361</timestamp>
			</report>
			<report>
				<misses>5269001</misses>
				<total>8</total>
				<timestamp>2000.217968</timestamp>
			</report>
			<report>
				<misses>5270001</misses>
				<total>8</total>
				<timestamp>2000.597567</timestamp>
			</report>
			<report>
				<misses>5271001</misses>
				<total>8</total>
				<timestamp>2000.977233</timestamp>
			</report>
			<report>
				<misses>5272001</misses>
				<total>8</total>
				<timestamp>2001.356820</timestamp>
			</report>
			<report>
				<misses>5273001</misses>
				<total>8</total>
				<timestamp>2001.736435</timestamp>
			</report>
			<report>
				<misses>5274001</misses>
				<total>8</total>
				<timestamp>2002.116059</timestamp>
			</report>
			<report>
				<misses>5275001</misses>
				<total>8</total>
				<timestamp>2002.495675</timestamp>
			</report>
			<report>
				<misses>5276001</misses>
				<total>8</total>
				<timestamp>2002.875340</timestamp>
			</report>
			<report>
				<misses>5277001</misses>
				<total>8</total>
				<timestamp>2003.254923</timestamp>
			</report>
			<report>
				<misses>5278001</misses>
				<total>8</total>
				<timestamp>2003.634545</timestamp>
			</report>
			<report>
				<misses>5279001</misses>
				<total>8</total>
				<timestamp>2004.014200</timestamp>
			</report>
			<report>
				<misses>5280001</misses>
				<total>8</total>
				<timestamp>2004.393783</timestamp>
			</report>
			<report>
				<misses>5281001</misses>
				<total>8</total>
				<timestamp>2004.773393</timestamp>
			</report>
			<report>
				<misses>5282001</misses>
				<total>8</total>
				<timestamp>2005.153014</timestamp>
			</report>
			<report>
				<misses>5283001</misses>
				<total>8</total>
				<timestamp>2005.532639</timestamp>
			</report>
			<report>
				<misses>5284001</misses>
				<total>8</total>
				<timestamp>2005.912283</timestamp>
			</report>
			<report>
				<misses>5285001</misses>
				<total>8</total>
				<timestamp>2006.291895</timestamp>
			</report>
			<report>
				<misses>5286001</misses>
				<total>8</total>
				<timestamp>2006.671513</timestamp>
			</report>
			<report>
				<misses>5287001</misses>
				<total>8</total>
				<timestamp>2007.051192</timestamp>
			</report>
			<report>
				<misses>5288001</misses>
				<total>8</total>
				<timestamp>2007.430755</timestamp>
			</report>
			<report>
				<misses>5289001</misses>
				<total>8</total>
				<timestamp>2007.810356</timestamp>
			</report>
			<report>
				<misses>5290001</misses>
				<total>8</total>
				<timestamp>2008.189987</timestamp>
			</report>
			<report>
				<misses>5291001</misses>
				<total>8</total>
				<timestamp>2008.569612</timestamp>
			</report>
			<report>
				<misses>5292001</misses>
				<total>8</total>
				<timestamp>2008.949244</timestamp>
			</report>
			<report>
				<misses>5293001</misses>
				<total>8</total>
				<timestamp>2009.328843</timestamp>
			</report>
			<report>
				<misses>5294001</misses>
				<total>8</total>
				<timestamp>2009.708468</timestamp>
			</report>
			<report>
				<misses>5295001</misses>
				<total>8</total>
				<timestamp>2010.088134</timestamp>
			</report>
			<report>
				<misses>5296001</misses>
				<total>8</total>
				<timestamp>2010.467741</timestamp>
			</report>
			<report>
				<misses>5297001</misses>
				<total>8</total>
				<timestamp>2010.847334</timestamp>
			</report>
			<report>
				<misses>5298001</misses>
				<total>8</total>
				<timestamp>2011.226942</timestamp>
			</report>
			<report>
				<misses>5299001</misses>
				<total>8</total>
				<timestamp>2011.606570</timestamp>
			</report>
			<report>
				<misses>5300001</misses>
				<total>8</total>
				<timestamp>2011.986198</timestamp>
			</report>
			<report>
				<misses>5301001</misses>
				<total>8</total>
				<timestamp>2012.365852</timestamp>
			</report>
			<report>
				<misses>5302001</misses>
				<total>8</total>
				<timestamp>2012.745422</timestamp>
			</report>
			<report>
				<misses>5303001</misses>
				<total>8</total>
				<timestamp>2013.125091</timestamp>
			</report>
			<report>
				<misses>5304001</misses>
				<total>8</total>
				<timestamp>2013.504676</timestamp>
			</report>
			<report>
				<misses>5305001</misses>
				<total>8</total>
				<timestamp>2013.884310</timestamp>
			</report>
			<report>
				<misses>5306001</misses>
				<total>8</total>
				<timestamp>2014.263907</timestamp>
			</report>
			<report>
				<misses>5307001</misses>
				<total>8</total>
				<timestamp>2014.643568</timestamp>
			</report>
			<report>
				<misses>5308001</misses>
				<total>8</total>
				<timestamp>2015.023141</timestamp>
			</report>
			<report>
				<misses>5309001</misses>
				<total>8</total>
				<timestamp>2015.402769</timestamp>
			</report>
			<report>
				<misses>5310001</misses>
				<total>8</total>
				<timestamp>2015.782387</timestamp>
			</report>
			<report>
				<misses>5311001</misses>
				<total>8</total>
				<timestamp>2016.162005</timestamp>
			</report>
			<report>
				<misses>5312001</misses>
				<total>8</total>
				<timestamp>2016.541627</timestamp>
			</report>
			<report>
				<misses>5313001</misses>
				<total>8</total>
				<timestamp>2016.921282</timestamp>
			</report>
			<report>
				<misses>5314001</misses>
				<total>8</total>
				<timestamp>2017.300859</timestamp>
			</report>
			<report>
				<misses>5315001</misses>
				<total>8</total>
				<timestamp>2017.680506</timestamp>
			</report>
			<report>
				<misses>5316001</misses>
				<total>8</total>
				<timestamp>2018.060126</timestamp>
			</report>
			<report>
				<misses>5317001</misses>
				<total>8</total>
				<timestamp>2018.439761</timestamp>
			</report>
			<report>
				<misses>5318001</misses>
				<total>8</total>
				<timestamp>2018.819391</timestamp>
			</report>
			<report>
				<misses>5319001</misses>
				<total>8</total>
				<timestamp>2019.198947</timestamp>
			</report>
			<report>
				<misses>5320001</misses>
				<total>8</total>
				<timestamp>2019.578564</timestamp>
			</report>
			<report>
				<misses>5321001</misses>
				<total>8</total>
				<timestamp>2019.958259</timestamp>
			</report>
			<report>
				<misses>5322001</misses>
				<total>8</total>
				<timestamp>2020.337846</timestamp>
			</report>
			<report>
				<misses>5323001</misses>
				<total>8</total>
				<timestamp>2020.717470</timestamp>
			</report>
			<report>
				<misses>5324001</misses>
				<total>8</total>
				<timestamp>2021.097100</timestamp>
			</report>
			<report>
				<misses>5325001</misses>
				<total>8</total>
				<timestamp>2021.476674</timestamp>
			</report>
			<report>
				<misses>5326001</misses>
				<total>8</total>
				<timestamp>2021.856327</timestamp>
			</report>
			<report>
				<misses>5327001</misses>
				<total>8</total>
				<timestamp>2022.235930</timestamp>
			</report>
			<report>
				<misses>5328001</misses>
				<total>8</total>
				<timestamp>2022.615557</timestamp>
			</report>
			<report>
				<misses>5329001</misses>
				<total>8</total>
				<timestamp>2022.995178</timestamp>
			</report>
			<report>
				<misses>5330001</misses>
				<total>8</total>
				<timestamp>2023.374779</timestamp>
			</report>
			<report>
				<misses>5331001</misses>
				<total>8</total>
				<timestamp>2023.754419</timestamp>
			</report>
			<report>
				<misses>5332001</misses>
				<total>8</total>
				<timestamp>2024.134031</timestamp>
			</report>
			<report>
				<misses>5333001</misses>
				<total>8</total>
				<timestamp>2024.513695</timestamp>
			</report>
			<report>
				<misses>5334001</misses>
				<total>8</total>
				<timestamp>2024.893285</timestamp>
			</report>
			<report>
				<misses>5335001</misses>
				<total>8</total>
				<timestamp>2025.272879</timestamp>
			</report>
			<report>
				<misses>5336001</misses>
				<total>8</total>
				<timestamp>2025.652515</timestamp>
			</report>
			<report>
				<misses>5337001</misses>
				<total>8</total>
				<timestamp>2026.032214</timestamp>
			</report>
			<report>
				<misses>5338001</misses>
				<total>8</total>
				<timestamp>2026.411751</timestamp>
			</report>
			<report>
				<misses>5339001</misses>
				<total>8</total>
				<timestamp>2026.791398</timestamp>
			</report>
			<report>
				<misses>5340001</misses>
				<total>8</total>
				<timestamp>2027.170968</timestamp>
			</report>
			<report>
				<misses>5341001</misses>
				<total>8</total>
				<timestamp>2027.550601</timestamp>
			</report>
			<report>
				<misses>5342001</misses>
				<total>8</total>
				<timestamp>2027.930243</timestamp>
			</report>
			<report>
				<misses>5343001</misses>
				<total>8</total>
				<timestamp>2028.309855</timestamp>
			</report>
			<report>
				<misses>5344001</misses>
				<total>8</total>
				<timestamp>2028.689458</timestamp>
			</report>
			<report>
				<misses>5345001</misses>
				<total>8</total>
				<timestamp>2029.069133</timestamp>
			</report>
			<report>
				<misses>5346001</misses>
				<total>8</total>
				<timestamp>2029.448703</timestamp>
			</report>
			<report>
				<misses>5347001</misses>
				<total>8</total>
				<timestamp>2029.828324</timestamp>
			</report>
			<report>
				<misses>5348001</misses>
				<total>8</total>
				<timestamp>2030.207966</timestamp>
			</report>
			<report>
				<misses>5349001</misses>
				<total>8</total>
				<timestamp>2030.587545</timestamp>
			</report>
			<report>
				<misses>5350001</misses>
				<total>8</total>
				<timestamp>2030.967174</timestamp>
			</report>
			<report>
				<misses>5351001</misses>
				<total>8</total>
				<timestamp>2031.346792</timestamp>
			</report>
			<report>
				<misses>5352001</misses>
				<total>8</total>
				<timestamp>2031.726428</timestamp>
			</report>
			<report>
				<misses>5353001</misses>
				<total>8</total>
				<timestamp>2032.106061</timestamp>
			</report>
			<report>
				<misses>5354001</misses>
				<total>8</total>
				<timestamp>2032.485669</timestamp>
			</report>
			<report>
				<misses>5355001</misses>
				<total>8</total>
				<timestamp>2032.865318</timestamp>
			</report>
			<report>
				<misses>5356001</misses>
				<total>8</total>
				<timestamp>2033.244892</timestamp>
			</report>
			<report>
				<misses>5357001</misses>
				<total>8</total>
				<timestamp>2033.624523</timestamp>
			</report>
			<report>
				<misses>5358001</misses>
				<total>8</total>
				<timestamp>2034.004159</timestamp>
			</report>
			<report>
				<misses>5359001</misses>
				<total>8</total>
				<timestamp>2034.383752</timestamp>
			</report>
			<report>
				<misses>5360001</misses>
				<total>8</total>
				<timestamp>2034.763377</timestamp>
			</report>
			<report>
				<misses>5361001</misses>
				<total>8</total>
				<timestamp>2035.143001</timestamp>
			</report>
			<report>
				<misses>5362001</misses>
				<total>8</total>
				<timestamp>2035.522648</timestamp>
			</report>
			<report>
				<misses>5363001</misses>
				<total>8</total>
				<timestamp>2035.902282</timestamp>
			</report>
			<report>
				<misses>5364001</misses>
				<total>8</total>
				<timestamp>2036.281852</timestamp>
			</report>
			<report>
				<misses>5365001</misses>
				<total>8</total>
				<timestamp>2036.661477</timestamp>
			</report>
			<report>
				<misses>5366001</misses>
				<total>8</total>
				<timestamp>2037.041113</timestamp>
			</report>
			<report>
				<misses>5367001</misses>
				<total>8</total>
				<timestamp>2037.420730</timestamp>
			</report>
			<report>
				<misses>5368001</misses>
				<total>8</total>
				<timestamp>2037.800354</timestamp>
			</report>
			<report>
				<misses>5369001</misses>
				<total>8</total>
				<timestamp>2038.179963</timestamp>
			</report>
			<report>
				<misses>5370001</misses>
				<total>8</total>
				<timestamp>2038.559590</timestamp>
			</report>
			<report>
				<misses>5371001</misses>
				<total>8</total>
				<timestamp>2038.939213</timestamp>
			</report>
			<report>
				<misses>5372001</misses>
				<total>8</total>
				<timestamp>2039.318848</timestamp>
			</report>
			<report>
				<misses>5373001</misses>
				<total>8</total>
				<timestamp>2039.698459</timestamp>
			</report>
			<report>
				<misses>5374001</misses>
				<total>8</total>
				<timestamp>2040.078091</timestamp>
			</report>
			<report>
				<misses>5375001</misses>
				<total>8</total>
				<timestamp>2040.457678</timestamp>
			</report>
			<report>
				<misses>5376001</misses>
				<total>8</total>
				<timestamp>2040.837335</timestamp>
			</report>
			<report>
				<misses>5377001</misses>
				<total>8</total>
				<timestamp>2041.216947</timestamp>
			</report>
			<report>
				<misses>5378001</misses>
				<total>8</total>
				<timestamp>2041.596547</timestamp>
			</report>
			<report>
				<misses>5379001</misses>
				<total>8</total>
				<timestamp>2041.976191</timestamp>
			</report>
			<report>
				<misses>5380001</misses>
				<total>8</total>
				<timestamp>2042.355800</timestamp>
			</report>
			<report>
				<misses>5381001</misses>
				<total>8</total>
				<timestamp>2042.735419</timestamp>
			</report>
			<report>
				<misses>5382001</misses>
				<total>8</total>
				<timestamp>2043.115043</timestamp>
			</report>
			<report>
				<misses>5383001</misses>
				<total>8</total>
				<timestamp>2043.494644</timestamp>
			</report>
			<report>
				<misses>5384001</misses>
				<total>8</total>
				<timestamp>2043.874282</timestamp>
			</report>
			<report>
				<misses>5385001</misses>
				<total>8</total>
				<timestamp>2044.253907</timestamp>
			</report>
			<report>
				<misses>5386001</misses>
				<total>8</total>
				<timestamp>2044.633502</timestamp>
			</report>
			<report>
				<misses>5387001</misses>
				<total>8</total>
				<timestamp>2045.013163</timestamp>
			</report>
			<report>
				<misses>5388001</misses>
				<total>8</total>
				<timestamp>2045.392742</timestamp>
			</report>
			<report>
				<misses>5389001</misses>
				<total>8</total>
				<timestamp>2045.772381</timestamp>
			</report>
			<report>
				<misses>5390001</misses>
				<total>8</total>
				<timestamp>2046.152004</timestamp>
			</report>
			<report>
				<misses>5391001</misses>
				<total>8</total>
				<timestamp>2046.531650</timestamp>
			</report>
			<report>
				<misses>5392001</misses>
				<total>8</total>
				<timestamp>2046.911291</timestamp>
			</report>
			<report>
				<misses>5393001</misses>
				<total>8</total>
				<timestamp>2047.290892</timestamp>
			</report>
			<report>
				<misses>5394001</misses>
				<total>8</total>
				<timestamp>2047.670492</timestamp>
			</report>
			<report>
				<misses>5395001</misses>
				<total>8</total>
				<timestamp>2048.050065</timestamp>
			</report>
			<report>
				<misses>5396001</misses>
				<total>8</total>
				<timestamp>2048.429723</timestamp>
			</report>
			<report>
				<misses>5397001</misses>
				<total>8</total>
				<timestamp>2048.809344</timestamp>
			</report>
			<report>
				<misses>5398001</misses>
				<total>8</total>
				<timestamp>2049.188941</timestamp>
			</report>
			<report>
				<misses>5399001</misses>
				<total>8</total>
				<timestamp>2049.568556</timestamp>
			</report>
			<report>
				<misses>5400001</misses>
				<total>8</total>
				<timestamp>2049.948194</timestamp>
			</report>
			<report>
				<misses>5401001</misses>
				<total>8</total>
				<timestamp>2050.327804</timestamp>
			</report>
			<report>
				<misses>5402001</misses>
				<total>8</total>
				<timestamp>2050.707454</timestamp>
			</report>
			<report>
				<misses>5403001</misses>
				<total>8</total>
				<timestamp>2051.087038</timestamp>
			</report>
			<report>
				<misses>5404001</misses>
				<total>8</total>
				<timestamp>2051.466658</timestamp>
			</report>
			<report>
				<misses>5405001</misses>
				<total>8</total>
				<timestamp>2051.846284</timestamp>
			</report>
			<report>
				<misses>5406001</misses>
				<total>8</total>
				<timestamp>2052.225924</timestamp>
			</report>
			<report>
				<misses>5407001</misses>
				<total>8</total>
				<timestamp>2052.605565</timestamp>
			</report>
			<report>
				<misses>5408001</misses>
				<total>8</total>
				<timestamp>2052.985138</timestamp>
			</report>
			<report>
				<misses>5409001</misses>
				<total>8</total>
				<timestamp>2053.364791</timestamp>
			</report>
			<report>
				<misses>5410001</misses>
				<total>8</total>
				<timestamp>2053.744371</timestamp>
			</report>
			<report>
				<misses>5411001</misses>
				<total>8</total>
				<timestamp>2054.124005</timestamp>
			</report>
			<report>
				<misses>5412001</misses>
				<total>8</total>
				<timestamp>2054.503637</timestamp>
			</report>
			<report>
				<misses>5413001</misses>
				<total>8</total>
				<timestamp>2054.883294</timestamp>
			</report>
			<report>
				<misses>5414001</misses>
				<total>8</total>
				<timestamp>2055.262925</timestamp>
			</report>
			<report>
				<misses>5415001</misses>
				<total>8</total>
				<timestamp>2055.642524</timestamp>
			</report>
			<report>
				<misses>5416001</misses>
				<total>8</total>
				<timestamp>2056.022115</timestamp>
			</report>
			<report>
				<misses>5417001</misses>
				<total>8</total>
				<timestamp>2056.401738</timestamp>
			</report>
			<report>
				<misses>5418001</misses>
				<total>8</total>
				<timestamp>2056.781367</timestamp>
			</report>
			<report>
				<misses>5419001</misses>
				<total>8</total>
				<timestamp>2057.160985</timestamp>
			</report>
			<report>
				<misses>5420001</misses>
				<total>8</total>
				<timestamp>2057.540598</timestamp>
			</report>
			<report>
				<misses>5421001</misses>
				<total>8</total>
				<timestamp>2057.920226</timestamp>
			</report>
			<report>
				<misses>5422001</misses>
				<total>8</total>
				<timestamp>2058.299851</timestamp>
			</report>
			<report>
				<misses>5423001</misses>
				<total>8</total>
				<timestamp>2058.679447</timestamp>
			</report>
			<report>
				<misses>5424001</misses>
				<total>8</total>
				<timestamp>2059.059065</timestamp>
			</report>
			<report>
				<misses>5425001</misses>
				<total>8</total>
				<timestamp>2059.438678</timestamp>
			</report>
			<report>
				<misses>5426001</misses>
				<total>8</total>
				<timestamp>2059.818287</timestamp>
			</report>
			<report>
				<misses>5427001</misses>
				<total>8</total>
				<timestamp>2060.197955</timestamp>
			</report>
			<report>
				<misses>5428001</misses>
				<total>8</total>
				<timestamp>2060.577549</timestamp>
			</report>
			<report>
				<misses>5429001</misses>
				<total>8</total>
				<timestamp>2060.957183</timestamp>
			</report>
			<report>
				<misses>5430001</misses>
				<total>8</total>
				<timestamp>2061.336793</timestamp>
			</report>
			<report>
				<misses>5431001</misses>
				<total>8</total>
				<timestamp>2061.716411</timestamp>
			</report>
			<report>
				<misses>5432001</misses>
				<total>8</total>
				<timestamp>2062.096025</timestamp>
			</report>
			<report>
				<misses>5433001</misses>
				<total>8</total>
				<timestamp>2062.475664</timestamp>
			</report>
			<report>
				<misses>5434001</misses>
				<total>8</total>
				<timestamp>2062.855296</timestamp>
			</report>
			<report>
				<misses>5435001</misses>
				<total>8</total>
				<timestamp>2063.234882</timestamp>
			</report>
			<report>
				<misses>5436001</misses>
				<total>8</total>
				<timestamp>2063.614511</timestamp>
			</report>
			<report>
				<misses>5437001</misses>
				<total>8</total>
				<timestamp>2063.994168</timestamp>
			</report>
			<report>
				<misses>5438001</misses>
				<total>8</total>
				<timestamp>2064.373758</timestamp>
			</report>
			<report>
				<misses>5439001</misses>
				<total>8</total>
				<timestamp>2064.753354</timestamp>
			</report>
			<report>
				<misses>5440001</misses>
				<total>8</total>
				<timestamp>2065.132988</timestamp>
			</report>
			<report>
				<misses>5441001</misses>
				<total>8</total>
				<timestamp>2065.512601</timestamp>
			</report>
			<report>
				<misses>5442001</misses>
				<total>8</total>
				<timestamp>2065.892230</timestamp>
			</report>
			<report>
				<misses>5443001</misses>
				<total>8</total>
				<timestamp>2066.271892</timestamp>
			</report>
			<report>
				<misses>5444001</misses>
				<total>8</total>
				<timestamp>2066.651449</timestamp>
			</report>
			<report>
				<misses>5445001</misses>
				<total>8</total>
				<timestamp>2067.031096</timestamp>
			</report>
			<report>
				<misses>5446001</misses>
				<total>8</total>
				<timestamp>2067.410730</timestamp>
			</report>
			<report>
				<misses>5447001</misses>
				<total>8</total>
				<timestamp>2067.790308</timestamp>
			</report>
			<report>
				<misses>5448001</misses>
				<total>8</total>
				<timestamp>2068.169938</timestamp>
			</report>
			<report>
				<misses>5449001</misses>
				<total>8</total>
				<timestamp>2068.549586</timestamp>
			</report>
			<report>
				<misses>5450001</misses>
				<total>8</total>
				<timestamp>2068.929194</timestamp>
			</report>
			<report>
				<misses>5451001</misses>
				<total>8</total>
				<timestamp>2069.308844</timestamp>
			</report>
			<report>
				<misses>5452001</misses>
				<total>8</total>
				<timestamp>2069.688422</timestamp>
			</report>
			<report>
				<misses>5453001</misses>
				<total>8</total>
				<timestamp>2070.068033</timestamp>
			</report>
			<report>
				<misses>5454001</misses>
				<total>8</total>
				<timestamp>2070.447675</timestamp>
			</report>
			<report>
				<misses>5455001</misses>
				<total>8</total>
				<timestamp>2070.827268</timestamp>
			</report>
			<report>
				<misses>5456001</misses>
				<total>8</total>
				<timestamp>2071.206946</timestamp>
			</report>
			<report>
				<misses>5457001</misses>
				<total>8</total>
				<timestamp>2071.586528</timestamp>
			</report>
			<report>
				<misses>5458001</misses>
				<total>8</total>
				<timestamp>2071.966158</timestamp>
			</report>
			<report>
				<misses>5459001</misses>
				<total>8</total>
				<timestamp>2072.345811</timestamp>
			</report>
			<report>
				<misses>5460001</misses>
				<total>8</total>
				<timestamp>2072.725443</timestamp>
			</report>
			<report>
				<misses>5461001</misses>
				<total>8</total>
				<timestamp>2073.105008</timestamp>
			</report>
			<report>
				<misses>5462001</misses>
				<total>8</total>
				<timestamp>2073.484624</timestamp>
			</report>
			<report>
				<misses>5463001</misses>
				<total>8</total>
				<timestamp>2073.864287</timestamp>
			</report>
			<report>
				<misses>5464001</misses>
				<total>8</total>
				<timestamp>2074.243911</timestamp>
			</report>
			<report>
				<misses>5465001</misses>
				<total>8</total>
				<timestamp>2074.623480</timestamp>
			</report>
			<report>
				<misses>5466001</misses>
				<total>8</total>
				<timestamp>2075.003135</timestamp>
			</report>
			<report>
				<misses>5467001</misses>
				<total>8</total>
				<timestamp>2075.382769</timestamp>
			</report>
			<report>
				<misses>5468001</misses>
				<total>8</total>
				<timestamp>2075.762353</timestamp>
			</report>
			<report>
				<misses>5469001</misses>
				<total>8</total>
				<timestamp>2076.141957</timestamp>
			</report>
			<report>
				<misses>5470001</misses>
				<total>8</total>
				<timestamp>2076.521575</timestamp>
			</report>
			<report>
				<misses>5471001</misses>
				<total>8</total>
				<timestamp>2076.901224</timestamp>
			</report>
			<report>
				<misses>5472001</misses>
				<total>8</total>
				<timestamp>2077.280837</timestamp>
			</report>
			<report>
				<misses>5473001</misses>
				<total>8</total>
				<timestamp>2077.660447</timestamp>
			</report>
			<report>
				<misses>5474001</misses>
				<total>8</total>
				<timestamp>2078.040110</timestamp>
			</report>
			<report>
				<misses>5475001</misses>
				<total>8</total>
				<timestamp>2078.419725</timestamp>
			</report>
			<report>
				<misses>5476001</misses>
				<total>8</total>
				<timestamp>2078.799336</timestamp>
			</report>
			<report>
				<misses>5477001</misses>
				<total>8</total>
				<timestamp>2079.178906</timestamp>
			</report>
			<report>
				<misses>5478001</misses>
				<total>8</total>
				<timestamp>2079.558559</timestamp>
			</report>
			<report>
				<misses>5479001</misses>
				<total>8</total>
				<timestamp>2079.938153</timestamp>
			</report>
			<report>
				<misses>5480001</misses>
				<total>8</total>
				<timestamp>2080.317821</timestamp>
			</report>
			<report>
				<misses>5481001</misses>
				<total>8</total>
				<timestamp>2080.697407</timestamp>
			</report>
			<report>
				<misses>5482001</misses>
				<total>8</total>
				<timestamp>2081.077020</timestamp>
			</report>
			<report>
				<misses>5483001</misses>
				<total>8</total>
				<timestamp>2081.456666</timestamp>
			</report>
			<report>
				<misses>5484001</misses>
				<total>8</total>
				<timestamp>2081.836265</timestamp>
			</report>
			<report>
				<misses>5485001</misses>
				<total>8</total>
				<timestamp>2082.215869</timestamp>
			</report>
			<report>
				<misses>5486001</misses>
				<total>8</total>
				<timestamp>2082.595503</timestamp>
			</report>
			<report>
				<misses>5487001</misses>
				<total>8</total>
				<timestamp>2082.975158</timestamp>
			</report>
			<report>
				<misses>5488001</misses>
				<total>8</total>
				<timestamp>2083.354774</timestamp>
			</report>
			<report>
				<misses>5489001</misses>
				<total>8</total>
				<timestamp>2083.734378</timestamp>
			</report>
			<report>
				<misses>5490001</misses>
				<total>8</total>
				<timestamp>2084.113976</timestamp>
			</report>
			<report>
				<misses>5491001</misses>
				<total>8</total>
				<timestamp>2084.493592</timestamp>
			</report>
			<report>
				<misses>5492001</misses>
				<total>8</total>
				<timestamp>2084.873268</timestamp>
			</report>
			<report>
				<misses>5493001</misses>
				<total>8</total>
				<timestamp>2085.252845</timestamp>
			</report>
			<report>
				<misses>5494001</misses>
				<total>8</total>
				<timestamp>2085.632465</timestamp>
			</report>
			<report>
				<misses>5495001</misses>
				<total>8</total>
				<timestamp>2086.012107</timestamp>
			</report>
			<report>
				<misses>5496001</misses>
				<total>8</total>
				<timestamp>2086.391708</timestamp>
			</report>
			<report>
				<misses>5497001</misses>
				<total>8</total>
				<timestamp>2086.771335</timestamp>
			</report>
			<report>
				<misses>5498001</misses>
				<total>8</total>
				<timestamp>2087.150958</timestamp>
			</report>
			<report>
				<misses>5499001</misses>
				<total>8</total>
				<timestamp>2087.530618</timestamp>
			</report>
			<report>
				<misses>5500001</misses>
				<total>8</total>
				<timestamp>2087.910170</timestamp>
			</report>
			<report>
				<misses>5501001</misses>
				<total>8</total>
				<timestamp>2088.289827</timestamp>
			</report>
			<report>
				<misses>5502001</misses>
				<total>8</total>
				<timestamp>2088.669437</timestamp>
			</report>
			<report>
				<misses>5503001</misses>
				<total>8</total>
				<timestamp>2089.049064</timestamp>
			</report>
			<report>
				<misses>5504001</misses>
				<total>8</total>
				<timestamp>2089.428704</timestamp>
			</report>
			<report>
				<misses>5505001</misses>
				<total>8</total>
				<timestamp>2089.808286</timestamp>
			</report>
			<report>
				<misses>5506001</misses>
				<total>8</total>
				<timestamp>2090.187893</timestamp>
			</report>
			<report>
				<misses>5507001</misses>
				<total>8</total>
				<timestamp>2090.567518</timestamp>
			</report>
			<report>
				<misses>5508001</misses>
				<total>8</total>
				<timestamp>2090.947146</timestamp>
			</report>
			<report>
				<misses>5509001</misses>
				<total>8</total>
				<timestamp>2091.326771</timestamp>
			</report>
			<report>
				<misses>5510001</misses>
				<total>8</total>
				<timestamp>2091.706388</timestamp>
			</report>
			<report>
				<misses>5511001</misses>
				<total>8</total>
				<timestamp>2092.086037</timestamp>
			</report>
			<report>
				<misses>5512001</misses>
				<total>8</total>
				<timestamp>2092.465658</timestamp>
			</report>
			<report>
				<misses>5513001</misses>
				<total>8</total>
				<timestamp>2092.845291</timestamp>
			</report>
			<report>
				<misses>5514001</misses>
				<total>8</total>
				<timestamp>2093.224877</timestamp>
			</report>
			<report>
				<misses>5515001</misses>
				<total>8</total>
				<timestamp>2093.604510</timestamp>
			</report>
			<report>
				<misses>5516001</misses>
				<total>8</total>
				<timestamp>2093.984152</timestamp>
			</report>
			<report>
				<misses>5517001</misses>
				<total>8</total>
				<timestamp>2094.363778</timestamp>
			</report>
			<report>
				<misses>5518001</misses>
				<total>8</total>
				<timestamp>2094.743331</timestamp>
			</report>
			<report>
				<misses>5519001</misses>
				<total>8</total>
				<timestamp>2095.122962</timestamp>
			</report>
			<report>
				<misses>5520001</misses>
				<total>8</total>
				<timestamp>2095.502622</timestamp>
			</report>
			<report>
				<misses>5521001</misses>
				<total>8</total>
				<timestamp>2095.882226</timestamp>
			</report>
			<report>
				<misses>5522001</misses>
				<total>8</total>
				<timestamp>2096.261836</timestamp>
			</report>
			<report>
				<misses>5523001</misses>
				<total>8</total>
				<timestamp>2096.641433</timestamp>
			</report>
			<report>
				<misses>5524001</misses>
				<total>8</total>
				<timestamp>2097.021087</timestamp>
			</report>
			<report>
				<misses>5525001</misses>
				<total>8</total>
				<timestamp>2097.400695</timestamp>
			</report>
			<report>
				<misses>5526001</misses>
				<total>8</total>
				<timestamp>2097.780287</timestamp>
			</report>
			<report>
				<misses>5527001</misses>
				<total>8</total>
				<timestamp>2098.159925</timestamp>
			</report>
			<report>
				<misses>5528001</misses>
				<total>8</total>
				<timestamp>2098.539570</timestamp>
			</report>
			<report>
				<misses>5529001</misses>
				<total>8</total>
				<timestamp>2098.919162</timestamp>
			</report>
			<report>
				<misses>5530001</misses>
				<total>8</total>
				<timestamp>2099.298813</timestamp>
			</report>
			<report>
				<misses>5531001</misses>
				<total>8</total>
				<timestamp>2099.678409</timestamp>
			</report>
			<report>
				<misses>5532001</misses>
				<total>8</total>
				<timestamp>2100.058043</timestamp>
			</report>
			<report>
				<misses>5533001</misses>
				<total>8</total>
				<timestamp>2100.437673</timestamp>
			</report>
			<report>
				<misses>5534001</misses>
				<total>8</total>
				<timestamp>2100.817255</timestamp>
			</report>
			<report>
				<misses>5535001</misses>
				<total>8</total>
				<timestamp>2101.196885</timestamp>
			</report>
			<report>
				<misses>5536001</misses>
				<total>8</total>
				<timestamp>2101.576514</timestamp>
			</report>
			<report>
				<misses>5537001</misses>
				<total>8</total>
				<timestamp>2101.956134</timestamp>
			</report>
			<report>
				<misses>5538001</misses>
				<total>8</total>
				<timestamp>2102.335745</timestamp>
			</report>
			<report>
				<misses>5539001</misses>
				<total>8</total>
				<timestamp>2102.715409</timestamp>
			</report>
			<report>
				<misses>5540001</misses>
				<total>8</total>
				<timestamp>2103.095003</timestamp>
			</report>
			<report>
				<misses>5541001</misses>
				<total>8</total>
				<timestamp>2103.474622</timestamp>
			</report>
			<report>
				<misses>5542001</misses>
				<total>8</total>
				<timestamp>2103.854268</timestamp>
			</report>
			<report>
				<misses>5543001</misses>
				<total>8</total>
				<timestamp>2104.233851</timestamp>
			</report>
			<report>
				<misses>5544001</misses>
				<total>8</total>
				<timestamp>2104.613474</timestamp>
			</report>
			<report>
				<misses>5545001</misses>
				<total>8</total>
				<timestamp>2104.993073</timestamp>
			</report>
			<report>
				<misses>5546001</misses>
				<total>8</total>
				<timestamp>2105.372732</timestamp>
			</report>
			<report>
				<misses>5547001</misses>
				<total>8</total>
				<timestamp>2105.752321</timestamp>
			</report>
			<report>
				<misses>5548001</misses>
				<total>8</total>
				<timestamp>2106.131945</timestamp>
			</report>
			<report>
				<misses>5549001</misses>
				<total>8</total>
				<timestamp>2106.511568</timestamp>
			</report>
			<report>
				<misses>5550001</misses>
				<total>8</total>
				<timestamp>2106.891203</timestamp>
			</report>
			<report>
				<misses>5551001</misses>
				<total>8</total>
				<timestamp>2107.270793</timestamp>
			</report>
			<report>
				<misses>5552001</misses>
				<total>8</total>
				<timestamp>2107.650427</timestamp>
			</report>
			<report>
				<misses>5553001</misses>
				<total>8</total>
				<timestamp>2108.030047</timestamp>
			</report>
			<report>
				<misses>5554001</misses>
				<total>8</total>
				<timestamp>2108.409680</timestamp>
			</report>
			<report>
				<misses>5555001</misses>
				<total>8</total>
				<timestamp>2108.789285</timestamp>
			</report>
			<report>
				<misses>5556001</misses>
				<total>8</total>
				<timestamp>2109.168909</timestamp>
			</report>
			<report>
				<misses>5557001</misses>
				<total>8</total>
				<timestamp>2109.548568</timestamp>
			</report>
			<report>
				<misses>5558001</misses>
				<total>8</total>
				<timestamp>2109.928156</timestamp>
			</report>
			<report>
				<misses>5559001</misses>
				<total>8</total>
				<timestamp>2110.307770</timestamp>
			</report>
			<report>
				<misses>5560001</misses>
				<total>8</total>
				<timestamp>2110.687405</timestamp>
			</report>
			<report>
				<misses>5561001</misses>
				<total>8</total>
				<timestamp>2111.066980</timestamp>
			</report>
			<report>
				<misses>5562001</misses>
				<total>8</total>
				<timestamp>2111.446622</timestamp>
			</report>
			<report>
				<misses>5563001</misses>
				<total>8</total>
				<timestamp>2111.826266</timestamp>
			</report>
			<report>
				<misses>5564001</misses>
				<total>8</total>
				<timestamp>2112.205869</timestamp>
			</report>
			<report>
				<misses>5565001</misses>
				<total>8</total>
				<timestamp>2112.585534</timestamp>
			</report>
			<report>
				<misses>5566001</misses>
				<total>8</total>
				<timestamp>2112.965097</timestamp>
			</report>
			<report>
				<misses>5567001</misses>
				<total>8</total>
				<timestamp>2113.344726</timestamp>
			</report>
			<report>
				<misses>5568001</misses>
				<total>8</total>
				<timestamp>2113.724350</timestamp>
			</report>
			<report>
				<misses>5569001</misses>
				<total>8</total>
				<timestamp>2114.103983</timestamp>
			</report>
			<report>
				<misses>5570001</misses>
				<total>8</total>
				<timestamp>2114.483616</timestamp>
			</report>
			<report>
				<misses>5571001</misses>
				<total>8</total>
				<timestamp>2114.863196</timestamp>
			</report>
			<report>
				<misses>5572001</misses>
				<total>8</total>
				<timestamp>2115.242879</timestamp>
			</report>
			<report>
				<misses>5573001</misses>
				<total>8</total>
				<timestamp>2115.622478</timestamp>
			</report>
			<report>
				<misses>5574001</misses>
				<total>8</total>
				<timestamp>2116.002095</timestamp>
			</report>
			<report>
				<misses>5575001</misses>
				<total>8</total>
				<timestamp>2116.381679</timestamp>
			</report>
			<report>
				<misses>5576001</misses>
				<total>8</total>
				<timestamp>2116.761302</timestamp>
			</report>
			<report>
				<misses>5577001</misses>
				<total>8</total>
				<timestamp>2117.140911</timestamp>
			</report>
			<report>
				<misses>5578001</misses>
				<total>8</total>
				<timestamp>2117.520553</timestamp>
			</report>
			<report>
				<misses>5579001</misses>
				<total>8</total>
				<timestamp>2117.900166</timestamp>
			</report>
			<report>
				<misses>5580001</misses>
				<total>8</total>
				<timestamp>2118.279773</timestamp>
			</report>
			<report>
				<misses>5581001</misses>
				<total>8</total>
				<timestamp>2118.659455</timestamp>
			</report>
			<report>
				<misses>5582001</misses>
				<total>8</total>
				<timestamp>2119.039015</timestamp>
			</report>
			<report>
				<misses>5583001</misses>
				<total>8</total>
				<timestamp>2119.418641</timestamp>
			</report>
			<report>
				<misses>5584001</misses>
				<total>8</total>
				<timestamp>2119.798268</timestamp>
			</report>
			<report>
				<misses>5585001</misses>
				<total>8</total>
				<timestamp>2120.177919</timestamp>
			</report>
			<report>
				<misses>5586001</misses>
				<total>8</total>
				<timestamp>2120.557584</timestamp>
			</report>
			<report>
				<misses>5587001</misses>
				<total>8</total>
				<timestamp>2120.937156</timestamp>
			</report>
			<report>
				<misses>5588001</misses>
				<total>8</total>
				<timestamp>2121.316732</timestamp>
			</report>
			<report>
				<misses>5589001</misses>
				<total>8</total>
				<timestamp>2121.696378</timestamp>
			</report>
			<report>
				<misses>5590001</misses>
				<total>8</total>
				<timestamp>2122.075973</timestamp>
			</report>
			<report>
				<misses>5591001</misses>
				<total>8</total>
				<timestamp>2122.455624</timestamp>
			</report>
			<report>
				<misses>5592001</misses>
				<total>8</total>
				<timestamp>2122.835280</timestamp>
			</report>
			<report>
				<misses>5593001</misses>
				<total>8</total>
				<timestamp>2123.214886</timestamp>
			</report>
			<report>
				<misses>5594001</misses>
				<total>8</total>
				<timestamp>2123.594494</timestamp>
			</report>
			<report>
				<misses>5595001</misses>
				<total>8</total>
				<timestamp>2123.974081</timestamp>
			</report>
			<report>
				<misses>5596001</misses>
				<total>8</total>
				<timestamp>2124.353695</timestamp>
			</report>
			<report>
				<misses>5597001</misses>
				<total>8</total>
				<timestamp>2124.733353</timestamp>
			</report>
			<report>
				<misses>5598001</misses>
				<total>8</total>
				<timestamp>2125.112979</timestamp>
			</report>
			<report>
				<misses>5599001</misses>
				<total>8</total>
				<timestamp>2125.492563</timestamp>
			</report>
			<report>
				<misses>5600001</misses>
				<total>8</total>
				<timestamp>2125.872234</timestamp>
			</report>
			<report>
				<misses>5601001</misses>
				<total>8</total>
				<timestamp>2126.251800</timestamp>
			</report>
			<report>
				<misses>5602001</misses>
				<total>8</total>
				<timestamp>2126.631439</timestamp>
			</report>
			<report>
				<misses>5603001</misses>
				<total>8</total>
				<timestamp>2127.011061</timestamp>
			</report>
			<report>
				<misses>5604001</misses>
				<total>8</total>
				<timestamp>2127.390658</timestamp>
			</report>
			<report>
				<misses>5605001</misses>
				<total>8</total>
				<timestamp>2127.770283</timestamp>
			</report>
			<report>
				<misses>5606001</misses>
				<total>8</total>
				<timestamp>2128.149890</timestamp>
			</report>
			<report>
				<misses>5607001</misses>
				<total>8</total>
				<timestamp>2128.529549</timestamp>
			</report>
			<report>
				<misses>5608001</misses>
				<total>8</total>
				<timestamp>2128.909139</timestamp>
			</report>
			<report>
				<misses>5609001</misses>
				<total>8</total>
				<timestamp>2129.288751</timestamp>
			</report>
			<report>
				<misses>5610001</misses>
				<total>8</total>
				<timestamp>2129.668439</timestamp>
			</report>
			<report>
				<misses>5611001</misses>
				<total>8</total>
				<timestamp>2130.048006</timestamp>
			</report>
			<report>
				<misses>5612001</misses>
				<total>8</total>
				<timestamp>2130.427630</timestamp>
			</report>
			<report>
				<misses>5613001</misses>
				<total>8</total>
				<timestamp>2130.807302</timestamp>
			</report>
			<report>
				<misses>5614001</misses>
				<total>8</total>
				<timestamp>2131.186912</timestamp>
			</report>
			<report>
				<misses>5615001</misses>
				<total>8</total>
				<timestamp>2131.566532</timestamp>
			</report>
			<report>
				<misses>5616001</misses>
				<total>8</total>
				<timestamp>2131.946137</timestamp>
			</report>
			<report>
				<misses>5617001</misses>
				<total>8</total>
				<timestamp>2132.325739</timestamp>
			</report>
			<report>
				<misses>5618001</misses>
				<total>8</total>
				<timestamp>2132.705357</timestamp>
			</report>
			<report>
				<misses>5619001</misses>
				<total>8</total>
				<timestamp>2133.084965</timestamp>
			</report>
			<report>
				<misses>5620001</misses>
				<total>8</total>
				<timestamp>2133.464591</timestamp>
			</report>
			<report>
				<misses>5621001</misses>
				<total>8</total>
				<timestamp>2133.844213</timestamp>
			</report>
			<report>
				<misses>5622001</misses>
				<total>8</total>
				<timestamp>2134.223880</timestamp>
			</report>
			<report>
				<misses>5623001</misses>
				<total>8</total>
				<timestamp>2134.603458</timestamp>
			</report>
			<report>
				<misses>5624001</misses>
				<total>8</total>
				<timestamp>2134.983063</timestamp>
			</report>
			<report>
				<misses>5625001</misses>
				<total>8</total>
				<timestamp>2135.362679</timestamp>
			</report>
			<report>
				<misses>5626001</misses>
				<total>8</total>
				<timestamp>2135.742322</timestamp>
			</report>
			<report>
				<misses>5627001</misses>
				<total>8</total>
				<timestamp>2136.121947</timestamp>
			</report>
			<report>
				<misses>5628001</misses>
				<total>8</total>
				<timestamp>2136.501565</timestamp>
			</report>
			<report>
				<misses>5629001</misses>
				<total>8</total>
				<timestamp>2136.881159</timestamp>
			</report>
			<report>
				<misses>5630001</misses>
				<total>8</total>
				<timestamp>2137.260775</timestamp>
			</report>
			<report>
				<misses>5631001</misses>
				<total>8</total>
				<timestamp>2137.640442</timestamp>
			</report>
			<report>
				<misses>5632001</misses>
				<total>8</total>
				<timestamp>2138.020016</timestamp>
			</report>
			<report>
				<misses>5633001</misses>
				<total>8</total>
				<timestamp>2138.399663</timestamp>
			</report>
			<report>
				<misses>5634001</misses>
				<total>8</total>
				<timestamp>2138.779303</timestamp>
			</report>
			<report>
				<misses>5635001</misses>
				<total>8</total>
				<timestamp>2139.158877</timestamp>
			</report>
			<report>
				<misses>5636001</misses>
				<total>8</total>
				<timestamp>2139.538506</timestamp>
			</report>
			<report>
				<misses>5637001</misses>
				<total>8</total>
				<timestamp>2139.918161</timestamp>
			</report>
			<report>
				<misses>5638001</misses>
				<total>8</total>
				<timestamp>2140.297740</timestamp>
			</report>
			<report>
				<misses>5639001</misses>
				<total>8</total>
				<timestamp>2140.677411</timestamp>
			</report>
			<report>
				<misses>5640001</misses>
				<total>8</total>
				<timestamp>2141.056989</timestamp>
			</report>
			<report>
				<misses>5641001</misses>
				<total>8</total>
				<timestamp>2141.436613</timestamp>
			</report>
			<report>
				<misses>5642001</misses>
				<total>8</total>
				<timestamp>2141.816249</timestamp>
			</report>
			<report>
				<misses>5643001</misses>
				<total>8</total>
				<timestamp>2142.195859</timestamp>
			</report>
			<report>
				<misses>5644001</misses>
				<total>8</total>
				<timestamp>2142.575515</timestamp>
			</report>
			<report>
				<misses>5645001</misses>
				<total>8</total>
				<timestamp>2142.955085</timestamp>
			</report>
			<report>
				<misses>5646001</misses>
				<total>8</total>
				<timestamp>2143.334690</timestamp>
			</report>
			<report>
				<misses>5647001</misses>
				<total>8</total>
				<timestamp>2143.714332</timestamp>
			</report>
			<report>
				<misses>5648001</misses>
				<total>8</total>
				<timestamp>2144.093959</timestamp>
			</report>
			<report>
				<misses>5649001</misses>
				<total>8</total>
				<timestamp>2144.473553</timestamp>
			</report>
			<report>
				<misses>5650001</misses>
				<total>8</total>
				<timestamp>2144.853171</timestamp>
			</report>
			<report>
				<misses>5651001</misses>
				<total>8</total>
				<timestamp>2145.232814</timestamp>
			</report>
			<report>
				<misses>5652001</misses>
				<total>8</total>
				<timestamp>2145.612434</timestamp>
			</report>
			<report>
				<misses>5653001</misses>
				<total>8</total>
				<timestamp>2145.992063</timestamp>
			</report>
			<report>
				<misses>5654001</misses>
				<total>8</total>
				<timestamp>2146.371674</timestamp>
			</report>
			<report>
				<misses>5655001</misses>
				<total>8</total>
				<timestamp>2146.751302</timestamp>
			</report>
			<report>
				<misses>5656001</misses>
				<total>8</total>
				<timestamp>2147.130891</timestamp>
			</report>
			<report>
				<misses>5657001</misses>
				<total>8</total>
				<timestamp>2147.510523</timestamp>
			</report>
			<report>
				<misses>5658001</misses>
				<total>8</total>
				<timestamp>2147.890130</timestamp>
			</report>
			<report>
				<misses>5659001</misses>
				<total>8</total>
				<timestamp>2148.269811</timestamp>
			</report>
			<report>
				<misses>5660001</misses>
				<total>8</total>
				<timestamp>2148.649408</timestamp>
			</report>
			<report>
				<misses>5661001</misses>
				<total>8</total>
				<timestamp>2149.029078</timestamp>
			</report>
			<report>
				<misses>5662001</misses>
				<total>8</total>
				<timestamp>2149.408615</timestamp>
			</report>
			<report>
				<misses>5663001</misses>
				<total>8</total>
				<timestamp>2149.788257</timestamp>
			</report>
			<report>
				<misses>5664001</misses>
				<total>8</total>
				<timestamp>2150.167885</timestamp>
			</report>
			<report>
				<misses>5665001</misses>
				<total>8</total>
				<timestamp>2150.547503</timestamp>
			</report>
			<report>
				<misses>5666001</misses>
				<total>8</total>
				<timestamp>2150.927101</timestamp>
			</report>
			<report>
				<misses>5667001</misses>
				<total>8</total>
				<timestamp>2151.306719</timestamp>
			</report>
			<report>
				<misses>5668001</misses>
				<total>8</total>
				<timestamp>2151.686420</timestamp>
			</report>
			<report>
				<misses>5669001</misses>
				<total>8</total>
				<timestamp>2152.065968</timestamp>
			</report>
			<report>
				<misses>5670001</misses>
				<total>8</total>
				<timestamp>2152.445595</timestamp>
			</report>
			<report>
				<misses>5671001</misses>
				<total>8</total>
				<timestamp>2152.825263</timestamp>
			</report>
			<report>
				<misses>5672001</misses>
				<total>8</total>
				<timestamp>2153.204821</timestamp>
			</report>
			<report>
				<misses>5673001</misses>
				<total>8</total>
				<timestamp>2153.584447</timestamp>
			</report>
			<report>
				<misses>5674001</misses>
				<total>8</total>
				<timestamp>2153.964070</timestamp>
			</report>
			<report>
				<misses>5675001</misses>
				<total>8</total>
				<timestamp>2154.343701</timestamp>
			</report>
			<report>
				<misses>5676001</misses>
				<total>8</total>
				<timestamp>2154.723309</timestamp>
			</report>
			<report>
				<misses>5677001</misses>
				<total>8</total>
				<timestamp>2155.102911</timestamp>
			</report>
			<report>
				<misses>5678001</misses>
				<total>8</total>
				<timestamp>2155.482562</timestamp>
			</report>
			<report>
				<misses>5679001</misses>
				<total>8</total>
				<timestamp>2155.862170</timestamp>
			</report>
			<report>
				<misses>5680001</misses>
				<total>8</total>
				<timestamp>2156.241785</timestamp>
			</report>
			<report>
				<misses>5681001</misses>
				<total>8</total>
				<timestamp>2156.621414</timestamp>
			</report>
			<report>
				<misses>5682001</misses>
				<total>8</total>
				<timestamp>2157.001024</timestamp>
			</report>
			<report>
				<misses>5683001</misses>
				<total>8</total>
				<timestamp>2157.380641</timestamp>
			</report>
			<report>
				<misses>5684001</misses>
				<total>8</total>
				<timestamp>2157.760299</timestamp>
			</report>
			<report>
				<misses>5685001</misses>
				<total>8</total>
				<timestamp>2158.139911</timestamp>
			</report>
			<report>
				<misses>5686001</misses>
				<total>8</total>
				<timestamp>2158.519513</timestamp>
			</report>
			<report>
				<misses>5687001</misses>
				<total>8</total>
				<timestamp>2158.899175</timestamp>
			</report>
			<report>
				<misses>5688001</misses>
				<total>8</total>
				<timestamp>2159.278771</timestamp>
			</report>
			<report>
				<misses>5689001</misses>
				<total>8</total>
				<timestamp>2159.658372</timestamp>
			</report>
			<report>
				<misses>5690001</misses>
				<total>8</total>
				<timestamp>2160.037976</timestamp>
			</report>
			<report>
				<misses>5691001</misses>
				<total>8</total>
				<timestamp>2160.417595</timestamp>
			</report>
			<report>
				<misses>5692001</misses>
				<total>8</total>
				<timestamp>2160.797254</timestamp>
			</report>
			<report>
				<misses>5693001</misses>
				<total>8</total>
				<timestamp>2161.176850</timestamp>
			</report>
			<report>
				<misses>5694001</misses>
				<total>8</total>
				<timestamp>2161.556463</timestamp>
			</report>
			<report>
				<misses>5695001</misses>
				<total>8</total>
				<timestamp>2161.936117</timestamp>
			</report>
			<report>
				<misses>5696001</misses>
				<total>8</total>
				<timestamp>2162.315703</timestamp>
			</report>
			<report>
				<misses>5697001</misses>
				<total>8</total>
				<timestamp>2162.695377</timestamp>
			</report>
			<report>
				<misses>5698001</misses>
				<total>8</total>
				<timestamp>2163.074941</timestamp>
			</report>
			<report>
				<misses>5699001</misses>
				<total>8</total>
				<timestamp>2163.454563</timestamp>
			</report>
			<report>
				<misses>5700001</misses>
				<total>8</total>
				<timestamp>2163.834212</timestamp>
			</report>
			<report>
				<misses>5701001</misses>
				<total>8</total>
				<timestamp>2164.213797</timestamp>
			</report>
			<report>
				<misses>5702001</misses>
				<total>8</total>
				<timestamp>2164.593404</timestamp>
			</report>
			<report>
				<misses>5703001</misses>
				<total>8</total>
				<timestamp>2164.973038</timestamp>
			</report>
			<report>
				<misses>5704001</misses>
				<total>8</total>
				<timestamp>2165.352681</timestamp>
			</report>
			<report>
				<misses>5705001</misses>
				<total>8</total>
				<timestamp>2165.732300</timestamp>
			</report>
			<report>
				<misses>5706001</misses>
				<total>8</total>
				<timestamp>2166.111928</timestamp>
			</report>
			<report>
				<misses>5707001</misses>
				<total>8</total>
				<timestamp>2166.491523</timestamp>
			</report>
			<report>
				<misses>5708001</misses>
				<total>8</total>
				<timestamp>2166.871154</timestamp>
			</report>
			<report>
				<misses>5709001</misses>
				<total>8</total>
				<timestamp>2167.250764</timestamp>
			</report>
			<report>
				<misses>5710001</misses>
				<total>8</total>
				<timestamp>2167.630381</timestamp>
			</report>
			<report>
				<misses>5711001</misses>
				<total>8</total>
				<timestamp>2168.009998</timestamp>
			</report>
			<report>
				<misses>5712001</misses>
				<total>8</total>
				<timestamp>2168.389639</timestamp>
			</report>
			<report>
				<misses>5713001</misses>
				<total>8</total>
				<timestamp>2168.769274</timestamp>
			</report>
			<report>
				<misses>5714001</misses>
				<total>8</total>
				<timestamp>2169.148847</timestamp>
			</report>
			<report>
				<misses>5715001</misses>
				<total>8</total>
				<timestamp>2169.528480</timestamp>
			</report>
			<report>
				<misses>5716001</misses>
				<total>8</total>
				<timestamp>2169.908139</timestamp>
			</report>
			<report>
				<misses>5717001</misses>
				<total>8</total>
				<timestamp>2170.287722</timestamp>
			</report>
			<report>
				<misses>5718001</misses>
				<total>8</total>
				<timestamp>2170.667370</timestamp>
			</report>
			<report>
				<misses>5719001</misses>
				<total>8</total>
				<timestamp>2171.046966</timestamp>
			</report>
			<report>
				<misses>5720001</misses>
				<total>8</total>
				<timestamp>2171.426580</timestamp>
			</report>
			<report>
				<misses>5721001</misses>
				<total>8</total>
				<timestamp>2171.806245</timestamp>
			</report>
			<report>
				<misses>5722001</misses>
				<total>8</total>
				<timestamp>2172.185849</timestamp>
			</report>
			<report>
				<misses>5723001</misses>
				<total>8</total>
				<timestamp>2172.565433</timestamp>
			</report>
			<report>
				<misses>5724001</misses>
				<total>8</total>
				<timestamp>2172.945104</timestamp>
			</report>
			<report>
				<misses>5725001</misses>
				<total>8</total>
				<timestamp>2173.324673</timestamp>
			</report>
			<report>
				<misses>5726001</misses>
				<total>8</total>
				<timestamp>2173.704310</timestamp>
			</report>
			<report>
				<misses>5727001</misses>
				<total>8</total>
				<timestamp>2174.083922</timestamp>
			</report>
			<report>
				<misses>5728001</misses>
				<total>8</total>
				<timestamp>2174.463540</timestamp>
			</report>
			<report>
				<misses>5729001</misses>
				<total>8</total>
				<timestamp>2174.843175</timestamp>
			</report>
			<report>
				<misses>5730001</misses>
				<total>8</total>
				<timestamp>2175.222794</timestamp>
			</report>
			<report>
				<misses>5731001</misses>
				<total>8</total>
				<timestamp>2175.602407</timestamp>
			</report>
			<report>
				<misses>5732001</misses>
				<total>8</total>
				<timestamp>2175.982041</timestamp>
			</report>
			<report>
				<misses>5733001</misses>
				<total>8</total>
				<timestamp>2176.361634</timestamp>
			</report>
			<report>
				<misses>5734001</misses>
				<total>8</total>
				<timestamp>2176.741257</timestamp>
			</report>
			<report>
				<misses>5735001</misses>
				<total>8</total>
				<timestamp>2177.120889</timestamp>
			</report>
			<report>
				<misses>5736001</misses>
				<total>8</total>
				<timestamp>2177.500510</timestamp>
			</report>
			<report>
				<misses>5737001</misses>
				<total>8</total>
				<timestamp>2177.880142</timestamp>
			</report>
			<report>
				<misses>5738001</misses>
				<total>8</total>
				<timestamp>2178.259749</timestamp>
			</report>
			<report>
				<misses>5739001</misses>
				<total>8</total>
				<timestamp>2178.639360</timestamp>
			</report>
			<report>
				<misses>5740001</misses>
				<total>8</total>
				<timestamp>2179.018965</timestamp>
			</report>
			<report>
				<misses>5741001</misses>
				<total>8</total>
				<timestamp>2179.398612</timestamp>
			</report>
			<report>
				<misses>5742001</misses>
				<total>8</total>
				<timestamp>2179.778266</timestamp>
			</report>
			<report>
				<misses>5743001</misses>
				<total>8</total>
				<timestamp>2180.157840</timestamp>
			</report>
			<report>
				<misses>5744001</misses>
				<total>8</total>
				<timestamp>2180.537451</timestamp>
			</report>
			<report>
				<misses>5745001</misses>
				<total>8</total>
				<timestamp>2180.917109</timestamp>
			</report>
			<report>
				<misses>5746001</misses>
				<total>8</total>
				<timestamp>2181.296696</timestamp>
			</report>
			<report>
				<misses>5747001</misses>
				<total>8</total>
				<timestamp>2181.676331</timestamp>
			</report>
			<report>
				<misses>5748001</misses>
				<total>8</total>
				<timestamp>2182.055945</timestamp>
			</report>
			<report>
				<misses>5749001</misses>
				<total>8</total>
				<timestamp>2182.435573</timestamp>
			</report>
			<report>
				<misses>5750001</misses>
				<total>8</total>
				<timestamp>2182.815304</timestamp>
			</report>
			<report>
				<misses>5751001</misses>
				<total>8</total>
				<timestamp>2183.194795</timestamp>
			</report>
			<report>
				<misses>5752001</misses>
				<total>8</total>
				<timestamp>2183.574428</timestamp>
			</report>
			<report>
				<misses>5753001</misses>
				<total>8</total>
				<timestamp>2183.954085</timestamp>
			</report>
			<report>
				<misses>5754001</misses>
				<total>8</total>
				<timestamp>2184.333672</timestamp>
			</report>
			<report>
				<misses>5755001</misses>
				<total>8</total>
				<timestamp>2184.713301</timestamp>
			</report>
			<report>
				<misses>5756001</misses>
				<total>8</total>
				<timestamp>2185.092890</timestamp>
			</report>
			<report>
				<misses>5757001</misses>
				<total>8</total>
				<timestamp>2185.472516</timestamp>
			</report>
			<report>
				<misses>5758001</misses>
				<total>8</total>
				<timestamp>2185.852178</timestamp>
			</report>
			<report>
				<misses>5759001</misses>
				<total>8</total>
				<timestamp>2186.231799</timestamp>
			</report>
			<report>
				<misses>5760001</misses>
				<total>8</total>
				<timestamp>2186.611382</timestamp>
			</report>
			<report>
				<misses>5761001</misses>
				<total>8</total>
				<timestamp>2186.991044</timestamp>
			</report>
			<report>
				<misses>5762001</misses>
				<total>8</total>
				<timestamp>2187.370654</timestamp>
			</report>
			<report>
				<misses>5763001</misses>
				<total>8</total>
				<timestamp>2187.750305</timestamp>
			</report>
			<report>
				<misses>5764001</misses>
				<total>8</total>
				<timestamp>2188.129861</timestamp>
			</report>
			<report>
				<misses>5765001</misses>
				<total>8</total>
				<timestamp>2188.509477</timestamp>
			</report>
			<report>
				<misses>5766001</misses>
				<total>8</total>
				<timestamp>2188.889104</timestamp>
			</report>
			<report>
				<misses>5767001</misses>
				<total>8</total>
				<timestamp>2189.268715</timestamp>
			</report>
			<report>
				<misses>5768001</misses>
				<total>8</total>
				<timestamp>2189.648379</timestamp>
			</report>
			<report>
				<misses>5769001</misses>
				<total>8</total>
				<timestamp>2190.027961</timestamp>
			</report>
			<report>
				<misses>5770001</misses>
				<total>8</total>
				<timestamp>2190.407584</timestamp>
			</report>
			<report>
				<misses>5771001</misses>
				<total>8</total>
				<timestamp>2190.787224</timestamp>
			</report>
			<report>
				<misses>5772001</misses>
				<total>8</total>
				<timestamp>2191.166824</timestamp>
			</report>
			<report>
				<misses>5773001</misses>
				<total>8</total>
				<timestamp>2191.546454</timestamp>
			</report>
			<report>
				<misses>5774001</misses>
				<total>8</total>
				<timestamp>2191.926118</timestamp>
			</report>
			<report>
				<misses>5775001</misses>
				<total>8</total>
				<timestamp>2192.305691</timestamp>
			</report>
			<report>
				<misses>5776001</misses>
				<total>8</total>
				<timestamp>2192.685308</timestamp>
			</report>
			<report>
				<misses>5777001</misses>
				<total>8</total>
				<timestamp>2193.064961</timestamp>
			</report>
			<report>
				<misses>5778001</misses>
				<total>8</total>
				<timestamp>2193.444558</timestamp>
			</report>
			<report>
				<misses>5779001</misses>
				<total>8</total>
				<timestamp>2193.824171</timestamp>
			</report>
			<report>
				<misses>5780001</misses>
				<total>8</total>
				<timestamp>2194.203778</timestamp>
			</report>
			<report>
				<misses>5781001</misses>
				<total>8</total>
				<timestamp>2194.583410</timestamp>
			</report>
			<report>
				<misses>5782001</misses>
				<total>8</total>
				<timestamp>2194.963046</timestamp>
			</report>
			<report>
				<misses>5783001</misses>
				<total>8</total>
				<timestamp>2195.342656</timestamp>
			</report>
			<report>
				<misses>5784001</misses>
				<total>8</total>
				<timestamp>2195.722264</timestamp>
			</report>
			<report>
				<misses>5785001</misses>
				<total>8</total>
				<timestamp>2196.101891</timestamp>
			</report>
			<report>
				<misses>5786001</misses>
				<total>8</total>
				<timestamp>2196.481492</timestamp>
			</report>
			<report>
				<misses>5787001</misses>
				<total>8</total>
				<timestamp>2196.861125</timestamp>
			</report>
			<report>
				<misses>5788001</misses>
				<total>8</total>
				<timestamp>2197.240775</timestamp>
			</report>
			<report>
				<misses>5789001</misses>
				<total>8</total>
				<timestamp>2197.620369</timestamp>
			</report>
			<report>
				<misses>5790001</misses>
				<total>8</total>
				<timestamp>2198.000007</timestamp>
			</report>
			<report>
				<misses>5791001</misses>
				<total>8</total>
				<timestamp>2198.379602</timestamp>
			</report>
			<report>
				<misses>5792001</misses>
				<total>8</total>
				<timestamp>2198.759262</timestamp>
			</report>
			<report>
				<misses>5793001</misses>
				<total>8</total>
				<timestamp>2199.138849</timestamp>
			</report>
			<report>
				<misses>5794001</misses>
				<total>8</total>
				<timestamp>2199.518456</timestamp>
			</report>
			<report>
				<misses>5795001</misses>
				<total>8</total>
				<timestamp>2199.898093</timestamp>
			</report>
			<report>
				<misses>5796001</misses>
				<total>8</total>
				<timestamp>2200.277696</timestamp>
			</report>
			<report>
				<misses>5797001</misses>
				<total>8</total>
				<timestamp>2200.657358</timestamp>
			</report>
			<report>
				<misses>5798001</misses>
				<total>8</total>
				<timestamp>2201.036957</timestamp>
			</report>
			<report>
				<misses>5799001</misses>
				<total>8</total>
				<timestamp>2201.416608</timestamp>
			</report>
			<report>
				<misses>5800001</misses>
				<total>8</total>
				<timestamp>2201.796184</timestamp>
			</report>
			<report>
				<misses>5801001</misses>
				<total>8</total>
				<timestamp>2202.175835</timestamp>
			</report>
			<report>
				<misses>5802001</misses>
				<total>8</total>
				<timestamp>2202.555418</timestamp>
			</report>
			<report>
				<misses>5803001</misses>
				<total>8</total>
				<timestamp>2202.935057</timestamp>
			</report>
			<report>
				<misses>5804001</misses>
				<total>8</total>
				<timestamp>2203.314676</timestamp>
			</report>
			<report>
				<misses>5805001</misses>
				<total>8</total>
				<timestamp>2203.694287</timestamp>
			</report>
			<report>
				<misses>5806001</misses>
				<total>8</total>
				<timestamp>2204.073976</timestamp>
			</report>
			<report>
				<misses>5807001</misses>
				<total>8</total>
				<timestamp>2204.453592</timestamp>
			</report>
			<report>
				<misses>5808001</misses>
				<total>8</total>
				<timestamp>2204.833146</timestamp>
			</report>
			<report>
				<misses>5809001</misses>
				<total>8</total>
				<timestamp>2205.212758</timestamp>
			</report>
			<report>
				<misses>5810001</misses>
				<total>8</total>
				<timestamp>2205.592395</timestamp>
			</report>
			<report>
				<misses>5811001</misses>
				<total>8</total>
				<timestamp>2205.972019</timestamp>
			</report>
			<report>
				<misses>5812001</misses>
				<total>8</total>
				<timestamp>2206.351651</timestamp>
			</report>
			<report>
				<misses>5813001</misses>
				<total>8</total>
				<timestamp>2206.731265</timestamp>
			</report>
			<report>
				<misses>5814001</misses>
				<total>8</total>
				<timestamp>2207.110888</timestamp>
			</report>
			<report>
				<misses>5815001</misses>
				<total>8</total>
				<timestamp>2207.490472</timestamp>
			</report>
			<report>
				<misses>5816001</misses>
				<total>8</total>
				<timestamp>2207.870089</timestamp>
			</report>
			<report>
				<misses>5817001</misses>
				<total>8</total>
				<timestamp>2208.249724</timestamp>
			</report>
			<report>
				<misses>5818001</misses>
				<total>8</total>
				<timestamp>2208.629343</timestamp>
			</report>
			<report>
				<misses>5819001</misses>
				<total>8</total>
				<timestamp>2209.009015</timestamp>
			</report>
			<report>
				<misses>5820001</misses>
				<total>8</total>
				<timestamp>2209.388573</timestamp>
			</report>
			<report>
				<misses>5821001</misses>
				<total>8</total>
				<timestamp>2209.768205</timestamp>
			</report>
			<report>
				<misses>5822001</misses>
				<total>8</total>
				<timestamp>2210.147815</timestamp>
			</report>
			<report>
				<misses>5823001</misses>
				<total>8</total>
				<timestamp>2210.527438</timestamp>
			</report>
			<report>
				<misses>5824001</misses>
				<total>8</total>
				<timestamp>2210.907084</timestamp>
			</report>
			<report>
				<misses>5825001</misses>
				<total>8</total>
				<timestamp>2211.286688</timestamp>
			</report>
			<report>
				<misses>5826001</misses>
				<total>8</total>
				<timestamp>2211.666314</timestamp>
			</report>
			<report>
				<misses>5827001</misses>
				<total>8</total>
				<timestamp>2212.045932</timestamp>
			</report>
			<report>
				<misses>5828001</misses>
				<total>8</total>
				<timestamp>2212.425592</timestamp>
			</report>
			<report>
				<misses>5829001</misses>
				<total>8</total>
				<timestamp>2212.805158</timestamp>
			</report>
			<report>
				<misses>5830001</misses>
				<total>8</total>
				<timestamp>2213.184772</timestamp>
			</report>
			<report>
				<misses>5831001</misses>
				<total>8</total>
				<timestamp>2213.564400</timestamp>
			</report>
			<report>
				<misses>5832001</misses>
				<total>8</total>
				<timestamp>2213.944031</timestamp>
			</report>
			<report>
				<misses>5833001</misses>
				<total>8</total>
				<timestamp>2214.323648</timestamp>
			</report>
			<report>
				<misses>5834001</misses>
				<total>8</total>
				<timestamp>2214.703257</timestamp>
			</report>
			<report>
				<misses>5835001</misses>
				<total>8</total>
				<timestamp>2215.082931</timestamp>
			</report>
			<report>
				<misses>5836001</misses>
				<total>8</total>
				<timestamp>2215.462529</timestamp>
			</report>
			<report>
				<misses>5837001</misses>
				<total>8</total>
				<timestamp>2215.842123</timestamp>
			</report>
			<report>
				<misses>5838001</misses>
				<total>8</total>
				<timestamp>2216.221735</timestamp>
			</report>
			<report>
				<misses>5839001</misses>
				<total>8</total>
				<timestamp>2216.601378</timestamp>
			</report>
			<report>
				<misses>5840001</misses>
				<total>8</total>
				<timestamp>2216.981026</timestamp>
			</report>
			<report>
				<misses>5841001</misses>
				<total>8</total>
				<timestamp>2217.360592</timestamp>
			</report>
			<report>
				<misses>5842001</misses>
				<total>8</total>
				<timestamp>2217.740250</timestamp>
			</report>
			<report>
				<misses>5843001</misses>
				<total>8</total>
				<timestamp>2218.119874</timestamp>
			</report>
			<report>
				<misses>5844001</misses>
				<total>8</total>
				<timestamp>2218.499483</timestamp>
			</report>
			<report>
				<misses>5845001</misses>
				<total>8</total>
				<timestamp>2218.879075</timestamp>
			</report>
			<report>
				<misses>5846001</misses>
				<total>8</total>
				<timestamp>2219.258712</timestamp>
			</report>
			<report>
				<misses>5847001</misses>
				<total>8</total>
				<timestamp>2219.638337</timestamp>
			</report>
			<report>
				<misses>5848001</misses>
				<total>8</total>
				<timestamp>2220.018004</timestamp>
			</report>
			<report>
				<misses>5849001</misses>
				<total>8</total>
				<timestamp>2220.397587</timestamp>
			</report>
			<report>
				<misses>5850001</misses>
				<total>8</total>
				<timestamp>2220.777187</timestamp>
			</report>
			<report>
				<misses>5851001</misses>
				<total>8</total>
				<timestamp>2221.156849</timestamp>
			</report>
			<report>
				<misses>5852001</misses>
				<total>8</total>
				<timestamp>2221.536423</timestamp>
			</report>
			<report>
				<misses>5853001</misses>
				<total>8</total>
				<timestamp>2221.916037</timestamp>
			</report>
			<report>
				<misses>5854001</misses>
				<total>8</total>
				<timestamp>2222.295678</timestamp>
			</report>
			<report>
				<misses>5855001</misses>
				<total>8</total>
				<timestamp>2222.675314</timestamp>
			</report>
			<report>
				<misses>5856001</misses>
				<total>8</total>
				<timestamp>2223.054929</timestamp>
			</report>
			<report>
				<misses>5857001</misses>
				<total>8</total>
				<timestamp>2223.434511</timestamp>
			</report>
			<report>
				<misses>5858001</misses>
				<total>8</total>
				<timestamp>2223.814127</timestamp>
			</report>
			<report>
				<misses>5859001</misses>
				<total>8</total>
				<timestamp>2224.193811</timestamp>
			</report>
			<report>
				<misses>5860001</misses>
				<total>8</total>
				<timestamp>2224.573368</timestamp>
			</report>
			<report>
				<misses>5861001</misses>
				<total>8</total>
				<timestamp>2224.952996</timestamp>
			</report>
			<report>
				<misses>5862001</misses>
				<total>8</total>
				<timestamp>2225.332621</timestamp>
			</report>
			<report>
				<misses>5863001</misses>
				<total>8</total>
				<timestamp>2225.712270</timestamp>
			</report>
			<report>
				<misses>5864001</misses>
				<total>8</total>
				<timestamp>2226.091853</timestamp>
			</report>
			<report>
				<misses>5865001</misses>
				<total>8</total>
				<timestamp>2226.471546</timestamp>
			</report>
			<report>
				<misses>5866001</misses>
				<total>8</total>
				<timestamp>2226.851109</timestamp>
			</report>
			<report>
				<misses>5867001</misses>
				<total>7</total>
				<timestamp>2227.230824</timestamp>
			</report>
			<report>
				<misses>5868001</misses>
				<total>8</total>
				<timestamp>2227.610347</timestamp>
			</report>
			<report>
				<misses>5869001</misses>
				<total>8</total>
				<timestamp>2227.989981</timestamp>
			</report>
			<report>
				<misses>5870001</misses>
				<total>8</total>
				<timestamp>2228.369576</timestamp>
			</report>
			<report>
				<misses>5871001</misses>
				<total>8</total>
				<timestamp>2228.749223</timestamp>
			</report>
			<report>
				<misses>5872001</misses>
				<total>8</total>
				<timestamp>2229.128876</timestamp>
			</report>
			<report>
				<misses>5873001</misses>
				<total>8</total>
				<timestamp>2229.508483</timestamp>
			</report>
			<report>
				<misses>5874001</misses>
				<total>8</total>
				<timestamp>2229.888103</timestamp>
			</report>
			<report>
				<misses>5875001</misses>
				<total>8</total>
				<timestamp>2230.267677</timestamp>
			</report>
			<report>
				<misses>5876001</misses>
				<total>8</total>
				<timestamp>2230.647286</timestamp>
			</report>
			<report>
				<misses>5877001</misses>
				<total>8</total>
				<timestamp>2231.026953</timestamp>
			</report>
			<report>
				<misses>5878001</misses>
				<total>8</total>
				<timestamp>2231.406522</timestamp>
			</report>
			<report>
				<misses>5879001</misses>
				<total>8</total>
				<timestamp>2231.786150</timestamp>
			</report>
			<report>
				<misses>5880001</misses>
				<total>8</total>
				<timestamp>2232.165794</timestamp>
			</report>
			<report>
				<misses>5881001</misses>
				<total>8</total>
				<timestamp>2232.545434</timestamp>
			</report>
			<report>
				<misses>5882001</misses>
				<total>8</total>
				<timestamp>2232.925026</timestamp>
			</report>
			<report>
				<misses>5883001</misses>
				<total>8</total>
				<timestamp>2233.304669</timestamp>
			</report>
			<report>
				<misses>5884001</misses>
				<total>8</total>
				<timestamp>2233.684293</timestamp>
			</report>
			<report>
				<misses>5885001</misses>
				<total>8</total>
				<timestamp>2234.063898</timestamp>
			</report>
			<report>
				<misses>5886001</misses>
				<total>8</total>
				<timestamp>2234.443532</timestamp>
			</report>
			<report>
				<misses>5887001</misses>
				<total>8</total>
				<timestamp>2234.823125</timestamp>
			</report>
			<report>
				<misses>5888001</misses>
				<total>8</total>
				<timestamp>2235.202757</timestamp>
			</report>
			<report>
				<misses>5889001</misses>
				<total>8</total>
				<timestamp>2235.582386</timestamp>
			</report>
			<report>
				<misses>5890001</misses>
				<total>8</total>
				<timestamp>2235.961973</timestamp>
			</report>
			<report>
				<misses>5891001</misses>
				<total>8</total>
				<timestamp>2236.341604</timestamp>
			</report>
			<report>
				<misses>5892001</misses>
				<total>8</total>
				<timestamp>2236.721250</timestamp>
			</report>
			<report>
				<misses>5893001</misses>
				<total>8</total>
				<timestamp>2237.100846</timestamp>
			</report>
			<report>
				<misses>5894001</misses>
				<total>8</total>
				<timestamp>2237.480451</timestamp>
			</report>
			<report>
				<misses>5895001</misses>
				<total>8</total>
				<timestamp>2237.860073</timestamp>
			</report>
			<report>
				<misses>5896001</misses>
				<total>8</total>
				<timestamp>2238.239727</timestamp>
			</report>
			<report>
				<misses>5897001</misses>
				<total>8</total>
				<timestamp>2238.619335</timestamp>
			</report>
			<report>
				<misses>5898001</misses>
				<total>8</total>
				<timestamp>2238.998948</timestamp>
			</report>
			<report>
				<misses>5899001</misses>
				<total>8</total>
				<timestamp>2239.378613</timestamp>
			</report>
			<report>
				<misses>5900001</misses>
				<total>8</total>
				<timestamp>2239.758187</timestamp>
			</report>
			<report>
				<misses>5901001</misses>
				<total>8</total>
				<timestamp>2240.137837</timestamp>
			</report>
			<report>
				<misses>5902001</misses>
				<total>8</total>
				<timestamp>2240.517404</timestamp>
			</report>
			<report>
				<misses>5903001</misses>
				<total>8</total>
				<timestamp>2240.897067</timestamp>
			</report>
			<report>
				<misses>5904001</misses>
				<total>8</total>
				<timestamp>2241.276693</timestamp>
			</report>
			<report>
				<misses>5905001</misses>
				<total>8</total>
				<timestamp>2241.656279</timestamp>
			</report>
			<report>
				<misses>5906001</misses>
				<total>8</total>
				<timestamp>2242.035899</timestamp>
			</report>
			<report>
				<misses>5907001</misses>
				<total>8</total>
				<timestamp>2242.415554</timestamp>
			</report>
			<report>
				<misses>5908001</misses>
				<total>8</total>
				<timestamp>2242.795134</timestamp>
			</report>
			<report>
				<misses>5909001</misses>
				<total>8</total>
				<timestamp>2243.174776</timestamp>
			</report>
			<report>
				<misses>5910001</misses>
				<total>8</total>
				<timestamp>2243.554393</timestamp>
			</report>
			<report>
				<misses>5911001</misses>
				<total>8</total>
				<timestamp>2243.934004</timestamp>
			</report>
			<report>
				<misses>5912001</misses>
				<total>8</total>
				<timestamp>2244.313615</timestamp>
			</report>
			<report>
				<misses>5913001</misses>
				<total>8</total>
				<timestamp>2244.693255</timestamp>
			</report>
			<report>
				<misses>5914001</misses>
				<total>8</total>
				<timestamp>2245.072885</timestamp>
			</report>
			<report>
				<misses>5915001</misses>
				<total>8</total>
				<timestamp>2245.452467</timestamp>
			</report>
			<report>
				<misses>5916001</misses>
				<total>8</total>
				<timestamp>2245.832109</timestamp>
			</report>
			<report>
				<misses>5917001</misses>
				<total>8</total>
				<timestamp>2246.211748</timestamp>
			</report>
			<report>
				<misses>5918001</misses>
				<total>8</total>
				<timestamp>2246.591374</timestamp>
			</report>
			<report>
				<misses>5919001</misses>
				<total>8</total>
				<timestamp>2246.970954</timestamp>
			</report>
			<report>
				<misses>5920001</misses>
				<total>8</total>
				<timestamp>2247.350594</timestamp>
			</report>
			<report>
				<misses>5921001</misses>
				<total>8</total>
				<timestamp>2247.730220</timestamp>
			</report>
			<report>
				<misses>5922001</misses>
				<total>8</total>
				<timestamp>2248.109866</timestamp>
			</report>
			<report>
				<misses>5923001</misses>
				<total>8</total>
				<timestamp>2248.489494</timestamp>
			</report>
			<report>
				<misses>5924001</misses>
				<total>8</total>
				<timestamp>2248.869049</timestamp>
			</report>
			<report>
				<misses>5925001</misses>
				<total>8</total>
				<timestamp>2249.248718</timestamp>
			</report>
			<report>
				<misses>5926001</misses>
				<total>8</total>
				<timestamp>2249.628321</timestamp>
			</report>
			<report>
				<misses>5927001</misses>
				<total>8</total>
				<timestamp>2250.007914</timestamp>
			</report>
			<report>
				<misses>5928001</misses>
				<total>8</total>
				<timestamp>2250.387533</timestamp>
			</report>
			<report>
				<misses>5929001</misses>
				<total>8</total>
				<timestamp>2250.767181</timestamp>
			</report>
			<report>
				<misses>5930001</misses>
				<total>8</total>
				<timestamp>2251.146780</timestamp>
			</report>
			<report>
				<misses>5931001</misses>
				<total>8</total>
				<timestamp>2251.526390</timestamp>
			</report>
			<report>
				<misses>5932001</misses>
				<total>8</total>
				<timestamp>2251.906011</timestamp>
			</report>
			<report>
				<misses>5933001</misses>
				<total>8</total>
				<timestamp>2252.285644</timestamp>
			</report>
			<report>
				<misses>5934001</misses>
				<total>8</total>
				<timestamp>2252.665268</timestamp>
			</report>
			<report>
				<misses>5935001</misses>
				<total>8</total>
				<timestamp>2253.044917</timestamp>
			</report>
			<report>
				<misses>5936001</misses>
				<total>8</total>
				<timestamp>2253.424487</timestamp>
			</report>
			<report>
				<misses>5937001</misses>
				<total>8</total>
				<timestamp>2253.804167</timestamp>
			</report>
			<report>
				<misses>5938001</misses>
				<total>8</total>
				<timestamp>2254.183767</timestamp>
			</report>
			<report>
				<misses>5939001</misses>
				<total>8</total>
				<timestamp>2254.563403</timestamp>
			</report>
			<report>
				<misses>5940001</misses>
				<total>8</total>
				<timestamp>2254.943002</timestamp>
			</report>
			<report>
				<misses>5941001</misses>
				<total>8</total>
				<timestamp>2255.322659</timestamp>
			</report>
			<report>
				<misses>5942001</misses>
				<total>8</total>
				<timestamp>2255.702279</timestamp>
			</report>
			<report>
				<misses>5943001</misses>
				<total>8</total>
				<timestamp>2256.081852</timestamp>
			</report>
			<report>
				<misses>5944001</misses>
				<total>8</total>
				<timestamp>2256.461465</timestamp>
			</report>
			<report>
				<misses>5945001</misses>
				<total>8</total>
				<timestamp>2256.841102</timestamp>
			</report>
			<report>
				<misses>5946001</misses>
				<total>8</total>
				<timestamp>2257.220750</timestamp>
			</report>
			<report>
				<misses>5947001</misses>
				<total>8</total>
				<timestamp>2257.600321</timestamp>
			</report>
			<report>
				<misses>5948001</misses>
				<total>8</total>
				<timestamp>2257.979927</timestamp>
			</report>
			<report>
				<misses>5949001</misses>
				<total>8</total>
				<timestamp>2258.359611</timestamp>
			</report>
			<report>
				<misses>5950001</misses>
				<total>8</total>
				<timestamp>2258.739194</timestamp>
			</report>
			<report>
				<misses>5951001</misses>
				<total>8</total>
				<timestamp>2259.118811</timestamp>
			</report>
			<report>
				<misses>5952001</misses>
				<total>8</total>
				<timestamp>2259.498453</timestamp>
			</report>
			<report>
				<misses>5953001</misses>
				<total>8</total>
				<timestamp>2259.878046</timestamp>
			</report>
			<report>
				<misses>5954001</misses>
				<total>8</total>
				<timestamp>2260.257664</timestamp>
			</report>
			<report>
				<misses>5955001</misses>
				<total>8</total>
				<timestamp>2260.637308</timestamp>
			</report>
			<report>
				<misses>5956001</misses>
				<total>8</total>
				<timestamp>2261.016909</timestamp>
			</report>
			<report>
				<misses>5957001</misses>
				<total>8</total>
				<timestamp>2261.396568</timestamp>
			</report>
			<report>
				<misses>5958001</misses>
				<total>8</total>
				<timestamp>2261.776151</timestamp>
			</report>
			<report>
				<misses>5959001</misses>
				<total>8</total>
				<timestamp>2262.155801</timestamp>
			</report>
			<report>
				<misses>5960001</misses>
				<total>8</total>
				<timestamp>2262.535398</timestamp>
			</report>
			<report>
				<misses>5961001</misses>
				<total>8</total>
				<timestamp>2262.915010</timestamp>
			</report>
			<report>
				<misses>5962001</misses>
				<total>8</total>
				<timestamp>2263.294625</timestamp>
			</report>
			<report>
				<misses>5963001</misses>
				<total>8</total>
				<timestamp>2263.674281</timestamp>
			</report>
			<report>
				<misses>5964001</misses>
				<total>8</total>
				<timestamp>2264.053880</timestamp>
			</report>
			<report>
				<misses>5965001</misses>
				<total>8</total>
				<timestamp>2264.433485</timestamp>
			</report>
			<report>
				<misses>5966001</misses>
				<total>8</total>
				<timestamp>2264.813098</timestamp>
			</report>
			<report>
				<misses>5967001</misses>
				<total>8</total>
				<timestamp>2265.192720</timestamp>
			</report>
			<report>
				<misses>5968001</misses>
				<total>8</total>
				<timestamp>2265.572351</timestamp>
			</report>
			<report>
				<misses>5969001</misses>
				<total>8</total>
				<timestamp>2265.951982</timestamp>
			</report>
			<report>
				<misses>5970001</misses>
				<total>8</total>
				<timestamp>2266.331590</timestamp>
			</report>
			<report>
				<misses>5971001</misses>
				<total>8</total>
				<timestamp>2266.711259</timestamp>
			</report>
			<report>
				<misses>5972001</misses>
				<total>8</total>
				<timestamp>2267.090820</timestamp>
			</report>
			<report>
				<misses>5973001</misses>
				<total>8</total>
				<timestamp>2267.470437</timestamp>
			</report>
			<report>
				<misses>5974001</misses>
				<total>8</total>
				<timestamp>2267.850071</timestamp>
			</report>
			<report>
				<misses>5975001</misses>
				<total>8</total>
				<timestamp>2268.229679</timestamp>
			</report>
			<report>
				<misses>5976001</misses>
				<total>8</total>
				<timestamp>2268.609314</timestamp>
			</report>
			<report>
				<misses>5977001</misses>
				<total>8</total>
				<timestamp>2268.988916</timestamp>
			</report>
			<report>
				<misses>5978001</misses>
				<total>8</total>
				<timestamp>2269.368554</timestamp>
			</report>
			<report>
				<misses>5979001</misses>
				<total>8</total>
				<timestamp>2269.748165</timestamp>
			</report>
			<report>
				<misses>5980001</misses>
				<total>8</total>
				<timestamp>2270.127773</timestamp>
			</report>
			<report>
				<misses>5981001</misses>
				<total>8</total>
				<timestamp>2270.507457</timestamp>
			</report>
			<report>
				<misses>5982001</misses>
				<total>8</total>
				<timestamp>2270.887003</timestamp>
			</report>
			<report>
				<misses>5983001</misses>
				<total>8</total>
				<timestamp>2271.266659</timestamp>
			</report>
			<report>
				<misses>5984001</misses>
				<total>8</total>
				<timestamp>2271.646279</timestamp>
			</report>
			<report>
				<misses>5985001</misses>
				<total>8</total>
				<timestamp>2272.025879</timestamp>
			</report>
			<report>
				<misses>5986001</misses>
				<total>8</total>
				<timestamp>2272.405553</timestamp>
			</report>
			<report>
				<misses>5987001</misses>
				<total>8</total>
				<timestamp>2272.785118</timestamp>
			</report>
			<report>
				<misses>5988001</misses>
				<total>8</total>
				<timestamp>2273.164750</timestamp>
			</report>
			<report>
				<misses>5989001</misses>
				<total>8</total>
				<timestamp>2273.544365</timestamp>
			</report>
			<report>
				<misses>5990001</misses>
				<total>8</total>
				<timestamp>2273.923998</timestamp>
			</report>
			<report>
				<misses>5991001</misses>
				<total>8</total>
				<timestamp>2274.303612</timestamp>
			</report>
			<report>
				<misses>5992001</misses>
				<total>8</total>
				<timestamp>2274.683273</timestamp>
			</report>
			<report>
				<misses>5993001</misses>
				<total>8</total>
				<timestamp>2275.062831</timestamp>
			</report>
			<report>
				<misses>5994001</misses>
				<total>8</total>
				<timestamp>2275.442459</timestamp>
			</report>
			<report>
				<misses>5995001</misses>
				<total>8</total>
				<timestamp>2275.822078</timestamp>
			</report>
			<report>
				<misses>5996001</misses>
				<total>8</total>
				<timestamp>2276.201687</timestamp>
			</report>
			<report>
				<misses>5997001</misses>
				<total>8</total>
				<timestamp>2276.581361</timestamp>
			</report>
			<report>
				<misses>5998001</misses>
				<total>8</total>
				<timestamp>2276.960965</timestamp>
			</report>
			<report>
				<misses>5999001</misses>
				<total>8</total>
				<timestamp>2277.340557</timestamp>
			</report>
			<report>
				<misses>6000001</misses>
				<total>8</total>
				<timestamp>2277.720182</timestamp>
			</report>
			<report>
				<misses>6001001</misses>
				<total>8</total>
				<timestamp>2278.099805</timestamp>
			</report>
			<report>
				<misses>6002001</misses>
				<total>8</total>
				<timestamp>2278.479440</timestamp>
			</report>
			<report>
				<misses>6003001</misses>
				<total>8</total>
				<timestamp>2278.859042</timestamp>
			</report>
			<report>
				<misses>6004001</misses>
				<total>8</total>
				<timestamp>2279.238684</timestamp>
			</report>
			<report>
				<misses>6005001</misses>
				<total>8</total>
				<timestamp>2279.618313</timestamp>
			</report>
			<report>
				<misses>6006001</misses>
				<total>8</total>
				<timestamp>2279.997901</timestamp>
			</report>
			<report>
				<misses>6007001</misses>
				<total>8</total>
				<timestamp>2280.377538</timestamp>
			</report>
			<report>
				<misses>6008001</misses>
				<total>8</total>
				<timestamp>2280.757141</timestamp>
			</report>
			<report>
				<misses>6009001</misses>
				<total>8</total>
				<timestamp>2281.136836</timestamp>
			</report>
			<report>
				<misses>6010001</misses>
				<total>8</total>
				<timestamp>2281.516425</timestamp>
			</report>
			<report>
				<misses>6011001</misses>
				<total>8</total>
				<timestamp>2281.896008</timestamp>
			</report>
			<report>
				<misses>6012001</misses>
				<total>8</total>
				<timestamp>2282.275616</timestamp>
			</report>
			<report>
				<misses>6013001</misses>
				<total>8</total>
				<timestamp>2282.655312</timestamp>
			</report>
			<report>
				<misses>6014001</misses>
				<total>8</total>
				<timestamp>2283.034896</timestamp>
			</report>
			<report>
				<misses>6015001</misses>
				<total>8</total>
				<timestamp>2283.414514</timestamp>
			</report>
			<report>
				<misses>6016001</misses>
				<total>8</total>
				<timestamp>2283.794100</timestamp>
			</report>
			<report>
				<misses>6017001</misses>
				<total>8</total>
				<timestamp>2284.173729</timestamp>
			</report>
			<report>
				<misses>6018001</misses>
				<total>8</total>
				<timestamp>2284.553377</timestamp>
			</report>
			<report>
				<misses>6019001</misses>
				<total>8</total>
				<timestamp>2284.932974</timestamp>
			</report>
			<report>
				<misses>6020001</misses>
				<total>8</total>
				<timestamp>2285.312596</timestamp>
			</report>
			<report>
				<misses>6021001</misses>
				<total>8</total>
				<timestamp>2285.692239</timestamp>
			</report>
			<report>
				<misses>6022001</misses>
				<total>8</total>
				<timestamp>2286.071819</timestamp>
			</report>
			<report>
				<misses>6023001</misses>
				<total>8</total>
				<timestamp>2286.451521</timestamp>
			</report>
			<report>
				<misses>6024001</misses>
				<total>8</total>
				<timestamp>2286.831057</timestamp>
			</report>
			<report>
				<misses>6025001</misses>
				<total>8</total>
				<timestamp>2287.210701</timestamp>
			</report>
			<report>
				<misses>6026001</misses>
				<total>8</total>
				<timestamp>2287.590291</timestamp>
			</report>
			<report>
				<misses>6027001</misses>
				<total>8</total>
				<timestamp>2287.969998</timestamp>
			</report>
			<report>
				<misses>6028001</misses>
				<total>8</total>
				<timestamp>2288.349560</timestamp>
			</report>
			<report>
				<misses>6029001</misses>
				<total>8</total>
				<timestamp>2288.729173</timestamp>
			</report>
			<report>
				<misses>6030001</misses>
				<total>8</total>
				<timestamp>2289.108774</timestamp>
			</report>
			<report>
				<misses>6031001</misses>
				<total>8</total>
				<timestamp>2289.488468</timestamp>
			</report>
			<report>
				<misses>6032001</misses>
				<total>8</total>
				<timestamp>2289.868016</timestamp>
			</report>
			<report>
				<misses>6033001</misses>
				<total>8</total>
				<timestamp>2290.247637</timestamp>
			</report>
			<report>
				<misses>6034001</misses>
				<total>8</total>
				<timestamp>2290.627307</timestamp>
			</report>
			<report>
				<misses>6035001</misses>
				<total>8</total>
				<timestamp>2291.006884</timestamp>
			</report>
			<report>
				<misses>6036001</misses>
				<total>8</total>
				<timestamp>2291.386546</timestamp>
			</report>
			<report>
				<misses>6037001</misses>
				<total>8</total>
				<timestamp>2291.766105</timestamp>
			</report>
			<report>
				<misses>6038001</misses>
				<total>8</total>
				<timestamp>2292.145738</timestamp>
			</report>
			<report>
				<misses>6039001</misses>
				<total>8</total>
				<timestamp>2292.525453</timestamp>
			</report>
			<report>
				<misses>6040001</misses>
				<total>8</total>
				<timestamp>2292.904983</timestamp>
			</report>
			<report>
				<misses>6041001</misses>
				<total>8</total>
				<timestamp>2293.284597</timestamp>
			</report>
			<report>
				<misses>6042001</misses>
				<total>8</total>
				<timestamp>2293.664216</timestamp>
			</report>
			<report>
				<misses>6043001</misses>
				<total>8</total>
				<timestamp>2294.043835</timestamp>
			</report>
			<report>
				<misses>6044001</misses>
				<total>8</total>
				<timestamp>2294.423509</timestamp>
			</report>
			<report>
				<misses>6045001</misses>
				<total>8</total>
				<timestamp>2294.803075</timestamp>
			</report>
			<report>
				<misses>6046001</misses>
				<total>8</total>
				<timestamp>2295.182698</timestamp>
			</report>
			<report>
				<misses>6047001</misses>
				<total>8</total>
				<timestamp>2295.562340</timestamp>
			</report>
			<report>
				<misses>6048001</misses>
				<total>8</total>
				<timestamp>2295.941956</timestamp>
			</report>
			<report>
				<misses>6049001</misses>
				<total>8</total>
				<timestamp>2296.321571</timestamp>
			</report>
			<report>
				<misses>6050001</misses>
				<total>8</total>
				<timestamp>2296.701190</timestamp>
			</report>
			<report>
				<misses>6051001</misses>
				<total>8</total>
				<timestamp>2297.080795</timestamp>
			</report>
			<report>
				<misses>6052001</misses>
				<total>8</total>
				<timestamp>2297.460434</timestamp>
			</report>
			<report>
				<misses>6053001</misses>
				<total>8</total>
				<timestamp>2297.840044</timestamp>
			</report>
			<report>
				<misses>6054001</misses>
				<total>8</total>
				<timestamp>2298.219667</timestamp>
			</report>
			<report>
				<misses>6055001</misses>
				<total>8</total>
				<timestamp>2298.599317</timestamp>
			</report>
			<report>
				<misses>6056001</misses>
				<total>8</total>
				<timestamp>2298.978894</timestamp>
			</report>
			<report>
				<misses>6057001</misses>
				<total>8</total>
				<timestamp>2299.358544</timestamp>
			</report>
			<report>
				<misses>6058001</misses>
				<total>8</total>
				<timestamp>2299.738131</timestamp>
			</report>
			<report>
				<misses>6059001</misses>
				<total>8</total>
				<timestamp>2300.117756</timestamp>
			</report>
			<report>
				<misses>6060001</misses>
				<total>8</total>
				<timestamp>2300.497418</timestamp>
			</report>
			<report>
				<misses>6061001</misses>
				<total>8</total>
				<timestamp>2300.877001</timestamp>
			</report>
			<report>
				<misses>6062001</misses>
				<total>8</total>
				<timestamp>2301.256641</timestamp>
			</report>
			<report>
				<misses>6063001</misses>
				<total>8</total>
				<timestamp>2301.636252</timestamp>
			</report>
			<report>
				<misses>6064001</misses>
				<total>8</total>
				<timestamp>2302.015854</timestamp>
			</report>
			<report>
				<misses>6065001</misses>
				<total>8</total>
				<timestamp>2302.395543</timestamp>
			</report>
			<report>
				<misses>6066001</misses>
				<total>8</total>
				<timestamp>2302.775107</timestamp>
			</report>
			<report>
				<misses>6067001</misses>
				<total>8</total>
				<timestamp>2303.154711</timestamp>
			</report>
			<report>
				<misses>6068001</misses>
				<total>8</total>
				<timestamp>2303.534380</timestamp>
			</report>
			<report>
				<misses>6069001</misses>
				<total>8</total>
				<timestamp>2303.913955</timestamp>
			</report>
			<report>
				<misses>6070001</misses>
				<total>8</total>
				<timestamp>2304.293593</timestamp>
			</report>
			<report>
				<misses>6071001</misses>
				<total>8</total>
				<timestamp>2304.673239</timestamp>
			</report>
			<report>
				<misses>6072001</misses>
				<total>8</total>
				<timestamp>2305.052813</timestamp>
			</report>
			<report>
				<misses>6073001</misses>
				<total>8</total>
				<timestamp>2305.432495</timestamp>
			</report>
			<report>
				<misses>6074001</misses>
				<total>8</total>
				<timestamp>2305.812100</timestamp>
			</report>
			<report>
				<misses>6075001</misses>
				<total>8</total>
				<timestamp>2306.191686</timestamp>
			</report>
			<report>
				<misses>6076001</misses>
				<total>8</total>
				<timestamp>2306.571349</timestamp>
			</report>
			<report>
				<misses>6077001</misses>
				<total>8</total>
				<timestamp>2306.950921</timestamp>
			</report>
			<report>
				<misses>6078001</misses>
				<total>8</total>
				<timestamp>2307.330556</timestamp>
			</report>
			<report>
				<misses>6079001</misses>
				<total>8</total>
				<timestamp>2307.710152</timestamp>
			</report>
			<report>
				<misses>6080001</misses>
				<total>8</total>
				<timestamp>2308.089787</timestamp>
			</report>
			<report>
				<misses>6081001</misses>
				<total>8</total>
				<timestamp>2308.469421</timestamp>
			</report>
			<report>
				<misses>6082001</misses>
				<total>8</total>
				<timestamp>2308.849005</timestamp>
			</report>
			<report>
				<misses>6083001</misses>
				<total>8</total>
				<timestamp>2309.228632</timestamp>
			</report>
			<report>
				<misses>6084001</misses>
				<total>8</total>
				<timestamp>2309.608293</timestamp>
			</report>
			<report>
				<misses>6085001</misses>
				<total>8</total>
				<timestamp>2309.987870</timestamp>
			</report>
			<report>
				<misses>6086001</misses>
				<total>8</total>
				<timestamp>2310.367494</timestamp>
			</report>
			<report>
				<misses>6087001</misses>
				<total>8</total>
				<timestamp>2310.747118</timestamp>
			</report>
			<report>
				<misses>6088001</misses>
				<total>8</total>
				<timestamp>2311.126748</timestamp>
			</report>
			<report>
				<misses>6089001</misses>
				<total>8</total>
				<timestamp>2311.506432</timestamp>
			</report>
			<report>
				<misses>6090001</misses>
				<total>8</total>
				<timestamp>2311.885979</timestamp>
			</report>
			<report>
				<misses>6091001</misses>
				<total>8</total>
				<timestamp>2312.265605</timestamp>
			</report>
			<report>
				<misses>6092001</misses>
				<total>8</total>
				<timestamp>2312.645261</timestamp>
			</report>
			<report>
				<misses>6093001</misses>
				<total>8</total>
				<timestamp>2313.024845</timestamp>
			</report>
			<report>
				<misses>6094001</misses>
				<total>8</total>
				<timestamp>2313.404451</timestamp>
			</report>
			<report>
				<misses>6095001</misses>
				<total>8</total>
				<timestamp>2313.784082</timestamp>
			</report>
			<report>
				<misses>6096001</misses>
				<total>8</total>
				<timestamp>2314.163738</timestamp>
			</report>
			<report>
				<misses>6097001</misses>
				<total>8</total>
				<timestamp>2314.543355</timestamp>
			</report>
			<report>
				<misses>6098001</misses>
				<total>8</total>
				<timestamp>2314.922928</timestamp>
			</report>
			<report>
				<misses>6099001</misses>
				<total>8</total>
				<timestamp>2315.302557</timestamp>
			</report>
			<report>
				<misses>6100001</misses>
				<total>8</total>
				<timestamp>2315.682195</timestamp>
			</report>
			<report>
				<misses>6101001</misses>
				<total>8</total>
				<timestamp>2316.061794</timestamp>
			</report>
			<report>
				<misses>6102001</misses>
				<total>8</total>
				<timestamp>2316.441410</timestamp>
			</report>
			<report>
				<misses>6103001</misses>
				<total>8</total>
				<timestamp>2316.821066</timestamp>
			</report>
			<report>
				<misses>6104001</misses>
				<total>8</total>
				<timestamp>2317.200656</timestamp>
			</report>
			<report>
				<misses>6105001</misses>
				<total>8</total>
				<timestamp>2317.580294</timestamp>
			</report>
			<report>
				<misses>6106001</misses>
				<total>8</total>
				<timestamp>2317.959896</timestamp>
			</report>
			<report>
				<misses>6107001</misses>
				<total>8</total>
				<timestamp>2318.339528</timestamp>
			</report>
			<report>
				<misses>6108001</misses>
				<total>8</total>
				<timestamp>2318.719136</timestamp>
			</report>
			<report>
				<misses>6109001</misses>
				<total>8</total>
				<timestamp>2319.098769</timestamp>
			</report>
			<report>
				<misses>6110001</misses>
				<total>8</total>
				<timestamp>2319.478373</timestamp>
			</report>
			<report>
				<misses>6111001</misses>
				<total>8</total>
				<timestamp>2319.858000</timestamp>
			</report>
			<report>
				<misses>6112001</misses>
				<total>8</total>
				<timestamp>2320.237616</timestamp>
			</report>
			<report>
				<misses>6113001</misses>
				<total>8</total>
				<timestamp>2320.617279</timestamp>
			</report>
			<report>
				<misses>6114001</misses>
				<total>8</total>
				<timestamp>2320.996875</timestamp>
			</report>
			<report>
				<misses>6115001</misses>
				<total>8</total>
				<timestamp>2321.376486</timestamp>
			</report>
			<report>
				<misses>6116001</misses>
				<total>8</total>
				<timestamp>2321.756092</timestamp>
			</report>
			<report>
				<misses>6117001</misses>
				<total>8</total>
				<timestamp>2322.135748</timestamp>
			</report>
			<report>
				<misses>6118001</misses>
				<total>8</total>
				<timestamp>2322.515375</timestamp>
			</report>
			<report>
				<misses>6119001</misses>
				<total>8</total>
				<timestamp>2322.894962</timestamp>
			</report>
			<report>
				<misses>6120001</misses>
				<total>8</total>
				<timestamp>2323.274596</timestamp>
			</report>
			<report>
				<misses>6121001</misses>
				<total>8</total>
				<timestamp>2323.654216</timestamp>
			</report>
			<report>
				<misses>6122001</misses>
				<total>8</total>
				<timestamp>2324.033819</timestamp>
			</report>
			<report>
				<misses>6123001</misses>
				<total>8</total>
				<timestamp>2324.413435</timestamp>
			</report>
			<report>
				<misses>6124001</misses>
				<total>8</total>
				<timestamp>2324.793078</timestamp>
			</report>
			<report>
				<misses>6125001</misses>
				<total>8</total>
				<timestamp>2325.172668</timestamp>
			</report>
			<report>
				<misses>6126001</misses>
				<total>8</total>
				<timestamp>2325.552323</timestamp>
			</report>
			<report>
				<misses>6127001</misses>
				<total>8</total>
				<timestamp>2325.931928</timestamp>
			</report>
			<report>
				<misses>6128001</misses>
				<total>8</total>
				<timestamp>2326.311582</timestamp>
			</report>
			<report>
				<misses>6129001</misses>
				<total>8</total>
				<timestamp>2326.691186</timestamp>
			</report>
			<report>
				<misses>6130001</misses>
				<total>8</total>
				<timestamp>2327.070785</timestamp>
			</report>
			<report>
				<misses>6131001</misses>
				<total>8</total>
				<timestamp>2327.450401</timestamp>
			</report>
			<report>
				<misses>6132001</misses>
				<total>8</total>
				<timestamp>2327.830020</timestamp>
			</report>
			<report>
				<misses>6133001</misses>
				<total>8</total>
				<timestamp>2328.209663</timestamp>
			</report>
			<report>
				<misses>6134001</misses>
				<total>8</total>
				<timestamp>2328.589281</timestamp>
			</report>
			<report>
				<misses>6135001</misses>
				<total>8</total>
				<timestamp>2328.968877</timestamp>
			</report>
			<report>
				<misses>6136001</misses>
				<total>8</total>
				<timestamp>2329.348509</timestamp>
			</report>
			<report>
				<misses>6137001</misses>
				<total>8</total>
				<timestamp>2329.728195</timestamp>
			</report>
			<report>
				<misses>6138001</misses>
				<total>8</total>
				<timestamp>2330.107742</timestamp>
			</report>
			<report>
				<misses>6139001</misses>
				<total>8</total>
				<timestamp>2330.487369</timestamp>
			</report>
			<report>
				<misses>6140001</misses>
				<total>8</total>
				<timestamp>2330.867002</timestamp>
			</report>
			<report>
				<misses>6141001</misses>
				<total>8</total>
				<timestamp>2331.246605</timestamp>
			</report>
			<report>
				<misses>6142001</misses>
				<total>8</total>
				<timestamp>2331.626248</timestamp>
			</report>
			<report>
				<misses>6143001</misses>
				<total>8</total>
				<timestamp>2332.005851</timestamp>
			</report>
			<report>
				<misses>6144001</misses>
				<total>8</total>
				<timestamp>2332.385455</timestamp>
			</report>
			<report>
				<misses>6145001</misses>
				<total>8</total>
				<timestamp>2332.765110</timestamp>
			</report>
			<report>
				<misses>6146001</misses>
				<total>8</total>
				<timestamp>2333.144696</timestamp>
			</report>
			<report>
				<misses>6147001</misses>
				<total>8</total>
				<timestamp>2333.524334</timestamp>
			</report>
			<report>
				<misses>6148001</misses>
				<total>8</total>
				<timestamp>2333.903953</timestamp>
			</report>
			<report>
				<misses>6149001</misses>
				<total>8</total>
				<timestamp>2334.283564</timestamp>
			</report>
			<report>
				<misses>6150001</misses>
				<total>8</total>
				<timestamp>2334.663270</timestamp>
			</report>
			<report>
				<misses>6151001</misses>
				<total>8</total>
				<timestamp>2335.042806</timestamp>
			</report>
			<report>
				<misses>6152001</misses>
				<total>8</total>
				<timestamp>2335.422420</timestamp>
			</report>
			<report>
				<misses>6153001</misses>
				<total>8</total>
				<timestamp>2335.802061</timestamp>
			</report>
			<report>
				<misses>6154001</misses>
				<total>8</total>
				<timestamp>2336.181661</timestamp>
			</report>
			<report>
				<misses>6155001</misses>
				<total>8</total>
				<timestamp>2336.561293</timestamp>
			</report>
			<report>
				<misses>6156001</misses>
				<total>8</total>
				<timestamp>2336.940940</timestamp>
			</report>
			<report>
				<misses>6157001</misses>
				<total>8</total>
				<timestamp>2337.320520</timestamp>
			</report>
			<report>
				<misses>6158001</misses>
				<total>8</total>
				<timestamp>2337.700158</timestamp>
			</report>
			<report>
				<misses>6159001</misses>
				<total>8</total>
				<timestamp>2338.079777</timestamp>
			</report>
			<report>
				<misses>6160001</misses>
				<total>8</total>
				<timestamp>2338.459425</timestamp>
			</report>
			<report>
				<misses>6161001</misses>
				<total>8</total>
				<timestamp>2338.839010</timestamp>
			</report>
			<report>
				<misses>6162001</misses>
				<total>8</total>
				<timestamp>2339.218643</timestamp>
			</report>
			<report>
				<misses>6163001</misses>
				<total>8</total>
				<timestamp>2339.598237</timestamp>
			</report>
			<report>
				<misses>6164001</misses>
				<total>8</total>
				<timestamp>2339.977877</timestamp>
			</report>
			<report>
				<misses>6165001</misses>
				<total>8</total>
				<timestamp>2340.357492</timestamp>
			</report>
			<report>
				<misses>6166001</misses>
				<total>8</total>
				<timestamp>2340.737124</timestamp>
			</report>
			<report>
				<misses>6167001</misses>
				<total>8</total>
				<timestamp>2341.116707</timestamp>
			</report>
			<report>
				<misses>6168001</misses>
				<total>8</total>
				<timestamp>2341.496349</timestamp>
			</report>
			<report>
				<misses>6169001</misses>
				<total>8</total>
				<timestamp>2341.875965</timestamp>
			</report>
			<report>
				<misses>6170001</misses>
				<total>8</total>
				<timestamp>2342.255591</timestamp>
			</report>
			<report>
				<misses>6171001</misses>
				<total>8</total>
				<timestamp>2342.635221</timestamp>
			</report>
			<report>
				<misses>6172001</misses>
				<total>8</total>
				<timestamp>2343.014809</timestamp>
			</report>
			<report>
				<misses>6173001</misses>
				<total>8</total>
				<timestamp>2343.394438</timestamp>
			</report>
			<report>
				<misses>6174001</misses>
				<total>8</total>
				<timestamp>2343.774094</timestamp>
			</report>
			<report>
				<misses>6175001</misses>
				<total>8</total>
				<timestamp>2344.153677</timestamp>
			</report>
			<report>
				<misses>6176001</misses>
				<total>8</total>
				<timestamp>2344.533303</timestamp>
			</report>
			<report>
				<misses>6177001</misses>
				<total>8</total>
				<timestamp>2344.912968</timestamp>
			</report>
			<report>
				<misses>6178001</misses>
				<total>8</total>
				<timestamp>2345.292582</timestamp>
			</report>
			<report>
				<misses>6179001</misses>
				<total>8</total>
				<timestamp>2345.672187</timestamp>
			</report>
			<report>
				<misses>6180001</misses>
				<total>8</total>
				<timestamp>2346.051770</timestamp>
			</report>
			<report>
				<misses>6181001</misses>
				<total>8</total>
				<timestamp>2346.431403</timestamp>
			</report>
			<report>
				<misses>6182001</misses>
				<total>8</total>
				<timestamp>2346.811051</timestamp>
			</report>
			<report>
				<misses>6183001</misses>
				<total>8</total>
				<timestamp>2347.190637</timestamp>
			</report>
			<report>
				<misses>6184001</misses>
				<total>8</total>
				<timestamp>2347.570264</timestamp>
			</report>
			<report>
				<misses>6185001</misses>
				<total>8</total>
				<timestamp>2347.949979</timestamp>
			</report>
			<report>
				<misses>6186001</misses>
				<total>8</total>
				<timestamp>2348.329496</timestamp>
			</report>
			<report>
				<misses>6187001</misses>
				<total>8</total>
				<timestamp>2348.709150</timestamp>
			</report>
			<report>
				<misses>6188001</misses>
				<total>8</total>
				<timestamp>2349.088752</timestamp>
			</report>
			<report>
				<misses>6189001</misses>
				<total>8</total>
				<timestamp>2349.468366</timestamp>
			</report>
			<report>
				<misses>6190001</misses>
				<total>8</total>
				<timestamp>2349.848007</timestamp>
			</report>
			<report>
				<misses>6191001</misses>
				<total>8</total>
				<timestamp>2350.227600</timestamp>
			</report>
			<report>
				<misses>6192001</misses>
				<total>8</total>
				<timestamp>2350.607356</timestamp>
			</report>
			<report>
				<misses>6193001</misses>
				<total>8</total>
				<timestamp>2350.986938</timestamp>
			</report>
			<report>
				<misses>6194001</misses>
				<total>8</total>
				<timestamp>2351.366468</timestamp>
			</report>
			<report>
				<misses>6195001</misses>
				<total>8</total>
				<timestamp>2351.746081</timestamp>
			</report>
			<report>
				<misses>6196001</misses>
				<total>8</total>
				<timestamp>2352.125702</timestamp>
			</report>
			<report>
				<misses>6197001</misses>
				<total>8</total>
				<timestamp>2352.505349</timestamp>
			</report>
			<report>
				<misses>6198001</misses>
				<total>8</total>
				<timestamp>2352.884946</timestamp>
			</report>
			<report>
				<misses>6199001</misses>
				<total>8</total>
				<timestamp>2353.264563</timestamp>
			</report>
			<report>
				<misses>6200001</misses>
				<total>8</total>
				<timestamp>2353.644249</timestamp>
			</report>
			<report>
				<misses>6201001</misses>
				<total>8</total>
				<timestamp>2354.023809</timestamp>
			</report>
			<report>
				<misses>6202001</misses>
				<total>8</total>
				<timestamp>2354.403419</timestamp>
			</report>
			<report>
				<misses>6203001</misses>
				<total>8</total>
				<timestamp>2354.783095</timestamp>
			</report>
			<report>
				<misses>6204001</misses>
				<total>8</total>
				<timestamp>2355.162684</timestamp>
			</report>
			<report>
				<misses>6205001</misses>
				<total>8</total>
				<timestamp>2355.542284</timestamp>
			</report>
			<report>
				<misses>6206001</misses>
				<total>8</total>
				<timestamp>2355.921921</timestamp>
			</report>
			<report>
				<misses>6207001</misses>
				<total>8</total>
				<timestamp>2356.301535</timestamp>
			</report>
			<report>
				<misses>6208001</misses>
				<total>8</total>
				<timestamp>2356.681152</timestamp>
			</report>
			<report>
				<misses>6209001</misses>
				<total>8</total>
				<timestamp>2357.060761</timestamp>
			</report>
			<report>
				<misses>6210001</misses>
				<total>8</total>
				<timestamp>2357.440396</timestamp>
			</report>
			<report>
				<misses>6211001</misses>
				<total>8</total>
				<timestamp>2357.820011</timestamp>
			</report>
			<report>
				<misses>6212001</misses>
				<total>8</total>
				<timestamp>2358.199623</timestamp>
			</report>
			<report>
				<misses>6213001</misses>
				<total>8</total>
				<timestamp>2358.579272</timestamp>
			</report>
			<report>
				<misses>6214001</misses>
				<total>8</total>
				<timestamp>2358.958859</timestamp>
			</report>
			<report>
				<misses>6215001</misses>
				<total>8</total>
				<timestamp>2359.338500</timestamp>
			</report>
			<report>
				<misses>6216001</misses>
				<total>8</total>
				<timestamp>2359.718130</timestamp>
			</report>
			<report>
				<misses>6217001</misses>
				<total>8</total>
				<timestamp>2360.097727</timestamp>
			</report>
			<report>
				<misses>6218001</misses>
				<total>8</total>
				<timestamp>2360.477341</timestamp>
			</report>
			<report>
				<misses>6219001</misses>
				<total>8</total>
				<timestamp>2360.856993</timestamp>
			</report>
			<report>
				<misses>6220001</misses>
				<total>8</total>
				<timestamp>2361.236585</timestamp>
			</report>
			<report>
				<misses>6221001</misses>
				<total>8</total>
				<timestamp>2361.616222</timestamp>
			</report>
			<report>
				<misses>6222001</misses>
				<total>8</total>
				<timestamp>2361.995824</timestamp>
			</report>
			<report>
				<misses>6223001</misses>
				<total>8</total>
				<timestamp>2362.375441</timestamp>
			</report>
			<report>
				<misses>6224001</misses>
				<total>8</total>
				<timestamp>2362.755107</timestamp>
			</report>
			<report>
				<misses>6225001</misses>
				<total>8</total>
				<timestamp>2363.134682</timestamp>
			</report>
			<report>
				<misses>6226001</misses>
				<total>8</total>
				<timestamp>2363.514306</timestamp>
			</report>
			<report>
				<misses>6227001</misses>
				<total>8</total>
				<timestamp>2363.893998</timestamp>
			</report>
			<report>
				<misses>6228001</misses>
				<total>8</total>
				<timestamp>2364.273535</timestamp>
			</report>
			<report>
				<misses>6229001</misses>
				<total>8</total>
				<timestamp>2364.653154</timestamp>
			</report>
			<report>
				<misses>6230001</misses>
				<total>8</total>
				<timestamp>2365.032794</timestamp>
			</report>
			<report>
				<misses>6231001</misses>
				<total>8</total>
				<timestamp>2365.412418</timestamp>
			</report>
			<report>
				<misses>6232001</misses>
				<total>8</total>
				<timestamp>2365.792018</timestamp>
			</report>
			<report>
				<misses>6233001</misses>
				<total>8</total>
				<timestamp>2366.171625</timestamp>
			</report>
			<report>
				<misses>6234001</misses>
				<total>8</total>
				<timestamp>2366.551287</timestamp>
			</report>
			<report>
				<misses>6235001</misses>
				<total>8</total>
				<timestamp>2366.930900</timestamp>
			</report>
			<report>
				<misses>6236001</misses>
				<total>8</total>
				<timestamp>2367.310506</timestamp>
			</report>
			<report>
				<misses>6237001</misses>
				<total>8</total>
				<timestamp>2367.690121</timestamp>
			</report>
			<report>
				<misses>6238001</misses>
				<total>8</total>
				<timestamp>2368.069743</timestamp>
			</report>
			<report>
				<misses>6239001</misses>
				<total>8</total>
				<timestamp>2368.449365</timestamp>
			</report>
			<report>
				<misses>6240001</misses>
				<total>8</total>
				<timestamp>2368.829041</timestamp>
			</report>
			<report>
				<misses>6241001</misses>
				<total>8</total>
				<timestamp>2369.208626</timestamp>
			</report>
			<report>
				<misses>6242001</misses>
				<total>8</total>
				<timestamp>2369.588249</timestamp>
			</report>
			<report>
				<misses>6243001</misses>
				<total>8</total>
				<timestamp>2369.967895</timestamp>
			</report>
			<report>
				<misses>6244001</misses>
				<total>8</total>
				<timestamp>2370.347486</timestamp>
			</report>
			<report>
				<misses>6245001</misses>
				<total>8</total>
				<timestamp>2370.727089</timestamp>
			</report>
			<report>
				<misses>6246001</misses>
				<total>8</total>
				<timestamp>2371.106719</timestamp>
			</report>
			<report>
				<misses>6247001</misses>
				<total>8</total>
				<timestamp>2371.486323</timestamp>
			</report>
			<report>
				<misses>6248001</misses>
				<total>8</total>
				<timestamp>2371.865943</timestamp>
			</report>
			<report>
				<misses>6249001</misses>
				<total>8</total>
				<timestamp>2372.245553</timestamp>
			</report>
			<report>
				<misses>6250001</misses>
				<total>8</total>
				<timestamp>2372.625186</timestamp>
			</report>
			<report>
				<misses>6251001</misses>
				<total>8</total>
				<timestamp>2373.004880</timestamp>
			</report>
			<report>
				<misses>6252001</misses>
				<total>8</total>
				<timestamp>2373.384419</timestamp>
			</report>
			<report>
				<misses>6253001</misses>
				<total>8</total>
				<timestamp>2373.764089</timestamp>
			</report>
			<report>
				<misses>6254001</misses>
				<total>8</total>
				<timestamp>2374.143653</timestamp>
			</report>
			<report>
				<misses>6255001</misses>
				<total>8</total>
				<timestamp>2374.523305</timestamp>
			</report>
			<report>
				<misses>6256001</misses>
				<total>8</total>
				<timestamp>2374.902926</timestamp>
			</report>
			<report>
				<misses>6257001</misses>
				<total>8</total>
				<timestamp>2375.282561</timestamp>
			</report>
			<report>
				<misses>6258001</misses>
				<total>8</total>
				<timestamp>2375.662140</timestamp>
			</report>
			<report>
				<misses>6259001</misses>
				<total>8</total>
				<timestamp>2376.041777</timestamp>
			</report>
			<report>
				<misses>6260001</misses>
				<total>8</total>
				<timestamp>2376.421386</timestamp>
			</report>
			<report>
				<misses>6261001</misses>
				<total>8</total>
				<timestamp>2376.801014</timestamp>
			</report>
			<report>
				<misses>6262001</misses>
				<total>8</total>
				<timestamp>2377.180642</timestamp>
			</report>
			<report>
				<misses>6263001</misses>
				<total>8</total>
				<timestamp>2377.560244</timestamp>
			</report>
			<report>
				<misses>6264001</misses>
				<total>8</total>
				<timestamp>2377.939890</timestamp>
			</report>
			<report>
				<misses>6265001</misses>
				<total>8</total>
				<timestamp>2378.319488</timestamp>
			</report>
			<report>
				<misses>6266001</misses>
				<total>8</total>
				<timestamp>2378.699097</timestamp>
			</report>
			<report>
				<misses>6267001</misses>
				<total>8</total>
				<timestamp>2379.078725</timestamp>
			</report>
			<report>
				<misses>6268001</misses>
				<total>8</total>
				<timestamp>2379.458348</timestamp>
			</report>
			<report>
				<misses>6269001</misses>
				<total>8</total>
				<timestamp>2379.838016</timestamp>
			</report>
			<report>
				<misses>6270001</misses>
				<total>8</total>
				<timestamp>2380.217625</timestamp>
			</report>
			<report>
				<misses>6271001</misses>
				<total>8</total>
				<timestamp>2380.597217</timestamp>
			</report>
			<report>
				<misses>6272001</misses>
				<total>8</total>
				<timestamp>2380.976881</timestamp>
			</report>
			<report>
				<misses>6273001</misses>
				<total>8</total>
				<timestamp>2381.356454</timestamp>
			</report>
			<report>
				<misses>6274001</misses>
				<total>8</total>
				<timestamp>2381.736053</timestamp>
			</report>
			<report>
				<misses>6275001</misses>
				<total>8</total>
				<timestamp>2382.115679</timestamp>
			</report>
			<report>
				<misses>6276001</misses>
				<total>8</total>
				<timestamp>2382.495314</timestamp>
			</report>
			<report>
				<misses>6277001</misses>
				<total>8</total>
				<timestamp>2382.874968</timestamp>
			</report>
			<report>
				<misses>6278001</misses>
				<total>8</total>
				<timestamp>2383.254543</timestamp>
			</report>
			<report>
				<misses>6279001</misses>
				<total>8</total>
				<timestamp>2383.634194</timestamp>
			</report>
			<report>
				<misses>6280001</misses>
				<total>8</total>
				<timestamp>2384.013794</timestamp>
			</report>
			<report>
				<misses>6281001</misses>
				<total>8</total>
				<timestamp>2384.393459</timestamp>
			</report>
			<report>
				<misses>6282001</misses>
				<total>8</total>
				<timestamp>2384.773031</timestamp>
			</report>
			<report>
				<misses>6283001</misses>
				<total>8</total>
				<timestamp>2385.152638</timestamp>
			</report>
			<report>
				<misses>6284001</misses>
				<total>8</total>
				<timestamp>2385.532266</timestamp>
			</report>
			<report>
				<misses>6285001</misses>
				<total>8</total>
				<timestamp>2385.911884</timestamp>
			</report>
			<report>
				<misses>6286001</misses>
				<total>8</total>
				<timestamp>2386.291529</timestamp>
			</report>
			<report>
				<misses>6287001</misses>
				<total>8</total>
				<timestamp>2386.671133</timestamp>
			</report>
			<report>
				<misses>6288001</misses>
				<total>8</total>
				<timestamp>2387.050781</timestamp>
			</report>
			<report>
				<misses>6289001</misses>
				<total>8</total>
				<timestamp>2387.430409</timestamp>
			</report>
			<report>
				<misses>6290001</misses>
				<total>8</total>
				<timestamp>2387.809984</timestamp>
			</report>
			<report>
				<misses>6291001</misses>
				<total>8</total>
				<timestamp>2388.189608</timestamp>
			</report>
			<report>
				<misses>6292001</misses>
				<total>8</total>
				<timestamp>2388.569234</timestamp>
			</report>
			<report>
				<misses>6293001</misses>
				<total>8</total>
				<timestamp>2388.948849</timestamp>
			</report>
			<report>
				<misses>6294001</misses>
				<total>8</total>
				<timestamp>2389.328454</timestamp>
			</report>
			<report>
				<misses>6295001</misses>
				<total>8</total>
				<timestamp>2389.708119</timestamp>
			</report>
			<report>
				<misses>6296001</misses>
				<total>8</total>
				<timestamp>2390.087754</timestamp>
			</report>
			<report>
				<misses>6297001</misses>
				<total>8</total>
				<timestamp>2390.467325</timestamp>
			</report>
			<report>
				<misses>6298001</misses>
				<total>8</total>
				<timestamp>2390.846945</timestamp>
			</report>
			<report>
				<misses>6299001</misses>
				<total>8</total>
				<timestamp>2391.226609</timestamp>
			</report>
			<report>
				<misses>6300001</misses>
				<total>8</total>
				<timestamp>2391.606181</timestamp>
			</report>
			<report>
				<misses>6301001</misses>
				<total>8</total>
				<timestamp>2391.985825</timestamp>
			</report>
			<report>
				<misses>6302001</misses>
				<total>8</total>
				<timestamp>2392.365426</timestamp>
			</report>
			<report>
				<misses>6303001</misses>
				<total>8</total>
				<timestamp>2392.745046</timestamp>
			</report>
			<report>
				<misses>6304001</misses>
				<total>8</total>
				<timestamp>2393.124667</timestamp>
			</report>
			<report>
				<misses>6305001</misses>
				<total>8</total>
				<timestamp>2393.504283</timestamp>
			</report>
			<report>
				<misses>6306001</misses>
				<total>8</total>
				<timestamp>2393.883973</timestamp>
			</report>
			<report>
				<misses>6307001</misses>
				<total>8</total>
				<timestamp>2394.263556</timestamp>
			</report>
			<report>
				<misses>6308001</misses>
				<total>8</total>
				<timestamp>2394.643146</timestamp>
			</report>
			<report>
				<misses>6309001</misses>
				<total>8</total>
				<timestamp>2395.022759</timestamp>
			</report>
			<report>
				<misses>6310001</misses>
				<total>8</total>
				<timestamp>2395.402378</timestamp>
			</report>
			<report>
				<misses>6311001</misses>
				<total>8</total>
				<timestamp>2395.782007</timestamp>
			</report>
			<report>
				<misses>6312001</misses>
				<total>8</total>
				<timestamp>2396.161641</timestamp>
			</report>
			<report>
				<misses>6313001</misses>
				<total>8</total>
				<timestamp>2396.541304</timestamp>
			</report>
			<report>
				<misses>6314001</misses>
				<total>8</total>
				<timestamp>2396.920903</timestamp>
			</report>
			<report>
				<misses>6315001</misses>
				<total>8</total>
				<timestamp>2397.300469</timestamp>
			</report>
			<report>
				<misses>6316001</misses>
				<total>8</total>
				<timestamp>2397.680135</timestamp>
			</report>
			<report>
				<misses>6317001</misses>
				<total>8</total>
				<timestamp>2398.059746</timestamp>
			</report>
			<report>
				<misses>6318001</misses>
				<total>8</total>
				<timestamp>2398.439374</timestamp>
			</report>
			<report>
				<misses>6319001</misses>
				<total>8</total>
				<timestamp>2398.818987</timestamp>
			</report>
			<report>
				<misses>6320001</misses>
				<total>8</total>
				<timestamp>2399.198599</timestamp>
			</report>
			<report>
				<misses>6321001</misses>
				<total>8</total>
				<timestamp>2399.578244</timestamp>
			</report>
			<report>
				<misses>6322001</misses>
				<total>8</total>
				<timestamp>2399.957838</timestamp>
			</report>
			<report>
				<misses>6323001</misses>
				<total>8</total>
				<timestamp>2400.337437</timestamp>
			</report>
			<report>
				<misses>6324001</misses>
				<total>8</total>
				<timestamp>2400.717117</timestamp>
			</report>
			<report>
				<misses>6325001</misses>
				<total>8</total>
				<timestamp>2401.096715</timestamp>
			</report>
			<report>
				<misses>6326001</misses>
				<total>8</total>
				<timestamp>2401.476296</timestamp>
			</report>
			<report>
				<misses>6327001</misses>
				<total>8</total>
				<timestamp>2401.855947</timestamp>
			</report>
			<report>
				<misses>6328001</misses>
				<total>8</total>
				<timestamp>2402.235553</timestamp>
			</report>
			<report>
				<misses>6329001</misses>
				<total>8</total>
				<timestamp>2402.615174</timestamp>
			</report>
			<report>
				<misses>6330001</misses>
				<total>8</total>
				<timestamp>2402.994816</timestamp>
			</report>
			<report>
				<misses>6331001</misses>
				<total>8</total>
				<timestamp>2403.374427</timestamp>
			</report>
			<report>
				<misses>6332001</misses>
				<total>8</total>
				<timestamp>2403.754033</timestamp>
			</report>
			<report>
				<misses>6333001</misses>
				<total>8</total>
				<timestamp>2404.133660</timestamp>
			</report>
			<report>
				<misses>6334001</misses>
				<total>8</total>
				<timestamp>2404.513266</timestamp>
			</report>
			<report>
				<misses>6335001</misses>
				<total>8</total>
				<timestamp>2404.892895</timestamp>
			</report>
			<report>
				<misses>6336001</misses>
				<total>8</total>
				<timestamp>2405.272521</timestamp>
			</report>
			<report>
				<misses>6337001</misses>
				<total>8</total>
				<timestamp>2405.652113</timestamp>
			</report>
			<report>
				<misses>6338001</misses>
				<total>8</total>
				<timestamp>2406.031804</timestamp>
			</report>
			<report>
				<misses>6339001</misses>
				<total>8</total>
				<timestamp>2406.411361</timestamp>
			</report>
			<report>
				<misses>6340001</misses>
				<total>8</total>
				<timestamp>2406.790981</timestamp>
			</report>
			<report>
				<misses>6341001</misses>
				<total>8</total>
				<timestamp>2407.170649</timestamp>
			</report>
			<report>
				<misses>6342001</misses>
				<total>8</total>
				<timestamp>2407.550241</timestamp>
			</report>
			<report>
				<misses>6343001</misses>
				<total>8</total>
				<timestamp>2407.929847</timestamp>
			</report>
			<report>
				<misses>6344001</misses>
				<total>8</total>
				<timestamp>2408.309473</timestamp>
			</report>
			<report>
				<misses>6345001</misses>
				<total>8</total>
				<timestamp>2408.689082</timestamp>
			</report>
			<report>
				<misses>6346001</misses>
				<total>8</total>
				<timestamp>2409.068742</timestamp>
			</report>
			<report>
				<misses>6347001</misses>
				<total>8</total>
				<timestamp>2409.448339</timestamp>
			</report>
			<report>
				<misses>6348001</misses>
				<total>8</total>
				<timestamp>2409.827945</timestamp>
			</report>
			<report>
				<misses>6349001</misses>
				<total>8</total>
				<timestamp>2410.207574</timestamp>
			</report>
			<report>
				<misses>6350001</misses>
				<total>8</total>
				<timestamp>2410.587241</timestamp>
			</report>
			<report>
				<misses>6351001</misses>
				<total>8</total>
				<timestamp>2410.966852</timestamp>
			</report>
			<report>
				<misses>6352001</misses>
				<total>8</total>
				<timestamp>2411.346417</timestamp>
			</report>
			<report>
				<misses>6353001</misses>
				<total>8</total>
				<timestamp>2411.726047</timestamp>
			</report>
			<report>
				<misses>6354001</misses>
				<total>8</total>
				<timestamp>2412.105687</timestamp>
			</report>
			<report>
				<misses>6355001</misses>
				<total>8</total>
				<timestamp>2412.485288</timestamp>
			</report>
			<report>
				<misses>6356001</misses>
				<total>8</total>
				<timestamp>2412.864906</timestamp>
			</report>
			<report>
				<misses>6357001</misses>
				<total>8</total>
				<timestamp>2413.244524</timestamp>
			</report>
			<report>
				<misses>6358001</misses>
				<total>8</total>
				<timestamp>2413.624161</timestamp>
			</report>
			<report>
				<misses>6359001</misses>
				<total>8</total>
				<timestamp>2414.003774</timestamp>
			</report>
			<report>
				<misses>6360001</misses>
				<total>8</total>
				<timestamp>2414.383409</timestamp>
			</report>
			<report>
				<misses>6361001</misses>
				<total>8</total>
				<timestamp>2414.763012</timestamp>
			</report>
			<report>
				<misses>6362001</misses>
				<total>8</total>
				<timestamp>2415.142689</timestamp>
			</report>
			<report>
				<misses>6363001</misses>
				<total>8</total>
				<timestamp>2415.522268</timestamp>
			</report>
			<report>
				<misses>6364001</misses>
				<total>8</total>
				<timestamp>2415.901877</timestamp>
			</report>
			<report>
				<misses>6365001</misses>
				<total>8</total>
				<timestamp>2416.281496</timestamp>
			</report>
			<report>
				<misses>6366001</misses>
				<total>8</total>
				<timestamp>2416.661116</timestamp>
			</report>
			<report>
				<misses>6367001</misses>
				<total>8</total>
				<timestamp>2417.040750</timestamp>
			</report>
			<report>
				<misses>6368001</misses>
				<total>8</total>
				<timestamp>2417.420348</timestamp>
			</report>
			<report>
				<misses>6369001</misses>
				<total>8</total>
				<timestamp>2417.799990</timestamp>
			</report>
			<report>
				<misses>6370001</misses>
				<total>8</total>
				<timestamp>2418.179653</timestamp>
			</report>
			<report>
				<misses>6371001</misses>
				<total>8</total>
				<timestamp>2418.559234</timestamp>
			</report>
			<report>
				<misses>6372001</misses>
				<total>8</total>
				<timestamp>2418.938821</timestamp>
			</report>
			<report>
				<misses>6373001</misses>
				<total>8</total>
				<timestamp>2419.318441</timestamp>
			</report>
			<report>
				<misses>6374001</misses>
				<total>8</total>
				<timestamp>2419.698073</timestamp>
			</report>
			<report>
				<misses>6375001</misses>
				<total>8</total>
				<timestamp>2420.077762</timestamp>
			</report>
			<report>
				<misses>6376001</misses>
				<total>8</total>
				<timestamp>2420.457321</timestamp>
			</report>
			<report>
				<misses>6377001</misses>
				<total>8</total>
				<timestamp>2420.836919</timestamp>
			</report>
			<report>
				<misses>6378001</misses>
				<total>8</total>
				<timestamp>2421.216641</timestamp>
			</report>
			<report>
				<misses>6379001</misses>
				<total>8</total>
				<timestamp>2421.596156</timestamp>
			</report>
			<report>
				<misses>6380001</misses>
				<total>8</total>
				<timestamp>2421.975790</timestamp>
			</report>
			<report>
				<misses>6381001</misses>
				<total>8</total>
				<timestamp>2422.355398</timestamp>
			</report>
			<report>
				<misses>6382001</misses>
				<total>8</total>
				<timestamp>2422.735014</timestamp>
			</report>
			<report>
				<misses>6383001</misses>
				<total>8</total>
				<timestamp>2423.114662</timestamp>
			</report>
			<report>
				<misses>6384001</misses>
				<total>8</total>
				<timestamp>2423.494294</timestamp>
			</report>
			<report>
				<misses>6385001</misses>
				<total>8</total>
				<timestamp>2423.873884</timestamp>
			</report>
			<report>
				<misses>6386001</misses>
				<total>8</total>
				<timestamp>2424.253534</timestamp>
			</report>
			<report>
				<misses>6387001</misses>
				<total>8</total>
				<timestamp>2424.633108</timestamp>
			</report>
			<report>
				<misses>6388001</misses>
				<total>8</total>
				<timestamp>2425.012746</timestamp>
			</report>
			<report>
				<misses>6389001</misses>
				<total>8</total>
				<timestamp>2425.392373</timestamp>
			</report>
			<report>
				<misses>6390001</misses>
				<total>8</total>
				<timestamp>2425.772025</timestamp>
			</report>
			<report>
				<misses>6391001</misses>
				<total>8</total>
				<timestamp>2426.151634</timestamp>
			</report>
			<report>
				<misses>6392001</misses>
				<total>8</total>
				<timestamp>2426.531238</timestamp>
			</report>
			<report>
				<misses>6393001</misses>
				<total>8</total>
				<timestamp>2426.910830</timestamp>
			</report>
			<report>
				<misses>6394001</misses>
				<total>8</total>
				<timestamp>2427.290472</timestamp>
			</report>
			<report>
				<misses>6395001</misses>
				<total>8</total>
				<timestamp>2427.670073</timestamp>
			</report>
			<report>
				<misses>6396001</misses>
				<total>8</total>
				<timestamp>2428.049711</timestamp>
			</report>
			<report>
				<misses>6397001</misses>
				<total>8</total>
				<timestamp>2428.429355</timestamp>
			</report>
			<report>
				<misses>6398001</misses>
				<total>8</total>
				<timestamp>2428.808954</timestamp>
			</report>
			<report>
				<misses>6399001</misses>
				<total>8</total>
				<timestamp>2429.188609</timestamp>
			</report>
			<report>
				<misses>6400001</misses>
				<total>8</total>
				<timestamp>2429.568175</timestamp>
			</report>
			<report>
				<misses>6401001</misses>
				<total>8</total>
				<timestamp>2429.947796</timestamp>
			</report>
			<report>
				<misses>6402001</misses>
				<total>8</total>
				<timestamp>2430.327425</timestamp>
			</report>
			<report>
				<misses>6403001</misses>
				<total>8</total>
				<timestamp>2430.707053</timestamp>
			</report>
			<report>
				<misses>6404001</misses>
				<total>8</total>
				<timestamp>2431.086681</timestamp>
			</report>
			<report>
				<misses>6405001</misses>
				<total>8</total>
				<timestamp>2431.466284</timestamp>
			</report>
			<report>
				<misses>6406001</misses>
				<total>8</total>
				<timestamp>2431.845912</timestamp>
			</report>
			<report>
				<misses>6407001</misses>
				<total>8</total>
				<timestamp>2432.225569</timestamp>
			</report>
			<report>
				<misses>6408001</misses>
				<total>8</total>
				<timestamp>2432.605142</timestamp>
			</report>
			<report>
				<misses>6409001</misses>
				<total>8</total>
				<timestamp>2432.984763</timestamp>
			</report>
			<report>
				<misses>6410001</misses>
				<total>8</total>
				<timestamp>2433.364382</timestamp>
			</report>
			<report>
				<misses>6411001</misses>
				<total>8</total>
				<timestamp>2433.744004</timestamp>
			</report>
			<report>
				<misses>6412001</misses>
				<total>8</total>
				<timestamp>2434.123652</timestamp>
			</report>
			<report>
				<misses>6413001</misses>
				<total>8</total>
				<timestamp>2434.503260</timestamp>
			</report>
			<report>
				<misses>6414001</misses>
				<total>8</total>
				<timestamp>2434.882899</timestamp>
			</report>
			<report>
				<misses>6415001</misses>
				<total>8</total>
				<timestamp>2435.262536</timestamp>
			</report>
			<report>
				<misses>6416001</misses>
				<total>8</total>
				<timestamp>2435.642093</timestamp>
			</report>
			<report>
				<misses>6417001</misses>
				<total>8</total>
				<timestamp>2436.021746</timestamp>
			</report>
			<report>
				<misses>6418001</misses>
				<total>8</total>
				<timestamp>2436.401351</timestamp>
			</report>
			<report>
				<misses>6419001</misses>
				<total>8</total>
				<timestamp>2436.780978</timestamp>
			</report>
			<report>
				<misses>6420001</misses>
				<total>8</total>
				<timestamp>2437.160632</timestamp>
			</report>
			<report>
				<misses>6421001</misses>
				<total>8</total>
				<timestamp>2437.540235</timestamp>
			</report>
			<report>
				<misses>6422001</misses>
				<total>8</total>
				<timestamp>2437.919828</timestamp>
			</report>
			<report>
				<misses>6423001</misses>
				<total>8</total>
				<timestamp>2438.299479</timestamp>
			</report>
			<report>
				<misses>6424001</misses>
				<total>8</total>
				<timestamp>2438.679061</timestamp>
			</report>
			<report>
				<misses>6425001</misses>
				<total>8</total>
				<timestamp>2439.058696</timestamp>
			</report>
			<report>
				<misses>6426001</misses>
				<total>8</total>
				<timestamp>2439.438326</timestamp>
			</report>
			<report>
				<misses>6427001</misses>
				<total>8</total>
				<timestamp>2439.817920</timestamp>
			</report>
			<report>
				<misses>6428001</misses>
				<total>8</total>
				<timestamp>2440.197557</timestamp>
			</report>
			<report>
				<misses>6429001</misses>
				<total>8</total>
				<timestamp>2440.577158</timestamp>
			</report>
			<report>
				<misses>6430001</misses>
				<total>8</total>
				<timestamp>2440.956799</timestamp>
			</report>
			<report>
				<misses>6431001</misses>
				<total>8</total>
				<timestamp>2441.336396</timestamp>
			</report>
			<report>
				<misses>6432001</misses>
				<total>8</total>
				<timestamp>2441.716025</timestamp>
			</report>
			<report>
				<misses>6433001</misses>
				<total>8</total>
				<timestamp>2442.095640</timestamp>
			</report>
			<report>
				<misses>6434001</misses>
				<total>8</total>
				<timestamp>2442.475274</timestamp>
			</report>
			<report>
				<misses>6435001</misses>
				<total>8</total>
				<timestamp>2442.854883</timestamp>
			</report>
			<report>
				<misses>6436001</misses>
				<total>8</total>
				<timestamp>2443.234519</timestamp>
			</report>
			<report>
				<misses>6437001</misses>
				<total>8</total>
				<timestamp>2443.614154</timestamp>
			</report>
			<report>
				<misses>6438001</misses>
				<total>8</total>
				<timestamp>2443.993759</timestamp>
			</report>
			<report>
				<misses>6439001</misses>
				<total>8</total>
				<timestamp>2444.373362</timestamp>
			</report>
			<report>
				<misses>6440001</misses>
				<total>8</total>
				<timestamp>2444.752969</timestamp>
			</report>
			<report>
				<misses>6441001</misses>
				<total>8</total>
				<timestamp>2445.132613</timestamp>
			</report>
			<report>
				<misses>6442001</misses>
				<total>8</total>
				<timestamp>2445.512232</timestamp>
			</report>
			<report>
				<misses>6443001</misses>
				<total>8</total>
				<timestamp>2445.891859</timestamp>
			</report>
			<report>
				<misses>6444001</misses>
				<total>8</total>
				<timestamp>2446.271496</timestamp>
			</report>
			<report>
				<misses>6445001</misses>
				<total>8</total>
				<timestamp>2446.651090</timestamp>
			</report>
			<report>
				<misses>6446001</misses>
				<total>8</total>
				<timestamp>2447.030712</timestamp>
			</report>
			<report>
				<misses>6447001</misses>
				<total>8</total>
				<timestamp>2447.410320</timestamp>
			</report>
			<report>
				<misses>6448001</misses>
				<total>8</total>
				<timestamp>2447.789952</timestamp>
			</report>
			<report>
				<misses>6449001</misses>
				<total>8</total>
				<timestamp>2448.169577</timestamp>
			</report>
			<report>
				<misses>6450001</misses>
				<total>8</total>
				<timestamp>2448.549186</timestamp>
			</report>
			<report>
				<misses>6451001</misses>
				<total>8</total>
				<timestamp>2448.928830</timestamp>
			</report>
			<report>
				<misses>6452001</misses>
				<total>8</total>
				<timestamp>2449.308458</timestamp>
			</report>
			<report>
				<misses>6453001</misses>
				<total>8</total>
				<timestamp>2449.688042</timestamp>
			</report>
			<report>
				<misses>6454001</misses>
				<total>8</total>
				<timestamp>2450.067679</timestamp>
			</report>
			<report>
				<misses>6455001</misses>
				<total>8</total>
				<timestamp>2450.447278</timestamp>
			</report>
			<report>
				<misses>6456001</misses>
				<total>8</total>
				<timestamp>2450.826943</timestamp>
			</report>
			<report>
				<misses>6457001</misses>
				<total>8</total>
				<timestamp>2451.206586</timestamp>
			</report>
			<report>
				<misses>6458001</misses>
				<total>8</total>
				<timestamp>2451.586145</timestamp>
			</report>
			<report>
				<misses>6459001</misses>
				<total>8</total>
				<timestamp>2451.965765</timestamp>
			</report>
			<report>
				<misses>6460001</misses>
				<total>8</total>
				<timestamp>2452.345404</timestamp>
			</report>
			<report>
				<misses>6461001</misses>
				<total>8</total>
				<timestamp>2452.725025</timestamp>
			</report>
			<report>
				<misses>6462001</misses>
				<total>8</total>
				<timestamp>2453.104660</timestamp>
			</report>
			<report>
				<misses>6463001</misses>
				<total>8</total>
				<timestamp>2453.484293</timestamp>
			</report>
			<report>
				<misses>6464001</misses>
				<total>8</total>
				<timestamp>2453.863866</timestamp>
			</report>
			<report>
				<misses>6465001</misses>
				<total>8</total>
				<timestamp>2454.243533</timestamp>
			</report>
			<report>
				<misses>6466001</misses>
				<total>8</total>
				<timestamp>2454.623107</timestamp>
			</report>
			<report>
				<misses>6467001</misses>
				<total>8</total>
				<timestamp>2455.002747</timestamp>
			</report>
			<report>
				<misses>6468001</misses>
				<total>8</total>
				<timestamp>2455.382367</timestamp>
			</report>
			<report>
				<misses>6469001</misses>
				<total>8</total>
				<timestamp>2455.761965</timestamp>
			</report>
			<report>
				<misses>6470001</misses>
				<total>8</total>
				<timestamp>2456.141620</timestamp>
			</report>
			<report>
				<misses>6471001</misses>
				<total>8</total>
				<timestamp>2456.521226</timestamp>
			</report>
			<report>
				<misses>6472001</misses>
				<total>8</total>
				<timestamp>2456.900837</timestamp>
			</report>
			<report>
				<misses>6473001</misses>
				<total>8</total>
				<timestamp>2457.280444</timestamp>
			</report>
			<report>
				<misses>6474001</misses>
				<total>8</total>
				<timestamp>2457.660052</timestamp>
			</report>
			<report>
				<misses>6475001</misses>
				<total>8</total>
				<timestamp>2458.039672</timestamp>
			</report>
			<report>
				<misses>6476001</misses>
				<total>8</total>
				<timestamp>2458.419344</timestamp>
			</report>
			<report>
				<misses>6477001</misses>
				<total>8</total>
				<timestamp>2458.798934</timestamp>
			</report>
			<report>
				<misses>6478001</misses>
				<total>8</total>
				<timestamp>2459.178546</timestamp>
			</report>
			<report>
				<misses>6479001</misses>
				<total>8</total>
				<timestamp>2459.558163</timestamp>
			</report>
			<report>
				<misses>6480001</misses>
				<total>8</total>
				<timestamp>2459.937800</timestamp>
			</report>
			<report>
				<misses>6481001</misses>
				<total>8</total>
				<timestamp>2460.317526</timestamp>
			</report>
			<report>
				<misses>6482001</misses>
				<total>8</total>
				<timestamp>2460.697024</timestamp>
			</report>
			<report>
				<misses>6483001</misses>
				<total>8</total>
				<timestamp>2461.076630</timestamp>
			</report>
			<report>
				<misses>6484001</misses>
				<total>8</total>
				<timestamp>2461.456306</timestamp>
			</report>
			<report>
				<misses>6485001</misses>
				<total>8</total>
				<timestamp>2461.835883</timestamp>
			</report>
			<report>
				<misses>6486001</misses>
				<total>8</total>
				<timestamp>2462.215529</timestamp>
			</report>
			<report>
				<misses>6487001</misses>
				<total>8</total>
				<timestamp>2462.595121</timestamp>
			</report>
			<report>
				<misses>6488001</misses>
				<total>8</total>
				<timestamp>2462.974737</timestamp>
			</report>
			<report>
				<misses>6489001</misses>
				<total>8</total>
				<timestamp>2463.354395</timestamp>
			</report>
			<report>
				<misses>6490001</misses>
				<total>8</total>
				<timestamp>2463.733985</timestamp>
			</report>
			<report>
				<misses>6491001</misses>
				<total>8</total>
				<timestamp>2464.113603</timestamp>
			</report>
			<report>
				<misses>6492001</misses>
				<total>8</total>
				<timestamp>2464.493223</timestamp>
			</report>
			<report>
				<misses>6493001</misses>
				<total>8</total>
				<timestamp>2464.872835</timestamp>
			</report>
			<report>
				<misses>6494001</misses>
				<total>8</total>
				<timestamp>2465.252519</timestamp>
			</report>
			<report>
				<misses>6495001</misses>
				<total>8</total>
				<timestamp>2465.632081</timestamp>
			</report>
			<report>
				<misses>6496001</misses>
				<total>8</total>
				<timestamp>2466.011691</timestamp>
			</report>
			<report>
				<misses>6497001</misses>
				<total>8</total>
				<timestamp>2466.391364</timestamp>
			</report>
			<report>
				<misses>6498001</misses>
				<total>8</total>
				<timestamp>2466.770939</timestamp>
			</report>
			<report>
				<misses>6499001</misses>
				<total>8</total>
				<timestamp>2467.150561</timestamp>
			</report>
			<report>
				<misses>6500001</misses>
				<total>8</total>
				<timestamp>2467.530198</timestamp>
			</report>
			<report>
				<misses>6501001</misses>
				<total>8</total>
				<timestamp>2467.909793</timestamp>
			</report>
			<report>
				<misses>6502001</misses>
				<total>8</total>
				<timestamp>2468.289479</timestamp>
			</report>
			<report>
				<misses>6503001</misses>
				<total>8</total>
				<timestamp>2468.669055</timestamp>
			</report>
			<report>
				<misses>6504001</misses>
				<total>8</total>
				<timestamp>2469.048680</timestamp>
			</report>
			<report>
				<misses>6505001</misses>
				<total>8</total>
				<timestamp>2469.428347</timestamp>
			</report>
			<report>
				<misses>6506001</misses>
				<total>8</total>
				<timestamp>2469.807913</timestamp>
			</report>
			<report>
				<misses>6507001</misses>
				<total>8</total>
				<timestamp>2470.187533</timestamp>
			</report>
			<report>
				<misses>6508001</misses>
				<total>8</total>
				<timestamp>2470.567157</timestamp>
			</report>
			<report>
				<misses>6509001</misses>
				<total>8</total>
				<timestamp>2470.946751</timestamp>
			</report>
			<report>
				<misses>6510001</misses>
				<total>8</total>
				<timestamp>2471.326435</timestamp>
			</report>
			<report>
				<misses>6511001</misses>
				<total>8</total>
				<timestamp>2471.706000</timestamp>
			</report>
			<report>
				<misses>6512001</misses>
				<total>8</total>
				<timestamp>2472.085618</timestamp>
			</report>
			<report>
				<misses>6513001</misses>
				<total>8</total>
				<timestamp>2472.465308</timestamp>
			</report>
			<report>
				<misses>6514001</misses>
				<total>8</total>
				<timestamp>2472.844906</timestamp>
			</report>
			<report>
				<misses>6515001</misses>
				<total>8</total>
				<timestamp>2473.224502</timestamp>
			</report>
			<report>
				<misses>6516001</misses>
				<total>8</total>
				<timestamp>2473.604117</timestamp>
			</report>
			<report>
				<misses>6517001</misses>
				<total>8</total>
				<timestamp>2473.983722</timestamp>
			</report>
			<report>
				<misses>6518001</misses>
				<total>8</total>
				<timestamp>2474.363406</timestamp>
			</report>
			<report>
				<misses>6519001</misses>
				<total>8</total>
				<timestamp>2474.742956</timestamp>
			</report>
			<report>
				<misses>6520001</misses>
				<total>8</total>
				<timestamp>2475.122580</timestamp>
			</report>
			<report>
				<misses>6521001</misses>
				<total>8</total>
				<timestamp>2475.502277</timestamp>
			</report>
			<report>
				<misses>6522001</misses>
				<total>8</total>
				<timestamp>2475.881835</timestamp>
			</report>
			<report>
				<misses>6523001</misses>
				<total>8</total>
				<timestamp>2476.261461</timestamp>
			</report>
			<report>
				<misses>6524001</misses>
				<total>8</total>
				<timestamp>2476.641067</timestamp>
			</report>
			<report>
				<misses>6525001</misses>
				<total>8</total>
				<timestamp>2477.020696</timestamp>
			</report>
			<report>
				<misses>6526001</misses>
				<total>8</total>
				<timestamp>2477.400311</timestamp>
			</report>
			<report>
				<misses>6527001</misses>
				<total>8</total>
				<timestamp>2477.779920</timestamp>
			</report>
			<report>
				<misses>6528001</misses>
				<total>8</total>
				<timestamp>2478.159552</timestamp>
			</report>
			<report>
				<misses>6529001</misses>
				<total>8</total>
				<timestamp>2478.539208</timestamp>
			</report>
			<report>
				<misses>6530001</misses>
				<total>8</total>
				<timestamp>2478.918800</timestamp>
			</report>
			<report>
				<misses>6531001</misses>
				<total>8</total>
				<timestamp>2479.298417</timestamp>
			</report>
			<report>
				<misses>6532001</misses>
				<total>8</total>
				<timestamp>2479.678020</timestamp>
			</report>
			<report>
				<misses>6533001</misses>
				<total>8</total>
				<timestamp>2480.057637</timestamp>
			</report>
			<report>
				<misses>6534001</misses>
				<total>8</total>
				<timestamp>2480.437271</timestamp>
			</report>
			<report>
				<misses>6535001</misses>
				<total>8</total>
				<timestamp>2480.816876</timestamp>
			</report>
			<report>
				<misses>6536001</misses>
				<total>8</total>
				<timestamp>2481.196481</timestamp>
			</report>
			<report>
				<misses>6537001</misses>
				<total>8</total>
				<timestamp>2481.576127</timestamp>
			</report>
			<report>
				<misses>6538001</misses>
				<total>8</total>
				<timestamp>2481.955745</timestamp>
			</report>
			<report>
				<misses>6539001</misses>
				<total>8</total>
				<timestamp>2482.335357</timestamp>
			</report>
			<report>
				<misses>6540001</misses>
				<total>8</total>
				<timestamp>2482.714985</timestamp>
			</report>
			<report>
				<misses>6541001</misses>
				<total>8</total>
				<timestamp>2483.094609</timestamp>
			</report>
			<report>
				<misses>6542001</misses>
				<total>8</total>
				<timestamp>2483.474264</timestamp>
			</report>
			<report>
				<misses>6543001</misses>
				<total>8</total>
				<timestamp>2483.853853</timestamp>
			</report>
			<report>
				<misses>6544001</misses>
				<total>8</total>
				<timestamp>2484.233473</timestamp>
			</report>
			<report>
				<misses>6545001</misses>
				<total>8</total>
				<timestamp>2484.613077</timestamp>
			</report>
			<report>
				<misses>6546001</misses>
				<total>8</total>
				<timestamp>2484.992708</timestamp>
			</report>
			<report>
				<misses>6547001</misses>
				<total>8</total>
				<timestamp>2485.372374</timestamp>
			</report>
			<report>
				<misses>6548001</misses>
				<total>8</total>
				<timestamp>2485.751946</timestamp>
			</report>
			<report>
				<misses>6549001</misses>
				<total>8</total>
				<timestamp>2486.131562</timestamp>
			</report>
			<report>
				<misses>6550001</misses>
				<total>8</total>
				<timestamp>2486.511208</timestamp>
			</report>
			<report>
				<misses>6551001</misses>
				<total>8</total>
				<timestamp>2486.890805</timestamp>
			</report>
			<report>
				<misses>6552001</misses>
				<total>8</total>
				<timestamp>2487.270430</timestamp>
			</report>
			<report>
				<misses>6553001</misses>
				<total>8</total>
				<timestamp>2487.650050</timestamp>
			</report>
			<report>
				<misses>6554001</misses>
				<total>8</total>
				<timestamp>2488.029681</timestamp>
			</report>
			<report>
				<misses>6555001</misses>
				<total>8</total>
				<timestamp>2488.409331</timestamp>
			</report>
			<report>
				<misses>6556001</misses>
				<total>8</total>
				<timestamp>2488.788921</timestamp>
			</report>
			<report>
				<misses>6557001</misses>
				<total>8</total>
				<timestamp>2489.168570</timestamp>
			</report>
			<report>
				<misses>6558001</misses>
				<total>8</total>
				<timestamp>2489.548163</timestamp>
			</report>
			<report>
				<misses>6559001</misses>
				<total>8</total>
				<timestamp>2489.927785</timestamp>
			</report>
			<report>
				<misses>6560001</misses>
				<total>8</total>
				<timestamp>2490.307384</timestamp>
			</report>
			<report>
				<misses>6561001</misses>
				<total>8</total>
				<timestamp>2490.686996</timestamp>
			</report>
			<report>
				<misses>6562001</misses>
				<total>8</total>
				<timestamp>2491.066613</timestamp>
			</report>
			<report>
				<misses>6563001</misses>
				<total>8</total>
				<timestamp>2491.446281</timestamp>
			</report>
			<report>
				<misses>6564001</misses>
				<total>8</total>
				<timestamp>2491.825869</timestamp>
			</report>
			<report>
				<misses>6565001</misses>
				<total>8</total>
				<timestamp>2492.205480</timestamp>
			</report>
			<report>
				<misses>6566001</misses>
				<total>8</total>
				<timestamp>2492.585158</timestamp>
			</report>
			<report>
				<misses>6567001</misses>
				<total>8</total>
				<timestamp>2492.964738</timestamp>
			</report>
			<report>
				<misses>6568001</misses>
				<total>8</total>
				<timestamp>2493.344382</timestamp>
			</report>
			<report>
				<misses>6569001</misses>
				<total>8</total>
				<timestamp>2493.723970</timestamp>
			</report>
			<report>
				<misses>6570001</misses>
				<total>8</total>
				<timestamp>2494.103594</timestamp>
			</report>
			<report>
				<misses>6571001</misses>
				<total>8</total>
				<timestamp>2494.483243</timestamp>
			</report>
			<report>
				<misses>6572001</misses>
				<total>8</total>
				<timestamp>2494.862831</timestamp>
			</report>
			<report>
				<misses>6573001</misses>
				<total>8</total>
				<timestamp>2495.242454</timestamp>
			</report>
			<report>
				<misses>6574001</misses>
				<total>8</total>
				<timestamp>2495.622058</timestamp>
			</report>
			<report>
				<misses>6575001</misses>
				<total>8</total>
				<timestamp>2496.001689</timestamp>
			</report>
			<report>
				<misses>6576001</misses>
				<total>8</total>
				<timestamp>2496.381310</timestamp>
			</report>
			<report>
				<misses>6577001</misses>
				<total>8</total>
				<timestamp>2496.760941</timestamp>
			</report>
			<report>
				<misses>6578001</misses>
				<total>8</total>
				<timestamp>2497.140528</timestamp>
			</report>
			<report>
				<misses>6579001</misses>
				<total>8</total>
				<timestamp>2497.520171</timestamp>
			</report>
			<report>
				<misses>6580001</misses>
				<total>8</total>
				<timestamp>2497.899780</timestamp>
			</report>
			<report>
				<misses>6581001</misses>
				<total>8</total>
				<timestamp>2498.279404</timestamp>
			</report>
			<report>
				<misses>6582001</misses>
				<total>8</total>
				<timestamp>2498.659045</timestamp>
			</report>
			<report>
				<misses>6583001</misses>
				<total>8</total>
				<timestamp>2499.038639</timestamp>
			</report>
			<report>
				<misses>6584001</misses>
				<total>8</total>
				<timestamp>2499.418269</timestamp>
			</report>
			<report>
				<misses>6585001</misses>
				<total>8</total>
				<timestamp>2499.797894</timestamp>
			</report>
			<report>
				<misses>6586001</misses>
				<total>8</total>
				<timestamp>2500.177518</timestamp>
			</report>
			<report>
				<misses>6587001</misses>
				<total>8</total>
				<timestamp>2500.557127</timestamp>
			</report>
			<report>
				<misses>6588001</misses>
				<total>8</total>
				<timestamp>2500.936737</timestamp>
			</report>
			<report>
				<misses>6589001</misses>
				<total>8</total>
				<timestamp>2501.316389</timestamp>
			</report>
			<report>
				<misses>6590001</misses>
				<total>8</total>
				<timestamp>2501.695986</timestamp>
			</report>
			<report>
				<misses>6591001</misses>
				<total>8</total>
				<timestamp>2502.075590</timestamp>
			</report>
			<report>
				<misses>6592001</misses>
				<total>8</total>
				<timestamp>2502.455275</timestamp>
			</report>
			<report>
				<misses>6593001</misses>
				<total>8</total>
				<timestamp>2502.834833</timestamp>
			</report>
			<report>
				<misses>6594001</misses>
				<total>8</total>
				<timestamp>2503.214462</timestamp>
			</report>
			<report>
				<misses>6595001</misses>
				<total>8</total>
				<timestamp>2503.594108</timestamp>
			</report>
			<report>
				<misses>6596001</misses>
				<total>8</total>
				<timestamp>2503.973704</timestamp>
			</report>
			<report>
				<misses>6597001</misses>
				<total>8</total>
				<timestamp>2504.353334</timestamp>
			</report>
			<report>
				<misses>6598001</misses>
				<total>8</total>
				<timestamp>2504.732961</timestamp>
			</report>
			<report>
				<misses>6599001</misses>
				<total>8</total>
				<timestamp>2505.112552</timestamp>
			</report>
			<report>
				<misses>6600001</misses>
				<total>8</total>
				<timestamp>2505.492223</timestamp>
			</report>
			<report>
				<misses>6601001</misses>
				<total>8</total>
				<timestamp>2505.871802</timestamp>
			</report>
			<report>
				<misses>6602001</misses>
				<total>8</total>
				<timestamp>2506.251420</timestamp>
			</report>
			<report>
				<misses>6603001</misses>
				<total>8</total>
				<timestamp>2506.631090</timestamp>
			</report>
			<report>
				<misses>6604001</misses>
				<total>8</total>
				<timestamp>2507.010678</timestamp>
			</report>
			<report>
				<misses>6605001</misses>
				<total>8</total>
				<timestamp>2507.390276</timestamp>
			</report>
			<report>
				<misses>6606001</misses>
				<total>8</total>
				<timestamp>2507.769930</timestamp>
			</report>
			<report>
				<misses>6607001</misses>
				<total>8</total>
				<timestamp>2508.149524</timestamp>
			</report>
			<report>
				<misses>6608001</misses>
				<total>8</total>
				<timestamp>2508.529157</timestamp>
			</report>
			<report>
				<misses>6609001</misses>
				<total>8</total>
				<timestamp>2508.908752</timestamp>
			</report>
			<report>
				<misses>6610001</misses>
				<total>8</total>
				<timestamp>2509.288378</timestamp>
			</report>
			<report>
				<misses>6611001</misses>
				<total>8</total>
				<timestamp>2509.668037</timestamp>
			</report>
			<report>
				<misses>6612001</misses>
				<total>8</total>
				<timestamp>2510.047630</timestamp>
			</report>
			<report>
				<misses>6613001</misses>
				<total>8</total>
				<timestamp>2510.427293</timestamp>
			</report>
			<report>
				<misses>6614001</misses>
				<total>8</total>
				<timestamp>2510.806909</timestamp>
			</report>
			<report>
				<misses>6615001</misses>
				<total>8</total>
				<timestamp>2511.186474</timestamp>
			</report>
			<report>
				<misses>6616001</misses>
				<total>8</total>
				<timestamp>2511.566108</timestamp>
			</report>
			<report>
				<misses>6617001</misses>
				<total>8</total>
				<timestamp>2511.945731</timestamp>
			</report>
			<report>
				<misses>6618001</misses>
				<total>8</total>
				<timestamp>2512.325351</timestamp>
			</report>
			<report>
				<misses>6619001</misses>
				<total>8</total>
				<timestamp>2512.705002</timestamp>
			</report>
			<report>
				<misses>6620001</misses>
				<total>8</total>
				<timestamp>2513.084576</timestamp>
			</report>
			<report>
				<misses>6621001</misses>
				<total>8</total>
				<timestamp>2513.464248</timestamp>
			</report>
			<report>
				<misses>6622001</misses>
				<total>8</total>
				<timestamp>2513.843859</timestamp>
			</report>
			<report>
				<misses>6623001</misses>
				<total>8</total>
				<timestamp>2514.223460</timestamp>
			</report>
			<report>
				<misses>6624001</misses>
				<total>8</total>
				<timestamp>2514.603095</timestamp>
			</report>
			<report>
				<misses>6625001</misses>
				<total>8</total>
				<timestamp>2514.982723</timestamp>
			</report>
			<report>
				<misses>6626001</misses>
				<total>8</total>
				<timestamp>2515.362309</timestamp>
			</report>
			<report>
				<misses>6627001</misses>
				<total>8</total>
				<timestamp>2515.741982</timestamp>
			</report>
			<report>
				<misses>6628001</misses>
				<total>8</total>
				<timestamp>2516.121542</timestamp>
			</report>
			<report>
				<misses>6629001</misses>
				<total>8</total>
				<timestamp>2516.501181</timestamp>
			</report>
			<report>
				<misses>6630001</misses>
				<total>8</total>
				<timestamp>2516.880824</timestamp>
			</report>
			<report>
				<misses>6631001</misses>
				<total>8</total>
				<timestamp>2517.260413</timestamp>
			</report>
			<report>
				<misses>6632001</misses>
				<total>8</total>
				<timestamp>2517.640018</timestamp>
			</report>
			<report>
				<misses>6633001</misses>
				<total>8</total>
				<timestamp>2518.019695</timestamp>
			</report>
			<report>
				<misses>6634001</misses>
				<total>8</total>
				<timestamp>2518.399307</timestamp>
			</report>
			<report>
				<misses>6635001</misses>
				<total>8</total>
				<timestamp>2518.778890</timestamp>
			</report>
			<report>
				<misses>6636001</misses>
				<total>8</total>
				<timestamp>2519.158523</timestamp>
			</report>
			<report>
				<misses>6637001</misses>
				<total>8</total>
				<timestamp>2519.538141</timestamp>
			</report>
			<report>
				<misses>6638001</misses>
				<total>8</total>
				<timestamp>2519.917737</timestamp>
			</report>
			<report>
				<misses>6639001</misses>
				<total>8</total>
				<timestamp>2520.297353</timestamp>
			</report>
			<report>
				<misses>6640001</misses>
				<total>8</total>
				<timestamp>2520.677023</timestamp>
			</report>
			<report>
				<misses>6641001</misses>
				<total>8</total>
				<timestamp>2521.056593</timestamp>
			</report>
			<report>
				<misses>6642001</misses>
				<total>8</total>
				<timestamp>2521.436236</timestamp>
			</report>
			<report>
				<misses>6643001</misses>
				<total>8</total>
				<timestamp>2521.815884</timestamp>
			</report>
			<report>
				<misses>6644001</misses>
				<total>8</total>
				<timestamp>2522.195484</timestamp>
			</report>
			<report>
				<misses>6645001</misses>
				<total>8</total>
				<timestamp>2522.575095</timestamp>
			</report>
			<report>
				<misses>6646001</misses>
				<total>8</total>
				<timestamp>2522.954701</timestamp>
			</report>
			<report>
				<misses>6647001</misses>
				<total>8</total>
				<timestamp>2523.334320</timestamp>
			</report>
			<report>
				<misses>6648001</misses>
				<total>8</total>
				<timestamp>2523.713986</timestamp>
			</report>
			<report>
				<misses>6649001</misses>
				<total>8</total>
				<timestamp>2524.093589</timestamp>
			</report>
			<report>
				<misses>6650001</misses>
				<total>8</total>
				<timestamp>2524.473181</timestamp>
			</report>
			<report>
				<misses>6651001</misses>
				<total>8</total>
				<timestamp>2524.852822</timestamp>
			</report>
			<report>
				<misses>6652001</misses>
				<total>8</total>
				<timestamp>2525.232429</timestamp>
			</report>
			<report>
				<misses>6653001</misses>
				<total>8</total>
				<timestamp>2525.612088</timestamp>
			</report>
			<report>
				<misses>6654001</misses>
				<total>8</total>
				<timestamp>2525.991662</timestamp>
			</report>
			<report>
				<misses>6655001</misses>
				<total>8</total>
				<timestamp>2526.371289</timestamp>
			</report>
			<report>
				<misses>6656001</misses>
				<total>8</total>
				<timestamp>2526.750985</timestamp>
			</report>
			<report>
				<misses>6657001</misses>
				<total>8</total>
				<timestamp>2527.130534</timestamp>
			</report>
			<report>
				<misses>6658001</misses>
				<total>8</total>
				<timestamp>2527.510158</timestamp>
			</report>
			<report>
				<misses>6659001</misses>
				<total>8</total>
				<timestamp>2527.889786</timestamp>
			</report>
			<report>
				<misses>6660001</misses>
				<total>8</total>
				<timestamp>2528.269405</timestamp>
			</report>
			<report>
				<misses>6661001</misses>
				<total>8</total>
				<timestamp>2528.649007</timestamp>
			</report>
			<report>
				<misses>6662001</misses>
				<total>8</total>
				<timestamp>2529.028641</timestamp>
			</report>
			<report>
				<misses>6663001</misses>
				<total>8</total>
				<timestamp>2529.408276</timestamp>
			</report>
			<report>
				<misses>6664001</misses>
				<total>8</total>
				<timestamp>2529.787938</timestamp>
			</report>
			<report>
				<misses>6665001</misses>
				<total>8</total>
				<timestamp>2530.167498</timestamp>
			</report>
			<report>
				<misses>6666001</misses>
				<total>8</total>
				<timestamp>2530.547131</timestamp>
			</report>
			<report>
				<misses>6667001</misses>
				<total>8</total>
				<timestamp>2530.926720</timestamp>
			</report>
			<report>
				<misses>6668001</misses>
				<total>8</total>
				<timestamp>2531.306340</timestamp>
			</report>
			<report>
				<misses>6669001</misses>
				<total>8</total>
				<timestamp>2531.685976</timestamp>
			</report>
			<report>
				<misses>6670001</misses>
				<total>8</total>
				<timestamp>2532.065598</timestamp>
			</report>
			<report>
				<misses>6671001</misses>
				<total>8</total>
				<timestamp>2532.445221</timestamp>
			</report>
			<report>
				<misses>6672001</misses>
				<total>8</total>
				<timestamp>2532.824820</timestamp>
			</report>
			<report>
				<misses>6673001</misses>
				<total>8</total>
				<timestamp>2533.204443</timestamp>
			</report>
			<report>
				<misses>6674001</misses>
				<total>8</total>
				<timestamp>2533.584099</timestamp>
			</report>
			<report>
				<misses>6675001</misses>
				<total>8</total>
				<timestamp>2533.963707</timestamp>
			</report>
			<report>
				<misses>6676001</misses>
				<total>8</total>
				<timestamp>2534.343294</timestamp>
			</report>
			<report>
				<misses>6677001</misses>
				<total>8</total>
				<timestamp>2534.722913</timestamp>
			</report>
			<report>
				<misses>6678001</misses>
				<total>8</total>
				<timestamp>2535.102539</timestamp>
			</report>
			<report>
				<misses>6679001</misses>
				<total>8</total>
				<timestamp>2535.482161</timestamp>
			</report>
			<report>
				<misses>6680001</misses>
				<total>8</total>
				<timestamp>2535.861796</timestamp>
			</report>
			<report>
				<misses>6681001</misses>
				<total>8</total>
				<timestamp>2536.241426</timestamp>
			</report>
			<report>
				<misses>6682001</misses>
				<total>8</total>
				<timestamp>2536.621031</timestamp>
			</report>
			<report>
				<misses>6683001</misses>
				<total>8</total>
				<timestamp>2537.000658</timestamp>
			</report>
			<report>
				<misses>6684001</misses>
				<total>8</total>
				<timestamp>2537.380257</timestamp>
			</report>
			<report>
				<misses>6685001</misses>
				<total>8</total>
				<timestamp>2537.759901</timestamp>
			</report>
			<report>
				<misses>6686001</misses>
				<total>8</total>
				<timestamp>2538.139515</timestamp>
			</report>
			<report>
				<misses>6687001</misses>
				<total>8</total>
				<timestamp>2538.519126</timestamp>
			</report>
			<report>
				<misses>6688001</misses>
				<total>8</total>
				<timestamp>2538.898748</timestamp>
			</report>
			<report>
				<misses>6689001</misses>
				<total>8</total>
				<timestamp>2539.278381</timestamp>
			</report>
			<report>
				<misses>6690001</misses>
				<total>8</total>
				<timestamp>2539.658021</timestamp>
			</report>
			<report>
				<misses>6691001</misses>
				<total>8</total>
				<timestamp>2540.037608</timestamp>
			</report>
			<report>
				<misses>6692001</misses>
				<total>8</total>
				<timestamp>2540.417251</timestamp>
			</report>
			<report>
				<misses>6693001</misses>
				<total>8</total>
				<timestamp>2540.796878</timestamp>
			</report>
			<report>
				<misses>6694001</misses>
				<total>8</total>
				<timestamp>2541.176470</timestamp>
			</report>
			<report>
				<misses>6695001</misses>
				<total>8</total>
				<timestamp>2541.556123</timestamp>
			</report>
			<report>
				<misses>6696001</misses>
				<total>8</total>
				<timestamp>2541.935698</timestamp>
			</report>
			<report>
				<misses>6697001</misses>
				<total>8</total>
				<timestamp>2542.315354</timestamp>
			</report>
			<report>
				<misses>6698001</misses>
				<total>8</total>
				<timestamp>2542.694977</timestamp>
			</report>
			<report>
				<misses>6699001</misses>
				<total>8</total>
				<timestamp>2543.074553</timestamp>
			</report>
			<report>
				<misses>6700001</misses>
				<total>8</total>
				<timestamp>2543.454190</timestamp>
			</report>
			<report>
				<misses>6701001</misses>
				<total>8</total>
				<timestamp>2543.833841</timestamp>
			</report>
			<report>
				<misses>6702001</misses>
				<total>8</total>
				<timestamp>2544.213430</timestamp>
			</report>
			<report>
				<misses>6703001</misses>
				<total>8</total>
				<timestamp>2544.593070</timestamp>
			</report>
			<report>
				<misses>6704001</misses>
				<total>8</total>
				<timestamp>2544.972684</timestamp>
			</report>
			<report>
				<misses>6705001</misses>
				<total>8</total>
				<timestamp>2545.352324</timestamp>
			</report>
			<report>
				<misses>6706001</misses>
				<total>8</total>
				<timestamp>2545.731901</timestamp>
			</report>
			<report>
				<misses>6707001</misses>
				<total>8</total>
				<timestamp>2546.111516</timestamp>
			</report>
			<report>
				<misses>6708001</misses>
				<total>8</total>
				<timestamp>2546.491143</timestamp>
			</report>
			<report>
				<misses>6709001</misses>
				<total>8</total>
				<timestamp>2546.870855</timestamp>
			</report>
			<report>
				<misses>6710001</misses>
				<total>8</total>
				<timestamp>2547.250377</timestamp>
			</report>
			<report>
				<misses>6711001</misses>
				<total>8</total>
				<timestamp>2547.630011</timestamp>
			</report>
			<report>
				<misses>6712001</misses>
				<total>8</total>
				<timestamp>2548.009638</timestamp>
			</report>
			<report>
				<misses>6713001</misses>
				<total>8</total>
				<timestamp>2548.389250</timestamp>
			</report>
			<report>
				<misses>6714001</misses>
				<total>8</total>
				<timestamp>2548.768912</timestamp>
			</report>
			<report>
				<misses>6715001</misses>
				<total>8</total>
				<timestamp>2549.148535</timestamp>
			</report>
			<report>
				<misses>6716001</misses>
				<total>8</total>
				<timestamp>2549.528165</timestamp>
			</report>
			<report>
				<misses>6717001</misses>
				<total>8</total>
				<timestamp>2549.907738</timestamp>
			</report>
			<report>
				<misses>6718001</misses>
				<total>8</total>
				<timestamp>2550.287336</timestamp>
			</report>
			<report>
				<misses>6719001</misses>
				<total>8</total>
				<timestamp>2550.666980</timestamp>
			</report>
			<report>
				<misses>6720001</misses>
				<total>8</total>
				<timestamp>2551.046590</timestamp>
			</report>
			<report>
				<misses>6721001</misses>
				<total>8</total>
				<timestamp>2551.426235</timestamp>
			</report>
			<report>
				<misses>6722001</misses>
				<total>8</total>
				<timestamp>2551.805841</timestamp>
			</report>
			<report>
				<misses>6723001</misses>
				<total>8</total>
				<timestamp>2552.185438</timestamp>
			</report>
			<report>
				<misses>6724001</misses>
				<total>8</total>
				<timestamp>2552.565096</timestamp>
			</report>
			<report>
				<misses>6725001</misses>
				<total>8</total>
				<timestamp>2552.944686</timestamp>
			</report>
			<report>
				<misses>6726001</misses>
				<total>8</total>
				<timestamp>2553.324307</timestamp>
			</report>
			<report>
				<misses>6727001</misses>
				<total>8</total>
				<timestamp>2553.703923</timestamp>
			</report>
			<report>
				<misses>6728001</misses>
				<total>8</total>
				<timestamp>2554.083548</timestamp>
			</report>
			<report>
				<misses>6729001</misses>
				<total>8</total>
				<timestamp>2554.463161</timestamp>
			</report>
			<report>
				<misses>6730001</misses>
				<total>8</total>
				<timestamp>2554.842785</timestamp>
			</report>
			<report>
				<misses>6731001</misses>
				<total>8</total>
				<timestamp>2555.222427</timestamp>
			</report>
			<report>
				<misses>6732001</misses>
				<total>8</total>
				<timestamp>2555.602067</timestamp>
			</report>
			<report>
				<misses>6733001</misses>
				<total>8</total>
				<timestamp>2555.981659</timestamp>
			</report>
			<report>
				<misses>6734001</misses>
				<total>8</total>
				<timestamp>2556.361269</timestamp>
			</report>
			<report>
				<misses>6735001</misses>
				<total>8</total>
				<timestamp>2556.740892</timestamp>
			</report>
			<report>
				<misses>6736001</misses>
				<total>8</total>
				<timestamp>2557.120504</timestamp>
			</report>
			<report>
				<misses>6737001</misses>
				<total>8</total>
				<timestamp>2557.500139</timestamp>
			</report>
			<report>
				<misses>6738001</misses>
				<total>8</total>
				<timestamp>2557.879781</timestamp>
			</report>
			<report>
				<misses>6739001</misses>
				<total>8</total>
				<timestamp>2558.259376</timestamp>
			</report>
			<report>
				<misses>6740001</misses>
				<total>8</total>
				<timestamp>2558.638994</timestamp>
			</report>
			<report>
				<misses>6741001</misses>
				<total>8</total>
				<timestamp>2559.018595</timestamp>
			</report>
			<report>
				<misses>6742001</misses>
				<total>8</total>
				<timestamp>2559.398241</timestamp>
			</report>
			<report>
				<misses>6743001</misses>
				<total>8</total>
				<timestamp>2559.777876</timestamp>
			</report>
			<report>
				<misses>6744001</misses>
				<total>8</total>
				<timestamp>2560.157466</timestamp>
			</report>
			<report>
				<misses>6745001</misses>
				<total>8</total>
				<timestamp>2560.537114</timestamp>
			</report>
			<report>
				<misses>6746001</misses>
				<total>8</total>
				<timestamp>2560.916733</timestamp>
			</report>
			<report>
				<misses>6747001</misses>
				<total>8</total>
				<timestamp>2561.296320</timestamp>
			</report>
			<report>
				<misses>6748001</misses>
				<total>8</total>
				<timestamp>2561.675944</timestamp>
			</report>
			<report>
				<misses>6749001</misses>
				<total>8</total>
				<timestamp>2562.055574</timestamp>
			</report>
			<report>
				<misses>6750001</misses>
				<total>8</total>
				<timestamp>2562.435186</timestamp>
			</report>
			<report>
				<misses>6751001</misses>
				<total>8</total>
				<timestamp>2562.814808</timestamp>
			</report>
			<report>
				<misses>6752001</misses>
				<total>8</total>
				<timestamp>2563.194436</timestamp>
			</report>
			<report>
				<misses>6753001</misses>
				<total>8</total>
				<timestamp>2563.574058</timestamp>
			</report>
			<report>
				<misses>6754001</misses>
				<total>8</total>
				<timestamp>2563.953656</timestamp>
			</report>
			<report>
				<misses>6755001</misses>
				<total>8</total>
				<timestamp>2564.333277</timestamp>
			</report>
			<report>
				<misses>6756001</misses>
				<total>8</total>
				<timestamp>2564.712910</timestamp>
			</report>
			<report>
				<misses>6757001</misses>
				<total>8</total>
				<timestamp>2565.092512</timestamp>
			</report>
			<report>
				<misses>6758001</misses>
				<total>8</total>
				<timestamp>2565.472169</timestamp>
			</report>
			<report>
				<misses>6759001</misses>
				<total>8</total>
				<timestamp>2565.851804</timestamp>
			</report>
			<report>
				<misses>6760001</misses>
				<total>8</total>
				<timestamp>2566.231375</timestamp>
			</report>
			<report>
				<misses>6761001</misses>
				<total>8</total>
				<timestamp>2566.611018</timestamp>
			</report>
			<report>
				<misses>6762001</misses>
				<total>8</total>
				<timestamp>2566.990627</timestamp>
			</report>
			<report>
				<misses>6763001</misses>
				<total>8</total>
				<timestamp>2567.370291</timestamp>
			</report>
			<report>
				<misses>6764001</misses>
				<total>8</total>
				<timestamp>2567.749887</timestamp>
			</report>
			<report>
				<misses>6765001</misses>
				<total>8</total>
				<timestamp>2568.129498</timestamp>
			</report>
			<report>
				<misses>6766001</misses>
				<total>8</total>
				<timestamp>2568.509111</timestamp>
			</report>
			<report>
				<misses>6767001</misses>
				<total>8</total>
				<timestamp>2568.888724</timestamp>
			</report>
			<report>
				<misses>6768001</misses>
				<total>8</total>
				<timestamp>2569.268388</timestamp>
			</report>
			<report>
				<misses>6769001</misses>
				<total>8</total>
				<timestamp>2569.647954</timestamp>
			</report>
			<report>
				<misses>6770001</misses>
				<total>8</total>
				<timestamp>2570.027593</timestamp>
			</report>
			<report>
				<misses>6771001</misses>
				<total>8</total>
				<timestamp>2570.407219</timestamp>
			</report>
			<report>
				<misses>6772001</misses>
				<total>8</total>
				<timestamp>2570.786815</timestamp>
			</report>
			<report>
				<misses>6773001</misses>
				<total>8</total>
				<timestamp>2571.166456</timestamp>
			</report>
			<report>
				<misses>6774001</misses>
				<total>8</total>
				<timestamp>2571.546059</timestamp>
			</report>
			<report>
				<misses>6775001</misses>
				<total>8</total>
				<timestamp>2571.925706</timestamp>
			</report>
			<report>
				<misses>6776001</misses>
				<total>8</total>
				<timestamp>2572.305300</timestamp>
			</report>
			<report>
				<misses>6777001</misses>
				<total>8</total>
				<timestamp>2572.684954</timestamp>
			</report>
			<report>
				<misses>6778001</misses>
				<total>8</total>
				<timestamp>2573.064558</timestamp>
			</report>
			<report>
				<misses>6779001</misses>
				<total>8</total>
				<timestamp>2573.444180</timestamp>
			</report>
			<report>
				<misses>6780001</misses>
				<total>8</total>
				<timestamp>2573.823792</timestamp>
			</report>
			<report>
				<misses>6781001</misses>
				<total>8</total>
				<timestamp>2574.203403</timestamp>
			</report>
			<report>
				<misses>6782001</misses>
				<total>8</total>
				<timestamp>2574.583028</timestamp>
			</report>
			<report>
				<misses>6783001</misses>
				<total>8</total>
				<timestamp>2574.962654</timestamp>
			</report>
			<report>
				<misses>6784001</misses>
				<total>8</total>
				<timestamp>2575.342268</timestamp>
			</report>
			<report>
				<misses>6785001</misses>
				<total>8</total>
				<timestamp>2575.721930</timestamp>
			</report>
			<report>
				<misses>6786001</misses>
				<total>8</total>
				<timestamp>2576.101559</timestamp>
			</report>
			<report>
				<misses>6787001</misses>
				<total>8</total>
				<timestamp>2576.481124</timestamp>
			</report>
			<report>
				<misses>6788001</misses>
				<total>8</total>
				<timestamp>2576.860782</timestamp>
			</report>
			<report>
				<misses>6789001</misses>
				<total>8</total>
				<timestamp>2577.240376</timestamp>
			</report>
			<report>
				<misses>6790001</misses>
				<total>8</total>
				<timestamp>2577.619981</timestamp>
			</report>
			<report>
				<misses>6791001</misses>
				<total>8</total>
				<timestamp>2577.999650</timestamp>
			</report>
			<report>
				<misses>6792001</misses>
				<total>8</total>
				<timestamp>2578.379237</timestamp>
			</report>
			<report>
				<misses>6793001</misses>
				<total>8</total>
				<timestamp>2578.758845</timestamp>
			</report>
			<report>
				<misses>6794001</misses>
				<total>8</total>
				<timestamp>2579.138472</timestamp>
			</report>
			<report>
				<misses>6795001</misses>
				<total>8</total>
				<timestamp>2579.518112</timestamp>
			</report>
			<report>
				<misses>6796001</misses>
				<total>8</total>
				<timestamp>2579.897719</timestamp>
			</report>
			<report>
				<misses>6797001</misses>
				<total>8</total>
				<timestamp>2580.277320</timestamp>
			</report>
			<report>
				<misses>6798001</misses>
				<total>8</total>
				<timestamp>2580.656954</timestamp>
			</report>
			<report>
				<misses>6799001</misses>
				<total>8</total>
				<timestamp>2581.036592</timestamp>
			</report>
			<report>
				<misses>6800001</misses>
				<total>8</total>
				<timestamp>2581.416183</timestamp>
			</report>
			<report>
				<misses>6801001</misses>
				<total>8</total>
				<timestamp>2581.795828</timestamp>
			</report>
			<report>
				<misses>6802001</misses>
				<total>8</total>
				<timestamp>2582.175411</timestamp>
			</report>
			<report>
				<misses>6803001</misses>
				<total>8</total>
				<timestamp>2582.555048</timestamp>
			</report>
			<report>
				<misses>6804001</misses>
				<total>8</total>
				<timestamp>2582.934657</timestamp>
			</report>
			<report>
				<misses>6805001</misses>
				<total>8</total>
				<timestamp>2583.314293</timestamp>
			</report>
			<report>
				<misses>6806001</misses>
				<total>8</total>
				<timestamp>2583.693934</timestamp>
			</report>
			<report>
				<misses>6807001</misses>
				<total>8</total>
				<timestamp>2584.073505</timestamp>
			</report>
			<report>
				<misses>6808001</misses>
				<total>8</total>
				<timestamp>2584.453137</timestamp>
			</report>
			<report>
				<misses>6809001</misses>
				<total>8</total>
				<timestamp>2584.832768</timestamp>
			</report>
			<report>
				<misses>6810001</misses>
				<total>8</total>
				<timestamp>2585.212424</timestamp>
			</report>
			<report>
				<misses>6811001</misses>
				<total>8</total>
				<timestamp>2585.592036</timestamp>
			</report>
			<report>
				<misses>6812001</misses>
				<total>8</total>
				<timestamp>2585.971643</timestamp>
			</report>
			<report>
				<misses>6813001</misses>
				<total>8</total>
				<timestamp>2586.351250</timestamp>
			</report>
			<report>
				<misses>6814001</misses>
				<total>8</total>
				<timestamp>2586.730894</timestamp>
			</report>
			<report>
				<misses>6815001</misses>
				<total>8</total>
				<timestamp>2587.110506</timestamp>
			</report>
			<report>
				<misses>6816001</misses>
				<total>8</total>
				<timestamp>2587.490114</timestamp>
			</report>
			<report>
				<misses>6817001</misses>
				<total>8</total>
				<timestamp>2587.869759</timestamp>
			</report>
			<report>
				<misses>6818001</misses>
				<total>8</total>
				<timestamp>2588.249368</timestamp>
			</report>
			<report>
				<misses>6819001</misses>
				<total>8</total>
				<timestamp>2588.628959</timestamp>
			</report>
			<report>
				<misses>6820001</misses>
				<total>8</total>
				<timestamp>2589.008600</timestamp>
			</report>
			<report>
				<misses>6821001</misses>
				<total>8</total>
				<timestamp>2589.388237</timestamp>
			</report>
			<report>
				<misses>6822001</misses>
				<total>8</total>
				<timestamp>2589.767832</timestamp>
			</report>
			<report>
				<misses>6823001</misses>
				<total>8</total>
				<timestamp>2590.147467</timestamp>
			</report>
			<report>
				<misses>6824001</misses>
				<total>8</total>
				<timestamp>2590.527076</timestamp>
			</report>
			<report>
				<misses>6825001</misses>
				<total>8</total>
				<timestamp>2590.906750</timestamp>
			</report>
			<report>
				<misses>6826001</misses>
				<total>8</total>
				<timestamp>2591.286308</timestamp>
			</report>
			<report>
				<misses>6827001</misses>
				<total>8</total>
				<timestamp>2591.665912</timestamp>
			</report>
			<report>
				<misses>6828001</misses>
				<total>8</total>
				<timestamp>2592.045584</timestamp>
			</report>
			<report>
				<misses>6829001</misses>
				<total>8</total>
				<timestamp>2592.425152</timestamp>
			</report>
			<report>
				<misses>6830001</misses>
				<total>8</total>
				<timestamp>2592.804793</timestamp>
			</report>
			<report>
				<misses>6831001</misses>
				<total>8</total>
				<timestamp>2593.184424</timestamp>
			</report>
			<report>
				<misses>6832001</misses>
				<total>8</total>
				<timestamp>2593.564017</timestamp>
			</report>
			<report>
				<misses>6833001</misses>
				<total>8</total>
				<timestamp>2593.943676</timestamp>
			</report>
			<report>
				<misses>6834001</misses>
				<total>8</total>
				<timestamp>2594.323268</timestamp>
			</report>
			<report>
				<misses>6835001</misses>
				<total>8</total>
				<timestamp>2594.702889</timestamp>
			</report>
			<report>
				<misses>6836001</misses>
				<total>8</total>
				<timestamp>2595.082530</timestamp>
			</report>
			<report>
				<misses>6837001</misses>
				<total>8</total>
				<timestamp>2595.462131</timestamp>
			</report>
			<report>
				<misses>6838001</misses>
				<total>8</total>
				<timestamp>2595.841747</timestamp>
			</report>
			<report>
				<misses>6839001</misses>
				<total>8</total>
				<timestamp>2596.221422</timestamp>
			</report>
			<report>
				<misses>6840001</misses>
				<total>8</total>
				<timestamp>2596.600977</timestamp>
			</report>
			<report>
				<misses>6841001</misses>
				<total>8</total>
				<timestamp>2596.980628</timestamp>
			</report>
			<report>
				<misses>6842001</misses>
				<total>8</total>
				<timestamp>2597.360232</timestamp>
			</report>
			<report>
				<misses>6843001</misses>
				<total>8</total>
				<timestamp>2597.739866</timestamp>
			</report>
			<report>
				<misses>6844001</misses>
				<total>8</total>
				<timestamp>2598.119501</timestamp>
			</report>
			<report>
				<misses>6845001</misses>
				<total>8</total>
				<timestamp>2598.499083</timestamp>
			</report>
			<report>
				<misses>6846001</misses>
				<total>8</total>
				<timestamp>2598.878719</timestamp>
			</report>
			<report>
				<misses>6847001</misses>
				<total>8</total>
				<timestamp>2599.258333</timestamp>
			</report>
			<report>
				<misses>6848001</misses>
				<total>8</total>
				<timestamp>2599.637987</timestamp>
			</report>
			<report>
				<misses>6849001</misses>
				<total>8</total>
				<timestamp>2600.017595</timestamp>
			</report>
			<report>
				<misses>6850001</misses>
				<total>8</total>
				<timestamp>2600.397204</timestamp>
			</report>
			<report>
				<misses>6851001</misses>
				<total>8</total>
				<timestamp>2600.776785</timestamp>
			</report>
			<report>
				<misses>6852001</misses>
				<total>8</total>
				<timestamp>2601.156501</timestamp>
			</report>
			<report>
				<misses>6853001</misses>
				<total>8</total>
				<timestamp>2601.536047</timestamp>
			</report>
			<report>
				<misses>6854001</misses>
				<total>8</total>
				<timestamp>2601.915671</timestamp>
			</report>
			<report>
				<misses>6855001</misses>
				<total>8</total>
				<timestamp>2602.295305</timestamp>
			</report>
			<report>
				<misses>6856001</misses>
				<total>8</total>
				<timestamp>2602.674912</timestamp>
			</report>
			<report>
				<misses>6857001</misses>
				<total>8</total>
				<timestamp>2603.054550</timestamp>
			</report>
			<report>
				<misses>6858001</misses>
				<total>8</total>
				<timestamp>2603.434157</timestamp>
			</report>
			<report>
				<misses>6859001</misses>
				<total>8</total>
				<timestamp>2603.813789</timestamp>
			</report>
			<report>
				<misses>6860001</misses>
				<total>8</total>
				<timestamp>2604.193459</timestamp>
			</report>
			<report>
				<misses>6861001</misses>
				<total>8</total>
				<timestamp>2604.573010</timestamp>
			</report>
			<report>
				<misses>6862001</misses>
				<total>8</total>
				<timestamp>2604.952653</timestamp>
			</report>
			<report>
				<misses>6863001</misses>
				<total>8</total>
				<timestamp>2605.332233</timestamp>
			</report>
			<report>
				<misses>6864001</misses>
				<total>8</total>
				<timestamp>2605.711876</timestamp>
			</report>
			<report>
				<misses>6865001</misses>
				<total>8</total>
				<timestamp>2606.091504</timestamp>
			</report>
			<report>
				<misses>6866001</misses>
				<total>8</total>
				<timestamp>2606.471099</timestamp>
			</report>
			<report>
				<misses>6867001</misses>
				<total>8</total>
				<timestamp>2606.850714</timestamp>
			</report>
			<report>
				<misses>6868001</misses>
				<total>8</total>
				<timestamp>2607.230344</timestamp>
			</report>
			<report>
				<misses>6869001</misses>
				<total>8</total>
				<timestamp>2607.609957</timestamp>
			</report>
			<report>
				<misses>6870001</misses>
				<total>8</total>
				<timestamp>2607.989573</timestamp>
			</report>
			<report>
				<misses>6871001</misses>
				<total>8</total>
				<timestamp>2608.369203</timestamp>
			</report>
			<report>
				<misses>6872001</misses>
				<total>8</total>
				<timestamp>2608.748858</timestamp>
			</report>
			<report>
				<misses>6873001</misses>
				<total>8</total>
				<timestamp>2609.128450</timestamp>
			</report>
			<report>
				<misses>6874001</misses>
				<total>8</total>
				<timestamp>2609.508075</timestamp>
			</report>
			<report>
				<misses>6875001</misses>
				<total>8</total>
				<timestamp>2609.887697</timestamp>
			</report>
			<report>
				<misses>6876001</misses>
				<total>8</total>
				<timestamp>2610.267305</timestamp>
			</report>
			<report>
				<misses>6877001</misses>
				<total>8</total>
				<timestamp>2610.646917</timestamp>
			</report>
			<report>
				<misses>6878001</misses>
				<total>8</total>
				<timestamp>2611.026557</timestamp>
			</report>
			<report>
				<misses>6879001</misses>
				<total>8</total>
				<timestamp>2611.406191</timestamp>
			</report>
			<report>
				<misses>6880001</misses>
				<total>8</total>
				<timestamp>2611.785804</timestamp>
			</report>
			<report>
				<misses>6881001</misses>
				<total>8</total>
				<timestamp>2612.165494</timestamp>
			</report>
			<report>
				<misses>6882001</misses>
				<total>8</total>
				<timestamp>2612.545055</timestamp>
			</report>
			<report>
				<misses>6883001</misses>
				<total>8</total>
				<timestamp>2612.924647</timestamp>
			</report>
			<report>
				<misses>6884001</misses>
				<total>8</total>
				<timestamp>2613.304290</timestamp>
			</report>
			<report>
				<misses>6885001</misses>
				<total>8</total>
				<timestamp>2613.683918</timestamp>
			</report>
			<report>
				<misses>6886001</misses>
				<total>8</total>
				<timestamp>2614.063513</timestamp>
			</report>
			<report>
				<misses>6887001</misses>
				<total>8</total>
				<timestamp>2614.443124</timestamp>
			</report>
			<report>
				<misses>6888001</misses>
				<total>8</total>
				<timestamp>2614.822773</timestamp>
			</report>
			<report>
				<misses>6889001</misses>
				<total>8</total>
				<timestamp>2615.202404</timestamp>
			</report>
			<report>
				<misses>6890001</misses>
				<total>8</total>
				<timestamp>2615.581989</timestamp>
			</report>
			<report>
				<misses>6891001</misses>
				<total>8</total>
				<timestamp>2615.961611</timestamp>
			</report>
			<report>
				<misses>6892001</misses>
				<total>8</total>
				<timestamp>2616.341240</timestamp>
			</report>
			<report>
				<misses>6893001</misses>
				<total>8</total>
				<timestamp>2616.720836</timestamp>
			</report>
			<report>
				<misses>6894001</misses>
				<total>8</total>
				<timestamp>2617.100474</timestamp>
			</report>
			<report>
				<misses>6895001</misses>
				<total>8</total>
				<timestamp>2617.480082</timestamp>
			</report>
			<report>
				<misses>6896001</misses>
				<total>8</total>
				<timestamp>2617.859692</timestamp>
			</report>
			<report>
				<misses>6897001</misses>
				<total>8</total>
				<timestamp>2618.239355</timestamp>
			</report>
			<report>
				<misses>6898001</misses>
				<total>8</total>
				<timestamp>2618.618973</timestamp>
			</report>
			<report>
				<misses>6899001</misses>
				<total>8</total>
				<timestamp>2618.998575</timestamp>
			</report>
			<report>
				<misses>6900001</misses>
				<total>9</total>
				<timestamp>2619.378215</timestamp>
			</report>
			<report>
				<misses>6901001</misses>
				<total>9</total>
				<timestamp>2619.757802</timestamp>
			</report>
			<report>
				<misses>6902001</misses>
				<total>9</total>
				<timestamp>2620.137435</timestamp>
			</report>
			<report>
				<misses>6903001</misses>
				<total>9</total>
				<timestamp>2620.517047</timestamp>
			</report>
			<report>
				<misses>6904001</misses>
				<total>9</total>
				<timestamp>2620.896708</timestamp>
			</report>
			<report>
				<misses>6905001</misses>
				<total>9</total>
				<timestamp>2621.276306</timestamp>
			</report>
			<report>
				<misses>6906001</misses>
				<total>9</total>
				<timestamp>2621.655915</timestamp>
			</report>
			<report>
				<misses>6907001</misses>
				<total>9</total>
				<timestamp>2622.035519</timestamp>
			</report>
			<report>
				<misses>6908001</misses>
				<total>9</total>
				<timestamp>2622.415132</timestamp>
			</report>
			<report>
				<misses>6909001</misses>
				<total>9</total>
				<timestamp>2622.794766</timestamp>
			</report>
			<report>
				<misses>6910001</misses>
				<total>9</total>
				<timestamp>2623.174397</timestamp>
			</report>
			<report>
				<misses>6911001</misses>
				<total>9</total>
				<timestamp>2623.554005</timestamp>
			</report>
			<report>
				<misses>6912001</misses>
				<total>9</total>
				<timestamp>2623.933630</timestamp>
			</report>
			<report>
				<misses>6913001</misses>
				<total>9</total>
				<timestamp>2624.313256</timestamp>
			</report>
			<report>
				<misses>6914001</misses>
				<total>9</total>
				<timestamp>2624.692875</timestamp>
			</report>
			<report>
				<misses>6915001</misses>
				<total>9</total>
				<timestamp>2625.072533</timestamp>
			</report>
			<report>
				<misses>6916001</misses>
				<total>9</total>
				<timestamp>2625.452110</timestamp>
			</report>
			<report>
				<misses>6917001</misses>
				<total>9</total>
				<timestamp>2625.831714</timestamp>
			</report>
			<report>
				<misses>6918001</misses>
				<total>9</total>
				<timestamp>2626.211369</timestamp>
			</report>
			<report>
				<misses>6919001</misses>
				<total>9</total>
				<timestamp>2626.590986</timestamp>
			</report>
			<report>
				<misses>6920001</misses>
				<total>9</total>
				<timestamp>2626.970571</timestamp>
			</report>
			<report>
				<misses>6921001</misses>
				<total>9</total>
				<timestamp>2627.350214</timestamp>
			</report>
			<report>
				<misses>6922001</misses>
				<total>9</total>
				<timestamp>2627.729816</timestamp>
			</report>
			<report>
				<misses>6923001</misses>
				<total>9</total>
				<timestamp>2628.109461</timestamp>
			</report>
			<report>
				<misses>6924001</misses>
				<total>9</total>
				<timestamp>2628.489056</timestamp>
			</report>
			<report>
				<misses>6925001</misses>
				<total>9</total>
				<timestamp>2628.868688</timestamp>
			</report>
			<report>
				<misses>6926001</misses>
				<total>9</total>
				<timestamp>2629.248334</timestamp>
			</report>
			<report>
				<misses>6927001</misses>
				<total>9</total>
				<timestamp>2629.627930</timestamp>
			</report>
			<report>
				<misses>6928001</misses>
				<total>9</total>
				<timestamp>2630.007534</timestamp>
			</report>
			<report>
				<misses>6929001</misses>
				<total>9</total>
				<timestamp>2630.387160</timestamp>
			</report>
			<report>
				<misses>6930001</misses>
				<total>9</total>
				<timestamp>2630.766791</timestamp>
			</report>
			<report>
				<misses>6931001</misses>
				<total>9</total>
				<timestamp>2631.146417</timestamp>
			</report>
			<report>
				<misses>6932001</misses>
				<total>9</total>
				<timestamp>2631.526018</timestamp>
			</report>
			<report>
				<misses>6933001</misses>
				<total>9</total>
				<timestamp>2631.905691</timestamp>
			</report>
			<report>
				<misses>6934001</misses>
				<total>9</total>
				<timestamp>2632.285311</timestamp>
			</report>
			<report>
				<misses>6935001</misses>
				<total>9</total>
				<timestamp>2632.664894</timestamp>
			</report>
			<report>
				<misses>6936001</misses>
				<total>9</total>
				<timestamp>2633.044555</timestamp>
			</report>
			<report>
				<misses>6937001</misses>
				<total>9</total>
				<timestamp>2633.424139</timestamp>
			</report>
			<report>
				<misses>6938001</misses>
				<total>9</total>
				<timestamp>2633.803760</timestamp>
			</report>
			<report>
				<misses>6939001</misses>
				<total>9</total>
				<timestamp>2634.183389</timestamp>
			</report>
			<report>
				<misses>6940001</misses>
				<total>9</total>
				<timestamp>2634.562985</timestamp>
			</report>
			<report>
				<misses>6941001</misses>
				<total>9</total>
				<timestamp>2634.942630</timestamp>
			</report>
			<report>
				<misses>6942001</misses>
				<total>9</total>
				<timestamp>2635.322264</timestamp>
			</report>
			<report>
				<misses>6943001</misses>
				<total>9</total>
				<timestamp>2635.701879</timestamp>
			</report>
			<report>
				<misses>6944001</misses>
				<total>9</total>
				<timestamp>2636.081476</timestamp>
			</report>
			<report>
				<misses>6945001</misses>
				<total>9</total>
				<timestamp>2636.461076</timestamp>
			</report>
			<report>
				<misses>6946001</misses>
				<total>9</total>
				<timestamp>2636.840706</timestamp>
			</report>
			<report>
				<misses>6947001</misses>
				<total>9</total>
				<timestamp>2637.220343</timestamp>
			</report>
			<report>
				<misses>6948001</misses>
				<total>9</total>
				<timestamp>2637.599950</timestamp>
			</report>
			<report>
				<misses>6949001</misses>
				<total>9</total>
				<timestamp>2637.979588</timestamp>
			</report>
			<report>
				<misses>6950001</misses>
				<total>9</total>
				<timestamp>2638.359228</timestamp>
			</report>
			<report>
				<misses>6951001</misses>
				<total>9</total>
				<timestamp>2638.738826</timestamp>
			</report>
			<report>
				<misses>6952001</misses>
				<total>9</total>
				<timestamp>2639.118438</timestamp>
			</report>
			<report>
				<misses>6953001</misses>
				<total>9</total>
				<timestamp>2639.498043</timestamp>
			</report>
			<report>
				<misses>6954001</misses>
				<total>9</total>
				<timestamp>2639.877659</timestamp>
			</report>
			<report>
				<misses>6955001</misses>
				<total>9</total>
				<timestamp>2640.257308</timestamp>
			</report>
			<report>
				<misses>6956001</misses>
				<total>9</total>
				<timestamp>2640.636933</timestamp>
			</report>
			<report>
				<misses>6957001</misses>
				<total>9</total>
				<timestamp>2641.016525</timestamp>
			</report>
			<report>
				<misses>6958001</misses>
				<total>9</total>
				<timestamp>2641.396147</timestamp>
			</report>
			<report>
				<misses>6959001</misses>
				<total>9</total>
				<timestamp>2641.775766</timestamp>
			</report>
			<report>
				<misses>6960001</misses>
				<total>9</total>
				<timestamp>2642.155400</timestamp>
			</report>
			<report>
				<misses>6961001</misses>
				<total>9</total>
				<timestamp>2642.535043</timestamp>
			</report>
			<report>
				<misses>6962001</misses>
				<total>9</total>
				<timestamp>2642.914624</timestamp>
			</report>
			<report>
				<misses>6963001</misses>
				<total>9</total>
				<timestamp>2643.294287</timestamp>
			</report>
			<report>
				<misses>6964001</misses>
				<total>9</total>
				<timestamp>2643.673923</timestamp>
			</report>
			<report>
				<misses>6965001</misses>
				<total>9</total>
				<timestamp>2644.053528</timestamp>
			</report>
			<report>
				<misses>6966001</misses>
				<total>9</total>
				<timestamp>2644.433100</timestamp>
			</report>
			<report>
				<misses>6967001</misses>
				<total>9</total>
				<timestamp>2644.812745</timestamp>
			</report>
			<report>
				<misses>6968001</misses>
				<total>9</total>
				<timestamp>2645.192364</timestamp>
			</report>
			<report>
				<misses>6969001</misses>
				<total>9</total>
				<timestamp>2645.571977</timestamp>
			</report>
			<report>
				<misses>6970001</misses>
				<total>9</total>
				<timestamp>2645.951600</timestamp>
			</report>
			<report>
				<misses>6971001</misses>
				<total>9</total>
				<timestamp>2646.331259</timestamp>
			</report>
			<report>
				<misses>6972001</misses>
				<total>9</total>
				<timestamp>2646.710823</timestamp>
			</report>
			<report>
				<misses>6973001</misses>
				<total>9</total>
				<timestamp>2647.090441</timestamp>
			</report>
			<report>
				<misses>6974001</misses>
				<total>9</total>
				<timestamp>2647.470052</timestamp>
			</report>
			<report>
				<misses>6975001</misses>
				<total>9</total>
				<timestamp>2647.849682</timestamp>
			</report>
			<report>
				<misses>6976001</misses>
				<total>9</total>
				<timestamp>2648.229347</timestamp>
			</report>
			<report>
				<misses>6977001</misses>
				<total>9</total>
				<timestamp>2648.608931</timestamp>
			</report>
			<report>
				<misses>6978001</misses>
				<total>9</total>
				<timestamp>2648.988576</timestamp>
			</report>
			<report>
				<misses>6979001</misses>
				<total>9</total>
				<timestamp>2649.368221</timestamp>
			</report>
			<report>
				<misses>6980001</misses>
				<total>9</total>
				<timestamp>2649.747766</timestamp>
			</report>
			<report>
				<misses>6981001</misses>
				<total>9</total>
				<timestamp>2650.127399</timestamp>
			</report>
			<report>
				<misses>6982001</misses>
				<total>9</total>
				<timestamp>2650.507049</timestamp>
			</report>
			<report>
				<misses>6983001</misses>
				<total>9</total>
				<timestamp>2650.886672</timestamp>
			</report>
			<report>
				<misses>6984001</misses>
				<total>9</total>
				<timestamp>2651.266281</timestamp>
			</report>
			<report>
				<misses>6985001</misses>
				<total>9</total>
				<timestamp>2651.645887</timestamp>
			</report>
			<report>
				<misses>6986001</misses>
				<total>9</total>
				<timestamp>2652.025504</timestamp>
			</report>
			<report>
				<misses>6987001</misses>
				<total>9</total>
				<timestamp>2652.405150</timestamp>
			</report>
			<report>
				<misses>6988001</misses>
				<total>9</total>
				<timestamp>2652.784759</timestamp>
			</report>
			<report>
				<misses>6989001</misses>
				<total>9</total>
				<timestamp>2653.164365</timestamp>
			</report>
			<report>
				<misses>6990001</misses>
				<total>9</total>
				<timestamp>2653.544015</timestamp>
			</report>
			<report>
				<misses>6991001</misses>
				<total>9</total>
				<timestamp>2653.923628</timestamp>
			</report>
			<report>
				<misses>6992001</misses>
				<total>9</total>
				<timestamp>2654.303290</timestamp>
			</report>
			<report>
				<misses>6993001</misses>
				<total>9</total>
				<timestamp>2654.682902</timestamp>
			</report>
			<report>
				<misses>6994001</misses>
				<total>9</total>
				<timestamp>2655.062472</timestamp>
			</report>
			<report>
				<misses>6995001</misses>
				<total>9</total>
				<timestamp>2655.442111</timestamp>
			</report>
			<report>
				<misses>6996001</misses>
				<total>9</total>
				<timestamp>2655.821715</timestamp>
			</report>
			<report>
				<misses>6997001</misses>
				<total>9</total>
				<timestamp>2656.201331</timestamp>
			</report>
			<report>
				<misses>6998001</misses>
				<total>9</total>
				<timestamp>2656.580962</timestamp>
			</report>
			<report>
				<misses>6999001</misses>
				<total>9</total>
				<timestamp>2656.960619</timestamp>
			</report>
			<report>
				<misses>7000001</misses>
				<total>9</total>
				<timestamp>2657.340180</timestamp>
			</report>
			<report>
				<misses>7001001</misses>
				<total>9</total>
				<timestamp>2657.719801</timestamp>
			</report>
			<report>
				<misses>7002001</misses>
				<total>9</total>
				<timestamp>2658.099428</timestamp>
			</report>
			<report>
				<misses>7003001</misses>
				<total>9</total>
				<timestamp>2658.479063</timestamp>
			</report>
			<report>
				<misses>7004001</misses>
				<total>9</total>
				<timestamp>2658.858677</timestamp>
			</report>
			<report>
				<misses>7005001</misses>
				<total>9</total>
				<timestamp>2659.238298</timestamp>
			</report>
			<report>
				<misses>7006001</misses>
				<total>9</total>
				<timestamp>2659.617910</timestamp>
			</report>
			<report>
				<misses>7007001</misses>
				<total>9</total>
				<timestamp>2659.997568</timestamp>
			</report>
			<report>
				<misses>7008001</misses>
				<total>9</total>
				<timestamp>2660.377162</timestamp>
			</report>
			<report>
				<misses>7009001</misses>
				<total>9</total>
				<timestamp>2660.756832</timestamp>
			</report>
			<report>
				<misses>7010001</misses>
				<total>9</total>
				<timestamp>2661.136413</timestamp>
			</report>
			<report>
				<misses>7011001</misses>
				<total>9</total>
				<timestamp>2661.516013</timestamp>
			</report>
			<report>
				<misses>7012001</misses>
				<total>9</total>
				<timestamp>2661.895632</timestamp>
			</report>
			<report>
				<misses>7013001</misses>
				<total>9</total>
				<timestamp>2662.275258</timestamp>
			</report>
			<report>
				<misses>7014001</misses>
				<total>9</total>
				<timestamp>2662.654879</timestamp>
			</report>
			<report>
				<misses>7015001</misses>
				<total>9</total>
				<timestamp>2663.034516</timestamp>
			</report>
			<report>
				<misses>7016001</misses>
				<total>9</total>
				<timestamp>2663.414131</timestamp>
			</report>
			<report>
				<misses>7017001</misses>
				<total>9</total>
				<timestamp>2663.793773</timestamp>
			</report>
			<report>
				<misses>7018001</misses>
				<total>9</total>
				<timestamp>2664.173353</timestamp>
			</report>
			<report>
				<misses>7019001</misses>
				<total>9</total>
				<timestamp>2664.552960</timestamp>
			</report>
			<report>
				<misses>7020001</misses>
				<total>9</total>
				<timestamp>2664.932573</timestamp>
			</report>
			<report>
				<misses>7021001</misses>
				<total>9</total>
				<timestamp>2665.312263</timestamp>
			</report>
			<report>
				<misses>7022001</misses>
				<total>9</total>
				<timestamp>2665.691831</timestamp>
			</report>
			<report>
				<misses>7023001</misses>
				<total>9</total>
				<timestamp>2666.071459</timestamp>
			</report>
			<report>
				<misses>7024001</misses>
				<total>9</total>
				<timestamp>2666.451095</timestamp>
			</report>
			<report>
				<misses>7025001</misses>
				<total>9</total>
				<timestamp>2666.830734</timestamp>
			</report>
			<report>
				<misses>7026001</misses>
				<total>9</total>
				<timestamp>2667.210326</timestamp>
			</report>
			<report>
				<misses>7027001</misses>
				<total>9</total>
				<timestamp>2667.589907</timestamp>
			</report>
			<report>
				<misses>7028001</misses>
				<total>9</total>
				<timestamp>2667.969559</timestamp>
			</report>
			<report>
				<misses>7029001</misses>
				<total>9</total>
				<timestamp>2668.349185</timestamp>
			</report>
			<report>
				<misses>7030001</misses>
				<total>9</total>
				<timestamp>2668.728770</timestamp>
			</report>
			<report>
				<misses>7031001</misses>
				<total>9</total>
				<timestamp>2669.108395</timestamp>
			</report>
			<report>
				<misses>7032001</misses>
				<total>9</total>
				<timestamp>2669.488104</timestamp>
			</report>
			<report>
				<misses>7033001</misses>
				<total>9</total>
				<timestamp>2669.867657</timestamp>
			</report>
			<report>
				<misses>7034001</misses>
				<total>9</total>
				<timestamp>2670.247282</timestamp>
			</report>
			<report>
				<misses>7035001</misses>
				<total>9</total>
				<timestamp>2670.626928</timestamp>
			</report>
			<report>
				<misses>7036001</misses>
				<total>9</total>
				<timestamp>2671.006522</timestamp>
			</report>
			<report>
				<misses>7037001</misses>
				<total>9</total>
				<timestamp>2671.386129</timestamp>
			</report>
			<report>
				<misses>7038001</misses>
				<total>9</total>
				<timestamp>2671.765750</timestamp>
			</report>
			<report>
				<misses>7039001</misses>
				<total>9</total>
				<timestamp>2672.145376</timestamp>
			</report>
			<report>
				<misses>7040001</misses>
				<total>9</total>
				<timestamp>2672.524989</timestamp>
			</report>
			<report>
				<misses>7041001</misses>
				<total>9</total>
				<timestamp>2672.904649</timestamp>
			</report>
			<report>
				<misses>7042001</misses>
				<total>9</total>
				<timestamp>2673.284238</timestamp>
			</report>
			<report>
				<misses>7043001</misses>
				<total>9</total>
				<timestamp>2673.663836</timestamp>
			</report>
			<report>
				<misses>7044001</misses>
				<total>9</total>
				<timestamp>2674.043506</timestamp>
			</report>
			<report>
				<misses>7045001</misses>
				<total>9</total>
				<timestamp>2674.423087</timestamp>
			</report>
			<report>
				<misses>7046001</misses>
				<total>9</total>
				<timestamp>2674.802727</timestamp>
			</report>
			<report>
				<misses>7047001</misses>
				<total>9</total>
				<timestamp>2675.182343</timestamp>
			</report>
			<report>
				<misses>7048001</misses>
				<total>9</total>
				<timestamp>2675.561975</timestamp>
			</report>
			<report>
				<misses>7049001</misses>
				<total>9</total>
				<timestamp>2675.941622</timestamp>
			</report>
			<report>
				<misses>7050001</misses>
				<total>9</total>
				<timestamp>2676.321192</timestamp>
			</report>
			<report>
				<misses>7051001</misses>
				<total>9</total>
				<timestamp>2676.700816</timestamp>
			</report>
			<report>
				<misses>7052001</misses>
				<total>9</total>
				<timestamp>2677.080447</timestamp>
			</report>
			<report>
				<misses>7053001</misses>
				<total>9</total>
				<timestamp>2677.460064</timestamp>
			</report>
			<report>
				<misses>7054001</misses>
				<total>9</total>
				<timestamp>2677.839676</timestamp>
			</report>
			<report>
				<misses>7055001</misses>
				<total>9</total>
				<timestamp>2678.219274</timestamp>
			</report>
			<report>
				<misses>7056001</misses>
				<total>9</total>
				<timestamp>2678.598930</timestamp>
			</report>
			<report>
				<misses>7057001</misses>
				<total>9</total>
				<timestamp>2678.978564</timestamp>
			</report>
			<report>
				<misses>7058001</misses>
				<total>9</total>
				<timestamp>2679.358172</timestamp>
			</report>
			<report>
				<misses>7059001</misses>
				<total>9</total>
				<timestamp>2679.737756</timestamp>
			</report>
			<report>
				<misses>7060001</misses>
				<total>9</total>
				<timestamp>2680.117381</timestamp>
			</report>
			<report>
				<misses>7061001</misses>
				<total>9</total>
				<timestamp>2680.497050</timestamp>
			</report>
			<report>
				<misses>7062001</misses>
				<total>9</total>
				<timestamp>2680.876628</timestamp>
			</report>
			<report>
				<misses>7063001</misses>
				<total>9</total>
				<timestamp>2681.256252</timestamp>
			</report>
			<report>
				<misses>7064001</misses>
				<total>9</total>
				<timestamp>2681.635876</timestamp>
			</report>
			<report>
				<misses>7065001</misses>
				<total>9</total>
				<timestamp>2682.015536</timestamp>
			</report>
			<report>
				<misses>7066001</misses>
				<total>9</total>
				<timestamp>2682.395118</timestamp>
			</report>
			<report>
				<misses>7067001</misses>
				<total>9</total>
				<timestamp>2682.774722</timestamp>
			</report>
			<report>
				<misses>7068001</misses>
				<total>9</total>
				<timestamp>2683.154340</timestamp>
			</report>
			<report>
				<misses>7069001</misses>
				<total>9</total>
				<timestamp>2683.534009</timestamp>
			</report>
			<report>
				<misses>7070001</misses>
				<total>9</total>
				<timestamp>2683.913586</timestamp>
			</report>
			<report>
				<misses>7071001</misses>
				<total>9</total>
				<timestamp>2684.293221</timestamp>
			</report>
			<report>
				<misses>7072001</misses>
				<total>9</total>
				<timestamp>2684.672820</timestamp>
			</report>
			<report>
				<misses>7073001</misses>
				<total>9</total>
				<timestamp>2685.052476</timestamp>
			</report>
			<report>
				<misses>7074001</misses>
				<total>9</total>
				<timestamp>2685.432102</timestamp>
			</report>
			<report>
				<misses>7075001</misses>
				<total>9</total>
				<timestamp>2685.811672</timestamp>
			</report>
			<report>
				<misses>7076001</misses>
				<total>9</total>
				<timestamp>2686.191308</timestamp>
			</report>
			<report>
				<misses>7077001</misses>
				<total>9</total>
				<timestamp>2686.570984</timestamp>
			</report>
			<report>
				<misses>7078001</misses>
				<total>9</total>
				<timestamp>2686.950544</timestamp>
			</report>
			<report>
				<misses>7079001</misses>
				<total>9</total>
				<timestamp>2687.330180</timestamp>
			</report>
			<report>
				<misses>7080001</misses>
				<total>9</total>
				<timestamp>2687.709777</timestamp>
			</report>
			<report>
				<misses>7081001</misses>
				<total>9</total>
				<timestamp>2688.089415</timestamp>
			</report>
			<report>
				<misses>7082001</misses>
				<total>9</total>
				<timestamp>2688.469018</timestamp>
			</report>
			<report>
				<misses>7083001</misses>
				<total>9</total>
				<timestamp>2688.848664</timestamp>
			</report>
			<report>
				<misses>7084001</misses>
				<total>9</total>
				<timestamp>2689.228263</timestamp>
			</report>
			<report>
				<misses>7085001</misses>
				<total>9</total>
				<timestamp>2689.607890</timestamp>
			</report>
			<report>
				<misses>7086001</misses>
				<total>9</total>
				<timestamp>2689.987499</timestamp>
			</report>
			<report>
				<misses>7087001</misses>
				<total>9</total>
				<timestamp>2690.367131</timestamp>
			</report>
			<report>
				<misses>7088001</misses>
				<total>9</total>
				<timestamp>2690.746742</timestamp>
			</report>
			<report>
				<misses>7089001</misses>
				<total>9</total>
				<timestamp>2691.126349</timestamp>
			</report>
			<report>
				<misses>7090001</misses>
				<total>9</total>
				<timestamp>2691.505982</timestamp>
			</report>
			<report>
				<misses>7091001</misses>
				<total>9</total>
				<timestamp>2691.885599</timestamp>
			</report>
			<report>
				<misses>7092001</misses>
				<total>9</total>
				<timestamp>2692.265260</timestamp>
			</report>
			<report>
				<misses>7093001</misses>
				<total>9</total>
				<timestamp>2692.644852</timestamp>
			</report>
			<report>
				<misses>7094001</misses>
				<total>9</total>
				<timestamp>2693.024467</timestamp>
			</report>
			<report>
				<misses>7095001</misses>
				<total>9</total>
				<timestamp>2693.404089</timestamp>
			</report>
			<report>
				<misses>7096001</misses>
				<total>9</total>
				<timestamp>2693.783696</timestamp>
			</report>
			<report>
				<misses>7097001</misses>
				<total>9</total>
				<timestamp>2694.163339</timestamp>
			</report>
			<report>
				<misses>7098001</misses>
				<total>9</total>
				<timestamp>2694.542964</timestamp>
			</report>
			<report>
				<misses>7099001</misses>
				<total>9</total>
				<timestamp>2694.922612</timestamp>
			</report>
			<report>
				<misses>7100001</misses>
				<total>9</total>
				<timestamp>2695.302183</timestamp>
			</report>
			<report>
				<misses>7101001</misses>
				<total>9</total>
				<timestamp>2695.681803</timestamp>
			</report>
			<report>
				<misses>7102001</misses>
				<total>9</total>
				<timestamp>2696.061421</timestamp>
			</report>
			<report>
				<misses>7103001</misses>
				<total>9</total>
				<timestamp>2696.441052</timestamp>
			</report>
			<report>
				<misses>7104001</misses>
				<total>9</total>
				<timestamp>2696.820691</timestamp>
			</report>
			<report>
				<misses>7105001</misses>
				<total>9</total>
				<timestamp>2697.200302</timestamp>
			</report>
			<report>
				<misses>7106001</misses>
				<total>9</total>
				<timestamp>2697.579915</timestamp>
			</report>
			<report>
				<misses>7107001</misses>
				<total>9</total>
				<timestamp>2697.959521</timestamp>
			</report>
			<report>
				<misses>7108001</misses>
				<total>9</total>
				<timestamp>2698.339132</timestamp>
			</report>
			<report>
				<misses>7109001</misses>
				<total>9</total>
				<timestamp>2698.718793</timestamp>
			</report>
			<report>
				<misses>7110001</misses>
				<total>9</total>
				<timestamp>2699.098383</timestamp>
			</report>
			<report>
				<misses>7111001</misses>
				<total>9</total>
				<timestamp>2699.478040</timestamp>
			</report>
			<report>
				<misses>7112001</misses>
				<total>9</total>
				<timestamp>2699.857626</timestamp>
			</report>
			<report>
				<misses>7113001</misses>
				<total>9</total>
				<timestamp>2700.237279</timestamp>
			</report>
			<report>
				<misses>7114001</misses>
				<total>9</total>
				<timestamp>2700.616896</timestamp>
			</report>
			<report>
				<misses>7115001</misses>
				<total>9</total>
				<timestamp>2700.996489</timestamp>
			</report>
			<report>
				<misses>7116001</misses>
				<total>9</total>
				<timestamp>2701.376114</timestamp>
			</report>
			<report>
				<misses>7117001</misses>
				<total>9</total>
				<timestamp>2701.755728</timestamp>
			</report>
			<report>
				<misses>7118001</misses>
				<total>9</total>
				<timestamp>2702.135371</timestamp>
			</report>
			<report>
				<misses>7119001</misses>
				<total>9</total>
				<timestamp>2702.514997</timestamp>
			</report>
			<report>
				<misses>7120001</misses>
				<total>9</total>
				<timestamp>2702.894595</timestamp>
			</report>
			<report>
				<misses>7121001</misses>
				<total>9</total>
				<timestamp>2703.274239</timestamp>
			</report>
			<report>
				<misses>7122001</misses>
				<total>9</total>
				<timestamp>2703.653855</timestamp>
			</report>
			<report>
				<misses>7123001</misses>
				<total>9</total>
				<timestamp>2704.033438</timestamp>
			</report>
			<report>
				<misses>7124001</misses>
				<total>9</total>
				<timestamp>2704.413105</timestamp>
			</report>
			<report>
				<misses>7125001</misses>
				<total>9</total>
				<timestamp>2704.792691</timestamp>
			</report>
			<report>
				<misses>7126001</misses>
				<total>9</total>
				<timestamp>2705.172333</timestamp>
			</report>
			<report>
				<misses>7127001</misses>
				<total>9</total>
				<timestamp>2705.551917</timestamp>
			</report>
			<report>
				<misses>7128001</misses>
				<total>9</total>
				<timestamp>2705.931547</timestamp>
			</report>
			<report>
				<misses>7129001</misses>
				<total>9</total>
				<timestamp>2706.311166</timestamp>
			</report>
			<report>
				<misses>7130001</misses>
				<total>9</total>
				<timestamp>2706.690820</timestamp>
			</report>
			<report>
				<misses>7131001</misses>
				<total>9</total>
				<timestamp>2707.070407</timestamp>
			</report>
			<report>
				<misses>7132001</misses>
				<total>9</total>
				<timestamp>2707.450014</timestamp>
			</report>
			<report>
				<misses>7133001</misses>
				<total>9</total>
				<timestamp>2707.829650</timestamp>
			</report>
			<report>
				<misses>7134001</misses>
				<total>9</total>
				<timestamp>2708.209303</timestamp>
			</report>
			<report>
				<misses>7135001</misses>
				<total>9</total>
				<timestamp>2708.588910</timestamp>
			</report>
			<report>
				<misses>7136001</misses>
				<total>9</total>
				<timestamp>2708.968492</timestamp>
			</report>
			<report>
				<misses>7137001</misses>
				<total>9</total>
				<timestamp>2709.348157</timestamp>
			</report>
			<report>
				<misses>7138001</misses>
				<total>9</total>
				<timestamp>2709.727747</timestamp>
			</report>
			<report>
				<misses>7139001</misses>
				<total>9</total>
				<timestamp>2710.107364</timestamp>
			</report>
			<report>
				<misses>7140001</misses>
				<total>9</total>
				<timestamp>2710.486985</timestamp>
			</report>
			<report>
				<misses>7141001</misses>
				<total>9</total>
				<timestamp>2710.866612</timestamp>
			</report>
			<report>
				<misses>7142001</misses>
				<total>9</total>
				<timestamp>2711.246235</timestamp>
			</report>
			<report>
				<misses>7143001</misses>
				<total>9</total>
				<timestamp>2711.625873</timestamp>
			</report>
			<report>
				<misses>7144001</misses>
				<total>9</total>
				<timestamp>2712.005465</timestamp>
			</report>
			<report>
				<misses>7145001</misses>
				<total>9</total>
				<timestamp>2712.385090</timestamp>
			</report>
			<report>
				<misses>7146001</misses>
				<total>9</total>
				<timestamp>2712.764748</timestamp>
			</report>
			<report>
				<misses>7147001</misses>
				<total>9</total>
				<timestamp>2713.144312</timestamp>
			</report>
			<report>
				<misses>7148001</misses>
				<total>9</total>
				<timestamp>2713.523985</timestamp>
			</report>
			<report>
				<misses>7149001</misses>
				<total>9</total>
				<timestamp>2713.903576</timestamp>
			</report>
			<report>
				<misses>7150001</misses>
				<total>9</total>
				<timestamp>2714.283227</timestamp>
			</report>
			<report>
				<misses>7151001</misses>
				<total>9</total>
				<timestamp>2714.662836</timestamp>
			</report>
			<report>
				<misses>7152001</misses>
				<total>9</total>
				<timestamp>2715.042474</timestamp>
			</report>
			<report>
				<misses>7153001</misses>
				<total>9</total>
				<timestamp>2715.422053</timestamp>
			</report>
			<report>
				<misses>7154001</misses>
				<total>9</total>
				<timestamp>2715.801708</timestamp>
			</report>
			<report>
				<misses>7155001</misses>
				<total>9</total>
				<timestamp>2716.181300</timestamp>
			</report>
			<report>
				<misses>7156001</misses>
				<total>9</total>
				<timestamp>2716.560915</timestamp>
			</report>
			<report>
				<misses>7157001</misses>
				<total>9</total>
				<timestamp>2716.940516</timestamp>
			</report>
			<report>
				<misses>7158001</misses>
				<total>9</total>
				<timestamp>2717.320153</timestamp>
			</report>
			<report>
				<misses>7159001</misses>
				<total>9</total>
				<timestamp>2717.699792</timestamp>
			</report>
			<report>
				<misses>7160001</misses>
				<total>9</total>
				<timestamp>2718.079365</timestamp>
			</report>
			<report>
				<misses>7161001</misses>
				<total>9</total>
				<timestamp>2718.459006</timestamp>
			</report>
			<report>
				<misses>7162001</misses>
				<total>9</total>
				<timestamp>2718.838623</timestamp>
			</report>
			<report>
				<misses>7163001</misses>
				<total>9</total>
				<timestamp>2719.218259</timestamp>
			</report>
			<report>
				<misses>7164001</misses>
				<total>9</total>
				<timestamp>2719.597948</timestamp>
			</report>
			<report>
				<misses>7165001</misses>
				<total>9</total>
				<timestamp>2719.977475</timestamp>
			</report>
			<report>
				<misses>7166001</misses>
				<total>9</total>
				<timestamp>2720.357104</timestamp>
			</report>
			<report>
				<misses>7167001</misses>
				<total>9</total>
				<timestamp>2720.736803</timestamp>
			</report>
			<report>
				<misses>7168001</misses>
				<total>9</total>
				<timestamp>2721.116344</timestamp>
			</report>
			<report>
				<misses>7169001</misses>
				<total>9</total>
				<timestamp>2721.495988</timestamp>
			</report>
			<report>
				<misses>7170001</misses>
				<total>9</total>
				<timestamp>2721.875571</timestamp>
			</report>
			<report>
				<misses>7171001</misses>
				<total>9</total>
				<timestamp>2722.255246</timestamp>
			</report>
			<report>
				<misses>7172001</misses>
				<total>9</total>
				<timestamp>2722.634881</timestamp>
			</report>
			<report>
				<misses>7173001</misses>
				<total>9</total>
				<timestamp>2723.014447</timestamp>
			</report>
			<report>
				<misses>7174001</misses>
				<total>9</total>
				<timestamp>2723.394074</timestamp>
			</report>
			<report>
				<misses>7175001</misses>
				<total>9</total>
				<timestamp>2723.773772</timestamp>
			</report>
			<report>
				<misses>7176001</misses>
				<total>9</total>
				<timestamp>2724.153326</timestamp>
			</report>
			<report>
				<misses>7177001</misses>
				<total>9</total>
				<timestamp>2724.532925</timestamp>
			</report>
			<report>
				<misses>7178001</misses>
				<total>9</total>
				<timestamp>2724.912564</timestamp>
			</report>
			<report>
				<misses>7179001</misses>
				<total>9</total>
				<timestamp>2725.292151</timestamp>
			</report>
			<report>
				<misses>7180001</misses>
				<total>9</total>
				<timestamp>2725.671833</timestamp>
			</report>
			<report>
				<misses>7181001</misses>
				<total>9</total>
				<timestamp>2726.051402</timestamp>
			</report>
			<report>
				<misses>7182001</misses>
				<total>9</total>
				<timestamp>2726.431037</timestamp>
			</report>
			<report>
				<misses>7183001</misses>
				<total>9</total>
				<timestamp>2726.810674</timestamp>
			</report>
			<report>
				<misses>7184001</misses>
				<total>9</total>
				<timestamp>2727.190270</timestamp>
			</report>
			<report>
				<misses>7185001</misses>
				<total>9</total>
				<timestamp>2727.569905</timestamp>
			</report>
			<report>
				<misses>7186001</misses>
				<total>9</total>
				<timestamp>2727.949509</timestamp>
			</report>
			<report>
				<misses>7187001</misses>
				<total>9</total>
				<timestamp>2728.329119</timestamp>
			</report>
			<report>
				<misses>7188001</misses>
				<total>9</total>
				<timestamp>2728.708775</timestamp>
			</report>
			<report>
				<misses>7189001</misses>
				<total>9</total>
				<timestamp>2729.088392</timestamp>
			</report>
			<report>
				<misses>7190001</misses>
				<total>9</total>
				<timestamp>2729.468008</timestamp>
			</report>
			<report>
				<misses>7191001</misses>
				<total>9</total>
				<timestamp>2729.847711</timestamp>
			</report>
			<report>
				<misses>7192001</misses>
				<total>9</total>
				<timestamp>2730.227257</timestamp>
			</report>
			<report>
				<misses>7193001</misses>
				<total>9</total>
				<timestamp>2730.606867</timestamp>
			</report>
			<report>
				<misses>7194001</misses>
				<total>9</total>
				<timestamp>2730.986468</timestamp>
			</report>
			<report>
				<misses>7195001</misses>
				<total>9</total>
				<timestamp>2731.366105</timestamp>
			</report>
			<report>
				<misses>7196001</misses>
				<total>9</total>
				<timestamp>2731.745742</timestamp>
			</report>
			<report>
				<misses>7197001</misses>
				<total>9</total>
				<timestamp>2732.125322</timestamp>
			</report>
			<report>
				<misses>7198001</misses>
				<total>9</total>
				<timestamp>2732.504950</timestamp>
			</report>
			<report>
				<misses>7199001</misses>
				<total>9</total>
				<timestamp>2732.884586</timestamp>
			</report>
			<report>
				<misses>7200001</misses>
				<total>9</total>
				<timestamp>2733.264214</timestamp>
			</report>
			<report>
				<misses>7201001</misses>
				<total>9</total>
				<timestamp>2733.643837</timestamp>
			</report>
			<report>
				<misses>7202001</misses>
				<total>9</total>
				<timestamp>2734.023474</timestamp>
			</report>
			<report>
				<misses>7203001</misses>
				<total>9</total>
				<timestamp>2734.403055</timestamp>
			</report>
			<report>
				<misses>7204001</misses>
				<total>9</total>
				<timestamp>2734.782718</timestamp>
			</report>
			<report>
				<misses>7205001</misses>
				<total>9</total>
				<timestamp>2735.162288</timestamp>
			</report>
			<report>
				<misses>7206001</misses>
				<total>9</total>
				<timestamp>2735.541909</timestamp>
			</report>
			<report>
				<misses>7207001</misses>
				<total>9</total>
				<timestamp>2735.921512</timestamp>
			</report>
			<report>
				<misses>7208001</misses>
				<total>9</total>
				<timestamp>2736.301152</timestamp>
			</report>
			<report>
				<misses>7209001</misses>
				<total>9</total>
				<timestamp>2736.680786</timestamp>
			</report>
			<report>
				<misses>7210001</misses>
				<total>9</total>
				<timestamp>2737.060410</timestamp>
			</report>
			<report>
				<misses>7211001</misses>
				<total>9</total>
				<timestamp>2737.439996</timestamp>
			</report>
			<report>
				<misses>7212001</misses>
				<total>9</total>
				<timestamp>2737.819693</timestamp>
			</report>
			<report>
				<misses>7213001</misses>
				<total>9</total>
				<timestamp>2738.199272</timestamp>
			</report>
			<report>
				<misses>7214001</misses>
				<total>9</total>
				<timestamp>2738.578868</timestamp>
			</report>
			<report>
				<misses>7215001</misses>
				<total>9</total>
				<timestamp>2738.958485</timestamp>
			</report>
			<report>
				<misses>7216001</misses>
				<total>9</total>
				<timestamp>2739.338095</timestamp>
			</report>
			<report>
				<misses>7217001</misses>
				<total>9</total>
				<timestamp>2739.717711</timestamp>
			</report>
			<report>
				<misses>7218001</misses>
				<total>9</total>
				<timestamp>2740.097387</timestamp>
			</report>
			<report>
				<misses>7219001</misses>
				<total>9</total>
				<timestamp>2740.476964</timestamp>
			</report>
			<report>
				<misses>7220001</misses>
				<total>10</total>
				<timestamp>2740.856619</timestamp>
			</report>
			<report>
				<misses>7221001</misses>
				<total>10</total>
				<timestamp>2741.236225</timestamp>
			</report>
			<report>
				<misses>7222001</misses>
				<total>10</total>
				<timestamp>2741.615836</timestamp>
			</report>
			<report>
				<misses>7223001</misses>
				<total>10</total>
				<timestamp>2741.995446</timestamp>
			</report>
			<report>
				<misses>7224001</misses>
				<total>10</total>
				<timestamp>2742.375071</timestamp>
			</report>
			<report>
				<misses>7225001</misses>
				<total>10</total>
				<timestamp>2742.754809</timestamp>
			</report>
			<report>
				<misses>7226001</misses>
				<total>10</total>
				<timestamp>2743.134323</timestamp>
			</report>
			<report>
				<misses>7227001</misses>
				<total>10</total>
				<timestamp>2743.513942</timestamp>
			</report>
			<report>
				<misses>7228001</misses>
				<total>10</total>
				<timestamp>2743.893571</timestamp>
			</report>
			<report>
				<misses>7229001</misses>
				<total>10</total>
				<timestamp>2744.273208</timestamp>
			</report>
			<report>
				<misses>7230001</misses>
				<total>10</total>
				<timestamp>2744.652776</timestamp>
			</report>
			<report>
				<misses>7231001</misses>
				<total>10</total>
				<timestamp>2745.032427</timestamp>
			</report>
			<report>
				<misses>7232001</misses>
				<total>10</total>
				<timestamp>2745.412036</timestamp>
			</report>
			<report>
				<misses>7233001</misses>
				<total>10</total>
				<timestamp>2745.791690</timestamp>
			</report>
			<report>
				<misses>7234001</misses>
				<total>10</total>
				<timestamp>2746.171295</timestamp>
			</report>
			<report>
				<misses>7235001</misses>
				<total>10</total>
				<timestamp>2746.550912</timestamp>
			</report>
			<report>
				<misses>7236001</misses>
				<total>10</total>
				<timestamp>2746.930512</timestamp>
			</report>
			<report>
				<misses>7237001</misses>
				<total>10</total>
				<timestamp>2747.310119</timestamp>
			</report>
			<report>
				<misses>7238001</misses>
				<total>10</total>
				<timestamp>2747.689753</timestamp>
			</report>
			<report>
				<misses>7239001</misses>
				<total>10</total>
				<timestamp>2748.069384</timestamp>
			</report>
			<report>
				<misses>7240001</misses>
				<total>10</total>
				<timestamp>2748.448977</timestamp>
			</report>
			<report>
				<misses>7241001</misses>
				<total>10</total>
				<timestamp>2748.828631</timestamp>
			</report>
			<report>
				<misses>7242001</misses>
				<total>10</total>
				<timestamp>2749.208598</timestamp>
			</report>
			<report>
				<misses>7243001</misses>
				<total>10</total>
				<timestamp>2749.588233</timestamp>
			</report>
			<report>
				<misses>7244001</misses>
				<total>10</total>
				<timestamp>2749.967862</timestamp>
			</report>
			<report>
				<misses>7245001</misses>
				<total>10</total>
				<timestamp>2750.347477</timestamp>
			</report>
			<report>
				<misses>7246001</misses>
				<total>10</total>
				<timestamp>2750.727098</timestamp>
			</report>
			<report>
				<misses>7247001</misses>
				<total>10</total>
				<timestamp>2751.106692</timestamp>
			</report>
			<report>
				<misses>7248001</misses>
				<total>10</total>
				<timestamp>2751.486354</timestamp>
			</report>
			<report>
				<misses>7249001</misses>
				<total>10</total>
				<timestamp>2751.865944</timestamp>
			</report>
			<report>
				<misses>7250001</misses>
				<total>10</total>
				<timestamp>2752.245622</timestamp>
			</report>
			<report>
				<misses>7251001</misses>
				<total>10</total>
				<timestamp>2752.625186</timestamp>
			</report>
			<report>
				<misses>7252001</misses>
				<total>10</total>
				<timestamp>2753.004819</timestamp>
			</report>
			<report>
				<misses>7253001</misses>
				<total>10</total>
				<timestamp>2753.384435</timestamp>
			</report>
			<report>
				<misses>7254001</misses>
				<total>10</total>
				<timestamp>2753.764061</timestamp>
			</report>
			<report>
				<misses>7255001</misses>
				<total>10</total>
				<timestamp>2754.143747</timestamp>
			</report>
			<report>
				<misses>7256001</misses>
				<total>10</total>
				<timestamp>2754.523284</timestamp>
			</report>
			<report>
				<misses>7257001</misses>
				<total>10</total>
				<timestamp>2754.902903</timestamp>
			</report>
			<report>
				<misses>7258001</misses>
				<total>10</total>
				<timestamp>2755.282557</timestamp>
			</report>
			<report>
				<misses>7259001</misses>
				<total>10</total>
				<timestamp>2755.662149</timestamp>
			</report>
			<report>
				<misses>7260001</misses>
				<total>10</total>
				<timestamp>2756.041763</timestamp>
			</report>
			<report>
				<misses>7261001</misses>
				<total>10</total>
				<timestamp>2756.421384</timestamp>
			</report>
			<report>
				<misses>7262001</misses>
				<total>10</total>
				<timestamp>2756.800991</timestamp>
			</report>
			<report>
				<misses>7263001</misses>
				<total>10</total>
				<timestamp>2757.180639</timestamp>
			</report>
			<report>
				<misses>7264001</misses>
				<total>10</total>
				<timestamp>2757.560255</timestamp>
			</report>
			<report>
				<misses>7265001</misses>
				<total>10</total>
				<timestamp>2757.939866</timestamp>
			</report>
			<report>
				<misses>7266001</misses>
				<total>10</total>
				<timestamp>2758.319547</timestamp>
			</report>
			<report>
				<misses>7267001</misses>
				<total>10</total>
				<timestamp>2758.699096</timestamp>
			</report>
			<report>
				<misses>7268001</misses>
				<total>10</total>
				<timestamp>2759.078705</timestamp>
			</report>
			<report>
				<misses>7269001</misses>
				<total>10</total>
				<timestamp>2759.458349</timestamp>
			</report>
			<report>
				<misses>7270001</misses>
				<total>10</total>
				<timestamp>2759.837950</timestamp>
			</report>
			<report>
				<misses>7271001</misses>
				<total>10</total>
				<timestamp>2760.217614</timestamp>
			</report>
			<report>
				<misses>7272001</misses>
				<total>10</total>
				<timestamp>2760.597208</timestamp>
			</report>
			<report>
				<misses>7273001</misses>
				<total>10</total>
				<timestamp>2760.976840</timestamp>
			</report>
			<report>
				<misses>7274001</misses>
				<total>10</total>
				<timestamp>2761.356478</timestamp>
			</report>
			<report>
				<misses>7275001</misses>
				<total>10</total>
				<timestamp>2761.736093</timestamp>
			</report>
			<report>
				<misses>7276001</misses>
				<total>10</total>
				<timestamp>2762.115668</timestamp>
			</report>
			<report>
				<misses>7277001</misses>
				<total>10</total>
				<timestamp>2762.495296</timestamp>
			</report>
			<report>
				<misses>7278001</misses>
				<total>10</total>
				<timestamp>2762.874935</timestamp>
			</report>
			<report>
				<misses>7279001</misses>
				<total>10</total>
				<timestamp>2763.254567</timestamp>
			</report>
			<report>
				<misses>7280001</misses>
				<total>10</total>
				<timestamp>2763.634160</timestamp>
			</report>
			<report>
				<misses>7281001</misses>
				<total>10</total>
				<timestamp>2764.013785</timestamp>
			</report>
			<report>
				<misses>7282001</misses>
				<total>10</total>
				<timestamp>2764.393407</timestamp>
			</report>
			<report>
				<misses>7283001</misses>
				<total>10</total>
				<timestamp>2764.773017</timestamp>
			</report>
			<report>
				<misses>7284001</misses>
				<total>10</total>
				<timestamp>2765.152660</timestamp>
			</report>
			<report>
				<misses>7285001</misses>
				<total>10</total>
				<timestamp>2765.532262</timestamp>
			</report>
			<report>
				<misses>7286001</misses>
				<total>10</total>
				<timestamp>2765.911882</timestamp>
			</report>
			<report>
				<misses>7287001</misses>
				<total>10</total>
				<timestamp>2766.291494</timestamp>
			</report>
			<report>
				<misses>7288001</misses>
				<total>10</total>
				<timestamp>2766.671132</timestamp>
			</report>
			<report>
				<misses>7289001</misses>
				<total>10</total>
				<timestamp>2767.050749</timestamp>
			</report>
			<report>
				<misses>7290001</misses>
				<total>10</total>
				<timestamp>2767.430425</timestamp>
			</report>
			<report>
				<misses>7291001</misses>
				<total>10</total>
				<timestamp>2767.809979</timestamp>
			</report>
			<report>
				<misses>7292001</misses>
				<total>10</total>
				<timestamp>2768.189671</timestamp>
			</report>
			<report>
				<misses>7293001</misses>
				<total>10</total>
				<timestamp>2768.569231</timestamp>
			</report>
			<report>
				<misses>7294001</misses>
				<total>10</total>
				<timestamp>2768.948841</timestamp>
			</report>
			<report>
				<misses>7295001</misses>
				<total>10</total>
				<timestamp>2769.328477</timestamp>
			</report>
			<report>
				<misses>7296001</misses>
				<total>10</total>
				<timestamp>2769.708110</timestamp>
			</report>
			<report>
				<misses>7297001</misses>
				<total>10</total>
				<timestamp>2770.087708</timestamp>
			</report>
			<report>
				<misses>7298001</misses>
				<total>10</total>
				<timestamp>2770.467348</timestamp>
			</report>
			<report>
				<misses>7299001</misses>
				<total>10</total>
				<timestamp>2770.846925</timestamp>
			</report>
			<report>
				<misses>7300001</misses>
				<total>10</total>
				<timestamp>2771.226566</timestamp>
			</report>
			<report>
				<misses>7301001</misses>
				<total>10</total>
				<timestamp>2771.606204</timestamp>
			</report>
			<report>
				<misses>7302001</misses>
				<total>10</total>
				<timestamp>2771.985822</timestamp>
			</report>
			<report>
				<misses>7303001</misses>
				<total>10</total>
				<timestamp>2772.365466</timestamp>
			</report>
			<report>
				<misses>7304001</misses>
				<total>10</total>
				<timestamp>2772.745095</timestamp>
			</report>
			<report>
				<misses>7305001</misses>
				<total>10</total>
				<timestamp>2773.124655</timestamp>
			</report>
			<report>
				<misses>7306001</misses>
				<total>10</total>
				<timestamp>2773.504305</timestamp>
			</report>
			<report>
				<misses>7307001</misses>
				<total>10</total>
				<timestamp>2773.883914</timestamp>
			</report>
			<report>
				<misses>7308001</misses>
				<total>10</total>
				<timestamp>2774.263570</timestamp>
			</report>
			<report>
				<misses>7309001</misses>
				<total>10</total>
				<timestamp>2774.643178</timestamp>
			</report>
			<report>
				<misses>7310001</misses>
				<total>10</total>
				<timestamp>2775.022762</timestamp>
			</report>
			<report>
				<misses>7311001</misses>
				<total>10</total>
				<timestamp>2775.402443</timestamp>
			</report>
			<report>
				<misses>7312001</misses>
				<total>10</total>
				<timestamp>2775.782004</timestamp>
			</report>
			<report>
				<misses>7313001</misses>
				<total>10</total>
				<timestamp>2776.161617</timestamp>
			</report>
			<report>
				<misses>7314001</misses>
				<total>10</total>
				<timestamp>2776.541237</timestamp>
			</report>
			<report>
				<misses>7315001</misses>
				<total>10</total>
				<timestamp>2776.920899</timestamp>
			</report>
			<report>
				<misses>7316001</misses>
				<total>10</total>
				<timestamp>2777.300518</timestamp>
			</report>
			<report>
				<misses>7317001</misses>
				<total>10</total>
				<timestamp>2777.680097</timestamp>
			</report>
			<report>
				<misses>7318001</misses>
				<total>10</total>
				<timestamp>2778.059713</timestamp>
			</report>
			<report>
				<misses>7319001</misses>
				<total>10</total>
				<timestamp>2778.439349</timestamp>
			</report>
			<report>
				<misses>7320001</misses>
				<total>10</total>
				<timestamp>2778.818968</timestamp>
			</report>
			<report>
				<misses>7321001</misses>
				<total>10</total>
				<timestamp>2779.198593</timestamp>
			</report>
			<report>
				<misses>7322001</misses>
				<total>10</total>
				<timestamp>2779.578217</timestamp>
			</report>
			<report>
				<misses>7323001</misses>
				<total>10</total>
				<timestamp>2779.957822</timestamp>
			</report>
			<report>
				<misses>7324001</misses>
				<total>10</total>
				<timestamp>2780.337481</timestamp>
			</report>
			<report>
				<misses>7325001</misses>
				<total>10</total>
				<timestamp>2780.717060</timestamp>
			</report>
			<report>
				<misses>7326001</misses>
				<total>10</total>
				<timestamp>2781.096692</timestamp>
			</report>
			<report>
				<misses>7327001</misses>
				<total>10</total>
				<timestamp>2781.476311</timestamp>
			</report>
			<report>
				<misses>7328001</misses>
				<total>10</total>
				<timestamp>2781.855906</timestamp>
			</report>
			<report>
				<misses>7329001</misses>
				<total>10</total>
				<timestamp>2782.235560</timestamp>
			</report>
			<report>
				<misses>7330001</misses>
				<total>10</total>
				<timestamp>2782.615175</timestamp>
			</report>
			<report>
				<misses>7331001</misses>
				<total>10</total>
				<timestamp>2782.994807</timestamp>
			</report>
			<report>
				<misses>7332001</misses>
				<total>10</total>
				<timestamp>2783.374394</timestamp>
			</report>
			<report>
				<misses>7333001</misses>
				<total>10</total>
				<timestamp>2783.754078</timestamp>
			</report>
			<report>
				<misses>7334001</misses>
				<total>10</total>
				<timestamp>2784.133649</timestamp>
			</report>
			<report>
				<misses>7335001</misses>
				<total>10</total>
				<timestamp>2784.513315</timestamp>
			</report>
			<report>
				<misses>7336001</misses>
				<total>10</total>
				<timestamp>2784.892891</timestamp>
			</report>
			<report>
				<misses>7337001</misses>
				<total>10</total>
				<timestamp>2785.272507</timestamp>
			</report>
			<report>
				<misses>7338001</misses>
				<total>10</total>
				<timestamp>2785.652131</timestamp>
			</report>
			<report>
				<misses>7339001</misses>
				<total>10</total>
				<timestamp>2786.031747</timestamp>
			</report>
			<report>
				<misses>7340001</misses>
				<total>10</total>
				<timestamp>2786.411384</timestamp>
			</report>
			<report>
				<misses>7341001</misses>
				<total>10</total>
				<timestamp>2786.790995</timestamp>
			</report>
			<report>
				<misses>7342001</misses>
				<total>10</total>
				<timestamp>2787.170642</timestamp>
			</report>
			<report>
				<misses>7343001</misses>
				<total>10</total>
				<timestamp>2787.550278</timestamp>
			</report>
			<report>
				<misses>7344001</misses>
				<total>10</total>
				<timestamp>2787.929886</timestamp>
			</report>
			<report>
				<misses>7345001</misses>
				<total>10</total>
				<timestamp>2788.309486</timestamp>
			</report>
			<report>
				<misses>7346001</misses>
				<total>10</total>
				<timestamp>2788.689111</timestamp>
			</report>
			<report>
				<misses>7347001</misses>
				<total>10</total>
				<timestamp>2789.068693</timestamp>
			</report>
			<report>
				<misses>7348001</misses>
				<total>10</total>
				<timestamp>2789.448353</timestamp>
			</report>
			<report>
				<misses>7349001</misses>
				<total>10</total>
				<timestamp>2789.827957</timestamp>
			</report>
			<report>
				<misses>7350001</misses>
				<total>10</total>
				<timestamp>2790.207578</timestamp>
			</report>
			<report>
				<misses>7351001</misses>
				<total>10</total>
				<timestamp>2790.587193</timestamp>
			</report>
			<report>
				<misses>7352001</misses>
				<total>10</total>
				<timestamp>2790.966796</timestamp>
			</report>
			<report>
				<misses>7353001</misses>
				<total>10</total>
				<timestamp>2791.346465</timestamp>
			</report>
			<report>
				<misses>7354001</misses>
				<total>10</total>
				<timestamp>2791.726053</timestamp>
			</report>
			<report>
				<misses>7355001</misses>
				<total>10</total>
				<timestamp>2792.105654</timestamp>
			</report>
			<report>
				<misses>7356001</misses>
				<total>10</total>
				<timestamp>2792.485367</timestamp>
			</report>
			<report>
				<misses>7357001</misses>
				<total>10</total>
				<timestamp>2792.864896</timestamp>
			</report>
			<report>
				<misses>7358001</misses>
				<total>10</total>
				<timestamp>2793.244529</timestamp>
			</report>
			<report>
				<misses>7359001</misses>
				<total>10</total>
				<timestamp>2793.624143</timestamp>
			</report>
			<report>
				<misses>7360001</misses>
				<total>10</total>
				<timestamp>2794.003772</timestamp>
			</report>
			<report>
				<misses>7361001</misses>
				<total>10</total>
				<timestamp>2794.383406</timestamp>
			</report>
			<report>
				<misses>7362001</misses>
				<total>10</total>
				<timestamp>2794.762999</timestamp>
			</report>
			<report>
				<misses>7363001</misses>
				<total>10</total>
				<timestamp>2795.142662</timestamp>
			</report>
			<report>
				<misses>7364001</misses>
				<total>10</total>
				<timestamp>2795.522277</timestamp>
			</report>
			<report>
				<misses>7365001</misses>
				<total>10</total>
				<timestamp>2795.901910</timestamp>
			</report>
			<report>
				<misses>7366001</misses>
				<total>10</total>
				<timestamp>2796.281501</timestamp>
			</report>
			<report>
				<misses>7367001</misses>
				<total>10</total>
				<timestamp>2796.661104</timestamp>
			</report>
			<report>
				<misses>7368001</misses>
				<total>10</total>
				<timestamp>2797.040728</timestamp>
			</report>
			<report>
				<misses>7369001</misses>
				<total>10</total>
				<timestamp>2797.420371</timestamp>
			</report>
			<report>
				<misses>7370001</misses>
				<total>10</total>
				<timestamp>2797.799967</timestamp>
			</report>
			<report>
				<misses>7371001</misses>
				<total>10</total>
				<timestamp>2798.179588</timestamp>
			</report>
			<report>
				<misses>7372001</misses>
				<total>10</total>
				<timestamp>2798.559224</timestamp>
			</report>
			<report>
				<misses>7373001</misses>
				<total>10</total>
				<timestamp>2798.938821</timestamp>
			</report>
			<report>
				<misses>7374001</misses>
				<total>10</total>
				<timestamp>2799.318451</timestamp>
			</report>
			<report>
				<misses>7375001</misses>
				<total>10</total>
				<timestamp>2799.698095</timestamp>
			</report>
			<report>
				<misses>7376001</misses>
				<total>10</total>
				<timestamp>2800.077675</timestamp>
			</report>
			<report>
				<misses>7377001</misses>
				<total>10</total>
				<timestamp>2800.457370</timestamp>
			</report>
			<report>
				<misses>7378001</misses>
				<total>10</total>
				<timestamp>2800.836958</timestamp>
			</report>
			<report>
				<misses>7379001</misses>
				<total>10</total>
				<timestamp>2801.216556</timestamp>
			</report>
			<report>
				<misses>7380001</misses>
				<total>10</total>
				<timestamp>2801.596220</timestamp>
			</report>
			<report>
				<misses>7381001</misses>
				<total>10</total>
				<timestamp>2801.975801</timestamp>
			</report>
			<report>
				<misses>7382001</misses>
				<total>10</total>
				<timestamp>2802.355407</timestamp>
			</report>
			<report>
				<misses>7383001</misses>
				<total>10</total>
				<timestamp>2802.735032</timestamp>
			</report>
			<report>
				<misses>7384001</misses>
				<total>10</total>
				<timestamp>2803.114648</timestamp>
			</report>
			<report>
				<misses>7385001</misses>
				<total>10</total>
				<timestamp>2803.494261</timestamp>
			</report>
			<report>
				<misses>7386001</misses>
				<total>10</total>
				<timestamp>2803.873920</timestamp>
			</report>
			<report>
				<misses>7387001</misses>
				<total>10</total>
				<timestamp>2804.253495</timestamp>
			</report>
			<report>
				<misses>7388001</misses>
				<total>10</total>
				<timestamp>2804.633126</timestamp>
			</report>
			<report>
				<misses>7389001</misses>
				<total>10</total>
				<timestamp>2805.012741</timestamp>
			</report>
			<report>
				<misses>7390001</misses>
				<total>10</total>
				<timestamp>2805.392388</timestamp>
			</report>
			<report>
				<misses>7391001</misses>
				<total>10</total>
				<timestamp>2805.771975</timestamp>
			</report>
			<report>
				<misses>7392001</misses>
				<total>10</total>
				<timestamp>2806.151608</timestamp>
			</report>
			<report>
				<misses>7393001</misses>
				<total>10</total>
				<timestamp>2806.531257</timestamp>
			</report>
			<report>
				<misses>7394001</misses>
				<total>10</total>
				<timestamp>2806.910863</timestamp>
			</report>
			<report>
				<misses>7395001</misses>
				<total>10</total>
				<timestamp>2807.290519</timestamp>
			</report>
			<report>
				<misses>7396001</misses>
				<total>10</total>
				<timestamp>2807.670103</timestamp>
			</report>
			<report>
				<misses>7397001</misses>
				<total>10</total>
				<timestamp>2808.049706</timestamp>
			</report>
			<report>
				<misses>7398001</misses>
				<total>10</total>
				<timestamp>2808.429373</timestamp>
			</report>
			<report>
				<misses>7399001</misses>
				<total>10</total>
				<timestamp>2808.808963</timestamp>
			</report>
			<report>
				<misses>7400001</misses>
				<total>10</total>
				<timestamp>2809.188593</timestamp>
			</report>
			<report>
				<misses>7401001</misses>
				<total>10</total>
				<timestamp>2809.568219</timestamp>
			</report>
			<report>
				<misses>7402001</misses>
				<total>10</total>
				<timestamp>2809.947795</timestamp>
			</report>
			<report>
				<misses>7403001</misses>
				<total>10</total>
				<timestamp>2810.327410</timestamp>
			</report>
			<report>
				<misses>7404001</misses>
				<total>10</total>
				<timestamp>2810.707078</timestamp>
			</report>
			<report>
				<misses>7405001</misses>
				<total>10</total>
				<timestamp>2811.086675</timestamp>
			</report>
			<report>
				<misses>7406001</misses>
				<total>10</total>
				<timestamp>2811.466328</timestamp>
			</report>
			<report>
				<misses>7407001</misses>
				<total>10</total>
				<timestamp>2811.845919</timestamp>
			</report>
			<report>
				<misses>7408001</misses>
				<total>10</total>
				<timestamp>2812.225543</timestamp>
			</report>
			<report>
				<misses>7409001</misses>
				<total>10</total>
				<timestamp>2812.605167</timestamp>
			</report>
			<report>
				<misses>7410001</misses>
				<total>10</total>
				<timestamp>2812.984776</timestamp>
			</report>
			<report>
				<misses>7411001</misses>
				<total>10</total>
				<timestamp>2813.364411</timestamp>
			</report>
			<report>
				<misses>7412001</misses>
				<total>10</total>
				<timestamp>2813.744032</timestamp>
			</report>
			<report>
				<misses>7413001</misses>
				<total>10</total>
				<timestamp>2814.123611</timestamp>
			</report>
			<report>
				<misses>7414001</misses>
				<total>10</total>
				<timestamp>2814.503296</timestamp>
			</report>
			<report>
				<misses>7415001</misses>
				<total>10</total>
				<timestamp>2814.882890</timestamp>
			</report>
			<report>
				<misses>7416001</misses>
				<total>10</total>
				<timestamp>2815.262495</timestamp>
			</report>
			<report>
				<misses>7417001</misses>
				<total>10</total>
				<timestamp>2815.642187</timestamp>
			</report>
			<report>
				<misses>7418001</misses>
				<total>10</total>
				<timestamp>2816.021729</timestamp>
			</report>
			<report>
				<misses>7419001</misses>
				<total>10</total>
				<timestamp>2816.401342</timestamp>
			</report>
			<report>
				<misses>7420001</misses>
				<total>10</total>
				<timestamp>2816.780961</timestamp>
			</report>
			<report>
				<misses>7421001</misses>
				<total>10</total>
				<timestamp>2817.160592</timestamp>
			</report>
			<report>
				<misses>7422001</misses>
				<total>10</total>
				<timestamp>2817.540272</timestamp>
			</report>
			<report>
				<misses>7423001</misses>
				<total>10</total>
				<timestamp>2817.919811</timestamp>
			</report>
			<report>
				<misses>7424001</misses>
				<total>10</total>
				<timestamp>2818.299441</timestamp>
			</report>
			<report>
				<misses>7425001</misses>
				<total>10</total>
				<timestamp>2818.679072</timestamp>
			</report>
			<report>
				<misses>7426001</misses>
				<total>10</total>
				<timestamp>2819.058689</timestamp>
			</report>
			<report>
				<misses>7427001</misses>
				<total>10</total>
				<timestamp>2819.438301</timestamp>
			</report>
			<report>
				<misses>7428001</misses>
				<total>10</total>
				<timestamp>2819.817914</timestamp>
			</report>
			<report>
				<misses>7429001</misses>
				<total>10</total>
				<timestamp>2820.197550</timestamp>
			</report>
			<report>
				<misses>7430001</misses>
				<total>10</total>
				<timestamp>2820.577186</timestamp>
			</report>
			<report>
				<misses>7431001</misses>
				<total>10</total>
				<timestamp>2820.956784</timestamp>
			</report>
			<report>
				<misses>7432001</misses>
				<total>10</total>
				<timestamp>2821.336405</timestamp>
			</report>
			<report>
				<misses>7433001</misses>
				<total>10</total>
				<timestamp>2821.716018</timestamp>
			</report>
			<report>
				<misses>7434001</misses>
				<total>10</total>
				<timestamp>2822.095626</timestamp>
			</report>
			<report>
				<misses>7435001</misses>
				<total>10</total>
				<timestamp>2822.475281</timestamp>
			</report>
			<report>
				<misses>7436001</misses>
				<total>10</total>
				<timestamp>2822.854920</timestamp>
			</report>
			<report>
				<misses>7437001</misses>
				<total>10</total>
				<timestamp>2823.234512</timestamp>
			</report>
			<report>
				<misses>7438001</misses>
				<total>10</total>
				<timestamp>2823.614158</timestamp>
			</report>
			<report>
				<misses>7439001</misses>
				<total>10</total>
				<timestamp>2823.993732</timestamp>
			</report>
			<report>
				<misses>7440001</misses>
				<total>10</total>
				<timestamp>2824.373359</timestamp>
			</report>
			<report>
				<misses>7441001</misses>
				<total>10</total>
				<timestamp>2824.752974</timestamp>
			</report>
			<report>
				<misses>7442001</misses>
				<total>10</total>
				<timestamp>2825.132615</timestamp>
			</report>
			<report>
				<misses>7443001</misses>
				<total>10</total>
				<timestamp>2825.512292</timestamp>
			</report>
			<report>
				<misses>7444001</misses>
				<total>10</total>
				<timestamp>2825.891897</timestamp>
			</report>
			<report>
				<misses>7445001</misses>
				<total>10</total>
				<timestamp>2826.271461</timestamp>
			</report>
			<report>
				<misses>7446001</misses>
				<total>10</total>
				<timestamp>2826.651127</timestamp>
			</report>
			<report>
				<misses>7447001</misses>
				<total>10</total>
				<timestamp>2827.030713</timestamp>
			</report>
			<report>
				<misses>7448001</misses>
				<total>10</total>
				<timestamp>2827.410328</timestamp>
			</report>
			<report>
				<misses>7449001</misses>
				<total>10</total>
				<timestamp>2827.789929</timestamp>
			</report>
			<report>
				<misses>7450001</misses>
				<total>10</total>
				<timestamp>2828.169548</timestamp>
			</report>
			<report>
				<misses>7451001</misses>
				<total>10</total>
				<timestamp>2828.549275</timestamp>
			</report>
			<report>
				<misses>7452001</misses>
				<total>10</total>
				<timestamp>2828.928849</timestamp>
			</report>
			<report>
				<misses>7453001</misses>
				<total>10</total>
				<timestamp>2829.308428</timestamp>
			</report>
			<report>
				<misses>7454001</misses>
				<total>10</total>
				<timestamp>2829.688072</timestamp>
			</report>
			<report>
				<misses>7455001</misses>
				<total>10</total>
				<timestamp>2830.067666</timestamp>
			</report>
			<report>
				<misses>7456001</misses>
				<total>10</total>
				<timestamp>2830.447306</timestamp>
			</report>
			<report>
				<misses>7457001</misses>
				<total>10</total>
				<timestamp>2830.826911</timestamp>
			</report>
			<report>
				<misses>7458001</misses>
				<total>10</total>
				<timestamp>2831.206547</timestamp>
			</report>
			<report>
				<misses>7459001</misses>
				<total>10</total>
				<timestamp>2831.586251</timestamp>
			</report>
			<report>
				<misses>7460001</misses>
				<total>10</total>
				<timestamp>2831.965756</timestamp>
			</report>
			<report>
				<misses>7461001</misses>
				<total>10</total>
				<timestamp>2832.345384</timestamp>
			</report>
			<report>
				<misses>7462001</misses>
				<total>10</total>
				<timestamp>2832.725049</timestamp>
			</report>
			<report>
				<misses>7463001</misses>
				<total>10</total>
				<timestamp>2833.104616</timestamp>
			</report>
			<report>
				<misses>7464001</misses>
				<total>10</total>
				<timestamp>2833.484276</timestamp>
			</report>
			<report>
				<misses>7465001</misses>
				<total>10</total>
				<timestamp>2833.863898</timestamp>
			</report>
			<report>
				<misses>7466001</misses>
				<total>10</total>
				<timestamp>2834.243482</timestamp>
			</report>
			<report>
				<misses>7467001</misses>
				<total>10</total>
				<timestamp>2834.623163</timestamp>
			</report>
			<report>
				<misses>7468001</misses>
				<total>10</total>
				<timestamp>2835.002764</timestamp>
			</report>
			<report>
				<misses>7469001</misses>
				<total>10</total>
				<timestamp>2835.382330</timestamp>
			</report>
			<report>
				<misses>7470001</misses>
				<total>10</total>
				<timestamp>2835.762090</timestamp>
			</report>
			<report>
				<misses>7471001</misses>
				<total>10</total>
				<timestamp>2836.141590</timestamp>
			</report>
			<report>
				<misses>7472001</misses>
				<total>10</total>
				<timestamp>2836.521246</timestamp>
			</report>
			<report>
				<misses>7473001</misses>
				<total>10</total>
				<timestamp>2836.900809</timestamp>
			</report>
			<report>
				<misses>7474001</misses>
				<total>10</total>
				<timestamp>2837.280439</timestamp>
			</report>
			<report>
				<misses>7475001</misses>
				<total>10</total>
				<timestamp>2837.660101</timestamp>
			</report>
			<report>
				<misses>7476001</misses>
				<total>10</total>
				<timestamp>2838.039689</timestamp>
			</report>
			<report>
				<misses>7477001</misses>
				<total>10</total>
				<timestamp>2838.419323</timestamp>
			</report>
			<report>
				<misses>7478001</misses>
				<total>10</total>
				<timestamp>2838.798928</timestamp>
			</report>
			<report>
				<misses>7479001</misses>
				<total>10</total>
				<timestamp>2839.178556</timestamp>
			</report>
			<report>
				<misses>7480001</misses>
				<total>10</total>
				<timestamp>2839.558175</timestamp>
			</report>
			<report>
				<misses>7481001</misses>
				<total>10</total>
				<timestamp>2839.937778</timestamp>
			</report>
			<report>
				<misses>7482001</misses>
				<total>10</total>
				<timestamp>2840.317404</timestamp>
			</report>
			<report>
				<misses>7483001</misses>
				<total>10</total>
				<timestamp>2840.697030</timestamp>
			</report>
			<report>
				<misses>7484001</misses>
				<total>10</total>
				<timestamp>2841.076642</timestamp>
			</report>
			<report>
				<misses>7485001</misses>
				<total>10</total>
				<timestamp>2841.456300</timestamp>
			</report>
			<report>
				<misses>7486001</misses>
				<total>10</total>
				<timestamp>2841.835884</timestamp>
			</report>
			<report>
				<misses>7487001</misses>
				<total>10</total>
				<timestamp>2842.215498</timestamp>
			</report>
			<report>
				<misses>7488001</misses>
				<total>10</total>
				<timestamp>2842.595149</timestamp>
			</report>
			<report>
				<misses>7489001</misses>
				<total>10</total>
				<timestamp>2842.974811</timestamp>
			</report>
			<report>
				<misses>7490001</misses>
				<total>10</total>
				<timestamp>2843.354368</timestamp>
			</report>
			<report>
				<misses>7491001</misses>
				<total>10</total>
				<timestamp>2843.733990</timestamp>
			</report>
			<report>
				<misses>7492001</misses>
				<total>10</total>
				<timestamp>2844.113623</timestamp>
			</report>
			<report>
				<misses>7493001</misses>
				<total>10</total>
				<timestamp>2844.493246</timestamp>
			</report>
			<report>
				<misses>7494001</misses>
				<total>10</total>
				<timestamp>2844.872853</timestamp>
			</report>
			<report>
				<misses>7495001</misses>
				<total>10</total>
				<timestamp>2845.252465</timestamp>
			</report>
			<report>
				<misses>7496001</misses>
				<total>10</total>
				<timestamp>2845.632131</timestamp>
			</report>
			<report>
				<misses>7497001</misses>
				<total>10</total>
				<timestamp>2846.011711</timestamp>
			</report>
			<report>
				<misses>7498001</misses>
				<total>10</total>
				<timestamp>2846.391333</timestamp>
			</report>
			<report>
				<misses>7499001</misses>
				<total>10</total>
				<timestamp>2846.770975</timestamp>
			</report>
			<report>
				<misses>7500001</misses>
				<total>10</total>
				<timestamp>2847.150553</timestamp>
			</report>
			<report>
				<misses>7501001</misses>
				<total>10</total>
				<timestamp>2847.530206</timestamp>
			</report>
			<report>
				<misses>7502001</misses>
				<total>10</total>
				<timestamp>2847.909807</timestamp>
			</report>
			<report>
				<misses>7503001</misses>
				<total>10</total>
				<timestamp>2848.289444</timestamp>
			</report>
			<report>
				<misses>7504001</misses>
				<total>10</total>
				<timestamp>2848.669036</timestamp>
			</report>
			<report>
				<misses>7505001</misses>
				<total>10</total>
				<timestamp>2849.048665</timestamp>
			</report>
			<report>
				<misses>7506001</misses>
				<total>10</total>
				<timestamp>2849.428304</timestamp>
			</report>
			<report>
				<misses>7507001</misses>
				<total>10</total>
				<timestamp>2849.807952</timestamp>
			</report>
			<report>
				<misses>7508001</misses>
				<total>10</total>
				<timestamp>2850.187513</timestamp>
			</report>
			<report>
				<misses>7509001</misses>
				<total>10</total>
				<timestamp>2850.567145</timestamp>
			</report>
			<report>
				<misses>7510001</misses>
				<total>10</total>
				<timestamp>2850.946777</timestamp>
			</report>
			<report>
				<misses>7511001</misses>
				<total>10</total>
				<timestamp>2851.326378</timestamp>
			</report>
			<report>
				<misses>7512001</misses>
				<total>10</total>
				<timestamp>2851.706019</timestamp>
			</report>
			<report>
				<misses>7513001</misses>
				<total>10</total>
				<timestamp>2852.085649</timestamp>
			</report>
			<report>
				<misses>7514001</misses>
				<total>10</total>
				<timestamp>2852.465252</timestamp>
			</report>
			<report>
				<misses>7515001</misses>
				<total>10</total>
				<timestamp>2852.844983</timestamp>
			</report>
			<report>
				<misses>7516001</misses>
				<total>10</total>
				<timestamp>2853.224504</timestamp>
			</report>
			<report>
				<misses>7517001</misses>
				<total>10</total>
				<timestamp>2853.604110</timestamp>
			</report>
			<report>
				<misses>7518001</misses>
				<total>10</total>
				<timestamp>2853.983734</timestamp>
			</report>
			<report>
				<misses>7519001</misses>
				<total>10</total>
				<timestamp>2854.363375</timestamp>
			</report>
			<report>
				<misses>7520001</misses>
				<total>10</total>
				<timestamp>2854.742961</timestamp>
			</report>
			<report>
				<misses>7521001</misses>
				<total>10</total>
				<timestamp>2855.122571</timestamp>
			</report>
			<report>
				<misses>7522001</misses>
				<total>10</total>
				<timestamp>2855.502220</timestamp>
			</report>
			<report>
				<misses>7523001</misses>
				<total>10</total>
				<timestamp>2855.881942</timestamp>
			</report>
			<report>
				<misses>7524001</misses>
				<total>10</total>
				<timestamp>2856.261448</timestamp>
			</report>
			<report>
				<misses>7525001</misses>
				<total>10</total>
				<timestamp>2856.641062</timestamp>
			</report>
			<report>
				<misses>7526001</misses>
				<total>10</total>
				<timestamp>2857.020713</timestamp>
			</report>
			<report>
				<misses>7527001</misses>
				<total>10</total>
				<timestamp>2857.400290</timestamp>
			</report>
			<report>
				<misses>7528001</misses>
				<total>10</total>
				<timestamp>2857.779933</timestamp>
			</report>
			<report>
				<misses>7529001</misses>
				<total>10</total>
				<timestamp>2858.159541</timestamp>
			</report>
			<report>
				<misses>7530001</misses>
				<total>10</total>
				<timestamp>2858.539220</timestamp>
			</report>
			<report>
				<misses>7531001</misses>
				<total>10</total>
				<timestamp>2858.918808</timestamp>
			</report>
			<report>
				<misses>7532001</misses>
				<total>10</total>
				<timestamp>2859.298412</timestamp>
			</report>
			<report>
				<misses>7533001</misses>
				<total>10</total>
				<timestamp>2859.678069</timestamp>
			</report>
			<report>
				<misses>7534001</misses>
				<total>10</total>
				<timestamp>2860.057669</timestamp>
			</report>
			<report>
				<misses>7535001</misses>
				<total>10</total>
				<timestamp>2860.437269</timestamp>
			</report>
			<report>
				<misses>7536001</misses>
				<total>10</total>
				<timestamp>2860.816892</timestamp>
			</report>
			<report>
				<misses>7537001</misses>
				<total>10</total>
				<timestamp>2861.196514</timestamp>
			</report>
			<report>
				<misses>7538001</misses>
				<total>10</total>
				<timestamp>2861.576172</timestamp>
			</report>
			<report>
				<misses>7539001</misses>
				<total>10</total>
				<timestamp>2861.955761</timestamp>
			</report>
			<report>
				<misses>7540001</misses>
				<total>10</total>
				<timestamp>2862.335390</timestamp>
			</report>
			<report>
				<misses>7541001</misses>
				<total>10</total>
				<timestamp>2862.714991</timestamp>
			</report>
			<report>
				<misses>7542001</misses>
				<total>10</total>
				<timestamp>2863.094603</timestamp>
			</report>
			<report>
				<misses>7543001</misses>
				<total>10</total>
				<timestamp>2863.474252</timestamp>
			</report>
			<report>
				<misses>7544001</misses>
				<total>10</total>
				<timestamp>2863.853845</timestamp>
			</report>
			<report>
				<misses>7545001</misses>
				<total>10</total>
				<timestamp>2864.233490</timestamp>
			</report>
			<report>
				<misses>7546001</misses>
				<total>10</total>
				<timestamp>2864.613095</timestamp>
			</report>
			<report>
				<misses>7547001</misses>
				<total>10</total>
				<timestamp>2864.992707</timestamp>
			</report>
			<report>
				<misses>7548001</misses>
				<total>10</total>
				<timestamp>2865.372347</timestamp>
			</report>
			<report>
				<misses>7549001</misses>
				<total>10</total>
				<timestamp>2865.751971</timestamp>
			</report>
			<report>
				<misses>7550001</misses>
				<total>10</total>
				<timestamp>2866.131562</timestamp>
			</report>
			<report>
				<misses>7551001</misses>
				<total>10</total>
				<timestamp>2866.511194</timestamp>
			</report>
			<report>
				<misses>7552001</misses>
				<total>10</total>
				<timestamp>2866.890834</timestamp>
			</report>
			<report>
				<misses>7553001</misses>
				<total>10</total>
				<timestamp>2867.270413</timestamp>
			</report>
			<report>
				<misses>7554001</misses>
				<total>10</total>
				<timestamp>2867.650032</timestamp>
			</report>
			<report>
				<misses>7555001</misses>
				<total>10</total>
				<timestamp>2868.029668</timestamp>
			</report>
			<report>
				<misses>7556001</misses>
				<total>10</total>
				<timestamp>2868.409272</timestamp>
			</report>
			<report>
				<misses>7557001</misses>
				<total>10</total>
				<timestamp>2868.788913</timestamp>
			</report>
			<report>
				<misses>7558001</misses>
				<total>10</total>
				<timestamp>2869.168529</timestamp>
			</report>
			<report>
				<misses>7559001</misses>
				<total>10</total>
				<timestamp>2869.548145</timestamp>
			</report>
			<report>
				<misses>7560001</misses>
				<total>10</total>
				<timestamp>2869.927842</timestamp>
			</report>
			<report>
				<misses>7561001</misses>
				<total>10</total>
				<timestamp>2870.307424</timestamp>
			</report>
			<report>
				<misses>7562001</misses>
				<total>10</total>
				<timestamp>2870.687018</timestamp>
			</report>
			<report>
				<misses>7563001</misses>
				<total>10</total>
				<timestamp>2871.066659</timestamp>
			</report>
			<report>
				<misses>7564001</misses>
				<total>10</total>
				<timestamp>2871.446263</timestamp>
			</report>
			<report>
				<misses>7565001</misses>
				<total>10</total>
				<timestamp>2871.825900</timestamp>
			</report>
			<report>
				<misses>7566001</misses>
				<total>10</total>
				<timestamp>2872.205494</timestamp>
			</report>
			<report>
				<misses>7567001</misses>
				<total>10</total>
				<timestamp>2872.585101</timestamp>
			</report>
			<report>
				<misses>7568001</misses>
				<total>10</total>
				<timestamp>2872.964783</timestamp>
			</report>
			<report>
				<misses>7569001</misses>
				<total>10</total>
				<timestamp>2873.344344</timestamp>
			</report>
			<report>
				<misses>7570001</misses>
				<total>10</total>
				<timestamp>2873.723965</timestamp>
			</report>
			<report>
				<misses>7571001</misses>
				<total>10</total>
				<timestamp>2874.103596</timestamp>
			</report>
			<report>
				<misses>7572001</misses>
				<total>10</total>
				<timestamp>2874.483214</timestamp>
			</report>
			<report>
				<misses>7573001</misses>
				<total>10</total>
				<timestamp>2874.862857</timestamp>
			</report>
			<report>
				<misses>7574001</misses>
				<total>10</total>
				<timestamp>2875.242438</timestamp>
			</report>
			<report>
				<misses>7575001</misses>
				<total>10</total>
				<timestamp>2875.622064</timestamp>
			</report>
			<report>
				<misses>7576001</misses>
				<total>10</total>
				<timestamp>2876.001671</timestamp>
			</report>
			<report>
				<misses>7577001</misses>
				<total>10</total>
				<timestamp>2876.381303</timestamp>
			</report>
			<report>
				<misses>7578001</misses>
				<total>10</total>
				<timestamp>2876.760921</timestamp>
			</report>
			<report>
				<misses>7579001</misses>
				<total>10</total>
				<timestamp>2877.140536</timestamp>
			</report>
			<report>
				<misses>7580001</misses>
				<total>10</total>
				<timestamp>2877.520154</timestamp>
			</report>
			<report>
				<misses>7581001</misses>
				<total>10</total>
				<timestamp>2877.899824</timestamp>
			</report>
			<report>
				<misses>7582001</misses>
				<total>10</total>
				<timestamp>2878.279381</timestamp>
			</report>
			<report>
				<misses>7583001</misses>
				<total>10</total>
				<timestamp>2878.659021</timestamp>
			</report>
			<report>
				<misses>7584001</misses>
				<total>10</total>
				<timestamp>2879.038694</timestamp>
			</report>
			<report>
				<misses>7585001</misses>
				<total>10</total>
				<timestamp>2879.418249</timestamp>
			</report>
			<report>
				<misses>7586001</misses>
				<total>10</total>
				<timestamp>2879.797897</timestamp>
			</report>
			<report>
				<misses>7587001</misses>
				<total>10</total>
				<timestamp>2880.177527</timestamp>
			</report>
			<report>
				<misses>7588001</misses>
				<total>10</total>
				<timestamp>2880.557107</timestamp>
			</report>
			<report>
				<misses>7589001</misses>
				<total>10</total>
				<timestamp>2880.936784</timestamp>
			</report>
			<report>
				<misses>7590001</misses>
				<total>10</total>
				<timestamp>2881.316351</timestamp>
			</report>
			<report>
				<misses>7591001</misses>
				<total>10</total>
				<timestamp>2881.696007</timestamp>
			</report>
			<report>
				<misses>7592001</misses>
				<total>10</total>
				<timestamp>2882.075617</timestamp>
			</report>
			<report>
				<misses>7593001</misses>
				<total>10</total>
				<timestamp>2882.455256</timestamp>
			</report>
			<report>
				<misses>7594001</misses>
				<total>10</total>
				<timestamp>2882.834888</timestamp>
			</report>
			<report>
				<misses>7595001</misses>
				<total>10</total>
				<timestamp>2883.214447</timestamp>
			</report>
			<report>
				<misses>7596001</misses>
				<total>10</total>
				<timestamp>2883.594073</timestamp>
			</report>
			<report>
				<misses>7597001</misses>
				<total>10</total>
				<timestamp>2883.973711</timestamp>
			</report>
			<report>
				<misses>7598001</misses>
				<total>10</total>
				<timestamp>2884.353309</timestamp>
			</report>
			<report>
				<misses>7599001</misses>
				<total>10</total>
				<timestamp>2884.732930</timestamp>
			</report>
			<report>
				<misses>7600001</misses>
				<total>10</total>
				<timestamp>2885.112559</timestamp>
			</report>
			<report>
				<misses>7601001</misses>
				<total>10</total>
				<timestamp>2885.492181</timestamp>
			</report>
			<report>
				<misses>7602001</misses>
				<total>10</total>
				<timestamp>2885.871854</timestamp>
			</report>
			<report>
				<misses>7603001</misses>
				<total>10</total>
				<timestamp>2886.251423</timestamp>
			</report>
			<report>
				<misses>7604001</misses>
				<total>10</total>
				<timestamp>2886.631049</timestamp>
			</report>
			<report>
				<misses>7605001</misses>
				<total>10</total>
				<timestamp>2887.010732</timestamp>
			</report>
			<report>
				<misses>7606001</misses>
				<total>10</total>
				<timestamp>2887.390302</timestamp>
			</report>
			<report>
				<misses>7607001</misses>
				<total>10</total>
				<timestamp>2887.769938</timestamp>
			</report>
			<report>
				<misses>7608001</misses>
				<total>10</total>
				<timestamp>2888.149544</timestamp>
			</report>
			<report>
				<misses>7609001</misses>
				<total>10</total>
				<timestamp>2888.529137</timestamp>
			</report>
			<report>
				<misses>7610001</misses>
				<total>10</total>
				<timestamp>2888.908775</timestamp>
			</report>
			<report>
				<misses>7611001</misses>
				<total>10</total>
				<timestamp>2889.288425</timestamp>
			</report>
			<report>
				<misses>7612001</misses>
				<total>10</total>
				<timestamp>2889.668002</timestamp>
			</report>
			<report>
				<misses>7613001</misses>
				<total>10</total>
				<timestamp>2890.047701</timestamp>
			</report>
			<report>
				<misses>7614001</misses>
				<total>10</total>
				<timestamp>2890.427273</timestamp>
			</report>
			<report>
				<misses>7615001</misses>
				<total>10</total>
				<timestamp>2890.806856</timestamp>
			</report>
			<report>
				<misses>7616001</misses>
				<total>10</total>
				<timestamp>2891.186518</timestamp>
			</report>
			<report>
				<misses>7617001</misses>
				<total>10</total>
				<timestamp>2891.566108</timestamp>
			</report>
			<report>
				<misses>7618001</misses>
				<total>10</total>
				<timestamp>2891.945717</timestamp>
			</report>
			<report>
				<misses>7619001</misses>
				<total>10</total>
				<timestamp>2892.325367</timestamp>
			</report>
			<report>
				<misses>7620001</misses>
				<total>10</total>
				<timestamp>2892.704984</timestamp>
			</report>
			<report>
				<misses>7621001</misses>
				<total>10</total>
				<timestamp>2893.084632</timestamp>
			</report>
			<report>
				<misses>7622001</misses>
				<total>10</total>
				<timestamp>2893.464216</timestamp>
			</report>
			<report>
				<misses>7623001</misses>
				<total>10</total>
				<timestamp>2893.843820</timestamp>
			</report>
			<report>
				<misses>7624001</misses>
				<total>10</total>
				<timestamp>2894.223458</timestamp>
			</report>
			<report>
				<misses>7625001</misses>
				<total>10</total>
				<timestamp>2894.603062</timestamp>
			</report>
			<report>
				<misses>7626001</misses>
				<total>10</total>
				<timestamp>2894.982707</timestamp>
			</report>
			<report>
				<misses>7627001</misses>
				<total>10</total>
				<timestamp>2895.362304</timestamp>
			</report>
			<report>
				<misses>7628001</misses>
				<total>10</total>
				<timestamp>2895.741924</timestamp>
			</report>
			<report>
				<misses>7629001</misses>
				<total>10</total>
				<timestamp>2896.121571</timestamp>
			</report>
			<report>
				<misses>7630001</misses>
				<total>10</total>
				<timestamp>2896.501164</timestamp>
			</report>
			<report>
				<misses>7631001</misses>
				<total>10</total>
				<timestamp>2896.880790</timestamp>
			</report>
			<report>
				<misses>7632001</misses>
				<total>10</total>
				<timestamp>2897.260413</timestamp>
			</report>
			<report>
				<misses>7633001</misses>
				<total>10</total>
				<timestamp>2897.640053</timestamp>
			</report>
			<report>
				<misses>7634001</misses>
				<total>10</total>
				<timestamp>2898.019682</timestamp>
			</report>
			<report>
				<misses>7635001</misses>
				<total>10</total>
				<timestamp>2898.399250</timestamp>
			</report>
			<report>
				<misses>7636001</misses>
				<total>10</total>
				<timestamp>2898.778883</timestamp>
			</report>
			<report>
				<misses>7637001</misses>
				<total>10</total>
				<timestamp>2899.158551</timestamp>
			</report>
			<report>
				<misses>7638001</misses>
				<total>10</total>
				<timestamp>2899.538119</timestamp>
			</report>
			<report>
				<misses>7639001</misses>
				<total>10</total>
				<timestamp>2899.917740</timestamp>
			</report>
			<report>
				<misses>7640001</misses>
				<total>10</total>
				<timestamp>2900.297391</timestamp>
			</report>
			<report>
				<misses>7641001</misses>
				<total>10</total>
				<timestamp>2900.676982</timestamp>
			</report>
			<report>
				<misses>7642001</misses>
				<total>10</total>
				<timestamp>2901.056628</timestamp>
			</report>
			<report>
				<misses>7643001</misses>
				<total>10</total>
				<timestamp>2901.436257</timestamp>
			</report>
			<report>
				<misses>7644001</misses>
				<total>10</total>
				<timestamp>2901.815830</timestamp>
			</report>
			<report>
				<misses>7645001</misses>
				<total>10</total>
				<timestamp>2902.195444</timestamp>
			</report>
			<report>
				<misses>7646001</misses>
				<total>10</total>
				<timestamp>2902.575077</timestamp>
			</report>
			<report>
				<misses>7647001</misses>
				<total>10</total>
				<timestamp>2902.954741</timestamp>
			</report>
			<report>
				<misses>7648001</misses>
				<total>10</total>
				<timestamp>2903.334331</timestamp>
			</report>
			<report>
				<misses>7649001</misses>
				<total>10</total>
				<timestamp>2903.713943</timestamp>
			</report>
			<report>
				<misses>7650001</misses>
				<total>10</total>
				<timestamp>2904.093611</timestamp>
			</report>
			<report>
				<misses>7651001</misses>
				<total>10</total>
				<timestamp>2904.473212</timestamp>
			</report>
			<report>
				<misses>7652001</misses>
				<total>10</total>
				<timestamp>2904.852783</timestamp>
			</report>
			<report>
				<misses>7653001</misses>
				<total>10</total>
				<timestamp>2905.232426</timestamp>
			</report>
			<report>
				<misses>7654001</misses>
				<total>10</total>
				<timestamp>2905.612041</timestamp>
			</report>
			<report>
				<misses>7655001</misses>
				<total>10</total>
				<timestamp>2905.991749</timestamp>
			</report>
			<report>
				<misses>7656001</misses>
				<total>10</total>
				<timestamp>2906.371295</timestamp>
			</report>
			<report>
				<misses>7657001</misses>
				<total>10</total>
				<timestamp>2906.750914</timestamp>
			</report>
			<report>
				<misses>7658001</misses>
				<total>10</total>
				<timestamp>2907.130547</timestamp>
			</report>
			<report>
				<misses>7659001</misses>
				<total>10</total>
				<timestamp>2907.510146</timestamp>
			</report>
			<report>
				<misses>7660001</misses>
				<total>10</total>
				<timestamp>2907.889768</timestamp>
			</report>
			<report>
				<misses>7661001</misses>
				<total>10</total>
				<timestamp>2908.269410</timestamp>
			</report>
			<report>
				<misses>7662001</misses>
				<total>10</total>
				<timestamp>2908.649013</timestamp>
			</report>
			<report>
				<misses>7663001</misses>
				<total>10</total>
				<timestamp>2909.028644</timestamp>
			</report>
			<report>
				<misses>7664001</misses>
				<total>10</total>
				<timestamp>2909.408270</timestamp>
			</report>
			<report>
				<misses>7665001</misses>
				<total>10</total>
				<timestamp>2909.787876</timestamp>
			</report>
			<report>
				<misses>7666001</misses>
				<total>10</total>
				<timestamp>2910.167550</timestamp>
			</report>
			<report>
				<misses>7667001</misses>
				<total>10</total>
				<timestamp>2910.547091</timestamp>
			</report>
			<report>
				<misses>7668001</misses>
				<total>10</total>
				<timestamp>2910.926722</timestamp>
			</report>
			<report>
				<misses>7669001</misses>
				<total>10</total>
				<timestamp>2911.306331</timestamp>
			</report>
			<report>
				<misses>7670001</misses>
				<total>10</total>
				<timestamp>2911.685964</timestamp>
			</report>
			<report>
				<misses>7671001</misses>
				<total>10</total>
				<timestamp>2912.065678</timestamp>
			</report>
			<report>
				<misses>7672001</misses>
				<total>10</total>
				<timestamp>2912.445222</timestamp>
			</report>
			<report>
				<misses>7673001</misses>
				<total>10</total>
				<timestamp>2912.824832</timestamp>
			</report>
			<report>
				<misses>7674001</misses>
				<total>10</total>
				<timestamp>2913.204451</timestamp>
			</report>
			<report>
				<misses>7675001</misses>
				<total>10</total>
				<timestamp>2913.584076</timestamp>
			</report>
			<report>
				<misses>7676001</misses>
				<total>10</total>
				<timestamp>2913.963706</timestamp>
			</report>
			<report>
				<misses>7677001</misses>
				<total>10</total>
				<timestamp>2914.343325</timestamp>
			</report>
			<report>
				<misses>7678001</misses>
				<total>10</total>
				<timestamp>2914.722918</timestamp>
			</report>
			<report>
				<misses>7679001</misses>
				<total>10</total>
				<timestamp>2915.102587</timestamp>
			</report>
			<report>
				<misses>7680001</misses>
				<total>10</total>
				<timestamp>2915.482142</timestamp>
			</report>
			<report>
				<misses>7681001</misses>
				<total>10</total>
				<timestamp>2915.861797</timestamp>
			</report>
			<report>
				<misses>7682001</misses>
				<total>10</total>
				<timestamp>2916.241446</timestamp>
			</report>
			<report>
				<misses>7683001</misses>
				<total>10</total>
				<timestamp>2916.621029</timestamp>
			</report>
			<report>
				<misses>7684001</misses>
				<total>10</total>
				<timestamp>2917.000693</timestamp>
			</report>
			<report>
				<misses>7685001</misses>
				<total>10</total>
				<timestamp>2917.380246</timestamp>
			</report>
			<report>
				<misses>7686001</misses>
				<total>10</total>
				<timestamp>2917.759869</timestamp>
			</report>
			<report>
				<misses>7687001</misses>
				<total>10</total>
				<timestamp>2918.139549</timestamp>
			</report>
			<report>
				<misses>7688001</misses>
				<total>10</total>
				<timestamp>2918.519126</timestamp>
			</report>
			<report>
				<misses>7689001</misses>
				<total>10</total>
				<timestamp>2918.898787</timestamp>
			</report>
			<report>
				<misses>7690001</misses>
				<total>10</total>
				<timestamp>2919.278399</timestamp>
			</report>
			<report>
				<misses>7691001</misses>
				<total>10</total>
				<timestamp>2919.657981</timestamp>
			</report>
			<report>
				<misses>7692001</misses>
				<total>10</total>
				<timestamp>2920.037610</timestamp>
			</report>
			<report>
				<misses>7693001</misses>
				<total>10</total>
				<timestamp>2920.417223</timestamp>
			</report>
			<report>
				<misses>7694001</misses>
				<total>10</total>
				<timestamp>2920.796829</timestamp>
			</report>
			<report>
				<misses>7695001</misses>
				<total>10</total>
				<timestamp>2921.176496</timestamp>
			</report>
			<report>
				<misses>7696001</misses>
				<total>10</total>
				<timestamp>2921.556095</timestamp>
			</report>
			<report>
				<misses>7697001</misses>
				<total>10</total>
				<timestamp>2921.935710</timestamp>
			</report>
			<report>
				<misses>7698001</misses>
				<total>10</total>
				<timestamp>2922.315317</timestamp>
			</report>
			<report>
				<misses>7699001</misses>
				<total>10</total>
				<timestamp>2922.694961</timestamp>
			</report>
			<report>
				<misses>7700001</misses>
				<total>10</total>
				<timestamp>2923.074616</timestamp>
			</report>
			<report>
				<misses>7701001</misses>
				<total>10</total>
				<timestamp>2923.454193</timestamp>
			</report>
			<report>
				<misses>7702001</misses>
				<total>10</total>
				<timestamp>2923.833798</timestamp>
			</report>
			<report>
				<misses>7703001</misses>
				<total>10</total>
				<timestamp>2924.213478</timestamp>
			</report>
			<report>
				<misses>7704001</misses>
				<total>10</total>
				<timestamp>2924.593030</timestamp>
			</report>
			<report>
				<misses>7705001</misses>
				<total>10</total>
				<timestamp>2924.972677</timestamp>
			</report>
			<report>
				<misses>7706001</misses>
				<total>10</total>
				<timestamp>2925.352296</timestamp>
			</report>
			<report>
				<misses>7707001</misses>
				<total>10</total>
				<timestamp>2925.731914</timestamp>
			</report>
			<report>
				<misses>7708001</misses>
				<total>10</total>
				<timestamp>2926.111574</timestamp>
			</report>
			<report>
				<misses>7709001</misses>
				<total>10</total>
				<timestamp>2926.491143</timestamp>
			</report>
			<report>
				<misses>7710001</misses>
				<total>10</total>
				<timestamp>2926.870758</timestamp>
			</report>
			<report>
				<misses>7711001</misses>
				<total>10</total>
				<timestamp>2927.250403</timestamp>
			</report>
			<report>
				<misses>7712001</misses>
				<total>10</total>
				<timestamp>2927.630009</timestamp>
			</report>
			<report>
				<misses>7713001</misses>
				<total>10</total>
				<timestamp>2928.009632</timestamp>
			</report>
			<report>
				<misses>7714001</misses>
				<total>10</total>
				<timestamp>2928.389242</timestamp>
			</report>
			<report>
				<misses>7715001</misses>
				<total>10</total>
				<timestamp>2928.768880</timestamp>
			</report>
			<report>
				<misses>7716001</misses>
				<total>10</total>
				<timestamp>2929.148523</timestamp>
			</report>
			<report>
				<misses>7717001</misses>
				<total>10</total>
				<timestamp>2929.528097</timestamp>
			</report>
			<report>
				<misses>7718001</misses>
				<total>10</total>
				<timestamp>2929.907721</timestamp>
			</report>
			<report>
				<misses>7719001</misses>
				<total>10</total>
				<timestamp>2930.287349</timestamp>
			</report>
			<report>
				<misses>7720001</misses>
				<total>10</total>
				<timestamp>2930.666968</timestamp>
			</report>
			<report>
				<misses>7721001</misses>
				<total>10</total>
				<timestamp>2931.046593</timestamp>
			</report>
			<report>
				<misses>7722001</misses>
				<total>10</total>
				<timestamp>2931.426252</timestamp>
			</report>
			<report>
				<misses>7723001</misses>
				<total>10</total>
				<timestamp>2931.805805</timestamp>
			</report>
			<report>
				<misses>7724001</misses>
				<total>10</total>
				<timestamp>2932.185456</timestamp>
			</report>
			<report>
				<misses>7725001</misses>
				<total>10</total>
				<timestamp>2932.565066</timestamp>
			</report>
			<report>
				<misses>7726001</misses>
				<total>10</total>
				<timestamp>2932.944683</timestamp>
			</report>
			<report>
				<misses>7727001</misses>
				<total>10</total>
				<timestamp>2933.324310</timestamp>
			</report>
			<report>
				<misses>7728001</misses>
				<total>10</total>
				<timestamp>2933.703947</timestamp>
			</report>
			<report>
				<misses>7729001</misses>
				<total>10</total>
				<timestamp>2934.083569</timestamp>
			</report>
			<report>
				<misses>7730001</misses>
				<total>10</total>
				<timestamp>2934.463166</timestamp>
			</report>
			<report>
				<misses>7731001</misses>
				<total>10</total>
				<timestamp>2934.842795</timestamp>
			</report>
			<report>
				<misses>7732001</misses>
				<total>10</total>
				<timestamp>2935.222438</timestamp>
			</report>
			<report>
				<misses>7733001</misses>
				<total>10</total>
				<timestamp>2935.602030</timestamp>
			</report>
			<report>
				<misses>7734001</misses>
				<total>10</total>
				<timestamp>2935.981647</timestamp>
			</report>
			<report>
				<misses>7735001</misses>
				<total>10</total>
				<timestamp>2936.361257</timestamp>
			</report>
			<report>
				<misses>7736001</misses>
				<total>10</total>
				<timestamp>2936.740871</timestamp>
			</report>
			<report>
				<misses>7737001</misses>
				<total>10</total>
				<timestamp>2937.120521</timestamp>
			</report>
			<report>
				<misses>7738001</misses>
				<total>10</total>
				<timestamp>2937.500110</timestamp>
			</report>
			<report>
				<misses>7739001</misses>
				<total>10</total>
				<timestamp>2937.879742</timestamp>
			</report>
			<report>
				<misses>7740001</misses>
				<total>10</total>
				<timestamp>2938.259362</timestamp>
			</report>
			<report>
				<misses>7741001</misses>
				<total>10</total>
				<timestamp>2938.638979</timestamp>
			</report>
			<report>
				<misses>7742001</misses>
				<total>10</total>
				<timestamp>2939.018599</timestamp>
			</report>
			<report>
				<misses>7743001</misses>
				<total>10</total>
				<timestamp>2939.398232</timestamp>
			</report>
			<report>
				<misses>7744001</misses>
				<total>10</total>
				<timestamp>2939.777838</timestamp>
			</report>
			<report>
				<misses>7745001</misses>
				<total>10</total>
				<timestamp>2940.157477</timestamp>
			</report>
			<report>
				<misses>7746001</misses>
				<total>10</total>
				<timestamp>2940.537093</timestamp>
			</report>
			<report>
				<misses>7747001</misses>
				<total>10</total>
				<timestamp>2940.916689</timestamp>
			</report>
			<report>
				<misses>7748001</misses>
				<total>10</total>
				<timestamp>2941.296329</timestamp>
			</report>
			<report>
				<misses>7749001</misses>
				<total>10</total>
				<timestamp>2941.675946</timestamp>
			</report>
			<report>
				<misses>7750001</misses>
				<total>10</total>
				<timestamp>2942.055570</timestamp>
			</report>
			<report>
				<misses>7751001</misses>
				<total>10</total>
				<timestamp>2942.435207</timestamp>
			</report>
			<report>
				<misses>7752001</misses>
				<total>10</total>
				<timestamp>2942.814821</timestamp>
			</report>
			<report>
				<misses>7753001</misses>
				<total>10</total>
				<timestamp>2943.194465</timestamp>
			</report>
			<report>
				<misses>7754001</misses>
				<total>10</total>
				<timestamp>2943.574037</timestamp>
			</report>
			<report>
				<misses>7755001</misses>
				<total>10</total>
				<timestamp>2943.953678</timestamp>
			</report>
			<report>
				<misses>7756001</misses>
				<total>10</total>
				<timestamp>2944.333380</timestamp>
			</report>
			<report>
				<misses>7757001</misses>
				<total>10</total>
				<timestamp>2944.712913</timestamp>
			</report>
			<report>
				<misses>7758001</misses>
				<total>10</total>
				<timestamp>2945.092565</timestamp>
			</report>
			<report>
				<misses>7759001</misses>
				<total>10</total>
				<timestamp>2945.472156</timestamp>
			</report>
			<report>
				<misses>7760001</misses>
				<total>10</total>
				<timestamp>2945.851833</timestamp>
			</report>
			<report>
				<misses>7761001</misses>
				<total>10</total>
				<timestamp>2946.231439</timestamp>
			</report>
			<report>
				<misses>7762001</misses>
				<total>10</total>
				<timestamp>2946.611022</timestamp>
			</report>
			<report>
				<misses>7763001</misses>
				<total>10</total>
				<timestamp>2946.990620</timestamp>
			</report>
			<report>
				<misses>7764001</misses>
				<total>10</total>
				<timestamp>2947.370254</timestamp>
			</report>
			<report>
				<misses>7765001</misses>
				<total>10</total>
				<timestamp>2947.749857</timestamp>
			</report>
			<report>
				<misses>7766001</misses>
				<total>10</total>
				<timestamp>2948.129513</timestamp>
			</report>
			<report>
				<misses>7767001</misses>
				<total>10</total>
				<timestamp>2948.509123</timestamp>
			</report>
			<report>
				<misses>7768001</misses>
				<total>10</total>
				<timestamp>2948.888726</timestamp>
			</report>
			<report>
				<misses>7769001</misses>
				<total>10</total>
				<timestamp>2949.268370</timestamp>
			</report>
			<report>
				<misses>7770001</misses>
				<total>10</total>
				<timestamp>2949.647971</timestamp>
			</report>
			<report>
				<misses>7771001</misses>
				<total>10</total>
				<timestamp>2950.027608</timestamp>
			</report>
			<report>
				<misses>7772001</misses>
				<total>10</total>
				<timestamp>2950.407240</timestamp>
			</report>
			<report>
				<misses>7773001</misses>
				<total>10</total>
				<timestamp>2950.786836</timestamp>
			</report>
			<report>
				<misses>7774001</misses>
				<total>10</total>
				<timestamp>2951.166484</timestamp>
			</report>
			<report>
				<misses>7775001</misses>
				<total>10</total>
				<timestamp>2951.546077</timestamp>
			</report>
			<report>
				<misses>7776001</misses>
				<total>10</total>
				<timestamp>2951.925703</timestamp>
			</report>
			<report>
				<misses>7777001</misses>
				<total>10</total>
				<timestamp>2952.305348</timestamp>
			</report>
			<report>
				<misses>7778001</misses>
				<total>10</total>
				<timestamp>2952.684928</timestamp>
			</report>
			<report>
				<misses>7779001</misses>
				<total>10</total>
				<timestamp>2953.064535</timestamp>
			</report>
			<report>
				<misses>7780001</misses>
				<total>10</total>
				<timestamp>2953.444159</timestamp>
			</report>
			<report>
				<misses>7781001</misses>
				<total>10</total>
				<timestamp>2953.823820</timestamp>
			</report>
			<report>
				<misses>7782001</misses>
				<total>10</total>
				<timestamp>2954.203414</timestamp>
			</report>
			<report>
				<misses>7783001</misses>
				<total>10</total>
				<timestamp>2954.583036</timestamp>
			</report>
			<report>
				<misses>7784001</misses>
				<total>10</total>
				<timestamp>2954.962670</timestamp>
			</report>
			<report>
				<misses>7785001</misses>
				<total>10</total>
				<timestamp>2955.342314</timestamp>
			</report>
			<report>
				<misses>7786001</misses>
				<total>10</total>
				<timestamp>2955.721917</timestamp>
			</report>
			<report>
				<misses>7787001</misses>
				<total>10</total>
				<timestamp>2956.101522</timestamp>
			</report>
			<report>
				<misses>7788001</misses>
				<total>10</total>
				<timestamp>2956.481130</timestamp>
			</report>
			<report>
				<misses>7789001</misses>
				<total>10</total>
				<timestamp>2956.860748</timestamp>
			</report>
			<report>
				<misses>7790001</misses>
				<total>10</total>
				<timestamp>2957.240401</timestamp>
			</report>
			<report>
				<misses>7791001</misses>
				<total>10</total>
				<timestamp>2957.620014</timestamp>
			</report>
			<report>
				<misses>7792001</misses>
				<total>10</total>
				<timestamp>2957.999603</timestamp>
			</report>
			<report>
				<misses>7793001</misses>
				<total>10</total>
				<timestamp>2958.379298</timestamp>
			</report>
			<report>
				<misses>7794001</misses>
				<total>10</total>
				<timestamp>2958.758845</timestamp>
			</report>
			<report>
				<misses>7795001</misses>
				<total>10</total>
				<timestamp>2959.138463</timestamp>
			</report>
			<report>
				<misses>7796001</misses>
				<total>10</total>
				<timestamp>2959.518085</timestamp>
			</report>
			<report>
				<misses>7797001</misses>
				<total>10</total>
				<timestamp>2959.897707</timestamp>
			</report>
			<report>
				<misses>7798001</misses>
				<total>10</total>
				<timestamp>2960.277333</timestamp>
			</report>
			<report>
				<misses>7799001</misses>
				<total>10</total>
				<timestamp>2960.656950</timestamp>
			</report>
			<report>
				<misses>7800001</misses>
				<total>10</total>
				<timestamp>2961.036571</timestamp>
			</report>
			<report>
				<misses>7801001</misses>
				<total>10</total>
				<timestamp>2961.416242</timestamp>
			</report>
			<report>
				<misses>7802001</misses>
				<total>10</total>
				<timestamp>2961.795805</timestamp>
			</report>
			<report>
				<misses>7803001</misses>
				<total>10</total>
				<timestamp>2962.175439</timestamp>
			</report>
			<report>
				<misses>7804001</misses>
				<total>10</total>
				<timestamp>2962.555043</timestamp>
			</report>
			<report>
				<misses>7805001</misses>
				<total>10</total>
				<timestamp>2962.934682</timestamp>
			</report>
			<report>
				<misses>7806001</misses>
				<total>10</total>
				<timestamp>2963.314312</timestamp>
			</report>
			<report>
				<misses>7807001</misses>
				<total>10</total>
				<timestamp>2963.693918</timestamp>
			</report>
			<report>
				<misses>7808001</misses>
				<total>10</total>
				<timestamp>2964.073518</timestamp>
			</report>
			<report>
				<misses>7809001</misses>
				<total>10</total>
				<timestamp>2964.453161</timestamp>
			</report>
			<report>
				<misses>7810001</misses>
				<total>10</total>
				<timestamp>2964.832766</timestamp>
			</report>
			<report>
				<misses>7811001</misses>
				<total>10</total>
				<timestamp>2965.212386</timestamp>
			</report>
			<report>
				<misses>7812001</misses>
				<total>10</total>
				<timestamp>2965.592007</timestamp>
			</report>
			<report>
				<misses>7813001</misses>
				<total>10</total>
				<timestamp>2965.971636</timestamp>
			</report>
			<report>
				<misses>7814001</misses>
				<total>10</total>
				<timestamp>2966.351281</timestamp>
			</report>
			<report>
				<misses>7815001</misses>
				<total>10</total>
				<timestamp>2966.730873</timestamp>
			</report>
			<report>
				<misses>7816001</misses>
				<total>10</total>
				<timestamp>2967.110475</timestamp>
			</report>
			<report>
				<misses>7817001</misses>
				<total>10</total>
				<timestamp>2967.490115</timestamp>
			</report>
			<report>
				<misses>7818001</misses>
				<total>10</total>
				<timestamp>2967.869729</timestamp>
			</report>
			<report>
				<misses>7819001</misses>
				<total>10</total>
				<timestamp>2968.249367</timestamp>
			</report>
			<report>
				<misses>7820001</misses>
				<total>10</total>
				<timestamp>2968.628983</timestamp>
			</report>
			<report>
				<misses>7821001</misses>
				<total>10</total>
				<timestamp>2969.008576</timestamp>
			</report>
			<report>
				<misses>7822001</misses>
				<total>10</total>
				<timestamp>2969.388240</timestamp>
			</report>
			<report>
				<misses>7823001</misses>
				<total>10</total>
				<timestamp>2969.767824</timestamp>
			</report>
			<report>
				<misses>7824001</misses>
				<total>10</total>
				<timestamp>2970.147457</timestamp>
			</report>
			<report>
				<misses>7825001</misses>
				<total>10</total>
				<timestamp>2970.527075</timestamp>
			</report>
			<report>
				<misses>7826001</misses>
				<total>10</total>
				<timestamp>2970.906680</timestamp>
			</report>
			<report>
				<misses>7827001</misses>
				<total>10</total>
				<timestamp>2971.286328</timestamp>
			</report>
			<report>
				<misses>7828001</misses>
				<total>10</total>
				<timestamp>2971.665913</timestamp>
			</report>
			<report>
				<misses>7829001</misses>
				<total>10</total>
				<timestamp>2972.045527</timestamp>
			</report>
			<report>
				<misses>7830001</misses>
				<total>10</total>
				<timestamp>2972.425211</timestamp>
			</report>
			<report>
				<misses>7831001</misses>
				<total>10</total>
				<timestamp>2972.804774</timestamp>
			</report>
			<report>
				<misses>7832001</misses>
				<total>10</total>
				<timestamp>2973.184411</timestamp>
			</report>
			<report>
				<misses>7833001</misses>
				<total>10</total>
				<timestamp>2973.564013</timestamp>
			</report>
			<report>
				<misses>7834001</misses>
				<total>10</total>
				<timestamp>2973.943641</timestamp>
			</report>
			<report>
				<misses>7835001</misses>
				<total>10</total>
				<timestamp>2974.323273</timestamp>
			</report>
			<report>
				<misses>7836001</misses>
				<total>10</total>
				<timestamp>2974.702868</timestamp>
			</report>
			<report>
				<misses>7837001</misses>
				<total>10</total>
				<timestamp>2975.082500</timestamp>
			</report>
			<report>
				<misses>7838001</misses>
				<total>10</total>
				<timestamp>2975.462141</timestamp>
			</report>
			<report>
				<misses>7839001</misses>
				<total>10</total>
				<timestamp>2975.841742</timestamp>
			</report>
			<report>
				<misses>7840001</misses>
				<total>10</total>
				<timestamp>2976.221378</timestamp>
			</report>
			<report>
				<misses>7841001</misses>
				<total>10</total>
				<timestamp>2976.600989</timestamp>
			</report>
			<report>
				<misses>7842001</misses>
				<total>10</total>
				<timestamp>2976.980649</timestamp>
			</report>
			<report>
				<misses>7843001</misses>
				<total>10</total>
				<timestamp>2977.360304</timestamp>
			</report>
			<report>
				<misses>7844001</misses>
				<total>10</total>
				<timestamp>2977.739860</timestamp>
			</report>
			<report>
				<misses>7845001</misses>
				<total>10</total>
				<timestamp>2978.119469</timestamp>
			</report>
			<report>
				<misses>7846001</misses>
				<total>10</total>
				<timestamp>2978.499093</timestamp>
			</report>
			<report>
				<misses>7847001</misses>
				<total>10</total>
				<timestamp>2978.878746</timestamp>
			</report>
			<report>
				<misses>7848001</misses>
				<total>10</total>
				<timestamp>2979.258397</timestamp>
			</report>
			<report>
				<misses>7849001</misses>
				<total>10</total>
				<timestamp>2979.637941</timestamp>
			</report>
			<report>
				<misses>7850001</misses>
				<total>10</total>
				<timestamp>2980.017586</timestamp>
			</report>
			<report>
				<misses>7851001</misses>
				<total>10</total>
				<timestamp>2980.397207</timestamp>
			</report>
			<report>
				<misses>7852001</misses>
				<total>10</total>
				<timestamp>2980.776815</timestamp>
			</report>
			<report>
				<misses>7853001</misses>
				<total>10</total>
				<timestamp>2981.156428</timestamp>
			</report>
			<report>
				<misses>7854001</misses>
				<total>10</total>
				<timestamp>2981.536079</timestamp>
			</report>
			<report>
				<misses>7855001</misses>
				<total>10</total>
				<timestamp>2981.915674</timestamp>
			</report>
			<report>
				<misses>7856001</misses>
				<total>10</total>
				<timestamp>2982.295311</timestamp>
			</report>
			<report>
				<misses>7857001</misses>
				<total>10</total>
				<timestamp>2982.674892</timestamp>
			</report>
			<report>
				<misses>7858001</misses>
				<total>10</total>
				<timestamp>2983.054540</timestamp>
			</report>
			<report>
				<misses>7859001</misses>
				<total>10</total>
				<timestamp>2983.434207</timestamp>
			</report>
			<report>
				<misses>7860001</misses>
				<total>10</total>
				<timestamp>2983.813753</timestamp>
			</report>
			<report>
				<misses>7861001</misses>
				<total>10</total>
				<timestamp>2984.193378</timestamp>
			</report>
			<report>
				<misses>7862001</misses>
				<total>10</total>
				<timestamp>2984.572998</timestamp>
			</report>
			<report>
				<misses>7863001</misses>
				<total>10</total>
				<timestamp>2984.952638</timestamp>
			</report>
			<report>
				<misses>7864001</misses>
				<total>10</total>
				<timestamp>2985.332267</timestamp>
			</report>
			<report>
				<misses>7865001</misses>
				<total>10</total>
				<timestamp>2985.711864</timestamp>
			</report>
			<report>
				<misses>7866001</misses>
				<total>10</total>
				<timestamp>2986.091487</timestamp>
			</report>
			<report>
				<misses>7867001</misses>
				<total>10</total>
				<timestamp>2986.471121</timestamp>
			</report>
			<report>
				<misses>7868001</misses>
				<total>10</total>
				<timestamp>2986.850743</timestamp>
			</report>
			<report>
				<misses>7869001</misses>
				<total>10</total>
				<timestamp>2987.230350</timestamp>
			</report>
			<report>
				<misses>7870001</misses>
				<total>10</total>
				<timestamp>2987.610001</timestamp>
			</report>
			<report>
				<misses>7871001</misses>
				<total>10</total>
				<timestamp>2987.989592</timestamp>
			</report>
			<report>
				<misses>7872001</misses>
				<total>10</total>
				<timestamp>2988.369227</timestamp>
			</report>
			<report>
				<misses>7873001</misses>
				<total>10</total>
				<timestamp>2988.748812</timestamp>
			</report>
			<report>
				<misses>7874001</misses>
				<total>10</total>
				<timestamp>2989.128436</timestamp>
			</report>
			<report>
				<misses>7875001</misses>
				<total>10</total>
				<timestamp>2989.508116</timestamp>
			</report>
			<report>
				<misses>7876001</misses>
				<total>10</total>
				<timestamp>2989.887693</timestamp>
			</report>
			<report>
				<misses>7877001</misses>
				<total>10</total>
				<timestamp>2990.267349</timestamp>
			</report>
			<report>
				<misses>7878001</misses>
				<total>10</total>
				<timestamp>2990.646910</timestamp>
			</report>
			<report>
				<misses>7879001</misses>
				<total>10</total>
				<timestamp>2991.026543</timestamp>
			</report>
			<report>
				<misses>7880001</misses>
				<total>10</total>
				<timestamp>2991.406180</timestamp>
			</report>
			<report>
				<misses>7881001</misses>
				<total>10</total>
				<timestamp>2991.785788</timestamp>
			</report>
			<report>
				<misses>7882001</misses>
				<total>10</total>
				<timestamp>2992.165396</timestamp>
			</report>
			<report>
				<misses>7883001</misses>
				<total>10</total>
				<timestamp>2992.545079</timestamp>
			</report>
			<report>
				<misses>7884001</misses>
				<total>10</total>
				<timestamp>2992.924647</timestamp>
			</report>
			<report>
				<misses>7885001</misses>
				<total>10</total>
				<timestamp>2993.304251</timestamp>
			</report>
			<report>
				<misses>7886001</misses>
				<total>10</total>
				<timestamp>2993.683926</timestamp>
			</report>
			<report>
				<misses>7887001</misses>
				<total>10</total>
				<timestamp>2994.063494</timestamp>
			</report>
			<report>
				<misses>7888001</misses>
				<total>10</total>
				<timestamp>2994.443130</timestamp>
			</report>
			<report>
				<misses>7889001</misses>
				<total>10</total>
				<timestamp>2994.822745</timestamp>
			</report>
			<report>
				<misses>7890001</misses>
				<total>10</total>
				<timestamp>2995.202360</timestamp>
			</report>
			<report>
				<misses>7891001</misses>
				<total>10</total>
				<timestamp>2995.581999</timestamp>
			</report>
			<report>
				<misses>7892001</misses>
				<total>10</total>
				<timestamp>2995.961595</timestamp>
			</report>
			<report>
				<misses>7893001</misses>
				<total>10</total>
				<timestamp>2996.341277</timestamp>
			</report>
			<report>
				<misses>7894001</misses>
				<total>10</total>
				<timestamp>2996.720839</timestamp>
			</report>
			<report>
				<misses>7895001</misses>
				<total>10</total>
				<timestamp>2997.100459</timestamp>
			</report>
			<report>
				<misses>7896001</misses>
				<total>10</total>
				<timestamp>2997.480105</timestamp>
			</report>
			<report>
				<misses>7897001</misses>
				<total>10</total>
				<timestamp>2997.859730</timestamp>
			</report>
			<report>
				<misses>7898001</misses>
				<total>10</total>
				<timestamp>2998.239333</timestamp>
			</report>
			<report>
				<misses>7899001</misses>
				<total>10</total>
				<timestamp>2998.618958</timestamp>
			</report>
			<report>
				<misses>7900001</misses>
				<total>10</total>
				<timestamp>2998.998611</timestamp>
			</report>
			<report>
				<misses>7901001</misses>
				<total>10</total>
				<timestamp>2999.378177</timestamp>
			</report>
			<report>
				<misses>7902001</misses>
				<total>10</total>
				<timestamp>2999.757793</timestamp>
			</report>
			<report>
				<misses>7903001</misses>
				<total>10</total>
				<timestamp>3000.137416</timestamp>
			</report>
			<report>
				<misses>7904001</misses>
				<total>10</total>
				<timestamp>3000.517076</timestamp>
			</report>
			<report>
				<misses>7905001</misses>
				<total>10</total>
				<timestamp>3000.896656</timestamp>
			</report>
			<report>
				<misses>7906001</misses>
				<total>10</total>
				<timestamp>3001.276288</timestamp>
			</report>
			<report>
				<misses>7907001</misses>
				<total>10</total>
				<timestamp>3001.655908</timestamp>
			</report>
			<report>
				<misses>7908001</misses>
				<total>10</total>
				<timestamp>3002.035528</timestamp>
			</report>
			<report>
				<misses>7909001</misses>
				<total>10</total>
				<timestamp>3002.415139</timestamp>
			</report>
			<report>
				<misses>7910001</misses>
				<total>10</total>
				<timestamp>3002.794754</timestamp>
			</report>
			<report>
				<misses>7911001</misses>
				<total>10</total>
				<timestamp>3003.174383</timestamp>
			</report>
			<report>
				<misses>7912001</misses>
				<total>10</total>
				<timestamp>3003.554013</timestamp>
			</report>
			<report>
				<misses>7913001</misses>
				<total>10</total>
				<timestamp>3003.933648</timestamp>
			</report>
			<report>
				<misses>7914001</misses>
				<total>10</total>
				<timestamp>3004.313246</timestamp>
			</report>
			<report>
				<misses>7915001</misses>
				<total>10</total>
				<timestamp>3004.692869</timestamp>
			</report>
			<report>
				<misses>7916001</misses>
				<total>10</total>
				<timestamp>3005.072480</timestamp>
			</report>
			<report>
				<misses>7917001</misses>
				<total>10</total>
				<timestamp>3005.452117</timestamp>
			</report>
			<report>
				<misses>7918001</misses>
				<total>10</total>
				<timestamp>3005.831726</timestamp>
			</report>
			<report>
				<misses>7919001</misses>
				<total>10</total>
				<timestamp>3006.211334</timestamp>
			</report>
			<report>
				<misses>7920001</misses>
				<total>10</total>
				<timestamp>3006.590998</timestamp>
			</report>
			<report>
				<misses>7921001</misses>
				<total>10</total>
				<timestamp>3006.970585</timestamp>
			</report>
			<report>
				<misses>7922001</misses>
				<total>10</total>
				<timestamp>3007.350218</timestamp>
			</report>
			<report>
				<misses>7923001</misses>
				<total>10</total>
				<timestamp>3007.729821</timestamp>
			</report>
			<report>
				<misses>7924001</misses>
				<total>10</total>
				<timestamp>3008.109491</timestamp>
			</report>
			<report>
				<misses>7925001</misses>
				<total>10</total>
				<timestamp>3008.489118</timestamp>
			</report>
			<report>
				<misses>7926001</misses>
				<total>10</total>
				<timestamp>3008.868682</timestamp>
			</report>
			<report>
				<misses>7927001</misses>
				<total>10</total>
				<timestamp>3009.248322</timestamp>
			</report>
			<report>
				<misses>7928001</misses>
				<total>10</total>
				<timestamp>3009.627968</timestamp>
			</report>
			<report>
				<misses>7929001</misses>
				<total>10</total>
				<timestamp>3010.007542</timestamp>
			</report>
			<report>
				<misses>7930001</misses>
				<total>10</total>
				<timestamp>3010.387160</timestamp>
			</report>
			<report>
				<misses>7931001</misses>
				<total>10</total>
				<timestamp>3010.766800</timestamp>
			</report>
			<report>
				<misses>7932001</misses>
				<total>10</total>
				<timestamp>3011.146403</timestamp>
			</report>
			<report>
				<misses>7933001</misses>
				<total>10</total>
				<timestamp>3011.526087</timestamp>
			</report>
			<report>
				<misses>7934001</misses>
				<total>10</total>
				<timestamp>3011.905653</timestamp>
			</report>
			<report>
				<misses>7935001</misses>
				<total>10</total>
				<timestamp>3012.285262</timestamp>
			</report>
			<report>
				<misses>7936001</misses>
				<total>10</total>
				<timestamp>3012.664932</timestamp>
			</report>
			<report>
				<misses>7937001</misses>
				<total>10</total>
				<timestamp>3013.044531</timestamp>
			</report>
			<report>
				<misses>7938001</misses>
				<total>10</total>
				<timestamp>3013.424120</timestamp>
			</report>
			<report>
				<misses>7939001</misses>
				<total>10</total>
				<timestamp>3013.803748</timestamp>
			</report>
			<report>
				<misses>7940001</misses>
				<total>10</total>
				<timestamp>3014.183388</timestamp>
			</report>
			<report>
				<misses>7941001</misses>
				<total>10</total>
				<timestamp>3014.562978</timestamp>
			</report>
			<report>
				<misses>7942001</misses>
				<total>10</total>
				<timestamp>3014.942600</timestamp>
			</report>
			<report>
				<misses>7943001</misses>
				<total>10</total>
				<timestamp>3015.322232</timestamp>
			</report>
			<report>
				<misses>7944001</misses>
				<total>10</total>
				<timestamp>3015.701876</timestamp>
			</report>
			<report>
				<misses>7945001</misses>
				<total>10</total>
				<timestamp>3016.081455</timestamp>
			</report>
			<report>
				<misses>7946001</misses>
				<total>10</total>
				<timestamp>3016.461082</timestamp>
			</report>
			<report>
				<misses>7947001</misses>
				<total>10</total>
				<timestamp>3016.840699</timestamp>
			</report>
			<report>
				<misses>7948001</misses>
				<total>10</total>
				<timestamp>3017.220352</timestamp>
			</report>
			<report>
				<misses>7949001</misses>
				<total>10</total>
				<timestamp>3017.599976</timestamp>
			</report>
			<report>
				<misses>7950001</misses>
				<total>10</total>
				<timestamp>3017.979566</timestamp>
			</report>
			<report>
				<misses>7951001</misses>
				<total>10</total>
				<timestamp>3018.359238</timestamp>
			</report>
			<report>
				<misses>7952001</misses>
				<total>10</total>
				<timestamp>3018.738884</timestamp>
			</report>
			<report>
				<misses>7953001</misses>
				<total>10</total>
				<timestamp>3019.118447</timestamp>
			</report>
			<report>
				<misses>7954001</misses>
				<total>10</total>
				<timestamp>3019.498067</timestamp>
			</report>
			<report>
				<misses>7955001</misses>
				<total>10</total>
				<timestamp>3019.877662</timestamp>
			</report>
			<report>
				<misses>7956001</misses>
				<total>10</total>
				<timestamp>3020.257316</timestamp>
			</report>
			<report>
				<misses>7957001</misses>
				<total>10</total>
				<timestamp>3020.636910</timestamp>
			</report>
			<report>
				<misses>7958001</misses>
				<total>10</total>
				<timestamp>3021.016537</timestamp>
			</report>
			<report>
				<misses>7959001</misses>
				<total>10</total>
				<timestamp>3021.396141</timestamp>
			</report>
			<report>
				<misses>7960001</misses>
				<total>10</total>
				<timestamp>3021.775768</timestamp>
			</report>
			<report>
				<misses>7961001</misses>
				<total>10</total>
				<timestamp>3022.155396</timestamp>
			</report>
			<report>
				<misses>7962001</misses>
				<total>10</total>
				<timestamp>3022.535001</timestamp>
			</report>
			<report>
				<misses>7963001</misses>
				<total>10</total>
				<timestamp>3022.914627</timestamp>
			</report>
			<report>
				<misses>7964001</misses>
				<total>10</total>
				<timestamp>3023.294248</timestamp>
			</report>
			<report>
				<misses>7965001</misses>
				<total>10</total>
				<timestamp>3023.673869</timestamp>
			</report>
			<report>
				<misses>7966001</misses>
				<total>10</total>
				<timestamp>3024.053488</timestamp>
			</report>
			<report>
				<misses>7967001</misses>
				<total>10</total>
				<timestamp>3024.433140</timestamp>
			</report>
			<report>
				<misses>7968001</misses>
				<total>10</total>
				<timestamp>3024.812730</timestamp>
			</report>
			<report>
				<misses>7969001</misses>
				<total>10</total>
				<timestamp>3025.192347</timestamp>
			</report>
			<report>
				<misses>7970001</misses>
				<total>10</total>
				<timestamp>3025.572018</timestamp>
			</report>
			<report>
				<misses>7971001</misses>
				<total>10</total>
				<timestamp>3025.951586</timestamp>
			</report>
			<report>
				<misses>7972001</misses>
				<total>10</total>
				<timestamp>3026.331239</timestamp>
			</report>
			<report>
				<misses>7973001</misses>
				<total>10</total>
				<timestamp>3026.710849</timestamp>
			</report>
			<report>
				<misses>7974001</misses>
				<total>10</total>
				<timestamp>3027.090447</timestamp>
			</report>
			<report>
				<misses>7975001</misses>
				<total>10</total>
				<timestamp>3027.470089</timestamp>
			</report>
			<report>
				<misses>7976001</misses>
				<total>10</total>
				<timestamp>3027.849679</timestamp>
			</report>
			<report>
				<misses>7977001</misses>
				<total>10</total>
				<timestamp>3028.229305</timestamp>
			</report>
			<report>
				<misses>7978001</misses>
				<total>10</total>
				<timestamp>3028.608995</timestamp>
			</report>
			<report>
				<misses>7979001</misses>
				<total>10</total>
				<timestamp>3028.988536</timestamp>
			</report>
			<report>
				<misses>7980001</misses>
				<total>10</total>
				<timestamp>3029.368176</timestamp>
			</report>
			<report>
				<misses>7981001</misses>
				<total>10</total>
				<timestamp>3029.747815</timestamp>
			</report>
			<report>
				<misses>7982001</misses>
				<total>10</total>
				<timestamp>3030.127404</timestamp>
			</report>
			<report>
				<misses>7983001</misses>
				<total>10</total>
				<timestamp>3030.507051</timestamp>
			</report>
			<report>
				<misses>7984001</misses>
				<total>10</total>
				<timestamp>3030.886658</timestamp>
			</report>
			<report>
				<misses>7985001</misses>
				<total>10</total>
				<timestamp>3031.266291</timestamp>
			</report>
			<report>
				<misses>7986001</misses>
				<total>10</total>
				<timestamp>3031.645952</timestamp>
			</report>
			<report>
				<misses>7987001</misses>
				<total>10</total>
				<timestamp>3032.025508</timestamp>
			</report>
			<report>
				<misses>7988001</misses>
				<total>10</total>
				<timestamp>3032.405113</timestamp>
			</report>
			<report>
				<misses>7989001</misses>
				<total>10</total>
				<timestamp>3032.784757</timestamp>
			</report>
			<report>
				<misses>7990001</misses>
				<total>10</total>
				<timestamp>3033.164352</timestamp>
			</report>
			<report>
				<misses>7991001</misses>
				<total>10</total>
				<timestamp>3033.544032</timestamp>
			</report>
			<report>
				<misses>7992001</misses>
				<total>10</total>
				<timestamp>3033.923605</timestamp>
			</report>
			<report>
				<misses>7993001</misses>
				<total>10</total>
				<timestamp>3034.303241</timestamp>
			</report>
			<report>
				<misses>7994001</misses>
				<total>10</total>
				<timestamp>3034.682835</timestamp>
			</report>
			<report>
				<misses>7995001</misses>
				<total>10</total>
				<timestamp>3035.062471</timestamp>
			</report>
			<report>
				<misses>7996001</misses>
				<total>10</total>
				<timestamp>3035.442109</timestamp>
			</report>
			<report>
				<misses>7997001</misses>
				<total>10</total>
				<timestamp>3035.821710</timestamp>
			</report>
			<report>
				<misses>7998001</misses>
				<total>10</total>
				<timestamp>3036.201337</timestamp>
			</report>
			<report>
				<misses>7999001</misses>
				<total>10</total>
				<timestamp>3036.580980</timestamp>
			</report>
			<report>
				<misses>8000001</misses>
				<total>10</total>
				<timestamp>3036.960573</timestamp>
			</report>
			<report>
				<misses>8001001</misses>
				<total>10</total>
				<timestamp>3037.340185</timestamp>
			</report>
			<report>
				<misses>8002001</misses>
				<total>10</total>
				<timestamp>3037.719840</timestamp>
			</report>
			<report>
				<misses>8003001</misses>
				<total>10</total>
				<timestamp>3038.099426</timestamp>
			</report>
			<report>
				<misses>8004001</misses>
				<total>10</total>
				<timestamp>3038.479087</timestamp>
			</report>
			<report>
				<misses>8005001</misses>
				<total>10</total>
				<timestamp>3038.858663</timestamp>
			</report>
			<report>
				<misses>8006001</misses>
				<total>10</total>
				<timestamp>3039.238302</timestamp>
			</report>
			<report>
				<misses>8007001</misses>
				<total>10</total>
				<timestamp>3039.617936</timestamp>
			</report>
			<report>
				<misses>8008001</misses>
				<total>10</total>
				<timestamp>3039.997524</timestamp>
			</report>
			<report>
				<misses>8009001</misses>
				<total>10</total>
				<timestamp>3040.377145</timestamp>
			</report>
			<report>
				<misses>8010001</misses>
				<total>10</total>
				<timestamp>3040.756813</timestamp>
			</report>
			<report>
				<misses>8011001</misses>
				<total>10</total>
				<timestamp>3041.136399</timestamp>
			</report>
			<report>
				<misses>8012001</misses>
				<total>10</total>
				<timestamp>3041.516048</timestamp>
			</report>
			<report>
				<misses>8013001</misses>
				<total>10</total>
				<timestamp>3041.895613</timestamp>
			</report>
			<report>
				<misses>8014001</misses>
				<total>10</total>
				<timestamp>3042.275268</timestamp>
			</report>
			<report>
				<misses>8015001</misses>
				<total>10</total>
				<timestamp>3042.654904</timestamp>
			</report>
			<report>
				<misses>8016001</misses>
				<total>10</total>
				<timestamp>3043.034491</timestamp>
			</report>
			<report>
				<misses>8017001</misses>
				<total>10</total>
				<timestamp>3043.414128</timestamp>
			</report>
			<report>
				<misses>8018001</misses>
				<total>10</total>
				<timestamp>3043.793755</timestamp>
			</report>
			<report>
				<misses>8019001</misses>
				<total>10</total>
				<timestamp>3044.173393</timestamp>
			</report>
			<report>
				<misses>8020001</misses>
				<total>10</total>
				<timestamp>3044.552990</timestamp>
			</report>
			<report>
				<misses>8021001</misses>
				<total>10</total>
				<timestamp>3044.932582</timestamp>
			</report>
			<report>
				<misses>8022001</misses>
				<total>10</total>
				<timestamp>3045.312217</timestamp>
			</report>
			<report>
				<misses>8023001</misses>
				<total>10</total>
				<timestamp>3045.691853</timestamp>
			</report>
			<report>
				<misses>8024001</misses>
				<total>10</total>
				<timestamp>3046.071443</timestamp>
			</report>
			<report>
				<misses>8025001</misses>
				<total>10</total>
				<timestamp>3046.451055</timestamp>
			</report>
			<report>
				<misses>8026001</misses>
				<total>10</total>
				<timestamp>3046.830761</timestamp>
			</report>
			<report>
				<misses>8027001</misses>
				<total>10</total>
				<timestamp>3047.210295</timestamp>
			</report>
			<report>
				<misses>8028001</misses>
				<total>10</total>
				<timestamp>3047.589939</timestamp>
			</report>
			<report>
				<misses>8029001</misses>
				<total>10</total>
				<timestamp>3047.969556</timestamp>
			</report>
			<report>
				<misses>8030001</misses>
				<total>10</total>
				<timestamp>3048.349195</timestamp>
			</report>
			<report>
				<misses>8031001</misses>
				<total>10</total>
				<timestamp>3048.728860</timestamp>
			</report>
			<report>
				<misses>8032001</misses>
				<total>10</total>
				<timestamp>3049.108426</timestamp>
			</report>
			<report>
				<misses>8033001</misses>
				<total>10</total>
				<timestamp>3049.488039</timestamp>
			</report>
			<report>
				<misses>8034001</misses>
				<total>10</total>
				<timestamp>3049.867736</timestamp>
			</report>
			<report>
				<misses>8035001</misses>
				<total>10</total>
				<timestamp>3050.247278</timestamp>
			</report>
			<report>
				<misses>8036001</misses>
				<total>10</total>
				<timestamp>3050.626889</timestamp>
			</report>
			<report>
				<misses>8037001</misses>
				<total>10</total>
				<timestamp>3051.006500</timestamp>
			</report>
			<report>
				<misses>8038001</misses>
				<total>10</total>
				<timestamp>3051.386131</timestamp>
			</report>
			<report>
				<misses>8039001</misses>
				<total>10</total>
				<timestamp>3051.765781</timestamp>
			</report>
			<report>
				<misses>8040001</misses>
				<total>10</total>
				<timestamp>3052.145405</timestamp>
			</report>
			<report>
				<misses>8041001</misses>
				<total>10</total>
				<timestamp>3052.525024</timestamp>
			</report>
			<report>
				<misses>8042001</misses>
				<total>10</total>
				<timestamp>3052.904639</timestamp>
			</report>
			<report>
				<misses>8043001</misses>
				<total>10</total>
				<timestamp>3053.284293</timestamp>
			</report>
			<report>
				<misses>8044001</misses>
				<total>10</total>
				<timestamp>3053.663880</timestamp>
			</report>
			<report>
				<misses>8045001</misses>
				<total>10</total>
				<timestamp>3054.043468</timestamp>
			</report>
			<report>
				<misses>8046001</misses>
				<total>10</total>
				<timestamp>3054.423084</timestamp>
			</report>
			<report>
				<misses>8047001</misses>
				<total>10</total>
				<timestamp>3054.802710</timestamp>
			</report>
			<report>
				<misses>8048001</misses>
				<total>10</total>
				<timestamp>3055.182316</timestamp>
			</report>
			<report>
				<misses>8049001</misses>
				<total>10</total>
				<timestamp>3055.561946</timestamp>
			</report>
			<report>
				<misses>8050001</misses>
				<total>10</total>
				<timestamp>3055.941578</timestamp>
			</report>
			<report>
				<misses>8051001</misses>
				<total>10</total>
				<timestamp>3056.321181</timestamp>
			</report>
			<report>
				<misses>8052001</misses>
				<total>10</total>
				<timestamp>3056.700810</timestamp>
			</report>
			<report>
				<misses>8053001</misses>
				<total>10</total>
				<timestamp>3057.080409</timestamp>
			</report>
			<report>
				<misses>8054001</misses>
				<total>10</total>
				<timestamp>3057.460071</timestamp>
			</report>
			<report>
				<misses>8055001</misses>
				<total>10</total>
				<timestamp>3057.839720</timestamp>
			</report>
			<report>
				<misses>8056001</misses>
				<total>10</total>
				<timestamp>3058.219275</timestamp>
			</report>
			<report>
				<misses>8057001</misses>
				<total>10</total>
				<timestamp>3058.598935</timestamp>
			</report>
			<report>
				<misses>8058001</misses>
				<total>10</total>
				<timestamp>3058.978521</timestamp>
			</report>
			<report>
				<misses>8059001</misses>
				<total>10</total>
				<timestamp>3059.358157</timestamp>
			</report>
			<report>
				<misses>8060001</misses>
				<total>10</total>
				<timestamp>3059.737772</timestamp>
			</report>
			<report>
				<misses>8061001</misses>
				<total>10</total>
				<timestamp>3060.117370</timestamp>
			</report>
			<report>
				<misses>8062001</misses>
				<total>10</total>
				<timestamp>3060.497026</timestamp>
			</report>
			<report>
				<misses>8063001</misses>
				<total>10</total>
				<timestamp>3060.876636</timestamp>
			</report>
			<report>
				<misses>8064001</misses>
				<total>10</total>
				<timestamp>3061.256277</timestamp>
			</report>
			<report>
				<misses>8065001</misses>
				<total>10</total>
				<timestamp>3061.635880</timestamp>
			</report>
			<report>
				<misses>8066001</misses>
				<total>10</total>
				<timestamp>3062.015486</timestamp>
			</report>
			<report>
				<misses>8067001</misses>
				<total>10</total>
				<timestamp>3062.395110</timestamp>
			</report>
			<report>
				<misses>8068001</misses>
				<total>10</total>
				<timestamp>3062.774770</timestamp>
			</report>
			<report>
				<misses>8069001</misses>
				<total>10</total>
				<timestamp>3063.154362</timestamp>
			</report>
			<report>
				<misses>8070001</misses>
				<total>10</total>
				<timestamp>3063.533984</timestamp>
			</report>
			<report>
				<misses>8071001</misses>
				<total>10</total>
				<timestamp>3063.913620</timestamp>
			</report>
			<report>
				<misses>8072001</misses>
				<total>10</total>
				<timestamp>3064.293235</timestamp>
			</report>
			<report>
				<misses>8073001</misses>
				<total>10</total>
				<timestamp>3064.672848</timestamp>
			</report>
			<report>
				<misses>8074001</misses>
				<total>10</total>
				<timestamp>3065.052449</timestamp>
			</report>
			<report>
				<misses>8075001</misses>
				<total>10</total>
				<timestamp>3065.432050</timestamp>
			</report>
			<report>
				<misses>8076001</misses>
				<total>10</total>
				<timestamp>3065.811714</timestamp>
			</report>
			<report>
				<misses>8077001</misses>
				<total>10</total>
				<timestamp>3066.191311</timestamp>
			</report>
			<report>
				<misses>8078001</misses>
				<total>10</total>
				<timestamp>3066.570922</timestamp>
			</report>
			<report>
				<misses>8079001</misses>
				<total>10</total>
				<timestamp>3066.950537</timestamp>
			</report>
			<report>
				<misses>8080001</misses>
				<total>10</total>
				<timestamp>3067.330165</timestamp>
			</report>
			<report>
				<misses>8081001</misses>
				<total>10</total>
				<timestamp>3067.709783</timestamp>
			</report>
			<report>
				<misses>8082001</misses>
				<total>10</total>
				<timestamp>3068.089421</timestamp>
			</report>
			<report>
				<misses>8083001</misses>
				<total>10</total>
				<timestamp>3068.469025</timestamp>
			</report>
			<report>
				<misses>8084001</misses>
				<total>10</total>
				<timestamp>3068.848635</timestamp>
			</report>
			<report>
				<misses>8085001</misses>
				<total>10</total>
				<timestamp>3069.228281</timestamp>
			</report>
			<report>
				<misses>8086001</misses>
				<total>10</total>
				<timestamp>3069.607870</timestamp>
			</report>
			<report>
				<misses>8087001</misses>
				<total>10</total>
				<timestamp>3069.987549</timestamp>
			</report>
			<report>
				<misses>8088001</misses>
				<total>10</total>
				<timestamp>3070.367165</timestamp>
			</report>
			<report>
				<misses>8089001</misses>
				<total>10</total>
				<timestamp>3070.746746</timestamp>
			</report>
			<report>
				<misses>8090001</misses>
				<total>10</total>
				<timestamp>3071.126362</timestamp>
			</report>
			<report>
				<misses>8091001</misses>
				<total>10</total>
				<timestamp>3071.505973</timestamp>
			</report>
			<report>
				<misses>8092001</misses>
				<total>10</total>
				<timestamp>3071.885677</timestamp>
			</report>
			<report>
				<misses>8093001</misses>
				<total>10</total>
				<timestamp>3072.265247</timestamp>
			</report>
			<report>
				<misses>8094001</misses>
				<total>10</total>
				<timestamp>3072.644848</timestamp>
			</report>
			<report>
				<misses>8095001</misses>
				<total>10</total>
				<timestamp>3073.024473</timestamp>
			</report>
			<report>
				<misses>8096001</misses>
				<total>10</total>
				<timestamp>3073.404088</timestamp>
			</report>
			<report>
				<misses>8097001</misses>
				<total>10</total>
				<timestamp>3073.783751</timestamp>
			</report>
			<report>
				<misses>8098001</misses>
				<total>10</total>
				<timestamp>3074.163326</timestamp>
			</report>
			<report>
				<misses>8099001</misses>
				<total>10</total>
				<timestamp>3074.542947</timestamp>
			</report>
			<report>
				<misses>8100001</misses>
				<total>10</total>
				<timestamp>3074.922575</timestamp>
			</report>
			<report>
				<misses>8101001</misses>
				<total>10</total>
				<timestamp>3075.302188</timestamp>
			</report>
			<report>
				<misses>8102001</misses>
				<total>10</total>
				<timestamp>3075.681808</timestamp>
			</report>
			<report>
				<misses>8103001</misses>
				<total>10</total>
				<timestamp>3076.061436</timestamp>
			</report>
			<report>
				<misses>8104001</misses>
				<total>10</total>
				<timestamp>3076.441043</timestamp>
			</report>
			<report>
				<misses>8105001</misses>
				<total>10</total>
				<timestamp>3076.820687</timestamp>
			</report>
			<report>
				<misses>8106001</misses>
				<total>10</total>
				<timestamp>3077.200323</timestamp>
			</report>
			<report>
				<misses>8107001</misses>
				<total>10</total>
				<timestamp>3077.579920</timestamp>
			</report>
			<report>
				<misses>8108001</misses>
				<total>10</total>
				<timestamp>3077.959546</timestamp>
			</report>
			<report>
				<misses>8109001</misses>
				<total>10</total>
				<timestamp>3078.339179</timestamp>
			</report>
			<report>
				<misses>8110001</misses>
				<total>10</total>
				<timestamp>3078.718751</timestamp>
			</report>
			<report>
				<misses>8111001</misses>
				<total>10</total>
				<timestamp>3079.098398</timestamp>
			</report>
			<report>
				<misses>8112001</misses>
				<total>10</total>
				<timestamp>3079.478019</timestamp>
			</report>
			<report>
				<misses>8113001</misses>
				<total>10</total>
				<timestamp>3079.857647</timestamp>
			</report>
			<report>
				<misses>8114001</misses>
				<total>10</total>
				<timestamp>3080.237260</timestamp>
			</report>
			<report>
				<misses>8115001</misses>
				<total>10</total>
				<timestamp>3080.616857</timestamp>
			</report>
			<report>
				<misses>8116001</misses>
				<total>10</total>
				<timestamp>3080.996527</timestamp>
			</report>
			<report>
				<misses>8117001</misses>
				<total>10</total>
				<timestamp>3081.376107</timestamp>
			</report>
			<report>
				<misses>8118001</misses>
				<total>10</total>
				<timestamp>3081.755729</timestamp>
			</report>
			<report>
				<misses>8119001</misses>
				<total>10</total>
				<timestamp>3082.135363</timestamp>
			</report>
			<report>
				<misses>8120001</misses>
				<total>10</total>
				<timestamp>3082.514963</timestamp>
			</report>
			<report>
				<misses>8121001</misses>
				<total>10</total>
				<timestamp>3082.894593</timestamp>
			</report>
			<report>
				<misses>8122001</misses>
				<total>10</total>
				<timestamp>3083.274211</timestamp>
			</report>
			<report>
				<misses>8123001</misses>
				<total>10</total>
				<timestamp>3083.653854</timestamp>
			</report>
			<report>
				<misses>8124001</misses>
				<total>10</total>
				<timestamp>3084.033476</timestamp>
			</report>
			<report>
				<misses>8125001</misses>
				<total>10</total>
				<timestamp>3084.413100</timestamp>
			</report>
			<report>
				<misses>8126001</misses>
				<total>10</total>
				<timestamp>3084.792721</timestamp>
			</report>
			<report>
				<misses>8127001</misses>
				<total>10</total>
				<timestamp>3085.172342</timestamp>
			</report>
			<report>
				<misses>8128001</misses>
				<total>10</total>
				<timestamp>3085.551932</timestamp>
			</report>
			<report>
				<misses>8129001</misses>
				<total>10</total>
				<timestamp>3085.931569</timestamp>
			</report>
			<report>
				<misses>8130001</misses>
				<total>10</total>
				<timestamp>3086.311172</timestamp>
			</report>
			<report>
				<misses>8131001</misses>
				<total>10</total>
				<timestamp>3086.690790</timestamp>
			</report>
			<report>
				<misses>8132001</misses>
				<total>10</total>
				<timestamp>3087.070459</timestamp>
			</report>
			<report>
				<misses>8133001</misses>
				<total>10</total>
				<timestamp>3087.450009</timestamp>
			</report>
			<report>
				<misses>8134001</misses>
				<total>10</total>
				<timestamp>3087.829647</timestamp>
			</report>
			<report>
				<misses>8135001</misses>
				<total>10</total>
				<timestamp>3088.209283</timestamp>
			</report>
			<report>
				<misses>8136001</misses>
				<total>10</total>
				<timestamp>3088.588882</timestamp>
			</report>
			<report>
				<misses>8137001</misses>
				<total>10</total>
				<timestamp>3088.968536</timestamp>
			</report>
			<report>
				<misses>8138001</misses>
				<total>10</total>
				<timestamp>3089.348118</timestamp>
			</report>
			<report>
				<misses>8139001</misses>
				<total>10</total>
				<timestamp>3089.727738</timestamp>
			</report>
			<report>
				<misses>8140001</misses>
				<total>10</total>
				<timestamp>3090.107372</timestamp>
			</report>
			<report>
				<misses>8141001</misses>
				<total>10</total>
				<timestamp>3090.487031</timestamp>
			</report>
			<report>
				<misses>8142001</misses>
				<total>10</total>
				<timestamp>3090.866598</timestamp>
			</report>
			<report>
				<misses>8143001</misses>
				<total>10</total>
				<timestamp>3091.246258</timestamp>
			</report>
			<report>
				<misses>8144001</misses>
				<total>10</total>
				<timestamp>3091.625860</timestamp>
			</report>
			<report>
				<misses>8145001</misses>
				<total>10</total>
				<timestamp>3092.005556</timestamp>
			</report>
			<report>
				<misses>8146001</misses>
				<total>10</total>
				<timestamp>3092.385095</timestamp>
			</report>
			<report>
				<misses>8147001</misses>
				<total>10</total>
				<timestamp>3092.764739</timestamp>
			</report>
			<report>
				<misses>8148001</misses>
				<total>10</total>
				<timestamp>3093.144347</timestamp>
			</report>
			<report>
				<misses>8149001</misses>
				<total>10</total>
				<timestamp>3093.523975</timestamp>
			</report>
			<report>
				<misses>8150001</misses>
				<total>10</total>
				<timestamp>3093.903565</timestamp>
			</report>
			<report>
				<misses>8151001</misses>
				<total>10</total>
				<timestamp>3094.283192</timestamp>
			</report>
			<report>
				<misses>8152001</misses>
				<total>10</total>
				<timestamp>3094.662813</timestamp>
			</report>
			<report>
				<misses>8153001</misses>
				<total>10</total>
				<timestamp>3095.042470</timestamp>
			</report>
			<report>
				<misses>8154001</misses>
				<total>10</total>
				<timestamp>3095.422047</timestamp>
			</report>
			<report>
				<misses>8155001</misses>
				<total>10</total>
				<timestamp>3095.801682</timestamp>
			</report>
			<report>
				<misses>8156001</misses>
				<total>10</total>
				<timestamp>3096.181285</timestamp>
			</report>
			<report>
				<misses>8157001</misses>
				<total>10</total>
				<timestamp>3096.560920</timestamp>
			</report>
			<report>
				<misses>8158001</misses>
				<total>10</total>
				<timestamp>3096.940550</timestamp>
			</report>
			<report>
				<misses>8159001</misses>
				<total>10</total>
				<timestamp>3097.320135</timestamp>
			</report>
			<report>
				<misses>8160001</misses>
				<total>10</total>
				<timestamp>3097.699788</timestamp>
			</report>
			<report>
				<misses>8161001</misses>
				<total>10</total>
				<timestamp>3098.079450</timestamp>
			</report>
			<report>
				<misses>8162001</misses>
				<total>10</total>
				<timestamp>3098.459001</timestamp>
			</report>
			<report>
				<misses>8163001</misses>
				<total>10</total>
				<timestamp>3098.838608</timestamp>
			</report>
			<report>
				<misses>8164001</misses>
				<total>10</total>
				<timestamp>3099.218250</timestamp>
			</report>
			<report>
				<misses>8165001</misses>
				<total>10</total>
				<timestamp>3099.597885</timestamp>
			</report>
			<report>
				<misses>8166001</misses>
				<total>10</total>
				<timestamp>3099.977524</timestamp>
			</report>
			<report>
				<misses>8167001</misses>
				<total>10</total>
				<timestamp>3100.357110</timestamp>
			</report>
			<report>
				<misses>8168001</misses>
				<total>10</total>
				<timestamp>3100.736738</timestamp>
			</report>
			<report>
				<misses>8169001</misses>
				<total>10</total>
				<timestamp>3101.116415</timestamp>
			</report>
			<report>
				<misses>8170001</misses>
				<total>10</total>
				<timestamp>3101.495950</timestamp>
			</report>
			<report>
				<misses>8171001</misses>
				<total>10</total>
				<timestamp>3101.875643</timestamp>
			</report>
			<report>
				<misses>8172001</misses>
				<total>10</total>
				<timestamp>3102.255238</timestamp>
			</report>
			<report>
				<misses>8173001</misses>
				<total>10</total>
				<timestamp>3102.634821</timestamp>
			</report>
			<report>
				<misses>8174001</misses>
				<total>10</total>
				<timestamp>3103.014474</timestamp>
			</report>
			<report>
				<misses>8175001</misses>
				<total>10</total>
				<timestamp>3103.394057</timestamp>
			</report>
			<report>
				<misses>8176001</misses>
				<total>10</total>
				<timestamp>3103.773673</timestamp>
			</report>
			<report>
				<misses>8177001</misses>
				<total>10</total>
				<timestamp>3104.153326</timestamp>
			</report>
			<report>
				<misses>8178001</misses>
				<total>10</total>
				<timestamp>3104.532929</timestamp>
			</report>
			<report>
				<misses>8179001</misses>
				<total>10</total>
				<timestamp>3104.912543</timestamp>
			</report>
			<report>
				<misses>8180001</misses>
				<total>10</total>
				<timestamp>3105.292156</timestamp>
			</report>
			<report>
				<misses>8181001</misses>
				<total>10</total>
				<timestamp>3105.671785</timestamp>
			</report>
			<report>
				<misses>8182001</misses>
				<total>10</total>
				<timestamp>3106.051485</timestamp>
			</report>
			<report>
				<misses>8183001</misses>
				<total>10</total>
				<timestamp>3106.431044</timestamp>
			</report>
			<report>
				<misses>8184001</misses>
				<total>10</total>
				<timestamp>3106.810652</timestamp>
			</report>
			<report>
				<misses>8185001</misses>
				<total>10</total>
				<timestamp>3107.190309</timestamp>
			</report>
			<report>
				<misses>8186001</misses>
				<total>10</total>
				<timestamp>3107.569896</timestamp>
			</report>
			<report>
				<misses>8187001</misses>
				<total>10</total>
				<timestamp>3107.949523</timestamp>
			</report>
			<report>
				<misses>8188001</misses>
				<total>10</total>
				<timestamp>3108.329136</timestamp>
			</report>
			<report>
				<misses>8189001</misses>
				<total>10</total>
				<timestamp>3108.708748</timestamp>
			</report>
			<report>
				<misses>8190001</misses>
				<total>10</total>
				<timestamp>3109.088371</timestamp>
			</report>
			<report>
				<misses>8191001</misses>
				<total>10</total>
				<timestamp>3109.468026</timestamp>
			</report>
			<report>
				<misses>8192001</misses>
				<total>10</total>
				<timestamp>3109.847605</timestamp>
			</report>
			<report>
				<misses>8193001</misses>
				<total>10</total>
				<timestamp>3110.227249</timestamp>
			</report>
			<report>
				<misses>8194001</misses>
				<total>10</total>
				<timestamp>3110.606828</timestamp>
			</report>
			<report>
				<misses>8195001</misses>
				<total>10</total>
				<timestamp>3110.986457</timestamp>
			</report>
			<report>
				<misses>8196001</misses>
				<total>10</total>
				<timestamp>3111.366074</timestamp>
			</report>
			<report>
				<misses>8197001</misses>
				<total>10</total>
				<timestamp>3111.745720</timestamp>
			</report>
			<report>
				<misses>8198001</misses>
				<total>10</total>
				<timestamp>3112.125360</timestamp>
			</report>
			<report>
				<misses>8199001</misses>
				<total>10</total>
				<timestamp>3112.504949</timestamp>
			</report>
			<report>
				<misses>8200001</misses>
				<total>10</total>
				<timestamp>3112.884561</timestamp>
			</report>
			<report>
				<misses>8201001</misses>
				<total>10</total>
				<timestamp>3113.264172</timestamp>
			</report>
			<report>
				<misses>8202001</misses>
				<total>10</total>
				<timestamp>3113.643840</timestamp>
			</report>
			<report>
				<misses>8203001</misses>
				<total>10</total>
				<timestamp>3114.023476</timestamp>
			</report>
			<report>
				<misses>8204001</misses>
				<total>10</total>
				<timestamp>3114.403078</timestamp>
			</report>
			<report>
				<misses>8205001</misses>
				<total>10</total>
				<timestamp>3114.782683</timestamp>
			</report>
			<report>
				<misses>8206001</misses>
				<total>10</total>
				<timestamp>3115.162321</timestamp>
			</report>
			<report>
				<misses>8207001</misses>
				<total>10</total>
				<timestamp>3115.541899</timestamp>
			</report>
			<report>
				<misses>8208001</misses>
				<total>10</total>
				<timestamp>3115.921570</timestamp>
			</report>
			<report>
				<misses>8209001</misses>
				<total>10</total>
				<timestamp>3116.301142</timestamp>
			</report>
			<report>
				<misses>8210001</misses>
				<total>10</total>
				<timestamp>3116.680766</timestamp>
			</report>
			<report>
				<misses>8211001</misses>
				<total>10</total>
				<timestamp>3117.060419</timestamp>
			</report>
			<report>
				<misses>8212001</misses>
				<total>10</total>
				<timestamp>3117.439995</timestamp>
			</report>
			<report>
				<misses>8213001</misses>
				<total>10</total>
				<timestamp>3117.819630</timestamp>
			</report>
			<report>
				<misses>8214001</misses>
				<total>10</total>
				<timestamp>3118.199285</timestamp>
			</report>
			<report>
				<misses>8215001</misses>
				<total>10</total>
				<timestamp>3118.578899</timestamp>
			</report>
			<report>
				<misses>8216001</misses>
				<total>10</total>
				<timestamp>3118.958477</timestamp>
			</report>
			<report>
				<misses>8217001</misses>
				<total>10</total>
				<timestamp>3119.338095</timestamp>
			</report>
			<report>
				<misses>8218001</misses>
				<total>10</total>
				<timestamp>3119.717729</timestamp>
			</report>
			<report>
				<misses>8219001</misses>
				<total>10</total>
				<timestamp>3120.097420</timestamp>
			</report>
			<report>
				<misses>8220001</misses>
				<total>10</total>
				<timestamp>3120.476961</timestamp>
			</report>
			<report>
				<misses>8221001</misses>
				<total>10</total>
				<timestamp>3120.856585</timestamp>
			</report>
			<report>
				<misses>8222001</misses>
				<total>10</total>
				<timestamp>3121.236274</timestamp>
			</report>
			<report>
				<misses>8223001</misses>
				<total>10</total>
				<timestamp>3121.615846</timestamp>
			</report>
			<report>
				<misses>8224001</misses>
				<total>10</total>
				<timestamp>3121.995449</timestamp>
			</report>
			<report>
				<misses>8225001</misses>
				<total>10</total>
				<timestamp>3122.375078</timestamp>
			</report>
			<report>
				<misses>8226001</misses>
				<total>10</total>
				<timestamp>3122.754693</timestamp>
			</report>
			<report>
				<misses>8227001</misses>
				<total>10</total>
				<timestamp>3123.134316</timestamp>
			</report>
			<report>
				<misses>8228001</misses>
				<total>10</total>
				<timestamp>3123.513919</timestamp>
			</report>
			<report>
				<misses>8229001</misses>
				<total>10</total>
				<timestamp>3123.893560</timestamp>
			</report>
			<report>
				<misses>8230001</misses>
				<total>10</total>
				<timestamp>3124.273200</timestamp>
			</report>
			<report>
				<misses>8231001</misses>
				<total>10</total>
				<timestamp>3124.652785</timestamp>
			</report>
			<report>
				<misses>8232001</misses>
				<total>10</total>
				<timestamp>3125.032422</timestamp>
			</report>
			<report>
				<misses>8233001</misses>
				<total>10</total>
				<timestamp>3125.412033</timestamp>
			</report>
			<report>
				<misses>8234001</misses>
				<total>10</total>
				<timestamp>3125.791641</timestamp>
			</report>
			<report>
				<misses>8235001</misses>
				<total>10</total>
				<timestamp>3126.171303</timestamp>
			</report>
			<report>
				<misses>8236001</misses>
				<total>10</total>
				<timestamp>3126.550882</timestamp>
			</report>
			<report>
				<misses>8237001</misses>
				<total>10</total>
				<timestamp>3126.930508</timestamp>
			</report>
			<report>
				<misses>8238001</misses>
				<total>10</total>
				<timestamp>3127.310127</timestamp>
			</report>
			<report>
				<misses>8239001</misses>
				<total>10</total>
				<timestamp>3127.689744</timestamp>
			</report>
			<report>
				<misses>8240001</misses>
				<total>10</total>
				<timestamp>3128.069413</timestamp>
			</report>
			<report>
				<misses>8241001</misses>
				<total>10</total>
				<timestamp>3128.448992</timestamp>
			</report>
			<report>
				<misses>8242001</misses>
				<total>10</total>
				<timestamp>3128.828601</timestamp>
			</report>
			<report>
				<misses>8243001</misses>
				<total>10</total>
				<timestamp>3129.208234</timestamp>
			</report>
			<report>
				<misses>8244001</misses>
				<total>10</total>
				<timestamp>3129.587830</timestamp>
			</report>
			<report>
				<misses>8245001</misses>
				<total>10</total>
				<timestamp>3129.967485</timestamp>
			</report>
			<report>
				<misses>8246001</misses>
				<total>10</total>
				<timestamp>3130.347101</timestamp>
			</report>
			<report>
				<misses>8247001</misses>
				<total>10</total>
				<timestamp>3130.726720</timestamp>
			</report>
			<report>
				<misses>8248001</misses>
				<total>10</total>
				<timestamp>3131.106360</timestamp>
			</report>
			<report>
				<misses>8249001</misses>
				<total>10</total>
				<timestamp>3131.485945</timestamp>
			</report>
			<report>
				<misses>8250001</misses>
				<total>10</total>
				<timestamp>3131.865561</timestamp>
			</report>
			<report>
				<misses>8251001</misses>
				<total>10</total>
				<timestamp>3132.245226</timestamp>
			</report>
			<report>
				<misses>8252001</misses>
				<total>10</total>
				<timestamp>3132.624795</timestamp>
			</report>
			<report>
				<misses>8253001</misses>
				<total>10</total>
				<timestamp>3133.004423</timestamp>
			</report>
			<report>
				<misses>8254001</misses>
				<total>10</total>
				<timestamp>3133.384033</timestamp>
			</report>
			<report>
				<misses>8255001</misses>
				<total>10</total>
				<timestamp>3133.763658</timestamp>
			</report>
			<report>
				<misses>8256001</misses>
				<total>10</total>
				<timestamp>3134.143305</timestamp>
			</report>
			<report>
				<misses>8257001</misses>
				<total>10</total>
				<timestamp>3134.522925</timestamp>
			</report>
			<report>
				<misses>8258001</misses>
				<total>10</total>
				<timestamp>3134.902522</timestamp>
			</report>
			<report>
				<misses>8259001</misses>
				<total>10</total>
				<timestamp>3135.282179</timestamp>
			</report>
			<report>
				<misses>8260001</misses>
				<total>10</total>
				<timestamp>3135.661752</timestamp>
			</report>
			<report>
				<misses>8261001</misses>
				<total>10</total>
				<timestamp>3136.041380</timestamp>
			</report>
			<report>
				<misses>8262001</misses>
				<total>10</total>
				<timestamp>3136.420995</timestamp>
			</report>
			<report>
				<misses>8263001</misses>
				<total>10</total>
				<timestamp>3136.800645</timestamp>
			</report>
			<report>
				<misses>8264001</misses>
				<total>10</total>
				<timestamp>3137.180312</timestamp>
			</report>
			<report>
				<misses>8265001</misses>
				<total>10</total>
				<timestamp>3137.559853</timestamp>
			</report>
			<report>
				<misses>8266001</misses>
				<total>10</total>
				<timestamp>3137.939476</timestamp>
			</report>
			<report>
				<misses>8267001</misses>
				<total>10</total>
				<timestamp>3138.319124</timestamp>
			</report>
			<report>
				<misses>8268001</misses>
				<total>10</total>
				<timestamp>3138.698724</timestamp>
			</report>
			<report>
				<misses>8269001</misses>
				<total>10</total>
				<timestamp>3139.078344</timestamp>
			</report>
			<report>
				<misses>8270001</misses>
				<total>10</total>
				<timestamp>3139.457956</timestamp>
			</report>
			<report>
				<misses>8271001</misses>
				<total>10</total>
				<timestamp>3139.837594</timestamp>
			</report>
			<report>
				<misses>8272001</misses>
				<total>10</total>
				<timestamp>3140.217218</timestamp>
			</report>
			<report>
				<misses>8273001</misses>
				<total>10</total>
				<timestamp>3140.596838</timestamp>
			</report>
			<report>
				<misses>8274001</misses>
				<total>10</total>
				<timestamp>3140.976447</timestamp>
			</report>
			<report>
				<misses>8275001</misses>
				<total>10</total>
				<timestamp>3141.356124</timestamp>
			</report>
			<report>
				<misses>8276001</misses>
				<total>10</total>
				<timestamp>3141.735675</timestamp>
			</report>
			<report>
				<misses>8277001</misses>
				<total>10</total>
				<timestamp>3142.115341</timestamp>
			</report>
			<report>
				<misses>8278001</misses>
				<total>10</total>
				<timestamp>3142.494930</timestamp>
			</report>
			<report>
				<misses>8279001</misses>
				<total>10</total>
				<timestamp>3142.874555</timestamp>
			</report>
			<report>
				<misses>8280001</misses>
				<total>10</total>
				<timestamp>3143.254199</timestamp>
			</report>
			<report>
				<misses>8281001</misses>
				<total>10</total>
				<timestamp>3143.633769</timestamp>
			</report>
			<report>
				<misses>8282001</misses>
				<total>10</total>
				<timestamp>3144.013402</timestamp>
			</report>
			<report>
				<misses>8283001</misses>
				<total>10</total>
				<timestamp>3144.393035</timestamp>
			</report>
			<report>
				<misses>8284001</misses>
				<total>10</total>
				<timestamp>3144.772635</timestamp>
			</report>
			<report>
				<misses>8285001</misses>
				<total>10</total>
				<timestamp>3145.152291</timestamp>
			</report>
			<report>
				<misses>8286001</misses>
				<total>10</total>
				<timestamp>3145.531888</timestamp>
			</report>
			<report>
				<misses>8287001</misses>
				<total>10</total>
				<timestamp>3145.911497</timestamp>
			</report>
			<report>
				<misses>8288001</misses>
				<total>10</total>
				<timestamp>3146.291139</timestamp>
			</report>
			<report>
				<misses>8289001</misses>
				<total>10</total>
				<timestamp>3146.670742</timestamp>
			</report>
			<report>
				<misses>8290001</misses>
				<total>10</total>
				<timestamp>3147.050385</timestamp>
			</report>
			<report>
				<misses>8291001</misses>
				<total>10</total>
				<timestamp>3147.429997</timestamp>
			</report>
			<report>
				<misses>8292001</misses>
				<total>10</total>
				<timestamp>3147.809658</timestamp>
			</report>
			<report>
				<misses>8293001</misses>
				<total>10</total>
				<timestamp>3148.189249</timestamp>
			</report>
			<report>
				<misses>8294001</misses>
				<total>10</total>
				<timestamp>3148.568837</timestamp>
			</report>
			<report>
				<misses>8295001</misses>
				<total>10</total>
				<timestamp>3148.948451</timestamp>
			</report>
			<report>
				<misses>8296001</misses>
				<total>10</total>
				<timestamp>3149.328088</timestamp>
			</report>
			<report>
				<misses>8297001</misses>
				<total>10</total>
				<timestamp>3149.707717</timestamp>
			</report>
			<report>
				<misses>8298001</misses>
				<total>10</total>
				<timestamp>3150.087317</timestamp>
			</report>
			<report>
				<misses>8299001</misses>
				<total>10</total>
				<timestamp>3150.466997</timestamp>
			</report>
			<report>
				<misses>8300001</misses>
				<total>10</total>
				<timestamp>3150.846554</timestamp>
			</report>
			<report>
				<misses>8301001</misses>
				<total>10</total>
				<timestamp>3151.226218</timestamp>
			</report>
			<report>
				<misses>8302001</misses>
				<total>10</total>
				<timestamp>3151.605837</timestamp>
			</report>
			<report>
				<misses>8303001</misses>
				<total>10</total>
				<timestamp>3151.985459</timestamp>
			</report>
			<report>
				<misses>8304001</misses>
				<total>10</total>
				<timestamp>3152.365061</timestamp>
			</report>
			<report>
				<misses>8305001</misses>
				<total>10</total>
				<timestamp>3152.744677</timestamp>
			</report>
			<report>
				<misses>8306001</misses>
				<total>10</total>
				<timestamp>3153.124285</timestamp>
			</report>
			<report>
				<misses>8307001</misses>
				<total>10</total>
				<timestamp>3153.503884</timestamp>
			</report>
			<report>
				<misses>8308001</misses>
				<total>10</total>
				<timestamp>3153.883541</timestamp>
			</report>
			<report>
				<misses>8309001</misses>
				<total>10</total>
				<timestamp>3154.263168</timestamp>
			</report>
			<report>
				<misses>8310001</misses>
				<total>10</total>
				<timestamp>3154.642757</timestamp>
			</report>
			<report>
				<misses>8311001</misses>
				<total>10</total>
				<timestamp>3155.022367</timestamp>
			</report>
			<report>
				<misses>8312001</misses>
				<total>10</total>
				<timestamp>3155.402029</timestamp>
			</report>
			<report>
				<misses>8313001</misses>
				<total>10</total>
				<timestamp>3155.781617</timestamp>
			</report>
			<report>
				<misses>8314001</misses>
				<total>10</total>
				<timestamp>3156.161293</timestamp>
			</report>
			<report>
				<misses>8315001</misses>
				<total>10</total>
				<timestamp>3156.540910</timestamp>
			</report>
			<report>
				<misses>8316001</misses>
				<total>10</total>
				<timestamp>3156.920521</timestamp>
			</report>
			<report>
				<misses>8317001</misses>
				<total>10</total>
				<timestamp>3157.300102</timestamp>
			</report>
			<report>
				<misses>8318001</misses>
				<total>10</total>
				<timestamp>3157.679752</timestamp>
			</report>
			<report>
				<misses>8319001</misses>
				<total>10</total>
				<timestamp>3158.059352</timestamp>
			</report>
			<report>
				<misses>8320001</misses>
				<total>10</total>
				<timestamp>3158.438972</timestamp>
			</report>
			<report>
				<misses>8321001</misses>
				<total>10</total>
				<timestamp>3158.818571</timestamp>
			</report>
			<report>
				<misses>8322001</misses>
				<total>10</total>
				<timestamp>3159.198208</timestamp>
			</report>
			<report>
				<misses>8323001</misses>
				<total>10</total>
				<timestamp>3159.577814</timestamp>
			</report>
			<report>
				<misses>8324001</misses>
				<total>10</total>
				<timestamp>3159.957457</timestamp>
			</report>
			<report>
				<misses>8325001</misses>
				<total>10</total>
				<timestamp>3160.337083</timestamp>
			</report>
			<report>
				<misses>8326001</misses>
				<total>10</total>
				<timestamp>3160.716676</timestamp>
			</report>
			<report>
				<misses>8327001</misses>
				<total>10</total>
				<timestamp>3161.096324</timestamp>
			</report>
			<report>
				<misses>8328001</misses>
				<total>10</total>
				<timestamp>3161.475918</timestamp>
			</report>
			<report>
				<misses>8329001</misses>
				<total>10</total>
				<timestamp>3161.855561</timestamp>
			</report>
			<report>
				<misses>8330001</misses>
				<total>10</total>
				<timestamp>3162.235161</timestamp>
			</report>
			<report>
				<misses>8331001</misses>
				<total>10</total>
				<timestamp>3162.614776</timestamp>
			</report>
			<report>
				<misses>8332001</misses>
				<total>10</total>
				<timestamp>3162.994429</timestamp>
			</report>
			<report>
				<misses>8333001</misses>
				<total>10</total>
				<timestamp>3163.374017</timestamp>
			</report>
			<report>
				<misses>8334001</misses>
				<total>10</total>
				<timestamp>3163.753646</timestamp>
			</report>
			<report>
				<misses>8335001</misses>
				<total>10</total>
				<timestamp>3164.133277</timestamp>
			</report>
			<report>
				<misses>8336001</misses>
				<total>10</total>
				<timestamp>3164.512900</timestamp>
			</report>
			<report>
				<misses>8337001</misses>
				<total>10</total>
				<timestamp>3164.892525</timestamp>
			</report>
			<report>
				<misses>8338001</misses>
				<total>10</total>
				<timestamp>3165.272139</timestamp>
			</report>
			<report>
				<misses>8339001</misses>
				<total>10</total>
				<timestamp>3165.651746</timestamp>
			</report>
			<report>
				<misses>8340001</misses>
				<total>10</total>
				<timestamp>3166.031394</timestamp>
			</report>
			<report>
				<misses>8341001</misses>
				<total>10</total>
				<timestamp>3166.410981</timestamp>
			</report>
			<report>
				<misses>8342001</misses>
				<total>10</total>
				<timestamp>3166.790596</timestamp>
			</report>
			<report>
				<misses>8343001</misses>
				<total>10</total>
				<timestamp>3167.170237</timestamp>
			</report>
			<report>
				<misses>8344001</misses>
				<total>10</total>
				<timestamp>3167.549863</timestamp>
			</report>
			<report>
				<misses>8345001</misses>
				<total>10</total>
				<timestamp>3167.929461</timestamp>
			</report>
			<report>
				<misses>8346001</misses>
				<total>10</total>
				<timestamp>3168.309072</timestamp>
			</report>
			<report>
				<misses>8347001</misses>
				<total>10</total>
				<timestamp>3168.688694</timestamp>
			</report>
			<report>
				<misses>8348001</misses>
				<total>10</total>
				<timestamp>3169.068331</timestamp>
			</report>
			<report>
				<misses>8349001</misses>
				<total>10</total>
				<timestamp>3169.447970</timestamp>
			</report>
			<report>
				<misses>8350001</misses>
				<total>10</total>
				<timestamp>3169.827599</timestamp>
			</report>
			<report>
				<misses>8351001</misses>
				<total>10</total>
				<timestamp>3170.207193</timestamp>
			</report>
			<report>
				<misses>8352001</misses>
				<total>10</total>
				<timestamp>3170.586837</timestamp>
			</report>
			<report>
				<misses>8353001</misses>
				<total>10</total>
				<timestamp>3170.966470</timestamp>
			</report>
			<report>
				<misses>8354001</misses>
				<total>10</total>
				<timestamp>3171.346045</timestamp>
			</report>
			<report>
				<misses>8355001</misses>
				<total>10</total>
				<timestamp>3171.725654</timestamp>
			</report>
			<report>
				<misses>8356001</misses>
				<total>10</total>
				<timestamp>3172.105349</timestamp>
			</report>
			<report>
				<misses>8357001</misses>
				<total>10</total>
				<timestamp>3172.484976</timestamp>
			</report>
			<report>
				<misses>8358001</misses>
				<total>10</total>
				<timestamp>3172.864508</timestamp>
			</report>
			<report>
				<misses>8359001</misses>
				<total>10</total>
				<timestamp>3173.244146</timestamp>
			</report>
			<report>
				<misses>8360001</misses>
				<total>10</total>
				<timestamp>3173.623762</timestamp>
			</report>
			<report>
				<misses>8361001</misses>
				<total>10</total>
				<timestamp>3174.003418</timestamp>
			</report>
			<report>
				<misses>8362001</misses>
				<total>10</total>
				<timestamp>3174.383011</timestamp>
			</report>
			<report>
				<misses>8363001</misses>
				<total>10</total>
				<timestamp>3174.762629</timestamp>
			</report>
			<report>
				<misses>8364001</misses>
				<total>10</total>
				<timestamp>3175.142278</timestamp>
			</report>
			<report>
				<misses>8365001</misses>
				<total>10</total>
				<timestamp>3175.521878</timestamp>
			</report>
			<report>
				<misses>8366001</misses>
				<total>10</total>
				<timestamp>3175.901501</timestamp>
			</report>
			<report>
				<misses>8367001</misses>
				<total>10</total>
				<timestamp>3176.281107</timestamp>
			</report>
			<report>
				<misses>8368001</misses>
				<total>10</total>
				<timestamp>3176.660724</timestamp>
			</report>
			<report>
				<misses>8369001</misses>
				<total>10</total>
				<timestamp>3177.040352</timestamp>
			</report>
			<report>
				<misses>8370001</misses>
				<total>10</total>
				<timestamp>3177.419973</timestamp>
			</report>
			<report>
				<misses>8371001</misses>
				<total>10</total>
				<timestamp>3177.799607</timestamp>
			</report>
			<report>
				<misses>8372001</misses>
				<total>10</total>
				<timestamp>3178.179244</timestamp>
			</report>
			<report>
				<misses>8373001</misses>
				<total>10</total>
				<timestamp>3178.558870</timestamp>
			</report>
			<report>
				<misses>8374001</misses>
				<total>10</total>
				<timestamp>3178.938471</timestamp>
			</report>
			<report>
				<misses>8375001</misses>
				<total>10</total>
				<timestamp>3179.318059</timestamp>
			</report>
			<report>
				<misses>8376001</misses>
				<total>10</total>
				<timestamp>3179.697715</timestamp>
			</report>
			<report>
				<misses>8377001</misses>
				<total>10</total>
				<timestamp>3180.077305</timestamp>
			</report>
			<report>
				<misses>8378001</misses>
				<total>10</total>
				<timestamp>3180.456945</timestamp>
			</report>
			<report>
				<misses>8379001</misses>
				<total>10</total>
				<timestamp>3180.836541</timestamp>
			</report>
			<report>
				<misses>8380001</misses>
				<total>10</total>
				<timestamp>3181.216169</timestamp>
			</report>
			<report>
				<misses>8381001</misses>
				<total>10</total>
				<timestamp>3181.595791</timestamp>
			</report>
			<report>
				<misses>8382001</misses>
				<total>10</total>
				<timestamp>3181.975410</timestamp>
			</report>
			<report>
				<misses>8383001</misses>
				<total>10</total>
				<timestamp>3182.355027</timestamp>
			</report>
			<report>
				<misses>8384001</misses>
				<total>10</total>
				<timestamp>3182.734645</timestamp>
			</report>
			<report>
				<misses>8385001</misses>
				<total>10</total>
				<timestamp>3183.114330</timestamp>
			</report>
			<report>
				<misses>8386001</misses>
				<total>10</total>
				<timestamp>3183.493911</timestamp>
			</report>
			<report>
				<misses>8387001</misses>
				<total>10</total>
				<timestamp>3183.873496</timestamp>
			</report>
			<report>
				<misses>8388001</misses>
				<total>10</total>
				<timestamp>3184.253132</timestamp>
			</report>
			<report>
				<misses>8389001</misses>
				<total>10</total>
				<timestamp>3184.632786</timestamp>
			</report>
			<report>
				<misses>8390001</misses>
				<total>10</total>
				<timestamp>3185.012394</timestamp>
			</report>
			<report>
				<misses>8391001</misses>
				<total>10</total>
				<timestamp>3185.392037</timestamp>
			</report>
			<report>
				<misses>8392001</misses>
				<total>10</total>
				<timestamp>3185.771649</timestamp>
			</report>
			<report>
				<misses>8393001</misses>
				<total>10</total>
				<timestamp>3186.151269</timestamp>
			</report>
			<report>
				<misses>8394001</misses>
				<total>10</total>
				<timestamp>3186.530905</timestamp>
			</report>
			<report>
				<misses>8395001</misses>
				<total>10</total>
				<timestamp>3186.910496</timestamp>
			</report>
			<report>
				<misses>8396001</misses>
				<total>10</total>
				<timestamp>3187.290102</timestamp>
			</report>
			<report>
				<misses>8397001</misses>
				<total>10</total>
				<timestamp>3187.669703</timestamp>
			</report>
			<report>
				<misses>8398001</misses>
				<total>10</total>
				<timestamp>3188.049361</timestamp>
			</report>
			<report>
				<misses>8399001</misses>
				<total>10</total>
				<timestamp>3188.428971</timestamp>
			</report>
			<report>
				<misses>8400001</misses>
				<total>10</total>
				<timestamp>3188.808579</timestamp>
			</report>
			<report>
				<misses>8401001</misses>
				<total>10</total>
				<timestamp>3189.188205</timestamp>
			</report>
			<report>
				<misses>8402001</misses>
				<total>10</total>
				<timestamp>3189.567829</timestamp>
			</report>
			<report>
				<misses>8403001</misses>
				<total>10</total>
				<timestamp>3189.947462</timestamp>
			</report>
			<report>
				<misses>8404001</misses>
				<total>10</total>
				<timestamp>3190.327094</timestamp>
			</report>
			<report>
				<misses>8405001</misses>
				<total>10</total>
				<timestamp>3190.706668</timestamp>
			</report>
			<report>
				<misses>8406001</misses>
				<total>10</total>
				<timestamp>3191.086284</timestamp>
			</report>
			<report>
				<misses>8407001</misses>
				<total>10</total>
				<timestamp>3191.465917</timestamp>
			</report>
			<report>
				<misses>8408001</misses>
				<total>10</total>
				<timestamp>3191.845541</timestamp>
			</report>
			<report>
				<misses>8409001</misses>
				<total>10</total>
				<timestamp>3192.225159</timestamp>
			</report>
			<report>
				<misses>8410001</misses>
				<total>10</total>
				<timestamp>3192.604779</timestamp>
			</report>
			<report>
				<misses>8411001</misses>
				<total>10</total>
				<timestamp>3192.984385</timestamp>
			</report>
			<report>
				<misses>8412001</misses>
				<total>10</total>
				<timestamp>3193.364036</timestamp>
			</report>
			<report>
				<misses>8413001</misses>
				<total>10</total>
				<timestamp>3193.743632</timestamp>
			</report>
			<report>
				<misses>8414001</misses>
				<total>10</total>
				<timestamp>3194.123255</timestamp>
			</report>
			<report>
				<misses>8415001</misses>
				<total>10</total>
				<timestamp>3194.502867</timestamp>
			</report>
			<report>
				<misses>8416001</misses>
				<total>10</total>
				<timestamp>3194.882493</timestamp>
			</report>
			<report>
				<misses>8417001</misses>
				<total>10</total>
				<timestamp>3195.262110</timestamp>
			</report>
			<report>
				<misses>8418001</misses>
				<total>10</total>
				<timestamp>3195.641759</timestamp>
			</report>
			<report>
				<misses>8419001</misses>
				<total>10</total>
				<timestamp>3196.021336</timestamp>
			</report>
			<report>
				<misses>8420001</misses>
				<total>10</total>
				<timestamp>3196.400956</timestamp>
			</report>
			<report>
				<misses>8421001</misses>
				<total>10</total>
				<timestamp>3196.780609</timestamp>
			</report>
			<report>
				<misses>8422001</misses>
				<total>10</total>
				<timestamp>3197.160215</timestamp>
			</report>
			<report>
				<misses>8423001</misses>
				<total>10</total>
				<timestamp>3197.539855</timestamp>
			</report>
			<report>
				<misses>8424001</misses>
				<total>10</total>
				<timestamp>3197.919455</timestamp>
			</report>
			<report>
				<misses>8425001</misses>
				<total>10</total>
				<timestamp>3198.299063</timestamp>
			</report>
			<report>
				<misses>8426001</misses>
				<total>10</total>
				<timestamp>3198.678686</timestamp>
			</report>
			<report>
				<misses>8427001</misses>
				<total>10</total>
				<timestamp>3199.058319</timestamp>
			</report>
			<report>
				<misses>8428001</misses>
				<total>10</total>
				<timestamp>3199.437943</timestamp>
			</report>
			<report>
				<misses>8429001</misses>
				<total>10</total>
				<timestamp>3199.817533</timestamp>
			</report>
			<report>
				<misses>8430001</misses>
				<total>10</total>
				<timestamp>3200.197170</timestamp>
			</report>
			<report>
				<misses>8431001</misses>
				<total>10</total>
				<timestamp>3200.576813</timestamp>
			</report>
			<report>
				<misses>8432001</misses>
				<total>10</total>
				<timestamp>3200.956393</timestamp>
			</report>
			<report>
				<misses>8433001</misses>
				<total>10</total>
				<timestamp>3201.336009</timestamp>
			</report>
			<report>
				<misses>8434001</misses>
				<total>10</total>
				<timestamp>3201.715637</timestamp>
			</report>
			<report>
				<misses>8435001</misses>
				<total>10</total>
				<timestamp>3202.095305</timestamp>
			</report>
			<report>
				<misses>8436001</misses>
				<total>10</total>
				<timestamp>3202.474903</timestamp>
			</report>
			<report>
				<misses>8437001</misses>
				<total>10</total>
				<timestamp>3202.854511</timestamp>
			</report>
			<report>
				<misses>8438001</misses>
				<total>10</total>
				<timestamp>3203.234129</timestamp>
			</report>
			<report>
				<misses>8439001</misses>
				<total>10</total>
				<timestamp>3203.613782</timestamp>
			</report>
			<report>
				<misses>8440001</misses>
				<total>10</total>
				<timestamp>3203.993363</timestamp>
			</report>
			<report>
				<misses>8441001</misses>
				<total>10</total>
				<timestamp>3204.372971</timestamp>
			</report>
			<report>
				<misses>8442001</misses>
				<total>10</total>
				<timestamp>3204.752599</timestamp>
			</report>
			<report>
				<misses>8443001</misses>
				<total>10</total>
				<timestamp>3205.132236</timestamp>
			</report>
			<report>
				<misses>8444001</misses>
				<total>10</total>
				<timestamp>3205.511934</timestamp>
			</report>
			<report>
				<misses>8445001</misses>
				<total>10</total>
				<timestamp>3205.891489</timestamp>
			</report>
			<report>
				<misses>8446001</misses>
				<total>10</total>
				<timestamp>3206.271092</timestamp>
			</report>
			<report>
				<misses>8447001</misses>
				<total>10</total>
				<timestamp>3206.650750</timestamp>
			</report>
			<report>
				<misses>8448001</misses>
				<total>10</total>
				<timestamp>3207.030331</timestamp>
			</report>
			<report>
				<misses>8449001</misses>
				<total>10</total>
				<timestamp>3207.409976</timestamp>
			</report>
			<report>
				<misses>8450001</misses>
				<total>10</total>
				<timestamp>3207.789570</timestamp>
			</report>
			<report>
				<misses>8451001</misses>
				<total>10</total>
				<timestamp>3208.169204</timestamp>
			</report>
			<report>
				<misses>8452001</misses>
				<total>10</total>
				<timestamp>3208.548834</timestamp>
			</report>
			<report>
				<misses>8453001</misses>
				<total>10</total>
				<timestamp>3208.928423</timestamp>
			</report>
			<report>
				<misses>8454001</misses>
				<total>10</total>
				<timestamp>3209.308041</timestamp>
			</report>
			<report>
				<misses>8455001</misses>
				<total>10</total>
				<timestamp>3209.687710</timestamp>
			</report>
			<report>
				<misses>8456001</misses>
				<total>10</total>
				<timestamp>3210.067295</timestamp>
			</report>
			<report>
				<misses>8457001</misses>
				<total>10</total>
				<timestamp>3210.446914</timestamp>
			</report>
			<report>
				<misses>8458001</misses>
				<total>10</total>
				<timestamp>3210.826517</timestamp>
			</report>
			<report>
				<misses>8459001</misses>
				<total>10</total>
				<timestamp>3211.206181</timestamp>
			</report>
			<report>
				<misses>8460001</misses>
				<total>10</total>
				<timestamp>3211.585784</timestamp>
			</report>
			<report>
				<misses>8461001</misses>
				<total>10</total>
				<timestamp>3211.965403</timestamp>
			</report>
			<report>
				<misses>8462001</misses>
				<total>10</total>
				<timestamp>3212.345017</timestamp>
			</report>
			<report>
				<misses>8463001</misses>
				<total>10</total>
				<timestamp>3212.724645</timestamp>
			</report>
			<report>
				<misses>8464001</misses>
				<total>10</total>
				<timestamp>3213.104261</timestamp>
			</report>
			<report>
				<misses>8465001</misses>
				<total>10</total>
				<timestamp>3213.483871</timestamp>
			</report>
			<report>
				<misses>8466001</misses>
				<total>10</total>
				<timestamp>3213.863476</timestamp>
			</report>
			<report>
				<misses>8467001</misses>
				<total>10</total>
				<timestamp>3214.243108</timestamp>
			</report>
			<report>
				<misses>8468001</misses>
				<total>10</total>
				<timestamp>3214.622717</timestamp>
			</report>
			<report>
				<misses>8469001</misses>
				<total>10</total>
				<timestamp>3215.002358</timestamp>
			</report>
			<report>
				<misses>8470001</misses>
				<total>10</total>
				<timestamp>3215.381971</timestamp>
			</report>
			<report>
				<misses>8471001</misses>
				<total>10</total>
				<timestamp>3215.761665</timestamp>
			</report>
			<report>
				<misses>8472001</misses>
				<total>10</total>
				<timestamp>3216.141214</timestamp>
			</report>
			<report>
				<misses>8473001</misses>
				<total>10</total>
				<timestamp>3216.520850</timestamp>
			</report>
			<report>
				<misses>8474001</misses>
				<total>10</total>
				<timestamp>3216.900442</timestamp>
			</report>
			<report>
				<misses>8475001</misses>
				<total>10</total>
				<timestamp>3217.280112</timestamp>
			</report>
			<report>
				<misses>8476001</misses>
				<total>10</total>
				<timestamp>3217.659701</timestamp>
			</report>
			<report>
				<misses>8477001</misses>
				<total>10</total>
				<timestamp>3218.039295</timestamp>
			</report>
			<report>
				<misses>8478001</misses>
				<total>10</total>
				<timestamp>3218.418919</timestamp>
			</report>
			<report>
				<misses>8479001</misses>
				<total>10</total>
				<timestamp>3218.798548</timestamp>
			</report>
			<report>
				<misses>8480001</misses>
				<total>10</total>
				<timestamp>3219.178163</timestamp>
			</report>
			<report>
				<misses>8481001</misses>
				<total>10</total>
				<timestamp>3219.557794</timestamp>
			</report>
			<report>
				<misses>8482001</misses>
				<total>10</total>
				<timestamp>3219.937416</timestamp>
			</report>
			<report>
				<misses>8483001</misses>
				<total>10</total>
				<timestamp>3220.317024</timestamp>
			</report>
			<report>
				<misses>8484001</misses>
				<total>10</total>
				<timestamp>3220.696692</timestamp>
			</report>
			<report>
				<misses>8485001</misses>
				<total>10</total>
				<timestamp>3221.076258</timestamp>
			</report>
			<report>
				<misses>8486001</misses>
				<total>10</total>
				<timestamp>3221.455885</timestamp>
			</report>
			<report>
				<misses>8487001</misses>
				<total>10</total>
				<timestamp>3221.835535</timestamp>
			</report>
			<report>
				<misses>8488001</misses>
				<total>10</total>
				<timestamp>3222.215125</timestamp>
			</report>
			<report>
				<misses>8489001</misses>
				<total>10</total>
				<timestamp>3222.594759</timestamp>
			</report>
			<report>
				<misses>8490001</misses>
				<total>10</total>
				<timestamp>3222.974383</timestamp>
			</report>
			<report>
				<misses>8491001</misses>
				<total>10</total>
				<timestamp>3223.353976</timestamp>
			</report>
			<report>
				<misses>8492001</misses>
				<total>10</total>
				<timestamp>3223.733691</timestamp>
			</report>
			<report>
				<misses>8493001</misses>
				<total>10</total>
				<timestamp>3224.113239</timestamp>
			</report>
			<report>
				<misses>8494001</misses>
				<total>10</total>
				<timestamp>3224.492854</timestamp>
			</report>
			<report>
				<misses>8495001</misses>
				<total>10</total>
				<timestamp>3224.872489</timestamp>
			</report>
			<report>
				<misses>8496001</misses>
				<total>10</total>
				<timestamp>3225.252099</timestamp>
			</report>
			<report>
				<misses>8497001</misses>
				<total>10</total>
				<timestamp>3225.631737</timestamp>
			</report>
			<report>
				<misses>8498001</misses>
				<total>10</total>
				<timestamp>3226.011357</timestamp>
			</report>
			<report>
				<misses>8499001</misses>
				<total>10</total>
				<timestamp>3226.390967</timestamp>
			</report>
			<report>
				<misses>8500001</misses>
				<total>10</total>
				<timestamp>3226.770580</timestamp>
			</report>
			<report>
				<misses>8501001</misses>
				<total>10</total>
				<timestamp>3227.150217</timestamp>
			</report>
			<report>
				<misses>8502001</misses>
				<total>10</total>
				<timestamp>3227.529796</timestamp>
			</report>
			<report>
				<misses>8503001</misses>
				<total>10</total>
				<timestamp>3227.909420</timestamp>
			</report>
			<report>
				<misses>8504001</misses>
				<total>10</total>
				<timestamp>3228.289031</timestamp>
			</report>
			<report>
				<misses>8505001</misses>
				<total>10</total>
				<timestamp>3228.668672</timestamp>
			</report>
			<report>
				<misses>8506001</misses>
				<total>10</total>
				<timestamp>3229.048290</timestamp>
			</report>
			<report>
				<misses>8507001</misses>
				<total>10</total>
				<timestamp>3229.427899</timestamp>
			</report>
			<report>
				<misses>8508001</misses>
				<total>10</total>
				<timestamp>3229.807545</timestamp>
			</report>
			<report>
				<misses>8509001</misses>
				<total>10</total>
				<timestamp>3230.187153</timestamp>
			</report>
			<report>
				<misses>8510001</misses>
				<total>10</total>
				<timestamp>3230.566760</timestamp>
			</report>
			<report>
				<misses>8511001</misses>
				<total>10</total>
				<timestamp>3230.946388</timestamp>
			</report>
			<report>
				<misses>8512001</misses>
				<total>10</total>
				<timestamp>3231.326011</timestamp>
			</report>
			<report>
				<misses>8513001</misses>
				<total>10</total>
				<timestamp>3231.705640</timestamp>
			</report>
			<report>
				<misses>8514001</misses>
				<total>10</total>
				<timestamp>3232.085271</timestamp>
			</report>
			<report>
				<misses>8515001</misses>
				<total>10</total>
				<timestamp>3232.464855</timestamp>
			</report>
			<report>
				<misses>8516001</misses>
				<total>10</total>
				<timestamp>3232.844545</timestamp>
			</report>
			<report>
				<misses>8517001</misses>
				<total>10</total>
				<timestamp>3233.224153</timestamp>
			</report>
			<report>
				<misses>8518001</misses>
				<total>10</total>
				<timestamp>3233.603745</timestamp>
			</report>
			<report>
				<misses>8519001</misses>
				<total>10</total>
				<timestamp>3233.983351</timestamp>
			</report>
			<report>
				<misses>8520001</misses>
				<total>10</total>
				<timestamp>3234.363005</timestamp>
			</report>
			<report>
				<misses>8521001</misses>
				<total>10</total>
				<timestamp>3234.742589</timestamp>
			</report>
			<report>
				<misses>8522001</misses>
				<total>10</total>
				<timestamp>3235.122230</timestamp>
			</report>
			<report>
				<misses>8523001</misses>
				<total>10</total>
				<timestamp>3235.501832</timestamp>
			</report>
			<report>
				<misses>8524001</misses>
				<total>10</total>
				<timestamp>3235.881462</timestamp>
			</report>
			<report>
				<misses>8525001</misses>
				<total>10</total>
				<timestamp>3236.261057</timestamp>
			</report>
			<report>
				<misses>8526001</misses>
				<total>10</total>
				<timestamp>3236.640701</timestamp>
			</report>
			<report>
				<misses>8527001</misses>
				<total>10</total>
				<timestamp>3237.020313</timestamp>
			</report>
			<report>
				<misses>8528001</misses>
				<total>10</total>
				<timestamp>3237.399903</timestamp>
			</report>
			<report>
				<misses>8529001</misses>
				<total>10</total>
				<timestamp>3237.779579</timestamp>
			</report>
			<report>
				<misses>8530001</misses>
				<total>10</total>
				<timestamp>3238.159154</timestamp>
			</report>
			<report>
				<misses>8531001</misses>
				<total>10</total>
				<timestamp>3238.538774</timestamp>
			</report>
			<report>
				<misses>8532001</misses>
				<total>10</total>
				<timestamp>3238.918411</timestamp>
			</report>
			<report>
				<misses>8533001</misses>
				<total>10</total>
				<timestamp>3239.298029</timestamp>
			</report>
			<report>
				<misses>8534001</misses>
				<total>10</total>
				<timestamp>3239.677695</timestamp>
			</report>
			<report>
				<misses>8535001</misses>
				<total>10</total>
				<timestamp>3240.057253</timestamp>
			</report>
			<report>
				<misses>8536001</misses>
				<total>10</total>
				<timestamp>3240.436880</timestamp>
			</report>
			<report>
				<misses>8537001</misses>
				<total>10</total>
				<timestamp>3240.816518</timestamp>
			</report>
			<report>
				<misses>8538001</misses>
				<total>10</total>
				<timestamp>3241.196111</timestamp>
			</report>
			<report>
				<misses>8539001</misses>
				<total>10</total>
				<timestamp>3241.575746</timestamp>
			</report>
			<report>
				<misses>8540001</misses>
				<total>10</total>
				<timestamp>3241.955389</timestamp>
			</report>
			<report>
				<misses>8541001</misses>
				<total>10</total>
				<timestamp>3242.334990</timestamp>
			</report>
			<report>
				<misses>8542001</misses>
				<total>10</total>
				<timestamp>3242.714649</timestamp>
			</report>
			<report>
				<misses>8543001</misses>
				<total>10</total>
				<timestamp>3243.094247</timestamp>
			</report>
			<report>
				<misses>8544001</misses>
				<total>10</total>
				<timestamp>3243.473855</timestamp>
			</report>
			<report>
				<misses>8545001</misses>
				<total>10</total>
				<timestamp>3243.853568</timestamp>
			</report>
			<report>
				<misses>8546001</misses>
				<total>10</total>
				<timestamp>3244.233128</timestamp>
			</report>
			<report>
				<misses>8547001</misses>
				<total>10</total>
				<timestamp>3244.612760</timestamp>
			</report>
			<report>
				<misses>8548001</misses>
				<total>10</total>
				<timestamp>3244.992329</timestamp>
			</report>
			<report>
				<misses>8549001</misses>
				<total>10</total>
				<timestamp>3245.371937</timestamp>
			</report>
			<report>
				<misses>8550001</misses>
				<total>10</total>
				<timestamp>3245.751612</timestamp>
			</report>
			<report>
				<misses>8551001</misses>
				<total>10</total>
				<timestamp>3246.131181</timestamp>
			</report>
			<report>
				<misses>8552001</misses>
				<total>10</total>
				<timestamp>3246.510798</timestamp>
			</report>
			<report>
				<misses>8553001</misses>
				<total>10</total>
				<timestamp>3246.890452</timestamp>
			</report>
			<report>
				<misses>8554001</misses>
				<total>10</total>
				<timestamp>3247.270040</timestamp>
			</report>
			<report>
				<misses>8555001</misses>
				<total>10</total>
				<timestamp>3247.649655</timestamp>
			</report>
			<report>
				<misses>8556001</misses>
				<total>10</total>
				<timestamp>3248.029275</timestamp>
			</report>
			<report>
				<misses>8557001</misses>
				<total>10</total>
				<timestamp>3248.408923</timestamp>
			</report>
			<report>
				<misses>8558001</misses>
				<total>10</total>
				<timestamp>3248.788542</timestamp>
			</report>
			<report>
				<misses>8559001</misses>
				<total>10</total>
				<timestamp>3249.168151</timestamp>
			</report>
			<report>
				<misses>8560001</misses>
				<total>10</total>
				<timestamp>3249.547783</timestamp>
			</report>
			<report>
				<misses>8561001</misses>
				<total>10</total>
				<timestamp>3249.927430</timestamp>
			</report>
			<report>
				<misses>8562001</misses>
				<total>10</total>
				<timestamp>3250.307033</timestamp>
			</report>
			<report>
				<misses>8563001</misses>
				<total>10</total>
				<timestamp>3250.686642</timestamp>
			</report>
			<report>
				<misses>8564001</misses>
				<total>10</total>
				<timestamp>3251.066264</timestamp>
			</report>
			<report>
				<misses>8565001</misses>
				<total>10</total>
				<timestamp>3251.445861</timestamp>
			</report>
			<report>
				<misses>8566001</misses>
				<total>10</total>
				<timestamp>3251.825492</timestamp>
			</report>
			<report>
				<misses>8567001</misses>
				<total>10</total>
				<timestamp>3252.205112</timestamp>
			</report>
			<report>
				<misses>8568001</misses>
				<total>10</total>
				<timestamp>3252.584714</timestamp>
			</report>
			<report>
				<misses>8569001</misses>
				<total>10</total>
				<timestamp>3252.964364</timestamp>
			</report>
			<report>
				<misses>8570001</misses>
				<total>10</total>
				<timestamp>3253.344000</timestamp>
			</report>
			<report>
				<misses>8571001</misses>
				<total>10</total>
				<timestamp>3253.723607</timestamp>
			</report>
			<report>
				<misses>8572001</misses>
				<total>10</total>
				<timestamp>3254.103211</timestamp>
			</report>
			<report>
				<misses>8573001</misses>
				<total>10</total>
				<timestamp>3254.482819</timestamp>
			</report>
			<report>
				<misses>8574001</misses>
				<total>10</total>
				<timestamp>3254.862436</timestamp>
			</report>
			<report>
				<misses>8575001</misses>
				<total>10</total>
				<timestamp>3255.242088</timestamp>
			</report>
			<report>
				<misses>8576001</misses>
				<total>10</total>
				<timestamp>3255.621682</timestamp>
			</report>
			<report>
				<misses>8577001</misses>
				<total>10</total>
				<timestamp>3256.001318</timestamp>
			</report>
			<report>
				<misses>8578001</misses>
				<total>10</total>
				<timestamp>3256.380963</timestamp>
			</report>
			<report>
				<misses>8579001</misses>
				<total>10</total>
				<timestamp>3256.760563</timestamp>
			</report>
			<report>
				<misses>8580001</misses>
				<total>10</total>
				<timestamp>3257.140159</timestamp>
			</report>
			<report>
				<misses>8581001</misses>
				<total>10</total>
				<timestamp>3257.519791</timestamp>
			</report>
			<report>
				<misses>8582001</misses>
				<total>10</total>
				<timestamp>3257.899471</timestamp>
			</report>
			<report>
				<misses>8583001</misses>
				<total>10</total>
				<timestamp>3258.279034</timestamp>
			</report>
			<report>
				<misses>8584001</misses>
				<total>10</total>
				<timestamp>3258.658671</timestamp>
			</report>
			<report>
				<misses>8585001</misses>
				<total>10</total>
				<timestamp>3259.038259</timestamp>
			</report>
			<report>
				<misses>8586001</misses>
				<total>10</total>
				<timestamp>3259.417887</timestamp>
			</report>
			<report>
				<misses>8587001</misses>
				<total>10</total>
				<timestamp>3259.797531</timestamp>
			</report>
			<report>
				<misses>8588001</misses>
				<total>10</total>
				<timestamp>3260.177114</timestamp>
			</report>
			<report>
				<misses>8589001</misses>
				<total>10</total>
				<timestamp>3260.556780</timestamp>
			</report>
			<report>
				<misses>8590001</misses>
				<total>10</total>
				<timestamp>3260.936413</timestamp>
			</report>
			<report>
				<misses>8591001</misses>
				<total>10</total>
				<timestamp>3261.315980</timestamp>
			</report>
			<report>
				<misses>8592001</misses>
				<total>10</total>
				<timestamp>3261.695594</timestamp>
			</report>
			<report>
				<misses>8593001</misses>
				<total>10</total>
				<timestamp>3262.075243</timestamp>
			</report>
			<report>
				<misses>8594001</misses>
				<total>10</total>
				<timestamp>3262.454844</timestamp>
			</report>
			<report>
				<misses>8595001</misses>
				<total>10</total>
				<timestamp>3262.834497</timestamp>
			</report>
			<report>
				<misses>8596001</misses>
				<total>10</total>
				<timestamp>3263.214081</timestamp>
			</report>
			<report>
				<misses>8597001</misses>
				<total>10</total>
				<timestamp>3263.593722</timestamp>
			</report>
			<report>
				<misses>8598001</misses>
				<total>10</total>
				<timestamp>3263.973363</timestamp>
			</report>
			<report>
				<misses>8599001</misses>
				<total>10</total>
				<timestamp>3264.352985</timestamp>
			</report>
			<report>
				<misses>8600001</misses>
				<total>10</total>
				<timestamp>3264.732575</timestamp>
			</report>
			<report>
				<misses>8601001</misses>
				<total>10</total>
				<timestamp>3265.112209</timestamp>
			</report>
			<report>
				<misses>8602001</misses>
				<total>10</total>
				<timestamp>3265.491835</timestamp>
			</report>
			<report>
				<misses>8603001</misses>
				<total>10</total>
				<timestamp>3265.871420</timestamp>
			</report>
			<report>
				<misses>8604001</misses>
				<total>10</total>
				<timestamp>3266.251057</timestamp>
			</report>
			<report>
				<misses>8605001</misses>
				<total>10</total>
				<timestamp>3266.630678</timestamp>
			</report>
			<report>
				<misses>8606001</misses>
				<total>10</total>
				<timestamp>3267.010298</timestamp>
			</report>
			<report>
				<misses>8607001</misses>
				<total>10</total>
				<timestamp>3267.389925</timestamp>
			</report>
			<report>
				<misses>8608001</misses>
				<total>10</total>
				<timestamp>3267.769552</timestamp>
			</report>
			<report>
				<misses>8609001</misses>
				<total>10</total>
				<timestamp>3268.149162</timestamp>
			</report>
			<report>
				<misses>8610001</misses>
				<total>10</total>
				<timestamp>3268.528762</timestamp>
			</report>
			<report>
				<misses>8611001</misses>
				<total>10</total>
				<timestamp>3268.908432</timestamp>
			</report>
			<report>
				<misses>8612001</misses>
				<total>10</total>
				<timestamp>3269.288003</timestamp>
			</report>
			<report>
				<misses>8613001</misses>
				<total>10</total>
				<timestamp>3269.667629</timestamp>
			</report>
			<report>
				<misses>8614001</misses>
				<total>10</total>
				<timestamp>3270.047322</timestamp>
			</report>
			<report>
				<misses>8615001</misses>
				<total>10</total>
				<timestamp>3270.426906</timestamp>
			</report>
			<report>
				<misses>8616001</misses>
				<total>10</total>
				<timestamp>3270.806491</timestamp>
			</report>
			<report>
				<misses>8617001</misses>
				<total>10</total>
				<timestamp>3271.186099</timestamp>
			</report>
			<report>
				<misses>8618001</misses>
				<total>10</total>
				<timestamp>3271.565722</timestamp>
			</report>
			<report>
				<misses>8619001</misses>
				<total>10</total>
				<timestamp>3271.945361</timestamp>
			</report>
			<report>
				<misses>8620001</misses>
				<total>10</total>
				<timestamp>3272.324980</timestamp>
			</report>
			<report>
				<misses>8621001</misses>
				<total>10</total>
				<timestamp>3272.704574</timestamp>
			</report>
			<report>
				<misses>8622001</misses>
				<total>10</total>
				<timestamp>3273.084237</timestamp>
			</report>
			<report>
				<misses>8623001</misses>
				<total>10</total>
				<timestamp>3273.463845</timestamp>
			</report>
			<report>
				<misses>8624001</misses>
				<total>10</total>
				<timestamp>3273.843464</timestamp>
			</report>
			<report>
				<misses>8625001</misses>
				<total>10</total>
				<timestamp>3274.223118</timestamp>
			</report>
			<report>
				<misses>8626001</misses>
				<total>10</total>
				<timestamp>3274.602689</timestamp>
			</report>
			<report>
				<misses>8627001</misses>
				<total>10</total>
				<timestamp>3274.982330</timestamp>
			</report>
			<report>
				<misses>8628001</misses>
				<total>10</total>
				<timestamp>3275.361912</timestamp>
			</report>
			<report>
				<misses>8629001</misses>
				<total>10</total>
				<timestamp>3275.741538</timestamp>
			</report>
			<report>
				<misses>8630001</misses>
				<total>10</total>
				<timestamp>3276.121153</timestamp>
			</report>
			<report>
				<misses>8631001</misses>
				<total>10</total>
				<timestamp>3276.500777</timestamp>
			</report>
			<report>
				<misses>8632001</misses>
				<total>10</total>
				<timestamp>3276.880472</timestamp>
			</report>
			<report>
				<misses>8633001</misses>
				<total>10</total>
				<timestamp>3277.260009</timestamp>
			</report>
			<report>
				<misses>8634001</misses>
				<total>10</total>
				<timestamp>3277.639664</timestamp>
			</report>
			<report>
				<misses>8635001</misses>
				<total>10</total>
				<timestamp>3278.019284</timestamp>
			</report>
			<report>
				<misses>8636001</misses>
				<total>10</total>
				<timestamp>3278.398886</timestamp>
			</report>
			<report>
				<misses>8637001</misses>
				<total>10</total>
				<timestamp>3278.778502</timestamp>
			</report>
			<report>
				<misses>8638001</misses>
				<total>10</total>
				<timestamp>3279.158116</timestamp>
			</report>
			<report>
				<misses>8639001</misses>
				<total>10</total>
				<timestamp>3279.537746</timestamp>
			</report>
			<report>
				<misses>8640001</misses>
				<total>10</total>
				<timestamp>3279.917428</timestamp>
			</report>
			<report>
				<misses>8641001</misses>
				<total>10</total>
				<timestamp>3280.297009</timestamp>
			</report>
			<report>
				<misses>8642001</misses>
				<total>10</total>
				<timestamp>3280.676599</timestamp>
			</report>
			<report>
				<misses>8643001</misses>
				<total>10</total>
				<timestamp>3281.056298</timestamp>
			</report>
			<report>
				<misses>8644001</misses>
				<total>10</total>
				<timestamp>3281.435842</timestamp>
			</report>
			<report>
				<misses>8645001</misses>
				<total>10</total>
				<timestamp>3281.815516</timestamp>
			</report>
			<report>
				<misses>8646001</misses>
				<total>10</total>
				<timestamp>3282.195111</timestamp>
			</report>
			<report>
				<misses>8647001</misses>
				<total>10</total>
				<timestamp>3282.574709</timestamp>
			</report>
			<report>
				<misses>8648001</misses>
				<total>10</total>
				<timestamp>3282.954372</timestamp>
			</report>
			<report>
				<misses>8649001</misses>
				<total>10</total>
				<timestamp>3283.333981</timestamp>
			</report>
			<report>
				<misses>8650001</misses>
				<total>10</total>
				<timestamp>3283.713586</timestamp>
			</report>
			<report>
				<misses>8651001</misses>
				<total>10</total>
				<timestamp>3284.093219</timestamp>
			</report>
			<report>
				<misses>8652001</misses>
				<total>10</total>
				<timestamp>3284.472818</timestamp>
			</report>
			<report>
				<misses>8653001</misses>
				<total>10</total>
				<timestamp>3284.852464</timestamp>
			</report>
			<report>
				<misses>8654001</misses>
				<total>10</total>
				<timestamp>3285.232089</timestamp>
			</report>
			<report>
				<misses>8655001</misses>
				<total>10</total>
				<timestamp>3285.611723</timestamp>
			</report>
			<report>
				<misses>8656001</misses>
				<total>10</total>
				<timestamp>3285.991358</timestamp>
			</report>
			<report>
				<misses>8657001</misses>
				<total>10</total>
				<timestamp>3286.370926</timestamp>
			</report>
			<report>
				<misses>8658001</misses>
				<total>10</total>
				<timestamp>3286.750535</timestamp>
			</report>
			<report>
				<misses>8659001</misses>
				<total>10</total>
				<timestamp>3287.130141</timestamp>
			</report>
			<report>
				<misses>8660001</misses>
				<total>10</total>
				<timestamp>3287.509749</timestamp>
			</report>
			<report>
				<misses>8661001</misses>
				<total>10</total>
				<timestamp>3287.889399</timestamp>
			</report>
			<report>
				<misses>8662001</misses>
				<total>10</total>
				<timestamp>3288.269006</timestamp>
			</report>
			<report>
				<misses>8663001</misses>
				<total>10</total>
				<timestamp>3288.648636</timestamp>
			</report>
			<report>
				<misses>8664001</misses>
				<total>10</total>
				<timestamp>3289.028278</timestamp>
			</report>
			<report>
				<misses>8665001</misses>
				<total>10</total>
				<timestamp>3289.407858</timestamp>
			</report>
			<report>
				<misses>8666001</misses>
				<total>10</total>
				<timestamp>3289.787522</timestamp>
			</report>
			<report>
				<misses>8667001</misses>
				<total>10</total>
				<timestamp>3290.167110</timestamp>
			</report>
			<report>
				<misses>8668001</misses>
				<total>10</total>
				<timestamp>3290.546738</timestamp>
			</report>
			<report>
				<misses>8669001</misses>
				<total>10</total>
				<timestamp>3290.926395</timestamp>
			</report>
			<report>
				<misses>8670001</misses>
				<total>10</total>
				<timestamp>3291.305958</timestamp>
			</report>
			<report>
				<misses>8671001</misses>
				<total>10</total>
				<timestamp>3291.685593</timestamp>
			</report>
			<report>
				<misses>8672001</misses>
				<total>10</total>
				<timestamp>3292.065245</timestamp>
			</report>
			<report>
				<misses>8673001</misses>
				<total>10</total>
				<timestamp>3292.444832</timestamp>
			</report>
			<report>
				<misses>8674001</misses>
				<total>10</total>
				<timestamp>3292.824428</timestamp>
			</report>
			<report>
				<misses>8675001</misses>
				<total>10</total>
				<timestamp>3293.204052</timestamp>
			</report>
			<report>
				<misses>8676001</misses>
				<total>10</total>
				<timestamp>3293.583678</timestamp>
			</report>
			<report>
				<misses>8677001</misses>
				<total>10</total>
				<timestamp>3293.963377</timestamp>
			</report>
			<report>
				<misses>8678001</misses>
				<total>10</total>
				<timestamp>3294.342914</timestamp>
			</report>
			<report>
				<misses>8679001</misses>
				<total>10</total>
				<timestamp>3294.722581</timestamp>
			</report>
			<report>
				<misses>8680001</misses>
				<total>10</total>
				<timestamp>3295.102202</timestamp>
			</report>
			<report>
				<misses>8681001</misses>
				<total>10</total>
				<timestamp>3295.481796</timestamp>
			</report>
			<report>
				<misses>8682001</misses>
				<total>10</total>
				<timestamp>3295.861441</timestamp>
			</report>
			<report>
				<misses>8683001</misses>
				<total>10</total>
				<timestamp>3296.241009</timestamp>
			</report>
			<report>
				<misses>8684001</misses>
				<total>10</total>
				<timestamp>3296.620640</timestamp>
			</report>
			<report>
				<misses>8685001</misses>
				<total>10</total>
				<timestamp>3297.000299</timestamp>
			</report>
			<report>
				<misses>8686001</misses>
				<total>10</total>
				<timestamp>3297.379894</timestamp>
			</report>
			<report>
				<misses>8687001</misses>
				<total>10</total>
				<timestamp>3297.759492</timestamp>
			</report>
			<report>
				<misses>8688001</misses>
				<total>10</total>
				<timestamp>3298.139152</timestamp>
			</report>
			<report>
				<misses>8689001</misses>
				<total>10</total>
				<timestamp>3298.518740</timestamp>
			</report>
			<report>
				<misses>8690001</misses>
				<total>10</total>
				<timestamp>3298.898383</timestamp>
			</report>
			<report>
				<misses>8691001</misses>
				<total>10</total>
				<timestamp>3299.277986</timestamp>
			</report>
			<report>
				<misses>8692001</misses>
				<total>10</total>
				<timestamp>3299.657607</timestamp>
			</report>
			<report>
				<misses>8693001</misses>
				<total>10</total>
				<timestamp>3300.037332</timestamp>
			</report>
			<report>
				<misses>8694001</misses>
				<total>10</total>
				<timestamp>3300.416842</timestamp>
			</report>
			<report>
				<misses>8695001</misses>
				<total>10</total>
				<timestamp>3300.796449</timestamp>
			</report>
			<report>
				<misses>8696001</misses>
				<total>10</total>
				<timestamp>3301.176106</timestamp>
			</report>
			<report>
				<misses>8697001</misses>
				<total>10</total>
				<timestamp>3301.555693</timestamp>
			</report>
			<report>
				<misses>8698001</misses>
				<total>10</total>
				<timestamp>3301.935313</timestamp>
			</report>
			<report>
				<misses>8699001</misses>
				<total>10</total>
				<timestamp>3302.314961</timestamp>
			</report>
			<report>
				<misses>8700001</misses>
				<total>10</total>
				<timestamp>3302.694554</timestamp>
			</report>
			<report>
				<misses>8701001</misses>
				<total>10</total>
				<timestamp>3303.074224</timestamp>
			</report>
			<report>
				<misses>8702001</misses>
				<total>10</total>
				<timestamp>3303.453797</timestamp>
			</report>
			<report>
				<misses>8703001</misses>
				<total>10</total>
				<timestamp>3303.833418</timestamp>
			</report>
			<report>
				<misses>8704001</misses>
				<total>10</total>
				<timestamp>3304.213073</timestamp>
			</report>
			<report>
				<misses>8705001</misses>
				<total>10</total>
				<timestamp>3304.592671</timestamp>
			</report>
			<report>
				<misses>8706001</misses>
				<total>10</total>
				<timestamp>3304.972304</timestamp>
			</report>
			<report>
				<misses>8707001</misses>
				<total>10</total>
				<timestamp>3305.351900</timestamp>
			</report>
			<report>
				<misses>8708001</misses>
				<total>10</total>
				<timestamp>3305.731528</timestamp>
			</report>
			<report>
				<misses>8709001</misses>
				<total>10</total>
				<timestamp>3306.111152</timestamp>
			</report>
			<report>
				<misses>8710001</misses>
				<total>10</total>
				<timestamp>3306.490762</timestamp>
			</report>
			<report>
				<misses>8711001</misses>
				<total>10</total>
				<timestamp>3306.870380</timestamp>
			</report>
			<report>
				<misses>8712001</misses>
				<total>10</total>
				<timestamp>3307.249989</timestamp>
			</report>
			<report>
				<misses>8713001</misses>
				<total>10</total>
				<timestamp>3307.629633</timestamp>
			</report>
			<report>
				<misses>8714001</misses>
				<total>10</total>
				<timestamp>3308.009258</timestamp>
			</report>
			<report>
				<misses>8715001</misses>
				<total>10</total>
				<timestamp>3308.388872</timestamp>
			</report>
			<report>
				<misses>8716001</misses>
				<total>10</total>
				<timestamp>3308.768489</timestamp>
			</report>
			<report>
				<misses>8717001</misses>
				<total>10</total>
				<timestamp>3309.148168</timestamp>
			</report>
			<report>
				<misses>8718001</misses>
				<total>10</total>
				<timestamp>3309.527713</timestamp>
			</report>
			<report>
				<misses>8719001</misses>
				<total>10</total>
				<timestamp>3309.907356</timestamp>
			</report>
			<report>
				<misses>8720001</misses>
				<total>10</total>
				<timestamp>3310.286960</timestamp>
			</report>
			<report>
				<misses>8721001</misses>
				<total>10</total>
				<timestamp>3310.666595</timestamp>
			</report>
			<report>
				<misses>8722001</misses>
				<total>10</total>
				<timestamp>3311.046281</timestamp>
			</report>
			<report>
				<misses>8723001</misses>
				<total>10</total>
				<timestamp>3311.425840</timestamp>
			</report>
			<report>
				<misses>8724001</misses>
				<total>10</total>
				<timestamp>3311.805455</timestamp>
			</report>
			<report>
				<misses>8725001</misses>
				<total>10</total>
				<timestamp>3312.185111</timestamp>
			</report>
			<report>
				<misses>8726001</misses>
				<total>10</total>
				<timestamp>3312.564669</timestamp>
			</report>
			<report>
				<misses>8727001</misses>
				<total>10</total>
				<timestamp>3312.944314</timestamp>
			</report>
			<report>
				<misses>8728001</misses>
				<total>10</total>
				<timestamp>3313.323974</timestamp>
			</report>
			<report>
				<misses>8729001</misses>
				<total>10</total>
				<timestamp>3313.703535</timestamp>
			</report>
			<report>
				<misses>8730001</misses>
				<total>10</total>
				<timestamp>3314.083240</timestamp>
			</report>
			<report>
				<misses>8731001</misses>
				<total>10</total>
				<timestamp>3314.462854</timestamp>
			</report>
			<report>
				<misses>8732001</misses>
				<total>10</total>
				<timestamp>3314.842422</timestamp>
			</report>
			<report>
				<misses>8733001</misses>
				<total>10</total>
				<timestamp>3315.222099</timestamp>
			</report>
			<report>
				<misses>8734001</misses>
				<total>10</total>
				<timestamp>3315.601669</timestamp>
			</report>
			<report>
				<misses>8735001</misses>
				<total>10</total>
				<timestamp>3315.981278</timestamp>
			</report>
			<report>
				<misses>8736001</misses>
				<total>10</total>
				<timestamp>3316.360895</timestamp>
			</report>
			<report>
				<misses>8737001</misses>
				<total>10</total>
				<timestamp>3316.740524</timestamp>
			</report>
			<report>
				<misses>8738001</misses>
				<total>10</total>
				<timestamp>3317.120194</timestamp>
			</report>
			<report>
				<misses>8739001</misses>
				<total>10</total>
				<timestamp>3317.499745</timestamp>
			</report>
			<report>
				<misses>8740001</misses>
				<total>10</total>
				<timestamp>3317.879383</timestamp>
			</report>
			<report>
				<misses>8741001</misses>
				<total>10</total>
				<timestamp>3318.259014</timestamp>
			</report>
			<report>
				<misses>8742001</misses>
				<total>10</total>
				<timestamp>3318.638613</timestamp>
			</report>
			<report>
				<misses>8743001</misses>
				<total>10</total>
				<timestamp>3319.018247</timestamp>
			</report>
			<report>
				<misses>8744001</misses>
				<total>10</total>
				<timestamp>3319.397843</timestamp>
			</report>
			<report>
				<misses>8745001</misses>
				<total>10</total>
				<timestamp>3319.777480</timestamp>
			</report>
			<report>
				<misses>8746001</misses>
				<total>10</total>
				<timestamp>3320.157110</timestamp>
			</report>
			<report>
				<misses>8747001</misses>
				<total>10</total>
				<timestamp>3320.536694</timestamp>
			</report>
			<report>
				<misses>8748001</misses>
				<total>10</total>
				<timestamp>3320.916341</timestamp>
			</report>
			<report>
				<misses>8749001</misses>
				<total>10</total>
				<timestamp>3321.295960</timestamp>
			</report>
			<report>
				<misses>8750001</misses>
				<total>10</total>
				<timestamp>3321.675569</timestamp>
			</report>
			<report>
				<misses>8751001</misses>
				<total>10</total>
				<timestamp>3322.055180</timestamp>
			</report>
			<report>
				<misses>8752001</misses>
				<total>10</total>
				<timestamp>3322.434804</timestamp>
			</report>
			<report>
				<misses>8753001</misses>
				<total>10</total>
				<timestamp>3322.814461</timestamp>
			</report>
			<report>
				<misses>8754001</misses>
				<total>10</total>
				<timestamp>3323.194094</timestamp>
			</report>
			<report>
				<misses>8755001</misses>
				<total>10</total>
				<timestamp>3323.573678</timestamp>
			</report>
			<report>
				<misses>8756001</misses>
				<total>10</total>
				<timestamp>3323.953308</timestamp>
			</report>
			<report>
				<misses>8757001</misses>
				<total>10</total>
				<timestamp>3324.332901</timestamp>
			</report>
			<report>
				<misses>8758001</misses>
				<total>10</total>
				<timestamp>3324.712517</timestamp>
			</report>
			<report>
				<misses>8759001</misses>
				<total>10</total>
				<timestamp>3325.092167</timestamp>
			</report>
			<report>
				<misses>8760001</misses>
				<total>10</total>
				<timestamp>3325.471760</timestamp>
			</report>
			<report>
				<misses>8761001</misses>
				<total>10</total>
				<timestamp>3325.851395</timestamp>
			</report>
			<report>
				<misses>8762001</misses>
				<total>10</total>
				<timestamp>3326.231104</timestamp>
			</report>
			<report>
				<misses>8763001</misses>
				<total>10</total>
				<timestamp>3326.610631</timestamp>
			</report>
			<report>
				<misses>8764001</misses>
				<total>10</total>
				<timestamp>3326.990274</timestamp>
			</report>
			<report>
				<misses>8765001</misses>
				<total>10</total>
				<timestamp>3327.369912</timestamp>
			</report>
			<report>
				<misses>8766001</misses>
				<total>10</total>
				<timestamp>3327.749474</timestamp>
			</report>
			<report>
				<misses>8767001</misses>
				<total>10</total>
				<timestamp>3328.129160</timestamp>
			</report>
			<report>
				<misses>8768001</misses>
				<total>10</total>
				<timestamp>3328.508720</timestamp>
			</report>
			<report>
				<misses>8769001</misses>
				<total>10</total>
				<timestamp>3328.888351</timestamp>
			</report>
			<report>
				<misses>8770001</misses>
				<total>10</total>
				<timestamp>3329.267992</timestamp>
			</report>
			<report>
				<misses>8771001</misses>
				<total>10</total>
				<timestamp>3329.647598</timestamp>
			</report>
			<report>
				<misses>8772001</misses>
				<total>10</total>
				<timestamp>3330.027231</timestamp>
			</report>
			<report>
				<misses>8773001</misses>
				<total>10</total>
				<timestamp>3330.406820</timestamp>
			</report>
			<report>
				<misses>8774001</misses>
				<total>10</total>
				<timestamp>3330.786447</timestamp>
			</report>
			<report>
				<misses>8775001</misses>
				<total>10</total>
				<timestamp>3331.166095</timestamp>
			</report>
			<report>
				<misses>8776001</misses>
				<total>10</total>
				<timestamp>3331.545692</timestamp>
			</report>
			<report>
				<misses>8777001</misses>
				<total>10</total>
				<timestamp>3331.925315</timestamp>
			</report>
			<report>
				<misses>8778001</misses>
				<total>10</total>
				<timestamp>3332.304942</timestamp>
			</report>
			<report>
				<misses>8779001</misses>
				<total>10</total>
				<timestamp>3332.684540</timestamp>
			</report>
			<report>
				<misses>8780001</misses>
				<total>10</total>
				<timestamp>3333.064161</timestamp>
			</report>
			<report>
				<misses>8781001</misses>
				<total>10</total>
				<timestamp>3333.443808</timestamp>
			</report>
			<report>
				<misses>8782001</misses>
				<total>10</total>
				<timestamp>3333.823394</timestamp>
			</report>
			<report>
				<misses>8783001</misses>
				<total>10</total>
				<timestamp>3334.203019</timestamp>
			</report>
			<report>
				<misses>8784001</misses>
				<total>10</total>
				<timestamp>3334.582644</timestamp>
			</report>
			<report>
				<misses>8785001</misses>
				<total>10</total>
				<timestamp>3334.962298</timestamp>
			</report>
			<report>
				<misses>8786001</misses>
				<total>10</total>
				<timestamp>3335.341922</timestamp>
			</report>
			<report>
				<misses>8787001</misses>
				<total>10</total>
				<timestamp>3335.721534</timestamp>
			</report>
			<report>
				<misses>8788001</misses>
				<total>10</total>
				<timestamp>3336.101153</timestamp>
			</report>
			<report>
				<misses>8789001</misses>
				<total>10</total>
				<timestamp>3336.480770</timestamp>
			</report>
			<report>
				<misses>8790001</misses>
				<total>10</total>
				<timestamp>3336.860356</timestamp>
			</report>
			<report>
				<misses>8791001</misses>
				<total>10</total>
				<timestamp>3337.240008</timestamp>
			</report>
			<report>
				<misses>8792001</misses>
				<total>10</total>
				<timestamp>3337.619616</timestamp>
			</report>
			<report>
				<misses>8793001</misses>
				<total>10</total>
				<timestamp>3337.999241</timestamp>
			</report>
			<report>
				<misses>8794001</misses>
				<total>10</total>
				<timestamp>3338.378860</timestamp>
			</report>
			<report>
				<misses>8795001</misses>
				<total>10</total>
				<timestamp>3338.758476</timestamp>
			</report>
			<report>
				<misses>8796001</misses>
				<total>10</total>
				<timestamp>3339.138113</timestamp>
			</report>
			<report>
				<misses>8797001</misses>
				<total>10</total>
				<timestamp>3339.517732</timestamp>
			</report>
			<report>
				<misses>8798001</misses>
				<total>10</total>
				<timestamp>3339.897342</timestamp>
			</report>
			<report>
				<misses>8799001</misses>
				<total>10</total>
				<timestamp>3340.277004</timestamp>
			</report>
			<report>
				<misses>8800001</misses>
				<total>10</total>
				<timestamp>3340.656589</timestamp>
			</report>
			<report>
				<misses>8801001</misses>
				<total>10</total>
				<timestamp>3341.036201</timestamp>
			</report>
			<report>
				<misses>8802001</misses>
				<total>10</total>
				<timestamp>3341.415818</timestamp>
			</report>
			<report>
				<misses>8803001</misses>
				<total>10</total>
				<timestamp>3341.795427</timestamp>
			</report>
			<report>
				<misses>8804001</misses>
				<total>10</total>
				<timestamp>3342.175061</timestamp>
			</report>
			<report>
				<misses>8805001</misses>
				<total>10</total>
				<timestamp>3342.554674</timestamp>
			</report>
			<report>
				<misses>8806001</misses>
				<total>10</total>
				<timestamp>3342.934289</timestamp>
			</report>
			<report>
				<misses>8807001</misses>
				<total>10</total>
				<timestamp>3343.313944</timestamp>
			</report>
			<report>
				<misses>8808001</misses>
				<total>10</total>
				<timestamp>3343.693549</timestamp>
			</report>
			<report>
				<misses>8809001</misses>
				<total>10</total>
				<timestamp>3344.073155</timestamp>
			</report>
			<report>
				<misses>8810001</misses>
				<total>10</total>
				<timestamp>3344.452758</timestamp>
			</report>
			<report>
				<misses>8811001</misses>
				<total>10</total>
				<timestamp>3344.832367</timestamp>
			</report>
			<report>
				<misses>8812001</misses>
				<total>10</total>
				<timestamp>3345.212022</timestamp>
			</report>
			<report>
				<misses>8813001</misses>
				<total>10</total>
				<timestamp>3345.591616</timestamp>
			</report>
			<report>
				<misses>8814001</misses>
				<total>10</total>
				<timestamp>3345.971253</timestamp>
			</report>
			<report>
				<misses>8815001</misses>
				<total>10</total>
				<timestamp>3346.350909</timestamp>
			</report>
			<report>
				<misses>8816001</misses>
				<total>10</total>
				<timestamp>3346.730484</timestamp>
			</report>
			<report>
				<misses>8817001</misses>
				<total>10</total>
				<timestamp>3347.110117</timestamp>
			</report>
			<report>
				<misses>8818001</misses>
				<total>10</total>
				<timestamp>3347.489707</timestamp>
			</report>
			<report>
				<misses>8819001</misses>
				<total>10</total>
				<timestamp>3347.869355</timestamp>
			</report>
			<report>
				<misses>8820001</misses>
				<total>10</total>
				<timestamp>3348.249000</timestamp>
			</report>
			<report>
				<misses>8821001</misses>
				<total>10</total>
				<timestamp>3348.628607</timestamp>
			</report>
			<report>
				<misses>8822001</misses>
				<total>10</total>
				<timestamp>3349.008226</timestamp>
			</report>
			<report>
				<misses>8823001</misses>
				<total>10</total>
				<timestamp>3349.387878</timestamp>
			</report>
			<report>
				<misses>8824001</misses>
				<total>10</total>
				<timestamp>3349.767442</timestamp>
			</report>
			<report>
				<misses>8825001</misses>
				<total>10</total>
				<timestamp>3350.147066</timestamp>
			</report>
			<report>
				<misses>8826001</misses>
				<total>10</total>
				<timestamp>3350.526696</timestamp>
			</report>
			<report>
				<misses>8827001</misses>
				<total>10</total>
				<timestamp>3350.906299</timestamp>
			</report>
			<report>
				<misses>8828001</misses>
				<total>10</total>
				<timestamp>3351.285978</timestamp>
			</report>
			<report>
				<misses>8829001</misses>
				<total>10</total>
				<timestamp>3351.665560</timestamp>
			</report>
			<report>
				<misses>8830001</misses>
				<total>10</total>
				<timestamp>3352.045155</timestamp>
			</report>
			<report>
				<misses>8831001</misses>
				<total>10</total>
				<timestamp>3352.424808</timestamp>
			</report>
			<report>
				<misses>8832001</misses>
				<total>10</total>
				<timestamp>3352.804402</timestamp>
			</report>
			<report>
				<misses>8833001</misses>
				<total>10</total>
				<timestamp>3353.184023</timestamp>
			</report>
			<report>
				<misses>8834001</misses>
				<total>10</total>
				<timestamp>3353.563670</timestamp>
			</report>
			<report>
				<misses>8835001</misses>
				<total>10</total>
				<timestamp>3353.943264</timestamp>
			</report>
			<report>
				<misses>8836001</misses>
				<total>10</total>
				<timestamp>3354.322902</timestamp>
			</report>
			<report>
				<misses>8837001</misses>
				<total>10</total>
				<timestamp>3354.702530</timestamp>
			</report>
			<report>
				<misses>8838001</misses>
				<total>10</total>
				<timestamp>3355.082132</timestamp>
			</report>
			<report>
				<misses>8839001</misses>
				<total>10</total>
				<timestamp>3355.461759</timestamp>
			</report>
			<report>
				<misses>8840001</misses>
				<total>10</total>
				<timestamp>3355.841378</timestamp>
			</report>
			<report>
				<misses>8841001</misses>
				<total>10</total>
				<timestamp>3356.221006</timestamp>
			</report>
			<report>
				<misses>8842001</misses>
				<total>10</total>
				<timestamp>3356.600599</timestamp>
			</report>
			<report>
				<misses>8843001</misses>
				<total>10</total>
				<timestamp>3356.980253</timestamp>
			</report>
			<report>
				<misses>8844001</misses>
				<total>10</total>
				<timestamp>3357.359841</timestamp>
			</report>
			<report>
				<misses>8845001</misses>
				<total>10</total>
				<timestamp>3357.739500</timestamp>
			</report>
			<report>
				<misses>8846001</misses>
				<total>10</total>
				<timestamp>3358.119137</timestamp>
			</report>
			<report>
				<misses>8847001</misses>
				<total>10</total>
				<timestamp>3358.498726</timestamp>
			</report>
			<report>
				<misses>8848001</misses>
				<total>10</total>
				<timestamp>3358.878352</timestamp>
			</report>
			<report>
				<misses>8849001</misses>
				<total>10</total>
				<timestamp>3359.257959</timestamp>
			</report>
			<report>
				<misses>8850001</misses>
				<total>10</total>
				<timestamp>3359.637566</timestamp>
			</report>
			<report>
				<misses>8851001</misses>
				<total>10</total>
				<timestamp>3360.017191</timestamp>
			</report>
			<report>
				<misses>8852001</misses>
				<total>10</total>
				<timestamp>3360.396790</timestamp>
			</report>
			<report>
				<misses>8853001</misses>
				<total>10</total>
				<timestamp>3360.776413</timestamp>
			</report>
			<report>
				<misses>8854001</misses>
				<total>10</total>
				<timestamp>3361.156057</timestamp>
			</report>
			<report>
				<misses>8855001</misses>
				<total>10</total>
				<timestamp>3361.535659</timestamp>
			</report>
			<report>
				<misses>8856001</misses>
				<total>10</total>
				<timestamp>3361.915325</timestamp>
			</report>
			<report>
				<misses>8857001</misses>
				<total>10</total>
				<timestamp>3362.294937</timestamp>
			</report>
			<report>
				<misses>8858001</misses>
				<total>10</total>
				<timestamp>3362.674525</timestamp>
			</report>
			<report>
				<misses>8859001</misses>
				<total>10</total>
				<timestamp>3363.054142</timestamp>
			</report>
			<report>
				<misses>8860001</misses>
				<total>10</total>
				<timestamp>3363.433786</timestamp>
			</report>
			<report>
				<misses>8861001</misses>
				<total>10</total>
				<timestamp>3363.813394</timestamp>
			</report>
			<report>
				<misses>8862001</misses>
				<total>10</total>
				<timestamp>3364.193002</timestamp>
			</report>
			<report>
				<misses>8863001</misses>
				<total>10</total>
				<timestamp>3364.572657</timestamp>
			</report>
			<report>
				<misses>8864001</misses>
				<total>10</total>
				<timestamp>3364.952268</timestamp>
			</report>
			<report>
				<misses>8865001</misses>
				<total>10</total>
				<timestamp>3365.331908</timestamp>
			</report>
			<report>
				<misses>8866001</misses>
				<total>10</total>
				<timestamp>3365.711493</timestamp>
			</report>
			<report>
				<misses>8867001</misses>
				<total>10</total>
				<timestamp>3366.091108</timestamp>
			</report>
			<report>
				<misses>8868001</misses>
				<total>10</total>
				<timestamp>3366.470757</timestamp>
			</report>
			<report>
				<misses>8869001</misses>
				<total>10</total>
				<timestamp>3366.850348</timestamp>
			</report>
			<report>
				<misses>8870001</misses>
				<total>10</total>
				<timestamp>3367.229975</timestamp>
			</report>
			<report>
				<misses>8871001</misses>
				<total>10</total>
				<timestamp>3367.609588</timestamp>
			</report>
			<report>
				<misses>8872001</misses>
				<total>10</total>
				<timestamp>3367.989271</timestamp>
			</report>
			<report>
				<misses>8873001</misses>
				<total>10</total>
				<timestamp>3368.368890</timestamp>
			</report>
			<report>
				<misses>8874001</misses>
				<total>10</total>
				<timestamp>3368.748472</timestamp>
			</report>
			<report>
				<misses>8875001</misses>
				<total>10</total>
				<timestamp>3369.128068</timestamp>
			</report>
			<report>
				<misses>8876001</misses>
				<total>10</total>
				<timestamp>3369.507754</timestamp>
			</report>
			<report>
				<misses>8877001</misses>
				<total>10</total>
				<timestamp>3369.887318</timestamp>
			</report>
			<report>
				<misses>8878001</misses>
				<total>10</total>
				<timestamp>3370.266958</timestamp>
			</report>
			<report>
				<misses>8879001</misses>
				<total>10</total>
				<timestamp>3370.646552</timestamp>
			</report>
			<report>
				<misses>8880001</misses>
				<total>10</total>
				<timestamp>3371.026151</timestamp>
			</report>
			<report>
				<misses>8881001</misses>
				<total>10</total>
				<timestamp>3371.405821</timestamp>
			</report>
			<report>
				<misses>8882001</misses>
				<total>10</total>
				<timestamp>3371.785417</timestamp>
			</report>
			<report>
				<misses>8883001</misses>
				<total>10</total>
				<timestamp>3372.165039</timestamp>
			</report>
			<report>
				<misses>8884001</misses>
				<total>10</total>
				<timestamp>3372.544651</timestamp>
			</report>
			<report>
				<misses>8885001</misses>
				<total>10</total>
				<timestamp>3372.924281</timestamp>
			</report>
			<report>
				<misses>8886001</misses>
				<total>10</total>
				<timestamp>3373.303884</timestamp>
			</report>
			<report>
				<misses>8887001</misses>
				<total>10</total>
				<timestamp>3373.683499</timestamp>
			</report>
			<report>
				<misses>8888001</misses>
				<total>10</total>
				<timestamp>3374.063124</timestamp>
			</report>
			<report>
				<misses>8889001</misses>
				<total>10</total>
				<timestamp>3374.442748</timestamp>
			</report>
			<report>
				<misses>8890001</misses>
				<total>10</total>
				<timestamp>3374.822367</timestamp>
			</report>
			<report>
				<misses>8891001</misses>
				<total>10</total>
				<timestamp>3375.201978</timestamp>
			</report>
			<report>
				<misses>8892001</misses>
				<total>10</total>
				<timestamp>3375.581632</timestamp>
			</report>
			<report>
				<misses>8893001</misses>
				<total>10</total>
				<timestamp>3375.961268</timestamp>
			</report>
			<report>
				<misses>8894001</misses>
				<total>10</total>
				<timestamp>3376.340833</timestamp>
			</report>
			<report>
				<misses>8895001</misses>
				<total>10</total>
				<timestamp>3376.720477</timestamp>
			</report>
			<report>
				<misses>8896001</misses>
				<total>10</total>
				<timestamp>3377.100095</timestamp>
			</report>
			<report>
				<misses>8897001</misses>
				<total>10</total>
				<timestamp>3377.479716</timestamp>
			</report>
			<report>
				<misses>8898001</misses>
				<total>10</total>
				<timestamp>3377.859322</timestamp>
			</report>
			<report>
				<misses>8899001</misses>
				<total>10</total>
				<timestamp>3378.238948</timestamp>
			</report>
			<report>
				<misses>8900001</misses>
				<total>10</total>
				<timestamp>3378.618585</timestamp>
			</report>
			<report>
				<misses>8901001</misses>
				<total>10</total>
				<timestamp>3378.998177</timestamp>
			</report>
			<report>
				<misses>8902001</misses>
				<total>10</total>
				<timestamp>3379.377816</timestamp>
			</report>
			<report>
				<misses>8903001</misses>
				<total>10</total>
				<timestamp>3379.757457</timestamp>
			</report>
			<report>
				<misses>8904001</misses>
				<total>10</total>
				<timestamp>3380.137034</timestamp>
			</report>
			<report>
				<misses>8905001</misses>
				<total>10</total>
				<timestamp>3380.516681</timestamp>
			</report>
			<report>
				<misses>8906001</misses>
				<total>10</total>
				<timestamp>3380.896285</timestamp>
			</report>
			<report>
				<misses>8907001</misses>
				<total>10</total>
				<timestamp>3381.275891</timestamp>
			</report>
			<report>
				<misses>8908001</misses>
				<total>10</total>
				<timestamp>3381.655535</timestamp>
			</report>
			<report>
				<misses>8909001</misses>
				<total>10</total>
				<timestamp>3382.035159</timestamp>
			</report>
			<report>
				<misses>8910001</misses>
				<total>10</total>
				<timestamp>3382.414802</timestamp>
			</report>
			<report>
				<misses>8911001</misses>
				<total>10</total>
				<timestamp>3382.794404</timestamp>
			</report>
			<report>
				<misses>8912001</misses>
				<total>10</total>
				<timestamp>3383.173998</timestamp>
			</report>
			<report>
				<misses>8913001</misses>
				<total>10</total>
				<timestamp>3383.553639</timestamp>
			</report>
			<report>
				<misses>8914001</misses>
				<total>10</total>
				<timestamp>3383.933272</timestamp>
			</report>
			<report>
				<misses>8915001</misses>
				<total>10</total>
				<timestamp>3384.312916</timestamp>
			</report>
			<report>
				<misses>8916001</misses>
				<total>10</total>
				<timestamp>3384.692514</timestamp>
			</report>
			<report>
				<misses>8917001</misses>
				<total>10</total>
				<timestamp>3385.072098</timestamp>
			</report>
			<report>
				<misses>8918001</misses>
				<total>10</total>
				<timestamp>3385.451810</timestamp>
			</report>
			<report>
				<misses>8919001</misses>
				<total>10</total>
				<timestamp>3385.831352</timestamp>
			</report>
			<report>
				<misses>8920001</misses>
				<total>10</total>
				<timestamp>3386.210978</timestamp>
			</report>
			<report>
				<misses>8921001</misses>
				<total>10</total>
				<timestamp>3386.590604</timestamp>
			</report>
			<report>
				<misses>8922001</misses>
				<total>10</total>
				<timestamp>3386.970224</timestamp>
			</report>
			<report>
				<misses>8923001</misses>
				<total>10</total>
				<timestamp>3387.349831</timestamp>
			</report>
			<report>
				<misses>8924001</misses>
				<total>10</total>
				<timestamp>3387.729448</timestamp>
			</report>
			<report>
				<misses>8925001</misses>
				<total>10</total>
				<timestamp>3388.109061</timestamp>
			</report>
			<report>
				<misses>8926001</misses>
				<total>10</total>
				<timestamp>3388.488691</timestamp>
			</report>
			<report>
				<misses>8927001</misses>
				<total>10</total>
				<timestamp>3388.868302</timestamp>
			</report>
			<report>
				<misses>8928001</misses>
				<total>10</total>
				<timestamp>3389.247929</timestamp>
			</report>
			<report>
				<misses>8929001</misses>
				<total>10</total>
				<timestamp>3389.627565</timestamp>
			</report>
			<report>
				<misses>8930001</misses>
				<total>10</total>
				<timestamp>3390.007151</timestamp>
			</report>
			<report>
				<misses>8931001</misses>
				<total>10</total>
				<timestamp>3390.386789</timestamp>
			</report>
			<report>
				<misses>8932001</misses>
				<total>10</total>
				<timestamp>3390.766409</timestamp>
			</report>
			<report>
				<misses>8933001</misses>
				<total>10</total>
				<timestamp>3391.146016</timestamp>
			</report>
			<report>
				<misses>8934001</misses>
				<total>10</total>
				<timestamp>3391.525643</timestamp>
			</report>
			<report>
				<misses>8935001</misses>
				<total>10</total>
				<timestamp>3391.905270</timestamp>
			</report>
			<report>
				<misses>8936001</misses>
				<total>10</total>
				<timestamp>3392.284882</timestamp>
			</report>
			<report>
				<misses>8937001</misses>
				<total>10</total>
				<timestamp>3392.664549</timestamp>
			</report>
			<report>
				<misses>8938001</misses>
				<total>10</total>
				<timestamp>3393.044112</timestamp>
			</report>
			<report>
				<misses>8939001</misses>
				<total>10</total>
				<timestamp>3393.423752</timestamp>
			</report>
			<report>
				<misses>8940001</misses>
				<total>10</total>
				<timestamp>3393.803384</timestamp>
			</report>
			<report>
				<misses>8941001</misses>
				<total>10</total>
				<timestamp>3394.182998</timestamp>
			</report>
			<report>
				<misses>8942001</misses>
				<total>10</total>
				<timestamp>3394.562631</timestamp>
			</report>
			<report>
				<misses>8943001</misses>
				<total>10</total>
				<timestamp>3394.942275</timestamp>
			</report>
			<report>
				<misses>8944001</misses>
				<total>10</total>
				<timestamp>3395.321844</timestamp>
			</report>
			<report>
				<misses>8945001</misses>
				<total>10</total>
				<timestamp>3395.701489</timestamp>
			</report>
			<report>
				<misses>8946001</misses>
				<total>10</total>
				<timestamp>3396.081069</timestamp>
			</report>
			<report>
				<misses>8947001</misses>
				<total>10</total>
				<timestamp>3396.460695</timestamp>
			</report>
			<report>
				<misses>8948001</misses>
				<total>10</total>
				<timestamp>3396.840350</timestamp>
			</report>
			<report>
				<misses>8949001</misses>
				<total>10</total>
				<timestamp>3397.219932</timestamp>
			</report>
			<report>
				<misses>8950001</misses>
				<total>10</total>
				<timestamp>3397.599581</timestamp>
			</report>
			<report>
				<misses>8951001</misses>
				<total>10</total>
				<timestamp>3397.979181</timestamp>
			</report>
			<report>
				<misses>8952001</misses>
				<total>10</total>
				<timestamp>3398.358797</timestamp>
			</report>
			<report>
				<misses>8953001</misses>
				<total>10</total>
				<timestamp>3398.738479</timestamp>
			</report>
			<report>
				<misses>8954001</misses>
				<total>10</total>
				<timestamp>3399.118043</timestamp>
			</report>
			<report>
				<misses>8955001</misses>
				<total>10</total>
				<timestamp>3399.497705</timestamp>
			</report>
			<report>
				<misses>8956001</misses>
				<total>10</total>
				<timestamp>3399.877271</timestamp>
			</report>
			<report>
				<misses>8957001</misses>
				<total>10</total>
				<timestamp>3400.256904</timestamp>
			</report>
			<report>
				<misses>8958001</misses>
				<total>10</total>
				<timestamp>3400.636533</timestamp>
			</report>
			<report>
				<misses>8959001</misses>
				<total>10</total>
				<timestamp>3401.016172</timestamp>
			</report>
			<report>
				<misses>8960001</misses>
				<total>10</total>
				<timestamp>3401.395757</timestamp>
			</report>
			<report>
				<misses>8961001</misses>
				<total>10</total>
				<timestamp>3401.775390</timestamp>
			</report>
			<report>
				<misses>8962001</misses>
				<total>10</total>
				<timestamp>3402.154995</timestamp>
			</report>
			<report>
				<misses>8963001</misses>
				<total>10</total>
				<timestamp>3402.534695</timestamp>
			</report>
			<report>
				<misses>8964001</misses>
				<total>10</total>
				<timestamp>3402.914257</timestamp>
			</report>
			<report>
				<misses>8965001</misses>
				<total>10</total>
				<timestamp>3403.293877</timestamp>
			</report>
			<report>
				<misses>8966001</misses>
				<total>10</total>
				<timestamp>3403.673510</timestamp>
			</report>
			<report>
				<misses>8967001</misses>
				<total>10</total>
				<timestamp>3404.053102</timestamp>
			</report>
			<report>
				<misses>8968001</misses>
				<total>10</total>
				<timestamp>3404.432723</timestamp>
			</report>
			<report>
				<misses>8969001</misses>
				<total>10</total>
				<timestamp>3404.812388</timestamp>
			</report>
			<report>
				<misses>8970001</misses>
				<total>10</total>
				<timestamp>3405.191974</timestamp>
			</report>
			<report>
				<misses>8971001</misses>
				<total>10</total>
				<timestamp>3405.571589</timestamp>
			</report>
			<report>
				<misses>8972001</misses>
				<total>10</total>
				<timestamp>3405.951230</timestamp>
			</report>
			<report>
				<misses>8973001</misses>
				<total>10</total>
				<timestamp>3406.330834</timestamp>
			</report>
			<report>
				<misses>8974001</misses>
				<total>10</total>
				<timestamp>3406.710532</timestamp>
			</report>
			<report>
				<misses>8975001</misses>
				<total>10</total>
				<timestamp>3407.090058</timestamp>
			</report>
			<report>
				<misses>8976001</misses>
				<total>10</total>
				<timestamp>3407.469696</timestamp>
			</report>
			<report>
				<misses>8977001</misses>
				<total>10</total>
				<timestamp>3407.849310</timestamp>
			</report>
			<report>
				<misses>8978001</misses>
				<total>10</total>
				<timestamp>3408.228917</timestamp>
			</report>
			<report>
				<misses>8979001</misses>
				<total>10</total>
				<timestamp>3408.608566</timestamp>
			</report>
			<report>
				<misses>8980001</misses>
				<total>10</total>
				<timestamp>3408.988175</timestamp>
			</report>
			<report>
				<misses>8981001</misses>
				<total>10</total>
				<timestamp>3409.367838</timestamp>
			</report>
			<report>
				<misses>8982001</misses>
				<total>10</total>
				<timestamp>3409.747430</timestamp>
			</report>
			<report>
				<misses>8983001</misses>
				<total>10</total>
				<timestamp>3410.127014</timestamp>
			</report>
			<report>
				<misses>8984001</misses>
				<total>10</total>
				<timestamp>3410.506641</timestamp>
			</report>
			<report>
				<misses>8985001</misses>
				<total>10</total>
				<timestamp>3410.886273</timestamp>
			</report>
			<report>
				<misses>8986001</misses>
				<total>10</total>
				<timestamp>3411.265867</timestamp>
			</report>
			<report>
				<misses>8987001</misses>
				<total>10</total>
				<timestamp>3411.645511</timestamp>
			</report>
			<report>
				<misses>8988001</misses>
				<total>10</total>
				<timestamp>3412.025122</timestamp>
			</report>
			<report>
				<misses>8989001</misses>
				<total>10</total>
				<timestamp>3412.404747</timestamp>
			</report>
			<report>
				<misses>8990001</misses>
				<total>10</total>
				<timestamp>3412.784501</timestamp>
			</report>
			<report>
				<misses>8991001</misses>
				<total>10</total>
				<timestamp>3413.163976</timestamp>
			</report>
			<report>
				<misses>8992001</misses>
				<total>10</total>
				<timestamp>3413.543631</timestamp>
			</report>
			<report>
				<misses>8993001</misses>
				<total>10</total>
				<timestamp>3413.923271</timestamp>
			</report>
			<report>
				<misses>8994001</misses>
				<total>10</total>
				<timestamp>3414.302845</timestamp>
			</report>
			<report>
				<misses>8995001</misses>
				<total>10</total>
				<timestamp>3414.682504</timestamp>
			</report>
			<report>
				<misses>8996001</misses>
				<total>10</total>
				<timestamp>3415.062074</timestamp>
			</report>
			<report>
				<misses>8997001</misses>
				<total>10</total>
				<timestamp>3415.441693</timestamp>
			</report>
			<report>
				<misses>8998001</misses>
				<total>10</total>
				<timestamp>3415.821376</timestamp>
			</report>
			<report>
				<misses>8999001</misses>
				<total>10</total>
				<timestamp>3416.200945</timestamp>
			</report>
			<report>
				<misses>9000001</misses>
				<total>10</total>
				<timestamp>3416.580581</timestamp>
			</report>
			<report>
				<misses>9001001</misses>
				<total>10</total>
				<timestamp>3416.960194</timestamp>
			</report>
			<report>
				<misses>9002001</misses>
				<total>10</total>
				<timestamp>3417.339816</timestamp>
			</report>
			<report>
				<misses>9003001</misses>
				<total>10</total>
				<timestamp>3417.719435</timestamp>
			</report>
			<report>
				<misses>9004001</misses>
				<total>10</total>
				<timestamp>3418.099040</timestamp>
			</report>
			<report>
				<misses>9005001</misses>
				<total>10</total>
				<timestamp>3418.478675</timestamp>
			</report>
			<report>
				<misses>9006001</misses>
				<total>10</total>
				<timestamp>3418.858294</timestamp>
			</report>
			<report>
				<misses>9007001</misses>
				<total>10</total>
				<timestamp>3419.237907</timestamp>
			</report>
			<report>
				<misses>9008001</misses>
				<total>10</total>
				<timestamp>3419.617570</timestamp>
			</report>
			<report>
				<misses>9009001</misses>
				<total>10</total>
				<timestamp>3419.997165</timestamp>
			</report>
			<report>
				<misses>9010001</misses>
				<total>10</total>
				<timestamp>3420.376761</timestamp>
			</report>
			<report>
				<misses>9011001</misses>
				<total>10</total>
				<timestamp>3420.756432</timestamp>
			</report>
			<report>
				<misses>9012001</misses>
				<total>10</total>
				<timestamp>3421.135997</timestamp>
			</report>
			<report>
				<misses>9013001</misses>
				<total>10</total>
				<timestamp>3421.515618</timestamp>
			</report>
			<report>
				<misses>9014001</misses>
				<total>10</total>
				<timestamp>3421.895271</timestamp>
			</report>
			<report>
				<misses>9015001</misses>
				<total>10</total>
				<timestamp>3422.274878</timestamp>
			</report>
			<report>
				<misses>9016001</misses>
				<total>10</total>
				<timestamp>3422.654504</timestamp>
			</report>
			<report>
				<misses>9017001</misses>
				<total>10</total>
				<timestamp>3423.034116</timestamp>
			</report>
			<report>
				<misses>9018001</misses>
				<total>10</total>
				<timestamp>3423.413717</timestamp>
			</report>
			<report>
				<misses>9019001</misses>
				<total>10</total>
				<timestamp>3423.793436</timestamp>
			</report>
			<report>
				<misses>9020001</misses>
				<total>10</total>
				<timestamp>3424.172968</timestamp>
			</report>
			<report>
				<misses>9021001</misses>
				<total>10</total>
				<timestamp>3424.552602</timestamp>
			</report>
			<report>
				<misses>9022001</misses>
				<total>10</total>
				<timestamp>3424.932214</timestamp>
			</report>
			<report>
				<misses>9023001</misses>
				<total>10</total>
				<timestamp>3425.311837</timestamp>
			</report>
			<report>
				<misses>9024001</misses>
				<total>10</total>
				<timestamp>3425.691466</timestamp>
			</report>
			<report>
				<misses>9025001</misses>
				<total>10</total>
				<timestamp>3426.071119</timestamp>
			</report>
			<report>
				<misses>9026001</misses>
				<total>10</total>
				<timestamp>3426.450691</timestamp>
			</report>
			<report>
				<misses>9027001</misses>
				<total>10</total>
				<timestamp>3426.830324</timestamp>
			</report>
			<report>
				<misses>9028001</misses>
				<total>10</total>
				<timestamp>3427.209922</timestamp>
			</report>
			<report>
				<misses>9029001</misses>
				<total>10</total>
				<timestamp>3427.589543</timestamp>
			</report>
			<report>
				<misses>9030001</misses>
				<total>10</total>
				<timestamp>3427.969202</timestamp>
			</report>
			<report>
				<misses>9031001</misses>
				<total>10</total>
				<timestamp>3428.348785</timestamp>
			</report>
			<report>
				<misses>9032001</misses>
				<total>10</total>
				<timestamp>3428.728394</timestamp>
			</report>
			<report>
				<misses>9033001</misses>
				<total>10</total>
				<timestamp>3429.108036</timestamp>
			</report>
			<report>
				<misses>9034001</misses>
				<total>10</total>
				<timestamp>3429.487659</timestamp>
			</report>
			<report>
				<misses>9035001</misses>
				<total>10</total>
				<timestamp>3429.867324</timestamp>
			</report>
			<report>
				<misses>9036001</misses>
				<total>10</total>
				<timestamp>3430.246896</timestamp>
			</report>
			<report>
				<misses>9037001</misses>
				<total>10</total>
				<timestamp>3430.626522</timestamp>
			</report>
			<report>
				<misses>9038001</misses>
				<total>10</total>
				<timestamp>3431.006140</timestamp>
			</report>
			<report>
				<misses>9039001</misses>
				<total>10</total>
				<timestamp>3431.385731</timestamp>
			</report>
			<report>
				<misses>9040001</misses>
				<total>10</total>
				<timestamp>3431.765389</timestamp>
			</report>
			<report>
				<misses>9041001</misses>
				<total>10</total>
				<timestamp>3432.144988</timestamp>
			</report>
			<report>
				<misses>9042001</misses>
				<total>10</total>
				<timestamp>3432.524638</timestamp>
			</report>
			<report>
				<misses>9043001</misses>
				<total>10</total>
				<timestamp>3432.904235</timestamp>
			</report>
			<report>
				<misses>9044001</misses>
				<total>10</total>
				<timestamp>3433.283880</timestamp>
			</report>
			<report>
				<misses>9045001</misses>
				<total>10</total>
				<timestamp>3433.663484</timestamp>
			</report>
			<report>
				<misses>9046001</misses>
				<total>10</total>
				<timestamp>3434.043081</timestamp>
			</report>
			<report>
				<misses>9047001</misses>
				<total>10</total>
				<timestamp>3434.422691</timestamp>
			</report>
			<report>
				<misses>9048001</misses>
				<total>10</total>
				<timestamp>3434.802382</timestamp>
			</report>
			<report>
				<misses>9049001</misses>
				<total>10</total>
				<timestamp>3435.181933</timestamp>
			</report>
			<report>
				<misses>9050001</misses>
				<total>10</total>
				<timestamp>3435.561544</timestamp>
			</report>
			<report>
				<misses>9051001</misses>
				<total>10</total>
				<timestamp>3435.941210</timestamp>
			</report>
			<report>
				<misses>9052001</misses>
				<total>10</total>
				<timestamp>3436.320801</timestamp>
			</report>
			<report>
				<misses>9053001</misses>
				<total>10</total>
				<timestamp>3436.700459</timestamp>
			</report>
			<report>
				<misses>9054001</misses>
				<total>10</total>
				<timestamp>3437.080025</timestamp>
			</report>
			<report>
				<misses>9055001</misses>
				<total>10</total>
				<timestamp>3437.459663</timestamp>
			</report>
			<report>
				<misses>9056001</misses>
				<total>10</total>
				<timestamp>3437.839337</timestamp>
			</report>
			<report>
				<misses>9057001</misses>
				<total>10</total>
				<timestamp>3438.218917</timestamp>
			</report>
			<report>
				<misses>9058001</misses>
				<total>10</total>
				<timestamp>3438.598520</timestamp>
			</report>
			<report>
				<misses>9059001</misses>
				<total>10</total>
				<timestamp>3438.978151</timestamp>
			</report>
			<report>
				<misses>9060001</misses>
				<total>10</total>
				<timestamp>3439.357836</timestamp>
			</report>
			<report>
				<misses>9061001</misses>
				<total>10</total>
				<timestamp>3439.737419</timestamp>
			</report>
			<report>
				<misses>9062001</misses>
				<total>10</total>
				<timestamp>3440.117014</timestamp>
			</report>
			<report>
				<misses>9063001</misses>
				<total>10</total>
				<timestamp>3440.496630</timestamp>
			</report>
			<report>
				<misses>9064001</misses>
				<total>10</total>
				<timestamp>3440.876295</timestamp>
			</report>
			<report>
				<misses>9065001</misses>
				<total>10</total>
				<timestamp>3441.255867</timestamp>
			</report>
			<report>
				<misses>9066001</misses>
				<total>10</total>
				<timestamp>3441.635484</timestamp>
			</report>
			<report>
				<misses>9067001</misses>
				<total>10</total>
				<timestamp>3442.015137</timestamp>
			</report>
			<report>
				<misses>9068001</misses>
				<total>10</total>
				<timestamp>3442.394730</timestamp>
			</report>
			<report>
				<misses>9069001</misses>
				<total>10</total>
				<timestamp>3442.774395</timestamp>
			</report>
			<report>
				<misses>9070001</misses>
				<total>10</total>
				<timestamp>3443.153975</timestamp>
			</report>
			<report>
				<misses>9071001</misses>
				<total>10</total>
				<timestamp>3443.533585</timestamp>
			</report>
			<report>
				<misses>9072001</misses>
				<total>10</total>
				<timestamp>3443.913231</timestamp>
			</report>
			<report>
				<misses>9073001</misses>
				<total>10</total>
				<timestamp>3444.292827</timestamp>
			</report>
			<report>
				<misses>9074001</misses>
				<total>10</total>
				<timestamp>3444.672459</timestamp>
			</report>
			<report>
				<misses>9075001</misses>
				<total>10</total>
				<timestamp>3445.052077</timestamp>
			</report>
			<report>
				<misses>9076001</misses>
				<total>10</total>
				<timestamp>3445.431686</timestamp>
			</report>
			<report>
				<misses>9077001</misses>
				<total>10</total>
				<timestamp>3445.811333</timestamp>
			</report>
			<report>
				<misses>9078001</misses>
				<total>10</total>
				<timestamp>3446.190936</timestamp>
			</report>
			<report>
				<misses>9079001</misses>
				<total>10</total>
				<timestamp>3446.570549</timestamp>
			</report>
			<report>
				<misses>9080001</misses>
				<total>10</total>
				<timestamp>3446.950172</timestamp>
			</report>
			<report>
				<misses>9081001</misses>
				<total>10</total>
				<timestamp>3447.329781</timestamp>
			</report>
			<report>
				<misses>9082001</misses>
				<total>10</total>
				<timestamp>3447.709428</timestamp>
			</report>
			<report>
				<misses>9083001</misses>
				<total>10</total>
				<timestamp>3448.089044</timestamp>
			</report>
			<report>
				<misses>9084001</misses>
				<total>10</total>
				<timestamp>3448.468639</timestamp>
			</report>
			<report>
				<misses>9085001</misses>
				<total>10</total>
				<timestamp>3448.848294</timestamp>
			</report>
			<report>
				<misses>9086001</misses>
				<total>10</total>
				<timestamp>3449.227882</timestamp>
			</report>
			<report>
				<misses>9087001</misses>
				<total>10</total>
				<timestamp>3449.607505</timestamp>
			</report>
			<report>
				<misses>9088001</misses>
				<total>10</total>
				<timestamp>3449.987145</timestamp>
			</report>
			<report>
				<misses>9089001</misses>
				<total>10</total>
				<timestamp>3450.366751</timestamp>
			</report>
			<report>
				<misses>9090001</misses>
				<total>10</total>
				<timestamp>3450.746395</timestamp>
			</report>
			<report>
				<misses>9091001</misses>
				<total>10</total>
				<timestamp>3451.125979</timestamp>
			</report>
			<report>
				<misses>9092001</misses>
				<total>10</total>
				<timestamp>3451.505596</timestamp>
			</report>
			<report>
				<misses>9093001</misses>
				<total>10</total>
				<timestamp>3451.885277</timestamp>
			</report>
			<report>
				<misses>9094001</misses>
				<total>10</total>
				<timestamp>3452.264877</timestamp>
			</report>
			<report>
				<misses>9095001</misses>
				<total>10</total>
				<timestamp>3452.644464</timestamp>
			</report>
			<report>
				<misses>9096001</misses>
				<total>10</total>
				<timestamp>3453.024113</timestamp>
			</report>
			<report>
				<misses>9097001</misses>
				<total>10</total>
				<timestamp>3453.403744</timestamp>
			</report>
			<report>
				<misses>9098001</misses>
				<total>10</total>
				<timestamp>3453.783373</timestamp>
			</report>
			<report>
				<misses>9099001</misses>
				<total>10</total>
				<timestamp>3454.162946</timestamp>
			</report>
			<report>
				<misses>9100001</misses>
				<total>10</total>
				<timestamp>3454.542571</timestamp>
			</report>
			<report>
				<misses>9101001</misses>
				<total>10</total>
				<timestamp>3454.922181</timestamp>
			</report>
			<report>
				<misses>9102001</misses>
				<total>10</total>
				<timestamp>3455.301809</timestamp>
			</report>
			<report>
				<misses>9103001</misses>
				<total>10</total>
				<timestamp>3455.681419</timestamp>
			</report>
			<report>
				<misses>9104001</misses>
				<total>10</total>
				<timestamp>3456.061114</timestamp>
			</report>
			<report>
				<misses>9105001</misses>
				<total>10</total>
				<timestamp>3456.440673</timestamp>
			</report>
			<report>
				<misses>9106001</misses>
				<total>10</total>
				<timestamp>3456.820331</timestamp>
			</report>
			<report>
				<misses>9107001</misses>
				<total>10</total>
				<timestamp>3457.199899</timestamp>
			</report>
			<report>
				<misses>9108001</misses>
				<total>10</total>
				<timestamp>3457.579532</timestamp>
			</report>
			<report>
				<misses>9109001</misses>
				<total>10</total>
				<timestamp>3457.959161</timestamp>
			</report>
			<report>
				<misses>9110001</misses>
				<total>10</total>
				<timestamp>3458.338770</timestamp>
			</report>
			<report>
				<misses>9111001</misses>
				<total>10</total>
				<timestamp>3458.718408</timestamp>
			</report>
			<report>
				<misses>9112001</misses>
				<total>10</total>
				<timestamp>3459.098005</timestamp>
			</report>
			<report>
				<misses>9113001</misses>
				<total>10</total>
				<timestamp>3459.477619</timestamp>
			</report>
			<report>
				<misses>9114001</misses>
				<total>10</total>
				<timestamp>3459.857302</timestamp>
			</report>
			<report>
				<misses>9115001</misses>
				<total>10</total>
				<timestamp>3460.236904</timestamp>
			</report>
			<report>
				<misses>9116001</misses>
				<total>10</total>
				<timestamp>3460.616504</timestamp>
			</report>
			<report>
				<misses>9117001</misses>
				<total>10</total>
				<timestamp>3460.996166</timestamp>
			</report>
			<report>
				<misses>9118001</misses>
				<total>10</total>
				<timestamp>3461.375730</timestamp>
			</report>
			<report>
				<misses>9119001</misses>
				<total>10</total>
				<timestamp>3461.755367</timestamp>
			</report>
			<report>
				<misses>9120001</misses>
				<total>10</total>
				<timestamp>3462.134956</timestamp>
			</report>
			<report>
				<misses>9121001</misses>
				<total>10</total>
				<timestamp>3462.514587</timestamp>
			</report>
			<report>
				<misses>9122001</misses>
				<total>10</total>
				<timestamp>3462.894252</timestamp>
			</report>
			<report>
				<misses>9123001</misses>
				<total>10</total>
				<timestamp>3463.273824</timestamp>
			</report>
			<report>
				<misses>9124001</misses>
				<total>10</total>
				<timestamp>3463.653459</timestamp>
			</report>
			<report>
				<misses>9125001</misses>
				<total>10</total>
				<timestamp>3464.033137</timestamp>
			</report>
			<report>
				<misses>9126001</misses>
				<total>10</total>
				<timestamp>3464.412707</timestamp>
			</report>
			<report>
				<misses>9127001</misses>
				<total>10</total>
				<timestamp>3464.792319</timestamp>
			</report>
			<report>
				<misses>9128001</misses>
				<total>10</total>
				<timestamp>3465.171925</timestamp>
			</report>
			<report>
				<misses>9129001</misses>
				<total>10</total>
				<timestamp>3465.551549</timestamp>
			</report>
			<report>
				<misses>9130001</misses>
				<total>10</total>
				<timestamp>3465.931183</timestamp>
			</report>
			<report>
				<misses>9131001</misses>
				<total>10</total>
				<timestamp>3466.310827</timestamp>
			</report>
			<report>
				<misses>9132001</misses>
				<total>10</total>
				<timestamp>3466.690410</timestamp>
			</report>
			<report>
				<misses>9133001</misses>
				<total>10</total>
				<timestamp>3467.070030</timestamp>
			</report>
			<report>
				<misses>9134001</misses>
				<total>10</total>
				<timestamp>3467.449631</timestamp>
			</report>
			<report>
				<misses>9135001</misses>
				<total>10</total>
				<timestamp>3467.829278</timestamp>
			</report>
			<report>
				<misses>9136001</misses>
				<total>10</total>
				<timestamp>3468.208883</timestamp>
			</report>
			<report>
				<misses>9137001</misses>
				<total>10</total>
				<timestamp>3468.588508</timestamp>
			</report>
			<report>
				<misses>9138001</misses>
				<total>10</total>
				<timestamp>3468.968139</timestamp>
			</report>
			<report>
				<misses>9139001</misses>
				<total>10</total>
				<timestamp>3469.347744</timestamp>
			</report>
			<report>
				<misses>9140001</misses>
				<total>10</total>
				<timestamp>3469.727365</timestamp>
			</report>
			<report>
				<misses>9141001</misses>
				<total>10</total>
				<timestamp>3470.107035</timestamp>
			</report>
			<report>
				<misses>9142001</misses>
				<total>10</total>
				<timestamp>3470.486600</timestamp>
			</report>
			<report>
				<misses>9143001</misses>
				<total>10</total>
				<timestamp>3470.866252</timestamp>
			</report>
			<report>
				<misses>9144001</misses>
				<total>10</total>
				<timestamp>3471.245850</timestamp>
			</report>
			<report>
				<misses>9145001</misses>
				<total>10</total>
				<timestamp>3471.625502</timestamp>
			</report>
			<report>
				<misses>9146001</misses>
				<total>10</total>
				<timestamp>3472.005121</timestamp>
			</report>
			<report>
				<misses>9147001</misses>
				<total>10</total>
				<timestamp>3472.384734</timestamp>
			</report>
			<report>
				<misses>9148001</misses>
				<total>10</total>
				<timestamp>3472.764335</timestamp>
			</report>
			<report>
				<misses>9149001</misses>
				<total>10</total>
				<timestamp>3473.143966</timestamp>
			</report>
			<report>
				<misses>9150001</misses>
				<total>10</total>
				<timestamp>3473.523571</timestamp>
			</report>
			<report>
				<misses>9151001</misses>
				<total>10</total>
				<timestamp>3473.903198</timestamp>
			</report>
			<report>
				<misses>9152001</misses>
				<total>10</total>
				<timestamp>3474.282808</timestamp>
			</report>
			<report>
				<misses>9153001</misses>
				<total>10</total>
				<timestamp>3474.662443</timestamp>
			</report>
			<report>
				<misses>9154001</misses>
				<total>10</total>
				<timestamp>3475.042081</timestamp>
			</report>
			<report>
				<misses>9155001</misses>
				<total>10</total>
				<timestamp>3475.421657</timestamp>
			</report>
			<report>
				<misses>9156001</misses>
				<total>10</total>
				<timestamp>3475.801312</timestamp>
			</report>
			<report>
				<misses>9157001</misses>
				<total>10</total>
				<timestamp>3476.180913</timestamp>
			</report>
			<report>
				<misses>9158001</misses>
				<total>10</total>
				<timestamp>3476.560529</timestamp>
			</report>
			<report>
				<misses>9159001</misses>
				<total>10</total>
				<timestamp>3476.940175</timestamp>
			</report>
			<report>
				<misses>9160001</misses>
				<total>10</total>
				<timestamp>3477.319753</timestamp>
			</report>
			<report>
				<misses>9161001</misses>
				<total>10</total>
				<timestamp>3477.699431</timestamp>
			</report>
			<report>
				<misses>9162001</misses>
				<total>10</total>
				<timestamp>3478.079029</timestamp>
			</report>
			<report>
				<misses>9163001</misses>
				<total>10</total>
				<timestamp>3478.458623</timestamp>
			</report>
			<report>
				<misses>9164001</misses>
				<total>10</total>
				<timestamp>3478.838257</timestamp>
			</report>
			<report>
				<misses>9165001</misses>
				<total>10</total>
				<timestamp>3479.217865</timestamp>
			</report>
			<report>
				<misses>9166001</misses>
				<total>10</total>
				<timestamp>3479.597498</timestamp>
			</report>
			<report>
				<misses>9167001</misses>
				<total>10</total>
				<timestamp>3479.977135</timestamp>
			</report>
			<report>
				<misses>9168001</misses>
				<total>10</total>
				<timestamp>3480.356728</timestamp>
			</report>
			<report>
				<misses>9169001</misses>
				<total>10</total>
				<timestamp>3480.736362</timestamp>
			</report>
			<report>
				<misses>9170001</misses>
				<total>10</total>
				<timestamp>3481.115987</timestamp>
			</report>
			<report>
				<misses>9171001</misses>
				<total>10</total>
				<timestamp>3481.495585</timestamp>
			</report>
			<report>
				<misses>9172001</misses>
				<total>10</total>
				<timestamp>3481.875211</timestamp>
			</report>
			<report>
				<misses>9173001</misses>
				<total>10</total>
				<timestamp>3482.254831</timestamp>
			</report>
			<report>
				<misses>9174001</misses>
				<total>10</total>
				<timestamp>3482.634442</timestamp>
			</report>
			<report>
				<misses>9175001</misses>
				<total>10</total>
				<timestamp>3483.014075</timestamp>
			</report>
			<report>
				<misses>9176001</misses>
				<total>10</total>
				<timestamp>3483.393679</timestamp>
			</report>
			<report>
				<misses>9177001</misses>
				<total>10</total>
				<timestamp>3483.773318</timestamp>
			</report>
			<report>
				<misses>9178001</misses>
				<total>10</total>
				<timestamp>3484.152944</timestamp>
			</report>
			<report>
				<misses>9179001</misses>
				<total>10</total>
				<timestamp>3484.532586</timestamp>
			</report>
			<report>
				<misses>9180001</misses>
				<total>10</total>
				<timestamp>3484.912178</timestamp>
			</report>
			<report>
				<misses>9181001</misses>
				<total>10</total>
				<timestamp>3485.291783</timestamp>
			</report>
			<report>
				<misses>9182001</misses>
				<total>10</total>
				<timestamp>3485.671438</timestamp>
			</report>
			<report>
				<misses>9183001</misses>
				<total>10</total>
				<timestamp>3486.051065</timestamp>
			</report>
			<report>
				<misses>9184001</misses>
				<total>10</total>
				<timestamp>3486.430643</timestamp>
			</report>
			<report>
				<misses>9185001</misses>
				<total>10</total>
				<timestamp>3486.810274</timestamp>
			</report>
			<report>
				<misses>9186001</misses>
				<total>10</total>
				<timestamp>3487.189910</timestamp>
			</report>
			<report>
				<misses>9187001</misses>
				<total>10</total>
				<timestamp>3487.569491</timestamp>
			</report>
			<report>
				<misses>9188001</misses>
				<total>10</total>
				<timestamp>3487.949141</timestamp>
			</report>
			<report>
				<misses>9189001</misses>
				<total>10</total>
				<timestamp>3488.328741</timestamp>
			</report>
			<report>
				<misses>9190001</misses>
				<total>10</total>
				<timestamp>3488.708391</timestamp>
			</report>
			<report>
				<misses>9191001</misses>
				<total>10</total>
				<timestamp>3489.088004</timestamp>
			</report>
			<report>
				<misses>9192001</misses>
				<total>10</total>
				<timestamp>3489.467593</timestamp>
			</report>
			<report>
				<misses>9193001</misses>
				<total>10</total>
				<timestamp>3489.847223</timestamp>
			</report>
			<report>
				<misses>9194001</misses>
				<total>10</total>
				<timestamp>3490.226889</timestamp>
			</report>
			<report>
				<misses>9195001</misses>
				<total>10</total>
				<timestamp>3490.606479</timestamp>
			</report>
			<report>
				<misses>9196001</misses>
				<total>10</total>
				<timestamp>3490.986113</timestamp>
			</report>
			<report>
				<misses>9197001</misses>
				<total>10</total>
				<timestamp>3491.365692</timestamp>
			</report>
			<report>
				<misses>9198001</misses>
				<total>10</total>
				<timestamp>3491.745333</timestamp>
			</report>
			<report>
				<misses>9199001</misses>
				<total>10</total>
				<timestamp>3492.124987</timestamp>
			</report>
			<report>
				<misses>9200001</misses>
				<total>10</total>
				<timestamp>3492.504604</timestamp>
			</report>
			<report>
				<misses>9201001</misses>
				<total>10</total>
				<timestamp>3492.884185</timestamp>
			</report>
			<report>
				<misses>9202001</misses>
				<total>10</total>
				<timestamp>3493.263813</timestamp>
			</report>
			<report>
				<misses>9203001</misses>
				<total>10</total>
				<timestamp>3493.643435</timestamp>
			</report>
			<report>
				<misses>9204001</misses>
				<total>10</total>
				<timestamp>3494.023064</timestamp>
			</report>
			<report>
				<misses>9205001</misses>
				<total>10</total>
				<timestamp>3494.402675</timestamp>
			</report>
			<report>
				<misses>9206001</misses>
				<total>10</total>
				<timestamp>3494.782290</timestamp>
			</report>
			<report>
				<misses>9207001</misses>
				<total>10</total>
				<timestamp>3495.161959</timestamp>
			</report>
			<report>
				<misses>9208001</misses>
				<total>10</total>
				<timestamp>3495.541536</timestamp>
			</report>
			<report>
				<misses>9209001</misses>
				<total>10</total>
				<timestamp>3495.921153</timestamp>
			</report>
			<report>
				<misses>9210001</misses>
				<total>10</total>
				<timestamp>3496.300773</timestamp>
			</report>
			<report>
				<misses>9211001</misses>
				<total>10</total>
				<timestamp>3496.680384</timestamp>
			</report>
			<report>
				<misses>9212001</misses>
				<total>10</total>
				<timestamp>3497.060043</timestamp>
			</report>
			<report>
				<misses>9213001</misses>
				<total>10</total>
				<timestamp>3497.439631</timestamp>
			</report>
			<report>
				<misses>9214001</misses>
				<total>10</total>
				<timestamp>3497.819286</timestamp>
			</report>
			<report>
				<misses>9215001</misses>
				<total>10</total>
				<timestamp>3498.198911</timestamp>
			</report>
			<report>
				<misses>9216001</misses>
				<total>10</total>
				<timestamp>3498.578493</timestamp>
			</report>
			<report>
				<misses>9217001</misses>
				<total>10</total>
				<timestamp>3498.958106</timestamp>
			</report>
			<report>
				<misses>9218001</misses>
				<total>10</total>
				<timestamp>3499.337742</timestamp>
			</report>
			<report>
				<misses>9219001</misses>
				<total>10</total>
				<timestamp>3499.717354</timestamp>
			</report>
			<report>
				<misses>9220001</misses>
				<total>10</total>
				<timestamp>3500.097018</timestamp>
			</report>
			<report>
				<misses>9221001</misses>
				<total>10</total>
				<timestamp>3500.476579</timestamp>
			</report>
			<report>
				<misses>9222001</misses>
				<total>10</total>
				<timestamp>3500.856197</timestamp>
			</report>
			<report>
				<misses>9223001</misses>
				<total>10</total>
				<timestamp>3501.235833</timestamp>
			</report>
			<report>
				<misses>9224001</misses>
				<total>10</total>
				<timestamp>3501.615434</timestamp>
			</report>
			<report>
				<misses>9225001</misses>
				<total>10</total>
				<timestamp>3501.995076</timestamp>
			</report>
			<report>
				<misses>9226001</misses>
				<total>10</total>
				<timestamp>3502.374686</timestamp>
			</report>
			<report>
				<misses>9227001</misses>
				<total>10</total>
				<timestamp>3502.754325</timestamp>
			</report>
			<report>
				<misses>9228001</misses>
				<total>10</total>
				<timestamp>3503.133951</timestamp>
			</report>
			<report>
				<misses>9229001</misses>
				<total>10</total>
				<timestamp>3503.513566</timestamp>
			</report>
			<report>
				<misses>9230001</misses>
				<total>10</total>
				<timestamp>3503.893175</timestamp>
			</report>
			<report>
				<misses>9231001</misses>
				<total>10</total>
				<timestamp>3504.272801</timestamp>
			</report>
			<report>
				<misses>9232001</misses>
				<total>10</total>
				<timestamp>3504.652514</timestamp>
			</report>
			<report>
				<misses>9233001</misses>
				<total>10</total>
				<timestamp>3505.032038</timestamp>
			</report>
			<report>
				<misses>9234001</misses>
				<total>10</total>
				<timestamp>3505.411637</timestamp>
			</report>
			<report>
				<misses>9235001</misses>
				<total>10</total>
				<timestamp>3505.791306</timestamp>
			</report>
			<report>
				<misses>9236001</misses>
				<total>10</total>
				<timestamp>3506.170896</timestamp>
			</report>
			<report>
				<misses>9237001</misses>
				<total>10</total>
				<timestamp>3506.550509</timestamp>
			</report>
			<report>
				<misses>9238001</misses>
				<total>10</total>
				<timestamp>3506.930123</timestamp>
			</report>
			<report>
				<misses>9239001</misses>
				<total>10</total>
				<timestamp>3507.309736</timestamp>
			</report>
			<report>
				<misses>9240001</misses>
				<total>10</total>
				<timestamp>3507.689368</timestamp>
			</report>
			<report>
				<misses>9241001</misses>
				<total>10</total>
				<timestamp>3508.069004</timestamp>
			</report>
			<report>
				<misses>9242001</misses>
				<total>10</total>
				<timestamp>3508.448621</timestamp>
			</report>
			<report>
				<misses>9243001</misses>
				<total>10</total>
				<timestamp>3508.828281</timestamp>
			</report>
			<report>
				<misses>9244001</misses>
				<total>10</total>
				<timestamp>3509.207861</timestamp>
			</report>
			<report>
				<misses>9245001</misses>
				<total>10</total>
				<timestamp>3509.587451</timestamp>
			</report>
			<report>
				<misses>9246001</misses>
				<total>10</total>
				<timestamp>3509.967081</timestamp>
			</report>
			<report>
				<misses>9247001</misses>
				<total>10</total>
				<timestamp>3510.346751</timestamp>
			</report>
			<report>
				<misses>9248001</misses>
				<total>10</total>
				<timestamp>3510.726314</timestamp>
			</report>
			<report>
				<misses>9249001</misses>
				<total>10</total>
				<timestamp>3511.105989</timestamp>
			</report>
			<report>
				<misses>9250001</misses>
				<total>10</total>
				<timestamp>3511.485552</timestamp>
			</report>
			<report>
				<misses>9251001</misses>
				<total>10</total>
				<timestamp>3511.865171</timestamp>
			</report>
			<report>
				<misses>9252001</misses>
				<total>10</total>
				<timestamp>3512.244858</timestamp>
			</report>
			<report>
				<misses>9253001</misses>
				<total>10</total>
				<timestamp>3512.624432</timestamp>
			</report>
			<report>
				<misses>9254001</misses>
				<total>10</total>
				<timestamp>3513.004088</timestamp>
			</report>
			<report>
				<misses>9255001</misses>
				<total>10</total>
				<timestamp>3513.383665</timestamp>
			</report>
			<report>
				<misses>9256001</misses>
				<total>10</total>
				<timestamp>3513.763308</timestamp>
			</report>
			<report>
				<misses>9257001</misses>
				<total>10</total>
				<timestamp>3514.142961</timestamp>
			</report>
			<report>
				<misses>9258001</misses>
				<total>10</total>
				<timestamp>3514.522519</timestamp>
			</report>
			<report>
				<misses>9259001</misses>
				<total>10</total>
				<timestamp>3514.902143</timestamp>
			</report>
			<report>
				<misses>9260001</misses>
				<total>10</total>
				<timestamp>3515.281857</timestamp>
			</report>
			<report>
				<misses>9261001</misses>
				<total>10</total>
				<timestamp>3515.661405</timestamp>
			</report>
			<report>
				<misses>9262001</misses>
				<total>10</total>
				<timestamp>3516.041008</timestamp>
			</report>
			<report>
				<misses>9263001</misses>
				<total>10</total>
				<timestamp>3516.420668</timestamp>
			</report>
			<report>
				<misses>9264001</misses>
				<total>10</total>
				<timestamp>3516.800250</timestamp>
			</report>
			<report>
				<misses>9265001</misses>
				<total>10</total>
				<timestamp>3517.179888</timestamp>
			</report>
			<report>
				<misses>9266001</misses>
				<total>10</total>
				<timestamp>3517.559509</timestamp>
			</report>
			<report>
				<misses>9267001</misses>
				<total>10</total>
				<timestamp>3517.939118</timestamp>
			</report>
			<report>
				<misses>9268001</misses>
				<total>10</total>
				<timestamp>3518.318732</timestamp>
			</report>
			<report>
				<misses>9269001</misses>
				<total>10</total>
				<timestamp>3518.698365</timestamp>
			</report>
			<report>
				<misses>9270001</misses>
				<total>10</total>
				<timestamp>3519.077974</timestamp>
			</report>
			<report>
				<misses>9271001</misses>
				<total>10</total>
				<timestamp>3519.457569</timestamp>
			</report>
			<report>
				<misses>9272001</misses>
				<total>10</total>
				<timestamp>3519.837197</timestamp>
			</report>
			<report>
				<misses>9273001</misses>
				<total>10</total>
				<timestamp>3520.216841</timestamp>
			</report>
			<report>
				<misses>9274001</misses>
				<total>10</total>
				<timestamp>3520.596454</timestamp>
			</report>
			<report>
				<misses>9275001</misses>
				<total>10</total>
				<timestamp>3520.976051</timestamp>
			</report>
			<report>
				<misses>9276001</misses>
				<total>10</total>
				<timestamp>3521.355695</timestamp>
			</report>
			<report>
				<misses>9277001</misses>
				<total>10</total>
				<timestamp>3521.735332</timestamp>
			</report>
			<report>
				<misses>9278001</misses>
				<total>10</total>
				<timestamp>3522.114972</timestamp>
			</report>
			<report>
				<misses>9279001</misses>
				<total>10</total>
				<timestamp>3522.494545</timestamp>
			</report>
			<report>
				<misses>9280001</misses>
				<total>10</total>
				<timestamp>3522.874166</timestamp>
			</report>
			<report>
				<misses>9281001</misses>
				<total>10</total>
				<timestamp>3523.253815</timestamp>
			</report>
			<report>
				<misses>9282001</misses>
				<total>10</total>
				<timestamp>3523.633390</timestamp>
			</report>
			<report>
				<misses>9283001</misses>
				<total>10</total>
				<timestamp>3524.013062</timestamp>
			</report>
			<report>
				<misses>9284001</misses>
				<total>10</total>
				<timestamp>3524.392639</timestamp>
			</report>
			<report>
				<misses>9285001</misses>
				<total>10</total>
				<timestamp>3524.772309</timestamp>
			</report>
			<report>
				<misses>9286001</misses>
				<total>10</total>
				<timestamp>3525.151920</timestamp>
			</report>
			<report>
				<misses>9287001</misses>
				<total>10</total>
				<timestamp>3525.531497</timestamp>
			</report>
			<report>
				<misses>9288001</misses>
				<total>10</total>
				<timestamp>3525.911123</timestamp>
			</report>
			<report>
				<misses>9289001</misses>
				<total>10</total>
				<timestamp>3526.290769</timestamp>
			</report>
			<report>
				<misses>9290001</misses>
				<total>10</total>
				<timestamp>3526.670366</timestamp>
			</report>
			<report>
				<misses>9291001</misses>
				<total>10</total>
				<timestamp>3527.050008</timestamp>
			</report>
			<report>
				<misses>9292001</misses>
				<total>10</total>
				<timestamp>3527.429618</timestamp>
			</report>
			<report>
				<misses>9293001</misses>
				<total>10</total>
				<timestamp>3527.809228</timestamp>
			</report>
			<report>
				<misses>9294001</misses>
				<total>10</total>
				<timestamp>3528.188870</timestamp>
			</report>
			<report>
				<misses>9295001</misses>
				<total>10</total>
				<timestamp>3528.568480</timestamp>
			</report>
			<report>
				<misses>9296001</misses>
				<total>10</total>
				<timestamp>3528.948083</timestamp>
			</report>
			<report>
				<misses>9297001</misses>
				<total>10</total>
				<timestamp>3529.327763</timestamp>
			</report>
			<report>
				<misses>9298001</misses>
				<total>10</total>
				<timestamp>3529.707354</timestamp>
			</report>
			<report>
				<misses>9299001</misses>
				<total>10</total>
				<timestamp>3530.086985</timestamp>
			</report>
			<report>
				<misses>9300001</misses>
				<total>10</total>
				<timestamp>3530.466572</timestamp>
			</report>
			<report>
				<misses>9301001</misses>
				<total>10</total>
				<timestamp>3530.846196</timestamp>
			</report>
			<report>
				<misses>9302001</misses>
				<total>10</total>
				<timestamp>3531.225862</timestamp>
			</report>
			<report>
				<misses>9303001</misses>
				<total>10</total>
				<timestamp>3531.605465</timestamp>
			</report>
			<report>
				<misses>9304001</misses>
				<total>10</total>
				<timestamp>3531.985036</timestamp>
			</report>
			<report>
				<misses>9305001</misses>
				<total>10</total>
				<timestamp>3532.364727</timestamp>
			</report>
			<report>
				<misses>9306001</misses>
				<total>10</total>
				<timestamp>3532.744289</timestamp>
			</report>
			<report>
				<misses>9307001</misses>
				<total>10</total>
				<timestamp>3533.123911</timestamp>
			</report>
			<report>
				<misses>9308001</misses>
				<total>10</total>
				<timestamp>3533.503525</timestamp>
			</report>
			<report>
				<misses>9309001</misses>
				<total>10</total>
				<timestamp>3533.883153</timestamp>
			</report>
			<report>
				<misses>9310001</misses>
				<total>10</total>
				<timestamp>3534.262758</timestamp>
			</report>
			<report>
				<misses>9311001</misses>
				<total>10</total>
				<timestamp>3534.642375</timestamp>
			</report>
			<report>
				<misses>9312001</misses>
				<total>10</total>
				<timestamp>3535.022008</timestamp>
			</report>
			<report>
				<misses>9313001</misses>
				<total>10</total>
				<timestamp>3535.401634</timestamp>
			</report>
			<report>
				<misses>9314001</misses>
				<total>10</total>
				<timestamp>3535.781259</timestamp>
			</report>
			<report>
				<misses>9315001</misses>
				<total>10</total>
				<timestamp>3536.160876</timestamp>
			</report>
			<report>
				<misses>9316001</misses>
				<total>10</total>
				<timestamp>3536.540476</timestamp>
			</report>
			<report>
				<misses>9317001</misses>
				<total>10</total>
				<timestamp>3536.920116</timestamp>
			</report>
			<report>
				<misses>9318001</misses>
				<total>10</total>
				<timestamp>3537.299762</timestamp>
			</report>
			<report>
				<misses>9319001</misses>
				<total>10</total>
				<timestamp>3537.679341</timestamp>
			</report>
			<report>
				<misses>9320001</misses>
				<total>10</total>
				<timestamp>3538.058999</timestamp>
			</report>
			<report>
				<misses>9321001</misses>
				<total>10</total>
				<timestamp>3538.438594</timestamp>
			</report>
			<report>
				<misses>9322001</misses>
				<total>10</total>
				<timestamp>3538.818228</timestamp>
			</report>
			<report>
				<misses>9323001</misses>
				<total>10</total>
				<timestamp>3539.197820</timestamp>
			</report>
			<report>
				<misses>9324001</misses>
				<total>10</total>
				<timestamp>3539.577437</timestamp>
			</report>
			<report>
				<misses>9325001</misses>
				<total>10</total>
				<timestamp>3539.957070</timestamp>
			</report>
			<report>
				<misses>9326001</misses>
				<total>10</total>
				<timestamp>3540.336688</timestamp>
			</report>
			<report>
				<misses>9327001</misses>
				<total>10</total>
				<timestamp>3540.716313</timestamp>
			</report>
			<report>
				<misses>9328001</misses>
				<total>10</total>
				<timestamp>3541.095915</timestamp>
			</report>
			<report>
				<misses>9329001</misses>
				<total>10</total>
				<timestamp>3541.475541</timestamp>
			</report>
			<report>
				<misses>9330001</misses>
				<total>10</total>
				<timestamp>3541.855183</timestamp>
			</report>
			<report>
				<misses>9331001</misses>
				<total>10</total>
				<timestamp>3542.234784</timestamp>
			</report>
			<report>
				<misses>9332001</misses>
				<total>10</total>
				<timestamp>3542.614411</timestamp>
			</report>
			<report>
				<misses>9333001</misses>
				<total>10</total>
				<timestamp>3542.994014</timestamp>
			</report>
			<report>
				<misses>9334001</misses>
				<total>10</total>
				<timestamp>3543.373718</timestamp>
			</report>
			<report>
				<misses>9335001</misses>
				<total>10</total>
				<timestamp>3543.753247</timestamp>
			</report>
			<report>
				<misses>9336001</misses>
				<total>10</total>
				<timestamp>3544.132920</timestamp>
			</report>
			<report>
				<misses>9337001</misses>
				<total>10</total>
				<timestamp>3544.512501</timestamp>
			</report>
			<report>
				<misses>9338001</misses>
				<total>10</total>
				<timestamp>3544.892125</timestamp>
			</report>
			<report>
				<misses>9339001</misses>
				<total>10</total>
				<timestamp>3545.271777</timestamp>
			</report>
			<report>
				<misses>9340001</misses>
				<total>10</total>
				<timestamp>3545.651377</timestamp>
			</report>
			<report>
				<misses>9341001</misses>
				<total>10</total>
				<timestamp>3546.030999</timestamp>
			</report>
			<report>
				<misses>9342001</misses>
				<total>10</total>
				<timestamp>3546.410631</timestamp>
			</report>
			<report>
				<misses>9343001</misses>
				<total>10</total>
				<timestamp>3546.790245</timestamp>
			</report>
			<report>
				<misses>9344001</misses>
				<total>10</total>
				<timestamp>3547.169837</timestamp>
			</report>
			<report>
				<misses>9345001</misses>
				<total>10</total>
				<timestamp>3547.549471</timestamp>
			</report>
			<report>
				<misses>9346001</misses>
				<total>10</total>
				<timestamp>3547.929100</timestamp>
			</report>
			<report>
				<misses>9347001</misses>
				<total>10</total>
				<timestamp>3548.308696</timestamp>
			</report>
			<report>
				<misses>9348001</misses>
				<total>10</total>
				<timestamp>3548.688307</timestamp>
			</report>
			<report>
				<misses>9349001</misses>
				<total>10</total>
				<timestamp>3549.067955</timestamp>
			</report>
			<report>
				<misses>9350001</misses>
				<total>10</total>
				<timestamp>3549.447575</timestamp>
			</report>
			<report>
				<misses>9351001</misses>
				<total>10</total>
				<timestamp>3549.827201</timestamp>
			</report>
			<report>
				<misses>9352001</misses>
				<total>10</total>
				<timestamp>3550.206814</timestamp>
			</report>
			<report>
				<misses>9353001</misses>
				<total>10</total>
				<timestamp>3550.586444</timestamp>
			</report>
			<report>
				<misses>9354001</misses>
				<total>10</total>
				<timestamp>3550.966042</timestamp>
			</report>
			<report>
				<misses>9355001</misses>
				<total>10</total>
				<timestamp>3551.345662</timestamp>
			</report>
			<report>
				<misses>9356001</misses>
				<total>10</total>
				<timestamp>3551.725305</timestamp>
			</report>
			<report>
				<misses>9357001</misses>
				<total>10</total>
				<timestamp>3552.104915</timestamp>
			</report>
			<report>
				<misses>9358001</misses>
				<total>10</total>
				<timestamp>3552.484539</timestamp>
			</report>
			<report>
				<misses>9359001</misses>
				<total>10</total>
				<timestamp>3552.864198</timestamp>
			</report>
			<report>
				<misses>9360001</misses>
				<total>10</total>
				<timestamp>3553.243780</timestamp>
			</report>
			<report>
				<misses>9361001</misses>
				<total>10</total>
				<timestamp>3553.623395</timestamp>
			</report>
			<report>
				<misses>9362001</misses>
				<total>10</total>
				<timestamp>3554.003038</timestamp>
			</report>
			<report>
				<misses>9363001</misses>
				<total>10</total>
				<timestamp>3554.382642</timestamp>
			</report>
			<report>
				<misses>9364001</misses>
				<total>10</total>
				<timestamp>3554.762265</timestamp>
			</report>
			<report>
				<misses>9365001</misses>
				<total>10</total>
				<timestamp>3555.141866</timestamp>
			</report>
			<report>
				<misses>9366001</misses>
				<total>10</total>
				<timestamp>3555.521495</timestamp>
			</report>
			<report>
				<misses>9367001</misses>
				<total>10</total>
				<timestamp>3555.901137</timestamp>
			</report>
			<report>
				<misses>9368001</misses>
				<total>10</total>
				<timestamp>3556.280728</timestamp>
			</report>
			<report>
				<misses>9369001</misses>
				<total>10</total>
				<timestamp>3556.660365</timestamp>
			</report>
			<report>
				<misses>9370001</misses>
				<total>10</total>
				<timestamp>3557.039962</timestamp>
			</report>
			<report>
				<misses>9371001</misses>
				<total>10</total>
				<timestamp>3557.419594</timestamp>
			</report>
			<report>
				<misses>9372001</misses>
				<total>10</total>
				<timestamp>3557.799213</timestamp>
			</report>
			<report>
				<misses>9373001</misses>
				<total>10</total>
				<timestamp>3558.178821</timestamp>
			</report>
			<report>
				<misses>9374001</misses>
				<total>10</total>
				<timestamp>3558.558440</timestamp>
			</report>
			<report>
				<misses>9375001</misses>
				<total>10</total>
				<timestamp>3558.938058</timestamp>
			</report>
			<report>
				<misses>9376001</misses>
				<total>10</total>
				<timestamp>3559.317765</timestamp>
			</report>
			<report>
				<misses>9377001</misses>
				<total>10</total>
				<timestamp>3559.697323</timestamp>
			</report>
			<report>
				<misses>9378001</misses>
				<total>10</total>
				<timestamp>3560.076918</timestamp>
			</report>
			<report>
				<misses>9379001</misses>
				<total>10</total>
				<timestamp>3560.456601</timestamp>
			</report>
			<report>
				<misses>9380001</misses>
				<total>10</total>
				<timestamp>3560.836190</timestamp>
			</report>
			<report>
				<misses>9381001</misses>
				<total>10</total>
				<timestamp>3561.215780</timestamp>
			</report>
			<report>
				<misses>9382001</misses>
				<total>10</total>
				<timestamp>3561.595422</timestamp>
			</report>
			<report>
				<misses>9383001</misses>
				<total>10</total>
				<timestamp>3561.975028</timestamp>
			</report>
			<report>
				<misses>9384001</misses>
				<total>10</total>
				<timestamp>3562.354671</timestamp>
			</report>
			<report>
				<misses>9385001</misses>
				<total>10</total>
				<timestamp>3562.734254</timestamp>
			</report>
			<report>
				<misses>9386001</misses>
				<total>10</total>
				<timestamp>3563.113878</timestamp>
			</report>
			<report>
				<misses>9387001</misses>
				<total>10</total>
				<timestamp>3563.493540</timestamp>
			</report>
			<report>
				<misses>9388001</misses>
				<total>10</total>
				<timestamp>3563.873117</timestamp>
			</report>
			<report>
				<misses>9389001</misses>
				<total>10</total>
				<timestamp>3564.252785</timestamp>
			</report>
			<report>
				<misses>9390001</misses>
				<total>10</total>
				<timestamp>3564.632380</timestamp>
			</report>
			<report>
				<misses>9391001</misses>
				<total>10</total>
				<timestamp>3565.011979</timestamp>
			</report>
			<report>
				<misses>9392001</misses>
				<total>10</total>
				<timestamp>3565.391635</timestamp>
			</report>
			<report>
				<misses>9393001</misses>
				<total>10</total>
				<timestamp>3565.771237</timestamp>
			</report>
			<report>
				<misses>9394001</misses>
				<total>10</total>
				<timestamp>3566.150835</timestamp>
			</report>
			<report>
				<misses>9395001</misses>
				<total>10</total>
				<timestamp>3566.530501</timestamp>
			</report>
			<report>
				<misses>9396001</misses>
				<total>10</total>
				<timestamp>3566.910076</timestamp>
			</report>
			<report>
				<misses>9397001</misses>
				<total>10</total>
				<timestamp>3567.289706</timestamp>
			</report>
			<report>
				<misses>9398001</misses>
				<total>10</total>
				<timestamp>3567.669319</timestamp>
			</report>
			<report>
				<misses>9399001</misses>
				<total>10</total>
				<timestamp>3568.048997</timestamp>
			</report>
			<report>
				<misses>9400001</misses>
				<total>10</total>
				<timestamp>3568.428634</timestamp>
			</report>
			<report>
				<misses>9401001</misses>
				<total>10</total>
				<timestamp>3568.808213</timestamp>
			</report>
			<report>
				<misses>9402001</misses>
				<total>10</total>
				<timestamp>3569.187810</timestamp>
			</report>
			<report>
				<misses>9403001</misses>
				<total>10</total>
				<timestamp>3569.567457</timestamp>
			</report>
			<report>
				<misses>9404001</misses>
				<total>10</total>
				<timestamp>3569.947055</timestamp>
			</report>
			<report>
				<misses>9405001</misses>
				<total>10</total>
				<timestamp>3570.326684</timestamp>
			</report>
			<report>
				<misses>9406001</misses>
				<total>10</total>
				<timestamp>3570.706279</timestamp>
			</report>
			<report>
				<misses>9407001</misses>
				<total>10</total>
				<timestamp>3571.085913</timestamp>
			</report>
			<report>
				<misses>9408001</misses>
				<total>10</total>
				<timestamp>3571.465562</timestamp>
			</report>
			<report>
				<misses>9409001</misses>
				<total>10</total>
				<timestamp>3571.845144</timestamp>
			</report>
			<report>
				<misses>9410001</misses>
				<total>10</total>
				<timestamp>3572.224763</timestamp>
			</report>
			<report>
				<misses>9411001</misses>
				<total>10</total>
				<timestamp>3572.604405</timestamp>
			</report>
			<report>
				<misses>9412001</misses>
				<total>10</total>
				<timestamp>3572.984015</timestamp>
			</report>
			<report>
				<misses>9413001</misses>
				<total>10</total>
				<timestamp>3573.363637</timestamp>
			</report>
			<report>
				<misses>9414001</misses>
				<total>10</total>
				<timestamp>3573.743319</timestamp>
			</report>
			<report>
				<misses>9415001</misses>
				<total>10</total>
				<timestamp>3574.122854</timestamp>
			</report>
			<report>
				<misses>9416001</misses>
				<total>10</total>
				<timestamp>3574.502502</timestamp>
			</report>
			<report>
				<misses>9417001</misses>
				<total>10</total>
				<timestamp>3574.882107</timestamp>
			</report>
			<report>
				<misses>9418001</misses>
				<total>10</total>
				<timestamp>3575.261715</timestamp>
			</report>
			<report>
				<misses>9419001</misses>
				<total>10</total>
				<timestamp>3575.641411</timestamp>
			</report>
			<report>
				<misses>9420001</misses>
				<total>10</total>
				<timestamp>3576.020973</timestamp>
			</report>
			<report>
				<misses>9421001</misses>
				<total>10</total>
				<timestamp>3576.400583</timestamp>
			</report>
			<report>
				<misses>9422001</misses>
				<total>10</total>
				<timestamp>3576.780242</timestamp>
			</report>
			<report>
				<misses>9423001</misses>
				<total>10</total>
				<timestamp>3577.159826</timestamp>
			</report>
			<report>
				<misses>9424001</misses>
				<total>10</total>
				<timestamp>3577.539469</timestamp>
			</report>
			<report>
				<misses>9425001</misses>
				<total>10</total>
				<timestamp>3577.919063</timestamp>
			</report>
			<report>
				<misses>9426001</misses>
				<total>10</total>
				<timestamp>3578.298695</timestamp>
			</report>
			<report>
				<misses>9427001</misses>
				<total>10</total>
				<timestamp>3578.678310</timestamp>
			</report>
			<report>
				<misses>9428001</misses>
				<total>10</total>
				<timestamp>3579.057956</timestamp>
			</report>
			<report>
				<misses>9429001</misses>
				<total>10</total>
				<timestamp>3579.437567</timestamp>
			</report>
			<report>
				<misses>9430001</misses>
				<total>10</total>
				<timestamp>3579.817184</timestamp>
			</report>
			<report>
				<misses>9431001</misses>
				<total>10</total>
				<timestamp>3580.196805</timestamp>
			</report>
			<report>
				<misses>9432001</misses>
				<total>10</total>
				<timestamp>3580.576425</timestamp>
			</report>
			<report>
				<misses>9433001</misses>
				<total>10</total>
				<timestamp>3580.956059</timestamp>
			</report>
			<report>
				<misses>9434001</misses>
				<total>10</total>
				<timestamp>3581.335676</timestamp>
			</report>
			<report>
				<misses>9435001</misses>
				<total>10</total>
				<timestamp>3581.715271</timestamp>
			</report>
			<report>
				<misses>9436001</misses>
				<total>10</total>
				<timestamp>3582.094882</timestamp>
			</report>
			<report>
				<misses>9437001</misses>
				<total>10</total>
				<timestamp>3582.474554</timestamp>
			</report>
			<report>
				<misses>9438001</misses>
				<total>10</total>
				<timestamp>3582.854121</timestamp>
			</report>
			<report>
				<misses>9439001</misses>
				<total>12</total>
				<timestamp>3583.233740</timestamp>
			</report>
			<report>
				<misses>9440001</misses>
				<total>12</total>
				<timestamp>3583.613417</timestamp>
			</report>
			<report>
				<misses>9441001</misses>
				<total>12</total>
				<timestamp>3583.993024</timestamp>
			</report>
			<report>
				<misses>9442001</misses>
				<total>11</total>
				<timestamp>3584.372687</timestamp>
			</report>
			<report>
				<misses>9443001</misses>
				<total>12</total>
				<timestamp>3584.752233</timestamp>
			</report>
			<report>
				<misses>9444001</misses>
				<total>12</total>
				<timestamp>3585.131885</timestamp>
			</report>
			<report>
				<misses>9445001</misses>
				<total>12</total>
				<timestamp>3585.511499</timestamp>
			</report>
			<report>
				<misses>9446001</misses>
				<total>12</total>
				<timestamp>3585.891092</timestamp>
			</report>
			<report>
				<misses>9447001</misses>
				<total>12</total>
				<timestamp>3586.270697</timestamp>
			</report>
			<report>
				<misses>9448001</misses>
				<total>12</total>
				<timestamp>3586.650338</timestamp>
			</report>
			<report>
				<misses>9449001</misses>
				<total>12</total>
				<timestamp>3587.029962</timestamp>
			</report>
			<report>
				<misses>9450001</misses>
				<total>12</total>
				<timestamp>3587.409605</timestamp>
			</report>
			<report>
				<misses>9451001</misses>
				<total>12</total>
				<timestamp>3587.789174</timestamp>
			</report>
			<report>
				<misses>9452001</misses>
				<total>12</total>
				<timestamp>3588.168812</timestamp>
			</report>
			<report>
				<misses>9453001</misses>
				<total>12</total>
				<timestamp>3588.548424</timestamp>
			</report>
			<report>
				<misses>9454001</misses>
				<total>12</total>
				<timestamp>3588.928047</timestamp>
			</report>
			<report>
				<misses>9455001</misses>
				<total>12</total>
				<timestamp>3589.307676</timestamp>
			</report>
			<report>
				<misses>9456001</misses>
				<total>12</total>
				<timestamp>3589.687269</timestamp>
			</report>
			<report>
				<misses>9457001</misses>
				<total>12</total>
				<timestamp>3590.066913</timestamp>
			</report>
			<report>
				<misses>9458001</misses>
				<total>12</total>
				<timestamp>3590.446546</timestamp>
			</report>
			<report>
				<misses>9459001</misses>
				<total>12</total>
				<timestamp>3590.826157</timestamp>
			</report>
			<report>
				<misses>9460001</misses>
				<total>12</total>
				<timestamp>3591.205780</timestamp>
			</report>
			<report>
				<misses>9461001</misses>
				<total>12</total>
				<timestamp>3591.585409</timestamp>
			</report>
			<report>
				<misses>9462001</misses>
				<total>12</total>
				<timestamp>3591.965040</timestamp>
			</report>
			<report>
				<misses>9463001</misses>
				<total>12</total>
				<timestamp>3592.344636</timestamp>
			</report>
			<report>
				<misses>9464001</misses>
				<total>12</total>
				<timestamp>3592.724262</timestamp>
			</report>
			<report>
				<misses>9465001</misses>
				<total>12</total>
				<timestamp>3593.103879</timestamp>
			</report>
			<report>
				<misses>9466001</misses>
				<total>12</total>
				<timestamp>3593.483493</timestamp>
			</report>
			<report>
				<misses>9467001</misses>
				<total>12</total>
				<timestamp>3593.863122</timestamp>
			</report>
			<report>
				<misses>9468001</misses>
				<total>12</total>
				<timestamp>3594.242732</timestamp>
			</report>
			<report>
				<misses>9469001</misses>
				<total>12</total>
				<timestamp>3594.622367</timestamp>
			</report>
			<report>
				<misses>9470001</misses>
				<total>12</total>
				<timestamp>3595.001957</timestamp>
			</report>
			<report>
				<misses>9471001</misses>
				<total>12</total>
				<timestamp>3595.381587</timestamp>
			</report>
			<report>
				<misses>9472001</misses>
				<total>12</total>
				<timestamp>3595.761209</timestamp>
			</report>
			<report>
				<misses>9473001</misses>
				<total>12</total>
				<timestamp>3596.140821</timestamp>
			</report>
			<report>
				<misses>9474001</misses>
				<total>12</total>
				<timestamp>3596.520479</timestamp>
			</report>
			<report>
				<misses>9475001</misses>
				<total>12</total>
				<timestamp>3596.900084</timestamp>
			</report>
			<report>
				<misses>9476001</misses>
				<total>12</total>
				<timestamp>3597.279679</timestamp>
			</report>
			<report>
				<misses>9477001</misses>
				<total>12</total>
				<timestamp>3597.659314</timestamp>
			</report>
			<report>
				<misses>9478001</misses>
				<total>12</total>
				<timestamp>3598.038919</timestamp>
			</report>
			<report>
				<misses>9479001</misses>
				<total>12</total>
				<timestamp>3598.418550</timestamp>
			</report>
			<report>
				<misses>9480001</misses>
				<total>12</total>
				<timestamp>3598.798163</timestamp>
			</report>
			<report>
				<misses>9481001</misses>
				<total>12</total>
				<timestamp>3599.177785</timestamp>
			</report>
			<report>
				<misses>9482001</misses>
				<total>12</total>
				<timestamp>3599.557459</timestamp>
			</report>
			<report>
				<misses>9483001</misses>
				<total>12</total>
				<timestamp>3599.937023</timestamp>
			</report>
			<report>
				<misses>9484001</misses>
				<total>12</total>
				<timestamp>3600.316635</timestamp>
			</report>
			<report>
				<misses>9485001</misses>
				<total>12</total>
				<timestamp>3600.696330</timestamp>
			</report>
			<report>
				<misses>9486001</misses>
				<total>12</total>
				<timestamp>3601.075894</timestamp>
			</report>
			<report>
				<misses>9487001</misses>
				<total>12</total>
				<timestamp>3601.455499</timestamp>
			</report>
			<report>
				<misses>9488001</misses>
				<total>12</total>
				<timestamp>3601.835127</timestamp>
			</report>
			<report>
				<misses>9489001</misses>
				<total>12</total>
				<timestamp>3602.214742</timestamp>
			</report>
			<report>
				<misses>9490001</misses>
				<total>12</total>
				<timestamp>3602.594387</timestamp>
			</report>
			<report>
				<misses>9491001</misses>
				<total>12</total>
				<timestamp>3602.973985</timestamp>
			</report>
			<report>
				<misses>9492001</misses>
				<total>12</total>
				<timestamp>3603.353628</timestamp>
			</report>
			<report>
				<misses>9493001</misses>
				<total>12</total>
				<timestamp>3603.733257</timestamp>
			</report>
			<report>
				<misses>9494001</misses>
				<total>12</total>
				<timestamp>3604.112852</timestamp>
			</report>
			<report>
				<misses>9495001</misses>
				<total>12</total>
				<timestamp>3604.492483</timestamp>
			</report>
			<report>
				<misses>9496001</misses>
				<total>12</total>
				<timestamp>3604.872092</timestamp>
			</report>
			<report>
				<misses>9497001</misses>
				<total>12</total>
				<timestamp>3605.251705</timestamp>
			</report>
			<report>
				<misses>9498001</misses>
				<total>12</total>
				<timestamp>3605.631325</timestamp>
			</report>
			<report>
				<misses>9499001</misses>
				<total>12</total>
				<timestamp>3606.010956</timestamp>
			</report>
			<report>
				<misses>9500001</misses>
				<total>12</total>
				<timestamp>3606.390581</timestamp>
			</report>
			<report>
				<misses>9501001</misses>
				<total>12</total>
				<timestamp>3606.770187</timestamp>
			</report>
			<report>
				<misses>9502001</misses>
				<total>12</total>
				<timestamp>3607.149824</timestamp>
			</report>
			<report>
				<misses>9503001</misses>
				<total>12</total>
				<timestamp>3607.529445</timestamp>
			</report>
			<report>
				<misses>9504001</misses>
				<total>12</total>
				<timestamp>3607.909041</timestamp>
			</report>
			<report>
				<misses>9505001</misses>
				<total>12</total>
				<timestamp>3608.288667</timestamp>
			</report>
			<report>
				<misses>9506001</misses>
				<total>12</total>
				<timestamp>3608.668297</timestamp>
			</report>
			<report>
				<misses>9507001</misses>
				<total>12</total>
				<timestamp>3609.047903</timestamp>
			</report>
			<report>
				<misses>9508001</misses>
				<total>12</total>
				<timestamp>3609.427519</timestamp>
			</report>
			<report>
				<misses>9509001</misses>
				<total>12</total>
				<timestamp>3609.807140</timestamp>
			</report>
			<report>
				<misses>9510001</misses>
				<total>12</total>
				<timestamp>3610.186760</timestamp>
			</report>
			<report>
				<misses>9511001</misses>
				<total>12</total>
				<timestamp>3610.566385</timestamp>
			</report>
			<report>
				<misses>9512001</misses>
				<total>12</total>
				<timestamp>3610.945993</timestamp>
			</report>
			<report>
				<misses>9513001</misses>
				<total>12</total>
				<timestamp>3611.325623</timestamp>
			</report>
			<report>
				<misses>9514001</misses>
				<total>12</total>
				<timestamp>3611.705272</timestamp>
			</report>
			<report>
				<misses>9515001</misses>
				<total>12</total>
				<timestamp>3612.084849</timestamp>
			</report>
			<report>
				<misses>9516001</misses>
				<total>12</total>
				<timestamp>3612.464483</timestamp>
			</report>
			<report>
				<misses>9517001</misses>
				<total>12</total>
				<timestamp>3612.844109</timestamp>
			</report>
			<report>
				<misses>9518001</misses>
				<total>12</total>
				<timestamp>3613.223722</timestamp>
			</report>
			<report>
				<misses>9519001</misses>
				<total>12</total>
				<timestamp>3613.603363</timestamp>
			</report>
			<report>
				<misses>9520001</misses>
				<total>12</total>
				<timestamp>3613.982964</timestamp>
			</report>
			<report>
				<misses>9521001</misses>
				<total>12</total>
				<timestamp>3614.362597</timestamp>
			</report>
			<report>
				<misses>9522001</misses>
				<total>12</total>
				<timestamp>3614.742221</timestamp>
			</report>
			<report>
				<misses>9523001</misses>
				<total>12</total>
				<timestamp>3615.121838</timestamp>
			</report>
			<report>
				<misses>9524001</misses>
				<total>12</total>
				<timestamp>3615.501434</timestamp>
			</report>
			<report>
				<misses>9525001</misses>
				<total>12</total>
				<timestamp>3615.881063</timestamp>
			</report>
			<report>
				<misses>9526001</misses>
				<total>12</total>
				<timestamp>3616.260690</timestamp>
			</report>
			<report>
				<misses>9527001</misses>
				<total>12</total>
				<timestamp>3616.640333</timestamp>
			</report>
			<report>
				<misses>9528001</misses>
				<total>12</total>
				<timestamp>3617.019931</timestamp>
			</report>
			<report>
				<misses>9529001</misses>
				<total>12</total>
				<timestamp>3617.399549</timestamp>
			</report>
			<report>
				<misses>9530001</misses>
				<total>12</total>
				<timestamp>3617.779224</timestamp>
			</report>
			<report>
				<misses>9531001</misses>
				<total>12</total>
				<timestamp>3618.158779</timestamp>
			</report>
			<report>
				<misses>9532001</misses>
				<total>12</total>
				<timestamp>3618.538429</timestamp>
			</report>
			<report>
				<misses>9533001</misses>
				<total>12</total>
				<timestamp>3618.918042</timestamp>
			</report>
			<report>
				<misses>9534001</misses>
				<total>12</total>
				<timestamp>3619.297660</timestamp>
			</report>
			<report>
				<misses>9535001</misses>
				<total>12</total>
				<timestamp>3619.677330</timestamp>
			</report>
			<report>
				<misses>9536001</misses>
				<total>12</total>
				<timestamp>3620.056906</timestamp>
			</report>
			<report>
				<misses>9537001</misses>
				<total>12</total>
				<timestamp>3620.436527</timestamp>
			</report>
			<report>
				<misses>9538001</misses>
				<total>12</total>
				<timestamp>3620.816142</timestamp>
			</report>
			<report>
				<misses>9539001</misses>
				<total>12</total>
				<timestamp>3621.195743</timestamp>
			</report>
			<report>
				<misses>9540001</misses>
				<total>12</total>
				<timestamp>3621.575388</timestamp>
			</report>
			<report>
				<misses>9541001</misses>
				<total>12</total>
				<timestamp>3621.955024</timestamp>
			</report>
			<report>
				<misses>9542001</misses>
				<total>12</total>
				<timestamp>3622.334611</timestamp>
			</report>
			<report>
				<misses>9543001</misses>
				<total>12</total>
				<timestamp>3622.714271</timestamp>
			</report>
			<report>
				<misses>9544001</misses>
				<total>12</total>
				<timestamp>3623.093847</timestamp>
			</report>
			<report>
				<misses>9545001</misses>
				<total>12</total>
				<timestamp>3623.473491</timestamp>
			</report>
			<report>
				<misses>9546001</misses>
				<total>12</total>
				<timestamp>3623.853125</timestamp>
			</report>
			<report>
				<misses>9547001</misses>
				<total>12</total>
				<timestamp>3624.232707</timestamp>
			</report>
			<report>
				<misses>9548001</misses>
				<total>12</total>
				<timestamp>3624.612364</timestamp>
			</report>
			<report>
				<misses>9549001</misses>
				<total>12</total>
				<timestamp>3624.991938</timestamp>
			</report>
			<report>
				<misses>9550001</misses>
				<total>12</total>
				<timestamp>3625.371563</timestamp>
			</report>
			<report>
				<misses>9551001</misses>
				<total>12</total>
				<timestamp>3625.751183</timestamp>
			</report>
			<report>
				<misses>9552001</misses>
				<total>12</total>
				<timestamp>3626.130803</timestamp>
			</report>
			<report>
				<misses>9553001</misses>
				<total>12</total>
				<timestamp>3626.510439</timestamp>
			</report>
			<report>
				<misses>9554001</misses>
				<total>12</total>
				<timestamp>3626.890056</timestamp>
			</report>
			<report>
				<misses>9555001</misses>
				<total>12</total>
				<timestamp>3627.269666</timestamp>
			</report>
			<report>
				<misses>9556001</misses>
				<total>12</total>
				<timestamp>3627.649290</timestamp>
			</report>
			<report>
				<misses>9557001</misses>
				<total>12</total>
				<timestamp>3628.028903</timestamp>
			</report>
			<report>
				<misses>9558001</misses>
				<total>12</total>
				<timestamp>3628.408540</timestamp>
			</report>
			<report>
				<misses>9559001</misses>
				<total>12</total>
				<timestamp>3628.788155</timestamp>
			</report>
			<report>
				<misses>9560001</misses>
				<total>12</total>
				<timestamp>3629.167771</timestamp>
			</report>
			<report>
				<misses>9561001</misses>
				<total>12</total>
				<timestamp>3629.547410</timestamp>
			</report>
			<report>
				<misses>9562001</misses>
				<total>12</total>
				<timestamp>3629.927012</timestamp>
			</report>
			<report>
				<misses>9563001</misses>
				<total>12</total>
				<timestamp>3630.306648</timestamp>
			</report>
			<report>
				<misses>9564001</misses>
				<total>12</total>
				<timestamp>3630.686253</timestamp>
			</report>
			<report>
				<misses>9565001</misses>
				<total>13</total>
				<timestamp>3631.065863</timestamp>
			</report>
			<report>
				<misses>9566001</misses>
				<total>13</total>
				<timestamp>3631.445477</timestamp>
			</report>
			<report>
				<misses>9567001</misses>
				<total>13</total>
				<timestamp>3631.825129</timestamp>
			</report>
			<report>
				<misses>9568001</misses>
				<total>13</total>
				<timestamp>3632.204728</timestamp>
			</report>
			<report>
				<misses>9569001</misses>
				<total>13</total>
				<timestamp>3632.584353</timestamp>
			</report>
			<report>
				<misses>9570001</misses>
				<total>13</total>
				<timestamp>3632.963962</timestamp>
			</report>
			<report>
				<misses>9571001</misses>
				<total>13</total>
				<timestamp>3633.343652</timestamp>
			</report>
			<report>
				<misses>9572001</misses>
				<total>13</total>
				<timestamp>3633.723245</timestamp>
			</report>
			<report>
				<misses>9573001</misses>
				<total>13</total>
				<timestamp>3634.102823</timestamp>
			</report>
			<report>
				<misses>9574001</misses>
				<total>13</total>
				<timestamp>3634.482429</timestamp>
			</report>
			<report>
				<misses>9575001</misses>
				<total>13</total>
				<timestamp>3634.862081</timestamp>
			</report>
			<report>
				<misses>9576001</misses>
				<total>13</total>
				<timestamp>3635.241670</timestamp>
			</report>
			<report>
				<misses>9577001</misses>
				<total>13</total>
				<timestamp>3635.621346</timestamp>
			</report>
			<report>
				<misses>9578001</misses>
				<total>13</total>
				<timestamp>3636.000924</timestamp>
			</report>
			<report>
				<misses>9579001</misses>
				<total>13</total>
				<timestamp>3636.380583</timestamp>
			</report>
			<report>
				<misses>9580001</misses>
				<total>13</total>
				<timestamp>3636.760180</timestamp>
			</report>
			<report>
				<misses>9581001</misses>
				<total>13</total>
				<timestamp>3637.139779</timestamp>
			</report>
			<report>
				<misses>9582001</misses>
				<total>13</total>
				<timestamp>3637.519436</timestamp>
			</report>
			<report>
				<misses>9583001</misses>
				<total>13</total>
				<timestamp>3637.899034</timestamp>
			</report>
			<report>
				<misses>9584001</misses>
				<total>13</total>
				<timestamp>3638.278635</timestamp>
			</report>
			<report>
				<misses>9585001</misses>
				<total>13</total>
				<timestamp>3638.658288</timestamp>
			</report>
			<report>
				<misses>9586001</misses>
				<total>13</total>
				<timestamp>3639.037881</timestamp>
			</report>
			<report>
				<misses>9587001</misses>
				<total>13</total>
				<timestamp>3639.417510</timestamp>
			</report>
			<report>
				<misses>9588001</misses>
				<total>13</total>
				<timestamp>3639.797138</timestamp>
			</report>
			<report>
				<misses>9589001</misses>
				<total>13</total>
				<timestamp>3640.176738</timestamp>
			</report>
			<report>
				<misses>9590001</misses>
				<total>13</total>
				<timestamp>3640.556375</timestamp>
			</report>
			<report>
				<misses>9591001</misses>
				<total>13</total>
				<timestamp>3640.936014</timestamp>
			</report>
			<report>
				<misses>9592001</misses>
				<total>13</total>
				<timestamp>3641.315595</timestamp>
			</report>
			<report>
				<misses>9593001</misses>
				<total>13</total>
				<timestamp>3641.695261</timestamp>
			</report>
			<report>
				<misses>9594001</misses>
				<total>13</total>
				<timestamp>3642.074860</timestamp>
			</report>
			<report>
				<misses>9595001</misses>
				<total>13</total>
				<timestamp>3642.454478</timestamp>
			</report>
			<report>
				<misses>9596001</misses>
				<total>13</total>
				<timestamp>3642.834096</timestamp>
			</report>
			<report>
				<misses>9597001</misses>
				<total>13</total>
				<timestamp>3643.213715</timestamp>
			</report>
			<report>
				<misses>9598001</misses>
				<total>13</total>
				<timestamp>3643.593325</timestamp>
			</report>
			<report>
				<misses>9599001</misses>
				<total>13</total>
				<timestamp>3643.972986</timestamp>
			</report>
			<report>
				<misses>9600001</misses>
				<total>13</total>
				<timestamp>3644.352571</timestamp>
			</report>
			<report>
				<misses>9601001</misses>
				<total>13</total>
				<timestamp>3644.732186</timestamp>
			</report>
			<report>
				<misses>9602001</misses>
				<total>13</total>
				<timestamp>3645.111801</timestamp>
			</report>
			<report>
				<misses>9603001</misses>
				<total>13</total>
				<timestamp>3645.491429</timestamp>
			</report>
			<report>
				<misses>9604001</misses>
				<total>13</total>
				<timestamp>3645.871059</timestamp>
			</report>
			<report>
				<misses>9605001</misses>
				<total>13</total>
				<timestamp>3646.250655</timestamp>
			</report>
			<report>
				<misses>9606001</misses>
				<total>13</total>
				<timestamp>3646.630299</timestamp>
			</report>
			<report>
				<misses>9607001</misses>
				<total>13</total>
				<timestamp>3647.009906</timestamp>
			</report>
			<report>
				<misses>9608001</misses>
				<total>13</total>
				<timestamp>3647.389537</timestamp>
			</report>
			<report>
				<misses>9609001</misses>
				<total>13</total>
				<timestamp>3647.769159</timestamp>
			</report>
			<report>
				<misses>9610001</misses>
				<total>13</total>
				<timestamp>3648.148788</timestamp>
			</report>
			<report>
				<misses>9611001</misses>
				<total>13</total>
				<timestamp>3648.528421</timestamp>
			</report>
			<report>
				<misses>9612001</misses>
				<total>13</total>
				<timestamp>3648.908028</timestamp>
			</report>
			<report>
				<misses>9613001</misses>
				<total>13</total>
				<timestamp>3649.287624</timestamp>
			</report>
			<report>
				<misses>9614001</misses>
				<total>13</total>
				<timestamp>3649.667271</timestamp>
			</report>
			<report>
				<misses>9615001</misses>
				<total>13</total>
				<timestamp>3650.046855</timestamp>
			</report>
			<report>
				<misses>9616001</misses>
				<total>13</total>
				<timestamp>3650.426477</timestamp>
			</report>
			<report>
				<misses>9617001</misses>
				<total>13</total>
				<timestamp>3650.806144</timestamp>
			</report>
			<report>
				<misses>9618001</misses>
				<total>13</total>
				<timestamp>3651.185724</timestamp>
			</report>
			<report>
				<misses>9619001</misses>
				<total>13</total>
				<timestamp>3651.565332</timestamp>
			</report>
			<report>
				<misses>9620001</misses>
				<total>13</total>
				<timestamp>3651.945019</timestamp>
			</report>
			<report>
				<misses>9621001</misses>
				<total>13</total>
				<timestamp>3652.324584</timestamp>
			</report>
			<report>
				<misses>9622001</misses>
				<total>13</total>
				<timestamp>3652.704212</timestamp>
			</report>
			<report>
				<misses>9623001</misses>
				<total>13</total>
				<timestamp>3653.083818</timestamp>
			</report>
			<report>
				<misses>9624001</misses>
				<total>13</total>
				<timestamp>3653.463434</timestamp>
			</report>
			<report>
				<misses>9625001</misses>
				<total>13</total>
				<timestamp>3653.843111</timestamp>
			</report>
			<report>
				<misses>9626001</misses>
				<total>13</total>
				<timestamp>3654.222679</timestamp>
			</report>
			<report>
				<misses>9627001</misses>
				<total>13</total>
				<timestamp>3654.602339</timestamp>
			</report>
			<report>
				<misses>9628001</misses>
				<total>13</total>
				<timestamp>3654.981947</timestamp>
			</report>
			<report>
				<misses>9629001</misses>
				<total>13</total>
				<timestamp>3655.361541</timestamp>
			</report>
			<report>
				<misses>9630001</misses>
				<total>13</total>
				<timestamp>3655.741173</timestamp>
			</report>
			<report>
				<misses>9631001</misses>
				<total>13</total>
				<timestamp>3656.120805</timestamp>
			</report>
			<report>
				<misses>9632001</misses>
				<total>13</total>
				<timestamp>3656.500409</timestamp>
			</report>
			<report>
				<misses>9633001</misses>
				<total>13</total>
				<timestamp>3656.880044</timestamp>
			</report>
			<report>
				<misses>9634001</misses>
				<total>13</total>
				<timestamp>3657.259644</timestamp>
			</report>
			<report>
				<misses>9635001</misses>
				<total>13</total>
				<timestamp>3657.639283</timestamp>
			</report>
			<report>
				<misses>9636001</misses>
				<total>13</total>
				<timestamp>3658.018905</timestamp>
			</report>
			<report>
				<misses>9637001</misses>
				<total>13</total>
				<timestamp>3658.398519</timestamp>
			</report>
			<report>
				<misses>9638001</misses>
				<total>13</total>
				<timestamp>3658.778140</timestamp>
			</report>
			<report>
				<misses>9639001</misses>
				<total>13</total>
				<timestamp>3659.157757</timestamp>
			</report>
			<report>
				<misses>9640001</misses>
				<total>13</total>
				<timestamp>3659.537375</timestamp>
			</report>
			<report>
				<misses>9641001</misses>
				<total>13</total>
				<timestamp>3659.916998</timestamp>
			</report>
			<report>
				<misses>9642001</misses>
				<total>13</total>
				<timestamp>3660.296605</timestamp>
			</report>
			<report>
				<misses>9643001</misses>
				<total>13</total>
				<timestamp>3660.676236</timestamp>
			</report>
			<report>
				<misses>9644001</misses>
				<total>13</total>
				<timestamp>3661.055868</timestamp>
			</report>
			<report>
				<misses>9645001</misses>
				<total>13</total>
				<timestamp>3661.435486</timestamp>
			</report>
			<report>
				<misses>9646001</misses>
				<total>13</total>
				<timestamp>3661.815111</timestamp>
			</report>
			<report>
				<misses>9647001</misses>
				<total>13</total>
				<timestamp>3662.194709</timestamp>
			</report>
			<report>
				<misses>9648001</misses>
				<total>13</total>
				<timestamp>3662.574344</timestamp>
			</report>
			<report>
				<misses>9649001</misses>
				<total>13</total>
				<timestamp>3662.954009</timestamp>
			</report>
			<report>
				<misses>9650001</misses>
				<total>13</total>
				<timestamp>3663.333582</timestamp>
			</report>
			<report>
				<misses>9651001</misses>
				<total>13</total>
				<timestamp>3663.713188</timestamp>
			</report>
			<report>
				<misses>9652001</misses>
				<total>13</total>
				<timestamp>3664.092799</timestamp>
			</report>
			<report>
				<misses>9653001</misses>
				<total>13</total>
				<timestamp>3664.472429</timestamp>
			</report>
			<report>
				<misses>9654001</misses>
				<total>13</total>
				<timestamp>3664.852076</timestamp>
			</report>
			<report>
				<misses>9655001</misses>
				<total>13</total>
				<timestamp>3665.231652</timestamp>
			</report>
			<report>
				<misses>9656001</misses>
				<total>13</total>
				<timestamp>3665.611324</timestamp>
			</report>
			<report>
				<misses>9657001</misses>
				<total>13</total>
				<timestamp>3665.990949</timestamp>
			</report>
			<report>
				<misses>9658001</misses>
				<total>13</total>
				<timestamp>3666.370513</timestamp>
			</report>
			<report>
				<misses>9659001</misses>
				<total>13</total>
				<timestamp>3666.750154</timestamp>
			</report>
			<report>
				<misses>9660001</misses>
				<total>13</total>
				<timestamp>3667.129800</timestamp>
			</report>
			<report>
				<misses>9661001</misses>
				<total>13</total>
				<timestamp>3667.509398</timestamp>
			</report>
			<report>
				<misses>9662001</misses>
				<total>13</total>
				<timestamp>3667.889049</timestamp>
			</report>
			<report>
				<misses>9663001</misses>
				<total>13</total>
				<timestamp>3668.268644</timestamp>
			</report>
			<report>
				<misses>9664001</misses>
				<total>13</total>
				<timestamp>3668.648272</timestamp>
			</report>
			<report>
				<misses>9665001</misses>
				<total>13</total>
				<timestamp>3669.027905</timestamp>
			</report>
			<report>
				<misses>9666001</misses>
				<total>13</total>
				<timestamp>3669.407486</timestamp>
			</report>
			<report>
				<misses>9667001</misses>
				<total>13</total>
				<timestamp>3669.787103</timestamp>
			</report>
			<report>
				<misses>9668001</misses>
				<total>13</total>
				<timestamp>3670.166719</timestamp>
			</report>
			<report>
				<misses>9669001</misses>
				<total>13</total>
				<timestamp>3670.546344</timestamp>
			</report>
			<report>
				<misses>9670001</misses>
				<total>13</total>
				<timestamp>3670.925988</timestamp>
			</report>
			<report>
				<misses>9671001</misses>
				<total>13</total>
				<timestamp>3671.305579</timestamp>
			</report>
			<report>
				<misses>9672001</misses>
				<total>13</total>
				<timestamp>3671.685211</timestamp>
			</report>
			<report>
				<misses>9673001</misses>
				<total>13</total>
				<timestamp>3672.064894</timestamp>
			</report>
			<report>
				<misses>9674001</misses>
				<total>13</total>
				<timestamp>3672.444432</timestamp>
			</report>
			<report>
				<misses>9675001</misses>
				<total>13</total>
				<timestamp>3672.824094</timestamp>
			</report>
			<report>
				<misses>9676001</misses>
				<total>13</total>
				<timestamp>3673.203713</timestamp>
			</report>
			<report>
				<misses>9677001</misses>
				<total>13</total>
				<timestamp>3673.583322</timestamp>
			</report>
			<report>
				<misses>9678001</misses>
				<total>13</total>
				<timestamp>3673.962959</timestamp>
			</report>
			<report>
				<misses>9679001</misses>
				<total>13</total>
				<timestamp>3674.342558</timestamp>
			</report>
			<report>
				<misses>9680001</misses>
				<total>13</total>
				<timestamp>3674.722162</timestamp>
			</report>
			<report>
				<misses>9681001</misses>
				<total>13</total>
				<timestamp>3675.101789</timestamp>
			</report>
			<report>
				<misses>9682001</misses>
				<total>13</total>
				<timestamp>3675.481404</timestamp>
			</report>
			<report>
				<misses>9683001</misses>
				<total>13</total>
				<timestamp>3675.861028</timestamp>
			</report>
			<report>
				<misses>9684001</misses>
				<total>13</total>
				<timestamp>3676.240688</timestamp>
			</report>
			<report>
				<misses>9685001</misses>
				<total>13</total>
				<timestamp>3676.620308</timestamp>
			</report>
			<report>
				<misses>9686001</misses>
				<total>13</total>
				<timestamp>3676.999880</timestamp>
			</report>
			<report>
				<misses>9687001</misses>
				<total>13</total>
				<timestamp>3677.379492</timestamp>
			</report>
			<report>
				<misses>9688001</misses>
				<total>13</total>
				<timestamp>3677.759115</timestamp>
			</report>
			<report>
				<misses>9689001</misses>
				<total>13</total>
				<timestamp>3678.138772</timestamp>
			</report>
			<report>
				<misses>9690001</misses>
				<total>13</total>
				<timestamp>3678.518380</timestamp>
			</report>
			<report>
				<misses>9691001</misses>
				<total>13</total>
				<timestamp>3678.897967</timestamp>
			</report>
			<report>
				<misses>9692001</misses>
				<total>13</total>
				<timestamp>3679.277609</timestamp>
			</report>
			<report>
				<misses>9693001</misses>
				<total>13</total>
				<timestamp>3679.657247</timestamp>
			</report>
			<report>
				<misses>9694001</misses>
				<total>13</total>
				<timestamp>3680.036858</timestamp>
			</report>
			<report>
				<misses>9695001</misses>
				<total>13</total>
				<timestamp>3680.416462</timestamp>
			</report>
			<report>
				<misses>9696001</misses>
				<total>13</total>
				<timestamp>3680.796096</timestamp>
			</report>
			<report>
				<misses>9697001</misses>
				<total>13</total>
				<timestamp>3681.175708</timestamp>
			</report>
			<report>
				<misses>9698001</misses>
				<total>13</total>
				<timestamp>3681.555329</timestamp>
			</report>
			<report>
				<misses>9699001</misses>
				<total>13</total>
				<timestamp>3681.934941</timestamp>
			</report>
			<report>
				<misses>9700001</misses>
				<total>13</total>
				<timestamp>3682.314562</timestamp>
			</report>
			<report>
				<misses>9701001</misses>
				<total>13</total>
				<timestamp>3682.694202</timestamp>
			</report>
			<report>
				<misses>9702001</misses>
				<total>13</total>
				<timestamp>3683.073815</timestamp>
			</report>
			<report>
				<misses>9703001</misses>
				<total>13</total>
				<timestamp>3683.453475</timestamp>
			</report>
			<report>
				<misses>9704001</misses>
				<total>13</total>
				<timestamp>3683.833074</timestamp>
			</report>
			<report>
				<misses>9705001</misses>
				<total>13</total>
				<timestamp>3684.212658</timestamp>
			</report>
			<report>
				<misses>9706001</misses>
				<total>13</total>
				<timestamp>3684.592281</timestamp>
			</report>
			<report>
				<misses>9707001</misses>
				<total>13</total>
				<timestamp>3684.971909</timestamp>
			</report>
			<report>
				<misses>9708001</misses>
				<total>13</total>
				<timestamp>3685.351534</timestamp>
			</report>
			<report>
				<misses>9709001</misses>
				<total>13</total>
				<timestamp>3685.731131</timestamp>
			</report>
			<report>
				<misses>9710001</misses>
				<total>13</total>
				<timestamp>3686.110775</timestamp>
			</report>
			<report>
				<misses>9711001</misses>
				<total>13</total>
				<timestamp>3686.490403</timestamp>
			</report>
			<report>
				<misses>9712001</misses>
				<total>13</total>
				<timestamp>3686.870017</timestamp>
			</report>
			<report>
				<misses>9713001</misses>
				<total>13</total>
				<timestamp>3687.249607</timestamp>
			</report>
			<report>
				<misses>9714001</misses>
				<total>13</total>
				<timestamp>3687.629273</timestamp>
			</report>
			<report>
				<misses>9715001</misses>
				<total>13</total>
				<timestamp>3688.008880</timestamp>
			</report>
			<report>
				<misses>9716001</misses>
				<total>13</total>
				<timestamp>3688.388500</timestamp>
			</report>
			<report>
				<misses>9717001</misses>
				<total>13</total>
				<timestamp>3688.768103</timestamp>
			</report>
			<report>
				<misses>9718001</misses>
				<total>13</total>
				<timestamp>3689.147769</timestamp>
			</report>
			<report>
				<misses>9719001</misses>
				<total>13</total>
				<timestamp>3689.527333</timestamp>
			</report>
			<report>
				<misses>9720001</misses>
				<total>13</total>
				<timestamp>3689.906961</timestamp>
			</report>
			<report>
				<misses>9721001</misses>
				<total>13</total>
				<timestamp>3690.286589</timestamp>
			</report>
			<report>
				<misses>9722001</misses>
				<total>13</total>
				<timestamp>3690.666224</timestamp>
			</report>
			<report>
				<misses>9723001</misses>
				<total>13</total>
				<timestamp>3691.045834</timestamp>
			</report>
			<report>
				<misses>9724001</misses>
				<total>13</total>
				<timestamp>3691.425451</timestamp>
			</report>
			<report>
				<misses>9725001</misses>
				<total>13</total>
				<timestamp>3691.805086</timestamp>
			</report>
			<report>
				<misses>9726001</misses>
				<total>13</total>
				<timestamp>3692.184742</timestamp>
			</report>
			<report>
				<misses>9727001</misses>
				<total>13</total>
				<timestamp>3692.564299</timestamp>
			</report>
			<report>
				<misses>9728001</misses>
				<total>13</total>
				<timestamp>3692.943952</timestamp>
			</report>
			<report>
				<misses>9729001</misses>
				<total>13</total>
				<timestamp>3693.323595</timestamp>
			</report>
			<report>
				<misses>9730001</misses>
				<total>13</total>
				<timestamp>3693.703164</timestamp>
			</report>
			<report>
				<misses>9731001</misses>
				<total>13</total>
				<timestamp>3694.082785</timestamp>
			</report>
			<report>
				<misses>9732001</misses>
				<total>13</total>
				<timestamp>3694.462402</timestamp>
			</report>
			<report>
				<misses>9733001</misses>
				<total>13</total>
				<timestamp>3694.842028</timestamp>
			</report>
			<report>
				<misses>9734001</misses>
				<total>13</total>
				<timestamp>3695.221655</timestamp>
			</report>
			<report>
				<misses>9735001</misses>
				<total>13</total>
				<timestamp>3695.601294</timestamp>
			</report>
			<report>
				<misses>9736001</misses>
				<total>13</total>
				<timestamp>3695.980880</timestamp>
			</report>
			<report>
				<misses>9737001</misses>
				<total>13</total>
				<timestamp>3696.360489</timestamp>
			</report>
			<report>
				<misses>9738001</misses>
				<total>13</total>
				<timestamp>3696.740155</timestamp>
			</report>
			<report>
				<misses>9739001</misses>
				<total>13</total>
				<timestamp>3697.119758</timestamp>
			</report>
			<report>
				<misses>9740001</misses>
				<total>13</total>
				<timestamp>3697.499371</timestamp>
			</report>
			<report>
				<misses>9741001</misses>
				<total>13</total>
				<timestamp>3697.878977</timestamp>
			</report>
			<report>
				<misses>9742001</misses>
				<total>13</total>
				<timestamp>3698.258633</timestamp>
			</report>
			<report>
				<misses>9743001</misses>
				<total>13</total>
				<timestamp>3698.638242</timestamp>
			</report>
			<report>
				<misses>9744001</misses>
				<total>13</total>
				<timestamp>3699.017851</timestamp>
			</report>
			<report>
				<misses>9745001</misses>
				<total>13</total>
				<timestamp>3699.397492</timestamp>
			</report>
			<report>
				<misses>9746001</misses>
				<total>13</total>
				<timestamp>3699.777080</timestamp>
			</report>
			<report>
				<misses>9747001</misses>
				<total>13</total>
				<timestamp>3700.156727</timestamp>
			</report>
			<report>
				<misses>9748001</misses>
				<total>13</total>
				<timestamp>3700.536327</timestamp>
			</report>
			<report>
				<misses>9749001</misses>
				<total>13</total>
				<timestamp>3700.915972</timestamp>
			</report>
			<report>
				<misses>9750001</misses>
				<total>13</total>
				<timestamp>3701.295593</timestamp>
			</report>
			<report>
				<misses>9751001</misses>
				<total>13</total>
				<timestamp>3701.675200</timestamp>
			</report>
			<report>
				<misses>9752001</misses>
				<total>13</total>
				<timestamp>3702.054822</timestamp>
			</report>
			<report>
				<misses>9753001</misses>
				<total>13</total>
				<timestamp>3702.434438</timestamp>
			</report>
			<report>
				<misses>9754001</misses>
				<total>13</total>
				<timestamp>3702.814066</timestamp>
			</report>
			<report>
				<misses>9755001</misses>
				<total>13</total>
				<timestamp>3703.193700</timestamp>
			</report>
			<report>
				<misses>9756001</misses>
				<total>13</total>
				<timestamp>3703.573312</timestamp>
			</report>
			<report>
				<misses>9757001</misses>
				<total>13</total>
				<timestamp>3703.952905</timestamp>
			</report>
			<report>
				<misses>9758001</misses>
				<total>13</total>
				<timestamp>3704.332520</timestamp>
			</report>
			<report>
				<misses>9759001</misses>
				<total>13</total>
				<timestamp>3704.712150</timestamp>
			</report>
			<report>
				<misses>9760001</misses>
				<total>13</total>
				<timestamp>3705.091807</timestamp>
			</report>
			<report>
				<misses>9761001</misses>
				<total>13</total>
				<timestamp>3705.471440</timestamp>
			</report>
			<report>
				<misses>9762001</misses>
				<total>13</total>
				<timestamp>3705.851004</timestamp>
			</report>
			<report>
				<misses>9763001</misses>
				<total>13</total>
				<timestamp>3706.230659</timestamp>
			</report>
			<report>
				<misses>9764001</misses>
				<total>13</total>
				<timestamp>3706.610239</timestamp>
			</report>
			<report>
				<misses>9765001</misses>
				<total>13</total>
				<timestamp>3706.989850</timestamp>
			</report>
			<report>
				<misses>9766001</misses>
				<total>13</total>
				<timestamp>3707.369476</timestamp>
			</report>
			<report>
				<misses>9767001</misses>
				<total>13</total>
				<timestamp>3707.749123</timestamp>
			</report>
			<report>
				<misses>9768001</misses>
				<total>13</total>
				<timestamp>3708.128752</timestamp>
			</report>
			<report>
				<misses>9769001</misses>
				<total>13</total>
				<timestamp>3708.508360</timestamp>
			</report>
			<report>
				<misses>9770001</misses>
				<total>13</total>
				<timestamp>3708.888003</timestamp>
			</report>
			<report>
				<misses>9771001</misses>
				<total>13</total>
				<timestamp>3709.267614</timestamp>
			</report>
			<report>
				<misses>9772001</misses>
				<total>13</total>
				<timestamp>3709.647224</timestamp>
			</report>
			<report>
				<misses>9773001</misses>
				<total>13</total>
				<timestamp>3710.026813</timestamp>
			</report>
			<report>
				<misses>9774001</misses>
				<total>13</total>
				<timestamp>3710.406440</timestamp>
			</report>
			<report>
				<misses>9775001</misses>
				<total>13</total>
				<timestamp>3710.786069</timestamp>
			</report>
			<report>
				<misses>9776001</misses>
				<total>13</total>
				<timestamp>3711.165669</timestamp>
			</report>
			<report>
				<misses>9777001</misses>
				<total>13</total>
				<timestamp>3711.545307</timestamp>
			</report>
			<report>
				<misses>9778001</misses>
				<total>13</total>
				<timestamp>3711.924949</timestamp>
			</report>
			<report>
				<misses>9779001</misses>
				<total>13</total>
				<timestamp>3712.304577</timestamp>
			</report>
			<report>
				<misses>9780001</misses>
				<total>13</total>
				<timestamp>3712.684167</timestamp>
			</report>
			<report>
				<misses>9781001</misses>
				<total>13</total>
				<timestamp>3713.063795</timestamp>
			</report>
			<report>
				<misses>9782001</misses>
				<total>13</total>
				<timestamp>3713.443425</timestamp>
			</report>
			<report>
				<misses>9783001</misses>
				<total>13</total>
				<timestamp>3713.823021</timestamp>
			</report>
			<report>
				<misses>9784001</misses>
				<total>13</total>
				<timestamp>3714.202729</timestamp>
			</report>
			<report>
				<misses>9785001</misses>
				<total>13</total>
				<timestamp>3714.582285</timestamp>
			</report>
			<report>
				<misses>9786001</misses>
				<total>13</total>
				<timestamp>3714.961928</timestamp>
			</report>
			<report>
				<misses>9787001</misses>
				<total>13</total>
				<timestamp>3715.341537</timestamp>
			</report>
			<report>
				<misses>9788001</misses>
				<total>13</total>
				<timestamp>3715.721127</timestamp>
			</report>
			<report>
				<misses>9789001</misses>
				<total>13</total>
				<timestamp>3716.100758</timestamp>
			</report>
			<report>
				<misses>9790001</misses>
				<total>13</total>
				<timestamp>3716.480390</timestamp>
			</report>
			<report>
				<misses>9791001</misses>
				<total>13</total>
				<timestamp>3716.860001</timestamp>
			</report>
			<report>
				<misses>9792001</misses>
				<total>13</total>
				<timestamp>3717.239597</timestamp>
			</report>
			<report>
				<misses>9793001</misses>
				<total>13</total>
				<timestamp>3717.619271</timestamp>
			</report>
			<report>
				<misses>9794001</misses>
				<total>13</total>
				<timestamp>3717.998851</timestamp>
			</report>
			<report>
				<misses>9795001</misses>
				<total>13</total>
				<timestamp>3718.378606</timestamp>
			</report>
			<report>
				<misses>9796001</misses>
				<total>13</total>
				<timestamp>3718.758092</timestamp>
			</report>
			<report>
				<misses>9797001</misses>
				<total>13</total>
				<timestamp>3719.137729</timestamp>
			</report>
			<report>
				<misses>9798001</misses>
				<total>13</total>
				<timestamp>3719.517310</timestamp>
			</report>
			<report>
				<misses>9799001</misses>
				<total>13</total>
				<timestamp>3719.896959</timestamp>
			</report>
			<report>
				<misses>9800001</misses>
				<total>13</total>
				<timestamp>3720.276623</timestamp>
			</report>
			<report>
				<misses>9801001</misses>
				<total>13</total>
				<timestamp>3720.656189</timestamp>
			</report>
			<report>
				<misses>9802001</misses>
				<total>13</total>
				<timestamp>3721.035800</timestamp>
			</report>
			<report>
				<misses>9803001</misses>
				<total>13</total>
				<timestamp>3721.415430</timestamp>
			</report>
			<report>
				<misses>9804001</misses>
				<total>13</total>
				<timestamp>3721.795086</timestamp>
			</report>
			<report>
				<misses>9805001</misses>
				<total>13</total>
				<timestamp>3722.174698</timestamp>
			</report>
			<report>
				<misses>9806001</misses>
				<total>13</total>
				<timestamp>3722.554309</timestamp>
			</report>
			<report>
				<misses>9807001</misses>
				<total>13</total>
				<timestamp>3722.933925</timestamp>
			</report>
			<report>
				<misses>9808001</misses>
				<total>13</total>
				<timestamp>3723.313543</timestamp>
			</report>
			<report>
				<misses>9809001</misses>
				<total>13</total>
				<timestamp>3723.693145</timestamp>
			</report>
			<report>
				<misses>9810001</misses>
				<total>13</total>
				<timestamp>3724.072790</timestamp>
			</report>
			<report>
				<misses>9811001</misses>
				<total>13</total>
				<timestamp>3724.452385</timestamp>
			</report>
			<report>
				<misses>9812001</misses>
				<total>13</total>
				<timestamp>3724.832040</timestamp>
			</report>
			<report>
				<misses>9813001</misses>
				<total>13</total>
				<timestamp>3725.211641</timestamp>
			</report>
			<report>
				<misses>9814001</misses>
				<total>13</total>
				<timestamp>3725.591286</timestamp>
			</report>
			<report>
				<misses>9815001</misses>
				<total>13</total>
				<timestamp>3725.970850</timestamp>
			</report>
			<report>
				<misses>9816001</misses>
				<total>13</total>
				<timestamp>3726.350539</timestamp>
			</report>
			<report>
				<misses>9817001</misses>
				<total>13</total>
				<timestamp>3726.730108</timestamp>
			</report>
			<report>
				<misses>9818001</misses>
				<total>13</total>
				<timestamp>3727.109722</timestamp>
			</report>
			<report>
				<misses>9819001</misses>
				<total>13</total>
				<timestamp>3727.489350</timestamp>
			</report>
			<report>
				<misses>9820001</misses>
				<total>13</total>
				<timestamp>3727.868967</timestamp>
			</report>
			<report>
				<misses>9821001</misses>
				<total>13</total>
				<timestamp>3728.248599</timestamp>
			</report>
			<report>
				<misses>9822001</misses>
				<total>13</total>
				<timestamp>3728.628204</timestamp>
			</report>
			<report>
				<misses>9823001</misses>
				<total>13</total>
				<timestamp>3729.007822</timestamp>
			</report>
			<report>
				<misses>9824001</misses>
				<total>13</total>
				<timestamp>3729.387478</timestamp>
			</report>
			<report>
				<misses>9825001</misses>
				<total>13</total>
				<timestamp>3729.767062</timestamp>
			</report>
			<report>
				<misses>9826001</misses>
				<total>13</total>
				<timestamp>3730.146677</timestamp>
			</report>
			<report>
				<misses>9827001</misses>
				<total>13</total>
				<timestamp>3730.526296</timestamp>
			</report>
			<report>
				<misses>9828001</misses>
				<total>13</total>
				<timestamp>3730.905946</timestamp>
			</report>
			<report>
				<misses>9829001</misses>
				<total>13</total>
				<timestamp>3731.285564</timestamp>
			</report>
			<report>
				<misses>9830001</misses>
				<total>13</total>
				<timestamp>3731.665172</timestamp>
			</report>
			<report>
				<misses>9831001</misses>
				<total>13</total>
				<timestamp>3732.044787</timestamp>
			</report>
			<report>
				<misses>9832001</misses>
				<total>13</total>
				<timestamp>3732.424442</timestamp>
			</report>
			<report>
				<misses>9833001</misses>
				<total>13</total>
				<timestamp>3732.804034</timestamp>
			</report>
			<report>
				<misses>9834001</misses>
				<total>13</total>
				<timestamp>3733.183645</timestamp>
			</report>
			<report>
				<misses>9835001</misses>
				<total>13</total>
				<timestamp>3733.563262</timestamp>
			</report>
			<report>
				<misses>9836001</misses>
				<total>13</total>
				<timestamp>3733.942922</timestamp>
			</report>
			<report>
				<misses>9837001</misses>
				<total>13</total>
				<timestamp>3734.322511</timestamp>
			</report>
			<report>
				<misses>9838001</misses>
				<total>13</total>
				<timestamp>3734.702122</timestamp>
			</report>
			<report>
				<misses>9839001</misses>
				<total>13</total>
				<timestamp>3735.081753</timestamp>
			</report>
			<report>
				<misses>9840001</misses>
				<total>13</total>
				<timestamp>3735.461398</timestamp>
			</report>
			<report>
				<misses>9841001</misses>
				<total>13</total>
				<timestamp>3735.841019</timestamp>
			</report>
			<report>
				<misses>9842001</misses>
				<total>13</total>
				<timestamp>3736.220618</timestamp>
			</report>
			<report>
				<misses>9843001</misses>
				<total>13</total>
				<timestamp>3736.600246</timestamp>
			</report>
			<report>
				<misses>9844001</misses>
				<total>13</total>
				<timestamp>3736.979849</timestamp>
			</report>
			<report>
				<misses>9845001</misses>
				<total>13</total>
				<timestamp>3737.359495</timestamp>
			</report>
			<report>
				<misses>9846001</misses>
				<total>13</total>
				<timestamp>3737.739101</timestamp>
			</report>
			<report>
				<misses>9847001</misses>
				<total>13</total>
				<timestamp>3738.118698</timestamp>
			</report>
			<report>
				<misses>9848001</misses>
				<total>13</total>
				<timestamp>3738.498327</timestamp>
			</report>
			<report>
				<misses>9849001</misses>
				<total>13</total>
				<timestamp>3738.877989</timestamp>
			</report>
			<report>
				<misses>9850001</misses>
				<total>13</total>
				<timestamp>3739.257572</timestamp>
			</report>
			<report>
				<misses>9851001</misses>
				<total>13</total>
				<timestamp>3739.637195</timestamp>
			</report>
			<report>
				<misses>9852001</misses>
				<total>13</total>
				<timestamp>3740.016840</timestamp>
			</report>
			<report>
				<misses>9853001</misses>
				<total>13</total>
				<timestamp>3740.396433</timestamp>
			</report>
			<report>
				<misses>9854001</misses>
				<total>13</total>
				<timestamp>3740.776051</timestamp>
			</report>
			<report>
				<misses>9855001</misses>
				<total>13</total>
				<timestamp>3741.155668</timestamp>
			</report>
			<report>
				<misses>9856001</misses>
				<total>13</total>
				<timestamp>3741.535281</timestamp>
			</report>
			<report>
				<misses>9857001</misses>
				<total>13</total>
				<timestamp>3741.914896</timestamp>
			</report>
			<report>
				<misses>9858001</misses>
				<total>13</total>
				<timestamp>3742.294555</timestamp>
			</report>
			<report>
				<misses>9859001</misses>
				<total>13</total>
				<timestamp>3742.674140</timestamp>
			</report>
			<report>
				<misses>9860001</misses>
				<total>13</total>
				<timestamp>3743.053764</timestamp>
			</report>
			<report>
				<misses>9861001</misses>
				<total>13</total>
				<timestamp>3743.433428</timestamp>
			</report>
			<report>
				<misses>9862001</misses>
				<total>13</total>
				<timestamp>3743.812996</timestamp>
			</report>
			<report>
				<misses>9863001</misses>
				<total>13</total>
				<timestamp>3744.192625</timestamp>
			</report>
			<report>
				<misses>9864001</misses>
				<total>13</total>
				<timestamp>3744.572236</timestamp>
			</report>
			<report>
				<misses>9865001</misses>
				<total>13</total>
				<timestamp>3744.951862</timestamp>
			</report>
			<report>
				<misses>9866001</misses>
				<total>13</total>
				<timestamp>3745.331495</timestamp>
			</report>
			<report>
				<misses>9867001</misses>
				<total>13</total>
				<timestamp>3745.711110</timestamp>
			</report>
			<report>
				<misses>9868001</misses>
				<total>13</total>
				<timestamp>3746.090737</timestamp>
			</report>
			<report>
				<misses>9869001</misses>
				<total>13</total>
				<timestamp>3746.470383</timestamp>
			</report>
			<report>
				<misses>9870001</misses>
				<total>13</total>
				<timestamp>3746.849956</timestamp>
			</report>
			<report>
				<misses>9871001</misses>
				<total>13</total>
				<timestamp>3747.229587</timestamp>
			</report>
			<report>
				<misses>9872001</misses>
				<total>13</total>
				<timestamp>3747.609207</timestamp>
			</report>
			<report>
				<misses>9873001</misses>
				<total>13</total>
				<timestamp>3747.988847</timestamp>
			</report>
			<report>
				<misses>9874001</misses>
				<total>13</total>
				<timestamp>3748.368456</timestamp>
			</report>
			<report>
				<misses>9875001</misses>
				<total>13</total>
				<timestamp>3748.748065</timestamp>
			</report>
			<report>
				<misses>9876001</misses>
				<total>13</total>
				<timestamp>3749.127670</timestamp>
			</report>
			<report>
				<misses>9877001</misses>
				<total>13</total>
				<timestamp>3749.507322</timestamp>
			</report>
			<report>
				<misses>9878001</misses>
				<total>13</total>
				<timestamp>3749.886924</timestamp>
			</report>
			<report>
				<misses>9879001</misses>
				<total>13</total>
				<timestamp>3750.266577</timestamp>
			</report>
			<report>
				<misses>9880001</misses>
				<total>13</total>
				<timestamp>3750.646152</timestamp>
			</report>
			<report>
				<misses>9881001</misses>
				<total>13</total>
				<timestamp>3751.025809</timestamp>
			</report>
			<report>
				<misses>9882001</misses>
				<total>13</total>
				<timestamp>3751.405422</timestamp>
			</report>
			<report>
				<misses>9883001</misses>
				<total>13</total>
				<timestamp>3751.785028</timestamp>
			</report>
			<report>
				<misses>9884001</misses>
				<total>13</total>
				<timestamp>3752.164653</timestamp>
			</report>
			<report>
				<misses>9885001</misses>
				<total>13</total>
				<timestamp>3752.544311</timestamp>
			</report>
			<report>
				<misses>9886001</misses>
				<total>13</total>
				<timestamp>3752.923902</timestamp>
			</report>
			<report>
				<misses>9887001</misses>
				<total>13</total>
				<timestamp>3753.303503</timestamp>
			</report>
			<report>
				<misses>9888001</misses>
				<total>13</total>
				<timestamp>3753.683126</timestamp>
			</report>
			<report>
				<misses>9889001</misses>
				<total>13</total>
				<timestamp>3754.062724</timestamp>
			</report>
			<report>
				<misses>9890001</misses>
				<total>13</total>
				<timestamp>3754.442417</timestamp>
			</report>
			<report>
				<misses>9891001</misses>
				<total>13</total>
				<timestamp>3754.821974</timestamp>
			</report>
			<report>
				<misses>9892001</misses>
				<total>13</total>
				<timestamp>3755.201605</timestamp>
			</report>
			<report>
				<misses>9893001</misses>
				<total>13</total>
				<timestamp>3755.581267</timestamp>
			</report>
			<report>
				<misses>9894001</misses>
				<total>13</total>
				<timestamp>3755.960846</timestamp>
			</report>
			<report>
				<misses>9895001</misses>
				<total>13</total>
				<timestamp>3756.340488</timestamp>
			</report>
			<report>
				<misses>9896001</misses>
				<total>13</total>
				<timestamp>3756.720084</timestamp>
			</report>
			<report>
				<misses>9897001</misses>
				<total>13</total>
				<timestamp>3757.099721</timestamp>
			</report>
			<report>
				<misses>9898001</misses>
				<total>13</total>
				<timestamp>3757.479348</timestamp>
			</report>
			<report>
				<misses>9899001</misses>
				<total>13</total>
				<timestamp>3757.858946</timestamp>
			</report>
			<report>
				<misses>9900001</misses>
				<total>13</total>
				<timestamp>3758.238599</timestamp>
			</report>
			<report>
				<misses>9901001</misses>
				<total>13</total>
				<timestamp>3758.618191</timestamp>
			</report>
			<report>
				<misses>9902001</misses>
				<total>13</total>
				<timestamp>3758.997817</timestamp>
			</report>
			<report>
				<misses>9903001</misses>
				<total>13</total>
				<timestamp>3759.377447</timestamp>
			</report>
			<report>
				<misses>9904001</misses>
				<total>13</total>
				<timestamp>3759.757050</timestamp>
			</report>
			<report>
				<misses>9905001</misses>
				<total>13</total>
				<timestamp>3760.136688</timestamp>
			</report>
			<report>
				<misses>9906001</misses>
				<total>13</total>
				<timestamp>3760.516325</timestamp>
			</report>
			<report>
				<misses>9907001</misses>
				<total>13</total>
				<timestamp>3760.895898</timestamp>
			</report>
			<report>
				<misses>9908001</misses>
				<total>13</total>
				<timestamp>3761.275519</timestamp>
			</report>
			<report>
				<misses>9909001</misses>
				<total>13</total>
				<timestamp>3761.655149</timestamp>
			</report>
			<report>
				<misses>9910001</misses>
				<total>13</total>
				<timestamp>3762.034807</timestamp>
			</report>
			<report>
				<misses>9911001</misses>
				<total>13</total>
				<timestamp>3762.414445</timestamp>
			</report>
			<report>
				<misses>9912001</misses>
				<total>13</total>
				<timestamp>3762.794013</timestamp>
			</report>
			<report>
				<misses>9913001</misses>
				<total>13</total>
				<timestamp>3763.173666</timestamp>
			</report>
			<report>
				<misses>9914001</misses>
				<total>13</total>
				<timestamp>3763.553299</timestamp>
			</report>
			<report>
				<misses>9915001</misses>
				<total>13</total>
				<timestamp>3763.932914</timestamp>
			</report>
			<report>
				<misses>9916001</misses>
				<total>13</total>
				<timestamp>3764.312476</timestamp>
			</report>
			<report>
				<misses>9917001</misses>
				<total>13</total>
				<timestamp>3764.692119</timestamp>
			</report>
			<report>
				<misses>9918001</misses>
				<total>13</total>
				<timestamp>3765.071740</timestamp>
			</report>
			<report>
				<misses>9919001</misses>
				<total>13</total>
				<timestamp>3765.451369</timestamp>
			</report>
			<report>
				<misses>9920001</misses>
				<total>13</total>
				<timestamp>3765.830969</timestamp>
			</report>
			<report>
				<misses>9921001</misses>
				<total>13</total>
				<timestamp>3766.210614</timestamp>
			</report>
			<report>
				<misses>9922001</misses>
				<total>13</total>
				<timestamp>3766.590244</timestamp>
			</report>
			<report>
				<misses>9923001</misses>
				<total>13</total>
				<timestamp>3766.969834</timestamp>
			</report>
			<report>
				<misses>9924001</misses>
				<total>13</total>
				<timestamp>3767.349439</timestamp>
			</report>
			<report>
				<misses>9925001</misses>
				<total>13</total>
				<timestamp>3767.729082</timestamp>
			</report>
			<report>
				<misses>9926001</misses>
				<total>13</total>
				<timestamp>3768.108681</timestamp>
			</report>
			<report>
				<misses>9927001</misses>
				<total>13</total>
				<timestamp>3768.488341</timestamp>
			</report>
			<report>
				<misses>9928001</misses>
				<total>13</total>
				<timestamp>3768.867926</timestamp>
			</report>
			<report>
				<misses>9929001</misses>
				<total>13</total>
				<timestamp>3769.247545</timestamp>
			</report>
			<report>
				<misses>9930001</misses>
				<total>13</total>
				<timestamp>3769.627166</timestamp>
			</report>
			<report>
				<misses>9931001</misses>
				<total>13</total>
				<timestamp>3770.006793</timestamp>
			</report>
			<report>
				<misses>9932001</misses>
				<total>13</total>
				<timestamp>3770.386400</timestamp>
			</report>
			<report>
				<misses>9933001</misses>
				<total>13</total>
				<timestamp>3770.766017</timestamp>
			</report>
			<report>
				<misses>9934001</misses>
				<total>13</total>
				<timestamp>3771.145636</timestamp>
			</report>
			<report>
				<misses>9935001</misses>
				<total>13</total>
				<timestamp>3771.525302</timestamp>
			</report>
			<report>
				<misses>9936001</misses>
				<total>13</total>
				<timestamp>3771.904879</timestamp>
			</report>
			<report>
				<misses>9937001</misses>
				<total>13</total>
				<timestamp>3772.284488</timestamp>
			</report>
			<report>
				<misses>9938001</misses>
				<total>13</total>
				<timestamp>3772.664127</timestamp>
			</report>
			<report>
				<misses>9939001</misses>
				<total>13</total>
				<timestamp>3773.043741</timestamp>
			</report>
			<report>
				<misses>9940001</misses>
				<total>13</total>
				<timestamp>3773.423360</timestamp>
			</report>
			<report>
				<misses>9941001</misses>
				<total>13</total>
				<timestamp>3773.803040</timestamp>
			</report>
			<report>
				<misses>9942001</misses>
				<total>13</total>
				<timestamp>3774.182587</timestamp>
			</report>
			<report>
				<misses>9943001</misses>
				<total>13</total>
				<timestamp>3774.562233</timestamp>
			</report>
			<report>
				<misses>9944001</misses>
				<total>13</total>
				<timestamp>3774.941884</timestamp>
			</report>
			<report>
				<misses>9945001</misses>
				<total>13</total>
				<timestamp>3775.321470</timestamp>
			</report>
			<report>
				<misses>9946001</misses>
				<total>13</total>
				<timestamp>3775.701084</timestamp>
			</report>
			<report>
				<misses>9947001</misses>
				<total>13</total>
				<timestamp>3776.080716</timestamp>
			</report>
			<report>
				<misses>9948001</misses>
				<total>13</total>
				<timestamp>3776.460352</timestamp>
			</report>
			<report>
				<misses>9949001</misses>
				<total>13</total>
				<timestamp>3776.839937</timestamp>
			</report>
			<report>
				<misses>9950001</misses>
				<total>13</total>
				<timestamp>3777.219573</timestamp>
			</report>
			<report>
				<misses>9951001</misses>
				<total>13</total>
				<timestamp>3777.599235</timestamp>
			</report>
			<report>
				<misses>9952001</misses>
				<total>13</total>
				<timestamp>3777.978790</timestamp>
			</report>
			<report>
				<misses>9953001</misses>
				<total>13</total>
				<timestamp>3778.358419</timestamp>
			</report>
			<report>
				<misses>9954001</misses>
				<total>13</total>
				<timestamp>3778.738028</timestamp>
			</report>
			<report>
				<misses>9955001</misses>
				<total>13</total>
				<timestamp>3779.117644</timestamp>
			</report>
			<report>
				<misses>9956001</misses>
				<total>13</total>
				<timestamp>3779.497370</timestamp>
			</report>
			<report>
				<misses>9957001</misses>
				<total>13</total>
				<timestamp>3779.876915</timestamp>
			</report>
			<report>
				<misses>9958001</misses>
				<total>13</total>
				<timestamp>3780.256560</timestamp>
			</report>
			<report>
				<misses>9959001</misses>
				<total>13</total>
				<timestamp>3780.636170</timestamp>
			</report>
			<report>
				<misses>9960001</misses>
				<total>13</total>
				<timestamp>3781.015789</timestamp>
			</report>
			<report>
				<misses>9961001</misses>
				<total>13</total>
				<timestamp>3781.395375</timestamp>
			</report>
			<report>
				<misses>9962001</misses>
				<total>13</total>
				<timestamp>3781.774988</timestamp>
			</report>
			<report>
				<misses>9963001</misses>
				<total>13</total>
				<timestamp>3782.154656</timestamp>
			</report>
			<report>
				<misses>9964001</misses>
				<total>13</total>
				<timestamp>3782.534268</timestamp>
			</report>
			<report>
				<misses>9965001</misses>
				<total>13</total>
				<timestamp>3782.913857</timestamp>
			</report>
			<report>
				<misses>9966001</misses>
				<total>13</total>
				<timestamp>3783.293482</timestamp>
			</report>
			<report>
				<misses>9967001</misses>
				<total>13</total>
				<timestamp>3783.673181</timestamp>
			</report>
			<report>
				<misses>9968001</misses>
				<total>13</total>
				<timestamp>3784.052777</timestamp>
			</report>
			<report>
				<misses>9969001</misses>
				<total>13</total>
				<timestamp>3784.432344</timestamp>
			</report>
			<report>
				<misses>9970001</misses>
				<total>13</total>
				<timestamp>3784.811962</timestamp>
			</report>
			<report>
				<misses>9971001</misses>
				<total>13</total>
				<timestamp>3785.191593</timestamp>
			</report>
			<report>
				<misses>9972001</misses>
				<total>13</total>
				<timestamp>3785.571228</timestamp>
			</report>
			<report>
				<misses>9973001</misses>
				<total>13</total>
				<timestamp>3785.950824</timestamp>
			</report>
			<report>
				<misses>9974001</misses>
				<total>13</total>
				<timestamp>3786.330441</timestamp>
			</report>
			<report>
				<misses>9975001</misses>
				<total>13</total>
				<timestamp>3786.710154</timestamp>
			</report>
			<report>
				<misses>9976001</misses>
				<total>13</total>
				<timestamp>3787.089700</timestamp>
			</report>
			<report>
				<misses>9977001</misses>
				<total>13</total>
				<timestamp>3787.469332</timestamp>
			</report>
			<report>
				<misses>9978001</misses>
				<total>13</total>
				<timestamp>3787.848936</timestamp>
			</report>
			<report>
				<misses>9979001</misses>
				<total>13</total>
				<timestamp>3788.228556</timestamp>
			</report>
			<report>
				<misses>9980001</misses>
				<total>13</total>
				<timestamp>3788.608206</timestamp>
			</report>
			<report>
				<misses>9981001</misses>
				<total>13</total>
				<timestamp>3788.987775</timestamp>
			</report>
			<report>
				<misses>9982001</misses>
				<total>13</total>
				<timestamp>3789.367413</timestamp>
			</report>
			<report>
				<misses>9983001</misses>
				<total>13</total>
				<timestamp>3789.747027</timestamp>
			</report>
			<report>
				<misses>9984001</misses>
				<total>13</total>
				<timestamp>3790.126688</timestamp>
			</report>
			<report>
				<misses>9985001</misses>
				<total>13</total>
				<timestamp>3790.506297</timestamp>
			</report>
			<report>
				<misses>9986001</misses>
				<total>13</total>
				<timestamp>3790.885900</timestamp>
			</report>
			<report>
				<misses>9987001</misses>
				<total>13</total>
				<timestamp>3791.265503</timestamp>
			</report>
			<report>
				<misses>9988001</misses>
				<total>13</total>
				<timestamp>3791.645186</timestamp>
			</report>
			<report>
				<misses>9989001</misses>
				<total>13</total>
				<timestamp>3792.024749</timestamp>
			</report>
			<report>
				<misses>9990001</misses>
				<total>13</total>
				<timestamp>3792.404375</timestamp>
			</report>
			<report>
				<misses>9991001</misses>
				<total>13</total>
				<timestamp>3792.783992</timestamp>
			</report>
			<report>
				<misses>9992001</misses>
				<total>13</total>
				<timestamp>3793.163649</timestamp>
			</report>
			<report>
				<misses>9993001</misses>
				<total>13</total>
				<timestamp>3793.543240</timestamp>
			</report>
			<report>
				<misses>9994001</misses>
				<total>13</total>
				<timestamp>3793.922846</timestamp>
			</report>
			<report>
				<misses>9995001</misses>
				<total>13</total>
				<timestamp>3794.302476</timestamp>
			</report>
			<report>
				<misses>9996001</misses>
				<total>13</total>
				<timestamp>3794.682122</timestamp>
			</report>
			<report>
				<misses>9997001</misses>
				<total>13</total>
				<timestamp>3795.061720</timestamp>
			</report>
			<report>
				<misses>9998001</misses>
				<total>13</total>
				<timestamp>3795.441321</timestamp>
			</report>
			<report>
				<misses>9999001</misses>
				<total>13</total>
				<timestamp>3795.820948</timestamp>
			</report>
			<report>
				<misses>10000001</misses>
				<total>13</total>
				<timestamp>3796.200589</timestamp>
			</report>
			<report>
				<misses>10001001</misses>
				<total>13</total>
				<timestamp>3796.580209</timestamp>
			</report>
			<report>
				<misses>10002001</misses>
				<total>13</total>
				<timestamp>3796.959807</timestamp>
			</report>
			<report>
				<misses>10003001</misses>
				<total>13</total>
				<timestamp>3797.339467</timestamp>
			</report>
			<report>
				<misses>10004001</misses>
				<total>13</total>
				<timestamp>3797.719087</timestamp>
			</report>
			<report>
				<misses>10005001</misses>
				<total>13</total>
				<timestamp>3798.098698</timestamp>
			</report>
			<report>
				<misses>10006001</misses>
				<total>13</total>
				<timestamp>3798.478276</timestamp>
			</report>
			<report>
				<misses>10007001</misses>
				<total>13</total>
				<timestamp>3798.857908</timestamp>
			</report>
			<report>
				<misses>10008001</misses>
				<total>13</total>
				<timestamp>3799.237536</timestamp>
			</report>
			<report>
				<misses>10009001</misses>
				<total>13</total>
				<timestamp>3799.617173</timestamp>
			</report>
			<report>
				<misses>10010001</misses>
				<total>13</total>
				<timestamp>3799.996751</timestamp>
			</report>
			<report>
				<misses>10011001</misses>
				<total>13</total>
				<timestamp>3800.376368</timestamp>
			</report>
			<report>
				<misses>10012001</misses>
				<total>13</total>
				<timestamp>3800.756044</timestamp>
			</report>
			<report>
				<misses>10013001</misses>
				<total>13</total>
				<timestamp>3801.135621</timestamp>
			</report>
			<report>
				<misses>10014001</misses>
				<total>13</total>
				<timestamp>3801.515267</timestamp>
			</report>
			<report>
				<misses>10015001</misses>
				<total>13</total>
				<timestamp>3801.894872</timestamp>
			</report>
			<report>
				<misses>10016001</misses>
				<total>13</total>
				<timestamp>3802.274468</timestamp>
			</report>
			<report>
				<misses>10017001</misses>
				<total>13</total>
				<timestamp>3802.654118</timestamp>
			</report>
			<report>
				<misses>10018001</misses>
				<total>13</total>
				<timestamp>3803.033729</timestamp>
			</report>
			<report>
				<misses>10019001</misses>
				<total>13</total>
				<timestamp>3803.413342</timestamp>
			</report>
			<report>
				<misses>10020001</misses>
				<total>13</total>
				<timestamp>3803.792976</timestamp>
			</report>
			<report>
				<misses>10021001</misses>
				<total>13</total>
				<timestamp>3804.172594</timestamp>
			</report>
			<report>
				<misses>10022001</misses>
				<total>13</total>
				<timestamp>3804.552222</timestamp>
			</report>
			<report>
				<misses>10023001</misses>
				<total>13</total>
				<timestamp>3804.931817</timestamp>
			</report>
			<report>
				<misses>10024001</misses>
				<total>13</total>
				<timestamp>3805.311456</timestamp>
			</report>
			<report>
				<misses>10025001</misses>
				<total>13</total>
				<timestamp>3805.691066</timestamp>
			</report>
			<report>
				<misses>10026001</misses>
				<total>13</total>
				<timestamp>3806.070665</timestamp>
			</report>
			<report>
				<misses>10027001</misses>
				<total>13</total>
				<timestamp>3806.450298</timestamp>
			</report>
			<report>
				<misses>10028001</misses>
				<total>13</total>
				<timestamp>3806.829927</timestamp>
			</report>
			<report>
				<misses>10029001</misses>
				<total>13</total>
				<timestamp>3807.209555</timestamp>
			</report>
			<report>
				<misses>10030001</misses>
				<total>13</total>
				<timestamp>3807.589169</timestamp>
			</report>
			<report>
				<misses>10031001</misses>
				<total>13</total>
				<timestamp>3807.968785</timestamp>
			</report>
			<report>
				<misses>10032001</misses>
				<total>13</total>
				<timestamp>3808.348415</timestamp>
			</report>
			<report>
				<misses>10033001</misses>
				<total>13</total>
				<timestamp>3808.728046</timestamp>
			</report>
			<report>
				<misses>10034001</misses>
				<total>13</total>
				<timestamp>3809.107663</timestamp>
			</report>
			<report>
				<misses>10035001</misses>
				<total>13</total>
				<timestamp>3809.487259</timestamp>
			</report>
			<report>
				<misses>10036001</misses>
				<total>13</total>
				<timestamp>3809.866874</timestamp>
			</report>
			<report>
				<misses>10037001</misses>
				<total>13</total>
				<timestamp>3810.246515</timestamp>
			</report>
			<report>
				<misses>10038001</misses>
				<total>13</total>
				<timestamp>3810.626144</timestamp>
			</report>
			<report>
				<misses>10039001</misses>
				<total>13</total>
				<timestamp>3811.005733</timestamp>
			</report>
			<report>
				<misses>10040001</misses>
				<total>13</total>
				<timestamp>3811.385375</timestamp>
			</report>
			<report>
				<misses>10041001</misses>
				<total>13</total>
				<timestamp>3811.765029</timestamp>
			</report>
			<report>
				<misses>10042001</misses>
				<total>13</total>
				<timestamp>3812.144633</timestamp>
			</report>
			<report>
				<misses>10043001</misses>
				<total>13</total>
				<timestamp>3812.524240</timestamp>
			</report>
			<report>
				<misses>10044001</misses>
				<total>13</total>
				<timestamp>3812.903880</timestamp>
			</report>
			<report>
				<misses>10045001</misses>
				<total>13</total>
				<timestamp>3813.283474</timestamp>
			</report>
			<report>
				<misses>10046001</misses>
				<total>13</total>
				<timestamp>3813.663109</timestamp>
			</report>
			<report>
				<misses>10047001</misses>
				<total>13</total>
				<timestamp>3814.042699</timestamp>
			</report>
			<report>
				<misses>10048001</misses>
				<total>13</total>
				<timestamp>3814.422370</timestamp>
			</report>
			<report>
				<misses>10049001</misses>
				<total>13</total>
				<timestamp>3814.802008</timestamp>
			</report>
			<report>
				<misses>10050001</misses>
				<total>13</total>
				<timestamp>3815.181596</timestamp>
			</report>
			<report>
				<misses>10051001</misses>
				<total>13</total>
				<timestamp>3815.561189</timestamp>
			</report>
			<report>
				<misses>10052001</misses>
				<total>13</total>
				<timestamp>3815.940797</timestamp>
			</report>
			<report>
				<misses>10053001</misses>
				<total>13</total>
				<timestamp>3816.320451</timestamp>
			</report>
			<report>
				<misses>10054001</misses>
				<total>13</total>
				<timestamp>3816.700064</timestamp>
			</report>
			<report>
				<misses>10055001</misses>
				<total>13</total>
				<timestamp>3817.079679</timestamp>
			</report>
			<report>
				<misses>10056001</misses>
				<total>13</total>
				<timestamp>3817.459295</timestamp>
			</report>
			<report>
				<misses>10057001</misses>
				<total>13</total>
				<timestamp>3817.838955</timestamp>
			</report>
			<report>
				<misses>10058001</misses>
				<total>13</total>
				<timestamp>3818.218570</timestamp>
			</report>
			<report>
				<misses>10059001</misses>
				<total>13</total>
				<timestamp>3818.598159</timestamp>
			</report>
			<report>
				<misses>10060001</misses>
				<total>13</total>
				<timestamp>3818.977758</timestamp>
			</report>
			<report>
				<misses>10061001</misses>
				<total>13</total>
				<timestamp>3819.357376</timestamp>
			</report>
			<report>
				<misses>10062001</misses>
				<total>13</total>
				<timestamp>3819.736991</timestamp>
			</report>
			<report>
				<misses>10063001</misses>
				<total>13</total>
				<timestamp>3820.116663</timestamp>
			</report>
			<report>
				<misses>10064001</misses>
				<total>13</total>
				<timestamp>3820.496265</timestamp>
			</report>
			<report>
				<misses>10065001</misses>
				<total>13</total>
				<timestamp>3820.875881</timestamp>
			</report>
			<report>
				<misses>10066001</misses>
				<total>13</total>
				<timestamp>3821.255508</timestamp>
			</report>
			<report>
				<misses>10067001</misses>
				<total>13</total>
				<timestamp>3821.635101</timestamp>
			</report>
			<report>
				<misses>10068001</misses>
				<total>13</total>
				<timestamp>3822.014753</timestamp>
			</report>
			<report>
				<misses>10069001</misses>
				<total>13</total>
				<timestamp>3822.394333</timestamp>
			</report>
			<report>
				<misses>10070001</misses>
				<total>13</total>
				<timestamp>3822.773996</timestamp>
			</report>
			<report>
				<misses>10071001</misses>
				<total>13</total>
				<timestamp>3823.153586</timestamp>
			</report>
			<report>
				<misses>10072001</misses>
				<total>13</total>
				<timestamp>3823.533208</timestamp>
			</report>
			<report>
				<misses>10073001</misses>
				<total>13</total>
				<timestamp>3823.912814</timestamp>
			</report>
			<report>
				<misses>10074001</misses>
				<total>13</total>
				<timestamp>3824.292437</timestamp>
			</report>
			<report>
				<misses>10075001</misses>
				<total>13</total>
				<timestamp>3824.672088</timestamp>
			</report>
			<report>
				<misses>10076001</misses>
				<total>13</total>
				<timestamp>3825.051678</timestamp>
			</report>
			<report>
				<misses>10077001</misses>
				<total>13</total>
				<timestamp>3825.431304</timestamp>
			</report>
			<report>
				<misses>10078001</misses>
				<total>13</total>
				<timestamp>3825.810968</timestamp>
			</report>
			<report>
				<misses>10079001</misses>
				<total>13</total>
				<timestamp>3826.190581</timestamp>
			</report>
			<report>
				<misses>10080001</misses>
				<total>13</total>
				<timestamp>3826.570162</timestamp>
			</report>
			<report>
				<misses>10081001</misses>
				<total>13</total>
				<timestamp>3826.949816</timestamp>
			</report>
			<report>
				<misses>10082001</misses>
				<total>13</total>
				<timestamp>3827.329389</timestamp>
			</report>
			<report>
				<misses>10083001</misses>
				<total>13</total>
				<timestamp>3827.709022</timestamp>
			</report>
			<report>
				<misses>10084001</misses>
				<total>13</total>
				<timestamp>3828.088643</timestamp>
			</report>
			<report>
				<misses>10085001</misses>
				<total>13</total>
				<timestamp>3828.468259</timestamp>
			</report>
			<report>
				<misses>10086001</misses>
				<total>13</total>
				<timestamp>3828.847896</timestamp>
			</report>
			<report>
				<misses>10087001</misses>
				<total>13</total>
				<timestamp>3829.227520</timestamp>
			</report>
			<report>
				<misses>10088001</misses>
				<total>13</total>
				<timestamp>3829.607117</timestamp>
			</report>
			<report>
				<misses>10089001</misses>
				<total>13</total>
				<timestamp>3829.986732</timestamp>
			</report>
			<report>
				<misses>10090001</misses>
				<total>13</total>
				<timestamp>3830.366372</timestamp>
			</report>
			<report>
				<misses>10091001</misses>
				<total>13</total>
				<timestamp>3830.745998</timestamp>
			</report>
			<report>
				<misses>10092001</misses>
				<total>13</total>
				<timestamp>3831.125616</timestamp>
			</report>
			<report>
				<misses>10093001</misses>
				<total>13</total>
				<timestamp>3831.505232</timestamp>
			</report>
			<report>
				<misses>10094001</misses>
				<total>13</total>
				<timestamp>3831.884860</timestamp>
			</report>
			<report>
				<misses>10095001</misses>
				<total>13</total>
				<timestamp>3832.264461</timestamp>
			</report>
			<report>
				<misses>10096001</misses>
				<total>13</total>
				<timestamp>3832.644069</timestamp>
			</report>
			<report>
				<misses>10097001</misses>
				<total>13</total>
				<timestamp>3833.023705</timestamp>
			</report>
			<report>
				<misses>10098001</misses>
				<total>13</total>
				<timestamp>3833.403327</timestamp>
			</report>
			<report>
				<misses>10099001</misses>
				<total>13</total>
				<timestamp>3833.783010</timestamp>
			</report>
			<report>
				<misses>10100001</misses>
				<total>13</total>
				<timestamp>3834.162581</timestamp>
			</report>
			<report>
				<misses>10101001</misses>
				<total>13</total>
				<timestamp>3834.542183</timestamp>
			</report>
			<report>
				<misses>10102001</misses>
				<total>13</total>
				<timestamp>3834.921866</timestamp>
			</report>
			<report>
				<misses>10103001</misses>
				<total>13</total>
				<timestamp>3835.301468</timestamp>
			</report>
			<report>
				<misses>10104001</misses>
				<total>13</total>
				<timestamp>3835.681041</timestamp>
			</report>
			<report>
				<misses>10105001</misses>
				<total>13</total>
				<timestamp>3836.060659</timestamp>
			</report>
			<report>
				<misses>10106001</misses>
				<total>13</total>
				<timestamp>3836.440308</timestamp>
			</report>
			<report>
				<misses>10107001</misses>
				<total>13</total>
				<timestamp>3836.819988</timestamp>
			</report>
			<report>
				<misses>10108001</misses>
				<total>13</total>
				<timestamp>3837.199535</timestamp>
			</report>
			<report>
				<misses>10109001</misses>
				<total>13</total>
				<timestamp>3837.579144</timestamp>
			</report>
			<report>
				<misses>10110001</misses>
				<total>13</total>
				<timestamp>3837.958764</timestamp>
			</report>
			<report>
				<misses>10111001</misses>
				<total>13</total>
				<timestamp>3838.338422</timestamp>
			</report>
			<report>
				<misses>10112001</misses>
				<total>13</total>
				<timestamp>3838.717992</timestamp>
			</report>
			<report>
				<misses>10113001</misses>
				<total>13</total>
				<timestamp>3839.097619</timestamp>
			</report>
			<report>
				<misses>10114001</misses>
				<total>13</total>
				<timestamp>3839.477226</timestamp>
			</report>
			<report>
				<misses>10115001</misses>
				<total>13</total>
				<timestamp>3839.856869</timestamp>
			</report>
			<report>
				<misses>10116001</misses>
				<total>13</total>
				<timestamp>3840.236499</timestamp>
			</report>
			<report>
				<misses>10117001</misses>
				<total>13</total>
				<timestamp>3840.616093</timestamp>
			</report>
			<report>
				<misses>10118001</misses>
				<total>13</total>
				<timestamp>3840.995728</timestamp>
			</report>
			<report>
				<misses>10119001</misses>
				<total>13</total>
				<timestamp>3841.375370</timestamp>
			</report>
			<report>
				<misses>10120001</misses>
				<total>13</total>
				<timestamp>3841.754966</timestamp>
			</report>
			<report>
				<misses>10121001</misses>
				<total>13</total>
				<timestamp>3842.134574</timestamp>
			</report>
			<report>
				<misses>10122001</misses>
				<total>13</total>
				<timestamp>3842.514230</timestamp>
			</report>
			<report>
				<misses>10123001</misses>
				<total>13</total>
				<timestamp>3842.893847</timestamp>
			</report>
			<report>
				<misses>10124001</misses>
				<total>13</total>
				<timestamp>3843.273435</timestamp>
			</report>
			<report>
				<misses>10125001</misses>
				<total>13</total>
				<timestamp>3843.653060</timestamp>
			</report>
			<report>
				<misses>10126001</misses>
				<total>13</total>
				<timestamp>3844.032699</timestamp>
			</report>
			<report>
				<misses>10127001</misses>
				<total>13</total>
				<timestamp>3844.412299</timestamp>
			</report>
			<report>
				<misses>10128001</misses>
				<total>13</total>
				<timestamp>3844.791961</timestamp>
			</report>
			<report>
				<misses>10129001</misses>
				<total>13</total>
				<timestamp>3845.171571</timestamp>
			</report>
			<report>
				<misses>10130001</misses>
				<total>13</total>
				<timestamp>3845.551170</timestamp>
			</report>
			<report>
				<misses>10131001</misses>
				<total>13</total>
				<timestamp>3845.930790</timestamp>
			</report>
			<report>
				<misses>10132001</misses>
				<total>13</total>
				<timestamp>3846.310428</timestamp>
			</report>
			<report>
				<misses>10133001</misses>
				<total>13</total>
				<timestamp>3846.690030</timestamp>
			</report>
			<report>
				<misses>10134001</misses>
				<total>13</total>
				<timestamp>3847.069622</timestamp>
			</report>
			<report>
				<misses>10135001</misses>
				<total>13</total>
				<timestamp>3847.449276</timestamp>
			</report>
			<report>
				<misses>10136001</misses>
				<total>13</total>
				<timestamp>3847.828900</timestamp>
			</report>
			<report>
				<misses>10137001</misses>
				<total>13</total>
				<timestamp>3848.208486</timestamp>
			</report>
			<report>
				<misses>10138001</misses>
				<total>13</total>
				<timestamp>3848.588105</timestamp>
			</report>
			<report>
				<misses>10139001</misses>
				<total>13</total>
				<timestamp>3848.967787</timestamp>
			</report>
			<report>
				<misses>10140001</misses>
				<total>13</total>
				<timestamp>3849.347369</timestamp>
			</report>
			<report>
				<misses>10141001</misses>
				<total>13</total>
				<timestamp>3849.726969</timestamp>
			</report>
			<report>
				<misses>10142001</misses>
				<total>13</total>
				<timestamp>3850.106629</timestamp>
			</report>
			<report>
				<misses>10143001</misses>
				<total>13</total>
				<timestamp>3850.486235</timestamp>
			</report>
			<report>
				<misses>10144001</misses>
				<total>13</total>
				<timestamp>3850.865941</timestamp>
			</report>
			<report>
				<misses>10145001</misses>
				<total>13</total>
				<timestamp>3851.245469</timestamp>
			</report>
			<report>
				<misses>10146001</misses>
				<total>13</total>
				<timestamp>3851.625107</timestamp>
			</report>
			<report>
				<misses>10147001</misses>
				<total>13</total>
				<timestamp>3852.004740</timestamp>
			</report>
			<report>
				<misses>10148001</misses>
				<total>13</total>
				<timestamp>3852.384379</timestamp>
			</report>
			<report>
				<misses>10149001</misses>
				<total>13</total>
				<timestamp>3852.763961</timestamp>
			</report>
			<report>
				<misses>10150001</misses>
				<total>13</total>
				<timestamp>3853.143619</timestamp>
			</report>
			<report>
				<misses>10151001</misses>
				<total>13</total>
				<timestamp>3853.523201</timestamp>
			</report>
			<report>
				<misses>10152001</misses>
				<total>13</total>
				<timestamp>3853.902836</timestamp>
			</report>
			<report>
				<misses>10153001</misses>
				<total>13</total>
				<timestamp>3854.282425</timestamp>
			</report>
			<report>
				<misses>10154001</misses>
				<total>13</total>
				<timestamp>3854.662048</timestamp>
			</report>
			<report>
				<misses>10155001</misses>
				<total>13</total>
				<timestamp>3855.041698</timestamp>
			</report>
			<report>
				<misses>10156001</misses>
				<total>13</total>
				<timestamp>3855.421321</timestamp>
			</report>
			<report>
				<misses>10157001</misses>
				<total>13</total>
				<timestamp>3855.800899</timestamp>
			</report>
			<report>
				<misses>10158001</misses>
				<total>13</total>
				<timestamp>3856.180540</timestamp>
			</report>
			<report>
				<misses>10159001</misses>
				<total>13</total>
				<timestamp>3856.560132</timestamp>
			</report>
			<report>
				<misses>10160001</misses>
				<total>13</total>
				<timestamp>3856.939782</timestamp>
			</report>
			<report>
				<misses>10161001</misses>
				<total>13</total>
				<timestamp>3857.319373</timestamp>
			</report>
			<report>
				<misses>10162001</misses>
				<total>13</total>
				<timestamp>3857.698985</timestamp>
			</report>
			<report>
				<misses>10163001</misses>
				<total>13</total>
				<timestamp>3858.078630</timestamp>
			</report>
			<report>
				<misses>10164001</misses>
				<total>13</total>
				<timestamp>3858.458294</timestamp>
			</report>
			<report>
				<misses>10165001</misses>
				<total>13</total>
				<timestamp>3858.837860</timestamp>
			</report>
			<report>
				<misses>10166001</misses>
				<total>13</total>
				<timestamp>3859.217487</timestamp>
			</report>
			<report>
				<misses>10167001</misses>
				<total>13</total>
				<timestamp>3859.597118</timestamp>
			</report>
			<report>
				<misses>10168001</misses>
				<total>13</total>
				<timestamp>3859.976722</timestamp>
			</report>
			<report>
				<misses>10169001</misses>
				<total>13</total>
				<timestamp>3860.356356</timestamp>
			</report>
			<report>
				<misses>10170001</misses>
				<total>13</total>
				<timestamp>3860.735958</timestamp>
			</report>
			<report>
				<misses>10171001</misses>
				<total>13</total>
				<timestamp>3861.115598</timestamp>
			</report>
			<report>
				<misses>10172001</misses>
				<total>13</total>
				<timestamp>3861.495231</timestamp>
			</report>
			<report>
				<misses>10173001</misses>
				<total>13</total>
				<timestamp>3861.874825</timestamp>
			</report>
			<report>
				<misses>10174001</misses>
				<total>13</total>
				<timestamp>3862.254449</timestamp>
			</report>
			<report>
				<misses>10175001</misses>
				<total>13</total>
				<timestamp>3862.634109</timestamp>
			</report>
			<report>
				<misses>10176001</misses>
				<total>13</total>
				<timestamp>3863.013736</timestamp>
			</report>
			<report>
				<misses>10177001</misses>
				<total>14</total>
				<timestamp>3863.393309</timestamp>
			</report>
			<report>
				<misses>10178001</misses>
				<total>14</total>
				<timestamp>3863.772919</timestamp>
			</report>
			<report>
				<misses>10179001</misses>
				<total>14</total>
				<timestamp>3864.152582</timestamp>
			</report>
			<report>
				<misses>10180001</misses>
				<total>14</total>
				<timestamp>3864.532153</timestamp>
			</report>
			<report>
				<misses>10181001</misses>
				<total>14</total>
				<timestamp>3864.911790</timestamp>
			</report>
			<report>
				<misses>10182001</misses>
				<total>14</total>
				<timestamp>3865.291384</timestamp>
			</report>
			<report>
				<misses>10183001</misses>
				<total>14</total>
				<timestamp>3865.671023</timestamp>
			</report>
			<report>
				<misses>10184001</misses>
				<total>14</total>
				<timestamp>3866.050690</timestamp>
			</report>
			<report>
				<misses>10185001</misses>
				<total>14</total>
				<timestamp>3866.430313</timestamp>
			</report>
			<report>
				<misses>10186001</misses>
				<total>14</total>
				<timestamp>3866.809889</timestamp>
			</report>
			<report>
				<misses>10187001</misses>
				<total>14</total>
				<timestamp>3867.189512</timestamp>
			</report>
			<report>
				<misses>10188001</misses>
				<total>14</total>
				<timestamp>3867.569113</timestamp>
			</report>
			<report>
				<misses>10189001</misses>
				<total>14</total>
				<timestamp>3867.948764</timestamp>
			</report>
			<report>
				<misses>10190001</misses>
				<total>14</total>
				<timestamp>3868.328408</timestamp>
			</report>
			<report>
				<misses>10191001</misses>
				<total>14</total>
				<timestamp>3868.707967</timestamp>
			</report>
			<report>
				<misses>10192001</misses>
				<total>14</total>
				<timestamp>3869.087632</timestamp>
			</report>
			<report>
				<misses>10193001</misses>
				<total>14</total>
				<timestamp>3869.467271</timestamp>
			</report>
			<report>
				<misses>10194001</misses>
				<total>14</total>
				<timestamp>3869.846842</timestamp>
			</report>
			<report>
				<misses>10195001</misses>
				<total>14</total>
				<timestamp>3870.226450</timestamp>
			</report>
			<report>
				<misses>10196001</misses>
				<total>14</total>
				<timestamp>3870.606081</timestamp>
			</report>
			<report>
				<misses>10197001</misses>
				<total>14</total>
				<timestamp>3870.985749</timestamp>
			</report>
			<report>
				<misses>10198001</misses>
				<total>14</total>
				<timestamp>3871.365308</timestamp>
			</report>
			<report>
				<misses>10199001</misses>
				<total>14</total>
				<timestamp>3871.744931</timestamp>
			</report>
			<report>
				<misses>10200001</misses>
				<total>14</total>
				<timestamp>3872.124656</timestamp>
			</report>
			<report>
				<misses>10201001</misses>
				<total>14</total>
				<timestamp>3872.504191</timestamp>
			</report>
			<report>
				<misses>10202001</misses>
				<total>14</total>
				<timestamp>3872.883801</timestamp>
			</report>
			<report>
				<misses>10203001</misses>
				<total>14</total>
				<timestamp>3873.263425</timestamp>
			</report>
			<report>
				<misses>10204001</misses>
				<total>14</total>
				<timestamp>3873.643038</timestamp>
			</report>
			<report>
				<misses>10205001</misses>
				<total>14</total>
				<timestamp>3874.022710</timestamp>
			</report>
			<report>
				<misses>10206001</misses>
				<total>14</total>
				<timestamp>3874.402284</timestamp>
			</report>
			<report>
				<misses>10207001</misses>
				<total>14</total>
				<timestamp>3874.781933</timestamp>
			</report>
			<report>
				<misses>10208001</misses>
				<total>14</total>
				<timestamp>3875.161610</timestamp>
			</report>
			<report>
				<misses>10209001</misses>
				<total>14</total>
				<timestamp>3875.541134</timestamp>
			</report>
			<report>
				<misses>10210001</misses>
				<total>14</total>
				<timestamp>3875.920807</timestamp>
			</report>
			<report>
				<misses>10211001</misses>
				<total>14</total>
				<timestamp>3876.300413</timestamp>
			</report>
			<report>
				<misses>10212001</misses>
				<total>14</total>
				<timestamp>3876.680017</timestamp>
			</report>
			<report>
				<misses>10213001</misses>
				<total>14</total>
				<timestamp>3877.059642</timestamp>
			</report>
			<report>
				<misses>10214001</misses>
				<total>14</total>
				<timestamp>3877.439274</timestamp>
			</report>
			<report>
				<misses>10215001</misses>
				<total>14</total>
				<timestamp>3877.818865</timestamp>
			</report>
			<report>
				<misses>10216001</misses>
				<total>14</total>
				<timestamp>3878.198494</timestamp>
			</report>
			<report>
				<misses>10217001</misses>
				<total>14</total>
				<timestamp>3878.578104</timestamp>
			</report>
			<report>
				<misses>10218001</misses>
				<total>14</total>
				<timestamp>3878.957751</timestamp>
			</report>
			<report>
				<misses>10219001</misses>
				<total>14</total>
				<timestamp>3879.337356</timestamp>
			</report>
			<report>
				<misses>10220001</misses>
				<total>14</total>
				<timestamp>3879.716968</timestamp>
			</report>
			<report>
				<misses>10221001</misses>
				<total>14</total>
				<timestamp>3880.096638</timestamp>
			</report>
			<report>
				<misses>10222001</misses>
				<total>14</total>
				<timestamp>3880.476234</timestamp>
			</report>
			<report>
				<misses>10223001</misses>
				<total>14</total>
				<timestamp>3880.855822</timestamp>
			</report>
			<report>
				<misses>10224001</misses>
				<total>14</total>
				<timestamp>3881.235457</timestamp>
			</report>
			<report>
				<misses>10225001</misses>
				<total>14</total>
				<timestamp>3881.615055</timestamp>
			</report>
			<report>
				<misses>10226001</misses>
				<total>14</total>
				<timestamp>3881.994718</timestamp>
			</report>
			<report>
				<misses>10227001</misses>
				<total>14</total>
				<timestamp>3882.374327</timestamp>
			</report>
			<report>
				<misses>10228001</misses>
				<total>14</total>
				<timestamp>3882.753927</timestamp>
			</report>
			<report>
				<misses>10229001</misses>
				<total>14</total>
				<timestamp>3883.133573</timestamp>
			</report>
			<report>
				<misses>10230001</misses>
				<total>14</total>
				<timestamp>3883.513186</timestamp>
			</report>
			<report>
				<misses>10231001</misses>
				<total>14</total>
				<timestamp>3883.892795</timestamp>
			</report>
			<report>
				<misses>10232001</misses>
				<total>14</total>
				<timestamp>3884.272410</timestamp>
			</report>
			<report>
				<misses>10233001</misses>
				<total>14</total>
				<timestamp>3884.652016</timestamp>
			</report>
			<report>
				<misses>10234001</misses>
				<total>14</total>
				<timestamp>3885.031674</timestamp>
			</report>
			<report>
				<misses>10235001</misses>
				<total>14</total>
				<timestamp>3885.411253</timestamp>
			</report>
			<report>
				<misses>10236001</misses>
				<total>14</total>
				<timestamp>3885.790922</timestamp>
			</report>
			<report>
				<misses>10237001</misses>
				<total>14</total>
				<timestamp>3886.170578</timestamp>
			</report>
			<report>
				<misses>10238001</misses>
				<total>14</total>
				<timestamp>3886.550144</timestamp>
			</report>
			<report>
				<misses>10239001</misses>
				<total>14</total>
				<timestamp>3886.929739</timestamp>
			</report>
			<report>
				<misses>10240001</misses>
				<total>14</total>
				<timestamp>3887.309371</timestamp>
			</report>
			<report>
				<misses>10241001</misses>
				<total>14</total>
				<timestamp>3887.688980</timestamp>
			</report>
			<report>
				<misses>10242001</misses>
				<total>14</total>
				<timestamp>3888.068622</timestamp>
			</report>
			<report>
				<misses>10243001</misses>
				<total>14</total>
				<timestamp>3888.448227</timestamp>
			</report>
			<report>
				<misses>10244001</misses>
				<total>14</total>
				<timestamp>3888.827834</timestamp>
			</report>
			<report>
				<misses>10245001</misses>
				<total>14</total>
				<timestamp>3889.207475</timestamp>
			</report>
			<report>
				<misses>10246001</misses>
				<total>14</total>
				<timestamp>3889.587077</timestamp>
			</report>
			<report>
				<misses>10247001</misses>
				<total>14</total>
				<timestamp>3889.966700</timestamp>
			</report>
			<report>
				<misses>10248001</misses>
				<total>14</total>
				<timestamp>3890.346334</timestamp>
			</report>
			<report>
				<misses>10249001</misses>
				<total>14</total>
				<timestamp>3890.725943</timestamp>
			</report>
			<report>
				<misses>10250001</misses>
				<total>14</total>
				<timestamp>3891.105558</timestamp>
			</report>
			<report>
				<misses>10251001</misses>
				<total>14</total>
				<timestamp>3891.485175</timestamp>
			</report>
			<report>
				<misses>10252001</misses>
				<total>14</total>
				<timestamp>3891.864802</timestamp>
			</report>
			<report>
				<misses>10253001</misses>
				<total>14</total>
				<timestamp>3892.244471</timestamp>
			</report>
			<report>
				<misses>10254001</misses>
				<total>14</total>
				<timestamp>3892.624043</timestamp>
			</report>
			<report>
				<misses>10255001</misses>
				<total>14</total>
				<timestamp>3893.003670</timestamp>
			</report>
			<report>
				<misses>10256001</misses>
				<total>14</total>
				<timestamp>3893.383318</timestamp>
			</report>
			<report>
				<misses>10257001</misses>
				<total>14</total>
				<timestamp>3893.762911</timestamp>
			</report>
			<report>
				<misses>10258001</misses>
				<total>14</total>
				<timestamp>3894.142554</timestamp>
			</report>
			<report>
				<misses>10259001</misses>
				<total>14</total>
				<timestamp>3894.522161</timestamp>
			</report>
			<report>
				<misses>10260001</misses>
				<total>14</total>
				<timestamp>3894.901801</timestamp>
			</report>
			<report>
				<misses>10261001</misses>
				<total>14</total>
				<timestamp>3895.281402</timestamp>
			</report>
			<report>
				<misses>10262001</misses>
				<total>14</total>
				<timestamp>3895.661030</timestamp>
			</report>
			<report>
				<misses>10263001</misses>
				<total>14</total>
				<timestamp>3896.040633</timestamp>
			</report>
			<report>
				<misses>10264001</misses>
				<total>14</total>
				<timestamp>3896.420246</timestamp>
			</report>
			<report>
				<misses>10265001</misses>
				<total>14</total>
				<timestamp>3896.799865</timestamp>
			</report>
			<report>
				<misses>10266001</misses>
				<total>14</total>
				<timestamp>3897.179486</timestamp>
			</report>
			<report>
				<misses>10267001</misses>
				<total>14</total>
				<timestamp>3897.559090</timestamp>
			</report>
			<report>
				<misses>10268001</misses>
				<total>14</total>
				<timestamp>3897.938713</timestamp>
			</report>
			<report>
				<misses>10269001</misses>
				<total>14</total>
				<timestamp>3898.318369</timestamp>
			</report>
			<report>
				<misses>10270001</misses>
				<total>14</total>
				<timestamp>3898.697984</timestamp>
			</report>
			<report>
				<misses>10271001</misses>
				<total>14</total>
				<timestamp>3899.077596</timestamp>
			</report>
			<report>
				<misses>10272001</misses>
				<total>14</total>
				<timestamp>3899.457212</timestamp>
			</report>
			<report>
				<misses>10273001</misses>
				<total>14</total>
				<timestamp>3899.836852</timestamp>
			</report>
			<report>
				<misses>10274001</misses>
				<total>14</total>
				<timestamp>3900.216478</timestamp>
			</report>
			<report>
				<misses>10275001</misses>
				<total>14</total>
				<timestamp>3900.596085</timestamp>
			</report>
			<report>
				<misses>10276001</misses>
				<total>14</total>
				<timestamp>3900.975716</timestamp>
			</report>
			<report>
				<misses>10277001</misses>
				<total>14</total>
				<timestamp>3901.355301</timestamp>
			</report>
			<report>
				<misses>10278001</misses>
				<total>14</total>
				<timestamp>3901.734942</timestamp>
			</report>
			<report>
				<misses>10279001</misses>
				<total>14</total>
				<timestamp>3902.114583</timestamp>
			</report>
			<report>
				<misses>10280001</misses>
				<total>14</total>
				<timestamp>3902.494151</timestamp>
			</report>
			<report>
				<misses>10281001</misses>
				<total>14</total>
				<timestamp>3902.873793</timestamp>
			</report>
			<report>
				<misses>10282001</misses>
				<total>14</total>
				<timestamp>3903.253425</timestamp>
			</report>
			<report>
				<misses>10283001</misses>
				<total>14</total>
				<timestamp>3903.633060</timestamp>
			</report>
			<report>
				<misses>10284001</misses>
				<total>14</total>
				<timestamp>3904.012647</timestamp>
			</report>
			<report>
				<misses>10285001</misses>
				<total>14</total>
				<timestamp>3904.392261</timestamp>
			</report>
			<report>
				<misses>10286001</misses>
				<total>14</total>
				<timestamp>3904.771918</timestamp>
			</report>
			<report>
				<misses>10287001</misses>
				<total>14</total>
				<timestamp>3905.151522</timestamp>
			</report>
			<report>
				<misses>10288001</misses>
				<total>14</total>
				<timestamp>3905.531136</timestamp>
			</report>
			<report>
				<misses>10289001</misses>
				<total>14</total>
				<timestamp>3905.910778</timestamp>
			</report>
			<report>
				<misses>10290001</misses>
				<total>14</total>
				<timestamp>3906.290397</timestamp>
			</report>
			<report>
				<misses>10291001</misses>
				<total>14</total>
				<timestamp>3906.669991</timestamp>
			</report>
			<report>
				<misses>10292001</misses>
				<total>14</total>
				<timestamp>3907.049635</timestamp>
			</report>
			<report>
				<misses>10293001</misses>
				<total>14</total>
				<timestamp>3907.429231</timestamp>
			</report>
			<report>
				<misses>10294001</misses>
				<total>14</total>
				<timestamp>3907.808843</timestamp>
			</report>
			<report>
				<misses>10295001</misses>
				<total>14</total>
				<timestamp>3908.188516</timestamp>
			</report>
			<report>
				<misses>10296001</misses>
				<total>14</total>
				<timestamp>3908.568108</timestamp>
			</report>
			<report>
				<misses>10297001</misses>
				<total>14</total>
				<timestamp>3908.947711</timestamp>
			</report>
			<report>
				<misses>10298001</misses>
				<total>14</total>
				<timestamp>3909.327339</timestamp>
			</report>
			<report>
				<misses>10299001</misses>
				<total>14</total>
				<timestamp>3909.706968</timestamp>
			</report>
			<report>
				<misses>10300001</misses>
				<total>14</total>
				<timestamp>3910.086579</timestamp>
			</report>
			<report>
				<misses>10301001</misses>
				<total>14</total>
				<timestamp>3910.466224</timestamp>
			</report>
			<report>
				<misses>10302001</misses>
				<total>14</total>
				<timestamp>3910.845795</timestamp>
			</report>
			<report>
				<misses>10303001</misses>
				<total>14</total>
				<timestamp>3911.225432</timestamp>
			</report>
			<report>
				<misses>10304001</misses>
				<total>14</total>
				<timestamp>3911.605053</timestamp>
			</report>
			<report>
				<misses>10305001</misses>
				<total>14</total>
				<timestamp>3911.984646</timestamp>
			</report>
			<report>
				<misses>10306001</misses>
				<total>14</total>
				<timestamp>3912.364325</timestamp>
			</report>
			<report>
				<misses>10307001</misses>
				<total>14</total>
				<timestamp>3912.743923</timestamp>
			</report>
			<report>
				<misses>10308001</misses>
				<total>14</total>
				<timestamp>3913.123604</timestamp>
			</report>
			<report>
				<misses>10309001</misses>
				<total>14</total>
				<timestamp>3913.503142</timestamp>
			</report>
			<report>
				<misses>10310001</misses>
				<total>14</total>
				<timestamp>3913.882777</timestamp>
			</report>
			<report>
				<misses>10311001</misses>
				<total>14</total>
				<timestamp>3914.262382</timestamp>
			</report>
			<report>
				<misses>10312001</misses>
				<total>14</total>
				<timestamp>3914.642028</timestamp>
			</report>
			<report>
				<misses>10313001</misses>
				<total>14</total>
				<timestamp>3915.021625</timestamp>
			</report>
			<report>
				<misses>10314001</misses>
				<total>14</total>
				<timestamp>3915.401313</timestamp>
			</report>
			<report>
				<misses>10315001</misses>
				<total>14</total>
				<timestamp>3915.780873</timestamp>
			</report>
			<report>
				<misses>10316001</misses>
				<total>14</total>
				<timestamp>3916.160505</timestamp>
			</report>
			<report>
				<misses>10317001</misses>
				<total>14</total>
				<timestamp>3916.540100</timestamp>
			</report>
			<report>
				<misses>10318001</misses>
				<total>14</total>
				<timestamp>3916.919715</timestamp>
			</report>
			<report>
				<misses>10319001</misses>
				<total>14</total>
				<timestamp>3917.299331</timestamp>
			</report>
			<report>
				<misses>10320001</misses>
				<total>14</total>
				<timestamp>3917.678962</timestamp>
			</report>
			<report>
				<misses>10321001</misses>
				<total>14</total>
				<timestamp>3918.058584</timestamp>
			</report>
			<report>
				<misses>10322001</misses>
				<total>14</total>
				<timestamp>3918.438237</timestamp>
			</report>
			<report>
				<misses>10323001</misses>
				<total>14</total>
				<timestamp>3918.817833</timestamp>
			</report>
			<report>
				<misses>10324001</misses>
				<total>14</total>
				<timestamp>3919.197444</timestamp>
			</report>
			<report>
				<misses>10325001</misses>
				<total>14</total>
				<timestamp>3919.577060</timestamp>
			</report>
			<report>
				<misses>10326001</misses>
				<total>14</total>
				<timestamp>3919.956670</timestamp>
			</report>
			<report>
				<misses>10327001</misses>
				<total>14</total>
				<timestamp>3920.336307</timestamp>
			</report>
			<report>
				<misses>10328001</misses>
				<total>14</total>
				<timestamp>3920.715950</timestamp>
			</report>
			<report>
				<misses>10329001</misses>
				<total>14</total>
				<timestamp>3921.095540</timestamp>
			</report>
			<report>
				<misses>10330001</misses>
				<total>14</total>
				<timestamp>3921.475168</timestamp>
			</report>
			<report>
				<misses>10331001</misses>
				<total>14</total>
				<timestamp>3921.854772</timestamp>
			</report>
			<report>
				<misses>10332001</misses>
				<total>14</total>
				<timestamp>3922.234450</timestamp>
			</report>
			<report>
				<misses>10333001</misses>
				<total>14</total>
				<timestamp>3922.614034</timestamp>
			</report>
			<report>
				<misses>10334001</misses>
				<total>14</total>
				<timestamp>3922.993674</timestamp>
			</report>
			<report>
				<misses>10335001</misses>
				<total>14</total>
				<timestamp>3923.373297</timestamp>
			</report>
			<report>
				<misses>10336001</misses>
				<total>14</total>
				<timestamp>3923.752870</timestamp>
			</report>
			<report>
				<misses>10337001</misses>
				<total>14</total>
				<timestamp>3924.132552</timestamp>
			</report>
			<report>
				<misses>10338001</misses>
				<total>14</total>
				<timestamp>3924.512123</timestamp>
			</report>
			<report>
				<misses>10339001</misses>
				<total>14</total>
				<timestamp>3924.891758</timestamp>
			</report>
			<report>
				<misses>10340001</misses>
				<total>14</total>
				<timestamp>3925.271410</timestamp>
			</report>
			<report>
				<misses>10341001</misses>
				<total>14</total>
				<timestamp>3925.651017</timestamp>
			</report>
			<report>
				<misses>10342001</misses>
				<total>14</total>
				<timestamp>3926.030615</timestamp>
			</report>
			<report>
				<misses>10343001</misses>
				<total>14</total>
				<timestamp>3926.410257</timestamp>
			</report>
			<report>
				<misses>10344001</misses>
				<total>14</total>
				<timestamp>3926.789848</timestamp>
			</report>
			<report>
				<misses>10345001</misses>
				<total>14</total>
				<timestamp>3927.169472</timestamp>
			</report>
			<report>
				<misses>10346001</misses>
				<total>14</total>
				<timestamp>3927.549076</timestamp>
			</report>
			<report>
				<misses>10347001</misses>
				<total>14</total>
				<timestamp>3927.928715</timestamp>
			</report>
			<report>
				<misses>10348001</misses>
				<total>14</total>
				<timestamp>3928.308318</timestamp>
			</report>
			<report>
				<misses>10349001</misses>
				<total>14</total>
				<timestamp>3928.687946</timestamp>
			</report>
			<report>
				<misses>10350001</misses>
				<total>14</total>
				<timestamp>3929.067559</timestamp>
			</report>
			<report>
				<misses>10351001</misses>
				<total>14</total>
				<timestamp>3929.447184</timestamp>
			</report>
			<report>
				<misses>10352001</misses>
				<total>14</total>
				<timestamp>3929.826801</timestamp>
			</report>
			<report>
				<misses>10353001</misses>
				<total>14</total>
				<timestamp>3930.206440</timestamp>
			</report>
			<report>
				<misses>10354001</misses>
				<total>14</total>
				<timestamp>3930.586031</timestamp>
			</report>
			<report>
				<misses>10355001</misses>
				<total>14</total>
				<timestamp>3930.965671</timestamp>
			</report>
			<report>
				<misses>10356001</misses>
				<total>14</total>
				<timestamp>3931.345268</timestamp>
			</report>
			<report>
				<misses>10357001</misses>
				<total>14</total>
				<timestamp>3931.724888</timestamp>
			</report>
			<report>
				<misses>10358001</misses>
				<total>14</total>
				<timestamp>3932.104532</timestamp>
			</report>
			<report>
				<misses>10359001</misses>
				<total>14</total>
				<timestamp>3932.484184</timestamp>
			</report>
			<report>
				<misses>10360001</misses>
				<total>14</total>
				<timestamp>3932.863768</timestamp>
			</report>
			<report>
				<misses>10361001</misses>
				<total>14</total>
				<timestamp>3933.243407</timestamp>
			</report>
			<report>
				<misses>10362001</misses>
				<total>14</total>
				<timestamp>3933.623012</timestamp>
			</report>
			<report>
				<misses>10363001</misses>
				<total>14</total>
				<timestamp>3934.002605</timestamp>
			</report>
			<report>
				<misses>10364001</misses>
				<total>14</total>
				<timestamp>3934.382267</timestamp>
			</report>
			<report>
				<misses>10365001</misses>
				<total>14</total>
				<timestamp>3934.761883</timestamp>
			</report>
			<report>
				<misses>10366001</misses>
				<total>14</total>
				<timestamp>3935.141511</timestamp>
			</report>
			<report>
				<misses>10367001</misses>
				<total>14</total>
				<timestamp>3935.521102</timestamp>
			</report>
			<report>
				<misses>10368001</misses>
				<total>14</total>
				<timestamp>3935.900747</timestamp>
			</report>
			<report>
				<misses>10369001</misses>
				<total>14</total>
				<timestamp>3936.280362</timestamp>
			</report>
			<report>
				<misses>10370001</misses>
				<total>14</total>
				<timestamp>3936.659952</timestamp>
			</report>
			<report>
				<misses>10371001</misses>
				<total>14</total>
				<timestamp>3937.039569</timestamp>
			</report>
			<report>
				<misses>10372001</misses>
				<total>14</total>
				<timestamp>3937.419232</timestamp>
			</report>
			<report>
				<misses>10373001</misses>
				<total>14</total>
				<timestamp>3937.798808</timestamp>
			</report>
			<report>
				<misses>10374001</misses>
				<total>14</total>
				<timestamp>3938.178426</timestamp>
			</report>
			<report>
				<misses>10375001</misses>
				<total>14</total>
				<timestamp>3938.558095</timestamp>
			</report>
			<report>
				<misses>10376001</misses>
				<total>14</total>
				<timestamp>3938.937665</timestamp>
			</report>
			<report>
				<misses>10377001</misses>
				<total>14</total>
				<timestamp>3939.317341</timestamp>
			</report>
			<report>
				<misses>10378001</misses>
				<total>14</total>
				<timestamp>3939.696909</timestamp>
			</report>
			<report>
				<misses>10379001</misses>
				<total>14</total>
				<timestamp>3940.076559</timestamp>
			</report>
			<report>
				<misses>10380001</misses>
				<total>14</total>
				<timestamp>3940.456206</timestamp>
			</report>
			<report>
				<misses>10381001</misses>
				<total>14</total>
				<timestamp>3940.835783</timestamp>
			</report>
			<report>
				<misses>10382001</misses>
				<total>14</total>
				<timestamp>3941.215396</timestamp>
			</report>
			<report>
				<misses>10383001</misses>
				<total>14</total>
				<timestamp>3941.595021</timestamp>
			</report>
			<report>
				<misses>10384001</misses>
				<total>14</total>
				<timestamp>3941.974665</timestamp>
			</report>
			<report>
				<misses>10385001</misses>
				<total>14</total>
				<timestamp>3942.354295</timestamp>
			</report>
			<report>
				<misses>10386001</misses>
				<total>14</total>
				<timestamp>3942.733876</timestamp>
			</report>
			<report>
				<misses>10387001</misses>
				<total>14</total>
				<timestamp>3943.113503</timestamp>
			</report>
			<report>
				<misses>10388001</misses>
				<total>14</total>
				<timestamp>3943.493214</timestamp>
			</report>
			<report>
				<misses>10389001</misses>
				<total>14</total>
				<timestamp>3943.872743</timestamp>
			</report>
			<report>
				<misses>10390001</misses>
				<total>14</total>
				<timestamp>3944.252375</timestamp>
			</report>
			<report>
				<misses>10391001</misses>
				<total>14</total>
				<timestamp>3944.631984</timestamp>
			</report>
			<report>
				<misses>10392001</misses>
				<total>14</total>
				<timestamp>3945.011595</timestamp>
			</report>
			<report>
				<misses>10393001</misses>
				<total>14</total>
				<timestamp>3945.391264</timestamp>
			</report>
			<report>
				<misses>10394001</misses>
				<total>14</total>
				<timestamp>3945.770840</timestamp>
			</report>
			<report>
				<misses>10395001</misses>
				<total>14</total>
				<timestamp>3946.150483</timestamp>
			</report>
			<report>
				<misses>10396001</misses>
				<total>14</total>
				<timestamp>3946.530126</timestamp>
			</report>
			<report>
				<misses>10397001</misses>
				<total>14</total>
				<timestamp>3946.909698</timestamp>
			</report>
			<report>
				<misses>10398001</misses>
				<total>14</total>
				<timestamp>3947.289321</timestamp>
			</report>
			<report>
				<misses>10399001</misses>
				<total>14</total>
				<timestamp>3947.668945</timestamp>
			</report>
			<report>
				<misses>10400001</misses>
				<total>14</total>
				<timestamp>3948.048553</timestamp>
			</report>
			<report>
				<misses>10401001</misses>
				<total>14</total>
				<timestamp>3948.428231</timestamp>
			</report>
			<report>
				<misses>10402001</misses>
				<total>14</total>
				<timestamp>3948.807787</timestamp>
			</report>
			<report>
				<misses>10403001</misses>
				<total>14</total>
				<timestamp>3949.187422</timestamp>
			</report>
			<report>
				<misses>10404001</misses>
				<total>14</total>
				<timestamp>3949.567080</timestamp>
			</report>
			<report>
				<misses>10405001</misses>
				<total>14</total>
				<timestamp>3949.946689</timestamp>
			</report>
			<report>
				<misses>10406001</misses>
				<total>14</total>
				<timestamp>3950.326276</timestamp>
			</report>
			<report>
				<misses>10407001</misses>
				<total>14</total>
				<timestamp>3950.705928</timestamp>
			</report>
			<report>
				<misses>10408001</misses>
				<total>14</total>
				<timestamp>3951.085519</timestamp>
			</report>
			<report>
				<misses>10409001</misses>
				<total>14</total>
				<timestamp>3951.465164</timestamp>
			</report>
			<report>
				<misses>10410001</misses>
				<total>14</total>
				<timestamp>3951.844765</timestamp>
			</report>
			<report>
				<misses>10411001</misses>
				<total>14</total>
				<timestamp>3952.224385</timestamp>
			</report>
			<report>
				<misses>10412001</misses>
				<total>14</total>
				<timestamp>3952.604037</timestamp>
			</report>
			<report>
				<misses>10413001</misses>
				<total>14</total>
				<timestamp>3952.983623</timestamp>
			</report>
			<report>
				<misses>10414001</misses>
				<total>14</total>
				<timestamp>3953.363255</timestamp>
			</report>
			<report>
				<misses>10415001</misses>
				<total>14</total>
				<timestamp>3953.742864</timestamp>
			</report>
			<report>
				<misses>10416001</misses>
				<total>14</total>
				<timestamp>3954.122514</timestamp>
			</report>
			<report>
				<misses>10417001</misses>
				<total>14</total>
				<timestamp>3954.502137</timestamp>
			</report>
			<report>
				<misses>10418001</misses>
				<total>14</total>
				<timestamp>3954.881714</timestamp>
			</report>
			<report>
				<misses>10419001</misses>
				<total>14</total>
				<timestamp>3955.261352</timestamp>
			</report>
			<report>
				<misses>10420001</misses>
				<total>14</total>
				<timestamp>3955.640966</timestamp>
			</report>
			<report>
				<misses>10421001</misses>
				<total>14</total>
				<timestamp>3956.020601</timestamp>
			</report>
			<report>
				<misses>10422001</misses>
				<total>14</total>
				<timestamp>3956.400224</timestamp>
			</report>
			<report>
				<misses>10423001</misses>
				<total>14</total>
				<timestamp>3956.779815</timestamp>
			</report>
			<report>
				<misses>10424001</misses>
				<total>14</total>
				<timestamp>3957.159448</timestamp>
			</report>
			<report>
				<misses>10425001</misses>
				<total>14</total>
				<timestamp>3957.539082</timestamp>
			</report>
			<report>
				<misses>10426001</misses>
				<total>14</total>
				<timestamp>3957.918683</timestamp>
			</report>
			<report>
				<misses>10427001</misses>
				<total>14</total>
				<timestamp>3958.298361</timestamp>
			</report>
			<report>
				<misses>10428001</misses>
				<total>14</total>
				<timestamp>3958.677908</timestamp>
			</report>
			<report>
				<misses>10429001</misses>
				<total>14</total>
				<timestamp>3959.057552</timestamp>
			</report>
			<report>
				<misses>10430001</misses>
				<total>14</total>
				<timestamp>3959.437182</timestamp>
			</report>
			<report>
				<misses>10431001</misses>
				<total>14</total>
				<timestamp>3959.816783</timestamp>
			</report>
			<report>
				<misses>10432001</misses>
				<total>14</total>
				<timestamp>3960.196408</timestamp>
			</report>
			<report>
				<misses>10433001</misses>
				<total>14</total>
				<timestamp>3960.576066</timestamp>
			</report>
			<report>
				<misses>10434001</misses>
				<total>14</total>
				<timestamp>3960.955636</timestamp>
			</report>
			<report>
				<misses>10435001</misses>
				<total>14</total>
				<timestamp>3961.335271</timestamp>
			</report>
			<report>
				<misses>10436001</misses>
				<total>14</total>
				<timestamp>3961.714885</timestamp>
			</report>
			<report>
				<misses>10437001</misses>
				<total>14</total>
				<timestamp>3962.094508</timestamp>
			</report>
			<report>
				<misses>10438001</misses>
				<total>14</total>
				<timestamp>3962.474128</timestamp>
			</report>
			<report>
				<misses>10439001</misses>
				<total>14</total>
				<timestamp>3962.853731</timestamp>
			</report>
			<report>
				<misses>10440001</misses>
				<total>14</total>
				<timestamp>3963.233349</timestamp>
			</report>
			<report>
				<misses>10441001</misses>
				<total>14</total>
				<timestamp>3963.613025</timestamp>
			</report>
			<report>
				<misses>10442001</misses>
				<total>14</total>
				<timestamp>3963.992598</timestamp>
			</report>
			<report>
				<misses>10443001</misses>
				<total>14</total>
				<timestamp>3964.372282</timestamp>
			</report>
			<report>
				<misses>10444001</misses>
				<total>14</total>
				<timestamp>3964.751893</timestamp>
			</report>
			<report>
				<misses>10445001</misses>
				<total>14</total>
				<timestamp>3965.131500</timestamp>
			</report>
			<report>
				<misses>10446001</misses>
				<total>14</total>
				<timestamp>3965.511137</timestamp>
			</report>
			<report>
				<misses>10447001</misses>
				<total>14</total>
				<timestamp>3965.890697</timestamp>
			</report>
			<report>
				<misses>10448001</misses>
				<total>14</total>
				<timestamp>3966.270379</timestamp>
			</report>
			<report>
				<misses>10449001</misses>
				<total>14</total>
				<timestamp>3966.649943</timestamp>
			</report>
			<report>
				<misses>10450001</misses>
				<total>14</total>
				<timestamp>3967.029556</timestamp>
			</report>
			<report>
				<misses>10451001</misses>
				<total>14</total>
				<timestamp>3967.409185</timestamp>
			</report>
			<report>
				<misses>10452001</misses>
				<total>14</total>
				<timestamp>3967.788804</timestamp>
			</report>
			<report>
				<misses>10453001</misses>
				<total>14</total>
				<timestamp>3968.168432</timestamp>
			</report>
			<report>
				<misses>10454001</misses>
				<total>14</total>
				<timestamp>3968.548041</timestamp>
			</report>
			<report>
				<misses>10455001</misses>
				<total>14</total>
				<timestamp>3968.927655</timestamp>
			</report>
			<report>
				<misses>10456001</misses>
				<total>14</total>
				<timestamp>3969.307294</timestamp>
			</report>
			<report>
				<misses>10457001</misses>
				<total>14</total>
				<timestamp>3969.686928</timestamp>
			</report>
			<report>
				<misses>10458001</misses>
				<total>14</total>
				<timestamp>3970.066589</timestamp>
			</report>
			<report>
				<misses>10459001</misses>
				<total>14</total>
				<timestamp>3970.446143</timestamp>
			</report>
			<report>
				<misses>10460001</misses>
				<total>14</total>
				<timestamp>3970.825786</timestamp>
			</report>
			<report>
				<misses>10461001</misses>
				<total>14</total>
				<timestamp>3971.205381</timestamp>
			</report>
			<report>
				<misses>10462001</misses>
				<total>14</total>
				<timestamp>3971.585049</timestamp>
			</report>
			<report>
				<misses>10463001</misses>
				<total>14</total>
				<timestamp>3971.964635</timestamp>
			</report>
			<report>
				<misses>10464001</misses>
				<total>14</total>
				<timestamp>3972.344255</timestamp>
			</report>
			<report>
				<misses>10465001</misses>
				<total>14</total>
				<timestamp>3972.723979</timestamp>
			</report>
			<report>
				<misses>10466001</misses>
				<total>14</total>
				<timestamp>3973.103471</timestamp>
			</report>
			<report>
				<misses>10467001</misses>
				<total>14</total>
				<timestamp>3973.483132</timestamp>
			</report>
			<report>
				<misses>10468001</misses>
				<total>14</total>
				<timestamp>3973.862721</timestamp>
			</report>
			<report>
				<misses>10469001</misses>
				<total>14</total>
				<timestamp>3974.242377</timestamp>
			</report>
			<report>
				<misses>10470001</misses>
				<total>14</total>
				<timestamp>3974.621981</timestamp>
			</report>
			<report>
				<misses>10471001</misses>
				<total>14</total>
				<timestamp>3975.001576</timestamp>
			</report>
			<report>
				<misses>10472001</misses>
				<total>14</total>
				<timestamp>3975.381232</timestamp>
			</report>
			<report>
				<misses>10473001</misses>
				<total>14</total>
				<timestamp>3975.760817</timestamp>
			</report>
			<report>
				<misses>10474001</misses>
				<total>14</total>
				<timestamp>3976.140440</timestamp>
			</report>
			<report>
				<misses>10475001</misses>
				<total>16</total>
				<timestamp>3976.520066</timestamp>
			</report>
			<report>
				<misses>10476001</misses>
				<total>16</total>
				<timestamp>3976.899671</timestamp>
			</report>
			<report>
				<misses>10477001</misses>
				<total>16</total>
				<timestamp>3977.279332</timestamp>
			</report>
			<report>
				<misses>10478001</misses>
				<total>16</total>
				<timestamp>3977.659004</timestamp>
			</report>
			<report>
				<misses>10479001</misses>
				<total>16</total>
				<timestamp>3978.038527</timestamp>
			</report>
			<report>
				<misses>10480001</misses>
				<total>16</total>
				<timestamp>3978.418168</timestamp>
			</report>
			<report>
				<misses>10481001</misses>
				<total>16</total>
				<timestamp>3978.797823</timestamp>
			</report>
			<report>
				<misses>10482001</misses>
				<total>16</total>
				<timestamp>3979.177384</timestamp>
			</report>
			<report>
				<misses>10483001</misses>
				<total>16</total>
				<timestamp>3979.557064</timestamp>
			</report>
			<report>
				<misses>10484001</misses>
				<total>16</total>
				<timestamp>3979.936652</timestamp>
			</report>
			<report>
				<misses>10485001</misses>
				<total>16</total>
				<timestamp>3980.316267</timestamp>
			</report>
			<report>
				<misses>10486001</misses>
				<total>16</total>
				<timestamp>3980.695914</timestamp>
			</report>
			<report>
				<misses>10487001</misses>
				<total>16</total>
				<timestamp>3981.075527</timestamp>
			</report>
			<report>
				<misses>10488001</misses>
				<total>16</total>
				<timestamp>3981.455123</timestamp>
			</report>
			<report>
				<misses>10489001</misses>
				<total>16</total>
				<timestamp>3981.834800</timestamp>
			</report>
			<report>
				<misses>10490001</misses>
				<total>16</total>
				<timestamp>3982.214366</timestamp>
			</report>
			<report>
				<misses>10491001</misses>
				<total>16</total>
				<timestamp>3982.594073</timestamp>
			</report>
			<report>
				<misses>10492001</misses>
				<total>16</total>
				<timestamp>3982.973595</timestamp>
			</report>
			<report>
				<misses>10493001</misses>
				<total>16</total>
				<timestamp>3983.353265</timestamp>
			</report>
			<report>
				<misses>10494001</misses>
				<total>16</total>
				<timestamp>3983.732891</timestamp>
			</report>
			<report>
				<misses>10495001</misses>
				<total>16</total>
				<timestamp>3984.112462</timestamp>
			</report>
			<report>
				<misses>10496001</misses>
				<total>16</total>
				<timestamp>3984.492080</timestamp>
			</report>
			<report>
				<misses>10497001</misses>
				<total>16</total>
				<timestamp>3984.871728</timestamp>
			</report>
			<report>
				<misses>10498001</misses>
				<total>16</total>
				<timestamp>3985.251326</timestamp>
			</report>
			<report>
				<misses>10499001</misses>
				<total>16</total>
				<timestamp>3985.631000</timestamp>
			</report>
			<report>
				<misses>10500001</misses>
				<total>16</total>
				<timestamp>3986.010559</timestamp>
			</report>
			<report>
				<misses>10501001</misses>
				<total>16</total>
				<timestamp>3986.390187</timestamp>
			</report>
			<report>
				<misses>10502001</misses>
				<total>16</total>
				<timestamp>3986.769825</timestamp>
			</report>
			<report>
				<misses>10503001</misses>
				<total>16</total>
				<timestamp>3987.149420</timestamp>
			</report>
			<report>
				<misses>10504001</misses>
				<total>16</total>
				<timestamp>3987.529034</timestamp>
			</report>
			<report>
				<misses>10505001</misses>
				<total>16</total>
				<timestamp>3987.908664</timestamp>
			</report>
			<report>
				<misses>10506001</misses>
				<total>16</total>
				<timestamp>3988.288283</timestamp>
			</report>
			<report>
				<misses>10507001</misses>
				<total>16</total>
				<timestamp>3988.667916</timestamp>
			</report>
			<report>
				<misses>10508001</misses>
				<total>16</total>
				<timestamp>3989.047537</timestamp>
			</report>
			<report>
				<misses>10509001</misses>
				<total>16</total>
				<timestamp>3989.427139</timestamp>
			</report>
			<report>
				<misses>10510001</misses>
				<total>16</total>
				<timestamp>3989.806783</timestamp>
			</report>
			<report>
				<misses>10511001</misses>
				<total>16</total>
				<timestamp>3990.186378</timestamp>
			</report>
			<report>
				<misses>10512001</misses>
				<total>16</total>
				<timestamp>3990.566023</timestamp>
			</report>
			<report>
				<misses>10513001</misses>
				<total>16</total>
				<timestamp>3990.945611</timestamp>
			</report>
			<report>
				<misses>10514001</misses>
				<total>16</total>
				<timestamp>3991.325250</timestamp>
			</report>
			<report>
				<misses>10515001</misses>
				<total>16</total>
				<timestamp>3991.704882</timestamp>
			</report>
			<report>
				<misses>10516001</misses>
				<total>16</total>
				<timestamp>3992.084490</timestamp>
			</report>
			<report>
				<misses>10517001</misses>
				<total>16</total>
				<timestamp>3992.464112</timestamp>
			</report>
			<report>
				<misses>10518001</misses>
				<total>16</total>
				<timestamp>3992.843765</timestamp>
			</report>
			<report>
				<misses>10519001</misses>
				<total>16</total>
				<timestamp>3993.223351</timestamp>
			</report>
			<report>
				<misses>10520001</misses>
				<total>16</total>
				<timestamp>3993.602983</timestamp>
			</report>
			<report>
				<misses>10521001</misses>
				<total>16</total>
				<timestamp>3993.982564</timestamp>
			</report>
			<report>
				<misses>10522001</misses>
				<total>16</total>
				<timestamp>3994.362241</timestamp>
			</report>
			<report>
				<misses>10523001</misses>
				<total>16</total>
				<timestamp>3994.741851</timestamp>
			</report>
			<report>
				<misses>10524001</misses>
				<total>16</total>
				<timestamp>3995.121454</timestamp>
			</report>
			<report>
				<misses>10525001</misses>
				<total>16</total>
				<timestamp>3995.501069</timestamp>
			</report>
			<report>
				<misses>10526001</misses>
				<total>16</total>
				<timestamp>3995.880681</timestamp>
			</report>
			<report>
				<misses>10527001</misses>
				<total>16</total>
				<timestamp>3996.260296</timestamp>
			</report>
			<report>
				<misses>10528001</misses>
				<total>16</total>
				<timestamp>3996.639968</timestamp>
			</report>
			<report>
				<misses>10529001</misses>
				<total>16</total>
				<timestamp>3997.019548</timestamp>
			</report>
			<report>
				<misses>10530001</misses>
				<total>16</total>
				<timestamp>3997.399155</timestamp>
			</report>
			<report>
				<misses>10531001</misses>
				<total>16</total>
				<timestamp>3997.778831</timestamp>
			</report>
			<report>
				<misses>10532001</misses>
				<total>16</total>
				<timestamp>3998.158386</timestamp>
			</report>
			<report>
				<misses>10533001</misses>
				<total>16</total>
				<timestamp>3998.538022</timestamp>
			</report>
			<report>
				<misses>10534001</misses>
				<total>16</total>
				<timestamp>3998.917638</timestamp>
			</report>
			<report>
				<misses>10535001</misses>
				<total>16</total>
				<timestamp>3999.297248</timestamp>
			</report>
			<report>
				<misses>10536001</misses>
				<total>16</total>
				<timestamp>3999.676915</timestamp>
			</report>
			<report>
				<misses>10537001</misses>
				<total>16</total>
				<timestamp>4000.056530</timestamp>
			</report>
			<report>
				<misses>10538001</misses>
				<total>16</total>
				<timestamp>4000.436135</timestamp>
			</report>
			<report>
				<misses>10539001</misses>
				<total>16</total>
				<timestamp>4000.815777</timestamp>
			</report>
			<report>
				<misses>10540001</misses>
				<total>16</total>
				<timestamp>4001.195348</timestamp>
			</report>
			<report>
				<misses>10541001</misses>
				<total>16</total>
				<timestamp>4001.574984</timestamp>
			</report>
			<report>
				<misses>10542001</misses>
				<total>16</total>
				<timestamp>4001.954604</timestamp>
			</report>
			<report>
				<misses>10543001</misses>
				<total>16</total>
				<timestamp>4002.334239</timestamp>
			</report>
			<report>
				<misses>10544001</misses>
				<total>16</total>
				<timestamp>4002.713869</timestamp>
			</report>
			<report>
				<misses>10545001</misses>
				<total>16</total>
				<timestamp>4003.093462</timestamp>
			</report>
			<report>
				<misses>10546001</misses>
				<total>16</total>
				<timestamp>4003.473080</timestamp>
			</report>
			<report>
				<misses>10547001</misses>
				<total>16</total>
				<timestamp>4003.852710</timestamp>
			</report>
			<report>
				<misses>10548001</misses>
				<total>16</total>
				<timestamp>4004.232319</timestamp>
			</report>
			<report>
				<misses>10549001</misses>
				<total>16</total>
				<timestamp>4004.611967</timestamp>
			</report>
			<report>
				<misses>10550001</misses>
				<total>16</total>
				<timestamp>4004.991545</timestamp>
			</report>
			<report>
				<misses>10551001</misses>
				<total>16</total>
				<timestamp>4005.371185</timestamp>
			</report>
			<report>
				<misses>10552001</misses>
				<total>16</total>
				<timestamp>4005.750812</timestamp>
			</report>
			<report>
				<misses>10553001</misses>
				<total>16</total>
				<timestamp>4006.130411</timestamp>
			</report>
			<report>
				<misses>10554001</misses>
				<total>16</total>
				<timestamp>4006.510032</timestamp>
			</report>
			<report>
				<misses>10555001</misses>
				<total>16</total>
				<timestamp>4006.889669</timestamp>
			</report>
			<report>
				<misses>10556001</misses>
				<total>16</total>
				<timestamp>4007.269326</timestamp>
			</report>
			<report>
				<misses>10557001</misses>
				<total>16</total>
				<timestamp>4007.648906</timestamp>
			</report>
			<report>
				<misses>10558001</misses>
				<total>16</total>
				<timestamp>4008.028551</timestamp>
			</report>
			<report>
				<misses>10559001</misses>
				<total>16</total>
				<timestamp>4008.408142</timestamp>
			</report>
			<report>
				<misses>10560001</misses>
				<total>16</total>
				<timestamp>4008.787784</timestamp>
			</report>
			<report>
				<misses>10561001</misses>
				<total>16</total>
				<timestamp>4009.167395</timestamp>
			</report>
			<report>
				<misses>10562001</misses>
				<total>16</total>
				<timestamp>4009.547011</timestamp>
			</report>
			<report>
				<misses>10563001</misses>
				<total>16</total>
				<timestamp>4009.926622</timestamp>
			</report>
			<report>
				<misses>10564001</misses>
				<total>16</total>
				<timestamp>4010.306237</timestamp>
			</report>
			<report>
				<misses>10565001</misses>
				<total>16</total>
				<timestamp>4010.685904</timestamp>
			</report>
			<report>
				<misses>10566001</misses>
				<total>16</total>
				<timestamp>4011.065483</timestamp>
			</report>
			<report>
				<misses>10567001</misses>
				<total>16</total>
				<timestamp>4011.445092</timestamp>
			</report>
			<report>
				<misses>10568001</misses>
				<total>16</total>
				<timestamp>4011.824744</timestamp>
			</report>
			<report>
				<misses>10569001</misses>
				<total>16</total>
				<timestamp>4012.204326</timestamp>
			</report>
			<report>
				<misses>10570001</misses>
				<total>16</total>
				<timestamp>4012.583977</timestamp>
			</report>
			<report>
				<misses>10571001</misses>
				<total>16</total>
				<timestamp>4012.963577</timestamp>
			</report>
			<report>
				<misses>10572001</misses>
				<total>16</total>
				<timestamp>4013.343244</timestamp>
			</report>
			<report>
				<misses>10573001</misses>
				<total>16</total>
				<timestamp>4013.722817</timestamp>
			</report>
			<report>
				<misses>10574001</misses>
				<total>16</total>
				<timestamp>4014.102439</timestamp>
			</report>
			<report>
				<misses>10575001</misses>
				<total>16</total>
				<timestamp>4014.482060</timestamp>
			</report>
			<report>
				<misses>10576001</misses>
				<total>16</total>
				<timestamp>4014.861713</timestamp>
			</report>
			<report>
				<misses>10577001</misses>
				<total>16</total>
				<timestamp>4015.241308</timestamp>
			</report>
			<report>
				<misses>10578001</misses>
				<total>16</total>
				<timestamp>4015.620929</timestamp>
			</report>
			<report>
				<misses>10579001</misses>
				<total>16</total>
				<timestamp>4016.000536</timestamp>
			</report>
			<report>
				<misses>10580001</misses>
				<total>16</total>
				<timestamp>4016.380158</timestamp>
			</report>
			<report>
				<misses>10581001</misses>
				<total>16</total>
				<timestamp>4016.759804</timestamp>
			</report>
			<report>
				<misses>10582001</misses>
				<total>16</total>
				<timestamp>4017.139438</timestamp>
			</report>
			<report>
				<misses>10583001</misses>
				<total>16</total>
				<timestamp>4017.519017</timestamp>
			</report>
			<report>
				<misses>10584001</misses>
				<total>16</total>
				<timestamp>4017.898715</timestamp>
			</report>
			<report>
				<misses>10585001</misses>
				<total>16</total>
				<timestamp>4018.278264</timestamp>
			</report>
			<report>
				<misses>10586001</misses>
				<total>16</total>
				<timestamp>4018.657914</timestamp>
			</report>
			<report>
				<misses>10587001</misses>
				<total>16</total>
				<timestamp>4019.037505</timestamp>
			</report>
			<report>
				<misses>10588001</misses>
				<total>16</total>
				<timestamp>4019.417121</timestamp>
			</report>
			<report>
				<misses>10589001</misses>
				<total>16</total>
				<timestamp>4019.796763</timestamp>
			</report>
			<report>
				<misses>10590001</misses>
				<total>16</total>
				<timestamp>4020.176373</timestamp>
			</report>
			<report>
				<misses>10591001</misses>
				<total>16</total>
				<timestamp>4020.556000</timestamp>
			</report>
			<report>
				<misses>10592001</misses>
				<total>16</total>
				<timestamp>4020.935688</timestamp>
			</report>
			<report>
				<misses>10593001</misses>
				<total>16</total>
				<timestamp>4021.315235</timestamp>
			</report>
			<report>
				<misses>10594001</misses>
				<total>16</total>
				<timestamp>4021.694832</timestamp>
			</report>
			<report>
				<misses>10595001</misses>
				<total>16</total>
				<timestamp>4022.074452</timestamp>
			</report>
			<report>
				<misses>10596001</misses>
				<total>16</total>
				<timestamp>4022.454080</timestamp>
			</report>
			<report>
				<misses>10597001</misses>
				<total>16</total>
				<timestamp>4022.833740</timestamp>
			</report>
			<report>
				<misses>10598001</misses>
				<total>16</total>
				<timestamp>4023.213310</timestamp>
			</report>
			<report>
				<misses>10599001</misses>
				<total>16</total>
				<timestamp>4023.592943</timestamp>
			</report>
			<report>
				<misses>10600001</misses>
				<total>16</total>
				<timestamp>4023.972573</timestamp>
			</report>
			<report>
				<misses>10601001</misses>
				<total>16</total>
				<timestamp>4024.352197</timestamp>
			</report>
			<report>
				<misses>10602001</misses>
				<total>16</total>
				<timestamp>4024.731814</timestamp>
			</report>
			<report>
				<misses>10603001</misses>
				<total>16</total>
				<timestamp>4025.111445</timestamp>
			</report>
			<report>
				<misses>10604001</misses>
				<total>16</total>
				<timestamp>4025.491036</timestamp>
			</report>
			<report>
				<misses>10605001</misses>
				<total>16</total>
				<timestamp>4025.870653</timestamp>
			</report>
			<report>
				<misses>10606001</misses>
				<total>16</total>
				<timestamp>4026.250296</timestamp>
			</report>
			<report>
				<misses>10607001</misses>
				<total>16</total>
				<timestamp>4026.629906</timestamp>
			</report>
			<report>
				<misses>10608001</misses>
				<total>16</total>
				<timestamp>4027.009544</timestamp>
			</report>
			<report>
				<misses>10609001</misses>
				<total>16</total>
				<timestamp>4027.389158</timestamp>
			</report>
			<report>
				<misses>10610001</misses>
				<total>16</total>
				<timestamp>4027.768809</timestamp>
			</report>
			<report>
				<misses>10611001</misses>
				<total>16</total>
				<timestamp>4028.148389</timestamp>
			</report>
			<report>
				<misses>10612001</misses>
				<total>16</total>
				<timestamp>4028.528002</timestamp>
			</report>
			<report>
				<misses>10613001</misses>
				<total>16</total>
				<timestamp>4028.907656</timestamp>
			</report>
			<report>
				<misses>10614001</misses>
				<total>16</total>
				<timestamp>4029.287267</timestamp>
			</report>
			<report>
				<misses>10615001</misses>
				<total>16</total>
				<timestamp>4029.666856</timestamp>
			</report>
			<report>
				<misses>10616001</misses>
				<total>16</total>
				<timestamp>4030.046480</timestamp>
			</report>
			<report>
				<misses>10617001</misses>
				<total>16</total>
				<timestamp>4030.426102</timestamp>
			</report>
			<report>
				<misses>10618001</misses>
				<total>16</total>
				<timestamp>4030.805747</timestamp>
			</report>
			<report>
				<misses>10619001</misses>
				<total>16</total>
				<timestamp>4031.185335</timestamp>
			</report>
			<report>
				<misses>10620001</misses>
				<total>16</total>
				<timestamp>4031.564981</timestamp>
			</report>
			<report>
				<misses>10621001</misses>
				<total>16</total>
				<timestamp>4031.944649</timestamp>
			</report>
			<report>
				<misses>10622001</misses>
				<total>16</total>
				<timestamp>4032.324229</timestamp>
			</report>
			<report>
				<misses>10623001</misses>
				<total>16</total>
				<timestamp>4032.703821</timestamp>
			</report>
			<report>
				<misses>10624001</misses>
				<total>16</total>
				<timestamp>4033.083464</timestamp>
			</report>
			<report>
				<misses>10625001</misses>
				<total>16</total>
				<timestamp>4033.463054</timestamp>
			</report>
			<report>
				<misses>10626001</misses>
				<total>16</total>
				<timestamp>4033.842753</timestamp>
			</report>
			<report>
				<misses>10627001</misses>
				<total>16</total>
				<timestamp>4034.222288</timestamp>
			</report>
			<report>
				<misses>10628001</misses>
				<total>16</total>
				<timestamp>4034.601910</timestamp>
			</report>
			<report>
				<misses>10629001</misses>
				<total>16</total>
				<timestamp>4034.981542</timestamp>
			</report>
			<report>
				<misses>10630001</misses>
				<total>16</total>
				<timestamp>4035.361167</timestamp>
			</report>
			<report>
				<misses>10631001</misses>
				<total>16</total>
				<timestamp>4035.740768</timestamp>
			</report>
			<report>
				<misses>10632001</misses>
				<total>16</total>
				<timestamp>4036.120400</timestamp>
			</report>
			<report>
				<misses>10633001</misses>
				<total>16</total>
				<timestamp>4036.500014</timestamp>
			</report>
			<report>
				<misses>10634001</misses>
				<total>16</total>
				<timestamp>4036.879658</timestamp>
			</report>
			<report>
				<misses>10635001</misses>
				<total>16</total>
				<timestamp>4037.259264</timestamp>
			</report>
			<report>
				<misses>10636001</misses>
				<total>16</total>
				<timestamp>4037.638885</timestamp>
			</report>
			<report>
				<misses>10637001</misses>
				<total>16</total>
				<timestamp>4038.018509</timestamp>
			</report>
			<report>
				<misses>10638001</misses>
				<total>16</total>
				<timestamp>4038.398118</timestamp>
			</report>
			<report>
				<misses>10639001</misses>
				<total>16</total>
				<timestamp>4038.777749</timestamp>
			</report>
			<report>
				<misses>10640001</misses>
				<total>16</total>
				<timestamp>4039.157399</timestamp>
			</report>
			<report>
				<misses>10641001</misses>
				<total>16</total>
				<timestamp>4039.536973</timestamp>
			</report>
			<report>
				<misses>10642001</misses>
				<total>16</total>
				<timestamp>4039.916632</timestamp>
			</report>
			<report>
				<misses>10643001</misses>
				<total>16</total>
				<timestamp>4040.296261</timestamp>
			</report>
			<report>
				<misses>10644001</misses>
				<total>16</total>
				<timestamp>4040.675843</timestamp>
			</report>
			<report>
				<misses>10645001</misses>
				<total>16</total>
				<timestamp>4041.055499</timestamp>
			</report>
			<report>
				<misses>10646001</misses>
				<total>16</total>
				<timestamp>4041.435102</timestamp>
			</report>
			<report>
				<misses>10647001</misses>
				<total>16</total>
				<timestamp>4041.814723</timestamp>
			</report>
			<report>
				<misses>10648001</misses>
				<total>16</total>
				<timestamp>4042.194317</timestamp>
			</report>
			<report>
				<misses>10649001</misses>
				<total>16</total>
				<timestamp>4042.573949</timestamp>
			</report>
			<report>
				<misses>10650001</misses>
				<total>16</total>
				<timestamp>4042.953587</timestamp>
			</report>
			<report>
				<misses>10651001</misses>
				<total>16</total>
				<timestamp>4043.333198</timestamp>
			</report>
			<report>
				<misses>10652001</misses>
				<total>16</total>
				<timestamp>4043.712862</timestamp>
			</report>
			<report>
				<misses>10653001</misses>
				<total>16</total>
				<timestamp>4044.092417</timestamp>
			</report>
			<report>
				<misses>10654001</misses>
				<total>16</total>
				<timestamp>4044.472038</timestamp>
			</report>
			<report>
				<misses>10655001</misses>
				<total>16</total>
				<timestamp>4044.851686</timestamp>
			</report>
			<report>
				<misses>10656001</misses>
				<total>16</total>
				<timestamp>4045.231301</timestamp>
			</report>
			<report>
				<misses>10657001</misses>
				<total>16</total>
				<timestamp>4045.610906</timestamp>
			</report>
			<report>
				<misses>10658001</misses>
				<total>16</total>
				<timestamp>4045.990573</timestamp>
			</report>
			<report>
				<misses>10659001</misses>
				<total>16</total>
				<timestamp>4046.370150</timestamp>
			</report>
			<report>
				<misses>10660001</misses>
				<total>16</total>
				<timestamp>4046.749751</timestamp>
			</report>
			<report>
				<misses>10661001</misses>
				<total>16</total>
				<timestamp>4047.129388</timestamp>
			</report>
			<report>
				<misses>10662001</misses>
				<total>16</total>
				<timestamp>4047.509039</timestamp>
			</report>
			<report>
				<misses>10663001</misses>
				<total>16</total>
				<timestamp>4047.888644</timestamp>
			</report>
			<report>
				<misses>10664001</misses>
				<total>16</total>
				<timestamp>4048.268277</timestamp>
			</report>
			<report>
				<misses>10665001</misses>
				<total>16</total>
				<timestamp>4048.647871</timestamp>
			</report>
			<report>
				<misses>10666001</misses>
				<total>16</total>
				<timestamp>4049.027508</timestamp>
			</report>
			<report>
				<misses>10667001</misses>
				<total>16</total>
				<timestamp>4049.407104</timestamp>
			</report>
			<report>
				<misses>10668001</misses>
				<total>16</total>
				<timestamp>4049.786729</timestamp>
			</report>
			<report>
				<misses>10669001</misses>
				<total>16</total>
				<timestamp>4050.166376</timestamp>
			</report>
			<report>
				<misses>10670001</misses>
				<total>16</total>
				<timestamp>4050.545983</timestamp>
			</report>
			<report>
				<misses>10671001</misses>
				<total>16</total>
				<timestamp>4050.925589</timestamp>
			</report>
			<report>
				<misses>10672001</misses>
				<total>16</total>
				<timestamp>4051.305230</timestamp>
			</report>
			<report>
				<misses>10673001</misses>
				<total>16</total>
				<timestamp>4051.684836</timestamp>
			</report>
			<report>
				<misses>10674001</misses>
				<total>16</total>
				<timestamp>4052.064498</timestamp>
			</report>
			<report>
				<misses>10675001</misses>
				<total>16</total>
				<timestamp>4052.444073</timestamp>
			</report>
			<report>
				<misses>10676001</misses>
				<total>16</total>
				<timestamp>4052.823712</timestamp>
			</report>
			<report>
				<misses>10677001</misses>
				<total>16</total>
				<timestamp>4053.203304</timestamp>
			</report>
			<report>
				<misses>10678001</misses>
				<total>16</total>
				<timestamp>4053.582929</timestamp>
			</report>
			<report>
				<misses>10679001</misses>
				<total>16</total>
				<timestamp>4053.962540</timestamp>
			</report>
			<report>
				<misses>10680001</misses>
				<total>16</total>
				<timestamp>4054.342169</timestamp>
			</report>
			<report>
				<misses>10681001</misses>
				<total>16</total>
				<timestamp>4054.721787</timestamp>
			</report>
			<report>
				<misses>10682001</misses>
				<total>16</total>
				<timestamp>4055.101417</timestamp>
			</report>
			<report>
				<misses>10683001</misses>
				<total>16</total>
				<timestamp>4055.481028</timestamp>
			</report>
			<report>
				<misses>10684001</misses>
				<total>16</total>
				<timestamp>4055.860633</timestamp>
			</report>
			<report>
				<misses>10685001</misses>
				<total>16</total>
				<timestamp>4056.240321</timestamp>
			</report>
			<report>
				<misses>10686001</misses>
				<total>16</total>
				<timestamp>4056.619919</timestamp>
			</report>
			<report>
				<misses>10687001</misses>
				<total>16</total>
				<timestamp>4056.999519</timestamp>
			</report>
			<report>
				<misses>10688001</misses>
				<total>16</total>
				<timestamp>4057.379107</timestamp>
			</report>
			<report>
				<misses>10689001</misses>
				<total>16</total>
				<timestamp>4057.758770</timestamp>
			</report>
			<report>
				<misses>10690001</misses>
				<total>16</total>
				<timestamp>4058.138385</timestamp>
			</report>
			<report>
				<misses>10691001</misses>
				<total>16</total>
				<timestamp>4058.517979</timestamp>
			</report>
			<report>
				<misses>10692001</misses>
				<total>16</total>
				<timestamp>4058.897608</timestamp>
			</report>
			<report>
				<misses>10693001</misses>
				<total>16</total>
				<timestamp>4059.277236</timestamp>
			</report>
			<report>
				<misses>10694001</misses>
				<total>16</total>
				<timestamp>4059.656841</timestamp>
			</report>
			<report>
				<misses>10695001</misses>
				<total>16</total>
				<timestamp>4060.036468</timestamp>
			</report>
			<report>
				<misses>10696001</misses>
				<total>16</total>
				<timestamp>4060.416089</timestamp>
			</report>
			<report>
				<misses>10697001</misses>
				<total>16</total>
				<timestamp>4060.795696</timestamp>
			</report>
			<report>
				<misses>10698001</misses>
				<total>16</total>
				<timestamp>4061.175318</timestamp>
			</report>
			<report>
				<misses>10699001</misses>
				<total>16</total>
				<timestamp>4061.554938</timestamp>
			</report>
			<report>
				<misses>10700001</misses>
				<total>16</total>
				<timestamp>4061.934571</timestamp>
			</report>
			<report>
				<misses>10701001</misses>
				<total>16</total>
				<timestamp>4062.314170</timestamp>
			</report>
			<report>
				<misses>10702001</misses>
				<total>16</total>
				<timestamp>4062.693803</timestamp>
			</report>
			<report>
				<misses>10703001</misses>
				<total>16</total>
				<timestamp>4063.073436</timestamp>
			</report>
			<report>
				<misses>10704001</misses>
				<total>16</total>
				<timestamp>4063.453054</timestamp>
			</report>
			<report>
				<misses>10705001</misses>
				<total>16</total>
				<timestamp>4063.832647</timestamp>
			</report>
			<report>
				<misses>10706001</misses>
				<total>16</total>
				<timestamp>4064.212269</timestamp>
			</report>
			<report>
				<misses>10707001</misses>
				<total>16</total>
				<timestamp>4064.591938</timestamp>
			</report>
			<report>
				<misses>10708001</misses>
				<total>16</total>
				<timestamp>4064.971533</timestamp>
			</report>
			<report>
				<misses>10709001</misses>
				<total>16</total>
				<timestamp>4065.351137</timestamp>
			</report>
			<report>
				<misses>10710001</misses>
				<total>16</total>
				<timestamp>4065.730737</timestamp>
			</report>
			<report>
				<misses>10711001</misses>
				<total>16</total>
				<timestamp>4066.110405</timestamp>
			</report>
			<report>
				<misses>10712001</misses>
				<total>16</total>
				<timestamp>4066.490002</timestamp>
			</report>
			<report>
				<misses>10713001</misses>
				<total>16</total>
				<timestamp>4066.869655</timestamp>
			</report>
			<report>
				<misses>10714001</misses>
				<total>16</total>
				<timestamp>4067.249250</timestamp>
			</report>
			<report>
				<misses>10715001</misses>
				<total>16</total>
				<timestamp>4067.628860</timestamp>
			</report>
			<report>
				<misses>10716001</misses>
				<total>16</total>
				<timestamp>4068.008496</timestamp>
			</report>
			<report>
				<misses>10717001</misses>
				<total>16</total>
				<timestamp>4068.388087</timestamp>
			</report>
			<report>
				<misses>10718001</misses>
				<total>16</total>
				<timestamp>4068.767764</timestamp>
			</report>
			<report>
				<misses>10719001</misses>
				<total>16</total>
				<timestamp>4069.147377</timestamp>
			</report>
			<report>
				<misses>10720001</misses>
				<total>16</total>
				<timestamp>4069.526975</timestamp>
			</report>
			<report>
				<misses>10721001</misses>
				<total>16</total>
				<timestamp>4069.906583</timestamp>
			</report>
			<report>
				<misses>10722001</misses>
				<total>16</total>
				<timestamp>4070.286221</timestamp>
			</report>
			<report>
				<misses>10723001</misses>
				<total>16</total>
				<timestamp>4070.665816</timestamp>
			</report>
			<report>
				<misses>10724001</misses>
				<total>16</total>
				<timestamp>4071.045505</timestamp>
			</report>
			<report>
				<misses>10725001</misses>
				<total>16</total>
				<timestamp>4071.425062</timestamp>
			</report>
			<report>
				<misses>10726001</misses>
				<total>16</total>
				<timestamp>4071.804700</timestamp>
			</report>
			<report>
				<misses>10727001</misses>
				<total>16</total>
				<timestamp>4072.184320</timestamp>
			</report>
			<report>
				<misses>10728001</misses>
				<total>16</total>
				<timestamp>4072.563919</timestamp>
			</report>
			<report>
				<misses>10729001</misses>
				<total>16</total>
				<timestamp>4072.943542</timestamp>
			</report>
			<report>
				<misses>10730001</misses>
				<total>16</total>
				<timestamp>4073.323145</timestamp>
			</report>
			<report>
				<misses>10731001</misses>
				<total>16</total>
				<timestamp>4073.702789</timestamp>
			</report>
			<report>
				<misses>10732001</misses>
				<total>16</total>
				<timestamp>4074.082431</timestamp>
			</report>
			<report>
				<misses>10733001</misses>
				<total>16</total>
				<timestamp>4074.462022</timestamp>
			</report>
			<report>
				<misses>10734001</misses>
				<total>16</total>
				<timestamp>4074.841634</timestamp>
			</report>
			<report>
				<misses>10735001</misses>
				<total>16</total>
				<timestamp>4075.221302</timestamp>
			</report>
			<report>
				<misses>10736001</misses>
				<total>16</total>
				<timestamp>4075.600890</timestamp>
			</report>
			<report>
				<misses>10737001</misses>
				<total>16</total>
				<timestamp>4075.980533</timestamp>
			</report>
			<report>
				<misses>10738001</misses>
				<total>16</total>
				<timestamp>4076.360127</timestamp>
			</report>
			<report>
				<misses>10739001</misses>
				<total>16</total>
				<timestamp>4076.739795</timestamp>
			</report>
			<report>
				<misses>10740001</misses>
				<total>16</total>
				<timestamp>4077.119371</timestamp>
			</report>
			<report>
				<misses>10741001</misses>
				<total>16</total>
				<timestamp>4077.498964</timestamp>
			</report>
			<report>
				<misses>10742001</misses>
				<total>16</total>
				<timestamp>4077.878632</timestamp>
			</report>
			<report>
				<misses>10743001</misses>
				<total>16</total>
				<timestamp>4078.258287</timestamp>
			</report>
			<report>
				<misses>10744001</misses>
				<total>16</total>
				<timestamp>4078.637838</timestamp>
			</report>
			<report>
				<misses>10745001</misses>
				<total>16</total>
				<timestamp>4079.017465</timestamp>
			</report>
			<report>
				<misses>10746001</misses>
				<total>16</total>
				<timestamp>4079.397074</timestamp>
			</report>
			<report>
				<misses>10747001</misses>
				<total>16</total>
				<timestamp>4079.776708</timestamp>
			</report>
			<report>
				<misses>10748001</misses>
				<total>16</total>
				<timestamp>4080.156329</timestamp>
			</report>
			<report>
				<misses>10749001</misses>
				<total>16</total>
				<timestamp>4080.535942</timestamp>
			</report>
			<report>
				<misses>10750001</misses>
				<total>16</total>
				<timestamp>4080.915571</timestamp>
			</report>
			<report>
				<misses>10751001</misses>
				<total>16</total>
				<timestamp>4081.295171</timestamp>
			</report>
			<report>
				<misses>10752001</misses>
				<total>16</total>
				<timestamp>4081.674800</timestamp>
			</report>
			<report>
				<misses>10753001</misses>
				<total>16</total>
				<timestamp>4082.054434</timestamp>
			</report>
			<report>
				<misses>10754001</misses>
				<total>16</total>
				<timestamp>4082.434051</timestamp>
			</report>
			<report>
				<misses>10755001</misses>
				<total>16</total>
				<timestamp>4082.813710</timestamp>
			</report>
			<report>
				<misses>10756001</misses>
				<total>16</total>
				<timestamp>4083.193295</timestamp>
			</report>
			<report>
				<misses>10757001</misses>
				<total>16</total>
				<timestamp>4083.572931</timestamp>
			</report>
			<report>
				<misses>10758001</misses>
				<total>16</total>
				<timestamp>4083.952533</timestamp>
			</report>
			<report>
				<misses>10759001</misses>
				<total>16</total>
				<timestamp>4084.332140</timestamp>
			</report>
			<report>
				<misses>10760001</misses>
				<total>16</total>
				<timestamp>4084.711757</timestamp>
			</report>
			<report>
				<misses>10761001</misses>
				<total>16</total>
				<timestamp>4085.091377</timestamp>
			</report>
			<report>
				<misses>10762001</misses>
				<total>16</total>
				<timestamp>4085.471006</timestamp>
			</report>
			<report>
				<misses>10763001</misses>
				<total>16</total>
				<timestamp>4085.850628</timestamp>
			</report>
			<report>
				<misses>10764001</misses>
				<total>16</total>
				<timestamp>4086.230303</timestamp>
			</report>
			<report>
				<misses>10765001</misses>
				<total>16</total>
				<timestamp>4086.609864</timestamp>
			</report>
			<report>
				<misses>10766001</misses>
				<total>16</total>
				<timestamp>4086.989476</timestamp>
			</report>
			<report>
				<misses>10767001</misses>
				<total>16</total>
				<timestamp>4087.369134</timestamp>
			</report>
			<report>
				<misses>10768001</misses>
				<total>16</total>
				<timestamp>4087.748726</timestamp>
			</report>
			<report>
				<misses>10769001</misses>
				<total>16</total>
				<timestamp>4088.128377</timestamp>
			</report>
			<report>
				<misses>10770001</misses>
				<total>16</total>
				<timestamp>4088.507960</timestamp>
			</report>
			<report>
				<misses>10771001</misses>
				<total>16</total>
				<timestamp>4088.887623</timestamp>
			</report>
			<report>
				<misses>10772001</misses>
				<total>16</total>
				<timestamp>4089.267229</timestamp>
			</report>
			<report>
				<misses>10773001</misses>
				<total>16</total>
				<timestamp>4089.646823</timestamp>
			</report>
			<report>
				<misses>10774001</misses>
				<total>16</total>
				<timestamp>4090.026452</timestamp>
			</report>
			<report>
				<misses>10775001</misses>
				<total>16</total>
				<timestamp>4090.406062</timestamp>
			</report>
			<report>
				<misses>10776001</misses>
				<total>16</total>
				<timestamp>4090.785687</timestamp>
			</report>
			<report>
				<misses>10777001</misses>
				<total>16</total>
				<timestamp>4091.165330</timestamp>
			</report>
			<report>
				<misses>10778001</misses>
				<total>16</total>
				<timestamp>4091.544911</timestamp>
			</report>
			<report>
				<misses>10779001</misses>
				<total>16</total>
				<timestamp>4091.924540</timestamp>
			</report>
			<report>
				<misses>10780001</misses>
				<total>16</total>
				<timestamp>4092.304161</timestamp>
			</report>
			<report>
				<misses>10781001</misses>
				<total>16</total>
				<timestamp>4092.683775</timestamp>
			</report>
			<report>
				<misses>10782001</misses>
				<total>16</total>
				<timestamp>4093.063447</timestamp>
			</report>
			<report>
				<misses>10783001</misses>
				<total>16</total>
				<timestamp>4093.443035</timestamp>
			</report>
			<report>
				<misses>10784001</misses>
				<total>16</total>
				<timestamp>4093.822662</timestamp>
			</report>
			<report>
				<misses>10785001</misses>
				<total>16</total>
				<timestamp>4094.202312</timestamp>
			</report>
			<report>
				<misses>10786001</misses>
				<total>16</total>
				<timestamp>4094.581878</timestamp>
			</report>
			<report>
				<misses>10787001</misses>
				<total>16</total>
				<timestamp>4094.961502</timestamp>
			</report>
			<report>
				<misses>10788001</misses>
				<total>16</total>
				<timestamp>4095.341156</timestamp>
			</report>
			<report>
				<misses>10789001</misses>
				<total>16</total>
				<timestamp>4095.720747</timestamp>
			</report>
			<report>
				<misses>10790001</misses>
				<total>16</total>
				<timestamp>4096.100361</timestamp>
			</report>
			<report>
				<misses>10791001</misses>
				<total>16</total>
				<timestamp>4096.479982</timestamp>
			</report>
			<report>
				<misses>10792001</misses>
				<total>16</total>
				<timestamp>4096.859609</timestamp>
			</report>
			<report>
				<misses>10793001</misses>
				<total>16</total>
				<timestamp>4097.239270</timestamp>
			</report>
			<report>
				<misses>10794001</misses>
				<total>16</total>
				<timestamp>4097.618848</timestamp>
			</report>
			<report>
				<misses>10795001</misses>
				<total>16</total>
				<timestamp>4097.998458</timestamp>
			</report>
			<report>
				<misses>10796001</misses>
				<total>16</total>
				<timestamp>4098.378114</timestamp>
			</report>
			<report>
				<misses>10797001</misses>
				<total>16</total>
				<timestamp>4098.757705</timestamp>
			</report>
			<report>
				<misses>10798001</misses>
				<total>16</total>
				<timestamp>4099.137362</timestamp>
			</report>
			<report>
				<misses>10799001</misses>
				<total>16</total>
				<timestamp>4099.516954</timestamp>
			</report>
			<report>
				<misses>10800001</misses>
				<total>16</total>
				<timestamp>4099.896560</timestamp>
			</report>
			<report>
				<misses>10801001</misses>
				<total>16</total>
				<timestamp>4100.276193</timestamp>
			</report>
			<report>
				<misses>10802001</misses>
				<total>16</total>
				<timestamp>4100.655811</timestamp>
			</report>
			<report>
				<misses>10803001</misses>
				<total>16</total>
				<timestamp>4101.035441</timestamp>
			</report>
			<report>
				<misses>10804001</misses>
				<total>16</total>
				<timestamp>4101.415044</timestamp>
			</report>
			<report>
				<misses>10805001</misses>
				<total>16</total>
				<timestamp>4101.794676</timestamp>
			</report>
			<report>
				<misses>10806001</misses>
				<total>16</total>
				<timestamp>4102.174294</timestamp>
			</report>
			<report>
				<misses>10807001</misses>
				<total>16</total>
				<timestamp>4102.553930</timestamp>
			</report>
			<report>
				<misses>10808001</misses>
				<total>16</total>
				<timestamp>4102.933514</timestamp>
			</report>
			<report>
				<misses>10809001</misses>
				<total>16</total>
				<timestamp>4103.313172</timestamp>
			</report>
			<report>
				<misses>10810001</misses>
				<total>16</total>
				<timestamp>4103.692781</timestamp>
			</report>
			<report>
				<misses>10811001</misses>
				<total>16</total>
				<timestamp>4104.072391</timestamp>
			</report>
			<report>
				<misses>10812001</misses>
				<total>16</total>
				<timestamp>4104.451993</timestamp>
			</report>
			<report>
				<misses>10813001</misses>
				<total>16</total>
				<timestamp>4104.831633</timestamp>
			</report>
			<report>
				<misses>10814001</misses>
				<total>16</total>
				<timestamp>4105.211277</timestamp>
			</report>
			<report>
				<misses>10815001</misses>
				<total>16</total>
				<timestamp>4105.590874</timestamp>
			</report>
			<report>
				<misses>10816001</misses>
				<total>16</total>
				<timestamp>4105.970484</timestamp>
			</report>
			<report>
				<misses>10817001</misses>
				<total>16</total>
				<timestamp>4106.350113</timestamp>
			</report>
			<report>
				<misses>10818001</misses>
				<total>16</total>
				<timestamp>4106.729726</timestamp>
			</report>
			<report>
				<misses>10819001</misses>
				<total>16</total>
				<timestamp>4107.109354</timestamp>
			</report>
			<report>
				<misses>10820001</misses>
				<total>16</total>
				<timestamp>4107.488963</timestamp>
			</report>
			<report>
				<misses>10821001</misses>
				<total>16</total>
				<timestamp>4107.868592</timestamp>
			</report>
			<report>
				<misses>10822001</misses>
				<total>16</total>
				<timestamp>4108.248205</timestamp>
			</report>
			<report>
				<misses>10823001</misses>
				<total>16</total>
				<timestamp>4108.627819</timestamp>
			</report>
			<report>
				<misses>10824001</misses>
				<total>16</total>
				<timestamp>4109.007463</timestamp>
			</report>
			<report>
				<misses>10825001</misses>
				<total>16</total>
				<timestamp>4109.387085</timestamp>
			</report>
			<report>
				<misses>10826001</misses>
				<total>16</total>
				<timestamp>4109.766702</timestamp>
			</report>
			<report>
				<misses>10827001</misses>
				<total>16</total>
				<timestamp>4110.146344</timestamp>
			</report>
			<report>
				<misses>10828001</misses>
				<total>16</total>
				<timestamp>4110.525909</timestamp>
			</report>
			<report>
				<misses>10829001</misses>
				<total>16</total>
				<timestamp>4110.905546</timestamp>
			</report>
			<report>
				<misses>10830001</misses>
				<total>16</total>
				<timestamp>4111.285238</timestamp>
			</report>
			<report>
				<misses>10831001</misses>
				<total>16</total>
				<timestamp>4111.664788</timestamp>
			</report>
			<report>
				<misses>10832001</misses>
				<total>16</total>
				<timestamp>4112.044415</timestamp>
			</report>
			<report>
				<misses>10833001</misses>
				<total>16</total>
				<timestamp>4112.424078</timestamp>
			</report>
			<report>
				<misses>10834001</misses>
				<total>16</total>
				<timestamp>4112.803639</timestamp>
			</report>
			<report>
				<misses>10835001</misses>
				<total>16</total>
				<timestamp>4113.183270</timestamp>
			</report>
			<report>
				<misses>10836001</misses>
				<total>16</total>
				<timestamp>4113.562886</timestamp>
			</report>
			<report>
				<misses>10837001</misses>
				<total>16</total>
				<timestamp>4113.942516</timestamp>
			</report>
			<report>
				<misses>10838001</misses>
				<total>16</total>
				<timestamp>4114.322123</timestamp>
			</report>
			<report>
				<misses>10839001</misses>
				<total>16</total>
				<timestamp>4114.701739</timestamp>
			</report>
			<report>
				<misses>10840001</misses>
				<total>16</total>
				<timestamp>4115.081354</timestamp>
			</report>
			<report>
				<misses>10841001</misses>
				<total>16</total>
				<timestamp>4115.460974</timestamp>
			</report>
			<report>
				<misses>10842001</misses>
				<total>16</total>
				<timestamp>4115.840618</timestamp>
			</report>
			<report>
				<misses>10843001</misses>
				<total>16</total>
				<timestamp>4116.220241</timestamp>
			</report>
			<report>
				<misses>10844001</misses>
				<total>16</total>
				<timestamp>4116.599847</timestamp>
			</report>
			<report>
				<misses>10845001</misses>
				<total>16</total>
				<timestamp>4116.979482</timestamp>
			</report>
			<report>
				<misses>10846001</misses>
				<total>16</total>
				<timestamp>4117.359105</timestamp>
			</report>
			<report>
				<misses>10847001</misses>
				<total>16</total>
				<timestamp>4117.738700</timestamp>
			</report>
			<report>
				<misses>10848001</misses>
				<total>16</total>
				<timestamp>4118.118353</timestamp>
			</report>
			<report>
				<misses>10849001</misses>
				<total>16</total>
				<timestamp>4118.497940</timestamp>
			</report>
			<report>
				<misses>10850001</misses>
				<total>16</total>
				<timestamp>4118.877555</timestamp>
			</report>
			<report>
				<misses>10851001</misses>
				<total>16</total>
				<timestamp>4119.257222</timestamp>
			</report>
			<report>
				<misses>10852001</misses>
				<total>16</total>
				<timestamp>4119.636795</timestamp>
			</report>
			<report>
				<misses>10853001</misses>
				<total>16</total>
				<timestamp>4120.016416</timestamp>
			</report>
			<report>
				<misses>10854001</misses>
				<total>16</total>
				<timestamp>4120.396072</timestamp>
			</report>
			<report>
				<misses>10855001</misses>
				<total>16</total>
				<timestamp>4120.775660</timestamp>
			</report>
			<report>
				<misses>10856001</misses>
				<total>16</total>
				<timestamp>4121.155288</timestamp>
			</report>
			<report>
				<misses>10857001</misses>
				<total>16</total>
				<timestamp>4121.534914</timestamp>
			</report>
			<report>
				<misses>10858001</misses>
				<total>16</total>
				<timestamp>4121.914526</timestamp>
			</report>
			<report>
				<misses>10859001</misses>
				<total>16</total>
				<timestamp>4122.294196</timestamp>
			</report>
			<report>
				<misses>10860001</misses>
				<total>16</total>
				<timestamp>4122.673763</timestamp>
			</report>
			<report>
				<misses>10861001</misses>
				<total>16</total>
				<timestamp>4123.053379</timestamp>
			</report>
			<report>
				<misses>10862001</misses>
				<total>16</total>
				<timestamp>4123.433031</timestamp>
			</report>
			<report>
				<misses>10863001</misses>
				<total>16</total>
				<timestamp>4123.812632</timestamp>
			</report>
			<report>
				<misses>10864001</misses>
				<total>16</total>
				<timestamp>4124.192244</timestamp>
			</report>
			<report>
				<misses>10865001</misses>
				<total>16</total>
				<timestamp>4124.571857</timestamp>
			</report>
			<report>
				<misses>10866001</misses>
				<total>16</total>
				<timestamp>4124.951506</timestamp>
			</report>
			<report>
				<misses>10867001</misses>
				<total>16</total>
				<timestamp>4125.331170</timestamp>
			</report>
			<report>
				<misses>10868001</misses>
				<total>16</total>
				<timestamp>4125.710719</timestamp>
			</report>
			<report>
				<misses>10869001</misses>
				<total>16</total>
				<timestamp>4126.090332</timestamp>
			</report>
			<report>
				<misses>10870001</misses>
				<total>16</total>
				<timestamp>4126.470004</timestamp>
			</report>
			<report>
				<misses>10871001</misses>
				<total>17</total>
				<timestamp>4126.849608</timestamp>
			</report>
			<report>
				<misses>10872001</misses>
				<total>17</total>
				<timestamp>4127.229211</timestamp>
			</report>
			<report>
				<misses>10873001</misses>
				<total>17</total>
				<timestamp>4127.608822</timestamp>
			</report>
			<report>
				<misses>10874001</misses>
				<total>17</total>
				<timestamp>4127.988434</timestamp>
			</report>
			<report>
				<misses>10875001</misses>
				<total>17</total>
				<timestamp>4128.368074</timestamp>
			</report>
			<report>
				<misses>10876001</misses>
				<total>17</total>
				<timestamp>4128.747698</timestamp>
			</report>
			<report>
				<misses>10877001</misses>
				<total>17</total>
				<timestamp>4129.127315</timestamp>
			</report>
			<report>
				<misses>10878001</misses>
				<total>17</total>
				<timestamp>4129.506967</timestamp>
			</report>
			<report>
				<misses>10879001</misses>
				<total>17</total>
				<timestamp>4129.886554</timestamp>
			</report>
			<report>
				<misses>10880001</misses>
				<total>17</total>
				<timestamp>4130.266180</timestamp>
			</report>
			<report>
				<misses>10881001</misses>
				<total>17</total>
				<timestamp>4130.645781</timestamp>
			</report>
			<report>
				<misses>10882001</misses>
				<total>17</total>
				<timestamp>4131.025403</timestamp>
			</report>
			<report>
				<misses>10883001</misses>
				<total>17</total>
				<timestamp>4131.405022</timestamp>
			</report>
			<report>
				<misses>10884001</misses>
				<total>17</total>
				<timestamp>4131.784653</timestamp>
			</report>
			<report>
				<misses>10885001</misses>
				<total>17</total>
				<timestamp>4132.164303</timestamp>
			</report>
			<report>
				<misses>10886001</misses>
				<total>17</total>
				<timestamp>4132.543871</timestamp>
			</report>
			<report>
				<misses>10887001</misses>
				<total>17</total>
				<timestamp>4132.923517</timestamp>
			</report>
			<report>
				<misses>10888001</misses>
				<total>17</total>
				<timestamp>4133.303169</timestamp>
			</report>
			<report>
				<misses>10889001</misses>
				<total>17</total>
				<timestamp>4133.682746</timestamp>
			</report>
			<report>
				<misses>10890001</misses>
				<total>17</total>
				<timestamp>4134.062368</timestamp>
			</report>
			<report>
				<misses>10891001</misses>
				<total>17</total>
				<timestamp>4134.441996</timestamp>
			</report>
			<report>
				<misses>10892001</misses>
				<total>17</total>
				<timestamp>4134.821600</timestamp>
			</report>
			<report>
				<misses>10893001</misses>
				<total>17</total>
				<timestamp>4135.201227</timestamp>
			</report>
			<report>
				<misses>10894001</misses>
				<total>17</total>
				<timestamp>4135.580838</timestamp>
			</report>
			<report>
				<misses>10895001</misses>
				<total>17</total>
				<timestamp>4135.960479</timestamp>
			</report>
			<report>
				<misses>10896001</misses>
				<total>17</total>
				<timestamp>4136.340117</timestamp>
			</report>
			<report>
				<misses>10897001</misses>
				<total>17</total>
				<timestamp>4136.719699</timestamp>
			</report>
			<report>
				<misses>10898001</misses>
				<total>17</total>
				<timestamp>4137.099358</timestamp>
			</report>
			<report>
				<misses>10899001</misses>
				<total>17</total>
				<timestamp>4137.478943</timestamp>
			</report>
			<report>
				<misses>10900001</misses>
				<total>17</total>
				<timestamp>4137.858560</timestamp>
			</report>
			<report>
				<misses>10901001</misses>
				<total>17</total>
				<timestamp>4138.238185</timestamp>
			</report>
			<report>
				<misses>10902001</misses>
				<total>17</total>
				<timestamp>4138.617793</timestamp>
			</report>
			<report>
				<misses>10903001</misses>
				<total>17</total>
				<timestamp>4138.997414</timestamp>
			</report>
			<report>
				<misses>10904001</misses>
				<total>17</total>
				<timestamp>4139.377067</timestamp>
			</report>
			<report>
				<misses>10905001</misses>
				<total>17</total>
				<timestamp>4139.756683</timestamp>
			</report>
			<report>
				<misses>10906001</misses>
				<total>17</total>
				<timestamp>4140.136297</timestamp>
			</report>
			<report>
				<misses>10907001</misses>
				<total>17</total>
				<timestamp>4140.515922</timestamp>
			</report>
			<report>
				<misses>10908001</misses>
				<total>17</total>
				<timestamp>4140.895533</timestamp>
			</report>
			<report>
				<misses>10909001</misses>
				<total>17</total>
				<timestamp>4141.275143</timestamp>
			</report>
			<report>
				<misses>10910001</misses>
				<total>17</total>
				<timestamp>4141.654768</timestamp>
			</report>
			<report>
				<misses>10911001</misses>
				<total>17</total>
				<timestamp>4142.034381</timestamp>
			</report>
			<report>
				<misses>10912001</misses>
				<total>17</total>
				<timestamp>4142.414106</timestamp>
			</report>
			<report>
				<misses>10913001</misses>
				<total>17</total>
				<timestamp>4142.793624</timestamp>
			</report>
			<report>
				<misses>10914001</misses>
				<total>17</total>
				<timestamp>4143.173273</timestamp>
			</report>
			<report>
				<misses>10915001</misses>
				<total>17</total>
				<timestamp>4143.552899</timestamp>
			</report>
			<report>
				<misses>10916001</misses>
				<total>17</total>
				<timestamp>4143.932486</timestamp>
			</report>
			<report>
				<misses>10917001</misses>
				<total>17</total>
				<timestamp>4144.312117</timestamp>
			</report>
			<report>
				<misses>10918001</misses>
				<total>17</total>
				<timestamp>4144.691722</timestamp>
			</report>
			<report>
				<misses>10919001</misses>
				<total>17</total>
				<timestamp>4145.071360</timestamp>
			</report>
			<report>
				<misses>10920001</misses>
				<total>17</total>
				<timestamp>4145.450989</timestamp>
			</report>
			<report>
				<misses>10921001</misses>
				<total>17</total>
				<timestamp>4145.830600</timestamp>
			</report>
			<report>
				<misses>10922001</misses>
				<total>17</total>
				<timestamp>4146.210223</timestamp>
			</report>
			<report>
				<misses>10923001</misses>
				<total>17</total>
				<timestamp>4146.589832</timestamp>
			</report>
			<report>
				<misses>10924001</misses>
				<total>17</total>
				<timestamp>4146.969464</timestamp>
			</report>
			<report>
				<misses>10925001</misses>
				<total>17</total>
				<timestamp>4147.349102</timestamp>
			</report>
			<report>
				<misses>10926001</misses>
				<total>17</total>
				<timestamp>4147.728677</timestamp>
			</report>
			<report>
				<misses>10927001</misses>
				<total>17</total>
				<timestamp>4148.108333</timestamp>
			</report>
			<report>
				<misses>10928001</misses>
				<total>17</total>
				<timestamp>4148.487936</timestamp>
			</report>
			<report>
				<misses>10929001</misses>
				<total>17</total>
				<timestamp>4148.867553</timestamp>
			</report>
			<report>
				<misses>10930001</misses>
				<total>17</total>
				<timestamp>4149.247162</timestamp>
			</report>
			<report>
				<misses>10931001</misses>
				<total>17</total>
				<timestamp>4149.626787</timestamp>
			</report>
			<report>
				<misses>10932001</misses>
				<total>17</total>
				<timestamp>4150.006432</timestamp>
			</report>
			<report>
				<misses>10933001</misses>
				<total>17</total>
				<timestamp>4150.386046</timestamp>
			</report>
			<report>
				<misses>10934001</misses>
				<total>17</total>
				<timestamp>4150.765656</timestamp>
			</report>
			<report>
				<misses>10935001</misses>
				<total>17</total>
				<timestamp>4151.145297</timestamp>
			</report>
			<report>
				<misses>10936001</misses>
				<total>17</total>
				<timestamp>4151.524895</timestamp>
			</report>
			<report>
				<misses>10937001</misses>
				<total>17</total>
				<timestamp>4151.904535</timestamp>
			</report>
			<report>
				<misses>10938001</misses>
				<total>17</total>
				<timestamp>4152.284122</timestamp>
			</report>
			<report>
				<misses>10939001</misses>
				<total>17</total>
				<timestamp>4152.663740</timestamp>
			</report>
			<report>
				<misses>10940001</misses>
				<total>17</total>
				<timestamp>4153.043378</timestamp>
			</report>
			<report>
				<misses>10941001</misses>
				<total>17</total>
				<timestamp>4153.423013</timestamp>
			</report>
			<report>
				<misses>10942001</misses>
				<total>17</total>
				<timestamp>4153.802633</timestamp>
			</report>
			<report>
				<misses>10943001</misses>
				<total>17</total>
				<timestamp>4154.182243</timestamp>
			</report>
			<report>
				<misses>10944001</misses>
				<total>17</total>
				<timestamp>4154.561915</timestamp>
			</report>
			<report>
				<misses>10945001</misses>
				<total>17</total>
				<timestamp>4154.941452</timestamp>
			</report>
			<report>
				<misses>10946001</misses>
				<total>17</total>
				<timestamp>4155.321082</timestamp>
			</report>
			<report>
				<misses>10947001</misses>
				<total>17</total>
				<timestamp>4155.700696</timestamp>
			</report>
			<report>
				<misses>10948001</misses>
				<total>17</total>
				<timestamp>4156.080331</timestamp>
			</report>
			<report>
				<misses>10949001</misses>
				<total>17</total>
				<timestamp>4156.459960</timestamp>
			</report>
			<report>
				<misses>10950001</misses>
				<total>17</total>
				<timestamp>4156.839573</timestamp>
			</report>
			<report>
				<misses>10951001</misses>
				<total>17</total>
				<timestamp>4157.219226</timestamp>
			</report>
			<report>
				<misses>10952001</misses>
				<total>17</total>
				<timestamp>4157.598855</timestamp>
			</report>
			<report>
				<misses>10953001</misses>
				<total>17</total>
				<timestamp>4157.978449</timestamp>
			</report>
			<report>
				<misses>10954001</misses>
				<total>17</total>
				<timestamp>4158.358068</timestamp>
			</report>
			<report>
				<misses>10955001</misses>
				<total>17</total>
				<timestamp>4158.737668</timestamp>
			</report>
			<report>
				<misses>10956001</misses>
				<total>17</total>
				<timestamp>4159.117293</timestamp>
			</report>
			<report>
				<misses>10957001</misses>
				<total>17</total>
				<timestamp>4159.496907</timestamp>
			</report>
			<report>
				<misses>10958001</misses>
				<total>17</total>
				<timestamp>4159.876510</timestamp>
			</report>
			<report>
				<misses>10959001</misses>
				<total>17</total>
				<timestamp>4160.256187</timestamp>
			</report>
			<report>
				<misses>10960001</misses>
				<total>17</total>
				<timestamp>4160.635802</timestamp>
			</report>
			<report>
				<misses>10961001</misses>
				<total>17</total>
				<timestamp>4161.015377</timestamp>
			</report>
			<report>
				<misses>10962001</misses>
				<total>17</total>
				<timestamp>4161.395042</timestamp>
			</report>
			<report>
				<misses>10963001</misses>
				<total>17</total>
				<timestamp>4161.774651</timestamp>
			</report>
			<report>
				<misses>10964001</misses>
				<total>17</total>
				<timestamp>4162.154279</timestamp>
			</report>
			<report>
				<misses>10965001</misses>
				<total>17</total>
				<timestamp>4162.533891</timestamp>
			</report>
			<report>
				<misses>10966001</misses>
				<total>17</total>
				<timestamp>4162.913477</timestamp>
			</report>
			<report>
				<misses>10967001</misses>
				<total>17</total>
				<timestamp>4163.293094</timestamp>
			</report>
			<report>
				<misses>10968001</misses>
				<total>17</total>
				<timestamp>4163.672745</timestamp>
			</report>
			<report>
				<misses>10969001</misses>
				<total>17</total>
				<timestamp>4164.052351</timestamp>
			</report>
			<report>
				<misses>10970001</misses>
				<total>17</total>
				<timestamp>4164.431997</timestamp>
			</report>
			<report>
				<misses>10971001</misses>
				<total>17</total>
				<timestamp>4164.811577</timestamp>
			</report>
			<report>
				<misses>10972001</misses>
				<total>17</total>
				<timestamp>4165.191225</timestamp>
			</report>
			<report>
				<misses>10973001</misses>
				<total>17</total>
				<timestamp>4165.570836</timestamp>
			</report>
			<report>
				<misses>10974001</misses>
				<total>17</total>
				<timestamp>4165.950453</timestamp>
			</report>
			<report>
				<misses>10975001</misses>
				<total>17</total>
				<timestamp>4166.330056</timestamp>
			</report>
			<report>
				<misses>10976001</misses>
				<total>17</total>
				<timestamp>4166.709722</timestamp>
			</report>
			<report>
				<misses>10977001</misses>
				<total>17</total>
				<timestamp>4167.089304</timestamp>
			</report>
			<report>
				<misses>10978001</misses>
				<total>17</total>
				<timestamp>4167.468942</timestamp>
			</report>
			<report>
				<misses>10979001</misses>
				<total>17</total>
				<timestamp>4167.848545</timestamp>
			</report>
			<report>
				<misses>10980001</misses>
				<total>17</total>
				<timestamp>4168.228159</timestamp>
			</report>
			<report>
				<misses>10981001</misses>
				<total>17</total>
				<timestamp>4168.607792</timestamp>
			</report>
			<report>
				<misses>10982001</misses>
				<total>17</total>
				<timestamp>4168.987404</timestamp>
			</report>
			<report>
				<misses>10983001</misses>
				<total>17</total>
				<timestamp>4169.367019</timestamp>
			</report>
			<report>
				<misses>10984001</misses>
				<total>17</total>
				<timestamp>4169.746654</timestamp>
			</report>
			<report>
				<misses>10985001</misses>
				<total>17</total>
				<timestamp>4170.126295</timestamp>
			</report>
			<report>
				<misses>10986001</misses>
				<total>17</total>
				<timestamp>4170.505910</timestamp>
			</report>
			<report>
				<misses>10987001</misses>
				<total>17</total>
				<timestamp>4170.885494</timestamp>
			</report>
			<report>
				<misses>10988001</misses>
				<total>17</total>
				<timestamp>4171.265177</timestamp>
			</report>
			<report>
				<misses>10989001</misses>
				<total>17</total>
				<timestamp>4171.644789</timestamp>
			</report>
			<report>
				<misses>10990001</misses>
				<total>17</total>
				<timestamp>4172.024372</timestamp>
			</report>
			<report>
				<misses>10991001</misses>
				<total>17</total>
				<timestamp>4172.403978</timestamp>
			</report>
			<report>
				<misses>10992001</misses>
				<total>17</total>
				<timestamp>4172.783613</timestamp>
			</report>
			<report>
				<misses>10993001</misses>
				<total>17</total>
				<timestamp>4173.163252</timestamp>
			</report>
			<report>
				<misses>10994001</misses>
				<total>17</total>
				<timestamp>4173.542906</timestamp>
			</report>
			<report>
				<misses>10995001</misses>
				<total>17</total>
				<timestamp>4173.922474</timestamp>
			</report>
			<report>
				<misses>10996001</misses>
				<total>17</total>
				<timestamp>4174.302092</timestamp>
			</report>
			<report>
				<misses>10997001</misses>
				<total>17</total>
				<timestamp>4174.681757</timestamp>
			</report>
			<report>
				<misses>10998001</misses>
				<total>17</total>
				<timestamp>4175.061306</timestamp>
			</report>
			<report>
				<misses>10999001</misses>
				<total>17</total>
				<timestamp>4175.440959</timestamp>
			</report>
			<report>
				<misses>11000001</misses>
				<total>17</total>
				<timestamp>4175.820562</timestamp>
			</report>
			<report>
				<misses>11001001</misses>
				<total>17</total>
				<timestamp>4176.200189</timestamp>
			</report>
			<report>
				<misses>11002001</misses>
				<total>17</total>
				<timestamp>4176.579870</timestamp>
			</report>
			<report>
				<misses>11003001</misses>
				<total>17</total>
				<timestamp>4176.959427</timestamp>
			</report>
			<report>
				<misses>11004001</misses>
				<total>17</total>
				<timestamp>4177.339048</timestamp>
			</report>
			<report>
				<misses>11005001</misses>
				<total>17</total>
				<timestamp>4177.718764</timestamp>
			</report>
			<report>
				<misses>11006001</misses>
				<total>17</total>
				<timestamp>4178.098287</timestamp>
			</report>
			<report>
				<misses>11007001</misses>
				<total>17</total>
				<timestamp>4178.477936</timestamp>
			</report>
			<report>
				<misses>11008001</misses>
				<total>17</total>
				<timestamp>4178.857521</timestamp>
			</report>
			<report>
				<misses>11009001</misses>
				<total>17</total>
				<timestamp>4179.237171</timestamp>
			</report>
			<report>
				<misses>11010001</misses>
				<total>17</total>
				<timestamp>4179.616764</timestamp>
			</report>
			<report>
				<misses>11011001</misses>
				<total>17</total>
				<timestamp>4179.996379</timestamp>
			</report>
			<report>
				<misses>11012001</misses>
				<total>17</total>
				<timestamp>4180.376007</timestamp>
			</report>
			<report>
				<misses>11013001</misses>
				<total>17</total>
				<timestamp>4180.755633</timestamp>
			</report>
			<report>
				<misses>11014001</misses>
				<total>17</total>
				<timestamp>4181.135281</timestamp>
			</report>
			<report>
				<misses>11015001</misses>
				<total>17</total>
				<timestamp>4181.514866</timestamp>
			</report>
			<report>
				<misses>11016001</misses>
				<total>17</total>
				<timestamp>4181.894497</timestamp>
			</report>
			<report>
				<misses>11017001</misses>
				<total>17</total>
				<timestamp>4182.274105</timestamp>
			</report>
			<report>
				<misses>11018001</misses>
				<total>17</total>
				<timestamp>4182.653786</timestamp>
			</report>
			<report>
				<misses>11019001</misses>
				<total>17</total>
				<timestamp>4183.033352</timestamp>
			</report>
			<report>
				<misses>11020001</misses>
				<total>17</total>
				<timestamp>4183.412956</timestamp>
			</report>
			<report>
				<misses>11021001</misses>
				<total>17</total>
				<timestamp>4183.792618</timestamp>
			</report>
			<report>
				<misses>11022001</misses>
				<total>17</total>
				<timestamp>4184.172201</timestamp>
			</report>
			<report>
				<misses>11023001</misses>
				<total>17</total>
				<timestamp>4184.551841</timestamp>
			</report>
			<report>
				<misses>11024001</misses>
				<total>17</total>
				<timestamp>4184.931498</timestamp>
			</report>
			<report>
				<misses>11025001</misses>
				<total>17</total>
				<timestamp>4185.311070</timestamp>
			</report>
			<report>
				<misses>11026001</misses>
				<total>17</total>
				<timestamp>4185.690703</timestamp>
			</report>
			<report>
				<misses>11027001</misses>
				<total>17</total>
				<timestamp>4186.070303</timestamp>
			</report>
			<report>
				<misses>11028001</misses>
				<total>17</total>
				<timestamp>4186.449960</timestamp>
			</report>
			<report>
				<misses>11029001</misses>
				<total>17</total>
				<timestamp>4186.829543</timestamp>
			</report>
			<report>
				<misses>11030001</misses>
				<total>17</total>
				<timestamp>4187.209170</timestamp>
			</report>
			<report>
				<misses>11031001</misses>
				<total>17</total>
				<timestamp>4187.588796</timestamp>
			</report>
			<report>
				<misses>11032001</misses>
				<total>17</total>
				<timestamp>4187.968421</timestamp>
			</report>
			<report>
				<misses>11033001</misses>
				<total>17</total>
				<timestamp>4188.348030</timestamp>
			</report>
			<report>
				<misses>11034001</misses>
				<total>17</total>
				<timestamp>4188.727662</timestamp>
			</report>
			<report>
				<misses>11035001</misses>
				<total>17</total>
				<timestamp>4189.107294</timestamp>
			</report>
			<report>
				<misses>11036001</misses>
				<total>17</total>
				<timestamp>4189.486883</timestamp>
			</report>
			<report>
				<misses>11037001</misses>
				<total>17</total>
				<timestamp>4189.866508</timestamp>
			</report>
			<report>
				<misses>11038001</misses>
				<total>17</total>
				<timestamp>4190.246121</timestamp>
			</report>
			<report>
				<misses>11039001</misses>
				<total>17</total>
				<timestamp>4190.625795</timestamp>
			</report>
			<report>
				<misses>11040001</misses>
				<total>17</total>
				<timestamp>4191.005412</timestamp>
			</report>
			<report>
				<misses>11041001</misses>
				<total>17</total>
				<timestamp>4191.384984</timestamp>
			</report>
			<report>
				<misses>11042001</misses>
				<total>17</total>
				<timestamp>4191.764629</timestamp>
			</report>
			<report>
				<misses>11043001</misses>
				<total>17</total>
				<timestamp>4192.144261</timestamp>
			</report>
			<report>
				<misses>11044001</misses>
				<total>17</total>
				<timestamp>4192.523867</timestamp>
			</report>
			<report>
				<misses>11045001</misses>
				<total>17</total>
				<timestamp>4192.903462</timestamp>
			</report>
			<report>
				<misses>11046001</misses>
				<total>17</total>
				<timestamp>4193.283090</timestamp>
			</report>
			<report>
				<misses>11047001</misses>
				<total>17</total>
				<timestamp>4193.662785</timestamp>
			</report>
			<report>
				<misses>11048001</misses>
				<total>17</total>
				<timestamp>4194.042332</timestamp>
			</report>
			<report>
				<misses>11049001</misses>
				<total>17</total>
				<timestamp>4194.421945</timestamp>
			</report>
			<report>
				<misses>11050001</misses>
				<total>17</total>
				<timestamp>4194.801579</timestamp>
			</report>
			<report>
				<misses>11051001</misses>
				<total>17</total>
				<timestamp>4195.181227</timestamp>
			</report>
			<report>
				<misses>11052001</misses>
				<total>17</total>
				<timestamp>4195.560834</timestamp>
			</report>
			<report>
				<misses>11053001</misses>
				<total>17</total>
				<timestamp>4195.940420</timestamp>
			</report>
			<report>
				<misses>11054001</misses>
				<total>17</total>
				<timestamp>4196.320041</timestamp>
			</report>
			<report>
				<misses>11055001</misses>
				<total>17</total>
				<timestamp>4196.699663</timestamp>
			</report>
			<report>
				<misses>11056001</misses>
				<total>17</total>
				<timestamp>4197.079297</timestamp>
			</report>
			<report>
				<misses>11057001</misses>
				<total>17</total>
				<timestamp>4197.458902</timestamp>
			</report>
			<report>
				<misses>11058001</misses>
				<total>17</total>
				<timestamp>4197.838529</timestamp>
			</report>
			<report>
				<misses>11059001</misses>
				<total>17</total>
				<timestamp>4198.218173</timestamp>
			</report>
			<report>
				<misses>11060001</misses>
				<total>17</total>
				<timestamp>4198.597782</timestamp>
			</report>
			<report>
				<misses>11061001</misses>
				<total>17</total>
				<timestamp>4198.977403</timestamp>
			</report>
			<report>
				<misses>11062001</misses>
				<total>17</total>
				<timestamp>4199.357004</timestamp>
			</report>
			<report>
				<misses>11063001</misses>
				<total>17</total>
				<timestamp>4199.736648</timestamp>
			</report>
			<report>
				<misses>11064001</misses>
				<total>17</total>
				<timestamp>4200.116265</timestamp>
			</report>
			<report>
				<misses>11065001</misses>
				<total>17</total>
				<timestamp>4200.495862</timestamp>
			</report>
			<report>
				<misses>11066001</misses>
				<total>17</total>
				<timestamp>4200.875489</timestamp>
			</report>
			<report>
				<misses>11067001</misses>
				<total>17</total>
				<timestamp>4201.255114</timestamp>
			</report>
			<report>
				<misses>11068001</misses>
				<total>17</total>
				<timestamp>4201.634788</timestamp>
			</report>
			<report>
				<misses>11069001</misses>
				<total>17</total>
				<timestamp>4202.014374</timestamp>
			</report>
			<report>
				<misses>11070001</misses>
				<total>17</total>
				<timestamp>4202.393987</timestamp>
			</report>
			<report>
				<misses>11071001</misses>
				<total>17</total>
				<timestamp>4202.773652</timestamp>
			</report>
			<report>
				<misses>11072001</misses>
				<total>17</total>
				<timestamp>4203.153212</timestamp>
			</report>
			<report>
				<misses>11073001</misses>
				<total>17</total>
				<timestamp>4203.532833</timestamp>
			</report>
			<report>
				<misses>11074001</misses>
				<total>17</total>
				<timestamp>4203.912489</timestamp>
			</report>
			<report>
				<misses>11075001</misses>
				<total>17</total>
				<timestamp>4204.292056</timestamp>
			</report>
			<report>
				<misses>11076001</misses>
				<total>17</total>
				<timestamp>4204.671686</timestamp>
			</report>
			<report>
				<misses>11077001</misses>
				<total>17</total>
				<timestamp>4205.051322</timestamp>
			</report>
			<report>
				<misses>11078001</misses>
				<total>17</total>
				<timestamp>4205.430930</timestamp>
			</report>
			<report>
				<misses>11079001</misses>
				<total>17</total>
				<timestamp>4205.810564</timestamp>
			</report>
			<report>
				<misses>11080001</misses>
				<total>17</total>
				<timestamp>4206.190147</timestamp>
			</report>
			<report>
				<misses>11081001</misses>
				<total>17</total>
				<timestamp>4206.569801</timestamp>
			</report>
			<report>
				<misses>11082001</misses>
				<total>17</total>
				<timestamp>4206.949399</timestamp>
			</report>
			<report>
				<misses>11083001</misses>
				<total>17</total>
				<timestamp>4207.329037</timestamp>
			</report>
			<report>
				<misses>11084001</misses>
				<total>17</total>
				<timestamp>4207.708660</timestamp>
			</report>
			<report>
				<misses>11085001</misses>
				<total>17</total>
				<timestamp>4208.088260</timestamp>
			</report>
			<report>
				<misses>11086001</misses>
				<total>17</total>
				<timestamp>4208.467870</timestamp>
			</report>
			<report>
				<misses>11087001</misses>
				<total>17</total>
				<timestamp>4208.847516</timestamp>
			</report>
			<report>
				<misses>11088001</misses>
				<total>17</total>
				<timestamp>4209.227126</timestamp>
			</report>
			<report>
				<misses>11089001</misses>
				<total>17</total>
				<timestamp>4209.606788</timestamp>
			</report>
			<report>
				<misses>11090001</misses>
				<total>17</total>
				<timestamp>4209.986391</timestamp>
			</report>
			<report>
				<misses>11091001</misses>
				<total>17</total>
				<timestamp>4210.365992</timestamp>
			</report>
			<report>
				<misses>11092001</misses>
				<total>17</total>
				<timestamp>4210.745659</timestamp>
			</report>
			<report>
				<misses>11093001</misses>
				<total>17</total>
				<timestamp>4211.125225</timestamp>
			</report>
			<report>
				<misses>11094001</misses>
				<total>17</total>
				<timestamp>4211.504849</timestamp>
			</report>
			<report>
				<misses>11095001</misses>
				<total>17</total>
				<timestamp>4211.884501</timestamp>
			</report>
			<report>
				<misses>11096001</misses>
				<total>17</total>
				<timestamp>4212.264127</timestamp>
			</report>
			<report>
				<misses>11097001</misses>
				<total>17</total>
				<timestamp>4212.643752</timestamp>
			</report>
			<report>
				<misses>11098001</misses>
				<total>17</total>
				<timestamp>4213.023329</timestamp>
			</report>
			<report>
				<misses>11099001</misses>
				<total>17</total>
				<timestamp>4213.402943</timestamp>
			</report>
			<report>
				<misses>11100001</misses>
				<total>17</total>
				<timestamp>4213.782593</timestamp>
			</report>
			<report>
				<misses>11101001</misses>
				<total>17</total>
				<timestamp>4214.162191</timestamp>
			</report>
			<report>
				<misses>11102001</misses>
				<total>17</total>
				<timestamp>4214.541844</timestamp>
			</report>
			<report>
				<misses>11103001</misses>
				<total>17</total>
				<timestamp>4214.921444</timestamp>
			</report>
			<report>
				<misses>11104001</misses>
				<total>17</total>
				<timestamp>4215.301077</timestamp>
			</report>
			<report>
				<misses>11105001</misses>
				<total>17</total>
				<timestamp>4215.680676</timestamp>
			</report>
			<report>
				<misses>11106001</misses>
				<total>17</total>
				<timestamp>4216.060303</timestamp>
			</report>
			<report>
				<misses>11107001</misses>
				<total>17</total>
				<timestamp>4216.439924</timestamp>
			</report>
			<report>
				<misses>11108001</misses>
				<total>17</total>
				<timestamp>4216.819539</timestamp>
			</report>
			<report>
				<misses>11109001</misses>
				<total>17</total>
				<timestamp>4217.199154</timestamp>
			</report>
			<report>
				<misses>11110001</misses>
				<total>17</total>
				<timestamp>4217.578812</timestamp>
			</report>
			<report>
				<misses>11111001</misses>
				<total>17</total>
				<timestamp>4217.958396</timestamp>
			</report>
			<report>
				<misses>11112001</misses>
				<total>17</total>
				<timestamp>4218.338005</timestamp>
			</report>
			<report>
				<misses>11113001</misses>
				<total>17</total>
				<timestamp>4218.717619</timestamp>
			</report>
			<report>
				<misses>11114001</misses>
				<total>17</total>
				<timestamp>4219.097256</timestamp>
			</report>
			<report>
				<misses>11115001</misses>
				<total>17</total>
				<timestamp>4219.476884</timestamp>
			</report>
			<report>
				<misses>11116001</misses>
				<total>17</total>
				<timestamp>4219.856515</timestamp>
			</report>
			<report>
				<misses>11117001</misses>
				<total>17</total>
				<timestamp>4220.236119</timestamp>
			</report>
			<report>
				<misses>11118001</misses>
				<total>17</total>
				<timestamp>4220.615766</timestamp>
			</report>
			<report>
				<misses>11119001</misses>
				<total>17</total>
				<timestamp>4220.995339</timestamp>
			</report>
			<report>
				<misses>11120001</misses>
				<total>17</total>
				<timestamp>4221.374973</timestamp>
			</report>
			<report>
				<misses>11121001</misses>
				<total>17</total>
				<timestamp>4221.754615</timestamp>
			</report>
			<report>
				<misses>11122001</misses>
				<total>17</total>
				<timestamp>4222.134223</timestamp>
			</report>
			<report>
				<misses>11123001</misses>
				<total>17</total>
				<timestamp>4222.513875</timestamp>
			</report>
			<report>
				<misses>11124001</misses>
				<total>17</total>
				<timestamp>4222.893480</timestamp>
			</report>
			<report>
				<misses>11125001</misses>
				<total>17</total>
				<timestamp>4223.273063</timestamp>
			</report>
			<report>
				<misses>11126001</misses>
				<total>17</total>
				<timestamp>4223.652706</timestamp>
			</report>
			<report>
				<misses>11127001</misses>
				<total>17</total>
				<timestamp>4224.032308</timestamp>
			</report>
			<report>
				<misses>11128001</misses>
				<total>17</total>
				<timestamp>4224.411927</timestamp>
			</report>
			<report>
				<misses>11129001</misses>
				<total>17</total>
				<timestamp>4224.791568</timestamp>
			</report>
			<report>
				<misses>11130001</misses>
				<total>17</total>
				<timestamp>4225.171168</timestamp>
			</report>
			<report>
				<misses>11131001</misses>
				<total>17</total>
				<timestamp>4225.550790</timestamp>
			</report>
			<report>
				<misses>11132001</misses>
				<total>17</total>
				<timestamp>4225.930419</timestamp>
			</report>
			<report>
				<misses>11133001</misses>
				<total>17</total>
				<timestamp>4226.310044</timestamp>
			</report>
			<report>
				<misses>11134001</misses>
				<total>17</total>
				<timestamp>4226.689648</timestamp>
			</report>
			<report>
				<misses>11135001</misses>
				<total>17</total>
				<timestamp>4227.069284</timestamp>
			</report>
			<report>
				<misses>11136001</misses>
				<total>17</total>
				<timestamp>4227.448881</timestamp>
			</report>
			<report>
				<misses>11137001</misses>
				<total>17</total>
				<timestamp>4227.828536</timestamp>
			</report>
			<report>
				<misses>11138001</misses>
				<total>17</total>
				<timestamp>4228.208122</timestamp>
			</report>
			<report>
				<misses>11139001</misses>
				<total>17</total>
				<timestamp>4228.587777</timestamp>
			</report>
			<report>
				<misses>11140001</misses>
				<total>17</total>
				<timestamp>4228.967468</timestamp>
			</report>
			<report>
				<misses>11141001</misses>
				<total>17</total>
				<timestamp>4229.347019</timestamp>
			</report>
			<report>
				<misses>11142001</misses>
				<total>17</total>
				<timestamp>4229.726598</timestamp>
			</report>
			<report>
				<misses>11143001</misses>
				<total>17</total>
				<timestamp>4230.106237</timestamp>
			</report>
			<report>
				<misses>11144001</misses>
				<total>17</total>
				<timestamp>4230.485837</timestamp>
			</report>
			<report>
				<misses>11145001</misses>
				<total>17</total>
				<timestamp>4230.865464</timestamp>
			</report>
			<report>
				<misses>11146001</misses>
				<total>17</total>
				<timestamp>4231.245078</timestamp>
			</report>
			<report>
				<misses>11147001</misses>
				<total>17</total>
				<timestamp>4231.624688</timestamp>
			</report>
			<report>
				<misses>11148001</misses>
				<total>17</total>
				<timestamp>4232.004376</timestamp>
			</report>
			<report>
				<misses>11149001</misses>
				<total>17</total>
				<timestamp>4232.383941</timestamp>
			</report>
			<report>
				<misses>11150001</misses>
				<total>17</total>
				<timestamp>4232.763566</timestamp>
			</report>
			<report>
				<misses>11151001</misses>
				<total>17</total>
				<timestamp>4233.143198</timestamp>
			</report>
			<report>
				<misses>11152001</misses>
				<total>17</total>
				<timestamp>4233.522811</timestamp>
			</report>
			<report>
				<misses>11153001</misses>
				<total>17</total>
				<timestamp>4233.902427</timestamp>
			</report>
			<report>
				<misses>11154001</misses>
				<total>17</total>
				<timestamp>4234.282047</timestamp>
			</report>
			<report>
				<misses>11155001</misses>
				<total>17</total>
				<timestamp>4234.661707</timestamp>
			</report>
			<report>
				<misses>11156001</misses>
				<total>17</total>
				<timestamp>4235.041318</timestamp>
			</report>
			<report>
				<misses>11157001</misses>
				<total>17</total>
				<timestamp>4235.420912</timestamp>
			</report>
			<report>
				<misses>11158001</misses>
				<total>17</total>
				<timestamp>4235.800577</timestamp>
			</report>
			<report>
				<misses>11159001</misses>
				<total>17</total>
				<timestamp>4236.180150</timestamp>
			</report>
			<report>
				<misses>11160001</misses>
				<total>17</total>
				<timestamp>4236.559774</timestamp>
			</report>
			<report>
				<misses>11161001</misses>
				<total>17</total>
				<timestamp>4236.939389</timestamp>
			</report>
			<report>
				<misses>11162001</misses>
				<total>17</total>
				<timestamp>4237.319011</timestamp>
			</report>
			<report>
				<misses>11163001</misses>
				<total>17</total>
				<timestamp>4237.698638</timestamp>
			</report>
			<report>
				<misses>11164001</misses>
				<total>17</total>
				<timestamp>4238.078258</timestamp>
			</report>
			<report>
				<misses>11165001</misses>
				<total>17</total>
				<timestamp>4238.457887</timestamp>
			</report>
			<report>
				<misses>11166001</misses>
				<total>17</total>
				<timestamp>4238.837477</timestamp>
			</report>
			<report>
				<misses>11167001</misses>
				<total>17</total>
				<timestamp>4239.217102</timestamp>
			</report>
			<report>
				<misses>11168001</misses>
				<total>17</total>
				<timestamp>4239.596751</timestamp>
			</report>
			<report>
				<misses>11169001</misses>
				<total>17</total>
				<timestamp>4239.976368</timestamp>
			</report>
			<report>
				<misses>11170001</misses>
				<total>17</total>
				<timestamp>4240.355985</timestamp>
			</report>
			<report>
				<misses>11171001</misses>
				<total>17</total>
				<timestamp>4240.735595</timestamp>
			</report>
			<report>
				<misses>11172001</misses>
				<total>17</total>
				<timestamp>4241.115228</timestamp>
			</report>
			<report>
				<misses>11173001</misses>
				<total>17</total>
				<timestamp>4241.494828</timestamp>
			</report>
			<report>
				<misses>11174001</misses>
				<total>17</total>
				<timestamp>4241.874492</timestamp>
			</report>
			<report>
				<misses>11175001</misses>
				<total>17</total>
				<timestamp>4242.254093</timestamp>
			</report>
			<report>
				<misses>11176001</misses>
				<total>17</total>
				<timestamp>4242.633694</timestamp>
			</report>
			<report>
				<misses>11177001</misses>
				<total>17</total>
				<timestamp>4243.013337</timestamp>
			</report>
			<report>
				<misses>11178001</misses>
				<total>17</total>
				<timestamp>4243.392916</timestamp>
			</report>
			<report>
				<misses>11179001</misses>
				<total>17</total>
				<timestamp>4243.772575</timestamp>
			</report>
			<report>
				<misses>11180001</misses>
				<total>17</total>
				<timestamp>4244.152174</timestamp>
			</report>
			<report>
				<misses>11181001</misses>
				<total>17</total>
				<timestamp>4244.531773</timestamp>
			</report>
			<report>
				<misses>11182001</misses>
				<total>17</total>
				<timestamp>4244.911442</timestamp>
			</report>
			<report>
				<misses>11183001</misses>
				<total>17</total>
				<timestamp>4245.291027</timestamp>
			</report>
			<report>
				<misses>11184001</misses>
				<total>16</total>
				<timestamp>4245.670718</timestamp>
			</report>
			<report>
				<misses>11185001</misses>
				<total>17</total>
				<timestamp>4246.050298</timestamp>
			</report>
			<report>
				<misses>11186001</misses>
				<total>17</total>
				<timestamp>4246.429886</timestamp>
			</report>
			<report>
				<misses>11187001</misses>
				<total>17</total>
				<timestamp>4246.809527</timestamp>
			</report>
			<report>
				<misses>11188001</misses>
				<total>17</total>
				<timestamp>4247.189119</timestamp>
			</report>
			<report>
				<misses>11189001</misses>
				<total>17</total>
				<timestamp>4247.568807</timestamp>
			</report>
			<report>
				<misses>11190001</misses>
				<total>17</total>
				<timestamp>4247.948422</timestamp>
			</report>
			<report>
				<misses>11191001</misses>
				<total>17</total>
				<timestamp>4248.328020</timestamp>
			</report>
			<report>
				<misses>11192001</misses>
				<total>17</total>
				<timestamp>4248.707632</timestamp>
			</report>
			<report>
				<misses>11193001</misses>
				<total>17</total>
				<timestamp>4249.087278</timestamp>
			</report>
			<report>
				<misses>11194001</misses>
				<total>17</total>
				<timestamp>4249.466843</timestamp>
			</report>
			<report>
				<misses>11195001</misses>
				<total>17</total>
				<timestamp>4249.846518</timestamp>
			</report>
			<report>
				<misses>11196001</misses>
				<total>17</total>
				<timestamp>4250.226064</timestamp>
			</report>
			<report>
				<misses>11197001</misses>
				<total>17</total>
				<timestamp>4250.605712</timestamp>
			</report>
			<report>
				<misses>11198001</misses>
				<total>17</total>
				<timestamp>4250.985343</timestamp>
			</report>
			<report>
				<misses>11199001</misses>
				<total>17</total>
				<timestamp>4251.364947</timestamp>
			</report>
			<report>
				<misses>11200001</misses>
				<total>17</total>
				<timestamp>4251.744579</timestamp>
			</report>
			<report>
				<misses>11201001</misses>
				<total>17</total>
				<timestamp>4252.124179</timestamp>
			</report>
			<report>
				<misses>11202001</misses>
				<total>17</total>
				<timestamp>4252.503833</timestamp>
			</report>
			<report>
				<misses>11203001</misses>
				<total>17</total>
				<timestamp>4252.883421</timestamp>
			</report>
			<report>
				<misses>11204001</misses>
				<total>17</total>
				<timestamp>4253.263063</timestamp>
			</report>
			<report>
				<misses>11205001</misses>
				<total>17</total>
				<timestamp>4253.642689</timestamp>
			</report>
			<report>
				<misses>11206001</misses>
				<total>17</total>
				<timestamp>4254.022284</timestamp>
			</report>
			<report>
				<misses>11207001</misses>
				<total>17</total>
				<timestamp>4254.401923</timestamp>
			</report>
			<report>
				<misses>11208001</misses>
				<total>17</total>
				<timestamp>4254.781543</timestamp>
			</report>
			<report>
				<misses>11209001</misses>
				<total>17</total>
				<timestamp>4255.161155</timestamp>
			</report>
			<report>
				<misses>11210001</misses>
				<total>17</total>
				<timestamp>4255.540755</timestamp>
			</report>
			<report>
				<misses>11211001</misses>
				<total>17</total>
				<timestamp>4255.920386</timestamp>
			</report>
			<report>
				<misses>11212001</misses>
				<total>17</total>
				<timestamp>4256.299998</timestamp>
			</report>
			<report>
				<misses>11213001</misses>
				<total>17</total>
				<timestamp>4256.679655</timestamp>
			</report>
			<report>
				<misses>11214001</misses>
				<total>17</total>
				<timestamp>4257.059291</timestamp>
			</report>
			<report>
				<misses>11215001</misses>
				<total>17</total>
				<timestamp>4257.438908</timestamp>
			</report>
			<report>
				<misses>11216001</misses>
				<total>17</total>
				<timestamp>4257.818510</timestamp>
			</report>
			<report>
				<misses>11217001</misses>
				<total>17</total>
				<timestamp>4258.198111</timestamp>
			</report>
			<report>
				<misses>11218001</misses>
				<total>17</total>
				<timestamp>4258.577722</timestamp>
			</report>
			<report>
				<misses>11219001</misses>
				<total>17</total>
				<timestamp>4258.957350</timestamp>
			</report>
			<report>
				<misses>11220001</misses>
				<total>17</total>
				<timestamp>4259.336983</timestamp>
			</report>
			<report>
				<misses>11221001</misses>
				<total>17</total>
				<timestamp>4259.716577</timestamp>
			</report>
			<report>
				<misses>11222001</misses>
				<total>17</total>
				<timestamp>4260.096263</timestamp>
			</report>
			<report>
				<misses>11223001</misses>
				<total>17</total>
				<timestamp>4260.475875</timestamp>
			</report>
			<report>
				<misses>11224001</misses>
				<total>17</total>
				<timestamp>4260.855439</timestamp>
			</report>
			<report>
				<misses>11225001</misses>
				<total>17</total>
				<timestamp>4261.235082</timestamp>
			</report>
			<report>
				<misses>11226001</misses>
				<total>17</total>
				<timestamp>4261.614683</timestamp>
			</report>
			<report>
				<misses>11227001</misses>
				<total>17</total>
				<timestamp>4261.994310</timestamp>
			</report>
			<report>
				<misses>11228001</misses>
				<total>17</total>
				<timestamp>4262.373944</timestamp>
			</report>
			<report>
				<misses>11229001</misses>
				<total>17</total>
				<timestamp>4262.753560</timestamp>
			</report>
			<report>
				<misses>11230001</misses>
				<total>17</total>
				<timestamp>4263.133202</timestamp>
			</report>
			<report>
				<misses>11231001</misses>
				<total>17</total>
				<timestamp>4263.512781</timestamp>
			</report>
			<report>
				<misses>11232001</misses>
				<total>17</total>
				<timestamp>4263.892396</timestamp>
			</report>
			<report>
				<misses>11233001</misses>
				<total>17</total>
				<timestamp>4264.272024</timestamp>
			</report>
			<report>
				<misses>11234001</misses>
				<total>17</total>
				<timestamp>4264.651677</timestamp>
			</report>
			<report>
				<misses>11235001</misses>
				<total>17</total>
				<timestamp>4265.031260</timestamp>
			</report>
			<report>
				<misses>11236001</misses>
				<total>17</total>
				<timestamp>4265.410878</timestamp>
			</report>
			<report>
				<misses>11237001</misses>
				<total>17</total>
				<timestamp>4265.790499</timestamp>
			</report>
			<report>
				<misses>11238001</misses>
				<total>17</total>
				<timestamp>4266.170140</timestamp>
			</report>
			<report>
				<misses>11239001</misses>
				<total>17</total>
				<timestamp>4266.549753</timestamp>
			</report>
			<report>
				<misses>11240001</misses>
				<total>17</total>
				<timestamp>4266.929361</timestamp>
			</report>
			<report>
				<misses>11241001</misses>
				<total>17</total>
				<timestamp>4267.308995</timestamp>
			</report>
			<report>
				<misses>11242001</misses>
				<total>17</total>
				<timestamp>4267.688609</timestamp>
			</report>
			<report>
				<misses>11243001</misses>
				<total>17</total>
				<timestamp>4268.068269</timestamp>
			</report>
			<report>
				<misses>11244001</misses>
				<total>17</total>
				<timestamp>4268.447835</timestamp>
			</report>
			<report>
				<misses>11245001</misses>
				<total>17</total>
				<timestamp>4268.827487</timestamp>
			</report>
			<report>
				<misses>11246001</misses>
				<total>17</total>
				<timestamp>4269.207096</timestamp>
			</report>
			<report>
				<misses>11247001</misses>
				<total>17</total>
				<timestamp>4269.586702</timestamp>
			</report>
			<report>
				<misses>11248001</misses>
				<total>17</total>
				<timestamp>4269.966337</timestamp>
			</report>
			<report>
				<misses>11249001</misses>
				<total>17</total>
				<timestamp>4270.345937</timestamp>
			</report>
			<report>
				<misses>11250001</misses>
				<total>17</total>
				<timestamp>4270.725586</timestamp>
			</report>
			<report>
				<misses>11251001</misses>
				<total>17</total>
				<timestamp>4271.105176</timestamp>
			</report>
			<report>
				<misses>11252001</misses>
				<total>17</total>
				<timestamp>4271.484804</timestamp>
			</report>
			<report>
				<misses>11253001</misses>
				<total>17</total>
				<timestamp>4271.864431</timestamp>
			</report>
			<report>
				<misses>11254001</misses>
				<total>17</total>
				<timestamp>4272.244066</timestamp>
			</report>
			<report>
				<misses>11255001</misses>
				<total>17</total>
				<timestamp>4272.623657</timestamp>
			</report>
			<report>
				<misses>11256001</misses>
				<total>17</total>
				<timestamp>4273.003283</timestamp>
			</report>
			<report>
				<misses>11257001</misses>
				<total>17</total>
				<timestamp>4273.382910</timestamp>
			</report>
			<report>
				<misses>11258001</misses>
				<total>17</total>
				<timestamp>4273.762525</timestamp>
			</report>
			<report>
				<misses>11259001</misses>
				<total>17</total>
				<timestamp>4274.142148</timestamp>
			</report>
			<report>
				<misses>11260001</misses>
				<total>17</total>
				<timestamp>4274.521763</timestamp>
			</report>
			<report>
				<misses>11261001</misses>
				<total>17</total>
				<timestamp>4274.901373</timestamp>
			</report>
			<report>
				<misses>11262001</misses>
				<total>17</total>
				<timestamp>4275.281052</timestamp>
			</report>
			<report>
				<misses>11263001</misses>
				<total>17</total>
				<timestamp>4275.660624</timestamp>
			</report>
			<report>
				<misses>11264001</misses>
				<total>17</total>
				<timestamp>4276.040256</timestamp>
			</report>
			<report>
				<misses>11265001</misses>
				<total>17</total>
				<timestamp>4276.419886</timestamp>
			</report>
			<report>
				<misses>11266001</misses>
				<total>17</total>
				<timestamp>4276.799495</timestamp>
			</report>
			<report>
				<misses>11267001</misses>
				<total>17</total>
				<timestamp>4277.179116</timestamp>
			</report>
			<report>
				<misses>11268001</misses>
				<total>17</total>
				<timestamp>4277.558733</timestamp>
			</report>
			<report>
				<misses>11269001</misses>
				<total>17</total>
				<timestamp>4277.938373</timestamp>
			</report>
			<report>
				<misses>11270001</misses>
				<total>17</total>
				<timestamp>4278.317977</timestamp>
			</report>
			<report>
				<misses>11271001</misses>
				<total>17</total>
				<timestamp>4278.697579</timestamp>
			</report>
			<report>
				<misses>11272001</misses>
				<total>17</total>
				<timestamp>4279.077239</timestamp>
			</report>
			<report>
				<misses>11273001</misses>
				<total>17</total>
				<timestamp>4279.456820</timestamp>
			</report>
			<report>
				<misses>11274001</misses>
				<total>17</total>
				<timestamp>4279.836441</timestamp>
			</report>
			<report>
				<misses>11275001</misses>
				<total>17</total>
				<timestamp>4280.216080</timestamp>
			</report>
			<report>
				<misses>11276001</misses>
				<total>17</total>
				<timestamp>4280.595698</timestamp>
			</report>
			<report>
				<misses>11277001</misses>
				<total>17</total>
				<timestamp>4280.975314</timestamp>
			</report>
			<report>
				<misses>11278001</misses>
				<total>17</total>
				<timestamp>4281.354953</timestamp>
			</report>
			<report>
				<misses>11279001</misses>
				<total>17</total>
				<timestamp>4281.734569</timestamp>
			</report>
			<report>
				<misses>11280001</misses>
				<total>17</total>
				<timestamp>4282.114195</timestamp>
			</report>
			<report>
				<misses>11281001</misses>
				<total>17</total>
				<timestamp>4282.493788</timestamp>
			</report>
			<report>
				<misses>11282001</misses>
				<total>17</total>
				<timestamp>4282.873412</timestamp>
			</report>
			<report>
				<misses>11283001</misses>
				<total>17</total>
				<timestamp>4283.253043</timestamp>
			</report>
			<report>
				<misses>11284001</misses>
				<total>17</total>
				<timestamp>4283.632647</timestamp>
			</report>
			<report>
				<misses>11285001</misses>
				<total>17</total>
				<timestamp>4284.012294</timestamp>
			</report>
			<report>
				<misses>11286001</misses>
				<total>17</total>
				<timestamp>4284.391889</timestamp>
			</report>
			<report>
				<misses>11287001</misses>
				<total>17</total>
				<timestamp>4284.771515</timestamp>
			</report>
			<report>
				<misses>11288001</misses>
				<total>17</total>
				<timestamp>4285.151193</timestamp>
			</report>
			<report>
				<misses>11289001</misses>
				<total>17</total>
				<timestamp>4285.530738</timestamp>
			</report>
			<report>
				<misses>11290001</misses>
				<total>17</total>
				<timestamp>4285.910380</timestamp>
			</report>
			<report>
				<misses>11291001</misses>
				<total>17</total>
				<timestamp>4286.289990</timestamp>
			</report>
			<report>
				<misses>11292001</misses>
				<total>17</total>
				<timestamp>4286.669614</timestamp>
			</report>
			<report>
				<misses>11293001</misses>
				<total>17</total>
				<timestamp>4287.049254</timestamp>
			</report>
			<report>
				<misses>11294001</misses>
				<total>17</total>
				<timestamp>4287.428844</timestamp>
			</report>
			<report>
				<misses>11295001</misses>
				<total>17</total>
				<timestamp>4287.808460</timestamp>
			</report>
			<report>
				<misses>11296001</misses>
				<total>17</total>
				<timestamp>4288.188100</timestamp>
			</report>
			<report>
				<misses>11297001</misses>
				<total>17</total>
				<timestamp>4288.567711</timestamp>
			</report>
			<report>
				<misses>11298001</misses>
				<total>17</total>
				<timestamp>4288.947323</timestamp>
			</report>
			<report>
				<misses>11299001</misses>
				<total>17</total>
				<timestamp>4289.326949</timestamp>
			</report>
			<report>
				<misses>11300001</misses>
				<total>17</total>
				<timestamp>4289.706572</timestamp>
			</report>
			<report>
				<misses>11301001</misses>
				<total>17</total>
				<timestamp>4290.086184</timestamp>
			</report>
			<report>
				<misses>11302001</misses>
				<total>17</total>
				<timestamp>4290.465802</timestamp>
			</report>
			<report>
				<misses>11303001</misses>
				<total>17</total>
				<timestamp>4290.845439</timestamp>
			</report>
			<report>
				<misses>11304001</misses>
				<total>17</total>
				<timestamp>4291.225046</timestamp>
			</report>
			<report>
				<misses>11305001</misses>
				<total>17</total>
				<timestamp>4291.604649</timestamp>
			</report>
			<report>
				<misses>11306001</misses>
				<total>17</total>
				<timestamp>4291.984317</timestamp>
			</report>
			<report>
				<misses>11307001</misses>
				<total>17</total>
				<timestamp>4292.363923</timestamp>
			</report>
			<report>
				<misses>11308001</misses>
				<total>17</total>
				<timestamp>4292.743518</timestamp>
			</report>
			<report>
				<misses>11309001</misses>
				<total>17</total>
				<timestamp>4293.123187</timestamp>
			</report>
			<report>
				<misses>11310001</misses>
				<total>17</total>
				<timestamp>4293.502765</timestamp>
			</report>
			<report>
				<misses>11311001</misses>
				<total>17</total>
				<timestamp>4293.882371</timestamp>
			</report>
			<report>
				<misses>11312001</misses>
				<total>17</total>
				<timestamp>4294.262012</timestamp>
			</report>
			<report>
				<misses>11313001</misses>
				<total>17</total>
				<timestamp>4294.641626</timestamp>
			</report>
			<report>
				<misses>11314001</misses>
				<total>17</total>
				<timestamp>4295.021266</timestamp>
			</report>
			<report>
				<misses>11315001</misses>
				<total>17</total>
				<timestamp>4295.400926</timestamp>
			</report>
			<report>
				<misses>11316001</misses>
				<total>17</total>
				<timestamp>4295.780517</timestamp>
			</report>
			<report>
				<misses>11317001</misses>
				<total>17</total>
				<timestamp>4296.160114</timestamp>
			</report>
			<report>
				<misses>11318001</misses>
				<total>17</total>
				<timestamp>4296.539724</timestamp>
			</report>
			<report>
				<misses>11319001</misses>
				<total>17</total>
				<timestamp>4296.919350</timestamp>
			</report>
			<report>
				<misses>11320001</misses>
				<total>17</total>
				<timestamp>4297.298982</timestamp>
			</report>
			<report>
				<misses>11321001</misses>
				<total>17</total>
				<timestamp>4297.678586</timestamp>
			</report>
			<report>
				<misses>11322001</misses>
				<total>17</total>
				<timestamp>4298.058252</timestamp>
			</report>
			<report>
				<misses>11323001</misses>
				<total>17</total>
				<timestamp>4298.437821</timestamp>
			</report>
			<report>
				<misses>11324001</misses>
				<total>17</total>
				<timestamp>4298.817435</timestamp>
			</report>
			<report>
				<misses>11325001</misses>
				<total>17</total>
				<timestamp>4299.197099</timestamp>
			</report>
			<report>
				<misses>11326001</misses>
				<total>17</total>
				<timestamp>4299.576693</timestamp>
			</report>
			<report>
				<misses>11327001</misses>
				<total>17</total>
				<timestamp>4299.956346</timestamp>
			</report>
			<report>
				<misses>11328001</misses>
				<total>17</total>
				<timestamp>4300.335927</timestamp>
			</report>
			<report>
				<misses>11329001</misses>
				<total>17</total>
				<timestamp>4300.715535</timestamp>
			</report>
			<report>
				<misses>11330001</misses>
				<total>17</total>
				<timestamp>4301.095169</timestamp>
			</report>
			<report>
				<misses>11331001</misses>
				<total>17</total>
				<timestamp>4301.474801</timestamp>
			</report>
			<report>
				<misses>11332001</misses>
				<total>17</total>
				<timestamp>4301.854410</timestamp>
			</report>
			<report>
				<misses>11333001</misses>
				<total>17</total>
				<timestamp>4302.234046</timestamp>
			</report>
			<report>
				<misses>11334001</misses>
				<total>17</total>
				<timestamp>4302.613636</timestamp>
			</report>
			<report>
				<misses>11335001</misses>
				<total>17</total>
				<timestamp>4302.993282</timestamp>
			</report>
			<report>
				<misses>11336001</misses>
				<total>17</total>
				<timestamp>4303.372895</timestamp>
			</report>
			<report>
				<misses>11337001</misses>
				<total>17</total>
				<timestamp>4303.752497</timestamp>
			</report>
			<report>
				<misses>11338001</misses>
				<total>17</total>
				<timestamp>4304.132123</timestamp>
			</report>
			<report>
				<misses>11339001</misses>
				<total>17</total>
				<timestamp>4304.511760</timestamp>
			</report>
			<report>
				<misses>11340001</misses>
				<total>17</total>
				<timestamp>4304.891392</timestamp>
			</report>
			<report>
				<misses>11341001</misses>
				<total>17</total>
				<timestamp>4305.271006</timestamp>
			</report>
			<report>
				<misses>11342001</misses>
				<total>17</total>
				<timestamp>4305.650601</timestamp>
			</report>
			<report>
				<misses>11343001</misses>
				<total>17</total>
				<timestamp>4306.030242</timestamp>
			</report>
			<report>
				<misses>11344001</misses>
				<total>17</total>
				<timestamp>4306.409919</timestamp>
			</report>
			<report>
				<misses>11345001</misses>
				<total>17</total>
				<timestamp>4306.789496</timestamp>
			</report>
			<report>
				<misses>11346001</misses>
				<total>17</total>
				<timestamp>4307.169084</timestamp>
			</report>
			<report>
				<misses>11347001</misses>
				<total>17</total>
				<timestamp>4307.548716</timestamp>
			</report>
			<report>
				<misses>11348001</misses>
				<total>17</total>
				<timestamp>4307.928346</timestamp>
			</report>
			<report>
				<misses>11349001</misses>
				<total>17</total>
				<timestamp>4308.307950</timestamp>
			</report>
			<report>
				<misses>11350001</misses>
				<total>17</total>
				<timestamp>4308.687561</timestamp>
			</report>
			<report>
				<misses>11351001</misses>
				<total>17</total>
				<timestamp>4309.067204</timestamp>
			</report>
			<report>
				<misses>11352001</misses>
				<total>17</total>
				<timestamp>4309.446850</timestamp>
			</report>
			<report>
				<misses>11353001</misses>
				<total>17</total>
				<timestamp>4309.826439</timestamp>
			</report>
			<report>
				<misses>11354001</misses>
				<total>17</total>
				<timestamp>4310.206076</timestamp>
			</report>
			<report>
				<misses>11355001</misses>
				<total>17</total>
				<timestamp>4310.585651</timestamp>
			</report>
			<report>
				<misses>11356001</misses>
				<total>17</total>
				<timestamp>4310.965322</timestamp>
			</report>
			<report>
				<misses>11357001</misses>
				<total>17</total>
				<timestamp>4311.344925</timestamp>
			</report>
			<report>
				<misses>11358001</misses>
				<total>17</total>
				<timestamp>4311.724516</timestamp>
			</report>
			<report>
				<misses>11359001</misses>
				<total>17</total>
				<timestamp>4312.104152</timestamp>
			</report>
			<report>
				<misses>11360001</misses>
				<total>17</total>
				<timestamp>4312.483822</timestamp>
			</report>
			<report>
				<misses>11361001</misses>
				<total>17</total>
				<timestamp>4312.863375</timestamp>
			</report>
			<report>
				<misses>11362001</misses>
				<total>17</total>
				<timestamp>4313.243010</timestamp>
			</report>
			<report>
				<misses>11363001</misses>
				<total>17</total>
				<timestamp>4313.622616</timestamp>
			</report>
			<report>
				<misses>11364001</misses>
				<total>17</total>
				<timestamp>4314.002271</timestamp>
			</report>
			<report>
				<misses>11365001</misses>
				<total>17</total>
				<timestamp>4314.381905</timestamp>
			</report>
			<report>
				<misses>11366001</misses>
				<total>17</total>
				<timestamp>4314.761483</timestamp>
			</report>
			<report>
				<misses>11367001</misses>
				<total>17</total>
				<timestamp>4315.141108</timestamp>
			</report>
			<report>
				<misses>11368001</misses>
				<total>17</total>
				<timestamp>4315.520725</timestamp>
			</report>
			<report>
				<misses>11369001</misses>
				<total>17</total>
				<timestamp>4315.900395</timestamp>
			</report>
			<report>
				<misses>11370001</misses>
				<total>17</total>
				<timestamp>4316.280004</timestamp>
			</report>
			<report>
				<misses>11371001</misses>
				<total>17</total>
				<timestamp>4316.659583</timestamp>
			</report>
			<report>
				<misses>11372001</misses>
				<total>17</total>
				<timestamp>4317.039207</timestamp>
			</report>
			<report>
				<misses>11373001</misses>
				<total>17</total>
				<timestamp>4317.418840</timestamp>
			</report>
			<report>
				<misses>11374001</misses>
				<total>17</total>
				<timestamp>4317.798475</timestamp>
			</report>
			<report>
				<misses>11375001</misses>
				<total>17</total>
				<timestamp>4318.178083</timestamp>
			</report>
			<report>
				<misses>11376001</misses>
				<total>17</total>
				<timestamp>4318.557726</timestamp>
			</report>
			<report>
				<misses>11377001</misses>
				<total>17</total>
				<timestamp>4318.937353</timestamp>
			</report>
			<report>
				<misses>11378001</misses>
				<total>17</total>
				<timestamp>4319.316948</timestamp>
			</report>
			<report>
				<misses>11379001</misses>
				<total>17</total>
				<timestamp>4319.696560</timestamp>
			</report>
			<report>
				<misses>11380001</misses>
				<total>17</total>
				<timestamp>4320.076170</timestamp>
			</report>
			<report>
				<misses>11381001</misses>
				<total>17</total>
				<timestamp>4320.455789</timestamp>
			</report>
			<report>
				<misses>11382001</misses>
				<total>17</total>
				<timestamp>4320.835413</timestamp>
			</report>
			<report>
				<misses>11383001</misses>
				<total>17</total>
				<timestamp>4321.215015</timestamp>
			</report>
			<report>
				<misses>11384001</misses>
				<total>17</total>
				<timestamp>4321.594628</timestamp>
			</report>
			<report>
				<misses>11385001</misses>
				<total>17</total>
				<timestamp>4321.974289</timestamp>
			</report>
			<report>
				<misses>11386001</misses>
				<total>17</total>
				<timestamp>4322.353938</timestamp>
			</report>
			<report>
				<misses>11387001</misses>
				<total>17</total>
				<timestamp>4322.733536</timestamp>
			</report>
			<report>
				<misses>11388001</misses>
				<total>17</total>
				<timestamp>4323.113125</timestamp>
			</report>
			<report>
				<misses>11389001</misses>
				<total>17</total>
				<timestamp>4323.492750</timestamp>
			</report>
			<report>
				<misses>11390001</misses>
				<total>17</total>
				<timestamp>4323.872377</timestamp>
			</report>
			<report>
				<misses>11391001</misses>
				<total>17</total>
				<timestamp>4324.251996</timestamp>
			</report>
			<report>
				<misses>11392001</misses>
				<total>17</total>
				<timestamp>4324.631616</timestamp>
			</report>
			<report>
				<misses>11393001</misses>
				<total>17</total>
				<timestamp>4325.011258</timestamp>
			</report>
			<report>
				<misses>11394001</misses>
				<total>17</total>
				<timestamp>4325.390841</timestamp>
			</report>
			<report>
				<misses>11395001</misses>
				<total>17</total>
				<timestamp>4325.770461</timestamp>
			</report>
			<report>
				<misses>11396001</misses>
				<total>17</total>
				<timestamp>4326.150070</timestamp>
			</report>
			<report>
				<misses>11397001</misses>
				<total>17</total>
				<timestamp>4326.529739</timestamp>
			</report>
			<report>
				<misses>11398001</misses>
				<total>17</total>
				<timestamp>4326.909376</timestamp>
			</report>
			<report>
				<misses>11399001</misses>
				<total>17</total>
				<timestamp>4327.288943</timestamp>
			</report>
			<report>
				<misses>11400001</misses>
				<total>17</total>
				<timestamp>4327.668564</timestamp>
			</report>
			<report>
				<misses>11401001</misses>
				<total>17</total>
				<timestamp>4328.048186</timestamp>
			</report>
			<report>
				<misses>11402001</misses>
				<total>17</total>
				<timestamp>4328.427840</timestamp>
			</report>
			<report>
				<misses>11403001</misses>
				<total>17</total>
				<timestamp>4328.807424</timestamp>
			</report>
			<report>
				<misses>11404001</misses>
				<total>17</total>
				<timestamp>4329.187042</timestamp>
			</report>
			<report>
				<misses>11405001</misses>
				<total>17</total>
				<timestamp>4329.566683</timestamp>
			</report>
			<report>
				<misses>11406001</misses>
				<total>17</total>
				<timestamp>4329.946293</timestamp>
			</report>
			<report>
				<misses>11407001</misses>
				<total>17</total>
				<timestamp>4330.325920</timestamp>
			</report>
			<report>
				<misses>11408001</misses>
				<total>17</total>
				<timestamp>4330.705521</timestamp>
			</report>
			<report>
				<misses>11409001</misses>
				<total>17</total>
				<timestamp>4331.085184</timestamp>
			</report>
			<report>
				<misses>11410001</misses>
				<total>17</total>
				<timestamp>4331.464779</timestamp>
			</report>
			<report>
				<misses>11411001</misses>
				<total>17</total>
				<timestamp>4331.844389</timestamp>
			</report>
			<report>
				<misses>11412001</misses>
				<total>17</total>
				<timestamp>4332.223991</timestamp>
			</report>
			<report>
				<misses>11413001</misses>
				<total>17</total>
				<timestamp>4332.603620</timestamp>
			</report>
			<report>
				<misses>11414001</misses>
				<total>17</total>
				<timestamp>4332.983290</timestamp>
			</report>
			<report>
				<misses>11415001</misses>
				<total>17</total>
				<timestamp>4333.362886</timestamp>
			</report>
			<report>
				<misses>11416001</misses>
				<total>17</total>
				<timestamp>4333.742484</timestamp>
			</report>
			<report>
				<misses>11417001</misses>
				<total>17</total>
				<timestamp>4334.122107</timestamp>
			</report>
			<report>
				<misses>11418001</misses>
				<total>17</total>
				<timestamp>4334.501770</timestamp>
			</report>
			<report>
				<misses>11419001</misses>
				<total>17</total>
				<timestamp>4334.881331</timestamp>
			</report>
			<report>
				<misses>11420001</misses>
				<total>17</total>
				<timestamp>4335.260956</timestamp>
			</report>
			<report>
				<misses>11421001</misses>
				<total>17</total>
				<timestamp>4335.640581</timestamp>
			</report>
			<report>
				<misses>11422001</misses>
				<total>17</total>
				<timestamp>4336.020219</timestamp>
			</report>
			<report>
				<misses>11423001</misses>
				<total>17</total>
				<timestamp>4336.399864</timestamp>
			</report>
			<report>
				<misses>11424001</misses>
				<total>17</total>
				<timestamp>4336.779469</timestamp>
			</report>
			<report>
				<misses>11425001</misses>
				<total>17</total>
				<timestamp>4337.159050</timestamp>
			</report>
			<report>
				<misses>11426001</misses>
				<total>17</total>
				<timestamp>4337.538707</timestamp>
			</report>
			<report>
				<misses>11427001</misses>
				<total>17</total>
				<timestamp>4337.918329</timestamp>
			</report>
			<report>
				<misses>11428001</misses>
				<total>17</total>
				<timestamp>4338.297922</timestamp>
			</report>
			<report>
				<misses>11429001</misses>
				<total>17</total>
				<timestamp>4338.677579</timestamp>
			</report>
			<report>
				<misses>11430001</misses>
				<total>17</total>
				<timestamp>4339.057197</timestamp>
			</report>
			<report>
				<misses>11431001</misses>
				<total>17</total>
				<timestamp>4339.436835</timestamp>
			</report>
			<report>
				<misses>11432001</misses>
				<total>17</total>
				<timestamp>4339.816432</timestamp>
			</report>
			<report>
				<misses>11433001</misses>
				<total>17</total>
				<timestamp>4340.196024</timestamp>
			</report>
			<report>
				<misses>11434001</misses>
				<total>17</total>
				<timestamp>4340.575657</timestamp>
			</report>
			<report>
				<misses>11435001</misses>
				<total>17</total>
				<timestamp>4340.955258</timestamp>
			</report>
			<report>
				<misses>11436001</misses>
				<total>17</total>
				<timestamp>4341.334891</timestamp>
			</report>
			<report>
				<misses>11437001</misses>
				<total>17</total>
				<timestamp>4341.714492</timestamp>
			</report>
			<report>
				<misses>11438001</misses>
				<total>17</total>
				<timestamp>4342.094130</timestamp>
			</report>
			<report>
				<misses>11439001</misses>
				<total>17</total>
				<timestamp>4342.473779</timestamp>
			</report>
			<report>
				<misses>11440001</misses>
				<total>17</total>
				<timestamp>4342.853368</timestamp>
			</report>
			<report>
				<misses>11441001</misses>
				<total>17</total>
				<timestamp>4343.232981</timestamp>
			</report>
			<report>
				<misses>11442001</misses>
				<total>17</total>
				<timestamp>4343.612714</timestamp>
			</report>
			<report>
				<misses>11443001</misses>
				<total>17</total>
				<timestamp>4343.992240</timestamp>
			</report>
			<report>
				<misses>11444001</misses>
				<total>17</total>
				<timestamp>4344.371881</timestamp>
			</report>
			<report>
				<misses>11445001</misses>
				<total>17</total>
				<timestamp>4344.751462</timestamp>
			</report>
			<report>
				<misses>11446001</misses>
				<total>17</total>
				<timestamp>4345.131090</timestamp>
			</report>
			<report>
				<misses>11447001</misses>
				<total>17</total>
				<timestamp>4345.510738</timestamp>
			</report>
			<report>
				<misses>11448001</misses>
				<total>17</total>
				<timestamp>4345.890360</timestamp>
			</report>
			<report>
				<misses>11449001</misses>
				<total>17</total>
				<timestamp>4346.269961</timestamp>
			</report>
			<report>
				<misses>11450001</misses>
				<total>17</total>
				<timestamp>4346.649580</timestamp>
			</report>
			<report>
				<misses>11451001</misses>
				<total>17</total>
				<timestamp>4347.029218</timestamp>
			</report>
			<report>
				<misses>11452001</misses>
				<total>17</total>
				<timestamp>4347.408820</timestamp>
			</report>
			<report>
				<misses>11453001</misses>
				<total>17</total>
				<timestamp>4347.788427</timestamp>
			</report>
			<report>
				<misses>11454001</misses>
				<total>17</total>
				<timestamp>4348.168035</timestamp>
			</report>
			<report>
				<misses>11455001</misses>
				<total>17</total>
				<timestamp>4348.547695</timestamp>
			</report>
			<report>
				<misses>11456001</misses>
				<total>17</total>
				<timestamp>4348.927313</timestamp>
			</report>
			<report>
				<misses>11457001</misses>
				<total>17</total>
				<timestamp>4349.306915</timestamp>
			</report>
			<report>
				<misses>11458001</misses>
				<total>17</total>
				<timestamp>4349.686540</timestamp>
			</report>
			<report>
				<misses>11459001</misses>
				<total>17</total>
				<timestamp>4350.066177</timestamp>
			</report>
			<report>
				<misses>11460001</misses>
				<total>17</total>
				<timestamp>4350.445787</timestamp>
			</report>
			<report>
				<misses>11461001</misses>
				<total>17</total>
				<timestamp>4350.825393</timestamp>
			</report>
			<report>
				<misses>11462001</misses>
				<total>17</total>
				<timestamp>4351.205002</timestamp>
			</report>
			<report>
				<misses>11463001</misses>
				<total>17</total>
				<timestamp>4351.584686</timestamp>
			</report>
			<report>
				<misses>11464001</misses>
				<total>17</total>
				<timestamp>4351.964245</timestamp>
			</report>
			<report>
				<misses>11465001</misses>
				<total>17</total>
				<timestamp>4352.343870</timestamp>
			</report>
			<report>
				<misses>11466001</misses>
				<total>17</total>
				<timestamp>4352.723495</timestamp>
			</report>
			<report>
				<misses>11467001</misses>
				<total>17</total>
				<timestamp>4353.103100</timestamp>
			</report>
			<report>
				<misses>11468001</misses>
				<total>17</total>
				<timestamp>4353.482735</timestamp>
			</report>
			<report>
				<misses>11469001</misses>
				<total>17</total>
				<timestamp>4353.862345</timestamp>
			</report>
			<report>
				<misses>11470001</misses>
				<total>17</total>
				<timestamp>4354.241958</timestamp>
			</report>
			<report>
				<misses>11471001</misses>
				<total>17</total>
				<timestamp>4354.621626</timestamp>
			</report>
			<report>
				<misses>11472001</misses>
				<total>17</total>
				<timestamp>4355.001202</timestamp>
			</report>
			<report>
				<misses>11473001</misses>
				<total>17</total>
				<timestamp>4355.380812</timestamp>
			</report>
			<report>
				<misses>11474001</misses>
				<total>17</total>
				<timestamp>4355.760437</timestamp>
			</report>
			<report>
				<misses>11475001</misses>
				<total>17</total>
				<timestamp>4356.140070</timestamp>
			</report>
			<report>
				<misses>11476001</misses>
				<total>17</total>
				<timestamp>4356.519717</timestamp>
			</report>
			<report>
				<misses>11477001</misses>
				<total>17</total>
				<timestamp>4356.899304</timestamp>
			</report>
			<report>
				<misses>11478001</misses>
				<total>17</total>
				<timestamp>4357.278913</timestamp>
			</report>
			<report>
				<misses>11479001</misses>
				<total>17</total>
				<timestamp>4357.658574</timestamp>
			</report>
			<report>
				<misses>11480001</misses>
				<total>17</total>
				<timestamp>4358.038164</timestamp>
			</report>
			<report>
				<misses>11481001</misses>
				<total>17</total>
				<timestamp>4358.417804</timestamp>
			</report>
			<report>
				<misses>11482001</misses>
				<total>17</total>
				<timestamp>4358.797433</timestamp>
			</report>
			<report>
				<misses>11483001</misses>
				<total>17</total>
				<timestamp>4359.177025</timestamp>
			</report>
			<report>
				<misses>11484001</misses>
				<total>17</total>
				<timestamp>4359.556665</timestamp>
			</report>
			<report>
				<misses>11485001</misses>
				<total>17</total>
				<timestamp>4359.936337</timestamp>
			</report>
			<report>
				<misses>11486001</misses>
				<total>17</total>
				<timestamp>4360.315931</timestamp>
			</report>
			<report>
				<misses>11487001</misses>
				<total>17</total>
				<timestamp>4360.695515</timestamp>
			</report>
			<report>
				<misses>11488001</misses>
				<total>17</total>
				<timestamp>4361.075122</timestamp>
			</report>
			<report>
				<misses>11489001</misses>
				<total>17</total>
				<timestamp>4361.454757</timestamp>
			</report>
			<report>
				<misses>11490001</misses>
				<total>17</total>
				<timestamp>4361.834393</timestamp>
			</report>
			<report>
				<misses>11491001</misses>
				<total>17</total>
				<timestamp>4362.213986</timestamp>
			</report>
			<report>
				<misses>11492001</misses>
				<total>17</total>
				<timestamp>4362.593630</timestamp>
			</report>
			<report>
				<misses>11493001</misses>
				<total>17</total>
				<timestamp>4362.973238</timestamp>
			</report>
			<report>
				<misses>11494001</misses>
				<total>17</total>
				<timestamp>4363.352853</timestamp>
			</report>
			<report>
				<misses>11495001</misses>
				<total>17</total>
				<timestamp>4363.732477</timestamp>
			</report>
			<report>
				<misses>11496001</misses>
				<total>17</total>
				<timestamp>4364.112074</timestamp>
			</report>
			<report>
				<misses>11497001</misses>
				<total>17</total>
				<timestamp>4364.491713</timestamp>
			</report>
			<report>
				<misses>11498001</misses>
				<total>17</total>
				<timestamp>4364.871322</timestamp>
			</report>
			<report>
				<misses>11499001</misses>
				<total>17</total>
				<timestamp>4365.250924</timestamp>
			</report>
			<report>
				<misses>11500001</misses>
				<total>17</total>
				<timestamp>4365.630609</timestamp>
			</report>
			<report>
				<misses>11501001</misses>
				<total>17</total>
				<timestamp>4366.010198</timestamp>
			</report>
			<report>
				<misses>11502001</misses>
				<total>17</total>
				<timestamp>4366.389802</timestamp>
			</report>
			<report>
				<misses>11503001</misses>
				<total>17</total>
				<timestamp>4366.769423</timestamp>
			</report>
			<report>
				<misses>11504001</misses>
				<total>17</total>
				<timestamp>4367.149070</timestamp>
			</report>
			<report>
				<misses>11505001</misses>
				<total>17</total>
				<timestamp>4367.528695</timestamp>
			</report>
			<report>
				<misses>11506001</misses>
				<total>17</total>
				<timestamp>4367.908296</timestamp>
			</report>
			<report>
				<misses>11507001</misses>
				<total>17</total>
				<timestamp>4368.287916</timestamp>
			</report>
			<report>
				<misses>11508001</misses>
				<total>17</total>
				<timestamp>4368.667577</timestamp>
			</report>
			<report>
				<misses>11509001</misses>
				<total>17</total>
				<timestamp>4369.047139</timestamp>
			</report>
			<report>
				<misses>11510001</misses>
				<total>17</total>
				<timestamp>4369.426795</timestamp>
			</report>
			<report>
				<misses>11511001</misses>
				<total>17</total>
				<timestamp>4369.806405</timestamp>
			</report>
			<report>
				<misses>11512001</misses>
				<total>17</total>
				<timestamp>4370.186011</timestamp>
			</report>
			<report>
				<misses>11513001</misses>
				<total>17</total>
				<timestamp>4370.565662</timestamp>
			</report>
			<report>
				<misses>11514001</misses>
				<total>17</total>
				<timestamp>4370.945273</timestamp>
			</report>
			<report>
				<misses>11515001</misses>
				<total>17</total>
				<timestamp>4371.324882</timestamp>
			</report>
			<report>
				<misses>11516001</misses>
				<total>17</total>
				<timestamp>4371.704539</timestamp>
			</report>
			<report>
				<misses>11517001</misses>
				<total>17</total>
				<timestamp>4372.084121</timestamp>
			</report>
			<report>
				<misses>11518001</misses>
				<total>17</total>
				<timestamp>4372.463706</timestamp>
			</report>
			<report>
				<misses>11519001</misses>
				<total>17</total>
				<timestamp>4372.843353</timestamp>
			</report>
			<report>
				<misses>11520001</misses>
				<total>17</total>
				<timestamp>4373.222953</timestamp>
			</report>
			<report>
				<misses>11521001</misses>
				<total>17</total>
				<timestamp>4373.602643</timestamp>
			</report>
			<report>
				<misses>11522001</misses>
				<total>17</total>
				<timestamp>4373.982227</timestamp>
			</report>
			<report>
				<misses>11523001</misses>
				<total>17</total>
				<timestamp>4374.361820</timestamp>
			</report>
			<report>
				<misses>11524001</misses>
				<total>17</total>
				<timestamp>4374.741485</timestamp>
			</report>
			<report>
				<misses>11525001</misses>
				<total>17</total>
				<timestamp>4375.121095</timestamp>
			</report>
			<report>
				<misses>11526001</misses>
				<total>17</total>
				<timestamp>4375.500677</timestamp>
			</report>
			<report>
				<misses>11527001</misses>
				<total>17</total>
				<timestamp>4375.880309</timestamp>
			</report>
			<report>
				<misses>11528001</misses>
				<total>17</total>
				<timestamp>4376.259933</timestamp>
			</report>
			<report>
				<misses>11529001</misses>
				<total>17</total>
				<timestamp>4376.639585</timestamp>
			</report>
			<report>
				<misses>11530001</misses>
				<total>17</total>
				<timestamp>4377.019174</timestamp>
			</report>
			<report>
				<misses>11531001</misses>
				<total>17</total>
				<timestamp>4377.398780</timestamp>
			</report>
			<report>
				<misses>11532001</misses>
				<total>17</total>
				<timestamp>4377.778419</timestamp>
			</report>
			<report>
				<misses>11533001</misses>
				<total>17</total>
				<timestamp>4378.158019</timestamp>
			</report>
			<report>
				<misses>11534001</misses>
				<total>17</total>
				<timestamp>4378.537649</timestamp>
			</report>
			<report>
				<misses>11535001</misses>
				<total>17</total>
				<timestamp>4378.917304</timestamp>
			</report>
			<report>
				<misses>11536001</misses>
				<total>17</total>
				<timestamp>4379.296887</timestamp>
			</report>
			<report>
				<misses>11537001</misses>
				<total>17</total>
				<timestamp>4379.676518</timestamp>
			</report>
			<report>
				<misses>11538001</misses>
				<total>17</total>
				<timestamp>4380.056142</timestamp>
			</report>
			<report>
				<misses>11539001</misses>
				<total>17</total>
				<timestamp>4380.435733</timestamp>
			</report>
			<report>
				<misses>11540001</misses>
				<total>17</total>
				<timestamp>4380.815382</timestamp>
			</report>
			<report>
				<misses>11541001</misses>
				<total>17</total>
				<timestamp>4381.195006</timestamp>
			</report>
			<report>
				<misses>11542001</misses>
				<total>17</total>
				<timestamp>4381.574646</timestamp>
			</report>
			<report>
				<misses>11543001</misses>
				<total>17</total>
				<timestamp>4381.954267</timestamp>
			</report>
			<report>
				<misses>11544001</misses>
				<total>17</total>
				<timestamp>4382.333862</timestamp>
			</report>
			<report>
				<misses>11545001</misses>
				<total>17</total>
				<timestamp>4382.713509</timestamp>
			</report>
			<report>
				<misses>11546001</misses>
				<total>17</total>
				<timestamp>4383.093086</timestamp>
			</report>
			<report>
				<misses>11547001</misses>
				<total>17</total>
				<timestamp>4383.472690</timestamp>
			</report>
			<report>
				<misses>11548001</misses>
				<total>17</total>
				<timestamp>4383.852305</timestamp>
			</report>
			<report>
				<misses>11549001</misses>
				<total>17</total>
				<timestamp>4384.231949</timestamp>
			</report>
			<report>
				<misses>11550001</misses>
				<total>17</total>
				<timestamp>4384.611599</timestamp>
			</report>
			<report>
				<misses>11551001</misses>
				<total>17</total>
				<timestamp>4384.991175</timestamp>
			</report>
			<report>
				<misses>11552001</misses>
				<total>17</total>
				<timestamp>4385.370824</timestamp>
			</report>
			<report>
				<misses>11553001</misses>
				<total>17</total>
				<timestamp>4385.750488</timestamp>
			</report>
			<report>
				<misses>11554001</misses>
				<total>17</total>
				<timestamp>4386.130056</timestamp>
			</report>
			<report>
				<misses>11555001</misses>
				<total>17</total>
				<timestamp>4386.509677</timestamp>
			</report>
			<report>
				<misses>11556001</misses>
				<total>17</total>
				<timestamp>4386.889282</timestamp>
			</report>
			<report>
				<misses>11557001</misses>
				<total>17</total>
				<timestamp>4387.268898</timestamp>
			</report>
			<report>
				<misses>11558001</misses>
				<total>17</total>
				<timestamp>4387.648595</timestamp>
			</report>
			<report>
				<misses>11559001</misses>
				<total>17</total>
				<timestamp>4388.028130</timestamp>
			</report>
			<report>
				<misses>11560001</misses>
				<total>17</total>
				<timestamp>4388.407783</timestamp>
			</report>
			<report>
				<misses>11561001</misses>
				<total>17</total>
				<timestamp>4388.787450</timestamp>
			</report>
			<report>
				<misses>11562001</misses>
				<total>17</total>
				<timestamp>4389.167013</timestamp>
			</report>
			<report>
				<misses>11563001</misses>
				<total>17</total>
				<timestamp>4389.546620</timestamp>
			</report>
			<report>
				<misses>11564001</misses>
				<total>17</total>
				<timestamp>4389.926270</timestamp>
			</report>
			<report>
				<misses>11565001</misses>
				<total>17</total>
				<timestamp>4390.305867</timestamp>
			</report>
			<report>
				<misses>11566001</misses>
				<total>17</total>
				<timestamp>4390.685484</timestamp>
			</report>
			<report>
				<misses>11567001</misses>
				<total>17</total>
				<timestamp>4391.065113</timestamp>
			</report>
			<report>
				<misses>11568001</misses>
				<total>17</total>
				<timestamp>4391.444753</timestamp>
			</report>
			<report>
				<misses>11569001</misses>
				<total>17</total>
				<timestamp>4391.824373</timestamp>
			</report>
			<report>
				<misses>11570001</misses>
				<total>17</total>
				<timestamp>4392.203959</timestamp>
			</report>
			<report>
				<misses>11571001</misses>
				<total>17</total>
				<timestamp>4392.583570</timestamp>
			</report>
			<report>
				<misses>11572001</misses>
				<total>17</total>
				<timestamp>4392.963216</timestamp>
			</report>
			<report>
				<misses>11573001</misses>
				<total>17</total>
				<timestamp>4393.342817</timestamp>
			</report>
			<report>
				<misses>11574001</misses>
				<total>17</total>
				<timestamp>4393.722463</timestamp>
			</report>
			<report>
				<misses>11575001</misses>
				<total>17</total>
				<timestamp>4394.102082</timestamp>
			</report>
			<report>
				<misses>11576001</misses>
				<total>17</total>
				<timestamp>4394.481672</timestamp>
			</report>
			<report>
				<misses>11577001</misses>
				<total>17</total>
				<timestamp>4394.861368</timestamp>
			</report>
			<report>
				<misses>11578001</misses>
				<total>17</total>
				<timestamp>4395.240965</timestamp>
			</report>
			<report>
				<misses>11579001</misses>
				<total>17</total>
				<timestamp>4395.620573</timestamp>
			</report>
			<report>
				<misses>11580001</misses>
				<total>17</total>
				<timestamp>4396.000150</timestamp>
			</report>
			<report>
				<misses>11581001</misses>
				<total>17</total>
				<timestamp>4396.379799</timestamp>
			</report>
			<report>
				<misses>11582001</misses>
				<total>17</total>
				<timestamp>4396.759431</timestamp>
			</report>
			<report>
				<misses>11583001</misses>
				<total>17</total>
				<timestamp>4397.139042</timestamp>
			</report>
			<report>
				<misses>11584001</misses>
				<total>17</total>
				<timestamp>4397.518651</timestamp>
			</report>
			<report>
				<misses>11585001</misses>
				<total>17</total>
				<timestamp>4397.898304</timestamp>
			</report>
			<report>
				<misses>11586001</misses>
				<total>17</total>
				<timestamp>4398.277879</timestamp>
			</report>
			<report>
				<misses>11587001</misses>
				<total>17</total>
				<timestamp>4398.657549</timestamp>
			</report>
			<report>
				<misses>11588001</misses>
				<total>17</total>
				<timestamp>4399.037127</timestamp>
			</report>
			<report>
				<misses>11589001</misses>
				<total>17</total>
				<timestamp>4399.416745</timestamp>
			</report>
			<report>
				<misses>11590001</misses>
				<total>17</total>
				<timestamp>4399.796394</timestamp>
			</report>
			<report>
				<misses>11591001</misses>
				<total>17</total>
				<timestamp>4400.175995</timestamp>
			</report>
			<report>
				<misses>11592001</misses>
				<total>17</total>
				<timestamp>4400.555624</timestamp>
			</report>
			<report>
				<misses>11593001</misses>
				<total>17</total>
				<timestamp>4400.935251</timestamp>
			</report>
			<report>
				<misses>11594001</misses>
				<total>17</total>
				<timestamp>4401.314846</timestamp>
			</report>
			<report>
				<misses>11595001</misses>
				<total>17</total>
				<timestamp>4401.694456</timestamp>
			</report>
			<report>
				<misses>11596001</misses>
				<total>17</total>
				<timestamp>4402.074092</timestamp>
			</report>
			<report>
				<misses>11597001</misses>
				<total>17</total>
				<timestamp>4402.453686</timestamp>
			</report>
			<report>
				<misses>11598001</misses>
				<total>17</total>
				<timestamp>4402.833349</timestamp>
			</report>
			<report>
				<misses>11599001</misses>
				<total>17</total>
				<timestamp>4403.212959</timestamp>
			</report>
			<report>
				<misses>11600001</misses>
				<total>17</total>
				<timestamp>4403.592549</timestamp>
			</report>
			<report>
				<misses>11601001</misses>
				<total>17</total>
				<timestamp>4403.972169</timestamp>
			</report>
			<report>
				<misses>11602001</misses>
				<total>17</total>
				<timestamp>4404.351792</timestamp>
			</report>
			<report>
				<misses>11603001</misses>
				<total>17</total>
				<timestamp>4404.731421</timestamp>
			</report>
			<report>
				<misses>11604001</misses>
				<total>17</total>
				<timestamp>4405.111046</timestamp>
			</report>
			<report>
				<misses>11605001</misses>
				<total>17</total>
				<timestamp>4405.490655</timestamp>
			</report>
			<report>
				<misses>11606001</misses>
				<total>17</total>
				<timestamp>4405.870304</timestamp>
			</report>
			<report>
				<misses>11607001</misses>
				<total>17</total>
				<timestamp>4406.249906</timestamp>
			</report>
			<report>
				<misses>11608001</misses>
				<total>17</total>
				<timestamp>4406.629528</timestamp>
			</report>
			<report>
				<misses>11609001</misses>
				<total>17</total>
				<timestamp>4407.009138</timestamp>
			</report>
			<report>
				<misses>11610001</misses>
				<total>17</total>
				<timestamp>4407.388770</timestamp>
			</report>
			<report>
				<misses>11611001</misses>
				<total>17</total>
				<timestamp>4407.768414</timestamp>
			</report>
			<report>
				<misses>11612001</misses>
				<total>17</total>
				<timestamp>4408.148032</timestamp>
			</report>
			<report>
				<misses>11613001</misses>
				<total>17</total>
				<timestamp>4408.527621</timestamp>
			</report>
			<report>
				<misses>11614001</misses>
				<total>17</total>
				<timestamp>4408.907321</timestamp>
			</report>
			<report>
				<misses>11615001</misses>
				<total>17</total>
				<timestamp>4409.286848</timestamp>
			</report>
			<report>
				<misses>11616001</misses>
				<total>17</total>
				<timestamp>4409.666503</timestamp>
			</report>
			<report>
				<misses>11617001</misses>
				<total>17</total>
				<timestamp>4410.046117</timestamp>
			</report>
			<report>
				<misses>11618001</misses>
				<total>17</total>
				<timestamp>4410.425729</timestamp>
			</report>
			<report>
				<misses>11619001</misses>
				<total>17</total>
				<timestamp>4410.805376</timestamp>
			</report>
			<report>
				<misses>11620001</misses>
				<total>17</total>
				<timestamp>4411.184962</timestamp>
			</report>
			<report>
				<misses>11621001</misses>
				<total>17</total>
				<timestamp>4411.564582</timestamp>
			</report>
			<report>
				<misses>11622001</misses>
				<total>17</total>
				<timestamp>4411.944206</timestamp>
			</report>
			<report>
				<misses>11623001</misses>
				<total>17</total>
				<timestamp>4412.323820</timestamp>
			</report>
			<report>
				<misses>11624001</misses>
				<total>17</total>
				<timestamp>4412.703436</timestamp>
			</report>
			<report>
				<misses>11625001</misses>
				<total>17</total>
				<timestamp>4413.083088</timestamp>
			</report>
			<report>
				<misses>11626001</misses>
				<total>17</total>
				<timestamp>4413.462685</timestamp>
			</report>
			<report>
				<misses>11627001</misses>
				<total>17</total>
				<timestamp>4413.842323</timestamp>
			</report>
			<report>
				<misses>11628001</misses>
				<total>17</total>
				<timestamp>4414.221967</timestamp>
			</report>
			<report>
				<misses>11629001</misses>
				<total>17</total>
				<timestamp>4414.601539</timestamp>
			</report>
			<report>
				<misses>11630001</misses>
				<total>17</total>
				<timestamp>4414.981177</timestamp>
			</report>
			<report>
				<misses>11631001</misses>
				<total>17</total>
				<timestamp>4415.360780</timestamp>
			</report>
			<report>
				<misses>11632001</misses>
				<total>17</total>
				<timestamp>4415.740421</timestamp>
			</report>
			<report>
				<misses>11633001</misses>
				<total>17</total>
				<timestamp>4416.120023</timestamp>
			</report>
			<report>
				<misses>11634001</misses>
				<total>17</total>
				<timestamp>4416.499658</timestamp>
			</report>
			<report>
				<misses>11635001</misses>
				<total>17</total>
				<timestamp>4416.879332</timestamp>
			</report>
			<report>
				<misses>11636001</misses>
				<total>17</total>
				<timestamp>4417.258921</timestamp>
			</report>
			<report>
				<misses>11637001</misses>
				<total>17</total>
				<timestamp>4417.638500</timestamp>
			</report>
			<report>
				<misses>11638001</misses>
				<total>17</total>
				<timestamp>4418.018146</timestamp>
			</report>
			<report>
				<misses>11639001</misses>
				<total>17</total>
				<timestamp>4418.397760</timestamp>
			</report>
			<report>
				<misses>11640001</misses>
				<total>17</total>
				<timestamp>4418.777407</timestamp>
			</report>
			<report>
				<misses>11641001</misses>
				<total>17</total>
				<timestamp>4419.156979</timestamp>
			</report>
			<report>
				<misses>11642001</misses>
				<total>17</total>
				<timestamp>4419.536591</timestamp>
			</report>
			<report>
				<misses>11643001</misses>
				<total>17</total>
				<timestamp>4419.916294</timestamp>
			</report>
			<report>
				<misses>11644001</misses>
				<total>17</total>
				<timestamp>4420.295882</timestamp>
			</report>
			<report>
				<misses>11645001</misses>
				<total>17</total>
				<timestamp>4420.675449</timestamp>
			</report>
			<report>
				<misses>11646001</misses>
				<total>17</total>
				<timestamp>4421.055089</timestamp>
			</report>
			<report>
				<misses>11647001</misses>
				<total>17</total>
				<timestamp>4421.434689</timestamp>
			</report>
			<report>
				<misses>11648001</misses>
				<total>17</total>
				<timestamp>4421.814357</timestamp>
			</report>
			<report>
				<misses>11649001</misses>
				<total>17</total>
				<timestamp>4422.193940</timestamp>
			</report>
			<report>
				<misses>11650001</misses>
				<total>17</total>
				<timestamp>4422.573604</timestamp>
			</report>
			<report>
				<misses>11651001</misses>
				<total>17</total>
				<timestamp>4422.953218</timestamp>
			</report>
			<report>
				<misses>11652001</misses>
				<total>17</total>
				<timestamp>4423.332810</timestamp>
			</report>
			<report>
				<misses>11653001</misses>
				<total>17</total>
				<timestamp>4423.712438</timestamp>
			</report>
			<report>
				<misses>11654001</misses>
				<total>17</total>
				<timestamp>4424.092044</timestamp>
			</report>
			<report>
				<misses>11655001</misses>
				<total>17</total>
				<timestamp>4424.471647</timestamp>
			</report>
			<report>
				<misses>11656001</misses>
				<total>17</total>
				<timestamp>4424.851305</timestamp>
			</report>
			<report>
				<misses>11657001</misses>
				<total>17</total>
				<timestamp>4425.230920</timestamp>
			</report>
			<report>
				<misses>11658001</misses>
				<total>17</total>
				<timestamp>4425.610541</timestamp>
			</report>
			<report>
				<misses>11659001</misses>
				<total>17</total>
				<timestamp>4425.990183</timestamp>
			</report>
			<report>
				<misses>11660001</misses>
				<total>17</total>
				<timestamp>4426.369755</timestamp>
			</report>
			<report>
				<misses>11661001</misses>
				<total>17</total>
				<timestamp>4426.749386</timestamp>
			</report>
			<report>
				<misses>11662001</misses>
				<total>17</total>
				<timestamp>4427.129004</timestamp>
			</report>
			<report>
				<misses>11663001</misses>
				<total>17</total>
				<timestamp>4427.508630</timestamp>
			</report>
			<report>
				<misses>11664001</misses>
				<total>17</total>
				<timestamp>4427.888284</timestamp>
			</report>
			<report>
				<misses>11665001</misses>
				<total>17</total>
				<timestamp>4428.267864</timestamp>
			</report>
			<report>
				<misses>11666001</misses>
				<total>17</total>
				<timestamp>4428.647493</timestamp>
			</report>
			<report>
				<misses>11667001</misses>
				<total>17</total>
				<timestamp>4429.027123</timestamp>
			</report>
			<report>
				<misses>11668001</misses>
				<total>17</total>
				<timestamp>4429.406727</timestamp>
			</report>
			<report>
				<misses>11669001</misses>
				<total>17</total>
				<timestamp>4429.786382</timestamp>
			</report>
			<report>
				<misses>11670001</misses>
				<total>17</total>
				<timestamp>4430.165977</timestamp>
			</report>
			<report>
				<misses>11671001</misses>
				<total>17</total>
				<timestamp>4430.545627</timestamp>
			</report>
			<report>
				<misses>11672001</misses>
				<total>17</total>
				<timestamp>4430.925223</timestamp>
			</report>
			<report>
				<misses>11673001</misses>
				<total>17</total>
				<timestamp>4431.304831</timestamp>
			</report>
			<report>
				<misses>11674001</misses>
				<total>17</total>
				<timestamp>4431.684456</timestamp>
			</report>
			<report>
				<misses>11675001</misses>
				<total>17</total>
				<timestamp>4432.064067</timestamp>
			</report>
			<report>
				<misses>11676001</misses>
				<total>17</total>
				<timestamp>4432.443687</timestamp>
			</report>
			<report>
				<misses>11677001</misses>
				<total>17</total>
				<timestamp>4432.823326</timestamp>
			</report>
			<report>
				<misses>11678001</misses>
				<total>17</total>
				<timestamp>4433.202946</timestamp>
			</report>
			<report>
				<misses>11679001</misses>
				<total>17</total>
				<timestamp>4433.582531</timestamp>
			</report>
			<report>
				<misses>11680001</misses>
				<total>17</total>
				<timestamp>4433.962187</timestamp>
			</report>
			<report>
				<misses>11681001</misses>
				<total>17</total>
				<timestamp>4434.341824</timestamp>
			</report>
			<report>
				<misses>11682001</misses>
				<total>17</total>
				<timestamp>4434.721400</timestamp>
			</report>
			<report>
				<misses>11683001</misses>
				<total>17</total>
				<timestamp>4435.101035</timestamp>
			</report>
			<report>
				<misses>11684001</misses>
				<total>17</total>
				<timestamp>4435.480635</timestamp>
			</report>
			<report>
				<misses>11685001</misses>
				<total>17</total>
				<timestamp>4435.860358</timestamp>
			</report>
			<report>
				<misses>11686001</misses>
				<total>17</total>
				<timestamp>4436.239896</timestamp>
			</report>
			<report>
				<misses>11687001</misses>
				<total>17</total>
				<timestamp>4436.619547</timestamp>
			</report>
			<report>
				<misses>11688001</misses>
				<total>17</total>
				<timestamp>4436.999128</timestamp>
			</report>
			<report>
				<misses>11689001</misses>
				<total>17</total>
				<timestamp>4437.378761</timestamp>
			</report>
			<report>
				<misses>11690001</misses>
				<total>17</total>
				<timestamp>4437.758359</timestamp>
			</report>
			<report>
				<misses>11691001</misses>
				<total>17</total>
				<timestamp>4438.137994</timestamp>
			</report>
			<report>
				<misses>11692001</misses>
				<total>17</total>
				<timestamp>4438.517607</timestamp>
			</report>
			<report>
				<misses>11693001</misses>
				<total>17</total>
				<timestamp>4438.897243</timestamp>
			</report>
			<report>
				<misses>11694001</misses>
				<total>17</total>
				<timestamp>4439.276861</timestamp>
			</report>
			<report>
				<misses>11695001</misses>
				<total>17</total>
				<timestamp>4439.656481</timestamp>
			</report>
			<report>
				<misses>11696001</misses>
				<total>17</total>
				<timestamp>4440.036136</timestamp>
			</report>
			<report>
				<misses>11697001</misses>
				<total>17</total>
				<timestamp>4440.415688</timestamp>
			</report>
			<report>
				<misses>11698001</misses>
				<total>17</total>
				<timestamp>4440.795322</timestamp>
			</report>
			<report>
				<misses>11699001</misses>
				<total>17</total>
				<timestamp>4441.174933</timestamp>
			</report>
			<report>
				<misses>11700001</misses>
				<total>17</total>
				<timestamp>4441.554557</timestamp>
			</report>
			<report>
				<misses>11701001</misses>
				<total>17</total>
				<timestamp>4441.934196</timestamp>
			</report>
			<report>
				<misses>11702001</misses>
				<total>17</total>
				<timestamp>4442.313820</timestamp>
			</report>
			<report>
				<misses>11703001</misses>
				<total>17</total>
				<timestamp>4442.693432</timestamp>
			</report>
			<report>
				<misses>11704001</misses>
				<total>17</total>
				<timestamp>4443.073086</timestamp>
			</report>
			<report>
				<misses>11705001</misses>
				<total>17</total>
				<timestamp>4443.452650</timestamp>
			</report>
			<report>
				<misses>11706001</misses>
				<total>17</total>
				<timestamp>4443.832303</timestamp>
			</report>
			<report>
				<misses>11707001</misses>
				<total>17</total>
				<timestamp>4444.211908</timestamp>
			</report>
			<report>
				<misses>11708001</misses>
				<total>17</total>
				<timestamp>4444.591522</timestamp>
			</report>
			<report>
				<misses>11709001</misses>
				<total>17</total>
				<timestamp>4444.971154</timestamp>
			</report>
			<report>
				<misses>11710001</misses>
				<total>17</total>
				<timestamp>4445.350782</timestamp>
			</report>
			<report>
				<misses>11711001</misses>
				<total>17</total>
				<timestamp>4445.730377</timestamp>
			</report>
			<report>
				<misses>11712001</misses>
				<total>17</total>
				<timestamp>4446.110054</timestamp>
			</report>
			<report>
				<misses>11713001</misses>
				<total>17</total>
				<timestamp>4446.489618</timestamp>
			</report>
			<report>
				<misses>11714001</misses>
				<total>17</total>
				<timestamp>4446.869263</timestamp>
			</report>
			<report>
				<misses>11715001</misses>
				<total>17</total>
				<timestamp>4447.248868</timestamp>
			</report>
			<report>
				<misses>11716001</misses>
				<total>17</total>
				<timestamp>4447.628515</timestamp>
			</report>
			<report>
				<misses>11717001</misses>
				<total>17</total>
				<timestamp>4448.008097</timestamp>
			</report>
			<report>
				<misses>11718001</misses>
				<total>17</total>
				<timestamp>4448.387760</timestamp>
			</report>
			<report>
				<misses>11719001</misses>
				<total>17</total>
				<timestamp>4448.767353</timestamp>
			</report>
			<report>
				<misses>11720001</misses>
				<total>17</total>
				<timestamp>4449.147046</timestamp>
			</report>
			<report>
				<misses>11721001</misses>
				<total>17</total>
				<timestamp>4449.526594</timestamp>
			</report>
			<report>
				<misses>11722001</misses>
				<total>17</total>
				<timestamp>4449.906257</timestamp>
			</report>
			<report>
				<misses>11723001</misses>
				<total>17</total>
				<timestamp>4450.285824</timestamp>
			</report>
			<report>
				<misses>11724001</misses>
				<total>17</total>
				<timestamp>4450.665438</timestamp>
			</report>
			<report>
				<misses>11725001</misses>
				<total>17</total>
				<timestamp>4451.045080</timestamp>
			</report>
			<report>
				<misses>11726001</misses>
				<total>17</total>
				<timestamp>4451.424730</timestamp>
			</report>
			<report>
				<misses>11727001</misses>
				<total>17</total>
				<timestamp>4451.804301</timestamp>
			</report>
			<report>
				<misses>11728001</misses>
				<total>17</total>
				<timestamp>4452.183926</timestamp>
			</report>
			<report>
				<misses>11729001</misses>
				<total>17</total>
				<timestamp>4452.563528</timestamp>
			</report>
			<report>
				<misses>11730001</misses>
				<total>17</total>
				<timestamp>4452.943200</timestamp>
			</report>
			<report>
				<misses>11731001</misses>
				<total>17</total>
				<timestamp>4453.322829</timestamp>
			</report>
			<report>
				<misses>11732001</misses>
				<total>17</total>
				<timestamp>4453.702405</timestamp>
			</report>
			<report>
				<misses>11733001</misses>
				<total>17</total>
				<timestamp>4454.082023</timestamp>
			</report>
			<report>
				<misses>11734001</misses>
				<total>17</total>
				<timestamp>4454.461656</timestamp>
			</report>
			<report>
				<misses>11735001</misses>
				<total>17</total>
				<timestamp>4454.841287</timestamp>
			</report>
			<report>
				<misses>11736001</misses>
				<total>17</total>
				<timestamp>4455.220925</timestamp>
			</report>
			<report>
				<misses>11737001</misses>
				<total>17</total>
				<timestamp>4455.600529</timestamp>
			</report>
			<report>
				<misses>11738001</misses>
				<total>17</total>
				<timestamp>4455.980191</timestamp>
			</report>
			<report>
				<misses>11739001</misses>
				<total>17</total>
				<timestamp>4456.359748</timestamp>
			</report>
			<report>
				<misses>11740001</misses>
				<total>17</total>
				<timestamp>4456.739379</timestamp>
			</report>
			<report>
				<misses>11741001</misses>
				<total>17</total>
				<timestamp>4457.119036</timestamp>
			</report>
			<report>
				<misses>11742001</misses>
				<total>17</total>
				<timestamp>4457.498616</timestamp>
			</report>
			<report>
				<misses>11743001</misses>
				<total>17</total>
				<timestamp>4457.878259</timestamp>
			</report>
			<report>
				<misses>11744001</misses>
				<total>17</total>
				<timestamp>4458.257838</timestamp>
			</report>
			<report>
				<misses>11745001</misses>
				<total>17</total>
				<timestamp>4458.637474</timestamp>
			</report>
			<report>
				<misses>11746001</misses>
				<total>17</total>
				<timestamp>4459.017131</timestamp>
			</report>
			<report>
				<misses>11747001</misses>
				<total>17</total>
				<timestamp>4459.396712</timestamp>
			</report>
			<report>
				<misses>11748001</misses>
				<total>17</total>
				<timestamp>4459.776342</timestamp>
			</report>
			<report>
				<misses>11749001</misses>
				<total>17</total>
				<timestamp>4460.155980</timestamp>
			</report>
			<report>
				<misses>11750001</misses>
				<total>17</total>
				<timestamp>4460.535544</timestamp>
			</report>
			<report>
				<misses>11751001</misses>
				<total>17</total>
				<timestamp>4460.915184</timestamp>
			</report>
			<report>
				<misses>11752001</misses>
				<total>17</total>
				<timestamp>4461.294804</timestamp>
			</report>
			<report>
				<misses>11753001</misses>
				<total>17</total>
				<timestamp>4461.674416</timestamp>
			</report>
			<report>
				<misses>11754001</misses>
				<total>17</total>
				<timestamp>4462.054086</timestamp>
			</report>
			<report>
				<misses>11755001</misses>
				<total>17</total>
				<timestamp>4462.433651</timestamp>
			</report>
			<report>
				<misses>11756001</misses>
				<total>17</total>
				<timestamp>4462.813288</timestamp>
			</report>
			<report>
				<misses>11757001</misses>
				<total>17</total>
				<timestamp>4463.192914</timestamp>
			</report>
			<report>
				<misses>11758001</misses>
				<total>17</total>
				<timestamp>4463.572523</timestamp>
			</report>
			<report>
				<misses>11759001</misses>
				<total>17</total>
				<timestamp>4463.952176</timestamp>
			</report>
			<report>
				<misses>11760001</misses>
				<total>17</total>
				<timestamp>4464.331771</timestamp>
			</report>
			<report>
				<misses>11761001</misses>
				<total>17</total>
				<timestamp>4464.711377</timestamp>
			</report>
			<report>
				<misses>11762001</misses>
				<total>17</total>
				<timestamp>4465.091081</timestamp>
			</report>
			<report>
				<misses>11763001</misses>
				<total>17</total>
				<timestamp>4465.470661</timestamp>
			</report>
			<report>
				<misses>11764001</misses>
				<total>17</total>
				<timestamp>4465.850286</timestamp>
			</report>
			<report>
				<misses>11765001</misses>
				<total>17</total>
				<timestamp>4466.229885</timestamp>
			</report>
			<report>
				<misses>11766001</misses>
				<total>17</total>
				<timestamp>4466.609463</timestamp>
			</report>
			<report>
				<misses>11767001</misses>
				<total>17</total>
				<timestamp>4466.989110</timestamp>
			</report>
			<report>
				<misses>11768001</misses>
				<total>17</total>
				<timestamp>4467.368754</timestamp>
			</report>
			<report>
				<misses>11769001</misses>
				<total>17</total>
				<timestamp>4467.748348</timestamp>
			</report>
			<report>
				<misses>11770001</misses>
				<total>17</total>
				<timestamp>4468.127963</timestamp>
			</report>
			<report>
				<misses>11771001</misses>
				<total>17</total>
				<timestamp>4468.507588</timestamp>
			</report>
			<report>
				<misses>11772001</misses>
				<total>17</total>
				<timestamp>4468.887202</timestamp>
			</report>
			<report>
				<misses>11773001</misses>
				<total>17</total>
				<timestamp>4469.266827</timestamp>
			</report>
			<report>
				<misses>11774001</misses>
				<total>17</total>
				<timestamp>4469.646442</timestamp>
			</report>
			<report>
				<misses>11775001</misses>
				<total>17</total>
				<timestamp>4470.026070</timestamp>
			</report>
			<report>
				<misses>11776001</misses>
				<total>17</total>
				<timestamp>4470.405712</timestamp>
			</report>
			<report>
				<misses>11777001</misses>
				<total>17</total>
				<timestamp>4470.785309</timestamp>
			</report>
			<report>
				<misses>11778001</misses>
				<total>17</total>
				<timestamp>4471.164958</timestamp>
			</report>
			<report>
				<misses>11779001</misses>
				<total>17</total>
				<timestamp>4471.544595</timestamp>
			</report>
			<report>
				<misses>11780001</misses>
				<total>17</total>
				<timestamp>4471.924169</timestamp>
			</report>
			<report>
				<misses>11781001</misses>
				<total>17</total>
				<timestamp>4472.303796</timestamp>
			</report>
			<report>
				<misses>11782001</misses>
				<total>17</total>
				<timestamp>4472.683393</timestamp>
			</report>
			<report>
				<misses>11783001</misses>
				<total>17</total>
				<timestamp>4473.063066</timestamp>
			</report>
			<report>
				<misses>11784001</misses>
				<total>17</total>
				<timestamp>4473.442646</timestamp>
			</report>
			<report>
				<misses>11785001</misses>
				<total>18</total>
				<timestamp>4473.822261</timestamp>
			</report>
			<report>
				<misses>11786001</misses>
				<total>18</total>
				<timestamp>4474.201938</timestamp>
			</report>
			<report>
				<misses>11787001</misses>
				<total>18</total>
				<timestamp>4474.581506</timestamp>
			</report>
			<report>
				<misses>11788001</misses>
				<total>18</total>
				<timestamp>4474.961117</timestamp>
			</report>
			<report>
				<misses>11789001</misses>
				<total>18</total>
				<timestamp>4475.340743</timestamp>
			</report>
			<report>
				<misses>11790001</misses>
				<total>18</total>
				<timestamp>4475.720372</timestamp>
			</report>
			<report>
				<misses>11791001</misses>
				<total>18</total>
				<timestamp>4476.100068</timestamp>
			</report>
			<report>
				<misses>11792001</misses>
				<total>18</total>
				<timestamp>4476.479622</timestamp>
			</report>
			<report>
				<misses>11793001</misses>
				<total>18</total>
				<timestamp>4476.859231</timestamp>
			</report>
			<report>
				<misses>11794001</misses>
				<total>18</total>
				<timestamp>4477.238858</timestamp>
			</report>
			<report>
				<misses>11795001</misses>
				<total>18</total>
				<timestamp>4477.618469</timestamp>
			</report>
			<report>
				<misses>11796001</misses>
				<total>18</total>
				<timestamp>4477.998094</timestamp>
			</report>
			<report>
				<misses>11797001</misses>
				<total>18</total>
				<timestamp>4478.377728</timestamp>
			</report>
			<report>
				<misses>11798001</misses>
				<total>18</total>
				<timestamp>4478.757349</timestamp>
			</report>
			<report>
				<misses>11799001</misses>
				<total>18</total>
				<timestamp>4479.136970</timestamp>
			</report>
			<report>
				<misses>11800001</misses>
				<total>18</total>
				<timestamp>4479.516611</timestamp>
			</report>
			<report>
				<misses>11801001</misses>
				<total>18</total>
				<timestamp>4479.896173</timestamp>
			</report>
			<report>
				<misses>11802001</misses>
				<total>18</total>
				<timestamp>4480.275818</timestamp>
			</report>
			<report>
				<misses>11803001</misses>
				<total>18</total>
				<timestamp>4480.655414</timestamp>
			</report>
			<report>
				<misses>11804001</misses>
				<total>18</total>
				<timestamp>4481.035044</timestamp>
			</report>
			<report>
				<misses>11805001</misses>
				<total>18</total>
				<timestamp>4481.414689</timestamp>
			</report>
			<report>
				<misses>11806001</misses>
				<total>18</total>
				<timestamp>4481.794269</timestamp>
			</report>
			<report>
				<misses>11807001</misses>
				<total>18</total>
				<timestamp>4482.173923</timestamp>
			</report>
			<report>
				<misses>11808001</misses>
				<total>18</total>
				<timestamp>4482.553521</timestamp>
			</report>
			<report>
				<misses>11809001</misses>
				<total>18</total>
				<timestamp>4482.933133</timestamp>
			</report>
			<report>
				<misses>11810001</misses>
				<total>18</total>
				<timestamp>4483.312755</timestamp>
			</report>
			<report>
				<misses>11811001</misses>
				<total>18</total>
				<timestamp>4483.692397</timestamp>
			</report>
			<report>
				<misses>11812001</misses>
				<total>18</total>
				<timestamp>4484.072014</timestamp>
			</report>
			<report>
				<misses>11813001</misses>
				<total>18</total>
				<timestamp>4484.451659</timestamp>
			</report>
			<report>
				<misses>11814001</misses>
				<total>18</total>
				<timestamp>4484.831267</timestamp>
			</report>
			<report>
				<misses>11815001</misses>
				<total>18</total>
				<timestamp>4485.210863</timestamp>
			</report>
			<report>
				<misses>11816001</misses>
				<total>18</total>
				<timestamp>4485.590484</timestamp>
			</report>
			<report>
				<misses>11817001</misses>
				<total>18</total>
				<timestamp>4485.970101</timestamp>
			</report>
			<report>
				<misses>11818001</misses>
				<total>18</total>
				<timestamp>4486.349725</timestamp>
			</report>
			<report>
				<misses>11819001</misses>
				<total>18</total>
				<timestamp>4486.729371</timestamp>
			</report>
			<report>
				<misses>11820001</misses>
				<total>18</total>
				<timestamp>4487.108965</timestamp>
			</report>
			<report>
				<misses>11821001</misses>
				<total>18</total>
				<timestamp>4487.488576</timestamp>
			</report>
			<report>
				<misses>11822001</misses>
				<total>18</total>
				<timestamp>4487.868257</timestamp>
			</report>
			<report>
				<misses>11823001</misses>
				<total>18</total>
				<timestamp>4488.247852</timestamp>
			</report>
			<report>
				<misses>11824001</misses>
				<total>18</total>
				<timestamp>4488.627443</timestamp>
			</report>
			<report>
				<misses>11825001</misses>
				<total>18</total>
				<timestamp>4489.007055</timestamp>
			</report>
			<report>
				<misses>11826001</misses>
				<total>18</total>
				<timestamp>4489.386684</timestamp>
			</report>
			<report>
				<misses>11827001</misses>
				<total>18</total>
				<timestamp>4489.766298</timestamp>
			</report>
			<report>
				<misses>11828001</misses>
				<total>18</total>
				<timestamp>4490.145929</timestamp>
			</report>
			<report>
				<misses>11829001</misses>
				<total>18</total>
				<timestamp>4490.525548</timestamp>
			</report>
			<report>
				<misses>11830001</misses>
				<total>18</total>
				<timestamp>4490.905156</timestamp>
			</report>
			<report>
				<misses>11831001</misses>
				<total>18</total>
				<timestamp>4491.284784</timestamp>
			</report>
			<report>
				<misses>11832001</misses>
				<total>18</total>
				<timestamp>4491.664439</timestamp>
			</report>
			<report>
				<misses>11833001</misses>
				<total>18</total>
				<timestamp>4492.044033</timestamp>
			</report>
			<report>
				<misses>11834001</misses>
				<total>18</total>
				<timestamp>4492.423635</timestamp>
			</report>
			<report>
				<misses>11835001</misses>
				<total>18</total>
				<timestamp>4492.803277</timestamp>
			</report>
			<report>
				<misses>11836001</misses>
				<total>18</total>
				<timestamp>4493.182881</timestamp>
			</report>
			<report>
				<misses>11837001</misses>
				<total>18</total>
				<timestamp>4493.562516</timestamp>
			</report>
			<report>
				<misses>11838001</misses>
				<total>18</total>
				<timestamp>4493.942125</timestamp>
			</report>
			<report>
				<misses>11839001</misses>
				<total>18</total>
				<timestamp>4494.321760</timestamp>
			</report>
			<report>
				<misses>11840001</misses>
				<total>18</total>
				<timestamp>4494.701353</timestamp>
			</report>
			<report>
				<misses>11841001</misses>
				<total>18</total>
				<timestamp>4495.080992</timestamp>
			</report>
			<report>
				<misses>11842001</misses>
				<total>18</total>
				<timestamp>4495.460616</timestamp>
			</report>
			<report>
				<misses>11843001</misses>
				<total>18</total>
				<timestamp>4495.840238</timestamp>
			</report>
			<report>
				<misses>11844001</misses>
				<total>18</total>
				<timestamp>4496.219862</timestamp>
			</report>
			<report>
				<misses>11845001</misses>
				<total>18</total>
				<timestamp>4496.599454</timestamp>
			</report>
			<report>
				<misses>11846001</misses>
				<total>18</total>
				<timestamp>4496.979084</timestamp>
			</report>
			<report>
				<misses>11847001</misses>
				<total>18</total>
				<timestamp>4497.358741</timestamp>
			</report>
			<report>
				<misses>11848001</misses>
				<total>18</total>
				<timestamp>4497.738361</timestamp>
			</report>
			<report>
				<misses>11849001</misses>
				<total>18</total>
				<timestamp>4498.117956</timestamp>
			</report>
			<report>
				<misses>11850001</misses>
				<total>18</total>
				<timestamp>4498.497564</timestamp>
			</report>
			<report>
				<misses>11851001</misses>
				<total>18</total>
				<timestamp>4498.877192</timestamp>
			</report>
			<report>
				<misses>11852001</misses>
				<total>18</total>
				<timestamp>4499.256800</timestamp>
			</report>
			<report>
				<misses>11853001</misses>
				<total>18</total>
				<timestamp>4499.636467</timestamp>
			</report>
			<report>
				<misses>11854001</misses>
				<total>18</total>
				<timestamp>4500.016039</timestamp>
			</report>
			<report>
				<misses>11855001</misses>
				<total>18</total>
				<timestamp>4500.395678</timestamp>
			</report>
			<report>
				<misses>11856001</misses>
				<total>18</total>
				<timestamp>4500.775306</timestamp>
			</report>
			<report>
				<misses>11857001</misses>
				<total>18</total>
				<timestamp>4501.154917</timestamp>
			</report>
			<report>
				<misses>11858001</misses>
				<total>18</total>
				<timestamp>4501.534544</timestamp>
			</report>
			<report>
				<misses>11859001</misses>
				<total>18</total>
				<timestamp>4501.914155</timestamp>
			</report>
			<report>
				<misses>11860001</misses>
				<total>18</total>
				<timestamp>4502.293774</timestamp>
			</report>
			<report>
				<misses>11861001</misses>
				<total>18</total>
				<timestamp>4502.673424</timestamp>
			</report>
			<report>
				<misses>11862001</misses>
				<total>18</total>
				<timestamp>4503.053000</timestamp>
			</report>
			<report>
				<misses>11863001</misses>
				<total>18</total>
				<timestamp>4503.432692</timestamp>
			</report>
			<report>
				<misses>11864001</misses>
				<total>18</total>
				<timestamp>4503.812267</timestamp>
			</report>
			<report>
				<misses>11865001</misses>
				<total>18</total>
				<timestamp>4504.191878</timestamp>
			</report>
			<report>
				<misses>11866001</misses>
				<total>18</total>
				<timestamp>4504.571524</timestamp>
			</report>
			<report>
				<misses>11867001</misses>
				<total>18</total>
				<timestamp>4504.951094</timestamp>
			</report>
			<report>
				<misses>11868001</misses>
				<total>18</total>
				<timestamp>4505.330746</timestamp>
			</report>
			<report>
				<misses>11869001</misses>
				<total>18</total>
				<timestamp>4505.710350</timestamp>
			</report>
			<report>
				<misses>11870001</misses>
				<total>18</total>
				<timestamp>4506.089969</timestamp>
			</report>
			<report>
				<misses>11871001</misses>
				<total>18</total>
				<timestamp>4506.469635</timestamp>
			</report>
			<report>
				<misses>11872001</misses>
				<total>18</total>
				<timestamp>4506.849262</timestamp>
			</report>
			<report>
				<misses>11873001</misses>
				<total>18</total>
				<timestamp>4507.228840</timestamp>
			</report>
			<report>
				<misses>11874001</misses>
				<total>18</total>
				<timestamp>4507.608455</timestamp>
			</report>
			<report>
				<misses>11875001</misses>
				<total>18</total>
				<timestamp>4507.988050</timestamp>
			</report>
			<report>
				<misses>11876001</misses>
				<total>18</total>
				<timestamp>4508.367682</timestamp>
			</report>
			<report>
				<misses>11877001</misses>
				<total>18</total>
				<timestamp>4508.747315</timestamp>
			</report>
			<report>
				<misses>11878001</misses>
				<total>18</total>
				<timestamp>4509.126941</timestamp>
			</report>
			<report>
				<misses>11879001</misses>
				<total>18</total>
				<timestamp>4509.506548</timestamp>
			</report>
			<report>
				<misses>11880001</misses>
				<total>18</total>
				<timestamp>4509.886167</timestamp>
			</report>
			<report>
				<misses>11881001</misses>
				<total>18</total>
				<timestamp>4510.265801</timestamp>
			</report>
			<report>
				<misses>11882001</misses>
				<total>18</total>
				<timestamp>4510.645400</timestamp>
			</report>
			<report>
				<misses>11883001</misses>
				<total>18</total>
				<timestamp>4511.025023</timestamp>
			</report>
			<report>
				<misses>11884001</misses>
				<total>18</total>
				<timestamp>4511.404692</timestamp>
			</report>
			<report>
				<misses>11885001</misses>
				<total>18</total>
				<timestamp>4511.784271</timestamp>
			</report>
			<report>
				<misses>11886001</misses>
				<total>18</total>
				<timestamp>4512.163889</timestamp>
			</report>
			<report>
				<misses>11887001</misses>
				<total>18</total>
				<timestamp>4512.543501</timestamp>
			</report>
			<report>
				<misses>11888001</misses>
				<total>18</total>
				<timestamp>4512.923162</timestamp>
			</report>
			<report>
				<misses>11889001</misses>
				<total>18</total>
				<timestamp>4513.302794</timestamp>
			</report>
			<report>
				<misses>11890001</misses>
				<total>18</total>
				<timestamp>4513.682373</timestamp>
			</report>
			<report>
				<misses>11891001</misses>
				<total>18</total>
				<timestamp>4514.061984</timestamp>
			</report>
			<report>
				<misses>11892001</misses>
				<total>18</total>
				<timestamp>4514.441633</timestamp>
			</report>
			<report>
				<misses>11893001</misses>
				<total>18</total>
				<timestamp>4514.821256</timestamp>
			</report>
			<report>
				<misses>11894001</misses>
				<total>18</total>
				<timestamp>4515.200853</timestamp>
			</report>
			<report>
				<misses>11895001</misses>
				<total>18</total>
				<timestamp>4515.580470</timestamp>
			</report>
			<report>
				<misses>11896001</misses>
				<total>18</total>
				<timestamp>4515.960084</timestamp>
			</report>
			<report>
				<misses>11897001</misses>
				<total>18</total>
				<timestamp>4516.339721</timestamp>
			</report>
			<report>
				<misses>11898001</misses>
				<total>18</total>
				<timestamp>4516.719323</timestamp>
			</report>
			<report>
				<misses>11899001</misses>
				<total>18</total>
				<timestamp>4517.098943</timestamp>
			</report>
			<report>
				<misses>11900001</misses>
				<total>18</total>
				<timestamp>4517.478603</timestamp>
			</report>
			<report>
				<misses>11901001</misses>
				<total>18</total>
				<timestamp>4517.858210</timestamp>
			</report>
			<report>
				<misses>11902001</misses>
				<total>18</total>
				<timestamp>4518.237845</timestamp>
			</report>
			<report>
				<misses>11903001</misses>
				<total>18</total>
				<timestamp>4518.617423</timestamp>
			</report>
			<report>
				<misses>11904001</misses>
				<total>18</total>
				<timestamp>4518.997044</timestamp>
			</report>
			<report>
				<misses>11905001</misses>
				<total>18</total>
				<timestamp>4519.376705</timestamp>
			</report>
			<report>
				<misses>11906001</misses>
				<total>18</total>
				<timestamp>4519.756323</timestamp>
			</report>
			<report>
				<misses>11907001</misses>
				<total>18</total>
				<timestamp>4520.135933</timestamp>
			</report>
			<report>
				<misses>11908001</misses>
				<total>18</total>
				<timestamp>4520.515546</timestamp>
			</report>
			<report>
				<misses>11909001</misses>
				<total>18</total>
				<timestamp>4520.895129</timestamp>
			</report>
			<report>
				<misses>11910001</misses>
				<total>18</total>
				<timestamp>4521.274754</timestamp>
			</report>
			<report>
				<misses>11911001</misses>
				<total>18</total>
				<timestamp>4521.654422</timestamp>
			</report>
			<report>
				<misses>11912001</misses>
				<total>18</total>
				<timestamp>4522.034016</timestamp>
			</report>
			<report>
				<misses>11913001</misses>
				<total>18</total>
				<timestamp>4522.413647</timestamp>
			</report>
			<report>
				<misses>11914001</misses>
				<total>18</total>
				<timestamp>4522.793259</timestamp>
			</report>
			<report>
				<misses>11915001</misses>
				<total>18</total>
				<timestamp>4523.172878</timestamp>
			</report>
			<report>
				<misses>11916001</misses>
				<total>18</total>
				<timestamp>4523.552474</timestamp>
			</report>
			<report>
				<misses>11917001</misses>
				<total>18</total>
				<timestamp>4523.932098</timestamp>
			</report>
			<report>
				<misses>11918001</misses>
				<total>18</total>
				<timestamp>4524.311741</timestamp>
			</report>
			<report>
				<misses>11919001</misses>
				<total>18</total>
				<timestamp>4524.691387</timestamp>
			</report>
			<report>
				<misses>11920001</misses>
				<total>18</total>
				<timestamp>4525.070958</timestamp>
			</report>
			<report>
				<misses>11921001</misses>
				<total>18</total>
				<timestamp>4525.450605</timestamp>
			</report>
			<report>
				<misses>11922001</misses>
				<total>18</total>
				<timestamp>4525.830268</timestamp>
			</report>
			<report>
				<misses>11923001</misses>
				<total>18</total>
				<timestamp>4526.209840</timestamp>
			</report>
			<report>
				<misses>11924001</misses>
				<total>18</total>
				<timestamp>4526.589475</timestamp>
			</report>
			<report>
				<misses>11925001</misses>
				<total>18</total>
				<timestamp>4526.969094</timestamp>
			</report>
			<report>
				<misses>11926001</misses>
				<total>18</total>
				<timestamp>4527.348690</timestamp>
			</report>
			<report>
				<misses>11927001</misses>
				<total>18</total>
				<timestamp>4527.728302</timestamp>
			</report>
			<report>
				<misses>11928001</misses>
				<total>18</total>
				<timestamp>4528.107913</timestamp>
			</report>
			<report>
				<misses>11929001</misses>
				<total>18</total>
				<timestamp>4528.487575</timestamp>
			</report>
			<report>
				<misses>11930001</misses>
				<total>18</total>
				<timestamp>4528.867169</timestamp>
			</report>
			<report>
				<misses>11931001</misses>
				<total>18</total>
				<timestamp>4529.246776</timestamp>
			</report>
			<report>
				<misses>11932001</misses>
				<total>18</total>
				<timestamp>4529.626405</timestamp>
			</report>
			<report>
				<misses>11933001</misses>
				<total>18</total>
				<timestamp>4530.006026</timestamp>
			</report>
			<report>
				<misses>11934001</misses>
				<total>18</total>
				<timestamp>4530.385681</timestamp>
			</report>
			<report>
				<misses>11935001</misses>
				<total>18</total>
				<timestamp>4530.765285</timestamp>
			</report>
			<report>
				<misses>11936001</misses>
				<total>18</total>
				<timestamp>4531.144884</timestamp>
			</report>
			<report>
				<misses>11937001</misses>
				<total>18</total>
				<timestamp>4531.524556</timestamp>
			</report>
			<report>
				<misses>11938001</misses>
				<total>18</total>
				<timestamp>4531.904190</timestamp>
			</report>
			<report>
				<misses>11939001</misses>
				<total>18</total>
				<timestamp>4532.283747</timestamp>
			</report>
			<report>
				<misses>11940001</misses>
				<total>18</total>
				<timestamp>4532.663370</timestamp>
			</report>
			<report>
				<misses>11941001</misses>
				<total>18</total>
				<timestamp>4533.042970</timestamp>
			</report>
			<report>
				<misses>11942001</misses>
				<total>18</total>
				<timestamp>4533.422625</timestamp>
			</report>
			<report>
				<misses>11943001</misses>
				<total>18</total>
				<timestamp>4533.802227</timestamp>
			</report>
			<report>
				<misses>11944001</misses>
				<total>18</total>
				<timestamp>4534.181857</timestamp>
			</report>
			<report>
				<misses>11945001</misses>
				<total>18</total>
				<timestamp>4534.561524</timestamp>
			</report>
			<report>
				<misses>11946001</misses>
				<total>18</total>
				<timestamp>4534.941066</timestamp>
			</report>
			<report>
				<misses>11947001</misses>
				<total>18</total>
				<timestamp>4535.320683</timestamp>
			</report>
			<report>
				<misses>11948001</misses>
				<total>18</total>
				<timestamp>4535.700358</timestamp>
			</report>
			<report>
				<misses>11949001</misses>
				<total>18</total>
				<timestamp>4536.079968</timestamp>
			</report>
			<report>
				<misses>11950001</misses>
				<total>18</total>
				<timestamp>4536.459557</timestamp>
			</report>
			<report>
				<misses>11951001</misses>
				<total>18</total>
				<timestamp>4536.839184</timestamp>
			</report>
			<report>
				<misses>11952001</misses>
				<total>18</total>
				<timestamp>4537.218830</timestamp>
			</report>
			<report>
				<misses>11953001</misses>
				<total>18</total>
				<timestamp>4537.598417</timestamp>
			</report>
			<report>
				<misses>11954001</misses>
				<total>18</total>
				<timestamp>4537.978064</timestamp>
			</report>
			<report>
				<misses>11955001</misses>
				<total>18</total>
				<timestamp>4538.357666</timestamp>
			</report>
			<report>
				<misses>11956001</misses>
				<total>18</total>
				<timestamp>4538.737289</timestamp>
			</report>
			<report>
				<misses>11957001</misses>
				<total>18</total>
				<timestamp>4539.116902</timestamp>
			</report>
			<report>
				<misses>11958001</misses>
				<total>18</total>
				<timestamp>4539.496568</timestamp>
			</report>
			<report>
				<misses>11959001</misses>
				<total>18</total>
				<timestamp>4539.876153</timestamp>
			</report>
			<report>
				<misses>11960001</misses>
				<total>18</total>
				<timestamp>4540.255774</timestamp>
			</report>
			<report>
				<misses>11961001</misses>
				<total>18</total>
				<timestamp>4540.635408</timestamp>
			</report>
			<report>
				<misses>11962001</misses>
				<total>18</total>
				<timestamp>4541.014998</timestamp>
			</report>
			<report>
				<misses>11963001</misses>
				<total>18</total>
				<timestamp>4541.394633</timestamp>
			</report>
			<report>
				<misses>11964001</misses>
				<total>18</total>
				<timestamp>4541.774292</timestamp>
			</report>
			<report>
				<misses>11965001</misses>
				<total>18</total>
				<timestamp>4542.153872</timestamp>
			</report>
			<report>
				<misses>11966001</misses>
				<total>18</total>
				<timestamp>4542.533498</timestamp>
			</report>
			<report>
				<misses>11967001</misses>
				<total>18</total>
				<timestamp>4542.913106</timestamp>
			</report>
			<report>
				<misses>11968001</misses>
				<total>18</total>
				<timestamp>4543.292722</timestamp>
			</report>
			<report>
				<misses>11969001</misses>
				<total>18</total>
				<timestamp>4543.672410</timestamp>
			</report>
			<report>
				<misses>11970001</misses>
				<total>18</total>
				<timestamp>4544.051957</timestamp>
			</report>
			<report>
				<misses>11971001</misses>
				<total>18</total>
				<timestamp>4544.431611</timestamp>
			</report>
			<report>
				<misses>11972001</misses>
				<total>18</total>
				<timestamp>4544.811230</timestamp>
			</report>
			<report>
				<misses>11973001</misses>
				<total>18</total>
				<timestamp>4545.190832</timestamp>
			</report>
			<report>
				<misses>11974001</misses>
				<total>18</total>
				<timestamp>4545.570471</timestamp>
			</report>
			<report>
				<misses>11975001</misses>
				<total>18</total>
				<timestamp>4545.950062</timestamp>
			</report>
			<report>
				<misses>11976001</misses>
				<total>18</total>
				<timestamp>4546.329679</timestamp>
			</report>
			<report>
				<misses>11977001</misses>
				<total>18</total>
				<timestamp>4546.709289</timestamp>
			</report>
			<report>
				<misses>11978001</misses>
				<total>18</total>
				<timestamp>4547.088956</timestamp>
			</report>
			<report>
				<misses>11979001</misses>
				<total>18</total>
				<timestamp>4547.468548</timestamp>
			</report>
			<report>
				<misses>11980001</misses>
				<total>18</total>
				<timestamp>4547.848178</timestamp>
			</report>
			<report>
				<misses>11981001</misses>
				<total>18</total>
				<timestamp>4548.227789</timestamp>
			</report>
			<report>
				<misses>11982001</misses>
				<total>18</total>
				<timestamp>4548.607444</timestamp>
			</report>
			<report>
				<misses>11983001</misses>
				<total>18</total>
				<timestamp>4548.987070</timestamp>
			</report>
			<report>
				<misses>11984001</misses>
				<total>18</total>
				<timestamp>4549.366630</timestamp>
			</report>
			<report>
				<misses>11985001</misses>
				<total>18</total>
				<timestamp>4549.746305</timestamp>
			</report>
			<report>
				<misses>11986001</misses>
				<total>18</total>
				<timestamp>4550.125880</timestamp>
			</report>
			<report>
				<misses>11987001</misses>
				<total>18</total>
				<timestamp>4550.505557</timestamp>
			</report>
			<report>
				<misses>11988001</misses>
				<total>18</total>
				<timestamp>4550.885110</timestamp>
			</report>
			<report>
				<misses>11989001</misses>
				<total>18</total>
				<timestamp>4551.264777</timestamp>
			</report>
			<report>
				<misses>11990001</misses>
				<total>18</total>
				<timestamp>4551.644431</timestamp>
			</report>
			<report>
				<misses>11991001</misses>
				<total>18</total>
				<timestamp>4552.023971</timestamp>
			</report>
			<report>
				<misses>11992001</misses>
				<total>18</total>
				<timestamp>4552.403624</timestamp>
			</report>
			<report>
				<misses>11993001</misses>
				<total>18</total>
				<timestamp>4552.783210</timestamp>
			</report>
			<report>
				<misses>11994001</misses>
				<total>18</total>
				<timestamp>4553.162831</timestamp>
			</report>
			<report>
				<misses>11995001</misses>
				<total>18</total>
				<timestamp>4553.542465</timestamp>
			</report>
			<report>
				<misses>11996001</misses>
				<total>18</total>
				<timestamp>4553.922080</timestamp>
			</report>
			<report>
				<misses>11997001</misses>
				<total>18</total>
				<timestamp>4554.301727</timestamp>
			</report>
			<report>
				<misses>11998001</misses>
				<total>18</total>
				<timestamp>4554.681329</timestamp>
			</report>
			<report>
				<misses>11999001</misses>
				<total>18</total>
				<timestamp>4555.060942</timestamp>
			</report>
			<report>
				<misses>12000001</misses>
				<total>18</total>
				<timestamp>4555.440552</timestamp>
			</report>
			<report>
				<misses>12001001</misses>
				<total>18</total>
				<timestamp>4555.820201</timestamp>
			</report>
			<report>
				<misses>12002001</misses>
				<total>18</total>
				<timestamp>4556.199800</timestamp>
			</report>
			<report>
				<misses>12003001</misses>
				<total>18</total>
				<timestamp>4556.579432</timestamp>
			</report>
			<report>
				<misses>12004001</misses>
				<total>18</total>
				<timestamp>4556.959057</timestamp>
			</report>
			<report>
				<misses>12005001</misses>
				<total>18</total>
				<timestamp>4557.338654</timestamp>
			</report>
			<report>
				<misses>12006001</misses>
				<total>18</total>
				<timestamp>4557.718284</timestamp>
			</report>
			<report>
				<misses>12007001</misses>
				<total>18</total>
				<timestamp>4558.097894</timestamp>
			</report>
			<report>
				<misses>12008001</misses>
				<total>18</total>
				<timestamp>4558.477519</timestamp>
			</report>
			<report>
				<misses>12009001</misses>
				<total>18</total>
				<timestamp>4558.857147</timestamp>
			</report>
			<report>
				<misses>12010001</misses>
				<total>18</total>
				<timestamp>4559.236755</timestamp>
			</report>
			<report>
				<misses>12011001</misses>
				<total>18</total>
				<timestamp>4559.616405</timestamp>
			</report>
			<report>
				<misses>12012001</misses>
				<total>18</total>
				<timestamp>4559.996012</timestamp>
			</report>
			<report>
				<misses>12013001</misses>
				<total>18</total>
				<timestamp>4560.375634</timestamp>
			</report>
			<report>
				<misses>12014001</misses>
				<total>18</total>
				<timestamp>4560.755301</timestamp>
			</report>
			<report>
				<misses>12015001</misses>
				<total>18</total>
				<timestamp>4561.134847</timestamp>
			</report>
			<report>
				<misses>12016001</misses>
				<total>18</total>
				<timestamp>4561.514477</timestamp>
			</report>
			<report>
				<misses>12017001</misses>
				<total>18</total>
				<timestamp>4561.894102</timestamp>
			</report>
			<report>
				<misses>12018001</misses>
				<total>18</total>
				<timestamp>4562.273718</timestamp>
			</report>
			<report>
				<misses>12019001</misses>
				<total>18</total>
				<timestamp>4562.653364</timestamp>
			</report>
			<report>
				<misses>12020001</misses>
				<total>18</total>
				<timestamp>4563.032971</timestamp>
			</report>
			<report>
				<misses>12021001</misses>
				<total>18</total>
				<timestamp>4563.412641</timestamp>
			</report>
			<report>
				<misses>12022001</misses>
				<total>18</total>
				<timestamp>4563.792268</timestamp>
			</report>
			<report>
				<misses>12023001</misses>
				<total>18</total>
				<timestamp>4564.171817</timestamp>
			</report>
			<report>
				<misses>12024001</misses>
				<total>18</total>
				<timestamp>4564.551462</timestamp>
			</report>
			<report>
				<misses>12025001</misses>
				<total>18</total>
				<timestamp>4564.931075</timestamp>
			</report>
			<report>
				<misses>12026001</misses>
				<total>18</total>
				<timestamp>4565.310694</timestamp>
			</report>
			<report>
				<misses>12027001</misses>
				<total>18</total>
				<timestamp>4565.690342</timestamp>
			</report>
			<report>
				<misses>12028001</misses>
				<total>18</total>
				<timestamp>4566.069916</timestamp>
			</report>
			<report>
				<misses>12029001</misses>
				<total>18</total>
				<timestamp>4566.449546</timestamp>
			</report>
			<report>
				<misses>12030001</misses>
				<total>18</total>
				<timestamp>4566.829194</timestamp>
			</report>
			<report>
				<misses>12031001</misses>
				<total>18</total>
				<timestamp>4567.208778</timestamp>
			</report>
			<report>
				<misses>12032001</misses>
				<total>18</total>
				<timestamp>4567.588459</timestamp>
			</report>
			<report>
				<misses>12033001</misses>
				<total>18</total>
				<timestamp>4567.968001</timestamp>
			</report>
			<report>
				<misses>12034001</misses>
				<total>18</total>
				<timestamp>4568.347643</timestamp>
			</report>
			<report>
				<misses>12035001</misses>
				<total>18</total>
				<timestamp>4568.727272</timestamp>
			</report>
			<report>
				<misses>12036001</misses>
				<total>18</total>
				<timestamp>4569.106882</timestamp>
			</report>
			<report>
				<misses>12037001</misses>
				<total>18</total>
				<timestamp>4569.486587</timestamp>
			</report>
			<report>
				<misses>12038001</misses>
				<total>18</total>
				<timestamp>4569.866123</timestamp>
			</report>
			<report>
				<misses>12039001</misses>
				<total>18</total>
				<timestamp>4570.245747</timestamp>
			</report>
			<report>
				<misses>12040001</misses>
				<total>18</total>
				<timestamp>4570.625406</timestamp>
			</report>
			<report>
				<misses>12041001</misses>
				<total>18</total>
				<timestamp>4571.004980</timestamp>
			</report>
			<report>
				<misses>12042001</misses>
				<total>18</total>
				<timestamp>4571.384611</timestamp>
			</report>
			<report>
				<misses>12043001</misses>
				<total>18</total>
				<timestamp>4571.764310</timestamp>
			</report>
			<report>
				<misses>12044001</misses>
				<total>18</total>
				<timestamp>4572.143843</timestamp>
			</report>
			<report>
				<misses>12045001</misses>
				<total>18</total>
				<timestamp>4572.523477</timestamp>
			</report>
			<report>
				<misses>12046001</misses>
				<total>18</total>
				<timestamp>4572.903096</timestamp>
			</report>
			<report>
				<misses>12047001</misses>
				<total>18</total>
				<timestamp>4573.282711</timestamp>
			</report>
			<report>
				<misses>12048001</misses>
				<total>18</total>
				<timestamp>4573.662340</timestamp>
			</report>
			<report>
				<misses>12049001</misses>
				<total>18</total>
				<timestamp>4574.041936</timestamp>
			</report>
			<report>
				<misses>12050001</misses>
				<total>18</total>
				<timestamp>4574.421597</timestamp>
			</report>
			<report>
				<misses>12051001</misses>
				<total>18</total>
				<timestamp>4574.801227</timestamp>
			</report>
			<report>
				<misses>12052001</misses>
				<total>18</total>
				<timestamp>4575.180826</timestamp>
			</report>
			<report>
				<misses>12053001</misses>
				<total>18</total>
				<timestamp>4575.560436</timestamp>
			</report>
			<report>
				<misses>12054001</misses>
				<total>18</total>
				<timestamp>4575.940043</timestamp>
			</report>
			<report>
				<misses>12055001</misses>
				<total>18</total>
				<timestamp>4576.319680</timestamp>
			</report>
			<report>
				<misses>12056001</misses>
				<total>18</total>
				<timestamp>4576.699282</timestamp>
			</report>
			<report>
				<misses>12057001</misses>
				<total>18</total>
				<timestamp>4577.078919</timestamp>
			</report>
			<report>
				<misses>12058001</misses>
				<total>18</total>
				<timestamp>4577.458536</timestamp>
			</report>
			<report>
				<misses>12059001</misses>
				<total>18</total>
				<timestamp>4577.838207</timestamp>
			</report>
			<report>
				<misses>12060001</misses>
				<total>18</total>
				<timestamp>4578.217773</timestamp>
			</report>
			<report>
				<misses>12061001</misses>
				<total>18</total>
				<timestamp>4578.597406</timestamp>
			</report>
			<report>
				<misses>12062001</misses>
				<total>18</total>
				<timestamp>4578.977062</timestamp>
			</report>
			<report>
				<misses>12063001</misses>
				<total>18</total>
				<timestamp>4579.356617</timestamp>
			</report>
			<report>
				<misses>12064001</misses>
				<total>18</total>
				<timestamp>4579.736277</timestamp>
			</report>
			<report>
				<misses>12065001</misses>
				<total>18</total>
				<timestamp>4580.115858</timestamp>
			</report>
			<report>
				<misses>12066001</misses>
				<total>18</total>
				<timestamp>4580.495486</timestamp>
			</report>
			<report>
				<misses>12067001</misses>
				<total>18</total>
				<timestamp>4580.875122</timestamp>
			</report>
			<report>
				<misses>12068001</misses>
				<total>18</total>
				<timestamp>4581.254718</timestamp>
			</report>
			<report>
				<misses>12069001</misses>
				<total>18</total>
				<timestamp>4581.634373</timestamp>
			</report>
			<report>
				<misses>12070001</misses>
				<total>18</total>
				<timestamp>4582.013991</timestamp>
			</report>
			<report>
				<misses>12071001</misses>
				<total>18</total>
				<timestamp>4582.393582</timestamp>
			</report>
			<report>
				<misses>12072001</misses>
				<total>18</total>
				<timestamp>4582.773271</timestamp>
			</report>
			<report>
				<misses>12073001</misses>
				<total>18</total>
				<timestamp>4583.152816</timestamp>
			</report>
			<report>
				<misses>12074001</misses>
				<total>18</total>
				<timestamp>4583.532455</timestamp>
			</report>
			<report>
				<misses>12075001</misses>
				<total>18</total>
				<timestamp>4583.912061</timestamp>
			</report>
			<report>
				<misses>12076001</misses>
				<total>18</total>
				<timestamp>4584.291676</timestamp>
			</report>
			<report>
				<misses>12077001</misses>
				<total>18</total>
				<timestamp>4584.671351</timestamp>
			</report>
			<report>
				<misses>12078001</misses>
				<total>18</total>
				<timestamp>4585.050913</timestamp>
			</report>
			<report>
				<misses>12079001</misses>
				<total>18</total>
				<timestamp>4585.430535</timestamp>
			</report>
			<report>
				<misses>12080001</misses>
				<total>18</total>
				<timestamp>4585.810176</timestamp>
			</report>
			<report>
				<misses>12081001</misses>
				<total>18</total>
				<timestamp>4586.189778</timestamp>
			</report>
			<report>
				<misses>12082001</misses>
				<total>18</total>
				<timestamp>4586.569384</timestamp>
			</report>
			<report>
				<misses>12083001</misses>
				<total>18</total>
				<timestamp>4586.949013</timestamp>
			</report>
			<report>
				<misses>12084001</misses>
				<total>18</total>
				<timestamp>4587.328642</timestamp>
			</report>
			<report>
				<misses>12085001</misses>
				<total>18</total>
				<timestamp>4587.708326</timestamp>
			</report>
			<report>
				<misses>12086001</misses>
				<total>18</total>
				<timestamp>4588.087886</timestamp>
			</report>
			<report>
				<misses>12087001</misses>
				<total>18</total>
				<timestamp>4588.467497</timestamp>
			</report>
			<report>
				<misses>12088001</misses>
				<total>18</total>
				<timestamp>4588.847192</timestamp>
			</report>
			<report>
				<misses>12089001</misses>
				<total>18</total>
				<timestamp>4589.226740</timestamp>
			</report>
			<report>
				<misses>12090001</misses>
				<total>18</total>
				<timestamp>4589.606383</timestamp>
			</report>
			<report>
				<misses>12091001</misses>
				<total>18</total>
				<timestamp>4589.985982</timestamp>
			</report>
			<report>
				<misses>12092001</misses>
				<total>18</total>
				<timestamp>4590.365612</timestamp>
			</report>
			<report>
				<misses>12093001</misses>
				<total>18</total>
				<timestamp>4590.745288</timestamp>
			</report>
			<report>
				<misses>12094001</misses>
				<total>18</total>
				<timestamp>4591.124864</timestamp>
			</report>
			<report>
				<misses>12095001</misses>
				<total>18</total>
				<timestamp>4591.504484</timestamp>
			</report>
			<report>
				<misses>12096001</misses>
				<total>18</total>
				<timestamp>4591.884191</timestamp>
			</report>
			<report>
				<misses>12097001</misses>
				<total>18</total>
				<timestamp>4592.263697</timestamp>
			</report>
			<report>
				<misses>12098001</misses>
				<total>18</total>
				<timestamp>4592.643338</timestamp>
			</report>
			<report>
				<misses>12099001</misses>
				<total>18</total>
				<timestamp>4593.022936</timestamp>
			</report>
			<report>
				<misses>12100001</misses>
				<total>18</total>
				<timestamp>4593.402564</timestamp>
			</report>
			<report>
				<misses>12101001</misses>
				<total>18</total>
				<timestamp>4593.782191</timestamp>
			</report>
			<report>
				<misses>12102001</misses>
				<total>18</total>
				<timestamp>4594.161820</timestamp>
			</report>
			<report>
				<misses>12103001</misses>
				<total>18</total>
				<timestamp>4594.541411</timestamp>
			</report>
			<report>
				<misses>12104001</misses>
				<total>18</total>
				<timestamp>4594.921053</timestamp>
			</report>
			<report>
				<misses>12105001</misses>
				<total>18</total>
				<timestamp>4595.300656</timestamp>
			</report>
			<report>
				<misses>12106001</misses>
				<total>18</total>
				<timestamp>4595.680314</timestamp>
			</report>
			<report>
				<misses>12107001</misses>
				<total>18</total>
				<timestamp>4596.059910</timestamp>
			</report>
			<report>
				<misses>12108001</misses>
				<total>18</total>
				<timestamp>4596.439563</timestamp>
			</report>
			<report>
				<misses>12109001</misses>
				<total>18</total>
				<timestamp>4596.819183</timestamp>
			</report>
			<report>
				<misses>12110001</misses>
				<total>18</total>
				<timestamp>4597.198801</timestamp>
			</report>
			<report>
				<misses>12111001</misses>
				<total>18</total>
				<timestamp>4597.578390</timestamp>
			</report>
			<report>
				<misses>12112001</misses>
				<total>18</total>
				<timestamp>4597.958036</timestamp>
			</report>
			<report>
				<misses>12113001</misses>
				<total>18</total>
				<timestamp>4598.337630</timestamp>
			</report>
			<report>
				<misses>12114001</misses>
				<total>18</total>
				<timestamp>4598.717269</timestamp>
			</report>
			<report>
				<misses>12115001</misses>
				<total>18</total>
				<timestamp>4599.096854</timestamp>
			</report>
			<report>
				<misses>12116001</misses>
				<total>18</total>
				<timestamp>4599.476474</timestamp>
			</report>
			<report>
				<misses>12117001</misses>
				<total>18</total>
				<timestamp>4599.856126</timestamp>
			</report>
			<report>
				<misses>12118001</misses>
				<total>18</total>
				<timestamp>4600.235717</timestamp>
			</report>
			<report>
				<misses>12119001</misses>
				<total>18</total>
				<timestamp>4600.615339</timestamp>
			</report>
			<report>
				<misses>12120001</misses>
				<total>18</total>
				<timestamp>4600.995083</timestamp>
			</report>
			<report>
				<misses>12121001</misses>
				<total>18</total>
				<timestamp>4601.374600</timestamp>
			</report>
			<report>
				<misses>12122001</misses>
				<total>18</total>
				<timestamp>4601.754247</timestamp>
			</report>
			<report>
				<misses>12123001</misses>
				<total>18</total>
				<timestamp>4602.133839</timestamp>
			</report>
			<report>
				<misses>12124001</misses>
				<total>18</total>
				<timestamp>4602.513437</timestamp>
			</report>
			<report>
				<misses>12125001</misses>
				<total>18</total>
				<timestamp>4602.893116</timestamp>
			</report>
			<report>
				<misses>12126001</misses>
				<total>18</total>
				<timestamp>4603.272699</timestamp>
			</report>
			<report>
				<misses>12127001</misses>
				<total>18</total>
				<timestamp>4603.652311</timestamp>
			</report>
			<report>
				<misses>12128001</misses>
				<total>18</total>
				<timestamp>4604.031914</timestamp>
			</report>
			<report>
				<misses>12129001</misses>
				<total>18</total>
				<timestamp>4604.411537</timestamp>
			</report>
			<report>
				<misses>12130001</misses>
				<total>18</total>
				<timestamp>4604.791158</timestamp>
			</report>
			<report>
				<misses>12131001</misses>
				<total>18</total>
				<timestamp>4605.170768</timestamp>
			</report>
			<report>
				<misses>12132001</misses>
				<total>18</total>
				<timestamp>4605.550392</timestamp>
			</report>
			<report>
				<misses>12133001</misses>
				<total>18</total>
				<timestamp>4605.930086</timestamp>
			</report>
			<report>
				<misses>12134001</misses>
				<total>18</total>
				<timestamp>4606.309627</timestamp>
			</report>
			<report>
				<misses>12135001</misses>
				<total>18</total>
				<timestamp>4606.689311</timestamp>
			</report>
			<report>
				<misses>12136001</misses>
				<total>18</total>
				<timestamp>4607.068890</timestamp>
			</report>
			<report>
				<misses>12137001</misses>
				<total>18</total>
				<timestamp>4607.448503</timestamp>
			</report>
			<report>
				<misses>12138001</misses>
				<total>18</total>
				<timestamp>4607.828171</timestamp>
			</report>
			<report>
				<misses>12139001</misses>
				<total>18</total>
				<timestamp>4608.207760</timestamp>
			</report>
			<report>
				<misses>12140001</misses>
				<total>18</total>
				<timestamp>4608.587375</timestamp>
			</report>
			<report>
				<misses>12141001</misses>
				<total>18</total>
				<timestamp>4608.967025</timestamp>
			</report>
			<report>
				<misses>12142001</misses>
				<total>18</total>
				<timestamp>4609.346617</timestamp>
			</report>
			<report>
				<misses>12143001</misses>
				<total>18</total>
				<timestamp>4609.726238</timestamp>
			</report>
			<report>
				<misses>12144001</misses>
				<total>18</total>
				<timestamp>4610.105853</timestamp>
			</report>
			<report>
				<misses>12145001</misses>
				<total>18</total>
				<timestamp>4610.485476</timestamp>
			</report>
			<report>
				<misses>12146001</misses>
				<total>18</total>
				<timestamp>4610.865105</timestamp>
			</report>
			<report>
				<misses>12147001</misses>
				<total>18</total>
				<timestamp>4611.244703</timestamp>
			</report>
			<report>
				<misses>12148001</misses>
				<total>18</total>
				<timestamp>4611.624309</timestamp>
			</report>
			<report>
				<misses>12149001</misses>
				<total>18</total>
				<timestamp>4612.003994</timestamp>
			</report>
			<report>
				<misses>12150001</misses>
				<total>18</total>
				<timestamp>4612.383595</timestamp>
			</report>
			<report>
				<misses>12151001</misses>
				<total>18</total>
				<timestamp>4612.763181</timestamp>
			</report>
			<report>
				<misses>12152001</misses>
				<total>18</total>
				<timestamp>4613.142844</timestamp>
			</report>
			<report>
				<misses>12153001</misses>
				<total>18</total>
				<timestamp>4613.522423</timestamp>
			</report>
			<report>
				<misses>12154001</misses>
				<total>18</total>
				<timestamp>4613.902045</timestamp>
			</report>
			<report>
				<misses>12155001</misses>
				<total>18</total>
				<timestamp>4614.281655</timestamp>
			</report>
			<report>
				<misses>12156001</misses>
				<total>18</total>
				<timestamp>4614.661294</timestamp>
			</report>
			<report>
				<misses>12157001</misses>
				<total>18</total>
				<timestamp>4615.040927</timestamp>
			</report>
			<report>
				<misses>12158001</misses>
				<total>18</total>
				<timestamp>4615.420510</timestamp>
			</report>
			<report>
				<misses>12159001</misses>
				<total>18</total>
				<timestamp>4615.800142</timestamp>
			</report>
			<report>
				<misses>12160001</misses>
				<total>18</total>
				<timestamp>4616.179754</timestamp>
			</report>
			<report>
				<misses>12161001</misses>
				<total>18</total>
				<timestamp>4616.559393</timestamp>
			</report>
			<report>
				<misses>12162001</misses>
				<total>18</total>
				<timestamp>4616.939014</timestamp>
			</report>
			<report>
				<misses>12163001</misses>
				<total>18</total>
				<timestamp>4617.318619</timestamp>
			</report>
			<report>
				<misses>12164001</misses>
				<total>18</total>
				<timestamp>4617.698275</timestamp>
			</report>
			<report>
				<misses>12165001</misses>
				<total>18</total>
				<timestamp>4618.077880</timestamp>
			</report>
			<report>
				<misses>12166001</misses>
				<total>18</total>
				<timestamp>4618.457508</timestamp>
			</report>
			<report>
				<misses>12167001</misses>
				<total>18</total>
				<timestamp>4618.837125</timestamp>
			</report>
			<report>
				<misses>12168001</misses>
				<total>18</total>
				<timestamp>4619.216734</timestamp>
			</report>
			<report>
				<misses>12169001</misses>
				<total>18</total>
				<timestamp>4619.596334</timestamp>
			</report>
			<report>
				<misses>12170001</misses>
				<total>18</total>
				<timestamp>4619.975989</timestamp>
			</report>
			<report>
				<misses>12171001</misses>
				<total>18</total>
				<timestamp>4620.355584</timestamp>
			</report>
			<report>
				<misses>12172001</misses>
				<total>18</total>
				<timestamp>4620.735210</timestamp>
			</report>
			<report>
				<misses>12173001</misses>
				<total>18</total>
				<timestamp>4621.114818</timestamp>
			</report>
			<report>
				<misses>12174001</misses>
				<total>18</total>
				<timestamp>4621.494460</timestamp>
			</report>
			<report>
				<misses>12175001</misses>
				<total>18</total>
				<timestamp>4621.874060</timestamp>
			</report>
			<report>
				<misses>12176001</misses>
				<total>18</total>
				<timestamp>4622.253683</timestamp>
			</report>
			<report>
				<misses>12177001</misses>
				<total>18</total>
				<timestamp>4622.633313</timestamp>
			</report>
			<report>
				<misses>12178001</misses>
				<total>18</total>
				<timestamp>4623.012936</timestamp>
			</report>
			<report>
				<misses>12179001</misses>
				<total>18</total>
				<timestamp>4623.392537</timestamp>
			</report>
			<report>
				<misses>12180001</misses>
				<total>18</total>
				<timestamp>4623.772169</timestamp>
			</report>
			<report>
				<misses>12181001</misses>
				<total>18</total>
				<timestamp>4624.151792</timestamp>
			</report>
			<report>
				<misses>12182001</misses>
				<total>18</total>
				<timestamp>4624.531401</timestamp>
			</report>
			<report>
				<misses>12183001</misses>
				<total>18</total>
				<timestamp>4624.911045</timestamp>
			</report>
			<report>
				<misses>12184001</misses>
				<total>18</total>
				<timestamp>4625.290657</timestamp>
			</report>
			<report>
				<misses>12185001</misses>
				<total>18</total>
				<timestamp>4625.670256</timestamp>
			</report>
			<report>
				<misses>12186001</misses>
				<total>18</total>
				<timestamp>4626.049919</timestamp>
			</report>
			<report>
				<misses>12187001</misses>
				<total>18</total>
				<timestamp>4626.429495</timestamp>
			</report>
			<report>
				<misses>12188001</misses>
				<total>18</total>
				<timestamp>4626.809127</timestamp>
			</report>
			<report>
				<misses>12189001</misses>
				<total>18</total>
				<timestamp>4627.188765</timestamp>
			</report>
			<report>
				<misses>12190001</misses>
				<total>18</total>
				<timestamp>4627.568372</timestamp>
			</report>
			<report>
				<misses>12191001</misses>
				<total>18</total>
				<timestamp>4627.947987</timestamp>
			</report>
			<report>
				<misses>12192001</misses>
				<total>18</total>
				<timestamp>4628.327673</timestamp>
			</report>
			<report>
				<misses>12193001</misses>
				<total>18</total>
				<timestamp>4628.707281</timestamp>
			</report>
			<report>
				<misses>12194001</misses>
				<total>18</total>
				<timestamp>4629.086844</timestamp>
			</report>
			<report>
				<misses>12195001</misses>
				<total>18</total>
				<timestamp>4629.466453</timestamp>
			</report>
			<report>
				<misses>12196001</misses>
				<total>18</total>
				<timestamp>4629.846066</timestamp>
			</report>
			<report>
				<misses>12197001</misses>
				<total>18</total>
				<timestamp>4630.225742</timestamp>
			</report>
			<report>
				<misses>12198001</misses>
				<total>18</total>
				<timestamp>4630.605340</timestamp>
			</report>
			<report>
				<misses>12199001</misses>
				<total>18</total>
				<timestamp>4630.984996</timestamp>
			</report>
			<report>
				<misses>12200001</misses>
				<total>18</total>
				<timestamp>4631.364549</timestamp>
			</report>
			<report>
				<misses>12201001</misses>
				<total>18</total>
				<timestamp>4631.744166</timestamp>
			</report>
			<report>
				<misses>12202001</misses>
				<total>18</total>
				<timestamp>4632.123796</timestamp>
			</report>
			<report>
				<misses>12203001</misses>
				<total>18</total>
				<timestamp>4632.503422</timestamp>
			</report>
			<report>
				<misses>12204001</misses>
				<total>18</total>
				<timestamp>4632.883069</timestamp>
			</report>
			<report>
				<misses>12205001</misses>
				<total>18</total>
				<timestamp>4633.262659</timestamp>
			</report>
			<report>
				<misses>12206001</misses>
				<total>18</total>
				<timestamp>4633.642324</timestamp>
			</report>
			<report>
				<misses>12207001</misses>
				<total>18</total>
				<timestamp>4634.021956</timestamp>
			</report>
			<report>
				<misses>12208001</misses>
				<total>18</total>
				<timestamp>4634.401507</timestamp>
			</report>
			<report>
				<misses>12209001</misses>
				<total>18</total>
				<timestamp>4634.781153</timestamp>
			</report>
			<report>
				<misses>12210001</misses>
				<total>18</total>
				<timestamp>4635.160775</timestamp>
			</report>
			<report>
				<misses>12211001</misses>
				<total>18</total>
				<timestamp>4635.540375</timestamp>
			</report>
			<report>
				<misses>12212001</misses>
				<total>18</total>
				<timestamp>4635.920020</timestamp>
			</report>
			<report>
				<misses>12213001</misses>
				<total>18</total>
				<timestamp>4636.299612</timestamp>
			</report>
			<report>
				<misses>12214001</misses>
				<total>18</total>
				<timestamp>4636.679261</timestamp>
			</report>
			<report>
				<misses>12215001</misses>
				<total>18</total>
				<timestamp>4637.058879</timestamp>
			</report>
			<report>
				<misses>12216001</misses>
				<total>18</total>
				<timestamp>4637.438487</timestamp>
			</report>
			<report>
				<misses>12217001</misses>
				<total>18</total>
				<timestamp>4637.818106</timestamp>
			</report>
			<report>
				<misses>12218001</misses>
				<total>18</total>
				<timestamp>4638.197746</timestamp>
			</report>
			<report>
				<misses>12219001</misses>
				<total>18</total>
				<timestamp>4638.577367</timestamp>
			</report>
			<report>
				<misses>12220001</misses>
				<total>18</total>
				<timestamp>4638.957029</timestamp>
			</report>
			<report>
				<misses>12221001</misses>
				<total>18</total>
				<timestamp>4639.336594</timestamp>
			</report>
			<report>
				<misses>12222001</misses>
				<total>18</total>
				<timestamp>4639.716220</timestamp>
			</report>
			<report>
				<misses>12223001</misses>
				<total>18</total>
				<timestamp>4640.095894</timestamp>
			</report>
			<report>
				<misses>12224001</misses>
				<total>18</total>
				<timestamp>4640.475456</timestamp>
			</report>
			<report>
				<misses>12225001</misses>
				<total>18</total>
				<timestamp>4640.855056</timestamp>
			</report>
			<report>
				<misses>12226001</misses>
				<total>18</total>
				<timestamp>4641.234694</timestamp>
			</report>
			<report>
				<misses>12227001</misses>
				<total>18</total>
				<timestamp>4641.614300</timestamp>
			</report>
			<report>
				<misses>12228001</misses>
				<total>18</total>
				<timestamp>4641.993936</timestamp>
			</report>
			<report>
				<misses>12229001</misses>
				<total>18</total>
				<timestamp>4642.373552</timestamp>
			</report>
			<report>
				<misses>12230001</misses>
				<total>18</total>
				<timestamp>4642.753160</timestamp>
			</report>
			<report>
				<misses>12231001</misses>
				<total>18</total>
				<timestamp>4643.132808</timestamp>
			</report>
			<report>
				<misses>12232001</misses>
				<total>18</total>
				<timestamp>4643.512396</timestamp>
			</report>
			<report>
				<misses>12233001</misses>
				<total>18</total>
				<timestamp>4643.892041</timestamp>
			</report>
			<report>
				<misses>12234001</misses>
				<total>18</total>
				<timestamp>4644.271648</timestamp>
			</report>
			<report>
				<misses>12235001</misses>
				<total>18</total>
				<timestamp>4644.651274</timestamp>
			</report>
			<report>
				<misses>12236001</misses>
				<total>18</total>
				<timestamp>4645.030911</timestamp>
			</report>
			<report>
				<misses>12237001</misses>
				<total>18</total>
				<timestamp>4645.410515</timestamp>
			</report>
			<report>
				<misses>12238001</misses>
				<total>18</total>
				<timestamp>4645.790137</timestamp>
			</report>
			<report>
				<misses>12239001</misses>
				<total>18</total>
				<timestamp>4646.169790</timestamp>
			</report>
			<report>
				<misses>12240001</misses>
				<total>18</total>
				<timestamp>4646.549378</timestamp>
			</report>
			<report>
				<misses>12241001</misses>
				<total>18</total>
				<timestamp>4646.929003</timestamp>
			</report>
			<report>
				<misses>12242001</misses>
				<total>18</total>
				<timestamp>4647.308637</timestamp>
			</report>
			<report>
				<misses>12243001</misses>
				<total>18</total>
				<timestamp>4647.688241</timestamp>
			</report>
			<report>
				<misses>12244001</misses>
				<total>18</total>
				<timestamp>4648.067894</timestamp>
			</report>
			<report>
				<misses>12245001</misses>
				<total>18</total>
				<timestamp>4648.447463</timestamp>
			</report>
			<report>
				<misses>12246001</misses>
				<total>18</total>
				<timestamp>4648.827090</timestamp>
			</report>
			<report>
				<misses>12247001</misses>
				<total>18</total>
				<timestamp>4649.206770</timestamp>
			</report>
			<report>
				<misses>12248001</misses>
				<total>18</total>
				<timestamp>4649.586316</timestamp>
			</report>
			<report>
				<misses>12249001</misses>
				<total>18</total>
				<timestamp>4649.965947</timestamp>
			</report>
			<report>
				<misses>12250001</misses>
				<total>18</total>
				<timestamp>4650.345581</timestamp>
			</report>
			<report>
				<misses>12251001</misses>
				<total>18</total>
				<timestamp>4650.725244</timestamp>
			</report>
			<report>
				<misses>12252001</misses>
				<total>18</total>
				<timestamp>4651.104836</timestamp>
			</report>
			<report>
				<misses>12253001</misses>
				<total>18</total>
				<timestamp>4651.484410</timestamp>
			</report>
			<report>
				<misses>12254001</misses>
				<total>18</total>
				<timestamp>4651.864047</timestamp>
			</report>
			<report>
				<misses>12255001</misses>
				<total>18</total>
				<timestamp>4652.243663</timestamp>
			</report>
			<report>
				<misses>12256001</misses>
				<total>18</total>
				<timestamp>4652.623302</timestamp>
			</report>
			<report>
				<misses>12257001</misses>
				<total>18</total>
				<timestamp>4653.002930</timestamp>
			</report>
			<report>
				<misses>12258001</misses>
				<total>18</total>
				<timestamp>4653.382514</timestamp>
			</report>
			<report>
				<misses>12259001</misses>
				<total>18</total>
				<timestamp>4653.762162</timestamp>
			</report>
			<report>
				<misses>12260001</misses>
				<total>18</total>
				<timestamp>4654.141786</timestamp>
			</report>
			<report>
				<misses>12261001</misses>
				<total>18</total>
				<timestamp>4654.521387</timestamp>
			</report>
			<report>
				<misses>12262001</misses>
				<total>18</total>
				<timestamp>4654.901026</timestamp>
			</report>
			<report>
				<misses>12263001</misses>
				<total>18</total>
				<timestamp>4655.280619</timestamp>
			</report>
			<report>
				<misses>12264001</misses>
				<total>18</total>
				<timestamp>4655.660239</timestamp>
			</report>
			<report>
				<misses>12265001</misses>
				<total>18</total>
				<timestamp>4656.039904</timestamp>
			</report>
			<report>
				<misses>12266001</misses>
				<total>18</total>
				<timestamp>4656.419501</timestamp>
			</report>
			<report>
				<misses>12267001</misses>
				<total>18</total>
				<timestamp>4656.799145</timestamp>
			</report>
			<report>
				<misses>12268001</misses>
				<total>18</total>
				<timestamp>4657.178717</timestamp>
			</report>
			<report>
				<misses>12269001</misses>
				<total>17</total>
				<timestamp>4657.558439</timestamp>
			</report>
			<report>
				<misses>12270001</misses>
				<total>18</total>
				<timestamp>4657.937948</timestamp>
			</report>
			<report>
				<misses>12271001</misses>
				<total>18</total>
				<timestamp>4658.317594</timestamp>
			</report>
			<report>
				<misses>12272001</misses>
				<total>18</total>
				<timestamp>4658.697225</timestamp>
			</report>
			<report>
				<misses>12273001</misses>
				<total>18</total>
				<timestamp>4659.076859</timestamp>
			</report>
			<report>
				<misses>12274001</misses>
				<total>18</total>
				<timestamp>4659.456474</timestamp>
			</report>
			<report>
				<misses>12275001</misses>
				<total>18</total>
				<timestamp>4659.836080</timestamp>
			</report>
			<report>
				<misses>12276001</misses>
				<total>18</total>
				<timestamp>4660.215701</timestamp>
			</report>
			<report>
				<misses>12277001</misses>
				<total>18</total>
				<timestamp>4660.595299</timestamp>
			</report>
			<report>
				<misses>12278001</misses>
				<total>18</total>
				<timestamp>4660.974908</timestamp>
			</report>
			<report>
				<misses>12279001</misses>
				<total>18</total>
				<timestamp>4661.354537</timestamp>
			</report>
			<report>
				<misses>12280001</misses>
				<total>18</total>
				<timestamp>4661.734160</timestamp>
			</report>
			<report>
				<misses>12281001</misses>
				<total>18</total>
				<timestamp>4662.113838</timestamp>
			</report>
			<report>
				<misses>12282001</misses>
				<total>18</total>
				<timestamp>4662.493392</timestamp>
			</report>
			<report>
				<misses>12283001</misses>
				<total>18</total>
				<timestamp>4662.873040</timestamp>
			</report>
			<report>
				<misses>12284001</misses>
				<total>18</total>
				<timestamp>4663.252653</timestamp>
			</report>
			<report>
				<misses>12285001</misses>
				<total>18</total>
				<timestamp>4663.632278</timestamp>
			</report>
			<report>
				<misses>12286001</misses>
				<total>18</total>
				<timestamp>4664.011889</timestamp>
			</report>
			<report>
				<misses>12287001</misses>
				<total>18</total>
				<timestamp>4664.391494</timestamp>
			</report>
			<report>
				<misses>12288001</misses>
				<total>18</total>
				<timestamp>4664.771170</timestamp>
			</report>
			<report>
				<misses>12289001</misses>
				<total>18</total>
				<timestamp>4665.150786</timestamp>
			</report>
			<report>
				<misses>12290001</misses>
				<total>18</total>
				<timestamp>4665.530385</timestamp>
			</report>
			<report>
				<misses>12291001</misses>
				<total>18</total>
				<timestamp>4665.909984</timestamp>
			</report>
			<report>
				<misses>12292001</misses>
				<total>18</total>
				<timestamp>4666.289617</timestamp>
			</report>
			<report>
				<misses>12293001</misses>
				<total>18</total>
				<timestamp>4666.669239</timestamp>
			</report>
			<report>
				<misses>12294001</misses>
				<total>18</total>
				<timestamp>4667.048874</timestamp>
			</report>
			<report>
				<misses>12295001</misses>
				<total>18</total>
				<timestamp>4667.428457</timestamp>
			</report>
			<report>
				<misses>12296001</misses>
				<total>18</total>
				<timestamp>4667.808083</timestamp>
			</report>
			<report>
				<misses>12297001</misses>
				<total>18</total>
				<timestamp>4668.187750</timestamp>
			</report>
			<report>
				<misses>12298001</misses>
				<total>18</total>
				<timestamp>4668.567324</timestamp>
			</report>
			<report>
				<misses>12299001</misses>
				<total>18</total>
				<timestamp>4668.946953</timestamp>
			</report>
			<report>
				<misses>12300001</misses>
				<total>18</total>
				<timestamp>4669.326571</timestamp>
			</report>
			<report>
				<misses>12301001</misses>
				<total>18</total>
				<timestamp>4669.706190</timestamp>
			</report>
			<report>
				<misses>12302001</misses>
				<total>18</total>
				<timestamp>4670.085815</timestamp>
			</report>
			<report>
				<misses>12303001</misses>
				<total>18</total>
				<timestamp>4670.465417</timestamp>
			</report>
			<report>
				<misses>12304001</misses>
				<total>18</total>
				<timestamp>4670.845036</timestamp>
			</report>
			<report>
				<misses>12305001</misses>
				<total>18</total>
				<timestamp>4671.224685</timestamp>
			</report>
			<report>
				<misses>12306001</misses>
				<total>18</total>
				<timestamp>4671.604288</timestamp>
			</report>
			<report>
				<misses>12307001</misses>
				<total>18</total>
				<timestamp>4671.983929</timestamp>
			</report>
			<report>
				<misses>12308001</misses>
				<total>18</total>
				<timestamp>4672.363520</timestamp>
			</report>
			<report>
				<misses>12309001</misses>
				<total>18</total>
				<timestamp>4672.743149</timestamp>
			</report>
			<report>
				<misses>12310001</misses>
				<total>18</total>
				<timestamp>4673.122781</timestamp>
			</report>
			<report>
				<misses>12311001</misses>
				<total>18</total>
				<timestamp>4673.502379</timestamp>
			</report>
			<report>
				<misses>12312001</misses>
				<total>18</total>
				<timestamp>4673.881995</timestamp>
			</report>
			<report>
				<misses>12313001</misses>
				<total>18</total>
				<timestamp>4674.261648</timestamp>
			</report>
			<report>
				<misses>12314001</misses>
				<total>18</total>
				<timestamp>4674.641234</timestamp>
			</report>
			<report>
				<misses>12315001</misses>
				<total>18</total>
				<timestamp>4675.020858</timestamp>
			</report>
			<report>
				<misses>12316001</misses>
				<total>18</total>
				<timestamp>4675.400477</timestamp>
			</report>
			<report>
				<misses>12317001</misses>
				<total>18</total>
				<timestamp>4675.780158</timestamp>
			</report>
			<report>
				<misses>12318001</misses>
				<total>18</total>
				<timestamp>4676.159762</timestamp>
			</report>
			<report>
				<misses>12319001</misses>
				<total>18</total>
				<timestamp>4676.539355</timestamp>
			</report>
			<report>
				<misses>12320001</misses>
				<total>18</total>
				<timestamp>4676.918957</timestamp>
			</report>
			<report>
				<misses>12321001</misses>
				<total>18</total>
				<timestamp>4677.298563</timestamp>
			</report>
			<report>
				<misses>12322001</misses>
				<total>18</total>
				<timestamp>4677.678207</timestamp>
			</report>
			<report>
				<misses>12323001</misses>
				<total>18</total>
				<timestamp>4678.057825</timestamp>
			</report>
			<report>
				<misses>12324001</misses>
				<total>18</total>
				<timestamp>4678.437437</timestamp>
			</report>
			<report>
				<misses>12325001</misses>
				<total>18</total>
				<timestamp>4678.817070</timestamp>
			</report>
			<report>
				<misses>12326001</misses>
				<total>18</total>
				<timestamp>4679.196687</timestamp>
			</report>
			<report>
				<misses>12327001</misses>
				<total>18</total>
				<timestamp>4679.576292</timestamp>
			</report>
			<report>
				<misses>12328001</misses>
				<total>18</total>
				<timestamp>4679.955911</timestamp>
			</report>
			<report>
				<misses>12329001</misses>
				<total>18</total>
				<timestamp>4680.335555</timestamp>
			</report>
			<report>
				<misses>12330001</misses>
				<total>18</total>
				<timestamp>4680.715172</timestamp>
			</report>
			<report>
				<misses>12331001</misses>
				<total>18</total>
				<timestamp>4681.094819</timestamp>
			</report>
			<report>
				<misses>12332001</misses>
				<total>18</total>
				<timestamp>4681.474417</timestamp>
			</report>
			<report>
				<misses>12333001</misses>
				<total>18</total>
				<timestamp>4681.854043</timestamp>
			</report>
			<report>
				<misses>12334001</misses>
				<total>18</total>
				<timestamp>4682.233686</timestamp>
			</report>
			<report>
				<misses>12335001</misses>
				<total>18</total>
				<timestamp>4682.613291</timestamp>
			</report>
			<report>
				<misses>12336001</misses>
				<total>18</total>
				<timestamp>4682.992895</timestamp>
			</report>
			<report>
				<misses>12337001</misses>
				<total>18</total>
				<timestamp>4683.372524</timestamp>
			</report>
			<report>
				<misses>12338001</misses>
				<total>18</total>
				<timestamp>4683.752111</timestamp>
			</report>
			<report>
				<misses>12339001</misses>
				<total>18</total>
				<timestamp>4684.131768</timestamp>
			</report>
			<report>
				<misses>12340001</misses>
				<total>18</total>
				<timestamp>4684.511371</timestamp>
			</report>
			<report>
				<misses>12341001</misses>
				<total>18</total>
				<timestamp>4684.890985</timestamp>
			</report>
			<report>
				<misses>12342001</misses>
				<total>18</total>
				<timestamp>4685.270643</timestamp>
			</report>
			<report>
				<misses>12343001</misses>
				<total>18</total>
				<timestamp>4685.650238</timestamp>
			</report>
			<report>
				<misses>12344001</misses>
				<total>18</total>
				<timestamp>4686.029862</timestamp>
			</report>
			<report>
				<misses>12345001</misses>
				<total>18</total>
				<timestamp>4686.409469</timestamp>
			</report>
			<report>
				<misses>12346001</misses>
				<total>18</total>
				<timestamp>4686.789121</timestamp>
			</report>
			<report>
				<misses>12347001</misses>
				<total>18</total>
				<timestamp>4687.168753</timestamp>
			</report>
			<report>
				<misses>12348001</misses>
				<total>18</total>
				<timestamp>4687.548340</timestamp>
			</report>
			<report>
				<misses>12349001</misses>
				<total>18</total>
				<timestamp>4687.927943</timestamp>
			</report>
			<report>
				<misses>12350001</misses>
				<total>18</total>
				<timestamp>4688.307583</timestamp>
			</report>
			<report>
				<misses>12351001</misses>
				<total>18</total>
				<timestamp>4688.687223</timestamp>
			</report>
			<report>
				<misses>12352001</misses>
				<total>18</total>
				<timestamp>4689.066820</timestamp>
			</report>
			<report>
				<misses>12353001</misses>
				<total>18</total>
				<timestamp>4689.446481</timestamp>
			</report>
			<report>
				<misses>12354001</misses>
				<total>18</total>
				<timestamp>4689.826031</timestamp>
			</report>
			<report>
				<misses>12355001</misses>
				<total>18</total>
				<timestamp>4690.205690</timestamp>
			</report>
			<report>
				<misses>12356001</misses>
				<total>18</total>
				<timestamp>4690.585288</timestamp>
			</report>
			<report>
				<misses>12357001</misses>
				<total>18</total>
				<timestamp>4690.964887</timestamp>
			</report>
			<report>
				<misses>12358001</misses>
				<total>18</total>
				<timestamp>4691.344560</timestamp>
			</report>
			<report>
				<misses>12359001</misses>
				<total>18</total>
				<timestamp>4691.724140</timestamp>
			</report>
			<report>
				<misses>12360001</misses>
				<total>18</total>
				<timestamp>4692.103774</timestamp>
			</report>
			<report>
				<misses>12361001</misses>
				<total>18</total>
				<timestamp>4692.483370</timestamp>
			</report>
			<report>
				<misses>12362001</misses>
				<total>18</total>
				<timestamp>4692.862995</timestamp>
			</report>
			<report>
				<misses>12363001</misses>
				<total>18</total>
				<timestamp>4693.242635</timestamp>
			</report>
			<report>
				<misses>12364001</misses>
				<total>18</total>
				<timestamp>4693.622275</timestamp>
			</report>
			<report>
				<misses>12365001</misses>
				<total>18</total>
				<timestamp>4694.001870</timestamp>
			</report>
			<report>
				<misses>12366001</misses>
				<total>18</total>
				<timestamp>4694.381517</timestamp>
			</report>
			<report>
				<misses>12367001</misses>
				<total>18</total>
				<timestamp>4694.761094</timestamp>
			</report>
			<report>
				<misses>12368001</misses>
				<total>18</total>
				<timestamp>4695.140717</timestamp>
			</report>
			<report>
				<misses>12369001</misses>
				<total>18</total>
				<timestamp>4695.520357</timestamp>
			</report>
			<report>
				<misses>12370001</misses>
				<total>18</total>
				<timestamp>4695.899952</timestamp>
			</report>
			<report>
				<misses>12371001</misses>
				<total>18</total>
				<timestamp>4696.279583</timestamp>
			</report>
			<report>
				<misses>12372001</misses>
				<total>18</total>
				<timestamp>4696.659203</timestamp>
			</report>
			<report>
				<misses>12373001</misses>
				<total>18</total>
				<timestamp>4697.038807</timestamp>
			</report>
			<report>
				<misses>12374001</misses>
				<total>18</total>
				<timestamp>4697.418477</timestamp>
			</report>
			<report>
				<misses>12375001</misses>
				<total>18</total>
				<timestamp>4697.798075</timestamp>
			</report>
			<report>
				<misses>12376001</misses>
				<total>18</total>
				<timestamp>4698.177703</timestamp>
			</report>
			<report>
				<misses>12377001</misses>
				<total>18</total>
				<timestamp>4698.557299</timestamp>
			</report>
			<report>
				<misses>12378001</misses>
				<total>18</total>
				<timestamp>4698.936920</timestamp>
			</report>
			<report>
				<misses>12379001</misses>
				<total>18</total>
				<timestamp>4699.316548</timestamp>
			</report>
			<report>
				<misses>12380001</misses>
				<total>18</total>
				<timestamp>4699.696163</timestamp>
			</report>
			<report>
				<misses>12381001</misses>
				<total>18</total>
				<timestamp>4700.075801</timestamp>
			</report>
			<report>
				<misses>12382001</misses>
				<total>18</total>
				<timestamp>4700.455440</timestamp>
			</report>
			<report>
				<misses>12383001</misses>
				<total>18</total>
				<timestamp>4700.835038</timestamp>
			</report>
			<report>
				<misses>12384001</misses>
				<total>18</total>
				<timestamp>4701.214663</timestamp>
			</report>
			<report>
				<misses>12385001</misses>
				<total>18</total>
				<timestamp>4701.594279</timestamp>
			</report>
			<report>
				<misses>12386001</misses>
				<total>18</total>
				<timestamp>4701.973878</timestamp>
			</report>
			<report>
				<misses>12387001</misses>
				<total>18</total>
				<timestamp>4702.353497</timestamp>
			</report>
			<report>
				<misses>12388001</misses>
				<total>18</total>
				<timestamp>4702.733135</timestamp>
			</report>
			<report>
				<misses>12389001</misses>
				<total>18</total>
				<timestamp>4703.112755</timestamp>
			</report>
			<report>
				<misses>12390001</misses>
				<total>18</total>
				<timestamp>4703.492388</timestamp>
			</report>
			<report>
				<misses>12391001</misses>
				<total>18</total>
				<timestamp>4703.871995</timestamp>
			</report>
			<report>
				<misses>12392001</misses>
				<total>18</total>
				<timestamp>4704.251661</timestamp>
			</report>
			<report>
				<misses>12393001</misses>
				<total>18</total>
				<timestamp>4704.631279</timestamp>
			</report>
			<report>
				<misses>12394001</misses>
				<total>18</total>
				<timestamp>4705.010901</timestamp>
			</report>
			<report>
				<misses>12395001</misses>
				<total>18</total>
				<timestamp>4705.390483</timestamp>
			</report>
			<report>
				<misses>12396001</misses>
				<total>18</total>
				<timestamp>4705.770100</timestamp>
			</report>
			<report>
				<misses>12397001</misses>
				<total>18</total>
				<timestamp>4706.149726</timestamp>
			</report>
			<report>
				<misses>12398001</misses>
				<total>18</total>
				<timestamp>4706.529329</timestamp>
			</report>
			<report>
				<misses>12399001</misses>
				<total>18</total>
				<timestamp>4706.908941</timestamp>
			</report>
			<report>
				<misses>12400001</misses>
				<total>18</total>
				<timestamp>4707.288563</timestamp>
			</report>
			<report>
				<misses>12401001</misses>
				<total>18</total>
				<timestamp>4707.668180</timestamp>
			</report>
			<report>
				<misses>12402001</misses>
				<total>18</total>
				<timestamp>4708.047795</timestamp>
			</report>
			<report>
				<misses>12403001</misses>
				<total>18</total>
				<timestamp>4708.427480</timestamp>
			</report>
			<report>
				<misses>12404001</misses>
				<total>18</total>
				<timestamp>4708.807056</timestamp>
			</report>
			<report>
				<misses>12405001</misses>
				<total>18</total>
				<timestamp>4709.186687</timestamp>
			</report>
			<report>
				<misses>12406001</misses>
				<total>18</total>
				<timestamp>4709.566272</timestamp>
			</report>
			<report>
				<misses>12407001</misses>
				<total>18</total>
				<timestamp>4709.945895</timestamp>
			</report>
			<report>
				<misses>12408001</misses>
				<total>18</total>
				<timestamp>4710.325559</timestamp>
			</report>
			<report>
				<misses>12409001</misses>
				<total>18</total>
				<timestamp>4710.705144</timestamp>
			</report>
			<report>
				<misses>12410001</misses>
				<total>18</total>
				<timestamp>4711.084752</timestamp>
			</report>
			<report>
				<misses>12411001</misses>
				<total>18</total>
				<timestamp>4711.464420</timestamp>
			</report>
			<report>
				<misses>12412001</misses>
				<total>18</total>
				<timestamp>4711.843997</timestamp>
			</report>
			<report>
				<misses>12413001</misses>
				<total>18</total>
				<timestamp>4712.223625</timestamp>
			</report>
			<report>
				<misses>12414001</misses>
				<total>18</total>
				<timestamp>4712.603256</timestamp>
			</report>
			<report>
				<misses>12415001</misses>
				<total>18</total>
				<timestamp>4712.982857</timestamp>
			</report>
			<report>
				<misses>12416001</misses>
				<total>18</total>
				<timestamp>4713.362508</timestamp>
			</report>
			<report>
				<misses>12417001</misses>
				<total>18</total>
				<timestamp>4713.742095</timestamp>
			</report>
			<report>
				<misses>12418001</misses>
				<total>18</total>
				<timestamp>4714.121732</timestamp>
			</report>
			<report>
				<misses>12419001</misses>
				<total>18</total>
				<timestamp>4714.501360</timestamp>
			</report>
			<report>
				<misses>12420001</misses>
				<total>18</total>
				<timestamp>4714.880960</timestamp>
			</report>
			<report>
				<misses>12421001</misses>
				<total>18</total>
				<timestamp>4715.260581</timestamp>
			</report>
			<report>
				<misses>12422001</misses>
				<total>18</total>
				<timestamp>4715.640224</timestamp>
			</report>
			<report>
				<misses>12423001</misses>
				<total>18</total>
				<timestamp>4716.019813</timestamp>
			</report>
			<report>
				<misses>12424001</misses>
				<total>18</total>
				<timestamp>4716.399443</timestamp>
			</report>
			<report>
				<misses>12425001</misses>
				<total>18</total>
				<timestamp>4716.779057</timestamp>
			</report>
			<report>
				<misses>12426001</misses>
				<total>18</total>
				<timestamp>4717.158667</timestamp>
			</report>
			<report>
				<misses>12427001</misses>
				<total>18</total>
				<timestamp>4717.538312</timestamp>
			</report>
			<report>
				<misses>12428001</misses>
				<total>18</total>
				<timestamp>4717.917927</timestamp>
			</report>
			<report>
				<misses>12429001</misses>
				<total>18</total>
				<timestamp>4718.297564</timestamp>
			</report>
			<report>
				<misses>12430001</misses>
				<total>18</total>
				<timestamp>4718.677164</timestamp>
			</report>
			<report>
				<misses>12431001</misses>
				<total>18</total>
				<timestamp>4719.056788</timestamp>
			</report>
			<report>
				<misses>12432001</misses>
				<total>18</total>
				<timestamp>4719.436420</timestamp>
			</report>
			<report>
				<misses>12433001</misses>
				<total>18</total>
				<timestamp>4719.816018</timestamp>
			</report>
			<report>
				<misses>12434001</misses>
				<total>18</total>
				<timestamp>4720.195644</timestamp>
			</report>
			<report>
				<misses>12435001</misses>
				<total>18</total>
				<timestamp>4720.575358</timestamp>
			</report>
			<report>
				<misses>12436001</misses>
				<total>18</total>
				<timestamp>4720.954876</timestamp>
			</report>
			<report>
				<misses>12437001</misses>
				<total>18</total>
				<timestamp>4721.334521</timestamp>
			</report>
			<report>
				<misses>12438001</misses>
				<total>18</total>
				<timestamp>4721.714160</timestamp>
			</report>
			<report>
				<misses>12439001</misses>
				<total>18</total>
				<timestamp>4722.093754</timestamp>
			</report>
			<report>
				<misses>12440001</misses>
				<total>18</total>
				<timestamp>4722.473399</timestamp>
			</report>
			<report>
				<misses>12441001</misses>
				<total>18</total>
				<timestamp>4722.852968</timestamp>
			</report>
			<report>
				<misses>12442001</misses>
				<total>18</total>
				<timestamp>4723.232593</timestamp>
			</report>
			<report>
				<misses>12443001</misses>
				<total>18</total>
				<timestamp>4723.612254</timestamp>
			</report>
			<report>
				<misses>12444001</misses>
				<total>18</total>
				<timestamp>4723.991837</timestamp>
			</report>
			<report>
				<misses>12445001</misses>
				<total>18</total>
				<timestamp>4724.371459</timestamp>
			</report>
			<report>
				<misses>12446001</misses>
				<total>18</total>
				<timestamp>4724.751088</timestamp>
			</report>
			<report>
				<misses>12447001</misses>
				<total>18</total>
				<timestamp>4725.130697</timestamp>
			</report>
			<report>
				<misses>12448001</misses>
				<total>18</total>
				<timestamp>4725.510366</timestamp>
			</report>
			<report>
				<misses>12449001</misses>
				<total>18</total>
				<timestamp>4725.889954</timestamp>
			</report>
			<report>
				<misses>12450001</misses>
				<total>18</total>
				<timestamp>4726.269562</timestamp>
			</report>
			<report>
				<misses>12451001</misses>
				<total>18</total>
				<timestamp>4726.649198</timestamp>
			</report>
			<report>
				<misses>12452001</misses>
				<total>18</total>
				<timestamp>4727.028812</timestamp>
			</report>
			<report>
				<misses>12453001</misses>
				<total>18</total>
				<timestamp>4727.408442</timestamp>
			</report>
			<report>
				<misses>12454001</misses>
				<total>18</total>
				<timestamp>4727.788034</timestamp>
			</report>
			<report>
				<misses>12455001</misses>
				<total>18</total>
				<timestamp>4728.167654</timestamp>
			</report>
			<report>
				<misses>12456001</misses>
				<total>18</total>
				<timestamp>4728.547316</timestamp>
			</report>
			<report>
				<misses>12457001</misses>
				<total>18</total>
				<timestamp>4728.926922</timestamp>
			</report>
			<report>
				<misses>12458001</misses>
				<total>18</total>
				<timestamp>4729.306536</timestamp>
			</report>
			<report>
				<misses>12459001</misses>
				<total>18</total>
				<timestamp>4729.686151</timestamp>
			</report>
			<report>
				<misses>12460001</misses>
				<total>18</total>
				<timestamp>4730.065764</timestamp>
			</report>
			<report>
				<misses>12461001</misses>
				<total>18</total>
				<timestamp>4730.445437</timestamp>
			</report>
			<report>
				<misses>12462001</misses>
				<total>18</total>
				<timestamp>4730.825003</timestamp>
			</report>
			<report>
				<misses>12463001</misses>
				<total>18</total>
				<timestamp>4731.204607</timestamp>
			</report>
			<report>
				<misses>12464001</misses>
				<total>18</total>
				<timestamp>4731.584303</timestamp>
			</report>
			<report>
				<misses>12465001</misses>
				<total>18</total>
				<timestamp>4731.963889</timestamp>
			</report>
			<report>
				<misses>12466001</misses>
				<total>18</total>
				<timestamp>4732.343501</timestamp>
			</report>
			<report>
				<misses>12467001</misses>
				<total>18</total>
				<timestamp>4732.723101</timestamp>
			</report>
			<report>
				<misses>12468001</misses>
				<total>18</total>
				<timestamp>4733.102727</timestamp>
			</report>
			<report>
				<misses>12469001</misses>
				<total>18</total>
				<timestamp>4733.482381</timestamp>
			</report>
			<report>
				<misses>12470001</misses>
				<total>18</total>
				<timestamp>4733.861982</timestamp>
			</report>
			<report>
				<misses>12471001</misses>
				<total>18</total>
				<timestamp>4734.241588</timestamp>
			</report>
			<report>
				<misses>12472001</misses>
				<total>18</total>
				<timestamp>4734.621249</timestamp>
			</report>
			<report>
				<misses>12473001</misses>
				<total>18</total>
				<timestamp>4735.000822</timestamp>
			</report>
			<report>
				<misses>12474001</misses>
				<total>18</total>
				<timestamp>4735.380467</timestamp>
			</report>
			<report>
				<misses>12475001</misses>
				<total>18</total>
				<timestamp>4735.760063</timestamp>
			</report>
			<report>
				<misses>12476001</misses>
				<total>18</total>
				<timestamp>4736.139710</timestamp>
			</report>
			<report>
				<misses>12477001</misses>
				<total>18</total>
				<timestamp>4736.519319</timestamp>
			</report>
			<report>
				<misses>12478001</misses>
				<total>18</total>
				<timestamp>4736.898920</timestamp>
			</report>
			<report>
				<misses>12479001</misses>
				<total>18</total>
				<timestamp>4737.278541</timestamp>
			</report>
			<report>
				<misses>12480001</misses>
				<total>18</total>
				<timestamp>4737.658170</timestamp>
			</report>
			<report>
				<misses>12481001</misses>
				<total>18</total>
				<timestamp>4738.037786</timestamp>
			</report>
			<report>
				<misses>12482001</misses>
				<total>18</total>
				<timestamp>4738.417395</timestamp>
			</report>
			<report>
				<misses>12483001</misses>
				<total>18</total>
				<timestamp>4738.797043</timestamp>
			</report>
			<report>
				<misses>12484001</misses>
				<total>18</total>
				<timestamp>4739.176628</timestamp>
			</report>
			<report>
				<misses>12485001</misses>
				<total>18</total>
				<timestamp>4739.556285</timestamp>
			</report>
			<report>
				<misses>12486001</misses>
				<total>18</total>
				<timestamp>4739.935874</timestamp>
			</report>
			<report>
				<misses>12487001</misses>
				<total>18</total>
				<timestamp>4740.315495</timestamp>
			</report>
			<report>
				<misses>12488001</misses>
				<total>18</total>
				<timestamp>4740.695119</timestamp>
			</report>
			<report>
				<misses>12489001</misses>
				<total>18</total>
				<timestamp>4741.074723</timestamp>
			</report>
			<report>
				<misses>12490001</misses>
				<total>18</total>
				<timestamp>4741.454372</timestamp>
			</report>
			<report>
				<misses>12491001</misses>
				<total>18</total>
				<timestamp>4741.833990</timestamp>
			</report>
			<report>
				<misses>12492001</misses>
				<total>18</total>
				<timestamp>4742.213617</timestamp>
			</report>
			<report>
				<misses>12493001</misses>
				<total>18</total>
				<timestamp>4742.593249</timestamp>
			</report>
			<report>
				<misses>12494001</misses>
				<total>18</total>
				<timestamp>4742.972829</timestamp>
			</report>
			<report>
				<misses>12495001</misses>
				<total>18</total>
				<timestamp>4743.352468</timestamp>
			</report>
			<report>
				<misses>12496001</misses>
				<total>18</total>
				<timestamp>4743.732095</timestamp>
			</report>
			<report>
				<misses>12497001</misses>
				<total>18</total>
				<timestamp>4744.111743</timestamp>
			</report>
			<report>
				<misses>12498001</misses>
				<total>18</total>
				<timestamp>4744.491353</timestamp>
			</report>
			<report>
				<misses>12499001</misses>
				<total>18</total>
				<timestamp>4744.870935</timestamp>
			</report>
			<report>
				<misses>12500001</misses>
				<total>18</total>
				<timestamp>4745.250547</timestamp>
			</report>
			<report>
				<misses>12501001</misses>
				<total>18</total>
				<timestamp>4745.630229</timestamp>
			</report>
			<report>
				<misses>12502001</misses>
				<total>18</total>
				<timestamp>4746.009813</timestamp>
			</report>
			<report>
				<misses>12503001</misses>
				<total>18</total>
				<timestamp>4746.389434</timestamp>
			</report>
			<report>
				<misses>12504001</misses>
				<total>18</total>
				<timestamp>4746.769043</timestamp>
			</report>
			<report>
				<misses>12505001</misses>
				<total>18</total>
				<timestamp>4747.148660</timestamp>
			</report>
			<report>
				<misses>12506001</misses>
				<total>18</total>
				<timestamp>4747.528321</timestamp>
			</report>
			<report>
				<misses>12507001</misses>
				<total>18</total>
				<timestamp>4747.907910</timestamp>
			</report>
			<report>
				<misses>12508001</misses>
				<total>18</total>
				<timestamp>4748.287557</timestamp>
			</report>
			<report>
				<misses>12509001</misses>
				<total>18</total>
				<timestamp>4748.667197</timestamp>
			</report>
			<report>
				<misses>12510001</misses>
				<total>18</total>
				<timestamp>4749.046766</timestamp>
			</report>
			<report>
				<misses>12511001</misses>
				<total>18</total>
				<timestamp>4749.426379</timestamp>
			</report>
			<report>
				<misses>12512001</misses>
				<total>18</total>
				<timestamp>4749.806002</timestamp>
			</report>
			<report>
				<misses>12513001</misses>
				<total>18</total>
				<timestamp>4750.185632</timestamp>
			</report>
			<report>
				<misses>12514001</misses>
				<total>18</total>
				<timestamp>4750.565296</timestamp>
			</report>
			<report>
				<misses>12515001</misses>
				<total>18</total>
				<timestamp>4750.944868</timestamp>
			</report>
			<report>
				<misses>12516001</misses>
				<total>18</total>
				<timestamp>4751.324500</timestamp>
			</report>
			<report>
				<misses>12517001</misses>
				<total>18</total>
				<timestamp>4751.704130</timestamp>
			</report>
			<report>
				<misses>12518001</misses>
				<total>18</total>
				<timestamp>4752.083731</timestamp>
			</report>
			<report>
				<misses>12519001</misses>
				<total>18</total>
				<timestamp>4752.463361</timestamp>
			</report>
			<report>
				<misses>12520001</misses>
				<total>18</total>
				<timestamp>4752.842990</timestamp>
			</report>
			<report>
				<misses>12521001</misses>
				<total>18</total>
				<timestamp>4753.222561</timestamp>
			</report>
			<report>
				<misses>12522001</misses>
				<total>18</total>
				<timestamp>4753.602228</timestamp>
			</report>
			<report>
				<misses>12523001</misses>
				<total>18</total>
				<timestamp>4753.981825</timestamp>
			</report>
			<report>
				<misses>12524001</misses>
				<total>18</total>
				<timestamp>4754.361464</timestamp>
			</report>
			<report>
				<misses>12525001</misses>
				<total>18</total>
				<timestamp>4754.741067</timestamp>
			</report>
			<report>
				<misses>12526001</misses>
				<total>18</total>
				<timestamp>4755.120671</timestamp>
			</report>
			<report>
				<misses>12527001</misses>
				<total>18</total>
				<timestamp>4755.500317</timestamp>
			</report>
			<report>
				<misses>12528001</misses>
				<total>18</total>
				<timestamp>4755.879918</timestamp>
			</report>
			<report>
				<misses>12529001</misses>
				<total>18</total>
				<timestamp>4756.259532</timestamp>
			</report>
			<report>
				<misses>12530001</misses>
				<total>18</total>
				<timestamp>4756.639165</timestamp>
			</report>
			<report>
				<misses>12531001</misses>
				<total>18</total>
				<timestamp>4757.018794</timestamp>
			</report>
			<report>
				<misses>12532001</misses>
				<total>18</total>
				<timestamp>4757.398395</timestamp>
			</report>
			<report>
				<misses>12533001</misses>
				<total>18</total>
				<timestamp>4757.778029</timestamp>
			</report>
			<report>
				<misses>12534001</misses>
				<total>18</total>
				<timestamp>4758.157648</timestamp>
			</report>
			<report>
				<misses>12535001</misses>
				<total>18</total>
				<timestamp>4758.537278</timestamp>
			</report>
			<report>
				<misses>12536001</misses>
				<total>18</total>
				<timestamp>4758.916881</timestamp>
			</report>
			<report>
				<misses>12537001</misses>
				<total>18</total>
				<timestamp>4759.296530</timestamp>
			</report>
			<report>
				<misses>12538001</misses>
				<total>18</total>
				<timestamp>4759.676131</timestamp>
			</report>
			<report>
				<misses>12539001</misses>
				<total>18</total>
				<timestamp>4760.055753</timestamp>
			</report>
			<report>
				<misses>12540001</misses>
				<total>18</total>
				<timestamp>4760.435372</timestamp>
			</report>
			<report>
				<misses>12541001</misses>
				<total>18</total>
				<timestamp>4760.814968</timestamp>
			</report>
			<report>
				<misses>12542001</misses>
				<total>18</total>
				<timestamp>4761.194596</timestamp>
			</report>
			<report>
				<misses>12543001</misses>
				<total>18</total>
				<timestamp>4761.574260</timestamp>
			</report>
			<report>
				<misses>12544001</misses>
				<total>18</total>
				<timestamp>4761.953845</timestamp>
			</report>
			<report>
				<misses>12545001</misses>
				<total>18</total>
				<timestamp>4762.333462</timestamp>
			</report>
			<report>
				<misses>12546001</misses>
				<total>18</total>
				<timestamp>4762.713077</timestamp>
			</report>
			<report>
				<misses>12547001</misses>
				<total>18</total>
				<timestamp>4763.092709</timestamp>
			</report>
			<report>
				<misses>12548001</misses>
				<total>18</total>
				<timestamp>4763.472324</timestamp>
			</report>
			<report>
				<misses>12549001</misses>
				<total>18</total>
				<timestamp>4763.851938</timestamp>
			</report>
			<report>
				<misses>12550001</misses>
				<total>18</total>
				<timestamp>4764.231610</timestamp>
			</report>
			<report>
				<misses>12551001</misses>
				<total>18</total>
				<timestamp>4764.611190</timestamp>
			</report>
			<report>
				<misses>12552001</misses>
				<total>18</total>
				<timestamp>4764.990835</timestamp>
			</report>
			<report>
				<misses>12553001</misses>
				<total>18</total>
				<timestamp>4765.370436</timestamp>
			</report>
			<report>
				<misses>12554001</misses>
				<total>18</total>
				<timestamp>4765.750086</timestamp>
			</report>
			<report>
				<misses>12555001</misses>
				<total>18</total>
				<timestamp>4766.129658</timestamp>
			</report>
			<report>
				<misses>12556001</misses>
				<total>18</total>
				<timestamp>4766.509281</timestamp>
			</report>
			<report>
				<misses>12557001</misses>
				<total>18</total>
				<timestamp>4766.888891</timestamp>
			</report>
			<report>
				<misses>12558001</misses>
				<total>18</total>
				<timestamp>4767.268526</timestamp>
			</report>
			<report>
				<misses>12559001</misses>
				<total>18</total>
				<timestamp>4767.648185</timestamp>
			</report>
			<report>
				<misses>12560001</misses>
				<total>18</total>
				<timestamp>4768.027763</timestamp>
			</report>
			<report>
				<misses>12561001</misses>
				<total>18</total>
				<timestamp>4768.407410</timestamp>
			</report>
			<report>
				<misses>12562001</misses>
				<total>18</total>
				<timestamp>4768.787030</timestamp>
			</report>
			<report>
				<misses>12563001</misses>
				<total>18</total>
				<timestamp>4769.166632</timestamp>
			</report>
			<report>
				<misses>12564001</misses>
				<total>18</total>
				<timestamp>4769.546287</timestamp>
			</report>
			<report>
				<misses>12565001</misses>
				<total>18</total>
				<timestamp>4769.925868</timestamp>
			</report>
			<report>
				<misses>12566001</misses>
				<total>18</total>
				<timestamp>4770.305479</timestamp>
			</report>
			<report>
				<misses>12567001</misses>
				<total>18</total>
				<timestamp>4770.685116</timestamp>
			</report>
			<report>
				<misses>12568001</misses>
				<total>18</total>
				<timestamp>4771.064727</timestamp>
			</report>
			<report>
				<misses>12569001</misses>
				<total>18</total>
				<timestamp>4771.444340</timestamp>
			</report>
			<report>
				<misses>12570001</misses>
				<total>18</total>
				<timestamp>4771.823971</timestamp>
			</report>
			<report>
				<misses>12571001</misses>
				<total>18</total>
				<timestamp>4772.203603</timestamp>
			</report>
			<report>
				<misses>12572001</misses>
				<total>18</total>
				<timestamp>4772.583210</timestamp>
			</report>
			<report>
				<misses>12573001</misses>
				<total>18</total>
				<timestamp>4772.962825</timestamp>
			</report>
			<report>
				<misses>12574001</misses>
				<total>18</total>
				<timestamp>4773.342427</timestamp>
			</report>
			<report>
				<misses>12575001</misses>
				<total>18</total>
				<timestamp>4773.722055</timestamp>
			</report>
			<report>
				<misses>12576001</misses>
				<total>18</total>
				<timestamp>4774.101700</timestamp>
			</report>
			<report>
				<misses>12577001</misses>
				<total>18</total>
				<timestamp>4774.481307</timestamp>
			</report>
			<report>
				<misses>12578001</misses>
				<total>18</total>
				<timestamp>4774.860938</timestamp>
			</report>
			<report>
				<misses>12579001</misses>
				<total>18</total>
				<timestamp>4775.240546</timestamp>
			</report>
			<report>
				<misses>12580001</misses>
				<total>18</total>
				<timestamp>4775.620160</timestamp>
			</report>
			<report>
				<misses>12581001</misses>
				<total>18</total>
				<timestamp>4775.999763</timestamp>
			</report>
			<report>
				<misses>12582001</misses>
				<total>20</total>
				<timestamp>4776.379422</timestamp>
			</report>
			<report>
				<misses>12583001</misses>
				<total>20</total>
				<timestamp>4776.759040</timestamp>
			</report>
			<report>
				<misses>12584001</misses>
				<total>20</total>
				<timestamp>4777.138649</timestamp>
			</report>
			<report>
				<misses>12585001</misses>
				<total>20</total>
				<timestamp>4777.518309</timestamp>
			</report>
			<report>
				<misses>12586001</misses>
				<total>20</total>
				<timestamp>4777.897906</timestamp>
			</report>
			<report>
				<misses>12587001</misses>
				<total>20</total>
				<timestamp>4778.277511</timestamp>
			</report>
			<report>
				<misses>12588001</misses>
				<total>20</total>
				<timestamp>4778.657168</timestamp>
			</report>
			<report>
				<misses>12589001</misses>
				<total>20</total>
				<timestamp>4779.036747</timestamp>
			</report>
			<report>
				<misses>12590001</misses>
				<total>20</total>
				<timestamp>4779.416375</timestamp>
			</report>
			<report>
				<misses>12591001</misses>
				<total>20</total>
				<timestamp>4779.795993</timestamp>
			</report>
			<report>
				<misses>12592001</misses>
				<total>20</total>
				<timestamp>4780.175595</timestamp>
			</report>
			<report>
				<misses>12593001</misses>
				<total>20</total>
				<timestamp>4780.555246</timestamp>
			</report>
			<report>
				<misses>12594001</misses>
				<total>20</total>
				<timestamp>4780.934840</timestamp>
			</report>
			<report>
				<misses>12595001</misses>
				<total>20</total>
				<timestamp>4781.314447</timestamp>
			</report>
			<report>
				<misses>12596001</misses>
				<total>20</total>
				<timestamp>4781.694094</timestamp>
			</report>
			<report>
				<misses>12597001</misses>
				<total>20</total>
				<timestamp>4782.073688</timestamp>
			</report>
			<report>
				<misses>12598001</misses>
				<total>20</total>
				<timestamp>4782.453335</timestamp>
			</report>
			<report>
				<misses>12599001</misses>
				<total>20</total>
				<timestamp>4782.832955</timestamp>
			</report>
			<report>
				<misses>12600001</misses>
				<total>20</total>
				<timestamp>4783.212596</timestamp>
			</report>
			<report>
				<misses>12601001</misses>
				<total>20</total>
				<timestamp>4783.592183</timestamp>
			</report>
			<report>
				<misses>12602001</misses>
				<total>20</total>
				<timestamp>4783.971802</timestamp>
			</report>
			<report>
				<misses>12603001</misses>
				<total>20</total>
				<timestamp>4784.351436</timestamp>
			</report>
			<report>
				<misses>12604001</misses>
				<total>20</total>
				<timestamp>4784.731066</timestamp>
			</report>
			<report>
				<misses>12605001</misses>
				<total>20</total>
				<timestamp>4785.110679</timestamp>
			</report>
			<report>
				<misses>12606001</misses>
				<total>20</total>
				<timestamp>4785.490306</timestamp>
			</report>
			<report>
				<misses>12607001</misses>
				<total>20</total>
				<timestamp>4785.869923</timestamp>
			</report>
			<report>
				<misses>12608001</misses>
				<total>20</total>
				<timestamp>4786.249524</timestamp>
			</report>
			<report>
				<misses>12609001</misses>
				<total>20</total>
				<timestamp>4786.629163</timestamp>
			</report>
			<report>
				<misses>12610001</misses>
				<total>20</total>
				<timestamp>4787.008755</timestamp>
			</report>
			<report>
				<misses>12611001</misses>
				<total>20</total>
				<timestamp>4787.388382</timestamp>
			</report>
			<report>
				<misses>12612001</misses>
				<total>20</total>
				<timestamp>4787.768059</timestamp>
			</report>
			<report>
				<misses>12613001</misses>
				<total>20</total>
				<timestamp>4788.147614</timestamp>
			</report>
			<report>
				<misses>12614001</misses>
				<total>20</total>
				<timestamp>4788.527274</timestamp>
			</report>
			<report>
				<misses>12615001</misses>
				<total>20</total>
				<timestamp>4788.906878</timestamp>
			</report>
			<report>
				<misses>12616001</misses>
				<total>20</total>
				<timestamp>4789.286490</timestamp>
			</report>
			<report>
				<misses>12617001</misses>
				<total>20</total>
				<timestamp>4789.666104</timestamp>
			</report>
			<report>
				<misses>12618001</misses>
				<total>20</total>
				<timestamp>4790.045714</timestamp>
			</report>
			<report>
				<misses>12619001</misses>
				<total>20</total>
				<timestamp>4790.425341</timestamp>
			</report>
			<report>
				<misses>12620001</misses>
				<total>20</total>
				<timestamp>4790.804980</timestamp>
			</report>
			<report>
				<misses>12621001</misses>
				<total>20</total>
				<timestamp>4791.184583</timestamp>
			</report>
			<report>
				<misses>12622001</misses>
				<total>20</total>
				<timestamp>4791.564206</timestamp>
			</report>
			<report>
				<misses>12623001</misses>
				<total>20</total>
				<timestamp>4791.943835</timestamp>
			</report>
			<report>
				<misses>12624001</misses>
				<total>20</total>
				<timestamp>4792.323433</timestamp>
			</report>
			<report>
				<misses>12625001</misses>
				<total>20</total>
				<timestamp>4792.703056</timestamp>
			</report>
			<report>
				<misses>12626001</misses>
				<total>20</total>
				<timestamp>4793.082678</timestamp>
			</report>
			<report>
				<misses>12627001</misses>
				<total>20</total>
				<timestamp>4793.462311</timestamp>
			</report>
			<report>
				<misses>12628001</misses>
				<total>20</total>
				<timestamp>4793.841935</timestamp>
			</report>
			<report>
				<misses>12629001</misses>
				<total>20</total>
				<timestamp>4794.221544</timestamp>
			</report>
			<report>
				<misses>12630001</misses>
				<total>20</total>
				<timestamp>4794.601155</timestamp>
			</report>
			<report>
				<misses>12631001</misses>
				<total>20</total>
				<timestamp>4794.980770</timestamp>
			</report>
			<report>
				<misses>12632001</misses>
				<total>20</total>
				<timestamp>4795.360412</timestamp>
			</report>
			<report>
				<misses>12633001</misses>
				<total>20</total>
				<timestamp>4795.740052</timestamp>
			</report>
			<report>
				<misses>12634001</misses>
				<total>20</total>
				<timestamp>4796.119653</timestamp>
			</report>
			<report>
				<misses>12635001</misses>
				<total>20</total>
				<timestamp>4796.499275</timestamp>
			</report>
			<report>
				<misses>12636001</misses>
				<total>20</total>
				<timestamp>4796.878918</timestamp>
			</report>
			<report>
				<misses>12637001</misses>
				<total>20</total>
				<timestamp>4797.258508</timestamp>
			</report>
			<report>
				<misses>12638001</misses>
				<total>20</total>
				<timestamp>4797.638154</timestamp>
			</report>
			<report>
				<misses>12639001</misses>
				<total>20</total>
				<timestamp>4798.017733</timestamp>
			</report>
			<report>
				<misses>12640001</misses>
				<total>20</total>
				<timestamp>4798.397416</timestamp>
			</report>
			<report>
				<misses>12641001</misses>
				<total>20</total>
				<timestamp>4798.777017</timestamp>
			</report>
			<report>
				<misses>12642001</misses>
				<total>20</total>
				<timestamp>4799.156606</timestamp>
			</report>
			<report>
				<misses>12643001</misses>
				<total>20</total>
				<timestamp>4799.536250</timestamp>
			</report>
			<report>
				<misses>12644001</misses>
				<total>20</total>
				<timestamp>4799.915892</timestamp>
			</report>
			<report>
				<misses>12645001</misses>
				<total>20</total>
				<timestamp>4800.295454</timestamp>
			</report>
			<report>
				<misses>12646001</misses>
				<total>20</total>
				<timestamp>4800.675081</timestamp>
			</report>
			<report>
				<misses>12647001</misses>
				<total>20</total>
				<timestamp>4801.054688</timestamp>
			</report>
			<report>
				<misses>12648001</misses>
				<total>20</total>
				<timestamp>4801.434321</timestamp>
			</report>
			<report>
				<misses>12649001</misses>
				<total>20</total>
				<timestamp>4801.814013</timestamp>
			</report>
			<report>
				<misses>12650001</misses>
				<total>20</total>
				<timestamp>4802.193570</timestamp>
			</report>
			<report>
				<misses>12651001</misses>
				<total>20</total>
				<timestamp>4802.573223</timestamp>
			</report>
			<report>
				<misses>12652001</misses>
				<total>20</total>
				<timestamp>4802.952862</timestamp>
			</report>
			<report>
				<misses>12653001</misses>
				<total>20</total>
				<timestamp>4803.332407</timestamp>
			</report>
			<report>
				<misses>12654001</misses>
				<total>20</total>
				<timestamp>4803.712062</timestamp>
			</report>
			<report>
				<misses>12655001</misses>
				<total>20</total>
				<timestamp>4804.091659</timestamp>
			</report>
			<report>
				<misses>12656001</misses>
				<total>20</total>
				<timestamp>4804.471310</timestamp>
			</report>
			<report>
				<misses>12657001</misses>
				<total>20</total>
				<timestamp>4804.850924</timestamp>
			</report>
			<report>
				<misses>12658001</misses>
				<total>20</total>
				<timestamp>4805.230526</timestamp>
			</report>
			<report>
				<misses>12659001</misses>
				<total>20</total>
				<timestamp>4805.610150</timestamp>
			</report>
			<report>
				<misses>12660001</misses>
				<total>20</total>
				<timestamp>4805.989795</timestamp>
			</report>
			<report>
				<misses>12661001</misses>
				<total>20</total>
				<timestamp>4806.369399</timestamp>
			</report>
			<report>
				<misses>12662001</misses>
				<total>20</total>
				<timestamp>4806.749011</timestamp>
			</report>
			<report>
				<misses>12663001</misses>
				<total>20</total>
				<timestamp>4807.128631</timestamp>
			</report>
			<report>
				<misses>12664001</misses>
				<total>20</total>
				<timestamp>4807.508272</timestamp>
			</report>
			<report>
				<misses>12665001</misses>
				<total>20</total>
				<timestamp>4807.887851</timestamp>
			</report>
			<report>
				<misses>12666001</misses>
				<total>20</total>
				<timestamp>4808.267484</timestamp>
			</report>
			<report>
				<misses>12667001</misses>
				<total>20</total>
				<timestamp>4808.647125</timestamp>
			</report>
			<report>
				<misses>12668001</misses>
				<total>20</total>
				<timestamp>4809.026736</timestamp>
			</report>
			<report>
				<misses>12669001</misses>
				<total>20</total>
				<timestamp>4809.406342</timestamp>
			</report>
			<report>
				<misses>12670001</misses>
				<total>20</total>
				<timestamp>4809.785939</timestamp>
			</report>
			<report>
				<misses>12671001</misses>
				<total>20</total>
				<timestamp>4810.165585</timestamp>
			</report>
			<report>
				<misses>12672001</misses>
				<total>20</total>
				<timestamp>4810.545214</timestamp>
			</report>
			<report>
				<misses>12673001</misses>
				<total>20</total>
				<timestamp>4810.924812</timestamp>
			</report>
			<report>
				<misses>12674001</misses>
				<total>20</total>
				<timestamp>4811.304440</timestamp>
			</report>
			<report>
				<misses>12675001</misses>
				<total>20</total>
				<timestamp>4811.684048</timestamp>
			</report>
			<report>
				<misses>12676001</misses>
				<total>20</total>
				<timestamp>4812.063687</timestamp>
			</report>
			<report>
				<misses>12677001</misses>
				<total>20</total>
				<timestamp>4812.443302</timestamp>
			</report>
			<report>
				<misses>12678001</misses>
				<total>20</total>
				<timestamp>4812.822942</timestamp>
			</report>
			<report>
				<misses>12679001</misses>
				<total>20</total>
				<timestamp>4813.202531</timestamp>
			</report>
			<report>
				<misses>12680001</misses>
				<total>20</total>
				<timestamp>4813.582146</timestamp>
			</report>
			<report>
				<misses>12681001</misses>
				<total>20</total>
				<timestamp>4813.961791</timestamp>
			</report>
			<report>
				<misses>12682001</misses>
				<total>20</total>
				<timestamp>4814.341439</timestamp>
			</report>
			<report>
				<misses>12683001</misses>
				<total>20</total>
				<timestamp>4814.721036</timestamp>
			</report>
			<report>
				<misses>12684001</misses>
				<total>20</total>
				<timestamp>4815.100633</timestamp>
			</report>
			<report>
				<misses>12685001</misses>
				<total>20</total>
				<timestamp>4815.480312</timestamp>
			</report>
			<report>
				<misses>12686001</misses>
				<total>20</total>
				<timestamp>4815.859930</timestamp>
			</report>
			<report>
				<misses>12687001</misses>
				<total>20</total>
				<timestamp>4816.239522</timestamp>
			</report>
			<report>
				<misses>12688001</misses>
				<total>20</total>
				<timestamp>4816.619121</timestamp>
			</report>
			<report>
				<misses>12689001</misses>
				<total>20</total>
				<timestamp>4816.998728</timestamp>
			</report>
			<report>
				<misses>12690001</misses>
				<total>20</total>
				<timestamp>4817.378385</timestamp>
			</report>
			<report>
				<misses>12691001</misses>
				<total>20</total>
				<timestamp>4817.757999</timestamp>
			</report>
			<report>
				<misses>12692001</misses>
				<total>20</total>
				<timestamp>4818.137655</timestamp>
			</report>
			<report>
				<misses>12693001</misses>
				<total>20</total>
				<timestamp>4818.517271</timestamp>
			</report>
			<report>
				<misses>12694001</misses>
				<total>20</total>
				<timestamp>4818.896837</timestamp>
			</report>
			<report>
				<misses>12695001</misses>
				<total>20</total>
				<timestamp>4819.276473</timestamp>
			</report>
			<report>
				<misses>12696001</misses>
				<total>20</total>
				<timestamp>4819.656127</timestamp>
			</report>
			<report>
				<misses>12697001</misses>
				<total>20</total>
				<timestamp>4820.035735</timestamp>
			</report>
			<report>
				<misses>12698001</misses>
				<total>20</total>
				<timestamp>4820.415309</timestamp>
			</report>
			<report>
				<misses>12699001</misses>
				<total>20</total>
				<timestamp>4820.794948</timestamp>
			</report>
			<report>
				<misses>12700001</misses>
				<total>20</total>
				<timestamp>4821.174555</timestamp>
			</report>
			<report>
				<misses>12701001</misses>
				<total>20</total>
				<timestamp>4821.554204</timestamp>
			</report>
			<report>
				<misses>12702001</misses>
				<total>20</total>
				<timestamp>4821.933820</timestamp>
			</report>
			<report>
				<misses>12703001</misses>
				<total>20</total>
				<timestamp>4822.313424</timestamp>
			</report>
			<report>
				<misses>12704001</misses>
				<total>20</total>
				<timestamp>4822.693061</timestamp>
			</report>
			<report>
				<misses>12705001</misses>
				<total>20</total>
				<timestamp>4823.072705</timestamp>
			</report>
			<report>
				<misses>12706001</misses>
				<total>20</total>
				<timestamp>4823.452301</timestamp>
			</report>
			<report>
				<misses>12707001</misses>
				<total>20</total>
				<timestamp>4823.831896</timestamp>
			</report>
			<report>
				<misses>12708001</misses>
				<total>20</total>
				<timestamp>4824.211542</timestamp>
			</report>
			<report>
				<misses>12709001</misses>
				<total>20</total>
				<timestamp>4824.591150</timestamp>
			</report>
			<report>
				<misses>12710001</misses>
				<total>20</total>
				<timestamp>4824.970813</timestamp>
			</report>
			<report>
				<misses>12711001</misses>
				<total>20</total>
				<timestamp>4825.350406</timestamp>
			</report>
			<report>
				<misses>12712001</misses>
				<total>20</total>
				<timestamp>4825.730010</timestamp>
			</report>
			<report>
				<misses>12713001</misses>
				<total>20</total>
				<timestamp>4826.109654</timestamp>
			</report>
			<report>
				<misses>12714001</misses>
				<total>20</total>
				<timestamp>4826.489253</timestamp>
			</report>
			<report>
				<misses>12715001</misses>
				<total>20</total>
				<timestamp>4826.868872</timestamp>
			</report>
			<report>
				<misses>12716001</misses>
				<total>20</total>
				<timestamp>4827.248549</timestamp>
			</report>
			<report>
				<misses>12717001</misses>
				<total>20</total>
				<timestamp>4827.628108</timestamp>
			</report>
			<report>
				<misses>12718001</misses>
				<total>20</total>
				<timestamp>4828.007766</timestamp>
			</report>
			<report>
				<misses>12719001</misses>
				<total>20</total>
				<timestamp>4828.387376</timestamp>
			</report>
			<report>
				<misses>12720001</misses>
				<total>20</total>
				<timestamp>4828.766955</timestamp>
			</report>
			<report>
				<misses>12721001</misses>
				<total>20</total>
				<timestamp>4829.146602</timestamp>
			</report>
			<report>
				<misses>12722001</misses>
				<total>20</total>
				<timestamp>4829.526226</timestamp>
			</report>
			<report>
				<misses>12723001</misses>
				<total>20</total>
				<timestamp>4829.905870</timestamp>
			</report>
			<report>
				<misses>12724001</misses>
				<total>20</total>
				<timestamp>4830.285470</timestamp>
			</report>
			<report>
				<misses>12725001</misses>
				<total>20</total>
				<timestamp>4830.665045</timestamp>
			</report>
			<report>
				<misses>12726001</misses>
				<total>20</total>
				<timestamp>4831.044690</timestamp>
			</report>
			<report>
				<misses>12727001</misses>
				<total>20</total>
				<timestamp>4831.424303</timestamp>
			</report>
			<report>
				<misses>12728001</misses>
				<total>20</total>
				<timestamp>4831.803924</timestamp>
			</report>
			<report>
				<misses>12729001</misses>
				<total>20</total>
				<timestamp>4832.183584</timestamp>
			</report>
			<report>
				<misses>12730001</misses>
				<total>20</total>
				<timestamp>4832.563169</timestamp>
			</report>
			<report>
				<misses>12731001</misses>
				<total>20</total>
				<timestamp>4832.942782</timestamp>
			</report>
			<report>
				<misses>12732001</misses>
				<total>20</total>
				<timestamp>4833.322425</timestamp>
			</report>
			<report>
				<misses>12733001</misses>
				<total>20</total>
				<timestamp>4833.702061</timestamp>
			</report>
			<report>
				<misses>12734001</misses>
				<total>20</total>
				<timestamp>4834.081661</timestamp>
			</report>
			<report>
				<misses>12735001</misses>
				<total>20</total>
				<timestamp>4834.461267</timestamp>
			</report>
			<report>
				<misses>12736001</misses>
				<total>20</total>
				<timestamp>4834.840870</timestamp>
			</report>
			<report>
				<misses>12737001</misses>
				<total>20</total>
				<timestamp>4835.220492</timestamp>
			</report>
			<report>
				<misses>12738001</misses>
				<total>20</total>
				<timestamp>4835.600115</timestamp>
			</report>
			<report>
				<misses>12739001</misses>
				<total>20</total>
				<timestamp>4835.979798</timestamp>
			</report>
			<report>
				<misses>12740001</misses>
				<total>20</total>
				<timestamp>4836.359365</timestamp>
			</report>
			<report>
				<misses>12741001</misses>
				<total>20</total>
				<timestamp>4836.739012</timestamp>
			</report>
			<report>
				<misses>12742001</misses>
				<total>20</total>
				<timestamp>4837.118674</timestamp>
			</report>
			<report>
				<misses>12743001</misses>
				<total>20</total>
				<timestamp>4837.498247</timestamp>
			</report>
			<report>
				<misses>12744001</misses>
				<total>20</total>
				<timestamp>4837.877837</timestamp>
			</report>
			<report>
				<misses>12745001</misses>
				<total>20</total>
				<timestamp>4838.257503</timestamp>
			</report>
			<report>
				<misses>12746001</misses>
				<total>20</total>
				<timestamp>4838.637070</timestamp>
			</report>
			<report>
				<misses>12747001</misses>
				<total>20</total>
				<timestamp>4839.016706</timestamp>
			</report>
			<report>
				<misses>12748001</misses>
				<total>20</total>
				<timestamp>4839.396317</timestamp>
			</report>
			<report>
				<misses>12749001</misses>
				<total>20</total>
				<timestamp>4839.775971</timestamp>
			</report>
			<report>
				<misses>12750001</misses>
				<total>20</total>
				<timestamp>4840.155610</timestamp>
			</report>
			<report>
				<misses>12751001</misses>
				<total>20</total>
				<timestamp>4840.535201</timestamp>
			</report>
			<report>
				<misses>12752001</misses>
				<total>20</total>
				<timestamp>4840.914813</timestamp>
			</report>
			<report>
				<misses>12753001</misses>
				<total>20</total>
				<timestamp>4841.294417</timestamp>
			</report>
			<report>
				<misses>12754001</misses>
				<total>20</total>
				<timestamp>4841.674045</timestamp>
			</report>
			<report>
				<misses>12755001</misses>
				<total>20</total>
				<timestamp>4842.053729</timestamp>
			</report>
			<report>
				<misses>12756001</misses>
				<total>20</total>
				<timestamp>4842.433300</timestamp>
			</report>
			<report>
				<misses>12757001</misses>
				<total>20</total>
				<timestamp>4842.812905</timestamp>
			</report>
			<report>
				<misses>12758001</misses>
				<total>20</total>
				<timestamp>4843.192528</timestamp>
			</report>
			<report>
				<misses>12759001</misses>
				<total>20</total>
				<timestamp>4843.572140</timestamp>
			</report>
			<report>
				<misses>12760001</misses>
				<total>20</total>
				<timestamp>4843.951779</timestamp>
			</report>
			<report>
				<misses>12761001</misses>
				<total>20</total>
				<timestamp>4844.331400</timestamp>
			</report>
			<report>
				<misses>12762001</misses>
				<total>20</total>
				<timestamp>4844.711009</timestamp>
			</report>
			<report>
				<misses>12763001</misses>
				<total>20</total>
				<timestamp>4845.090698</timestamp>
			</report>
			<report>
				<misses>12764001</misses>
				<total>20</total>
				<timestamp>4845.470261</timestamp>
			</report>
			<report>
				<misses>12765001</misses>
				<total>20</total>
				<timestamp>4845.849891</timestamp>
			</report>
			<report>
				<misses>12766001</misses>
				<total>20</total>
				<timestamp>4846.229486</timestamp>
			</report>
			<report>
				<misses>12767001</misses>
				<total>20</total>
				<timestamp>4846.609137</timestamp>
			</report>
			<report>
				<misses>12768001</misses>
				<total>20</total>
				<timestamp>4846.988761</timestamp>
			</report>
			<report>
				<misses>12769001</misses>
				<total>20</total>
				<timestamp>4847.368355</timestamp>
			</report>
			<report>
				<misses>12770001</misses>
				<total>20</total>
				<timestamp>4847.747966</timestamp>
			</report>
			<report>
				<misses>12771001</misses>
				<total>20</total>
				<timestamp>4848.127606</timestamp>
			</report>
			<report>
				<misses>12772001</misses>
				<total>20</total>
				<timestamp>4848.507192</timestamp>
			</report>
			<report>
				<misses>12773001</misses>
				<total>20</total>
				<timestamp>4848.886834</timestamp>
			</report>
			<report>
				<misses>12774001</misses>
				<total>20</total>
				<timestamp>4849.266467</timestamp>
			</report>
			<report>
				<misses>12775001</misses>
				<total>20</total>
				<timestamp>4849.646110</timestamp>
			</report>
			<report>
				<misses>12776001</misses>
				<total>20</total>
				<timestamp>4850.025743</timestamp>
			</report>
			<report>
				<misses>12777001</misses>
				<total>20</total>
				<timestamp>4850.405309</timestamp>
			</report>
			<report>
				<misses>12778001</misses>
				<total>20</total>
				<timestamp>4850.784921</timestamp>
			</report>
			<report>
				<misses>12779001</misses>
				<total>20</total>
				<timestamp>4851.164600</timestamp>
			</report>
			<report>
				<misses>12780001</misses>
				<total>20</total>
				<timestamp>4851.544167</timestamp>
			</report>
			<report>
				<misses>12781001</misses>
				<total>20</total>
				<timestamp>4851.923803</timestamp>
			</report>
			<report>
				<misses>12782001</misses>
				<total>20</total>
				<timestamp>4852.303470</timestamp>
			</report>
			<report>
				<misses>12783001</misses>
				<total>20</total>
				<timestamp>4852.683024</timestamp>
			</report>
			<report>
				<misses>12784001</misses>
				<total>20</total>
				<timestamp>4853.062677</timestamp>
			</report>
			<report>
				<misses>12785001</misses>
				<total>20</total>
				<timestamp>4853.442290</timestamp>
			</report>
			<report>
				<misses>12786001</misses>
				<total>20</total>
				<timestamp>4853.821882</timestamp>
			</report>
			<report>
				<misses>12787001</misses>
				<total>20</total>
				<timestamp>4854.201529</timestamp>
			</report>
			<report>
				<misses>12788001</misses>
				<total>20</total>
				<timestamp>4854.581124</timestamp>
			</report>
			<report>
				<misses>12789001</misses>
				<total>20</total>
				<timestamp>4854.960740</timestamp>
			</report>
			<report>
				<misses>12790001</misses>
				<total>20</total>
				<timestamp>4855.340403</timestamp>
			</report>
			<report>
				<misses>12791001</misses>
				<total>20</total>
				<timestamp>4855.719992</timestamp>
			</report>
			<report>
				<misses>12792001</misses>
				<total>20</total>
				<timestamp>4856.099659</timestamp>
			</report>
			<report>
				<misses>12793001</misses>
				<total>20</total>
				<timestamp>4856.479245</timestamp>
			</report>
			<report>
				<misses>12794001</misses>
				<total>20</total>
				<timestamp>4856.858838</timestamp>
			</report>
			<report>
				<misses>12795001</misses>
				<total>20</total>
				<timestamp>4857.238492</timestamp>
			</report>
			<report>
				<misses>12796001</misses>
				<total>20</total>
				<timestamp>4857.618069</timestamp>
			</report>
			<report>
				<misses>12797001</misses>
				<total>20</total>
				<timestamp>4857.997697</timestamp>
			</report>
			<report>
				<misses>12798001</misses>
				<total>20</total>
				<timestamp>4858.377333</timestamp>
			</report>
			<report>
				<misses>12799001</misses>
				<total>20</total>
				<timestamp>4858.756932</timestamp>
			</report>
			<report>
				<misses>12800001</misses>
				<total>20</total>
				<timestamp>4859.136560</timestamp>
			</report>
			<report>
				<misses>12801001</misses>
				<total>20</total>
				<timestamp>4859.516181</timestamp>
			</report>
			<report>
				<misses>12802001</misses>
				<total>20</total>
				<timestamp>4859.895792</timestamp>
			</report>
			<report>
				<misses>12803001</misses>
				<total>20</total>
				<timestamp>4860.275456</timestamp>
			</report>
			<report>
				<misses>12804001</misses>
				<total>20</total>
				<timestamp>4860.655051</timestamp>
			</report>
			<report>
				<misses>12805001</misses>
				<total>20</total>
				<timestamp>4861.034648</timestamp>
			</report>
			<report>
				<misses>12806001</misses>
				<total>20</total>
				<timestamp>4861.414303</timestamp>
			</report>
			<report>
				<misses>12807001</misses>
				<total>20</total>
				<timestamp>4861.793926</timestamp>
			</report>
			<report>
				<misses>12808001</misses>
				<total>20</total>
				<timestamp>4862.173561</timestamp>
			</report>
			<report>
				<misses>12809001</misses>
				<total>20</total>
				<timestamp>4862.553138</timestamp>
			</report>
			<report>
				<misses>12810001</misses>
				<total>20</total>
				<timestamp>4862.932756</timestamp>
			</report>
			<report>
				<misses>12811001</misses>
				<total>20</total>
				<timestamp>4863.312399</timestamp>
			</report>
			<report>
				<misses>12812001</misses>
				<total>20</total>
				<timestamp>4863.692000</timestamp>
			</report>
			<report>
				<misses>12813001</misses>
				<total>20</total>
				<timestamp>4864.071638</timestamp>
			</report>
			<report>
				<misses>12814001</misses>
				<total>20</total>
				<timestamp>4864.451262</timestamp>
			</report>
			<report>
				<misses>12815001</misses>
				<total>20</total>
				<timestamp>4864.830854</timestamp>
			</report>
			<report>
				<misses>12816001</misses>
				<total>20</total>
				<timestamp>4865.210541</timestamp>
			</report>
			<report>
				<misses>12817001</misses>
				<total>20</total>
				<timestamp>4865.590104</timestamp>
			</report>
			<report>
				<misses>12818001</misses>
				<total>20</total>
				<timestamp>4865.969717</timestamp>
			</report>
			<report>
				<misses>12819001</misses>
				<total>20</total>
				<timestamp>4866.349385</timestamp>
			</report>
			<report>
				<misses>12820001</misses>
				<total>20</total>
				<timestamp>4866.728965</timestamp>
			</report>
			<report>
				<misses>12821001</misses>
				<total>20</total>
				<timestamp>4867.108594</timestamp>
			</report>
			<report>
				<misses>12822001</misses>
				<total>20</total>
				<timestamp>4867.488215</timestamp>
			</report>
			<report>
				<misses>12823001</misses>
				<total>20</total>
				<timestamp>4867.867815</timestamp>
			</report>
			<report>
				<misses>12824001</misses>
				<total>20</total>
				<timestamp>4868.247451</timestamp>
			</report>
			<report>
				<misses>12825001</misses>
				<total>20</total>
				<timestamp>4868.627055</timestamp>
			</report>
			<report>
				<misses>12826001</misses>
				<total>20</total>
				<timestamp>4869.006704</timestamp>
			</report>
			<report>
				<misses>12827001</misses>
				<total>20</total>
				<timestamp>4869.386295</timestamp>
			</report>
			<report>
				<misses>12828001</misses>
				<total>20</total>
				<timestamp>4869.765934</timestamp>
			</report>
			<report>
				<misses>12829001</misses>
				<total>20</total>
				<timestamp>4870.145577</timestamp>
			</report>
			<report>
				<misses>12830001</misses>
				<total>20</total>
				<timestamp>4870.525158</timestamp>
			</report>
			<report>
				<misses>12831001</misses>
				<total>20</total>
				<timestamp>4870.904793</timestamp>
			</report>
			<report>
				<misses>12832001</misses>
				<total>20</total>
				<timestamp>4871.284443</timestamp>
			</report>
			<report>
				<misses>12833001</misses>
				<total>20</total>
				<timestamp>4871.664036</timestamp>
			</report>
			<report>
				<misses>12834001</misses>
				<total>20</total>
				<timestamp>4872.043667</timestamp>
			</report>
			<report>
				<misses>12835001</misses>
				<total>20</total>
				<timestamp>4872.423274</timestamp>
			</report>
			<report>
				<misses>12836001</misses>
				<total>20</total>
				<timestamp>4872.802882</timestamp>
			</report>
			<report>
				<misses>12837001</misses>
				<total>20</total>
				<timestamp>4873.182525</timestamp>
			</report>
			<report>
				<misses>12838001</misses>
				<total>20</total>
				<timestamp>4873.562139</timestamp>
			</report>
			<report>
				<misses>12839001</misses>
				<total>22</total>
				<timestamp>4873.941753</timestamp>
			</report>
			<report>
				<misses>12840001</misses>
				<total>22</total>
				<timestamp>4874.321448</timestamp>
			</report>
			<report>
				<misses>12841001</misses>
				<total>22</total>
				<timestamp>4874.700977</timestamp>
			</report>
			<report>
				<misses>12842001</misses>
				<total>22</total>
				<timestamp>4875.080604</timestamp>
			</report>
			<report>
				<misses>12843001</misses>
				<total>22</total>
				<timestamp>4875.460232</timestamp>
			</report>
			<report>
				<misses>12844001</misses>
				<total>22</total>
				<timestamp>4875.839858</timestamp>
			</report>
			<report>
				<misses>12845001</misses>
				<total>22</total>
				<timestamp>4876.219486</timestamp>
			</report>
			<report>
				<misses>12846001</misses>
				<total>22</total>
				<timestamp>4876.599093</timestamp>
			</report>
			<report>
				<misses>12847001</misses>
				<total>22</total>
				<timestamp>4876.978697</timestamp>
			</report>
			<report>
				<misses>12848001</misses>
				<total>22</total>
				<timestamp>4877.358372</timestamp>
			</report>
			<report>
				<misses>12849001</misses>
				<total>22</total>
				<timestamp>4877.737947</timestamp>
			</report>
			<report>
				<misses>12850001</misses>
				<total>22</total>
				<timestamp>4878.117562</timestamp>
			</report>
			<report>
				<misses>12851001</misses>
				<total>22</total>
				<timestamp>4878.497166</timestamp>
			</report>
			<report>
				<misses>12852001</misses>
				<total>22</total>
				<timestamp>4878.876822</timestamp>
			</report>
			<report>
				<misses>12853001</misses>
				<total>22</total>
				<timestamp>4879.256427</timestamp>
			</report>
			<report>
				<misses>12854001</misses>
				<total>22</total>
				<timestamp>4879.636035</timestamp>
			</report>
			<report>
				<misses>12855001</misses>
				<total>22</total>
				<timestamp>4880.015648</timestamp>
			</report>
			<report>
				<misses>12856001</misses>
				<total>22</total>
				<timestamp>4880.395309</timestamp>
			</report>
			<report>
				<misses>12857001</misses>
				<total>22</total>
				<timestamp>4880.774898</timestamp>
			</report>
			<report>
				<misses>12858001</misses>
				<total>22</total>
				<timestamp>4881.154553</timestamp>
			</report>
			<report>
				<misses>12859001</misses>
				<total>22</total>
				<timestamp>4881.534139</timestamp>
			</report>
			<report>
				<misses>12860001</misses>
				<total>22</total>
				<timestamp>4881.913788</timestamp>
			</report>
			<report>
				<misses>12861001</misses>
				<total>22</total>
				<timestamp>4882.293389</timestamp>
			</report>
			<report>
				<misses>12862001</misses>
				<total>22</total>
				<timestamp>4882.672998</timestamp>
			</report>
			<report>
				<misses>12863001</misses>
				<total>22</total>
				<timestamp>4883.052628</timestamp>
			</report>
			<report>
				<misses>12864001</misses>
				<total>22</total>
				<timestamp>4883.432264</timestamp>
			</report>
			<report>
				<misses>12865001</misses>
				<total>22</total>
				<timestamp>4883.811875</timestamp>
			</report>
			<report>
				<misses>12866001</misses>
				<total>22</total>
				<timestamp>4884.191494</timestamp>
			</report>
			<report>
				<misses>12867001</misses>
				<total>22</total>
				<timestamp>4884.571094</timestamp>
			</report>
			<report>
				<misses>12868001</misses>
				<total>22</total>
				<timestamp>4884.950728</timestamp>
			</report>
			<report>
				<misses>12869001</misses>
				<total>22</total>
				<timestamp>4885.330389</timestamp>
			</report>
			<report>
				<misses>12870001</misses>
				<total>22</total>
				<timestamp>4885.709984</timestamp>
			</report>
			<report>
				<misses>12871001</misses>
				<total>22</total>
				<timestamp>4886.089600</timestamp>
			</report>
			<report>
				<misses>12872001</misses>
				<total>22</total>
				<timestamp>4886.469219</timestamp>
			</report>
			<report>
				<misses>12873001</misses>
				<total>22</total>
				<timestamp>4886.848831</timestamp>
			</report>
			<report>
				<misses>12874001</misses>
				<total>22</total>
				<timestamp>4887.228464</timestamp>
			</report>
			<report>
				<misses>12875001</misses>
				<total>22</total>
				<timestamp>4887.608054</timestamp>
			</report>
			<report>
				<misses>12876001</misses>
				<total>22</total>
				<timestamp>4887.987680</timestamp>
			</report>
			<report>
				<misses>12877001</misses>
				<total>22</total>
				<timestamp>4888.367339</timestamp>
			</report>
			<report>
				<misses>12878001</misses>
				<total>22</total>
				<timestamp>4888.746919</timestamp>
			</report>
			<report>
				<misses>12879001</misses>
				<total>22</total>
				<timestamp>4889.126525</timestamp>
			</report>
			<report>
				<misses>12880001</misses>
				<total>22</total>
				<timestamp>4889.506165</timestamp>
			</report>
			<report>
				<misses>12881001</misses>
				<total>22</total>
				<timestamp>4889.885777</timestamp>
			</report>
			<report>
				<misses>12882001</misses>
				<total>22</total>
				<timestamp>4890.265417</timestamp>
			</report>
			<report>
				<misses>12883001</misses>
				<total>22</total>
				<timestamp>4890.645025</timestamp>
			</report>
			<report>
				<misses>12884001</misses>
				<total>22</total>
				<timestamp>4891.024638</timestamp>
			</report>
			<report>
				<misses>12885001</misses>
				<total>22</total>
				<timestamp>4891.404321</timestamp>
			</report>
			<report>
				<misses>12886001</misses>
				<total>22</total>
				<timestamp>4891.783876</timestamp>
			</report>
			<report>
				<misses>12887001</misses>
				<total>22</total>
				<timestamp>4892.163532</timestamp>
			</report>
			<report>
				<misses>12888001</misses>
				<total>22</total>
				<timestamp>4892.543122</timestamp>
			</report>
			<report>
				<misses>12889001</misses>
				<total>22</total>
				<timestamp>4892.922752</timestamp>
			</report>
			<report>
				<misses>12890001</misses>
				<total>22</total>
				<timestamp>4893.302385</timestamp>
			</report>
			<report>
				<misses>12891001</misses>
				<total>22</total>
				<timestamp>4893.681978</timestamp>
			</report>
			<report>
				<misses>12892001</misses>
				<total>22</total>
				<timestamp>4894.061612</timestamp>
			</report>
			<report>
				<misses>12893001</misses>
				<total>22</total>
				<timestamp>4894.441269</timestamp>
			</report>
			<report>
				<misses>12894001</misses>
				<total>22</total>
				<timestamp>4894.820863</timestamp>
			</report>
			<report>
				<misses>12895001</misses>
				<total>22</total>
				<timestamp>4895.200457</timestamp>
			</report>
			<report>
				<misses>12896001</misses>
				<total>22</total>
				<timestamp>4895.580073</timestamp>
			</report>
			<report>
				<misses>12897001</misses>
				<total>22</total>
				<timestamp>4895.959709</timestamp>
			</report>
			<report>
				<misses>12898001</misses>
				<total>22</total>
				<timestamp>4896.339324</timestamp>
			</report>
			<report>
				<misses>12899001</misses>
				<total>22</total>
				<timestamp>4896.718956</timestamp>
			</report>
			<report>
				<misses>12900001</misses>
				<total>22</total>
				<timestamp>4897.098578</timestamp>
			</report>
			<report>
				<misses>12901001</misses>
				<total>22</total>
				<timestamp>4897.478179</timestamp>
			</report>
			<report>
				<misses>12902001</misses>
				<total>22</total>
				<timestamp>4897.857824</timestamp>
			</report>
			<report>
				<misses>12903001</misses>
				<total>22</total>
				<timestamp>4898.237435</timestamp>
			</report>
			<report>
				<misses>12904001</misses>
				<total>22</total>
				<timestamp>4898.617043</timestamp>
			</report>
			<report>
				<misses>12905001</misses>
				<total>22</total>
				<timestamp>4898.996654</timestamp>
			</report>
			<report>
				<misses>12906001</misses>
				<total>22</total>
				<timestamp>4899.376386</timestamp>
			</report>
			<report>
				<misses>12907001</misses>
				<total>22</total>
				<timestamp>4899.755906</timestamp>
			</report>
			<report>
				<misses>12908001</misses>
				<total>22</total>
				<timestamp>4900.135549</timestamp>
			</report>
			<report>
				<misses>12909001</misses>
				<total>22</total>
				<timestamp>4900.515165</timestamp>
			</report>
			<report>
				<misses>12910001</misses>
				<total>22</total>
				<timestamp>4900.894778</timestamp>
			</report>
			<report>
				<misses>12911001</misses>
				<total>22</total>
				<timestamp>4901.274401</timestamp>
			</report>
			<report>
				<misses>12912001</misses>
				<total>22</total>
				<timestamp>4901.654009</timestamp>
			</report>
			<report>
				<misses>12913001</misses>
				<total>22</total>
				<timestamp>4902.033626</timestamp>
			</report>
			<report>
				<misses>12914001</misses>
				<total>22</total>
				<timestamp>4902.413282</timestamp>
			</report>
			<report>
				<misses>12915001</misses>
				<total>22</total>
				<timestamp>4902.792864</timestamp>
			</report>
			<report>
				<misses>12916001</misses>
				<total>22</total>
				<timestamp>4903.172471</timestamp>
			</report>
			<report>
				<misses>12917001</misses>
				<total>22</total>
				<timestamp>4903.552167</timestamp>
			</report>
			<report>
				<misses>12918001</misses>
				<total>22</total>
				<timestamp>4903.931712</timestamp>
			</report>
			<report>
				<misses>12919001</misses>
				<total>22</total>
				<timestamp>4904.311374</timestamp>
			</report>
			<report>
				<misses>12920001</misses>
				<total>22</total>
				<timestamp>4904.690948</timestamp>
			</report>
			<report>
				<misses>12921001</misses>
				<total>22</total>
				<timestamp>4905.070577</timestamp>
			</report>
			<report>
				<misses>12922001</misses>
				<total>22</total>
				<timestamp>4905.450220</timestamp>
			</report>
			<report>
				<misses>12923001</misses>
				<total>22</total>
				<timestamp>4905.829815</timestamp>
			</report>
			<report>
				<misses>12924001</misses>
				<total>22</total>
				<timestamp>4906.209457</timestamp>
			</report>
			<report>
				<misses>12925001</misses>
				<total>22</total>
				<timestamp>4906.589130</timestamp>
			</report>
			<report>
				<misses>12926001</misses>
				<total>22</total>
				<timestamp>4906.968697</timestamp>
			</report>
			<report>
				<misses>12927001</misses>
				<total>22</total>
				<timestamp>4907.348290</timestamp>
			</report>
			<report>
				<misses>12928001</misses>
				<total>22</total>
				<timestamp>4907.727927</timestamp>
			</report>
			<report>
				<misses>12929001</misses>
				<total>22</total>
				<timestamp>4908.107532</timestamp>
			</report>
			<report>
				<misses>12930001</misses>
				<total>22</total>
				<timestamp>4908.487232</timestamp>
			</report>
			<report>
				<misses>12931001</misses>
				<total>22</total>
				<timestamp>4908.866779</timestamp>
			</report>
			<report>
				<misses>12932001</misses>
				<total>22</total>
				<timestamp>4909.246422</timestamp>
			</report>
			<report>
				<misses>12933001</misses>
				<total>22</total>
				<timestamp>4909.626022</timestamp>
			</report>
			<report>
				<misses>12934001</misses>
				<total>22</total>
				<timestamp>4910.005654</timestamp>
			</report>
			<report>
				<misses>12935001</misses>
				<total>22</total>
				<timestamp>4910.385303</timestamp>
			</report>
			<report>
				<misses>12936001</misses>
				<total>22</total>
				<timestamp>4910.764882</timestamp>
			</report>
			<report>
				<misses>12937001</misses>
				<total>22</total>
				<timestamp>4911.144495</timestamp>
			</report>
			<report>
				<misses>12938001</misses>
				<total>22</total>
				<timestamp>4911.524220</timestamp>
			</report>
			<report>
				<misses>12939001</misses>
				<total>22</total>
				<timestamp>4911.903764</timestamp>
			</report>
			<report>
				<misses>12940001</misses>
				<total>22</total>
				<timestamp>4912.283385</timestamp>
			</report>
			<report>
				<misses>12941001</misses>
				<total>22</total>
				<timestamp>4912.662971</timestamp>
			</report>
			<report>
				<misses>12942001</misses>
				<total>22</total>
				<timestamp>4913.042601</timestamp>
			</report>
			<report>
				<misses>12943001</misses>
				<total>22</total>
				<timestamp>4913.422251</timestamp>
			</report>
			<report>
				<misses>12944001</misses>
				<total>22</total>
				<timestamp>4913.801843</timestamp>
			</report>
			<report>
				<misses>12945001</misses>
				<total>22</total>
				<timestamp>4914.181462</timestamp>
			</report>
			<report>
				<misses>12946001</misses>
				<total>22</total>
				<timestamp>4914.561092</timestamp>
			</report>
			<report>
				<misses>12947001</misses>
				<total>22</total>
				<timestamp>4914.940717</timestamp>
			</report>
			<report>
				<misses>12948001</misses>
				<total>22</total>
				<timestamp>4915.320331</timestamp>
			</report>
			<report>
				<misses>12949001</misses>
				<total>22</total>
				<timestamp>4915.699924</timestamp>
			</report>
			<report>
				<misses>12950001</misses>
				<total>22</total>
				<timestamp>4916.079568</timestamp>
			</report>
			<report>
				<misses>12951001</misses>
				<total>22</total>
				<timestamp>4916.459202</timestamp>
			</report>
			<report>
				<misses>12952001</misses>
				<total>22</total>
				<timestamp>4916.838791</timestamp>
			</report>
			<report>
				<misses>12953001</misses>
				<total>22</total>
				<timestamp>4917.218406</timestamp>
			</report>
			<report>
				<misses>12954001</misses>
				<total>22</total>
				<timestamp>4917.598059</timestamp>
			</report>
			<report>
				<misses>12955001</misses>
				<total>22</total>
				<timestamp>4917.977665</timestamp>
			</report>
			<report>
				<misses>12956001</misses>
				<total>22</total>
				<timestamp>4918.357320</timestamp>
			</report>
			<report>
				<misses>12957001</misses>
				<total>22</total>
				<timestamp>4918.736908</timestamp>
			</report>
			<report>
				<misses>12958001</misses>
				<total>22</total>
				<timestamp>4919.116526</timestamp>
			</report>
			<report>
				<misses>12959001</misses>
				<total>22</total>
				<timestamp>4919.496236</timestamp>
			</report>
			<report>
				<misses>12960001</misses>
				<total>22</total>
				<timestamp>4919.875763</timestamp>
			</report>
			<report>
				<misses>12961001</misses>
				<total>22</total>
				<timestamp>4920.255372</timestamp>
			</report>
			<report>
				<misses>12962001</misses>
				<total>22</total>
				<timestamp>4920.635040</timestamp>
			</report>
			<report>
				<misses>12963001</misses>
				<total>22</total>
				<timestamp>4921.014655</timestamp>
			</report>
			<report>
				<misses>12964001</misses>
				<total>22</total>
				<timestamp>4921.394280</timestamp>
			</report>
			<report>
				<misses>12965001</misses>
				<total>22</total>
				<timestamp>4921.773895</timestamp>
			</report>
			<report>
				<misses>12966001</misses>
				<total>22</total>
				<timestamp>4922.153470</timestamp>
			</report>
			<report>
				<misses>12967001</misses>
				<total>22</total>
				<timestamp>4922.533169</timestamp>
			</report>
			<report>
				<misses>12968001</misses>
				<total>22</total>
				<timestamp>4922.912726</timestamp>
			</report>
			<report>
				<misses>12969001</misses>
				<total>22</total>
				<timestamp>4923.292350</timestamp>
			</report>
			<report>
				<misses>12970001</misses>
				<total>22</total>
				<timestamp>4923.671966</timestamp>
			</report>
			<report>
				<misses>12971001</misses>
				<total>22</total>
				<timestamp>4924.051586</timestamp>
			</report>
			<report>
				<misses>12972001</misses>
				<total>22</total>
				<timestamp>4924.431256</timestamp>
			</report>
			<report>
				<misses>12973001</misses>
				<total>22</total>
				<timestamp>4924.810818</timestamp>
			</report>
			<report>
				<misses>12974001</misses>
				<total>22</total>
				<timestamp>4925.190443</timestamp>
			</report>
			<report>
				<misses>12975001</misses>
				<total>22</total>
				<timestamp>4925.570119</timestamp>
			</report>
			<report>
				<misses>12976001</misses>
				<total>22</total>
				<timestamp>4925.949703</timestamp>
			</report>
			<report>
				<misses>12977001</misses>
				<total>22</total>
				<timestamp>4926.329297</timestamp>
			</report>
			<report>
				<misses>12978001</misses>
				<total>22</total>
				<timestamp>4926.708902</timestamp>
			</report>
			<report>
				<misses>12979001</misses>
				<total>22</total>
				<timestamp>4927.088519</timestamp>
			</report>
			<report>
				<misses>12980001</misses>
				<total>22</total>
				<timestamp>4927.468149</timestamp>
			</report>
			<report>
				<misses>12981001</misses>
				<total>22</total>
				<timestamp>4927.847762</timestamp>
			</report>
			<report>
				<misses>12982001</misses>
				<total>22</total>
				<timestamp>4928.227397</timestamp>
			</report>
			<report>
				<misses>12983001</misses>
				<total>22</total>
				<timestamp>4928.607051</timestamp>
			</report>
			<report>
				<misses>12984001</misses>
				<total>22</total>
				<timestamp>4928.986645</timestamp>
			</report>
			<report>
				<misses>12985001</misses>
				<total>22</total>
				<timestamp>4929.366255</timestamp>
			</report>
			<report>
				<misses>12986001</misses>
				<total>22</total>
				<timestamp>4929.745900</timestamp>
			</report>
			<report>
				<misses>12987001</misses>
				<total>22</total>
				<timestamp>4930.125506</timestamp>
			</report>
			<report>
				<misses>12988001</misses>
				<total>22</total>
				<timestamp>4930.505128</timestamp>
			</report>
			<report>
				<misses>12989001</misses>
				<total>22</total>
				<timestamp>4930.884736</timestamp>
			</report>
			<report>
				<misses>12990001</misses>
				<total>22</total>
				<timestamp>4931.264380</timestamp>
			</report>
			<report>
				<misses>12991001</misses>
				<total>22</total>
				<timestamp>4931.644027</timestamp>
			</report>
			<report>
				<misses>12992001</misses>
				<total>22</total>
				<timestamp>4932.023619</timestamp>
			</report>
			<report>
				<misses>12993001</misses>
				<total>22</total>
				<timestamp>4932.403245</timestamp>
			</report>
			<report>
				<misses>12994001</misses>
				<total>22</total>
				<timestamp>4932.782850</timestamp>
			</report>
			<report>
				<misses>12995001</misses>
				<total>22</total>
				<timestamp>4933.162473</timestamp>
			</report>
			<report>
				<misses>12996001</misses>
				<total>22</total>
				<timestamp>4933.542105</timestamp>
			</report>
			<report>
				<misses>12997001</misses>
				<total>22</total>
				<timestamp>4933.921709</timestamp>
			</report>
			<report>
				<misses>12998001</misses>
				<total>22</total>
				<timestamp>4934.301320</timestamp>
			</report>
			<report>
				<misses>12999001</misses>
				<total>22</total>
				<timestamp>4934.680960</timestamp>
			</report>
			<report>
				<misses>13000001</misses>
				<total>22</total>
				<timestamp>4935.060601</timestamp>
			</report>
			<report>
				<misses>13001001</misses>
				<total>22</total>
				<timestamp>4935.440185</timestamp>
			</report>
			<report>
				<misses>13002001</misses>
				<total>22</total>
				<timestamp>4935.819814</timestamp>
			</report>
			<report>
				<misses>13003001</misses>
				<total>22</total>
				<timestamp>4936.199412</timestamp>
			</report>
			<report>
				<misses>13004001</misses>
				<total>22</total>
				<timestamp>4936.579075</timestamp>
			</report>
			<report>
				<misses>13005001</misses>
				<total>22</total>
				<timestamp>4936.958644</timestamp>
			</report>
			<report>
				<misses>13006001</misses>
				<total>22</total>
				<timestamp>4937.338301</timestamp>
			</report>
			<report>
				<misses>13007001</misses>
				<total>22</total>
				<timestamp>4937.717949</timestamp>
			</report>
			<report>
				<misses>13008001</misses>
				<total>22</total>
				<timestamp>4938.097523</timestamp>
			</report>
			<report>
				<misses>13009001</misses>
				<total>22</total>
				<timestamp>4938.477176</timestamp>
			</report>
			<report>
				<misses>13010001</misses>
				<total>22</total>
				<timestamp>4938.856757</timestamp>
			</report>
			<report>
				<misses>13011001</misses>
				<total>22</total>
				<timestamp>4939.236390</timestamp>
			</report>
			<report>
				<misses>13012001</misses>
				<total>22</total>
				<timestamp>4939.616061</timestamp>
			</report>
			<report>
				<misses>13013001</misses>
				<total>22</total>
				<timestamp>4939.995645</timestamp>
			</report>
			<report>
				<misses>13014001</misses>
				<total>22</total>
				<timestamp>4940.375262</timestamp>
			</report>
			<report>
				<misses>13015001</misses>
				<total>22</total>
				<timestamp>4940.754851</timestamp>
			</report>
			<report>
				<misses>13016001</misses>
				<total>22</total>
				<timestamp>4941.134470</timestamp>
			</report>
			<report>
				<misses>13017001</misses>
				<total>22</total>
				<timestamp>4941.514147</timestamp>
			</report>
			<report>
				<misses>13018001</misses>
				<total>22</total>
				<timestamp>4941.893735</timestamp>
			</report>
			<report>
				<misses>13019001</misses>
				<total>22</total>
				<timestamp>4942.273342</timestamp>
			</report>
			<report>
				<misses>13020001</misses>
				<total>22</total>
				<timestamp>4942.653001</timestamp>
			</report>
			<report>
				<misses>13021001</misses>
				<total>22</total>
				<timestamp>4943.032616</timestamp>
			</report>
			<report>
				<misses>13022001</misses>
				<total>22</total>
				<timestamp>4943.412194</timestamp>
			</report>
			<report>
				<misses>13023001</misses>
				<total>22</total>
				<timestamp>4943.791833</timestamp>
			</report>
			<report>
				<misses>13024001</misses>
				<total>22</total>
				<timestamp>4944.171433</timestamp>
			</report>
			<report>
				<misses>13025001</misses>
				<total>22</total>
				<timestamp>4944.551116</timestamp>
			</report>
			<report>
				<misses>13026001</misses>
				<total>22</total>
				<timestamp>4944.930720</timestamp>
			</report>
			<report>
				<misses>13027001</misses>
				<total>22</total>
				<timestamp>4945.310314</timestamp>
			</report>
			<report>
				<misses>13028001</misses>
				<total>22</total>
				<timestamp>4945.689919</timestamp>
			</report>
			<report>
				<misses>13029001</misses>
				<total>22</total>
				<timestamp>4946.069538</timestamp>
			</report>
			<report>
				<misses>13030001</misses>
				<total>22</total>
				<timestamp>4946.449168</timestamp>
			</report>
			<report>
				<misses>13031001</misses>
				<total>22</total>
				<timestamp>4946.828791</timestamp>
			</report>
			<report>
				<misses>13032001</misses>
				<total>22</total>
				<timestamp>4947.208413</timestamp>
			</report>
			<report>
				<misses>13033001</misses>
				<total>22</total>
				<timestamp>4947.588035</timestamp>
			</report>
			<report>
				<misses>13034001</misses>
				<total>22</total>
				<timestamp>4947.967673</timestamp>
			</report>
			<report>
				<misses>13035001</misses>
				<total>22</total>
				<timestamp>4948.347273</timestamp>
			</report>
			<report>
				<misses>13036001</misses>
				<total>22</total>
				<timestamp>4948.726912</timestamp>
			</report>
			<report>
				<misses>13037001</misses>
				<total>22</total>
				<timestamp>4949.106516</timestamp>
			</report>
			<report>
				<misses>13038001</misses>
				<total>22</total>
				<timestamp>4949.486150</timestamp>
			</report>
			<report>
				<misses>13039001</misses>
				<total>22</total>
				<timestamp>4949.865755</timestamp>
			</report>
			<report>
				<misses>13040001</misses>
				<total>22</total>
				<timestamp>4950.245370</timestamp>
			</report>
			<report>
				<misses>13041001</misses>
				<total>22</total>
				<timestamp>4950.625039</timestamp>
			</report>
			<report>
				<misses>13042001</misses>
				<total>22</total>
				<timestamp>4951.004650</timestamp>
			</report>
			<report>
				<misses>13043001</misses>
				<total>22</total>
				<timestamp>4951.384228</timestamp>
			</report>
			<report>
				<misses>13044001</misses>
				<total>22</total>
				<timestamp>4951.763845</timestamp>
			</report>
			<report>
				<misses>13045001</misses>
				<total>22</total>
				<timestamp>4952.143465</timestamp>
			</report>
			<report>
				<misses>13046001</misses>
				<total>22</total>
				<timestamp>4952.523082</timestamp>
			</report>
			<report>
				<misses>13047001</misses>
				<total>22</total>
				<timestamp>4952.902714</timestamp>
			</report>
			<report>
				<misses>13048001</misses>
				<total>22</total>
				<timestamp>4953.282321</timestamp>
			</report>
			<report>
				<misses>13049001</misses>
				<total>22</total>
				<timestamp>4953.661951</timestamp>
			</report>
			<report>
				<misses>13050001</misses>
				<total>22</total>
				<timestamp>4954.041603</timestamp>
			</report>
			<report>
				<misses>13051001</misses>
				<total>22</total>
				<timestamp>4954.421214</timestamp>
			</report>
			<report>
				<misses>13052001</misses>
				<total>22</total>
				<timestamp>4954.800802</timestamp>
			</report>
			<report>
				<misses>13053001</misses>
				<total>22</total>
				<timestamp>4955.180411</timestamp>
			</report>
			<report>
				<misses>13054001</misses>
				<total>22</total>
				<timestamp>4955.560061</timestamp>
			</report>
			<report>
				<misses>13055001</misses>
				<total>22</total>
				<timestamp>4955.939662</timestamp>
			</report>
			<report>
				<misses>13056001</misses>
				<total>22</total>
				<timestamp>4956.319291</timestamp>
			</report>
			<report>
				<misses>13057001</misses>
				<total>22</total>
				<timestamp>4956.698927</timestamp>
			</report>
			<report>
				<misses>13058001</misses>
				<total>22</total>
				<timestamp>4957.078566</timestamp>
			</report>
			<report>
				<misses>13059001</misses>
				<total>22</total>
				<timestamp>4957.458140</timestamp>
			</report>
			<report>
				<misses>13060001</misses>
				<total>22</total>
				<timestamp>4957.837774</timestamp>
			</report>
			<report>
				<misses>13061001</misses>
				<total>22</total>
				<timestamp>4958.217377</timestamp>
			</report>
			<report>
				<misses>13062001</misses>
				<total>22</total>
				<timestamp>4958.597060</timestamp>
			</report>
			<report>
				<misses>13063001</misses>
				<total>22</total>
				<timestamp>4958.976640</timestamp>
			</report>
			<report>
				<misses>13064001</misses>
				<total>22</total>
				<timestamp>4959.356283</timestamp>
			</report>
			<report>
				<misses>13065001</misses>
				<total>22</total>
				<timestamp>4959.735877</timestamp>
			</report>
			<report>
				<misses>13066001</misses>
				<total>22</total>
				<timestamp>4960.115512</timestamp>
			</report>
			<report>
				<misses>13067001</misses>
				<total>22</total>
				<timestamp>4960.495094</timestamp>
			</report>
			<report>
				<misses>13068001</misses>
				<total>22</total>
				<timestamp>4960.874760</timestamp>
			</report>
			<report>
				<misses>13069001</misses>
				<total>22</total>
				<timestamp>4961.254345</timestamp>
			</report>
			<report>
				<misses>13070001</misses>
				<total>22</total>
				<timestamp>4961.633976</timestamp>
			</report>
			<report>
				<misses>13071001</misses>
				<total>22</total>
				<timestamp>4962.013594</timestamp>
			</report>
			<report>
				<misses>13072001</misses>
				<total>22</total>
				<timestamp>4962.393248</timestamp>
			</report>
			<report>
				<misses>13073001</misses>
				<total>22</total>
				<timestamp>4962.772876</timestamp>
			</report>
			<report>
				<misses>13074001</misses>
				<total>22</total>
				<timestamp>4963.152485</timestamp>
			</report>
			<report>
				<misses>13075001</misses>
				<total>22</total>
				<timestamp>4963.532060</timestamp>
			</report>
			<report>
				<misses>13076001</misses>
				<total>22</total>
				<timestamp>4963.911691</timestamp>
			</report>
			<report>
				<misses>13077001</misses>
				<total>22</total>
				<timestamp>4964.291350</timestamp>
			</report>
			<report>
				<misses>13078001</misses>
				<total>22</total>
				<timestamp>4964.670943</timestamp>
			</report>
			<report>
				<misses>13079001</misses>
				<total>22</total>
				<timestamp>4965.050539</timestamp>
			</report>
			<report>
				<misses>13080001</misses>
				<total>22</total>
				<timestamp>4965.430163</timestamp>
			</report>
			<report>
				<misses>13081001</misses>
				<total>22</total>
				<timestamp>4965.809883</timestamp>
			</report>
			<report>
				<misses>13082001</misses>
				<total>22</total>
				<timestamp>4966.189410</timestamp>
			</report>
			<report>
				<misses>13083001</misses>
				<total>22</total>
				<timestamp>4966.569015</timestamp>
			</report>
			<report>
				<misses>13084001</misses>
				<total>22</total>
				<timestamp>4966.948642</timestamp>
			</report>
			<report>
				<misses>13085001</misses>
				<total>22</total>
				<timestamp>4967.328263</timestamp>
			</report>
			<report>
				<misses>13086001</misses>
				<total>22</total>
				<timestamp>4967.707890</timestamp>
			</report>
			<report>
				<misses>13087001</misses>
				<total>22</total>
				<timestamp>4968.087538</timestamp>
			</report>
			<report>
				<misses>13088001</misses>
				<total>22</total>
				<timestamp>4968.467114</timestamp>
			</report>
			<report>
				<misses>13089001</misses>
				<total>22</total>
				<timestamp>4968.846754</timestamp>
			</report>
			<report>
				<misses>13090001</misses>
				<total>22</total>
				<timestamp>4969.226368</timestamp>
			</report>
			<report>
				<misses>13091001</misses>
				<total>22</total>
				<timestamp>4969.605981</timestamp>
			</report>
			<report>
				<misses>13092001</misses>
				<total>22</total>
				<timestamp>4969.985614</timestamp>
			</report>
			<report>
				<misses>13093001</misses>
				<total>22</total>
				<timestamp>4970.365229</timestamp>
			</report>
			<report>
				<misses>13094001</misses>
				<total>22</total>
				<timestamp>4970.744827</timestamp>
			</report>
			<report>
				<misses>13095001</misses>
				<total>22</total>
				<timestamp>4971.124448</timestamp>
			</report>
			<report>
				<misses>13096001</misses>
				<total>22</total>
				<timestamp>4971.504107</timestamp>
			</report>
			<report>
				<misses>13097001</misses>
				<total>22</total>
				<timestamp>4971.883724</timestamp>
			</report>
			<report>
				<misses>13098001</misses>
				<total>22</total>
				<timestamp>4972.263332</timestamp>
			</report>
			<report>
				<misses>13099001</misses>
				<total>22</total>
				<timestamp>4972.642938</timestamp>
			</report>
			<report>
				<misses>13100001</misses>
				<total>22</total>
				<timestamp>4973.022579</timestamp>
			</report>
			<report>
				<misses>13101001</misses>
				<total>22</total>
				<timestamp>4973.402184</timestamp>
			</report>
			<report>
				<misses>13102001</misses>
				<total>22</total>
				<timestamp>4973.781817</timestamp>
			</report>
			<report>
				<misses>13103001</misses>
				<total>22</total>
				<timestamp>4974.161455</timestamp>
			</report>
			<report>
				<misses>13104001</misses>
				<total>22</total>
				<timestamp>4974.541032</timestamp>
			</report>
			<report>
				<misses>13105001</misses>
				<total>22</total>
				<timestamp>4974.920672</timestamp>
			</report>
			<report>
				<misses>13106001</misses>
				<total>22</total>
				<timestamp>4975.300300</timestamp>
			</report>
			<report>
				<misses>13107001</misses>
				<total>22</total>
				<timestamp>4975.679899</timestamp>
			</report>
			<report>
				<misses>13108001</misses>
				<total>22</total>
				<timestamp>4976.059528</timestamp>
			</report>
			<report>
				<misses>13109001</misses>
				<total>22</total>
				<timestamp>4976.439146</timestamp>
			</report>
			<report>
				<misses>13110001</misses>
				<total>22</total>
				<timestamp>4976.818775</timestamp>
			</report>
			<report>
				<misses>13111001</misses>
				<total>22</total>
				<timestamp>4977.198451</timestamp>
			</report>
			<report>
				<misses>13112001</misses>
				<total>22</total>
				<timestamp>4977.578006</timestamp>
			</report>
			<report>
				<misses>13113001</misses>
				<total>22</total>
				<timestamp>4977.957617</timestamp>
			</report>
			<report>
				<misses>13114001</misses>
				<total>22</total>
				<timestamp>4978.337260</timestamp>
			</report>
			<report>
				<misses>13115001</misses>
				<total>22</total>
				<timestamp>4978.716913</timestamp>
			</report>
			<report>
				<misses>13116001</misses>
				<total>22</total>
				<timestamp>4979.096463</timestamp>
			</report>
			<report>
				<misses>13117001</misses>
				<total>22</total>
				<timestamp>4979.476124</timestamp>
			</report>
			<report>
				<misses>13118001</misses>
				<total>22</total>
				<timestamp>4979.855763</timestamp>
			</report>
			<report>
				<misses>13119001</misses>
				<total>22</total>
				<timestamp>4980.235382</timestamp>
			</report>
			<report>
				<misses>13120001</misses>
				<total>22</total>
				<timestamp>4980.614968</timestamp>
			</report>
			<report>
				<misses>13121001</misses>
				<total>22</total>
				<timestamp>4980.994600</timestamp>
			</report>
			<report>
				<misses>13122001</misses>
				<total>22</total>
				<timestamp>4981.374239</timestamp>
			</report>
			<report>
				<misses>13123001</misses>
				<total>22</total>
				<timestamp>4981.753815</timestamp>
			</report>
			<report>
				<misses>13124001</misses>
				<total>22</total>
				<timestamp>4982.133469</timestamp>
			</report>
			<report>
				<misses>13125001</misses>
				<total>22</total>
				<timestamp>4982.513058</timestamp>
			</report>
			<report>
				<misses>13126001</misses>
				<total>22</total>
				<timestamp>4982.892702</timestamp>
			</report>
			<report>
				<misses>13127001</misses>
				<total>22</total>
				<timestamp>4983.272290</timestamp>
			</report>
			<report>
				<misses>13128001</misses>
				<total>22</total>
				<timestamp>4983.651909</timestamp>
			</report>
			<report>
				<misses>13129001</misses>
				<total>22</total>
				<timestamp>4984.031542</timestamp>
			</report>
			<report>
				<misses>13130001</misses>
				<total>22</total>
				<timestamp>4984.411166</timestamp>
			</report>
			<report>
				<misses>13131001</misses>
				<total>22</total>
				<timestamp>4984.790778</timestamp>
			</report>
			<report>
				<misses>13132001</misses>
				<total>22</total>
				<timestamp>4985.170430</timestamp>
			</report>
			<report>
				<misses>13133001</misses>
				<total>22</total>
				<timestamp>4985.550038</timestamp>
			</report>
			<report>
				<misses>13134001</misses>
				<total>22</total>
				<timestamp>4985.929640</timestamp>
			</report>
			<report>
				<misses>13135001</misses>
				<total>22</total>
				<timestamp>4986.309279</timestamp>
			</report>
			<report>
				<misses>13136001</misses>
				<total>22</total>
				<timestamp>4986.688896</timestamp>
			</report>
			<report>
				<misses>13137001</misses>
				<total>22</total>
				<timestamp>4987.068502</timestamp>
			</report>
			<report>
				<misses>13138001</misses>
				<total>22</total>
				<timestamp>4987.448138</timestamp>
			</report>
			<report>
				<misses>13139001</misses>
				<total>22</total>
				<timestamp>4987.827799</timestamp>
			</report>
			<report>
				<misses>13140001</misses>
				<total>22</total>
				<timestamp>4988.207410</timestamp>
			</report>
			<report>
				<misses>13141001</misses>
				<total>22</total>
				<timestamp>4988.586991</timestamp>
			</report>
			<report>
				<misses>13142001</misses>
				<total>22</total>
				<timestamp>4988.966605</timestamp>
			</report>
			<report>
				<misses>13143001</misses>
				<total>22</total>
				<timestamp>4989.346251</timestamp>
			</report>
			<report>
				<misses>13144001</misses>
				<total>22</total>
				<timestamp>4989.725851</timestamp>
			</report>
			<report>
				<misses>13145001</misses>
				<total>22</total>
				<timestamp>4990.105461</timestamp>
			</report>
			<report>
				<misses>13146001</misses>
				<total>22</total>
				<timestamp>4990.485068</timestamp>
			</report>
			<report>
				<misses>13147001</misses>
				<total>22</total>
				<timestamp>4990.864722</timestamp>
			</report>
			<report>
				<misses>13148001</misses>
				<total>22</total>
				<timestamp>4991.244342</timestamp>
			</report>
			<report>
				<misses>13149001</misses>
				<total>22</total>
				<timestamp>4991.623954</timestamp>
			</report>
			<report>
				<misses>13150001</misses>
				<total>22</total>
				<timestamp>4992.003560</timestamp>
			</report>
			<report>
				<misses>13151001</misses>
				<total>22</total>
				<timestamp>4992.383220</timestamp>
			</report>
			<report>
				<misses>13152001</misses>
				<total>22</total>
				<timestamp>4992.762835</timestamp>
			</report>
			<report>
				<misses>13153001</misses>
				<total>22</total>
				<timestamp>4993.142424</timestamp>
			</report>
			<report>
				<misses>13154001</misses>
				<total>22</total>
				<timestamp>4993.522040</timestamp>
			</report>
			<report>
				<misses>13155001</misses>
				<total>22</total>
				<timestamp>4993.901674</timestamp>
			</report>
			<report>
				<misses>13156001</misses>
				<total>22</total>
				<timestamp>4994.281289</timestamp>
			</report>
			<report>
				<misses>13157001</misses>
				<total>22</total>
				<timestamp>4994.660913</timestamp>
			</report>
			<report>
				<misses>13158001</misses>
				<total>22</total>
				<timestamp>4995.040543</timestamp>
			</report>
			<report>
				<misses>13159001</misses>
				<total>22</total>
				<timestamp>4995.420133</timestamp>
			</report>
			<report>
				<misses>13160001</misses>
				<total>22</total>
				<timestamp>4995.799812</timestamp>
			</report>
			<report>
				<misses>13161001</misses>
				<total>22</total>
				<timestamp>4996.179383</timestamp>
			</report>
			<report>
				<misses>13162001</misses>
				<total>22</total>
				<timestamp>4996.559004</timestamp>
			</report>
			<report>
				<misses>13163001</misses>
				<total>22</total>
				<timestamp>4996.938647</timestamp>
			</report>
			<report>
				<misses>13164001</misses>
				<total>22</total>
				<timestamp>4997.318246</timestamp>
			</report>
			<report>
				<misses>13165001</misses>
				<total>22</total>
				<timestamp>4997.697852</timestamp>
			</report>
			<report>
				<misses>13166001</misses>
				<total>22</total>
				<timestamp>4998.077504</timestamp>
			</report>
			<report>
				<misses>13167001</misses>
				<total>22</total>
				<timestamp>4998.457091</timestamp>
			</report>
			<report>
				<misses>13168001</misses>
				<total>22</total>
				<timestamp>4998.836768</timestamp>
			</report>
			<report>
				<misses>13169001</misses>
				<total>22</total>
				<timestamp>4999.216333</timestamp>
			</report>
			<report>
				<misses>13170001</misses>
				<total>22</total>
				<timestamp>4999.595965</timestamp>
			</report>
			<report>
				<misses>13171001</misses>
				<total>22</total>
				<timestamp>4999.975653</timestamp>
			</report>
			<report>
				<misses>13172001</misses>
				<total>22</total>
				<timestamp>5000.355223</timestamp>
			</report>
			<report>
				<misses>13173001</misses>
				<total>22</total>
				<timestamp>5000.734813</timestamp>
			</report>
			<report>
				<misses>13174001</misses>
				<total>22</total>
				<timestamp>5001.114441</timestamp>
			</report>
			<report>
				<misses>13175001</misses>
				<total>22</total>
				<timestamp>5001.494084</timestamp>
			</report>
			<report>
				<misses>13176001</misses>
				<total>22</total>
				<timestamp>5001.873699</timestamp>
			</report>
			<report>
				<misses>13177001</misses>
				<total>22</total>
				<timestamp>5002.253289</timestamp>
			</report>
			<report>
				<misses>13178001</misses>
				<total>22</total>
				<timestamp>5002.632913</timestamp>
			</report>
			<report>
				<misses>13179001</misses>
				<total>22</total>
				<timestamp>5003.012646</timestamp>
			</report>
			<report>
				<misses>13180001</misses>
				<total>22</total>
				<timestamp>5003.392157</timestamp>
			</report>
			<report>
				<misses>13181001</misses>
				<total>22</total>
				<timestamp>5003.771791</timestamp>
			</report>
			<report>
				<misses>13182001</misses>
				<total>22</total>
				<timestamp>5004.151396</timestamp>
			</report>
			<report>
				<misses>13183001</misses>
				<total>22</total>
				<timestamp>5004.531017</timestamp>
			</report>
			<report>
				<misses>13184001</misses>
				<total>22</total>
				<timestamp>5004.910671</timestamp>
			</report>
			<report>
				<misses>13185001</misses>
				<total>22</total>
				<timestamp>5005.290262</timestamp>
			</report>
			<report>
				<misses>13186001</misses>
				<total>22</total>
				<timestamp>5005.669921</timestamp>
			</report>
			<report>
				<misses>13187001</misses>
				<total>22</total>
				<timestamp>5006.049530</timestamp>
			</report>
			<report>
				<misses>13188001</misses>
				<total>22</total>
				<timestamp>5006.429108</timestamp>
			</report>
			<report>
				<misses>13189001</misses>
				<total>22</total>
				<timestamp>5006.808791</timestamp>
			</report>
			<report>
				<misses>13190001</misses>
				<total>22</total>
				<timestamp>5007.188419</timestamp>
			</report>
			<report>
				<misses>13191001</misses>
				<total>22</total>
				<timestamp>5007.567989</timestamp>
			</report>
			<report>
				<misses>13192001</misses>
				<total>22</total>
				<timestamp>5007.947617</timestamp>
			</report>
			<report>
				<misses>13193001</misses>
				<total>22</total>
				<timestamp>5008.327275</timestamp>
			</report>
			<report>
				<misses>13194001</misses>
				<total>22</total>
				<timestamp>5008.706831</timestamp>
			</report>
			<report>
				<misses>13195001</misses>
				<total>22</total>
				<timestamp>5009.086466</timestamp>
			</report>
			<report>
				<misses>13196001</misses>
				<total>22</total>
				<timestamp>5009.466087</timestamp>
			</report>
			<report>
				<misses>13197001</misses>
				<total>22</total>
				<timestamp>5009.845716</timestamp>
			</report>
			<report>
				<misses>13198001</misses>
				<total>22</total>
				<timestamp>5010.225331</timestamp>
			</report>
			<report>
				<misses>13199001</misses>
				<total>22</total>
				<timestamp>5010.604942</timestamp>
			</report>
			<report>
				<misses>13200001</misses>
				<total>22</total>
				<timestamp>5010.984596</timestamp>
			</report>
			<report>
				<misses>13201001</misses>
				<total>22</total>
				<timestamp>5011.364169</timestamp>
			</report>
			<report>
				<misses>13202001</misses>
				<total>22</total>
				<timestamp>5011.743792</timestamp>
			</report>
			<report>
				<misses>13203001</misses>
				<total>22</total>
				<timestamp>5012.123448</timestamp>
			</report>
			<report>
				<misses>13204001</misses>
				<total>22</total>
				<timestamp>5012.503042</timestamp>
			</report>
			<report>
				<misses>13205001</misses>
				<total>22</total>
				<timestamp>5012.882699</timestamp>
			</report>
			<report>
				<misses>13206001</misses>
				<total>22</total>
				<timestamp>5013.262292</timestamp>
			</report>
			<report>
				<misses>13207001</misses>
				<total>22</total>
				<timestamp>5013.641901</timestamp>
			</report>
			<report>
				<misses>13208001</misses>
				<total>22</total>
				<timestamp>5014.021552</timestamp>
			</report>
			<report>
				<misses>13209001</misses>
				<total>22</total>
				<timestamp>5014.401170</timestamp>
			</report>
			<report>
				<misses>13210001</misses>
				<total>22</total>
				<timestamp>5014.780773</timestamp>
			</report>
			<report>
				<misses>13211001</misses>
				<total>22</total>
				<timestamp>5015.160379</timestamp>
			</report>
			<report>
				<misses>13212001</misses>
				<total>22</total>
				<timestamp>5015.540001</timestamp>
			</report>
			<report>
				<misses>13213001</misses>
				<total>22</total>
				<timestamp>5015.919640</timestamp>
			</report>
			<report>
				<misses>13214001</misses>
				<total>22</total>
				<timestamp>5016.299269</timestamp>
			</report>
			<report>
				<misses>13215001</misses>
				<total>22</total>
				<timestamp>5016.678860</timestamp>
			</report>
			<report>
				<misses>13216001</misses>
				<total>22</total>
				<timestamp>5017.058484</timestamp>
			</report>
			<report>
				<misses>13217001</misses>
				<total>22</total>
				<timestamp>5017.438115</timestamp>
			</report>
			<report>
				<misses>13218001</misses>
				<total>22</total>
				<timestamp>5017.817750</timestamp>
			</report>
			<report>
				<misses>13219001</misses>
				<total>22</total>
				<timestamp>5018.197359</timestamp>
			</report>
			<report>
				<misses>13220001</misses>
				<total>22</total>
				<timestamp>5018.576950</timestamp>
			</report>
			<report>
				<misses>13221001</misses>
				<total>22</total>
				<timestamp>5018.956576</timestamp>
			</report>
			<report>
				<misses>13222001</misses>
				<total>22</total>
				<timestamp>5019.336225</timestamp>
			</report>
			<report>
				<misses>13223001</misses>
				<total>22</total>
				<timestamp>5019.715837</timestamp>
			</report>
			<report>
				<misses>13224001</misses>
				<total>22</total>
				<timestamp>5020.095465</timestamp>
			</report>
			<report>
				<misses>13225001</misses>
				<total>22</total>
				<timestamp>5020.475046</timestamp>
			</report>
			<report>
				<misses>13226001</misses>
				<total>22</total>
				<timestamp>5020.854684</timestamp>
			</report>
			<report>
				<misses>13227001</misses>
				<total>22</total>
				<timestamp>5021.234303</timestamp>
			</report>
			<report>
				<misses>13228001</misses>
				<total>22</total>
				<timestamp>5021.613954</timestamp>
			</report>
			<report>
				<misses>13229001</misses>
				<total>22</total>
				<timestamp>5021.993541</timestamp>
			</report>
			<report>
				<misses>13230001</misses>
				<total>22</total>
				<timestamp>5022.373166</timestamp>
			</report>
			<report>
				<misses>13231001</misses>
				<total>22</total>
				<timestamp>5022.752794</timestamp>
			</report>
			<report>
				<misses>13232001</misses>
				<total>22</total>
				<timestamp>5023.132418</timestamp>
			</report>
			<report>
				<misses>13233001</misses>
				<total>22</total>
				<timestamp>5023.512024</timestamp>
			</report>
			<report>
				<misses>13234001</misses>
				<total>22</total>
				<timestamp>5023.891655</timestamp>
			</report>
			<report>
				<misses>13235001</misses>
				<total>22</total>
				<timestamp>5024.271268</timestamp>
			</report>
			<report>
				<misses>13236001</misses>
				<total>22</total>
				<timestamp>5024.650890</timestamp>
			</report>
			<report>
				<misses>13237001</misses>
				<total>22</total>
				<timestamp>5025.030523</timestamp>
			</report>
			<report>
				<misses>13238001</misses>
				<total>22</total>
				<timestamp>5025.410137</timestamp>
			</report>
			<report>
				<misses>13239001</misses>
				<total>22</total>
				<timestamp>5025.789750</timestamp>
			</report>
			<report>
				<misses>13240001</misses>
				<total>22</total>
				<timestamp>5026.169394</timestamp>
			</report>
			<report>
				<misses>13241001</misses>
				<total>22</total>
				<timestamp>5026.548972</timestamp>
			</report>
			<report>
				<misses>13242001</misses>
				<total>22</total>
				<timestamp>5026.928634</timestamp>
			</report>
			<report>
				<misses>13243001</misses>
				<total>22</total>
				<timestamp>5027.308238</timestamp>
			</report>
			<report>
				<misses>13244001</misses>
				<total>22</total>
				<timestamp>5027.687840</timestamp>
			</report>
			<report>
				<misses>13245001</misses>
				<total>22</total>
				<timestamp>5028.067465</timestamp>
			</report>
			<report>
				<misses>13246001</misses>
				<total>22</total>
				<timestamp>5028.447091</timestamp>
			</report>
			<report>
				<misses>13247001</misses>
				<total>22</total>
				<timestamp>5028.826718</timestamp>
			</report>
			<report>
				<misses>13248001</misses>
				<total>22</total>
				<timestamp>5029.206330</timestamp>
			</report>
			<report>
				<misses>13249001</misses>
				<total>22</total>
				<timestamp>5029.585936</timestamp>
			</report>
			<report>
				<misses>13250001</misses>
				<total>22</total>
				<timestamp>5029.965588</timestamp>
			</report>
			<report>
				<misses>13251001</misses>
				<total>22</total>
				<timestamp>5030.345232</timestamp>
			</report>
			<report>
				<misses>13252001</misses>
				<total>22</total>
				<timestamp>5030.724796</timestamp>
			</report>
			<report>
				<misses>13253001</misses>
				<total>22</total>
				<timestamp>5031.104424</timestamp>
			</report>
			<report>
				<misses>13254001</misses>
				<total>22</total>
				<timestamp>5031.484036</timestamp>
			</report>
			<report>
				<misses>13255001</misses>
				<total>22</total>
				<timestamp>5031.863654</timestamp>
			</report>
			<report>
				<misses>13256001</misses>
				<total>22</total>
				<timestamp>5032.243280</timestamp>
			</report>
			<report>
				<misses>13257001</misses>
				<total>22</total>
				<timestamp>5032.622908</timestamp>
			</report>
			<report>
				<misses>13258001</misses>
				<total>22</total>
				<timestamp>5033.002586</timestamp>
			</report>
			<report>
				<misses>13259001</misses>
				<total>22</total>
				<timestamp>5033.382132</timestamp>
			</report>
			<report>
				<misses>13260001</misses>
				<total>22</total>
				<timestamp>5033.761759</timestamp>
			</report>
			<report>
				<misses>13261001</misses>
				<total>22</total>
				<timestamp>5034.141433</timestamp>
			</report>
			<report>
				<misses>13262001</misses>
				<total>22</total>
				<timestamp>5034.521004</timestamp>
			</report>
			<report>
				<misses>13263001</misses>
				<total>22</total>
				<timestamp>5034.900652</timestamp>
			</report>
			<report>
				<misses>13264001</misses>
				<total>22</total>
				<timestamp>5035.280253</timestamp>
			</report>
			<report>
				<misses>13265001</misses>
				<total>22</total>
				<timestamp>5035.659874</timestamp>
			</report>
			<report>
				<misses>13266001</misses>
				<total>22</total>
				<timestamp>5036.039497</timestamp>
			</report>
			<report>
				<misses>13267001</misses>
				<total>22</total>
				<timestamp>5036.419114</timestamp>
			</report>
			<report>
				<misses>13268001</misses>
				<total>22</total>
				<timestamp>5036.798722</timestamp>
			</report>
			<report>
				<misses>13269001</misses>
				<total>22</total>
				<timestamp>5037.178401</timestamp>
			</report>
			<report>
				<misses>13270001</misses>
				<total>22</total>
				<timestamp>5037.557972</timestamp>
			</report>
			<report>
				<misses>13271001</misses>
				<total>22</total>
				<timestamp>5037.937589</timestamp>
			</report>
			<report>
				<misses>13272001</misses>
				<total>22</total>
				<timestamp>5038.317243</timestamp>
			</report>
			<report>
				<misses>13273001</misses>
				<total>22</total>
				<timestamp>5038.696832</timestamp>
			</report>
			<report>
				<misses>13274001</misses>
				<total>22</total>
				<timestamp>5039.076493</timestamp>
			</report>
			<report>
				<misses>13275001</misses>
				<total>22</total>
				<timestamp>5039.456049</timestamp>
			</report>
			<report>
				<misses>13276001</misses>
				<total>22</total>
				<timestamp>5039.835678</timestamp>
			</report>
			<report>
				<misses>13277001</misses>
				<total>22</total>
				<timestamp>5040.215301</timestamp>
			</report>
			<report>
				<misses>13278001</misses>
				<total>22</total>
				<timestamp>5040.594905</timestamp>
			</report>
			<report>
				<misses>13279001</misses>
				<total>22</total>
				<timestamp>5040.974555</timestamp>
			</report>
			<report>
				<misses>13280001</misses>
				<total>22</total>
				<timestamp>5041.354157</timestamp>
			</report>
			<report>
				<misses>13281001</misses>
				<total>22</total>
				<timestamp>5041.733778</timestamp>
			</report>
			<report>
				<misses>13282001</misses>
				<total>22</total>
				<timestamp>5042.113418</timestamp>
			</report>
			<report>
				<misses>13283001</misses>
				<total>22</total>
				<timestamp>5042.493016</timestamp>
			</report>
			<report>
				<misses>13284001</misses>
				<total>22</total>
				<timestamp>5042.872652</timestamp>
			</report>
			<report>
				<misses>13285001</misses>
				<total>22</total>
				<timestamp>5043.252277</timestamp>
			</report>
			<report>
				<misses>13286001</misses>
				<total>22</total>
				<timestamp>5043.631876</timestamp>
			</report>
			<report>
				<misses>13287001</misses>
				<total>22</total>
				<timestamp>5044.011503</timestamp>
			</report>
			<report>
				<misses>13288001</misses>
				<total>22</total>
				<timestamp>5044.391152</timestamp>
			</report>
			<report>
				<misses>13289001</misses>
				<total>22</total>
				<timestamp>5044.770740</timestamp>
			</report>
			<report>
				<misses>13290001</misses>
				<total>22</total>
				<timestamp>5045.150377</timestamp>
			</report>
			<report>
				<misses>13291001</misses>
				<total>22</total>
				<timestamp>5045.529989</timestamp>
			</report>
			<report>
				<misses>13292001</misses>
				<total>22</total>
				<timestamp>5045.909617</timestamp>
			</report>
			<report>
				<misses>13293001</misses>
				<total>22</total>
				<timestamp>5046.289262</timestamp>
			</report>
			<report>
				<misses>13294001</misses>
				<total>22</total>
				<timestamp>5046.668839</timestamp>
			</report>
			<report>
				<misses>13295001</misses>
				<total>22</total>
				<timestamp>5047.048473</timestamp>
			</report>
			<report>
				<misses>13296001</misses>
				<total>22</total>
				<timestamp>5047.428121</timestamp>
			</report>
			<report>
				<misses>13297001</misses>
				<total>22</total>
				<timestamp>5047.807722</timestamp>
			</report>
			<report>
				<misses>13298001</misses>
				<total>22</total>
				<timestamp>5048.187343</timestamp>
			</report>
			<report>
				<misses>13299001</misses>
				<total>22</total>
				<timestamp>5048.566941</timestamp>
			</report>
			<report>
				<misses>13300001</misses>
				<total>22</total>
				<timestamp>5048.946555</timestamp>
			</report>
			<report>
				<misses>13301001</misses>
				<total>22</total>
				<timestamp>5049.326194</timestamp>
			</report>
			<report>
				<misses>13302001</misses>
				<total>22</total>
				<timestamp>5049.705787</timestamp>
			</report>
			<report>
				<misses>13303001</misses>
				<total>22</total>
				<timestamp>5050.085471</timestamp>
			</report>
			<report>
				<misses>13304001</misses>
				<total>22</total>
				<timestamp>5050.465058</timestamp>
			</report>
			<report>
				<misses>13305001</misses>
				<total>22</total>
				<timestamp>5050.844685</timestamp>
			</report>
			<report>
				<misses>13306001</misses>
				<total>22</total>
				<timestamp>5051.224310</timestamp>
			</report>
			<report>
				<misses>13307001</misses>
				<total>22</total>
				<timestamp>5051.603903</timestamp>
			</report>
			<report>
				<misses>13308001</misses>
				<total>22</total>
				<timestamp>5051.983523</timestamp>
			</report>
			<report>
				<misses>13309001</misses>
				<total>22</total>
				<timestamp>5052.363134</timestamp>
			</report>
			<report>
				<misses>13310001</misses>
				<total>22</total>
				<timestamp>5052.742776</timestamp>
			</report>
			<report>
				<misses>13311001</misses>
				<total>22</total>
				<timestamp>5053.122403</timestamp>
			</report>
			<report>
				<misses>13312001</misses>
				<total>22</total>
				<timestamp>5053.502021</timestamp>
			</report>
			<report>
				<misses>13313001</misses>
				<total>22</total>
				<timestamp>5053.881615</timestamp>
			</report>
			<report>
				<misses>13314001</misses>
				<total>22</total>
				<timestamp>5054.261292</timestamp>
			</report>
			<report>
				<misses>13315001</misses>
				<total>22</total>
				<timestamp>5054.640854</timestamp>
			</report>
			<report>
				<misses>13316001</misses>
				<total>22</total>
				<timestamp>5055.020478</timestamp>
			</report>
			<report>
				<misses>13317001</misses>
				<total>22</total>
				<timestamp>5055.400089</timestamp>
			</report>
			<report>
				<misses>13318001</misses>
				<total>22</total>
				<timestamp>5055.779739</timestamp>
			</report>
			<report>
				<misses>13319001</misses>
				<total>22</total>
				<timestamp>5056.159346</timestamp>
			</report>
			<report>
				<misses>13320001</misses>
				<total>22</total>
				<timestamp>5056.538960</timestamp>
			</report>
			<report>
				<misses>13321001</misses>
				<total>22</total>
				<timestamp>5056.918583</timestamp>
			</report>
			<report>
				<misses>13322001</misses>
				<total>22</total>
				<timestamp>5057.298210</timestamp>
			</report>
			<report>
				<misses>13323001</misses>
				<total>22</total>
				<timestamp>5057.677841</timestamp>
			</report>
			<report>
				<misses>13324001</misses>
				<total>22</total>
				<timestamp>5058.057439</timestamp>
			</report>
			<report>
				<misses>13325001</misses>
				<total>22</total>
				<timestamp>5058.437073</timestamp>
			</report>
			<report>
				<misses>13326001</misses>
				<total>22</total>
				<timestamp>5058.816681</timestamp>
			</report>
			<report>
				<misses>13327001</misses>
				<total>22</total>
				<timestamp>5059.196311</timestamp>
			</report>
			<report>
				<misses>13328001</misses>
				<total>22</total>
				<timestamp>5059.575922</timestamp>
			</report>
			<report>
				<misses>13329001</misses>
				<total>22</total>
				<timestamp>5059.955555</timestamp>
			</report>
			<report>
				<misses>13330001</misses>
				<total>22</total>
				<timestamp>5060.335160</timestamp>
			</report>
			<report>
				<misses>13331001</misses>
				<total>22</total>
				<timestamp>5060.714783</timestamp>
			</report>
			<report>
				<misses>13332001</misses>
				<total>22</total>
				<timestamp>5061.094399</timestamp>
			</report>
			<report>
				<misses>13333001</misses>
				<total>22</total>
				<timestamp>5061.474020</timestamp>
			</report>
			<report>
				<misses>13334001</misses>
				<total>22</total>
				<timestamp>5061.853647</timestamp>
			</report>
			<report>
				<misses>13335001</misses>
				<total>22</total>
				<timestamp>5062.233257</timestamp>
			</report>
			<report>
				<misses>13336001</misses>
				<total>22</total>
				<timestamp>5062.612912</timestamp>
			</report>
			<report>
				<misses>13337001</misses>
				<total>22</total>
				<timestamp>5062.992522</timestamp>
			</report>
			<report>
				<misses>13338001</misses>
				<total>22</total>
				<timestamp>5063.372129</timestamp>
			</report>
			<report>
				<misses>13339001</misses>
				<total>22</total>
				<timestamp>5063.751740</timestamp>
			</report>
			<report>
				<misses>13340001</misses>
				<total>22</total>
				<timestamp>5064.131396</timestamp>
			</report>
			<report>
				<misses>13341001</misses>
				<total>22</total>
				<timestamp>5064.510996</timestamp>
			</report>
			<report>
				<misses>13342001</misses>
				<total>22</total>
				<timestamp>5064.890590</timestamp>
			</report>
			<report>
				<misses>13343001</misses>
				<total>22</total>
				<timestamp>5065.270268</timestamp>
			</report>
			<report>
				<misses>13344001</misses>
				<total>22</total>
				<timestamp>5065.649862</timestamp>
			</report>
			<report>
				<misses>13345001</misses>
				<total>22</total>
				<timestamp>5066.029467</timestamp>
			</report>
			<report>
				<misses>13346001</misses>
				<total>22</total>
				<timestamp>5066.409080</timestamp>
			</report>
			<report>
				<misses>13347001</misses>
				<total>22</total>
				<timestamp>5066.788697</timestamp>
			</report>
			<report>
				<misses>13348001</misses>
				<total>22</total>
				<timestamp>5067.168341</timestamp>
			</report>
			<report>
				<misses>13349001</misses>
				<total>22</total>
				<timestamp>5067.547951</timestamp>
			</report>
			<report>
				<misses>13350001</misses>
				<total>22</total>
				<timestamp>5067.927575</timestamp>
			</report>
			<report>
				<misses>13351001</misses>
				<total>22</total>
				<timestamp>5068.307232</timestamp>
			</report>
			<report>
				<misses>13352001</misses>
				<total>22</total>
				<timestamp>5068.686843</timestamp>
			</report>
			<report>
				<misses>13353001</misses>
				<total>22</total>
				<timestamp>5069.066428</timestamp>
			</report>
			<report>
				<misses>13354001</misses>
				<total>22</total>
				<timestamp>5069.446047</timestamp>
			</report>
			<report>
				<misses>13355001</misses>
				<total>22</total>
				<timestamp>5069.825674</timestamp>
			</report>
			<report>
				<misses>13356001</misses>
				<total>22</total>
				<timestamp>5070.205327</timestamp>
			</report>
			<report>
				<misses>13357001</misses>
				<total>22</total>
				<timestamp>5070.584891</timestamp>
			</report>
			<report>
				<misses>13358001</misses>
				<total>22</total>
				<timestamp>5070.964551</timestamp>
			</report>
			<report>
				<misses>13359001</misses>
				<total>22</total>
				<timestamp>5071.344160</timestamp>
			</report>
			<report>
				<misses>13360001</misses>
				<total>22</total>
				<timestamp>5071.723769</timestamp>
			</report>
			<report>
				<misses>13361001</misses>
				<total>22</total>
				<timestamp>5072.103401</timestamp>
			</report>
			<report>
				<misses>13362001</misses>
				<total>22</total>
				<timestamp>5072.483040</timestamp>
			</report>
			<report>
				<misses>13363001</misses>
				<total>22</total>
				<timestamp>5072.862617</timestamp>
			</report>
			<report>
				<misses>13364001</misses>
				<total>22</total>
				<timestamp>5073.242313</timestamp>
			</report>
			<report>
				<misses>13365001</misses>
				<total>22</total>
				<timestamp>5073.621870</timestamp>
			</report>
			<report>
				<misses>13366001</misses>
				<total>22</total>
				<timestamp>5074.001473</timestamp>
			</report>
			<report>
				<misses>13367001</misses>
				<total>22</total>
				<timestamp>5074.381104</timestamp>
			</report>
			<report>
				<misses>13368001</misses>
				<total>22</total>
				<timestamp>5074.760760</timestamp>
			</report>
			<report>
				<misses>13369001</misses>
				<total>22</total>
				<timestamp>5075.140354</timestamp>
			</report>
			<report>
				<misses>13370001</misses>
				<total>22</total>
				<timestamp>5075.519962</timestamp>
			</report>
			<report>
				<misses>13371001</misses>
				<total>22</total>
				<timestamp>5075.899588</timestamp>
			</report>
			<report>
				<misses>13372001</misses>
				<total>22</total>
				<timestamp>5076.279235</timestamp>
			</report>
			<report>
				<misses>13373001</misses>
				<total>22</total>
				<timestamp>5076.658840</timestamp>
			</report>
			<report>
				<misses>13374001</misses>
				<total>22</total>
				<timestamp>5077.038465</timestamp>
			</report>
			<report>
				<misses>13375001</misses>
				<total>22</total>
				<timestamp>5077.418057</timestamp>
			</report>
			<report>
				<misses>13376001</misses>
				<total>22</total>
				<timestamp>5077.797682</timestamp>
			</report>
			<report>
				<misses>13377001</misses>
				<total>22</total>
				<timestamp>5078.177310</timestamp>
			</report>
			<report>
				<misses>13378001</misses>
				<total>22</total>
				<timestamp>5078.556952</timestamp>
			</report>
			<report>
				<misses>13379001</misses>
				<total>22</total>
				<timestamp>5078.936535</timestamp>
			</report>
			<report>
				<misses>13380001</misses>
				<total>22</total>
				<timestamp>5079.316177</timestamp>
			</report>
			<report>
				<misses>13381001</misses>
				<total>22</total>
				<timestamp>5079.695792</timestamp>
			</report>
			<report>
				<misses>13382001</misses>
				<total>22</total>
				<timestamp>5080.075427</timestamp>
			</report>
			<report>
				<misses>13383001</misses>
				<total>22</total>
				<timestamp>5080.455052</timestamp>
			</report>
			<report>
				<misses>13384001</misses>
				<total>22</total>
				<timestamp>5080.834645</timestamp>
			</report>
			<report>
				<misses>13385001</misses>
				<total>22</total>
				<timestamp>5081.214291</timestamp>
			</report>
			<report>
				<misses>13386001</misses>
				<total>22</total>
				<timestamp>5081.593886</timestamp>
			</report>
			<report>
				<misses>13387001</misses>
				<total>22</total>
				<timestamp>5081.973497</timestamp>
			</report>
			<report>
				<misses>13388001</misses>
				<total>22</total>
				<timestamp>5082.353150</timestamp>
			</report>
			<report>
				<misses>13389001</misses>
				<total>22</total>
				<timestamp>5082.732742</timestamp>
			</report>
			<report>
				<misses>13390001</misses>
				<total>22</total>
				<timestamp>5083.112375</timestamp>
			</report>
			<report>
				<misses>13391001</misses>
				<total>22</total>
				<timestamp>5083.492012</timestamp>
			</report>
			<report>
				<misses>13392001</misses>
				<total>22</total>
				<timestamp>5083.871595</timestamp>
			</report>
			<report>
				<misses>13393001</misses>
				<total>22</total>
				<timestamp>5084.251300</timestamp>
			</report>
			<report>
				<misses>13394001</misses>
				<total>22</total>
				<timestamp>5084.630833</timestamp>
			</report>
			<report>
				<misses>13395001</misses>
				<total>22</total>
				<timestamp>5085.010480</timestamp>
			</report>
			<report>
				<misses>13396001</misses>
				<total>22</total>
				<timestamp>5085.390075</timestamp>
			</report>
			<report>
				<misses>13397001</misses>
				<total>22</total>
				<timestamp>5085.769703</timestamp>
			</report>
			<report>
				<misses>13398001</misses>
				<total>22</total>
				<timestamp>5086.149360</timestamp>
			</report>
			<report>
				<misses>13399001</misses>
				<total>22</total>
				<timestamp>5086.528985</timestamp>
			</report>
			<report>
				<misses>13400001</misses>
				<total>22</total>
				<timestamp>5086.908576</timestamp>
			</report>
			<report>
				<misses>13401001</misses>
				<total>22</total>
				<timestamp>5087.288211</timestamp>
			</report>
			<report>
				<misses>13402001</misses>
				<total>22</total>
				<timestamp>5087.667822</timestamp>
			</report>
			<report>
				<misses>13403001</misses>
				<total>22</total>
				<timestamp>5088.047421</timestamp>
			</report>
			<report>
				<misses>13404001</misses>
				<total>22</total>
				<timestamp>5088.427071</timestamp>
			</report>
			<report>
				<misses>13405001</misses>
				<total>22</total>
				<timestamp>5088.806650</timestamp>
			</report>
			<report>
				<misses>13406001</misses>
				<total>22</total>
				<timestamp>5089.186287</timestamp>
			</report>
			<report>
				<misses>13407001</misses>
				<total>22</total>
				<timestamp>5089.565958</timestamp>
			</report>
			<report>
				<misses>13408001</misses>
				<total>22</total>
				<timestamp>5089.945562</timestamp>
			</report>
			<report>
				<misses>13409001</misses>
				<total>22</total>
				<timestamp>5090.325136</timestamp>
			</report>
			<report>
				<misses>13410001</misses>
				<total>22</total>
				<timestamp>5090.704782</timestamp>
			</report>
			<report>
				<misses>13411001</misses>
				<total>22</total>
				<timestamp>5091.084371</timestamp>
			</report>
			<report>
				<misses>13412001</misses>
				<total>22</total>
				<timestamp>5091.464025</timestamp>
			</report>
			<report>
				<misses>13413001</misses>
				<total>22</total>
				<timestamp>5091.843642</timestamp>
			</report>
			<report>
				<misses>13414001</misses>
				<total>22</total>
				<timestamp>5092.223308</timestamp>
			</report>
			<report>
				<misses>13415001</misses>
				<total>22</total>
				<timestamp>5092.602873</timestamp>
			</report>
			<report>
				<misses>13416001</misses>
				<total>22</total>
				<timestamp>5092.982482</timestamp>
			</report>
			<report>
				<misses>13417001</misses>
				<total>22</total>
				<timestamp>5093.362128</timestamp>
			</report>
			<report>
				<misses>13418001</misses>
				<total>22</total>
				<timestamp>5093.741709</timestamp>
			</report>
			<report>
				<misses>13419001</misses>
				<total>22</total>
				<timestamp>5094.121355</timestamp>
			</report>
			<report>
				<misses>13420001</misses>
				<total>22</total>
				<timestamp>5094.501023</timestamp>
			</report>
			<report>
				<misses>13421001</misses>
				<total>22</total>
				<timestamp>5094.880581</timestamp>
			</report>
			<report>
				<misses>13422001</misses>
				<total>22</total>
				<timestamp>5095.260205</timestamp>
			</report>
			<report>
				<misses>13423001</misses>
				<total>22</total>
				<timestamp>5095.639870</timestamp>
			</report>
			<report>
				<misses>13424001</misses>
				<total>22</total>
				<timestamp>5096.019444</timestamp>
			</report>
			<report>
				<misses>13425001</misses>
				<total>22</total>
				<timestamp>5096.399059</timestamp>
			</report>
			<report>
				<misses>13426001</misses>
				<total>22</total>
				<timestamp>5096.778680</timestamp>
			</report>
			<report>
				<misses>13427001</misses>
				<total>22</total>
				<timestamp>5097.158316</timestamp>
			</report>
			<report>
				<misses>13428001</misses>
				<total>22</total>
				<timestamp>5097.537970</timestamp>
			</report>
			<report>
				<misses>13429001</misses>
				<total>22</total>
				<timestamp>5097.917532</timestamp>
			</report>
			<report>
				<misses>13430001</misses>
				<total>22</total>
				<timestamp>5098.297194</timestamp>
			</report>
			<report>
				<misses>13431001</misses>
				<total>22</total>
				<timestamp>5098.676799</timestamp>
			</report>
			<report>
				<misses>13432001</misses>
				<total>22</total>
				<timestamp>5099.056414</timestamp>
			</report>
			<report>
				<misses>13433001</misses>
				<total>22</total>
				<timestamp>5099.436030</timestamp>
			</report>
			<report>
				<misses>13434001</misses>
				<total>22</total>
				<timestamp>5099.815633</timestamp>
			</report>
			<report>
				<misses>13435001</misses>
				<total>22</total>
				<timestamp>5100.195263</timestamp>
			</report>
			<report>
				<misses>13436001</misses>
				<total>22</total>
				<timestamp>5100.574899</timestamp>
			</report>
			<report>
				<misses>13437001</misses>
				<total>22</total>
				<timestamp>5100.954510</timestamp>
			</report>
			<report>
				<misses>13438001</misses>
				<total>22</total>
				<timestamp>5101.334142</timestamp>
			</report>
			<report>
				<misses>13439001</misses>
				<total>22</total>
				<timestamp>5101.713772</timestamp>
			</report>
			<report>
				<misses>13440001</misses>
				<total>22</total>
				<timestamp>5102.093397</timestamp>
			</report>
			<report>
				<misses>13441001</misses>
				<total>22</total>
				<timestamp>5102.473023</timestamp>
			</report>
			<report>
				<misses>13442001</misses>
				<total>22</total>
				<timestamp>5102.852598</timestamp>
			</report>
			<report>
				<misses>13443001</misses>
				<total>22</total>
				<timestamp>5103.232249</timestamp>
			</report>
			<report>
				<misses>13444001</misses>
				<total>22</total>
				<timestamp>5103.611876</timestamp>
			</report>
			<report>
				<misses>13445001</misses>
				<total>22</total>
				<timestamp>5103.991479</timestamp>
			</report>
			<report>
				<misses>13446001</misses>
				<total>22</total>
				<timestamp>5104.371122</timestamp>
			</report>
			<report>
				<misses>13447001</misses>
				<total>22</total>
				<timestamp>5104.750713</timestamp>
			</report>
			<report>
				<misses>13448001</misses>
				<total>22</total>
				<timestamp>5105.130328</timestamp>
			</report>
			<report>
				<misses>13449001</misses>
				<total>22</total>
				<timestamp>5105.509971</timestamp>
			</report>
			<report>
				<misses>13450001</misses>
				<total>22</total>
				<timestamp>5105.889555</timestamp>
			</report>
			<report>
				<misses>13451001</misses>
				<total>22</total>
				<timestamp>5106.269179</timestamp>
			</report>
			<report>
				<misses>13452001</misses>
				<total>22</total>
				<timestamp>5106.648846</timestamp>
			</report>
			<report>
				<misses>13453001</misses>
				<total>22</total>
				<timestamp>5107.028424</timestamp>
			</report>
			<report>
				<misses>13454001</misses>
				<total>22</total>
				<timestamp>5107.408105</timestamp>
			</report>
			<report>
				<misses>13455001</misses>
				<total>22</total>
				<timestamp>5107.787664</timestamp>
			</report>
			<report>
				<misses>13456001</misses>
				<total>22</total>
				<timestamp>5108.167338</timestamp>
			</report>
			<report>
				<misses>13457001</misses>
				<total>22</total>
				<timestamp>5108.546921</timestamp>
			</report>
			<report>
				<misses>13458001</misses>
				<total>22</total>
				<timestamp>5108.926561</timestamp>
			</report>
			<report>
				<misses>13459001</misses>
				<total>22</total>
				<timestamp>5109.306139</timestamp>
			</report>
			<report>
				<misses>13460001</misses>
				<total>22</total>
				<timestamp>5109.685812</timestamp>
			</report>
			<report>
				<misses>13461001</misses>
				<total>22</total>
				<timestamp>5110.065386</timestamp>
			</report>
			<report>
				<misses>13462001</misses>
				<total>22</total>
				<timestamp>5110.445048</timestamp>
			</report>
			<report>
				<misses>13463001</misses>
				<total>22</total>
				<timestamp>5110.824620</timestamp>
			</report>
			<report>
				<misses>13464001</misses>
				<total>22</total>
				<timestamp>5111.204248</timestamp>
			</report>
			<report>
				<misses>13465001</misses>
				<total>22</total>
				<timestamp>5111.583896</timestamp>
			</report>
			<report>
				<misses>13466001</misses>
				<total>22</total>
				<timestamp>5111.963474</timestamp>
			</report>
			<report>
				<misses>13467001</misses>
				<total>22</total>
				<timestamp>5112.343151</timestamp>
			</report>
			<report>
				<misses>13468001</misses>
				<total>22</total>
				<timestamp>5112.722711</timestamp>
			</report>
			<report>
				<misses>13469001</misses>
				<total>22</total>
				<timestamp>5113.102341</timestamp>
			</report>
			<report>
				<misses>13470001</misses>
				<total>22</total>
				<timestamp>5113.481967</timestamp>
			</report>
			<report>
				<misses>13471001</misses>
				<total>22</total>
				<timestamp>5113.861585</timestamp>
			</report>
			<report>
				<misses>13472001</misses>
				<total>22</total>
				<timestamp>5114.241221</timestamp>
			</report>
			<report>
				<misses>13473001</misses>
				<total>22</total>
				<timestamp>5114.620884</timestamp>
			</report>
			<report>
				<misses>13474001</misses>
				<total>22</total>
				<timestamp>5115.000454</timestamp>
			</report>
			<report>
				<misses>13475001</misses>
				<total>22</total>
				<timestamp>5115.380054</timestamp>
			</report>
			<report>
				<misses>13476001</misses>
				<total>22</total>
				<timestamp>5115.759673</timestamp>
			</report>
			<report>
				<misses>13477001</misses>
				<total>22</total>
				<timestamp>5116.139304</timestamp>
			</report>
			<report>
				<misses>13478001</misses>
				<total>22</total>
				<timestamp>5116.518947</timestamp>
			</report>
			<report>
				<misses>13479001</misses>
				<total>22</total>
				<timestamp>5116.898549</timestamp>
			</report>
			<report>
				<misses>13480001</misses>
				<total>22</total>
				<timestamp>5117.278190</timestamp>
			</report>
			<report>
				<misses>13481001</misses>
				<total>22</total>
				<timestamp>5117.657779</timestamp>
			</report>
			<report>
				<misses>13482001</misses>
				<total>22</total>
				<timestamp>5118.037387</timestamp>
			</report>
			<report>
				<misses>13483001</misses>
				<total>22</total>
				<timestamp>5118.417076</timestamp>
			</report>
			<report>
				<misses>13484001</misses>
				<total>22</total>
				<timestamp>5118.796634</timestamp>
			</report>
			<report>
				<misses>13485001</misses>
				<total>22</total>
				<timestamp>5119.176271</timestamp>
			</report>
			<report>
				<misses>13486001</misses>
				<total>22</total>
				<timestamp>5119.555912</timestamp>
			</report>
			<report>
				<misses>13487001</misses>
				<total>22</total>
				<timestamp>5119.935497</timestamp>
			</report>
			<report>
				<misses>13488001</misses>
				<total>22</total>
				<timestamp>5120.315138</timestamp>
			</report>
			<report>
				<misses>13489001</misses>
				<total>22</total>
				<timestamp>5120.694755</timestamp>
			</report>
			<report>
				<misses>13490001</misses>
				<total>22</total>
				<timestamp>5121.074371</timestamp>
			</report>
			<report>
				<misses>13491001</misses>
				<total>22</total>
				<timestamp>5121.454013</timestamp>
			</report>
			<report>
				<misses>13492001</misses>
				<total>22</total>
				<timestamp>5121.833606</timestamp>
			</report>
			<report>
				<misses>13493001</misses>
				<total>22</total>
				<timestamp>5122.213250</timestamp>
			</report>
			<report>
				<misses>13494001</misses>
				<total>22</total>
				<timestamp>5122.592867</timestamp>
			</report>
			<report>
				<misses>13495001</misses>
				<total>22</total>
				<timestamp>5122.972491</timestamp>
			</report>
			<report>
				<misses>13496001</misses>
				<total>22</total>
				<timestamp>5123.352066</timestamp>
			</report>
			<report>
				<misses>13497001</misses>
				<total>22</total>
				<timestamp>5123.731701</timestamp>
			</report>
			<report>
				<misses>13498001</misses>
				<total>22</total>
				<timestamp>5124.111329</timestamp>
			</report>
			<report>
				<misses>13499001</misses>
				<total>22</total>
				<timestamp>5124.490960</timestamp>
			</report>
			<report>
				<misses>13500001</misses>
				<total>22</total>
				<timestamp>5124.870570</timestamp>
			</report>
			<report>
				<misses>13501001</misses>
				<total>22</total>
				<timestamp>5125.250161</timestamp>
			</report>
			<report>
				<misses>13502001</misses>
				<total>22</total>
				<timestamp>5125.629861</timestamp>
			</report>
			<report>
				<misses>13503001</misses>
				<total>22</total>
				<timestamp>5126.009423</timestamp>
			</report>
			<report>
				<misses>13504001</misses>
				<total>22</total>
				<timestamp>5126.389050</timestamp>
			</report>
			<report>
				<misses>13505001</misses>
				<total>22</total>
				<timestamp>5126.768651</timestamp>
			</report>
			<report>
				<misses>13506001</misses>
				<total>22</total>
				<timestamp>5127.148291</timestamp>
			</report>
			<report>
				<misses>13507001</misses>
				<total>22</total>
				<timestamp>5127.527924</timestamp>
			</report>
			<report>
				<misses>13508001</misses>
				<total>22</total>
				<timestamp>5127.907523</timestamp>
			</report>
			<report>
				<misses>13509001</misses>
				<total>22</total>
				<timestamp>5128.287156</timestamp>
			</report>
			<report>
				<misses>13510001</misses>
				<total>22</total>
				<timestamp>5128.666806</timestamp>
			</report>
			<report>
				<misses>13511001</misses>
				<total>22</total>
				<timestamp>5129.046398</timestamp>
			</report>
			<report>
				<misses>13512001</misses>
				<total>22</total>
				<timestamp>5129.426011</timestamp>
			</report>
			<report>
				<misses>13513001</misses>
				<total>22</total>
				<timestamp>5129.805639</timestamp>
			</report>
			<report>
				<misses>13514001</misses>
				<total>22</total>
				<timestamp>5130.185266</timestamp>
			</report>
			<report>
				<misses>13515001</misses>
				<total>22</total>
				<timestamp>5130.564881</timestamp>
			</report>
			<report>
				<misses>13516001</misses>
				<total>22</total>
				<timestamp>5130.944513</timestamp>
			</report>
			<report>
				<misses>13517001</misses>
				<total>22</total>
				<timestamp>5131.324116</timestamp>
			</report>
			<report>
				<misses>13518001</misses>
				<total>22</total>
				<timestamp>5131.703780</timestamp>
			</report>
			<report>
				<misses>13519001</misses>
				<total>22</total>
				<timestamp>5132.083347</timestamp>
			</report>
			<report>
				<misses>13520001</misses>
				<total>22</total>
				<timestamp>5132.463000</timestamp>
			</report>
			<report>
				<misses>13521001</misses>
				<total>22</total>
				<timestamp>5132.842576</timestamp>
			</report>
			<report>
				<misses>13522001</misses>
				<total>22</total>
				<timestamp>5133.222213</timestamp>
			</report>
			<report>
				<misses>13523001</misses>
				<total>22</total>
				<timestamp>5133.601840</timestamp>
			</report>
			<report>
				<misses>13524001</misses>
				<total>22</total>
				<timestamp>5133.981442</timestamp>
			</report>
			<report>
				<misses>13525001</misses>
				<total>22</total>
				<timestamp>5134.361067</timestamp>
			</report>
			<report>
				<misses>13526001</misses>
				<total>22</total>
				<timestamp>5134.740709</timestamp>
			</report>
			<report>
				<misses>13527001</misses>
				<total>22</total>
				<timestamp>5135.120297</timestamp>
			</report>
			<report>
				<misses>13528001</misses>
				<total>22</total>
				<timestamp>5135.499928</timestamp>
			</report>
			<report>
				<misses>13529001</misses>
				<total>22</total>
				<timestamp>5135.879529</timestamp>
			</report>
			<report>
				<misses>13530001</misses>
				<total>22</total>
				<timestamp>5136.259166</timestamp>
			</report>
			<report>
				<misses>13531001</misses>
				<total>22</total>
				<timestamp>5136.638810</timestamp>
			</report>
			<report>
				<misses>13532001</misses>
				<total>22</total>
				<timestamp>5137.018402</timestamp>
			</report>
			<report>
				<misses>13533001</misses>
				<total>22</total>
				<timestamp>5137.398017</timestamp>
			</report>
			<report>
				<misses>13534001</misses>
				<total>22</total>
				<timestamp>5137.777633</timestamp>
			</report>
			<report>
				<misses>13535001</misses>
				<total>22</total>
				<timestamp>5138.157283</timestamp>
			</report>
			<report>
				<misses>13536001</misses>
				<total>22</total>
				<timestamp>5138.536894</timestamp>
			</report>
			<report>
				<misses>13537001</misses>
				<total>22</total>
				<timestamp>5138.916515</timestamp>
			</report>
			<report>
				<misses>13538001</misses>
				<total>22</total>
				<timestamp>5139.296144</timestamp>
			</report>
			<report>
				<misses>13539001</misses>
				<total>22</total>
				<timestamp>5139.675794</timestamp>
			</report>
			<report>
				<misses>13540001</misses>
				<total>22</total>
				<timestamp>5140.055387</timestamp>
			</report>
			<report>
				<misses>13541001</misses>
				<total>22</total>
				<timestamp>5140.434971</timestamp>
			</report>
			<report>
				<misses>13542001</misses>
				<total>22</total>
				<timestamp>5140.814599</timestamp>
			</report>
			<report>
				<misses>13543001</misses>
				<total>22</total>
				<timestamp>5141.194229</timestamp>
			</report>
			<report>
				<misses>13544001</misses>
				<total>22</total>
				<timestamp>5141.573890</timestamp>
			</report>
			<report>
				<misses>13545001</misses>
				<total>22</total>
				<timestamp>5141.953461</timestamp>
			</report>
			<report>
				<misses>13546001</misses>
				<total>22</total>
				<timestamp>5142.333124</timestamp>
			</report>
			<report>
				<misses>13547001</misses>
				<total>22</total>
				<timestamp>5142.712776</timestamp>
			</report>
			<report>
				<misses>13548001</misses>
				<total>22</total>
				<timestamp>5143.092332</timestamp>
			</report>
			<report>
				<misses>13549001</misses>
				<total>22</total>
				<timestamp>5143.471953</timestamp>
			</report>
			<report>
				<misses>13550001</misses>
				<total>22</total>
				<timestamp>5143.851586</timestamp>
			</report>
			<report>
				<misses>13551001</misses>
				<total>22</total>
				<timestamp>5144.231165</timestamp>
			</report>
			<report>
				<misses>13552001</misses>
				<total>22</total>
				<timestamp>5144.610857</timestamp>
			</report>
			<report>
				<misses>13553001</misses>
				<total>22</total>
				<timestamp>5144.990440</timestamp>
			</report>
			<report>
				<misses>13554001</misses>
				<total>22</total>
				<timestamp>5145.370055</timestamp>
			</report>
			<report>
				<misses>13555001</misses>
				<total>22</total>
				<timestamp>5145.749686</timestamp>
			</report>
			<report>
				<misses>13556001</misses>
				<total>22</total>
				<timestamp>5146.129303</timestamp>
			</report>
			<report>
				<misses>13557001</misses>
				<total>22</total>
				<timestamp>5146.508916</timestamp>
			</report>
			<report>
				<misses>13558001</misses>
				<total>22</total>
				<timestamp>5146.888515</timestamp>
			</report>
			<report>
				<misses>13559001</misses>
				<total>22</total>
				<timestamp>5147.268163</timestamp>
			</report>
			<report>
				<misses>13560001</misses>
				<total>22</total>
				<timestamp>5147.647760</timestamp>
			</report>
			<report>
				<misses>13561001</misses>
				<total>22</total>
				<timestamp>5148.027389</timestamp>
			</report>
			<report>
				<misses>13562001</misses>
				<total>22</total>
				<timestamp>5148.406998</timestamp>
			</report>
			<report>
				<misses>13563001</misses>
				<total>22</total>
				<timestamp>5148.786640</timestamp>
			</report>
			<report>
				<misses>13564001</misses>
				<total>22</total>
				<timestamp>5149.166294</timestamp>
			</report>
			<report>
				<misses>13565001</misses>
				<total>22</total>
				<timestamp>5149.545884</timestamp>
			</report>
			<report>
				<misses>13566001</misses>
				<total>22</total>
				<timestamp>5149.925464</timestamp>
			</report>
			<report>
				<misses>13567001</misses>
				<total>22</total>
				<timestamp>5150.305119</timestamp>
			</report>
			<report>
				<misses>13568001</misses>
				<total>22</total>
				<timestamp>5150.684734</timestamp>
			</report>
			<report>
				<misses>13569001</misses>
				<total>22</total>
				<timestamp>5151.064347</timestamp>
			</report>
			<report>
				<misses>13570001</misses>
				<total>22</total>
				<timestamp>5151.443971</timestamp>
			</report>
			<report>
				<misses>13571001</misses>
				<total>22</total>
				<timestamp>5151.823578</timestamp>
			</report>
			<report>
				<misses>13572001</misses>
				<total>22</total>
				<timestamp>5152.203219</timestamp>
			</report>
			<report>
				<misses>13573001</misses>
				<total>22</total>
				<timestamp>5152.582834</timestamp>
			</report>
			<report>
				<misses>13574001</misses>
				<total>22</total>
				<timestamp>5152.962480</timestamp>
			</report>
			<report>
				<misses>13575001</misses>
				<total>22</total>
				<timestamp>5153.342060</timestamp>
			</report>
			<report>
				<misses>13576001</misses>
				<total>22</total>
				<timestamp>5153.721681</timestamp>
			</report>
			<report>
				<misses>13577001</misses>
				<total>22</total>
				<timestamp>5154.101293</timestamp>
			</report>
			<report>
				<misses>13578001</misses>
				<total>22</total>
				<timestamp>5154.480922</timestamp>
			</report>
			<report>
				<misses>13579001</misses>
				<total>22</total>
				<timestamp>5154.860556</timestamp>
			</report>
			<report>
				<misses>13580001</misses>
				<total>22</total>
				<timestamp>5155.240164</timestamp>
			</report>
			<report>
				<misses>13581001</misses>
				<total>22</total>
				<timestamp>5155.619814</timestamp>
			</report>
			<report>
				<misses>13582001</misses>
				<total>22</total>
				<timestamp>5155.999409</timestamp>
			</report>
			<report>
				<misses>13583001</misses>
				<total>22</total>
				<timestamp>5156.379022</timestamp>
			</report>
			<report>
				<misses>13584001</misses>
				<total>22</total>
				<timestamp>5156.758678</timestamp>
			</report>
			<report>
				<misses>13585001</misses>
				<total>22</total>
				<timestamp>5157.138253</timestamp>
			</report>
			<report>
				<misses>13586001</misses>
				<total>22</total>
				<timestamp>5157.517869</timestamp>
			</report>
			<report>
				<misses>13587001</misses>
				<total>22</total>
				<timestamp>5157.897492</timestamp>
			</report>
			<report>
				<misses>13588001</misses>
				<total>22</total>
				<timestamp>5158.277107</timestamp>
			</report>
			<report>
				<misses>13589001</misses>
				<total>22</total>
				<timestamp>5158.656768</timestamp>
			</report>
			<report>
				<misses>13590001</misses>
				<total>22</total>
				<timestamp>5159.036400</timestamp>
			</report>
			<report>
				<misses>13591001</misses>
				<total>22</total>
				<timestamp>5159.416039</timestamp>
			</report>
			<report>
				<misses>13592001</misses>
				<total>22</total>
				<timestamp>5159.795638</timestamp>
			</report>
			<report>
				<misses>13593001</misses>
				<total>22</total>
				<timestamp>5160.175251</timestamp>
			</report>
			<report>
				<misses>13594001</misses>
				<total>22</total>
				<timestamp>5160.554849</timestamp>
			</report>
			<report>
				<misses>13595001</misses>
				<total>22</total>
				<timestamp>5160.934478</timestamp>
			</report>
			<report>
				<misses>13596001</misses>
				<total>22</total>
				<timestamp>5161.314093</timestamp>
			</report>
			<report>
				<misses>13597001</misses>
				<total>22</total>
				<timestamp>5161.693746</timestamp>
			</report>
			<report>
				<misses>13598001</misses>
				<total>22</total>
				<timestamp>5162.073374</timestamp>
			</report>
			<report>
				<misses>13599001</misses>
				<total>22</total>
				<timestamp>5162.452953</timestamp>
			</report>
			<report>
				<misses>13600001</misses>
				<total>22</total>
				<timestamp>5162.832576</timestamp>
			</report>
			<report>
				<misses>13601001</misses>
				<total>22</total>
				<timestamp>5163.212192</timestamp>
			</report>
			<report>
				<misses>13602001</misses>
				<total>22</total>
				<timestamp>5163.591824</timestamp>
			</report>
			<report>
				<misses>13603001</misses>
				<total>22</total>
				<timestamp>5163.971415</timestamp>
			</report>
			<report>
				<misses>13604001</misses>
				<total>22</total>
				<timestamp>5164.351051</timestamp>
			</report>
			<report>
				<misses>13605001</misses>
				<total>22</total>
				<timestamp>5164.730677</timestamp>
			</report>
			<report>
				<misses>13606001</misses>
				<total>22</total>
				<timestamp>5165.110308</timestamp>
			</report>
			<report>
				<misses>13607001</misses>
				<total>22</total>
				<timestamp>5165.489922</timestamp>
			</report>
			<report>
				<misses>13608001</misses>
				<total>22</total>
				<timestamp>5165.869547</timestamp>
			</report>
			<report>
				<misses>13609001</misses>
				<total>22</total>
				<timestamp>5166.249139</timestamp>
			</report>
			<report>
				<misses>13610001</misses>
				<total>22</total>
				<timestamp>5166.628775</timestamp>
			</report>
			<report>
				<misses>13611001</misses>
				<total>22</total>
				<timestamp>5167.008390</timestamp>
			</report>
			<report>
				<misses>13612001</misses>
				<total>22</total>
				<timestamp>5167.388012</timestamp>
			</report>
			<report>
				<misses>13613001</misses>
				<total>22</total>
				<timestamp>5167.767622</timestamp>
			</report>
			<report>
				<misses>13614001</misses>
				<total>22</total>
				<timestamp>5168.147275</timestamp>
			</report>
			<report>
				<misses>13615001</misses>
				<total>22</total>
				<timestamp>5168.526871</timestamp>
			</report>
			<report>
				<misses>13616001</misses>
				<total>22</total>
				<timestamp>5168.906520</timestamp>
			</report>
			<report>
				<misses>13617001</misses>
				<total>22</total>
				<timestamp>5169.286106</timestamp>
			</report>
			<report>
				<misses>13618001</misses>
				<total>22</total>
				<timestamp>5169.665739</timestamp>
			</report>
			<report>
				<misses>13619001</misses>
				<total>22</total>
				<timestamp>5170.045341</timestamp>
			</report>
			<report>
				<misses>13620001</misses>
				<total>22</total>
				<timestamp>5170.424977</timestamp>
			</report>
			<report>
				<misses>13621001</misses>
				<total>22</total>
				<timestamp>5170.804596</timestamp>
			</report>
			<report>
				<misses>13622001</misses>
				<total>22</total>
				<timestamp>5171.184222</timestamp>
			</report>
			<report>
				<misses>13623001</misses>
				<total>22</total>
				<timestamp>5171.563828</timestamp>
			</report>
			<report>
				<misses>13624001</misses>
				<total>22</total>
				<timestamp>5171.943453</timestamp>
			</report>
			<report>
				<misses>13625001</misses>
				<total>22</total>
				<timestamp>5172.323068</timestamp>
			</report>
			<report>
				<misses>13626001</misses>
				<total>22</total>
				<timestamp>5172.702689</timestamp>
			</report>
			<report>
				<misses>13627001</misses>
				<total>22</total>
				<timestamp>5173.082302</timestamp>
			</report>
			<report>
				<misses>13628001</misses>
				<total>22</total>
				<timestamp>5173.461929</timestamp>
			</report>
			<report>
				<misses>13629001</misses>
				<total>22</total>
				<timestamp>5173.841593</timestamp>
			</report>
			<report>
				<misses>13630001</misses>
				<total>22</total>
				<timestamp>5174.221151</timestamp>
			</report>
			<report>
				<misses>13631001</misses>
				<total>22</total>
				<timestamp>5174.600795</timestamp>
			</report>
			<report>
				<misses>13632001</misses>
				<total>22</total>
				<timestamp>5174.980415</timestamp>
			</report>
			<report>
				<misses>13633001</misses>
				<total>22</total>
				<timestamp>5175.360038</timestamp>
			</report>
			<report>
				<misses>13634001</misses>
				<total>22</total>
				<timestamp>5175.739686</timestamp>
			</report>
			<report>
				<misses>13635001</misses>
				<total>22</total>
				<timestamp>5176.119283</timestamp>
			</report>
			<report>
				<misses>13636001</misses>
				<total>22</total>
				<timestamp>5176.498921</timestamp>
			</report>
			<report>
				<misses>13637001</misses>
				<total>22</total>
				<timestamp>5176.878499</timestamp>
			</report>
			<report>
				<misses>13638001</misses>
				<total>22</total>
				<timestamp>5177.258118</timestamp>
			</report>
			<report>
				<misses>13639001</misses>
				<total>22</total>
				<timestamp>5177.637731</timestamp>
			</report>
			<report>
				<misses>13640001</misses>
				<total>22</total>
				<timestamp>5178.017364</timestamp>
			</report>
			<report>
				<misses>13641001</misses>
				<total>22</total>
				<timestamp>5178.397009</timestamp>
			</report>
			<report>
				<misses>13642001</misses>
				<total>22</total>
				<timestamp>5178.776656</timestamp>
			</report>
			<report>
				<misses>13643001</misses>
				<total>22</total>
				<timestamp>5179.156260</timestamp>
			</report>
			<report>
				<misses>13644001</misses>
				<total>22</total>
				<timestamp>5179.535831</timestamp>
			</report>
			<report>
				<misses>13645001</misses>
				<total>22</total>
				<timestamp>5179.915473</timestamp>
			</report>
			<report>
				<misses>13646001</misses>
				<total>22</total>
				<timestamp>5180.295087</timestamp>
			</report>
			<report>
				<misses>13647001</misses>
				<total>22</total>
				<timestamp>5180.674696</timestamp>
			</report>
			<report>
				<misses>13648001</misses>
				<total>22</total>
				<timestamp>5181.054325</timestamp>
			</report>
			<report>
				<misses>13649001</misses>
				<total>22</total>
				<timestamp>5181.433945</timestamp>
			</report>
			<report>
				<misses>13650001</misses>
				<total>22</total>
				<timestamp>5181.813562</timestamp>
			</report>
			<report>
				<misses>13651001</misses>
				<total>22</total>
				<timestamp>5182.193191</timestamp>
			</report>
			<report>
				<misses>13652001</misses>
				<total>22</total>
				<timestamp>5182.572807</timestamp>
			</report>
			<report>
				<misses>13653001</misses>
				<total>22</total>
				<timestamp>5182.952441</timestamp>
			</report>
			<report>
				<misses>13654001</misses>
				<total>22</total>
				<timestamp>5183.332049</timestamp>
			</report>
			<report>
				<misses>13655001</misses>
				<total>22</total>
				<timestamp>5183.711662</timestamp>
			</report>
			<report>
				<misses>13656001</misses>
				<total>22</total>
				<timestamp>5184.091281</timestamp>
			</report>
			<report>
				<misses>13657001</misses>
				<total>22</total>
				<timestamp>5184.470895</timestamp>
			</report>
			<report>
				<misses>13658001</misses>
				<total>22</total>
				<timestamp>5184.850530</timestamp>
			</report>
			<report>
				<misses>13659001</misses>
				<total>22</total>
				<timestamp>5185.230134</timestamp>
			</report>
			<report>
				<misses>13660001</misses>
				<total>22</total>
				<timestamp>5185.609752</timestamp>
			</report>
			<report>
				<misses>13661001</misses>
				<total>22</total>
				<timestamp>5185.989412</timestamp>
			</report>
			<report>
				<misses>13662001</misses>
				<total>22</total>
				<timestamp>5186.368996</timestamp>
			</report>
			<report>
				<misses>13663001</misses>
				<total>22</total>
				<timestamp>5186.748617</timestamp>
			</report>
			<report>
				<misses>13664001</misses>
				<total>22</total>
				<timestamp>5187.128244</timestamp>
			</report>
			<report>
				<misses>13665001</misses>
				<total>22</total>
				<timestamp>5187.507882</timestamp>
			</report>
			<report>
				<misses>13666001</misses>
				<total>22</total>
				<timestamp>5187.887493</timestamp>
			</report>
			<report>
				<misses>13667001</misses>
				<total>22</total>
				<timestamp>5188.267106</timestamp>
			</report>
			<report>
				<misses>13668001</misses>
				<total>22</total>
				<timestamp>5188.646725</timestamp>
			</report>
			<report>
				<misses>13669001</misses>
				<total>22</total>
				<timestamp>5189.026367</timestamp>
			</report>
			<report>
				<misses>13670001</misses>
				<total>22</total>
				<timestamp>5189.405960</timestamp>
			</report>
			<report>
				<misses>13671001</misses>
				<total>22</total>
				<timestamp>5189.785622</timestamp>
			</report>
			<report>
				<misses>13672001</misses>
				<total>22</total>
				<timestamp>5190.165194</timestamp>
			</report>
			<report>
				<misses>13673001</misses>
				<total>22</total>
				<timestamp>5190.544815</timestamp>
			</report>
			<report>
				<misses>13674001</misses>
				<total>22</total>
				<timestamp>5190.924473</timestamp>
			</report>
			<report>
				<misses>13675001</misses>
				<total>22</total>
				<timestamp>5191.304054</timestamp>
			</report>
			<report>
				<misses>13676001</misses>
				<total>22</total>
				<timestamp>5191.683677</timestamp>
			</report>
			<report>
				<misses>13677001</misses>
				<total>22</total>
				<timestamp>5192.063307</timestamp>
			</report>
			<report>
				<misses>13678001</misses>
				<total>22</total>
				<timestamp>5192.442956</timestamp>
			</report>
			<report>
				<misses>13679001</misses>
				<total>22</total>
				<timestamp>5192.822568</timestamp>
			</report>
			<report>
				<misses>13680001</misses>
				<total>22</total>
				<timestamp>5193.202180</timestamp>
			</report>
			<report>
				<misses>13681001</misses>
				<total>22</total>
				<timestamp>5193.581788</timestamp>
			</report>
			<report>
				<misses>13682001</misses>
				<total>22</total>
				<timestamp>5193.961450</timestamp>
			</report>
			<report>
				<misses>13683001</misses>
				<total>22</total>
				<timestamp>5194.341013</timestamp>
			</report>
			<report>
				<misses>13684001</misses>
				<total>22</total>
				<timestamp>5194.720633</timestamp>
			</report>
			<report>
				<misses>13685001</misses>
				<total>22</total>
				<timestamp>5195.100271</timestamp>
			</report>
			<report>
				<misses>13686001</misses>
				<total>22</total>
				<timestamp>5195.479873</timestamp>
			</report>
			<report>
				<misses>13687001</misses>
				<total>22</total>
				<timestamp>5195.859546</timestamp>
			</report>
			<report>
				<misses>13688001</misses>
				<total>22</total>
				<timestamp>5196.239105</timestamp>
			</report>
			<report>
				<misses>13689001</misses>
				<total>22</total>
				<timestamp>5196.618727</timestamp>
			</report>
			<report>
				<misses>13690001</misses>
				<total>22</total>
				<timestamp>5196.998442</timestamp>
			</report>
			<report>
				<misses>13691001</misses>
				<total>22</total>
				<timestamp>5197.377979</timestamp>
			</report>
			<report>
				<misses>13692001</misses>
				<total>22</total>
				<timestamp>5197.757609</timestamp>
			</report>
			<report>
				<misses>13693001</misses>
				<total>22</total>
				<timestamp>5198.137233</timestamp>
			</report>
			<report>
				<misses>13694001</misses>
				<total>22</total>
				<timestamp>5198.516834</timestamp>
			</report>
			<report>
				<misses>13695001</misses>
				<total>22</total>
				<timestamp>5198.896466</timestamp>
			</report>
			<report>
				<misses>13696001</misses>
				<total>22</total>
				<timestamp>5199.276069</timestamp>
			</report>
			<report>
				<misses>13697001</misses>
				<total>22</total>
				<timestamp>5199.655694</timestamp>
			</report>
			<report>
				<misses>13698001</misses>
				<total>22</total>
				<timestamp>5200.035357</timestamp>
			</report>
			<report>
				<misses>13699001</misses>
				<total>22</total>
				<timestamp>5200.414942</timestamp>
			</report>
			<report>
				<misses>13700001</misses>
				<total>22</total>
				<timestamp>5200.794589</timestamp>
			</report>
			<report>
				<misses>13701001</misses>
				<total>22</total>
				<timestamp>5201.174202</timestamp>
			</report>
			<report>
				<misses>13702001</misses>
				<total>22</total>
				<timestamp>5201.553828</timestamp>
			</report>
			<report>
				<misses>13703001</misses>
				<total>22</total>
				<timestamp>5201.933442</timestamp>
			</report>
			<report>
				<misses>13704001</misses>
				<total>22</total>
				<timestamp>5202.313047</timestamp>
			</report>
			<report>
				<misses>13705001</misses>
				<total>22</total>
				<timestamp>5202.692679</timestamp>
			</report>
			<report>
				<misses>13706001</misses>
				<total>22</total>
				<timestamp>5203.072283</timestamp>
			</report>
			<report>
				<misses>13707001</misses>
				<total>22</total>
				<timestamp>5203.451901</timestamp>
			</report>
			<report>
				<misses>13708001</misses>
				<total>22</total>
				<timestamp>5203.831531</timestamp>
			</report>
			<report>
				<misses>13709001</misses>
				<total>22</total>
				<timestamp>5204.211134</timestamp>
			</report>
			<report>
				<misses>13710001</misses>
				<total>22</total>
				<timestamp>5204.590769</timestamp>
			</report>
			<report>
				<misses>13711001</misses>
				<total>22</total>
				<timestamp>5204.970385</timestamp>
			</report>
			<report>
				<misses>13712001</misses>
				<total>22</total>
				<timestamp>5205.350010</timestamp>
			</report>
			<report>
				<misses>13713001</misses>
				<total>22</total>
				<timestamp>5205.729625</timestamp>
			</report>
			<report>
				<misses>13714001</misses>
				<total>22</total>
				<timestamp>5206.109284</timestamp>
			</report>
			<report>
				<misses>13715001</misses>
				<total>22</total>
				<timestamp>5206.488871</timestamp>
			</report>
			<report>
				<misses>13716001</misses>
				<total>22</total>
				<timestamp>5206.868491</timestamp>
			</report>
			<report>
				<misses>13717001</misses>
				<total>22</total>
				<timestamp>5207.248103</timestamp>
			</report>
			<report>
				<misses>13718001</misses>
				<total>22</total>
				<timestamp>5207.627729</timestamp>
			</report>
			<report>
				<misses>13719001</misses>
				<total>22</total>
				<timestamp>5208.007386</timestamp>
			</report>
			<report>
				<misses>13720001</misses>
				<total>22</total>
				<timestamp>5208.387011</timestamp>
			</report>
			<report>
				<misses>13721001</misses>
				<total>22</total>
				<timestamp>5208.766605</timestamp>
			</report>
			<report>
				<misses>13722001</misses>
				<total>22</total>
				<timestamp>5209.146198</timestamp>
			</report>
			<report>
				<misses>13723001</misses>
				<total>22</total>
				<timestamp>5209.525855</timestamp>
			</report>
			<report>
				<misses>13724001</misses>
				<total>22</total>
				<timestamp>5209.905458</timestamp>
			</report>
			<report>
				<misses>13725001</misses>
				<total>22</total>
				<timestamp>5210.285060</timestamp>
			</report>
			<report>
				<misses>13726001</misses>
				<total>22</total>
				<timestamp>5210.664676</timestamp>
			</report>
			<report>
				<misses>13727001</misses>
				<total>22</total>
				<timestamp>5211.044327</timestamp>
			</report>
			<report>
				<misses>13728001</misses>
				<total>22</total>
				<timestamp>5211.423930</timestamp>
			</report>
			<report>
				<misses>13729001</misses>
				<total>22</total>
				<timestamp>5211.803545</timestamp>
			</report>
			<report>
				<misses>13730001</misses>
				<total>22</total>
				<timestamp>5212.183160</timestamp>
			</report>
			<report>
				<misses>13731001</misses>
				<total>22</total>
				<timestamp>5212.562785</timestamp>
			</report>
			<report>
				<misses>13732001</misses>
				<total>22</total>
				<timestamp>5212.942480</timestamp>
			</report>
			<report>
				<misses>13733001</misses>
				<total>22</total>
				<timestamp>5213.322017</timestamp>
			</report>
			<report>
				<misses>13734001</misses>
				<total>22</total>
				<timestamp>5213.701634</timestamp>
			</report>
			<report>
				<misses>13735001</misses>
				<total>22</total>
				<timestamp>5214.081312</timestamp>
			</report>
			<report>
				<misses>13736001</misses>
				<total>22</total>
				<timestamp>5214.460897</timestamp>
			</report>
			<report>
				<misses>13737001</misses>
				<total>22</total>
				<timestamp>5214.840514</timestamp>
			</report>
			<report>
				<misses>13738001</misses>
				<total>22</total>
				<timestamp>5215.220129</timestamp>
			</report>
			<report>
				<misses>13739001</misses>
				<total>22</total>
				<timestamp>5215.599760</timestamp>
			</report>
			<report>
				<misses>13740001</misses>
				<total>22</total>
				<timestamp>5215.979409</timestamp>
			</report>
			<report>
				<misses>13741001</misses>
				<total>22</total>
				<timestamp>5216.358997</timestamp>
			</report>
			<report>
				<misses>13742001</misses>
				<total>22</total>
				<timestamp>5216.738668</timestamp>
			</report>
			<report>
				<misses>13743001</misses>
				<total>22</total>
				<timestamp>5217.118264</timestamp>
			</report>
			<report>
				<misses>13744001</misses>
				<total>22</total>
				<timestamp>5217.497833</timestamp>
			</report>
			<report>
				<misses>13745001</misses>
				<total>22</total>
				<timestamp>5217.877471</timestamp>
			</report>
			<report>
				<misses>13746001</misses>
				<total>22</total>
				<timestamp>5218.257070</timestamp>
			</report>
			<report>
				<misses>13747001</misses>
				<total>22</total>
				<timestamp>5218.636710</timestamp>
			</report>
			<report>
				<misses>13748001</misses>
				<total>22</total>
				<timestamp>5219.016382</timestamp>
			</report>
			<report>
				<misses>13749001</misses>
				<total>22</total>
				<timestamp>5219.395934</timestamp>
			</report>
			<report>
				<misses>13750001</misses>
				<total>22</total>
				<timestamp>5219.775557</timestamp>
			</report>
			<report>
				<misses>13751001</misses>
				<total>22</total>
				<timestamp>5220.155190</timestamp>
			</report>
			<report>
				<misses>13752001</misses>
				<total>22</total>
				<timestamp>5220.534801</timestamp>
			</report>
			<report>
				<misses>13753001</misses>
				<total>22</total>
				<timestamp>5220.914432</timestamp>
			</report>
			<report>
				<misses>13754001</misses>
				<total>22</total>
				<timestamp>5221.294033</timestamp>
			</report>
			<report>
				<misses>13755001</misses>
				<total>22</total>
				<timestamp>5221.673677</timestamp>
			</report>
			<report>
				<misses>13756001</misses>
				<total>22</total>
				<timestamp>5222.053302</timestamp>
			</report>
			<report>
				<misses>13757001</misses>
				<total>22</total>
				<timestamp>5222.432902</timestamp>
			</report>
			<report>
				<misses>13758001</misses>
				<total>22</total>
				<timestamp>5222.812532</timestamp>
			</report>
			<report>
				<misses>13759001</misses>
				<total>22</total>
				<timestamp>5223.192144</timestamp>
			</report>
			<report>
				<misses>13760001</misses>
				<total>22</total>
				<timestamp>5223.571758</timestamp>
			</report>
			<report>
				<misses>13761001</misses>
				<total>22</total>
				<timestamp>5223.951381</timestamp>
			</report>
			<report>
				<misses>13762001</misses>
				<total>22</total>
				<timestamp>5224.331003</timestamp>
			</report>
			<report>
				<misses>13763001</misses>
				<total>22</total>
				<timestamp>5224.710645</timestamp>
			</report>
			<report>
				<misses>13764001</misses>
				<total>22</total>
				<timestamp>5225.090290</timestamp>
			</report>
			<report>
				<misses>13765001</misses>
				<total>22</total>
				<timestamp>5225.469848</timestamp>
			</report>
			<report>
				<misses>13766001</misses>
				<total>22</total>
				<timestamp>5225.849510</timestamp>
			</report>
			<report>
				<misses>13767001</misses>
				<total>22</total>
				<timestamp>5226.229105</timestamp>
			</report>
			<report>
				<misses>13768001</misses>
				<total>22</total>
				<timestamp>5226.608723</timestamp>
			</report>
			<report>
				<misses>13769001</misses>
				<total>22</total>
				<timestamp>5226.988364</timestamp>
			</report>
			<report>
				<misses>13770001</misses>
				<total>22</total>
				<timestamp>5227.367942</timestamp>
			</report>
			<report>
				<misses>13771001</misses>
				<total>22</total>
				<timestamp>5227.747595</timestamp>
			</report>
			<report>
				<misses>13772001</misses>
				<total>22</total>
				<timestamp>5228.127240</timestamp>
			</report>
			<report>
				<misses>13773001</misses>
				<total>22</total>
				<timestamp>5228.506861</timestamp>
			</report>
			<report>
				<misses>13774001</misses>
				<total>22</total>
				<timestamp>5228.886477</timestamp>
			</report>
			<report>
				<misses>13775001</misses>
				<total>22</total>
				<timestamp>5229.266062</timestamp>
			</report>
			<report>
				<misses>13776001</misses>
				<total>22</total>
				<timestamp>5229.645694</timestamp>
			</report>
			<report>
				<misses>13777001</misses>
				<total>22</total>
				<timestamp>5230.025305</timestamp>
			</report>
			<report>
				<misses>13778001</misses>
				<total>22</total>
				<timestamp>5230.404958</timestamp>
			</report>
			<report>
				<misses>13779001</misses>
				<total>22</total>
				<timestamp>5230.784561</timestamp>
			</report>
			<report>
				<misses>13780001</misses>
				<total>22</total>
				<timestamp>5231.164239</timestamp>
			</report>
			<report>
				<misses>13781001</misses>
				<total>22</total>
				<timestamp>5231.543813</timestamp>
			</report>
			<report>
				<misses>13782001</misses>
				<total>22</total>
				<timestamp>5231.923434</timestamp>
			</report>
			<report>
				<misses>13783001</misses>
				<total>22</total>
				<timestamp>5232.303033</timestamp>
			</report>
			<report>
				<misses>13784001</misses>
				<total>22</total>
				<timestamp>5232.682660</timestamp>
			</report>
			<report>
				<misses>13785001</misses>
				<total>22</total>
				<timestamp>5233.062330</timestamp>
			</report>
			<report>
				<misses>13786001</misses>
				<total>22</total>
				<timestamp>5233.441892</timestamp>
			</report>
			<report>
				<misses>13787001</misses>
				<total>22</total>
				<timestamp>5233.821513</timestamp>
			</report>
			<report>
				<misses>13788001</misses>
				<total>22</total>
				<timestamp>5234.201115</timestamp>
			</report>
			<report>
				<misses>13789001</misses>
				<total>22</total>
				<timestamp>5234.580730</timestamp>
			</report>
			<report>
				<misses>13790001</misses>
				<total>22</total>
				<timestamp>5234.960376</timestamp>
			</report>
			<report>
				<misses>13791001</misses>
				<total>22</total>
				<timestamp>5235.339991</timestamp>
			</report>
			<report>
				<misses>13792001</misses>
				<total>22</total>
				<timestamp>5235.719608</timestamp>
			</report>
			<report>
				<misses>13793001</misses>
				<total>22</total>
				<timestamp>5236.099259</timestamp>
			</report>
			<report>
				<misses>13794001</misses>
				<total>22</total>
				<timestamp>5236.478850</timestamp>
			</report>
			<report>
				<misses>13795001</misses>
				<total>22</total>
				<timestamp>5236.858457</timestamp>
			</report>
			<report>
				<misses>13796001</misses>
				<total>22</total>
				<timestamp>5237.238133</timestamp>
			</report>
			<report>
				<misses>13797001</misses>
				<total>22</total>
				<timestamp>5237.617693</timestamp>
			</report>
			<report>
				<misses>13798001</misses>
				<total>22</total>
				<timestamp>5237.997395</timestamp>
			</report>
			<report>
				<misses>13799001</misses>
				<total>22</total>
				<timestamp>5238.376936</timestamp>
			</report>
			<report>
				<misses>13800001</misses>
				<total>22</total>
				<timestamp>5238.756562</timestamp>
			</report>
			<report>
				<misses>13801001</misses>
				<total>22</total>
				<timestamp>5239.136174</timestamp>
			</report>
			<report>
				<misses>13802001</misses>
				<total>22</total>
				<timestamp>5239.515801</timestamp>
			</report>
			<report>
				<misses>13803001</misses>
				<total>22</total>
				<timestamp>5239.895436</timestamp>
			</report>
			<report>
				<misses>13804001</misses>
				<total>22</total>
				<timestamp>5240.275083</timestamp>
			</report>
			<report>
				<misses>13805001</misses>
				<total>22</total>
				<timestamp>5240.654661</timestamp>
			</report>
			<report>
				<misses>13806001</misses>
				<total>22</total>
				<timestamp>5241.034310</timestamp>
			</report>
			<report>
				<misses>13807001</misses>
				<total>22</total>
				<timestamp>5241.413900</timestamp>
			</report>
			<report>
				<misses>13808001</misses>
				<total>22</total>
				<timestamp>5241.793554</timestamp>
			</report>
			<report>
				<misses>13809001</misses>
				<total>22</total>
				<timestamp>5242.173187</timestamp>
			</report>
			<report>
				<misses>13810001</misses>
				<total>22</total>
				<timestamp>5242.552760</timestamp>
			</report>
			<report>
				<misses>13811001</misses>
				<total>22</total>
				<timestamp>5242.932392</timestamp>
			</report>
			<report>
				<misses>13812001</misses>
				<total>22</total>
				<timestamp>5243.312028</timestamp>
			</report>
			<report>
				<misses>13813001</misses>
				<total>22</total>
				<timestamp>5243.691635</timestamp>
			</report>
			<report>
				<misses>13814001</misses>
				<total>22</total>
				<timestamp>5244.071283</timestamp>
			</report>
			<report>
				<misses>13815001</misses>
				<total>22</total>
				<timestamp>5244.450867</timestamp>
			</report>
			<report>
				<misses>13816001</misses>
				<total>22</total>
				<timestamp>5244.830484</timestamp>
			</report>
			<report>
				<misses>13817001</misses>
				<total>22</total>
				<timestamp>5245.210116</timestamp>
			</report>
			<report>
				<misses>13818001</misses>
				<total>22</total>
				<timestamp>5245.589708</timestamp>
			</report>
			<report>
				<misses>13819001</misses>
				<total>22</total>
				<timestamp>5245.969381</timestamp>
			</report>
			<report>
				<misses>13820001</misses>
				<total>22</total>
				<timestamp>5246.348947</timestamp>
			</report>
			<report>
				<misses>13821001</misses>
				<total>22</total>
				<timestamp>5246.728583</timestamp>
			</report>
			<report>
				<misses>13822001</misses>
				<total>22</total>
				<timestamp>5247.108237</timestamp>
			</report>
			<report>
				<misses>13823001</misses>
				<total>22</total>
				<timestamp>5247.487828</timestamp>
			</report>
			<report>
				<misses>13824001</misses>
				<total>22</total>
				<timestamp>5247.867436</timestamp>
			</report>
			<report>
				<misses>13825001</misses>
				<total>22</total>
				<timestamp>5248.247073</timestamp>
			</report>
			<report>
				<misses>13826001</misses>
				<total>22</total>
				<timestamp>5248.626696</timestamp>
			</report>
			<report>
				<misses>13827001</misses>
				<total>22</total>
				<timestamp>5249.006300</timestamp>
			</report>
			<report>
				<misses>13828001</misses>
				<total>22</total>
				<timestamp>5249.385927</timestamp>
			</report>
			<report>
				<misses>13829001</misses>
				<total>22</total>
				<timestamp>5249.765541</timestamp>
			</report>
			<report>
				<misses>13830001</misses>
				<total>22</total>
				<timestamp>5250.145167</timestamp>
			</report>
			<report>
				<misses>13831001</misses>
				<total>22</total>
				<timestamp>5250.524764</timestamp>
			</report>
			<report>
				<misses>13832001</misses>
				<total>22</total>
				<timestamp>5250.904401</timestamp>
			</report>
			<report>
				<misses>13833001</misses>
				<total>22</total>
				<timestamp>5251.284008</timestamp>
			</report>
			<report>
				<misses>13834001</misses>
				<total>22</total>
				<timestamp>5251.663654</timestamp>
			</report>
			<report>
				<misses>13835001</misses>
				<total>22</total>
				<timestamp>5252.043288</timestamp>
			</report>
			<report>
				<misses>13836001</misses>
				<total>22</total>
				<timestamp>5252.422881</timestamp>
			</report>
			<report>
				<misses>13837001</misses>
				<total>22</total>
				<timestamp>5252.802518</timestamp>
			</report>
			<report>
				<misses>13838001</misses>
				<total>22</total>
				<timestamp>5253.182172</timestamp>
			</report>
			<report>
				<misses>13839001</misses>
				<total>22</total>
				<timestamp>5253.561750</timestamp>
			</report>
			<report>
				<misses>13840001</misses>
				<total>22</total>
				<timestamp>5253.941377</timestamp>
			</report>
			<report>
				<misses>13841001</misses>
				<total>22</total>
				<timestamp>5254.321005</timestamp>
			</report>
			<report>
				<misses>13842001</misses>
				<total>22</total>
				<timestamp>5254.700618</timestamp>
			</report>
			<report>
				<misses>13843001</misses>
				<total>22</total>
				<timestamp>5255.080266</timestamp>
			</report>
			<report>
				<misses>13844001</misses>
				<total>22</total>
				<timestamp>5255.459843</timestamp>
			</report>
			<report>
				<misses>13845001</misses>
				<total>22</total>
				<timestamp>5255.839473</timestamp>
			</report>
			<report>
				<misses>13846001</misses>
				<total>22</total>
				<timestamp>5256.219073</timestamp>
			</report>
			<report>
				<misses>13847001</misses>
				<total>22</total>
				<timestamp>5256.598736</timestamp>
			</report>
			<report>
				<misses>13848001</misses>
				<total>22</total>
				<timestamp>5256.978331</timestamp>
			</report>
			<report>
				<misses>13849001</misses>
				<total>22</total>
				<timestamp>5257.357951</timestamp>
			</report>
			<report>
				<misses>13850001</misses>
				<total>22</total>
				<timestamp>5257.737556</timestamp>
			</report>
			<report>
				<misses>13851001</misses>
				<total>22</total>
				<timestamp>5258.117191</timestamp>
			</report>
			<report>
				<misses>13852001</misses>
				<total>22</total>
				<timestamp>5258.496794</timestamp>
			</report>
			<report>
				<misses>13853001</misses>
				<total>22</total>
				<timestamp>5258.876446</timestamp>
			</report>
			<report>
				<misses>13854001</misses>
				<total>22</total>
				<timestamp>5259.256056</timestamp>
			</report>
			<report>
				<misses>13855001</misses>
				<total>22</total>
				<timestamp>5259.635655</timestamp>
			</report>
			<report>
				<misses>13856001</misses>
				<total>22</total>
				<timestamp>5260.015318</timestamp>
			</report>
			<report>
				<misses>13857001</misses>
				<total>22</total>
				<timestamp>5260.394935</timestamp>
			</report>
			<report>
				<misses>13858001</misses>
				<total>22</total>
				<timestamp>5260.774523</timestamp>
			</report>
			<report>
				<misses>13859001</misses>
				<total>22</total>
				<timestamp>5261.154160</timestamp>
			</report>
			<report>
				<misses>13860001</misses>
				<total>22</total>
				<timestamp>5261.533758</timestamp>
			</report>
			<report>
				<misses>13861001</misses>
				<total>22</total>
				<timestamp>5261.913366</timestamp>
			</report>
			<report>
				<misses>13862001</misses>
				<total>22</total>
				<timestamp>5262.293002</timestamp>
			</report>
			<report>
				<misses>13863001</misses>
				<total>22</total>
				<timestamp>5262.672618</timestamp>
			</report>
			<report>
				<misses>13864001</misses>
				<total>22</total>
				<timestamp>5263.052258</timestamp>
			</report>
			<report>
				<misses>13865001</misses>
				<total>22</total>
				<timestamp>5263.431858</timestamp>
			</report>
			<report>
				<misses>13866001</misses>
				<total>22</total>
				<timestamp>5263.811481</timestamp>
			</report>
			<report>
				<misses>13867001</misses>
				<total>22</total>
				<timestamp>5264.191130</timestamp>
			</report>
			<report>
				<misses>13868001</misses>
				<total>22</total>
				<timestamp>5264.570725</timestamp>
			</report>
			<report>
				<misses>13869001</misses>
				<total>22</total>
				<timestamp>5264.950343</timestamp>
			</report>
			<report>
				<misses>13870001</misses>
				<total>22</total>
				<timestamp>5265.330010</timestamp>
			</report>
			<report>
				<misses>13871001</misses>
				<total>22</total>
				<timestamp>5265.709603</timestamp>
			</report>
			<report>
				<misses>13872001</misses>
				<total>22</total>
				<timestamp>5266.089220</timestamp>
			</report>
			<report>
				<misses>13873001</misses>
				<total>22</total>
				<timestamp>5266.468825</timestamp>
			</report>
			<report>
				<misses>13874001</misses>
				<total>22</total>
				<timestamp>5266.848470</timestamp>
			</report>
			<report>
				<misses>13875001</misses>
				<total>22</total>
				<timestamp>5267.228077</timestamp>
			</report>
			<report>
				<misses>13876001</misses>
				<total>22</total>
				<timestamp>5267.607682</timestamp>
			</report>
			<report>
				<misses>13877001</misses>
				<total>22</total>
				<timestamp>5267.987319</timestamp>
			</report>
			<report>
				<misses>13878001</misses>
				<total>22</total>
				<timestamp>5268.366979</timestamp>
			</report>
			<report>
				<misses>13879001</misses>
				<total>22</total>
				<timestamp>5268.746546</timestamp>
			</report>
			<report>
				<misses>13880001</misses>
				<total>22</total>
				<timestamp>5269.126182</timestamp>
			</report>
			<report>
				<misses>13881001</misses>
				<total>22</total>
				<timestamp>5269.505807</timestamp>
			</report>
			<report>
				<misses>13882001</misses>
				<total>22</total>
				<timestamp>5269.885396</timestamp>
			</report>
			<report>
				<misses>13883001</misses>
				<total>22</total>
				<timestamp>5270.265047</timestamp>
			</report>
			<report>
				<misses>13884001</misses>
				<total>22</total>
				<timestamp>5270.644667</timestamp>
			</report>
			<report>
				<misses>13885001</misses>
				<total>22</total>
				<timestamp>5271.024284</timestamp>
			</report>
			<report>
				<misses>13886001</misses>
				<total>22</total>
				<timestamp>5271.403884</timestamp>
			</report>
			<report>
				<misses>13887001</misses>
				<total>22</total>
				<timestamp>5271.783530</timestamp>
			</report>
			<report>
				<misses>13888001</misses>
				<total>22</total>
				<timestamp>5272.163128</timestamp>
			</report>
			<report>
				<misses>13889001</misses>
				<total>22</total>
				<timestamp>5272.542742</timestamp>
			</report>
			<report>
				<misses>13890001</misses>
				<total>22</total>
				<timestamp>5272.922362</timestamp>
			</report>
			<report>
				<misses>13891001</misses>
				<total>22</total>
				<timestamp>5273.302022</timestamp>
			</report>
			<report>
				<misses>13892001</misses>
				<total>22</total>
				<timestamp>5273.681606</timestamp>
			</report>
			<report>
				<misses>13893001</misses>
				<total>22</total>
				<timestamp>5274.061219</timestamp>
			</report>
			<report>
				<misses>13894001</misses>
				<total>22</total>
				<timestamp>5274.440864</timestamp>
			</report>
			<report>
				<misses>13895001</misses>
				<total>22</total>
				<timestamp>5274.820475</timestamp>
			</report>
			<report>
				<misses>13896001</misses>
				<total>22</total>
				<timestamp>5275.200109</timestamp>
			</report>
			<report>
				<misses>13897001</misses>
				<total>22</total>
				<timestamp>5275.579705</timestamp>
			</report>
			<report>
				<misses>13898001</misses>
				<total>22</total>
				<timestamp>5275.959323</timestamp>
			</report>
			<report>
				<misses>13899001</misses>
				<total>22</total>
				<timestamp>5276.338956</timestamp>
			</report>
			<report>
				<misses>13900001</misses>
				<total>22</total>
				<timestamp>5276.718591</timestamp>
			</report>
			<report>
				<misses>13901001</misses>
				<total>22</total>
				<timestamp>5277.098215</timestamp>
			</report>
			<report>
				<misses>13902001</misses>
				<total>22</total>
				<timestamp>5277.477818</timestamp>
			</report>
			<report>
				<misses>13903001</misses>
				<total>22</total>
				<timestamp>5277.857424</timestamp>
			</report>
			<report>
				<misses>13904001</misses>
				<total>22</total>
				<timestamp>5278.237077</timestamp>
			</report>
			<report>
				<misses>13905001</misses>
				<total>22</total>
				<timestamp>5278.616661</timestamp>
			</report>
			<report>
				<misses>13906001</misses>
				<total>22</total>
				<timestamp>5278.996282</timestamp>
			</report>
			<report>
				<misses>13907001</misses>
				<total>22</total>
				<timestamp>5279.375934</timestamp>
			</report>
			<report>
				<misses>13908001</misses>
				<total>22</total>
				<timestamp>5279.755524</timestamp>
			</report>
			<report>
				<misses>13909001</misses>
				<total>22</total>
				<timestamp>5280.135202</timestamp>
			</report>
			<report>
				<misses>13910001</misses>
				<total>22</total>
				<timestamp>5280.514766</timestamp>
			</report>
			<report>
				<misses>13911001</misses>
				<total>22</total>
				<timestamp>5280.894389</timestamp>
			</report>
			<report>
				<misses>13912001</misses>
				<total>22</total>
				<timestamp>5281.274034</timestamp>
			</report>
			<report>
				<misses>13913001</misses>
				<total>22</total>
				<timestamp>5281.653625</timestamp>
			</report>
			<report>
				<misses>13914001</misses>
				<total>22</total>
				<timestamp>5282.033253</timestamp>
			</report>
			<report>
				<misses>13915001</misses>
				<total>22</total>
				<timestamp>5282.412921</timestamp>
			</report>
			<report>
				<misses>13916001</misses>
				<total>22</total>
				<timestamp>5282.792488</timestamp>
			</report>
			<report>
				<misses>13917001</misses>
				<total>22</total>
				<timestamp>5283.172121</timestamp>
			</report>
			<report>
				<misses>13918001</misses>
				<total>22</total>
				<timestamp>5283.551756</timestamp>
			</report>
			<report>
				<misses>13919001</misses>
				<total>22</total>
				<timestamp>5283.931334</timestamp>
			</report>
			<report>
				<misses>13920001</misses>
				<total>22</total>
				<timestamp>5284.310985</timestamp>
			</report>
			<report>
				<misses>13921001</misses>
				<total>22</total>
				<timestamp>5284.690597</timestamp>
			</report>
			<report>
				<misses>13922001</misses>
				<total>22</total>
				<timestamp>5285.070242</timestamp>
			</report>
			<report>
				<misses>13923001</misses>
				<total>22</total>
				<timestamp>5285.449875</timestamp>
			</report>
			<report>
				<misses>13924001</misses>
				<total>22</total>
				<timestamp>5285.829467</timestamp>
			</report>
			<report>
				<misses>13925001</misses>
				<total>22</total>
				<timestamp>5286.209076</timestamp>
			</report>
			<report>
				<misses>13926001</misses>
				<total>22</total>
				<timestamp>5286.588677</timestamp>
			</report>
			<report>
				<misses>13927001</misses>
				<total>22</total>
				<timestamp>5286.968327</timestamp>
			</report>
			<report>
				<misses>13928001</misses>
				<total>22</total>
				<timestamp>5287.347925</timestamp>
			</report>
			<report>
				<misses>13929001</misses>
				<total>22</total>
				<timestamp>5287.727581</timestamp>
			</report>
			<report>
				<misses>13930001</misses>
				<total>22</total>
				<timestamp>5288.107172</timestamp>
			</report>
			<report>
				<misses>13931001</misses>
				<total>22</total>
				<timestamp>5288.486823</timestamp>
			</report>
			<report>
				<misses>13932001</misses>
				<total>21</total>
				<timestamp>5288.866480</timestamp>
			</report>
			<report>
				<misses>13933001</misses>
				<total>22</total>
				<timestamp>5289.246056</timestamp>
			</report>
			<report>
				<misses>13934001</misses>
				<total>22</total>
				<timestamp>5289.625637</timestamp>
			</report>
			<report>
				<misses>13935001</misses>
				<total>22</total>
				<timestamp>5290.005271</timestamp>
			</report>
			<report>
				<misses>13936001</misses>
				<total>22</total>
				<timestamp>5290.384925</timestamp>
			</report>
			<report>
				<misses>13937001</misses>
				<total>22</total>
				<timestamp>5290.764501</timestamp>
			</report>
			<report>
				<misses>13938001</misses>
				<total>22</total>
				<timestamp>5291.144153</timestamp>
			</report>
			<report>
				<misses>13939001</misses>
				<total>22</total>
				<timestamp>5291.523743</timestamp>
			</report>
			<report>
				<misses>13940001</misses>
				<total>22</total>
				<timestamp>5291.903367</timestamp>
			</report>
			<report>
				<misses>13941001</misses>
				<total>22</total>
				<timestamp>5292.282980</timestamp>
			</report>
			<report>
				<misses>13942001</misses>
				<total>22</total>
				<timestamp>5292.662601</timestamp>
			</report>
			<report>
				<misses>13943001</misses>
				<total>22</total>
				<timestamp>5293.042261</timestamp>
			</report>
			<report>
				<misses>13944001</misses>
				<total>22</total>
				<timestamp>5293.421921</timestamp>
			</report>
			<report>
				<misses>13945001</misses>
				<total>22</total>
				<timestamp>5293.801482</timestamp>
			</report>
			<report>
				<misses>13946001</misses>
				<total>22</total>
				<timestamp>5294.181093</timestamp>
			</report>
			<report>
				<misses>13947001</misses>
				<total>22</total>
				<timestamp>5294.560709</timestamp>
			</report>
			<report>
				<misses>13948001</misses>
				<total>22</total>
				<timestamp>5294.940322</timestamp>
			</report>
			<report>
				<misses>13949001</misses>
				<total>22</total>
				<timestamp>5295.319955</timestamp>
			</report>
			<report>
				<misses>13950001</misses>
				<total>22</total>
				<timestamp>5295.699577</timestamp>
			</report>
			<report>
				<misses>13951001</misses>
				<total>22</total>
				<timestamp>5296.079189</timestamp>
			</report>
			<report>
				<misses>13952001</misses>
				<total>22</total>
				<timestamp>5296.458837</timestamp>
			</report>
			<report>
				<misses>13953001</misses>
				<total>22</total>
				<timestamp>5296.838419</timestamp>
			</report>
			<report>
				<misses>13954001</misses>
				<total>22</total>
				<timestamp>5297.218059</timestamp>
			</report>
			<report>
				<misses>13955001</misses>
				<total>22</total>
				<timestamp>5297.597666</timestamp>
			</report>
			<report>
				<misses>13956001</misses>
				<total>22</total>
				<timestamp>5297.977284</timestamp>
			</report>
			<report>
				<misses>13957001</misses>
				<total>22</total>
				<timestamp>5298.356949</timestamp>
			</report>
			<report>
				<misses>13958001</misses>
				<total>22</total>
				<timestamp>5298.736532</timestamp>
			</report>
			<report>
				<misses>13959001</misses>
				<total>22</total>
				<timestamp>5299.116178</timestamp>
			</report>
			<report>
				<misses>13960001</misses>
				<total>22</total>
				<timestamp>5299.495811</timestamp>
			</report>
			<report>
				<misses>13961001</misses>
				<total>22</total>
				<timestamp>5299.875421</timestamp>
			</report>
			<report>
				<misses>13962001</misses>
				<total>22</total>
				<timestamp>5300.255004</timestamp>
			</report>
			<report>
				<misses>13963001</misses>
				<total>22</total>
				<timestamp>5300.634607</timestamp>
			</report>
			<report>
				<misses>13964001</misses>
				<total>22</total>
				<timestamp>5301.014235</timestamp>
			</report>
			<report>
				<misses>13965001</misses>
				<total>22</total>
				<timestamp>5301.393879</timestamp>
			</report>
			<report>
				<misses>13966001</misses>
				<total>22</total>
				<timestamp>5301.773491</timestamp>
			</report>
			<report>
				<misses>13967001</misses>
				<total>22</total>
				<timestamp>5302.153148</timestamp>
			</report>
			<report>
				<misses>13968001</misses>
				<total>22</total>
				<timestamp>5302.532747</timestamp>
			</report>
			<report>
				<misses>13969001</misses>
				<total>22</total>
				<timestamp>5302.912347</timestamp>
			</report>
			<report>
				<misses>13970001</misses>
				<total>22</total>
				<timestamp>5303.292016</timestamp>
			</report>
			<report>
				<misses>13971001</misses>
				<total>22</total>
				<timestamp>5303.671581</timestamp>
			</report>
			<report>
				<misses>13972001</misses>
				<total>22</total>
				<timestamp>5304.051213</timestamp>
			</report>
			<report>
				<misses>13973001</misses>
				<total>22</total>
				<timestamp>5304.430828</timestamp>
			</report>
			<report>
				<misses>13974001</misses>
				<total>22</total>
				<timestamp>5304.810450</timestamp>
			</report>
			<report>
				<misses>13975001</misses>
				<total>22</total>
				<timestamp>5305.190062</timestamp>
			</report>
			<report>
				<misses>13976001</misses>
				<total>22</total>
				<timestamp>5305.569756</timestamp>
			</report>
			<report>
				<misses>13977001</misses>
				<total>22</total>
				<timestamp>5305.949334</timestamp>
			</report>
			<report>
				<misses>13978001</misses>
				<total>22</total>
				<timestamp>5306.328979</timestamp>
			</report>
			<report>
				<misses>13979001</misses>
				<total>22</total>
				<timestamp>5306.708529</timestamp>
			</report>
			<report>
				<misses>13980001</misses>
				<total>22</total>
				<timestamp>5307.088166</timestamp>
			</report>
			<report>
				<misses>13981001</misses>
				<total>22</total>
				<timestamp>5307.467797</timestamp>
			</report>
			<report>
				<misses>13982001</misses>
				<total>22</total>
				<timestamp>5307.847408</timestamp>
			</report>
			<report>
				<misses>13983001</misses>
				<total>22</total>
				<timestamp>5308.227043</timestamp>
			</report>
			<report>
				<misses>13984001</misses>
				<total>22</total>
				<timestamp>5308.606701</timestamp>
			</report>
			<report>
				<misses>13985001</misses>
				<total>22</total>
				<timestamp>5308.986255</timestamp>
			</report>
			<report>
				<misses>13986001</misses>
				<total>22</total>
				<timestamp>5309.365893</timestamp>
			</report>
			<report>
				<misses>13987001</misses>
				<total>22</total>
				<timestamp>5309.745508</timestamp>
			</report>
			<report>
				<misses>13988001</misses>
				<total>22</total>
				<timestamp>5310.125166</timestamp>
			</report>
			<report>
				<misses>13989001</misses>
				<total>22</total>
				<timestamp>5310.504735</timestamp>
			</report>
			<report>
				<misses>13990001</misses>
				<total>22</total>
				<timestamp>5310.884395</timestamp>
			</report>
			<report>
				<misses>13991001</misses>
				<total>22</total>
				<timestamp>5311.263984</timestamp>
			</report>
			<report>
				<misses>13992001</misses>
				<total>22</total>
				<timestamp>5311.643620</timestamp>
			</report>
			<report>
				<misses>13993001</misses>
				<total>22</total>
				<timestamp>5312.023237</timestamp>
			</report>
			<report>
				<misses>13994001</misses>
				<total>22</total>
				<timestamp>5312.402885</timestamp>
			</report>
			<report>
				<misses>13995001</misses>
				<total>22</total>
				<timestamp>5312.782468</timestamp>
			</report>
			<report>
				<misses>13996001</misses>
				<total>22</total>
				<timestamp>5313.162084</timestamp>
			</report>
			<report>
				<misses>13997001</misses>
				<total>23</total>
				<timestamp>5313.541718</timestamp>
			</report>
			<report>
				<misses>13998001</misses>
				<total>23</total>
				<timestamp>5313.921332</timestamp>
			</report>
			<report>
				<misses>13999001</misses>
				<total>23</total>
				<timestamp>5314.300939</timestamp>
			</report>
			<report>
				<misses>14000001</misses>
				<total>23</total>
				<timestamp>5314.680571</timestamp>
			</report>
			<report>
				<misses>14001001</misses>
				<total>23</total>
				<timestamp>5315.060185</timestamp>
			</report>
			<report>
				<misses>14002001</misses>
				<total>23</total>
				<timestamp>5315.439798</timestamp>
			</report>
			<report>
				<misses>14003001</misses>
				<total>23</total>
				<timestamp>5315.819425</timestamp>
			</report>
			<report>
				<misses>14004001</misses>
				<total>23</total>
				<timestamp>5316.199044</timestamp>
			</report>
			<report>
				<misses>14005001</misses>
				<total>23</total>
				<timestamp>5316.578678</timestamp>
			</report>
			<report>
				<misses>14006001</misses>
				<total>23</total>
				<timestamp>5316.958289</timestamp>
			</report>
			<report>
				<misses>14007001</misses>
				<total>23</total>
				<timestamp>5317.337944</timestamp>
			</report>
			<report>
				<misses>14008001</misses>
				<total>23</total>
				<timestamp>5317.717546</timestamp>
			</report>
			<report>
				<misses>14009001</misses>
				<total>23</total>
				<timestamp>5318.097142</timestamp>
			</report>
			<report>
				<misses>14010001</misses>
				<total>23</total>
				<timestamp>5318.476793</timestamp>
			</report>
			<report>
				<misses>14011001</misses>
				<total>23</total>
				<timestamp>5318.856394</timestamp>
			</report>
			<report>
				<misses>14012001</misses>
				<total>23</total>
				<timestamp>5319.236011</timestamp>
			</report>
			<report>
				<misses>14013001</misses>
				<total>23</total>
				<timestamp>5319.615649</timestamp>
			</report>
			<report>
				<misses>14014001</misses>
				<total>23</total>
				<timestamp>5319.995257</timestamp>
			</report>
			<report>
				<misses>14015001</misses>
				<total>23</total>
				<timestamp>5320.374911</timestamp>
			</report>
			<report>
				<misses>14016001</misses>
				<total>23</total>
				<timestamp>5320.754505</timestamp>
			</report>
			<report>
				<misses>14017001</misses>
				<total>23</total>
				<timestamp>5321.134111</timestamp>
			</report>
			<report>
				<misses>14018001</misses>
				<total>23</total>
				<timestamp>5321.513753</timestamp>
			</report>
			<report>
				<misses>14019001</misses>
				<total>23</total>
				<timestamp>5321.893347</timestamp>
			</report>
			<report>
				<misses>14020001</misses>
				<total>23</total>
				<timestamp>5322.272966</timestamp>
			</report>
			<report>
				<misses>14021001</misses>
				<total>23</total>
				<timestamp>5322.652589</timestamp>
			</report>
			<report>
				<misses>14022001</misses>
				<total>23</total>
				<timestamp>5323.032275</timestamp>
			</report>
			<report>
				<misses>14023001</misses>
				<total>23</total>
				<timestamp>5323.411833</timestamp>
			</report>
			<report>
				<misses>14024001</misses>
				<total>23</total>
				<timestamp>5323.791441</timestamp>
			</report>
			<report>
				<misses>14025001</misses>
				<total>23</total>
				<timestamp>5324.171068</timestamp>
			</report>
			<report>
				<misses>14026001</misses>
				<total>23</total>
				<timestamp>5324.550712</timestamp>
			</report>
			<report>
				<misses>14027001</misses>
				<total>23</total>
				<timestamp>5324.930310</timestamp>
			</report>
			<report>
				<misses>14028001</misses>
				<total>23</total>
				<timestamp>5325.309920</timestamp>
			</report>
			<report>
				<misses>14029001</misses>
				<total>23</total>
				<timestamp>5325.689574</timestamp>
			</report>
			<report>
				<misses>14030001</misses>
				<total>23</total>
				<timestamp>5326.069174</timestamp>
			</report>
			<report>
				<misses>14031001</misses>
				<total>23</total>
				<timestamp>5326.448789</timestamp>
			</report>
			<report>
				<misses>14032001</misses>
				<total>23</total>
				<timestamp>5326.828414</timestamp>
			</report>
			<report>
				<misses>14033001</misses>
				<total>23</total>
				<timestamp>5327.208032</timestamp>
			</report>
			<report>
				<misses>14034001</misses>
				<total>23</total>
				<timestamp>5327.587678</timestamp>
			</report>
			<report>
				<misses>14035001</misses>
				<total>23</total>
				<timestamp>5327.967317</timestamp>
			</report>
			<report>
				<misses>14036001</misses>
				<total>23</total>
				<timestamp>5328.346908</timestamp>
			</report>
			<report>
				<misses>14037001</misses>
				<total>23</total>
				<timestamp>5328.726546</timestamp>
			</report>
			<report>
				<misses>14038001</misses>
				<total>23</total>
				<timestamp>5329.106130</timestamp>
			</report>
			<report>
				<misses>14039001</misses>
				<total>23</total>
				<timestamp>5329.485760</timestamp>
			</report>
			<report>
				<misses>14040001</misses>
				<total>23</total>
				<timestamp>5329.865383</timestamp>
			</report>
			<report>
				<misses>14041001</misses>
				<total>23</total>
				<timestamp>5330.245021</timestamp>
			</report>
			<report>
				<misses>14042001</misses>
				<total>23</total>
				<timestamp>5330.624651</timestamp>
			</report>
			<report>
				<misses>14043001</misses>
				<total>23</total>
				<timestamp>5331.004247</timestamp>
			</report>
			<report>
				<misses>14044001</misses>
				<total>23</total>
				<timestamp>5331.383853</timestamp>
			</report>
			<report>
				<misses>14045001</misses>
				<total>23</total>
				<timestamp>5331.763513</timestamp>
			</report>
			<report>
				<misses>14046001</misses>
				<total>23</total>
				<timestamp>5332.143086</timestamp>
			</report>
			<report>
				<misses>14047001</misses>
				<total>23</total>
				<timestamp>5332.522710</timestamp>
			</report>
			<report>
				<misses>14048001</misses>
				<total>23</total>
				<timestamp>5332.902326</timestamp>
			</report>
			<report>
				<misses>14049001</misses>
				<total>23</total>
				<timestamp>5333.281960</timestamp>
			</report>
			<report>
				<misses>14050001</misses>
				<total>23</total>
				<timestamp>5333.661592</timestamp>
			</report>
			<report>
				<misses>14051001</misses>
				<total>23</total>
				<timestamp>5334.041175</timestamp>
			</report>
			<report>
				<misses>14052001</misses>
				<total>23</total>
				<timestamp>5334.420804</timestamp>
			</report>
			<report>
				<misses>14053001</misses>
				<total>23</total>
				<timestamp>5334.800456</timestamp>
			</report>
			<report>
				<misses>14054001</misses>
				<total>23</total>
				<timestamp>5335.180038</timestamp>
			</report>
			<report>
				<misses>14055001</misses>
				<total>23</total>
				<timestamp>5335.559706</timestamp>
			</report>
			<report>
				<misses>14056001</misses>
				<total>23</total>
				<timestamp>5335.939279</timestamp>
			</report>
			<report>
				<misses>14057001</misses>
				<total>23</total>
				<timestamp>5336.318940</timestamp>
			</report>
			<report>
				<misses>14058001</misses>
				<total>23</total>
				<timestamp>5336.698581</timestamp>
			</report>
			<report>
				<misses>14059001</misses>
				<total>23</total>
				<timestamp>5337.078140</timestamp>
			</report>
			<report>
				<misses>14060001</misses>
				<total>23</total>
				<timestamp>5337.457770</timestamp>
			</report>
			<report>
				<misses>14061001</misses>
				<total>23</total>
				<timestamp>5337.837374</timestamp>
			</report>
			<report>
				<misses>14062001</misses>
				<total>23</total>
				<timestamp>5338.217023</timestamp>
			</report>
			<report>
				<misses>14063001</misses>
				<total>23</total>
				<timestamp>5338.596669</timestamp>
			</report>
			<report>
				<misses>14064001</misses>
				<total>23</total>
				<timestamp>5338.976255</timestamp>
			</report>
			<report>
				<misses>14065001</misses>
				<total>23</total>
				<timestamp>5339.355855</timestamp>
			</report>
			<report>
				<misses>14066001</misses>
				<total>23</total>
				<timestamp>5339.735498</timestamp>
			</report>
			<report>
				<misses>14067001</misses>
				<total>23</total>
				<timestamp>5340.115114</timestamp>
			</report>
			<report>
				<misses>14068001</misses>
				<total>23</total>
				<timestamp>5340.494717</timestamp>
			</report>
			<report>
				<misses>14069001</misses>
				<total>23</total>
				<timestamp>5340.874349</timestamp>
			</report>
			<report>
				<misses>14070001</misses>
				<total>23</total>
				<timestamp>5341.253967</timestamp>
			</report>
			<report>
				<misses>14071001</misses>
				<total>23</total>
				<timestamp>5341.633581</timestamp>
			</report>
			<report>
				<misses>14072001</misses>
				<total>23</total>
				<timestamp>5342.013196</timestamp>
			</report>
			<report>
				<misses>14073001</misses>
				<total>23</total>
				<timestamp>5342.392847</timestamp>
			</report>
			<report>
				<misses>14074001</misses>
				<total>23</total>
				<timestamp>5342.772491</timestamp>
			</report>
			<report>
				<misses>14075001</misses>
				<total>23</total>
				<timestamp>5343.152053</timestamp>
			</report>
			<report>
				<misses>14076001</misses>
				<total>23</total>
				<timestamp>5343.531701</timestamp>
			</report>
			<report>
				<misses>14077001</misses>
				<total>23</total>
				<timestamp>5343.911318</timestamp>
			</report>
			<report>
				<misses>14078001</misses>
				<total>23</total>
				<timestamp>5344.290919</timestamp>
			</report>
			<report>
				<misses>14079001</misses>
				<total>23</total>
				<timestamp>5344.670569</timestamp>
			</report>
			<report>
				<misses>14080001</misses>
				<total>23</total>
				<timestamp>5345.050168</timestamp>
			</report>
			<report>
				<misses>14081001</misses>
				<total>23</total>
				<timestamp>5345.429785</timestamp>
			</report>
			<report>
				<misses>14082001</misses>
				<total>23</total>
				<timestamp>5345.809434</timestamp>
			</report>
			<report>
				<misses>14083001</misses>
				<total>23</total>
				<timestamp>5346.189030</timestamp>
			</report>
			<report>
				<misses>14084001</misses>
				<total>23</total>
				<timestamp>5346.568640</timestamp>
			</report>
			<report>
				<misses>14085001</misses>
				<total>23</total>
				<timestamp>5346.948272</timestamp>
			</report>
			<report>
				<misses>14086001</misses>
				<total>23</total>
				<timestamp>5347.327891</timestamp>
			</report>
			<report>
				<misses>14087001</misses>
				<total>23</total>
				<timestamp>5347.707519</timestamp>
			</report>
			<report>
				<misses>14088001</misses>
				<total>23</total>
				<timestamp>5348.087122</timestamp>
			</report>
			<report>
				<misses>14089001</misses>
				<total>23</total>
				<timestamp>5348.466772</timestamp>
			</report>
			<report>
				<misses>14090001</misses>
				<total>23</total>
				<timestamp>5348.846378</timestamp>
			</report>
			<report>
				<misses>14091001</misses>
				<total>23</total>
				<timestamp>5349.225973</timestamp>
			</report>
			<report>
				<misses>14092001</misses>
				<total>23</total>
				<timestamp>5349.605615</timestamp>
			</report>
			<report>
				<misses>14093001</misses>
				<total>23</total>
				<timestamp>5349.985283</timestamp>
			</report>
			<report>
				<misses>14094001</misses>
				<total>23</total>
				<timestamp>5350.364888</timestamp>
			</report>
			<report>
				<misses>14095001</misses>
				<total>23</total>
				<timestamp>5350.744511</timestamp>
			</report>
			<report>
				<misses>14096001</misses>
				<total>23</total>
				<timestamp>5351.124093</timestamp>
			</report>
			<report>
				<misses>14097001</misses>
				<total>23</total>
				<timestamp>5351.503726</timestamp>
			</report>
			<report>
				<misses>14098001</misses>
				<total>23</total>
				<timestamp>5351.883328</timestamp>
			</report>
			<report>
				<misses>14099001</misses>
				<total>23</total>
				<timestamp>5352.262936</timestamp>
			</report>
			<report>
				<misses>14100001</misses>
				<total>23</total>
				<timestamp>5352.642576</timestamp>
			</report>
			<report>
				<misses>14101001</misses>
				<total>23</total>
				<timestamp>5353.022190</timestamp>
			</report>
			<report>
				<misses>14102001</misses>
				<total>23</total>
				<timestamp>5353.401841</timestamp>
			</report>
			<report>
				<misses>14103001</misses>
				<total>23</total>
				<timestamp>5353.781461</timestamp>
			</report>
			<report>
				<misses>14104001</misses>
				<total>23</total>
				<timestamp>5354.161046</timestamp>
			</report>
			<report>
				<misses>14105001</misses>
				<total>23</total>
				<timestamp>5354.540660</timestamp>
			</report>
			<report>
				<misses>14106001</misses>
				<total>23</total>
				<timestamp>5354.920282</timestamp>
			</report>
			<report>
				<misses>14107001</misses>
				<total>23</total>
				<timestamp>5355.299937</timestamp>
			</report>
			<report>
				<misses>14108001</misses>
				<total>23</total>
				<timestamp>5355.679574</timestamp>
			</report>
			<report>
				<misses>14109001</misses>
				<total>23</total>
				<timestamp>5356.059138</timestamp>
			</report>
			<report>
				<misses>14110001</misses>
				<total>23</total>
				<timestamp>5356.438813</timestamp>
			</report>
			<report>
				<misses>14111001</misses>
				<total>23</total>
				<timestamp>5356.818412</timestamp>
			</report>
			<report>
				<misses>14112001</misses>
				<total>23</total>
				<timestamp>5357.198004</timestamp>
			</report>
			<report>
				<misses>14113001</misses>
				<total>23</total>
				<timestamp>5357.577623</timestamp>
			</report>
			<report>
				<misses>14114001</misses>
				<total>23</total>
				<timestamp>5357.957271</timestamp>
			</report>
			<report>
				<misses>14115001</misses>
				<total>23</total>
				<timestamp>5358.336855</timestamp>
			</report>
			<report>
				<misses>14116001</misses>
				<total>23</total>
				<timestamp>5358.716545</timestamp>
			</report>
			<report>
				<misses>14117001</misses>
				<total>23</total>
				<timestamp>5359.096105</timestamp>
			</report>
			<report>
				<misses>14118001</misses>
				<total>23</total>
				<timestamp>5359.475710</timestamp>
			</report>
			<report>
				<misses>14119001</misses>
				<total>23</total>
				<timestamp>5359.855396</timestamp>
			</report>
			<report>
				<misses>14120001</misses>
				<total>23</total>
				<timestamp>5360.234970</timestamp>
			</report>
			<report>
				<misses>14121001</misses>
				<total>23</total>
				<timestamp>5360.614580</timestamp>
			</report>
			<report>
				<misses>14122001</misses>
				<total>23</total>
				<timestamp>5360.994208</timestamp>
			</report>
			<report>
				<misses>14123001</misses>
				<total>23</total>
				<timestamp>5361.373860</timestamp>
			</report>
			<report>
				<misses>14124001</misses>
				<total>23</total>
				<timestamp>5361.753451</timestamp>
			</report>
			<report>
				<misses>14125001</misses>
				<total>23</total>
				<timestamp>5362.133055</timestamp>
			</report>
			<report>
				<misses>14126001</misses>
				<total>23</total>
				<timestamp>5362.512681</timestamp>
			</report>
			<report>
				<misses>14127001</misses>
				<total>23</total>
				<timestamp>5362.892312</timestamp>
			</report>
			<report>
				<misses>14128001</misses>
				<total>23</total>
				<timestamp>5363.271958</timestamp>
			</report>
			<report>
				<misses>14129001</misses>
				<total>23</total>
				<timestamp>5363.651560</timestamp>
			</report>
			<report>
				<misses>14130001</misses>
				<total>23</total>
				<timestamp>5364.031181</timestamp>
			</report>
			<report>
				<misses>14131001</misses>
				<total>23</total>
				<timestamp>5364.410797</timestamp>
			</report>
			<report>
				<misses>14132001</misses>
				<total>23</total>
				<timestamp>5364.790402</timestamp>
			</report>
			<report>
				<misses>14133001</misses>
				<total>23</total>
				<timestamp>5365.170011</timestamp>
			</report>
			<report>
				<misses>14134001</misses>
				<total>23</total>
				<timestamp>5365.549644</timestamp>
			</report>
			<report>
				<misses>14135001</misses>
				<total>23</total>
				<timestamp>5365.929304</timestamp>
			</report>
			<report>
				<misses>14136001</misses>
				<total>23</total>
				<timestamp>5366.308887</timestamp>
			</report>
			<report>
				<misses>14137001</misses>
				<total>23</total>
				<timestamp>5366.688529</timestamp>
			</report>
			<report>
				<misses>14138001</misses>
				<total>23</total>
				<timestamp>5367.068141</timestamp>
			</report>
			<report>
				<misses>14139001</misses>
				<total>23</total>
				<timestamp>5367.447786</timestamp>
			</report>
			<report>
				<misses>14140001</misses>
				<total>23</total>
				<timestamp>5367.827378</timestamp>
			</report>
			<report>
				<misses>14141001</misses>
				<total>23</total>
				<timestamp>5368.207018</timestamp>
			</report>
			<report>
				<misses>14142001</misses>
				<total>23</total>
				<timestamp>5368.586616</timestamp>
			</report>
			<report>
				<misses>14143001</misses>
				<total>23</total>
				<timestamp>5368.966271</timestamp>
			</report>
			<report>
				<misses>14144001</misses>
				<total>23</total>
				<timestamp>5369.345836</timestamp>
			</report>
			<report>
				<misses>14145001</misses>
				<total>23</total>
				<timestamp>5369.725477</timestamp>
			</report>
			<report>
				<misses>14146001</misses>
				<total>23</total>
				<timestamp>5370.105079</timestamp>
			</report>
			<report>
				<misses>14147001</misses>
				<total>23</total>
				<timestamp>5370.484699</timestamp>
			</report>
			<report>
				<misses>14148001</misses>
				<total>23</total>
				<timestamp>5370.864363</timestamp>
			</report>
			<report>
				<misses>14149001</misses>
				<total>23</total>
				<timestamp>5371.243936</timestamp>
			</report>
			<report>
				<misses>14150001</misses>
				<total>23</total>
				<timestamp>5371.623567</timestamp>
			</report>
			<report>
				<misses>14151001</misses>
				<total>23</total>
				<timestamp>5372.003182</timestamp>
			</report>
			<report>
				<misses>14152001</misses>
				<total>23</total>
				<timestamp>5372.382836</timestamp>
			</report>
			<report>
				<misses>14153001</misses>
				<total>23</total>
				<timestamp>5372.762487</timestamp>
			</report>
			<report>
				<misses>14154001</misses>
				<total>23</total>
				<timestamp>5373.142035</timestamp>
			</report>
			<report>
				<misses>14155001</misses>
				<total>23</total>
				<timestamp>5373.521673</timestamp>
			</report>
			<report>
				<misses>14156001</misses>
				<total>23</total>
				<timestamp>5373.901334</timestamp>
			</report>
			<report>
				<misses>14157001</misses>
				<total>23</total>
				<timestamp>5374.280893</timestamp>
			</report>
			<report>
				<misses>14158001</misses>
				<total>23</total>
				<timestamp>5374.660529</timestamp>
			</report>
			<report>
				<misses>14159001</misses>
				<total>23</total>
				<timestamp>5375.040147</timestamp>
			</report>
			<report>
				<misses>14160001</misses>
				<total>23</total>
				<timestamp>5375.419777</timestamp>
			</report>
			<report>
				<misses>14161001</misses>
				<total>23</total>
				<timestamp>5375.799368</timestamp>
			</report>
			<report>
				<misses>14162001</misses>
				<total>23</total>
				<timestamp>5376.179050</timestamp>
			</report>
			<report>
				<misses>14163001</misses>
				<total>23</total>
				<timestamp>5376.558639</timestamp>
			</report>
			<report>
				<misses>14164001</misses>
				<total>23</total>
				<timestamp>5376.938290</timestamp>
			</report>
			<report>
				<misses>14165001</misses>
				<total>23</total>
				<timestamp>5377.317881</timestamp>
			</report>
			<report>
				<misses>14166001</misses>
				<total>23</total>
				<timestamp>5377.697493</timestamp>
			</report>
			<report>
				<misses>14167001</misses>
				<total>23</total>
				<timestamp>5378.077114</timestamp>
			</report>
			<report>
				<misses>14168001</misses>
				<total>23</total>
				<timestamp>5378.456744</timestamp>
			</report>
			<report>
				<misses>14169001</misses>
				<total>23</total>
				<timestamp>5378.836372</timestamp>
			</report>
			<report>
				<misses>14170001</misses>
				<total>23</total>
				<timestamp>5379.215970</timestamp>
			</report>
			<report>
				<misses>14171001</misses>
				<total>23</total>
				<timestamp>5379.595575</timestamp>
			</report>
			<report>
				<misses>14172001</misses>
				<total>23</total>
				<timestamp>5379.975261</timestamp>
			</report>
			<report>
				<misses>14173001</misses>
				<total>23</total>
				<timestamp>5380.354830</timestamp>
			</report>
			<report>
				<misses>14174001</misses>
				<total>23</total>
				<timestamp>5380.734470</timestamp>
			</report>
			<report>
				<misses>14175001</misses>
				<total>23</total>
				<timestamp>5381.114058</timestamp>
			</report>
			<report>
				<misses>14176001</misses>
				<total>23</total>
				<timestamp>5381.493669</timestamp>
			</report>
			<report>
				<misses>14177001</misses>
				<total>23</total>
				<timestamp>5381.873320</timestamp>
			</report>
			<report>
				<misses>14178001</misses>
				<total>23</total>
				<timestamp>5382.252924</timestamp>
			</report>
			<report>
				<misses>14179001</misses>
				<total>23</total>
				<timestamp>5382.632591</timestamp>
			</report>
			<report>
				<misses>14180001</misses>
				<total>23</total>
				<timestamp>5383.012162</timestamp>
			</report>
			<report>
				<misses>14181001</misses>
				<total>23</total>
				<timestamp>5383.391794</timestamp>
			</report>
			<report>
				<misses>14182001</misses>
				<total>23</total>
				<timestamp>5383.771420</timestamp>
			</report>
			<report>
				<misses>14183001</misses>
				<total>23</total>
				<timestamp>5384.151012</timestamp>
			</report>
			<report>
				<misses>14184001</misses>
				<total>23</total>
				<timestamp>5384.530644</timestamp>
			</report>
			<report>
				<misses>14185001</misses>
				<total>23</total>
				<timestamp>5384.910334</timestamp>
			</report>
			<report>
				<misses>14186001</misses>
				<total>23</total>
				<timestamp>5385.289894</timestamp>
			</report>
			<report>
				<misses>14187001</misses>
				<total>23</total>
				<timestamp>5385.669522</timestamp>
			</report>
			<report>
				<misses>14188001</misses>
				<total>23</total>
				<timestamp>5386.049143</timestamp>
			</report>
			<report>
				<misses>14189001</misses>
				<total>23</total>
				<timestamp>5386.428750</timestamp>
			</report>
			<report>
				<misses>14190001</misses>
				<total>23</total>
				<timestamp>5386.808394</timestamp>
			</report>
			<report>
				<misses>14191001</misses>
				<total>23</total>
				<timestamp>5387.187987</timestamp>
			</report>
			<report>
				<misses>14192001</misses>
				<total>23</total>
				<timestamp>5387.567602</timestamp>
			</report>
			<report>
				<misses>14193001</misses>
				<total>23</total>
				<timestamp>5387.947264</timestamp>
			</report>
			<report>
				<misses>14194001</misses>
				<total>23</total>
				<timestamp>5388.326864</timestamp>
			</report>
			<report>
				<misses>14195001</misses>
				<total>23</total>
				<timestamp>5388.706480</timestamp>
			</report>
			<report>
				<misses>14196001</misses>
				<total>23</total>
				<timestamp>5389.086104</timestamp>
			</report>
			<report>
				<misses>14197001</misses>
				<total>23</total>
				<timestamp>5389.465724</timestamp>
			</report>
			<report>
				<misses>14198001</misses>
				<total>23</total>
				<timestamp>5389.845377</timestamp>
			</report>
			<report>
				<misses>14199001</misses>
				<total>23</total>
				<timestamp>5390.224956</timestamp>
			</report>
			<report>
				<misses>14200001</misses>
				<total>23</total>
				<timestamp>5390.604561</timestamp>
			</report>
			<report>
				<misses>14201001</misses>
				<total>23</total>
				<timestamp>5390.984212</timestamp>
			</report>
			<report>
				<misses>14202001</misses>
				<total>23</total>
				<timestamp>5391.363841</timestamp>
			</report>
			<report>
				<misses>14203001</misses>
				<total>23</total>
				<timestamp>5391.743436</timestamp>
			</report>
			<report>
				<misses>14204001</misses>
				<total>23</total>
				<timestamp>5392.123097</timestamp>
			</report>
			<report>
				<misses>14205001</misses>
				<total>23</total>
				<timestamp>5392.502678</timestamp>
			</report>
			<report>
				<misses>14206001</misses>
				<total>23</total>
				<timestamp>5392.882353</timestamp>
			</report>
			<report>
				<misses>14207001</misses>
				<total>23</total>
				<timestamp>5393.261918</timestamp>
			</report>
			<report>
				<misses>14208001</misses>
				<total>23</total>
				<timestamp>5393.641541</timestamp>
			</report>
			<report>
				<misses>14209001</misses>
				<total>23</total>
				<timestamp>5394.021199</timestamp>
			</report>
			<report>
				<misses>14210001</misses>
				<total>23</total>
				<timestamp>5394.400785</timestamp>
			</report>
			<report>
				<misses>14211001</misses>
				<total>23</total>
				<timestamp>5394.780395</timestamp>
			</report>
			<report>
				<misses>14212001</misses>
				<total>23</total>
				<timestamp>5395.160028</timestamp>
			</report>
			<report>
				<misses>14213001</misses>
				<total>23</total>
				<timestamp>5395.539658</timestamp>
			</report>
			<report>
				<misses>14214001</misses>
				<total>23</total>
				<timestamp>5395.919240</timestamp>
			</report>
			<report>
				<misses>14215001</misses>
				<total>23</total>
				<timestamp>5396.298860</timestamp>
			</report>
			<report>
				<misses>14216001</misses>
				<total>23</total>
				<timestamp>5396.678483</timestamp>
			</report>
			<report>
				<misses>14217001</misses>
				<total>23</total>
				<timestamp>5397.058141</timestamp>
			</report>
			<report>
				<misses>14218001</misses>
				<total>23</total>
				<timestamp>5397.437744</timestamp>
			</report>
			<report>
				<misses>14219001</misses>
				<total>23</total>
				<timestamp>5397.817351</timestamp>
			</report>
			<report>
				<misses>14220001</misses>
				<total>23</total>
				<timestamp>5398.196950</timestamp>
			</report>
			<report>
				<misses>14221001</misses>
				<total>23</total>
				<timestamp>5398.576586</timestamp>
			</report>
			<report>
				<misses>14222001</misses>
				<total>23</total>
				<timestamp>5398.956239</timestamp>
			</report>
			<report>
				<misses>14223001</misses>
				<total>23</total>
				<timestamp>5399.335838</timestamp>
			</report>
			<report>
				<misses>14224001</misses>
				<total>23</total>
				<timestamp>5399.715458</timestamp>
			</report>
			<report>
				<misses>14225001</misses>
				<total>23</total>
				<timestamp>5400.095105</timestamp>
			</report>
			<report>
				<misses>14226001</misses>
				<total>23</total>
				<timestamp>5400.474708</timestamp>
			</report>
			<report>
				<misses>14227001</misses>
				<total>23</total>
				<timestamp>5400.854319</timestamp>
			</report>
			<report>
				<misses>14228001</misses>
				<total>23</total>
				<timestamp>5401.233958</timestamp>
			</report>
			<report>
				<misses>14229001</misses>
				<total>23</total>
				<timestamp>5401.613596</timestamp>
			</report>
			<report>
				<misses>14230001</misses>
				<total>23</total>
				<timestamp>5401.993151</timestamp>
			</report>
			<report>
				<misses>14231001</misses>
				<total>23</total>
				<timestamp>5402.372791</timestamp>
			</report>
			<report>
				<misses>14232001</misses>
				<total>23</total>
				<timestamp>5402.752411</timestamp>
			</report>
			<report>
				<misses>14233001</misses>
				<total>23</total>
				<timestamp>5403.132029</timestamp>
			</report>
			<report>
				<misses>14234001</misses>
				<total>23</total>
				<timestamp>5403.511639</timestamp>
			</report>
			<report>
				<misses>14235001</misses>
				<total>23</total>
				<timestamp>5403.891283</timestamp>
			</report>
			<report>
				<misses>14236001</misses>
				<total>23</total>
				<timestamp>5404.270907</timestamp>
			</report>
			<report>
				<misses>14237001</misses>
				<total>23</total>
				<timestamp>5404.650535</timestamp>
			</report>
			<report>
				<misses>14238001</misses>
				<total>23</total>
				<timestamp>5405.030141</timestamp>
			</report>
			<report>
				<misses>14239001</misses>
				<total>23</total>
				<timestamp>5405.409755</timestamp>
			</report>
			<report>
				<misses>14240001</misses>
				<total>23</total>
				<timestamp>5405.789368</timestamp>
			</report>
			<report>
				<misses>14241001</misses>
				<total>23</total>
				<timestamp>5406.169031</timestamp>
			</report>
			<report>
				<misses>14242001</misses>
				<total>23</total>
				<timestamp>5406.548603</timestamp>
			</report>
			<report>
				<misses>14243001</misses>
				<total>23</total>
				<timestamp>5406.928225</timestamp>
			</report>
			<report>
				<misses>14244001</misses>
				<total>23</total>
				<timestamp>5407.307866</timestamp>
			</report>
			<report>
				<misses>14245001</misses>
				<total>23</total>
				<timestamp>5407.687471</timestamp>
			</report>
			<report>
				<misses>14246001</misses>
				<total>23</total>
				<timestamp>5408.067163</timestamp>
			</report>
			<report>
				<misses>14247001</misses>
				<total>23</total>
				<timestamp>5408.446709</timestamp>
			</report>
			<report>
				<misses>14248001</misses>
				<total>23</total>
				<timestamp>5408.826354</timestamp>
			</report>
			<report>
				<misses>14249001</misses>
				<total>23</total>
				<timestamp>5409.205998</timestamp>
			</report>
			<report>
				<misses>14250001</misses>
				<total>23</total>
				<timestamp>5409.585600</timestamp>
			</report>
			<report>
				<misses>14251001</misses>
				<total>23</total>
				<timestamp>5409.965231</timestamp>
			</report>
			<report>
				<misses>14252001</misses>
				<total>23</total>
				<timestamp>5410.344798</timestamp>
			</report>
			<report>
				<misses>14253001</misses>
				<total>23</total>
				<timestamp>5410.724420</timestamp>
			</report>
			<report>
				<misses>14254001</misses>
				<total>23</total>
				<timestamp>5411.104110</timestamp>
			</report>
			<report>
				<misses>14255001</misses>
				<total>23</total>
				<timestamp>5411.483677</timestamp>
			</report>
			<report>
				<misses>14256001</misses>
				<total>23</total>
				<timestamp>5411.863307</timestamp>
			</report>
			<report>
				<misses>14257001</misses>
				<total>23</total>
				<timestamp>5412.242923</timestamp>
			</report>
			<report>
				<misses>14258001</misses>
				<total>23</total>
				<timestamp>5412.622536</timestamp>
			</report>
			<report>
				<misses>14259001</misses>
				<total>23</total>
				<timestamp>5413.002160</timestamp>
			</report>
			<report>
				<misses>14260001</misses>
				<total>23</total>
				<timestamp>5413.381773</timestamp>
			</report>
			<report>
				<misses>14261001</misses>
				<total>23</total>
				<timestamp>5413.761376</timestamp>
			</report>
			<report>
				<misses>14262001</misses>
				<total>23</total>
				<timestamp>5414.141012</timestamp>
			</report>
			<report>
				<misses>14263001</misses>
				<total>23</total>
				<timestamp>5414.520656</timestamp>
			</report>
			<report>
				<misses>14264001</misses>
				<total>23</total>
				<timestamp>5414.900322</timestamp>
			</report>
			<report>
				<misses>14265001</misses>
				<total>23</total>
				<timestamp>5415.279886</timestamp>
			</report>
			<report>
				<misses>14266001</misses>
				<total>23</total>
				<timestamp>5415.659522</timestamp>
			</report>
			<report>
				<misses>14267001</misses>
				<total>23</total>
				<timestamp>5416.039103</timestamp>
			</report>
			<report>
				<misses>14268001</misses>
				<total>23</total>
				<timestamp>5416.418716</timestamp>
			</report>
			<report>
				<misses>14269001</misses>
				<total>23</total>
				<timestamp>5416.798339</timestamp>
			</report>
			<report>
				<misses>14270001</misses>
				<total>23</total>
				<timestamp>5417.178001</timestamp>
			</report>
			<report>
				<misses>14271001</misses>
				<total>23</total>
				<timestamp>5417.557599</timestamp>
			</report>
			<report>
				<misses>14272001</misses>
				<total>23</total>
				<timestamp>5417.937257</timestamp>
			</report>
			<report>
				<misses>14273001</misses>
				<total>23</total>
				<timestamp>5418.316819</timestamp>
			</report>
			<report>
				<misses>14274001</misses>
				<total>23</total>
				<timestamp>5418.696428</timestamp>
			</report>
			<report>
				<misses>14275001</misses>
				<total>23</total>
				<timestamp>5419.076107</timestamp>
			</report>
			<report>
				<misses>14276001</misses>
				<total>23</total>
				<timestamp>5419.455707</timestamp>
			</report>
			<report>
				<misses>14277001</misses>
				<total>23</total>
				<timestamp>5419.835325</timestamp>
			</report>
			<report>
				<misses>14278001</misses>
				<total>23</total>
				<timestamp>5420.214920</timestamp>
			</report>
			<report>
				<misses>14279001</misses>
				<total>23</total>
				<timestamp>5420.594546</timestamp>
			</report>
			<report>
				<misses>14280001</misses>
				<total>23</total>
				<timestamp>5420.974172</timestamp>
			</report>
			<report>
				<misses>14281001</misses>
				<total>23</total>
				<timestamp>5421.353776</timestamp>
			</report>
			<report>
				<misses>14282001</misses>
				<total>23</total>
				<timestamp>5421.733407</timestamp>
			</report>
			<report>
				<misses>14283001</misses>
				<total>23</total>
				<timestamp>5422.113056</timestamp>
			</report>
			<report>
				<misses>14284001</misses>
				<total>23</total>
				<timestamp>5422.492643</timestamp>
			</report>
			<report>
				<misses>14285001</misses>
				<total>23</total>
				<timestamp>5422.872278</timestamp>
			</report>
			<report>
				<misses>14286001</misses>
				<total>23</total>
				<timestamp>5423.251890</timestamp>
			</report>
			<report>
				<misses>14287001</misses>
				<total>23</total>
				<timestamp>5423.631528</timestamp>
			</report>
			<report>
				<misses>14288001</misses>
				<total>23</total>
				<timestamp>5424.011136</timestamp>
			</report>
			<report>
				<misses>14289001</misses>
				<total>23</total>
				<timestamp>5424.390747</timestamp>
			</report>
			<report>
				<misses>14290001</misses>
				<total>23</total>
				<timestamp>5424.770377</timestamp>
			</report>
			<report>
				<misses>14291001</misses>
				<total>23</total>
				<timestamp>5425.150003</timestamp>
			</report>
			<report>
				<misses>14292001</misses>
				<total>23</total>
				<timestamp>5425.529630</timestamp>
			</report>
			<report>
				<misses>14293001</misses>
				<total>23</total>
				<timestamp>5425.909240</timestamp>
			</report>
			<report>
				<misses>14294001</misses>
				<total>23</total>
				<timestamp>5426.288899</timestamp>
			</report>
			<report>
				<misses>14295001</misses>
				<total>23</total>
				<timestamp>5426.668479</timestamp>
			</report>
			<report>
				<misses>14296001</misses>
				<total>23</total>
				<timestamp>5427.048113</timestamp>
			</report>
			<report>
				<misses>14297001</misses>
				<total>23</total>
				<timestamp>5427.427718</timestamp>
			</report>
			<report>
				<misses>14298001</misses>
				<total>23</total>
				<timestamp>5427.807379</timestamp>
			</report>
			<report>
				<misses>14299001</misses>
				<total>23</total>
				<timestamp>5428.187008</timestamp>
			</report>
			<report>
				<misses>14300001</misses>
				<total>23</total>
				<timestamp>5428.566567</timestamp>
			</report>
			<report>
				<misses>14301001</misses>
				<total>23</total>
				<timestamp>5428.946230</timestamp>
			</report>
			<report>
				<misses>14302001</misses>
				<total>23</total>
				<timestamp>5429.325817</timestamp>
			</report>
			<report>
				<misses>14303001</misses>
				<total>23</total>
				<timestamp>5429.705473</timestamp>
			</report>
			<report>
				<misses>14304001</misses>
				<total>23</total>
				<timestamp>5430.085071</timestamp>
			</report>
			<report>
				<misses>14305001</misses>
				<total>23</total>
				<timestamp>5430.464673</timestamp>
			</report>
			<report>
				<misses>14306001</misses>
				<total>23</total>
				<timestamp>5430.844306</timestamp>
			</report>
			<report>
				<misses>14307001</misses>
				<total>23</total>
				<timestamp>5431.223903</timestamp>
			</report>
			<report>
				<misses>14308001</misses>
				<total>23</total>
				<timestamp>5431.603526</timestamp>
			</report>
			<report>
				<misses>14309001</misses>
				<total>23</total>
				<timestamp>5431.983180</timestamp>
			</report>
			<report>
				<misses>14310001</misses>
				<total>23</total>
				<timestamp>5432.362777</timestamp>
			</report>
			<report>
				<misses>14311001</misses>
				<total>23</total>
				<timestamp>5432.742394</timestamp>
			</report>
			<report>
				<misses>14312001</misses>
				<total>23</total>
				<timestamp>5433.122009</timestamp>
			</report>
			<report>
				<misses>14313001</misses>
				<total>23</total>
				<timestamp>5433.501640</timestamp>
			</report>
			<report>
				<misses>14314001</misses>
				<total>23</total>
				<timestamp>5433.881256</timestamp>
			</report>
			<report>
				<misses>14315001</misses>
				<total>23</total>
				<timestamp>5434.260882</timestamp>
			</report>
			<report>
				<misses>14316001</misses>
				<total>23</total>
				<timestamp>5434.640492</timestamp>
			</report>
			<report>
				<misses>14317001</misses>
				<total>23</total>
				<timestamp>5435.020097</timestamp>
			</report>
			<report>
				<misses>14318001</misses>
				<total>23</total>
				<timestamp>5435.399723</timestamp>
			</report>
			<report>
				<misses>14319001</misses>
				<total>23</total>
				<timestamp>5435.779356</timestamp>
			</report>
			<report>
				<misses>14320001</misses>
				<total>23</total>
				<timestamp>5436.158979</timestamp>
			</report>
			<report>
				<misses>14321001</misses>
				<total>23</total>
				<timestamp>5436.538589</timestamp>
			</report>
			<report>
				<misses>14322001</misses>
				<total>23</total>
				<timestamp>5436.918224</timestamp>
			</report>
			<report>
				<misses>14323001</misses>
				<total>23</total>
				<timestamp>5437.297824</timestamp>
			</report>
			<report>
				<misses>14324001</misses>
				<total>23</total>
				<timestamp>5437.677472</timestamp>
			</report>
			<report>
				<misses>14325001</misses>
				<total>23</total>
				<timestamp>5438.057064</timestamp>
			</report>
			<report>
				<misses>14326001</misses>
				<total>23</total>
				<timestamp>5438.436696</timestamp>
			</report>
			<report>
				<misses>14327001</misses>
				<total>23</total>
				<timestamp>5438.816340</timestamp>
			</report>
			<report>
				<misses>14328001</misses>
				<total>23</total>
				<timestamp>5439.195981</timestamp>
			</report>
			<report>
				<misses>14329001</misses>
				<total>23</total>
				<timestamp>5439.575548</timestamp>
			</report>
			<report>
				<misses>14330001</misses>
				<total>23</total>
				<timestamp>5439.955163</timestamp>
			</report>
			<report>
				<misses>14331001</misses>
				<total>23</total>
				<timestamp>5440.334782</timestamp>
			</report>
			<report>
				<misses>14332001</misses>
				<total>23</total>
				<timestamp>5440.714444</timestamp>
			</report>
			<report>
				<misses>14333001</misses>
				<total>23</total>
				<timestamp>5441.094026</timestamp>
			</report>
			<report>
				<misses>14334001</misses>
				<total>23</total>
				<timestamp>5441.473645</timestamp>
			</report>
			<report>
				<misses>14335001</misses>
				<total>23</total>
				<timestamp>5441.853258</timestamp>
			</report>
			<report>
				<misses>14336001</misses>
				<total>23</total>
				<timestamp>5442.232920</timestamp>
			</report>
			<report>
				<misses>14337001</misses>
				<total>23</total>
				<timestamp>5442.612507</timestamp>
			</report>
			<report>
				<misses>14338001</misses>
				<total>23</total>
				<timestamp>5442.992123</timestamp>
			</report>
			<report>
				<misses>14339001</misses>
				<total>23</total>
				<timestamp>5443.371760</timestamp>
			</report>
			<report>
				<misses>14340001</misses>
				<total>23</total>
				<timestamp>5443.751404</timestamp>
			</report>
			<report>
				<misses>14341001</misses>
				<total>23</total>
				<timestamp>5444.131009</timestamp>
			</report>
			<report>
				<misses>14342001</misses>
				<total>23</total>
				<timestamp>5444.510645</timestamp>
			</report>
			<report>
				<misses>14343001</misses>
				<total>23</total>
				<timestamp>5444.890254</timestamp>
			</report>
			<report>
				<misses>14344001</misses>
				<total>23</total>
				<timestamp>5445.269854</timestamp>
			</report>
			<report>
				<misses>14345001</misses>
				<total>23</total>
				<timestamp>5445.649457</timestamp>
			</report>
			<report>
				<misses>14346001</misses>
				<total>23</total>
				<timestamp>5446.029101</timestamp>
			</report>
			<report>
				<misses>14347001</misses>
				<total>23</total>
				<timestamp>5446.408702</timestamp>
			</report>
			<report>
				<misses>14348001</misses>
				<total>23</total>
				<timestamp>5446.788324</timestamp>
			</report>
			<report>
				<misses>14349001</misses>
				<total>23</total>
				<timestamp>5447.167988</timestamp>
			</report>
			<report>
				<misses>14350001</misses>
				<total>23</total>
				<timestamp>5447.547564</timestamp>
			</report>
			<report>
				<misses>14351001</misses>
				<total>23</total>
				<timestamp>5447.927198</timestamp>
			</report>
			<report>
				<misses>14352001</misses>
				<total>23</total>
				<timestamp>5448.306864</timestamp>
			</report>
			<report>
				<misses>14353001</misses>
				<total>23</total>
				<timestamp>5448.686433</timestamp>
			</report>
			<report>
				<misses>14354001</misses>
				<total>23</total>
				<timestamp>5449.066052</timestamp>
			</report>
			<report>
				<misses>14355001</misses>
				<total>23</total>
				<timestamp>5449.445663</timestamp>
			</report>
			<report>
				<misses>14356001</misses>
				<total>23</total>
				<timestamp>5449.825304</timestamp>
			</report>
			<report>
				<misses>14357001</misses>
				<total>23</total>
				<timestamp>5450.204947</timestamp>
			</report>
			<report>
				<misses>14358001</misses>
				<total>23</total>
				<timestamp>5450.584531</timestamp>
			</report>
			<report>
				<misses>14359001</misses>
				<total>23</total>
				<timestamp>5450.964160</timestamp>
			</report>
			<report>
				<misses>14360001</misses>
				<total>23</total>
				<timestamp>5451.343812</timestamp>
			</report>
			<report>
				<misses>14361001</misses>
				<total>23</total>
				<timestamp>5451.723418</timestamp>
			</report>
			<report>
				<misses>14362001</misses>
				<total>23</total>
				<timestamp>5452.103018</timestamp>
			</report>
			<report>
				<misses>14363001</misses>
				<total>23</total>
				<timestamp>5452.482623</timestamp>
			</report>
			<report>
				<misses>14364001</misses>
				<total>23</total>
				<timestamp>5452.862279</timestamp>
			</report>
			<report>
				<misses>14365001</misses>
				<total>23</total>
				<timestamp>5453.241902</timestamp>
			</report>
			<report>
				<misses>14366001</misses>
				<total>23</total>
				<timestamp>5453.621493</timestamp>
			</report>
			<report>
				<misses>14367001</misses>
				<total>23</total>
				<timestamp>5454.001110</timestamp>
			</report>
			<report>
				<misses>14368001</misses>
				<total>23</total>
				<timestamp>5454.380721</timestamp>
			</report>
			<report>
				<misses>14369001</misses>
				<total>23</total>
				<timestamp>5454.760344</timestamp>
			</report>
			<report>
				<misses>14370001</misses>
				<total>23</total>
				<timestamp>5455.139979</timestamp>
			</report>
			<report>
				<misses>14371001</misses>
				<total>23</total>
				<timestamp>5455.519595</timestamp>
			</report>
			<report>
				<misses>14372001</misses>
				<total>23</total>
				<timestamp>5455.899222</timestamp>
			</report>
			<report>
				<misses>14373001</misses>
				<total>23</total>
				<timestamp>5456.278828</timestamp>
			</report>
			<report>
				<misses>14374001</misses>
				<total>23</total>
				<timestamp>5456.658441</timestamp>
			</report>
			<report>
				<misses>14375001</misses>
				<total>23</total>
				<timestamp>5457.038105</timestamp>
			</report>
			<report>
				<misses>14376001</misses>
				<total>23</total>
				<timestamp>5457.417709</timestamp>
			</report>
			<report>
				<misses>14377001</misses>
				<total>23</total>
				<timestamp>5457.797345</timestamp>
			</report>
			<report>
				<misses>14378001</misses>
				<total>23</total>
				<timestamp>5458.176949</timestamp>
			</report>
			<report>
				<misses>14379001</misses>
				<total>23</total>
				<timestamp>5458.556549</timestamp>
			</report>
			<report>
				<misses>14380001</misses>
				<total>23</total>
				<timestamp>5458.936159</timestamp>
			</report>
			<report>
				<misses>14381001</misses>
				<total>23</total>
				<timestamp>5459.315831</timestamp>
			</report>
			<report>
				<misses>14382001</misses>
				<total>23</total>
				<timestamp>5459.695427</timestamp>
			</report>
			<report>
				<misses>14383001</misses>
				<total>23</total>
				<timestamp>5460.075024</timestamp>
			</report>
			<report>
				<misses>14384001</misses>
				<total>23</total>
				<timestamp>5460.454697</timestamp>
			</report>
			<report>
				<misses>14385001</misses>
				<total>23</total>
				<timestamp>5460.834283</timestamp>
			</report>
			<report>
				<misses>14386001</misses>
				<total>23</total>
				<timestamp>5461.213924</timestamp>
			</report>
			<report>
				<misses>14387001</misses>
				<total>23</total>
				<timestamp>5461.593498</timestamp>
			</report>
			<report>
				<misses>14388001</misses>
				<total>23</total>
				<timestamp>5461.973126</timestamp>
			</report>
			<report>
				<misses>14389001</misses>
				<total>23</total>
				<timestamp>5462.352777</timestamp>
			</report>
			<report>
				<misses>14390001</misses>
				<total>23</total>
				<timestamp>5462.732364</timestamp>
			</report>
			<report>
				<misses>14391001</misses>
				<total>23</total>
				<timestamp>5463.111991</timestamp>
			</report>
			<report>
				<misses>14392001</misses>
				<total>23</total>
				<timestamp>5463.491598</timestamp>
			</report>
			<report>
				<misses>14393001</misses>
				<total>23</total>
				<timestamp>5463.871228</timestamp>
			</report>
			<report>
				<misses>14394001</misses>
				<total>23</total>
				<timestamp>5464.250865</timestamp>
			</report>
			<report>
				<misses>14395001</misses>
				<total>23</total>
				<timestamp>5464.630450</timestamp>
			</report>
			<report>
				<misses>14396001</misses>
				<total>23</total>
				<timestamp>5465.010082</timestamp>
			</report>
			<report>
				<misses>14397001</misses>
				<total>23</total>
				<timestamp>5465.389722</timestamp>
			</report>
			<report>
				<misses>14398001</misses>
				<total>23</total>
				<timestamp>5465.769332</timestamp>
			</report>
			<report>
				<misses>14399001</misses>
				<total>23</total>
				<timestamp>5466.148964</timestamp>
			</report>
			<report>
				<misses>14400001</misses>
				<total>23</total>
				<timestamp>5466.528571</timestamp>
			</report>
			<report>
				<misses>14401001</misses>
				<total>23</total>
				<timestamp>5466.908177</timestamp>
			</report>
			<report>
				<misses>14402001</misses>
				<total>23</total>
				<timestamp>5467.287798</timestamp>
			</report>
			<report>
				<misses>14403001</misses>
				<total>23</total>
				<timestamp>5467.667455</timestamp>
			</report>
			<report>
				<misses>14404001</misses>
				<total>23</total>
				<timestamp>5468.047047</timestamp>
			</report>
			<report>
				<misses>14405001</misses>
				<total>23</total>
				<timestamp>5468.426697</timestamp>
			</report>
			<report>
				<misses>14406001</misses>
				<total>23</total>
				<timestamp>5468.806308</timestamp>
			</report>
			<report>
				<misses>14407001</misses>
				<total>23</total>
				<timestamp>5469.185926</timestamp>
			</report>
			<report>
				<misses>14408001</misses>
				<total>23</total>
				<timestamp>5469.565528</timestamp>
			</report>
			<report>
				<misses>14409001</misses>
				<total>23</total>
				<timestamp>5469.945133</timestamp>
			</report>
			<report>
				<misses>14410001</misses>
				<total>23</total>
				<timestamp>5470.324819</timestamp>
			</report>
			<report>
				<misses>14411001</misses>
				<total>23</total>
				<timestamp>5470.704422</timestamp>
			</report>
			<report>
				<misses>14412001</misses>
				<total>23</total>
				<timestamp>5471.084003</timestamp>
			</report>
			<report>
				<misses>14413001</misses>
				<total>23</total>
				<timestamp>5471.463630</timestamp>
			</report>
			<report>
				<misses>14414001</misses>
				<total>23</total>
				<timestamp>5471.843272</timestamp>
			</report>
			<report>
				<misses>14415001</misses>
				<total>23</total>
				<timestamp>5472.222898</timestamp>
			</report>
			<report>
				<misses>14416001</misses>
				<total>23</total>
				<timestamp>5472.602497</timestamp>
			</report>
			<report>
				<misses>14417001</misses>
				<total>23</total>
				<timestamp>5472.982100</timestamp>
			</report>
			<report>
				<misses>14418001</misses>
				<total>23</total>
				<timestamp>5473.361749</timestamp>
			</report>
			<report>
				<misses>14419001</misses>
				<total>23</total>
				<timestamp>5473.741343</timestamp>
			</report>
			<report>
				<misses>14420001</misses>
				<total>23</total>
				<timestamp>5474.120965</timestamp>
			</report>
			<report>
				<misses>14421001</misses>
				<total>23</total>
				<timestamp>5474.500666</timestamp>
			</report>
			<report>
				<misses>14422001</misses>
				<total>23</total>
				<timestamp>5474.880195</timestamp>
			</report>
			<report>
				<misses>14423001</misses>
				<total>23</total>
				<timestamp>5475.259829</timestamp>
			</report>
			<report>
				<misses>14424001</misses>
				<total>23</total>
				<timestamp>5475.639437</timestamp>
			</report>
			<report>
				<misses>14425001</misses>
				<total>23</total>
				<timestamp>5476.019067</timestamp>
			</report>
			<report>
				<misses>14426001</misses>
				<total>23</total>
				<timestamp>5476.398730</timestamp>
			</report>
			<report>
				<misses>14427001</misses>
				<total>23</total>
				<timestamp>5476.778323</timestamp>
			</report>
			<report>
				<misses>14428001</misses>
				<total>23</total>
				<timestamp>5477.157938</timestamp>
			</report>
			<report>
				<misses>14429001</misses>
				<total>23</total>
				<timestamp>5477.537557</timestamp>
			</report>
			<report>
				<misses>14430001</misses>
				<total>23</total>
				<timestamp>5477.917187</timestamp>
			</report>
			<report>
				<misses>14431001</misses>
				<total>23</total>
				<timestamp>5478.296811</timestamp>
			</report>
			<report>
				<misses>14432001</misses>
				<total>23</total>
				<timestamp>5478.676408</timestamp>
			</report>
			<report>
				<misses>14433001</misses>
				<total>23</total>
				<timestamp>5479.056030</timestamp>
			</report>
			<report>
				<misses>14434001</misses>
				<total>23</total>
				<timestamp>5479.435663</timestamp>
			</report>
			<report>
				<misses>14435001</misses>
				<total>23</total>
				<timestamp>5479.815251</timestamp>
			</report>
			<report>
				<misses>14436001</misses>
				<total>23</total>
				<timestamp>5480.194886</timestamp>
			</report>
			<report>
				<misses>14437001</misses>
				<total>23</total>
				<timestamp>5480.574495</timestamp>
			</report>
			<report>
				<misses>14438001</misses>
				<total>23</total>
				<timestamp>5480.954123</timestamp>
			</report>
			<report>
				<misses>14439001</misses>
				<total>23</total>
				<timestamp>5481.333771</timestamp>
			</report>
			<report>
				<misses>14440001</misses>
				<total>23</total>
				<timestamp>5481.713365</timestamp>
			</report>
			<report>
				<misses>14441001</misses>
				<total>23</total>
				<timestamp>5482.092981</timestamp>
			</report>
			<report>
				<misses>14442001</misses>
				<total>23</total>
				<timestamp>5482.472694</timestamp>
			</report>
			<report>
				<misses>14443001</misses>
				<total>23</total>
				<timestamp>5482.852254</timestamp>
			</report>
			<report>
				<misses>14444001</misses>
				<total>23</total>
				<timestamp>5483.231846</timestamp>
			</report>
			<report>
				<misses>14445001</misses>
				<total>23</total>
				<timestamp>5483.611511</timestamp>
			</report>
			<report>
				<misses>14446001</misses>
				<total>23</total>
				<timestamp>5483.991088</timestamp>
			</report>
			<report>
				<misses>14447001</misses>
				<total>23</total>
				<timestamp>5484.370748</timestamp>
			</report>
			<report>
				<misses>14448001</misses>
				<total>23</total>
				<timestamp>5484.750375</timestamp>
			</report>
			<report>
				<misses>14449001</misses>
				<total>23</total>
				<timestamp>5485.129950</timestamp>
			</report>
			<report>
				<misses>14450001</misses>
				<total>23</total>
				<timestamp>5485.509595</timestamp>
			</report>
			<report>
				<misses>14451001</misses>
				<total>23</total>
				<timestamp>5485.889205</timestamp>
			</report>
			<report>
				<misses>14452001</misses>
				<total>23</total>
				<timestamp>5486.268807</timestamp>
			</report>
			<report>
				<misses>14453001</misses>
				<total>23</total>
				<timestamp>5486.648430</timestamp>
			</report>
			<report>
				<misses>14454001</misses>
				<total>23</total>
				<timestamp>5487.028042</timestamp>
			</report>
			<report>
				<misses>14455001</misses>
				<total>23</total>
				<timestamp>5487.407667</timestamp>
			</report>
			<report>
				<misses>14456001</misses>
				<total>23</total>
				<timestamp>5487.787318</timestamp>
			</report>
			<report>
				<misses>14457001</misses>
				<total>23</total>
				<timestamp>5488.166901</timestamp>
			</report>
			<report>
				<misses>14458001</misses>
				<total>23</total>
				<timestamp>5488.546547</timestamp>
			</report>
			<report>
				<misses>14459001</misses>
				<total>23</total>
				<timestamp>5488.926129</timestamp>
			</report>
			<report>
				<misses>14460001</misses>
				<total>23</total>
				<timestamp>5489.305765</timestamp>
			</report>
			<report>
				<misses>14461001</misses>
				<total>23</total>
				<timestamp>5489.685380</timestamp>
			</report>
			<report>
				<misses>14462001</misses>
				<total>23</total>
				<timestamp>5490.065007</timestamp>
			</report>
			<report>
				<misses>14463001</misses>
				<total>23</total>
				<timestamp>5490.444651</timestamp>
			</report>
			<report>
				<misses>14464001</misses>
				<total>23</total>
				<timestamp>5490.824254</timestamp>
			</report>
			<report>
				<misses>14465001</misses>
				<total>23</total>
				<timestamp>5491.203868</timestamp>
			</report>
			<report>
				<misses>14466001</misses>
				<total>23</total>
				<timestamp>5491.583487</timestamp>
			</report>
			<report>
				<misses>14467001</misses>
				<total>23</total>
				<timestamp>5491.963098</timestamp>
			</report>
			<report>
				<misses>14468001</misses>
				<total>23</total>
				<timestamp>5492.342771</timestamp>
			</report>
			<report>
				<misses>14469001</misses>
				<total>23</total>
				<timestamp>5492.722366</timestamp>
			</report>
			<report>
				<misses>14470001</misses>
				<total>23</total>
				<timestamp>5493.101988</timestamp>
			</report>
			<report>
				<misses>14471001</misses>
				<total>23</total>
				<timestamp>5493.481628</timestamp>
			</report>
			<report>
				<misses>14472001</misses>
				<total>23</total>
				<timestamp>5493.861215</timestamp>
			</report>
			<report>
				<misses>14473001</misses>
				<total>23</total>
				<timestamp>5494.240843</timestamp>
			</report>
			<report>
				<misses>14474001</misses>
				<total>23</total>
				<timestamp>5494.620430</timestamp>
			</report>
			<report>
				<misses>14475001</misses>
				<total>23</total>
				<timestamp>5495.000066</timestamp>
			</report>
			<report>
				<misses>14476001</misses>
				<total>23</total>
				<timestamp>5495.379697</timestamp>
			</report>
			<report>
				<misses>14477001</misses>
				<total>23</total>
				<timestamp>5495.759333</timestamp>
			</report>
			<report>
				<misses>14478001</misses>
				<total>23</total>
				<timestamp>5496.138993</timestamp>
			</report>
			<report>
				<misses>14479001</misses>
				<total>23</total>
				<timestamp>5496.518548</timestamp>
			</report>
			<report>
				<misses>14480001</misses>
				<total>23</total>
				<timestamp>5496.898206</timestamp>
			</report>
			<report>
				<misses>14481001</misses>
				<total>23</total>
				<timestamp>5497.277783</timestamp>
			</report>
			<report>
				<misses>14482001</misses>
				<total>23</total>
				<timestamp>5497.657403</timestamp>
			</report>
			<report>
				<misses>14483001</misses>
				<total>23</total>
				<timestamp>5498.037031</timestamp>
			</report>
			<report>
				<misses>14484001</misses>
				<total>23</total>
				<timestamp>5498.416671</timestamp>
			</report>
			<report>
				<misses>14485001</misses>
				<total>23</total>
				<timestamp>5498.796257</timestamp>
			</report>
			<report>
				<misses>14486001</misses>
				<total>23</total>
				<timestamp>5499.175899</timestamp>
			</report>
			<report>
				<misses>14487001</misses>
				<total>23</total>
				<timestamp>5499.555573</timestamp>
			</report>
			<report>
				<misses>14488001</misses>
				<total>23</total>
				<timestamp>5499.935137</timestamp>
			</report>
			<report>
				<misses>14489001</misses>
				<total>23</total>
				<timestamp>5500.314733</timestamp>
			</report>
			<report>
				<misses>14490001</misses>
				<total>23</total>
				<timestamp>5500.694389</timestamp>
			</report>
			<report>
				<misses>14491001</misses>
				<total>23</total>
				<timestamp>5501.073982</timestamp>
			</report>
			<report>
				<misses>14492001</misses>
				<total>23</total>
				<timestamp>5501.453620</timestamp>
			</report>
			<report>
				<misses>14493001</misses>
				<total>23</total>
				<timestamp>5501.833220</timestamp>
			</report>
			<report>
				<misses>14494001</misses>
				<total>23</total>
				<timestamp>5502.212886</timestamp>
			</report>
			<report>
				<misses>14495001</misses>
				<total>23</total>
				<timestamp>5502.592544</timestamp>
			</report>
			<report>
				<misses>14496001</misses>
				<total>23</total>
				<timestamp>5502.972095</timestamp>
			</report>
			<report>
				<misses>14497001</misses>
				<total>23</total>
				<timestamp>5503.351720</timestamp>
			</report>
			<report>
				<misses>14498001</misses>
				<total>23</total>
				<timestamp>5503.731317</timestamp>
			</report>
			<report>
				<misses>14499001</misses>
				<total>23</total>
				<timestamp>5504.110939</timestamp>
			</report>
			<report>
				<misses>14500001</misses>
				<total>23</total>
				<timestamp>5504.490572</timestamp>
			</report>
			<report>
				<misses>14501001</misses>
				<total>23</total>
				<timestamp>5504.870220</timestamp>
			</report>
			<report>
				<misses>14502001</misses>
				<total>23</total>
				<timestamp>5505.249801</timestamp>
			</report>
			<report>
				<misses>14503001</misses>
				<total>23</total>
				<timestamp>5505.629459</timestamp>
			</report>
			<report>
				<misses>14504001</misses>
				<total>23</total>
				<timestamp>5506.009081</timestamp>
			</report>
			<report>
				<misses>14505001</misses>
				<total>23</total>
				<timestamp>5506.388695</timestamp>
			</report>
			<report>
				<misses>14506001</misses>
				<total>23</total>
				<timestamp>5506.768310</timestamp>
			</report>
			<report>
				<misses>14507001</misses>
				<total>23</total>
				<timestamp>5507.147914</timestamp>
			</report>
			<report>
				<misses>14508001</misses>
				<total>23</total>
				<timestamp>5507.527543</timestamp>
			</report>
			<report>
				<misses>14509001</misses>
				<total>23</total>
				<timestamp>5507.907146</timestamp>
			</report>
			<report>
				<misses>14510001</misses>
				<total>23</total>
				<timestamp>5508.286768</timestamp>
			</report>
			<report>
				<misses>14511001</misses>
				<total>23</total>
				<timestamp>5508.666418</timestamp>
			</report>
			<report>
				<misses>14512001</misses>
				<total>23</total>
				<timestamp>5509.046003</timestamp>
			</report>
			<report>
				<misses>14513001</misses>
				<total>23</total>
				<timestamp>5509.425681</timestamp>
			</report>
			<report>
				<misses>14514001</misses>
				<total>23</total>
				<timestamp>5509.805266</timestamp>
			</report>
			<report>
				<misses>14515001</misses>
				<total>23</total>
				<timestamp>5510.184871</timestamp>
			</report>
			<report>
				<misses>14516001</misses>
				<total>23</total>
				<timestamp>5510.564516</timestamp>
			</report>
			<report>
				<misses>14517001</misses>
				<total>23</total>
				<timestamp>5510.944135</timestamp>
			</report>
			<report>
				<misses>14518001</misses>
				<total>23</total>
				<timestamp>5511.323716</timestamp>
			</report>
			<report>
				<misses>14519001</misses>
				<total>23</total>
				<timestamp>5511.703364</timestamp>
			</report>
			<report>
				<misses>14520001</misses>
				<total>23</total>
				<timestamp>5512.082962</timestamp>
			</report>
			<report>
				<misses>14521001</misses>
				<total>23</total>
				<timestamp>5512.462650</timestamp>
			</report>
			<report>
				<misses>14522001</misses>
				<total>23</total>
				<timestamp>5512.842249</timestamp>
			</report>
			<report>
				<misses>14523001</misses>
				<total>23</total>
				<timestamp>5513.221837</timestamp>
			</report>
			<report>
				<misses>14524001</misses>
				<total>23</total>
				<timestamp>5513.601468</timestamp>
			</report>
			<report>
				<misses>14525001</misses>
				<total>23</total>
				<timestamp>5513.981077</timestamp>
			</report>
			<report>
				<misses>14526001</misses>
				<total>23</total>
				<timestamp>5514.360691</timestamp>
			</report>
			<report>
				<misses>14527001</misses>
				<total>23</total>
				<timestamp>5514.740306</timestamp>
			</report>
			<report>
				<misses>14528001</misses>
				<total>24</total>
				<timestamp>5515.119921</timestamp>
			</report>
			<report>
				<misses>14529001</misses>
				<total>24</total>
				<timestamp>5515.499581</timestamp>
			</report>
			<report>
				<misses>14530001</misses>
				<total>24</total>
				<timestamp>5515.879176</timestamp>
			</report>
			<report>
				<misses>14531001</misses>
				<total>24</total>
				<timestamp>5516.258797</timestamp>
			</report>
			<report>
				<misses>14532001</misses>
				<total>24</total>
				<timestamp>5516.638405</timestamp>
			</report>
			<report>
				<misses>14533001</misses>
				<total>24</total>
				<timestamp>5517.018056</timestamp>
			</report>
			<report>
				<misses>14534001</misses>
				<total>24</total>
				<timestamp>5517.397657</timestamp>
			</report>
			<report>
				<misses>14535001</misses>
				<total>24</total>
				<timestamp>5517.777258</timestamp>
			</report>
			<report>
				<misses>14536001</misses>
				<total>24</total>
				<timestamp>5518.156873</timestamp>
			</report>
			<report>
				<misses>14537001</misses>
				<total>24</total>
				<timestamp>5518.536519</timestamp>
			</report>
			<report>
				<misses>14538001</misses>
				<total>24</total>
				<timestamp>5518.916143</timestamp>
			</report>
			<report>
				<misses>14539001</misses>
				<total>24</total>
				<timestamp>5519.295745</timestamp>
			</report>
			<report>
				<misses>14540001</misses>
				<total>24</total>
				<timestamp>5519.675399</timestamp>
			</report>
			<report>
				<misses>14541001</misses>
				<total>24</total>
				<timestamp>5520.055005</timestamp>
			</report>
			<report>
				<misses>14542001</misses>
				<total>24</total>
				<timestamp>5520.434614</timestamp>
			</report>
			<report>
				<misses>14543001</misses>
				<total>24</total>
				<timestamp>5520.814254</timestamp>
			</report>
			<report>
				<misses>14544001</misses>
				<total>24</total>
				<timestamp>5521.193844</timestamp>
			</report>
			<report>
				<misses>14545001</misses>
				<total>24</total>
				<timestamp>5521.573555</timestamp>
			</report>
			<report>
				<misses>14546001</misses>
				<total>24</total>
				<timestamp>5521.953081</timestamp>
			</report>
			<report>
				<misses>14547001</misses>
				<total>24</total>
				<timestamp>5522.332726</timestamp>
			</report>
			<report>
				<misses>14548001</misses>
				<total>24</total>
				<timestamp>5522.712383</timestamp>
			</report>
			<report>
				<misses>14549001</misses>
				<total>24</total>
				<timestamp>5523.091983</timestamp>
			</report>
			<report>
				<misses>14550001</misses>
				<total>24</total>
				<timestamp>5523.471562</timestamp>
			</report>
			<report>
				<misses>14551001</misses>
				<total>24</total>
				<timestamp>5523.851232</timestamp>
			</report>
			<report>
				<misses>14552001</misses>
				<total>24</total>
				<timestamp>5524.230811</timestamp>
			</report>
			<report>
				<misses>14553001</misses>
				<total>24</total>
				<timestamp>5524.610434</timestamp>
			</report>
			<report>
				<misses>14554001</misses>
				<total>24</total>
				<timestamp>5524.990065</timestamp>
			</report>
			<report>
				<misses>14555001</misses>
				<total>24</total>
				<timestamp>5525.369714</timestamp>
			</report>
			<report>
				<misses>14556001</misses>
				<total>24</total>
				<timestamp>5525.749323</timestamp>
			</report>
			<report>
				<misses>14557001</misses>
				<total>24</total>
				<timestamp>5526.128897</timestamp>
			</report>
			<report>
				<misses>14558001</misses>
				<total>24</total>
				<timestamp>5526.508547</timestamp>
			</report>
			<report>
				<misses>14559001</misses>
				<total>24</total>
				<timestamp>5526.888173</timestamp>
			</report>
			<report>
				<misses>14560001</misses>
				<total>24</total>
				<timestamp>5527.267783</timestamp>
			</report>
			<report>
				<misses>14561001</misses>
				<total>24</total>
				<timestamp>5527.647410</timestamp>
			</report>
			<report>
				<misses>14562001</misses>
				<total>24</total>
				<timestamp>5528.027136</timestamp>
			</report>
			<report>
				<misses>14563001</misses>
				<total>24</total>
				<timestamp>5528.406632</timestamp>
			</report>
			<report>
				<misses>14564001</misses>
				<total>24</total>
				<timestamp>5528.786275</timestamp>
			</report>
			<report>
				<misses>14565001</misses>
				<total>24</total>
				<timestamp>5529.165857</timestamp>
			</report>
			<report>
				<misses>14566001</misses>
				<total>24</total>
				<timestamp>5529.545525</timestamp>
			</report>
			<report>
				<misses>14567001</misses>
				<total>24</total>
				<timestamp>5529.925118</timestamp>
			</report>
			<report>
				<misses>14568001</misses>
				<total>24</total>
				<timestamp>5530.304723</timestamp>
			</report>
			<report>
				<misses>14569001</misses>
				<total>24</total>
				<timestamp>5530.684384</timestamp>
			</report>
			<report>
				<misses>14570001</misses>
				<total>24</total>
				<timestamp>5531.063990</timestamp>
			</report>
			<report>
				<misses>14571001</misses>
				<total>24</total>
				<timestamp>5531.443593</timestamp>
			</report>
			<report>
				<misses>14572001</misses>
				<total>24</total>
				<timestamp>5531.823206</timestamp>
			</report>
			<report>
				<misses>14573001</misses>
				<total>24</total>
				<timestamp>5532.202833</timestamp>
			</report>
			<report>
				<misses>14574001</misses>
				<total>24</total>
				<timestamp>5532.582492</timestamp>
			</report>
			<report>
				<misses>14575001</misses>
				<total>24</total>
				<timestamp>5532.962049</timestamp>
			</report>
			<report>
				<misses>14576001</misses>
				<total>24</total>
				<timestamp>5533.341688</timestamp>
			</report>
			<report>
				<misses>14577001</misses>
				<total>24</total>
				<timestamp>5533.721315</timestamp>
			</report>
			<report>
				<misses>14578001</misses>
				<total>24</total>
				<timestamp>5534.100940</timestamp>
			</report>
			<report>
				<misses>14579001</misses>
				<total>24</total>
				<timestamp>5534.480596</timestamp>
			</report>
			<report>
				<misses>14580001</misses>
				<total>24</total>
				<timestamp>5534.860155</timestamp>
			</report>
			<report>
				<misses>14581001</misses>
				<total>24</total>
				<timestamp>5535.239779</timestamp>
			</report>
			<report>
				<misses>14582001</misses>
				<total>24</total>
				<timestamp>5535.619458</timestamp>
			</report>
			<report>
				<misses>14583001</misses>
				<total>24</total>
				<timestamp>5535.999027</timestamp>
			</report>
			<report>
				<misses>14584001</misses>
				<total>24</total>
				<timestamp>5536.378646</timestamp>
			</report>
			<report>
				<misses>14585001</misses>
				<total>24</total>
				<timestamp>5536.758278</timestamp>
			</report>
			<report>
				<misses>14586001</misses>
				<total>24</total>
				<timestamp>5537.137880</timestamp>
			</report>
			<report>
				<misses>14587001</misses>
				<total>24</total>
				<timestamp>5537.517526</timestamp>
			</report>
			<report>
				<misses>14588001</misses>
				<total>24</total>
				<timestamp>5537.897117</timestamp>
			</report>
			<report>
				<misses>14589001</misses>
				<total>24</total>
				<timestamp>5538.276737</timestamp>
			</report>
			<report>
				<misses>14590001</misses>
				<total>24</total>
				<timestamp>5538.656395</timestamp>
			</report>
			<report>
				<misses>14591001</misses>
				<total>24</total>
				<timestamp>5539.036028</timestamp>
			</report>
			<report>
				<misses>14592001</misses>
				<total>24</total>
				<timestamp>5539.415592</timestamp>
			</report>
			<report>
				<misses>14593001</misses>
				<total>24</total>
				<timestamp>5539.795257</timestamp>
			</report>
			<report>
				<misses>14594001</misses>
				<total>24</total>
				<timestamp>5540.174828</timestamp>
			</report>
			<report>
				<misses>14595001</misses>
				<total>24</total>
				<timestamp>5540.554485</timestamp>
			</report>
			<report>
				<misses>14596001</misses>
				<total>24</total>
				<timestamp>5540.934078</timestamp>
			</report>
			<report>
				<misses>14597001</misses>
				<total>24</total>
				<timestamp>5541.313689</timestamp>
			</report>
			<report>
				<misses>14598001</misses>
				<total>24</total>
				<timestamp>5541.693363</timestamp>
			</report>
			<report>
				<misses>14599001</misses>
				<total>24</total>
				<timestamp>5542.072972</timestamp>
			</report>
			<report>
				<misses>14600001</misses>
				<total>24</total>
				<timestamp>5542.452578</timestamp>
			</report>
			<report>
				<misses>14601001</misses>
				<total>24</total>
				<timestamp>5542.832194</timestamp>
			</report>
			<report>
				<misses>14602001</misses>
				<total>24</total>
				<timestamp>5543.211816</timestamp>
			</report>
			<report>
				<misses>14603001</misses>
				<total>24</total>
				<timestamp>5543.591435</timestamp>
			</report>
			<report>
				<misses>14604001</misses>
				<total>24</total>
				<timestamp>5543.971053</timestamp>
			</report>
			<report>
				<misses>14605001</misses>
				<total>24</total>
				<timestamp>5544.350673</timestamp>
			</report>
			<report>
				<misses>14606001</misses>
				<total>24</total>
				<timestamp>5544.730292</timestamp>
			</report>
			<report>
				<misses>14607001</misses>
				<total>24</total>
				<timestamp>5545.109926</timestamp>
			</report>
			<report>
				<misses>14608001</misses>
				<total>24</total>
				<timestamp>5545.489513</timestamp>
			</report>
			<report>
				<misses>14609001</misses>
				<total>24</total>
				<timestamp>5545.869202</timestamp>
			</report>
			<report>
				<misses>14610001</misses>
				<total>24</total>
				<timestamp>5546.248758</timestamp>
			</report>
			<report>
				<misses>14611001</misses>
				<total>24</total>
				<timestamp>5546.628416</timestamp>
			</report>
			<report>
				<misses>14612001</misses>
				<total>24</total>
				<timestamp>5547.007997</timestamp>
			</report>
			<report>
				<misses>14613001</misses>
				<total>24</total>
				<timestamp>5547.387625</timestamp>
			</report>
			<report>
				<misses>14614001</misses>
				<total>24</total>
				<timestamp>5547.767257</timestamp>
			</report>
			<report>
				<misses>14615001</misses>
				<total>24</total>
				<timestamp>5548.146872</timestamp>
			</report>
			<report>
				<misses>14616001</misses>
				<total>24</total>
				<timestamp>5548.526502</timestamp>
			</report>
			<report>
				<misses>14617001</misses>
				<total>24</total>
				<timestamp>5548.906102</timestamp>
			</report>
			<report>
				<misses>14618001</misses>
				<total>24</total>
				<timestamp>5549.285726</timestamp>
			</report>
			<report>
				<misses>14619001</misses>
				<total>24</total>
				<timestamp>5549.665407</timestamp>
			</report>
			<report>
				<misses>14620001</misses>
				<total>24</total>
				<timestamp>5550.044962</timestamp>
			</report>
			<report>
				<misses>14621001</misses>
				<total>24</total>
				<timestamp>5550.424583</timestamp>
			</report>
			<report>
				<misses>14622001</misses>
				<total>24</total>
				<timestamp>5550.804232</timestamp>
			</report>
			<report>
				<misses>14623001</misses>
				<total>24</total>
				<timestamp>5551.183831</timestamp>
			</report>
			<report>
				<misses>14624001</misses>
				<total>24</total>
				<timestamp>5551.563433</timestamp>
			</report>
			<report>
				<misses>14625001</misses>
				<total>24</total>
				<timestamp>5551.943081</timestamp>
			</report>
			<report>
				<misses>14626001</misses>
				<total>24</total>
				<timestamp>5552.322679</timestamp>
			</report>
			<report>
				<misses>14627001</misses>
				<total>24</total>
				<timestamp>5552.702372</timestamp>
			</report>
			<report>
				<misses>14628001</misses>
				<total>24</total>
				<timestamp>5553.081939</timestamp>
			</report>
			<report>
				<misses>14629001</misses>
				<total>24</total>
				<timestamp>5553.461549</timestamp>
			</report>
			<report>
				<misses>14630001</misses>
				<total>24</total>
				<timestamp>5553.841231</timestamp>
			</report>
			<report>
				<misses>14631001</misses>
				<total>24</total>
				<timestamp>5554.220774</timestamp>
			</report>
			<report>
				<misses>14632001</misses>
				<total>24</total>
				<timestamp>5554.600488</timestamp>
			</report>
			<report>
				<misses>14633001</misses>
				<total>24</total>
				<timestamp>5554.980008</timestamp>
			</report>
			<report>
				<misses>14634001</misses>
				<total>24</total>
				<timestamp>5555.359647</timestamp>
			</report>
			<report>
				<misses>14635001</misses>
				<total>24</total>
				<timestamp>5555.739333</timestamp>
			</report>
			<report>
				<misses>14636001</misses>
				<total>24</total>
				<timestamp>5556.118920</timestamp>
			</report>
			<report>
				<misses>14637001</misses>
				<total>24</total>
				<timestamp>5556.498513</timestamp>
			</report>
			<report>
				<misses>14638001</misses>
				<total>24</total>
				<timestamp>5556.878197</timestamp>
			</report>
			<report>
				<misses>14639001</misses>
				<total>24</total>
				<timestamp>5557.257762</timestamp>
			</report>
			<report>
				<misses>14640001</misses>
				<total>24</total>
				<timestamp>5557.637375</timestamp>
			</report>
			<report>
				<misses>14641001</misses>
				<total>24</total>
				<timestamp>5558.016979</timestamp>
			</report>
			<report>
				<misses>14642001</misses>
				<total>24</total>
				<timestamp>5558.396596</timestamp>
			</report>
			<report>
				<misses>14643001</misses>
				<total>24</total>
				<timestamp>5558.776268</timestamp>
			</report>
			<report>
				<misses>14644001</misses>
				<total>24</total>
				<timestamp>5559.155913</timestamp>
			</report>
			<report>
				<misses>14645001</misses>
				<total>24</total>
				<timestamp>5559.535465</timestamp>
			</report>
			<report>
				<misses>14646001</misses>
				<total>24</total>
				<timestamp>5559.915120</timestamp>
			</report>
			<report>
				<misses>14647001</misses>
				<total>24</total>
				<timestamp>5560.294696</timestamp>
			</report>
			<report>
				<misses>14648001</misses>
				<total>24</total>
				<timestamp>5560.674319</timestamp>
			</report>
			<report>
				<misses>14649001</misses>
				<total>24</total>
				<timestamp>5561.053933</timestamp>
			</report>
			<report>
				<misses>14650001</misses>
				<total>24</total>
				<timestamp>5561.433557</timestamp>
			</report>
			<report>
				<misses>14651001</misses>
				<total>24</total>
				<timestamp>5561.813235</timestamp>
			</report>
			<report>
				<misses>14652001</misses>
				<total>24</total>
				<timestamp>5562.192795</timestamp>
			</report>
			<report>
				<misses>14653001</misses>
				<total>24</total>
				<timestamp>5562.572450</timestamp>
			</report>
			<report>
				<misses>14654001</misses>
				<total>24</total>
				<timestamp>5562.952090</timestamp>
			</report>
			<report>
				<misses>14655001</misses>
				<total>24</total>
				<timestamp>5563.331665</timestamp>
			</report>
			<report>
				<misses>14656001</misses>
				<total>24</total>
				<timestamp>5563.711312</timestamp>
			</report>
			<report>
				<misses>14657001</misses>
				<total>24</total>
				<timestamp>5564.090932</timestamp>
			</report>
			<report>
				<misses>14658001</misses>
				<total>24</total>
				<timestamp>5564.470518</timestamp>
			</report>
			<report>
				<misses>14659001</misses>
				<total>24</total>
				<timestamp>5564.850142</timestamp>
			</report>
			<report>
				<misses>14660001</misses>
				<total>24</total>
				<timestamp>5565.229753</timestamp>
			</report>
			<report>
				<misses>14661001</misses>
				<total>24</total>
				<timestamp>5565.609393</timestamp>
			</report>
			<report>
				<misses>14662001</misses>
				<total>24</total>
				<timestamp>5565.988994</timestamp>
			</report>
			<report>
				<misses>14663001</misses>
				<total>24</total>
				<timestamp>5566.368607</timestamp>
			</report>
			<report>
				<misses>14664001</misses>
				<total>24</total>
				<timestamp>5566.748240</timestamp>
			</report>
			<report>
				<misses>14665001</misses>
				<total>24</total>
				<timestamp>5567.127895</timestamp>
			</report>
			<report>
				<misses>14666001</misses>
				<total>24</total>
				<timestamp>5567.507489</timestamp>
			</report>
			<report>
				<misses>14667001</misses>
				<total>24</total>
				<timestamp>5567.887134</timestamp>
			</report>
			<report>
				<misses>14668001</misses>
				<total>24</total>
				<timestamp>5568.266712</timestamp>
			</report>
			<report>
				<misses>14669001</misses>
				<total>24</total>
				<timestamp>5568.646347</timestamp>
			</report>
			<report>
				<misses>14670001</misses>
				<total>24</total>
				<timestamp>5569.025968</timestamp>
			</report>
			<report>
				<misses>14671001</misses>
				<total>24</total>
				<timestamp>5569.405575</timestamp>
			</report>
			<report>
				<misses>14672001</misses>
				<total>24</total>
				<timestamp>5569.785251</timestamp>
			</report>
			<report>
				<misses>14673001</misses>
				<total>24</total>
				<timestamp>5570.164826</timestamp>
			</report>
			<report>
				<misses>14674001</misses>
				<total>24</total>
				<timestamp>5570.544447</timestamp>
			</report>
			<report>
				<misses>14675001</misses>
				<total>24</total>
				<timestamp>5570.924096</timestamp>
			</report>
			<report>
				<misses>14676001</misses>
				<total>24</total>
				<timestamp>5571.303674</timestamp>
			</report>
			<report>
				<misses>14677001</misses>
				<total>24</total>
				<timestamp>5571.683318</timestamp>
			</report>
			<report>
				<misses>14678001</misses>
				<total>24</total>
				<timestamp>5572.062930</timestamp>
			</report>
			<report>
				<misses>14679001</misses>
				<total>24</total>
				<timestamp>5572.442541</timestamp>
			</report>
			<report>
				<misses>14680001</misses>
				<total>24</total>
				<timestamp>5572.822220</timestamp>
			</report>
			<report>
				<misses>14681001</misses>
				<total>24</total>
				<timestamp>5573.201812</timestamp>
			</report>
			<report>
				<misses>14682001</misses>
				<total>24</total>
				<timestamp>5573.581442</timestamp>
			</report>
			<report>
				<misses>14683001</misses>
				<total>24</total>
				<timestamp>5573.961062</timestamp>
			</report>
			<report>
				<misses>14684001</misses>
				<total>24</total>
				<timestamp>5574.340667</timestamp>
			</report>
			<report>
				<misses>14685001</misses>
				<total>24</total>
				<timestamp>5574.720274</timestamp>
			</report>
			<report>
				<misses>14686001</misses>
				<total>24</total>
				<timestamp>5575.099916</timestamp>
			</report>
			<report>
				<misses>14687001</misses>
				<total>24</total>
				<timestamp>5575.479517</timestamp>
			</report>
			<report>
				<misses>14688001</misses>
				<total>24</total>
				<timestamp>5575.859164</timestamp>
			</report>
			<report>
				<misses>14689001</misses>
				<total>24</total>
				<timestamp>5576.238760</timestamp>
			</report>
			<report>
				<misses>14690001</misses>
				<total>24</total>
				<timestamp>5576.618384</timestamp>
			</report>
			<report>
				<misses>14691001</misses>
				<total>24</total>
				<timestamp>5576.998018</timestamp>
			</report>
			<report>
				<misses>14692001</misses>
				<total>24</total>
				<timestamp>5577.377619</timestamp>
			</report>
			<report>
				<misses>14693001</misses>
				<total>24</total>
				<timestamp>5577.757278</timestamp>
			</report>
			<report>
				<misses>14694001</misses>
				<total>24</total>
				<timestamp>5578.136850</timestamp>
			</report>
			<report>
				<misses>14695001</misses>
				<total>24</total>
				<timestamp>5578.516458</timestamp>
			</report>
			<report>
				<misses>14696001</misses>
				<total>24</total>
				<timestamp>5578.896104</timestamp>
			</report>
			<report>
				<misses>14697001</misses>
				<total>24</total>
				<timestamp>5579.275759</timestamp>
			</report>
			<report>
				<misses>14698001</misses>
				<total>24</total>
				<timestamp>5579.655318</timestamp>
			</report>
			<report>
				<misses>14699001</misses>
				<total>24</total>
				<timestamp>5580.034954</timestamp>
			</report>
			<report>
				<misses>14700001</misses>
				<total>24</total>
				<timestamp>5580.414561</timestamp>
			</report>
			<report>
				<misses>14701001</misses>
				<total>24</total>
				<timestamp>5580.794183</timestamp>
			</report>
			<report>
				<misses>14702001</misses>
				<total>24</total>
				<timestamp>5581.173813</timestamp>
			</report>
			<report>
				<misses>14703001</misses>
				<total>24</total>
				<timestamp>5581.553415</timestamp>
			</report>
			<report>
				<misses>14704001</misses>
				<total>24</total>
				<timestamp>5581.933057</timestamp>
			</report>
			<report>
				<misses>14705001</misses>
				<total>24</total>
				<timestamp>5582.312672</timestamp>
			</report>
			<report>
				<misses>14706001</misses>
				<total>24</total>
				<timestamp>5582.692316</timestamp>
			</report>
			<report>
				<misses>14707001</misses>
				<total>24</total>
				<timestamp>5583.071893</timestamp>
			</report>
			<report>
				<misses>14708001</misses>
				<total>24</total>
				<timestamp>5583.451537</timestamp>
			</report>
			<report>
				<misses>14709001</misses>
				<total>24</total>
				<timestamp>5583.831144</timestamp>
			</report>
			<report>
				<misses>14710001</misses>
				<total>24</total>
				<timestamp>5584.210798</timestamp>
			</report>
			<report>
				<misses>14711001</misses>
				<total>24</total>
				<timestamp>5584.590371</timestamp>
			</report>
			<report>
				<misses>14712001</misses>
				<total>24</total>
				<timestamp>5584.970068</timestamp>
			</report>
			<report>
				<misses>14713001</misses>
				<total>24</total>
				<timestamp>5585.349637</timestamp>
			</report>
			<report>
				<misses>14714001</misses>
				<total>24</total>
				<timestamp>5585.729241</timestamp>
			</report>
			<report>
				<misses>14715001</misses>
				<total>24</total>
				<timestamp>5586.108844</timestamp>
			</report>
			<report>
				<misses>14716001</misses>
				<total>24</total>
				<timestamp>5586.488521</timestamp>
			</report>
			<report>
				<misses>14717001</misses>
				<total>24</total>
				<timestamp>5586.868135</timestamp>
			</report>
			<report>
				<misses>14718001</misses>
				<total>24</total>
				<timestamp>5587.247722</timestamp>
			</report>
			<report>
				<misses>14719001</misses>
				<total>24</total>
				<timestamp>5587.627357</timestamp>
			</report>
			<report>
				<misses>14720001</misses>
				<total>24</total>
				<timestamp>5588.007029</timestamp>
			</report>
			<report>
				<misses>14721001</misses>
				<total>24</total>
				<timestamp>5588.386579</timestamp>
			</report>
			<report>
				<misses>14722001</misses>
				<total>24</total>
				<timestamp>5588.766224</timestamp>
			</report>
			<report>
				<misses>14723001</misses>
				<total>24</total>
				<timestamp>5589.145861</timestamp>
			</report>
			<report>
				<misses>14724001</misses>
				<total>24</total>
				<timestamp>5589.525446</timestamp>
			</report>
			<report>
				<misses>14725001</misses>
				<total>24</total>
				<timestamp>5589.905109</timestamp>
			</report>
			<report>
				<misses>14726001</misses>
				<total>24</total>
				<timestamp>5590.284704</timestamp>
			</report>
			<report>
				<misses>14727001</misses>
				<total>24</total>
				<timestamp>5590.664337</timestamp>
			</report>
			<report>
				<misses>14728001</misses>
				<total>24</total>
				<timestamp>5591.043942</timestamp>
			</report>
			<report>
				<misses>14729001</misses>
				<total>24</total>
				<timestamp>5591.423539</timestamp>
			</report>
			<report>
				<misses>14730001</misses>
				<total>24</total>
				<timestamp>5591.803162</timestamp>
			</report>
			<report>
				<misses>14731001</misses>
				<total>24</total>
				<timestamp>5592.182774</timestamp>
			</report>
			<report>
				<misses>14732001</misses>
				<total>24</total>
				<timestamp>5592.562389</timestamp>
			</report>
			<report>
				<misses>14733001</misses>
				<total>24</total>
				<timestamp>5592.942026</timestamp>
			</report>
			<report>
				<misses>14734001</misses>
				<total>24</total>
				<timestamp>5593.321641</timestamp>
			</report>
			<report>
				<misses>14735001</misses>
				<total>24</total>
				<timestamp>5593.701264</timestamp>
			</report>
			<report>
				<misses>14736001</misses>
				<total>24</total>
				<timestamp>5594.080918</timestamp>
			</report>
			<report>
				<misses>14737001</misses>
				<total>24</total>
				<timestamp>5594.460528</timestamp>
			</report>
			<report>
				<misses>14738001</misses>
				<total>24</total>
				<timestamp>5594.840180</timestamp>
			</report>
			<report>
				<misses>14739001</misses>
				<total>24</total>
				<timestamp>5595.219746</timestamp>
			</report>
			<report>
				<misses>14740001</misses>
				<total>24</total>
				<timestamp>5595.599375</timestamp>
			</report>
			<report>
				<misses>14741001</misses>
				<total>24</total>
				<timestamp>5595.978993</timestamp>
			</report>
			<report>
				<misses>14742001</misses>
				<total>24</total>
				<timestamp>5596.358602</timestamp>
			</report>
			<report>
				<misses>14743001</misses>
				<total>24</total>
				<timestamp>5596.738307</timestamp>
			</report>
			<report>
				<misses>14744001</misses>
				<total>24</total>
				<timestamp>5597.117900</timestamp>
			</report>
			<report>
				<misses>14745001</misses>
				<total>24</total>
				<timestamp>5597.497462</timestamp>
			</report>
			<report>
				<misses>14746001</misses>
				<total>24</total>
				<timestamp>5597.877110</timestamp>
			</report>
			<report>
				<misses>14747001</misses>
				<total>24</total>
				<timestamp>5598.256699</timestamp>
			</report>
			<report>
				<misses>14748001</misses>
				<total>24</total>
				<timestamp>5598.636325</timestamp>
			</report>
			<report>
				<misses>14749001</misses>
				<total>24</total>
				<timestamp>5599.015931</timestamp>
			</report>
			<report>
				<misses>14750001</misses>
				<total>24</total>
				<timestamp>5599.395572</timestamp>
			</report>
			<report>
				<misses>14751001</misses>
				<total>24</total>
				<timestamp>5599.775171</timestamp>
			</report>
			<report>
				<misses>14752001</misses>
				<total>24</total>
				<timestamp>5600.154813</timestamp>
			</report>
			<report>
				<misses>14753001</misses>
				<total>24</total>
				<timestamp>5600.534441</timestamp>
			</report>
			<report>
				<misses>14754001</misses>
				<total>24</total>
				<timestamp>5600.914092</timestamp>
			</report>
			<report>
				<misses>14755001</misses>
				<total>24</total>
				<timestamp>5601.293709</timestamp>
			</report>
			<report>
				<misses>14756001</misses>
				<total>24</total>
				<timestamp>5601.673303</timestamp>
			</report>
			<report>
				<misses>14757001</misses>
				<total>24</total>
				<timestamp>5602.052930</timestamp>
			</report>
			<report>
				<misses>14758001</misses>
				<total>24</total>
				<timestamp>5602.432509</timestamp>
			</report>
			<report>
				<misses>14759001</misses>
				<total>24</total>
				<timestamp>5602.812144</timestamp>
			</report>
			<report>
				<misses>14760001</misses>
				<total>24</total>
				<timestamp>5603.191780</timestamp>
			</report>
			<report>
				<misses>14761001</misses>
				<total>24</total>
				<timestamp>5603.571372</timestamp>
			</report>
			<report>
				<misses>14762001</misses>
				<total>24</total>
				<timestamp>5603.951046</timestamp>
			</report>
			<report>
				<misses>14763001</misses>
				<total>24</total>
				<timestamp>5604.330617</timestamp>
			</report>
			<report>
				<misses>14764001</misses>
				<total>24</total>
				<timestamp>5604.710250</timestamp>
			</report>
			<report>
				<misses>14765001</misses>
				<total>24</total>
				<timestamp>5605.089889</timestamp>
			</report>
			<report>
				<misses>14766001</misses>
				<total>24</total>
				<timestamp>5605.469488</timestamp>
			</report>
			<report>
				<misses>14767001</misses>
				<total>24</total>
				<timestamp>5605.849103</timestamp>
			</report>
			<report>
				<misses>14768001</misses>
				<total>24</total>
				<timestamp>5606.228746</timestamp>
			</report>
			<report>
				<misses>14769001</misses>
				<total>24</total>
				<timestamp>5606.608344</timestamp>
			</report>
			<report>
				<misses>14770001</misses>
				<total>24</total>
				<timestamp>5606.987980</timestamp>
			</report>
			<report>
				<misses>14771001</misses>
				<total>24</total>
				<timestamp>5607.367588</timestamp>
			</report>
			<report>
				<misses>14772001</misses>
				<total>24</total>
				<timestamp>5607.747217</timestamp>
			</report>
			<report>
				<misses>14773001</misses>
				<total>24</total>
				<timestamp>5608.126844</timestamp>
			</report>
			<report>
				<misses>14774001</misses>
				<total>24</total>
				<timestamp>5608.506462</timestamp>
			</report>
			<report>
				<misses>14775001</misses>
				<total>24</total>
				<timestamp>5608.886065</timestamp>
			</report>
			<report>
				<misses>14776001</misses>
				<total>24</total>
				<timestamp>5609.265716</timestamp>
			</report>
			<report>
				<misses>14777001</misses>
				<total>24</total>
				<timestamp>5609.645322</timestamp>
			</report>
			<report>
				<misses>14778001</misses>
				<total>24</total>
				<timestamp>5610.024959</timestamp>
			</report>
			<report>
				<misses>14779001</misses>
				<total>24</total>
				<timestamp>5610.404546</timestamp>
			</report>
			<report>
				<misses>14780001</misses>
				<total>24</total>
				<timestamp>5610.784170</timestamp>
			</report>
			<report>
				<misses>14781001</misses>
				<total>24</total>
				<timestamp>5611.163816</timestamp>
			</report>
			<report>
				<misses>14782001</misses>
				<total>24</total>
				<timestamp>5611.543457</timestamp>
			</report>
			<report>
				<misses>14783001</misses>
				<total>24</total>
				<timestamp>5611.923026</timestamp>
			</report>
			<report>
				<misses>14784001</misses>
				<total>24</total>
				<timestamp>5612.302651</timestamp>
			</report>
			<report>
				<misses>14785001</misses>
				<total>24</total>
				<timestamp>5612.682289</timestamp>
			</report>
			<report>
				<misses>14786001</misses>
				<total>24</total>
				<timestamp>5613.061896</timestamp>
			</report>
			<report>
				<misses>14787001</misses>
				<total>24</total>
				<timestamp>5613.441497</timestamp>
			</report>
			<report>
				<misses>14788001</misses>
				<total>24</total>
				<timestamp>5613.821163</timestamp>
			</report>
			<report>
				<misses>14789001</misses>
				<total>24</total>
				<timestamp>5614.200825</timestamp>
			</report>
			<report>
				<misses>14790001</misses>
				<total>24</total>
				<timestamp>5614.580371</timestamp>
			</report>
			<report>
				<misses>14791001</misses>
				<total>24</total>
				<timestamp>5614.960005</timestamp>
			</report>
			<report>
				<misses>14792001</misses>
				<total>24</total>
				<timestamp>5615.339598</timestamp>
			</report>
			<report>
				<misses>14793001</misses>
				<total>24</total>
				<timestamp>5615.719248</timestamp>
			</report>
			<report>
				<misses>14794001</misses>
				<total>24</total>
				<timestamp>5616.098861</timestamp>
			</report>
			<report>
				<misses>14795001</misses>
				<total>24</total>
				<timestamp>5616.478480</timestamp>
			</report>
			<report>
				<misses>14796001</misses>
				<total>24</total>
				<timestamp>5616.858104</timestamp>
			</report>
			<report>
				<misses>14797001</misses>
				<total>24</total>
				<timestamp>5617.237702</timestamp>
			</report>
			<report>
				<misses>14798001</misses>
				<total>24</total>
				<timestamp>5617.617324</timestamp>
			</report>
			<report>
				<misses>14799001</misses>
				<total>24</total>
				<timestamp>5617.996950</timestamp>
			</report>
			<report>
				<misses>14800001</misses>
				<total>24</total>
				<timestamp>5618.376554</timestamp>
			</report>
			<report>
				<misses>14801001</misses>
				<total>24</total>
				<timestamp>5618.756177</timestamp>
			</report>
			<report>
				<misses>14802001</misses>
				<total>24</total>
				<timestamp>5619.135809</timestamp>
			</report>
			<report>
				<misses>14803001</misses>
				<total>24</total>
				<timestamp>5619.515424</timestamp>
			</report>
			<report>
				<misses>14804001</misses>
				<total>24</total>
				<timestamp>5619.895073</timestamp>
			</report>
			<report>
				<misses>14805001</misses>
				<total>24</total>
				<timestamp>5620.274673</timestamp>
			</report>
			<report>
				<misses>14806001</misses>
				<total>24</total>
				<timestamp>5620.654281</timestamp>
			</report>
			<report>
				<misses>14807001</misses>
				<total>24</total>
				<timestamp>5621.033936</timestamp>
			</report>
			<report>
				<misses>14808001</misses>
				<total>24</total>
				<timestamp>5621.413531</timestamp>
			</report>
			<report>
				<misses>14809001</misses>
				<total>24</total>
				<timestamp>5621.793151</timestamp>
			</report>
			<report>
				<misses>14810001</misses>
				<total>24</total>
				<timestamp>5622.172828</timestamp>
			</report>
			<report>
				<misses>14811001</misses>
				<total>24</total>
				<timestamp>5622.552421</timestamp>
			</report>
			<report>
				<misses>14812001</misses>
				<total>24</total>
				<timestamp>5622.932014</timestamp>
			</report>
			<report>
				<misses>14813001</misses>
				<total>24</total>
				<timestamp>5623.311673</timestamp>
			</report>
			<report>
				<misses>14814001</misses>
				<total>24</total>
				<timestamp>5623.691249</timestamp>
			</report>
			<report>
				<misses>14815001</misses>
				<total>24</total>
				<timestamp>5624.070892</timestamp>
			</report>
			<report>
				<misses>14816001</misses>
				<total>24</total>
				<timestamp>5624.450509</timestamp>
			</report>
			<report>
				<misses>14817001</misses>
				<total>24</total>
				<timestamp>5624.830103</timestamp>
			</report>
			<report>
				<misses>14818001</misses>
				<total>24</total>
				<timestamp>5625.209776</timestamp>
			</report>
			<report>
				<misses>14819001</misses>
				<total>24</total>
				<timestamp>5625.589366</timestamp>
			</report>
			<report>
				<misses>14820001</misses>
				<total>24</total>
				<timestamp>5625.968979</timestamp>
			</report>
			<report>
				<misses>14821001</misses>
				<total>24</total>
				<timestamp>5626.348575</timestamp>
			</report>
			<report>
				<misses>14822001</misses>
				<total>24</total>
				<timestamp>5626.728240</timestamp>
			</report>
			<report>
				<misses>14823001</misses>
				<total>24</total>
				<timestamp>5627.107816</timestamp>
			</report>
			<report>
				<misses>14824001</misses>
				<total>24</total>
				<timestamp>5627.487430</timestamp>
			</report>
			<report>
				<misses>14825001</misses>
				<total>24</total>
				<timestamp>5627.867052</timestamp>
			</report>
			<report>
				<misses>14826001</misses>
				<total>24</total>
				<timestamp>5628.246716</timestamp>
			</report>
			<report>
				<misses>14827001</misses>
				<total>24</total>
				<timestamp>5628.626306</timestamp>
			</report>
			<report>
				<misses>14828001</misses>
				<total>24</total>
				<timestamp>5629.005929</timestamp>
			</report>
			<report>
				<misses>14829001</misses>
				<total>24</total>
				<timestamp>5629.385566</timestamp>
			</report>
			<report>
				<misses>14830001</misses>
				<total>24</total>
				<timestamp>5629.765199</timestamp>
			</report>
			<report>
				<misses>14831001</misses>
				<total>24</total>
				<timestamp>5630.144795</timestamp>
			</report>
			<report>
				<misses>14832001</misses>
				<total>24</total>
				<timestamp>5630.524405</timestamp>
			</report>
			<report>
				<misses>14833001</misses>
				<total>24</total>
				<timestamp>5630.904053</timestamp>
			</report>
			<report>
				<misses>14834001</misses>
				<total>24</total>
				<timestamp>5631.283651</timestamp>
			</report>
			<report>
				<misses>14835001</misses>
				<total>24</total>
				<timestamp>5631.663291</timestamp>
			</report>
			<report>
				<misses>14836001</misses>
				<total>24</total>
				<timestamp>5632.042887</timestamp>
			</report>
			<report>
				<misses>14837001</misses>
				<total>24</total>
				<timestamp>5632.422522</timestamp>
			</report>
			<report>
				<misses>14838001</misses>
				<total>24</total>
				<timestamp>5632.802129</timestamp>
			</report>
			<report>
				<misses>14839001</misses>
				<total>24</total>
				<timestamp>5633.181735</timestamp>
			</report>
			<report>
				<misses>14840001</misses>
				<total>24</total>
				<timestamp>5633.561380</timestamp>
			</report>
			<report>
				<misses>14841001</misses>
				<total>24</total>
				<timestamp>5633.940994</timestamp>
			</report>
			<report>
				<misses>14842001</misses>
				<total>24</total>
				<timestamp>5634.320711</timestamp>
			</report>
			<report>
				<misses>14843001</misses>
				<total>24</total>
				<timestamp>5634.700242</timestamp>
			</report>
			<report>
				<misses>14844001</misses>
				<total>24</total>
				<timestamp>5635.079840</timestamp>
			</report>
			<report>
				<misses>14845001</misses>
				<total>24</total>
				<timestamp>5635.459464</timestamp>
			</report>
			<report>
				<misses>14846001</misses>
				<total>24</total>
				<timestamp>5635.839107</timestamp>
			</report>
			<report>
				<misses>14847001</misses>
				<total>24</total>
				<timestamp>5636.218734</timestamp>
			</report>
			<report>
				<misses>14848001</misses>
				<total>24</total>
				<timestamp>5636.598328</timestamp>
			</report>
			<report>
				<misses>14849001</misses>
				<total>24</total>
				<timestamp>5636.977966</timestamp>
			</report>
			<report>
				<misses>14850001</misses>
				<total>24</total>
				<timestamp>5637.357559</timestamp>
			</report>
			<report>
				<misses>14851001</misses>
				<total>24</total>
				<timestamp>5637.737170</timestamp>
			</report>
			<report>
				<misses>14852001</misses>
				<total>24</total>
				<timestamp>5638.116817</timestamp>
			</report>
			<report>
				<misses>14853001</misses>
				<total>24</total>
				<timestamp>5638.496431</timestamp>
			</report>
			<report>
				<misses>14854001</misses>
				<total>24</total>
				<timestamp>5638.876069</timestamp>
			</report>
			<report>
				<misses>14855001</misses>
				<total>24</total>
				<timestamp>5639.255702</timestamp>
			</report>
			<report>
				<misses>14856001</misses>
				<total>24</total>
				<timestamp>5639.635291</timestamp>
			</report>
			<report>
				<misses>14857001</misses>
				<total>24</total>
				<timestamp>5640.014903</timestamp>
			</report>
			<report>
				<misses>14858001</misses>
				<total>24</total>
				<timestamp>5640.394566</timestamp>
			</report>
			<report>
				<misses>14859001</misses>
				<total>24</total>
				<timestamp>5640.774133</timestamp>
			</report>
			<report>
				<misses>14860001</misses>
				<total>24</total>
				<timestamp>5641.153778</timestamp>
			</report>
			<report>
				<misses>14861001</misses>
				<total>24</total>
				<timestamp>5641.533395</timestamp>
			</report>
			<report>
				<misses>14862001</misses>
				<total>24</total>
				<timestamp>5641.913003</timestamp>
			</report>
			<report>
				<misses>14863001</misses>
				<total>24</total>
				<timestamp>5642.292662</timestamp>
			</report>
			<report>
				<misses>14864001</misses>
				<total>24</total>
				<timestamp>5642.672247</timestamp>
			</report>
			<report>
				<misses>14865001</misses>
				<total>24</total>
				<timestamp>5643.051863</timestamp>
			</report>
			<report>
				<misses>14866001</misses>
				<total>24</total>
				<timestamp>5643.431516</timestamp>
			</report>
			<report>
				<misses>14867001</misses>
				<total>24</total>
				<timestamp>5643.811135</timestamp>
			</report>
			<report>
				<misses>14868001</misses>
				<total>24</total>
				<timestamp>5644.190754</timestamp>
			</report>
			<report>
				<misses>14869001</misses>
				<total>24</total>
				<timestamp>5644.570349</timestamp>
			</report>
			<report>
				<misses>14870001</misses>
				<total>24</total>
				<timestamp>5644.949972</timestamp>
			</report>
			<report>
				<misses>14871001</misses>
				<total>24</total>
				<timestamp>5645.329627</timestamp>
			</report>
			<report>
				<misses>14872001</misses>
				<total>24</total>
				<timestamp>5645.709239</timestamp>
			</report>
			<report>
				<misses>14873001</misses>
				<total>24</total>
				<timestamp>5646.088820</timestamp>
			</report>
			<report>
				<misses>14874001</misses>
				<total>24</total>
				<timestamp>5646.468442</timestamp>
			</report>
			<report>
				<misses>14875001</misses>
				<total>24</total>
				<timestamp>5646.848055</timestamp>
			</report>
			<report>
				<misses>14876001</misses>
				<total>24</total>
				<timestamp>5647.227715</timestamp>
			</report>
			<report>
				<misses>14877001</misses>
				<total>24</total>
				<timestamp>5647.607289</timestamp>
			</report>
			<report>
				<misses>14878001</misses>
				<total>24</total>
				<timestamp>5647.986930</timestamp>
			</report>
			<report>
				<misses>14879001</misses>
				<total>24</total>
				<timestamp>5648.366611</timestamp>
			</report>
			<report>
				<misses>14880001</misses>
				<total>24</total>
				<timestamp>5648.746159</timestamp>
			</report>
			<report>
				<misses>14881001</misses>
				<total>24</total>
				<timestamp>5649.125787</timestamp>
			</report>
			<report>
				<misses>14882001</misses>
				<total>24</total>
				<timestamp>5649.505415</timestamp>
			</report>
			<report>
				<misses>14883001</misses>
				<total>24</total>
				<timestamp>5649.885034</timestamp>
			</report>
			<report>
				<misses>14884001</misses>
				<total>24</total>
				<timestamp>5650.264660</timestamp>
			</report>
			<report>
				<misses>14885001</misses>
				<total>24</total>
				<timestamp>5650.644267</timestamp>
			</report>
			<report>
				<misses>14886001</misses>
				<total>24</total>
				<timestamp>5651.023885</timestamp>
			</report>
			<report>
				<misses>14887001</misses>
				<total>24</total>
				<timestamp>5651.403496</timestamp>
			</report>
			<report>
				<misses>14888001</misses>
				<total>24</total>
				<timestamp>5651.783108</timestamp>
			</report>
			<report>
				<misses>14889001</misses>
				<total>24</total>
				<timestamp>5652.162786</timestamp>
			</report>
			<report>
				<misses>14890001</misses>
				<total>24</total>
				<timestamp>5652.542373</timestamp>
			</report>
			<report>
				<misses>14891001</misses>
				<total>24</total>
				<timestamp>5652.921984</timestamp>
			</report>
			<report>
				<misses>14892001</misses>
				<total>24</total>
				<timestamp>5653.301636</timestamp>
			</report>
			<report>
				<misses>14893001</misses>
				<total>24</total>
				<timestamp>5653.681245</timestamp>
			</report>
			<report>
				<misses>14894001</misses>
				<total>24</total>
				<timestamp>5654.060866</timestamp>
			</report>
			<report>
				<misses>14895001</misses>
				<total>24</total>
				<timestamp>5654.440456</timestamp>
			</report>
			<report>
				<misses>14896001</misses>
				<total>24</total>
				<timestamp>5654.820097</timestamp>
			</report>
			<report>
				<misses>14897001</misses>
				<total>24</total>
				<timestamp>5655.199693</timestamp>
			</report>
			<report>
				<misses>14898001</misses>
				<total>24</total>
				<timestamp>5655.579325</timestamp>
			</report>
			<report>
				<misses>14899001</misses>
				<total>24</total>
				<timestamp>5655.958952</timestamp>
			</report>
			<report>
				<misses>14900001</misses>
				<total>24</total>
				<timestamp>5656.338557</timestamp>
			</report>
			<report>
				<misses>14901001</misses>
				<total>24</total>
				<timestamp>5656.718186</timestamp>
			</report>
			<report>
				<misses>14902001</misses>
				<total>24</total>
				<timestamp>5657.097803</timestamp>
			</report>
			<report>
				<misses>14903001</misses>
				<total>24</total>
				<timestamp>5657.477444</timestamp>
			</report>
			<report>
				<misses>14904001</misses>
				<total>24</total>
				<timestamp>5657.857031</timestamp>
			</report>
			<report>
				<misses>14905001</misses>
				<total>24</total>
				<timestamp>5658.236683</timestamp>
			</report>
			<report>
				<misses>14906001</misses>
				<total>24</total>
				<timestamp>5658.616284</timestamp>
			</report>
			<report>
				<misses>14907001</misses>
				<total>24</total>
				<timestamp>5658.995930</timestamp>
			</report>
			<report>
				<misses>14908001</misses>
				<total>24</total>
				<timestamp>5659.375580</timestamp>
			</report>
			<report>
				<misses>14909001</misses>
				<total>24</total>
				<timestamp>5659.755141</timestamp>
			</report>
			<report>
				<misses>14910001</misses>
				<total>24</total>
				<timestamp>5660.134773</timestamp>
			</report>
			<report>
				<misses>14911001</misses>
				<total>24</total>
				<timestamp>5660.514406</timestamp>
			</report>
			<report>
				<misses>14912001</misses>
				<total>24</total>
				<timestamp>5660.893999</timestamp>
			</report>
			<report>
				<misses>14913001</misses>
				<total>24</total>
				<timestamp>5661.273635</timestamp>
			</report>
			<report>
				<misses>14914001</misses>
				<total>24</total>
				<timestamp>5661.653306</timestamp>
			</report>
			<report>
				<misses>14915001</misses>
				<total>24</total>
				<timestamp>5662.032863</timestamp>
			</report>
			<report>
				<misses>14916001</misses>
				<total>24</total>
				<timestamp>5662.412569</timestamp>
			</report>
			<report>
				<misses>14917001</misses>
				<total>24</total>
				<timestamp>5662.792098</timestamp>
			</report>
			<report>
				<misses>14918001</misses>
				<total>24</total>
				<timestamp>5663.171728</timestamp>
			</report>
			<report>
				<misses>14919001</misses>
				<total>24</total>
				<timestamp>5663.551369</timestamp>
			</report>
			<report>
				<misses>14920001</misses>
				<total>24</total>
				<timestamp>5663.930964</timestamp>
			</report>
			<report>
				<misses>14921001</misses>
				<total>24</total>
				<timestamp>5664.310635</timestamp>
			</report>
			<report>
				<misses>14922001</misses>
				<total>24</total>
				<timestamp>5664.690211</timestamp>
			</report>
			<report>
				<misses>14923001</misses>
				<total>24</total>
				<timestamp>5665.069834</timestamp>
			</report>
			<report>
				<misses>14924001</misses>
				<total>24</total>
				<timestamp>5665.449518</timestamp>
			</report>
			<report>
				<misses>14925001</misses>
				<total>24</total>
				<timestamp>5665.829062</timestamp>
			</report>
			<report>
				<misses>14926001</misses>
				<total>24</total>
				<timestamp>5666.208694</timestamp>
			</report>
			<report>
				<misses>14927001</misses>
				<total>24</total>
				<timestamp>5666.588310</timestamp>
			</report>
			<report>
				<misses>14928001</misses>
				<total>24</total>
				<timestamp>5666.967921</timestamp>
			</report>
			<report>
				<misses>14929001</misses>
				<total>24</total>
				<timestamp>5667.347563</timestamp>
			</report>
			<report>
				<misses>14930001</misses>
				<total>24</total>
				<timestamp>5667.727187</timestamp>
			</report>
			<report>
				<misses>14931001</misses>
				<total>24</total>
				<timestamp>5668.106781</timestamp>
			</report>
			<report>
				<misses>14932001</misses>
				<total>24</total>
				<timestamp>5668.486400</timestamp>
			</report>
			<report>
				<misses>14933001</misses>
				<total>24</total>
				<timestamp>5668.866017</timestamp>
			</report>
			<report>
				<misses>14934001</misses>
				<total>24</total>
				<timestamp>5669.245658</timestamp>
			</report>
			<report>
				<misses>14935001</misses>
				<total>24</total>
				<timestamp>5669.625311</timestamp>
			</report>
			<report>
				<misses>14936001</misses>
				<total>24</total>
				<timestamp>5670.004889</timestamp>
			</report>
			<report>
				<misses>14937001</misses>
				<total>24</total>
				<timestamp>5670.384523</timestamp>
			</report>
			<report>
				<misses>14938001</misses>
				<total>24</total>
				<timestamp>5670.764110</timestamp>
			</report>
			<report>
				<misses>14939001</misses>
				<total>24</total>
				<timestamp>5671.143790</timestamp>
			</report>
			<report>
				<misses>14940001</misses>
				<total>24</total>
				<timestamp>5671.523402</timestamp>
			</report>
			<report>
				<misses>14941001</misses>
				<total>24</total>
				<timestamp>5671.902984</timestamp>
			</report>
			<report>
				<misses>14942001</misses>
				<total>24</total>
				<timestamp>5672.282634</timestamp>
			</report>
			<report>
				<misses>14943001</misses>
				<total>24</total>
				<timestamp>5672.662244</timestamp>
			</report>
			<report>
				<misses>14944001</misses>
				<total>24</total>
				<timestamp>5673.041853</timestamp>
			</report>
			<report>
				<misses>14945001</misses>
				<total>24</total>
				<timestamp>5673.421518</timestamp>
			</report>
			<report>
				<misses>14946001</misses>
				<total>24</total>
				<timestamp>5673.801071</timestamp>
			</report>
			<report>
				<misses>14947001</misses>
				<total>24</total>
				<timestamp>5674.180708</timestamp>
			</report>
			<report>
				<misses>14948001</misses>
				<total>24</total>
				<timestamp>5674.560323</timestamp>
			</report>
			<report>
				<misses>14949001</misses>
				<total>24</total>
				<timestamp>5674.939939</timestamp>
			</report>
			<report>
				<misses>14950001</misses>
				<total>24</total>
				<timestamp>5675.319613</timestamp>
			</report>
			<report>
				<misses>14951001</misses>
				<total>24</total>
				<timestamp>5675.699216</timestamp>
			</report>
			<report>
				<misses>14952001</misses>
				<total>24</total>
				<timestamp>5676.078795</timestamp>
			</report>
			<report>
				<misses>14953001</misses>
				<total>24</total>
				<timestamp>5676.458435</timestamp>
			</report>
			<report>
				<misses>14954001</misses>
				<total>24</total>
				<timestamp>5676.838077</timestamp>
			</report>
			<report>
				<misses>14955001</misses>
				<total>24</total>
				<timestamp>5677.217660</timestamp>
			</report>
			<report>
				<misses>14956001</misses>
				<total>24</total>
				<timestamp>5677.597288</timestamp>
			</report>
			<report>
				<misses>14957001</misses>
				<total>24</total>
				<timestamp>5677.976920</timestamp>
			</report>
			<report>
				<misses>14958001</misses>
				<total>24</total>
				<timestamp>5678.356548</timestamp>
			</report>
			<report>
				<misses>14959001</misses>
				<total>24</total>
				<timestamp>5678.736150</timestamp>
			</report>
			<report>
				<misses>14960001</misses>
				<total>24</total>
				<timestamp>5679.115765</timestamp>
			</report>
			<report>
				<misses>14961001</misses>
				<total>24</total>
				<timestamp>5679.495450</timestamp>
			</report>
			<report>
				<misses>14962001</misses>
				<total>24</total>
				<timestamp>5679.875013</timestamp>
			</report>
			<report>
				<misses>14963001</misses>
				<total>24</total>
				<timestamp>5680.254632</timestamp>
			</report>
			<report>
				<misses>14964001</misses>
				<total>24</total>
				<timestamp>5680.634245</timestamp>
			</report>
			<report>
				<misses>14965001</misses>
				<total>24</total>
				<timestamp>5681.013863</timestamp>
			</report>
			<report>
				<misses>14966001</misses>
				<total>24</total>
				<timestamp>5681.393524</timestamp>
			</report>
			<report>
				<misses>14967001</misses>
				<total>24</total>
				<timestamp>5681.773100</timestamp>
			</report>
			<report>
				<misses>14968001</misses>
				<total>24</total>
				<timestamp>5682.152740</timestamp>
			</report>
			<report>
				<misses>14969001</misses>
				<total>24</total>
				<timestamp>5682.532404</timestamp>
			</report>
			<report>
				<misses>14970001</misses>
				<total>24</total>
				<timestamp>5682.911966</timestamp>
			</report>
			<report>
				<misses>14971001</misses>
				<total>24</total>
				<timestamp>5683.291589</timestamp>
			</report>
			<report>
				<misses>14972001</misses>
				<total>24</total>
				<timestamp>5683.671252</timestamp>
			</report>
			<report>
				<misses>14973001</misses>
				<total>24</total>
				<timestamp>5684.050847</timestamp>
			</report>
			<report>
				<misses>14974001</misses>
				<total>24</total>
				<timestamp>5684.430462</timestamp>
			</report>
			<report>
				<misses>14975001</misses>
				<total>24</total>
				<timestamp>5684.810068</timestamp>
			</report>
			<report>
				<misses>14976001</misses>
				<total>24</total>
				<timestamp>5685.189694</timestamp>
			</report>
			<report>
				<misses>14977001</misses>
				<total>24</total>
				<timestamp>5685.569367</timestamp>
			</report>
			<report>
				<misses>14978001</misses>
				<total>24</total>
				<timestamp>5685.948928</timestamp>
			</report>
			<report>
				<misses>14979001</misses>
				<total>24</total>
				<timestamp>5686.328546</timestamp>
			</report>
			<report>
				<misses>14980001</misses>
				<total>24</total>
				<timestamp>5686.708162</timestamp>
			</report>
			<report>
				<misses>14981001</misses>
				<total>24</total>
				<timestamp>5687.087779</timestamp>
			</report>
			<report>
				<misses>14982001</misses>
				<total>24</total>
				<timestamp>5687.467440</timestamp>
			</report>
			<report>
				<misses>14983001</misses>
				<total>24</total>
				<timestamp>5687.847035</timestamp>
			</report>
			<report>
				<misses>14984001</misses>
				<total>24</total>
				<timestamp>5688.226654</timestamp>
			</report>
			<report>
				<misses>14985001</misses>
				<total>24</total>
				<timestamp>5688.606347</timestamp>
			</report>
			<report>
				<misses>14986001</misses>
				<total>24</total>
				<timestamp>5688.985883</timestamp>
			</report>
			<report>
				<misses>14987001</misses>
				<total>24</total>
				<timestamp>5689.365526</timestamp>
			</report>
			<report>
				<misses>14988001</misses>
				<total>24</total>
				<timestamp>5689.745180</timestamp>
			</report>
			<report>
				<misses>14989001</misses>
				<total>24</total>
				<timestamp>5690.124743</timestamp>
			</report>
			<report>
				<misses>14990001</misses>
				<total>24</total>
				<timestamp>5690.504411</timestamp>
			</report>
			<report>
				<misses>14991001</misses>
				<total>24</total>
				<timestamp>5690.883978</timestamp>
			</report>
			<report>
				<misses>14992001</misses>
				<total>24</total>
				<timestamp>5691.263605</timestamp>
			</report>
			<report>
				<misses>14993001</misses>
				<total>24</total>
				<timestamp>5691.643247</timestamp>
			</report>
			<report>
				<misses>14994001</misses>
				<total>24</total>
				<timestamp>5692.022842</timestamp>
			</report>
			<report>
				<misses>14995001</misses>
				<total>24</total>
				<timestamp>5692.402487</timestamp>
			</report>
			<report>
				<misses>14996001</misses>
				<total>24</total>
				<timestamp>5692.782087</timestamp>
			</report>
			<report>
				<misses>14997001</misses>
				<total>24</total>
				<timestamp>5693.161710</timestamp>
			</report>
			<report>
				<misses>14998001</misses>
				<total>24</total>
				<timestamp>5693.541355</timestamp>
			</report>
			<report>
				<misses>14999001</misses>
				<total>24</total>
				<timestamp>5693.920947</timestamp>
			</report>
			<report>
				<misses>15000001</misses>
				<total>24</total>
				<timestamp>5694.300567</timestamp>
			</report>
			<report>
				<misses>15001001</misses>
				<total>24</total>
				<timestamp>5694.680177</timestamp>
			</report>
			<report>
				<misses>15002001</misses>
				<total>24</total>
				<timestamp>5695.059810</timestamp>
			</report>
			<report>
				<misses>15003001</misses>
				<total>24</total>
				<timestamp>5695.439473</timestamp>
			</report>
			<report>
				<misses>15004001</misses>
				<total>24</total>
				<timestamp>5695.819045</timestamp>
			</report>
			<report>
				<misses>15005001</misses>
				<total>24</total>
				<timestamp>5696.198660</timestamp>
			</report>
			<report>
				<misses>15006001</misses>
				<total>24</total>
				<timestamp>5696.578325</timestamp>
			</report>
			<report>
				<misses>15007001</misses>
				<total>24</total>
				<timestamp>5696.957891</timestamp>
			</report>
			<report>
				<misses>15008001</misses>
				<total>24</total>
				<timestamp>5697.337507</timestamp>
			</report>
			<report>
				<misses>15009001</misses>
				<total>24</total>
				<timestamp>5697.717144</timestamp>
			</report>
			<report>
				<misses>15010001</misses>
				<total>24</total>
				<timestamp>5698.096769</timestamp>
			</report>
			<report>
				<misses>15011001</misses>
				<total>24</total>
				<timestamp>5698.476385</timestamp>
			</report>
			<report>
				<misses>15012001</misses>
				<total>24</total>
				<timestamp>5698.856014</timestamp>
			</report>
			<report>
				<misses>15013001</misses>
				<total>24</total>
				<timestamp>5699.235633</timestamp>
			</report>
			<report>
				<misses>15014001</misses>
				<total>24</total>
				<timestamp>5699.615281</timestamp>
			</report>
			<report>
				<misses>15015001</misses>
				<total>24</total>
				<timestamp>5699.994859</timestamp>
			</report>
			<report>
				<misses>15016001</misses>
				<total>24</total>
				<timestamp>5700.374483</timestamp>
			</report>
			<report>
				<misses>15017001</misses>
				<total>24</total>
				<timestamp>5700.754106</timestamp>
			</report>
			<report>
				<misses>15018001</misses>
				<total>24</total>
				<timestamp>5701.133751</timestamp>
			</report>
			<report>
				<misses>15019001</misses>
				<total>24</total>
				<timestamp>5701.513352</timestamp>
			</report>
			<report>
				<misses>15020001</misses>
				<total>24</total>
				<timestamp>5701.892989</timestamp>
			</report>
			<report>
				<misses>15021001</misses>
				<total>24</total>
				<timestamp>5702.272605</timestamp>
			</report>
			<report>
				<misses>15022001</misses>
				<total>24</total>
				<timestamp>5702.652286</timestamp>
			</report>
			<report>
				<misses>15023001</misses>
				<total>24</total>
				<timestamp>5703.031832</timestamp>
			</report>
			<report>
				<misses>15024001</misses>
				<total>24</total>
				<timestamp>5703.411450</timestamp>
			</report>
			<report>
				<misses>15025001</misses>
				<total>24</total>
				<timestamp>5703.791090</timestamp>
			</report>
			<report>
				<misses>15026001</misses>
				<total>24</total>
				<timestamp>5704.170678</timestamp>
			</report>
			<report>
				<misses>15027001</misses>
				<total>24</total>
				<timestamp>5704.550299</timestamp>
			</report>
			<report>
				<misses>15028001</misses>
				<total>24</total>
				<timestamp>5704.929927</timestamp>
			</report>
			<report>
				<misses>15029001</misses>
				<total>24</total>
				<timestamp>5705.309591</timestamp>
			</report>
			<report>
				<misses>15030001</misses>
				<total>24</total>
				<timestamp>5705.689174</timestamp>
			</report>
			<report>
				<misses>15031001</misses>
				<total>24</total>
				<timestamp>5706.068805</timestamp>
			</report>
			<report>
				<misses>15032001</misses>
				<total>24</total>
				<timestamp>5706.448412</timestamp>
			</report>
			<report>
				<misses>15033001</misses>
				<total>24</total>
				<timestamp>5706.828025</timestamp>
			</report>
			<report>
				<misses>15034001</misses>
				<total>24</total>
				<timestamp>5707.207642</timestamp>
			</report>
			<report>
				<misses>15035001</misses>
				<total>24</total>
				<timestamp>5707.587266</timestamp>
			</report>
			<report>
				<misses>15036001</misses>
				<total>24</total>
				<timestamp>5707.966884</timestamp>
			</report>
			<report>
				<misses>15037001</misses>
				<total>24</total>
				<timestamp>5708.346502</timestamp>
			</report>
			<report>
				<misses>15038001</misses>
				<total>24</total>
				<timestamp>5708.726147</timestamp>
			</report>
			<report>
				<misses>15039001</misses>
				<total>24</total>
				<timestamp>5709.105734</timestamp>
			</report>
			<report>
				<misses>15040001</misses>
				<total>24</total>
				<timestamp>5709.485382</timestamp>
			</report>
			<report>
				<misses>15041001</misses>
				<total>24</total>
				<timestamp>5709.864978</timestamp>
			</report>
			<report>
				<misses>15042001</misses>
				<total>24</total>
				<timestamp>5710.244610</timestamp>
			</report>
			<report>
				<misses>15043001</misses>
				<total>24</total>
				<timestamp>5710.624264</timestamp>
			</report>
			<report>
				<misses>15044001</misses>
				<total>24</total>
				<timestamp>5711.003840</timestamp>
			</report>
			<report>
				<misses>15045001</misses>
				<total>24</total>
				<timestamp>5711.383510</timestamp>
			</report>
			<report>
				<misses>15046001</misses>
				<total>24</total>
				<timestamp>5711.763077</timestamp>
			</report>
			<report>
				<misses>15047001</misses>
				<total>24</total>
				<timestamp>5712.142710</timestamp>
			</report>
			<report>
				<misses>15048001</misses>
				<total>24</total>
				<timestamp>5712.522374</timestamp>
			</report>
			<report>
				<misses>15049001</misses>
				<total>24</total>
				<timestamp>5712.901951</timestamp>
			</report>
			<report>
				<misses>15050001</misses>
				<total>24</total>
				<timestamp>5713.281567</timestamp>
			</report>
			<report>
				<misses>15051001</misses>
				<total>24</total>
				<timestamp>5713.661243</timestamp>
			</report>
			<report>
				<misses>15052001</misses>
				<total>24</total>
				<timestamp>5714.040801</timestamp>
			</report>
			<report>
				<misses>15053001</misses>
				<total>24</total>
				<timestamp>5714.420489</timestamp>
			</report>
			<report>
				<misses>15054001</misses>
				<total>24</total>
				<timestamp>5714.800049</timestamp>
			</report>
			<report>
				<misses>15055001</misses>
				<total>24</total>
				<timestamp>5715.179660</timestamp>
			</report>
			<report>
				<misses>15056001</misses>
				<total>24</total>
				<timestamp>5715.559335</timestamp>
			</report>
			<report>
				<misses>15057001</misses>
				<total>24</total>
				<timestamp>5715.938895</timestamp>
			</report>
			<report>
				<misses>15058001</misses>
				<total>24</total>
				<timestamp>5716.318509</timestamp>
			</report>
			<report>
				<misses>15059001</misses>
				<total>24</total>
				<timestamp>5716.698176</timestamp>
			</report>
			<report>
				<misses>15060001</misses>
				<total>24</total>
				<timestamp>5717.077760</timestamp>
			</report>
			<report>
				<misses>15061001</misses>
				<total>24</total>
				<timestamp>5717.457390</timestamp>
			</report>
			<report>
				<misses>15062001</misses>
				<total>24</total>
				<timestamp>5717.837021</timestamp>
			</report>
			<report>
				<misses>15063001</misses>
				<total>24</total>
				<timestamp>5718.216641</timestamp>
			</report>
			<report>
				<misses>15064001</misses>
				<total>24</total>
				<timestamp>5718.596267</timestamp>
			</report>
			<report>
				<misses>15065001</misses>
				<total>24</total>
				<timestamp>5718.975854</timestamp>
			</report>
			<report>
				<misses>15066001</misses>
				<total>24</total>
				<timestamp>5719.355491</timestamp>
			</report>
			<report>
				<misses>15067001</misses>
				<total>24</total>
				<timestamp>5719.735110</timestamp>
			</report>
			<report>
				<misses>15068001</misses>
				<total>24</total>
				<timestamp>5720.114736</timestamp>
			</report>
			<report>
				<misses>15069001</misses>
				<total>24</total>
				<timestamp>5720.494375</timestamp>
			</report>
			<report>
				<misses>15070001</misses>
				<total>24</total>
				<timestamp>5720.873952</timestamp>
			</report>
			<report>
				<misses>15071001</misses>
				<total>24</total>
				<timestamp>5721.253568</timestamp>
			</report>
			<report>
				<misses>15072001</misses>
				<total>24</total>
				<timestamp>5721.633220</timestamp>
			</report>
			<report>
				<misses>15073001</misses>
				<total>24</total>
				<timestamp>5722.012818</timestamp>
			</report>
			<report>
				<misses>15074001</misses>
				<total>24</total>
				<timestamp>5722.392430</timestamp>
			</report>
			<report>
				<misses>15075001</misses>
				<total>24</total>
				<timestamp>5722.772144</timestamp>
			</report>
			<report>
				<misses>15076001</misses>
				<total>24</total>
				<timestamp>5723.151731</timestamp>
			</report>
			<report>
				<misses>15077001</misses>
				<total>24</total>
				<timestamp>5723.531332</timestamp>
			</report>
			<report>
				<misses>15078001</misses>
				<total>24</total>
				<timestamp>5723.910906</timestamp>
			</report>
			<report>
				<misses>15079001</misses>
				<total>23</total>
				<timestamp>5724.290628</timestamp>
			</report>
			<report>
				<misses>15080001</misses>
				<total>24</total>
				<timestamp>5724.670200</timestamp>
			</report>
			<report>
				<misses>15081001</misses>
				<total>24</total>
				<timestamp>5725.049810</timestamp>
			</report>
			<report>
				<misses>15082001</misses>
				<total>24</total>
				<timestamp>5725.429407</timestamp>
			</report>
			<report>
				<misses>15083001</misses>
				<total>24</total>
				<timestamp>5725.809012</timestamp>
			</report>
			<report>
				<misses>15084001</misses>
				<total>24</total>
				<timestamp>5726.188637</timestamp>
			</report>
			<report>
				<misses>15085001</misses>
				<total>24</total>
				<timestamp>5726.568274</timestamp>
			</report>
			<report>
				<misses>15086001</misses>
				<total>24</total>
				<timestamp>5726.947893</timestamp>
			</report>
			<report>
				<misses>15087001</misses>
				<total>24</total>
				<timestamp>5727.327517</timestamp>
			</report>
			<report>
				<misses>15088001</misses>
				<total>24</total>
				<timestamp>5727.707153</timestamp>
			</report>
			<report>
				<misses>15089001</misses>
				<total>24</total>
				<timestamp>5728.086758</timestamp>
			</report>
			<report>
				<misses>15090001</misses>
				<total>24</total>
				<timestamp>5728.466377</timestamp>
			</report>
			<report>
				<misses>15091001</misses>
				<total>24</total>
				<timestamp>5728.845980</timestamp>
			</report>
			<report>
				<misses>15092001</misses>
				<total>24</total>
				<timestamp>5729.225596</timestamp>
			</report>
			<report>
				<misses>15093001</misses>
				<total>24</total>
				<timestamp>5729.605265</timestamp>
			</report>
			<report>
				<misses>15094001</misses>
				<total>24</total>
				<timestamp>5729.984835</timestamp>
			</report>
			<report>
				<misses>15095001</misses>
				<total>24</total>
				<timestamp>5730.364515</timestamp>
			</report>
			<report>
				<misses>15096001</misses>
				<total>24</total>
				<timestamp>5730.744132</timestamp>
			</report>
			<report>
				<misses>15097001</misses>
				<total>24</total>
				<timestamp>5731.123696</timestamp>
			</report>
			<report>
				<misses>15098001</misses>
				<total>24</total>
				<timestamp>5731.503332</timestamp>
			</report>
			<report>
				<misses>15099001</misses>
				<total>24</total>
				<timestamp>5731.882947</timestamp>
			</report>
			<report>
				<misses>15100001</misses>
				<total>24</total>
				<timestamp>5732.262563</timestamp>
			</report>
			<report>
				<misses>15101001</misses>
				<total>24</total>
				<timestamp>5732.642228</timestamp>
			</report>
			<report>
				<misses>15102001</misses>
				<total>24</total>
				<timestamp>5733.021803</timestamp>
			</report>
			<report>
				<misses>15103001</misses>
				<total>24</total>
				<timestamp>5733.401418</timestamp>
			</report>
			<report>
				<misses>15104001</misses>
				<total>24</total>
				<timestamp>5733.781030</timestamp>
			</report>
			<report>
				<misses>15105001</misses>
				<total>24</total>
				<timestamp>5734.160671</timestamp>
			</report>
			<report>
				<misses>15106001</misses>
				<total>24</total>
				<timestamp>5734.540305</timestamp>
			</report>
			<report>
				<misses>15107001</misses>
				<total>24</total>
				<timestamp>5734.919887</timestamp>
			</report>
			<report>
				<misses>15108001</misses>
				<total>24</total>
				<timestamp>5735.299511</timestamp>
			</report>
			<report>
				<misses>15109001</misses>
				<total>24</total>
				<timestamp>5735.679147</timestamp>
			</report>
			<report>
				<misses>15110001</misses>
				<total>24</total>
				<timestamp>5736.058758</timestamp>
			</report>
			<report>
				<misses>15111001</misses>
				<total>24</total>
				<timestamp>5736.438386</timestamp>
			</report>
			<report>
				<misses>15112001</misses>
				<total>24</total>
				<timestamp>5736.818076</timestamp>
			</report>
			<report>
				<misses>15113001</misses>
				<total>24</total>
				<timestamp>5737.197619</timestamp>
			</report>
			<report>
				<misses>15114001</misses>
				<total>24</total>
				<timestamp>5737.577279</timestamp>
			</report>
			<report>
				<misses>15115001</misses>
				<total>24</total>
				<timestamp>5737.956848</timestamp>
			</report>
			<report>
				<misses>15116001</misses>
				<total>24</total>
				<timestamp>5738.336498</timestamp>
			</report>
			<report>
				<misses>15117001</misses>
				<total>24</total>
				<timestamp>5738.716125</timestamp>
			</report>
			<report>
				<misses>15118001</misses>
				<total>24</total>
				<timestamp>5739.095735</timestamp>
			</report>
			<report>
				<misses>15119001</misses>
				<total>24</total>
				<timestamp>5739.475356</timestamp>
			</report>
			<report>
				<misses>15120001</misses>
				<total>24</total>
				<timestamp>5739.854998</timestamp>
			</report>
			<report>
				<misses>15121001</misses>
				<total>24</total>
				<timestamp>5740.234671</timestamp>
			</report>
			<report>
				<misses>15122001</misses>
				<total>24</total>
				<timestamp>5740.614205</timestamp>
			</report>
			<report>
				<misses>15123001</misses>
				<total>24</total>
				<timestamp>5740.993807</timestamp>
			</report>
			<report>
				<misses>15124001</misses>
				<total>24</total>
				<timestamp>5741.373434</timestamp>
			</report>
			<report>
				<misses>15125001</misses>
				<total>24</total>
				<timestamp>5741.753157</timestamp>
			</report>
			<report>
				<misses>15126001</misses>
				<total>24</total>
				<timestamp>5742.132688</timestamp>
			</report>
			<report>
				<misses>15127001</misses>
				<total>24</total>
				<timestamp>5742.512311</timestamp>
			</report>
			<report>
				<misses>15128001</misses>
				<total>24</total>
				<timestamp>5742.891916</timestamp>
			</report>
			<report>
				<misses>15129001</misses>
				<total>24</total>
				<timestamp>5743.271584</timestamp>
			</report>
			<report>
				<misses>15130001</misses>
				<total>24</total>
				<timestamp>5743.651183</timestamp>
			</report>
			<report>
				<misses>15131001</misses>
				<total>24</total>
				<timestamp>5744.030789</timestamp>
			</report>
			<report>
				<misses>15132001</misses>
				<total>24</total>
				<timestamp>5744.410409</timestamp>
			</report>
			<report>
				<misses>15133001</misses>
				<total>24</total>
				<timestamp>5744.790066</timestamp>
			</report>
			<report>
				<misses>15134001</misses>
				<total>24</total>
				<timestamp>5745.169650</timestamp>
			</report>
			<report>
				<misses>15135001</misses>
				<total>24</total>
				<timestamp>5745.549320</timestamp>
			</report>
			<report>
				<misses>15136001</misses>
				<total>24</total>
				<timestamp>5745.928894</timestamp>
			</report>
			<report>
				<misses>15137001</misses>
				<total>24</total>
				<timestamp>5746.308519</timestamp>
			</report>
			<report>
				<misses>15138001</misses>
				<total>24</total>
				<timestamp>5746.688160</timestamp>
			</report>
			<report>
				<misses>15139001</misses>
				<total>24</total>
				<timestamp>5747.067755</timestamp>
			</report>
			<report>
				<misses>15140001</misses>
				<total>24</total>
				<timestamp>5747.447367</timestamp>
			</report>
			<report>
				<misses>15141001</misses>
				<total>24</total>
				<timestamp>5747.827019</timestamp>
			</report>
			<report>
				<misses>15142001</misses>
				<total>24</total>
				<timestamp>5748.206601</timestamp>
			</report>
			<report>
				<misses>15143001</misses>
				<total>24</total>
				<timestamp>5748.586253</timestamp>
			</report>
			<report>
				<misses>15144001</misses>
				<total>24</total>
				<timestamp>5748.965857</timestamp>
			</report>
			<report>
				<misses>15145001</misses>
				<total>24</total>
				<timestamp>5749.345474</timestamp>
			</report>
			<report>
				<misses>15146001</misses>
				<total>24</total>
				<timestamp>5749.725125</timestamp>
			</report>
			<report>
				<misses>15147001</misses>
				<total>24</total>
				<timestamp>5750.104700</timestamp>
			</report>
			<report>
				<misses>15148001</misses>
				<total>24</total>
				<timestamp>5750.484336</timestamp>
			</report>
			<report>
				<misses>15149001</misses>
				<total>24</total>
				<timestamp>5750.863962</timestamp>
			</report>
			<report>
				<misses>15150001</misses>
				<total>24</total>
				<timestamp>5751.243598</timestamp>
			</report>
			<report>
				<misses>15151001</misses>
				<total>24</total>
				<timestamp>5751.623185</timestamp>
			</report>
			<report>
				<misses>15152001</misses>
				<total>24</total>
				<timestamp>5752.002808</timestamp>
			</report>
			<report>
				<misses>15153001</misses>
				<total>24</total>
				<timestamp>5752.382441</timestamp>
			</report>
			<report>
				<misses>15154001</misses>
				<total>24</total>
				<timestamp>5752.762121</timestamp>
			</report>
			<report>
				<misses>15155001</misses>
				<total>24</total>
				<timestamp>5753.141710</timestamp>
			</report>
			<report>
				<misses>15156001</misses>
				<total>24</total>
				<timestamp>5753.521319</timestamp>
			</report>
			<report>
				<misses>15157001</misses>
				<total>24</total>
				<timestamp>5753.900942</timestamp>
			</report>
			<report>
				<misses>15158001</misses>
				<total>24</total>
				<timestamp>5754.280525</timestamp>
			</report>
			<report>
				<misses>15159001</misses>
				<total>24</total>
				<timestamp>5754.660158</timestamp>
			</report>
			<report>
				<misses>15160001</misses>
				<total>24</total>
				<timestamp>5755.039791</timestamp>
			</report>
			<report>
				<misses>15161001</misses>
				<total>24</total>
				<timestamp>5755.419393</timestamp>
			</report>
			<report>
				<misses>15162001</misses>
				<total>24</total>
				<timestamp>5755.799030</timestamp>
			</report>
			<report>
				<misses>15163001</misses>
				<total>24</total>
				<timestamp>5756.178671</timestamp>
			</report>
			<report>
				<misses>15164001</misses>
				<total>24</total>
				<timestamp>5756.558242</timestamp>
			</report>
			<report>
				<misses>15165001</misses>
				<total>24</total>
				<timestamp>5756.937889</timestamp>
			</report>
			<report>
				<misses>15166001</misses>
				<total>24</total>
				<timestamp>5757.317477</timestamp>
			</report>
			<report>
				<misses>15167001</misses>
				<total>24</total>
				<timestamp>5757.697131</timestamp>
			</report>
			<report>
				<misses>15168001</misses>
				<total>24</total>
				<timestamp>5758.076724</timestamp>
			</report>
			<report>
				<misses>15169001</misses>
				<total>24</total>
				<timestamp>5758.456350</timestamp>
			</report>
			<report>
				<misses>15170001</misses>
				<total>24</total>
				<timestamp>5758.835984</timestamp>
			</report>
			<report>
				<misses>15171001</misses>
				<total>24</total>
				<timestamp>5759.215585</timestamp>
			</report>
			<report>
				<misses>15172001</misses>
				<total>24</total>
				<timestamp>5759.595251</timestamp>
			</report>
			<report>
				<misses>15173001</misses>
				<total>24</total>
				<timestamp>5759.974810</timestamp>
			</report>
			<report>
				<misses>15174001</misses>
				<total>24</total>
				<timestamp>5760.354441</timestamp>
			</report>
			<report>
				<misses>15175001</misses>
				<total>24</total>
				<timestamp>5760.734098</timestamp>
			</report>
			<report>
				<misses>15176001</misses>
				<total>24</total>
				<timestamp>5761.113697</timestamp>
			</report>
			<report>
				<misses>15177001</misses>
				<total>24</total>
				<timestamp>5761.493295</timestamp>
			</report>
			<report>
				<misses>15178001</misses>
				<total>24</total>
				<timestamp>5761.872939</timestamp>
			</report>
			<report>
				<misses>15179001</misses>
				<total>24</total>
				<timestamp>5762.252539</timestamp>
			</report>
			<report>
				<misses>15180001</misses>
				<total>24</total>
				<timestamp>5762.632173</timestamp>
			</report>
			<report>
				<misses>15181001</misses>
				<total>24</total>
				<timestamp>5763.011793</timestamp>
			</report>
			<report>
				<misses>15182001</misses>
				<total>24</total>
				<timestamp>5763.391418</timestamp>
			</report>
			<report>
				<misses>15183001</misses>
				<total>24</total>
				<timestamp>5763.771046</timestamp>
			</report>
			<report>
				<misses>15184001</misses>
				<total>24</total>
				<timestamp>5764.150645</timestamp>
			</report>
			<report>
				<misses>15185001</misses>
				<total>24</total>
				<timestamp>5764.530262</timestamp>
			</report>
			<report>
				<misses>15186001</misses>
				<total>24</total>
				<timestamp>5764.909917</timestamp>
			</report>
			<report>
				<misses>15187001</misses>
				<total>24</total>
				<timestamp>5765.289508</timestamp>
			</report>
			<report>
				<misses>15188001</misses>
				<total>24</total>
				<timestamp>5765.669145</timestamp>
			</report>
			<report>
				<misses>15189001</misses>
				<total>24</total>
				<timestamp>5766.048740</timestamp>
			</report>
			<report>
				<misses>15190001</misses>
				<total>24</total>
				<timestamp>5766.428352</timestamp>
			</report>
			<report>
				<misses>15191001</misses>
				<total>24</total>
				<timestamp>5766.808042</timestamp>
			</report>
			<report>
				<misses>15192001</misses>
				<total>24</total>
				<timestamp>5767.187613</timestamp>
			</report>
			<report>
				<misses>15193001</misses>
				<total>24</total>
				<timestamp>5767.567237</timestamp>
			</report>
			<report>
				<misses>15194001</misses>
				<total>24</total>
				<timestamp>5767.946912</timestamp>
			</report>
			<report>
				<misses>15195001</misses>
				<total>24</total>
				<timestamp>5768.326459</timestamp>
			</report>
			<report>
				<misses>15196001</misses>
				<total>24</total>
				<timestamp>5768.706077</timestamp>
			</report>
			<report>
				<misses>15197001</misses>
				<total>24</total>
				<timestamp>5769.085707</timestamp>
			</report>
			<report>
				<misses>15198001</misses>
				<total>24</total>
				<timestamp>5769.465333</timestamp>
			</report>
			<report>
				<misses>15199001</misses>
				<total>24</total>
				<timestamp>5769.844945</timestamp>
			</report>
			<report>
				<misses>15200001</misses>
				<total>24</total>
				<timestamp>5770.224560</timestamp>
			</report>
			<report>
				<misses>15201001</misses>
				<total>24</total>
				<timestamp>5770.604191</timestamp>
			</report>
			<report>
				<misses>15202001</misses>
				<total>24</total>
				<timestamp>5770.983889</timestamp>
			</report>
			<report>
				<misses>15203001</misses>
				<total>24</total>
				<timestamp>5771.363416</timestamp>
			</report>
			<report>
				<misses>15204001</misses>
				<total>24</total>
				<timestamp>5771.743042</timestamp>
			</report>
			<report>
				<misses>15205001</misses>
				<total>24</total>
				<timestamp>5772.122654</timestamp>
			</report>
			<report>
				<misses>15206001</misses>
				<total>24</total>
				<timestamp>5772.502310</timestamp>
			</report>
			<report>
				<misses>15207001</misses>
				<total>24</total>
				<timestamp>5772.881943</timestamp>
			</report>
			<report>
				<misses>15208001</misses>
				<total>24</total>
				<timestamp>5773.261526</timestamp>
			</report>
			<report>
				<misses>15209001</misses>
				<total>24</total>
				<timestamp>5773.641186</timestamp>
			</report>
			<report>
				<misses>15210001</misses>
				<total>24</total>
				<timestamp>5774.020799</timestamp>
			</report>
			<report>
				<misses>15211001</misses>
				<total>24</total>
				<timestamp>5774.400385</timestamp>
			</report>
			<report>
				<misses>15212001</misses>
				<total>24</total>
				<timestamp>5774.780002</timestamp>
			</report>
			<report>
				<misses>15213001</misses>
				<total>24</total>
				<timestamp>5775.159669</timestamp>
			</report>
			<report>
				<misses>15214001</misses>
				<total>24</total>
				<timestamp>5775.539336</timestamp>
			</report>
			<report>
				<misses>15215001</misses>
				<total>24</total>
				<timestamp>5775.918910</timestamp>
			</report>
			<report>
				<misses>15216001</misses>
				<total>24</total>
				<timestamp>5776.298485</timestamp>
			</report>
			<report>
				<misses>15217001</misses>
				<total>24</total>
				<timestamp>5776.678092</timestamp>
			</report>
			<report>
				<misses>15218001</misses>
				<total>24</total>
				<timestamp>5777.057715</timestamp>
			</report>
			<report>
				<misses>15219001</misses>
				<total>24</total>
				<timestamp>5777.437342</timestamp>
			</report>
			<report>
				<misses>15220001</misses>
				<total>24</total>
				<timestamp>5777.816979</timestamp>
			</report>
			<report>
				<misses>15221001</misses>
				<total>24</total>
				<timestamp>5778.196609</timestamp>
			</report>
			<report>
				<misses>15222001</misses>
				<total>24</total>
				<timestamp>5778.576215</timestamp>
			</report>
			<report>
				<misses>15223001</misses>
				<total>24</total>
				<timestamp>5778.955819</timestamp>
			</report>
			<report>
				<misses>15224001</misses>
				<total>24</total>
				<timestamp>5779.335459</timestamp>
			</report>
			<report>
				<misses>15225001</misses>
				<total>24</total>
				<timestamp>5779.715073</timestamp>
			</report>
			<report>
				<misses>15226001</misses>
				<total>24</total>
				<timestamp>5780.094693</timestamp>
			</report>
			<report>
				<misses>15227001</misses>
				<total>24</total>
				<timestamp>5780.474336</timestamp>
			</report>
			<report>
				<misses>15228001</misses>
				<total>24</total>
				<timestamp>5780.853930</timestamp>
			</report>
			<report>
				<misses>15229001</misses>
				<total>24</total>
				<timestamp>5781.233549</timestamp>
			</report>
			<report>
				<misses>15230001</misses>
				<total>24</total>
				<timestamp>5781.613157</timestamp>
			</report>
			<report>
				<misses>15231001</misses>
				<total>24</total>
				<timestamp>5781.992818</timestamp>
			</report>
			<report>
				<misses>15232001</misses>
				<total>24</total>
				<timestamp>5782.372398</timestamp>
			</report>
			<report>
				<misses>15233001</misses>
				<total>24</total>
				<timestamp>5782.752027</timestamp>
			</report>
			<report>
				<misses>15234001</misses>
				<total>24</total>
				<timestamp>5783.131675</timestamp>
			</report>
			<report>
				<misses>15235001</misses>
				<total>24</total>
				<timestamp>5783.511251</timestamp>
			</report>
			<report>
				<misses>15236001</misses>
				<total>24</total>
				<timestamp>5783.890898</timestamp>
			</report>
			<report>
				<misses>15237001</misses>
				<total>24</total>
				<timestamp>5784.270499</timestamp>
			</report>
			<report>
				<misses>15238001</misses>
				<total>24</total>
				<timestamp>5784.650129</timestamp>
			</report>
			<report>
				<misses>15239001</misses>
				<total>24</total>
				<timestamp>5785.029778</timestamp>
			</report>
			<report>
				<misses>15240001</misses>
				<total>24</total>
				<timestamp>5785.409381</timestamp>
			</report>
			<report>
				<misses>15241001</misses>
				<total>24</total>
				<timestamp>5785.788984</timestamp>
			</report>
			<report>
				<misses>15242001</misses>
				<total>24</total>
				<timestamp>5786.168597</timestamp>
			</report>
			<report>
				<misses>15243001</misses>
				<total>24</total>
				<timestamp>5786.548255</timestamp>
			</report>
			<report>
				<misses>15244001</misses>
				<total>24</total>
				<timestamp>5786.927873</timestamp>
			</report>
			<report>
				<misses>15245001</misses>
				<total>24</total>
				<timestamp>5787.307468</timestamp>
			</report>
			<report>
				<misses>15246001</misses>
				<total>24</total>
				<timestamp>5787.687080</timestamp>
			</report>
			<report>
				<misses>15247001</misses>
				<total>24</total>
				<timestamp>5788.066701</timestamp>
			</report>
			<report>
				<misses>15248001</misses>
				<total>24</total>
				<timestamp>5788.446333</timestamp>
			</report>
			<report>
				<misses>15249001</misses>
				<total>24</total>
				<timestamp>5788.825926</timestamp>
			</report>
			<report>
				<misses>15250001</misses>
				<total>24</total>
				<timestamp>5789.205564</timestamp>
			</report>
			<report>
				<misses>15251001</misses>
				<total>24</total>
				<timestamp>5789.585182</timestamp>
			</report>
			<report>
				<misses>15252001</misses>
				<total>24</total>
				<timestamp>5789.964808</timestamp>
			</report>
			<report>
				<misses>15253001</misses>
				<total>24</total>
				<timestamp>5790.344435</timestamp>
			</report>
			<report>
				<misses>15254001</misses>
				<total>24</total>
				<timestamp>5790.724045</timestamp>
			</report>
			<report>
				<misses>15255001</misses>
				<total>24</total>
				<timestamp>5791.103716</timestamp>
			</report>
			<report>
				<misses>15256001</misses>
				<total>24</total>
				<timestamp>5791.483306</timestamp>
			</report>
			<report>
				<misses>15257001</misses>
				<total>24</total>
				<timestamp>5791.862904</timestamp>
			</report>
			<report>
				<misses>15258001</misses>
				<total>24</total>
				<timestamp>5792.242517</timestamp>
			</report>
			<report>
				<misses>15259001</misses>
				<total>24</total>
				<timestamp>5792.622180</timestamp>
			</report>
			<report>
				<misses>15260001</misses>
				<total>24</total>
				<timestamp>5793.001761</timestamp>
			</report>
			<report>
				<misses>15261001</misses>
				<total>24</total>
				<timestamp>5793.381411</timestamp>
			</report>
			<report>
				<misses>15262001</misses>
				<total>24</total>
				<timestamp>5793.761019</timestamp>
			</report>
			<report>
				<misses>15263001</misses>
				<total>24</total>
				<timestamp>5794.140660</timestamp>
			</report>
			<report>
				<misses>15264001</misses>
				<total>24</total>
				<timestamp>5794.520267</timestamp>
			</report>
			<report>
				<misses>15265001</misses>
				<total>24</total>
				<timestamp>5794.899901</timestamp>
			</report>
			<report>
				<misses>15266001</misses>
				<total>24</total>
				<timestamp>5795.279503</timestamp>
			</report>
			<report>
				<misses>15267001</misses>
				<total>24</total>
				<timestamp>5795.659123</timestamp>
			</report>
			<report>
				<misses>15268001</misses>
				<total>24</total>
				<timestamp>5796.038749</timestamp>
			</report>
			<report>
				<misses>15269001</misses>
				<total>24</total>
				<timestamp>5796.418381</timestamp>
			</report>
			<report>
				<misses>15270001</misses>
				<total>24</total>
				<timestamp>5796.797970</timestamp>
			</report>
			<report>
				<misses>15271001</misses>
				<total>24</total>
				<timestamp>5797.177584</timestamp>
			</report>
			<report>
				<misses>15272001</misses>
				<total>24</total>
				<timestamp>5797.557224</timestamp>
			</report>
			<report>
				<misses>15273001</misses>
				<total>24</total>
				<timestamp>5797.936857</timestamp>
			</report>
			<report>
				<misses>15274001</misses>
				<total>24</total>
				<timestamp>5798.316439</timestamp>
			</report>
			<report>
				<misses>15275001</misses>
				<total>24</total>
				<timestamp>5798.696073</timestamp>
			</report>
			<report>
				<misses>15276001</misses>
				<total>24</total>
				<timestamp>5799.075699</timestamp>
			</report>
			<report>
				<misses>15277001</misses>
				<total>24</total>
				<timestamp>5799.455291</timestamp>
			</report>
			<report>
				<misses>15278001</misses>
				<total>24</total>
				<timestamp>5799.834929</timestamp>
			</report>
			<report>
				<misses>15279001</misses>
				<total>24</total>
				<timestamp>5800.214559</timestamp>
			</report>
			<report>
				<misses>15280001</misses>
				<total>24</total>
				<timestamp>5800.594178</timestamp>
			</report>
			<report>
				<misses>15281001</misses>
				<total>24</total>
				<timestamp>5800.973859</timestamp>
			</report>
			<report>
				<misses>15282001</misses>
				<total>24</total>
				<timestamp>5801.353399</timestamp>
			</report>
			<report>
				<misses>15283001</misses>
				<total>24</total>
				<timestamp>5801.733024</timestamp>
			</report>
			<report>
				<misses>15284001</misses>
				<total>24</total>
				<timestamp>5802.112674</timestamp>
			</report>
			<report>
				<misses>15285001</misses>
				<total>24</total>
				<timestamp>5802.492258</timestamp>
			</report>
			<report>
				<misses>15286001</misses>
				<total>24</total>
				<timestamp>5802.871941</timestamp>
			</report>
			<report>
				<misses>15287001</misses>
				<total>24</total>
				<timestamp>5803.251500</timestamp>
			</report>
			<report>
				<misses>15288001</misses>
				<total>24</total>
				<timestamp>5803.631149</timestamp>
			</report>
			<report>
				<misses>15289001</misses>
				<total>24</total>
				<timestamp>5804.010749</timestamp>
			</report>
			<report>
				<misses>15290001</misses>
				<total>24</total>
				<timestamp>5804.390375</timestamp>
			</report>
			<report>
				<misses>15291001</misses>
				<total>24</total>
				<timestamp>5804.769974</timestamp>
			</report>
			<report>
				<misses>15292001</misses>
				<total>24</total>
				<timestamp>5805.149633</timestamp>
			</report>
			<report>
				<misses>15293001</misses>
				<total>24</total>
				<timestamp>5805.529262</timestamp>
			</report>
			<report>
				<misses>15294001</misses>
				<total>24</total>
				<timestamp>5805.908844</timestamp>
			</report>
			<report>
				<misses>15295001</misses>
				<total>24</total>
				<timestamp>5806.288461</timestamp>
			</report>
			<report>
				<misses>15296001</misses>
				<total>24</total>
				<timestamp>5806.668077</timestamp>
			</report>
			<report>
				<misses>15297001</misses>
				<total>24</total>
				<timestamp>5807.047740</timestamp>
			</report>
			<report>
				<misses>15298001</misses>
				<total>24</total>
				<timestamp>5807.427333</timestamp>
			</report>
			<report>
				<misses>15299001</misses>
				<total>24</total>
				<timestamp>5807.806946</timestamp>
			</report>
			<report>
				<misses>15300001</misses>
				<total>24</total>
				<timestamp>5808.186571</timestamp>
			</report>
			<report>
				<misses>15301001</misses>
				<total>24</total>
				<timestamp>5808.566180</timestamp>
			</report>
			<report>
				<misses>15302001</misses>
				<total>24</total>
				<timestamp>5808.945814</timestamp>
			</report>
			<report>
				<misses>15303001</misses>
				<total>24</total>
				<timestamp>5809.325415</timestamp>
			</report>
			<report>
				<misses>15304001</misses>
				<total>24</total>
				<timestamp>5809.705058</timestamp>
			</report>
			<report>
				<misses>15305001</misses>
				<total>24</total>
				<timestamp>5810.084708</timestamp>
			</report>
			<report>
				<misses>15306001</misses>
				<total>24</total>
				<timestamp>5810.464330</timestamp>
			</report>
			<report>
				<misses>15307001</misses>
				<total>24</total>
				<timestamp>5810.843902</timestamp>
			</report>
			<report>
				<misses>15308001</misses>
				<total>24</total>
				<timestamp>5811.223550</timestamp>
			</report>
			<report>
				<misses>15309001</misses>
				<total>24</total>
				<timestamp>5811.603145</timestamp>
			</report>
			<report>
				<misses>15310001</misses>
				<total>24</total>
				<timestamp>5811.982784</timestamp>
			</report>
			<report>
				<misses>15311001</misses>
				<total>24</total>
				<timestamp>5812.362405</timestamp>
			</report>
			<report>
				<misses>15312001</misses>
				<total>24</total>
				<timestamp>5812.741992</timestamp>
			</report>
			<report>
				<misses>15313001</misses>
				<total>24</total>
				<timestamp>5813.121638</timestamp>
			</report>
			<report>
				<misses>15314001</misses>
				<total>24</total>
				<timestamp>5813.501255</timestamp>
			</report>
			<report>
				<misses>15315001</misses>
				<total>24</total>
				<timestamp>5813.880890</timestamp>
			</report>
			<report>
				<misses>15316001</misses>
				<total>24</total>
				<timestamp>5814.260501</timestamp>
			</report>
			<report>
				<misses>15317001</misses>
				<total>24</total>
				<timestamp>5814.640102</timestamp>
			</report>
			<report>
				<misses>15318001</misses>
				<total>24</total>
				<timestamp>5815.019737</timestamp>
			</report>
			<report>
				<misses>15319001</misses>
				<total>24</total>
				<timestamp>5815.399345</timestamp>
			</report>
			<report>
				<misses>15320001</misses>
				<total>24</total>
				<timestamp>5815.778978</timestamp>
			</report>
			<report>
				<misses>15321001</misses>
				<total>24</total>
				<timestamp>5816.158608</timestamp>
			</report>
			<report>
				<misses>15322001</misses>
				<total>24</total>
				<timestamp>5816.538217</timestamp>
			</report>
			<report>
				<misses>15323001</misses>
				<total>24</total>
				<timestamp>5816.917834</timestamp>
			</report>
			<report>
				<misses>15324001</misses>
				<total>24</total>
				<timestamp>5817.297452</timestamp>
			</report>
			<report>
				<misses>15325001</misses>
				<total>24</total>
				<timestamp>5817.677069</timestamp>
			</report>
			<report>
				<misses>15326001</misses>
				<total>24</total>
				<timestamp>5818.056715</timestamp>
			</report>
			<report>
				<misses>15327001</misses>
				<total>24</total>
				<timestamp>5818.436331</timestamp>
			</report>
			<report>
				<misses>15328001</misses>
				<total>24</total>
				<timestamp>5818.815947</timestamp>
			</report>
			<report>
				<misses>15329001</misses>
				<total>24</total>
				<timestamp>5819.195594</timestamp>
			</report>
			<report>
				<misses>15330001</misses>
				<total>24</total>
				<timestamp>5819.575183</timestamp>
			</report>
			<report>
				<misses>15331001</misses>
				<total>24</total>
				<timestamp>5819.954791</timestamp>
			</report>
			<report>
				<misses>15332001</misses>
				<total>24</total>
				<timestamp>5820.334400</timestamp>
			</report>
			<report>
				<misses>15333001</misses>
				<total>24</total>
				<timestamp>5820.714012</timestamp>
			</report>
			<report>
				<misses>15334001</misses>
				<total>24</total>
				<timestamp>5821.093678</timestamp>
			</report>
			<report>
				<misses>15335001</misses>
				<total>24</total>
				<timestamp>5821.473259</timestamp>
			</report>
			<report>
				<misses>15336001</misses>
				<total>24</total>
				<timestamp>5821.852908</timestamp>
			</report>
			<report>
				<misses>15337001</misses>
				<total>24</total>
				<timestamp>5822.232551</timestamp>
			</report>
			<report>
				<misses>15338001</misses>
				<total>24</total>
				<timestamp>5822.612107</timestamp>
			</report>
			<report>
				<misses>15339001</misses>
				<total>24</total>
				<timestamp>5822.991762</timestamp>
			</report>
			<report>
				<misses>15340001</misses>
				<total>24</total>
				<timestamp>5823.371391</timestamp>
			</report>
			<report>
				<misses>15341001</misses>
				<total>24</total>
				<timestamp>5823.750983</timestamp>
			</report>
			<report>
				<misses>15342001</misses>
				<total>24</total>
				<timestamp>5824.130609</timestamp>
			</report>
			<report>
				<misses>15343001</misses>
				<total>24</total>
				<timestamp>5824.510233</timestamp>
			</report>
			<report>
				<misses>15344001</misses>
				<total>24</total>
				<timestamp>5824.889902</timestamp>
			</report>
			<report>
				<misses>15345001</misses>
				<total>24</total>
				<timestamp>5825.269487</timestamp>
			</report>
			<report>
				<misses>15346001</misses>
				<total>24</total>
				<timestamp>5825.649081</timestamp>
			</report>
			<report>
				<misses>15347001</misses>
				<total>24</total>
				<timestamp>5826.028709</timestamp>
			</report>
			<report>
				<misses>15348001</misses>
				<total>24</total>
				<timestamp>5826.408326</timestamp>
			</report>
			<report>
				<misses>15349001</misses>
				<total>24</total>
				<timestamp>5826.787950</timestamp>
			</report>
			<report>
				<misses>15350001</misses>
				<total>24</total>
				<timestamp>5827.167575</timestamp>
			</report>
			<report>
				<misses>15351001</misses>
				<total>24</total>
				<timestamp>5827.547185</timestamp>
			</report>
			<report>
				<misses>15352001</misses>
				<total>24</total>
				<timestamp>5827.926823</timestamp>
			</report>
			<report>
				<misses>15353001</misses>
				<total>24</total>
				<timestamp>5828.306444</timestamp>
			</report>
			<report>
				<misses>15354001</misses>
				<total>24</total>
				<timestamp>5828.686042</timestamp>
			</report>
			<report>
				<misses>15355001</misses>
				<total>24</total>
				<timestamp>5829.065673</timestamp>
			</report>
			<report>
				<misses>15356001</misses>
				<total>24</total>
				<timestamp>5829.445283</timestamp>
			</report>
			<report>
				<misses>15357001</misses>
				<total>24</total>
				<timestamp>5829.824895</timestamp>
			</report>
			<report>
				<misses>15358001</misses>
				<total>24</total>
				<timestamp>5830.204547</timestamp>
			</report>
			<report>
				<misses>15359001</misses>
				<total>24</total>
				<timestamp>5830.584143</timestamp>
			</report>
			<report>
				<misses>15360001</misses>
				<total>24</total>
				<timestamp>5830.963777</timestamp>
			</report>
			<report>
				<misses>15361001</misses>
				<total>24</total>
				<timestamp>5831.343396</timestamp>
			</report>
			<report>
				<misses>15362001</misses>
				<total>25</total>
				<timestamp>5831.723008</timestamp>
			</report>
			<report>
				<misses>15363001</misses>
				<total>25</total>
				<timestamp>5832.102654</timestamp>
			</report>
			<report>
				<misses>15364001</misses>
				<total>25</total>
				<timestamp>5832.482260</timestamp>
			</report>
			<report>
				<misses>15365001</misses>
				<total>25</total>
				<timestamp>5832.861883</timestamp>
			</report>
			<report>
				<misses>15366001</misses>
				<total>25</total>
				<timestamp>5833.241492</timestamp>
			</report>
			<report>
				<misses>15367001</misses>
				<total>25</total>
				<timestamp>5833.621098</timestamp>
			</report>
			<report>
				<misses>15368001</misses>
				<total>25</total>
				<timestamp>5834.000742</timestamp>
			</report>
			<report>
				<misses>15369001</misses>
				<total>25</total>
				<timestamp>5834.380411</timestamp>
			</report>
			<report>
				<misses>15370001</misses>
				<total>25</total>
				<timestamp>5834.759963</timestamp>
			</report>
			<report>
				<misses>15371001</misses>
				<total>25</total>
				<timestamp>5835.139595</timestamp>
			</report>
			<report>
				<misses>15372001</misses>
				<total>25</total>
				<timestamp>5835.519214</timestamp>
			</report>
			<report>
				<misses>15373001</misses>
				<total>25</total>
				<timestamp>5835.898838</timestamp>
			</report>
			<report>
				<misses>15374001</misses>
				<total>25</total>
				<timestamp>5836.278484</timestamp>
			</report>
			<report>
				<misses>15375001</misses>
				<total>25</total>
				<timestamp>5836.658080</timestamp>
			</report>
			<report>
				<misses>15376001</misses>
				<total>25</total>
				<timestamp>5837.037727</timestamp>
			</report>
			<report>
				<misses>15377001</misses>
				<total>25</total>
				<timestamp>5837.417305</timestamp>
			</report>
			<report>
				<misses>15378001</misses>
				<total>25</total>
				<timestamp>5837.796940</timestamp>
			</report>
			<report>
				<misses>15379001</misses>
				<total>25</total>
				<timestamp>5838.176586</timestamp>
			</report>
			<report>
				<misses>15380001</misses>
				<total>25</total>
				<timestamp>5838.556167</timestamp>
			</report>
			<report>
				<misses>15381001</misses>
				<total>25</total>
				<timestamp>5838.935768</timestamp>
			</report>
			<report>
				<misses>15382001</misses>
				<total>25</total>
				<timestamp>5839.315429</timestamp>
			</report>
			<report>
				<misses>15383001</misses>
				<total>25</total>
				<timestamp>5839.695016</timestamp>
			</report>
			<report>
				<misses>15384001</misses>
				<total>25</total>
				<timestamp>5840.074650</timestamp>
			</report>
			<report>
				<misses>15385001</misses>
				<total>25</total>
				<timestamp>5840.454267</timestamp>
			</report>
			<report>
				<misses>15386001</misses>
				<total>25</total>
				<timestamp>5840.833912</timestamp>
			</report>
			<report>
				<misses>15387001</misses>
				<total>25</total>
				<timestamp>5841.213493</timestamp>
			</report>
			<report>
				<misses>15388001</misses>
				<total>25</total>
				<timestamp>5841.593133</timestamp>
			</report>
			<report>
				<misses>15389001</misses>
				<total>25</total>
				<timestamp>5841.972750</timestamp>
			</report>
			<report>
				<misses>15390001</misses>
				<total>25</total>
				<timestamp>5842.352408</timestamp>
			</report>
			<report>
				<misses>15391001</misses>
				<total>25</total>
				<timestamp>5842.732021</timestamp>
			</report>
			<report>
				<misses>15392001</misses>
				<total>25</total>
				<timestamp>5843.111658</timestamp>
			</report>
			<report>
				<misses>15393001</misses>
				<total>25</total>
				<timestamp>5843.491241</timestamp>
			</report>
			<report>
				<misses>15394001</misses>
				<total>25</total>
				<timestamp>5843.870842</timestamp>
			</report>
			<report>
				<misses>15395001</misses>
				<total>25</total>
				<timestamp>5844.250486</timestamp>
			</report>
			<report>
				<misses>15396001</misses>
				<total>25</total>
				<timestamp>5844.630079</timestamp>
			</report>
			<report>
				<misses>15397001</misses>
				<total>25</total>
				<timestamp>5845.009706</timestamp>
			</report>
			<report>
				<misses>15398001</misses>
				<total>25</total>
				<timestamp>5845.389407</timestamp>
			</report>
			<report>
				<misses>15399001</misses>
				<total>25</total>
				<timestamp>5845.768939</timestamp>
			</report>
			<report>
				<misses>15400001</misses>
				<total>25</total>
				<timestamp>5846.148603</timestamp>
			</report>
			<report>
				<misses>15401001</misses>
				<total>25</total>
				<timestamp>5846.528210</timestamp>
			</report>
			<report>
				<misses>15402001</misses>
				<total>25</total>
				<timestamp>5846.907798</timestamp>
			</report>
			<report>
				<misses>15403001</misses>
				<total>25</total>
				<timestamp>5847.287427</timestamp>
			</report>
			<report>
				<misses>15404001</misses>
				<total>25</total>
				<timestamp>5847.667049</timestamp>
			</report>
			<report>
				<misses>15405001</misses>
				<total>25</total>
				<timestamp>5848.046652</timestamp>
			</report>
			<report>
				<misses>15406001</misses>
				<total>25</total>
				<timestamp>5848.426268</timestamp>
			</report>
			<report>
				<misses>15407001</misses>
				<total>25</total>
				<timestamp>5848.805918</timestamp>
			</report>
			<report>
				<misses>15408001</misses>
				<total>25</total>
				<timestamp>5849.185520</timestamp>
			</report>
			<report>
				<misses>15409001</misses>
				<total>25</total>
				<timestamp>5849.565152</timestamp>
			</report>
			<report>
				<misses>15410001</misses>
				<total>25</total>
				<timestamp>5849.944759</timestamp>
			</report>
			<report>
				<misses>15411001</misses>
				<total>25</total>
				<timestamp>5850.324382</timestamp>
			</report>
			<report>
				<misses>15412001</misses>
				<total>25</total>
				<timestamp>5850.704005</timestamp>
			</report>
			<report>
				<misses>15413001</misses>
				<total>25</total>
				<timestamp>5851.083615</timestamp>
			</report>
			<report>
				<misses>15414001</misses>
				<total>25</total>
				<timestamp>5851.463269</timestamp>
			</report>
			<report>
				<misses>15415001</misses>
				<total>25</total>
				<timestamp>5851.842876</timestamp>
			</report>
			<report>
				<misses>15416001</misses>
				<total>25</total>
				<timestamp>5852.222485</timestamp>
			</report>
			<report>
				<misses>15417001</misses>
				<total>25</total>
				<timestamp>5852.602119</timestamp>
			</report>
			<report>
				<misses>15418001</misses>
				<total>25</total>
				<timestamp>5852.981714</timestamp>
			</report>
			<report>
				<misses>15419001</misses>
				<total>25</total>
				<timestamp>5853.361368</timestamp>
			</report>
			<report>
				<misses>15420001</misses>
				<total>25</total>
				<timestamp>5853.740977</timestamp>
			</report>
			<report>
				<misses>15421001</misses>
				<total>25</total>
				<timestamp>5854.120628</timestamp>
			</report>
			<report>
				<misses>15422001</misses>
				<total>25</total>
				<timestamp>5854.500245</timestamp>
			</report>
			<report>
				<misses>15423001</misses>
				<total>25</total>
				<timestamp>5854.879834</timestamp>
			</report>
			<report>
				<misses>15424001</misses>
				<total>25</total>
				<timestamp>5855.259467</timestamp>
			</report>
			<report>
				<misses>15425001</misses>
				<total>25</total>
				<timestamp>5855.639087</timestamp>
			</report>
			<report>
				<misses>15426001</misses>
				<total>25</total>
				<timestamp>5856.018715</timestamp>
			</report>
			<report>
				<misses>15427001</misses>
				<total>25</total>
				<timestamp>5856.398329</timestamp>
			</report>
			<report>
				<misses>15428001</misses>
				<total>25</total>
				<timestamp>5856.777923</timestamp>
			</report>
			<report>
				<misses>15429001</misses>
				<total>25</total>
				<timestamp>5857.157544</timestamp>
			</report>
			<report>
				<misses>15430001</misses>
				<total>25</total>
				<timestamp>5857.537170</timestamp>
			</report>
			<report>
				<misses>15431001</misses>
				<total>25</total>
				<timestamp>5857.916821</timestamp>
			</report>
			<report>
				<misses>15432001</misses>
				<total>25</total>
				<timestamp>5858.296422</timestamp>
			</report>
			<report>
				<misses>15433001</misses>
				<total>25</total>
				<timestamp>5858.676042</timestamp>
			</report>
			<report>
				<misses>15434001</misses>
				<total>25</total>
				<timestamp>5859.055637</timestamp>
			</report>
			<report>
				<misses>15435001</misses>
				<total>25</total>
				<timestamp>5859.435255</timestamp>
			</report>
			<report>
				<misses>15436001</misses>
				<total>25</total>
				<timestamp>5859.814881</timestamp>
			</report>
			<report>
				<misses>15437001</misses>
				<total>25</total>
				<timestamp>5860.194512</timestamp>
			</report>
			<report>
				<misses>15438001</misses>
				<total>25</total>
				<timestamp>5860.574126</timestamp>
			</report>
			<report>
				<misses>15439001</misses>
				<total>25</total>
				<timestamp>5860.953738</timestamp>
			</report>
			<report>
				<misses>15440001</misses>
				<total>25</total>
				<timestamp>5861.333397</timestamp>
			</report>
			<report>
				<misses>15441001</misses>
				<total>25</total>
				<timestamp>5861.712982</timestamp>
			</report>
			<report>
				<misses>15442001</misses>
				<total>25</total>
				<timestamp>5862.092595</timestamp>
			</report>
			<report>
				<misses>15443001</misses>
				<total>25</total>
				<timestamp>5862.472296</timestamp>
			</report>
			<report>
				<misses>15444001</misses>
				<total>25</total>
				<timestamp>5862.851836</timestamp>
			</report>
			<report>
				<misses>15445001</misses>
				<total>25</total>
				<timestamp>5863.231464</timestamp>
			</report>
			<report>
				<misses>15446001</misses>
				<total>25</total>
				<timestamp>5863.611071</timestamp>
			</report>
			<report>
				<misses>15447001</misses>
				<total>25</total>
				<timestamp>5863.990694</timestamp>
			</report>
			<report>
				<misses>15448001</misses>
				<total>25</total>
				<timestamp>5864.370309</timestamp>
			</report>
			<report>
				<misses>15449001</misses>
				<total>25</total>
				<timestamp>5864.749939</timestamp>
			</report>
			<report>
				<misses>15450001</misses>
				<total>25</total>
				<timestamp>5865.129561</timestamp>
			</report>
			<report>
				<misses>15451001</misses>
				<total>25</total>
				<timestamp>5865.509226</timestamp>
			</report>
			<report>
				<misses>15452001</misses>
				<total>25</total>
				<timestamp>5865.888798</timestamp>
			</report>
			<report>
				<misses>15453001</misses>
				<total>25</total>
				<timestamp>5866.268408</timestamp>
			</report>
			<report>
				<misses>15454001</misses>
				<total>25</total>
				<timestamp>5866.648041</timestamp>
			</report>
			<report>
				<misses>15455001</misses>
				<total>25</total>
				<timestamp>5867.027669</timestamp>
			</report>
			<report>
				<misses>15456001</misses>
				<total>25</total>
				<timestamp>5867.407332</timestamp>
			</report>
			<report>
				<misses>15457001</misses>
				<total>25</total>
				<timestamp>5867.786902</timestamp>
			</report>
			<report>
				<misses>15458001</misses>
				<total>25</total>
				<timestamp>5868.166560</timestamp>
			</report>
			<report>
				<misses>15459001</misses>
				<total>25</total>
				<timestamp>5868.546169</timestamp>
			</report>
			<report>
				<misses>15460001</misses>
				<total>25</total>
				<timestamp>5868.925784</timestamp>
			</report>
			<report>
				<misses>15461001</misses>
				<total>25</total>
				<timestamp>5869.305406</timestamp>
			</report>
			<report>
				<misses>15462001</misses>
				<total>25</total>
				<timestamp>5869.684993</timestamp>
			</report>
			<report>
				<misses>15463001</misses>
				<total>25</total>
				<timestamp>5870.064648</timestamp>
			</report>
			<report>
				<misses>15464001</misses>
				<total>25</total>
				<timestamp>5870.444254</timestamp>
			</report>
			<report>
				<misses>15465001</misses>
				<total>25</total>
				<timestamp>5870.823866</timestamp>
			</report>
			<report>
				<misses>15466001</misses>
				<total>25</total>
				<timestamp>5871.203509</timestamp>
			</report>
			<report>
				<misses>15467001</misses>
				<total>25</total>
				<timestamp>5871.583130</timestamp>
			</report>
			<report>
				<misses>15468001</misses>
				<total>25</total>
				<timestamp>5871.962728</timestamp>
			</report>
			<report>
				<misses>15469001</misses>
				<total>25</total>
				<timestamp>5872.342366</timestamp>
			</report>
			<report>
				<misses>15470001</misses>
				<total>25</total>
				<timestamp>5872.721960</timestamp>
			</report>
			<report>
				<misses>15471001</misses>
				<total>25</total>
				<timestamp>5873.101614</timestamp>
			</report>
			<report>
				<misses>15472001</misses>
				<total>25</total>
				<timestamp>5873.481206</timestamp>
			</report>
			<report>
				<misses>15473001</misses>
				<total>25</total>
				<timestamp>5873.860827</timestamp>
			</report>
			<report>
				<misses>15474001</misses>
				<total>25</total>
				<timestamp>5874.240461</timestamp>
			</report>
			<report>
				<misses>15475001</misses>
				<total>25</total>
				<timestamp>5874.620047</timestamp>
			</report>
			<report>
				<misses>15476001</misses>
				<total>25</total>
				<timestamp>5874.999693</timestamp>
			</report>
			<report>
				<misses>15477001</misses>
				<total>25</total>
				<timestamp>5875.379325</timestamp>
			</report>
			<report>
				<misses>15478001</misses>
				<total>25</total>
				<timestamp>5875.758931</timestamp>
			</report>
			<report>
				<misses>15479001</misses>
				<total>25</total>
				<timestamp>5876.138575</timestamp>
			</report>
			<report>
				<misses>15480001</misses>
				<total>25</total>
				<timestamp>5876.518193</timestamp>
			</report>
			<report>
				<misses>15481001</misses>
				<total>25</total>
				<timestamp>5876.897780</timestamp>
			</report>
			<report>
				<misses>15482001</misses>
				<total>25</total>
				<timestamp>5877.277397</timestamp>
			</report>
			<report>
				<misses>15483001</misses>
				<total>25</total>
				<timestamp>5877.657027</timestamp>
			</report>
			<report>
				<misses>15484001</misses>
				<total>25</total>
				<timestamp>5878.036623</timestamp>
			</report>
			<report>
				<misses>15485001</misses>
				<total>25</total>
				<timestamp>5878.416274</timestamp>
			</report>
			<report>
				<misses>15486001</misses>
				<total>25</total>
				<timestamp>5878.795901</timestamp>
			</report>
			<report>
				<misses>15487001</misses>
				<total>25</total>
				<timestamp>5879.175529</timestamp>
			</report>
			<report>
				<misses>15488001</misses>
				<total>25</total>
				<timestamp>5879.555172</timestamp>
			</report>
			<report>
				<misses>15489001</misses>
				<total>25</total>
				<timestamp>5879.934743</timestamp>
			</report>
			<report>
				<misses>15490001</misses>
				<total>25</total>
				<timestamp>5880.314345</timestamp>
			</report>
			<report>
				<misses>15491001</misses>
				<total>25</total>
				<timestamp>5880.693972</timestamp>
			</report>
			<report>
				<misses>15492001</misses>
				<total>25</total>
				<timestamp>5881.073646</timestamp>
			</report>
			<report>
				<misses>15493001</misses>
				<total>25</total>
				<timestamp>5881.453245</timestamp>
			</report>
			<report>
				<misses>15494001</misses>
				<total>25</total>
				<timestamp>5881.832827</timestamp>
			</report>
			<report>
				<misses>15495001</misses>
				<total>25</total>
				<timestamp>5882.212468</timestamp>
			</report>
			<report>
				<misses>15496001</misses>
				<total>25</total>
				<timestamp>5882.592163</timestamp>
			</report>
			<report>
				<misses>15497001</misses>
				<total>25</total>
				<timestamp>5882.971692</timestamp>
			</report>
			<report>
				<misses>15498001</misses>
				<total>25</total>
				<timestamp>5883.351323</timestamp>
			</report>
			<report>
				<misses>15499001</misses>
				<total>25</total>
				<timestamp>5883.730921</timestamp>
			</report>
			<report>
				<misses>15500001</misses>
				<total>25</total>
				<timestamp>5884.110548</timestamp>
			</report>
			<report>
				<misses>15501001</misses>
				<total>25</total>
				<timestamp>5884.490222</timestamp>
			</report>
			<report>
				<misses>15502001</misses>
				<total>25</total>
				<timestamp>5884.869830</timestamp>
			</report>
			<report>
				<misses>15503001</misses>
				<total>25</total>
				<timestamp>5885.249453</timestamp>
			</report>
			<report>
				<misses>15504001</misses>
				<total>25</total>
				<timestamp>5885.629045</timestamp>
			</report>
			<report>
				<misses>15505001</misses>
				<total>25</total>
				<timestamp>5886.008653</timestamp>
			</report>
			<report>
				<misses>15506001</misses>
				<total>25</total>
				<timestamp>5886.388293</timestamp>
			</report>
			<report>
				<misses>15507001</misses>
				<total>25</total>
				<timestamp>5886.767902</timestamp>
			</report>
			<report>
				<misses>15508001</misses>
				<total>25</total>
				<timestamp>5887.147510</timestamp>
			</report>
			<report>
				<misses>15509001</misses>
				<total>25</total>
				<timestamp>5887.527189</timestamp>
			</report>
			<report>
				<misses>15510001</misses>
				<total>25</total>
				<timestamp>5887.906751</timestamp>
			</report>
			<report>
				<misses>15511001</misses>
				<total>25</total>
				<timestamp>5888.286371</timestamp>
			</report>
			<report>
				<misses>15512001</misses>
				<total>25</total>
				<timestamp>5888.666007</timestamp>
			</report>
			<report>
				<misses>15513001</misses>
				<total>25</total>
				<timestamp>5889.045655</timestamp>
			</report>
			<report>
				<misses>15514001</misses>
				<total>25</total>
				<timestamp>5889.425259</timestamp>
			</report>
			<report>
				<misses>15515001</misses>
				<total>25</total>
				<timestamp>5889.804868</timestamp>
			</report>
			<report>
				<misses>15516001</misses>
				<total>25</total>
				<timestamp>5890.184465</timestamp>
			</report>
			<report>
				<misses>15517001</misses>
				<total>25</total>
				<timestamp>5890.564118</timestamp>
			</report>
			<report>
				<misses>15518001</misses>
				<total>25</total>
				<timestamp>5890.943724</timestamp>
			</report>
			<report>
				<misses>15519001</misses>
				<total>25</total>
				<timestamp>5891.323351</timestamp>
			</report>
			<report>
				<misses>15520001</misses>
				<total>25</total>
				<timestamp>5891.702970</timestamp>
			</report>
			<report>
				<misses>15521001</misses>
				<total>25</total>
				<timestamp>5892.082613</timestamp>
			</report>
			<report>
				<misses>15522001</misses>
				<total>25</total>
				<timestamp>5892.462263</timestamp>
			</report>
			<report>
				<misses>15523001</misses>
				<total>25</total>
				<timestamp>5892.841824</timestamp>
			</report>
			<report>
				<misses>15524001</misses>
				<total>25</total>
				<timestamp>5893.221442</timestamp>
			</report>
			<report>
				<misses>15525001</misses>
				<total>25</total>
				<timestamp>5893.601081</timestamp>
			</report>
			<report>
				<misses>15526001</misses>
				<total>25</total>
				<timestamp>5893.980691</timestamp>
			</report>
			<report>
				<misses>15527001</misses>
				<total>25</total>
				<timestamp>5894.360325</timestamp>
			</report>
			<report>
				<misses>15528001</misses>
				<total>25</total>
				<timestamp>5894.739937</timestamp>
			</report>
			<report>
				<misses>15529001</misses>
				<total>25</total>
				<timestamp>5895.119547</timestamp>
			</report>
			<report>
				<misses>15530001</misses>
				<total>25</total>
				<timestamp>5895.499212</timestamp>
			</report>
			<report>
				<misses>15531001</misses>
				<total>25</total>
				<timestamp>5895.878782</timestamp>
			</report>
			<report>
				<misses>15532001</misses>
				<total>25</total>
				<timestamp>5896.258403</timestamp>
			</report>
			<report>
				<misses>15533001</misses>
				<total>25</total>
				<timestamp>5896.638054</timestamp>
			</report>
			<report>
				<misses>15534001</misses>
				<total>25</total>
				<timestamp>5897.017632</timestamp>
			</report>
			<report>
				<misses>15535001</misses>
				<total>25</total>
				<timestamp>5897.397296</timestamp>
			</report>
			<report>
				<misses>15536001</misses>
				<total>25</total>
				<timestamp>5897.776877</timestamp>
			</report>
			<report>
				<misses>15537001</misses>
				<total>25</total>
				<timestamp>5898.156500</timestamp>
			</report>
			<report>
				<misses>15538001</misses>
				<total>25</total>
				<timestamp>5898.536141</timestamp>
			</report>
			<report>
				<misses>15539001</misses>
				<total>25</total>
				<timestamp>5898.915742</timestamp>
			</report>
			<report>
				<misses>15540001</misses>
				<total>25</total>
				<timestamp>5899.295360</timestamp>
			</report>
			<report>
				<misses>15541001</misses>
				<total>25</total>
				<timestamp>5899.675016</timestamp>
			</report>
			<report>
				<misses>15542001</misses>
				<total>25</total>
				<timestamp>5900.054620</timestamp>
			</report>
			<report>
				<misses>15543001</misses>
				<total>25</total>
				<timestamp>5900.434232</timestamp>
			</report>
			<report>
				<misses>15544001</misses>
				<total>25</total>
				<timestamp>5900.813881</timestamp>
			</report>
			<report>
				<misses>15545001</misses>
				<total>25</total>
				<timestamp>5901.193481</timestamp>
			</report>
			<report>
				<misses>15546001</misses>
				<total>25</total>
				<timestamp>5901.573103</timestamp>
			</report>
			<report>
				<misses>15547001</misses>
				<total>25</total>
				<timestamp>5901.952703</timestamp>
			</report>
			<report>
				<misses>15548001</misses>
				<total>25</total>
				<timestamp>5902.332334</timestamp>
			</report>
			<report>
				<misses>15549001</misses>
				<total>25</total>
				<timestamp>5902.711948</timestamp>
			</report>
			<report>
				<misses>15550001</misses>
				<total>25</total>
				<timestamp>5903.091551</timestamp>
			</report>
			<report>
				<misses>15551001</misses>
				<total>25</total>
				<timestamp>5903.471188</timestamp>
			</report>
			<report>
				<misses>15552001</misses>
				<total>25</total>
				<timestamp>5903.850824</timestamp>
			</report>
			<report>
				<misses>15553001</misses>
				<total>25</total>
				<timestamp>5904.230463</timestamp>
			</report>
			<report>
				<misses>15554001</misses>
				<total>25</total>
				<timestamp>5904.610047</timestamp>
			</report>
			<report>
				<misses>15555001</misses>
				<total>25</total>
				<timestamp>5904.989682</timestamp>
			</report>
			<report>
				<misses>15556001</misses>
				<total>25</total>
				<timestamp>5905.369316</timestamp>
			</report>
			<report>
				<misses>15557001</misses>
				<total>25</total>
				<timestamp>5905.748915</timestamp>
			</report>
			<report>
				<misses>15558001</misses>
				<total>25</total>
				<timestamp>5906.128508</timestamp>
			</report>
			<report>
				<misses>15559001</misses>
				<total>25</total>
				<timestamp>5906.508148</timestamp>
			</report>
			<report>
				<misses>15560001</misses>
				<total>25</total>
				<timestamp>5906.887800</timestamp>
			</report>
			<report>
				<misses>15561001</misses>
				<total>25</total>
				<timestamp>5907.267413</timestamp>
			</report>
			<report>
				<misses>15562001</misses>
				<total>25</total>
				<timestamp>5907.647045</timestamp>
			</report>
			<report>
				<misses>15563001</misses>
				<total>25</total>
				<timestamp>5908.026630</timestamp>
			</report>
			<report>
				<misses>15564001</misses>
				<total>25</total>
				<timestamp>5908.406259</timestamp>
			</report>
			<report>
				<misses>15565001</misses>
				<total>25</total>
				<timestamp>5908.785850</timestamp>
			</report>
			<report>
				<misses>15566001</misses>
				<total>25</total>
				<timestamp>5909.165493</timestamp>
			</report>
			<report>
				<misses>15567001</misses>
				<total>25</total>
				<timestamp>5909.545118</timestamp>
			</report>
			<report>
				<misses>15568001</misses>
				<total>25</total>
				<timestamp>5909.924747</timestamp>
			</report>
			<report>
				<misses>15569001</misses>
				<total>25</total>
				<timestamp>5910.304395</timestamp>
			</report>
			<report>
				<misses>15570001</misses>
				<total>25</total>
				<timestamp>5910.684017</timestamp>
			</report>
			<report>
				<misses>15571001</misses>
				<total>25</total>
				<timestamp>5911.063575</timestamp>
			</report>
			<report>
				<misses>15572001</misses>
				<total>25</total>
				<timestamp>5911.443199</timestamp>
			</report>
			<report>
				<misses>15573001</misses>
				<total>25</total>
				<timestamp>5911.822861</timestamp>
			</report>
			<report>
				<misses>15574001</misses>
				<total>25</total>
				<timestamp>5912.202489</timestamp>
			</report>
			<report>
				<misses>15575001</misses>
				<total>25</total>
				<timestamp>5912.582078</timestamp>
			</report>
			<report>
				<misses>15576001</misses>
				<total>25</total>
				<timestamp>5912.961675</timestamp>
			</report>
			<report>
				<misses>15577001</misses>
				<total>25</total>
				<timestamp>5913.341331</timestamp>
			</report>
			<report>
				<misses>15578001</misses>
				<total>25</total>
				<timestamp>5913.720929</timestamp>
			</report>
			<report>
				<misses>15579001</misses>
				<total>25</total>
				<timestamp>5914.100585</timestamp>
			</report>
			<report>
				<misses>15580001</misses>
				<total>25</total>
				<timestamp>5914.480155</timestamp>
			</report>
			<report>
				<misses>15581001</misses>
				<total>25</total>
				<timestamp>5914.859779</timestamp>
			</report>
			<report>
				<misses>15582001</misses>
				<total>25</total>
				<timestamp>5915.239395</timestamp>
			</report>
			<report>
				<misses>15583001</misses>
				<total>25</total>
				<timestamp>5915.619055</timestamp>
			</report>
			<report>
				<misses>15584001</misses>
				<total>25</total>
				<timestamp>5915.998640</timestamp>
			</report>
			<report>
				<misses>15585001</misses>
				<total>25</total>
				<timestamp>5916.378314</timestamp>
			</report>
			<report>
				<misses>15586001</misses>
				<total>25</total>
				<timestamp>5916.757877</timestamp>
			</report>
			<report>
				<misses>15587001</misses>
				<total>25</total>
				<timestamp>5917.137557</timestamp>
			</report>
			<report>
				<misses>15588001</misses>
				<total>25</total>
				<timestamp>5917.517108</timestamp>
			</report>
			<report>
				<misses>15589001</misses>
				<total>25</total>
				<timestamp>5917.896755</timestamp>
			</report>
			<report>
				<misses>15590001</misses>
				<total>25</total>
				<timestamp>5918.276376</timestamp>
			</report>
			<report>
				<misses>15591001</misses>
				<total>25</total>
				<timestamp>5918.655978</timestamp>
			</report>
			<report>
				<misses>15592001</misses>
				<total>25</total>
				<timestamp>5919.035624</timestamp>
			</report>
			<report>
				<misses>15593001</misses>
				<total>25</total>
				<timestamp>5919.415232</timestamp>
			</report>
			<report>
				<misses>15594001</misses>
				<total>25</total>
				<timestamp>5919.794875</timestamp>
			</report>
			<report>
				<misses>15595001</misses>
				<total>25</total>
				<timestamp>5920.174474</timestamp>
			</report>
			<report>
				<misses>15596001</misses>
				<total>25</total>
				<timestamp>5920.554099</timestamp>
			</report>
			<report>
				<misses>15597001</misses>
				<total>25</total>
				<timestamp>5920.933767</timestamp>
			</report>
			<report>
				<misses>15598001</misses>
				<total>25</total>
				<timestamp>5921.313317</timestamp>
			</report>
			<report>
				<misses>15599001</misses>
				<total>25</total>
				<timestamp>5921.692942</timestamp>
			</report>
			<report>
				<misses>15600001</misses>
				<total>25</total>
				<timestamp>5922.072568</timestamp>
			</report>
			<report>
				<misses>15601001</misses>
				<total>25</total>
				<timestamp>5922.452188</timestamp>
			</report>
			<report>
				<misses>15602001</misses>
				<total>25</total>
				<timestamp>5922.831810</timestamp>
			</report>
			<report>
				<misses>15603001</misses>
				<total>25</total>
				<timestamp>5923.211414</timestamp>
			</report>
			<report>
				<misses>15604001</misses>
				<total>25</total>
				<timestamp>5923.591089</timestamp>
			</report>
			<report>
				<misses>15605001</misses>
				<total>25</total>
				<timestamp>5923.970667</timestamp>
			</report>
			<report>
				<misses>15606001</misses>
				<total>25</total>
				<timestamp>5924.350286</timestamp>
			</report>
			<report>
				<misses>15607001</misses>
				<total>25</total>
				<timestamp>5924.729946</timestamp>
			</report>
			<report>
				<misses>15608001</misses>
				<total>25</total>
				<timestamp>5925.109526</timestamp>
			</report>
			<report>
				<misses>15609001</misses>
				<total>25</total>
				<timestamp>5925.489152</timestamp>
			</report>
			<report>
				<misses>15610001</misses>
				<total>25</total>
				<timestamp>5925.868770</timestamp>
			</report>
			<report>
				<misses>15611001</misses>
				<total>25</total>
				<timestamp>5926.248405</timestamp>
			</report>
			<report>
				<misses>15612001</misses>
				<total>25</total>
				<timestamp>5926.628042</timestamp>
			</report>
			<report>
				<misses>15613001</misses>
				<total>25</total>
				<timestamp>5927.007665</timestamp>
			</report>
			<report>
				<misses>15614001</misses>
				<total>25</total>
				<timestamp>5927.387250</timestamp>
			</report>
			<report>
				<misses>15615001</misses>
				<total>25</total>
				<timestamp>5927.766897</timestamp>
			</report>
			<report>
				<misses>15616001</misses>
				<total>25</total>
				<timestamp>5928.146494</timestamp>
			</report>
			<report>
				<misses>15617001</misses>
				<total>25</total>
				<timestamp>5928.526115</timestamp>
			</report>
			<report>
				<misses>15618001</misses>
				<total>25</total>
				<timestamp>5928.905739</timestamp>
			</report>
			<report>
				<misses>15619001</misses>
				<total>25</total>
				<timestamp>5929.285343</timestamp>
			</report>
			<report>
				<misses>15620001</misses>
				<total>25</total>
				<timestamp>5929.664968</timestamp>
			</report>
			<report>
				<misses>15621001</misses>
				<total>25</total>
				<timestamp>5930.044570</timestamp>
			</report>
			<report>
				<misses>15622001</misses>
				<total>25</total>
				<timestamp>5930.424223</timestamp>
			</report>
			<report>
				<misses>15623001</misses>
				<total>25</total>
				<timestamp>5930.803830</timestamp>
			</report>
			<report>
				<misses>15624001</misses>
				<total>25</total>
				<timestamp>5931.183436</timestamp>
			</report>
			<report>
				<misses>15625001</misses>
				<total>25</total>
				<timestamp>5931.563062</timestamp>
			</report>
			<report>
				<misses>15626001</misses>
				<total>25</total>
				<timestamp>5931.942673</timestamp>
			</report>
			<report>
				<misses>15627001</misses>
				<total>25</total>
				<timestamp>5932.322321</timestamp>
			</report>
			<report>
				<misses>15628001</misses>
				<total>25</total>
				<timestamp>5932.701928</timestamp>
			</report>
			<report>
				<misses>15629001</misses>
				<total>25</total>
				<timestamp>5933.081540</timestamp>
			</report>
			<report>
				<misses>15630001</misses>
				<total>25</total>
				<timestamp>5933.461174</timestamp>
			</report>
			<report>
				<misses>15631001</misses>
				<total>25</total>
				<timestamp>5933.840824</timestamp>
			</report>
			<report>
				<misses>15632001</misses>
				<total>25</total>
				<timestamp>5934.220420</timestamp>
			</report>
			<report>
				<misses>15633001</misses>
				<total>25</total>
				<timestamp>5934.600042</timestamp>
			</report>
			<report>
				<misses>15634001</misses>
				<total>25</total>
				<timestamp>5934.979633</timestamp>
			</report>
			<report>
				<misses>15635001</misses>
				<total>25</total>
				<timestamp>5935.359286</timestamp>
			</report>
			<report>
				<misses>15636001</misses>
				<total>25</total>
				<timestamp>5935.738896</timestamp>
			</report>
			<report>
				<misses>15637001</misses>
				<total>25</total>
				<timestamp>5936.118503</timestamp>
			</report>
			<report>
				<misses>15638001</misses>
				<total>25</total>
				<timestamp>5936.498180</timestamp>
			</report>
			<report>
				<misses>15639001</misses>
				<total>25</total>
				<timestamp>5936.877749</timestamp>
			</report>
			<report>
				<misses>15640001</misses>
				<total>25</total>
				<timestamp>5937.257368</timestamp>
			</report>
			<report>
				<misses>15641001</misses>
				<total>25</total>
				<timestamp>5937.636990</timestamp>
			</report>
			<report>
				<misses>15642001</misses>
				<total>25</total>
				<timestamp>5938.016598</timestamp>
			</report>
			<report>
				<misses>15643001</misses>
				<total>25</total>
				<timestamp>5938.396251</timestamp>
			</report>
			<report>
				<misses>15644001</misses>
				<total>25</total>
				<timestamp>5938.775832</timestamp>
			</report>
			<report>
				<misses>15645001</misses>
				<total>25</total>
				<timestamp>5939.155463</timestamp>
			</report>
			<report>
				<misses>15646001</misses>
				<total>25</total>
				<timestamp>5939.535080</timestamp>
			</report>
			<report>
				<misses>15647001</misses>
				<total>25</total>
				<timestamp>5939.914709</timestamp>
			</report>
			<report>
				<misses>15648001</misses>
				<total>25</total>
				<timestamp>5940.294381</timestamp>
			</report>
			<report>
				<misses>15649001</misses>
				<total>25</total>
				<timestamp>5940.673936</timestamp>
			</report>
			<report>
				<misses>15650001</misses>
				<total>25</total>
				<timestamp>5941.053551</timestamp>
			</report>
			<report>
				<misses>15651001</misses>
				<total>25</total>
				<timestamp>5941.433223</timestamp>
			</report>
			<report>
				<misses>15652001</misses>
				<total>25</total>
				<timestamp>5941.812833</timestamp>
			</report>
			<report>
				<misses>15653001</misses>
				<total>25</total>
				<timestamp>5942.192425</timestamp>
			</report>
			<report>
				<misses>15654001</misses>
				<total>25</total>
				<timestamp>5942.572090</timestamp>
			</report>
			<report>
				<misses>15655001</misses>
				<total>25</total>
				<timestamp>5942.951672</timestamp>
			</report>
			<report>
				<misses>15656001</misses>
				<total>25</total>
				<timestamp>5943.331310</timestamp>
			</report>
			<report>
				<misses>15657001</misses>
				<total>25</total>
				<timestamp>5943.710918</timestamp>
			</report>
			<report>
				<misses>15658001</misses>
				<total>25</total>
				<timestamp>5944.090519</timestamp>
			</report>
			<report>
				<misses>15659001</misses>
				<total>25</total>
				<timestamp>5944.470151</timestamp>
			</report>
			<report>
				<misses>15660001</misses>
				<total>25</total>
				<timestamp>5944.849787</timestamp>
			</report>
			<report>
				<misses>15661001</misses>
				<total>25</total>
				<timestamp>5945.229443</timestamp>
			</report>
			<report>
				<misses>15662001</misses>
				<total>25</total>
				<timestamp>5945.609002</timestamp>
			</report>
			<report>
				<misses>15663001</misses>
				<total>25</total>
				<timestamp>5945.988622</timestamp>
			</report>
			<report>
				<misses>15664001</misses>
				<total>25</total>
				<timestamp>5946.368286</timestamp>
			</report>
			<report>
				<misses>15665001</misses>
				<total>25</total>
				<timestamp>5946.747880</timestamp>
			</report>
			<report>
				<misses>15666001</misses>
				<total>25</total>
				<timestamp>5947.127490</timestamp>
			</report>
			<report>
				<misses>15667001</misses>
				<total>25</total>
				<timestamp>5947.507096</timestamp>
			</report>
			<report>
				<misses>15668001</misses>
				<total>25</total>
				<timestamp>5947.886775</timestamp>
			</report>
			<report>
				<misses>15669001</misses>
				<total>25</total>
				<timestamp>5948.266378</timestamp>
			</report>
			<report>
				<misses>15670001</misses>
				<total>25</total>
				<timestamp>5948.645965</timestamp>
			</report>
			<report>
				<misses>15671001</misses>
				<total>25</total>
				<timestamp>5949.025597</timestamp>
			</report>
			<report>
				<misses>15672001</misses>
				<total>25</total>
				<timestamp>5949.405207</timestamp>
			</report>
			<report>
				<misses>15673001</misses>
				<total>25</total>
				<timestamp>5949.784830</timestamp>
			</report>
			<report>
				<misses>15674001</misses>
				<total>25</total>
				<timestamp>5950.164432</timestamp>
			</report>
			<report>
				<misses>15675001</misses>
				<total>25</total>
				<timestamp>5950.544059</timestamp>
			</report>
			<report>
				<misses>15676001</misses>
				<total>25</total>
				<timestamp>5950.923697</timestamp>
			</report>
			<report>
				<misses>15677001</misses>
				<total>25</total>
				<timestamp>5951.303288</timestamp>
			</report>
			<report>
				<misses>15678001</misses>
				<total>25</total>
				<timestamp>5951.682923</timestamp>
			</report>
			<report>
				<misses>15679001</misses>
				<total>25</total>
				<timestamp>5952.062557</timestamp>
			</report>
			<report>
				<misses>15680001</misses>
				<total>25</total>
				<timestamp>5952.442200</timestamp>
			</report>
			<report>
				<misses>15681001</misses>
				<total>25</total>
				<timestamp>5952.821780</timestamp>
			</report>
			<report>
				<misses>15682001</misses>
				<total>25</total>
				<timestamp>5953.201442</timestamp>
			</report>
			<report>
				<misses>15683001</misses>
				<total>25</total>
				<timestamp>5953.581023</timestamp>
			</report>
			<report>
				<misses>15684001</misses>
				<total>25</total>
				<timestamp>5953.960690</timestamp>
			</report>
			<report>
				<misses>15685001</misses>
				<total>25</total>
				<timestamp>5954.340269</timestamp>
			</report>
			<report>
				<misses>15686001</misses>
				<total>25</total>
				<timestamp>5954.719882</timestamp>
			</report>
			<report>
				<misses>15687001</misses>
				<total>25</total>
				<timestamp>5955.099493</timestamp>
			</report>
			<report>
				<misses>15688001</misses>
				<total>25</total>
				<timestamp>5955.479125</timestamp>
			</report>
			<report>
				<misses>15689001</misses>
				<total>25</total>
				<timestamp>5955.858762</timestamp>
			</report>
			<report>
				<misses>15690001</misses>
				<total>25</total>
				<timestamp>5956.238381</timestamp>
			</report>
			<report>
				<misses>15691001</misses>
				<total>25</total>
				<timestamp>5956.617990</timestamp>
			</report>
			<report>
				<misses>15692001</misses>
				<total>25</total>
				<timestamp>5956.997595</timestamp>
			</report>
			<report>
				<misses>15693001</misses>
				<total>25</total>
				<timestamp>5957.377243</timestamp>
			</report>
			<report>
				<misses>15694001</misses>
				<total>25</total>
				<timestamp>5957.756841</timestamp>
			</report>
			<report>
				<misses>15695001</misses>
				<total>25</total>
				<timestamp>5958.136443</timestamp>
			</report>
			<report>
				<misses>15696001</misses>
				<total>25</total>
				<timestamp>5958.516127</timestamp>
			</report>
			<report>
				<misses>15697001</misses>
				<total>25</total>
				<timestamp>5958.895714</timestamp>
			</report>
			<report>
				<misses>15698001</misses>
				<total>25</total>
				<timestamp>5959.275302</timestamp>
			</report>
			<report>
				<misses>15699001</misses>
				<total>25</total>
				<timestamp>5959.654941</timestamp>
			</report>
			<report>
				<misses>15700001</misses>
				<total>25</total>
				<timestamp>5960.034574</timestamp>
			</report>
			<report>
				<misses>15701001</misses>
				<total>25</total>
				<timestamp>5960.414239</timestamp>
			</report>
			<report>
				<misses>15702001</misses>
				<total>25</total>
				<timestamp>5960.793835</timestamp>
			</report>
			<report>
				<misses>15703001</misses>
				<total>25</total>
				<timestamp>5961.173449</timestamp>
			</report>
			<report>
				<misses>15704001</misses>
				<total>25</total>
				<timestamp>5961.553048</timestamp>
			</report>
			<report>
				<misses>15705001</misses>
				<total>25</total>
				<timestamp>5961.932692</timestamp>
			</report>
			<report>
				<misses>15706001</misses>
				<total>25</total>
				<timestamp>5962.312295</timestamp>
			</report>
			<report>
				<misses>15707001</misses>
				<total>25</total>
				<timestamp>5962.691905</timestamp>
			</report>
			<report>
				<misses>15708001</misses>
				<total>25</total>
				<timestamp>5963.071516</timestamp>
			</report>
			<report>
				<misses>15709001</misses>
				<total>25</total>
				<timestamp>5963.451163</timestamp>
			</report>
			<report>
				<misses>15710001</misses>
				<total>25</total>
				<timestamp>5963.830793</timestamp>
			</report>
			<report>
				<misses>15711001</misses>
				<total>25</total>
				<timestamp>5964.210386</timestamp>
			</report>
			<report>
				<misses>15712001</misses>
				<total>25</total>
				<timestamp>5964.590028</timestamp>
			</report>
			<report>
				<misses>15713001</misses>
				<total>25</total>
				<timestamp>5964.969664</timestamp>
			</report>
			<report>
				<misses>15714001</misses>
				<total>25</total>
				<timestamp>5965.349245</timestamp>
			</report>
			<report>
				<misses>15715001</misses>
				<total>25</total>
				<timestamp>5965.728885</timestamp>
			</report>
			<report>
				<misses>15716001</misses>
				<total>25</total>
				<timestamp>5966.108488</timestamp>
			</report>
			<report>
				<misses>15717001</misses>
				<total>25</total>
				<timestamp>5966.488137</timestamp>
			</report>
			<report>
				<misses>15718001</misses>
				<total>25</total>
				<timestamp>5966.867764</timestamp>
			</report>
			<report>
				<misses>15719001</misses>
				<total>25</total>
				<timestamp>5967.247400</timestamp>
			</report>
			<report>
				<misses>15720001</misses>
				<total>25</total>
				<timestamp>5967.626989</timestamp>
			</report>
			<report>
				<misses>15721001</misses>
				<total>25</total>
				<timestamp>5968.006643</timestamp>
			</report>
			<report>
				<misses>15722001</misses>
				<total>25</total>
				<timestamp>5968.386216</timestamp>
			</report>
			<report>
				<misses>15723001</misses>
				<total>25</total>
				<timestamp>5968.765833</timestamp>
			</report>
			<report>
				<misses>15724001</misses>
				<total>25</total>
				<timestamp>5969.145485</timestamp>
			</report>
			<report>
				<misses>15725001</misses>
				<total>25</total>
				<timestamp>5969.525092</timestamp>
			</report>
			<report>
				<misses>15726001</misses>
				<total>25</total>
				<timestamp>5969.904705</timestamp>
			</report>
			<report>
				<misses>15727001</misses>
				<total>25</total>
				<timestamp>5970.284306</timestamp>
			</report>
			<report>
				<misses>15728001</misses>
				<total>25</total>
				<timestamp>5970.663924</timestamp>
			</report>
			<report>
				<misses>15729001</misses>
				<total>25</total>
				<timestamp>5971.043586</timestamp>
			</report>
			<report>
				<misses>15730001</misses>
				<total>25</total>
				<timestamp>5971.423217</timestamp>
			</report>
			<report>
				<misses>15731001</misses>
				<total>25</total>
				<timestamp>5971.802788</timestamp>
			</report>
			<report>
				<misses>15732001</misses>
				<total>25</total>
				<timestamp>5972.182437</timestamp>
			</report>
			<report>
				<misses>15733001</misses>
				<total>25</total>
				<timestamp>5972.562026</timestamp>
			</report>
			<report>
				<misses>15734001</misses>
				<total>25</total>
				<timestamp>5972.941675</timestamp>
			</report>
			<report>
				<misses>15735001</misses>
				<total>25</total>
				<timestamp>5973.321250</timestamp>
			</report>
			<report>
				<misses>15736001</misses>
				<total>25</total>
				<timestamp>5973.700926</timestamp>
			</report>
			<report>
				<misses>15737001</misses>
				<total>25</total>
				<timestamp>5974.080559</timestamp>
			</report>
			<report>
				<misses>15738001</misses>
				<total>25</total>
				<timestamp>5974.460150</timestamp>
			</report>
			<report>
				<misses>15739001</misses>
				<total>25</total>
				<timestamp>5974.839747</timestamp>
			</report>
			<report>
				<misses>15740001</misses>
				<total>25</total>
				<timestamp>5975.219374</timestamp>
			</report>
			<report>
				<misses>15741001</misses>
				<total>25</total>
				<timestamp>5975.599013</timestamp>
			</report>
			<report>
				<misses>15742001</misses>
				<total>25</total>
				<timestamp>5975.978614</timestamp>
			</report>
			<report>
				<misses>15743001</misses>
				<total>25</total>
				<timestamp>5976.358239</timestamp>
			</report>
			<report>
				<misses>15744001</misses>
				<total>25</total>
				<timestamp>5976.737857</timestamp>
			</report>
			<report>
				<misses>15745001</misses>
				<total>25</total>
				<timestamp>5977.117492</timestamp>
			</report>
			<report>
				<misses>15746001</misses>
				<total>25</total>
				<timestamp>5977.497097</timestamp>
			</report>
			<report>
				<misses>15747001</misses>
				<total>25</total>
				<timestamp>5977.876706</timestamp>
			</report>
			<report>
				<misses>15748001</misses>
				<total>25</total>
				<timestamp>5978.256329</timestamp>
			</report>
			<report>
				<misses>15749001</misses>
				<total>25</total>
				<timestamp>5978.635932</timestamp>
			</report>
			<report>
				<misses>15750001</misses>
				<total>25</total>
				<timestamp>5979.015559</timestamp>
			</report>
			<report>
				<misses>15751001</misses>
				<total>25</total>
				<timestamp>5979.395180</timestamp>
			</report>
			<report>
				<misses>15752001</misses>
				<total>25</total>
				<timestamp>5979.774799</timestamp>
			</report>
			<report>
				<misses>15753001</misses>
				<total>25</total>
				<timestamp>5980.154436</timestamp>
			</report>
			<report>
				<misses>15754001</misses>
				<total>25</total>
				<timestamp>5980.534051</timestamp>
			</report>
			<report>
				<misses>15755001</misses>
				<total>25</total>
				<timestamp>5980.913704</timestamp>
			</report>
			<report>
				<misses>15756001</misses>
				<total>25</total>
				<timestamp>5981.293323</timestamp>
			</report>
			<report>
				<misses>15757001</misses>
				<total>25</total>
				<timestamp>5981.672906</timestamp>
			</report>
			<report>
				<misses>15758001</misses>
				<total>25</total>
				<timestamp>5982.052598</timestamp>
			</report>
			<report>
				<misses>15759001</misses>
				<total>25</total>
				<timestamp>5982.432171</timestamp>
			</report>
			<report>
				<misses>15760001</misses>
				<total>25</total>
				<timestamp>5982.811789</timestamp>
			</report>
			<report>
				<misses>15761001</misses>
				<total>25</total>
				<timestamp>5983.191390</timestamp>
			</report>
			<report>
				<misses>15762001</misses>
				<total>25</total>
				<timestamp>5983.571050</timestamp>
			</report>
			<report>
				<misses>15763001</misses>
				<total>25</total>
				<timestamp>5983.950624</timestamp>
			</report>
			<report>
				<misses>15764001</misses>
				<total>25</total>
				<timestamp>5984.330275</timestamp>
			</report>
			<report>
				<misses>15765001</misses>
				<total>25</total>
				<timestamp>5984.709872</timestamp>
			</report>
			<report>
				<misses>15766001</misses>
				<total>25</total>
				<timestamp>5985.089525</timestamp>
			</report>
			<report>
				<misses>15767001</misses>
				<total>25</total>
				<timestamp>5985.469123</timestamp>
			</report>
			<report>
				<misses>15768001</misses>
				<total>25</total>
				<timestamp>5985.848735</timestamp>
			</report>
			<report>
				<misses>15769001</misses>
				<total>25</total>
				<timestamp>5986.228404</timestamp>
			</report>
			<report>
				<misses>15770001</misses>
				<total>25</total>
				<timestamp>5986.607991</timestamp>
			</report>
			<report>
				<misses>15771001</misses>
				<total>25</total>
				<timestamp>5986.987579</timestamp>
			</report>
			<report>
				<misses>15772001</misses>
				<total>25</total>
				<timestamp>5987.367209</timestamp>
			</report>
			<report>
				<misses>15773001</misses>
				<total>25</total>
				<timestamp>5987.746826</timestamp>
			</report>
			<report>
				<misses>15774001</misses>
				<total>25</total>
				<timestamp>5988.126527</timestamp>
			</report>
			<report>
				<misses>15775001</misses>
				<total>25</total>
				<timestamp>5988.506058</timestamp>
			</report>
			<report>
				<misses>15776001</misses>
				<total>25</total>
				<timestamp>5988.885704</timestamp>
			</report>
			<report>
				<misses>15777001</misses>
				<total>25</total>
				<timestamp>5989.265295</timestamp>
			</report>
			<report>
				<misses>15778001</misses>
				<total>25</total>
				<timestamp>5989.644920</timestamp>
			</report>
			<report>
				<misses>15779001</misses>
				<total>25</total>
				<timestamp>5990.024547</timestamp>
			</report>
			<report>
				<misses>15780001</misses>
				<total>25</total>
				<timestamp>5990.404173</timestamp>
			</report>
			<report>
				<misses>15781001</misses>
				<total>25</total>
				<timestamp>5990.783779</timestamp>
			</report>
			<report>
				<misses>15782001</misses>
				<total>25</total>
				<timestamp>5991.163442</timestamp>
			</report>
			<report>
				<misses>15783001</misses>
				<total>25</total>
				<timestamp>5991.543027</timestamp>
			</report>
			<report>
				<misses>15784001</misses>
				<total>25</total>
				<timestamp>5991.922659</timestamp>
			</report>
			<report>
				<misses>15785001</misses>
				<total>25</total>
				<timestamp>5992.302302</timestamp>
			</report>
			<report>
				<misses>15786001</misses>
				<total>25</total>
				<timestamp>5992.681872</timestamp>
			</report>
			<report>
				<misses>15787001</misses>
				<total>25</total>
				<timestamp>5993.061516</timestamp>
			</report>
			<report>
				<misses>15788001</misses>
				<total>25</total>
				<timestamp>5993.441163</timestamp>
			</report>
			<report>
				<misses>15789001</misses>
				<total>25</total>
				<timestamp>5993.820746</timestamp>
			</report>
			<report>
				<misses>15790001</misses>
				<total>25</total>
				<timestamp>5994.200378</timestamp>
			</report>
			<report>
				<misses>15791001</misses>
				<total>25</total>
				<timestamp>5994.579968</timestamp>
			</report>
			<report>
				<misses>15792001</misses>
				<total>25</total>
				<timestamp>5994.959642</timestamp>
			</report>
			<report>
				<misses>15793001</misses>
				<total>25</total>
				<timestamp>5995.339239</timestamp>
			</report>
			<report>
				<misses>15794001</misses>
				<total>25</total>
				<timestamp>5995.718882</timestamp>
			</report>
			<report>
				<misses>15795001</misses>
				<total>25</total>
				<timestamp>5996.098490</timestamp>
			</report>
			<report>
				<misses>15796001</misses>
				<total>25</total>
				<timestamp>5996.478112</timestamp>
			</report>
			<report>
				<misses>15797001</misses>
				<total>25</total>
				<timestamp>5996.857702</timestamp>
			</report>
			<report>
				<misses>15798001</misses>
				<total>25</total>
				<timestamp>5997.237368</timestamp>
			</report>
			<report>
				<misses>15799001</misses>
				<total>25</total>
				<timestamp>5997.616931</timestamp>
			</report>
			<report>
				<misses>15800001</misses>
				<total>25</total>
				<timestamp>5997.996597</timestamp>
			</report>
			<report>
				<misses>15801001</misses>
				<total>25</total>
				<timestamp>5998.376180</timestamp>
			</report>
			<report>
				<misses>15802001</misses>
				<total>25</total>
				<timestamp>5998.755803</timestamp>
			</report>
			<report>
				<misses>15803001</misses>
				<total>25</total>
				<timestamp>5999.135426</timestamp>
			</report>
			<report>
				<misses>15804001</misses>
				<total>25</total>
				<timestamp>5999.515041</timestamp>
			</report>
			<report>
				<misses>15805001</misses>
				<total>25</total>
				<timestamp>5999.894649</timestamp>
			</report>
			<report>
				<misses>15806001</misses>
				<total>25</total>
				<timestamp>6000.274279</timestamp>
			</report>
			<report>
				<misses>15807001</misses>
				<total>25</total>
				<timestamp>6000.653952</timestamp>
			</report>
			<report>
				<misses>15808001</misses>
				<total>25</total>
				<timestamp>6001.033544</timestamp>
			</report>
			<report>
				<misses>15809001</misses>
				<total>25</total>
				<timestamp>6001.413134</timestamp>
			</report>
			<report>
				<misses>15810001</misses>
				<total>25</total>
				<timestamp>6001.792755</timestamp>
			</report>
			<report>
				<misses>15811001</misses>
				<total>25</total>
				<timestamp>6002.172431</timestamp>
			</report>
			<report>
				<misses>15812001</misses>
				<total>25</total>
				<timestamp>6002.551993</timestamp>
			</report>
			<report>
				<misses>15813001</misses>
				<total>25</total>
				<timestamp>6002.931601</timestamp>
			</report>
			<report>
				<misses>15814001</misses>
				<total>25</total>
				<timestamp>6003.311233</timestamp>
			</report>
			<report>
				<misses>15815001</misses>
				<total>25</total>
				<timestamp>6003.690880</timestamp>
			</report>
			<report>
				<misses>15816001</misses>
				<total>25</total>
				<timestamp>6004.070538</timestamp>
			</report>
			<report>
				<misses>15817001</misses>
				<total>25</total>
				<timestamp>6004.450109</timestamp>
			</report>
			<report>
				<misses>15818001</misses>
				<total>25</total>
				<timestamp>6004.829753</timestamp>
			</report>
			<report>
				<misses>15819001</misses>
				<total>25</total>
				<timestamp>6005.209367</timestamp>
			</report>
			<report>
				<misses>15820001</misses>
				<total>25</total>
				<timestamp>6005.588988</timestamp>
			</report>
			<report>
				<misses>15821001</misses>
				<total>25</total>
				<timestamp>6005.968581</timestamp>
			</report>
			<report>
				<misses>15822001</misses>
				<total>25</total>
				<timestamp>6006.348245</timestamp>
			</report>
			<report>
				<misses>15823001</misses>
				<total>25</total>
				<timestamp>6006.727819</timestamp>
			</report>
			<report>
				<misses>15824001</misses>
				<total>25</total>
				<timestamp>6007.107439</timestamp>
			</report>
			<report>
				<misses>15825001</misses>
				<total>25</total>
				<timestamp>6007.487086</timestamp>
			</report>
			<report>
				<misses>15826001</misses>
				<total>25</total>
				<timestamp>6007.866662</timestamp>
			</report>
			<report>
				<misses>15827001</misses>
				<total>25</total>
				<timestamp>6008.246330</timestamp>
			</report>
			<report>
				<misses>15828001</misses>
				<total>25</total>
				<timestamp>6008.625917</timestamp>
			</report>
			<report>
				<misses>15829001</misses>
				<total>25</total>
				<timestamp>6009.005549</timestamp>
			</report>
			<report>
				<misses>15830001</misses>
				<total>25</total>
				<timestamp>6009.385153</timestamp>
			</report>
			<report>
				<misses>15831001</misses>
				<total>25</total>
				<timestamp>6009.764789</timestamp>
			</report>
			<report>
				<misses>15832001</misses>
				<total>25</total>
				<timestamp>6010.144420</timestamp>
			</report>
			<report>
				<misses>15833001</misses>
				<total>25</total>
				<timestamp>6010.524094</timestamp>
			</report>
			<report>
				<misses>15834001</misses>
				<total>25</total>
				<timestamp>6010.903648</timestamp>
			</report>
			<report>
				<misses>15835001</misses>
				<total>25</total>
				<timestamp>6011.283322</timestamp>
			</report>
			<report>
				<misses>15836001</misses>
				<total>25</total>
				<timestamp>6011.662932</timestamp>
			</report>
			<report>
				<misses>15837001</misses>
				<total>25</total>
				<timestamp>6012.042533</timestamp>
			</report>
			<report>
				<misses>15838001</misses>
				<total>25</total>
				<timestamp>6012.422118</timestamp>
			</report>
			<report>
				<misses>15839001</misses>
				<total>25</total>
				<timestamp>6012.801744</timestamp>
			</report>
			<report>
				<misses>15840001</misses>
				<total>25</total>
				<timestamp>6013.181387</timestamp>
			</report>
			<report>
				<misses>15841001</misses>
				<total>25</total>
				<timestamp>6013.560990</timestamp>
			</report>
			<report>
				<misses>15842001</misses>
				<total>25</total>
				<timestamp>6013.940600</timestamp>
			</report>
			<report>
				<misses>15843001</misses>
				<total>25</total>
				<timestamp>6014.320224</timestamp>
			</report>
			<report>
				<misses>15844001</misses>
				<total>25</total>
				<timestamp>6014.699839</timestamp>
			</report>
			<report>
				<misses>15845001</misses>
				<total>25</total>
				<timestamp>6015.079501</timestamp>
			</report>
			<report>
				<misses>15846001</misses>
				<total>25</total>
				<timestamp>6015.459074</timestamp>
			</report>
			<report>
				<misses>15847001</misses>
				<total>25</total>
				<timestamp>6015.838701</timestamp>
			</report>
			<report>
				<misses>15848001</misses>
				<total>25</total>
				<timestamp>6016.218369</timestamp>
			</report>
			<report>
				<misses>15849001</misses>
				<total>25</total>
				<timestamp>6016.597932</timestamp>
			</report>
			<report>
				<misses>15850001</misses>
				<total>25</total>
				<timestamp>6016.977558</timestamp>
			</report>
			<report>
				<misses>15851001</misses>
				<total>25</total>
				<timestamp>6017.357179</timestamp>
			</report>
			<report>
				<misses>15852001</misses>
				<total>25</total>
				<timestamp>6017.736811</timestamp>
			</report>
			<report>
				<misses>15853001</misses>
				<total>25</total>
				<timestamp>6018.116466</timestamp>
			</report>
			<report>
				<misses>15854001</misses>
				<total>25</total>
				<timestamp>6018.496041</timestamp>
			</report>
			<report>
				<misses>15855001</misses>
				<total>25</total>
				<timestamp>6018.875679</timestamp>
			</report>
			<report>
				<misses>15856001</misses>
				<total>25</total>
				<timestamp>6019.255312</timestamp>
			</report>
			<report>
				<misses>15857001</misses>
				<total>25</total>
				<timestamp>6019.634918</timestamp>
			</report>
			<report>
				<misses>15858001</misses>
				<total>25</total>
				<timestamp>6020.014530</timestamp>
			</report>
			<report>
				<misses>15859001</misses>
				<total>25</total>
				<timestamp>6020.394133</timestamp>
			</report>
			<report>
				<misses>15860001</misses>
				<total>25</total>
				<timestamp>6020.773751</timestamp>
			</report>
			<report>
				<misses>15861001</misses>
				<total>25</total>
				<timestamp>6021.153429</timestamp>
			</report>
			<report>
				<misses>15862001</misses>
				<total>25</total>
				<timestamp>6021.532997</timestamp>
			</report>
			<report>
				<misses>15863001</misses>
				<total>25</total>
				<timestamp>6021.912634</timestamp>
			</report>
			<report>
				<misses>15864001</misses>
				<total>25</total>
				<timestamp>6022.292299</timestamp>
			</report>
			<report>
				<misses>15865001</misses>
				<total>25</total>
				<timestamp>6022.671854</timestamp>
			</report>
			<report>
				<misses>15866001</misses>
				<total>25</total>
				<timestamp>6023.051474</timestamp>
			</report>
			<report>
				<misses>15867001</misses>
				<total>25</total>
				<timestamp>6023.431100</timestamp>
			</report>
			<report>
				<misses>15868001</misses>
				<total>25</total>
				<timestamp>6023.810715</timestamp>
			</report>
			<report>
				<misses>15869001</misses>
				<total>25</total>
				<timestamp>6024.190408</timestamp>
			</report>
			<report>
				<misses>15870001</misses>
				<total>25</total>
				<timestamp>6024.569962</timestamp>
			</report>
			<report>
				<misses>15871001</misses>
				<total>25</total>
				<timestamp>6024.949574</timestamp>
			</report>
			<report>
				<misses>15872001</misses>
				<total>25</total>
				<timestamp>6025.329226</timestamp>
			</report>
			<report>
				<misses>15873001</misses>
				<total>25</total>
				<timestamp>6025.708829</timestamp>
			</report>
			<report>
				<misses>15874001</misses>
				<total>25</total>
				<timestamp>6026.088467</timestamp>
			</report>
			<report>
				<misses>15875001</misses>
				<total>25</total>
				<timestamp>6026.468059</timestamp>
			</report>
			<report>
				<misses>15876001</misses>
				<total>25</total>
				<timestamp>6026.847678</timestamp>
			</report>
			<report>
				<misses>15877001</misses>
				<total>25</total>
				<timestamp>6027.227302</timestamp>
			</report>
			<report>
				<misses>15878001</misses>
				<total>25</total>
				<timestamp>6027.606934</timestamp>
			</report>
			<report>
				<misses>15879001</misses>
				<total>25</total>
				<timestamp>6027.986553</timestamp>
			</report>
			<report>
				<misses>15880001</misses>
				<total>25</total>
				<timestamp>6028.366180</timestamp>
			</report>
			<report>
				<misses>15881001</misses>
				<total>25</total>
				<timestamp>6028.745792</timestamp>
			</report>
			<report>
				<misses>15882001</misses>
				<total>25</total>
				<timestamp>6029.125410</timestamp>
			</report>
			<report>
				<misses>15883001</misses>
				<total>25</total>
				<timestamp>6029.505019</timestamp>
			</report>
			<report>
				<misses>15884001</misses>
				<total>25</total>
				<timestamp>6029.884642</timestamp>
			</report>
			<report>
				<misses>15885001</misses>
				<total>25</total>
				<timestamp>6030.264302</timestamp>
			</report>
			<report>
				<misses>15886001</misses>
				<total>25</total>
				<timestamp>6030.643878</timestamp>
			</report>
			<report>
				<misses>15887001</misses>
				<total>25</total>
				<timestamp>6031.023518</timestamp>
			</report>
			<report>
				<misses>15888001</misses>
				<total>25</total>
				<timestamp>6031.403198</timestamp>
			</report>
			<report>
				<misses>15889001</misses>
				<total>25</total>
				<timestamp>6031.782739</timestamp>
			</report>
			<report>
				<misses>15890001</misses>
				<total>25</total>
				<timestamp>6032.162419</timestamp>
			</report>
			<report>
				<misses>15891001</misses>
				<total>25</total>
				<timestamp>6032.541967</timestamp>
			</report>
			<report>
				<misses>15892001</misses>
				<total>25</total>
				<timestamp>6032.921607</timestamp>
			</report>
			<report>
				<misses>15893001</misses>
				<total>25</total>
				<timestamp>6033.301289</timestamp>
			</report>
			<report>
				<misses>15894001</misses>
				<total>25</total>
				<timestamp>6033.680900</timestamp>
			</report>
			<report>
				<misses>15895001</misses>
				<total>25</total>
				<timestamp>6034.060473</timestamp>
			</report>
			<report>
				<misses>15896001</misses>
				<total>25</total>
				<timestamp>6034.440082</timestamp>
			</report>
			<report>
				<misses>15897001</misses>
				<total>25</total>
				<timestamp>6034.819705</timestamp>
			</report>
			<report>
				<misses>15898001</misses>
				<total>25</total>
				<timestamp>6035.199357</timestamp>
			</report>
			<report>
				<misses>15899001</misses>
				<total>25</total>
				<timestamp>6035.578964</timestamp>
			</report>
			<report>
				<misses>15900001</misses>
				<total>25</total>
				<timestamp>6035.958554</timestamp>
			</report>
			<report>
				<misses>15901001</misses>
				<total>25</total>
				<timestamp>6036.338218</timestamp>
			</report>
			<report>
				<misses>15902001</misses>
				<total>25</total>
				<timestamp>6036.717832</timestamp>
			</report>
			<report>
				<misses>15903001</misses>
				<total>25</total>
				<timestamp>6037.097422</timestamp>
			</report>
			<report>
				<misses>15904001</misses>
				<total>25</total>
				<timestamp>6037.477038</timestamp>
			</report>
			<report>
				<misses>15905001</misses>
				<total>25</total>
				<timestamp>6037.856652</timestamp>
			</report>
			<report>
				<misses>15906001</misses>
				<total>25</total>
				<timestamp>6038.236296</timestamp>
			</report>
			<report>
				<misses>15907001</misses>
				<total>25</total>
				<timestamp>6038.615912</timestamp>
			</report>
			<report>
				<misses>15908001</misses>
				<total>25</total>
				<timestamp>6038.995516</timestamp>
			</report>
			<report>
				<misses>15909001</misses>
				<total>25</total>
				<timestamp>6039.375173</timestamp>
			</report>
			<report>
				<misses>15910001</misses>
				<total>25</total>
				<timestamp>6039.754787</timestamp>
			</report>
			<report>
				<misses>15911001</misses>
				<total>25</total>
				<timestamp>6040.134381</timestamp>
			</report>
			<report>
				<misses>15912001</misses>
				<total>25</total>
				<timestamp>6040.513994</timestamp>
			</report>
			<report>
				<misses>15913001</misses>
				<total>25</total>
				<timestamp>6040.893622</timestamp>
			</report>
			<report>
				<misses>15914001</misses>
				<total>25</total>
				<timestamp>6041.273292</timestamp>
			</report>
			<report>
				<misses>15915001</misses>
				<total>25</total>
				<timestamp>6041.652905</timestamp>
			</report>
			<report>
				<misses>15916001</misses>
				<total>25</total>
				<timestamp>6042.032467</timestamp>
			</report>
			<report>
				<misses>15917001</misses>
				<total>25</total>
				<timestamp>6042.412106</timestamp>
			</report>
			<report>
				<misses>15918001</misses>
				<total>25</total>
				<timestamp>6042.791770</timestamp>
			</report>
			<report>
				<misses>15919001</misses>
				<total>25</total>
				<timestamp>6043.171384</timestamp>
			</report>
			<report>
				<misses>15920001</misses>
				<total>25</total>
				<timestamp>6043.550966</timestamp>
			</report>
			<report>
				<misses>15921001</misses>
				<total>25</total>
				<timestamp>6043.930576</timestamp>
			</report>
			<report>
				<misses>15922001</misses>
				<total>25</total>
				<timestamp>6044.310227</timestamp>
			</report>
			<report>
				<misses>15923001</misses>
				<total>25</total>
				<timestamp>6044.689855</timestamp>
			</report>
			<report>
				<misses>15924001</misses>
				<total>25</total>
				<timestamp>6045.069442</timestamp>
			</report>
			<report>
				<misses>15925001</misses>
				<total>25</total>
				<timestamp>6045.449064</timestamp>
			</report>
			<report>
				<misses>15926001</misses>
				<total>25</total>
				<timestamp>6045.828687</timestamp>
			</report>
			<report>
				<misses>15927001</misses>
				<total>25</total>
				<timestamp>6046.208316</timestamp>
			</report>
			<report>
				<misses>15928001</misses>
				<total>25</total>
				<timestamp>6046.587945</timestamp>
			</report>
			<report>
				<misses>15929001</misses>
				<total>25</total>
				<timestamp>6046.967540</timestamp>
			</report>
			<report>
				<misses>15930001</misses>
				<total>25</total>
				<timestamp>6047.347177</timestamp>
			</report>
			<report>
				<misses>15931001</misses>
				<total>25</total>
				<timestamp>6047.726770</timestamp>
			</report>
			<report>
				<misses>15932001</misses>
				<total>25</total>
				<timestamp>6048.106406</timestamp>
			</report>
			<report>
				<misses>15933001</misses>
				<total>25</total>
				<timestamp>6048.486016</timestamp>
			</report>
			<report>
				<misses>15934001</misses>
				<total>25</total>
				<timestamp>6048.865668</timestamp>
			</report>
			<report>
				<misses>15935001</misses>
				<total>25</total>
				<timestamp>6049.245312</timestamp>
			</report>
			<report>
				<misses>15936001</misses>
				<total>25</total>
				<timestamp>6049.624904</timestamp>
			</report>
			<report>
				<misses>15937001</misses>
				<total>25</total>
				<timestamp>6050.004495</timestamp>
			</report>
			<report>
				<misses>15938001</misses>
				<total>25</total>
				<timestamp>6050.384176</timestamp>
			</report>
			<report>
				<misses>15939001</misses>
				<total>25</total>
				<timestamp>6050.763762</timestamp>
			</report>
			<report>
				<misses>15940001</misses>
				<total>25</total>
				<timestamp>6051.143390</timestamp>
			</report>
			<report>
				<misses>15941001</misses>
				<total>25</total>
				<timestamp>6051.522999</timestamp>
			</report>
			<report>
				<misses>15942001</misses>
				<total>25</total>
				<timestamp>6051.902614</timestamp>
			</report>
			<report>
				<misses>15943001</misses>
				<total>25</total>
				<timestamp>6052.282240</timestamp>
			</report>
			<report>
				<misses>15944001</misses>
				<total>25</total>
				<timestamp>6052.661893</timestamp>
			</report>
			<report>
				<misses>15945001</misses>
				<total>25</total>
				<timestamp>6053.041468</timestamp>
			</report>
			<report>
				<misses>15946001</misses>
				<total>25</total>
				<timestamp>6053.421118</timestamp>
			</report>
			<report>
				<misses>15947001</misses>
				<total>25</total>
				<timestamp>6053.800721</timestamp>
			</report>
			<report>
				<misses>15948001</misses>
				<total>25</total>
				<timestamp>6054.180329</timestamp>
			</report>
			<report>
				<misses>15949001</misses>
				<total>25</total>
				<timestamp>6054.559938</timestamp>
			</report>
			<report>
				<misses>15950001</misses>
				<total>25</total>
				<timestamp>6054.939556</timestamp>
			</report>
			<report>
				<misses>15951001</misses>
				<total>25</total>
				<timestamp>6055.319204</timestamp>
			</report>
			<report>
				<misses>15952001</misses>
				<total>25</total>
				<timestamp>6055.698790</timestamp>
			</report>
			<report>
				<misses>15953001</misses>
				<total>25</total>
				<timestamp>6056.078419</timestamp>
			</report>
			<report>
				<misses>15954001</misses>
				<total>25</total>
				<timestamp>6056.458071</timestamp>
			</report>
			<report>
				<misses>15955001</misses>
				<total>25</total>
				<timestamp>6056.837696</timestamp>
			</report>
			<report>
				<misses>15956001</misses>
				<total>25</total>
				<timestamp>6057.217298</timestamp>
			</report>
			<report>
				<misses>15957001</misses>
				<total>25</total>
				<timestamp>6057.596918</timestamp>
			</report>
			<report>
				<misses>15958001</misses>
				<total>25</total>
				<timestamp>6057.976559</timestamp>
			</report>
			<report>
				<misses>15959001</misses>
				<total>25</total>
				<timestamp>6058.356195</timestamp>
			</report>
			<report>
				<misses>15960001</misses>
				<total>25</total>
				<timestamp>6058.735749</timestamp>
			</report>
			<report>
				<misses>15961001</misses>
				<total>25</total>
				<timestamp>6059.115375</timestamp>
			</report>
			<report>
				<misses>15962001</misses>
				<total>25</total>
				<timestamp>6059.495019</timestamp>
			</report>
			<report>
				<misses>15963001</misses>
				<total>25</total>
				<timestamp>6059.874618</timestamp>
			</report>
			<report>
				<misses>15964001</misses>
				<total>25</total>
				<timestamp>6060.254249</timestamp>
			</report>
			<report>
				<misses>15965001</misses>
				<total>25</total>
				<timestamp>6060.633869</timestamp>
			</report>
			<report>
				<misses>15966001</misses>
				<total>25</total>
				<timestamp>6061.013479</timestamp>
			</report>
			<report>
				<misses>15967001</misses>
				<total>25</total>
				<timestamp>6061.393118</timestamp>
			</report>
			<report>
				<misses>15968001</misses>
				<total>25</total>
				<timestamp>6061.772704</timestamp>
			</report>
			<report>
				<misses>15969001</misses>
				<total>25</total>
				<timestamp>6062.152358</timestamp>
			</report>
			<report>
				<misses>15970001</misses>
				<total>25</total>
				<timestamp>6062.531977</timestamp>
			</report>
			<report>
				<misses>15971001</misses>
				<total>25</total>
				<timestamp>6062.911575</timestamp>
			</report>
			<report>
				<misses>15972001</misses>
				<total>25</total>
				<timestamp>6063.291219</timestamp>
			</report>
			<report>
				<misses>15973001</misses>
				<total>25</total>
				<timestamp>6063.670836</timestamp>
			</report>
			<report>
				<misses>15974001</misses>
				<total>25</total>
				<timestamp>6064.050478</timestamp>
			</report>
			<report>
				<misses>15975001</misses>
				<total>25</total>
				<timestamp>6064.430083</timestamp>
			</report>
			<report>
				<misses>15976001</misses>
				<total>25</total>
				<timestamp>6064.809703</timestamp>
			</report>
			<report>
				<misses>15977001</misses>
				<total>25</total>
				<timestamp>6065.189324</timestamp>
			</report>
			<report>
				<misses>15978001</misses>
				<total>25</total>
				<timestamp>6065.568914</timestamp>
			</report>
			<report>
				<misses>15979001</misses>
				<total>25</total>
				<timestamp>6065.948550</timestamp>
			</report>
			<report>
				<misses>15980001</misses>
				<total>25</total>
				<timestamp>6066.328169</timestamp>
			</report>
			<report>
				<misses>15981001</misses>
				<total>25</total>
				<timestamp>6066.707772</timestamp>
			</report>
			<report>
				<misses>15982001</misses>
				<total>25</total>
				<timestamp>6067.087397</timestamp>
			</report>
			<report>
				<misses>15983001</misses>
				<total>25</total>
				<timestamp>6067.467068</timestamp>
			</report>
			<report>
				<misses>15984001</misses>
				<total>25</total>
				<timestamp>6067.846666</timestamp>
			</report>
			<report>
				<misses>15985001</misses>
				<total>25</total>
				<timestamp>6068.226276</timestamp>
			</report>
			<report>
				<misses>15986001</misses>
				<total>25</total>
				<timestamp>6068.605882</timestamp>
			</report>
			<report>
				<misses>15987001</misses>
				<total>25</total>
				<timestamp>6068.985505</timestamp>
			</report>
			<report>
				<misses>15988001</misses>
				<total>25</total>
				<timestamp>6069.365152</timestamp>
			</report>
			<report>
				<misses>15989001</misses>
				<total>25</total>
				<timestamp>6069.744741</timestamp>
			</report>
			<report>
				<misses>15990001</misses>
				<total>25</total>
				<timestamp>6070.124373</timestamp>
			</report>
			<report>
				<misses>15991001</misses>
				<total>25</total>
				<timestamp>6070.504016</timestamp>
			</report>
			<report>
				<misses>15992001</misses>
				<total>25</total>
				<timestamp>6070.883641</timestamp>
			</report>
			<report>
				<misses>15993001</misses>
				<total>25</total>
				<timestamp>6071.263238</timestamp>
			</report>
			<report>
				<misses>15994001</misses>
				<total>25</total>
				<timestamp>6071.642838</timestamp>
			</report>
			<report>
				<misses>15995001</misses>
				<total>25</total>
				<timestamp>6072.022499</timestamp>
			</report>
			<report>
				<misses>15996001</misses>
				<total>25</total>
				<timestamp>6072.402156</timestamp>
			</report>
			<report>
				<misses>15997001</misses>
				<total>25</total>
				<timestamp>6072.781701</timestamp>
			</report>
			<report>
				<misses>15998001</misses>
				<total>25</total>
				<timestamp>6073.161333</timestamp>
			</report>
			<report>
				<misses>15999001</misses>
				<total>25</total>
				<timestamp>6073.540980</timestamp>
			</report>
			<report>
				<misses>16000001</misses>
				<total>25</total>
				<timestamp>6073.920570</timestamp>
			</report>
			<report>
				<misses>16001001</misses>
				<total>25</total>
				<timestamp>6074.300235</timestamp>
			</report>
			<report>
				<misses>16002001</misses>
				<total>25</total>
				<timestamp>6074.679802</timestamp>
			</report>
			<report>
				<misses>16003001</misses>
				<total>25</total>
				<timestamp>6075.059409</timestamp>
			</report>
			<report>
				<misses>16004001</misses>
				<total>25</total>
				<timestamp>6075.439100</timestamp>
			</report>
			<report>
				<misses>16005001</misses>
				<total>25</total>
				<timestamp>6075.818690</timestamp>
			</report>
			<report>
				<misses>16006001</misses>
				<total>25</total>
				<timestamp>6076.198274</timestamp>
			</report>
			<report>
				<misses>16007001</misses>
				<total>25</total>
				<timestamp>6076.577954</timestamp>
			</report>
			<report>
				<misses>16008001</misses>
				<total>25</total>
				<timestamp>6076.957523</timestamp>
			</report>
			<report>
				<misses>16009001</misses>
				<total>25</total>
				<timestamp>6077.337146</timestamp>
			</report>
			<report>
				<misses>16010001</misses>
				<total>25</total>
				<timestamp>6077.716758</timestamp>
			</report>
			<report>
				<misses>16011001</misses>
				<total>25</total>
				<timestamp>6078.096412</timestamp>
			</report>
			<report>
				<misses>16012001</misses>
				<total>25</total>
				<timestamp>6078.476009</timestamp>
			</report>
			<report>
				<misses>16013001</misses>
				<total>25</total>
				<timestamp>6078.855656</timestamp>
			</report>
			<report>
				<misses>16014001</misses>
				<total>25</total>
				<timestamp>6079.235265</timestamp>
			</report>
			<report>
				<misses>16015001</misses>
				<total>25</total>
				<timestamp>6079.614909</timestamp>
			</report>
			<report>
				<misses>16016001</misses>
				<total>25</total>
				<timestamp>6079.994520</timestamp>
			</report>
			<report>
				<misses>16017001</misses>
				<total>25</total>
				<timestamp>6080.374118</timestamp>
			</report>
			<report>
				<misses>16018001</misses>
				<total>25</total>
				<timestamp>6080.753737</timestamp>
			</report>
			<report>
				<misses>16019001</misses>
				<total>25</total>
				<timestamp>6081.133366</timestamp>
			</report>
			<report>
				<misses>16020001</misses>
				<total>25</total>
				<timestamp>6081.513013</timestamp>
			</report>
			<report>
				<misses>16021001</misses>
				<total>25</total>
				<timestamp>6081.892593</timestamp>
			</report>
			<report>
				<misses>16022001</misses>
				<total>25</total>
				<timestamp>6082.272231</timestamp>
			</report>
			<report>
				<misses>16023001</misses>
				<total>25</total>
				<timestamp>6082.651841</timestamp>
			</report>
			<report>
				<misses>16024001</misses>
				<total>25</total>
				<timestamp>6083.031446</timestamp>
			</report>
			<report>
				<misses>16025001</misses>
				<total>25</total>
				<timestamp>6083.411083</timestamp>
			</report>
			<report>
				<misses>16026001</misses>
				<total>25</total>
				<timestamp>6083.790723</timestamp>
			</report>
			<report>
				<misses>16027001</misses>
				<total>25</total>
				<timestamp>6084.170331</timestamp>
			</report>
			<report>
				<misses>16028001</misses>
				<total>25</total>
				<timestamp>6084.549936</timestamp>
			</report>
			<report>
				<misses>16029001</misses>
				<total>25</total>
				<timestamp>6084.929546</timestamp>
			</report>
			<report>
				<misses>16030001</misses>
				<total>25</total>
				<timestamp>6085.309178</timestamp>
			</report>
			<report>
				<misses>16031001</misses>
				<total>25</total>
				<timestamp>6085.688785</timestamp>
			</report>
			<report>
				<misses>16032001</misses>
				<total>25</total>
				<timestamp>6086.068382</timestamp>
			</report>
			<report>
				<misses>16033001</misses>
				<total>25</total>
				<timestamp>6086.448039</timestamp>
			</report>
			<report>
				<misses>16034001</misses>
				<total>25</total>
				<timestamp>6086.827649</timestamp>
			</report>
			<report>
				<misses>16035001</misses>
				<total>25</total>
				<timestamp>6087.207256</timestamp>
			</report>
			<report>
				<misses>16036001</misses>
				<total>25</total>
				<timestamp>6087.586899</timestamp>
			</report>
			<report>
				<misses>16037001</misses>
				<total>25</total>
				<timestamp>6087.966494</timestamp>
			</report>
			<report>
				<misses>16038001</misses>
				<total>25</total>
				<timestamp>6088.346117</timestamp>
			</report>
			<report>
				<misses>16039001</misses>
				<total>25</total>
				<timestamp>6088.725745</timestamp>
			</report>
			<report>
				<misses>16040001</misses>
				<total>25</total>
				<timestamp>6089.105386</timestamp>
			</report>
			<report>
				<misses>16041001</misses>
				<total>25</total>
				<timestamp>6089.485000</timestamp>
			</report>
			<report>
				<misses>16042001</misses>
				<total>25</total>
				<timestamp>6089.864599</timestamp>
			</report>
			<report>
				<misses>16043001</misses>
				<total>25</total>
				<timestamp>6090.244242</timestamp>
			</report>
			<report>
				<misses>16044001</misses>
				<total>25</total>
				<timestamp>6090.623900</timestamp>
			</report>
			<report>
				<misses>16045001</misses>
				<total>25</total>
				<timestamp>6091.003462</timestamp>
			</report>
			<report>
				<misses>16046001</misses>
				<total>25</total>
				<timestamp>6091.383107</timestamp>
			</report>
			<report>
				<misses>16047001</misses>
				<total>25</total>
				<timestamp>6091.762721</timestamp>
			</report>
			<report>
				<misses>16048001</misses>
				<total>25</total>
				<timestamp>6092.142358</timestamp>
			</report>
			<report>
				<misses>16049001</misses>
				<total>25</total>
				<timestamp>6092.522019</timestamp>
			</report>
			<report>
				<misses>16050001</misses>
				<total>25</total>
				<timestamp>6092.901595</timestamp>
			</report>
			<report>
				<misses>16051001</misses>
				<total>25</total>
				<timestamp>6093.281209</timestamp>
			</report>
			<report>
				<misses>16052001</misses>
				<total>25</total>
				<timestamp>6093.660870</timestamp>
			</report>
			<report>
				<misses>16053001</misses>
				<total>25</total>
				<timestamp>6094.040447</timestamp>
			</report>
			<report>
				<misses>16054001</misses>
				<total>25</total>
				<timestamp>6094.420053</timestamp>
			</report>
			<report>
				<misses>16055001</misses>
				<total>25</total>
				<timestamp>6094.799668</timestamp>
			</report>
			<report>
				<misses>16056001</misses>
				<total>25</total>
				<timestamp>6095.179291</timestamp>
			</report>
			<report>
				<misses>16057001</misses>
				<total>25</total>
				<timestamp>6095.558951</timestamp>
			</report>
			<report>
				<misses>16058001</misses>
				<total>25</total>
				<timestamp>6095.938540</timestamp>
			</report>
			<report>
				<misses>16059001</misses>
				<total>25</total>
				<timestamp>6096.318154</timestamp>
			</report>
			<report>
				<misses>16060001</misses>
				<total>25</total>
				<timestamp>6096.697766</timestamp>
			</report>
			<report>
				<misses>16061001</misses>
				<total>25</total>
				<timestamp>6097.077424</timestamp>
			</report>
			<report>
				<misses>16062001</misses>
				<total>25</total>
				<timestamp>6097.457029</timestamp>
			</report>
			<report>
				<misses>16063001</misses>
				<total>25</total>
				<timestamp>6097.836635</timestamp>
			</report>
			<report>
				<misses>16064001</misses>
				<total>25</total>
				<timestamp>6098.216259</timestamp>
			</report>
			<report>
				<misses>16065001</misses>
				<total>25</total>
				<timestamp>6098.595859</timestamp>
			</report>
			<report>
				<misses>16066001</misses>
				<total>25</total>
				<timestamp>6098.975553</timestamp>
			</report>
			<report>
				<misses>16067001</misses>
				<total>25</total>
				<timestamp>6099.355116</timestamp>
			</report>
			<report>
				<misses>16068001</misses>
				<total>25</total>
				<timestamp>6099.734722</timestamp>
			</report>
			<report>
				<misses>16069001</misses>
				<total>25</total>
				<timestamp>6100.114353</timestamp>
			</report>
			<report>
				<misses>16070001</misses>
				<total>25</total>
				<timestamp>6100.493976</timestamp>
			</report>
			<report>
				<misses>16071001</misses>
				<total>25</total>
				<timestamp>6100.873568</timestamp>
			</report>
			<report>
				<misses>16072001</misses>
				<total>25</total>
				<timestamp>6101.253235</timestamp>
			</report>
			<report>
				<misses>16073001</misses>
				<total>25</total>
				<timestamp>6101.632861</timestamp>
			</report>
			<report>
				<misses>16074001</misses>
				<total>25</total>
				<timestamp>6102.012440</timestamp>
			</report>
			<report>
				<misses>16075001</misses>
				<total>25</total>
				<timestamp>6102.392062</timestamp>
			</report>
			<report>
				<misses>16076001</misses>
				<total>25</total>
				<timestamp>6102.771716</timestamp>
			</report>
			<report>
				<misses>16077001</misses>
				<total>25</total>
				<timestamp>6103.151310</timestamp>
			</report>
			<report>
				<misses>16078001</misses>
				<total>25</total>
				<timestamp>6103.530934</timestamp>
			</report>
			<report>
				<misses>16079001</misses>
				<total>25</total>
				<timestamp>6103.910552</timestamp>
			</report>
			<report>
				<misses>16080001</misses>
				<total>25</total>
				<timestamp>6104.290175</timestamp>
			</report>
			<report>
				<misses>16081001</misses>
				<total>25</total>
				<timestamp>6104.669814</timestamp>
			</report>
			<report>
				<misses>16082001</misses>
				<total>25</total>
				<timestamp>6105.049419</timestamp>
			</report>
			<report>
				<misses>16083001</misses>
				<total>25</total>
				<timestamp>6105.429018</timestamp>
			</report>
			<report>
				<misses>16084001</misses>
				<total>25</total>
				<timestamp>6105.808646</timestamp>
			</report>
			<report>
				<misses>16085001</misses>
				<total>25</total>
				<timestamp>6106.188330</timestamp>
			</report>
			<report>
				<misses>16086001</misses>
				<total>25</total>
				<timestamp>6106.567955</timestamp>
			</report>
			<report>
				<misses>16087001</misses>
				<total>25</total>
				<timestamp>6106.947522</timestamp>
			</report>
			<report>
				<misses>16088001</misses>
				<total>25</total>
				<timestamp>6107.327126</timestamp>
			</report>
			<report>
				<misses>16089001</misses>
				<total>25</total>
				<timestamp>6107.706795</timestamp>
			</report>
			<report>
				<misses>16090001</misses>
				<total>25</total>
				<timestamp>6108.086387</timestamp>
			</report>
			<report>
				<misses>16091001</misses>
				<total>25</total>
				<timestamp>6108.465972</timestamp>
			</report>
			<report>
				<misses>16092001</misses>
				<total>25</total>
				<timestamp>6108.845602</timestamp>
			</report>
			<report>
				<misses>16093001</misses>
				<total>25</total>
				<timestamp>6109.225236</timestamp>
			</report>
			<report>
				<misses>16094001</misses>
				<total>25</total>
				<timestamp>6109.604879</timestamp>
			</report>
			<report>
				<misses>16095001</misses>
				<total>25</total>
				<timestamp>6109.984483</timestamp>
			</report>
			<report>
				<misses>16096001</misses>
				<total>25</total>
				<timestamp>6110.364075</timestamp>
			</report>
			<report>
				<misses>16097001</misses>
				<total>25</total>
				<timestamp>6110.743725</timestamp>
			</report>
			<report>
				<misses>16098001</misses>
				<total>25</total>
				<timestamp>6111.123369</timestamp>
			</report>
			<report>
				<misses>16099001</misses>
				<total>25</total>
				<timestamp>6111.502936</timestamp>
			</report>
			<report>
				<misses>16100001</misses>
				<total>25</total>
				<timestamp>6111.882568</timestamp>
			</report>
			<report>
				<misses>16101001</misses>
				<total>25</total>
				<timestamp>6112.262205</timestamp>
			</report>
			<report>
				<misses>16102001</misses>
				<total>25</total>
				<timestamp>6112.641808</timestamp>
			</report>
			<report>
				<misses>16103001</misses>
				<total>25</total>
				<timestamp>6113.021454</timestamp>
			</report>
			<report>
				<misses>16104001</misses>
				<total>25</total>
				<timestamp>6113.401029</timestamp>
			</report>
			<report>
				<misses>16105001</misses>
				<total>25</total>
				<timestamp>6113.780673</timestamp>
			</report>
			<report>
				<misses>16106001</misses>
				<total>25</total>
				<timestamp>6114.160288</timestamp>
			</report>
			<report>
				<misses>16107001</misses>
				<total>25</total>
				<timestamp>6114.539927</timestamp>
			</report>
			<report>
				<misses>16108001</misses>
				<total>25</total>
				<timestamp>6114.919517</timestamp>
			</report>
			<report>
				<misses>16109001</misses>
				<total>25</total>
				<timestamp>6115.299152</timestamp>
			</report>
			<report>
				<misses>16110001</misses>
				<total>25</total>
				<timestamp>6115.678759</timestamp>
			</report>
			<report>
				<misses>16111001</misses>
				<total>25</total>
				<timestamp>6116.058397</timestamp>
			</report>
			<report>
				<misses>16112001</misses>
				<total>25</total>
				<timestamp>6116.438010</timestamp>
			</report>
			<report>
				<misses>16113001</misses>
				<total>25</total>
				<timestamp>6116.817615</timestamp>
			</report>
			<report>
				<misses>16114001</misses>
				<total>25</total>
				<timestamp>6117.197254</timestamp>
			</report>
			<report>
				<misses>16115001</misses>
				<total>25</total>
				<timestamp>6117.576879</timestamp>
			</report>
			<report>
				<misses>16116001</misses>
				<total>25</total>
				<timestamp>6117.956497</timestamp>
			</report>
			<report>
				<misses>16117001</misses>
				<total>25</total>
				<timestamp>6118.336115</timestamp>
			</report>
			<report>
				<misses>16118001</misses>
				<total>25</total>
				<timestamp>6118.715785</timestamp>
			</report>
			<report>
				<misses>16119001</misses>
				<total>25</total>
				<timestamp>6119.095351</timestamp>
			</report>
			<report>
				<misses>16120001</misses>
				<total>25</total>
				<timestamp>6119.474990</timestamp>
			</report>
			<report>
				<misses>16121001</misses>
				<total>25</total>
				<timestamp>6119.854590</timestamp>
			</report>
			<report>
				<misses>16122001</misses>
				<total>25</total>
				<timestamp>6120.234225</timestamp>
			</report>
			<report>
				<misses>16123001</misses>
				<total>25</total>
				<timestamp>6120.613835</timestamp>
			</report>
			<report>
				<misses>16124001</misses>
				<total>25</total>
				<timestamp>6120.993468</timestamp>
			</report>
			<report>
				<misses>16125001</misses>
				<total>25</total>
				<timestamp>6121.373057</timestamp>
			</report>
			<report>
				<misses>16126001</misses>
				<total>25</total>
				<timestamp>6121.752690</timestamp>
			</report>
			<report>
				<misses>16127001</misses>
				<total>25</total>
				<timestamp>6122.132295</timestamp>
			</report>
			<report>
				<misses>16128001</misses>
				<total>25</total>
				<timestamp>6122.511940</timestamp>
			</report>
			<report>
				<misses>16129001</misses>
				<total>25</total>
				<timestamp>6122.891586</timestamp>
			</report>
			<report>
				<misses>16130001</misses>
				<total>25</total>
				<timestamp>6123.271169</timestamp>
			</report>
			<report>
				<misses>16131001</misses>
				<total>25</total>
				<timestamp>6123.650847</timestamp>
			</report>
			<report>
				<misses>16132001</misses>
				<total>25</total>
				<timestamp>6124.030422</timestamp>
			</report>
			<report>
				<misses>16133001</misses>
				<total>25</total>
				<timestamp>6124.410080</timestamp>
			</report>
			<report>
				<misses>16134001</misses>
				<total>25</total>
				<timestamp>6124.789682</timestamp>
			</report>
			<report>
				<misses>16135001</misses>
				<total>25</total>
				<timestamp>6125.169315</timestamp>
			</report>
			<report>
				<misses>16136001</misses>
				<total>25</total>
				<timestamp>6125.548932</timestamp>
			</report>
			<report>
				<misses>16137001</misses>
				<total>25</total>
				<timestamp>6125.928513</timestamp>
			</report>
			<report>
				<misses>16138001</misses>
				<total>25</total>
				<timestamp>6126.308119</timestamp>
			</report>
			<report>
				<misses>16139001</misses>
				<total>25</total>
				<timestamp>6126.687753</timestamp>
			</report>
			<report>
				<misses>16140001</misses>
				<total>25</total>
				<timestamp>6127.067389</timestamp>
			</report>
			<report>
				<misses>16141001</misses>
				<total>25</total>
				<timestamp>6127.447002</timestamp>
			</report>
			<report>
				<misses>16142001</misses>
				<total>25</total>
				<timestamp>6127.826683</timestamp>
			</report>
			<report>
				<misses>16143001</misses>
				<total>25</total>
				<timestamp>6128.206246</timestamp>
			</report>
			<report>
				<misses>16144001</misses>
				<total>25</total>
				<timestamp>6128.585831</timestamp>
			</report>
			<report>
				<misses>16145001</misses>
				<total>25</total>
				<timestamp>6128.965466</timestamp>
			</report>
			<report>
				<misses>16146001</misses>
				<total>25</total>
				<timestamp>6129.345080</timestamp>
			</report>
			<report>
				<misses>16147001</misses>
				<total>25</total>
				<timestamp>6129.724732</timestamp>
			</report>
			<report>
				<misses>16148001</misses>
				<total>25</total>
				<timestamp>6130.104328</timestamp>
			</report>
			<report>
				<misses>16149001</misses>
				<total>25</total>
				<timestamp>6130.483938</timestamp>
			</report>
			<report>
				<misses>16150001</misses>
				<total>25</total>
				<timestamp>6130.863628</timestamp>
			</report>
			<report>
				<misses>16151001</misses>
				<total>25</total>
				<timestamp>6131.243192</timestamp>
			</report>
			<report>
				<misses>16152001</misses>
				<total>25</total>
				<timestamp>6131.622813</timestamp>
			</report>
			<report>
				<misses>16153001</misses>
				<total>25</total>
				<timestamp>6132.002436</timestamp>
			</report>
			<report>
				<misses>16154001</misses>
				<total>25</total>
				<timestamp>6132.382039</timestamp>
			</report>
			<report>
				<misses>16155001</misses>
				<total>25</total>
				<timestamp>6132.761698</timestamp>
			</report>
			<report>
				<misses>16156001</misses>
				<total>25</total>
				<timestamp>6133.141276</timestamp>
			</report>
			<report>
				<misses>16157001</misses>
				<total>25</total>
				<timestamp>6133.520898</timestamp>
			</report>
			<report>
				<misses>16158001</misses>
				<total>25</total>
				<timestamp>6133.900574</timestamp>
			</report>
			<report>
				<misses>16159001</misses>
				<total>25</total>
				<timestamp>6134.280159</timestamp>
			</report>
			<report>
				<misses>16160001</misses>
				<total>25</total>
				<timestamp>6134.659772</timestamp>
			</report>
			<report>
				<misses>16161001</misses>
				<total>25</total>
				<timestamp>6135.039408</timestamp>
			</report>
			<report>
				<misses>16162001</misses>
				<total>25</total>
				<timestamp>6135.418992</timestamp>
			</report>
			<report>
				<misses>16163001</misses>
				<total>25</total>
				<timestamp>6135.798665</timestamp>
			</report>
			<report>
				<misses>16164001</misses>
				<total>25</total>
				<timestamp>6136.178296</timestamp>
			</report>
			<report>
				<misses>16165001</misses>
				<total>25</total>
				<timestamp>6136.557867</timestamp>
			</report>
			<report>
				<misses>16166001</misses>
				<total>25</total>
				<timestamp>6136.937495</timestamp>
			</report>
			<report>
				<misses>16167001</misses>
				<total>25</total>
				<timestamp>6137.317136</timestamp>
			</report>
			<report>
				<misses>16168001</misses>
				<total>25</total>
				<timestamp>6137.696732</timestamp>
			</report>
			<report>
				<misses>16169001</misses>
				<total>25</total>
				<timestamp>6138.076351</timestamp>
			</report>
			<report>
				<misses>16170001</misses>
				<total>25</total>
				<timestamp>6138.455969</timestamp>
			</report>
			<report>
				<misses>16171001</misses>
				<total>25</total>
				<timestamp>6138.835592</timestamp>
			</report>
			<report>
				<misses>16172001</misses>
				<total>25</total>
				<timestamp>6139.215248</timestamp>
			</report>
			<report>
				<misses>16173001</misses>
				<total>25</total>
				<timestamp>6139.594827</timestamp>
			</report>
			<report>
				<misses>16174001</misses>
				<total>25</total>
				<timestamp>6139.974453</timestamp>
			</report>
			<report>
				<misses>16175001</misses>
				<total>25</total>
				<timestamp>6140.354060</timestamp>
			</report>
			<report>
				<misses>16176001</misses>
				<total>25</total>
				<timestamp>6140.733755</timestamp>
			</report>
			<report>
				<misses>16177001</misses>
				<total>25</total>
				<timestamp>6141.113345</timestamp>
			</report>
			<report>
				<misses>16178001</misses>
				<total>25</total>
				<timestamp>6141.492960</timestamp>
			</report>
			<report>
				<misses>16179001</misses>
				<total>25</total>
				<timestamp>6141.872613</timestamp>
			</report>
			<report>
				<misses>16180001</misses>
				<total>25</total>
				<timestamp>6142.252167</timestamp>
			</report>
			<report>
				<misses>16181001</misses>
				<total>25</total>
				<timestamp>6142.631789</timestamp>
			</report>
			<report>
				<misses>16182001</misses>
				<total>25</total>
				<timestamp>6143.011421</timestamp>
			</report>
			<report>
				<misses>16183001</misses>
				<total>25</total>
				<timestamp>6143.391005</timestamp>
			</report>
			<report>
				<misses>16184001</misses>
				<total>25</total>
				<timestamp>6143.770679</timestamp>
			</report>
			<report>
				<misses>16185001</misses>
				<total>25</total>
				<timestamp>6144.150295</timestamp>
			</report>
			<report>
				<misses>16186001</misses>
				<total>25</total>
				<timestamp>6144.529895</timestamp>
			</report>
			<report>
				<misses>16187001</misses>
				<total>25</total>
				<timestamp>6144.909549</timestamp>
			</report>
			<report>
				<misses>16188001</misses>
				<total>25</total>
				<timestamp>6145.289122</timestamp>
			</report>
			<report>
				<misses>16189001</misses>
				<total>25</total>
				<timestamp>6145.668761</timestamp>
			</report>
			<report>
				<misses>16190001</misses>
				<total>25</total>
				<timestamp>6146.048394</timestamp>
			</report>
			<report>
				<misses>16191001</misses>
				<total>25</total>
				<timestamp>6146.427967</timestamp>
			</report>
			<report>
				<misses>16192001</misses>
				<total>25</total>
				<timestamp>6146.807621</timestamp>
			</report>
			<report>
				<misses>16193001</misses>
				<total>26</total>
				<timestamp>6147.187236</timestamp>
			</report>
			<report>
				<misses>16194001</misses>
				<total>26</total>
				<timestamp>6147.566848</timestamp>
			</report>
			<report>
				<misses>16195001</misses>
				<total>26</total>
				<timestamp>6147.946475</timestamp>
			</report>
			<report>
				<misses>16196001</misses>
				<total>26</total>
				<timestamp>6148.326066</timestamp>
			</report>
			<report>
				<misses>16197001</misses>
				<total>26</total>
				<timestamp>6148.705718</timestamp>
			</report>
			<report>
				<misses>16198001</misses>
				<total>26</total>
				<timestamp>6149.085327</timestamp>
			</report>
			<report>
				<misses>16199001</misses>
				<total>26</total>
				<timestamp>6149.464937</timestamp>
			</report>
			<report>
				<misses>16200001</misses>
				<total>26</total>
				<timestamp>6149.844560</timestamp>
			</report>
			<report>
				<misses>16201001</misses>
				<total>26</total>
				<timestamp>6150.224169</timestamp>
			</report>
			<report>
				<misses>16202001</misses>
				<total>26</total>
				<timestamp>6150.603814</timestamp>
			</report>
			<report>
				<misses>16203001</misses>
				<total>26</total>
				<timestamp>6150.983426</timestamp>
			</report>
			<report>
				<misses>16204001</misses>
				<total>26</total>
				<timestamp>6151.363025</timestamp>
			</report>
			<report>
				<misses>16205001</misses>
				<total>26</total>
				<timestamp>6151.742696</timestamp>
			</report>
			<report>
				<misses>16206001</misses>
				<total>26</total>
				<timestamp>6152.122295</timestamp>
			</report>
			<report>
				<misses>16207001</misses>
				<total>26</total>
				<timestamp>6152.501904</timestamp>
			</report>
			<report>
				<misses>16208001</misses>
				<total>26</total>
				<timestamp>6152.881540</timestamp>
			</report>
			<report>
				<misses>16209001</misses>
				<total>26</total>
				<timestamp>6153.261123</timestamp>
			</report>
			<report>
				<misses>16210001</misses>
				<total>26</total>
				<timestamp>6153.640776</timestamp>
			</report>
			<report>
				<misses>16211001</misses>
				<total>26</total>
				<timestamp>6154.020413</timestamp>
			</report>
			<report>
				<misses>16212001</misses>
				<total>26</total>
				<timestamp>6154.400009</timestamp>
			</report>
			<report>
				<misses>16213001</misses>
				<total>26</total>
				<timestamp>6154.779629</timestamp>
			</report>
			<report>
				<misses>16214001</misses>
				<total>26</total>
				<timestamp>6155.159258</timestamp>
			</report>
			<report>
				<misses>16215001</misses>
				<total>26</total>
				<timestamp>6155.538913</timestamp>
			</report>
			<report>
				<misses>16216001</misses>
				<total>26</total>
				<timestamp>6155.918506</timestamp>
			</report>
			<report>
				<misses>16217001</misses>
				<total>26</total>
				<timestamp>6156.298095</timestamp>
			</report>
			<report>
				<misses>16218001</misses>
				<total>26</total>
				<timestamp>6156.677748</timestamp>
			</report>
			<report>
				<misses>16219001</misses>
				<total>26</total>
				<timestamp>6157.057353</timestamp>
			</report>
			<report>
				<misses>16220001</misses>
				<total>26</total>
				<timestamp>6157.436962</timestamp>
			</report>
			<report>
				<misses>16221001</misses>
				<total>26</total>
				<timestamp>6157.816598</timestamp>
			</report>
			<report>
				<misses>16222001</misses>
				<total>26</total>
				<timestamp>6158.196284</timestamp>
			</report>
			<report>
				<misses>16223001</misses>
				<total>26</total>
				<timestamp>6158.575840</timestamp>
			</report>
			<report>
				<misses>16224001</misses>
				<total>26</total>
				<timestamp>6158.955463</timestamp>
			</report>
			<report>
				<misses>16225001</misses>
				<total>26</total>
				<timestamp>6159.335062</timestamp>
			</report>
			<report>
				<misses>16226001</misses>
				<total>26</total>
				<timestamp>6159.714696</timestamp>
			</report>
			<report>
				<misses>16227001</misses>
				<total>26</total>
				<timestamp>6160.094326</timestamp>
			</report>
			<report>
				<misses>16228001</misses>
				<total>26</total>
				<timestamp>6160.473919</timestamp>
			</report>
			<report>
				<misses>16229001</misses>
				<total>26</total>
				<timestamp>6160.853570</timestamp>
			</report>
			<report>
				<misses>16230001</misses>
				<total>26</total>
				<timestamp>6161.233160</timestamp>
			</report>
			<report>
				<misses>16231001</misses>
				<total>26</total>
				<timestamp>6161.612796</timestamp>
			</report>
			<report>
				<misses>16232001</misses>
				<total>26</total>
				<timestamp>6161.992447</timestamp>
			</report>
			<report>
				<misses>16233001</misses>
				<total>26</total>
				<timestamp>6162.372027</timestamp>
			</report>
			<report>
				<misses>16234001</misses>
				<total>26</total>
				<timestamp>6162.751633</timestamp>
			</report>
			<report>
				<misses>16235001</misses>
				<total>26</total>
				<timestamp>6163.131281</timestamp>
			</report>
			<report>
				<misses>16236001</misses>
				<total>26</total>
				<timestamp>6163.510876</timestamp>
			</report>
			<report>
				<misses>16237001</misses>
				<total>26</total>
				<timestamp>6163.890546</timestamp>
			</report>
			<report>
				<misses>16238001</misses>
				<total>26</total>
				<timestamp>6164.270122</timestamp>
			</report>
			<report>
				<misses>16239001</misses>
				<total>26</total>
				<timestamp>6164.649744</timestamp>
			</report>
			<report>
				<misses>16240001</misses>
				<total>26</total>
				<timestamp>6165.029413</timestamp>
			</report>
			<report>
				<misses>16241001</misses>
				<total>26</total>
				<timestamp>6165.408972</timestamp>
			</report>
			<report>
				<misses>16242001</misses>
				<total>26</total>
				<timestamp>6165.788605</timestamp>
			</report>
			<report>
				<misses>16243001</misses>
				<total>26</total>
				<timestamp>6166.168244</timestamp>
			</report>
			<report>
				<misses>16244001</misses>
				<total>26</total>
				<timestamp>6166.547835</timestamp>
			</report>
			<report>
				<misses>16245001</misses>
				<total>26</total>
				<timestamp>6166.927530</timestamp>
			</report>
			<report>
				<misses>16246001</misses>
				<total>26</total>
				<timestamp>6167.307084</timestamp>
			</report>
			<report>
				<misses>16247001</misses>
				<total>26</total>
				<timestamp>6167.686712</timestamp>
			</report>
			<report>
				<misses>16248001</misses>
				<total>26</total>
				<timestamp>6168.066366</timestamp>
			</report>
			<report>
				<misses>16249001</misses>
				<total>26</total>
				<timestamp>6168.445937</timestamp>
			</report>
			<report>
				<misses>16250001</misses>
				<total>26</total>
				<timestamp>6168.825557</timestamp>
			</report>
			<report>
				<misses>16251001</misses>
				<total>26</total>
				<timestamp>6169.205220</timestamp>
			</report>
			<report>
				<misses>16252001</misses>
				<total>26</total>
				<timestamp>6169.584811</timestamp>
			</report>
			<report>
				<misses>16253001</misses>
				<total>26</total>
				<timestamp>6169.964416</timestamp>
			</report>
			<report>
				<misses>16254001</misses>
				<total>26</total>
				<timestamp>6170.344042</timestamp>
			</report>
			<report>
				<misses>16255001</misses>
				<total>26</total>
				<timestamp>6170.723679</timestamp>
			</report>
			<report>
				<misses>16256001</misses>
				<total>26</total>
				<timestamp>6171.103319</timestamp>
			</report>
			<report>
				<misses>16257001</misses>
				<total>26</total>
				<timestamp>6171.482901</timestamp>
			</report>
			<report>
				<misses>16258001</misses>
				<total>26</total>
				<timestamp>6171.862516</timestamp>
			</report>
			<report>
				<misses>16259001</misses>
				<total>26</total>
				<timestamp>6172.242181</timestamp>
			</report>
			<report>
				<misses>16260001</misses>
				<total>26</total>
				<timestamp>6172.621762</timestamp>
			</report>
			<report>
				<misses>16261001</misses>
				<total>26</total>
				<timestamp>6173.001417</timestamp>
			</report>
			<report>
				<misses>16262001</misses>
				<total>26</total>
				<timestamp>6173.381002</timestamp>
			</report>
			<report>
				<misses>16263001</misses>
				<total>26</total>
				<timestamp>6173.760625</timestamp>
			</report>
			<report>
				<misses>16264001</misses>
				<total>26</total>
				<timestamp>6174.140257</timestamp>
			</report>
			<report>
				<misses>16265001</misses>
				<total>26</total>
				<timestamp>6174.519880</timestamp>
			</report>
			<report>
				<misses>16266001</misses>
				<total>26</total>
				<timestamp>6174.899502</timestamp>
			</report>
			<report>
				<misses>16267001</misses>
				<total>26</total>
				<timestamp>6175.279119</timestamp>
			</report>
			<report>
				<misses>16268001</misses>
				<total>26</total>
				<timestamp>6175.658724</timestamp>
			</report>
			<report>
				<misses>16269001</misses>
				<total>26</total>
				<timestamp>6176.038354</timestamp>
			</report>
			<report>
				<misses>16270001</misses>
				<total>26</total>
				<timestamp>6176.417968</timestamp>
			</report>
			<report>
				<misses>16271001</misses>
				<total>26</total>
				<timestamp>6176.797598</timestamp>
			</report>
			<report>
				<misses>16272001</misses>
				<total>26</total>
				<timestamp>6177.177205</timestamp>
			</report>
			<report>
				<misses>16273001</misses>
				<total>26</total>
				<timestamp>6177.556819</timestamp>
			</report>
			<report>
				<misses>16274001</misses>
				<total>26</total>
				<timestamp>6177.936474</timestamp>
			</report>
			<report>
				<misses>16275001</misses>
				<total>26</total>
				<timestamp>6178.316066</timestamp>
			</report>
			<report>
				<misses>16276001</misses>
				<total>26</total>
				<timestamp>6178.695682</timestamp>
			</report>
			<report>
				<misses>16277001</misses>
				<total>26</total>
				<timestamp>6179.075367</timestamp>
			</report>
			<report>
				<misses>16278001</misses>
				<total>26</total>
				<timestamp>6179.454915</timestamp>
			</report>
			<report>
				<misses>16279001</misses>
				<total>26</total>
				<timestamp>6179.834548</timestamp>
			</report>
			<report>
				<misses>16280001</misses>
				<total>26</total>
				<timestamp>6180.214224</timestamp>
			</report>
			<report>
				<misses>16281001</misses>
				<total>26</total>
				<timestamp>6180.593788</timestamp>
			</report>
			<report>
				<misses>16282001</misses>
				<total>26</total>
				<timestamp>6180.973445</timestamp>
			</report>
			<report>
				<misses>16283001</misses>
				<total>26</total>
				<timestamp>6181.353020</timestamp>
			</report>
			<report>
				<misses>16284001</misses>
				<total>26</total>
				<timestamp>6181.732660</timestamp>
			</report>
			<report>
				<misses>16285001</misses>
				<total>26</total>
				<timestamp>6182.112312</timestamp>
			</report>
			<report>
				<misses>16286001</misses>
				<total>26</total>
				<timestamp>6182.491889</timestamp>
			</report>
			<report>
				<misses>16287001</misses>
				<total>26</total>
				<timestamp>6182.871509</timestamp>
			</report>
			<report>
				<misses>16288001</misses>
				<total>26</total>
				<timestamp>6183.251153</timestamp>
			</report>
			<report>
				<misses>16289001</misses>
				<total>26</total>
				<timestamp>6183.630742</timestamp>
			</report>
			<report>
				<misses>16290001</misses>
				<total>26</total>
				<timestamp>6184.010424</timestamp>
			</report>
			<report>
				<misses>16291001</misses>
				<total>26</total>
				<timestamp>6184.389972</timestamp>
			</report>
			<report>
				<misses>16292001</misses>
				<total>26</total>
				<timestamp>6184.769608</timestamp>
			</report>
			<report>
				<misses>16293001</misses>
				<total>26</total>
				<timestamp>6185.149250</timestamp>
			</report>
			<report>
				<misses>16294001</misses>
				<total>26</total>
				<timestamp>6185.528841</timestamp>
			</report>
			<report>
				<misses>16295001</misses>
				<total>26</total>
				<timestamp>6185.908473</timestamp>
			</report>
			<report>
				<misses>16296001</misses>
				<total>26</total>
				<timestamp>6186.288140</timestamp>
			</report>
			<report>
				<misses>16297001</misses>
				<total>26</total>
				<timestamp>6186.667751</timestamp>
			</report>
			<report>
				<misses>16298001</misses>
				<total>26</total>
				<timestamp>6187.047337</timestamp>
			</report>
			<report>
				<misses>16299001</misses>
				<total>26</total>
				<timestamp>6187.426948</timestamp>
			</report>
			<report>
				<misses>16300001</misses>
				<total>26</total>
				<timestamp>6187.806556</timestamp>
			</report>
			<report>
				<misses>16301001</misses>
				<total>26</total>
				<timestamp>6188.186199</timestamp>
			</report>
			<report>
				<misses>16302001</misses>
				<total>26</total>
				<timestamp>6188.565782</timestamp>
			</report>
			<report>
				<misses>16303001</misses>
				<total>26</total>
				<timestamp>6188.945477</timestamp>
			</report>
			<report>
				<misses>16304001</misses>
				<total>26</total>
				<timestamp>6189.325055</timestamp>
			</report>
			<report>
				<misses>16305001</misses>
				<total>26</total>
				<timestamp>6189.704668</timestamp>
			</report>
			<report>
				<misses>16306001</misses>
				<total>26</total>
				<timestamp>6190.084327</timestamp>
			</report>
			<report>
				<misses>16307001</misses>
				<total>26</total>
				<timestamp>6190.463910</timestamp>
			</report>
			<report>
				<misses>16308001</misses>
				<total>26</total>
				<timestamp>6190.843584</timestamp>
			</report>
			<report>
				<misses>16309001</misses>
				<total>26</total>
				<timestamp>6191.223157</timestamp>
			</report>
			<report>
				<misses>16310001</misses>
				<total>26</total>
				<timestamp>6191.602758</timestamp>
			</report>
			<report>
				<misses>16311001</misses>
				<total>26</total>
				<timestamp>6191.982433</timestamp>
			</report>
			<report>
				<misses>16312001</misses>
				<total>26</total>
				<timestamp>6192.362012</timestamp>
			</report>
			<report>
				<misses>16313001</misses>
				<total>26</total>
				<timestamp>6192.741633</timestamp>
			</report>
			<report>
				<misses>16314001</misses>
				<total>26</total>
				<timestamp>6193.121312</timestamp>
			</report>
			<report>
				<misses>16315001</misses>
				<total>26</total>
				<timestamp>6193.500857</timestamp>
			</report>
			<report>
				<misses>16316001</misses>
				<total>26</total>
				<timestamp>6193.880494</timestamp>
			</report>
			<report>
				<misses>16317001</misses>
				<total>26</total>
				<timestamp>6194.260143</timestamp>
			</report>
			<report>
				<misses>16318001</misses>
				<total>26</total>
				<timestamp>6194.639727</timestamp>
			</report>
			<report>
				<misses>16319001</misses>
				<total>26</total>
				<timestamp>6195.019382</timestamp>
			</report>
			<report>
				<misses>16320001</misses>
				<total>26</total>
				<timestamp>6195.398976</timestamp>
			</report>
			<report>
				<misses>16321001</misses>
				<total>26</total>
				<timestamp>6195.778594</timestamp>
			</report>
			<report>
				<misses>16322001</misses>
				<total>26</total>
				<timestamp>6196.158250</timestamp>
			</report>
			<report>
				<misses>16323001</misses>
				<total>26</total>
				<timestamp>6196.537844</timestamp>
			</report>
			<report>
				<misses>16324001</misses>
				<total>26</total>
				<timestamp>6196.917432</timestamp>
			</report>
			<report>
				<misses>16325001</misses>
				<total>25</total>
				<timestamp>6197.297163</timestamp>
			</report>
			<report>
				<misses>16326001</misses>
				<total>26</total>
				<timestamp>6197.676681</timestamp>
			</report>
			<report>
				<misses>16327001</misses>
				<total>26</total>
				<timestamp>6198.056378</timestamp>
			</report>
			<report>
				<misses>16328001</misses>
				<total>26</total>
				<timestamp>6198.435946</timestamp>
			</report>
			<report>
				<misses>16329001</misses>
				<total>26</total>
				<timestamp>6198.815554</timestamp>
			</report>
			<report>
				<misses>16330001</misses>
				<total>26</total>
				<timestamp>6199.195202</timestamp>
			</report>
			<report>
				<misses>16331001</misses>
				<total>26</total>
				<timestamp>6199.574783</timestamp>
			</report>
			<report>
				<misses>16332001</misses>
				<total>26</total>
				<timestamp>6199.954452</timestamp>
			</report>
			<report>
				<misses>16333001</misses>
				<total>26</total>
				<timestamp>6200.334049</timestamp>
			</report>
			<report>
				<misses>16334001</misses>
				<total>26</total>
				<timestamp>6200.713677</timestamp>
			</report>
			<report>
				<misses>16335001</misses>
				<total>26</total>
				<timestamp>6201.093334</timestamp>
			</report>
			<report>
				<misses>16336001</misses>
				<total>26</total>
				<timestamp>6201.472890</timestamp>
			</report>
			<report>
				<misses>16337001</misses>
				<total>26</total>
				<timestamp>6201.852541</timestamp>
			</report>
			<report>
				<misses>16338001</misses>
				<total>26</total>
				<timestamp>6202.232150</timestamp>
			</report>
			<report>
				<misses>16339001</misses>
				<total>26</total>
				<timestamp>6202.611743</timestamp>
			</report>
			<report>
				<misses>16340001</misses>
				<total>26</total>
				<timestamp>6202.991385</timestamp>
			</report>
			<report>
				<misses>16341001</misses>
				<total>26</total>
				<timestamp>6203.370992</timestamp>
			</report>
			<report>
				<misses>16342001</misses>
				<total>26</total>
				<timestamp>6203.750603</timestamp>
			</report>
			<report>
				<misses>16343001</misses>
				<total>26</total>
				<timestamp>6204.130286</timestamp>
			</report>
			<report>
				<misses>16344001</misses>
				<total>26</total>
				<timestamp>6204.509840</timestamp>
			</report>
			<report>
				<misses>16345001</misses>
				<total>26</total>
				<timestamp>6204.889467</timestamp>
			</report>
			<report>
				<misses>16346001</misses>
				<total>26</total>
				<timestamp>6205.269145</timestamp>
			</report>
			<report>
				<misses>16347001</misses>
				<total>26</total>
				<timestamp>6205.648714</timestamp>
			</report>
			<report>
				<misses>16348001</misses>
				<total>26</total>
				<timestamp>6206.028344</timestamp>
			</report>
			<report>
				<misses>16349001</misses>
				<total>26</total>
				<timestamp>6206.407943</timestamp>
			</report>
			<report>
				<misses>16350001</misses>
				<total>26</total>
				<timestamp>6206.787560</timestamp>
			</report>
			<report>
				<misses>16351001</misses>
				<total>26</total>
				<timestamp>6207.167206</timestamp>
			</report>
			<report>
				<misses>16352001</misses>
				<total>26</total>
				<timestamp>6207.546812</timestamp>
			</report>
			<report>
				<misses>16353001</misses>
				<total>26</total>
				<timestamp>6207.926441</timestamp>
			</report>
			<report>
				<misses>16354001</misses>
				<total>26</total>
				<timestamp>6208.306062</timestamp>
			</report>
			<report>
				<misses>16355001</misses>
				<total>26</total>
				<timestamp>6208.685652</timestamp>
			</report>
			<report>
				<misses>16356001</misses>
				<total>26</total>
				<timestamp>6209.065316</timestamp>
			</report>
			<report>
				<misses>16357001</misses>
				<total>26</total>
				<timestamp>6209.444911</timestamp>
			</report>
			<report>
				<misses>16358001</misses>
				<total>26</total>
				<timestamp>6209.824521</timestamp>
			</report>
			<report>
				<misses>16359001</misses>
				<total>26</total>
				<timestamp>6210.204166</timestamp>
			</report>
			<report>
				<misses>16360001</misses>
				<total>26</total>
				<timestamp>6210.583786</timestamp>
			</report>
			<report>
				<misses>16361001</misses>
				<total>26</total>
				<timestamp>6210.963377</timestamp>
			</report>
			<report>
				<misses>16362001</misses>
				<total>26</total>
				<timestamp>6211.343040</timestamp>
			</report>
			<report>
				<misses>16363001</misses>
				<total>26</total>
				<timestamp>6211.722613</timestamp>
			</report>
			<report>
				<misses>16364001</misses>
				<total>26</total>
				<timestamp>6212.102259</timestamp>
			</report>
			<report>
				<misses>16365001</misses>
				<total>26</total>
				<timestamp>6212.481853</timestamp>
			</report>
			<report>
				<misses>16366001</misses>
				<total>26</total>
				<timestamp>6212.861484</timestamp>
			</report>
			<report>
				<misses>16367001</misses>
				<total>26</total>
				<timestamp>6213.241142</timestamp>
			</report>
			<report>
				<misses>16368001</misses>
				<total>26</total>
				<timestamp>6213.620744</timestamp>
			</report>
			<report>
				<misses>16369001</misses>
				<total>26</total>
				<timestamp>6214.000378</timestamp>
			</report>
			<report>
				<misses>16370001</misses>
				<total>26</total>
				<timestamp>6214.379989</timestamp>
			</report>
			<report>
				<misses>16371001</misses>
				<total>26</total>
				<timestamp>6214.759593</timestamp>
			</report>
			<report>
				<misses>16372001</misses>
				<total>26</total>
				<timestamp>6215.139242</timestamp>
			</report>
			<report>
				<misses>16373001</misses>
				<total>26</total>
				<timestamp>6215.518842</timestamp>
			</report>
			<report>
				<misses>16374001</misses>
				<total>26</total>
				<timestamp>6215.898466</timestamp>
			</report>
			<report>
				<misses>16375001</misses>
				<total>26</total>
				<timestamp>6216.278075</timestamp>
			</report>
			<report>
				<misses>16376001</misses>
				<total>26</total>
				<timestamp>6216.657742</timestamp>
			</report>
			<report>
				<misses>16377001</misses>
				<total>26</total>
				<timestamp>6217.037330</timestamp>
			</report>
			<report>
				<misses>16378001</misses>
				<total>26</total>
				<timestamp>6217.416938</timestamp>
			</report>
			<report>
				<misses>16379001</misses>
				<total>26</total>
				<timestamp>6217.796557</timestamp>
			</report>
			<report>
				<misses>16380001</misses>
				<total>26</total>
				<timestamp>6218.176166</timestamp>
			</report>
			<report>
				<misses>16381001</misses>
				<total>26</total>
				<timestamp>6218.555783</timestamp>
			</report>
			<report>
				<misses>16382001</misses>
				<total>26</total>
				<timestamp>6218.935400</timestamp>
			</report>
			<report>
				<misses>16383001</misses>
				<total>26</total>
				<timestamp>6219.315050</timestamp>
			</report>
			<report>
				<misses>16384001</misses>
				<total>26</total>
				<timestamp>6219.694645</timestamp>
			</report>
			<report>
				<misses>16385001</misses>
				<total>26</total>
				<timestamp>6220.074270</timestamp>
			</report>
			<report>
				<misses>16386001</misses>
				<total>26</total>
				<timestamp>6220.453885</timestamp>
			</report>
			<report>
				<misses>16387001</misses>
				<total>26</total>
				<timestamp>6220.833496</timestamp>
			</report>
			<report>
				<misses>16388001</misses>
				<total>26</total>
				<timestamp>6221.213131</timestamp>
			</report>
			<report>
				<misses>16389001</misses>
				<total>26</total>
				<timestamp>6221.592731</timestamp>
			</report>
			<report>
				<misses>16390001</misses>
				<total>26</total>
				<timestamp>6221.972408</timestamp>
			</report>
			<report>
				<misses>16391001</misses>
				<total>26</total>
				<timestamp>6222.352058</timestamp>
			</report>
			<report>
				<misses>16392001</misses>
				<total>26</total>
				<timestamp>6222.731606</timestamp>
			</report>
			<report>
				<misses>16393001</misses>
				<total>26</total>
				<timestamp>6223.111271</timestamp>
			</report>
			<report>
				<misses>16394001</misses>
				<total>26</total>
				<timestamp>6223.490868</timestamp>
			</report>
			<report>
				<misses>16395001</misses>
				<total>26</total>
				<timestamp>6223.870451</timestamp>
			</report>
			<report>
				<misses>16396001</misses>
				<total>26</total>
				<timestamp>6224.250158</timestamp>
			</report>
			<report>
				<misses>16397001</misses>
				<total>26</total>
				<timestamp>6224.629715</timestamp>
			</report>
			<report>
				<misses>16398001</misses>
				<total>26</total>
				<timestamp>6225.009348</timestamp>
			</report>
			<report>
				<misses>16399001</misses>
				<total>26</total>
				<timestamp>6225.388968</timestamp>
			</report>
			<report>
				<misses>16400001</misses>
				<total>26</total>
				<timestamp>6225.768566</timestamp>
			</report>
			<report>
				<misses>16401001</misses>
				<total>26</total>
				<timestamp>6226.148203</timestamp>
			</report>
			<report>
				<misses>16402001</misses>
				<total>26</total>
				<timestamp>6226.527815</timestamp>
			</report>
			<report>
				<misses>16403001</misses>
				<total>26</total>
				<timestamp>6226.907421</timestamp>
			</report>
			<report>
				<misses>16404001</misses>
				<total>26</total>
				<timestamp>6227.287092</timestamp>
			</report>
			<report>
				<misses>16405001</misses>
				<total>26</total>
				<timestamp>6227.666667</timestamp>
			</report>
			<report>
				<misses>16406001</misses>
				<total>26</total>
				<timestamp>6228.046323</timestamp>
			</report>
			<report>
				<misses>16407001</misses>
				<total>26</total>
				<timestamp>6228.425920</timestamp>
			</report>
			<report>
				<misses>16408001</misses>
				<total>26</total>
				<timestamp>6228.805535</timestamp>
			</report>
			<report>
				<misses>16409001</misses>
				<total>26</total>
				<timestamp>6229.185158</timestamp>
			</report>
			<report>
				<misses>16410001</misses>
				<total>26</total>
				<timestamp>6229.564780</timestamp>
			</report>
			<report>
				<misses>16411001</misses>
				<total>26</total>
				<timestamp>6229.944406</timestamp>
			</report>
			<report>
				<misses>16412001</misses>
				<total>26</total>
				<timestamp>6230.324025</timestamp>
			</report>
			<report>
				<misses>16413001</misses>
				<total>26</total>
				<timestamp>6230.703625</timestamp>
			</report>
			<report>
				<misses>16414001</misses>
				<total>26</total>
				<timestamp>6231.083261</timestamp>
			</report>
			<report>
				<misses>16415001</misses>
				<total>26</total>
				<timestamp>6231.462881</timestamp>
			</report>
			<report>
				<misses>16416001</misses>
				<total>26</total>
				<timestamp>6231.842489</timestamp>
			</report>
			<report>
				<misses>16417001</misses>
				<total>26</total>
				<timestamp>6232.222134</timestamp>
			</report>
			<report>
				<misses>16418001</misses>
				<total>26</total>
				<timestamp>6232.601719</timestamp>
			</report>
			<report>
				<misses>16419001</misses>
				<total>26</total>
				<timestamp>6232.981361</timestamp>
			</report>
			<report>
				<misses>16420001</misses>
				<total>26</total>
				<timestamp>6233.361019</timestamp>
			</report>
			<report>
				<misses>16421001</misses>
				<total>26</total>
				<timestamp>6233.740580</timestamp>
			</report>
			<report>
				<misses>16422001</misses>
				<total>26</total>
				<timestamp>6234.120222</timestamp>
			</report>
			<report>
				<misses>16423001</misses>
				<total>26</total>
				<timestamp>6234.499815</timestamp>
			</report>
			<report>
				<misses>16424001</misses>
				<total>26</total>
				<timestamp>6234.879495</timestamp>
			</report>
			<report>
				<misses>16425001</misses>
				<total>26</total>
				<timestamp>6235.259064</timestamp>
			</report>
			<report>
				<misses>16426001</misses>
				<total>26</total>
				<timestamp>6235.638687</timestamp>
			</report>
			<report>
				<misses>16427001</misses>
				<total>26</total>
				<timestamp>6236.018314</timestamp>
			</report>
			<report>
				<misses>16428001</misses>
				<total>26</total>
				<timestamp>6236.397969</timestamp>
			</report>
			<report>
				<misses>16429001</misses>
				<total>26</total>
				<timestamp>6236.777543</timestamp>
			</report>
			<report>
				<misses>16430001</misses>
				<total>26</total>
				<timestamp>6237.157164</timestamp>
			</report>
			<report>
				<misses>16431001</misses>
				<total>26</total>
				<timestamp>6237.536794</timestamp>
			</report>
			<report>
				<misses>16432001</misses>
				<total>26</total>
				<timestamp>6237.916412</timestamp>
			</report>
			<report>
				<misses>16433001</misses>
				<total>26</total>
				<timestamp>6238.296108</timestamp>
			</report>
			<report>
				<misses>16434001</misses>
				<total>26</total>
				<timestamp>6238.675661</timestamp>
			</report>
			<report>
				<misses>16435001</misses>
				<total>26</total>
				<timestamp>6239.055289</timestamp>
			</report>
			<report>
				<misses>16436001</misses>
				<total>26</total>
				<timestamp>6239.434893</timestamp>
			</report>
			<report>
				<misses>16437001</misses>
				<total>26</total>
				<timestamp>6239.814516</timestamp>
			</report>
			<report>
				<misses>16438001</misses>
				<total>26</total>
				<timestamp>6240.194136</timestamp>
			</report>
			<report>
				<misses>16439001</misses>
				<total>26</total>
				<timestamp>6240.573756</timestamp>
			</report>
			<report>
				<misses>16440001</misses>
				<total>26</total>
				<timestamp>6240.953369</timestamp>
			</report>
			<report>
				<misses>16441001</misses>
				<total>26</total>
				<timestamp>6241.333030</timestamp>
			</report>
			<report>
				<misses>16442001</misses>
				<total>26</total>
				<timestamp>6241.712605</timestamp>
			</report>
			<report>
				<misses>16443001</misses>
				<total>26</total>
				<timestamp>6242.092241</timestamp>
			</report>
			<report>
				<misses>16444001</misses>
				<total>26</total>
				<timestamp>6242.471948</timestamp>
			</report>
			<report>
				<misses>16445001</misses>
				<total>26</total>
				<timestamp>6242.851465</timestamp>
			</report>
			<report>
				<misses>16446001</misses>
				<total>26</total>
				<timestamp>6243.231096</timestamp>
			</report>
			<report>
				<misses>16447001</misses>
				<total>26</total>
				<timestamp>6243.610700</timestamp>
			</report>
			<report>
				<misses>16448001</misses>
				<total>26</total>
				<timestamp>6243.990335</timestamp>
			</report>
			<report>
				<misses>16449001</misses>
				<total>26</total>
				<timestamp>6244.370058</timestamp>
			</report>
			<report>
				<misses>16450001</misses>
				<total>26</total>
				<timestamp>6244.749569</timestamp>
			</report>
			<report>
				<misses>16451001</misses>
				<total>26</total>
				<timestamp>6245.129202</timestamp>
			</report>
			<report>
				<misses>16452001</misses>
				<total>26</total>
				<timestamp>6245.508851</timestamp>
			</report>
			<report>
				<misses>16453001</misses>
				<total>26</total>
				<timestamp>6245.888432</timestamp>
			</report>
			<report>
				<misses>16454001</misses>
				<total>26</total>
				<timestamp>6246.268082</timestamp>
			</report>
			<report>
				<misses>16455001</misses>
				<total>26</total>
				<timestamp>6246.647658</timestamp>
			</report>
			<report>
				<misses>16456001</misses>
				<total>26</total>
				<timestamp>6247.027359</timestamp>
			</report>
			<report>
				<misses>16457001</misses>
				<total>26</total>
				<timestamp>6247.406982</timestamp>
			</report>
			<report>
				<misses>16458001</misses>
				<total>26</total>
				<timestamp>6247.786569</timestamp>
			</report>
			<report>
				<misses>16459001</misses>
				<total>26</total>
				<timestamp>6248.166137</timestamp>
			</report>
			<report>
				<misses>16460001</misses>
				<total>26</total>
				<timestamp>6248.545757</timestamp>
			</report>
			<report>
				<misses>16461001</misses>
				<total>26</total>
				<timestamp>6248.925432</timestamp>
			</report>
			<report>
				<misses>16462001</misses>
				<total>26</total>
				<timestamp>6249.305037</timestamp>
			</report>
			<report>
				<misses>16463001</misses>
				<total>26</total>
				<timestamp>6249.684639</timestamp>
			</report>
			<report>
				<misses>16464001</misses>
				<total>26</total>
				<timestamp>6250.064258</timestamp>
			</report>
			<report>
				<misses>16465001</misses>
				<total>26</total>
				<timestamp>6250.443885</timestamp>
			</report>
			<report>
				<misses>16466001</misses>
				<total>26</total>
				<timestamp>6250.823475</timestamp>
			</report>
			<report>
				<misses>16467001</misses>
				<total>26</total>
				<timestamp>6251.203106</timestamp>
			</report>
			<report>
				<misses>16468001</misses>
				<total>26</total>
				<timestamp>6251.582721</timestamp>
			</report>
			<report>
				<misses>16469001</misses>
				<total>26</total>
				<timestamp>6251.962403</timestamp>
			</report>
			<report>
				<misses>16470001</misses>
				<total>26</total>
				<timestamp>6252.341980</timestamp>
			</report>
			<report>
				<misses>16471001</misses>
				<total>26</total>
				<timestamp>6252.721584</timestamp>
			</report>
			<report>
				<misses>16472001</misses>
				<total>26</total>
				<timestamp>6253.101237</timestamp>
			</report>
			<report>
				<misses>16473001</misses>
				<total>26</total>
				<timestamp>6253.480856</timestamp>
			</report>
			<report>
				<misses>16474001</misses>
				<total>26</total>
				<timestamp>6253.860463</timestamp>
			</report>
			<report>
				<misses>16475001</misses>
				<total>26</total>
				<timestamp>6254.240063</timestamp>
			</report>
			<report>
				<misses>16476001</misses>
				<total>26</total>
				<timestamp>6254.619694</timestamp>
			</report>
			<report>
				<misses>16477001</misses>
				<total>26</total>
				<timestamp>6254.999328</timestamp>
			</report>
			<report>
				<misses>16478001</misses>
				<total>26</total>
				<timestamp>6255.378957</timestamp>
			</report>
			<report>
				<misses>16479001</misses>
				<total>26</total>
				<timestamp>6255.758547</timestamp>
			</report>
			<report>
				<misses>16480001</misses>
				<total>26</total>
				<timestamp>6256.138180</timestamp>
			</report>
			<report>
				<misses>16481001</misses>
				<total>26</total>
				<timestamp>6256.517838</timestamp>
			</report>
			<report>
				<misses>16482001</misses>
				<total>26</total>
				<timestamp>6256.897406</timestamp>
			</report>
			<report>
				<misses>16483001</misses>
				<total>26</total>
				<timestamp>6257.277033</timestamp>
			</report>
			<report>
				<misses>16484001</misses>
				<total>26</total>
				<timestamp>6257.656651</timestamp>
			</report>
			<report>
				<misses>16485001</misses>
				<total>26</total>
				<timestamp>6258.036315</timestamp>
			</report>
			<report>
				<misses>16486001</misses>
				<total>26</total>
				<timestamp>6258.415908</timestamp>
			</report>
			<report>
				<misses>16487001</misses>
				<total>26</total>
				<timestamp>6258.795547</timestamp>
			</report>
			<report>
				<misses>16488001</misses>
				<total>26</total>
				<timestamp>6259.175135</timestamp>
			</report>
			<report>
				<misses>16489001</misses>
				<total>26</total>
				<timestamp>6259.554755</timestamp>
			</report>
			<report>
				<misses>16490001</misses>
				<total>26</total>
				<timestamp>6259.934395</timestamp>
			</report>
			<report>
				<misses>16491001</misses>
				<total>26</total>
				<timestamp>6260.314004</timestamp>
			</report>
			<report>
				<misses>16492001</misses>
				<total>26</total>
				<timestamp>6260.693610</timestamp>
			</report>
			<report>
				<misses>16493001</misses>
				<total>26</total>
				<timestamp>6261.073246</timestamp>
			</report>
			<report>
				<misses>16494001</misses>
				<total>26</total>
				<timestamp>6261.452886</timestamp>
			</report>
			<report>
				<misses>16495001</misses>
				<total>26</total>
				<timestamp>6261.832468</timestamp>
			</report>
			<report>
				<misses>16496001</misses>
				<total>26</total>
				<timestamp>6262.212085</timestamp>
			</report>
			<report>
				<misses>16497001</misses>
				<total>26</total>
				<timestamp>6262.591718</timestamp>
			</report>
			<report>
				<misses>16498001</misses>
				<total>26</total>
				<timestamp>6262.971323</timestamp>
			</report>
			<report>
				<misses>16499001</misses>
				<total>26</total>
				<timestamp>6263.350990</timestamp>
			</report>
			<report>
				<misses>16500001</misses>
				<total>26</total>
				<timestamp>6263.730558</timestamp>
			</report>
			<report>
				<misses>16501001</misses>
				<total>26</total>
				<timestamp>6264.110198</timestamp>
			</report>
			<report>
				<misses>16502001</misses>
				<total>26</total>
				<timestamp>6264.489842</timestamp>
			</report>
			<report>
				<misses>16503001</misses>
				<total>26</total>
				<timestamp>6264.869443</timestamp>
			</report>
			<report>
				<misses>16504001</misses>
				<total>26</total>
				<timestamp>6265.249059</timestamp>
			</report>
			<report>
				<misses>16505001</misses>
				<total>26</total>
				<timestamp>6265.628655</timestamp>
			</report>
			<report>
				<misses>16506001</misses>
				<total>26</total>
				<timestamp>6266.008302</timestamp>
			</report>
			<report>
				<misses>16507001</misses>
				<total>26</total>
				<timestamp>6266.387934</timestamp>
			</report>
			<report>
				<misses>16508001</misses>
				<total>26</total>
				<timestamp>6266.767537</timestamp>
			</report>
			<report>
				<misses>16509001</misses>
				<total>26</total>
				<timestamp>6267.147152</timestamp>
			</report>
			<report>
				<misses>16510001</misses>
				<total>26</total>
				<timestamp>6267.526799</timestamp>
			</report>
			<report>
				<misses>16511001</misses>
				<total>26</total>
				<timestamp>6267.906402</timestamp>
			</report>
			<report>
				<misses>16512001</misses>
				<total>26</total>
				<timestamp>6268.286006</timestamp>
			</report>
			<report>
				<misses>16513001</misses>
				<total>26</total>
				<timestamp>6268.665641</timestamp>
			</report>
			<report>
				<misses>16514001</misses>
				<total>26</total>
				<timestamp>6269.045240</timestamp>
			</report>
			<report>
				<misses>16515001</misses>
				<total>26</total>
				<timestamp>6269.424903</timestamp>
			</report>
			<report>
				<misses>16516001</misses>
				<total>26</total>
				<timestamp>6269.804480</timestamp>
			</report>
			<report>
				<misses>16517001</misses>
				<total>26</total>
				<timestamp>6270.184113</timestamp>
			</report>
			<report>
				<misses>16518001</misses>
				<total>26</total>
				<timestamp>6270.563773</timestamp>
			</report>
			<report>
				<misses>16519001</misses>
				<total>26</total>
				<timestamp>6270.943375</timestamp>
			</report>
			<report>
				<misses>16520001</misses>
				<total>26</total>
				<timestamp>6271.322981</timestamp>
			</report>
			<report>
				<misses>16521001</misses>
				<total>26</total>
				<timestamp>6271.702577</timestamp>
			</report>
			<report>
				<misses>16522001</misses>
				<total>26</total>
				<timestamp>6272.082228</timestamp>
			</report>
			<report>
				<misses>16523001</misses>
				<total>26</total>
				<timestamp>6272.461823</timestamp>
			</report>
			<report>
				<misses>16524001</misses>
				<total>26</total>
				<timestamp>6272.841426</timestamp>
			</report>
			<report>
				<misses>16525001</misses>
				<total>26</total>
				<timestamp>6273.221061</timestamp>
			</report>
			<report>
				<misses>16526001</misses>
				<total>26</total>
				<timestamp>6273.600710</timestamp>
			</report>
			<report>
				<misses>16527001</misses>
				<total>26</total>
				<timestamp>6273.980306</timestamp>
			</report>
			<report>
				<misses>16528001</misses>
				<total>26</total>
				<timestamp>6274.359922</timestamp>
			</report>
			<report>
				<misses>16529001</misses>
				<total>26</total>
				<timestamp>6274.739534</timestamp>
			</report>
			<report>
				<misses>16530001</misses>
				<total>26</total>
				<timestamp>6275.119174</timestamp>
			</report>
			<report>
				<misses>16531001</misses>
				<total>26</total>
				<timestamp>6275.498844</timestamp>
			</report>
			<report>
				<misses>16532001</misses>
				<total>26</total>
				<timestamp>6275.878416</timestamp>
			</report>
			<report>
				<misses>16533001</misses>
				<total>26</total>
				<timestamp>6276.258051</timestamp>
			</report>
			<report>
				<misses>16534001</misses>
				<total>26</total>
				<timestamp>6276.637656</timestamp>
			</report>
			<report>
				<misses>16535001</misses>
				<total>26</total>
				<timestamp>6277.017275</timestamp>
			</report>
			<report>
				<misses>16536001</misses>
				<total>26</total>
				<timestamp>6277.396888</timestamp>
			</report>
			<report>
				<misses>16537001</misses>
				<total>26</total>
				<timestamp>6277.776500</timestamp>
			</report>
			<report>
				<misses>16538001</misses>
				<total>26</total>
				<timestamp>6278.156146</timestamp>
			</report>
			<report>
				<misses>16539001</misses>
				<total>26</total>
				<timestamp>6278.535762</timestamp>
			</report>
			<report>
				<misses>16540001</misses>
				<total>26</total>
				<timestamp>6278.915380</timestamp>
			</report>
			<report>
				<misses>16541001</misses>
				<total>26</total>
				<timestamp>6279.294989</timestamp>
			</report>
			<report>
				<misses>16542001</misses>
				<total>26</total>
				<timestamp>6279.674604</timestamp>
			</report>
			<report>
				<misses>16543001</misses>
				<total>26</total>
				<timestamp>6280.054258</timestamp>
			</report>
			<report>
				<misses>16544001</misses>
				<total>26</total>
				<timestamp>6280.433850</timestamp>
			</report>
			<report>
				<misses>16545001</misses>
				<total>26</total>
				<timestamp>6280.813486</timestamp>
			</report>
			<report>
				<misses>16546001</misses>
				<total>26</total>
				<timestamp>6281.193129</timestamp>
			</report>
			<report>
				<misses>16547001</misses>
				<total>26</total>
				<timestamp>6281.572749</timestamp>
			</report>
			<report>
				<misses>16548001</misses>
				<total>26</total>
				<timestamp>6281.952327</timestamp>
			</report>
			<report>
				<misses>16549001</misses>
				<total>26</total>
				<timestamp>6282.331955</timestamp>
			</report>
			<report>
				<misses>16550001</misses>
				<total>26</total>
				<timestamp>6282.711576</timestamp>
			</report>
			<report>
				<misses>16551001</misses>
				<total>26</total>
				<timestamp>6283.091194</timestamp>
			</report>
			<report>
				<misses>16552001</misses>
				<total>26</total>
				<timestamp>6283.470833</timestamp>
			</report>
			<report>
				<misses>16553001</misses>
				<total>26</total>
				<timestamp>6283.850435</timestamp>
			</report>
			<report>
				<misses>16554001</misses>
				<total>26</total>
				<timestamp>6284.230037</timestamp>
			</report>
			<report>
				<misses>16555001</misses>
				<total>26</total>
				<timestamp>6284.609688</timestamp>
			</report>
			<report>
				<misses>16556001</misses>
				<total>26</total>
				<timestamp>6284.989277</timestamp>
			</report>
			<report>
				<misses>16557001</misses>
				<total>26</total>
				<timestamp>6285.368916</timestamp>
			</report>
			<report>
				<misses>16558001</misses>
				<total>26</total>
				<timestamp>6285.748536</timestamp>
			</report>
			<report>
				<misses>16559001</misses>
				<total>26</total>
				<timestamp>6286.128144</timestamp>
			</report>
			<report>
				<misses>16560001</misses>
				<total>26</total>
				<timestamp>6286.507821</timestamp>
			</report>
			<report>
				<misses>16561001</misses>
				<total>26</total>
				<timestamp>6286.887393</timestamp>
			</report>
			<report>
				<misses>16562001</misses>
				<total>26</total>
				<timestamp>6287.266988</timestamp>
			</report>
			<report>
				<misses>16563001</misses>
				<total>26</total>
				<timestamp>6287.646684</timestamp>
			</report>
			<report>
				<misses>16564001</misses>
				<total>26</total>
				<timestamp>6288.026261</timestamp>
			</report>
			<report>
				<misses>16565001</misses>
				<total>26</total>
				<timestamp>6288.405870</timestamp>
			</report>
			<report>
				<misses>16566001</misses>
				<total>26</total>
				<timestamp>6288.785492</timestamp>
			</report>
			<report>
				<misses>16567001</misses>
				<total>26</total>
				<timestamp>6289.165119</timestamp>
			</report>
			<report>
				<misses>16568001</misses>
				<total>26</total>
				<timestamp>6289.544766</timestamp>
			</report>
			<report>
				<misses>16569001</misses>
				<total>26</total>
				<timestamp>6289.924356</timestamp>
			</report>
			<report>
				<misses>16570001</misses>
				<total>26</total>
				<timestamp>6290.303953</timestamp>
			</report>
			<report>
				<misses>16571001</misses>
				<total>26</total>
				<timestamp>6290.683641</timestamp>
			</report>
			<report>
				<misses>16572001</misses>
				<total>26</total>
				<timestamp>6291.063219</timestamp>
			</report>
			<report>
				<misses>16573001</misses>
				<total>26</total>
				<timestamp>6291.442817</timestamp>
			</report>
			<report>
				<misses>16574001</misses>
				<total>26</total>
				<timestamp>6291.822434</timestamp>
			</report>
			<report>
				<misses>16575001</misses>
				<total>26</total>
				<timestamp>6292.202080</timestamp>
			</report>
			<report>
				<misses>16576001</misses>
				<total>26</total>
				<timestamp>6292.581699</timestamp>
			</report>
			<report>
				<misses>16577001</misses>
				<total>26</total>
				<timestamp>6292.961310</timestamp>
			</report>
			<report>
				<misses>16578001</misses>
				<total>26</total>
				<timestamp>6293.340913</timestamp>
			</report>
			<report>
				<misses>16579001</misses>
				<total>26</total>
				<timestamp>6293.720584</timestamp>
			</report>
			<report>
				<misses>16580001</misses>
				<total>26</total>
				<timestamp>6294.100161</timestamp>
			</report>
			<report>
				<misses>16581001</misses>
				<total>26</total>
				<timestamp>6294.479819</timestamp>
			</report>
			<report>
				<misses>16582001</misses>
				<total>26</total>
				<timestamp>6294.859424</timestamp>
			</report>
			<report>
				<misses>16583001</misses>
				<total>26</total>
				<timestamp>6295.239063</timestamp>
			</report>
			<report>
				<misses>16584001</misses>
				<total>26</total>
				<timestamp>6295.618671</timestamp>
			</report>
			<report>
				<misses>16585001</misses>
				<total>26</total>
				<timestamp>6295.998292</timestamp>
			</report>
			<report>
				<misses>16586001</misses>
				<total>26</total>
				<timestamp>6296.377904</timestamp>
			</report>
			<report>
				<misses>16587001</misses>
				<total>26</total>
				<timestamp>6296.757522</timestamp>
			</report>
			<report>
				<misses>16588001</misses>
				<total>26</total>
				<timestamp>6297.137132</timestamp>
			</report>
			<report>
				<misses>16589001</misses>
				<total>26</total>
				<timestamp>6297.516731</timestamp>
			</report>
			<report>
				<misses>16590001</misses>
				<total>26</total>
				<timestamp>6297.896366</timestamp>
			</report>
			<report>
				<misses>16591001</misses>
				<total>26</total>
				<timestamp>6298.275971</timestamp>
			</report>
			<report>
				<misses>16592001</misses>
				<total>26</total>
				<timestamp>6298.655639</timestamp>
			</report>
			<report>
				<misses>16593001</misses>
				<total>26</total>
				<timestamp>6299.035218</timestamp>
			</report>
			<report>
				<misses>16594001</misses>
				<total>26</total>
				<timestamp>6299.414845</timestamp>
			</report>
			<report>
				<misses>16595001</misses>
				<total>26</total>
				<timestamp>6299.794490</timestamp>
			</report>
			<report>
				<misses>16596001</misses>
				<total>26</total>
				<timestamp>6300.174071</timestamp>
			</report>
			<report>
				<misses>16597001</misses>
				<total>26</total>
				<timestamp>6300.553714</timestamp>
			</report>
			<report>
				<misses>16598001</misses>
				<total>26</total>
				<timestamp>6300.933339</timestamp>
			</report>
			<report>
				<misses>16599001</misses>
				<total>26</total>
				<timestamp>6301.312948</timestamp>
			</report>
			<report>
				<misses>16600001</misses>
				<total>26</total>
				<timestamp>6301.692593</timestamp>
			</report>
			<report>
				<misses>16601001</misses>
				<total>26</total>
				<timestamp>6302.072169</timestamp>
			</report>
			<report>
				<misses>16602001</misses>
				<total>26</total>
				<timestamp>6302.451802</timestamp>
			</report>
			<report>
				<misses>16603001</misses>
				<total>26</total>
				<timestamp>6302.831424</timestamp>
			</report>
			<report>
				<misses>16604001</misses>
				<total>26</total>
				<timestamp>6303.211055</timestamp>
			</report>
			<report>
				<misses>16605001</misses>
				<total>26</total>
				<timestamp>6303.590691</timestamp>
			</report>
			<report>
				<misses>16606001</misses>
				<total>26</total>
				<timestamp>6303.970332</timestamp>
			</report>
			<report>
				<misses>16607001</misses>
				<total>26</total>
				<timestamp>6304.349927</timestamp>
			</report>
			<report>
				<misses>16608001</misses>
				<total>26</total>
				<timestamp>6304.729578</timestamp>
			</report>
			<report>
				<misses>16609001</misses>
				<total>26</total>
				<timestamp>6305.109175</timestamp>
			</report>
			<report>
				<misses>16610001</misses>
				<total>26</total>
				<timestamp>6305.488805</timestamp>
			</report>
			<report>
				<misses>16611001</misses>
				<total>26</total>
				<timestamp>6305.868445</timestamp>
			</report>
			<report>
				<misses>16612001</misses>
				<total>26</total>
				<timestamp>6306.248005</timestamp>
			</report>
			<report>
				<misses>16613001</misses>
				<total>26</total>
				<timestamp>6306.627694</timestamp>
			</report>
			<report>
				<misses>16614001</misses>
				<total>26</total>
				<timestamp>6307.007281</timestamp>
			</report>
			<report>
				<misses>16615001</misses>
				<total>26</total>
				<timestamp>6307.386864</timestamp>
			</report>
			<report>
				<misses>16616001</misses>
				<total>26</total>
				<timestamp>6307.766517</timestamp>
			</report>
			<report>
				<misses>16617001</misses>
				<total>26</total>
				<timestamp>6308.146111</timestamp>
			</report>
			<report>
				<misses>16618001</misses>
				<total>26</total>
				<timestamp>6308.525770</timestamp>
			</report>
			<report>
				<misses>16619001</misses>
				<total>26</total>
				<timestamp>6308.905340</timestamp>
			</report>
			<report>
				<misses>16620001</misses>
				<total>26</total>
				<timestamp>6309.284961</timestamp>
			</report>
			<report>
				<misses>16621001</misses>
				<total>26</total>
				<timestamp>6309.664577</timestamp>
			</report>
			<report>
				<misses>16622001</misses>
				<total>26</total>
				<timestamp>6310.044212</timestamp>
			</report>
			<report>
				<misses>16623001</misses>
				<total>26</total>
				<timestamp>6310.423842</timestamp>
			</report>
			<report>
				<misses>16624001</misses>
				<total>26</total>
				<timestamp>6310.803462</timestamp>
			</report>
			<report>
				<misses>16625001</misses>
				<total>26</total>
				<timestamp>6311.183059</timestamp>
			</report>
			<report>
				<misses>16626001</misses>
				<total>26</total>
				<timestamp>6311.562686</timestamp>
			</report>
			<report>
				<misses>16627001</misses>
				<total>26</total>
				<timestamp>6311.942316</timestamp>
			</report>
			<report>
				<misses>16628001</misses>
				<total>26</total>
				<timestamp>6312.321912</timestamp>
			</report>
			<report>
				<misses>16629001</misses>
				<total>26</total>
				<timestamp>6312.701588</timestamp>
			</report>
			<report>
				<misses>16630001</misses>
				<total>26</total>
				<timestamp>6313.081186</timestamp>
			</report>
			<report>
				<misses>16631001</misses>
				<total>26</total>
				<timestamp>6313.460804</timestamp>
			</report>
			<report>
				<misses>16632001</misses>
				<total>26</total>
				<timestamp>6313.840415</timestamp>
			</report>
			<report>
				<misses>16633001</misses>
				<total>26</total>
				<timestamp>6314.220041</timestamp>
			</report>
			<report>
				<misses>16634001</misses>
				<total>26</total>
				<timestamp>6314.599675</timestamp>
			</report>
			<report>
				<misses>16635001</misses>
				<total>26</total>
				<timestamp>6314.979277</timestamp>
			</report>
			<report>
				<misses>16636001</misses>
				<total>26</total>
				<timestamp>6315.358885</timestamp>
			</report>
			<report>
				<misses>16637001</misses>
				<total>26</total>
				<timestamp>6315.738511</timestamp>
			</report>
			<report>
				<misses>16638001</misses>
				<total>26</total>
				<timestamp>6316.118129</timestamp>
			</report>
			<report>
				<misses>16639001</misses>
				<total>26</total>
				<timestamp>6316.497760</timestamp>
			</report>
			<report>
				<misses>16640001</misses>
				<total>26</total>
				<timestamp>6316.877414</timestamp>
			</report>
			<report>
				<misses>16641001</misses>
				<total>26</total>
				<timestamp>6317.256999</timestamp>
			</report>
			<report>
				<misses>16642001</misses>
				<total>26</total>
				<timestamp>6317.636632</timestamp>
			</report>
			<report>
				<misses>16643001</misses>
				<total>26</total>
				<timestamp>6318.016240</timestamp>
			</report>
			<report>
				<misses>16644001</misses>
				<total>26</total>
				<timestamp>6318.395856</timestamp>
			</report>
			<report>
				<misses>16645001</misses>
				<total>26</total>
				<timestamp>6318.775469</timestamp>
			</report>
			<report>
				<misses>16646001</misses>
				<total>26</total>
				<timestamp>6319.155086</timestamp>
			</report>
			<report>
				<misses>16647001</misses>
				<total>26</total>
				<timestamp>6319.534712</timestamp>
			</report>
			<report>
				<misses>16648001</misses>
				<total>26</total>
				<timestamp>6319.914319</timestamp>
			</report>
			<report>
				<misses>16649001</misses>
				<total>26</total>
				<timestamp>6320.293959</timestamp>
			</report>
			<report>
				<misses>16650001</misses>
				<total>26</total>
				<timestamp>6320.673590</timestamp>
			</report>
			<report>
				<misses>16651001</misses>
				<total>26</total>
				<timestamp>6321.053179</timestamp>
			</report>
			<report>
				<misses>16652001</misses>
				<total>26</total>
				<timestamp>6321.432810</timestamp>
			</report>
			<report>
				<misses>16653001</misses>
				<total>26</total>
				<timestamp>6321.812480</timestamp>
			</report>
			<report>
				<misses>16654001</misses>
				<total>26</total>
				<timestamp>6322.192061</timestamp>
			</report>
			<report>
				<misses>16655001</misses>
				<total>26</total>
				<timestamp>6322.571658</timestamp>
			</report>
			<report>
				<misses>16656001</misses>
				<total>26</total>
				<timestamp>6322.951305</timestamp>
			</report>
			<report>
				<misses>16657001</misses>
				<total>26</total>
				<timestamp>6323.330915</timestamp>
			</report>
			<report>
				<misses>16658001</misses>
				<total>26</total>
				<timestamp>6323.710572</timestamp>
			</report>
			<report>
				<misses>16659001</misses>
				<total>26</total>
				<timestamp>6324.090143</timestamp>
			</report>
			<report>
				<misses>16660001</misses>
				<total>26</total>
				<timestamp>6324.469772</timestamp>
			</report>
			<report>
				<misses>16661001</misses>
				<total>26</total>
				<timestamp>6324.849421</timestamp>
			</report>
			<report>
				<misses>16662001</misses>
				<total>26</total>
				<timestamp>6325.229011</timestamp>
			</report>
			<report>
				<misses>16663001</misses>
				<total>26</total>
				<timestamp>6325.608643</timestamp>
			</report>
			<report>
				<misses>16664001</misses>
				<total>26</total>
				<timestamp>6325.988266</timestamp>
			</report>
			<report>
				<misses>16665001</misses>
				<total>26</total>
				<timestamp>6326.367907</timestamp>
			</report>
			<report>
				<misses>16666001</misses>
				<total>26</total>
				<timestamp>6326.747545</timestamp>
			</report>
			<report>
				<misses>16667001</misses>
				<total>26</total>
				<timestamp>6327.127135</timestamp>
			</report>
			<report>
				<misses>16668001</misses>
				<total>26</total>
				<timestamp>6327.506705</timestamp>
			</report>
			<report>
				<misses>16669001</misses>
				<total>26</total>
				<timestamp>6327.886409</timestamp>
			</report>
			<report>
				<misses>16670001</misses>
				<total>26</total>
				<timestamp>6328.265997</timestamp>
			</report>
			<report>
				<misses>16671001</misses>
				<total>26</total>
				<timestamp>6328.645610</timestamp>
			</report>
			<report>
				<misses>16672001</misses>
				<total>26</total>
				<timestamp>6329.025214</timestamp>
			</report>
			<report>
				<misses>16673001</misses>
				<total>26</total>
				<timestamp>6329.404828</timestamp>
			</report>
			<report>
				<misses>16674001</misses>
				<total>26</total>
				<timestamp>6329.784473</timestamp>
			</report>
			<report>
				<misses>16675001</misses>
				<total>26</total>
				<timestamp>6330.164073</timestamp>
			</report>
			<report>
				<misses>16676001</misses>
				<total>26</total>
				<timestamp>6330.543694</timestamp>
			</report>
			<report>
				<misses>16677001</misses>
				<total>26</total>
				<timestamp>6330.923336</timestamp>
			</report>
			<report>
				<misses>16678001</misses>
				<total>26</total>
				<timestamp>6331.302931</timestamp>
			</report>
			<report>
				<misses>16679001</misses>
				<total>26</total>
				<timestamp>6331.682594</timestamp>
			</report>
			<report>
				<misses>16680001</misses>
				<total>26</total>
				<timestamp>6332.062186</timestamp>
			</report>
			<report>
				<misses>16681001</misses>
				<total>26</total>
				<timestamp>6332.441784</timestamp>
			</report>
			<report>
				<misses>16682001</misses>
				<total>26</total>
				<timestamp>6332.821453</timestamp>
			</report>
			<report>
				<misses>16683001</misses>
				<total>26</total>
				<timestamp>6333.201037</timestamp>
			</report>
			<report>
				<misses>16684001</misses>
				<total>26</total>
				<timestamp>6333.580657</timestamp>
			</report>
			<report>
				<misses>16685001</misses>
				<total>26</total>
				<timestamp>6333.960272</timestamp>
			</report>
			<report>
				<misses>16686001</misses>
				<total>26</total>
				<timestamp>6334.339887</timestamp>
			</report>
			<report>
				<misses>16687001</misses>
				<total>26</total>
				<timestamp>6334.719551</timestamp>
			</report>
			<report>
				<misses>16688001</misses>
				<total>26</total>
				<timestamp>6335.099150</timestamp>
			</report>
			<report>
				<misses>16689001</misses>
				<total>26</total>
				<timestamp>6335.478790</timestamp>
			</report>
			<report>
				<misses>16690001</misses>
				<total>26</total>
				<timestamp>6335.858377</timestamp>
			</report>
			<report>
				<misses>16691001</misses>
				<total>26</total>
				<timestamp>6336.237996</timestamp>
			</report>
			<report>
				<misses>16692001</misses>
				<total>26</total>
				<timestamp>6336.617624</timestamp>
			</report>
			<report>
				<misses>16693001</misses>
				<total>26</total>
				<timestamp>6336.997251</timestamp>
			</report>
			<report>
				<misses>16694001</misses>
				<total>26</total>
				<timestamp>6337.376860</timestamp>
			</report>
			<report>
				<misses>16695001</misses>
				<total>26</total>
				<timestamp>6337.756476</timestamp>
			</report>
			<report>
				<misses>16696001</misses>
				<total>26</total>
				<timestamp>6338.136103</timestamp>
			</report>
			<report>
				<misses>16697001</misses>
				<total>26</total>
				<timestamp>6338.515726</timestamp>
			</report>
			<report>
				<misses>16698001</misses>
				<total>26</total>
				<timestamp>6338.895340</timestamp>
			</report>
			<report>
				<misses>16699001</misses>
				<total>26</total>
				<timestamp>6339.274947</timestamp>
			</report>
			<report>
				<misses>16700001</misses>
				<total>26</total>
				<timestamp>6339.654586</timestamp>
			</report>
			<report>
				<misses>16701001</misses>
				<total>26</total>
				<timestamp>6340.034209</timestamp>
			</report>
			<report>
				<misses>16702001</misses>
				<total>26</total>
				<timestamp>6340.413813</timestamp>
			</report>
			<report>
				<misses>16703001</misses>
				<total>26</total>
				<timestamp>6340.793444</timestamp>
			</report>
			<report>
				<misses>16704001</misses>
				<total>26</total>
				<timestamp>6341.173066</timestamp>
			</report>
			<report>
				<misses>16705001</misses>
				<total>26</total>
				<timestamp>6341.552670</timestamp>
			</report>
			<report>
				<misses>16706001</misses>
				<total>26</total>
				<timestamp>6341.932366</timestamp>
			</report>
			<report>
				<misses>16707001</misses>
				<total>26</total>
				<timestamp>6342.311923</timestamp>
			</report>
			<report>
				<misses>16708001</misses>
				<total>26</total>
				<timestamp>6342.691554</timestamp>
			</report>
			<report>
				<misses>16709001</misses>
				<total>26</total>
				<timestamp>6343.071144</timestamp>
			</report>
			<report>
				<misses>16710001</misses>
				<total>26</total>
				<timestamp>6343.450774</timestamp>
			</report>
			<report>
				<misses>16711001</misses>
				<total>26</total>
				<timestamp>6343.830412</timestamp>
			</report>
			<report>
				<misses>16712001</misses>
				<total>26</total>
				<timestamp>6344.210001</timestamp>
			</report>
			<report>
				<misses>16713001</misses>
				<total>26</total>
				<timestamp>6344.589630</timestamp>
			</report>
			<report>
				<misses>16714001</misses>
				<total>26</total>
				<timestamp>6344.969281</timestamp>
			</report>
			<report>
				<misses>16715001</misses>
				<total>26</total>
				<timestamp>6345.348868</timestamp>
			</report>
			<report>
				<misses>16716001</misses>
				<total>26</total>
				<timestamp>6345.728483</timestamp>
			</report>
			<report>
				<misses>16717001</misses>
				<total>26</total>
				<timestamp>6346.108103</timestamp>
			</report>
			<report>
				<misses>16718001</misses>
				<total>26</total>
				<timestamp>6346.487737</timestamp>
			</report>
			<report>
				<misses>16719001</misses>
				<total>26</total>
				<timestamp>6346.867426</timestamp>
			</report>
			<report>
				<misses>16720001</misses>
				<total>26</total>
				<timestamp>6347.246987</timestamp>
			</report>
			<report>
				<misses>16721001</misses>
				<total>26</total>
				<timestamp>6347.626577</timestamp>
			</report>
			<report>
				<misses>16722001</misses>
				<total>26</total>
				<timestamp>6348.006252</timestamp>
			</report>
			<report>
				<misses>16723001</misses>
				<total>26</total>
				<timestamp>6348.385826</timestamp>
			</report>
			<report>
				<misses>16724001</misses>
				<total>26</total>
				<timestamp>6348.765472</timestamp>
			</report>
			<report>
				<misses>16725001</misses>
				<total>26</total>
				<timestamp>6349.145076</timestamp>
			</report>
			<report>
				<misses>16726001</misses>
				<total>26</total>
				<timestamp>6349.524692</timestamp>
			</report>
			<report>
				<misses>16727001</misses>
				<total>26</total>
				<timestamp>6349.904317</timestamp>
			</report>
			<report>
				<misses>16728001</misses>
				<total>26</total>
				<timestamp>6350.283924</timestamp>
			</report>
			<report>
				<misses>16729001</misses>
				<total>26</total>
				<timestamp>6350.663591</timestamp>
			</report>
			<report>
				<misses>16730001</misses>
				<total>26</total>
				<timestamp>6351.043162</timestamp>
			</report>
			<report>
				<misses>16731001</misses>
				<total>26</total>
				<timestamp>6351.422802</timestamp>
			</report>
			<report>
				<misses>16732001</misses>
				<total>26</total>
				<timestamp>6351.802437</timestamp>
			</report>
			<report>
				<misses>16733001</misses>
				<total>26</total>
				<timestamp>6352.182032</timestamp>
			</report>
			<report>
				<misses>16734001</misses>
				<total>26</total>
				<timestamp>6352.561669</timestamp>
			</report>
			<report>
				<misses>16735001</misses>
				<total>26</total>
				<timestamp>6352.941283</timestamp>
			</report>
			<report>
				<misses>16736001</misses>
				<total>26</total>
				<timestamp>6353.320891</timestamp>
			</report>
			<report>
				<misses>16737001</misses>
				<total>26</total>
				<timestamp>6353.700539</timestamp>
			</report>
			<report>
				<misses>16738001</misses>
				<total>26</total>
				<timestamp>6354.080141</timestamp>
			</report>
			<report>
				<misses>16739001</misses>
				<total>26</total>
				<timestamp>6354.459784</timestamp>
			</report>
			<report>
				<misses>16740001</misses>
				<total>26</total>
				<timestamp>6354.839410</timestamp>
			</report>
			<report>
				<misses>16741001</misses>
				<total>26</total>
				<timestamp>6355.218987</timestamp>
			</report>
			<report>
				<misses>16742001</misses>
				<total>26</total>
				<timestamp>6355.598602</timestamp>
			</report>
			<report>
				<misses>16743001</misses>
				<total>26</total>
				<timestamp>6355.978278</timestamp>
			</report>
			<report>
				<misses>16744001</misses>
				<total>26</total>
				<timestamp>6356.357865</timestamp>
			</report>
			<report>
				<misses>16745001</misses>
				<total>26</total>
				<timestamp>6356.737486</timestamp>
			</report>
			<report>
				<misses>16746001</misses>
				<total>26</total>
				<timestamp>6357.117099</timestamp>
			</report>
			<report>
				<misses>16747001</misses>
				<total>26</total>
				<timestamp>6357.496715</timestamp>
			</report>
			<report>
				<misses>16748001</misses>
				<total>26</total>
				<timestamp>6357.876358</timestamp>
			</report>
			<report>
				<misses>16749001</misses>
				<total>26</total>
				<timestamp>6358.255951</timestamp>
			</report>
			<report>
				<misses>16750001</misses>
				<total>26</total>
				<timestamp>6358.635584</timestamp>
			</report>
			<report>
				<misses>16751001</misses>
				<total>26</total>
				<timestamp>6359.015247</timestamp>
			</report>
			<report>
				<misses>16752001</misses>
				<total>26</total>
				<timestamp>6359.394805</timestamp>
			</report>
			<report>
				<misses>16753001</misses>
				<total>26</total>
				<timestamp>6359.774412</timestamp>
			</report>
			<report>
				<misses>16754001</misses>
				<total>26</total>
				<timestamp>6360.154051</timestamp>
			</report>
			<report>
				<misses>16755001</misses>
				<total>26</total>
				<timestamp>6360.533662</timestamp>
			</report>
			<report>
				<misses>16756001</misses>
				<total>26</total>
				<timestamp>6360.913307</timestamp>
			</report>
			<report>
				<misses>16757001</misses>
				<total>26</total>
				<timestamp>6361.292911</timestamp>
			</report>
			<report>
				<misses>16758001</misses>
				<total>26</total>
				<timestamp>6361.672537</timestamp>
			</report>
			<report>
				<misses>16759001</misses>
				<total>26</total>
				<timestamp>6362.052207</timestamp>
			</report>
			<report>
				<misses>16760001</misses>
				<total>26</total>
				<timestamp>6362.431761</timestamp>
			</report>
			<report>
				<misses>16761001</misses>
				<total>26</total>
				<timestamp>6362.811388</timestamp>
			</report>
			<report>
				<misses>16762001</misses>
				<total>26</total>
				<timestamp>6363.191014</timestamp>
			</report>
			<report>
				<misses>16763001</misses>
				<total>26</total>
				<timestamp>6363.570622</timestamp>
			</report>
			<report>
				<misses>16764001</misses>
				<total>26</total>
				<timestamp>6363.950298</timestamp>
			</report>
			<report>
				<misses>16765001</misses>
				<total>26</total>
				<timestamp>6364.329855</timestamp>
			</report>
			<report>
				<misses>16766001</misses>
				<total>26</total>
				<timestamp>6364.709513</timestamp>
			</report>
			<report>
				<misses>16767001</misses>
				<total>26</total>
				<timestamp>6365.089135</timestamp>
			</report>
			<report>
				<misses>16768001</misses>
				<total>26</total>
				<timestamp>6365.468716</timestamp>
			</report>
			<report>
				<misses>16769001</misses>
				<total>26</total>
				<timestamp>6365.848349</timestamp>
			</report>
			<report>
				<misses>16770001</misses>
				<total>26</total>
				<timestamp>6366.227955</timestamp>
			</report>
			<report>
				<misses>16771001</misses>
				<total>26</total>
				<timestamp>6366.607624</timestamp>
			</report>
			<report>
				<misses>16772001</misses>
				<total>26</total>
				<timestamp>6366.987221</timestamp>
			</report>
			<report>
				<misses>16773001</misses>
				<total>26</total>
				<timestamp>6367.366805</timestamp>
			</report>
			<report>
				<misses>16774001</misses>
				<total>26</total>
				<timestamp>6367.746453</timestamp>
			</report>
			<report>
				<misses>16775001</misses>
				<total>26</total>
				<timestamp>6368.126073</timestamp>
			</report>
			<report>
				<misses>16776001</misses>
				<total>26</total>
				<timestamp>6368.505717</timestamp>
			</report>
			<report>
				<misses>16777001</misses>
				<total>26</total>
				<timestamp>6368.885286</timestamp>
			</report>
			<report>
				<misses>16778001</misses>
				<total>26</total>
				<timestamp>6369.264920</timestamp>
			</report>
			<report>
				<misses>16779001</misses>
				<total>26</total>
				<timestamp>6369.644551</timestamp>
			</report>
			<report>
				<misses>16780001</misses>
				<total>26</total>
				<timestamp>6370.024179</timestamp>
			</report>
			<report>
				<misses>16781001</misses>
				<total>26</total>
				<timestamp>6370.403820</timestamp>
			</report>
			<report>
				<misses>16782001</misses>
				<total>26</total>
				<timestamp>6370.783419</timestamp>
			</report>
			<report>
				<misses>16783001</misses>
				<total>26</total>
				<timestamp>6371.163031</timestamp>
			</report>
			<report>
				<misses>16784001</misses>
				<total>26</total>
				<timestamp>6371.542659</timestamp>
			</report>
			<report>
				<misses>16785001</misses>
				<total>26</total>
				<timestamp>6371.922273</timestamp>
			</report>
			<report>
				<misses>16786001</misses>
				<total>26</total>
				<timestamp>6372.301897</timestamp>
			</report>
			<report>
				<misses>16787001</misses>
				<total>26</total>
				<timestamp>6372.681507</timestamp>
			</report>
			<report>
				<misses>16788001</misses>
				<total>26</total>
				<timestamp>6373.061153</timestamp>
			</report>
			<report>
				<misses>16789001</misses>
				<total>26</total>
				<timestamp>6373.440749</timestamp>
			</report>
			<report>
				<misses>16790001</misses>
				<total>26</total>
				<timestamp>6373.820361</timestamp>
			</report>
			<report>
				<misses>16791001</misses>
				<total>26</total>
				<timestamp>6374.200005</timestamp>
			</report>
			<report>
				<misses>16792001</misses>
				<total>26</total>
				<timestamp>6374.579622</timestamp>
			</report>
			<report>
				<misses>16793001</misses>
				<total>26</total>
				<timestamp>6374.959266</timestamp>
			</report>
			<report>
				<misses>16794001</misses>
				<total>26</total>
				<timestamp>6375.338858</timestamp>
			</report>
			<report>
				<misses>16795001</misses>
				<total>26</total>
				<timestamp>6375.718494</timestamp>
			</report>
			<report>
				<misses>16796001</misses>
				<total>26</total>
				<timestamp>6376.098107</timestamp>
			</report>
			<report>
				<misses>16797001</misses>
				<total>26</total>
				<timestamp>6376.477706</timestamp>
			</report>
			<report>
				<misses>16798001</misses>
				<total>26</total>
				<timestamp>6376.857367</timestamp>
			</report>
			<report>
				<misses>16799001</misses>
				<total>26</total>
				<timestamp>6377.236968</timestamp>
			</report>
			<report>
				<misses>16800001</misses>
				<total>26</total>
				<timestamp>6377.616569</timestamp>
			</report>
			<report>
				<misses>16801001</misses>
				<total>26</total>
				<timestamp>6377.996222</timestamp>
			</report>
			<report>
				<misses>16802001</misses>
				<total>26</total>
				<timestamp>6378.375818</timestamp>
			</report>
			<report>
				<misses>16803001</misses>
				<total>26</total>
				<timestamp>6378.755432</timestamp>
			</report>
			<report>
				<misses>16804001</misses>
				<total>26</total>
				<timestamp>6379.135060</timestamp>
			</report>
			<report>
				<misses>16805001</misses>
				<total>26</total>
				<timestamp>6379.514716</timestamp>
			</report>
			<report>
				<misses>16806001</misses>
				<total>26</total>
				<timestamp>6379.894294</timestamp>
			</report>
			<report>
				<misses>16807001</misses>
				<total>26</total>
				<timestamp>6380.273903</timestamp>
			</report>
			<report>
				<misses>16808001</misses>
				<total>26</total>
				<timestamp>6380.653530</timestamp>
			</report>
			<report>
				<misses>16809001</misses>
				<total>26</total>
				<timestamp>6381.033136</timestamp>
			</report>
			<report>
				<misses>16810001</misses>
				<total>26</total>
				<timestamp>6381.412763</timestamp>
			</report>
			<report>
				<misses>16811001</misses>
				<total>26</total>
				<timestamp>6381.792421</timestamp>
			</report>
			<report>
				<misses>16812001</misses>
				<total>26</total>
				<timestamp>6382.172050</timestamp>
			</report>
			<report>
				<misses>16813001</misses>
				<total>27</total>
				<timestamp>6382.551629</timestamp>
			</report>
			<report>
				<misses>16814001</misses>
				<total>27</total>
				<timestamp>6382.931273</timestamp>
			</report>
			<report>
				<misses>16815001</misses>
				<total>27</total>
				<timestamp>6383.310858</timestamp>
			</report>
			<report>
				<misses>16816001</misses>
				<total>27</total>
				<timestamp>6383.690477</timestamp>
			</report>
			<report>
				<misses>16817001</misses>
				<total>27</total>
				<timestamp>6384.070126</timestamp>
			</report>
			<report>
				<misses>16818001</misses>
				<total>27</total>
				<timestamp>6384.449726</timestamp>
			</report>
			<report>
				<misses>16819001</misses>
				<total>27</total>
				<timestamp>6384.829381</timestamp>
			</report>
			<report>
				<misses>16820001</misses>
				<total>27</total>
				<timestamp>6385.208973</timestamp>
			</report>
			<report>
				<misses>16821001</misses>
				<total>27</total>
				<timestamp>6385.588579</timestamp>
			</report>
			<report>
				<misses>16822001</misses>
				<total>27</total>
				<timestamp>6385.968239</timestamp>
			</report>
			<report>
				<misses>16823001</misses>
				<total>27</total>
				<timestamp>6386.347826</timestamp>
			</report>
			<report>
				<misses>16824001</misses>
				<total>27</total>
				<timestamp>6386.727460</timestamp>
			</report>
			<report>
				<misses>16825001</misses>
				<total>27</total>
				<timestamp>6387.107084</timestamp>
			</report>
			<report>
				<misses>16826001</misses>
				<total>27</total>
				<timestamp>6387.486674</timestamp>
			</report>
			<report>
				<misses>16827001</misses>
				<total>27</total>
				<timestamp>6387.866327</timestamp>
			</report>
			<report>
				<misses>16828001</misses>
				<total>27</total>
				<timestamp>6388.245934</timestamp>
			</report>
			<report>
				<misses>16829001</misses>
				<total>27</total>
				<timestamp>6388.625569</timestamp>
			</report>
			<report>
				<misses>16830001</misses>
				<total>27</total>
				<timestamp>6389.005167</timestamp>
			</report>
			<report>
				<misses>16831001</misses>
				<total>27</total>
				<timestamp>6389.384787</timestamp>
			</report>
			<report>
				<misses>16832001</misses>
				<total>27</total>
				<timestamp>6389.764452</timestamp>
			</report>
			<report>
				<misses>16833001</misses>
				<total>27</total>
				<timestamp>6390.144029</timestamp>
			</report>
			<report>
				<misses>16834001</misses>
				<total>27</total>
				<timestamp>6390.523650</timestamp>
			</report>
			<report>
				<misses>16835001</misses>
				<total>27</total>
				<timestamp>6390.903262</timestamp>
			</report>
			<report>
				<misses>16836001</misses>
				<total>27</total>
				<timestamp>6391.282881</timestamp>
			</report>
			<report>
				<misses>16837001</misses>
				<total>27</total>
				<timestamp>6391.662515</timestamp>
			</report>
			<report>
				<misses>16838001</misses>
				<total>27</total>
				<timestamp>6392.042163</timestamp>
			</report>
			<report>
				<misses>16839001</misses>
				<total>27</total>
				<timestamp>6392.421775</timestamp>
			</report>
			<report>
				<misses>16840001</misses>
				<total>27</total>
				<timestamp>6392.801369</timestamp>
			</report>
			<report>
				<misses>16841001</misses>
				<total>27</total>
				<timestamp>6393.181035</timestamp>
			</report>
			<report>
				<misses>16842001</misses>
				<total>27</total>
				<timestamp>6393.560627</timestamp>
			</report>
			<report>
				<misses>16843001</misses>
				<total>27</total>
				<timestamp>6393.940287</timestamp>
			</report>
			<report>
				<misses>16844001</misses>
				<total>27</total>
				<timestamp>6394.319861</timestamp>
			</report>
			<report>
				<misses>16845001</misses>
				<total>27</total>
				<timestamp>6394.699502</timestamp>
			</report>
			<report>
				<misses>16846001</misses>
				<total>27</total>
				<timestamp>6395.079117</timestamp>
			</report>
			<report>
				<misses>16847001</misses>
				<total>27</total>
				<timestamp>6395.458731</timestamp>
			</report>
			<report>
				<misses>16848001</misses>
				<total>27</total>
				<timestamp>6395.838338</timestamp>
			</report>
			<report>
				<misses>16849001</misses>
				<total>27</total>
				<timestamp>6396.217986</timestamp>
			</report>
			<report>
				<misses>16850001</misses>
				<total>27</total>
				<timestamp>6396.597578</timestamp>
			</report>
			<report>
				<misses>16851001</misses>
				<total>27</total>
				<timestamp>6396.977233</timestamp>
			</report>
			<report>
				<misses>16852001</misses>
				<total>27</total>
				<timestamp>6397.356806</timestamp>
			</report>
			<report>
				<misses>16853001</misses>
				<total>27</total>
				<timestamp>6397.736455</timestamp>
			</report>
			<report>
				<misses>16854001</misses>
				<total>27</total>
				<timestamp>6398.116067</timestamp>
			</report>
			<report>
				<misses>16855001</misses>
				<total>27</total>
				<timestamp>6398.495697</timestamp>
			</report>
			<report>
				<misses>16856001</misses>
				<total>27</total>
				<timestamp>6398.875334</timestamp>
			</report>
			<report>
				<misses>16857001</misses>
				<total>27</total>
				<timestamp>6399.254933</timestamp>
			</report>
			<report>
				<misses>16858001</misses>
				<total>27</total>
				<timestamp>6399.634527</timestamp>
			</report>
			<report>
				<misses>16859001</misses>
				<total>27</total>
				<timestamp>6400.014158</timestamp>
			</report>
			<report>
				<misses>16860001</misses>
				<total>27</total>
				<timestamp>6400.393777</timestamp>
			</report>
			<report>
				<misses>16861001</misses>
				<total>27</total>
				<timestamp>6400.773393</timestamp>
			</report>
			<report>
				<misses>16862001</misses>
				<total>27</total>
				<timestamp>6401.153025</timestamp>
			</report>
			<report>
				<misses>16863001</misses>
				<total>27</total>
				<timestamp>6401.532683</timestamp>
			</report>
			<report>
				<misses>16864001</misses>
				<total>27</total>
				<timestamp>6401.912274</timestamp>
			</report>
			<report>
				<misses>16865001</misses>
				<total>27</total>
				<timestamp>6402.291935</timestamp>
			</report>
			<report>
				<misses>16866001</misses>
				<total>27</total>
				<timestamp>6402.671493</timestamp>
			</report>
			<report>
				<misses>16867001</misses>
				<total>27</total>
				<timestamp>6403.051111</timestamp>
			</report>
			<report>
				<misses>16868001</misses>
				<total>27</total>
				<timestamp>6403.430710</timestamp>
			</report>
			<report>
				<misses>16869001</misses>
				<total>27</total>
				<timestamp>6403.810370</timestamp>
			</report>
			<report>
				<misses>16870001</misses>
				<total>27</total>
				<timestamp>6404.189976</timestamp>
			</report>
			<report>
				<misses>16871001</misses>
				<total>27</total>
				<timestamp>6404.569610</timestamp>
			</report>
			<report>
				<misses>16872001</misses>
				<total>27</total>
				<timestamp>6404.949214</timestamp>
			</report>
			<report>
				<misses>16873001</misses>
				<total>27</total>
				<timestamp>6405.328829</timestamp>
			</report>
			<report>
				<misses>16874001</misses>
				<total>27</total>
				<timestamp>6405.708440</timestamp>
			</report>
			<report>
				<misses>16875001</misses>
				<total>27</total>
				<timestamp>6406.088077</timestamp>
			</report>
			<report>
				<misses>16876001</misses>
				<total>27</total>
				<timestamp>6406.467688</timestamp>
			</report>
			<report>
				<misses>16877001</misses>
				<total>27</total>
				<timestamp>6406.847328</timestamp>
			</report>
			<report>
				<misses>16878001</misses>
				<total>27</total>
				<timestamp>6407.226924</timestamp>
			</report>
			<report>
				<misses>16879001</misses>
				<total>27</total>
				<timestamp>6407.606557</timestamp>
			</report>
			<report>
				<misses>16880001</misses>
				<total>27</total>
				<timestamp>6407.986164</timestamp>
			</report>
			<report>
				<misses>16881001</misses>
				<total>27</total>
				<timestamp>6408.365791</timestamp>
			</report>
			<report>
				<misses>16882001</misses>
				<total>27</total>
				<timestamp>6408.745403</timestamp>
			</report>
			<report>
				<misses>16883001</misses>
				<total>27</total>
				<timestamp>6409.125089</timestamp>
			</report>
			<report>
				<misses>16884001</misses>
				<total>27</total>
				<timestamp>6409.504638</timestamp>
			</report>
			<report>
				<misses>16885001</misses>
				<total>27</total>
				<timestamp>6409.884265</timestamp>
			</report>
			<report>
				<misses>16886001</misses>
				<total>27</total>
				<timestamp>6410.263938</timestamp>
			</report>
			<report>
				<misses>16887001</misses>
				<total>27</total>
				<timestamp>6410.643496</timestamp>
			</report>
			<report>
				<misses>16888001</misses>
				<total>27</total>
				<timestamp>6411.023153</timestamp>
			</report>
			<report>
				<misses>16889001</misses>
				<total>27</total>
				<timestamp>6411.402759</timestamp>
			</report>
			<report>
				<misses>16890001</misses>
				<total>27</total>
				<timestamp>6411.782395</timestamp>
			</report>
			<report>
				<misses>16891001</misses>
				<total>27</total>
				<timestamp>6412.162004</timestamp>
			</report>
			<report>
				<misses>16892001</misses>
				<total>27</total>
				<timestamp>6412.541635</timestamp>
			</report>
			<report>
				<misses>16893001</misses>
				<total>27</total>
				<timestamp>6412.921228</timestamp>
			</report>
			<report>
				<misses>16894001</misses>
				<total>27</total>
				<timestamp>6413.300896</timestamp>
			</report>
			<report>
				<misses>16895001</misses>
				<total>27</total>
				<timestamp>6413.680507</timestamp>
			</report>
			<report>
				<misses>16896001</misses>
				<total>27</total>
				<timestamp>6414.060124</timestamp>
			</report>
			<report>
				<misses>16897001</misses>
				<total>27</total>
				<timestamp>6414.439727</timestamp>
			</report>
			<report>
				<misses>16898001</misses>
				<total>27</total>
				<timestamp>6414.819341</timestamp>
			</report>
			<report>
				<misses>16899001</misses>
				<total>27</total>
				<timestamp>6415.199018</timestamp>
			</report>
			<report>
				<misses>16900001</misses>
				<total>27</total>
				<timestamp>6415.578574</timestamp>
			</report>
			<report>
				<misses>16901001</misses>
				<total>27</total>
				<timestamp>6415.958196</timestamp>
			</report>
			<report>
				<misses>16902001</misses>
				<total>27</total>
				<timestamp>6416.337818</timestamp>
			</report>
			<report>
				<misses>16903001</misses>
				<total>27</total>
				<timestamp>6416.717436</timestamp>
			</report>
			<report>
				<misses>16904001</misses>
				<total>27</total>
				<timestamp>6417.097089</timestamp>
			</report>
			<report>
				<misses>16905001</misses>
				<total>27</total>
				<timestamp>6417.476670</timestamp>
			</report>
			<report>
				<misses>16906001</misses>
				<total>27</total>
				<timestamp>6417.856279</timestamp>
			</report>
			<report>
				<misses>16907001</misses>
				<total>27</total>
				<timestamp>6418.235965</timestamp>
			</report>
			<report>
				<misses>16908001</misses>
				<total>27</total>
				<timestamp>6418.615538</timestamp>
			</report>
			<report>
				<misses>16909001</misses>
				<total>27</total>
				<timestamp>6418.995211</timestamp>
			</report>
			<report>
				<misses>16910001</misses>
				<total>27</total>
				<timestamp>6419.374806</timestamp>
			</report>
			<report>
				<misses>16911001</misses>
				<total>27</total>
				<timestamp>6419.754427</timestamp>
			</report>
			<report>
				<misses>16912001</misses>
				<total>27</total>
				<timestamp>6420.134008</timestamp>
			</report>
			<report>
				<misses>16913001</misses>
				<total>27</total>
				<timestamp>6420.513648</timestamp>
			</report>
			<report>
				<misses>16914001</misses>
				<total>27</total>
				<timestamp>6420.893243</timestamp>
			</report>
			<report>
				<misses>16915001</misses>
				<total>27</total>
				<timestamp>6421.272910</timestamp>
			</report>
			<report>
				<misses>16916001</misses>
				<total>27</total>
				<timestamp>6421.652479</timestamp>
			</report>
			<report>
				<misses>16917001</misses>
				<total>27</total>
				<timestamp>6422.032121</timestamp>
			</report>
			<report>
				<misses>16918001</misses>
				<total>27</total>
				<timestamp>6422.411737</timestamp>
			</report>
			<report>
				<misses>16919001</misses>
				<total>27</total>
				<timestamp>6422.791392</timestamp>
			</report>
			<report>
				<misses>16920001</misses>
				<total>27</total>
				<timestamp>6423.170977</timestamp>
			</report>
			<report>
				<misses>16921001</misses>
				<total>27</total>
				<timestamp>6423.550585</timestamp>
			</report>
			<report>
				<misses>16922001</misses>
				<total>27</total>
				<timestamp>6423.930229</timestamp>
			</report>
			<report>
				<misses>16923001</misses>
				<total>27</total>
				<timestamp>6424.309852</timestamp>
			</report>
			<report>
				<misses>16924001</misses>
				<total>27</total>
				<timestamp>6424.689444</timestamp>
			</report>
			<report>
				<misses>16925001</misses>
				<total>27</total>
				<timestamp>6425.069112</timestamp>
			</report>
			<report>
				<misses>16926001</misses>
				<total>27</total>
				<timestamp>6425.448687</timestamp>
			</report>
			<report>
				<misses>16927001</misses>
				<total>27</total>
				<timestamp>6425.828302</timestamp>
			</report>
			<report>
				<misses>16928001</misses>
				<total>27</total>
				<timestamp>6426.207929</timestamp>
			</report>
			<report>
				<misses>16929001</misses>
				<total>27</total>
				<timestamp>6426.587588</timestamp>
			</report>
			<report>
				<misses>16930001</misses>
				<total>27</total>
				<timestamp>6426.967161</timestamp>
			</report>
			<report>
				<misses>16931001</misses>
				<total>27</total>
				<timestamp>6427.346815</timestamp>
			</report>
			<report>
				<misses>16932001</misses>
				<total>27</total>
				<timestamp>6427.726414</timestamp>
			</report>
			<report>
				<misses>16933001</misses>
				<total>27</total>
				<timestamp>6428.106039</timestamp>
			</report>
			<report>
				<misses>16934001</misses>
				<total>27</total>
				<timestamp>6428.485662</timestamp>
			</report>
			<report>
				<misses>16935001</misses>
				<total>27</total>
				<timestamp>6428.865318</timestamp>
			</report>
			<report>
				<misses>16936001</misses>
				<total>27</total>
				<timestamp>6429.244929</timestamp>
			</report>
			<report>
				<misses>16937001</misses>
				<total>27</total>
				<timestamp>6429.624516</timestamp>
			</report>
			<report>
				<misses>16938001</misses>
				<total>27</total>
				<timestamp>6430.004112</timestamp>
			</report>
			<report>
				<misses>16939001</misses>
				<total>27</total>
				<timestamp>6430.383798</timestamp>
			</report>
			<report>
				<misses>16940001</misses>
				<total>27</total>
				<timestamp>6430.763357</timestamp>
			</report>
			<report>
				<misses>16941001</misses>
				<total>27</total>
				<timestamp>6431.142990</timestamp>
			</report>
			<report>
				<misses>16942001</misses>
				<total>27</total>
				<timestamp>6431.522606</timestamp>
			</report>
			<report>
				<misses>16943001</misses>
				<total>27</total>
				<timestamp>6431.902253</timestamp>
			</report>
			<report>
				<misses>16944001</misses>
				<total>27</total>
				<timestamp>6432.281869</timestamp>
			</report>
			<report>
				<misses>16945001</misses>
				<total>27</total>
				<timestamp>6432.661471</timestamp>
			</report>
			<report>
				<misses>16946001</misses>
				<total>27</total>
				<timestamp>6433.041083</timestamp>
			</report>
			<report>
				<misses>16947001</misses>
				<total>27</total>
				<timestamp>6433.420739</timestamp>
			</report>
			<report>
				<misses>16948001</misses>
				<total>27</total>
				<timestamp>6433.800325</timestamp>
			</report>
			<report>
				<misses>16949001</misses>
				<total>27</total>
				<timestamp>6434.179929</timestamp>
			</report>
			<report>
				<misses>16950001</misses>
				<total>27</total>
				<timestamp>6434.559588</timestamp>
			</report>
			<report>
				<misses>16951001</misses>
				<total>27</total>
				<timestamp>6434.939198</timestamp>
			</report>
			<report>
				<misses>16952001</misses>
				<total>27</total>
				<timestamp>6435.318885</timestamp>
			</report>
			<report>
				<misses>16953001</misses>
				<total>27</total>
				<timestamp>6435.698417</timestamp>
			</report>
			<report>
				<misses>16954001</misses>
				<total>27</total>
				<timestamp>6436.078036</timestamp>
			</report>
			<report>
				<misses>16955001</misses>
				<total>27</total>
				<timestamp>6436.457705</timestamp>
			</report>
			<report>
				<misses>16956001</misses>
				<total>27</total>
				<timestamp>6436.837286</timestamp>
			</report>
			<report>
				<misses>16957001</misses>
				<total>27</total>
				<timestamp>6437.216913</timestamp>
			</report>
			<report>
				<misses>16958001</misses>
				<total>27</total>
				<timestamp>6437.596517</timestamp>
			</report>
			<report>
				<misses>16959001</misses>
				<total>27</total>
				<timestamp>6437.976195</timestamp>
			</report>
			<report>
				<misses>16960001</misses>
				<total>27</total>
				<timestamp>6438.355792</timestamp>
			</report>
			<report>
				<misses>16961001</misses>
				<total>27</total>
				<timestamp>6438.735413</timestamp>
			</report>
			<report>
				<misses>16962001</misses>
				<total>27</total>
				<timestamp>6439.115040</timestamp>
			</report>
			<report>
				<misses>16963001</misses>
				<total>27</total>
				<timestamp>6439.494745</timestamp>
			</report>
			<report>
				<misses>16964001</misses>
				<total>27</total>
				<timestamp>6439.874280</timestamp>
			</report>
			<report>
				<misses>16965001</misses>
				<total>27</total>
				<timestamp>6440.253868</timestamp>
			</report>
			<report>
				<misses>16966001</misses>
				<total>27</total>
				<timestamp>6440.633485</timestamp>
			</report>
			<report>
				<misses>16967001</misses>
				<total>27</total>
				<timestamp>6441.013111</timestamp>
			</report>
			<report>
				<misses>16968001</misses>
				<total>27</total>
				<timestamp>6441.392731</timestamp>
			</report>
			<report>
				<misses>16969001</misses>
				<total>27</total>
				<timestamp>6441.772389</timestamp>
			</report>
			<report>
				<misses>16970001</misses>
				<total>27</total>
				<timestamp>6442.152010</timestamp>
			</report>
			<report>
				<misses>16971001</misses>
				<total>27</total>
				<timestamp>6442.531583</timestamp>
			</report>
			<report>
				<misses>16972001</misses>
				<total>27</total>
				<timestamp>6442.911228</timestamp>
			</report>
			<report>
				<misses>16973001</misses>
				<total>27</total>
				<timestamp>6443.290824</timestamp>
			</report>
			<report>
				<misses>16974001</misses>
				<total>27</total>
				<timestamp>6443.670463</timestamp>
			</report>
			<report>
				<misses>16975001</misses>
				<total>27</total>
				<timestamp>6444.050120</timestamp>
			</report>
			<report>
				<misses>16976001</misses>
				<total>27</total>
				<timestamp>6444.429717</timestamp>
			</report>
			<report>
				<misses>16977001</misses>
				<total>27</total>
				<timestamp>6444.809314</timestamp>
			</report>
			<report>
				<misses>16978001</misses>
				<total>27</total>
				<timestamp>6445.188921</timestamp>
			</report>
			<report>
				<misses>16979001</misses>
				<total>27</total>
				<timestamp>6445.568548</timestamp>
			</report>
			<report>
				<misses>16980001</misses>
				<total>27</total>
				<timestamp>6445.948149</timestamp>
			</report>
			<report>
				<misses>16981001</misses>
				<total>27</total>
				<timestamp>6446.327793</timestamp>
			</report>
			<report>
				<misses>16982001</misses>
				<total>27</total>
				<timestamp>6446.707410</timestamp>
			</report>
			<report>
				<misses>16983001</misses>
				<total>27</total>
				<timestamp>6447.087026</timestamp>
			</report>
			<report>
				<misses>16984001</misses>
				<total>27</total>
				<timestamp>6447.466660</timestamp>
			</report>
			<report>
				<misses>16985001</misses>
				<total>27</total>
				<timestamp>6447.846307</timestamp>
			</report>
			<report>
				<misses>16986001</misses>
				<total>27</total>
				<timestamp>6448.225882</timestamp>
			</report>
			<report>
				<misses>16987001</misses>
				<total>27</total>
				<timestamp>6448.605505</timestamp>
			</report>
			<report>
				<misses>16988001</misses>
				<total>27</total>
				<timestamp>6448.985140</timestamp>
			</report>
			<report>
				<misses>16989001</misses>
				<total>27</total>
				<timestamp>6449.364743</timestamp>
			</report>
			<report>
				<misses>16990001</misses>
				<total>27</total>
				<timestamp>6449.744399</timestamp>
			</report>
			<report>
				<misses>16991001</misses>
				<total>27</total>
				<timestamp>6450.123972</timestamp>
			</report>
			<report>
				<misses>16992001</misses>
				<total>27</total>
				<timestamp>6450.503649</timestamp>
			</report>
			<report>
				<misses>16993001</misses>
				<total>27</total>
				<timestamp>6450.883241</timestamp>
			</report>
			<report>
				<misses>16994001</misses>
				<total>27</total>
				<timestamp>6451.262862</timestamp>
			</report>
			<report>
				<misses>16995001</misses>
				<total>27</total>
				<timestamp>6451.642483</timestamp>
			</report>
			<report>
				<misses>16996001</misses>
				<total>27</total>
				<timestamp>6452.022124</timestamp>
			</report>
			<report>
				<misses>16997001</misses>
				<total>27</total>
				<timestamp>6452.401735</timestamp>
			</report>
			<report>
				<misses>16998001</misses>
				<total>27</total>
				<timestamp>6452.781330</timestamp>
			</report>
			<report>
				<misses>16999001</misses>
				<total>27</total>
				<timestamp>6453.160959</timestamp>
			</report>
			<report>
				<misses>17000001</misses>
				<total>27</total>
				<timestamp>6453.540568</timestamp>
			</report>
			<report>
				<misses>17001001</misses>
				<total>27</total>
				<timestamp>6453.920170</timestamp>
			</report>
			<report>
				<misses>17002001</misses>
				<total>27</total>
				<timestamp>6454.299796</timestamp>
			</report>
			<report>
				<misses>17003001</misses>
				<total>27</total>
				<timestamp>6454.679419</timestamp>
			</report>
			<report>
				<misses>17004001</misses>
				<total>27</total>
				<timestamp>6455.059041</timestamp>
			</report>
			<report>
				<misses>17005001</misses>
				<total>27</total>
				<timestamp>6455.438674</timestamp>
			</report>
			<report>
				<misses>17006001</misses>
				<total>27</total>
				<timestamp>6455.818337</timestamp>
			</report>
			<report>
				<misses>17007001</misses>
				<total>27</total>
				<timestamp>6456.197896</timestamp>
			</report>
			<report>
				<misses>17008001</misses>
				<total>27</total>
				<timestamp>6456.577517</timestamp>
			</report>
			<report>
				<misses>17009001</misses>
				<total>27</total>
				<timestamp>6456.957152</timestamp>
			</report>
			<report>
				<misses>17010001</misses>
				<total>27</total>
				<timestamp>6457.336768</timestamp>
			</report>
			<report>
				<misses>17011001</misses>
				<total>27</total>
				<timestamp>6457.716389</timestamp>
			</report>
			<report>
				<misses>17012001</misses>
				<total>27</total>
				<timestamp>6458.095999</timestamp>
			</report>
			<report>
				<misses>17013001</misses>
				<total>27</total>
				<timestamp>6458.475631</timestamp>
			</report>
			<report>
				<misses>17014001</misses>
				<total>27</total>
				<timestamp>6458.855265</timestamp>
			</report>
			<report>
				<misses>17015001</misses>
				<total>27</total>
				<timestamp>6459.234860</timestamp>
			</report>
			<report>
				<misses>17016001</misses>
				<total>27</total>
				<timestamp>6459.614498</timestamp>
			</report>
			<report>
				<misses>17017001</misses>
				<total>27</total>
				<timestamp>6459.994117</timestamp>
			</report>
			<report>
				<misses>17018001</misses>
				<total>27</total>
				<timestamp>6460.373755</timestamp>
			</report>
			<report>
				<misses>17019001</misses>
				<total>27</total>
				<timestamp>6460.753380</timestamp>
			</report>
			<report>
				<misses>17020001</misses>
				<total>27</total>
				<timestamp>6461.133014</timestamp>
			</report>
			<report>
				<misses>17021001</misses>
				<total>27</total>
				<timestamp>6461.512621</timestamp>
			</report>
			<report>
				<misses>17022001</misses>
				<total>27</total>
				<timestamp>6461.892231</timestamp>
			</report>
			<report>
				<misses>17023001</misses>
				<total>27</total>
				<timestamp>6462.271848</timestamp>
			</report>
			<report>
				<misses>17024001</misses>
				<total>27</total>
				<timestamp>6462.651437</timestamp>
			</report>
			<report>
				<misses>17025001</misses>
				<total>27</total>
				<timestamp>6463.031060</timestamp>
			</report>
			<report>
				<misses>17026001</misses>
				<total>27</total>
				<timestamp>6463.410720</timestamp>
			</report>
			<report>
				<misses>17027001</misses>
				<total>27</total>
				<timestamp>6463.790348</timestamp>
			</report>
			<report>
				<misses>17028001</misses>
				<total>27</total>
				<timestamp>6464.169948</timestamp>
			</report>
			<report>
				<misses>17029001</misses>
				<total>27</total>
				<timestamp>6464.549546</timestamp>
			</report>
			<report>
				<misses>17030001</misses>
				<total>27</total>
				<timestamp>6464.929163</timestamp>
			</report>
			<report>
				<misses>17031001</misses>
				<total>27</total>
				<timestamp>6465.308782</timestamp>
			</report>
			<report>
				<misses>17032001</misses>
				<total>27</total>
				<timestamp>6465.688401</timestamp>
			</report>
			<report>
				<misses>17033001</misses>
				<total>27</total>
				<timestamp>6466.068043</timestamp>
			</report>
			<report>
				<misses>17034001</misses>
				<total>27</total>
				<timestamp>6466.447687</timestamp>
			</report>
			<report>
				<misses>17035001</misses>
				<total>27</total>
				<timestamp>6466.827279</timestamp>
			</report>
			<report>
				<misses>17036001</misses>
				<total>27</total>
				<timestamp>6467.206889</timestamp>
			</report>
			<report>
				<misses>17037001</misses>
				<total>27</total>
				<timestamp>6467.586544</timestamp>
			</report>
			<report>
				<misses>17038001</misses>
				<total>27</total>
				<timestamp>6467.966138</timestamp>
			</report>
			<report>
				<misses>17039001</misses>
				<total>27</total>
				<timestamp>6468.345730</timestamp>
			</report>
			<report>
				<misses>17040001</misses>
				<total>27</total>
				<timestamp>6468.725409</timestamp>
			</report>
			<report>
				<misses>17041001</misses>
				<total>27</total>
				<timestamp>6469.104985</timestamp>
			</report>
			<report>
				<misses>17042001</misses>
				<total>27</total>
				<timestamp>6469.484612</timestamp>
			</report>
			<report>
				<misses>17043001</misses>
				<total>27</total>
				<timestamp>6469.864232</timestamp>
			</report>
			<report>
				<misses>17044001</misses>
				<total>27</total>
				<timestamp>6470.243890</timestamp>
			</report>
			<report>
				<misses>17045001</misses>
				<total>27</total>
				<timestamp>6470.623545</timestamp>
			</report>
			<report>
				<misses>17046001</misses>
				<total>27</total>
				<timestamp>6471.003082</timestamp>
			</report>
			<report>
				<misses>17047001</misses>
				<total>27</total>
				<timestamp>6471.382711</timestamp>
			</report>
			<report>
				<misses>17048001</misses>
				<total>27</total>
				<timestamp>6471.762320</timestamp>
			</report>
			<report>
				<misses>17049001</misses>
				<total>27</total>
				<timestamp>6472.141981</timestamp>
			</report>
			<report>
				<misses>17050001</misses>
				<total>27</total>
				<timestamp>6472.521590</timestamp>
			</report>
			<report>
				<misses>17051001</misses>
				<total>27</total>
				<timestamp>6472.901198</timestamp>
			</report>
			<report>
				<misses>17052001</misses>
				<total>27</total>
				<timestamp>6473.280834</timestamp>
			</report>
			<report>
				<misses>17053001</misses>
				<total>27</total>
				<timestamp>6473.660451</timestamp>
			</report>
			<report>
				<misses>17054001</misses>
				<total>27</total>
				<timestamp>6474.040057</timestamp>
			</report>
			<report>
				<misses>17055001</misses>
				<total>27</total>
				<timestamp>6474.419671</timestamp>
			</report>
			<report>
				<misses>17056001</misses>
				<total>27</total>
				<timestamp>6474.799283</timestamp>
			</report>
			<report>
				<misses>17057001</misses>
				<total>27</total>
				<timestamp>6475.178900</timestamp>
			</report>
			<report>
				<misses>17058001</misses>
				<total>27</total>
				<timestamp>6475.558530</timestamp>
			</report>
			<report>
				<misses>17059001</misses>
				<total>27</total>
				<timestamp>6475.938159</timestamp>
			</report>
			<report>
				<misses>17060001</misses>
				<total>27</total>
				<timestamp>6476.317762</timestamp>
			</report>
			<report>
				<misses>17061001</misses>
				<total>27</total>
				<timestamp>6476.697372</timestamp>
			</report>
			<report>
				<misses>17062001</misses>
				<total>27</total>
				<timestamp>6477.077016</timestamp>
			</report>
			<report>
				<misses>17063001</misses>
				<total>27</total>
				<timestamp>6477.456633</timestamp>
			</report>
			<report>
				<misses>17064001</misses>
				<total>27</total>
				<timestamp>6477.836257</timestamp>
			</report>
			<report>
				<misses>17065001</misses>
				<total>27</total>
				<timestamp>6478.215875</timestamp>
			</report>
			<report>
				<misses>17066001</misses>
				<total>27</total>
				<timestamp>6478.595523</timestamp>
			</report>
			<report>
				<misses>17067001</misses>
				<total>27</total>
				<timestamp>6478.975116</timestamp>
			</report>
			<report>
				<misses>17068001</misses>
				<total>27</total>
				<timestamp>6479.354765</timestamp>
			</report>
			<report>
				<misses>17069001</misses>
				<total>27</total>
				<timestamp>6479.734358</timestamp>
			</report>
			<report>
				<misses>17070001</misses>
				<total>27</total>
				<timestamp>6480.113966</timestamp>
			</report>
			<report>
				<misses>17071001</misses>
				<total>27</total>
				<timestamp>6480.493616</timestamp>
			</report>
			<report>
				<misses>17072001</misses>
				<total>27</total>
				<timestamp>6480.873194</timestamp>
			</report>
			<report>
				<misses>17073001</misses>
				<total>27</total>
				<timestamp>6481.252842</timestamp>
			</report>
			<report>
				<misses>17074001</misses>
				<total>27</total>
				<timestamp>6481.632507</timestamp>
			</report>
			<report>
				<misses>17075001</misses>
				<total>27</total>
				<timestamp>6482.012125</timestamp>
			</report>
			<report>
				<misses>17076001</misses>
				<total>27</total>
				<timestamp>6482.391688</timestamp>
			</report>
			<report>
				<misses>17077001</misses>
				<total>27</total>
				<timestamp>6482.771301</timestamp>
			</report>
			<report>
				<misses>17078001</misses>
				<total>27</total>
				<timestamp>6483.150936</timestamp>
			</report>
			<report>
				<misses>17079001</misses>
				<total>27</total>
				<timestamp>6483.530574</timestamp>
			</report>
			<report>
				<misses>17080001</misses>
				<total>27</total>
				<timestamp>6483.910168</timestamp>
			</report>
			<report>
				<misses>17081001</misses>
				<total>27</total>
				<timestamp>6484.289813</timestamp>
			</report>
			<report>
				<misses>17082001</misses>
				<total>27</total>
				<timestamp>6484.669437</timestamp>
			</report>
			<report>
				<misses>17083001</misses>
				<total>27</total>
				<timestamp>6485.049024</timestamp>
			</report>
			<report>
				<misses>17084001</misses>
				<total>27</total>
				<timestamp>6485.428643</timestamp>
			</report>
			<report>
				<misses>17085001</misses>
				<total>27</total>
				<timestamp>6485.808303</timestamp>
			</report>
			<report>
				<misses>17086001</misses>
				<total>27</total>
				<timestamp>6486.187921</timestamp>
			</report>
			<report>
				<misses>17087001</misses>
				<total>27</total>
				<timestamp>6486.567529</timestamp>
			</report>
			<report>
				<misses>17088001</misses>
				<total>27</total>
				<timestamp>6486.947120</timestamp>
			</report>
			<report>
				<misses>17089001</misses>
				<total>27</total>
				<timestamp>6487.326761</timestamp>
			</report>
			<report>
				<misses>17090001</misses>
				<total>27</total>
				<timestamp>6487.706351</timestamp>
			</report>
			<report>
				<misses>17091001</misses>
				<total>27</total>
				<timestamp>6488.085976</timestamp>
			</report>
			<report>
				<misses>17092001</misses>
				<total>27</total>
				<timestamp>6488.465612</timestamp>
			</report>
			<report>
				<misses>17093001</misses>
				<total>27</total>
				<timestamp>6488.845264</timestamp>
			</report>
			<report>
				<misses>17094001</misses>
				<total>27</total>
				<timestamp>6489.224831</timestamp>
			</report>
			<report>
				<misses>17095001</misses>
				<total>27</total>
				<timestamp>6489.604486</timestamp>
			</report>
			<report>
				<misses>17096001</misses>
				<total>27</total>
				<timestamp>6489.984107</timestamp>
			</report>
			<report>
				<misses>17097001</misses>
				<total>27</total>
				<timestamp>6490.363693</timestamp>
			</report>
			<report>
				<misses>17098001</misses>
				<total>27</total>
				<timestamp>6490.743357</timestamp>
			</report>
			<report>
				<misses>17099001</misses>
				<total>27</total>
				<timestamp>6491.122940</timestamp>
			</report>
			<report>
				<misses>17100001</misses>
				<total>27</total>
				<timestamp>6491.502573</timestamp>
			</report>
			<report>
				<misses>17101001</misses>
				<total>27</total>
				<timestamp>6491.882176</timestamp>
			</report>
			<report>
				<misses>17102001</misses>
				<total>27</total>
				<timestamp>6492.261821</timestamp>
			</report>
			<report>
				<misses>17103001</misses>
				<total>27</total>
				<timestamp>6492.641457</timestamp>
			</report>
			<report>
				<misses>17104001</misses>
				<total>27</total>
				<timestamp>6493.021028</timestamp>
			</report>
			<report>
				<misses>17105001</misses>
				<total>27</total>
				<timestamp>6493.400672</timestamp>
			</report>
			<report>
				<misses>17106001</misses>
				<total>27</total>
				<timestamp>6493.780315</timestamp>
			</report>
			<report>
				<misses>17107001</misses>
				<total>27</total>
				<timestamp>6494.159913</timestamp>
			</report>
			<report>
				<misses>17108001</misses>
				<total>27</total>
				<timestamp>6494.539515</timestamp>
			</report>
			<report>
				<misses>17109001</misses>
				<total>27</total>
				<timestamp>6494.919142</timestamp>
			</report>
			<report>
				<misses>17110001</misses>
				<total>27</total>
				<timestamp>6495.298758</timestamp>
			</report>
			<report>
				<misses>17111001</misses>
				<total>27</total>
				<timestamp>6495.678385</timestamp>
			</report>
			<report>
				<misses>17112001</misses>
				<total>27</total>
				<timestamp>6496.058013</timestamp>
			</report>
			<report>
				<misses>17113001</misses>
				<total>27</total>
				<timestamp>6496.437626</timestamp>
			</report>
			<report>
				<misses>17114001</misses>
				<total>27</total>
				<timestamp>6496.817287</timestamp>
			</report>
			<report>
				<misses>17115001</misses>
				<total>27</total>
				<timestamp>6497.196862</timestamp>
			</report>
			<report>
				<misses>17116001</misses>
				<total>27</total>
				<timestamp>6497.576499</timestamp>
			</report>
			<report>
				<misses>17117001</misses>
				<total>27</total>
				<timestamp>6497.956093</timestamp>
			</report>
			<report>
				<misses>17118001</misses>
				<total>27</total>
				<timestamp>6498.335773</timestamp>
			</report>
			<report>
				<misses>17119001</misses>
				<total>27</total>
				<timestamp>6498.715380</timestamp>
			</report>
			<report>
				<misses>17120001</misses>
				<total>27</total>
				<timestamp>6499.094959</timestamp>
			</report>
			<report>
				<misses>17121001</misses>
				<total>27</total>
				<timestamp>6499.474602</timestamp>
			</report>
			<report>
				<misses>17122001</misses>
				<total>27</total>
				<timestamp>6499.854208</timestamp>
			</report>
			<report>
				<misses>17123001</misses>
				<total>27</total>
				<timestamp>6500.233834</timestamp>
			</report>
			<report>
				<misses>17124001</misses>
				<total>27</total>
				<timestamp>6500.613475</timestamp>
			</report>
			<report>
				<misses>17125001</misses>
				<total>27</total>
				<timestamp>6500.993051</timestamp>
			</report>
			<report>
				<misses>17126001</misses>
				<total>27</total>
				<timestamp>6501.372694</timestamp>
			</report>
			<report>
				<misses>17127001</misses>
				<total>27</total>
				<timestamp>6501.752354</timestamp>
			</report>
			<report>
				<misses>17128001</misses>
				<total>27</total>
				<timestamp>6502.131941</timestamp>
			</report>
			<report>
				<misses>17129001</misses>
				<total>27</total>
				<timestamp>6502.511541</timestamp>
			</report>
			<report>
				<misses>17130001</misses>
				<total>27</total>
				<timestamp>6502.891194</timestamp>
			</report>
			<report>
				<misses>17131001</misses>
				<total>27</total>
				<timestamp>6503.270798</timestamp>
			</report>
			<report>
				<misses>17132001</misses>
				<total>27</total>
				<timestamp>6503.650437</timestamp>
			</report>
			<report>
				<misses>17133001</misses>
				<total>27</total>
				<timestamp>6504.030031</timestamp>
			</report>
			<report>
				<misses>17134001</misses>
				<total>27</total>
				<timestamp>6504.409649</timestamp>
			</report>
			<report>
				<misses>17135001</misses>
				<total>27</total>
				<timestamp>6504.789356</timestamp>
			</report>
			<report>
				<misses>17136001</misses>
				<total>27</total>
				<timestamp>6505.168870</timestamp>
			</report>
			<report>
				<misses>17137001</misses>
				<total>27</total>
				<timestamp>6505.548489</timestamp>
			</report>
			<report>
				<misses>17138001</misses>
				<total>27</total>
				<timestamp>6505.928126</timestamp>
			</report>
			<report>
				<misses>17139001</misses>
				<total>27</total>
				<timestamp>6506.307747</timestamp>
			</report>
			<report>
				<misses>17140001</misses>
				<total>27</total>
				<timestamp>6506.687363</timestamp>
			</report>
			<report>
				<misses>17141001</misses>
				<total>27</total>
				<timestamp>6507.067010</timestamp>
			</report>
			<report>
				<misses>17142001</misses>
				<total>27</total>
				<timestamp>6507.446622</timestamp>
			</report>
			<report>
				<misses>17143001</misses>
				<total>27</total>
				<timestamp>6507.826311</timestamp>
			</report>
			<report>
				<misses>17144001</misses>
				<total>27</total>
				<timestamp>6508.205839</timestamp>
			</report>
			<report>
				<misses>17145001</misses>
				<total>27</total>
				<timestamp>6508.585468</timestamp>
			</report>
			<report>
				<misses>17146001</misses>
				<total>27</total>
				<timestamp>6508.965107</timestamp>
			</report>
			<report>
				<misses>17147001</misses>
				<total>27</total>
				<timestamp>6509.344709</timestamp>
			</report>
			<report>
				<misses>17148001</misses>
				<total>27</total>
				<timestamp>6509.724355</timestamp>
			</report>
			<report>
				<misses>17149001</misses>
				<total>27</total>
				<timestamp>6510.103943</timestamp>
			</report>
			<report>
				<misses>17150001</misses>
				<total>27</total>
				<timestamp>6510.483595</timestamp>
			</report>
			<report>
				<misses>17151001</misses>
				<total>27</total>
				<timestamp>6510.863214</timestamp>
			</report>
			<report>
				<misses>17152001</misses>
				<total>27</total>
				<timestamp>6511.242835</timestamp>
			</report>
			<report>
				<misses>17153001</misses>
				<total>27</total>
				<timestamp>6511.622460</timestamp>
			</report>
			<report>
				<misses>17154001</misses>
				<total>27</total>
				<timestamp>6512.002029</timestamp>
			</report>
			<report>
				<misses>17155001</misses>
				<total>27</total>
				<timestamp>6512.381655</timestamp>
			</report>
			<report>
				<misses>17156001</misses>
				<total>27</total>
				<timestamp>6512.761306</timestamp>
			</report>
			<report>
				<misses>17157001</misses>
				<total>27</total>
				<timestamp>6513.140889</timestamp>
			</report>
			<report>
				<misses>17158001</misses>
				<total>27</total>
				<timestamp>6513.520514</timestamp>
			</report>
			<report>
				<misses>17159001</misses>
				<total>27</total>
				<timestamp>6513.900142</timestamp>
			</report>
			<report>
				<misses>17160001</misses>
				<total>27</total>
				<timestamp>6514.279765</timestamp>
			</report>
			<report>
				<misses>17161001</misses>
				<total>27</total>
				<timestamp>6514.659393</timestamp>
			</report>
			<report>
				<misses>17162001</misses>
				<total>27</total>
				<timestamp>6515.039009</timestamp>
			</report>
			<report>
				<misses>17163001</misses>
				<total>27</total>
				<timestamp>6515.418625</timestamp>
			</report>
			<report>
				<misses>17164001</misses>
				<total>27</total>
				<timestamp>6515.798263</timestamp>
			</report>
			<report>
				<misses>17165001</misses>
				<total>27</total>
				<timestamp>6516.177858</timestamp>
			</report>
			<report>
				<misses>17166001</misses>
				<total>27</total>
				<timestamp>6516.557489</timestamp>
			</report>
			<report>
				<misses>17167001</misses>
				<total>27</total>
				<timestamp>6516.937106</timestamp>
			</report>
			<report>
				<misses>17168001</misses>
				<total>27</total>
				<timestamp>6517.316707</timestamp>
			</report>
			<report>
				<misses>17169001</misses>
				<total>27</total>
				<timestamp>6517.696380</timestamp>
			</report>
			<report>
				<misses>17170001</misses>
				<total>27</total>
				<timestamp>6518.075961</timestamp>
			</report>
			<report>
				<misses>17171001</misses>
				<total>27</total>
				<timestamp>6518.455568</timestamp>
			</report>
			<report>
				<misses>17172001</misses>
				<total>27</total>
				<timestamp>6518.835275</timestamp>
			</report>
			<report>
				<misses>17173001</misses>
				<total>27</total>
				<timestamp>6519.214828</timestamp>
			</report>
			<report>
				<misses>17174001</misses>
				<total>27</total>
				<timestamp>6519.594435</timestamp>
			</report>
			<report>
				<misses>17175001</misses>
				<total>27</total>
				<timestamp>6519.974068</timestamp>
			</report>
			<report>
				<misses>17176001</misses>
				<total>27</total>
				<timestamp>6520.353709</timestamp>
			</report>
			<report>
				<misses>17177001</misses>
				<total>27</total>
				<timestamp>6520.733352</timestamp>
			</report>
			<report>
				<misses>17178001</misses>
				<total>27</total>
				<timestamp>6521.112923</timestamp>
			</report>
			<report>
				<misses>17179001</misses>
				<total>27</total>
				<timestamp>6521.492560</timestamp>
			</report>
			<report>
				<misses>17180001</misses>
				<total>27</total>
				<timestamp>6521.872213</timestamp>
			</report>
			<report>
				<misses>17181001</misses>
				<total>27</total>
				<timestamp>6522.251796</timestamp>
			</report>
			<report>
				<misses>17182001</misses>
				<total>27</total>
				<timestamp>6522.631403</timestamp>
			</report>
			<report>
				<misses>17183001</misses>
				<total>27</total>
				<timestamp>6523.011050</timestamp>
			</report>
			<report>
				<misses>17184001</misses>
				<total>27</total>
				<timestamp>6523.390660</timestamp>
			</report>
			<report>
				<misses>17185001</misses>
				<total>27</total>
				<timestamp>6523.770278</timestamp>
			</report>
			<report>
				<misses>17186001</misses>
				<total>27</total>
				<timestamp>6524.149900</timestamp>
			</report>
			<report>
				<misses>17187001</misses>
				<total>27</total>
				<timestamp>6524.529513</timestamp>
			</report>
			<report>
				<misses>17188001</misses>
				<total>27</total>
				<timestamp>6524.909151</timestamp>
			</report>
			<report>
				<misses>17189001</misses>
				<total>27</total>
				<timestamp>6525.288774</timestamp>
			</report>
			<report>
				<misses>17190001</misses>
				<total>27</total>
				<timestamp>6525.668380</timestamp>
			</report>
			<report>
				<misses>17191001</misses>
				<total>27</total>
				<timestamp>6526.048002</timestamp>
			</report>
			<report>
				<misses>17192001</misses>
				<total>27</total>
				<timestamp>6526.427606</timestamp>
			</report>
			<report>
				<misses>17193001</misses>
				<total>27</total>
				<timestamp>6526.807277</timestamp>
			</report>
			<report>
				<misses>17194001</misses>
				<total>27</total>
				<timestamp>6527.186844</timestamp>
			</report>
			<report>
				<misses>17195001</misses>
				<total>27</total>
				<timestamp>6527.566474</timestamp>
			</report>
			<report>
				<misses>17196001</misses>
				<total>27</total>
				<timestamp>6527.946175</timestamp>
			</report>
			<report>
				<misses>17197001</misses>
				<total>27</total>
				<timestamp>6528.325747</timestamp>
			</report>
			<report>
				<misses>17198001</misses>
				<total>27</total>
				<timestamp>6528.705325</timestamp>
			</report>
			<report>
				<misses>17199001</misses>
				<total>27</total>
				<timestamp>6529.084948</timestamp>
			</report>
			<report>
				<misses>17200001</misses>
				<total>27</total>
				<timestamp>6529.464569</timestamp>
			</report>
			<report>
				<misses>17201001</misses>
				<total>27</total>
				<timestamp>6529.844185</timestamp>
			</report>
			<report>
				<misses>17202001</misses>
				<total>27</total>
				<timestamp>6530.223808</timestamp>
			</report>
			<report>
				<misses>17203001</misses>
				<total>27</total>
				<timestamp>6530.603443</timestamp>
			</report>
			<report>
				<misses>17204001</misses>
				<total>27</total>
				<timestamp>6530.983058</timestamp>
			</report>
			<report>
				<misses>17205001</misses>
				<total>27</total>
				<timestamp>6531.362665</timestamp>
			</report>
			<report>
				<misses>17206001</misses>
				<total>27</total>
				<timestamp>6531.742323</timestamp>
			</report>
			<report>
				<misses>17207001</misses>
				<total>27</total>
				<timestamp>6532.121941</timestamp>
			</report>
			<report>
				<misses>17208001</misses>
				<total>27</total>
				<timestamp>6532.501537</timestamp>
			</report>
			<report>
				<misses>17209001</misses>
				<total>27</total>
				<timestamp>6532.881172</timestamp>
			</report>
			<report>
				<misses>17210001</misses>
				<total>27</total>
				<timestamp>6533.260750</timestamp>
			</report>
			<report>
				<misses>17211001</misses>
				<total>27</total>
				<timestamp>6533.640378</timestamp>
			</report>
			<report>
				<misses>17212001</misses>
				<total>27</total>
				<timestamp>6534.019993</timestamp>
			</report>
			<report>
				<misses>17213001</misses>
				<total>27</total>
				<timestamp>6534.399641</timestamp>
			</report>
			<report>
				<misses>17214001</misses>
				<total>27</total>
				<timestamp>6534.779273</timestamp>
			</report>
			<report>
				<misses>17215001</misses>
				<total>27</total>
				<timestamp>6535.158862</timestamp>
			</report>
			<report>
				<misses>17216001</misses>
				<total>27</total>
				<timestamp>6535.538501</timestamp>
			</report>
			<report>
				<misses>17217001</misses>
				<total>27</total>
				<timestamp>6535.918153</timestamp>
			</report>
			<report>
				<misses>17218001</misses>
				<total>27</total>
				<timestamp>6536.297765</timestamp>
			</report>
			<report>
				<misses>17219001</misses>
				<total>27</total>
				<timestamp>6536.677393</timestamp>
			</report>
			<report>
				<misses>17220001</misses>
				<total>27</total>
				<timestamp>6537.056979</timestamp>
			</report>
			<report>
				<misses>17221001</misses>
				<total>27</total>
				<timestamp>6537.436665</timestamp>
			</report>
			<report>
				<misses>17222001</misses>
				<total>27</total>
				<timestamp>6537.816248</timestamp>
			</report>
			<report>
				<misses>17223001</misses>
				<total>27</total>
				<timestamp>6538.195817</timestamp>
			</report>
			<report>
				<misses>17224001</misses>
				<total>27</total>
				<timestamp>6538.575451</timestamp>
			</report>
			<report>
				<misses>17225001</misses>
				<total>27</total>
				<timestamp>6538.955108</timestamp>
			</report>
			<report>
				<misses>17226001</misses>
				<total>27</total>
				<timestamp>6539.334692</timestamp>
			</report>
			<report>
				<misses>17227001</misses>
				<total>27</total>
				<timestamp>6539.714322</timestamp>
			</report>
			<report>
				<misses>17228001</misses>
				<total>27</total>
				<timestamp>6540.093917</timestamp>
			</report>
			<report>
				<misses>17229001</misses>
				<total>27</total>
				<timestamp>6540.473555</timestamp>
			</report>
			<report>
				<misses>17230001</misses>
				<total>27</total>
				<timestamp>6540.853215</timestamp>
			</report>
			<report>
				<misses>17231001</misses>
				<total>27</total>
				<timestamp>6541.232787</timestamp>
			</report>
			<report>
				<misses>17232001</misses>
				<total>27</total>
				<timestamp>6541.612405</timestamp>
			</report>
			<report>
				<misses>17233001</misses>
				<total>27</total>
				<timestamp>6541.992042</timestamp>
			</report>
			<report>
				<misses>17234001</misses>
				<total>27</total>
				<timestamp>6542.371637</timestamp>
			</report>
			<report>
				<misses>17235001</misses>
				<total>27</total>
				<timestamp>6542.751267</timestamp>
			</report>
			<report>
				<misses>17236001</misses>
				<total>27</total>
				<timestamp>6543.130899</timestamp>
			</report>
			<report>
				<misses>17237001</misses>
				<total>27</total>
				<timestamp>6543.510545</timestamp>
			</report>
			<report>
				<misses>17238001</misses>
				<total>27</total>
				<timestamp>6543.890138</timestamp>
			</report>
			<report>
				<misses>17239001</misses>
				<total>27</total>
				<timestamp>6544.269750</timestamp>
			</report>
			<report>
				<misses>17240001</misses>
				<total>27</total>
				<timestamp>6544.649388</timestamp>
			</report>
			<report>
				<misses>17241001</misses>
				<total>27</total>
				<timestamp>6545.028986</timestamp>
			</report>
			<report>
				<misses>17242001</misses>
				<total>27</total>
				<timestamp>6545.408600</timestamp>
			</report>
			<report>
				<misses>17243001</misses>
				<total>27</total>
				<timestamp>6545.788248</timestamp>
			</report>
			<report>
				<misses>17244001</misses>
				<total>27</total>
				<timestamp>6546.167861</timestamp>
			</report>
			<report>
				<misses>17245001</misses>
				<total>27</total>
				<timestamp>6546.547462</timestamp>
			</report>
			<report>
				<misses>17246001</misses>
				<total>27</total>
				<timestamp>6546.927082</timestamp>
			</report>
			<report>
				<misses>17247001</misses>
				<total>27</total>
				<timestamp>6547.306718</timestamp>
			</report>
			<report>
				<misses>17248001</misses>
				<total>27</total>
				<timestamp>6547.686343</timestamp>
			</report>
			<report>
				<misses>17249001</misses>
				<total>27</total>
				<timestamp>6548.065948</timestamp>
			</report>
			<report>
				<misses>17250001</misses>
				<total>27</total>
				<timestamp>6548.445594</timestamp>
			</report>
			<report>
				<misses>17251001</misses>
				<total>27</total>
				<timestamp>6548.825204</timestamp>
			</report>
			<report>
				<misses>17252001</misses>
				<total>27</total>
				<timestamp>6549.204796</timestamp>
			</report>
			<report>
				<misses>17253001</misses>
				<total>27</total>
				<timestamp>6549.584432</timestamp>
			</report>
			<report>
				<misses>17254001</misses>
				<total>27</total>
				<timestamp>6549.964086</timestamp>
			</report>
			<report>
				<misses>17255001</misses>
				<total>27</total>
				<timestamp>6550.343686</timestamp>
			</report>
			<report>
				<misses>17256001</misses>
				<total>27</total>
				<timestamp>6550.723305</timestamp>
			</report>
			<report>
				<misses>17257001</misses>
				<total>27</total>
				<timestamp>6551.102914</timestamp>
			</report>
			<report>
				<misses>17258001</misses>
				<total>27</total>
				<timestamp>6551.482575</timestamp>
			</report>
			<report>
				<misses>17259001</misses>
				<total>27</total>
				<timestamp>6551.862158</timestamp>
			</report>
			<report>
				<misses>17260001</misses>
				<total>27</total>
				<timestamp>6552.241762</timestamp>
			</report>
			<report>
				<misses>17261001</misses>
				<total>27</total>
				<timestamp>6552.621374</timestamp>
			</report>
			<report>
				<misses>17262001</misses>
				<total>27</total>
				<timestamp>6553.001070</timestamp>
			</report>
			<report>
				<misses>17263001</misses>
				<total>27</total>
				<timestamp>6553.380618</timestamp>
			</report>
			<report>
				<misses>17264001</misses>
				<total>27</total>
				<timestamp>6553.760244</timestamp>
			</report>
			<report>
				<misses>17265001</misses>
				<total>27</total>
				<timestamp>6554.139853</timestamp>
			</report>
			<report>
				<misses>17266001</misses>
				<total>27</total>
				<timestamp>6554.519469</timestamp>
			</report>
			<report>
				<misses>17267001</misses>
				<total>27</total>
				<timestamp>6554.899124</timestamp>
			</report>
			<report>
				<misses>17268001</misses>
				<total>27</total>
				<timestamp>6555.278732</timestamp>
			</report>
			<report>
				<misses>17269001</misses>
				<total>27</total>
				<timestamp>6555.658344</timestamp>
			</report>
			<report>
				<misses>17270001</misses>
				<total>27</total>
				<timestamp>6556.038060</timestamp>
			</report>
			<report>
				<misses>17271001</misses>
				<total>27</total>
				<timestamp>6556.417582</timestamp>
			</report>
			<report>
				<misses>17272001</misses>
				<total>27</total>
				<timestamp>6556.797215</timestamp>
			</report>
			<report>
				<misses>17273001</misses>
				<total>27</total>
				<timestamp>6557.176843</timestamp>
			</report>
			<report>
				<misses>17274001</misses>
				<total>27</total>
				<timestamp>6557.556438</timestamp>
			</report>
			<report>
				<misses>17275001</misses>
				<total>27</total>
				<timestamp>6557.936090</timestamp>
			</report>
			<report>
				<misses>17276001</misses>
				<total>27</total>
				<timestamp>6558.315699</timestamp>
			</report>
			<report>
				<misses>17277001</misses>
				<total>27</total>
				<timestamp>6558.695325</timestamp>
			</report>
			<report>
				<misses>17278001</misses>
				<total>27</total>
				<timestamp>6559.074971</timestamp>
			</report>
			<report>
				<misses>17279001</misses>
				<total>27</total>
				<timestamp>6559.454550</timestamp>
			</report>
			<report>
				<misses>17280001</misses>
				<total>27</total>
				<timestamp>6559.834158</timestamp>
			</report>
			<report>
				<misses>17281001</misses>
				<total>27</total>
				<timestamp>6560.213806</timestamp>
			</report>
			<report>
				<misses>17282001</misses>
				<total>27</total>
				<timestamp>6560.593404</timestamp>
			</report>
			<report>
				<misses>17283001</misses>
				<total>27</total>
				<timestamp>6560.973055</timestamp>
			</report>
			<report>
				<misses>17284001</misses>
				<total>27</total>
				<timestamp>6561.352658</timestamp>
			</report>
			<report>
				<misses>17285001</misses>
				<total>27</total>
				<timestamp>6561.732268</timestamp>
			</report>
			<report>
				<misses>17286001</misses>
				<total>27</total>
				<timestamp>6562.111881</timestamp>
			</report>
			<report>
				<misses>17287001</misses>
				<total>27</total>
				<timestamp>6562.491505</timestamp>
			</report>
			<report>
				<misses>17288001</misses>
				<total>27</total>
				<timestamp>6562.871123</timestamp>
			</report>
			<report>
				<misses>17289001</misses>
				<total>27</total>
				<timestamp>6563.250763</timestamp>
			</report>
			<report>
				<misses>17290001</misses>
				<total>27</total>
				<timestamp>6563.630386</timestamp>
			</report>
			<report>
				<misses>17291001</misses>
				<total>27</total>
				<timestamp>6564.010021</timestamp>
			</report>
			<report>
				<misses>17292001</misses>
				<total>27</total>
				<timestamp>6564.389657</timestamp>
			</report>
			<report>
				<misses>17293001</misses>
				<total>27</total>
				<timestamp>6564.769263</timestamp>
			</report>
			<report>
				<misses>17294001</misses>
				<total>28</total>
				<timestamp>6565.148867</timestamp>
			</report>
			<report>
				<misses>17295001</misses>
				<total>28</total>
				<timestamp>6565.528490</timestamp>
			</report>
			<report>
				<misses>17296001</misses>
				<total>28</total>
				<timestamp>6565.908089</timestamp>
			</report>
			<report>
				<misses>17297001</misses>
				<total>28</total>
				<timestamp>6566.287695</timestamp>
			</report>
			<report>
				<misses>17298001</misses>
				<total>28</total>
				<timestamp>6566.667332</timestamp>
			</report>
			<report>
				<misses>17299001</misses>
				<total>28</total>
				<timestamp>6567.046945</timestamp>
			</report>
			<report>
				<misses>17300001</misses>
				<total>28</total>
				<timestamp>6567.426560</timestamp>
			</report>
			<report>
				<misses>17301001</misses>
				<total>28</total>
				<timestamp>6567.806194</timestamp>
			</report>
			<report>
				<misses>17302001</misses>
				<total>28</total>
				<timestamp>6568.185800</timestamp>
			</report>
			<report>
				<misses>17303001</misses>
				<total>28</total>
				<timestamp>6568.565416</timestamp>
			</report>
			<report>
				<misses>17304001</misses>
				<total>28</total>
				<timestamp>6568.945065</timestamp>
			</report>
			<report>
				<misses>17305001</misses>
				<total>28</total>
				<timestamp>6569.324667</timestamp>
			</report>
			<report>
				<misses>17306001</misses>
				<total>28</total>
				<timestamp>6569.704287</timestamp>
			</report>
			<report>
				<misses>17307001</misses>
				<total>28</total>
				<timestamp>6570.083920</timestamp>
			</report>
			<report>
				<misses>17308001</misses>
				<total>28</total>
				<timestamp>6570.463538</timestamp>
			</report>
			<report>
				<misses>17309001</misses>
				<total>28</total>
				<timestamp>6570.843155</timestamp>
			</report>
			<report>
				<misses>17310001</misses>
				<total>28</total>
				<timestamp>6571.222761</timestamp>
			</report>
			<report>
				<misses>17311001</misses>
				<total>28</total>
				<timestamp>6571.602384</timestamp>
			</report>
			<report>
				<misses>17312001</misses>
				<total>28</total>
				<timestamp>6571.982053</timestamp>
			</report>
			<report>
				<misses>17313001</misses>
				<total>28</total>
				<timestamp>6572.361624</timestamp>
			</report>
			<report>
				<misses>17314001</misses>
				<total>28</total>
				<timestamp>6572.741253</timestamp>
			</report>
			<report>
				<misses>17315001</misses>
				<total>28</total>
				<timestamp>6573.120884</timestamp>
			</report>
			<report>
				<misses>17316001</misses>
				<total>28</total>
				<timestamp>6573.500495</timestamp>
			</report>
			<report>
				<misses>17317001</misses>
				<total>28</total>
				<timestamp>6573.880142</timestamp>
			</report>
			<report>
				<misses>17318001</misses>
				<total>28</total>
				<timestamp>6574.259737</timestamp>
			</report>
			<report>
				<misses>17319001</misses>
				<total>28</total>
				<timestamp>6574.639355</timestamp>
			</report>
			<report>
				<misses>17320001</misses>
				<total>28</total>
				<timestamp>6575.018989</timestamp>
			</report>
			<report>
				<misses>17321001</misses>
				<total>28</total>
				<timestamp>6575.398591</timestamp>
			</report>
			<report>
				<misses>17322001</misses>
				<total>28</total>
				<timestamp>6575.778216</timestamp>
			</report>
			<report>
				<misses>17323001</misses>
				<total>28</total>
				<timestamp>6576.157833</timestamp>
			</report>
			<report>
				<misses>17324001</misses>
				<total>28</total>
				<timestamp>6576.537423</timestamp>
			</report>
			<report>
				<misses>17325001</misses>
				<total>28</total>
				<timestamp>6576.917081</timestamp>
			</report>
			<report>
				<misses>17326001</misses>
				<total>28</total>
				<timestamp>6577.296692</timestamp>
			</report>
			<report>
				<misses>17327001</misses>
				<total>28</total>
				<timestamp>6577.676329</timestamp>
			</report>
			<report>
				<misses>17328001</misses>
				<total>28</total>
				<timestamp>6578.055999</timestamp>
			</report>
			<report>
				<misses>17329001</misses>
				<total>28</total>
				<timestamp>6578.435571</timestamp>
			</report>
			<report>
				<misses>17330001</misses>
				<total>28</total>
				<timestamp>6578.815158</timestamp>
			</report>
			<report>
				<misses>17331001</misses>
				<total>28</total>
				<timestamp>6579.194809</timestamp>
			</report>
			<report>
				<misses>17332001</misses>
				<total>28</total>
				<timestamp>6579.574397</timestamp>
			</report>
			<report>
				<misses>17333001</misses>
				<total>28</total>
				<timestamp>6579.954029</timestamp>
			</report>
			<report>
				<misses>17334001</misses>
				<total>28</total>
				<timestamp>6580.333638</timestamp>
			</report>
			<report>
				<misses>17335001</misses>
				<total>28</total>
				<timestamp>6580.713244</timestamp>
			</report>
			<report>
				<misses>17336001</misses>
				<total>28</total>
				<timestamp>6581.092896</timestamp>
			</report>
			<report>
				<misses>17337001</misses>
				<total>28</total>
				<timestamp>6581.472517</timestamp>
			</report>
			<report>
				<misses>17338001</misses>
				<total>28</total>
				<timestamp>6581.852119</timestamp>
			</report>
			<report>
				<misses>17339001</misses>
				<total>28</total>
				<timestamp>6582.231767</timestamp>
			</report>
			<report>
				<misses>17340001</misses>
				<total>28</total>
				<timestamp>6582.611377</timestamp>
			</report>
			<report>
				<misses>17341001</misses>
				<total>28</total>
				<timestamp>6582.990988</timestamp>
			</report>
			<report>
				<misses>17342001</misses>
				<total>28</total>
				<timestamp>6583.370596</timestamp>
			</report>
			<report>
				<misses>17343001</misses>
				<total>28</total>
				<timestamp>6583.750223</timestamp>
			</report>
			<report>
				<misses>17344001</misses>
				<total>28</total>
				<timestamp>6584.129869</timestamp>
			</report>
			<report>
				<misses>17345001</misses>
				<total>28</total>
				<timestamp>6584.509519</timestamp>
			</report>
			<report>
				<misses>17346001</misses>
				<total>28</total>
				<timestamp>6584.889085</timestamp>
			</report>
			<report>
				<misses>17347001</misses>
				<total>28</total>
				<timestamp>6585.268707</timestamp>
			</report>
			<report>
				<misses>17348001</misses>
				<total>28</total>
				<timestamp>6585.648324</timestamp>
			</report>
			<report>
				<misses>17349001</misses>
				<total>28</total>
				<timestamp>6586.027945</timestamp>
			</report>
			<report>
				<misses>17350001</misses>
				<total>28</total>
				<timestamp>6586.407583</timestamp>
			</report>
			<report>
				<misses>17351001</misses>
				<total>28</total>
				<timestamp>6586.787215</timestamp>
			</report>
			<report>
				<misses>17352001</misses>
				<total>28</total>
				<timestamp>6587.166828</timestamp>
			</report>
			<report>
				<misses>17353001</misses>
				<total>28</total>
				<timestamp>6587.546426</timestamp>
			</report>
			<report>
				<misses>17354001</misses>
				<total>28</total>
				<timestamp>6587.926078</timestamp>
			</report>
			<report>
				<misses>17355001</misses>
				<total>28</total>
				<timestamp>6588.305675</timestamp>
			</report>
			<report>
				<misses>17356001</misses>
				<total>28</total>
				<timestamp>6588.685284</timestamp>
			</report>
			<report>
				<misses>17357001</misses>
				<total>28</total>
				<timestamp>6589.064939</timestamp>
			</report>
			<report>
				<misses>17358001</misses>
				<total>28</total>
				<timestamp>6589.444520</timestamp>
			</report>
			<report>
				<misses>17359001</misses>
				<total>28</total>
				<timestamp>6589.824136</timestamp>
			</report>
			<report>
				<misses>17360001</misses>
				<total>28</total>
				<timestamp>6590.203816</timestamp>
			</report>
			<report>
				<misses>17361001</misses>
				<total>28</total>
				<timestamp>6590.583404</timestamp>
			</report>
			<report>
				<misses>17362001</misses>
				<total>28</total>
				<timestamp>6590.963028</timestamp>
			</report>
			<report>
				<misses>17363001</misses>
				<total>28</total>
				<timestamp>6591.342649</timestamp>
			</report>
			<report>
				<misses>17364001</misses>
				<total>28</total>
				<timestamp>6591.722241</timestamp>
			</report>
			<report>
				<misses>17365001</misses>
				<total>28</total>
				<timestamp>6592.101910</timestamp>
			</report>
			<report>
				<misses>17366001</misses>
				<total>28</total>
				<timestamp>6592.481491</timestamp>
			</report>
			<report>
				<misses>17367001</misses>
				<total>28</total>
				<timestamp>6592.861100</timestamp>
			</report>
			<report>
				<misses>17368001</misses>
				<total>28</total>
				<timestamp>6593.240777</timestamp>
			</report>
			<report>
				<misses>17369001</misses>
				<total>28</total>
				<timestamp>6593.620352</timestamp>
			</report>
			<report>
				<misses>17370001</misses>
				<total>28</total>
				<timestamp>6593.999979</timestamp>
			</report>
			<report>
				<misses>17371001</misses>
				<total>28</total>
				<timestamp>6594.379602</timestamp>
			</report>
			<report>
				<misses>17372001</misses>
				<total>28</total>
				<timestamp>6594.759211</timestamp>
			</report>
			<report>
				<misses>17373001</misses>
				<total>28</total>
				<timestamp>6595.138865</timestamp>
			</report>
			<report>
				<misses>17374001</misses>
				<total>28</total>
				<timestamp>6595.518438</timestamp>
			</report>
			<report>
				<misses>17375001</misses>
				<total>28</total>
				<timestamp>6595.898092</timestamp>
			</report>
			<report>
				<misses>17376001</misses>
				<total>28</total>
				<timestamp>6596.277742</timestamp>
			</report>
			<report>
				<misses>17377001</misses>
				<total>28</total>
				<timestamp>6596.657312</timestamp>
			</report>
			<report>
				<misses>17378001</misses>
				<total>28</total>
				<timestamp>6597.037004</timestamp>
			</report>
			<report>
				<misses>17379001</misses>
				<total>28</total>
				<timestamp>6597.416531</timestamp>
			</report>
			<report>
				<misses>17380001</misses>
				<total>28</total>
				<timestamp>6597.796148</timestamp>
			</report>
			<report>
				<misses>17381001</misses>
				<total>28</total>
				<timestamp>6598.175827</timestamp>
			</report>
			<report>
				<misses>17382001</misses>
				<total>28</total>
				<timestamp>6598.555453</timestamp>
			</report>
			<report>
				<misses>17383001</misses>
				<total>28</total>
				<timestamp>6598.935027</timestamp>
			</report>
			<report>
				<misses>17384001</misses>
				<total>28</total>
				<timestamp>6599.314663</timestamp>
			</report>
			<report>
				<misses>17385001</misses>
				<total>28</total>
				<timestamp>6599.694253</timestamp>
			</report>
			<report>
				<misses>17386001</misses>
				<total>28</total>
				<timestamp>6600.073910</timestamp>
			</report>
			<report>
				<misses>17387001</misses>
				<total>28</total>
				<timestamp>6600.453508</timestamp>
			</report>
			<report>
				<misses>17388001</misses>
				<total>28</total>
				<timestamp>6600.833122</timestamp>
			</report>
			<report>
				<misses>17389001</misses>
				<total>28</total>
				<timestamp>6601.212780</timestamp>
			</report>
			<report>
				<misses>17390001</misses>
				<total>28</total>
				<timestamp>6601.592386</timestamp>
			</report>
			<report>
				<misses>17391001</misses>
				<total>28</total>
				<timestamp>6601.971998</timestamp>
			</report>
			<report>
				<misses>17392001</misses>
				<total>28</total>
				<timestamp>6602.351639</timestamp>
			</report>
			<report>
				<misses>17393001</misses>
				<total>28</total>
				<timestamp>6602.731240</timestamp>
			</report>
			<report>
				<misses>17394001</misses>
				<total>28</total>
				<timestamp>6603.110866</timestamp>
			</report>
			<report>
				<misses>17395001</misses>
				<total>28</total>
				<timestamp>6603.490468</timestamp>
			</report>
			<report>
				<misses>17396001</misses>
				<total>28</total>
				<timestamp>6603.870088</timestamp>
			</report>
			<report>
				<misses>17397001</misses>
				<total>28</total>
				<timestamp>6604.249773</timestamp>
			</report>
			<report>
				<misses>17398001</misses>
				<total>28</total>
				<timestamp>6604.629320</timestamp>
			</report>
			<report>
				<misses>17399001</misses>
				<total>28</total>
				<timestamp>6605.008962</timestamp>
			</report>
			<report>
				<misses>17400001</misses>
				<total>28</total>
				<timestamp>6605.388577</timestamp>
			</report>
			<report>
				<misses>17401001</misses>
				<total>28</total>
				<timestamp>6605.768197</timestamp>
			</report>
			<report>
				<misses>17402001</misses>
				<total>28</total>
				<timestamp>6606.147825</timestamp>
			</report>
			<report>
				<misses>17403001</misses>
				<total>28</total>
				<timestamp>6606.527461</timestamp>
			</report>
			<report>
				<misses>17404001</misses>
				<total>28</total>
				<timestamp>6606.907039</timestamp>
			</report>
			<report>
				<misses>17405001</misses>
				<total>28</total>
				<timestamp>6607.286718</timestamp>
			</report>
			<report>
				<misses>17406001</misses>
				<total>28</total>
				<timestamp>6607.666290</timestamp>
			</report>
			<report>
				<misses>17407001</misses>
				<total>28</total>
				<timestamp>6608.045954</timestamp>
			</report>
			<report>
				<misses>17408001</misses>
				<total>28</total>
				<timestamp>6608.425525</timestamp>
			</report>
			<report>
				<misses>17409001</misses>
				<total>28</total>
				<timestamp>6608.805161</timestamp>
			</report>
			<report>
				<misses>17410001</misses>
				<total>28</total>
				<timestamp>6609.184812</timestamp>
			</report>
			<report>
				<misses>17411001</misses>
				<total>28</total>
				<timestamp>6609.564408</timestamp>
			</report>
			<report>
				<misses>17412001</misses>
				<total>28</total>
				<timestamp>6609.944008</timestamp>
			</report>
			<report>
				<misses>17413001</misses>
				<total>28</total>
				<timestamp>6610.323745</timestamp>
			</report>
			<report>
				<misses>17414001</misses>
				<total>28</total>
				<timestamp>6610.703297</timestamp>
			</report>
			<report>
				<misses>17415001</misses>
				<total>28</total>
				<timestamp>6611.082853</timestamp>
			</report>
			<report>
				<misses>17416001</misses>
				<total>28</total>
				<timestamp>6611.462492</timestamp>
			</report>
			<report>
				<misses>17417001</misses>
				<total>28</total>
				<timestamp>6611.842113</timestamp>
			</report>
			<report>
				<misses>17418001</misses>
				<total>28</total>
				<timestamp>6612.221770</timestamp>
			</report>
			<report>
				<misses>17419001</misses>
				<total>28</total>
				<timestamp>6612.601352</timestamp>
			</report>
			<report>
				<misses>17420001</misses>
				<total>28</total>
				<timestamp>6612.980962</timestamp>
			</report>
			<report>
				<misses>17421001</misses>
				<total>28</total>
				<timestamp>6613.360585</timestamp>
			</report>
			<report>
				<misses>17422001</misses>
				<total>28</total>
				<timestamp>6613.740207</timestamp>
			</report>
			<report>
				<misses>17423001</misses>
				<total>28</total>
				<timestamp>6614.119823</timestamp>
			</report>
			<report>
				<misses>17424001</misses>
				<total>28</total>
				<timestamp>6614.499446</timestamp>
			</report>
			<report>
				<misses>17425001</misses>
				<total>28</total>
				<timestamp>6614.879084</timestamp>
			</report>
			<report>
				<misses>17426001</misses>
				<total>28</total>
				<timestamp>6615.258703</timestamp>
			</report>
			<report>
				<misses>17427001</misses>
				<total>28</total>
				<timestamp>6615.638320</timestamp>
			</report>
			<report>
				<misses>17428001</misses>
				<total>28</total>
				<timestamp>6616.017912</timestamp>
			</report>
			<report>
				<misses>17429001</misses>
				<total>28</total>
				<timestamp>6616.397567</timestamp>
			</report>
			<report>
				<misses>17430001</misses>
				<total>28</total>
				<timestamp>6616.777196</timestamp>
			</report>
			<report>
				<misses>17431001</misses>
				<total>28</total>
				<timestamp>6617.156816</timestamp>
			</report>
			<report>
				<misses>17432001</misses>
				<total>28</total>
				<timestamp>6617.536403</timestamp>
			</report>
			<report>
				<misses>17433001</misses>
				<total>28</total>
				<timestamp>6617.916042</timestamp>
			</report>
			<report>
				<misses>17434001</misses>
				<total>28</total>
				<timestamp>6618.295642</timestamp>
			</report>
			<report>
				<misses>17435001</misses>
				<total>28</total>
				<timestamp>6618.675290</timestamp>
			</report>
			<report>
				<misses>17436001</misses>
				<total>28</total>
				<timestamp>6619.054882</timestamp>
			</report>
			<report>
				<misses>17437001</misses>
				<total>28</total>
				<timestamp>6619.434515</timestamp>
			</report>
			<report>
				<misses>17438001</misses>
				<total>28</total>
				<timestamp>6619.814154</timestamp>
			</report>
			<report>
				<misses>17439001</misses>
				<total>28</total>
				<timestamp>6620.193794</timestamp>
			</report>
			<report>
				<misses>17440001</misses>
				<total>28</total>
				<timestamp>6620.573451</timestamp>
			</report>
			<report>
				<misses>17441001</misses>
				<total>28</total>
				<timestamp>6620.952999</timestamp>
			</report>
			<report>
				<misses>17442001</misses>
				<total>28</total>
				<timestamp>6621.332618</timestamp>
			</report>
			<report>
				<misses>17443001</misses>
				<total>28</total>
				<timestamp>6621.712263</timestamp>
			</report>
			<report>
				<misses>17444001</misses>
				<total>28</total>
				<timestamp>6622.091856</timestamp>
			</report>
			<report>
				<misses>17445001</misses>
				<total>28</total>
				<timestamp>6622.471460</timestamp>
			</report>
			<report>
				<misses>17446001</misses>
				<total>28</total>
				<timestamp>6622.851103</timestamp>
			</report>
			<report>
				<misses>17447001</misses>
				<total>28</total>
				<timestamp>6623.230746</timestamp>
			</report>
			<report>
				<misses>17448001</misses>
				<total>28</total>
				<timestamp>6623.610336</timestamp>
			</report>
			<report>
				<misses>17449001</misses>
				<total>28</total>
				<timestamp>6623.989943</timestamp>
			</report>
			<report>
				<misses>17450001</misses>
				<total>28</total>
				<timestamp>6624.369566</timestamp>
			</report>
			<report>
				<misses>17451001</misses>
				<total>28</total>
				<timestamp>6624.749174</timestamp>
			</report>
			<report>
				<misses>17452001</misses>
				<total>28</total>
				<timestamp>6625.128849</timestamp>
			</report>
			<report>
				<misses>17453001</misses>
				<total>28</total>
				<timestamp>6625.508446</timestamp>
			</report>
			<report>
				<misses>17454001</misses>
				<total>28</total>
				<timestamp>6625.888036</timestamp>
			</report>
			<report>
				<misses>17455001</misses>
				<total>28</total>
				<timestamp>6626.267711</timestamp>
			</report>
			<report>
				<misses>17456001</misses>
				<total>28</total>
				<timestamp>6626.647299</timestamp>
			</report>
			<report>
				<misses>17457001</misses>
				<total>28</total>
				<timestamp>6627.026889</timestamp>
			</report>
			<report>
				<misses>17458001</misses>
				<total>28</total>
				<timestamp>6627.406587</timestamp>
			</report>
			<report>
				<misses>17459001</misses>
				<total>28</total>
				<timestamp>6627.786145</timestamp>
			</report>
			<report>
				<misses>17460001</misses>
				<total>28</total>
				<timestamp>6628.165785</timestamp>
			</report>
			<report>
				<misses>17461001</misses>
				<total>28</total>
				<timestamp>6628.545394</timestamp>
			</report>
			<report>
				<misses>17462001</misses>
				<total>28</total>
				<timestamp>6628.925046</timestamp>
			</report>
			<report>
				<misses>17463001</misses>
				<total>28</total>
				<timestamp>6629.304640</timestamp>
			</report>
			<report>
				<misses>17464001</misses>
				<total>28</total>
				<timestamp>6629.684237</timestamp>
			</report>
			<report>
				<misses>17465001</misses>
				<total>28</total>
				<timestamp>6630.063859</timestamp>
			</report>
			<report>
				<misses>17466001</misses>
				<total>28</total>
				<timestamp>6630.443496</timestamp>
			</report>
			<report>
				<misses>17467001</misses>
				<total>28</total>
				<timestamp>6630.823161</timestamp>
			</report>
			<report>
				<misses>17468001</misses>
				<total>28</total>
				<timestamp>6631.202729</timestamp>
			</report>
			<report>
				<misses>17469001</misses>
				<total>28</total>
				<timestamp>6631.582364</timestamp>
			</report>
			<report>
				<misses>17470001</misses>
				<total>28</total>
				<timestamp>6631.961957</timestamp>
			</report>
			<report>
				<misses>17471001</misses>
				<total>28</total>
				<timestamp>6632.341611</timestamp>
			</report>
			<report>
				<misses>17472001</misses>
				<total>28</total>
				<timestamp>6632.721217</timestamp>
			</report>
			<report>
				<misses>17473001</misses>
				<total>28</total>
				<timestamp>6633.100837</timestamp>
			</report>
			<report>
				<misses>17474001</misses>
				<total>28</total>
				<timestamp>6633.480460</timestamp>
			</report>
			<report>
				<misses>17475001</misses>
				<total>28</total>
				<timestamp>6633.860063</timestamp>
			</report>
			<report>
				<misses>17476001</misses>
				<total>28</total>
				<timestamp>6634.239688</timestamp>
			</report>
			<report>
				<misses>17477001</misses>
				<total>28</total>
				<timestamp>6634.619312</timestamp>
			</report>
			<report>
				<misses>17478001</misses>
				<total>28</total>
				<timestamp>6634.998924</timestamp>
			</report>
			<report>
				<misses>17479001</misses>
				<total>28</total>
				<timestamp>6635.378556</timestamp>
			</report>
			<report>
				<misses>17480001</misses>
				<total>28</total>
				<timestamp>6635.758219</timestamp>
			</report>
			<report>
				<misses>17481001</misses>
				<total>28</total>
				<timestamp>6636.137797</timestamp>
			</report>
			<report>
				<misses>17482001</misses>
				<total>28</total>
				<timestamp>6636.517400</timestamp>
			</report>
			<report>
				<misses>17483001</misses>
				<total>28</total>
				<timestamp>6636.897029</timestamp>
			</report>
			<report>
				<misses>17484001</misses>
				<total>28</total>
				<timestamp>6637.276664</timestamp>
			</report>
			<report>
				<misses>17485001</misses>
				<total>28</total>
				<timestamp>6637.656287</timestamp>
			</report>
			<report>
				<misses>17486001</misses>
				<total>28</total>
				<timestamp>6638.035882</timestamp>
			</report>
			<report>
				<misses>17487001</misses>
				<total>28</total>
				<timestamp>6638.415545</timestamp>
			</report>
			<report>
				<misses>17488001</misses>
				<total>28</total>
				<timestamp>6638.795121</timestamp>
			</report>
			<report>
				<misses>17489001</misses>
				<total>28</total>
				<timestamp>6639.174742</timestamp>
			</report>
			<report>
				<misses>17490001</misses>
				<total>28</total>
				<timestamp>6639.554393</timestamp>
			</report>
			<report>
				<misses>17491001</misses>
				<total>28</total>
				<timestamp>6639.933996</timestamp>
			</report>
			<report>
				<misses>17492001</misses>
				<total>28</total>
				<timestamp>6640.313612</timestamp>
			</report>
			<report>
				<misses>17493001</misses>
				<total>28</total>
				<timestamp>6640.693235</timestamp>
			</report>
			<report>
				<misses>17494001</misses>
				<total>28</total>
				<timestamp>6641.072833</timestamp>
			</report>
			<report>
				<misses>17495001</misses>
				<total>28</total>
				<timestamp>6641.452491</timestamp>
			</report>
			<report>
				<misses>17496001</misses>
				<total>27</total>
				<timestamp>6641.832159</timestamp>
			</report>
			<report>
				<misses>17497001</misses>
				<total>28</total>
				<timestamp>6642.211717</timestamp>
			</report>
			<report>
				<misses>17498001</misses>
				<total>28</total>
				<timestamp>6642.591381</timestamp>
			</report>
			<report>
				<misses>17499001</misses>
				<total>28</total>
				<timestamp>6642.970963</timestamp>
			</report>
			<report>
				<misses>17500001</misses>
				<total>28</total>
				<timestamp>6643.350631</timestamp>
			</report>
			<report>
				<misses>17501001</misses>
				<total>28</total>
				<timestamp>6643.730195</timestamp>
			</report>
			<report>
				<misses>17502001</misses>
				<total>28</total>
				<timestamp>6644.109807</timestamp>
			</report>
			<report>
				<misses>17503001</misses>
				<total>28</total>
				<timestamp>6644.489445</timestamp>
			</report>
			<report>
				<misses>17504001</misses>
				<total>28</total>
				<timestamp>6644.869047</timestamp>
			</report>
			<report>
				<misses>17505001</misses>
				<total>28</total>
				<timestamp>6645.248666</timestamp>
			</report>
			<report>
				<misses>17506001</misses>
				<total>28</total>
				<timestamp>6645.628289</timestamp>
			</report>
			<report>
				<misses>17507001</misses>
				<total>28</total>
				<timestamp>6646.007916</timestamp>
			</report>
			<report>
				<misses>17508001</misses>
				<total>28</total>
				<timestamp>6646.387591</timestamp>
			</report>
			<report>
				<misses>17509001</misses>
				<total>28</total>
				<timestamp>6646.767145</timestamp>
			</report>
			<report>
				<misses>17510001</misses>
				<total>28</total>
				<timestamp>6647.146773</timestamp>
			</report>
			<report>
				<misses>17511001</misses>
				<total>28</total>
				<timestamp>6647.526433</timestamp>
			</report>
			<report>
				<misses>17512001</misses>
				<total>28</total>
				<timestamp>6647.906004</timestamp>
			</report>
			<report>
				<misses>17513001</misses>
				<total>28</total>
				<timestamp>6648.285681</timestamp>
			</report>
			<report>
				<misses>17514001</misses>
				<total>28</total>
				<timestamp>6648.665246</timestamp>
			</report>
			<report>
				<misses>17515001</misses>
				<total>28</total>
				<timestamp>6649.044859</timestamp>
			</report>
			<report>
				<misses>17516001</misses>
				<total>28</total>
				<timestamp>6649.424497</timestamp>
			</report>
			<report>
				<misses>17517001</misses>
				<total>28</total>
				<timestamp>6649.804101</timestamp>
			</report>
			<report>
				<misses>17518001</misses>
				<total>28</total>
				<timestamp>6650.183755</timestamp>
			</report>
			<report>
				<misses>17519001</misses>
				<total>28</total>
				<timestamp>6650.563394</timestamp>
			</report>
			<report>
				<misses>17520001</misses>
				<total>28</total>
				<timestamp>6650.942975</timestamp>
			</report>
			<report>
				<misses>17521001</misses>
				<total>28</total>
				<timestamp>6651.322649</timestamp>
			</report>
			<report>
				<misses>17522001</misses>
				<total>28</total>
				<timestamp>6651.702222</timestamp>
			</report>
			<report>
				<misses>17523001</misses>
				<total>28</total>
				<timestamp>6652.081848</timestamp>
			</report>
			<report>
				<misses>17524001</misses>
				<total>28</total>
				<timestamp>6652.461457</timestamp>
			</report>
			<report>
				<misses>17525001</misses>
				<total>28</total>
				<timestamp>6652.841102</timestamp>
			</report>
			<report>
				<misses>17526001</misses>
				<total>28</total>
				<timestamp>6653.220695</timestamp>
			</report>
			<report>
				<misses>17527001</misses>
				<total>28</total>
				<timestamp>6653.600344</timestamp>
			</report>
			<report>
				<misses>17528001</misses>
				<total>28</total>
				<timestamp>6653.979936</timestamp>
			</report>
			<report>
				<misses>17529001</misses>
				<total>28</total>
				<timestamp>6654.359611</timestamp>
			</report>
			<report>
				<misses>17530001</misses>
				<total>28</total>
				<timestamp>6654.739169</timestamp>
			</report>
			<report>
				<misses>17531001</misses>
				<total>28</total>
				<timestamp>6655.118806</timestamp>
			</report>
			<report>
				<misses>17532001</misses>
				<total>28</total>
				<timestamp>6655.498400</timestamp>
			</report>
			<report>
				<misses>17533001</misses>
				<total>28</total>
				<timestamp>6655.878029</timestamp>
			</report>
			<report>
				<misses>17534001</misses>
				<total>28</total>
				<timestamp>6656.257653</timestamp>
			</report>
			<report>
				<misses>17535001</misses>
				<total>28</total>
				<timestamp>6656.637291</timestamp>
			</report>
			<report>
				<misses>17536001</misses>
				<total>28</total>
				<timestamp>6657.016890</timestamp>
			</report>
			<report>
				<misses>17537001</misses>
				<total>28</total>
				<timestamp>6657.396541</timestamp>
			</report>
			<report>
				<misses>17538001</misses>
				<total>28</total>
				<timestamp>6657.776141</timestamp>
			</report>
			<report>
				<misses>17539001</misses>
				<total>28</total>
				<timestamp>6658.155758</timestamp>
			</report>
			<report>
				<misses>17540001</misses>
				<total>28</total>
				<timestamp>6658.535384</timestamp>
			</report>
			<report>
				<misses>17541001</misses>
				<total>28</total>
				<timestamp>6658.914985</timestamp>
			</report>
			<report>
				<misses>17542001</misses>
				<total>28</total>
				<timestamp>6659.294662</timestamp>
			</report>
			<report>
				<misses>17543001</misses>
				<total>28</total>
				<timestamp>6659.674251</timestamp>
			</report>
			<report>
				<misses>17544001</misses>
				<total>28</total>
				<timestamp>6660.053887</timestamp>
			</report>
			<report>
				<misses>17545001</misses>
				<total>28</total>
				<timestamp>6660.433493</timestamp>
			</report>
			<report>
				<misses>17546001</misses>
				<total>28</total>
				<timestamp>6660.813082</timestamp>
			</report>
			<report>
				<misses>17547001</misses>
				<total>28</total>
				<timestamp>6661.192699</timestamp>
			</report>
			<report>
				<misses>17548001</misses>
				<total>28</total>
				<timestamp>6661.572402</timestamp>
			</report>
			<report>
				<misses>17549001</misses>
				<total>28</total>
				<timestamp>6661.951959</timestamp>
			</report>
			<report>
				<misses>17550001</misses>
				<total>28</total>
				<timestamp>6662.331596</timestamp>
			</report>
			<report>
				<misses>17551001</misses>
				<total>28</total>
				<timestamp>6662.711192</timestamp>
			</report>
			<report>
				<misses>17552001</misses>
				<total>28</total>
				<timestamp>6663.090801</timestamp>
			</report>
			<report>
				<misses>17553001</misses>
				<total>28</total>
				<timestamp>6663.470438</timestamp>
			</report>
			<report>
				<misses>17554001</misses>
				<total>28</total>
				<timestamp>6663.850087</timestamp>
			</report>
			<report>
				<misses>17555001</misses>
				<total>28</total>
				<timestamp>6664.229664</timestamp>
			</report>
			<report>
				<misses>17556001</misses>
				<total>28</total>
				<timestamp>6664.609333</timestamp>
			</report>
			<report>
				<misses>17557001</misses>
				<total>28</total>
				<timestamp>6664.988906</timestamp>
			</report>
			<report>
				<misses>17558001</misses>
				<total>28</total>
				<timestamp>6665.368525</timestamp>
			</report>
			<report>
				<misses>17559001</misses>
				<total>28</total>
				<timestamp>6665.748175</timestamp>
			</report>
			<report>
				<misses>17560001</misses>
				<total>28</total>
				<timestamp>6666.127773</timestamp>
			</report>
			<report>
				<misses>17561001</misses>
				<total>28</total>
				<timestamp>6666.507401</timestamp>
			</report>
			<report>
				<misses>17562001</misses>
				<total>28</total>
				<timestamp>6666.887014</timestamp>
			</report>
			<report>
				<misses>17563001</misses>
				<total>28</total>
				<timestamp>6667.266649</timestamp>
			</report>
			<report>
				<misses>17564001</misses>
				<total>28</total>
				<timestamp>6667.646267</timestamp>
			</report>
			<report>
				<misses>17565001</misses>
				<total>28</total>
				<timestamp>6668.025858</timestamp>
			</report>
			<report>
				<misses>17566001</misses>
				<total>28</total>
				<timestamp>6668.405514</timestamp>
			</report>
			<report>
				<misses>17567001</misses>
				<total>28</total>
				<timestamp>6668.785092</timestamp>
			</report>
			<report>
				<misses>17568001</misses>
				<total>28</total>
				<timestamp>6669.164725</timestamp>
			</report>
			<report>
				<misses>17569001</misses>
				<total>28</total>
				<timestamp>6669.544348</timestamp>
			</report>
			<report>
				<misses>17570001</misses>
				<total>28</total>
				<timestamp>6669.923998</timestamp>
			</report>
			<report>
				<misses>17571001</misses>
				<total>28</total>
				<timestamp>6670.303615</timestamp>
			</report>
			<report>
				<misses>17572001</misses>
				<total>28</total>
				<timestamp>6670.683226</timestamp>
			</report>
			<report>
				<misses>17573001</misses>
				<total>28</total>
				<timestamp>6671.062835</timestamp>
			</report>
			<report>
				<misses>17574001</misses>
				<total>28</total>
				<timestamp>6671.442466</timestamp>
			</report>
			<report>
				<misses>17575001</misses>
				<total>28</total>
				<timestamp>6671.822069</timestamp>
			</report>
			<report>
				<misses>17576001</misses>
				<total>28</total>
				<timestamp>6672.201692</timestamp>
			</report>
			<report>
				<misses>17577001</misses>
				<total>28</total>
				<timestamp>6672.581336</timestamp>
			</report>
			<report>
				<misses>17578001</misses>
				<total>28</total>
				<timestamp>6672.960953</timestamp>
			</report>
			<report>
				<misses>17579001</misses>
				<total>28</total>
				<timestamp>6673.340538</timestamp>
			</report>
			<report>
				<misses>17580001</misses>
				<total>28</total>
				<timestamp>6673.720180</timestamp>
			</report>
			<report>
				<misses>17581001</misses>
				<total>28</total>
				<timestamp>6674.099778</timestamp>
			</report>
			<report>
				<misses>17582001</misses>
				<total>28</total>
				<timestamp>6674.479446</timestamp>
			</report>
			<report>
				<misses>17583001</misses>
				<total>28</total>
				<timestamp>6674.859031</timestamp>
			</report>
			<report>
				<misses>17584001</misses>
				<total>28</total>
				<timestamp>6675.238670</timestamp>
			</report>
			<report>
				<misses>17585001</misses>
				<total>28</total>
				<timestamp>6675.618308</timestamp>
			</report>
			<report>
				<misses>17586001</misses>
				<total>28</total>
				<timestamp>6675.997883</timestamp>
			</report>
			<report>
				<misses>17587001</misses>
				<total>28</total>
				<timestamp>6676.377494</timestamp>
			</report>
			<report>
				<misses>17588001</misses>
				<total>28</total>
				<timestamp>6676.757119</timestamp>
			</report>
			<report>
				<misses>17589001</misses>
				<total>28</total>
				<timestamp>6677.136749</timestamp>
			</report>
			<report>
				<misses>17590001</misses>
				<total>28</total>
				<timestamp>6677.516377</timestamp>
			</report>
			<report>
				<misses>17591001</misses>
				<total>28</total>
				<timestamp>6677.896008</timestamp>
			</report>
			<report>
				<misses>17592001</misses>
				<total>28</total>
				<timestamp>6678.275645</timestamp>
			</report>
			<report>
				<misses>17593001</misses>
				<total>28</total>
				<timestamp>6678.655245</timestamp>
			</report>
			<report>
				<misses>17594001</misses>
				<total>28</total>
				<timestamp>6679.034856</timestamp>
			</report>
			<report>
				<misses>17595001</misses>
				<total>28</total>
				<timestamp>6679.414478</timestamp>
			</report>
			<report>
				<misses>17596001</misses>
				<total>28</total>
				<timestamp>6679.794117</timestamp>
			</report>
			<report>
				<misses>17597001</misses>
				<total>28</total>
				<timestamp>6680.173725</timestamp>
			</report>
			<report>
				<misses>17598001</misses>
				<total>28</total>
				<timestamp>6680.553342</timestamp>
			</report>
			<report>
				<misses>17599001</misses>
				<total>28</total>
				<timestamp>6680.932977</timestamp>
			</report>
			<report>
				<misses>17600001</misses>
				<total>28</total>
				<timestamp>6681.312576</timestamp>
			</report>
			<report>
				<misses>17601001</misses>
				<total>28</total>
				<timestamp>6681.692241</timestamp>
			</report>
			<report>
				<misses>17602001</misses>
				<total>28</total>
				<timestamp>6682.071805</timestamp>
			</report>
			<report>
				<misses>17603001</misses>
				<total>28</total>
				<timestamp>6682.451421</timestamp>
			</report>
			<report>
				<misses>17604001</misses>
				<total>28</total>
				<timestamp>6682.831048</timestamp>
			</report>
			<report>
				<misses>17605001</misses>
				<total>28</total>
				<timestamp>6683.210675</timestamp>
			</report>
			<report>
				<misses>17606001</misses>
				<total>28</total>
				<timestamp>6683.590326</timestamp>
			</report>
			<report>
				<misses>17607001</misses>
				<total>28</total>
				<timestamp>6683.969892</timestamp>
			</report>
			<report>
				<misses>17608001</misses>
				<total>28</total>
				<timestamp>6684.349514</timestamp>
			</report>
			<report>
				<misses>17609001</misses>
				<total>28</total>
				<timestamp>6684.729200</timestamp>
			</report>
			<report>
				<misses>17610001</misses>
				<total>28</total>
				<timestamp>6685.108762</timestamp>
			</report>
			<report>
				<misses>17611001</misses>
				<total>28</total>
				<timestamp>6685.488376</timestamp>
			</report>
			<report>
				<misses>17612001</misses>
				<total>28</total>
				<timestamp>6685.868026</timestamp>
			</report>
			<report>
				<misses>17613001</misses>
				<total>28</total>
				<timestamp>6686.247646</timestamp>
			</report>
			<report>
				<misses>17614001</misses>
				<total>28</total>
				<timestamp>6686.627254</timestamp>
			</report>
			<report>
				<misses>17615001</misses>
				<total>28</total>
				<timestamp>6687.006862</timestamp>
			</report>
			<report>
				<misses>17616001</misses>
				<total>28</total>
				<timestamp>6687.386498</timestamp>
			</report>
			<report>
				<misses>17617001</misses>
				<total>28</total>
				<timestamp>6687.766155</timestamp>
			</report>
			<report>
				<misses>17618001</misses>
				<total>28</total>
				<timestamp>6688.145741</timestamp>
			</report>
			<report>
				<misses>17619001</misses>
				<total>28</total>
				<timestamp>6688.525381</timestamp>
			</report>
			<report>
				<misses>17620001</misses>
				<total>28</total>
				<timestamp>6688.905024</timestamp>
			</report>
			<report>
				<misses>17621001</misses>
				<total>28</total>
				<timestamp>6689.284613</timestamp>
			</report>
			<report>
				<misses>17622001</misses>
				<total>28</total>
				<timestamp>6689.664231</timestamp>
			</report>
			<report>
				<misses>17623001</misses>
				<total>28</total>
				<timestamp>6690.043841</timestamp>
			</report>
			<report>
				<misses>17624001</misses>
				<total>28</total>
				<timestamp>6690.423448</timestamp>
			</report>
			<report>
				<misses>17625001</misses>
				<total>28</total>
				<timestamp>6690.803100</timestamp>
			</report>
			<report>
				<misses>17626001</misses>
				<total>28</total>
				<timestamp>6691.182693</timestamp>
			</report>
			<report>
				<misses>17627001</misses>
				<total>28</total>
				<timestamp>6691.562309</timestamp>
			</report>
			<report>
				<misses>17628001</misses>
				<total>28</total>
				<timestamp>6691.941929</timestamp>
			</report>
			<report>
				<misses>17629001</misses>
				<total>28</total>
				<timestamp>6692.321560</timestamp>
			</report>
			<report>
				<misses>17630001</misses>
				<total>28</total>
				<timestamp>6692.701156</timestamp>
			</report>
			<report>
				<misses>17631001</misses>
				<total>28</total>
				<timestamp>6693.080790</timestamp>
			</report>
			<report>
				<misses>17632001</misses>
				<total>28</total>
				<timestamp>6693.460398</timestamp>
			</report>
			<report>
				<misses>17633001</misses>
				<total>28</total>
				<timestamp>6693.840055</timestamp>
			</report>
			<report>
				<misses>17634001</misses>
				<total>28</total>
				<timestamp>6694.219630</timestamp>
			</report>
			<report>
				<misses>17635001</misses>
				<total>28</total>
				<timestamp>6694.599282</timestamp>
			</report>
			<report>
				<misses>17636001</misses>
				<total>28</total>
				<timestamp>6694.978893</timestamp>
			</report>
			<report>
				<misses>17637001</misses>
				<total>28</total>
				<timestamp>6695.358502</timestamp>
			</report>
			<report>
				<misses>17638001</misses>
				<total>28</total>
				<timestamp>6695.738155</timestamp>
			</report>
			<report>
				<misses>17639001</misses>
				<total>28</total>
				<timestamp>6696.117745</timestamp>
			</report>
			<report>
				<misses>17640001</misses>
				<total>28</total>
				<timestamp>6696.497404</timestamp>
			</report>
			<report>
				<misses>17641001</misses>
				<total>28</total>
				<timestamp>6696.876976</timestamp>
			</report>
			<report>
				<misses>17642001</misses>
				<total>28</total>
				<timestamp>6697.256641</timestamp>
			</report>
			<report>
				<misses>17643001</misses>
				<total>28</total>
				<timestamp>6697.636317</timestamp>
			</report>
			<report>
				<misses>17644001</misses>
				<total>28</total>
				<timestamp>6698.015847</timestamp>
			</report>
			<report>
				<misses>17645001</misses>
				<total>28</total>
				<timestamp>6698.395469</timestamp>
			</report>
			<report>
				<misses>17646001</misses>
				<total>28</total>
				<timestamp>6698.775121</timestamp>
			</report>
			<report>
				<misses>17647001</misses>
				<total>28</total>
				<timestamp>6699.154715</timestamp>
			</report>
			<report>
				<misses>17648001</misses>
				<total>28</total>
				<timestamp>6699.534354</timestamp>
			</report>
			<report>
				<misses>17649001</misses>
				<total>28</total>
				<timestamp>6699.913966</timestamp>
			</report>
			<report>
				<misses>17650001</misses>
				<total>28</total>
				<timestamp>6700.293556</timestamp>
			</report>
			<report>
				<misses>17651001</misses>
				<total>28</total>
				<timestamp>6700.673210</timestamp>
			</report>
			<report>
				<misses>17652001</misses>
				<total>28</total>
				<timestamp>6701.052812</timestamp>
			</report>
			<report>
				<misses>17653001</misses>
				<total>28</total>
				<timestamp>6701.432419</timestamp>
			</report>
			<report>
				<misses>17654001</misses>
				<total>28</total>
				<timestamp>6701.812088</timestamp>
			</report>
			<report>
				<misses>17655001</misses>
				<total>28</total>
				<timestamp>6702.191656</timestamp>
			</report>
			<report>
				<misses>17656001</misses>
				<total>28</total>
				<timestamp>6702.571302</timestamp>
			</report>
			<report>
				<misses>17657001</misses>
				<total>28</total>
				<timestamp>6702.950954</timestamp>
			</report>
			<report>
				<misses>17658001</misses>
				<total>28</total>
				<timestamp>6703.330537</timestamp>
			</report>
			<report>
				<misses>17659001</misses>
				<total>28</total>
				<timestamp>6703.710136</timestamp>
			</report>
			<report>
				<misses>17660001</misses>
				<total>28</total>
				<timestamp>6704.089765</timestamp>
			</report>
			<report>
				<misses>17661001</misses>
				<total>28</total>
				<timestamp>6704.469428</timestamp>
			</report>
			<report>
				<misses>17662001</misses>
				<total>28</total>
				<timestamp>6704.849080</timestamp>
			</report>
			<report>
				<misses>17663001</misses>
				<total>28</total>
				<timestamp>6705.228652</timestamp>
			</report>
			<report>
				<misses>17664001</misses>
				<total>28</total>
				<timestamp>6705.608256</timestamp>
			</report>
			<report>
				<misses>17665001</misses>
				<total>28</total>
				<timestamp>6705.987852</timestamp>
			</report>
			<report>
				<misses>17666001</misses>
				<total>28</total>
				<timestamp>6706.367472</timestamp>
			</report>
			<report>
				<misses>17667001</misses>
				<total>28</total>
				<timestamp>6706.747114</timestamp>
			</report>
			<report>
				<misses>17668001</misses>
				<total>28</total>
				<timestamp>6707.126720</timestamp>
			</report>
			<report>
				<misses>17669001</misses>
				<total>28</total>
				<timestamp>6707.506335</timestamp>
			</report>
			<report>
				<misses>17670001</misses>
				<total>28</total>
				<timestamp>6707.885984</timestamp>
			</report>
			<report>
				<misses>17671001</misses>
				<total>28</total>
				<timestamp>6708.265611</timestamp>
			</report>
			<report>
				<misses>17672001</misses>
				<total>28</total>
				<timestamp>6708.645250</timestamp>
			</report>
			<report>
				<misses>17673001</misses>
				<total>28</total>
				<timestamp>6709.024839</timestamp>
			</report>
			<report>
				<misses>17674001</misses>
				<total>28</total>
				<timestamp>6709.404448</timestamp>
			</report>
			<report>
				<misses>17675001</misses>
				<total>28</total>
				<timestamp>6709.784078</timestamp>
			</report>
			<report>
				<misses>17676001</misses>
				<total>28</total>
				<timestamp>6710.163671</timestamp>
			</report>
			<report>
				<misses>17677001</misses>
				<total>28</total>
				<timestamp>6710.543314</timestamp>
			</report>
			<report>
				<misses>17678001</misses>
				<total>28</total>
				<timestamp>6710.922937</timestamp>
			</report>
			<report>
				<misses>17679001</misses>
				<total>28</total>
				<timestamp>6711.302548</timestamp>
			</report>
			<report>
				<misses>17680001</misses>
				<total>28</total>
				<timestamp>6711.682175</timestamp>
			</report>
			<report>
				<misses>17681001</misses>
				<total>28</total>
				<timestamp>6712.061842</timestamp>
			</report>
			<report>
				<misses>17682001</misses>
				<total>28</total>
				<timestamp>6712.441411</timestamp>
			</report>
			<report>
				<misses>17683001</misses>
				<total>28</total>
				<timestamp>6712.821088</timestamp>
			</report>
			<report>
				<misses>17684001</misses>
				<total>28</total>
				<timestamp>6713.200690</timestamp>
			</report>
			<report>
				<misses>17685001</misses>
				<total>28</total>
				<timestamp>6713.580298</timestamp>
			</report>
			<report>
				<misses>17686001</misses>
				<total>28</total>
				<timestamp>6713.959952</timestamp>
			</report>
			<report>
				<misses>17687001</misses>
				<total>28</total>
				<timestamp>6714.339525</timestamp>
			</report>
			<report>
				<misses>17688001</misses>
				<total>28</total>
				<timestamp>6714.719173</timestamp>
			</report>
			<report>
				<misses>17689001</misses>
				<total>28</total>
				<timestamp>6715.098755</timestamp>
			</report>
			<report>
				<misses>17690001</misses>
				<total>28</total>
				<timestamp>6715.478377</timestamp>
			</report>
			<report>
				<misses>17691001</misses>
				<total>28</total>
				<timestamp>6715.858022</timestamp>
			</report>
			<report>
				<misses>17692001</misses>
				<total>28</total>
				<timestamp>6716.237605</timestamp>
			</report>
			<report>
				<misses>17693001</misses>
				<total>28</total>
				<timestamp>6716.617279</timestamp>
			</report>
			<report>
				<misses>17694001</misses>
				<total>28</total>
				<timestamp>6716.996845</timestamp>
			</report>
			<report>
				<misses>17695001</misses>
				<total>28</total>
				<timestamp>6717.376481</timestamp>
			</report>
			<report>
				<misses>17696001</misses>
				<total>28</total>
				<timestamp>6717.756113</timestamp>
			</report>
			<report>
				<misses>17697001</misses>
				<total>28</total>
				<timestamp>6718.135698</timestamp>
			</report>
			<report>
				<misses>17698001</misses>
				<total>28</total>
				<timestamp>6718.515326</timestamp>
			</report>
			<report>
				<misses>17699001</misses>
				<total>28</total>
				<timestamp>6718.894963</timestamp>
			</report>
			<report>
				<misses>17700001</misses>
				<total>28</total>
				<timestamp>6719.274578</timestamp>
			</report>
			<report>
				<misses>17701001</misses>
				<total>28</total>
				<timestamp>6719.654192</timestamp>
			</report>
			<report>
				<misses>17702001</misses>
				<total>28</total>
				<timestamp>6720.033824</timestamp>
			</report>
			<report>
				<misses>17703001</misses>
				<total>28</total>
				<timestamp>6720.413449</timestamp>
			</report>
			<report>
				<misses>17704001</misses>
				<total>28</total>
				<timestamp>6720.793063</timestamp>
			</report>
			<report>
				<misses>17705001</misses>
				<total>28</total>
				<timestamp>6721.172674</timestamp>
			</report>
			<report>
				<misses>17706001</misses>
				<total>28</total>
				<timestamp>6721.552327</timestamp>
			</report>
			<report>
				<misses>17707001</misses>
				<total>28</total>
				<timestamp>6721.931932</timestamp>
			</report>
			<report>
				<misses>17708001</misses>
				<total>28</total>
				<timestamp>6722.311538</timestamp>
			</report>
			<report>
				<misses>17709001</misses>
				<total>28</total>
				<timestamp>6722.691152</timestamp>
			</report>
			<report>
				<misses>17710001</misses>
				<total>28</total>
				<timestamp>6723.070812</timestamp>
			</report>
			<report>
				<misses>17711001</misses>
				<total>28</total>
				<timestamp>6723.450403</timestamp>
			</report>
			<report>
				<misses>17712001</misses>
				<total>28</total>
				<timestamp>6723.830041</timestamp>
			</report>
			<report>
				<misses>17713001</misses>
				<total>28</total>
				<timestamp>6724.209634</timestamp>
			</report>
			<report>
				<misses>17714001</misses>
				<total>28</total>
				<timestamp>6724.589278</timestamp>
			</report>
			<report>
				<misses>17715001</misses>
				<total>28</total>
				<timestamp>6724.968921</timestamp>
			</report>
			<report>
				<misses>17716001</misses>
				<total>28</total>
				<timestamp>6725.348472</timestamp>
			</report>
			<report>
				<misses>17717001</misses>
				<total>28</total>
				<timestamp>6725.728117</timestamp>
			</report>
			<report>
				<misses>17718001</misses>
				<total>28</total>
				<timestamp>6726.107743</timestamp>
			</report>
			<report>
				<misses>17719001</misses>
				<total>28</total>
				<timestamp>6726.487363</timestamp>
			</report>
			<report>
				<misses>17720001</misses>
				<total>28</total>
				<timestamp>6726.866971</timestamp>
			</report>
			<report>
				<misses>17721001</misses>
				<total>28</total>
				<timestamp>6727.246582</timestamp>
			</report>
			<report>
				<misses>17722001</misses>
				<total>28</total>
				<timestamp>6727.626192</timestamp>
			</report>
			<report>
				<misses>17723001</misses>
				<total>28</total>
				<timestamp>6728.005878</timestamp>
			</report>
			<report>
				<misses>17724001</misses>
				<total>28</total>
				<timestamp>6728.385446</timestamp>
			</report>
			<report>
				<misses>17725001</misses>
				<total>28</total>
				<timestamp>6728.765069</timestamp>
			</report>
			<report>
				<misses>17726001</misses>
				<total>28</total>
				<timestamp>6729.144692</timestamp>
			</report>
			<report>
				<misses>17727001</misses>
				<total>28</total>
				<timestamp>6729.524317</timestamp>
			</report>
			<report>
				<misses>17728001</misses>
				<total>28</total>
				<timestamp>6729.903933</timestamp>
			</report>
			<report>
				<misses>17729001</misses>
				<total>28</total>
				<timestamp>6730.283534</timestamp>
			</report>
			<report>
				<misses>17730001</misses>
				<total>28</total>
				<timestamp>6730.663193</timestamp>
			</report>
			<report>
				<misses>17731001</misses>
				<total>28</total>
				<timestamp>6731.042802</timestamp>
			</report>
			<report>
				<misses>17732001</misses>
				<total>28</total>
				<timestamp>6731.422433</timestamp>
			</report>
			<report>
				<misses>17733001</misses>
				<total>28</total>
				<timestamp>6731.802044</timestamp>
			</report>
			<report>
				<misses>17734001</misses>
				<total>28</total>
				<timestamp>6732.181635</timestamp>
			</report>
			<report>
				<misses>17735001</misses>
				<total>28</total>
				<timestamp>6732.561272</timestamp>
			</report>
			<report>
				<misses>17736001</misses>
				<total>28</total>
				<timestamp>6732.940919</timestamp>
			</report>
			<report>
				<misses>17737001</misses>
				<total>28</total>
				<timestamp>6733.320505</timestamp>
			</report>
			<report>
				<misses>17738001</misses>
				<total>28</total>
				<timestamp>6733.700126</timestamp>
			</report>
			<report>
				<misses>17739001</misses>
				<total>28</total>
				<timestamp>6734.079758</timestamp>
			</report>
			<report>
				<misses>17740001</misses>
				<total>28</total>
				<timestamp>6734.459400</timestamp>
			</report>
			<report>
				<misses>17741001</misses>
				<total>28</total>
				<timestamp>6734.839015</timestamp>
			</report>
			<report>
				<misses>17742001</misses>
				<total>28</total>
				<timestamp>6735.218610</timestamp>
			</report>
			<report>
				<misses>17743001</misses>
				<total>28</total>
				<timestamp>6735.598238</timestamp>
			</report>
			<report>
				<misses>17744001</misses>
				<total>28</total>
				<timestamp>6735.977911</timestamp>
			</report>
			<report>
				<misses>17745001</misses>
				<total>28</total>
				<timestamp>6736.357476</timestamp>
			</report>
			<report>
				<misses>17746001</misses>
				<total>28</total>
				<timestamp>6736.737081</timestamp>
			</report>
			<report>
				<misses>17747001</misses>
				<total>28</total>
				<timestamp>6737.116751</timestamp>
			</report>
			<report>
				<misses>17748001</misses>
				<total>28</total>
				<timestamp>6737.496340</timestamp>
			</report>
			<report>
				<misses>17749001</misses>
				<total>28</total>
				<timestamp>6737.876008</timestamp>
			</report>
			<report>
				<misses>17750001</misses>
				<total>28</total>
				<timestamp>6738.255550</timestamp>
			</report>
			<report>
				<misses>17751001</misses>
				<total>28</total>
				<timestamp>6738.635213</timestamp>
			</report>
			<report>
				<misses>17752001</misses>
				<total>28</total>
				<timestamp>6739.014843</timestamp>
			</report>
			<report>
				<misses>17753001</misses>
				<total>28</total>
				<timestamp>6739.394425</timestamp>
			</report>
			<report>
				<misses>17754001</misses>
				<total>28</total>
				<timestamp>6739.774054</timestamp>
			</report>
			<report>
				<misses>17755001</misses>
				<total>28</total>
				<timestamp>6740.153695</timestamp>
			</report>
			<report>
				<misses>17756001</misses>
				<total>28</total>
				<timestamp>6740.533307</timestamp>
			</report>
			<report>
				<misses>17757001</misses>
				<total>28</total>
				<timestamp>6740.912942</timestamp>
			</report>
			<report>
				<misses>17758001</misses>
				<total>28</total>
				<timestamp>6741.292526</timestamp>
			</report>
			<report>
				<misses>17759001</misses>
				<total>28</total>
				<timestamp>6741.672157</timestamp>
			</report>
			<report>
				<misses>17760001</misses>
				<total>28</total>
				<timestamp>6742.051800</timestamp>
			</report>
			<report>
				<misses>17761001</misses>
				<total>28</total>
				<timestamp>6742.431415</timestamp>
			</report>
			<report>
				<misses>17762001</misses>
				<total>28</total>
				<timestamp>6742.811013</timestamp>
			</report>
			<report>
				<misses>17763001</misses>
				<total>28</total>
				<timestamp>6743.190629</timestamp>
			</report>
			<report>
				<misses>17764001</misses>
				<total>28</total>
				<timestamp>6743.570285</timestamp>
			</report>
			<report>
				<misses>17765001</misses>
				<total>28</total>
				<timestamp>6743.949880</timestamp>
			</report>
			<report>
				<misses>17766001</misses>
				<total>28</total>
				<timestamp>6744.329470</timestamp>
			</report>
			<report>
				<misses>17767001</misses>
				<total>28</total>
				<timestamp>6744.709113</timestamp>
			</report>
			<report>
				<misses>17768001</misses>
				<total>28</total>
				<timestamp>6745.088730</timestamp>
			</report>
			<report>
				<misses>17769001</misses>
				<total>28</total>
				<timestamp>6745.468346</timestamp>
			</report>
			<report>
				<misses>17770001</misses>
				<total>28</total>
				<timestamp>6745.847971</timestamp>
			</report>
			<report>
				<misses>17771001</misses>
				<total>28</total>
				<timestamp>6746.227593</timestamp>
			</report>
			<report>
				<misses>17772001</misses>
				<total>28</total>
				<timestamp>6746.607216</timestamp>
			</report>
			<report>
				<misses>17773001</misses>
				<total>28</total>
				<timestamp>6746.986834</timestamp>
			</report>
			<report>
				<misses>17774001</misses>
				<total>28</total>
				<timestamp>6747.366474</timestamp>
			</report>
			<report>
				<misses>17775001</misses>
				<total>28</total>
				<timestamp>6747.746061</timestamp>
			</report>
			<report>
				<misses>17776001</misses>
				<total>28</total>
				<timestamp>6748.125725</timestamp>
			</report>
			<report>
				<misses>17777001</misses>
				<total>28</total>
				<timestamp>6748.505326</timestamp>
			</report>
			<report>
				<misses>17778001</misses>
				<total>28</total>
				<timestamp>6748.884933</timestamp>
			</report>
			<report>
				<misses>17779001</misses>
				<total>28</total>
				<timestamp>6749.264547</timestamp>
			</report>
			<report>
				<misses>17780001</misses>
				<total>28</total>
				<timestamp>6749.644178</timestamp>
			</report>
			<report>
				<misses>17781001</misses>
				<total>28</total>
				<timestamp>6750.023866</timestamp>
			</report>
			<report>
				<misses>17782001</misses>
				<total>28</total>
				<timestamp>6750.403412</timestamp>
			</report>
			<report>
				<misses>17783001</misses>
				<total>28</total>
				<timestamp>6750.783069</timestamp>
			</report>
			<report>
				<misses>17784001</misses>
				<total>28</total>
				<timestamp>6751.162662</timestamp>
			</report>
			<report>
				<misses>17785001</misses>
				<total>28</total>
				<timestamp>6751.542303</timestamp>
			</report>
			<report>
				<misses>17786001</misses>
				<total>28</total>
				<timestamp>6751.921943</timestamp>
			</report>
			<report>
				<misses>17787001</misses>
				<total>28</total>
				<timestamp>6752.301518</timestamp>
			</report>
			<report>
				<misses>17788001</misses>
				<total>28</total>
				<timestamp>6752.681151</timestamp>
			</report>
			<report>
				<misses>17789001</misses>
				<total>28</total>
				<timestamp>6753.060786</timestamp>
			</report>
			<report>
				<misses>17790001</misses>
				<total>28</total>
				<timestamp>6753.440389</timestamp>
			</report>
			<report>
				<misses>17791001</misses>
				<total>28</total>
				<timestamp>6753.819996</timestamp>
			</report>
			<report>
				<misses>17792001</misses>
				<total>28</total>
				<timestamp>6754.199644</timestamp>
			</report>
			<report>
				<misses>17793001</misses>
				<total>28</total>
				<timestamp>6754.579261</timestamp>
			</report>
			<report>
				<misses>17794001</misses>
				<total>28</total>
				<timestamp>6754.958857</timestamp>
			</report>
			<report>
				<misses>17795001</misses>
				<total>28</total>
				<timestamp>6755.338481</timestamp>
			</report>
			<report>
				<misses>17796001</misses>
				<total>28</total>
				<timestamp>6755.718112</timestamp>
			</report>
			<report>
				<misses>17797001</misses>
				<total>28</total>
				<timestamp>6756.097722</timestamp>
			</report>
			<report>
				<misses>17798001</misses>
				<total>28</total>
				<timestamp>6756.477337</timestamp>
			</report>
			<report>
				<misses>17799001</misses>
				<total>28</total>
				<timestamp>6756.856953</timestamp>
			</report>
			<report>
				<misses>17800001</misses>
				<total>28</total>
				<timestamp>6757.236575</timestamp>
			</report>
			<report>
				<misses>17801001</misses>
				<total>28</total>
				<timestamp>6757.616203</timestamp>
			</report>
			<report>
				<misses>17802001</misses>
				<total>28</total>
				<timestamp>6757.995795</timestamp>
			</report>
			<report>
				<misses>17803001</misses>
				<total>28</total>
				<timestamp>6758.375431</timestamp>
			</report>
			<report>
				<misses>17804001</misses>
				<total>28</total>
				<timestamp>6758.755056</timestamp>
			</report>
			<report>
				<misses>17805001</misses>
				<total>28</total>
				<timestamp>6759.134717</timestamp>
			</report>
			<report>
				<misses>17806001</misses>
				<total>28</total>
				<timestamp>6759.514297</timestamp>
			</report>
			<report>
				<misses>17807001</misses>
				<total>28</total>
				<timestamp>6759.893909</timestamp>
			</report>
			<report>
				<misses>17808001</misses>
				<total>28</total>
				<timestamp>6760.273548</timestamp>
			</report>
			<report>
				<misses>17809001</misses>
				<total>28</total>
				<timestamp>6760.653152</timestamp>
			</report>
			<report>
				<misses>17810001</misses>
				<total>28</total>
				<timestamp>6761.032769</timestamp>
			</report>
			<report>
				<misses>17811001</misses>
				<total>28</total>
				<timestamp>6761.412366</timestamp>
			</report>
			<report>
				<misses>17812001</misses>
				<total>28</total>
				<timestamp>6761.792025</timestamp>
			</report>
			<report>
				<misses>17813001</misses>
				<total>28</total>
				<timestamp>6762.171691</timestamp>
			</report>
			<report>
				<misses>17814001</misses>
				<total>28</total>
				<timestamp>6762.551259</timestamp>
			</report>
			<report>
				<misses>17815001</misses>
				<total>28</total>
				<timestamp>6762.930865</timestamp>
			</report>
			<report>
				<misses>17816001</misses>
				<total>28</total>
				<timestamp>6763.310474</timestamp>
			</report>
			<report>
				<misses>17817001</misses>
				<total>28</total>
				<timestamp>6763.690104</timestamp>
			</report>
			<report>
				<misses>17818001</misses>
				<total>28</total>
				<timestamp>6764.069746</timestamp>
			</report>
			<report>
				<misses>17819001</misses>
				<total>28</total>
				<timestamp>6764.449380</timestamp>
			</report>
			<report>
				<misses>17820001</misses>
				<total>28</total>
				<timestamp>6764.829001</timestamp>
			</report>
			<report>
				<misses>17821001</misses>
				<total>28</total>
				<timestamp>6765.208591</timestamp>
			</report>
			<report>
				<misses>17822001</misses>
				<total>28</total>
				<timestamp>6765.588218</timestamp>
			</report>
			<report>
				<misses>17823001</misses>
				<total>28</total>
				<timestamp>6765.967836</timestamp>
			</report>
			<report>
				<misses>17824001</misses>
				<total>28</total>
				<timestamp>6766.347444</timestamp>
			</report>
			<report>
				<misses>17825001</misses>
				<total>28</total>
				<timestamp>6766.727061</timestamp>
			</report>
			<report>
				<misses>17826001</misses>
				<total>28</total>
				<timestamp>6767.106711</timestamp>
			</report>
			<report>
				<misses>17827001</misses>
				<total>28</total>
				<timestamp>6767.486300</timestamp>
			</report>
			<report>
				<misses>17828001</misses>
				<total>28</total>
				<timestamp>6767.865940</timestamp>
			</report>
			<report>
				<misses>17829001</misses>
				<total>28</total>
				<timestamp>6768.245608</timestamp>
			</report>
			<report>
				<misses>17830001</misses>
				<total>28</total>
				<timestamp>6768.625237</timestamp>
			</report>
			<report>
				<misses>17831001</misses>
				<total>28</total>
				<timestamp>6769.004815</timestamp>
			</report>
			<report>
				<misses>17832001</misses>
				<total>28</total>
				<timestamp>6769.384410</timestamp>
			</report>
			<report>
				<misses>17833001</misses>
				<total>28</total>
				<timestamp>6769.764026</timestamp>
			</report>
			<report>
				<misses>17834001</misses>
				<total>28</total>
				<timestamp>6770.143726</timestamp>
			</report>
			<report>
				<misses>17835001</misses>
				<total>28</total>
				<timestamp>6770.523274</timestamp>
			</report>
			<report>
				<misses>17836001</misses>
				<total>28</total>
				<timestamp>6770.902895</timestamp>
			</report>
			<report>
				<misses>17837001</misses>
				<total>28</total>
				<timestamp>6771.282509</timestamp>
			</report>
			<report>
				<misses>17838001</misses>
				<total>28</total>
				<timestamp>6771.662135</timestamp>
			</report>
			<report>
				<misses>17839001</misses>
				<total>28</total>
				<timestamp>6772.041806</timestamp>
			</report>
			<report>
				<misses>17840001</misses>
				<total>28</total>
				<timestamp>6772.421375</timestamp>
			</report>
			<report>
				<misses>17841001</misses>
				<total>28</total>
				<timestamp>6772.801002</timestamp>
			</report>
			<report>
				<misses>17842001</misses>
				<total>28</total>
				<timestamp>6773.180685</timestamp>
			</report>
			<report>
				<misses>17843001</misses>
				<total>28</total>
				<timestamp>6773.560239</timestamp>
			</report>
			<report>
				<misses>17844001</misses>
				<total>28</total>
				<timestamp>6773.939861</timestamp>
			</report>
			<report>
				<misses>17845001</misses>
				<total>28</total>
				<timestamp>6774.319469</timestamp>
			</report>
			<report>
				<misses>17846001</misses>
				<total>28</total>
				<timestamp>6774.699090</timestamp>
			</report>
			<report>
				<misses>17847001</misses>
				<total>28</total>
				<timestamp>6775.078756</timestamp>
			</report>
			<report>
				<misses>17848001</misses>
				<total>28</total>
				<timestamp>6775.458327</timestamp>
			</report>
			<report>
				<misses>17849001</misses>
				<total>28</total>
				<timestamp>6775.837962</timestamp>
			</report>
			<report>
				<misses>17850001</misses>
				<total>28</total>
				<timestamp>6776.217588</timestamp>
			</report>
			<report>
				<misses>17851001</misses>
				<total>28</total>
				<timestamp>6776.597210</timestamp>
			</report>
			<report>
				<misses>17852001</misses>
				<total>28</total>
				<timestamp>6776.976814</timestamp>
			</report>
			<report>
				<misses>17853001</misses>
				<total>28</total>
				<timestamp>6777.356430</timestamp>
			</report>
			<report>
				<misses>17854001</misses>
				<total>28</total>
				<timestamp>6777.736051</timestamp>
			</report>
			<report>
				<misses>17855001</misses>
				<total>28</total>
				<timestamp>6778.115670</timestamp>
			</report>
			<report>
				<misses>17856001</misses>
				<total>28</total>
				<timestamp>6778.495291</timestamp>
			</report>
			<report>
				<misses>17857001</misses>
				<total>28</total>
				<timestamp>6778.874895</timestamp>
			</report>
			<report>
				<misses>17858001</misses>
				<total>28</total>
				<timestamp>6779.254620</timestamp>
			</report>
			<report>
				<misses>17859001</misses>
				<total>28</total>
				<timestamp>6779.634148</timestamp>
			</report>
			<report>
				<misses>17860001</misses>
				<total>28</total>
				<timestamp>6780.013771</timestamp>
			</report>
			<report>
				<misses>17861001</misses>
				<total>28</total>
				<timestamp>6780.393409</timestamp>
			</report>
			<report>
				<misses>17862001</misses>
				<total>28</total>
				<timestamp>6780.772999</timestamp>
			</report>
			<report>
				<misses>17863001</misses>
				<total>28</total>
				<timestamp>6781.152654</timestamp>
			</report>
			<report>
				<misses>17864001</misses>
				<total>28</total>
				<timestamp>6781.532235</timestamp>
			</report>
			<report>
				<misses>17865001</misses>
				<total>28</total>
				<timestamp>6781.911869</timestamp>
			</report>
			<report>
				<misses>17866001</misses>
				<total>28</total>
				<timestamp>6782.291497</timestamp>
			</report>
			<report>
				<misses>17867001</misses>
				<total>28</total>
				<timestamp>6782.671109</timestamp>
			</report>
			<report>
				<misses>17868001</misses>
				<total>28</total>
				<timestamp>6783.050719</timestamp>
			</report>
			<report>
				<misses>17869001</misses>
				<total>28</total>
				<timestamp>6783.430376</timestamp>
			</report>
			<report>
				<misses>17870001</misses>
				<total>28</total>
				<timestamp>6783.809986</timestamp>
			</report>
			<report>
				<misses>17871001</misses>
				<total>28</total>
				<timestamp>6784.189616</timestamp>
			</report>
			<report>
				<misses>17872001</misses>
				<total>28</total>
				<timestamp>6784.569196</timestamp>
			</report>
			<report>
				<misses>17873001</misses>
				<total>28</total>
				<timestamp>6784.948841</timestamp>
			</report>
			<report>
				<misses>17874001</misses>
				<total>28</total>
				<timestamp>6785.328430</timestamp>
			</report>
			<report>
				<misses>17875001</misses>
				<total>28</total>
				<timestamp>6785.708062</timestamp>
			</report>
			<report>
				<misses>17876001</misses>
				<total>28</total>
				<timestamp>6786.087709</timestamp>
			</report>
			<report>
				<misses>17877001</misses>
				<total>28</total>
				<timestamp>6786.467311</timestamp>
			</report>
			<report>
				<misses>17878001</misses>
				<total>28</total>
				<timestamp>6786.846979</timestamp>
			</report>
			<report>
				<misses>17879001</misses>
				<total>28</total>
				<timestamp>6787.226540</timestamp>
			</report>
			<report>
				<misses>17880001</misses>
				<total>28</total>
				<timestamp>6787.606170</timestamp>
			</report>
			<report>
				<misses>17881001</misses>
				<total>28</total>
				<timestamp>6787.985782</timestamp>
			</report>
			<report>
				<misses>17882001</misses>
				<total>28</total>
				<timestamp>6788.365412</timestamp>
			</report>
			<report>
				<misses>17883001</misses>
				<total>28</total>
				<timestamp>6788.745027</timestamp>
			</report>
			<report>
				<misses>17884001</misses>
				<total>28</total>
				<timestamp>6789.124658</timestamp>
			</report>
			<report>
				<misses>17885001</misses>
				<total>28</total>
				<timestamp>6789.504264</timestamp>
			</report>
			<report>
				<misses>17886001</misses>
				<total>28</total>
				<timestamp>6789.883930</timestamp>
			</report>
			<report>
				<misses>17887001</misses>
				<total>28</total>
				<timestamp>6790.263564</timestamp>
			</report>
			<report>
				<misses>17888001</misses>
				<total>28</total>
				<timestamp>6790.643120</timestamp>
			</report>
			<report>
				<misses>17889001</misses>
				<total>28</total>
				<timestamp>6791.022763</timestamp>
			</report>
			<report>
				<misses>17890001</misses>
				<total>28</total>
				<timestamp>6791.402376</timestamp>
			</report>
			<report>
				<misses>17891001</misses>
				<total>28</total>
				<timestamp>6791.781981</timestamp>
			</report>
			<report>
				<misses>17892001</misses>
				<total>28</total>
				<timestamp>6792.161610</timestamp>
			</report>
			<report>
				<misses>17893001</misses>
				<total>28</total>
				<timestamp>6792.541232</timestamp>
			</report>
			<report>
				<misses>17894001</misses>
				<total>28</total>
				<timestamp>6792.920843</timestamp>
			</report>
			<report>
				<misses>17895001</misses>
				<total>28</total>
				<timestamp>6793.300527</timestamp>
			</report>
			<report>
				<misses>17896001</misses>
				<total>28</total>
				<timestamp>6793.680117</timestamp>
			</report>
			<report>
				<misses>17897001</misses>
				<total>28</total>
				<timestamp>6794.059703</timestamp>
			</report>
			<report>
				<misses>17898001</misses>
				<total>28</total>
				<timestamp>6794.439330</timestamp>
			</report>
			<report>
				<misses>17899001</misses>
				<total>28</total>
				<timestamp>6794.818966</timestamp>
			</report>
			<report>
				<misses>17900001</misses>
				<total>28</total>
				<timestamp>6795.198561</timestamp>
			</report>
			<report>
				<misses>17901001</misses>
				<total>28</total>
				<timestamp>6795.578201</timestamp>
			</report>
			<report>
				<misses>17902001</misses>
				<total>28</total>
				<timestamp>6795.957794</timestamp>
			</report>
			<report>
				<misses>17903001</misses>
				<total>28</total>
				<timestamp>6796.337462</timestamp>
			</report>
			<report>
				<misses>17904001</misses>
				<total>28</total>
				<timestamp>6796.717051</timestamp>
			</report>
			<report>
				<misses>17905001</misses>
				<total>28</total>
				<timestamp>6797.096675</timestamp>
			</report>
			<report>
				<misses>17906001</misses>
				<total>28</total>
				<timestamp>6797.476288</timestamp>
			</report>
			<report>
				<misses>17907001</misses>
				<total>28</total>
				<timestamp>6797.855904</timestamp>
			</report>
			<report>
				<misses>17908001</misses>
				<total>28</total>
				<timestamp>6798.235539</timestamp>
			</report>
			<report>
				<misses>17909001</misses>
				<total>28</total>
				<timestamp>6798.615139</timestamp>
			</report>
			<report>
				<misses>17910001</misses>
				<total>28</total>
				<timestamp>6798.994786</timestamp>
			</report>
			<report>
				<misses>17911001</misses>
				<total>28</total>
				<timestamp>6799.374378</timestamp>
			</report>
			<report>
				<misses>17912001</misses>
				<total>28</total>
				<timestamp>6799.754000</timestamp>
			</report>
			<report>
				<misses>17913001</misses>
				<total>28</total>
				<timestamp>6800.133621</timestamp>
			</report>
			<report>
				<misses>17914001</misses>
				<total>28</total>
				<timestamp>6800.513249</timestamp>
			</report>
			<report>
				<misses>17915001</misses>
				<total>28</total>
				<timestamp>6800.892876</timestamp>
			</report>
			<report>
				<misses>17916001</misses>
				<total>28</total>
				<timestamp>6801.272477</timestamp>
			</report>
			<report>
				<misses>17917001</misses>
				<total>28</total>
				<timestamp>6801.652098</timestamp>
			</report>
			<report>
				<misses>17918001</misses>
				<total>28</total>
				<timestamp>6802.031760</timestamp>
			</report>
			<report>
				<misses>17919001</misses>
				<total>28</total>
				<timestamp>6802.411385</timestamp>
			</report>
			<report>
				<misses>17920001</misses>
				<total>28</total>
				<timestamp>6802.790977</timestamp>
			</report>
			<report>
				<misses>17921001</misses>
				<total>28</total>
				<timestamp>6803.170613</timestamp>
			</report>
			<report>
				<misses>17922001</misses>
				<total>28</total>
				<timestamp>6803.550206</timestamp>
			</report>
			<report>
				<misses>17923001</misses>
				<total>28</total>
				<timestamp>6803.929833</timestamp>
			</report>
			<report>
				<misses>17924001</misses>
				<total>28</total>
				<timestamp>6804.309471</timestamp>
			</report>
			<report>
				<misses>17925001</misses>
				<total>28</total>
				<timestamp>6804.689054</timestamp>
			</report>
			<report>
				<misses>17926001</misses>
				<total>28</total>
				<timestamp>6805.068721</timestamp>
			</report>
			<report>
				<misses>17927001</misses>
				<total>28</total>
				<timestamp>6805.448346</timestamp>
			</report>
			<report>
				<misses>17928001</misses>
				<total>28</total>
				<timestamp>6805.827927</timestamp>
			</report>
			<report>
				<misses>17929001</misses>
				<total>28</total>
				<timestamp>6806.207562</timestamp>
			</report>
			<report>
				<misses>17930001</misses>
				<total>28</total>
				<timestamp>6806.587149</timestamp>
			</report>
			<report>
				<misses>17931001</misses>
				<total>28</total>
				<timestamp>6806.966806</timestamp>
			</report>
			<report>
				<misses>17932001</misses>
				<total>28</total>
				<timestamp>6807.346463</timestamp>
			</report>
			<report>
				<misses>17933001</misses>
				<total>28</total>
				<timestamp>6807.726034</timestamp>
			</report>
			<report>
				<misses>17934001</misses>
				<total>28</total>
				<timestamp>6808.105639</timestamp>
			</report>
			<report>
				<misses>17935001</misses>
				<total>28</total>
				<timestamp>6808.485263</timestamp>
			</report>
			<report>
				<misses>17936001</misses>
				<total>28</total>
				<timestamp>6808.864869</timestamp>
			</report>
			<report>
				<misses>17937001</misses>
				<total>28</total>
				<timestamp>6809.244550</timestamp>
			</report>
			<report>
				<misses>17938001</misses>
				<total>28</total>
				<timestamp>6809.624160</timestamp>
			</report>
			<report>
				<misses>17939001</misses>
				<total>28</total>
				<timestamp>6810.003740</timestamp>
			</report>
			<report>
				<misses>17940001</misses>
				<total>28</total>
				<timestamp>6810.383384</timestamp>
			</report>
			<report>
				<misses>17941001</misses>
				<total>28</total>
				<timestamp>6810.762989</timestamp>
			</report>
			<report>
				<misses>17942001</misses>
				<total>28</total>
				<timestamp>6811.142657</timestamp>
			</report>
			<report>
				<misses>17943001</misses>
				<total>28</total>
				<timestamp>6811.522221</timestamp>
			</report>
			<report>
				<misses>17944001</misses>
				<total>28</total>
				<timestamp>6811.901869</timestamp>
			</report>
			<report>
				<misses>17945001</misses>
				<total>28</total>
				<timestamp>6812.281483</timestamp>
			</report>
			<report>
				<misses>17946001</misses>
				<total>28</total>
				<timestamp>6812.661082</timestamp>
			</report>
			<report>
				<misses>17947001</misses>
				<total>28</total>
				<timestamp>6813.040708</timestamp>
			</report>
			<report>
				<misses>17948001</misses>
				<total>28</total>
				<timestamp>6813.420399</timestamp>
			</report>
			<report>
				<misses>17949001</misses>
				<total>28</total>
				<timestamp>6813.799939</timestamp>
			</report>
			<report>
				<misses>17950001</misses>
				<total>28</total>
				<timestamp>6814.179564</timestamp>
			</report>
			<report>
				<misses>17951001</misses>
				<total>28</total>
				<timestamp>6814.559183</timestamp>
			</report>
			<report>
				<misses>17952001</misses>
				<total>28</total>
				<timestamp>6814.938801</timestamp>
			</report>
			<report>
				<misses>17953001</misses>
				<total>28</total>
				<timestamp>6815.318435</timestamp>
			</report>
			<report>
				<misses>17954001</misses>
				<total>28</total>
				<timestamp>6815.698062</timestamp>
			</report>
			<report>
				<misses>17955001</misses>
				<total>28</total>
				<timestamp>6816.077669</timestamp>
			</report>
			<report>
				<misses>17956001</misses>
				<total>28</total>
				<timestamp>6816.457277</timestamp>
			</report>
			<report>
				<misses>17957001</misses>
				<total>28</total>
				<timestamp>6816.836904</timestamp>
			</report>
			<report>
				<misses>17958001</misses>
				<total>28</total>
				<timestamp>6817.216559</timestamp>
			</report>
			<report>
				<misses>17959001</misses>
				<total>28</total>
				<timestamp>6817.596153</timestamp>
			</report>
			<report>
				<misses>17960001</misses>
				<total>28</total>
				<timestamp>6817.975766</timestamp>
			</report>
			<report>
				<misses>17961001</misses>
				<total>28</total>
				<timestamp>6818.355435</timestamp>
			</report>
			<report>
				<misses>17962001</misses>
				<total>28</total>
				<timestamp>6818.735047</timestamp>
			</report>
			<report>
				<misses>17963001</misses>
				<total>28</total>
				<timestamp>6819.114606</timestamp>
			</report>
			<report>
				<misses>17964001</misses>
				<total>28</total>
				<timestamp>6819.494283</timestamp>
			</report>
			<report>
				<misses>17965001</misses>
				<total>28</total>
				<timestamp>6819.873892</timestamp>
			</report>
			<report>
				<misses>17966001</misses>
				<total>28</total>
				<timestamp>6820.253515</timestamp>
			</report>
			<report>
				<misses>17967001</misses>
				<total>28</total>
				<timestamp>6820.633099</timestamp>
			</report>
			<report>
				<misses>17968001</misses>
				<total>28</total>
				<timestamp>6821.012722</timestamp>
			</report>
			<report>
				<misses>17969001</misses>
				<total>28</total>
				<timestamp>6821.392377</timestamp>
			</report>
			<report>
				<misses>17970001</misses>
				<total>28</total>
				<timestamp>6821.771962</timestamp>
			</report>
			<report>
				<misses>17971001</misses>
				<total>28</total>
				<timestamp>6822.151585</timestamp>
			</report>
			<report>
				<misses>17972001</misses>
				<total>28</total>
				<timestamp>6822.531222</timestamp>
			</report>
			<report>
				<misses>17973001</misses>
				<total>28</total>
				<timestamp>6822.910855</timestamp>
			</report>
			<report>
				<misses>17974001</misses>
				<total>28</total>
				<timestamp>6823.290465</timestamp>
			</report>
			<report>
				<misses>17975001</misses>
				<total>28</total>
				<timestamp>6823.670072</timestamp>
			</report>
			<report>
				<misses>17976001</misses>
				<total>28</total>
				<timestamp>6824.049713</timestamp>
			</report>
			<report>
				<misses>17977001</misses>
				<total>28</total>
				<timestamp>6824.429335</timestamp>
			</report>
			<report>
				<misses>17978001</misses>
				<total>28</total>
				<timestamp>6824.808932</timestamp>
			</report>
			<report>
				<misses>17979001</misses>
				<total>28</total>
				<timestamp>6825.188541</timestamp>
			</report>
			<report>
				<misses>17980001</misses>
				<total>28</total>
				<timestamp>6825.568166</timestamp>
			</report>
			<report>
				<misses>17981001</misses>
				<total>28</total>
				<timestamp>6825.947783</timestamp>
			</report>
			<report>
				<misses>17982001</misses>
				<total>28</total>
				<timestamp>6826.327386</timestamp>
			</report>
			<report>
				<misses>17983001</misses>
				<total>28</total>
				<timestamp>6826.707018</timestamp>
			</report>
			<report>
				<misses>17984001</misses>
				<total>28</total>
				<timestamp>6827.086625</timestamp>
			</report>
			<report>
				<misses>17985001</misses>
				<total>28</total>
				<timestamp>6827.466308</timestamp>
			</report>
			<report>
				<misses>17986001</misses>
				<total>28</total>
				<timestamp>6827.845908</timestamp>
			</report>
			<report>
				<misses>17987001</misses>
				<total>28</total>
				<timestamp>6828.225553</timestamp>
			</report>
			<report>
				<misses>17988001</misses>
				<total>28</total>
				<timestamp>6828.605149</timestamp>
			</report>
			<report>
				<misses>17989001</misses>
				<total>28</total>
				<timestamp>6828.984749</timestamp>
			</report>
			<report>
				<misses>17990001</misses>
				<total>28</total>
				<timestamp>6829.364381</timestamp>
			</report>
			<report>
				<misses>17991001</misses>
				<total>28</total>
				<timestamp>6829.743984</timestamp>
			</report>
			<report>
				<misses>17992001</misses>
				<total>28</total>
				<timestamp>6830.123590</timestamp>
			</report>
			<report>
				<misses>17993001</misses>
				<total>28</total>
				<timestamp>6830.503310</timestamp>
			</report>
			<report>
				<misses>17994001</misses>
				<total>28</total>
				<timestamp>6830.882845</timestamp>
			</report>
			<report>
				<misses>17995001</misses>
				<total>28</total>
				<timestamp>6831.262462</timestamp>
			</report>
			<report>
				<misses>17996001</misses>
				<total>28</total>
				<timestamp>6831.642094</timestamp>
			</report>
			<report>
				<misses>17997001</misses>
				<total>28</total>
				<timestamp>6832.021720</timestamp>
			</report>
			<report>
				<misses>17998001</misses>
				<total>28</total>
				<timestamp>6832.401408</timestamp>
			</report>
			<report>
				<misses>17999001</misses>
				<total>28</total>
				<timestamp>6832.780939</timestamp>
			</report>
			<report>
				<misses>18000001</misses>
				<total>28</total>
				<timestamp>6833.160558</timestamp>
			</report>
			<report>
				<misses>18001001</misses>
				<total>28</total>
				<timestamp>6833.540235</timestamp>
			</report>
			<report>
				<misses>18002001</misses>
				<total>28</total>
				<timestamp>6833.919806</timestamp>
			</report>
			<report>
				<misses>18003001</misses>
				<total>28</total>
				<timestamp>6834.299430</timestamp>
			</report>
			<report>
				<misses>18004001</misses>
				<total>28</total>
				<timestamp>6834.679029</timestamp>
			</report>
			<report>
				<misses>18005001</misses>
				<total>28</total>
				<timestamp>6835.058731</timestamp>
			</report>
			<report>
				<misses>18006001</misses>
				<total>28</total>
				<timestamp>6835.438291</timestamp>
			</report>
			<report>
				<misses>18007001</misses>
				<total>28</total>
				<timestamp>6835.817905</timestamp>
			</report>
			<report>
				<misses>18008001</misses>
				<total>28</total>
				<timestamp>6836.197545</timestamp>
			</report>
			<report>
				<misses>18009001</misses>
				<total>28</total>
				<timestamp>6836.577150</timestamp>
			</report>
			<report>
				<misses>18010001</misses>
				<total>28</total>
				<timestamp>6836.956751</timestamp>
			</report>
			<report>
				<misses>18011001</misses>
				<total>28</total>
				<timestamp>6837.336403</timestamp>
			</report>
			<report>
				<misses>18012001</misses>
				<total>28</total>
				<timestamp>6837.716010</timestamp>
			</report>
			<report>
				<misses>18013001</misses>
				<total>28</total>
				<timestamp>6838.095642</timestamp>
			</report>
			<report>
				<misses>18014001</misses>
				<total>28</total>
				<timestamp>6838.475276</timestamp>
			</report>
			<report>
				<misses>18015001</misses>
				<total>28</total>
				<timestamp>6838.854881</timestamp>
			</report>
			<report>
				<misses>18016001</misses>
				<total>28</total>
				<timestamp>6839.234505</timestamp>
			</report>
			<report>
				<misses>18017001</misses>
				<total>28</total>
				<timestamp>6839.614088</timestamp>
			</report>
			<report>
				<misses>18018001</misses>
				<total>28</total>
				<timestamp>6839.993725</timestamp>
			</report>
			<report>
				<misses>18019001</misses>
				<total>28</total>
				<timestamp>6840.373340</timestamp>
			</report>
			<report>
				<misses>18020001</misses>
				<total>28</total>
				<timestamp>6840.752983</timestamp>
			</report>
			<report>
				<misses>18021001</misses>
				<total>28</total>
				<timestamp>6841.132587</timestamp>
			</report>
			<report>
				<misses>18022001</misses>
				<total>28</total>
				<timestamp>6841.512238</timestamp>
			</report>
			<report>
				<misses>18023001</misses>
				<total>28</total>
				<timestamp>6841.891820</timestamp>
			</report>
			<report>
				<misses>18024001</misses>
				<total>28</total>
				<timestamp>6842.271450</timestamp>
			</report>
			<report>
				<misses>18025001</misses>
				<total>28</total>
				<timestamp>6842.651071</timestamp>
			</report>
			<report>
				<misses>18026001</misses>
				<total>28</total>
				<timestamp>6843.030680</timestamp>
			</report>
			<report>
				<misses>18027001</misses>
				<total>28</total>
				<timestamp>6843.410324</timestamp>
			</report>
			<report>
				<misses>18028001</misses>
				<total>28</total>
				<timestamp>6843.789960</timestamp>
			</report>
			<report>
				<misses>18029001</misses>
				<total>28</total>
				<timestamp>6844.169540</timestamp>
			</report>
			<report>
				<misses>18030001</misses>
				<total>28</total>
				<timestamp>6844.549188</timestamp>
			</report>
			<report>
				<misses>18031001</misses>
				<total>28</total>
				<timestamp>6844.928782</timestamp>
			</report>
			<report>
				<misses>18032001</misses>
				<total>28</total>
				<timestamp>6845.308391</timestamp>
			</report>
			<report>
				<misses>18033001</misses>
				<total>28</total>
				<timestamp>6845.688014</timestamp>
			</report>
			<report>
				<misses>18034001</misses>
				<total>28</total>
				<timestamp>6846.067628</timestamp>
			</report>
			<report>
				<misses>18035001</misses>
				<total>28</total>
				<timestamp>6846.447267</timestamp>
			</report>
			<report>
				<misses>18036001</misses>
				<total>28</total>
				<timestamp>6846.826904</timestamp>
			</report>
			<report>
				<misses>18037001</misses>
				<total>28</total>
				<timestamp>6847.206506</timestamp>
			</report>
			<report>
				<misses>18038001</misses>
				<total>28</total>
				<timestamp>6847.586148</timestamp>
			</report>
			<report>
				<misses>18039001</misses>
				<total>28</total>
				<timestamp>6847.965757</timestamp>
			</report>
			<report>
				<misses>18040001</misses>
				<total>28</total>
				<timestamp>6848.345365</timestamp>
			</report>
			<report>
				<misses>18041001</misses>
				<total>28</total>
				<timestamp>6848.724979</timestamp>
			</report>
			<report>
				<misses>18042001</misses>
				<total>28</total>
				<timestamp>6849.104608</timestamp>
			</report>
			<report>
				<misses>18043001</misses>
				<total>28</total>
				<timestamp>6849.484276</timestamp>
			</report>
			<report>
				<misses>18044001</misses>
				<total>28</total>
				<timestamp>6849.863859</timestamp>
			</report>
			<report>
				<misses>18045001</misses>
				<total>28</total>
				<timestamp>6850.243461</timestamp>
			</report>
			<report>
				<misses>18046001</misses>
				<total>28</total>
				<timestamp>6850.623110</timestamp>
			</report>
			<report>
				<misses>18047001</misses>
				<total>28</total>
				<timestamp>6851.002719</timestamp>
			</report>
			<report>
				<misses>18048001</misses>
				<total>28</total>
				<timestamp>6851.382305</timestamp>
			</report>
			<report>
				<misses>18049001</misses>
				<total>28</total>
				<timestamp>6851.761938</timestamp>
			</report>
			<report>
				<misses>18050001</misses>
				<total>28</total>
				<timestamp>6852.141569</timestamp>
			</report>
			<report>
				<misses>18051001</misses>
				<total>28</total>
				<timestamp>6852.521217</timestamp>
			</report>
			<report>
				<misses>18052001</misses>
				<total>28</total>
				<timestamp>6852.900810</timestamp>
			</report>
			<report>
				<misses>18053001</misses>
				<total>28</total>
				<timestamp>6853.280414</timestamp>
			</report>
			<report>
				<misses>18054001</misses>
				<total>28</total>
				<timestamp>6853.660048</timestamp>
			</report>
			<report>
				<misses>18055001</misses>
				<total>28</total>
				<timestamp>6854.039663</timestamp>
			</report>
			<report>
				<misses>18056001</misses>
				<total>28</total>
				<timestamp>6854.419314</timestamp>
			</report>
			<report>
				<misses>18057001</misses>
				<total>28</total>
				<timestamp>6854.798907</timestamp>
			</report>
			<report>
				<misses>18058001</misses>
				<total>28</total>
				<timestamp>6855.178527</timestamp>
			</report>
			<report>
				<misses>18059001</misses>
				<total>28</total>
				<timestamp>6855.558177</timestamp>
			</report>
			<report>
				<misses>18060001</misses>
				<total>28</total>
				<timestamp>6855.937775</timestamp>
			</report>
			<report>
				<misses>18061001</misses>
				<total>28</total>
				<timestamp>6856.317389</timestamp>
			</report>
			<report>
				<misses>18062001</misses>
				<total>28</total>
				<timestamp>6856.697019</timestamp>
			</report>
			<report>
				<misses>18063001</misses>
				<total>28</total>
				<timestamp>6857.076620</timestamp>
			</report>
			<report>
				<misses>18064001</misses>
				<total>28</total>
				<timestamp>6857.456263</timestamp>
			</report>
			<report>
				<misses>18065001</misses>
				<total>28</total>
				<timestamp>6857.835869</timestamp>
			</report>
			<report>
				<misses>18066001</misses>
				<total>28</total>
				<timestamp>6858.215487</timestamp>
			</report>
			<report>
				<misses>18067001</misses>
				<total>28</total>
				<timestamp>6858.595129</timestamp>
			</report>
			<report>
				<misses>18068001</misses>
				<total>28</total>
				<timestamp>6858.974712</timestamp>
			</report>
			<report>
				<misses>18069001</misses>
				<total>28</total>
				<timestamp>6859.354354</timestamp>
			</report>
			<report>
				<misses>18070001</misses>
				<total>28</total>
				<timestamp>6859.733974</timestamp>
			</report>
			<report>
				<misses>18071001</misses>
				<total>28</total>
				<timestamp>6860.113581</timestamp>
			</report>
			<report>
				<misses>18072001</misses>
				<total>28</total>
				<timestamp>6860.493226</timestamp>
			</report>
			<report>
				<misses>18073001</misses>
				<total>28</total>
				<timestamp>6860.872841</timestamp>
			</report>
			<report>
				<misses>18074001</misses>
				<total>28</total>
				<timestamp>6861.252453</timestamp>
			</report>
			<report>
				<misses>18075001</misses>
				<total>28</total>
				<timestamp>6861.632059</timestamp>
			</report>
			<report>
				<misses>18076001</misses>
				<total>28</total>
				<timestamp>6862.011701</timestamp>
			</report>
			<report>
				<misses>18077001</misses>
				<total>28</total>
				<timestamp>6862.391336</timestamp>
			</report>
			<report>
				<misses>18078001</misses>
				<total>28</total>
				<timestamp>6862.770908</timestamp>
			</report>
			<report>
				<misses>18079001</misses>
				<total>28</total>
				<timestamp>6863.150541</timestamp>
			</report>
			<report>
				<misses>18080001</misses>
				<total>28</total>
				<timestamp>6863.530200</timestamp>
			</report>
			<report>
				<misses>18081001</misses>
				<total>28</total>
				<timestamp>6863.909815</timestamp>
			</report>
			<report>
				<misses>18082001</misses>
				<total>28</total>
				<timestamp>6864.289388</timestamp>
			</report>
			<report>
				<misses>18083001</misses>
				<total>28</total>
				<timestamp>6864.669064</timestamp>
			</report>
			<report>
				<misses>18084001</misses>
				<total>28</total>
				<timestamp>6865.048658</timestamp>
			</report>
			<report>
				<misses>18085001</misses>
				<total>28</total>
				<timestamp>6865.428300</timestamp>
			</report>
			<report>
				<misses>18086001</misses>
				<total>28</total>
				<timestamp>6865.807883</timestamp>
			</report>
			<report>
				<misses>18087001</misses>
				<total>28</total>
				<timestamp>6866.187511</timestamp>
			</report>
			<report>
				<misses>18088001</misses>
				<total>28</total>
				<timestamp>6866.567147</timestamp>
			</report>
			<report>
				<misses>18089001</misses>
				<total>28</total>
				<timestamp>6866.946735</timestamp>
			</report>
			<report>
				<misses>18090001</misses>
				<total>28</total>
				<timestamp>6867.326359</timestamp>
			</report>
			<report>
				<misses>18091001</misses>
				<total>28</total>
				<timestamp>6867.706005</timestamp>
			</report>
			<report>
				<misses>18092001</misses>
				<total>28</total>
				<timestamp>6868.085608</timestamp>
			</report>
			<report>
				<misses>18093001</misses>
				<total>28</total>
				<timestamp>6868.465251</timestamp>
			</report>
			<report>
				<misses>18094001</misses>
				<total>28</total>
				<timestamp>6868.844852</timestamp>
			</report>
			<report>
				<misses>18095001</misses>
				<total>28</total>
				<timestamp>6869.224501</timestamp>
			</report>
			<report>
				<misses>18096001</misses>
				<total>28</total>
				<timestamp>6869.604091</timestamp>
			</report>
			<report>
				<misses>18097001</misses>
				<total>28</total>
				<timestamp>6869.983699</timestamp>
			</report>
			<report>
				<misses>18098001</misses>
				<total>28</total>
				<timestamp>6870.363330</timestamp>
			</report>
			<report>
				<misses>18099001</misses>
				<total>28</total>
				<timestamp>6870.742935</timestamp>
			</report>
			<report>
				<misses>18100001</misses>
				<total>28</total>
				<timestamp>6871.122569</timestamp>
			</report>
			<report>
				<misses>18101001</misses>
				<total>28</total>
				<timestamp>6871.502192</timestamp>
			</report>
			<report>
				<misses>18102001</misses>
				<total>28</total>
				<timestamp>6871.881795</timestamp>
			</report>
			<report>
				<misses>18103001</misses>
				<total>28</total>
				<timestamp>6872.261411</timestamp>
			</report>
			<report>
				<misses>18104001</misses>
				<total>28</total>
				<timestamp>6872.641054</timestamp>
			</report>
			<report>
				<misses>18105001</misses>
				<total>28</total>
				<timestamp>6873.020663</timestamp>
			</report>
			<report>
				<misses>18106001</misses>
				<total>28</total>
				<timestamp>6873.400345</timestamp>
			</report>
			<report>
				<misses>18107001</misses>
				<total>28</total>
				<timestamp>6873.779900</timestamp>
			</report>
			<report>
				<misses>18108001</misses>
				<total>28</total>
				<timestamp>6874.159526</timestamp>
			</report>
			<report>
				<misses>18109001</misses>
				<total>28</total>
				<timestamp>6874.539179</timestamp>
			</report>
			<report>
				<misses>18110001</misses>
				<total>28</total>
				<timestamp>6874.918779</timestamp>
			</report>
			<report>
				<misses>18111001</misses>
				<total>28</total>
				<timestamp>6875.298401</timestamp>
			</report>
			<report>
				<misses>18112001</misses>
				<total>28</total>
				<timestamp>6875.678017</timestamp>
			</report>
			<report>
				<misses>18113001</misses>
				<total>28</total>
				<timestamp>6876.057632</timestamp>
			</report>
			<report>
				<misses>18114001</misses>
				<total>28</total>
				<timestamp>6876.437248</timestamp>
			</report>
			<report>
				<misses>18115001</misses>
				<total>28</total>
				<timestamp>6876.816899</timestamp>
			</report>
			<report>
				<misses>18116001</misses>
				<total>28</total>
				<timestamp>6877.196462</timestamp>
			</report>
			<report>
				<misses>18117001</misses>
				<total>28</total>
				<timestamp>6877.576111</timestamp>
			</report>
			<report>
				<misses>18118001</misses>
				<total>28</total>
				<timestamp>6877.955731</timestamp>
			</report>
			<report>
				<misses>18119001</misses>
				<total>28</total>
				<timestamp>6878.335381</timestamp>
			</report>
			<report>
				<misses>18120001</misses>
				<total>28</total>
				<timestamp>6878.715002</timestamp>
			</report>
			<report>
				<misses>18121001</misses>
				<total>28</total>
				<timestamp>6879.094592</timestamp>
			</report>
			<report>
				<misses>18122001</misses>
				<total>28</total>
				<timestamp>6879.474193</timestamp>
			</report>
			<report>
				<misses>18123001</misses>
				<total>28</total>
				<timestamp>6879.853847</timestamp>
			</report>
			<report>
				<misses>18124001</misses>
				<total>28</total>
				<timestamp>6880.233440</timestamp>
			</report>
			<report>
				<misses>18125001</misses>
				<total>28</total>
				<timestamp>6880.613148</timestamp>
			</report>
			<report>
				<misses>18126001</misses>
				<total>28</total>
				<timestamp>6880.992687</timestamp>
			</report>
			<report>
				<misses>18127001</misses>
				<total>28</total>
				<timestamp>6881.372331</timestamp>
			</report>
			<report>
				<misses>18128001</misses>
				<total>28</total>
				<timestamp>6881.751929</timestamp>
			</report>
			<report>
				<misses>18129001</misses>
				<total>28</total>
				<timestamp>6882.131554</timestamp>
			</report>
			<report>
				<misses>18130001</misses>
				<total>28</total>
				<timestamp>6882.511175</timestamp>
			</report>
			<report>
				<misses>18131001</misses>
				<total>28</total>
				<timestamp>6882.890804</timestamp>
			</report>
			<report>
				<misses>18132001</misses>
				<total>28</total>
				<timestamp>6883.270397</timestamp>
			</report>
			<report>
				<misses>18133001</misses>
				<total>28</total>
				<timestamp>6883.650061</timestamp>
			</report>
			<report>
				<misses>18134001</misses>
				<total>28</total>
				<timestamp>6884.029631</timestamp>
			</report>
			<report>
				<misses>18135001</misses>
				<total>28</total>
				<timestamp>6884.409285</timestamp>
			</report>
			<report>
				<misses>18136001</misses>
				<total>28</total>
				<timestamp>6884.788922</timestamp>
			</report>
			<report>
				<misses>18137001</misses>
				<total>28</total>
				<timestamp>6885.168536</timestamp>
			</report>
			<report>
				<misses>18138001</misses>
				<total>28</total>
				<timestamp>6885.548108</timestamp>
			</report>
			<report>
				<misses>18139001</misses>
				<total>28</total>
				<timestamp>6885.927747</timestamp>
			</report>
			<report>
				<misses>18140001</misses>
				<total>28</total>
				<timestamp>6886.307390</timestamp>
			</report>
			<report>
				<misses>18141001</misses>
				<total>28</total>
				<timestamp>6886.687002</timestamp>
			</report>
			<report>
				<misses>18142001</misses>
				<total>28</total>
				<timestamp>6887.066604</timestamp>
			</report>
			<report>
				<misses>18143001</misses>
				<total>28</total>
				<timestamp>6887.446226</timestamp>
			</report>
			<report>
				<misses>18144001</misses>
				<total>28</total>
				<timestamp>6887.825869</timestamp>
			</report>
			<report>
				<misses>18145001</misses>
				<total>28</total>
				<timestamp>6888.205474</timestamp>
			</report>
			<report>
				<misses>18146001</misses>
				<total>28</total>
				<timestamp>6888.585087</timestamp>
			</report>
			<report>
				<misses>18147001</misses>
				<total>28</total>
				<timestamp>6888.964708</timestamp>
			</report>
			<report>
				<misses>18148001</misses>
				<total>28</total>
				<timestamp>6889.344325</timestamp>
			</report>
			<report>
				<misses>18149001</misses>
				<total>28</total>
				<timestamp>6889.723955</timestamp>
			</report>
			<report>
				<misses>18150001</misses>
				<total>28</total>
				<timestamp>6890.103561</timestamp>
			</report>
			<report>
				<misses>18151001</misses>
				<total>28</total>
				<timestamp>6890.483183</timestamp>
			</report>
			<report>
				<misses>18152001</misses>
				<total>28</total>
				<timestamp>6890.862805</timestamp>
			</report>
			<report>
				<misses>18153001</misses>
				<total>28</total>
				<timestamp>6891.242442</timestamp>
			</report>
			<report>
				<misses>18154001</misses>
				<total>28</total>
				<timestamp>6891.622086</timestamp>
			</report>
			<report>
				<misses>18155001</misses>
				<total>28</total>
				<timestamp>6892.001664</timestamp>
			</report>
			<report>
				<misses>18156001</misses>
				<total>28</total>
				<timestamp>6892.381300</timestamp>
			</report>
			<report>
				<misses>18157001</misses>
				<total>28</total>
				<timestamp>6892.760917</timestamp>
			</report>
			<report>
				<misses>18158001</misses>
				<total>28</total>
				<timestamp>6893.140525</timestamp>
			</report>
			<report>
				<misses>18159001</misses>
				<total>28</total>
				<timestamp>6893.520140</timestamp>
			</report>
			<report>
				<misses>18160001</misses>
				<total>28</total>
				<timestamp>6893.899798</timestamp>
			</report>
			<report>
				<misses>18161001</misses>
				<total>28</total>
				<timestamp>6894.279403</timestamp>
			</report>
			<report>
				<misses>18162001</misses>
				<total>28</total>
				<timestamp>6894.659028</timestamp>
			</report>
			<report>
				<misses>18163001</misses>
				<total>28</total>
				<timestamp>6895.038620</timestamp>
			</report>
			<report>
				<misses>18164001</misses>
				<total>28</total>
				<timestamp>6895.418249</timestamp>
			</report>
			<report>
				<misses>18165001</misses>
				<total>28</total>
				<timestamp>6895.797894</timestamp>
			</report>
			<report>
				<misses>18166001</misses>
				<total>28</total>
				<timestamp>6896.177498</timestamp>
			</report>
			<report>
				<misses>18167001</misses>
				<total>28</total>
				<timestamp>6896.557105</timestamp>
			</report>
			<report>
				<misses>18168001</misses>
				<total>28</total>
				<timestamp>6896.936721</timestamp>
			</report>
			<report>
				<misses>18169001</misses>
				<total>28</total>
				<timestamp>6897.316390</timestamp>
			</report>
			<report>
				<misses>18170001</misses>
				<total>28</total>
				<timestamp>6897.695986</timestamp>
			</report>
			<report>
				<misses>18171001</misses>
				<total>28</total>
				<timestamp>6898.075609</timestamp>
			</report>
			<report>
				<misses>18172001</misses>
				<total>28</total>
				<timestamp>6898.455220</timestamp>
			</report>
			<report>
				<misses>18173001</misses>
				<total>28</total>
				<timestamp>6898.834867</timestamp>
			</report>
			<report>
				<misses>18174001</misses>
				<total>28</total>
				<timestamp>6899.214441</timestamp>
			</report>
			<report>
				<misses>18175001</misses>
				<total>28</total>
				<timestamp>6899.594059</timestamp>
			</report>
			<report>
				<misses>18176001</misses>
				<total>28</total>
				<timestamp>6899.973691</timestamp>
			</report>
			<report>
				<misses>18177001</misses>
				<total>28</total>
				<timestamp>6900.353308</timestamp>
			</report>
			<report>
				<misses>18178001</misses>
				<total>28</total>
				<timestamp>6900.732946</timestamp>
			</report>
			<report>
				<misses>18179001</misses>
				<total>28</total>
				<timestamp>6901.112537</timestamp>
			</report>
			<report>
				<misses>18180001</misses>
				<total>28</total>
				<timestamp>6901.492156</timestamp>
			</report>
			<report>
				<misses>18181001</misses>
				<total>28</total>
				<timestamp>6901.871785</timestamp>
			</report>
			<report>
				<misses>18182001</misses>
				<total>28</total>
				<timestamp>6902.251413</timestamp>
			</report>
			<report>
				<misses>18183001</misses>
				<total>28</total>
				<timestamp>6902.631038</timestamp>
			</report>
			<report>
				<misses>18184001</misses>
				<total>28</total>
				<timestamp>6903.010749</timestamp>
			</report>
			<report>
				<misses>18185001</misses>
				<total>28</total>
				<timestamp>6903.390278</timestamp>
			</report>
			<report>
				<misses>18186001</misses>
				<total>28</total>
				<timestamp>6903.769907</timestamp>
			</report>
			<report>
				<misses>18187001</misses>
				<total>28</total>
				<timestamp>6904.149500</timestamp>
			</report>
			<report>
				<misses>18188001</misses>
				<total>28</total>
				<timestamp>6904.529164</timestamp>
			</report>
			<report>
				<misses>18189001</misses>
				<total>28</total>
				<timestamp>6904.908737</timestamp>
			</report>
			<report>
				<misses>18190001</misses>
				<total>28</total>
				<timestamp>6905.288360</timestamp>
			</report>
			<report>
				<misses>18191001</misses>
				<total>28</total>
				<timestamp>6905.668007</timestamp>
			</report>
			<report>
				<misses>18192001</misses>
				<total>28</total>
				<timestamp>6906.047593</timestamp>
			</report>
			<report>
				<misses>18193001</misses>
				<total>28</total>
				<timestamp>6906.427262</timestamp>
			</report>
			<report>
				<misses>18194001</misses>
				<total>28</total>
				<timestamp>6906.806881</timestamp>
			</report>
			<report>
				<misses>18195001</misses>
				<total>28</total>
				<timestamp>6907.186466</timestamp>
			</report>
			<report>
				<misses>18196001</misses>
				<total>28</total>
				<timestamp>6907.566076</timestamp>
			</report>
			<report>
				<misses>18197001</misses>
				<total>28</total>
				<timestamp>6907.945705</timestamp>
			</report>
			<report>
				<misses>18198001</misses>
				<total>28</total>
				<timestamp>6908.325348</timestamp>
			</report>
			<report>
				<misses>18199001</misses>
				<total>28</total>
				<timestamp>6908.704997</timestamp>
			</report>
			<report>
				<misses>18200001</misses>
				<total>28</total>
				<timestamp>6909.084567</timestamp>
			</report>
			<report>
				<misses>18201001</misses>
				<total>28</total>
				<timestamp>6909.464202</timestamp>
			</report>
			<report>
				<misses>18202001</misses>
				<total>28</total>
				<timestamp>6909.843831</timestamp>
			</report>
			<report>
				<misses>18203001</misses>
				<total>28</total>
				<timestamp>6910.223422</timestamp>
			</report>
			<report>
				<misses>18204001</misses>
				<total>28</total>
				<timestamp>6910.603085</timestamp>
			</report>
			<report>
				<misses>18205001</misses>
				<total>28</total>
				<timestamp>6910.982661</timestamp>
			</report>
			<report>
				<misses>18206001</misses>
				<total>28</total>
				<timestamp>6911.362316</timestamp>
			</report>
			<report>
				<misses>18207001</misses>
				<total>28</total>
				<timestamp>6911.741947</timestamp>
			</report>
			<report>
				<misses>18208001</misses>
				<total>28</total>
				<timestamp>6912.121522</timestamp>
			</report>
			<report>
				<misses>18209001</misses>
				<total>28</total>
				<timestamp>6912.501140</timestamp>
			</report>
			<report>
				<misses>18210001</misses>
				<total>28</total>
				<timestamp>6912.880805</timestamp>
			</report>
			<report>
				<misses>18211001</misses>
				<total>28</total>
				<timestamp>6913.260404</timestamp>
			</report>
			<report>
				<misses>18212001</misses>
				<total>28</total>
				<timestamp>6913.640016</timestamp>
			</report>
			<report>
				<misses>18213001</misses>
				<total>28</total>
				<timestamp>6914.019657</timestamp>
			</report>
			<report>
				<misses>18214001</misses>
				<total>28</total>
				<timestamp>6914.399271</timestamp>
			</report>
			<report>
				<misses>18215001</misses>
				<total>28</total>
				<timestamp>6914.778913</timestamp>
			</report>
			<report>
				<misses>18216001</misses>
				<total>28</total>
				<timestamp>6915.158482</timestamp>
			</report>
			<report>
				<misses>18217001</misses>
				<total>28</total>
				<timestamp>6915.538099</timestamp>
			</report>
			<report>
				<misses>18218001</misses>
				<total>28</total>
				<timestamp>6915.917755</timestamp>
			</report>
			<report>
				<misses>18219001</misses>
				<total>28</total>
				<timestamp>6916.297365</timestamp>
			</report>
			<report>
				<misses>18220001</misses>
				<total>28</total>
				<timestamp>6916.676953</timestamp>
			</report>
			<report>
				<misses>18221001</misses>
				<total>28</total>
				<timestamp>6917.056570</timestamp>
			</report>
			<report>
				<misses>18222001</misses>
				<total>28</total>
				<timestamp>6917.436210</timestamp>
			</report>
			<report>
				<misses>18223001</misses>
				<total>28</total>
				<timestamp>6917.815853</timestamp>
			</report>
			<report>
				<misses>18224001</misses>
				<total>28</total>
				<timestamp>6918.195451</timestamp>
			</report>
			<report>
				<misses>18225001</misses>
				<total>28</total>
				<timestamp>6918.575055</timestamp>
			</report>
			<report>
				<misses>18226001</misses>
				<total>28</total>
				<timestamp>6918.954711</timestamp>
			</report>
			<report>
				<misses>18227001</misses>
				<total>28</total>
				<timestamp>6919.334301</timestamp>
			</report>
			<report>
				<misses>18228001</misses>
				<total>28</total>
				<timestamp>6919.713967</timestamp>
			</report>
			<report>
				<misses>18229001</misses>
				<total>28</total>
				<timestamp>6920.093551</timestamp>
			</report>
			<report>
				<misses>18230001</misses>
				<total>28</total>
				<timestamp>6920.473156</timestamp>
			</report>
			<report>
				<misses>18231001</misses>
				<total>28</total>
				<timestamp>6920.852773</timestamp>
			</report>
			<report>
				<misses>18232001</misses>
				<total>28</total>
				<timestamp>6921.232405</timestamp>
			</report>
			<report>
				<misses>18233001</misses>
				<total>28</total>
				<timestamp>6921.612067</timestamp>
			</report>
			<report>
				<misses>18234001</misses>
				<total>28</total>
				<timestamp>6921.991695</timestamp>
			</report>
			<report>
				<misses>18235001</misses>
				<total>28</total>
				<timestamp>6922.371273</timestamp>
			</report>
			<report>
				<misses>18236001</misses>
				<total>28</total>
				<timestamp>6922.750917</timestamp>
			</report>
			<report>
				<misses>18237001</misses>
				<total>28</total>
				<timestamp>6923.130489</timestamp>
			</report>
			<report>
				<misses>18238001</misses>
				<total>28</total>
				<timestamp>6923.510122</timestamp>
			</report>
			<report>
				<misses>18239001</misses>
				<total>28</total>
				<timestamp>6923.889757</timestamp>
			</report>
			<report>
				<misses>18240001</misses>
				<total>28</total>
				<timestamp>6924.269383</timestamp>
			</report>
			<report>
				<misses>18241001</misses>
				<total>28</total>
				<timestamp>6924.649017</timestamp>
			</report>
			<report>
				<misses>18242001</misses>
				<total>28</total>
				<timestamp>6925.028733</timestamp>
			</report>
			<report>
				<misses>18243001</misses>
				<total>28</total>
				<timestamp>6925.408251</timestamp>
			</report>
			<report>
				<misses>18244001</misses>
				<total>28</total>
				<timestamp>6925.787840</timestamp>
			</report>
			<report>
				<misses>18245001</misses>
				<total>28</total>
				<timestamp>6926.167504</timestamp>
			</report>
			<report>
				<misses>18246001</misses>
				<total>28</total>
				<timestamp>6926.547091</timestamp>
			</report>
			<report>
				<misses>18247001</misses>
				<total>28</total>
				<timestamp>6926.926723</timestamp>
			</report>
			<report>
				<misses>18248001</misses>
				<total>28</total>
				<timestamp>6927.306333</timestamp>
			</report>
			<report>
				<misses>18249001</misses>
				<total>28</total>
				<timestamp>6927.685951</timestamp>
			</report>
			<report>
				<misses>18250001</misses>
				<total>28</total>
				<timestamp>6928.065590</timestamp>
			</report>
			<report>
				<misses>18251001</misses>
				<total>28</total>
				<timestamp>6928.445185</timestamp>
			</report>
			<report>
				<misses>18252001</misses>
				<total>28</total>
				<timestamp>6928.824875</timestamp>
			</report>
			<report>
				<misses>18253001</misses>
				<total>28</total>
				<timestamp>6929.204430</timestamp>
			</report>
			<report>
				<misses>18254001</misses>
				<total>28</total>
				<timestamp>6929.584055</timestamp>
			</report>
			<report>
				<misses>18255001</misses>
				<total>28</total>
				<timestamp>6929.963701</timestamp>
			</report>
			<report>
				<misses>18256001</misses>
				<total>28</total>
				<timestamp>6930.343279</timestamp>
			</report>
			<report>
				<misses>18257001</misses>
				<total>28</total>
				<timestamp>6930.722950</timestamp>
			</report>
			<report>
				<misses>18258001</misses>
				<total>28</total>
				<timestamp>6931.102529</timestamp>
			</report>
			<report>
				<misses>18259001</misses>
				<total>28</total>
				<timestamp>6931.482151</timestamp>
			</report>
			<report>
				<misses>18260001</misses>
				<total>28</total>
				<timestamp>6931.861777</timestamp>
			</report>
			<report>
				<misses>18261001</misses>
				<total>28</total>
				<timestamp>6932.241403</timestamp>
			</report>
			<report>
				<misses>18262001</misses>
				<total>28</total>
				<timestamp>6932.621003</timestamp>
			</report>
			<report>
				<misses>18263001</misses>
				<total>28</total>
				<timestamp>6933.000691</timestamp>
			</report>
			<report>
				<misses>18264001</misses>
				<total>28</total>
				<timestamp>6933.380265</timestamp>
			</report>
			<report>
				<misses>18265001</misses>
				<total>28</total>
				<timestamp>6933.759899</timestamp>
			</report>
			<report>
				<misses>18266001</misses>
				<total>28</total>
				<timestamp>6934.139477</timestamp>
			</report>
			<report>
				<misses>18267001</misses>
				<total>28</total>
				<timestamp>6934.519097</timestamp>
			</report>
			<report>
				<misses>18268001</misses>
				<total>28</total>
				<timestamp>6934.898754</timestamp>
			</report>
			<report>
				<misses>18269001</misses>
				<total>28</total>
				<timestamp>6935.278348</timestamp>
			</report>
			<report>
				<misses>18270001</misses>
				<total>28</total>
				<timestamp>6935.657981</timestamp>
			</report>
			<report>
				<misses>18271001</misses>
				<total>28</total>
				<timestamp>6936.037622</timestamp>
			</report>
			<report>
				<misses>18272001</misses>
				<total>28</total>
				<timestamp>6936.417212</timestamp>
			</report>
			<report>
				<misses>18273001</misses>
				<total>28</total>
				<timestamp>6936.796824</timestamp>
			</report>
			<report>
				<misses>18274001</misses>
				<total>28</total>
				<timestamp>6937.176433</timestamp>
			</report>
			<report>
				<misses>18275001</misses>
				<total>28</total>
				<timestamp>6937.556056</timestamp>
			</report>
			<report>
				<misses>18276001</misses>
				<total>28</total>
				<timestamp>6937.935692</timestamp>
			</report>
			<report>
				<misses>18277001</misses>
				<total>28</total>
				<timestamp>6938.315303</timestamp>
			</report>
			<report>
				<misses>18278001</misses>
				<total>28</total>
				<timestamp>6938.694947</timestamp>
			</report>
			<report>
				<misses>18279001</misses>
				<total>28</total>
				<timestamp>6939.074540</timestamp>
			</report>
			<report>
				<misses>18280001</misses>
				<total>28</total>
				<timestamp>6939.454174</timestamp>
			</report>
			<report>
				<misses>18281001</misses>
				<total>28</total>
				<timestamp>6939.833803</timestamp>
			</report>
			<report>
				<misses>18282001</misses>
				<total>28</total>
				<timestamp>6940.213396</timestamp>
			</report>
			<report>
				<misses>18283001</misses>
				<total>28</total>
				<timestamp>6940.593031</timestamp>
			</report>
			<report>
				<misses>18284001</misses>
				<total>28</total>
				<timestamp>6940.972638</timestamp>
			</report>
			<report>
				<misses>18285001</misses>
				<total>29</total>
				<timestamp>6941.352275</timestamp>
			</report>
			<report>
				<misses>18286001</misses>
				<total>29</total>
				<timestamp>6941.731896</timestamp>
			</report>
			<report>
				<misses>18287001</misses>
				<total>29</total>
				<timestamp>6942.111512</timestamp>
			</report>
			<report>
				<misses>18288001</misses>
				<total>29</total>
				<timestamp>6942.491119</timestamp>
			</report>
			<report>
				<misses>18289001</misses>
				<total>29</total>
				<timestamp>6942.870778</timestamp>
			</report>
			<report>
				<misses>18290001</misses>
				<total>29</total>
				<timestamp>6943.250393</timestamp>
			</report>
			<report>
				<misses>18291001</misses>
				<total>29</total>
				<timestamp>6943.629970</timestamp>
			</report>
			<report>
				<misses>18292001</misses>
				<total>29</total>
				<timestamp>6944.009606</timestamp>
			</report>
			<report>
				<misses>18293001</misses>
				<total>29</total>
				<timestamp>6944.389246</timestamp>
			</report>
			<report>
				<misses>18294001</misses>
				<total>29</total>
				<timestamp>6944.768866</timestamp>
			</report>
			<report>
				<misses>18295001</misses>
				<total>29</total>
				<timestamp>6945.148492</timestamp>
			</report>
			<report>
				<misses>18296001</misses>
				<total>29</total>
				<timestamp>6945.528083</timestamp>
			</report>
			<report>
				<misses>18297001</misses>
				<total>29</total>
				<timestamp>6945.907719</timestamp>
			</report>
			<report>
				<misses>18298001</misses>
				<total>29</total>
				<timestamp>6946.287322</timestamp>
			</report>
			<report>
				<misses>18299001</misses>
				<total>29</total>
				<timestamp>6946.666965</timestamp>
			</report>
			<report>
				<misses>18300001</misses>
				<total>29</total>
				<timestamp>6947.046580</timestamp>
			</report>
			<report>
				<misses>18301001</misses>
				<total>29</total>
				<timestamp>6947.426222</timestamp>
			</report>
			<report>
				<misses>18302001</misses>
				<total>29</total>
				<timestamp>6947.805834</timestamp>
			</report>
			<report>
				<misses>18303001</misses>
				<total>29</total>
				<timestamp>6948.185409</timestamp>
			</report>
			<report>
				<misses>18304001</misses>
				<total>29</total>
				<timestamp>6948.565053</timestamp>
			</report>
			<report>
				<misses>18305001</misses>
				<total>29</total>
				<timestamp>6948.944693</timestamp>
			</report>
			<report>
				<misses>18306001</misses>
				<total>29</total>
				<timestamp>6949.324277</timestamp>
			</report>
			<report>
				<misses>18307001</misses>
				<total>29</total>
				<timestamp>6949.703909</timestamp>
			</report>
			<report>
				<misses>18308001</misses>
				<total>29</total>
				<timestamp>6950.083559</timestamp>
			</report>
			<report>
				<misses>18309001</misses>
				<total>29</total>
				<timestamp>6950.463140</timestamp>
			</report>
			<report>
				<misses>18310001</misses>
				<total>29</total>
				<timestamp>6950.842835</timestamp>
			</report>
			<report>
				<misses>18311001</misses>
				<total>29</total>
				<timestamp>6951.222403</timestamp>
			</report>
			<report>
				<misses>18312001</misses>
				<total>29</total>
				<timestamp>6951.602032</timestamp>
			</report>
			<report>
				<misses>18313001</misses>
				<total>29</total>
				<timestamp>6951.981675</timestamp>
			</report>
			<report>
				<misses>18314001</misses>
				<total>29</total>
				<timestamp>6952.361255</timestamp>
			</report>
			<report>
				<misses>18315001</misses>
				<total>29</total>
				<timestamp>6952.740928</timestamp>
			</report>
			<report>
				<misses>18316001</misses>
				<total>29</total>
				<timestamp>6953.120520</timestamp>
			</report>
			<report>
				<misses>18317001</misses>
				<total>29</total>
				<timestamp>6953.500096</timestamp>
			</report>
			<report>
				<misses>18318001</misses>
				<total>29</total>
				<timestamp>6953.879730</timestamp>
			</report>
			<report>
				<misses>18319001</misses>
				<total>29</total>
				<timestamp>6954.259341</timestamp>
			</report>
			<report>
				<misses>18320001</misses>
				<total>29</total>
				<timestamp>6954.638983</timestamp>
			</report>
			<report>
				<misses>18321001</misses>
				<total>29</total>
				<timestamp>6955.018573</timestamp>
			</report>
			<report>
				<misses>18322001</misses>
				<total>29</total>
				<timestamp>6955.398199</timestamp>
			</report>
			<report>
				<misses>18323001</misses>
				<total>29</total>
				<timestamp>6955.777830</timestamp>
			</report>
			<report>
				<misses>18324001</misses>
				<total>29</total>
				<timestamp>6956.157473</timestamp>
			</report>
			<report>
				<misses>18325001</misses>
				<total>29</total>
				<timestamp>6956.537071</timestamp>
			</report>
			<report>
				<misses>18326001</misses>
				<total>29</total>
				<timestamp>6956.916686</timestamp>
			</report>
			<report>
				<misses>18327001</misses>
				<total>29</total>
				<timestamp>6957.296319</timestamp>
			</report>
			<report>
				<misses>18328001</misses>
				<total>29</total>
				<timestamp>6957.675959</timestamp>
			</report>
			<report>
				<misses>18329001</misses>
				<total>29</total>
				<timestamp>6958.055560</timestamp>
			</report>
			<report>
				<misses>18330001</misses>
				<total>29</total>
				<timestamp>6958.435173</timestamp>
			</report>
			<report>
				<misses>18331001</misses>
				<total>29</total>
				<timestamp>6958.814789</timestamp>
			</report>
			<report>
				<misses>18332001</misses>
				<total>29</total>
				<timestamp>6959.194412</timestamp>
			</report>
			<report>
				<misses>18333001</misses>
				<total>29</total>
				<timestamp>6959.574024</timestamp>
			</report>
			<report>
				<misses>18334001</misses>
				<total>29</total>
				<timestamp>6959.953656</timestamp>
			</report>
			<report>
				<misses>18335001</misses>
				<total>29</total>
				<timestamp>6960.333265</timestamp>
			</report>
			<report>
				<misses>18336001</misses>
				<total>29</total>
				<timestamp>6960.712896</timestamp>
			</report>
			<report>
				<misses>18337001</misses>
				<total>29</total>
				<timestamp>6961.092544</timestamp>
			</report>
			<report>
				<misses>18338001</misses>
				<total>29</total>
				<timestamp>6961.472172</timestamp>
			</report>
			<report>
				<misses>18339001</misses>
				<total>29</total>
				<timestamp>6961.851747</timestamp>
			</report>
			<report>
				<misses>18340001</misses>
				<total>29</total>
				<timestamp>6962.231381</timestamp>
			</report>
			<report>
				<misses>18341001</misses>
				<total>29</total>
				<timestamp>6962.610991</timestamp>
			</report>
			<report>
				<misses>18342001</misses>
				<total>29</total>
				<timestamp>6962.990601</timestamp>
			</report>
			<report>
				<misses>18343001</misses>
				<total>29</total>
				<timestamp>6963.370234</timestamp>
			</report>
			<report>
				<misses>18344001</misses>
				<total>29</total>
				<timestamp>6963.749837</timestamp>
			</report>
			<report>
				<misses>18345001</misses>
				<total>29</total>
				<timestamp>6964.129460</timestamp>
			</report>
			<report>
				<misses>18346001</misses>
				<total>29</total>
				<timestamp>6964.509078</timestamp>
			</report>
			<report>
				<misses>18347001</misses>
				<total>29</total>
				<timestamp>6964.888729</timestamp>
			</report>
			<report>
				<misses>18348001</misses>
				<total>29</total>
				<timestamp>6965.268320</timestamp>
			</report>
			<report>
				<misses>18349001</misses>
				<total>29</total>
				<timestamp>6965.647937</timestamp>
			</report>
			<report>
				<misses>18350001</misses>
				<total>29</total>
				<timestamp>6966.027588</timestamp>
			</report>
			<report>
				<misses>18351001</misses>
				<total>29</total>
				<timestamp>6966.407218</timestamp>
			</report>
			<report>
				<misses>18352001</misses>
				<total>29</total>
				<timestamp>6966.786826</timestamp>
			</report>
			<report>
				<misses>18353001</misses>
				<total>29</total>
				<timestamp>6967.166479</timestamp>
			</report>
			<report>
				<misses>18354001</misses>
				<total>29</total>
				<timestamp>6967.546035</timestamp>
			</report>
			<report>
				<misses>18355001</misses>
				<total>29</total>
				<timestamp>6967.925654</timestamp>
			</report>
			<report>
				<misses>18356001</misses>
				<total>29</total>
				<timestamp>6968.305289</timestamp>
			</report>
			<report>
				<misses>18357001</misses>
				<total>29</total>
				<timestamp>6968.684887</timestamp>
			</report>
			<report>
				<misses>18358001</misses>
				<total>29</total>
				<timestamp>6969.064524</timestamp>
			</report>
			<report>
				<misses>18359001</misses>
				<total>29</total>
				<timestamp>6969.444133</timestamp>
			</report>
			<report>
				<misses>18360001</misses>
				<total>29</total>
				<timestamp>6969.823795</timestamp>
			</report>
			<report>
				<misses>18361001</misses>
				<total>29</total>
				<timestamp>6970.203428</timestamp>
			</report>
			<report>
				<misses>18362001</misses>
				<total>29</total>
				<timestamp>6970.582999</timestamp>
			</report>
			<report>
				<misses>18363001</misses>
				<total>29</total>
				<timestamp>6970.962620</timestamp>
			</report>
			<report>
				<misses>18364001</misses>
				<total>29</total>
				<timestamp>6971.342252</timestamp>
			</report>
			<report>
				<misses>18365001</misses>
				<total>29</total>
				<timestamp>6971.721866</timestamp>
			</report>
			<report>
				<misses>18366001</misses>
				<total>29</total>
				<timestamp>6972.101527</timestamp>
			</report>
			<report>
				<misses>18367001</misses>
				<total>29</total>
				<timestamp>6972.481102</timestamp>
			</report>
			<report>
				<misses>18368001</misses>
				<total>29</total>
				<timestamp>6972.860755</timestamp>
			</report>
			<report>
				<misses>18369001</misses>
				<total>29</total>
				<timestamp>6973.240357</timestamp>
			</report>
			<report>
				<misses>18370001</misses>
				<total>29</total>
				<timestamp>6973.619962</timestamp>
			</report>
			<report>
				<misses>18371001</misses>
				<total>29</total>
				<timestamp>6973.999584</timestamp>
			</report>
			<report>
				<misses>18372001</misses>
				<total>29</total>
				<timestamp>6974.379193</timestamp>
			</report>
			<report>
				<misses>18373001</misses>
				<total>29</total>
				<timestamp>6974.758815</timestamp>
			</report>
			<report>
				<misses>18374001</misses>
				<total>29</total>
				<timestamp>6975.138464</timestamp>
			</report>
			<report>
				<misses>18375001</misses>
				<total>29</total>
				<timestamp>6975.518054</timestamp>
			</report>
			<report>
				<misses>18376001</misses>
				<total>29</total>
				<timestamp>6975.897704</timestamp>
			</report>
			<report>
				<misses>18377001</misses>
				<total>29</total>
				<timestamp>6976.277349</timestamp>
			</report>
			<report>
				<misses>18378001</misses>
				<total>29</total>
				<timestamp>6976.656932</timestamp>
			</report>
			<report>
				<misses>18379001</misses>
				<total>29</total>
				<timestamp>6977.036552</timestamp>
			</report>
			<report>
				<misses>18380001</misses>
				<total>29</total>
				<timestamp>6977.416158</timestamp>
			</report>
			<report>
				<misses>18381001</misses>
				<total>29</total>
				<timestamp>6977.795798</timestamp>
			</report>
			<report>
				<misses>18382001</misses>
				<total>29</total>
				<timestamp>6978.175439</timestamp>
			</report>
			<report>
				<misses>18383001</misses>
				<total>29</total>
				<timestamp>6978.555030</timestamp>
			</report>
			<report>
				<misses>18384001</misses>
				<total>29</total>
				<timestamp>6978.934634</timestamp>
			</report>
			<report>
				<misses>18385001</misses>
				<total>29</total>
				<timestamp>6979.314298</timestamp>
			</report>
			<report>
				<misses>18386001</misses>
				<total>29</total>
				<timestamp>6979.693908</timestamp>
			</report>
			<report>
				<misses>18387001</misses>
				<total>29</total>
				<timestamp>6980.073539</timestamp>
			</report>
			<report>
				<misses>18388001</misses>
				<total>29</total>
				<timestamp>6980.453126</timestamp>
			</report>
			<report>
				<misses>18389001</misses>
				<total>29</total>
				<timestamp>6980.832733</timestamp>
			</report>
			<report>
				<misses>18390001</misses>
				<total>29</total>
				<timestamp>6981.212385</timestamp>
			</report>
			<report>
				<misses>18391001</misses>
				<total>29</total>
				<timestamp>6981.591994</timestamp>
			</report>
			<report>
				<misses>18392001</misses>
				<total>29</total>
				<timestamp>6981.971593</timestamp>
			</report>
			<report>
				<misses>18393001</misses>
				<total>29</total>
				<timestamp>6982.351242</timestamp>
			</report>
			<report>
				<misses>18394001</misses>
				<total>29</total>
				<timestamp>6982.730835</timestamp>
			</report>
			<report>
				<misses>18395001</misses>
				<total>29</total>
				<timestamp>6983.110495</timestamp>
			</report>
			<report>
				<misses>18396001</misses>
				<total>29</total>
				<timestamp>6983.490088</timestamp>
			</report>
			<report>
				<misses>18397001</misses>
				<total>29</total>
				<timestamp>6983.869710</timestamp>
			</report>
			<report>
				<misses>18398001</misses>
				<total>29</total>
				<timestamp>6984.249371</timestamp>
			</report>
			<report>
				<misses>18399001</misses>
				<total>29</total>
				<timestamp>6984.628954</timestamp>
			</report>
			<report>
				<misses>18400001</misses>
				<total>29</total>
				<timestamp>6985.008587</timestamp>
			</report>
			<report>
				<misses>18401001</misses>
				<total>29</total>
				<timestamp>6985.388181</timestamp>
			</report>
			<report>
				<misses>18402001</misses>
				<total>29</total>
				<timestamp>6985.767799</timestamp>
			</report>
			<report>
				<misses>18403001</misses>
				<total>29</total>
				<timestamp>6986.147451</timestamp>
			</report>
			<report>
				<misses>18404001</misses>
				<total>29</total>
				<timestamp>6986.527033</timestamp>
			</report>
			<report>
				<misses>18405001</misses>
				<total>29</total>
				<timestamp>6986.906692</timestamp>
			</report>
			<report>
				<misses>18406001</misses>
				<total>29</total>
				<timestamp>6987.286349</timestamp>
			</report>
			<report>
				<misses>18407001</misses>
				<total>29</total>
				<timestamp>6987.665905</timestamp>
			</report>
			<report>
				<misses>18408001</misses>
				<total>29</total>
				<timestamp>6988.045523</timestamp>
			</report>
			<report>
				<misses>18409001</misses>
				<total>29</total>
				<timestamp>6988.425143</timestamp>
			</report>
			<report>
				<misses>18410001</misses>
				<total>29</total>
				<timestamp>6988.804774</timestamp>
			</report>
			<report>
				<misses>18411001</misses>
				<total>29</total>
				<timestamp>6989.184403</timestamp>
			</report>
			<report>
				<misses>18412001</misses>
				<total>29</total>
				<timestamp>6989.563993</timestamp>
			</report>
			<report>
				<misses>18413001</misses>
				<total>29</total>
				<timestamp>6989.943688</timestamp>
			</report>
			<report>
				<misses>18414001</misses>
				<total>29</total>
				<timestamp>6990.323305</timestamp>
			</report>
			<report>
				<misses>18415001</misses>
				<total>29</total>
				<timestamp>6990.702858</timestamp>
			</report>
			<report>
				<misses>18416001</misses>
				<total>29</total>
				<timestamp>6991.082472</timestamp>
			</report>
			<report>
				<misses>18417001</misses>
				<total>29</total>
				<timestamp>6991.462120</timestamp>
			</report>
			<report>
				<misses>18418001</misses>
				<total>29</total>
				<timestamp>6991.841797</timestamp>
			</report>
			<report>
				<misses>18419001</misses>
				<total>29</total>
				<timestamp>6992.221347</timestamp>
			</report>
			<report>
				<misses>18420001</misses>
				<total>29</total>
				<timestamp>6992.600961</timestamp>
			</report>
			<report>
				<misses>18421001</misses>
				<total>29</total>
				<timestamp>6992.980576</timestamp>
			</report>
			<report>
				<misses>18422001</misses>
				<total>29</total>
				<timestamp>6993.360321</timestamp>
			</report>
			<report>
				<misses>18423001</misses>
				<total>29</total>
				<timestamp>6993.739824</timestamp>
			</report>
			<report>
				<misses>18424001</misses>
				<total>29</total>
				<timestamp>6994.119458</timestamp>
			</report>
			<report>
				<misses>18425001</misses>
				<total>29</total>
				<timestamp>6994.499056</timestamp>
			</report>
			<report>
				<misses>18426001</misses>
				<total>29</total>
				<timestamp>6994.878701</timestamp>
			</report>
			<report>
				<misses>18427001</misses>
				<total>29</total>
				<timestamp>6995.258314</timestamp>
			</report>
			<report>
				<misses>18428001</misses>
				<total>29</total>
				<timestamp>6995.637929</timestamp>
			</report>
			<report>
				<misses>18429001</misses>
				<total>29</total>
				<timestamp>6996.017567</timestamp>
			</report>
			<report>
				<misses>18430001</misses>
				<total>29</total>
				<timestamp>6996.397175</timestamp>
			</report>
			<report>
				<misses>18431001</misses>
				<total>29</total>
				<timestamp>6996.776775</timestamp>
			</report>
			<report>
				<misses>18432001</misses>
				<total>29</total>
				<timestamp>6997.156435</timestamp>
			</report>
			<report>
				<misses>18433001</misses>
				<total>29</total>
				<timestamp>6997.536056</timestamp>
			</report>
			<report>
				<misses>18434001</misses>
				<total>29</total>
				<timestamp>6997.915671</timestamp>
			</report>
			<report>
				<misses>18435001</misses>
				<total>29</total>
				<timestamp>6998.295293</timestamp>
			</report>
			<report>
				<misses>18436001</misses>
				<total>29</total>
				<timestamp>6998.674901</timestamp>
			</report>
			<report>
				<misses>18437001</misses>
				<total>29</total>
				<timestamp>6999.054502</timestamp>
			</report>
			<report>
				<misses>18438001</misses>
				<total>29</total>
				<timestamp>6999.434115</timestamp>
			</report>
			<report>
				<misses>18439001</misses>
				<total>29</total>
				<timestamp>6999.813731</timestamp>
			</report>
			<report>
				<misses>18440001</misses>
				<total>29</total>
				<timestamp>7000.193395</timestamp>
			</report>
			<report>
				<misses>18441001</misses>
				<total>29</total>
				<timestamp>7000.572981</timestamp>
			</report>
			<report>
				<misses>18442001</misses>
				<total>29</total>
				<timestamp>7000.952592</timestamp>
			</report>
			<report>
				<misses>18443001</misses>
				<total>29</total>
				<timestamp>7001.332271</timestamp>
			</report>
			<report>
				<misses>18444001</misses>
				<total>29</total>
				<timestamp>7001.711845</timestamp>
			</report>
			<report>
				<misses>18445001</misses>
				<total>29</total>
				<timestamp>7002.091457</timestamp>
			</report>
			<report>
				<misses>18446001</misses>
				<total>29</total>
				<timestamp>7002.471089</timestamp>
			</report>
			<report>
				<misses>18447001</misses>
				<total>29</total>
				<timestamp>7002.850718</timestamp>
			</report>
			<report>
				<misses>18448001</misses>
				<total>29</total>
				<timestamp>7003.230378</timestamp>
			</report>
			<report>
				<misses>18449001</misses>
				<total>29</total>
				<timestamp>7003.609955</timestamp>
			</report>
			<report>
				<misses>18450001</misses>
				<total>29</total>
				<timestamp>7003.989566</timestamp>
			</report>
			<report>
				<misses>18451001</misses>
				<total>29</total>
				<timestamp>7004.369188</timestamp>
			</report>
			<report>
				<misses>18452001</misses>
				<total>29</total>
				<timestamp>7004.748802</timestamp>
			</report>
			<report>
				<misses>18453001</misses>
				<total>29</total>
				<timestamp>7005.128427</timestamp>
			</report>
			<report>
				<misses>18454001</misses>
				<total>29</total>
				<timestamp>7005.508026</timestamp>
			</report>
			<report>
				<misses>18455001</misses>
				<total>29</total>
				<timestamp>7005.887687</timestamp>
			</report>
			<report>
				<misses>18456001</misses>
				<total>29</total>
				<timestamp>7006.267297</timestamp>
			</report>
			<report>
				<misses>18457001</misses>
				<total>29</total>
				<timestamp>7006.646887</timestamp>
			</report>
			<report>
				<misses>18458001</misses>
				<total>29</total>
				<timestamp>7007.026562</timestamp>
			</report>
			<report>
				<misses>18459001</misses>
				<total>29</total>
				<timestamp>7007.406146</timestamp>
			</report>
			<report>
				<misses>18460001</misses>
				<total>29</total>
				<timestamp>7007.785770</timestamp>
			</report>
			<report>
				<misses>18461001</misses>
				<total>29</total>
				<timestamp>7008.165377</timestamp>
			</report>
			<report>
				<misses>18462001</misses>
				<total>29</total>
				<timestamp>7008.545010</timestamp>
			</report>
			<report>
				<misses>18463001</misses>
				<total>29</total>
				<timestamp>7008.924618</timestamp>
			</report>
			<report>
				<misses>18464001</misses>
				<total>29</total>
				<timestamp>7009.304255</timestamp>
			</report>
			<report>
				<misses>18465001</misses>
				<total>29</total>
				<timestamp>7009.683856</timestamp>
			</report>
			<report>
				<misses>18466001</misses>
				<total>29</total>
				<timestamp>7010.063491</timestamp>
			</report>
			<report>
				<misses>18467001</misses>
				<total>29</total>
				<timestamp>7010.443119</timestamp>
			</report>
			<report>
				<misses>18468001</misses>
				<total>29</total>
				<timestamp>7010.822735</timestamp>
			</report>
			<report>
				<misses>18469001</misses>
				<total>29</total>
				<timestamp>7011.202344</timestamp>
			</report>
			<report>
				<misses>18470001</misses>
				<total>29</total>
				<timestamp>7011.581957</timestamp>
			</report>
			<report>
				<misses>18471001</misses>
				<total>29</total>
				<timestamp>7011.961590</timestamp>
			</report>
			<report>
				<misses>18472001</misses>
				<total>29</total>
				<timestamp>7012.341235</timestamp>
			</report>
			<report>
				<misses>18473001</misses>
				<total>29</total>
				<timestamp>7012.720811</timestamp>
			</report>
			<report>
				<misses>18474001</misses>
				<total>29</total>
				<timestamp>7013.100490</timestamp>
			</report>
			<report>
				<misses>18475001</misses>
				<total>29</total>
				<timestamp>7013.480065</timestamp>
			</report>
			<report>
				<misses>18476001</misses>
				<total>29</total>
				<timestamp>7013.859670</timestamp>
			</report>
			<report>
				<misses>18477001</misses>
				<total>29</total>
				<timestamp>7014.239317</timestamp>
			</report>
			<report>
				<misses>18478001</misses>
				<total>29</total>
				<timestamp>7014.618961</timestamp>
			</report>
			<report>
				<misses>18479001</misses>
				<total>29</total>
				<timestamp>7014.998561</timestamp>
			</report>
			<report>
				<misses>18480001</misses>
				<total>29</total>
				<timestamp>7015.378168</timestamp>
			</report>
			<report>
				<misses>18481001</misses>
				<total>29</total>
				<timestamp>7015.757801</timestamp>
			</report>
			<report>
				<misses>18482001</misses>
				<total>29</total>
				<timestamp>7016.137438</timestamp>
			</report>
			<report>
				<misses>18483001</misses>
				<total>29</total>
				<timestamp>7016.517038</timestamp>
			</report>
			<report>
				<misses>18484001</misses>
				<total>29</total>
				<timestamp>7016.896645</timestamp>
			</report>
			<report>
				<misses>18485001</misses>
				<total>29</total>
				<timestamp>7017.276307</timestamp>
			</report>
			<report>
				<misses>18486001</misses>
				<total>29</total>
				<timestamp>7017.655893</timestamp>
			</report>
			<report>
				<misses>18487001</misses>
				<total>29</total>
				<timestamp>7018.035542</timestamp>
			</report>
			<report>
				<misses>18488001</misses>
				<total>29</total>
				<timestamp>7018.415145</timestamp>
			</report>
			<report>
				<misses>18489001</misses>
				<total>29</total>
				<timestamp>7018.794740</timestamp>
			</report>
			<report>
				<misses>18490001</misses>
				<total>29</total>
				<timestamp>7019.174378</timestamp>
			</report>
			<report>
				<misses>18491001</misses>
				<total>29</total>
				<timestamp>7019.553994</timestamp>
			</report>
			<report>
				<misses>18492001</misses>
				<total>29</total>
				<timestamp>7019.933604</timestamp>
			</report>
			<report>
				<misses>18493001</misses>
				<total>29</total>
				<timestamp>7020.313251</timestamp>
			</report>
			<report>
				<misses>18494001</misses>
				<total>29</total>
				<timestamp>7020.692858</timestamp>
			</report>
			<report>
				<misses>18495001</misses>
				<total>29</total>
				<timestamp>7021.072482</timestamp>
			</report>
			<report>
				<misses>18496001</misses>
				<total>29</total>
				<timestamp>7021.452101</timestamp>
			</report>
			<report>
				<misses>18497001</misses>
				<total>29</total>
				<timestamp>7021.831704</timestamp>
			</report>
			<report>
				<misses>18498001</misses>
				<total>29</total>
				<timestamp>7022.211347</timestamp>
			</report>
			<report>
				<misses>18499001</misses>
				<total>29</total>
				<timestamp>7022.590950</timestamp>
			</report>
			<report>
				<misses>18500001</misses>
				<total>29</total>
				<timestamp>7022.970631</timestamp>
			</report>
			<report>
				<misses>18501001</misses>
				<total>29</total>
				<timestamp>7023.350205</timestamp>
			</report>
			<report>
				<misses>18502001</misses>
				<total>29</total>
				<timestamp>7023.729801</timestamp>
			</report>
			<report>
				<misses>18503001</misses>
				<total>29</total>
				<timestamp>7024.109425</timestamp>
			</report>
			<report>
				<misses>18504001</misses>
				<total>29</total>
				<timestamp>7024.489049</timestamp>
			</report>
			<report>
				<misses>18505001</misses>
				<total>29</total>
				<timestamp>7024.868662</timestamp>
			</report>
			<report>
				<misses>18506001</misses>
				<total>29</total>
				<timestamp>7025.248317</timestamp>
			</report>
			<report>
				<misses>18507001</misses>
				<total>29</total>
				<timestamp>7025.627887</timestamp>
			</report>
			<report>
				<misses>18508001</misses>
				<total>29</total>
				<timestamp>7026.007523</timestamp>
			</report>
			<report>
				<misses>18509001</misses>
				<total>29</total>
				<timestamp>7026.387199</timestamp>
			</report>
			<report>
				<misses>18510001</misses>
				<total>29</total>
				<timestamp>7026.766769</timestamp>
			</report>
			<report>
				<misses>18511001</misses>
				<total>29</total>
				<timestamp>7027.146425</timestamp>
			</report>
			<report>
				<misses>18512001</misses>
				<total>29</total>
				<timestamp>7027.526013</timestamp>
			</report>
			<report>
				<misses>18513001</misses>
				<total>29</total>
				<timestamp>7027.905634</timestamp>
			</report>
			<report>
				<misses>18514001</misses>
				<total>29</total>
				<timestamp>7028.285250</timestamp>
			</report>
			<report>
				<misses>18515001</misses>
				<total>29</total>
				<timestamp>7028.664861</timestamp>
			</report>
			<report>
				<misses>18516001</misses>
				<total>29</total>
				<timestamp>7029.044484</timestamp>
			</report>
			<report>
				<misses>18517001</misses>
				<total>29</total>
				<timestamp>7029.424108</timestamp>
			</report>
			<report>
				<misses>18518001</misses>
				<total>29</total>
				<timestamp>7029.803758</timestamp>
			</report>
			<report>
				<misses>18519001</misses>
				<total>29</total>
				<timestamp>7030.183334</timestamp>
			</report>
			<report>
				<misses>18520001</misses>
				<total>29</total>
				<timestamp>7030.563003</timestamp>
			</report>
			<report>
				<misses>18521001</misses>
				<total>29</total>
				<timestamp>7030.942565</timestamp>
			</report>
			<report>
				<misses>18522001</misses>
				<total>29</total>
				<timestamp>7031.322198</timestamp>
			</report>
			<report>
				<misses>18523001</misses>
				<total>29</total>
				<timestamp>7031.701833</timestamp>
			</report>
			<report>
				<misses>18524001</misses>
				<total>29</total>
				<timestamp>7032.081503</timestamp>
			</report>
			<report>
				<misses>18525001</misses>
				<total>29</total>
				<timestamp>7032.461072</timestamp>
			</report>
			<report>
				<misses>18526001</misses>
				<total>29</total>
				<timestamp>7032.840704</timestamp>
			</report>
			<report>
				<misses>18527001</misses>
				<total>29</total>
				<timestamp>7033.220321</timestamp>
			</report>
			<report>
				<misses>18528001</misses>
				<total>29</total>
				<timestamp>7033.599932</timestamp>
			</report>
			<report>
				<misses>18529001</misses>
				<total>29</total>
				<timestamp>7033.979569</timestamp>
			</report>
			<report>
				<misses>18530001</misses>
				<total>29</total>
				<timestamp>7034.359189</timestamp>
			</report>
			<report>
				<misses>18531001</misses>
				<total>29</total>
				<timestamp>7034.738802</timestamp>
			</report>
			<report>
				<misses>18532001</misses>
				<total>29</total>
				<timestamp>7035.118409</timestamp>
			</report>
			<report>
				<misses>18533001</misses>
				<total>29</total>
				<timestamp>7035.498044</timestamp>
			</report>
			<report>
				<misses>18534001</misses>
				<total>29</total>
				<timestamp>7035.877642</timestamp>
			</report>
			<report>
				<misses>18535001</misses>
				<total>29</total>
				<timestamp>7036.257264</timestamp>
			</report>
			<report>
				<misses>18536001</misses>
				<total>29</total>
				<timestamp>7036.636892</timestamp>
			</report>
			<report>
				<misses>18537001</misses>
				<total>29</total>
				<timestamp>7037.016493</timestamp>
			</report>
			<report>
				<misses>18538001</misses>
				<total>29</total>
				<timestamp>7037.396150</timestamp>
			</report>
			<report>
				<misses>18539001</misses>
				<total>29</total>
				<timestamp>7037.775736</timestamp>
			</report>
			<report>
				<misses>18540001</misses>
				<total>29</total>
				<timestamp>7038.155369</timestamp>
			</report>
			<report>
				<misses>18541001</misses>
				<total>29</total>
				<timestamp>7038.535008</timestamp>
			</report>
			<report>
				<misses>18542001</misses>
				<total>29</total>
				<timestamp>7038.914631</timestamp>
			</report>
			<report>
				<misses>18543001</misses>
				<total>29</total>
				<timestamp>7039.294248</timestamp>
			</report>
			<report>
				<misses>18544001</misses>
				<total>29</total>
				<timestamp>7039.673866</timestamp>
			</report>
			<report>
				<misses>18545001</misses>
				<total>29</total>
				<timestamp>7040.053483</timestamp>
			</report>
			<report>
				<misses>18546001</misses>
				<total>29</total>
				<timestamp>7040.433097</timestamp>
			</report>
			<report>
				<misses>18547001</misses>
				<total>29</total>
				<timestamp>7040.812734</timestamp>
			</report>
			<report>
				<misses>18548001</misses>
				<total>29</total>
				<timestamp>7041.192331</timestamp>
			</report>
			<report>
				<misses>18549001</misses>
				<total>29</total>
				<timestamp>7041.572027</timestamp>
			</report>
			<report>
				<misses>18550001</misses>
				<total>29</total>
				<timestamp>7041.951566</timestamp>
			</report>
			<report>
				<misses>18551001</misses>
				<total>29</total>
				<timestamp>7042.331181</timestamp>
			</report>
			<report>
				<misses>18552001</misses>
				<total>29</total>
				<timestamp>7042.710812</timestamp>
			</report>
			<report>
				<misses>18553001</misses>
				<total>29</total>
				<timestamp>7043.090425</timestamp>
			</report>
			<report>
				<misses>18554001</misses>
				<total>29</total>
				<timestamp>7043.470063</timestamp>
			</report>
			<report>
				<misses>18555001</misses>
				<total>29</total>
				<timestamp>7043.849671</timestamp>
			</report>
			<report>
				<misses>18556001</misses>
				<total>29</total>
				<timestamp>7044.229326</timestamp>
			</report>
			<report>
				<misses>18557001</misses>
				<total>29</total>
				<timestamp>7044.608939</timestamp>
			</report>
			<report>
				<misses>18558001</misses>
				<total>29</total>
				<timestamp>7044.988540</timestamp>
			</report>
			<report>
				<misses>18559001</misses>
				<total>29</total>
				<timestamp>7045.368146</timestamp>
			</report>
			<report>
				<misses>18560001</misses>
				<total>29</total>
				<timestamp>7045.747764</timestamp>
			</report>
			<report>
				<misses>18561001</misses>
				<total>29</total>
				<timestamp>7046.127386</timestamp>
			</report>
			<report>
				<misses>18562001</misses>
				<total>29</total>
				<timestamp>7046.506996</timestamp>
			</report>
			<report>
				<misses>18563001</misses>
				<total>29</total>
				<timestamp>7046.886627</timestamp>
			</report>
			<report>
				<misses>18564001</misses>
				<total>29</total>
				<timestamp>7047.266245</timestamp>
			</report>
			<report>
				<misses>18565001</misses>
				<total>29</total>
				<timestamp>7047.645852</timestamp>
			</report>
			<report>
				<misses>18566001</misses>
				<total>29</total>
				<timestamp>7048.025485</timestamp>
			</report>
			<report>
				<misses>18567001</misses>
				<total>29</total>
				<timestamp>7048.405107</timestamp>
			</report>
			<report>
				<misses>18568001</misses>
				<total>29</total>
				<timestamp>7048.784757</timestamp>
			</report>
			<report>
				<misses>18569001</misses>
				<total>29</total>
				<timestamp>7049.164385</timestamp>
			</report>
			<report>
				<misses>18570001</misses>
				<total>29</total>
				<timestamp>7049.543962</timestamp>
			</report>
			<report>
				<misses>18571001</misses>
				<total>29</total>
				<timestamp>7049.923615</timestamp>
			</report>
			<report>
				<misses>18572001</misses>
				<total>29</total>
				<timestamp>7050.303210</timestamp>
			</report>
			<report>
				<misses>18573001</misses>
				<total>29</total>
				<timestamp>7050.682820</timestamp>
			</report>
			<report>
				<misses>18574001</misses>
				<total>29</total>
				<timestamp>7051.062480</timestamp>
			</report>
			<report>
				<misses>18575001</misses>
				<total>29</total>
				<timestamp>7051.442073</timestamp>
			</report>
			<report>
				<misses>18576001</misses>
				<total>29</total>
				<timestamp>7051.821677</timestamp>
			</report>
			<report>
				<misses>18577001</misses>
				<total>29</total>
				<timestamp>7052.201307</timestamp>
			</report>
			<report>
				<misses>18578001</misses>
				<total>29</total>
				<timestamp>7052.580934</timestamp>
			</report>
			<report>
				<misses>18579001</misses>
				<total>29</total>
				<timestamp>7052.960541</timestamp>
			</report>
			<report>
				<misses>18580001</misses>
				<total>29</total>
				<timestamp>7053.340228</timestamp>
			</report>
			<report>
				<misses>18581001</misses>
				<total>29</total>
				<timestamp>7053.719786</timestamp>
			</report>
			<report>
				<misses>18582001</misses>
				<total>29</total>
				<timestamp>7054.099422</timestamp>
			</report>
			<report>
				<misses>18583001</misses>
				<total>29</total>
				<timestamp>7054.479032</timestamp>
			</report>
			<report>
				<misses>18584001</misses>
				<total>29</total>
				<timestamp>7054.858665</timestamp>
			</report>
			<report>
				<misses>18585001</misses>
				<total>29</total>
				<timestamp>7055.238260</timestamp>
			</report>
			<report>
				<misses>18586001</misses>
				<total>29</total>
				<timestamp>7055.617936</timestamp>
			</report>
			<report>
				<misses>18587001</misses>
				<total>29</total>
				<timestamp>7055.997501</timestamp>
			</report>
			<report>
				<misses>18588001</misses>
				<total>29</total>
				<timestamp>7056.377120</timestamp>
			</report>
			<report>
				<misses>18589001</misses>
				<total>29</total>
				<timestamp>7056.756741</timestamp>
			</report>
			<report>
				<misses>18590001</misses>
				<total>29</total>
				<timestamp>7057.136366</timestamp>
			</report>
			<report>
				<misses>18591001</misses>
				<total>29</total>
				<timestamp>7057.516020</timestamp>
			</report>
			<report>
				<misses>18592001</misses>
				<total>29</total>
				<timestamp>7057.895655</timestamp>
			</report>
			<report>
				<misses>18593001</misses>
				<total>29</total>
				<timestamp>7058.275276</timestamp>
			</report>
			<report>
				<misses>18594001</misses>
				<total>29</total>
				<timestamp>7058.654865</timestamp>
			</report>
			<report>
				<misses>18595001</misses>
				<total>29</total>
				<timestamp>7059.034500</timestamp>
			</report>
			<report>
				<misses>18596001</misses>
				<total>29</total>
				<timestamp>7059.414083</timestamp>
			</report>
			<report>
				<misses>18597001</misses>
				<total>29</total>
				<timestamp>7059.793754</timestamp>
			</report>
			<report>
				<misses>18598001</misses>
				<total>29</total>
				<timestamp>7060.173351</timestamp>
			</report>
			<report>
				<misses>18599001</misses>
				<total>29</total>
				<timestamp>7060.552965</timestamp>
			</report>
			<report>
				<misses>18600001</misses>
				<total>29</total>
				<timestamp>7060.932568</timestamp>
			</report>
			<report>
				<misses>18601001</misses>
				<total>29</total>
				<timestamp>7061.312197</timestamp>
			</report>
			<report>
				<misses>18602001</misses>
				<total>29</total>
				<timestamp>7061.691857</timestamp>
			</report>
			<report>
				<misses>18603001</misses>
				<total>29</total>
				<timestamp>7062.071423</timestamp>
			</report>
			<report>
				<misses>18604001</misses>
				<total>29</total>
				<timestamp>7062.451034</timestamp>
			</report>
			<report>
				<misses>18605001</misses>
				<total>29</total>
				<timestamp>7062.830685</timestamp>
			</report>
			<report>
				<misses>18606001</misses>
				<total>29</total>
				<timestamp>7063.210326</timestamp>
			</report>
			<report>
				<misses>18607001</misses>
				<total>29</total>
				<timestamp>7063.589930</timestamp>
			</report>
			<report>
				<misses>18608001</misses>
				<total>29</total>
				<timestamp>7063.969533</timestamp>
			</report>
			<report>
				<misses>18609001</misses>
				<total>29</total>
				<timestamp>7064.349151</timestamp>
			</report>
			<report>
				<misses>18610001</misses>
				<total>29</total>
				<timestamp>7064.728767</timestamp>
			</report>
			<report>
				<misses>18611001</misses>
				<total>29</total>
				<timestamp>7065.108414</timestamp>
			</report>
			<report>
				<misses>18612001</misses>
				<total>29</total>
				<timestamp>7065.487995</timestamp>
			</report>
			<report>
				<misses>18613001</misses>
				<total>29</total>
				<timestamp>7065.867635</timestamp>
			</report>
			<report>
				<misses>18614001</misses>
				<total>29</total>
				<timestamp>7066.247312</timestamp>
			</report>
			<report>
				<misses>18615001</misses>
				<total>29</total>
				<timestamp>7066.626861</timestamp>
			</report>
			<report>
				<misses>18616001</misses>
				<total>29</total>
				<timestamp>7067.006484</timestamp>
			</report>
			<report>
				<misses>18617001</misses>
				<total>29</total>
				<timestamp>7067.386118</timestamp>
			</report>
			<report>
				<misses>18618001</misses>
				<total>29</total>
				<timestamp>7067.765752</timestamp>
			</report>
			<report>
				<misses>18619001</misses>
				<total>29</total>
				<timestamp>7068.145356</timestamp>
			</report>
			<report>
				<misses>18620001</misses>
				<total>29</total>
				<timestamp>7068.524964</timestamp>
			</report>
			<report>
				<misses>18621001</misses>
				<total>29</total>
				<timestamp>7068.904590</timestamp>
			</report>
			<report>
				<misses>18622001</misses>
				<total>29</total>
				<timestamp>7069.284230</timestamp>
			</report>
			<report>
				<misses>18623001</misses>
				<total>29</total>
				<timestamp>7069.663826</timestamp>
			</report>
			<report>
				<misses>18624001</misses>
				<total>29</total>
				<timestamp>7070.043493</timestamp>
			</report>
			<report>
				<misses>18625001</misses>
				<total>29</total>
				<timestamp>7070.423064</timestamp>
			</report>
			<report>
				<misses>18626001</misses>
				<total>29</total>
				<timestamp>7070.802686</timestamp>
			</report>
			<report>
				<misses>18627001</misses>
				<total>29</total>
				<timestamp>7071.182294</timestamp>
			</report>
			<report>
				<misses>18628001</misses>
				<total>29</total>
				<timestamp>7071.561927</timestamp>
			</report>
			<report>
				<misses>18629001</misses>
				<total>29</total>
				<timestamp>7071.941559</timestamp>
			</report>
			<report>
				<misses>18630001</misses>
				<total>29</total>
				<timestamp>7072.321169</timestamp>
			</report>
			<report>
				<misses>18631001</misses>
				<total>29</total>
				<timestamp>7072.700837</timestamp>
			</report>
			<report>
				<misses>18632001</misses>
				<total>29</total>
				<timestamp>7073.080444</timestamp>
			</report>
			<report>
				<misses>18633001</misses>
				<total>29</total>
				<timestamp>7073.460041</timestamp>
			</report>
			<report>
				<misses>18634001</misses>
				<total>29</total>
				<timestamp>7073.839637</timestamp>
			</report>
			<report>
				<misses>18635001</misses>
				<total>29</total>
				<timestamp>7074.219285</timestamp>
			</report>
			<report>
				<misses>18636001</misses>
				<total>29</total>
				<timestamp>7074.598889</timestamp>
			</report>
			<report>
				<misses>18637001</misses>
				<total>29</total>
				<timestamp>7074.978528</timestamp>
			</report>
			<report>
				<misses>18638001</misses>
				<total>29</total>
				<timestamp>7075.358130</timestamp>
			</report>
			<report>
				<misses>18639001</misses>
				<total>29</total>
				<timestamp>7075.737783</timestamp>
			</report>
			<report>
				<misses>18640001</misses>
				<total>29</total>
				<timestamp>7076.117383</timestamp>
			</report>
			<report>
				<misses>18641001</misses>
				<total>29</total>
				<timestamp>7076.496990</timestamp>
			</report>
			<report>
				<misses>18642001</misses>
				<total>29</total>
				<timestamp>7076.876597</timestamp>
			</report>
			<report>
				<misses>18643001</misses>
				<total>29</total>
				<timestamp>7077.256264</timestamp>
			</report>
			<report>
				<misses>18644001</misses>
				<total>29</total>
				<timestamp>7077.635887</timestamp>
			</report>
			<report>
				<misses>18645001</misses>
				<total>29</total>
				<timestamp>7078.015473</timestamp>
			</report>
			<report>
				<misses>18646001</misses>
				<total>29</total>
				<timestamp>7078.395090</timestamp>
			</report>
			<report>
				<misses>18647001</misses>
				<total>29</total>
				<timestamp>7078.774738</timestamp>
			</report>
			<report>
				<misses>18648001</misses>
				<total>29</total>
				<timestamp>7079.154326</timestamp>
			</report>
			<report>
				<misses>18649001</misses>
				<total>29</total>
				<timestamp>7079.533944</timestamp>
			</report>
			<report>
				<misses>18650001</misses>
				<total>29</total>
				<timestamp>7079.913600</timestamp>
			</report>
			<report>
				<misses>18651001</misses>
				<total>29</total>
				<timestamp>7080.293194</timestamp>
			</report>
			<report>
				<misses>18652001</misses>
				<total>29</total>
				<timestamp>7080.672808</timestamp>
			</report>
			<report>
				<misses>18653001</misses>
				<total>29</total>
				<timestamp>7081.052414</timestamp>
			</report>
			<report>
				<misses>18654001</misses>
				<total>29</total>
				<timestamp>7081.432054</timestamp>
			</report>
			<report>
				<misses>18655001</misses>
				<total>29</total>
				<timestamp>7081.811682</timestamp>
			</report>
			<report>
				<misses>18656001</misses>
				<total>29</total>
				<timestamp>7082.191336</timestamp>
			</report>
			<report>
				<misses>18657001</misses>
				<total>29</total>
				<timestamp>7082.570897</timestamp>
			</report>
			<report>
				<misses>18658001</misses>
				<total>29</total>
				<timestamp>7082.950540</timestamp>
			</report>
			<report>
				<misses>18659001</misses>
				<total>29</total>
				<timestamp>7083.330144</timestamp>
			</report>
			<report>
				<misses>18660001</misses>
				<total>29</total>
				<timestamp>7083.709837</timestamp>
			</report>
			<report>
				<misses>18661001</misses>
				<total>29</total>
				<timestamp>7084.089392</timestamp>
			</report>
			<report>
				<misses>18662001</misses>
				<total>29</total>
				<timestamp>7084.468999</timestamp>
			</report>
			<report>
				<misses>18663001</misses>
				<total>29</total>
				<timestamp>7084.848623</timestamp>
			</report>
			<report>
				<misses>18664001</misses>
				<total>29</total>
				<timestamp>7085.228276</timestamp>
			</report>
			<report>
				<misses>18665001</misses>
				<total>29</total>
				<timestamp>7085.607911</timestamp>
			</report>
			<report>
				<misses>18666001</misses>
				<total>29</total>
				<timestamp>7085.987494</timestamp>
			</report>
			<report>
				<misses>18667001</misses>
				<total>29</total>
				<timestamp>7086.367108</timestamp>
			</report>
			<report>
				<misses>18668001</misses>
				<total>29</total>
				<timestamp>7086.746734</timestamp>
			</report>
			<report>
				<misses>18669001</misses>
				<total>29</total>
				<timestamp>7087.126342</timestamp>
			</report>
			<report>
				<misses>18670001</misses>
				<total>29</total>
				<timestamp>7087.505957</timestamp>
			</report>
			<report>
				<misses>18671001</misses>
				<total>29</total>
				<timestamp>7087.885616</timestamp>
			</report>
			<report>
				<misses>18672001</misses>
				<total>29</total>
				<timestamp>7088.265217</timestamp>
			</report>
			<report>
				<misses>18673001</misses>
				<total>29</total>
				<timestamp>7088.644821</timestamp>
			</report>
			<report>
				<misses>18674001</misses>
				<total>29</total>
				<timestamp>7089.024460</timestamp>
			</report>
			<report>
				<misses>18675001</misses>
				<total>29</total>
				<timestamp>7089.404069</timestamp>
			</report>
			<report>
				<misses>18676001</misses>
				<total>29</total>
				<timestamp>7089.783754</timestamp>
			</report>
			<report>
				<misses>18677001</misses>
				<total>29</total>
				<timestamp>7090.163306</timestamp>
			</report>
			<report>
				<misses>18678001</misses>
				<total>29</total>
				<timestamp>7090.542925</timestamp>
			</report>
			<report>
				<misses>18679001</misses>
				<total>29</total>
				<timestamp>7090.922547</timestamp>
			</report>
			<report>
				<misses>18680001</misses>
				<total>29</total>
				<timestamp>7091.302153</timestamp>
			</report>
			<report>
				<misses>18681001</misses>
				<total>29</total>
				<timestamp>7091.681793</timestamp>
			</report>
			<report>
				<misses>18682001</misses>
				<total>29</total>
				<timestamp>7092.061431</timestamp>
			</report>
			<report>
				<misses>18683001</misses>
				<total>29</total>
				<timestamp>7092.441022</timestamp>
			</report>
			<report>
				<misses>18684001</misses>
				<total>29</total>
				<timestamp>7092.820713</timestamp>
			</report>
			<report>
				<misses>18685001</misses>
				<total>29</total>
				<timestamp>7093.200280</timestamp>
			</report>
			<report>
				<misses>18686001</misses>
				<total>29</total>
				<timestamp>7093.579881</timestamp>
			</report>
			<report>
				<misses>18687001</misses>
				<total>29</total>
				<timestamp>7093.959564</timestamp>
			</report>
			<report>
				<misses>18688001</misses>
				<total>29</total>
				<timestamp>7094.339115</timestamp>
			</report>
			<report>
				<misses>18689001</misses>
				<total>29</total>
				<timestamp>7094.718740</timestamp>
			</report>
			<report>
				<misses>18690001</misses>
				<total>29</total>
				<timestamp>7095.098359</timestamp>
			</report>
			<report>
				<misses>18691001</misses>
				<total>29</total>
				<timestamp>7095.477987</timestamp>
			</report>
			<report>
				<misses>18692001</misses>
				<total>29</total>
				<timestamp>7095.857677</timestamp>
			</report>
			<report>
				<misses>18693001</misses>
				<total>29</total>
				<timestamp>7096.237259</timestamp>
			</report>
			<report>
				<misses>18694001</misses>
				<total>29</total>
				<timestamp>7096.616849</timestamp>
			</report>
			<report>
				<misses>18695001</misses>
				<total>29</total>
				<timestamp>7096.996524</timestamp>
			</report>
			<report>
				<misses>18696001</misses>
				<total>29</total>
				<timestamp>7097.376090</timestamp>
			</report>
			<report>
				<misses>18697001</misses>
				<total>29</total>
				<timestamp>7097.755741</timestamp>
			</report>
			<report>
				<misses>18698001</misses>
				<total>29</total>
				<timestamp>7098.135319</timestamp>
			</report>
			<report>
				<misses>18699001</misses>
				<total>29</total>
				<timestamp>7098.514943</timestamp>
			</report>
			<report>
				<misses>18700001</misses>
				<total>29</total>
				<timestamp>7098.894697</timestamp>
			</report>
			<report>
				<misses>18701001</misses>
				<total>29</total>
				<timestamp>7099.274169</timestamp>
			</report>
			<report>
				<misses>18702001</misses>
				<total>29</total>
				<timestamp>7099.653808</timestamp>
			</report>
			<report>
				<misses>18703001</misses>
				<total>29</total>
				<timestamp>7100.033446</timestamp>
			</report>
			<report>
				<misses>18704001</misses>
				<total>29</total>
				<timestamp>7100.413049</timestamp>
			</report>
			<report>
				<misses>18705001</misses>
				<total>29</total>
				<timestamp>7100.792705</timestamp>
			</report>
			<report>
				<misses>18706001</misses>
				<total>29</total>
				<timestamp>7101.172299</timestamp>
			</report>
			<report>
				<misses>18707001</misses>
				<total>29</total>
				<timestamp>7101.551924</timestamp>
			</report>
			<report>
				<misses>18708001</misses>
				<total>29</total>
				<timestamp>7101.931551</timestamp>
			</report>
			<report>
				<misses>18709001</misses>
				<total>29</total>
				<timestamp>7102.311160</timestamp>
			</report>
			<report>
				<misses>18710001</misses>
				<total>29</total>
				<timestamp>7102.690778</timestamp>
			</report>
			<report>
				<misses>18711001</misses>
				<total>29</total>
				<timestamp>7103.070397</timestamp>
			</report>
			<report>
				<misses>18712001</misses>
				<total>29</total>
				<timestamp>7103.450078</timestamp>
			</report>
			<report>
				<misses>18713001</misses>
				<total>29</total>
				<timestamp>7103.829622</timestamp>
			</report>
			<report>
				<misses>18714001</misses>
				<total>29</total>
				<timestamp>7104.209289</timestamp>
			</report>
			<report>
				<misses>18715001</misses>
				<total>29</total>
				<timestamp>7104.588876</timestamp>
			</report>
			<report>
				<misses>18716001</misses>
				<total>29</total>
				<timestamp>7104.968496</timestamp>
			</report>
			<report>
				<misses>18717001</misses>
				<total>29</total>
				<timestamp>7105.348114</timestamp>
			</report>
			<report>
				<misses>18718001</misses>
				<total>29</total>
				<timestamp>7105.727724</timestamp>
			</report>
			<report>
				<misses>18719001</misses>
				<total>29</total>
				<timestamp>7106.107356</timestamp>
			</report>
			<report>
				<misses>18720001</misses>
				<total>29</total>
				<timestamp>7106.486966</timestamp>
			</report>
			<report>
				<misses>18721001</misses>
				<total>29</total>
				<timestamp>7106.866656</timestamp>
			</report>
			<report>
				<misses>18722001</misses>
				<total>29</total>
				<timestamp>7107.246195</timestamp>
			</report>
			<report>
				<misses>18723001</misses>
				<total>29</total>
				<timestamp>7107.625827</timestamp>
			</report>
			<report>
				<misses>18724001</misses>
				<total>29</total>
				<timestamp>7108.005432</timestamp>
			</report>
			<report>
				<misses>18725001</misses>
				<total>29</total>
				<timestamp>7108.385064</timestamp>
			</report>
			<report>
				<misses>18726001</misses>
				<total>29</total>
				<timestamp>7108.764697</timestamp>
			</report>
			<report>
				<misses>18727001</misses>
				<total>29</total>
				<timestamp>7109.144323</timestamp>
			</report>
			<report>
				<misses>18728001</misses>
				<total>29</total>
				<timestamp>7109.523919</timestamp>
			</report>
			<report>
				<misses>18729001</misses>
				<total>29</total>
				<timestamp>7109.903585</timestamp>
			</report>
			<report>
				<misses>18730001</misses>
				<total>29</total>
				<timestamp>7110.283158</timestamp>
			</report>
			<report>
				<misses>18731001</misses>
				<total>29</total>
				<timestamp>7110.662781</timestamp>
			</report>
			<report>
				<misses>18732001</misses>
				<total>29</total>
				<timestamp>7111.042414</timestamp>
			</report>
			<report>
				<misses>18733001</misses>
				<total>29</total>
				<timestamp>7111.422007</timestamp>
			</report>
			<report>
				<misses>18734001</misses>
				<total>29</total>
				<timestamp>7111.801656</timestamp>
			</report>
			<report>
				<misses>18735001</misses>
				<total>29</total>
				<timestamp>7112.181281</timestamp>
			</report>
			<report>
				<misses>18736001</misses>
				<total>29</total>
				<timestamp>7112.560881</timestamp>
			</report>
			<report>
				<misses>18737001</misses>
				<total>29</total>
				<timestamp>7112.940536</timestamp>
			</report>
			<report>
				<misses>18738001</misses>
				<total>29</total>
				<timestamp>7113.320121</timestamp>
			</report>
			<report>
				<misses>18739001</misses>
				<total>29</total>
				<timestamp>7113.699800</timestamp>
			</report>
			<report>
				<misses>18740001</misses>
				<total>29</total>
				<timestamp>7114.079381</timestamp>
			</report>
			<report>
				<misses>18741001</misses>
				<total>29</total>
				<timestamp>7114.458984</timestamp>
			</report>
			<report>
				<misses>18742001</misses>
				<total>29</total>
				<timestamp>7114.838617</timestamp>
			</report>
			<report>
				<misses>18743001</misses>
				<total>29</total>
				<timestamp>7115.218261</timestamp>
			</report>
			<report>
				<misses>18744001</misses>
				<total>29</total>
				<timestamp>7115.597855</timestamp>
			</report>
			<report>
				<misses>18745001</misses>
				<total>29</total>
				<timestamp>7115.977518</timestamp>
			</report>
			<report>
				<misses>18746001</misses>
				<total>29</total>
				<timestamp>7116.357098</timestamp>
			</report>
			<report>
				<misses>18747001</misses>
				<total>29</total>
				<timestamp>7116.736705</timestamp>
			</report>
			<report>
				<misses>18748001</misses>
				<total>29</total>
				<timestamp>7117.116342</timestamp>
			</report>
			<report>
				<misses>18749001</misses>
				<total>29</total>
				<timestamp>7117.495943</timestamp>
			</report>
			<report>
				<misses>18750001</misses>
				<total>29</total>
				<timestamp>7117.875581</timestamp>
			</report>
			<report>
				<misses>18751001</misses>
				<total>29</total>
				<timestamp>7118.255213</timestamp>
			</report>
			<report>
				<misses>18752001</misses>
				<total>29</total>
				<timestamp>7118.634829</timestamp>
			</report>
			<report>
				<misses>18753001</misses>
				<total>29</total>
				<timestamp>7119.014445</timestamp>
			</report>
			<report>
				<misses>18754001</misses>
				<total>29</total>
				<timestamp>7119.394029</timestamp>
			</report>
			<report>
				<misses>18755001</misses>
				<total>29</total>
				<timestamp>7119.773672</timestamp>
			</report>
			<report>
				<misses>18756001</misses>
				<total>29</total>
				<timestamp>7120.153284</timestamp>
			</report>
			<report>
				<misses>18757001</misses>
				<total>29</total>
				<timestamp>7120.532923</timestamp>
			</report>
			<report>
				<misses>18758001</misses>
				<total>29</total>
				<timestamp>7120.912537</timestamp>
			</report>
			<report>
				<misses>18759001</misses>
				<total>29</total>
				<timestamp>7121.292144</timestamp>
			</report>
			<report>
				<misses>18760001</misses>
				<total>29</total>
				<timestamp>7121.671771</timestamp>
			</report>
			<report>
				<misses>18761001</misses>
				<total>29</total>
				<timestamp>7122.051406</timestamp>
			</report>
			<report>
				<misses>18762001</misses>
				<total>29</total>
				<timestamp>7122.431002</timestamp>
			</report>
			<report>
				<misses>18763001</misses>
				<total>29</total>
				<timestamp>7122.810639</timestamp>
			</report>
			<report>
				<misses>18764001</misses>
				<total>29</total>
				<timestamp>7123.190255</timestamp>
			</report>
			<report>
				<misses>18765001</misses>
				<total>29</total>
				<timestamp>7123.569861</timestamp>
			</report>
			<report>
				<misses>18766001</misses>
				<total>29</total>
				<timestamp>7123.949538</timestamp>
			</report>
			<report>
				<misses>18767001</misses>
				<total>29</total>
				<timestamp>7124.329127</timestamp>
			</report>
			<report>
				<misses>18768001</misses>
				<total>29</total>
				<timestamp>7124.708734</timestamp>
			</report>
			<report>
				<misses>18769001</misses>
				<total>29</total>
				<timestamp>7125.088365</timestamp>
			</report>
			<report>
				<misses>18770001</misses>
				<total>29</total>
				<timestamp>7125.468001</timestamp>
			</report>
			<report>
				<misses>18771001</misses>
				<total>29</total>
				<timestamp>7125.847603</timestamp>
			</report>
			<report>
				<misses>18772001</misses>
				<total>29</total>
				<timestamp>7126.227224</timestamp>
			</report>
			<report>
				<misses>18773001</misses>
				<total>29</total>
				<timestamp>7126.606820</timestamp>
			</report>
			<report>
				<misses>18774001</misses>
				<total>29</total>
				<timestamp>7126.986495</timestamp>
			</report>
			<report>
				<misses>18775001</misses>
				<total>29</total>
				<timestamp>7127.366058</timestamp>
			</report>
			<report>
				<misses>18776001</misses>
				<total>29</total>
				<timestamp>7127.745701</timestamp>
			</report>
			<report>
				<misses>18777001</misses>
				<total>29</total>
				<timestamp>7128.125320</timestamp>
			</report>
			<report>
				<misses>18778001</misses>
				<total>29</total>
				<timestamp>7128.504953</timestamp>
			</report>
			<report>
				<misses>18779001</misses>
				<total>29</total>
				<timestamp>7128.884568</timestamp>
			</report>
			<report>
				<misses>18780001</misses>
				<total>29</total>
				<timestamp>7129.264177</timestamp>
			</report>
			<report>
				<misses>18781001</misses>
				<total>29</total>
				<timestamp>7129.643788</timestamp>
			</report>
			<report>
				<misses>18782001</misses>
				<total>29</total>
				<timestamp>7130.023448</timestamp>
			</report>
			<report>
				<misses>18783001</misses>
				<total>29</total>
				<timestamp>7130.403055</timestamp>
			</report>
			<report>
				<misses>18784001</misses>
				<total>29</total>
				<timestamp>7130.782671</timestamp>
			</report>
			<report>
				<misses>18785001</misses>
				<total>29</total>
				<timestamp>7131.162268</timestamp>
			</report>
			<report>
				<misses>18786001</misses>
				<total>29</total>
				<timestamp>7131.541875</timestamp>
			</report>
			<report>
				<misses>18787001</misses>
				<total>29</total>
				<timestamp>7131.921549</timestamp>
			</report>
			<report>
				<misses>18788001</misses>
				<total>29</total>
				<timestamp>7132.301155</timestamp>
			</report>
			<report>
				<misses>18789001</misses>
				<total>29</total>
				<timestamp>7132.680737</timestamp>
			</report>
			<report>
				<misses>18790001</misses>
				<total>29</total>
				<timestamp>7133.060454</timestamp>
			</report>
			<report>
				<misses>18791001</misses>
				<total>29</total>
				<timestamp>7133.439984</timestamp>
			</report>
			<report>
				<misses>18792001</misses>
				<total>29</total>
				<timestamp>7133.819605</timestamp>
			</report>
			<report>
				<misses>18793001</misses>
				<total>29</total>
				<timestamp>7134.199276</timestamp>
			</report>
			<report>
				<misses>18794001</misses>
				<total>29</total>
				<timestamp>7134.578890</timestamp>
			</report>
			<report>
				<misses>18795001</misses>
				<total>29</total>
				<timestamp>7134.958486</timestamp>
			</report>
			<report>
				<misses>18796001</misses>
				<total>29</total>
				<timestamp>7135.338115</timestamp>
			</report>
			<report>
				<misses>18797001</misses>
				<total>29</total>
				<timestamp>7135.717708</timestamp>
			</report>
			<report>
				<misses>18798001</misses>
				<total>29</total>
				<timestamp>7136.097352</timestamp>
			</report>
			<report>
				<misses>18799001</misses>
				<total>29</total>
				<timestamp>7136.477025</timestamp>
			</report>
			<report>
				<misses>18800001</misses>
				<total>29</total>
				<timestamp>7136.856591</timestamp>
			</report>
			<report>
				<misses>18801001</misses>
				<total>29</total>
				<timestamp>7137.236210</timestamp>
			</report>
			<report>
				<misses>18802001</misses>
				<total>29</total>
				<timestamp>7137.615799</timestamp>
			</report>
			<report>
				<misses>18803001</misses>
				<total>29</total>
				<timestamp>7137.995450</timestamp>
			</report>
			<report>
				<misses>18804001</misses>
				<total>29</total>
				<timestamp>7138.375066</timestamp>
			</report>
			<report>
				<misses>18805001</misses>
				<total>29</total>
				<timestamp>7138.754664</timestamp>
			</report>
			<report>
				<misses>18806001</misses>
				<total>29</total>
				<timestamp>7139.134340</timestamp>
			</report>
			<report>
				<misses>18807001</misses>
				<total>29</total>
				<timestamp>7139.513905</timestamp>
			</report>
			<report>
				<misses>18808001</misses>
				<total>29</total>
				<timestamp>7139.893559</timestamp>
			</report>
			<report>
				<misses>18809001</misses>
				<total>29</total>
				<timestamp>7140.273153</timestamp>
			</report>
			<report>
				<misses>18810001</misses>
				<total>29</total>
				<timestamp>7140.652782</timestamp>
			</report>
			<report>
				<misses>18811001</misses>
				<total>29</total>
				<timestamp>7141.032427</timestamp>
			</report>
			<report>
				<misses>18812001</misses>
				<total>29</total>
				<timestamp>7141.412017</timestamp>
			</report>
			<report>
				<misses>18813001</misses>
				<total>29</total>
				<timestamp>7141.791623</timestamp>
			</report>
			<report>
				<misses>18814001</misses>
				<total>29</total>
				<timestamp>7142.171259</timestamp>
			</report>
			<report>
				<misses>18815001</misses>
				<total>29</total>
				<timestamp>7142.550861</timestamp>
			</report>
			<report>
				<misses>18816001</misses>
				<total>29</total>
				<timestamp>7142.930497</timestamp>
			</report>
			<report>
				<misses>18817001</misses>
				<total>29</total>
				<timestamp>7143.310103</timestamp>
			</report>
			<report>
				<misses>18818001</misses>
				<total>29</total>
				<timestamp>7143.689722</timestamp>
			</report>
			<report>
				<misses>18819001</misses>
				<total>29</total>
				<timestamp>7144.069396</timestamp>
			</report>
			<report>
				<misses>18820001</misses>
				<total>29</total>
				<timestamp>7144.448970</timestamp>
			</report>
			<report>
				<misses>18821001</misses>
				<total>29</total>
				<timestamp>7144.828596</timestamp>
			</report>
			<report>
				<misses>18822001</misses>
				<total>29</total>
				<timestamp>7145.208227</timestamp>
			</report>
			<report>
				<misses>18823001</misses>
				<total>29</total>
				<timestamp>7145.587815</timestamp>
			</report>
			<report>
				<misses>18824001</misses>
				<total>29</total>
				<timestamp>7145.967482</timestamp>
			</report>
			<report>
				<misses>18825001</misses>
				<total>29</total>
				<timestamp>7146.347089</timestamp>
			</report>
			<report>
				<misses>18826001</misses>
				<total>29</total>
				<timestamp>7146.726731</timestamp>
			</report>
			<report>
				<misses>18827001</misses>
				<total>29</total>
				<timestamp>7147.106373</timestamp>
			</report>
			<report>
				<misses>18828001</misses>
				<total>29</total>
				<timestamp>7147.485931</timestamp>
			</report>
			<report>
				<misses>18829001</misses>
				<total>29</total>
				<timestamp>7147.865532</timestamp>
			</report>
			<report>
				<misses>18830001</misses>
				<total>29</total>
				<timestamp>7148.245163</timestamp>
			</report>
			<report>
				<misses>18831001</misses>
				<total>29</total>
				<timestamp>7148.624793</timestamp>
			</report>
			<report>
				<misses>18832001</misses>
				<total>29</total>
				<timestamp>7149.004462</timestamp>
			</report>
			<report>
				<misses>18833001</misses>
				<total>29</total>
				<timestamp>7149.384031</timestamp>
			</report>
			<report>
				<misses>18834001</misses>
				<total>29</total>
				<timestamp>7149.763662</timestamp>
			</report>
			<report>
				<misses>18835001</misses>
				<total>29</total>
				<timestamp>7150.143305</timestamp>
			</report>
			<report>
				<misses>18836001</misses>
				<total>29</total>
				<timestamp>7150.522897</timestamp>
			</report>
			<report>
				<misses>18837001</misses>
				<total>29</total>
				<timestamp>7150.902490</timestamp>
			</report>
			<report>
				<misses>18838001</misses>
				<total>29</total>
				<timestamp>7151.282128</timestamp>
			</report>
			<report>
				<misses>18839001</misses>
				<total>29</total>
				<timestamp>7151.661747</timestamp>
			</report>
			<report>
				<misses>18840001</misses>
				<total>29</total>
				<timestamp>7152.041406</timestamp>
			</report>
			<report>
				<misses>18841001</misses>
				<total>29</total>
				<timestamp>7152.420973</timestamp>
			</report>
			<report>
				<misses>18842001</misses>
				<total>29</total>
				<timestamp>7152.800637</timestamp>
			</report>
			<report>
				<misses>18843001</misses>
				<total>29</total>
				<timestamp>7153.180275</timestamp>
			</report>
			<report>
				<misses>18844001</misses>
				<total>29</total>
				<timestamp>7153.559864</timestamp>
			</report>
			<report>
				<misses>18845001</misses>
				<total>29</total>
				<timestamp>7153.939481</timestamp>
			</report>
			<report>
				<misses>18846001</misses>
				<total>29</total>
				<timestamp>7154.319085</timestamp>
			</report>
			<report>
				<misses>18847001</misses>
				<total>29</total>
				<timestamp>7154.698709</timestamp>
			</report>
			<report>
				<misses>18848001</misses>
				<total>29</total>
				<timestamp>7155.078345</timestamp>
			</report>
			<report>
				<misses>18849001</misses>
				<total>29</total>
				<timestamp>7155.457950</timestamp>
			</report>
			<report>
				<misses>18850001</misses>
				<total>29</total>
				<timestamp>7155.837558</timestamp>
			</report>
			<report>
				<misses>18851001</misses>
				<total>29</total>
				<timestamp>7156.217175</timestamp>
			</report>
			<report>
				<misses>18852001</misses>
				<total>29</total>
				<timestamp>7156.596817</timestamp>
			</report>
			<report>
				<misses>18853001</misses>
				<total>29</total>
				<timestamp>7156.976436</timestamp>
			</report>
			<report>
				<misses>18854001</misses>
				<total>29</total>
				<timestamp>7157.356046</timestamp>
			</report>
			<report>
				<misses>18855001</misses>
				<total>29</total>
				<timestamp>7157.735666</timestamp>
			</report>
			<report>
				<misses>18856001</misses>
				<total>29</total>
				<timestamp>7158.115307</timestamp>
			</report>
			<report>
				<misses>18857001</misses>
				<total>29</total>
				<timestamp>7158.494934</timestamp>
			</report>
			<report>
				<misses>18858001</misses>
				<total>29</total>
				<timestamp>7158.874548</timestamp>
			</report>
			<report>
				<misses>18859001</misses>
				<total>29</total>
				<timestamp>7159.254136</timestamp>
			</report>
			<report>
				<misses>18860001</misses>
				<total>29</total>
				<timestamp>7159.633777</timestamp>
			</report>
			<report>
				<misses>18861001</misses>
				<total>29</total>
				<timestamp>7160.013404</timestamp>
			</report>
			<report>
				<misses>18862001</misses>
				<total>29</total>
				<timestamp>7160.393015</timestamp>
			</report>
			<report>
				<misses>18863001</misses>
				<total>29</total>
				<timestamp>7160.772623</timestamp>
			</report>
			<report>
				<misses>18864001</misses>
				<total>29</total>
				<timestamp>7161.152277</timestamp>
			</report>
			<report>
				<misses>18865001</misses>
				<total>29</total>
				<timestamp>7161.531890</timestamp>
			</report>
			<report>
				<misses>18866001</misses>
				<total>29</total>
				<timestamp>7161.911511</timestamp>
			</report>
			<report>
				<misses>18867001</misses>
				<total>29</total>
				<timestamp>7162.291131</timestamp>
			</report>
			<report>
				<misses>18868001</misses>
				<total>29</total>
				<timestamp>7162.670726</timestamp>
			</report>
			<report>
				<misses>18869001</misses>
				<total>29</total>
				<timestamp>7163.050376</timestamp>
			</report>
			<report>
				<misses>18870001</misses>
				<total>29</total>
				<timestamp>7163.429973</timestamp>
			</report>
			<report>
				<misses>18871001</misses>
				<total>29</total>
				<timestamp>7163.809575</timestamp>
			</report>
			<report>
				<misses>18872001</misses>
				<total>29</total>
				<timestamp>7164.189238</timestamp>
			</report>
			<report>
				<misses>18873001</misses>
				<total>29</total>
				<timestamp>7164.568811</timestamp>
			</report>
			<report>
				<misses>18874001</misses>
				<total>29</total>
				<timestamp>7164.948467</timestamp>
			</report>
			<report>
				<misses>18875001</misses>
				<total>29</total>
				<timestamp>7165.328077</timestamp>
			</report>
			<report>
				<misses>18876001</misses>
				<total>29</total>
				<timestamp>7165.707696</timestamp>
			</report>
			<report>
				<misses>18877001</misses>
				<total>29</total>
				<timestamp>7166.087334</timestamp>
			</report>
			<report>
				<misses>18878001</misses>
				<total>29</total>
				<timestamp>7166.466973</timestamp>
			</report>
			<report>
				<misses>18879001</misses>
				<total>29</total>
				<timestamp>7166.846563</timestamp>
			</report>
			<report>
				<misses>18880001</misses>
				<total>29</total>
				<timestamp>7167.226197</timestamp>
			</report>
			<report>
				<misses>18881001</misses>
				<total>29</total>
				<timestamp>7167.605834</timestamp>
			</report>
			<report>
				<misses>18882001</misses>
				<total>29</total>
				<timestamp>7167.985433</timestamp>
			</report>
			<report>
				<misses>18883001</misses>
				<total>29</total>
				<timestamp>7168.365029</timestamp>
			</report>
			<report>
				<misses>18884001</misses>
				<total>29</total>
				<timestamp>7168.744644</timestamp>
			</report>
			<report>
				<misses>18885001</misses>
				<total>29</total>
				<timestamp>7169.124277</timestamp>
			</report>
			<report>
				<misses>18886001</misses>
				<total>29</total>
				<timestamp>7169.503906</timestamp>
			</report>
			<report>
				<misses>18887001</misses>
				<total>29</total>
				<timestamp>7169.883492</timestamp>
			</report>
			<report>
				<misses>18888001</misses>
				<total>29</total>
				<timestamp>7170.263135</timestamp>
			</report>
			<report>
				<misses>18889001</misses>
				<total>29</total>
				<timestamp>7170.642731</timestamp>
			</report>
			<report>
				<misses>18890001</misses>
				<total>29</total>
				<timestamp>7171.022388</timestamp>
			</report>
			<report>
				<misses>18891001</misses>
				<total>29</total>
				<timestamp>7171.401986</timestamp>
			</report>
			<report>
				<misses>18892001</misses>
				<total>29</total>
				<timestamp>7171.781585</timestamp>
			</report>
			<report>
				<misses>18893001</misses>
				<total>29</total>
				<timestamp>7172.161241</timestamp>
			</report>
			<report>
				<misses>18894001</misses>
				<total>29</total>
				<timestamp>7172.540841</timestamp>
			</report>
			<report>
				<misses>18895001</misses>
				<total>29</total>
				<timestamp>7172.920467</timestamp>
			</report>
			<report>
				<misses>18896001</misses>
				<total>29</total>
				<timestamp>7173.300094</timestamp>
			</report>
			<report>
				<misses>18897001</misses>
				<total>29</total>
				<timestamp>7173.679715</timestamp>
			</report>
			<report>
				<misses>18898001</misses>
				<total>29</total>
				<timestamp>7174.059336</timestamp>
			</report>
			<report>
				<misses>18899001</misses>
				<total>29</total>
				<timestamp>7174.438928</timestamp>
			</report>
			<report>
				<misses>18900001</misses>
				<total>29</total>
				<timestamp>7174.818577</timestamp>
			</report>
			<report>
				<misses>18901001</misses>
				<total>29</total>
				<timestamp>7175.198211</timestamp>
			</report>
			<report>
				<misses>18902001</misses>
				<total>29</total>
				<timestamp>7175.577795</timestamp>
			</report>
			<report>
				<misses>18903001</misses>
				<total>29</total>
				<timestamp>7175.957441</timestamp>
			</report>
			<report>
				<misses>18904001</misses>
				<total>29</total>
				<timestamp>7176.337074</timestamp>
			</report>
			<report>
				<misses>18905001</misses>
				<total>29</total>
				<timestamp>7176.716665</timestamp>
			</report>
			<report>
				<misses>18906001</misses>
				<total>29</total>
				<timestamp>7177.096331</timestamp>
			</report>
			<report>
				<misses>18907001</misses>
				<total>29</total>
				<timestamp>7177.475912</timestamp>
			</report>
			<report>
				<misses>18908001</misses>
				<total>29</total>
				<timestamp>7177.855506</timestamp>
			</report>
			<report>
				<misses>18909001</misses>
				<total>29</total>
				<timestamp>7178.235157</timestamp>
			</report>
			<report>
				<misses>18910001</misses>
				<total>29</total>
				<timestamp>7178.614762</timestamp>
			</report>
			<report>
				<misses>18911001</misses>
				<total>29</total>
				<timestamp>7178.994366</timestamp>
			</report>
			<report>
				<misses>18912001</misses>
				<total>29</total>
				<timestamp>7179.373999</timestamp>
			</report>
			<report>
				<misses>18913001</misses>
				<total>29</total>
				<timestamp>7179.753645</timestamp>
			</report>
			<report>
				<misses>18914001</misses>
				<total>29</total>
				<timestamp>7180.133254</timestamp>
			</report>
			<report>
				<misses>18915001</misses>
				<total>29</total>
				<timestamp>7180.512902</timestamp>
			</report>
			<report>
				<misses>18916001</misses>
				<total>29</total>
				<timestamp>7180.892483</timestamp>
			</report>
			<report>
				<misses>18917001</misses>
				<total>29</total>
				<timestamp>7181.272122</timestamp>
			</report>
			<report>
				<misses>18918001</misses>
				<total>29</total>
				<timestamp>7181.651739</timestamp>
			</report>
			<report>
				<misses>18919001</misses>
				<total>29</total>
				<timestamp>7182.031371</timestamp>
			</report>
			<report>
				<misses>18920001</misses>
				<total>29</total>
				<timestamp>7182.410968</timestamp>
			</report>
			<report>
				<misses>18921001</misses>
				<total>29</total>
				<timestamp>7182.790591</timestamp>
			</report>
			<report>
				<misses>18922001</misses>
				<total>29</total>
				<timestamp>7183.170228</timestamp>
			</report>
			<report>
				<misses>18923001</misses>
				<total>29</total>
				<timestamp>7183.549840</timestamp>
			</report>
			<report>
				<misses>18924001</misses>
				<total>29</total>
				<timestamp>7183.929458</timestamp>
			</report>
			<report>
				<misses>18925001</misses>
				<total>29</total>
				<timestamp>7184.309109</timestamp>
			</report>
			<report>
				<misses>18926001</misses>
				<total>29</total>
				<timestamp>7184.688690</timestamp>
			</report>
			<report>
				<misses>18927001</misses>
				<total>29</total>
				<timestamp>7185.068321</timestamp>
			</report>
			<report>
				<misses>18928001</misses>
				<total>29</total>
				<timestamp>7185.447923</timestamp>
			</report>
			<report>
				<misses>18929001</misses>
				<total>29</total>
				<timestamp>7185.827540</timestamp>
			</report>
			<report>
				<misses>18930001</misses>
				<total>29</total>
				<timestamp>7186.207215</timestamp>
			</report>
			<report>
				<misses>18931001</misses>
				<total>29</total>
				<timestamp>7186.586789</timestamp>
			</report>
			<report>
				<misses>18932001</misses>
				<total>29</total>
				<timestamp>7186.966414</timestamp>
			</report>
			<report>
				<misses>18933001</misses>
				<total>29</total>
				<timestamp>7187.346039</timestamp>
			</report>
			<report>
				<misses>18934001</misses>
				<total>29</total>
				<timestamp>7187.725632</timestamp>
			</report>
			<report>
				<misses>18935001</misses>
				<total>29</total>
				<timestamp>7188.105296</timestamp>
			</report>
			<report>
				<misses>18936001</misses>
				<total>29</total>
				<timestamp>7188.484882</timestamp>
			</report>
			<report>
				<misses>18937001</misses>
				<total>29</total>
				<timestamp>7188.864504</timestamp>
			</report>
			<report>
				<misses>18938001</misses>
				<total>29</total>
				<timestamp>7189.244148</timestamp>
			</report>
			<report>
				<misses>18939001</misses>
				<total>29</total>
				<timestamp>7189.623739</timestamp>
			</report>
			<report>
				<misses>18940001</misses>
				<total>29</total>
				<timestamp>7190.003367</timestamp>
			</report>
			<report>
				<misses>18941001</misses>
				<total>29</total>
				<timestamp>7190.382990</timestamp>
			</report>
			<report>
				<misses>18942001</misses>
				<total>29</total>
				<timestamp>7190.762603</timestamp>
			</report>
			<report>
				<misses>18943001</misses>
				<total>29</total>
				<timestamp>7191.142264</timestamp>
			</report>
			<report>
				<misses>18944001</misses>
				<total>29</total>
				<timestamp>7191.521843</timestamp>
			</report>
			<report>
				<misses>18945001</misses>
				<total>29</total>
				<timestamp>7191.901458</timestamp>
			</report>
			<report>
				<misses>18946001</misses>
				<total>29</total>
				<timestamp>7192.281105</timestamp>
			</report>
			<report>
				<misses>18947001</misses>
				<total>29</total>
				<timestamp>7192.660698</timestamp>
			</report>
			<report>
				<misses>18948001</misses>
				<total>29</total>
				<timestamp>7193.040308</timestamp>
			</report>
			<report>
				<misses>18949001</misses>
				<total>29</total>
				<timestamp>7193.419962</timestamp>
			</report>
			<report>
				<misses>18950001</misses>
				<total>29</total>
				<timestamp>7193.799568</timestamp>
			</report>
			<report>
				<misses>18951001</misses>
				<total>29</total>
				<timestamp>7194.179197</timestamp>
			</report>
			<report>
				<misses>18952001</misses>
				<total>29</total>
				<timestamp>7194.558793</timestamp>
			</report>
			<report>
				<misses>18953001</misses>
				<total>29</total>
				<timestamp>7194.938422</timestamp>
			</report>
			<report>
				<misses>18954001</misses>
				<total>29</total>
				<timestamp>7195.318083</timestamp>
			</report>
			<report>
				<misses>18955001</misses>
				<total>29</total>
				<timestamp>7195.697663</timestamp>
			</report>
			<report>
				<misses>18956001</misses>
				<total>29</total>
				<timestamp>7196.077318</timestamp>
			</report>
			<report>
				<misses>18957001</misses>
				<total>29</total>
				<timestamp>7196.456893</timestamp>
			</report>
			<report>
				<misses>18958001</misses>
				<total>29</total>
				<timestamp>7196.836521</timestamp>
			</report>
			<report>
				<misses>18959001</misses>
				<total>29</total>
				<timestamp>7197.216159</timestamp>
			</report>
			<report>
				<misses>18960001</misses>
				<total>29</total>
				<timestamp>7197.595769</timestamp>
			</report>
			<report>
				<misses>18961001</misses>
				<total>29</total>
				<timestamp>7197.975379</timestamp>
			</report>
			<report>
				<misses>18962001</misses>
				<total>29</total>
				<timestamp>7198.355036</timestamp>
			</report>
			<report>
				<misses>18963001</misses>
				<total>29</total>
				<timestamp>7198.734617</timestamp>
			</report>
			<report>
				<misses>18964001</misses>
				<total>29</total>
				<timestamp>7199.114257</timestamp>
			</report>
		</query>
	</custom>
	<ethtool_statistic>
		<rx_packets>
			<start>13032674438</start>
			<end>13656989953</end>
		</rx_packets>
		<tx_packets>
			<start>21101242771</start>
			<end>21975393941</end>
		</tx_packets>
		<rx_dropped>
			<start>1251</start>
			<end>1251</end>
		</rx_dropped>
		<tx_dropped>
			<start>0</start>
			<end>0</end>
		</tx_dropped>
		<collisions>
			<start>0</start>
			<end>0</end>
		</collisions>
		<port_tx_errors>
			<start>0</start>
			<end>0</end>
		</port_tx_errors>
		<port_rx_dropped>
			<start>0</start>
			<end>0</end>
		</port_rx_dropped>
		<port_tx_dropped_link_down>
			<start>0</start>
			<end>0</end>
		</port_tx_dropped_link_down>
	</ethtool_statistic>
	<ip_statistic>
		<mtu>
			<start>9000</start>
			<end>9000</end>
		</mtu>
		<rx_bytes>
			<start>53195406339253</start>
			<end>55635194745797</end>
		</rx_bytes>
		<rx_packets>
			<start>13032674494</start>
			<end>13656990166</end>
		</rx_packets>
		<rx_errors>
			<start>0</start>
			<end>0</end>
		</rx_errors>
		<rx_dropped>
			<start>1251</start>
			<end>1251</end>
		</rx_dropped>
		<rx_missed>
			<start>0</start>
			<end>0</end>
		</rx_missed>
		<rx_mcast>
			<start>5750</start>
			<end>5843</end>
		</rx_mcast>
		<tx_bytes>
			<start>74809763950438</start>
			<end>77877921849166</end>
		</tx_bytes>
		<tx_packets>
			<start>21101243279</start>
			<end>21975394475</end>
		</tx_packets>
		<tx_errors>
			<start>0</start>
			<end>0</end>
		</tx_errors>
		<tx_dropped>
			<start>0</start>
			<end>0</end>
		</tx_dropped>
		<tx_carrier>
			<start>0</start>
			<end>0</end>
		</tx_carrier>
		<tx_collisions>
			<start>0</start>
			<end>0</end>
		</tx_collisions>
	</ip_statistic>
	<netstat_statistic>
		<udp_pkg_rec>
			<start>11036033381</start>
			<end>11568099150</end>
		</udp_pkg_rec>
		<udp_pkg_snt>
			<start>18065000600</start>
			<end>18806573528</end>
		</udp_pkg_snt>
		<udp_rec_err>
			<start>1998924697</start>
			<end>2091211312</end>
		</udp_rec_err>
		<udp_rec_buf_err>
			<start>1998924697</start>
			<end>2091211312</end>
		</udp_rec_buf_err>
		<udp_snt_buf_err>
			<start>0</start>
			<end>0</end>
		</udp_snt_buf_err>
	</netstat_statistic>
</test_results>
