<?xml version="1.0"?>
<test_results>
	<status>STATUS_SUCCESS</status>
	<custom>
		<num_loss>-1</num_loss>
		<num_total>-1</num_total>
		<num_misses>-1</num_misses>
		<elapsed_time>-1.000000</elapsed_time>
		<query />
	</custom>
	<ethtool_statistic>
		<rx_packets>
			<start>1038512005</start>
			<end>1069128041</end>
		</rx_packets>
		<tx_packets>
			<start>577074054</start>
			<end>599000829</end>
		</tx_packets>
		<rx_dropped>
			<start>0</start>
			<end>0</end>
		</rx_dropped>
		<tx_dropped>
			<start>0</start>
			<end>0</end>
		</tx_dropped>
		<collisions>
			<start>0</start>
			<end>0</end>
		</collisions>
		<port_tx_errors>
			<start>0</start>
			<end>0</end>
		</port_tx_errors>
		<port_rx_dropped>
			<start>0</start>
			<end>0</end>
		</port_rx_dropped>
		<port_tx_dropped_link_down>
			<start>0</start>
			<end>0</end>
		</port_tx_dropped_link_down>
	</ethtool_statistic>
	<ip_statistic>
		<mtu>
			<start>9000</start>
			<end>9000</end>
		</mtu>
		<rx_bytes>
			<start>8791624968765</start>
			<end>9053581372953</end>
		</rx_bytes>
		<rx_packets>
			<start>1038512169</start>
			<end>1069128102</end>
		</rx_packets>
		<rx_errors>
			<start>0</start>
			<end>0</end>
		</rx_errors>
		<rx_dropped>
			<start>0</start>
			<end>0</end>
		</rx_dropped>
		<rx_missed>
			<start>0</start>
			<end>0</end>
		</rx_missed>
		<rx_mcast>
			<start>234</start>
			<end>241</end>
		</rx_mcast>
		<tx_bytes>
			<start>5187797319472</start>
			<end>5384916651222</end>
		</tx_bytes>
		<tx_packets>
			<start>577074114</start>
			<end>599000910</end>
		</tx_packets>
		<tx_errors>
			<start>0</start>
			<end>0</end>
		</tx_errors>
		<tx_dropped>
			<start>0</start>
			<end>0</end>
		</tx_dropped>
		<tx_carrier>
			<start>0</start>
			<end>0</end>
		</tx_carrier>
		<tx_collisions>
			<start>0</start>
			<end>0</end>
		</tx_collisions>
	</ip_statistic>
	<netstat_statistic>
		<udp_pkg_rec>
			<start>419772988</start>
			<end>436185738</end>
		</udp_pkg_rec>
		<udp_pkg_snt>
			<start>577075212</start>
			<end>599001961</end>
		</udp_pkg_snt>
		<udp_rec_err>
			<start>4662161</start>
			<end>4866817</end>
		</udp_rec_err>
		<udp_rec_buf_err>
			<start>4662161</start>
			<end>4866817</end>
		</udp_rec_buf_err>
		<udp_snt_buf_err>
			<start>0</start>
			<end>0</end>
		</udp_snt_buf_err>
	</netstat_statistic>
</test_results>
