<?xml version="1.0"?>
<test_results>
	<status>STATUS_SUCCESS</status>
	<custom>
		<num_loss>286</num_loss>
		<num_total>1000001</num_total>
		<num_misses>0</num_misses>
		<elapsed_time>150.000116</elapsed_time>
		<query>
			<report>
				<misses>1000000</misses>
				<total>287</total>
			</report>
		</query>
	</custom>
	<ethtool_statistic>
		<rx_packets>
			<start>16873196330</start>
			<end>16880409865</end>
		</rx_packets>
		<tx_packets>
			<start>19625951741</start>
			<end>19638279792</end>
		</tx_packets>
		<rx_dropped>
			<start>63</start>
			<end>63</end>
		</rx_dropped>
		<tx_dropped>
			<start>0</start>
			<end>0</end>
		</tx_dropped>
		<collisions>
			<start>0</start>
			<end>0</end>
		</collisions>
		<port_tx_errors>
			<start>0</start>
			<end>0</end>
		</port_tx_errors>
		<port_rx_dropped>
			<start>0</start>
			<end>0</end>
		</port_rx_dropped>
		<port_tx_dropped_link_down>
			<start>0</start>
			<end>0</end>
		</port_tx_dropped_link_down>
	</ethtool_statistic>
	<ip_statistic>
		<mtu>
			<start>9000</start>
			<end>9000</end>
		</mtu>
		<rx_bytes>
			<start>151676965281867</start>
			<end>151741814284129</end>
		</rx_bytes>
		<rx_packets>
			<start>16873196427</start>
			<end>16880409963</end>
		</rx_packets>
		<rx_errors>
			<start>0</start>
			<end>0</end>
		</rx_errors>
		<rx_dropped>
			<start>69</start>
			<end>69</end>
		</rx_dropped>
		<rx_missed>
			<start>0</start>
			<end>0</end>
		</rx_missed>
		<rx_mcast>
			<start>12308</start>
			<end>12311</end>
		</rx_mcast>
		<tx_bytes>
			<start>132847226593610</start>
			<end>132951415452224</end>
		</tx_bytes>
		<tx_packets>
			<start>19625951780</start>
			<end>19638279854</end>
		</tx_packets>
		<tx_errors>
			<start>0</start>
			<end>0</end>
		</tx_errors>
		<tx_dropped>
			<start>0</start>
			<end>0</end>
		</tx_dropped>
		<tx_carrier>
			<start>0</start>
			<end>0</end>
		</tx_carrier>
		<tx_collisions>
			<start>0</start>
			<end>0</end>
		</tx_collisions>
	</ip_statistic>
	<netstat_statistic>
		<udp_pkg_rec>
			<start>16603275155</start>
			<end>16610123738</end>
		</udp_pkg_rec>
		<udp_pkg_snt>
			<start>16619745079</start>
			<end>16625073481</end>
		</udp_pkg_snt>
		<udp_rec_err>
			<start>271918856</start>
			<end>272283769</end>
		</udp_rec_err>
		<udp_rec_buf_err>
			<start>271918856</start>
			<end>272283769</end>
		</udp_rec_buf_err>
		<udp_snt_buf_err>
			<start>28</start>
			<end>28</end>
		</udp_snt_buf_err>
	</netstat_statistic>
</test_results>
