<?xml version="1.0"?>
<test_results>
	<status>STATUS_SUCCESS</status>
	<custom>
		<num_loss>0</num_loss>
		<num_total>291939524</num_total>
		<num_misses>-1707068586</num_misses>
		<elapsed_time>7199.588288</elapsed_time>
		<query>
			<report>
				<misses>100001</misses>
				<total>0</total>
				<timestamp>0.759002</timestamp>
			</report>
			<report>
				<misses>200001</misses>
				<total>0</total>
				<timestamp>1.724160</timestamp>
			</report>
			<report>
				<misses>300001</misses>
				<total>0</total>
				<timestamp>3.578105</timestamp>
			</report>
			<report>
				<misses>400001</misses>
				<total>0</total>
				<timestamp>6.043206</timestamp>
			</report>
			<report>
				<misses>500001</misses>
				<total>0</total>
				<timestamp>8.528375</timestamp>
			</report>
			<report>
				<misses>600001</misses>
				<total>0</total>
				<timestamp>11.015246</timestamp>
			</report>
			<report>
				<misses>700001</misses>
				<total>0</total>
				<timestamp>13.520690</timestamp>
			</report>
			<report>
				<misses>800001</misses>
				<total>0</total>
				<timestamp>16.024526</timestamp>
			</report>
			<report>
				<misses>900001</misses>
				<total>0</total>
				<timestamp>18.514978</timestamp>
			</report>
			<report>
				<misses>1000001</misses>
				<total>0</total>
				<timestamp>21.023735</timestamp>
			</report>
			<report>
				<misses>1100001</misses>
				<total>0</total>
				<timestamp>23.537626</timestamp>
			</report>
			<report>
				<misses>1200001</misses>
				<total>0</total>
				<timestamp>26.047770</timestamp>
			</report>
			<report>
				<misses>1300001</misses>
				<total>0</total>
				<timestamp>28.553674</timestamp>
			</report>
			<report>
				<misses>1400001</misses>
				<total>0</total>
				<timestamp>31.065312</timestamp>
			</report>
			<report>
				<misses>1500001</misses>
				<total>0</total>
				<timestamp>33.570894</timestamp>
			</report>
			<report>
				<misses>1600001</misses>
				<total>0</total>
				<timestamp>36.067222</timestamp>
			</report>
			<report>
				<misses>1700001</misses>
				<total>0</total>
				<timestamp>38.577127</timestamp>
			</report>
			<report>
				<misses>1800001</misses>
				<total>0</total>
				<timestamp>41.093689</timestamp>
			</report>
			<report>
				<misses>1900001</misses>
				<total>0</total>
				<timestamp>43.606122</timestamp>
			</report>
			<report>
				<misses>2000001</misses>
				<total>0</total>
				<timestamp>46.116113</timestamp>
			</report>
			<report>
				<misses>2100001</misses>
				<total>0</total>
				<timestamp>48.631799</timestamp>
			</report>
			<report>
				<misses>2200001</misses>
				<total>0</total>
				<timestamp>51.141537</timestamp>
			</report>
			<report>
				<misses>2300001</misses>
				<total>0</total>
				<timestamp>53.655473</timestamp>
			</report>
			<report>
				<misses>2400001</misses>
				<total>0</total>
				<timestamp>56.169202</timestamp>
			</report>
			<report>
				<misses>2500001</misses>
				<total>0</total>
				<timestamp>58.680007</timestamp>
			</report>
			<report>
				<misses>2600001</misses>
				<total>0</total>
				<timestamp>61.193483</timestamp>
			</report>
			<report>
				<misses>2700001</misses>
				<total>0</total>
				<timestamp>63.708395</timestamp>
			</report>
			<report>
				<misses>2800001</misses>
				<total>0</total>
				<timestamp>66.221964</timestamp>
			</report>
			<report>
				<misses>2900001</misses>
				<total>0</total>
				<timestamp>68.747694</timestamp>
			</report>
			<report>
				<misses>3000001</misses>
				<total>0</total>
				<timestamp>71.266949</timestamp>
			</report>
			<report>
				<misses>3100001</misses>
				<total>0</total>
				<timestamp>73.782190</timestamp>
			</report>
			<report>
				<misses>3200001</misses>
				<total>0</total>
				<timestamp>76.305450</timestamp>
			</report>
			<report>
				<misses>3300001</misses>
				<total>0</total>
				<timestamp>78.830125</timestamp>
			</report>
			<report>
				<misses>3400001</misses>
				<total>0</total>
				<timestamp>81.356179</timestamp>
			</report>
			<report>
				<misses>3500001</misses>
				<total>0</total>
				<timestamp>83.872201</timestamp>
			</report>
			<report>
				<misses>3600001</misses>
				<total>0</total>
				<timestamp>86.396591</timestamp>
			</report>
			<report>
				<misses>3700001</misses>
				<total>0</total>
				<timestamp>88.919864</timestamp>
			</report>
			<report>
				<misses>3800001</misses>
				<total>0</total>
				<timestamp>91.418782</timestamp>
			</report>
			<report>
				<misses>3900001</misses>
				<total>0</total>
				<timestamp>93.921907</timestamp>
			</report>
			<report>
				<misses>4000001</misses>
				<total>0</total>
				<timestamp>96.406579</timestamp>
			</report>
			<report>
				<misses>4100001</misses>
				<total>0</total>
				<timestamp>98.890476</timestamp>
			</report>
			<report>
				<misses>4200001</misses>
				<total>0</total>
				<timestamp>101.367381</timestamp>
			</report>
			<report>
				<misses>4300001</misses>
				<total>0</total>
				<timestamp>103.830120</timestamp>
			</report>
			<report>
				<misses>4400001</misses>
				<total>0</total>
				<timestamp>106.285311</timestamp>
			</report>
			<report>
				<misses>4500001</misses>
				<total>0</total>
				<timestamp>108.749614</timestamp>
			</report>
			<report>
				<misses>4600001</misses>
				<total>0</total>
				<timestamp>111.213709</timestamp>
			</report>
			<report>
				<misses>4700001</misses>
				<total>0</total>
				<timestamp>113.690082</timestamp>
			</report>
			<report>
				<misses>4800001</misses>
				<total>0</total>
				<timestamp>116.166202</timestamp>
			</report>
			<report>
				<misses>4900001</misses>
				<total>0</total>
				<timestamp>118.638415</timestamp>
			</report>
			<report>
				<misses>5000001</misses>
				<total>0</total>
				<timestamp>121.134475</timestamp>
			</report>
			<report>
				<misses>5100001</misses>
				<total>0</total>
				<timestamp>123.622677</timestamp>
			</report>
			<report>
				<misses>5200001</misses>
				<total>0</total>
				<timestamp>126.122045</timestamp>
			</report>
			<report>
				<misses>5300001</misses>
				<total>0</total>
				<timestamp>128.618041</timestamp>
			</report>
			<report>
				<misses>5400001</misses>
				<total>0</total>
				<timestamp>131.103147</timestamp>
			</report>
			<report>
				<misses>5500001</misses>
				<total>0</total>
				<timestamp>133.585223</timestamp>
			</report>
			<report>
				<misses>5600001</misses>
				<total>0</total>
				<timestamp>136.080524</timestamp>
			</report>
			<report>
				<misses>5700001</misses>
				<total>0</total>
				<timestamp>138.571156</timestamp>
			</report>
			<report>
				<misses>5800001</misses>
				<total>0</total>
				<timestamp>141.052779</timestamp>
			</report>
			<report>
				<misses>5900001</misses>
				<total>0</total>
				<timestamp>143.534821</timestamp>
			</report>
			<report>
				<misses>6000001</misses>
				<total>0</total>
				<timestamp>146.012997</timestamp>
			</report>
			<report>
				<misses>6100001</misses>
				<total>0</total>
				<timestamp>148.476469</timestamp>
			</report>
			<report>
				<misses>6200001</misses>
				<total>0</total>
				<timestamp>150.948695</timestamp>
			</report>
			<report>
				<misses>6300001</misses>
				<total>0</total>
				<timestamp>153.414652</timestamp>
			</report>
			<report>
				<misses>6400001</misses>
				<total>0</total>
				<timestamp>155.882092</timestamp>
			</report>
			<report>
				<misses>6500001</misses>
				<total>0</total>
				<timestamp>158.357753</timestamp>
			</report>
			<report>
				<misses>6600001</misses>
				<total>0</total>
				<timestamp>160.830870</timestamp>
			</report>
			<report>
				<misses>6700001</misses>
				<total>0</total>
				<timestamp>163.296134</timestamp>
			</report>
			<report>
				<misses>6800001</misses>
				<total>0</total>
				<timestamp>165.760665</timestamp>
			</report>
			<report>
				<misses>6900001</misses>
				<total>0</total>
				<timestamp>168.222672</timestamp>
			</report>
			<report>
				<misses>7000001</misses>
				<total>0</total>
				<timestamp>170.705426</timestamp>
			</report>
			<report>
				<misses>7100001</misses>
				<total>0</total>
				<timestamp>173.172232</timestamp>
			</report>
			<report>
				<misses>7200001</misses>
				<total>0</total>
				<timestamp>175.652666</timestamp>
			</report>
			<report>
				<misses>7300001</misses>
				<total>0</total>
				<timestamp>178.110107</timestamp>
			</report>
			<report>
				<misses>7400001</misses>
				<total>0</total>
				<timestamp>180.576563</timestamp>
			</report>
			<report>
				<misses>7500001</misses>
				<total>0</total>
				<timestamp>183.047187</timestamp>
			</report>
			<report>
				<misses>7600001</misses>
				<total>0</total>
				<timestamp>185.537794</timestamp>
			</report>
			<report>
				<misses>7700001</misses>
				<total>0</total>
				<timestamp>188.003682</timestamp>
			</report>
			<report>
				<misses>7800001</misses>
				<total>0</total>
				<timestamp>190.466997</timestamp>
			</report>
			<report>
				<misses>7900001</misses>
				<total>0</total>
				<timestamp>192.952082</timestamp>
			</report>
			<report>
				<misses>8000001</misses>
				<total>0</total>
				<timestamp>195.424970</timestamp>
			</report>
			<report>
				<misses>8100001</misses>
				<total>0</total>
				<timestamp>197.907883</timestamp>
			</report>
			<report>
				<misses>8200001</misses>
				<total>0</total>
				<timestamp>200.370058</timestamp>
			</report>
			<report>
				<misses>8300001</misses>
				<total>0</total>
				<timestamp>202.848285</timestamp>
			</report>
			<report>
				<misses>8400001</misses>
				<total>0</total>
				<timestamp>205.313846</timestamp>
			</report>
			<report>
				<misses>8500001</misses>
				<total>0</total>
				<timestamp>207.780621</timestamp>
			</report>
			<report>
				<misses>8600001</misses>
				<total>0</total>
				<timestamp>210.260286</timestamp>
			</report>
			<report>
				<misses>8700001</misses>
				<total>0</total>
				<timestamp>212.719541</timestamp>
			</report>
			<report>
				<misses>8800001</misses>
				<total>0</total>
				<timestamp>215.176323</timestamp>
			</report>
			<report>
				<misses>8900001</misses>
				<total>0</total>
				<timestamp>217.630640</timestamp>
			</report>
			<report>
				<misses>9000001</misses>
				<total>0</total>
				<timestamp>220.084144</timestamp>
			</report>
			<report>
				<misses>9100001</misses>
				<total>0</total>
				<timestamp>222.539020</timestamp>
			</report>
			<report>
				<misses>9200001</misses>
				<total>0</total>
				<timestamp>224.995085</timestamp>
			</report>
			<report>
				<misses>9300001</misses>
				<total>0</total>
				<timestamp>227.447830</timestamp>
			</report>
			<report>
				<misses>9400001</misses>
				<total>0</total>
				<timestamp>229.906784</timestamp>
			</report>
			<report>
				<misses>9500001</misses>
				<total>0</total>
				<timestamp>232.368695</timestamp>
			</report>
			<report>
				<misses>9600001</misses>
				<total>0</total>
				<timestamp>234.834598</timestamp>
			</report>
			<report>
				<misses>9700001</misses>
				<total>0</total>
				<timestamp>237.305034</timestamp>
			</report>
			<report>
				<misses>9800001</misses>
				<total>0</total>
				<timestamp>239.763613</timestamp>
			</report>
			<report>
				<misses>9900001</misses>
				<total>0</total>
				<timestamp>242.218511</timestamp>
			</report>
			<report>
				<misses>10000001</misses>
				<total>0</total>
				<timestamp>244.673791</timestamp>
			</report>
			<report>
				<misses>10100001</misses>
				<total>0</total>
				<timestamp>247.138237</timestamp>
			</report>
			<report>
				<misses>10200001</misses>
				<total>0</total>
				<timestamp>249.598644</timestamp>
			</report>
			<report>
				<misses>10300001</misses>
				<total>0</total>
				<timestamp>252.065116</timestamp>
			</report>
			<report>
				<misses>10400001</misses>
				<total>0</total>
				<timestamp>254.528471</timestamp>
			</report>
			<report>
				<misses>10500001</misses>
				<total>0</total>
				<timestamp>256.994657</timestamp>
			</report>
			<report>
				<misses>10600001</misses>
				<total>0</total>
				<timestamp>259.474766</timestamp>
			</report>
			<report>
				<misses>10700001</misses>
				<total>0</total>
				<timestamp>261.942264</timestamp>
			</report>
			<report>
				<misses>10800001</misses>
				<total>0</total>
				<timestamp>264.404268</timestamp>
			</report>
			<report>
				<misses>10900001</misses>
				<total>0</total>
				<timestamp>266.866775</timestamp>
			</report>
			<report>
				<misses>11000001</misses>
				<total>0</total>
				<timestamp>269.330451</timestamp>
			</report>
			<report>
				<misses>11100001</misses>
				<total>0</total>
				<timestamp>271.791728</timestamp>
			</report>
			<report>
				<misses>11200001</misses>
				<total>0</total>
				<timestamp>274.246165</timestamp>
			</report>
			<report>
				<misses>11300001</misses>
				<total>0</total>
				<timestamp>276.710514</timestamp>
			</report>
			<report>
				<misses>11400001</misses>
				<total>0</total>
				<timestamp>279.178465</timestamp>
			</report>
			<report>
				<misses>11500001</misses>
				<total>0</total>
				<timestamp>281.641305</timestamp>
			</report>
			<report>
				<misses>11600001</misses>
				<total>0</total>
				<timestamp>284.108376</timestamp>
			</report>
			<report>
				<misses>11700001</misses>
				<total>0</total>
				<timestamp>286.572877</timestamp>
			</report>
			<report>
				<misses>11800001</misses>
				<total>0</total>
				<timestamp>289.036204</timestamp>
			</report>
			<report>
				<misses>11900001</misses>
				<total>0</total>
				<timestamp>291.493315</timestamp>
			</report>
			<report>
				<misses>12000001</misses>
				<total>0</total>
				<timestamp>293.955381</timestamp>
			</report>
			<report>
				<misses>12100001</misses>
				<total>0</total>
				<timestamp>296.425717</timestamp>
			</report>
			<report>
				<misses>12200001</misses>
				<total>0</total>
				<timestamp>298.891441</timestamp>
			</report>
			<report>
				<misses>12300001</misses>
				<total>0</total>
				<timestamp>301.357927</timestamp>
			</report>
			<report>
				<misses>12400001</misses>
				<total>0</total>
				<timestamp>303.805086</timestamp>
			</report>
			<report>
				<misses>12500001</misses>
				<total>0</total>
				<timestamp>306.268406</timestamp>
			</report>
			<report>
				<misses>12600001</misses>
				<total>0</total>
				<timestamp>308.757426</timestamp>
			</report>
			<report>
				<misses>12700001</misses>
				<total>0</total>
				<timestamp>311.209211</timestamp>
			</report>
			<report>
				<misses>12800001</misses>
				<total>0</total>
				<timestamp>313.668493</timestamp>
			</report>
			<report>
				<misses>12900001</misses>
				<total>0</total>
				<timestamp>316.121462</timestamp>
			</report>
			<report>
				<misses>13000001</misses>
				<total>0</total>
				<timestamp>318.602152</timestamp>
			</report>
			<report>
				<misses>13100001</misses>
				<total>0</total>
				<timestamp>321.073222</timestamp>
			</report>
			<report>
				<misses>13200001</misses>
				<total>0</total>
				<timestamp>323.529743</timestamp>
			</report>
			<report>
				<misses>13300001</misses>
				<total>0</total>
				<timestamp>325.987453</timestamp>
			</report>
			<report>
				<misses>13400001</misses>
				<total>0</total>
				<timestamp>328.442618</timestamp>
			</report>
			<report>
				<misses>13500001</misses>
				<total>0</total>
				<timestamp>330.901617</timestamp>
			</report>
			<report>
				<misses>13600001</misses>
				<total>0</total>
				<timestamp>333.349863</timestamp>
			</report>
			<report>
				<misses>13700001</misses>
				<total>0</total>
				<timestamp>335.804019</timestamp>
			</report>
			<report>
				<misses>13800001</misses>
				<total>0</total>
				<timestamp>338.263140</timestamp>
			</report>
			<report>
				<misses>13900001</misses>
				<total>0</total>
				<timestamp>340.725203</timestamp>
			</report>
			<report>
				<misses>14000001</misses>
				<total>0</total>
				<timestamp>343.181569</timestamp>
			</report>
			<report>
				<misses>14100001</misses>
				<total>0</total>
				<timestamp>345.640315</timestamp>
			</report>
			<report>
				<misses>14200001</misses>
				<total>0</total>
				<timestamp>348.079188</timestamp>
			</report>
			<report>
				<misses>14300001</misses>
				<total>0</total>
				<timestamp>350.541047</timestamp>
			</report>
			<report>
				<misses>14400001</misses>
				<total>0</total>
				<timestamp>353.000105</timestamp>
			</report>
			<report>
				<misses>14500001</misses>
				<total>0</total>
				<timestamp>355.462618</timestamp>
			</report>
			<report>
				<misses>14600001</misses>
				<total>0</total>
				<timestamp>357.931777</timestamp>
			</report>
			<report>
				<misses>14700001</misses>
				<total>0</total>
				<timestamp>360.389984</timestamp>
			</report>
			<report>
				<misses>14800001</misses>
				<total>0</total>
				<timestamp>362.845337</timestamp>
			</report>
			<report>
				<misses>14900001</misses>
				<total>0</total>
				<timestamp>365.309520</timestamp>
			</report>
			<report>
				<misses>15000001</misses>
				<total>0</total>
				<timestamp>367.771182</timestamp>
			</report>
			<report>
				<misses>15100001</misses>
				<total>0</total>
				<timestamp>370.231392</timestamp>
			</report>
			<report>
				<misses>15200001</misses>
				<total>0</total>
				<timestamp>372.686917</timestamp>
			</report>
			<report>
				<misses>15300001</misses>
				<total>0</total>
				<timestamp>375.144268</timestamp>
			</report>
			<report>
				<misses>15400001</misses>
				<total>0</total>
				<timestamp>377.600165</timestamp>
			</report>
			<report>
				<misses>15500001</misses>
				<total>0</total>
				<timestamp>380.052275</timestamp>
			</report>
			<report>
				<misses>15600001</misses>
				<total>0</total>
				<timestamp>382.501220</timestamp>
			</report>
			<report>
				<misses>15700001</misses>
				<total>0</total>
				<timestamp>384.948446</timestamp>
			</report>
			<report>
				<misses>15800001</misses>
				<total>0</total>
				<timestamp>387.406307</timestamp>
			</report>
			<report>
				<misses>15900001</misses>
				<total>0</total>
				<timestamp>389.860038</timestamp>
			</report>
			<report>
				<misses>16000001</misses>
				<total>0</total>
				<timestamp>392.315702</timestamp>
			</report>
			<report>
				<misses>16100001</misses>
				<total>0</total>
				<timestamp>394.760385</timestamp>
			</report>
			<report>
				<misses>16200001</misses>
				<total>0</total>
				<timestamp>397.204630</timestamp>
			</report>
			<report>
				<misses>16300001</misses>
				<total>0</total>
				<timestamp>399.654327</timestamp>
			</report>
			<report>
				<misses>16400001</misses>
				<total>0</total>
				<timestamp>402.103233</timestamp>
			</report>
			<report>
				<misses>16500001</misses>
				<total>0</total>
				<timestamp>404.573417</timestamp>
			</report>
			<report>
				<misses>16600001</misses>
				<total>0</total>
				<timestamp>407.031233</timestamp>
			</report>
			<report>
				<misses>16700001</misses>
				<total>0</total>
				<timestamp>409.497011</timestamp>
			</report>
			<report>
				<misses>16800001</misses>
				<total>0</total>
				<timestamp>411.953828</timestamp>
			</report>
			<report>
				<misses>16900001</misses>
				<total>0</total>
				<timestamp>414.400843</timestamp>
			</report>
			<report>
				<misses>17000001</misses>
				<total>0</total>
				<timestamp>416.855416</timestamp>
			</report>
			<report>
				<misses>17100001</misses>
				<total>0</total>
				<timestamp>419.311627</timestamp>
			</report>
			<report>
				<misses>17200001</misses>
				<total>0</total>
				<timestamp>421.759980</timestamp>
			</report>
			<report>
				<misses>17300001</misses>
				<total>0</total>
				<timestamp>424.222679</timestamp>
			</report>
			<report>
				<misses>17400001</misses>
				<total>0</total>
				<timestamp>426.686664</timestamp>
			</report>
			<report>
				<misses>17500001</misses>
				<total>0</total>
				<timestamp>429.142400</timestamp>
			</report>
			<report>
				<misses>17600001</misses>
				<total>0</total>
				<timestamp>431.596312</timestamp>
			</report>
			<report>
				<misses>17700001</misses>
				<total>0</total>
				<timestamp>434.053794</timestamp>
			</report>
			<report>
				<misses>17800001</misses>
				<total>0</total>
				<timestamp>436.510203</timestamp>
			</report>
			<report>
				<misses>17900001</misses>
				<total>0</total>
				<timestamp>438.964497</timestamp>
			</report>
			<report>
				<misses>18000001</misses>
				<total>0</total>
				<timestamp>441.420385</timestamp>
			</report>
			<report>
				<misses>18100001</misses>
				<total>0</total>
				<timestamp>443.880914</timestamp>
			</report>
			<report>
				<misses>18200001</misses>
				<total>0</total>
				<timestamp>446.345712</timestamp>
			</report>
			<report>
				<misses>18300001</misses>
				<total>0</total>
				<timestamp>448.802597</timestamp>
			</report>
			<report>
				<misses>18400001</misses>
				<total>0</total>
				<timestamp>451.253876</timestamp>
			</report>
			<report>
				<misses>18500001</misses>
				<total>0</total>
				<timestamp>453.702527</timestamp>
			</report>
			<report>
				<misses>18600001</misses>
				<total>0</total>
				<timestamp>456.158607</timestamp>
			</report>
			<report>
				<misses>18700001</misses>
				<total>0</total>
				<timestamp>458.612091</timestamp>
			</report>
			<report>
				<misses>18800001</misses>
				<total>0</total>
				<timestamp>461.078343</timestamp>
			</report>
			<report>
				<misses>18900001</misses>
				<total>0</total>
				<timestamp>463.538975</timestamp>
			</report>
			<report>
				<misses>19000001</misses>
				<total>0</total>
				<timestamp>466.001705</timestamp>
			</report>
			<report>
				<misses>19100001</misses>
				<total>0</total>
				<timestamp>468.454683</timestamp>
			</report>
			<report>
				<misses>19200001</misses>
				<total>0</total>
				<timestamp>470.904285</timestamp>
			</report>
			<report>
				<misses>19300001</misses>
				<total>0</total>
				<timestamp>473.357358</timestamp>
			</report>
			<report>
				<misses>19400001</misses>
				<total>0</total>
				<timestamp>475.815320</timestamp>
			</report>
			<report>
				<misses>19500001</misses>
				<total>0</total>
				<timestamp>478.279758</timestamp>
			</report>
			<report>
				<misses>19600001</misses>
				<total>0</total>
				<timestamp>480.733037</timestamp>
			</report>
			<report>
				<misses>19700001</misses>
				<total>0</total>
				<timestamp>483.194686</timestamp>
			</report>
			<report>
				<misses>19800001</misses>
				<total>0</total>
				<timestamp>485.642055</timestamp>
			</report>
			<report>
				<misses>19900001</misses>
				<total>0</total>
				<timestamp>488.098399</timestamp>
			</report>
			<report>
				<misses>20000001</misses>
				<total>0</total>
				<timestamp>490.558805</timestamp>
			</report>
			<report>
				<misses>20100001</misses>
				<total>0</total>
				<timestamp>493.022223</timestamp>
			</report>
			<report>
				<misses>20200001</misses>
				<total>0</total>
				<timestamp>495.495958</timestamp>
			</report>
			<report>
				<misses>20300001</misses>
				<total>0</total>
				<timestamp>497.970318</timestamp>
			</report>
			<report>
				<misses>20400001</misses>
				<total>0</total>
				<timestamp>500.438989</timestamp>
			</report>
			<report>
				<misses>20500001</misses>
				<total>0</total>
				<timestamp>502.904130</timestamp>
			</report>
			<report>
				<misses>20600001</misses>
				<total>0</total>
				<timestamp>505.365126</timestamp>
			</report>
			<report>
				<misses>20700001</misses>
				<total>0</total>
				<timestamp>507.818221</timestamp>
			</report>
			<report>
				<misses>20800001</misses>
				<total>0</total>
				<timestamp>510.274425</timestamp>
			</report>
			<report>
				<misses>20900001</misses>
				<total>0</total>
				<timestamp>512.724579</timestamp>
			</report>
			<report>
				<misses>21000001</misses>
				<total>0</total>
				<timestamp>515.173767</timestamp>
			</report>
			<report>
				<misses>21100001</misses>
				<total>0</total>
				<timestamp>517.628996</timestamp>
			</report>
			<report>
				<misses>21200001</misses>
				<total>0</total>
				<timestamp>520.095888</timestamp>
			</report>
			<report>
				<misses>21300001</misses>
				<total>0</total>
				<timestamp>522.546823</timestamp>
			</report>
			<report>
				<misses>21400001</misses>
				<total>0</total>
				<timestamp>525.003677</timestamp>
			</report>
			<report>
				<misses>21500001</misses>
				<total>0</total>
				<timestamp>527.464382</timestamp>
			</report>
			<report>
				<misses>21600001</misses>
				<total>0</total>
				<timestamp>529.926890</timestamp>
			</report>
			<report>
				<misses>21700001</misses>
				<total>0</total>
				<timestamp>532.403848</timestamp>
			</report>
			<report>
				<misses>21800001</misses>
				<total>0</total>
				<timestamp>534.864779</timestamp>
			</report>
			<report>
				<misses>21900001</misses>
				<total>0</total>
				<timestamp>537.325524</timestamp>
			</report>
			<report>
				<misses>22000001</misses>
				<total>0</total>
				<timestamp>539.780786</timestamp>
			</report>
			<report>
				<misses>22100001</misses>
				<total>0</total>
				<timestamp>542.242432</timestamp>
			</report>
			<report>
				<misses>22200001</misses>
				<total>0</total>
				<timestamp>544.699833</timestamp>
			</report>
			<report>
				<misses>22300001</misses>
				<total>0</total>
				<timestamp>547.166050</timestamp>
			</report>
			<report>
				<misses>22400001</misses>
				<total>0</total>
				<timestamp>549.623876</timestamp>
			</report>
			<report>
				<misses>22500001</misses>
				<total>0</total>
				<timestamp>552.085696</timestamp>
			</report>
			<report>
				<misses>22600001</misses>
				<total>0</total>
				<timestamp>554.551603</timestamp>
			</report>
			<report>
				<misses>22700001</misses>
				<total>0</total>
				<timestamp>557.017344</timestamp>
			</report>
			<report>
				<misses>22800001</misses>
				<total>0</total>
				<timestamp>559.472409</timestamp>
			</report>
			<report>
				<misses>22900001</misses>
				<total>0</total>
				<timestamp>561.937830</timestamp>
			</report>
			<report>
				<misses>23000001</misses>
				<total>0</total>
				<timestamp>564.409083</timestamp>
			</report>
			<report>
				<misses>23100001</misses>
				<total>0</total>
				<timestamp>566.880536</timestamp>
			</report>
			<report>
				<misses>23200001</misses>
				<total>0</total>
				<timestamp>569.338918</timestamp>
			</report>
			<report>
				<misses>23300001</misses>
				<total>0</total>
				<timestamp>571.791112</timestamp>
			</report>
			<report>
				<misses>23400001</misses>
				<total>0</total>
				<timestamp>574.251907</timestamp>
			</report>
			<report>
				<misses>23500001</misses>
				<total>0</total>
				<timestamp>576.703615</timestamp>
			</report>
			<report>
				<misses>23600001</misses>
				<total>0</total>
				<timestamp>579.168220</timestamp>
			</report>
			<report>
				<misses>23700001</misses>
				<total>0</total>
				<timestamp>581.628887</timestamp>
			</report>
			<report>
				<misses>23800001</misses>
				<total>0</total>
				<timestamp>584.092162</timestamp>
			</report>
			<report>
				<misses>23900001</misses>
				<total>0</total>
				<timestamp>586.559153</timestamp>
			</report>
			<report>
				<misses>24000001</misses>
				<total>0</total>
				<timestamp>589.032796</timestamp>
			</report>
			<report>
				<misses>24100001</misses>
				<total>0</total>
				<timestamp>591.498841</timestamp>
			</report>
			<report>
				<misses>24200001</misses>
				<total>0</total>
				<timestamp>593.966197</timestamp>
			</report>
			<report>
				<misses>24300001</misses>
				<total>0</total>
				<timestamp>596.421810</timestamp>
			</report>
			<report>
				<misses>24400001</misses>
				<total>0</total>
				<timestamp>598.883799</timestamp>
			</report>
			<report>
				<misses>24500001</misses>
				<total>0</total>
				<timestamp>601.357286</timestamp>
			</report>
			<report>
				<misses>24600001</misses>
				<total>0</total>
				<timestamp>603.812234</timestamp>
			</report>
			<report>
				<misses>24700001</misses>
				<total>0</total>
				<timestamp>606.268434</timestamp>
			</report>
			<report>
				<misses>24800001</misses>
				<total>0</total>
				<timestamp>608.726755</timestamp>
			</report>
			<report>
				<misses>24900001</misses>
				<total>0</total>
				<timestamp>611.191057</timestamp>
			</report>
			<report>
				<misses>25000001</misses>
				<total>0</total>
				<timestamp>613.649795</timestamp>
			</report>
			<report>
				<misses>25100001</misses>
				<total>0</total>
				<timestamp>616.117464</timestamp>
			</report>
			<report>
				<misses>25200001</misses>
				<total>0</total>
				<timestamp>618.584247</timestamp>
			</report>
			<report>
				<misses>25300001</misses>
				<total>0</total>
				<timestamp>621.036112</timestamp>
			</report>
			<report>
				<misses>25400001</misses>
				<total>0</total>
				<timestamp>623.493672</timestamp>
			</report>
			<report>
				<misses>25500001</misses>
				<total>0</total>
				<timestamp>625.948366</timestamp>
			</report>
			<report>
				<misses>25600001</misses>
				<total>0</total>
				<timestamp>628.407394</timestamp>
			</report>
			<report>
				<misses>25700001</misses>
				<total>0</total>
				<timestamp>630.863123</timestamp>
			</report>
			<report>
				<misses>25800001</misses>
				<total>0</total>
				<timestamp>633.314529</timestamp>
			</report>
			<report>
				<misses>25900001</misses>
				<total>0</total>
				<timestamp>635.767802</timestamp>
			</report>
			<report>
				<misses>26000001</misses>
				<total>0</total>
				<timestamp>638.227612</timestamp>
			</report>
			<report>
				<misses>26100001</misses>
				<total>0</total>
				<timestamp>640.675090</timestamp>
			</report>
			<report>
				<misses>26200001</misses>
				<total>0</total>
				<timestamp>643.132924</timestamp>
			</report>
			<report>
				<misses>26300001</misses>
				<total>0</total>
				<timestamp>645.587106</timestamp>
			</report>
			<report>
				<misses>26400001</misses>
				<total>0</total>
				<timestamp>648.044879</timestamp>
			</report>
			<report>
				<misses>26500001</misses>
				<total>0</total>
				<timestamp>650.504313</timestamp>
			</report>
			<report>
				<misses>26600001</misses>
				<total>0</total>
				<timestamp>652.956462</timestamp>
			</report>
			<report>
				<misses>26700001</misses>
				<total>0</total>
				<timestamp>655.410939</timestamp>
			</report>
			<report>
				<misses>26800001</misses>
				<total>0</total>
				<timestamp>657.863205</timestamp>
			</report>
			<report>
				<misses>26900001</misses>
				<total>0</total>
				<timestamp>660.321389</timestamp>
			</report>
			<report>
				<misses>27000001</misses>
				<total>0</total>
				<timestamp>662.779396</timestamp>
			</report>
			<report>
				<misses>27100001</misses>
				<total>0</total>
				<timestamp>665.238356</timestamp>
			</report>
			<report>
				<misses>27200001</misses>
				<total>0</total>
				<timestamp>667.700045</timestamp>
			</report>
			<report>
				<misses>27300001</misses>
				<total>0</total>
				<timestamp>670.166545</timestamp>
			</report>
			<report>
				<misses>27400001</misses>
				<total>0</total>
				<timestamp>672.632483</timestamp>
			</report>
			<report>
				<misses>27500001</misses>
				<total>0</total>
				<timestamp>675.087379</timestamp>
			</report>
			<report>
				<misses>27600001</misses>
				<total>0</total>
				<timestamp>677.559727</timestamp>
			</report>
			<report>
				<misses>27700001</misses>
				<total>0</total>
				<timestamp>680.012792</timestamp>
			</report>
			<report>
				<misses>27800001</misses>
				<total>0</total>
				<timestamp>682.487847</timestamp>
			</report>
			<report>
				<misses>27900001</misses>
				<total>0</total>
				<timestamp>684.952932</timestamp>
			</report>
			<report>
				<misses>28000001</misses>
				<total>0</total>
				<timestamp>687.411246</timestamp>
			</report>
			<report>
				<misses>28100001</misses>
				<total>0</total>
				<timestamp>689.872914</timestamp>
			</report>
			<report>
				<misses>28200001</misses>
				<total>0</total>
				<timestamp>692.331014</timestamp>
			</report>
			<report>
				<misses>28300001</misses>
				<total>0</total>
				<timestamp>694.794756</timestamp>
			</report>
			<report>
				<misses>28400001</misses>
				<total>0</total>
				<timestamp>697.256175</timestamp>
			</report>
			<report>
				<misses>28500001</misses>
				<total>0</total>
				<timestamp>699.713321</timestamp>
			</report>
			<report>
				<misses>28600001</misses>
				<total>0</total>
				<timestamp>702.163610</timestamp>
			</report>
			<report>
				<misses>28700001</misses>
				<total>0</total>
				<timestamp>704.622349</timestamp>
			</report>
			<report>
				<misses>28800001</misses>
				<total>0</total>
				<timestamp>707.080324</timestamp>
			</report>
			<report>
				<misses>28900001</misses>
				<total>0</total>
				<timestamp>709.532382</timestamp>
			</report>
			<report>
				<misses>29000001</misses>
				<total>0</total>
				<timestamp>712.000422</timestamp>
			</report>
			<report>
				<misses>29100001</misses>
				<total>0</total>
				<timestamp>714.459612</timestamp>
			</report>
			<report>
				<misses>29200001</misses>
				<total>0</total>
				<timestamp>716.916368</timestamp>
			</report>
			<report>
				<misses>29300001</misses>
				<total>0</total>
				<timestamp>719.373472</timestamp>
			</report>
			<report>
				<misses>29400001</misses>
				<total>0</total>
				<timestamp>721.845611</timestamp>
			</report>
			<report>
				<misses>29500001</misses>
				<total>0</total>
				<timestamp>724.304823</timestamp>
			</report>
			<report>
				<misses>29600001</misses>
				<total>0</total>
				<timestamp>726.766612</timestamp>
			</report>
			<report>
				<misses>29700001</misses>
				<total>0</total>
				<timestamp>729.222065</timestamp>
			</report>
			<report>
				<misses>29800001</misses>
				<total>0</total>
				<timestamp>731.678452</timestamp>
			</report>
			<report>
				<misses>29900001</misses>
				<total>0</total>
				<timestamp>734.144703</timestamp>
			</report>
			<report>
				<misses>30000001</misses>
				<total>0</total>
				<timestamp>736.608830</timestamp>
			</report>
			<report>
				<misses>30100001</misses>
				<total>0</total>
				<timestamp>739.079789</timestamp>
			</report>
			<report>
				<misses>30200001</misses>
				<total>0</total>
				<timestamp>741.546301</timestamp>
			</report>
			<report>
				<misses>30300001</misses>
				<total>0</total>
				<timestamp>744.012494</timestamp>
			</report>
			<report>
				<misses>30400001</misses>
				<total>0</total>
				<timestamp>746.475575</timestamp>
			</report>
			<report>
				<misses>30500001</misses>
				<total>0</total>
				<timestamp>748.930757</timestamp>
			</report>
			<report>
				<misses>30600001</misses>
				<total>0</total>
				<timestamp>751.386831</timestamp>
			</report>
			<report>
				<misses>30700001</misses>
				<total>0</total>
				<timestamp>753.846305</timestamp>
			</report>
			<report>
				<misses>30800001</misses>
				<total>0</total>
				<timestamp>756.310157</timestamp>
			</report>
			<report>
				<misses>30900001</misses>
				<total>0</total>
				<timestamp>758.777967</timestamp>
			</report>
			<report>
				<misses>31000001</misses>
				<total>0</total>
				<timestamp>761.241980</timestamp>
			</report>
			<report>
				<misses>31100001</misses>
				<total>0</total>
				<timestamp>763.702599</timestamp>
			</report>
			<report>
				<misses>31200001</misses>
				<total>0</total>
				<timestamp>766.168931</timestamp>
			</report>
			<report>
				<misses>31300001</misses>
				<total>0</total>
				<timestamp>768.642352</timestamp>
			</report>
			<report>
				<misses>31400001</misses>
				<total>0</total>
				<timestamp>771.100848</timestamp>
			</report>
			<report>
				<misses>31500001</misses>
				<total>0</total>
				<timestamp>773.570565</timestamp>
			</report>
			<report>
				<misses>31600001</misses>
				<total>0</total>
				<timestamp>776.045174</timestamp>
			</report>
			<report>
				<misses>31700001</misses>
				<total>0</total>
				<timestamp>778.520283</timestamp>
			</report>
			<report>
				<misses>31800001</misses>
				<total>0</total>
				<timestamp>780.984993</timestamp>
			</report>
			<report>
				<misses>31900001</misses>
				<total>0</total>
				<timestamp>783.464939</timestamp>
			</report>
			<report>
				<misses>32000001</misses>
				<total>0</total>
				<timestamp>785.935254</timestamp>
			</report>
			<report>
				<misses>32100001</misses>
				<total>0</total>
				<timestamp>788.401487</timestamp>
			</report>
			<report>
				<misses>32200001</misses>
				<total>0</total>
				<timestamp>790.871221</timestamp>
			</report>
			<report>
				<misses>32300001</misses>
				<total>0</total>
				<timestamp>793.342306</timestamp>
			</report>
			<report>
				<misses>32400001</misses>
				<total>0</total>
				<timestamp>795.804506</timestamp>
			</report>
			<report>
				<misses>32500001</misses>
				<total>0</total>
				<timestamp>798.261006</timestamp>
			</report>
			<report>
				<misses>32600001</misses>
				<total>0</total>
				<timestamp>800.718215</timestamp>
			</report>
			<report>
				<misses>32700001</misses>
				<total>0</total>
				<timestamp>803.180453</timestamp>
			</report>
			<report>
				<misses>32800001</misses>
				<total>0</total>
				<timestamp>805.644099</timestamp>
			</report>
			<report>
				<misses>32900001</misses>
				<total>0</total>
				<timestamp>808.102112</timestamp>
			</report>
			<report>
				<misses>33000001</misses>
				<total>0</total>
				<timestamp>810.554223</timestamp>
			</report>
			<report>
				<misses>33100001</misses>
				<total>0</total>
				<timestamp>813.009994</timestamp>
			</report>
			<report>
				<misses>33200001</misses>
				<total>0</total>
				<timestamp>815.470637</timestamp>
			</report>
			<report>
				<misses>33300001</misses>
				<total>0</total>
				<timestamp>817.932092</timestamp>
			</report>
			<report>
				<misses>33400001</misses>
				<total>0</total>
				<timestamp>820.391716</timestamp>
			</report>
			<report>
				<misses>33500001</misses>
				<total>0</total>
				<timestamp>822.848202</timestamp>
			</report>
			<report>
				<misses>33600001</misses>
				<total>0</total>
				<timestamp>825.300521</timestamp>
			</report>
			<report>
				<misses>33700001</misses>
				<total>0</total>
				<timestamp>827.772639</timestamp>
			</report>
			<report>
				<misses>33800001</misses>
				<total>0</total>
				<timestamp>830.241657</timestamp>
			</report>
			<report>
				<misses>33900001</misses>
				<total>0</total>
				<timestamp>832.703666</timestamp>
			</report>
			<report>
				<misses>34000001</misses>
				<total>0</total>
				<timestamp>835.160145</timestamp>
			</report>
			<report>
				<misses>34100001</misses>
				<total>0</total>
				<timestamp>837.625441</timestamp>
			</report>
			<report>
				<misses>34200001</misses>
				<total>0</total>
				<timestamp>840.096901</timestamp>
			</report>
			<report>
				<misses>34300001</misses>
				<total>0</total>
				<timestamp>842.569612</timestamp>
			</report>
			<report>
				<misses>34400001</misses>
				<total>0</total>
				<timestamp>845.037402</timestamp>
			</report>
			<report>
				<misses>34500001</misses>
				<total>0</total>
				<timestamp>847.501375</timestamp>
			</report>
			<report>
				<misses>34600001</misses>
				<total>0</total>
				<timestamp>849.960703</timestamp>
			</report>
			<report>
				<misses>34700001</misses>
				<total>0</total>
				<timestamp>852.428460</timestamp>
			</report>
			<report>
				<misses>34800001</misses>
				<total>0</total>
				<timestamp>854.893788</timestamp>
			</report>
			<report>
				<misses>34900001</misses>
				<total>0</total>
				<timestamp>857.352264</timestamp>
			</report>
			<report>
				<misses>35000001</misses>
				<total>0</total>
				<timestamp>859.822169</timestamp>
			</report>
			<report>
				<misses>35100001</misses>
				<total>0</total>
				<timestamp>862.285605</timestamp>
			</report>
			<report>
				<misses>35200001</misses>
				<total>0</total>
				<timestamp>864.738008</timestamp>
			</report>
			<report>
				<misses>35300001</misses>
				<total>0</total>
				<timestamp>867.198234</timestamp>
			</report>
			<report>
				<misses>35400001</misses>
				<total>0</total>
				<timestamp>869.665643</timestamp>
			</report>
			<report>
				<misses>35500001</misses>
				<total>0</total>
				<timestamp>872.132729</timestamp>
			</report>
			<report>
				<misses>35600001</misses>
				<total>0</total>
				<timestamp>874.605929</timestamp>
			</report>
			<report>
				<misses>35700001</misses>
				<total>0</total>
				<timestamp>877.068966</timestamp>
			</report>
			<report>
				<misses>35800001</misses>
				<total>0</total>
				<timestamp>879.538439</timestamp>
			</report>
			<report>
				<misses>35900001</misses>
				<total>0</total>
				<timestamp>882.008895</timestamp>
			</report>
			<report>
				<misses>36000001</misses>
				<total>0</total>
				<timestamp>884.478132</timestamp>
			</report>
			<report>
				<misses>36100001</misses>
				<total>0</total>
				<timestamp>886.949899</timestamp>
			</report>
			<report>
				<misses>36200001</misses>
				<total>0</total>
				<timestamp>889.421686</timestamp>
			</report>
			<report>
				<misses>36300001</misses>
				<total>0</total>
				<timestamp>891.897226</timestamp>
			</report>
			<report>
				<misses>36400001</misses>
				<total>0</total>
				<timestamp>894.355910</timestamp>
			</report>
			<report>
				<misses>36500001</misses>
				<total>0</total>
				<timestamp>896.819725</timestamp>
			</report>
			<report>
				<misses>36600001</misses>
				<total>0</total>
				<timestamp>899.283171</timestamp>
			</report>
			<report>
				<misses>36700001</misses>
				<total>0</total>
				<timestamp>901.752799</timestamp>
			</report>
			<report>
				<misses>36800001</misses>
				<total>0</total>
				<timestamp>904.225601</timestamp>
			</report>
			<report>
				<misses>36900001</misses>
				<total>0</total>
				<timestamp>906.698942</timestamp>
			</report>
			<report>
				<misses>37000001</misses>
				<total>0</total>
				<timestamp>909.165503</timestamp>
			</report>
			<report>
				<misses>37100001</misses>
				<total>0</total>
				<timestamp>911.643009</timestamp>
			</report>
			<report>
				<misses>37200001</misses>
				<total>0</total>
				<timestamp>914.121058</timestamp>
			</report>
			<report>
				<misses>37300001</misses>
				<total>0</total>
				<timestamp>916.583547</timestamp>
			</report>
			<report>
				<misses>37400001</misses>
				<total>0</total>
				<timestamp>919.056361</timestamp>
			</report>
			<report>
				<misses>37500001</misses>
				<total>0</total>
				<timestamp>921.524353</timestamp>
			</report>
			<report>
				<misses>37600001</misses>
				<total>0</total>
				<timestamp>923.994860</timestamp>
			</report>
			<report>
				<misses>37700001</misses>
				<total>0</total>
				<timestamp>926.466832</timestamp>
			</report>
			<report>
				<misses>37800001</misses>
				<total>0</total>
				<timestamp>928.940902</timestamp>
			</report>
			<report>
				<misses>37900001</misses>
				<total>0</total>
				<timestamp>931.410689</timestamp>
			</report>
			<report>
				<misses>38000001</misses>
				<total>0</total>
				<timestamp>933.880185</timestamp>
			</report>
			<report>
				<misses>38100001</misses>
				<total>0</total>
				<timestamp>936.351219</timestamp>
			</report>
			<report>
				<misses>38200001</misses>
				<total>0</total>
				<timestamp>938.824089</timestamp>
			</report>
			<report>
				<misses>38300001</misses>
				<total>0</total>
				<timestamp>941.291272</timestamp>
			</report>
			<report>
				<misses>38400001</misses>
				<total>0</total>
				<timestamp>943.761549</timestamp>
			</report>
			<report>
				<misses>38500001</misses>
				<total>0</total>
				<timestamp>946.235845</timestamp>
			</report>
			<report>
				<misses>38600001</misses>
				<total>0</total>
				<timestamp>948.708512</timestamp>
			</report>
			<report>
				<misses>38700001</misses>
				<total>0</total>
				<timestamp>951.182117</timestamp>
			</report>
			<report>
				<misses>38800001</misses>
				<total>0</total>
				<timestamp>953.651331</timestamp>
			</report>
			<report>
				<misses>38900001</misses>
				<total>0</total>
				<timestamp>956.118736</timestamp>
			</report>
			<report>
				<misses>39000001</misses>
				<total>0</total>
				<timestamp>958.587971</timestamp>
			</report>
			<report>
				<misses>39100001</misses>
				<total>0</total>
				<timestamp>961.059812</timestamp>
			</report>
			<report>
				<misses>39200001</misses>
				<total>0</total>
				<timestamp>963.527076</timestamp>
			</report>
			<report>
				<misses>39300001</misses>
				<total>0</total>
				<timestamp>965.994246</timestamp>
			</report>
			<report>
				<misses>39400001</misses>
				<total>0</total>
				<timestamp>968.458257</timestamp>
			</report>
			<report>
				<misses>39500001</misses>
				<total>0</total>
				<timestamp>970.925031</timestamp>
			</report>
			<report>
				<misses>39600001</misses>
				<total>0</total>
				<timestamp>973.390658</timestamp>
			</report>
			<report>
				<misses>39700001</misses>
				<total>0</total>
				<timestamp>975.860443</timestamp>
			</report>
			<report>
				<misses>39800001</misses>
				<total>0</total>
				<timestamp>978.330180</timestamp>
			</report>
			<report>
				<misses>39900001</misses>
				<total>0</total>
				<timestamp>980.807190</timestamp>
			</report>
			<report>
				<misses>40000001</misses>
				<total>0</total>
				<timestamp>983.282121</timestamp>
			</report>
			<report>
				<misses>40100001</misses>
				<total>0</total>
				<timestamp>985.760836</timestamp>
			</report>
			<report>
				<misses>40200001</misses>
				<total>0</total>
				<timestamp>988.230202</timestamp>
			</report>
			<report>
				<misses>40300001</misses>
				<total>0</total>
				<timestamp>990.701460</timestamp>
			</report>
			<report>
				<misses>40400001</misses>
				<total>0</total>
				<timestamp>993.161292</timestamp>
			</report>
			<report>
				<misses>40500001</misses>
				<total>0</total>
				<timestamp>995.627373</timestamp>
			</report>
			<report>
				<misses>40600001</misses>
				<total>0</total>
				<timestamp>998.098434</timestamp>
			</report>
			<report>
				<misses>40700001</misses>
				<total>0</total>
				<timestamp>1000.565011</timestamp>
			</report>
			<report>
				<misses>40800001</misses>
				<total>0</total>
				<timestamp>1003.033643</timestamp>
			</report>
			<report>
				<misses>40900001</misses>
				<total>0</total>
				<timestamp>1005.506315</timestamp>
			</report>
			<report>
				<misses>41000001</misses>
				<total>0</total>
				<timestamp>1007.983242</timestamp>
			</report>
			<report>
				<misses>41100001</misses>
				<total>0</total>
				<timestamp>1010.465948</timestamp>
			</report>
			<report>
				<misses>41200001</misses>
				<total>0</total>
				<timestamp>1012.939132</timestamp>
			</report>
			<report>
				<misses>41300001</misses>
				<total>0</total>
				<timestamp>1015.397409</timestamp>
			</report>
			<report>
				<misses>41400001</misses>
				<total>0</total>
				<timestamp>1017.850398</timestamp>
			</report>
			<report>
				<misses>41500001</misses>
				<total>0</total>
				<timestamp>1020.313830</timestamp>
			</report>
			<report>
				<misses>41600001</misses>
				<total>0</total>
				<timestamp>1022.773393</timestamp>
			</report>
			<report>
				<misses>41700001</misses>
				<total>0</total>
				<timestamp>1025.227557</timestamp>
			</report>
			<report>
				<misses>41800001</misses>
				<total>0</total>
				<timestamp>1027.692284</timestamp>
			</report>
			<report>
				<misses>41900001</misses>
				<total>0</total>
				<timestamp>1030.171356</timestamp>
			</report>
			<report>
				<misses>42000001</misses>
				<total>0</total>
				<timestamp>1032.658559</timestamp>
			</report>
			<report>
				<misses>42100001</misses>
				<total>0</total>
				<timestamp>1035.139260</timestamp>
			</report>
			<report>
				<misses>42200001</misses>
				<total>0</total>
				<timestamp>1037.626770</timestamp>
			</report>
			<report>
				<misses>42300001</misses>
				<total>0</total>
				<timestamp>1040.073462</timestamp>
			</report>
			<report>
				<misses>42400001</misses>
				<total>0</total>
				<timestamp>1042.524542</timestamp>
			</report>
			<report>
				<misses>42500001</misses>
				<total>0</total>
				<timestamp>1044.991723</timestamp>
			</report>
			<report>
				<misses>42600001</misses>
				<total>0</total>
				<timestamp>1047.473265</timestamp>
			</report>
			<report>
				<misses>42700001</misses>
				<total>0</total>
				<timestamp>1049.943528</timestamp>
			</report>
			<report>
				<misses>42800001</misses>
				<total>0</total>
				<timestamp>1052.400280</timestamp>
			</report>
			<report>
				<misses>42900001</misses>
				<total>0</total>
				<timestamp>1054.870036</timestamp>
			</report>
			<report>
				<misses>43000001</misses>
				<total>0</total>
				<timestamp>1057.326780</timestamp>
			</report>
			<report>
				<misses>43100001</misses>
				<total>0</total>
				<timestamp>1059.780702</timestamp>
			</report>
			<report>
				<misses>43200001</misses>
				<total>0</total>
				<timestamp>1062.250262</timestamp>
			</report>
			<report>
				<misses>43300001</misses>
				<total>0</total>
				<timestamp>1064.719786</timestamp>
			</report>
			<report>
				<misses>43400001</misses>
				<total>0</total>
				<timestamp>1067.198899</timestamp>
			</report>
			<report>
				<misses>43500001</misses>
				<total>0</total>
				<timestamp>1069.669579</timestamp>
			</report>
			<report>
				<misses>43600001</misses>
				<total>0</total>
				<timestamp>1072.152789</timestamp>
			</report>
			<report>
				<misses>43700001</misses>
				<total>0</total>
				<timestamp>1074.611702</timestamp>
			</report>
			<report>
				<misses>43800001</misses>
				<total>0</total>
				<timestamp>1077.075443</timestamp>
			</report>
			<report>
				<misses>43900001</misses>
				<total>0</total>
				<timestamp>1079.553234</timestamp>
			</report>
			<report>
				<misses>44000001</misses>
				<total>0</total>
				<timestamp>1082.040821</timestamp>
			</report>
			<report>
				<misses>44100001</misses>
				<total>0</total>
				<timestamp>1084.517711</timestamp>
			</report>
			<report>
				<misses>44200001</misses>
				<total>0</total>
				<timestamp>1086.975841</timestamp>
			</report>
			<report>
				<misses>44300001</misses>
				<total>0</total>
				<timestamp>1089.429528</timestamp>
			</report>
			<report>
				<misses>44400001</misses>
				<total>0</total>
				<timestamp>1091.900010</timestamp>
			</report>
			<report>
				<misses>44500001</misses>
				<total>0</total>
				<timestamp>1094.361484</timestamp>
			</report>
			<report>
				<misses>44600001</misses>
				<total>0</total>
				<timestamp>1096.829686</timestamp>
			</report>
			<report>
				<misses>44700001</misses>
				<total>0</total>
				<timestamp>1099.283190</timestamp>
			</report>
			<report>
				<misses>44800001</misses>
				<total>0</total>
				<timestamp>1101.743731</timestamp>
			</report>
			<report>
				<misses>44900001</misses>
				<total>0</total>
				<timestamp>1104.192563</timestamp>
			</report>
			<report>
				<misses>45000001</misses>
				<total>0</total>
				<timestamp>1106.636637</timestamp>
			</report>
			<report>
				<misses>45100001</misses>
				<total>0</total>
				<timestamp>1109.078718</timestamp>
			</report>
			<report>
				<misses>45200001</misses>
				<total>0</total>
				<timestamp>1111.526470</timestamp>
			</report>
			<report>
				<misses>45300001</misses>
				<total>0</total>
				<timestamp>1113.970140</timestamp>
			</report>
			<report>
				<misses>45400001</misses>
				<total>0</total>
				<timestamp>1116.419843</timestamp>
			</report>
			<report>
				<misses>45500001</misses>
				<total>0</total>
				<timestamp>1118.870179</timestamp>
			</report>
			<report>
				<misses>45600001</misses>
				<total>0</total>
				<timestamp>1121.327688</timestamp>
			</report>
			<report>
				<misses>45700001</misses>
				<total>0</total>
				<timestamp>1123.780219</timestamp>
			</report>
			<report>
				<misses>45800001</misses>
				<total>0</total>
				<timestamp>1126.228745</timestamp>
			</report>
			<report>
				<misses>45900001</misses>
				<total>0</total>
				<timestamp>1128.679389</timestamp>
			</report>
			<report>
				<misses>46000001</misses>
				<total>0</total>
				<timestamp>1131.147035</timestamp>
			</report>
			<report>
				<misses>46100001</misses>
				<total>0</total>
				<timestamp>1133.611984</timestamp>
			</report>
			<report>
				<misses>46200001</misses>
				<total>0</total>
				<timestamp>1136.067501</timestamp>
			</report>
			<report>
				<misses>46300001</misses>
				<total>0</total>
				<timestamp>1138.504998</timestamp>
			</report>
			<report>
				<misses>46400001</misses>
				<total>0</total>
				<timestamp>1140.951107</timestamp>
			</report>
			<report>
				<misses>46500001</misses>
				<total>0</total>
				<timestamp>1143.400515</timestamp>
			</report>
			<report>
				<misses>46600001</misses>
				<total>0</total>
				<timestamp>1145.859861</timestamp>
			</report>
			<report>
				<misses>46700001</misses>
				<total>0</total>
				<timestamp>1148.312079</timestamp>
			</report>
			<report>
				<misses>46800001</misses>
				<total>0</total>
				<timestamp>1150.769987</timestamp>
			</report>
			<report>
				<misses>46900001</misses>
				<total>0</total>
				<timestamp>1153.220954</timestamp>
			</report>
			<report>
				<misses>47000001</misses>
				<total>0</total>
				<timestamp>1155.682293</timestamp>
			</report>
			<report>
				<misses>47100001</misses>
				<total>0</total>
				<timestamp>1158.129809</timestamp>
			</report>
			<report>
				<misses>47200001</misses>
				<total>0</total>
				<timestamp>1160.583395</timestamp>
			</report>
			<report>
				<misses>47300001</misses>
				<total>0</total>
				<timestamp>1163.045860</timestamp>
			</report>
			<report>
				<misses>47400001</misses>
				<total>0</total>
				<timestamp>1165.497629</timestamp>
			</report>
			<report>
				<misses>47500001</misses>
				<total>0</total>
				<timestamp>1167.949481</timestamp>
			</report>
			<report>
				<misses>47600001</misses>
				<total>0</total>
				<timestamp>1170.402052</timestamp>
			</report>
			<report>
				<misses>47700001</misses>
				<total>0</total>
				<timestamp>1172.853842</timestamp>
			</report>
			<report>
				<misses>47800001</misses>
				<total>0</total>
				<timestamp>1175.310698</timestamp>
			</report>
			<report>
				<misses>47900001</misses>
				<total>0</total>
				<timestamp>1177.765771</timestamp>
			</report>
			<report>
				<misses>48000001</misses>
				<total>0</total>
				<timestamp>1180.230165</timestamp>
			</report>
			<report>
				<misses>48100001</misses>
				<total>0</total>
				<timestamp>1182.692898</timestamp>
			</report>
			<report>
				<misses>48200001</misses>
				<total>0</total>
				<timestamp>1185.146262</timestamp>
			</report>
			<report>
				<misses>48300001</misses>
				<total>0</total>
				<timestamp>1187.606060</timestamp>
			</report>
			<report>
				<misses>48400001</misses>
				<total>0</total>
				<timestamp>1190.055914</timestamp>
			</report>
			<report>
				<misses>48500001</misses>
				<total>0</total>
				<timestamp>1192.525572</timestamp>
			</report>
			<report>
				<misses>48600001</misses>
				<total>0</total>
				<timestamp>1194.979043</timestamp>
			</report>
			<report>
				<misses>48700001</misses>
				<total>0</total>
				<timestamp>1197.431933</timestamp>
			</report>
			<report>
				<misses>48800001</misses>
				<total>0</total>
				<timestamp>1199.890203</timestamp>
			</report>
			<report>
				<misses>48900001</misses>
				<total>0</total>
				<timestamp>1202.339131</timestamp>
			</report>
			<report>
				<misses>49000001</misses>
				<total>0</total>
				<timestamp>1204.797537</timestamp>
			</report>
			<report>
				<misses>49100001</misses>
				<total>0</total>
				<timestamp>1207.248708</timestamp>
			</report>
			<report>
				<misses>49200001</misses>
				<total>0</total>
				<timestamp>1209.711664</timestamp>
			</report>
			<report>
				<misses>49300001</misses>
				<total>0</total>
				<timestamp>1212.184721</timestamp>
			</report>
			<report>
				<misses>49400001</misses>
				<total>0</total>
				<timestamp>1214.637402</timestamp>
			</report>
			<report>
				<misses>49500001</misses>
				<total>0</total>
				<timestamp>1217.102475</timestamp>
			</report>
			<report>
				<misses>49600001</misses>
				<total>0</total>
				<timestamp>1219.556391</timestamp>
			</report>
			<report>
				<misses>49700001</misses>
				<total>0</total>
				<timestamp>1222.018142</timestamp>
			</report>
			<report>
				<misses>49800001</misses>
				<total>0</total>
				<timestamp>1224.481157</timestamp>
			</report>
			<report>
				<misses>49900001</misses>
				<total>0</total>
				<timestamp>1226.954530</timestamp>
			</report>
			<report>
				<misses>50000001</misses>
				<total>0</total>
				<timestamp>1229.429175</timestamp>
			</report>
			<report>
				<misses>50100001</misses>
				<total>0</total>
				<timestamp>1231.898613</timestamp>
			</report>
			<report>
				<misses>50200001</misses>
				<total>0</total>
				<timestamp>1234.352330</timestamp>
			</report>
			<report>
				<misses>50300001</misses>
				<total>0</total>
				<timestamp>1236.810177</timestamp>
			</report>
			<report>
				<misses>50400001</misses>
				<total>0</total>
				<timestamp>1239.256550</timestamp>
			</report>
			<report>
				<misses>50500001</misses>
				<total>0</total>
				<timestamp>1241.713031</timestamp>
			</report>
			<report>
				<misses>50600001</misses>
				<total>0</total>
				<timestamp>1244.166709</timestamp>
			</report>
			<report>
				<misses>50700001</misses>
				<total>0</total>
				<timestamp>1246.622890</timestamp>
			</report>
			<report>
				<misses>50800001</misses>
				<total>0</total>
				<timestamp>1249.072595</timestamp>
			</report>
			<report>
				<misses>50900001</misses>
				<total>0</total>
				<timestamp>1251.535335</timestamp>
			</report>
			<report>
				<misses>51000001</misses>
				<total>0</total>
				<timestamp>1253.992446</timestamp>
			</report>
			<report>
				<misses>51100001</misses>
				<total>0</total>
				<timestamp>1256.441414</timestamp>
			</report>
			<report>
				<misses>51200001</misses>
				<total>0</total>
				<timestamp>1258.893048</timestamp>
			</report>
			<report>
				<misses>51300001</misses>
				<total>0</total>
				<timestamp>1261.338131</timestamp>
			</report>
			<report>
				<misses>51400001</misses>
				<total>0</total>
				<timestamp>1263.786056</timestamp>
			</report>
			<report>
				<misses>51500001</misses>
				<total>0</total>
				<timestamp>1266.241327</timestamp>
			</report>
			<report>
				<misses>51600001</misses>
				<total>0</total>
				<timestamp>1268.689695</timestamp>
			</report>
			<report>
				<misses>51700001</misses>
				<total>0</total>
				<timestamp>1271.155750</timestamp>
			</report>
			<report>
				<misses>51800001</misses>
				<total>0</total>
				<timestamp>1273.617341</timestamp>
			</report>
			<report>
				<misses>51900001</misses>
				<total>0</total>
				<timestamp>1276.071891</timestamp>
			</report>
			<report>
				<misses>52000001</misses>
				<total>0</total>
				<timestamp>1278.529534</timestamp>
			</report>
			<report>
				<misses>52100001</misses>
				<total>0</total>
				<timestamp>1280.998889</timestamp>
			</report>
			<report>
				<misses>52200001</misses>
				<total>0</total>
				<timestamp>1283.468860</timestamp>
			</report>
			<report>
				<misses>52300001</misses>
				<total>0</total>
				<timestamp>1285.940046</timestamp>
			</report>
			<report>
				<misses>52400001</misses>
				<total>0</total>
				<timestamp>1288.406874</timestamp>
			</report>
			<report>
				<misses>52500001</misses>
				<total>0</total>
				<timestamp>1290.886460</timestamp>
			</report>
			<report>
				<misses>52600001</misses>
				<total>0</total>
				<timestamp>1293.373567</timestamp>
			</report>
			<report>
				<misses>52700001</misses>
				<total>0</total>
				<timestamp>1295.828942</timestamp>
			</report>
			<report>
				<misses>52800001</misses>
				<total>0</total>
				<timestamp>1298.273711</timestamp>
			</report>
			<report>
				<misses>52900001</misses>
				<total>0</total>
				<timestamp>1300.725167</timestamp>
			</report>
			<report>
				<misses>53000001</misses>
				<total>0</total>
				<timestamp>1303.178873</timestamp>
			</report>
			<report>
				<misses>53100001</misses>
				<total>0</total>
				<timestamp>1305.643955</timestamp>
			</report>
			<report>
				<misses>53200001</misses>
				<total>0</total>
				<timestamp>1308.106988</timestamp>
			</report>
			<report>
				<misses>53300001</misses>
				<total>0</total>
				<timestamp>1310.567193</timestamp>
			</report>
			<report>
				<misses>53400001</misses>
				<total>0</total>
				<timestamp>1313.047770</timestamp>
			</report>
			<report>
				<misses>53500001</misses>
				<total>0</total>
				<timestamp>1315.503230</timestamp>
			</report>
			<report>
				<misses>53600001</misses>
				<total>0</total>
				<timestamp>1317.947815</timestamp>
			</report>
			<report>
				<misses>53700001</misses>
				<total>0</total>
				<timestamp>1320.391316</timestamp>
			</report>
			<report>
				<misses>53800001</misses>
				<total>0</total>
				<timestamp>1322.835362</timestamp>
			</report>
			<report>
				<misses>53900001</misses>
				<total>0</total>
				<timestamp>1325.284454</timestamp>
			</report>
			<report>
				<misses>54000001</misses>
				<total>0</total>
				<timestamp>1327.734472</timestamp>
			</report>
			<report>
				<misses>54100001</misses>
				<total>0</total>
				<timestamp>1330.194923</timestamp>
			</report>
			<report>
				<misses>54200001</misses>
				<total>0</total>
				<timestamp>1332.666901</timestamp>
			</report>
			<report>
				<misses>54300001</misses>
				<total>0</total>
				<timestamp>1335.148207</timestamp>
			</report>
			<report>
				<misses>54400001</misses>
				<total>0</total>
				<timestamp>1337.613220</timestamp>
			</report>
			<report>
				<misses>54500001</misses>
				<total>0</total>
				<timestamp>1340.084459</timestamp>
			</report>
			<report>
				<misses>54600001</misses>
				<total>0</total>
				<timestamp>1342.535710</timestamp>
			</report>
			<report>
				<misses>54700001</misses>
				<total>0</total>
				<timestamp>1344.980673</timestamp>
			</report>
			<report>
				<misses>54800001</misses>
				<total>0</total>
				<timestamp>1347.423175</timestamp>
			</report>
			<report>
				<misses>54900001</misses>
				<total>0</total>
				<timestamp>1349.872539</timestamp>
			</report>
			<report>
				<misses>55000001</misses>
				<total>0</total>
				<timestamp>1352.321394</timestamp>
			</report>
			<report>
				<misses>55100001</misses>
				<total>0</total>
				<timestamp>1354.771310</timestamp>
			</report>
			<report>
				<misses>55200001</misses>
				<total>0</total>
				<timestamp>1357.224490</timestamp>
			</report>
			<report>
				<misses>55300001</misses>
				<total>0</total>
				<timestamp>1359.679041</timestamp>
			</report>
			<report>
				<misses>55400001</misses>
				<total>0</total>
				<timestamp>1362.128132</timestamp>
			</report>
			<report>
				<misses>55500001</misses>
				<total>0</total>
				<timestamp>1364.576256</timestamp>
			</report>
			<report>
				<misses>55600001</misses>
				<total>0</total>
				<timestamp>1367.021573</timestamp>
			</report>
			<report>
				<misses>55700001</misses>
				<total>0</total>
				<timestamp>1369.470273</timestamp>
			</report>
			<report>
				<misses>55800001</misses>
				<total>0</total>
				<timestamp>1371.929500</timestamp>
			</report>
			<report>
				<misses>55900001</misses>
				<total>0</total>
				<timestamp>1374.387693</timestamp>
			</report>
			<report>
				<misses>56000001</misses>
				<total>0</total>
				<timestamp>1376.847618</timestamp>
			</report>
			<report>
				<misses>56100001</misses>
				<total>0</total>
				<timestamp>1379.307350</timestamp>
			</report>
			<report>
				<misses>56200001</misses>
				<total>0</total>
				<timestamp>1381.759950</timestamp>
			</report>
			<report>
				<misses>56300001</misses>
				<total>0</total>
				<timestamp>1384.210791</timestamp>
			</report>
			<report>
				<misses>56400001</misses>
				<total>0</total>
				<timestamp>1386.661845</timestamp>
			</report>
			<report>
				<misses>56500001</misses>
				<total>0</total>
				<timestamp>1389.114576</timestamp>
			</report>
			<report>
				<misses>56600001</misses>
				<total>0</total>
				<timestamp>1391.572680</timestamp>
			</report>
			<report>
				<misses>56700001</misses>
				<total>0</total>
				<timestamp>1394.034478</timestamp>
			</report>
			<report>
				<misses>56800001</misses>
				<total>0</total>
				<timestamp>1396.495329</timestamp>
			</report>
			<report>
				<misses>56900001</misses>
				<total>0</total>
				<timestamp>1398.954176</timestamp>
			</report>
			<report>
				<misses>57000001</misses>
				<total>0</total>
				<timestamp>1401.408256</timestamp>
			</report>
			<report>
				<misses>57100001</misses>
				<total>0</total>
				<timestamp>1403.871579</timestamp>
			</report>
			<report>
				<misses>57200001</misses>
				<total>0</total>
				<timestamp>1406.325067</timestamp>
			</report>
			<report>
				<misses>57300001</misses>
				<total>0</total>
				<timestamp>1408.779100</timestamp>
			</report>
			<report>
				<misses>57400001</misses>
				<total>0</total>
				<timestamp>1411.228319</timestamp>
			</report>
			<report>
				<misses>57500001</misses>
				<total>0</total>
				<timestamp>1413.685743</timestamp>
			</report>
			<report>
				<misses>57600001</misses>
				<total>0</total>
				<timestamp>1416.137383</timestamp>
			</report>
			<report>
				<misses>57700001</misses>
				<total>0</total>
				<timestamp>1418.592250</timestamp>
			</report>
			<report>
				<misses>57800001</misses>
				<total>0</total>
				<timestamp>1421.058317</timestamp>
			</report>
			<report>
				<misses>57900001</misses>
				<total>0</total>
				<timestamp>1423.513445</timestamp>
			</report>
			<report>
				<misses>58000001</misses>
				<total>0</total>
				<timestamp>1425.964471</timestamp>
			</report>
			<report>
				<misses>58100001</misses>
				<total>0</total>
				<timestamp>1428.415489</timestamp>
			</report>
			<report>
				<misses>58200001</misses>
				<total>0</total>
				<timestamp>1430.869647</timestamp>
			</report>
			<report>
				<misses>58300001</misses>
				<total>0</total>
				<timestamp>1433.335754</timestamp>
			</report>
			<report>
				<misses>58400001</misses>
				<total>0</total>
				<timestamp>1435.791848</timestamp>
			</report>
			<report>
				<misses>58500001</misses>
				<total>0</total>
				<timestamp>1438.251924</timestamp>
			</report>
			<report>
				<misses>58600001</misses>
				<total>0</total>
				<timestamp>1440.723133</timestamp>
			</report>
			<report>
				<misses>58700001</misses>
				<total>0</total>
				<timestamp>1443.191487</timestamp>
			</report>
			<report>
				<misses>58800001</misses>
				<total>0</total>
				<timestamp>1445.654224</timestamp>
			</report>
			<report>
				<misses>58900001</misses>
				<total>0</total>
				<timestamp>1448.115346</timestamp>
			</report>
			<report>
				<misses>59000001</misses>
				<total>0</total>
				<timestamp>1450.573166</timestamp>
			</report>
			<report>
				<misses>59100001</misses>
				<total>0</total>
				<timestamp>1453.030346</timestamp>
			</report>
			<report>
				<misses>59200001</misses>
				<total>0</total>
				<timestamp>1455.485490</timestamp>
			</report>
			<report>
				<misses>59300001</misses>
				<total>0</total>
				<timestamp>1457.936327</timestamp>
			</report>
			<report>
				<misses>59400001</misses>
				<total>0</total>
				<timestamp>1460.397451</timestamp>
			</report>
			<report>
				<misses>59500001</misses>
				<total>0</total>
				<timestamp>1462.860872</timestamp>
			</report>
			<report>
				<misses>59600001</misses>
				<total>0</total>
				<timestamp>1465.309776</timestamp>
			</report>
			<report>
				<misses>59700001</misses>
				<total>0</total>
				<timestamp>1467.752586</timestamp>
			</report>
			<report>
				<misses>59800001</misses>
				<total>0</total>
				<timestamp>1470.199196</timestamp>
			</report>
			<report>
				<misses>59900001</misses>
				<total>0</total>
				<timestamp>1472.647165</timestamp>
			</report>
			<report>
				<misses>60000001</misses>
				<total>0</total>
				<timestamp>1475.103352</timestamp>
			</report>
			<report>
				<misses>60100001</misses>
				<total>0</total>
				<timestamp>1477.562541</timestamp>
			</report>
			<report>
				<misses>60200001</misses>
				<total>0</total>
				<timestamp>1480.017102</timestamp>
			</report>
			<report>
				<misses>60300001</misses>
				<total>0</total>
				<timestamp>1482.469766</timestamp>
			</report>
			<report>
				<misses>60400001</misses>
				<total>0</total>
				<timestamp>1484.928084</timestamp>
			</report>
			<report>
				<misses>60500001</misses>
				<total>0</total>
				<timestamp>1487.382815</timestamp>
			</report>
			<report>
				<misses>60600001</misses>
				<total>0</total>
				<timestamp>1489.832817</timestamp>
			</report>
			<report>
				<misses>60700001</misses>
				<total>0</total>
				<timestamp>1492.281874</timestamp>
			</report>
			<report>
				<misses>60800001</misses>
				<total>0</total>
				<timestamp>1494.727984</timestamp>
			</report>
			<report>
				<misses>60900001</misses>
				<total>0</total>
				<timestamp>1497.184021</timestamp>
			</report>
			<report>
				<misses>61000001</misses>
				<total>0</total>
				<timestamp>1499.641496</timestamp>
			</report>
			<report>
				<misses>61100001</misses>
				<total>0</total>
				<timestamp>1502.102141</timestamp>
			</report>
			<report>
				<misses>61200001</misses>
				<total>0</total>
				<timestamp>1504.570708</timestamp>
			</report>
			<report>
				<misses>61300001</misses>
				<total>0</total>
				<timestamp>1507.027449</timestamp>
			</report>
			<report>
				<misses>61400001</misses>
				<total>0</total>
				<timestamp>1509.484720</timestamp>
			</report>
			<report>
				<misses>61500001</misses>
				<total>0</total>
				<timestamp>1511.956978</timestamp>
			</report>
			<report>
				<misses>61600001</misses>
				<total>0</total>
				<timestamp>1514.418211</timestamp>
			</report>
			<report>
				<misses>61700001</misses>
				<total>0</total>
				<timestamp>1516.872296</timestamp>
			</report>
			<report>
				<misses>61800001</misses>
				<total>0</total>
				<timestamp>1519.330709</timestamp>
			</report>
			<report>
				<misses>61900001</misses>
				<total>0</total>
				<timestamp>1521.796965</timestamp>
			</report>
			<report>
				<misses>62000001</misses>
				<total>0</total>
				<timestamp>1524.257129</timestamp>
			</report>
			<report>
				<misses>62100001</misses>
				<total>0</total>
				<timestamp>1526.721832</timestamp>
			</report>
			<report>
				<misses>62200001</misses>
				<total>0</total>
				<timestamp>1529.184064</timestamp>
			</report>
			<report>
				<misses>62300001</misses>
				<total>0</total>
				<timestamp>1531.641060</timestamp>
			</report>
			<report>
				<misses>62400001</misses>
				<total>0</total>
				<timestamp>1534.098448</timestamp>
			</report>
			<report>
				<misses>62500001</misses>
				<total>0</total>
				<timestamp>1536.554705</timestamp>
			</report>
			<report>
				<misses>62600001</misses>
				<total>0</total>
				<timestamp>1539.018049</timestamp>
			</report>
			<report>
				<misses>62700001</misses>
				<total>0</total>
				<timestamp>1541.481498</timestamp>
			</report>
			<report>
				<misses>62800001</misses>
				<total>0</total>
				<timestamp>1543.952697</timestamp>
			</report>
			<report>
				<misses>62900001</misses>
				<total>0</total>
				<timestamp>1546.420503</timestamp>
			</report>
			<report>
				<misses>63000001</misses>
				<total>0</total>
				<timestamp>1548.878713</timestamp>
			</report>
			<report>
				<misses>63100001</misses>
				<total>0</total>
				<timestamp>1551.352627</timestamp>
			</report>
			<report>
				<misses>63200001</misses>
				<total>0</total>
				<timestamp>1553.822974</timestamp>
			</report>
			<report>
				<misses>63300001</misses>
				<total>0</total>
				<timestamp>1556.281096</timestamp>
			</report>
			<report>
				<misses>63400001</misses>
				<total>0</total>
				<timestamp>1558.744956</timestamp>
			</report>
			<report>
				<misses>63500001</misses>
				<total>0</total>
				<timestamp>1561.201901</timestamp>
			</report>
			<report>
				<misses>63600001</misses>
				<total>0</total>
				<timestamp>1563.672413</timestamp>
			</report>
			<report>
				<misses>63700001</misses>
				<total>0</total>
				<timestamp>1566.131657</timestamp>
			</report>
			<report>
				<misses>63800001</misses>
				<total>0</total>
				<timestamp>1568.589350</timestamp>
			</report>
			<report>
				<misses>63900001</misses>
				<total>0</total>
				<timestamp>1571.059234</timestamp>
			</report>
			<report>
				<misses>64000001</misses>
				<total>0</total>
				<timestamp>1573.527029</timestamp>
			</report>
			<report>
				<misses>64100001</misses>
				<total>0</total>
				<timestamp>1575.990312</timestamp>
			</report>
			<report>
				<misses>64200001</misses>
				<total>0</total>
				<timestamp>1578.454107</timestamp>
			</report>
			<report>
				<misses>64300001</misses>
				<total>0</total>
				<timestamp>1580.922020</timestamp>
			</report>
			<report>
				<misses>64400001</misses>
				<total>0</total>
				<timestamp>1583.397897</timestamp>
			</report>
			<report>
				<misses>64500001</misses>
				<total>0</total>
				<timestamp>1585.871955</timestamp>
			</report>
			<report>
				<misses>64600001</misses>
				<total>0</total>
				<timestamp>1588.340991</timestamp>
			</report>
			<report>
				<misses>64700001</misses>
				<total>0</total>
				<timestamp>1590.815446</timestamp>
			</report>
			<report>
				<misses>64800001</misses>
				<total>0</total>
				<timestamp>1593.291726</timestamp>
			</report>
			<report>
				<misses>64900001</misses>
				<total>0</total>
				<timestamp>1595.763842</timestamp>
			</report>
			<report>
				<misses>65000001</misses>
				<total>0</total>
				<timestamp>1598.230942</timestamp>
			</report>
			<report>
				<misses>65100001</misses>
				<total>0</total>
				<timestamp>1600.702441</timestamp>
			</report>
			<report>
				<misses>65200001</misses>
				<total>0</total>
				<timestamp>1603.183344</timestamp>
			</report>
			<report>
				<misses>65300001</misses>
				<total>0</total>
				<timestamp>1605.665047</timestamp>
			</report>
			<report>
				<misses>65400001</misses>
				<total>0</total>
				<timestamp>1608.136081</timestamp>
			</report>
			<report>
				<misses>65500001</misses>
				<total>0</total>
				<timestamp>1610.616817</timestamp>
			</report>
			<report>
				<misses>65600001</misses>
				<total>0</total>
				<timestamp>1613.082064</timestamp>
			</report>
			<report>
				<misses>65700001</misses>
				<total>0</total>
				<timestamp>1615.550911</timestamp>
			</report>
			<report>
				<misses>65800001</misses>
				<total>0</total>
				<timestamp>1618.020879</timestamp>
			</report>
			<report>
				<misses>65900001</misses>
				<total>0</total>
				<timestamp>1620.490054</timestamp>
			</report>
			<report>
				<misses>66000001</misses>
				<total>0</total>
				<timestamp>1622.971609</timestamp>
			</report>
			<report>
				<misses>66100001</misses>
				<total>0</total>
				<timestamp>1625.446297</timestamp>
			</report>
			<report>
				<misses>66200001</misses>
				<total>0</total>
				<timestamp>1627.916261</timestamp>
			</report>
			<report>
				<misses>66300001</misses>
				<total>0</total>
				<timestamp>1630.388676</timestamp>
			</report>
			<report>
				<misses>66400001</misses>
				<total>0</total>
				<timestamp>1632.856772</timestamp>
			</report>
			<report>
				<misses>66500001</misses>
				<total>0</total>
				<timestamp>1635.321393</timestamp>
			</report>
			<report>
				<misses>66600001</misses>
				<total>0</total>
				<timestamp>1637.781992</timestamp>
			</report>
			<report>
				<misses>66700001</misses>
				<total>0</total>
				<timestamp>1640.241280</timestamp>
			</report>
			<report>
				<misses>66800001</misses>
				<total>0</total>
				<timestamp>1642.705194</timestamp>
			</report>
			<report>
				<misses>66900001</misses>
				<total>0</total>
				<timestamp>1645.171573</timestamp>
			</report>
			<report>
				<misses>67000001</misses>
				<total>0</total>
				<timestamp>1647.636629</timestamp>
			</report>
			<report>
				<misses>67100001</misses>
				<total>0</total>
				<timestamp>1650.096850</timestamp>
			</report>
			<report>
				<misses>67200001</misses>
				<total>0</total>
				<timestamp>1652.573394</timestamp>
			</report>
			<report>
				<misses>67300001</misses>
				<total>0</total>
				<timestamp>1655.039426</timestamp>
			</report>
			<report>
				<misses>67400001</misses>
				<total>0</total>
				<timestamp>1657.508350</timestamp>
			</report>
			<report>
				<misses>67500001</misses>
				<total>0</total>
				<timestamp>1659.973179</timestamp>
			</report>
			<report>
				<misses>67600001</misses>
				<total>0</total>
				<timestamp>1662.429689</timestamp>
			</report>
			<report>
				<misses>67700001</misses>
				<total>0</total>
				<timestamp>1664.890678</timestamp>
			</report>
			<report>
				<misses>67800001</misses>
				<total>0</total>
				<timestamp>1667.349324</timestamp>
			</report>
			<report>
				<misses>67900001</misses>
				<total>0</total>
				<timestamp>1669.811955</timestamp>
			</report>
			<report>
				<misses>68000001</misses>
				<total>0</total>
				<timestamp>1672.284496</timestamp>
			</report>
			<report>
				<misses>68100001</misses>
				<total>0</total>
				<timestamp>1674.752005</timestamp>
			</report>
			<report>
				<misses>68200001</misses>
				<total>0</total>
				<timestamp>1677.224552</timestamp>
			</report>
			<report>
				<misses>68300001</misses>
				<total>0</total>
				<timestamp>1679.691596</timestamp>
			</report>
			<report>
				<misses>68400001</misses>
				<total>0</total>
				<timestamp>1682.155215</timestamp>
			</report>
			<report>
				<misses>68500001</misses>
				<total>0</total>
				<timestamp>1684.629491</timestamp>
			</report>
			<report>
				<misses>68600001</misses>
				<total>0</total>
				<timestamp>1687.102220</timestamp>
			</report>
			<report>
				<misses>68700001</misses>
				<total>0</total>
				<timestamp>1689.562863</timestamp>
			</report>
			<report>
				<misses>68800001</misses>
				<total>0</total>
				<timestamp>1692.032842</timestamp>
			</report>
			<report>
				<misses>68900001</misses>
				<total>0</total>
				<timestamp>1694.504792</timestamp>
			</report>
			<report>
				<misses>69000001</misses>
				<total>0</total>
				<timestamp>1696.969742</timestamp>
			</report>
			<report>
				<misses>69100001</misses>
				<total>0</total>
				<timestamp>1699.434747</timestamp>
			</report>
			<report>
				<misses>69200001</misses>
				<total>0</total>
				<timestamp>1701.914646</timestamp>
			</report>
			<report>
				<misses>69300001</misses>
				<total>0</total>
				<timestamp>1704.382201</timestamp>
			</report>
			<report>
				<misses>69400001</misses>
				<total>0</total>
				<timestamp>1706.847134</timestamp>
			</report>
			<report>
				<misses>69500001</misses>
				<total>0</total>
				<timestamp>1709.316701</timestamp>
			</report>
			<report>
				<misses>69600001</misses>
				<total>0</total>
				<timestamp>1711.774111</timestamp>
			</report>
			<report>
				<misses>69700001</misses>
				<total>0</total>
				<timestamp>1714.236973</timestamp>
			</report>
			<report>
				<misses>69800001</misses>
				<total>0</total>
				<timestamp>1716.705126</timestamp>
			</report>
			<report>
				<misses>69900001</misses>
				<total>0</total>
				<timestamp>1719.166809</timestamp>
			</report>
			<report>
				<misses>70000001</misses>
				<total>0</total>
				<timestamp>1721.638398</timestamp>
			</report>
			<report>
				<misses>70100001</misses>
				<total>0</total>
				<timestamp>1724.121998</timestamp>
			</report>
			<report>
				<misses>70200001</misses>
				<total>0</total>
				<timestamp>1726.593200</timestamp>
			</report>
			<report>
				<misses>70300001</misses>
				<total>0</total>
				<timestamp>1729.071505</timestamp>
			</report>
			<report>
				<misses>70400001</misses>
				<total>0</total>
				<timestamp>1731.540281</timestamp>
			</report>
			<report>
				<misses>70500001</misses>
				<total>0</total>
				<timestamp>1734.003286</timestamp>
			</report>
			<report>
				<misses>70600001</misses>
				<total>0</total>
				<timestamp>1736.476754</timestamp>
			</report>
			<report>
				<misses>70700001</misses>
				<total>0</total>
				<timestamp>1738.952667</timestamp>
			</report>
			<report>
				<misses>70800001</misses>
				<total>0</total>
				<timestamp>1741.420896</timestamp>
			</report>
			<report>
				<misses>70900001</misses>
				<total>0</total>
				<timestamp>1743.893069</timestamp>
			</report>
			<report>
				<misses>71000001</misses>
				<total>0</total>
				<timestamp>1746.372568</timestamp>
			</report>
			<report>
				<misses>71100001</misses>
				<total>0</total>
				<timestamp>1748.848480</timestamp>
			</report>
			<report>
				<misses>71200001</misses>
				<total>0</total>
				<timestamp>1751.302017</timestamp>
			</report>
			<report>
				<misses>71300001</misses>
				<total>0</total>
				<timestamp>1753.768306</timestamp>
			</report>
			<report>
				<misses>71400001</misses>
				<total>0</total>
				<timestamp>1756.216959</timestamp>
			</report>
			<report>
				<misses>71500001</misses>
				<total>0</total>
				<timestamp>1758.663225</timestamp>
			</report>
			<report>
				<misses>71600001</misses>
				<total>0</total>
				<timestamp>1761.112476</timestamp>
			</report>
			<report>
				<misses>71700001</misses>
				<total>0</total>
				<timestamp>1763.562481</timestamp>
			</report>
			<report>
				<misses>71800001</misses>
				<total>0</total>
				<timestamp>1766.015920</timestamp>
			</report>
			<report>
				<misses>71900001</misses>
				<total>0</total>
				<timestamp>1768.470909</timestamp>
			</report>
			<report>
				<misses>72000001</misses>
				<total>0</total>
				<timestamp>1770.925817</timestamp>
			</report>
			<report>
				<misses>72100001</misses>
				<total>0</total>
				<timestamp>1773.376534</timestamp>
			</report>
			<report>
				<misses>72200001</misses>
				<total>0</total>
				<timestamp>1775.828450</timestamp>
			</report>
			<report>
				<misses>72300001</misses>
				<total>0</total>
				<timestamp>1778.277846</timestamp>
			</report>
			<report>
				<misses>72400001</misses>
				<total>0</total>
				<timestamp>1780.736337</timestamp>
			</report>
			<report>
				<misses>72500001</misses>
				<total>0</total>
				<timestamp>1783.189312</timestamp>
			</report>
			<report>
				<misses>72600001</misses>
				<total>0</total>
				<timestamp>1785.637172</timestamp>
			</report>
			<report>
				<misses>72700001</misses>
				<total>0</total>
				<timestamp>1788.106167</timestamp>
			</report>
			<report>
				<misses>72800001</misses>
				<total>0</total>
				<timestamp>1790.561822</timestamp>
			</report>
			<report>
				<misses>72900001</misses>
				<total>0</total>
				<timestamp>1793.028364</timestamp>
			</report>
			<report>
				<misses>73000001</misses>
				<total>0</total>
				<timestamp>1795.487006</timestamp>
			</report>
			<report>
				<misses>73100001</misses>
				<total>0</total>
				<timestamp>1797.945680</timestamp>
			</report>
			<report>
				<misses>73200001</misses>
				<total>0</total>
				<timestamp>1800.407194</timestamp>
			</report>
			<report>
				<misses>73300001</misses>
				<total>0</total>
				<timestamp>1802.859157</timestamp>
			</report>
			<report>
				<misses>73400001</misses>
				<total>0</total>
				<timestamp>1805.320953</timestamp>
			</report>
			<report>
				<misses>73500001</misses>
				<total>0</total>
				<timestamp>1807.769915</timestamp>
			</report>
			<report>
				<misses>73600001</misses>
				<total>0</total>
				<timestamp>1810.228511</timestamp>
			</report>
			<report>
				<misses>73700001</misses>
				<total>0</total>
				<timestamp>1812.682450</timestamp>
			</report>
			<report>
				<misses>73800001</misses>
				<total>0</total>
				<timestamp>1815.130702</timestamp>
			</report>
			<report>
				<misses>73900001</misses>
				<total>0</total>
				<timestamp>1817.582366</timestamp>
			</report>
			<report>
				<misses>74000001</misses>
				<total>0</total>
				<timestamp>1820.029873</timestamp>
			</report>
			<report>
				<misses>74100001</misses>
				<total>0</total>
				<timestamp>1822.480762</timestamp>
			</report>
			<report>
				<misses>74200001</misses>
				<total>0</total>
				<timestamp>1824.934699</timestamp>
			</report>
			<report>
				<misses>74300001</misses>
				<total>0</total>
				<timestamp>1827.395239</timestamp>
			</report>
			<report>
				<misses>74400001</misses>
				<total>0</total>
				<timestamp>1829.849406</timestamp>
			</report>
			<report>
				<misses>74500001</misses>
				<total>0</total>
				<timestamp>1832.299376</timestamp>
			</report>
			<report>
				<misses>74600001</misses>
				<total>0</total>
				<timestamp>1834.753199</timestamp>
			</report>
			<report>
				<misses>74700001</misses>
				<total>0</total>
				<timestamp>1837.201557</timestamp>
			</report>
			<report>
				<misses>74800001</misses>
				<total>0</total>
				<timestamp>1839.660079</timestamp>
			</report>
			<report>
				<misses>74900001</misses>
				<total>0</total>
				<timestamp>1842.112513</timestamp>
			</report>
			<report>
				<misses>75000001</misses>
				<total>0</total>
				<timestamp>1844.566137</timestamp>
			</report>
			<report>
				<misses>75100001</misses>
				<total>0</total>
				<timestamp>1847.012337</timestamp>
			</report>
			<report>
				<misses>75200001</misses>
				<total>0</total>
				<timestamp>1849.465028</timestamp>
			</report>
			<report>
				<misses>75300001</misses>
				<total>0</total>
				<timestamp>1851.918908</timestamp>
			</report>
			<report>
				<misses>75400001</misses>
				<total>0</total>
				<timestamp>1854.366580</timestamp>
			</report>
			<report>
				<misses>75500001</misses>
				<total>0</total>
				<timestamp>1856.826254</timestamp>
			</report>
			<report>
				<misses>75600001</misses>
				<total>0</total>
				<timestamp>1859.280577</timestamp>
			</report>
			<report>
				<misses>75700001</misses>
				<total>0</total>
				<timestamp>1861.733274</timestamp>
			</report>
			<report>
				<misses>75800001</misses>
				<total>0</total>
				<timestamp>1864.191187</timestamp>
			</report>
			<report>
				<misses>75900001</misses>
				<total>0</total>
				<timestamp>1866.646353</timestamp>
			</report>
			<report>
				<misses>76000001</misses>
				<total>0</total>
				<timestamp>1869.106156</timestamp>
			</report>
			<report>
				<misses>76100001</misses>
				<total>0</total>
				<timestamp>1871.553260</timestamp>
			</report>
			<report>
				<misses>76200001</misses>
				<total>0</total>
				<timestamp>1874.006141</timestamp>
			</report>
			<report>
				<misses>76300001</misses>
				<total>0</total>
				<timestamp>1876.459348</timestamp>
			</report>
			<report>
				<misses>76400001</misses>
				<total>0</total>
				<timestamp>1878.920185</timestamp>
			</report>
			<report>
				<misses>76500001</misses>
				<total>0</total>
				<timestamp>1881.381928</timestamp>
			</report>
			<report>
				<misses>76600001</misses>
				<total>0</total>
				<timestamp>1883.845512</timestamp>
			</report>
			<report>
				<misses>76700001</misses>
				<total>0</total>
				<timestamp>1886.304643</timestamp>
			</report>
			<report>
				<misses>76800001</misses>
				<total>0</total>
				<timestamp>1888.759539</timestamp>
			</report>
			<report>
				<misses>76900001</misses>
				<total>0</total>
				<timestamp>1891.216528</timestamp>
			</report>
			<report>
				<misses>77000001</misses>
				<total>0</total>
				<timestamp>1893.681834</timestamp>
			</report>
			<report>
				<misses>77100001</misses>
				<total>0</total>
				<timestamp>1896.145063</timestamp>
			</report>
			<report>
				<misses>77200001</misses>
				<total>0</total>
				<timestamp>1898.605914</timestamp>
			</report>
			<report>
				<misses>77300001</misses>
				<total>0</total>
				<timestamp>1901.078931</timestamp>
			</report>
			<report>
				<misses>77400001</misses>
				<total>0</total>
				<timestamp>1903.548661</timestamp>
			</report>
			<report>
				<misses>77500001</misses>
				<total>0</total>
				<timestamp>1906.010801</timestamp>
			</report>
			<report>
				<misses>77600001</misses>
				<total>0</total>
				<timestamp>1908.477902</timestamp>
			</report>
			<report>
				<misses>77700001</misses>
				<total>0</total>
				<timestamp>1910.942636</timestamp>
			</report>
			<report>
				<misses>77800001</misses>
				<total>0</total>
				<timestamp>1913.405870</timestamp>
			</report>
			<report>
				<misses>77900001</misses>
				<total>0</total>
				<timestamp>1915.869204</timestamp>
			</report>
			<report>
				<misses>78000001</misses>
				<total>0</total>
				<timestamp>1918.346671</timestamp>
			</report>
			<report>
				<misses>78100001</misses>
				<total>0</total>
				<timestamp>1920.815473</timestamp>
			</report>
			<report>
				<misses>78200001</misses>
				<total>0</total>
				<timestamp>1923.291845</timestamp>
			</report>
			<report>
				<misses>78300001</misses>
				<total>0</total>
				<timestamp>1925.760595</timestamp>
			</report>
			<report>
				<misses>78400001</misses>
				<total>0</total>
				<timestamp>1928.226526</timestamp>
			</report>
			<report>
				<misses>78500001</misses>
				<total>0</total>
				<timestamp>1930.698334</timestamp>
			</report>
			<report>
				<misses>78600001</misses>
				<total>0</total>
				<timestamp>1933.163359</timestamp>
			</report>
			<report>
				<misses>78700001</misses>
				<total>0</total>
				<timestamp>1935.625532</timestamp>
			</report>
			<report>
				<misses>78800001</misses>
				<total>0</total>
				<timestamp>1938.091519</timestamp>
			</report>
			<report>
				<misses>78900001</misses>
				<total>0</total>
				<timestamp>1940.553676</timestamp>
			</report>
			<report>
				<misses>79000001</misses>
				<total>0</total>
				<timestamp>1943.024074</timestamp>
			</report>
			<report>
				<misses>79100001</misses>
				<total>0</total>
				<timestamp>1945.494725</timestamp>
			</report>
			<report>
				<misses>79200001</misses>
				<total>0</total>
				<timestamp>1947.962480</timestamp>
			</report>
			<report>
				<misses>79300001</misses>
				<total>0</total>
				<timestamp>1950.424434</timestamp>
			</report>
			<report>
				<misses>79400001</misses>
				<total>0</total>
				<timestamp>1952.895105</timestamp>
			</report>
			<report>
				<misses>79500001</misses>
				<total>0</total>
				<timestamp>1955.368243</timestamp>
			</report>
			<report>
				<misses>79600001</misses>
				<total>0</total>
				<timestamp>1957.832411</timestamp>
			</report>
			<report>
				<misses>79700001</misses>
				<total>0</total>
				<timestamp>1960.300021</timestamp>
			</report>
			<report>
				<misses>79800001</misses>
				<total>0</total>
				<timestamp>1962.760063</timestamp>
			</report>
			<report>
				<misses>79900001</misses>
				<total>0</total>
				<timestamp>1965.222353</timestamp>
			</report>
			<report>
				<misses>80000001</misses>
				<total>0</total>
				<timestamp>1967.684822</timestamp>
			</report>
			<report>
				<misses>80100001</misses>
				<total>0</total>
				<timestamp>1970.150675</timestamp>
			</report>
			<report>
				<misses>80200001</misses>
				<total>0</total>
				<timestamp>1972.615958</timestamp>
			</report>
			<report>
				<misses>80300001</misses>
				<total>0</total>
				<timestamp>1975.076206</timestamp>
			</report>
			<report>
				<misses>80400001</misses>
				<total>0</total>
				<timestamp>1977.544861</timestamp>
			</report>
			<report>
				<misses>80500001</misses>
				<total>0</total>
				<timestamp>1980.007322</timestamp>
			</report>
			<report>
				<misses>80600001</misses>
				<total>0</total>
				<timestamp>1982.474368</timestamp>
			</report>
			<report>
				<misses>80700001</misses>
				<total>0</total>
				<timestamp>1984.949665</timestamp>
			</report>
			<report>
				<misses>80800001</misses>
				<total>0</total>
				<timestamp>1987.419244</timestamp>
			</report>
			<report>
				<misses>80900001</misses>
				<total>0</total>
				<timestamp>1989.888202</timestamp>
			</report>
			<report>
				<misses>81000001</misses>
				<total>0</total>
				<timestamp>1992.355849</timestamp>
			</report>
			<report>
				<misses>81100001</misses>
				<total>0</total>
				<timestamp>1994.824563</timestamp>
			</report>
			<report>
				<misses>81200001</misses>
				<total>0</total>
				<timestamp>1997.296236</timestamp>
			</report>
			<report>
				<misses>81300001</misses>
				<total>0</total>
				<timestamp>1999.760033</timestamp>
			</report>
			<report>
				<misses>81400001</misses>
				<total>0</total>
				<timestamp>2002.234203</timestamp>
			</report>
			<report>
				<misses>81500001</misses>
				<total>0</total>
				<timestamp>2004.703590</timestamp>
			</report>
			<report>
				<misses>81600001</misses>
				<total>0</total>
				<timestamp>2007.170024</timestamp>
			</report>
			<report>
				<misses>81700001</misses>
				<total>0</total>
				<timestamp>2009.635054</timestamp>
			</report>
			<report>
				<misses>81800001</misses>
				<total>0</total>
				<timestamp>2012.099004</timestamp>
			</report>
			<report>
				<misses>81900001</misses>
				<total>0</total>
				<timestamp>2014.562879</timestamp>
			</report>
			<report>
				<misses>82000001</misses>
				<total>0</total>
				<timestamp>2017.029297</timestamp>
			</report>
			<report>
				<misses>82100001</misses>
				<total>0</total>
				<timestamp>2019.501756</timestamp>
			</report>
			<report>
				<misses>82200001</misses>
				<total>0</total>
				<timestamp>2021.967473</timestamp>
			</report>
			<report>
				<misses>82300001</misses>
				<total>0</total>
				<timestamp>2024.432074</timestamp>
			</report>
			<report>
				<misses>82400001</misses>
				<total>0</total>
				<timestamp>2026.902758</timestamp>
			</report>
			<report>
				<misses>82500001</misses>
				<total>0</total>
				<timestamp>2029.380082</timestamp>
			</report>
			<report>
				<misses>82600001</misses>
				<total>0</total>
				<timestamp>2031.853646</timestamp>
			</report>
			<report>
				<misses>82700001</misses>
				<total>0</total>
				<timestamp>2034.322748</timestamp>
			</report>
			<report>
				<misses>82800001</misses>
				<total>0</total>
				<timestamp>2036.783978</timestamp>
			</report>
			<report>
				<misses>82900001</misses>
				<total>0</total>
				<timestamp>2039.250366</timestamp>
			</report>
			<report>
				<misses>83000001</misses>
				<total>0</total>
				<timestamp>2041.723398</timestamp>
			</report>
			<report>
				<misses>83100001</misses>
				<total>0</total>
				<timestamp>2044.191353</timestamp>
			</report>
			<report>
				<misses>83200001</misses>
				<total>0</total>
				<timestamp>2046.675848</timestamp>
			</report>
			<report>
				<misses>83300001</misses>
				<total>0</total>
				<timestamp>2049.152361</timestamp>
			</report>
			<report>
				<misses>83400001</misses>
				<total>0</total>
				<timestamp>2051.622575</timestamp>
			</report>
			<report>
				<misses>83500001</misses>
				<total>0</total>
				<timestamp>2054.092016</timestamp>
			</report>
			<report>
				<misses>83600001</misses>
				<total>0</total>
				<timestamp>2056.551627</timestamp>
			</report>
			<report>
				<misses>83700001</misses>
				<total>0</total>
				<timestamp>2059.016407</timestamp>
			</report>
			<report>
				<misses>83800001</misses>
				<total>0</total>
				<timestamp>2061.490852</timestamp>
			</report>
			<report>
				<misses>83900001</misses>
				<total>0</total>
				<timestamp>2063.962756</timestamp>
			</report>
			<report>
				<misses>84000001</misses>
				<total>0</total>
				<timestamp>2066.434109</timestamp>
			</report>
			<report>
				<misses>84100001</misses>
				<total>0</total>
				<timestamp>2068.906360</timestamp>
			</report>
			<report>
				<misses>84200001</misses>
				<total>0</total>
				<timestamp>2071.378135</timestamp>
			</report>
			<report>
				<misses>84300001</misses>
				<total>0</total>
				<timestamp>2073.853357</timestamp>
			</report>
			<report>
				<misses>84400001</misses>
				<total>0</total>
				<timestamp>2076.335387</timestamp>
			</report>
			<report>
				<misses>84500001</misses>
				<total>0</total>
				<timestamp>2078.807872</timestamp>
			</report>
			<report>
				<misses>84600001</misses>
				<total>0</total>
				<timestamp>2081.269490</timestamp>
			</report>
			<report>
				<misses>84700001</misses>
				<total>0</total>
				<timestamp>2083.742142</timestamp>
			</report>
			<report>
				<misses>84800001</misses>
				<total>0</total>
				<timestamp>2086.201103</timestamp>
			</report>
			<report>
				<misses>84900001</misses>
				<total>0</total>
				<timestamp>2088.665416</timestamp>
			</report>
			<report>
				<misses>85000001</misses>
				<total>0</total>
				<timestamp>2091.138651</timestamp>
			</report>
			<report>
				<misses>85100001</misses>
				<total>0</total>
				<timestamp>2093.613529</timestamp>
			</report>
			<report>
				<misses>85200001</misses>
				<total>0</total>
				<timestamp>2096.086920</timestamp>
			</report>
			<report>
				<misses>85300001</misses>
				<total>0</total>
				<timestamp>2098.551881</timestamp>
			</report>
			<report>
				<misses>85400001</misses>
				<total>0</total>
				<timestamp>2101.022916</timestamp>
			</report>
			<report>
				<misses>85500001</misses>
				<total>0</total>
				<timestamp>2103.490192</timestamp>
			</report>
			<report>
				<misses>85600001</misses>
				<total>0</total>
				<timestamp>2105.951372</timestamp>
			</report>
			<report>
				<misses>85700001</misses>
				<total>0</total>
				<timestamp>2108.420971</timestamp>
			</report>
			<report>
				<misses>85800001</misses>
				<total>0</total>
				<timestamp>2110.892121</timestamp>
			</report>
			<report>
				<misses>85900001</misses>
				<total>0</total>
				<timestamp>2113.357300</timestamp>
			</report>
			<report>
				<misses>86000001</misses>
				<total>0</total>
				<timestamp>2115.819057</timestamp>
			</report>
			<report>
				<misses>86100001</misses>
				<total>0</total>
				<timestamp>2118.302977</timestamp>
			</report>
			<report>
				<misses>86200001</misses>
				<total>0</total>
				<timestamp>2120.773625</timestamp>
			</report>
			<report>
				<misses>86300001</misses>
				<total>0</total>
				<timestamp>2123.250588</timestamp>
			</report>
			<report>
				<misses>86400001</misses>
				<total>0</total>
				<timestamp>2125.718077</timestamp>
			</report>
			<report>
				<misses>86500001</misses>
				<total>0</total>
				<timestamp>2128.182424</timestamp>
			</report>
			<report>
				<misses>86600001</misses>
				<total>0</total>
				<timestamp>2130.652727</timestamp>
			</report>
			<report>
				<misses>86700001</misses>
				<total>0</total>
				<timestamp>2133.127041</timestamp>
			</report>
			<report>
				<misses>86800001</misses>
				<total>0</total>
				<timestamp>2135.596919</timestamp>
			</report>
			<report>
				<misses>86900001</misses>
				<total>0</total>
				<timestamp>2138.069278</timestamp>
			</report>
			<report>
				<misses>87000001</misses>
				<total>0</total>
				<timestamp>2140.537540</timestamp>
			</report>
			<report>
				<misses>87100001</misses>
				<total>0</total>
				<timestamp>2143.002389</timestamp>
			</report>
			<report>
				<misses>87200001</misses>
				<total>0</total>
				<timestamp>2145.468648</timestamp>
			</report>
			<report>
				<misses>87300001</misses>
				<total>0</total>
				<timestamp>2147.935161</timestamp>
			</report>
			<report>
				<misses>87400001</misses>
				<total>0</total>
				<timestamp>2150.409576</timestamp>
			</report>
			<report>
				<misses>87500001</misses>
				<total>0</total>
				<timestamp>2152.883420</timestamp>
			</report>
			<report>
				<misses>87600001</misses>
				<total>0</total>
				<timestamp>2155.356935</timestamp>
			</report>
			<report>
				<misses>87700001</misses>
				<total>0</total>
				<timestamp>2157.825446</timestamp>
			</report>
			<report>
				<misses>87800001</misses>
				<total>0</total>
				<timestamp>2160.299956</timestamp>
			</report>
			<report>
				<misses>87900001</misses>
				<total>0</total>
				<timestamp>2162.778599</timestamp>
			</report>
			<report>
				<misses>88000001</misses>
				<total>0</total>
				<timestamp>2165.265441</timestamp>
			</report>
			<report>
				<misses>88100001</misses>
				<total>0</total>
				<timestamp>2167.734969</timestamp>
			</report>
			<report>
				<misses>88200001</misses>
				<total>0</total>
				<timestamp>2170.203324</timestamp>
			</report>
			<report>
				<misses>88300001</misses>
				<total>0</total>
				<timestamp>2172.677732</timestamp>
			</report>
			<report>
				<misses>88400001</misses>
				<total>0</total>
				<timestamp>2175.149188</timestamp>
			</report>
			<report>
				<misses>88500001</misses>
				<total>0</total>
				<timestamp>2177.617464</timestamp>
			</report>
			<report>
				<misses>88600001</misses>
				<total>0</total>
				<timestamp>2180.080279</timestamp>
			</report>
			<report>
				<misses>88700001</misses>
				<total>0</total>
				<timestamp>2182.551628</timestamp>
			</report>
			<report>
				<misses>88800001</misses>
				<total>0</total>
				<timestamp>2185.013657</timestamp>
			</report>
			<report>
				<misses>88900001</misses>
				<total>0</total>
				<timestamp>2187.481624</timestamp>
			</report>
			<report>
				<misses>89000001</misses>
				<total>0</total>
				<timestamp>2189.948317</timestamp>
			</report>
			<report>
				<misses>89100001</misses>
				<total>0</total>
				<timestamp>2192.421047</timestamp>
			</report>
			<report>
				<misses>89200001</misses>
				<total>0</total>
				<timestamp>2194.891148</timestamp>
			</report>
			<report>
				<misses>89300001</misses>
				<total>0</total>
				<timestamp>2197.360144</timestamp>
			</report>
			<report>
				<misses>89400001</misses>
				<total>0</total>
				<timestamp>2199.821119</timestamp>
			</report>
			<report>
				<misses>89500001</misses>
				<total>0</total>
				<timestamp>2202.276150</timestamp>
			</report>
			<report>
				<misses>89600001</misses>
				<total>0</total>
				<timestamp>2204.744376</timestamp>
			</report>
			<report>
				<misses>89700001</misses>
				<total>0</total>
				<timestamp>2207.208069</timestamp>
			</report>
			<report>
				<misses>89800001</misses>
				<total>0</total>
				<timestamp>2209.671240</timestamp>
			</report>
			<report>
				<misses>89900001</misses>
				<total>0</total>
				<timestamp>2212.140442</timestamp>
			</report>
			<report>
				<misses>90000001</misses>
				<total>0</total>
				<timestamp>2214.605257</timestamp>
			</report>
			<report>
				<misses>90100001</misses>
				<total>0</total>
				<timestamp>2217.071755</timestamp>
			</report>
			<report>
				<misses>90200001</misses>
				<total>0</total>
				<timestamp>2219.544382</timestamp>
			</report>
			<report>
				<misses>90300001</misses>
				<total>0</total>
				<timestamp>2222.025143</timestamp>
			</report>
			<report>
				<misses>90400001</misses>
				<total>0</total>
				<timestamp>2224.510816</timestamp>
			</report>
			<report>
				<misses>90500001</misses>
				<total>0</total>
				<timestamp>2226.986486</timestamp>
			</report>
			<report>
				<misses>90600001</misses>
				<total>0</total>
				<timestamp>2229.455779</timestamp>
			</report>
			<report>
				<misses>90700001</misses>
				<total>0</total>
				<timestamp>2231.925061</timestamp>
			</report>
			<report>
				<misses>90800001</misses>
				<total>0</total>
				<timestamp>2234.391890</timestamp>
			</report>
			<report>
				<misses>90900001</misses>
				<total>0</total>
				<timestamp>2236.855196</timestamp>
			</report>
			<report>
				<misses>91000001</misses>
				<total>0</total>
				<timestamp>2239.316690</timestamp>
			</report>
			<report>
				<misses>91100001</misses>
				<total>0</total>
				<timestamp>2241.781668</timestamp>
			</report>
			<report>
				<misses>91200001</misses>
				<total>0</total>
				<timestamp>2244.244367</timestamp>
			</report>
			<report>
				<misses>91300001</misses>
				<total>0</total>
				<timestamp>2246.711569</timestamp>
			</report>
			<report>
				<misses>91400001</misses>
				<total>0</total>
				<timestamp>2249.182077</timestamp>
			</report>
			<report>
				<misses>91500001</misses>
				<total>0</total>
				<timestamp>2251.652987</timestamp>
			</report>
			<report>
				<misses>91600001</misses>
				<total>0</total>
				<timestamp>2254.126628</timestamp>
			</report>
			<report>
				<misses>91700001</misses>
				<total>0</total>
				<timestamp>2256.596601</timestamp>
			</report>
			<report>
				<misses>91800001</misses>
				<total>0</total>
				<timestamp>2259.068706</timestamp>
			</report>
			<report>
				<misses>91900001</misses>
				<total>0</total>
				<timestamp>2261.539739</timestamp>
			</report>
			<report>
				<misses>92000001</misses>
				<total>0</total>
				<timestamp>2264.002517</timestamp>
			</report>
			<report>
				<misses>92100001</misses>
				<total>0</total>
				<timestamp>2266.472388</timestamp>
			</report>
			<report>
				<misses>92200001</misses>
				<total>0</total>
				<timestamp>2268.939753</timestamp>
			</report>
			<report>
				<misses>92300001</misses>
				<total>0</total>
				<timestamp>2271.413978</timestamp>
			</report>
			<report>
				<misses>92400001</misses>
				<total>0</total>
				<timestamp>2273.887203</timestamp>
			</report>
			<report>
				<misses>92500001</misses>
				<total>0</total>
				<timestamp>2276.360630</timestamp>
			</report>
			<report>
				<misses>92600001</misses>
				<total>0</total>
				<timestamp>2278.822318</timestamp>
			</report>
			<report>
				<misses>92700001</misses>
				<total>0</total>
				<timestamp>2281.304740</timestamp>
			</report>
			<report>
				<misses>92800001</misses>
				<total>0</total>
				<timestamp>2283.773671</timestamp>
			</report>
			<report>
				<misses>92900001</misses>
				<total>0</total>
				<timestamp>2286.252640</timestamp>
			</report>
			<report>
				<misses>93000001</misses>
				<total>0</total>
				<timestamp>2288.725719</timestamp>
			</report>
			<report>
				<misses>93100001</misses>
				<total>0</total>
				<timestamp>2291.198601</timestamp>
			</report>
			<report>
				<misses>93200001</misses>
				<total>0</total>
				<timestamp>2293.669997</timestamp>
			</report>
			<report>
				<misses>93300001</misses>
				<total>0</total>
				<timestamp>2296.130015</timestamp>
			</report>
			<report>
				<misses>93400001</misses>
				<total>0</total>
				<timestamp>2298.608125</timestamp>
			</report>
			<report>
				<misses>93500001</misses>
				<total>0</total>
				<timestamp>2301.076818</timestamp>
			</report>
			<report>
				<misses>93600001</misses>
				<total>0</total>
				<timestamp>2303.548196</timestamp>
			</report>
			<report>
				<misses>93700001</misses>
				<total>0</total>
				<timestamp>2306.010228</timestamp>
			</report>
			<report>
				<misses>93800001</misses>
				<total>0</total>
				<timestamp>2308.477932</timestamp>
			</report>
			<report>
				<misses>93900001</misses>
				<total>0</total>
				<timestamp>2310.953918</timestamp>
			</report>
			<report>
				<misses>94000001</misses>
				<total>0</total>
				<timestamp>2313.436312</timestamp>
			</report>
			<report>
				<misses>94100001</misses>
				<total>0</total>
				<timestamp>2315.903804</timestamp>
			</report>
			<report>
				<misses>94200001</misses>
				<total>0</total>
				<timestamp>2318.371113</timestamp>
			</report>
			<report>
				<misses>94300001</misses>
				<total>0</total>
				<timestamp>2320.839633</timestamp>
			</report>
			<report>
				<misses>94400001</misses>
				<total>0</total>
				<timestamp>2323.303350</timestamp>
			</report>
			<report>
				<misses>94500001</misses>
				<total>0</total>
				<timestamp>2325.774383</timestamp>
			</report>
			<report>
				<misses>94600001</misses>
				<total>0</total>
				<timestamp>2328.248948</timestamp>
			</report>
			<report>
				<misses>94700001</misses>
				<total>0</total>
				<timestamp>2330.719350</timestamp>
			</report>
			<report>
				<misses>94800001</misses>
				<total>0</total>
				<timestamp>2333.185542</timestamp>
			</report>
			<report>
				<misses>94900001</misses>
				<total>0</total>
				<timestamp>2335.659106</timestamp>
			</report>
			<report>
				<misses>95000001</misses>
				<total>0</total>
				<timestamp>2338.123038</timestamp>
			</report>
			<report>
				<misses>95100001</misses>
				<total>0</total>
				<timestamp>2340.593724</timestamp>
			</report>
			<report>
				<misses>95200001</misses>
				<total>0</total>
				<timestamp>2343.072484</timestamp>
			</report>
			<report>
				<misses>95300001</misses>
				<total>0</total>
				<timestamp>2345.542617</timestamp>
			</report>
			<report>
				<misses>95400001</misses>
				<total>0</total>
				<timestamp>2348.009717</timestamp>
			</report>
			<report>
				<misses>95500001</misses>
				<total>0</total>
				<timestamp>2350.468977</timestamp>
			</report>
			<report>
				<misses>95600001</misses>
				<total>0</total>
				<timestamp>2352.937544</timestamp>
			</report>
			<report>
				<misses>95700001</misses>
				<total>0</total>
				<timestamp>2355.403268</timestamp>
			</report>
			<report>
				<misses>95800001</misses>
				<total>0</total>
				<timestamp>2357.867820</timestamp>
			</report>
			<report>
				<misses>95900001</misses>
				<total>0</total>
				<timestamp>2360.326980</timestamp>
			</report>
			<report>
				<misses>96000001</misses>
				<total>0</total>
				<timestamp>2362.792830</timestamp>
			</report>
			<report>
				<misses>96100001</misses>
				<total>0</total>
				<timestamp>2365.260494</timestamp>
			</report>
			<report>
				<misses>96200001</misses>
				<total>0</total>
				<timestamp>2367.724921</timestamp>
			</report>
			<report>
				<misses>96300001</misses>
				<total>0</total>
				<timestamp>2370.189333</timestamp>
			</report>
			<report>
				<misses>96400001</misses>
				<total>0</total>
				<timestamp>2372.664420</timestamp>
			</report>
			<report>
				<misses>96500001</misses>
				<total>0</total>
				<timestamp>2375.141798</timestamp>
			</report>
			<report>
				<misses>96600001</misses>
				<total>0</total>
				<timestamp>2377.600864</timestamp>
			</report>
			<report>
				<misses>96700001</misses>
				<total>0</total>
				<timestamp>2380.072145</timestamp>
			</report>
			<report>
				<misses>96800001</misses>
				<total>0</total>
				<timestamp>2382.537375</timestamp>
			</report>
			<report>
				<misses>96900001</misses>
				<total>0</total>
				<timestamp>2385.007414</timestamp>
			</report>
			<report>
				<misses>97000001</misses>
				<total>0</total>
				<timestamp>2387.486040</timestamp>
			</report>
			<report>
				<misses>97100001</misses>
				<total>0</total>
				<timestamp>2389.948450</timestamp>
			</report>
			<report>
				<misses>97200001</misses>
				<total>0</total>
				<timestamp>2392.412931</timestamp>
			</report>
			<report>
				<misses>97300001</misses>
				<total>0</total>
				<timestamp>2394.882959</timestamp>
			</report>
			<report>
				<misses>97400001</misses>
				<total>0</total>
				<timestamp>2397.352808</timestamp>
			</report>
			<report>
				<misses>97500001</misses>
				<total>0</total>
				<timestamp>2399.821515</timestamp>
			</report>
			<report>
				<misses>97600001</misses>
				<total>0</total>
				<timestamp>2402.300377</timestamp>
			</report>
			<report>
				<misses>97700001</misses>
				<total>0</total>
				<timestamp>2404.772654</timestamp>
			</report>
			<report>
				<misses>97800001</misses>
				<total>0</total>
				<timestamp>2407.245662</timestamp>
			</report>
			<report>
				<misses>97900001</misses>
				<total>0</total>
				<timestamp>2409.717155</timestamp>
			</report>
			<report>
				<misses>98000001</misses>
				<total>0</total>
				<timestamp>2412.186492</timestamp>
			</report>
			<report>
				<misses>98100001</misses>
				<total>0</total>
				<timestamp>2414.651204</timestamp>
			</report>
			<report>
				<misses>98200001</misses>
				<total>0</total>
				<timestamp>2417.110975</timestamp>
			</report>
			<report>
				<misses>98300001</misses>
				<total>0</total>
				<timestamp>2419.580422</timestamp>
			</report>
			<report>
				<misses>98400001</misses>
				<total>0</total>
				<timestamp>2422.044866</timestamp>
			</report>
			<report>
				<misses>98500001</misses>
				<total>0</total>
				<timestamp>2424.513810</timestamp>
			</report>
			<report>
				<misses>98600001</misses>
				<total>0</total>
				<timestamp>2426.982051</timestamp>
			</report>
			<report>
				<misses>98700001</misses>
				<total>0</total>
				<timestamp>2429.450610</timestamp>
			</report>
			<report>
				<misses>98800001</misses>
				<total>0</total>
				<timestamp>2431.932954</timestamp>
			</report>
			<report>
				<misses>98900001</misses>
				<total>0</total>
				<timestamp>2434.411388</timestamp>
			</report>
			<report>
				<misses>99000001</misses>
				<total>0</total>
				<timestamp>2436.883925</timestamp>
			</report>
			<report>
				<misses>99100001</misses>
				<total>0</total>
				<timestamp>2439.343901</timestamp>
			</report>
			<report>
				<misses>99200001</misses>
				<total>0</total>
				<timestamp>2441.814324</timestamp>
			</report>
			<report>
				<misses>99300001</misses>
				<total>0</total>
				<timestamp>2444.292940</timestamp>
			</report>
			<report>
				<misses>99400001</misses>
				<total>0</total>
				<timestamp>2446.755729</timestamp>
			</report>
			<report>
				<misses>99500001</misses>
				<total>0</total>
				<timestamp>2449.222371</timestamp>
			</report>
			<report>
				<misses>99600001</misses>
				<total>0</total>
				<timestamp>2451.691430</timestamp>
			</report>
			<report>
				<misses>99700001</misses>
				<total>0</total>
				<timestamp>2454.150941</timestamp>
			</report>
			<report>
				<misses>99800001</misses>
				<total>0</total>
				<timestamp>2456.616633</timestamp>
			</report>
			<report>
				<misses>99900001</misses>
				<total>0</total>
				<timestamp>2459.089383</timestamp>
			</report>
			<report>
				<misses>100000001</misses>
				<total>0</total>
				<timestamp>2461.565781</timestamp>
			</report>
			<report>
				<misses>100100001</misses>
				<total>0</total>
				<timestamp>2464.044857</timestamp>
			</report>
			<report>
				<misses>100200001</misses>
				<total>0</total>
				<timestamp>2466.525346</timestamp>
			</report>
			<report>
				<misses>100300001</misses>
				<total>0</total>
				<timestamp>2468.998101</timestamp>
			</report>
			<report>
				<misses>100400001</misses>
				<total>0</total>
				<timestamp>2471.475216</timestamp>
			</report>
			<report>
				<misses>100500001</misses>
				<total>0</total>
				<timestamp>2473.950660</timestamp>
			</report>
			<report>
				<misses>100600001</misses>
				<total>0</total>
				<timestamp>2476.418510</timestamp>
			</report>
			<report>
				<misses>100700001</misses>
				<total>0</total>
				<timestamp>2478.889227</timestamp>
			</report>
			<report>
				<misses>100800001</misses>
				<total>0</total>
				<timestamp>2481.352494</timestamp>
			</report>
			<report>
				<misses>100900001</misses>
				<total>0</total>
				<timestamp>2483.816057</timestamp>
			</report>
			<report>
				<misses>101000001</misses>
				<total>0</total>
				<timestamp>2486.287622</timestamp>
			</report>
			<report>
				<misses>101100001</misses>
				<total>0</total>
				<timestamp>2488.757090</timestamp>
			</report>
			<report>
				<misses>101200001</misses>
				<total>0</total>
				<timestamp>2491.237790</timestamp>
			</report>
			<report>
				<misses>101300001</misses>
				<total>0</total>
				<timestamp>2493.715735</timestamp>
			</report>
			<report>
				<misses>101400001</misses>
				<total>0</total>
				<timestamp>2496.190681</timestamp>
			</report>
			<report>
				<misses>101500001</misses>
				<total>0</total>
				<timestamp>2498.653130</timestamp>
			</report>
			<report>
				<misses>101600001</misses>
				<total>0</total>
				<timestamp>2501.115275</timestamp>
			</report>
			<report>
				<misses>101700001</misses>
				<total>0</total>
				<timestamp>2503.589738</timestamp>
			</report>
			<report>
				<misses>101800001</misses>
				<total>0</total>
				<timestamp>2506.060281</timestamp>
			</report>
			<report>
				<misses>101900001</misses>
				<total>0</total>
				<timestamp>2508.526840</timestamp>
			</report>
			<report>
				<misses>102000001</misses>
				<total>0</total>
				<timestamp>2511.002395</timestamp>
			</report>
			<report>
				<misses>102100001</misses>
				<total>0</total>
				<timestamp>2513.472632</timestamp>
			</report>
			<report>
				<misses>102200001</misses>
				<total>0</total>
				<timestamp>2515.935110</timestamp>
			</report>
			<report>
				<misses>102300001</misses>
				<total>0</total>
				<timestamp>2518.397277</timestamp>
			</report>
			<report>
				<misses>102400001</misses>
				<total>0</total>
				<timestamp>2520.865251</timestamp>
			</report>
			<report>
				<misses>102500001</misses>
				<total>0</total>
				<timestamp>2523.336796</timestamp>
			</report>
			<report>
				<misses>102600001</misses>
				<total>0</total>
				<timestamp>2525.805249</timestamp>
			</report>
			<report>
				<misses>102700001</misses>
				<total>0</total>
				<timestamp>2528.275688</timestamp>
			</report>
			<report>
				<misses>102800001</misses>
				<total>0</total>
				<timestamp>2530.745506</timestamp>
			</report>
			<report>
				<misses>102900001</misses>
				<total>0</total>
				<timestamp>2533.212589</timestamp>
			</report>
			<report>
				<misses>103000001</misses>
				<total>0</total>
				<timestamp>2535.686730</timestamp>
			</report>
			<report>
				<misses>103100001</misses>
				<total>0</total>
				<timestamp>2538.157132</timestamp>
			</report>
			<report>
				<misses>103200001</misses>
				<total>0</total>
				<timestamp>2540.624525</timestamp>
			</report>
			<report>
				<misses>103300001</misses>
				<total>0</total>
				<timestamp>2543.095878</timestamp>
			</report>
			<report>
				<misses>103400001</misses>
				<total>0</total>
				<timestamp>2545.563571</timestamp>
			</report>
			<report>
				<misses>103500001</misses>
				<total>0</total>
				<timestamp>2548.038625</timestamp>
			</report>
			<report>
				<misses>103600001</misses>
				<total>0</total>
				<timestamp>2550.517968</timestamp>
			</report>
			<report>
				<misses>103700001</misses>
				<total>0</total>
				<timestamp>2552.998217</timestamp>
			</report>
			<report>
				<misses>103800001</misses>
				<total>0</total>
				<timestamp>2555.471778</timestamp>
			</report>
			<report>
				<misses>103900001</misses>
				<total>0</total>
				<timestamp>2557.950359</timestamp>
			</report>
			<report>
				<misses>104000001</misses>
				<total>0</total>
				<timestamp>2560.426092</timestamp>
			</report>
			<report>
				<misses>104100001</misses>
				<total>0</total>
				<timestamp>2562.900518</timestamp>
			</report>
			<report>
				<misses>104200001</misses>
				<total>0</total>
				<timestamp>2565.367232</timestamp>
			</report>
			<report>
				<misses>104300001</misses>
				<total>0</total>
				<timestamp>2567.847008</timestamp>
			</report>
			<report>
				<misses>104400001</misses>
				<total>0</total>
				<timestamp>2570.313003</timestamp>
			</report>
			<report>
				<misses>104500001</misses>
				<total>0</total>
				<timestamp>2572.776135</timestamp>
			</report>
			<report>
				<misses>104600001</misses>
				<total>0</total>
				<timestamp>2575.250288</timestamp>
			</report>
			<report>
				<misses>104700001</misses>
				<total>0</total>
				<timestamp>2577.717447</timestamp>
			</report>
			<report>
				<misses>104800001</misses>
				<total>0</total>
				<timestamp>2580.197654</timestamp>
			</report>
			<report>
				<misses>104900001</misses>
				<total>0</total>
				<timestamp>2582.674133</timestamp>
			</report>
			<report>
				<misses>105000001</misses>
				<total>0</total>
				<timestamp>2585.153196</timestamp>
			</report>
			<report>
				<misses>105100001</misses>
				<total>0</total>
				<timestamp>2587.624633</timestamp>
			</report>
			<report>
				<misses>105200001</misses>
				<total>0</total>
				<timestamp>2590.099966</timestamp>
			</report>
			<report>
				<misses>105300001</misses>
				<total>0</total>
				<timestamp>2592.576450</timestamp>
			</report>
			<report>
				<misses>105400001</misses>
				<total>0</total>
				<timestamp>2595.055609</timestamp>
			</report>
			<report>
				<misses>105500001</misses>
				<total>0</total>
				<timestamp>2597.523584</timestamp>
			</report>
			<report>
				<misses>105600001</misses>
				<total>0</total>
				<timestamp>2599.989658</timestamp>
			</report>
			<report>
				<misses>105700001</misses>
				<total>0</total>
				<timestamp>2602.460089</timestamp>
			</report>
			<report>
				<misses>105800001</misses>
				<total>0</total>
				<timestamp>2604.931182</timestamp>
			</report>
			<report>
				<misses>105900001</misses>
				<total>0</total>
				<timestamp>2607.400546</timestamp>
			</report>
			<report>
				<misses>106000001</misses>
				<total>0</total>
				<timestamp>2609.865667</timestamp>
			</report>
			<report>
				<misses>106100001</misses>
				<total>0</total>
				<timestamp>2612.336372</timestamp>
			</report>
			<report>
				<misses>106200001</misses>
				<total>0</total>
				<timestamp>2614.800911</timestamp>
			</report>
			<report>
				<misses>106300001</misses>
				<total>0</total>
				<timestamp>2617.262800</timestamp>
			</report>
			<report>
				<misses>106400001</misses>
				<total>0</total>
				<timestamp>2619.721390</timestamp>
			</report>
			<report>
				<misses>106500001</misses>
				<total>0</total>
				<timestamp>2622.180668</timestamp>
			</report>
			<report>
				<misses>106600001</misses>
				<total>0</total>
				<timestamp>2624.646166</timestamp>
			</report>
			<report>
				<misses>106700001</misses>
				<total>0</total>
				<timestamp>2627.109247</timestamp>
			</report>
			<report>
				<misses>106800001</misses>
				<total>0</total>
				<timestamp>2629.577176</timestamp>
			</report>
			<report>
				<misses>106900001</misses>
				<total>0</total>
				<timestamp>2632.040338</timestamp>
			</report>
			<report>
				<misses>107000001</misses>
				<total>0</total>
				<timestamp>2634.519367</timestamp>
			</report>
			<report>
				<misses>107100001</misses>
				<total>0</total>
				<timestamp>2636.995991</timestamp>
			</report>
			<report>
				<misses>107200001</misses>
				<total>0</total>
				<timestamp>2639.465388</timestamp>
			</report>
			<report>
				<misses>107300001</misses>
				<total>0</total>
				<timestamp>2641.940076</timestamp>
			</report>
			<report>
				<misses>107400001</misses>
				<total>0</total>
				<timestamp>2644.412662</timestamp>
			</report>
			<report>
				<misses>107500001</misses>
				<total>0</total>
				<timestamp>2646.888506</timestamp>
			</report>
			<report>
				<misses>107600001</misses>
				<total>0</total>
				<timestamp>2649.356374</timestamp>
			</report>
			<report>
				<misses>107700001</misses>
				<total>0</total>
				<timestamp>2651.825285</timestamp>
			</report>
			<report>
				<misses>107800001</misses>
				<total>0</total>
				<timestamp>2654.297103</timestamp>
			</report>
			<report>
				<misses>107900001</misses>
				<total>0</total>
				<timestamp>2656.766444</timestamp>
			</report>
			<report>
				<misses>108000001</misses>
				<total>0</total>
				<timestamp>2659.240840</timestamp>
			</report>
			<report>
				<misses>108100001</misses>
				<total>0</total>
				<timestamp>2661.707824</timestamp>
			</report>
			<report>
				<misses>108200001</misses>
				<total>0</total>
				<timestamp>2664.173258</timestamp>
			</report>
			<report>
				<misses>108300001</misses>
				<total>0</total>
				<timestamp>2666.634586</timestamp>
			</report>
			<report>
				<misses>108400001</misses>
				<total>0</total>
				<timestamp>2669.096108</timestamp>
			</report>
			<report>
				<misses>108500001</misses>
				<total>0</total>
				<timestamp>2671.567064</timestamp>
			</report>
			<report>
				<misses>108600001</misses>
				<total>0</total>
				<timestamp>2674.048807</timestamp>
			</report>
			<report>
				<misses>108700001</misses>
				<total>0</total>
				<timestamp>2676.527081</timestamp>
			</report>
			<report>
				<misses>108800001</misses>
				<total>0</total>
				<timestamp>2679.003607</timestamp>
			</report>
			<report>
				<misses>108900001</misses>
				<total>0</total>
				<timestamp>2681.477339</timestamp>
			</report>
			<report>
				<misses>109000001</misses>
				<total>0</total>
				<timestamp>2683.949278</timestamp>
			</report>
			<report>
				<misses>109100001</misses>
				<total>0</total>
				<timestamp>2686.410137</timestamp>
			</report>
			<report>
				<misses>109200001</misses>
				<total>0</total>
				<timestamp>2688.875038</timestamp>
			</report>
			<report>
				<misses>109300001</misses>
				<total>0</total>
				<timestamp>2691.346512</timestamp>
			</report>
			<report>
				<misses>109400001</misses>
				<total>0</total>
				<timestamp>2693.817513</timestamp>
			</report>
			<report>
				<misses>109500001</misses>
				<total>0</total>
				<timestamp>2696.280950</timestamp>
			</report>
			<report>
				<misses>109600001</misses>
				<total>0</total>
				<timestamp>2698.752730</timestamp>
			</report>
			<report>
				<misses>109700001</misses>
				<total>0</total>
				<timestamp>2701.213674</timestamp>
			</report>
			<report>
				<misses>109800001</misses>
				<total>0</total>
				<timestamp>2703.688951</timestamp>
			</report>
			<report>
				<misses>109900001</misses>
				<total>0</total>
				<timestamp>2706.160186</timestamp>
			</report>
			<report>
				<misses>110000001</misses>
				<total>0</total>
				<timestamp>2708.626293</timestamp>
			</report>
			<report>
				<misses>110100001</misses>
				<total>0</total>
				<timestamp>2711.092191</timestamp>
			</report>
			<report>
				<misses>110200001</misses>
				<total>0</total>
				<timestamp>2713.560624</timestamp>
			</report>
			<report>
				<misses>110300001</misses>
				<total>0</total>
				<timestamp>2716.034541</timestamp>
			</report>
			<report>
				<misses>110400001</misses>
				<total>0</total>
				<timestamp>2718.510068</timestamp>
			</report>
			<report>
				<misses>110500001</misses>
				<total>0</total>
				<timestamp>2720.975129</timestamp>
			</report>
			<report>
				<misses>110600001</misses>
				<total>0</total>
				<timestamp>2723.436915</timestamp>
			</report>
			<report>
				<misses>110700001</misses>
				<total>0</total>
				<timestamp>2725.906951</timestamp>
			</report>
			<report>
				<misses>110800001</misses>
				<total>0</total>
				<timestamp>2728.376393</timestamp>
			</report>
			<report>
				<misses>110900001</misses>
				<total>0</total>
				<timestamp>2730.844597</timestamp>
			</report>
			<report>
				<misses>111000001</misses>
				<total>0</total>
				<timestamp>2733.312382</timestamp>
			</report>
			<report>
				<misses>111100001</misses>
				<total>0</total>
				<timestamp>2735.780186</timestamp>
			</report>
			<report>
				<misses>111200001</misses>
				<total>0</total>
				<timestamp>2738.245309</timestamp>
			</report>
			<report>
				<misses>111300001</misses>
				<total>0</total>
				<timestamp>2740.721054</timestamp>
			</report>
			<report>
				<misses>111400001</misses>
				<total>0</total>
				<timestamp>2743.179562</timestamp>
			</report>
			<report>
				<misses>111500001</misses>
				<total>0</total>
				<timestamp>2745.642888</timestamp>
			</report>
			<report>
				<misses>111600001</misses>
				<total>0</total>
				<timestamp>2748.105889</timestamp>
			</report>
			<report>
				<misses>111700001</misses>
				<total>0</total>
				<timestamp>2750.563354</timestamp>
			</report>
			<report>
				<misses>111800001</misses>
				<total>0</total>
				<timestamp>2753.034910</timestamp>
			</report>
			<report>
				<misses>111900001</misses>
				<total>0</total>
				<timestamp>2755.506535</timestamp>
			</report>
			<report>
				<misses>112000001</misses>
				<total>0</total>
				<timestamp>2757.980882</timestamp>
			</report>
			<report>
				<misses>112100001</misses>
				<total>0</total>
				<timestamp>2760.457620</timestamp>
			</report>
			<report>
				<misses>112200001</misses>
				<total>0</total>
				<timestamp>2762.933800</timestamp>
			</report>
			<report>
				<misses>112300001</misses>
				<total>0</total>
				<timestamp>2765.408202</timestamp>
			</report>
			<report>
				<misses>112400001</misses>
				<total>0</total>
				<timestamp>2767.875889</timestamp>
			</report>
			<report>
				<misses>112500001</misses>
				<total>0</total>
				<timestamp>2770.345863</timestamp>
			</report>
			<report>
				<misses>112600001</misses>
				<total>0</total>
				<timestamp>2772.816734</timestamp>
			</report>
			<report>
				<misses>112700001</misses>
				<total>0</total>
				<timestamp>2775.287088</timestamp>
			</report>
			<report>
				<misses>112800001</misses>
				<total>0</total>
				<timestamp>2777.759200</timestamp>
			</report>
			<report>
				<misses>112900001</misses>
				<total>0</total>
				<timestamp>2780.226315</timestamp>
			</report>
			<report>
				<misses>113000001</misses>
				<total>0</total>
				<timestamp>2782.703007</timestamp>
			</report>
			<report>
				<misses>113100001</misses>
				<total>0</total>
				<timestamp>2785.179122</timestamp>
			</report>
			<report>
				<misses>113200001</misses>
				<total>0</total>
				<timestamp>2787.650656</timestamp>
			</report>
			<report>
				<misses>113300001</misses>
				<total>0</total>
				<timestamp>2790.125207</timestamp>
			</report>
			<report>
				<misses>113400001</misses>
				<total>0</total>
				<timestamp>2792.595485</timestamp>
			</report>
			<report>
				<misses>113500001</misses>
				<total>0</total>
				<timestamp>2795.064802</timestamp>
			</report>
			<report>
				<misses>113600001</misses>
				<total>0</total>
				<timestamp>2797.533373</timestamp>
			</report>
			<report>
				<misses>113700001</misses>
				<total>0</total>
				<timestamp>2799.999934</timestamp>
			</report>
			<report>
				<misses>113800001</misses>
				<total>0</total>
				<timestamp>2802.475285</timestamp>
			</report>
			<report>
				<misses>113900001</misses>
				<total>0</total>
				<timestamp>2804.956313</timestamp>
			</report>
			<report>
				<misses>114000001</misses>
				<total>0</total>
				<timestamp>2807.430802</timestamp>
			</report>
			<report>
				<misses>114100001</misses>
				<total>0</total>
				<timestamp>2809.912003</timestamp>
			</report>
			<report>
				<misses>114200001</misses>
				<total>0</total>
				<timestamp>2812.382534</timestamp>
			</report>
			<report>
				<misses>114300001</misses>
				<total>0</total>
				<timestamp>2814.855637</timestamp>
			</report>
			<report>
				<misses>114400001</misses>
				<total>0</total>
				<timestamp>2817.325433</timestamp>
			</report>
			<report>
				<misses>114500001</misses>
				<total>0</total>
				<timestamp>2819.804196</timestamp>
			</report>
			<report>
				<misses>114600001</misses>
				<total>0</total>
				<timestamp>2822.275072</timestamp>
			</report>
			<report>
				<misses>114700001</misses>
				<total>0</total>
				<timestamp>2824.751406</timestamp>
			</report>
			<report>
				<misses>114800001</misses>
				<total>0</total>
				<timestamp>2827.222853</timestamp>
			</report>
			<report>
				<misses>114900001</misses>
				<total>0</total>
				<timestamp>2829.694640</timestamp>
			</report>
			<report>
				<misses>115000001</misses>
				<total>0</total>
				<timestamp>2832.167852</timestamp>
			</report>
			<report>
				<misses>115100001</misses>
				<total>0</total>
				<timestamp>2834.644060</timestamp>
			</report>
			<report>
				<misses>115200001</misses>
				<total>0</total>
				<timestamp>2837.117133</timestamp>
			</report>
			<report>
				<misses>115300001</misses>
				<total>0</total>
				<timestamp>2839.585855</timestamp>
			</report>
			<report>
				<misses>115400001</misses>
				<total>0</total>
				<timestamp>2842.052375</timestamp>
			</report>
			<report>
				<misses>115500001</misses>
				<total>0</total>
				<timestamp>2844.530961</timestamp>
			</report>
			<report>
				<misses>115600001</misses>
				<total>0</total>
				<timestamp>2847.004569</timestamp>
			</report>
			<report>
				<misses>115700001</misses>
				<total>0</total>
				<timestamp>2849.470973</timestamp>
			</report>
			<report>
				<misses>115800001</misses>
				<total>0</total>
				<timestamp>2851.945728</timestamp>
			</report>
			<report>
				<misses>115900001</misses>
				<total>0</total>
				<timestamp>2854.429140</timestamp>
			</report>
			<report>
				<misses>116000001</misses>
				<total>0</total>
				<timestamp>2856.900195</timestamp>
			</report>
			<report>
				<misses>116100001</misses>
				<total>0</total>
				<timestamp>2859.380681</timestamp>
			</report>
			<report>
				<misses>116200001</misses>
				<total>0</total>
				<timestamp>2861.853866</timestamp>
			</report>
			<report>
				<misses>116300001</misses>
				<total>0</total>
				<timestamp>2864.339716</timestamp>
			</report>
			<report>
				<misses>116400001</misses>
				<total>0</total>
				<timestamp>2866.817157</timestamp>
			</report>
			<report>
				<misses>116500001</misses>
				<total>0</total>
				<timestamp>2869.293374</timestamp>
			</report>
			<report>
				<misses>116600001</misses>
				<total>0</total>
				<timestamp>2871.770394</timestamp>
			</report>
			<report>
				<misses>116700001</misses>
				<total>0</total>
				<timestamp>2874.239058</timestamp>
			</report>
			<report>
				<misses>116800001</misses>
				<total>0</total>
				<timestamp>2876.723039</timestamp>
			</report>
			<report>
				<misses>116900001</misses>
				<total>0</total>
				<timestamp>2879.199672</timestamp>
			</report>
			<report>
				<misses>117000001</misses>
				<total>0</total>
				<timestamp>2881.683674</timestamp>
			</report>
			<report>
				<misses>117100001</misses>
				<total>0</total>
				<timestamp>2884.152261</timestamp>
			</report>
			<report>
				<misses>117200001</misses>
				<total>0</total>
				<timestamp>2886.629580</timestamp>
			</report>
			<report>
				<misses>117300001</misses>
				<total>0</total>
				<timestamp>2889.109353</timestamp>
			</report>
			<report>
				<misses>117400001</misses>
				<total>0</total>
				<timestamp>2891.587965</timestamp>
			</report>
			<report>
				<misses>117500001</misses>
				<total>0</total>
				<timestamp>2894.055561</timestamp>
			</report>
			<report>
				<misses>117600001</misses>
				<total>0</total>
				<timestamp>2896.543411</timestamp>
			</report>
			<report>
				<misses>117700001</misses>
				<total>0</total>
				<timestamp>2899.021405</timestamp>
			</report>
			<report>
				<misses>117800001</misses>
				<total>0</total>
				<timestamp>2901.494529</timestamp>
			</report>
			<report>
				<misses>117900001</misses>
				<total>0</total>
				<timestamp>2903.962059</timestamp>
			</report>
			<report>
				<misses>118000001</misses>
				<total>0</total>
				<timestamp>2906.429713</timestamp>
			</report>
			<report>
				<misses>118100001</misses>
				<total>0</total>
				<timestamp>2908.896060</timestamp>
			</report>
			<report>
				<misses>118200001</misses>
				<total>0</total>
				<timestamp>2911.369550</timestamp>
			</report>
			<report>
				<misses>118300001</misses>
				<total>0</total>
				<timestamp>2913.851051</timestamp>
			</report>
			<report>
				<misses>118400001</misses>
				<total>0</total>
				<timestamp>2916.327533</timestamp>
			</report>
			<report>
				<misses>118500001</misses>
				<total>0</total>
				<timestamp>2918.799632</timestamp>
			</report>
			<report>
				<misses>118600001</misses>
				<total>0</total>
				<timestamp>2921.272458</timestamp>
			</report>
			<report>
				<misses>118700001</misses>
				<total>0</total>
				<timestamp>2923.741692</timestamp>
			</report>
			<report>
				<misses>118800001</misses>
				<total>0</total>
				<timestamp>2926.211145</timestamp>
			</report>
			<report>
				<misses>118900001</misses>
				<total>0</total>
				<timestamp>2928.681156</timestamp>
			</report>
			<report>
				<misses>119000001</misses>
				<total>0</total>
				<timestamp>2931.157503</timestamp>
			</report>
			<report>
				<misses>119100001</misses>
				<total>0</total>
				<timestamp>2933.626577</timestamp>
			</report>
			<report>
				<misses>119200001</misses>
				<total>0</total>
				<timestamp>2936.087868</timestamp>
			</report>
			<report>
				<misses>119300001</misses>
				<total>0</total>
				<timestamp>2938.564209</timestamp>
			</report>
			<report>
				<misses>119400001</misses>
				<total>0</total>
				<timestamp>2941.040134</timestamp>
			</report>
			<report>
				<misses>119500001</misses>
				<total>0</total>
				<timestamp>2943.521602</timestamp>
			</report>
			<report>
				<misses>119600001</misses>
				<total>0</total>
				<timestamp>2946.001181</timestamp>
			</report>
			<report>
				<misses>119700001</misses>
				<total>0</total>
				<timestamp>2948.478421</timestamp>
			</report>
			<report>
				<misses>119800001</misses>
				<total>0</total>
				<timestamp>2950.953598</timestamp>
			</report>
			<report>
				<misses>119900001</misses>
				<total>0</total>
				<timestamp>2953.426078</timestamp>
			</report>
			<report>
				<misses>120000001</misses>
				<total>0</total>
				<timestamp>2955.890850</timestamp>
			</report>
			<report>
				<misses>120100001</misses>
				<total>0</total>
				<timestamp>2958.359594</timestamp>
			</report>
			<report>
				<misses>120200001</misses>
				<total>0</total>
				<timestamp>2960.824433</timestamp>
			</report>
			<report>
				<misses>120300001</misses>
				<total>0</total>
				<timestamp>2963.293726</timestamp>
			</report>
			<report>
				<misses>120400001</misses>
				<total>0</total>
				<timestamp>2965.761622</timestamp>
			</report>
			<report>
				<misses>120500001</misses>
				<total>0</total>
				<timestamp>2968.230279</timestamp>
			</report>
			<report>
				<misses>120600001</misses>
				<total>0</total>
				<timestamp>2970.702637</timestamp>
			</report>
			<report>
				<misses>120700001</misses>
				<total>0</total>
				<timestamp>2973.157414</timestamp>
			</report>
			<report>
				<misses>120800001</misses>
				<total>0</total>
				<timestamp>2975.624916</timestamp>
			</report>
			<report>
				<misses>120900001</misses>
				<total>0</total>
				<timestamp>2978.097075</timestamp>
			</report>
			<report>
				<misses>121000001</misses>
				<total>0</total>
				<timestamp>2980.565556</timestamp>
			</report>
			<report>
				<misses>121100001</misses>
				<total>0</total>
				<timestamp>2983.033986</timestamp>
			</report>
			<report>
				<misses>121200001</misses>
				<total>0</total>
				<timestamp>2985.502558</timestamp>
			</report>
			<report>
				<misses>121300001</misses>
				<total>0</total>
				<timestamp>2987.994489</timestamp>
			</report>
			<report>
				<misses>121400001</misses>
				<total>0</total>
				<timestamp>2990.471214</timestamp>
			</report>
			<report>
				<misses>121500001</misses>
				<total>0</total>
				<timestamp>2992.946910</timestamp>
			</report>
			<report>
				<misses>121600001</misses>
				<total>0</total>
				<timestamp>2995.423767</timestamp>
			</report>
			<report>
				<misses>121700001</misses>
				<total>0</total>
				<timestamp>2997.896783</timestamp>
			</report>
			<report>
				<misses>121800001</misses>
				<total>0</total>
				<timestamp>3000.368907</timestamp>
			</report>
			<report>
				<misses>121900001</misses>
				<total>0</total>
				<timestamp>3002.835749</timestamp>
			</report>
			<report>
				<misses>122000001</misses>
				<total>0</total>
				<timestamp>3005.305603</timestamp>
			</report>
			<report>
				<misses>122100001</misses>
				<total>0</total>
				<timestamp>3007.780542</timestamp>
			</report>
			<report>
				<misses>122200001</misses>
				<total>0</total>
				<timestamp>3010.243251</timestamp>
			</report>
			<report>
				<misses>122300001</misses>
				<total>0</total>
				<timestamp>3012.712723</timestamp>
			</report>
			<report>
				<misses>122400001</misses>
				<total>0</total>
				<timestamp>3015.175614</timestamp>
			</report>
			<report>
				<misses>122500001</misses>
				<total>0</total>
				<timestamp>3017.635165</timestamp>
			</report>
			<report>
				<misses>122600001</misses>
				<total>0</total>
				<timestamp>3020.099136</timestamp>
			</report>
			<report>
				<misses>122700001</misses>
				<total>0</total>
				<timestamp>3022.567968</timestamp>
			</report>
			<report>
				<misses>122800001</misses>
				<total>0</total>
				<timestamp>3025.021504</timestamp>
			</report>
			<report>
				<misses>122900001</misses>
				<total>0</total>
				<timestamp>3027.485968</timestamp>
			</report>
			<report>
				<misses>123000001</misses>
				<total>0</total>
				<timestamp>3029.951748</timestamp>
			</report>
			<report>
				<misses>123100001</misses>
				<total>0</total>
				<timestamp>3032.424159</timestamp>
			</report>
			<report>
				<misses>123200001</misses>
				<total>0</total>
				<timestamp>3034.885373</timestamp>
			</report>
			<report>
				<misses>123300001</misses>
				<total>0</total>
				<timestamp>3037.346176</timestamp>
			</report>
			<report>
				<misses>123400001</misses>
				<total>0</total>
				<timestamp>3039.807809</timestamp>
			</report>
			<report>
				<misses>123500001</misses>
				<total>0</total>
				<timestamp>3042.270731</timestamp>
			</report>
			<report>
				<misses>123600001</misses>
				<total>0</total>
				<timestamp>3044.735117</timestamp>
			</report>
			<report>
				<misses>123700001</misses>
				<total>0</total>
				<timestamp>3047.199959</timestamp>
			</report>
			<report>
				<misses>123800001</misses>
				<total>0</total>
				<timestamp>3049.668429</timestamp>
			</report>
			<report>
				<misses>123900001</misses>
				<total>0</total>
				<timestamp>3052.136085</timestamp>
			</report>
			<report>
				<misses>124000001</misses>
				<total>0</total>
				<timestamp>3054.604190</timestamp>
			</report>
			<report>
				<misses>124100001</misses>
				<total>0</total>
				<timestamp>3057.066585</timestamp>
			</report>
			<report>
				<misses>124200001</misses>
				<total>0</total>
				<timestamp>3059.523617</timestamp>
			</report>
			<report>
				<misses>124300001</misses>
				<total>0</total>
				<timestamp>3061.987545</timestamp>
			</report>
			<report>
				<misses>124400001</misses>
				<total>0</total>
				<timestamp>3064.454486</timestamp>
			</report>
			<report>
				<misses>124500001</misses>
				<total>0</total>
				<timestamp>3066.926257</timestamp>
			</report>
			<report>
				<misses>124600001</misses>
				<total>0</total>
				<timestamp>3069.393250</timestamp>
			</report>
			<report>
				<misses>124700001</misses>
				<total>0</total>
				<timestamp>3071.856020</timestamp>
			</report>
			<report>
				<misses>124800001</misses>
				<total>0</total>
				<timestamp>3074.314788</timestamp>
			</report>
			<report>
				<misses>124900001</misses>
				<total>0</total>
				<timestamp>3076.781607</timestamp>
			</report>
			<report>
				<misses>125000001</misses>
				<total>0</total>
				<timestamp>3079.253360</timestamp>
			</report>
			<report>
				<misses>125100001</misses>
				<total>0</total>
				<timestamp>3081.717895</timestamp>
			</report>
			<report>
				<misses>125200001</misses>
				<total>0</total>
				<timestamp>3084.181787</timestamp>
			</report>
			<report>
				<misses>125300001</misses>
				<total>0</total>
				<timestamp>3086.641084</timestamp>
			</report>
			<report>
				<misses>125400001</misses>
				<total>0</total>
				<timestamp>3089.111601</timestamp>
			</report>
			<report>
				<misses>125500001</misses>
				<total>0</total>
				<timestamp>3091.573365</timestamp>
			</report>
			<report>
				<misses>125600001</misses>
				<total>0</total>
				<timestamp>3094.035498</timestamp>
			</report>
			<report>
				<misses>125700001</misses>
				<total>0</total>
				<timestamp>3096.494252</timestamp>
			</report>
			<report>
				<misses>125800001</misses>
				<total>0</total>
				<timestamp>3098.960898</timestamp>
			</report>
			<report>
				<misses>125900001</misses>
				<total>0</total>
				<timestamp>3101.426846</timestamp>
			</report>
			<report>
				<misses>126000001</misses>
				<total>0</total>
				<timestamp>3103.892018</timestamp>
			</report>
			<report>
				<misses>126100001</misses>
				<total>0</total>
				<timestamp>3106.363669</timestamp>
			</report>
			<report>
				<misses>126200001</misses>
				<total>0</total>
				<timestamp>3108.848304</timestamp>
			</report>
			<report>
				<misses>126300001</misses>
				<total>0</total>
				<timestamp>3111.319248</timestamp>
			</report>
			<report>
				<misses>126400001</misses>
				<total>0</total>
				<timestamp>3113.788607</timestamp>
			</report>
			<report>
				<misses>126500001</misses>
				<total>0</total>
				<timestamp>3116.266343</timestamp>
			</report>
			<report>
				<misses>126600001</misses>
				<total>0</total>
				<timestamp>3118.734602</timestamp>
			</report>
			<report>
				<misses>126700001</misses>
				<total>0</total>
				<timestamp>3121.206351</timestamp>
			</report>
			<report>
				<misses>126800001</misses>
				<total>0</total>
				<timestamp>3123.676293</timestamp>
			</report>
			<report>
				<misses>126900001</misses>
				<total>0</total>
				<timestamp>3126.149386</timestamp>
			</report>
			<report>
				<misses>127000001</misses>
				<total>0</total>
				<timestamp>3128.623211</timestamp>
			</report>
			<report>
				<misses>127100001</misses>
				<total>0</total>
				<timestamp>3131.097517</timestamp>
			</report>
			<report>
				<misses>127200001</misses>
				<total>0</total>
				<timestamp>3133.557660</timestamp>
			</report>
			<report>
				<misses>127300001</misses>
				<total>0</total>
				<timestamp>3136.021516</timestamp>
			</report>
			<report>
				<misses>127400001</misses>
				<total>0</total>
				<timestamp>3138.483593</timestamp>
			</report>
			<report>
				<misses>127500001</misses>
				<total>0</total>
				<timestamp>3140.946752</timestamp>
			</report>
			<report>
				<misses>127600001</misses>
				<total>0</total>
				<timestamp>3143.410268</timestamp>
			</report>
			<report>
				<misses>127700001</misses>
				<total>0</total>
				<timestamp>3145.867720</timestamp>
			</report>
			<report>
				<misses>127800001</misses>
				<total>0</total>
				<timestamp>3148.331928</timestamp>
			</report>
			<report>
				<misses>127900001</misses>
				<total>0</total>
				<timestamp>3150.792544</timestamp>
			</report>
			<report>
				<misses>128000001</misses>
				<total>0</total>
				<timestamp>3153.253706</timestamp>
			</report>
			<report>
				<misses>128100001</misses>
				<total>0</total>
				<timestamp>3155.717853</timestamp>
			</report>
			<report>
				<misses>128200001</misses>
				<total>0</total>
				<timestamp>3158.178906</timestamp>
			</report>
			<report>
				<misses>128300001</misses>
				<total>0</total>
				<timestamp>3160.642736</timestamp>
			</report>
			<report>
				<misses>128400001</misses>
				<total>0</total>
				<timestamp>3163.109128</timestamp>
			</report>
			<report>
				<misses>128500001</misses>
				<total>0</total>
				<timestamp>3165.575138</timestamp>
			</report>
			<report>
				<misses>128600001</misses>
				<total>0</total>
				<timestamp>3168.034177</timestamp>
			</report>
			<report>
				<misses>128700001</misses>
				<total>0</total>
				<timestamp>3170.503887</timestamp>
			</report>
			<report>
				<misses>128800001</misses>
				<total>0</total>
				<timestamp>3172.963592</timestamp>
			</report>
			<report>
				<misses>128900001</misses>
				<total>0</total>
				<timestamp>3175.426958</timestamp>
			</report>
			<report>
				<misses>129000001</misses>
				<total>0</total>
				<timestamp>3177.886721</timestamp>
			</report>
			<report>
				<misses>129100001</misses>
				<total>0</total>
				<timestamp>3180.352114</timestamp>
			</report>
			<report>
				<misses>129200001</misses>
				<total>0</total>
				<timestamp>3182.804541</timestamp>
			</report>
			<report>
				<misses>129300001</misses>
				<total>0</total>
				<timestamp>3185.256140</timestamp>
			</report>
			<report>
				<misses>129400001</misses>
				<total>0</total>
				<timestamp>3187.715502</timestamp>
			</report>
			<report>
				<misses>129500001</misses>
				<total>0</total>
				<timestamp>3190.184340</timestamp>
			</report>
			<report>
				<misses>129600001</misses>
				<total>0</total>
				<timestamp>3192.658664</timestamp>
			</report>
			<report>
				<misses>129700001</misses>
				<total>0</total>
				<timestamp>3195.118658</timestamp>
			</report>
			<report>
				<misses>129800001</misses>
				<total>0</total>
				<timestamp>3197.581686</timestamp>
			</report>
			<report>
				<misses>129900001</misses>
				<total>0</total>
				<timestamp>3200.048549</timestamp>
			</report>
			<report>
				<misses>130000001</misses>
				<total>0</total>
				<timestamp>3202.509675</timestamp>
			</report>
			<report>
				<misses>130100001</misses>
				<total>0</total>
				<timestamp>3204.979687</timestamp>
			</report>
			<report>
				<misses>130200001</misses>
				<total>0</total>
				<timestamp>3207.439369</timestamp>
			</report>
			<report>
				<misses>130300001</misses>
				<total>0</total>
				<timestamp>3209.899137</timestamp>
			</report>
			<report>
				<misses>130400001</misses>
				<total>0</total>
				<timestamp>3212.372422</timestamp>
			</report>
			<report>
				<misses>130500001</misses>
				<total>0</total>
				<timestamp>3214.841318</timestamp>
			</report>
			<report>
				<misses>130600001</misses>
				<total>0</total>
				<timestamp>3217.305997</timestamp>
			</report>
			<report>
				<misses>130700001</misses>
				<total>0</total>
				<timestamp>3219.776939</timestamp>
			</report>
			<report>
				<misses>130800001</misses>
				<total>0</total>
				<timestamp>3222.240885</timestamp>
			</report>
			<report>
				<misses>130900001</misses>
				<total>0</total>
				<timestamp>3224.702156</timestamp>
			</report>
			<report>
				<misses>131000001</misses>
				<total>0</total>
				<timestamp>3227.181444</timestamp>
			</report>
			<report>
				<misses>131100001</misses>
				<total>0</total>
				<timestamp>3229.661846</timestamp>
			</report>
			<report>
				<misses>131200001</misses>
				<total>0</total>
				<timestamp>3232.133281</timestamp>
			</report>
			<report>
				<misses>131300001</misses>
				<total>0</total>
				<timestamp>3234.596024</timestamp>
			</report>
			<report>
				<misses>131400001</misses>
				<total>0</total>
				<timestamp>3237.065931</timestamp>
			</report>
			<report>
				<misses>131500001</misses>
				<total>0</total>
				<timestamp>3239.532948</timestamp>
			</report>
			<report>
				<misses>131600001</misses>
				<total>0</total>
				<timestamp>3242.008623</timestamp>
			</report>
			<report>
				<misses>131700001</misses>
				<total>0</total>
				<timestamp>3244.478229</timestamp>
			</report>
			<report>
				<misses>131800001</misses>
				<total>0</total>
				<timestamp>3246.943118</timestamp>
			</report>
			<report>
				<misses>131900001</misses>
				<total>0</total>
				<timestamp>3249.413334</timestamp>
			</report>
			<report>
				<misses>132000001</misses>
				<total>0</total>
				<timestamp>3251.886930</timestamp>
			</report>
			<report>
				<misses>132100001</misses>
				<total>0</total>
				<timestamp>3254.351185</timestamp>
			</report>
			<report>
				<misses>132200001</misses>
				<total>0</total>
				<timestamp>3256.828066</timestamp>
			</report>
			<report>
				<misses>132300001</misses>
				<total>0</total>
				<timestamp>3259.302732</timestamp>
			</report>
			<report>
				<misses>132400001</misses>
				<total>0</total>
				<timestamp>3261.778919</timestamp>
			</report>
			<report>
				<misses>132500001</misses>
				<total>0</total>
				<timestamp>3264.248969</timestamp>
			</report>
			<report>
				<misses>132600001</misses>
				<total>0</total>
				<timestamp>3266.718295</timestamp>
			</report>
			<report>
				<misses>132700001</misses>
				<total>0</total>
				<timestamp>3269.182466</timestamp>
			</report>
			<report>
				<misses>132800001</misses>
				<total>0</total>
				<timestamp>3271.649147</timestamp>
			</report>
			<report>
				<misses>132900001</misses>
				<total>0</total>
				<timestamp>3274.117041</timestamp>
			</report>
			<report>
				<misses>133000001</misses>
				<total>0</total>
				<timestamp>3276.590996</timestamp>
			</report>
			<report>
				<misses>133100001</misses>
				<total>0</total>
				<timestamp>3279.054932</timestamp>
			</report>
			<report>
				<misses>133200001</misses>
				<total>0</total>
				<timestamp>3281.519171</timestamp>
			</report>
			<report>
				<misses>133300001</misses>
				<total>0</total>
				<timestamp>3283.989754</timestamp>
			</report>
			<report>
				<misses>133400001</misses>
				<total>0</total>
				<timestamp>3286.459709</timestamp>
			</report>
			<report>
				<misses>133500001</misses>
				<total>0</total>
				<timestamp>3288.936113</timestamp>
			</report>
			<report>
				<misses>133600001</misses>
				<total>0</total>
				<timestamp>3291.411945</timestamp>
			</report>
			<report>
				<misses>133700001</misses>
				<total>0</total>
				<timestamp>3293.878606</timestamp>
			</report>
			<report>
				<misses>133800001</misses>
				<total>0</total>
				<timestamp>3296.339401</timestamp>
			</report>
			<report>
				<misses>133900001</misses>
				<total>0</total>
				<timestamp>3298.811206</timestamp>
			</report>
			<report>
				<misses>134000001</misses>
				<total>0</total>
				<timestamp>3301.271669</timestamp>
			</report>
			<report>
				<misses>134100001</misses>
				<total>0</total>
				<timestamp>3303.740778</timestamp>
			</report>
			<report>
				<misses>134200001</misses>
				<total>0</total>
				<timestamp>3306.208262</timestamp>
			</report>
			<report>
				<misses>134300001</misses>
				<total>0</total>
				<timestamp>3308.681813</timestamp>
			</report>
			<report>
				<misses>134400001</misses>
				<total>0</total>
				<timestamp>3311.152416</timestamp>
			</report>
			<report>
				<misses>134500001</misses>
				<total>0</total>
				<timestamp>3313.622746</timestamp>
			</report>
			<report>
				<misses>134600001</misses>
				<total>0</total>
				<timestamp>3316.089569</timestamp>
			</report>
			<report>
				<misses>134700001</misses>
				<total>0</total>
				<timestamp>3318.560569</timestamp>
			</report>
			<report>
				<misses>134800001</misses>
				<total>0</total>
				<timestamp>3321.031542</timestamp>
			</report>
			<report>
				<misses>134900001</misses>
				<total>0</total>
				<timestamp>3323.512605</timestamp>
			</report>
			<report>
				<misses>135000001</misses>
				<total>0</total>
				<timestamp>3325.969675</timestamp>
			</report>
			<report>
				<misses>135100001</misses>
				<total>0</total>
				<timestamp>3328.441816</timestamp>
			</report>
			<report>
				<misses>135200001</misses>
				<total>0</total>
				<timestamp>3330.910882</timestamp>
			</report>
			<report>
				<misses>135300001</misses>
				<total>0</total>
				<timestamp>3333.379869</timestamp>
			</report>
			<report>
				<misses>135400001</misses>
				<total>0</total>
				<timestamp>3335.841450</timestamp>
			</report>
			<report>
				<misses>135500001</misses>
				<total>0</total>
				<timestamp>3338.309488</timestamp>
			</report>
			<report>
				<misses>135600001</misses>
				<total>0</total>
				<timestamp>3340.773815</timestamp>
			</report>
			<report>
				<misses>135700001</misses>
				<total>0</total>
				<timestamp>3343.248110</timestamp>
			</report>
			<report>
				<misses>135800001</misses>
				<total>0</total>
				<timestamp>3345.719202</timestamp>
			</report>
			<report>
				<misses>135900001</misses>
				<total>0</total>
				<timestamp>3348.179116</timestamp>
			</report>
			<report>
				<misses>136000001</misses>
				<total>0</total>
				<timestamp>3350.642149</timestamp>
			</report>
			<report>
				<misses>136100001</misses>
				<total>0</total>
				<timestamp>3353.107833</timestamp>
			</report>
			<report>
				<misses>136200001</misses>
				<total>0</total>
				<timestamp>3355.573415</timestamp>
			</report>
			<report>
				<misses>136300001</misses>
				<total>0</total>
				<timestamp>3358.041311</timestamp>
			</report>
			<report>
				<misses>136400001</misses>
				<total>0</total>
				<timestamp>3360.505128</timestamp>
			</report>
			<report>
				<misses>136500001</misses>
				<total>0</total>
				<timestamp>3362.971478</timestamp>
			</report>
			<report>
				<misses>136600001</misses>
				<total>0</total>
				<timestamp>3365.432109</timestamp>
			</report>
			<report>
				<misses>136700001</misses>
				<total>0</total>
				<timestamp>3367.897784</timestamp>
			</report>
			<report>
				<misses>136800001</misses>
				<total>0</total>
				<timestamp>3370.364761</timestamp>
			</report>
			<report>
				<misses>136900001</misses>
				<total>0</total>
				<timestamp>3372.824889</timestamp>
			</report>
			<report>
				<misses>137000001</misses>
				<total>0</total>
				<timestamp>3375.291139</timestamp>
			</report>
			<report>
				<misses>137100001</misses>
				<total>0</total>
				<timestamp>3377.749445</timestamp>
			</report>
			<report>
				<misses>137200001</misses>
				<total>0</total>
				<timestamp>3380.209921</timestamp>
			</report>
			<report>
				<misses>137300001</misses>
				<total>0</total>
				<timestamp>3382.674162</timestamp>
			</report>
			<report>
				<misses>137400001</misses>
				<total>0</total>
				<timestamp>3385.144357</timestamp>
			</report>
			<report>
				<misses>137500001</misses>
				<total>0</total>
				<timestamp>3387.608791</timestamp>
			</report>
			<report>
				<misses>137600001</misses>
				<total>0</total>
				<timestamp>3390.090187</timestamp>
			</report>
			<report>
				<misses>137700001</misses>
				<total>0</total>
				<timestamp>3392.554801</timestamp>
			</report>
			<report>
				<misses>137800001</misses>
				<total>0</total>
				<timestamp>3395.024825</timestamp>
			</report>
			<report>
				<misses>137900001</misses>
				<total>0</total>
				<timestamp>3397.498057</timestamp>
			</report>
			<report>
				<misses>138000001</misses>
				<total>0</total>
				<timestamp>3399.964077</timestamp>
			</report>
			<report>
				<misses>138100001</misses>
				<total>0</total>
				<timestamp>3402.432169</timestamp>
			</report>
			<report>
				<misses>138200001</misses>
				<total>0</total>
				<timestamp>3404.895435</timestamp>
			</report>
			<report>
				<misses>138300001</misses>
				<total>0</total>
				<timestamp>3407.345691</timestamp>
			</report>
			<report>
				<misses>138400001</misses>
				<total>0</total>
				<timestamp>3409.797042</timestamp>
			</report>
			<report>
				<misses>138500001</misses>
				<total>0</total>
				<timestamp>3412.252218</timestamp>
			</report>
			<report>
				<misses>138600001</misses>
				<total>0</total>
				<timestamp>3414.710041</timestamp>
			</report>
			<report>
				<misses>138700001</misses>
				<total>0</total>
				<timestamp>3417.157110</timestamp>
			</report>
			<report>
				<misses>138800001</misses>
				<total>0</total>
				<timestamp>3419.614465</timestamp>
			</report>
			<report>
				<misses>138900001</misses>
				<total>0</total>
				<timestamp>3422.064170</timestamp>
			</report>
			<report>
				<misses>139000001</misses>
				<total>0</total>
				<timestamp>3424.517395</timestamp>
			</report>
			<report>
				<misses>139100001</misses>
				<total>0</total>
				<timestamp>3426.966795</timestamp>
			</report>
			<report>
				<misses>139200001</misses>
				<total>0</total>
				<timestamp>3429.413927</timestamp>
			</report>
			<report>
				<misses>139300001</misses>
				<total>0</total>
				<timestamp>3431.869846</timestamp>
			</report>
			<report>
				<misses>139400001</misses>
				<total>0</total>
				<timestamp>3434.324297</timestamp>
			</report>
			<report>
				<misses>139500001</misses>
				<total>0</total>
				<timestamp>3436.785249</timestamp>
			</report>
			<report>
				<misses>139600001</misses>
				<total>0</total>
				<timestamp>3439.238181</timestamp>
			</report>
			<report>
				<misses>139700001</misses>
				<total>0</total>
				<timestamp>3441.695617</timestamp>
			</report>
			<report>
				<misses>139800001</misses>
				<total>0</total>
				<timestamp>3444.153303</timestamp>
			</report>
			<report>
				<misses>139900001</misses>
				<total>0</total>
				<timestamp>3446.610429</timestamp>
			</report>
			<report>
				<misses>140000001</misses>
				<total>0</total>
				<timestamp>3449.063642</timestamp>
			</report>
			<report>
				<misses>140100001</misses>
				<total>0</total>
				<timestamp>3451.511703</timestamp>
			</report>
			<report>
				<misses>140200001</misses>
				<total>0</total>
				<timestamp>3453.966436</timestamp>
			</report>
			<report>
				<misses>140300001</misses>
				<total>0</total>
				<timestamp>3456.414743</timestamp>
			</report>
			<report>
				<misses>140400001</misses>
				<total>0</total>
				<timestamp>3458.855581</timestamp>
			</report>
			<report>
				<misses>140500001</misses>
				<total>0</total>
				<timestamp>3461.308068</timestamp>
			</report>
			<report>
				<misses>140600001</misses>
				<total>0</total>
				<timestamp>3463.759233</timestamp>
			</report>
			<report>
				<misses>140700001</misses>
				<total>0</total>
				<timestamp>3466.207226</timestamp>
			</report>
			<report>
				<misses>140800001</misses>
				<total>0</total>
				<timestamp>3468.659849</timestamp>
			</report>
			<report>
				<misses>140900001</misses>
				<total>0</total>
				<timestamp>3471.107651</timestamp>
			</report>
			<report>
				<misses>141000001</misses>
				<total>0</total>
				<timestamp>3473.554066</timestamp>
			</report>
			<report>
				<misses>141100001</misses>
				<total>0</total>
				<timestamp>3476.006990</timestamp>
			</report>
			<report>
				<misses>141200001</misses>
				<total>0</total>
				<timestamp>3478.444459</timestamp>
			</report>
			<report>
				<misses>141300001</misses>
				<total>0</total>
				<timestamp>3480.897314</timestamp>
			</report>
			<report>
				<misses>141400001</misses>
				<total>0</total>
				<timestamp>3483.343539</timestamp>
			</report>
			<report>
				<misses>141500001</misses>
				<total>0</total>
				<timestamp>3485.789156</timestamp>
			</report>
			<report>
				<misses>141600001</misses>
				<total>0</total>
				<timestamp>3488.243661</timestamp>
			</report>
			<report>
				<misses>141700001</misses>
				<total>0</total>
				<timestamp>3490.691569</timestamp>
			</report>
			<report>
				<misses>141800001</misses>
				<total>0</total>
				<timestamp>3493.157237</timestamp>
			</report>
			<report>
				<misses>141900001</misses>
				<total>0</total>
				<timestamp>3495.618839</timestamp>
			</report>
			<report>
				<misses>142000001</misses>
				<total>0</total>
				<timestamp>3498.082444</timestamp>
			</report>
			<report>
				<misses>142100001</misses>
				<total>0</total>
				<timestamp>3500.534919</timestamp>
			</report>
			<report>
				<misses>142200001</misses>
				<total>0</total>
				<timestamp>3502.988955</timestamp>
			</report>
			<report>
				<misses>142300001</misses>
				<total>0</total>
				<timestamp>3505.449499</timestamp>
			</report>
			<report>
				<misses>142400001</misses>
				<total>0</total>
				<timestamp>3507.903675</timestamp>
			</report>
			<report>
				<misses>142500001</misses>
				<total>0</total>
				<timestamp>3510.357751</timestamp>
			</report>
			<report>
				<misses>142600001</misses>
				<total>0</total>
				<timestamp>3512.814256</timestamp>
			</report>
			<report>
				<misses>142700001</misses>
				<total>0</total>
				<timestamp>3515.269440</timestamp>
			</report>
			<report>
				<misses>142800001</misses>
				<total>0</total>
				<timestamp>3517.731157</timestamp>
			</report>
			<report>
				<misses>142900001</misses>
				<total>0</total>
				<timestamp>3520.186756</timestamp>
			</report>
			<report>
				<misses>143000001</misses>
				<total>0</total>
				<timestamp>3522.641243</timestamp>
			</report>
			<report>
				<misses>143100001</misses>
				<total>0</total>
				<timestamp>3525.094124</timestamp>
			</report>
			<report>
				<misses>143200001</misses>
				<total>0</total>
				<timestamp>3527.547867</timestamp>
			</report>
			<report>
				<misses>143300001</misses>
				<total>0</total>
				<timestamp>3530.012261</timestamp>
			</report>
			<report>
				<misses>143400001</misses>
				<total>0</total>
				<timestamp>3532.476560</timestamp>
			</report>
			<report>
				<misses>143500001</misses>
				<total>0</total>
				<timestamp>3534.930732</timestamp>
			</report>
			<report>
				<misses>143600001</misses>
				<total>0</total>
				<timestamp>3537.391585</timestamp>
			</report>
			<report>
				<misses>143700001</misses>
				<total>0</total>
				<timestamp>3539.853312</timestamp>
			</report>
			<report>
				<misses>143800001</misses>
				<total>0</total>
				<timestamp>3542.313195</timestamp>
			</report>
			<report>
				<misses>143900001</misses>
				<total>0</total>
				<timestamp>3544.778005</timestamp>
			</report>
			<report>
				<misses>144000001</misses>
				<total>0</total>
				<timestamp>3547.243333</timestamp>
			</report>
			<report>
				<misses>144100001</misses>
				<total>0</total>
				<timestamp>3549.709175</timestamp>
			</report>
			<report>
				<misses>144200001</misses>
				<total>0</total>
				<timestamp>3552.175925</timestamp>
			</report>
			<report>
				<misses>144300001</misses>
				<total>0</total>
				<timestamp>3554.635569</timestamp>
			</report>
			<report>
				<misses>144400001</misses>
				<total>0</total>
				<timestamp>3557.094311</timestamp>
			</report>
			<report>
				<misses>144500001</misses>
				<total>0</total>
				<timestamp>3559.548941</timestamp>
			</report>
			<report>
				<misses>144600001</misses>
				<total>0</total>
				<timestamp>3562.013160</timestamp>
			</report>
			<report>
				<misses>144700001</misses>
				<total>0</total>
				<timestamp>3564.476356</timestamp>
			</report>
			<report>
				<misses>144800001</misses>
				<total>0</total>
				<timestamp>3566.929741</timestamp>
			</report>
			<report>
				<misses>144900001</misses>
				<total>0</total>
				<timestamp>3569.387844</timestamp>
			</report>
			<report>
				<misses>145000001</misses>
				<total>0</total>
				<timestamp>3571.855650</timestamp>
			</report>
			<report>
				<misses>145100001</misses>
				<total>0</total>
				<timestamp>3574.310253</timestamp>
			</report>
			<report>
				<misses>145200001</misses>
				<total>0</total>
				<timestamp>3576.773163</timestamp>
			</report>
			<report>
				<misses>145300001</misses>
				<total>0</total>
				<timestamp>3579.228646</timestamp>
			</report>
			<report>
				<misses>145400001</misses>
				<total>0</total>
				<timestamp>3581.697760</timestamp>
			</report>
			<report>
				<misses>145500001</misses>
				<total>0</total>
				<timestamp>3584.161830</timestamp>
			</report>
			<report>
				<misses>145600001</misses>
				<total>0</total>
				<timestamp>3586.632597</timestamp>
			</report>
			<report>
				<misses>145700001</misses>
				<total>0</total>
				<timestamp>3589.109349</timestamp>
			</report>
			<report>
				<misses>145800001</misses>
				<total>0</total>
				<timestamp>3591.581825</timestamp>
			</report>
			<report>
				<misses>145900001</misses>
				<total>0</total>
				<timestamp>3594.049598</timestamp>
			</report>
			<report>
				<misses>146000001</misses>
				<total>0</total>
				<timestamp>3596.516448</timestamp>
			</report>
			<report>
				<misses>146100001</misses>
				<total>0</total>
				<timestamp>3598.979883</timestamp>
			</report>
			<report>
				<misses>146200001</misses>
				<total>0</total>
				<timestamp>3601.437299</timestamp>
			</report>
			<report>
				<misses>146300001</misses>
				<total>0</total>
				<timestamp>3603.909127</timestamp>
			</report>
			<report>
				<misses>146400001</misses>
				<total>0</total>
				<timestamp>3606.377090</timestamp>
			</report>
			<report>
				<misses>146500001</misses>
				<total>0</total>
				<timestamp>3608.845126</timestamp>
			</report>
			<report>
				<misses>146600001</misses>
				<total>0</total>
				<timestamp>3611.319707</timestamp>
			</report>
			<report>
				<misses>146700001</misses>
				<total>0</total>
				<timestamp>3613.777409</timestamp>
			</report>
			<report>
				<misses>146800001</misses>
				<total>0</total>
				<timestamp>3616.242673</timestamp>
			</report>
			<report>
				<misses>146900001</misses>
				<total>0</total>
				<timestamp>3618.699869</timestamp>
			</report>
			<report>
				<misses>147000001</misses>
				<total>0</total>
				<timestamp>3621.160900</timestamp>
			</report>
			<report>
				<misses>147100001</misses>
				<total>0</total>
				<timestamp>3623.624264</timestamp>
			</report>
			<report>
				<misses>147200001</misses>
				<total>0</total>
				<timestamp>3626.087269</timestamp>
			</report>
			<report>
				<misses>147300001</misses>
				<total>0</total>
				<timestamp>3628.542291</timestamp>
			</report>
			<report>
				<misses>147400001</misses>
				<total>0</total>
				<timestamp>3630.998817</timestamp>
			</report>
			<report>
				<misses>147500001</misses>
				<total>0</total>
				<timestamp>3633.469802</timestamp>
			</report>
			<report>
				<misses>147600001</misses>
				<total>0</total>
				<timestamp>3635.938913</timestamp>
			</report>
			<report>
				<misses>147700001</misses>
				<total>0</total>
				<timestamp>3638.407679</timestamp>
			</report>
			<report>
				<misses>147800001</misses>
				<total>0</total>
				<timestamp>3640.877515</timestamp>
			</report>
			<report>
				<misses>147900001</misses>
				<total>0</total>
				<timestamp>3643.347261</timestamp>
			</report>
			<report>
				<misses>148000001</misses>
				<total>0</total>
				<timestamp>3645.817647</timestamp>
			</report>
			<report>
				<misses>148100001</misses>
				<total>0</total>
				<timestamp>3648.284077</timestamp>
			</report>
			<report>
				<misses>148200001</misses>
				<total>0</total>
				<timestamp>3650.748975</timestamp>
			</report>
			<report>
				<misses>148300001</misses>
				<total>0</total>
				<timestamp>3653.222322</timestamp>
			</report>
			<report>
				<misses>148400001</misses>
				<total>0</total>
				<timestamp>3655.684735</timestamp>
			</report>
			<report>
				<misses>148500001</misses>
				<total>0</total>
				<timestamp>3658.144901</timestamp>
			</report>
			<report>
				<misses>148600001</misses>
				<total>0</total>
				<timestamp>3660.610405</timestamp>
			</report>
			<report>
				<misses>148700001</misses>
				<total>0</total>
				<timestamp>3663.076056</timestamp>
			</report>
			<report>
				<misses>148800001</misses>
				<total>0</total>
				<timestamp>3665.544848</timestamp>
			</report>
			<report>
				<misses>148900001</misses>
				<total>0</total>
				<timestamp>3668.012517</timestamp>
			</report>
			<report>
				<misses>149000001</misses>
				<total>0</total>
				<timestamp>3670.477474</timestamp>
			</report>
			<report>
				<misses>149100001</misses>
				<total>0</total>
				<timestamp>3672.949132</timestamp>
			</report>
			<report>
				<misses>149200001</misses>
				<total>0</total>
				<timestamp>3675.412943</timestamp>
			</report>
			<report>
				<misses>149300001</misses>
				<total>0</total>
				<timestamp>3677.883267</timestamp>
			</report>
			<report>
				<misses>149400001</misses>
				<total>0</total>
				<timestamp>3680.354166</timestamp>
			</report>
			<report>
				<misses>149500001</misses>
				<total>0</total>
				<timestamp>3682.827603</timestamp>
			</report>
			<report>
				<misses>149600001</misses>
				<total>0</total>
				<timestamp>3685.294991</timestamp>
			</report>
			<report>
				<misses>149700001</misses>
				<total>0</total>
				<timestamp>3687.749129</timestamp>
			</report>
			<report>
				<misses>149800001</misses>
				<total>0</total>
				<timestamp>3690.217382</timestamp>
			</report>
			<report>
				<misses>149900001</misses>
				<total>0</total>
				<timestamp>3692.681202</timestamp>
			</report>
			<report>
				<misses>150000001</misses>
				<total>0</total>
				<timestamp>3695.145865</timestamp>
			</report>
			<report>
				<misses>150100001</misses>
				<total>0</total>
				<timestamp>3697.606811</timestamp>
			</report>
			<report>
				<misses>150200001</misses>
				<total>0</total>
				<timestamp>3700.075133</timestamp>
			</report>
			<report>
				<misses>150300001</misses>
				<total>0</total>
				<timestamp>3702.539305</timestamp>
			</report>
			<report>
				<misses>150400001</misses>
				<total>0</total>
				<timestamp>3705.003241</timestamp>
			</report>
			<report>
				<misses>150500001</misses>
				<total>0</total>
				<timestamp>3707.475375</timestamp>
			</report>
			<report>
				<misses>150600001</misses>
				<total>0</total>
				<timestamp>3709.940894</timestamp>
			</report>
			<report>
				<misses>150700001</misses>
				<total>0</total>
				<timestamp>3712.413573</timestamp>
			</report>
			<report>
				<misses>150800001</misses>
				<total>0</total>
				<timestamp>3714.886689</timestamp>
			</report>
			<report>
				<misses>150900001</misses>
				<total>0</total>
				<timestamp>3717.346199</timestamp>
			</report>
			<report>
				<misses>151000001</misses>
				<total>0</total>
				<timestamp>3719.810966</timestamp>
			</report>
			<report>
				<misses>151100001</misses>
				<total>0</total>
				<timestamp>3722.278322</timestamp>
			</report>
			<report>
				<misses>151200001</misses>
				<total>0</total>
				<timestamp>3724.730251</timestamp>
			</report>
			<report>
				<misses>151300001</misses>
				<total>0</total>
				<timestamp>3727.190396</timestamp>
			</report>
			<report>
				<misses>151400001</misses>
				<total>0</total>
				<timestamp>3729.645261</timestamp>
			</report>
			<report>
				<misses>151500001</misses>
				<total>0</total>
				<timestamp>3732.116375</timestamp>
			</report>
			<report>
				<misses>151600001</misses>
				<total>0</total>
				<timestamp>3734.591912</timestamp>
			</report>
			<report>
				<misses>151700001</misses>
				<total>0</total>
				<timestamp>3737.061020</timestamp>
			</report>
			<report>
				<misses>151800001</misses>
				<total>0</total>
				<timestamp>3739.528966</timestamp>
			</report>
			<report>
				<misses>151900001</misses>
				<total>0</total>
				<timestamp>3742.000977</timestamp>
			</report>
			<report>
				<misses>152000001</misses>
				<total>0</total>
				<timestamp>3744.469337</timestamp>
			</report>
			<report>
				<misses>152100001</misses>
				<total>0</total>
				<timestamp>3746.932648</timestamp>
			</report>
			<report>
				<misses>152200001</misses>
				<total>0</total>
				<timestamp>3749.396795</timestamp>
			</report>
			<report>
				<misses>152300001</misses>
				<total>0</total>
				<timestamp>3751.855612</timestamp>
			</report>
			<report>
				<misses>152400001</misses>
				<total>0</total>
				<timestamp>3754.327228</timestamp>
			</report>
			<report>
				<misses>152500001</misses>
				<total>0</total>
				<timestamp>3756.795402</timestamp>
			</report>
			<report>
				<misses>152600001</misses>
				<total>0</total>
				<timestamp>3759.263089</timestamp>
			</report>
			<report>
				<misses>152700001</misses>
				<total>0</total>
				<timestamp>3761.724696</timestamp>
			</report>
			<report>
				<misses>152800001</misses>
				<total>0</total>
				<timestamp>3764.186907</timestamp>
			</report>
			<report>
				<misses>152900001</misses>
				<total>0</total>
				<timestamp>3766.656800</timestamp>
			</report>
			<report>
				<misses>153000001</misses>
				<total>0</total>
				<timestamp>3769.122360</timestamp>
			</report>
			<report>
				<misses>153100001</misses>
				<total>0</total>
				<timestamp>3771.588326</timestamp>
			</report>
			<report>
				<misses>153200001</misses>
				<total>0</total>
				<timestamp>3774.054037</timestamp>
			</report>
			<report>
				<misses>153300001</misses>
				<total>0</total>
				<timestamp>3776.529250</timestamp>
			</report>
			<report>
				<misses>153400001</misses>
				<total>0</total>
				<timestamp>3779.008961</timestamp>
			</report>
			<report>
				<misses>153500001</misses>
				<total>0</total>
				<timestamp>3781.483717</timestamp>
			</report>
			<report>
				<misses>153600001</misses>
				<total>0</total>
				<timestamp>3783.963658</timestamp>
			</report>
			<report>
				<misses>153700001</misses>
				<total>0</total>
				<timestamp>3786.435054</timestamp>
			</report>
			<report>
				<misses>153800001</misses>
				<total>0</total>
				<timestamp>3788.903504</timestamp>
			</report>
			<report>
				<misses>153900001</misses>
				<total>0</total>
				<timestamp>3791.376379</timestamp>
			</report>
			<report>
				<misses>154000001</misses>
				<total>0</total>
				<timestamp>3793.849236</timestamp>
			</report>
			<report>
				<misses>154100001</misses>
				<total>0</total>
				<timestamp>3796.315729</timestamp>
			</report>
			<report>
				<misses>154200001</misses>
				<total>0</total>
				<timestamp>3798.791258</timestamp>
			</report>
			<report>
				<misses>154300001</misses>
				<total>0</total>
				<timestamp>3801.273167</timestamp>
			</report>
			<report>
				<misses>154400001</misses>
				<total>0</total>
				<timestamp>3803.748182</timestamp>
			</report>
			<report>
				<misses>154500001</misses>
				<total>0</total>
				<timestamp>3806.217632</timestamp>
			</report>
			<report>
				<misses>154600001</misses>
				<total>0</total>
				<timestamp>3808.687106</timestamp>
			</report>
			<report>
				<misses>154700001</misses>
				<total>0</total>
				<timestamp>3811.158787</timestamp>
			</report>
			<report>
				<misses>154800001</misses>
				<total>0</total>
				<timestamp>3813.624679</timestamp>
			</report>
			<report>
				<misses>154900001</misses>
				<total>0</total>
				<timestamp>3816.087159</timestamp>
			</report>
			<report>
				<misses>155000001</misses>
				<total>0</total>
				<timestamp>3818.546463</timestamp>
			</report>
			<report>
				<misses>155100001</misses>
				<total>0</total>
				<timestamp>3821.015067</timestamp>
			</report>
			<report>
				<misses>155200001</misses>
				<total>0</total>
				<timestamp>3823.485147</timestamp>
			</report>
			<report>
				<misses>155300001</misses>
				<total>0</total>
				<timestamp>3825.944055</timestamp>
			</report>
			<report>
				<misses>155400001</misses>
				<total>0</total>
				<timestamp>3828.411680</timestamp>
			</report>
			<report>
				<misses>155500001</misses>
				<total>0</total>
				<timestamp>3830.883080</timestamp>
			</report>
			<report>
				<misses>155600001</misses>
				<total>0</total>
				<timestamp>3833.346618</timestamp>
			</report>
			<report>
				<misses>155700001</misses>
				<total>0</total>
				<timestamp>3835.802201</timestamp>
			</report>
			<report>
				<misses>155800001</misses>
				<total>0</total>
				<timestamp>3838.265186</timestamp>
			</report>
			<report>
				<misses>155900001</misses>
				<total>0</total>
				<timestamp>3840.744140</timestamp>
			</report>
			<report>
				<misses>156000001</misses>
				<total>0</total>
				<timestamp>3843.223949</timestamp>
			</report>
			<report>
				<misses>156100001</misses>
				<total>0</total>
				<timestamp>3845.698712</timestamp>
			</report>
			<report>
				<misses>156200001</misses>
				<total>0</total>
				<timestamp>3848.174694</timestamp>
			</report>
			<report>
				<misses>156300001</misses>
				<total>0</total>
				<timestamp>3850.654849</timestamp>
			</report>
			<report>
				<misses>156400001</misses>
				<total>0</total>
				<timestamp>3853.134566</timestamp>
			</report>
			<report>
				<misses>156500001</misses>
				<total>0</total>
				<timestamp>3855.600859</timestamp>
			</report>
			<report>
				<misses>156600001</misses>
				<total>0</total>
				<timestamp>3858.071701</timestamp>
			</report>
			<report>
				<misses>156700001</misses>
				<total>0</total>
				<timestamp>3860.536303</timestamp>
			</report>
			<report>
				<misses>156800001</misses>
				<total>0</total>
				<timestamp>3863.022168</timestamp>
			</report>
			<report>
				<misses>156900001</misses>
				<total>0</total>
				<timestamp>3865.494651</timestamp>
			</report>
			<report>
				<misses>157000001</misses>
				<total>0</total>
				<timestamp>3867.958783</timestamp>
			</report>
			<report>
				<misses>157100001</misses>
				<total>0</total>
				<timestamp>3870.416882</timestamp>
			</report>
			<report>
				<misses>157200001</misses>
				<total>0</total>
				<timestamp>3872.881629</timestamp>
			</report>
			<report>
				<misses>157300001</misses>
				<total>0</total>
				<timestamp>3875.348886</timestamp>
			</report>
			<report>
				<misses>157400001</misses>
				<total>0</total>
				<timestamp>3877.814367</timestamp>
			</report>
			<report>
				<misses>157500001</misses>
				<total>0</total>
				<timestamp>3880.278554</timestamp>
			</report>
			<report>
				<misses>157600001</misses>
				<total>0</total>
				<timestamp>3882.747246</timestamp>
			</report>
			<report>
				<misses>157700001</misses>
				<total>0</total>
				<timestamp>3885.221757</timestamp>
			</report>
			<report>
				<misses>157800001</misses>
				<total>0</total>
				<timestamp>3887.690781</timestamp>
			</report>
			<report>
				<misses>157900001</misses>
				<total>0</total>
				<timestamp>3890.162616</timestamp>
			</report>
			<report>
				<misses>158000001</misses>
				<total>0</total>
				<timestamp>3892.631240</timestamp>
			</report>
			<report>
				<misses>158100001</misses>
				<total>0</total>
				<timestamp>3895.105545</timestamp>
			</report>
			<report>
				<misses>158200001</misses>
				<total>0</total>
				<timestamp>3897.577529</timestamp>
			</report>
			<report>
				<misses>158300001</misses>
				<total>0</total>
				<timestamp>3900.055177</timestamp>
			</report>
			<report>
				<misses>158400001</misses>
				<total>0</total>
				<timestamp>3902.530403</timestamp>
			</report>
			<report>
				<misses>158500001</misses>
				<total>0</total>
				<timestamp>3905.011113</timestamp>
			</report>
			<report>
				<misses>158600001</misses>
				<total>0</total>
				<timestamp>3907.489046</timestamp>
			</report>
			<report>
				<misses>158700001</misses>
				<total>0</total>
				<timestamp>3909.957976</timestamp>
			</report>
			<report>
				<misses>158800001</misses>
				<total>0</total>
				<timestamp>3912.426393</timestamp>
			</report>
			<report>
				<misses>158900001</misses>
				<total>0</total>
				<timestamp>3914.891843</timestamp>
			</report>
			<report>
				<misses>159000001</misses>
				<total>0</total>
				<timestamp>3917.350243</timestamp>
			</report>
			<report>
				<misses>159100001</misses>
				<total>0</total>
				<timestamp>3919.814809</timestamp>
			</report>
			<report>
				<misses>159200001</misses>
				<total>0</total>
				<timestamp>3922.287042</timestamp>
			</report>
			<report>
				<misses>159300001</misses>
				<total>0</total>
				<timestamp>3924.747220</timestamp>
			</report>
			<report>
				<misses>159400001</misses>
				<total>0</total>
				<timestamp>3927.218965</timestamp>
			</report>
			<report>
				<misses>159500001</misses>
				<total>0</total>
				<timestamp>3929.692095</timestamp>
			</report>
			<report>
				<misses>159600001</misses>
				<total>0</total>
				<timestamp>3932.157637</timestamp>
			</report>
			<report>
				<misses>159700001</misses>
				<total>0</total>
				<timestamp>3934.629921</timestamp>
			</report>
			<report>
				<misses>159800001</misses>
				<total>0</total>
				<timestamp>3937.099162</timestamp>
			</report>
			<report>
				<misses>159900001</misses>
				<total>0</total>
				<timestamp>3939.564568</timestamp>
			</report>
			<report>
				<misses>160000001</misses>
				<total>0</total>
				<timestamp>3942.036652</timestamp>
			</report>
			<report>
				<misses>160100001</misses>
				<total>0</total>
				<timestamp>3944.509220</timestamp>
			</report>
			<report>
				<misses>160200001</misses>
				<total>0</total>
				<timestamp>3946.974698</timestamp>
			</report>
			<report>
				<misses>160300001</misses>
				<total>0</total>
				<timestamp>3949.434815</timestamp>
			</report>
			<report>
				<misses>160400001</misses>
				<total>0</total>
				<timestamp>3951.907546</timestamp>
			</report>
			<report>
				<misses>160500001</misses>
				<total>0</total>
				<timestamp>3954.369598</timestamp>
			</report>
			<report>
				<misses>160600001</misses>
				<total>0</total>
				<timestamp>3956.831909</timestamp>
			</report>
			<report>
				<misses>160700001</misses>
				<total>0</total>
				<timestamp>3959.299464</timestamp>
			</report>
			<report>
				<misses>160800001</misses>
				<total>0</total>
				<timestamp>3961.771834</timestamp>
			</report>
			<report>
				<misses>160900001</misses>
				<total>0</total>
				<timestamp>3964.238248</timestamp>
			</report>
			<report>
				<misses>161000001</misses>
				<total>0</total>
				<timestamp>3966.718465</timestamp>
			</report>
			<report>
				<misses>161100001</misses>
				<total>0</total>
				<timestamp>3969.177037</timestamp>
			</report>
			<report>
				<misses>161200001</misses>
				<total>0</total>
				<timestamp>3971.645952</timestamp>
			</report>
			<report>
				<misses>161300001</misses>
				<total>0</total>
				<timestamp>3974.110363</timestamp>
			</report>
			<report>
				<misses>161400001</misses>
				<total>0</total>
				<timestamp>3976.568650</timestamp>
			</report>
			<report>
				<misses>161500001</misses>
				<total>0</total>
				<timestamp>3979.025367</timestamp>
			</report>
			<report>
				<misses>161600001</misses>
				<total>0</total>
				<timestamp>3981.491600</timestamp>
			</report>
			<report>
				<misses>161700001</misses>
				<total>0</total>
				<timestamp>3983.971226</timestamp>
			</report>
			<report>
				<misses>161800001</misses>
				<total>0</total>
				<timestamp>3986.445092</timestamp>
			</report>
			<report>
				<misses>161900001</misses>
				<total>0</total>
				<timestamp>3988.918439</timestamp>
			</report>
			<report>
				<misses>162000001</misses>
				<total>0</total>
				<timestamp>3991.388207</timestamp>
			</report>
			<report>
				<misses>162100001</misses>
				<total>0</total>
				<timestamp>3993.838732</timestamp>
			</report>
			<report>
				<misses>162200001</misses>
				<total>0</total>
				<timestamp>3996.292396</timestamp>
			</report>
			<report>
				<misses>162300001</misses>
				<total>0</total>
				<timestamp>3998.762478</timestamp>
			</report>
			<report>
				<misses>162400001</misses>
				<total>0</total>
				<timestamp>4001.233603</timestamp>
			</report>
			<report>
				<misses>162500001</misses>
				<total>0</total>
				<timestamp>4003.699874</timestamp>
			</report>
			<report>
				<misses>162600001</misses>
				<total>0</total>
				<timestamp>4006.168636</timestamp>
			</report>
			<report>
				<misses>162700001</misses>
				<total>0</total>
				<timestamp>4008.645706</timestamp>
			</report>
			<report>
				<misses>162800001</misses>
				<total>0</total>
				<timestamp>4011.113930</timestamp>
			</report>
			<report>
				<misses>162900001</misses>
				<total>0</total>
				<timestamp>4013.582849</timestamp>
			</report>
			<report>
				<misses>163000001</misses>
				<total>0</total>
				<timestamp>4016.048294</timestamp>
			</report>
			<report>
				<misses>163100001</misses>
				<total>0</total>
				<timestamp>4018.529731</timestamp>
			</report>
			<report>
				<misses>163200001</misses>
				<total>0</total>
				<timestamp>4021.011759</timestamp>
			</report>
			<report>
				<misses>163300001</misses>
				<total>0</total>
				<timestamp>4023.489776</timestamp>
			</report>
			<report>
				<misses>163400001</misses>
				<total>0</total>
				<timestamp>4025.961286</timestamp>
			</report>
			<report>
				<misses>163500001</misses>
				<total>0</total>
				<timestamp>4028.432014</timestamp>
			</report>
			<report>
				<misses>163600001</misses>
				<total>0</total>
				<timestamp>4030.898873</timestamp>
			</report>
			<report>
				<misses>163700001</misses>
				<total>0</total>
				<timestamp>4033.376330</timestamp>
			</report>
			<report>
				<misses>163800001</misses>
				<total>0</total>
				<timestamp>4035.854603</timestamp>
			</report>
			<report>
				<misses>163900001</misses>
				<total>0</total>
				<timestamp>4038.328732</timestamp>
			</report>
			<report>
				<misses>164000001</misses>
				<total>0</total>
				<timestamp>4040.809122</timestamp>
			</report>
			<report>
				<misses>164100001</misses>
				<total>0</total>
				<timestamp>4043.283645</timestamp>
			</report>
			<report>
				<misses>164200001</misses>
				<total>0</total>
				<timestamp>4045.758300</timestamp>
			</report>
			<report>
				<misses>164300001</misses>
				<total>0</total>
				<timestamp>4048.233175</timestamp>
			</report>
			<report>
				<misses>164400001</misses>
				<total>0</total>
				<timestamp>4050.700187</timestamp>
			</report>
			<report>
				<misses>164500001</misses>
				<total>0</total>
				<timestamp>4053.176772</timestamp>
			</report>
			<report>
				<misses>164600001</misses>
				<total>0</total>
				<timestamp>4055.651916</timestamp>
			</report>
			<report>
				<misses>164700001</misses>
				<total>0</total>
				<timestamp>4058.131628</timestamp>
			</report>
			<report>
				<misses>164800001</misses>
				<total>0</total>
				<timestamp>4060.620754</timestamp>
			</report>
			<report>
				<misses>164900001</misses>
				<total>0</total>
				<timestamp>4063.097114</timestamp>
			</report>
			<report>
				<misses>165000001</misses>
				<total>0</total>
				<timestamp>4065.579075</timestamp>
			</report>
			<report>
				<misses>165100001</misses>
				<total>0</total>
				<timestamp>4068.055299</timestamp>
			</report>
			<report>
				<misses>165200001</misses>
				<total>0</total>
				<timestamp>4070.540581</timestamp>
			</report>
			<report>
				<misses>165300001</misses>
				<total>0</total>
				<timestamp>4073.017651</timestamp>
			</report>
			<report>
				<misses>165400001</misses>
				<total>0</total>
				<timestamp>4075.493278</timestamp>
			</report>
			<report>
				<misses>165500001</misses>
				<total>0</total>
				<timestamp>4077.965197</timestamp>
			</report>
			<report>
				<misses>165600001</misses>
				<total>0</total>
				<timestamp>4080.439512</timestamp>
			</report>
			<report>
				<misses>165700001</misses>
				<total>0</total>
				<timestamp>4082.914757</timestamp>
			</report>
			<report>
				<misses>165800001</misses>
				<total>0</total>
				<timestamp>4085.393016</timestamp>
			</report>
			<report>
				<misses>165900001</misses>
				<total>0</total>
				<timestamp>4087.874000</timestamp>
			</report>
			<report>
				<misses>166000001</misses>
				<total>0</total>
				<timestamp>4090.348506</timestamp>
			</report>
			<report>
				<misses>166100001</misses>
				<total>0</total>
				<timestamp>4092.830588</timestamp>
			</report>
			<report>
				<misses>166200001</misses>
				<total>0</total>
				<timestamp>4095.317150</timestamp>
			</report>
			<report>
				<misses>166300001</misses>
				<total>0</total>
				<timestamp>4097.787892</timestamp>
			</report>
			<report>
				<misses>166400001</misses>
				<total>0</total>
				<timestamp>4100.260401</timestamp>
			</report>
			<report>
				<misses>166500001</misses>
				<total>0</total>
				<timestamp>4102.736877</timestamp>
			</report>
			<report>
				<misses>166600001</misses>
				<total>0</total>
				<timestamp>4105.205576</timestamp>
			</report>
			<report>
				<misses>166700001</misses>
				<total>0</total>
				<timestamp>4107.684069</timestamp>
			</report>
			<report>
				<misses>166800001</misses>
				<total>0</total>
				<timestamp>4110.155384</timestamp>
			</report>
			<report>
				<misses>166900001</misses>
				<total>0</total>
				<timestamp>4112.635497</timestamp>
			</report>
			<report>
				<misses>167000001</misses>
				<total>0</total>
				<timestamp>4115.112098</timestamp>
			</report>
			<report>
				<misses>167100001</misses>
				<total>0</total>
				<timestamp>4117.590336</timestamp>
			</report>
			<report>
				<misses>167200001</misses>
				<total>0</total>
				<timestamp>4120.070051</timestamp>
			</report>
			<report>
				<misses>167300001</misses>
				<total>0</total>
				<timestamp>4122.546063</timestamp>
			</report>
			<report>
				<misses>167400001</misses>
				<total>0</total>
				<timestamp>4125.019777</timestamp>
			</report>
			<report>
				<misses>167500001</misses>
				<total>0</total>
				<timestamp>4127.498318</timestamp>
			</report>
			<report>
				<misses>167600001</misses>
				<total>0</total>
				<timestamp>4129.986929</timestamp>
			</report>
			<report>
				<misses>167700001</misses>
				<total>0</total>
				<timestamp>4132.464991</timestamp>
			</report>
			<report>
				<misses>167800001</misses>
				<total>0</total>
				<timestamp>4134.941464</timestamp>
			</report>
			<report>
				<misses>167900001</misses>
				<total>0</total>
				<timestamp>4137.402592</timestamp>
			</report>
			<report>
				<misses>168000001</misses>
				<total>0</total>
				<timestamp>4139.861491</timestamp>
			</report>
			<report>
				<misses>168100001</misses>
				<total>0</total>
				<timestamp>4142.337216</timestamp>
			</report>
			<report>
				<misses>168200001</misses>
				<total>0</total>
				<timestamp>4144.808250</timestamp>
			</report>
			<report>
				<misses>168300001</misses>
				<total>0</total>
				<timestamp>4147.280546</timestamp>
			</report>
			<report>
				<misses>168400001</misses>
				<total>0</total>
				<timestamp>4149.754501</timestamp>
			</report>
			<report>
				<misses>168500001</misses>
				<total>0</total>
				<timestamp>4152.223212</timestamp>
			</report>
			<report>
				<misses>168600001</misses>
				<total>0</total>
				<timestamp>4154.682583</timestamp>
			</report>
			<report>
				<misses>168700001</misses>
				<total>0</total>
				<timestamp>4157.151787</timestamp>
			</report>
			<report>
				<misses>168800001</misses>
				<total>0</total>
				<timestamp>4159.622446</timestamp>
			</report>
			<report>
				<misses>168900001</misses>
				<total>0</total>
				<timestamp>4162.095462</timestamp>
			</report>
			<report>
				<misses>169000001</misses>
				<total>0</total>
				<timestamp>4164.580516</timestamp>
			</report>
			<report>
				<misses>169100001</misses>
				<total>0</total>
				<timestamp>4167.078910</timestamp>
			</report>
			<report>
				<misses>169200001</misses>
				<total>0</total>
				<timestamp>4169.545524</timestamp>
			</report>
			<report>
				<misses>169300001</misses>
				<total>0</total>
				<timestamp>4172.005697</timestamp>
			</report>
			<report>
				<misses>169400001</misses>
				<total>0</total>
				<timestamp>4174.478011</timestamp>
			</report>
			<report>
				<misses>169500001</misses>
				<total>0</total>
				<timestamp>4176.968982</timestamp>
			</report>
			<report>
				<misses>169600001</misses>
				<total>0</total>
				<timestamp>4179.446225</timestamp>
			</report>
			<report>
				<misses>169700001</misses>
				<total>0</total>
				<timestamp>4181.916012</timestamp>
			</report>
			<report>
				<misses>169800001</misses>
				<total>0</total>
				<timestamp>4184.387916</timestamp>
			</report>
			<report>
				<misses>169900001</misses>
				<total>0</total>
				<timestamp>4186.855100</timestamp>
			</report>
			<report>
				<misses>170000001</misses>
				<total>0</total>
				<timestamp>4189.308538</timestamp>
			</report>
			<report>
				<misses>170100001</misses>
				<total>0</total>
				<timestamp>4191.777719</timestamp>
			</report>
			<report>
				<misses>170200001</misses>
				<total>0</total>
				<timestamp>4194.241307</timestamp>
			</report>
			<report>
				<misses>170300001</misses>
				<total>0</total>
				<timestamp>4196.701589</timestamp>
			</report>
			<report>
				<misses>170400001</misses>
				<total>0</total>
				<timestamp>4199.163864</timestamp>
			</report>
			<report>
				<misses>170500001</misses>
				<total>0</total>
				<timestamp>4201.627050</timestamp>
			</report>
			<report>
				<misses>170600001</misses>
				<total>0</total>
				<timestamp>4204.087258</timestamp>
			</report>
			<report>
				<misses>170700001</misses>
				<total>0</total>
				<timestamp>4206.557908</timestamp>
			</report>
			<report>
				<misses>170800001</misses>
				<total>0</total>
				<timestamp>4209.023819</timestamp>
			</report>
			<report>
				<misses>170900001</misses>
				<total>0</total>
				<timestamp>4211.477825</timestamp>
			</report>
			<report>
				<misses>171000001</misses>
				<total>0</total>
				<timestamp>4213.934142</timestamp>
			</report>
			<report>
				<misses>171100001</misses>
				<total>0</total>
				<timestamp>4216.400868</timestamp>
			</report>
			<report>
				<misses>171200001</misses>
				<total>0</total>
				<timestamp>4218.858149</timestamp>
			</report>
			<report>
				<misses>171300001</misses>
				<total>0</total>
				<timestamp>4221.316509</timestamp>
			</report>
			<report>
				<misses>171400001</misses>
				<total>0</total>
				<timestamp>4223.773526</timestamp>
			</report>
			<report>
				<misses>171500001</misses>
				<total>0</total>
				<timestamp>4226.230950</timestamp>
			</report>
			<report>
				<misses>171600001</misses>
				<total>0</total>
				<timestamp>4228.689037</timestamp>
			</report>
			<report>
				<misses>171700001</misses>
				<total>0</total>
				<timestamp>4231.146261</timestamp>
			</report>
			<report>
				<misses>171800001</misses>
				<total>0</total>
				<timestamp>4233.608267</timestamp>
			</report>
			<report>
				<misses>171900001</misses>
				<total>0</total>
				<timestamp>4236.069238</timestamp>
			</report>
			<report>
				<misses>172000001</misses>
				<total>0</total>
				<timestamp>4238.534717</timestamp>
			</report>
			<report>
				<misses>172100001</misses>
				<total>0</total>
				<timestamp>4240.987009</timestamp>
			</report>
			<report>
				<misses>172200001</misses>
				<total>0</total>
				<timestamp>4243.437536</timestamp>
			</report>
			<report>
				<misses>172300001</misses>
				<total>0</total>
				<timestamp>4245.894387</timestamp>
			</report>
			<report>
				<misses>172400001</misses>
				<total>0</total>
				<timestamp>4248.355272</timestamp>
			</report>
			<report>
				<misses>172500001</misses>
				<total>0</total>
				<timestamp>4250.817778</timestamp>
			</report>
			<report>
				<misses>172600001</misses>
				<total>0</total>
				<timestamp>4253.265087</timestamp>
			</report>
			<report>
				<misses>172700001</misses>
				<total>0</total>
				<timestamp>4255.727595</timestamp>
			</report>
			<report>
				<misses>172800001</misses>
				<total>0</total>
				<timestamp>4258.178363</timestamp>
			</report>
			<report>
				<misses>172900001</misses>
				<total>0</total>
				<timestamp>4260.635650</timestamp>
			</report>
			<report>
				<misses>173000001</misses>
				<total>0</total>
				<timestamp>4263.088430</timestamp>
			</report>
			<report>
				<misses>173100001</misses>
				<total>0</total>
				<timestamp>4265.539896</timestamp>
			</report>
			<report>
				<misses>173200001</misses>
				<total>0</total>
				<timestamp>4267.994278</timestamp>
			</report>
			<report>
				<misses>173300001</misses>
				<total>0</total>
				<timestamp>4270.452551</timestamp>
			</report>
			<report>
				<misses>173400001</misses>
				<total>0</total>
				<timestamp>4272.919095</timestamp>
			</report>
			<report>
				<misses>173500001</misses>
				<total>0</total>
				<timestamp>4275.372632</timestamp>
			</report>
			<report>
				<misses>173600001</misses>
				<total>0</total>
				<timestamp>4277.824293</timestamp>
			</report>
			<report>
				<misses>173700001</misses>
				<total>0</total>
				<timestamp>4280.262073</timestamp>
			</report>
			<report>
				<misses>173800001</misses>
				<total>0</total>
				<timestamp>4282.713617</timestamp>
			</report>
			<report>
				<misses>173900001</misses>
				<total>0</total>
				<timestamp>4285.163185</timestamp>
			</report>
			<report>
				<misses>174000001</misses>
				<total>0</total>
				<timestamp>4287.615866</timestamp>
			</report>
			<report>
				<misses>174100001</misses>
				<total>0</total>
				<timestamp>4290.073330</timestamp>
			</report>
			<report>
				<misses>174200001</misses>
				<total>0</total>
				<timestamp>4292.522323</timestamp>
			</report>
			<report>
				<misses>174300001</misses>
				<total>0</total>
				<timestamp>4294.975069</timestamp>
			</report>
			<report>
				<misses>174400001</misses>
				<total>0</total>
				<timestamp>4297.421293</timestamp>
			</report>
			<report>
				<misses>174500001</misses>
				<total>0</total>
				<timestamp>4299.871649</timestamp>
			</report>
			<report>
				<misses>174600001</misses>
				<total>0</total>
				<timestamp>4302.327669</timestamp>
			</report>
			<report>
				<misses>174700001</misses>
				<total>0</total>
				<timestamp>4304.777001</timestamp>
			</report>
			<report>
				<misses>174800001</misses>
				<total>0</total>
				<timestamp>4307.223720</timestamp>
			</report>
			<report>
				<misses>174900001</misses>
				<total>0</total>
				<timestamp>4309.673272</timestamp>
			</report>
			<report>
				<misses>175000001</misses>
				<total>0</total>
				<timestamp>4312.123927</timestamp>
			</report>
			<report>
				<misses>175100001</misses>
				<total>0</total>
				<timestamp>4314.577697</timestamp>
			</report>
			<report>
				<misses>175200001</misses>
				<total>0</total>
				<timestamp>4317.029726</timestamp>
			</report>
			<report>
				<misses>175300001</misses>
				<total>0</total>
				<timestamp>4319.489146</timestamp>
			</report>
			<report>
				<misses>175400001</misses>
				<total>0</total>
				<timestamp>4321.944928</timestamp>
			</report>
			<report>
				<misses>175500001</misses>
				<total>0</total>
				<timestamp>4324.402133</timestamp>
			</report>
			<report>
				<misses>175600001</misses>
				<total>0</total>
				<timestamp>4326.864171</timestamp>
			</report>
			<report>
				<misses>175700001</misses>
				<total>0</total>
				<timestamp>4329.306738</timestamp>
			</report>
			<report>
				<misses>175800001</misses>
				<total>0</total>
				<timestamp>4331.761719</timestamp>
			</report>
			<report>
				<misses>175900001</misses>
				<total>0</total>
				<timestamp>4334.205451</timestamp>
			</report>
			<report>
				<misses>176000001</misses>
				<total>0</total>
				<timestamp>4336.658048</timestamp>
			</report>
			<report>
				<misses>176100001</misses>
				<total>0</total>
				<timestamp>4339.115810</timestamp>
			</report>
			<report>
				<misses>176200001</misses>
				<total>0</total>
				<timestamp>4341.582268</timestamp>
			</report>
			<report>
				<misses>176300001</misses>
				<total>0</total>
				<timestamp>4344.039141</timestamp>
			</report>
			<report>
				<misses>176400001</misses>
				<total>0</total>
				<timestamp>4346.491969</timestamp>
			</report>
			<report>
				<misses>176500001</misses>
				<total>0</total>
				<timestamp>4348.944435</timestamp>
			</report>
			<report>
				<misses>176600001</misses>
				<total>0</total>
				<timestamp>4351.410965</timestamp>
			</report>
			<report>
				<misses>176700001</misses>
				<total>0</total>
				<timestamp>4353.893751</timestamp>
			</report>
			<report>
				<misses>176800001</misses>
				<total>0</total>
				<timestamp>4356.371060</timestamp>
			</report>
			<report>
				<misses>176900001</misses>
				<total>0</total>
				<timestamp>4358.846451</timestamp>
			</report>
			<report>
				<misses>177000001</misses>
				<total>0</total>
				<timestamp>4361.315475</timestamp>
			</report>
			<report>
				<misses>177100001</misses>
				<total>0</total>
				<timestamp>4363.789840</timestamp>
			</report>
			<report>
				<misses>177200001</misses>
				<total>0</total>
				<timestamp>4366.261613</timestamp>
			</report>
			<report>
				<misses>177300001</misses>
				<total>0</total>
				<timestamp>4368.731560</timestamp>
			</report>
			<report>
				<misses>177400001</misses>
				<total>0</total>
				<timestamp>4371.197930</timestamp>
			</report>
			<report>
				<misses>177500001</misses>
				<total>0</total>
				<timestamp>4373.675099</timestamp>
			</report>
			<report>
				<misses>177600001</misses>
				<total>0</total>
				<timestamp>4376.149994</timestamp>
			</report>
			<report>
				<misses>177700001</misses>
				<total>0</total>
				<timestamp>4378.616211</timestamp>
			</report>
			<report>
				<misses>177800001</misses>
				<total>0</total>
				<timestamp>4381.068022</timestamp>
			</report>
			<report>
				<misses>177900001</misses>
				<total>0</total>
				<timestamp>4383.516871</timestamp>
			</report>
			<report>
				<misses>178000001</misses>
				<total>0</total>
				<timestamp>4385.971703</timestamp>
			</report>
			<report>
				<misses>178100001</misses>
				<total>0</total>
				<timestamp>4388.436846</timestamp>
			</report>
			<report>
				<misses>178200001</misses>
				<total>0</total>
				<timestamp>4390.886017</timestamp>
			</report>
			<report>
				<misses>178300001</misses>
				<total>0</total>
				<timestamp>4393.339004</timestamp>
			</report>
			<report>
				<misses>178400001</misses>
				<total>0</total>
				<timestamp>4395.810122</timestamp>
			</report>
			<report>
				<misses>178500001</misses>
				<total>0</total>
				<timestamp>4398.279299</timestamp>
			</report>
			<report>
				<misses>178600001</misses>
				<total>0</total>
				<timestamp>4400.742350</timestamp>
			</report>
			<report>
				<misses>178700001</misses>
				<total>0</total>
				<timestamp>4403.195158</timestamp>
			</report>
			<report>
				<misses>178800001</misses>
				<total>0</total>
				<timestamp>4405.638232</timestamp>
			</report>
			<report>
				<misses>178900001</misses>
				<total>0</total>
				<timestamp>4408.090126</timestamp>
			</report>
			<report>
				<misses>179000001</misses>
				<total>0</total>
				<timestamp>4410.548557</timestamp>
			</report>
			<report>
				<misses>179100001</misses>
				<total>0</total>
				<timestamp>4412.997958</timestamp>
			</report>
			<report>
				<misses>179200001</misses>
				<total>0</total>
				<timestamp>4415.456251</timestamp>
			</report>
			<report>
				<misses>179300001</misses>
				<total>0</total>
				<timestamp>4417.917442</timestamp>
			</report>
			<report>
				<misses>179400001</misses>
				<total>0</total>
				<timestamp>4420.366333</timestamp>
			</report>
			<report>
				<misses>179500001</misses>
				<total>0</total>
				<timestamp>4422.822326</timestamp>
			</report>
			<report>
				<misses>179600001</misses>
				<total>0</total>
				<timestamp>4425.275543</timestamp>
			</report>
			<report>
				<misses>179700001</misses>
				<total>0</total>
				<timestamp>4427.731520</timestamp>
			</report>
			<report>
				<misses>179800001</misses>
				<total>0</total>
				<timestamp>4430.180209</timestamp>
			</report>
			<report>
				<misses>179900001</misses>
				<total>0</total>
				<timestamp>4432.635931</timestamp>
			</report>
			<report>
				<misses>180000001</misses>
				<total>0</total>
				<timestamp>4435.091011</timestamp>
			</report>
			<report>
				<misses>180100001</misses>
				<total>0</total>
				<timestamp>4437.561662</timestamp>
			</report>
			<report>
				<misses>180200001</misses>
				<total>0</total>
				<timestamp>4440.024766</timestamp>
			</report>
			<report>
				<misses>180300001</misses>
				<total>0</total>
				<timestamp>4442.472387</timestamp>
			</report>
			<report>
				<misses>180400001</misses>
				<total>0</total>
				<timestamp>4444.925175</timestamp>
			</report>
			<report>
				<misses>180500001</misses>
				<total>0</total>
				<timestamp>4447.376927</timestamp>
			</report>
			<report>
				<misses>180600001</misses>
				<total>0</total>
				<timestamp>4449.834141</timestamp>
			</report>
			<report>
				<misses>180700001</misses>
				<total>0</total>
				<timestamp>4452.288497</timestamp>
			</report>
			<report>
				<misses>180800001</misses>
				<total>0</total>
				<timestamp>4454.739388</timestamp>
			</report>
			<report>
				<misses>180900001</misses>
				<total>0</total>
				<timestamp>4457.192791</timestamp>
			</report>
			<report>
				<misses>181000001</misses>
				<total>0</total>
				<timestamp>4459.642472</timestamp>
			</report>
			<report>
				<misses>181100001</misses>
				<total>0</total>
				<timestamp>4462.095694</timestamp>
			</report>
			<report>
				<misses>181200001</misses>
				<total>0</total>
				<timestamp>4464.547774</timestamp>
			</report>
			<report>
				<misses>181300001</misses>
				<total>0</total>
				<timestamp>4466.996031</timestamp>
			</report>
			<report>
				<misses>181400001</misses>
				<total>0</total>
				<timestamp>4469.448239</timestamp>
			</report>
			<report>
				<misses>181500001</misses>
				<total>0</total>
				<timestamp>4471.897918</timestamp>
			</report>
			<report>
				<misses>181600001</misses>
				<total>0</total>
				<timestamp>4474.347456</timestamp>
			</report>
			<report>
				<misses>181700001</misses>
				<total>0</total>
				<timestamp>4476.804709</timestamp>
			</report>
			<report>
				<misses>181800001</misses>
				<total>0</total>
				<timestamp>4479.264131</timestamp>
			</report>
			<report>
				<misses>181900001</misses>
				<total>0</total>
				<timestamp>4481.720112</timestamp>
			</report>
			<report>
				<misses>182000001</misses>
				<total>0</total>
				<timestamp>4484.166994</timestamp>
			</report>
			<report>
				<misses>182100001</misses>
				<total>0</total>
				<timestamp>4486.616808</timestamp>
			</report>
			<report>
				<misses>182200001</misses>
				<total>0</total>
				<timestamp>4489.072305</timestamp>
			</report>
			<report>
				<misses>182300001</misses>
				<total>0</total>
				<timestamp>4491.536074</timestamp>
			</report>
			<report>
				<misses>182400001</misses>
				<total>0</total>
				<timestamp>4493.995721</timestamp>
			</report>
			<report>
				<misses>182500001</misses>
				<total>0</total>
				<timestamp>4496.448130</timestamp>
			</report>
			<report>
				<misses>182600001</misses>
				<total>0</total>
				<timestamp>4498.896556</timestamp>
			</report>
			<report>
				<misses>182700001</misses>
				<total>0</total>
				<timestamp>4501.351920</timestamp>
			</report>
			<report>
				<misses>182800001</misses>
				<total>0</total>
				<timestamp>4503.811692</timestamp>
			</report>
			<report>
				<misses>182900001</misses>
				<total>0</total>
				<timestamp>4506.261598</timestamp>
			</report>
			<report>
				<misses>183000001</misses>
				<total>0</total>
				<timestamp>4508.722943</timestamp>
			</report>
			<report>
				<misses>183100001</misses>
				<total>0</total>
				<timestamp>4511.174580</timestamp>
			</report>
			<report>
				<misses>183200001</misses>
				<total>0</total>
				<timestamp>4513.630420</timestamp>
			</report>
			<report>
				<misses>183300001</misses>
				<total>0</total>
				<timestamp>4516.080609</timestamp>
			</report>
			<report>
				<misses>183400001</misses>
				<total>0</total>
				<timestamp>4518.545278</timestamp>
			</report>
			<report>
				<misses>183500001</misses>
				<total>0</total>
				<timestamp>4521.008196</timestamp>
			</report>
			<report>
				<misses>183600001</misses>
				<total>0</total>
				<timestamp>4523.470856</timestamp>
			</report>
			<report>
				<misses>183700001</misses>
				<total>0</total>
				<timestamp>4525.933899</timestamp>
			</report>
			<report>
				<misses>183800001</misses>
				<total>0</total>
				<timestamp>4528.393751</timestamp>
			</report>
			<report>
				<misses>183900001</misses>
				<total>0</total>
				<timestamp>4530.853862</timestamp>
			</report>
			<report>
				<misses>184000001</misses>
				<total>0</total>
				<timestamp>4533.314590</timestamp>
			</report>
			<report>
				<misses>184100001</misses>
				<total>0</total>
				<timestamp>4535.770841</timestamp>
			</report>
			<report>
				<misses>184200001</misses>
				<total>0</total>
				<timestamp>4538.223978</timestamp>
			</report>
			<report>
				<misses>184300001</misses>
				<total>0</total>
				<timestamp>4540.682523</timestamp>
			</report>
			<report>
				<misses>184400001</misses>
				<total>0</total>
				<timestamp>4543.136586</timestamp>
			</report>
			<report>
				<misses>184500001</misses>
				<total>0</total>
				<timestamp>4545.589115</timestamp>
			</report>
			<report>
				<misses>184600001</misses>
				<total>0</total>
				<timestamp>4548.043866</timestamp>
			</report>
			<report>
				<misses>184700001</misses>
				<total>0</total>
				<timestamp>4550.507275</timestamp>
			</report>
			<report>
				<misses>184800001</misses>
				<total>0</total>
				<timestamp>4552.967518</timestamp>
			</report>
			<report>
				<misses>184900001</misses>
				<total>0</total>
				<timestamp>4555.418122</timestamp>
			</report>
			<report>
				<misses>185000001</misses>
				<total>0</total>
				<timestamp>4557.883298</timestamp>
			</report>
			<report>
				<misses>185100001</misses>
				<total>0</total>
				<timestamp>4560.346845</timestamp>
			</report>
			<report>
				<misses>185200001</misses>
				<total>0</total>
				<timestamp>4562.809934</timestamp>
			</report>
			<report>
				<misses>185300001</misses>
				<total>0</total>
				<timestamp>4565.268119</timestamp>
			</report>
			<report>
				<misses>185400001</misses>
				<total>0</total>
				<timestamp>4567.719952</timestamp>
			</report>
			<report>
				<misses>185500001</misses>
				<total>0</total>
				<timestamp>4570.178481</timestamp>
			</report>
			<report>
				<misses>185600001</misses>
				<total>0</total>
				<timestamp>4572.643619</timestamp>
			</report>
			<report>
				<misses>185700001</misses>
				<total>0</total>
				<timestamp>4575.103762</timestamp>
			</report>
			<report>
				<misses>185800001</misses>
				<total>0</total>
				<timestamp>4577.554036</timestamp>
			</report>
			<report>
				<misses>185900001</misses>
				<total>0</total>
				<timestamp>4580.008057</timestamp>
			</report>
			<report>
				<misses>186000001</misses>
				<total>0</total>
				<timestamp>4582.472025</timestamp>
			</report>
			<report>
				<misses>186100001</misses>
				<total>0</total>
				<timestamp>4584.934431</timestamp>
			</report>
			<report>
				<misses>186200001</misses>
				<total>0</total>
				<timestamp>4587.394051</timestamp>
			</report>
			<report>
				<misses>186300001</misses>
				<total>0</total>
				<timestamp>4589.854115</timestamp>
			</report>
			<report>
				<misses>186400001</misses>
				<total>0</total>
				<timestamp>4592.319416</timestamp>
			</report>
			<report>
				<misses>186500001</misses>
				<total>0</total>
				<timestamp>4594.777917</timestamp>
			</report>
			<report>
				<misses>186600001</misses>
				<total>0</total>
				<timestamp>4597.239650</timestamp>
			</report>
			<report>
				<misses>186700001</misses>
				<total>0</total>
				<timestamp>4599.703493</timestamp>
			</report>
			<report>
				<misses>186800001</misses>
				<total>0</total>
				<timestamp>4602.172334</timestamp>
			</report>
			<report>
				<misses>186900001</misses>
				<total>0</total>
				<timestamp>4604.633159</timestamp>
			</report>
			<report>
				<misses>187000001</misses>
				<total>0</total>
				<timestamp>4607.097612</timestamp>
			</report>
			<report>
				<misses>187100001</misses>
				<total>0</total>
				<timestamp>4609.556660</timestamp>
			</report>
			<report>
				<misses>187200001</misses>
				<total>0</total>
				<timestamp>4612.018004</timestamp>
			</report>
			<report>
				<misses>187300001</misses>
				<total>0</total>
				<timestamp>4614.476904</timestamp>
			</report>
			<report>
				<misses>187400001</misses>
				<total>0</total>
				<timestamp>4616.946161</timestamp>
			</report>
			<report>
				<misses>187500001</misses>
				<total>0</total>
				<timestamp>4619.409550</timestamp>
			</report>
			<report>
				<misses>187600001</misses>
				<total>0</total>
				<timestamp>4621.870118</timestamp>
			</report>
			<report>
				<misses>187700001</misses>
				<total>0</total>
				<timestamp>4624.323038</timestamp>
			</report>
			<report>
				<misses>187800001</misses>
				<total>0</total>
				<timestamp>4626.788793</timestamp>
			</report>
			<report>
				<misses>187900001</misses>
				<total>0</total>
				<timestamp>4629.244292</timestamp>
			</report>
			<report>
				<misses>188000001</misses>
				<total>0</total>
				<timestamp>4631.708572</timestamp>
			</report>
			<report>
				<misses>188100001</misses>
				<total>0</total>
				<timestamp>4634.165881</timestamp>
			</report>
			<report>
				<misses>188200001</misses>
				<total>0</total>
				<timestamp>4636.620210</timestamp>
			</report>
			<report>
				<misses>188300001</misses>
				<total>0</total>
				<timestamp>4639.080079</timestamp>
			</report>
			<report>
				<misses>188400001</misses>
				<total>0</total>
				<timestamp>4641.548981</timestamp>
			</report>
			<report>
				<misses>188500001</misses>
				<total>0</total>
				<timestamp>4644.018515</timestamp>
			</report>
			<report>
				<misses>188600001</misses>
				<total>0</total>
				<timestamp>4646.485289</timestamp>
			</report>
			<report>
				<misses>188700001</misses>
				<total>0</total>
				<timestamp>4648.945655</timestamp>
			</report>
			<report>
				<misses>188800001</misses>
				<total>0</total>
				<timestamp>4651.408082</timestamp>
			</report>
			<report>
				<misses>188900001</misses>
				<total>0</total>
				<timestamp>4653.871923</timestamp>
			</report>
			<report>
				<misses>189000001</misses>
				<total>0</total>
				<timestamp>4656.326918</timestamp>
			</report>
			<report>
				<misses>189100001</misses>
				<total>0</total>
				<timestamp>4658.790610</timestamp>
			</report>
			<report>
				<misses>189200001</misses>
				<total>0</total>
				<timestamp>4661.260218</timestamp>
			</report>
			<report>
				<misses>189300001</misses>
				<total>0</total>
				<timestamp>4663.715813</timestamp>
			</report>
			<report>
				<misses>189400001</misses>
				<total>0</total>
				<timestamp>4666.182490</timestamp>
			</report>
			<report>
				<misses>189500001</misses>
				<total>0</total>
				<timestamp>4668.649181</timestamp>
			</report>
			<report>
				<misses>189600001</misses>
				<total>0</total>
				<timestamp>4671.125774</timestamp>
			</report>
			<report>
				<misses>189700001</misses>
				<total>0</total>
				<timestamp>4673.588806</timestamp>
			</report>
			<report>
				<misses>189800001</misses>
				<total>0</total>
				<timestamp>4676.058354</timestamp>
			</report>
			<report>
				<misses>189900001</misses>
				<total>0</total>
				<timestamp>4678.522365</timestamp>
			</report>
			<report>
				<misses>190000001</misses>
				<total>0</total>
				<timestamp>4680.989778</timestamp>
			</report>
			<report>
				<misses>190100001</misses>
				<total>0</total>
				<timestamp>4683.469445</timestamp>
			</report>
			<report>
				<misses>190200001</misses>
				<total>0</total>
				<timestamp>4685.937740</timestamp>
			</report>
			<report>
				<misses>190300001</misses>
				<total>0</total>
				<timestamp>4688.418470</timestamp>
			</report>
			<report>
				<misses>190400001</misses>
				<total>0</total>
				<timestamp>4690.906314</timestamp>
			</report>
			<report>
				<misses>190500001</misses>
				<total>0</total>
				<timestamp>4693.394710</timestamp>
			</report>
			<report>
				<misses>190600001</misses>
				<total>0</total>
				<timestamp>4695.860636</timestamp>
			</report>
			<report>
				<misses>190700001</misses>
				<total>0</total>
				<timestamp>4698.335876</timestamp>
			</report>
			<report>
				<misses>190800001</misses>
				<total>0</total>
				<timestamp>4700.819658</timestamp>
			</report>
			<report>
				<misses>190900001</misses>
				<total>0</total>
				<timestamp>4703.304350</timestamp>
			</report>
			<report>
				<misses>191000001</misses>
				<total>0</total>
				<timestamp>4705.779694</timestamp>
			</report>
			<report>
				<misses>191100001</misses>
				<total>0</total>
				<timestamp>4708.251647</timestamp>
			</report>
			<report>
				<misses>191200001</misses>
				<total>0</total>
				<timestamp>4710.723007</timestamp>
			</report>
			<report>
				<misses>191300001</misses>
				<total>0</total>
				<timestamp>4713.191812</timestamp>
			</report>
			<report>
				<misses>191400001</misses>
				<total>0</total>
				<timestamp>4715.665815</timestamp>
			</report>
			<report>
				<misses>191500001</misses>
				<total>0</total>
				<timestamp>4718.142005</timestamp>
			</report>
			<report>
				<misses>191600001</misses>
				<total>0</total>
				<timestamp>4720.603570</timestamp>
			</report>
			<report>
				<misses>191700001</misses>
				<total>0</total>
				<timestamp>4723.082346</timestamp>
			</report>
			<report>
				<misses>191800001</misses>
				<total>0</total>
				<timestamp>4725.551492</timestamp>
			</report>
			<report>
				<misses>191900001</misses>
				<total>0</total>
				<timestamp>4728.024678</timestamp>
			</report>
			<report>
				<misses>192000001</misses>
				<total>0</total>
				<timestamp>4730.500864</timestamp>
			</report>
			<report>
				<misses>192100001</misses>
				<total>0</total>
				<timestamp>4732.976114</timestamp>
			</report>
			<report>
				<misses>192200001</misses>
				<total>0</total>
				<timestamp>4735.461450</timestamp>
			</report>
			<report>
				<misses>192300001</misses>
				<total>0</total>
				<timestamp>4737.949694</timestamp>
			</report>
			<report>
				<misses>192400001</misses>
				<total>0</total>
				<timestamp>4740.424350</timestamp>
			</report>
			<report>
				<misses>192500001</misses>
				<total>0</total>
				<timestamp>4742.891834</timestamp>
			</report>
			<report>
				<misses>192600001</misses>
				<total>0</total>
				<timestamp>4745.358793</timestamp>
			</report>
			<report>
				<misses>192700001</misses>
				<total>0</total>
				<timestamp>4747.828120</timestamp>
			</report>
			<report>
				<misses>192800001</misses>
				<total>0</total>
				<timestamp>4750.294452</timestamp>
			</report>
			<report>
				<misses>192900001</misses>
				<total>0</total>
				<timestamp>4752.767812</timestamp>
			</report>
			<report>
				<misses>193000001</misses>
				<total>0</total>
				<timestamp>4755.228369</timestamp>
			</report>
			<report>
				<misses>193100001</misses>
				<total>0</total>
				<timestamp>4757.685140</timestamp>
			</report>
			<report>
				<misses>193200001</misses>
				<total>0</total>
				<timestamp>4760.147367</timestamp>
			</report>
			<report>
				<misses>193300001</misses>
				<total>0</total>
				<timestamp>4762.620238</timestamp>
			</report>
			<report>
				<misses>193400001</misses>
				<total>0</total>
				<timestamp>4765.090191</timestamp>
			</report>
			<report>
				<misses>193500001</misses>
				<total>0</total>
				<timestamp>4767.564026</timestamp>
			</report>
			<report>
				<misses>193600001</misses>
				<total>0</total>
				<timestamp>4770.036422</timestamp>
			</report>
			<report>
				<misses>193700001</misses>
				<total>0</total>
				<timestamp>4772.497822</timestamp>
			</report>
			<report>
				<misses>193800001</misses>
				<total>0</total>
				<timestamp>4774.965604</timestamp>
			</report>
			<report>
				<misses>193900001</misses>
				<total>0</total>
				<timestamp>4777.437358</timestamp>
			</report>
			<report>
				<misses>194000001</misses>
				<total>0</total>
				<timestamp>4779.911992</timestamp>
			</report>
			<report>
				<misses>194100001</misses>
				<total>0</total>
				<timestamp>4782.374394</timestamp>
			</report>
			<report>
				<misses>194200001</misses>
				<total>0</total>
				<timestamp>4784.845358</timestamp>
			</report>
			<report>
				<misses>194300001</misses>
				<total>0</total>
				<timestamp>4787.320937</timestamp>
			</report>
			<report>
				<misses>194400001</misses>
				<total>0</total>
				<timestamp>4789.793778</timestamp>
			</report>
			<report>
				<misses>194500001</misses>
				<total>0</total>
				<timestamp>4792.266358</timestamp>
			</report>
			<report>
				<misses>194600001</misses>
				<total>0</total>
				<timestamp>4794.729979</timestamp>
			</report>
			<report>
				<misses>194700001</misses>
				<total>0</total>
				<timestamp>4797.192270</timestamp>
			</report>
			<report>
				<misses>194800001</misses>
				<total>0</total>
				<timestamp>4799.660656</timestamp>
			</report>
			<report>
				<misses>194900001</misses>
				<total>0</total>
				<timestamp>4802.134002</timestamp>
			</report>
			<report>
				<misses>195000001</misses>
				<total>0</total>
				<timestamp>4804.599187</timestamp>
			</report>
			<report>
				<misses>195100001</misses>
				<total>0</total>
				<timestamp>4807.070642</timestamp>
			</report>
			<report>
				<misses>195200001</misses>
				<total>0</total>
				<timestamp>4809.537812</timestamp>
			</report>
			<report>
				<misses>195300001</misses>
				<total>0</total>
				<timestamp>4812.012013</timestamp>
			</report>
			<report>
				<misses>195400001</misses>
				<total>0</total>
				<timestamp>4814.482278</timestamp>
			</report>
			<report>
				<misses>195500001</misses>
				<total>0</total>
				<timestamp>4816.942230</timestamp>
			</report>
			<report>
				<misses>195600001</misses>
				<total>0</total>
				<timestamp>4819.405476</timestamp>
			</report>
			<report>
				<misses>195700001</misses>
				<total>0</total>
				<timestamp>4821.877197</timestamp>
			</report>
			<report>
				<misses>195800001</misses>
				<total>0</total>
				<timestamp>4824.353876</timestamp>
			</report>
			<report>
				<misses>195900001</misses>
				<total>0</total>
				<timestamp>4826.830681</timestamp>
			</report>
			<report>
				<misses>196000001</misses>
				<total>0</total>
				<timestamp>4829.300839</timestamp>
			</report>
			<report>
				<misses>196100001</misses>
				<total>0</total>
				<timestamp>4831.766699</timestamp>
			</report>
			<report>
				<misses>196200001</misses>
				<total>0</total>
				<timestamp>4834.227271</timestamp>
			</report>
			<report>
				<misses>196300001</misses>
				<total>0</total>
				<timestamp>4836.696194</timestamp>
			</report>
			<report>
				<misses>196400001</misses>
				<total>0</total>
				<timestamp>4839.172560</timestamp>
			</report>
			<report>
				<misses>196500001</misses>
				<total>0</total>
				<timestamp>4841.645793</timestamp>
			</report>
			<report>
				<misses>196600001</misses>
				<total>0</total>
				<timestamp>4844.111912</timestamp>
			</report>
			<report>
				<misses>196700001</misses>
				<total>0</total>
				<timestamp>4846.581179</timestamp>
			</report>
			<report>
				<misses>196800001</misses>
				<total>0</total>
				<timestamp>4849.055328</timestamp>
			</report>
			<report>
				<misses>196900001</misses>
				<total>0</total>
				<timestamp>4851.527202</timestamp>
			</report>
			<report>
				<misses>197000001</misses>
				<total>0</total>
				<timestamp>4853.999585</timestamp>
			</report>
			<report>
				<misses>197100001</misses>
				<total>0</total>
				<timestamp>4856.466853</timestamp>
			</report>
			<report>
				<misses>197200001</misses>
				<total>0</total>
				<timestamp>4858.931112</timestamp>
			</report>
			<report>
				<misses>197300001</misses>
				<total>0</total>
				<timestamp>4861.410456</timestamp>
			</report>
			<report>
				<misses>197400001</misses>
				<total>0</total>
				<timestamp>4863.875444</timestamp>
			</report>
			<report>
				<misses>197500001</misses>
				<total>0</total>
				<timestamp>4866.340125</timestamp>
			</report>
			<report>
				<misses>197600001</misses>
				<total>0</total>
				<timestamp>4868.808962</timestamp>
			</report>
			<report>
				<misses>197700001</misses>
				<total>0</total>
				<timestamp>4871.290384</timestamp>
			</report>
			<report>
				<misses>197800001</misses>
				<total>0</total>
				<timestamp>4873.766040</timestamp>
			</report>
			<report>
				<misses>197900001</misses>
				<total>0</total>
				<timestamp>4876.234145</timestamp>
			</report>
			<report>
				<misses>198000001</misses>
				<total>0</total>
				<timestamp>4878.700196</timestamp>
			</report>
			<report>
				<misses>198100001</misses>
				<total>0</total>
				<timestamp>4881.171306</timestamp>
			</report>
			<report>
				<misses>198200001</misses>
				<total>0</total>
				<timestamp>4883.646537</timestamp>
			</report>
			<report>
				<misses>198300001</misses>
				<total>0</total>
				<timestamp>4886.125049</timestamp>
			</report>
			<report>
				<misses>198400001</misses>
				<total>0</total>
				<timestamp>4888.592141</timestamp>
			</report>
			<report>
				<misses>198500001</misses>
				<total>0</total>
				<timestamp>4891.063421</timestamp>
			</report>
			<report>
				<misses>198600001</misses>
				<total>0</total>
				<timestamp>4893.532546</timestamp>
			</report>
			<report>
				<misses>198700001</misses>
				<total>0</total>
				<timestamp>4895.997857</timestamp>
			</report>
			<report>
				<misses>198800001</misses>
				<total>0</total>
				<timestamp>4898.465262</timestamp>
			</report>
			<report>
				<misses>198900001</misses>
				<total>0</total>
				<timestamp>4900.926951</timestamp>
			</report>
			<report>
				<misses>199000001</misses>
				<total>0</total>
				<timestamp>4903.396417</timestamp>
			</report>
			<report>
				<misses>199100001</misses>
				<total>0</total>
				<timestamp>4905.868095</timestamp>
			</report>
			<report>
				<misses>199200001</misses>
				<total>0</total>
				<timestamp>4908.337688</timestamp>
			</report>
			<report>
				<misses>199300001</misses>
				<total>0</total>
				<timestamp>4910.808450</timestamp>
			</report>
			<report>
				<misses>199400001</misses>
				<total>0</total>
				<timestamp>4913.277779</timestamp>
			</report>
			<report>
				<misses>199500001</misses>
				<total>0</total>
				<timestamp>4915.748459</timestamp>
			</report>
			<report>
				<misses>199600001</misses>
				<total>0</total>
				<timestamp>4918.215040</timestamp>
			</report>
			<report>
				<misses>199700001</misses>
				<total>0</total>
				<timestamp>4920.685815</timestamp>
			</report>
			<report>
				<misses>199800001</misses>
				<total>0</total>
				<timestamp>4923.165130</timestamp>
			</report>
			<report>
				<misses>199900001</misses>
				<total>0</total>
				<timestamp>4925.635738</timestamp>
			</report>
			<report>
				<misses>200000001</misses>
				<total>0</total>
				<timestamp>4928.110575</timestamp>
			</report>
			<report>
				<misses>200100001</misses>
				<total>0</total>
				<timestamp>4930.587946</timestamp>
			</report>
			<report>
				<misses>200200001</misses>
				<total>0</total>
				<timestamp>4933.061290</timestamp>
			</report>
			<report>
				<misses>200300001</misses>
				<total>0</total>
				<timestamp>4935.530897</timestamp>
			</report>
			<report>
				<misses>200400001</misses>
				<total>0</total>
				<timestamp>4937.993469</timestamp>
			</report>
			<report>
				<misses>200500001</misses>
				<total>0</total>
				<timestamp>4940.456231</timestamp>
			</report>
			<report>
				<misses>200600001</misses>
				<total>0</total>
				<timestamp>4942.921816</timestamp>
			</report>
			<report>
				<misses>200700001</misses>
				<total>0</total>
				<timestamp>4945.396576</timestamp>
			</report>
			<report>
				<misses>200800001</misses>
				<total>0</total>
				<timestamp>4947.870074</timestamp>
			</report>
			<report>
				<misses>200900001</misses>
				<total>0</total>
				<timestamp>4950.342750</timestamp>
			</report>
			<report>
				<misses>201000001</misses>
				<total>0</total>
				<timestamp>4952.807359</timestamp>
			</report>
			<report>
				<misses>201100001</misses>
				<total>0</total>
				<timestamp>4955.282708</timestamp>
			</report>
			<report>
				<misses>201200001</misses>
				<total>0</total>
				<timestamp>4957.753726</timestamp>
			</report>
			<report>
				<misses>201300001</misses>
				<total>0</total>
				<timestamp>4960.215718</timestamp>
			</report>
			<report>
				<misses>201400001</misses>
				<total>0</total>
				<timestamp>4962.676563</timestamp>
			</report>
			<report>
				<misses>201500001</misses>
				<total>0</total>
				<timestamp>4965.141028</timestamp>
			</report>
			<report>
				<misses>201600001</misses>
				<total>0</total>
				<timestamp>4967.599509</timestamp>
			</report>
			<report>
				<misses>201700001</misses>
				<total>0</total>
				<timestamp>4970.064732</timestamp>
			</report>
			<report>
				<misses>201800001</misses>
				<total>0</total>
				<timestamp>4972.535853</timestamp>
			</report>
			<report>
				<misses>201900001</misses>
				<total>0</total>
				<timestamp>4975.013595</timestamp>
			</report>
			<report>
				<misses>202000001</misses>
				<total>0</total>
				<timestamp>4977.491553</timestamp>
			</report>
			<report>
				<misses>202100001</misses>
				<total>0</total>
				<timestamp>4979.956951</timestamp>
			</report>
			<report>
				<misses>202200001</misses>
				<total>0</total>
				<timestamp>4982.428793</timestamp>
			</report>
			<report>
				<misses>202300001</misses>
				<total>0</total>
				<timestamp>4984.896177</timestamp>
			</report>
			<report>
				<misses>202400001</misses>
				<total>0</total>
				<timestamp>4987.360882</timestamp>
			</report>
			<report>
				<misses>202500001</misses>
				<total>0</total>
				<timestamp>4989.826794</timestamp>
			</report>
			<report>
				<misses>202600001</misses>
				<total>0</total>
				<timestamp>4992.282450</timestamp>
			</report>
			<report>
				<misses>202700001</misses>
				<total>0</total>
				<timestamp>4994.736599</timestamp>
			</report>
			<report>
				<misses>202800001</misses>
				<total>0</total>
				<timestamp>4997.196815</timestamp>
			</report>
			<report>
				<misses>202900001</misses>
				<total>0</total>
				<timestamp>4999.651419</timestamp>
			</report>
			<report>
				<misses>203000001</misses>
				<total>0</total>
				<timestamp>5002.120222</timestamp>
			</report>
			<report>
				<misses>203100001</misses>
				<total>0</total>
				<timestamp>5004.586963</timestamp>
			</report>
			<report>
				<misses>203200001</misses>
				<total>0</total>
				<timestamp>5007.049507</timestamp>
			</report>
			<report>
				<misses>203300001</misses>
				<total>0</total>
				<timestamp>5009.502296</timestamp>
			</report>
			<report>
				<misses>203400001</misses>
				<total>0</total>
				<timestamp>5011.952217</timestamp>
			</report>
			<report>
				<misses>203500001</misses>
				<total>0</total>
				<timestamp>5014.408004</timestamp>
			</report>
			<report>
				<misses>203600001</misses>
				<total>0</total>
				<timestamp>5016.869674</timestamp>
			</report>
			<report>
				<misses>203700001</misses>
				<total>0</total>
				<timestamp>5019.336297</timestamp>
			</report>
			<report>
				<misses>203800001</misses>
				<total>0</total>
				<timestamp>5021.796636</timestamp>
			</report>
			<report>
				<misses>203900001</misses>
				<total>0</total>
				<timestamp>5024.259134</timestamp>
			</report>
			<report>
				<misses>204000001</misses>
				<total>0</total>
				<timestamp>5026.718784</timestamp>
			</report>
			<report>
				<misses>204100001</misses>
				<total>0</total>
				<timestamp>5029.184432</timestamp>
			</report>
			<report>
				<misses>204200001</misses>
				<total>0</total>
				<timestamp>5031.637114</timestamp>
			</report>
			<report>
				<misses>204300001</misses>
				<total>0</total>
				<timestamp>5034.096194</timestamp>
			</report>
			<report>
				<misses>204400001</misses>
				<total>0</total>
				<timestamp>5036.554430</timestamp>
			</report>
			<report>
				<misses>204500001</misses>
				<total>0</total>
				<timestamp>5039.017010</timestamp>
			</report>
			<report>
				<misses>204600001</misses>
				<total>0</total>
				<timestamp>5041.488203</timestamp>
			</report>
			<report>
				<misses>204700001</misses>
				<total>0</total>
				<timestamp>5043.948324</timestamp>
			</report>
			<report>
				<misses>204800001</misses>
				<total>0</total>
				<timestamp>5046.415504</timestamp>
			</report>
			<report>
				<misses>204900001</misses>
				<total>0</total>
				<timestamp>5048.874690</timestamp>
			</report>
			<report>
				<misses>205000001</misses>
				<total>0</total>
				<timestamp>5051.338990</timestamp>
			</report>
			<report>
				<misses>205100001</misses>
				<total>0</total>
				<timestamp>5053.802679</timestamp>
			</report>
			<report>
				<misses>205200001</misses>
				<total>0</total>
				<timestamp>5056.267755</timestamp>
			</report>
			<report>
				<misses>205300001</misses>
				<total>0</total>
				<timestamp>5058.727165</timestamp>
			</report>
			<report>
				<misses>205400001</misses>
				<total>0</total>
				<timestamp>5061.191592</timestamp>
			</report>
			<report>
				<misses>205500001</misses>
				<total>0</total>
				<timestamp>5063.650971</timestamp>
			</report>
			<report>
				<misses>205600001</misses>
				<total>0</total>
				<timestamp>5066.109225</timestamp>
			</report>
			<report>
				<misses>205700001</misses>
				<total>0</total>
				<timestamp>5068.572981</timestamp>
			</report>
			<report>
				<misses>205800001</misses>
				<total>0</total>
				<timestamp>5071.025558</timestamp>
			</report>
			<report>
				<misses>205900001</misses>
				<total>0</total>
				<timestamp>5073.478362</timestamp>
			</report>
			<report>
				<misses>206000001</misses>
				<total>0</total>
				<timestamp>5075.940857</timestamp>
			</report>
			<report>
				<misses>206100001</misses>
				<total>0</total>
				<timestamp>5078.400225</timestamp>
			</report>
			<report>
				<misses>206200001</misses>
				<total>0</total>
				<timestamp>5080.866518</timestamp>
			</report>
			<report>
				<misses>206300001</misses>
				<total>0</total>
				<timestamp>5083.331886</timestamp>
			</report>
			<report>
				<misses>206400001</misses>
				<total>0</total>
				<timestamp>5085.789679</timestamp>
			</report>
			<report>
				<misses>206500001</misses>
				<total>0</total>
				<timestamp>5088.246762</timestamp>
			</report>
			<report>
				<misses>206600001</misses>
				<total>0</total>
				<timestamp>5090.711915</timestamp>
			</report>
			<report>
				<misses>206700001</misses>
				<total>0</total>
				<timestamp>5093.173569</timestamp>
			</report>
			<report>
				<misses>206800001</misses>
				<total>0</total>
				<timestamp>5095.636510</timestamp>
			</report>
			<report>
				<misses>206900001</misses>
				<total>0</total>
				<timestamp>5098.084645</timestamp>
			</report>
			<report>
				<misses>207000001</misses>
				<total>0</total>
				<timestamp>5100.544493</timestamp>
			</report>
			<report>
				<misses>207100001</misses>
				<total>0</total>
				<timestamp>5103.008937</timestamp>
			</report>
			<report>
				<misses>207200001</misses>
				<total>0</total>
				<timestamp>5105.466887</timestamp>
			</report>
			<report>
				<misses>207300001</misses>
				<total>0</total>
				<timestamp>5107.926668</timestamp>
			</report>
			<report>
				<misses>207400001</misses>
				<total>0</total>
				<timestamp>5110.389842</timestamp>
			</report>
			<report>
				<misses>207500001</misses>
				<total>0</total>
				<timestamp>5112.852271</timestamp>
			</report>
			<report>
				<misses>207600001</misses>
				<total>0</total>
				<timestamp>5115.308008</timestamp>
			</report>
			<report>
				<misses>207700001</misses>
				<total>0</total>
				<timestamp>5117.768064</timestamp>
			</report>
			<report>
				<misses>207800001</misses>
				<total>0</total>
				<timestamp>5120.232873</timestamp>
			</report>
			<report>
				<misses>207900001</misses>
				<total>0</total>
				<timestamp>5122.698322</timestamp>
			</report>
			<report>
				<misses>208000001</misses>
				<total>0</total>
				<timestamp>5125.168637</timestamp>
			</report>
			<report>
				<misses>208100001</misses>
				<total>0</total>
				<timestamp>5127.631998</timestamp>
			</report>
			<report>
				<misses>208200001</misses>
				<total>0</total>
				<timestamp>5130.088655</timestamp>
			</report>
			<report>
				<misses>208300001</misses>
				<total>0</total>
				<timestamp>5132.556835</timestamp>
			</report>
			<report>
				<misses>208400001</misses>
				<total>0</total>
				<timestamp>5135.025385</timestamp>
			</report>
			<report>
				<misses>208500001</misses>
				<total>0</total>
				<timestamp>5137.483512</timestamp>
			</report>
			<report>
				<misses>208600001</misses>
				<total>0</total>
				<timestamp>5139.949647</timestamp>
			</report>
			<report>
				<misses>208700001</misses>
				<total>0</total>
				<timestamp>5142.402948</timestamp>
			</report>
			<report>
				<misses>208800001</misses>
				<total>0</total>
				<timestamp>5144.854930</timestamp>
			</report>
			<report>
				<misses>208900001</misses>
				<total>0</total>
				<timestamp>5147.317723</timestamp>
			</report>
			<report>
				<misses>209000001</misses>
				<total>0</total>
				<timestamp>5149.786045</timestamp>
			</report>
			<report>
				<misses>209100001</misses>
				<total>0</total>
				<timestamp>5152.234947</timestamp>
			</report>
			<report>
				<misses>209200001</misses>
				<total>0</total>
				<timestamp>5154.693309</timestamp>
			</report>
			<report>
				<misses>209300001</misses>
				<total>0</total>
				<timestamp>5157.153071</timestamp>
			</report>
			<report>
				<misses>209400001</misses>
				<total>0</total>
				<timestamp>5159.624494</timestamp>
			</report>
			<report>
				<misses>209500001</misses>
				<total>0</total>
				<timestamp>5162.091724</timestamp>
			</report>
			<report>
				<misses>209600001</misses>
				<total>0</total>
				<timestamp>5164.562867</timestamp>
			</report>
			<report>
				<misses>209700001</misses>
				<total>0</total>
				<timestamp>5167.027723</timestamp>
			</report>
			<report>
				<misses>209800001</misses>
				<total>0</total>
				<timestamp>5169.493084</timestamp>
			</report>
			<report>
				<misses>209900001</misses>
				<total>0</total>
				<timestamp>5171.964888</timestamp>
			</report>
			<report>
				<misses>210000001</misses>
				<total>0</total>
				<timestamp>5174.430070</timestamp>
			</report>
			<report>
				<misses>210100001</misses>
				<total>0</total>
				<timestamp>5176.887655</timestamp>
			</report>
			<report>
				<misses>210200001</misses>
				<total>0</total>
				<timestamp>5179.347861</timestamp>
			</report>
			<report>
				<misses>210300001</misses>
				<total>0</total>
				<timestamp>5181.811946</timestamp>
			</report>
			<report>
				<misses>210400001</misses>
				<total>0</total>
				<timestamp>5184.285303</timestamp>
			</report>
			<report>
				<misses>210500001</misses>
				<total>0</total>
				<timestamp>5186.765647</timestamp>
			</report>
			<report>
				<misses>210600001</misses>
				<total>0</total>
				<timestamp>5189.235749</timestamp>
			</report>
			<report>
				<misses>210700001</misses>
				<total>0</total>
				<timestamp>5191.701122</timestamp>
			</report>
			<report>
				<misses>210800001</misses>
				<total>0</total>
				<timestamp>5194.161036</timestamp>
			</report>
			<report>
				<misses>210900001</misses>
				<total>0</total>
				<timestamp>5196.621697</timestamp>
			</report>
			<report>
				<misses>211000001</misses>
				<total>0</total>
				<timestamp>5199.093524</timestamp>
			</report>
			<report>
				<misses>211100001</misses>
				<total>0</total>
				<timestamp>5201.554186</timestamp>
			</report>
			<report>
				<misses>211200001</misses>
				<total>0</total>
				<timestamp>5204.013101</timestamp>
			</report>
			<report>
				<misses>211300001</misses>
				<total>0</total>
				<timestamp>5206.488601</timestamp>
			</report>
			<report>
				<misses>211400001</misses>
				<total>0</total>
				<timestamp>5208.948792</timestamp>
			</report>
			<report>
				<misses>211500001</misses>
				<total>0</total>
				<timestamp>5211.416885</timestamp>
			</report>
			<report>
				<misses>211600001</misses>
				<total>0</total>
				<timestamp>5213.878654</timestamp>
			</report>
			<report>
				<misses>211700001</misses>
				<total>0</total>
				<timestamp>5216.362238</timestamp>
			</report>
			<report>
				<misses>211800001</misses>
				<total>0</total>
				<timestamp>5218.830444</timestamp>
			</report>
			<report>
				<misses>211900001</misses>
				<total>0</total>
				<timestamp>5221.295832</timestamp>
			</report>
			<report>
				<misses>212000001</misses>
				<total>0</total>
				<timestamp>5223.762891</timestamp>
			</report>
			<report>
				<misses>212100001</misses>
				<total>0</total>
				<timestamp>5226.230190</timestamp>
			</report>
			<report>
				<misses>212200001</misses>
				<total>0</total>
				<timestamp>5228.707519</timestamp>
			</report>
			<report>
				<misses>212300001</misses>
				<total>0</total>
				<timestamp>5231.179127</timestamp>
			</report>
			<report>
				<misses>212400001</misses>
				<total>0</total>
				<timestamp>5233.644813</timestamp>
			</report>
			<report>
				<misses>212500001</misses>
				<total>0</total>
				<timestamp>5236.110605</timestamp>
			</report>
			<report>
				<misses>212600001</misses>
				<total>0</total>
				<timestamp>5238.581089</timestamp>
			</report>
			<report>
				<misses>212700001</misses>
				<total>0</total>
				<timestamp>5241.062984</timestamp>
			</report>
			<report>
				<misses>212800001</misses>
				<total>0</total>
				<timestamp>5243.542687</timestamp>
			</report>
			<report>
				<misses>212900001</misses>
				<total>0</total>
				<timestamp>5246.019731</timestamp>
			</report>
			<report>
				<misses>213000001</misses>
				<total>0</total>
				<timestamp>5248.485186</timestamp>
			</report>
			<report>
				<misses>213100001</misses>
				<total>0</total>
				<timestamp>5250.954825</timestamp>
			</report>
			<report>
				<misses>213200001</misses>
				<total>0</total>
				<timestamp>5253.426294</timestamp>
			</report>
			<report>
				<misses>213300001</misses>
				<total>0</total>
				<timestamp>5255.892304</timestamp>
			</report>
			<report>
				<misses>213400001</misses>
				<total>0</total>
				<timestamp>5258.362763</timestamp>
			</report>
			<report>
				<misses>213500001</misses>
				<total>0</total>
				<timestamp>5260.840689</timestamp>
			</report>
			<report>
				<misses>213600001</misses>
				<total>0</total>
				<timestamp>5263.316485</timestamp>
			</report>
			<report>
				<misses>213700001</misses>
				<total>0</total>
				<timestamp>5265.784572</timestamp>
			</report>
			<report>
				<misses>213800001</misses>
				<total>0</total>
				<timestamp>5268.244987</timestamp>
			</report>
			<report>
				<misses>213900001</misses>
				<total>0</total>
				<timestamp>5270.717010</timestamp>
			</report>
			<report>
				<misses>214000001</misses>
				<total>0</total>
				<timestamp>5273.188383</timestamp>
			</report>
			<report>
				<misses>214100001</misses>
				<total>0</total>
				<timestamp>5275.663070</timestamp>
			</report>
			<report>
				<misses>214200001</misses>
				<total>0</total>
				<timestamp>5278.142426</timestamp>
			</report>
			<report>
				<misses>214300001</misses>
				<total>0</total>
				<timestamp>5280.622454</timestamp>
			</report>
			<report>
				<misses>214400001</misses>
				<total>0</total>
				<timestamp>5283.098262</timestamp>
			</report>
			<report>
				<misses>214500001</misses>
				<total>0</total>
				<timestamp>5285.574051</timestamp>
			</report>
			<report>
				<misses>214600001</misses>
				<total>0</total>
				<timestamp>5288.056130</timestamp>
			</report>
			<report>
				<misses>214700001</misses>
				<total>0</total>
				<timestamp>5290.532482</timestamp>
			</report>
			<report>
				<misses>214800001</misses>
				<total>0</total>
				<timestamp>5293.001317</timestamp>
			</report>
			<report>
				<misses>214900001</misses>
				<total>0</total>
				<timestamp>5295.460035</timestamp>
			</report>
			<report>
				<misses>215000001</misses>
				<total>0</total>
				<timestamp>5297.910323</timestamp>
			</report>
			<report>
				<misses>215100001</misses>
				<total>0</total>
				<timestamp>5300.369918</timestamp>
			</report>
			<report>
				<misses>215200001</misses>
				<total>0</total>
				<timestamp>5302.832026</timestamp>
			</report>
			<report>
				<misses>215300001</misses>
				<total>0</total>
				<timestamp>5305.293080</timestamp>
			</report>
			<report>
				<misses>215400001</misses>
				<total>0</total>
				<timestamp>5307.758653</timestamp>
			</report>
			<report>
				<misses>215500001</misses>
				<total>0</total>
				<timestamp>5310.219357</timestamp>
			</report>
			<report>
				<misses>215600001</misses>
				<total>0</total>
				<timestamp>5312.680583</timestamp>
			</report>
			<report>
				<misses>215700001</misses>
				<total>0</total>
				<timestamp>5315.142195</timestamp>
			</report>
			<report>
				<misses>215800001</misses>
				<total>0</total>
				<timestamp>5317.594576</timestamp>
			</report>
			<report>
				<misses>215900001</misses>
				<total>0</total>
				<timestamp>5320.064538</timestamp>
			</report>
			<report>
				<misses>216000001</misses>
				<total>0</total>
				<timestamp>5322.532516</timestamp>
			</report>
			<report>
				<misses>216100001</misses>
				<total>0</total>
				<timestamp>5325.006659</timestamp>
			</report>
			<report>
				<misses>216200001</misses>
				<total>0</total>
				<timestamp>5327.469164</timestamp>
			</report>
			<report>
				<misses>216300001</misses>
				<total>0</total>
				<timestamp>5329.932813</timestamp>
			</report>
			<report>
				<misses>216400001</misses>
				<total>0</total>
				<timestamp>5332.402364</timestamp>
			</report>
			<report>
				<misses>216500001</misses>
				<total>0</total>
				<timestamp>5334.865745</timestamp>
			</report>
			<report>
				<misses>216600001</misses>
				<total>0</total>
				<timestamp>5337.334449</timestamp>
			</report>
			<report>
				<misses>216700001</misses>
				<total>0</total>
				<timestamp>5339.793331</timestamp>
			</report>
			<report>
				<misses>216800001</misses>
				<total>0</total>
				<timestamp>5342.257742</timestamp>
			</report>
			<report>
				<misses>216900001</misses>
				<total>0</total>
				<timestamp>5344.720242</timestamp>
			</report>
			<report>
				<misses>217000001</misses>
				<total>0</total>
				<timestamp>5347.183869</timestamp>
			</report>
			<report>
				<misses>217100001</misses>
				<total>0</total>
				<timestamp>5349.651146</timestamp>
			</report>
			<report>
				<misses>217200001</misses>
				<total>0</total>
				<timestamp>5352.119496</timestamp>
			</report>
			<report>
				<misses>217300001</misses>
				<total>0</total>
				<timestamp>5354.580753</timestamp>
			</report>
			<report>
				<misses>217400001</misses>
				<total>0</total>
				<timestamp>5357.039814</timestamp>
			</report>
			<report>
				<misses>217500001</misses>
				<total>0</total>
				<timestamp>5359.506135</timestamp>
			</report>
			<report>
				<misses>217600001</misses>
				<total>0</total>
				<timestamp>5361.971273</timestamp>
			</report>
			<report>
				<misses>217700001</misses>
				<total>0</total>
				<timestamp>5364.443168</timestamp>
			</report>
			<report>
				<misses>217800001</misses>
				<total>0</total>
				<timestamp>5366.910544</timestamp>
			</report>
			<report>
				<misses>217900001</misses>
				<total>0</total>
				<timestamp>5369.374506</timestamp>
			</report>
			<report>
				<misses>218000001</misses>
				<total>0</total>
				<timestamp>5371.838420</timestamp>
			</report>
			<report>
				<misses>218100001</misses>
				<total>0</total>
				<timestamp>5374.307022</timestamp>
			</report>
			<report>
				<misses>218200001</misses>
				<total>0</total>
				<timestamp>5376.775312</timestamp>
			</report>
			<report>
				<misses>218300001</misses>
				<total>0</total>
				<timestamp>5379.231785</timestamp>
			</report>
			<report>
				<misses>218400001</misses>
				<total>0</total>
				<timestamp>5381.694457</timestamp>
			</report>
			<report>
				<misses>218500001</misses>
				<total>0</total>
				<timestamp>5384.158871</timestamp>
			</report>
			<report>
				<misses>218600001</misses>
				<total>0</total>
				<timestamp>5386.636531</timestamp>
			</report>
			<report>
				<misses>218700001</misses>
				<total>0</total>
				<timestamp>5389.108310</timestamp>
			</report>
			<report>
				<misses>218800001</misses>
				<total>0</total>
				<timestamp>5391.573388</timestamp>
			</report>
			<report>
				<misses>218900001</misses>
				<total>0</total>
				<timestamp>5394.037153</timestamp>
			</report>
			<report>
				<misses>219000001</misses>
				<total>0</total>
				<timestamp>5396.509050</timestamp>
			</report>
			<report>
				<misses>219100001</misses>
				<total>0</total>
				<timestamp>5398.974354</timestamp>
			</report>
			<report>
				<misses>219200001</misses>
				<total>0</total>
				<timestamp>5401.448578</timestamp>
			</report>
			<report>
				<misses>219300001</misses>
				<total>0</total>
				<timestamp>5403.920846</timestamp>
			</report>
			<report>
				<misses>219400001</misses>
				<total>0</total>
				<timestamp>5406.393058</timestamp>
			</report>
			<report>
				<misses>219500001</misses>
				<total>0</total>
				<timestamp>5408.861949</timestamp>
			</report>
			<report>
				<misses>219600001</misses>
				<total>0</total>
				<timestamp>5411.327482</timestamp>
			</report>
			<report>
				<misses>219700001</misses>
				<total>0</total>
				<timestamp>5413.798946</timestamp>
			</report>
			<report>
				<misses>219800001</misses>
				<total>0</total>
				<timestamp>5416.263832</timestamp>
			</report>
			<report>
				<misses>219900001</misses>
				<total>0</total>
				<timestamp>5418.727870</timestamp>
			</report>
			<report>
				<misses>220000001</misses>
				<total>0</total>
				<timestamp>5421.203926</timestamp>
			</report>
			<report>
				<misses>220100001</misses>
				<total>0</total>
				<timestamp>5423.666905</timestamp>
			</report>
			<report>
				<misses>220200001</misses>
				<total>0</total>
				<timestamp>5426.137299</timestamp>
			</report>
			<report>
				<misses>220300001</misses>
				<total>0</total>
				<timestamp>5428.605819</timestamp>
			</report>
			<report>
				<misses>220400001</misses>
				<total>0</total>
				<timestamp>5431.070514</timestamp>
			</report>
			<report>
				<misses>220500001</misses>
				<total>0</total>
				<timestamp>5433.541773</timestamp>
			</report>
			<report>
				<misses>220600001</misses>
				<total>0</total>
				<timestamp>5436.006120</timestamp>
			</report>
			<report>
				<misses>220700001</misses>
				<total>0</total>
				<timestamp>5438.470480</timestamp>
			</report>
			<report>
				<misses>220800001</misses>
				<total>0</total>
				<timestamp>5440.949226</timestamp>
			</report>
			<report>
				<misses>220900001</misses>
				<total>0</total>
				<timestamp>5443.432445</timestamp>
			</report>
			<report>
				<misses>221000001</misses>
				<total>0</total>
				<timestamp>5445.900840</timestamp>
			</report>
			<report>
				<misses>221100001</misses>
				<total>0</total>
				<timestamp>5448.367739</timestamp>
			</report>
			<report>
				<misses>221200001</misses>
				<total>0</total>
				<timestamp>5450.834739</timestamp>
			</report>
			<report>
				<misses>221300001</misses>
				<total>0</total>
				<timestamp>5453.304151</timestamp>
			</report>
			<report>
				<misses>221400001</misses>
				<total>0</total>
				<timestamp>5455.766975</timestamp>
			</report>
			<report>
				<misses>221500001</misses>
				<total>0</total>
				<timestamp>5458.235752</timestamp>
			</report>
			<report>
				<misses>221600001</misses>
				<total>0</total>
				<timestamp>5460.701700</timestamp>
			</report>
			<report>
				<misses>221700001</misses>
				<total>0</total>
				<timestamp>5463.168237</timestamp>
			</report>
			<report>
				<misses>221800001</misses>
				<total>0</total>
				<timestamp>5465.637324</timestamp>
			</report>
			<report>
				<misses>221900001</misses>
				<total>0</total>
				<timestamp>5468.103518</timestamp>
			</report>
			<report>
				<misses>222000001</misses>
				<total>0</total>
				<timestamp>5470.579851</timestamp>
			</report>
			<report>
				<misses>222100001</misses>
				<total>0</total>
				<timestamp>5473.044008</timestamp>
			</report>
			<report>
				<misses>222200001</misses>
				<total>0</total>
				<timestamp>5475.517080</timestamp>
			</report>
			<report>
				<misses>222300001</misses>
				<total>0</total>
				<timestamp>5477.976000</timestamp>
			</report>
			<report>
				<misses>222400001</misses>
				<total>0</total>
				<timestamp>5480.437973</timestamp>
			</report>
			<report>
				<misses>222500001</misses>
				<total>0</total>
				<timestamp>5482.916468</timestamp>
			</report>
			<report>
				<misses>222600001</misses>
				<total>0</total>
				<timestamp>5485.394802</timestamp>
			</report>
			<report>
				<misses>222700001</misses>
				<total>0</total>
				<timestamp>5487.876619</timestamp>
			</report>
			<report>
				<misses>222800001</misses>
				<total>0</total>
				<timestamp>5490.353830</timestamp>
			</report>
			<report>
				<misses>222900001</misses>
				<total>0</total>
				<timestamp>5492.828236</timestamp>
			</report>
			<report>
				<misses>223000001</misses>
				<total>0</total>
				<timestamp>5495.295271</timestamp>
			</report>
			<report>
				<misses>223100001</misses>
				<total>0</total>
				<timestamp>5497.772404</timestamp>
			</report>
			<report>
				<misses>223200001</misses>
				<total>0</total>
				<timestamp>5500.254255</timestamp>
			</report>
			<report>
				<misses>223300001</misses>
				<total>0</total>
				<timestamp>5502.729214</timestamp>
			</report>
			<report>
				<misses>223400001</misses>
				<total>0</total>
				<timestamp>5505.197091</timestamp>
			</report>
			<report>
				<misses>223500001</misses>
				<total>0</total>
				<timestamp>5507.671066</timestamp>
			</report>
			<report>
				<misses>223600001</misses>
				<total>0</total>
				<timestamp>5510.140497</timestamp>
			</report>
			<report>
				<misses>223700001</misses>
				<total>0</total>
				<timestamp>5512.611275</timestamp>
			</report>
			<report>
				<misses>223800001</misses>
				<total>0</total>
				<timestamp>5515.092830</timestamp>
			</report>
			<report>
				<misses>223900001</misses>
				<total>0</total>
				<timestamp>5517.570020</timestamp>
			</report>
			<report>
				<misses>224000001</misses>
				<total>0</total>
				<timestamp>5520.040195</timestamp>
			</report>
			<report>
				<misses>224100001</misses>
				<total>0</total>
				<timestamp>5522.509182</timestamp>
			</report>
			<report>
				<misses>224200001</misses>
				<total>0</total>
				<timestamp>5524.990473</timestamp>
			</report>
			<report>
				<misses>224300001</misses>
				<total>0</total>
				<timestamp>5527.464505</timestamp>
			</report>
			<report>
				<misses>224400001</misses>
				<total>0</total>
				<timestamp>5529.945511</timestamp>
			</report>
			<report>
				<misses>224500001</misses>
				<total>0</total>
				<timestamp>5532.418673</timestamp>
			</report>
			<report>
				<misses>224600001</misses>
				<total>0</total>
				<timestamp>5534.902236</timestamp>
			</report>
			<report>
				<misses>224700001</misses>
				<total>0</total>
				<timestamp>5537.375299</timestamp>
			</report>
			<report>
				<misses>224800001</misses>
				<total>0</total>
				<timestamp>5539.841046</timestamp>
			</report>
			<report>
				<misses>224900001</misses>
				<total>0</total>
				<timestamp>5542.314416</timestamp>
			</report>
			<report>
				<misses>225000001</misses>
				<total>0</total>
				<timestamp>5544.776613</timestamp>
			</report>
			<report>
				<misses>225100001</misses>
				<total>0</total>
				<timestamp>5547.250251</timestamp>
			</report>
			<report>
				<misses>225200001</misses>
				<total>0</total>
				<timestamp>5549.721166</timestamp>
			</report>
			<report>
				<misses>225300001</misses>
				<total>0</total>
				<timestamp>5552.196967</timestamp>
			</report>
			<report>
				<misses>225400001</misses>
				<total>0</total>
				<timestamp>5554.671422</timestamp>
			</report>
			<report>
				<misses>225500001</misses>
				<total>0</total>
				<timestamp>5557.134851</timestamp>
			</report>
			<report>
				<misses>225600001</misses>
				<total>0</total>
				<timestamp>5559.599773</timestamp>
			</report>
			<report>
				<misses>225700001</misses>
				<total>0</total>
				<timestamp>5562.063550</timestamp>
			</report>
			<report>
				<misses>225800001</misses>
				<total>0</total>
				<timestamp>5564.533724</timestamp>
			</report>
			<report>
				<misses>225900001</misses>
				<total>0</total>
				<timestamp>5567.003721</timestamp>
			</report>
			<report>
				<misses>226000001</misses>
				<total>0</total>
				<timestamp>5569.475082</timestamp>
			</report>
			<report>
				<misses>226100001</misses>
				<total>0</total>
				<timestamp>5571.947791</timestamp>
			</report>
			<report>
				<misses>226200001</misses>
				<total>0</total>
				<timestamp>5574.416869</timestamp>
			</report>
			<report>
				<misses>226300001</misses>
				<total>0</total>
				<timestamp>5576.889385</timestamp>
			</report>
			<report>
				<misses>226400001</misses>
				<total>0</total>
				<timestamp>5579.362149</timestamp>
			</report>
			<report>
				<misses>226500001</misses>
				<total>0</total>
				<timestamp>5581.827802</timestamp>
			</report>
			<report>
				<misses>226600001</misses>
				<total>0</total>
				<timestamp>5584.299095</timestamp>
			</report>
			<report>
				<misses>226700001</misses>
				<total>0</total>
				<timestamp>5586.781746</timestamp>
			</report>
			<report>
				<misses>226800001</misses>
				<total>0</total>
				<timestamp>5589.261930</timestamp>
			</report>
			<report>
				<misses>226900001</misses>
				<total>0</total>
				<timestamp>5591.741641</timestamp>
			</report>
			<report>
				<misses>227000001</misses>
				<total>0</total>
				<timestamp>5594.214569</timestamp>
			</report>
			<report>
				<misses>227100001</misses>
				<total>0</total>
				<timestamp>5596.688006</timestamp>
			</report>
			<report>
				<misses>227200001</misses>
				<total>0</total>
				<timestamp>5599.161474</timestamp>
			</report>
			<report>
				<misses>227300001</misses>
				<total>0</total>
				<timestamp>5601.641047</timestamp>
			</report>
			<report>
				<misses>227400001</misses>
				<total>0</total>
				<timestamp>5604.122927</timestamp>
			</report>
			<report>
				<misses>227500001</misses>
				<total>0</total>
				<timestamp>5606.591702</timestamp>
			</report>
			<report>
				<misses>227600001</misses>
				<total>0</total>
				<timestamp>5609.069450</timestamp>
			</report>
			<report>
				<misses>227700001</misses>
				<total>0</total>
				<timestamp>5611.544011</timestamp>
			</report>
			<report>
				<misses>227800001</misses>
				<total>0</total>
				<timestamp>5614.009584</timestamp>
			</report>
			<report>
				<misses>227900001</misses>
				<total>0</total>
				<timestamp>5616.477245</timestamp>
			</report>
			<report>
				<misses>228000001</misses>
				<total>0</total>
				<timestamp>5618.945951</timestamp>
			</report>
			<report>
				<misses>228100001</misses>
				<total>0</total>
				<timestamp>5621.419786</timestamp>
			</report>
			<report>
				<misses>228200001</misses>
				<total>0</total>
				<timestamp>5623.894758</timestamp>
			</report>
			<report>
				<misses>228300001</misses>
				<total>0</total>
				<timestamp>5626.366995</timestamp>
			</report>
			<report>
				<misses>228400001</misses>
				<total>0</total>
				<timestamp>5628.842230</timestamp>
			</report>
			<report>
				<misses>228500001</misses>
				<total>0</total>
				<timestamp>5631.322476</timestamp>
			</report>
			<report>
				<misses>228600001</misses>
				<total>0</total>
				<timestamp>5633.796478</timestamp>
			</report>
			<report>
				<misses>228700001</misses>
				<total>0</total>
				<timestamp>5636.271069</timestamp>
			</report>
			<report>
				<misses>228800001</misses>
				<total>0</total>
				<timestamp>5638.748920</timestamp>
			</report>
			<report>
				<misses>228900001</misses>
				<total>0</total>
				<timestamp>5641.226625</timestamp>
			</report>
			<report>
				<misses>229000001</misses>
				<total>0</total>
				<timestamp>5643.706826</timestamp>
			</report>
			<report>
				<misses>229100001</misses>
				<total>0</total>
				<timestamp>5646.187789</timestamp>
			</report>
			<report>
				<misses>229200001</misses>
				<total>0</total>
				<timestamp>5648.666097</timestamp>
			</report>
			<report>
				<misses>229300001</misses>
				<total>0</total>
				<timestamp>5651.151017</timestamp>
			</report>
			<report>
				<misses>229400001</misses>
				<total>0</total>
				<timestamp>5653.625244</timestamp>
			</report>
			<report>
				<misses>229500001</misses>
				<total>0</total>
				<timestamp>5656.097689</timestamp>
			</report>
			<report>
				<misses>229600001</misses>
				<total>0</total>
				<timestamp>5658.571084</timestamp>
			</report>
			<report>
				<misses>229700001</misses>
				<total>0</total>
				<timestamp>5661.037328</timestamp>
			</report>
			<report>
				<misses>229800001</misses>
				<total>0</total>
				<timestamp>5663.509517</timestamp>
			</report>
			<report>
				<misses>229900001</misses>
				<total>0</total>
				<timestamp>5665.980934</timestamp>
			</report>
			<report>
				<misses>230000001</misses>
				<total>0</total>
				<timestamp>5668.455974</timestamp>
			</report>
			<report>
				<misses>230100001</misses>
				<total>0</total>
				<timestamp>5670.935415</timestamp>
			</report>
			<report>
				<misses>230200001</misses>
				<total>0</total>
				<timestamp>5673.407030</timestamp>
			</report>
			<report>
				<misses>230300001</misses>
				<total>0</total>
				<timestamp>5675.877731</timestamp>
			</report>
			<report>
				<misses>230400001</misses>
				<total>0</total>
				<timestamp>5678.355614</timestamp>
			</report>
			<report>
				<misses>230500001</misses>
				<total>0</total>
				<timestamp>5680.826674</timestamp>
			</report>
			<report>
				<misses>230600001</misses>
				<total>0</total>
				<timestamp>5683.305421</timestamp>
			</report>
			<report>
				<misses>230700001</misses>
				<total>0</total>
				<timestamp>5685.779450</timestamp>
			</report>
			<report>
				<misses>230800001</misses>
				<total>0</total>
				<timestamp>5688.251992</timestamp>
			</report>
			<report>
				<misses>230900001</misses>
				<total>0</total>
				<timestamp>5690.732248</timestamp>
			</report>
			<report>
				<misses>231000001</misses>
				<total>0</total>
				<timestamp>5693.211408</timestamp>
			</report>
			<report>
				<misses>231100001</misses>
				<total>0</total>
				<timestamp>5695.693807</timestamp>
			</report>
			<report>
				<misses>231200001</misses>
				<total>0</total>
				<timestamp>5698.174347</timestamp>
			</report>
			<report>
				<misses>231300001</misses>
				<total>0</total>
				<timestamp>5700.652666</timestamp>
			</report>
			<report>
				<misses>231400001</misses>
				<total>0</total>
				<timestamp>5703.121571</timestamp>
			</report>
			<report>
				<misses>231500001</misses>
				<total>0</total>
				<timestamp>5705.597542</timestamp>
			</report>
			<report>
				<misses>231600001</misses>
				<total>0</total>
				<timestamp>5708.067488</timestamp>
			</report>
			<report>
				<misses>231700001</misses>
				<total>0</total>
				<timestamp>5710.542724</timestamp>
			</report>
			<report>
				<misses>231800001</misses>
				<total>0</total>
				<timestamp>5713.014858</timestamp>
			</report>
			<report>
				<misses>231900001</misses>
				<total>0</total>
				<timestamp>5715.485742</timestamp>
			</report>
			<report>
				<misses>232000001</misses>
				<total>0</total>
				<timestamp>5717.958020</timestamp>
			</report>
			<report>
				<misses>232100001</misses>
				<total>0</total>
				<timestamp>5720.438032</timestamp>
			</report>
			<report>
				<misses>232200001</misses>
				<total>0</total>
				<timestamp>5722.909430</timestamp>
			</report>
			<report>
				<misses>232300001</misses>
				<total>0</total>
				<timestamp>5725.374982</timestamp>
			</report>
			<report>
				<misses>232400001</misses>
				<total>0</total>
				<timestamp>5727.847775</timestamp>
			</report>
			<report>
				<misses>232500001</misses>
				<total>0</total>
				<timestamp>5730.329326</timestamp>
			</report>
			<report>
				<misses>232600001</misses>
				<total>0</total>
				<timestamp>5732.795324</timestamp>
			</report>
			<report>
				<misses>232700001</misses>
				<total>0</total>
				<timestamp>5735.262352</timestamp>
			</report>
			<report>
				<misses>232800001</misses>
				<total>0</total>
				<timestamp>5737.730194</timestamp>
			</report>
			<report>
				<misses>232900001</misses>
				<total>0</total>
				<timestamp>5740.199183</timestamp>
			</report>
			<report>
				<misses>233000001</misses>
				<total>0</total>
				<timestamp>5742.662421</timestamp>
			</report>
			<report>
				<misses>233100001</misses>
				<total>0</total>
				<timestamp>5745.128260</timestamp>
			</report>
			<report>
				<misses>233200001</misses>
				<total>0</total>
				<timestamp>5747.600460</timestamp>
			</report>
			<report>
				<misses>233300001</misses>
				<total>0</total>
				<timestamp>5750.077184</timestamp>
			</report>
			<report>
				<misses>233400001</misses>
				<total>0</total>
				<timestamp>5752.541502</timestamp>
			</report>
			<report>
				<misses>233500001</misses>
				<total>0</total>
				<timestamp>5755.020863</timestamp>
			</report>
			<report>
				<misses>233600001</misses>
				<total>0</total>
				<timestamp>5757.490722</timestamp>
			</report>
			<report>
				<misses>233700001</misses>
				<total>0</total>
				<timestamp>5759.972271</timestamp>
			</report>
			<report>
				<misses>233800001</misses>
				<total>0</total>
				<timestamp>5762.439506</timestamp>
			</report>
			<report>
				<misses>233900001</misses>
				<total>0</total>
				<timestamp>5764.914839</timestamp>
			</report>
			<report>
				<misses>234000001</misses>
				<total>0</total>
				<timestamp>5767.392601</timestamp>
			</report>
			<report>
				<misses>234100001</misses>
				<total>0</total>
				<timestamp>5769.859912</timestamp>
			</report>
			<report>
				<misses>234200001</misses>
				<total>0</total>
				<timestamp>5772.329290</timestamp>
			</report>
			<report>
				<misses>234300001</misses>
				<total>0</total>
				<timestamp>5774.796139</timestamp>
			</report>
			<report>
				<misses>234400001</misses>
				<total>0</total>
				<timestamp>5777.258610</timestamp>
			</report>
			<report>
				<misses>234500001</misses>
				<total>0</total>
				<timestamp>5779.724090</timestamp>
			</report>
			<report>
				<misses>234600001</misses>
				<total>0</total>
				<timestamp>5782.189337</timestamp>
			</report>
			<report>
				<misses>234700001</misses>
				<total>0</total>
				<timestamp>5784.655219</timestamp>
			</report>
			<report>
				<misses>234800001</misses>
				<total>0</total>
				<timestamp>5787.122485</timestamp>
			</report>
			<report>
				<misses>234900001</misses>
				<total>0</total>
				<timestamp>5789.594216</timestamp>
			</report>
			<report>
				<misses>235000001</misses>
				<total>0</total>
				<timestamp>5792.060503</timestamp>
			</report>
			<report>
				<misses>235100001</misses>
				<total>0</total>
				<timestamp>5794.531933</timestamp>
			</report>
			<report>
				<misses>235200001</misses>
				<total>0</total>
				<timestamp>5797.005064</timestamp>
			</report>
			<report>
				<misses>235300001</misses>
				<total>0</total>
				<timestamp>5799.477167</timestamp>
			</report>
			<report>
				<misses>235400001</misses>
				<total>0</total>
				<timestamp>5801.956243</timestamp>
			</report>
			<report>
				<misses>235500001</misses>
				<total>0</total>
				<timestamp>5804.427262</timestamp>
			</report>
			<report>
				<misses>235600001</misses>
				<total>0</total>
				<timestamp>5806.892852</timestamp>
			</report>
			<report>
				<misses>235700001</misses>
				<total>0</total>
				<timestamp>5809.358095</timestamp>
			</report>
			<report>
				<misses>235800001</misses>
				<total>0</total>
				<timestamp>5811.817948</timestamp>
			</report>
			<report>
				<misses>235900001</misses>
				<total>0</total>
				<timestamp>5814.291846</timestamp>
			</report>
			<report>
				<misses>236000001</misses>
				<total>0</total>
				<timestamp>5816.760907</timestamp>
			</report>
			<report>
				<misses>236100001</misses>
				<total>0</total>
				<timestamp>5819.233788</timestamp>
			</report>
			<report>
				<misses>236200001</misses>
				<total>0</total>
				<timestamp>5821.707530</timestamp>
			</report>
			<report>
				<misses>236300001</misses>
				<total>0</total>
				<timestamp>5824.170169</timestamp>
			</report>
			<report>
				<misses>236400001</misses>
				<total>0</total>
				<timestamp>5826.646267</timestamp>
			</report>
			<report>
				<misses>236500001</misses>
				<total>0</total>
				<timestamp>5829.115726</timestamp>
			</report>
			<report>
				<misses>236600001</misses>
				<total>0</total>
				<timestamp>5831.582478</timestamp>
			</report>
			<report>
				<misses>236700001</misses>
				<total>0</total>
				<timestamp>5834.053093</timestamp>
			</report>
			<report>
				<misses>236800001</misses>
				<total>0</total>
				<timestamp>5836.517623</timestamp>
			</report>
			<report>
				<misses>236900001</misses>
				<total>0</total>
				<timestamp>5838.986553</timestamp>
			</report>
			<report>
				<misses>237000001</misses>
				<total>0</total>
				<timestamp>5841.460739</timestamp>
			</report>
			<report>
				<misses>237100001</misses>
				<total>0</total>
				<timestamp>5843.939599</timestamp>
			</report>
			<report>
				<misses>237200001</misses>
				<total>0</total>
				<timestamp>5846.398579</timestamp>
			</report>
			<report>
				<misses>237300001</misses>
				<total>0</total>
				<timestamp>5848.870932</timestamp>
			</report>
			<report>
				<misses>237400001</misses>
				<total>0</total>
				<timestamp>5851.344391</timestamp>
			</report>
			<report>
				<misses>237500001</misses>
				<total>0</total>
				<timestamp>5853.815604</timestamp>
			</report>
			<report>
				<misses>237600001</misses>
				<total>0</total>
				<timestamp>5856.296220</timestamp>
			</report>
			<report>
				<misses>237700001</misses>
				<total>0</total>
				<timestamp>5858.763600</timestamp>
			</report>
			<report>
				<misses>237800001</misses>
				<total>0</total>
				<timestamp>5861.228154</timestamp>
			</report>
			<report>
				<misses>237900001</misses>
				<total>0</total>
				<timestamp>5863.690044</timestamp>
			</report>
			<report>
				<misses>238000001</misses>
				<total>0</total>
				<timestamp>5866.154158</timestamp>
			</report>
			<report>
				<misses>238100001</misses>
				<total>0</total>
				<timestamp>5868.624713</timestamp>
			</report>
			<report>
				<misses>238200001</misses>
				<total>0</total>
				<timestamp>5871.095384</timestamp>
			</report>
			<report>
				<misses>238300001</misses>
				<total>0</total>
				<timestamp>5873.576765</timestamp>
			</report>
			<report>
				<misses>238400001</misses>
				<total>0</total>
				<timestamp>5876.050302</timestamp>
			</report>
			<report>
				<misses>238500001</misses>
				<total>0</total>
				<timestamp>5878.523594</timestamp>
			</report>
			<report>
				<misses>238600001</misses>
				<total>0</total>
				<timestamp>5881.001133</timestamp>
			</report>
			<report>
				<misses>238700001</misses>
				<total>0</total>
				<timestamp>5883.467917</timestamp>
			</report>
			<report>
				<misses>238800001</misses>
				<total>0</total>
				<timestamp>5885.939347</timestamp>
			</report>
			<report>
				<misses>238900001</misses>
				<total>0</total>
				<timestamp>5888.406177</timestamp>
			</report>
			<report>
				<misses>239000001</misses>
				<total>0</total>
				<timestamp>5890.875057</timestamp>
			</report>
			<report>
				<misses>239100001</misses>
				<total>0</total>
				<timestamp>5893.347457</timestamp>
			</report>
			<report>
				<misses>239200001</misses>
				<total>0</total>
				<timestamp>5895.825140</timestamp>
			</report>
			<report>
				<misses>239300001</misses>
				<total>0</total>
				<timestamp>5898.292317</timestamp>
			</report>
			<report>
				<misses>239400001</misses>
				<total>0</total>
				<timestamp>5900.764241</timestamp>
			</report>
			<report>
				<misses>239500001</misses>
				<total>0</total>
				<timestamp>5903.233108</timestamp>
			</report>
			<report>
				<misses>239600001</misses>
				<total>0</total>
				<timestamp>5905.703292</timestamp>
			</report>
			<report>
				<misses>239700001</misses>
				<total>0</total>
				<timestamp>5908.175023</timestamp>
			</report>
			<report>
				<misses>239800001</misses>
				<total>0</total>
				<timestamp>5910.651848</timestamp>
			</report>
			<report>
				<misses>239900001</misses>
				<total>0</total>
				<timestamp>5913.124615</timestamp>
			</report>
			<report>
				<misses>240000001</misses>
				<total>0</total>
				<timestamp>5915.601163</timestamp>
			</report>
			<report>
				<misses>240100001</misses>
				<total>0</total>
				<timestamp>5918.069530</timestamp>
			</report>
			<report>
				<misses>240200001</misses>
				<total>0</total>
				<timestamp>5920.545966</timestamp>
			</report>
			<report>
				<misses>240300001</misses>
				<total>0</total>
				<timestamp>5923.011547</timestamp>
			</report>
			<report>
				<misses>240400001</misses>
				<total>0</total>
				<timestamp>5925.484998</timestamp>
			</report>
			<report>
				<misses>240500001</misses>
				<total>0</total>
				<timestamp>5927.955501</timestamp>
			</report>
			<report>
				<misses>240600001</misses>
				<total>0</total>
				<timestamp>5930.425498</timestamp>
			</report>
			<report>
				<misses>240700001</misses>
				<total>0</total>
				<timestamp>5932.895197</timestamp>
			</report>
			<report>
				<misses>240800001</misses>
				<total>0</total>
				<timestamp>5935.383005</timestamp>
			</report>
			<report>
				<misses>240900001</misses>
				<total>0</total>
				<timestamp>5937.864941</timestamp>
			</report>
			<report>
				<misses>241000001</misses>
				<total>0</total>
				<timestamp>5940.340841</timestamp>
			</report>
			<report>
				<misses>241100001</misses>
				<total>0</total>
				<timestamp>5942.813073</timestamp>
			</report>
			<report>
				<misses>241200001</misses>
				<total>0</total>
				<timestamp>5945.282862</timestamp>
			</report>
			<report>
				<misses>241300001</misses>
				<total>0</total>
				<timestamp>5947.755239</timestamp>
			</report>
			<report>
				<misses>241400001</misses>
				<total>0</total>
				<timestamp>5950.233139</timestamp>
			</report>
			<report>
				<misses>241500001</misses>
				<total>0</total>
				<timestamp>5952.708502</timestamp>
			</report>
			<report>
				<misses>241600001</misses>
				<total>0</total>
				<timestamp>5955.178487</timestamp>
			</report>
			<report>
				<misses>241700001</misses>
				<total>0</total>
				<timestamp>5957.659354</timestamp>
			</report>
			<report>
				<misses>241800001</misses>
				<total>0</total>
				<timestamp>5960.132940</timestamp>
			</report>
			<report>
				<misses>241900001</misses>
				<total>0</total>
				<timestamp>5962.602564</timestamp>
			</report>
			<report>
				<misses>242000001</misses>
				<total>0</total>
				<timestamp>5965.072869</timestamp>
			</report>
			<report>
				<misses>242100001</misses>
				<total>0</total>
				<timestamp>5967.546226</timestamp>
			</report>
			<report>
				<misses>242200001</misses>
				<total>0</total>
				<timestamp>5970.015955</timestamp>
			</report>
			<report>
				<misses>242300001</misses>
				<total>0</total>
				<timestamp>5972.482978</timestamp>
			</report>
			<report>
				<misses>242400001</misses>
				<total>0</total>
				<timestamp>5974.945297</timestamp>
			</report>
			<report>
				<misses>242500001</misses>
				<total>0</total>
				<timestamp>5977.414826</timestamp>
			</report>
			<report>
				<misses>242600001</misses>
				<total>0</total>
				<timestamp>5979.887625</timestamp>
			</report>
			<report>
				<misses>242700001</misses>
				<total>0</total>
				<timestamp>5982.347587</timestamp>
			</report>
			<report>
				<misses>242800001</misses>
				<total>0</total>
				<timestamp>5984.811630</timestamp>
			</report>
			<report>
				<misses>242900001</misses>
				<total>0</total>
				<timestamp>5987.286835</timestamp>
			</report>
			<report>
				<misses>243000001</misses>
				<total>0</total>
				<timestamp>5989.759326</timestamp>
			</report>
			<report>
				<misses>243100001</misses>
				<total>0</total>
				<timestamp>5992.224384</timestamp>
			</report>
			<report>
				<misses>243200001</misses>
				<total>0</total>
				<timestamp>5994.691970</timestamp>
			</report>
			<report>
				<misses>243300001</misses>
				<total>0</total>
				<timestamp>5997.161432</timestamp>
			</report>
			<report>
				<misses>243400001</misses>
				<total>0</total>
				<timestamp>5999.627620</timestamp>
			</report>
			<report>
				<misses>243500001</misses>
				<total>0</total>
				<timestamp>6002.102130</timestamp>
			</report>
			<report>
				<misses>243600001</misses>
				<total>0</total>
				<timestamp>6004.564218</timestamp>
			</report>
			<report>
				<misses>243700001</misses>
				<total>0</total>
				<timestamp>6007.031488</timestamp>
			</report>
			<report>
				<misses>243800001</misses>
				<total>0</total>
				<timestamp>6009.509751</timestamp>
			</report>
			<report>
				<misses>243900001</misses>
				<total>0</total>
				<timestamp>6011.978993</timestamp>
			</report>
			<report>
				<misses>244000001</misses>
				<total>0</total>
				<timestamp>6014.441014</timestamp>
			</report>
			<report>
				<misses>244100001</misses>
				<total>0</total>
				<timestamp>6016.921328</timestamp>
			</report>
			<report>
				<misses>244200001</misses>
				<total>0</total>
				<timestamp>6019.395377</timestamp>
			</report>
			<report>
				<misses>244300001</misses>
				<total>0</total>
				<timestamp>6021.867649</timestamp>
			</report>
			<report>
				<misses>244400001</misses>
				<total>0</total>
				<timestamp>6024.339689</timestamp>
			</report>
			<report>
				<misses>244500001</misses>
				<total>0</total>
				<timestamp>6026.810722</timestamp>
			</report>
			<report>
				<misses>244600001</misses>
				<total>0</total>
				<timestamp>6029.277315</timestamp>
			</report>
			<report>
				<misses>244700001</misses>
				<total>0</total>
				<timestamp>6031.740966</timestamp>
			</report>
			<report>
				<misses>244800001</misses>
				<total>0</total>
				<timestamp>6034.210470</timestamp>
			</report>
			<report>
				<misses>244900001</misses>
				<total>0</total>
				<timestamp>6036.677053</timestamp>
			</report>
			<report>
				<misses>245000001</misses>
				<total>0</total>
				<timestamp>6039.145145</timestamp>
			</report>
			<report>
				<misses>245100001</misses>
				<total>0</total>
				<timestamp>6041.621365</timestamp>
			</report>
			<report>
				<misses>245200001</misses>
				<total>0</total>
				<timestamp>6044.092059</timestamp>
			</report>
			<report>
				<misses>245300001</misses>
				<total>0</total>
				<timestamp>6046.562663</timestamp>
			</report>
			<report>
				<misses>245400001</misses>
				<total>0</total>
				<timestamp>6049.033238</timestamp>
			</report>
			<report>
				<misses>245500001</misses>
				<total>0</total>
				<timestamp>6051.503054</timestamp>
			</report>
			<report>
				<misses>245600001</misses>
				<total>0</total>
				<timestamp>6053.976328</timestamp>
			</report>
			<report>
				<misses>245700001</misses>
				<total>0</total>
				<timestamp>6056.452751</timestamp>
			</report>
			<report>
				<misses>245800001</misses>
				<total>0</total>
				<timestamp>6058.922098</timestamp>
			</report>
			<report>
				<misses>245900001</misses>
				<total>0</total>
				<timestamp>6061.403297</timestamp>
			</report>
			<report>
				<misses>246000001</misses>
				<total>0</total>
				<timestamp>6063.877210</timestamp>
			</report>
			<report>
				<misses>246100001</misses>
				<total>0</total>
				<timestamp>6066.348887</timestamp>
			</report>
			<report>
				<misses>246200001</misses>
				<total>0</total>
				<timestamp>6068.814694</timestamp>
			</report>
			<report>
				<misses>246300001</misses>
				<total>0</total>
				<timestamp>6071.288002</timestamp>
			</report>
			<report>
				<misses>246400001</misses>
				<total>0</total>
				<timestamp>6073.763463</timestamp>
			</report>
			<report>
				<misses>246500001</misses>
				<total>0</total>
				<timestamp>6076.235561</timestamp>
			</report>
			<report>
				<misses>246600001</misses>
				<total>0</total>
				<timestamp>6078.699328</timestamp>
			</report>
			<report>
				<misses>246700001</misses>
				<total>0</total>
				<timestamp>6081.182691</timestamp>
			</report>
			<report>
				<misses>246800001</misses>
				<total>0</total>
				<timestamp>6083.657428</timestamp>
			</report>
			<report>
				<misses>246900001</misses>
				<total>0</total>
				<timestamp>6086.126253</timestamp>
			</report>
			<report>
				<misses>247000001</misses>
				<total>0</total>
				<timestamp>6088.586205</timestamp>
			</report>
			<report>
				<misses>247100001</misses>
				<total>0</total>
				<timestamp>6091.053974</timestamp>
			</report>
			<report>
				<misses>247200001</misses>
				<total>0</total>
				<timestamp>6093.523163</timestamp>
			</report>
			<report>
				<misses>247300001</misses>
				<total>0</total>
				<timestamp>6095.993098</timestamp>
			</report>
			<report>
				<misses>247400001</misses>
				<total>0</total>
				<timestamp>6098.470544</timestamp>
			</report>
			<report>
				<misses>247500001</misses>
				<total>0</total>
				<timestamp>6100.950606</timestamp>
			</report>
			<report>
				<misses>247600001</misses>
				<total>0</total>
				<timestamp>6103.432502</timestamp>
			</report>
			<report>
				<misses>247700001</misses>
				<total>0</total>
				<timestamp>6105.908444</timestamp>
			</report>
			<report>
				<misses>247800001</misses>
				<total>0</total>
				<timestamp>6108.373212</timestamp>
			</report>
			<report>
				<misses>247900001</misses>
				<total>0</total>
				<timestamp>6110.841591</timestamp>
			</report>
			<report>
				<misses>248000001</misses>
				<total>0</total>
				<timestamp>6113.315647</timestamp>
			</report>
			<report>
				<misses>248100001</misses>
				<total>0</total>
				<timestamp>6115.777307</timestamp>
			</report>
			<report>
				<misses>248200001</misses>
				<total>0</total>
				<timestamp>6118.250243</timestamp>
			</report>
			<report>
				<misses>248300001</misses>
				<total>0</total>
				<timestamp>6120.725095</timestamp>
			</report>
			<report>
				<misses>248400001</misses>
				<total>0</total>
				<timestamp>6123.209729</timestamp>
			</report>
			<report>
				<misses>248500001</misses>
				<total>0</total>
				<timestamp>6125.685788</timestamp>
			</report>
			<report>
				<misses>248600001</misses>
				<total>0</total>
				<timestamp>6128.148751</timestamp>
			</report>
			<report>
				<misses>248700001</misses>
				<total>0</total>
				<timestamp>6130.608227</timestamp>
			</report>
			<report>
				<misses>248800001</misses>
				<total>0</total>
				<timestamp>6133.075718</timestamp>
			</report>
			<report>
				<misses>248900001</misses>
				<total>0</total>
				<timestamp>6135.539290</timestamp>
			</report>
			<report>
				<misses>249000001</misses>
				<total>0</total>
				<timestamp>6138.008101</timestamp>
			</report>
			<report>
				<misses>249100001</misses>
				<total>0</total>
				<timestamp>6140.477940</timestamp>
			</report>
			<report>
				<misses>249200001</misses>
				<total>0</total>
				<timestamp>6142.961037</timestamp>
			</report>
			<report>
				<misses>249300001</misses>
				<total>0</total>
				<timestamp>6145.434999</timestamp>
			</report>
			<report>
				<misses>249400001</misses>
				<total>0</total>
				<timestamp>6147.907511</timestamp>
			</report>
			<report>
				<misses>249500001</misses>
				<total>0</total>
				<timestamp>6150.374244</timestamp>
			</report>
			<report>
				<misses>249600001</misses>
				<total>0</total>
				<timestamp>6152.832278</timestamp>
			</report>
			<report>
				<misses>249700001</misses>
				<total>0</total>
				<timestamp>6155.301101</timestamp>
			</report>
			<report>
				<misses>249800001</misses>
				<total>0</total>
				<timestamp>6157.760680</timestamp>
			</report>
			<report>
				<misses>249900001</misses>
				<total>0</total>
				<timestamp>6160.223316</timestamp>
			</report>
			<report>
				<misses>250000001</misses>
				<total>0</total>
				<timestamp>6162.697109</timestamp>
			</report>
			<report>
				<misses>250100001</misses>
				<total>0</total>
				<timestamp>6165.165482</timestamp>
			</report>
			<report>
				<misses>250200001</misses>
				<total>0</total>
				<timestamp>6167.653246</timestamp>
			</report>
			<report>
				<misses>250300001</misses>
				<total>0</total>
				<timestamp>6170.124269</timestamp>
			</report>
			<report>
				<misses>250400001</misses>
				<total>0</total>
				<timestamp>6172.585108</timestamp>
			</report>
			<report>
				<misses>250500001</misses>
				<total>0</total>
				<timestamp>6175.044614</timestamp>
			</report>
			<report>
				<misses>250600001</misses>
				<total>0</total>
				<timestamp>6177.507721</timestamp>
			</report>
			<report>
				<misses>250700001</misses>
				<total>0</total>
				<timestamp>6179.978442</timestamp>
			</report>
			<report>
				<misses>250800001</misses>
				<total>0</total>
				<timestamp>6182.448230</timestamp>
			</report>
			<report>
				<misses>250900001</misses>
				<total>0</total>
				<timestamp>6184.922478</timestamp>
			</report>
			<report>
				<misses>251000001</misses>
				<total>0</total>
				<timestamp>6187.394970</timestamp>
			</report>
			<report>
				<misses>251100001</misses>
				<total>0</total>
				<timestamp>6189.874200</timestamp>
			</report>
			<report>
				<misses>251200001</misses>
				<total>0</total>
				<timestamp>6192.346294</timestamp>
			</report>
			<report>
				<misses>251300001</misses>
				<total>0</total>
				<timestamp>6194.812456</timestamp>
			</report>
			<report>
				<misses>251400001</misses>
				<total>0</total>
				<timestamp>6197.283807</timestamp>
			</report>
			<report>
				<misses>251500001</misses>
				<total>0</total>
				<timestamp>6199.750511</timestamp>
			</report>
			<report>
				<misses>251600001</misses>
				<total>0</total>
				<timestamp>6202.220776</timestamp>
			</report>
			<report>
				<misses>251700001</misses>
				<total>0</total>
				<timestamp>6204.693961</timestamp>
			</report>
			<report>
				<misses>251800001</misses>
				<total>0</total>
				<timestamp>6207.161709</timestamp>
			</report>
			<report>
				<misses>251900001</misses>
				<total>0</total>
				<timestamp>6209.629180</timestamp>
			</report>
			<report>
				<misses>252000001</misses>
				<total>0</total>
				<timestamp>6212.107354</timestamp>
			</report>
			<report>
				<misses>252100001</misses>
				<total>0</total>
				<timestamp>6214.576706</timestamp>
			</report>
			<report>
				<misses>252200001</misses>
				<total>0</total>
				<timestamp>6217.038823</timestamp>
			</report>
			<report>
				<misses>252300001</misses>
				<total>0</total>
				<timestamp>6219.497003</timestamp>
			</report>
			<report>
				<misses>252400001</misses>
				<total>0</total>
				<timestamp>6221.958413</timestamp>
			</report>
			<report>
				<misses>252500001</misses>
				<total>0</total>
				<timestamp>6224.426732</timestamp>
			</report>
			<report>
				<misses>252600001</misses>
				<total>0</total>
				<timestamp>6226.897239</timestamp>
			</report>
			<report>
				<misses>252700001</misses>
				<total>0</total>
				<timestamp>6229.367049</timestamp>
			</report>
			<report>
				<misses>252800001</misses>
				<total>0</total>
				<timestamp>6231.850769</timestamp>
			</report>
			<report>
				<misses>252900001</misses>
				<total>0</total>
				<timestamp>6234.320141</timestamp>
			</report>
			<report>
				<misses>253000001</misses>
				<total>0</total>
				<timestamp>6236.784399</timestamp>
			</report>
			<report>
				<misses>253100001</misses>
				<total>0</total>
				<timestamp>6239.250485</timestamp>
			</report>
			<report>
				<misses>253200001</misses>
				<total>0</total>
				<timestamp>6241.719470</timestamp>
			</report>
			<report>
				<misses>253300001</misses>
				<total>0</total>
				<timestamp>6244.191101</timestamp>
			</report>
			<report>
				<misses>253400001</misses>
				<total>0</total>
				<timestamp>6246.665113</timestamp>
			</report>
			<report>
				<misses>253500001</misses>
				<total>0</total>
				<timestamp>6249.133943</timestamp>
			</report>
			<report>
				<misses>253600001</misses>
				<total>0</total>
				<timestamp>6251.608937</timestamp>
			</report>
			<report>
				<misses>253700001</misses>
				<total>0</total>
				<timestamp>6254.081424</timestamp>
			</report>
			<report>
				<misses>253800001</misses>
				<total>0</total>
				<timestamp>6256.559051</timestamp>
			</report>
			<report>
				<misses>253900001</misses>
				<total>0</total>
				<timestamp>6259.031493</timestamp>
			</report>
			<report>
				<misses>254000001</misses>
				<total>0</total>
				<timestamp>6261.497181</timestamp>
			</report>
			<report>
				<misses>254100001</misses>
				<total>0</total>
				<timestamp>6263.972557</timestamp>
			</report>
			<report>
				<misses>254200001</misses>
				<total>0</total>
				<timestamp>6266.442964</timestamp>
			</report>
			<report>
				<misses>254300001</misses>
				<total>0</total>
				<timestamp>6268.916527</timestamp>
			</report>
			<report>
				<misses>254400001</misses>
				<total>0</total>
				<timestamp>6271.382724</timestamp>
			</report>
			<report>
				<misses>254500001</misses>
				<total>0</total>
				<timestamp>6273.856438</timestamp>
			</report>
			<report>
				<misses>254600001</misses>
				<total>0</total>
				<timestamp>6276.331956</timestamp>
			</report>
			<report>
				<misses>254700001</misses>
				<total>0</total>
				<timestamp>6278.806679</timestamp>
			</report>
			<report>
				<misses>254800001</misses>
				<total>0</total>
				<timestamp>6281.277125</timestamp>
			</report>
			<report>
				<misses>254900001</misses>
				<total>0</total>
				<timestamp>6283.745495</timestamp>
			</report>
			<report>
				<misses>255000001</misses>
				<total>0</total>
				<timestamp>6286.221770</timestamp>
			</report>
			<report>
				<misses>255100001</misses>
				<total>0</total>
				<timestamp>6288.696025</timestamp>
			</report>
			<report>
				<misses>255200001</misses>
				<total>0</total>
				<timestamp>6291.170424</timestamp>
			</report>
			<report>
				<misses>255300001</misses>
				<total>0</total>
				<timestamp>6293.636517</timestamp>
			</report>
			<report>
				<misses>255400001</misses>
				<total>0</total>
				<timestamp>6296.106140</timestamp>
			</report>
			<report>
				<misses>255500001</misses>
				<total>0</total>
				<timestamp>6298.581261</timestamp>
			</report>
			<report>
				<misses>255600001</misses>
				<total>0</total>
				<timestamp>6301.054515</timestamp>
			</report>
			<report>
				<misses>255700001</misses>
				<total>0</total>
				<timestamp>6303.532172</timestamp>
			</report>
			<report>
				<misses>255800001</misses>
				<total>0</total>
				<timestamp>6306.003776</timestamp>
			</report>
			<report>
				<misses>255900001</misses>
				<total>0</total>
				<timestamp>6308.483801</timestamp>
			</report>
			<report>
				<misses>256000001</misses>
				<total>0</total>
				<timestamp>6310.951102</timestamp>
			</report>
			<report>
				<misses>256100001</misses>
				<total>0</total>
				<timestamp>6313.430119</timestamp>
			</report>
			<report>
				<misses>256200001</misses>
				<total>0</total>
				<timestamp>6315.905916</timestamp>
			</report>
			<report>
				<misses>256300001</misses>
				<total>0</total>
				<timestamp>6318.380604</timestamp>
			</report>
			<report>
				<misses>256400001</misses>
				<total>0</total>
				<timestamp>6320.859478</timestamp>
			</report>
			<report>
				<misses>256500001</misses>
				<total>0</total>
				<timestamp>6323.338511</timestamp>
			</report>
			<report>
				<misses>256600001</misses>
				<total>0</total>
				<timestamp>6325.816028</timestamp>
			</report>
			<report>
				<misses>256700001</misses>
				<total>0</total>
				<timestamp>6328.281086</timestamp>
			</report>
			<report>
				<misses>256800001</misses>
				<total>0</total>
				<timestamp>6330.751686</timestamp>
			</report>
			<report>
				<misses>256900001</misses>
				<total>0</total>
				<timestamp>6333.227635</timestamp>
			</report>
			<report>
				<misses>257000001</misses>
				<total>0</total>
				<timestamp>6335.704972</timestamp>
			</report>
			<report>
				<misses>257100001</misses>
				<total>0</total>
				<timestamp>6338.178184</timestamp>
			</report>
			<report>
				<misses>257200001</misses>
				<total>0</total>
				<timestamp>6340.656401</timestamp>
			</report>
			<report>
				<misses>257300001</misses>
				<total>0</total>
				<timestamp>6343.139074</timestamp>
			</report>
			<report>
				<misses>257400001</misses>
				<total>0</total>
				<timestamp>6345.612729</timestamp>
			</report>
			<report>
				<misses>257500001</misses>
				<total>0</total>
				<timestamp>6348.090978</timestamp>
			</report>
			<report>
				<misses>257600001</misses>
				<total>0</total>
				<timestamp>6350.577241</timestamp>
			</report>
			<report>
				<misses>257700001</misses>
				<total>0</total>
				<timestamp>6353.058592</timestamp>
			</report>
			<report>
				<misses>257800001</misses>
				<total>0</total>
				<timestamp>6355.533802</timestamp>
			</report>
			<report>
				<misses>257900001</misses>
				<total>0</total>
				<timestamp>6358.006981</timestamp>
			</report>
			<report>
				<misses>258000001</misses>
				<total>0</total>
				<timestamp>6360.483095</timestamp>
			</report>
			<report>
				<misses>258100001</misses>
				<total>0</total>
				<timestamp>6362.966988</timestamp>
			</report>
			<report>
				<misses>258200001</misses>
				<total>0</total>
				<timestamp>6365.456014</timestamp>
			</report>
			<report>
				<misses>258300001</misses>
				<total>0</total>
				<timestamp>6367.939510</timestamp>
			</report>
			<report>
				<misses>258400001</misses>
				<total>0</total>
				<timestamp>6370.421187</timestamp>
			</report>
			<report>
				<misses>258500001</misses>
				<total>0</total>
				<timestamp>6372.904150</timestamp>
			</report>
			<report>
				<misses>258600001</misses>
				<total>0</total>
				<timestamp>6375.372831</timestamp>
			</report>
			<report>
				<misses>258700001</misses>
				<total>0</total>
				<timestamp>6377.846328</timestamp>
			</report>
			<report>
				<misses>258800001</misses>
				<total>0</total>
				<timestamp>6380.315004</timestamp>
			</report>
			<report>
				<misses>258900001</misses>
				<total>0</total>
				<timestamp>6382.783897</timestamp>
			</report>
			<report>
				<misses>259000001</misses>
				<total>0</total>
				<timestamp>6385.264718</timestamp>
			</report>
			<report>
				<misses>259100001</misses>
				<total>0</total>
				<timestamp>6387.744866</timestamp>
			</report>
			<report>
				<misses>259200001</misses>
				<total>0</total>
				<timestamp>6390.210744</timestamp>
			</report>
			<report>
				<misses>259300001</misses>
				<total>0</total>
				<timestamp>6392.683009</timestamp>
			</report>
			<report>
				<misses>259400001</misses>
				<total>0</total>
				<timestamp>6395.150242</timestamp>
			</report>
			<report>
				<misses>259500001</misses>
				<total>0</total>
				<timestamp>6397.618931</timestamp>
			</report>
			<report>
				<misses>259600001</misses>
				<total>0</total>
				<timestamp>6400.084728</timestamp>
			</report>
			<report>
				<misses>259700001</misses>
				<total>0</total>
				<timestamp>6402.559856</timestamp>
			</report>
			<report>
				<misses>259800001</misses>
				<total>0</total>
				<timestamp>6405.029194</timestamp>
			</report>
			<report>
				<misses>259900001</misses>
				<total>0</total>
				<timestamp>6407.503652</timestamp>
			</report>
			<report>
				<misses>260000001</misses>
				<total>0</total>
				<timestamp>6409.983034</timestamp>
			</report>
			<report>
				<misses>260100001</misses>
				<total>0</total>
				<timestamp>6412.442514</timestamp>
			</report>
			<report>
				<misses>260200001</misses>
				<total>0</total>
				<timestamp>6414.909199</timestamp>
			</report>
			<report>
				<misses>260300001</misses>
				<total>0</total>
				<timestamp>6417.381307</timestamp>
			</report>
			<report>
				<misses>260400001</misses>
				<total>0</total>
				<timestamp>6419.845989</timestamp>
			</report>
			<report>
				<misses>260500001</misses>
				<total>0</total>
				<timestamp>6422.309194</timestamp>
			</report>
			<report>
				<misses>260600001</misses>
				<total>0</total>
				<timestamp>6424.777441</timestamp>
			</report>
			<report>
				<misses>260700001</misses>
				<total>0</total>
				<timestamp>6427.248520</timestamp>
			</report>
			<report>
				<misses>260800001</misses>
				<total>0</total>
				<timestamp>6429.716164</timestamp>
			</report>
			<report>
				<misses>260900001</misses>
				<total>0</total>
				<timestamp>6432.180625</timestamp>
			</report>
			<report>
				<misses>261000001</misses>
				<total>0</total>
				<timestamp>6434.646735</timestamp>
			</report>
			<report>
				<misses>261100001</misses>
				<total>0</total>
				<timestamp>6437.109781</timestamp>
			</report>
			<report>
				<misses>261200001</misses>
				<total>0</total>
				<timestamp>6439.581389</timestamp>
			</report>
			<report>
				<misses>261300001</misses>
				<total>0</total>
				<timestamp>6442.064129</timestamp>
			</report>
			<report>
				<misses>261400001</misses>
				<total>0</total>
				<timestamp>6444.533367</timestamp>
			</report>
			<report>
				<misses>261500001</misses>
				<total>0</total>
				<timestamp>6447.000181</timestamp>
			</report>
			<report>
				<misses>261600001</misses>
				<total>0</total>
				<timestamp>6449.467080</timestamp>
			</report>
			<report>
				<misses>261700001</misses>
				<total>0</total>
				<timestamp>6451.935001</timestamp>
			</report>
			<report>
				<misses>261800001</misses>
				<total>0</total>
				<timestamp>6454.405438</timestamp>
			</report>
			<report>
				<misses>261900001</misses>
				<total>0</total>
				<timestamp>6456.873035</timestamp>
			</report>
			<report>
				<misses>262000001</misses>
				<total>0</total>
				<timestamp>6459.344010</timestamp>
			</report>
			<report>
				<misses>262100001</misses>
				<total>0</total>
				<timestamp>6461.813301</timestamp>
			</report>
			<report>
				<misses>262200001</misses>
				<total>0</total>
				<timestamp>6464.292882</timestamp>
			</report>
			<report>
				<misses>262300001</misses>
				<total>0</total>
				<timestamp>6466.763007</timestamp>
			</report>
			<report>
				<misses>262400001</misses>
				<total>0</total>
				<timestamp>6469.237352</timestamp>
			</report>
			<report>
				<misses>262500001</misses>
				<total>0</total>
				<timestamp>6471.719678</timestamp>
			</report>
			<report>
				<misses>262600001</misses>
				<total>0</total>
				<timestamp>6474.200503</timestamp>
			</report>
			<report>
				<misses>262700001</misses>
				<total>0</total>
				<timestamp>6476.666168</timestamp>
			</report>
			<report>
				<misses>262800001</misses>
				<total>0</total>
				<timestamp>6479.140828</timestamp>
			</report>
			<report>
				<misses>262900001</misses>
				<total>0</total>
				<timestamp>6481.612042</timestamp>
			</report>
			<report>
				<misses>263000001</misses>
				<total>0</total>
				<timestamp>6484.086626</timestamp>
			</report>
			<report>
				<misses>263100001</misses>
				<total>0</total>
				<timestamp>6486.564500</timestamp>
			</report>
			<report>
				<misses>263200001</misses>
				<total>0</total>
				<timestamp>6489.042419</timestamp>
			</report>
			<report>
				<misses>263300001</misses>
				<total>0</total>
				<timestamp>6491.519909</timestamp>
			</report>
			<report>
				<misses>263400001</misses>
				<total>0</total>
				<timestamp>6493.993067</timestamp>
			</report>
			<report>
				<misses>263500001</misses>
				<total>0</total>
				<timestamp>6496.470837</timestamp>
			</report>
			<report>
				<misses>263600001</misses>
				<total>0</total>
				<timestamp>6498.945784</timestamp>
			</report>
			<report>
				<misses>263700001</misses>
				<total>0</total>
				<timestamp>6501.412024</timestamp>
			</report>
			<report>
				<misses>263800001</misses>
				<total>0</total>
				<timestamp>6503.895104</timestamp>
			</report>
			<report>
				<misses>263900001</misses>
				<total>0</total>
				<timestamp>6506.374585</timestamp>
			</report>
			<report>
				<misses>264000001</misses>
				<total>0</total>
				<timestamp>6508.845563</timestamp>
			</report>
			<report>
				<misses>264100001</misses>
				<total>0</total>
				<timestamp>6511.312566</timestamp>
			</report>
			<report>
				<misses>264200001</misses>
				<total>0</total>
				<timestamp>6513.777644</timestamp>
			</report>
			<report>
				<misses>264300001</misses>
				<total>0</total>
				<timestamp>6516.245813</timestamp>
			</report>
			<report>
				<misses>264400001</misses>
				<total>0</total>
				<timestamp>6518.713612</timestamp>
			</report>
			<report>
				<misses>264500001</misses>
				<total>0</total>
				<timestamp>6521.184559</timestamp>
			</report>
			<report>
				<misses>264600001</misses>
				<total>0</total>
				<timestamp>6523.649183</timestamp>
			</report>
			<report>
				<misses>264700001</misses>
				<total>0</total>
				<timestamp>6526.118056</timestamp>
			</report>
			<report>
				<misses>264800001</misses>
				<total>0</total>
				<timestamp>6528.582131</timestamp>
			</report>
			<report>
				<misses>264900001</misses>
				<total>0</total>
				<timestamp>6531.050978</timestamp>
			</report>
			<report>
				<misses>265000001</misses>
				<total>0</total>
				<timestamp>6533.517879</timestamp>
			</report>
			<report>
				<misses>265100001</misses>
				<total>0</total>
				<timestamp>6535.994725</timestamp>
			</report>
			<report>
				<misses>265200001</misses>
				<total>0</total>
				<timestamp>6538.462661</timestamp>
			</report>
			<report>
				<misses>265300001</misses>
				<total>0</total>
				<timestamp>6540.933469</timestamp>
			</report>
			<report>
				<misses>265400001</misses>
				<total>0</total>
				<timestamp>6543.407180</timestamp>
			</report>
			<report>
				<misses>265500001</misses>
				<total>0</total>
				<timestamp>6545.884957</timestamp>
			</report>
			<report>
				<misses>265600001</misses>
				<total>0</total>
				<timestamp>6548.348578</timestamp>
			</report>
			<report>
				<misses>265700001</misses>
				<total>0</total>
				<timestamp>6550.819758</timestamp>
			</report>
			<report>
				<misses>265800001</misses>
				<total>0</total>
				<timestamp>6553.287572</timestamp>
			</report>
			<report>
				<misses>265900001</misses>
				<total>0</total>
				<timestamp>6555.753176</timestamp>
			</report>
			<report>
				<misses>266000001</misses>
				<total>0</total>
				<timestamp>6558.225522</timestamp>
			</report>
			<report>
				<misses>266100001</misses>
				<total>0</total>
				<timestamp>6560.701200</timestamp>
			</report>
			<report>
				<misses>266200001</misses>
				<total>0</total>
				<timestamp>6563.166517</timestamp>
			</report>
			<report>
				<misses>266300001</misses>
				<total>0</total>
				<timestamp>6565.636903</timestamp>
			</report>
			<report>
				<misses>266400001</misses>
				<total>0</total>
				<timestamp>6568.102556</timestamp>
			</report>
			<report>
				<misses>266500001</misses>
				<total>0</total>
				<timestamp>6570.583587</timestamp>
			</report>
			<report>
				<misses>266600001</misses>
				<total>0</total>
				<timestamp>6573.058209</timestamp>
			</report>
			<report>
				<misses>266700001</misses>
				<total>0</total>
				<timestamp>6575.530854</timestamp>
			</report>
			<report>
				<misses>266800001</misses>
				<total>0</total>
				<timestamp>6577.998244</timestamp>
			</report>
			<report>
				<misses>266900001</misses>
				<total>0</total>
				<timestamp>6580.463551</timestamp>
			</report>
			<report>
				<misses>267000001</misses>
				<total>0</total>
				<timestamp>6582.931789</timestamp>
			</report>
			<report>
				<misses>267100001</misses>
				<total>0</total>
				<timestamp>6585.399434</timestamp>
			</report>
			<report>
				<misses>267200001</misses>
				<total>0</total>
				<timestamp>6587.884509</timestamp>
			</report>
			<report>
				<misses>267300001</misses>
				<total>0</total>
				<timestamp>6590.352897</timestamp>
			</report>
			<report>
				<misses>267400001</misses>
				<total>0</total>
				<timestamp>6592.815123</timestamp>
			</report>
			<report>
				<misses>267500001</misses>
				<total>0</total>
				<timestamp>6595.277780</timestamp>
			</report>
			<report>
				<misses>267600001</misses>
				<total>0</total>
				<timestamp>6597.743840</timestamp>
			</report>
			<report>
				<misses>267700001</misses>
				<total>0</total>
				<timestamp>6600.215261</timestamp>
			</report>
			<report>
				<misses>267800001</misses>
				<total>0</total>
				<timestamp>6602.688537</timestamp>
			</report>
			<report>
				<misses>267900001</misses>
				<total>0</total>
				<timestamp>6605.161370</timestamp>
			</report>
			<report>
				<misses>268000001</misses>
				<total>0</total>
				<timestamp>6607.641531</timestamp>
			</report>
			<report>
				<misses>268100001</misses>
				<total>0</total>
				<timestamp>6610.113713</timestamp>
			</report>
			<report>
				<misses>268200001</misses>
				<total>0</total>
				<timestamp>6612.585936</timestamp>
			</report>
			<report>
				<misses>268300001</misses>
				<total>0</total>
				<timestamp>6615.062163</timestamp>
			</report>
			<report>
				<misses>268400001</misses>
				<total>0</total>
				<timestamp>6617.531982</timestamp>
			</report>
			<report>
				<misses>268500001</misses>
				<total>0</total>
				<timestamp>6620.002276</timestamp>
			</report>
			<report>
				<misses>268600001</misses>
				<total>0</total>
				<timestamp>6622.476543</timestamp>
			</report>
			<report>
				<misses>268700001</misses>
				<total>0</total>
				<timestamp>6624.942180</timestamp>
			</report>
			<report>
				<misses>268800001</misses>
				<total>0</total>
				<timestamp>6627.409963</timestamp>
			</report>
			<report>
				<misses>268900001</misses>
				<total>0</total>
				<timestamp>6629.881573</timestamp>
			</report>
			<report>
				<misses>269000001</misses>
				<total>0</total>
				<timestamp>6632.348262</timestamp>
			</report>
			<report>
				<misses>269100001</misses>
				<total>0</total>
				<timestamp>6634.818782</timestamp>
			</report>
			<report>
				<misses>269200001</misses>
				<total>0</total>
				<timestamp>6637.299519</timestamp>
			</report>
			<report>
				<misses>269300001</misses>
				<total>0</total>
				<timestamp>6639.776283</timestamp>
			</report>
			<report>
				<misses>269400001</misses>
				<total>0</total>
				<timestamp>6642.248775</timestamp>
			</report>
			<report>
				<misses>269500001</misses>
				<total>0</total>
				<timestamp>6644.724257</timestamp>
			</report>
			<report>
				<misses>269600001</misses>
				<total>0</total>
				<timestamp>6647.202040</timestamp>
			</report>
			<report>
				<misses>269700001</misses>
				<total>0</total>
				<timestamp>6649.679381</timestamp>
			</report>
			<report>
				<misses>269800001</misses>
				<total>0</total>
				<timestamp>6652.155263</timestamp>
			</report>
			<report>
				<misses>269900001</misses>
				<total>0</total>
				<timestamp>6654.630761</timestamp>
			</report>
			<report>
				<misses>270000001</misses>
				<total>0</total>
				<timestamp>6657.109228</timestamp>
			</report>
			<report>
				<misses>270100001</misses>
				<total>0</total>
				<timestamp>6659.579431</timestamp>
			</report>
			<report>
				<misses>270200001</misses>
				<total>0</total>
				<timestamp>6662.065768</timestamp>
			</report>
			<report>
				<misses>270300001</misses>
				<total>0</total>
				<timestamp>6664.555239</timestamp>
			</report>
			<report>
				<misses>270400001</misses>
				<total>0</total>
				<timestamp>6667.043247</timestamp>
			</report>
			<report>
				<misses>270500001</misses>
				<total>0</total>
				<timestamp>6669.523343</timestamp>
			</report>
			<report>
				<misses>270600001</misses>
				<total>0</total>
				<timestamp>6672.000135</timestamp>
			</report>
			<report>
				<misses>270700001</misses>
				<total>0</total>
				<timestamp>6674.473059</timestamp>
			</report>
			<report>
				<misses>270800001</misses>
				<total>0</total>
				<timestamp>6676.936944</timestamp>
			</report>
			<report>
				<misses>270900001</misses>
				<total>0</total>
				<timestamp>6679.412855</timestamp>
			</report>
			<report>
				<misses>271000001</misses>
				<total>0</total>
				<timestamp>6681.887931</timestamp>
			</report>
			<report>
				<misses>271100001</misses>
				<total>0</total>
				<timestamp>6684.356466</timestamp>
			</report>
			<report>
				<misses>271200001</misses>
				<total>0</total>
				<timestamp>6686.822346</timestamp>
			</report>
			<report>
				<misses>271300001</misses>
				<total>0</total>
				<timestamp>6689.290913</timestamp>
			</report>
			<report>
				<misses>271400001</misses>
				<total>0</total>
				<timestamp>6691.758088</timestamp>
			</report>
			<report>
				<misses>271500001</misses>
				<total>0</total>
				<timestamp>6694.239256</timestamp>
			</report>
			<report>
				<misses>271600001</misses>
				<total>0</total>
				<timestamp>6696.721040</timestamp>
			</report>
			<report>
				<misses>271700001</misses>
				<total>0</total>
				<timestamp>6699.193271</timestamp>
			</report>
			<report>
				<misses>271800001</misses>
				<total>0</total>
				<timestamp>6701.673326</timestamp>
			</report>
			<report>
				<misses>271900001</misses>
				<total>0</total>
				<timestamp>6704.145773</timestamp>
			</report>
			<report>
				<misses>272000001</misses>
				<total>0</total>
				<timestamp>6706.613858</timestamp>
			</report>
			<report>
				<misses>272100001</misses>
				<total>0</total>
				<timestamp>6709.084357</timestamp>
			</report>
			<report>
				<misses>272200001</misses>
				<total>0</total>
				<timestamp>6711.554828</timestamp>
			</report>
			<report>
				<misses>272300001</misses>
				<total>0</total>
				<timestamp>6714.032487</timestamp>
			</report>
			<report>
				<misses>272400001</misses>
				<total>0</total>
				<timestamp>6716.500483</timestamp>
			</report>
			<report>
				<misses>272500001</misses>
				<total>0</total>
				<timestamp>6718.969159</timestamp>
			</report>
			<report>
				<misses>272600001</misses>
				<total>0</total>
				<timestamp>6721.458563</timestamp>
			</report>
			<report>
				<misses>272700001</misses>
				<total>0</total>
				<timestamp>6723.950579</timestamp>
			</report>
			<report>
				<misses>272800001</misses>
				<total>0</total>
				<timestamp>6726.448185</timestamp>
			</report>
			<report>
				<misses>272900001</misses>
				<total>0</total>
				<timestamp>6728.940588</timestamp>
			</report>
			<report>
				<misses>273000001</misses>
				<total>0</total>
				<timestamp>6731.423099</timestamp>
			</report>
			<report>
				<misses>273100001</misses>
				<total>0</total>
				<timestamp>6733.886615</timestamp>
			</report>
			<report>
				<misses>273200001</misses>
				<total>0</total>
				<timestamp>6736.354339</timestamp>
			</report>
			<report>
				<misses>273300001</misses>
				<total>0</total>
				<timestamp>6738.824231</timestamp>
			</report>
			<report>
				<misses>273400001</misses>
				<total>0</total>
				<timestamp>6741.287916</timestamp>
			</report>
			<report>
				<misses>273500001</misses>
				<total>0</total>
				<timestamp>6743.759141</timestamp>
			</report>
			<report>
				<misses>273600001</misses>
				<total>0</total>
				<timestamp>6746.225203</timestamp>
			</report>
			<report>
				<misses>273700001</misses>
				<total>0</total>
				<timestamp>6748.698362</timestamp>
			</report>
			<report>
				<misses>273800001</misses>
				<total>0</total>
				<timestamp>6751.158327</timestamp>
			</report>
			<report>
				<misses>273900001</misses>
				<total>0</total>
				<timestamp>6753.621983</timestamp>
			</report>
			<report>
				<misses>274000001</misses>
				<total>0</total>
				<timestamp>6756.085244</timestamp>
			</report>
			<report>
				<misses>274100001</misses>
				<total>0</total>
				<timestamp>6758.559466</timestamp>
			</report>
			<report>
				<misses>274200001</misses>
				<total>0</total>
				<timestamp>6761.027134</timestamp>
			</report>
			<report>
				<misses>274300001</misses>
				<total>0</total>
				<timestamp>6763.494616</timestamp>
			</report>
			<report>
				<misses>274400001</misses>
				<total>0</total>
				<timestamp>6765.961056</timestamp>
			</report>
			<report>
				<misses>274500001</misses>
				<total>0</total>
				<timestamp>6768.431380</timestamp>
			</report>
			<report>
				<misses>274600001</misses>
				<total>0</total>
				<timestamp>6770.891543</timestamp>
			</report>
			<report>
				<misses>274700001</misses>
				<total>0</total>
				<timestamp>6773.355465</timestamp>
			</report>
			<report>
				<misses>274800001</misses>
				<total>0</total>
				<timestamp>6775.814241</timestamp>
			</report>
			<report>
				<misses>274900001</misses>
				<total>0</total>
				<timestamp>6778.279333</timestamp>
			</report>
			<report>
				<misses>275000001</misses>
				<total>0</total>
				<timestamp>6780.750898</timestamp>
			</report>
			<report>
				<misses>275100001</misses>
				<total>0</total>
				<timestamp>6783.219177</timestamp>
			</report>
			<report>
				<misses>275200001</misses>
				<total>0</total>
				<timestamp>6785.695060</timestamp>
			</report>
			<report>
				<misses>275300001</misses>
				<total>0</total>
				<timestamp>6788.171732</timestamp>
			</report>
			<report>
				<misses>275400001</misses>
				<total>0</total>
				<timestamp>6790.641701</timestamp>
			</report>
			<report>
				<misses>275500001</misses>
				<total>0</total>
				<timestamp>6793.111942</timestamp>
			</report>
			<report>
				<misses>275600001</misses>
				<total>0</total>
				<timestamp>6795.579128</timestamp>
			</report>
			<report>
				<misses>275700001</misses>
				<total>0</total>
				<timestamp>6798.048135</timestamp>
			</report>
			<report>
				<misses>275800001</misses>
				<total>0</total>
				<timestamp>6800.523060</timestamp>
			</report>
			<report>
				<misses>275900001</misses>
				<total>0</total>
				<timestamp>6802.989686</timestamp>
			</report>
			<report>
				<misses>276000001</misses>
				<total>0</total>
				<timestamp>6805.450931</timestamp>
			</report>
			<report>
				<misses>276100001</misses>
				<total>0</total>
				<timestamp>6807.918116</timestamp>
			</report>
			<report>
				<misses>276200001</misses>
				<total>0</total>
				<timestamp>6810.381170</timestamp>
			</report>
			<report>
				<misses>276300001</misses>
				<total>0</total>
				<timestamp>6812.844594</timestamp>
			</report>
			<report>
				<misses>276400001</misses>
				<total>0</total>
				<timestamp>6815.321280</timestamp>
			</report>
			<report>
				<misses>276500001</misses>
				<total>0</total>
				<timestamp>6817.792137</timestamp>
			</report>
			<report>
				<misses>276600001</misses>
				<total>0</total>
				<timestamp>6820.259804</timestamp>
			</report>
			<report>
				<misses>276700001</misses>
				<total>0</total>
				<timestamp>6822.722049</timestamp>
			</report>
			<report>
				<misses>276800001</misses>
				<total>0</total>
				<timestamp>6825.187318</timestamp>
			</report>
			<report>
				<misses>276900001</misses>
				<total>0</total>
				<timestamp>6827.659331</timestamp>
			</report>
			<report>
				<misses>277000001</misses>
				<total>0</total>
				<timestamp>6830.128461</timestamp>
			</report>
			<report>
				<misses>277100001</misses>
				<total>0</total>
				<timestamp>6832.598473</timestamp>
			</report>
			<report>
				<misses>277200001</misses>
				<total>0</total>
				<timestamp>6835.063037</timestamp>
			</report>
			<report>
				<misses>277300001</misses>
				<total>0</total>
				<timestamp>6837.526426</timestamp>
			</report>
			<report>
				<misses>277400001</misses>
				<total>0</total>
				<timestamp>6840.001152</timestamp>
			</report>
			<report>
				<misses>277500001</misses>
				<total>0</total>
				<timestamp>6842.468815</timestamp>
			</report>
			<report>
				<misses>277600001</misses>
				<total>0</total>
				<timestamp>6844.944912</timestamp>
			</report>
			<report>
				<misses>277700001</misses>
				<total>0</total>
				<timestamp>6847.434005</timestamp>
			</report>
			<report>
				<misses>277800001</misses>
				<total>0</total>
				<timestamp>6849.908474</timestamp>
			</report>
			<report>
				<misses>277900001</misses>
				<total>0</total>
				<timestamp>6852.375200</timestamp>
			</report>
			<report>
				<misses>278000001</misses>
				<total>0</total>
				<timestamp>6854.845477</timestamp>
			</report>
			<report>
				<misses>278100001</misses>
				<total>0</total>
				<timestamp>6857.313719</timestamp>
			</report>
			<report>
				<misses>278200001</misses>
				<total>0</total>
				<timestamp>6859.781593</timestamp>
			</report>
			<report>
				<misses>278300001</misses>
				<total>0</total>
				<timestamp>6862.250855</timestamp>
			</report>
			<report>
				<misses>278400001</misses>
				<total>0</total>
				<timestamp>6864.715120</timestamp>
			</report>
			<report>
				<misses>278500001</misses>
				<total>0</total>
				<timestamp>6867.183940</timestamp>
			</report>
			<report>
				<misses>278600001</misses>
				<total>0</total>
				<timestamp>6869.647318</timestamp>
			</report>
			<report>
				<misses>278700001</misses>
				<total>0</total>
				<timestamp>6872.117983</timestamp>
			</report>
			<report>
				<misses>278800001</misses>
				<total>0</total>
				<timestamp>6874.601787</timestamp>
			</report>
			<report>
				<misses>278900001</misses>
				<total>0</total>
				<timestamp>6877.086872</timestamp>
			</report>
			<report>
				<misses>279000001</misses>
				<total>0</total>
				<timestamp>6879.566365</timestamp>
			</report>
			<report>
				<misses>279100001</misses>
				<total>0</total>
				<timestamp>6882.036883</timestamp>
			</report>
			<report>
				<misses>279200001</misses>
				<total>0</total>
				<timestamp>6884.513620</timestamp>
			</report>
			<report>
				<misses>279300001</misses>
				<total>0</total>
				<timestamp>6886.987070</timestamp>
			</report>
			<report>
				<misses>279400001</misses>
				<total>0</total>
				<timestamp>6889.462431</timestamp>
			</report>
			<report>
				<misses>279500001</misses>
				<total>0</total>
				<timestamp>6891.940474</timestamp>
			</report>
			<report>
				<misses>279600001</misses>
				<total>0</total>
				<timestamp>6894.409773</timestamp>
			</report>
			<report>
				<misses>279700001</misses>
				<total>0</total>
				<timestamp>6896.886258</timestamp>
			</report>
			<report>
				<misses>279800001</misses>
				<total>0</total>
				<timestamp>6899.362257</timestamp>
			</report>
			<report>
				<misses>279900001</misses>
				<total>0</total>
				<timestamp>6901.835939</timestamp>
			</report>
			<report>
				<misses>280000001</misses>
				<total>0</total>
				<timestamp>6904.314280</timestamp>
			</report>
			<report>
				<misses>280100001</misses>
				<total>0</total>
				<timestamp>6906.801801</timestamp>
			</report>
			<report>
				<misses>280200001</misses>
				<total>0</total>
				<timestamp>6909.284940</timestamp>
			</report>
			<report>
				<misses>280300001</misses>
				<total>0</total>
				<timestamp>6911.764361</timestamp>
			</report>
			<report>
				<misses>280400001</misses>
				<total>0</total>
				<timestamp>6914.238018</timestamp>
			</report>
			<report>
				<misses>280500001</misses>
				<total>0</total>
				<timestamp>6916.717954</timestamp>
			</report>
			<report>
				<misses>280600001</misses>
				<total>0</total>
				<timestamp>6919.190758</timestamp>
			</report>
			<report>
				<misses>280700001</misses>
				<total>0</total>
				<timestamp>6921.670237</timestamp>
			</report>
			<report>
				<misses>280800001</misses>
				<total>0</total>
				<timestamp>6924.145700</timestamp>
			</report>
			<report>
				<misses>280900001</misses>
				<total>0</total>
				<timestamp>6926.620358</timestamp>
			</report>
			<report>
				<misses>281000001</misses>
				<total>0</total>
				<timestamp>6929.091138</timestamp>
			</report>
			<report>
				<misses>281100001</misses>
				<total>0</total>
				<timestamp>6931.563475</timestamp>
			</report>
			<report>
				<misses>281200001</misses>
				<total>0</total>
				<timestamp>6934.043673</timestamp>
			</report>
			<report>
				<misses>281300001</misses>
				<total>0</total>
				<timestamp>6936.518648</timestamp>
			</report>
			<report>
				<misses>281400001</misses>
				<total>0</total>
				<timestamp>6938.997893</timestamp>
			</report>
			<report>
				<misses>281500001</misses>
				<total>0</total>
				<timestamp>6941.472983</timestamp>
			</report>
			<report>
				<misses>281600001</misses>
				<total>0</total>
				<timestamp>6943.944453</timestamp>
			</report>
			<report>
				<misses>281700001</misses>
				<total>0</total>
				<timestamp>6946.419399</timestamp>
			</report>
			<report>
				<misses>281800001</misses>
				<total>0</total>
				<timestamp>6948.893235</timestamp>
			</report>
			<report>
				<misses>281900001</misses>
				<total>0</total>
				<timestamp>6951.368004</timestamp>
			</report>
			<report>
				<misses>282000001</misses>
				<total>0</total>
				<timestamp>6953.836779</timestamp>
			</report>
			<report>
				<misses>282100001</misses>
				<total>0</total>
				<timestamp>6956.308978</timestamp>
			</report>
			<report>
				<misses>282200001</misses>
				<total>0</total>
				<timestamp>6958.781148</timestamp>
			</report>
			<report>
				<misses>282300001</misses>
				<total>0</total>
				<timestamp>6961.254213</timestamp>
			</report>
			<report>
				<misses>282400001</misses>
				<total>0</total>
				<timestamp>6963.734201</timestamp>
			</report>
			<report>
				<misses>282500001</misses>
				<total>0</total>
				<timestamp>6966.206948</timestamp>
			</report>
			<report>
				<misses>282600001</misses>
				<total>0</total>
				<timestamp>6968.689006</timestamp>
			</report>
			<report>
				<misses>282700001</misses>
				<total>0</total>
				<timestamp>6971.177850</timestamp>
			</report>
			<report>
				<misses>282800001</misses>
				<total>0</total>
				<timestamp>6973.650442</timestamp>
			</report>
			<report>
				<misses>282900001</misses>
				<total>0</total>
				<timestamp>6976.128332</timestamp>
			</report>
			<report>
				<misses>283000001</misses>
				<total>0</total>
				<timestamp>6978.594646</timestamp>
			</report>
			<report>
				<misses>283100001</misses>
				<total>0</total>
				<timestamp>6981.066631</timestamp>
			</report>
			<report>
				<misses>283200001</misses>
				<total>0</total>
				<timestamp>6983.530878</timestamp>
			</report>
			<report>
				<misses>283300001</misses>
				<total>0</total>
				<timestamp>6985.998609</timestamp>
			</report>
			<report>
				<misses>283400001</misses>
				<total>0</total>
				<timestamp>6988.463151</timestamp>
			</report>
			<report>
				<misses>283500001</misses>
				<total>0</total>
				<timestamp>6990.926819</timestamp>
			</report>
			<report>
				<misses>283600001</misses>
				<total>0</total>
				<timestamp>6993.408374</timestamp>
			</report>
			<report>
				<misses>283700001</misses>
				<total>0</total>
				<timestamp>6995.878730</timestamp>
			</report>
			<report>
				<misses>283800001</misses>
				<total>0</total>
				<timestamp>6998.347923</timestamp>
			</report>
			<report>
				<misses>283900001</misses>
				<total>0</total>
				<timestamp>7000.819670</timestamp>
			</report>
			<report>
				<misses>284000001</misses>
				<total>0</total>
				<timestamp>7003.281952</timestamp>
			</report>
			<report>
				<misses>284100001</misses>
				<total>0</total>
				<timestamp>7005.748248</timestamp>
			</report>
			<report>
				<misses>284200001</misses>
				<total>0</total>
				<timestamp>7008.221839</timestamp>
			</report>
			<report>
				<misses>284300001</misses>
				<total>0</total>
				<timestamp>7010.689063</timestamp>
			</report>
			<report>
				<misses>284400001</misses>
				<total>0</total>
				<timestamp>7013.158967</timestamp>
			</report>
			<report>
				<misses>284500001</misses>
				<total>0</total>
				<timestamp>7015.624999</timestamp>
			</report>
			<report>
				<misses>284600001</misses>
				<total>0</total>
				<timestamp>7018.089291</timestamp>
			</report>
			<report>
				<misses>284700001</misses>
				<total>0</total>
				<timestamp>7020.559895</timestamp>
			</report>
			<report>
				<misses>284800001</misses>
				<total>0</total>
				<timestamp>7023.032416</timestamp>
			</report>
			<report>
				<misses>284900001</misses>
				<total>0</total>
				<timestamp>7025.507542</timestamp>
			</report>
			<report>
				<misses>285000001</misses>
				<total>0</total>
				<timestamp>7027.991350</timestamp>
			</report>
			<report>
				<misses>285100001</misses>
				<total>0</total>
				<timestamp>7030.465208</timestamp>
			</report>
			<report>
				<misses>285200001</misses>
				<total>0</total>
				<timestamp>7032.937713</timestamp>
			</report>
			<report>
				<misses>285300001</misses>
				<total>0</total>
				<timestamp>7035.404553</timestamp>
			</report>
			<report>
				<misses>285400001</misses>
				<total>0</total>
				<timestamp>7037.870813</timestamp>
			</report>
			<report>
				<misses>285500001</misses>
				<total>0</total>
				<timestamp>7040.345730</timestamp>
			</report>
			<report>
				<misses>285600001</misses>
				<total>0</total>
				<timestamp>7042.812995</timestamp>
			</report>
			<report>
				<misses>285700001</misses>
				<total>0</total>
				<timestamp>7045.289325</timestamp>
			</report>
			<report>
				<misses>285800001</misses>
				<total>0</total>
				<timestamp>7047.758028</timestamp>
			</report>
			<report>
				<misses>285900001</misses>
				<total>0</total>
				<timestamp>7050.227629</timestamp>
			</report>
			<report>
				<misses>286000001</misses>
				<total>0</total>
				<timestamp>7052.696432</timestamp>
			</report>
			<report>
				<misses>286100001</misses>
				<total>0</total>
				<timestamp>7055.171092</timestamp>
			</report>
			<report>
				<misses>286200001</misses>
				<total>0</total>
				<timestamp>7057.635455</timestamp>
			</report>
			<report>
				<misses>286300001</misses>
				<total>0</total>
				<timestamp>7060.123757</timestamp>
			</report>
			<report>
				<misses>286400001</misses>
				<total>0</total>
				<timestamp>7062.608526</timestamp>
			</report>
			<report>
				<misses>286500001</misses>
				<total>0</total>
				<timestamp>7065.081263</timestamp>
			</report>
			<report>
				<misses>286600001</misses>
				<total>0</total>
				<timestamp>7067.551343</timestamp>
			</report>
			<report>
				<misses>286700001</misses>
				<total>0</total>
				<timestamp>7070.032998</timestamp>
			</report>
			<report>
				<misses>286800001</misses>
				<total>0</total>
				<timestamp>7072.506662</timestamp>
			</report>
			<report>
				<misses>286900001</misses>
				<total>0</total>
				<timestamp>7074.980173</timestamp>
			</report>
			<report>
				<misses>287000001</misses>
				<total>0</total>
				<timestamp>7077.466862</timestamp>
			</report>
			<report>
				<misses>287100001</misses>
				<total>0</total>
				<timestamp>7079.936120</timestamp>
			</report>
			<report>
				<misses>287200001</misses>
				<total>0</total>
				<timestamp>7082.412616</timestamp>
			</report>
			<report>
				<misses>287300001</misses>
				<total>0</total>
				<timestamp>7084.887893</timestamp>
			</report>
			<report>
				<misses>287400001</misses>
				<total>0</total>
				<timestamp>7087.377077</timestamp>
			</report>
			<report>
				<misses>287500001</misses>
				<total>0</total>
				<timestamp>7089.859289</timestamp>
			</report>
			<report>
				<misses>287600001</misses>
				<total>0</total>
				<timestamp>7092.338422</timestamp>
			</report>
			<report>
				<misses>287700001</misses>
				<total>0</total>
				<timestamp>7094.808965</timestamp>
			</report>
			<report>
				<misses>287800001</misses>
				<total>0</total>
				<timestamp>7097.281373</timestamp>
			</report>
			<report>
				<misses>287900001</misses>
				<total>0</total>
				<timestamp>7099.761515</timestamp>
			</report>
			<report>
				<misses>288000001</misses>
				<total>0</total>
				<timestamp>7102.243349</timestamp>
			</report>
			<report>
				<misses>288100001</misses>
				<total>0</total>
				<timestamp>7104.713526</timestamp>
			</report>
			<report>
				<misses>288200001</misses>
				<total>0</total>
				<timestamp>7107.179382</timestamp>
			</report>
			<report>
				<misses>288300001</misses>
				<total>0</total>
				<timestamp>7109.644550</timestamp>
			</report>
			<report>
				<misses>288400001</misses>
				<total>0</total>
				<timestamp>7112.114487</timestamp>
			</report>
			<report>
				<misses>288500001</misses>
				<total>0</total>
				<timestamp>7114.580745</timestamp>
			</report>
			<report>
				<misses>288600001</misses>
				<total>0</total>
				<timestamp>7117.048633</timestamp>
			</report>
			<report>
				<misses>288700001</misses>
				<total>0</total>
				<timestamp>7119.530478</timestamp>
			</report>
			<report>
				<misses>288800001</misses>
				<total>0</total>
				<timestamp>7122.011009</timestamp>
			</report>
			<report>
				<misses>288900001</misses>
				<total>0</total>
				<timestamp>7124.481999</timestamp>
			</report>
			<report>
				<misses>289000001</misses>
				<total>0</total>
				<timestamp>7126.954962</timestamp>
			</report>
			<report>
				<misses>289100001</misses>
				<total>0</total>
				<timestamp>7129.423523</timestamp>
			</report>
			<report>
				<misses>289200001</misses>
				<total>0</total>
				<timestamp>7131.900647</timestamp>
			</report>
			<report>
				<misses>289300001</misses>
				<total>0</total>
				<timestamp>7134.380997</timestamp>
			</report>
			<report>
				<misses>289400001</misses>
				<total>0</total>
				<timestamp>7136.865527</timestamp>
			</report>
			<report>
				<misses>289500001</misses>
				<total>0</total>
				<timestamp>7139.341028</timestamp>
			</report>
			<report>
				<misses>289600001</misses>
				<total>0</total>
				<timestamp>7141.816228</timestamp>
			</report>
			<report>
				<misses>289700001</misses>
				<total>0</total>
				<timestamp>7144.295644</timestamp>
			</report>
			<report>
				<misses>289800001</misses>
				<total>0</total>
				<timestamp>7146.782908</timestamp>
			</report>
			<report>
				<misses>289900001</misses>
				<total>0</total>
				<timestamp>7149.272399</timestamp>
			</report>
			<report>
				<misses>290000001</misses>
				<total>0</total>
				<timestamp>7151.747683</timestamp>
			</report>
			<report>
				<misses>290100001</misses>
				<total>0</total>
				<timestamp>7154.209138</timestamp>
			</report>
			<report>
				<misses>290200001</misses>
				<total>0</total>
				<timestamp>7156.674635</timestamp>
			</report>
			<report>
				<misses>290300001</misses>
				<total>0</total>
				<timestamp>7159.139406</timestamp>
			</report>
			<report>
				<misses>290400001</misses>
				<total>0</total>
				<timestamp>7161.608952</timestamp>
			</report>
			<report>
				<misses>290500001</misses>
				<total>0</total>
				<timestamp>7164.071704</timestamp>
			</report>
			<report>
				<misses>290600001</misses>
				<total>0</total>
				<timestamp>7166.539573</timestamp>
			</report>
			<report>
				<misses>290700001</misses>
				<total>0</total>
				<timestamp>7168.997327</timestamp>
			</report>
			<report>
				<misses>290800001</misses>
				<total>0</total>
				<timestamp>7171.463610</timestamp>
			</report>
			<report>
				<misses>290900001</misses>
				<total>0</total>
				<timestamp>7173.938120</timestamp>
			</report>
			<report>
				<misses>291000001</misses>
				<total>0</total>
				<timestamp>7176.397567</timestamp>
			</report>
			<report>
				<misses>291100001</misses>
				<total>0</total>
				<timestamp>7178.867119</timestamp>
			</report>
			<report>
				<misses>291200001</misses>
				<total>0</total>
				<timestamp>7181.332582</timestamp>
			</report>
			<report>
				<misses>291300001</misses>
				<total>0</total>
				<timestamp>7183.804986</timestamp>
			</report>
			<report>
				<misses>291400001</misses>
				<total>0</total>
				<timestamp>7186.277751</timestamp>
			</report>
			<report>
				<misses>291500001</misses>
				<total>0</total>
				<timestamp>7188.754534</timestamp>
			</report>
			<report>
				<misses>291600001</misses>
				<total>0</total>
				<timestamp>7191.230230</timestamp>
			</report>
			<report>
				<misses>291700001</misses>
				<total>0</total>
				<timestamp>7193.690094</timestamp>
			</report>
			<report>
				<misses>291800001</misses>
				<total>0</total>
				<timestamp>7196.146937</timestamp>
			</report>
			<report>
				<misses>291900001</misses>
				<total>0</total>
				<timestamp>7198.606411</timestamp>
			</report>
		</query>
	</custom>
	<ethtool_statistic>
		<rx_packets>
			<start>2003258516</start>
			<end>3143749309</end>
		</rx_packets>
		<tx_packets>
			<start>2295852927</start>
			<end>2587804256</end>
		</tx_packets>
		<rx_dropped>
			<start>61527734</start>
			<end>61527734</end>
		</rx_dropped>
		<tx_dropped>
			<start>0</start>
			<end>0</end>
		</tx_dropped>
		<collisions>
			<start>0</start>
			<end>0</end>
		</collisions>
		<port_tx_errors>
			<start>0</start>
			<end>0</end>
		</port_tx_errors>
		<port_rx_dropped>
			<start>0</start>
			<end>0</end>
		</port_rx_dropped>
		<port_tx_dropped_link_down>
			<start>3</start>
			<end>3</end>
		</port_tx_dropped_link_down>
	</ethtool_statistic>
	<ip_statistic>
		<mtu>
			<start>9000</start>
			<end>9000</end>
		</mtu>
		<rx_bytes>
			<start>7155528815810</start>
			<end>7294667780126</end>
		</rx_bytes>
		<rx_packets>
			<start>2003258516</start>
			<end>3143749309</end>
		</rx_packets>
		<rx_errors>
			<start>0</start>
			<end>0</end>
		</rx_errors>
		<rx_dropped>
			<start>61527734</start>
			<end>61527734</end>
		</rx_dropped>
		<rx_missed>
			<start>0</start>
			<end>0</end>
		</rx_missed>
		<rx_mcast>
			<start>133</start>
			<end>137</end>
		</rx_mcast>
		<tx_bytes>
			<start>7577065871693</start>
			<end>7612682950899</end>
		</tx_bytes>
		<tx_packets>
			<start>2295852927</start>
			<end>2587804256</end>
		</tx_packets>
		<tx_errors>
			<start>0</start>
			<end>0</end>
		</tx_errors>
		<tx_dropped>
			<start>0</start>
			<end>0</end>
		</tx_dropped>
		<tx_carrier>
			<start>0</start>
			<end>0</end>
		</tx_carrier>
		<tx_collisions>
			<start>0</start>
			<end>0</end>
		</tx_collisions>
	</ip_statistic>
	<netstat_statistic>
		<udp_pkg_rec>
			<start>5965281218</start>
			<end>13559115763</end>
		</udp_pkg_rec>
		<udp_pkg_snt>
			<start>6601016153</start>
			<end>8948994491</end>
		</udp_pkg_snt>
		<udp_rec_err>
			<start>1045</start>
			<end>1045</end>
		</udp_rec_err>
		<udp_rec_buf_err>
			<start>1045</start>
			<end>1045</end>
		</udp_rec_buf_err>
		<udp_snt_buf_err>
			<start>2</start>
			<end>2</end>
		</udp_snt_buf_err>
	</netstat_statistic>
</test_results>
