<?xml version="1.0"?>
<test_results>
	<status>STATUS_SUCCESS</status>
	<custom>
		<num_loss>58</num_loss>
		<num_total>9000001</num_total>
		<num_misses>0</num_misses>
		<elapsed_time>3509.996708</elapsed_time>
		<query />
	</custom>
	<ethtool_statistic>
		<rx_packets>
			<start>6425110582</start>
			<end>6708922144</end>
		</rx_packets>
		<tx_packets>
			<start>10430437090</start>
			<end>10855935007</end>
		</tx_packets>
		<rx_dropped>
			<start>0</start>
			<end>0</end>
		</rx_dropped>
		<tx_dropped>
			<start>0</start>
			<end>0</end>
		</tx_dropped>
		<collisions>
			<start>0</start>
			<end>0</end>
		</collisions>
		<port_tx_errors>
			<start>0</start>
			<end>0</end>
		</port_tx_errors>
		<port_rx_dropped>
			<start>0</start>
			<end>0</end>
		</port_rx_dropped>
		<port_tx_dropped_link_down>
			<start>0</start>
			<end>0</end>
		</port_tx_dropped_link_down>
	</ethtool_statistic>
	<ip_statistic>
		<mtu>
			<start>9000</start>
			<end>9000</end>
		</mtu>
		<rx_bytes>
			<start>26417964158089</start>
			<end>27577423271010</end>
		</rx_bytes>
		<rx_packets>
			<start>6425110671</start>
			<end>6708922465</end>
		</rx_packets>
		<rx_errors>
			<start>0</start>
			<end>0</end>
		</rx_errors>
		<rx_dropped>
			<start>0</start>
			<end>0</end>
		</rx_dropped>
		<rx_missed>
			<start>0</start>
			<end>0</end>
		</rx_missed>
		<rx_mcast>
			<start>2679</start>
			<end>2724</end>
		</rx_mcast>
		<tx_bytes>
			<start>33360440848533</start>
			<end>34842944435089</end>
		</tx_bytes>
		<tx_packets>
			<start>10430437625</start>
			<end>10855935551</end>
		</tx_packets>
		<tx_errors>
			<start>0</start>
			<end>0</end>
		</tx_errors>
		<tx_dropped>
			<start>0</start>
			<end>0</end>
		</tx_dropped>
		<tx_carrier>
			<start>0</start>
			<end>0</end>
		</tx_carrier>
		<tx_collisions>
			<start>0</start>
			<end>0</end>
		</tx_collisions>
	</ip_statistic>
	<netstat_statistic>
		<udp_pkg_rec>
			<start>5473514452</start>
			<end>5718867472</end>
		</udp_pkg_rec>
		<udp_pkg_snt>
			<start>9633117930</start>
			<end>9995634080</end>
		</udp_pkg_snt>
		<udp_rec_err>
			<start>952454688</start>
			<end>990931436</end>
		</udp_rec_err>
		<udp_rec_buf_err>
			<start>952454688</start>
			<end>990931436</end>
		</udp_rec_buf_err>
		<udp_snt_buf_err>
			<start>0</start>
			<end>0</end>
		</udp_snt_buf_err>
	</netstat_statistic>
</test_results>
