<?xml version="1.0"?>
<test_results>
	<status>STATUS_SUCCESS</status>
	<custom>
		<num_loss>94</num_loss>
		<num_total>5000001</num_total>
		<num_misses>85</num_misses>
		<elapsed_time>400.002920</elapsed_time>
		<query>
			<report>
				<misses>100000</misses>
				<total>0</total>
				<timestamp>8.000436</timestamp>
			</report>
			<report>
				<misses>200000</misses>
				<total>5</total>
				<timestamp>16.000544</timestamp>
			</report>
			<report>
				<misses>300000</misses>
				<total>7</total>
				<timestamp>24.000484</timestamp>
			</report>
			<report>
				<misses>400000</misses>
				<total>12</total>
				<timestamp>32.000426</timestamp>
			</report>
			<report>
				<misses>500000</misses>
				<total>14</total>
				<timestamp>40.000418</timestamp>
			</report>
			<report>
				<misses>600000</misses>
				<total>18</total>
				<timestamp>48.000335</timestamp>
			</report>
			<report>
				<misses>700000</misses>
				<total>18</total>
				<timestamp>56.000304</timestamp>
			</report>
			<report>
				<misses>800000</misses>
				<total>21</total>
				<timestamp>64.000170</timestamp>
			</report>
			<report>
				<misses>900000</misses>
				<total>23</total>
				<timestamp>72.000103</timestamp>
			</report>
			<report>
				<misses>1000000</misses>
				<total>23</total>
				<timestamp>80.000012</timestamp>
			</report>
			<report>
				<misses>1100000</misses>
				<total>24</total>
				<timestamp>87.999960</timestamp>
			</report>
			<report>
				<misses>1200000</misses>
				<total>25</total>
				<timestamp>95.999978</timestamp>
			</report>
			<report>
				<misses>1300000</misses>
				<total>25</total>
				<timestamp>104.000093</timestamp>
			</report>
			<report>
				<misses>1400000</misses>
				<total>31</total>
				<timestamp>112.000252</timestamp>
			</report>
			<report>
				<misses>1500000</misses>
				<total>38</total>
				<timestamp>120.000336</timestamp>
			</report>
			<report>
				<misses>1600000</misses>
				<total>41</total>
				<timestamp>128.000486</timestamp>
			</report>
			<report>
				<misses>1700000</misses>
				<total>42</total>
				<timestamp>136.000822</timestamp>
			</report>
			<report>
				<misses>1800000</misses>
				<total>42</total>
				<timestamp>144.001392</timestamp>
			</report>
			<report>
				<misses>1900000</misses>
				<total>42</total>
				<timestamp>152.001461</timestamp>
			</report>
			<report>
				<misses>2000000</misses>
				<total>43</total>
				<timestamp>160.001534</timestamp>
			</report>
			<report>
				<misses>2100000</misses>
				<total>47</total>
				<timestamp>168.001688</timestamp>
			</report>
			<report>
				<misses>2200000</misses>
				<total>47</total>
				<timestamp>176.001691</timestamp>
			</report>
			<report>
				<misses>2300000</misses>
				<total>53</total>
				<timestamp>184.001849</timestamp>
			</report>
			<report>
				<misses>2400000</misses>
				<total>57</total>
				<timestamp>192.002091</timestamp>
			</report>
			<report>
				<misses>2500000</misses>
				<total>59</total>
				<timestamp>200.002169</timestamp>
			</report>
			<report>
				<misses>2600000</misses>
				<total>63</total>
				<timestamp>208.002088</timestamp>
			</report>
			<report>
				<misses>2700000</misses>
				<total>66</total>
				<timestamp>216.002474</timestamp>
			</report>
			<report>
				<misses>2800000</misses>
				<total>66</total>
				<timestamp>224.002369</timestamp>
			</report>
			<report>
				<misses>2900000</misses>
				<total>68</total>
				<timestamp>232.002576</timestamp>
			</report>
			<report>
				<misses>3000000</misses>
				<total>68</total>
				<timestamp>240.002897</timestamp>
			</report>
			<report>
				<misses>3100000</misses>
				<total>69</total>
				<timestamp>248.002978</timestamp>
			</report>
			<report>
				<misses>3200000</misses>
				<total>69</total>
				<timestamp>256.002894</timestamp>
			</report>
			<report>
				<misses>3300000</misses>
				<total>75</total>
				<timestamp>264.003053</timestamp>
			</report>
			<report>
				<misses>3400000</misses>
				<total>79</total>
				<timestamp>272.003228</timestamp>
			</report>
			<report>
				<misses>3500000</misses>
				<total>83</total>
				<timestamp>280.003229</timestamp>
			</report>
			<report>
				<misses>3600000</misses>
				<total>83</total>
				<timestamp>288.003130</timestamp>
			</report>
			<report>
				<misses>3700000</misses>
				<total>83</total>
				<timestamp>296.003064</timestamp>
			</report>
			<report>
				<misses>3800000</misses>
				<total>84</total>
				<timestamp>304.002975</timestamp>
			</report>
			<report>
				<misses>3900000</misses>
				<total>84</total>
				<timestamp>312.002932</timestamp>
			</report>
			<report>
				<misses>4000000</misses>
				<total>84</total>
				<timestamp>320.002810</timestamp>
			</report>
			<report>
				<misses>4100000</misses>
				<total>86</total>
				<timestamp>328.002742</timestamp>
			</report>
			<report>
				<misses>4200000</misses>
				<total>87</total>
				<timestamp>336.002667</timestamp>
			</report>
			<report>
				<misses>4300000</misses>
				<total>87</total>
				<timestamp>344.002913</timestamp>
			</report>
			<report>
				<misses>4400000</misses>
				<total>87</total>
				<timestamp>352.002818</timestamp>
			</report>
			<report>
				<misses>4500000</misses>
				<total>91</total>
				<timestamp>360.002982</timestamp>
			</report>
			<report>
				<misses>4600000</misses>
				<total>92</total>
				<timestamp>368.002885</timestamp>
			</report>
			<report>
				<misses>4700000</misses>
				<total>93</total>
				<timestamp>376.002884</timestamp>
			</report>
			<report>
				<misses>4800000</misses>
				<total>93</total>
				<timestamp>384.002896</timestamp>
			</report>
			<report>
				<misses>4900000</misses>
				<total>93</total>
				<timestamp>392.002810</timestamp>
			</report>
			<report>
				<misses>5000000</misses>
				<total>94</total>
				<timestamp>400.002895</timestamp>
			</report>
		</query>
	</custom>
	<ethtool_statistic>
		<rx_packets>
			<start>2738276858</start>
			<end>2757125648</end>
		</rx_packets>
		<tx_packets>
			<start>3096173720</start>
			<end>3112486719</end>
		</tx_packets>
		<rx_dropped>
			<start>0</start>
			<end>0</end>
		</rx_dropped>
		<tx_dropped>
			<start>0</start>
			<end>0</end>
		</tx_dropped>
		<collisions>
			<start>0</start>
			<end>0</end>
		</collisions>
		<port_tx_errors>
			<start>0</start>
			<end>0</end>
		</port_tx_errors>
		<port_rx_dropped>
			<start>0</start>
			<end>0</end>
		</port_rx_dropped>
		<port_tx_dropped_link_down>
			<start>0</start>
			<end>0</end>
		</port_tx_dropped_link_down>
	</ethtool_statistic>
	<ip_statistic>
		<mtu>
			<start>9000</start>
			<end>9000</end>
		</mtu>
		<rx_bytes>
			<start>24616161503703</start>
			<end>24785609960536</end>
		</rx_bytes>
		<rx_packets>
			<start>2738276929</start>
			<end>2757125729</end>
		</rx_packets>
		<rx_errors>
			<start>0</start>
			<end>0</end>
		</rx_errors>
		<rx_dropped>
			<start>0</start>
			<end>0</end>
		</rx_dropped>
		<rx_missed>
			<start>0</start>
			<end>0</end>
		</rx_missed>
		<rx_mcast>
			<start>527</start>
			<end>532</end>
		</rx_mcast>
		<tx_bytes>
			<start>15953826174854</start>
			<end>16100238179036</end>
		</tx_bytes>
		<tx_packets>
			<start>3096173799</start>
			<end>3112486794</end>
		</tx_packets>
		<tx_errors>
			<start>0</start>
			<end>0</end>
		</tx_errors>
		<tx_dropped>
			<start>0</start>
			<end>0</end>
		</tx_dropped>
		<tx_carrier>
			<start>0</start>
			<end>0</end>
		</tx_carrier>
		<tx_collisions>
			<start>0</start>
			<end>0</end>
		</tx_collisions>
	</ip_statistic>
	<netstat_statistic>
		<udp_pkg_rec>
			<start>2580514774</start>
			<end>2598595313</end>
		</udp_pkg_rec>
		<udp_pkg_snt>
			<start>3096414510</start>
			<end>3112730543</end>
		</udp_pkg_snt>
		<udp_rec_err>
			<start>157999111</start>
			<end>158769356</end>
		</udp_rec_err>
		<udp_rec_buf_err>
			<start>157999111</start>
			<end>158769356</end>
		</udp_rec_buf_err>
		<udp_snt_buf_err>
			<start>0</start>
			<end>0</end>
		</udp_snt_buf_err>
	</netstat_statistic>
</test_results>
