<?xml version="1.0"?>
<test_results>
	<status>STATUS_SUCCESS</status>
	<custom>
		<num_loss>372017</num_loss>
		<num_total>1000001</num_total>
		<num_misses>37</num_misses>
		<elapsed_time>150.005639</elapsed_time>
		<query />
	</custom>
	<ethtool_statistic>
		<rx_packets>
			<start>3789767869</start>
			<end>3802641099</end>
		</rx_packets>
		<tx_packets>
			<start>6249545366</start>
			<end>6273352010</end>
		</tx_packets>
		<rx_dropped>
			<start>0</start>
			<end>0</end>
		</rx_dropped>
		<tx_dropped>
			<start>0</start>
			<end>0</end>
		</tx_dropped>
		<collisions>
			<start>0</start>
			<end>0</end>
		</collisions>
		<port_tx_errors>
			<start>0</start>
			<end>0</end>
		</port_tx_errors>
		<port_rx_dropped>
			<start>0</start>
			<end>0</end>
		</port_rx_dropped>
		<port_tx_dropped_link_down>
			<start>0</start>
			<end>0</end>
		</port_tx_dropped_link_down>
	</ethtool_statistic>
	<ip_statistic>
		<mtu>
			<start>9000</start>
			<end>9000</end>
		</mtu>
		<rx_bytes>
			<start>15493104825513</start>
			<end>15544778706678</end>
		</rx_bytes>
		<rx_packets>
			<start>3789768148</start>
			<end>3802641234</end>
		</rx_packets>
		<rx_errors>
			<start>0</start>
			<end>0</end>
		</rx_errors>
		<rx_dropped>
			<start>0</start>
			<end>0</end>
		</rx_dropped>
		<rx_missed>
			<start>0</start>
			<end>0</end>
		</rx_missed>
		<rx_mcast>
			<start>2246</start>
			<end>2253</end>
		</rx_mcast>
		<tx_bytes>
			<start>18082363825315</start>
			<end>18187436708863</end>
		</tx_bytes>
		<tx_packets>
			<start>6249545787</start>
			<end>6273352445</end>
		</tx_packets>
		<tx_errors>
			<start>0</start>
			<end>0</end>
		</tx_errors>
		<tx_dropped>
			<start>0</start>
			<end>0</end>
		</tx_dropped>
		<tx_carrier>
			<start>0</start>
			<end>0</end>
		</tx_carrier>
		<tx_collisions>
			<start>0</start>
			<end>0</end>
		</tx_collisions>
	</ip_statistic>
	<netstat_statistic>
		<udp_pkg_rec>
			<start>3181963703</start>
			<end>3192597222</end>
		</udp_pkg_rec>
		<udp_pkg_snt>
			<start>6180051489</start>
			<end>6196859113</end>
		</udp_pkg_snt>
		<udp_rec_err>
			<start>608492255</start>
			<end>610732416</end>
		</udp_rec_err>
		<udp_rec_buf_err>
			<start>608492255</start>
			<end>610732416</end>
		</udp_rec_buf_err>
		<udp_snt_buf_err>
			<start>0</start>
			<end>0</end>
		</udp_snt_buf_err>
	</netstat_statistic>
</test_results>
