<?xml version="1.0"?>
<test_results>
	<status>STATUS_SUCCESS</status>
	<custom>
		<num_loss>109</num_loss>
		<num_total>370833467</num_total>
		<num_misses>1069157964</num_misses>
		<elapsed_time>3599.969310</elapsed_time>
		<query>
			<report>
				<misses>100001</misses>
				<total>0</total>
				<timestamp>0.995933</timestamp>
			</report>
			<report>
				<misses>200001</misses>
				<total>0</total>
				<timestamp>1.997648</timestamp>
			</report>
			<report>
				<misses>300001</misses>
				<total>0</total>
				<timestamp>3.015135</timestamp>
			</report>
			<report>
				<misses>400001</misses>
				<total>0</total>
				<timestamp>4.031539</timestamp>
			</report>
			<report>
				<misses>500001</misses>
				<total>0</total>
				<timestamp>5.048951</timestamp>
			</report>
			<report>
				<misses>600001</misses>
				<total>0</total>
				<timestamp>6.053173</timestamp>
			</report>
			<report>
				<misses>700001</misses>
				<total>0</total>
				<timestamp>7.023933</timestamp>
			</report>
			<report>
				<misses>800001</misses>
				<total>0</total>
				<timestamp>7.994580</timestamp>
			</report>
			<report>
				<misses>900001</misses>
				<total>0</total>
				<timestamp>8.965303</timestamp>
			</report>
			<report>
				<misses>1000001</misses>
				<total>0</total>
				<timestamp>9.936384</timestamp>
			</report>
			<report>
				<misses>1100001</misses>
				<total>0</total>
				<timestamp>10.906954</timestamp>
			</report>
			<report>
				<misses>1200001</misses>
				<total>0</total>
				<timestamp>11.877602</timestamp>
			</report>
			<report>
				<misses>1300001</misses>
				<total>0</total>
				<timestamp>12.848351</timestamp>
			</report>
			<report>
				<misses>1400001</misses>
				<total>0</total>
				<timestamp>13.819410</timestamp>
			</report>
			<report>
				<misses>1500001</misses>
				<total>0</total>
				<timestamp>14.790052</timestamp>
			</report>
			<report>
				<misses>1600001</misses>
				<total>0</total>
				<timestamp>15.761126</timestamp>
			</report>
			<report>
				<misses>1700001</misses>
				<total>0</total>
				<timestamp>16.731694</timestamp>
			</report>
			<report>
				<misses>1800001</misses>
				<total>0</total>
				<timestamp>17.702703</timestamp>
			</report>
			<report>
				<misses>1900001</misses>
				<total>0</total>
				<timestamp>18.673520</timestamp>
			</report>
			<report>
				<misses>2000001</misses>
				<total>0</total>
				<timestamp>19.644531</timestamp>
			</report>
			<report>
				<misses>2100001</misses>
				<total>0</total>
				<timestamp>20.615285</timestamp>
			</report>
			<report>
				<misses>2200001</misses>
				<total>0</total>
				<timestamp>21.586200</timestamp>
			</report>
			<report>
				<misses>2300001</misses>
				<total>0</total>
				<timestamp>22.556892</timestamp>
			</report>
			<report>
				<misses>2400001</misses>
				<total>22</total>
				<timestamp>23.527751</timestamp>
			</report>
			<report>
				<misses>2500001</misses>
				<total>22</total>
				<timestamp>24.498445</timestamp>
			</report>
			<report>
				<misses>2600001</misses>
				<total>22</total>
				<timestamp>25.469249</timestamp>
			</report>
			<report>
				<misses>2700001</misses>
				<total>22</total>
				<timestamp>26.439944</timestamp>
			</report>
			<report>
				<misses>2800001</misses>
				<total>22</total>
				<timestamp>27.410967</timestamp>
			</report>
			<report>
				<misses>2900001</misses>
				<total>22</total>
				<timestamp>28.381752</timestamp>
			</report>
			<report>
				<misses>3000001</misses>
				<total>22</total>
				<timestamp>29.352749</timestamp>
			</report>
			<report>
				<misses>3100001</misses>
				<total>22</total>
				<timestamp>30.323655</timestamp>
			</report>
			<report>
				<misses>3200001</misses>
				<total>22</total>
				<timestamp>31.294761</timestamp>
			</report>
			<report>
				<misses>3300001</misses>
				<total>22</total>
				<timestamp>32.265524</timestamp>
			</report>
			<report>
				<misses>3400001</misses>
				<total>22</total>
				<timestamp>33.236713</timestamp>
			</report>
			<report>
				<misses>3500001</misses>
				<total>22</total>
				<timestamp>34.207486</timestamp>
			</report>
			<report>
				<misses>3600001</misses>
				<total>22</total>
				<timestamp>35.178734</timestamp>
			</report>
			<report>
				<misses>3700001</misses>
				<total>22</total>
				<timestamp>36.149597</timestamp>
			</report>
			<report>
				<misses>3800001</misses>
				<total>22</total>
				<timestamp>37.120765</timestamp>
			</report>
			<report>
				<misses>3900001</misses>
				<total>22</total>
				<timestamp>38.091593</timestamp>
			</report>
			<report>
				<misses>4000001</misses>
				<total>22</total>
				<timestamp>39.062880</timestamp>
			</report>
			<report>
				<misses>4100001</misses>
				<total>22</total>
				<timestamp>40.033646</timestamp>
			</report>
			<report>
				<misses>4200001</misses>
				<total>22</total>
				<timestamp>41.004849</timestamp>
			</report>
			<report>
				<misses>4300001</misses>
				<total>22</total>
				<timestamp>41.975805</timestamp>
			</report>
			<report>
				<misses>4400001</misses>
				<total>22</total>
				<timestamp>42.946637</timestamp>
			</report>
			<report>
				<misses>4500001</misses>
				<total>22</total>
				<timestamp>43.917534</timestamp>
			</report>
			<report>
				<misses>4600001</misses>
				<total>22</total>
				<timestamp>44.888493</timestamp>
			</report>
			<report>
				<misses>4700001</misses>
				<total>22</total>
				<timestamp>45.859200</timestamp>
			</report>
			<report>
				<misses>4800001</misses>
				<total>22</total>
				<timestamp>46.828201</timestamp>
			</report>
			<report>
				<misses>4900001</misses>
				<total>22</total>
				<timestamp>47.797258</timestamp>
			</report>
			<report>
				<misses>5000001</misses>
				<total>22</total>
				<timestamp>48.766353</timestamp>
			</report>
			<report>
				<misses>5100001</misses>
				<total>22</total>
				<timestamp>49.735183</timestamp>
			</report>
			<report>
				<misses>5200001</misses>
				<total>22</total>
				<timestamp>50.704286</timestamp>
			</report>
			<report>
				<misses>5300001</misses>
				<total>22</total>
				<timestamp>51.673185</timestamp>
			</report>
			<report>
				<misses>5400001</misses>
				<total>22</total>
				<timestamp>52.642491</timestamp>
			</report>
			<report>
				<misses>5500001</misses>
				<total>22</total>
				<timestamp>53.611375</timestamp>
			</report>
			<report>
				<misses>5600001</misses>
				<total>22</total>
				<timestamp>54.580997</timestamp>
			</report>
			<report>
				<misses>5700001</misses>
				<total>22</total>
				<timestamp>55.549798</timestamp>
			</report>
			<report>
				<misses>5800001</misses>
				<total>22</total>
				<timestamp>56.518609</timestamp>
			</report>
			<report>
				<misses>5900001</misses>
				<total>22</total>
				<timestamp>57.487433</timestamp>
			</report>
			<report>
				<misses>6000001</misses>
				<total>22</total>
				<timestamp>58.456290</timestamp>
			</report>
			<report>
				<misses>6100001</misses>
				<total>22</total>
				<timestamp>59.425237</timestamp>
			</report>
			<report>
				<misses>6200001</misses>
				<total>22</total>
				<timestamp>60.394363</timestamp>
			</report>
			<report>
				<misses>6300001</misses>
				<total>22</total>
				<timestamp>61.363269</timestamp>
			</report>
			<report>
				<misses>6400001</misses>
				<total>22</total>
				<timestamp>62.332451</timestamp>
			</report>
			<report>
				<misses>6500001</misses>
				<total>22</total>
				<timestamp>63.301303</timestamp>
			</report>
			<report>
				<misses>6600001</misses>
				<total>22</total>
				<timestamp>64.270427</timestamp>
			</report>
			<report>
				<misses>6700001</misses>
				<total>22</total>
				<timestamp>65.239321</timestamp>
			</report>
			<report>
				<misses>6800001</misses>
				<total>22</total>
				<timestamp>66.208520</timestamp>
			</report>
			<report>
				<misses>6900001</misses>
				<total>22</total>
				<timestamp>67.177510</timestamp>
			</report>
			<report>
				<misses>7000001</misses>
				<total>22</total>
				<timestamp>68.146080</timestamp>
			</report>
			<report>
				<misses>7100001</misses>
				<total>22</total>
				<timestamp>69.115049</timestamp>
			</report>
			<report>
				<misses>7200001</misses>
				<total>22</total>
				<timestamp>70.084348</timestamp>
			</report>
			<report>
				<misses>7300001</misses>
				<total>22</total>
				<timestamp>71.053457</timestamp>
			</report>
			<report>
				<misses>7400001</misses>
				<total>22</total>
				<timestamp>72.022762</timestamp>
			</report>
			<report>
				<misses>7500001</misses>
				<total>22</total>
				<timestamp>72.991637</timestamp>
			</report>
			<report>
				<misses>7600001</misses>
				<total>22</total>
				<timestamp>73.960694</timestamp>
			</report>
			<report>
				<misses>7700001</misses>
				<total>22</total>
				<timestamp>74.929581</timestamp>
			</report>
			<report>
				<misses>7800001</misses>
				<total>22</total>
				<timestamp>75.898473</timestamp>
			</report>
			<report>
				<misses>7900001</misses>
				<total>22</total>
				<timestamp>76.867649</timestamp>
			</report>
			<report>
				<misses>8000001</misses>
				<total>22</total>
				<timestamp>77.836523</timestamp>
			</report>
			<report>
				<misses>8100001</misses>
				<total>22</total>
				<timestamp>78.805351</timestamp>
			</report>
			<report>
				<misses>8200001</misses>
				<total>22</total>
				<timestamp>79.774518</timestamp>
			</report>
			<report>
				<misses>8300001</misses>
				<total>22</total>
				<timestamp>80.743446</timestamp>
			</report>
			<report>
				<misses>8400001</misses>
				<total>22</total>
				<timestamp>81.712779</timestamp>
			</report>
			<report>
				<misses>8500001</misses>
				<total>22</total>
				<timestamp>82.681587</timestamp>
			</report>
			<report>
				<misses>8600001</misses>
				<total>22</total>
				<timestamp>83.650585</timestamp>
			</report>
			<report>
				<misses>8700001</misses>
				<total>22</total>
				<timestamp>84.619539</timestamp>
			</report>
			<report>
				<misses>8800001</misses>
				<total>22</total>
				<timestamp>85.588563</timestamp>
			</report>
			<report>
				<misses>8900001</misses>
				<total>22</total>
				<timestamp>86.557457</timestamp>
			</report>
			<report>
				<misses>9000001</misses>
				<total>22</total>
				<timestamp>87.526787</timestamp>
			</report>
			<report>
				<misses>9100001</misses>
				<total>22</total>
				<timestamp>88.495611</timestamp>
			</report>
			<report>
				<misses>9200001</misses>
				<total>22</total>
				<timestamp>89.464671</timestamp>
			</report>
			<report>
				<misses>9300001</misses>
				<total>22</total>
				<timestamp>90.433663</timestamp>
			</report>
			<report>
				<misses>9400001</misses>
				<total>22</total>
				<timestamp>91.402913</timestamp>
			</report>
			<report>
				<misses>9500001</misses>
				<total>22</total>
				<timestamp>92.371841</timestamp>
			</report>
			<report>
				<misses>9600001</misses>
				<total>22</total>
				<timestamp>93.341070</timestamp>
			</report>
			<report>
				<misses>9700001</misses>
				<total>22</total>
				<timestamp>94.310193</timestamp>
			</report>
			<report>
				<misses>9800001</misses>
				<total>22</total>
				<timestamp>95.279329</timestamp>
			</report>
			<report>
				<misses>9900001</misses>
				<total>22</total>
				<timestamp>96.248664</timestamp>
			</report>
			<report>
				<misses>10000001</misses>
				<total>22</total>
				<timestamp>97.217532</timestamp>
			</report>
			<report>
				<misses>10100001</misses>
				<total>22</total>
				<timestamp>98.186590</timestamp>
			</report>
			<report>
				<misses>10200001</misses>
				<total>22</total>
				<timestamp>99.155354</timestamp>
			</report>
			<report>
				<misses>10300001</misses>
				<total>22</total>
				<timestamp>100.124794</timestamp>
			</report>
			<report>
				<misses>10400001</misses>
				<total>22</total>
				<timestamp>101.093581</timestamp>
			</report>
			<report>
				<misses>10500001</misses>
				<total>22</total>
				<timestamp>102.062531</timestamp>
			</report>
			<report>
				<misses>10600001</misses>
				<total>22</total>
				<timestamp>103.031436</timestamp>
			</report>
			<report>
				<misses>10700001</misses>
				<total>22</total>
				<timestamp>104.001010</timestamp>
			</report>
			<report>
				<misses>10800001</misses>
				<total>22</total>
				<timestamp>104.969668</timestamp>
			</report>
			<report>
				<misses>10900001</misses>
				<total>22</total>
				<timestamp>105.938382</timestamp>
			</report>
			<report>
				<misses>11000001</misses>
				<total>22</total>
				<timestamp>106.907409</timestamp>
			</report>
			<report>
				<misses>11100001</misses>
				<total>22</total>
				<timestamp>107.876072</timestamp>
			</report>
			<report>
				<misses>11200001</misses>
				<total>22</total>
				<timestamp>108.844938</timestamp>
			</report>
			<report>
				<misses>11300001</misses>
				<total>22</total>
				<timestamp>109.813711</timestamp>
			</report>
			<report>
				<misses>11400001</misses>
				<total>22</total>
				<timestamp>110.782500</timestamp>
			</report>
			<report>
				<misses>11500001</misses>
				<total>22</total>
				<timestamp>111.751508</timestamp>
			</report>
			<report>
				<misses>11600001</misses>
				<total>22</total>
				<timestamp>112.720244</timestamp>
			</report>
			<report>
				<misses>11700001</misses>
				<total>22</total>
				<timestamp>113.689540</timestamp>
			</report>
			<report>
				<misses>11800001</misses>
				<total>22</total>
				<timestamp>114.658413</timestamp>
			</report>
			<report>
				<misses>11900001</misses>
				<total>22</total>
				<timestamp>115.627703</timestamp>
			</report>
			<report>
				<misses>12000001</misses>
				<total>22</total>
				<timestamp>116.596542</timestamp>
			</report>
			<report>
				<misses>12100001</misses>
				<total>22</total>
				<timestamp>117.565703</timestamp>
			</report>
			<report>
				<misses>12200001</misses>
				<total>22</total>
				<timestamp>118.534415</timestamp>
			</report>
			<report>
				<misses>12300001</misses>
				<total>22</total>
				<timestamp>119.503697</timestamp>
			</report>
			<report>
				<misses>12400001</misses>
				<total>22</total>
				<timestamp>120.472507</timestamp>
			</report>
			<report>
				<misses>12500001</misses>
				<total>22</total>
				<timestamp>121.441554</timestamp>
			</report>
			<report>
				<misses>12600001</misses>
				<total>22</total>
				<timestamp>122.410340</timestamp>
			</report>
			<report>
				<misses>12700001</misses>
				<total>22</total>
				<timestamp>123.379442</timestamp>
			</report>
			<report>
				<misses>12800001</misses>
				<total>22</total>
				<timestamp>124.348404</timestamp>
			</report>
			<report>
				<misses>12900001</misses>
				<total>22</total>
				<timestamp>125.317537</timestamp>
			</report>
			<report>
				<misses>13000001</misses>
				<total>22</total>
				<timestamp>126.286342</timestamp>
			</report>
			<report>
				<misses>13100001</misses>
				<total>22</total>
				<timestamp>127.255288</timestamp>
			</report>
			<report>
				<misses>13200001</misses>
				<total>22</total>
				<timestamp>128.223865</timestamp>
			</report>
			<report>
				<misses>13300001</misses>
				<total>22</total>
				<timestamp>129.193183</timestamp>
			</report>
			<report>
				<misses>13400001</misses>
				<total>22</total>
				<timestamp>130.161900</timestamp>
			</report>
			<report>
				<misses>13500001</misses>
				<total>22</total>
				<timestamp>131.131173</timestamp>
			</report>
			<report>
				<misses>13600001</misses>
				<total>22</total>
				<timestamp>132.100047</timestamp>
			</report>
			<report>
				<misses>13700001</misses>
				<total>22</total>
				<timestamp>133.069338</timestamp>
			</report>
			<report>
				<misses>13800001</misses>
				<total>22</total>
				<timestamp>134.038167</timestamp>
			</report>
			<report>
				<misses>13900001</misses>
				<total>22</total>
				<timestamp>135.007363</timestamp>
			</report>
			<report>
				<misses>14000001</misses>
				<total>22</total>
				<timestamp>135.976298</timestamp>
			</report>
			<report>
				<misses>14100001</misses>
				<total>22</total>
				<timestamp>136.945277</timestamp>
			</report>
			<report>
				<misses>14200001</misses>
				<total>22</total>
				<timestamp>137.914065</timestamp>
			</report>
			<report>
				<misses>14300001</misses>
				<total>22</total>
				<timestamp>138.883165</timestamp>
			</report>
			<report>
				<misses>14400001</misses>
				<total>22</total>
				<timestamp>139.852304</timestamp>
			</report>
			<report>
				<misses>14500001</misses>
				<total>22</total>
				<timestamp>140.821458</timestamp>
			</report>
			<report>
				<misses>14600001</misses>
				<total>22</total>
				<timestamp>141.790339</timestamp>
			</report>
			<report>
				<misses>14700001</misses>
				<total>22</total>
				<timestamp>142.759758</timestamp>
			</report>
			<report>
				<misses>14800001</misses>
				<total>22</total>
				<timestamp>143.728841</timestamp>
			</report>
			<report>
				<misses>14900001</misses>
				<total>22</total>
				<timestamp>144.698038</timestamp>
			</report>
			<report>
				<misses>15000001</misses>
				<total>22</total>
				<timestamp>145.667496</timestamp>
			</report>
			<report>
				<misses>15100001</misses>
				<total>22</total>
				<timestamp>146.636471</timestamp>
			</report>
			<report>
				<misses>15200001</misses>
				<total>22</total>
				<timestamp>147.605037</timestamp>
			</report>
			<report>
				<misses>15300001</misses>
				<total>22</total>
				<timestamp>148.574389</timestamp>
			</report>
			<report>
				<misses>15400001</misses>
				<total>22</total>
				<timestamp>149.543295</timestamp>
			</report>
			<report>
				<misses>15500001</misses>
				<total>22</total>
				<timestamp>150.512360</timestamp>
			</report>
			<report>
				<misses>15600001</misses>
				<total>22</total>
				<timestamp>151.481087</timestamp>
			</report>
			<report>
				<misses>15700001</misses>
				<total>22</total>
				<timestamp>152.450327</timestamp>
			</report>
			<report>
				<misses>15800001</misses>
				<total>22</total>
				<timestamp>153.419270</timestamp>
			</report>
			<report>
				<misses>15900001</misses>
				<total>22</total>
				<timestamp>154.388436</timestamp>
			</report>
			<report>
				<misses>16000001</misses>
				<total>22</total>
				<timestamp>155.357333</timestamp>
			</report>
			<report>
				<misses>16100001</misses>
				<total>22</total>
				<timestamp>156.326514</timestamp>
			</report>
			<report>
				<misses>16200001</misses>
				<total>22</total>
				<timestamp>157.295411</timestamp>
			</report>
			<report>
				<misses>16300001</misses>
				<total>22</total>
				<timestamp>158.264151</timestamp>
			</report>
			<report>
				<misses>16400001</misses>
				<total>22</total>
				<timestamp>159.232921</timestamp>
			</report>
			<report>
				<misses>16500001</misses>
				<total>22</total>
				<timestamp>160.202165</timestamp>
			</report>
			<report>
				<misses>16600001</misses>
				<total>22</total>
				<timestamp>161.171722</timestamp>
			</report>
			<report>
				<misses>16700001</misses>
				<total>22</total>
				<timestamp>162.140367</timestamp>
			</report>
			<report>
				<misses>16800001</misses>
				<total>22</total>
				<timestamp>163.109656</timestamp>
			</report>
			<report>
				<misses>16900001</misses>
				<total>22</total>
				<timestamp>164.078754</timestamp>
			</report>
			<report>
				<misses>17000001</misses>
				<total>22</total>
				<timestamp>165.047879</timestamp>
			</report>
			<report>
				<misses>17100001</misses>
				<total>22</total>
				<timestamp>166.016734</timestamp>
			</report>
			<report>
				<misses>17200001</misses>
				<total>22</total>
				<timestamp>166.986201</timestamp>
			</report>
			<report>
				<misses>17300001</misses>
				<total>22</total>
				<timestamp>167.955120</timestamp>
			</report>
			<report>
				<misses>17400001</misses>
				<total>22</total>
				<timestamp>168.924286</timestamp>
			</report>
			<report>
				<misses>17500001</misses>
				<total>22</total>
				<timestamp>169.892896</timestamp>
			</report>
			<report>
				<misses>17600001</misses>
				<total>22</total>
				<timestamp>170.861905</timestamp>
			</report>
			<report>
				<misses>17700001</misses>
				<total>22</total>
				<timestamp>171.830928</timestamp>
			</report>
			<report>
				<misses>17800001</misses>
				<total>22</total>
				<timestamp>172.800128</timestamp>
			</report>
			<report>
				<misses>17900001</misses>
				<total>22</total>
				<timestamp>173.769139</timestamp>
			</report>
			<report>
				<misses>18000001</misses>
				<total>22</total>
				<timestamp>174.738137</timestamp>
			</report>
			<report>
				<misses>18100001</misses>
				<total>22</total>
				<timestamp>175.707015</timestamp>
			</report>
			<report>
				<misses>18200001</misses>
				<total>22</total>
				<timestamp>176.676258</timestamp>
			</report>
			<report>
				<misses>18300001</misses>
				<total>22</total>
				<timestamp>177.645037</timestamp>
			</report>
			<report>
				<misses>18400001</misses>
				<total>22</total>
				<timestamp>178.614134</timestamp>
			</report>
			<report>
				<misses>18500001</misses>
				<total>22</total>
				<timestamp>179.582989</timestamp>
			</report>
			<report>
				<misses>18600001</misses>
				<total>22</total>
				<timestamp>180.551809</timestamp>
			</report>
			<report>
				<misses>18700001</misses>
				<total>22</total>
				<timestamp>181.520692</timestamp>
			</report>
			<report>
				<misses>18800001</misses>
				<total>22</total>
				<timestamp>182.489622</timestamp>
			</report>
			<report>
				<misses>18900001</misses>
				<total>22</total>
				<timestamp>183.458519</timestamp>
			</report>
			<report>
				<misses>19000001</misses>
				<total>22</total>
				<timestamp>184.427648</timestamp>
			</report>
			<report>
				<misses>19100001</misses>
				<total>22</total>
				<timestamp>185.396637</timestamp>
			</report>
			<report>
				<misses>19200001</misses>
				<total>22</total>
				<timestamp>186.365656</timestamp>
			</report>
			<report>
				<misses>19300001</misses>
				<total>22</total>
				<timestamp>187.334452</timestamp>
			</report>
			<report>
				<misses>19400001</misses>
				<total>22</total>
				<timestamp>188.303362</timestamp>
			</report>
			<report>
				<misses>19500001</misses>
				<total>22</total>
				<timestamp>189.272352</timestamp>
			</report>
			<report>
				<misses>19600001</misses>
				<total>22</total>
				<timestamp>190.241540</timestamp>
			</report>
			<report>
				<misses>19700001</misses>
				<total>22</total>
				<timestamp>191.210607</timestamp>
			</report>
			<report>
				<misses>19800001</misses>
				<total>22</total>
				<timestamp>192.179817</timestamp>
			</report>
			<report>
				<misses>19900001</misses>
				<total>22</total>
				<timestamp>193.148858</timestamp>
			</report>
			<report>
				<misses>20000001</misses>
				<total>22</total>
				<timestamp>194.118037</timestamp>
			</report>
			<report>
				<misses>20100001</misses>
				<total>22</total>
				<timestamp>195.087076</timestamp>
			</report>
			<report>
				<misses>20200001</misses>
				<total>22</total>
				<timestamp>196.056565</timestamp>
			</report>
			<report>
				<misses>20300001</misses>
				<total>22</total>
				<timestamp>197.025495</timestamp>
			</report>
			<report>
				<misses>20400001</misses>
				<total>22</total>
				<timestamp>197.994652</timestamp>
			</report>
			<report>
				<misses>20500001</misses>
				<total>22</total>
				<timestamp>198.963647</timestamp>
			</report>
			<report>
				<misses>20600001</misses>
				<total>22</total>
				<timestamp>199.932729</timestamp>
			</report>
			<report>
				<misses>20700001</misses>
				<total>22</total>
				<timestamp>200.901691</timestamp>
			</report>
			<report>
				<misses>20800001</misses>
				<total>22</total>
				<timestamp>201.870898</timestamp>
			</report>
			<report>
				<misses>20900001</misses>
				<total>22</total>
				<timestamp>202.839670</timestamp>
			</report>
			<report>
				<misses>21000001</misses>
				<total>22</total>
				<timestamp>203.808841</timestamp>
			</report>
			<report>
				<misses>21100001</misses>
				<total>22</total>
				<timestamp>204.777767</timestamp>
			</report>
			<report>
				<misses>21200001</misses>
				<total>22</total>
				<timestamp>205.747188</timestamp>
			</report>
			<report>
				<misses>21300001</misses>
				<total>22</total>
				<timestamp>206.715812</timestamp>
			</report>
			<report>
				<misses>21400001</misses>
				<total>22</total>
				<timestamp>207.684720</timestamp>
			</report>
			<report>
				<misses>21500001</misses>
				<total>22</total>
				<timestamp>208.653480</timestamp>
			</report>
			<report>
				<misses>21600001</misses>
				<total>22</total>
				<timestamp>209.622600</timestamp>
			</report>
			<report>
				<misses>21700001</misses>
				<total>22</total>
				<timestamp>210.591583</timestamp>
			</report>
			<report>
				<misses>21800001</misses>
				<total>22</total>
				<timestamp>211.560913</timestamp>
			</report>
			<report>
				<misses>21900001</misses>
				<total>22</total>
				<timestamp>212.529852</timestamp>
			</report>
			<report>
				<misses>22000001</misses>
				<total>22</total>
				<timestamp>213.499014</timestamp>
			</report>
			<report>
				<misses>22100001</misses>
				<total>22</total>
				<timestamp>214.467808</timestamp>
			</report>
			<report>
				<misses>22200001</misses>
				<total>22</total>
				<timestamp>215.436528</timestamp>
			</report>
			<report>
				<misses>22300001</misses>
				<total>22</total>
				<timestamp>216.405582</timestamp>
			</report>
			<report>
				<misses>22400001</misses>
				<total>22</total>
				<timestamp>217.374777</timestamp>
			</report>
			<report>
				<misses>22500001</misses>
				<total>22</total>
				<timestamp>218.343609</timestamp>
			</report>
			<report>
				<misses>22600001</misses>
				<total>22</total>
				<timestamp>219.313099</timestamp>
			</report>
			<report>
				<misses>22700001</misses>
				<total>22</total>
				<timestamp>220.281876</timestamp>
			</report>
			<report>
				<misses>22800001</misses>
				<total>22</total>
				<timestamp>221.250731</timestamp>
			</report>
			<report>
				<misses>22900001</misses>
				<total>22</total>
				<timestamp>222.219226</timestamp>
			</report>
			<report>
				<misses>23000001</misses>
				<total>22</total>
				<timestamp>223.188390</timestamp>
			</report>
			<report>
				<misses>23100001</misses>
				<total>22</total>
				<timestamp>224.157321</timestamp>
			</report>
			<report>
				<misses>23200001</misses>
				<total>22</total>
				<timestamp>225.126429</timestamp>
			</report>
			<report>
				<misses>23300001</misses>
				<total>22</total>
				<timestamp>226.095163</timestamp>
			</report>
			<report>
				<misses>23400001</misses>
				<total>22</total>
				<timestamp>227.064252</timestamp>
			</report>
			<report>
				<misses>23500001</misses>
				<total>22</total>
				<timestamp>228.033184</timestamp>
			</report>
			<report>
				<misses>23600001</misses>
				<total>22</total>
				<timestamp>229.002583</timestamp>
			</report>
			<report>
				<misses>23700001</misses>
				<total>22</total>
				<timestamp>229.971372</timestamp>
			</report>
			<report>
				<misses>23800001</misses>
				<total>22</total>
				<timestamp>230.940074</timestamp>
			</report>
			<report>
				<misses>23900001</misses>
				<total>22</total>
				<timestamp>231.909209</timestamp>
			</report>
			<report>
				<misses>24000001</misses>
				<total>22</total>
				<timestamp>232.878322</timestamp>
			</report>
			<report>
				<misses>24100001</misses>
				<total>22</total>
				<timestamp>233.847314</timestamp>
			</report>
			<report>
				<misses>24200001</misses>
				<total>22</total>
				<timestamp>234.816257</timestamp>
			</report>
			<report>
				<misses>24300001</misses>
				<total>22</total>
				<timestamp>235.785503</timestamp>
			</report>
			<report>
				<misses>24400001</misses>
				<total>22</total>
				<timestamp>236.754704</timestamp>
			</report>
			<report>
				<misses>24500001</misses>
				<total>27</total>
				<timestamp>237.723684</timestamp>
			</report>
			<report>
				<misses>24600001</misses>
				<total>27</total>
				<timestamp>238.692625</timestamp>
			</report>
			<report>
				<misses>24700001</misses>
				<total>27</total>
				<timestamp>239.661793</timestamp>
			</report>
			<report>
				<misses>24800001</misses>
				<total>27</total>
				<timestamp>240.630674</timestamp>
			</report>
			<report>
				<misses>24900001</misses>
				<total>27</total>
				<timestamp>241.599746</timestamp>
			</report>
			<report>
				<misses>25000001</misses>
				<total>27</total>
				<timestamp>242.568662</timestamp>
			</report>
			<report>
				<misses>25100001</misses>
				<total>27</total>
				<timestamp>243.537576</timestamp>
			</report>
			<report>
				<misses>25200001</misses>
				<total>27</total>
				<timestamp>244.506177</timestamp>
			</report>
			<report>
				<misses>25300001</misses>
				<total>27</total>
				<timestamp>245.474984</timestamp>
			</report>
			<report>
				<misses>25400001</misses>
				<total>27</total>
				<timestamp>246.443885</timestamp>
			</report>
			<report>
				<misses>25500001</misses>
				<total>27</total>
				<timestamp>247.412630</timestamp>
			</report>
			<report>
				<misses>25600001</misses>
				<total>27</total>
				<timestamp>248.381377</timestamp>
			</report>
			<report>
				<misses>25700001</misses>
				<total>27</total>
				<timestamp>249.350394</timestamp>
			</report>
			<report>
				<misses>25800001</misses>
				<total>27</total>
				<timestamp>250.319219</timestamp>
			</report>
			<report>
				<misses>25900001</misses>
				<total>27</total>
				<timestamp>251.288144</timestamp>
			</report>
			<report>
				<misses>26000001</misses>
				<total>27</total>
				<timestamp>252.256744</timestamp>
			</report>
			<report>
				<misses>26100001</misses>
				<total>27</total>
				<timestamp>253.225940</timestamp>
			</report>
			<report>
				<misses>26200001</misses>
				<total>27</total>
				<timestamp>254.194898</timestamp>
			</report>
			<report>
				<misses>26300001</misses>
				<total>27</total>
				<timestamp>255.164212</timestamp>
			</report>
			<report>
				<misses>26400001</misses>
				<total>27</total>
				<timestamp>256.132798</timestamp>
			</report>
			<report>
				<misses>26500001</misses>
				<total>27</total>
				<timestamp>257.101580</timestamp>
			</report>
			<report>
				<misses>26600001</misses>
				<total>27</total>
				<timestamp>258.070215</timestamp>
			</report>
			<report>
				<misses>26700001</misses>
				<total>27</total>
				<timestamp>259.039164</timestamp>
			</report>
			<report>
				<misses>26800001</misses>
				<total>27</total>
				<timestamp>260.008577</timestamp>
			</report>
			<report>
				<misses>26900001</misses>
				<total>27</total>
				<timestamp>260.977327</timestamp>
			</report>
			<report>
				<misses>27000001</misses>
				<total>27</total>
				<timestamp>261.946547</timestamp>
			</report>
			<report>
				<misses>27100001</misses>
				<total>27</total>
				<timestamp>262.915676</timestamp>
			</report>
			<report>
				<misses>27200001</misses>
				<total>27</total>
				<timestamp>263.884853</timestamp>
			</report>
			<report>
				<misses>27300001</misses>
				<total>46</total>
				<timestamp>264.853665</timestamp>
			</report>
			<report>
				<misses>27400001</misses>
				<total>46</total>
				<timestamp>265.822683</timestamp>
			</report>
			<report>
				<misses>27500001</misses>
				<total>46</total>
				<timestamp>266.791598</timestamp>
			</report>
			<report>
				<misses>27600001</misses>
				<total>46</total>
				<timestamp>267.760825</timestamp>
			</report>
			<report>
				<misses>27700001</misses>
				<total>46</total>
				<timestamp>268.729630</timestamp>
			</report>
			<report>
				<misses>27800001</misses>
				<total>46</total>
				<timestamp>269.711215</timestamp>
			</report>
			<report>
				<misses>27900001</misses>
				<total>46</total>
				<timestamp>270.727988</timestamp>
			</report>
			<report>
				<misses>28000001</misses>
				<total>46</total>
				<timestamp>271.747543</timestamp>
			</report>
			<report>
				<misses>28100001</misses>
				<total>46</total>
				<timestamp>272.759830</timestamp>
			</report>
			<report>
				<misses>28200001</misses>
				<total>46</total>
				<timestamp>273.728297</timestamp>
			</report>
			<report>
				<misses>28300001</misses>
				<total>46</total>
				<timestamp>274.696932</timestamp>
			</report>
			<report>
				<misses>28400001</misses>
				<total>46</total>
				<timestamp>275.665033</timestamp>
			</report>
			<report>
				<misses>28500001</misses>
				<total>46</total>
				<timestamp>276.633820</timestamp>
			</report>
			<report>
				<misses>28600001</misses>
				<total>46</total>
				<timestamp>277.602145</timestamp>
			</report>
			<report>
				<misses>28700001</misses>
				<total>46</total>
				<timestamp>278.570662</timestamp>
			</report>
			<report>
				<misses>28800001</misses>
				<total>46</total>
				<timestamp>279.538952</timestamp>
			</report>
			<report>
				<misses>28900001</misses>
				<total>46</total>
				<timestamp>280.507343</timestamp>
			</report>
			<report>
				<misses>29000001</misses>
				<total>46</total>
				<timestamp>281.475628</timestamp>
			</report>
			<report>
				<misses>29100001</misses>
				<total>46</total>
				<timestamp>282.443943</timestamp>
			</report>
			<report>
				<misses>29200001</misses>
				<total>46</total>
				<timestamp>283.412301</timestamp>
			</report>
			<report>
				<misses>29300001</misses>
				<total>46</total>
				<timestamp>284.380788</timestamp>
			</report>
			<report>
				<misses>29400001</misses>
				<total>46</total>
				<timestamp>285.349009</timestamp>
			</report>
			<report>
				<misses>29500001</misses>
				<total>46</total>
				<timestamp>286.324439</timestamp>
			</report>
			<report>
				<misses>29600001</misses>
				<total>46</total>
				<timestamp>287.334520</timestamp>
			</report>
			<report>
				<misses>29700001</misses>
				<total>46</total>
				<timestamp>288.347728</timestamp>
			</report>
			<report>
				<misses>29800001</misses>
				<total>46</total>
				<timestamp>289.359972</timestamp>
			</report>
			<report>
				<misses>29900001</misses>
				<total>46</total>
				<timestamp>290.373309</timestamp>
			</report>
			<report>
				<misses>30000001</misses>
				<total>46</total>
				<timestamp>291.385374</timestamp>
			</report>
			<report>
				<misses>30100001</misses>
				<total>46</total>
				<timestamp>292.398271</timestamp>
			</report>
			<report>
				<misses>30200001</misses>
				<total>46</total>
				<timestamp>293.410588</timestamp>
			</report>
			<report>
				<misses>30300001</misses>
				<total>46</total>
				<timestamp>294.423506</timestamp>
			</report>
			<report>
				<misses>30400001</misses>
				<total>46</total>
				<timestamp>295.435720</timestamp>
			</report>
			<report>
				<misses>30500001</misses>
				<total>46</total>
				<timestamp>296.449417</timestamp>
			</report>
			<report>
				<misses>30600001</misses>
				<total>46</total>
				<timestamp>297.461209</timestamp>
			</report>
			<report>
				<misses>30700001</misses>
				<total>46</total>
				<timestamp>298.478565</timestamp>
			</report>
			<report>
				<misses>30800001</misses>
				<total>46</total>
				<timestamp>299.493576</timestamp>
			</report>
			<report>
				<misses>30900001</misses>
				<total>46</total>
				<timestamp>300.462193</timestamp>
			</report>
			<report>
				<misses>31000001</misses>
				<total>46</total>
				<timestamp>301.430887</timestamp>
			</report>
			<report>
				<misses>31100001</misses>
				<total>46</total>
				<timestamp>302.399560</timestamp>
			</report>
			<report>
				<misses>31200001</misses>
				<total>46</total>
				<timestamp>303.368201</timestamp>
			</report>
			<report>
				<misses>31300001</misses>
				<total>46</total>
				<timestamp>304.336589</timestamp>
			</report>
			<report>
				<misses>31400001</misses>
				<total>46</total>
				<timestamp>305.305395</timestamp>
			</report>
			<report>
				<misses>31500001</misses>
				<total>46</total>
				<timestamp>306.273829</timestamp>
			</report>
			<report>
				<misses>31600001</misses>
				<total>46</total>
				<timestamp>307.242697</timestamp>
			</report>
			<report>
				<misses>31700001</misses>
				<total>46</total>
				<timestamp>308.211204</timestamp>
			</report>
			<report>
				<misses>31800001</misses>
				<total>46</total>
				<timestamp>309.179946</timestamp>
			</report>
			<report>
				<misses>31900001</misses>
				<total>46</total>
				<timestamp>310.148521</timestamp>
			</report>
			<report>
				<misses>32000001</misses>
				<total>46</total>
				<timestamp>311.117142</timestamp>
			</report>
			<report>
				<misses>32100001</misses>
				<total>46</total>
				<timestamp>312.085941</timestamp>
			</report>
			<report>
				<misses>32200001</misses>
				<total>46</total>
				<timestamp>313.054893</timestamp>
			</report>
			<report>
				<misses>32300001</misses>
				<total>46</total>
				<timestamp>314.023562</timestamp>
			</report>
			<report>
				<misses>32400001</misses>
				<total>46</total>
				<timestamp>314.992578</timestamp>
			</report>
			<report>
				<misses>32500001</misses>
				<total>46</total>
				<timestamp>315.961058</timestamp>
			</report>
			<report>
				<misses>32600001</misses>
				<total>46</total>
				<timestamp>316.930151</timestamp>
			</report>
			<report>
				<misses>32700001</misses>
				<total>46</total>
				<timestamp>317.898690</timestamp>
			</report>
			<report>
				<misses>32800001</misses>
				<total>46</total>
				<timestamp>318.867046</timestamp>
			</report>
			<report>
				<misses>32900001</misses>
				<total>46</total>
				<timestamp>319.835580</timestamp>
			</report>
			<report>
				<misses>33000001</misses>
				<total>46</total>
				<timestamp>320.803940</timestamp>
			</report>
			<report>
				<misses>33100001</misses>
				<total>46</total>
				<timestamp>321.772717</timestamp>
			</report>
			<report>
				<misses>33200001</misses>
				<total>46</total>
				<timestamp>322.740931</timestamp>
			</report>
			<report>
				<misses>33300001</misses>
				<total>46</total>
				<timestamp>323.709307</timestamp>
			</report>
			<report>
				<misses>33400001</misses>
				<total>46</total>
				<timestamp>324.678018</timestamp>
			</report>
			<report>
				<misses>33500001</misses>
				<total>46</total>
				<timestamp>325.646692</timestamp>
			</report>
			<report>
				<misses>33600001</misses>
				<total>46</total>
				<timestamp>326.615458</timestamp>
			</report>
			<report>
				<misses>33700001</misses>
				<total>46</total>
				<timestamp>327.584048</timestamp>
			</report>
			<report>
				<misses>33800001</misses>
				<total>46</total>
				<timestamp>328.552836</timestamp>
			</report>
			<report>
				<misses>33900001</misses>
				<total>46</total>
				<timestamp>329.521290</timestamp>
			</report>
			<report>
				<misses>34000001</misses>
				<total>46</total>
				<timestamp>330.489962</timestamp>
			</report>
			<report>
				<misses>34100001</misses>
				<total>46</total>
				<timestamp>331.458278</timestamp>
			</report>
			<report>
				<misses>34200001</misses>
				<total>46</total>
				<timestamp>332.426746</timestamp>
			</report>
			<report>
				<misses>34300001</misses>
				<total>46</total>
				<timestamp>333.395011</timestamp>
			</report>
			<report>
				<misses>34400001</misses>
				<total>46</total>
				<timestamp>334.363411</timestamp>
			</report>
			<report>
				<misses>34500001</misses>
				<total>46</total>
				<timestamp>335.331901</timestamp>
			</report>
			<report>
				<misses>34600001</misses>
				<total>46</total>
				<timestamp>336.300338</timestamp>
			</report>
			<report>
				<misses>34700001</misses>
				<total>46</total>
				<timestamp>337.269212</timestamp>
			</report>
			<report>
				<misses>34800001</misses>
				<total>46</total>
				<timestamp>338.237579</timestamp>
			</report>
			<report>
				<misses>34900001</misses>
				<total>46</total>
				<timestamp>339.206319</timestamp>
			</report>
			<report>
				<misses>35000001</misses>
				<total>46</total>
				<timestamp>340.174928</timestamp>
			</report>
			<report>
				<misses>35100001</misses>
				<total>46</total>
				<timestamp>341.143325</timestamp>
			</report>
			<report>
				<misses>35200001</misses>
				<total>46</total>
				<timestamp>342.112292</timestamp>
			</report>
			<report>
				<misses>35300001</misses>
				<total>46</total>
				<timestamp>343.080872</timestamp>
			</report>
			<report>
				<misses>35400001</misses>
				<total>46</total>
				<timestamp>344.049620</timestamp>
			</report>
			<report>
				<misses>35500001</misses>
				<total>46</total>
				<timestamp>345.018144</timestamp>
			</report>
			<report>
				<misses>35600001</misses>
				<total>46</total>
				<timestamp>345.987029</timestamp>
			</report>
			<report>
				<misses>35700001</misses>
				<total>46</total>
				<timestamp>346.955220</timestamp>
			</report>
			<report>
				<misses>35800001</misses>
				<total>46</total>
				<timestamp>347.923706</timestamp>
			</report>
			<report>
				<misses>35900001</misses>
				<total>46</total>
				<timestamp>348.892174</timestamp>
			</report>
			<report>
				<misses>36000001</misses>
				<total>46</total>
				<timestamp>349.860770</timestamp>
			</report>
			<report>
				<misses>36100001</misses>
				<total>46</total>
				<timestamp>350.829092</timestamp>
			</report>
			<report>
				<misses>36200001</misses>
				<total>46</total>
				<timestamp>351.797776</timestamp>
			</report>
			<report>
				<misses>36300001</misses>
				<total>46</total>
				<timestamp>352.765895</timestamp>
			</report>
			<report>
				<misses>36400001</misses>
				<total>46</total>
				<timestamp>353.734003</timestamp>
			</report>
			<report>
				<misses>36500001</misses>
				<total>46</total>
				<timestamp>354.702151</timestamp>
			</report>
			<report>
				<misses>36600001</misses>
				<total>46</total>
				<timestamp>355.670744</timestamp>
			</report>
			<report>
				<misses>36700001</misses>
				<total>46</total>
				<timestamp>356.639187</timestamp>
			</report>
			<report>
				<misses>36800001</misses>
				<total>46</total>
				<timestamp>357.607819</timestamp>
			</report>
			<report>
				<misses>36900001</misses>
				<total>46</total>
				<timestamp>358.576343</timestamp>
			</report>
			<report>
				<misses>37000001</misses>
				<total>46</total>
				<timestamp>359.544853</timestamp>
			</report>
			<report>
				<misses>37100001</misses>
				<total>46</total>
				<timestamp>360.513148</timestamp>
			</report>
			<report>
				<misses>37200001</misses>
				<total>46</total>
				<timestamp>361.481723</timestamp>
			</report>
			<report>
				<misses>37300001</misses>
				<total>46</total>
				<timestamp>362.450065</timestamp>
			</report>
			<report>
				<misses>37400001</misses>
				<total>46</total>
				<timestamp>363.418710</timestamp>
			</report>
			<report>
				<misses>37500001</misses>
				<total>46</total>
				<timestamp>364.387161</timestamp>
			</report>
			<report>
				<misses>37600001</misses>
				<total>46</total>
				<timestamp>365.355907</timestamp>
			</report>
			<report>
				<misses>37700001</misses>
				<total>46</total>
				<timestamp>366.324327</timestamp>
			</report>
			<report>
				<misses>37800001</misses>
				<total>46</total>
				<timestamp>367.293078</timestamp>
			</report>
			<report>
				<misses>37900001</misses>
				<total>46</total>
				<timestamp>368.261376</timestamp>
			</report>
			<report>
				<misses>38000001</misses>
				<total>46</total>
				<timestamp>369.229559</timestamp>
			</report>
			<report>
				<misses>38100001</misses>
				<total>46</total>
				<timestamp>370.197816</timestamp>
			</report>
			<report>
				<misses>38200001</misses>
				<total>46</total>
				<timestamp>371.166504</timestamp>
			</report>
			<report>
				<misses>38300001</misses>
				<total>46</total>
				<timestamp>372.134859</timestamp>
			</report>
			<report>
				<misses>38400001</misses>
				<total>46</total>
				<timestamp>373.103934</timestamp>
			</report>
			<report>
				<misses>38500001</misses>
				<total>46</total>
				<timestamp>374.072286</timestamp>
			</report>
			<report>
				<misses>38600001</misses>
				<total>46</total>
				<timestamp>375.040729</timestamp>
			</report>
			<report>
				<misses>38700001</misses>
				<total>46</total>
				<timestamp>376.009019</timestamp>
			</report>
			<report>
				<misses>38800001</misses>
				<total>46</total>
				<timestamp>376.977364</timestamp>
			</report>
			<report>
				<misses>38900001</misses>
				<total>46</total>
				<timestamp>377.945646</timestamp>
			</report>
			<report>
				<misses>39000001</misses>
				<total>46</total>
				<timestamp>378.913963</timestamp>
			</report>
			<report>
				<misses>39100001</misses>
				<total>46</total>
				<timestamp>379.882213</timestamp>
			</report>
			<report>
				<misses>39200001</misses>
				<total>46</total>
				<timestamp>380.850916</timestamp>
			</report>
			<report>
				<misses>39300001</misses>
				<total>46</total>
				<timestamp>381.819190</timestamp>
			</report>
			<report>
				<misses>39400001</misses>
				<total>46</total>
				<timestamp>382.787807</timestamp>
			</report>
			<report>
				<misses>39500001</misses>
				<total>46</total>
				<timestamp>383.755942</timestamp>
			</report>
			<report>
				<misses>39600001</misses>
				<total>46</total>
				<timestamp>384.724535</timestamp>
			</report>
			<report>
				<misses>39700001</misses>
				<total>46</total>
				<timestamp>385.692840</timestamp>
			</report>
			<report>
				<misses>39800001</misses>
				<total>46</total>
				<timestamp>386.661308</timestamp>
			</report>
			<report>
				<misses>39900001</misses>
				<total>46</total>
				<timestamp>387.629742</timestamp>
			</report>
			<report>
				<misses>40000001</misses>
				<total>46</total>
				<timestamp>388.598480</timestamp>
			</report>
			<report>
				<misses>40100001</misses>
				<total>46</total>
				<timestamp>389.566665</timestamp>
			</report>
			<report>
				<misses>40200001</misses>
				<total>46</total>
				<timestamp>390.535191</timestamp>
			</report>
			<report>
				<misses>40300001</misses>
				<total>46</total>
				<timestamp>391.503523</timestamp>
			</report>
			<report>
				<misses>40400001</misses>
				<total>46</total>
				<timestamp>392.472187</timestamp>
			</report>
			<report>
				<misses>40500001</misses>
				<total>46</total>
				<timestamp>393.440361</timestamp>
			</report>
			<report>
				<misses>40600001</misses>
				<total>46</total>
				<timestamp>394.409063</timestamp>
			</report>
			<report>
				<misses>40700001</misses>
				<total>46</total>
				<timestamp>395.377332</timestamp>
			</report>
			<report>
				<misses>40800001</misses>
				<total>46</total>
				<timestamp>396.345847</timestamp>
			</report>
			<report>
				<misses>40900001</misses>
				<total>46</total>
				<timestamp>397.314138</timestamp>
			</report>
			<report>
				<misses>41000001</misses>
				<total>46</total>
				<timestamp>398.282641</timestamp>
			</report>
			<report>
				<misses>41100001</misses>
				<total>46</total>
				<timestamp>399.250672</timestamp>
			</report>
			<report>
				<misses>41200001</misses>
				<total>46</total>
				<timestamp>400.218968</timestamp>
			</report>
			<report>
				<misses>41300001</misses>
				<total>46</total>
				<timestamp>401.187397</timestamp>
			</report>
			<report>
				<misses>41400001</misses>
				<total>46</total>
				<timestamp>402.155531</timestamp>
			</report>
			<report>
				<misses>41500001</misses>
				<total>46</total>
				<timestamp>403.123852</timestamp>
			</report>
			<report>
				<misses>41600001</misses>
				<total>46</total>
				<timestamp>404.092150</timestamp>
			</report>
			<report>
				<misses>41700001</misses>
				<total>46</total>
				<timestamp>405.060680</timestamp>
			</report>
			<report>
				<misses>41800001</misses>
				<total>46</total>
				<timestamp>406.028876</timestamp>
			</report>
			<report>
				<misses>41900001</misses>
				<total>46</total>
				<timestamp>406.997214</timestamp>
			</report>
			<report>
				<misses>42000001</misses>
				<total>46</total>
				<timestamp>407.965333</timestamp>
			</report>
			<report>
				<misses>42100001</misses>
				<total>46</total>
				<timestamp>408.933954</timestamp>
			</report>
			<report>
				<misses>42200001</misses>
				<total>46</total>
				<timestamp>409.902180</timestamp>
			</report>
			<report>
				<misses>42300001</misses>
				<total>46</total>
				<timestamp>410.870847</timestamp>
			</report>
			<report>
				<misses>42400001</misses>
				<total>46</total>
				<timestamp>411.838797</timestamp>
			</report>
			<report>
				<misses>42500001</misses>
				<total>46</total>
				<timestamp>412.807043</timestamp>
			</report>
			<report>
				<misses>42600001</misses>
				<total>46</total>
				<timestamp>413.774968</timestamp>
			</report>
			<report>
				<misses>42700001</misses>
				<total>46</total>
				<timestamp>414.743266</timestamp>
			</report>
			<report>
				<misses>42800001</misses>
				<total>46</total>
				<timestamp>415.711571</timestamp>
			</report>
			<report>
				<misses>42900001</misses>
				<total>46</total>
				<timestamp>416.679790</timestamp>
			</report>
			<report>
				<misses>43000001</misses>
				<total>46</total>
				<timestamp>417.647992</timestamp>
			</report>
			<report>
				<misses>43100001</misses>
				<total>46</total>
				<timestamp>418.616637</timestamp>
			</report>
			<report>
				<misses>43200001</misses>
				<total>46</total>
				<timestamp>419.584909</timestamp>
			</report>
			<report>
				<misses>43300001</misses>
				<total>46</total>
				<timestamp>420.553342</timestamp>
			</report>
			<report>
				<misses>43400001</misses>
				<total>46</total>
				<timestamp>421.521825</timestamp>
			</report>
			<report>
				<misses>43500001</misses>
				<total>46</total>
				<timestamp>422.490053</timestamp>
			</report>
			<report>
				<misses>43600001</misses>
				<total>46</total>
				<timestamp>423.458189</timestamp>
			</report>
			<report>
				<misses>43700001</misses>
				<total>46</total>
				<timestamp>424.426665</timestamp>
			</report>
			<report>
				<misses>43800001</misses>
				<total>46</total>
				<timestamp>425.394644</timestamp>
			</report>
			<report>
				<misses>43900001</misses>
				<total>46</total>
				<timestamp>426.363182</timestamp>
			</report>
			<report>
				<misses>44000001</misses>
				<total>46</total>
				<timestamp>427.331310</timestamp>
			</report>
			<report>
				<misses>44100001</misses>
				<total>46</total>
				<timestamp>428.299993</timestamp>
			</report>
			<report>
				<misses>44200001</misses>
				<total>46</total>
				<timestamp>429.268245</timestamp>
			</report>
			<report>
				<misses>44300001</misses>
				<total>46</total>
				<timestamp>430.236661</timestamp>
			</report>
			<report>
				<misses>44400001</misses>
				<total>46</total>
				<timestamp>431.205054</timestamp>
			</report>
			<report>
				<misses>44500001</misses>
				<total>46</total>
				<timestamp>432.173570</timestamp>
			</report>
			<report>
				<misses>44600001</misses>
				<total>46</total>
				<timestamp>433.141909</timestamp>
			</report>
			<report>
				<misses>44700001</misses>
				<total>46</total>
				<timestamp>434.110568</timestamp>
			</report>
			<report>
				<misses>44800001</misses>
				<total>46</total>
				<timestamp>435.078840</timestamp>
			</report>
			<report>
				<misses>44900001</misses>
				<total>46</total>
				<timestamp>436.047637</timestamp>
			</report>
			<report>
				<misses>45000001</misses>
				<total>46</total>
				<timestamp>437.016082</timestamp>
			</report>
			<report>
				<misses>45100001</misses>
				<total>46</total>
				<timestamp>437.984762</timestamp>
			</report>
			<report>
				<misses>45200001</misses>
				<total>46</total>
				<timestamp>438.953066</timestamp>
			</report>
			<report>
				<misses>45300001</misses>
				<total>46</total>
				<timestamp>439.921932</timestamp>
			</report>
			<report>
				<misses>45400001</misses>
				<total>46</total>
				<timestamp>440.890399</timestamp>
			</report>
			<report>
				<misses>45500001</misses>
				<total>46</total>
				<timestamp>441.858815</timestamp>
			</report>
			<report>
				<misses>45600001</misses>
				<total>46</total>
				<timestamp>442.827128</timestamp>
			</report>
			<report>
				<misses>45700001</misses>
				<total>46</total>
				<timestamp>443.795657</timestamp>
			</report>
			<report>
				<misses>45800001</misses>
				<total>46</total>
				<timestamp>444.763864</timestamp>
			</report>
			<report>
				<misses>45900001</misses>
				<total>46</total>
				<timestamp>445.732381</timestamp>
			</report>
			<report>
				<misses>46000001</misses>
				<total>46</total>
				<timestamp>446.700758</timestamp>
			</report>
			<report>
				<misses>46100001</misses>
				<total>46</total>
				<timestamp>447.669287</timestamp>
			</report>
			<report>
				<misses>46200001</misses>
				<total>46</total>
				<timestamp>448.637374</timestamp>
			</report>
			<report>
				<misses>46300001</misses>
				<total>46</total>
				<timestamp>449.606179</timestamp>
			</report>
			<report>
				<misses>46400001</misses>
				<total>46</total>
				<timestamp>450.574432</timestamp>
			</report>
			<report>
				<misses>46500001</misses>
				<total>46</total>
				<timestamp>451.543202</timestamp>
			</report>
			<report>
				<misses>46600001</misses>
				<total>46</total>
				<timestamp>452.511365</timestamp>
			</report>
			<report>
				<misses>46700001</misses>
				<total>46</total>
				<timestamp>453.479962</timestamp>
			</report>
			<report>
				<misses>46800001</misses>
				<total>46</total>
				<timestamp>454.448191</timestamp>
			</report>
			<report>
				<misses>46900001</misses>
				<total>46</total>
				<timestamp>455.416865</timestamp>
			</report>
			<report>
				<misses>47000001</misses>
				<total>46</total>
				<timestamp>456.385195</timestamp>
			</report>
			<report>
				<misses>47100001</misses>
				<total>46</total>
				<timestamp>457.353744</timestamp>
			</report>
			<report>
				<misses>47200001</misses>
				<total>46</total>
				<timestamp>458.321994</timestamp>
			</report>
			<report>
				<misses>47300001</misses>
				<total>46</total>
				<timestamp>459.290573</timestamp>
			</report>
			<report>
				<misses>47400001</misses>
				<total>46</total>
				<timestamp>460.258822</timestamp>
			</report>
			<report>
				<misses>47500001</misses>
				<total>46</total>
				<timestamp>461.227257</timestamp>
			</report>
			<report>
				<misses>47600001</misses>
				<total>46</total>
				<timestamp>462.195702</timestamp>
			</report>
			<report>
				<misses>47700001</misses>
				<total>46</total>
				<timestamp>463.164146</timestamp>
			</report>
			<report>
				<misses>47800001</misses>
				<total>46</total>
				<timestamp>464.132198</timestamp>
			</report>
			<report>
				<misses>47900001</misses>
				<total>46</total>
				<timestamp>465.100754</timestamp>
			</report>
			<report>
				<misses>48000001</misses>
				<total>46</total>
				<timestamp>466.069085</timestamp>
			</report>
			<report>
				<misses>48100001</misses>
				<total>46</total>
				<timestamp>467.037721</timestamp>
			</report>
			<report>
				<misses>48200001</misses>
				<total>46</total>
				<timestamp>468.005979</timestamp>
			</report>
			<report>
				<misses>48300001</misses>
				<total>46</total>
				<timestamp>468.974624</timestamp>
			</report>
			<report>
				<misses>48400001</misses>
				<total>46</total>
				<timestamp>469.942814</timestamp>
			</report>
			<report>
				<misses>48500001</misses>
				<total>46</total>
				<timestamp>470.911488</timestamp>
			</report>
			<report>
				<misses>48600001</misses>
				<total>46</total>
				<timestamp>471.879724</timestamp>
			</report>
			<report>
				<misses>48700001</misses>
				<total>46</total>
				<timestamp>472.848337</timestamp>
			</report>
			<report>
				<misses>48800001</misses>
				<total>46</total>
				<timestamp>473.816353</timestamp>
			</report>
			<report>
				<misses>48900001</misses>
				<total>46</total>
				<timestamp>474.785071</timestamp>
			</report>
			<report>
				<misses>49000001</misses>
				<total>46</total>
				<timestamp>475.753480</timestamp>
			</report>
			<report>
				<misses>49100001</misses>
				<total>46</total>
				<timestamp>476.721531</timestamp>
			</report>
			<report>
				<misses>49200001</misses>
				<total>46</total>
				<timestamp>477.689939</timestamp>
			</report>
			<report>
				<misses>49300001</misses>
				<total>46</total>
				<timestamp>478.658552</timestamp>
			</report>
			<report>
				<misses>49400001</misses>
				<total>46</total>
				<timestamp>479.626680</timestamp>
			</report>
			<report>
				<misses>49500001</misses>
				<total>46</total>
				<timestamp>480.595339</timestamp>
			</report>
			<report>
				<misses>49600001</misses>
				<total>46</total>
				<timestamp>481.563545</timestamp>
			</report>
			<report>
				<misses>49700001</misses>
				<total>46</total>
				<timestamp>482.532087</timestamp>
			</report>
			<report>
				<misses>49800001</misses>
				<total>46</total>
				<timestamp>483.500408</timestamp>
			</report>
			<report>
				<misses>49900001</misses>
				<total>46</total>
				<timestamp>484.469022</timestamp>
			</report>
			<report>
				<misses>50000001</misses>
				<total>46</total>
				<timestamp>485.437155</timestamp>
			</report>
			<report>
				<misses>50100001</misses>
				<total>46</total>
				<timestamp>486.405704</timestamp>
			</report>
			<report>
				<misses>50200001</misses>
				<total>46</total>
				<timestamp>487.373815</timestamp>
			</report>
			<report>
				<misses>50300001</misses>
				<total>46</total>
				<timestamp>488.342454</timestamp>
			</report>
			<report>
				<misses>50400001</misses>
				<total>46</total>
				<timestamp>489.310669</timestamp>
			</report>
			<report>
				<misses>50500001</misses>
				<total>46</total>
				<timestamp>490.279109</timestamp>
			</report>
			<report>
				<misses>50600001</misses>
				<total>46</total>
				<timestamp>491.247267</timestamp>
			</report>
			<report>
				<misses>50700001</misses>
				<total>46</total>
				<timestamp>492.215477</timestamp>
			</report>
			<report>
				<misses>50800001</misses>
				<total>46</total>
				<timestamp>493.183729</timestamp>
			</report>
			<report>
				<misses>50900001</misses>
				<total>46</total>
				<timestamp>494.152168</timestamp>
			</report>
			<report>
				<misses>51000001</misses>
				<total>46</total>
				<timestamp>495.120411</timestamp>
			</report>
			<report>
				<misses>51100001</misses>
				<total>46</total>
				<timestamp>496.088593</timestamp>
			</report>
			<report>
				<misses>51200001</misses>
				<total>46</total>
				<timestamp>497.056688</timestamp>
			</report>
			<report>
				<misses>51300001</misses>
				<total>46</total>
				<timestamp>498.025105</timestamp>
			</report>
			<report>
				<misses>51400001</misses>
				<total>46</total>
				<timestamp>498.993591</timestamp>
			</report>
			<report>
				<misses>51500001</misses>
				<total>46</total>
				<timestamp>499.961701</timestamp>
			</report>
			<report>
				<misses>51600001</misses>
				<total>46</total>
				<timestamp>500.929798</timestamp>
			</report>
			<report>
				<misses>51700001</misses>
				<total>46</total>
				<timestamp>501.898368</timestamp>
			</report>
			<report>
				<misses>51800001</misses>
				<total>46</total>
				<timestamp>502.866433</timestamp>
			</report>
			<report>
				<misses>51900001</misses>
				<total>46</total>
				<timestamp>503.834913</timestamp>
			</report>
			<report>
				<misses>52000001</misses>
				<total>46</total>
				<timestamp>504.802923</timestamp>
			</report>
			<report>
				<misses>52100001</misses>
				<total>46</total>
				<timestamp>505.771192</timestamp>
			</report>
			<report>
				<misses>52200001</misses>
				<total>46</total>
				<timestamp>506.739402</timestamp>
			</report>
			<report>
				<misses>52300001</misses>
				<total>46</total>
				<timestamp>507.708020</timestamp>
			</report>
			<report>
				<misses>52400001</misses>
				<total>46</total>
				<timestamp>508.675984</timestamp>
			</report>
			<report>
				<misses>52500001</misses>
				<total>46</total>
				<timestamp>509.644550</timestamp>
			</report>
			<report>
				<misses>52600001</misses>
				<total>46</total>
				<timestamp>510.612670</timestamp>
			</report>
			<report>
				<misses>52700001</misses>
				<total>46</total>
				<timestamp>511.581406</timestamp>
			</report>
			<report>
				<misses>52800001</misses>
				<total>46</total>
				<timestamp>512.549670</timestamp>
			</report>
			<report>
				<misses>52900001</misses>
				<total>46</total>
				<timestamp>513.518412</timestamp>
			</report>
			<report>
				<misses>53000001</misses>
				<total>46</total>
				<timestamp>514.486627</timestamp>
			</report>
			<report>
				<misses>53100001</misses>
				<total>46</total>
				<timestamp>515.455095</timestamp>
			</report>
			<report>
				<misses>53200001</misses>
				<total>46</total>
				<timestamp>516.423282</timestamp>
			</report>
			<report>
				<misses>53300001</misses>
				<total>46</total>
				<timestamp>517.391885</timestamp>
			</report>
			<report>
				<misses>53400001</misses>
				<total>46</total>
				<timestamp>518.360191</timestamp>
			</report>
			<report>
				<misses>53500001</misses>
				<total>46</total>
				<timestamp>519.328908</timestamp>
			</report>
			<report>
				<misses>53600001</misses>
				<total>46</total>
				<timestamp>520.297115</timestamp>
			</report>
			<report>
				<misses>53700001</misses>
				<total>46</total>
				<timestamp>521.265931</timestamp>
			</report>
			<report>
				<misses>53800001</misses>
				<total>46</total>
				<timestamp>522.234213</timestamp>
			</report>
			<report>
				<misses>53900001</misses>
				<total>46</total>
				<timestamp>523.202837</timestamp>
			</report>
			<report>
				<misses>54000001</misses>
				<total>46</total>
				<timestamp>524.171001</timestamp>
			</report>
			<report>
				<misses>54100001</misses>
				<total>46</total>
				<timestamp>525.139522</timestamp>
			</report>
			<report>
				<misses>54200001</misses>
				<total>46</total>
				<timestamp>526.107825</timestamp>
			</report>
			<report>
				<misses>54300001</misses>
				<total>46</total>
				<timestamp>527.076435</timestamp>
			</report>
			<report>
				<misses>54400001</misses>
				<total>46</total>
				<timestamp>528.044611</timestamp>
			</report>
			<report>
				<misses>54500001</misses>
				<total>46</total>
				<timestamp>529.013142</timestamp>
			</report>
			<report>
				<misses>54600001</misses>
				<total>46</total>
				<timestamp>529.981424</timestamp>
			</report>
			<report>
				<misses>54700001</misses>
				<total>46</total>
				<timestamp>530.949979</timestamp>
			</report>
			<report>
				<misses>54800001</misses>
				<total>46</total>
				<timestamp>531.918226</timestamp>
			</report>
			<report>
				<misses>54900001</misses>
				<total>46</total>
				<timestamp>532.886657</timestamp>
			</report>
			<report>
				<misses>55000001</misses>
				<total>46</total>
				<timestamp>533.854731</timestamp>
			</report>
			<report>
				<misses>55100001</misses>
				<total>46</total>
				<timestamp>534.822813</timestamp>
			</report>
			<report>
				<misses>55200001</misses>
				<total>46</total>
				<timestamp>535.791084</timestamp>
			</report>
			<report>
				<misses>55300001</misses>
				<total>46</total>
				<timestamp>536.759728</timestamp>
			</report>
			<report>
				<misses>55400001</misses>
				<total>46</total>
				<timestamp>537.728042</timestamp>
			</report>
			<report>
				<misses>55500001</misses>
				<total>46</total>
				<timestamp>538.696510</timestamp>
			</report>
			<report>
				<misses>55600001</misses>
				<total>46</total>
				<timestamp>539.664808</timestamp>
			</report>
			<report>
				<misses>55700001</misses>
				<total>46</total>
				<timestamp>540.633336</timestamp>
			</report>
			<report>
				<misses>55800001</misses>
				<total>46</total>
				<timestamp>541.601604</timestamp>
			</report>
			<report>
				<misses>55900001</misses>
				<total>46</total>
				<timestamp>542.570102</timestamp>
			</report>
			<report>
				<misses>56000001</misses>
				<total>46</total>
				<timestamp>543.538293</timestamp>
			</report>
			<report>
				<misses>56100001</misses>
				<total>46</total>
				<timestamp>544.507013</timestamp>
			</report>
			<report>
				<misses>56200001</misses>
				<total>46</total>
				<timestamp>545.475136</timestamp>
			</report>
			<report>
				<misses>56300001</misses>
				<total>46</total>
				<timestamp>546.443438</timestamp>
			</report>
			<report>
				<misses>56400001</misses>
				<total>46</total>
				<timestamp>547.411795</timestamp>
			</report>
			<report>
				<misses>56500001</misses>
				<total>46</total>
				<timestamp>548.380006</timestamp>
			</report>
			<report>
				<misses>56600001</misses>
				<total>46</total>
				<timestamp>549.348252</timestamp>
			</report>
			<report>
				<misses>56700001</misses>
				<total>46</total>
				<timestamp>550.316956</timestamp>
			</report>
			<report>
				<misses>56800001</misses>
				<total>46</total>
				<timestamp>551.285254</timestamp>
			</report>
			<report>
				<misses>56900001</misses>
				<total>46</total>
				<timestamp>552.253767</timestamp>
			</report>
			<report>
				<misses>57000001</misses>
				<total>46</total>
				<timestamp>553.221856</timestamp>
			</report>
			<report>
				<misses>57100001</misses>
				<total>46</total>
				<timestamp>554.190480</timestamp>
			</report>
			<report>
				<misses>57200001</misses>
				<total>46</total>
				<timestamp>555.158657</timestamp>
			</report>
			<report>
				<misses>57300001</misses>
				<total>46</total>
				<timestamp>556.127165</timestamp>
			</report>
			<report>
				<misses>57400001</misses>
				<total>46</total>
				<timestamp>557.095334</timestamp>
			</report>
			<report>
				<misses>57500001</misses>
				<total>46</total>
				<timestamp>558.063781</timestamp>
			</report>
			<report>
				<misses>57600001</misses>
				<total>46</total>
				<timestamp>559.032102</timestamp>
			</report>
			<report>
				<misses>57700001</misses>
				<total>46</total>
				<timestamp>560.000819</timestamp>
			</report>
			<report>
				<misses>57800001</misses>
				<total>46</total>
				<timestamp>560.968921</timestamp>
			</report>
			<report>
				<misses>57900001</misses>
				<total>46</total>
				<timestamp>561.937425</timestamp>
			</report>
			<report>
				<misses>58000001</misses>
				<total>46</total>
				<timestamp>562.905532</timestamp>
			</report>
			<report>
				<misses>58100001</misses>
				<total>46</total>
				<timestamp>563.874310</timestamp>
			</report>
			<report>
				<misses>58200001</misses>
				<total>46</total>
				<timestamp>564.842406</timestamp>
			</report>
			<report>
				<misses>58300001</misses>
				<total>46</total>
				<timestamp>565.810943</timestamp>
			</report>
			<report>
				<misses>58400001</misses>
				<total>46</total>
				<timestamp>566.779135</timestamp>
			</report>
			<report>
				<misses>58500001</misses>
				<total>46</total>
				<timestamp>567.747771</timestamp>
			</report>
			<report>
				<misses>58600001</misses>
				<total>46</total>
				<timestamp>568.716030</timestamp>
			</report>
			<report>
				<misses>58700001</misses>
				<total>46</total>
				<timestamp>569.684781</timestamp>
			</report>
			<report>
				<misses>58800001</misses>
				<total>46</total>
				<timestamp>570.653062</timestamp>
			</report>
			<report>
				<misses>58900001</misses>
				<total>46</total>
				<timestamp>571.621321</timestamp>
			</report>
			<report>
				<misses>59000001</misses>
				<total>46</total>
				<timestamp>572.589484</timestamp>
			</report>
			<report>
				<misses>59100001</misses>
				<total>46</total>
				<timestamp>573.557922</timestamp>
			</report>
			<report>
				<misses>59200001</misses>
				<total>46</total>
				<timestamp>574.526304</timestamp>
			</report>
			<report>
				<misses>59300001</misses>
				<total>46</total>
				<timestamp>575.494965</timestamp>
			</report>
			<report>
				<misses>59400001</misses>
				<total>46</total>
				<timestamp>576.463240</timestamp>
			</report>
			<report>
				<misses>59500001</misses>
				<total>46</total>
				<timestamp>577.431946</timestamp>
			</report>
			<report>
				<misses>59600001</misses>
				<total>46</total>
				<timestamp>578.400247</timestamp>
			</report>
			<report>
				<misses>59700001</misses>
				<total>46</total>
				<timestamp>579.368775</timestamp>
			</report>
			<report>
				<misses>59800001</misses>
				<total>46</total>
				<timestamp>580.337171</timestamp>
			</report>
			<report>
				<misses>59900001</misses>
				<total>46</total>
				<timestamp>581.305866</timestamp>
			</report>
			<report>
				<misses>60000001</misses>
				<total>46</total>
				<timestamp>582.274169</timestamp>
			</report>
			<report>
				<misses>60100001</misses>
				<total>46</total>
				<timestamp>583.242632</timestamp>
			</report>
			<report>
				<misses>60200001</misses>
				<total>46</total>
				<timestamp>584.210955</timestamp>
			</report>
			<report>
				<misses>60300001</misses>
				<total>46</total>
				<timestamp>585.179537</timestamp>
			</report>
			<report>
				<misses>60400001</misses>
				<total>46</total>
				<timestamp>586.147783</timestamp>
			</report>
			<report>
				<misses>60500001</misses>
				<total>46</total>
				<timestamp>587.116358</timestamp>
			</report>
			<report>
				<misses>60600001</misses>
				<total>46</total>
				<timestamp>588.084671</timestamp>
			</report>
			<report>
				<misses>60700001</misses>
				<total>46</total>
				<timestamp>589.053064</timestamp>
			</report>
			<report>
				<misses>60800001</misses>
				<total>46</total>
				<timestamp>590.021096</timestamp>
			</report>
			<report>
				<misses>60900001</misses>
				<total>46</total>
				<timestamp>590.989242</timestamp>
			</report>
			<report>
				<misses>61000001</misses>
				<total>46</total>
				<timestamp>591.957543</timestamp>
			</report>
			<report>
				<misses>61100001</misses>
				<total>46</total>
				<timestamp>592.926196</timestamp>
			</report>
			<report>
				<misses>61200001</misses>
				<total>46</total>
				<timestamp>593.894519</timestamp>
			</report>
			<report>
				<misses>61300001</misses>
				<total>46</total>
				<timestamp>594.863195</timestamp>
			</report>
			<report>
				<misses>61400001</misses>
				<total>46</total>
				<timestamp>595.831441</timestamp>
			</report>
			<report>
				<misses>61500001</misses>
				<total>46</total>
				<timestamp>596.800183</timestamp>
			</report>
			<report>
				<misses>61600001</misses>
				<total>46</total>
				<timestamp>597.768582</timestamp>
			</report>
			<report>
				<misses>61700001</misses>
				<total>46</total>
				<timestamp>598.737072</timestamp>
			</report>
			<report>
				<misses>61800001</misses>
				<total>46</total>
				<timestamp>599.705234</timestamp>
			</report>
			<report>
				<misses>61900001</misses>
				<total>46</total>
				<timestamp>600.673619</timestamp>
			</report>
			<report>
				<misses>62000001</misses>
				<total>46</total>
				<timestamp>601.641807</timestamp>
			</report>
			<report>
				<misses>62100001</misses>
				<total>46</total>
				<timestamp>602.610506</timestamp>
			</report>
			<report>
				<misses>62200001</misses>
				<total>46</total>
				<timestamp>603.578645</timestamp>
			</report>
			<report>
				<misses>62300001</misses>
				<total>46</total>
				<timestamp>604.547221</timestamp>
			</report>
			<report>
				<misses>62400001</misses>
				<total>46</total>
				<timestamp>605.515508</timestamp>
			</report>
			<report>
				<misses>62500001</misses>
				<total>46</total>
				<timestamp>606.483998</timestamp>
			</report>
			<report>
				<misses>62600001</misses>
				<total>46</total>
				<timestamp>607.452128</timestamp>
			</report>
			<report>
				<misses>62700001</misses>
				<total>46</total>
				<timestamp>608.420581</timestamp>
			</report>
			<report>
				<misses>62800001</misses>
				<total>46</total>
				<timestamp>609.388753</timestamp>
			</report>
			<report>
				<misses>62900001</misses>
				<total>46</total>
				<timestamp>610.357286</timestamp>
			</report>
			<report>
				<misses>63000001</misses>
				<total>46</total>
				<timestamp>611.325402</timestamp>
			</report>
			<report>
				<misses>63100001</misses>
				<total>46</total>
				<timestamp>612.294036</timestamp>
			</report>
			<report>
				<misses>63200001</misses>
				<total>46</total>
				<timestamp>613.262230</timestamp>
			</report>
			<report>
				<misses>63300001</misses>
				<total>46</total>
				<timestamp>614.230651</timestamp>
			</report>
			<report>
				<misses>63400001</misses>
				<total>46</total>
				<timestamp>615.198742</timestamp>
			</report>
			<report>
				<misses>63500001</misses>
				<total>46</total>
				<timestamp>616.167325</timestamp>
			</report>
			<report>
				<misses>63600001</misses>
				<total>46</total>
				<timestamp>617.135810</timestamp>
			</report>
			<report>
				<misses>63700001</misses>
				<total>46</total>
				<timestamp>618.104295</timestamp>
			</report>
			<report>
				<misses>63800001</misses>
				<total>46</total>
				<timestamp>619.072441</timestamp>
			</report>
			<report>
				<misses>63900001</misses>
				<total>46</total>
				<timestamp>620.040676</timestamp>
			</report>
			<report>
				<misses>64000001</misses>
				<total>46</total>
				<timestamp>621.009448</timestamp>
			</report>
			<report>
				<misses>64100001</misses>
				<total>46</total>
				<timestamp>621.977839</timestamp>
			</report>
			<report>
				<misses>64200001</misses>
				<total>46</total>
				<timestamp>622.945968</timestamp>
			</report>
			<report>
				<misses>64300001</misses>
				<total>46</total>
				<timestamp>623.914193</timestamp>
			</report>
			<report>
				<misses>64400001</misses>
				<total>46</total>
				<timestamp>624.882825</timestamp>
			</report>
			<report>
				<misses>64500001</misses>
				<total>46</total>
				<timestamp>625.850889</timestamp>
			</report>
			<report>
				<misses>64600001</misses>
				<total>46</total>
				<timestamp>626.819304</timestamp>
			</report>
			<report>
				<misses>64700001</misses>
				<total>46</total>
				<timestamp>627.787627</timestamp>
			</report>
			<report>
				<misses>64800001</misses>
				<total>46</total>
				<timestamp>628.756253</timestamp>
			</report>
			<report>
				<misses>64900001</misses>
				<total>46</total>
				<timestamp>629.724485</timestamp>
			</report>
			<report>
				<misses>65000001</misses>
				<total>46</total>
				<timestamp>630.693077</timestamp>
			</report>
			<report>
				<misses>65100001</misses>
				<total>46</total>
				<timestamp>631.661232</timestamp>
			</report>
			<report>
				<misses>65200001</misses>
				<total>46</total>
				<timestamp>632.629458</timestamp>
			</report>
			<report>
				<misses>65300001</misses>
				<total>46</total>
				<timestamp>633.597753</timestamp>
			</report>
			<report>
				<misses>65400001</misses>
				<total>46</total>
				<timestamp>634.566094</timestamp>
			</report>
			<report>
				<misses>65500001</misses>
				<total>46</total>
				<timestamp>635.534105</timestamp>
			</report>
			<report>
				<misses>65600001</misses>
				<total>46</total>
				<timestamp>636.502739</timestamp>
			</report>
			<report>
				<misses>65700001</misses>
				<total>46</total>
				<timestamp>637.471051</timestamp>
			</report>
			<report>
				<misses>65800001</misses>
				<total>46</total>
				<timestamp>638.439612</timestamp>
			</report>
			<report>
				<misses>65900001</misses>
				<total>46</total>
				<timestamp>639.407652</timestamp>
			</report>
			<report>
				<misses>66000001</misses>
				<total>46</total>
				<timestamp>640.376069</timestamp>
			</report>
			<report>
				<misses>66100001</misses>
				<total>46</total>
				<timestamp>641.344237</timestamp>
			</report>
			<report>
				<misses>66200001</misses>
				<total>46</total>
				<timestamp>642.313022</timestamp>
			</report>
			<report>
				<misses>66300001</misses>
				<total>46</total>
				<timestamp>643.281155</timestamp>
			</report>
			<report>
				<misses>66400001</misses>
				<total>46</total>
				<timestamp>644.249674</timestamp>
			</report>
			<report>
				<misses>66500001</misses>
				<total>46</total>
				<timestamp>645.217753</timestamp>
			</report>
			<report>
				<misses>66600001</misses>
				<total>46</total>
				<timestamp>646.186254</timestamp>
			</report>
			<report>
				<misses>66700001</misses>
				<total>46</total>
				<timestamp>647.154464</timestamp>
			</report>
			<report>
				<misses>66800001</misses>
				<total>46</total>
				<timestamp>648.122845</timestamp>
			</report>
			<report>
				<misses>66900001</misses>
				<total>46</total>
				<timestamp>649.090827</timestamp>
			</report>
			<report>
				<misses>67000001</misses>
				<total>46</total>
				<timestamp>650.059247</timestamp>
			</report>
			<report>
				<misses>67100001</misses>
				<total>46</total>
				<timestamp>651.027470</timestamp>
			</report>
			<report>
				<misses>67200001</misses>
				<total>46</total>
				<timestamp>651.995772</timestamp>
			</report>
			<report>
				<misses>67300001</misses>
				<total>46</total>
				<timestamp>652.963804</timestamp>
			</report>
			<report>
				<misses>67400001</misses>
				<total>46</total>
				<timestamp>653.932187</timestamp>
			</report>
			<report>
				<misses>67500001</misses>
				<total>46</total>
				<timestamp>654.900654</timestamp>
			</report>
			<report>
				<misses>67600001</misses>
				<total>46</total>
				<timestamp>655.868825</timestamp>
			</report>
			<report>
				<misses>67700001</misses>
				<total>46</total>
				<timestamp>656.837153</timestamp>
			</report>
			<report>
				<misses>67800001</misses>
				<total>46</total>
				<timestamp>657.805488</timestamp>
			</report>
			<report>
				<misses>67900001</misses>
				<total>46</total>
				<timestamp>658.774069</timestamp>
			</report>
			<report>
				<misses>68000001</misses>
				<total>46</total>
				<timestamp>659.742447</timestamp>
			</report>
			<report>
				<misses>68100001</misses>
				<total>46</total>
				<timestamp>660.711026</timestamp>
			</report>
			<report>
				<misses>68200001</misses>
				<total>46</total>
				<timestamp>661.679144</timestamp>
			</report>
			<report>
				<misses>68300001</misses>
				<total>46</total>
				<timestamp>662.647539</timestamp>
			</report>
			<report>
				<misses>68400001</misses>
				<total>46</total>
				<timestamp>663.615734</timestamp>
			</report>
			<report>
				<misses>68500001</misses>
				<total>46</total>
				<timestamp>664.584470</timestamp>
			</report>
			<report>
				<misses>68600001</misses>
				<total>46</total>
				<timestamp>665.552578</timestamp>
			</report>
			<report>
				<misses>68700001</misses>
				<total>46</total>
				<timestamp>666.521077</timestamp>
			</report>
			<report>
				<misses>68800001</misses>
				<total>46</total>
				<timestamp>667.489202</timestamp>
			</report>
			<report>
				<misses>68900001</misses>
				<total>46</total>
				<timestamp>668.457611</timestamp>
			</report>
			<report>
				<misses>69000001</misses>
				<total>46</total>
				<timestamp>669.425965</timestamp>
			</report>
			<report>
				<misses>69100001</misses>
				<total>46</total>
				<timestamp>670.394598</timestamp>
			</report>
			<report>
				<misses>69200001</misses>
				<total>46</total>
				<timestamp>671.362694</timestamp>
			</report>
			<report>
				<misses>69300001</misses>
				<total>46</total>
				<timestamp>672.331177</timestamp>
			</report>
			<report>
				<misses>69400001</misses>
				<total>46</total>
				<timestamp>673.299515</timestamp>
			</report>
			<report>
				<misses>69500001</misses>
				<total>46</total>
				<timestamp>674.268287</timestamp>
			</report>
			<report>
				<misses>69600001</misses>
				<total>46</total>
				<timestamp>675.236485</timestamp>
			</report>
			<report>
				<misses>69700001</misses>
				<total>46</total>
				<timestamp>676.205269</timestamp>
			</report>
			<report>
				<misses>69800001</misses>
				<total>46</total>
				<timestamp>677.173587</timestamp>
			</report>
			<report>
				<misses>69900001</misses>
				<total>46</total>
				<timestamp>678.142415</timestamp>
			</report>
			<report>
				<misses>70000001</misses>
				<total>46</total>
				<timestamp>679.110677</timestamp>
			</report>
			<report>
				<misses>70100001</misses>
				<total>46</total>
				<timestamp>680.079334</timestamp>
			</report>
			<report>
				<misses>70200001</misses>
				<total>46</total>
				<timestamp>681.047468</timestamp>
			</report>
			<report>
				<misses>70300001</misses>
				<total>46</total>
				<timestamp>682.016117</timestamp>
			</report>
			<report>
				<misses>70400001</misses>
				<total>46</total>
				<timestamp>682.984347</timestamp>
			</report>
			<report>
				<misses>70500001</misses>
				<total>46</total>
				<timestamp>683.953120</timestamp>
			</report>
			<report>
				<misses>70600001</misses>
				<total>46</total>
				<timestamp>684.921461</timestamp>
			</report>
			<report>
				<misses>70700001</misses>
				<total>46</total>
				<timestamp>685.890195</timestamp>
			</report>
			<report>
				<misses>70800001</misses>
				<total>46</total>
				<timestamp>686.858369</timestamp>
			</report>
			<report>
				<misses>70900001</misses>
				<total>46</total>
				<timestamp>687.827216</timestamp>
			</report>
			<report>
				<misses>71000001</misses>
				<total>46</total>
				<timestamp>688.795409</timestamp>
			</report>
			<report>
				<misses>71100001</misses>
				<total>46</total>
				<timestamp>689.763815</timestamp>
			</report>
			<report>
				<misses>71200001</misses>
				<total>46</total>
				<timestamp>690.732245</timestamp>
			</report>
			<report>
				<misses>71300001</misses>
				<total>46</total>
				<timestamp>691.700872</timestamp>
			</report>
			<report>
				<misses>71400001</misses>
				<total>46</total>
				<timestamp>692.669105</timestamp>
			</report>
			<report>
				<misses>71500001</misses>
				<total>46</total>
				<timestamp>693.637752</timestamp>
			</report>
			<report>
				<misses>71600001</misses>
				<total>46</total>
				<timestamp>694.606024</timestamp>
			</report>
			<report>
				<misses>71700001</misses>
				<total>46</total>
				<timestamp>695.574553</timestamp>
			</report>
			<report>
				<misses>71800001</misses>
				<total>46</total>
				<timestamp>696.542866</timestamp>
			</report>
			<report>
				<misses>71900001</misses>
				<total>46</total>
				<timestamp>697.511478</timestamp>
			</report>
			<report>
				<misses>72000001</misses>
				<total>46</total>
				<timestamp>698.479647</timestamp>
			</report>
			<report>
				<misses>72100001</misses>
				<total>46</total>
				<timestamp>699.448280</timestamp>
			</report>
			<report>
				<misses>72200001</misses>
				<total>46</total>
				<timestamp>700.416683</timestamp>
			</report>
			<report>
				<misses>72300001</misses>
				<total>46</total>
				<timestamp>701.384965</timestamp>
			</report>
			<report>
				<misses>72400001</misses>
				<total>46</total>
				<timestamp>702.353114</timestamp>
			</report>
			<report>
				<misses>72500001</misses>
				<total>46</total>
				<timestamp>703.321369</timestamp>
			</report>
			<report>
				<misses>72600001</misses>
				<total>46</total>
				<timestamp>704.289443</timestamp>
			</report>
			<report>
				<misses>72700001</misses>
				<total>46</total>
				<timestamp>705.258108</timestamp>
			</report>
			<report>
				<misses>72800001</misses>
				<total>46</total>
				<timestamp>706.226318</timestamp>
			</report>
			<report>
				<misses>72900001</misses>
				<total>46</total>
				<timestamp>707.195035</timestamp>
			</report>
			<report>
				<misses>73000001</misses>
				<total>46</total>
				<timestamp>708.163233</timestamp>
			</report>
			<report>
				<misses>73100001</misses>
				<total>46</total>
				<timestamp>709.131816</timestamp>
			</report>
			<report>
				<misses>73200001</misses>
				<total>46</total>
				<timestamp>710.100081</timestamp>
			</report>
			<report>
				<misses>73300001</misses>
				<total>46</total>
				<timestamp>711.068466</timestamp>
			</report>
			<report>
				<misses>73400001</misses>
				<total>46</total>
				<timestamp>712.036647</timestamp>
			</report>
			<report>
				<misses>73500001</misses>
				<total>46</total>
				<timestamp>713.005305</timestamp>
			</report>
			<report>
				<misses>73600001</misses>
				<total>46</total>
				<timestamp>713.973494</timestamp>
			</report>
			<report>
				<misses>73700001</misses>
				<total>46</total>
				<timestamp>714.941927</timestamp>
			</report>
			<report>
				<misses>73800001</misses>
				<total>46</total>
				<timestamp>715.910191</timestamp>
			</report>
			<report>
				<misses>73900001</misses>
				<total>46</total>
				<timestamp>716.878684</timestamp>
			</report>
			<report>
				<misses>74000001</misses>
				<total>46</total>
				<timestamp>717.846769</timestamp>
			</report>
			<report>
				<misses>74100001</misses>
				<total>46</total>
				<timestamp>718.815311</timestamp>
			</report>
			<report>
				<misses>74200001</misses>
				<total>46</total>
				<timestamp>719.783592</timestamp>
			</report>
			<report>
				<misses>74300001</misses>
				<total>46</total>
				<timestamp>720.751837</timestamp>
			</report>
			<report>
				<misses>74400001</misses>
				<total>46</total>
				<timestamp>721.720528</timestamp>
			</report>
			<report>
				<misses>74500001</misses>
				<total>46</total>
				<timestamp>722.688673</timestamp>
			</report>
			<report>
				<misses>74600001</misses>
				<total>46</total>
				<timestamp>723.657127</timestamp>
			</report>
			<report>
				<misses>74700001</misses>
				<total>46</total>
				<timestamp>724.625488</timestamp>
			</report>
			<report>
				<misses>74800001</misses>
				<total>46</total>
				<timestamp>725.594056</timestamp>
			</report>
			<report>
				<misses>74900001</misses>
				<total>46</total>
				<timestamp>726.562579</timestamp>
			</report>
			<report>
				<misses>75000001</misses>
				<total>46</total>
				<timestamp>727.530770</timestamp>
			</report>
			<report>
				<misses>75100001</misses>
				<total>46</total>
				<timestamp>728.498904</timestamp>
			</report>
			<report>
				<misses>75200001</misses>
				<total>46</total>
				<timestamp>729.467483</timestamp>
			</report>
			<report>
				<misses>75300001</misses>
				<total>46</total>
				<timestamp>730.435952</timestamp>
			</report>
			<report>
				<misses>75400001</misses>
				<total>46</total>
				<timestamp>731.404367</timestamp>
			</report>
			<report>
				<misses>75500001</misses>
				<total>46</total>
				<timestamp>732.372706</timestamp>
			</report>
			<report>
				<misses>75600001</misses>
				<total>46</total>
				<timestamp>733.341239</timestamp>
			</report>
			<report>
				<misses>75700001</misses>
				<total>46</total>
				<timestamp>734.309594</timestamp>
			</report>
			<report>
				<misses>75800001</misses>
				<total>46</total>
				<timestamp>735.278281</timestamp>
			</report>
			<report>
				<misses>75900001</misses>
				<total>46</total>
				<timestamp>736.246515</timestamp>
			</report>
			<report>
				<misses>76000001</misses>
				<total>46</total>
				<timestamp>737.215062</timestamp>
			</report>
			<report>
				<misses>76100001</misses>
				<total>46</total>
				<timestamp>738.183225</timestamp>
			</report>
			<report>
				<misses>76200001</misses>
				<total>46</total>
				<timestamp>739.151302</timestamp>
			</report>
			<report>
				<misses>76300001</misses>
				<total>46</total>
				<timestamp>740.119451</timestamp>
			</report>
			<report>
				<misses>76400001</misses>
				<total>46</total>
				<timestamp>741.087795</timestamp>
			</report>
			<report>
				<misses>76500001</misses>
				<total>46</total>
				<timestamp>742.056167</timestamp>
			</report>
			<report>
				<misses>76600001</misses>
				<total>46</total>
				<timestamp>743.024565</timestamp>
			</report>
			<report>
				<misses>76700001</misses>
				<total>46</total>
				<timestamp>743.992968</timestamp>
			</report>
			<report>
				<misses>76800001</misses>
				<total>46</total>
				<timestamp>744.961512</timestamp>
			</report>
			<report>
				<misses>76900001</misses>
				<total>46</total>
				<timestamp>745.929787</timestamp>
			</report>
			<report>
				<misses>77000001</misses>
				<total>46</total>
				<timestamp>746.898431</timestamp>
			</report>
			<report>
				<misses>77100001</misses>
				<total>46</total>
				<timestamp>747.866296</timestamp>
			</report>
			<report>
				<misses>77200001</misses>
				<total>46</total>
				<timestamp>748.834869</timestamp>
			</report>
			<report>
				<misses>77300001</misses>
				<total>46</total>
				<timestamp>749.803184</timestamp>
			</report>
			<report>
				<misses>77400001</misses>
				<total>46</total>
				<timestamp>750.771725</timestamp>
			</report>
			<report>
				<misses>77500001</misses>
				<total>46</total>
				<timestamp>751.739902</timestamp>
			</report>
			<report>
				<misses>77600001</misses>
				<total>46</total>
				<timestamp>752.708105</timestamp>
			</report>
			<report>
				<misses>77700001</misses>
				<total>46</total>
				<timestamp>753.676457</timestamp>
			</report>
			<report>
				<misses>77800001</misses>
				<total>46</total>
				<timestamp>754.644720</timestamp>
			</report>
			<report>
				<misses>77900001</misses>
				<total>46</total>
				<timestamp>755.613229</timestamp>
			</report>
			<report>
				<misses>78000001</misses>
				<total>46</total>
				<timestamp>756.581565</timestamp>
			</report>
			<report>
				<misses>78100001</misses>
				<total>46</total>
				<timestamp>757.550084</timestamp>
			</report>
			<report>
				<misses>78200001</misses>
				<total>46</total>
				<timestamp>758.518401</timestamp>
			</report>
			<report>
				<misses>78300001</misses>
				<total>46</total>
				<timestamp>759.487032</timestamp>
			</report>
			<report>
				<misses>78400001</misses>
				<total>46</total>
				<timestamp>760.455082</timestamp>
			</report>
			<report>
				<misses>78500001</misses>
				<total>46</total>
				<timestamp>761.423803</timestamp>
			</report>
			<report>
				<misses>78600001</misses>
				<total>46</total>
				<timestamp>762.392122</timestamp>
			</report>
			<report>
				<misses>78700001</misses>
				<total>46</total>
				<timestamp>763.360876</timestamp>
			</report>
			<report>
				<misses>78800001</misses>
				<total>46</total>
				<timestamp>764.329173</timestamp>
			</report>
			<report>
				<misses>78900001</misses>
				<total>46</total>
				<timestamp>765.297753</timestamp>
			</report>
			<report>
				<misses>79000001</misses>
				<total>46</total>
				<timestamp>766.266073</timestamp>
			</report>
			<report>
				<misses>79100001</misses>
				<total>46</total>
				<timestamp>767.234338</timestamp>
			</report>
			<report>
				<misses>79200001</misses>
				<total>46</total>
				<timestamp>768.202543</timestamp>
			</report>
			<report>
				<misses>79300001</misses>
				<total>46</total>
				<timestamp>769.171319</timestamp>
			</report>
			<report>
				<misses>79400001</misses>
				<total>46</total>
				<timestamp>770.139746</timestamp>
			</report>
			<report>
				<misses>79500001</misses>
				<total>46</total>
				<timestamp>771.108060</timestamp>
			</report>
			<report>
				<misses>79600001</misses>
				<total>46</total>
				<timestamp>772.076200</timestamp>
			</report>
			<report>
				<misses>79700001</misses>
				<total>46</total>
				<timestamp>773.044601</timestamp>
			</report>
			<report>
				<misses>79800001</misses>
				<total>46</total>
				<timestamp>774.012882</timestamp>
			</report>
			<report>
				<misses>79900001</misses>
				<total>46</total>
				<timestamp>774.981067</timestamp>
			</report>
			<report>
				<misses>80000001</misses>
				<total>46</total>
				<timestamp>775.949719</timestamp>
			</report>
			<report>
				<misses>80100001</misses>
				<total>46</total>
				<timestamp>776.918071</timestamp>
			</report>
			<report>
				<misses>80200001</misses>
				<total>46</total>
				<timestamp>777.886844</timestamp>
			</report>
			<report>
				<misses>80300001</misses>
				<total>46</total>
				<timestamp>778.854933</timestamp>
			</report>
			<report>
				<misses>80400001</misses>
				<total>46</total>
				<timestamp>779.823138</timestamp>
			</report>
			<report>
				<misses>80500001</misses>
				<total>46</total>
				<timestamp>780.791812</timestamp>
			</report>
			<report>
				<misses>80600001</misses>
				<total>46</total>
				<timestamp>781.760067</timestamp>
			</report>
			<report>
				<misses>80700001</misses>
				<total>46</total>
				<timestamp>782.728817</timestamp>
			</report>
			<report>
				<misses>80800001</misses>
				<total>46</total>
				<timestamp>783.697054</timestamp>
			</report>
			<report>
				<misses>80900001</misses>
				<total>46</total>
				<timestamp>784.665657</timestamp>
			</report>
			<report>
				<misses>81000001</misses>
				<total>46</total>
				<timestamp>785.633720</timestamp>
			</report>
			<report>
				<misses>81100001</misses>
				<total>46</total>
				<timestamp>786.602326</timestamp>
			</report>
			<report>
				<misses>81200001</misses>
				<total>46</total>
				<timestamp>787.570532</timestamp>
			</report>
			<report>
				<misses>81300001</misses>
				<total>46</total>
				<timestamp>788.539045</timestamp>
			</report>
			<report>
				<misses>81400001</misses>
				<total>46</total>
				<timestamp>789.507336</timestamp>
			</report>
			<report>
				<misses>81500001</misses>
				<total>46</total>
				<timestamp>790.475752</timestamp>
			</report>
			<report>
				<misses>81600001</misses>
				<total>46</total>
				<timestamp>791.444033</timestamp>
			</report>
			<report>
				<misses>81700001</misses>
				<total>46</total>
				<timestamp>792.412583</timestamp>
			</report>
			<report>
				<misses>81800001</misses>
				<total>46</total>
				<timestamp>793.380736</timestamp>
			</report>
			<report>
				<misses>81900001</misses>
				<total>46</total>
				<timestamp>794.348988</timestamp>
			</report>
			<report>
				<misses>82000001</misses>
				<total>46</total>
				<timestamp>795.317189</timestamp>
			</report>
			<report>
				<misses>82100001</misses>
				<total>46</total>
				<timestamp>796.285851</timestamp>
			</report>
			<report>
				<misses>82200001</misses>
				<total>46</total>
				<timestamp>797.254313</timestamp>
			</report>
			<report>
				<misses>82300001</misses>
				<total>46</total>
				<timestamp>798.222703</timestamp>
			</report>
			<report>
				<misses>82400001</misses>
				<total>46</total>
				<timestamp>799.190976</timestamp>
			</report>
			<report>
				<misses>82500001</misses>
				<total>46</total>
				<timestamp>800.159120</timestamp>
			</report>
			<report>
				<misses>82600001</misses>
				<total>46</total>
				<timestamp>801.127646</timestamp>
			</report>
			<report>
				<misses>82700001</misses>
				<total>46</total>
				<timestamp>802.095744</timestamp>
			</report>
			<report>
				<misses>82800001</misses>
				<total>46</total>
				<timestamp>803.064408</timestamp>
			</report>
			<report>
				<misses>82900001</misses>
				<total>46</total>
				<timestamp>804.032398</timestamp>
			</report>
			<report>
				<misses>83000001</misses>
				<total>46</total>
				<timestamp>805.000975</timestamp>
			</report>
			<report>
				<misses>83100001</misses>
				<total>46</total>
				<timestamp>805.969051</timestamp>
			</report>
			<report>
				<misses>83200001</misses>
				<total>46</total>
				<timestamp>806.937695</timestamp>
			</report>
			<report>
				<misses>83300001</misses>
				<total>46</total>
				<timestamp>807.905859</timestamp>
			</report>
			<report>
				<misses>83400001</misses>
				<total>46</total>
				<timestamp>808.874255</timestamp>
			</report>
			<report>
				<misses>83500001</misses>
				<total>46</total>
				<timestamp>809.842369</timestamp>
			</report>
			<report>
				<misses>83600001</misses>
				<total>46</total>
				<timestamp>810.810881</timestamp>
			</report>
			<report>
				<misses>83700001</misses>
				<total>46</total>
				<timestamp>811.778821</timestamp>
			</report>
			<report>
				<misses>83800001</misses>
				<total>46</total>
				<timestamp>812.747301</timestamp>
			</report>
			<report>
				<misses>83900001</misses>
				<total>46</total>
				<timestamp>813.715406</timestamp>
			</report>
			<report>
				<misses>84000001</misses>
				<total>46</total>
				<timestamp>814.684002</timestamp>
			</report>
			<report>
				<misses>84100001</misses>
				<total>46</total>
				<timestamp>815.651995</timestamp>
			</report>
			<report>
				<misses>84200001</misses>
				<total>46</total>
				<timestamp>816.620424</timestamp>
			</report>
			<report>
				<misses>84300001</misses>
				<total>46</total>
				<timestamp>817.588636</timestamp>
			</report>
			<report>
				<misses>84400001</misses>
				<total>46</total>
				<timestamp>818.556643</timestamp>
			</report>
			<report>
				<misses>84500001</misses>
				<total>46</total>
				<timestamp>819.524760</timestamp>
			</report>
			<report>
				<misses>84600001</misses>
				<total>46</total>
				<timestamp>820.493272</timestamp>
			</report>
			<report>
				<misses>84700001</misses>
				<total>46</total>
				<timestamp>821.461469</timestamp>
			</report>
			<report>
				<misses>84800001</misses>
				<total>46</total>
				<timestamp>822.429886</timestamp>
			</report>
			<report>
				<misses>84900001</misses>
				<total>46</total>
				<timestamp>823.398056</timestamp>
			</report>
			<report>
				<misses>85000001</misses>
				<total>46</total>
				<timestamp>824.366592</timestamp>
			</report>
			<report>
				<misses>85100001</misses>
				<total>46</total>
				<timestamp>825.334712</timestamp>
			</report>
			<report>
				<misses>85200001</misses>
				<total>46</total>
				<timestamp>826.303153</timestamp>
			</report>
			<report>
				<misses>85300001</misses>
				<total>46</total>
				<timestamp>827.271381</timestamp>
			</report>
			<report>
				<misses>85400001</misses>
				<total>46</total>
				<timestamp>828.239979</timestamp>
			</report>
			<report>
				<misses>85500001</misses>
				<total>46</total>
				<timestamp>829.208212</timestamp>
			</report>
			<report>
				<misses>85600001</misses>
				<total>46</total>
				<timestamp>830.176653</timestamp>
			</report>
			<report>
				<misses>85700001</misses>
				<total>46</total>
				<timestamp>831.144924</timestamp>
			</report>
			<report>
				<misses>85800001</misses>
				<total>46</total>
				<timestamp>832.112923</timestamp>
			</report>
			<report>
				<misses>85900001</misses>
				<total>46</total>
				<timestamp>833.081306</timestamp>
			</report>
			<report>
				<misses>86000001</misses>
				<total>46</total>
				<timestamp>834.049472</timestamp>
			</report>
			<report>
				<misses>86100001</misses>
				<total>46</total>
				<timestamp>835.017921</timestamp>
			</report>
			<report>
				<misses>86200001</misses>
				<total>46</total>
				<timestamp>835.985956</timestamp>
			</report>
			<report>
				<misses>86300001</misses>
				<total>46</total>
				<timestamp>836.954003</timestamp>
			</report>
			<report>
				<misses>86400001</misses>
				<total>46</total>
				<timestamp>837.922287</timestamp>
			</report>
			<report>
				<misses>86500001</misses>
				<total>46</total>
				<timestamp>838.890414</timestamp>
			</report>
			<report>
				<misses>86600001</misses>
				<total>46</total>
				<timestamp>839.858628</timestamp>
			</report>
			<report>
				<misses>86700001</misses>
				<total>46</total>
				<timestamp>840.826966</timestamp>
			</report>
			<report>
				<misses>86800001</misses>
				<total>46</total>
				<timestamp>841.795052</timestamp>
			</report>
			<report>
				<misses>86900001</misses>
				<total>46</total>
				<timestamp>842.763637</timestamp>
			</report>
			<report>
				<misses>87000001</misses>
				<total>46</total>
				<timestamp>843.731979</timestamp>
			</report>
			<report>
				<misses>87100001</misses>
				<total>46</total>
				<timestamp>844.700485</timestamp>
			</report>
			<report>
				<misses>87200001</misses>
				<total>46</total>
				<timestamp>845.668675</timestamp>
			</report>
			<report>
				<misses>87300001</misses>
				<total>46</total>
				<timestamp>846.637175</timestamp>
			</report>
			<report>
				<misses>87400001</misses>
				<total>46</total>
				<timestamp>847.605424</timestamp>
			</report>
			<report>
				<misses>87500001</misses>
				<total>46</total>
				<timestamp>848.573939</timestamp>
			</report>
			<report>
				<misses>87600001</misses>
				<total>46</total>
				<timestamp>849.542094</timestamp>
			</report>
			<report>
				<misses>87700001</misses>
				<total>46</total>
				<timestamp>850.510568</timestamp>
			</report>
			<report>
				<misses>87800001</misses>
				<total>46</total>
				<timestamp>851.478768</timestamp>
			</report>
			<report>
				<misses>87900001</misses>
				<total>46</total>
				<timestamp>852.447338</timestamp>
			</report>
			<report>
				<misses>88000001</misses>
				<total>46</total>
				<timestamp>853.415608</timestamp>
			</report>
			<report>
				<misses>88100001</misses>
				<total>46</total>
				<timestamp>854.383994</timestamp>
			</report>
			<report>
				<misses>88200001</misses>
				<total>46</total>
				<timestamp>855.352222</timestamp>
			</report>
			<report>
				<misses>88300001</misses>
				<total>46</total>
				<timestamp>856.320642</timestamp>
			</report>
			<report>
				<misses>88400001</misses>
				<total>46</total>
				<timestamp>857.288749</timestamp>
			</report>
			<report>
				<misses>88500001</misses>
				<total>46</total>
				<timestamp>858.257306</timestamp>
			</report>
			<report>
				<misses>88600001</misses>
				<total>46</total>
				<timestamp>859.225445</timestamp>
			</report>
			<report>
				<misses>88700001</misses>
				<total>46</total>
				<timestamp>860.193849</timestamp>
			</report>
			<report>
				<misses>88800001</misses>
				<total>46</total>
				<timestamp>861.162070</timestamp>
			</report>
			<report>
				<misses>88900001</misses>
				<total>46</total>
				<timestamp>862.130609</timestamp>
			</report>
			<report>
				<misses>89000001</misses>
				<total>46</total>
				<timestamp>863.098757</timestamp>
			</report>
			<report>
				<misses>89100001</misses>
				<total>46</total>
				<timestamp>864.067138</timestamp>
			</report>
			<report>
				<misses>89200001</misses>
				<total>46</total>
				<timestamp>865.035410</timestamp>
			</report>
			<report>
				<misses>89300001</misses>
				<total>46</total>
				<timestamp>866.003867</timestamp>
			</report>
			<report>
				<misses>89400001</misses>
				<total>46</total>
				<timestamp>866.972299</timestamp>
			</report>
			<report>
				<misses>89500001</misses>
				<total>46</total>
				<timestamp>867.940891</timestamp>
			</report>
			<report>
				<misses>89600001</misses>
				<total>46</total>
				<timestamp>868.908941</timestamp>
			</report>
			<report>
				<misses>89700001</misses>
				<total>46</total>
				<timestamp>869.877536</timestamp>
			</report>
			<report>
				<misses>89800001</misses>
				<total>46</total>
				<timestamp>870.845798</timestamp>
			</report>
			<report>
				<misses>89900001</misses>
				<total>46</total>
				<timestamp>871.814386</timestamp>
			</report>
			<report>
				<misses>90000001</misses>
				<total>46</total>
				<timestamp>872.782543</timestamp>
			</report>
			<report>
				<misses>90100001</misses>
				<total>46</total>
				<timestamp>873.750771</timestamp>
			</report>
			<report>
				<misses>90200001</misses>
				<total>46</total>
				<timestamp>874.718934</timestamp>
			</report>
			<report>
				<misses>90300001</misses>
				<total>46</total>
				<timestamp>875.687178</timestamp>
			</report>
			<report>
				<misses>90400001</misses>
				<total>46</total>
				<timestamp>876.655925</timestamp>
			</report>
			<report>
				<misses>90500001</misses>
				<total>46</total>
				<timestamp>877.624292</timestamp>
			</report>
			<report>
				<misses>90600001</misses>
				<total>46</total>
				<timestamp>878.592873</timestamp>
			</report>
			<report>
				<misses>90700001</misses>
				<total>46</total>
				<timestamp>879.560988</timestamp>
			</report>
			<report>
				<misses>90800001</misses>
				<total>46</total>
				<timestamp>880.529474</timestamp>
			</report>
			<report>
				<misses>90900001</misses>
				<total>46</total>
				<timestamp>881.497367</timestamp>
			</report>
			<report>
				<misses>91000001</misses>
				<total>46</total>
				<timestamp>882.465231</timestamp>
			</report>
			<report>
				<misses>91100001</misses>
				<total>46</total>
				<timestamp>883.433847</timestamp>
			</report>
			<report>
				<misses>91200001</misses>
				<total>46</total>
				<timestamp>884.401957</timestamp>
			</report>
			<report>
				<misses>91300001</misses>
				<total>46</total>
				<timestamp>885.370641</timestamp>
			</report>
			<report>
				<misses>91400001</misses>
				<total>46</total>
				<timestamp>886.338826</timestamp>
			</report>
			<report>
				<misses>91500001</misses>
				<total>46</total>
				<timestamp>887.307003</timestamp>
			</report>
			<report>
				<misses>91600001</misses>
				<total>46</total>
				<timestamp>888.275233</timestamp>
			</report>
			<report>
				<misses>91700001</misses>
				<total>46</total>
				<timestamp>889.243404</timestamp>
			</report>
			<report>
				<misses>91800001</misses>
				<total>46</total>
				<timestamp>890.211553</timestamp>
			</report>
			<report>
				<misses>91900001</misses>
				<total>46</total>
				<timestamp>891.180106</timestamp>
			</report>
			<report>
				<misses>92000001</misses>
				<total>46</total>
				<timestamp>892.148234</timestamp>
			</report>
			<report>
				<misses>92100001</misses>
				<total>46</total>
				<timestamp>893.116705</timestamp>
			</report>
			<report>
				<misses>92200001</misses>
				<total>46</total>
				<timestamp>894.084833</timestamp>
			</report>
			<report>
				<misses>92300001</misses>
				<total>46</total>
				<timestamp>895.053550</timestamp>
			</report>
			<report>
				<misses>92400001</misses>
				<total>46</total>
				<timestamp>896.021553</timestamp>
			</report>
			<report>
				<misses>92500001</misses>
				<total>46</total>
				<timestamp>896.990050</timestamp>
			</report>
			<report>
				<misses>92600001</misses>
				<total>46</total>
				<timestamp>897.958091</timestamp>
			</report>
			<report>
				<misses>92700001</misses>
				<total>46</total>
				<timestamp>898.926604</timestamp>
			</report>
			<report>
				<misses>92800001</misses>
				<total>46</total>
				<timestamp>899.894744</timestamp>
			</report>
			<report>
				<misses>92900001</misses>
				<total>46</total>
				<timestamp>900.863040</timestamp>
			</report>
			<report>
				<misses>93000001</misses>
				<total>46</total>
				<timestamp>901.831237</timestamp>
			</report>
			<report>
				<misses>93100001</misses>
				<total>46</total>
				<timestamp>902.799754</timestamp>
			</report>
			<report>
				<misses>93200001</misses>
				<total>46</total>
				<timestamp>903.767997</timestamp>
			</report>
			<report>
				<misses>93300001</misses>
				<total>46</total>
				<timestamp>904.736751</timestamp>
			</report>
			<report>
				<misses>93400001</misses>
				<total>46</total>
				<timestamp>905.705188</timestamp>
			</report>
			<report>
				<misses>93500001</misses>
				<total>46</total>
				<timestamp>906.673637</timestamp>
			</report>
			<report>
				<misses>93600001</misses>
				<total>46</total>
				<timestamp>907.641787</timestamp>
			</report>
			<report>
				<misses>93700001</misses>
				<total>46</total>
				<timestamp>908.610303</timestamp>
			</report>
			<report>
				<misses>93800001</misses>
				<total>46</total>
				<timestamp>909.578545</timestamp>
			</report>
			<report>
				<misses>93900001</misses>
				<total>46</total>
				<timestamp>910.547262</timestamp>
			</report>
			<report>
				<misses>94000001</misses>
				<total>46</total>
				<timestamp>911.515635</timestamp>
			</report>
			<report>
				<misses>94100001</misses>
				<total>46</total>
				<timestamp>912.484376</timestamp>
			</report>
			<report>
				<misses>94200001</misses>
				<total>46</total>
				<timestamp>913.452478</timestamp>
			</report>
			<report>
				<misses>94300001</misses>
				<total>46</total>
				<timestamp>914.421110</timestamp>
			</report>
			<report>
				<misses>94400001</misses>
				<total>46</total>
				<timestamp>915.389395</timestamp>
			</report>
			<report>
				<misses>94500001</misses>
				<total>46</total>
				<timestamp>916.357992</timestamp>
			</report>
			<report>
				<misses>94600001</misses>
				<total>46</total>
				<timestamp>917.326177</timestamp>
			</report>
			<report>
				<misses>94700001</misses>
				<total>46</total>
				<timestamp>918.294991</timestamp>
			</report>
			<report>
				<misses>94800001</misses>
				<total>46</total>
				<timestamp>919.263121</timestamp>
			</report>
			<report>
				<misses>94900001</misses>
				<total>46</total>
				<timestamp>920.231615</timestamp>
			</report>
			<report>
				<misses>95000001</misses>
				<total>46</total>
				<timestamp>921.199791</timestamp>
			</report>
			<report>
				<misses>95100001</misses>
				<total>46</total>
				<timestamp>922.168384</timestamp>
			</report>
			<report>
				<misses>95200001</misses>
				<total>46</total>
				<timestamp>923.136599</timestamp>
			</report>
			<report>
				<misses>95300001</misses>
				<total>46</total>
				<timestamp>924.105447</timestamp>
			</report>
			<report>
				<misses>95400001</misses>
				<total>46</total>
				<timestamp>925.073635</timestamp>
			</report>
			<report>
				<misses>95500001</misses>
				<total>46</total>
				<timestamp>926.042183</timestamp>
			</report>
			<report>
				<misses>95600001</misses>
				<total>46</total>
				<timestamp>927.010382</timestamp>
			</report>
			<report>
				<misses>95700001</misses>
				<total>46</total>
				<timestamp>927.979015</timestamp>
			</report>
			<report>
				<misses>95800001</misses>
				<total>46</total>
				<timestamp>928.947206</timestamp>
			</report>
			<report>
				<misses>95900001</misses>
				<total>46</total>
				<timestamp>929.915874</timestamp>
			</report>
			<report>
				<misses>96000001</misses>
				<total>46</total>
				<timestamp>930.884170</timestamp>
			</report>
			<report>
				<misses>96100001</misses>
				<total>46</total>
				<timestamp>931.852547</timestamp>
			</report>
			<report>
				<misses>96200001</misses>
				<total>46</total>
				<timestamp>932.820580</timestamp>
			</report>
			<report>
				<misses>96300001</misses>
				<total>46</total>
				<timestamp>933.789004</timestamp>
			</report>
			<report>
				<misses>96400001</misses>
				<total>46</total>
				<timestamp>934.756990</timestamp>
			</report>
			<report>
				<misses>96500001</misses>
				<total>46</total>
				<timestamp>935.725297</timestamp>
			</report>
			<report>
				<misses>96600001</misses>
				<total>46</total>
				<timestamp>936.693598</timestamp>
			</report>
			<report>
				<misses>96700001</misses>
				<total>46</total>
				<timestamp>937.662055</timestamp>
			</report>
			<report>
				<misses>96800001</misses>
				<total>46</total>
				<timestamp>938.630067</timestamp>
			</report>
			<report>
				<misses>96900001</misses>
				<total>46</total>
				<timestamp>939.598623</timestamp>
			</report>
			<report>
				<misses>97000001</misses>
				<total>46</total>
				<timestamp>940.566677</timestamp>
			</report>
			<report>
				<misses>97100001</misses>
				<total>46</total>
				<timestamp>941.534982</timestamp>
			</report>
			<report>
				<misses>97200001</misses>
				<total>46</total>
				<timestamp>942.503142</timestamp>
			</report>
			<report>
				<misses>97300001</misses>
				<total>46</total>
				<timestamp>943.471273</timestamp>
			</report>
			<report>
				<misses>97400001</misses>
				<total>46</total>
				<timestamp>944.439433</timestamp>
			</report>
			<report>
				<misses>97500001</misses>
				<total>46</total>
				<timestamp>945.407675</timestamp>
			</report>
			<report>
				<misses>97600001</misses>
				<total>46</total>
				<timestamp>946.375873</timestamp>
			</report>
			<report>
				<misses>97700001</misses>
				<total>46</total>
				<timestamp>947.344620</timestamp>
			</report>
			<report>
				<misses>97800001</misses>
				<total>46</total>
				<timestamp>948.312853</timestamp>
			</report>
			<report>
				<misses>97900001</misses>
				<total>46</total>
				<timestamp>949.281464</timestamp>
			</report>
			<report>
				<misses>98000001</misses>
				<total>46</total>
				<timestamp>950.249788</timestamp>
			</report>
			<report>
				<misses>98100001</misses>
				<total>46</total>
				<timestamp>951.218508</timestamp>
			</report>
			<report>
				<misses>98200001</misses>
				<total>46</total>
				<timestamp>952.186650</timestamp>
			</report>
			<report>
				<misses>98300001</misses>
				<total>46</total>
				<timestamp>953.155143</timestamp>
			</report>
			<report>
				<misses>98400001</misses>
				<total>46</total>
				<timestamp>954.123383</timestamp>
			</report>
			<report>
				<misses>98500001</misses>
				<total>46</total>
				<timestamp>955.091695</timestamp>
			</report>
			<report>
				<misses>98600001</misses>
				<total>46</total>
				<timestamp>956.059739</timestamp>
			</report>
			<report>
				<misses>98700001</misses>
				<total>46</total>
				<timestamp>957.028083</timestamp>
			</report>
			<report>
				<misses>98800001</misses>
				<total>46</total>
				<timestamp>957.996505</timestamp>
			</report>
			<report>
				<misses>98900001</misses>
				<total>46</total>
				<timestamp>958.965183</timestamp>
			</report>
			<report>
				<misses>99000001</misses>
				<total>46</total>
				<timestamp>959.933436</timestamp>
			</report>
			<report>
				<misses>99100001</misses>
				<total>46</total>
				<timestamp>960.902020</timestamp>
			</report>
			<report>
				<misses>99200001</misses>
				<total>46</total>
				<timestamp>961.870322</timestamp>
			</report>
			<report>
				<misses>99300001</misses>
				<total>46</total>
				<timestamp>962.839027</timestamp>
			</report>
			<report>
				<misses>99400001</misses>
				<total>46</total>
				<timestamp>963.807156</timestamp>
			</report>
			<report>
				<misses>99500001</misses>
				<total>46</total>
				<timestamp>964.775407</timestamp>
			</report>
			<report>
				<misses>99600001</misses>
				<total>46</total>
				<timestamp>965.743747</timestamp>
			</report>
			<report>
				<misses>99700001</misses>
				<total>46</total>
				<timestamp>966.712296</timestamp>
			</report>
			<report>
				<misses>99800001</misses>
				<total>46</total>
				<timestamp>967.680791</timestamp>
			</report>
			<report>
				<misses>99900001</misses>
				<total>46</total>
				<timestamp>968.649364</timestamp>
			</report>
			<report>
				<misses>100000001</misses>
				<total>46</total>
				<timestamp>969.617589</timestamp>
			</report>
			<report>
				<misses>100100001</misses>
				<total>46</total>
				<timestamp>970.586003</timestamp>
			</report>
			<report>
				<misses>100200001</misses>
				<total>46</total>
				<timestamp>971.554038</timestamp>
			</report>
			<report>
				<misses>100300001</misses>
				<total>46</total>
				<timestamp>972.522711</timestamp>
			</report>
			<report>
				<misses>100400001</misses>
				<total>46</total>
				<timestamp>973.491004</timestamp>
			</report>
			<report>
				<misses>100500001</misses>
				<total>46</total>
				<timestamp>974.459465</timestamp>
			</report>
			<report>
				<misses>100600001</misses>
				<total>46</total>
				<timestamp>975.427513</timestamp>
			</report>
			<report>
				<misses>100700001</misses>
				<total>46</total>
				<timestamp>976.395712</timestamp>
			</report>
			<report>
				<misses>100800001</misses>
				<total>46</total>
				<timestamp>977.363838</timestamp>
			</report>
			<report>
				<misses>100900001</misses>
				<total>46</total>
				<timestamp>978.332029</timestamp>
			</report>
			<report>
				<misses>101000001</misses>
				<total>46</total>
				<timestamp>979.300350</timestamp>
			</report>
			<report>
				<misses>101100001</misses>
				<total>46</total>
				<timestamp>980.268984</timestamp>
			</report>
			<report>
				<misses>101200001</misses>
				<total>46</total>
				<timestamp>981.237289</timestamp>
			</report>
			<report>
				<misses>101300001</misses>
				<total>46</total>
				<timestamp>982.205843</timestamp>
			</report>
			<report>
				<misses>101400001</misses>
				<total>46</total>
				<timestamp>983.173818</timestamp>
			</report>
			<report>
				<misses>101500001</misses>
				<total>46</total>
				<timestamp>984.142463</timestamp>
			</report>
			<report>
				<misses>101600001</misses>
				<total>46</total>
				<timestamp>985.110806</timestamp>
			</report>
			<report>
				<misses>101700001</misses>
				<total>46</total>
				<timestamp>986.079655</timestamp>
			</report>
			<report>
				<misses>101800001</misses>
				<total>46</total>
				<timestamp>987.047991</timestamp>
			</report>
			<report>
				<misses>101900001</misses>
				<total>46</total>
				<timestamp>988.016521</timestamp>
			</report>
			<report>
				<misses>102000001</misses>
				<total>46</total>
				<timestamp>988.984789</timestamp>
			</report>
			<report>
				<misses>102100001</misses>
				<total>46</total>
				<timestamp>989.953492</timestamp>
			</report>
			<report>
				<misses>102200001</misses>
				<total>46</total>
				<timestamp>990.921984</timestamp>
			</report>
			<report>
				<misses>102300001</misses>
				<total>46</total>
				<timestamp>991.890475</timestamp>
			</report>
			<report>
				<misses>102400001</misses>
				<total>46</total>
				<timestamp>992.858667</timestamp>
			</report>
			<report>
				<misses>102500001</misses>
				<total>46</total>
				<timestamp>993.827116</timestamp>
			</report>
			<report>
				<misses>102600001</misses>
				<total>46</total>
				<timestamp>994.795220</timestamp>
			</report>
			<report>
				<misses>102700001</misses>
				<total>46</total>
				<timestamp>995.763905</timestamp>
			</report>
			<report>
				<misses>102800001</misses>
				<total>46</total>
				<timestamp>996.732219</timestamp>
			</report>
			<report>
				<misses>102900001</misses>
				<total>46</total>
				<timestamp>997.700845</timestamp>
			</report>
			<report>
				<misses>103000001</misses>
				<total>46</total>
				<timestamp>998.669029</timestamp>
			</report>
			<report>
				<misses>103100001</misses>
				<total>46</total>
				<timestamp>999.637639</timestamp>
			</report>
			<report>
				<misses>103200001</misses>
				<total>46</total>
				<timestamp>1000.605859</timestamp>
			</report>
			<report>
				<misses>103300001</misses>
				<total>46</total>
				<timestamp>1001.574493</timestamp>
			</report>
			<report>
				<misses>103400001</misses>
				<total>46</total>
				<timestamp>1002.542668</timestamp>
			</report>
			<report>
				<misses>103500001</misses>
				<total>46</total>
				<timestamp>1003.511373</timestamp>
			</report>
			<report>
				<misses>103600001</misses>
				<total>46</total>
				<timestamp>1004.479664</timestamp>
			</report>
			<report>
				<misses>103700001</misses>
				<total>46</total>
				<timestamp>1005.447883</timestamp>
			</report>
			<report>
				<misses>103800001</misses>
				<total>46</total>
				<timestamp>1006.416244</timestamp>
			</report>
			<report>
				<misses>103900001</misses>
				<total>46</total>
				<timestamp>1007.384948</timestamp>
			</report>
			<report>
				<misses>104000001</misses>
				<total>46</total>
				<timestamp>1008.353245</timestamp>
			</report>
			<report>
				<misses>104100001</misses>
				<total>46</total>
				<timestamp>1009.321520</timestamp>
			</report>
			<report>
				<misses>104200001</misses>
				<total>46</total>
				<timestamp>1010.289682</timestamp>
			</report>
			<report>
				<misses>104300001</misses>
				<total>46</total>
				<timestamp>1011.258238</timestamp>
			</report>
			<report>
				<misses>104400001</misses>
				<total>46</total>
				<timestamp>1012.226427</timestamp>
			</report>
			<report>
				<misses>104500001</misses>
				<total>46</total>
				<timestamp>1013.195172</timestamp>
			</report>
			<report>
				<misses>104600001</misses>
				<total>46</total>
				<timestamp>1014.163521</timestamp>
			</report>
			<report>
				<misses>104700001</misses>
				<total>46</total>
				<timestamp>1015.132219</timestamp>
			</report>
			<report>
				<misses>104800001</misses>
				<total>46</total>
				<timestamp>1016.100484</timestamp>
			</report>
			<report>
				<misses>104900001</misses>
				<total>46</total>
				<timestamp>1017.069090</timestamp>
			</report>
			<report>
				<misses>105000001</misses>
				<total>46</total>
				<timestamp>1018.037528</timestamp>
			</report>
			<report>
				<misses>105100001</misses>
				<total>46</total>
				<timestamp>1019.006211</timestamp>
			</report>
			<report>
				<misses>105200001</misses>
				<total>46</total>
				<timestamp>1019.974477</timestamp>
			</report>
			<report>
				<misses>105300001</misses>
				<total>46</total>
				<timestamp>1020.943145</timestamp>
			</report>
			<report>
				<misses>105400001</misses>
				<total>46</total>
				<timestamp>1021.911583</timestamp>
			</report>
			<report>
				<misses>105500001</misses>
				<total>46</total>
				<timestamp>1022.880305</timestamp>
			</report>
			<report>
				<misses>105600001</misses>
				<total>46</total>
				<timestamp>1023.848627</timestamp>
			</report>
			<report>
				<misses>105700001</misses>
				<total>46</total>
				<timestamp>1024.817177</timestamp>
			</report>
			<report>
				<misses>105800001</misses>
				<total>46</total>
				<timestamp>1025.785497</timestamp>
			</report>
			<report>
				<misses>105900001</misses>
				<total>46</total>
				<timestamp>1026.754275</timestamp>
			</report>
			<report>
				<misses>106000001</misses>
				<total>46</total>
				<timestamp>1027.722675</timestamp>
			</report>
			<report>
				<misses>106100001</misses>
				<total>46</total>
				<timestamp>1028.691373</timestamp>
			</report>
			<report>
				<misses>106200001</misses>
				<total>46</total>
				<timestamp>1029.659575</timestamp>
			</report>
			<report>
				<misses>106300001</misses>
				<total>46</total>
				<timestamp>1030.627882</timestamp>
			</report>
			<report>
				<misses>106400001</misses>
				<total>46</total>
				<timestamp>1031.595927</timestamp>
			</report>
			<report>
				<misses>106500001</misses>
				<total>46</total>
				<timestamp>1032.564295</timestamp>
			</report>
			<report>
				<misses>106600001</misses>
				<total>46</total>
				<timestamp>1033.532697</timestamp>
			</report>
			<report>
				<misses>106700001</misses>
				<total>46</total>
				<timestamp>1034.500960</timestamp>
			</report>
			<report>
				<misses>106800001</misses>
				<total>46</total>
				<timestamp>1035.469384</timestamp>
			</report>
			<report>
				<misses>106900001</misses>
				<total>46</total>
				<timestamp>1036.437543</timestamp>
			</report>
			<report>
				<misses>107000001</misses>
				<total>46</total>
				<timestamp>1037.405876</timestamp>
			</report>
			<report>
				<misses>107100001</misses>
				<total>46</total>
				<timestamp>1038.374039</timestamp>
			</report>
			<report>
				<misses>107200001</misses>
				<total>46</total>
				<timestamp>1039.342287</timestamp>
			</report>
			<report>
				<misses>107300001</misses>
				<total>46</total>
				<timestamp>1040.310687</timestamp>
			</report>
			<report>
				<misses>107400001</misses>
				<total>46</total>
				<timestamp>1041.279117</timestamp>
			</report>
			<report>
				<misses>107500001</misses>
				<total>46</total>
				<timestamp>1042.247414</timestamp>
			</report>
			<report>
				<misses>107600001</misses>
				<total>46</total>
				<timestamp>1043.215818</timestamp>
			</report>
			<report>
				<misses>107700001</misses>
				<total>46</total>
				<timestamp>1044.184302</timestamp>
			</report>
			<report>
				<misses>107800001</misses>
				<total>46</total>
				<timestamp>1045.153230</timestamp>
			</report>
			<report>
				<misses>107900001</misses>
				<total>46</total>
				<timestamp>1046.121636</timestamp>
			</report>
			<report>
				<misses>108000001</misses>
				<total>46</total>
				<timestamp>1047.089923</timestamp>
			</report>
			<report>
				<misses>108100001</misses>
				<total>46</total>
				<timestamp>1048.058474</timestamp>
			</report>
			<report>
				<misses>108200001</misses>
				<total>46</total>
				<timestamp>1049.027162</timestamp>
			</report>
			<report>
				<misses>108300001</misses>
				<total>46</total>
				<timestamp>1049.995558</timestamp>
			</report>
			<report>
				<misses>108400001</misses>
				<total>46</total>
				<timestamp>1050.964199</timestamp>
			</report>
			<report>
				<misses>108500001</misses>
				<total>46</total>
				<timestamp>1051.932343</timestamp>
			</report>
			<report>
				<misses>108600001</misses>
				<total>46</total>
				<timestamp>1052.900493</timestamp>
			</report>
			<report>
				<misses>108700001</misses>
				<total>46</total>
				<timestamp>1053.868941</timestamp>
			</report>
			<report>
				<misses>108800001</misses>
				<total>46</total>
				<timestamp>1054.837694</timestamp>
			</report>
			<report>
				<misses>108900001</misses>
				<total>46</total>
				<timestamp>1055.805889</timestamp>
			</report>
			<report>
				<misses>109000001</misses>
				<total>46</total>
				<timestamp>1056.774537</timestamp>
			</report>
			<report>
				<misses>109100001</misses>
				<total>46</total>
				<timestamp>1057.742439</timestamp>
			</report>
			<report>
				<misses>109200001</misses>
				<total>46</total>
				<timestamp>1058.710765</timestamp>
			</report>
			<report>
				<misses>109300001</misses>
				<total>46</total>
				<timestamp>1059.679078</timestamp>
			</report>
			<report>
				<misses>109400001</misses>
				<total>46</total>
				<timestamp>1060.647773</timestamp>
			</report>
			<report>
				<misses>109500001</misses>
				<total>46</total>
				<timestamp>1061.616054</timestamp>
			</report>
			<report>
				<misses>109600001</misses>
				<total>46</total>
				<timestamp>1062.584315</timestamp>
			</report>
			<report>
				<misses>109700001</misses>
				<total>46</total>
				<timestamp>1063.552686</timestamp>
			</report>
			<report>
				<misses>109800001</misses>
				<total>46</total>
				<timestamp>1064.521221</timestamp>
			</report>
			<report>
				<misses>109900001</misses>
				<total>46</total>
				<timestamp>1065.489484</timestamp>
			</report>
			<report>
				<misses>110000001</misses>
				<total>46</total>
				<timestamp>1066.458023</timestamp>
			</report>
			<report>
				<misses>110100001</misses>
				<total>46</total>
				<timestamp>1067.426234</timestamp>
			</report>
			<report>
				<misses>110200001</misses>
				<total>46</total>
				<timestamp>1068.394849</timestamp>
			</report>
			<report>
				<misses>110300001</misses>
				<total>46</total>
				<timestamp>1069.362992</timestamp>
			</report>
			<report>
				<misses>110400001</misses>
				<total>46</total>
				<timestamp>1070.331492</timestamp>
			</report>
			<report>
				<misses>110500001</misses>
				<total>46</total>
				<timestamp>1071.299809</timestamp>
			</report>
			<report>
				<misses>110600001</misses>
				<total>46</total>
				<timestamp>1072.268394</timestamp>
			</report>
			<report>
				<misses>110700001</misses>
				<total>46</total>
				<timestamp>1073.236710</timestamp>
			</report>
			<report>
				<misses>110800001</misses>
				<total>46</total>
				<timestamp>1074.205131</timestamp>
			</report>
			<report>
				<misses>110900001</misses>
				<total>46</total>
				<timestamp>1075.173378</timestamp>
			</report>
			<report>
				<misses>111000001</misses>
				<total>46</total>
				<timestamp>1076.141575</timestamp>
			</report>
			<report>
				<misses>111100001</misses>
				<total>46</total>
				<timestamp>1077.109763</timestamp>
			</report>
			<report>
				<misses>111200001</misses>
				<total>46</total>
				<timestamp>1078.078439</timestamp>
			</report>
			<report>
				<misses>111300001</misses>
				<total>46</total>
				<timestamp>1079.046666</timestamp>
			</report>
			<report>
				<misses>111400001</misses>
				<total>46</total>
				<timestamp>1080.015212</timestamp>
			</report>
			<report>
				<misses>111500001</misses>
				<total>46</total>
				<timestamp>1080.983473</timestamp>
			</report>
			<report>
				<misses>111600001</misses>
				<total>46</total>
				<timestamp>1081.952233</timestamp>
			</report>
			<report>
				<misses>111700001</misses>
				<total>46</total>
				<timestamp>1082.920304</timestamp>
			</report>
			<report>
				<misses>111800001</misses>
				<total>46</total>
				<timestamp>1083.888710</timestamp>
			</report>
			<report>
				<misses>111900001</misses>
				<total>46</total>
				<timestamp>1084.857040</timestamp>
			</report>
			<report>
				<misses>112000001</misses>
				<total>46</total>
				<timestamp>1085.825538</timestamp>
			</report>
			<report>
				<misses>112100001</misses>
				<total>46</total>
				<timestamp>1086.793712</timestamp>
			</report>
			<report>
				<misses>112200001</misses>
				<total>46</total>
				<timestamp>1087.762206</timestamp>
			</report>
			<report>
				<misses>112300001</misses>
				<total>46</total>
				<timestamp>1088.730532</timestamp>
			</report>
			<report>
				<misses>112400001</misses>
				<total>46</total>
				<timestamp>1089.699103</timestamp>
			</report>
			<report>
				<misses>112500001</misses>
				<total>46</total>
				<timestamp>1090.667385</timestamp>
			</report>
			<report>
				<misses>112600001</misses>
				<total>46</total>
				<timestamp>1091.635642</timestamp>
			</report>
			<report>
				<misses>112700001</misses>
				<total>46</total>
				<timestamp>1092.603922</timestamp>
			</report>
			<report>
				<misses>112800001</misses>
				<total>46</total>
				<timestamp>1093.572500</timestamp>
			</report>
			<report>
				<misses>112900001</misses>
				<total>46</total>
				<timestamp>1094.540889</timestamp>
			</report>
			<report>
				<misses>113000001</misses>
				<total>46</total>
				<timestamp>1095.509549</timestamp>
			</report>
			<report>
				<misses>113100001</misses>
				<total>46</total>
				<timestamp>1096.477634</timestamp>
			</report>
			<report>
				<misses>113200001</misses>
				<total>46</total>
				<timestamp>1097.446313</timestamp>
			</report>
			<report>
				<misses>113300001</misses>
				<total>46</total>
				<timestamp>1098.414536</timestamp>
			</report>
			<report>
				<misses>113400001</misses>
				<total>46</total>
				<timestamp>1099.383091</timestamp>
			</report>
			<report>
				<misses>113500001</misses>
				<total>46</total>
				<timestamp>1100.351459</timestamp>
			</report>
			<report>
				<misses>113600001</misses>
				<total>46</total>
				<timestamp>1101.319998</timestamp>
			</report>
			<report>
				<misses>113700001</misses>
				<total>46</total>
				<timestamp>1102.288275</timestamp>
			</report>
			<report>
				<misses>113800001</misses>
				<total>46</total>
				<timestamp>1103.256574</timestamp>
			</report>
			<report>
				<misses>113900001</misses>
				<total>46</total>
				<timestamp>1104.224768</timestamp>
			</report>
			<report>
				<misses>114000001</misses>
				<total>46</total>
				<timestamp>1105.193426</timestamp>
			</report>
			<report>
				<misses>114100001</misses>
				<total>46</total>
				<timestamp>1106.161631</timestamp>
			</report>
			<report>
				<misses>114200001</misses>
				<total>46</total>
				<timestamp>1107.130419</timestamp>
			</report>
			<report>
				<misses>114300001</misses>
				<total>46</total>
				<timestamp>1108.098780</timestamp>
			</report>
			<report>
				<misses>114400001</misses>
				<total>46</total>
				<timestamp>1109.067613</timestamp>
			</report>
			<report>
				<misses>114500001</misses>
				<total>46</total>
				<timestamp>1110.036124</timestamp>
			</report>
			<report>
				<misses>114600001</misses>
				<total>46</total>
				<timestamp>1111.004836</timestamp>
			</report>
			<report>
				<misses>114700001</misses>
				<total>46</total>
				<timestamp>1111.973307</timestamp>
			</report>
			<report>
				<misses>114800001</misses>
				<total>46</total>
				<timestamp>1112.942060</timestamp>
			</report>
			<report>
				<misses>114900001</misses>
				<total>46</total>
				<timestamp>1113.910437</timestamp>
			</report>
			<report>
				<misses>115000001</misses>
				<total>46</total>
				<timestamp>1114.879405</timestamp>
			</report>
			<report>
				<misses>115100001</misses>
				<total>46</total>
				<timestamp>1115.847881</timestamp>
			</report>
			<report>
				<misses>115200001</misses>
				<total>46</total>
				<timestamp>1116.816650</timestamp>
			</report>
			<report>
				<misses>115300001</misses>
				<total>46</total>
				<timestamp>1117.785027</timestamp>
			</report>
			<report>
				<misses>115400001</misses>
				<total>46</total>
				<timestamp>1118.753619</timestamp>
			</report>
			<report>
				<misses>115500001</misses>
				<total>46</total>
				<timestamp>1119.721997</timestamp>
			</report>
			<report>
				<misses>115600001</misses>
				<total>46</total>
				<timestamp>1120.690852</timestamp>
			</report>
			<report>
				<misses>115700001</misses>
				<total>46</total>
				<timestamp>1121.659406</timestamp>
			</report>
			<report>
				<misses>115800001</misses>
				<total>46</total>
				<timestamp>1122.628171</timestamp>
			</report>
			<report>
				<misses>115900001</misses>
				<total>46</total>
				<timestamp>1123.596428</timestamp>
			</report>
			<report>
				<misses>116000001</misses>
				<total>46</total>
				<timestamp>1124.565150</timestamp>
			</report>
			<report>
				<misses>116100001</misses>
				<total>46</total>
				<timestamp>1125.533521</timestamp>
			</report>
			<report>
				<misses>116200001</misses>
				<total>46</total>
				<timestamp>1126.502291</timestamp>
			</report>
			<report>
				<misses>116300001</misses>
				<total>46</total>
				<timestamp>1127.470464</timestamp>
			</report>
			<report>
				<misses>116400001</misses>
				<total>46</total>
				<timestamp>1128.439089</timestamp>
			</report>
			<report>
				<misses>116500001</misses>
				<total>46</total>
				<timestamp>1129.407449</timestamp>
			</report>
			<report>
				<misses>116600001</misses>
				<total>46</total>
				<timestamp>1130.376123</timestamp>
			</report>
			<report>
				<misses>116700001</misses>
				<total>46</total>
				<timestamp>1131.344360</timestamp>
			</report>
			<report>
				<misses>116800001</misses>
				<total>46</total>
				<timestamp>1132.312613</timestamp>
			</report>
			<report>
				<misses>116900001</misses>
				<total>46</total>
				<timestamp>1133.280802</timestamp>
			</report>
			<report>
				<misses>117000001</misses>
				<total>46</total>
				<timestamp>1134.249368</timestamp>
			</report>
			<report>
				<misses>117100001</misses>
				<total>46</total>
				<timestamp>1135.217918</timestamp>
			</report>
			<report>
				<misses>117200001</misses>
				<total>46</total>
				<timestamp>1136.186268</timestamp>
			</report>
			<report>
				<misses>117300001</misses>
				<total>46</total>
				<timestamp>1137.154633</timestamp>
			</report>
			<report>
				<misses>117400001</misses>
				<total>46</total>
				<timestamp>1138.123357</timestamp>
			</report>
			<report>
				<misses>117500001</misses>
				<total>46</total>
				<timestamp>1139.091545</timestamp>
			</report>
			<report>
				<misses>117600001</misses>
				<total>46</total>
				<timestamp>1140.059870</timestamp>
			</report>
			<report>
				<misses>117700001</misses>
				<total>46</total>
				<timestamp>1141.028200</timestamp>
			</report>
			<report>
				<misses>117800001</misses>
				<total>46</total>
				<timestamp>1141.996798</timestamp>
			</report>
			<report>
				<misses>117900001</misses>
				<total>46</total>
				<timestamp>1142.965001</timestamp>
			</report>
			<report>
				<misses>118000001</misses>
				<total>46</total>
				<timestamp>1143.933689</timestamp>
			</report>
			<report>
				<misses>118100001</misses>
				<total>46</total>
				<timestamp>1144.902101</timestamp>
			</report>
			<report>
				<misses>118200001</misses>
				<total>46</total>
				<timestamp>1145.870996</timestamp>
			</report>
			<report>
				<misses>118300001</misses>
				<total>46</total>
				<timestamp>1146.839437</timestamp>
			</report>
			<report>
				<misses>118400001</misses>
				<total>46</total>
				<timestamp>1147.808070</timestamp>
			</report>
			<report>
				<misses>118500001</misses>
				<total>46</total>
				<timestamp>1148.776457</timestamp>
			</report>
			<report>
				<misses>118600001</misses>
				<total>46</total>
				<timestamp>1149.745010</timestamp>
			</report>
			<report>
				<misses>118700001</misses>
				<total>46</total>
				<timestamp>1150.713182</timestamp>
			</report>
			<report>
				<misses>118800001</misses>
				<total>46</total>
				<timestamp>1151.681472</timestamp>
			</report>
			<report>
				<misses>118900001</misses>
				<total>46</total>
				<timestamp>1152.650115</timestamp>
			</report>
			<report>
				<misses>119000001</misses>
				<total>46</total>
				<timestamp>1153.618306</timestamp>
			</report>
			<report>
				<misses>119100001</misses>
				<total>46</total>
				<timestamp>1154.586668</timestamp>
			</report>
			<report>
				<misses>119200001</misses>
				<total>46</total>
				<timestamp>1155.555289</timestamp>
			</report>
			<report>
				<misses>119300001</misses>
				<total>46</total>
				<timestamp>1156.523694</timestamp>
			</report>
			<report>
				<misses>119400001</misses>
				<total>46</total>
				<timestamp>1157.492332</timestamp>
			</report>
			<report>
				<misses>119500001</misses>
				<total>46</total>
				<timestamp>1158.460513</timestamp>
			</report>
			<report>
				<misses>119600001</misses>
				<total>46</total>
				<timestamp>1159.429115</timestamp>
			</report>
			<report>
				<misses>119700001</misses>
				<total>46</total>
				<timestamp>1160.397488</timestamp>
			</report>
			<report>
				<misses>119800001</misses>
				<total>46</total>
				<timestamp>1161.366180</timestamp>
			</report>
			<report>
				<misses>119900001</misses>
				<total>46</total>
				<timestamp>1162.334414</timestamp>
			</report>
			<report>
				<misses>120000001</misses>
				<total>46</total>
				<timestamp>1163.302632</timestamp>
			</report>
			<report>
				<misses>120100001</misses>
				<total>46</total>
				<timestamp>1164.270978</timestamp>
			</report>
			<report>
				<misses>120200001</misses>
				<total>46</total>
				<timestamp>1165.239615</timestamp>
			</report>
			<report>
				<misses>120300001</misses>
				<total>46</total>
				<timestamp>1166.207859</timestamp>
			</report>
			<report>
				<misses>120400001</misses>
				<total>46</total>
				<timestamp>1167.176454</timestamp>
			</report>
			<report>
				<misses>120500001</misses>
				<total>46</total>
				<timestamp>1168.144783</timestamp>
			</report>
			<report>
				<misses>120600001</misses>
				<total>46</total>
				<timestamp>1169.113721</timestamp>
			</report>
			<report>
				<misses>120700001</misses>
				<total>46</total>
				<timestamp>1170.082115</timestamp>
			</report>
			<report>
				<misses>120800001</misses>
				<total>46</total>
				<timestamp>1171.050958</timestamp>
			</report>
			<report>
				<misses>120900001</misses>
				<total>46</total>
				<timestamp>1172.019544</timestamp>
			</report>
			<report>
				<misses>121000001</misses>
				<total>46</total>
				<timestamp>1172.988401</timestamp>
			</report>
			<report>
				<misses>121100001</misses>
				<total>46</total>
				<timestamp>1173.956707</timestamp>
			</report>
			<report>
				<misses>121200001</misses>
				<total>46</total>
				<timestamp>1174.925487</timestamp>
			</report>
			<report>
				<misses>121300001</misses>
				<total>46</total>
				<timestamp>1175.893802</timestamp>
			</report>
			<report>
				<misses>121400001</misses>
				<total>46</total>
				<timestamp>1176.862344</timestamp>
			</report>
			<report>
				<misses>121500001</misses>
				<total>46</total>
				<timestamp>1177.830725</timestamp>
			</report>
			<report>
				<misses>121600001</misses>
				<total>46</total>
				<timestamp>1178.799331</timestamp>
			</report>
			<report>
				<misses>121700001</misses>
				<total>46</total>
				<timestamp>1179.767680</timestamp>
			</report>
			<report>
				<misses>121800001</misses>
				<total>46</total>
				<timestamp>1180.736143</timestamp>
			</report>
			<report>
				<misses>121900001</misses>
				<total>46</total>
				<timestamp>1181.704473</timestamp>
			</report>
			<report>
				<misses>122000001</misses>
				<total>46</total>
				<timestamp>1182.673122</timestamp>
			</report>
			<report>
				<misses>122100001</misses>
				<total>46</total>
				<timestamp>1183.641353</timestamp>
			</report>
			<report>
				<misses>122200001</misses>
				<total>46</total>
				<timestamp>1184.610170</timestamp>
			</report>
			<report>
				<misses>122300001</misses>
				<total>46</total>
				<timestamp>1185.578242</timestamp>
			</report>
			<report>
				<misses>122400001</misses>
				<total>46</total>
				<timestamp>1186.546999</timestamp>
			</report>
			<report>
				<misses>122500001</misses>
				<total>46</total>
				<timestamp>1187.515088</timestamp>
			</report>
			<report>
				<misses>122600001</misses>
				<total>46</total>
				<timestamp>1188.483698</timestamp>
			</report>
			<report>
				<misses>122700001</misses>
				<total>46</total>
				<timestamp>1189.451856</timestamp>
			</report>
			<report>
				<misses>122800001</misses>
				<total>46</total>
				<timestamp>1190.420090</timestamp>
			</report>
			<report>
				<misses>122900001</misses>
				<total>46</total>
				<timestamp>1191.388575</timestamp>
			</report>
			<report>
				<misses>123000001</misses>
				<total>46</total>
				<timestamp>1192.356825</timestamp>
			</report>
			<report>
				<misses>123100001</misses>
				<total>46</total>
				<timestamp>1193.325599</timestamp>
			</report>
			<report>
				<misses>123200001</misses>
				<total>46</total>
				<timestamp>1194.293999</timestamp>
			</report>
			<report>
				<misses>123300001</misses>
				<total>46</total>
				<timestamp>1195.262740</timestamp>
			</report>
			<report>
				<misses>123400001</misses>
				<total>46</total>
				<timestamp>1196.231201</timestamp>
			</report>
			<report>
				<misses>123500001</misses>
				<total>46</total>
				<timestamp>1197.199982</timestamp>
			</report>
			<report>
				<misses>123600001</misses>
				<total>46</total>
				<timestamp>1198.168584</timestamp>
			</report>
			<report>
				<misses>123700001</misses>
				<total>46</total>
				<timestamp>1199.136939</timestamp>
			</report>
			<report>
				<misses>123800001</misses>
				<total>46</total>
				<timestamp>1200.105459</timestamp>
			</report>
			<report>
				<misses>123900001</misses>
				<total>46</total>
				<timestamp>1201.073983</timestamp>
			</report>
			<report>
				<misses>124000001</misses>
				<total>46</total>
				<timestamp>1202.042016</timestamp>
			</report>
			<report>
				<misses>124100001</misses>
				<total>46</total>
				<timestamp>1203.010311</timestamp>
			</report>
			<report>
				<misses>124200001</misses>
				<total>46</total>
				<timestamp>1203.979032</timestamp>
			</report>
			<report>
				<misses>124300001</misses>
				<total>46</total>
				<timestamp>1204.947322</timestamp>
			</report>
			<report>
				<misses>124400001</misses>
				<total>46</total>
				<timestamp>1205.916002</timestamp>
			</report>
			<report>
				<misses>124500001</misses>
				<total>46</total>
				<timestamp>1206.884320</timestamp>
			</report>
			<report>
				<misses>124600001</misses>
				<total>46</total>
				<timestamp>1207.853060</timestamp>
			</report>
			<report>
				<misses>124700001</misses>
				<total>46</total>
				<timestamp>1208.821590</timestamp>
			</report>
			<report>
				<misses>124800001</misses>
				<total>46</total>
				<timestamp>1209.790348</timestamp>
			</report>
			<report>
				<misses>124900001</misses>
				<total>46</total>
				<timestamp>1210.758664</timestamp>
			</report>
			<report>
				<misses>125000001</misses>
				<total>46</total>
				<timestamp>1211.727315</timestamp>
			</report>
			<report>
				<misses>125100001</misses>
				<total>46</total>
				<timestamp>1212.695823</timestamp>
			</report>
			<report>
				<misses>125200001</misses>
				<total>46</total>
				<timestamp>1213.664544</timestamp>
			</report>
			<report>
				<misses>125300001</misses>
				<total>46</total>
				<timestamp>1214.632885</timestamp>
			</report>
			<report>
				<misses>125400001</misses>
				<total>46</total>
				<timestamp>1215.601579</timestamp>
			</report>
			<report>
				<misses>125500001</misses>
				<total>46</total>
				<timestamp>1216.569858</timestamp>
			</report>
			<report>
				<misses>125600001</misses>
				<total>46</total>
				<timestamp>1217.538111</timestamp>
			</report>
			<report>
				<misses>125700001</misses>
				<total>46</total>
				<timestamp>1218.506490</timestamp>
			</report>
			<report>
				<misses>125800001</misses>
				<total>46</total>
				<timestamp>1219.474978</timestamp>
			</report>
			<report>
				<misses>125900001</misses>
				<total>46</total>
				<timestamp>1220.443337</timestamp>
			</report>
			<report>
				<misses>126000001</misses>
				<total>46</total>
				<timestamp>1221.411662</timestamp>
			</report>
			<report>
				<misses>126100001</misses>
				<total>46</total>
				<timestamp>1222.379988</timestamp>
			</report>
			<report>
				<misses>126200001</misses>
				<total>46</total>
				<timestamp>1223.348599</timestamp>
			</report>
			<report>
				<misses>126300001</misses>
				<total>46</total>
				<timestamp>1224.316959</timestamp>
			</report>
			<report>
				<misses>126400001</misses>
				<total>46</total>
				<timestamp>1225.285572</timestamp>
			</report>
			<report>
				<misses>126500001</misses>
				<total>46</total>
				<timestamp>1226.253861</timestamp>
			</report>
			<report>
				<misses>126600001</misses>
				<total>46</total>
				<timestamp>1227.222156</timestamp>
			</report>
			<report>
				<misses>126700001</misses>
				<total>46</total>
				<timestamp>1228.190395</timestamp>
			</report>
			<report>
				<misses>126800001</misses>
				<total>46</total>
				<timestamp>1229.158613</timestamp>
			</report>
			<report>
				<misses>126900001</misses>
				<total>46</total>
				<timestamp>1230.127112</timestamp>
			</report>
			<report>
				<misses>127000001</misses>
				<total>46</total>
				<timestamp>1231.095833</timestamp>
			</report>
			<report>
				<misses>127100001</misses>
				<total>46</total>
				<timestamp>1232.064060</timestamp>
			</report>
			<report>
				<misses>127200001</misses>
				<total>46</total>
				<timestamp>1233.032724</timestamp>
			</report>
			<report>
				<misses>127300001</misses>
				<total>46</total>
				<timestamp>1234.000868</timestamp>
			</report>
			<report>
				<misses>127400001</misses>
				<total>46</total>
				<timestamp>1234.969429</timestamp>
			</report>
			<report>
				<misses>127500001</misses>
				<total>46</total>
				<timestamp>1235.938104</timestamp>
			</report>
			<report>
				<misses>127600001</misses>
				<total>46</total>
				<timestamp>1236.906484</timestamp>
			</report>
			<report>
				<misses>127700001</misses>
				<total>46</total>
				<timestamp>1237.875319</timestamp>
			</report>
			<report>
				<misses>127800001</misses>
				<total>46</total>
				<timestamp>1238.843334</timestamp>
			</report>
			<report>
				<misses>127900001</misses>
				<total>46</total>
				<timestamp>1239.811958</timestamp>
			</report>
			<report>
				<misses>128000001</misses>
				<total>46</total>
				<timestamp>1240.780263</timestamp>
			</report>
			<report>
				<misses>128100001</misses>
				<total>46</total>
				<timestamp>1241.749062</timestamp>
			</report>
			<report>
				<misses>128200001</misses>
				<total>46</total>
				<timestamp>1242.717491</timestamp>
			</report>
			<report>
				<misses>128300001</misses>
				<total>46</total>
				<timestamp>1243.686246</timestamp>
			</report>
			<report>
				<misses>128400001</misses>
				<total>46</total>
				<timestamp>1244.654615</timestamp>
			</report>
			<report>
				<misses>128500001</misses>
				<total>46</total>
				<timestamp>1245.623091</timestamp>
			</report>
			<report>
				<misses>128600001</misses>
				<total>46</total>
				<timestamp>1246.591304</timestamp>
			</report>
			<report>
				<misses>128700001</misses>
				<total>46</total>
				<timestamp>1247.559820</timestamp>
			</report>
			<report>
				<misses>128800001</misses>
				<total>46</total>
				<timestamp>1248.528143</timestamp>
			</report>
			<report>
				<misses>128900001</misses>
				<total>46</total>
				<timestamp>1249.496705</timestamp>
			</report>
			<report>
				<misses>129000001</misses>
				<total>46</total>
				<timestamp>1250.464964</timestamp>
			</report>
			<report>
				<misses>129100001</misses>
				<total>46</total>
				<timestamp>1251.433273</timestamp>
			</report>
			<report>
				<misses>129200001</misses>
				<total>46</total>
				<timestamp>1252.401707</timestamp>
			</report>
			<report>
				<misses>129300001</misses>
				<total>46</total>
				<timestamp>1253.370318</timestamp>
			</report>
			<report>
				<misses>129400001</misses>
				<total>46</total>
				<timestamp>1254.338657</timestamp>
			</report>
			<report>
				<misses>129500001</misses>
				<total>46</total>
				<timestamp>1255.307255</timestamp>
			</report>
			<report>
				<misses>129600001</misses>
				<total>46</total>
				<timestamp>1256.275747</timestamp>
			</report>
			<report>
				<misses>129700001</misses>
				<total>46</total>
				<timestamp>1257.244423</timestamp>
			</report>
			<report>
				<misses>129800001</misses>
				<total>46</total>
				<timestamp>1258.212685</timestamp>
			</report>
			<report>
				<misses>129900001</misses>
				<total>46</total>
				<timestamp>1259.181295</timestamp>
			</report>
			<report>
				<misses>130000001</misses>
				<total>46</total>
				<timestamp>1260.149507</timestamp>
			</report>
			<report>
				<misses>130100001</misses>
				<total>46</total>
				<timestamp>1261.118141</timestamp>
			</report>
			<report>
				<misses>130200001</misses>
				<total>46</total>
				<timestamp>1262.086530</timestamp>
			</report>
			<report>
				<misses>130300001</misses>
				<total>46</total>
				<timestamp>1263.055130</timestamp>
			</report>
			<report>
				<misses>130400001</misses>
				<total>46</total>
				<timestamp>1264.023438</timestamp>
			</report>
			<report>
				<misses>130500001</misses>
				<total>46</total>
				<timestamp>1264.991994</timestamp>
			</report>
			<report>
				<misses>130600001</misses>
				<total>46</total>
				<timestamp>1265.960377</timestamp>
			</report>
			<report>
				<misses>130700001</misses>
				<total>46</total>
				<timestamp>1266.928991</timestamp>
			</report>
			<report>
				<misses>130800001</misses>
				<total>46</total>
				<timestamp>1267.897111</timestamp>
			</report>
			<report>
				<misses>130900001</misses>
				<total>46</total>
				<timestamp>1268.865833</timestamp>
			</report>
			<report>
				<misses>131000001</misses>
				<total>46</total>
				<timestamp>1269.834267</timestamp>
			</report>
			<report>
				<misses>131100001</misses>
				<total>46</total>
				<timestamp>1270.803038</timestamp>
			</report>
			<report>
				<misses>131200001</misses>
				<total>46</total>
				<timestamp>1271.771250</timestamp>
			</report>
			<report>
				<misses>131300001</misses>
				<total>46</total>
				<timestamp>1272.740021</timestamp>
			</report>
			<report>
				<misses>131400001</misses>
				<total>46</total>
				<timestamp>1273.708175</timestamp>
			</report>
			<report>
				<misses>131500001</misses>
				<total>46</total>
				<timestamp>1274.676798</timestamp>
			</report>
			<report>
				<misses>131600001</misses>
				<total>46</total>
				<timestamp>1275.645420</timestamp>
			</report>
			<report>
				<misses>131700001</misses>
				<total>46</total>
				<timestamp>1276.614379</timestamp>
			</report>
			<report>
				<misses>131800001</misses>
				<total>46</total>
				<timestamp>1277.582788</timestamp>
			</report>
			<report>
				<misses>131900001</misses>
				<total>46</total>
				<timestamp>1278.551542</timestamp>
			</report>
			<report>
				<misses>132000001</misses>
				<total>46</total>
				<timestamp>1279.520063</timestamp>
			</report>
			<report>
				<misses>132100001</misses>
				<total>46</total>
				<timestamp>1280.488740</timestamp>
			</report>
			<report>
				<misses>132200001</misses>
				<total>46</total>
				<timestamp>1281.457160</timestamp>
			</report>
			<report>
				<misses>132300001</misses>
				<total>46</total>
				<timestamp>1282.425794</timestamp>
			</report>
			<report>
				<misses>132400001</misses>
				<total>46</total>
				<timestamp>1283.394154</timestamp>
			</report>
			<report>
				<misses>132500001</misses>
				<total>46</total>
				<timestamp>1284.362952</timestamp>
			</report>
			<report>
				<misses>132600001</misses>
				<total>46</total>
				<timestamp>1285.331385</timestamp>
			</report>
			<report>
				<misses>132700001</misses>
				<total>46</total>
				<timestamp>1286.300010</timestamp>
			</report>
			<report>
				<misses>132800001</misses>
				<total>46</total>
				<timestamp>1287.268287</timestamp>
			</report>
			<report>
				<misses>132900001</misses>
				<total>46</total>
				<timestamp>1288.236688</timestamp>
			</report>
			<report>
				<misses>133000001</misses>
				<total>46</total>
				<timestamp>1289.205051</timestamp>
			</report>
			<report>
				<misses>133100001</misses>
				<total>46</total>
				<timestamp>1290.173865</timestamp>
			</report>
			<report>
				<misses>133200001</misses>
				<total>46</total>
				<timestamp>1291.142149</timestamp>
			</report>
			<report>
				<misses>133300001</misses>
				<total>46</total>
				<timestamp>1292.110524</timestamp>
			</report>
			<report>
				<misses>133400001</misses>
				<total>46</total>
				<timestamp>1293.078785</timestamp>
			</report>
			<report>
				<misses>133500001</misses>
				<total>46</total>
				<timestamp>1294.056812</timestamp>
			</report>
			<report>
				<misses>133600001</misses>
				<total>46</total>
				<timestamp>1295.038186</timestamp>
			</report>
			<report>
				<misses>133700001</misses>
				<total>46</total>
				<timestamp>1296.017309</timestamp>
			</report>
			<report>
				<misses>133800001</misses>
				<total>46</total>
				<timestamp>1297.004341</timestamp>
			</report>
			<report>
				<misses>133900001</misses>
				<total>46</total>
				<timestamp>1298.020403</timestamp>
			</report>
			<report>
				<misses>134000001</misses>
				<total>46</total>
				<timestamp>1299.036332</timestamp>
			</report>
			<report>
				<misses>134100001</misses>
				<total>46</total>
				<timestamp>1300.050772</timestamp>
			</report>
			<report>
				<misses>134200001</misses>
				<total>46</total>
				<timestamp>1301.069643</timestamp>
			</report>
			<report>
				<misses>134300001</misses>
				<total>46</total>
				<timestamp>1302.088041</timestamp>
			</report>
			<report>
				<misses>134400001</misses>
				<total>46</total>
				<timestamp>1303.105884</timestamp>
			</report>
			<report>
				<misses>134500001</misses>
				<total>46</total>
				<timestamp>1304.124388</timestamp>
			</report>
			<report>
				<misses>134600001</misses>
				<total>46</total>
				<timestamp>1305.140500</timestamp>
			</report>
			<report>
				<misses>134700001</misses>
				<total>46</total>
				<timestamp>1306.152153</timestamp>
			</report>
			<report>
				<misses>134800001</misses>
				<total>46</total>
				<timestamp>1307.153263</timestamp>
			</report>
			<report>
				<misses>134900001</misses>
				<total>46</total>
				<timestamp>1308.169130</timestamp>
			</report>
			<report>
				<misses>135000001</misses>
				<total>46</total>
				<timestamp>1309.181432</timestamp>
			</report>
			<report>
				<misses>135100001</misses>
				<total>46</total>
				<timestamp>1310.195071</timestamp>
			</report>
			<report>
				<misses>135200001</misses>
				<total>46</total>
				<timestamp>1311.208005</timestamp>
			</report>
			<report>
				<misses>135300001</misses>
				<total>46</total>
				<timestamp>1312.223169</timestamp>
			</report>
			<report>
				<misses>135400001</misses>
				<total>46</total>
				<timestamp>1313.233732</timestamp>
			</report>
			<report>
				<misses>135500001</misses>
				<total>46</total>
				<timestamp>1314.213433</timestamp>
			</report>
			<report>
				<misses>135600001</misses>
				<total>46</total>
				<timestamp>1315.202483</timestamp>
			</report>
			<report>
				<misses>135700001</misses>
				<total>46</total>
				<timestamp>1316.196097</timestamp>
			</report>
			<report>
				<misses>135800001</misses>
				<total>46</total>
				<timestamp>1317.191236</timestamp>
			</report>
			<report>
				<misses>135900001</misses>
				<total>46</total>
				<timestamp>1318.191825</timestamp>
			</report>
			<report>
				<misses>136000001</misses>
				<total>46</total>
				<timestamp>1319.192156</timestamp>
			</report>
			<report>
				<misses>136100001</misses>
				<total>46</total>
				<timestamp>1320.191353</timestamp>
			</report>
			<report>
				<misses>136200001</misses>
				<total>46</total>
				<timestamp>1321.190349</timestamp>
			</report>
			<report>
				<misses>136300001</misses>
				<total>46</total>
				<timestamp>1322.186300</timestamp>
			</report>
			<report>
				<misses>136400001</misses>
				<total>46</total>
				<timestamp>1323.184618</timestamp>
			</report>
			<report>
				<misses>136500001</misses>
				<total>46</total>
				<timestamp>1324.181927</timestamp>
			</report>
			<report>
				<misses>136600001</misses>
				<total>46</total>
				<timestamp>1325.180648</timestamp>
			</report>
			<report>
				<misses>136700001</misses>
				<total>46</total>
				<timestamp>1326.178438</timestamp>
			</report>
			<report>
				<misses>136800001</misses>
				<total>46</total>
				<timestamp>1327.178574</timestamp>
			</report>
			<report>
				<misses>136900001</misses>
				<total>46</total>
				<timestamp>1328.177000</timestamp>
			</report>
			<report>
				<misses>137000001</misses>
				<total>46</total>
				<timestamp>1329.178586</timestamp>
			</report>
			<report>
				<misses>137100001</misses>
				<total>46</total>
				<timestamp>1330.177975</timestamp>
			</report>
			<report>
				<misses>137200001</misses>
				<total>46</total>
				<timestamp>1331.179487</timestamp>
			</report>
			<report>
				<misses>137300001</misses>
				<total>46</total>
				<timestamp>1332.180180</timestamp>
			</report>
			<report>
				<misses>137400001</misses>
				<total>46</total>
				<timestamp>1333.177578</timestamp>
			</report>
			<report>
				<misses>137500001</misses>
				<total>46</total>
				<timestamp>1334.179438</timestamp>
			</report>
			<report>
				<misses>137600001</misses>
				<total>46</total>
				<timestamp>1335.182738</timestamp>
			</report>
			<report>
				<misses>137700001</misses>
				<total>46</total>
				<timestamp>1336.182725</timestamp>
			</report>
			<report>
				<misses>137800001</misses>
				<total>46</total>
				<timestamp>1337.179628</timestamp>
			</report>
			<report>
				<misses>137900001</misses>
				<total>46</total>
				<timestamp>1338.179583</timestamp>
			</report>
			<report>
				<misses>138000001</misses>
				<total>46</total>
				<timestamp>1339.176708</timestamp>
			</report>
			<report>
				<misses>138100001</misses>
				<total>46</total>
				<timestamp>1340.179041</timestamp>
			</report>
			<report>
				<misses>138200001</misses>
				<total>46</total>
				<timestamp>1341.176773</timestamp>
			</report>
			<report>
				<misses>138300001</misses>
				<total>46</total>
				<timestamp>1342.178728</timestamp>
			</report>
			<report>
				<misses>138400001</misses>
				<total>46</total>
				<timestamp>1343.175994</timestamp>
			</report>
			<report>
				<misses>138500001</misses>
				<total>46</total>
				<timestamp>1344.173235</timestamp>
			</report>
			<report>
				<misses>138600001</misses>
				<total>46</total>
				<timestamp>1345.172476</timestamp>
			</report>
			<report>
				<misses>138700001</misses>
				<total>46</total>
				<timestamp>1346.170832</timestamp>
			</report>
			<report>
				<misses>138800001</misses>
				<total>46</total>
				<timestamp>1347.150671</timestamp>
			</report>
			<report>
				<misses>138900001</misses>
				<total>46</total>
				<timestamp>1348.135791</timestamp>
			</report>
			<report>
				<misses>139000001</misses>
				<total>46</total>
				<timestamp>1349.119688</timestamp>
			</report>
			<report>
				<misses>139100001</misses>
				<total>46</total>
				<timestamp>1350.104259</timestamp>
			</report>
			<report>
				<misses>139200001</misses>
				<total>46</total>
				<timestamp>1351.094151</timestamp>
			</report>
			<report>
				<misses>139300001</misses>
				<total>46</total>
				<timestamp>1352.111866</timestamp>
			</report>
			<report>
				<misses>139400001</misses>
				<total>46</total>
				<timestamp>1353.110060</timestamp>
			</report>
			<report>
				<misses>139500001</misses>
				<total>46</total>
				<timestamp>1354.108806</timestamp>
			</report>
			<report>
				<misses>139600001</misses>
				<total>46</total>
				<timestamp>1355.103584</timestamp>
			</report>
			<report>
				<misses>139700001</misses>
				<total>46</total>
				<timestamp>1356.100660</timestamp>
			</report>
			<report>
				<misses>139800001</misses>
				<total>46</total>
				<timestamp>1357.099774</timestamp>
			</report>
			<report>
				<misses>139900001</misses>
				<total>46</total>
				<timestamp>1358.097712</timestamp>
			</report>
			<report>
				<misses>140000001</misses>
				<total>46</total>
				<timestamp>1359.075556</timestamp>
			</report>
			<report>
				<misses>140100001</misses>
				<total>46</total>
				<timestamp>1360.060382</timestamp>
			</report>
			<report>
				<misses>140200001</misses>
				<total>46</total>
				<timestamp>1361.044200</timestamp>
			</report>
			<report>
				<misses>140300001</misses>
				<total>46</total>
				<timestamp>1362.026622</timestamp>
			</report>
			<report>
				<misses>140400001</misses>
				<total>46</total>
				<timestamp>1363.009911</timestamp>
			</report>
			<report>
				<misses>140500001</misses>
				<total>46</total>
				<timestamp>1363.995405</timestamp>
			</report>
			<report>
				<misses>140600001</misses>
				<total>46</total>
				<timestamp>1364.982842</timestamp>
			</report>
			<report>
				<misses>140700001</misses>
				<total>46</total>
				<timestamp>1365.968382</timestamp>
			</report>
			<report>
				<misses>140800001</misses>
				<total>46</total>
				<timestamp>1366.954210</timestamp>
			</report>
			<report>
				<misses>140900001</misses>
				<total>46</total>
				<timestamp>1367.941177</timestamp>
			</report>
			<report>
				<misses>141000001</misses>
				<total>46</total>
				<timestamp>1368.928134</timestamp>
			</report>
			<report>
				<misses>141100001</misses>
				<total>46</total>
				<timestamp>1369.915414</timestamp>
			</report>
			<report>
				<misses>141200001</misses>
				<total>46</total>
				<timestamp>1370.902251</timestamp>
			</report>
			<report>
				<misses>141300001</misses>
				<total>46</total>
				<timestamp>1371.887418</timestamp>
			</report>
			<report>
				<misses>141400001</misses>
				<total>46</total>
				<timestamp>1372.871535</timestamp>
			</report>
			<report>
				<misses>141500001</misses>
				<total>46</total>
				<timestamp>1373.856992</timestamp>
			</report>
			<report>
				<misses>141600001</misses>
				<total>46</total>
				<timestamp>1374.842070</timestamp>
			</report>
			<report>
				<misses>141700001</misses>
				<total>46</total>
				<timestamp>1375.827654</timestamp>
			</report>
			<report>
				<misses>141800001</misses>
				<total>46</total>
				<timestamp>1376.813064</timestamp>
			</report>
			<report>
				<misses>141900001</misses>
				<total>46</total>
				<timestamp>1377.797760</timestamp>
			</report>
			<report>
				<misses>142000001</misses>
				<total>46</total>
				<timestamp>1378.782701</timestamp>
			</report>
			<report>
				<misses>142100001</misses>
				<total>46</total>
				<timestamp>1379.770348</timestamp>
			</report>
			<report>
				<misses>142200001</misses>
				<total>46</total>
				<timestamp>1380.754328</timestamp>
			</report>
			<report>
				<misses>142300001</misses>
				<total>46</total>
				<timestamp>1381.738128</timestamp>
			</report>
			<report>
				<misses>142400001</misses>
				<total>46</total>
				<timestamp>1382.722309</timestamp>
			</report>
			<report>
				<misses>142500001</misses>
				<total>46</total>
				<timestamp>1383.707320</timestamp>
			</report>
			<report>
				<misses>142600001</misses>
				<total>46</total>
				<timestamp>1384.692484</timestamp>
			</report>
			<report>
				<misses>142700001</misses>
				<total>46</total>
				<timestamp>1385.676712</timestamp>
			</report>
			<report>
				<misses>142800001</misses>
				<total>46</total>
				<timestamp>1386.659848</timestamp>
			</report>
			<report>
				<misses>142900001</misses>
				<total>46</total>
				<timestamp>1387.645308</timestamp>
			</report>
			<report>
				<misses>143000001</misses>
				<total>46</total>
				<timestamp>1388.631178</timestamp>
			</report>
			<report>
				<misses>143100001</misses>
				<total>46</total>
				<timestamp>1389.618856</timestamp>
			</report>
			<report>
				<misses>143200001</misses>
				<total>46</total>
				<timestamp>1390.605161</timestamp>
			</report>
			<report>
				<misses>143300001</misses>
				<total>46</total>
				<timestamp>1391.592544</timestamp>
			</report>
			<report>
				<misses>143400001</misses>
				<total>46</total>
				<timestamp>1392.576303</timestamp>
			</report>
			<report>
				<misses>143500001</misses>
				<total>46</total>
				<timestamp>1393.559012</timestamp>
			</report>
			<report>
				<misses>143600001</misses>
				<total>46</total>
				<timestamp>1394.544662</timestamp>
			</report>
			<report>
				<misses>143700001</misses>
				<total>46</total>
				<timestamp>1395.531959</timestamp>
			</report>
			<report>
				<misses>143800001</misses>
				<total>46</total>
				<timestamp>1396.533471</timestamp>
			</report>
			<report>
				<misses>143900001</misses>
				<total>46</total>
				<timestamp>1397.549919</timestamp>
			</report>
			<report>
				<misses>144000001</misses>
				<total>46</total>
				<timestamp>1398.568425</timestamp>
			</report>
			<report>
				<misses>144100001</misses>
				<total>46</total>
				<timestamp>1399.585311</timestamp>
			</report>
			<report>
				<misses>144200001</misses>
				<total>46</total>
				<timestamp>1400.600274</timestamp>
			</report>
			<report>
				<misses>144300001</misses>
				<total>46</total>
				<timestamp>1401.617883</timestamp>
			</report>
			<report>
				<misses>144400001</misses>
				<total>46</total>
				<timestamp>1402.619293</timestamp>
			</report>
			<report>
				<misses>144500001</misses>
				<total>46</total>
				<timestamp>1403.602992</timestamp>
			</report>
			<report>
				<misses>144600001</misses>
				<total>46</total>
				<timestamp>1404.586760</timestamp>
			</report>
			<report>
				<misses>144700001</misses>
				<total>46</total>
				<timestamp>1405.573415</timestamp>
			</report>
			<report>
				<misses>144800001</misses>
				<total>46</total>
				<timestamp>1406.559490</timestamp>
			</report>
			<report>
				<misses>144900001</misses>
				<total>46</total>
				<timestamp>1407.547505</timestamp>
			</report>
			<report>
				<misses>145000001</misses>
				<total>46</total>
				<timestamp>1408.533022</timestamp>
			</report>
			<report>
				<misses>145100001</misses>
				<total>46</total>
				<timestamp>1409.516141</timestamp>
			</report>
			<report>
				<misses>145200001</misses>
				<total>46</total>
				<timestamp>1410.501326</timestamp>
			</report>
			<report>
				<misses>145300001</misses>
				<total>46</total>
				<timestamp>1411.483932</timestamp>
			</report>
			<report>
				<misses>145400001</misses>
				<total>46</total>
				<timestamp>1412.452678</timestamp>
			</report>
			<report>
				<misses>145500001</misses>
				<total>46</total>
				<timestamp>1413.421705</timestamp>
			</report>
			<report>
				<misses>145600001</misses>
				<total>46</total>
				<timestamp>1414.390331</timestamp>
			</report>
			<report>
				<misses>145700001</misses>
				<total>46</total>
				<timestamp>1415.359183</timestamp>
			</report>
			<report>
				<misses>145800001</misses>
				<total>46</total>
				<timestamp>1416.327636</timestamp>
			</report>
			<report>
				<misses>145900001</misses>
				<total>46</total>
				<timestamp>1417.296840</timestamp>
			</report>
			<report>
				<misses>146000001</misses>
				<total>46</total>
				<timestamp>1418.265408</timestamp>
			</report>
			<report>
				<misses>146100001</misses>
				<total>46</total>
				<timestamp>1419.234366</timestamp>
			</report>
			<report>
				<misses>146200001</misses>
				<total>46</total>
				<timestamp>1420.202975</timestamp>
			</report>
			<report>
				<misses>146300001</misses>
				<total>46</total>
				<timestamp>1421.171995</timestamp>
			</report>
			<report>
				<misses>146400001</misses>
				<total>46</total>
				<timestamp>1422.140273</timestamp>
			</report>
			<report>
				<misses>146500001</misses>
				<total>46</total>
				<timestamp>1423.108936</timestamp>
			</report>
			<report>
				<misses>146600001</misses>
				<total>46</total>
				<timestamp>1424.077523</timestamp>
			</report>
			<report>
				<misses>146700001</misses>
				<total>46</total>
				<timestamp>1425.046516</timestamp>
			</report>
			<report>
				<misses>146800001</misses>
				<total>46</total>
				<timestamp>1426.014948</timestamp>
			</report>
			<report>
				<misses>146900001</misses>
				<total>46</total>
				<timestamp>1426.983510</timestamp>
			</report>
			<report>
				<misses>147000001</misses>
				<total>46</total>
				<timestamp>1427.952216</timestamp>
			</report>
			<report>
				<misses>147100001</misses>
				<total>46</total>
				<timestamp>1428.920591</timestamp>
			</report>
			<report>
				<misses>147200001</misses>
				<total>46</total>
				<timestamp>1429.889018</timestamp>
			</report>
			<report>
				<misses>147300001</misses>
				<total>46</total>
				<timestamp>1430.857940</timestamp>
			</report>
			<report>
				<misses>147400001</misses>
				<total>46</total>
				<timestamp>1431.826232</timestamp>
			</report>
			<report>
				<misses>147500001</misses>
				<total>46</total>
				<timestamp>1432.794769</timestamp>
			</report>
			<report>
				<misses>147600001</misses>
				<total>46</total>
				<timestamp>1433.763068</timestamp>
			</report>
			<report>
				<misses>147700001</misses>
				<total>46</total>
				<timestamp>1434.731448</timestamp>
			</report>
			<report>
				<misses>147800001</misses>
				<total>46</total>
				<timestamp>1435.699973</timestamp>
			</report>
			<report>
				<misses>147900001</misses>
				<total>46</total>
				<timestamp>1436.668519</timestamp>
			</report>
			<report>
				<misses>148000001</misses>
				<total>46</total>
				<timestamp>1437.637090</timestamp>
			</report>
			<report>
				<misses>148100001</misses>
				<total>46</total>
				<timestamp>1438.605038</timestamp>
			</report>
			<report>
				<misses>148200001</misses>
				<total>46</total>
				<timestamp>1439.573310</timestamp>
			</report>
			<report>
				<misses>148300001</misses>
				<total>46</total>
				<timestamp>1440.541508</timestamp>
			</report>
			<report>
				<misses>148400001</misses>
				<total>46</total>
				<timestamp>1441.509771</timestamp>
			</report>
			<report>
				<misses>148500001</misses>
				<total>46</total>
				<timestamp>1442.477670</timestamp>
			</report>
			<report>
				<misses>148600001</misses>
				<total>46</total>
				<timestamp>1443.445765</timestamp>
			</report>
			<report>
				<misses>148700001</misses>
				<total>46</total>
				<timestamp>1444.413925</timestamp>
			</report>
			<report>
				<misses>148800001</misses>
				<total>46</total>
				<timestamp>1445.382014</timestamp>
			</report>
			<report>
				<misses>148900001</misses>
				<total>46</total>
				<timestamp>1446.350363</timestamp>
			</report>
			<report>
				<misses>149000001</misses>
				<total>46</total>
				<timestamp>1447.318294</timestamp>
			</report>
			<report>
				<misses>149100001</misses>
				<total>46</total>
				<timestamp>1448.286861</timestamp>
			</report>
			<report>
				<misses>149200001</misses>
				<total>46</total>
				<timestamp>1449.254869</timestamp>
			</report>
			<report>
				<misses>149300001</misses>
				<total>46</total>
				<timestamp>1450.223337</timestamp>
			</report>
			<report>
				<misses>149400001</misses>
				<total>46</total>
				<timestamp>1451.191405</timestamp>
			</report>
			<report>
				<misses>149500001</misses>
				<total>46</total>
				<timestamp>1452.159940</timestamp>
			</report>
			<report>
				<misses>149600001</misses>
				<total>46</total>
				<timestamp>1453.127993</timestamp>
			</report>
			<report>
				<misses>149700001</misses>
				<total>46</total>
				<timestamp>1454.096271</timestamp>
			</report>
			<report>
				<misses>149800001</misses>
				<total>46</total>
				<timestamp>1455.064360</timestamp>
			</report>
			<report>
				<misses>149900001</misses>
				<total>46</total>
				<timestamp>1456.032845</timestamp>
			</report>
			<report>
				<misses>150000001</misses>
				<total>46</total>
				<timestamp>1457.000892</timestamp>
			</report>
			<report>
				<misses>150100001</misses>
				<total>46</total>
				<timestamp>1457.968946</timestamp>
			</report>
			<report>
				<misses>150200001</misses>
				<total>46</total>
				<timestamp>1458.936806</timestamp>
			</report>
			<report>
				<misses>150300001</misses>
				<total>46</total>
				<timestamp>1459.905419</timestamp>
			</report>
			<report>
				<misses>150400001</misses>
				<total>46</total>
				<timestamp>1460.873330</timestamp>
			</report>
			<report>
				<misses>150500001</misses>
				<total>46</total>
				<timestamp>1461.841481</timestamp>
			</report>
			<report>
				<misses>150600001</misses>
				<total>46</total>
				<timestamp>1462.809382</timestamp>
			</report>
			<report>
				<misses>150700001</misses>
				<total>46</total>
				<timestamp>1463.777792</timestamp>
			</report>
			<report>
				<misses>150800001</misses>
				<total>46</total>
				<timestamp>1464.745801</timestamp>
			</report>
			<report>
				<misses>150900001</misses>
				<total>46</total>
				<timestamp>1465.714444</timestamp>
			</report>
			<report>
				<misses>151000001</misses>
				<total>46</total>
				<timestamp>1466.682390</timestamp>
			</report>
			<report>
				<misses>151100001</misses>
				<total>46</total>
				<timestamp>1467.650871</timestamp>
			</report>
			<report>
				<misses>151200001</misses>
				<total>46</total>
				<timestamp>1468.618753</timestamp>
			</report>
			<report>
				<misses>151300001</misses>
				<total>46</total>
				<timestamp>1469.587026</timestamp>
			</report>
			<report>
				<misses>151400001</misses>
				<total>46</total>
				<timestamp>1470.555135</timestamp>
			</report>
			<report>
				<misses>151500001</misses>
				<total>46</total>
				<timestamp>1471.523403</timestamp>
			</report>
			<report>
				<misses>151600001</misses>
				<total>46</total>
				<timestamp>1472.491470</timestamp>
			</report>
			<report>
				<misses>151700001</misses>
				<total>46</total>
				<timestamp>1473.459894</timestamp>
			</report>
			<report>
				<misses>151800001</misses>
				<total>46</total>
				<timestamp>1474.427955</timestamp>
			</report>
			<report>
				<misses>151900001</misses>
				<total>46</total>
				<timestamp>1475.396084</timestamp>
			</report>
			<report>
				<misses>152000001</misses>
				<total>46</total>
				<timestamp>1476.364140</timestamp>
			</report>
			<report>
				<misses>152100001</misses>
				<total>46</total>
				<timestamp>1477.332612</timestamp>
			</report>
			<report>
				<misses>152200001</misses>
				<total>46</total>
				<timestamp>1478.300389</timestamp>
			</report>
			<report>
				<misses>152300001</misses>
				<total>46</total>
				<timestamp>1479.268397</timestamp>
			</report>
			<report>
				<misses>152400001</misses>
				<total>46</total>
				<timestamp>1480.236497</timestamp>
			</report>
			<report>
				<misses>152500001</misses>
				<total>46</total>
				<timestamp>1481.205079</timestamp>
			</report>
			<report>
				<misses>152600001</misses>
				<total>46</total>
				<timestamp>1482.173186</timestamp>
			</report>
			<report>
				<misses>152700001</misses>
				<total>46</total>
				<timestamp>1483.141506</timestamp>
			</report>
			<report>
				<misses>152800001</misses>
				<total>46</total>
				<timestamp>1484.109937</timestamp>
			</report>
			<report>
				<misses>152900001</misses>
				<total>46</total>
				<timestamp>1485.078015</timestamp>
			</report>
			<report>
				<misses>153000001</misses>
				<total>46</total>
				<timestamp>1486.046577</timestamp>
			</report>
			<report>
				<misses>153100001</misses>
				<total>46</total>
				<timestamp>1487.014605</timestamp>
			</report>
			<report>
				<misses>153200001</misses>
				<total>46</total>
				<timestamp>1487.982659</timestamp>
			</report>
			<report>
				<misses>153300001</misses>
				<total>46</total>
				<timestamp>1488.951056</timestamp>
			</report>
			<report>
				<misses>153400001</misses>
				<total>46</total>
				<timestamp>1489.919102</timestamp>
			</report>
			<report>
				<misses>153500001</misses>
				<total>46</total>
				<timestamp>1490.887474</timestamp>
			</report>
			<report>
				<misses>153600001</misses>
				<total>46</total>
				<timestamp>1491.855452</timestamp>
			</report>
			<report>
				<misses>153700001</misses>
				<total>46</total>
				<timestamp>1492.823845</timestamp>
			</report>
			<report>
				<misses>153800001</misses>
				<total>46</total>
				<timestamp>1493.791984</timestamp>
			</report>
			<report>
				<misses>153900001</misses>
				<total>46</total>
				<timestamp>1494.760344</timestamp>
			</report>
			<report>
				<misses>154000001</misses>
				<total>46</total>
				<timestamp>1495.728401</timestamp>
			</report>
			<report>
				<misses>154100001</misses>
				<total>46</total>
				<timestamp>1496.696768</timestamp>
			</report>
			<report>
				<misses>154200001</misses>
				<total>46</total>
				<timestamp>1497.664768</timestamp>
			</report>
			<report>
				<misses>154300001</misses>
				<total>46</total>
				<timestamp>1498.633121</timestamp>
			</report>
			<report>
				<misses>154400001</misses>
				<total>46</total>
				<timestamp>1499.601104</timestamp>
			</report>
			<report>
				<misses>154500001</misses>
				<total>46</total>
				<timestamp>1500.569563</timestamp>
			</report>
			<report>
				<misses>154600001</misses>
				<total>46</total>
				<timestamp>1501.537734</timestamp>
			</report>
			<report>
				<misses>154700001</misses>
				<total>46</total>
				<timestamp>1502.506123</timestamp>
			</report>
			<report>
				<misses>154800001</misses>
				<total>46</total>
				<timestamp>1503.474192</timestamp>
			</report>
			<report>
				<misses>154900001</misses>
				<total>46</total>
				<timestamp>1504.442409</timestamp>
			</report>
			<report>
				<misses>155000001</misses>
				<total>46</total>
				<timestamp>1505.410326</timestamp>
			</report>
			<report>
				<misses>155100001</misses>
				<total>46</total>
				<timestamp>1506.378641</timestamp>
			</report>
			<report>
				<misses>155200001</misses>
				<total>46</total>
				<timestamp>1507.346560</timestamp>
			</report>
			<report>
				<misses>155300001</misses>
				<total>46</total>
				<timestamp>1508.314963</timestamp>
			</report>
			<report>
				<misses>155400001</misses>
				<total>46</total>
				<timestamp>1509.283191</timestamp>
			</report>
			<report>
				<misses>155500001</misses>
				<total>46</total>
				<timestamp>1510.251689</timestamp>
			</report>
			<report>
				<misses>155600001</misses>
				<total>46</total>
				<timestamp>1511.219803</timestamp>
			</report>
			<report>
				<misses>155700001</misses>
				<total>46</total>
				<timestamp>1512.188185</timestamp>
			</report>
			<report>
				<misses>155800001</misses>
				<total>46</total>
				<timestamp>1513.156284</timestamp>
			</report>
			<report>
				<misses>155900001</misses>
				<total>46</total>
				<timestamp>1514.125007</timestamp>
			</report>
			<report>
				<misses>156000001</misses>
				<total>46</total>
				<timestamp>1515.093125</timestamp>
			</report>
			<report>
				<misses>156100001</misses>
				<total>46</total>
				<timestamp>1516.061246</timestamp>
			</report>
			<report>
				<misses>156200001</misses>
				<total>46</total>
				<timestamp>1517.029327</timestamp>
			</report>
			<report>
				<misses>156300001</misses>
				<total>46</total>
				<timestamp>1517.997692</timestamp>
			</report>
			<report>
				<misses>156400001</misses>
				<total>46</total>
				<timestamp>1518.965733</timestamp>
			</report>
			<report>
				<misses>156500001</misses>
				<total>46</total>
				<timestamp>1519.934103</timestamp>
			</report>
			<report>
				<misses>156600001</misses>
				<total>46</total>
				<timestamp>1520.902230</timestamp>
			</report>
			<report>
				<misses>156700001</misses>
				<total>46</total>
				<timestamp>1521.870578</timestamp>
			</report>
			<report>
				<misses>156800001</misses>
				<total>46</total>
				<timestamp>1522.838662</timestamp>
			</report>
			<report>
				<misses>156900001</misses>
				<total>46</total>
				<timestamp>1523.807264</timestamp>
			</report>
			<report>
				<misses>157000001</misses>
				<total>46</total>
				<timestamp>1524.775116</timestamp>
			</report>
			<report>
				<misses>157100001</misses>
				<total>46</total>
				<timestamp>1525.743617</timestamp>
			</report>
			<report>
				<misses>157200001</misses>
				<total>46</total>
				<timestamp>1526.711799</timestamp>
			</report>
			<report>
				<misses>157300001</misses>
				<total>46</total>
				<timestamp>1527.680141</timestamp>
			</report>
			<report>
				<misses>157400001</misses>
				<total>46</total>
				<timestamp>1528.648192</timestamp>
			</report>
			<report>
				<misses>157500001</misses>
				<total>46</total>
				<timestamp>1529.616698</timestamp>
			</report>
			<report>
				<misses>157600001</misses>
				<total>46</total>
				<timestamp>1530.584751</timestamp>
			</report>
			<report>
				<misses>157700001</misses>
				<total>46</total>
				<timestamp>1531.553228</timestamp>
			</report>
			<report>
				<misses>157800001</misses>
				<total>46</total>
				<timestamp>1532.521325</timestamp>
			</report>
			<report>
				<misses>157900001</misses>
				<total>46</total>
				<timestamp>1533.489757</timestamp>
			</report>
			<report>
				<misses>158000001</misses>
				<total>46</total>
				<timestamp>1534.457846</timestamp>
			</report>
			<report>
				<misses>158100001</misses>
				<total>46</total>
				<timestamp>1535.426355</timestamp>
			</report>
			<report>
				<misses>158200001</misses>
				<total>46</total>
				<timestamp>1536.394272</timestamp>
			</report>
			<report>
				<misses>158300001</misses>
				<total>46</total>
				<timestamp>1537.362637</timestamp>
			</report>
			<report>
				<misses>158400001</misses>
				<total>46</total>
				<timestamp>1538.330594</timestamp>
			</report>
			<report>
				<misses>158500001</misses>
				<total>46</total>
				<timestamp>1539.299115</timestamp>
			</report>
			<report>
				<misses>158600001</misses>
				<total>46</total>
				<timestamp>1540.267121</timestamp>
			</report>
			<report>
				<misses>158700001</misses>
				<total>46</total>
				<timestamp>1541.235289</timestamp>
			</report>
			<report>
				<misses>158800001</misses>
				<total>46</total>
				<timestamp>1542.203395</timestamp>
			</report>
			<report>
				<misses>158900001</misses>
				<total>46</total>
				<timestamp>1543.171914</timestamp>
			</report>
			<report>
				<misses>159000001</misses>
				<total>46</total>
				<timestamp>1544.139863</timestamp>
			</report>
			<report>
				<misses>159100001</misses>
				<total>46</total>
				<timestamp>1545.108361</timestamp>
			</report>
			<report>
				<misses>159200001</misses>
				<total>46</total>
				<timestamp>1546.076513</timestamp>
			</report>
			<report>
				<misses>159300001</misses>
				<total>46</total>
				<timestamp>1547.044563</timestamp>
			</report>
			<report>
				<misses>159400001</misses>
				<total>46</total>
				<timestamp>1548.012587</timestamp>
			</report>
			<report>
				<misses>159500001</misses>
				<total>46</total>
				<timestamp>1548.981007</timestamp>
			</report>
			<report>
				<misses>159600001</misses>
				<total>46</total>
				<timestamp>1549.949004</timestamp>
			</report>
			<report>
				<misses>159700001</misses>
				<total>46</total>
				<timestamp>1550.917441</timestamp>
			</report>
			<report>
				<misses>159800001</misses>
				<total>46</total>
				<timestamp>1551.885552</timestamp>
			</report>
			<report>
				<misses>159900001</misses>
				<total>46</total>
				<timestamp>1552.853963</timestamp>
			</report>
			<report>
				<misses>160000001</misses>
				<total>46</total>
				<timestamp>1553.822053</timestamp>
			</report>
			<report>
				<misses>160100001</misses>
				<total>46</total>
				<timestamp>1554.790517</timestamp>
			</report>
			<report>
				<misses>160200001</misses>
				<total>46</total>
				<timestamp>1555.758422</timestamp>
			</report>
			<report>
				<misses>160300001</misses>
				<total>46</total>
				<timestamp>1556.726832</timestamp>
			</report>
			<report>
				<misses>160400001</misses>
				<total>46</total>
				<timestamp>1557.694844</timestamp>
			</report>
			<report>
				<misses>160500001</misses>
				<total>46</total>
				<timestamp>1558.663077</timestamp>
			</report>
			<report>
				<misses>160600001</misses>
				<total>46</total>
				<timestamp>1559.631560</timestamp>
			</report>
			<report>
				<misses>160700001</misses>
				<total>46</total>
				<timestamp>1560.599659</timestamp>
			</report>
			<report>
				<misses>160800001</misses>
				<total>46</total>
				<timestamp>1561.568096</timestamp>
			</report>
			<report>
				<misses>160900001</misses>
				<total>46</total>
				<timestamp>1562.535932</timestamp>
			</report>
			<report>
				<misses>161000001</misses>
				<total>46</total>
				<timestamp>1563.503770</timestamp>
			</report>
			<report>
				<misses>161100001</misses>
				<total>46</total>
				<timestamp>1564.471923</timestamp>
			</report>
			<report>
				<misses>161200001</misses>
				<total>46</total>
				<timestamp>1565.439831</timestamp>
			</report>
			<report>
				<misses>161300001</misses>
				<total>46</total>
				<timestamp>1566.407897</timestamp>
			</report>
			<report>
				<misses>161400001</misses>
				<total>46</total>
				<timestamp>1567.375937</timestamp>
			</report>
			<report>
				<misses>161500001</misses>
				<total>46</total>
				<timestamp>1568.344121</timestamp>
			</report>
			<report>
				<misses>161600001</misses>
				<total>46</total>
				<timestamp>1569.312348</timestamp>
			</report>
			<report>
				<misses>161700001</misses>
				<total>46</total>
				<timestamp>1570.280788</timestamp>
			</report>
			<report>
				<misses>161800001</misses>
				<total>46</total>
				<timestamp>1571.248818</timestamp>
			</report>
			<report>
				<misses>161900001</misses>
				<total>46</total>
				<timestamp>1572.216928</timestamp>
			</report>
			<report>
				<misses>162000001</misses>
				<total>46</total>
				<timestamp>1573.185006</timestamp>
			</report>
			<report>
				<misses>162100001</misses>
				<total>46</total>
				<timestamp>1574.153494</timestamp>
			</report>
			<report>
				<misses>162200001</misses>
				<total>46</total>
				<timestamp>1575.121361</timestamp>
			</report>
			<report>
				<misses>162300001</misses>
				<total>46</total>
				<timestamp>1576.089781</timestamp>
			</report>
			<report>
				<misses>162400001</misses>
				<total>46</total>
				<timestamp>1577.057811</timestamp>
			</report>
			<report>
				<misses>162500001</misses>
				<total>46</total>
				<timestamp>1578.025753</timestamp>
			</report>
			<report>
				<misses>162600001</misses>
				<total>46</total>
				<timestamp>1578.993820</timestamp>
			</report>
			<report>
				<misses>162700001</misses>
				<total>46</total>
				<timestamp>1579.961865</timestamp>
			</report>
			<report>
				<misses>162800001</misses>
				<total>46</total>
				<timestamp>1580.929935</timestamp>
			</report>
			<report>
				<misses>162900001</misses>
				<total>46</total>
				<timestamp>1581.897893</timestamp>
			</report>
			<report>
				<misses>163000001</misses>
				<total>46</total>
				<timestamp>1582.866324</timestamp>
			</report>
			<report>
				<misses>163100001</misses>
				<total>46</total>
				<timestamp>1583.834494</timestamp>
			</report>
			<report>
				<misses>163200001</misses>
				<total>46</total>
				<timestamp>1584.802390</timestamp>
			</report>
			<report>
				<misses>163300001</misses>
				<total>46</total>
				<timestamp>1585.770501</timestamp>
			</report>
			<report>
				<misses>163400001</misses>
				<total>46</total>
				<timestamp>1586.738520</timestamp>
			</report>
			<report>
				<misses>163500001</misses>
				<total>46</total>
				<timestamp>1587.706354</timestamp>
			</report>
			<report>
				<misses>163600001</misses>
				<total>46</total>
				<timestamp>1588.674718</timestamp>
			</report>
			<report>
				<misses>163700001</misses>
				<total>46</total>
				<timestamp>1589.642842</timestamp>
			</report>
			<report>
				<misses>163800001</misses>
				<total>46</total>
				<timestamp>1590.611230</timestamp>
			</report>
			<report>
				<misses>163900001</misses>
				<total>46</total>
				<timestamp>1591.579300</timestamp>
			</report>
			<report>
				<misses>164000001</misses>
				<total>46</total>
				<timestamp>1592.547772</timestamp>
			</report>
			<report>
				<misses>164100001</misses>
				<total>46</total>
				<timestamp>1593.515947</timestamp>
			</report>
			<report>
				<misses>164200001</misses>
				<total>46</total>
				<timestamp>1594.484543</timestamp>
			</report>
			<report>
				<misses>164300001</misses>
				<total>46</total>
				<timestamp>1595.452509</timestamp>
			</report>
			<report>
				<misses>164400001</misses>
				<total>46</total>
				<timestamp>1596.420804</timestamp>
			</report>
			<report>
				<misses>164500001</misses>
				<total>46</total>
				<timestamp>1597.388852</timestamp>
			</report>
			<report>
				<misses>164600001</misses>
				<total>46</total>
				<timestamp>1598.356992</timestamp>
			</report>
			<report>
				<misses>164700001</misses>
				<total>46</total>
				<timestamp>1599.325072</timestamp>
			</report>
			<report>
				<misses>164800001</misses>
				<total>46</total>
				<timestamp>1600.293490</timestamp>
			</report>
			<report>
				<misses>164900001</misses>
				<total>46</total>
				<timestamp>1601.261627</timestamp>
			</report>
			<report>
				<misses>165000001</misses>
				<total>46</total>
				<timestamp>1602.230065</timestamp>
			</report>
			<report>
				<misses>165100001</misses>
				<total>46</total>
				<timestamp>1603.198136</timestamp>
			</report>
			<report>
				<misses>165200001</misses>
				<total>46</total>
				<timestamp>1604.166379</timestamp>
			</report>
			<report>
				<misses>165300001</misses>
				<total>46</total>
				<timestamp>1605.134460</timestamp>
			</report>
			<report>
				<misses>165400001</misses>
				<total>46</total>
				<timestamp>1606.102995</timestamp>
			</report>
			<report>
				<misses>165500001</misses>
				<total>46</total>
				<timestamp>1607.071146</timestamp>
			</report>
			<report>
				<misses>165600001</misses>
				<total>46</total>
				<timestamp>1608.039499</timestamp>
			</report>
			<report>
				<misses>165700001</misses>
				<total>46</total>
				<timestamp>1609.007397</timestamp>
			</report>
			<report>
				<misses>165800001</misses>
				<total>46</total>
				<timestamp>1609.975325</timestamp>
			</report>
			<report>
				<misses>165900001</misses>
				<total>46</total>
				<timestamp>1610.943718</timestamp>
			</report>
			<report>
				<misses>166000001</misses>
				<total>46</total>
				<timestamp>1611.911880</timestamp>
			</report>
			<report>
				<misses>166100001</misses>
				<total>46</total>
				<timestamp>1612.879860</timestamp>
			</report>
			<report>
				<misses>166200001</misses>
				<total>46</total>
				<timestamp>1613.847896</timestamp>
			</report>
			<report>
				<misses>166300001</misses>
				<total>46</total>
				<timestamp>1614.815936</timestamp>
			</report>
			<report>
				<misses>166400001</misses>
				<total>46</total>
				<timestamp>1615.783924</timestamp>
			</report>
			<report>
				<misses>166500001</misses>
				<total>46</total>
				<timestamp>1616.752199</timestamp>
			</report>
			<report>
				<misses>166600001</misses>
				<total>46</total>
				<timestamp>1617.720248</timestamp>
			</report>
			<report>
				<misses>166700001</misses>
				<total>46</total>
				<timestamp>1618.688660</timestamp>
			</report>
			<report>
				<misses>166800001</misses>
				<total>46</total>
				<timestamp>1619.656813</timestamp>
			</report>
			<report>
				<misses>166900001</misses>
				<total>46</total>
				<timestamp>1620.625085</timestamp>
			</report>
			<report>
				<misses>167000001</misses>
				<total>46</total>
				<timestamp>1621.593250</timestamp>
			</report>
			<report>
				<misses>167100001</misses>
				<total>46</total>
				<timestamp>1622.561339</timestamp>
			</report>
			<report>
				<misses>167200001</misses>
				<total>46</total>
				<timestamp>1623.529282</timestamp>
			</report>
			<report>
				<misses>167300001</misses>
				<total>46</total>
				<timestamp>1624.497771</timestamp>
			</report>
			<report>
				<misses>167400001</misses>
				<total>46</total>
				<timestamp>1625.465798</timestamp>
			</report>
			<report>
				<misses>167500001</misses>
				<total>46</total>
				<timestamp>1626.433838</timestamp>
			</report>
			<report>
				<misses>167600001</misses>
				<total>46</total>
				<timestamp>1627.401845</timestamp>
			</report>
			<report>
				<misses>167700001</misses>
				<total>46</total>
				<timestamp>1628.369967</timestamp>
			</report>
			<report>
				<misses>167800001</misses>
				<total>46</total>
				<timestamp>1629.337885</timestamp>
			</report>
			<report>
				<misses>167900001</misses>
				<total>46</total>
				<timestamp>1630.305870</timestamp>
			</report>
			<report>
				<misses>168000001</misses>
				<total>46</total>
				<timestamp>1631.273883</timestamp>
			</report>
			<report>
				<misses>168100001</misses>
				<total>46</total>
				<timestamp>1632.242015</timestamp>
			</report>
			<report>
				<misses>168200001</misses>
				<total>46</total>
				<timestamp>1633.210104</timestamp>
			</report>
			<report>
				<misses>168300001</misses>
				<total>46</total>
				<timestamp>1634.178589</timestamp>
			</report>
			<report>
				<misses>168400001</misses>
				<total>46</total>
				<timestamp>1635.146726</timestamp>
			</report>
			<report>
				<misses>168500001</misses>
				<total>46</total>
				<timestamp>1636.115313</timestamp>
			</report>
			<report>
				<misses>168600001</misses>
				<total>46</total>
				<timestamp>1637.083304</timestamp>
			</report>
			<report>
				<misses>168700001</misses>
				<total>46</total>
				<timestamp>1638.051718</timestamp>
			</report>
			<report>
				<misses>168800001</misses>
				<total>46</total>
				<timestamp>1639.019776</timestamp>
			</report>
			<report>
				<misses>168900001</misses>
				<total>46</total>
				<timestamp>1639.988037</timestamp>
			</report>
			<report>
				<misses>169000001</misses>
				<total>46</total>
				<timestamp>1640.956017</timestamp>
			</report>
			<report>
				<misses>169100001</misses>
				<total>46</total>
				<timestamp>1641.924366</timestamp>
			</report>
			<report>
				<misses>169200001</misses>
				<total>46</total>
				<timestamp>1642.892216</timestamp>
			</report>
			<report>
				<misses>169300001</misses>
				<total>46</total>
				<timestamp>1643.860679</timestamp>
			</report>
			<report>
				<misses>169400001</misses>
				<total>46</total>
				<timestamp>1644.828580</timestamp>
			</report>
			<report>
				<misses>169500001</misses>
				<total>46</total>
				<timestamp>1645.796595</timestamp>
			</report>
			<report>
				<misses>169600001</misses>
				<total>46</total>
				<timestamp>1646.764549</timestamp>
			</report>
			<report>
				<misses>169700001</misses>
				<total>46</total>
				<timestamp>1647.732738</timestamp>
			</report>
			<report>
				<misses>169800001</misses>
				<total>46</total>
				<timestamp>1648.700668</timestamp>
			</report>
			<report>
				<misses>169900001</misses>
				<total>46</total>
				<timestamp>1649.668780</timestamp>
			</report>
			<report>
				<misses>170000001</misses>
				<total>46</total>
				<timestamp>1650.636858</timestamp>
			</report>
			<report>
				<misses>170100001</misses>
				<total>46</total>
				<timestamp>1651.605257</timestamp>
			</report>
			<report>
				<misses>170200001</misses>
				<total>46</total>
				<timestamp>1652.573277</timestamp>
			</report>
			<report>
				<misses>170300001</misses>
				<total>46</total>
				<timestamp>1653.541641</timestamp>
			</report>
			<report>
				<misses>170400001</misses>
				<total>46</total>
				<timestamp>1654.509685</timestamp>
			</report>
			<report>
				<misses>170500001</misses>
				<total>46</total>
				<timestamp>1655.478069</timestamp>
			</report>
			<report>
				<misses>170600001</misses>
				<total>46</total>
				<timestamp>1656.446245</timestamp>
			</report>
			<report>
				<misses>170700001</misses>
				<total>46</total>
				<timestamp>1657.414825</timestamp>
			</report>
			<report>
				<misses>170800001</misses>
				<total>46</total>
				<timestamp>1658.382845</timestamp>
			</report>
			<report>
				<misses>170900001</misses>
				<total>46</total>
				<timestamp>1659.351278</timestamp>
			</report>
			<report>
				<misses>171000001</misses>
				<total>46</total>
				<timestamp>1660.319224</timestamp>
			</report>
			<report>
				<misses>171100001</misses>
				<total>46</total>
				<timestamp>1661.287596</timestamp>
			</report>
			<report>
				<misses>171200001</misses>
				<total>46</total>
				<timestamp>1662.255650</timestamp>
			</report>
			<report>
				<misses>171300001</misses>
				<total>46</total>
				<timestamp>1663.224076</timestamp>
			</report>
			<report>
				<misses>171400001</misses>
				<total>46</total>
				<timestamp>1664.192381</timestamp>
			</report>
			<report>
				<misses>171500001</misses>
				<total>46</total>
				<timestamp>1665.160852</timestamp>
			</report>
			<report>
				<misses>171600001</misses>
				<total>46</total>
				<timestamp>1666.128910</timestamp>
			</report>
			<report>
				<misses>171700001</misses>
				<total>46</total>
				<timestamp>1667.097494</timestamp>
			</report>
			<report>
				<misses>171800001</misses>
				<total>46</total>
				<timestamp>1668.065637</timestamp>
			</report>
			<report>
				<misses>171900001</misses>
				<total>46</total>
				<timestamp>1669.033992</timestamp>
			</report>
			<report>
				<misses>172000001</misses>
				<total>46</total>
				<timestamp>1670.002111</timestamp>
			</report>
			<report>
				<misses>172100001</misses>
				<total>46</total>
				<timestamp>1670.970372</timestamp>
			</report>
			<report>
				<misses>172200001</misses>
				<total>46</total>
				<timestamp>1671.938295</timestamp>
			</report>
			<report>
				<misses>172300001</misses>
				<total>46</total>
				<timestamp>1672.906865</timestamp>
			</report>
			<report>
				<misses>172400001</misses>
				<total>46</total>
				<timestamp>1673.875033</timestamp>
			</report>
			<report>
				<misses>172500001</misses>
				<total>46</total>
				<timestamp>1674.843171</timestamp>
			</report>
			<report>
				<misses>172600001</misses>
				<total>46</total>
				<timestamp>1675.811125</timestamp>
			</report>
			<report>
				<misses>172700001</misses>
				<total>46</total>
				<timestamp>1676.779661</timestamp>
			</report>
			<report>
				<misses>172800001</misses>
				<total>46</total>
				<timestamp>1677.747720</timestamp>
			</report>
			<report>
				<misses>172900001</misses>
				<total>46</total>
				<timestamp>1678.716118</timestamp>
			</report>
			<report>
				<misses>173000001</misses>
				<total>46</total>
				<timestamp>1679.684094</timestamp>
			</report>
			<report>
				<misses>173100001</misses>
				<total>46</total>
				<timestamp>1680.652545</timestamp>
			</report>
			<report>
				<misses>173200001</misses>
				<total>46</total>
				<timestamp>1681.620615</timestamp>
			</report>
			<report>
				<misses>173300001</misses>
				<total>46</total>
				<timestamp>1682.588976</timestamp>
			</report>
			<report>
				<misses>173400001</misses>
				<total>46</total>
				<timestamp>1683.556999</timestamp>
			</report>
			<report>
				<misses>173500001</misses>
				<total>46</total>
				<timestamp>1684.525496</timestamp>
			</report>
			<report>
				<misses>173600001</misses>
				<total>46</total>
				<timestamp>1685.493389</timestamp>
			</report>
			<report>
				<misses>173700001</misses>
				<total>46</total>
				<timestamp>1686.461421</timestamp>
			</report>
			<report>
				<misses>173800001</misses>
				<total>46</total>
				<timestamp>1687.429590</timestamp>
			</report>
			<report>
				<misses>173900001</misses>
				<total>46</total>
				<timestamp>1688.397975</timestamp>
			</report>
			<report>
				<misses>174000001</misses>
				<total>46</total>
				<timestamp>1689.366090</timestamp>
			</report>
			<report>
				<misses>174100001</misses>
				<total>46</total>
				<timestamp>1690.334444</timestamp>
			</report>
			<report>
				<misses>174200001</misses>
				<total>46</total>
				<timestamp>1691.302632</timestamp>
			</report>
			<report>
				<misses>174300001</misses>
				<total>46</total>
				<timestamp>1692.271160</timestamp>
			</report>
			<report>
				<misses>174400001</misses>
				<total>46</total>
				<timestamp>1693.239227</timestamp>
			</report>
			<report>
				<misses>174500001</misses>
				<total>46</total>
				<timestamp>1694.207686</timestamp>
			</report>
			<report>
				<misses>174600001</misses>
				<total>46</total>
				<timestamp>1695.175734</timestamp>
			</report>
			<report>
				<misses>174700001</misses>
				<total>46</total>
				<timestamp>1696.143780</timestamp>
			</report>
			<report>
				<misses>174800001</misses>
				<total>46</total>
				<timestamp>1697.111743</timestamp>
			</report>
			<report>
				<misses>174900001</misses>
				<total>46</total>
				<timestamp>1698.080018</timestamp>
			</report>
			<report>
				<misses>175000001</misses>
				<total>46</total>
				<timestamp>1699.047991</timestamp>
			</report>
			<report>
				<misses>175100001</misses>
				<total>46</total>
				<timestamp>1700.027662</timestamp>
			</report>
			<report>
				<misses>175200001</misses>
				<total>46</total>
				<timestamp>1701.014809</timestamp>
			</report>
			<report>
				<misses>175300001</misses>
				<total>46</total>
				<timestamp>1702.001643</timestamp>
			</report>
			<report>
				<misses>175400001</misses>
				<total>46</total>
				<timestamp>1702.986260</timestamp>
			</report>
			<report>
				<misses>175500001</misses>
				<total>46</total>
				<timestamp>1703.968146</timestamp>
			</report>
			<report>
				<misses>175600001</misses>
				<total>46</total>
				<timestamp>1704.952350</timestamp>
			</report>
			<report>
				<misses>175700001</misses>
				<total>46</total>
				<timestamp>1705.937846</timestamp>
			</report>
			<report>
				<misses>175800001</misses>
				<total>46</total>
				<timestamp>1706.920768</timestamp>
			</report>
			<report>
				<misses>175900001</misses>
				<total>46</total>
				<timestamp>1707.914382</timestamp>
			</report>
			<report>
				<misses>176000001</misses>
				<total>46</total>
				<timestamp>1708.930096</timestamp>
			</report>
			<report>
				<misses>176100001</misses>
				<total>46</total>
				<timestamp>1709.942873</timestamp>
			</report>
			<report>
				<misses>176200001</misses>
				<total>46</total>
				<timestamp>1710.927228</timestamp>
			</report>
			<report>
				<misses>176300001</misses>
				<total>46</total>
				<timestamp>1711.910880</timestamp>
			</report>
			<report>
				<misses>176400001</misses>
				<total>46</total>
				<timestamp>1712.895820</timestamp>
			</report>
			<report>
				<misses>176500001</misses>
				<total>46</total>
				<timestamp>1713.881742</timestamp>
			</report>
			<report>
				<misses>176600001</misses>
				<total>46</total>
				<timestamp>1714.868046</timestamp>
			</report>
			<report>
				<misses>176700001</misses>
				<total>46</total>
				<timestamp>1715.852209</timestamp>
			</report>
			<report>
				<misses>176800001</misses>
				<total>46</total>
				<timestamp>1716.836611</timestamp>
			</report>
			<report>
				<misses>176900001</misses>
				<total>46</total>
				<timestamp>1717.823266</timestamp>
			</report>
			<report>
				<misses>177000001</misses>
				<total>46</total>
				<timestamp>1718.808437</timestamp>
			</report>
			<report>
				<misses>177100001</misses>
				<total>46</total>
				<timestamp>1719.794671</timestamp>
			</report>
			<report>
				<misses>177200001</misses>
				<total>46</total>
				<timestamp>1720.806447</timestamp>
			</report>
			<report>
				<misses>177300001</misses>
				<total>46</total>
				<timestamp>1721.810353</timestamp>
			</report>
			<report>
				<misses>177400001</misses>
				<total>46</total>
				<timestamp>1722.779185</timestamp>
			</report>
			<report>
				<misses>177500001</misses>
				<total>46</total>
				<timestamp>1723.748425</timestamp>
			</report>
			<report>
				<misses>177600001</misses>
				<total>46</total>
				<timestamp>1724.717667</timestamp>
			</report>
			<report>
				<misses>177700001</misses>
				<total>46</total>
				<timestamp>1725.686691</timestamp>
			</report>
			<report>
				<misses>177800001</misses>
				<total>46</total>
				<timestamp>1726.655863</timestamp>
			</report>
			<report>
				<misses>177900001</misses>
				<total>46</total>
				<timestamp>1727.624873</timestamp>
			</report>
			<report>
				<misses>178000001</misses>
				<total>46</total>
				<timestamp>1728.594492</timestamp>
			</report>
			<report>
				<misses>178100001</misses>
				<total>46</total>
				<timestamp>1729.563174</timestamp>
			</report>
			<report>
				<misses>178200001</misses>
				<total>46</total>
				<timestamp>1730.532722</timestamp>
			</report>
			<report>
				<misses>178300001</misses>
				<total>46</total>
				<timestamp>1731.501961</timestamp>
			</report>
			<report>
				<misses>178400001</misses>
				<total>46</total>
				<timestamp>1732.471133</timestamp>
			</report>
			<report>
				<misses>178500001</misses>
				<total>46</total>
				<timestamp>1733.440263</timestamp>
			</report>
			<report>
				<misses>178600001</misses>
				<total>46</total>
				<timestamp>1734.409806</timestamp>
			</report>
			<report>
				<misses>178700001</misses>
				<total>46</total>
				<timestamp>1735.378976</timestamp>
			</report>
			<report>
				<misses>178800001</misses>
				<total>46</total>
				<timestamp>1736.348146</timestamp>
			</report>
			<report>
				<misses>178900001</misses>
				<total>46</total>
				<timestamp>1737.317309</timestamp>
			</report>
			<report>
				<misses>179000001</misses>
				<total>46</total>
				<timestamp>1738.286591</timestamp>
			</report>
			<report>
				<misses>179100001</misses>
				<total>46</total>
				<timestamp>1739.255995</timestamp>
			</report>
			<report>
				<misses>179200001</misses>
				<total>46</total>
				<timestamp>1740.225377</timestamp>
			</report>
			<report>
				<misses>179300001</misses>
				<total>46</total>
				<timestamp>1741.194150</timestamp>
			</report>
			<report>
				<misses>179400001</misses>
				<total>46</total>
				<timestamp>1742.163644</timestamp>
			</report>
			<report>
				<misses>179500001</misses>
				<total>46</total>
				<timestamp>1743.132802</timestamp>
			</report>
			<report>
				<misses>179600001</misses>
				<total>46</total>
				<timestamp>1744.101755</timestamp>
			</report>
			<report>
				<misses>179700001</misses>
				<total>46</total>
				<timestamp>1745.070999</timestamp>
			</report>
			<report>
				<misses>179800001</misses>
				<total>46</total>
				<timestamp>1746.039705</timestamp>
			</report>
			<report>
				<misses>179900001</misses>
				<total>46</total>
				<timestamp>1747.008935</timestamp>
			</report>
			<report>
				<misses>180000001</misses>
				<total>46</total>
				<timestamp>1747.977867</timestamp>
			</report>
			<report>
				<misses>180100001</misses>
				<total>46</total>
				<timestamp>1748.947022</timestamp>
			</report>
			<report>
				<misses>180200001</misses>
				<total>46</total>
				<timestamp>1749.916148</timestamp>
			</report>
			<report>
				<misses>180300001</misses>
				<total>46</total>
				<timestamp>1750.885517</timestamp>
			</report>
			<report>
				<misses>180400001</misses>
				<total>46</total>
				<timestamp>1751.854271</timestamp>
			</report>
			<report>
				<misses>180500001</misses>
				<total>46</total>
				<timestamp>1752.823702</timestamp>
			</report>
			<report>
				<misses>180600001</misses>
				<total>46</total>
				<timestamp>1753.792443</timestamp>
			</report>
			<report>
				<misses>180700001</misses>
				<total>46</total>
				<timestamp>1754.761915</timestamp>
			</report>
			<report>
				<misses>180800001</misses>
				<total>46</total>
				<timestamp>1755.730593</timestamp>
			</report>
			<report>
				<misses>180900001</misses>
				<total>46</total>
				<timestamp>1756.699372</timestamp>
			</report>
			<report>
				<misses>181000001</misses>
				<total>46</total>
				<timestamp>1757.668272</timestamp>
			</report>
			<report>
				<misses>181100001</misses>
				<total>46</total>
				<timestamp>1758.637698</timestamp>
			</report>
			<report>
				<misses>181200001</misses>
				<total>46</total>
				<timestamp>1759.606921</timestamp>
			</report>
			<report>
				<misses>181300001</misses>
				<total>46</total>
				<timestamp>1760.575712</timestamp>
			</report>
			<report>
				<misses>181400001</misses>
				<total>46</total>
				<timestamp>1761.544816</timestamp>
			</report>
			<report>
				<misses>181500001</misses>
				<total>46</total>
				<timestamp>1762.513735</timestamp>
			</report>
			<report>
				<misses>181600001</misses>
				<total>46</total>
				<timestamp>1763.482919</timestamp>
			</report>
			<report>
				<misses>181700001</misses>
				<total>46</total>
				<timestamp>1764.451846</timestamp>
			</report>
			<report>
				<misses>181800001</misses>
				<total>46</total>
				<timestamp>1765.421205</timestamp>
			</report>
			<report>
				<misses>181900001</misses>
				<total>46</total>
				<timestamp>1766.390260</timestamp>
			</report>
			<report>
				<misses>182000001</misses>
				<total>46</total>
				<timestamp>1767.359491</timestamp>
			</report>
			<report>
				<misses>182100001</misses>
				<total>46</total>
				<timestamp>1768.328355</timestamp>
			</report>
			<report>
				<misses>182200001</misses>
				<total>46</total>
				<timestamp>1769.297635</timestamp>
			</report>
			<report>
				<misses>182300001</misses>
				<total>46</total>
				<timestamp>1770.266605</timestamp>
			</report>
			<report>
				<misses>182400001</misses>
				<total>46</total>
				<timestamp>1771.235841</timestamp>
			</report>
			<report>
				<misses>182500001</misses>
				<total>46</total>
				<timestamp>1772.204950</timestamp>
			</report>
			<report>
				<misses>182600001</misses>
				<total>46</total>
				<timestamp>1773.174223</timestamp>
			</report>
			<report>
				<misses>182700001</misses>
				<total>46</total>
				<timestamp>1774.143121</timestamp>
			</report>
			<report>
				<misses>182800001</misses>
				<total>46</total>
				<timestamp>1775.112193</timestamp>
			</report>
			<report>
				<misses>182900001</misses>
				<total>46</total>
				<timestamp>1776.081011</timestamp>
			</report>
			<report>
				<misses>183000001</misses>
				<total>46</total>
				<timestamp>1777.050823</timestamp>
			</report>
			<report>
				<misses>183100001</misses>
				<total>46</total>
				<timestamp>1778.019818</timestamp>
			</report>
			<report>
				<misses>183200001</misses>
				<total>46</total>
				<timestamp>1778.989374</timestamp>
			</report>
			<report>
				<misses>183300001</misses>
				<total>46</total>
				<timestamp>1779.958362</timestamp>
			</report>
			<report>
				<misses>183400001</misses>
				<total>46</total>
				<timestamp>1780.927931</timestamp>
			</report>
			<report>
				<misses>183500001</misses>
				<total>46</total>
				<timestamp>1781.896928</timestamp>
			</report>
			<report>
				<misses>183600001</misses>
				<total>46</total>
				<timestamp>1782.866309</timestamp>
			</report>
			<report>
				<misses>183700001</misses>
				<total>46</total>
				<timestamp>1783.835110</timestamp>
			</report>
			<report>
				<misses>183800001</misses>
				<total>46</total>
				<timestamp>1784.804322</timestamp>
			</report>
			<report>
				<misses>183900001</misses>
				<total>46</total>
				<timestamp>1785.773156</timestamp>
			</report>
			<report>
				<misses>184000001</misses>
				<total>46</total>
				<timestamp>1786.742056</timestamp>
			</report>
			<report>
				<misses>184100001</misses>
				<total>46</total>
				<timestamp>1787.710915</timestamp>
			</report>
			<report>
				<misses>184200001</misses>
				<total>46</total>
				<timestamp>1788.680006</timestamp>
			</report>
			<report>
				<misses>184300001</misses>
				<total>46</total>
				<timestamp>1789.649292</timestamp>
			</report>
			<report>
				<misses>184400001</misses>
				<total>46</total>
				<timestamp>1790.618951</timestamp>
			</report>
			<report>
				<misses>184500001</misses>
				<total>46</total>
				<timestamp>1791.588178</timestamp>
			</report>
			<report>
				<misses>184600001</misses>
				<total>46</total>
				<timestamp>1792.557572</timestamp>
			</report>
			<report>
				<misses>184700001</misses>
				<total>46</total>
				<timestamp>1793.526862</timestamp>
			</report>
			<report>
				<misses>184800001</misses>
				<total>46</total>
				<timestamp>1794.495913</timestamp>
			</report>
			<report>
				<misses>184900001</misses>
				<total>46</total>
				<timestamp>1795.464977</timestamp>
			</report>
			<report>
				<misses>185000001</misses>
				<total>46</total>
				<timestamp>1796.434265</timestamp>
			</report>
			<report>
				<misses>185100001</misses>
				<total>46</total>
				<timestamp>1797.403232</timestamp>
			</report>
			<report>
				<misses>185200001</misses>
				<total>46</total>
				<timestamp>1798.372617</timestamp>
			</report>
			<report>
				<misses>185300001</misses>
				<total>46</total>
				<timestamp>1799.341635</timestamp>
			</report>
			<report>
				<misses>185400001</misses>
				<total>46</total>
				<timestamp>1800.310993</timestamp>
			</report>
			<report>
				<misses>185500001</misses>
				<total>46</total>
				<timestamp>1801.279885</timestamp>
			</report>
			<report>
				<misses>185600001</misses>
				<total>46</total>
				<timestamp>1802.249101</timestamp>
			</report>
			<report>
				<misses>185700001</misses>
				<total>46</total>
				<timestamp>1803.218003</timestamp>
			</report>
			<report>
				<misses>185800001</misses>
				<total>46</total>
				<timestamp>1804.187306</timestamp>
			</report>
			<report>
				<misses>185900001</misses>
				<total>46</total>
				<timestamp>1805.156248</timestamp>
			</report>
			<report>
				<misses>186000001</misses>
				<total>46</total>
				<timestamp>1806.125562</timestamp>
			</report>
			<report>
				<misses>186100001</misses>
				<total>46</total>
				<timestamp>1807.094726</timestamp>
			</report>
			<report>
				<misses>186200001</misses>
				<total>46</total>
				<timestamp>1808.063953</timestamp>
			</report>
			<report>
				<misses>186300001</misses>
				<total>46</total>
				<timestamp>1809.032946</timestamp>
			</report>
			<report>
				<misses>186400001</misses>
				<total>46</total>
				<timestamp>1810.002519</timestamp>
			</report>
			<report>
				<misses>186500001</misses>
				<total>46</total>
				<timestamp>1810.971542</timestamp>
			</report>
			<report>
				<misses>186600001</misses>
				<total>46</total>
				<timestamp>1811.940794</timestamp>
			</report>
			<report>
				<misses>186700001</misses>
				<total>46</total>
				<timestamp>1812.909742</timestamp>
			</report>
			<report>
				<misses>186800001</misses>
				<total>46</total>
				<timestamp>1813.879013</timestamp>
			</report>
			<report>
				<misses>186900001</misses>
				<total>46</total>
				<timestamp>1814.847858</timestamp>
			</report>
			<report>
				<misses>187000001</misses>
				<total>46</total>
				<timestamp>1815.817181</timestamp>
			</report>
			<report>
				<misses>187100001</misses>
				<total>46</total>
				<timestamp>1816.786369</timestamp>
			</report>
			<report>
				<misses>187200001</misses>
				<total>46</total>
				<timestamp>1817.755383</timestamp>
			</report>
			<report>
				<misses>187300001</misses>
				<total>46</total>
				<timestamp>1818.724441</timestamp>
			</report>
			<report>
				<misses>187400001</misses>
				<total>46</total>
				<timestamp>1819.693709</timestamp>
			</report>
			<report>
				<misses>187500001</misses>
				<total>46</total>
				<timestamp>1820.662917</timestamp>
			</report>
			<report>
				<misses>187600001</misses>
				<total>46</total>
				<timestamp>1821.632513</timestamp>
			</report>
			<report>
				<misses>187700001</misses>
				<total>46</total>
				<timestamp>1822.601428</timestamp>
			</report>
			<report>
				<misses>187800001</misses>
				<total>46</total>
				<timestamp>1823.569997</timestamp>
			</report>
			<report>
				<misses>187900001</misses>
				<total>46</total>
				<timestamp>1824.538756</timestamp>
			</report>
			<report>
				<misses>188000001</misses>
				<total>46</total>
				<timestamp>1825.507983</timestamp>
			</report>
			<report>
				<misses>188100001</misses>
				<total>46</total>
				<timestamp>1826.476872</timestamp>
			</report>
			<report>
				<misses>188200001</misses>
				<total>46</total>
				<timestamp>1827.446282</timestamp>
			</report>
			<report>
				<misses>188300001</misses>
				<total>46</total>
				<timestamp>1828.415255</timestamp>
			</report>
			<report>
				<misses>188400001</misses>
				<total>46</total>
				<timestamp>1829.384693</timestamp>
			</report>
			<report>
				<misses>188500001</misses>
				<total>46</total>
				<timestamp>1830.353736</timestamp>
			</report>
			<report>
				<misses>188600001</misses>
				<total>46</total>
				<timestamp>1831.323090</timestamp>
			</report>
			<report>
				<misses>188700001</misses>
				<total>46</total>
				<timestamp>1832.292254</timestamp>
			</report>
			<report>
				<misses>188800001</misses>
				<total>46</total>
				<timestamp>1833.261544</timestamp>
			</report>
			<report>
				<misses>188900001</misses>
				<total>46</total>
				<timestamp>1834.230246</timestamp>
			</report>
			<report>
				<misses>189000001</misses>
				<total>46</total>
				<timestamp>1835.199495</timestamp>
			</report>
			<report>
				<misses>189100001</misses>
				<total>46</total>
				<timestamp>1836.168218</timestamp>
			</report>
			<report>
				<misses>189200001</misses>
				<total>46</total>
				<timestamp>1837.137592</timestamp>
			</report>
			<report>
				<misses>189300001</misses>
				<total>46</total>
				<timestamp>1838.106395</timestamp>
			</report>
			<report>
				<misses>189400001</misses>
				<total>46</total>
				<timestamp>1839.075586</timestamp>
			</report>
			<report>
				<misses>189500001</misses>
				<total>46</total>
				<timestamp>1840.044732</timestamp>
			</report>
			<report>
				<misses>189600001</misses>
				<total>46</total>
				<timestamp>1841.014286</timestamp>
			</report>
			<report>
				<misses>189700001</misses>
				<total>46</total>
				<timestamp>1841.983416</timestamp>
			</report>
			<report>
				<misses>189800001</misses>
				<total>46</total>
				<timestamp>1842.953171</timestamp>
			</report>
			<report>
				<misses>189900001</misses>
				<total>46</total>
				<timestamp>1843.921989</timestamp>
			</report>
			<report>
				<misses>190000001</misses>
				<total>46</total>
				<timestamp>1844.891226</timestamp>
			</report>
			<report>
				<misses>190100001</misses>
				<total>46</total>
				<timestamp>1845.860373</timestamp>
			</report>
			<report>
				<misses>190200001</misses>
				<total>46</total>
				<timestamp>1846.829624</timestamp>
			</report>
			<report>
				<misses>190300001</misses>
				<total>46</total>
				<timestamp>1847.798715</timestamp>
			</report>
			<report>
				<misses>190400001</misses>
				<total>46</total>
				<timestamp>1848.768192</timestamp>
			</report>
			<report>
				<misses>190500001</misses>
				<total>46</total>
				<timestamp>1849.737266</timestamp>
			</report>
			<report>
				<misses>190600001</misses>
				<total>46</total>
				<timestamp>1850.706321</timestamp>
			</report>
			<report>
				<misses>190700001</misses>
				<total>46</total>
				<timestamp>1851.674874</timestamp>
			</report>
			<report>
				<misses>190800001</misses>
				<total>46</total>
				<timestamp>1852.643745</timestamp>
			</report>
			<report>
				<misses>190900001</misses>
				<total>46</total>
				<timestamp>1853.612667</timestamp>
			</report>
			<report>
				<misses>191000001</misses>
				<total>46</total>
				<timestamp>1854.581563</timestamp>
			</report>
			<report>
				<misses>191100001</misses>
				<total>46</total>
				<timestamp>1855.550484</timestamp>
			</report>
			<report>
				<misses>191200001</misses>
				<total>46</total>
				<timestamp>1856.519288</timestamp>
			</report>
			<report>
				<misses>191300001</misses>
				<total>46</total>
				<timestamp>1857.488177</timestamp>
			</report>
			<report>
				<misses>191400001</misses>
				<total>46</total>
				<timestamp>1858.457291</timestamp>
			</report>
			<report>
				<misses>191500001</misses>
				<total>46</total>
				<timestamp>1859.426304</timestamp>
			</report>
			<report>
				<misses>191600001</misses>
				<total>80</total>
				<timestamp>1860.395630</timestamp>
			</report>
			<report>
				<misses>191700001</misses>
				<total>80</total>
				<timestamp>1861.364519</timestamp>
			</report>
			<report>
				<misses>191800001</misses>
				<total>80</total>
				<timestamp>1862.333649</timestamp>
			</report>
			<report>
				<misses>191900001</misses>
				<total>80</total>
				<timestamp>1863.302514</timestamp>
			</report>
			<report>
				<misses>192000001</misses>
				<total>80</total>
				<timestamp>1864.271683</timestamp>
			</report>
			<report>
				<misses>192100001</misses>
				<total>80</total>
				<timestamp>1865.240604</timestamp>
			</report>
			<report>
				<misses>192200001</misses>
				<total>80</total>
				<timestamp>1866.209934</timestamp>
			</report>
			<report>
				<misses>192300001</misses>
				<total>80</total>
				<timestamp>1867.178841</timestamp>
			</report>
			<report>
				<misses>192400001</misses>
				<total>80</total>
				<timestamp>1868.147981</timestamp>
			</report>
			<report>
				<misses>192500001</misses>
				<total>80</total>
				<timestamp>1869.116778</timestamp>
			</report>
			<report>
				<misses>192600001</misses>
				<total>80</total>
				<timestamp>1870.085981</timestamp>
			</report>
			<report>
				<misses>192700001</misses>
				<total>80</total>
				<timestamp>1871.054670</timestamp>
			</report>
			<report>
				<misses>192800001</misses>
				<total>80</total>
				<timestamp>1872.023384</timestamp>
			</report>
			<report>
				<misses>192900001</misses>
				<total>80</total>
				<timestamp>1872.992513</timestamp>
			</report>
			<report>
				<misses>193000001</misses>
				<total>80</total>
				<timestamp>1873.961871</timestamp>
			</report>
			<report>
				<misses>193100001</misses>
				<total>80</total>
				<timestamp>1874.930927</timestamp>
			</report>
			<report>
				<misses>193200001</misses>
				<total>80</total>
				<timestamp>1875.900213</timestamp>
			</report>
			<report>
				<misses>193300001</misses>
				<total>80</total>
				<timestamp>1876.869645</timestamp>
			</report>
			<report>
				<misses>193400001</misses>
				<total>80</total>
				<timestamp>1877.838661</timestamp>
			</report>
			<report>
				<misses>193500001</misses>
				<total>80</total>
				<timestamp>1878.807800</timestamp>
			</report>
			<report>
				<misses>193600001</misses>
				<total>80</total>
				<timestamp>1879.776800</timestamp>
			</report>
			<report>
				<misses>193700001</misses>
				<total>80</total>
				<timestamp>1880.745973</timestamp>
			</report>
			<report>
				<misses>193800001</misses>
				<total>80</total>
				<timestamp>1881.715051</timestamp>
			</report>
			<report>
				<misses>193900001</misses>
				<total>80</total>
				<timestamp>1882.684348</timestamp>
			</report>
			<report>
				<misses>194000001</misses>
				<total>80</total>
				<timestamp>1883.653447</timestamp>
			</report>
			<report>
				<misses>194100001</misses>
				<total>80</total>
				<timestamp>1884.622710</timestamp>
			</report>
			<report>
				<misses>194200001</misses>
				<total>80</total>
				<timestamp>1885.591436</timestamp>
			</report>
			<report>
				<misses>194300001</misses>
				<total>80</total>
				<timestamp>1886.560811</timestamp>
			</report>
			<report>
				<misses>194400001</misses>
				<total>80</total>
				<timestamp>1887.529683</timestamp>
			</report>
			<report>
				<misses>194500001</misses>
				<total>80</total>
				<timestamp>1888.498917</timestamp>
			</report>
			<report>
				<misses>194600001</misses>
				<total>80</total>
				<timestamp>1889.467931</timestamp>
			</report>
			<report>
				<misses>194700001</misses>
				<total>80</total>
				<timestamp>1890.437275</timestamp>
			</report>
			<report>
				<misses>194800001</misses>
				<total>80</total>
				<timestamp>1891.406288</timestamp>
			</report>
			<report>
				<misses>194900001</misses>
				<total>80</total>
				<timestamp>1892.375886</timestamp>
			</report>
			<report>
				<misses>195000001</misses>
				<total>80</total>
				<timestamp>1893.344995</timestamp>
			</report>
			<report>
				<misses>195100001</misses>
				<total>80</total>
				<timestamp>1894.314360</timestamp>
			</report>
			<report>
				<misses>195200001</misses>
				<total>80</total>
				<timestamp>1895.283111</timestamp>
			</report>
			<report>
				<misses>195300001</misses>
				<total>80</total>
				<timestamp>1896.252257</timestamp>
			</report>
			<report>
				<misses>195400001</misses>
				<total>80</total>
				<timestamp>1897.221403</timestamp>
			</report>
			<report>
				<misses>195500001</misses>
				<total>80</total>
				<timestamp>1898.190550</timestamp>
			</report>
			<report>
				<misses>195600001</misses>
				<total>80</total>
				<timestamp>1899.159442</timestamp>
			</report>
			<report>
				<misses>195700001</misses>
				<total>80</total>
				<timestamp>1900.128420</timestamp>
			</report>
			<report>
				<misses>195800001</misses>
				<total>80</total>
				<timestamp>1901.097332</timestamp>
			</report>
			<report>
				<misses>195900001</misses>
				<total>80</total>
				<timestamp>1902.066510</timestamp>
			</report>
			<report>
				<misses>196000001</misses>
				<total>80</total>
				<timestamp>1903.035598</timestamp>
			</report>
			<report>
				<misses>196100001</misses>
				<total>80</total>
				<timestamp>1904.004799</timestamp>
			</report>
			<report>
				<misses>196200001</misses>
				<total>80</total>
				<timestamp>1904.973976</timestamp>
			</report>
			<report>
				<misses>196300001</misses>
				<total>80</total>
				<timestamp>1905.943316</timestamp>
			</report>
			<report>
				<misses>196400001</misses>
				<total>80</total>
				<timestamp>1906.912477</timestamp>
			</report>
			<report>
				<misses>196500001</misses>
				<total>80</total>
				<timestamp>1907.881645</timestamp>
			</report>
			<report>
				<misses>196600001</misses>
				<total>80</total>
				<timestamp>1908.850403</timestamp>
			</report>
			<report>
				<misses>196700001</misses>
				<total>80</total>
				<timestamp>1909.819702</timestamp>
			</report>
			<report>
				<misses>196800001</misses>
				<total>80</total>
				<timestamp>1910.788354</timestamp>
			</report>
			<report>
				<misses>196900001</misses>
				<total>80</total>
				<timestamp>1911.757616</timestamp>
			</report>
			<report>
				<misses>197000001</misses>
				<total>80</total>
				<timestamp>1912.726503</timestamp>
			</report>
			<report>
				<misses>197100001</misses>
				<total>80</total>
				<timestamp>1913.695756</timestamp>
			</report>
			<report>
				<misses>197200001</misses>
				<total>80</total>
				<timestamp>1914.664594</timestamp>
			</report>
			<report>
				<misses>197300001</misses>
				<total>80</total>
				<timestamp>1915.633753</timestamp>
			</report>
			<report>
				<misses>197400001</misses>
				<total>80</total>
				<timestamp>1916.602383</timestamp>
			</report>
			<report>
				<misses>197500001</misses>
				<total>80</total>
				<timestamp>1917.571482</timestamp>
			</report>
			<report>
				<misses>197600001</misses>
				<total>80</total>
				<timestamp>1918.540480</timestamp>
			</report>
			<report>
				<misses>197700001</misses>
				<total>80</total>
				<timestamp>1919.509725</timestamp>
			</report>
			<report>
				<misses>197800001</misses>
				<total>80</total>
				<timestamp>1920.478740</timestamp>
			</report>
			<report>
				<misses>197900001</misses>
				<total>80</total>
				<timestamp>1921.447990</timestamp>
			</report>
			<report>
				<misses>198000001</misses>
				<total>80</total>
				<timestamp>1922.416909</timestamp>
			</report>
			<report>
				<misses>198100001</misses>
				<total>80</total>
				<timestamp>1923.385711</timestamp>
			</report>
			<report>
				<misses>198200001</misses>
				<total>80</total>
				<timestamp>1924.354580</timestamp>
			</report>
			<report>
				<misses>198300001</misses>
				<total>80</total>
				<timestamp>1925.323600</timestamp>
			</report>
			<report>
				<misses>198400001</misses>
				<total>80</total>
				<timestamp>1926.292222</timestamp>
			</report>
			<report>
				<misses>198500001</misses>
				<total>80</total>
				<timestamp>1927.261493</timestamp>
			</report>
			<report>
				<misses>198600001</misses>
				<total>80</total>
				<timestamp>1928.230207</timestamp>
			</report>
			<report>
				<misses>198700001</misses>
				<total>80</total>
				<timestamp>1929.199472</timestamp>
			</report>
			<report>
				<misses>198800001</misses>
				<total>80</total>
				<timestamp>1930.168311</timestamp>
			</report>
			<report>
				<misses>198900001</misses>
				<total>80</total>
				<timestamp>1931.137354</timestamp>
			</report>
			<report>
				<misses>199000001</misses>
				<total>80</total>
				<timestamp>1932.106192</timestamp>
			</report>
			<report>
				<misses>199100001</misses>
				<total>80</total>
				<timestamp>1933.075678</timestamp>
			</report>
			<report>
				<misses>199200001</misses>
				<total>80</total>
				<timestamp>1934.044892</timestamp>
			</report>
			<report>
				<misses>199300001</misses>
				<total>80</total>
				<timestamp>1935.014172</timestamp>
			</report>
			<report>
				<misses>199400001</misses>
				<total>80</total>
				<timestamp>1935.983028</timestamp>
			</report>
			<report>
				<misses>199500001</misses>
				<total>80</total>
				<timestamp>1936.952409</timestamp>
			</report>
			<report>
				<misses>199600001</misses>
				<total>80</total>
				<timestamp>1937.921341</timestamp>
			</report>
			<report>
				<misses>199700001</misses>
				<total>80</total>
				<timestamp>1938.890594</timestamp>
			</report>
			<report>
				<misses>199800001</misses>
				<total>80</total>
				<timestamp>1939.859468</timestamp>
			</report>
			<report>
				<misses>199900001</misses>
				<total>80</total>
				<timestamp>1940.829015</timestamp>
			</report>
			<report>
				<misses>200000001</misses>
				<total>80</total>
				<timestamp>1941.798008</timestamp>
			</report>
			<report>
				<misses>200100001</misses>
				<total>80</total>
				<timestamp>1942.767388</timestamp>
			</report>
			<report>
				<misses>200200001</misses>
				<total>80</total>
				<timestamp>1943.736253</timestamp>
			</report>
			<report>
				<misses>200300001</misses>
				<total>80</total>
				<timestamp>1944.705863</timestamp>
			</report>
			<report>
				<misses>200400001</misses>
				<total>80</total>
				<timestamp>1945.674592</timestamp>
			</report>
			<report>
				<misses>200500001</misses>
				<total>80</total>
				<timestamp>1946.643925</timestamp>
			</report>
			<report>
				<misses>200600001</misses>
				<total>80</total>
				<timestamp>1947.613036</timestamp>
			</report>
			<report>
				<misses>200700001</misses>
				<total>80</total>
				<timestamp>1948.582490</timestamp>
			</report>
			<report>
				<misses>200800001</misses>
				<total>80</total>
				<timestamp>1949.551304</timestamp>
			</report>
			<report>
				<misses>200900001</misses>
				<total>80</total>
				<timestamp>1950.520302</timestamp>
			</report>
			<report>
				<misses>201000001</misses>
				<total>80</total>
				<timestamp>1951.489286</timestamp>
			</report>
			<report>
				<misses>201100001</misses>
				<total>80</total>
				<timestamp>1952.458962</timestamp>
			</report>
			<report>
				<misses>201200001</misses>
				<total>80</total>
				<timestamp>1953.428295</timestamp>
			</report>
			<report>
				<misses>201300001</misses>
				<total>80</total>
				<timestamp>1954.397540</timestamp>
			</report>
			<report>
				<misses>201400001</misses>
				<total>80</total>
				<timestamp>1955.366460</timestamp>
			</report>
			<report>
				<misses>201500001</misses>
				<total>80</total>
				<timestamp>1956.335667</timestamp>
			</report>
			<report>
				<misses>201600001</misses>
				<total>80</total>
				<timestamp>1957.305328</timestamp>
			</report>
			<report>
				<misses>201700001</misses>
				<total>80</total>
				<timestamp>1958.274576</timestamp>
			</report>
			<report>
				<misses>201800001</misses>
				<total>80</total>
				<timestamp>1959.244139</timestamp>
			</report>
			<report>
				<misses>201900001</misses>
				<total>80</total>
				<timestamp>1960.213301</timestamp>
			</report>
			<report>
				<misses>202000001</misses>
				<total>80</total>
				<timestamp>1961.182765</timestamp>
			</report>
			<report>
				<misses>202100001</misses>
				<total>80</total>
				<timestamp>1962.151731</timestamp>
			</report>
			<report>
				<misses>202200001</misses>
				<total>80</total>
				<timestamp>1963.121073</timestamp>
			</report>
			<report>
				<misses>202300001</misses>
				<total>80</total>
				<timestamp>1964.090381</timestamp>
			</report>
			<report>
				<misses>202400001</misses>
				<total>80</total>
				<timestamp>1965.059875</timestamp>
			</report>
			<report>
				<misses>202500001</misses>
				<total>80</total>
				<timestamp>1966.028679</timestamp>
			</report>
			<report>
				<misses>202600001</misses>
				<total>80</total>
				<timestamp>1966.997848</timestamp>
			</report>
			<report>
				<misses>202700001</misses>
				<total>80</total>
				<timestamp>1967.966869</timestamp>
			</report>
			<report>
				<misses>202800001</misses>
				<total>80</total>
				<timestamp>1968.936277</timestamp>
			</report>
			<report>
				<misses>202900001</misses>
				<total>80</total>
				<timestamp>1969.905303</timestamp>
			</report>
			<report>
				<misses>203000001</misses>
				<total>80</total>
				<timestamp>1970.874574</timestamp>
			</report>
			<report>
				<misses>203100001</misses>
				<total>80</total>
				<timestamp>1971.843772</timestamp>
			</report>
			<report>
				<misses>203200001</misses>
				<total>80</total>
				<timestamp>1972.812992</timestamp>
			</report>
			<report>
				<misses>203300001</misses>
				<total>80</total>
				<timestamp>1973.781918</timestamp>
			</report>
			<report>
				<misses>203400001</misses>
				<total>80</total>
				<timestamp>1974.750852</timestamp>
			</report>
			<report>
				<misses>203500001</misses>
				<total>80</total>
				<timestamp>1975.719844</timestamp>
			</report>
			<report>
				<misses>203600001</misses>
				<total>80</total>
				<timestamp>1976.689187</timestamp>
			</report>
			<report>
				<misses>203700001</misses>
				<total>80</total>
				<timestamp>1977.658211</timestamp>
			</report>
			<report>
				<misses>203800001</misses>
				<total>80</total>
				<timestamp>1978.627646</timestamp>
			</report>
			<report>
				<misses>203900001</misses>
				<total>80</total>
				<timestamp>1979.596410</timestamp>
			</report>
			<report>
				<misses>204000001</misses>
				<total>80</total>
				<timestamp>1980.565958</timestamp>
			</report>
			<report>
				<misses>204100001</misses>
				<total>80</total>
				<timestamp>1981.534984</timestamp>
			</report>
			<report>
				<misses>204200001</misses>
				<total>80</total>
				<timestamp>1982.504108</timestamp>
			</report>
			<report>
				<misses>204300001</misses>
				<total>80</total>
				<timestamp>1983.473206</timestamp>
			</report>
			<report>
				<misses>204400001</misses>
				<total>80</total>
				<timestamp>1984.442781</timestamp>
			</report>
			<report>
				<misses>204500001</misses>
				<total>80</total>
				<timestamp>1985.412283</timestamp>
			</report>
			<report>
				<misses>204600001</misses>
				<total>80</total>
				<timestamp>1986.381214</timestamp>
			</report>
			<report>
				<misses>204700001</misses>
				<total>80</total>
				<timestamp>1987.350667</timestamp>
			</report>
			<report>
				<misses>204800001</misses>
				<total>80</total>
				<timestamp>1988.319508</timestamp>
			</report>
			<report>
				<misses>204900001</misses>
				<total>80</total>
				<timestamp>1989.288770</timestamp>
			</report>
			<report>
				<misses>205000001</misses>
				<total>80</total>
				<timestamp>1990.257770</timestamp>
			</report>
			<report>
				<misses>205100001</misses>
				<total>80</total>
				<timestamp>1991.226885</timestamp>
			</report>
			<report>
				<misses>205200001</misses>
				<total>80</total>
				<timestamp>1992.195724</timestamp>
			</report>
			<report>
				<misses>205300001</misses>
				<total>80</total>
				<timestamp>1993.165050</timestamp>
			</report>
			<report>
				<misses>205400001</misses>
				<total>80</total>
				<timestamp>1994.134158</timestamp>
			</report>
			<report>
				<misses>205500001</misses>
				<total>80</total>
				<timestamp>1995.103535</timestamp>
			</report>
			<report>
				<misses>205600001</misses>
				<total>80</total>
				<timestamp>1996.072603</timestamp>
			</report>
			<report>
				<misses>205700001</misses>
				<total>80</total>
				<timestamp>1997.041849</timestamp>
			</report>
			<report>
				<misses>205800001</misses>
				<total>80</total>
				<timestamp>1998.010486</timestamp>
			</report>
			<report>
				<misses>205900001</misses>
				<total>80</total>
				<timestamp>1998.979761</timestamp>
			</report>
			<report>
				<misses>206000001</misses>
				<total>80</total>
				<timestamp>1999.948584</timestamp>
			</report>
			<report>
				<misses>206100001</misses>
				<total>80</total>
				<timestamp>2000.917808</timestamp>
			</report>
			<report>
				<misses>206200001</misses>
				<total>80</total>
				<timestamp>2001.886987</timestamp>
			</report>
			<report>
				<misses>206300001</misses>
				<total>80</total>
				<timestamp>2002.856459</timestamp>
			</report>
			<report>
				<misses>206400001</misses>
				<total>80</total>
				<timestamp>2003.825854</timestamp>
			</report>
			<report>
				<misses>206500001</misses>
				<total>80</total>
				<timestamp>2004.795256</timestamp>
			</report>
			<report>
				<misses>206600001</misses>
				<total>80</total>
				<timestamp>2005.764259</timestamp>
			</report>
			<report>
				<misses>206700001</misses>
				<total>80</total>
				<timestamp>2006.733502</timestamp>
			</report>
			<report>
				<misses>206800001</misses>
				<total>80</total>
				<timestamp>2007.702564</timestamp>
			</report>
			<report>
				<misses>206900001</misses>
				<total>80</total>
				<timestamp>2008.672149</timestamp>
			</report>
			<report>
				<misses>207000001</misses>
				<total>80</total>
				<timestamp>2009.641118</timestamp>
			</report>
			<report>
				<misses>207100001</misses>
				<total>80</total>
				<timestamp>2010.610669</timestamp>
			</report>
			<report>
				<misses>207200001</misses>
				<total>80</total>
				<timestamp>2011.579781</timestamp>
			</report>
			<report>
				<misses>207300001</misses>
				<total>80</total>
				<timestamp>2012.549090</timestamp>
			</report>
			<report>
				<misses>207400001</misses>
				<total>80</total>
				<timestamp>2013.518222</timestamp>
			</report>
			<report>
				<misses>207500001</misses>
				<total>80</total>
				<timestamp>2014.487411</timestamp>
			</report>
			<report>
				<misses>207600001</misses>
				<total>80</total>
				<timestamp>2015.456512</timestamp>
			</report>
			<report>
				<misses>207700001</misses>
				<total>80</total>
				<timestamp>2016.425935</timestamp>
			</report>
			<report>
				<misses>207800001</misses>
				<total>80</total>
				<timestamp>2017.394753</timestamp>
			</report>
			<report>
				<misses>207900001</misses>
				<total>80</total>
				<timestamp>2018.363894</timestamp>
			</report>
			<report>
				<misses>208000001</misses>
				<total>80</total>
				<timestamp>2019.332861</timestamp>
			</report>
			<report>
				<misses>208100001</misses>
				<total>80</total>
				<timestamp>2020.302276</timestamp>
			</report>
			<report>
				<misses>208200001</misses>
				<total>80</total>
				<timestamp>2021.270821</timestamp>
			</report>
			<report>
				<misses>208300001</misses>
				<total>80</total>
				<timestamp>2022.240028</timestamp>
			</report>
			<report>
				<misses>208400001</misses>
				<total>80</total>
				<timestamp>2023.208980</timestamp>
			</report>
			<report>
				<misses>208500001</misses>
				<total>80</total>
				<timestamp>2024.177994</timestamp>
			</report>
			<report>
				<misses>208600001</misses>
				<total>80</total>
				<timestamp>2025.146998</timestamp>
			</report>
			<report>
				<misses>208700001</misses>
				<total>80</total>
				<timestamp>2026.116618</timestamp>
			</report>
			<report>
				<misses>208800001</misses>
				<total>80</total>
				<timestamp>2027.085310</timestamp>
			</report>
			<report>
				<misses>208900001</misses>
				<total>80</total>
				<timestamp>2028.054337</timestamp>
			</report>
			<report>
				<misses>209000001</misses>
				<total>80</total>
				<timestamp>2029.023337</timestamp>
			</report>
			<report>
				<misses>209100001</misses>
				<total>80</total>
				<timestamp>2029.992325</timestamp>
			</report>
			<report>
				<misses>209200001</misses>
				<total>80</total>
				<timestamp>2030.961001</timestamp>
			</report>
			<report>
				<misses>209300001</misses>
				<total>80</total>
				<timestamp>2031.929803</timestamp>
			</report>
			<report>
				<misses>209400001</misses>
				<total>80</total>
				<timestamp>2032.898514</timestamp>
			</report>
			<report>
				<misses>209500001</misses>
				<total>80</total>
				<timestamp>2033.867673</timestamp>
			</report>
			<report>
				<misses>209600001</misses>
				<total>80</total>
				<timestamp>2034.836555</timestamp>
			</report>
			<report>
				<misses>209700001</misses>
				<total>80</total>
				<timestamp>2035.805833</timestamp>
			</report>
			<report>
				<misses>209800001</misses>
				<total>80</total>
				<timestamp>2036.774673</timestamp>
			</report>
			<report>
				<misses>209900001</misses>
				<total>80</total>
				<timestamp>2037.744022</timestamp>
			</report>
			<report>
				<misses>210000001</misses>
				<total>80</total>
				<timestamp>2038.713129</timestamp>
			</report>
			<report>
				<misses>210100001</misses>
				<total>80</total>
				<timestamp>2039.682497</timestamp>
			</report>
			<report>
				<misses>210200001</misses>
				<total>80</total>
				<timestamp>2040.651426</timestamp>
			</report>
			<report>
				<misses>210300001</misses>
				<total>80</total>
				<timestamp>2041.620635</timestamp>
			</report>
			<report>
				<misses>210400001</misses>
				<total>80</total>
				<timestamp>2042.589676</timestamp>
			</report>
			<report>
				<misses>210500001</misses>
				<total>80</total>
				<timestamp>2043.558758</timestamp>
			</report>
			<report>
				<misses>210600001</misses>
				<total>80</total>
				<timestamp>2044.527973</timestamp>
			</report>
			<report>
				<misses>210700001</misses>
				<total>80</total>
				<timestamp>2045.497542</timestamp>
			</report>
			<report>
				<misses>210800001</misses>
				<total>80</total>
				<timestamp>2046.466609</timestamp>
			</report>
			<report>
				<misses>210900001</misses>
				<total>80</total>
				<timestamp>2047.436005</timestamp>
			</report>
			<report>
				<misses>211000001</misses>
				<total>80</total>
				<timestamp>2048.404788</timestamp>
			</report>
			<report>
				<misses>211100001</misses>
				<total>80</total>
				<timestamp>2049.373668</timestamp>
			</report>
			<report>
				<misses>211200001</misses>
				<total>80</total>
				<timestamp>2050.342589</timestamp>
			</report>
			<report>
				<misses>211300001</misses>
				<total>80</total>
				<timestamp>2051.311888</timestamp>
			</report>
			<report>
				<misses>211400001</misses>
				<total>80</total>
				<timestamp>2052.280614</timestamp>
			</report>
			<report>
				<misses>211500001</misses>
				<total>80</total>
				<timestamp>2053.249775</timestamp>
			</report>
			<report>
				<misses>211600001</misses>
				<total>80</total>
				<timestamp>2054.218632</timestamp>
			</report>
			<report>
				<misses>211700001</misses>
				<total>80</total>
				<timestamp>2055.187801</timestamp>
			</report>
			<report>
				<misses>211800001</misses>
				<total>80</total>
				<timestamp>2056.156953</timestamp>
			</report>
			<report>
				<misses>211900001</misses>
				<total>80</total>
				<timestamp>2057.126471</timestamp>
			</report>
			<report>
				<misses>212000001</misses>
				<total>80</total>
				<timestamp>2058.095295</timestamp>
			</report>
			<report>
				<misses>212100001</misses>
				<total>80</total>
				<timestamp>2059.064615</timestamp>
			</report>
			<report>
				<misses>212200001</misses>
				<total>80</total>
				<timestamp>2060.033545</timestamp>
			</report>
			<report>
				<misses>212300001</misses>
				<total>80</total>
				<timestamp>2061.002365</timestamp>
			</report>
			<report>
				<misses>212400001</misses>
				<total>80</total>
				<timestamp>2061.971155</timestamp>
			</report>
			<report>
				<misses>212500001</misses>
				<total>80</total>
				<timestamp>2062.940421</timestamp>
			</report>
			<report>
				<misses>212600001</misses>
				<total>80</total>
				<timestamp>2063.909345</timestamp>
			</report>
			<report>
				<misses>212700001</misses>
				<total>80</total>
				<timestamp>2064.878571</timestamp>
			</report>
			<report>
				<misses>212800001</misses>
				<total>80</total>
				<timestamp>2065.847950</timestamp>
			</report>
			<report>
				<misses>212900001</misses>
				<total>80</total>
				<timestamp>2066.817283</timestamp>
			</report>
			<report>
				<misses>213000001</misses>
				<total>80</total>
				<timestamp>2067.786310</timestamp>
			</report>
			<report>
				<misses>213100001</misses>
				<total>80</total>
				<timestamp>2068.755639</timestamp>
			</report>
			<report>
				<misses>213200001</misses>
				<total>80</total>
				<timestamp>2069.724583</timestamp>
			</report>
			<report>
				<misses>213300001</misses>
				<total>80</total>
				<timestamp>2070.693946</timestamp>
			</report>
			<report>
				<misses>213400001</misses>
				<total>80</total>
				<timestamp>2071.662854</timestamp>
			</report>
			<report>
				<misses>213500001</misses>
				<total>80</total>
				<timestamp>2072.632176</timestamp>
			</report>
			<report>
				<misses>213600001</misses>
				<total>80</total>
				<timestamp>2073.600947</timestamp>
			</report>
			<report>
				<misses>213700001</misses>
				<total>80</total>
				<timestamp>2074.569979</timestamp>
			</report>
			<report>
				<misses>213800001</misses>
				<total>80</total>
				<timestamp>2075.538751</timestamp>
			</report>
			<report>
				<misses>213900001</misses>
				<total>80</total>
				<timestamp>2076.507903</timestamp>
			</report>
			<report>
				<misses>214000001</misses>
				<total>80</total>
				<timestamp>2077.476715</timestamp>
			</report>
			<report>
				<misses>214100001</misses>
				<total>80</total>
				<timestamp>2078.445504</timestamp>
			</report>
			<report>
				<misses>214200001</misses>
				<total>80</total>
				<timestamp>2079.414262</timestamp>
			</report>
			<report>
				<misses>214300001</misses>
				<total>80</total>
				<timestamp>2080.383535</timestamp>
			</report>
			<report>
				<misses>214400001</misses>
				<total>80</total>
				<timestamp>2081.352451</timestamp>
			</report>
			<report>
				<misses>214500001</misses>
				<total>80</total>
				<timestamp>2082.321478</timestamp>
			</report>
			<report>
				<misses>214600001</misses>
				<total>80</total>
				<timestamp>2083.290192</timestamp>
			</report>
			<report>
				<misses>214700001</misses>
				<total>80</total>
				<timestamp>2084.259126</timestamp>
			</report>
			<report>
				<misses>214800001</misses>
				<total>80</total>
				<timestamp>2085.228235</timestamp>
			</report>
			<report>
				<misses>214900001</misses>
				<total>80</total>
				<timestamp>2086.197225</timestamp>
			</report>
			<report>
				<misses>215000001</misses>
				<total>80</total>
				<timestamp>2087.166548</timestamp>
			</report>
			<report>
				<misses>215100001</misses>
				<total>80</total>
				<timestamp>2088.135347</timestamp>
			</report>
			<report>
				<misses>215200001</misses>
				<total>80</total>
				<timestamp>2089.104212</timestamp>
			</report>
			<report>
				<misses>215300001</misses>
				<total>80</total>
				<timestamp>2090.073278</timestamp>
			</report>
			<report>
				<misses>215400001</misses>
				<total>80</total>
				<timestamp>2091.042399</timestamp>
			</report>
			<report>
				<misses>215500001</misses>
				<total>80</total>
				<timestamp>2092.011263</timestamp>
			</report>
			<report>
				<misses>215600001</misses>
				<total>80</total>
				<timestamp>2092.980742</timestamp>
			</report>
			<report>
				<misses>215700001</misses>
				<total>80</total>
				<timestamp>2093.949763</timestamp>
			</report>
			<report>
				<misses>215800001</misses>
				<total>80</total>
				<timestamp>2094.919067</timestamp>
			</report>
			<report>
				<misses>215900001</misses>
				<total>80</total>
				<timestamp>2095.887817</timestamp>
			</report>
			<report>
				<misses>216000001</misses>
				<total>80</total>
				<timestamp>2096.856937</timestamp>
			</report>
			<report>
				<misses>216100001</misses>
				<total>80</total>
				<timestamp>2097.825810</timestamp>
			</report>
			<report>
				<misses>216200001</misses>
				<total>80</total>
				<timestamp>2098.794965</timestamp>
			</report>
			<report>
				<misses>216300001</misses>
				<total>80</total>
				<timestamp>2099.763721</timestamp>
			</report>
			<report>
				<misses>216400001</misses>
				<total>80</total>
				<timestamp>2100.732932</timestamp>
			</report>
			<report>
				<misses>216500001</misses>
				<total>80</total>
				<timestamp>2101.701913</timestamp>
			</report>
			<report>
				<misses>216600001</misses>
				<total>80</total>
				<timestamp>2102.670993</timestamp>
			</report>
			<report>
				<misses>216700001</misses>
				<total>80</total>
				<timestamp>2103.639905</timestamp>
			</report>
			<report>
				<misses>216800001</misses>
				<total>80</total>
				<timestamp>2104.608879</timestamp>
			</report>
			<report>
				<misses>216900001</misses>
				<total>80</total>
				<timestamp>2105.577632</timestamp>
			</report>
			<report>
				<misses>217000001</misses>
				<total>80</total>
				<timestamp>2106.546863</timestamp>
			</report>
			<report>
				<misses>217100001</misses>
				<total>80</total>
				<timestamp>2107.515698</timestamp>
			</report>
			<report>
				<misses>217200001</misses>
				<total>80</total>
				<timestamp>2108.484841</timestamp>
			</report>
			<report>
				<misses>217300001</misses>
				<total>80</total>
				<timestamp>2109.453459</timestamp>
			</report>
			<report>
				<misses>217400001</misses>
				<total>80</total>
				<timestamp>2110.422587</timestamp>
			</report>
			<report>
				<misses>217500001</misses>
				<total>80</total>
				<timestamp>2111.391528</timestamp>
			</report>
			<report>
				<misses>217600001</misses>
				<total>80</total>
				<timestamp>2112.360737</timestamp>
			</report>
			<report>
				<misses>217700001</misses>
				<total>80</total>
				<timestamp>2113.329626</timestamp>
			</report>
			<report>
				<misses>217800001</misses>
				<total>80</total>
				<timestamp>2114.298712</timestamp>
			</report>
			<report>
				<misses>217900001</misses>
				<total>80</total>
				<timestamp>2115.267636</timestamp>
			</report>
			<report>
				<misses>218000001</misses>
				<total>80</total>
				<timestamp>2116.236664</timestamp>
			</report>
			<report>
				<misses>218100001</misses>
				<total>80</total>
				<timestamp>2117.205588</timestamp>
			</report>
			<report>
				<misses>218200001</misses>
				<total>80</total>
				<timestamp>2118.174478</timestamp>
			</report>
			<report>
				<misses>218300001</misses>
				<total>80</total>
				<timestamp>2119.143316</timestamp>
			</report>
			<report>
				<misses>218400001</misses>
				<total>80</total>
				<timestamp>2120.112607</timestamp>
			</report>
			<report>
				<misses>218500001</misses>
				<total>80</total>
				<timestamp>2121.081556</timestamp>
			</report>
			<report>
				<misses>218600001</misses>
				<total>80</total>
				<timestamp>2122.050667</timestamp>
			</report>
			<report>
				<misses>218700001</misses>
				<total>80</total>
				<timestamp>2123.019748</timestamp>
			</report>
			<report>
				<misses>218800001</misses>
				<total>80</total>
				<timestamp>2123.988827</timestamp>
			</report>
			<report>
				<misses>218900001</misses>
				<total>80</total>
				<timestamp>2124.957578</timestamp>
			</report>
			<report>
				<misses>219000001</misses>
				<total>80</total>
				<timestamp>2125.926571</timestamp>
			</report>
			<report>
				<misses>219100001</misses>
				<total>80</total>
				<timestamp>2126.895388</timestamp>
			</report>
			<report>
				<misses>219200001</misses>
				<total>80</total>
				<timestamp>2127.864441</timestamp>
			</report>
			<report>
				<misses>219300001</misses>
				<total>80</total>
				<timestamp>2128.833318</timestamp>
			</report>
			<report>
				<misses>219400001</misses>
				<total>80</total>
				<timestamp>2129.802244</timestamp>
			</report>
			<report>
				<misses>219500001</misses>
				<total>80</total>
				<timestamp>2130.771125</timestamp>
			</report>
			<report>
				<misses>219600001</misses>
				<total>80</total>
				<timestamp>2131.740188</timestamp>
			</report>
			<report>
				<misses>219700001</misses>
				<total>80</total>
				<timestamp>2132.709071</timestamp>
			</report>
			<report>
				<misses>219800001</misses>
				<total>80</total>
				<timestamp>2133.678374</timestamp>
			</report>
			<report>
				<misses>219900001</misses>
				<total>80</total>
				<timestamp>2134.647388</timestamp>
			</report>
			<report>
				<misses>220000001</misses>
				<total>80</total>
				<timestamp>2135.616489</timestamp>
			</report>
			<report>
				<misses>220100001</misses>
				<total>80</total>
				<timestamp>2136.585405</timestamp>
			</report>
			<report>
				<misses>220200001</misses>
				<total>80</total>
				<timestamp>2137.554823</timestamp>
			</report>
			<report>
				<misses>220300001</misses>
				<total>80</total>
				<timestamp>2138.523466</timestamp>
			</report>
			<report>
				<misses>220400001</misses>
				<total>80</total>
				<timestamp>2139.492580</timestamp>
			</report>
			<report>
				<misses>220500001</misses>
				<total>80</total>
				<timestamp>2140.461471</timestamp>
			</report>
			<report>
				<misses>220600001</misses>
				<total>80</total>
				<timestamp>2141.430576</timestamp>
			</report>
			<report>
				<misses>220700001</misses>
				<total>80</total>
				<timestamp>2142.399484</timestamp>
			</report>
			<report>
				<misses>220800001</misses>
				<total>80</total>
				<timestamp>2143.368798</timestamp>
			</report>
			<report>
				<misses>220900001</misses>
				<total>80</total>
				<timestamp>2144.337845</timestamp>
			</report>
			<report>
				<misses>221000001</misses>
				<total>80</total>
				<timestamp>2145.306807</timestamp>
			</report>
			<report>
				<misses>221100001</misses>
				<total>80</total>
				<timestamp>2146.275731</timestamp>
			</report>
			<report>
				<misses>221200001</misses>
				<total>80</total>
				<timestamp>2147.244954</timestamp>
			</report>
			<report>
				<misses>221300001</misses>
				<total>80</total>
				<timestamp>2148.213981</timestamp>
			</report>
			<report>
				<misses>221400001</misses>
				<total>80</total>
				<timestamp>2149.183046</timestamp>
			</report>
			<report>
				<misses>221500001</misses>
				<total>80</total>
				<timestamp>2150.151787</timestamp>
			</report>
			<report>
				<misses>221600001</misses>
				<total>80</total>
				<timestamp>2151.120888</timestamp>
			</report>
			<report>
				<misses>221700001</misses>
				<total>80</total>
				<timestamp>2152.089544</timestamp>
			</report>
			<report>
				<misses>221800001</misses>
				<total>80</total>
				<timestamp>2153.058234</timestamp>
			</report>
			<report>
				<misses>221900001</misses>
				<total>80</total>
				<timestamp>2154.027409</timestamp>
			</report>
			<report>
				<misses>222000001</misses>
				<total>80</total>
				<timestamp>2154.995969</timestamp>
			</report>
			<report>
				<misses>222100001</misses>
				<total>80</total>
				<timestamp>2155.965099</timestamp>
			</report>
			<report>
				<misses>222200001</misses>
				<total>80</total>
				<timestamp>2156.934065</timestamp>
			</report>
			<report>
				<misses>222300001</misses>
				<total>80</total>
				<timestamp>2157.903373</timestamp>
			</report>
			<report>
				<misses>222400001</misses>
				<total>80</total>
				<timestamp>2158.872129</timestamp>
			</report>
			<report>
				<misses>222500001</misses>
				<total>80</total>
				<timestamp>2159.840794</timestamp>
			</report>
			<report>
				<misses>222600001</misses>
				<total>80</total>
				<timestamp>2160.809350</timestamp>
			</report>
			<report>
				<misses>222700001</misses>
				<total>80</total>
				<timestamp>2161.778121</timestamp>
			</report>
			<report>
				<misses>222800001</misses>
				<total>80</total>
				<timestamp>2162.746677</timestamp>
			</report>
			<report>
				<misses>222900001</misses>
				<total>80</total>
				<timestamp>2163.715201</timestamp>
			</report>
			<report>
				<misses>223000001</misses>
				<total>80</total>
				<timestamp>2164.684335</timestamp>
			</report>
			<report>
				<misses>223100001</misses>
				<total>80</total>
				<timestamp>2165.653008</timestamp>
			</report>
			<report>
				<misses>223200001</misses>
				<total>80</total>
				<timestamp>2166.621952</timestamp>
			</report>
			<report>
				<misses>223300001</misses>
				<total>80</total>
				<timestamp>2167.590795</timestamp>
			</report>
			<report>
				<misses>223400001</misses>
				<total>80</total>
				<timestamp>2168.559999</timestamp>
			</report>
			<report>
				<misses>223500001</misses>
				<total>80</total>
				<timestamp>2169.528936</timestamp>
			</report>
			<report>
				<misses>223600001</misses>
				<total>80</total>
				<timestamp>2170.498301</timestamp>
			</report>
			<report>
				<misses>223700001</misses>
				<total>80</total>
				<timestamp>2171.466969</timestamp>
			</report>
			<report>
				<misses>223800001</misses>
				<total>80</total>
				<timestamp>2172.436010</timestamp>
			</report>
			<report>
				<misses>223900001</misses>
				<total>80</total>
				<timestamp>2173.404763</timestamp>
			</report>
			<report>
				<misses>224000001</misses>
				<total>80</total>
				<timestamp>2174.374001</timestamp>
			</report>
			<report>
				<misses>224100001</misses>
				<total>80</total>
				<timestamp>2175.342852</timestamp>
			</report>
			<report>
				<misses>224200001</misses>
				<total>80</total>
				<timestamp>2176.311947</timestamp>
			</report>
			<report>
				<misses>224300001</misses>
				<total>80</total>
				<timestamp>2177.281061</timestamp>
			</report>
			<report>
				<misses>224400001</misses>
				<total>80</total>
				<timestamp>2178.250144</timestamp>
			</report>
			<report>
				<misses>224500001</misses>
				<total>80</total>
				<timestamp>2179.219142</timestamp>
			</report>
			<report>
				<misses>224600001</misses>
				<total>80</total>
				<timestamp>2180.188359</timestamp>
			</report>
			<report>
				<misses>224700001</misses>
				<total>80</total>
				<timestamp>2181.157435</timestamp>
			</report>
			<report>
				<misses>224800001</misses>
				<total>80</total>
				<timestamp>2182.126523</timestamp>
			</report>
			<report>
				<misses>224900001</misses>
				<total>80</total>
				<timestamp>2183.095330</timestamp>
			</report>
			<report>
				<misses>225000001</misses>
				<total>80</total>
				<timestamp>2184.064458</timestamp>
			</report>
			<report>
				<misses>225100001</misses>
				<total>80</total>
				<timestamp>2185.033349</timestamp>
			</report>
			<report>
				<misses>225200001</misses>
				<total>80</total>
				<timestamp>2186.002720</timestamp>
			</report>
			<report>
				<misses>225300001</misses>
				<total>80</total>
				<timestamp>2186.971670</timestamp>
			</report>
			<report>
				<misses>225400001</misses>
				<total>80</total>
				<timestamp>2187.940787</timestamp>
			</report>
			<report>
				<misses>225500001</misses>
				<total>80</total>
				<timestamp>2188.909788</timestamp>
			</report>
			<report>
				<misses>225600001</misses>
				<total>80</total>
				<timestamp>2189.879199</timestamp>
			</report>
			<report>
				<misses>225700001</misses>
				<total>80</total>
				<timestamp>2190.847949</timestamp>
			</report>
			<report>
				<misses>225800001</misses>
				<total>80</total>
				<timestamp>2191.816994</timestamp>
			</report>
			<report>
				<misses>225900001</misses>
				<total>80</total>
				<timestamp>2192.785908</timestamp>
			</report>
			<report>
				<misses>226000001</misses>
				<total>80</total>
				<timestamp>2193.755149</timestamp>
			</report>
			<report>
				<misses>226100001</misses>
				<total>80</total>
				<timestamp>2194.724051</timestamp>
			</report>
			<report>
				<misses>226200001</misses>
				<total>80</total>
				<timestamp>2195.693302</timestamp>
			</report>
			<report>
				<misses>226300001</misses>
				<total>80</total>
				<timestamp>2196.662191</timestamp>
			</report>
			<report>
				<misses>226400001</misses>
				<total>80</total>
				<timestamp>2197.631352</timestamp>
			</report>
			<report>
				<misses>226500001</misses>
				<total>80</total>
				<timestamp>2198.600144</timestamp>
			</report>
			<report>
				<misses>226600001</misses>
				<total>80</total>
				<timestamp>2199.569030</timestamp>
			</report>
			<report>
				<misses>226700001</misses>
				<total>80</total>
				<timestamp>2200.537764</timestamp>
			</report>
			<report>
				<misses>226800001</misses>
				<total>80</total>
				<timestamp>2201.506791</timestamp>
			</report>
			<report>
				<misses>226900001</misses>
				<total>80</total>
				<timestamp>2202.475473</timestamp>
			</report>
			<report>
				<misses>227000001</misses>
				<total>80</total>
				<timestamp>2203.444797</timestamp>
			</report>
			<report>
				<misses>227100001</misses>
				<total>80</total>
				<timestamp>2204.413573</timestamp>
			</report>
			<report>
				<misses>227200001</misses>
				<total>80</total>
				<timestamp>2205.382383</timestamp>
			</report>
			<report>
				<misses>227300001</misses>
				<total>80</total>
				<timestamp>2206.351001</timestamp>
			</report>
			<report>
				<misses>227400001</misses>
				<total>80</total>
				<timestamp>2207.320155</timestamp>
			</report>
			<report>
				<misses>227500001</misses>
				<total>80</total>
				<timestamp>2208.288979</timestamp>
			</report>
			<report>
				<misses>227600001</misses>
				<total>80</total>
				<timestamp>2209.257945</timestamp>
			</report>
			<report>
				<misses>227700001</misses>
				<total>80</total>
				<timestamp>2210.226901</timestamp>
			</report>
			<report>
				<misses>227800001</misses>
				<total>80</total>
				<timestamp>2211.196297</timestamp>
			</report>
			<report>
				<misses>227900001</misses>
				<total>80</total>
				<timestamp>2212.164914</timestamp>
			</report>
			<report>
				<misses>228000001</misses>
				<total>80</total>
				<timestamp>2213.134250</timestamp>
			</report>
			<report>
				<misses>228100001</misses>
				<total>80</total>
				<timestamp>2214.102888</timestamp>
			</report>
			<report>
				<misses>228200001</misses>
				<total>80</total>
				<timestamp>2215.071928</timestamp>
			</report>
			<report>
				<misses>228300001</misses>
				<total>80</total>
				<timestamp>2216.040709</timestamp>
			</report>
			<report>
				<misses>228400001</misses>
				<total>80</total>
				<timestamp>2217.009861</timestamp>
			</report>
			<report>
				<misses>228500001</misses>
				<total>80</total>
				<timestamp>2217.978900</timestamp>
			</report>
			<report>
				<misses>228600001</misses>
				<total>80</total>
				<timestamp>2218.948319</timestamp>
			</report>
			<report>
				<misses>228700001</misses>
				<total>80</total>
				<timestamp>2219.917555</timestamp>
			</report>
			<report>
				<misses>228800001</misses>
				<total>80</total>
				<timestamp>2220.886707</timestamp>
			</report>
			<report>
				<misses>228900001</misses>
				<total>80</total>
				<timestamp>2221.855677</timestamp>
			</report>
			<report>
				<misses>229000001</misses>
				<total>80</total>
				<timestamp>2222.825034</timestamp>
			</report>
			<report>
				<misses>229100001</misses>
				<total>80</total>
				<timestamp>2223.793867</timestamp>
			</report>
			<report>
				<misses>229200001</misses>
				<total>80</total>
				<timestamp>2224.763006</timestamp>
			</report>
			<report>
				<misses>229300001</misses>
				<total>80</total>
				<timestamp>2225.731829</timestamp>
			</report>
			<report>
				<misses>229400001</misses>
				<total>80</total>
				<timestamp>2226.701116</timestamp>
			</report>
			<report>
				<misses>229500001</misses>
				<total>80</total>
				<timestamp>2227.670070</timestamp>
			</report>
			<report>
				<misses>229600001</misses>
				<total>80</total>
				<timestamp>2228.639099</timestamp>
			</report>
			<report>
				<misses>229700001</misses>
				<total>80</total>
				<timestamp>2229.607951</timestamp>
			</report>
			<report>
				<misses>229800001</misses>
				<total>80</total>
				<timestamp>2230.577043</timestamp>
			</report>
			<report>
				<misses>229900001</misses>
				<total>80</total>
				<timestamp>2231.546018</timestamp>
			</report>
			<report>
				<misses>230000001</misses>
				<total>80</total>
				<timestamp>2232.515151</timestamp>
			</report>
			<report>
				<misses>230100001</misses>
				<total>80</total>
				<timestamp>2233.483997</timestamp>
			</report>
			<report>
				<misses>230200001</misses>
				<total>80</total>
				<timestamp>2234.453178</timestamp>
			</report>
			<report>
				<misses>230300001</misses>
				<total>80</total>
				<timestamp>2235.422131</timestamp>
			</report>
			<report>
				<misses>230400001</misses>
				<total>80</total>
				<timestamp>2236.391264</timestamp>
			</report>
			<report>
				<misses>230500001</misses>
				<total>80</total>
				<timestamp>2237.360089</timestamp>
			</report>
			<report>
				<misses>230600001</misses>
				<total>80</total>
				<timestamp>2238.329326</timestamp>
			</report>
			<report>
				<misses>230700001</misses>
				<total>80</total>
				<timestamp>2239.298215</timestamp>
			</report>
			<report>
				<misses>230800001</misses>
				<total>80</total>
				<timestamp>2240.267466</timestamp>
			</report>
			<report>
				<misses>230900001</misses>
				<total>80</total>
				<timestamp>2241.236349</timestamp>
			</report>
			<report>
				<misses>231000001</misses>
				<total>80</total>
				<timestamp>2242.205339</timestamp>
			</report>
			<report>
				<misses>231100001</misses>
				<total>80</total>
				<timestamp>2243.174195</timestamp>
			</report>
			<report>
				<misses>231200001</misses>
				<total>80</total>
				<timestamp>2244.143572</timestamp>
			</report>
			<report>
				<misses>231300001</misses>
				<total>80</total>
				<timestamp>2245.112467</timestamp>
			</report>
			<report>
				<misses>231400001</misses>
				<total>80</total>
				<timestamp>2246.081731</timestamp>
			</report>
			<report>
				<misses>231500001</misses>
				<total>80</total>
				<timestamp>2247.050796</timestamp>
			</report>
			<report>
				<misses>231600001</misses>
				<total>80</total>
				<timestamp>2248.020192</timestamp>
			</report>
			<report>
				<misses>231700001</misses>
				<total>80</total>
				<timestamp>2248.988953</timestamp>
			</report>
			<report>
				<misses>231800001</misses>
				<total>80</total>
				<timestamp>2249.958221</timestamp>
			</report>
			<report>
				<misses>231900001</misses>
				<total>80</total>
				<timestamp>2250.927108</timestamp>
			</report>
			<report>
				<misses>232000001</misses>
				<total>80</total>
				<timestamp>2251.896194</timestamp>
			</report>
			<report>
				<misses>232100001</misses>
				<total>80</total>
				<timestamp>2252.865118</timestamp>
			</report>
			<report>
				<misses>232200001</misses>
				<total>80</total>
				<timestamp>2253.834274</timestamp>
			</report>
			<report>
				<misses>232300001</misses>
				<total>80</total>
				<timestamp>2254.803246</timestamp>
			</report>
			<report>
				<misses>232400001</misses>
				<total>80</total>
				<timestamp>2255.772410</timestamp>
			</report>
			<report>
				<misses>232500001</misses>
				<total>80</total>
				<timestamp>2256.741182</timestamp>
			</report>
			<report>
				<misses>232600001</misses>
				<total>80</total>
				<timestamp>2257.710307</timestamp>
			</report>
			<report>
				<misses>232700001</misses>
				<total>80</total>
				<timestamp>2258.679272</timestamp>
			</report>
			<report>
				<misses>232800001</misses>
				<total>80</total>
				<timestamp>2259.648922</timestamp>
			</report>
			<report>
				<misses>232900001</misses>
				<total>80</total>
				<timestamp>2260.617595</timestamp>
			</report>
			<report>
				<misses>233000001</misses>
				<total>80</total>
				<timestamp>2261.586537</timestamp>
			</report>
			<report>
				<misses>233100001</misses>
				<total>80</total>
				<timestamp>2262.555366</timestamp>
			</report>
			<report>
				<misses>233200001</misses>
				<total>80</total>
				<timestamp>2263.524702</timestamp>
			</report>
			<report>
				<misses>233300001</misses>
				<total>80</total>
				<timestamp>2264.493661</timestamp>
			</report>
			<report>
				<misses>233400001</misses>
				<total>80</total>
				<timestamp>2265.462919</timestamp>
			</report>
			<report>
				<misses>233500001</misses>
				<total>80</total>
				<timestamp>2266.431649</timestamp>
			</report>
			<report>
				<misses>233600001</misses>
				<total>80</total>
				<timestamp>2267.400880</timestamp>
			</report>
			<report>
				<misses>233700001</misses>
				<total>80</total>
				<timestamp>2268.369823</timestamp>
			</report>
			<report>
				<misses>233800001</misses>
				<total>80</total>
				<timestamp>2269.339108</timestamp>
			</report>
			<report>
				<misses>233900001</misses>
				<total>80</total>
				<timestamp>2270.308126</timestamp>
			</report>
			<report>
				<misses>234000001</misses>
				<total>80</total>
				<timestamp>2271.277595</timestamp>
			</report>
			<report>
				<misses>234100001</misses>
				<total>80</total>
				<timestamp>2272.246669</timestamp>
			</report>
			<report>
				<misses>234200001</misses>
				<total>80</total>
				<timestamp>2273.216246</timestamp>
			</report>
			<report>
				<misses>234300001</misses>
				<total>80</total>
				<timestamp>2274.185081</timestamp>
			</report>
			<report>
				<misses>234400001</misses>
				<total>80</total>
				<timestamp>2275.154336</timestamp>
			</report>
			<report>
				<misses>234500001</misses>
				<total>80</total>
				<timestamp>2276.123017</timestamp>
			</report>
			<report>
				<misses>234600001</misses>
				<total>80</total>
				<timestamp>2277.092184</timestamp>
			</report>
			<report>
				<misses>234700001</misses>
				<total>80</total>
				<timestamp>2278.061028</timestamp>
			</report>
			<report>
				<misses>234800001</misses>
				<total>80</total>
				<timestamp>2279.030325</timestamp>
			</report>
			<report>
				<misses>234900001</misses>
				<total>80</total>
				<timestamp>2279.999238</timestamp>
			</report>
			<report>
				<misses>235000001</misses>
				<total>80</total>
				<timestamp>2280.968217</timestamp>
			</report>
			<report>
				<misses>235100001</misses>
				<total>80</total>
				<timestamp>2281.937078</timestamp>
			</report>
			<report>
				<misses>235200001</misses>
				<total>80</total>
				<timestamp>2282.905813</timestamp>
			</report>
			<report>
				<misses>235300001</misses>
				<total>80</total>
				<timestamp>2283.875257</timestamp>
			</report>
			<report>
				<misses>235400001</misses>
				<total>80</total>
				<timestamp>2284.844024</timestamp>
			</report>
			<report>
				<misses>235500001</misses>
				<total>80</total>
				<timestamp>2285.813455</timestamp>
			</report>
			<report>
				<misses>235600001</misses>
				<total>80</total>
				<timestamp>2286.782323</timestamp>
			</report>
			<report>
				<misses>235700001</misses>
				<total>80</total>
				<timestamp>2287.751895</timestamp>
			</report>
			<report>
				<misses>235800001</misses>
				<total>80</total>
				<timestamp>2288.720803</timestamp>
			</report>
			<report>
				<misses>235900001</misses>
				<total>80</total>
				<timestamp>2289.690140</timestamp>
			</report>
			<report>
				<misses>236000001</misses>
				<total>80</total>
				<timestamp>2290.659204</timestamp>
			</report>
			<report>
				<misses>236100001</misses>
				<total>80</total>
				<timestamp>2291.628163</timestamp>
			</report>
			<report>
				<misses>236200001</misses>
				<total>80</total>
				<timestamp>2292.596950</timestamp>
			</report>
			<report>
				<misses>236300001</misses>
				<total>80</total>
				<timestamp>2293.565560</timestamp>
			</report>
			<report>
				<misses>236400001</misses>
				<total>80</total>
				<timestamp>2294.534554</timestamp>
			</report>
			<report>
				<misses>236500001</misses>
				<total>80</total>
				<timestamp>2295.504110</timestamp>
			</report>
			<report>
				<misses>236600001</misses>
				<total>80</total>
				<timestamp>2296.473250</timestamp>
			</report>
			<report>
				<misses>236700001</misses>
				<total>109</total>
				<timestamp>2297.442654</timestamp>
			</report>
			<report>
				<misses>236800001</misses>
				<total>109</total>
				<timestamp>2298.411639</timestamp>
			</report>
			<report>
				<misses>236900001</misses>
				<total>109</total>
				<timestamp>2299.381182</timestamp>
			</report>
			<report>
				<misses>237000001</misses>
				<total>109</total>
				<timestamp>2300.350027</timestamp>
			</report>
			<report>
				<misses>237100001</misses>
				<total>109</total>
				<timestamp>2301.319218</timestamp>
			</report>
			<report>
				<misses>237200001</misses>
				<total>109</total>
				<timestamp>2302.288237</timestamp>
			</report>
			<report>
				<misses>237300001</misses>
				<total>109</total>
				<timestamp>2303.257637</timestamp>
			</report>
			<report>
				<misses>237400001</misses>
				<total>109</total>
				<timestamp>2304.226581</timestamp>
			</report>
			<report>
				<misses>237500001</misses>
				<total>109</total>
				<timestamp>2305.195748</timestamp>
			</report>
			<report>
				<misses>237600001</misses>
				<total>109</total>
				<timestamp>2306.164792</timestamp>
			</report>
			<report>
				<misses>237700001</misses>
				<total>109</total>
				<timestamp>2307.134045</timestamp>
			</report>
			<report>
				<misses>237800001</misses>
				<total>109</total>
				<timestamp>2308.102820</timestamp>
			</report>
			<report>
				<misses>237900001</misses>
				<total>109</total>
				<timestamp>2309.072004</timestamp>
			</report>
			<report>
				<misses>238000001</misses>
				<total>109</total>
				<timestamp>2310.040706</timestamp>
			</report>
			<report>
				<misses>238100001</misses>
				<total>109</total>
				<timestamp>2311.009923</timestamp>
			</report>
			<report>
				<misses>238200001</misses>
				<total>109</total>
				<timestamp>2311.978681</timestamp>
			</report>
			<report>
				<misses>238300001</misses>
				<total>109</total>
				<timestamp>2312.947817</timestamp>
			</report>
			<report>
				<misses>238400001</misses>
				<total>109</total>
				<timestamp>2313.916877</timestamp>
			</report>
			<report>
				<misses>238500001</misses>
				<total>109</total>
				<timestamp>2314.885572</timestamp>
			</report>
			<report>
				<misses>238600001</misses>
				<total>109</total>
				<timestamp>2315.854607</timestamp>
			</report>
			<report>
				<misses>238700001</misses>
				<total>109</total>
				<timestamp>2316.823689</timestamp>
			</report>
			<report>
				<misses>238800001</misses>
				<total>109</total>
				<timestamp>2317.792510</timestamp>
			</report>
			<report>
				<misses>238900001</misses>
				<total>109</total>
				<timestamp>2318.761880</timestamp>
			</report>
			<report>
				<misses>239000001</misses>
				<total>109</total>
				<timestamp>2319.730571</timestamp>
			</report>
			<report>
				<misses>239100001</misses>
				<total>109</total>
				<timestamp>2320.699894</timestamp>
			</report>
			<report>
				<misses>239200001</misses>
				<total>109</total>
				<timestamp>2321.668995</timestamp>
			</report>
			<report>
				<misses>239300001</misses>
				<total>109</total>
				<timestamp>2322.638274</timestamp>
			</report>
			<report>
				<misses>239400001</misses>
				<total>109</total>
				<timestamp>2323.607273</timestamp>
			</report>
			<report>
				<misses>239500001</misses>
				<total>109</total>
				<timestamp>2324.576594</timestamp>
			</report>
			<report>
				<misses>239600001</misses>
				<total>109</total>
				<timestamp>2325.545257</timestamp>
			</report>
			<report>
				<misses>239700001</misses>
				<total>109</total>
				<timestamp>2326.514485</timestamp>
			</report>
			<report>
				<misses>239800001</misses>
				<total>109</total>
				<timestamp>2327.483333</timestamp>
			</report>
			<report>
				<misses>239900001</misses>
				<total>109</total>
				<timestamp>2328.452310</timestamp>
			</report>
			<report>
				<misses>240000001</misses>
				<total>109</total>
				<timestamp>2329.421287</timestamp>
			</report>
			<report>
				<misses>240100001</misses>
				<total>109</total>
				<timestamp>2330.390653</timestamp>
			</report>
			<report>
				<misses>240200001</misses>
				<total>109</total>
				<timestamp>2331.359670</timestamp>
			</report>
			<report>
				<misses>240300001</misses>
				<total>109</total>
				<timestamp>2332.329098</timestamp>
			</report>
			<report>
				<misses>240400001</misses>
				<total>109</total>
				<timestamp>2333.298071</timestamp>
			</report>
			<report>
				<misses>240500001</misses>
				<total>109</total>
				<timestamp>2334.267157</timestamp>
			</report>
			<report>
				<misses>240600001</misses>
				<total>109</total>
				<timestamp>2335.235680</timestamp>
			</report>
			<report>
				<misses>240700001</misses>
				<total>109</total>
				<timestamp>2336.204583</timestamp>
			</report>
			<report>
				<misses>240800001</misses>
				<total>109</total>
				<timestamp>2337.173538</timestamp>
			</report>
			<report>
				<misses>240900001</misses>
				<total>109</total>
				<timestamp>2338.142649</timestamp>
			</report>
			<report>
				<misses>241000001</misses>
				<total>109</total>
				<timestamp>2339.111289</timestamp>
			</report>
			<report>
				<misses>241100001</misses>
				<total>109</total>
				<timestamp>2340.080243</timestamp>
			</report>
			<report>
				<misses>241200001</misses>
				<total>109</total>
				<timestamp>2341.049045</timestamp>
			</report>
			<report>
				<misses>241300001</misses>
				<total>109</total>
				<timestamp>2342.018095</timestamp>
			</report>
			<report>
				<misses>241400001</misses>
				<total>109</total>
				<timestamp>2342.986883</timestamp>
			</report>
			<report>
				<misses>241500001</misses>
				<total>109</total>
				<timestamp>2343.955735</timestamp>
			</report>
			<report>
				<misses>241600001</misses>
				<total>109</total>
				<timestamp>2344.924223</timestamp>
			</report>
			<report>
				<misses>241700001</misses>
				<total>109</total>
				<timestamp>2345.892334</timestamp>
			</report>
			<report>
				<misses>241800001</misses>
				<total>109</total>
				<timestamp>2346.860287</timestamp>
			</report>
			<report>
				<misses>241900001</misses>
				<total>109</total>
				<timestamp>2347.829233</timestamp>
			</report>
			<report>
				<misses>242000001</misses>
				<total>109</total>
				<timestamp>2348.797522</timestamp>
			</report>
			<report>
				<misses>242100001</misses>
				<total>109</total>
				<timestamp>2349.765912</timestamp>
			</report>
			<report>
				<misses>242200001</misses>
				<total>109</total>
				<timestamp>2350.734080</timestamp>
			</report>
			<report>
				<misses>242300001</misses>
				<total>109</total>
				<timestamp>2351.702436</timestamp>
			</report>
			<report>
				<misses>242400001</misses>
				<total>109</total>
				<timestamp>2352.670514</timestamp>
			</report>
			<report>
				<misses>242500001</misses>
				<total>109</total>
				<timestamp>2353.639360</timestamp>
			</report>
			<report>
				<misses>242600001</misses>
				<total>109</total>
				<timestamp>2354.607607</timestamp>
			</report>
			<report>
				<misses>242700001</misses>
				<total>109</total>
				<timestamp>2355.576097</timestamp>
			</report>
			<report>
				<misses>242800001</misses>
				<total>109</total>
				<timestamp>2356.544203</timestamp>
			</report>
			<report>
				<misses>242900001</misses>
				<total>109</total>
				<timestamp>2357.512440</timestamp>
			</report>
			<report>
				<misses>243000001</misses>
				<total>109</total>
				<timestamp>2358.481118</timestamp>
			</report>
			<report>
				<misses>243100001</misses>
				<total>109</total>
				<timestamp>2359.449204</timestamp>
			</report>
			<report>
				<misses>243200001</misses>
				<total>109</total>
				<timestamp>2360.417622</timestamp>
			</report>
			<report>
				<misses>243300001</misses>
				<total>109</total>
				<timestamp>2361.385614</timestamp>
			</report>
			<report>
				<misses>243400001</misses>
				<total>109</total>
				<timestamp>2362.354105</timestamp>
			</report>
			<report>
				<misses>243500001</misses>
				<total>109</total>
				<timestamp>2363.322197</timestamp>
			</report>
			<report>
				<misses>243600001</misses>
				<total>109</total>
				<timestamp>2364.290682</timestamp>
			</report>
			<report>
				<misses>243700001</misses>
				<total>109</total>
				<timestamp>2365.258809</timestamp>
			</report>
			<report>
				<misses>243800001</misses>
				<total>109</total>
				<timestamp>2366.227342</timestamp>
			</report>
			<report>
				<misses>243900001</misses>
				<total>109</total>
				<timestamp>2367.195381</timestamp>
			</report>
			<report>
				<misses>244000001</misses>
				<total>109</total>
				<timestamp>2368.163934</timestamp>
			</report>
			<report>
				<misses>244100001</misses>
				<total>109</total>
				<timestamp>2369.132421</timestamp>
			</report>
			<report>
				<misses>244200001</misses>
				<total>109</total>
				<timestamp>2370.100816</timestamp>
			</report>
			<report>
				<misses>244300001</misses>
				<total>109</total>
				<timestamp>2371.068993</timestamp>
			</report>
			<report>
				<misses>244400001</misses>
				<total>109</total>
				<timestamp>2372.037319</timestamp>
			</report>
			<report>
				<misses>244500001</misses>
				<total>109</total>
				<timestamp>2373.005462</timestamp>
			</report>
			<report>
				<misses>244600001</misses>
				<total>109</total>
				<timestamp>2373.973514</timestamp>
			</report>
			<report>
				<misses>244700001</misses>
				<total>109</total>
				<timestamp>2374.941661</timestamp>
			</report>
			<report>
				<misses>244800001</misses>
				<total>109</total>
				<timestamp>2375.910226</timestamp>
			</report>
			<report>
				<misses>244900001</misses>
				<total>109</total>
				<timestamp>2376.878411</timestamp>
			</report>
			<report>
				<misses>245000001</misses>
				<total>109</total>
				<timestamp>2377.846876</timestamp>
			</report>
			<report>
				<misses>245100001</misses>
				<total>109</total>
				<timestamp>2378.815003</timestamp>
			</report>
			<report>
				<misses>245200001</misses>
				<total>109</total>
				<timestamp>2379.783508</timestamp>
			</report>
			<report>
				<misses>245300001</misses>
				<total>109</total>
				<timestamp>2380.751780</timestamp>
			</report>
			<report>
				<misses>245400001</misses>
				<total>109</total>
				<timestamp>2381.719878</timestamp>
			</report>
			<report>
				<misses>245500001</misses>
				<total>109</total>
				<timestamp>2382.688280</timestamp>
			</report>
			<report>
				<misses>245600001</misses>
				<total>109</total>
				<timestamp>2383.656485</timestamp>
			</report>
			<report>
				<misses>245700001</misses>
				<total>109</total>
				<timestamp>2384.625006</timestamp>
			</report>
			<report>
				<misses>245800001</misses>
				<total>109</total>
				<timestamp>2385.593227</timestamp>
			</report>
			<report>
				<misses>245900001</misses>
				<total>109</total>
				<timestamp>2386.561765</timestamp>
			</report>
			<report>
				<misses>246000001</misses>
				<total>109</total>
				<timestamp>2387.529686</timestamp>
			</report>
			<report>
				<misses>246100001</misses>
				<total>109</total>
				<timestamp>2388.498090</timestamp>
			</report>
			<report>
				<misses>246200001</misses>
				<total>109</total>
				<timestamp>2389.466246</timestamp>
			</report>
			<report>
				<misses>246300001</misses>
				<total>109</total>
				<timestamp>2390.434514</timestamp>
			</report>
			<report>
				<misses>246400001</misses>
				<total>109</total>
				<timestamp>2391.402638</timestamp>
			</report>
			<report>
				<misses>246500001</misses>
				<total>109</total>
				<timestamp>2392.371059</timestamp>
			</report>
			<report>
				<misses>246600001</misses>
				<total>109</total>
				<timestamp>2393.339259</timestamp>
			</report>
			<report>
				<misses>246700001</misses>
				<total>109</total>
				<timestamp>2394.307845</timestamp>
			</report>
			<report>
				<misses>246800001</misses>
				<total>109</total>
				<timestamp>2395.275996</timestamp>
			</report>
			<report>
				<misses>246900001</misses>
				<total>109</total>
				<timestamp>2396.244184</timestamp>
			</report>
			<report>
				<misses>247000001</misses>
				<total>109</total>
				<timestamp>2397.212357</timestamp>
			</report>
			<report>
				<misses>247100001</misses>
				<total>109</total>
				<timestamp>2398.180812</timestamp>
			</report>
			<report>
				<misses>247200001</misses>
				<total>109</total>
				<timestamp>2399.148989</timestamp>
			</report>
			<report>
				<misses>247300001</misses>
				<total>109</total>
				<timestamp>2400.116893</timestamp>
			</report>
			<report>
				<misses>247400001</misses>
				<total>109</total>
				<timestamp>2401.084919</timestamp>
			</report>
			<report>
				<misses>247500001</misses>
				<total>109</total>
				<timestamp>2402.053488</timestamp>
			</report>
			<report>
				<misses>247600001</misses>
				<total>109</total>
				<timestamp>2403.021560</timestamp>
			</report>
			<report>
				<misses>247700001</misses>
				<total>109</total>
				<timestamp>2403.989735</timestamp>
			</report>
			<report>
				<misses>247800001</misses>
				<total>109</total>
				<timestamp>2404.957717</timestamp>
			</report>
			<report>
				<misses>247900001</misses>
				<total>109</total>
				<timestamp>2405.926027</timestamp>
			</report>
			<report>
				<misses>248000001</misses>
				<total>109</total>
				<timestamp>2406.894249</timestamp>
			</report>
			<report>
				<misses>248100001</misses>
				<total>109</total>
				<timestamp>2407.862258</timestamp>
			</report>
			<report>
				<misses>248200001</misses>
				<total>109</total>
				<timestamp>2408.830256</timestamp>
			</report>
			<report>
				<misses>248300001</misses>
				<total>109</total>
				<timestamp>2409.798667</timestamp>
			</report>
			<report>
				<misses>248400001</misses>
				<total>109</total>
				<timestamp>2410.766757</timestamp>
			</report>
			<report>
				<misses>248500001</misses>
				<total>109</total>
				<timestamp>2411.735196</timestamp>
			</report>
			<report>
				<misses>248600001</misses>
				<total>109</total>
				<timestamp>2412.703403</timestamp>
			</report>
			<report>
				<misses>248700001</misses>
				<total>109</total>
				<timestamp>2413.671697</timestamp>
			</report>
			<report>
				<misses>248800001</misses>
				<total>109</total>
				<timestamp>2414.639952</timestamp>
			</report>
			<report>
				<misses>248900001</misses>
				<total>109</total>
				<timestamp>2415.608256</timestamp>
			</report>
			<report>
				<misses>249000001</misses>
				<total>109</total>
				<timestamp>2416.576437</timestamp>
			</report>
			<report>
				<misses>249100001</misses>
				<total>109</total>
				<timestamp>2417.544522</timestamp>
			</report>
			<report>
				<misses>249200001</misses>
				<total>109</total>
				<timestamp>2418.512672</timestamp>
			</report>
			<report>
				<misses>249300001</misses>
				<total>109</total>
				<timestamp>2419.480760</timestamp>
			</report>
			<report>
				<misses>249400001</misses>
				<total>109</total>
				<timestamp>2420.449096</timestamp>
			</report>
			<report>
				<misses>249500001</misses>
				<total>109</total>
				<timestamp>2421.417247</timestamp>
			</report>
			<report>
				<misses>249600001</misses>
				<total>109</total>
				<timestamp>2422.385761</timestamp>
			</report>
			<report>
				<misses>249700001</misses>
				<total>109</total>
				<timestamp>2423.353759</timestamp>
			</report>
			<report>
				<misses>249800001</misses>
				<total>109</total>
				<timestamp>2424.322091</timestamp>
			</report>
			<report>
				<misses>249900001</misses>
				<total>109</total>
				<timestamp>2425.290214</timestamp>
			</report>
			<report>
				<misses>250000001</misses>
				<total>109</total>
				<timestamp>2426.258695</timestamp>
			</report>
			<report>
				<misses>250100001</misses>
				<total>109</total>
				<timestamp>2427.226713</timestamp>
			</report>
			<report>
				<misses>250200001</misses>
				<total>109</total>
				<timestamp>2428.194819</timestamp>
			</report>
			<report>
				<misses>250300001</misses>
				<total>109</total>
				<timestamp>2429.163156</timestamp>
			</report>
			<report>
				<misses>250400001</misses>
				<total>109</total>
				<timestamp>2430.131193</timestamp>
			</report>
			<report>
				<misses>250500001</misses>
				<total>109</total>
				<timestamp>2431.099439</timestamp>
			</report>
			<report>
				<misses>250600001</misses>
				<total>109</total>
				<timestamp>2432.067565</timestamp>
			</report>
			<report>
				<misses>250700001</misses>
				<total>109</total>
				<timestamp>2433.035921</timestamp>
			</report>
			<report>
				<misses>250800001</misses>
				<total>109</total>
				<timestamp>2434.004120</timestamp>
			</report>
			<report>
				<misses>250900001</misses>
				<total>109</total>
				<timestamp>2434.972549</timestamp>
			</report>
			<report>
				<misses>251000001</misses>
				<total>109</total>
				<timestamp>2435.940607</timestamp>
			</report>
			<report>
				<misses>251100001</misses>
				<total>109</total>
				<timestamp>2436.908887</timestamp>
			</report>
			<report>
				<misses>251200001</misses>
				<total>109</total>
				<timestamp>2437.876759</timestamp>
			</report>
			<report>
				<misses>251300001</misses>
				<total>109</total>
				<timestamp>2438.845110</timestamp>
			</report>
			<report>
				<misses>251400001</misses>
				<total>109</total>
				<timestamp>2439.813154</timestamp>
			</report>
			<report>
				<misses>251500001</misses>
				<total>109</total>
				<timestamp>2440.781209</timestamp>
			</report>
			<report>
				<misses>251600001</misses>
				<total>109</total>
				<timestamp>2441.749291</timestamp>
			</report>
			<report>
				<misses>251700001</misses>
				<total>109</total>
				<timestamp>2442.717587</timestamp>
			</report>
			<report>
				<misses>251800001</misses>
				<total>109</total>
				<timestamp>2443.685476</timestamp>
			</report>
			<report>
				<misses>251900001</misses>
				<total>109</total>
				<timestamp>2444.653753</timestamp>
			</report>
			<report>
				<misses>252000001</misses>
				<total>109</total>
				<timestamp>2445.622124</timestamp>
			</report>
			<report>
				<misses>252100001</misses>
				<total>109</total>
				<timestamp>2446.590381</timestamp>
			</report>
			<report>
				<misses>252200001</misses>
				<total>109</total>
				<timestamp>2447.558751</timestamp>
			</report>
			<report>
				<misses>252300001</misses>
				<total>109</total>
				<timestamp>2448.526805</timestamp>
			</report>
			<report>
				<misses>252400001</misses>
				<total>109</total>
				<timestamp>2449.495211</timestamp>
			</report>
			<report>
				<misses>252500001</misses>
				<total>109</total>
				<timestamp>2450.463481</timestamp>
			</report>
			<report>
				<misses>252600001</misses>
				<total>109</total>
				<timestamp>2451.431952</timestamp>
			</report>
			<report>
				<misses>252700001</misses>
				<total>109</total>
				<timestamp>2452.400118</timestamp>
			</report>
			<report>
				<misses>252800001</misses>
				<total>109</total>
				<timestamp>2453.368359</timestamp>
			</report>
			<report>
				<misses>252900001</misses>
				<total>109</total>
				<timestamp>2454.336408</timestamp>
			</report>
			<report>
				<misses>253000001</misses>
				<total>109</total>
				<timestamp>2455.304981</timestamp>
			</report>
			<report>
				<misses>253100001</misses>
				<total>109</total>
				<timestamp>2456.273166</timestamp>
			</report>
			<report>
				<misses>253200001</misses>
				<total>109</total>
				<timestamp>2457.241674</timestamp>
			</report>
			<report>
				<misses>253300001</misses>
				<total>109</total>
				<timestamp>2458.209751</timestamp>
			</report>
			<report>
				<misses>253400001</misses>
				<total>109</total>
				<timestamp>2459.178166</timestamp>
			</report>
			<report>
				<misses>253500001</misses>
				<total>109</total>
				<timestamp>2460.146260</timestamp>
			</report>
			<report>
				<misses>253600001</misses>
				<total>109</total>
				<timestamp>2461.114928</timestamp>
			</report>
			<report>
				<misses>253700001</misses>
				<total>109</total>
				<timestamp>2462.083233</timestamp>
			</report>
			<report>
				<misses>253800001</misses>
				<total>109</total>
				<timestamp>2463.051662</timestamp>
			</report>
			<report>
				<misses>253900001</misses>
				<total>109</total>
				<timestamp>2464.019820</timestamp>
			</report>
			<report>
				<misses>254000001</misses>
				<total>109</total>
				<timestamp>2464.988157</timestamp>
			</report>
			<report>
				<misses>254100001</misses>
				<total>109</total>
				<timestamp>2465.956260</timestamp>
			</report>
			<report>
				<misses>254200001</misses>
				<total>109</total>
				<timestamp>2466.924839</timestamp>
			</report>
			<report>
				<misses>254300001</misses>
				<total>109</total>
				<timestamp>2467.893045</timestamp>
			</report>
			<report>
				<misses>254400001</misses>
				<total>109</total>
				<timestamp>2468.861656</timestamp>
			</report>
			<report>
				<misses>254500001</misses>
				<total>109</total>
				<timestamp>2469.829788</timestamp>
			</report>
			<report>
				<misses>254600001</misses>
				<total>109</total>
				<timestamp>2470.798383</timestamp>
			</report>
			<report>
				<misses>254700001</misses>
				<total>109</total>
				<timestamp>2471.766609</timestamp>
			</report>
			<report>
				<misses>254800001</misses>
				<total>109</total>
				<timestamp>2472.735268</timestamp>
			</report>
			<report>
				<misses>254900001</misses>
				<total>109</total>
				<timestamp>2473.703196</timestamp>
			</report>
			<report>
				<misses>255000001</misses>
				<total>109</total>
				<timestamp>2474.671752</timestamp>
			</report>
			<report>
				<misses>255100001</misses>
				<total>109</total>
				<timestamp>2475.639896</timestamp>
			</report>
			<report>
				<misses>255200001</misses>
				<total>109</total>
				<timestamp>2476.608399</timestamp>
			</report>
			<report>
				<misses>255300001</misses>
				<total>109</total>
				<timestamp>2477.576613</timestamp>
			</report>
			<report>
				<misses>255400001</misses>
				<total>109</total>
				<timestamp>2478.545386</timestamp>
			</report>
			<report>
				<misses>255500001</misses>
				<total>109</total>
				<timestamp>2479.513531</timestamp>
			</report>
			<report>
				<misses>255600001</misses>
				<total>109</total>
				<timestamp>2480.481737</timestamp>
			</report>
			<report>
				<misses>255700001</misses>
				<total>109</total>
				<timestamp>2481.450188</timestamp>
			</report>
			<report>
				<misses>255800001</misses>
				<total>109</total>
				<timestamp>2482.418336</timestamp>
			</report>
			<report>
				<misses>255900001</misses>
				<total>109</total>
				<timestamp>2483.386649</timestamp>
			</report>
			<report>
				<misses>256000001</misses>
				<total>109</total>
				<timestamp>2484.354796</timestamp>
			</report>
			<report>
				<misses>256100001</misses>
				<total>109</total>
				<timestamp>2485.323251</timestamp>
			</report>
			<report>
				<misses>256200001</misses>
				<total>109</total>
				<timestamp>2486.291304</timestamp>
			</report>
			<report>
				<misses>256300001</misses>
				<total>109</total>
				<timestamp>2487.259855</timestamp>
			</report>
			<report>
				<misses>256400001</misses>
				<total>109</total>
				<timestamp>2488.227956</timestamp>
			</report>
			<report>
				<misses>256500001</misses>
				<total>109</total>
				<timestamp>2489.196351</timestamp>
			</report>
			<report>
				<misses>256600001</misses>
				<total>109</total>
				<timestamp>2490.164649</timestamp>
			</report>
			<report>
				<misses>256700001</misses>
				<total>109</total>
				<timestamp>2491.133108</timestamp>
			</report>
			<report>
				<misses>256800001</misses>
				<total>109</total>
				<timestamp>2492.101261</timestamp>
			</report>
			<report>
				<misses>256900001</misses>
				<total>109</total>
				<timestamp>2493.069909</timestamp>
			</report>
			<report>
				<misses>257000001</misses>
				<total>109</total>
				<timestamp>2494.038079</timestamp>
			</report>
			<report>
				<misses>257100001</misses>
				<total>109</total>
				<timestamp>2495.006521</timestamp>
			</report>
			<report>
				<misses>257200001</misses>
				<total>109</total>
				<timestamp>2495.974851</timestamp>
			</report>
			<report>
				<misses>257300001</misses>
				<total>109</total>
				<timestamp>2496.943172</timestamp>
			</report>
			<report>
				<misses>257400001</misses>
				<total>109</total>
				<timestamp>2497.911296</timestamp>
			</report>
			<report>
				<misses>257500001</misses>
				<total>109</total>
				<timestamp>2498.879924</timestamp>
			</report>
			<report>
				<misses>257600001</misses>
				<total>109</total>
				<timestamp>2499.848022</timestamp>
			</report>
			<report>
				<misses>257700001</misses>
				<total>109</total>
				<timestamp>2500.816586</timestamp>
			</report>
			<report>
				<misses>257800001</misses>
				<total>109</total>
				<timestamp>2501.784731</timestamp>
			</report>
			<report>
				<misses>257900001</misses>
				<total>109</total>
				<timestamp>2502.753268</timestamp>
			</report>
			<report>
				<misses>258000001</misses>
				<total>109</total>
				<timestamp>2503.721350</timestamp>
			</report>
			<report>
				<misses>258100001</misses>
				<total>109</total>
				<timestamp>2504.690033</timestamp>
			</report>
			<report>
				<misses>258200001</misses>
				<total>109</total>
				<timestamp>2505.658198</timestamp>
			</report>
			<report>
				<misses>258300001</misses>
				<total>109</total>
				<timestamp>2506.626567</timestamp>
			</report>
			<report>
				<misses>258400001</misses>
				<total>109</total>
				<timestamp>2507.594720</timestamp>
			</report>
			<report>
				<misses>258500001</misses>
				<total>109</total>
				<timestamp>2508.563125</timestamp>
			</report>
			<report>
				<misses>258600001</misses>
				<total>109</total>
				<timestamp>2509.531255</timestamp>
			</report>
			<report>
				<misses>258700001</misses>
				<total>109</total>
				<timestamp>2510.499739</timestamp>
			</report>
			<report>
				<misses>258800001</misses>
				<total>109</total>
				<timestamp>2511.467848</timestamp>
			</report>
			<report>
				<misses>258900001</misses>
				<total>109</total>
				<timestamp>2512.436386</timestamp>
			</report>
			<report>
				<misses>259000001</misses>
				<total>109</total>
				<timestamp>2513.404571</timestamp>
			</report>
			<report>
				<misses>259100001</misses>
				<total>109</total>
				<timestamp>2514.373073</timestamp>
			</report>
			<report>
				<misses>259200001</misses>
				<total>109</total>
				<timestamp>2515.341135</timestamp>
			</report>
			<report>
				<misses>259300001</misses>
				<total>109</total>
				<timestamp>2516.309667</timestamp>
			</report>
			<report>
				<misses>259400001</misses>
				<total>109</total>
				<timestamp>2517.277700</timestamp>
			</report>
			<report>
				<misses>259500001</misses>
				<total>109</total>
				<timestamp>2518.245912</timestamp>
			</report>
			<report>
				<misses>259600001</misses>
				<total>109</total>
				<timestamp>2519.213957</timestamp>
			</report>
			<report>
				<misses>259700001</misses>
				<total>109</total>
				<timestamp>2520.182350</timestamp>
			</report>
			<report>
				<misses>259800001</misses>
				<total>109</total>
				<timestamp>2521.150477</timestamp>
			</report>
			<report>
				<misses>259900001</misses>
				<total>109</total>
				<timestamp>2522.118855</timestamp>
			</report>
			<report>
				<misses>260000001</misses>
				<total>109</total>
				<timestamp>2523.086858</timestamp>
			</report>
			<report>
				<misses>260100001</misses>
				<total>109</total>
				<timestamp>2524.055328</timestamp>
			</report>
			<report>
				<misses>260200001</misses>
				<total>109</total>
				<timestamp>2525.023429</timestamp>
			</report>
			<report>
				<misses>260300001</misses>
				<total>109</total>
				<timestamp>2525.992119</timestamp>
			</report>
			<report>
				<misses>260400001</misses>
				<total>109</total>
				<timestamp>2526.960435</timestamp>
			</report>
			<report>
				<misses>260500001</misses>
				<total>109</total>
				<timestamp>2527.928494</timestamp>
			</report>
			<report>
				<misses>260600001</misses>
				<total>109</total>
				<timestamp>2528.896600</timestamp>
			</report>
			<report>
				<misses>260700001</misses>
				<total>109</total>
				<timestamp>2529.865294</timestamp>
			</report>
			<report>
				<misses>260800001</misses>
				<total>109</total>
				<timestamp>2530.833470</timestamp>
			</report>
			<report>
				<misses>260900001</misses>
				<total>109</total>
				<timestamp>2531.801997</timestamp>
			</report>
			<report>
				<misses>261000001</misses>
				<total>109</total>
				<timestamp>2532.770212</timestamp>
			</report>
			<report>
				<misses>261100001</misses>
				<total>109</total>
				<timestamp>2533.738734</timestamp>
			</report>
			<report>
				<misses>261200001</misses>
				<total>109</total>
				<timestamp>2534.706977</timestamp>
			</report>
			<report>
				<misses>261300001</misses>
				<total>109</total>
				<timestamp>2535.675404</timestamp>
			</report>
			<report>
				<misses>261400001</misses>
				<total>109</total>
				<timestamp>2536.643440</timestamp>
			</report>
			<report>
				<misses>261500001</misses>
				<total>109</total>
				<timestamp>2537.611736</timestamp>
			</report>
			<report>
				<misses>261600001</misses>
				<total>109</total>
				<timestamp>2538.579760</timestamp>
			</report>
			<report>
				<misses>261700001</misses>
				<total>109</total>
				<timestamp>2539.547792</timestamp>
			</report>
			<report>
				<misses>261800001</misses>
				<total>109</total>
				<timestamp>2540.516114</timestamp>
			</report>
			<report>
				<misses>261900001</misses>
				<total>109</total>
				<timestamp>2541.484216</timestamp>
			</report>
			<report>
				<misses>262000001</misses>
				<total>109</total>
				<timestamp>2542.452608</timestamp>
			</report>
			<report>
				<misses>262100001</misses>
				<total>109</total>
				<timestamp>2543.420950</timestamp>
			</report>
			<report>
				<misses>262200001</misses>
				<total>109</total>
				<timestamp>2544.389442</timestamp>
			</report>
			<report>
				<misses>262300001</misses>
				<total>109</total>
				<timestamp>2545.357565</timestamp>
			</report>
			<report>
				<misses>262400001</misses>
				<total>109</total>
				<timestamp>2546.326066</timestamp>
			</report>
			<report>
				<misses>262500001</misses>
				<total>109</total>
				<timestamp>2547.294332</timestamp>
			</report>
			<report>
				<misses>262600001</misses>
				<total>109</total>
				<timestamp>2548.262764</timestamp>
			</report>
			<report>
				<misses>262700001</misses>
				<total>109</total>
				<timestamp>2549.231041</timestamp>
			</report>
			<report>
				<misses>262800001</misses>
				<total>109</total>
				<timestamp>2550.199228</timestamp>
			</report>
			<report>
				<misses>262900001</misses>
				<total>109</total>
				<timestamp>2551.167318</timestamp>
			</report>
			<report>
				<misses>263000001</misses>
				<total>109</total>
				<timestamp>2552.135772</timestamp>
			</report>
			<report>
				<misses>263100001</misses>
				<total>109</total>
				<timestamp>2553.104030</timestamp>
			</report>
			<report>
				<misses>263200001</misses>
				<total>109</total>
				<timestamp>2554.072223</timestamp>
			</report>
			<report>
				<misses>263300001</misses>
				<total>109</total>
				<timestamp>2555.040428</timestamp>
			</report>
			<report>
				<misses>263400001</misses>
				<total>109</total>
				<timestamp>2556.008740</timestamp>
			</report>
			<report>
				<misses>263500001</misses>
				<total>109</total>
				<timestamp>2556.977257</timestamp>
			</report>
			<report>
				<misses>263600001</misses>
				<total>109</total>
				<timestamp>2557.945441</timestamp>
			</report>
			<report>
				<misses>263700001</misses>
				<total>109</total>
				<timestamp>2558.913687</timestamp>
			</report>
			<report>
				<misses>263800001</misses>
				<total>109</total>
				<timestamp>2559.882158</timestamp>
			</report>
			<report>
				<misses>263900001</misses>
				<total>109</total>
				<timestamp>2560.850120</timestamp>
			</report>
			<report>
				<misses>264000001</misses>
				<total>109</total>
				<timestamp>2561.818683</timestamp>
			</report>
			<report>
				<misses>264100001</misses>
				<total>109</total>
				<timestamp>2562.786887</timestamp>
			</report>
			<report>
				<misses>264200001</misses>
				<total>109</total>
				<timestamp>2563.755488</timestamp>
			</report>
			<report>
				<misses>264300001</misses>
				<total>109</total>
				<timestamp>2564.723508</timestamp>
			</report>
			<report>
				<misses>264400001</misses>
				<total>109</total>
				<timestamp>2565.692058</timestamp>
			</report>
			<report>
				<misses>264500001</misses>
				<total>109</total>
				<timestamp>2566.660182</timestamp>
			</report>
			<report>
				<misses>264600001</misses>
				<total>109</total>
				<timestamp>2567.628576</timestamp>
			</report>
			<report>
				<misses>264700001</misses>
				<total>109</total>
				<timestamp>2568.596696</timestamp>
			</report>
			<report>
				<misses>264800001</misses>
				<total>109</total>
				<timestamp>2569.565239</timestamp>
			</report>
			<report>
				<misses>264900001</misses>
				<total>109</total>
				<timestamp>2570.533422</timestamp>
			</report>
			<report>
				<misses>265000001</misses>
				<total>109</total>
				<timestamp>2571.501735</timestamp>
			</report>
			<report>
				<misses>265100001</misses>
				<total>109</total>
				<timestamp>2572.469739</timestamp>
			</report>
			<report>
				<misses>265200001</misses>
				<total>109</total>
				<timestamp>2573.438358</timestamp>
			</report>
			<report>
				<misses>265300001</misses>
				<total>109</total>
				<timestamp>2574.406519</timestamp>
			</report>
			<report>
				<misses>265400001</misses>
				<total>109</total>
				<timestamp>2575.374781</timestamp>
			</report>
			<report>
				<misses>265500001</misses>
				<total>109</total>
				<timestamp>2576.342848</timestamp>
			</report>
			<report>
				<misses>265600001</misses>
				<total>109</total>
				<timestamp>2577.311318</timestamp>
			</report>
			<report>
				<misses>265700001</misses>
				<total>109</total>
				<timestamp>2578.279577</timestamp>
			</report>
			<report>
				<misses>265800001</misses>
				<total>109</total>
				<timestamp>2579.247959</timestamp>
			</report>
			<report>
				<misses>265900001</misses>
				<total>109</total>
				<timestamp>2580.216326</timestamp>
			</report>
			<report>
				<misses>266000001</misses>
				<total>109</total>
				<timestamp>2581.185061</timestamp>
			</report>
			<report>
				<misses>266100001</misses>
				<total>109</total>
				<timestamp>2582.153182</timestamp>
			</report>
			<report>
				<misses>266200001</misses>
				<total>109</total>
				<timestamp>2583.121681</timestamp>
			</report>
			<report>
				<misses>266300001</misses>
				<total>109</total>
				<timestamp>2584.089593</timestamp>
			</report>
			<report>
				<misses>266400001</misses>
				<total>109</total>
				<timestamp>2585.057949</timestamp>
			</report>
			<report>
				<misses>266500001</misses>
				<total>109</total>
				<timestamp>2586.026135</timestamp>
			</report>
			<report>
				<misses>266600001</misses>
				<total>109</total>
				<timestamp>2586.994662</timestamp>
			</report>
			<report>
				<misses>266700001</misses>
				<total>109</total>
				<timestamp>2587.962711</timestamp>
			</report>
			<report>
				<misses>266800001</misses>
				<total>109</total>
				<timestamp>2588.931317</timestamp>
			</report>
			<report>
				<misses>266900001</misses>
				<total>109</total>
				<timestamp>2589.899438</timestamp>
			</report>
			<report>
				<misses>267000001</misses>
				<total>109</total>
				<timestamp>2590.868168</timestamp>
			</report>
			<report>
				<misses>267100001</misses>
				<total>109</total>
				<timestamp>2591.836308</timestamp>
			</report>
			<report>
				<misses>267200001</misses>
				<total>109</total>
				<timestamp>2592.804860</timestamp>
			</report>
			<report>
				<misses>267300001</misses>
				<total>109</total>
				<timestamp>2593.772984</timestamp>
			</report>
			<report>
				<misses>267400001</misses>
				<total>109</total>
				<timestamp>2594.741249</timestamp>
			</report>
			<report>
				<misses>267500001</misses>
				<total>109</total>
				<timestamp>2595.709296</timestamp>
			</report>
			<report>
				<misses>267600001</misses>
				<total>109</total>
				<timestamp>2596.677727</timestamp>
			</report>
			<report>
				<misses>267700001</misses>
				<total>109</total>
				<timestamp>2597.645821</timestamp>
			</report>
			<report>
				<misses>267800001</misses>
				<total>109</total>
				<timestamp>2598.614581</timestamp>
			</report>
			<report>
				<misses>267900001</misses>
				<total>109</total>
				<timestamp>2599.582603</timestamp>
			</report>
			<report>
				<misses>268000001</misses>
				<total>109</total>
				<timestamp>2600.551253</timestamp>
			</report>
			<report>
				<misses>268100001</misses>
				<total>109</total>
				<timestamp>2601.519406</timestamp>
			</report>
			<report>
				<misses>268200001</misses>
				<total>109</total>
				<timestamp>2602.487563</timestamp>
			</report>
			<report>
				<misses>268300001</misses>
				<total>109</total>
				<timestamp>2603.456242</timestamp>
			</report>
			<report>
				<misses>268400001</misses>
				<total>109</total>
				<timestamp>2604.424223</timestamp>
			</report>
			<report>
				<misses>268500001</misses>
				<total>109</total>
				<timestamp>2605.392824</timestamp>
			</report>
			<report>
				<misses>268600001</misses>
				<total>109</total>
				<timestamp>2606.361027</timestamp>
			</report>
			<report>
				<misses>268700001</misses>
				<total>109</total>
				<timestamp>2607.329616</timestamp>
			</report>
			<report>
				<misses>268800001</misses>
				<total>109</total>
				<timestamp>2608.297735</timestamp>
			</report>
			<report>
				<misses>268900001</misses>
				<total>109</total>
				<timestamp>2609.266133</timestamp>
			</report>
			<report>
				<misses>269000001</misses>
				<total>109</total>
				<timestamp>2610.234251</timestamp>
			</report>
			<report>
				<misses>269100001</misses>
				<total>109</total>
				<timestamp>2611.202879</timestamp>
			</report>
			<report>
				<misses>269200001</misses>
				<total>109</total>
				<timestamp>2612.170884</timestamp>
			</report>
			<report>
				<misses>269300001</misses>
				<total>109</total>
				<timestamp>2613.139062</timestamp>
			</report>
			<report>
				<misses>269400001</misses>
				<total>109</total>
				<timestamp>2614.107502</timestamp>
			</report>
			<report>
				<misses>269500001</misses>
				<total>109</total>
				<timestamp>2615.075873</timestamp>
			</report>
			<report>
				<misses>269600001</misses>
				<total>109</total>
				<timestamp>2616.044030</timestamp>
			</report>
			<report>
				<misses>269700001</misses>
				<total>109</total>
				<timestamp>2617.012131</timestamp>
			</report>
			<report>
				<misses>269800001</misses>
				<total>109</total>
				<timestamp>2617.980322</timestamp>
			</report>
			<report>
				<misses>269900001</misses>
				<total>109</total>
				<timestamp>2618.948899</timestamp>
			</report>
			<report>
				<misses>270000001</misses>
				<total>109</total>
				<timestamp>2619.916918</timestamp>
			</report>
			<report>
				<misses>270100001</misses>
				<total>109</total>
				<timestamp>2620.885445</timestamp>
			</report>
			<report>
				<misses>270200001</misses>
				<total>109</total>
				<timestamp>2621.853740</timestamp>
			</report>
			<report>
				<misses>270300001</misses>
				<total>109</total>
				<timestamp>2622.822202</timestamp>
			</report>
			<report>
				<misses>270400001</misses>
				<total>109</total>
				<timestamp>2623.790344</timestamp>
			</report>
			<report>
				<misses>270500001</misses>
				<total>109</total>
				<timestamp>2624.758696</timestamp>
			</report>
			<report>
				<misses>270600001</misses>
				<total>109</total>
				<timestamp>2625.726857</timestamp>
			</report>
			<report>
				<misses>270700001</misses>
				<total>109</total>
				<timestamp>2626.694953</timestamp>
			</report>
			<report>
				<misses>270800001</misses>
				<total>109</total>
				<timestamp>2627.662827</timestamp>
			</report>
			<report>
				<misses>270900001</misses>
				<total>109</total>
				<timestamp>2628.631227</timestamp>
			</report>
			<report>
				<misses>271000001</misses>
				<total>109</total>
				<timestamp>2629.599367</timestamp>
			</report>
			<report>
				<misses>271100001</misses>
				<total>109</total>
				<timestamp>2630.567865</timestamp>
			</report>
			<report>
				<misses>271200001</misses>
				<total>109</total>
				<timestamp>2631.536003</timestamp>
			</report>
			<report>
				<misses>271300001</misses>
				<total>109</total>
				<timestamp>2632.504342</timestamp>
			</report>
			<report>
				<misses>271400001</misses>
				<total>109</total>
				<timestamp>2633.472536</timestamp>
			</report>
			<report>
				<misses>271500001</misses>
				<total>109</total>
				<timestamp>2634.441177</timestamp>
			</report>
			<report>
				<misses>271600001</misses>
				<total>109</total>
				<timestamp>2635.409484</timestamp>
			</report>
			<report>
				<misses>271700001</misses>
				<total>109</total>
				<timestamp>2636.378049</timestamp>
			</report>
			<report>
				<misses>271800001</misses>
				<total>109</total>
				<timestamp>2637.346076</timestamp>
			</report>
			<report>
				<misses>271900001</misses>
				<total>109</total>
				<timestamp>2638.314285</timestamp>
			</report>
			<report>
				<misses>272000001</misses>
				<total>109</total>
				<timestamp>2639.282397</timestamp>
			</report>
			<report>
				<misses>272100001</misses>
				<total>109</total>
				<timestamp>2640.250843</timestamp>
			</report>
			<report>
				<misses>272200001</misses>
				<total>109</total>
				<timestamp>2641.218946</timestamp>
			</report>
			<report>
				<misses>272300001</misses>
				<total>109</total>
				<timestamp>2642.187561</timestamp>
			</report>
			<report>
				<misses>272400001</misses>
				<total>109</total>
				<timestamp>2643.155780</timestamp>
			</report>
			<report>
				<misses>272500001</misses>
				<total>109</total>
				<timestamp>2644.124374</timestamp>
			</report>
			<report>
				<misses>272600001</misses>
				<total>109</total>
				<timestamp>2645.092533</timestamp>
			</report>
			<report>
				<misses>272700001</misses>
				<total>109</total>
				<timestamp>2646.060499</timestamp>
			</report>
			<report>
				<misses>272800001</misses>
				<total>109</total>
				<timestamp>2647.028673</timestamp>
			</report>
			<report>
				<misses>272900001</misses>
				<total>109</total>
				<timestamp>2647.997125</timestamp>
			</report>
			<report>
				<misses>273000001</misses>
				<total>109</total>
				<timestamp>2648.965193</timestamp>
			</report>
			<report>
				<misses>273100001</misses>
				<total>109</total>
				<timestamp>2649.933767</timestamp>
			</report>
			<report>
				<misses>273200001</misses>
				<total>109</total>
				<timestamp>2650.901932</timestamp>
			</report>
			<report>
				<misses>273300001</misses>
				<total>109</total>
				<timestamp>2651.870056</timestamp>
			</report>
			<report>
				<misses>273400001</misses>
				<total>109</total>
				<timestamp>2652.838208</timestamp>
			</report>
			<report>
				<misses>273500001</misses>
				<total>109</total>
				<timestamp>2653.806629</timestamp>
			</report>
			<report>
				<misses>273600001</misses>
				<total>109</total>
				<timestamp>2654.775207</timestamp>
			</report>
			<report>
				<misses>273700001</misses>
				<total>109</total>
				<timestamp>2655.743243</timestamp>
			</report>
			<report>
				<misses>273800001</misses>
				<total>109</total>
				<timestamp>2656.711542</timestamp>
			</report>
			<report>
				<misses>273900001</misses>
				<total>109</total>
				<timestamp>2657.679646</timestamp>
			</report>
			<report>
				<misses>274000001</misses>
				<total>109</total>
				<timestamp>2658.648243</timestamp>
			</report>
			<report>
				<misses>274100001</misses>
				<total>109</total>
				<timestamp>2659.616504</timestamp>
			</report>
			<report>
				<misses>274200001</misses>
				<total>109</total>
				<timestamp>2660.585127</timestamp>
			</report>
			<report>
				<misses>274300001</misses>
				<total>109</total>
				<timestamp>2661.553303</timestamp>
			</report>
			<report>
				<misses>274400001</misses>
				<total>109</total>
				<timestamp>2662.521884</timestamp>
			</report>
			<report>
				<misses>274500001</misses>
				<total>109</total>
				<timestamp>2663.489908</timestamp>
			</report>
			<report>
				<misses>274600001</misses>
				<total>109</total>
				<timestamp>2664.457892</timestamp>
			</report>
			<report>
				<misses>274700001</misses>
				<total>109</total>
				<timestamp>2665.426149</timestamp>
			</report>
			<report>
				<misses>274800001</misses>
				<total>109</total>
				<timestamp>2666.394725</timestamp>
			</report>
			<report>
				<misses>274900001</misses>
				<total>109</total>
				<timestamp>2667.362871</timestamp>
			</report>
			<report>
				<misses>275000001</misses>
				<total>109</total>
				<timestamp>2668.331435</timestamp>
			</report>
			<report>
				<misses>275100001</misses>
				<total>109</total>
				<timestamp>2669.299532</timestamp>
			</report>
			<report>
				<misses>275200001</misses>
				<total>109</total>
				<timestamp>2670.267617</timestamp>
			</report>
			<report>
				<misses>275300001</misses>
				<total>109</total>
				<timestamp>2671.235799</timestamp>
			</report>
			<report>
				<misses>275400001</misses>
				<total>109</total>
				<timestamp>2672.204194</timestamp>
			</report>
			<report>
				<misses>275500001</misses>
				<total>109</total>
				<timestamp>2673.172298</timestamp>
			</report>
			<report>
				<misses>275600001</misses>
				<total>109</total>
				<timestamp>2674.140673</timestamp>
			</report>
			<report>
				<misses>275700001</misses>
				<total>109</total>
				<timestamp>2675.108761</timestamp>
			</report>
			<report>
				<misses>275800001</misses>
				<total>109</total>
				<timestamp>2676.077201</timestamp>
			</report>
			<report>
				<misses>275900001</misses>
				<total>109</total>
				<timestamp>2677.045295</timestamp>
			</report>
			<report>
				<misses>276000001</misses>
				<total>109</total>
				<timestamp>2678.013847</timestamp>
			</report>
			<report>
				<misses>276100001</misses>
				<total>109</total>
				<timestamp>2678.981791</timestamp>
			</report>
			<report>
				<misses>276200001</misses>
				<total>109</total>
				<timestamp>2679.950413</timestamp>
			</report>
			<report>
				<misses>276300001</misses>
				<total>109</total>
				<timestamp>2680.918391</timestamp>
			</report>
			<report>
				<misses>276400001</misses>
				<total>109</total>
				<timestamp>2681.886989</timestamp>
			</report>
			<report>
				<misses>276500001</misses>
				<total>109</total>
				<timestamp>2682.855029</timestamp>
			</report>
			<report>
				<misses>276600001</misses>
				<total>109</total>
				<timestamp>2683.823391</timestamp>
			</report>
			<report>
				<misses>276700001</misses>
				<total>109</total>
				<timestamp>2684.791732</timestamp>
			</report>
			<report>
				<misses>276800001</misses>
				<total>109</total>
				<timestamp>2685.760006</timestamp>
			</report>
			<report>
				<misses>276900001</misses>
				<total>109</total>
				<timestamp>2686.728160</timestamp>
			</report>
			<report>
				<misses>277000001</misses>
				<total>109</total>
				<timestamp>2687.696602</timestamp>
			</report>
			<report>
				<misses>277100001</misses>
				<total>109</total>
				<timestamp>2688.664670</timestamp>
			</report>
			<report>
				<misses>277200001</misses>
				<total>109</total>
				<timestamp>2689.632739</timestamp>
			</report>
			<report>
				<misses>277300001</misses>
				<total>109</total>
				<timestamp>2690.600859</timestamp>
			</report>
			<report>
				<misses>277400001</misses>
				<total>109</total>
				<timestamp>2691.569554</timestamp>
			</report>
			<report>
				<misses>277500001</misses>
				<total>109</total>
				<timestamp>2692.537581</timestamp>
			</report>
			<report>
				<misses>277600001</misses>
				<total>109</total>
				<timestamp>2693.505828</timestamp>
			</report>
			<report>
				<misses>277700001</misses>
				<total>109</total>
				<timestamp>2694.474487</timestamp>
			</report>
			<report>
				<misses>277800001</misses>
				<total>109</total>
				<timestamp>2695.442473</timestamp>
			</report>
			<report>
				<misses>277900001</misses>
				<total>109</total>
				<timestamp>2696.410906</timestamp>
			</report>
			<report>
				<misses>278000001</misses>
				<total>109</total>
				<timestamp>2697.379319</timestamp>
			</report>
			<report>
				<misses>278100001</misses>
				<total>109</total>
				<timestamp>2698.347782</timestamp>
			</report>
			<report>
				<misses>278200001</misses>
				<total>109</total>
				<timestamp>2699.316005</timestamp>
			</report>
			<report>
				<misses>278300001</misses>
				<total>109</total>
				<timestamp>2700.284625</timestamp>
			</report>
			<report>
				<misses>278400001</misses>
				<total>109</total>
				<timestamp>2701.252771</timestamp>
			</report>
			<report>
				<misses>278500001</misses>
				<total>109</total>
				<timestamp>2702.221300</timestamp>
			</report>
			<report>
				<misses>278600001</misses>
				<total>109</total>
				<timestamp>2703.189415</timestamp>
			</report>
			<report>
				<misses>278700001</misses>
				<total>109</total>
				<timestamp>2704.157673</timestamp>
			</report>
			<report>
				<misses>278800001</misses>
				<total>109</total>
				<timestamp>2705.125947</timestamp>
			</report>
			<report>
				<misses>278900001</misses>
				<total>109</total>
				<timestamp>2706.094230</timestamp>
			</report>
			<report>
				<misses>279000001</misses>
				<total>109</total>
				<timestamp>2707.062315</timestamp>
			</report>
			<report>
				<misses>279100001</misses>
				<total>109</total>
				<timestamp>2708.030673</timestamp>
			</report>
			<report>
				<misses>279200001</misses>
				<total>109</total>
				<timestamp>2708.998623</timestamp>
			</report>
			<report>
				<misses>279300001</misses>
				<total>109</total>
				<timestamp>2709.967153</timestamp>
			</report>
			<report>
				<misses>279400001</misses>
				<total>109</total>
				<timestamp>2710.935163</timestamp>
			</report>
			<report>
				<misses>279500001</misses>
				<total>109</total>
				<timestamp>2711.903685</timestamp>
			</report>
			<report>
				<misses>279600001</misses>
				<total>109</total>
				<timestamp>2712.871743</timestamp>
			</report>
			<report>
				<misses>279700001</misses>
				<total>109</total>
				<timestamp>2713.840149</timestamp>
			</report>
			<report>
				<misses>279800001</misses>
				<total>109</total>
				<timestamp>2714.808283</timestamp>
			</report>
			<report>
				<misses>279900001</misses>
				<total>109</total>
				<timestamp>2715.776796</timestamp>
			</report>
			<report>
				<misses>280000001</misses>
				<total>109</total>
				<timestamp>2716.745001</timestamp>
			</report>
			<report>
				<misses>280100001</misses>
				<total>109</total>
				<timestamp>2717.713435</timestamp>
			</report>
			<report>
				<misses>280200001</misses>
				<total>109</total>
				<timestamp>2718.681582</timestamp>
			</report>
			<report>
				<misses>280300001</misses>
				<total>109</total>
				<timestamp>2719.650005</timestamp>
			</report>
			<report>
				<misses>280400001</misses>
				<total>109</total>
				<timestamp>2720.618229</timestamp>
			</report>
			<report>
				<misses>280500001</misses>
				<total>109</total>
				<timestamp>2721.586646</timestamp>
			</report>
			<report>
				<misses>280600001</misses>
				<total>109</total>
				<timestamp>2722.554673</timestamp>
			</report>
			<report>
				<misses>280700001</misses>
				<total>109</total>
				<timestamp>2723.522850</timestamp>
			</report>
			<report>
				<misses>280800001</misses>
				<total>109</total>
				<timestamp>2724.490900</timestamp>
			</report>
			<report>
				<misses>280900001</misses>
				<total>109</total>
				<timestamp>2725.459347</timestamp>
			</report>
			<report>
				<misses>281000001</misses>
				<total>109</total>
				<timestamp>2726.427513</timestamp>
			</report>
			<report>
				<misses>281100001</misses>
				<total>109</total>
				<timestamp>2727.395476</timestamp>
			</report>
			<report>
				<misses>281200001</misses>
				<total>109</total>
				<timestamp>2728.363570</timestamp>
			</report>
			<report>
				<misses>281300001</misses>
				<total>109</total>
				<timestamp>2729.331842</timestamp>
			</report>
			<report>
				<misses>281400001</misses>
				<total>109</total>
				<timestamp>2730.300020</timestamp>
			</report>
			<report>
				<misses>281500001</misses>
				<total>109</total>
				<timestamp>2731.268641</timestamp>
			</report>
			<report>
				<misses>281600001</misses>
				<total>109</total>
				<timestamp>2732.237075</timestamp>
			</report>
			<report>
				<misses>281700001</misses>
				<total>109</total>
				<timestamp>2733.205813</timestamp>
			</report>
			<report>
				<misses>281800001</misses>
				<total>109</total>
				<timestamp>2734.173970</timestamp>
			</report>
			<report>
				<misses>281900001</misses>
				<total>109</total>
				<timestamp>2735.142111</timestamp>
			</report>
			<report>
				<misses>282000001</misses>
				<total>109</total>
				<timestamp>2736.110344</timestamp>
			</report>
			<report>
				<misses>282100001</misses>
				<total>109</total>
				<timestamp>2737.078974</timestamp>
			</report>
			<report>
				<misses>282200001</misses>
				<total>109</total>
				<timestamp>2738.046786</timestamp>
			</report>
			<report>
				<misses>282300001</misses>
				<total>109</total>
				<timestamp>2739.015456</timestamp>
			</report>
			<report>
				<misses>282400001</misses>
				<total>109</total>
				<timestamp>2739.983782</timestamp>
			</report>
			<report>
				<misses>282500001</misses>
				<total>109</total>
				<timestamp>2740.952485</timestamp>
			</report>
			<report>
				<misses>282600001</misses>
				<total>109</total>
				<timestamp>2741.920745</timestamp>
			</report>
			<report>
				<misses>282700001</misses>
				<total>109</total>
				<timestamp>2742.889276</timestamp>
			</report>
			<report>
				<misses>282800001</misses>
				<total>109</total>
				<timestamp>2743.857660</timestamp>
			</report>
			<report>
				<misses>282900001</misses>
				<total>109</total>
				<timestamp>2744.825913</timestamp>
			</report>
			<report>
				<misses>283000001</misses>
				<total>109</total>
				<timestamp>2745.794073</timestamp>
			</report>
			<report>
				<misses>283100001</misses>
				<total>109</total>
				<timestamp>2746.762391</timestamp>
			</report>
			<report>
				<misses>283200001</misses>
				<total>109</total>
				<timestamp>2747.730454</timestamp>
			</report>
			<report>
				<misses>283300001</misses>
				<total>109</total>
				<timestamp>2748.699005</timestamp>
			</report>
			<report>
				<misses>283400001</misses>
				<total>109</total>
				<timestamp>2749.667100</timestamp>
			</report>
			<report>
				<misses>283500001</misses>
				<total>109</total>
				<timestamp>2750.635924</timestamp>
			</report>
			<report>
				<misses>283600001</misses>
				<total>109</total>
				<timestamp>2751.603943</timestamp>
			</report>
			<report>
				<misses>283700001</misses>
				<total>109</total>
				<timestamp>2752.572698</timestamp>
			</report>
			<report>
				<misses>283800001</misses>
				<total>109</total>
				<timestamp>2753.540813</timestamp>
			</report>
			<report>
				<misses>283900001</misses>
				<total>109</total>
				<timestamp>2754.509407</timestamp>
			</report>
			<report>
				<misses>284000001</misses>
				<total>109</total>
				<timestamp>2755.477678</timestamp>
			</report>
			<report>
				<misses>284100001</misses>
				<total>109</total>
				<timestamp>2756.446180</timestamp>
			</report>
			<report>
				<misses>284200001</misses>
				<total>109</total>
				<timestamp>2757.414644</timestamp>
			</report>
			<report>
				<misses>284300001</misses>
				<total>109</total>
				<timestamp>2758.383215</timestamp>
			</report>
			<report>
				<misses>284400001</misses>
				<total>109</total>
				<timestamp>2759.351155</timestamp>
			</report>
			<report>
				<misses>284500001</misses>
				<total>109</total>
				<timestamp>2760.319309</timestamp>
			</report>
			<report>
				<misses>284600001</misses>
				<total>109</total>
				<timestamp>2761.287802</timestamp>
			</report>
			<report>
				<misses>284700001</misses>
				<total>109</total>
				<timestamp>2762.256030</timestamp>
			</report>
			<report>
				<misses>284800001</misses>
				<total>109</total>
				<timestamp>2763.224393</timestamp>
			</report>
			<report>
				<misses>284900001</misses>
				<total>109</total>
				<timestamp>2764.192583</timestamp>
			</report>
			<report>
				<misses>285000001</misses>
				<total>109</total>
				<timestamp>2765.161065</timestamp>
			</report>
			<report>
				<misses>285100001</misses>
				<total>109</total>
				<timestamp>2766.129161</timestamp>
			</report>
			<report>
				<misses>285200001</misses>
				<total>109</total>
				<timestamp>2767.097768</timestamp>
			</report>
			<report>
				<misses>285300001</misses>
				<total>109</total>
				<timestamp>2768.066020</timestamp>
			</report>
			<report>
				<misses>285400001</misses>
				<total>109</total>
				<timestamp>2769.034526</timestamp>
			</report>
			<report>
				<misses>285500001</misses>
				<total>109</total>
				<timestamp>2770.002478</timestamp>
			</report>
			<report>
				<misses>285600001</misses>
				<total>109</total>
				<timestamp>2770.971127</timestamp>
			</report>
			<report>
				<misses>285700001</misses>
				<total>109</total>
				<timestamp>2771.939413</timestamp>
			</report>
			<report>
				<misses>285800001</misses>
				<total>109</total>
				<timestamp>2772.908089</timestamp>
			</report>
			<report>
				<misses>285900001</misses>
				<total>109</total>
				<timestamp>2773.876068</timestamp>
			</report>
			<report>
				<misses>286000001</misses>
				<total>109</total>
				<timestamp>2774.844585</timestamp>
			</report>
			<report>
				<misses>286100001</misses>
				<total>109</total>
				<timestamp>2775.812630</timestamp>
			</report>
			<report>
				<misses>286200001</misses>
				<total>109</total>
				<timestamp>2776.781243</timestamp>
			</report>
			<report>
				<misses>286300001</misses>
				<total>109</total>
				<timestamp>2777.749315</timestamp>
			</report>
			<report>
				<misses>286400001</misses>
				<total>109</total>
				<timestamp>2778.717652</timestamp>
			</report>
			<report>
				<misses>286500001</misses>
				<total>109</total>
				<timestamp>2779.685678</timestamp>
			</report>
			<report>
				<misses>286600001</misses>
				<total>109</total>
				<timestamp>2780.653712</timestamp>
			</report>
			<report>
				<misses>286700001</misses>
				<total>109</total>
				<timestamp>2781.621892</timestamp>
			</report>
			<report>
				<misses>286800001</misses>
				<total>109</total>
				<timestamp>2782.590041</timestamp>
			</report>
			<report>
				<misses>286900001</misses>
				<total>109</total>
				<timestamp>2783.558128</timestamp>
			</report>
			<report>
				<misses>287000001</misses>
				<total>109</total>
				<timestamp>2784.526611</timestamp>
			</report>
			<report>
				<misses>287100001</misses>
				<total>109</total>
				<timestamp>2785.494731</timestamp>
			</report>
			<report>
				<misses>287200001</misses>
				<total>109</total>
				<timestamp>2786.463109</timestamp>
			</report>
			<report>
				<misses>287300001</misses>
				<total>109</total>
				<timestamp>2787.431450</timestamp>
			</report>
			<report>
				<misses>287400001</misses>
				<total>109</total>
				<timestamp>2788.399940</timestamp>
			</report>
			<report>
				<misses>287500001</misses>
				<total>109</total>
				<timestamp>2789.368097</timestamp>
			</report>
			<report>
				<misses>287600001</misses>
				<total>109</total>
				<timestamp>2790.336814</timestamp>
			</report>
			<report>
				<misses>287700001</misses>
				<total>109</total>
				<timestamp>2791.304946</timestamp>
			</report>
			<report>
				<misses>287800001</misses>
				<total>109</total>
				<timestamp>2792.273542</timestamp>
			</report>
			<report>
				<misses>287900001</misses>
				<total>109</total>
				<timestamp>2793.241794</timestamp>
			</report>
			<report>
				<misses>288000001</misses>
				<total>109</total>
				<timestamp>2794.210346</timestamp>
			</report>
			<report>
				<misses>288100001</misses>
				<total>109</total>
				<timestamp>2795.178519</timestamp>
			</report>
			<report>
				<misses>288200001</misses>
				<total>109</total>
				<timestamp>2796.146716</timestamp>
			</report>
			<report>
				<misses>288300001</misses>
				<total>109</total>
				<timestamp>2797.114892</timestamp>
			</report>
			<report>
				<misses>288400001</misses>
				<total>109</total>
				<timestamp>2798.083461</timestamp>
			</report>
			<report>
				<misses>288500001</misses>
				<total>109</total>
				<timestamp>2799.051538</timestamp>
			</report>
			<report>
				<misses>288600001</misses>
				<total>109</total>
				<timestamp>2800.020155</timestamp>
			</report>
			<report>
				<misses>288700001</misses>
				<total>109</total>
				<timestamp>2800.988441</timestamp>
			</report>
			<report>
				<misses>288800001</misses>
				<total>109</total>
				<timestamp>2801.956800</timestamp>
			</report>
			<report>
				<misses>288900001</misses>
				<total>109</total>
				<timestamp>2802.924807</timestamp>
			</report>
			<report>
				<misses>289000001</misses>
				<total>109</total>
				<timestamp>2803.893226</timestamp>
			</report>
			<report>
				<misses>289100001</misses>
				<total>109</total>
				<timestamp>2804.861362</timestamp>
			</report>
			<report>
				<misses>289200001</misses>
				<total>109</total>
				<timestamp>2805.829689</timestamp>
			</report>
			<report>
				<misses>289300001</misses>
				<total>109</total>
				<timestamp>2806.798046</timestamp>
			</report>
			<report>
				<misses>289400001</misses>
				<total>109</total>
				<timestamp>2807.766628</timestamp>
			</report>
			<report>
				<misses>289500001</misses>
				<total>109</total>
				<timestamp>2808.734780</timestamp>
			</report>
			<report>
				<misses>289600001</misses>
				<total>109</total>
				<timestamp>2809.703024</timestamp>
			</report>
			<report>
				<misses>289700001</misses>
				<total>109</total>
				<timestamp>2810.671155</timestamp>
			</report>
			<report>
				<misses>289800001</misses>
				<total>109</total>
				<timestamp>2811.639891</timestamp>
			</report>
			<report>
				<misses>289900001</misses>
				<total>109</total>
				<timestamp>2812.607925</timestamp>
			</report>
			<report>
				<misses>290000001</misses>
				<total>109</total>
				<timestamp>2813.576150</timestamp>
			</report>
			<report>
				<misses>290100001</misses>
				<total>109</total>
				<timestamp>2814.544596</timestamp>
			</report>
			<report>
				<misses>290200001</misses>
				<total>109</total>
				<timestamp>2815.512615</timestamp>
			</report>
			<report>
				<misses>290300001</misses>
				<total>109</total>
				<timestamp>2816.481203</timestamp>
			</report>
			<report>
				<misses>290400001</misses>
				<total>109</total>
				<timestamp>2817.449527</timestamp>
			</report>
			<report>
				<misses>290500001</misses>
				<total>109</total>
				<timestamp>2818.417716</timestamp>
			</report>
			<report>
				<misses>290600001</misses>
				<total>109</total>
				<timestamp>2819.385948</timestamp>
			</report>
			<report>
				<misses>290700001</misses>
				<total>109</total>
				<timestamp>2820.354560</timestamp>
			</report>
			<report>
				<misses>290800001</misses>
				<total>109</total>
				<timestamp>2821.322779</timestamp>
			</report>
			<report>
				<misses>290900001</misses>
				<total>109</total>
				<timestamp>2822.291278</timestamp>
			</report>
			<report>
				<misses>291000001</misses>
				<total>109</total>
				<timestamp>2823.259444</timestamp>
			</report>
			<report>
				<misses>291100001</misses>
				<total>109</total>
				<timestamp>2824.227894</timestamp>
			</report>
			<report>
				<misses>291200001</misses>
				<total>109</total>
				<timestamp>2825.195817</timestamp>
			</report>
			<report>
				<misses>291300001</misses>
				<total>109</total>
				<timestamp>2826.164232</timestamp>
			</report>
			<report>
				<misses>291400001</misses>
				<total>109</total>
				<timestamp>2827.132279</timestamp>
			</report>
			<report>
				<misses>291500001</misses>
				<total>109</total>
				<timestamp>2828.100656</timestamp>
			</report>
			<report>
				<misses>291600001</misses>
				<total>109</total>
				<timestamp>2829.068681</timestamp>
			</report>
			<report>
				<misses>291700001</misses>
				<total>109</total>
				<timestamp>2830.037125</timestamp>
			</report>
			<report>
				<misses>291800001</misses>
				<total>109</total>
				<timestamp>2831.005356</timestamp>
			</report>
			<report>
				<misses>291900001</misses>
				<total>109</total>
				<timestamp>2831.973996</timestamp>
			</report>
			<report>
				<misses>292000001</misses>
				<total>109</total>
				<timestamp>2832.942222</timestamp>
			</report>
			<report>
				<misses>292100001</misses>
				<total>109</total>
				<timestamp>2833.910630</timestamp>
			</report>
			<report>
				<misses>292200001</misses>
				<total>109</total>
				<timestamp>2834.878845</timestamp>
			</report>
			<report>
				<misses>292300001</misses>
				<total>109</total>
				<timestamp>2835.847510</timestamp>
			</report>
			<report>
				<misses>292400001</misses>
				<total>109</total>
				<timestamp>2836.815598</timestamp>
			</report>
			<report>
				<misses>292500001</misses>
				<total>109</total>
				<timestamp>2837.784307</timestamp>
			</report>
			<report>
				<misses>292600001</misses>
				<total>109</total>
				<timestamp>2838.752501</timestamp>
			</report>
			<report>
				<misses>292700001</misses>
				<total>109</total>
				<timestamp>2839.721070</timestamp>
			</report>
			<report>
				<misses>292800001</misses>
				<total>109</total>
				<timestamp>2840.689396</timestamp>
			</report>
			<report>
				<misses>292900001</misses>
				<total>109</total>
				<timestamp>2841.657951</timestamp>
			</report>
			<report>
				<misses>293000001</misses>
				<total>109</total>
				<timestamp>2842.626108</timestamp>
			</report>
			<report>
				<misses>293100001</misses>
				<total>109</total>
				<timestamp>2843.594331</timestamp>
			</report>
			<report>
				<misses>293200001</misses>
				<total>109</total>
				<timestamp>2844.562584</timestamp>
			</report>
			<report>
				<misses>293300001</misses>
				<total>109</total>
				<timestamp>2845.530983</timestamp>
			</report>
			<report>
				<misses>293400001</misses>
				<total>109</total>
				<timestamp>2846.499236</timestamp>
			</report>
			<report>
				<misses>293500001</misses>
				<total>109</total>
				<timestamp>2847.467548</timestamp>
			</report>
			<report>
				<misses>293600001</misses>
				<total>109</total>
				<timestamp>2848.435697</timestamp>
			</report>
			<report>
				<misses>293700001</misses>
				<total>109</total>
				<timestamp>2849.403831</timestamp>
			</report>
			<report>
				<misses>293800001</misses>
				<total>109</total>
				<timestamp>2850.371913</timestamp>
			</report>
			<report>
				<misses>293900001</misses>
				<total>109</total>
				<timestamp>2851.340261</timestamp>
			</report>
			<report>
				<misses>294000001</misses>
				<total>109</total>
				<timestamp>2852.308410</timestamp>
			</report>
			<report>
				<misses>294100001</misses>
				<total>109</total>
				<timestamp>2853.276619</timestamp>
			</report>
			<report>
				<misses>294200001</misses>
				<total>109</total>
				<timestamp>2854.245370</timestamp>
			</report>
			<report>
				<misses>294300001</misses>
				<total>109</total>
				<timestamp>2855.213421</timestamp>
			</report>
			<report>
				<misses>294400001</misses>
				<total>109</total>
				<timestamp>2856.181818</timestamp>
			</report>
			<report>
				<misses>294500001</misses>
				<total>109</total>
				<timestamp>2857.149892</timestamp>
			</report>
			<report>
				<misses>294600001</misses>
				<total>109</total>
				<timestamp>2858.118375</timestamp>
			</report>
			<report>
				<misses>294700001</misses>
				<total>109</total>
				<timestamp>2859.086397</timestamp>
			</report>
			<report>
				<misses>294800001</misses>
				<total>109</total>
				<timestamp>2860.054493</timestamp>
			</report>
			<report>
				<misses>294900001</misses>
				<total>109</total>
				<timestamp>2861.022617</timestamp>
			</report>
			<report>
				<misses>295000001</misses>
				<total>109</total>
				<timestamp>2861.991044</timestamp>
			</report>
			<report>
				<misses>295100001</misses>
				<total>109</total>
				<timestamp>2862.959099</timestamp>
			</report>
			<report>
				<misses>295200001</misses>
				<total>109</total>
				<timestamp>2863.927166</timestamp>
			</report>
			<report>
				<misses>295300001</misses>
				<total>109</total>
				<timestamp>2864.895564</timestamp>
			</report>
			<report>
				<misses>295400001</misses>
				<total>109</total>
				<timestamp>2865.864111</timestamp>
			</report>
			<report>
				<misses>295500001</misses>
				<total>109</total>
				<timestamp>2866.832268</timestamp>
			</report>
			<report>
				<misses>295600001</misses>
				<total>109</total>
				<timestamp>2867.800380</timestamp>
			</report>
			<report>
				<misses>295700001</misses>
				<total>109</total>
				<timestamp>2868.768402</timestamp>
			</report>
			<report>
				<misses>295800001</misses>
				<total>109</total>
				<timestamp>2869.736562</timestamp>
			</report>
			<report>
				<misses>295900001</misses>
				<total>109</total>
				<timestamp>2870.704812</timestamp>
			</report>
			<report>
				<misses>296000001</misses>
				<total>109</total>
				<timestamp>2871.672877</timestamp>
			</report>
			<report>
				<misses>296100001</misses>
				<total>109</total>
				<timestamp>2872.641263</timestamp>
			</report>
			<report>
				<misses>296200001</misses>
				<total>109</total>
				<timestamp>2873.609326</timestamp>
			</report>
			<report>
				<misses>296300001</misses>
				<total>109</total>
				<timestamp>2874.577671</timestamp>
			</report>
			<report>
				<misses>296400001</misses>
				<total>109</total>
				<timestamp>2875.545756</timestamp>
			</report>
			<report>
				<misses>296500001</misses>
				<total>109</total>
				<timestamp>2876.514332</timestamp>
			</report>
			<report>
				<misses>296600001</misses>
				<total>109</total>
				<timestamp>2877.482399</timestamp>
			</report>
			<report>
				<misses>296700001</misses>
				<total>109</total>
				<timestamp>2878.450927</timestamp>
			</report>
			<report>
				<misses>296800001</misses>
				<total>109</total>
				<timestamp>2879.419094</timestamp>
			</report>
			<report>
				<misses>296900001</misses>
				<total>109</total>
				<timestamp>2880.387247</timestamp>
			</report>
			<report>
				<misses>297000001</misses>
				<total>109</total>
				<timestamp>2881.355275</timestamp>
			</report>
			<report>
				<misses>297100001</misses>
				<total>109</total>
				<timestamp>2882.323448</timestamp>
			</report>
			<report>
				<misses>297200001</misses>
				<total>109</total>
				<timestamp>2883.291617</timestamp>
			</report>
			<report>
				<misses>297300001</misses>
				<total>109</total>
				<timestamp>2884.260282</timestamp>
			</report>
			<report>
				<misses>297400001</misses>
				<total>109</total>
				<timestamp>2885.228332</timestamp>
			</report>
			<report>
				<misses>297500001</misses>
				<total>109</total>
				<timestamp>2886.196711</timestamp>
			</report>
			<report>
				<misses>297600001</misses>
				<total>109</total>
				<timestamp>2887.164742</timestamp>
			</report>
			<report>
				<misses>297700001</misses>
				<total>109</total>
				<timestamp>2888.132989</timestamp>
			</report>
			<report>
				<misses>297800001</misses>
				<total>109</total>
				<timestamp>2889.101255</timestamp>
			</report>
			<report>
				<misses>297900001</misses>
				<total>109</total>
				<timestamp>2890.069681</timestamp>
			</report>
			<report>
				<misses>298000001</misses>
				<total>109</total>
				<timestamp>2891.037977</timestamp>
			</report>
			<report>
				<misses>298100001</misses>
				<total>109</total>
				<timestamp>2892.006248</timestamp>
			</report>
			<report>
				<misses>298200001</misses>
				<total>109</total>
				<timestamp>2892.974394</timestamp>
			</report>
			<report>
				<misses>298300001</misses>
				<total>109</total>
				<timestamp>2893.942961</timestamp>
			</report>
			<report>
				<misses>298400001</misses>
				<total>109</total>
				<timestamp>2894.911187</timestamp>
			</report>
			<report>
				<misses>298500001</misses>
				<total>109</total>
				<timestamp>2895.879787</timestamp>
			</report>
			<report>
				<misses>298600001</misses>
				<total>109</total>
				<timestamp>2896.848155</timestamp>
			</report>
			<report>
				<misses>298700001</misses>
				<total>109</total>
				<timestamp>2897.817030</timestamp>
			</report>
			<report>
				<misses>298800001</misses>
				<total>109</total>
				<timestamp>2898.785032</timestamp>
			</report>
			<report>
				<misses>298900001</misses>
				<total>109</total>
				<timestamp>2899.753438</timestamp>
			</report>
			<report>
				<misses>299000001</misses>
				<total>109</total>
				<timestamp>2900.721612</timestamp>
			</report>
			<report>
				<misses>299100001</misses>
				<total>109</total>
				<timestamp>2901.690199</timestamp>
			</report>
			<report>
				<misses>299200001</misses>
				<total>109</total>
				<timestamp>2902.658354</timestamp>
			</report>
			<report>
				<misses>299300001</misses>
				<total>109</total>
				<timestamp>2903.626559</timestamp>
			</report>
			<report>
				<misses>299400001</misses>
				<total>109</total>
				<timestamp>2904.595002</timestamp>
			</report>
			<report>
				<misses>299500001</misses>
				<total>109</total>
				<timestamp>2905.563158</timestamp>
			</report>
			<report>
				<misses>299600001</misses>
				<total>109</total>
				<timestamp>2906.531521</timestamp>
			</report>
			<report>
				<misses>299700001</misses>
				<total>109</total>
				<timestamp>2907.499966</timestamp>
			</report>
			<report>
				<misses>299800001</misses>
				<total>109</total>
				<timestamp>2908.468152</timestamp>
			</report>
			<report>
				<misses>299900001</misses>
				<total>109</total>
				<timestamp>2909.436574</timestamp>
			</report>
			<report>
				<misses>300000001</misses>
				<total>109</total>
				<timestamp>2910.405017</timestamp>
			</report>
			<report>
				<misses>300100001</misses>
				<total>109</total>
				<timestamp>2911.373619</timestamp>
			</report>
			<report>
				<misses>300200001</misses>
				<total>109</total>
				<timestamp>2912.341676</timestamp>
			</report>
			<report>
				<misses>300300001</misses>
				<total>109</total>
				<timestamp>2913.310150</timestamp>
			</report>
			<report>
				<misses>300400001</misses>
				<total>109</total>
				<timestamp>2914.278360</timestamp>
			</report>
			<report>
				<misses>300500001</misses>
				<total>109</total>
				<timestamp>2915.246919</timestamp>
			</report>
			<report>
				<misses>300600001</misses>
				<total>109</total>
				<timestamp>2916.215210</timestamp>
			</report>
			<report>
				<misses>300700001</misses>
				<total>109</total>
				<timestamp>2917.183617</timestamp>
			</report>
			<report>
				<misses>300800001</misses>
				<total>109</total>
				<timestamp>2918.151721</timestamp>
			</report>
			<report>
				<misses>300900001</misses>
				<total>109</total>
				<timestamp>2919.120144</timestamp>
			</report>
			<report>
				<misses>301000001</misses>
				<total>109</total>
				<timestamp>2920.088273</timestamp>
			</report>
			<report>
				<misses>301100001</misses>
				<total>109</total>
				<timestamp>2921.056658</timestamp>
			</report>
			<report>
				<misses>301200001</misses>
				<total>109</total>
				<timestamp>2922.024726</timestamp>
			</report>
			<report>
				<misses>301300001</misses>
				<total>109</total>
				<timestamp>2922.993261</timestamp>
			</report>
			<report>
				<misses>301400001</misses>
				<total>109</total>
				<timestamp>2923.961307</timestamp>
			</report>
			<report>
				<misses>301500001</misses>
				<total>109</total>
				<timestamp>2924.929717</timestamp>
			</report>
			<report>
				<misses>301600001</misses>
				<total>109</total>
				<timestamp>2925.897701</timestamp>
			</report>
			<report>
				<misses>301700001</misses>
				<total>109</total>
				<timestamp>2926.866354</timestamp>
			</report>
			<report>
				<misses>301800001</misses>
				<total>109</total>
				<timestamp>2927.834558</timestamp>
			</report>
			<report>
				<misses>301900001</misses>
				<total>109</total>
				<timestamp>2928.803183</timestamp>
			</report>
			<report>
				<misses>302000001</misses>
				<total>109</total>
				<timestamp>2929.771157</timestamp>
			</report>
			<report>
				<misses>302100001</misses>
				<total>109</total>
				<timestamp>2930.739675</timestamp>
			</report>
			<report>
				<misses>302200001</misses>
				<total>109</total>
				<timestamp>2931.707795</timestamp>
			</report>
			<report>
				<misses>302300001</misses>
				<total>109</total>
				<timestamp>2932.676058</timestamp>
			</report>
			<report>
				<misses>302400001</misses>
				<total>109</total>
				<timestamp>2933.644153</timestamp>
			</report>
			<report>
				<misses>302500001</misses>
				<total>109</total>
				<timestamp>2934.612680</timestamp>
			</report>
			<report>
				<misses>302600001</misses>
				<total>109</total>
				<timestamp>2935.580826</timestamp>
			</report>
			<report>
				<misses>302700001</misses>
				<total>109</total>
				<timestamp>2936.549330</timestamp>
			</report>
			<report>
				<misses>302800001</misses>
				<total>109</total>
				<timestamp>2937.517222</timestamp>
			</report>
			<report>
				<misses>302900001</misses>
				<total>109</total>
				<timestamp>2938.485654</timestamp>
			</report>
			<report>
				<misses>303000001</misses>
				<total>109</total>
				<timestamp>2939.453621</timestamp>
			</report>
			<report>
				<misses>303100001</misses>
				<total>109</total>
				<timestamp>2940.421710</timestamp>
			</report>
			<report>
				<misses>303200001</misses>
				<total>109</total>
				<timestamp>2941.389778</timestamp>
			</report>
			<report>
				<misses>303300001</misses>
				<total>109</total>
				<timestamp>2942.358161</timestamp>
			</report>
			<report>
				<misses>303400001</misses>
				<total>109</total>
				<timestamp>2943.326380</timestamp>
			</report>
			<report>
				<misses>303500001</misses>
				<total>109</total>
				<timestamp>2944.294787</timestamp>
			</report>
			<report>
				<misses>303600001</misses>
				<total>109</total>
				<timestamp>2945.262933</timestamp>
			</report>
			<report>
				<misses>303700001</misses>
				<total>109</total>
				<timestamp>2946.231162</timestamp>
			</report>
			<report>
				<misses>303800001</misses>
				<total>109</total>
				<timestamp>2947.199716</timestamp>
			</report>
			<report>
				<misses>303900001</misses>
				<total>109</total>
				<timestamp>2948.167640</timestamp>
			</report>
			<report>
				<misses>304000001</misses>
				<total>109</total>
				<timestamp>2949.136078</timestamp>
			</report>
			<report>
				<misses>304100001</misses>
				<total>109</total>
				<timestamp>2950.104224</timestamp>
			</report>
			<report>
				<misses>304200001</misses>
				<total>109</total>
				<timestamp>2951.072578</timestamp>
			</report>
			<report>
				<misses>304300001</misses>
				<total>109</total>
				<timestamp>2952.040686</timestamp>
			</report>
			<report>
				<misses>304400001</misses>
				<total>109</total>
				<timestamp>2953.009259</timestamp>
			</report>
			<report>
				<misses>304500001</misses>
				<total>109</total>
				<timestamp>2953.977433</timestamp>
			</report>
			<report>
				<misses>304600001</misses>
				<total>109</total>
				<timestamp>2954.945784</timestamp>
			</report>
			<report>
				<misses>304700001</misses>
				<total>109</total>
				<timestamp>2955.913958</timestamp>
			</report>
			<report>
				<misses>304800001</misses>
				<total>109</total>
				<timestamp>2956.882383</timestamp>
			</report>
			<report>
				<misses>304900001</misses>
				<total>109</total>
				<timestamp>2957.850358</timestamp>
			</report>
			<report>
				<misses>305000001</misses>
				<total>109</total>
				<timestamp>2958.819002</timestamp>
			</report>
			<report>
				<misses>305100001</misses>
				<total>109</total>
				<timestamp>2959.787080</timestamp>
			</report>
			<report>
				<misses>305200001</misses>
				<total>109</total>
				<timestamp>2960.755660</timestamp>
			</report>
			<report>
				<misses>305300001</misses>
				<total>109</total>
				<timestamp>2961.723623</timestamp>
			</report>
			<report>
				<misses>305400001</misses>
				<total>109</total>
				<timestamp>2962.691973</timestamp>
			</report>
			<report>
				<misses>305500001</misses>
				<total>109</total>
				<timestamp>2963.660119</timestamp>
			</report>
			<report>
				<misses>305600001</misses>
				<total>109</total>
				<timestamp>2964.628301</timestamp>
			</report>
			<report>
				<misses>305700001</misses>
				<total>109</total>
				<timestamp>2965.596614</timestamp>
			</report>
			<report>
				<misses>305800001</misses>
				<total>109</total>
				<timestamp>2966.565156</timestamp>
			</report>
			<report>
				<misses>305900001</misses>
				<total>109</total>
				<timestamp>2967.533305</timestamp>
			</report>
			<report>
				<misses>306000001</misses>
				<total>109</total>
				<timestamp>2968.501818</timestamp>
			</report>
			<report>
				<misses>306100001</misses>
				<total>109</total>
				<timestamp>2969.469893</timestamp>
			</report>
			<report>
				<misses>306200001</misses>
				<total>109</total>
				<timestamp>2970.438323</timestamp>
			</report>
			<report>
				<misses>306300001</misses>
				<total>109</total>
				<timestamp>2971.406400</timestamp>
			</report>
			<report>
				<misses>306400001</misses>
				<total>109</total>
				<timestamp>2972.374387</timestamp>
			</report>
			<report>
				<misses>306500001</misses>
				<total>109</total>
				<timestamp>2973.342569</timestamp>
			</report>
			<report>
				<misses>306600001</misses>
				<total>109</total>
				<timestamp>2974.311098</timestamp>
			</report>
			<report>
				<misses>306700001</misses>
				<total>109</total>
				<timestamp>2975.279255</timestamp>
			</report>
			<report>
				<misses>306800001</misses>
				<total>109</total>
				<timestamp>2976.247540</timestamp>
			</report>
			<report>
				<misses>306900001</misses>
				<total>109</total>
				<timestamp>2977.215621</timestamp>
			</report>
			<report>
				<misses>307000001</misses>
				<total>109</total>
				<timestamp>2978.184429</timestamp>
			</report>
			<report>
				<misses>307100001</misses>
				<total>109</total>
				<timestamp>2979.152530</timestamp>
			</report>
			<report>
				<misses>307200001</misses>
				<total>109</total>
				<timestamp>2980.121149</timestamp>
			</report>
			<report>
				<misses>307300001</misses>
				<total>109</total>
				<timestamp>2981.089297</timestamp>
			</report>
			<report>
				<misses>307400001</misses>
				<total>109</total>
				<timestamp>2982.057382</timestamp>
			</report>
			<report>
				<misses>307500001</misses>
				<total>109</total>
				<timestamp>2983.025893</timestamp>
			</report>
			<report>
				<misses>307600001</misses>
				<total>109</total>
				<timestamp>2983.993972</timestamp>
			</report>
			<report>
				<misses>307700001</misses>
				<total>109</total>
				<timestamp>2984.962481</timestamp>
			</report>
			<report>
				<misses>307800001</misses>
				<total>109</total>
				<timestamp>2985.930641</timestamp>
			</report>
			<report>
				<misses>307900001</misses>
				<total>109</total>
				<timestamp>2986.899034</timestamp>
			</report>
			<report>
				<misses>308000001</misses>
				<total>109</total>
				<timestamp>2987.867266</timestamp>
			</report>
			<report>
				<misses>308100001</misses>
				<total>109</total>
				<timestamp>2988.835741</timestamp>
			</report>
			<report>
				<misses>308200001</misses>
				<total>109</total>
				<timestamp>2989.803975</timestamp>
			</report>
			<report>
				<misses>308300001</misses>
				<total>109</total>
				<timestamp>2990.772623</timestamp>
			</report>
			<report>
				<misses>308400001</misses>
				<total>109</total>
				<timestamp>2991.740687</timestamp>
			</report>
			<report>
				<misses>308500001</misses>
				<total>109</total>
				<timestamp>2992.709158</timestamp>
			</report>
			<report>
				<misses>308600001</misses>
				<total>109</total>
				<timestamp>2993.677252</timestamp>
			</report>
			<report>
				<misses>308700001</misses>
				<total>109</total>
				<timestamp>2994.645859</timestamp>
			</report>
			<report>
				<misses>308800001</misses>
				<total>109</total>
				<timestamp>2995.614085</timestamp>
			</report>
			<report>
				<misses>308900001</misses>
				<total>109</total>
				<timestamp>2996.582592</timestamp>
			</report>
			<report>
				<misses>309000001</misses>
				<total>109</total>
				<timestamp>2997.550611</timestamp>
			</report>
			<report>
				<misses>309100001</misses>
				<total>109</total>
				<timestamp>2998.519034</timestamp>
			</report>
			<report>
				<misses>309200001</misses>
				<total>109</total>
				<timestamp>2999.487214</timestamp>
			</report>
			<report>
				<misses>309300001</misses>
				<total>109</total>
				<timestamp>3000.455572</timestamp>
			</report>
			<report>
				<misses>309400001</misses>
				<total>109</total>
				<timestamp>3001.423898</timestamp>
			</report>
			<report>
				<misses>309500001</misses>
				<total>109</total>
				<timestamp>3002.392290</timestamp>
			</report>
			<report>
				<misses>309600001</misses>
				<total>109</total>
				<timestamp>3003.360316</timestamp>
			</report>
			<report>
				<misses>309700001</misses>
				<total>109</total>
				<timestamp>3004.328562</timestamp>
			</report>
			<report>
				<misses>309800001</misses>
				<total>109</total>
				<timestamp>3005.296490</timestamp>
			</report>
			<report>
				<misses>309900001</misses>
				<total>109</total>
				<timestamp>3006.264840</timestamp>
			</report>
			<report>
				<misses>310000001</misses>
				<total>109</total>
				<timestamp>3007.232966</timestamp>
			</report>
			<report>
				<misses>310100001</misses>
				<total>109</total>
				<timestamp>3008.201525</timestamp>
			</report>
			<report>
				<misses>310200001</misses>
				<total>109</total>
				<timestamp>3009.169729</timestamp>
			</report>
			<report>
				<misses>310300001</misses>
				<total>109</total>
				<timestamp>3010.137887</timestamp>
			</report>
			<report>
				<misses>310400001</misses>
				<total>109</total>
				<timestamp>3011.106099</timestamp>
			</report>
			<report>
				<misses>310500001</misses>
				<total>109</total>
				<timestamp>3012.074347</timestamp>
			</report>
			<report>
				<misses>310600001</misses>
				<total>109</total>
				<timestamp>3013.042253</timestamp>
			</report>
			<report>
				<misses>310700001</misses>
				<total>109</total>
				<timestamp>3014.010391</timestamp>
			</report>
			<report>
				<misses>310800001</misses>
				<total>109</total>
				<timestamp>3014.978297</timestamp>
			</report>
			<report>
				<misses>310900001</misses>
				<total>109</total>
				<timestamp>3015.946397</timestamp>
			</report>
			<report>
				<misses>311000001</misses>
				<total>109</total>
				<timestamp>3016.914426</timestamp>
			</report>
			<report>
				<misses>311100001</misses>
				<total>109</total>
				<timestamp>3017.882637</timestamp>
			</report>
			<report>
				<misses>311200001</misses>
				<total>109</total>
				<timestamp>3018.851245</timestamp>
			</report>
			<report>
				<misses>311300001</misses>
				<total>109</total>
				<timestamp>3019.819356</timestamp>
			</report>
			<report>
				<misses>311400001</misses>
				<total>109</total>
				<timestamp>3020.787963</timestamp>
			</report>
			<report>
				<misses>311500001</misses>
				<total>109</total>
				<timestamp>3021.756105</timestamp>
			</report>
			<report>
				<misses>311600001</misses>
				<total>109</total>
				<timestamp>3022.724618</timestamp>
			</report>
			<report>
				<misses>311700001</misses>
				<total>109</total>
				<timestamp>3023.692656</timestamp>
			</report>
			<report>
				<misses>311800001</misses>
				<total>109</total>
				<timestamp>3024.660805</timestamp>
			</report>
			<report>
				<misses>311900001</misses>
				<total>109</total>
				<timestamp>3025.628992</timestamp>
			</report>
			<report>
				<misses>312000001</misses>
				<total>109</total>
				<timestamp>3026.597536</timestamp>
			</report>
			<report>
				<misses>312100001</misses>
				<total>109</total>
				<timestamp>3027.565562</timestamp>
			</report>
			<report>
				<misses>312200001</misses>
				<total>109</total>
				<timestamp>3028.534115</timestamp>
			</report>
			<report>
				<misses>312300001</misses>
				<total>109</total>
				<timestamp>3029.502274</timestamp>
			</report>
			<report>
				<misses>312400001</misses>
				<total>109</total>
				<timestamp>3030.470543</timestamp>
			</report>
			<report>
				<misses>312500001</misses>
				<total>109</total>
				<timestamp>3031.438644</timestamp>
			</report>
			<report>
				<misses>312600001</misses>
				<total>109</total>
				<timestamp>3032.406913</timestamp>
			</report>
			<report>
				<misses>312700001</misses>
				<total>109</total>
				<timestamp>3033.375110</timestamp>
			</report>
			<report>
				<misses>312800001</misses>
				<total>109</total>
				<timestamp>3034.343728</timestamp>
			</report>
			<report>
				<misses>312900001</misses>
				<total>109</total>
				<timestamp>3035.311700</timestamp>
			</report>
			<report>
				<misses>313000001</misses>
				<total>109</total>
				<timestamp>3036.280340</timestamp>
			</report>
			<report>
				<misses>313100001</misses>
				<total>109</total>
				<timestamp>3037.248318</timestamp>
			</report>
			<report>
				<misses>313200001</misses>
				<total>109</total>
				<timestamp>3038.216907</timestamp>
			</report>
			<report>
				<misses>313300001</misses>
				<total>109</total>
				<timestamp>3039.185036</timestamp>
			</report>
			<report>
				<misses>313400001</misses>
				<total>109</total>
				<timestamp>3040.153582</timestamp>
			</report>
			<report>
				<misses>313500001</misses>
				<total>109</total>
				<timestamp>3041.121735</timestamp>
			</report>
			<report>
				<misses>313600001</misses>
				<total>109</total>
				<timestamp>3042.089894</timestamp>
			</report>
			<report>
				<misses>313700001</misses>
				<total>109</total>
				<timestamp>3043.058056</timestamp>
			</report>
			<report>
				<misses>313800001</misses>
				<total>109</total>
				<timestamp>3044.026752</timestamp>
			</report>
			<report>
				<misses>313900001</misses>
				<total>109</total>
				<timestamp>3044.994879</timestamp>
			</report>
			<report>
				<misses>314000001</misses>
				<total>109</total>
				<timestamp>3045.963539</timestamp>
			</report>
			<report>
				<misses>314100001</misses>
				<total>109</total>
				<timestamp>3046.931626</timestamp>
			</report>
			<report>
				<misses>314200001</misses>
				<total>109</total>
				<timestamp>3047.900284</timestamp>
			</report>
			<report>
				<misses>314300001</misses>
				<total>109</total>
				<timestamp>3048.868440</timestamp>
			</report>
			<report>
				<misses>314400001</misses>
				<total>109</total>
				<timestamp>3049.836741</timestamp>
			</report>
			<report>
				<misses>314500001</misses>
				<total>109</total>
				<timestamp>3050.804776</timestamp>
			</report>
			<report>
				<misses>314600001</misses>
				<total>109</total>
				<timestamp>3051.773256</timestamp>
			</report>
			<report>
				<misses>314700001</misses>
				<total>109</total>
				<timestamp>3052.741425</timestamp>
			</report>
			<report>
				<misses>314800001</misses>
				<total>109</total>
				<timestamp>3053.709833</timestamp>
			</report>
			<report>
				<misses>314900001</misses>
				<total>109</total>
				<timestamp>3054.677980</timestamp>
			</report>
			<report>
				<misses>315000001</misses>
				<total>109</total>
				<timestamp>3055.646335</timestamp>
			</report>
			<report>
				<misses>315100001</misses>
				<total>109</total>
				<timestamp>3056.614400</timestamp>
			</report>
			<report>
				<misses>315200001</misses>
				<total>109</total>
				<timestamp>3057.582747</timestamp>
			</report>
			<report>
				<misses>315300001</misses>
				<total>109</total>
				<timestamp>3058.550748</timestamp>
			</report>
			<report>
				<misses>315400001</misses>
				<total>109</total>
				<timestamp>3059.519205</timestamp>
			</report>
			<report>
				<misses>315500001</misses>
				<total>109</total>
				<timestamp>3060.487569</timestamp>
			</report>
			<report>
				<misses>315600001</misses>
				<total>109</total>
				<timestamp>3061.455679</timestamp>
			</report>
			<report>
				<misses>315700001</misses>
				<total>109</total>
				<timestamp>3062.423693</timestamp>
			</report>
			<report>
				<misses>315800001</misses>
				<total>109</total>
				<timestamp>3063.392196</timestamp>
			</report>
			<report>
				<misses>315900001</misses>
				<total>109</total>
				<timestamp>3064.360505</timestamp>
			</report>
			<report>
				<misses>316000001</misses>
				<total>109</total>
				<timestamp>3065.329059</timestamp>
			</report>
			<report>
				<misses>316100001</misses>
				<total>109</total>
				<timestamp>3066.297241</timestamp>
			</report>
			<report>
				<misses>316200001</misses>
				<total>109</total>
				<timestamp>3067.265490</timestamp>
			</report>
			<report>
				<misses>316300001</misses>
				<total>109</total>
				<timestamp>3068.233646</timestamp>
			</report>
			<report>
				<misses>316400001</misses>
				<total>109</total>
				<timestamp>3069.201829</timestamp>
			</report>
			<report>
				<misses>316500001</misses>
				<total>109</total>
				<timestamp>3070.170032</timestamp>
			</report>
			<report>
				<misses>316600001</misses>
				<total>109</total>
				<timestamp>3071.138306</timestamp>
			</report>
			<report>
				<misses>316700001</misses>
				<total>109</total>
				<timestamp>3072.106416</timestamp>
			</report>
			<report>
				<misses>316800001</misses>
				<total>109</total>
				<timestamp>3073.074816</timestamp>
			</report>
			<report>
				<misses>316900001</misses>
				<total>109</total>
				<timestamp>3074.043012</timestamp>
			</report>
			<report>
				<misses>317000001</misses>
				<total>109</total>
				<timestamp>3075.011357</timestamp>
			</report>
			<report>
				<misses>317100001</misses>
				<total>109</total>
				<timestamp>3075.979423</timestamp>
			</report>
			<report>
				<misses>317200001</misses>
				<total>109</total>
				<timestamp>3076.947942</timestamp>
			</report>
			<report>
				<misses>317300001</misses>
				<total>109</total>
				<timestamp>3077.915922</timestamp>
			</report>
			<report>
				<misses>317400001</misses>
				<total>109</total>
				<timestamp>3078.884413</timestamp>
			</report>
			<report>
				<misses>317500001</misses>
				<total>109</total>
				<timestamp>3079.852601</timestamp>
			</report>
			<report>
				<misses>317600001</misses>
				<total>109</total>
				<timestamp>3080.821021</timestamp>
			</report>
			<report>
				<misses>317700001</misses>
				<total>109</total>
				<timestamp>3081.789063</timestamp>
			</report>
			<report>
				<misses>317800001</misses>
				<total>109</total>
				<timestamp>3082.757437</timestamp>
			</report>
			<report>
				<misses>317900001</misses>
				<total>109</total>
				<timestamp>3083.725603</timestamp>
			</report>
			<report>
				<misses>318000001</misses>
				<total>109</total>
				<timestamp>3084.693839</timestamp>
			</report>
			<report>
				<misses>318100001</misses>
				<total>109</total>
				<timestamp>3085.662174</timestamp>
			</report>
			<report>
				<misses>318200001</misses>
				<total>109</total>
				<timestamp>3086.630844</timestamp>
			</report>
			<report>
				<misses>318300001</misses>
				<total>109</total>
				<timestamp>3087.599091</timestamp>
			</report>
			<report>
				<misses>318400001</misses>
				<total>109</total>
				<timestamp>3088.567747</timestamp>
			</report>
			<report>
				<misses>318500001</misses>
				<total>109</total>
				<timestamp>3089.535767</timestamp>
			</report>
			<report>
				<misses>318600001</misses>
				<total>109</total>
				<timestamp>3090.504069</timestamp>
			</report>
			<report>
				<misses>318700001</misses>
				<total>109</total>
				<timestamp>3091.472132</timestamp>
			</report>
			<report>
				<misses>318800001</misses>
				<total>109</total>
				<timestamp>3092.440242</timestamp>
			</report>
			<report>
				<misses>318900001</misses>
				<total>109</total>
				<timestamp>3093.408359</timestamp>
			</report>
			<report>
				<misses>319000001</misses>
				<total>109</total>
				<timestamp>3094.376906</timestamp>
			</report>
			<report>
				<misses>319100001</misses>
				<total>109</total>
				<timestamp>3095.344945</timestamp>
			</report>
			<report>
				<misses>319200001</misses>
				<total>109</total>
				<timestamp>3096.313418</timestamp>
			</report>
			<report>
				<misses>319300001</misses>
				<total>109</total>
				<timestamp>3097.281426</timestamp>
			</report>
			<report>
				<misses>319400001</misses>
				<total>109</total>
				<timestamp>3098.249889</timestamp>
			</report>
			<report>
				<misses>319500001</misses>
				<total>109</total>
				<timestamp>3099.217999</timestamp>
			</report>
			<report>
				<misses>319600001</misses>
				<total>109</total>
				<timestamp>3100.186639</timestamp>
			</report>
			<report>
				<misses>319700001</misses>
				<total>109</total>
				<timestamp>3101.154731</timestamp>
			</report>
			<report>
				<misses>319800001</misses>
				<total>109</total>
				<timestamp>3102.123278</timestamp>
			</report>
			<report>
				<misses>319900001</misses>
				<total>109</total>
				<timestamp>3103.091376</timestamp>
			</report>
			<report>
				<misses>320000001</misses>
				<total>109</total>
				<timestamp>3104.059935</timestamp>
			</report>
			<report>
				<misses>320100001</misses>
				<total>109</total>
				<timestamp>3105.028250</timestamp>
			</report>
			<report>
				<misses>320200001</misses>
				<total>109</total>
				<timestamp>3105.996923</timestamp>
			</report>
			<report>
				<misses>320300001</misses>
				<total>109</total>
				<timestamp>3106.965050</timestamp>
			</report>
			<report>
				<misses>320400001</misses>
				<total>109</total>
				<timestamp>3107.933583</timestamp>
			</report>
			<report>
				<misses>320500001</misses>
				<total>109</total>
				<timestamp>3108.901647</timestamp>
			</report>
			<report>
				<misses>320600001</misses>
				<total>109</total>
				<timestamp>3109.870175</timestamp>
			</report>
			<report>
				<misses>320700001</misses>
				<total>109</total>
				<timestamp>3110.838461</timestamp>
			</report>
			<report>
				<misses>320800001</misses>
				<total>109</total>
				<timestamp>3111.807159</timestamp>
			</report>
			<report>
				<misses>320900001</misses>
				<total>109</total>
				<timestamp>3112.775216</timestamp>
			</report>
			<report>
				<misses>321000001</misses>
				<total>109</total>
				<timestamp>3113.743612</timestamp>
			</report>
			<report>
				<misses>321100001</misses>
				<total>109</total>
				<timestamp>3114.711512</timestamp>
			</report>
			<report>
				<misses>321200001</misses>
				<total>109</total>
				<timestamp>3115.679804</timestamp>
			</report>
			<report>
				<misses>321300001</misses>
				<total>109</total>
				<timestamp>3116.648348</timestamp>
			</report>
			<report>
				<misses>321400001</misses>
				<total>109</total>
				<timestamp>3117.616494</timestamp>
			</report>
			<report>
				<misses>321500001</misses>
				<total>109</total>
				<timestamp>3118.585179</timestamp>
			</report>
			<report>
				<misses>321600001</misses>
				<total>109</total>
				<timestamp>3119.554121</timestamp>
			</report>
			<report>
				<misses>321700001</misses>
				<total>109</total>
				<timestamp>3120.522215</timestamp>
			</report>
			<report>
				<misses>321800001</misses>
				<total>109</total>
				<timestamp>3121.490679</timestamp>
			</report>
			<report>
				<misses>321900001</misses>
				<total>109</total>
				<timestamp>3122.458842</timestamp>
			</report>
			<report>
				<misses>322000001</misses>
				<total>109</total>
				<timestamp>3123.427104</timestamp>
			</report>
			<report>
				<misses>322100001</misses>
				<total>109</total>
				<timestamp>3124.395166</timestamp>
			</report>
			<report>
				<misses>322200001</misses>
				<total>109</total>
				<timestamp>3125.371636</timestamp>
			</report>
			<report>
				<misses>322300001</misses>
				<total>109</total>
				<timestamp>3126.377078</timestamp>
			</report>
			<report>
				<misses>322400001</misses>
				<total>109</total>
				<timestamp>3127.391915</timestamp>
			</report>
			<report>
				<misses>322500001</misses>
				<total>109</total>
				<timestamp>3128.407888</timestamp>
			</report>
			<report>
				<misses>322600001</misses>
				<total>109</total>
				<timestamp>3129.423697</timestamp>
			</report>
			<report>
				<misses>322700001</misses>
				<total>109</total>
				<timestamp>3130.436899</timestamp>
			</report>
			<report>
				<misses>322800001</misses>
				<total>109</total>
				<timestamp>3131.450762</timestamp>
			</report>
			<report>
				<misses>322900001</misses>
				<total>109</total>
				<timestamp>3132.466641</timestamp>
			</report>
			<report>
				<misses>323000001</misses>
				<total>109</total>
				<timestamp>3133.482862</timestamp>
			</report>
			<report>
				<misses>323100001</misses>
				<total>109</total>
				<timestamp>3134.497903</timestamp>
			</report>
			<report>
				<misses>323200001</misses>
				<total>109</total>
				<timestamp>3135.513695</timestamp>
			</report>
			<report>
				<misses>323300001</misses>
				<total>109</total>
				<timestamp>3136.531233</timestamp>
			</report>
			<report>
				<misses>323400001</misses>
				<total>109</total>
				<timestamp>3137.548270</timestamp>
			</report>
			<report>
				<misses>323500001</misses>
				<total>109</total>
				<timestamp>3138.563990</timestamp>
			</report>
			<report>
				<misses>323600001</misses>
				<total>109</total>
				<timestamp>3139.581936</timestamp>
			</report>
			<report>
				<misses>323700001</misses>
				<total>109</total>
				<timestamp>3140.600424</timestamp>
			</report>
			<report>
				<misses>323800001</misses>
				<total>109</total>
				<timestamp>3141.616745</timestamp>
			</report>
			<report>
				<misses>323900001</misses>
				<total>109</total>
				<timestamp>3142.633909</timestamp>
			</report>
			<report>
				<misses>324000001</misses>
				<total>109</total>
				<timestamp>3143.650938</timestamp>
			</report>
			<report>
				<misses>324100001</misses>
				<total>109</total>
				<timestamp>3144.673537</timestamp>
			</report>
			<report>
				<misses>324200001</misses>
				<total>109</total>
				<timestamp>3145.689499</timestamp>
			</report>
			<report>
				<misses>324300001</misses>
				<total>109</total>
				<timestamp>3146.704662</timestamp>
			</report>
			<report>
				<misses>324400001</misses>
				<total>109</total>
				<timestamp>3147.721944</timestamp>
			</report>
			<report>
				<misses>324500001</misses>
				<total>109</total>
				<timestamp>3148.736560</timestamp>
			</report>
			<report>
				<misses>324600001</misses>
				<total>109</total>
				<timestamp>3149.756820</timestamp>
			</report>
			<report>
				<misses>324700001</misses>
				<total>109</total>
				<timestamp>3150.780075</timestamp>
			</report>
			<report>
				<misses>324800001</misses>
				<total>109</total>
				<timestamp>3151.794776</timestamp>
			</report>
			<report>
				<misses>324900001</misses>
				<total>109</total>
				<timestamp>3152.811299</timestamp>
			</report>
			<report>
				<misses>325000001</misses>
				<total>109</total>
				<timestamp>3153.829395</timestamp>
			</report>
			<report>
				<misses>325100001</misses>
				<total>109</total>
				<timestamp>3154.847307</timestamp>
			</report>
			<report>
				<misses>325200001</misses>
				<total>109</total>
				<timestamp>3155.865375</timestamp>
			</report>
			<report>
				<misses>325300001</misses>
				<total>109</total>
				<timestamp>3156.886677</timestamp>
			</report>
			<report>
				<misses>325400001</misses>
				<total>109</total>
				<timestamp>3157.888170</timestamp>
			</report>
			<report>
				<misses>325500001</misses>
				<total>109</total>
				<timestamp>3158.897573</timestamp>
			</report>
			<report>
				<misses>325600001</misses>
				<total>109</total>
				<timestamp>3159.919842</timestamp>
			</report>
			<report>
				<misses>325700001</misses>
				<total>109</total>
				<timestamp>3160.938702</timestamp>
			</report>
			<report>
				<misses>325800001</misses>
				<total>109</total>
				<timestamp>3161.957378</timestamp>
			</report>
			<report>
				<misses>325900001</misses>
				<total>109</total>
				<timestamp>3162.973450</timestamp>
			</report>
			<report>
				<misses>326000001</misses>
				<total>109</total>
				<timestamp>3163.990552</timestamp>
			</report>
			<report>
				<misses>326100001</misses>
				<total>109</total>
				<timestamp>3165.007919</timestamp>
			</report>
			<report>
				<misses>326200001</misses>
				<total>109</total>
				<timestamp>3166.025861</timestamp>
			</report>
			<report>
				<misses>326300001</misses>
				<total>109</total>
				<timestamp>3167.043105</timestamp>
			</report>
			<report>
				<misses>326400001</misses>
				<total>109</total>
				<timestamp>3168.149048</timestamp>
			</report>
			<report>
				<misses>326500001</misses>
				<total>109</total>
				<timestamp>3169.166462</timestamp>
			</report>
			<report>
				<misses>326600001</misses>
				<total>109</total>
				<timestamp>3170.184215</timestamp>
			</report>
			<report>
				<misses>326700001</misses>
				<total>109</total>
				<timestamp>3171.200718</timestamp>
			</report>
			<report>
				<misses>326800001</misses>
				<total>109</total>
				<timestamp>3172.217684</timestamp>
			</report>
			<report>
				<misses>326900001</misses>
				<total>109</total>
				<timestamp>3173.234645</timestamp>
			</report>
			<report>
				<misses>327000001</misses>
				<total>109</total>
				<timestamp>3174.252692</timestamp>
			</report>
			<report>
				<misses>327100001</misses>
				<total>109</total>
				<timestamp>3175.272553</timestamp>
			</report>
			<report>
				<misses>327200001</misses>
				<total>109</total>
				<timestamp>3176.290955</timestamp>
			</report>
			<report>
				<misses>327300001</misses>
				<total>109</total>
				<timestamp>3177.314105</timestamp>
			</report>
			<report>
				<misses>327400001</misses>
				<total>109</total>
				<timestamp>3178.337824</timestamp>
			</report>
			<report>
				<misses>327500001</misses>
				<total>109</total>
				<timestamp>3179.361016</timestamp>
			</report>
			<report>
				<misses>327600001</misses>
				<total>109</total>
				<timestamp>3180.384820</timestamp>
			</report>
			<report>
				<misses>327700001</misses>
				<total>109</total>
				<timestamp>3181.405395</timestamp>
			</report>
			<report>
				<misses>327800001</misses>
				<total>109</total>
				<timestamp>3182.419407</timestamp>
			</report>
			<report>
				<misses>327900001</misses>
				<total>109</total>
				<timestamp>3183.433415</timestamp>
			</report>
			<report>
				<misses>328000001</misses>
				<total>109</total>
				<timestamp>3184.448424</timestamp>
			</report>
			<report>
				<misses>328100001</misses>
				<total>109</total>
				<timestamp>3185.462199</timestamp>
			</report>
			<report>
				<misses>328200001</misses>
				<total>109</total>
				<timestamp>3186.476274</timestamp>
			</report>
			<report>
				<misses>328300001</misses>
				<total>109</total>
				<timestamp>3187.490718</timestamp>
			</report>
			<report>
				<misses>328400001</misses>
				<total>109</total>
				<timestamp>3188.504280</timestamp>
			</report>
			<report>
				<misses>328500001</misses>
				<total>109</total>
				<timestamp>3189.518468</timestamp>
			</report>
			<report>
				<misses>328600001</misses>
				<total>109</total>
				<timestamp>3190.531950</timestamp>
			</report>
			<report>
				<misses>328700001</misses>
				<total>109</total>
				<timestamp>3191.543663</timestamp>
			</report>
			<report>
				<misses>328800001</misses>
				<total>109</total>
				<timestamp>3192.559151</timestamp>
			</report>
			<report>
				<misses>328900001</misses>
				<total>109</total>
				<timestamp>3193.582150</timestamp>
			</report>
			<report>
				<misses>329000001</misses>
				<total>109</total>
				<timestamp>3194.605477</timestamp>
			</report>
			<report>
				<misses>329100001</misses>
				<total>109</total>
				<timestamp>3195.627782</timestamp>
			</report>
			<report>
				<misses>329200001</misses>
				<total>109</total>
				<timestamp>3196.651588</timestamp>
			</report>
			<report>
				<misses>329300001</misses>
				<total>109</total>
				<timestamp>3197.674501</timestamp>
			</report>
			<report>
				<misses>329400001</misses>
				<total>109</total>
				<timestamp>3198.698140</timestamp>
			</report>
			<report>
				<misses>329500001</misses>
				<total>109</total>
				<timestamp>3199.717265</timestamp>
			</report>
			<report>
				<misses>329600001</misses>
				<total>109</total>
				<timestamp>3200.685605</timestamp>
			</report>
			<report>
				<misses>329700001</misses>
				<total>109</total>
				<timestamp>3201.653858</timestamp>
			</report>
			<report>
				<misses>329800001</misses>
				<total>109</total>
				<timestamp>3202.622211</timestamp>
			</report>
			<report>
				<misses>329900001</misses>
				<total>109</total>
				<timestamp>3203.590523</timestamp>
			</report>
			<report>
				<misses>330000001</misses>
				<total>109</total>
				<timestamp>3204.558991</timestamp>
			</report>
			<report>
				<misses>330100001</misses>
				<total>109</total>
				<timestamp>3205.527050</timestamp>
			</report>
			<report>
				<misses>330200001</misses>
				<total>109</total>
				<timestamp>3206.495735</timestamp>
			</report>
			<report>
				<misses>330300001</misses>
				<total>109</total>
				<timestamp>3207.463832</timestamp>
			</report>
			<report>
				<misses>330400001</misses>
				<total>109</total>
				<timestamp>3208.432474</timestamp>
			</report>
			<report>
				<misses>330500001</misses>
				<total>109</total>
				<timestamp>3209.400745</timestamp>
			</report>
			<report>
				<misses>330600001</misses>
				<total>109</total>
				<timestamp>3210.369398</timestamp>
			</report>
			<report>
				<misses>330700001</misses>
				<total>109</total>
				<timestamp>3211.337673</timestamp>
			</report>
			<report>
				<misses>330800001</misses>
				<total>109</total>
				<timestamp>3212.306034</timestamp>
			</report>
			<report>
				<misses>330900001</misses>
				<total>109</total>
				<timestamp>3213.274376</timestamp>
			</report>
			<report>
				<misses>331000001</misses>
				<total>109</total>
				<timestamp>3214.243220</timestamp>
			</report>
			<report>
				<misses>331100001</misses>
				<total>109</total>
				<timestamp>3215.211539</timestamp>
			</report>
			<report>
				<misses>331200001</misses>
				<total>109</total>
				<timestamp>3216.180073</timestamp>
			</report>
			<report>
				<misses>331300001</misses>
				<total>109</total>
				<timestamp>3217.148304</timestamp>
			</report>
			<report>
				<misses>331400001</misses>
				<total>109</total>
				<timestamp>3218.116792</timestamp>
			</report>
			<report>
				<misses>331500001</misses>
				<total>109</total>
				<timestamp>3219.085097</timestamp>
			</report>
			<report>
				<misses>331600001</misses>
				<total>109</total>
				<timestamp>3220.053776</timestamp>
			</report>
			<report>
				<misses>331700001</misses>
				<total>109</total>
				<timestamp>3221.022225</timestamp>
			</report>
			<report>
				<misses>331800001</misses>
				<total>109</total>
				<timestamp>3221.990829</timestamp>
			</report>
			<report>
				<misses>331900001</misses>
				<total>109</total>
				<timestamp>3222.959084</timestamp>
			</report>
			<report>
				<misses>332000001</misses>
				<total>109</total>
				<timestamp>3223.927825</timestamp>
			</report>
			<report>
				<misses>332100001</misses>
				<total>109</total>
				<timestamp>3224.896107</timestamp>
			</report>
			<report>
				<misses>332200001</misses>
				<total>109</total>
				<timestamp>3225.864647</timestamp>
			</report>
			<report>
				<misses>332300001</misses>
				<total>109</total>
				<timestamp>3226.832909</timestamp>
			</report>
			<report>
				<misses>332400001</misses>
				<total>109</total>
				<timestamp>3227.801644</timestamp>
			</report>
			<report>
				<misses>332500001</misses>
				<total>109</total>
				<timestamp>3228.769870</timestamp>
			</report>
			<report>
				<misses>332600001</misses>
				<total>109</total>
				<timestamp>3229.738397</timestamp>
			</report>
			<report>
				<misses>332700001</misses>
				<total>109</total>
				<timestamp>3230.706656</timestamp>
			</report>
			<report>
				<misses>332800001</misses>
				<total>109</total>
				<timestamp>3231.675292</timestamp>
			</report>
			<report>
				<misses>332900001</misses>
				<total>109</total>
				<timestamp>3232.643527</timestamp>
			</report>
			<report>
				<misses>333000001</misses>
				<total>109</total>
				<timestamp>3233.612197</timestamp>
			</report>
			<report>
				<misses>333100001</misses>
				<total>109</total>
				<timestamp>3234.580369</timestamp>
			</report>
			<report>
				<misses>333200001</misses>
				<total>109</total>
				<timestamp>3235.548653</timestamp>
			</report>
			<report>
				<misses>333300001</misses>
				<total>109</total>
				<timestamp>3236.516867</timestamp>
			</report>
			<report>
				<misses>333400001</misses>
				<total>109</total>
				<timestamp>3237.485637</timestamp>
			</report>
			<report>
				<misses>333500001</misses>
				<total>109</total>
				<timestamp>3238.453893</timestamp>
			</report>
			<report>
				<misses>333600001</misses>
				<total>109</total>
				<timestamp>3239.422351</timestamp>
			</report>
			<report>
				<misses>333700001</misses>
				<total>109</total>
				<timestamp>3240.390740</timestamp>
			</report>
			<report>
				<misses>333800001</misses>
				<total>109</total>
				<timestamp>3241.359626</timestamp>
			</report>
			<report>
				<misses>333900001</misses>
				<total>109</total>
				<timestamp>3242.328067</timestamp>
			</report>
			<report>
				<misses>334000001</misses>
				<total>109</total>
				<timestamp>3243.296836</timestamp>
			</report>
			<report>
				<misses>334100001</misses>
				<total>109</total>
				<timestamp>3244.265088</timestamp>
			</report>
			<report>
				<misses>334200001</misses>
				<total>109</total>
				<timestamp>3245.233640</timestamp>
			</report>
			<report>
				<misses>334300001</misses>
				<total>109</total>
				<timestamp>3246.202031</timestamp>
			</report>
			<report>
				<misses>334400001</misses>
				<total>109</total>
				<timestamp>3247.170338</timestamp>
			</report>
			<report>
				<misses>334500001</misses>
				<total>109</total>
				<timestamp>3248.138524</timestamp>
			</report>
			<report>
				<misses>334600001</misses>
				<total>109</total>
				<timestamp>3249.107104</timestamp>
			</report>
			<report>
				<misses>334700001</misses>
				<total>109</total>
				<timestamp>3250.075287</timestamp>
			</report>
			<report>
				<misses>334800001</misses>
				<total>109</total>
				<timestamp>3251.043804</timestamp>
			</report>
			<report>
				<misses>334900001</misses>
				<total>109</total>
				<timestamp>3252.012101</timestamp>
			</report>
			<report>
				<misses>335000001</misses>
				<total>109</total>
				<timestamp>3252.980754</timestamp>
			</report>
			<report>
				<misses>335100001</misses>
				<total>109</total>
				<timestamp>3253.949087</timestamp>
			</report>
			<report>
				<misses>335200001</misses>
				<total>109</total>
				<timestamp>3254.918021</timestamp>
			</report>
			<report>
				<misses>335300001</misses>
				<total>109</total>
				<timestamp>3255.886197</timestamp>
			</report>
			<report>
				<misses>335400001</misses>
				<total>109</total>
				<timestamp>3256.854297</timestamp>
			</report>
			<report>
				<misses>335500001</misses>
				<total>109</total>
				<timestamp>3257.822961</timestamp>
			</report>
			<report>
				<misses>335600001</misses>
				<total>109</total>
				<timestamp>3258.791355</timestamp>
			</report>
			<report>
				<misses>335700001</misses>
				<total>109</total>
				<timestamp>3259.759902</timestamp>
			</report>
			<report>
				<misses>335800001</misses>
				<total>109</total>
				<timestamp>3260.727944</timestamp>
			</report>
			<report>
				<misses>335900001</misses>
				<total>109</total>
				<timestamp>3261.696561</timestamp>
			</report>
			<report>
				<misses>336000001</misses>
				<total>109</total>
				<timestamp>3262.665023</timestamp>
			</report>
			<report>
				<misses>336100001</misses>
				<total>109</total>
				<timestamp>3263.633657</timestamp>
			</report>
			<report>
				<misses>336200001</misses>
				<total>109</total>
				<timestamp>3264.602158</timestamp>
			</report>
			<report>
				<misses>336300001</misses>
				<total>109</total>
				<timestamp>3265.570865</timestamp>
			</report>
			<report>
				<misses>336400001</misses>
				<total>109</total>
				<timestamp>3266.539162</timestamp>
			</report>
			<report>
				<misses>336500001</misses>
				<total>109</total>
				<timestamp>3267.507735</timestamp>
			</report>
			<report>
				<misses>336600001</misses>
				<total>109</total>
				<timestamp>3268.475918</timestamp>
			</report>
			<report>
				<misses>336700001</misses>
				<total>109</total>
				<timestamp>3269.444163</timestamp>
			</report>
			<report>
				<misses>336800001</misses>
				<total>109</total>
				<timestamp>3270.412734</timestamp>
			</report>
			<report>
				<misses>336900001</misses>
				<total>109</total>
				<timestamp>3271.381127</timestamp>
			</report>
			<report>
				<misses>337000001</misses>
				<total>109</total>
				<timestamp>3272.349598</timestamp>
			</report>
			<report>
				<misses>337100001</misses>
				<total>109</total>
				<timestamp>3273.317741</timestamp>
			</report>
			<report>
				<misses>337200001</misses>
				<total>109</total>
				<timestamp>3274.286156</timestamp>
			</report>
			<report>
				<misses>337300001</misses>
				<total>109</total>
				<timestamp>3275.254583</timestamp>
			</report>
			<report>
				<misses>337400001</misses>
				<total>109</total>
				<timestamp>3276.222720</timestamp>
			</report>
			<report>
				<misses>337500001</misses>
				<total>109</total>
				<timestamp>3277.190925</timestamp>
			</report>
			<report>
				<misses>337600001</misses>
				<total>109</total>
				<timestamp>3278.159145</timestamp>
			</report>
			<report>
				<misses>337700001</misses>
				<total>109</total>
				<timestamp>3279.127690</timestamp>
			</report>
			<report>
				<misses>337800001</misses>
				<total>109</total>
				<timestamp>3280.095741</timestamp>
			</report>
			<report>
				<misses>337900001</misses>
				<total>109</total>
				<timestamp>3281.064466</timestamp>
			</report>
			<report>
				<misses>338000001</misses>
				<total>109</total>
				<timestamp>3282.032599</timestamp>
			</report>
			<report>
				<misses>338100001</misses>
				<total>109</total>
				<timestamp>3283.001362</timestamp>
			</report>
			<report>
				<misses>338200001</misses>
				<total>109</total>
				<timestamp>3283.969751</timestamp>
			</report>
			<report>
				<misses>338300001</misses>
				<total>109</total>
				<timestamp>3284.938277</timestamp>
			</report>
			<report>
				<misses>338400001</misses>
				<total>109</total>
				<timestamp>3285.906465</timestamp>
			</report>
			<report>
				<misses>338500001</misses>
				<total>109</total>
				<timestamp>3286.875019</timestamp>
			</report>
			<report>
				<misses>338600001</misses>
				<total>109</total>
				<timestamp>3287.843040</timestamp>
			</report>
			<report>
				<misses>338700001</misses>
				<total>109</total>
				<timestamp>3288.811473</timestamp>
			</report>
			<report>
				<misses>338800001</misses>
				<total>109</total>
				<timestamp>3289.779884</timestamp>
			</report>
			<report>
				<misses>338900001</misses>
				<total>109</total>
				<timestamp>3290.748252</timestamp>
			</report>
			<report>
				<misses>339000001</misses>
				<total>109</total>
				<timestamp>3291.716565</timestamp>
			</report>
			<report>
				<misses>339100001</misses>
				<total>109</total>
				<timestamp>3292.684935</timestamp>
			</report>
			<report>
				<misses>339200001</misses>
				<total>109</total>
				<timestamp>3293.653165</timestamp>
			</report>
			<report>
				<misses>339300001</misses>
				<total>109</total>
				<timestamp>3294.621638</timestamp>
			</report>
			<report>
				<misses>339400001</misses>
				<total>109</total>
				<timestamp>3295.590031</timestamp>
			</report>
			<report>
				<misses>339500001</misses>
				<total>109</total>
				<timestamp>3296.558696</timestamp>
			</report>
			<report>
				<misses>339600001</misses>
				<total>109</total>
				<timestamp>3297.526739</timestamp>
			</report>
			<report>
				<misses>339700001</misses>
				<total>109</total>
				<timestamp>3298.495412</timestamp>
			</report>
			<report>
				<misses>339800001</misses>
				<total>109</total>
				<timestamp>3299.463580</timestamp>
			</report>
			<report>
				<misses>339900001</misses>
				<total>109</total>
				<timestamp>3300.431709</timestamp>
			</report>
			<report>
				<misses>340000001</misses>
				<total>109</total>
				<timestamp>3301.399967</timestamp>
			</report>
			<report>
				<misses>340100001</misses>
				<total>109</total>
				<timestamp>3302.368564</timestamp>
			</report>
			<report>
				<misses>340200001</misses>
				<total>109</total>
				<timestamp>3303.336848</timestamp>
			</report>
			<report>
				<misses>340300001</misses>
				<total>109</total>
				<timestamp>3304.305481</timestamp>
			</report>
			<report>
				<misses>340400001</misses>
				<total>109</total>
				<timestamp>3305.273775</timestamp>
			</report>
			<report>
				<misses>340500001</misses>
				<total>109</total>
				<timestamp>3306.242427</timestamp>
			</report>
			<report>
				<misses>340600001</misses>
				<total>109</total>
				<timestamp>3307.210546</timestamp>
			</report>
			<report>
				<misses>340700001</misses>
				<total>109</total>
				<timestamp>3308.179374</timestamp>
			</report>
			<report>
				<misses>340800001</misses>
				<total>109</total>
				<timestamp>3309.147750</timestamp>
			</report>
			<report>
				<misses>340900001</misses>
				<total>109</total>
				<timestamp>3310.116136</timestamp>
			</report>
			<report>
				<misses>341000001</misses>
				<total>109</total>
				<timestamp>3311.084635</timestamp>
			</report>
			<report>
				<misses>341100001</misses>
				<total>109</total>
				<timestamp>3312.053043</timestamp>
			</report>
			<report>
				<misses>341200001</misses>
				<total>109</total>
				<timestamp>3313.021503</timestamp>
			</report>
			<report>
				<misses>341300001</misses>
				<total>109</total>
				<timestamp>3313.990409</timestamp>
			</report>
			<report>
				<misses>341400001</misses>
				<total>109</total>
				<timestamp>3314.958776</timestamp>
			</report>
			<report>
				<misses>341500001</misses>
				<total>109</total>
				<timestamp>3315.927356</timestamp>
			</report>
			<report>
				<misses>341600001</misses>
				<total>109</total>
				<timestamp>3316.895605</timestamp>
			</report>
			<report>
				<misses>341700001</misses>
				<total>109</total>
				<timestamp>3317.864130</timestamp>
			</report>
			<report>
				<misses>341800001</misses>
				<total>109</total>
				<timestamp>3318.832403</timestamp>
			</report>
			<report>
				<misses>341900001</misses>
				<total>109</total>
				<timestamp>3319.800478</timestamp>
			</report>
			<report>
				<misses>342000001</misses>
				<total>109</total>
				<timestamp>3320.769024</timestamp>
			</report>
			<report>
				<misses>342100001</misses>
				<total>109</total>
				<timestamp>3321.737159</timestamp>
			</report>
			<report>
				<misses>342200001</misses>
				<total>109</total>
				<timestamp>3322.705279</timestamp>
			</report>
			<report>
				<misses>342300001</misses>
				<total>109</total>
				<timestamp>3323.673427</timestamp>
			</report>
			<report>
				<misses>342400001</misses>
				<total>109</total>
				<timestamp>3324.642050</timestamp>
			</report>
			<report>
				<misses>342500001</misses>
				<total>109</total>
				<timestamp>3325.610226</timestamp>
			</report>
			<report>
				<misses>342600001</misses>
				<total>109</total>
				<timestamp>3326.578748</timestamp>
			</report>
			<report>
				<misses>342700001</misses>
				<total>109</total>
				<timestamp>3327.546991</timestamp>
			</report>
			<report>
				<misses>342800001</misses>
				<total>109</total>
				<timestamp>3328.515493</timestamp>
			</report>
			<report>
				<misses>342900001</misses>
				<total>109</total>
				<timestamp>3329.483730</timestamp>
			</report>
			<report>
				<misses>343000001</misses>
				<total>109</total>
				<timestamp>3330.452356</timestamp>
			</report>
			<report>
				<misses>343100001</misses>
				<total>109</total>
				<timestamp>3331.420739</timestamp>
			</report>
			<report>
				<misses>343200001</misses>
				<total>109</total>
				<timestamp>3332.389453</timestamp>
			</report>
			<report>
				<misses>343300001</misses>
				<total>109</total>
				<timestamp>3333.357792</timestamp>
			</report>
			<report>
				<misses>343400001</misses>
				<total>109</total>
				<timestamp>3334.326598</timestamp>
			</report>
			<report>
				<misses>343500001</misses>
				<total>109</total>
				<timestamp>3335.295118</timestamp>
			</report>
			<report>
				<misses>343600001</misses>
				<total>109</total>
				<timestamp>3336.263733</timestamp>
			</report>
			<report>
				<misses>343700001</misses>
				<total>109</total>
				<timestamp>3337.232134</timestamp>
			</report>
			<report>
				<misses>343800001</misses>
				<total>109</total>
				<timestamp>3338.200566</timestamp>
			</report>
			<report>
				<misses>343900001</misses>
				<total>109</total>
				<timestamp>3339.168787</timestamp>
			</report>
			<report>
				<misses>344000001</misses>
				<total>109</total>
				<timestamp>3340.137156</timestamp>
			</report>
			<report>
				<misses>344100001</misses>
				<total>109</total>
				<timestamp>3341.105296</timestamp>
			</report>
			<report>
				<misses>344200001</misses>
				<total>109</total>
				<timestamp>3342.073788</timestamp>
			</report>
			<report>
				<misses>344300001</misses>
				<total>109</total>
				<timestamp>3343.042106</timestamp>
			</report>
			<report>
				<misses>344400001</misses>
				<total>109</total>
				<timestamp>3344.010821</timestamp>
			</report>
			<report>
				<misses>344500001</misses>
				<total>109</total>
				<timestamp>3344.978982</timestamp>
			</report>
			<report>
				<misses>344600001</misses>
				<total>109</total>
				<timestamp>3345.947640</timestamp>
			</report>
			<report>
				<misses>344700001</misses>
				<total>109</total>
				<timestamp>3346.915866</timestamp>
			</report>
			<report>
				<misses>344800001</misses>
				<total>109</total>
				<timestamp>3347.884476</timestamp>
			</report>
			<report>
				<misses>344900001</misses>
				<total>109</total>
				<timestamp>3348.852557</timestamp>
			</report>
			<report>
				<misses>345000001</misses>
				<total>109</total>
				<timestamp>3349.820997</timestamp>
			</report>
			<report>
				<misses>345100001</misses>
				<total>109</total>
				<timestamp>3350.789255</timestamp>
			</report>
			<report>
				<misses>345200001</misses>
				<total>109</total>
				<timestamp>3351.757395</timestamp>
			</report>
			<report>
				<misses>345300001</misses>
				<total>109</total>
				<timestamp>3352.725392</timestamp>
			</report>
			<report>
				<misses>345400001</misses>
				<total>109</total>
				<timestamp>3353.693931</timestamp>
			</report>
			<report>
				<misses>345500001</misses>
				<total>109</total>
				<timestamp>3354.662250</timestamp>
			</report>
			<report>
				<misses>345600001</misses>
				<total>109</total>
				<timestamp>3355.630795</timestamp>
			</report>
			<report>
				<misses>345700001</misses>
				<total>109</total>
				<timestamp>3356.598945</timestamp>
			</report>
			<report>
				<misses>345800001</misses>
				<total>109</total>
				<timestamp>3357.567383</timestamp>
			</report>
			<report>
				<misses>345900001</misses>
				<total>109</total>
				<timestamp>3358.536096</timestamp>
			</report>
			<report>
				<misses>346000001</misses>
				<total>109</total>
				<timestamp>3359.504529</timestamp>
			</report>
			<report>
				<misses>346100001</misses>
				<total>109</total>
				<timestamp>3360.473223</timestamp>
			</report>
			<report>
				<misses>346200001</misses>
				<total>109</total>
				<timestamp>3361.441354</timestamp>
			</report>
			<report>
				<misses>346300001</misses>
				<total>109</total>
				<timestamp>3362.410213</timestamp>
			</report>
			<report>
				<misses>346400001</misses>
				<total>109</total>
				<timestamp>3363.378696</timestamp>
			</report>
			<report>
				<misses>346500001</misses>
				<total>109</total>
				<timestamp>3364.347375</timestamp>
			</report>
			<report>
				<misses>346600001</misses>
				<total>109</total>
				<timestamp>3365.315928</timestamp>
			</report>
			<report>
				<misses>346700001</misses>
				<total>109</total>
				<timestamp>3366.284389</timestamp>
			</report>
			<report>
				<misses>346800001</misses>
				<total>109</total>
				<timestamp>3367.252783</timestamp>
			</report>
			<report>
				<misses>346900001</misses>
				<total>109</total>
				<timestamp>3368.221108</timestamp>
			</report>
			<report>
				<misses>347000001</misses>
				<total>109</total>
				<timestamp>3369.189896</timestamp>
			</report>
			<report>
				<misses>347100001</misses>
				<total>109</total>
				<timestamp>3370.158249</timestamp>
			</report>
			<report>
				<misses>347200001</misses>
				<total>109</total>
				<timestamp>3371.126872</timestamp>
			</report>
			<report>
				<misses>347300001</misses>
				<total>109</total>
				<timestamp>3372.095081</timestamp>
			</report>
			<report>
				<misses>347400001</misses>
				<total>109</total>
				<timestamp>3373.063894</timestamp>
			</report>
			<report>
				<misses>347500001</misses>
				<total>109</total>
				<timestamp>3374.032132</timestamp>
			</report>
			<report>
				<misses>347600001</misses>
				<total>109</total>
				<timestamp>3375.000678</timestamp>
			</report>
			<report>
				<misses>347700001</misses>
				<total>109</total>
				<timestamp>3375.968824</timestamp>
			</report>
			<report>
				<misses>347800001</misses>
				<total>109</total>
				<timestamp>3376.937094</timestamp>
			</report>
			<report>
				<misses>347900001</misses>
				<total>109</total>
				<timestamp>3377.905600</timestamp>
			</report>
			<report>
				<misses>348000001</misses>
				<total>109</total>
				<timestamp>3378.873936</timestamp>
			</report>
			<report>
				<misses>348100001</misses>
				<total>109</total>
				<timestamp>3379.842148</timestamp>
			</report>
			<report>
				<misses>348200001</misses>
				<total>109</total>
				<timestamp>3380.810821</timestamp>
			</report>
			<report>
				<misses>348300001</misses>
				<total>109</total>
				<timestamp>3381.779049</timestamp>
			</report>
			<report>
				<misses>348400001</misses>
				<total>109</total>
				<timestamp>3382.747643</timestamp>
			</report>
			<report>
				<misses>348500001</misses>
				<total>109</total>
				<timestamp>3383.715908</timestamp>
			</report>
			<report>
				<misses>348600001</misses>
				<total>109</total>
				<timestamp>3384.684427</timestamp>
			</report>
			<report>
				<misses>348700001</misses>
				<total>109</total>
				<timestamp>3385.652679</timestamp>
			</report>
			<report>
				<misses>348800001</misses>
				<total>109</total>
				<timestamp>3386.621318</timestamp>
			</report>
			<report>
				<misses>348900001</misses>
				<total>109</total>
				<timestamp>3387.589510</timestamp>
			</report>
			<report>
				<misses>349000001</misses>
				<total>109</total>
				<timestamp>3388.558046</timestamp>
			</report>
			<report>
				<misses>349100001</misses>
				<total>109</total>
				<timestamp>3389.526333</timestamp>
			</report>
			<report>
				<misses>349200001</misses>
				<total>109</total>
				<timestamp>3390.494937</timestamp>
			</report>
			<report>
				<misses>349300001</misses>
				<total>109</total>
				<timestamp>3391.463238</timestamp>
			</report>
			<report>
				<misses>349400001</misses>
				<total>109</total>
				<timestamp>3392.431826</timestamp>
			</report>
			<report>
				<misses>349500001</misses>
				<total>109</total>
				<timestamp>3393.400151</timestamp>
			</report>
			<report>
				<misses>349600001</misses>
				<total>109</total>
				<timestamp>3394.368697</timestamp>
			</report>
			<report>
				<misses>349700001</misses>
				<total>109</total>
				<timestamp>3395.336984</timestamp>
			</report>
			<report>
				<misses>349800001</misses>
				<total>109</total>
				<timestamp>3396.305332</timestamp>
			</report>
			<report>
				<misses>349900001</misses>
				<total>109</total>
				<timestamp>3397.273597</timestamp>
			</report>
			<report>
				<misses>350000001</misses>
				<total>109</total>
				<timestamp>3398.242330</timestamp>
			</report>
			<report>
				<misses>350100001</misses>
				<total>109</total>
				<timestamp>3399.210652</timestamp>
			</report>
			<report>
				<misses>350200001</misses>
				<total>109</total>
				<timestamp>3400.179350</timestamp>
			</report>
			<report>
				<misses>350300001</misses>
				<total>109</total>
				<timestamp>3401.147456</timestamp>
			</report>
			<report>
				<misses>350400001</misses>
				<total>109</total>
				<timestamp>3402.116067</timestamp>
			</report>
			<report>
				<misses>350500001</misses>
				<total>109</total>
				<timestamp>3403.084191</timestamp>
			</report>
			<report>
				<misses>350600001</misses>
				<total>109</total>
				<timestamp>3404.052751</timestamp>
			</report>
			<report>
				<misses>350700001</misses>
				<total>109</total>
				<timestamp>3405.021002</timestamp>
			</report>
			<report>
				<misses>350800001</misses>
				<total>109</total>
				<timestamp>3405.989512</timestamp>
			</report>
			<report>
				<misses>350900001</misses>
				<total>109</total>
				<timestamp>3406.957538</timestamp>
			</report>
			<report>
				<misses>351000001</misses>
				<total>109</total>
				<timestamp>3407.925910</timestamp>
			</report>
			<report>
				<misses>351100001</misses>
				<total>109</total>
				<timestamp>3408.894116</timestamp>
			</report>
			<report>
				<misses>351200001</misses>
				<total>109</total>
				<timestamp>3409.862566</timestamp>
			</report>
			<report>
				<misses>351300001</misses>
				<total>109</total>
				<timestamp>3410.830801</timestamp>
			</report>
			<report>
				<misses>351400001</misses>
				<total>109</total>
				<timestamp>3411.799271</timestamp>
			</report>
			<report>
				<misses>351500001</misses>
				<total>109</total>
				<timestamp>3412.767350</timestamp>
			</report>
			<report>
				<misses>351600001</misses>
				<total>109</total>
				<timestamp>3413.735880</timestamp>
			</report>
			<report>
				<misses>351700001</misses>
				<total>109</total>
				<timestamp>3414.703957</timestamp>
			</report>
			<report>
				<misses>351800001</misses>
				<total>109</total>
				<timestamp>3415.672534</timestamp>
			</report>
			<report>
				<misses>351900001</misses>
				<total>109</total>
				<timestamp>3416.640657</timestamp>
			</report>
			<report>
				<misses>352000001</misses>
				<total>109</total>
				<timestamp>3417.609419</timestamp>
			</report>
			<report>
				<misses>352100001</misses>
				<total>109</total>
				<timestamp>3418.577573</timestamp>
			</report>
			<report>
				<misses>352200001</misses>
				<total>109</total>
				<timestamp>3419.545722</timestamp>
			</report>
			<report>
				<misses>352300001</misses>
				<total>109</total>
				<timestamp>3420.513735</timestamp>
			</report>
			<report>
				<misses>352400001</misses>
				<total>109</total>
				<timestamp>3421.482351</timestamp>
			</report>
			<report>
				<misses>352500001</misses>
				<total>109</total>
				<timestamp>3422.450591</timestamp>
			</report>
			<report>
				<misses>352600001</misses>
				<total>109</total>
				<timestamp>3423.419413</timestamp>
			</report>
			<report>
				<misses>352700001</misses>
				<total>109</total>
				<timestamp>3424.387586</timestamp>
			</report>
			<report>
				<misses>352800001</misses>
				<total>109</total>
				<timestamp>3425.356334</timestamp>
			</report>
			<report>
				<misses>352900001</misses>
				<total>109</total>
				<timestamp>3426.324668</timestamp>
			</report>
			<report>
				<misses>353000001</misses>
				<total>109</total>
				<timestamp>3427.292933</timestamp>
			</report>
			<report>
				<misses>353100001</misses>
				<total>109</total>
				<timestamp>3428.260907</timestamp>
			</report>
			<report>
				<misses>353200001</misses>
				<total>109</total>
				<timestamp>3429.229579</timestamp>
			</report>
			<report>
				<misses>353300001</misses>
				<total>109</total>
				<timestamp>3430.197831</timestamp>
			</report>
			<report>
				<misses>353400001</misses>
				<total>109</total>
				<timestamp>3431.166367</timestamp>
			</report>
			<report>
				<misses>353500001</misses>
				<total>109</total>
				<timestamp>3432.134569</timestamp>
			</report>
			<report>
				<misses>353600001</misses>
				<total>109</total>
				<timestamp>3433.103140</timestamp>
			</report>
			<report>
				<misses>353700001</misses>
				<total>109</total>
				<timestamp>3434.071548</timestamp>
			</report>
			<report>
				<misses>353800001</misses>
				<total>109</total>
				<timestamp>3435.040270</timestamp>
			</report>
			<report>
				<misses>353900001</misses>
				<total>109</total>
				<timestamp>3436.008637</timestamp>
			</report>
			<report>
				<misses>354000001</misses>
				<total>109</total>
				<timestamp>3436.977179</timestamp>
			</report>
			<report>
				<misses>354100001</misses>
				<total>109</total>
				<timestamp>3437.945308</timestamp>
			</report>
			<report>
				<misses>354200001</misses>
				<total>109</total>
				<timestamp>3438.913729</timestamp>
			</report>
			<report>
				<misses>354300001</misses>
				<total>109</total>
				<timestamp>3439.881971</timestamp>
			</report>
			<report>
				<misses>354400001</misses>
				<total>109</total>
				<timestamp>3440.850390</timestamp>
			</report>
			<report>
				<misses>354500001</misses>
				<total>109</total>
				<timestamp>3441.818441</timestamp>
			</report>
			<report>
				<misses>354600001</misses>
				<total>109</total>
				<timestamp>3442.786835</timestamp>
			</report>
			<report>
				<misses>354700001</misses>
				<total>109</total>
				<timestamp>3443.755035</timestamp>
			</report>
			<report>
				<misses>354800001</misses>
				<total>109</total>
				<timestamp>3444.723421</timestamp>
			</report>
			<report>
				<misses>354900001</misses>
				<total>109</total>
				<timestamp>3445.691656</timestamp>
			</report>
			<report>
				<misses>355000001</misses>
				<total>109</total>
				<timestamp>3446.660112</timestamp>
			</report>
			<report>
				<misses>355100001</misses>
				<total>109</total>
				<timestamp>3447.628230</timestamp>
			</report>
			<report>
				<misses>355200001</misses>
				<total>109</total>
				<timestamp>3448.596719</timestamp>
			</report>
			<report>
				<misses>355300001</misses>
				<total>109</total>
				<timestamp>3449.564822</timestamp>
			</report>
			<report>
				<misses>355400001</misses>
				<total>109</total>
				<timestamp>3450.533163</timestamp>
			</report>
			<report>
				<misses>355500001</misses>
				<total>109</total>
				<timestamp>3451.501380</timestamp>
			</report>
			<report>
				<misses>355600001</misses>
				<total>109</total>
				<timestamp>3452.470074</timestamp>
			</report>
			<report>
				<misses>355700001</misses>
				<total>109</total>
				<timestamp>3453.438171</timestamp>
			</report>
			<report>
				<misses>355800001</misses>
				<total>109</total>
				<timestamp>3454.406623</timestamp>
			</report>
			<report>
				<misses>355900001</misses>
				<total>109</total>
				<timestamp>3455.374808</timestamp>
			</report>
			<report>
				<misses>356000001</misses>
				<total>109</total>
				<timestamp>3456.343196</timestamp>
			</report>
			<report>
				<misses>356100001</misses>
				<total>109</total>
				<timestamp>3457.311340</timestamp>
			</report>
			<report>
				<misses>356200001</misses>
				<total>109</total>
				<timestamp>3458.279756</timestamp>
			</report>
			<report>
				<misses>356300001</misses>
				<total>109</total>
				<timestamp>3459.247702</timestamp>
			</report>
			<report>
				<misses>356400001</misses>
				<total>109</total>
				<timestamp>3460.216069</timestamp>
			</report>
			<report>
				<misses>356500001</misses>
				<total>109</total>
				<timestamp>3461.184269</timestamp>
			</report>
			<report>
				<misses>356600001</misses>
				<total>109</total>
				<timestamp>3462.152704</timestamp>
			</report>
			<report>
				<misses>356700001</misses>
				<total>109</total>
				<timestamp>3463.120900</timestamp>
			</report>
			<report>
				<misses>356800001</misses>
				<total>109</total>
				<timestamp>3464.089365</timestamp>
			</report>
			<report>
				<misses>356900001</misses>
				<total>109</total>
				<timestamp>3465.057488</timestamp>
			</report>
			<report>
				<misses>357000001</misses>
				<total>109</total>
				<timestamp>3466.025861</timestamp>
			</report>
			<report>
				<misses>357100001</misses>
				<total>109</total>
				<timestamp>3466.993794</timestamp>
			</report>
			<report>
				<misses>357200001</misses>
				<total>109</total>
				<timestamp>3467.962497</timestamp>
			</report>
			<report>
				<misses>357300001</misses>
				<total>109</total>
				<timestamp>3468.930451</timestamp>
			</report>
			<report>
				<misses>357400001</misses>
				<total>109</total>
				<timestamp>3469.899183</timestamp>
			</report>
			<report>
				<misses>357500001</misses>
				<total>109</total>
				<timestamp>3470.867488</timestamp>
			</report>
			<report>
				<misses>357600001</misses>
				<total>109</total>
				<timestamp>3471.835950</timestamp>
			</report>
			<report>
				<misses>357700001</misses>
				<total>109</total>
				<timestamp>3472.804146</timestamp>
			</report>
			<report>
				<misses>357800001</misses>
				<total>109</total>
				<timestamp>3473.772640</timestamp>
			</report>
			<report>
				<misses>357900001</misses>
				<total>109</total>
				<timestamp>3474.740801</timestamp>
			</report>
			<report>
				<misses>358000001</misses>
				<total>109</total>
				<timestamp>3475.709354</timestamp>
			</report>
			<report>
				<misses>358100001</misses>
				<total>109</total>
				<timestamp>3476.677298</timestamp>
			</report>
			<report>
				<misses>358200001</misses>
				<total>109</total>
				<timestamp>3477.645988</timestamp>
			</report>
			<report>
				<misses>358300001</misses>
				<total>109</total>
				<timestamp>3478.613964</timestamp>
			</report>
			<report>
				<misses>358400001</misses>
				<total>109</total>
				<timestamp>3479.582462</timestamp>
			</report>
			<report>
				<misses>358500001</misses>
				<total>109</total>
				<timestamp>3480.550452</timestamp>
			</report>
			<report>
				<misses>358600001</misses>
				<total>109</total>
				<timestamp>3481.519060</timestamp>
			</report>
			<report>
				<misses>358700001</misses>
				<total>109</total>
				<timestamp>3482.487116</timestamp>
			</report>
			<report>
				<misses>358800001</misses>
				<total>109</total>
				<timestamp>3483.455811</timestamp>
			</report>
			<report>
				<misses>358900001</misses>
				<total>109</total>
				<timestamp>3484.423694</timestamp>
			</report>
			<report>
				<misses>359000001</misses>
				<total>109</total>
				<timestamp>3485.392069</timestamp>
			</report>
			<report>
				<misses>359100001</misses>
				<total>109</total>
				<timestamp>3486.360079</timestamp>
			</report>
			<report>
				<misses>359200001</misses>
				<total>109</total>
				<timestamp>3487.328630</timestamp>
			</report>
			<report>
				<misses>359300001</misses>
				<total>109</total>
				<timestamp>3488.296712</timestamp>
			</report>
			<report>
				<misses>359400001</misses>
				<total>109</total>
				<timestamp>3489.265263</timestamp>
			</report>
			<report>
				<misses>359500001</misses>
				<total>109</total>
				<timestamp>3490.233355</timestamp>
			</report>
			<report>
				<misses>359600001</misses>
				<total>109</total>
				<timestamp>3491.201731</timestamp>
			</report>
			<report>
				<misses>359700001</misses>
				<total>109</total>
				<timestamp>3492.169892</timestamp>
			</report>
			<report>
				<misses>359800001</misses>
				<total>109</total>
				<timestamp>3493.138010</timestamp>
			</report>
			<report>
				<misses>359900001</misses>
				<total>109</total>
				<timestamp>3494.106099</timestamp>
			</report>
			<report>
				<misses>360000001</misses>
				<total>109</total>
				<timestamp>3495.074506</timestamp>
			</report>
			<report>
				<misses>360100001</misses>
				<total>109</total>
				<timestamp>3496.042499</timestamp>
			</report>
			<report>
				<misses>360200001</misses>
				<total>109</total>
				<timestamp>3497.010995</timestamp>
			</report>
			<report>
				<misses>360300001</misses>
				<total>109</total>
				<timestamp>3497.979134</timestamp>
			</report>
			<report>
				<misses>360400001</misses>
				<total>109</total>
				<timestamp>3498.947724</timestamp>
			</report>
			<report>
				<misses>360500001</misses>
				<total>109</total>
				<timestamp>3499.915858</timestamp>
			</report>
			<report>
				<misses>360600001</misses>
				<total>109</total>
				<timestamp>3500.883929</timestamp>
			</report>
			<report>
				<misses>360700001</misses>
				<total>109</total>
				<timestamp>3501.852124</timestamp>
			</report>
			<report>
				<misses>360800001</misses>
				<total>109</total>
				<timestamp>3502.820533</timestamp>
			</report>
			<report>
				<misses>360900001</misses>
				<total>109</total>
				<timestamp>3503.788656</timestamp>
			</report>
			<report>
				<misses>361000001</misses>
				<total>109</total>
				<timestamp>3504.756984</timestamp>
			</report>
			<report>
				<misses>361100001</misses>
				<total>109</total>
				<timestamp>3505.725073</timestamp>
			</report>
			<report>
				<misses>361200001</misses>
				<total>109</total>
				<timestamp>3506.693514</timestamp>
			</report>
			<report>
				<misses>361300001</misses>
				<total>109</total>
				<timestamp>3507.661597</timestamp>
			</report>
			<report>
				<misses>361400001</misses>
				<total>109</total>
				<timestamp>3508.629951</timestamp>
			</report>
			<report>
				<misses>361500001</misses>
				<total>109</total>
				<timestamp>3509.598106</timestamp>
			</report>
			<report>
				<misses>361600001</misses>
				<total>109</total>
				<timestamp>3510.566332</timestamp>
			</report>
			<report>
				<misses>361700001</misses>
				<total>109</total>
				<timestamp>3511.534432</timestamp>
			</report>
			<report>
				<misses>361800001</misses>
				<total>109</total>
				<timestamp>3512.502730</timestamp>
			</report>
			<report>
				<misses>361900001</misses>
				<total>109</total>
				<timestamp>3513.470799</timestamp>
			</report>
			<report>
				<misses>362000001</misses>
				<total>109</total>
				<timestamp>3514.439437</timestamp>
			</report>
			<report>
				<misses>362100001</misses>
				<total>109</total>
				<timestamp>3515.407524</timestamp>
			</report>
			<report>
				<misses>362200001</misses>
				<total>109</total>
				<timestamp>3516.375864</timestamp>
			</report>
			<report>
				<misses>362300001</misses>
				<total>109</total>
				<timestamp>3517.344011</timestamp>
			</report>
			<report>
				<misses>362400001</misses>
				<total>109</total>
				<timestamp>3518.311997</timestamp>
			</report>
			<report>
				<misses>362500001</misses>
				<total>109</total>
				<timestamp>3519.280339</timestamp>
			</report>
			<report>
				<misses>362600001</misses>
				<total>109</total>
				<timestamp>3520.248575</timestamp>
			</report>
			<report>
				<misses>362700001</misses>
				<total>109</total>
				<timestamp>3521.217046</timestamp>
			</report>
			<report>
				<misses>362800001</misses>
				<total>109</total>
				<timestamp>3522.185269</timestamp>
			</report>
			<report>
				<misses>362900001</misses>
				<total>109</total>
				<timestamp>3523.153885</timestamp>
			</report>
			<report>
				<misses>363000001</misses>
				<total>109</total>
				<timestamp>3524.121803</timestamp>
			</report>
			<report>
				<misses>363100001</misses>
				<total>109</total>
				<timestamp>3525.090273</timestamp>
			</report>
			<report>
				<misses>363200001</misses>
				<total>109</total>
				<timestamp>3526.058351</timestamp>
			</report>
			<report>
				<misses>363300001</misses>
				<total>109</total>
				<timestamp>3527.026632</timestamp>
			</report>
			<report>
				<misses>363400001</misses>
				<total>109</total>
				<timestamp>3527.994623</timestamp>
			</report>
			<report>
				<misses>363500001</misses>
				<total>109</total>
				<timestamp>3528.963219</timestamp>
			</report>
			<report>
				<misses>363600001</misses>
				<total>109</total>
				<timestamp>3529.931259</timestamp>
			</report>
			<report>
				<misses>363700001</misses>
				<total>109</total>
				<timestamp>3530.899594</timestamp>
			</report>
			<report>
				<misses>363800001</misses>
				<total>109</total>
				<timestamp>3531.867758</timestamp>
			</report>
			<report>
				<misses>363900001</misses>
				<total>109</total>
				<timestamp>3532.835940</timestamp>
			</report>
			<report>
				<misses>364000001</misses>
				<total>109</total>
				<timestamp>3533.804489</timestamp>
			</report>
			<report>
				<misses>364100001</misses>
				<total>109</total>
				<timestamp>3534.772539</timestamp>
			</report>
			<report>
				<misses>364200001</misses>
				<total>109</total>
				<timestamp>3535.741031</timestamp>
			</report>
			<report>
				<misses>364300001</misses>
				<total>109</total>
				<timestamp>3536.709198</timestamp>
			</report>
			<report>
				<misses>364400001</misses>
				<total>109</total>
				<timestamp>3537.677741</timestamp>
			</report>
			<report>
				<misses>364500001</misses>
				<total>109</total>
				<timestamp>3538.645718</timestamp>
			</report>
			<report>
				<misses>364600001</misses>
				<total>109</total>
				<timestamp>3539.614020</timestamp>
			</report>
			<report>
				<misses>364700001</misses>
				<total>109</total>
				<timestamp>3540.582255</timestamp>
			</report>
			<report>
				<misses>364800001</misses>
				<total>109</total>
				<timestamp>3541.550403</timestamp>
			</report>
			<report>
				<misses>364900001</misses>
				<total>109</total>
				<timestamp>3542.518448</timestamp>
			</report>
			<report>
				<misses>365000001</misses>
				<total>109</total>
				<timestamp>3543.486695</timestamp>
			</report>
			<report>
				<misses>365100001</misses>
				<total>109</total>
				<timestamp>3544.454743</timestamp>
			</report>
			<report>
				<misses>365200001</misses>
				<total>109</total>
				<timestamp>3545.423279</timestamp>
			</report>
			<report>
				<misses>365300001</misses>
				<total>109</total>
				<timestamp>3546.391385</timestamp>
			</report>
			<report>
				<misses>365400001</misses>
				<total>109</total>
				<timestamp>3547.359951</timestamp>
			</report>
			<report>
				<misses>365500001</misses>
				<total>109</total>
				<timestamp>3548.328011</timestamp>
			</report>
			<report>
				<misses>365600001</misses>
				<total>109</total>
				<timestamp>3549.296251</timestamp>
			</report>
			<report>
				<misses>365700001</misses>
				<total>109</total>
				<timestamp>3550.264393</timestamp>
			</report>
			<report>
				<misses>365800001</misses>
				<total>109</total>
				<timestamp>3551.232836</timestamp>
			</report>
			<report>
				<misses>365900001</misses>
				<total>109</total>
				<timestamp>3552.201058</timestamp>
			</report>
			<report>
				<misses>366000001</misses>
				<total>109</total>
				<timestamp>3553.169420</timestamp>
			</report>
			<report>
				<misses>366100001</misses>
				<total>109</total>
				<timestamp>3554.137497</timestamp>
			</report>
			<report>
				<misses>366200001</misses>
				<total>109</total>
				<timestamp>3555.106076</timestamp>
			</report>
			<report>
				<misses>366300001</misses>
				<total>109</total>
				<timestamp>3556.074280</timestamp>
			</report>
			<report>
				<misses>366400001</misses>
				<total>109</total>
				<timestamp>3557.042901</timestamp>
			</report>
			<report>
				<misses>366500001</misses>
				<total>109</total>
				<timestamp>3558.010831</timestamp>
			</report>
			<report>
				<misses>366600001</misses>
				<total>109</total>
				<timestamp>3558.979270</timestamp>
			</report>
			<report>
				<misses>366700001</misses>
				<total>109</total>
				<timestamp>3559.947224</timestamp>
			</report>
			<report>
				<misses>366800001</misses>
				<total>109</total>
				<timestamp>3560.915607</timestamp>
			</report>
			<report>
				<misses>366900001</misses>
				<total>109</total>
				<timestamp>3561.883769</timestamp>
			</report>
			<report>
				<misses>367000001</misses>
				<total>109</total>
				<timestamp>3562.852031</timestamp>
			</report>
			<report>
				<misses>367100001</misses>
				<total>109</total>
				<timestamp>3563.820316</timestamp>
			</report>
			<report>
				<misses>367200001</misses>
				<total>109</total>
				<timestamp>3564.788740</timestamp>
			</report>
			<report>
				<misses>367300001</misses>
				<total>109</total>
				<timestamp>3565.756619</timestamp>
			</report>
			<report>
				<misses>367400001</misses>
				<total>109</total>
				<timestamp>3566.724632</timestamp>
			</report>
			<report>
				<misses>367500001</misses>
				<total>109</total>
				<timestamp>3567.692648</timestamp>
			</report>
			<report>
				<misses>367600001</misses>
				<total>109</total>
				<timestamp>3568.660786</timestamp>
			</report>
			<report>
				<misses>367700001</misses>
				<total>109</total>
				<timestamp>3569.629350</timestamp>
			</report>
			<report>
				<misses>367800001</misses>
				<total>109</total>
				<timestamp>3570.597456</timestamp>
			</report>
			<report>
				<misses>367900001</misses>
				<total>109</total>
				<timestamp>3571.565584</timestamp>
			</report>
			<report>
				<misses>368000001</misses>
				<total>109</total>
				<timestamp>3572.533613</timestamp>
			</report>
			<report>
				<misses>368100001</misses>
				<total>109</total>
				<timestamp>3573.501823</timestamp>
			</report>
			<report>
				<misses>368200001</misses>
				<total>109</total>
				<timestamp>3574.469939</timestamp>
			</report>
			<report>
				<misses>368300001</misses>
				<total>109</total>
				<timestamp>3575.438269</timestamp>
			</report>
			<report>
				<misses>368400001</misses>
				<total>109</total>
				<timestamp>3576.406747</timestamp>
			</report>
			<report>
				<misses>368500001</misses>
				<total>109</total>
				<timestamp>3577.374771</timestamp>
			</report>
			<report>
				<misses>368600001</misses>
				<total>109</total>
				<timestamp>3578.343297</timestamp>
			</report>
			<report>
				<misses>368700001</misses>
				<total>109</total>
				<timestamp>3579.311124</timestamp>
			</report>
			<report>
				<misses>368800001</misses>
				<total>109</total>
				<timestamp>3580.279581</timestamp>
			</report>
			<report>
				<misses>368900001</misses>
				<total>109</total>
				<timestamp>3581.247801</timestamp>
			</report>
			<report>
				<misses>369000001</misses>
				<total>109</total>
				<timestamp>3582.216418</timestamp>
			</report>
			<report>
				<misses>369100001</misses>
				<total>109</total>
				<timestamp>3583.184598</timestamp>
			</report>
			<report>
				<misses>369200001</misses>
				<total>109</total>
				<timestamp>3584.153255</timestamp>
			</report>
			<report>
				<misses>369300001</misses>
				<total>109</total>
				<timestamp>3585.121242</timestamp>
			</report>
			<report>
				<misses>369400001</misses>
				<total>109</total>
				<timestamp>3586.089514</timestamp>
			</report>
			<report>
				<misses>369500001</misses>
				<total>109</total>
				<timestamp>3587.057583</timestamp>
			</report>
			<report>
				<misses>369600001</misses>
				<total>109</total>
				<timestamp>3588.026169</timestamp>
			</report>
			<report>
				<misses>369700001</misses>
				<total>109</total>
				<timestamp>3588.994298</timestamp>
			</report>
			<report>
				<misses>369800001</misses>
				<total>109</total>
				<timestamp>3589.962741</timestamp>
			</report>
			<report>
				<misses>369900001</misses>
				<total>109</total>
				<timestamp>3590.930834</timestamp>
			</report>
			<report>
				<misses>370000001</misses>
				<total>109</total>
				<timestamp>3591.899067</timestamp>
			</report>
			<report>
				<misses>370100001</misses>
				<total>109</total>
				<timestamp>3592.867301</timestamp>
			</report>
			<report>
				<misses>370200001</misses>
				<total>109</total>
				<timestamp>3593.835785</timestamp>
			</report>
			<report>
				<misses>370300001</misses>
				<total>109</total>
				<timestamp>3594.803872</timestamp>
			</report>
			<report>
				<misses>370400001</misses>
				<total>109</total>
				<timestamp>3595.772385</timestamp>
			</report>
			<report>
				<misses>370500001</misses>
				<total>109</total>
				<timestamp>3596.740423</timestamp>
			</report>
			<report>
				<misses>370600001</misses>
				<total>109</total>
				<timestamp>3597.708752</timestamp>
			</report>
			<report>
				<misses>370700001</misses>
				<total>109</total>
				<timestamp>3598.676971</timestamp>
			</report>
			<report>
				<misses>370800001</misses>
				<total>109</total>
				<timestamp>3599.645318</timestamp>
			</report>
		</query>
	</custom>
	<ethtool_statistic>
		<rx_packets>
			<start>1469046692</start>
			<end>1834336039</end>
		</rx_packets>
		<tx_packets>
			<start>1246725657</start>
			<end>1617562985</end>
		</tx_packets>
		<rx_dropped>
			<start>0</start>
			<end>0</end>
		</rx_dropped>
		<tx_dropped>
			<start>0</start>
			<end>0</end>
		</tx_dropped>
		<collisions>
			<start>0</start>
			<end>0</end>
		</collisions>
		<port_tx_errors>
			<start>0</start>
			<end>0</end>
		</port_tx_errors>
		<port_rx_dropped>
			<start>0</start>
			<end>0</end>
		</port_rx_dropped>
		<port_tx_dropped_link_down>
			<start>0</start>
			<end>0</end>
		</port_tx_dropped_link_down>
	</ethtool_statistic>
	<ip_statistic>
		<mtu>
			<start>9000</start>
			<end>9000</end>
		</mtu>
		<rx_bytes>
			<start>544766637059</start>
			<end>3811115167737</end>
		</rx_bytes>
		<rx_packets>
			<start>1469046868</start>
			<end>1834336039</end>
		</rx_packets>
		<rx_errors>
			<start>0</start>
			<end>0</end>
		</rx_errors>
		<rx_dropped>
			<start>0</start>
			<end>0</end>
		</rx_dropped>
		<rx_missed>
			<start>0</start>
			<end>0</end>
		</rx_missed>
		<rx_mcast>
			<start>46</start>
			<end>50</end>
		</rx_mcast>
		<tx_bytes>
			<start>740435631009</start>
			<end>4056395727471</end>
		</tx_bytes>
		<tx_packets>
			<start>1246725657</start>
			<end>1617562985</end>
		</tx_packets>
		<tx_errors>
			<start>0</start>
			<end>0</end>
		</tx_errors>
		<tx_dropped>
			<start>0</start>
			<end>0</end>
		</tx_dropped>
		<tx_carrier>
			<start>0</start>
			<end>0</end>
		</tx_carrier>
		<tx_collisions>
			<start>0</start>
			<end>0</end>
		</tx_collisions>
	</ip_statistic>
	<netstat_statistic>
		<udp_pkg_rec>
			<start>1205088817</start>
			<end>1570397337</end>
		</udp_pkg_rec>
		<udp_pkg_snt>
			<start>1246776026</start>
			<end>1617632831</end>
		</udp_pkg_snt>
		<udp_rec_err>
			<start>0</start>
			<end>0</end>
		</udp_rec_err>
		<udp_rec_buf_err>
			<start>0</start>
			<end>0</end>
		</udp_rec_buf_err>
		<udp_snt_buf_err>
			<start>0</start>
			<end>0</end>
		</udp_snt_buf_err>
	</netstat_statistic>
</test_results>
