<?xml version="1.0"?>
<test_results>
	<status>STATUS_SUCCESS</status>
	<custom>
		<num_loss>-1</num_loss>
		<num_total>-1</num_total>
		<num_misses>-1</num_misses>
		<elapsed_time>-1.000000</elapsed_time>
		<query />
	</custom>
	<ethtool_statistic>
		<rx_packets>
			<start>472711279</start>
			<end>941220028</end>
		</rx_packets>
		<tx_packets>
			<start>925610276</start>
			<end>1529541979</end>
		</tx_packets>
		<rx_dropped>
			<start>63434054</start>
			<end>63434054</end>
		</rx_dropped>
		<tx_dropped>
			<start>0</start>
			<end>0</end>
		</tx_dropped>
		<collisions>
			<start>0</start>
			<end>0</end>
		</collisions>
		<port_tx_errors>
			<start>0</start>
			<end>0</end>
		</port_tx_errors>
		<port_rx_dropped>
			<start>0</start>
			<end>0</end>
		</port_rx_dropped>
		<port_tx_dropped_link_down>
			<start>0</start>
			<end>0</end>
		</port_tx_dropped_link_down>
	</ethtool_statistic>
	<ip_statistic>
		<mtu>
			<start>9000</start>
			<end>9000</end>
		</mtu>
		<rx_bytes>
			<start>104297739029</start>
			<end>161455128455</end>
		</rx_bytes>
		<rx_packets>
			<start>472711279</start>
			<end>941220028</end>
		</rx_packets>
		<rx_errors>
			<start>0</start>
			<end>0</end>
		</rx_errors>
		<rx_dropped>
			<start>63434054</start>
			<end>63434054</end>
		</rx_dropped>
		<rx_missed>
			<start>0</start>
			<end>0</end>
		</rx_missed>
		<rx_mcast>
			<start>42</start>
			<end>44</end>
		</rx_mcast>
		<tx_bytes>
			<start>499594324489</start>
			<end>573273216673</end>
		</tx_bytes>
		<tx_packets>
			<start>925610276</start>
			<end>1529541979</end>
		</tx_packets>
		<tx_errors>
			<start>0</start>
			<end>0</end>
		</tx_errors>
		<tx_dropped>
			<start>0</start>
			<end>0</end>
		</tx_dropped>
		<tx_carrier>
			<start>0</start>
			<end>0</end>
		</tx_carrier>
		<tx_collisions>
			<start>0</start>
			<end>0</end>
		</tx_collisions>
	</ip_statistic>
	<netstat_statistic>
		<udp_pkg_rec>
			<start>2138391657</start>
			<end>4258746207</end>
		</udp_pkg_rec>
		<udp_pkg_snt>
			<start>2540246961</start>
			<end>4909493150</end>
		</udp_pkg_snt>
		<udp_rec_err>
			<start>343</start>
			<end>343</end>
		</udp_rec_err>
		<udp_rec_buf_err>
			<start>343</start>
			<end>343</end>
		</udp_rec_buf_err>
		<udp_snt_buf_err>
			<start>2</start>
			<end>2</end>
		</udp_snt_buf_err>
	</netstat_statistic>
</test_results>
