<?xml version="1.0"?>
<test_results>
	<status>STATUS_SUCCESS</status>
	<custom>
		<num_loss>183</num_loss>
		<num_total>4724254</num_total>
		<num_misses>115258985</num_misses>
		<elapsed_time>299.957981</elapsed_time>
		<query>
			<report>
				<misses>100001</misses>
				<total>0</total>
				<timestamp>6.348513</timestamp>
			</report>
			<report>
				<misses>200001</misses>
				<total>0</total>
				<timestamp>12.729784</timestamp>
			</report>
			<report>
				<misses>300001</misses>
				<total>0</total>
				<timestamp>19.103694</timestamp>
			</report>
			<report>
				<misses>400001</misses>
				<total>0</total>
				<timestamp>25.454772</timestamp>
			</report>
			<report>
				<misses>500001</misses>
				<total>0</total>
				<timestamp>31.854993</timestamp>
			</report>
			<report>
				<misses>600001</misses>
				<total>0</total>
				<timestamp>38.247208</timestamp>
			</report>
			<report>
				<misses>700001</misses>
				<total>0</total>
				<timestamp>44.602432</timestamp>
			</report>
			<report>
				<misses>800001</misses>
				<total>36</total>
				<timestamp>50.945960</timestamp>
			</report>
			<report>
				<misses>900001</misses>
				<total>36</total>
				<timestamp>57.294157</timestamp>
			</report>
			<report>
				<misses>1000001</misses>
				<total>36</total>
				<timestamp>63.647168</timestamp>
			</report>
			<report>
				<misses>1100001</misses>
				<total>36</total>
				<timestamp>70.010383</timestamp>
			</report>
			<report>
				<misses>1200001</misses>
				<total>36</total>
				<timestamp>76.376189</timestamp>
			</report>
			<report>
				<misses>1300001</misses>
				<total>36</total>
				<timestamp>82.733168</timestamp>
			</report>
			<report>
				<misses>1400001</misses>
				<total>36</total>
				<timestamp>89.083744</timestamp>
			</report>
			<report>
				<misses>1500001</misses>
				<total>36</total>
				<timestamp>95.441463</timestamp>
			</report>
			<report>
				<misses>1600001</misses>
				<total>36</total>
				<timestamp>101.798657</timestamp>
			</report>
			<report>
				<misses>1700001</misses>
				<total>71</total>
				<timestamp>108.144846</timestamp>
			</report>
			<report>
				<misses>1800001</misses>
				<total>71</total>
				<timestamp>114.621853</timestamp>
			</report>
			<report>
				<misses>1900001</misses>
				<total>71</total>
				<timestamp>120.967208</timestamp>
			</report>
			<report>
				<misses>2000001</misses>
				<total>71</total>
				<timestamp>127.304731</timestamp>
			</report>
			<report>
				<misses>2100001</misses>
				<total>71</total>
				<timestamp>133.656028</timestamp>
			</report>
			<report>
				<misses>2200001</misses>
				<total>71</total>
				<timestamp>139.985527</timestamp>
			</report>
			<report>
				<misses>2300001</misses>
				<total>71</total>
				<timestamp>146.319821</timestamp>
			</report>
			<report>
				<misses>2400001</misses>
				<total>71</total>
				<timestamp>152.660629</timestamp>
			</report>
			<report>
				<misses>2500001</misses>
				<total>71</total>
				<timestamp>158.995712</timestamp>
			</report>
			<report>
				<misses>2600001</misses>
				<total>71</total>
				<timestamp>165.336532</timestamp>
			</report>
			<report>
				<misses>2700001</misses>
				<total>108</total>
				<timestamp>171.650458</timestamp>
			</report>
			<report>
				<misses>2800001</misses>
				<total>108</total>
				<timestamp>177.972899</timestamp>
			</report>
			<report>
				<misses>2900001</misses>
				<total>108</total>
				<timestamp>184.301843</timestamp>
			</report>
			<report>
				<misses>3000001</misses>
				<total>108</total>
				<timestamp>190.635185</timestamp>
			</report>
			<report>
				<misses>3100001</misses>
				<total>108</total>
				<timestamp>196.987435</timestamp>
			</report>
			<report>
				<misses>3200001</misses>
				<total>108</total>
				<timestamp>203.315202</timestamp>
			</report>
			<report>
				<misses>3300001</misses>
				<total>108</total>
				<timestamp>209.654544</timestamp>
			</report>
			<report>
				<misses>3400001</misses>
				<total>108</total>
				<timestamp>215.982633</timestamp>
			</report>
			<report>
				<misses>3500001</misses>
				<total>108</total>
				<timestamp>222.316785</timestamp>
			</report>
			<report>
				<misses>3600001</misses>
				<total>145</total>
				<timestamp>228.652181</timestamp>
			</report>
			<report>
				<misses>3700001</misses>
				<total>145</total>
				<timestamp>234.998477</timestamp>
			</report>
			<report>
				<misses>3800001</misses>
				<total>145</total>
				<timestamp>241.333342</timestamp>
			</report>
			<report>
				<misses>3900001</misses>
				<total>145</total>
				<timestamp>247.674662</timestamp>
			</report>
			<report>
				<misses>4000001</misses>
				<total>145</total>
				<timestamp>254.006915</timestamp>
			</report>
			<report>
				<misses>4100001</misses>
				<total>145</total>
				<timestamp>260.358837</timestamp>
			</report>
			<report>
				<misses>4200001</misses>
				<total>145</total>
				<timestamp>266.698633</timestamp>
			</report>
			<report>
				<misses>4300001</misses>
				<total>145</total>
				<timestamp>273.033622</timestamp>
			</report>
			<report>
				<misses>4400001</misses>
				<total>145</total>
				<timestamp>279.377134</timestamp>
			</report>
			<report>
				<misses>4500001</misses>
				<total>145</total>
				<timestamp>285.698136</timestamp>
			</report>
			<report>
				<misses>4600001</misses>
				<total>183</total>
				<timestamp>292.051892</timestamp>
			</report>
			<report>
				<misses>4700001</misses>
				<total>183</total>
				<timestamp>298.404006</timestamp>
			</report>
		</query>
	</custom>
	<ethtool_statistic>
		<rx_packets>
			<start>52913133</start>
			<end>98728099</end>
		</rx_packets>
		<tx_packets>
			<start>65569177</start>
			<end>103362959</end>
		</tx_packets>
		<rx_dropped>
			<start>0</start>
			<end>0</end>
		</rx_dropped>
		<tx_dropped>
			<start>0</start>
			<end>0</end>
		</tx_dropped>
		<collisions>
			<start>0</start>
			<end>0</end>
		</collisions>
		<port_tx_errors>
			<start>0</start>
			<end>0</end>
		</port_tx_errors>
		<port_rx_dropped>
			<start>0</start>
			<end>0</end>
		</port_rx_dropped>
		<port_tx_dropped_link_down>
			<start>0</start>
			<end>0</end>
		</port_tx_dropped_link_down>
	</ethtool_statistic>
	<ip_statistic>
		<mtu>
			<start>9000</start>
			<end>9000</end>
		</mtu>
		<rx_bytes>
			<start>218175287389</start>
			<end>592024389527</end>
		</rx_bytes>
		<rx_packets>
			<start>52913133</start>
			<end>98728099</end>
		</rx_packets>
		<rx_errors>
			<start>0</start>
			<end>0</end>
		</rx_errors>
		<rx_dropped>
			<start>0</start>
			<end>0</end>
		</rx_dropped>
		<rx_missed>
			<start>0</start>
			<end>0</end>
		</rx_missed>
		<rx_mcast>
			<start>4</start>
			<end>4</end>
		</rx_mcast>
		<tx_bytes>
			<start>262395033556</start>
			<end>570791272932</end>
		</tx_bytes>
		<tx_packets>
			<start>65569177</start>
			<end>103362959</end>
		</tx_packets>
		<tx_errors>
			<start>0</start>
			<end>0</end>
		</tx_errors>
		<tx_dropped>
			<start>0</start>
			<end>0</end>
		</tx_dropped>
		<tx_carrier>
			<start>0</start>
			<end>0</end>
		</tx_carrier>
		<tx_collisions>
			<start>0</start>
			<end>0</end>
		</tx_collisions>
	</ip_statistic>
	<netstat_statistic>
		<udp_pkg_rec>
			<start>528686622</start>
			<end>568967092</end>
		</udp_pkg_rec>
		<udp_pkg_snt>
			<start>522372231</start>
			<end>560131602</end>
		</udp_pkg_snt>
		<udp_rec_err>
			<start>0</start>
			<end>0</end>
		</udp_rec_err>
		<udp_rec_buf_err>
			<start>0</start>
			<end>0</end>
		</udp_rec_buf_err>
		<udp_snt_buf_err>
			<start>0</start>
			<end>0</end>
		</udp_snt_buf_err>
	</netstat_statistic>
</test_results>
