<?xml version="1.0"?>
<test_results>
	<status>STATUS_SUCCESS</status>
	<custom>
		<num_loss>50</num_loss>
		<num_total>46500001</num_total>
		<num_misses>7909</num_misses>
		<elapsed_time>4650.744586</elapsed_time>
		<query>
			<report>
				<misses>100000</misses>
				<total>0</total>
				<timestamp>10.001562</timestamp>
			</report>
			<report>
				<misses>200000</misses>
				<total>1</total>
				<timestamp>20.004259</timestamp>
			</report>
			<report>
				<misses>300000</misses>
				<total>2</total>
				<timestamp>30.006059</timestamp>
			</report>
			<report>
				<misses>400000</misses>
				<total>1</total>
				<timestamp>40.007884</timestamp>
			</report>
			<report>
				<misses>500000</misses>
				<total>2</total>
				<timestamp>50.008903</timestamp>
			</report>
			<report>
				<misses>600000</misses>
				<total>1</total>
				<timestamp>60.011473</timestamp>
			</report>
			<report>
				<misses>700000</misses>
				<total>1</total>
				<timestamp>70.013174</timestamp>
			</report>
			<report>
				<misses>800000</misses>
				<total>1</total>
				<timestamp>80.015446</timestamp>
			</report>
			<report>
				<misses>900000</misses>
				<total>1</total>
				<timestamp>90.016250</timestamp>
			</report>
			<report>
				<misses>1000000</misses>
				<total>1</total>
				<timestamp>100.018495</timestamp>
			</report>
			<report>
				<misses>1100000</misses>
				<total>0</total>
				<timestamp>110.020272</timestamp>
			</report>
			<report>
				<misses>1200000</misses>
				<total>1</total>
				<timestamp>120.021558</timestamp>
			</report>
			<report>
				<misses>1300000</misses>
				<total>1</total>
				<timestamp>130.022358</timestamp>
			</report>
			<report>
				<misses>1400000</misses>
				<total>1</total>
				<timestamp>140.023952</timestamp>
			</report>
			<report>
				<misses>1500000</misses>
				<total>2</total>
				<timestamp>150.025945</timestamp>
			</report>
			<report>
				<misses>1600000</misses>
				<total>2</total>
				<timestamp>160.028869</timestamp>
			</report>
			<report>
				<misses>1700000</misses>
				<total>2</total>
				<timestamp>170.031163</timestamp>
			</report>
			<report>
				<misses>1800000</misses>
				<total>2</total>
				<timestamp>180.031961</timestamp>
			</report>
			<report>
				<misses>1900000</misses>
				<total>2</total>
				<timestamp>190.033852</timestamp>
			</report>
			<report>
				<misses>2000000</misses>
				<total>2</total>
				<timestamp>200.034949</timestamp>
			</report>
			<report>
				<misses>2100000</misses>
				<total>2</total>
				<timestamp>210.036675</timestamp>
			</report>
			<report>
				<misses>2200000</misses>
				<total>2</total>
				<timestamp>220.038762</timestamp>
			</report>
			<report>
				<misses>2300000</misses>
				<total>2</total>
				<timestamp>230.041351</timestamp>
			</report>
			<report>
				<misses>2400000</misses>
				<total>2</total>
				<timestamp>240.042855</timestamp>
			</report>
			<report>
				<misses>2500000</misses>
				<total>2</total>
				<timestamp>250.043975</timestamp>
			</report>
			<report>
				<misses>2600000</misses>
				<total>2</total>
				<timestamp>260.045147</timestamp>
			</report>
			<report>
				<misses>2700000</misses>
				<total>1</total>
				<timestamp>270.046763</timestamp>
			</report>
			<report>
				<misses>2800000</misses>
				<total>2</total>
				<timestamp>280.048165</timestamp>
			</report>
			<report>
				<misses>2900000</misses>
				<total>1</total>
				<timestamp>290.049663</timestamp>
			</report>
			<report>
				<misses>3000000</misses>
				<total>2</total>
				<timestamp>300.051961</timestamp>
			</report>
			<report>
				<misses>3100000</misses>
				<total>2</total>
				<timestamp>310.053645</timestamp>
			</report>
			<report>
				<misses>3200000</misses>
				<total>2</total>
				<timestamp>320.055459</timestamp>
			</report>
			<report>
				<misses>3300000</misses>
				<total>2</total>
				<timestamp>330.056674</timestamp>
			</report>
			<report>
				<misses>3400000</misses>
				<total>2</total>
				<timestamp>340.058465</timestamp>
			</report>
			<report>
				<misses>3500000</misses>
				<total>1</total>
				<timestamp>350.060060</timestamp>
			</report>
			<report>
				<misses>3600000</misses>
				<total>2</total>
				<timestamp>360.062065</timestamp>
			</report>
			<report>
				<misses>3700000</misses>
				<total>2</total>
				<timestamp>370.064259</timestamp>
			</report>
			<report>
				<misses>3800000</misses>
				<total>2</total>
				<timestamp>380.065268</timestamp>
			</report>
			<report>
				<misses>3900000</misses>
				<total>2</total>
				<timestamp>390.066063</timestamp>
			</report>
			<report>
				<misses>4000000</misses>
				<total>2</total>
				<timestamp>400.067754</timestamp>
			</report>
			<report>
				<misses>4100000</misses>
				<total>2</total>
				<timestamp>410.069145</timestamp>
			</report>
			<report>
				<misses>4200000</misses>
				<total>2</total>
				<timestamp>420.070368</timestamp>
			</report>
			<report>
				<misses>4300000</misses>
				<total>1</total>
				<timestamp>430.072707</timestamp>
			</report>
			<report>
				<misses>4400000</misses>
				<total>2</total>
				<timestamp>440.074566</timestamp>
			</report>
			<report>
				<misses>4500000</misses>
				<total>3</total>
				<timestamp>450.076148</timestamp>
			</report>
			<report>
				<misses>4600000</misses>
				<total>2</total>
				<timestamp>460.076885</timestamp>
			</report>
			<report>
				<misses>4700000</misses>
				<total>1</total>
				<timestamp>470.078163</timestamp>
			</report>
			<report>
				<misses>4800000</misses>
				<total>3</total>
				<timestamp>480.079565</timestamp>
			</report>
			<report>
				<misses>4900000</misses>
				<total>3</total>
				<timestamp>490.081154</timestamp>
			</report>
			<report>
				<misses>5000000</misses>
				<total>3</total>
				<timestamp>500.082959</timestamp>
			</report>
			<report>
				<misses>5100000</misses>
				<total>3</total>
				<timestamp>510.084462</timestamp>
			</report>
			<report>
				<misses>5200000</misses>
				<total>3</total>
				<timestamp>520.085365</timestamp>
			</report>
			<report>
				<misses>5300000</misses>
				<total>3</total>
				<timestamp>530.087658</timestamp>
			</report>
			<report>
				<misses>5400000</misses>
				<total>3</total>
				<timestamp>540.089256</timestamp>
			</report>
			<report>
				<misses>5500000</misses>
				<total>4</total>
				<timestamp>550.090876</timestamp>
			</report>
			<report>
				<misses>5600000</misses>
				<total>4</total>
				<timestamp>560.092954</timestamp>
			</report>
			<report>
				<misses>5700000</misses>
				<total>5</total>
				<timestamp>570.095449</timestamp>
			</report>
			<report>
				<misses>5800000</misses>
				<total>4</total>
				<timestamp>580.096455</timestamp>
			</report>
			<report>
				<misses>5900000</misses>
				<total>4</total>
				<timestamp>590.098160</timestamp>
			</report>
			<report>
				<misses>6000000</misses>
				<total>4</total>
				<timestamp>600.098969</timestamp>
			</report>
			<report>
				<misses>6100000</misses>
				<total>4</total>
				<timestamp>610.100782</timestamp>
			</report>
			<report>
				<misses>6200000</misses>
				<total>4</total>
				<timestamp>620.102754</timestamp>
			</report>
			<report>
				<misses>6300000</misses>
				<total>4</total>
				<timestamp>630.104651</timestamp>
			</report>
			<report>
				<misses>6400000</misses>
				<total>4</total>
				<timestamp>640.106256</timestamp>
			</report>
			<report>
				<misses>6500000</misses>
				<total>4</total>
				<timestamp>650.107460</timestamp>
			</report>
			<report>
				<misses>6600000</misses>
				<total>4</total>
				<timestamp>660.109153</timestamp>
			</report>
			<report>
				<misses>6700000</misses>
				<total>4</total>
				<timestamp>670.109768</timestamp>
			</report>
			<report>
				<misses>6800000</misses>
				<total>4</total>
				<timestamp>680.111460</timestamp>
			</report>
			<report>
				<misses>6900000</misses>
				<total>4</total>
				<timestamp>690.113947</timestamp>
			</report>
			<report>
				<misses>7000000</misses>
				<total>4</total>
				<timestamp>700.115159</timestamp>
			</report>
			<report>
				<misses>7100000</misses>
				<total>3</total>
				<timestamp>710.116373</timestamp>
			</report>
			<report>
				<misses>7200000</misses>
				<total>4</total>
				<timestamp>720.118060</timestamp>
			</report>
			<report>
				<misses>7300000</misses>
				<total>6</total>
				<timestamp>730.119289</timestamp>
			</report>
			<report>
				<misses>7400000</misses>
				<total>6</total>
				<timestamp>740.120952</timestamp>
			</report>
			<report>
				<misses>7500000</misses>
				<total>5</total>
				<timestamp>750.122781</timestamp>
			</report>
			<report>
				<misses>7600000</misses>
				<total>6</total>
				<timestamp>760.124554</timestamp>
			</report>
			<report>
				<misses>7700000</misses>
				<total>6</total>
				<timestamp>770.125496</timestamp>
			</report>
			<report>
				<misses>7800000</misses>
				<total>5</total>
				<timestamp>780.127157</timestamp>
			</report>
			<report>
				<misses>7900000</misses>
				<total>6</total>
				<timestamp>790.128759</timestamp>
			</report>
			<report>
				<misses>8000000</misses>
				<total>6</total>
				<timestamp>800.131058</timestamp>
			</report>
			<report>
				<misses>8100000</misses>
				<total>6</total>
				<timestamp>810.132457</timestamp>
			</report>
			<report>
				<misses>8200000</misses>
				<total>6</total>
				<timestamp>820.134161</timestamp>
			</report>
			<report>
				<misses>8300000</misses>
				<total>6</total>
				<timestamp>830.135764</timestamp>
			</report>
			<report>
				<misses>8400000</misses>
				<total>6</total>
				<timestamp>840.136655</timestamp>
			</report>
			<report>
				<misses>8500000</misses>
				<total>6</total>
				<timestamp>850.138250</timestamp>
			</report>
			<report>
				<misses>8600000</misses>
				<total>6</total>
				<timestamp>860.139255</timestamp>
			</report>
			<report>
				<misses>8700000</misses>
				<total>5</total>
				<timestamp>870.141371</timestamp>
			</report>
			<report>
				<misses>8800000</misses>
				<total>6</total>
				<timestamp>880.142756</timestamp>
			</report>
			<report>
				<misses>8900000</misses>
				<total>6</total>
				<timestamp>890.144459</timestamp>
			</report>
			<report>
				<misses>9000000</misses>
				<total>6</total>
				<timestamp>900.145955</timestamp>
			</report>
			<report>
				<misses>9100000</misses>
				<total>6</total>
				<timestamp>910.147952</timestamp>
			</report>
			<report>
				<misses>9200000</misses>
				<total>6</total>
				<timestamp>920.149659</timestamp>
			</report>
			<report>
				<misses>9300000</misses>
				<total>5</total>
				<timestamp>930.150861</timestamp>
			</report>
			<report>
				<misses>9400000</misses>
				<total>6</total>
				<timestamp>940.152446</timestamp>
			</report>
			<report>
				<misses>9500000</misses>
				<total>6</total>
				<timestamp>950.153653</timestamp>
			</report>
			<report>
				<misses>9600000</misses>
				<total>6</total>
				<timestamp>960.154659</timestamp>
			</report>
			<report>
				<misses>9700000</misses>
				<total>6</total>
				<timestamp>970.155646</timestamp>
			</report>
			<report>
				<misses>9800000</misses>
				<total>6</total>
				<timestamp>980.157955</timestamp>
			</report>
			<report>
				<misses>9900000</misses>
				<total>6</total>
				<timestamp>990.159058</timestamp>
			</report>
			<report>
				<misses>10000000</misses>
				<total>6</total>
				<timestamp>1000.160477</timestamp>
			</report>
			<report>
				<misses>10100000</misses>
				<total>6</total>
				<timestamp>1010.161864</timestamp>
			</report>
			<report>
				<misses>10200000</misses>
				<total>6</total>
				<timestamp>1020.163670</timestamp>
			</report>
			<report>
				<misses>10300000</misses>
				<total>6</total>
				<timestamp>1030.165744</timestamp>
			</report>
			<report>
				<misses>10400000</misses>
				<total>6</total>
				<timestamp>1040.167566</timestamp>
			</report>
			<report>
				<misses>10500000</misses>
				<total>5</total>
				<timestamp>1050.169090</timestamp>
			</report>
			<report>
				<misses>10600000</misses>
				<total>7</total>
				<timestamp>1060.170459</timestamp>
			</report>
			<report>
				<misses>10700000</misses>
				<total>7</total>
				<timestamp>1070.172652</timestamp>
			</report>
			<report>
				<misses>10800000</misses>
				<total>7</total>
				<timestamp>1080.173651</timestamp>
			</report>
			<report>
				<misses>10900000</misses>
				<total>8</total>
				<timestamp>1090.175460</timestamp>
			</report>
			<report>
				<misses>11000000</misses>
				<total>8</total>
				<timestamp>1100.176861</timestamp>
			</report>
			<report>
				<misses>11100000</misses>
				<total>8</total>
				<timestamp>1110.178150</timestamp>
			</report>
			<report>
				<misses>11200000</misses>
				<total>8</total>
				<timestamp>1120.179310</timestamp>
			</report>
			<report>
				<misses>11300000</misses>
				<total>9</total>
				<timestamp>1130.181051</timestamp>
			</report>
			<report>
				<misses>11400000</misses>
				<total>9</total>
				<timestamp>1140.182546</timestamp>
			</report>
			<report>
				<misses>11500000</misses>
				<total>10</total>
				<timestamp>1150.183371</timestamp>
			</report>
			<report>
				<misses>11600000</misses>
				<total>10</total>
				<timestamp>1160.184671</timestamp>
			</report>
			<report>
				<misses>11700000</misses>
				<total>9</total>
				<timestamp>1170.186893</timestamp>
			</report>
			<report>
				<misses>11800000</misses>
				<total>10</total>
				<timestamp>1180.188661</timestamp>
			</report>
			<report>
				<misses>11900000</misses>
				<total>10</total>
				<timestamp>1190.191459</timestamp>
			</report>
			<report>
				<misses>12000000</misses>
				<total>10</total>
				<timestamp>1200.192754</timestamp>
			</report>
			<report>
				<misses>12100000</misses>
				<total>10</total>
				<timestamp>1210.194656</timestamp>
			</report>
			<report>
				<misses>12200000</misses>
				<total>10</total>
				<timestamp>1220.197170</timestamp>
			</report>
			<report>
				<misses>12300000</misses>
				<total>10</total>
				<timestamp>1230.198964</timestamp>
			</report>
			<report>
				<misses>12400000</misses>
				<total>10</total>
				<timestamp>1240.201052</timestamp>
			</report>
			<report>
				<misses>12500000</misses>
				<total>10</total>
				<timestamp>1250.202284</timestamp>
			</report>
			<report>
				<misses>12600000</misses>
				<total>10</total>
				<timestamp>1260.203949</timestamp>
			</report>
			<report>
				<misses>12700000</misses>
				<total>12</total>
				<timestamp>1270.205360</timestamp>
			</report>
			<report>
				<misses>12800000</misses>
				<total>12</total>
				<timestamp>1280.206859</timestamp>
			</report>
			<report>
				<misses>12900000</misses>
				<total>12</total>
				<timestamp>1290.209150</timestamp>
			</report>
			<report>
				<misses>13000000</misses>
				<total>12</total>
				<timestamp>1300.211046</timestamp>
			</report>
			<report>
				<misses>13100000</misses>
				<total>13</total>
				<timestamp>1310.212155</timestamp>
			</report>
			<report>
				<misses>13200000</misses>
				<total>12</total>
				<timestamp>1320.214065</timestamp>
			</report>
			<report>
				<misses>13300000</misses>
				<total>12</total>
				<timestamp>1330.215257</timestamp>
			</report>
			<report>
				<misses>13400000</misses>
				<total>12</total>
				<timestamp>1340.216960</timestamp>
			</report>
			<report>
				<misses>13500000</misses>
				<total>12</total>
				<timestamp>1350.218358</timestamp>
			</report>
			<report>
				<misses>13600000</misses>
				<total>12</total>
				<timestamp>1360.220564</timestamp>
			</report>
			<report>
				<misses>13700000</misses>
				<total>11</total>
				<timestamp>1370.221693</timestamp>
			</report>
			<report>
				<misses>13800000</misses>
				<total>12</total>
				<timestamp>1380.223569</timestamp>
			</report>
			<report>
				<misses>13900000</misses>
				<total>12</total>
				<timestamp>1390.225850</timestamp>
			</report>
			<report>
				<misses>14000000</misses>
				<total>12</total>
				<timestamp>1400.227765</timestamp>
			</report>
			<report>
				<misses>14100000</misses>
				<total>11</total>
				<timestamp>1410.228281</timestamp>
			</report>
			<report>
				<misses>14200000</misses>
				<total>12</total>
				<timestamp>1420.229565</timestamp>
			</report>
			<report>
				<misses>14300000</misses>
				<total>12</total>
				<timestamp>1430.231554</timestamp>
			</report>
			<report>
				<misses>14400000</misses>
				<total>12</total>
				<timestamp>1440.233148</timestamp>
			</report>
			<report>
				<misses>14500000</misses>
				<total>12</total>
				<timestamp>1450.235053</timestamp>
			</report>
			<report>
				<misses>14600000</misses>
				<total>12</total>
				<timestamp>1460.236854</timestamp>
			</report>
			<report>
				<misses>14700000</misses>
				<total>12</total>
				<timestamp>1470.237858</timestamp>
			</report>
			<report>
				<misses>14800000</misses>
				<total>12</total>
				<timestamp>1480.239563</timestamp>
			</report>
			<report>
				<misses>14900000</misses>
				<total>13</total>
				<timestamp>1490.241352</timestamp>
			</report>
			<report>
				<misses>15000000</misses>
				<total>13</total>
				<timestamp>1500.243461</timestamp>
			</report>
			<report>
				<misses>15100000</misses>
				<total>13</total>
				<timestamp>1510.244244</timestamp>
			</report>
			<report>
				<misses>15200000</misses>
				<total>13</total>
				<timestamp>1520.245747</timestamp>
			</report>
			<report>
				<misses>15300000</misses>
				<total>13</total>
				<timestamp>1530.246570</timestamp>
			</report>
			<report>
				<misses>15400000</misses>
				<total>13</total>
				<timestamp>1540.248962</timestamp>
			</report>
			<report>
				<misses>15500000</misses>
				<total>15</total>
				<timestamp>1550.250560</timestamp>
			</report>
			<report>
				<misses>15600000</misses>
				<total>14</total>
				<timestamp>1560.251853</timestamp>
			</report>
			<report>
				<misses>15700000</misses>
				<total>14</total>
				<timestamp>1570.253880</timestamp>
			</report>
			<report>
				<misses>15800000</misses>
				<total>14</total>
				<timestamp>1580.255458</timestamp>
			</report>
			<report>
				<misses>15900000</misses>
				<total>14</total>
				<timestamp>1590.256951</timestamp>
			</report>
			<report>
				<misses>16000000</misses>
				<total>14</total>
				<timestamp>1600.258349</timestamp>
			</report>
			<report>
				<misses>16100000</misses>
				<total>14</total>
				<timestamp>1610.260857</timestamp>
			</report>
			<report>
				<misses>16200000</misses>
				<total>14</total>
				<timestamp>1620.263060</timestamp>
			</report>
			<report>
				<misses>16300000</misses>
				<total>14</total>
				<timestamp>1630.264069</timestamp>
			</report>
			<report>
				<misses>16400000</misses>
				<total>14</total>
				<timestamp>1640.265057</timestamp>
			</report>
			<report>
				<misses>16500000</misses>
				<total>14</total>
				<timestamp>1650.266974</timestamp>
			</report>
			<report>
				<misses>16600000</misses>
				<total>14</total>
				<timestamp>1660.268062</timestamp>
			</report>
			<report>
				<misses>16700000</misses>
				<total>14</total>
				<timestamp>1670.269658</timestamp>
			</report>
			<report>
				<misses>16800000</misses>
				<total>14</total>
				<timestamp>1680.271554</timestamp>
			</report>
			<report>
				<misses>16900000</misses>
				<total>14</total>
				<timestamp>1690.272551</timestamp>
			</report>
			<report>
				<misses>17000000</misses>
				<total>14</total>
				<timestamp>1700.274246</timestamp>
			</report>
			<report>
				<misses>17100000</misses>
				<total>14</total>
				<timestamp>1710.274756</timestamp>
			</report>
			<report>
				<misses>17200000</misses>
				<total>15</total>
				<timestamp>1720.276473</timestamp>
			</report>
			<report>
				<misses>17300000</misses>
				<total>15</total>
				<timestamp>1730.278562</timestamp>
			</report>
			<report>
				<misses>17400000</misses>
				<total>15</total>
				<timestamp>1740.279451</timestamp>
			</report>
			<report>
				<misses>17500000</misses>
				<total>15</total>
				<timestamp>1750.280953</timestamp>
			</report>
			<report>
				<misses>17600000</misses>
				<total>15</total>
				<timestamp>1760.283055</timestamp>
			</report>
			<report>
				<misses>17700000</misses>
				<total>15</total>
				<timestamp>1770.284146</timestamp>
			</report>
			<report>
				<misses>17800000</misses>
				<total>15</total>
				<timestamp>1780.285857</timestamp>
			</report>
			<report>
				<misses>17900000</misses>
				<total>15</total>
				<timestamp>1790.288169</timestamp>
			</report>
			<report>
				<misses>18000000</misses>
				<total>15</total>
				<timestamp>1800.289768</timestamp>
			</report>
			<report>
				<misses>18100000</misses>
				<total>15</total>
				<timestamp>1810.291861</timestamp>
			</report>
			<report>
				<misses>18200000</misses>
				<total>15</total>
				<timestamp>1820.293446</timestamp>
			</report>
			<report>
				<misses>18300000</misses>
				<total>15</total>
				<timestamp>1830.294653</timestamp>
			</report>
			<report>
				<misses>18400000</misses>
				<total>16</total>
				<timestamp>1840.296151</timestamp>
			</report>
			<report>
				<misses>18500000</misses>
				<total>15</total>
				<timestamp>1850.297258</timestamp>
			</report>
			<report>
				<misses>18600000</misses>
				<total>16</total>
				<timestamp>1860.298257</timestamp>
			</report>
			<report>
				<misses>18700000</misses>
				<total>17</total>
				<timestamp>1870.300457</timestamp>
			</report>
			<report>
				<misses>18800000</misses>
				<total>17</total>
				<timestamp>1880.301661</timestamp>
			</report>
			<report>
				<misses>18900000</misses>
				<total>17</total>
				<timestamp>1890.302964</timestamp>
			</report>
			<report>
				<misses>19000000</misses>
				<total>17</total>
				<timestamp>1900.305647</timestamp>
			</report>
			<report>
				<misses>19100000</misses>
				<total>17</total>
				<timestamp>1910.306360</timestamp>
			</report>
			<report>
				<misses>19200000</misses>
				<total>17</total>
				<timestamp>1920.307563</timestamp>
			</report>
			<report>
				<misses>19300000</misses>
				<total>17</total>
				<timestamp>1930.309669</timestamp>
			</report>
			<report>
				<misses>19400000</misses>
				<total>17</total>
				<timestamp>1940.311559</timestamp>
			</report>
			<report>
				<misses>19500000</misses>
				<total>17</total>
				<timestamp>1950.312759</timestamp>
			</report>
			<report>
				<misses>19600000</misses>
				<total>17</total>
				<timestamp>1960.314246</timestamp>
			</report>
			<report>
				<misses>19700000</misses>
				<total>17</total>
				<timestamp>1970.315971</timestamp>
			</report>
			<report>
				<misses>19800000</misses>
				<total>17</total>
				<timestamp>1980.317647</timestamp>
			</report>
			<report>
				<misses>19900000</misses>
				<total>17</total>
				<timestamp>1990.319367</timestamp>
			</report>
			<report>
				<misses>20000000</misses>
				<total>17</total>
				<timestamp>2000.320559</timestamp>
			</report>
			<report>
				<misses>20100000</misses>
				<total>17</total>
				<timestamp>2010.321448</timestamp>
			</report>
			<report>
				<misses>20200000</misses>
				<total>17</total>
				<timestamp>2020.324160</timestamp>
			</report>
			<report>
				<misses>20300000</misses>
				<total>17</total>
				<timestamp>2030.326657</timestamp>
			</report>
			<report>
				<misses>20400000</misses>
				<total>17</total>
				<timestamp>2040.328563</timestamp>
			</report>
			<report>
				<misses>20500000</misses>
				<total>16</total>
				<timestamp>2050.329884</timestamp>
			</report>
			<report>
				<misses>20600000</misses>
				<total>17</total>
				<timestamp>2060.331353</timestamp>
			</report>
			<report>
				<misses>20700000</misses>
				<total>17</total>
				<timestamp>2070.334052</timestamp>
			</report>
			<report>
				<misses>20800000</misses>
				<total>17</total>
				<timestamp>2080.335571</timestamp>
			</report>
			<report>
				<misses>20900000</misses>
				<total>16</total>
				<timestamp>2090.337062</timestamp>
			</report>
			<report>
				<misses>21000000</misses>
				<total>17</total>
				<timestamp>2100.338255</timestamp>
			</report>
			<report>
				<misses>21100000</misses>
				<total>17</total>
				<timestamp>2110.339245</timestamp>
			</report>
			<report>
				<misses>21200000</misses>
				<total>17</total>
				<timestamp>2120.341459</timestamp>
			</report>
			<report>
				<misses>21300000</misses>
				<total>17</total>
				<timestamp>2130.342657</timestamp>
			</report>
			<report>
				<misses>21400000</misses>
				<total>17</total>
				<timestamp>2140.344254</timestamp>
			</report>
			<report>
				<misses>21500000</misses>
				<total>19</total>
				<timestamp>2150.345654</timestamp>
			</report>
			<report>
				<misses>21600000</misses>
				<total>19</total>
				<timestamp>2160.347856</timestamp>
			</report>
			<report>
				<misses>21700000</misses>
				<total>19</total>
				<timestamp>2170.348752</timestamp>
			</report>
			<report>
				<misses>21800000</misses>
				<total>19</total>
				<timestamp>2180.349457</timestamp>
			</report>
			<report>
				<misses>21900000</misses>
				<total>20</total>
				<timestamp>2190.350244</timestamp>
			</report>
			<report>
				<misses>22000000</misses>
				<total>20</total>
				<timestamp>2200.351566</timestamp>
			</report>
			<report>
				<misses>22100000</misses>
				<total>20</total>
				<timestamp>2210.352268</timestamp>
			</report>
			<report>
				<misses>22200000</misses>
				<total>20</total>
				<timestamp>2220.353775</timestamp>
			</report>
			<report>
				<misses>22300000</misses>
				<total>22</total>
				<timestamp>2230.356066</timestamp>
			</report>
			<report>
				<misses>22400000</misses>
				<total>22</total>
				<timestamp>2240.357555</timestamp>
			</report>
			<report>
				<misses>22500000</misses>
				<total>22</total>
				<timestamp>2250.359465</timestamp>
			</report>
			<report>
				<misses>22600000</misses>
				<total>22</total>
				<timestamp>2260.360857</timestamp>
			</report>
			<report>
				<misses>22700000</misses>
				<total>23</total>
				<timestamp>2270.362774</timestamp>
			</report>
			<report>
				<misses>22800000</misses>
				<total>24</total>
				<timestamp>2280.365147</timestamp>
			</report>
			<report>
				<misses>22900000</misses>
				<total>24</total>
				<timestamp>2290.366458</timestamp>
			</report>
			<report>
				<misses>23000000</misses>
				<total>24</total>
				<timestamp>2300.368752</timestamp>
			</report>
			<report>
				<misses>23100000</misses>
				<total>24</total>
				<timestamp>2310.369752</timestamp>
			</report>
			<report>
				<misses>23200000</misses>
				<total>24</total>
				<timestamp>2320.371750</timestamp>
			</report>
			<report>
				<misses>23300000</misses>
				<total>23</total>
				<timestamp>2330.372255</timestamp>
			</report>
			<report>
				<misses>23400000</misses>
				<total>24</total>
				<timestamp>2340.373675</timestamp>
			</report>
			<report>
				<misses>23500000</misses>
				<total>24</total>
				<timestamp>2350.374760</timestamp>
			</report>
			<report>
				<misses>23600000</misses>
				<total>24</total>
				<timestamp>2360.375850</timestamp>
			</report>
			<report>
				<misses>23700000</misses>
				<total>24</total>
				<timestamp>2370.377563</timestamp>
			</report>
			<report>
				<misses>23800000</misses>
				<total>24</total>
				<timestamp>2380.379058</timestamp>
			</report>
			<report>
				<misses>23900000</misses>
				<total>24</total>
				<timestamp>2390.380959</timestamp>
			</report>
			<report>
				<misses>24000000</misses>
				<total>24</total>
				<timestamp>2400.382666</timestamp>
			</report>
			<report>
				<misses>24100000</misses>
				<total>24</total>
				<timestamp>2410.384750</timestamp>
			</report>
			<report>
				<misses>24200000</misses>
				<total>24</total>
				<timestamp>2420.386382</timestamp>
			</report>
			<report>
				<misses>24300000</misses>
				<total>24</total>
				<timestamp>2430.389147</timestamp>
			</report>
			<report>
				<misses>24400000</misses>
				<total>24</total>
				<timestamp>2440.390755</timestamp>
			</report>
			<report>
				<misses>24500000</misses>
				<total>24</total>
				<timestamp>2450.393157</timestamp>
			</report>
			<report>
				<misses>24600000</misses>
				<total>24</total>
				<timestamp>2460.395972</timestamp>
			</report>
			<report>
				<misses>24700000</misses>
				<total>24</total>
				<timestamp>2470.397275</timestamp>
			</report>
			<report>
				<misses>24800000</misses>
				<total>24</total>
				<timestamp>2480.399072</timestamp>
			</report>
			<report>
				<misses>24900000</misses>
				<total>24</total>
				<timestamp>2490.401144</timestamp>
			</report>
			<report>
				<misses>25000000</misses>
				<total>24</total>
				<timestamp>2500.402462</timestamp>
			</report>
			<report>
				<misses>25100000</misses>
				<total>24</total>
				<timestamp>2510.403362</timestamp>
			</report>
			<report>
				<misses>25200000</misses>
				<total>24</total>
				<timestamp>2520.405550</timestamp>
			</report>
			<report>
				<misses>25300000</misses>
				<total>23</total>
				<timestamp>2530.406873</timestamp>
			</report>
			<report>
				<misses>25400000</misses>
				<total>24</total>
				<timestamp>2540.408854</timestamp>
			</report>
			<report>
				<misses>25500000</misses>
				<total>24</total>
				<timestamp>2550.409865</timestamp>
			</report>
			<report>
				<misses>25600000</misses>
				<total>24</total>
				<timestamp>2560.411750</timestamp>
			</report>
			<report>
				<misses>25700000</misses>
				<total>24</total>
				<timestamp>2570.412854</timestamp>
			</report>
			<report>
				<misses>25800000</misses>
				<total>24</total>
				<timestamp>2580.414863</timestamp>
			</report>
			<report>
				<misses>25900000</misses>
				<total>24</total>
				<timestamp>2590.415852</timestamp>
			</report>
			<report>
				<misses>26000000</misses>
				<total>24</total>
				<timestamp>2600.417949</timestamp>
			</report>
			<report>
				<misses>26100000</misses>
				<total>23</total>
				<timestamp>2610.419881</timestamp>
			</report>
			<report>
				<misses>26200000</misses>
				<total>24</total>
				<timestamp>2620.421154</timestamp>
			</report>
			<report>
				<misses>26300000</misses>
				<total>24</total>
				<timestamp>2630.422878</timestamp>
			</report>
			<report>
				<misses>26400000</misses>
				<total>24</total>
				<timestamp>2640.424952</timestamp>
			</report>
			<report>
				<misses>26500000</misses>
				<total>24</total>
				<timestamp>2650.426352</timestamp>
			</report>
			<report>
				<misses>26600000</misses>
				<total>24</total>
				<timestamp>2660.427461</timestamp>
			</report>
			<report>
				<misses>26700000</misses>
				<total>24</total>
				<timestamp>2670.428781</timestamp>
			</report>
			<report>
				<misses>26800000</misses>
				<total>26</total>
				<timestamp>2680.430952</timestamp>
			</report>
			<report>
				<misses>26900000</misses>
				<total>26</total>
				<timestamp>2690.431950</timestamp>
			</report>
			<report>
				<misses>27000000</misses>
				<total>26</total>
				<timestamp>2700.434756</timestamp>
			</report>
			<report>
				<misses>27100000</misses>
				<total>26</total>
				<timestamp>2710.435859</timestamp>
			</report>
			<report>
				<misses>27200000</misses>
				<total>26</total>
				<timestamp>2720.438053</timestamp>
			</report>
			<report>
				<misses>27300000</misses>
				<total>26</total>
				<timestamp>2730.439665</timestamp>
			</report>
			<report>
				<misses>27400000</misses>
				<total>26</total>
				<timestamp>2740.441861</timestamp>
			</report>
			<report>
				<misses>27500000</misses>
				<total>26</total>
				<timestamp>2750.443053</timestamp>
			</report>
			<report>
				<misses>27600000</misses>
				<total>27</total>
				<timestamp>2760.444750</timestamp>
			</report>
			<report>
				<misses>27700000</misses>
				<total>27</total>
				<timestamp>2770.447564</timestamp>
			</report>
			<report>
				<misses>27800000</misses>
				<total>27</total>
				<timestamp>2780.449664</timestamp>
			</report>
			<report>
				<misses>27900000</misses>
				<total>27</total>
				<timestamp>2790.451047</timestamp>
			</report>
			<report>
				<misses>28000000</misses>
				<total>27</total>
				<timestamp>2800.452547</timestamp>
			</report>
			<report>
				<misses>28100000</misses>
				<total>27</total>
				<timestamp>2810.454753</timestamp>
			</report>
			<report>
				<misses>28200000</misses>
				<total>29</total>
				<timestamp>2820.456451</timestamp>
			</report>
			<report>
				<misses>28300000</misses>
				<total>29</total>
				<timestamp>2830.457352</timestamp>
			</report>
			<report>
				<misses>28400000</misses>
				<total>29</total>
				<timestamp>2840.458068</timestamp>
			</report>
			<report>
				<misses>28500000</misses>
				<total>29</total>
				<timestamp>2850.460055</timestamp>
			</report>
			<report>
				<misses>28600000</misses>
				<total>29</total>
				<timestamp>2860.462255</timestamp>
			</report>
			<report>
				<misses>28700000</misses>
				<total>29</total>
				<timestamp>2870.464158</timestamp>
			</report>
			<report>
				<misses>28800000</misses>
				<total>29</total>
				<timestamp>2880.465262</timestamp>
			</report>
			<report>
				<misses>28900000</misses>
				<total>29</total>
				<timestamp>2890.466266</timestamp>
			</report>
			<report>
				<misses>29000000</misses>
				<total>29</total>
				<timestamp>2900.468351</timestamp>
			</report>
			<report>
				<misses>29100000</misses>
				<total>29</total>
				<timestamp>2910.469657</timestamp>
			</report>
			<report>
				<misses>29200000</misses>
				<total>29</total>
				<timestamp>2920.471673</timestamp>
			</report>
			<report>
				<misses>29300000</misses>
				<total>29</total>
				<timestamp>2930.473143</timestamp>
			</report>
			<report>
				<misses>29400000</misses>
				<total>29</total>
				<timestamp>2940.474348</timestamp>
			</report>
			<report>
				<misses>29500000</misses>
				<total>30</total>
				<timestamp>2950.476748</timestamp>
			</report>
			<report>
				<misses>29600000</misses>
				<total>30</total>
				<timestamp>2960.479248</timestamp>
			</report>
			<report>
				<misses>29700000</misses>
				<total>30</total>
				<timestamp>2970.481152</timestamp>
			</report>
			<report>
				<misses>29800000</misses>
				<total>30</total>
				<timestamp>2980.482356</timestamp>
			</report>
			<report>
				<misses>29900000</misses>
				<total>31</total>
				<timestamp>2990.483050</timestamp>
			</report>
			<report>
				<misses>30000000</misses>
				<total>30</total>
				<timestamp>3000.484453</timestamp>
			</report>
			<report>
				<misses>30100000</misses>
				<total>30</total>
				<timestamp>3010.486247</timestamp>
			</report>
			<report>
				<misses>30200000</misses>
				<total>31</total>
				<timestamp>3020.487352</timestamp>
			</report>
			<report>
				<misses>30300000</misses>
				<total>31</total>
				<timestamp>3030.488661</timestamp>
			</report>
			<report>
				<misses>30400000</misses>
				<total>31</total>
				<timestamp>3040.490660</timestamp>
			</report>
			<report>
				<misses>30500000</misses>
				<total>31</total>
				<timestamp>3050.492145</timestamp>
			</report>
			<report>
				<misses>30600000</misses>
				<total>31</total>
				<timestamp>3060.494169</timestamp>
			</report>
			<report>
				<misses>30700000</misses>
				<total>31</total>
				<timestamp>3070.495864</timestamp>
			</report>
			<report>
				<misses>30800000</misses>
				<total>31</total>
				<timestamp>3080.496968</timestamp>
			</report>
			<report>
				<misses>30900000</misses>
				<total>30</total>
				<timestamp>3090.498969</timestamp>
			</report>
			<report>
				<misses>31000000</misses>
				<total>31</total>
				<timestamp>3100.500264</timestamp>
			</report>
			<report>
				<misses>31100000</misses>
				<total>31</total>
				<timestamp>3110.501555</timestamp>
			</report>
			<report>
				<misses>31200000</misses>
				<total>31</total>
				<timestamp>3120.503047</timestamp>
			</report>
			<report>
				<misses>31300000</misses>
				<total>32</total>
				<timestamp>3130.503652</timestamp>
			</report>
			<report>
				<misses>31400000</misses>
				<total>31</total>
				<timestamp>3140.504553</timestamp>
			</report>
			<report>
				<misses>31500000</misses>
				<total>31</total>
				<timestamp>3150.505662</timestamp>
			</report>
			<report>
				<misses>31600000</misses>
				<total>31</total>
				<timestamp>3160.507055</timestamp>
			</report>
			<report>
				<misses>31700000</misses>
				<total>30</total>
				<timestamp>3170.508489</timestamp>
			</report>
			<report>
				<misses>31800000</misses>
				<total>31</total>
				<timestamp>3180.508961</timestamp>
			</report>
			<report>
				<misses>31900000</misses>
				<total>31</total>
				<timestamp>3190.510068</timestamp>
			</report>
			<report>
				<misses>32000000</misses>
				<total>31</total>
				<timestamp>3200.512250</timestamp>
			</report>
			<report>
				<misses>32100000</misses>
				<total>31</total>
				<timestamp>3210.512870</timestamp>
			</report>
			<report>
				<misses>32200000</misses>
				<total>31</total>
				<timestamp>3220.513873</timestamp>
			</report>
			<report>
				<misses>32300000</misses>
				<total>32</total>
				<timestamp>3230.514755</timestamp>
			</report>
			<report>
				<misses>32400000</misses>
				<total>32</total>
				<timestamp>3240.516159</timestamp>
			</report>
			<report>
				<misses>32500000</misses>
				<total>32</total>
				<timestamp>3250.517242</timestamp>
			</report>
			<report>
				<misses>32600000</misses>
				<total>32</total>
				<timestamp>3260.518859</timestamp>
			</report>
			<report>
				<misses>32700000</misses>
				<total>32</total>
				<timestamp>3270.521555</timestamp>
			</report>
			<report>
				<misses>32800000</misses>
				<total>33</total>
				<timestamp>3280.522656</timestamp>
			</report>
			<report>
				<misses>32900000</misses>
				<total>33</total>
				<timestamp>3290.523755</timestamp>
			</report>
			<report>
				<misses>33000000</misses>
				<total>34</total>
				<timestamp>3300.524652</timestamp>
			</report>
			<report>
				<misses>33100000</misses>
				<total>34</total>
				<timestamp>3310.525872</timestamp>
			</report>
			<report>
				<misses>33200000</misses>
				<total>34</total>
				<timestamp>3320.528748</timestamp>
			</report>
			<report>
				<misses>33300000</misses>
				<total>35</total>
				<timestamp>3330.530066</timestamp>
			</report>
			<report>
				<misses>33400000</misses>
				<total>35</total>
				<timestamp>3340.531541</timestamp>
			</report>
			<report>
				<misses>33500000</misses>
				<total>35</total>
				<timestamp>3350.532860</timestamp>
			</report>
			<report>
				<misses>33600000</misses>
				<total>35</total>
				<timestamp>3360.535864</timestamp>
			</report>
			<report>
				<misses>33700000</misses>
				<total>35</total>
				<timestamp>3370.537553</timestamp>
			</report>
			<report>
				<misses>33800000</misses>
				<total>35</total>
				<timestamp>3380.540160</timestamp>
			</report>
			<report>
				<misses>33900000</misses>
				<total>36</total>
				<timestamp>3390.541450</timestamp>
			</report>
			<report>
				<misses>34000000</misses>
				<total>35</total>
				<timestamp>3400.542774</timestamp>
			</report>
			<report>
				<misses>34100000</misses>
				<total>35</total>
				<timestamp>3410.544665</timestamp>
			</report>
			<report>
				<misses>34200000</misses>
				<total>35</total>
				<timestamp>3420.546162</timestamp>
			</report>
			<report>
				<misses>34300000</misses>
				<total>34</total>
				<timestamp>3430.546967</timestamp>
			</report>
			<report>
				<misses>34400000</misses>
				<total>35</total>
				<timestamp>3440.548354</timestamp>
			</report>
			<report>
				<misses>34500000</misses>
				<total>36</total>
				<timestamp>3450.549959</timestamp>
			</report>
			<report>
				<misses>34600000</misses>
				<total>35</total>
				<timestamp>3460.552060</timestamp>
			</report>
			<report>
				<misses>34700000</misses>
				<total>34</total>
				<timestamp>3470.553363</timestamp>
			</report>
			<report>
				<misses>34800000</misses>
				<total>35</total>
				<timestamp>3480.554568</timestamp>
			</report>
			<report>
				<misses>34900000</misses>
				<total>35</total>
				<timestamp>3490.556380</timestamp>
			</report>
			<report>
				<misses>35000000</misses>
				<total>35</total>
				<timestamp>3500.557961</timestamp>
			</report>
			<report>
				<misses>35100000</misses>
				<total>35</total>
				<timestamp>3510.559481</timestamp>
			</report>
			<report>
				<misses>35200000</misses>
				<total>35</total>
				<timestamp>3520.560348</timestamp>
			</report>
			<report>
				<misses>35300000</misses>
				<total>35</total>
				<timestamp>3530.561858</timestamp>
			</report>
			<report>
				<misses>35400000</misses>
				<total>35</total>
				<timestamp>3540.563358</timestamp>
			</report>
			<report>
				<misses>35500000</misses>
				<total>35</total>
				<timestamp>3550.565050</timestamp>
			</report>
			<report>
				<misses>35600000</misses>
				<total>35</total>
				<timestamp>3560.567351</timestamp>
			</report>
			<report>
				<misses>35700000</misses>
				<total>36</total>
				<timestamp>3570.568661</timestamp>
			</report>
			<report>
				<misses>35800000</misses>
				<total>36</total>
				<timestamp>3580.570169</timestamp>
			</report>
			<report>
				<misses>35900000</misses>
				<total>36</total>
				<timestamp>3590.572158</timestamp>
			</report>
			<report>
				<misses>36000000</misses>
				<total>36</total>
				<timestamp>3600.574546</timestamp>
			</report>
			<report>
				<misses>36100000</misses>
				<total>35</total>
				<timestamp>3610.575592</timestamp>
			</report>
			<report>
				<misses>36200000</misses>
				<total>36</total>
				<timestamp>3620.577457</timestamp>
			</report>
			<report>
				<misses>36300000</misses>
				<total>36</total>
				<timestamp>3630.579666</timestamp>
			</report>
			<report>
				<misses>36400000</misses>
				<total>36</total>
				<timestamp>3640.582058</timestamp>
			</report>
			<report>
				<misses>36500000</misses>
				<total>35</total>
				<timestamp>3650.583666</timestamp>
			</report>
			<report>
				<misses>36600000</misses>
				<total>36</total>
				<timestamp>3660.585268</timestamp>
			</report>
			<report>
				<misses>36700000</misses>
				<total>36</total>
				<timestamp>3670.587160</timestamp>
			</report>
			<report>
				<misses>36800000</misses>
				<total>36</total>
				<timestamp>3680.588553</timestamp>
			</report>
			<report>
				<misses>36900000</misses>
				<total>36</total>
				<timestamp>3690.590254</timestamp>
			</report>
			<report>
				<misses>37000000</misses>
				<total>37</total>
				<timestamp>3700.591560</timestamp>
			</report>
			<report>
				<misses>37100000</misses>
				<total>36</total>
				<timestamp>3710.593362</timestamp>
			</report>
			<report>
				<misses>37200000</misses>
				<total>37</total>
				<timestamp>3720.594647</timestamp>
			</report>
			<report>
				<misses>37300000</misses>
				<total>37</total>
				<timestamp>3730.595364</timestamp>
			</report>
			<report>
				<misses>37400000</misses>
				<total>37</total>
				<timestamp>3740.597162</timestamp>
			</report>
			<report>
				<misses>37500000</misses>
				<total>37</total>
				<timestamp>3750.598846</timestamp>
			</report>
			<report>
				<misses>37600000</misses>
				<total>37</total>
				<timestamp>3760.599855</timestamp>
			</report>
			<report>
				<misses>37700000</misses>
				<total>38</total>
				<timestamp>3770.602757</timestamp>
			</report>
			<report>
				<misses>37800000</misses>
				<total>40</total>
				<timestamp>3780.605761</timestamp>
			</report>
			<report>
				<misses>37900000</misses>
				<total>40</total>
				<timestamp>3790.607465</timestamp>
			</report>
			<report>
				<misses>38000000</misses>
				<total>40</total>
				<timestamp>3800.609860</timestamp>
			</report>
			<report>
				<misses>38100000</misses>
				<total>40</total>
				<timestamp>3810.611258</timestamp>
			</report>
			<report>
				<misses>38200000</misses>
				<total>40</total>
				<timestamp>3820.613354</timestamp>
			</report>
			<report>
				<misses>38300000</misses>
				<total>40</total>
				<timestamp>3830.614964</timestamp>
			</report>
			<report>
				<misses>38400000</misses>
				<total>40</total>
				<timestamp>3840.616757</timestamp>
			</report>
			<report>
				<misses>38500000</misses>
				<total>40</total>
				<timestamp>3850.618180</timestamp>
			</report>
			<report>
				<misses>38600000</misses>
				<total>40</total>
				<timestamp>3860.620570</timestamp>
			</report>
			<report>
				<misses>38700000</misses>
				<total>40</total>
				<timestamp>3870.621758</timestamp>
			</report>
			<report>
				<misses>38800000</misses>
				<total>40</total>
				<timestamp>3880.624155</timestamp>
			</report>
			<report>
				<misses>38900000</misses>
				<total>40</total>
				<timestamp>3890.625460</timestamp>
			</report>
			<report>
				<misses>39000000</misses>
				<total>40</total>
				<timestamp>3900.627068</timestamp>
			</report>
			<report>
				<misses>39100000</misses>
				<total>40</total>
				<timestamp>3910.628755</timestamp>
			</report>
			<report>
				<misses>39200000</misses>
				<total>40</total>
				<timestamp>3920.631167</timestamp>
			</report>
			<report>
				<misses>39300000</misses>
				<total>40</total>
				<timestamp>3930.633068</timestamp>
			</report>
			<report>
				<misses>39400000</misses>
				<total>40</total>
				<timestamp>3940.634654</timestamp>
			</report>
			<report>
				<misses>39500000</misses>
				<total>40</total>
				<timestamp>3950.636575</timestamp>
			</report>
			<report>
				<misses>39600000</misses>
				<total>41</total>
				<timestamp>3960.638751</timestamp>
			</report>
			<report>
				<misses>39700000</misses>
				<total>41</total>
				<timestamp>3970.640674</timestamp>
			</report>
			<report>
				<misses>39800000</misses>
				<total>41</total>
				<timestamp>3980.642762</timestamp>
			</report>
			<report>
				<misses>39900000</misses>
				<total>42</total>
				<timestamp>3990.644860</timestamp>
			</report>
			<report>
				<misses>40000000</misses>
				<total>42</total>
				<timestamp>4000.646964</timestamp>
			</report>
			<report>
				<misses>40100000</misses>
				<total>42</total>
				<timestamp>4010.648353</timestamp>
			</report>
			<report>
				<misses>40200000</misses>
				<total>42</total>
				<timestamp>4020.650068</timestamp>
			</report>
			<report>
				<misses>40300000</misses>
				<total>42</total>
				<timestamp>4030.651057</timestamp>
			</report>
			<report>
				<misses>40400000</misses>
				<total>43</total>
				<timestamp>4040.652158</timestamp>
			</report>
			<report>
				<misses>40500000</misses>
				<total>44</total>
				<timestamp>4050.653447</timestamp>
			</report>
			<report>
				<misses>40600000</misses>
				<total>44</total>
				<timestamp>4060.655057</timestamp>
			</report>
			<report>
				<misses>40700000</misses>
				<total>44</total>
				<timestamp>4070.656678</timestamp>
			</report>
			<report>
				<misses>40800000</misses>
				<total>44</total>
				<timestamp>4080.657964</timestamp>
			</report>
			<report>
				<misses>40900000</misses>
				<total>43</total>
				<timestamp>4090.659359</timestamp>
			</report>
			<report>
				<misses>41000000</misses>
				<total>44</total>
				<timestamp>4100.660286</timestamp>
			</report>
			<report>
				<misses>41100000</misses>
				<total>43</total>
				<timestamp>4110.662462</timestamp>
			</report>
			<report>
				<misses>41200000</misses>
				<total>44</total>
				<timestamp>4120.663352</timestamp>
			</report>
			<report>
				<misses>41300000</misses>
				<total>44</total>
				<timestamp>4130.665754</timestamp>
			</report>
			<report>
				<misses>41400000</misses>
				<total>44</total>
				<timestamp>4140.667364</timestamp>
			</report>
			<report>
				<misses>41500000</misses>
				<total>44</total>
				<timestamp>4150.668755</timestamp>
			</report>
			<report>
				<misses>41600000</misses>
				<total>44</total>
				<timestamp>4160.670968</timestamp>
			</report>
			<report>
				<misses>41700000</misses>
				<total>44</total>
				<timestamp>4170.671756</timestamp>
			</report>
			<report>
				<misses>41800000</misses>
				<total>44</total>
				<timestamp>4180.672750</timestamp>
			</report>
			<report>
				<misses>41900000</misses>
				<total>44</total>
				<timestamp>4190.673852</timestamp>
			</report>
			<report>
				<misses>42000000</misses>
				<total>44</total>
				<timestamp>4200.675355</timestamp>
			</report>
			<report>
				<misses>42100000</misses>
				<total>45</total>
				<timestamp>4210.676756</timestamp>
			</report>
			<report>
				<misses>42200000</misses>
				<total>45</total>
				<timestamp>4220.678655</timestamp>
			</report>
			<report>
				<misses>42300000</misses>
				<total>45</total>
				<timestamp>4230.680156</timestamp>
			</report>
			<report>
				<misses>42400000</misses>
				<total>45</total>
				<timestamp>4240.681772</timestamp>
			</report>
			<report>
				<misses>42500000</misses>
				<total>45</total>
				<timestamp>4250.682759</timestamp>
			</report>
			<report>
				<misses>42600000</misses>
				<total>45</total>
				<timestamp>4260.684548</timestamp>
			</report>
			<report>
				<misses>42700000</misses>
				<total>45</total>
				<timestamp>4270.686262</timestamp>
			</report>
			<report>
				<misses>42800000</misses>
				<total>45</total>
				<timestamp>4280.687756</timestamp>
			</report>
			<report>
				<misses>42900000</misses>
				<total>45</total>
				<timestamp>4290.689053</timestamp>
			</report>
			<report>
				<misses>43000000</misses>
				<total>45</total>
				<timestamp>4300.691049</timestamp>
			</report>
			<report>
				<misses>43100000</misses>
				<total>45</total>
				<timestamp>4310.691772</timestamp>
			</report>
			<report>
				<misses>43200000</misses>
				<total>45</total>
				<timestamp>4320.692755</timestamp>
			</report>
			<report>
				<misses>43300000</misses>
				<total>45</total>
				<timestamp>4330.694160</timestamp>
			</report>
			<report>
				<misses>43400000</misses>
				<total>46</total>
				<timestamp>4340.696659</timestamp>
			</report>
			<report>
				<misses>43500000</misses>
				<total>46</total>
				<timestamp>4350.698481</timestamp>
			</report>
			<report>
				<misses>43600000</misses>
				<total>46</total>
				<timestamp>4360.699555</timestamp>
			</report>
			<report>
				<misses>43700000</misses>
				<total>47</total>
				<timestamp>4370.701944</timestamp>
			</report>
			<report>
				<misses>43800000</misses>
				<total>46</total>
				<timestamp>4380.703352</timestamp>
			</report>
			<report>
				<misses>43900000</misses>
				<total>46</total>
				<timestamp>4390.704455</timestamp>
			</report>
			<report>
				<misses>44000000</misses>
				<total>46</total>
				<timestamp>4400.706053</timestamp>
			</report>
			<report>
				<misses>44100000</misses>
				<total>46</total>
				<timestamp>4410.707857</timestamp>
			</report>
			<report>
				<misses>44200000</misses>
				<total>46</total>
				<timestamp>4420.709046</timestamp>
			</report>
			<report>
				<misses>44300000</misses>
				<total>46</total>
				<timestamp>4430.711564</timestamp>
			</report>
			<report>
				<misses>44400000</misses>
				<total>47</total>
				<timestamp>4440.713871</timestamp>
			</report>
			<report>
				<misses>44500000</misses>
				<total>47</total>
				<timestamp>4450.715572</timestamp>
			</report>
			<report>
				<misses>44600000</misses>
				<total>48</total>
				<timestamp>4460.717258</timestamp>
			</report>
			<report>
				<misses>44700000</misses>
				<total>48</total>
				<timestamp>4470.718644</timestamp>
			</report>
			<report>
				<misses>44800000</misses>
				<total>48</total>
				<timestamp>4480.720173</timestamp>
			</report>
			<report>
				<misses>44900000</misses>
				<total>48</total>
				<timestamp>4490.721955</timestamp>
			</report>
			<report>
				<misses>45000000</misses>
				<total>49</total>
				<timestamp>4500.723157</timestamp>
			</report>
			<report>
				<misses>45100000</misses>
				<total>49</total>
				<timestamp>4510.723950</timestamp>
			</report>
			<report>
				<misses>45200000</misses>
				<total>49</total>
				<timestamp>4520.725638</timestamp>
			</report>
			<report>
				<misses>45300000</misses>
				<total>49</total>
				<timestamp>4530.726665</timestamp>
			</report>
			<report>
				<misses>45400000</misses>
				<total>49</total>
				<timestamp>4540.728459</timestamp>
			</report>
			<report>
				<misses>45500000</misses>
				<total>49</total>
				<timestamp>4550.729375</timestamp>
			</report>
			<report>
				<misses>45600000</misses>
				<total>49</total>
				<timestamp>4560.731467</timestamp>
			</report>
			<report>
				<misses>45700000</misses>
				<total>48</total>
				<timestamp>4570.733068</timestamp>
			</report>
			<report>
				<misses>45800000</misses>
				<total>49</total>
				<timestamp>4580.734866</timestamp>
			</report>
			<report>
				<misses>45900000</misses>
				<total>49</total>
				<timestamp>4590.736069</timestamp>
			</report>
			<report>
				<misses>46000000</misses>
				<total>49</total>
				<timestamp>4600.737165</timestamp>
			</report>
			<report>
				<misses>46100000</misses>
				<total>49</total>
				<timestamp>4610.737957</timestamp>
			</report>
			<report>
				<misses>46200000</misses>
				<total>50</total>
				<timestamp>4620.739461</timestamp>
			</report>
			<report>
				<misses>46300000</misses>
				<total>50</total>
				<timestamp>4630.741360</timestamp>
			</report>
			<report>
				<misses>46400000</misses>
				<total>50</total>
				<timestamp>4640.743148</timestamp>
			</report>
			<report>
				<misses>46500000</misses>
				<total>51</total>
				<timestamp>4650.744562</timestamp>
			</report>
		</query>
	</custom>
	<ethtool_statistic>
		<rx_packets>
			<start>17146</start>
			<end>17890</end>
		</rx_packets>
		<tx_packets>
			<start>5166027885</start>
			<end>7212008204</end>
		</tx_packets>
		<rx_dropped>
			<start>0</start>
			<end>0</end>
		</rx_dropped>
		<tx_dropped>
			<start>0</start>
			<end>0</end>
		</tx_dropped>
		<collisions>
			<start>0</start>
			<end>0</end>
		</collisions>
		<port_tx_errors>
			<start>0</start>
			<end>0</end>
		</port_tx_errors>
		<port_rx_dropped>
			<start>0</start>
			<end>0</end>
		</port_rx_dropped>
		<port_tx_dropped_link_down>
			<start>0</start>
			<end>0</end>
		</port_tx_dropped_link_down>
	</ethtool_statistic>
	<ip_statistic>
		<mtu>
			<start>1500</start>
			<end>1500</end>
		</mtu>
		<rx_bytes>
			<start>1097074</start>
			<end>1142572</end>
		</rx_bytes>
		<rx_packets>
			<start>17146</start>
			<end>17890</end>
		</rx_packets>
		<rx_errors>
			<start>0</start>
			<end>0</end>
		</rx_errors>
		<rx_dropped>
			<start>0</start>
			<end>0</end>
		</rx_dropped>
		<rx_missed>
			<start>0</start>
			<end>0</end>
		</rx_missed>
		<rx_mcast>
			<start>1867</start>
			<end>1879</end>
		</rx_mcast>
		<tx_bytes>
			<start>5914420865726</start>
			<end>9006826040926</end>
		</tx_bytes>
		<tx_packets>
			<start>5166027885</start>
			<end>7212008204</end>
		</tx_packets>
		<tx_errors>
			<start>0</start>
			<end>0</end>
		</tx_errors>
		<tx_dropped>
			<start>0</start>
			<end>0</end>
		</tx_dropped>
		<tx_carrier>
			<start>0</start>
			<end>0</end>
		</tx_carrier>
		<tx_collisions>
			<start>0</start>
			<end>0</end>
		</tx_collisions>
	</ip_statistic>
	<netstat_statistic>
		<udp_pkg_rec>
			<start>1147457404</start>
			<end>1430736701</end>
		</udp_pkg_rec>
		<udp_pkg_snt>
			<start>2688845069</start>
			<end>3070645433</end>
		</udp_pkg_snt>
		<udp_rec_err>
			<start>182621388</start>
			<end>216637572</end>
		</udp_rec_err>
		<udp_rec_buf_err>
			<start>182621388</start>
			<end>216637572</end>
		</udp_rec_buf_err>
		<udp_snt_buf_err>
			<start>0</start>
			<end>0</end>
		</udp_snt_buf_err>
	</netstat_statistic>
</test_results>
