<?xml version="1.0"?>
<test_results>
	<status>STATUS_SUCCESS</status>
	<custom>
		<num_loss>266</num_loss>
		<num_total>383901023</num_total>
		<num_misses>1056088018</num_misses>
		<elapsed_time>3599.963005</elapsed_time>
		<query>
			<report>
				<misses>100001</misses>
				<total>0</total>
				<timestamp>0.944517</timestamp>
			</report>
			<report>
				<misses>200001</misses>
				<total>0</total>
				<timestamp>1.888664</timestamp>
			</report>
			<report>
				<misses>300001</misses>
				<total>0</total>
				<timestamp>2.830737</timestamp>
			</report>
			<report>
				<misses>400001</misses>
				<total>0</total>
				<timestamp>3.772949</timestamp>
			</report>
			<report>
				<misses>500001</misses>
				<total>0</total>
				<timestamp>4.716711</timestamp>
			</report>
			<report>
				<misses>600001</misses>
				<total>0</total>
				<timestamp>5.656953</timestamp>
			</report>
			<report>
				<misses>700001</misses>
				<total>0</total>
				<timestamp>6.597855</timestamp>
			</report>
			<report>
				<misses>800001</misses>
				<total>0</total>
				<timestamp>7.543443</timestamp>
			</report>
			<report>
				<misses>900001</misses>
				<total>0</total>
				<timestamp>8.490258</timestamp>
			</report>
			<report>
				<misses>1000001</misses>
				<total>0</total>
				<timestamp>9.436486</timestamp>
			</report>
			<report>
				<misses>1100001</misses>
				<total>0</total>
				<timestamp>10.383279</timestamp>
			</report>
			<report>
				<misses>1200001</misses>
				<total>0</total>
				<timestamp>11.329040</timestamp>
			</report>
			<report>
				<misses>1300001</misses>
				<total>0</total>
				<timestamp>12.275828</timestamp>
			</report>
			<report>
				<misses>1400001</misses>
				<total>0</total>
				<timestamp>13.222326</timestamp>
			</report>
			<report>
				<misses>1500001</misses>
				<total>0</total>
				<timestamp>14.167220</timestamp>
			</report>
			<report>
				<misses>1600001</misses>
				<total>0</total>
				<timestamp>15.111235</timestamp>
			</report>
			<report>
				<misses>1700001</misses>
				<total>0</total>
				<timestamp>16.055071</timestamp>
			</report>
			<report>
				<misses>1800001</misses>
				<total>0</total>
				<timestamp>16.999833</timestamp>
			</report>
			<report>
				<misses>1900001</misses>
				<total>0</total>
				<timestamp>17.945036</timestamp>
			</report>
			<report>
				<misses>2000001</misses>
				<total>0</total>
				<timestamp>18.889525</timestamp>
			</report>
			<report>
				<misses>2100001</misses>
				<total>0</total>
				<timestamp>19.834302</timestamp>
			</report>
			<report>
				<misses>2200001</misses>
				<total>0</total>
				<timestamp>20.774581</timestamp>
			</report>
			<report>
				<misses>2300001</misses>
				<total>10</total>
				<timestamp>21.710805</timestamp>
			</report>
			<report>
				<misses>2400001</misses>
				<total>10</total>
				<timestamp>22.655051</timestamp>
			</report>
			<report>
				<misses>2500001</misses>
				<total>10</total>
				<timestamp>23.600422</timestamp>
			</report>
			<report>
				<misses>2600001</misses>
				<total>10</total>
				<timestamp>24.544629</timestamp>
			</report>
			<report>
				<misses>2700001</misses>
				<total>10</total>
				<timestamp>25.486742</timestamp>
			</report>
			<report>
				<misses>2800001</misses>
				<total>10</total>
				<timestamp>26.426964</timestamp>
			</report>
			<report>
				<misses>2900001</misses>
				<total>10</total>
				<timestamp>27.366832</timestamp>
			</report>
			<report>
				<misses>3000001</misses>
				<total>10</total>
				<timestamp>28.306485</timestamp>
			</report>
			<report>
				<misses>3100001</misses>
				<total>10</total>
				<timestamp>29.245949</timestamp>
			</report>
			<report>
				<misses>3200001</misses>
				<total>10</total>
				<timestamp>30.185447</timestamp>
			</report>
			<report>
				<misses>3300001</misses>
				<total>10</total>
				<timestamp>31.125589</timestamp>
			</report>
			<report>
				<misses>3400001</misses>
				<total>10</total>
				<timestamp>32.066711</timestamp>
			</report>
			<report>
				<misses>3500001</misses>
				<total>10</total>
				<timestamp>33.006076</timestamp>
			</report>
			<report>
				<misses>3600001</misses>
				<total>10</total>
				<timestamp>33.945704</timestamp>
			</report>
			<report>
				<misses>3700001</misses>
				<total>10</total>
				<timestamp>34.885539</timestamp>
			</report>
			<report>
				<misses>3800001</misses>
				<total>10</total>
				<timestamp>35.825564</timestamp>
			</report>
			<report>
				<misses>3900001</misses>
				<total>10</total>
				<timestamp>36.763167</timestamp>
			</report>
			<report>
				<misses>4000001</misses>
				<total>10</total>
				<timestamp>37.700036</timestamp>
			</report>
			<report>
				<misses>4100001</misses>
				<total>10</total>
				<timestamp>38.641643</timestamp>
			</report>
			<report>
				<misses>4200001</misses>
				<total>20</total>
				<timestamp>39.577754</timestamp>
			</report>
			<report>
				<misses>4300001</misses>
				<total>30</total>
				<timestamp>40.515521</timestamp>
			</report>
			<report>
				<misses>4400001</misses>
				<total>30</total>
				<timestamp>41.457599</timestamp>
			</report>
			<report>
				<misses>4500001</misses>
				<total>30</total>
				<timestamp>42.399501</timestamp>
			</report>
			<report>
				<misses>4600001</misses>
				<total>30</total>
				<timestamp>43.341928</timestamp>
			</report>
			<report>
				<misses>4700001</misses>
				<total>30</total>
				<timestamp>44.284703</timestamp>
			</report>
			<report>
				<misses>4800001</misses>
				<total>30</total>
				<timestamp>45.225092</timestamp>
			</report>
			<report>
				<misses>4900001</misses>
				<total>30</total>
				<timestamp>46.158009</timestamp>
			</report>
			<report>
				<misses>5000001</misses>
				<total>30</total>
				<timestamp>47.087792</timestamp>
			</report>
			<report>
				<misses>5100001</misses>
				<total>30</total>
				<timestamp>48.018648</timestamp>
			</report>
			<report>
				<misses>5200001</misses>
				<total>30</total>
				<timestamp>48.950679</timestamp>
			</report>
			<report>
				<misses>5300001</misses>
				<total>30</total>
				<timestamp>49.881709</timestamp>
			</report>
			<report>
				<misses>5400001</misses>
				<total>30</total>
				<timestamp>50.816402</timestamp>
			</report>
			<report>
				<misses>5500001</misses>
				<total>30</total>
				<timestamp>51.748424</timestamp>
			</report>
			<report>
				<misses>5600001</misses>
				<total>30</total>
				<timestamp>52.680447</timestamp>
			</report>
			<report>
				<misses>5700001</misses>
				<total>30</total>
				<timestamp>53.613607</timestamp>
			</report>
			<report>
				<misses>5800001</misses>
				<total>30</total>
				<timestamp>54.544636</timestamp>
			</report>
			<report>
				<misses>5900001</misses>
				<total>30</total>
				<timestamp>55.474916</timestamp>
			</report>
			<report>
				<misses>6000001</misses>
				<total>30</total>
				<timestamp>56.405457</timestamp>
			</report>
			<report>
				<misses>6100001</misses>
				<total>30</total>
				<timestamp>57.335223</timestamp>
			</report>
			<report>
				<misses>6200001</misses>
				<total>30</total>
				<timestamp>58.266282</timestamp>
			</report>
			<report>
				<misses>6300001</misses>
				<total>30</total>
				<timestamp>59.194752</timestamp>
			</report>
			<report>
				<misses>6400001</misses>
				<total>30</total>
				<timestamp>60.124548</timestamp>
			</report>
			<report>
				<misses>6500001</misses>
				<total>30</total>
				<timestamp>61.055874</timestamp>
			</report>
			<report>
				<misses>6600001</misses>
				<total>30</total>
				<timestamp>61.986176</timestamp>
			</report>
			<report>
				<misses>6700001</misses>
				<total>30</total>
				<timestamp>62.917450</timestamp>
			</report>
			<report>
				<misses>6800001</misses>
				<total>30</total>
				<timestamp>63.848585</timestamp>
			</report>
			<report>
				<misses>6900001</misses>
				<total>30</total>
				<timestamp>64.781040</timestamp>
			</report>
			<report>
				<misses>7000001</misses>
				<total>30</total>
				<timestamp>65.712749</timestamp>
			</report>
			<report>
				<misses>7100001</misses>
				<total>30</total>
				<timestamp>66.643647</timestamp>
			</report>
			<report>
				<misses>7200001</misses>
				<total>30</total>
				<timestamp>67.579501</timestamp>
			</report>
			<report>
				<misses>7300001</misses>
				<total>30</total>
				<timestamp>68.516068</timestamp>
			</report>
			<report>
				<misses>7400001</misses>
				<total>30</total>
				<timestamp>69.454205</timestamp>
			</report>
			<report>
				<misses>7500001</misses>
				<total>30</total>
				<timestamp>70.391050</timestamp>
			</report>
			<report>
				<misses>7600001</misses>
				<total>30</total>
				<timestamp>71.327316</timestamp>
			</report>
			<report>
				<misses>7700001</misses>
				<total>30</total>
				<timestamp>72.264595</timestamp>
			</report>
			<report>
				<misses>7800001</misses>
				<total>30</total>
				<timestamp>73.201809</timestamp>
			</report>
			<report>
				<misses>7900001</misses>
				<total>30</total>
				<timestamp>74.138496</timestamp>
			</report>
			<report>
				<misses>8000001</misses>
				<total>30</total>
				<timestamp>75.074729</timestamp>
			</report>
			<report>
				<misses>8100001</misses>
				<total>30</total>
				<timestamp>76.012944</timestamp>
			</report>
			<report>
				<misses>8200001</misses>
				<total>30</total>
				<timestamp>76.949128</timestamp>
			</report>
			<report>
				<misses>8300001</misses>
				<total>30</total>
				<timestamp>77.885976</timestamp>
			</report>
			<report>
				<misses>8400001</misses>
				<total>30</total>
				<timestamp>78.822203</timestamp>
			</report>
			<report>
				<misses>8500001</misses>
				<total>30</total>
				<timestamp>79.758152</timestamp>
			</report>
			<report>
				<misses>8600001</misses>
				<total>30</total>
				<timestamp>80.694127</timestamp>
			</report>
			<report>
				<misses>8700001</misses>
				<total>30</total>
				<timestamp>81.630328</timestamp>
			</report>
			<report>
				<misses>8800001</misses>
				<total>30</total>
				<timestamp>82.566142</timestamp>
			</report>
			<report>
				<misses>8900001</misses>
				<total>30</total>
				<timestamp>83.500682</timestamp>
			</report>
			<report>
				<misses>9000001</misses>
				<total>30</total>
				<timestamp>84.432969</timestamp>
			</report>
			<report>
				<misses>9100001</misses>
				<total>30</total>
				<timestamp>85.366163</timestamp>
			</report>
			<report>
				<misses>9200001</misses>
				<total>30</total>
				<timestamp>86.298290</timestamp>
			</report>
			<report>
				<misses>9300001</misses>
				<total>30</total>
				<timestamp>87.230590</timestamp>
			</report>
			<report>
				<misses>9400001</misses>
				<total>30</total>
				<timestamp>88.162249</timestamp>
			</report>
			<report>
				<misses>9500001</misses>
				<total>30</total>
				<timestamp>89.093872</timestamp>
			</report>
			<report>
				<misses>9600001</misses>
				<total>30</total>
				<timestamp>90.030733</timestamp>
			</report>
			<report>
				<misses>9700001</misses>
				<total>30</total>
				<timestamp>90.967606</timestamp>
			</report>
			<report>
				<misses>9800001</misses>
				<total>30</total>
				<timestamp>91.905054</timestamp>
			</report>
			<report>
				<misses>9900001</misses>
				<total>30</total>
				<timestamp>92.841992</timestamp>
			</report>
			<report>
				<misses>10000001</misses>
				<total>30</total>
				<timestamp>93.779340</timestamp>
			</report>
			<report>
				<misses>10100001</misses>
				<total>30</total>
				<timestamp>94.714645</timestamp>
			</report>
			<report>
				<misses>10200001</misses>
				<total>30</total>
				<timestamp>95.645555</timestamp>
			</report>
			<report>
				<misses>10300001</misses>
				<total>30</total>
				<timestamp>96.576461</timestamp>
			</report>
			<report>
				<misses>10400001</misses>
				<total>30</total>
				<timestamp>97.508108</timestamp>
			</report>
			<report>
				<misses>10500001</misses>
				<total>30</total>
				<timestamp>98.452543</timestamp>
			</report>
			<report>
				<misses>10600001</misses>
				<total>30</total>
				<timestamp>99.397984</timestamp>
			</report>
			<report>
				<misses>10700001</misses>
				<total>30</total>
				<timestamp>100.342430</timestamp>
			</report>
			<report>
				<misses>10800001</misses>
				<total>30</total>
				<timestamp>101.288265</timestamp>
			</report>
			<report>
				<misses>10900001</misses>
				<total>30</total>
				<timestamp>102.232637</timestamp>
			</report>
			<report>
				<misses>11000001</misses>
				<total>30</total>
				<timestamp>103.174910</timestamp>
			</report>
			<report>
				<misses>11100001</misses>
				<total>30</total>
				<timestamp>104.120102</timestamp>
			</report>
			<report>
				<misses>11200001</misses>
				<total>30</total>
				<timestamp>105.064711</timestamp>
			</report>
			<report>
				<misses>11300001</misses>
				<total>30</total>
				<timestamp>106.011603</timestamp>
			</report>
			<report>
				<misses>11400001</misses>
				<total>56</total>
				<timestamp>106.958238</timestamp>
			</report>
			<report>
				<misses>11500001</misses>
				<total>56</total>
				<timestamp>107.901970</timestamp>
			</report>
			<report>
				<misses>11600001</misses>
				<total>56</total>
				<timestamp>108.846695</timestamp>
			</report>
			<report>
				<misses>11700001</misses>
				<total>56</total>
				<timestamp>109.791441</timestamp>
			</report>
			<report>
				<misses>11800001</misses>
				<total>56</total>
				<timestamp>110.735495</timestamp>
			</report>
			<report>
				<misses>11900001</misses>
				<total>56</total>
				<timestamp>111.678009</timestamp>
			</report>
			<report>
				<misses>12000001</misses>
				<total>61</total>
				<timestamp>112.622676</timestamp>
			</report>
			<report>
				<misses>12100001</misses>
				<total>61</total>
				<timestamp>113.566044</timestamp>
			</report>
			<report>
				<misses>12200001</misses>
				<total>61</total>
				<timestamp>114.508601</timestamp>
			</report>
			<report>
				<misses>12300001</misses>
				<total>61</total>
				<timestamp>115.452206</timestamp>
			</report>
			<report>
				<misses>12400001</misses>
				<total>61</total>
				<timestamp>116.396946</timestamp>
			</report>
			<report>
				<misses>12500001</misses>
				<total>61</total>
				<timestamp>117.340108</timestamp>
			</report>
			<report>
				<misses>12600001</misses>
				<total>61</total>
				<timestamp>118.285665</timestamp>
			</report>
			<report>
				<misses>12700001</misses>
				<total>61</total>
				<timestamp>119.229528</timestamp>
			</report>
			<report>
				<misses>12800001</misses>
				<total>61</total>
				<timestamp>120.171786</timestamp>
			</report>
			<report>
				<misses>12900001</misses>
				<total>61</total>
				<timestamp>121.115367</timestamp>
			</report>
			<report>
				<misses>13000001</misses>
				<total>61</total>
				<timestamp>122.057918</timestamp>
			</report>
			<report>
				<misses>13100001</misses>
				<total>61</total>
				<timestamp>123.001352</timestamp>
			</report>
			<report>
				<misses>13200001</misses>
				<total>61</total>
				<timestamp>123.946545</timestamp>
			</report>
			<report>
				<misses>13300001</misses>
				<total>61</total>
				<timestamp>124.888579</timestamp>
			</report>
			<report>
				<misses>13400001</misses>
				<total>61</total>
				<timestamp>125.828983</timestamp>
			</report>
			<report>
				<misses>13500001</misses>
				<total>61</total>
				<timestamp>126.769336</timestamp>
			</report>
			<report>
				<misses>13600001</misses>
				<total>61</total>
				<timestamp>127.706992</timestamp>
			</report>
			<report>
				<misses>13700001</misses>
				<total>61</total>
				<timestamp>128.647709</timestamp>
			</report>
			<report>
				<misses>13800001</misses>
				<total>61</total>
				<timestamp>129.588206</timestamp>
			</report>
			<report>
				<misses>13900001</misses>
				<total>61</total>
				<timestamp>130.528752</timestamp>
			</report>
			<report>
				<misses>14000001</misses>
				<total>61</total>
				<timestamp>131.467729</timestamp>
			</report>
			<report>
				<misses>14100001</misses>
				<total>61</total>
				<timestamp>132.408550</timestamp>
			</report>
			<report>
				<misses>14200001</misses>
				<total>61</total>
				<timestamp>133.347058</timestamp>
			</report>
			<report>
				<misses>14300001</misses>
				<total>61</total>
				<timestamp>134.285815</timestamp>
			</report>
			<report>
				<misses>14400001</misses>
				<total>61</total>
				<timestamp>135.222969</timestamp>
			</report>
			<report>
				<misses>14500001</misses>
				<total>61</total>
				<timestamp>136.153941</timestamp>
			</report>
			<report>
				<misses>14600001</misses>
				<total>61</total>
				<timestamp>137.084799</timestamp>
			</report>
			<report>
				<misses>14700001</misses>
				<total>61</total>
				<timestamp>138.016745</timestamp>
			</report>
			<report>
				<misses>14800001</misses>
				<total>61</total>
				<timestamp>138.955518</timestamp>
			</report>
			<report>
				<misses>14900001</misses>
				<total>61</total>
				<timestamp>139.892282</timestamp>
			</report>
			<report>
				<misses>15000001</misses>
				<total>61</total>
				<timestamp>140.828118</timestamp>
			</report>
			<report>
				<misses>15100001</misses>
				<total>61</total>
				<timestamp>141.767648</timestamp>
			</report>
			<report>
				<misses>15200001</misses>
				<total>61</total>
				<timestamp>142.708132</timestamp>
			</report>
			<report>
				<misses>15300001</misses>
				<total>61</total>
				<timestamp>143.646724</timestamp>
			</report>
			<report>
				<misses>15400001</misses>
				<total>61</total>
				<timestamp>144.579289</timestamp>
			</report>
			<report>
				<misses>15500001</misses>
				<total>61</total>
				<timestamp>145.513336</timestamp>
			</report>
			<report>
				<misses>15600001</misses>
				<total>61</total>
				<timestamp>146.447463</timestamp>
			</report>
			<report>
				<misses>15700001</misses>
				<total>61</total>
				<timestamp>147.380841</timestamp>
			</report>
			<report>
				<misses>15800001</misses>
				<total>61</total>
				<timestamp>148.314137</timestamp>
			</report>
			<report>
				<misses>15900001</misses>
				<total>61</total>
				<timestamp>149.247728</timestamp>
			</report>
			<report>
				<misses>16000001</misses>
				<total>61</total>
				<timestamp>150.182051</timestamp>
			</report>
			<report>
				<misses>16100001</misses>
				<total>61</total>
				<timestamp>151.114154</timestamp>
			</report>
			<report>
				<misses>16200001</misses>
				<total>61</total>
				<timestamp>152.047388</timestamp>
			</report>
			<report>
				<misses>16300001</misses>
				<total>61</total>
				<timestamp>152.979463</timestamp>
			</report>
			<report>
				<misses>16400001</misses>
				<total>61</total>
				<timestamp>153.913316</timestamp>
			</report>
			<report>
				<misses>16500001</misses>
				<total>61</total>
				<timestamp>154.846283</timestamp>
			</report>
			<report>
				<misses>16600001</misses>
				<total>61</total>
				<timestamp>155.779459</timestamp>
			</report>
			<report>
				<misses>16700001</misses>
				<total>61</total>
				<timestamp>156.712122</timestamp>
			</report>
			<report>
				<misses>16800001</misses>
				<total>61</total>
				<timestamp>157.644763</timestamp>
			</report>
			<report>
				<misses>16900001</misses>
				<total>61</total>
				<timestamp>158.577941</timestamp>
			</report>
			<report>
				<misses>17000001</misses>
				<total>61</total>
				<timestamp>159.510895</timestamp>
			</report>
			<report>
				<misses>17100001</misses>
				<total>61</total>
				<timestamp>160.444083</timestamp>
			</report>
			<report>
				<misses>17200001</misses>
				<total>61</total>
				<timestamp>161.377133</timestamp>
			</report>
			<report>
				<misses>17300001</misses>
				<total>61</total>
				<timestamp>162.310122</timestamp>
			</report>
			<report>
				<misses>17400001</misses>
				<total>61</total>
				<timestamp>163.240471</timestamp>
			</report>
			<report>
				<misses>17500001</misses>
				<total>61</total>
				<timestamp>164.170756</timestamp>
			</report>
			<report>
				<misses>17600001</misses>
				<total>61</total>
				<timestamp>165.101574</timestamp>
			</report>
			<report>
				<misses>17700001</misses>
				<total>61</total>
				<timestamp>166.032992</timestamp>
			</report>
			<report>
				<misses>17800001</misses>
				<total>61</total>
				<timestamp>166.964297</timestamp>
			</report>
			<report>
				<misses>17900001</misses>
				<total>61</total>
				<timestamp>167.895616</timestamp>
			</report>
			<report>
				<misses>18000001</misses>
				<total>61</total>
				<timestamp>168.826084</timestamp>
			</report>
			<report>
				<misses>18100001</misses>
				<total>61</total>
				<timestamp>169.758085</timestamp>
			</report>
			<report>
				<misses>18200001</misses>
				<total>61</total>
				<timestamp>170.687912</timestamp>
			</report>
			<report>
				<misses>18300001</misses>
				<total>61</total>
				<timestamp>171.617964</timestamp>
			</report>
			<report>
				<misses>18400001</misses>
				<total>61</total>
				<timestamp>172.552446</timestamp>
			</report>
			<report>
				<misses>18500001</misses>
				<total>61</total>
				<timestamp>173.485085</timestamp>
			</report>
			<report>
				<misses>18600001</misses>
				<total>61</total>
				<timestamp>174.417528</timestamp>
			</report>
			<report>
				<misses>18700001</misses>
				<total>61</total>
				<timestamp>175.349818</timestamp>
			</report>
			<report>
				<misses>18800001</misses>
				<total>61</total>
				<timestamp>176.282392</timestamp>
			</report>
			<report>
				<misses>18900001</misses>
				<total>61</total>
				<timestamp>177.214867</timestamp>
			</report>
			<report>
				<misses>19000001</misses>
				<total>61</total>
				<timestamp>178.145406</timestamp>
			</report>
			<report>
				<misses>19100001</misses>
				<total>61</total>
				<timestamp>179.075408</timestamp>
			</report>
			<report>
				<misses>19200001</misses>
				<total>61</total>
				<timestamp>180.019824</timestamp>
			</report>
			<report>
				<misses>19300001</misses>
				<total>61</total>
				<timestamp>180.963904</timestamp>
			</report>
			<report>
				<misses>19400001</misses>
				<total>61</total>
				<timestamp>181.907627</timestamp>
			</report>
			<report>
				<misses>19500001</misses>
				<total>61</total>
				<timestamp>182.852172</timestamp>
			</report>
			<report>
				<misses>19600001</misses>
				<total>61</total>
				<timestamp>183.793616</timestamp>
			</report>
			<report>
				<misses>19700001</misses>
				<total>61</total>
				<timestamp>184.735047</timestamp>
			</report>
			<report>
				<misses>19800001</misses>
				<total>61</total>
				<timestamp>185.676448</timestamp>
			</report>
			<report>
				<misses>19900001</misses>
				<total>61</total>
				<timestamp>186.617575</timestamp>
			</report>
			<report>
				<misses>20000001</misses>
				<total>61</total>
				<timestamp>187.546825</timestamp>
			</report>
			<report>
				<misses>20100001</misses>
				<total>61</total>
				<timestamp>188.481743</timestamp>
			</report>
			<report>
				<misses>20200001</misses>
				<total>61</total>
				<timestamp>189.416572</timestamp>
			</report>
			<report>
				<misses>20300001</misses>
				<total>61</total>
				<timestamp>190.349837</timestamp>
			</report>
			<report>
				<misses>20400001</misses>
				<total>61</total>
				<timestamp>191.284658</timestamp>
			</report>
			<report>
				<misses>20500001</misses>
				<total>61</total>
				<timestamp>192.219376</timestamp>
			</report>
			<report>
				<misses>20600001</misses>
				<total>61</total>
				<timestamp>193.156958</timestamp>
			</report>
			<report>
				<misses>20700001</misses>
				<total>61</total>
				<timestamp>194.093881</timestamp>
			</report>
			<report>
				<misses>20800001</misses>
				<total>61</total>
				<timestamp>195.030799</timestamp>
			</report>
			<report>
				<misses>20900001</misses>
				<total>61</total>
				<timestamp>195.969550</timestamp>
			</report>
			<report>
				<misses>21000001</misses>
				<total>61</total>
				<timestamp>196.906400</timestamp>
			</report>
			<report>
				<misses>21100001</misses>
				<total>61</total>
				<timestamp>197.835780</timestamp>
			</report>
			<report>
				<misses>21200001</misses>
				<total>61</total>
				<timestamp>198.766146</timestamp>
			</report>
			<report>
				<misses>21300001</misses>
				<total>61</total>
				<timestamp>199.697176</timestamp>
			</report>
			<report>
				<misses>21400001</misses>
				<total>61</total>
				<timestamp>200.625055</timestamp>
			</report>
			<report>
				<misses>21500001</misses>
				<total>61</total>
				<timestamp>201.553460</timestamp>
			</report>
			<report>
				<misses>21600001</misses>
				<total>61</total>
				<timestamp>202.478109</timestamp>
			</report>
			<report>
				<misses>21700001</misses>
				<total>61</total>
				<timestamp>203.404327</timestamp>
			</report>
			<report>
				<misses>21800001</misses>
				<total>61</total>
				<timestamp>204.331580</timestamp>
			</report>
			<report>
				<misses>21900001</misses>
				<total>61</total>
				<timestamp>205.258063</timestamp>
			</report>
			<report>
				<misses>22000001</misses>
				<total>61</total>
				<timestamp>206.182871</timestamp>
			</report>
			<report>
				<misses>22100001</misses>
				<total>61</total>
				<timestamp>207.109235</timestamp>
			</report>
			<report>
				<misses>22200001</misses>
				<total>61</total>
				<timestamp>208.037127</timestamp>
			</report>
			<report>
				<misses>22300001</misses>
				<total>61</total>
				<timestamp>208.962483</timestamp>
			</report>
			<report>
				<misses>22400001</misses>
				<total>61</total>
				<timestamp>209.890969</timestamp>
			</report>
			<report>
				<misses>22500001</misses>
				<total>61</total>
				<timestamp>210.831990</timestamp>
			</report>
			<report>
				<misses>22600001</misses>
				<total>61</total>
				<timestamp>211.768255</timestamp>
			</report>
			<report>
				<misses>22700001</misses>
				<total>61</total>
				<timestamp>212.704475</timestamp>
			</report>
			<report>
				<misses>22800001</misses>
				<total>61</total>
				<timestamp>213.644200</timestamp>
			</report>
			<report>
				<misses>22900001</misses>
				<total>61</total>
				<timestamp>214.583281</timestamp>
			</report>
			<report>
				<misses>23000001</misses>
				<total>61</total>
				<timestamp>215.522394</timestamp>
			</report>
			<report>
				<misses>23100001</misses>
				<total>61</total>
				<timestamp>216.460824</timestamp>
			</report>
			<report>
				<misses>23200001</misses>
				<total>61</total>
				<timestamp>217.397096</timestamp>
			</report>
			<report>
				<misses>23300001</misses>
				<total>61</total>
				<timestamp>218.332616</timestamp>
			</report>
			<report>
				<misses>23400001</misses>
				<total>61</total>
				<timestamp>219.269971</timestamp>
			</report>
			<report>
				<misses>23500001</misses>
				<total>61</total>
				<timestamp>220.206067</timestamp>
			</report>
			<report>
				<misses>23600001</misses>
				<total>61</total>
				<timestamp>221.144431</timestamp>
			</report>
			<report>
				<misses>23700001</misses>
				<total>61</total>
				<timestamp>222.081426</timestamp>
			</report>
			<report>
				<misses>23800001</misses>
				<total>61</total>
				<timestamp>223.021110</timestamp>
			</report>
			<report>
				<misses>23900001</misses>
				<total>61</total>
				<timestamp>223.960367</timestamp>
			</report>
			<report>
				<misses>24000001</misses>
				<total>61</total>
				<timestamp>224.899974</timestamp>
			</report>
			<report>
				<misses>24100001</misses>
				<total>61</total>
				<timestamp>225.838418</timestamp>
			</report>
			<report>
				<misses>24200001</misses>
				<total>61</total>
				<timestamp>226.778989</timestamp>
			</report>
			<report>
				<misses>24300001</misses>
				<total>61</total>
				<timestamp>227.716700</timestamp>
			</report>
			<report>
				<misses>24400001</misses>
				<total>61</total>
				<timestamp>228.653360</timestamp>
			</report>
			<report>
				<misses>24500001</misses>
				<total>61</total>
				<timestamp>229.591453</timestamp>
			</report>
			<report>
				<misses>24600001</misses>
				<total>61</total>
				<timestamp>230.526062</timestamp>
			</report>
			<report>
				<misses>24700001</misses>
				<total>61</total>
				<timestamp>231.462742</timestamp>
			</report>
			<report>
				<misses>24800001</misses>
				<total>61</total>
				<timestamp>232.398319</timestamp>
			</report>
			<report>
				<misses>24900001</misses>
				<total>61</total>
				<timestamp>233.332543</timestamp>
			</report>
			<report>
				<misses>25000001</misses>
				<total>61</total>
				<timestamp>234.266699</timestamp>
			</report>
			<report>
				<misses>25100001</misses>
				<total>61</total>
				<timestamp>235.200654</timestamp>
			</report>
			<report>
				<misses>25200001</misses>
				<total>85</total>
				<timestamp>236.137465</timestamp>
			</report>
			<report>
				<misses>25300001</misses>
				<total>85</total>
				<timestamp>237.075686</timestamp>
			</report>
			<report>
				<misses>25400001</misses>
				<total>85</total>
				<timestamp>238.016805</timestamp>
			</report>
			<report>
				<misses>25500001</misses>
				<total>85</total>
				<timestamp>238.958342</timestamp>
			</report>
			<report>
				<misses>25600001</misses>
				<total>85</total>
				<timestamp>239.900363</timestamp>
			</report>
			<report>
				<misses>25700001</misses>
				<total>85</total>
				<timestamp>240.841923</timestamp>
			</report>
			<report>
				<misses>25800001</misses>
				<total>85</total>
				<timestamp>241.783487</timestamp>
			</report>
			<report>
				<misses>25900001</misses>
				<total>85</total>
				<timestamp>242.718871</timestamp>
			</report>
			<report>
				<misses>26000001</misses>
				<total>85</total>
				<timestamp>243.655999</timestamp>
			</report>
			<report>
				<misses>26100001</misses>
				<total>85</total>
				<timestamp>244.592381</timestamp>
			</report>
			<report>
				<misses>26200001</misses>
				<total>85</total>
				<timestamp>245.526877</timestamp>
			</report>
			<report>
				<misses>26300001</misses>
				<total>85</total>
				<timestamp>246.463628</timestamp>
			</report>
			<report>
				<misses>26400001</misses>
				<total>85</total>
				<timestamp>247.399518</timestamp>
			</report>
			<report>
				<misses>26500001</misses>
				<total>85</total>
				<timestamp>248.335494</timestamp>
			</report>
			<report>
				<misses>26600001</misses>
				<total>85</total>
				<timestamp>249.283015</timestamp>
			</report>
			<report>
				<misses>26700001</misses>
				<total>85</total>
				<timestamp>250.223673</timestamp>
			</report>
			<report>
				<misses>26800001</misses>
				<total>85</total>
				<timestamp>251.163549</timestamp>
			</report>
			<report>
				<misses>26900001</misses>
				<total>85</total>
				<timestamp>252.103950</timestamp>
			</report>
			<report>
				<misses>27000001</misses>
				<total>85</total>
				<timestamp>253.043363</timestamp>
			</report>
			<report>
				<misses>27100001</misses>
				<total>85</total>
				<timestamp>253.983033</timestamp>
			</report>
			<report>
				<misses>27200001</misses>
				<total>85</total>
				<timestamp>254.923207</timestamp>
			</report>
			<report>
				<misses>27300001</misses>
				<total>85</total>
				<timestamp>255.863650</timestamp>
			</report>
			<report>
				<misses>27400001</misses>
				<total>85</total>
				<timestamp>256.804996</timestamp>
			</report>
			<report>
				<misses>27500001</misses>
				<total>85</total>
				<timestamp>257.745097</timestamp>
			</report>
			<report>
				<misses>27600001</misses>
				<total>85</total>
				<timestamp>258.684361</timestamp>
			</report>
			<report>
				<misses>27700001</misses>
				<total>85</total>
				<timestamp>259.621469</timestamp>
			</report>
			<report>
				<misses>27800001</misses>
				<total>85</total>
				<timestamp>260.558576</timestamp>
			</report>
			<report>
				<misses>27900001</misses>
				<total>85</total>
				<timestamp>261.495681</timestamp>
			</report>
			<report>
				<misses>28000001</misses>
				<total>85</total>
				<timestamp>262.438835</timestamp>
			</report>
			<report>
				<misses>28100001</misses>
				<total>113</total>
				<timestamp>263.373952</timestamp>
			</report>
			<report>
				<misses>28200001</misses>
				<total>113</total>
				<timestamp>264.310756</timestamp>
			</report>
			<report>
				<misses>28300001</misses>
				<total>113</total>
				<timestamp>265.246828</timestamp>
			</report>
			<report>
				<misses>28400001</misses>
				<total>113</total>
				<timestamp>266.184502</timestamp>
			</report>
			<report>
				<misses>28500001</misses>
				<total>113</total>
				<timestamp>267.123615</timestamp>
			</report>
			<report>
				<misses>28600001</misses>
				<total>113</total>
				<timestamp>268.062033</timestamp>
			</report>
			<report>
				<misses>28700001</misses>
				<total>113</total>
				<timestamp>269.002476</timestamp>
			</report>
			<report>
				<misses>28800001</misses>
				<total>113</total>
				<timestamp>269.941729</timestamp>
			</report>
			<report>
				<misses>28900001</misses>
				<total>113</total>
				<timestamp>270.881190</timestamp>
			</report>
			<report>
				<misses>29000001</misses>
				<total>113</total>
				<timestamp>271.818896</timestamp>
			</report>
			<report>
				<misses>29100001</misses>
				<total>113</total>
				<timestamp>272.759396</timestamp>
			</report>
			<report>
				<misses>29200001</misses>
				<total>113</total>
				<timestamp>273.698715</timestamp>
			</report>
			<report>
				<misses>29300001</misses>
				<total>113</total>
				<timestamp>274.637730</timestamp>
			</report>
			<report>
				<misses>29400001</misses>
				<total>113</total>
				<timestamp>275.587444</timestamp>
			</report>
			<report>
				<misses>29500001</misses>
				<total>113</total>
				<timestamp>276.527515</timestamp>
			</report>
			<report>
				<misses>29600001</misses>
				<total>113</total>
				<timestamp>277.468298</timestamp>
			</report>
			<report>
				<misses>29700001</misses>
				<total>113</total>
				<timestamp>278.414019</timestamp>
			</report>
			<report>
				<misses>29800001</misses>
				<total>113</total>
				<timestamp>279.353938</timestamp>
			</report>
			<report>
				<misses>29900001</misses>
				<total>113</total>
				<timestamp>280.293446</timestamp>
			</report>
			<report>
				<misses>30000001</misses>
				<total>113</total>
				<timestamp>281.233813</timestamp>
			</report>
			<report>
				<misses>30100001</misses>
				<total>113</total>
				<timestamp>282.173258</timestamp>
			</report>
			<report>
				<misses>30200001</misses>
				<total>113</total>
				<timestamp>283.113331</timestamp>
			</report>
			<report>
				<misses>30300001</misses>
				<total>113</total>
				<timestamp>284.053788</timestamp>
			</report>
			<report>
				<misses>30400001</misses>
				<total>113</total>
				<timestamp>284.994124</timestamp>
			</report>
			<report>
				<misses>30500001</misses>
				<total>113</total>
				<timestamp>285.933990</timestamp>
			</report>
			<report>
				<misses>30600001</misses>
				<total>113</total>
				<timestamp>286.879787</timestamp>
			</report>
			<report>
				<misses>30700001</misses>
				<total>113</total>
				<timestamp>287.825002</timestamp>
			</report>
			<report>
				<misses>30800001</misses>
				<total>113</total>
				<timestamp>288.770960</timestamp>
			</report>
			<report>
				<misses>30900001</misses>
				<total>113</total>
				<timestamp>289.717020</timestamp>
			</report>
			<report>
				<misses>31000001</misses>
				<total>113</total>
				<timestamp>290.662190</timestamp>
			</report>
			<report>
				<misses>31100001</misses>
				<total>113</total>
				<timestamp>291.601989</timestamp>
			</report>
			<report>
				<misses>31200001</misses>
				<total>113</total>
				<timestamp>292.539892</timestamp>
			</report>
			<report>
				<misses>31300001</misses>
				<total>113</total>
				<timestamp>293.479019</timestamp>
			</report>
			<report>
				<misses>31400001</misses>
				<total>113</total>
				<timestamp>294.416921</timestamp>
			</report>
			<report>
				<misses>31500001</misses>
				<total>113</total>
				<timestamp>295.356003</timestamp>
			</report>
			<report>
				<misses>31600001</misses>
				<total>113</total>
				<timestamp>296.295643</timestamp>
			</report>
			<report>
				<misses>31700001</misses>
				<total>113</total>
				<timestamp>297.238484</timestamp>
			</report>
			<report>
				<misses>31800001</misses>
				<total>113</total>
				<timestamp>298.183393</timestamp>
			</report>
			<report>
				<misses>31900001</misses>
				<total>113</total>
				<timestamp>299.128683</timestamp>
			</report>
			<report>
				<misses>32000001</misses>
				<total>113</total>
				<timestamp>300.074602</timestamp>
			</report>
			<report>
				<misses>32100001</misses>
				<total>113</total>
				<timestamp>301.019247</timestamp>
			</report>
			<report>
				<misses>32200001</misses>
				<total>113</total>
				<timestamp>301.965047</timestamp>
			</report>
			<report>
				<misses>32300001</misses>
				<total>113</total>
				<timestamp>302.910616</timestamp>
			</report>
			<report>
				<misses>32400001</misses>
				<total>113</total>
				<timestamp>303.855372</timestamp>
			</report>
			<report>
				<misses>32500001</misses>
				<total>113</total>
				<timestamp>304.800022</timestamp>
			</report>
			<report>
				<misses>32600001</misses>
				<total>113</total>
				<timestamp>305.744582</timestamp>
			</report>
			<report>
				<misses>32700001</misses>
				<total>113</total>
				<timestamp>306.690730</timestamp>
			</report>
			<report>
				<misses>32800001</misses>
				<total>113</total>
				<timestamp>307.635458</timestamp>
			</report>
			<report>
				<misses>32900001</misses>
				<total>122</total>
				<timestamp>308.579652</timestamp>
			</report>
			<report>
				<misses>33000001</misses>
				<total>122</total>
				<timestamp>309.529745</timestamp>
			</report>
			<report>
				<misses>33100001</misses>
				<total>122</total>
				<timestamp>310.475131</timestamp>
			</report>
			<report>
				<misses>33200001</misses>
				<total>122</total>
				<timestamp>311.424471</timestamp>
			</report>
			<report>
				<misses>33300001</misses>
				<total>122</total>
				<timestamp>312.373650</timestamp>
			</report>
			<report>
				<misses>33400001</misses>
				<total>122</total>
				<timestamp>313.322277</timestamp>
			</report>
			<report>
				<misses>33500001</misses>
				<total>122</total>
				<timestamp>314.271559</timestamp>
			</report>
			<report>
				<misses>33600001</misses>
				<total>122</total>
				<timestamp>315.220361</timestamp>
			</report>
			<report>
				<misses>33700001</misses>
				<total>122</total>
				<timestamp>316.162801</timestamp>
			</report>
			<report>
				<misses>33800001</misses>
				<total>122</total>
				<timestamp>317.106483</timestamp>
			</report>
			<report>
				<misses>33900001</misses>
				<total>122</total>
				<timestamp>318.049686</timestamp>
			</report>
			<report>
				<misses>34000001</misses>
				<total>122</total>
				<timestamp>318.990735</timestamp>
			</report>
			<report>
				<misses>34100001</misses>
				<total>122</total>
				<timestamp>319.930376</timestamp>
			</report>
			<report>
				<misses>34200001</misses>
				<total>122</total>
				<timestamp>320.869562</timestamp>
			</report>
			<report>
				<misses>34300001</misses>
				<total>122</total>
				<timestamp>321.811626</timestamp>
			</report>
			<report>
				<misses>34400001</misses>
				<total>122</total>
				<timestamp>322.753940</timestamp>
			</report>
			<report>
				<misses>34500001</misses>
				<total>122</total>
				<timestamp>323.693335</timestamp>
			</report>
			<report>
				<misses>34600001</misses>
				<total>122</total>
				<timestamp>324.631626</timestamp>
			</report>
			<report>
				<misses>34700001</misses>
				<total>122</total>
				<timestamp>325.573482</timestamp>
			</report>
			<report>
				<misses>34800001</misses>
				<total>122</total>
				<timestamp>326.512031</timestamp>
			</report>
			<report>
				<misses>34900001</misses>
				<total>122</total>
				<timestamp>327.449800</timestamp>
			</report>
			<report>
				<misses>35000001</misses>
				<total>122</total>
				<timestamp>328.389280</timestamp>
			</report>
			<report>
				<misses>35100001</misses>
				<total>122</total>
				<timestamp>329.327641</timestamp>
			</report>
			<report>
				<misses>35200001</misses>
				<total>122</total>
				<timestamp>330.266195</timestamp>
			</report>
			<report>
				<misses>35300001</misses>
				<total>122</total>
				<timestamp>331.204337</timestamp>
			</report>
			<report>
				<misses>35400001</misses>
				<total>122</total>
				<timestamp>332.142788</timestamp>
			</report>
			<report>
				<misses>35500001</misses>
				<total>122</total>
				<timestamp>333.081019</timestamp>
			</report>
			<report>
				<misses>35600001</misses>
				<total>122</total>
				<timestamp>334.020360</timestamp>
			</report>
			<report>
				<misses>35700001</misses>
				<total>122</total>
				<timestamp>334.964892</timestamp>
			</report>
			<report>
				<misses>35800001</misses>
				<total>122</total>
				<timestamp>335.909756</timestamp>
			</report>
			<report>
				<misses>35900001</misses>
				<total>122</total>
				<timestamp>336.856584</timestamp>
			</report>
			<report>
				<misses>36000001</misses>
				<total>122</total>
				<timestamp>337.804329</timestamp>
			</report>
			<report>
				<misses>36100001</misses>
				<total>122</total>
				<timestamp>338.751405</timestamp>
			</report>
			<report>
				<misses>36200001</misses>
				<total>122</total>
				<timestamp>339.694242</timestamp>
			</report>
			<report>
				<misses>36300001</misses>
				<total>122</total>
				<timestamp>340.635158</timestamp>
			</report>
			<report>
				<misses>36400001</misses>
				<total>122</total>
				<timestamp>341.576877</timestamp>
			</report>
			<report>
				<misses>36500001</misses>
				<total>122</total>
				<timestamp>342.525192</timestamp>
			</report>
			<report>
				<misses>36600001</misses>
				<total>122</total>
				<timestamp>343.464235</timestamp>
			</report>
			<report>
				<misses>36700001</misses>
				<total>122</total>
				<timestamp>344.403252</timestamp>
			</report>
			<report>
				<misses>36800001</misses>
				<total>122</total>
				<timestamp>345.341518</timestamp>
			</report>
			<report>
				<misses>36900001</misses>
				<total>122</total>
				<timestamp>346.282233</timestamp>
			</report>
			<report>
				<misses>37000001</misses>
				<total>122</total>
				<timestamp>347.221997</timestamp>
			</report>
			<report>
				<misses>37100001</misses>
				<total>122</total>
				<timestamp>348.161072</timestamp>
			</report>
			<report>
				<misses>37200001</misses>
				<total>122</total>
				<timestamp>349.100948</timestamp>
			</report>
			<report>
				<misses>37300001</misses>
				<total>122</total>
				<timestamp>350.039943</timestamp>
			</report>
			<report>
				<misses>37400001</misses>
				<total>122</total>
				<timestamp>350.979168</timestamp>
			</report>
			<report>
				<misses>37500001</misses>
				<total>122</total>
				<timestamp>351.917679</timestamp>
			</report>
			<report>
				<misses>37600001</misses>
				<total>122</total>
				<timestamp>352.856348</timestamp>
			</report>
			<report>
				<misses>37700001</misses>
				<total>122</total>
				<timestamp>353.792834</timestamp>
			</report>
			<report>
				<misses>37800001</misses>
				<total>122</total>
				<timestamp>354.729728</timestamp>
			</report>
			<report>
				<misses>37900001</misses>
				<total>122</total>
				<timestamp>355.667722</timestamp>
			</report>
			<report>
				<misses>38000001</misses>
				<total>122</total>
				<timestamp>356.604671</timestamp>
			</report>
			<report>
				<misses>38100001</misses>
				<total>122</total>
				<timestamp>357.540610</timestamp>
			</report>
			<report>
				<misses>38200001</misses>
				<total>122</total>
				<timestamp>358.480135</timestamp>
			</report>
			<report>
				<misses>38300001</misses>
				<total>122</total>
				<timestamp>359.423901</timestamp>
			</report>
			<report>
				<misses>38400001</misses>
				<total>122</total>
				<timestamp>360.366301</timestamp>
			</report>
			<report>
				<misses>38500001</misses>
				<total>122</total>
				<timestamp>361.308556</timestamp>
			</report>
			<report>
				<misses>38600001</misses>
				<total>122</total>
				<timestamp>362.251713</timestamp>
			</report>
			<report>
				<misses>38700001</misses>
				<total>122</total>
				<timestamp>363.193977</timestamp>
			</report>
			<report>
				<misses>38800001</misses>
				<total>122</total>
				<timestamp>364.130941</timestamp>
			</report>
			<report>
				<misses>38900001</misses>
				<total>122</total>
				<timestamp>365.068650</timestamp>
			</report>
			<report>
				<misses>39000001</misses>
				<total>122</total>
				<timestamp>366.005182</timestamp>
			</report>
			<report>
				<misses>39100001</misses>
				<total>122</total>
				<timestamp>366.941129</timestamp>
			</report>
			<report>
				<misses>39200001</misses>
				<total>122</total>
				<timestamp>367.882636</timestamp>
			</report>
			<report>
				<misses>39300001</misses>
				<total>122</total>
				<timestamp>368.818252</timestamp>
			</report>
			<report>
				<misses>39400001</misses>
				<total>122</total>
				<timestamp>369.755501</timestamp>
			</report>
			<report>
				<misses>39500001</misses>
				<total>122</total>
				<timestamp>370.691321</timestamp>
			</report>
			<report>
				<misses>39600001</misses>
				<total>122</total>
				<timestamp>371.631624</timestamp>
			</report>
			<report>
				<misses>39700001</misses>
				<total>122</total>
				<timestamp>372.565768</timestamp>
			</report>
			<report>
				<misses>39800001</misses>
				<total>122</total>
				<timestamp>373.500484</timestamp>
			</report>
			<report>
				<misses>39900001</misses>
				<total>122</total>
				<timestamp>374.435459</timestamp>
			</report>
			<report>
				<misses>40000001</misses>
				<total>122</total>
				<timestamp>375.372323</timestamp>
			</report>
			<report>
				<misses>40100001</misses>
				<total>122</total>
				<timestamp>376.309066</timestamp>
			</report>
			<report>
				<misses>40200001</misses>
				<total>122</total>
				<timestamp>377.245777</timestamp>
			</report>
			<report>
				<misses>40300001</misses>
				<total>122</total>
				<timestamp>378.180488</timestamp>
			</report>
			<report>
				<misses>40400001</misses>
				<total>122</total>
				<timestamp>379.115904</timestamp>
			</report>
			<report>
				<misses>40500001</misses>
				<total>122</total>
				<timestamp>380.051498</timestamp>
			</report>
			<report>
				<misses>40600001</misses>
				<total>122</total>
				<timestamp>380.988159</timestamp>
			</report>
			<report>
				<misses>40700001</misses>
				<total>122</total>
				<timestamp>381.924122</timestamp>
			</report>
			<report>
				<misses>40800001</misses>
				<total>122</total>
				<timestamp>382.863970</timestamp>
			</report>
			<report>
				<misses>40900001</misses>
				<total>122</total>
				<timestamp>383.806273</timestamp>
			</report>
			<report>
				<misses>41000001</misses>
				<total>122</total>
				<timestamp>384.747893</timestamp>
			</report>
			<report>
				<misses>41100001</misses>
				<total>122</total>
				<timestamp>385.689726</timestamp>
			</report>
			<report>
				<misses>41200001</misses>
				<total>122</total>
				<timestamp>386.632771</timestamp>
			</report>
			<report>
				<misses>41300001</misses>
				<total>122</total>
				<timestamp>387.571382</timestamp>
			</report>
			<report>
				<misses>41400001</misses>
				<total>122</total>
				<timestamp>388.506663</timestamp>
			</report>
			<report>
				<misses>41500001</misses>
				<total>122</total>
				<timestamp>389.440305</timestamp>
			</report>
			<report>
				<misses>41600001</misses>
				<total>122</total>
				<timestamp>390.372951</timestamp>
			</report>
			<report>
				<misses>41700001</misses>
				<total>122</total>
				<timestamp>391.304348</timestamp>
			</report>
			<report>
				<misses>41800001</misses>
				<total>122</total>
				<timestamp>392.234856</timestamp>
			</report>
			<report>
				<misses>41900001</misses>
				<total>122</total>
				<timestamp>393.163944</timestamp>
			</report>
			<report>
				<misses>42000001</misses>
				<total>122</total>
				<timestamp>394.093597</timestamp>
			</report>
			<report>
				<misses>42100001</misses>
				<total>122</total>
				<timestamp>395.027777</timestamp>
			</report>
			<report>
				<misses>42200001</misses>
				<total>122</total>
				<timestamp>395.962948</timestamp>
			</report>
			<report>
				<misses>42300001</misses>
				<total>122</total>
				<timestamp>396.909475</timestamp>
			</report>
			<report>
				<misses>42400001</misses>
				<total>122</total>
				<timestamp>397.854347</timestamp>
			</report>
			<report>
				<misses>42500001</misses>
				<total>122</total>
				<timestamp>398.797993</timestamp>
			</report>
			<report>
				<misses>42600001</misses>
				<total>122</total>
				<timestamp>399.735612</timestamp>
			</report>
			<report>
				<misses>42700001</misses>
				<total>122</total>
				<timestamp>400.665897</timestamp>
			</report>
			<report>
				<misses>42800001</misses>
				<total>122</total>
				<timestamp>401.595544</timestamp>
			</report>
			<report>
				<misses>42900001</misses>
				<total>122</total>
				<timestamp>402.524903</timestamp>
			</report>
			<report>
				<misses>43000001</misses>
				<total>122</total>
				<timestamp>403.454502</timestamp>
			</report>
			<report>
				<misses>43100001</misses>
				<total>122</total>
				<timestamp>404.384785</timestamp>
			</report>
			<report>
				<misses>43200001</misses>
				<total>122</total>
				<timestamp>405.313514</timestamp>
			</report>
			<report>
				<misses>43300001</misses>
				<total>122</total>
				<timestamp>406.244691</timestamp>
			</report>
			<report>
				<misses>43400001</misses>
				<total>122</total>
				<timestamp>407.180185</timestamp>
			</report>
			<report>
				<misses>43500001</misses>
				<total>122</total>
				<timestamp>408.117613</timestamp>
			</report>
			<report>
				<misses>43600001</misses>
				<total>122</total>
				<timestamp>409.052939</timestamp>
			</report>
			<report>
				<misses>43700001</misses>
				<total>122</total>
				<timestamp>409.990071</timestamp>
			</report>
			<report>
				<misses>43800001</misses>
				<total>122</total>
				<timestamp>410.926220</timestamp>
			</report>
			<report>
				<misses>43900001</misses>
				<total>122</total>
				<timestamp>411.857263</timestamp>
			</report>
			<report>
				<misses>44000001</misses>
				<total>122</total>
				<timestamp>412.785341</timestamp>
			</report>
			<report>
				<misses>44100001</misses>
				<total>122</total>
				<timestamp>413.714367</timestamp>
			</report>
			<report>
				<misses>44200001</misses>
				<total>122</total>
				<timestamp>414.642816</timestamp>
			</report>
			<report>
				<misses>44300001</misses>
				<total>122</total>
				<timestamp>415.569612</timestamp>
			</report>
			<report>
				<misses>44400001</misses>
				<total>122</total>
				<timestamp>416.493280</timestamp>
			</report>
			<report>
				<misses>44500001</misses>
				<total>122</total>
				<timestamp>417.420274</timestamp>
			</report>
			<report>
				<misses>44600001</misses>
				<total>122</total>
				<timestamp>418.345728</timestamp>
			</report>
			<report>
				<misses>44700001</misses>
				<total>122</total>
				<timestamp>419.270175</timestamp>
			</report>
			<report>
				<misses>44800001</misses>
				<total>122</total>
				<timestamp>420.195916</timestamp>
			</report>
			<report>
				<misses>44900001</misses>
				<total>122</total>
				<timestamp>421.122271</timestamp>
			</report>
			<report>
				<misses>45000001</misses>
				<total>122</total>
				<timestamp>422.048404</timestamp>
			</report>
			<report>
				<misses>45100001</misses>
				<total>122</total>
				<timestamp>422.975005</timestamp>
			</report>
			<report>
				<misses>45200001</misses>
				<total>122</total>
				<timestamp>423.903264</timestamp>
			</report>
			<report>
				<misses>45300001</misses>
				<total>122</total>
				<timestamp>424.829956</timestamp>
			</report>
			<report>
				<misses>45400001</misses>
				<total>122</total>
				<timestamp>425.756363</timestamp>
			</report>
			<report>
				<misses>45500001</misses>
				<total>122</total>
				<timestamp>426.683861</timestamp>
			</report>
			<report>
				<misses>45600001</misses>
				<total>122</total>
				<timestamp>427.611431</timestamp>
			</report>
			<report>
				<misses>45700001</misses>
				<total>122</total>
				<timestamp>428.539294</timestamp>
			</report>
			<report>
				<misses>45800001</misses>
				<total>122</total>
				<timestamp>429.466518</timestamp>
			</report>
			<report>
				<misses>45900001</misses>
				<total>122</total>
				<timestamp>430.395399</timestamp>
			</report>
			<report>
				<misses>46000001</misses>
				<total>122</total>
				<timestamp>431.343825</timestamp>
			</report>
			<report>
				<misses>46100001</misses>
				<total>122</total>
				<timestamp>432.294571</timestamp>
			</report>
			<report>
				<misses>46200001</misses>
				<total>122</total>
				<timestamp>433.243410</timestamp>
			</report>
			<report>
				<misses>46300001</misses>
				<total>122</total>
				<timestamp>434.193290</timestamp>
			</report>
			<report>
				<misses>46400001</misses>
				<total>122</total>
				<timestamp>435.143500</timestamp>
			</report>
			<report>
				<misses>46500001</misses>
				<total>122</total>
				<timestamp>436.090170</timestamp>
			</report>
			<report>
				<misses>46600001</misses>
				<total>122</total>
				<timestamp>437.035319</timestamp>
			</report>
			<report>
				<misses>46700001</misses>
				<total>122</total>
				<timestamp>437.980704</timestamp>
			</report>
			<report>
				<misses>46800001</misses>
				<total>122</total>
				<timestamp>438.927812</timestamp>
			</report>
			<report>
				<misses>46900001</misses>
				<total>122</total>
				<timestamp>439.874243</timestamp>
			</report>
			<report>
				<misses>47000001</misses>
				<total>122</total>
				<timestamp>440.820090</timestamp>
			</report>
			<report>
				<misses>47100001</misses>
				<total>122</total>
				<timestamp>441.767081</timestamp>
			</report>
			<report>
				<misses>47200001</misses>
				<total>122</total>
				<timestamp>442.710083</timestamp>
			</report>
			<report>
				<misses>47300001</misses>
				<total>122</total>
				<timestamp>443.656395</timestamp>
			</report>
			<report>
				<misses>47400001</misses>
				<total>122</total>
				<timestamp>444.601060</timestamp>
			</report>
			<report>
				<misses>47500001</misses>
				<total>122</total>
				<timestamp>445.545494</timestamp>
			</report>
			<report>
				<misses>47600001</misses>
				<total>122</total>
				<timestamp>446.491100</timestamp>
			</report>
			<report>
				<misses>47700001</misses>
				<total>122</total>
				<timestamp>447.435413</timestamp>
			</report>
			<report>
				<misses>47800001</misses>
				<total>122</total>
				<timestamp>448.378072</timestamp>
			</report>
			<report>
				<misses>47900001</misses>
				<total>122</total>
				<timestamp>449.322652</timestamp>
			</report>
			<report>
				<misses>48000001</misses>
				<total>122</total>
				<timestamp>450.267762</timestamp>
			</report>
			<report>
				<misses>48100001</misses>
				<total>122</total>
				<timestamp>451.212164</timestamp>
			</report>
			<report>
				<misses>48200001</misses>
				<total>122</total>
				<timestamp>452.156039</timestamp>
			</report>
			<report>
				<misses>48300001</misses>
				<total>122</total>
				<timestamp>453.100373</timestamp>
			</report>
			<report>
				<misses>48400001</misses>
				<total>122</total>
				<timestamp>454.044901</timestamp>
			</report>
			<report>
				<misses>48500001</misses>
				<total>122</total>
				<timestamp>454.992615</timestamp>
			</report>
			<report>
				<misses>48600001</misses>
				<total>122</total>
				<timestamp>455.941710</timestamp>
			</report>
			<report>
				<misses>48700001</misses>
				<total>122</total>
				<timestamp>456.891184</timestamp>
			</report>
			<report>
				<misses>48800001</misses>
				<total>122</total>
				<timestamp>457.838711</timestamp>
			</report>
			<report>
				<misses>48900001</misses>
				<total>122</total>
				<timestamp>458.785572</timestamp>
			</report>
			<report>
				<misses>49000001</misses>
				<total>122</total>
				<timestamp>459.731668</timestamp>
			</report>
			<report>
				<misses>49100001</misses>
				<total>122</total>
				<timestamp>460.673655</timestamp>
			</report>
			<report>
				<misses>49200001</misses>
				<total>122</total>
				<timestamp>461.617589</timestamp>
			</report>
			<report>
				<misses>49300001</misses>
				<total>122</total>
				<timestamp>462.563536</timestamp>
			</report>
			<report>
				<misses>49400001</misses>
				<total>122</total>
				<timestamp>463.508618</timestamp>
			</report>
			<report>
				<misses>49500001</misses>
				<total>122</total>
				<timestamp>464.455155</timestamp>
			</report>
			<report>
				<misses>49600001</misses>
				<total>122</total>
				<timestamp>465.397810</timestamp>
			</report>
			<report>
				<misses>49700001</misses>
				<total>122</total>
				<timestamp>466.344468</timestamp>
			</report>
			<report>
				<misses>49800001</misses>
				<total>122</total>
				<timestamp>467.289631</timestamp>
			</report>
			<report>
				<misses>49900001</misses>
				<total>122</total>
				<timestamp>468.235591</timestamp>
			</report>
			<report>
				<misses>50000001</misses>
				<total>122</total>
				<timestamp>469.169041</timestamp>
			</report>
			<report>
				<misses>50100001</misses>
				<total>122</total>
				<timestamp>470.103675</timestamp>
			</report>
			<report>
				<misses>50200001</misses>
				<total>122</total>
				<timestamp>471.038732</timestamp>
			</report>
			<report>
				<misses>50300001</misses>
				<total>122</total>
				<timestamp>471.972045</timestamp>
			</report>
			<report>
				<misses>50400001</misses>
				<total>122</total>
				<timestamp>472.902303</timestamp>
			</report>
			<report>
				<misses>50500001</misses>
				<total>122</total>
				<timestamp>473.832909</timestamp>
			</report>
			<report>
				<misses>50600001</misses>
				<total>131</total>
				<timestamp>474.762690</timestamp>
			</report>
			<report>
				<misses>50700001</misses>
				<total>131</total>
				<timestamp>475.693966</timestamp>
			</report>
			<report>
				<misses>50800001</misses>
				<total>131</total>
				<timestamp>476.624620</timestamp>
			</report>
			<report>
				<misses>50900001</misses>
				<total>131</total>
				<timestamp>477.554608</timestamp>
			</report>
			<report>
				<misses>51000001</misses>
				<total>131</total>
				<timestamp>478.485861</timestamp>
			</report>
			<report>
				<misses>51100001</misses>
				<total>131</total>
				<timestamp>479.422566</timestamp>
			</report>
			<report>
				<misses>51200001</misses>
				<total>131</total>
				<timestamp>480.358128</timestamp>
			</report>
			<report>
				<misses>51300001</misses>
				<total>131</total>
				<timestamp>481.294109</timestamp>
			</report>
			<report>
				<misses>51400001</misses>
				<total>131</total>
				<timestamp>482.231545</timestamp>
			</report>
			<report>
				<misses>51500001</misses>
				<total>131</total>
				<timestamp>483.166986</timestamp>
			</report>
			<report>
				<misses>51600001</misses>
				<total>131</total>
				<timestamp>484.099892</timestamp>
			</report>
			<report>
				<misses>51700001</misses>
				<total>150</total>
				<timestamp>485.029396</timestamp>
			</report>
			<report>
				<misses>51800001</misses>
				<total>150</total>
				<timestamp>485.957917</timestamp>
			</report>
			<report>
				<misses>51900001</misses>
				<total>150</total>
				<timestamp>486.884251</timestamp>
			</report>
			<report>
				<misses>52000001</misses>
				<total>150</total>
				<timestamp>487.812370</timestamp>
			</report>
			<report>
				<misses>52100001</misses>
				<total>150</total>
				<timestamp>488.738317</timestamp>
			</report>
			<report>
				<misses>52200001</misses>
				<total>150</total>
				<timestamp>489.673552</timestamp>
			</report>
			<report>
				<misses>52300001</misses>
				<total>150</total>
				<timestamp>490.605046</timestamp>
			</report>
			<report>
				<misses>52400001</misses>
				<total>150</total>
				<timestamp>491.532039</timestamp>
			</report>
			<report>
				<misses>52500001</misses>
				<total>150</total>
				<timestamp>492.457888</timestamp>
			</report>
			<report>
				<misses>52600001</misses>
				<total>150</total>
				<timestamp>493.387451</timestamp>
			</report>
			<report>
				<misses>52700001</misses>
				<total>174</total>
				<timestamp>494.315822</timestamp>
			</report>
			<report>
				<misses>52800001</misses>
				<total>174</total>
				<timestamp>495.241758</timestamp>
			</report>
			<report>
				<misses>52900001</misses>
				<total>174</total>
				<timestamp>496.169397</timestamp>
			</report>
			<report>
				<misses>53000001</misses>
				<total>174</total>
				<timestamp>497.097483</timestamp>
			</report>
			<report>
				<misses>53100001</misses>
				<total>174</total>
				<timestamp>498.030406</timestamp>
			</report>
			<report>
				<misses>53200001</misses>
				<total>174</total>
				<timestamp>498.966539</timestamp>
			</report>
			<report>
				<misses>53300001</misses>
				<total>174</total>
				<timestamp>499.902387</timestamp>
			</report>
			<report>
				<misses>53400001</misses>
				<total>174</total>
				<timestamp>500.838438</timestamp>
			</report>
			<report>
				<misses>53500001</misses>
				<total>174</total>
				<timestamp>501.768572</timestamp>
			</report>
			<report>
				<misses>53600001</misses>
				<total>174</total>
				<timestamp>502.699182</timestamp>
			</report>
			<report>
				<misses>53700001</misses>
				<total>174</total>
				<timestamp>503.636861</timestamp>
			</report>
			<report>
				<misses>53800001</misses>
				<total>174</total>
				<timestamp>504.572408</timestamp>
			</report>
			<report>
				<misses>53900001</misses>
				<total>174</total>
				<timestamp>505.509660</timestamp>
			</report>
			<report>
				<misses>54000001</misses>
				<total>174</total>
				<timestamp>506.444974</timestamp>
			</report>
			<report>
				<misses>54100001</misses>
				<total>174</total>
				<timestamp>507.379925</timestamp>
			</report>
			<report>
				<misses>54200001</misses>
				<total>174</total>
				<timestamp>508.310793</timestamp>
			</report>
			<report>
				<misses>54300001</misses>
				<total>174</total>
				<timestamp>509.240205</timestamp>
			</report>
			<report>
				<misses>54400001</misses>
				<total>174</total>
				<timestamp>510.172583</timestamp>
			</report>
			<report>
				<misses>54500001</misses>
				<total>174</total>
				<timestamp>511.104431</timestamp>
			</report>
			<report>
				<misses>54600001</misses>
				<total>174</total>
				<timestamp>512.036456</timestamp>
			</report>
			<report>
				<misses>54700001</misses>
				<total>174</total>
				<timestamp>512.969069</timestamp>
			</report>
			<report>
				<misses>54800001</misses>
				<total>174</total>
				<timestamp>513.898577</timestamp>
			</report>
			<report>
				<misses>54900001</misses>
				<total>174</total>
				<timestamp>514.828701</timestamp>
			</report>
			<report>
				<misses>55000001</misses>
				<total>174</total>
				<timestamp>515.758750</timestamp>
			</report>
			<report>
				<misses>55100001</misses>
				<total>174</total>
				<timestamp>516.690311</timestamp>
			</report>
			<report>
				<misses>55200001</misses>
				<total>174</total>
				<timestamp>517.620571</timestamp>
			</report>
			<report>
				<misses>55300001</misses>
				<total>174</total>
				<timestamp>518.551247</timestamp>
			</report>
			<report>
				<misses>55400001</misses>
				<total>174</total>
				<timestamp>519.481226</timestamp>
			</report>
			<report>
				<misses>55500001</misses>
				<total>174</total>
				<timestamp>520.411725</timestamp>
			</report>
			<report>
				<misses>55600001</misses>
				<total>174</total>
				<timestamp>521.341500</timestamp>
			</report>
			<report>
				<misses>55700001</misses>
				<total>174</total>
				<timestamp>522.270525</timestamp>
			</report>
			<report>
				<misses>55800001</misses>
				<total>174</total>
				<timestamp>523.199974</timestamp>
			</report>
			<report>
				<misses>55900001</misses>
				<total>174</total>
				<timestamp>524.129893</timestamp>
			</report>
			<report>
				<misses>56000001</misses>
				<total>174</total>
				<timestamp>525.061694</timestamp>
			</report>
			<report>
				<misses>56100001</misses>
				<total>174</total>
				<timestamp>525.991237</timestamp>
			</report>
			<report>
				<misses>56200001</misses>
				<total>174</total>
				<timestamp>526.937813</timestamp>
			</report>
			<report>
				<misses>56300001</misses>
				<total>174</total>
				<timestamp>527.890363</timestamp>
			</report>
			<report>
				<misses>56400001</misses>
				<total>174</total>
				<timestamp>528.844098</timestamp>
			</report>
			<report>
				<misses>56500001</misses>
				<total>174</total>
				<timestamp>529.795627</timestamp>
			</report>
			<report>
				<misses>56600001</misses>
				<total>174</total>
				<timestamp>530.748361</timestamp>
			</report>
			<report>
				<misses>56700001</misses>
				<total>174</total>
				<timestamp>531.699204</timestamp>
			</report>
			<report>
				<misses>56800001</misses>
				<total>174</total>
				<timestamp>532.647721</timestamp>
			</report>
			<report>
				<misses>56900001</misses>
				<total>174</total>
				<timestamp>533.587253</timestamp>
			</report>
			<report>
				<misses>57000001</misses>
				<total>174</total>
				<timestamp>534.518324</timestamp>
			</report>
			<report>
				<misses>57100001</misses>
				<total>174</total>
				<timestamp>535.450754</timestamp>
			</report>
			<report>
				<misses>57200001</misses>
				<total>174</total>
				<timestamp>536.386928</timestamp>
			</report>
			<report>
				<misses>57300001</misses>
				<total>174</total>
				<timestamp>537.333283</timestamp>
			</report>
			<report>
				<misses>57400001</misses>
				<total>174</total>
				<timestamp>538.279669</timestamp>
			</report>
			<report>
				<misses>57500001</misses>
				<total>174</total>
				<timestamp>539.224119</timestamp>
			</report>
			<report>
				<misses>57600001</misses>
				<total>174</total>
				<timestamp>540.169794</timestamp>
			</report>
			<report>
				<misses>57700001</misses>
				<total>174</total>
				<timestamp>541.115537</timestamp>
			</report>
			<report>
				<misses>57800001</misses>
				<total>174</total>
				<timestamp>542.060514</timestamp>
			</report>
			<report>
				<misses>57900001</misses>
				<total>174</total>
				<timestamp>543.002978</timestamp>
			</report>
			<report>
				<misses>58000001</misses>
				<total>174</total>
				<timestamp>543.946612</timestamp>
			</report>
			<report>
				<misses>58100001</misses>
				<total>174</total>
				<timestamp>544.890178</timestamp>
			</report>
			<report>
				<misses>58200001</misses>
				<total>174</total>
				<timestamp>545.841181</timestamp>
			</report>
			<report>
				<misses>58300001</misses>
				<total>174</total>
				<timestamp>546.781440</timestamp>
			</report>
			<report>
				<misses>58400001</misses>
				<total>174</total>
				<timestamp>547.722917</timestamp>
			</report>
			<report>
				<misses>58500001</misses>
				<total>174</total>
				<timestamp>548.662911</timestamp>
			</report>
			<report>
				<misses>58600001</misses>
				<total>174</total>
				<timestamp>549.606275</timestamp>
			</report>
			<report>
				<misses>58700001</misses>
				<total>174</total>
				<timestamp>550.544678</timestamp>
			</report>
			<report>
				<misses>58800001</misses>
				<total>174</total>
				<timestamp>551.490334</timestamp>
			</report>
			<report>
				<misses>58900001</misses>
				<total>174</total>
				<timestamp>552.435865</timestamp>
			</report>
			<report>
				<misses>59000001</misses>
				<total>174</total>
				<timestamp>553.380800</timestamp>
			</report>
			<report>
				<misses>59100001</misses>
				<total>174</total>
				<timestamp>554.327249</timestamp>
			</report>
			<report>
				<misses>59200001</misses>
				<total>174</total>
				<timestamp>555.274261</timestamp>
			</report>
			<report>
				<misses>59300001</misses>
				<total>174</total>
				<timestamp>556.215543</timestamp>
			</report>
			<report>
				<misses>59400001</misses>
				<total>174</total>
				<timestamp>557.155769</timestamp>
			</report>
			<report>
				<misses>59500001</misses>
				<total>174</total>
				<timestamp>558.096251</timestamp>
			</report>
			<report>
				<misses>59600001</misses>
				<total>174</total>
				<timestamp>559.034752</timestamp>
			</report>
			<report>
				<misses>59700001</misses>
				<total>174</total>
				<timestamp>559.971308</timestamp>
			</report>
			<report>
				<misses>59800001</misses>
				<total>174</total>
				<timestamp>560.907538</timestamp>
			</report>
			<report>
				<misses>59900001</misses>
				<total>174</total>
				<timestamp>561.842370</timestamp>
			</report>
			<report>
				<misses>60000001</misses>
				<total>174</total>
				<timestamp>562.778468</timestamp>
			</report>
			<report>
				<misses>60100001</misses>
				<total>174</total>
				<timestamp>563.714404</timestamp>
			</report>
			<report>
				<misses>60200001</misses>
				<total>174</total>
				<timestamp>564.651406</timestamp>
			</report>
			<report>
				<misses>60300001</misses>
				<total>174</total>
				<timestamp>565.588540</timestamp>
			</report>
			<report>
				<misses>60400001</misses>
				<total>174</total>
				<timestamp>566.524967</timestamp>
			</report>
			<report>
				<misses>60500001</misses>
				<total>174</total>
				<timestamp>567.460992</timestamp>
			</report>
			<report>
				<misses>60600001</misses>
				<total>174</total>
				<timestamp>568.397506</timestamp>
			</report>
			<report>
				<misses>60700001</misses>
				<total>174</total>
				<timestamp>569.335628</timestamp>
			</report>
			<report>
				<misses>60800001</misses>
				<total>174</total>
				<timestamp>570.273971</timestamp>
			</report>
			<report>
				<misses>60900001</misses>
				<total>174</total>
				<timestamp>571.211900</timestamp>
			</report>
			<report>
				<misses>61000001</misses>
				<total>174</total>
				<timestamp>572.154495</timestamp>
			</report>
			<report>
				<misses>61100001</misses>
				<total>174</total>
				<timestamp>573.090356</timestamp>
			</report>
			<report>
				<misses>61200001</misses>
				<total>174</total>
				<timestamp>574.027391</timestamp>
			</report>
			<report>
				<misses>61300001</misses>
				<total>174</total>
				<timestamp>574.969202</timestamp>
			</report>
			<report>
				<misses>61400001</misses>
				<total>174</total>
				<timestamp>575.904269</timestamp>
			</report>
			<report>
				<misses>61500001</misses>
				<total>174</total>
				<timestamp>576.839440</timestamp>
			</report>
			<report>
				<misses>61600001</misses>
				<total>174</total>
				<timestamp>577.775239</timestamp>
			</report>
			<report>
				<misses>61700001</misses>
				<total>174</total>
				<timestamp>578.712883</timestamp>
			</report>
			<report>
				<misses>61800001</misses>
				<total>174</total>
				<timestamp>579.649210</timestamp>
			</report>
			<report>
				<misses>61900001</misses>
				<total>174</total>
				<timestamp>580.585656</timestamp>
			</report>
			<report>
				<misses>62000001</misses>
				<total>174</total>
				<timestamp>581.529957</timestamp>
			</report>
			<report>
				<misses>62100001</misses>
				<total>174</total>
				<timestamp>582.472698</timestamp>
			</report>
			<report>
				<misses>62200001</misses>
				<total>174</total>
				<timestamp>583.412884</timestamp>
			</report>
			<report>
				<misses>62300001</misses>
				<total>174</total>
				<timestamp>584.351332</timestamp>
			</report>
			<report>
				<misses>62400001</misses>
				<total>174</total>
				<timestamp>585.295600</timestamp>
			</report>
			<report>
				<misses>62500001</misses>
				<total>174</total>
				<timestamp>586.232129</timestamp>
			</report>
			<report>
				<misses>62600001</misses>
				<total>174</total>
				<timestamp>587.165843</timestamp>
			</report>
			<report>
				<misses>62700001</misses>
				<total>174</total>
				<timestamp>588.103621</timestamp>
			</report>
			<report>
				<misses>62800001</misses>
				<total>174</total>
				<timestamp>589.040798</timestamp>
			</report>
			<report>
				<misses>62900001</misses>
				<total>174</total>
				<timestamp>589.979115</timestamp>
			</report>
			<report>
				<misses>63000001</misses>
				<total>174</total>
				<timestamp>590.917528</timestamp>
			</report>
			<report>
				<misses>63100001</misses>
				<total>174</total>
				<timestamp>591.855097</timestamp>
			</report>
			<report>
				<misses>63200001</misses>
				<total>174</total>
				<timestamp>592.793337</timestamp>
			</report>
			<report>
				<misses>63300001</misses>
				<total>174</total>
				<timestamp>593.732142</timestamp>
			</report>
			<report>
				<misses>63400001</misses>
				<total>174</total>
				<timestamp>594.670562</timestamp>
			</report>
			<report>
				<misses>63500001</misses>
				<total>174</total>
				<timestamp>595.607200</timestamp>
			</report>
			<report>
				<misses>63600001</misses>
				<total>174</total>
				<timestamp>596.545633</timestamp>
			</report>
			<report>
				<misses>63700001</misses>
				<total>174</total>
				<timestamp>597.497329</timestamp>
			</report>
			<report>
				<misses>63800001</misses>
				<total>174</total>
				<timestamp>598.443072</timestamp>
			</report>
			<report>
				<misses>63900001</misses>
				<total>174</total>
				<timestamp>599.386506</timestamp>
			</report>
			<report>
				<misses>64000001</misses>
				<total>174</total>
				<timestamp>600.329662</timestamp>
			</report>
			<report>
				<misses>64100001</misses>
				<total>174</total>
				<timestamp>601.272580</timestamp>
			</report>
			<report>
				<misses>64200001</misses>
				<total>174</total>
				<timestamp>602.215427</timestamp>
			</report>
			<report>
				<misses>64300001</misses>
				<total>174</total>
				<timestamp>603.159779</timestamp>
			</report>
			<report>
				<misses>64400001</misses>
				<total>174</total>
				<timestamp>604.101957</timestamp>
			</report>
			<report>
				<misses>64500001</misses>
				<total>174</total>
				<timestamp>605.037069</timestamp>
			</report>
			<report>
				<misses>64600001</misses>
				<total>174</total>
				<timestamp>605.973737</timestamp>
			</report>
			<report>
				<misses>64700001</misses>
				<total>174</total>
				<timestamp>606.909780</timestamp>
			</report>
			<report>
				<misses>64800001</misses>
				<total>174</total>
				<timestamp>607.845576</timestamp>
			</report>
			<report>
				<misses>64900001</misses>
				<total>174</total>
				<timestamp>608.781439</timestamp>
			</report>
			<report>
				<misses>65000001</misses>
				<total>174</total>
				<timestamp>609.717250</timestamp>
			</report>
			<report>
				<misses>65100001</misses>
				<total>174</total>
				<timestamp>610.654702</timestamp>
			</report>
			<report>
				<misses>65200001</misses>
				<total>174</total>
				<timestamp>611.594104</timestamp>
			</report>
			<report>
				<misses>65300001</misses>
				<total>174</total>
				<timestamp>612.537984</timestamp>
			</report>
			<report>
				<misses>65400001</misses>
				<total>174</total>
				<timestamp>613.480388</timestamp>
			</report>
			<report>
				<misses>65500001</misses>
				<total>174</total>
				<timestamp>614.422438</timestamp>
			</report>
			<report>
				<misses>65600001</misses>
				<total>174</total>
				<timestamp>615.367958</timestamp>
			</report>
			<report>
				<misses>65700001</misses>
				<total>174</total>
				<timestamp>616.319923</timestamp>
			</report>
			<report>
				<misses>65800001</misses>
				<total>174</total>
				<timestamp>617.264798</timestamp>
			</report>
			<report>
				<misses>65900001</misses>
				<total>174</total>
				<timestamp>618.208622</timestamp>
			</report>
			<report>
				<misses>66000001</misses>
				<total>174</total>
				<timestamp>619.153215</timestamp>
			</report>
			<report>
				<misses>66100001</misses>
				<total>174</total>
				<timestamp>620.096420</timestamp>
			</report>
			<report>
				<misses>66200001</misses>
				<total>174</total>
				<timestamp>621.040049</timestamp>
			</report>
			<report>
				<misses>66300001</misses>
				<total>174</total>
				<timestamp>621.984005</timestamp>
			</report>
			<report>
				<misses>66400001</misses>
				<total>174</total>
				<timestamp>622.927482</timestamp>
			</report>
			<report>
				<misses>66500001</misses>
				<total>174</total>
				<timestamp>623.870550</timestamp>
			</report>
			<report>
				<misses>66600001</misses>
				<total>174</total>
				<timestamp>624.820230</timestamp>
			</report>
			<report>
				<misses>66700001</misses>
				<total>174</total>
				<timestamp>625.764610</timestamp>
			</report>
			<report>
				<misses>66800001</misses>
				<total>174</total>
				<timestamp>626.700257</timestamp>
			</report>
			<report>
				<misses>66900001</misses>
				<total>174</total>
				<timestamp>627.631795</timestamp>
			</report>
			<report>
				<misses>67000001</misses>
				<total>174</total>
				<timestamp>628.562704</timestamp>
			</report>
			<report>
				<misses>67100001</misses>
				<total>174</total>
				<timestamp>629.492995</timestamp>
			</report>
			<report>
				<misses>67200001</misses>
				<total>174</total>
				<timestamp>630.423432</timestamp>
			</report>
			<report>
				<misses>67300001</misses>
				<total>174</total>
				<timestamp>631.354764</timestamp>
			</report>
			<report>
				<misses>67400001</misses>
				<total>174</total>
				<timestamp>632.288106</timestamp>
			</report>
			<report>
				<misses>67500001</misses>
				<total>174</total>
				<timestamp>633.218506</timestamp>
			</report>
			<report>
				<misses>67600001</misses>
				<total>174</total>
				<timestamp>634.151629</timestamp>
			</report>
			<report>
				<misses>67700001</misses>
				<total>174</total>
				<timestamp>635.081958</timestamp>
			</report>
			<report>
				<misses>67800001</misses>
				<total>174</total>
				<timestamp>636.014369</timestamp>
			</report>
			<report>
				<misses>67900001</misses>
				<total>185</total>
				<timestamp>636.945118</timestamp>
			</report>
			<report>
				<misses>68000001</misses>
				<total>185</total>
				<timestamp>637.877041</timestamp>
			</report>
			<report>
				<misses>68100001</misses>
				<total>185</total>
				<timestamp>638.809131</timestamp>
			</report>
			<report>
				<misses>68200001</misses>
				<total>185</total>
				<timestamp>639.741624</timestamp>
			</report>
			<report>
				<misses>68300001</misses>
				<total>185</total>
				<timestamp>640.674943</timestamp>
			</report>
			<report>
				<misses>68400001</misses>
				<total>185</total>
				<timestamp>641.608800</timestamp>
			</report>
			<report>
				<misses>68500001</misses>
				<total>185</total>
				<timestamp>642.556094</timestamp>
			</report>
			<report>
				<misses>68600001</misses>
				<total>185</total>
				<timestamp>643.505395</timestamp>
			</report>
			<report>
				<misses>68700001</misses>
				<total>185</total>
				<timestamp>644.455220</timestamp>
			</report>
			<report>
				<misses>68800001</misses>
				<total>185</total>
				<timestamp>645.404388</timestamp>
			</report>
			<report>
				<misses>68900001</misses>
				<total>185</total>
				<timestamp>646.355988</timestamp>
			</report>
			<report>
				<misses>69000001</misses>
				<total>185</total>
				<timestamp>647.301609</timestamp>
			</report>
			<report>
				<misses>69100001</misses>
				<total>185</total>
				<timestamp>648.244736</timestamp>
			</report>
			<report>
				<misses>69200001</misses>
				<total>185</total>
				<timestamp>649.188773</timestamp>
			</report>
			<report>
				<misses>69300001</misses>
				<total>185</total>
				<timestamp>650.132222</timestamp>
			</report>
			<report>
				<misses>69400001</misses>
				<total>185</total>
				<timestamp>651.076717</timestamp>
			</report>
			<report>
				<misses>69500001</misses>
				<total>185</total>
				<timestamp>652.020657</timestamp>
			</report>
			<report>
				<misses>69600001</misses>
				<total>185</total>
				<timestamp>652.963273</timestamp>
			</report>
			<report>
				<misses>69700001</misses>
				<total>185</total>
				<timestamp>653.907067</timestamp>
			</report>
			<report>
				<misses>69800001</misses>
				<total>185</total>
				<timestamp>654.849903</timestamp>
			</report>
			<report>
				<misses>69900001</misses>
				<total>185</total>
				<timestamp>655.788216</timestamp>
			</report>
			<report>
				<misses>70000001</misses>
				<total>185</total>
				<timestamp>656.720279</timestamp>
			</report>
			<report>
				<misses>70100001</misses>
				<total>185</total>
				<timestamp>657.652116</timestamp>
			</report>
			<report>
				<misses>70200001</misses>
				<total>185</total>
				<timestamp>658.584062</timestamp>
			</report>
			<report>
				<misses>70300001</misses>
				<total>185</total>
				<timestamp>659.517171</timestamp>
			</report>
			<report>
				<misses>70400001</misses>
				<total>185</total>
				<timestamp>660.450872</timestamp>
			</report>
			<report>
				<misses>70500001</misses>
				<total>185</total>
				<timestamp>661.383912</timestamp>
			</report>
			<report>
				<misses>70600001</misses>
				<total>185</total>
				<timestamp>662.318305</timestamp>
			</report>
			<report>
				<misses>70700001</misses>
				<total>185</total>
				<timestamp>663.257594</timestamp>
			</report>
			<report>
				<misses>70800001</misses>
				<total>185</total>
				<timestamp>664.194307</timestamp>
			</report>
			<report>
				<misses>70900001</misses>
				<total>185</total>
				<timestamp>665.129080</timestamp>
			</report>
			<report>
				<misses>71000001</misses>
				<total>185</total>
				<timestamp>666.065039</timestamp>
			</report>
			<report>
				<misses>71100001</misses>
				<total>185</total>
				<timestamp>667.003269</timestamp>
			</report>
			<report>
				<misses>71200001</misses>
				<total>185</total>
				<timestamp>667.949488</timestamp>
			</report>
			<report>
				<misses>71300001</misses>
				<total>185</total>
				<timestamp>668.892957</timestamp>
			</report>
			<report>
				<misses>71400001</misses>
				<total>185</total>
				<timestamp>669.830731</timestamp>
			</report>
			<report>
				<misses>71500001</misses>
				<total>185</total>
				<timestamp>670.769968</timestamp>
			</report>
			<report>
				<misses>71600001</misses>
				<total>185</total>
				<timestamp>671.709711</timestamp>
			</report>
			<report>
				<misses>71700001</misses>
				<total>185</total>
				<timestamp>672.652880</timestamp>
			</report>
			<report>
				<misses>71800001</misses>
				<total>185</total>
				<timestamp>673.596808</timestamp>
			</report>
			<report>
				<misses>71900001</misses>
				<total>185</total>
				<timestamp>674.542728</timestamp>
			</report>
			<report>
				<misses>72000001</misses>
				<total>185</total>
				<timestamp>675.486314</timestamp>
			</report>
			<report>
				<misses>72100001</misses>
				<total>185</total>
				<timestamp>676.429892</timestamp>
			</report>
			<report>
				<misses>72200001</misses>
				<total>185</total>
				<timestamp>677.368423</timestamp>
			</report>
			<report>
				<misses>72300001</misses>
				<total>185</total>
				<timestamp>678.305748</timestamp>
			</report>
			<report>
				<misses>72400001</misses>
				<total>185</total>
				<timestamp>679.243871</timestamp>
			</report>
			<report>
				<misses>72500001</misses>
				<total>185</total>
				<timestamp>680.181060</timestamp>
			</report>
			<report>
				<misses>72600001</misses>
				<total>185</total>
				<timestamp>681.120395</timestamp>
			</report>
			<report>
				<misses>72700001</misses>
				<total>185</total>
				<timestamp>682.060353</timestamp>
			</report>
			<report>
				<misses>72800001</misses>
				<total>185</total>
				<timestamp>683.000721</timestamp>
			</report>
			<report>
				<misses>72900001</misses>
				<total>185</total>
				<timestamp>683.940348</timestamp>
			</report>
			<report>
				<misses>73000001</misses>
				<total>185</total>
				<timestamp>684.879883</timestamp>
			</report>
			<report>
				<misses>73100001</misses>
				<total>185</total>
				<timestamp>685.820883</timestamp>
			</report>
			<report>
				<misses>73200001</misses>
				<total>185</total>
				<timestamp>686.761946</timestamp>
			</report>
			<report>
				<misses>73300001</misses>
				<total>185</total>
				<timestamp>687.701955</timestamp>
			</report>
			<report>
				<misses>73400001</misses>
				<total>185</total>
				<timestamp>688.641186</timestamp>
			</report>
			<report>
				<misses>73500001</misses>
				<total>185</total>
				<timestamp>689.581687</timestamp>
			</report>
			<report>
				<misses>73600001</misses>
				<total>185</total>
				<timestamp>690.521212</timestamp>
			</report>
			<report>
				<misses>73700001</misses>
				<total>185</total>
				<timestamp>691.461768</timestamp>
			</report>
			<report>
				<misses>73800001</misses>
				<total>185</total>
				<timestamp>692.402965</timestamp>
			</report>
			<report>
				<misses>73900001</misses>
				<total>185</total>
				<timestamp>693.342754</timestamp>
			</report>
			<report>
				<misses>74000001</misses>
				<total>185</total>
				<timestamp>694.282311</timestamp>
			</report>
			<report>
				<misses>74100001</misses>
				<total>185</total>
				<timestamp>695.222102</timestamp>
			</report>
			<report>
				<misses>74200001</misses>
				<total>185</total>
				<timestamp>696.162842</timestamp>
			</report>
			<report>
				<misses>74300001</misses>
				<total>185</total>
				<timestamp>697.100665</timestamp>
			</report>
			<report>
				<misses>74400001</misses>
				<total>185</total>
				<timestamp>698.041160</timestamp>
			</report>
			<report>
				<misses>74500001</misses>
				<total>185</total>
				<timestamp>698.980473</timestamp>
			</report>
			<report>
				<misses>74600001</misses>
				<total>185</total>
				<timestamp>699.921073</timestamp>
			</report>
			<report>
				<misses>74700001</misses>
				<total>185</total>
				<timestamp>700.861640</timestamp>
			</report>
			<report>
				<misses>74800001</misses>
				<total>185</total>
				<timestamp>701.803444</timestamp>
			</report>
			<report>
				<misses>74900001</misses>
				<total>185</total>
				<timestamp>702.750101</timestamp>
			</report>
			<report>
				<misses>75000001</misses>
				<total>185</total>
				<timestamp>703.697081</timestamp>
			</report>
			<report>
				<misses>75100001</misses>
				<total>185</total>
				<timestamp>704.645391</timestamp>
			</report>
			<report>
				<misses>75200001</misses>
				<total>185</total>
				<timestamp>705.597072</timestamp>
			</report>
			<report>
				<misses>75300001</misses>
				<total>185</total>
				<timestamp>706.549793</timestamp>
			</report>
			<report>
				<misses>75400001</misses>
				<total>185</total>
				<timestamp>707.497277</timestamp>
			</report>
			<report>
				<misses>75500001</misses>
				<total>185</total>
				<timestamp>708.443028</timestamp>
			</report>
			<report>
				<misses>75600001</misses>
				<total>185</total>
				<timestamp>709.388072</timestamp>
			</report>
			<report>
				<misses>75700001</misses>
				<total>185</total>
				<timestamp>710.334552</timestamp>
			</report>
			<report>
				<misses>75800001</misses>
				<total>185</total>
				<timestamp>711.280699</timestamp>
			</report>
			<report>
				<misses>75900001</misses>
				<total>185</total>
				<timestamp>712.226198</timestamp>
			</report>
			<report>
				<misses>76000001</misses>
				<total>185</total>
				<timestamp>713.171912</timestamp>
			</report>
			<report>
				<misses>76100001</misses>
				<total>185</total>
				<timestamp>714.117070</timestamp>
			</report>
			<report>
				<misses>76200001</misses>
				<total>185</total>
				<timestamp>715.062429</timestamp>
			</report>
			<report>
				<misses>76300001</misses>
				<total>185</total>
				<timestamp>716.010728</timestamp>
			</report>
			<report>
				<misses>76400001</misses>
				<total>185</total>
				<timestamp>716.957619</timestamp>
			</report>
			<report>
				<misses>76500001</misses>
				<total>185</total>
				<timestamp>717.903199</timestamp>
			</report>
			<report>
				<misses>76600001</misses>
				<total>185</total>
				<timestamp>718.847927</timestamp>
			</report>
			<report>
				<misses>76700001</misses>
				<total>185</total>
				<timestamp>719.794321</timestamp>
			</report>
			<report>
				<misses>76800001</misses>
				<total>185</total>
				<timestamp>720.740189</timestamp>
			</report>
			<report>
				<misses>76900001</misses>
				<total>185</total>
				<timestamp>721.684935</timestamp>
			</report>
			<report>
				<misses>77000001</misses>
				<total>185</total>
				<timestamp>722.632288</timestamp>
			</report>
			<report>
				<misses>77100001</misses>
				<total>185</total>
				<timestamp>723.578073</timestamp>
			</report>
			<report>
				<misses>77200001</misses>
				<total>185</total>
				<timestamp>724.524800</timestamp>
			</report>
			<report>
				<misses>77300001</misses>
				<total>185</total>
				<timestamp>725.470629</timestamp>
			</report>
			<report>
				<misses>77400001</misses>
				<total>185</total>
				<timestamp>726.421071</timestamp>
			</report>
			<report>
				<misses>77500001</misses>
				<total>185</total>
				<timestamp>727.372016</timestamp>
			</report>
			<report>
				<misses>77600001</misses>
				<total>185</total>
				<timestamp>728.317194</timestamp>
			</report>
			<report>
				<misses>77700001</misses>
				<total>185</total>
				<timestamp>729.264083</timestamp>
			</report>
			<report>
				<misses>77800001</misses>
				<total>185</total>
				<timestamp>730.209410</timestamp>
			</report>
			<report>
				<misses>77900001</misses>
				<total>185</total>
				<timestamp>731.154542</timestamp>
			</report>
			<report>
				<misses>78000001</misses>
				<total>185</total>
				<timestamp>732.103224</timestamp>
			</report>
			<report>
				<misses>78100001</misses>
				<total>185</total>
				<timestamp>733.052309</timestamp>
			</report>
			<report>
				<misses>78200001</misses>
				<total>185</total>
				<timestamp>734.001037</timestamp>
			</report>
			<report>
				<misses>78300001</misses>
				<total>185</total>
				<timestamp>734.949068</timestamp>
			</report>
			<report>
				<misses>78400001</misses>
				<total>185</total>
				<timestamp>735.898635</timestamp>
			</report>
			<report>
				<misses>78500001</misses>
				<total>185</total>
				<timestamp>736.847765</timestamp>
			</report>
			<report>
				<misses>78600001</misses>
				<total>185</total>
				<timestamp>737.790972</timestamp>
			</report>
			<report>
				<misses>78700001</misses>
				<total>185</total>
				<timestamp>738.734071</timestamp>
			</report>
			<report>
				<misses>78800001</misses>
				<total>185</total>
				<timestamp>739.676513</timestamp>
			</report>
			<report>
				<misses>78900001</misses>
				<total>185</total>
				<timestamp>740.620383</timestamp>
			</report>
			<report>
				<misses>79000001</misses>
				<total>185</total>
				<timestamp>741.562048</timestamp>
			</report>
			<report>
				<misses>79100001</misses>
				<total>185</total>
				<timestamp>742.501783</timestamp>
			</report>
			<report>
				<misses>79200001</misses>
				<total>185</total>
				<timestamp>743.441884</timestamp>
			</report>
			<report>
				<misses>79300001</misses>
				<total>185</total>
				<timestamp>744.382815</timestamp>
			</report>
			<report>
				<misses>79400001</misses>
				<total>185</total>
				<timestamp>745.320271</timestamp>
			</report>
			<report>
				<misses>79500001</misses>
				<total>185</total>
				<timestamp>746.260932</timestamp>
			</report>
			<report>
				<misses>79600001</misses>
				<total>185</total>
				<timestamp>747.203338</timestamp>
			</report>
			<report>
				<misses>79700001</misses>
				<total>185</total>
				<timestamp>748.147425</timestamp>
			</report>
			<report>
				<misses>79800001</misses>
				<total>185</total>
				<timestamp>749.095219</timestamp>
			</report>
			<report>
				<misses>79900001</misses>
				<total>185</total>
				<timestamp>750.039769</timestamp>
			</report>
			<report>
				<misses>80000001</misses>
				<total>185</total>
				<timestamp>750.984066</timestamp>
			</report>
			<report>
				<misses>80100001</misses>
				<total>185</total>
				<timestamp>751.929158</timestamp>
			</report>
			<report>
				<misses>80200001</misses>
				<total>185</total>
				<timestamp>752.873357</timestamp>
			</report>
			<report>
				<misses>80300001</misses>
				<total>185</total>
				<timestamp>753.817052</timestamp>
			</report>
			<report>
				<misses>80400001</misses>
				<total>185</total>
				<timestamp>754.760435</timestamp>
			</report>
			<report>
				<misses>80500001</misses>
				<total>185</total>
				<timestamp>755.704257</timestamp>
			</report>
			<report>
				<misses>80600001</misses>
				<total>185</total>
				<timestamp>756.647069</timestamp>
			</report>
			<report>
				<misses>80700001</misses>
				<total>185</total>
				<timestamp>757.590168</timestamp>
			</report>
			<report>
				<misses>80800001</misses>
				<total>185</total>
				<timestamp>758.526111</timestamp>
			</report>
			<report>
				<misses>80900001</misses>
				<total>185</total>
				<timestamp>759.463561</timestamp>
			</report>
			<report>
				<misses>81000001</misses>
				<total>185</total>
				<timestamp>760.400191</timestamp>
			</report>
			<report>
				<misses>81100001</misses>
				<total>185</total>
				<timestamp>761.335926</timestamp>
			</report>
			<report>
				<misses>81200001</misses>
				<total>185</total>
				<timestamp>762.273603</timestamp>
			</report>
			<report>
				<misses>81300001</misses>
				<total>185</total>
				<timestamp>763.216880</timestamp>
			</report>
			<report>
				<misses>81400001</misses>
				<total>185</total>
				<timestamp>764.158414</timestamp>
			</report>
			<report>
				<misses>81500001</misses>
				<total>185</total>
				<timestamp>765.099575</timestamp>
			</report>
			<report>
				<misses>81600001</misses>
				<total>185</total>
				<timestamp>766.047059</timestamp>
			</report>
			<report>
				<misses>81700001</misses>
				<total>185</total>
				<timestamp>766.997181</timestamp>
			</report>
			<report>
				<misses>81800001</misses>
				<total>185</total>
				<timestamp>767.941806</timestamp>
			</report>
			<report>
				<misses>81900001</misses>
				<total>185</total>
				<timestamp>768.885220</timestamp>
			</report>
			<report>
				<misses>82000001</misses>
				<total>185</total>
				<timestamp>769.829017</timestamp>
			</report>
			<report>
				<misses>82100001</misses>
				<total>185</total>
				<timestamp>770.772946</timestamp>
			</report>
			<report>
				<misses>82200001</misses>
				<total>185</total>
				<timestamp>771.717084</timestamp>
			</report>
			<report>
				<misses>82300001</misses>
				<total>185</total>
				<timestamp>772.659416</timestamp>
			</report>
			<report>
				<misses>82400001</misses>
				<total>185</total>
				<timestamp>773.602942</timestamp>
			</report>
			<report>
				<misses>82500001</misses>
				<total>185</total>
				<timestamp>774.548000</timestamp>
			</report>
			<report>
				<misses>82600001</misses>
				<total>185</total>
				<timestamp>775.492569</timestamp>
			</report>
			<report>
				<misses>82700001</misses>
				<total>185</total>
				<timestamp>776.433872</timestamp>
			</report>
			<report>
				<misses>82800001</misses>
				<total>185</total>
				<timestamp>777.369894</timestamp>
			</report>
			<report>
				<misses>82900001</misses>
				<total>185</total>
				<timestamp>778.305700</timestamp>
			</report>
			<report>
				<misses>83000001</misses>
				<total>185</total>
				<timestamp>779.242178</timestamp>
			</report>
			<report>
				<misses>83100001</misses>
				<total>185</total>
				<timestamp>780.178367</timestamp>
			</report>
			<report>
				<misses>83200001</misses>
				<total>185</total>
				<timestamp>781.114766</timestamp>
			</report>
			<report>
				<misses>83300001</misses>
				<total>185</total>
				<timestamp>782.051639</timestamp>
			</report>
			<report>
				<misses>83400001</misses>
				<total>185</total>
				<timestamp>782.987267</timestamp>
			</report>
			<report>
				<misses>83500001</misses>
				<total>185</total>
				<timestamp>783.918442</timestamp>
			</report>
			<report>
				<misses>83600001</misses>
				<total>185</total>
				<timestamp>784.851057</timestamp>
			</report>
			<report>
				<misses>83700001</misses>
				<total>185</total>
				<timestamp>785.782761</timestamp>
			</report>
			<report>
				<misses>83800001</misses>
				<total>185</total>
				<timestamp>786.713145</timestamp>
			</report>
			<report>
				<misses>83900001</misses>
				<total>185</total>
				<timestamp>787.645550</timestamp>
			</report>
			<report>
				<misses>84000001</misses>
				<total>185</total>
				<timestamp>788.576929</timestamp>
			</report>
			<report>
				<misses>84100001</misses>
				<total>185</total>
				<timestamp>789.506343</timestamp>
			</report>
			<report>
				<misses>84200001</misses>
				<total>185</total>
				<timestamp>790.436830</timestamp>
			</report>
			<report>
				<misses>84300001</misses>
				<total>185</total>
				<timestamp>791.367144</timestamp>
			</report>
			<report>
				<misses>84400001</misses>
				<total>185</total>
				<timestamp>792.295710</timestamp>
			</report>
			<report>
				<misses>84500001</misses>
				<total>185</total>
				<timestamp>793.231392</timestamp>
			</report>
			<report>
				<misses>84600001</misses>
				<total>185</total>
				<timestamp>794.167639</timestamp>
			</report>
			<report>
				<misses>84700001</misses>
				<total>185</total>
				<timestamp>795.104093</timestamp>
			</report>
			<report>
				<misses>84800001</misses>
				<total>185</total>
				<timestamp>796.040491</timestamp>
			</report>
			<report>
				<misses>84900001</misses>
				<total>185</total>
				<timestamp>796.977348</timestamp>
			</report>
			<report>
				<misses>85000001</misses>
				<total>185</total>
				<timestamp>797.910998</timestamp>
			</report>
			<report>
				<misses>85100001</misses>
				<total>185</total>
				<timestamp>798.841253</timestamp>
			</report>
			<report>
				<misses>85200001</misses>
				<total>185</total>
				<timestamp>799.772142</timestamp>
			</report>
			<report>
				<misses>85300001</misses>
				<total>185</total>
				<timestamp>800.702931</timestamp>
			</report>
			<report>
				<misses>85400001</misses>
				<total>185</total>
				<timestamp>801.633799</timestamp>
			</report>
			<report>
				<misses>85500001</misses>
				<total>185</total>
				<timestamp>802.564502</timestamp>
			</report>
			<report>
				<misses>85600001</misses>
				<total>185</total>
				<timestamp>803.493603</timestamp>
			</report>
			<report>
				<misses>85700001</misses>
				<total>185</total>
				<timestamp>804.422232</timestamp>
			</report>
			<report>
				<misses>85800001</misses>
				<total>185</total>
				<timestamp>805.350331</timestamp>
			</report>
			<report>
				<misses>85900001</misses>
				<total>185</total>
				<timestamp>806.280692</timestamp>
			</report>
			<report>
				<misses>86000001</misses>
				<total>185</total>
				<timestamp>807.211362</timestamp>
			</report>
			<report>
				<misses>86100001</misses>
				<total>185</total>
				<timestamp>808.142106</timestamp>
			</report>
			<report>
				<misses>86200001</misses>
				<total>185</total>
				<timestamp>809.071873</timestamp>
			</report>
			<report>
				<misses>86300001</misses>
				<total>185</total>
				<timestamp>810.000132</timestamp>
			</report>
			<report>
				<misses>86400001</misses>
				<total>185</total>
				<timestamp>810.929264</timestamp>
			</report>
			<report>
				<misses>86500001</misses>
				<total>185</total>
				<timestamp>811.857388</timestamp>
			</report>
			<report>
				<misses>86600001</misses>
				<total>185</total>
				<timestamp>812.788072</timestamp>
			</report>
			<report>
				<misses>86700001</misses>
				<total>185</total>
				<timestamp>813.719955</timestamp>
			</report>
			<report>
				<misses>86800001</misses>
				<total>185</total>
				<timestamp>814.651992</timestamp>
			</report>
			<report>
				<misses>86900001</misses>
				<total>185</total>
				<timestamp>815.583038</timestamp>
			</report>
			<report>
				<misses>87000001</misses>
				<total>185</total>
				<timestamp>816.513899</timestamp>
			</report>
			<report>
				<misses>87100001</misses>
				<total>185</total>
				<timestamp>817.445181</timestamp>
			</report>
			<report>
				<misses>87200001</misses>
				<total>185</total>
				<timestamp>818.377042</timestamp>
			</report>
			<report>
				<misses>87300001</misses>
				<total>185</total>
				<timestamp>819.306532</timestamp>
			</report>
			<report>
				<misses>87400001</misses>
				<total>185</total>
				<timestamp>820.236512</timestamp>
			</report>
			<report>
				<misses>87500001</misses>
				<total>185</total>
				<timestamp>821.167183</timestamp>
			</report>
			<report>
				<misses>87600001</misses>
				<total>185</total>
				<timestamp>822.097905</timestamp>
			</report>
			<report>
				<misses>87700001</misses>
				<total>185</total>
				<timestamp>823.030639</timestamp>
			</report>
			<report>
				<misses>87800001</misses>
				<total>185</total>
				<timestamp>823.965988</timestamp>
			</report>
			<report>
				<misses>87900001</misses>
				<total>185</total>
				<timestamp>824.902464</timestamp>
			</report>
			<report>
				<misses>88000001</misses>
				<total>185</total>
				<timestamp>825.838610</timestamp>
			</report>
			<report>
				<misses>88100001</misses>
				<total>185</total>
				<timestamp>826.773801</timestamp>
			</report>
			<report>
				<misses>88200001</misses>
				<total>185</total>
				<timestamp>827.706122</timestamp>
			</report>
			<report>
				<misses>88300001</misses>
				<total>185</total>
				<timestamp>828.637649</timestamp>
			</report>
			<report>
				<misses>88400001</misses>
				<total>185</total>
				<timestamp>829.569668</timestamp>
			</report>
			<report>
				<misses>88500001</misses>
				<total>185</total>
				<timestamp>830.499420</timestamp>
			</report>
			<report>
				<misses>88600001</misses>
				<total>185</total>
				<timestamp>831.428973</timestamp>
			</report>
			<report>
				<misses>88700001</misses>
				<total>185</total>
				<timestamp>832.360344</timestamp>
			</report>
			<report>
				<misses>88800001</misses>
				<total>185</total>
				<timestamp>833.289878</timestamp>
			</report>
			<report>
				<misses>88900001</misses>
				<total>185</total>
				<timestamp>834.219185</timestamp>
			</report>
			<report>
				<misses>89000001</misses>
				<total>185</total>
				<timestamp>835.146643</timestamp>
			</report>
			<report>
				<misses>89100001</misses>
				<total>185</total>
				<timestamp>836.078680</timestamp>
			</report>
			<report>
				<misses>89200001</misses>
				<total>185</total>
				<timestamp>837.008308</timestamp>
			</report>
			<report>
				<misses>89300001</misses>
				<total>185</total>
				<timestamp>837.938815</timestamp>
			</report>
			<report>
				<misses>89400001</misses>
				<total>185</total>
				<timestamp>838.869091</timestamp>
			</report>
			<report>
				<misses>89500001</misses>
				<total>185</total>
				<timestamp>839.799605</timestamp>
			</report>
			<report>
				<misses>89600001</misses>
				<total>185</total>
				<timestamp>840.732151</timestamp>
			</report>
			<report>
				<misses>89700001</misses>
				<total>185</total>
				<timestamp>841.662436</timestamp>
			</report>
			<report>
				<misses>89800001</misses>
				<total>185</total>
				<timestamp>842.592447</timestamp>
			</report>
			<report>
				<misses>89900001</misses>
				<total>185</total>
				<timestamp>843.522576</timestamp>
			</report>
			<report>
				<misses>90000001</misses>
				<total>185</total>
				<timestamp>844.454362</timestamp>
			</report>
			<report>
				<misses>90100001</misses>
				<total>185</total>
				<timestamp>845.381949</timestamp>
			</report>
			<report>
				<misses>90200001</misses>
				<total>185</total>
				<timestamp>846.311575</timestamp>
			</report>
			<report>
				<misses>90300001</misses>
				<total>185</total>
				<timestamp>847.239318</timestamp>
			</report>
			<report>
				<misses>90400001</misses>
				<total>185</total>
				<timestamp>848.169928</timestamp>
			</report>
			<report>
				<misses>90500001</misses>
				<total>185</total>
				<timestamp>849.100534</timestamp>
			</report>
			<report>
				<misses>90600001</misses>
				<total>185</total>
				<timestamp>850.031525</timestamp>
			</report>
			<report>
				<misses>90700001</misses>
				<total>185</total>
				<timestamp>850.963668</timestamp>
			</report>
			<report>
				<misses>90800001</misses>
				<total>185</total>
				<timestamp>851.893614</timestamp>
			</report>
			<report>
				<misses>90900001</misses>
				<total>185</total>
				<timestamp>852.826167</timestamp>
			</report>
			<report>
				<misses>91000001</misses>
				<total>185</total>
				<timestamp>853.761579</timestamp>
			</report>
			<report>
				<misses>91100001</misses>
				<total>185</total>
				<timestamp>854.696529</timestamp>
			</report>
			<report>
				<misses>91200001</misses>
				<total>185</total>
				<timestamp>855.633377</timestamp>
			</report>
			<report>
				<misses>91300001</misses>
				<total>185</total>
				<timestamp>856.569683</timestamp>
			</report>
			<report>
				<misses>91400001</misses>
				<total>185</total>
				<timestamp>857.507047</timestamp>
			</report>
			<report>
				<misses>91500001</misses>
				<total>185</total>
				<timestamp>858.438817</timestamp>
			</report>
			<report>
				<misses>91600001</misses>
				<total>185</total>
				<timestamp>859.368713</timestamp>
			</report>
			<report>
				<misses>91700001</misses>
				<total>185</total>
				<timestamp>860.298160</timestamp>
			</report>
			<report>
				<misses>91800001</misses>
				<total>185</total>
				<timestamp>861.228559</timestamp>
			</report>
			<report>
				<misses>91900001</misses>
				<total>185</total>
				<timestamp>862.160097</timestamp>
			</report>
			<report>
				<misses>92000001</misses>
				<total>185</total>
				<timestamp>863.089959</timestamp>
			</report>
			<report>
				<misses>92100001</misses>
				<total>185</total>
				<timestamp>864.019843</timestamp>
			</report>
			<report>
				<misses>92200001</misses>
				<total>185</total>
				<timestamp>864.949977</timestamp>
			</report>
			<report>
				<misses>92300001</misses>
				<total>185</total>
				<timestamp>865.880123</timestamp>
			</report>
			<report>
				<misses>92400001</misses>
				<total>185</total>
				<timestamp>866.808215</timestamp>
			</report>
			<report>
				<misses>92500001</misses>
				<total>185</total>
				<timestamp>867.738344</timestamp>
			</report>
			<report>
				<misses>92600001</misses>
				<total>185</total>
				<timestamp>868.667210</timestamp>
			</report>
			<report>
				<misses>92700001</misses>
				<total>185</total>
				<timestamp>869.596637</timestamp>
			</report>
			<report>
				<misses>92800001</misses>
				<total>185</total>
				<timestamp>870.527420</timestamp>
			</report>
			<report>
				<misses>92900001</misses>
				<total>185</total>
				<timestamp>871.469444</timestamp>
			</report>
			<report>
				<misses>93000001</misses>
				<total>185</total>
				<timestamp>872.412373</timestamp>
			</report>
			<report>
				<misses>93100001</misses>
				<total>185</total>
				<timestamp>873.356602</timestamp>
			</report>
			<report>
				<misses>93200001</misses>
				<total>185</total>
				<timestamp>874.300572</timestamp>
			</report>
			<report>
				<misses>93300001</misses>
				<total>185</total>
				<timestamp>875.243798</timestamp>
			</report>
			<report>
				<misses>93400001</misses>
				<total>185</total>
				<timestamp>876.186824</timestamp>
			</report>
			<report>
				<misses>93500001</misses>
				<total>185</total>
				<timestamp>877.130251</timestamp>
			</report>
			<report>
				<misses>93600001</misses>
				<total>185</total>
				<timestamp>878.072632</timestamp>
			</report>
			<report>
				<misses>93700001</misses>
				<total>185</total>
				<timestamp>879.016820</timestamp>
			</report>
			<report>
				<misses>93800001</misses>
				<total>185</total>
				<timestamp>879.960892</timestamp>
			</report>
			<report>
				<misses>93900001</misses>
				<total>185</total>
				<timestamp>880.904599</timestamp>
			</report>
			<report>
				<misses>94000001</misses>
				<total>185</total>
				<timestamp>881.849047</timestamp>
			</report>
			<report>
				<misses>94100001</misses>
				<total>185</total>
				<timestamp>882.788346</timestamp>
			</report>
			<report>
				<misses>94200001</misses>
				<total>185</total>
				<timestamp>883.734543</timestamp>
			</report>
			<report>
				<misses>94300001</misses>
				<total>185</total>
				<timestamp>884.681280</timestamp>
			</report>
			<report>
				<misses>94400001</misses>
				<total>185</total>
				<timestamp>885.628235</timestamp>
			</report>
			<report>
				<misses>94500001</misses>
				<total>185</total>
				<timestamp>886.576541</timestamp>
			</report>
			<report>
				<misses>94600001</misses>
				<total>185</total>
				<timestamp>887.513330</timestamp>
			</report>
			<report>
				<misses>94700001</misses>
				<total>185</total>
				<timestamp>888.450392</timestamp>
			</report>
			<report>
				<misses>94800001</misses>
				<total>185</total>
				<timestamp>889.383103</timestamp>
			</report>
			<report>
				<misses>94900001</misses>
				<total>185</total>
				<timestamp>890.314079</timestamp>
			</report>
			<report>
				<misses>95000001</misses>
				<total>185</total>
				<timestamp>891.245844</timestamp>
			</report>
			<report>
				<misses>95100001</misses>
				<total>185</total>
				<timestamp>892.173701</timestamp>
			</report>
			<report>
				<misses>95200001</misses>
				<total>185</total>
				<timestamp>893.101781</timestamp>
			</report>
			<report>
				<misses>95300001</misses>
				<total>185</total>
				<timestamp>894.031459</timestamp>
			</report>
			<report>
				<misses>95400001</misses>
				<total>185</total>
				<timestamp>894.960524</timestamp>
			</report>
			<report>
				<misses>95500001</misses>
				<total>185</total>
				<timestamp>895.888878</timestamp>
			</report>
			<report>
				<misses>95600001</misses>
				<total>185</total>
				<timestamp>896.820666</timestamp>
			</report>
			<report>
				<misses>95700001</misses>
				<total>185</total>
				<timestamp>897.754339</timestamp>
			</report>
			<report>
				<misses>95800001</misses>
				<total>185</total>
				<timestamp>898.687874</timestamp>
			</report>
			<report>
				<misses>95900001</misses>
				<total>185</total>
				<timestamp>899.622074</timestamp>
			</report>
			<report>
				<misses>96000001</misses>
				<total>185</total>
				<timestamp>900.562841</timestamp>
			</report>
			<report>
				<misses>96100001</misses>
				<total>185</total>
				<timestamp>901.503832</timestamp>
			</report>
			<report>
				<misses>96200001</misses>
				<total>185</total>
				<timestamp>902.444527</timestamp>
			</report>
			<report>
				<misses>96300001</misses>
				<total>185</total>
				<timestamp>903.386473</timestamp>
			</report>
			<report>
				<misses>96400001</misses>
				<total>185</total>
				<timestamp>904.326867</timestamp>
			</report>
			<report>
				<misses>96500001</misses>
				<total>185</total>
				<timestamp>905.266661</timestamp>
			</report>
			<report>
				<misses>96600001</misses>
				<total>185</total>
				<timestamp>906.206124</timestamp>
			</report>
			<report>
				<misses>96700001</misses>
				<total>185</total>
				<timestamp>907.146449</timestamp>
			</report>
			<report>
				<misses>96800001</misses>
				<total>185</total>
				<timestamp>908.088098</timestamp>
			</report>
			<report>
				<misses>96900001</misses>
				<total>185</total>
				<timestamp>909.030866</timestamp>
			</report>
			<report>
				<misses>97000001</misses>
				<total>185</total>
				<timestamp>909.972620</timestamp>
			</report>
			<report>
				<misses>97100001</misses>
				<total>185</total>
				<timestamp>910.914166</timestamp>
			</report>
			<report>
				<misses>97200001</misses>
				<total>185</total>
				<timestamp>911.855107</timestamp>
			</report>
			<report>
				<misses>97300001</misses>
				<total>185</total>
				<timestamp>912.800904</timestamp>
			</report>
			<report>
				<misses>97400001</misses>
				<total>185</total>
				<timestamp>913.748132</timestamp>
			</report>
			<report>
				<misses>97500001</misses>
				<total>185</total>
				<timestamp>914.693801</timestamp>
			</report>
			<report>
				<misses>97600001</misses>
				<total>185</total>
				<timestamp>915.638602</timestamp>
			</report>
			<report>
				<misses>97700001</misses>
				<total>185</total>
				<timestamp>916.583188</timestamp>
			</report>
			<report>
				<misses>97800001</misses>
				<total>185</total>
				<timestamp>917.525882</timestamp>
			</report>
			<report>
				<misses>97900001</misses>
				<total>185</total>
				<timestamp>918.465817</timestamp>
			</report>
			<report>
				<misses>98000001</misses>
				<total>185</total>
				<timestamp>919.405789</timestamp>
			</report>
			<report>
				<misses>98100001</misses>
				<total>185</total>
				<timestamp>920.353480</timestamp>
			</report>
			<report>
				<misses>98200001</misses>
				<total>185</total>
				<timestamp>921.299411</timestamp>
			</report>
			<report>
				<misses>98300001</misses>
				<total>185</total>
				<timestamp>922.244259</timestamp>
			</report>
			<report>
				<misses>98400001</misses>
				<total>185</total>
				<timestamp>923.191107</timestamp>
			</report>
			<report>
				<misses>98500001</misses>
				<total>185</total>
				<timestamp>924.136823</timestamp>
			</report>
			<report>
				<misses>98600001</misses>
				<total>185</total>
				<timestamp>925.081403</timestamp>
			</report>
			<report>
				<misses>98700001</misses>
				<total>185</total>
				<timestamp>926.027399</timestamp>
			</report>
			<report>
				<misses>98800001</misses>
				<total>185</total>
				<timestamp>926.976204</timestamp>
			</report>
			<report>
				<misses>98900001</misses>
				<total>185</total>
				<timestamp>927.922302</timestamp>
			</report>
			<report>
				<misses>99000001</misses>
				<total>185</total>
				<timestamp>928.867750</timestamp>
			</report>
			<report>
				<misses>99100001</misses>
				<total>185</total>
				<timestamp>929.812826</timestamp>
			</report>
			<report>
				<misses>99200001</misses>
				<total>185</total>
				<timestamp>930.759357</timestamp>
			</report>
			<report>
				<misses>99300001</misses>
				<total>185</total>
				<timestamp>931.706631</timestamp>
			</report>
			<report>
				<misses>99400001</misses>
				<total>185</total>
				<timestamp>932.652735</timestamp>
			</report>
			<report>
				<misses>99500001</misses>
				<total>185</total>
				<timestamp>933.595535</timestamp>
			</report>
			<report>
				<misses>99600001</misses>
				<total>185</total>
				<timestamp>934.538548</timestamp>
			</report>
			<report>
				<misses>99700001</misses>
				<total>185</total>
				<timestamp>935.481998</timestamp>
			</report>
			<report>
				<misses>99800001</misses>
				<total>185</total>
				<timestamp>936.427364</timestamp>
			</report>
			<report>
				<misses>99900001</misses>
				<total>185</total>
				<timestamp>937.371000</timestamp>
			</report>
			<report>
				<misses>100000001</misses>
				<total>185</total>
				<timestamp>938.325019</timestamp>
			</report>
			<report>
				<misses>100100001</misses>
				<total>185</total>
				<timestamp>939.270339</timestamp>
			</report>
			<report>
				<misses>100200001</misses>
				<total>185</total>
				<timestamp>940.212070</timestamp>
			</report>
			<report>
				<misses>100300001</misses>
				<total>185</total>
				<timestamp>941.156404</timestamp>
			</report>
			<report>
				<misses>100400001</misses>
				<total>185</total>
				<timestamp>942.096808</timestamp>
			</report>
			<report>
				<misses>100500001</misses>
				<total>185</total>
				<timestamp>943.038712</timestamp>
			</report>
			<report>
				<misses>100600001</misses>
				<total>185</total>
				<timestamp>943.980471</timestamp>
			</report>
			<report>
				<misses>100700001</misses>
				<total>185</total>
				<timestamp>944.923145</timestamp>
			</report>
			<report>
				<misses>100800001</misses>
				<total>185</total>
				<timestamp>945.865048</timestamp>
			</report>
			<report>
				<misses>100900001</misses>
				<total>185</total>
				<timestamp>946.809038</timestamp>
			</report>
			<report>
				<misses>101000001</misses>
				<total>185</total>
				<timestamp>947.749036</timestamp>
			</report>
			<report>
				<misses>101100001</misses>
				<total>185</total>
				<timestamp>948.689300</timestamp>
			</report>
			<report>
				<misses>101200001</misses>
				<total>185</total>
				<timestamp>949.629549</timestamp>
			</report>
			<report>
				<misses>101300001</misses>
				<total>185</total>
				<timestamp>950.569539</timestamp>
			</report>
			<report>
				<misses>101400001</misses>
				<total>185</total>
				<timestamp>951.507426</timestamp>
			</report>
			<report>
				<misses>101500001</misses>
				<total>185</total>
				<timestamp>952.447284</timestamp>
			</report>
			<report>
				<misses>101600001</misses>
				<total>185</total>
				<timestamp>953.386277</timestamp>
			</report>
			<report>
				<misses>101700001</misses>
				<total>185</total>
				<timestamp>954.327348</timestamp>
			</report>
			<report>
				<misses>101800001</misses>
				<total>185</total>
				<timestamp>955.268470</timestamp>
			</report>
			<report>
				<misses>101900001</misses>
				<total>185</total>
				<timestamp>956.209729</timestamp>
			</report>
			<report>
				<misses>102000001</misses>
				<total>185</total>
				<timestamp>957.149993</timestamp>
			</report>
			<report>
				<misses>102100001</misses>
				<total>185</total>
				<timestamp>958.090297</timestamp>
			</report>
			<report>
				<misses>102200001</misses>
				<total>185</total>
				<timestamp>959.028318</timestamp>
			</report>
			<report>
				<misses>102300001</misses>
				<total>185</total>
				<timestamp>959.966672</timestamp>
			</report>
			<report>
				<misses>102400001</misses>
				<total>185</total>
				<timestamp>960.904521</timestamp>
			</report>
			<report>
				<misses>102500001</misses>
				<total>185</total>
				<timestamp>961.842867</timestamp>
			</report>
			<report>
				<misses>102600001</misses>
				<total>185</total>
				<timestamp>962.780624</timestamp>
			</report>
			<report>
				<misses>102700001</misses>
				<total>185</total>
				<timestamp>963.718362</timestamp>
			</report>
			<report>
				<misses>102800001</misses>
				<total>185</total>
				<timestamp>964.657048</timestamp>
			</report>
			<report>
				<misses>102900001</misses>
				<total>185</total>
				<timestamp>965.592536</timestamp>
			</report>
			<report>
				<misses>103000001</misses>
				<total>185</total>
				<timestamp>966.529501</timestamp>
			</report>
			<report>
				<misses>103100001</misses>
				<total>185</total>
				<timestamp>967.461761</timestamp>
			</report>
			<report>
				<misses>103200001</misses>
				<total>185</total>
				<timestamp>968.391644</timestamp>
			</report>
			<report>
				<misses>103300001</misses>
				<total>185</total>
				<timestamp>969.322178</timestamp>
			</report>
			<report>
				<misses>103400001</misses>
				<total>185</total>
				<timestamp>970.250761</timestamp>
			</report>
			<report>
				<misses>103500001</misses>
				<total>185</total>
				<timestamp>971.185584</timestamp>
			</report>
			<report>
				<misses>103600001</misses>
				<total>185</total>
				<timestamp>972.120134</timestamp>
			</report>
			<report>
				<misses>103700001</misses>
				<total>185</total>
				<timestamp>973.055867</timestamp>
			</report>
			<report>
				<misses>103800001</misses>
				<total>185</total>
				<timestamp>973.990920</timestamp>
			</report>
			<report>
				<misses>103900001</misses>
				<total>185</total>
				<timestamp>974.923811</timestamp>
			</report>
			<report>
				<misses>104000001</misses>
				<total>185</total>
				<timestamp>975.856481</timestamp>
			</report>
			<report>
				<misses>104100001</misses>
				<total>185</total>
				<timestamp>976.786223</timestamp>
			</report>
			<report>
				<misses>104200001</misses>
				<total>185</total>
				<timestamp>977.714968</timestamp>
			</report>
			<report>
				<misses>104300001</misses>
				<total>185</total>
				<timestamp>978.642945</timestamp>
			</report>
			<report>
				<misses>104400001</misses>
				<total>185</total>
				<timestamp>979.570943</timestamp>
			</report>
			<report>
				<misses>104500001</misses>
				<total>185</total>
				<timestamp>980.504960</timestamp>
			</report>
			<report>
				<misses>104600001</misses>
				<total>185</total>
				<timestamp>981.434244</timestamp>
			</report>
			<report>
				<misses>104700001</misses>
				<total>185</total>
				<timestamp>982.363222</timestamp>
			</report>
			<report>
				<misses>104800001</misses>
				<total>185</total>
				<timestamp>983.292287</timestamp>
			</report>
			<report>
				<misses>104900001</misses>
				<total>185</total>
				<timestamp>984.222044</timestamp>
			</report>
			<report>
				<misses>105000001</misses>
				<total>185</total>
				<timestamp>985.151893</timestamp>
			</report>
			<report>
				<misses>105100001</misses>
				<total>185</total>
				<timestamp>986.082271</timestamp>
			</report>
			<report>
				<misses>105200001</misses>
				<total>185</total>
				<timestamp>987.015563</timestamp>
			</report>
			<report>
				<misses>105300001</misses>
				<total>185</total>
				<timestamp>987.944673</timestamp>
			</report>
			<report>
				<misses>105400001</misses>
				<total>185</total>
				<timestamp>988.875067</timestamp>
			</report>
			<report>
				<misses>105500001</misses>
				<total>185</total>
				<timestamp>989.804913</timestamp>
			</report>
			<report>
				<misses>105600001</misses>
				<total>185</total>
				<timestamp>990.734925</timestamp>
			</report>
			<report>
				<misses>105700001</misses>
				<total>185</total>
				<timestamp>991.663317</timestamp>
			</report>
			<report>
				<misses>105800001</misses>
				<total>185</total>
				<timestamp>992.590566</timestamp>
			</report>
			<report>
				<misses>105900001</misses>
				<total>185</total>
				<timestamp>993.519311</timestamp>
			</report>
			<report>
				<misses>106000001</misses>
				<total>185</total>
				<timestamp>994.448316</timestamp>
			</report>
			<report>
				<misses>106100001</misses>
				<total>185</total>
				<timestamp>995.376286</timestamp>
			</report>
			<report>
				<misses>106200001</misses>
				<total>185</total>
				<timestamp>996.303689</timestamp>
			</report>
			<report>
				<misses>106300001</misses>
				<total>185</total>
				<timestamp>997.233832</timestamp>
			</report>
			<report>
				<misses>106400001</misses>
				<total>185</total>
				<timestamp>998.162072</timestamp>
			</report>
			<report>
				<misses>106500001</misses>
				<total>185</total>
				<timestamp>999.090104</timestamp>
			</report>
			<report>
				<misses>106600001</misses>
				<total>185</total>
				<timestamp>1000.021848</timestamp>
			</report>
			<report>
				<misses>106700001</misses>
				<total>185</total>
				<timestamp>1000.958329</timestamp>
			</report>
			<report>
				<misses>106800001</misses>
				<total>185</total>
				<timestamp>1001.894002</timestamp>
			</report>
			<report>
				<misses>106900001</misses>
				<total>185</total>
				<timestamp>1002.828823</timestamp>
			</report>
			<report>
				<misses>107000001</misses>
				<total>185</total>
				<timestamp>1003.763129</timestamp>
			</report>
			<report>
				<misses>107100001</misses>
				<total>185</total>
				<timestamp>1004.698564</timestamp>
			</report>
			<report>
				<misses>107200001</misses>
				<total>185</total>
				<timestamp>1005.627442</timestamp>
			</report>
			<report>
				<misses>107300001</misses>
				<total>185</total>
				<timestamp>1006.564864</timestamp>
			</report>
			<report>
				<misses>107400001</misses>
				<total>185</total>
				<timestamp>1007.494115</timestamp>
			</report>
			<report>
				<misses>107500001</misses>
				<total>185</total>
				<timestamp>1008.426683</timestamp>
			</report>
			<report>
				<misses>107600001</misses>
				<total>185</total>
				<timestamp>1009.357590</timestamp>
			</report>
			<report>
				<misses>107700001</misses>
				<total>185</total>
				<timestamp>1010.287148</timestamp>
			</report>
			<report>
				<misses>107800001</misses>
				<total>185</total>
				<timestamp>1011.215972</timestamp>
			</report>
			<report>
				<misses>107900001</misses>
				<total>185</total>
				<timestamp>1012.144851</timestamp>
			</report>
			<report>
				<misses>108000001</misses>
				<total>185</total>
				<timestamp>1013.074458</timestamp>
			</report>
			<report>
				<misses>108100001</misses>
				<total>185</total>
				<timestamp>1014.003463</timestamp>
			</report>
			<report>
				<misses>108200001</misses>
				<total>185</total>
				<timestamp>1014.933961</timestamp>
			</report>
			<report>
				<misses>108300001</misses>
				<total>185</total>
				<timestamp>1015.862934</timestamp>
			</report>
			<report>
				<misses>108400001</misses>
				<total>185</total>
				<timestamp>1016.791686</timestamp>
			</report>
			<report>
				<misses>108500001</misses>
				<total>185</total>
				<timestamp>1017.722720</timestamp>
			</report>
			<report>
				<misses>108600001</misses>
				<total>185</total>
				<timestamp>1018.651080</timestamp>
			</report>
			<report>
				<misses>108700001</misses>
				<total>185</total>
				<timestamp>1019.589908</timestamp>
			</report>
			<report>
				<misses>108800001</misses>
				<total>185</total>
				<timestamp>1020.530538</timestamp>
			</report>
			<report>
				<misses>108900001</misses>
				<total>185</total>
				<timestamp>1021.470515</timestamp>
			</report>
			<report>
				<misses>109000001</misses>
				<total>185</total>
				<timestamp>1022.411190</timestamp>
			</report>
			<report>
				<misses>109100001</misses>
				<total>185</total>
				<timestamp>1023.350997</timestamp>
			</report>
			<report>
				<misses>109200001</misses>
				<total>185</total>
				<timestamp>1024.290232</timestamp>
			</report>
			<report>
				<misses>109300001</misses>
				<total>185</total>
				<timestamp>1025.230979</timestamp>
			</report>
			<report>
				<misses>109400001</misses>
				<total>185</total>
				<timestamp>1026.170590</timestamp>
			</report>
			<report>
				<misses>109500001</misses>
				<total>185</total>
				<timestamp>1027.111104</timestamp>
			</report>
			<report>
				<misses>109600001</misses>
				<total>185</total>
				<timestamp>1028.049223</timestamp>
			</report>
			<report>
				<misses>109700001</misses>
				<total>185</total>
				<timestamp>1028.988702</timestamp>
			</report>
			<report>
				<misses>109800001</misses>
				<total>185</total>
				<timestamp>1029.933145</timestamp>
			</report>
			<report>
				<misses>109900001</misses>
				<total>185</total>
				<timestamp>1030.877186</timestamp>
			</report>
			<report>
				<misses>110000001</misses>
				<total>185</total>
				<timestamp>1031.821466</timestamp>
			</report>
			<report>
				<misses>110100001</misses>
				<total>185</total>
				<timestamp>1032.765888</timestamp>
			</report>
			<report>
				<misses>110200001</misses>
				<total>185</total>
				<timestamp>1033.710816</timestamp>
			</report>
			<report>
				<misses>110300001</misses>
				<total>185</total>
				<timestamp>1034.651189</timestamp>
			</report>
			<report>
				<misses>110400001</misses>
				<total>185</total>
				<timestamp>1035.611055</timestamp>
			</report>
			<report>
				<misses>110500001</misses>
				<total>185</total>
				<timestamp>1036.560512</timestamp>
			</report>
			<report>
				<misses>110600001</misses>
				<total>185</total>
				<timestamp>1037.508264</timestamp>
			</report>
			<report>
				<misses>110700001</misses>
				<total>185</total>
				<timestamp>1038.454832</timestamp>
			</report>
			<report>
				<misses>110800001</misses>
				<total>185</total>
				<timestamp>1039.401697</timestamp>
			</report>
			<report>
				<misses>110900001</misses>
				<total>185</total>
				<timestamp>1040.347909</timestamp>
			</report>
			<report>
				<misses>111000001</misses>
				<total>185</total>
				<timestamp>1041.294865</timestamp>
			</report>
			<report>
				<misses>111100001</misses>
				<total>185</total>
				<timestamp>1042.249212</timestamp>
			</report>
			<report>
				<misses>111200001</misses>
				<total>185</total>
				<timestamp>1043.194481</timestamp>
			</report>
			<report>
				<misses>111300001</misses>
				<total>185</total>
				<timestamp>1044.142308</timestamp>
			</report>
			<report>
				<misses>111400001</misses>
				<total>185</total>
				<timestamp>1045.088266</timestamp>
			</report>
			<report>
				<misses>111500001</misses>
				<total>185</total>
				<timestamp>1046.033753</timestamp>
			</report>
			<report>
				<misses>111600001</misses>
				<total>185</total>
				<timestamp>1046.978228</timestamp>
			</report>
			<report>
				<misses>111700001</misses>
				<total>185</total>
				<timestamp>1047.925537</timestamp>
			</report>
			<report>
				<misses>111800001</misses>
				<total>185</total>
				<timestamp>1048.872255</timestamp>
			</report>
			<report>
				<misses>111900001</misses>
				<total>185</total>
				<timestamp>1049.817747</timestamp>
			</report>
			<report>
				<misses>112000001</misses>
				<total>185</total>
				<timestamp>1050.764485</timestamp>
			</report>
			<report>
				<misses>112100001</misses>
				<total>185</total>
				<timestamp>1051.710860</timestamp>
			</report>
			<report>
				<misses>112200001</misses>
				<total>185</total>
				<timestamp>1052.657272</timestamp>
			</report>
			<report>
				<misses>112300001</misses>
				<total>185</total>
				<timestamp>1053.601186</timestamp>
			</report>
			<report>
				<misses>112400001</misses>
				<total>185</total>
				<timestamp>1054.548134</timestamp>
			</report>
			<report>
				<misses>112500001</misses>
				<total>185</total>
				<timestamp>1055.494592</timestamp>
			</report>
			<report>
				<misses>112600001</misses>
				<total>185</total>
				<timestamp>1056.435185</timestamp>
			</report>
			<report>
				<misses>112700001</misses>
				<total>185</total>
				<timestamp>1057.373685</timestamp>
			</report>
			<report>
				<misses>112800001</misses>
				<total>185</total>
				<timestamp>1058.314691</timestamp>
			</report>
			<report>
				<misses>112900001</misses>
				<total>185</total>
				<timestamp>1059.264913</timestamp>
			</report>
			<report>
				<misses>113000001</misses>
				<total>185</total>
				<timestamp>1060.217714</timestamp>
			</report>
			<report>
				<misses>113100001</misses>
				<total>185</total>
				<timestamp>1061.170308</timestamp>
			</report>
			<report>
				<misses>113200001</misses>
				<total>185</total>
				<timestamp>1062.123889</timestamp>
			</report>
			<report>
				<misses>113300001</misses>
				<total>185</total>
				<timestamp>1063.076436</timestamp>
			</report>
			<report>
				<misses>113400001</misses>
				<total>185</total>
				<timestamp>1064.024474</timestamp>
			</report>
			<report>
				<misses>113500001</misses>
				<total>185</total>
				<timestamp>1064.971458</timestamp>
			</report>
			<report>
				<misses>113600001</misses>
				<total>185</total>
				<timestamp>1065.918867</timestamp>
			</report>
			<report>
				<misses>113700001</misses>
				<total>185</total>
				<timestamp>1066.867246</timestamp>
			</report>
			<report>
				<misses>113800001</misses>
				<total>185</total>
				<timestamp>1067.814276</timestamp>
			</report>
			<report>
				<misses>113900001</misses>
				<total>185</total>
				<timestamp>1068.760451</timestamp>
			</report>
			<report>
				<misses>114000001</misses>
				<total>185</total>
				<timestamp>1069.698530</timestamp>
			</report>
			<report>
				<misses>114100001</misses>
				<total>185</total>
				<timestamp>1070.639430</timestamp>
			</report>
			<report>
				<misses>114200001</misses>
				<total>185</total>
				<timestamp>1071.579551</timestamp>
			</report>
			<report>
				<misses>114300001</misses>
				<total>185</total>
				<timestamp>1072.518445</timestamp>
			</report>
			<report>
				<misses>114400001</misses>
				<total>185</total>
				<timestamp>1073.457571</timestamp>
			</report>
			<report>
				<misses>114500001</misses>
				<total>185</total>
				<timestamp>1074.396713</timestamp>
			</report>
			<report>
				<misses>114600001</misses>
				<total>185</total>
				<timestamp>1075.335082</timestamp>
			</report>
			<report>
				<misses>114700001</misses>
				<total>185</total>
				<timestamp>1076.274342</timestamp>
			</report>
			<report>
				<misses>114800001</misses>
				<total>185</total>
				<timestamp>1077.214003</timestamp>
			</report>
			<report>
				<misses>114900001</misses>
				<total>185</total>
				<timestamp>1078.153348</timestamp>
			</report>
			<report>
				<misses>115000001</misses>
				<total>185</total>
				<timestamp>1079.092831</timestamp>
			</report>
			<report>
				<misses>115100001</misses>
				<total>185</total>
				<timestamp>1080.032337</timestamp>
			</report>
			<report>
				<misses>115200001</misses>
				<total>185</total>
				<timestamp>1080.972319</timestamp>
			</report>
			<report>
				<misses>115300001</misses>
				<total>185</total>
				<timestamp>1081.912129</timestamp>
			</report>
			<report>
				<misses>115400001</misses>
				<total>185</total>
				<timestamp>1082.850587</timestamp>
			</report>
			<report>
				<misses>115500001</misses>
				<total>185</total>
				<timestamp>1083.790203</timestamp>
			</report>
			<report>
				<misses>115600001</misses>
				<total>185</total>
				<timestamp>1084.729194</timestamp>
			</report>
			<report>
				<misses>115700001</misses>
				<total>185</total>
				<timestamp>1085.666359</timestamp>
			</report>
			<report>
				<misses>115800001</misses>
				<total>185</total>
				<timestamp>1086.603633</timestamp>
			</report>
			<report>
				<misses>115900001</misses>
				<total>185</total>
				<timestamp>1087.544401</timestamp>
			</report>
			<report>
				<misses>116000001</misses>
				<total>185</total>
				<timestamp>1088.490093</timestamp>
			</report>
			<report>
				<misses>116100001</misses>
				<total>185</total>
				<timestamp>1089.437156</timestamp>
			</report>
			<report>
				<misses>116200001</misses>
				<total>185</total>
				<timestamp>1090.381288</timestamp>
			</report>
			<report>
				<misses>116300001</misses>
				<total>185</total>
				<timestamp>1091.323741</timestamp>
			</report>
			<report>
				<misses>116400001</misses>
				<total>185</total>
				<timestamp>1092.266368</timestamp>
			</report>
			<report>
				<misses>116500001</misses>
				<total>185</total>
				<timestamp>1093.204036</timestamp>
			</report>
			<report>
				<misses>116600001</misses>
				<total>185</total>
				<timestamp>1094.140795</timestamp>
			</report>
			<report>
				<misses>116700001</misses>
				<total>185</total>
				<timestamp>1095.082962</timestamp>
			</report>
			<report>
				<misses>116800001</misses>
				<total>185</total>
				<timestamp>1096.029788</timestamp>
			</report>
			<report>
				<misses>116900001</misses>
				<total>185</total>
				<timestamp>1096.975953</timestamp>
			</report>
			<report>
				<misses>117000001</misses>
				<total>185</total>
				<timestamp>1097.922803</timestamp>
			</report>
			<report>
				<misses>117100001</misses>
				<total>185</total>
				<timestamp>1098.871220</timestamp>
			</report>
			<report>
				<misses>117200001</misses>
				<total>185</total>
				<timestamp>1099.819332</timestamp>
			</report>
			<report>
				<misses>117300001</misses>
				<total>185</total>
				<timestamp>1100.767268</timestamp>
			</report>
			<report>
				<misses>117400001</misses>
				<total>185</total>
				<timestamp>1101.712603</timestamp>
			</report>
			<report>
				<misses>117500001</misses>
				<total>185</total>
				<timestamp>1102.660186</timestamp>
			</report>
			<report>
				<misses>117600001</misses>
				<total>185</total>
				<timestamp>1103.607408</timestamp>
			</report>
			<report>
				<misses>117700001</misses>
				<total>185</total>
				<timestamp>1104.552860</timestamp>
			</report>
			<report>
				<misses>117800001</misses>
				<total>185</total>
				<timestamp>1105.490425</timestamp>
			</report>
			<report>
				<misses>117900001</misses>
				<total>185</total>
				<timestamp>1106.427088</timestamp>
			</report>
			<report>
				<misses>118000001</misses>
				<total>185</total>
				<timestamp>1107.361416</timestamp>
			</report>
			<report>
				<misses>118100001</misses>
				<total>185</total>
				<timestamp>1108.296739</timestamp>
			</report>
			<report>
				<misses>118200001</misses>
				<total>185</total>
				<timestamp>1109.232433</timestamp>
			</report>
			<report>
				<misses>118300001</misses>
				<total>185</total>
				<timestamp>1110.167197</timestamp>
			</report>
			<report>
				<misses>118400001</misses>
				<total>185</total>
				<timestamp>1111.098786</timestamp>
			</report>
			<report>
				<misses>118500001</misses>
				<total>185</total>
				<timestamp>1112.030927</timestamp>
			</report>
			<report>
				<misses>118600001</misses>
				<total>185</total>
				<timestamp>1112.964609</timestamp>
			</report>
			<report>
				<misses>118700001</misses>
				<total>185</total>
				<timestamp>1113.897511</timestamp>
			</report>
			<report>
				<misses>118800001</misses>
				<total>185</total>
				<timestamp>1114.828273</timestamp>
			</report>
			<report>
				<misses>118900001</misses>
				<total>185</total>
				<timestamp>1115.761219</timestamp>
			</report>
			<report>
				<misses>119000001</misses>
				<total>185</total>
				<timestamp>1116.695880</timestamp>
			</report>
			<report>
				<misses>119100001</misses>
				<total>185</total>
				<timestamp>1117.632628</timestamp>
			</report>
			<report>
				<misses>119200001</misses>
				<total>185</total>
				<timestamp>1118.568618</timestamp>
			</report>
			<report>
				<misses>119300001</misses>
				<total>185</total>
				<timestamp>1119.504061</timestamp>
			</report>
			<report>
				<misses>119400001</misses>
				<total>185</total>
				<timestamp>1120.440819</timestamp>
			</report>
			<report>
				<misses>119500001</misses>
				<total>185</total>
				<timestamp>1121.377116</timestamp>
			</report>
			<report>
				<misses>119600001</misses>
				<total>185</total>
				<timestamp>1122.308731</timestamp>
			</report>
			<report>
				<misses>119700001</misses>
				<total>185</total>
				<timestamp>1123.238621</timestamp>
			</report>
			<report>
				<misses>119800001</misses>
				<total>185</total>
				<timestamp>1124.170411</timestamp>
			</report>
			<report>
				<misses>119900001</misses>
				<total>185</total>
				<timestamp>1125.101977</timestamp>
			</report>
			<report>
				<misses>120000001</misses>
				<total>185</total>
				<timestamp>1126.035211</timestamp>
			</report>
			<report>
				<misses>120100001</misses>
				<total>185</total>
				<timestamp>1126.963827</timestamp>
			</report>
			<report>
				<misses>120200001</misses>
				<total>185</total>
				<timestamp>1127.894099</timestamp>
			</report>
			<report>
				<misses>120300001</misses>
				<total>185</total>
				<timestamp>1128.825039</timestamp>
			</report>
			<report>
				<misses>120400001</misses>
				<total>185</total>
				<timestamp>1129.753621</timestamp>
			</report>
			<report>
				<misses>120500001</misses>
				<total>185</total>
				<timestamp>1130.685398</timestamp>
			</report>
			<report>
				<misses>120600001</misses>
				<total>185</total>
				<timestamp>1131.613913</timestamp>
			</report>
			<report>
				<misses>120700001</misses>
				<total>185</total>
				<timestamp>1132.544967</timestamp>
			</report>
			<report>
				<misses>120800001</misses>
				<total>185</total>
				<timestamp>1133.476028</timestamp>
			</report>
			<report>
				<misses>120900001</misses>
				<total>185</total>
				<timestamp>1134.404946</timestamp>
			</report>
			<report>
				<misses>121000001</misses>
				<total>185</total>
				<timestamp>1135.334947</timestamp>
			</report>
			<report>
				<misses>121100001</misses>
				<total>185</total>
				<timestamp>1136.264927</timestamp>
			</report>
			<report>
				<misses>121200001</misses>
				<total>185</total>
				<timestamp>1137.196939</timestamp>
			</report>
			<report>
				<misses>121300001</misses>
				<total>185</total>
				<timestamp>1138.128977</timestamp>
			</report>
			<report>
				<misses>121400001</misses>
				<total>185</total>
				<timestamp>1139.058977</timestamp>
			</report>
			<report>
				<misses>121500001</misses>
				<total>185</total>
				<timestamp>1139.990607</timestamp>
			</report>
			<report>
				<misses>121600001</misses>
				<total>185</total>
				<timestamp>1140.920514</timestamp>
			</report>
			<report>
				<misses>121700001</misses>
				<total>185</total>
				<timestamp>1141.850279</timestamp>
			</report>
			<report>
				<misses>121800001</misses>
				<total>185</total>
				<timestamp>1142.782115</timestamp>
			</report>
			<report>
				<misses>121900001</misses>
				<total>185</total>
				<timestamp>1143.711242</timestamp>
			</report>
			<report>
				<misses>122000001</misses>
				<total>185</total>
				<timestamp>1144.642045</timestamp>
			</report>
			<report>
				<misses>122100001</misses>
				<total>185</total>
				<timestamp>1145.571325</timestamp>
			</report>
			<report>
				<misses>122200001</misses>
				<total>185</total>
				<timestamp>1146.508623</timestamp>
			</report>
			<report>
				<misses>122300001</misses>
				<total>185</total>
				<timestamp>1147.446822</timestamp>
			</report>
			<report>
				<misses>122400001</misses>
				<total>185</total>
				<timestamp>1148.382311</timestamp>
			</report>
			<report>
				<misses>122500001</misses>
				<total>185</total>
				<timestamp>1149.318623</timestamp>
			</report>
			<report>
				<misses>122600001</misses>
				<total>185</total>
				<timestamp>1150.255098</timestamp>
			</report>
			<report>
				<misses>122700001</misses>
				<total>185</total>
				<timestamp>1151.187401</timestamp>
			</report>
			<report>
				<misses>122800001</misses>
				<total>185</total>
				<timestamp>1152.118301</timestamp>
			</report>
			<report>
				<misses>122900001</misses>
				<total>185</total>
				<timestamp>1153.049933</timestamp>
			</report>
			<report>
				<misses>123000001</misses>
				<total>185</total>
				<timestamp>1153.981355</timestamp>
			</report>
			<report>
				<misses>123100001</misses>
				<total>185</total>
				<timestamp>1154.911934</timestamp>
			</report>
			<report>
				<misses>123200001</misses>
				<total>185</total>
				<timestamp>1155.842973</timestamp>
			</report>
			<report>
				<misses>123300001</misses>
				<total>185</total>
				<timestamp>1156.773133</timestamp>
			</report>
			<report>
				<misses>123400001</misses>
				<total>185</total>
				<timestamp>1157.704170</timestamp>
			</report>
			<report>
				<misses>123500001</misses>
				<total>185</total>
				<timestamp>1158.634226</timestamp>
			</report>
			<report>
				<misses>123600001</misses>
				<total>185</total>
				<timestamp>1159.562969</timestamp>
			</report>
			<report>
				<misses>123700001</misses>
				<total>185</total>
				<timestamp>1160.490720</timestamp>
			</report>
			<report>
				<misses>123800001</misses>
				<total>185</total>
				<timestamp>1161.420452</timestamp>
			</report>
			<report>
				<misses>123900001</misses>
				<total>185</total>
				<timestamp>1162.365129</timestamp>
			</report>
			<report>
				<misses>124000001</misses>
				<total>185</total>
				<timestamp>1163.310352</timestamp>
			</report>
			<report>
				<misses>124100001</misses>
				<total>185</total>
				<timestamp>1164.255760</timestamp>
			</report>
			<report>
				<misses>124200001</misses>
				<total>185</total>
				<timestamp>1165.200882</timestamp>
			</report>
			<report>
				<misses>124300001</misses>
				<total>185</total>
				<timestamp>1166.146241</timestamp>
			</report>
			<report>
				<misses>124400001</misses>
				<total>185</total>
				<timestamp>1167.089165</timestamp>
			</report>
			<report>
				<misses>124500001</misses>
				<total>185</total>
				<timestamp>1168.033251</timestamp>
			</report>
			<report>
				<misses>124600001</misses>
				<total>185</total>
				<timestamp>1168.977685</timestamp>
			</report>
			<report>
				<misses>124700001</misses>
				<total>185</total>
				<timestamp>1169.923759</timestamp>
			</report>
			<report>
				<misses>124800001</misses>
				<total>185</total>
				<timestamp>1170.868432</timestamp>
			</report>
			<report>
				<misses>124900001</misses>
				<total>185</total>
				<timestamp>1171.813917</timestamp>
			</report>
			<report>
				<misses>125000001</misses>
				<total>185</total>
				<timestamp>1172.756225</timestamp>
			</report>
			<report>
				<misses>125100001</misses>
				<total>185</total>
				<timestamp>1173.696251</timestamp>
			</report>
			<report>
				<misses>125200001</misses>
				<total>185</total>
				<timestamp>1174.637926</timestamp>
			</report>
			<report>
				<misses>125300001</misses>
				<total>185</total>
				<timestamp>1175.585663</timestamp>
			</report>
			<report>
				<misses>125400001</misses>
				<total>185</total>
				<timestamp>1176.534715</timestamp>
			</report>
			<report>
				<misses>125500001</misses>
				<total>185</total>
				<timestamp>1177.485558</timestamp>
			</report>
			<report>
				<misses>125600001</misses>
				<total>185</total>
				<timestamp>1178.439040</timestamp>
			</report>
			<report>
				<misses>125700001</misses>
				<total>185</total>
				<timestamp>1179.390318</timestamp>
			</report>
			<report>
				<misses>125800001</misses>
				<total>185</total>
				<timestamp>1180.338773</timestamp>
			</report>
			<report>
				<misses>125900001</misses>
				<total>185</total>
				<timestamp>1181.285899</timestamp>
			</report>
			<report>
				<misses>126000001</misses>
				<total>185</total>
				<timestamp>1182.232027</timestamp>
			</report>
			<report>
				<misses>126100001</misses>
				<total>185</total>
				<timestamp>1183.177034</timestamp>
			</report>
			<report>
				<misses>126200001</misses>
				<total>185</total>
				<timestamp>1184.122245</timestamp>
			</report>
			<report>
				<misses>126300001</misses>
				<total>185</total>
				<timestamp>1185.068960</timestamp>
			</report>
			<report>
				<misses>126400001</misses>
				<total>185</total>
				<timestamp>1186.014893</timestamp>
			</report>
			<report>
				<misses>126500001</misses>
				<total>185</total>
				<timestamp>1186.959351</timestamp>
			</report>
			<report>
				<misses>126600001</misses>
				<total>185</total>
				<timestamp>1187.908090</timestamp>
			</report>
			<report>
				<misses>126700001</misses>
				<total>185</total>
				<timestamp>1188.853578</timestamp>
			</report>
			<report>
				<misses>126800001</misses>
				<total>185</total>
				<timestamp>1189.794959</timestamp>
			</report>
			<report>
				<misses>126900001</misses>
				<total>185</total>
				<timestamp>1190.736296</timestamp>
			</report>
			<report>
				<misses>127000001</misses>
				<total>185</total>
				<timestamp>1191.679455</timestamp>
			</report>
			<report>
				<misses>127100001</misses>
				<total>185</total>
				<timestamp>1192.619729</timestamp>
			</report>
			<report>
				<misses>127200001</misses>
				<total>185</total>
				<timestamp>1193.560680</timestamp>
			</report>
			<report>
				<misses>127300001</misses>
				<total>185</total>
				<timestamp>1194.501643</timestamp>
			</report>
			<report>
				<misses>127400001</misses>
				<total>185</total>
				<timestamp>1195.442829</timestamp>
			</report>
			<report>
				<misses>127500001</misses>
				<total>185</total>
				<timestamp>1196.382631</timestamp>
			</report>
			<report>
				<misses>127600001</misses>
				<total>185</total>
				<timestamp>1197.324206</timestamp>
			</report>
			<report>
				<misses>127700001</misses>
				<total>185</total>
				<timestamp>1198.263340</timestamp>
			</report>
			<report>
				<misses>127800001</misses>
				<total>185</total>
				<timestamp>1199.202825</timestamp>
			</report>
			<report>
				<misses>127900001</misses>
				<total>185</total>
				<timestamp>1200.143364</timestamp>
			</report>
			<report>
				<misses>128000001</misses>
				<total>185</total>
				<timestamp>1201.083444</timestamp>
			</report>
			<report>
				<misses>128100001</misses>
				<total>185</total>
				<timestamp>1202.022492</timestamp>
			</report>
			<report>
				<misses>128200001</misses>
				<total>185</total>
				<timestamp>1202.960813</timestamp>
			</report>
			<report>
				<misses>128300001</misses>
				<total>185</total>
				<timestamp>1203.899921</timestamp>
			</report>
			<report>
				<misses>128400001</misses>
				<total>185</total>
				<timestamp>1204.839552</timestamp>
			</report>
			<report>
				<misses>128500001</misses>
				<total>185</total>
				<timestamp>1205.779061</timestamp>
			</report>
			<report>
				<misses>128600001</misses>
				<total>185</total>
				<timestamp>1206.719659</timestamp>
			</report>
			<report>
				<misses>128700001</misses>
				<total>185</total>
				<timestamp>1207.657127</timestamp>
			</report>
			<report>
				<misses>128800001</misses>
				<total>185</total>
				<timestamp>1208.599383</timestamp>
			</report>
			<report>
				<misses>128900001</misses>
				<total>185</total>
				<timestamp>1209.536725</timestamp>
			</report>
			<report>
				<misses>129000001</misses>
				<total>185</total>
				<timestamp>1210.474306</timestamp>
			</report>
			<report>
				<misses>129100001</misses>
				<total>185</total>
				<timestamp>1211.411045</timestamp>
			</report>
			<report>
				<misses>129200001</misses>
				<total>185</total>
				<timestamp>1212.349063</timestamp>
			</report>
			<report>
				<misses>129300001</misses>
				<total>185</total>
				<timestamp>1213.290334</timestamp>
			</report>
			<report>
				<misses>129400001</misses>
				<total>185</total>
				<timestamp>1214.236583</timestamp>
			</report>
			<report>
				<misses>129500001</misses>
				<total>185</total>
				<timestamp>1215.180767</timestamp>
			</report>
			<report>
				<misses>129600001</misses>
				<total>185</total>
				<timestamp>1216.125467</timestamp>
			</report>
			<report>
				<misses>129700001</misses>
				<total>185</total>
				<timestamp>1217.071228</timestamp>
			</report>
			<report>
				<misses>129800001</misses>
				<total>185</total>
				<timestamp>1218.016239</timestamp>
			</report>
			<report>
				<misses>129900001</misses>
				<total>185</total>
				<timestamp>1218.956471</timestamp>
			</report>
			<report>
				<misses>130000001</misses>
				<total>185</total>
				<timestamp>1219.899984</timestamp>
			</report>
			<report>
				<misses>130100001</misses>
				<total>185</total>
				<timestamp>1220.845548</timestamp>
			</report>
			<report>
				<misses>130200001</misses>
				<total>185</total>
				<timestamp>1221.786918</timestamp>
			</report>
			<report>
				<misses>130300001</misses>
				<total>185</total>
				<timestamp>1222.730038</timestamp>
			</report>
			<report>
				<misses>130400001</misses>
				<total>185</total>
				<timestamp>1223.673734</timestamp>
			</report>
			<report>
				<misses>130500001</misses>
				<total>185</total>
				<timestamp>1224.618452</timestamp>
			</report>
			<report>
				<misses>130600001</misses>
				<total>185</total>
				<timestamp>1225.561909</timestamp>
			</report>
			<report>
				<misses>130700001</misses>
				<total>185</total>
				<timestamp>1226.506543</timestamp>
			</report>
			<report>
				<misses>130800001</misses>
				<total>185</total>
				<timestamp>1227.446313</timestamp>
			</report>
			<report>
				<misses>130900001</misses>
				<total>185</total>
				<timestamp>1228.387728</timestamp>
			</report>
			<report>
				<misses>131000001</misses>
				<total>185</total>
				<timestamp>1229.328320</timestamp>
			</report>
			<report>
				<misses>131100001</misses>
				<total>185</total>
				<timestamp>1230.268967</timestamp>
			</report>
			<report>
				<misses>131200001</misses>
				<total>185</total>
				<timestamp>1231.210501</timestamp>
			</report>
			<report>
				<misses>131300001</misses>
				<total>185</total>
				<timestamp>1232.151332</timestamp>
			</report>
			<report>
				<misses>131400001</misses>
				<total>185</total>
				<timestamp>1233.092640</timestamp>
			</report>
			<report>
				<misses>131500001</misses>
				<total>185</total>
				<timestamp>1234.037867</timestamp>
			</report>
			<report>
				<misses>131600001</misses>
				<total>185</total>
				<timestamp>1234.979001</timestamp>
			</report>
			<report>
				<misses>131700001</misses>
				<total>185</total>
				<timestamp>1235.920947</timestamp>
			</report>
			<report>
				<misses>131800001</misses>
				<total>185</total>
				<timestamp>1236.863039</timestamp>
			</report>
			<report>
				<misses>131900001</misses>
				<total>185</total>
				<timestamp>1237.803590</timestamp>
			</report>
			<report>
				<misses>132000001</misses>
				<total>185</total>
				<timestamp>1238.744382</timestamp>
			</report>
			<report>
				<misses>132100001</misses>
				<total>185</total>
				<timestamp>1239.686965</timestamp>
			</report>
			<report>
				<misses>132200001</misses>
				<total>185</total>
				<timestamp>1240.628861</timestamp>
			</report>
			<report>
				<misses>132300001</misses>
				<total>185</total>
				<timestamp>1241.569929</timestamp>
			</report>
			<report>
				<misses>132400001</misses>
				<total>185</total>
				<timestamp>1242.511413</timestamp>
			</report>
			<report>
				<misses>132500001</misses>
				<total>185</total>
				<timestamp>1243.453083</timestamp>
			</report>
			<report>
				<misses>132600001</misses>
				<total>185</total>
				<timestamp>1244.392096</timestamp>
			</report>
			<report>
				<misses>132700001</misses>
				<total>185</total>
				<timestamp>1245.333274</timestamp>
			</report>
			<report>
				<misses>132800001</misses>
				<total>185</total>
				<timestamp>1246.276369</timestamp>
			</report>
			<report>
				<misses>132900001</misses>
				<total>185</total>
				<timestamp>1247.217439</timestamp>
			</report>
			<report>
				<misses>133000001</misses>
				<total>185</total>
				<timestamp>1248.158885</timestamp>
			</report>
			<report>
				<misses>133100001</misses>
				<total>185</total>
				<timestamp>1249.100392</timestamp>
			</report>
			<report>
				<misses>133200001</misses>
				<total>185</total>
				<timestamp>1250.041529</timestamp>
			</report>
			<report>
				<misses>133300001</misses>
				<total>185</total>
				<timestamp>1250.983148</timestamp>
			</report>
			<report>
				<misses>133400001</misses>
				<total>185</total>
				<timestamp>1251.925276</timestamp>
			</report>
			<report>
				<misses>133500001</misses>
				<total>185</total>
				<timestamp>1252.870203</timestamp>
			</report>
			<report>
				<misses>133600001</misses>
				<total>185</total>
				<timestamp>1253.817418</timestamp>
			</report>
			<report>
				<misses>133700001</misses>
				<total>185</total>
				<timestamp>1254.765637</timestamp>
			</report>
			<report>
				<misses>133800001</misses>
				<total>185</total>
				<timestamp>1255.715461</timestamp>
			</report>
			<report>
				<misses>133900001</misses>
				<total>185</total>
				<timestamp>1256.661480</timestamp>
			</report>
			<report>
				<misses>134000001</misses>
				<total>185</total>
				<timestamp>1257.606766</timestamp>
			</report>
			<report>
				<misses>134100001</misses>
				<total>185</total>
				<timestamp>1258.547377</timestamp>
			</report>
			<report>
				<misses>134200001</misses>
				<total>185</total>
				<timestamp>1259.488192</timestamp>
			</report>
			<report>
				<misses>134300001</misses>
				<total>185</total>
				<timestamp>1260.428881</timestamp>
			</report>
			<report>
				<misses>134400001</misses>
				<total>185</total>
				<timestamp>1261.369411</timestamp>
			</report>
			<report>
				<misses>134500001</misses>
				<total>185</total>
				<timestamp>1262.309906</timestamp>
			</report>
			<report>
				<misses>134600001</misses>
				<total>185</total>
				<timestamp>1263.249029</timestamp>
			</report>
			<report>
				<misses>134700001</misses>
				<total>185</total>
				<timestamp>1264.185103</timestamp>
			</report>
			<report>
				<misses>134800001</misses>
				<total>185</total>
				<timestamp>1265.112217</timestamp>
			</report>
			<report>
				<misses>134900001</misses>
				<total>185</total>
				<timestamp>1266.037822</timestamp>
			</report>
			<report>
				<misses>135000001</misses>
				<total>185</total>
				<timestamp>1266.964131</timestamp>
			</report>
			<report>
				<misses>135100001</misses>
				<total>185</total>
				<timestamp>1267.890996</timestamp>
			</report>
			<report>
				<misses>135200001</misses>
				<total>185</total>
				<timestamp>1268.817439</timestamp>
			</report>
			<report>
				<misses>135300001</misses>
				<total>185</total>
				<timestamp>1269.741147</timestamp>
			</report>
			<report>
				<misses>135400001</misses>
				<total>185</total>
				<timestamp>1270.671125</timestamp>
			</report>
			<report>
				<misses>135500001</misses>
				<total>185</total>
				<timestamp>1271.596744</timestamp>
			</report>
			<report>
				<misses>135600001</misses>
				<total>185</total>
				<timestamp>1272.524105</timestamp>
			</report>
			<report>
				<misses>135700001</misses>
				<total>185</total>
				<timestamp>1273.447804</timestamp>
			</report>
			<report>
				<misses>135800001</misses>
				<total>185</total>
				<timestamp>1274.371573</timestamp>
			</report>
			<report>
				<misses>135900001</misses>
				<total>185</total>
				<timestamp>1275.298185</timestamp>
			</report>
			<report>
				<misses>136000001</misses>
				<total>185</total>
				<timestamp>1276.226959</timestamp>
			</report>
			<report>
				<misses>136100001</misses>
				<total>185</total>
				<timestamp>1277.153297</timestamp>
			</report>
			<report>
				<misses>136200001</misses>
				<total>185</total>
				<timestamp>1278.080145</timestamp>
			</report>
			<report>
				<misses>136300001</misses>
				<total>185</total>
				<timestamp>1279.010550</timestamp>
			</report>
			<report>
				<misses>136400001</misses>
				<total>185</total>
				<timestamp>1279.936897</timestamp>
			</report>
			<report>
				<misses>136500001</misses>
				<total>185</total>
				<timestamp>1280.863744</timestamp>
			</report>
			<report>
				<misses>136600001</misses>
				<total>185</total>
				<timestamp>1281.792764</timestamp>
			</report>
			<report>
				<misses>136700001</misses>
				<total>185</total>
				<timestamp>1282.720328</timestamp>
			</report>
			<report>
				<misses>136800001</misses>
				<total>185</total>
				<timestamp>1283.646055</timestamp>
			</report>
			<report>
				<misses>136900001</misses>
				<total>185</total>
				<timestamp>1284.573727</timestamp>
			</report>
			<report>
				<misses>137000001</misses>
				<total>185</total>
				<timestamp>1285.501088</timestamp>
			</report>
			<report>
				<misses>137100001</misses>
				<total>185</total>
				<timestamp>1286.429140</timestamp>
			</report>
			<report>
				<misses>137200001</misses>
				<total>185</total>
				<timestamp>1287.355824</timestamp>
			</report>
			<report>
				<misses>137300001</misses>
				<total>185</total>
				<timestamp>1288.281713</timestamp>
			</report>
			<report>
				<misses>137400001</misses>
				<total>185</total>
				<timestamp>1289.207549</timestamp>
			</report>
			<report>
				<misses>137500001</misses>
				<total>185</total>
				<timestamp>1290.132147</timestamp>
			</report>
			<report>
				<misses>137600001</misses>
				<total>185</total>
				<timestamp>1291.057641</timestamp>
			</report>
			<report>
				<misses>137700001</misses>
				<total>185</total>
				<timestamp>1291.983838</timestamp>
			</report>
			<report>
				<misses>137800001</misses>
				<total>185</total>
				<timestamp>1292.911581</timestamp>
			</report>
			<report>
				<misses>137900001</misses>
				<total>185</total>
				<timestamp>1293.840463</timestamp>
			</report>
			<report>
				<misses>138000001</misses>
				<total>185</total>
				<timestamp>1294.774204</timestamp>
			</report>
			<report>
				<misses>138100001</misses>
				<total>185</total>
				<timestamp>1295.722429</timestamp>
			</report>
			<report>
				<misses>138200001</misses>
				<total>185</total>
				<timestamp>1296.668923</timestamp>
			</report>
			<report>
				<misses>138300001</misses>
				<total>185</total>
				<timestamp>1297.614958</timestamp>
			</report>
			<report>
				<misses>138400001</misses>
				<total>185</total>
				<timestamp>1298.560493</timestamp>
			</report>
			<report>
				<misses>138500001</misses>
				<total>185</total>
				<timestamp>1299.501830</timestamp>
			</report>
			<report>
				<misses>138600001</misses>
				<total>185</total>
				<timestamp>1300.442537</timestamp>
			</report>
			<report>
				<misses>138700001</misses>
				<total>185</total>
				<timestamp>1301.383524</timestamp>
			</report>
			<report>
				<misses>138800001</misses>
				<total>185</total>
				<timestamp>1302.324557</timestamp>
			</report>
			<report>
				<misses>138900001</misses>
				<total>185</total>
				<timestamp>1303.264600</timestamp>
			</report>
			<report>
				<misses>139000001</misses>
				<total>185</total>
				<timestamp>1304.205052</timestamp>
			</report>
			<report>
				<misses>139100001</misses>
				<total>185</total>
				<timestamp>1305.145171</timestamp>
			</report>
			<report>
				<misses>139200001</misses>
				<total>185</total>
				<timestamp>1306.085052</timestamp>
			</report>
			<report>
				<misses>139300001</misses>
				<total>185</total>
				<timestamp>1307.025557</timestamp>
			</report>
			<report>
				<misses>139400001</misses>
				<total>185</total>
				<timestamp>1307.964068</timestamp>
			</report>
			<report>
				<misses>139500001</misses>
				<total>185</total>
				<timestamp>1308.904598</timestamp>
			</report>
			<report>
				<misses>139600001</misses>
				<total>185</total>
				<timestamp>1309.844145</timestamp>
			</report>
			<report>
				<misses>139700001</misses>
				<total>185</total>
				<timestamp>1310.784396</timestamp>
			</report>
			<report>
				<misses>139800001</misses>
				<total>185</total>
				<timestamp>1311.724697</timestamp>
			</report>
			<report>
				<misses>139900001</misses>
				<total>185</total>
				<timestamp>1312.662615</timestamp>
			</report>
			<report>
				<misses>140000001</misses>
				<total>185</total>
				<timestamp>1313.604356</timestamp>
			</report>
			<report>
				<misses>140100001</misses>
				<total>185</total>
				<timestamp>1314.544214</timestamp>
			</report>
			<report>
				<misses>140200001</misses>
				<total>185</total>
				<timestamp>1315.484429</timestamp>
			</report>
			<report>
				<misses>140300001</misses>
				<total>185</total>
				<timestamp>1316.423899</timestamp>
			</report>
			<report>
				<misses>140400001</misses>
				<total>185</total>
				<timestamp>1317.362058</timestamp>
			</report>
			<report>
				<misses>140500001</misses>
				<total>185</total>
				<timestamp>1318.303793</timestamp>
			</report>
			<report>
				<misses>140600001</misses>
				<total>185</total>
				<timestamp>1319.240805</timestamp>
			</report>
			<report>
				<misses>140700001</misses>
				<total>185</total>
				<timestamp>1320.181207</timestamp>
			</report>
			<report>
				<misses>140800001</misses>
				<total>185</total>
				<timestamp>1321.119248</timestamp>
			</report>
			<report>
				<misses>140900001</misses>
				<total>185</total>
				<timestamp>1322.058511</timestamp>
			</report>
			<report>
				<misses>141000001</misses>
				<total>185</total>
				<timestamp>1322.996981</timestamp>
			</report>
			<report>
				<misses>141100001</misses>
				<total>185</total>
				<timestamp>1323.935771</timestamp>
			</report>
			<report>
				<misses>141200001</misses>
				<total>185</total>
				<timestamp>1324.876068</timestamp>
			</report>
			<report>
				<misses>141300001</misses>
				<total>185</total>
				<timestamp>1325.815471</timestamp>
			</report>
			<report>
				<misses>141400001</misses>
				<total>185</total>
				<timestamp>1326.754370</timestamp>
			</report>
			<report>
				<misses>141500001</misses>
				<total>185</total>
				<timestamp>1327.693932</timestamp>
			</report>
			<report>
				<misses>141600001</misses>
				<total>185</total>
				<timestamp>1328.633304</timestamp>
			</report>
			<report>
				<misses>141700001</misses>
				<total>185</total>
				<timestamp>1329.572140</timestamp>
			</report>
			<report>
				<misses>141800001</misses>
				<total>185</total>
				<timestamp>1330.501666</timestamp>
			</report>
			<report>
				<misses>141900001</misses>
				<total>185</total>
				<timestamp>1331.427496</timestamp>
			</report>
			<report>
				<misses>142000001</misses>
				<total>185</total>
				<timestamp>1332.357987</timestamp>
			</report>
			<report>
				<misses>142100001</misses>
				<total>185</total>
				<timestamp>1333.287756</timestamp>
			</report>
			<report>
				<misses>142200001</misses>
				<total>185</total>
				<timestamp>1334.214697</timestamp>
			</report>
			<report>
				<misses>142300001</misses>
				<total>185</total>
				<timestamp>1335.148516</timestamp>
			</report>
			<report>
				<misses>142400001</misses>
				<total>185</total>
				<timestamp>1336.084639</timestamp>
			</report>
			<report>
				<misses>142500001</misses>
				<total>185</total>
				<timestamp>1337.022720</timestamp>
			</report>
			<report>
				<misses>142600001</misses>
				<total>185</total>
				<timestamp>1337.961088</timestamp>
			</report>
			<report>
				<misses>142700001</misses>
				<total>185</total>
				<timestamp>1338.898321</timestamp>
			</report>
			<report>
				<misses>142800001</misses>
				<total>185</total>
				<timestamp>1339.834465</timestamp>
			</report>
			<report>
				<misses>142900001</misses>
				<total>185</total>
				<timestamp>1340.766288</timestamp>
			</report>
			<report>
				<misses>143000001</misses>
				<total>185</total>
				<timestamp>1341.698409</timestamp>
			</report>
			<report>
				<misses>143100001</misses>
				<total>185</total>
				<timestamp>1342.627765</timestamp>
			</report>
			<report>
				<misses>143200001</misses>
				<total>185</total>
				<timestamp>1343.557407</timestamp>
			</report>
			<report>
				<misses>143300001</misses>
				<total>185</total>
				<timestamp>1344.501656</timestamp>
			</report>
			<report>
				<misses>143400001</misses>
				<total>185</total>
				<timestamp>1345.447734</timestamp>
			</report>
			<report>
				<misses>143500001</misses>
				<total>185</total>
				<timestamp>1346.394799</timestamp>
			</report>
			<report>
				<misses>143600001</misses>
				<total>185</total>
				<timestamp>1347.342942</timestamp>
			</report>
			<report>
				<misses>143700001</misses>
				<total>185</total>
				<timestamp>1348.287043</timestamp>
			</report>
			<report>
				<misses>143800001</misses>
				<total>185</total>
				<timestamp>1349.231643</timestamp>
			</report>
			<report>
				<misses>143900001</misses>
				<total>185</total>
				<timestamp>1350.177009</timestamp>
			</report>
			<report>
				<misses>144000001</misses>
				<total>185</total>
				<timestamp>1351.121605</timestamp>
			</report>
			<report>
				<misses>144100001</misses>
				<total>185</total>
				<timestamp>1352.066114</timestamp>
			</report>
			<report>
				<misses>144200001</misses>
				<total>185</total>
				<timestamp>1353.011392</timestamp>
			</report>
			<report>
				<misses>144300001</misses>
				<total>185</total>
				<timestamp>1353.957225</timestamp>
			</report>
			<report>
				<misses>144400001</misses>
				<total>185</total>
				<timestamp>1354.901420</timestamp>
			</report>
			<report>
				<misses>144500001</misses>
				<total>185</total>
				<timestamp>1355.846969</timestamp>
			</report>
			<report>
				<misses>144600001</misses>
				<total>185</total>
				<timestamp>1356.791919</timestamp>
			</report>
			<report>
				<misses>144700001</misses>
				<total>185</total>
				<timestamp>1357.738442</timestamp>
			</report>
			<report>
				<misses>144800001</misses>
				<total>185</total>
				<timestamp>1358.683248</timestamp>
			</report>
			<report>
				<misses>144900001</misses>
				<total>185</total>
				<timestamp>1359.626662</timestamp>
			</report>
			<report>
				<misses>145000001</misses>
				<total>185</total>
				<timestamp>1360.571891</timestamp>
			</report>
			<report>
				<misses>145100001</misses>
				<total>185</total>
				<timestamp>1361.516783</timestamp>
			</report>
			<report>
				<misses>145200001</misses>
				<total>185</total>
				<timestamp>1362.458710</timestamp>
			</report>
			<report>
				<misses>145300001</misses>
				<total>185</total>
				<timestamp>1363.400433</timestamp>
			</report>
			<report>
				<misses>145400001</misses>
				<total>185</total>
				<timestamp>1364.341057</timestamp>
			</report>
			<report>
				<misses>145500001</misses>
				<total>185</total>
				<timestamp>1365.281061</timestamp>
			</report>
			<report>
				<misses>145600001</misses>
				<total>185</total>
				<timestamp>1366.222296</timestamp>
			</report>
			<report>
				<misses>145700001</misses>
				<total>185</total>
				<timestamp>1367.164642</timestamp>
			</report>
			<report>
				<misses>145800001</misses>
				<total>185</total>
				<timestamp>1368.106688</timestamp>
			</report>
			<report>
				<misses>145900001</misses>
				<total>185</total>
				<timestamp>1369.046458</timestamp>
			</report>
			<report>
				<misses>146000001</misses>
				<total>185</total>
				<timestamp>1369.986791</timestamp>
			</report>
			<report>
				<misses>146100001</misses>
				<total>185</total>
				<timestamp>1370.927072</timestamp>
			</report>
			<report>
				<misses>146200001</misses>
				<total>185</total>
				<timestamp>1371.868392</timestamp>
			</report>
			<report>
				<misses>146300001</misses>
				<total>185</total>
				<timestamp>1372.806086</timestamp>
			</report>
			<report>
				<misses>146400001</misses>
				<total>185</total>
				<timestamp>1373.745172</timestamp>
			</report>
			<report>
				<misses>146500001</misses>
				<total>185</total>
				<timestamp>1374.684358</timestamp>
			</report>
			<report>
				<misses>146600001</misses>
				<total>185</total>
				<timestamp>1375.623478</timestamp>
			</report>
			<report>
				<misses>146700001</misses>
				<total>185</total>
				<timestamp>1376.571488</timestamp>
			</report>
			<report>
				<misses>146800001</misses>
				<total>185</total>
				<timestamp>1377.516211</timestamp>
			</report>
			<report>
				<misses>146900001</misses>
				<total>185</total>
				<timestamp>1378.460269</timestamp>
			</report>
			<report>
				<misses>147000001</misses>
				<total>185</total>
				<timestamp>1379.403455</timestamp>
			</report>
			<report>
				<misses>147100001</misses>
				<total>185</total>
				<timestamp>1380.345715</timestamp>
			</report>
			<report>
				<misses>147200001</misses>
				<total>185</total>
				<timestamp>1381.284039</timestamp>
			</report>
			<report>
				<misses>147300001</misses>
				<total>185</total>
				<timestamp>1382.222755</timestamp>
			</report>
			<report>
				<misses>147400001</misses>
				<total>185</total>
				<timestamp>1383.164626</timestamp>
			</report>
			<report>
				<misses>147500001</misses>
				<total>185</total>
				<timestamp>1384.106904</timestamp>
			</report>
			<report>
				<misses>147600001</misses>
				<total>185</total>
				<timestamp>1385.046950</timestamp>
			</report>
			<report>
				<misses>147700001</misses>
				<total>185</total>
				<timestamp>1385.988870</timestamp>
			</report>
			<report>
				<misses>147800001</misses>
				<total>185</total>
				<timestamp>1386.937336</timestamp>
			</report>
			<report>
				<misses>147900001</misses>
				<total>185</total>
				<timestamp>1387.884973</timestamp>
			</report>
			<report>
				<misses>148000001</misses>
				<total>185</total>
				<timestamp>1388.832721</timestamp>
			</report>
			<report>
				<misses>148100001</misses>
				<total>185</total>
				<timestamp>1389.779105</timestamp>
			</report>
			<report>
				<misses>148200001</misses>
				<total>185</total>
				<timestamp>1390.728660</timestamp>
			</report>
			<report>
				<misses>148300001</misses>
				<total>185</total>
				<timestamp>1391.673475</timestamp>
			</report>
			<report>
				<misses>148400001</misses>
				<total>185</total>
				<timestamp>1392.616238</timestamp>
			</report>
			<report>
				<misses>148500001</misses>
				<total>185</total>
				<timestamp>1393.557361</timestamp>
			</report>
			<report>
				<misses>148600001</misses>
				<total>185</total>
				<timestamp>1394.498978</timestamp>
			</report>
			<report>
				<misses>148700001</misses>
				<total>185</total>
				<timestamp>1395.440246</timestamp>
			</report>
			<report>
				<misses>148800001</misses>
				<total>185</total>
				<timestamp>1396.382770</timestamp>
			</report>
			<report>
				<misses>148900001</misses>
				<total>185</total>
				<timestamp>1397.323504</timestamp>
			</report>
			<report>
				<misses>149000001</misses>
				<total>185</total>
				<timestamp>1398.264284</timestamp>
			</report>
			<report>
				<misses>149100001</misses>
				<total>185</total>
				<timestamp>1399.206613</timestamp>
			</report>
			<report>
				<misses>149200001</misses>
				<total>185</total>
				<timestamp>1400.148503</timestamp>
			</report>
			<report>
				<misses>149300001</misses>
				<total>185</total>
				<timestamp>1401.090920</timestamp>
			</report>
			<report>
				<misses>149400001</misses>
				<total>185</total>
				<timestamp>1402.032443</timestamp>
			</report>
			<report>
				<misses>149500001</misses>
				<total>185</total>
				<timestamp>1402.972307</timestamp>
			</report>
			<report>
				<misses>149600001</misses>
				<total>185</total>
				<timestamp>1403.912422</timestamp>
			</report>
			<report>
				<misses>149700001</misses>
				<total>185</total>
				<timestamp>1404.853564</timestamp>
			</report>
			<report>
				<misses>149800001</misses>
				<total>185</total>
				<timestamp>1405.794033</timestamp>
			</report>
			<report>
				<misses>149900001</misses>
				<total>185</total>
				<timestamp>1406.735425</timestamp>
			</report>
			<report>
				<misses>150000001</misses>
				<total>185</total>
				<timestamp>1407.676465</timestamp>
			</report>
			<report>
				<misses>150100001</misses>
				<total>185</total>
				<timestamp>1408.618510</timestamp>
			</report>
			<report>
				<misses>150200001</misses>
				<total>185</total>
				<timestamp>1409.561008</timestamp>
			</report>
			<report>
				<misses>150300001</misses>
				<total>185</total>
				<timestamp>1410.502930</timestamp>
			</report>
			<report>
				<misses>150400001</misses>
				<total>185</total>
				<timestamp>1411.444867</timestamp>
			</report>
			<report>
				<misses>150500001</misses>
				<total>185</total>
				<timestamp>1412.385390</timestamp>
			</report>
			<report>
				<misses>150600001</misses>
				<total>185</total>
				<timestamp>1413.324852</timestamp>
			</report>
			<report>
				<misses>150700001</misses>
				<total>185</total>
				<timestamp>1414.265117</timestamp>
			</report>
			<report>
				<misses>150800001</misses>
				<total>185</total>
				<timestamp>1415.205869</timestamp>
			</report>
			<report>
				<misses>150900001</misses>
				<total>185</total>
				<timestamp>1416.146244</timestamp>
			</report>
			<report>
				<misses>151000001</misses>
				<total>185</total>
				<timestamp>1417.091053</timestamp>
			</report>
			<report>
				<misses>151100001</misses>
				<total>185</total>
				<timestamp>1418.036625</timestamp>
			</report>
			<report>
				<misses>151200001</misses>
				<total>185</total>
				<timestamp>1418.981930</timestamp>
			</report>
			<report>
				<misses>151300001</misses>
				<total>185</total>
				<timestamp>1419.926982</timestamp>
			</report>
			<report>
				<misses>151400001</misses>
				<total>185</total>
				<timestamp>1420.872500</timestamp>
			</report>
			<report>
				<misses>151500001</misses>
				<total>185</total>
				<timestamp>1421.816084</timestamp>
			</report>
			<report>
				<misses>151600001</misses>
				<total>185</total>
				<timestamp>1422.756187</timestamp>
			</report>
			<report>
				<misses>151700001</misses>
				<total>185</total>
				<timestamp>1423.693981</timestamp>
			</report>
			<report>
				<misses>151800001</misses>
				<total>185</total>
				<timestamp>1424.633356</timestamp>
			</report>
			<report>
				<misses>151900001</misses>
				<total>185</total>
				<timestamp>1425.570225</timestamp>
			</report>
			<report>
				<misses>152000001</misses>
				<total>185</total>
				<timestamp>1426.506992</timestamp>
			</report>
			<report>
				<misses>152100001</misses>
				<total>185</total>
				<timestamp>1427.443079</timestamp>
			</report>
			<report>
				<misses>152200001</misses>
				<total>185</total>
				<timestamp>1428.379655</timestamp>
			</report>
			<report>
				<misses>152300001</misses>
				<total>185</total>
				<timestamp>1429.317653</timestamp>
			</report>
			<report>
				<misses>152400001</misses>
				<total>185</total>
				<timestamp>1430.254556</timestamp>
			</report>
			<report>
				<misses>152500001</misses>
				<total>185</total>
				<timestamp>1431.191187</timestamp>
			</report>
			<report>
				<misses>152600001</misses>
				<total>185</total>
				<timestamp>1432.127629</timestamp>
			</report>
			<report>
				<misses>152700001</misses>
				<total>185</total>
				<timestamp>1433.063728</timestamp>
			</report>
			<report>
				<misses>152800001</misses>
				<total>185</total>
				<timestamp>1433.999694</timestamp>
			</report>
			<report>
				<misses>152900001</misses>
				<total>185</total>
				<timestamp>1434.936047</timestamp>
			</report>
			<report>
				<misses>153000001</misses>
				<total>185</total>
				<timestamp>1435.873638</timestamp>
			</report>
			<report>
				<misses>153100001</misses>
				<total>185</total>
				<timestamp>1436.808272</timestamp>
			</report>
			<report>
				<misses>153200001</misses>
				<total>185</total>
				<timestamp>1437.743052</timestamp>
			</report>
			<report>
				<misses>153300001</misses>
				<total>185</total>
				<timestamp>1438.677666</timestamp>
			</report>
			<report>
				<misses>153400001</misses>
				<total>185</total>
				<timestamp>1439.612721</timestamp>
			</report>
			<report>
				<misses>153500001</misses>
				<total>185</total>
				<timestamp>1440.547545</timestamp>
			</report>
			<report>
				<misses>153600001</misses>
				<total>185</total>
				<timestamp>1441.483668</timestamp>
			</report>
			<report>
				<misses>153700001</misses>
				<total>185</total>
				<timestamp>1442.420469</timestamp>
			</report>
			<report>
				<misses>153800001</misses>
				<total>185</total>
				<timestamp>1443.356410</timestamp>
			</report>
			<report>
				<misses>153900001</misses>
				<total>185</total>
				<timestamp>1444.292698</timestamp>
			</report>
			<report>
				<misses>154000001</misses>
				<total>185</total>
				<timestamp>1445.228803</timestamp>
			</report>
			<report>
				<misses>154100001</misses>
				<total>185</total>
				<timestamp>1446.164841</timestamp>
			</report>
			<report>
				<misses>154200001</misses>
				<total>185</total>
				<timestamp>1447.101863</timestamp>
			</report>
			<report>
				<misses>154300001</misses>
				<total>185</total>
				<timestamp>1448.038061</timestamp>
			</report>
			<report>
				<misses>154400001</misses>
				<total>185</total>
				<timestamp>1448.974939</timestamp>
			</report>
			<report>
				<misses>154500001</misses>
				<total>185</total>
				<timestamp>1449.910767</timestamp>
			</report>
			<report>
				<misses>154600001</misses>
				<total>185</total>
				<timestamp>1450.846205</timestamp>
			</report>
			<report>
				<misses>154700001</misses>
				<total>185</total>
				<timestamp>1451.780901</timestamp>
			</report>
			<report>
				<misses>154800001</misses>
				<total>185</total>
				<timestamp>1452.718377</timestamp>
			</report>
			<report>
				<misses>154900001</misses>
				<total>185</total>
				<timestamp>1453.654462</timestamp>
			</report>
			<report>
				<misses>155000001</misses>
				<total>185</total>
				<timestamp>1454.590384</timestamp>
			</report>
			<report>
				<misses>155100001</misses>
				<total>185</total>
				<timestamp>1455.525943</timestamp>
			</report>
			<report>
				<misses>155200001</misses>
				<total>185</total>
				<timestamp>1456.462215</timestamp>
			</report>
			<report>
				<misses>155300001</misses>
				<total>185</total>
				<timestamp>1457.398340</timestamp>
			</report>
			<report>
				<misses>155400001</misses>
				<total>185</total>
				<timestamp>1458.340738</timestamp>
			</report>
			<report>
				<misses>155500001</misses>
				<total>185</total>
				<timestamp>1459.282254</timestamp>
			</report>
			<report>
				<misses>155600001</misses>
				<total>185</total>
				<timestamp>1460.225119</timestamp>
			</report>
			<report>
				<misses>155700001</misses>
				<total>185</total>
				<timestamp>1461.167369</timestamp>
			</report>
			<report>
				<misses>155800001</misses>
				<total>185</total>
				<timestamp>1462.108976</timestamp>
			</report>
			<report>
				<misses>155900001</misses>
				<total>185</total>
				<timestamp>1463.047464</timestamp>
			</report>
			<report>
				<misses>156000001</misses>
				<total>185</total>
				<timestamp>1463.983292</timestamp>
			</report>
			<report>
				<misses>156100001</misses>
				<total>185</total>
				<timestamp>1464.919835</timestamp>
			</report>
			<report>
				<misses>156200001</misses>
				<total>185</total>
				<timestamp>1465.857111</timestamp>
			</report>
			<report>
				<misses>156300001</misses>
				<total>185</total>
				<timestamp>1466.792196</timestamp>
			</report>
			<report>
				<misses>156400001</misses>
				<total>185</total>
				<timestamp>1467.729036</timestamp>
			</report>
			<report>
				<misses>156500001</misses>
				<total>185</total>
				<timestamp>1468.664759</timestamp>
			</report>
			<report>
				<misses>156600001</misses>
				<total>185</total>
				<timestamp>1469.611523</timestamp>
			</report>
			<report>
				<misses>156700001</misses>
				<total>185</total>
				<timestamp>1470.555485</timestamp>
			</report>
			<report>
				<misses>156800001</misses>
				<total>185</total>
				<timestamp>1471.499283</timestamp>
			</report>
			<report>
				<misses>156900001</misses>
				<total>185</total>
				<timestamp>1472.442721</timestamp>
			</report>
			<report>
				<misses>157000001</misses>
				<total>185</total>
				<timestamp>1473.386308</timestamp>
			</report>
			<report>
				<misses>157100001</misses>
				<total>185</total>
				<timestamp>1474.328034</timestamp>
			</report>
			<report>
				<misses>157200001</misses>
				<total>185</total>
				<timestamp>1475.269297</timestamp>
			</report>
			<report>
				<misses>157300001</misses>
				<total>185</total>
				<timestamp>1476.213839</timestamp>
			</report>
			<report>
				<misses>157400001</misses>
				<total>185</total>
				<timestamp>1477.156782</timestamp>
			</report>
			<report>
				<misses>157500001</misses>
				<total>185</total>
				<timestamp>1478.101008</timestamp>
			</report>
			<report>
				<misses>157600001</misses>
				<total>185</total>
				<timestamp>1479.043706</timestamp>
			</report>
			<report>
				<misses>157700001</misses>
				<total>185</total>
				<timestamp>1479.986921</timestamp>
			</report>
			<report>
				<misses>157800001</misses>
				<total>185</total>
				<timestamp>1480.929779</timestamp>
			</report>
			<report>
				<misses>157900001</misses>
				<total>185</total>
				<timestamp>1481.873753</timestamp>
			</report>
			<report>
				<misses>158000001</misses>
				<total>185</total>
				<timestamp>1482.816109</timestamp>
			</report>
			<report>
				<misses>158100001</misses>
				<total>185</total>
				<timestamp>1483.758695</timestamp>
			</report>
			<report>
				<misses>158200001</misses>
				<total>185</total>
				<timestamp>1484.699078</timestamp>
			</report>
			<report>
				<misses>158300001</misses>
				<total>185</total>
				<timestamp>1485.638828</timestamp>
			</report>
			<report>
				<misses>158400001</misses>
				<total>185</total>
				<timestamp>1486.577932</timestamp>
			</report>
			<report>
				<misses>158500001</misses>
				<total>185</total>
				<timestamp>1487.516929</timestamp>
			</report>
			<report>
				<misses>158600001</misses>
				<total>185</total>
				<timestamp>1488.456451</timestamp>
			</report>
			<report>
				<misses>158700001</misses>
				<total>185</total>
				<timestamp>1489.397905</timestamp>
			</report>
			<report>
				<misses>158800001</misses>
				<total>185</total>
				<timestamp>1490.337021</timestamp>
			</report>
			<report>
				<misses>158900001</misses>
				<total>185</total>
				<timestamp>1491.276920</timestamp>
			</report>
			<report>
				<misses>159000001</misses>
				<total>185</total>
				<timestamp>1492.219284</timestamp>
			</report>
			<report>
				<misses>159100001</misses>
				<total>185</total>
				<timestamp>1493.158694</timestamp>
			</report>
			<report>
				<misses>159200001</misses>
				<total>185</total>
				<timestamp>1494.099864</timestamp>
			</report>
			<report>
				<misses>159300001</misses>
				<total>185</total>
				<timestamp>1495.038608</timestamp>
			</report>
			<report>
				<misses>159400001</misses>
				<total>185</total>
				<timestamp>1495.978516</timestamp>
			</report>
			<report>
				<misses>159500001</misses>
				<total>185</total>
				<timestamp>1496.921204</timestamp>
			</report>
			<report>
				<misses>159600001</misses>
				<total>185</total>
				<timestamp>1497.864417</timestamp>
			</report>
			<report>
				<misses>159700001</misses>
				<total>185</total>
				<timestamp>1498.809770</timestamp>
			</report>
			<report>
				<misses>159800001</misses>
				<total>185</total>
				<timestamp>1499.759030</timestamp>
			</report>
			<report>
				<misses>159900001</misses>
				<total>185</total>
				<timestamp>1500.709299</timestamp>
			</report>
			<report>
				<misses>160000001</misses>
				<total>185</total>
				<timestamp>1501.658632</timestamp>
			</report>
			<report>
				<misses>160100001</misses>
				<total>185</total>
				<timestamp>1502.608959</timestamp>
			</report>
			<report>
				<misses>160200001</misses>
				<total>185</total>
				<timestamp>1503.556825</timestamp>
			</report>
			<report>
				<misses>160300001</misses>
				<total>185</total>
				<timestamp>1504.500607</timestamp>
			</report>
			<report>
				<misses>160400001</misses>
				<total>185</total>
				<timestamp>1505.444310</timestamp>
			</report>
			<report>
				<misses>160500001</misses>
				<total>185</total>
				<timestamp>1506.387371</timestamp>
			</report>
			<report>
				<misses>160600001</misses>
				<total>185</total>
				<timestamp>1507.330057</timestamp>
			</report>
			<report>
				<misses>160700001</misses>
				<total>185</total>
				<timestamp>1508.274292</timestamp>
			</report>
			<report>
				<misses>160800001</misses>
				<total>185</total>
				<timestamp>1509.217492</timestamp>
			</report>
			<report>
				<misses>160900001</misses>
				<total>185</total>
				<timestamp>1510.162085</timestamp>
			</report>
			<report>
				<misses>161000001</misses>
				<total>185</total>
				<timestamp>1511.105885</timestamp>
			</report>
			<report>
				<misses>161100001</misses>
				<total>185</total>
				<timestamp>1512.050318</timestamp>
			</report>
			<report>
				<misses>161200001</misses>
				<total>185</total>
				<timestamp>1512.993899</timestamp>
			</report>
			<report>
				<misses>161300001</misses>
				<total>185</total>
				<timestamp>1513.936941</timestamp>
			</report>
			<report>
				<misses>161400001</misses>
				<total>185</total>
				<timestamp>1514.879596</timestamp>
			</report>
			<report>
				<misses>161500001</misses>
				<total>185</total>
				<timestamp>1515.823353</timestamp>
			</report>
			<report>
				<misses>161600001</misses>
				<total>185</total>
				<timestamp>1516.766922</timestamp>
			</report>
			<report>
				<misses>161700001</misses>
				<total>185</total>
				<timestamp>1517.711866</timestamp>
			</report>
			<report>
				<misses>161800001</misses>
				<total>185</total>
				<timestamp>1518.655841</timestamp>
			</report>
			<report>
				<misses>161900001</misses>
				<total>185</total>
				<timestamp>1519.599140</timestamp>
			</report>
			<report>
				<misses>162000001</misses>
				<total>185</total>
				<timestamp>1520.542685</timestamp>
			</report>
			<report>
				<misses>162100001</misses>
				<total>185</total>
				<timestamp>1521.487220</timestamp>
			</report>
			<report>
				<misses>162200001</misses>
				<total>185</total>
				<timestamp>1522.430496</timestamp>
			</report>
			<report>
				<misses>162300001</misses>
				<total>185</total>
				<timestamp>1523.374632</timestamp>
			</report>
			<report>
				<misses>162400001</misses>
				<total>185</total>
				<timestamp>1524.312560</timestamp>
			</report>
			<report>
				<misses>162500001</misses>
				<total>185</total>
				<timestamp>1525.243391</timestamp>
			</report>
			<report>
				<misses>162600001</misses>
				<total>185</total>
				<timestamp>1526.176134</timestamp>
			</report>
			<report>
				<misses>162700001</misses>
				<total>185</total>
				<timestamp>1527.108201</timestamp>
			</report>
			<report>
				<misses>162800001</misses>
				<total>185</total>
				<timestamp>1528.041426</timestamp>
			</report>
			<report>
				<misses>162900001</misses>
				<total>185</total>
				<timestamp>1528.972401</timestamp>
			</report>
			<report>
				<misses>163000001</misses>
				<total>185</total>
				<timestamp>1529.903603</timestamp>
			</report>
			<report>
				<misses>163100001</misses>
				<total>185</total>
				<timestamp>1530.834636</timestamp>
			</report>
			<report>
				<misses>163200001</misses>
				<total>185</total>
				<timestamp>1531.769959</timestamp>
			</report>
			<report>
				<misses>163300001</misses>
				<total>185</total>
				<timestamp>1532.706822</timestamp>
			</report>
			<report>
				<misses>163400001</misses>
				<total>185</total>
				<timestamp>1533.644111</timestamp>
			</report>
			<report>
				<misses>163500001</misses>
				<total>185</total>
				<timestamp>1534.582741</timestamp>
			</report>
			<report>
				<misses>163600001</misses>
				<total>185</total>
				<timestamp>1535.521913</timestamp>
			</report>
			<report>
				<misses>163700001</misses>
				<total>185</total>
				<timestamp>1536.458968</timestamp>
			</report>
			<report>
				<misses>163800001</misses>
				<total>185</total>
				<timestamp>1537.390489</timestamp>
			</report>
			<report>
				<misses>163900001</misses>
				<total>185</total>
				<timestamp>1538.324028</timestamp>
			</report>
			<report>
				<misses>164000001</misses>
				<total>185</total>
				<timestamp>1539.254976</timestamp>
			</report>
			<report>
				<misses>164100001</misses>
				<total>185</total>
				<timestamp>1540.184081</timestamp>
			</report>
			<report>
				<misses>164200001</misses>
				<total>185</total>
				<timestamp>1541.116909</timestamp>
			</report>
			<report>
				<misses>164300001</misses>
				<total>185</total>
				<timestamp>1542.050582</timestamp>
			</report>
			<report>
				<misses>164400001</misses>
				<total>185</total>
				<timestamp>1542.992518</timestamp>
			</report>
			<report>
				<misses>164500001</misses>
				<total>185</total>
				<timestamp>1543.935224</timestamp>
			</report>
			<report>
				<misses>164600001</misses>
				<total>185</total>
				<timestamp>1544.877975</timestamp>
			</report>
			<report>
				<misses>164700001</misses>
				<total>185</total>
				<timestamp>1545.822052</timestamp>
			</report>
			<report>
				<misses>164800001</misses>
				<total>185</total>
				<timestamp>1546.766487</timestamp>
			</report>
			<report>
				<misses>164900001</misses>
				<total>185</total>
				<timestamp>1547.704676</timestamp>
			</report>
			<report>
				<misses>165000001</misses>
				<total>185</total>
				<timestamp>1548.642822</timestamp>
			</report>
			<report>
				<misses>165100001</misses>
				<total>185</total>
				<timestamp>1549.577734</timestamp>
			</report>
			<report>
				<misses>165200001</misses>
				<total>185</total>
				<timestamp>1550.510704</timestamp>
			</report>
			<report>
				<misses>165300001</misses>
				<total>185</total>
				<timestamp>1551.442186</timestamp>
			</report>
			<report>
				<misses>165400001</misses>
				<total>185</total>
				<timestamp>1552.375018</timestamp>
			</report>
			<report>
				<misses>165500001</misses>
				<total>185</total>
				<timestamp>1553.307429</timestamp>
			</report>
			<report>
				<misses>165600001</misses>
				<total>185</total>
				<timestamp>1554.240307</timestamp>
			</report>
			<report>
				<misses>165700001</misses>
				<total>185</total>
				<timestamp>1555.173315</timestamp>
			</report>
			<report>
				<misses>165800001</misses>
				<total>185</total>
				<timestamp>1556.105948</timestamp>
			</report>
			<report>
				<misses>165900001</misses>
				<total>185</total>
				<timestamp>1557.039773</timestamp>
			</report>
			<report>
				<misses>166000001</misses>
				<total>185</total>
				<timestamp>1557.971277</timestamp>
			</report>
			<report>
				<misses>166100001</misses>
				<total>185</total>
				<timestamp>1558.899866</timestamp>
			</report>
			<report>
				<misses>166200001</misses>
				<total>185</total>
				<timestamp>1559.827408</timestamp>
			</report>
			<report>
				<misses>166300001</misses>
				<total>185</total>
				<timestamp>1560.757141</timestamp>
			</report>
			<report>
				<misses>166400001</misses>
				<total>185</total>
				<timestamp>1561.683747</timestamp>
			</report>
			<report>
				<misses>166500001</misses>
				<total>185</total>
				<timestamp>1562.614105</timestamp>
			</report>
			<report>
				<misses>166600001</misses>
				<total>185</total>
				<timestamp>1563.544488</timestamp>
			</report>
			<report>
				<misses>166700001</misses>
				<total>185</total>
				<timestamp>1564.479186</timestamp>
			</report>
			<report>
				<misses>166800001</misses>
				<total>185</total>
				<timestamp>1565.414747</timestamp>
			</report>
			<report>
				<misses>166900001</misses>
				<total>185</total>
				<timestamp>1566.348578</timestamp>
			</report>
			<report>
				<misses>167000001</misses>
				<total>185</total>
				<timestamp>1567.282346</timestamp>
			</report>
			<report>
				<misses>167100001</misses>
				<total>185</total>
				<timestamp>1568.216344</timestamp>
			</report>
			<report>
				<misses>167200001</misses>
				<total>185</total>
				<timestamp>1569.150379</timestamp>
			</report>
			<report>
				<misses>167300001</misses>
				<total>185</total>
				<timestamp>1570.080849</timestamp>
			</report>
			<report>
				<misses>167400001</misses>
				<total>185</total>
				<timestamp>1571.011819</timestamp>
			</report>
			<report>
				<misses>167500001</misses>
				<total>185</total>
				<timestamp>1571.941797</timestamp>
			</report>
			<report>
				<misses>167600001</misses>
				<total>185</total>
				<timestamp>1572.869317</timestamp>
			</report>
			<report>
				<misses>167700001</misses>
				<total>185</total>
				<timestamp>1573.795296</timestamp>
			</report>
			<report>
				<misses>167800001</misses>
				<total>185</total>
				<timestamp>1574.721874</timestamp>
			</report>
			<report>
				<misses>167900001</misses>
				<total>185</total>
				<timestamp>1575.652377</timestamp>
			</report>
			<report>
				<misses>168000001</misses>
				<total>185</total>
				<timestamp>1576.580881</timestamp>
			</report>
			<report>
				<misses>168100001</misses>
				<total>185</total>
				<timestamp>1577.508122</timestamp>
			</report>
			<report>
				<misses>168200001</misses>
				<total>185</total>
				<timestamp>1578.437389</timestamp>
			</report>
			<report>
				<misses>168300001</misses>
				<total>185</total>
				<timestamp>1579.365501</timestamp>
			</report>
			<report>
				<misses>168400001</misses>
				<total>185</total>
				<timestamp>1580.293983</timestamp>
			</report>
			<report>
				<misses>168500001</misses>
				<total>185</total>
				<timestamp>1581.225238</timestamp>
			</report>
			<report>
				<misses>168600001</misses>
				<total>185</total>
				<timestamp>1582.153878</timestamp>
			</report>
			<report>
				<misses>168700001</misses>
				<total>185</total>
				<timestamp>1583.088275</timestamp>
			</report>
			<report>
				<misses>168800001</misses>
				<total>185</total>
				<timestamp>1584.027559</timestamp>
			</report>
			<report>
				<misses>168900001</misses>
				<total>185</total>
				<timestamp>1584.967194</timestamp>
			</report>
			<report>
				<misses>169000001</misses>
				<total>185</total>
				<timestamp>1585.907718</timestamp>
			</report>
			<report>
				<misses>169100001</misses>
				<total>185</total>
				<timestamp>1586.836456</timestamp>
			</report>
			<report>
				<misses>169200001</misses>
				<total>185</total>
				<timestamp>1587.764353</timestamp>
			</report>
			<report>
				<misses>169300001</misses>
				<total>185</total>
				<timestamp>1588.692238</timestamp>
			</report>
			<report>
				<misses>169400001</misses>
				<total>185</total>
				<timestamp>1589.622660</timestamp>
			</report>
			<report>
				<misses>169500001</misses>
				<total>185</total>
				<timestamp>1590.552664</timestamp>
			</report>
			<report>
				<misses>169600001</misses>
				<total>185</total>
				<timestamp>1591.481653</timestamp>
			</report>
			<report>
				<misses>169700001</misses>
				<total>185</total>
				<timestamp>1592.411428</timestamp>
			</report>
			<report>
				<misses>169800001</misses>
				<total>185</total>
				<timestamp>1593.341194</timestamp>
			</report>
			<report>
				<misses>169900001</misses>
				<total>185</total>
				<timestamp>1594.269915</timestamp>
			</report>
			<report>
				<misses>170000001</misses>
				<total>185</total>
				<timestamp>1595.200302</timestamp>
			</report>
			<report>
				<misses>170100001</misses>
				<total>185</total>
				<timestamp>1596.132736</timestamp>
			</report>
			<report>
				<misses>170200001</misses>
				<total>185</total>
				<timestamp>1597.064136</timestamp>
			</report>
			<report>
				<misses>170300001</misses>
				<total>185</total>
				<timestamp>1598.001981</timestamp>
			</report>
			<report>
				<misses>170400001</misses>
				<total>185</total>
				<timestamp>1598.939524</timestamp>
			</report>
			<report>
				<misses>170500001</misses>
				<total>185</total>
				<timestamp>1599.875382</timestamp>
			</report>
			<report>
				<misses>170600001</misses>
				<total>185</total>
				<timestamp>1600.811743</timestamp>
			</report>
			<report>
				<misses>170700001</misses>
				<total>185</total>
				<timestamp>1601.746079</timestamp>
			</report>
			<report>
				<misses>170800001</misses>
				<total>185</total>
				<timestamp>1602.676422</timestamp>
			</report>
			<report>
				<misses>170900001</misses>
				<total>185</total>
				<timestamp>1603.603094</timestamp>
			</report>
			<report>
				<misses>171000001</misses>
				<total>185</total>
				<timestamp>1604.535283</timestamp>
			</report>
			<report>
				<misses>171100001</misses>
				<total>185</total>
				<timestamp>1605.462170</timestamp>
			</report>
			<report>
				<misses>171200001</misses>
				<total>185</total>
				<timestamp>1606.391616</timestamp>
			</report>
			<report>
				<misses>171300001</misses>
				<total>185</total>
				<timestamp>1607.321153</timestamp>
			</report>
			<report>
				<misses>171400001</misses>
				<total>185</total>
				<timestamp>1608.251964</timestamp>
			</report>
			<report>
				<misses>171500001</misses>
				<total>185</total>
				<timestamp>1609.178943</timestamp>
			</report>
			<report>
				<misses>171600001</misses>
				<total>185</total>
				<timestamp>1610.105103</timestamp>
			</report>
			<report>
				<misses>171700001</misses>
				<total>185</total>
				<timestamp>1611.034497</timestamp>
			</report>
			<report>
				<misses>171800001</misses>
				<total>185</total>
				<timestamp>1611.962015</timestamp>
			</report>
			<report>
				<misses>171900001</misses>
				<total>185</total>
				<timestamp>1612.890242</timestamp>
			</report>
			<report>
				<misses>172000001</misses>
				<total>185</total>
				<timestamp>1613.818515</timestamp>
			</report>
			<report>
				<misses>172100001</misses>
				<total>185</total>
				<timestamp>1614.744504</timestamp>
			</report>
			<report>
				<misses>172200001</misses>
				<total>185</total>
				<timestamp>1615.672381</timestamp>
			</report>
			<report>
				<misses>172300001</misses>
				<total>185</total>
				<timestamp>1616.602668</timestamp>
			</report>
			<report>
				<misses>172400001</misses>
				<total>185</total>
				<timestamp>1617.533947</timestamp>
			</report>
			<report>
				<misses>172500001</misses>
				<total>185</total>
				<timestamp>1618.460592</timestamp>
			</report>
			<report>
				<misses>172600001</misses>
				<total>185</total>
				<timestamp>1619.388323</timestamp>
			</report>
			<report>
				<misses>172700001</misses>
				<total>185</total>
				<timestamp>1620.316862</timestamp>
			</report>
			<report>
				<misses>172800001</misses>
				<total>185</total>
				<timestamp>1621.244185</timestamp>
			</report>
			<report>
				<misses>172900001</misses>
				<total>185</total>
				<timestamp>1622.169564</timestamp>
			</report>
			<report>
				<misses>173000001</misses>
				<total>185</total>
				<timestamp>1623.096104</timestamp>
			</report>
			<report>
				<misses>173100001</misses>
				<total>185</total>
				<timestamp>1624.021883</timestamp>
			</report>
			<report>
				<misses>173200001</misses>
				<total>185</total>
				<timestamp>1624.953871</timestamp>
			</report>
			<report>
				<misses>173300001</misses>
				<total>185</total>
				<timestamp>1625.878738</timestamp>
			</report>
			<report>
				<misses>173400001</misses>
				<total>185</total>
				<timestamp>1626.803726</timestamp>
			</report>
			<report>
				<misses>173500001</misses>
				<total>185</total>
				<timestamp>1627.730454</timestamp>
			</report>
			<report>
				<misses>173600001</misses>
				<total>185</total>
				<timestamp>1628.658573</timestamp>
			</report>
			<report>
				<misses>173700001</misses>
				<total>185</total>
				<timestamp>1629.584598</timestamp>
			</report>
			<report>
				<misses>173800001</misses>
				<total>185</total>
				<timestamp>1630.519369</timestamp>
			</report>
			<report>
				<misses>173900001</misses>
				<total>185</total>
				<timestamp>1631.452632</timestamp>
			</report>
			<report>
				<misses>174000001</misses>
				<total>185</total>
				<timestamp>1632.386788</timestamp>
			</report>
			<report>
				<misses>174100001</misses>
				<total>185</total>
				<timestamp>1633.321342</timestamp>
			</report>
			<report>
				<misses>174200001</misses>
				<total>185</total>
				<timestamp>1634.257037</timestamp>
			</report>
			<report>
				<misses>174300001</misses>
				<total>185</total>
				<timestamp>1635.188720</timestamp>
			</report>
			<report>
				<misses>174400001</misses>
				<total>185</total>
				<timestamp>1636.118351</timestamp>
			</report>
			<report>
				<misses>174500001</misses>
				<total>185</total>
				<timestamp>1637.053920</timestamp>
			</report>
			<report>
				<misses>174600001</misses>
				<total>185</total>
				<timestamp>1637.988861</timestamp>
			</report>
			<report>
				<misses>174700001</misses>
				<total>185</total>
				<timestamp>1638.915956</timestamp>
			</report>
			<report>
				<misses>174800001</misses>
				<total>185</total>
				<timestamp>1639.843794</timestamp>
			</report>
			<report>
				<misses>174900001</misses>
				<total>185</total>
				<timestamp>1640.771782</timestamp>
			</report>
			<report>
				<misses>175000001</misses>
				<total>185</total>
				<timestamp>1641.698744</timestamp>
			</report>
			<report>
				<misses>175100001</misses>
				<total>185</total>
				<timestamp>1642.630771</timestamp>
			</report>
			<report>
				<misses>175200001</misses>
				<total>185</total>
				<timestamp>1643.559511</timestamp>
			</report>
			<report>
				<misses>175300001</misses>
				<total>185</total>
				<timestamp>1644.487607</timestamp>
			</report>
			<report>
				<misses>175400001</misses>
				<total>185</total>
				<timestamp>1645.418146</timestamp>
			</report>
			<report>
				<misses>175500001</misses>
				<total>185</total>
				<timestamp>1646.346837</timestamp>
			</report>
			<report>
				<misses>175600001</misses>
				<total>185</total>
				<timestamp>1647.284546</timestamp>
			</report>
			<report>
				<misses>175700001</misses>
				<total>185</total>
				<timestamp>1648.224190</timestamp>
			</report>
			<report>
				<misses>175800001</misses>
				<total>185</total>
				<timestamp>1649.161988</timestamp>
			</report>
			<report>
				<misses>175900001</misses>
				<total>185</total>
				<timestamp>1650.101083</timestamp>
			</report>
			<report>
				<misses>176000001</misses>
				<total>185</total>
				<timestamp>1651.040420</timestamp>
			</report>
			<report>
				<misses>176100001</misses>
				<total>185</total>
				<timestamp>1651.980126</timestamp>
			</report>
			<report>
				<misses>176200001</misses>
				<total>185</total>
				<timestamp>1652.916968</timestamp>
			</report>
			<report>
				<misses>176300001</misses>
				<total>185</total>
				<timestamp>1653.852297</timestamp>
			</report>
			<report>
				<misses>176400001</misses>
				<total>185</total>
				<timestamp>1654.788758</timestamp>
			</report>
			<report>
				<misses>176500001</misses>
				<total>185</total>
				<timestamp>1655.724082</timestamp>
			</report>
			<report>
				<misses>176600001</misses>
				<total>185</total>
				<timestamp>1656.659323</timestamp>
			</report>
			<report>
				<misses>176700001</misses>
				<total>185</total>
				<timestamp>1657.594172</timestamp>
			</report>
			<report>
				<misses>176800001</misses>
				<total>185</total>
				<timestamp>1658.529803</timestamp>
			</report>
			<report>
				<misses>176900001</misses>
				<total>185</total>
				<timestamp>1659.464527</timestamp>
			</report>
			<report>
				<misses>177000001</misses>
				<total>185</total>
				<timestamp>1660.399647</timestamp>
			</report>
			<report>
				<misses>177100001</misses>
				<total>185</total>
				<timestamp>1661.337608</timestamp>
			</report>
			<report>
				<misses>177200001</misses>
				<total>185</total>
				<timestamp>1662.272675</timestamp>
			</report>
			<report>
				<misses>177300001</misses>
				<total>185</total>
				<timestamp>1663.212797</timestamp>
			</report>
			<report>
				<misses>177400001</misses>
				<total>185</total>
				<timestamp>1664.154207</timestamp>
			</report>
			<report>
				<misses>177500001</misses>
				<total>185</total>
				<timestamp>1665.091055</timestamp>
			</report>
			<report>
				<misses>177600001</misses>
				<total>185</total>
				<timestamp>1666.023749</timestamp>
			</report>
			<report>
				<misses>177700001</misses>
				<total>185</total>
				<timestamp>1666.959601</timestamp>
			</report>
			<report>
				<misses>177800001</misses>
				<total>185</total>
				<timestamp>1667.888471</timestamp>
			</report>
			<report>
				<misses>177900001</misses>
				<total>185</total>
				<timestamp>1668.814808</timestamp>
			</report>
			<report>
				<misses>178000001</misses>
				<total>185</total>
				<timestamp>1669.738621</timestamp>
			</report>
			<report>
				<misses>178100001</misses>
				<total>185</total>
				<timestamp>1670.668148</timestamp>
			</report>
			<report>
				<misses>178200001</misses>
				<total>185</total>
				<timestamp>1671.596603</timestamp>
			</report>
			<report>
				<misses>178300001</misses>
				<total>185</total>
				<timestamp>1672.522711</timestamp>
			</report>
			<report>
				<misses>178400001</misses>
				<total>185</total>
				<timestamp>1673.449011</timestamp>
			</report>
			<report>
				<misses>178500001</misses>
				<total>185</total>
				<timestamp>1674.374691</timestamp>
			</report>
			<report>
				<misses>178600001</misses>
				<total>185</total>
				<timestamp>1675.299745</timestamp>
			</report>
			<report>
				<misses>178700001</misses>
				<total>185</total>
				<timestamp>1676.226883</timestamp>
			</report>
			<report>
				<misses>178800001</misses>
				<total>185</total>
				<timestamp>1677.154264</timestamp>
			</report>
			<report>
				<misses>178900001</misses>
				<total>185</total>
				<timestamp>1678.083729</timestamp>
			</report>
			<report>
				<misses>179000001</misses>
				<total>185</total>
				<timestamp>1679.011270</timestamp>
			</report>
			<report>
				<misses>179100001</misses>
				<total>185</total>
				<timestamp>1679.944549</timestamp>
			</report>
			<report>
				<misses>179200001</misses>
				<total>185</total>
				<timestamp>1680.879899</timestamp>
			</report>
			<report>
				<misses>179300001</misses>
				<total>185</total>
				<timestamp>1681.814390</timestamp>
			</report>
			<report>
				<misses>179400001</misses>
				<total>185</total>
				<timestamp>1682.749324</timestamp>
			</report>
			<report>
				<misses>179500001</misses>
				<total>185</total>
				<timestamp>1683.679753</timestamp>
			</report>
			<report>
				<misses>179600001</misses>
				<total>185</total>
				<timestamp>1684.610735</timestamp>
			</report>
			<report>
				<misses>179700001</misses>
				<total>185</total>
				<timestamp>1685.543499</timestamp>
			</report>
			<report>
				<misses>179800001</misses>
				<total>185</total>
				<timestamp>1686.475922</timestamp>
			</report>
			<report>
				<misses>179900001</misses>
				<total>185</total>
				<timestamp>1687.408086</timestamp>
			</report>
			<report>
				<misses>180000001</misses>
				<total>185</total>
				<timestamp>1688.339919</timestamp>
			</report>
			<report>
				<misses>180100001</misses>
				<total>185</total>
				<timestamp>1689.272310</timestamp>
			</report>
			<report>
				<misses>180200001</misses>
				<total>185</total>
				<timestamp>1690.204123</timestamp>
			</report>
			<report>
				<misses>180300001</misses>
				<total>185</total>
				<timestamp>1691.136749</timestamp>
			</report>
			<report>
				<misses>180400001</misses>
				<total>185</total>
				<timestamp>1692.067338</timestamp>
			</report>
			<report>
				<misses>180500001</misses>
				<total>185</total>
				<timestamp>1692.998745</timestamp>
			</report>
			<report>
				<misses>180600001</misses>
				<total>185</total>
				<timestamp>1693.930268</timestamp>
			</report>
			<report>
				<misses>180700001</misses>
				<total>185</total>
				<timestamp>1694.859771</timestamp>
			</report>
			<report>
				<misses>180800001</misses>
				<total>185</total>
				<timestamp>1695.796335</timestamp>
			</report>
			<report>
				<misses>180900001</misses>
				<total>185</total>
				<timestamp>1696.733439</timestamp>
			</report>
			<report>
				<misses>181000001</misses>
				<total>185</total>
				<timestamp>1697.670397</timestamp>
			</report>
			<report>
				<misses>181100001</misses>
				<total>185</total>
				<timestamp>1698.620633</timestamp>
			</report>
			<report>
				<misses>181200001</misses>
				<total>185</total>
				<timestamp>1699.558523</timestamp>
			</report>
			<report>
				<misses>181300001</misses>
				<total>185</total>
				<timestamp>1700.493984</timestamp>
			</report>
			<report>
				<misses>181400001</misses>
				<total>185</total>
				<timestamp>1701.427899</timestamp>
			</report>
			<report>
				<misses>181500001</misses>
				<total>185</total>
				<timestamp>1702.360175</timestamp>
			</report>
			<report>
				<misses>181600001</misses>
				<total>185</total>
				<timestamp>1703.292726</timestamp>
			</report>
			<report>
				<misses>181700001</misses>
				<total>185</total>
				<timestamp>1704.224274</timestamp>
			</report>
			<report>
				<misses>181800001</misses>
				<total>185</total>
				<timestamp>1705.155930</timestamp>
			</report>
			<report>
				<misses>181900001</misses>
				<total>185</total>
				<timestamp>1706.086577</timestamp>
			</report>
			<report>
				<misses>182000001</misses>
				<total>185</total>
				<timestamp>1707.015116</timestamp>
			</report>
			<report>
				<misses>182100001</misses>
				<total>185</total>
				<timestamp>1707.946520</timestamp>
			</report>
			<report>
				<misses>182200001</misses>
				<total>185</total>
				<timestamp>1708.877297</timestamp>
			</report>
			<report>
				<misses>182300001</misses>
				<total>185</total>
				<timestamp>1709.813263</timestamp>
			</report>
			<report>
				<misses>182400001</misses>
				<total>185</total>
				<timestamp>1710.743180</timestamp>
			</report>
			<report>
				<misses>182500001</misses>
				<total>185</total>
				<timestamp>1711.673547</timestamp>
			</report>
			<report>
				<misses>182600001</misses>
				<total>185</total>
				<timestamp>1712.603287</timestamp>
			</report>
			<report>
				<misses>182700001</misses>
				<total>185</total>
				<timestamp>1713.538225</timestamp>
			</report>
			<report>
				<misses>182800001</misses>
				<total>185</total>
				<timestamp>1714.467719</timestamp>
			</report>
			<report>
				<misses>182900001</misses>
				<total>185</total>
				<timestamp>1715.397955</timestamp>
			</report>
			<report>
				<misses>183000001</misses>
				<total>185</total>
				<timestamp>1716.328361</timestamp>
			</report>
			<report>
				<misses>183100001</misses>
				<total>185</total>
				<timestamp>1717.259450</timestamp>
			</report>
			<report>
				<misses>183200001</misses>
				<total>185</total>
				<timestamp>1718.191222</timestamp>
			</report>
			<report>
				<misses>183300001</misses>
				<total>185</total>
				<timestamp>1719.121106</timestamp>
			</report>
			<report>
				<misses>183400001</misses>
				<total>185</total>
				<timestamp>1720.052436</timestamp>
			</report>
			<report>
				<misses>183500001</misses>
				<total>185</total>
				<timestamp>1720.982037</timestamp>
			</report>
			<report>
				<misses>183600001</misses>
				<total>185</total>
				<timestamp>1721.912443</timestamp>
			</report>
			<report>
				<misses>183700001</misses>
				<total>185</total>
				<timestamp>1722.843206</timestamp>
			</report>
			<report>
				<misses>183800001</misses>
				<total>185</total>
				<timestamp>1723.776004</timestamp>
			</report>
			<report>
				<misses>183900001</misses>
				<total>185</total>
				<timestamp>1724.708427</timestamp>
			</report>
			<report>
				<misses>184000001</misses>
				<total>185</total>
				<timestamp>1725.642249</timestamp>
			</report>
			<report>
				<misses>184100001</misses>
				<total>185</total>
				<timestamp>1726.576192</timestamp>
			</report>
			<report>
				<misses>184200001</misses>
				<total>185</total>
				<timestamp>1727.510242</timestamp>
			</report>
			<report>
				<misses>184300001</misses>
				<total>185</total>
				<timestamp>1728.448535</timestamp>
			</report>
			<report>
				<misses>184400001</misses>
				<total>185</total>
				<timestamp>1729.392263</timestamp>
			</report>
			<report>
				<misses>184500001</misses>
				<total>185</total>
				<timestamp>1730.338177</timestamp>
			</report>
			<report>
				<misses>184600001</misses>
				<total>185</total>
				<timestamp>1731.284716</timestamp>
			</report>
			<report>
				<misses>184700001</misses>
				<total>185</total>
				<timestamp>1732.230432</timestamp>
			</report>
			<report>
				<misses>184800001</misses>
				<total>185</total>
				<timestamp>1733.174720</timestamp>
			</report>
			<report>
				<misses>184900001</misses>
				<total>185</total>
				<timestamp>1734.112997</timestamp>
			</report>
			<report>
				<misses>185000001</misses>
				<total>185</total>
				<timestamp>1735.038126</timestamp>
			</report>
			<report>
				<misses>185100001</misses>
				<total>185</total>
				<timestamp>1735.964313</timestamp>
			</report>
			<report>
				<misses>185200001</misses>
				<total>185</total>
				<timestamp>1736.890577</timestamp>
			</report>
			<report>
				<misses>185300001</misses>
				<total>185</total>
				<timestamp>1737.818805</timestamp>
			</report>
			<report>
				<misses>185400001</misses>
				<total>185</total>
				<timestamp>1738.745808</timestamp>
			</report>
			<report>
				<misses>185500001</misses>
				<total>185</total>
				<timestamp>1739.673641</timestamp>
			</report>
			<report>
				<misses>185600001</misses>
				<total>185</total>
				<timestamp>1740.599063</timestamp>
			</report>
			<report>
				<misses>185700001</misses>
				<total>185</total>
				<timestamp>1741.524031</timestamp>
			</report>
			<report>
				<misses>185800001</misses>
				<total>185</total>
				<timestamp>1742.449432</timestamp>
			</report>
			<report>
				<misses>185900001</misses>
				<total>185</total>
				<timestamp>1743.374732</timestamp>
			</report>
			<report>
				<misses>186000001</misses>
				<total>185</total>
				<timestamp>1744.302357</timestamp>
			</report>
			<report>
				<misses>186100001</misses>
				<total>185</total>
				<timestamp>1745.227450</timestamp>
			</report>
			<report>
				<misses>186200001</misses>
				<total>185</total>
				<timestamp>1746.155284</timestamp>
			</report>
			<report>
				<misses>186300001</misses>
				<total>185</total>
				<timestamp>1747.084893</timestamp>
			</report>
			<report>
				<misses>186400001</misses>
				<total>185</total>
				<timestamp>1748.024053</timestamp>
			</report>
			<report>
				<misses>186500001</misses>
				<total>185</total>
				<timestamp>1748.964908</timestamp>
			</report>
			<report>
				<misses>186600001</misses>
				<total>185</total>
				<timestamp>1749.905661</timestamp>
			</report>
			<report>
				<misses>186700001</misses>
				<total>185</total>
				<timestamp>1750.847777</timestamp>
			</report>
			<report>
				<misses>186800001</misses>
				<total>185</total>
				<timestamp>1751.789809</timestamp>
			</report>
			<report>
				<misses>186900001</misses>
				<total>185</total>
				<timestamp>1752.731209</timestamp>
			</report>
			<report>
				<misses>187000001</misses>
				<total>185</total>
				<timestamp>1753.673233</timestamp>
			</report>
			<report>
				<misses>187100001</misses>
				<total>185</total>
				<timestamp>1754.597570</timestamp>
			</report>
			<report>
				<misses>187200001</misses>
				<total>185</total>
				<timestamp>1755.523527</timestamp>
			</report>
			<report>
				<misses>187300001</misses>
				<total>185</total>
				<timestamp>1756.449354</timestamp>
			</report>
			<report>
				<misses>187400001</misses>
				<total>185</total>
				<timestamp>1757.376364</timestamp>
			</report>
			<report>
				<misses>187500001</misses>
				<total>185</total>
				<timestamp>1758.318037</timestamp>
			</report>
			<report>
				<misses>187600001</misses>
				<total>185</total>
				<timestamp>1759.259126</timestamp>
			</report>
			<report>
				<misses>187700001</misses>
				<total>185</total>
				<timestamp>1760.200886</timestamp>
			</report>
			<report>
				<misses>187800001</misses>
				<total>185</total>
				<timestamp>1761.145577</timestamp>
			</report>
			<report>
				<misses>187900001</misses>
				<total>185</total>
				<timestamp>1762.091284</timestamp>
			</report>
			<report>
				<misses>188000001</misses>
				<total>185</total>
				<timestamp>1763.035740</timestamp>
			</report>
			<report>
				<misses>188100001</misses>
				<total>185</total>
				<timestamp>1763.980327</timestamp>
			</report>
			<report>
				<misses>188200001</misses>
				<total>185</total>
				<timestamp>1764.925364</timestamp>
			</report>
			<report>
				<misses>188300001</misses>
				<total>185</total>
				<timestamp>1765.868376</timestamp>
			</report>
			<report>
				<misses>188400001</misses>
				<total>185</total>
				<timestamp>1766.807267</timestamp>
			</report>
			<report>
				<misses>188500001</misses>
				<total>185</total>
				<timestamp>1767.746582</timestamp>
			</report>
			<report>
				<misses>188600001</misses>
				<total>185</total>
				<timestamp>1768.685714</timestamp>
			</report>
			<report>
				<misses>188700001</misses>
				<total>185</total>
				<timestamp>1769.625210</timestamp>
			</report>
			<report>
				<misses>188800001</misses>
				<total>185</total>
				<timestamp>1770.576259</timestamp>
			</report>
			<report>
				<misses>188900001</misses>
				<total>185</total>
				<timestamp>1771.515889</timestamp>
			</report>
			<report>
				<misses>189000001</misses>
				<total>185</total>
				<timestamp>1772.455904</timestamp>
			</report>
			<report>
				<misses>189100001</misses>
				<total>185</total>
				<timestamp>1773.395770</timestamp>
			</report>
			<report>
				<misses>189200001</misses>
				<total>185</total>
				<timestamp>1774.337718</timestamp>
			</report>
			<report>
				<misses>189300001</misses>
				<total>185</total>
				<timestamp>1775.271245</timestamp>
			</report>
			<report>
				<misses>189400001</misses>
				<total>185</total>
				<timestamp>1776.206307</timestamp>
			</report>
			<report>
				<misses>189500001</misses>
				<total>185</total>
				<timestamp>1777.140883</timestamp>
			</report>
			<report>
				<misses>189600001</misses>
				<total>185</total>
				<timestamp>1778.075545</timestamp>
			</report>
			<report>
				<misses>189700001</misses>
				<total>185</total>
				<timestamp>1779.010760</timestamp>
			</report>
			<report>
				<misses>189800001</misses>
				<total>185</total>
				<timestamp>1779.946694</timestamp>
			</report>
			<report>
				<misses>189900001</misses>
				<total>185</total>
				<timestamp>1780.881412</timestamp>
			</report>
			<report>
				<misses>190000001</misses>
				<total>185</total>
				<timestamp>1781.815381</timestamp>
			</report>
			<report>
				<misses>190100001</misses>
				<total>185</total>
				<timestamp>1782.750276</timestamp>
			</report>
			<report>
				<misses>190200001</misses>
				<total>185</total>
				<timestamp>1783.688216</timestamp>
			</report>
			<report>
				<misses>190300001</misses>
				<total>185</total>
				<timestamp>1784.628246</timestamp>
			</report>
			<report>
				<misses>190400001</misses>
				<total>185</total>
				<timestamp>1785.566382</timestamp>
			</report>
			<report>
				<misses>190500001</misses>
				<total>185</total>
				<timestamp>1786.505356</timestamp>
			</report>
			<report>
				<misses>190600001</misses>
				<total>185</total>
				<timestamp>1787.444784</timestamp>
			</report>
			<report>
				<misses>190700001</misses>
				<total>185</total>
				<timestamp>1788.385457</timestamp>
			</report>
			<report>
				<misses>190800001</misses>
				<total>185</total>
				<timestamp>1789.325157</timestamp>
			</report>
			<report>
				<misses>190900001</misses>
				<total>185</total>
				<timestamp>1790.264630</timestamp>
			</report>
			<report>
				<misses>191000001</misses>
				<total>185</total>
				<timestamp>1791.204488</timestamp>
			</report>
			<report>
				<misses>191100001</misses>
				<total>185</total>
				<timestamp>1792.144633</timestamp>
			</report>
			<report>
				<misses>191200001</misses>
				<total>185</total>
				<timestamp>1793.085700</timestamp>
			</report>
			<report>
				<misses>191300001</misses>
				<total>185</total>
				<timestamp>1794.030398</timestamp>
			</report>
			<report>
				<misses>191400001</misses>
				<total>185</total>
				<timestamp>1794.975420</timestamp>
			</report>
			<report>
				<misses>191500001</misses>
				<total>185</total>
				<timestamp>1795.920706</timestamp>
			</report>
			<report>
				<misses>191600001</misses>
				<total>185</total>
				<timestamp>1796.866530</timestamp>
			</report>
			<report>
				<misses>191700001</misses>
				<total>185</total>
				<timestamp>1797.813081</timestamp>
			</report>
			<report>
				<misses>191800001</misses>
				<total>185</total>
				<timestamp>1798.757379</timestamp>
			</report>
			<report>
				<misses>191900001</misses>
				<total>185</total>
				<timestamp>1799.698760</timestamp>
			</report>
			<report>
				<misses>192000001</misses>
				<total>185</total>
				<timestamp>1800.639638</timestamp>
			</report>
			<report>
				<misses>192100001</misses>
				<total>185</total>
				<timestamp>1801.581193</timestamp>
			</report>
			<report>
				<misses>192200001</misses>
				<total>185</total>
				<timestamp>1802.522398</timestamp>
			</report>
			<report>
				<misses>192300001</misses>
				<total>185</total>
				<timestamp>1803.464316</timestamp>
			</report>
			<report>
				<misses>192400001</misses>
				<total>185</total>
				<timestamp>1804.405845</timestamp>
			</report>
			<report>
				<misses>192500001</misses>
				<total>185</total>
				<timestamp>1805.346959</timestamp>
			</report>
			<report>
				<misses>192600001</misses>
				<total>185</total>
				<timestamp>1806.290918</timestamp>
			</report>
			<report>
				<misses>192700001</misses>
				<total>185</total>
				<timestamp>1807.237781</timestamp>
			</report>
			<report>
				<misses>192800001</misses>
				<total>185</total>
				<timestamp>1808.184385</timestamp>
			</report>
			<report>
				<misses>192900001</misses>
				<total>185</total>
				<timestamp>1809.131277</timestamp>
			</report>
			<report>
				<misses>193000001</misses>
				<total>185</total>
				<timestamp>1810.075707</timestamp>
			</report>
			<report>
				<misses>193100001</misses>
				<total>185</total>
				<timestamp>1811.020375</timestamp>
			</report>
			<report>
				<misses>193200001</misses>
				<total>185</total>
				<timestamp>1811.964715</timestamp>
			</report>
			<report>
				<misses>193300001</misses>
				<total>185</total>
				<timestamp>1812.909571</timestamp>
			</report>
			<report>
				<misses>193400001</misses>
				<total>185</total>
				<timestamp>1813.855000</timestamp>
			</report>
			<report>
				<misses>193500001</misses>
				<total>185</total>
				<timestamp>1814.800584</timestamp>
			</report>
			<report>
				<misses>193600001</misses>
				<total>185</total>
				<timestamp>1815.745390</timestamp>
			</report>
			<report>
				<misses>193700001</misses>
				<total>185</total>
				<timestamp>1816.695649</timestamp>
			</report>
			<report>
				<misses>193800001</misses>
				<total>185</total>
				<timestamp>1817.642216</timestamp>
			</report>
			<report>
				<misses>193900001</misses>
				<total>185</total>
				<timestamp>1818.587115</timestamp>
			</report>
			<report>
				<misses>194000001</misses>
				<total>185</total>
				<timestamp>1819.529953</timestamp>
			</report>
			<report>
				<misses>194100001</misses>
				<total>185</total>
				<timestamp>1820.470709</timestamp>
			</report>
			<report>
				<misses>194200001</misses>
				<total>185</total>
				<timestamp>1821.409116</timestamp>
			</report>
			<report>
				<misses>194300001</misses>
				<total>185</total>
				<timestamp>1822.349368</timestamp>
			</report>
			<report>
				<misses>194400001</misses>
				<total>185</total>
				<timestamp>1823.288383</timestamp>
			</report>
			<report>
				<misses>194500001</misses>
				<total>185</total>
				<timestamp>1824.226924</timestamp>
			</report>
			<report>
				<misses>194600001</misses>
				<total>185</total>
				<timestamp>1825.165415</timestamp>
			</report>
			<report>
				<misses>194700001</misses>
				<total>185</total>
				<timestamp>1826.106308</timestamp>
			</report>
			<report>
				<misses>194800001</misses>
				<total>185</total>
				<timestamp>1827.044212</timestamp>
			</report>
			<report>
				<misses>194900001</misses>
				<total>185</total>
				<timestamp>1827.982641</timestamp>
			</report>
			<report>
				<misses>195000001</misses>
				<total>185</total>
				<timestamp>1828.920259</timestamp>
			</report>
			<report>
				<misses>195100001</misses>
				<total>185</total>
				<timestamp>1829.858547</timestamp>
			</report>
			<report>
				<misses>195200001</misses>
				<total>185</total>
				<timestamp>1830.796443</timestamp>
			</report>
			<report>
				<misses>195300001</misses>
				<total>185</total>
				<timestamp>1831.735973</timestamp>
			</report>
			<report>
				<misses>195400001</misses>
				<total>185</total>
				<timestamp>1832.682112</timestamp>
			</report>
			<report>
				<misses>195500001</misses>
				<total>185</total>
				<timestamp>1833.628374</timestamp>
			</report>
			<report>
				<misses>195600001</misses>
				<total>185</total>
				<timestamp>1834.577080</timestamp>
			</report>
			<report>
				<misses>195700001</misses>
				<total>185</total>
				<timestamp>1835.529637</timestamp>
			</report>
			<report>
				<misses>195800001</misses>
				<total>185</total>
				<timestamp>1836.484270</timestamp>
			</report>
			<report>
				<misses>195900001</misses>
				<total>185</total>
				<timestamp>1837.437424</timestamp>
			</report>
			<report>
				<misses>196000001</misses>
				<total>185</total>
				<timestamp>1838.390457</timestamp>
			</report>
			<report>
				<misses>196100001</misses>
				<total>185</total>
				<timestamp>1839.341235</timestamp>
			</report>
			<report>
				<misses>196200001</misses>
				<total>185</total>
				<timestamp>1840.289826</timestamp>
			</report>
			<report>
				<misses>196300001</misses>
				<total>185</total>
				<timestamp>1841.236157</timestamp>
			</report>
			<report>
				<misses>196400001</misses>
				<total>185</total>
				<timestamp>1842.183033</timestamp>
			</report>
			<report>
				<misses>196500001</misses>
				<total>185</total>
				<timestamp>1843.131248</timestamp>
			</report>
			<report>
				<misses>196600001</misses>
				<total>185</total>
				<timestamp>1844.077809</timestamp>
			</report>
			<report>
				<misses>196700001</misses>
				<total>185</total>
				<timestamp>1845.024733</timestamp>
			</report>
			<report>
				<misses>196800001</misses>
				<total>185</total>
				<timestamp>1845.973107</timestamp>
			</report>
			<report>
				<misses>196900001</misses>
				<total>185</total>
				<timestamp>1846.921457</timestamp>
			</report>
			<report>
				<misses>197000001</misses>
				<total>185</total>
				<timestamp>1847.868311</timestamp>
			</report>
			<report>
				<misses>197100001</misses>
				<total>185</total>
				<timestamp>1848.814012</timestamp>
			</report>
			<report>
				<misses>197200001</misses>
				<total>185</total>
				<timestamp>1849.760346</timestamp>
			</report>
			<report>
				<misses>197300001</misses>
				<total>185</total>
				<timestamp>1850.705808</timestamp>
			</report>
			<report>
				<misses>197400001</misses>
				<total>185</total>
				<timestamp>1851.647894</timestamp>
			</report>
			<report>
				<misses>197500001</misses>
				<total>185</total>
				<timestamp>1852.591192</timestamp>
			</report>
			<report>
				<misses>197600001</misses>
				<total>185</total>
				<timestamp>1853.535919</timestamp>
			</report>
			<report>
				<misses>197700001</misses>
				<total>185</total>
				<timestamp>1854.480829</timestamp>
			</report>
			<report>
				<misses>197800001</misses>
				<total>185</total>
				<timestamp>1855.425809</timestamp>
			</report>
			<report>
				<misses>197900001</misses>
				<total>185</total>
				<timestamp>1856.371626</timestamp>
			</report>
			<report>
				<misses>198000001</misses>
				<total>185</total>
				<timestamp>1857.316289</timestamp>
			</report>
			<report>
				<misses>198100001</misses>
				<total>185</total>
				<timestamp>1858.260681</timestamp>
			</report>
			<report>
				<misses>198200001</misses>
				<total>185</total>
				<timestamp>1859.206469</timestamp>
			</report>
			<report>
				<misses>198300001</misses>
				<total>185</total>
				<timestamp>1860.152898</timestamp>
			</report>
			<report>
				<misses>198400001</misses>
				<total>185</total>
				<timestamp>1861.097528</timestamp>
			</report>
			<report>
				<misses>198500001</misses>
				<total>185</total>
				<timestamp>1862.042467</timestamp>
			</report>
			<report>
				<misses>198600001</misses>
				<total>185</total>
				<timestamp>1862.980752</timestamp>
			</report>
			<report>
				<misses>198700001</misses>
				<total>185</total>
				<timestamp>1863.917400</timestamp>
			</report>
			<report>
				<misses>198800001</misses>
				<total>185</total>
				<timestamp>1864.853786</timestamp>
			</report>
			<report>
				<misses>198900001</misses>
				<total>212</total>
				<timestamp>1865.790672</timestamp>
			</report>
			<report>
				<misses>199000001</misses>
				<total>212</total>
				<timestamp>1866.728391</timestamp>
			</report>
			<report>
				<misses>199100001</misses>
				<total>212</total>
				<timestamp>1867.666486</timestamp>
			</report>
			<report>
				<misses>199200001</misses>
				<total>212</total>
				<timestamp>1868.604588</timestamp>
			</report>
			<report>
				<misses>199300001</misses>
				<total>212</total>
				<timestamp>1869.539836</timestamp>
			</report>
			<report>
				<misses>199400001</misses>
				<total>212</total>
				<timestamp>1870.481416</timestamp>
			</report>
			<report>
				<misses>199500001</misses>
				<total>212</total>
				<timestamp>1871.427476</timestamp>
			</report>
			<report>
				<misses>199600001</misses>
				<total>212</total>
				<timestamp>1872.364227</timestamp>
			</report>
			<report>
				<misses>199700001</misses>
				<total>212</total>
				<timestamp>1873.297736</timestamp>
			</report>
			<report>
				<misses>199800001</misses>
				<total>212</total>
				<timestamp>1874.231278</timestamp>
			</report>
			<report>
				<misses>199900001</misses>
				<total>212</total>
				<timestamp>1875.165080</timestamp>
			</report>
			<report>
				<misses>200000001</misses>
				<total>212</total>
				<timestamp>1876.103119</timestamp>
			</report>
			<report>
				<misses>200100001</misses>
				<total>212</total>
				<timestamp>1877.041236</timestamp>
			</report>
			<report>
				<misses>200200001</misses>
				<total>212</total>
				<timestamp>1877.978702</timestamp>
			</report>
			<report>
				<misses>200300001</misses>
				<total>212</total>
				<timestamp>1878.920331</timestamp>
			</report>
			<report>
				<misses>200400001</misses>
				<total>212</total>
				<timestamp>1879.858667</timestamp>
			</report>
			<report>
				<misses>200500001</misses>
				<total>212</total>
				<timestamp>1880.792336</timestamp>
			</report>
			<report>
				<misses>200600001</misses>
				<total>212</total>
				<timestamp>1881.725191</timestamp>
			</report>
			<report>
				<misses>200700001</misses>
				<total>212</total>
				<timestamp>1882.656724</timestamp>
			</report>
			<report>
				<misses>200800001</misses>
				<total>212</total>
				<timestamp>1883.588684</timestamp>
			</report>
			<report>
				<misses>200900001</misses>
				<total>212</total>
				<timestamp>1884.521278</timestamp>
			</report>
			<report>
				<misses>201000001</misses>
				<total>212</total>
				<timestamp>1885.453855</timestamp>
			</report>
			<report>
				<misses>201100001</misses>
				<total>212</total>
				<timestamp>1886.387919</timestamp>
			</report>
			<report>
				<misses>201200001</misses>
				<total>212</total>
				<timestamp>1887.320459</timestamp>
			</report>
			<report>
				<misses>201300001</misses>
				<total>212</total>
				<timestamp>1888.253234</timestamp>
			</report>
			<report>
				<misses>201400001</misses>
				<total>212</total>
				<timestamp>1889.188046</timestamp>
			</report>
			<report>
				<misses>201500001</misses>
				<total>212</total>
				<timestamp>1890.122835</timestamp>
			</report>
			<report>
				<misses>201600001</misses>
				<total>212</total>
				<timestamp>1891.055418</timestamp>
			</report>
			<report>
				<misses>201700001</misses>
				<total>212</total>
				<timestamp>1891.988282</timestamp>
			</report>
			<report>
				<misses>201800001</misses>
				<total>212</total>
				<timestamp>1892.923037</timestamp>
			</report>
			<report>
				<misses>201900001</misses>
				<total>212</total>
				<timestamp>1893.855824</timestamp>
			</report>
			<report>
				<misses>202000001</misses>
				<total>212</total>
				<timestamp>1894.791657</timestamp>
			</report>
			<report>
				<misses>202100001</misses>
				<total>212</total>
				<timestamp>1895.725508</timestamp>
			</report>
			<report>
				<misses>202200001</misses>
				<total>212</total>
				<timestamp>1896.656050</timestamp>
			</report>
			<report>
				<misses>202300001</misses>
				<total>212</total>
				<timestamp>1897.585956</timestamp>
			</report>
			<report>
				<misses>202400001</misses>
				<total>212</total>
				<timestamp>1898.523167</timestamp>
			</report>
			<report>
				<misses>202500001</misses>
				<total>212</total>
				<timestamp>1899.454554</timestamp>
			</report>
			<report>
				<misses>202600001</misses>
				<total>212</total>
				<timestamp>1900.384864</timestamp>
			</report>
			<report>
				<misses>202700001</misses>
				<total>212</total>
				<timestamp>1901.312948</timestamp>
			</report>
			<report>
				<misses>202800001</misses>
				<total>212</total>
				<timestamp>1902.243819</timestamp>
			</report>
			<report>
				<misses>202900001</misses>
				<total>212</total>
				<timestamp>1903.173704</timestamp>
			</report>
			<report>
				<misses>203000001</misses>
				<total>212</total>
				<timestamp>1904.103356</timestamp>
			</report>
			<report>
				<misses>203100001</misses>
				<total>212</total>
				<timestamp>1905.033612</timestamp>
			</report>
			<report>
				<misses>203200001</misses>
				<total>212</total>
				<timestamp>1905.962395</timestamp>
			</report>
			<report>
				<misses>203300001</misses>
				<total>212</total>
				<timestamp>1906.893176</timestamp>
			</report>
			<report>
				<misses>203400001</misses>
				<total>212</total>
				<timestamp>1907.823609</timestamp>
			</report>
			<report>
				<misses>203500001</misses>
				<total>212</total>
				<timestamp>1908.754432</timestamp>
			</report>
			<report>
				<misses>203600001</misses>
				<total>212</total>
				<timestamp>1909.685696</timestamp>
			</report>
			<report>
				<misses>203700001</misses>
				<total>212</total>
				<timestamp>1910.615359</timestamp>
			</report>
			<report>
				<misses>203800001</misses>
				<total>212</total>
				<timestamp>1911.546087</timestamp>
			</report>
			<report>
				<misses>203900001</misses>
				<total>212</total>
				<timestamp>1912.478417</timestamp>
			</report>
			<report>
				<misses>204000001</misses>
				<total>212</total>
				<timestamp>1913.408952</timestamp>
			</report>
			<report>
				<misses>204100001</misses>
				<total>212</total>
				<timestamp>1914.338091</timestamp>
			</report>
			<report>
				<misses>204200001</misses>
				<total>212</total>
				<timestamp>1915.267610</timestamp>
			</report>
			<report>
				<misses>204300001</misses>
				<total>212</total>
				<timestamp>1916.197501</timestamp>
			</report>
			<report>
				<misses>204400001</misses>
				<total>212</total>
				<timestamp>1917.133833</timestamp>
			</report>
			<report>
				<misses>204500001</misses>
				<total>212</total>
				<timestamp>1918.070395</timestamp>
			</report>
			<report>
				<misses>204600001</misses>
				<total>212</total>
				<timestamp>1919.007801</timestamp>
			</report>
			<report>
				<misses>204700001</misses>
				<total>212</total>
				<timestamp>1919.943103</timestamp>
			</report>
			<report>
				<misses>204800001</misses>
				<total>212</total>
				<timestamp>1920.878203</timestamp>
			</report>
			<report>
				<misses>204900001</misses>
				<total>212</total>
				<timestamp>1921.810524</timestamp>
			</report>
			<report>
				<misses>205000001</misses>
				<total>212</total>
				<timestamp>1922.741601</timestamp>
			</report>
			<report>
				<misses>205100001</misses>
				<total>212</total>
				<timestamp>1923.670668</timestamp>
			</report>
			<report>
				<misses>205200001</misses>
				<total>212</total>
				<timestamp>1924.600054</timestamp>
			</report>
			<report>
				<misses>205300001</misses>
				<total>212</total>
				<timestamp>1925.530446</timestamp>
			</report>
			<report>
				<misses>205400001</misses>
				<total>212</total>
				<timestamp>1926.459723</timestamp>
			</report>
			<report>
				<misses>205500001</misses>
				<total>212</total>
				<timestamp>1927.389974</timestamp>
			</report>
			<report>
				<misses>205600001</misses>
				<total>212</total>
				<timestamp>1928.320607</timestamp>
			</report>
			<report>
				<misses>205700001</misses>
				<total>212</total>
				<timestamp>1929.252159</timestamp>
			</report>
			<report>
				<misses>205800001</misses>
				<total>212</total>
				<timestamp>1930.182725</timestamp>
			</report>
			<report>
				<misses>205900001</misses>
				<total>212</total>
				<timestamp>1931.114419</timestamp>
			</report>
			<report>
				<misses>206000001</misses>
				<total>212</total>
				<timestamp>1932.048198</timestamp>
			</report>
			<report>
				<misses>206100001</misses>
				<total>212</total>
				<timestamp>1932.976998</timestamp>
			</report>
			<report>
				<misses>206200001</misses>
				<total>212</total>
				<timestamp>1933.903592</timestamp>
			</report>
			<report>
				<misses>206300001</misses>
				<total>212</total>
				<timestamp>1934.832475</timestamp>
			</report>
			<report>
				<misses>206400001</misses>
				<total>212</total>
				<timestamp>1935.758657</timestamp>
			</report>
			<report>
				<misses>206500001</misses>
				<total>212</total>
				<timestamp>1936.686025</timestamp>
			</report>
			<report>
				<misses>206600001</misses>
				<total>212</total>
				<timestamp>1937.612483</timestamp>
			</report>
			<report>
				<misses>206700001</misses>
				<total>212</total>
				<timestamp>1938.539233</timestamp>
			</report>
			<report>
				<misses>206800001</misses>
				<total>212</total>
				<timestamp>1939.465340</timestamp>
			</report>
			<report>
				<misses>206900001</misses>
				<total>212</total>
				<timestamp>1940.393196</timestamp>
			</report>
			<report>
				<misses>207000001</misses>
				<total>212</total>
				<timestamp>1941.322051</timestamp>
			</report>
			<report>
				<misses>207100001</misses>
				<total>212</total>
				<timestamp>1942.247194</timestamp>
			</report>
			<report>
				<misses>207200001</misses>
				<total>212</total>
				<timestamp>1943.175459</timestamp>
			</report>
			<report>
				<misses>207300001</misses>
				<total>212</total>
				<timestamp>1944.102591</timestamp>
			</report>
			<report>
				<misses>207400001</misses>
				<total>212</total>
				<timestamp>1945.031071</timestamp>
			</report>
			<report>
				<misses>207500001</misses>
				<total>212</total>
				<timestamp>1945.958682</timestamp>
			</report>
			<report>
				<misses>207600001</misses>
				<total>212</total>
				<timestamp>1946.884947</timestamp>
			</report>
			<report>
				<misses>207700001</misses>
				<total>212</total>
				<timestamp>1947.811834</timestamp>
			</report>
			<report>
				<misses>207800001</misses>
				<total>212</total>
				<timestamp>1948.749278</timestamp>
			</report>
			<report>
				<misses>207900001</misses>
				<total>212</total>
				<timestamp>1949.693227</timestamp>
			</report>
			<report>
				<misses>208000001</misses>
				<total>212</total>
				<timestamp>1950.630706</timestamp>
			</report>
			<report>
				<misses>208100001</misses>
				<total>212</total>
				<timestamp>1951.558195</timestamp>
			</report>
			<report>
				<misses>208200001</misses>
				<total>212</total>
				<timestamp>1952.494275</timestamp>
			</report>
			<report>
				<misses>208300001</misses>
				<total>212</total>
				<timestamp>1953.422431</timestamp>
			</report>
			<report>
				<misses>208400001</misses>
				<total>212</total>
				<timestamp>1954.346345</timestamp>
			</report>
			<report>
				<misses>208500001</misses>
				<total>212</total>
				<timestamp>1955.273191</timestamp>
			</report>
			<report>
				<misses>208600001</misses>
				<total>212</total>
				<timestamp>1956.199423</timestamp>
			</report>
			<report>
				<misses>208700001</misses>
				<total>212</total>
				<timestamp>1957.124999</timestamp>
			</report>
			<report>
				<misses>208800001</misses>
				<total>212</total>
				<timestamp>1958.057545</timestamp>
			</report>
			<report>
				<misses>208900001</misses>
				<total>212</total>
				<timestamp>1958.987675</timestamp>
			</report>
			<report>
				<misses>209000001</misses>
				<total>212</total>
				<timestamp>1959.920973</timestamp>
			</report>
			<report>
				<misses>209100001</misses>
				<total>212</total>
				<timestamp>1960.853655</timestamp>
			</report>
			<report>
				<misses>209200001</misses>
				<total>212</total>
				<timestamp>1961.785121</timestamp>
			</report>
			<report>
				<misses>209300001</misses>
				<total>212</total>
				<timestamp>1962.714741</timestamp>
			</report>
			<report>
				<misses>209400001</misses>
				<total>212</total>
				<timestamp>1963.638323</timestamp>
			</report>
			<report>
				<misses>209500001</misses>
				<total>212</total>
				<timestamp>1964.561745</timestamp>
			</report>
			<report>
				<misses>209600001</misses>
				<total>212</total>
				<timestamp>1965.485455</timestamp>
			</report>
			<report>
				<misses>209700001</misses>
				<total>212</total>
				<timestamp>1966.409845</timestamp>
			</report>
			<report>
				<misses>209800001</misses>
				<total>212</total>
				<timestamp>1967.337452</timestamp>
			</report>
			<report>
				<misses>209900001</misses>
				<total>212</total>
				<timestamp>1968.264464</timestamp>
			</report>
			<report>
				<misses>210000001</misses>
				<total>212</total>
				<timestamp>1969.189712</timestamp>
			</report>
			<report>
				<misses>210100001</misses>
				<total>212</total>
				<timestamp>1970.113637</timestamp>
			</report>
			<report>
				<misses>210200001</misses>
				<total>212</total>
				<timestamp>1971.039472</timestamp>
			</report>
			<report>
				<misses>210300001</misses>
				<total>212</total>
				<timestamp>1971.963936</timestamp>
			</report>
			<report>
				<misses>210400001</misses>
				<total>212</total>
				<timestamp>1972.888179</timestamp>
			</report>
			<report>
				<misses>210500001</misses>
				<total>212</total>
				<timestamp>1973.812741</timestamp>
			</report>
			<report>
				<misses>210600001</misses>
				<total>212</total>
				<timestamp>1974.737908</timestamp>
			</report>
			<report>
				<misses>210700001</misses>
				<total>212</total>
				<timestamp>1975.664604</timestamp>
			</report>
			<report>
				<misses>210800001</misses>
				<total>212</total>
				<timestamp>1976.588037</timestamp>
			</report>
			<report>
				<misses>210900001</misses>
				<total>212</total>
				<timestamp>1977.510460</timestamp>
			</report>
			<report>
				<misses>211000001</misses>
				<total>212</total>
				<timestamp>1978.432996</timestamp>
			</report>
			<report>
				<misses>211100001</misses>
				<total>212</total>
				<timestamp>1979.359721</timestamp>
			</report>
			<report>
				<misses>211200001</misses>
				<total>212</total>
				<timestamp>1980.286954</timestamp>
			</report>
			<report>
				<misses>211300001</misses>
				<total>212</total>
				<timestamp>1981.211130</timestamp>
			</report>
			<report>
				<misses>211400001</misses>
				<total>212</total>
				<timestamp>1982.133788</timestamp>
			</report>
			<report>
				<misses>211500001</misses>
				<total>212</total>
				<timestamp>1983.058728</timestamp>
			</report>
			<report>
				<misses>211600001</misses>
				<total>212</total>
				<timestamp>1983.982313</timestamp>
			</report>
			<report>
				<misses>211700001</misses>
				<total>212</total>
				<timestamp>1984.909587</timestamp>
			</report>
			<report>
				<misses>211800001</misses>
				<total>212</total>
				<timestamp>1985.831636</timestamp>
			</report>
			<report>
				<misses>211900001</misses>
				<total>212</total>
				<timestamp>1986.750842</timestamp>
			</report>
			<report>
				<misses>212000001</misses>
				<total>212</total>
				<timestamp>1987.671475</timestamp>
			</report>
			<report>
				<misses>212100001</misses>
				<total>212</total>
				<timestamp>1988.591865</timestamp>
			</report>
			<report>
				<misses>212200001</misses>
				<total>212</total>
				<timestamp>1989.514794</timestamp>
			</report>
			<report>
				<misses>212300001</misses>
				<total>212</total>
				<timestamp>1990.436070</timestamp>
			</report>
			<report>
				<misses>212400001</misses>
				<total>212</total>
				<timestamp>1991.356649</timestamp>
			</report>
			<report>
				<misses>212500001</misses>
				<total>212</total>
				<timestamp>1992.275249</timestamp>
			</report>
			<report>
				<misses>212600001</misses>
				<total>212</total>
				<timestamp>1993.197610</timestamp>
			</report>
			<report>
				<misses>212700001</misses>
				<total>212</total>
				<timestamp>1994.119527</timestamp>
			</report>
			<report>
				<misses>212800001</misses>
				<total>212</total>
				<timestamp>1995.040061</timestamp>
			</report>
			<report>
				<misses>212900001</misses>
				<total>212</total>
				<timestamp>1995.960953</timestamp>
			</report>
			<report>
				<misses>213000001</misses>
				<total>212</total>
				<timestamp>1996.887545</timestamp>
			</report>
			<report>
				<misses>213100001</misses>
				<total>212</total>
				<timestamp>1997.809646</timestamp>
			</report>
			<report>
				<misses>213200001</misses>
				<total>212</total>
				<timestamp>1998.739155</timestamp>
			</report>
			<report>
				<misses>213300001</misses>
				<total>212</total>
				<timestamp>1999.669549</timestamp>
			</report>
			<report>
				<misses>213400001</misses>
				<total>212</total>
				<timestamp>2000.597742</timestamp>
			</report>
			<report>
				<misses>213500001</misses>
				<total>212</total>
				<timestamp>2001.526751</timestamp>
			</report>
			<report>
				<misses>213600001</misses>
				<total>212</total>
				<timestamp>2002.455514</timestamp>
			</report>
			<report>
				<misses>213700001</misses>
				<total>212</total>
				<timestamp>2003.382090</timestamp>
			</report>
			<report>
				<misses>213800001</misses>
				<total>212</total>
				<timestamp>2004.307061</timestamp>
			</report>
			<report>
				<misses>213900001</misses>
				<total>212</total>
				<timestamp>2005.231455</timestamp>
			</report>
			<report>
				<misses>214000001</misses>
				<total>212</total>
				<timestamp>2006.153757</timestamp>
			</report>
			<report>
				<misses>214100001</misses>
				<total>212</total>
				<timestamp>2007.079950</timestamp>
			</report>
			<report>
				<misses>214200001</misses>
				<total>212</total>
				<timestamp>2008.004110</timestamp>
			</report>
			<report>
				<misses>214300001</misses>
				<total>212</total>
				<timestamp>2008.930874</timestamp>
			</report>
			<report>
				<misses>214400001</misses>
				<total>212</total>
				<timestamp>2009.852703</timestamp>
			</report>
			<report>
				<misses>214500001</misses>
				<total>212</total>
				<timestamp>2010.777472</timestamp>
			</report>
			<report>
				<misses>214600001</misses>
				<total>212</total>
				<timestamp>2011.700747</timestamp>
			</report>
			<report>
				<misses>214700001</misses>
				<total>212</total>
				<timestamp>2012.623542</timestamp>
			</report>
			<report>
				<misses>214800001</misses>
				<total>212</total>
				<timestamp>2013.547491</timestamp>
			</report>
			<report>
				<misses>214900001</misses>
				<total>212</total>
				<timestamp>2014.472551</timestamp>
			</report>
			<report>
				<misses>215000001</misses>
				<total>212</total>
				<timestamp>2015.401437</timestamp>
			</report>
			<report>
				<misses>215100001</misses>
				<total>212</total>
				<timestamp>2016.324817</timestamp>
			</report>
			<report>
				<misses>215200001</misses>
				<total>212</total>
				<timestamp>2017.252320</timestamp>
			</report>
			<report>
				<misses>215300001</misses>
				<total>212</total>
				<timestamp>2018.176207</timestamp>
			</report>
			<report>
				<misses>215400001</misses>
				<total>212</total>
				<timestamp>2019.101626</timestamp>
			</report>
			<report>
				<misses>215500001</misses>
				<total>212</total>
				<timestamp>2020.029734</timestamp>
			</report>
			<report>
				<misses>215600001</misses>
				<total>212</total>
				<timestamp>2020.953073</timestamp>
			</report>
			<report>
				<misses>215700001</misses>
				<total>212</total>
				<timestamp>2021.877465</timestamp>
			</report>
			<report>
				<misses>215800001</misses>
				<total>212</total>
				<timestamp>2022.801926</timestamp>
			</report>
			<report>
				<misses>215900001</misses>
				<total>212</total>
				<timestamp>2023.723840</timestamp>
			</report>
			<report>
				<misses>216000001</misses>
				<total>212</total>
				<timestamp>2024.650434</timestamp>
			</report>
			<report>
				<misses>216100001</misses>
				<total>212</total>
				<timestamp>2025.575653</timestamp>
			</report>
			<report>
				<misses>216200001</misses>
				<total>212</total>
				<timestamp>2026.497472</timestamp>
			</report>
			<report>
				<misses>216300001</misses>
				<total>212</total>
				<timestamp>2027.418080</timestamp>
			</report>
			<report>
				<misses>216400001</misses>
				<total>212</total>
				<timestamp>2028.346083</timestamp>
			</report>
			<report>
				<misses>216500001</misses>
				<total>212</total>
				<timestamp>2029.270897</timestamp>
			</report>
			<report>
				<misses>216600001</misses>
				<total>212</total>
				<timestamp>2030.193302</timestamp>
			</report>
			<report>
				<misses>216700001</misses>
				<total>212</total>
				<timestamp>2031.117395</timestamp>
			</report>
			<report>
				<misses>216800001</misses>
				<total>212</total>
				<timestamp>2032.037675</timestamp>
			</report>
			<report>
				<misses>216900001</misses>
				<total>212</total>
				<timestamp>2032.961498</timestamp>
			</report>
			<report>
				<misses>217000001</misses>
				<total>212</total>
				<timestamp>2033.882772</timestamp>
			</report>
			<report>
				<misses>217100001</misses>
				<total>212</total>
				<timestamp>2034.805999</timestamp>
			</report>
			<report>
				<misses>217200001</misses>
				<total>212</total>
				<timestamp>2035.734144</timestamp>
			</report>
			<report>
				<misses>217300001</misses>
				<total>212</total>
				<timestamp>2036.657430</timestamp>
			</report>
			<report>
				<misses>217400001</misses>
				<total>212</total>
				<timestamp>2037.598576</timestamp>
			</report>
			<report>
				<misses>217500001</misses>
				<total>212</total>
				<timestamp>2038.544413</timestamp>
			</report>
			<report>
				<misses>217600001</misses>
				<total>212</total>
				<timestamp>2039.493422</timestamp>
			</report>
			<report>
				<misses>217700001</misses>
				<total>212</total>
				<timestamp>2040.444659</timestamp>
			</report>
			<report>
				<misses>217800001</misses>
				<total>212</total>
				<timestamp>2041.387643</timestamp>
			</report>
			<report>
				<misses>217900001</misses>
				<total>212</total>
				<timestamp>2042.315882</timestamp>
			</report>
			<report>
				<misses>218000001</misses>
				<total>212</total>
				<timestamp>2043.292937</timestamp>
			</report>
			<report>
				<misses>218100001</misses>
				<total>212</total>
				<timestamp>2044.242801</timestamp>
			</report>
			<report>
				<misses>218200001</misses>
				<total>212</total>
				<timestamp>2045.187094</timestamp>
			</report>
			<report>
				<misses>218300001</misses>
				<total>212</total>
				<timestamp>2046.109946</timestamp>
			</report>
			<report>
				<misses>218400001</misses>
				<total>212</total>
				<timestamp>2047.035484</timestamp>
			</report>
			<report>
				<misses>218500001</misses>
				<total>212</total>
				<timestamp>2047.959610</timestamp>
			</report>
			<report>
				<misses>218600001</misses>
				<total>212</total>
				<timestamp>2048.884676</timestamp>
			</report>
			<report>
				<misses>218700001</misses>
				<total>212</total>
				<timestamp>2049.809070</timestamp>
			</report>
			<report>
				<misses>218800001</misses>
				<total>212</total>
				<timestamp>2050.732096</timestamp>
			</report>
			<report>
				<misses>218900001</misses>
				<total>212</total>
				<timestamp>2051.654708</timestamp>
			</report>
			<report>
				<misses>219000001</misses>
				<total>212</total>
				<timestamp>2052.577712</timestamp>
			</report>
			<report>
				<misses>219100001</misses>
				<total>212</total>
				<timestamp>2053.503485</timestamp>
			</report>
			<report>
				<misses>219200001</misses>
				<total>212</total>
				<timestamp>2054.427931</timestamp>
			</report>
			<report>
				<misses>219300001</misses>
				<total>212</total>
				<timestamp>2055.352247</timestamp>
			</report>
			<report>
				<misses>219400001</misses>
				<total>212</total>
				<timestamp>2056.277526</timestamp>
			</report>
			<report>
				<misses>219500001</misses>
				<total>212</total>
				<timestamp>2057.204761</timestamp>
			</report>
			<report>
				<misses>219600001</misses>
				<total>212</total>
				<timestamp>2058.126054</timestamp>
			</report>
			<report>
				<misses>219700001</misses>
				<total>212</total>
				<timestamp>2059.050670</timestamp>
			</report>
			<report>
				<misses>219800001</misses>
				<total>212</total>
				<timestamp>2059.973813</timestamp>
			</report>
			<report>
				<misses>219900001</misses>
				<total>212</total>
				<timestamp>2060.895729</timestamp>
			</report>
			<report>
				<misses>220000001</misses>
				<total>212</total>
				<timestamp>2061.816387</timestamp>
			</report>
			<report>
				<misses>220100001</misses>
				<total>212</total>
				<timestamp>2062.740928</timestamp>
			</report>
			<report>
				<misses>220200001</misses>
				<total>212</total>
				<timestamp>2063.664173</timestamp>
			</report>
			<report>
				<misses>220300001</misses>
				<total>212</total>
				<timestamp>2064.589122</timestamp>
			</report>
			<report>
				<misses>220400001</misses>
				<total>212</total>
				<timestamp>2065.536578</timestamp>
			</report>
			<report>
				<misses>220500001</misses>
				<total>212</total>
				<timestamp>2066.481123</timestamp>
			</report>
			<report>
				<misses>220600001</misses>
				<total>212</total>
				<timestamp>2067.427613</timestamp>
			</report>
			<report>
				<misses>220700001</misses>
				<total>212</total>
				<timestamp>2068.371745</timestamp>
			</report>
			<report>
				<misses>220800001</misses>
				<total>212</total>
				<timestamp>2069.308956</timestamp>
			</report>
			<report>
				<misses>220900001</misses>
				<total>212</total>
				<timestamp>2070.238705</timestamp>
			</report>
			<report>
				<misses>221000001</misses>
				<total>212</total>
				<timestamp>2071.176711</timestamp>
			</report>
			<report>
				<misses>221100001</misses>
				<total>212</total>
				<timestamp>2072.119626</timestamp>
			</report>
			<report>
				<misses>221200001</misses>
				<total>212</total>
				<timestamp>2073.062163</timestamp>
			</report>
			<report>
				<misses>221300001</misses>
				<total>212</total>
				<timestamp>2074.002952</timestamp>
			</report>
			<report>
				<misses>221400001</misses>
				<total>212</total>
				<timestamp>2074.943208</timestamp>
			</report>
			<report>
				<misses>221500001</misses>
				<total>212</total>
				<timestamp>2075.881073</timestamp>
			</report>
			<report>
				<misses>221600001</misses>
				<total>212</total>
				<timestamp>2076.819901</timestamp>
			</report>
			<report>
				<misses>221700001</misses>
				<total>212</total>
				<timestamp>2077.762653</timestamp>
			</report>
			<report>
				<misses>221800001</misses>
				<total>212</total>
				<timestamp>2078.691919</timestamp>
			</report>
			<report>
				<misses>221900001</misses>
				<total>212</total>
				<timestamp>2079.619756</timestamp>
			</report>
			<report>
				<misses>222000001</misses>
				<total>212</total>
				<timestamp>2080.552671</timestamp>
			</report>
			<report>
				<misses>222100001</misses>
				<total>212</total>
				<timestamp>2081.486365</timestamp>
			</report>
			<report>
				<misses>222200001</misses>
				<total>212</total>
				<timestamp>2082.421523</timestamp>
			</report>
			<report>
				<misses>222300001</misses>
				<total>212</total>
				<timestamp>2083.355486</timestamp>
			</report>
			<report>
				<misses>222400001</misses>
				<total>212</total>
				<timestamp>2084.289130</timestamp>
			</report>
			<report>
				<misses>222500001</misses>
				<total>212</total>
				<timestamp>2085.222384</timestamp>
			</report>
			<report>
				<misses>222600001</misses>
				<total>212</total>
				<timestamp>2086.151101</timestamp>
			</report>
			<report>
				<misses>222700001</misses>
				<total>212</total>
				<timestamp>2087.080488</timestamp>
			</report>
			<report>
				<misses>222800001</misses>
				<total>212</total>
				<timestamp>2088.008482</timestamp>
			</report>
			<report>
				<misses>222900001</misses>
				<total>212</total>
				<timestamp>2088.938755</timestamp>
			</report>
			<report>
				<misses>223000001</misses>
				<total>212</total>
				<timestamp>2089.867104</timestamp>
			</report>
			<report>
				<misses>223100001</misses>
				<total>212</total>
				<timestamp>2090.796590</timestamp>
			</report>
			<report>
				<misses>223200001</misses>
				<total>212</total>
				<timestamp>2091.726885</timestamp>
			</report>
			<report>
				<misses>223300001</misses>
				<total>212</total>
				<timestamp>2092.658743</timestamp>
			</report>
			<report>
				<misses>223400001</misses>
				<total>212</total>
				<timestamp>2093.587281</timestamp>
			</report>
			<report>
				<misses>223500001</misses>
				<total>212</total>
				<timestamp>2094.516424</timestamp>
			</report>
			<report>
				<misses>223600001</misses>
				<total>212</total>
				<timestamp>2095.444006</timestamp>
			</report>
			<report>
				<misses>223700001</misses>
				<total>212</total>
				<timestamp>2096.372496</timestamp>
			</report>
			<report>
				<misses>223800001</misses>
				<total>212</total>
				<timestamp>2097.301637</timestamp>
			</report>
			<report>
				<misses>223900001</misses>
				<total>212</total>
				<timestamp>2098.229356</timestamp>
			</report>
			<report>
				<misses>224000001</misses>
				<total>212</total>
				<timestamp>2099.156711</timestamp>
			</report>
			<report>
				<misses>224100001</misses>
				<total>212</total>
				<timestamp>2100.084335</timestamp>
			</report>
			<report>
				<misses>224200001</misses>
				<total>212</total>
				<timestamp>2101.012431</timestamp>
			</report>
			<report>
				<misses>224300001</misses>
				<total>212</total>
				<timestamp>2101.941526</timestamp>
			</report>
			<report>
				<misses>224400001</misses>
				<total>212</total>
				<timestamp>2102.871391</timestamp>
			</report>
			<report>
				<misses>224500001</misses>
				<total>212</total>
				<timestamp>2103.798709</timestamp>
			</report>
			<report>
				<misses>224600001</misses>
				<total>212</total>
				<timestamp>2104.738710</timestamp>
			</report>
			<report>
				<misses>224700001</misses>
				<total>212</total>
				<timestamp>2105.682026</timestamp>
			</report>
			<report>
				<misses>224800001</misses>
				<total>212</total>
				<timestamp>2106.629122</timestamp>
			</report>
			<report>
				<misses>224900001</misses>
				<total>212</total>
				<timestamp>2107.573592</timestamp>
			</report>
			<report>
				<misses>225000001</misses>
				<total>212</total>
				<timestamp>2108.518602</timestamp>
			</report>
			<report>
				<misses>225100001</misses>
				<total>212</total>
				<timestamp>2109.465151</timestamp>
			</report>
			<report>
				<misses>225200001</misses>
				<total>212</total>
				<timestamp>2110.409433</timestamp>
			</report>
			<report>
				<misses>225300001</misses>
				<total>212</total>
				<timestamp>2111.338917</timestamp>
			</report>
			<report>
				<misses>225400001</misses>
				<total>212</total>
				<timestamp>2112.268829</timestamp>
			</report>
			<report>
				<misses>225500001</misses>
				<total>212</total>
				<timestamp>2113.204036</timestamp>
			</report>
			<report>
				<misses>225600001</misses>
				<total>212</total>
				<timestamp>2114.134780</timestamp>
			</report>
			<report>
				<misses>225700001</misses>
				<total>212</total>
				<timestamp>2115.066449</timestamp>
			</report>
			<report>
				<misses>225800001</misses>
				<total>212</total>
				<timestamp>2116.004036</timestamp>
			</report>
			<report>
				<misses>225900001</misses>
				<total>212</total>
				<timestamp>2116.954933</timestamp>
			</report>
			<report>
				<misses>226000001</misses>
				<total>212</total>
				<timestamp>2117.901156</timestamp>
			</report>
			<report>
				<misses>226100001</misses>
				<total>212</total>
				<timestamp>2118.843110</timestamp>
			</report>
			<report>
				<misses>226200001</misses>
				<total>212</total>
				<timestamp>2119.788153</timestamp>
			</report>
			<report>
				<misses>226300001</misses>
				<total>212</total>
				<timestamp>2120.731350</timestamp>
			</report>
			<report>
				<misses>226400001</misses>
				<total>212</total>
				<timestamp>2121.680459</timestamp>
			</report>
			<report>
				<misses>226500001</misses>
				<total>212</total>
				<timestamp>2122.631842</timestamp>
			</report>
			<report>
				<misses>226600001</misses>
				<total>212</total>
				<timestamp>2123.583107</timestamp>
			</report>
			<report>
				<misses>226700001</misses>
				<total>212</total>
				<timestamp>2124.533262</timestamp>
			</report>
			<report>
				<misses>226800001</misses>
				<total>212</total>
				<timestamp>2125.483971</timestamp>
			</report>
			<report>
				<misses>226900001</misses>
				<total>212</total>
				<timestamp>2126.432063</timestamp>
			</report>
			<report>
				<misses>227000001</misses>
				<total>212</total>
				<timestamp>2127.377561</timestamp>
			</report>
			<report>
				<misses>227100001</misses>
				<total>212</total>
				<timestamp>2128.323341</timestamp>
			</report>
			<report>
				<misses>227200001</misses>
				<total>212</total>
				<timestamp>2129.269936</timestamp>
			</report>
			<report>
				<misses>227300001</misses>
				<total>212</total>
				<timestamp>2130.216124</timestamp>
			</report>
			<report>
				<misses>227400001</misses>
				<total>212</total>
				<timestamp>2131.163598</timestamp>
			</report>
			<report>
				<misses>227500001</misses>
				<total>212</total>
				<timestamp>2132.110631</timestamp>
			</report>
			<report>
				<misses>227600001</misses>
				<total>212</total>
				<timestamp>2133.055691</timestamp>
			</report>
			<report>
				<misses>227700001</misses>
				<total>212</total>
				<timestamp>2134.002282</timestamp>
			</report>
			<report>
				<misses>227800001</misses>
				<total>212</total>
				<timestamp>2134.945802</timestamp>
			</report>
			<report>
				<misses>227900001</misses>
				<total>212</total>
				<timestamp>2135.888510</timestamp>
			</report>
			<report>
				<misses>228000001</misses>
				<total>212</total>
				<timestamp>2136.832020</timestamp>
			</report>
			<report>
				<misses>228100001</misses>
				<total>212</total>
				<timestamp>2137.778276</timestamp>
			</report>
			<report>
				<misses>228200001</misses>
				<total>212</total>
				<timestamp>2138.719920</timestamp>
			</report>
			<report>
				<misses>228300001</misses>
				<total>212</total>
				<timestamp>2139.661426</timestamp>
			</report>
			<report>
				<misses>228400001</misses>
				<total>212</total>
				<timestamp>2140.602074</timestamp>
			</report>
			<report>
				<misses>228500001</misses>
				<total>212</total>
				<timestamp>2141.543470</timestamp>
			</report>
			<report>
				<misses>228600001</misses>
				<total>212</total>
				<timestamp>2142.484353</timestamp>
			</report>
			<report>
				<misses>228700001</misses>
				<total>212</total>
				<timestamp>2143.429432</timestamp>
			</report>
			<report>
				<misses>228800001</misses>
				<total>212</total>
				<timestamp>2144.376655</timestamp>
			</report>
			<report>
				<misses>228900001</misses>
				<total>212</total>
				<timestamp>2145.324853</timestamp>
			</report>
			<report>
				<misses>229000001</misses>
				<total>212</total>
				<timestamp>2146.271445</timestamp>
			</report>
			<report>
				<misses>229100001</misses>
				<total>212</total>
				<timestamp>2147.219237</timestamp>
			</report>
			<report>
				<misses>229200001</misses>
				<total>212</total>
				<timestamp>2148.165811</timestamp>
			</report>
			<report>
				<misses>229300001</misses>
				<total>212</total>
				<timestamp>2149.107918</timestamp>
			</report>
			<report>
				<misses>229400001</misses>
				<total>212</total>
				<timestamp>2150.049207</timestamp>
			</report>
			<report>
				<misses>229500001</misses>
				<total>212</total>
				<timestamp>2150.991439</timestamp>
			</report>
			<report>
				<misses>229600001</misses>
				<total>212</total>
				<timestamp>2151.933281</timestamp>
			</report>
			<report>
				<misses>229700001</misses>
				<total>212</total>
				<timestamp>2152.875790</timestamp>
			</report>
			<report>
				<misses>229800001</misses>
				<total>212</total>
				<timestamp>2153.817937</timestamp>
			</report>
			<report>
				<misses>229900001</misses>
				<total>212</total>
				<timestamp>2154.759693</timestamp>
			</report>
			<report>
				<misses>230000001</misses>
				<total>212</total>
				<timestamp>2155.700211</timestamp>
			</report>
			<report>
				<misses>230100001</misses>
				<total>212</total>
				<timestamp>2156.640687</timestamp>
			</report>
			<report>
				<misses>230200001</misses>
				<total>212</total>
				<timestamp>2157.582337</timestamp>
			</report>
			<report>
				<misses>230300001</misses>
				<total>212</total>
				<timestamp>2158.523653</timestamp>
			</report>
			<report>
				<misses>230400001</misses>
				<total>212</total>
				<timestamp>2159.463534</timestamp>
			</report>
			<report>
				<misses>230500001</misses>
				<total>212</total>
				<timestamp>2160.403522</timestamp>
			</report>
			<report>
				<misses>230600001</misses>
				<total>212</total>
				<timestamp>2161.342990</timestamp>
			</report>
			<report>
				<misses>230700001</misses>
				<total>212</total>
				<timestamp>2162.283035</timestamp>
			</report>
			<report>
				<misses>230800001</misses>
				<total>212</total>
				<timestamp>2163.223739</timestamp>
			</report>
			<report>
				<misses>230900001</misses>
				<total>212</total>
				<timestamp>2164.163659</timestamp>
			</report>
			<report>
				<misses>231000001</misses>
				<total>212</total>
				<timestamp>2165.103852</timestamp>
			</report>
			<report>
				<misses>231100001</misses>
				<total>212</total>
				<timestamp>2166.048502</timestamp>
			</report>
			<report>
				<misses>231200001</misses>
				<total>212</total>
				<timestamp>2166.991548</timestamp>
			</report>
			<report>
				<misses>231300001</misses>
				<total>212</total>
				<timestamp>2167.934944</timestamp>
			</report>
			<report>
				<misses>231400001</misses>
				<total>212</total>
				<timestamp>2168.877248</timestamp>
			</report>
			<report>
				<misses>231500001</misses>
				<total>212</total>
				<timestamp>2169.819521</timestamp>
			</report>
			<report>
				<misses>231600001</misses>
				<total>212</total>
				<timestamp>2170.757302</timestamp>
			</report>
			<report>
				<misses>231700001</misses>
				<total>212</total>
				<timestamp>2171.694075</timestamp>
			</report>
			<report>
				<misses>231800001</misses>
				<total>212</total>
				<timestamp>2172.626587</timestamp>
			</report>
			<report>
				<misses>231900001</misses>
				<total>212</total>
				<timestamp>2173.553918</timestamp>
			</report>
			<report>
				<misses>232000001</misses>
				<total>212</total>
				<timestamp>2174.483344</timestamp>
			</report>
			<report>
				<misses>232100001</misses>
				<total>212</total>
				<timestamp>2175.408927</timestamp>
			</report>
			<report>
				<misses>232200001</misses>
				<total>212</total>
				<timestamp>2176.335916</timestamp>
			</report>
			<report>
				<misses>232300001</misses>
				<total>212</total>
				<timestamp>2177.262612</timestamp>
			</report>
			<report>
				<misses>232400001</misses>
				<total>212</total>
				<timestamp>2178.199715</timestamp>
			</report>
			<report>
				<misses>232500001</misses>
				<total>212</total>
				<timestamp>2179.143795</timestamp>
			</report>
			<report>
				<misses>232600001</misses>
				<total>212</total>
				<timestamp>2180.088703</timestamp>
			</report>
			<report>
				<misses>232700001</misses>
				<total>212</total>
				<timestamp>2181.033373</timestamp>
			</report>
			<report>
				<misses>232800001</misses>
				<total>212</total>
				<timestamp>2181.959210</timestamp>
			</report>
			<report>
				<misses>232900001</misses>
				<total>212</total>
				<timestamp>2182.886082</timestamp>
			</report>
			<report>
				<misses>233000001</misses>
				<total>212</total>
				<timestamp>2183.811486</timestamp>
			</report>
			<report>
				<misses>233100001</misses>
				<total>212</total>
				<timestamp>2184.740648</timestamp>
			</report>
			<report>
				<misses>233200001</misses>
				<total>212</total>
				<timestamp>2185.667774</timestamp>
			</report>
			<report>
				<misses>233300001</misses>
				<total>212</total>
				<timestamp>2186.594848</timestamp>
			</report>
			<report>
				<misses>233400001</misses>
				<total>212</total>
				<timestamp>2187.526155</timestamp>
			</report>
			<report>
				<misses>233500001</misses>
				<total>212</total>
				<timestamp>2188.464354</timestamp>
			</report>
			<report>
				<misses>233600001</misses>
				<total>212</total>
				<timestamp>2189.401178</timestamp>
			</report>
			<report>
				<misses>233700001</misses>
				<total>212</total>
				<timestamp>2190.340290</timestamp>
			</report>
			<report>
				<misses>233800001</misses>
				<total>212</total>
				<timestamp>2191.278738</timestamp>
			</report>
			<report>
				<misses>233900001</misses>
				<total>212</total>
				<timestamp>2192.215469</timestamp>
			</report>
			<report>
				<misses>234000001</misses>
				<total>212</total>
				<timestamp>2193.147532</timestamp>
			</report>
			<report>
				<misses>234100001</misses>
				<total>212</total>
				<timestamp>2194.081134</timestamp>
			</report>
			<report>
				<misses>234200001</misses>
				<total>212</total>
				<timestamp>2195.015751</timestamp>
			</report>
			<report>
				<misses>234300001</misses>
				<total>212</total>
				<timestamp>2195.948076</timestamp>
			</report>
			<report>
				<misses>234400001</misses>
				<total>212</total>
				<timestamp>2196.880973</timestamp>
			</report>
			<report>
				<misses>234500001</misses>
				<total>212</total>
				<timestamp>2197.812886</timestamp>
			</report>
			<report>
				<misses>234600001</misses>
				<total>212</total>
				<timestamp>2198.745796</timestamp>
			</report>
			<report>
				<misses>234700001</misses>
				<total>212</total>
				<timestamp>2199.680366</timestamp>
			</report>
			<report>
				<misses>234800001</misses>
				<total>212</total>
				<timestamp>2200.617592</timestamp>
			</report>
			<report>
				<misses>234900001</misses>
				<total>212</total>
				<timestamp>2201.562533</timestamp>
			</report>
			<report>
				<misses>235000001</misses>
				<total>212</total>
				<timestamp>2202.508418</timestamp>
			</report>
			<report>
				<misses>235100001</misses>
				<total>212</total>
				<timestamp>2203.454326</timestamp>
			</report>
			<report>
				<misses>235200001</misses>
				<total>212</total>
				<timestamp>2204.399355</timestamp>
			</report>
			<report>
				<misses>235300001</misses>
				<total>212</total>
				<timestamp>2205.343419</timestamp>
			</report>
			<report>
				<misses>235400001</misses>
				<total>212</total>
				<timestamp>2206.284584</timestamp>
			</report>
			<report>
				<misses>235500001</misses>
				<total>212</total>
				<timestamp>2207.224873</timestamp>
			</report>
			<report>
				<misses>235600001</misses>
				<total>212</total>
				<timestamp>2208.166648</timestamp>
			</report>
			<report>
				<misses>235700001</misses>
				<total>212</total>
				<timestamp>2209.107157</timestamp>
			</report>
			<report>
				<misses>235800001</misses>
				<total>212</total>
				<timestamp>2210.053285</timestamp>
			</report>
			<report>
				<misses>235900001</misses>
				<total>212</total>
				<timestamp>2210.998778</timestamp>
			</report>
			<report>
				<misses>236000001</misses>
				<total>212</total>
				<timestamp>2211.944108</timestamp>
			</report>
			<report>
				<misses>236100001</misses>
				<total>212</total>
				<timestamp>2212.890080</timestamp>
			</report>
			<report>
				<misses>236200001</misses>
				<total>212</total>
				<timestamp>2213.837307</timestamp>
			</report>
			<report>
				<misses>236300001</misses>
				<total>212</total>
				<timestamp>2214.779291</timestamp>
			</report>
			<report>
				<misses>236400001</misses>
				<total>212</total>
				<timestamp>2215.719385</timestamp>
			</report>
			<report>
				<misses>236500001</misses>
				<total>212</total>
				<timestamp>2216.661168</timestamp>
			</report>
			<report>
				<misses>236600001</misses>
				<total>212</total>
				<timestamp>2217.601061</timestamp>
			</report>
			<report>
				<misses>236700001</misses>
				<total>212</total>
				<timestamp>2218.542612</timestamp>
			</report>
			<report>
				<misses>236800001</misses>
				<total>212</total>
				<timestamp>2219.488536</timestamp>
			</report>
			<report>
				<misses>236900001</misses>
				<total>212</total>
				<timestamp>2220.434883</timestamp>
			</report>
			<report>
				<misses>237000001</misses>
				<total>212</total>
				<timestamp>2221.378364</timestamp>
			</report>
			<report>
				<misses>237100001</misses>
				<total>212</total>
				<timestamp>2222.323970</timestamp>
			</report>
			<report>
				<misses>237200001</misses>
				<total>212</total>
				<timestamp>2223.269822</timestamp>
			</report>
			<report>
				<misses>237300001</misses>
				<total>212</total>
				<timestamp>2224.215137</timestamp>
			</report>
			<report>
				<misses>237400001</misses>
				<total>212</total>
				<timestamp>2225.159360</timestamp>
			</report>
			<report>
				<misses>237500001</misses>
				<total>212</total>
				<timestamp>2226.101515</timestamp>
			</report>
			<report>
				<misses>237600001</misses>
				<total>212</total>
				<timestamp>2227.045945</timestamp>
			</report>
			<report>
				<misses>237700001</misses>
				<total>212</total>
				<timestamp>2227.991330</timestamp>
			</report>
			<report>
				<misses>237800001</misses>
				<total>212</total>
				<timestamp>2228.936456</timestamp>
			</report>
			<report>
				<misses>237900001</misses>
				<total>212</total>
				<timestamp>2229.873642</timestamp>
			</report>
			<report>
				<misses>238000001</misses>
				<total>212</total>
				<timestamp>2230.813497</timestamp>
			</report>
			<report>
				<misses>238100001</misses>
				<total>212</total>
				<timestamp>2231.757307</timestamp>
			</report>
			<report>
				<misses>238200001</misses>
				<total>212</total>
				<timestamp>2232.702940</timestamp>
			</report>
			<report>
				<misses>238300001</misses>
				<total>212</total>
				<timestamp>2233.648639</timestamp>
			</report>
			<report>
				<misses>238400001</misses>
				<total>212</total>
				<timestamp>2234.593048</timestamp>
			</report>
			<report>
				<misses>238500001</misses>
				<total>212</total>
				<timestamp>2235.537828</timestamp>
			</report>
			<report>
				<misses>238600001</misses>
				<total>212</total>
				<timestamp>2236.482043</timestamp>
			</report>
			<report>
				<misses>238700001</misses>
				<total>212</total>
				<timestamp>2237.421391</timestamp>
			</report>
			<report>
				<misses>238800001</misses>
				<total>212</total>
				<timestamp>2238.361989</timestamp>
			</report>
			<report>
				<misses>238900001</misses>
				<total>212</total>
				<timestamp>2239.303779</timestamp>
			</report>
			<report>
				<misses>239000001</misses>
				<total>212</total>
				<timestamp>2240.244650</timestamp>
			</report>
			<report>
				<misses>239100001</misses>
				<total>212</total>
				<timestamp>2241.182672</timestamp>
			</report>
			<report>
				<misses>239200001</misses>
				<total>212</total>
				<timestamp>2242.124580</timestamp>
			</report>
			<report>
				<misses>239300001</misses>
				<total>212</total>
				<timestamp>2243.067114</timestamp>
			</report>
			<report>
				<misses>239400001</misses>
				<total>212</total>
				<timestamp>2244.008452</timestamp>
			</report>
			<report>
				<misses>239500001</misses>
				<total>212</total>
				<timestamp>2244.948705</timestamp>
			</report>
			<report>
				<misses>239600001</misses>
				<total>212</total>
				<timestamp>2245.888374</timestamp>
			</report>
			<report>
				<misses>239700001</misses>
				<total>212</total>
				<timestamp>2246.828812</timestamp>
			</report>
			<report>
				<misses>239800001</misses>
				<total>212</total>
				<timestamp>2247.768567</timestamp>
			</report>
			<report>
				<misses>239900001</misses>
				<total>212</total>
				<timestamp>2248.708446</timestamp>
			</report>
			<report>
				<misses>240000001</misses>
				<total>212</total>
				<timestamp>2249.648321</timestamp>
			</report>
			<report>
				<misses>240100001</misses>
				<total>212</total>
				<timestamp>2250.588006</timestamp>
			</report>
			<report>
				<misses>240200001</misses>
				<total>212</total>
				<timestamp>2251.526900</timestamp>
			</report>
			<report>
				<misses>240300001</misses>
				<total>212</total>
				<timestamp>2252.464326</timestamp>
			</report>
			<report>
				<misses>240400001</misses>
				<total>212</total>
				<timestamp>2253.404586</timestamp>
			</report>
			<report>
				<misses>240500001</misses>
				<total>212</total>
				<timestamp>2254.349351</timestamp>
			</report>
			<report>
				<misses>240600001</misses>
				<total>212</total>
				<timestamp>2255.293885</timestamp>
			</report>
			<report>
				<misses>240700001</misses>
				<total>212</total>
				<timestamp>2256.236932</timestamp>
			</report>
			<report>
				<misses>240800001</misses>
				<total>212</total>
				<timestamp>2257.180718</timestamp>
			</report>
			<report>
				<misses>240900001</misses>
				<total>212</total>
				<timestamp>2258.124992</timestamp>
			</report>
			<report>
				<misses>241000001</misses>
				<total>212</total>
				<timestamp>2259.064803</timestamp>
			</report>
			<report>
				<misses>241100001</misses>
				<total>212</total>
				<timestamp>2260.002258</timestamp>
			</report>
			<report>
				<misses>241200001</misses>
				<total>212</total>
				<timestamp>2260.940324</timestamp>
			</report>
			<report>
				<misses>241300001</misses>
				<total>212</total>
				<timestamp>2261.881089</timestamp>
			</report>
			<report>
				<misses>241400001</misses>
				<total>212</total>
				<timestamp>2262.823735</timestamp>
			</report>
			<report>
				<misses>241500001</misses>
				<total>212</total>
				<timestamp>2263.762875</timestamp>
			</report>
			<report>
				<misses>241600001</misses>
				<total>212</total>
				<timestamp>2264.702694</timestamp>
			</report>
			<report>
				<misses>241700001</misses>
				<total>212</total>
				<timestamp>2265.641611</timestamp>
			</report>
			<report>
				<misses>241800001</misses>
				<total>212</total>
				<timestamp>2266.588883</timestamp>
			</report>
			<report>
				<misses>241900001</misses>
				<total>212</total>
				<timestamp>2267.526663</timestamp>
			</report>
			<report>
				<misses>242000001</misses>
				<total>212</total>
				<timestamp>2268.466428</timestamp>
			</report>
			<report>
				<misses>242100001</misses>
				<total>212</total>
				<timestamp>2269.405470</timestamp>
			</report>
			<report>
				<misses>242200001</misses>
				<total>212</total>
				<timestamp>2270.344260</timestamp>
			</report>
			<report>
				<misses>242300001</misses>
				<total>212</total>
				<timestamp>2271.280334</timestamp>
			</report>
			<report>
				<misses>242400001</misses>
				<total>212</total>
				<timestamp>2272.217521</timestamp>
			</report>
			<report>
				<misses>242500001</misses>
				<total>212</total>
				<timestamp>2273.153972</timestamp>
			</report>
			<report>
				<misses>242600001</misses>
				<total>212</total>
				<timestamp>2274.090091</timestamp>
			</report>
			<report>
				<misses>242700001</misses>
				<total>212</total>
				<timestamp>2275.026588</timestamp>
			</report>
			<report>
				<misses>242800001</misses>
				<total>212</total>
				<timestamp>2275.968883</timestamp>
			</report>
			<report>
				<misses>242900001</misses>
				<total>212</total>
				<timestamp>2276.910434</timestamp>
			</report>
			<report>
				<misses>243000001</misses>
				<total>212</total>
				<timestamp>2277.853208</timestamp>
			</report>
			<report>
				<misses>243100001</misses>
				<total>212</total>
				<timestamp>2278.795610</timestamp>
			</report>
			<report>
				<misses>243200001</misses>
				<total>212</total>
				<timestamp>2279.737965</timestamp>
			</report>
			<report>
				<misses>243300001</misses>
				<total>212</total>
				<timestamp>2280.679593</timestamp>
			</report>
			<report>
				<misses>243400001</misses>
				<total>212</total>
				<timestamp>2281.619866</timestamp>
			</report>
			<report>
				<misses>243500001</misses>
				<total>212</total>
				<timestamp>2282.560477</timestamp>
			</report>
			<report>
				<misses>243600001</misses>
				<total>212</total>
				<timestamp>2283.501331</timestamp>
			</report>
			<report>
				<misses>243700001</misses>
				<total>212</total>
				<timestamp>2284.442613</timestamp>
			</report>
			<report>
				<misses>243800001</misses>
				<total>212</total>
				<timestamp>2285.383091</timestamp>
			</report>
			<report>
				<misses>243900001</misses>
				<total>212</total>
				<timestamp>2286.325137</timestamp>
			</report>
			<report>
				<misses>244000001</misses>
				<total>212</total>
				<timestamp>2287.265396</timestamp>
			</report>
			<report>
				<misses>244100001</misses>
				<total>212</total>
				<timestamp>2288.210286</timestamp>
			</report>
			<report>
				<misses>244200001</misses>
				<total>212</total>
				<timestamp>2289.150603</timestamp>
			</report>
			<report>
				<misses>244300001</misses>
				<total>212</total>
				<timestamp>2290.091828</timestamp>
			</report>
			<report>
				<misses>244400001</misses>
				<total>235</total>
				<timestamp>2291.033655</timestamp>
			</report>
			<report>
				<misses>244500001</misses>
				<total>235</total>
				<timestamp>2291.974389</timestamp>
			</report>
			<report>
				<misses>244600001</misses>
				<total>235</total>
				<timestamp>2292.914913</timestamp>
			</report>
			<report>
				<misses>244700001</misses>
				<total>235</total>
				<timestamp>2293.857111</timestamp>
			</report>
			<report>
				<misses>244800001</misses>
				<total>235</total>
				<timestamp>2294.798301</timestamp>
			</report>
			<report>
				<misses>244900001</misses>
				<total>266</total>
				<timestamp>2295.739360</timestamp>
			</report>
			<report>
				<misses>245000001</misses>
				<total>266</total>
				<timestamp>2296.678868</timestamp>
			</report>
			<report>
				<misses>245100001</misses>
				<total>266</total>
				<timestamp>2297.622804</timestamp>
			</report>
			<report>
				<misses>245200001</misses>
				<total>266</total>
				<timestamp>2298.569161</timestamp>
			</report>
			<report>
				<misses>245300001</misses>
				<total>266</total>
				<timestamp>2299.513203</timestamp>
			</report>
			<report>
				<misses>245400001</misses>
				<total>266</total>
				<timestamp>2300.452090</timestamp>
			</report>
			<report>
				<misses>245500001</misses>
				<total>266</total>
				<timestamp>2301.392834</timestamp>
			</report>
			<report>
				<misses>245600001</misses>
				<total>266</total>
				<timestamp>2302.333965</timestamp>
			</report>
			<report>
				<misses>245700001</misses>
				<total>266</total>
				<timestamp>2303.264976</timestamp>
			</report>
			<report>
				<misses>245800001</misses>
				<total>266</total>
				<timestamp>2304.195508</timestamp>
			</report>
			<report>
				<misses>245900001</misses>
				<total>266</total>
				<timestamp>2305.124892</timestamp>
			</report>
			<report>
				<misses>246000001</misses>
				<total>266</total>
				<timestamp>2306.054682</timestamp>
			</report>
			<report>
				<misses>246100001</misses>
				<total>266</total>
				<timestamp>2306.984804</timestamp>
			</report>
			<report>
				<misses>246200001</misses>
				<total>266</total>
				<timestamp>2307.913174</timestamp>
			</report>
			<report>
				<misses>246300001</misses>
				<total>266</total>
				<timestamp>2308.840044</timestamp>
			</report>
			<report>
				<misses>246400001</misses>
				<total>266</total>
				<timestamp>2309.769973</timestamp>
			</report>
			<report>
				<misses>246500001</misses>
				<total>266</total>
				<timestamp>2310.698606</timestamp>
			</report>
			<report>
				<misses>246600001</misses>
				<total>266</total>
				<timestamp>2311.628472</timestamp>
			</report>
			<report>
				<misses>246700001</misses>
				<total>266</total>
				<timestamp>2312.558247</timestamp>
			</report>
			<report>
				<misses>246800001</misses>
				<total>266</total>
				<timestamp>2313.487578</timestamp>
			</report>
			<report>
				<misses>246900001</misses>
				<total>266</total>
				<timestamp>2314.414431</timestamp>
			</report>
			<report>
				<misses>247000001</misses>
				<total>266</total>
				<timestamp>2315.342563</timestamp>
			</report>
			<report>
				<misses>247100001</misses>
				<total>266</total>
				<timestamp>2316.270147</timestamp>
			</report>
			<report>
				<misses>247200001</misses>
				<total>266</total>
				<timestamp>2317.199529</timestamp>
			</report>
			<report>
				<misses>247300001</misses>
				<total>266</total>
				<timestamp>2318.130523</timestamp>
			</report>
			<report>
				<misses>247400001</misses>
				<total>266</total>
				<timestamp>2319.062846</timestamp>
			</report>
			<report>
				<misses>247500001</misses>
				<total>266</total>
				<timestamp>2319.999480</timestamp>
			</report>
			<report>
				<misses>247600001</misses>
				<total>266</total>
				<timestamp>2320.935400</timestamp>
			</report>
			<report>
				<misses>247700001</misses>
				<total>266</total>
				<timestamp>2321.870146</timestamp>
			</report>
			<report>
				<misses>247800001</misses>
				<total>266</total>
				<timestamp>2322.805540</timestamp>
			</report>
			<report>
				<misses>247900001</misses>
				<total>266</total>
				<timestamp>2323.741115</timestamp>
			</report>
			<report>
				<misses>248000001</misses>
				<total>266</total>
				<timestamp>2324.674167</timestamp>
			</report>
			<report>
				<misses>248100001</misses>
				<total>266</total>
				<timestamp>2325.604037</timestamp>
			</report>
			<report>
				<misses>248200001</misses>
				<total>266</total>
				<timestamp>2326.542910</timestamp>
			</report>
			<report>
				<misses>248300001</misses>
				<total>266</total>
				<timestamp>2327.483200</timestamp>
			</report>
			<report>
				<misses>248400001</misses>
				<total>266</total>
				<timestamp>2328.423264</timestamp>
			</report>
			<report>
				<misses>248500001</misses>
				<total>266</total>
				<timestamp>2329.363729</timestamp>
			</report>
			<report>
				<misses>248600001</misses>
				<total>266</total>
				<timestamp>2330.303424</timestamp>
			</report>
			<report>
				<misses>248700001</misses>
				<total>266</total>
				<timestamp>2331.242581</timestamp>
			</report>
			<report>
				<misses>248800001</misses>
				<total>266</total>
				<timestamp>2332.181521</timestamp>
			</report>
			<report>
				<misses>248900001</misses>
				<total>266</total>
				<timestamp>2333.120619</timestamp>
			</report>
			<report>
				<misses>249000001</misses>
				<total>266</total>
				<timestamp>2334.059747</timestamp>
			</report>
			<report>
				<misses>249100001</misses>
				<total>266</total>
				<timestamp>2335.000285</timestamp>
			</report>
			<report>
				<misses>249200001</misses>
				<total>266</total>
				<timestamp>2335.939596</timestamp>
			</report>
			<report>
				<misses>249300001</misses>
				<total>266</total>
				<timestamp>2336.879863</timestamp>
			</report>
			<report>
				<misses>249400001</misses>
				<total>266</total>
				<timestamp>2337.819990</timestamp>
			</report>
			<report>
				<misses>249500001</misses>
				<total>266</total>
				<timestamp>2338.759836</timestamp>
			</report>
			<report>
				<misses>249600001</misses>
				<total>266</total>
				<timestamp>2339.699851</timestamp>
			</report>
			<report>
				<misses>249700001</misses>
				<total>266</total>
				<timestamp>2340.639836</timestamp>
			</report>
			<report>
				<misses>249800001</misses>
				<total>266</total>
				<timestamp>2341.582997</timestamp>
			</report>
			<report>
				<misses>249900001</misses>
				<total>266</total>
				<timestamp>2342.526395</timestamp>
			</report>
			<report>
				<misses>250000001</misses>
				<total>266</total>
				<timestamp>2343.468431</timestamp>
			</report>
			<report>
				<misses>250100001</misses>
				<total>266</total>
				<timestamp>2344.411705</timestamp>
			</report>
			<report>
				<misses>250200001</misses>
				<total>266</total>
				<timestamp>2345.354248</timestamp>
			</report>
			<report>
				<misses>250300001</misses>
				<total>266</total>
				<timestamp>2346.296137</timestamp>
			</report>
			<report>
				<misses>250400001</misses>
				<total>266</total>
				<timestamp>2347.237585</timestamp>
			</report>
			<report>
				<misses>250500001</misses>
				<total>266</total>
				<timestamp>2348.175435</timestamp>
			</report>
			<report>
				<misses>250600001</misses>
				<total>266</total>
				<timestamp>2349.114009</timestamp>
			</report>
			<report>
				<misses>250700001</misses>
				<total>266</total>
				<timestamp>2350.053005</timestamp>
			</report>
			<report>
				<misses>250800001</misses>
				<total>266</total>
				<timestamp>2350.991664</timestamp>
			</report>
			<report>
				<misses>250900001</misses>
				<total>266</total>
				<timestamp>2351.930870</timestamp>
			</report>
			<report>
				<misses>251000001</misses>
				<total>266</total>
				<timestamp>2352.870118</timestamp>
			</report>
			<report>
				<misses>251100001</misses>
				<total>266</total>
				<timestamp>2353.808842</timestamp>
			</report>
			<report>
				<misses>251200001</misses>
				<total>266</total>
				<timestamp>2354.747506</timestamp>
			</report>
			<report>
				<misses>251300001</misses>
				<total>266</total>
				<timestamp>2355.686803</timestamp>
			</report>
			<report>
				<misses>251400001</misses>
				<total>266</total>
				<timestamp>2356.625724</timestamp>
			</report>
			<report>
				<misses>251500001</misses>
				<total>266</total>
				<timestamp>2357.564768</timestamp>
			</report>
			<report>
				<misses>251600001</misses>
				<total>266</total>
				<timestamp>2358.503844</timestamp>
			</report>
			<report>
				<misses>251700001</misses>
				<total>266</total>
				<timestamp>2359.442709</timestamp>
			</report>
			<report>
				<misses>251800001</misses>
				<total>266</total>
				<timestamp>2360.389419</timestamp>
			</report>
			<report>
				<misses>251900001</misses>
				<total>266</total>
				<timestamp>2361.335568</timestamp>
			</report>
			<report>
				<misses>252000001</misses>
				<total>266</total>
				<timestamp>2362.280032</timestamp>
			</report>
			<report>
				<misses>252100001</misses>
				<total>266</total>
				<timestamp>2363.226791</timestamp>
			</report>
			<report>
				<misses>252200001</misses>
				<total>266</total>
				<timestamp>2364.174143</timestamp>
			</report>
			<report>
				<misses>252300001</misses>
				<total>266</total>
				<timestamp>2365.119279</timestamp>
			</report>
			<report>
				<misses>252400001</misses>
				<total>266</total>
				<timestamp>2366.064251</timestamp>
			</report>
			<report>
				<misses>252500001</misses>
				<total>266</total>
				<timestamp>2367.009745</timestamp>
			</report>
			<report>
				<misses>252600001</misses>
				<total>266</total>
				<timestamp>2367.954191</timestamp>
			</report>
			<report>
				<misses>252700001</misses>
				<total>266</total>
				<timestamp>2368.895586</timestamp>
			</report>
			<report>
				<misses>252800001</misses>
				<total>266</total>
				<timestamp>2369.835260</timestamp>
			</report>
			<report>
				<misses>252900001</misses>
				<total>266</total>
				<timestamp>2370.775134</timestamp>
			</report>
			<report>
				<misses>253000001</misses>
				<total>266</total>
				<timestamp>2371.715377</timestamp>
			</report>
			<report>
				<misses>253100001</misses>
				<total>266</total>
				<timestamp>2372.653147</timestamp>
			</report>
			<report>
				<misses>253200001</misses>
				<total>266</total>
				<timestamp>2373.592690</timestamp>
			</report>
			<report>
				<misses>253300001</misses>
				<total>266</total>
				<timestamp>2374.531177</timestamp>
			</report>
			<report>
				<misses>253400001</misses>
				<total>266</total>
				<timestamp>2375.470889</timestamp>
			</report>
			<report>
				<misses>253500001</misses>
				<total>266</total>
				<timestamp>2376.410554</timestamp>
			</report>
			<report>
				<misses>253600001</misses>
				<total>266</total>
				<timestamp>2377.350089</timestamp>
			</report>
			<report>
				<misses>253700001</misses>
				<total>266</total>
				<timestamp>2378.289569</timestamp>
			</report>
			<report>
				<misses>253800001</misses>
				<total>266</total>
				<timestamp>2379.229871</timestamp>
			</report>
			<report>
				<misses>253900001</misses>
				<total>266</total>
				<timestamp>2380.169939</timestamp>
			</report>
			<report>
				<misses>254000001</misses>
				<total>266</total>
				<timestamp>2381.109762</timestamp>
			</report>
			<report>
				<misses>254100001</misses>
				<total>266</total>
				<timestamp>2382.050874</timestamp>
			</report>
			<report>
				<misses>254200001</misses>
				<total>266</total>
				<timestamp>2382.990631</timestamp>
			</report>
			<report>
				<misses>254300001</misses>
				<total>266</total>
				<timestamp>2383.932143</timestamp>
			</report>
			<report>
				<misses>254400001</misses>
				<total>266</total>
				<timestamp>2384.872694</timestamp>
			</report>
			<report>
				<misses>254500001</misses>
				<total>266</total>
				<timestamp>2385.817353</timestamp>
			</report>
			<report>
				<misses>254600001</misses>
				<total>266</total>
				<timestamp>2386.762777</timestamp>
			</report>
			<report>
				<misses>254700001</misses>
				<total>266</total>
				<timestamp>2387.718965</timestamp>
			</report>
			<report>
				<misses>254800001</misses>
				<total>266</total>
				<timestamp>2388.671370</timestamp>
			</report>
			<report>
				<misses>254900001</misses>
				<total>266</total>
				<timestamp>2389.624712</timestamp>
			</report>
			<report>
				<misses>255000001</misses>
				<total>266</total>
				<timestamp>2390.575883</timestamp>
			</report>
			<report>
				<misses>255100001</misses>
				<total>266</total>
				<timestamp>2391.522786</timestamp>
			</report>
			<report>
				<misses>255200001</misses>
				<total>266</total>
				<timestamp>2392.470969</timestamp>
			</report>
			<report>
				<misses>255300001</misses>
				<total>266</total>
				<timestamp>2393.418079</timestamp>
			</report>
			<report>
				<misses>255400001</misses>
				<total>266</total>
				<timestamp>2394.364660</timestamp>
			</report>
			<report>
				<misses>255500001</misses>
				<total>266</total>
				<timestamp>2395.311940</timestamp>
			</report>
			<report>
				<misses>255600001</misses>
				<total>266</total>
				<timestamp>2396.259434</timestamp>
			</report>
			<report>
				<misses>255700001</misses>
				<total>266</total>
				<timestamp>2397.205579</timestamp>
			</report>
			<report>
				<misses>255800001</misses>
				<total>266</total>
				<timestamp>2398.151785</timestamp>
			</report>
			<report>
				<misses>255900001</misses>
				<total>266</total>
				<timestamp>2399.098086</timestamp>
			</report>
			<report>
				<misses>256000001</misses>
				<total>266</total>
				<timestamp>2400.042837</timestamp>
			</report>
			<report>
				<misses>256100001</misses>
				<total>266</total>
				<timestamp>2400.988972</timestamp>
			</report>
			<report>
				<misses>256200001</misses>
				<total>266</total>
				<timestamp>2401.936218</timestamp>
			</report>
			<report>
				<misses>256300001</misses>
				<total>266</total>
				<timestamp>2402.882413</timestamp>
			</report>
			<report>
				<misses>256400001</misses>
				<total>266</total>
				<timestamp>2403.829991</timestamp>
			</report>
			<report>
				<misses>256500001</misses>
				<total>266</total>
				<timestamp>2404.776947</timestamp>
			</report>
			<report>
				<misses>256600001</misses>
				<total>266</total>
				<timestamp>2405.722122</timestamp>
			</report>
			<report>
				<misses>256700001</misses>
				<total>266</total>
				<timestamp>2406.668061</timestamp>
			</report>
			<report>
				<misses>256800001</misses>
				<total>266</total>
				<timestamp>2407.616546</timestamp>
			</report>
			<report>
				<misses>256900001</misses>
				<total>266</total>
				<timestamp>2408.568956</timestamp>
			</report>
			<report>
				<misses>257000001</misses>
				<total>266</total>
				<timestamp>2409.521855</timestamp>
			</report>
			<report>
				<misses>257100001</misses>
				<total>266</total>
				<timestamp>2410.475058</timestamp>
			</report>
			<report>
				<misses>257200001</misses>
				<total>266</total>
				<timestamp>2411.428072</timestamp>
			</report>
			<report>
				<misses>257300001</misses>
				<total>266</total>
				<timestamp>2412.378991</timestamp>
			</report>
			<report>
				<misses>257400001</misses>
				<total>266</total>
				<timestamp>2413.323408</timestamp>
			</report>
			<report>
				<misses>257500001</misses>
				<total>266</total>
				<timestamp>2414.269216</timestamp>
			</report>
			<report>
				<misses>257600001</misses>
				<total>266</total>
				<timestamp>2415.216058</timestamp>
			</report>
			<report>
				<misses>257700001</misses>
				<total>266</total>
				<timestamp>2416.163502</timestamp>
			</report>
			<report>
				<misses>257800001</misses>
				<total>266</total>
				<timestamp>2417.110521</timestamp>
			</report>
			<report>
				<misses>257900001</misses>
				<total>266</total>
				<timestamp>2418.055241</timestamp>
			</report>
			<report>
				<misses>258000001</misses>
				<total>266</total>
				<timestamp>2419.001291</timestamp>
			</report>
			<report>
				<misses>258100001</misses>
				<total>266</total>
				<timestamp>2419.949243</timestamp>
			</report>
			<report>
				<misses>258200001</misses>
				<total>266</total>
				<timestamp>2420.895231</timestamp>
			</report>
			<report>
				<misses>258300001</misses>
				<total>266</total>
				<timestamp>2421.841568</timestamp>
			</report>
			<report>
				<misses>258400001</misses>
				<total>266</total>
				<timestamp>2422.789153</timestamp>
			</report>
			<report>
				<misses>258500001</misses>
				<total>266</total>
				<timestamp>2423.732466</timestamp>
			</report>
			<report>
				<misses>258600001</misses>
				<total>266</total>
				<timestamp>2424.676396</timestamp>
			</report>
			<report>
				<misses>258700001</misses>
				<total>266</total>
				<timestamp>2425.622573</timestamp>
			</report>
			<report>
				<misses>258800001</misses>
				<total>266</total>
				<timestamp>2426.569703</timestamp>
			</report>
			<report>
				<misses>258900001</misses>
				<total>266</total>
				<timestamp>2427.516703</timestamp>
			</report>
			<report>
				<misses>259000001</misses>
				<total>266</total>
				<timestamp>2428.463723</timestamp>
			</report>
			<report>
				<misses>259100001</misses>
				<total>266</total>
				<timestamp>2429.410760</timestamp>
			</report>
			<report>
				<misses>259200001</misses>
				<total>266</total>
				<timestamp>2430.357431</timestamp>
			</report>
			<report>
				<misses>259300001</misses>
				<total>266</total>
				<timestamp>2431.304816</timestamp>
			</report>
			<report>
				<misses>259400001</misses>
				<total>266</total>
				<timestamp>2432.248161</timestamp>
			</report>
			<report>
				<misses>259500001</misses>
				<total>266</total>
				<timestamp>2433.187209</timestamp>
			</report>
			<report>
				<misses>259600001</misses>
				<total>266</total>
				<timestamp>2434.127259</timestamp>
			</report>
			<report>
				<misses>259700001</misses>
				<total>266</total>
				<timestamp>2435.067406</timestamp>
			</report>
			<report>
				<misses>259800001</misses>
				<total>266</total>
				<timestamp>2436.007165</timestamp>
			</report>
			<report>
				<misses>259900001</misses>
				<total>266</total>
				<timestamp>2436.946799</timestamp>
			</report>
			<report>
				<misses>260000001</misses>
				<total>266</total>
				<timestamp>2437.884536</timestamp>
			</report>
			<report>
				<misses>260100001</misses>
				<total>266</total>
				<timestamp>2438.820697</timestamp>
			</report>
			<report>
				<misses>260200001</misses>
				<total>266</total>
				<timestamp>2439.752116</timestamp>
			</report>
			<report>
				<misses>260300001</misses>
				<total>266</total>
				<timestamp>2440.684991</timestamp>
			</report>
			<report>
				<misses>260400001</misses>
				<total>266</total>
				<timestamp>2441.617691</timestamp>
			</report>
			<report>
				<misses>260500001</misses>
				<total>266</total>
				<timestamp>2442.548956</timestamp>
			</report>
			<report>
				<misses>260600001</misses>
				<total>266</total>
				<timestamp>2443.498696</timestamp>
			</report>
			<report>
				<misses>260700001</misses>
				<total>266</total>
				<timestamp>2444.449053</timestamp>
			</report>
			<report>
				<misses>260800001</misses>
				<total>266</total>
				<timestamp>2445.400821</timestamp>
			</report>
			<report>
				<misses>260900001</misses>
				<total>266</total>
				<timestamp>2446.351036</timestamp>
			</report>
			<report>
				<misses>261000001</misses>
				<total>266</total>
				<timestamp>2447.302022</timestamp>
			</report>
			<report>
				<misses>261100001</misses>
				<total>266</total>
				<timestamp>2448.252504</timestamp>
			</report>
			<report>
				<misses>261200001</misses>
				<total>266</total>
				<timestamp>2449.198647</timestamp>
			</report>
			<report>
				<misses>261300001</misses>
				<total>266</total>
				<timestamp>2450.143930</timestamp>
			</report>
			<report>
				<misses>261400001</misses>
				<total>266</total>
				<timestamp>2451.092374</timestamp>
			</report>
			<report>
				<misses>261500001</misses>
				<total>266</total>
				<timestamp>2452.038054</timestamp>
			</report>
			<report>
				<misses>261600001</misses>
				<total>266</total>
				<timestamp>2452.981607</timestamp>
			</report>
			<report>
				<misses>261700001</misses>
				<total>266</total>
				<timestamp>2453.918831</timestamp>
			</report>
			<report>
				<misses>261800001</misses>
				<total>266</total>
				<timestamp>2454.850435</timestamp>
			</report>
			<report>
				<misses>261900001</misses>
				<total>266</total>
				<timestamp>2455.782664</timestamp>
			</report>
			<report>
				<misses>262000001</misses>
				<total>266</total>
				<timestamp>2456.715436</timestamp>
			</report>
			<report>
				<misses>262100001</misses>
				<total>266</total>
				<timestamp>2457.646568</timestamp>
			</report>
			<report>
				<misses>262200001</misses>
				<total>266</total>
				<timestamp>2458.578131</timestamp>
			</report>
			<report>
				<misses>262300001</misses>
				<total>266</total>
				<timestamp>2459.509155</timestamp>
			</report>
			<report>
				<misses>262400001</misses>
				<total>266</total>
				<timestamp>2460.440801</timestamp>
			</report>
			<report>
				<misses>262500001</misses>
				<total>266</total>
				<timestamp>2461.370281</timestamp>
			</report>
			<report>
				<misses>262600001</misses>
				<total>266</total>
				<timestamp>2462.302884</timestamp>
			</report>
			<report>
				<misses>262700001</misses>
				<total>266</total>
				<timestamp>2463.235787</timestamp>
			</report>
			<report>
				<misses>262800001</misses>
				<total>266</total>
				<timestamp>2464.169976</timestamp>
			</report>
			<report>
				<misses>262900001</misses>
				<total>266</total>
				<timestamp>2465.101382</timestamp>
			</report>
			<report>
				<misses>263000001</misses>
				<total>266</total>
				<timestamp>2466.033611</timestamp>
			</report>
			<report>
				<misses>263100001</misses>
				<total>266</total>
				<timestamp>2466.969808</timestamp>
			</report>
			<report>
				<misses>263200001</misses>
				<total>266</total>
				<timestamp>2467.906505</timestamp>
			</report>
			<report>
				<misses>263300001</misses>
				<total>266</total>
				<timestamp>2468.842095</timestamp>
			</report>
			<report>
				<misses>263400001</misses>
				<total>266</total>
				<timestamp>2469.778164</timestamp>
			</report>
			<report>
				<misses>263500001</misses>
				<total>266</total>
				<timestamp>2470.714300</timestamp>
			</report>
			<report>
				<misses>263600001</misses>
				<total>266</total>
				<timestamp>2471.661972</timestamp>
			</report>
			<report>
				<misses>263700001</misses>
				<total>266</total>
				<timestamp>2472.607978</timestamp>
			</report>
			<report>
				<misses>263800001</misses>
				<total>266</total>
				<timestamp>2473.554302</timestamp>
			</report>
			<report>
				<misses>263900001</misses>
				<total>266</total>
				<timestamp>2474.499036</timestamp>
			</report>
			<report>
				<misses>264000001</misses>
				<total>266</total>
				<timestamp>2475.445273</timestamp>
			</report>
			<report>
				<misses>264100001</misses>
				<total>266</total>
				<timestamp>2476.391260</timestamp>
			</report>
			<report>
				<misses>264200001</misses>
				<total>266</total>
				<timestamp>2477.338179</timestamp>
			</report>
			<report>
				<misses>264300001</misses>
				<total>266</total>
				<timestamp>2478.284927</timestamp>
			</report>
			<report>
				<misses>264400001</misses>
				<total>266</total>
				<timestamp>2479.234443</timestamp>
			</report>
			<report>
				<misses>264500001</misses>
				<total>266</total>
				<timestamp>2480.186687</timestamp>
			</report>
			<report>
				<misses>264600001</misses>
				<total>266</total>
				<timestamp>2481.137791</timestamp>
			</report>
			<report>
				<misses>264700001</misses>
				<total>266</total>
				<timestamp>2482.089895</timestamp>
			</report>
			<report>
				<misses>264800001</misses>
				<total>266</total>
				<timestamp>2483.041781</timestamp>
			</report>
			<report>
				<misses>264900001</misses>
				<total>266</total>
				<timestamp>2483.991236</timestamp>
			</report>
			<report>
				<misses>265000001</misses>
				<total>266</total>
				<timestamp>2484.933989</timestamp>
			</report>
			<report>
				<misses>265100001</misses>
				<total>266</total>
				<timestamp>2485.875301</timestamp>
			</report>
			<report>
				<misses>265200001</misses>
				<total>266</total>
				<timestamp>2486.819807</timestamp>
			</report>
			<report>
				<misses>265300001</misses>
				<total>266</total>
				<timestamp>2487.761023</timestamp>
			</report>
			<report>
				<misses>265400001</misses>
				<total>266</total>
				<timestamp>2488.704394</timestamp>
			</report>
			<report>
				<misses>265500001</misses>
				<total>266</total>
				<timestamp>2489.649208</timestamp>
			</report>
			<report>
				<misses>265600001</misses>
				<total>266</total>
				<timestamp>2490.592682</timestamp>
			</report>
			<report>
				<misses>265700001</misses>
				<total>266</total>
				<timestamp>2491.535712</timestamp>
			</report>
			<report>
				<misses>265800001</misses>
				<total>266</total>
				<timestamp>2492.482498</timestamp>
			</report>
			<report>
				<misses>265900001</misses>
				<total>266</total>
				<timestamp>2493.426815</timestamp>
			</report>
			<report>
				<misses>266000001</misses>
				<total>266</total>
				<timestamp>2494.372084</timestamp>
			</report>
			<report>
				<misses>266100001</misses>
				<total>266</total>
				<timestamp>2495.315208</timestamp>
			</report>
			<report>
				<misses>266200001</misses>
				<total>266</total>
				<timestamp>2496.259779</timestamp>
			</report>
			<report>
				<misses>266300001</misses>
				<total>266</total>
				<timestamp>2497.204984</timestamp>
			</report>
			<report>
				<misses>266400001</misses>
				<total>266</total>
				<timestamp>2498.149554</timestamp>
			</report>
			<report>
				<misses>266500001</misses>
				<total>266</total>
				<timestamp>2499.093352</timestamp>
			</report>
			<report>
				<misses>266600001</misses>
				<total>266</total>
				<timestamp>2500.037650</timestamp>
			</report>
			<report>
				<misses>266700001</misses>
				<total>266</total>
				<timestamp>2500.982284</timestamp>
			</report>
			<report>
				<misses>266800001</misses>
				<total>266</total>
				<timestamp>2501.926731</timestamp>
			</report>
			<report>
				<misses>266900001</misses>
				<total>266</total>
				<timestamp>2502.872044</timestamp>
			</report>
			<report>
				<misses>267000001</misses>
				<total>266</total>
				<timestamp>2503.816422</timestamp>
			</report>
			<report>
				<misses>267100001</misses>
				<total>266</total>
				<timestamp>2504.760799</timestamp>
			</report>
			<report>
				<misses>267200001</misses>
				<total>266</total>
				<timestamp>2505.702521</timestamp>
			</report>
			<report>
				<misses>267300001</misses>
				<total>266</total>
				<timestamp>2506.642946</timestamp>
			</report>
			<report>
				<misses>267400001</misses>
				<total>266</total>
				<timestamp>2507.584477</timestamp>
			</report>
			<report>
				<misses>267500001</misses>
				<total>266</total>
				<timestamp>2508.523672</timestamp>
			</report>
			<report>
				<misses>267600001</misses>
				<total>266</total>
				<timestamp>2509.465302</timestamp>
			</report>
			<report>
				<misses>267700001</misses>
				<total>266</total>
				<timestamp>2510.408245</timestamp>
			</report>
			<report>
				<misses>267800001</misses>
				<total>266</total>
				<timestamp>2511.352635</timestamp>
			</report>
			<report>
				<misses>267900001</misses>
				<total>266</total>
				<timestamp>2512.295991</timestamp>
			</report>
			<report>
				<misses>268000001</misses>
				<total>266</total>
				<timestamp>2513.239815</timestamp>
			</report>
			<report>
				<misses>268100001</misses>
				<total>266</total>
				<timestamp>2514.183604</timestamp>
			</report>
			<report>
				<misses>268200001</misses>
				<total>266</total>
				<timestamp>2515.132284</timestamp>
			</report>
			<report>
				<misses>268300001</misses>
				<total>266</total>
				<timestamp>2516.082284</timestamp>
			</report>
			<report>
				<misses>268400001</misses>
				<total>266</total>
				<timestamp>2517.031824</timestamp>
			</report>
			<report>
				<misses>268500001</misses>
				<total>266</total>
				<timestamp>2517.982833</timestamp>
			</report>
			<report>
				<misses>268600001</misses>
				<total>266</total>
				<timestamp>2518.933362</timestamp>
			</report>
			<report>
				<misses>268700001</misses>
				<total>266</total>
				<timestamp>2519.875857</timestamp>
			</report>
			<report>
				<misses>268800001</misses>
				<total>266</total>
				<timestamp>2520.812978</timestamp>
			</report>
			<report>
				<misses>268900001</misses>
				<total>266</total>
				<timestamp>2521.749186</timestamp>
			</report>
			<report>
				<misses>269000001</misses>
				<total>266</total>
				<timestamp>2522.690723</timestamp>
			</report>
			<report>
				<misses>269100001</misses>
				<total>266</total>
				<timestamp>2523.627647</timestamp>
			</report>
			<report>
				<misses>269200001</misses>
				<total>266</total>
				<timestamp>2524.565233</timestamp>
			</report>
			<report>
				<misses>269300001</misses>
				<total>266</total>
				<timestamp>2525.502437</timestamp>
			</report>
			<report>
				<misses>269400001</misses>
				<total>266</total>
				<timestamp>2526.439110</timestamp>
			</report>
			<report>
				<misses>269500001</misses>
				<total>266</total>
				<timestamp>2527.376251</timestamp>
			</report>
			<report>
				<misses>269600001</misses>
				<total>266</total>
				<timestamp>2528.313177</timestamp>
			</report>
			<report>
				<misses>269700001</misses>
				<total>266</total>
				<timestamp>2529.250422</timestamp>
			</report>
			<report>
				<misses>269800001</misses>
				<total>266</total>
				<timestamp>2530.187694</timestamp>
			</report>
			<report>
				<misses>269900001</misses>
				<total>266</total>
				<timestamp>2531.124030</timestamp>
			</report>
			<report>
				<misses>270000001</misses>
				<total>266</total>
				<timestamp>2532.061750</timestamp>
			</report>
			<report>
				<misses>270100001</misses>
				<total>266</total>
				<timestamp>2532.998703</timestamp>
			</report>
			<report>
				<misses>270200001</misses>
				<total>266</total>
				<timestamp>2533.937586</timestamp>
			</report>
			<report>
				<misses>270300001</misses>
				<total>266</total>
				<timestamp>2534.874238</timestamp>
			</report>
			<report>
				<misses>270400001</misses>
				<total>266</total>
				<timestamp>2535.809151</timestamp>
			</report>
			<report>
				<misses>270500001</misses>
				<total>266</total>
				<timestamp>2536.747473</timestamp>
			</report>
			<report>
				<misses>270600001</misses>
				<total>266</total>
				<timestamp>2537.685655</timestamp>
			</report>
			<report>
				<misses>270700001</misses>
				<total>266</total>
				<timestamp>2538.623486</timestamp>
			</report>
			<report>
				<misses>270800001</misses>
				<total>266</total>
				<timestamp>2539.559244</timestamp>
			</report>
			<report>
				<misses>270900001</misses>
				<total>266</total>
				<timestamp>2540.496691</timestamp>
			</report>
			<report>
				<misses>271000001</misses>
				<total>266</total>
				<timestamp>2541.434585</timestamp>
			</report>
			<report>
				<misses>271100001</misses>
				<total>266</total>
				<timestamp>2542.370650</timestamp>
			</report>
			<report>
				<misses>271200001</misses>
				<total>266</total>
				<timestamp>2543.306930</timestamp>
			</report>
			<report>
				<misses>271300001</misses>
				<total>266</total>
				<timestamp>2544.241758</timestamp>
			</report>
			<report>
				<misses>271400001</misses>
				<total>266</total>
				<timestamp>2545.180476</timestamp>
			</report>
			<report>
				<misses>271500001</misses>
				<total>266</total>
				<timestamp>2546.118097</timestamp>
			</report>
			<report>
				<misses>271600001</misses>
				<total>266</total>
				<timestamp>2547.057051</timestamp>
			</report>
			<report>
				<misses>271700001</misses>
				<total>266</total>
				<timestamp>2548.003522</timestamp>
			</report>
			<report>
				<misses>271800001</misses>
				<total>266</total>
				<timestamp>2548.949399</timestamp>
			</report>
			<report>
				<misses>271900001</misses>
				<total>266</total>
				<timestamp>2549.896101</timestamp>
			</report>
			<report>
				<misses>272000001</misses>
				<total>266</total>
				<timestamp>2550.844228</timestamp>
			</report>
			<report>
				<misses>272100001</misses>
				<total>266</total>
				<timestamp>2551.795981</timestamp>
			</report>
			<report>
				<misses>272200001</misses>
				<total>266</total>
				<timestamp>2552.748625</timestamp>
			</report>
			<report>
				<misses>272300001</misses>
				<total>266</total>
				<timestamp>2553.699911</timestamp>
			</report>
			<report>
				<misses>272400001</misses>
				<total>266</total>
				<timestamp>2554.652072</timestamp>
			</report>
			<report>
				<misses>272500001</misses>
				<total>266</total>
				<timestamp>2555.603079</timestamp>
			</report>
			<report>
				<misses>272600001</misses>
				<total>266</total>
				<timestamp>2556.544176</timestamp>
			</report>
			<report>
				<misses>272700001</misses>
				<total>266</total>
				<timestamp>2557.485976</timestamp>
			</report>
			<report>
				<misses>272800001</misses>
				<total>266</total>
				<timestamp>2558.431576</timestamp>
			</report>
			<report>
				<misses>272900001</misses>
				<total>266</total>
				<timestamp>2559.372746</timestamp>
			</report>
			<report>
				<misses>273000001</misses>
				<total>266</total>
				<timestamp>2560.307789</timestamp>
			</report>
			<report>
				<misses>273100001</misses>
				<total>266</total>
				<timestamp>2561.244567</timestamp>
			</report>
			<report>
				<misses>273200001</misses>
				<total>266</total>
				<timestamp>2562.180950</timestamp>
			</report>
			<report>
				<misses>273300001</misses>
				<total>266</total>
				<timestamp>2563.119108</timestamp>
			</report>
			<report>
				<misses>273400001</misses>
				<total>266</total>
				<timestamp>2564.056462</timestamp>
			</report>
			<report>
				<misses>273500001</misses>
				<total>266</total>
				<timestamp>2564.993067</timestamp>
			</report>
			<report>
				<misses>273600001</misses>
				<total>266</total>
				<timestamp>2565.934101</timestamp>
			</report>
			<report>
				<misses>273700001</misses>
				<total>266</total>
				<timestamp>2566.875731</timestamp>
			</report>
			<report>
				<misses>273800001</misses>
				<total>266</total>
				<timestamp>2567.817587</timestamp>
			</report>
			<report>
				<misses>273900001</misses>
				<total>266</total>
				<timestamp>2568.759998</timestamp>
			</report>
			<report>
				<misses>274000001</misses>
				<total>266</total>
				<timestamp>2569.699749</timestamp>
			</report>
			<report>
				<misses>274100001</misses>
				<total>266</total>
				<timestamp>2570.639393</timestamp>
			</report>
			<report>
				<misses>274200001</misses>
				<total>266</total>
				<timestamp>2571.577412</timestamp>
			</report>
			<report>
				<misses>274300001</misses>
				<total>266</total>
				<timestamp>2572.516191</timestamp>
			</report>
			<report>
				<misses>274400001</misses>
				<total>266</total>
				<timestamp>2573.453951</timestamp>
			</report>
			<report>
				<misses>274500001</misses>
				<total>266</total>
				<timestamp>2574.391008</timestamp>
			</report>
			<report>
				<misses>274600001</misses>
				<total>266</total>
				<timestamp>2575.328729</timestamp>
			</report>
			<report>
				<misses>274700001</misses>
				<total>266</total>
				<timestamp>2576.266921</timestamp>
			</report>
			<report>
				<misses>274800001</misses>
				<total>266</total>
				<timestamp>2577.204665</timestamp>
			</report>
			<report>
				<misses>274900001</misses>
				<total>266</total>
				<timestamp>2578.142643</timestamp>
			</report>
			<report>
				<misses>275000001</misses>
				<total>266</total>
				<timestamp>2579.080660</timestamp>
			</report>
			<report>
				<misses>275100001</misses>
				<total>266</total>
				<timestamp>2580.018321</timestamp>
			</report>
			<report>
				<misses>275200001</misses>
				<total>266</total>
				<timestamp>2580.955464</timestamp>
			</report>
			<report>
				<misses>275300001</misses>
				<total>266</total>
				<timestamp>2581.892805</timestamp>
			</report>
			<report>
				<misses>275400001</misses>
				<total>266</total>
				<timestamp>2582.830178</timestamp>
			</report>
			<report>
				<misses>275500001</misses>
				<total>266</total>
				<timestamp>2583.763452</timestamp>
			</report>
			<report>
				<misses>275600001</misses>
				<total>266</total>
				<timestamp>2584.696814</timestamp>
			</report>
			<report>
				<misses>275700001</misses>
				<total>266</total>
				<timestamp>2585.632108</timestamp>
			</report>
			<report>
				<misses>275800001</misses>
				<total>266</total>
				<timestamp>2586.570612</timestamp>
			</report>
			<report>
				<misses>275900001</misses>
				<total>266</total>
				<timestamp>2587.513485</timestamp>
			</report>
			<report>
				<misses>276000001</misses>
				<total>266</total>
				<timestamp>2588.456262</timestamp>
			</report>
			<report>
				<misses>276100001</misses>
				<total>266</total>
				<timestamp>2589.398065</timestamp>
			</report>
			<report>
				<misses>276200001</misses>
				<total>266</total>
				<timestamp>2590.339545</timestamp>
			</report>
			<report>
				<misses>276300001</misses>
				<total>266</total>
				<timestamp>2591.281686</timestamp>
			</report>
			<report>
				<misses>276400001</misses>
				<total>266</total>
				<timestamp>2592.218393</timestamp>
			</report>
			<report>
				<misses>276500001</misses>
				<total>266</total>
				<timestamp>2593.154987</timestamp>
			</report>
			<report>
				<misses>276600001</misses>
				<total>266</total>
				<timestamp>2594.090527</timestamp>
			</report>
			<report>
				<misses>276700001</misses>
				<total>266</total>
				<timestamp>2595.025994</timestamp>
			</report>
			<report>
				<misses>276800001</misses>
				<total>266</total>
				<timestamp>2595.961691</timestamp>
			</report>
			<report>
				<misses>276900001</misses>
				<total>266</total>
				<timestamp>2596.897447</timestamp>
			</report>
			<report>
				<misses>277000001</misses>
				<total>266</total>
				<timestamp>2597.832394</timestamp>
			</report>
			<report>
				<misses>277100001</misses>
				<total>266</total>
				<timestamp>2598.767581</timestamp>
			</report>
			<report>
				<misses>277200001</misses>
				<total>266</total>
				<timestamp>2599.703276</timestamp>
			</report>
			<report>
				<misses>277300001</misses>
				<total>266</total>
				<timestamp>2600.638847</timestamp>
			</report>
			<report>
				<misses>277400001</misses>
				<total>266</total>
				<timestamp>2601.572624</timestamp>
			</report>
			<report>
				<misses>277500001</misses>
				<total>266</total>
				<timestamp>2602.507961</timestamp>
			</report>
			<report>
				<misses>277600001</misses>
				<total>266</total>
				<timestamp>2603.444300</timestamp>
			</report>
			<report>
				<misses>277700001</misses>
				<total>266</total>
				<timestamp>2604.384437</timestamp>
			</report>
			<report>
				<misses>277800001</misses>
				<total>266</total>
				<timestamp>2605.323723</timestamp>
			</report>
			<report>
				<misses>277900001</misses>
				<total>266</total>
				<timestamp>2606.261946</timestamp>
			</report>
			<report>
				<misses>278000001</misses>
				<total>266</total>
				<timestamp>2607.199341</timestamp>
			</report>
			<report>
				<misses>278100001</misses>
				<total>266</total>
				<timestamp>2608.138356</timestamp>
			</report>
			<report>
				<misses>278200001</misses>
				<total>266</total>
				<timestamp>2609.076014</timestamp>
			</report>
			<report>
				<misses>278300001</misses>
				<total>266</total>
				<timestamp>2610.012730</timestamp>
			</report>
			<report>
				<misses>278400001</misses>
				<total>266</total>
				<timestamp>2610.952459</timestamp>
			</report>
			<report>
				<misses>278500001</misses>
				<total>266</total>
				<timestamp>2611.890810</timestamp>
			</report>
			<report>
				<misses>278600001</misses>
				<total>266</total>
				<timestamp>2612.830575</timestamp>
			</report>
			<report>
				<misses>278700001</misses>
				<total>266</total>
				<timestamp>2613.767278</timestamp>
			</report>
			<report>
				<misses>278800001</misses>
				<total>266</total>
				<timestamp>2614.705775</timestamp>
			</report>
			<report>
				<misses>278900001</misses>
				<total>266</total>
				<timestamp>2615.643788</timestamp>
			</report>
			<report>
				<misses>279000001</misses>
				<total>266</total>
				<timestamp>2616.585842</timestamp>
			</report>
			<report>
				<misses>279100001</misses>
				<total>266</total>
				<timestamp>2617.521837</timestamp>
			</report>
			<report>
				<misses>279200001</misses>
				<total>266</total>
				<timestamp>2618.457071</timestamp>
			</report>
			<report>
				<misses>279300001</misses>
				<total>266</total>
				<timestamp>2619.388944</timestamp>
			</report>
			<report>
				<misses>279400001</misses>
				<total>266</total>
				<timestamp>2620.320389</timestamp>
			</report>
			<report>
				<misses>279500001</misses>
				<total>266</total>
				<timestamp>2621.246868</timestamp>
			</report>
			<report>
				<misses>279600001</misses>
				<total>266</total>
				<timestamp>2622.172068</timestamp>
			</report>
			<report>
				<misses>279700001</misses>
				<total>266</total>
				<timestamp>2623.105354</timestamp>
			</report>
			<report>
				<misses>279800001</misses>
				<total>266</total>
				<timestamp>2624.035778</timestamp>
			</report>
			<report>
				<misses>279900001</misses>
				<total>266</total>
				<timestamp>2624.966772</timestamp>
			</report>
			<report>
				<misses>280000001</misses>
				<total>266</total>
				<timestamp>2625.900945</timestamp>
			</report>
			<report>
				<misses>280100001</misses>
				<total>266</total>
				<timestamp>2626.832607</timestamp>
			</report>
			<report>
				<misses>280200001</misses>
				<total>266</total>
				<timestamp>2627.761972</timestamp>
			</report>
			<report>
				<misses>280300001</misses>
				<total>266</total>
				<timestamp>2628.688462</timestamp>
			</report>
			<report>
				<misses>280400001</misses>
				<total>266</total>
				<timestamp>2629.615661</timestamp>
			</report>
			<report>
				<misses>280500001</misses>
				<total>266</total>
				<timestamp>2630.543676</timestamp>
			</report>
			<report>
				<misses>280600001</misses>
				<total>266</total>
				<timestamp>2631.470651</timestamp>
			</report>
			<report>
				<misses>280700001</misses>
				<total>266</total>
				<timestamp>2632.397650</timestamp>
			</report>
			<report>
				<misses>280800001</misses>
				<total>266</total>
				<timestamp>2633.325808</timestamp>
			</report>
			<report>
				<misses>280900001</misses>
				<total>266</total>
				<timestamp>2634.252059</timestamp>
			</report>
			<report>
				<misses>281000001</misses>
				<total>266</total>
				<timestamp>2635.178184</timestamp>
			</report>
			<report>
				<misses>281100001</misses>
				<total>266</total>
				<timestamp>2636.102484</timestamp>
			</report>
			<report>
				<misses>281200001</misses>
				<total>266</total>
				<timestamp>2637.028109</timestamp>
			</report>
			<report>
				<misses>281300001</misses>
				<total>266</total>
				<timestamp>2637.955006</timestamp>
			</report>
			<report>
				<misses>281400001</misses>
				<total>266</total>
				<timestamp>2638.880609</timestamp>
			</report>
			<report>
				<misses>281500001</misses>
				<total>266</total>
				<timestamp>2639.808705</timestamp>
			</report>
			<report>
				<misses>281600001</misses>
				<total>266</total>
				<timestamp>2640.736311</timestamp>
			</report>
			<report>
				<misses>281700001</misses>
				<total>266</total>
				<timestamp>2641.663805</timestamp>
			</report>
			<report>
				<misses>281800001</misses>
				<total>266</total>
				<timestamp>2642.588822</timestamp>
			</report>
			<report>
				<misses>281900001</misses>
				<total>266</total>
				<timestamp>2643.516189</timestamp>
			</report>
			<report>
				<misses>282000001</misses>
				<total>266</total>
				<timestamp>2644.444541</timestamp>
			</report>
			<report>
				<misses>282100001</misses>
				<total>266</total>
				<timestamp>2645.372135</timestamp>
			</report>
			<report>
				<misses>282200001</misses>
				<total>266</total>
				<timestamp>2646.306066</timestamp>
			</report>
			<report>
				<misses>282300001</misses>
				<total>266</total>
				<timestamp>2647.234690</timestamp>
			</report>
			<report>
				<misses>282400001</misses>
				<total>266</total>
				<timestamp>2648.160162</timestamp>
			</report>
			<report>
				<misses>282500001</misses>
				<total>266</total>
				<timestamp>2649.086413</timestamp>
			</report>
			<report>
				<misses>282600001</misses>
				<total>266</total>
				<timestamp>2650.013109</timestamp>
			</report>
			<report>
				<misses>282700001</misses>
				<total>266</total>
				<timestamp>2650.942520</timestamp>
			</report>
			<report>
				<misses>282800001</misses>
				<total>266</total>
				<timestamp>2651.868738</timestamp>
			</report>
			<report>
				<misses>282900001</misses>
				<total>266</total>
				<timestamp>2652.796559</timestamp>
			</report>
			<report>
				<misses>283000001</misses>
				<total>266</total>
				<timestamp>2653.722905</timestamp>
			</report>
			<report>
				<misses>283100001</misses>
				<total>266</total>
				<timestamp>2654.648545</timestamp>
			</report>
			<report>
				<misses>283200001</misses>
				<total>266</total>
				<timestamp>2655.576041</timestamp>
			</report>
			<report>
				<misses>283300001</misses>
				<total>266</total>
				<timestamp>2656.503738</timestamp>
			</report>
			<report>
				<misses>283400001</misses>
				<total>266</total>
				<timestamp>2657.430597</timestamp>
			</report>
			<report>
				<misses>283500001</misses>
				<total>266</total>
				<timestamp>2658.357548</timestamp>
			</report>
			<report>
				<misses>283600001</misses>
				<total>266</total>
				<timestamp>2659.290454</timestamp>
			</report>
			<report>
				<misses>283700001</misses>
				<total>266</total>
				<timestamp>2660.221121</timestamp>
			</report>
			<report>
				<misses>283800001</misses>
				<total>266</total>
				<timestamp>2661.153549</timestamp>
			</report>
			<report>
				<misses>283900001</misses>
				<total>266</total>
				<timestamp>2662.090988</timestamp>
			</report>
			<report>
				<misses>284000001</misses>
				<total>266</total>
				<timestamp>2663.019997</timestamp>
			</report>
			<report>
				<misses>284100001</misses>
				<total>266</total>
				<timestamp>2663.947854</timestamp>
			</report>
			<report>
				<misses>284200001</misses>
				<total>266</total>
				<timestamp>2664.869268</timestamp>
			</report>
			<report>
				<misses>284300001</misses>
				<total>266</total>
				<timestamp>2665.792666</timestamp>
			</report>
			<report>
				<misses>284400001</misses>
				<total>266</total>
				<timestamp>2666.713944</timestamp>
			</report>
			<report>
				<misses>284500001</misses>
				<total>266</total>
				<timestamp>2667.636243</timestamp>
			</report>
			<report>
				<misses>284600001</misses>
				<total>266</total>
				<timestamp>2668.559318</timestamp>
			</report>
			<report>
				<misses>284700001</misses>
				<total>266</total>
				<timestamp>2669.482213</timestamp>
			</report>
			<report>
				<misses>284800001</misses>
				<total>266</total>
				<timestamp>2670.405378</timestamp>
			</report>
			<report>
				<misses>284900001</misses>
				<total>266</total>
				<timestamp>2671.327409</timestamp>
			</report>
			<report>
				<misses>285000001</misses>
				<total>266</total>
				<timestamp>2672.250964</timestamp>
			</report>
			<report>
				<misses>285100001</misses>
				<total>266</total>
				<timestamp>2673.175399</timestamp>
			</report>
			<report>
				<misses>285200001</misses>
				<total>266</total>
				<timestamp>2674.097933</timestamp>
			</report>
			<report>
				<misses>285300001</misses>
				<total>266</total>
				<timestamp>2675.022279</timestamp>
			</report>
			<report>
				<misses>285400001</misses>
				<total>266</total>
				<timestamp>2675.947423</timestamp>
			</report>
			<report>
				<misses>285500001</misses>
				<total>266</total>
				<timestamp>2676.871909</timestamp>
			</report>
			<report>
				<misses>285600001</misses>
				<total>266</total>
				<timestamp>2677.796327</timestamp>
			</report>
			<report>
				<misses>285700001</misses>
				<total>266</total>
				<timestamp>2678.743188</timestamp>
			</report>
			<report>
				<misses>285800001</misses>
				<total>266</total>
				<timestamp>2679.687942</timestamp>
			</report>
			<report>
				<misses>285900001</misses>
				<total>266</total>
				<timestamp>2680.631204</timestamp>
			</report>
			<report>
				<misses>286000001</misses>
				<total>266</total>
				<timestamp>2681.575038</timestamp>
			</report>
			<report>
				<misses>286100001</misses>
				<total>266</total>
				<timestamp>2682.519812</timestamp>
			</report>
			<report>
				<misses>286200001</misses>
				<total>266</total>
				<timestamp>2683.464185</timestamp>
			</report>
			<report>
				<misses>286300001</misses>
				<total>266</total>
				<timestamp>2684.407981</timestamp>
			</report>
			<report>
				<misses>286400001</misses>
				<total>266</total>
				<timestamp>2685.352796</timestamp>
			</report>
			<report>
				<misses>286500001</misses>
				<total>266</total>
				<timestamp>2686.296594</timestamp>
			</report>
			<report>
				<misses>286600001</misses>
				<total>266</total>
				<timestamp>2687.241919</timestamp>
			</report>
			<report>
				<misses>286700001</misses>
				<total>266</total>
				<timestamp>2688.188233</timestamp>
			</report>
			<report>
				<misses>286800001</misses>
				<total>266</total>
				<timestamp>2689.133200</timestamp>
			</report>
			<report>
				<misses>286900001</misses>
				<total>266</total>
				<timestamp>2690.076864</timestamp>
			</report>
			<report>
				<misses>287000001</misses>
				<total>266</total>
				<timestamp>2691.020156</timestamp>
			</report>
			<report>
				<misses>287100001</misses>
				<total>266</total>
				<timestamp>2691.965154</timestamp>
			</report>
			<report>
				<misses>287200001</misses>
				<total>266</total>
				<timestamp>2692.909264</timestamp>
			</report>
			<report>
				<misses>287300001</misses>
				<total>266</total>
				<timestamp>2693.853154</timestamp>
			</report>
			<report>
				<misses>287400001</misses>
				<total>266</total>
				<timestamp>2694.803094</timestamp>
			</report>
			<report>
				<misses>287500001</misses>
				<total>266</total>
				<timestamp>2695.754514</timestamp>
			</report>
			<report>
				<misses>287600001</misses>
				<total>266</total>
				<timestamp>2696.705276</timestamp>
			</report>
			<report>
				<misses>287700001</misses>
				<total>266</total>
				<timestamp>2697.654278</timestamp>
			</report>
			<report>
				<misses>287800001</misses>
				<total>266</total>
				<timestamp>2698.603702</timestamp>
			</report>
			<report>
				<misses>287900001</misses>
				<total>266</total>
				<timestamp>2699.548975</timestamp>
			</report>
			<report>
				<misses>288000001</misses>
				<total>266</total>
				<timestamp>2700.489787</timestamp>
			</report>
			<report>
				<misses>288100001</misses>
				<total>266</total>
				<timestamp>2701.431267</timestamp>
			</report>
			<report>
				<misses>288200001</misses>
				<total>266</total>
				<timestamp>2702.377724</timestamp>
			</report>
			<report>
				<misses>288300001</misses>
				<total>266</total>
				<timestamp>2703.322218</timestamp>
			</report>
			<report>
				<misses>288400001</misses>
				<total>266</total>
				<timestamp>2704.266366</timestamp>
			</report>
			<report>
				<misses>288500001</misses>
				<total>266</total>
				<timestamp>2705.212063</timestamp>
			</report>
			<report>
				<misses>288600001</misses>
				<total>266</total>
				<timestamp>2706.155024</timestamp>
			</report>
			<report>
				<misses>288700001</misses>
				<total>266</total>
				<timestamp>2707.098333</timestamp>
			</report>
			<report>
				<misses>288800001</misses>
				<total>266</total>
				<timestamp>2708.040681</timestamp>
			</report>
			<report>
				<misses>288900001</misses>
				<total>266</total>
				<timestamp>2708.982758</timestamp>
			</report>
			<report>
				<misses>289000001</misses>
				<total>266</total>
				<timestamp>2709.924408</timestamp>
			</report>
			<report>
				<misses>289100001</misses>
				<total>266</total>
				<timestamp>2710.867814</timestamp>
			</report>
			<report>
				<misses>289200001</misses>
				<total>266</total>
				<timestamp>2711.809659</timestamp>
			</report>
			<report>
				<misses>289300001</misses>
				<total>266</total>
				<timestamp>2712.753627</timestamp>
			</report>
			<report>
				<misses>289400001</misses>
				<total>266</total>
				<timestamp>2713.696200</timestamp>
			</report>
			<report>
				<misses>289500001</misses>
				<total>266</total>
				<timestamp>2714.639753</timestamp>
			</report>
			<report>
				<misses>289600001</misses>
				<total>266</total>
				<timestamp>2715.585745</timestamp>
			</report>
			<report>
				<misses>289700001</misses>
				<total>266</total>
				<timestamp>2716.530316</timestamp>
			</report>
			<report>
				<misses>289800001</misses>
				<total>266</total>
				<timestamp>2717.473655</timestamp>
			</report>
			<report>
				<misses>289900001</misses>
				<total>266</total>
				<timestamp>2718.413776</timestamp>
			</report>
			<report>
				<misses>290000001</misses>
				<total>266</total>
				<timestamp>2719.352318</timestamp>
			</report>
			<report>
				<misses>290100001</misses>
				<total>266</total>
				<timestamp>2720.292789</timestamp>
			</report>
			<report>
				<misses>290200001</misses>
				<total>266</total>
				<timestamp>2721.233786</timestamp>
			</report>
			<report>
				<misses>290300001</misses>
				<total>266</total>
				<timestamp>2722.175216</timestamp>
			</report>
			<report>
				<misses>290400001</misses>
				<total>266</total>
				<timestamp>2723.114357</timestamp>
			</report>
			<report>
				<misses>290500001</misses>
				<total>266</total>
				<timestamp>2724.053507</timestamp>
			</report>
			<report>
				<misses>290600001</misses>
				<total>266</total>
				<timestamp>2724.993234</timestamp>
			</report>
			<report>
				<misses>290700001</misses>
				<total>266</total>
				<timestamp>2725.933843</timestamp>
			</report>
			<report>
				<misses>290800001</misses>
				<total>266</total>
				<timestamp>2726.874395</timestamp>
			</report>
			<report>
				<misses>290900001</misses>
				<total>266</total>
				<timestamp>2727.814646</timestamp>
			</report>
			<report>
				<misses>291000001</misses>
				<total>266</total>
				<timestamp>2728.759086</timestamp>
			</report>
			<report>
				<misses>291100001</misses>
				<total>266</total>
				<timestamp>2729.700675</timestamp>
			</report>
			<report>
				<misses>291200001</misses>
				<total>266</total>
				<timestamp>2730.639949</timestamp>
			</report>
			<report>
				<misses>291300001</misses>
				<total>266</total>
				<timestamp>2731.578114</timestamp>
			</report>
			<report>
				<misses>291400001</misses>
				<total>266</total>
				<timestamp>2732.514714</timestamp>
			</report>
			<report>
				<misses>291500001</misses>
				<total>266</total>
				<timestamp>2733.453075</timestamp>
			</report>
			<report>
				<misses>291600001</misses>
				<total>266</total>
				<timestamp>2734.391096</timestamp>
			</report>
			<report>
				<misses>291700001</misses>
				<total>266</total>
				<timestamp>2735.328525</timestamp>
			</report>
			<report>
				<misses>291800001</misses>
				<total>266</total>
				<timestamp>2736.267373</timestamp>
			</report>
			<report>
				<misses>291900001</misses>
				<total>266</total>
				<timestamp>2737.205584</timestamp>
			</report>
			<report>
				<misses>292000001</misses>
				<total>266</total>
				<timestamp>2738.142883</timestamp>
			</report>
			<report>
				<misses>292100001</misses>
				<total>266</total>
				<timestamp>2739.087464</timestamp>
			</report>
			<report>
				<misses>292200001</misses>
				<total>266</total>
				<timestamp>2740.031143</timestamp>
			</report>
			<report>
				<misses>292300001</misses>
				<total>266</total>
				<timestamp>2740.974465</timestamp>
			</report>
			<report>
				<misses>292400001</misses>
				<total>266</total>
				<timestamp>2741.916713</timestamp>
			</report>
			<report>
				<misses>292500001</misses>
				<total>266</total>
				<timestamp>2742.858918</timestamp>
			</report>
			<report>
				<misses>292600001</misses>
				<total>266</total>
				<timestamp>2743.799858</timestamp>
			</report>
			<report>
				<misses>292700001</misses>
				<total>266</total>
				<timestamp>2744.735610</timestamp>
			</report>
			<report>
				<misses>292800001</misses>
				<total>266</total>
				<timestamp>2745.671386</timestamp>
			</report>
			<report>
				<misses>292900001</misses>
				<total>266</total>
				<timestamp>2746.605711</timestamp>
			</report>
			<report>
				<misses>293000001</misses>
				<total>266</total>
				<timestamp>2747.539208</timestamp>
			</report>
			<report>
				<misses>293100001</misses>
				<total>266</total>
				<timestamp>2748.471354</timestamp>
			</report>
			<report>
				<misses>293200001</misses>
				<total>266</total>
				<timestamp>2749.403288</timestamp>
			</report>
			<report>
				<misses>293300001</misses>
				<total>266</total>
				<timestamp>2750.333599</timestamp>
			</report>
			<report>
				<misses>293400001</misses>
				<total>266</total>
				<timestamp>2751.262600</timestamp>
			</report>
			<report>
				<misses>293500001</misses>
				<total>266</total>
				<timestamp>2752.191957</timestamp>
			</report>
			<report>
				<misses>293600001</misses>
				<total>266</total>
				<timestamp>2753.121239</timestamp>
			</report>
			<report>
				<misses>293700001</misses>
				<total>266</total>
				<timestamp>2754.048498</timestamp>
			</report>
			<report>
				<misses>293800001</misses>
				<total>266</total>
				<timestamp>2754.976729</timestamp>
			</report>
			<report>
				<misses>293900001</misses>
				<total>266</total>
				<timestamp>2755.905118</timestamp>
			</report>
			<report>
				<misses>294000001</misses>
				<total>266</total>
				<timestamp>2756.831747</timestamp>
			</report>
			<report>
				<misses>294100001</misses>
				<total>266</total>
				<timestamp>2757.758581</timestamp>
			</report>
			<report>
				<misses>294200001</misses>
				<total>266</total>
				<timestamp>2758.685538</timestamp>
			</report>
			<report>
				<misses>294300001</misses>
				<total>266</total>
				<timestamp>2759.613325</timestamp>
			</report>
			<report>
				<misses>294400001</misses>
				<total>266</total>
				<timestamp>2760.541152</timestamp>
			</report>
			<report>
				<misses>294500001</misses>
				<total>266</total>
				<timestamp>2761.471159</timestamp>
			</report>
			<report>
				<misses>294600001</misses>
				<total>266</total>
				<timestamp>2762.401069</timestamp>
			</report>
			<report>
				<misses>294700001</misses>
				<total>266</total>
				<timestamp>2763.330559</timestamp>
			</report>
			<report>
				<misses>294800001</misses>
				<total>266</total>
				<timestamp>2764.260597</timestamp>
			</report>
			<report>
				<misses>294900001</misses>
				<total>266</total>
				<timestamp>2765.190133</timestamp>
			</report>
			<report>
				<misses>295000001</misses>
				<total>266</total>
				<timestamp>2766.120220</timestamp>
			</report>
			<report>
				<misses>295100001</misses>
				<total>266</total>
				<timestamp>2767.056314</timestamp>
			</report>
			<report>
				<misses>295200001</misses>
				<total>266</total>
				<timestamp>2767.990381</timestamp>
			</report>
			<report>
				<misses>295300001</misses>
				<total>266</total>
				<timestamp>2768.922595</timestamp>
			</report>
			<report>
				<misses>295400001</misses>
				<total>266</total>
				<timestamp>2769.856166</timestamp>
			</report>
			<report>
				<misses>295500001</misses>
				<total>266</total>
				<timestamp>2770.789910</timestamp>
			</report>
			<report>
				<misses>295600001</misses>
				<total>266</total>
				<timestamp>2771.724801</timestamp>
			</report>
			<report>
				<misses>295700001</misses>
				<total>266</total>
				<timestamp>2772.663184</timestamp>
			</report>
			<report>
				<misses>295800001</misses>
				<total>266</total>
				<timestamp>2773.606723</timestamp>
			</report>
			<report>
				<misses>295900001</misses>
				<total>266</total>
				<timestamp>2774.539736</timestamp>
			</report>
			<report>
				<misses>296000001</misses>
				<total>266</total>
				<timestamp>2775.472494</timestamp>
			</report>
			<report>
				<misses>296100001</misses>
				<total>266</total>
				<timestamp>2776.405430</timestamp>
			</report>
			<report>
				<misses>296200001</misses>
				<total>266</total>
				<timestamp>2777.339476</timestamp>
			</report>
			<report>
				<misses>296300001</misses>
				<total>266</total>
				<timestamp>2778.272787</timestamp>
			</report>
			<report>
				<misses>296400001</misses>
				<total>266</total>
				<timestamp>2779.206828</timestamp>
			</report>
			<report>
				<misses>296500001</misses>
				<total>266</total>
				<timestamp>2780.139744</timestamp>
			</report>
			<report>
				<misses>296600001</misses>
				<total>266</total>
				<timestamp>2781.073902</timestamp>
			</report>
			<report>
				<misses>296700001</misses>
				<total>266</total>
				<timestamp>2782.007471</timestamp>
			</report>
			<report>
				<misses>296800001</misses>
				<total>266</total>
				<timestamp>2782.941176</timestamp>
			</report>
			<report>
				<misses>296900001</misses>
				<total>266</total>
				<timestamp>2783.873772</timestamp>
			</report>
			<report>
				<misses>297000001</misses>
				<total>266</total>
				<timestamp>2784.809133</timestamp>
			</report>
			<report>
				<misses>297100001</misses>
				<total>266</total>
				<timestamp>2785.748726</timestamp>
			</report>
			<report>
				<misses>297200001</misses>
				<total>266</total>
				<timestamp>2786.687776</timestamp>
			</report>
			<report>
				<misses>297300001</misses>
				<total>266</total>
				<timestamp>2787.626214</timestamp>
			</report>
			<report>
				<misses>297400001</misses>
				<total>266</total>
				<timestamp>2788.566373</timestamp>
			</report>
			<report>
				<misses>297500001</misses>
				<total>266</total>
				<timestamp>2789.506415</timestamp>
			</report>
			<report>
				<misses>297600001</misses>
				<total>266</total>
				<timestamp>2790.439966</timestamp>
			</report>
			<report>
				<misses>297700001</misses>
				<total>266</total>
				<timestamp>2791.373879</timestamp>
			</report>
			<report>
				<misses>297800001</misses>
				<total>266</total>
				<timestamp>2792.307314</timestamp>
			</report>
			<report>
				<misses>297900001</misses>
				<total>266</total>
				<timestamp>2793.240711</timestamp>
			</report>
			<report>
				<misses>298000001</misses>
				<total>266</total>
				<timestamp>2794.173650</timestamp>
			</report>
			<report>
				<misses>298100001</misses>
				<total>266</total>
				<timestamp>2795.107670</timestamp>
			</report>
			<report>
				<misses>298200001</misses>
				<total>266</total>
				<timestamp>2796.039068</timestamp>
			</report>
			<report>
				<misses>298300001</misses>
				<total>266</total>
				<timestamp>2796.973112</timestamp>
			</report>
			<report>
				<misses>298400001</misses>
				<total>266</total>
				<timestamp>2797.905136</timestamp>
			</report>
			<report>
				<misses>298500001</misses>
				<total>266</total>
				<timestamp>2798.837573</timestamp>
			</report>
			<report>
				<misses>298600001</misses>
				<total>266</total>
				<timestamp>2799.770851</timestamp>
			</report>
			<report>
				<misses>298700001</misses>
				<total>266</total>
				<timestamp>2800.705660</timestamp>
			</report>
			<report>
				<misses>298800001</misses>
				<total>266</total>
				<timestamp>2801.638876</timestamp>
			</report>
			<report>
				<misses>298900001</misses>
				<total>266</total>
				<timestamp>2802.572797</timestamp>
			</report>
			<report>
				<misses>299000001</misses>
				<total>266</total>
				<timestamp>2803.507142</timestamp>
			</report>
			<report>
				<misses>299100001</misses>
				<total>266</total>
				<timestamp>2804.439946</timestamp>
			</report>
			<report>
				<misses>299200001</misses>
				<total>266</total>
				<timestamp>2805.372743</timestamp>
			</report>
			<report>
				<misses>299300001</misses>
				<total>266</total>
				<timestamp>2806.306626</timestamp>
			</report>
			<report>
				<misses>299400001</misses>
				<total>266</total>
				<timestamp>2807.239944</timestamp>
			</report>
			<report>
				<misses>299500001</misses>
				<total>266</total>
				<timestamp>2808.172715</timestamp>
			</report>
			<report>
				<misses>299600001</misses>
				<total>266</total>
				<timestamp>2809.106036</timestamp>
			</report>
			<report>
				<misses>299700001</misses>
				<total>266</total>
				<timestamp>2810.037576</timestamp>
			</report>
			<report>
				<misses>299800001</misses>
				<total>266</total>
				<timestamp>2810.967795</timestamp>
			</report>
			<report>
				<misses>299900001</misses>
				<total>266</total>
				<timestamp>2811.897676</timestamp>
			</report>
			<report>
				<misses>300000001</misses>
				<total>266</total>
				<timestamp>2812.828682</timestamp>
			</report>
			<report>
				<misses>300100001</misses>
				<total>266</total>
				<timestamp>2813.761197</timestamp>
			</report>
			<report>
				<misses>300200001</misses>
				<total>266</total>
				<timestamp>2814.697170</timestamp>
			</report>
			<report>
				<misses>300300001</misses>
				<total>266</total>
				<timestamp>2815.629471</timestamp>
			</report>
			<report>
				<misses>300400001</misses>
				<total>266</total>
				<timestamp>2816.560524</timestamp>
			</report>
			<report>
				<misses>300500001</misses>
				<total>266</total>
				<timestamp>2817.490945</timestamp>
			</report>
			<report>
				<misses>300600001</misses>
				<total>266</total>
				<timestamp>2818.423206</timestamp>
			</report>
			<report>
				<misses>300700001</misses>
				<total>266</total>
				<timestamp>2819.357195</timestamp>
			</report>
			<report>
				<misses>300800001</misses>
				<total>266</total>
				<timestamp>2820.288007</timestamp>
			</report>
			<report>
				<misses>300900001</misses>
				<total>266</total>
				<timestamp>2821.220140</timestamp>
			</report>
			<report>
				<misses>301000001</misses>
				<total>266</total>
				<timestamp>2822.152987</timestamp>
			</report>
			<report>
				<misses>301100001</misses>
				<total>266</total>
				<timestamp>2823.084382</timestamp>
			</report>
			<report>
				<misses>301200001</misses>
				<total>266</total>
				<timestamp>2824.018049</timestamp>
			</report>
			<report>
				<misses>301300001</misses>
				<total>266</total>
				<timestamp>2824.953353</timestamp>
			</report>
			<report>
				<misses>301400001</misses>
				<total>266</total>
				<timestamp>2825.885911</timestamp>
			</report>
			<report>
				<misses>301500001</misses>
				<total>266</total>
				<timestamp>2826.819312</timestamp>
			</report>
			<report>
				<misses>301600001</misses>
				<total>266</total>
				<timestamp>2827.754598</timestamp>
			</report>
			<report>
				<misses>301700001</misses>
				<total>266</total>
				<timestamp>2828.687161</timestamp>
			</report>
			<report>
				<misses>301800001</misses>
				<total>266</total>
				<timestamp>2829.620248</timestamp>
			</report>
			<report>
				<misses>301900001</misses>
				<total>266</total>
				<timestamp>2830.559351</timestamp>
			</report>
			<report>
				<misses>302000001</misses>
				<total>266</total>
				<timestamp>2831.498233</timestamp>
			</report>
			<report>
				<misses>302100001</misses>
				<total>266</total>
				<timestamp>2832.436558</timestamp>
			</report>
			<report>
				<misses>302200001</misses>
				<total>266</total>
				<timestamp>2833.375950</timestamp>
			</report>
			<report>
				<misses>302300001</misses>
				<total>266</total>
				<timestamp>2834.315069</timestamp>
			</report>
			<report>
				<misses>302400001</misses>
				<total>266</total>
				<timestamp>2835.247615</timestamp>
			</report>
			<report>
				<misses>302500001</misses>
				<total>266</total>
				<timestamp>2836.179775</timestamp>
			</report>
			<report>
				<misses>302600001</misses>
				<total>266</total>
				<timestamp>2837.112043</timestamp>
			</report>
			<report>
				<misses>302700001</misses>
				<total>266</total>
				<timestamp>2838.046239</timestamp>
			</report>
			<report>
				<misses>302800001</misses>
				<total>266</total>
				<timestamp>2838.978797</timestamp>
			</report>
			<report>
				<misses>302900001</misses>
				<total>266</total>
				<timestamp>2839.910199</timestamp>
			</report>
			<report>
				<misses>303000001</misses>
				<total>266</total>
				<timestamp>2840.843735</timestamp>
			</report>
			<report>
				<misses>303100001</misses>
				<total>266</total>
				<timestamp>2841.777165</timestamp>
			</report>
			<report>
				<misses>303200001</misses>
				<total>266</total>
				<timestamp>2842.708970</timestamp>
			</report>
			<report>
				<misses>303300001</misses>
				<total>266</total>
				<timestamp>2843.640143</timestamp>
			</report>
			<report>
				<misses>303400001</misses>
				<total>266</total>
				<timestamp>2844.571655</timestamp>
			</report>
			<report>
				<misses>303500001</misses>
				<total>266</total>
				<timestamp>2845.501419</timestamp>
			</report>
			<report>
				<misses>303600001</misses>
				<total>266</total>
				<timestamp>2846.434032</timestamp>
			</report>
			<report>
				<misses>303700001</misses>
				<total>266</total>
				<timestamp>2847.364981</timestamp>
			</report>
			<report>
				<misses>303800001</misses>
				<total>266</total>
				<timestamp>2848.297278</timestamp>
			</report>
			<report>
				<misses>303900001</misses>
				<total>266</total>
				<timestamp>2849.228943</timestamp>
			</report>
			<report>
				<misses>304000001</misses>
				<total>266</total>
				<timestamp>2850.158846</timestamp>
			</report>
			<report>
				<misses>304100001</misses>
				<total>266</total>
				<timestamp>2851.088740</timestamp>
			</report>
			<report>
				<misses>304200001</misses>
				<total>266</total>
				<timestamp>2852.020096</timestamp>
			</report>
			<report>
				<misses>304300001</misses>
				<total>266</total>
				<timestamp>2852.952943</timestamp>
			</report>
			<report>
				<misses>304400001</misses>
				<total>266</total>
				<timestamp>2853.885200</timestamp>
			</report>
			<report>
				<misses>304500001</misses>
				<total>266</total>
				<timestamp>2854.821234</timestamp>
			</report>
			<report>
				<misses>304600001</misses>
				<total>266</total>
				<timestamp>2855.750609</timestamp>
			</report>
			<report>
				<misses>304700001</misses>
				<total>266</total>
				<timestamp>2856.681027</timestamp>
			</report>
			<report>
				<misses>304800001</misses>
				<total>266</total>
				<timestamp>2857.613615</timestamp>
			</report>
			<report>
				<misses>304900001</misses>
				<total>266</total>
				<timestamp>2858.544243</timestamp>
			</report>
			<report>
				<misses>305000001</misses>
				<total>266</total>
				<timestamp>2859.473229</timestamp>
			</report>
			<report>
				<misses>305100001</misses>
				<total>266</total>
				<timestamp>2860.403949</timestamp>
			</report>
			<report>
				<misses>305200001</misses>
				<total>266</total>
				<timestamp>2861.336745</timestamp>
			</report>
			<report>
				<misses>305300001</misses>
				<total>266</total>
				<timestamp>2862.271042</timestamp>
			</report>
			<report>
				<misses>305400001</misses>
				<total>266</total>
				<timestamp>2863.203384</timestamp>
			</report>
			<report>
				<misses>305500001</misses>
				<total>266</total>
				<timestamp>2864.133818</timestamp>
			</report>
			<report>
				<misses>305600001</misses>
				<total>266</total>
				<timestamp>2865.065805</timestamp>
			</report>
			<report>
				<misses>305700001</misses>
				<total>266</total>
				<timestamp>2865.998483</timestamp>
			</report>
			<report>
				<misses>305800001</misses>
				<total>266</total>
				<timestamp>2866.931130</timestamp>
			</report>
			<report>
				<misses>305900001</misses>
				<total>266</total>
				<timestamp>2867.864828</timestamp>
			</report>
			<report>
				<misses>306000001</misses>
				<total>266</total>
				<timestamp>2868.797275</timestamp>
			</report>
			<report>
				<misses>306100001</misses>
				<total>266</total>
				<timestamp>2869.729666</timestamp>
			</report>
			<report>
				<misses>306200001</misses>
				<total>266</total>
				<timestamp>2870.661742</timestamp>
			</report>
			<report>
				<misses>306300001</misses>
				<total>266</total>
				<timestamp>2871.593560</timestamp>
			</report>
			<report>
				<misses>306400001</misses>
				<total>266</total>
				<timestamp>2872.525142</timestamp>
			</report>
			<report>
				<misses>306500001</misses>
				<total>266</total>
				<timestamp>2873.457209</timestamp>
			</report>
			<report>
				<misses>306600001</misses>
				<total>266</total>
				<timestamp>2874.392044</timestamp>
			</report>
			<report>
				<misses>306700001</misses>
				<total>266</total>
				<timestamp>2875.328436</timestamp>
			</report>
			<report>
				<misses>306800001</misses>
				<total>266</total>
				<timestamp>2876.265271</timestamp>
			</report>
			<report>
				<misses>306900001</misses>
				<total>266</total>
				<timestamp>2877.204485</timestamp>
			</report>
			<report>
				<misses>307000001</misses>
				<total>266</total>
				<timestamp>2878.142249</timestamp>
			</report>
			<report>
				<misses>307100001</misses>
				<total>266</total>
				<timestamp>2879.078447</timestamp>
			</report>
			<report>
				<misses>307200001</misses>
				<total>266</total>
				<timestamp>2880.015597</timestamp>
			</report>
			<report>
				<misses>307300001</misses>
				<total>266</total>
				<timestamp>2880.947477</timestamp>
			</report>
			<report>
				<misses>307400001</misses>
				<total>266</total>
				<timestamp>2881.879110</timestamp>
			</report>
			<report>
				<misses>307500001</misses>
				<total>266</total>
				<timestamp>2882.813391</timestamp>
			</report>
			<report>
				<misses>307600001</misses>
				<total>266</total>
				<timestamp>2883.745329</timestamp>
			</report>
			<report>
				<misses>307700001</misses>
				<total>266</total>
				<timestamp>2884.676115</timestamp>
			</report>
			<report>
				<misses>307800001</misses>
				<total>266</total>
				<timestamp>2885.608690</timestamp>
			</report>
			<report>
				<misses>307900001</misses>
				<total>266</total>
				<timestamp>2886.542178</timestamp>
			</report>
			<report>
				<misses>308000001</misses>
				<total>266</total>
				<timestamp>2887.472301</timestamp>
			</report>
			<report>
				<misses>308100001</misses>
				<total>266</total>
				<timestamp>2888.406366</timestamp>
			</report>
			<report>
				<misses>308200001</misses>
				<total>266</total>
				<timestamp>2889.349891</timestamp>
			</report>
			<report>
				<misses>308300001</misses>
				<total>266</total>
				<timestamp>2890.282438</timestamp>
			</report>
			<report>
				<misses>308400001</misses>
				<total>266</total>
				<timestamp>2891.215077</timestamp>
			</report>
			<report>
				<misses>308500001</misses>
				<total>266</total>
				<timestamp>2892.147761</timestamp>
			</report>
			<report>
				<misses>308600001</misses>
				<total>266</total>
				<timestamp>2893.080638</timestamp>
			</report>
			<report>
				<misses>308700001</misses>
				<total>266</total>
				<timestamp>2894.010596</timestamp>
			</report>
			<report>
				<misses>308800001</misses>
				<total>266</total>
				<timestamp>2894.941228</timestamp>
			</report>
			<report>
				<misses>308900001</misses>
				<total>266</total>
				<timestamp>2895.874830</timestamp>
			</report>
			<report>
				<misses>309000001</misses>
				<total>266</total>
				<timestamp>2896.805812</timestamp>
			</report>
			<report>
				<misses>309100001</misses>
				<total>266</total>
				<timestamp>2897.737506</timestamp>
			</report>
			<report>
				<misses>309200001</misses>
				<total>266</total>
				<timestamp>2898.668287</timestamp>
			</report>
			<report>
				<misses>309300001</misses>
				<total>266</total>
				<timestamp>2899.601065</timestamp>
			</report>
			<report>
				<misses>309400001</misses>
				<total>266</total>
				<timestamp>2900.535245</timestamp>
			</report>
			<report>
				<misses>309500001</misses>
				<total>266</total>
				<timestamp>2901.464296</timestamp>
			</report>
			<report>
				<misses>309600001</misses>
				<total>266</total>
				<timestamp>2902.394919</timestamp>
			</report>
			<report>
				<misses>309700001</misses>
				<total>266</total>
				<timestamp>2903.325547</timestamp>
			</report>
			<report>
				<misses>309800001</misses>
				<total>266</total>
				<timestamp>2904.262327</timestamp>
			</report>
			<report>
				<misses>309900001</misses>
				<total>266</total>
				<timestamp>2905.193382</timestamp>
			</report>
			<report>
				<misses>310000001</misses>
				<total>266</total>
				<timestamp>2906.123919</timestamp>
			</report>
			<report>
				<misses>310100001</misses>
				<total>266</total>
				<timestamp>2907.055494</timestamp>
			</report>
			<report>
				<misses>310200001</misses>
				<total>266</total>
				<timestamp>2907.987151</timestamp>
			</report>
			<report>
				<misses>310300001</misses>
				<total>266</total>
				<timestamp>2908.917730</timestamp>
			</report>
			<report>
				<misses>310400001</misses>
				<total>266</total>
				<timestamp>2909.848438</timestamp>
			</report>
			<report>
				<misses>310500001</misses>
				<total>266</total>
				<timestamp>2910.780240</timestamp>
			</report>
			<report>
				<misses>310600001</misses>
				<total>266</total>
				<timestamp>2911.710430</timestamp>
			</report>
			<report>
				<misses>310700001</misses>
				<total>266</total>
				<timestamp>2912.642544</timestamp>
			</report>
			<report>
				<misses>310800001</misses>
				<total>266</total>
				<timestamp>2913.575446</timestamp>
			</report>
			<report>
				<misses>310900001</misses>
				<total>266</total>
				<timestamp>2914.506883</timestamp>
			</report>
			<report>
				<misses>311000001</misses>
				<total>266</total>
				<timestamp>2915.435779</timestamp>
			</report>
			<report>
				<misses>311100001</misses>
				<total>266</total>
				<timestamp>2916.368132</timestamp>
			</report>
			<report>
				<misses>311200001</misses>
				<total>266</total>
				<timestamp>2917.303959</timestamp>
			</report>
			<report>
				<misses>311300001</misses>
				<total>266</total>
				<timestamp>2918.239053</timestamp>
			</report>
			<report>
				<misses>311400001</misses>
				<total>266</total>
				<timestamp>2919.172610</timestamp>
			</report>
			<report>
				<misses>311500001</misses>
				<total>266</total>
				<timestamp>2920.108791</timestamp>
			</report>
			<report>
				<misses>311600001</misses>
				<total>266</total>
				<timestamp>2921.048695</timestamp>
			</report>
			<report>
				<misses>311700001</misses>
				<total>266</total>
				<timestamp>2921.987831</timestamp>
			</report>
			<report>
				<misses>311800001</misses>
				<total>266</total>
				<timestamp>2922.927585</timestamp>
			</report>
			<report>
				<misses>311900001</misses>
				<total>266</total>
				<timestamp>2923.866442</timestamp>
			</report>
			<report>
				<misses>312000001</misses>
				<total>266</total>
				<timestamp>2924.802900</timestamp>
			</report>
			<report>
				<misses>312100001</misses>
				<total>266</total>
				<timestamp>2925.735049</timestamp>
			</report>
			<report>
				<misses>312200001</misses>
				<total>266</total>
				<timestamp>2926.668910</timestamp>
			</report>
			<report>
				<misses>312300001</misses>
				<total>266</total>
				<timestamp>2927.604138</timestamp>
			</report>
			<report>
				<misses>312400001</misses>
				<total>266</total>
				<timestamp>2928.536358</timestamp>
			</report>
			<report>
				<misses>312500001</misses>
				<total>266</total>
				<timestamp>2929.469247</timestamp>
			</report>
			<report>
				<misses>312600001</misses>
				<total>266</total>
				<timestamp>2930.401255</timestamp>
			</report>
			<report>
				<misses>312700001</misses>
				<total>266</total>
				<timestamp>2931.334290</timestamp>
			</report>
			<report>
				<misses>312800001</misses>
				<total>266</total>
				<timestamp>2932.265076</timestamp>
			</report>
			<report>
				<misses>312900001</misses>
				<total>266</total>
				<timestamp>2933.195654</timestamp>
			</report>
			<report>
				<misses>313000001</misses>
				<total>266</total>
				<timestamp>2934.132247</timestamp>
			</report>
			<report>
				<misses>313100001</misses>
				<total>266</total>
				<timestamp>2935.081844</timestamp>
			</report>
			<report>
				<misses>313200001</misses>
				<total>266</total>
				<timestamp>2936.020171</timestamp>
			</report>
			<report>
				<misses>313300001</misses>
				<total>266</total>
				<timestamp>2936.958332</timestamp>
			</report>
			<report>
				<misses>313400001</misses>
				<total>266</total>
				<timestamp>2937.895415</timestamp>
			</report>
			<report>
				<misses>313500001</misses>
				<total>266</total>
				<timestamp>2938.832244</timestamp>
			</report>
			<report>
				<misses>313600001</misses>
				<total>266</total>
				<timestamp>2939.769972</timestamp>
			</report>
			<report>
				<misses>313700001</misses>
				<total>266</total>
				<timestamp>2940.707572</timestamp>
			</report>
			<report>
				<misses>313800001</misses>
				<total>266</total>
				<timestamp>2941.644549</timestamp>
			</report>
			<report>
				<misses>313900001</misses>
				<total>266</total>
				<timestamp>2942.583222</timestamp>
			</report>
			<report>
				<misses>314000001</misses>
				<total>266</total>
				<timestamp>2943.519971</timestamp>
			</report>
			<report>
				<misses>314100001</misses>
				<total>266</total>
				<timestamp>2944.457585</timestamp>
			</report>
			<report>
				<misses>314200001</misses>
				<total>266</total>
				<timestamp>2945.394950</timestamp>
			</report>
			<report>
				<misses>314300001</misses>
				<total>266</total>
				<timestamp>2946.333741</timestamp>
			</report>
			<report>
				<misses>314400001</misses>
				<total>266</total>
				<timestamp>2947.269346</timestamp>
			</report>
			<report>
				<misses>314500001</misses>
				<total>266</total>
				<timestamp>2948.197767</timestamp>
			</report>
			<report>
				<misses>314600001</misses>
				<total>266</total>
				<timestamp>2949.122338</timestamp>
			</report>
			<report>
				<misses>314700001</misses>
				<total>266</total>
				<timestamp>2950.047222</timestamp>
			</report>
			<report>
				<misses>314800001</misses>
				<total>266</total>
				<timestamp>2950.974656</timestamp>
			</report>
			<report>
				<misses>314900001</misses>
				<total>266</total>
				<timestamp>2951.902872</timestamp>
			</report>
			<report>
				<misses>315000001</misses>
				<total>266</total>
				<timestamp>2952.830852</timestamp>
			</report>
			<report>
				<misses>315100001</misses>
				<total>266</total>
				<timestamp>2953.757213</timestamp>
			</report>
			<report>
				<misses>315200001</misses>
				<total>266</total>
				<timestamp>2954.683866</timestamp>
			</report>
			<report>
				<misses>315300001</misses>
				<total>266</total>
				<timestamp>2955.610108</timestamp>
			</report>
			<report>
				<misses>315400001</misses>
				<total>266</total>
				<timestamp>2956.537459</timestamp>
			</report>
			<report>
				<misses>315500001</misses>
				<total>266</total>
				<timestamp>2957.464781</timestamp>
			</report>
			<report>
				<misses>315600001</misses>
				<total>266</total>
				<timestamp>2958.392647</timestamp>
			</report>
			<report>
				<misses>315700001</misses>
				<total>266</total>
				<timestamp>2959.319977</timestamp>
			</report>
			<report>
				<misses>315800001</misses>
				<total>266</total>
				<timestamp>2960.246077</timestamp>
			</report>
			<report>
				<misses>315900001</misses>
				<total>266</total>
				<timestamp>2961.172845</timestamp>
			</report>
			<report>
				<misses>316000001</misses>
				<total>266</total>
				<timestamp>2962.109582</timestamp>
			</report>
			<report>
				<misses>316100001</misses>
				<total>266</total>
				<timestamp>2963.055054</timestamp>
			</report>
			<report>
				<misses>316200001</misses>
				<total>266</total>
				<timestamp>2964.001214</timestamp>
			</report>
			<report>
				<misses>316300001</misses>
				<total>266</total>
				<timestamp>2964.954259</timestamp>
			</report>
			<report>
				<misses>316400001</misses>
				<total>266</total>
				<timestamp>2965.902851</timestamp>
			</report>
			<report>
				<misses>316500001</misses>
				<total>266</total>
				<timestamp>2966.854967</timestamp>
			</report>
			<report>
				<misses>316600001</misses>
				<total>266</total>
				<timestamp>2967.805384</timestamp>
			</report>
			<report>
				<misses>316700001</misses>
				<total>266</total>
				<timestamp>2968.756320</timestamp>
			</report>
			<report>
				<misses>316800001</misses>
				<total>266</total>
				<timestamp>2969.707352</timestamp>
			</report>
			<report>
				<misses>316900001</misses>
				<total>266</total>
				<timestamp>2970.652466</timestamp>
			</report>
			<report>
				<misses>317000001</misses>
				<total>266</total>
				<timestamp>2971.593245</timestamp>
			</report>
			<report>
				<misses>317100001</misses>
				<total>266</total>
				<timestamp>2972.534934</timestamp>
			</report>
			<report>
				<misses>317200001</misses>
				<total>266</total>
				<timestamp>2973.476333</timestamp>
			</report>
			<report>
				<misses>317300001</misses>
				<total>266</total>
				<timestamp>2974.417092</timestamp>
			</report>
			<report>
				<misses>317400001</misses>
				<total>266</total>
				<timestamp>2975.359571</timestamp>
			</report>
			<report>
				<misses>317500001</misses>
				<total>266</total>
				<timestamp>2976.297540</timestamp>
			</report>
			<report>
				<misses>317600001</misses>
				<total>266</total>
				<timestamp>2977.234224</timestamp>
			</report>
			<report>
				<misses>317700001</misses>
				<total>266</total>
				<timestamp>2978.171743</timestamp>
			</report>
			<report>
				<misses>317800001</misses>
				<total>266</total>
				<timestamp>2979.105509</timestamp>
			</report>
			<report>
				<misses>317900001</misses>
				<total>266</total>
				<timestamp>2980.044825</timestamp>
			</report>
			<report>
				<misses>318000001</misses>
				<total>266</total>
				<timestamp>2980.981451</timestamp>
			</report>
			<report>
				<misses>318100001</misses>
				<total>266</total>
				<timestamp>2981.922510</timestamp>
			</report>
			<report>
				<misses>318200001</misses>
				<total>266</total>
				<timestamp>2982.863546</timestamp>
			</report>
			<report>
				<misses>318300001</misses>
				<total>266</total>
				<timestamp>2983.803960</timestamp>
			</report>
			<report>
				<misses>318400001</misses>
				<total>266</total>
				<timestamp>2984.744309</timestamp>
			</report>
			<report>
				<misses>318500001</misses>
				<total>266</total>
				<timestamp>2985.684824</timestamp>
			</report>
			<report>
				<misses>318600001</misses>
				<total>266</total>
				<timestamp>2986.625018</timestamp>
			</report>
			<report>
				<misses>318700001</misses>
				<total>266</total>
				<timestamp>2987.566196</timestamp>
			</report>
			<report>
				<misses>318800001</misses>
				<total>266</total>
				<timestamp>2988.508061</timestamp>
			</report>
			<report>
				<misses>318900001</misses>
				<total>266</total>
				<timestamp>2989.449536</timestamp>
			</report>
			<report>
				<misses>319000001</misses>
				<total>266</total>
				<timestamp>2990.388044</timestamp>
			</report>
			<report>
				<misses>319100001</misses>
				<total>266</total>
				<timestamp>2991.328561</timestamp>
			</report>
			<report>
				<misses>319200001</misses>
				<total>266</total>
				<timestamp>2992.269270</timestamp>
			</report>
			<report>
				<misses>319300001</misses>
				<total>266</total>
				<timestamp>2993.211293</timestamp>
			</report>
			<report>
				<misses>319400001</misses>
				<total>266</total>
				<timestamp>2994.152163</timestamp>
			</report>
			<report>
				<misses>319500001</misses>
				<total>266</total>
				<timestamp>2995.094352</timestamp>
			</report>
			<report>
				<misses>319600001</misses>
				<total>266</total>
				<timestamp>2996.033811</timestamp>
			</report>
			<report>
				<misses>319700001</misses>
				<total>266</total>
				<timestamp>2996.974951</timestamp>
			</report>
			<report>
				<misses>319800001</misses>
				<total>266</total>
				<timestamp>2997.915004</timestamp>
			</report>
			<report>
				<misses>319900001</misses>
				<total>266</total>
				<timestamp>2998.855187</timestamp>
			</report>
			<report>
				<misses>320000001</misses>
				<total>266</total>
				<timestamp>2999.795898</timestamp>
			</report>
			<report>
				<misses>320100001</misses>
				<total>266</total>
				<timestamp>3000.735565</timestamp>
			</report>
			<report>
				<misses>320200001</misses>
				<total>266</total>
				<timestamp>3001.674948</timestamp>
			</report>
			<report>
				<misses>320300001</misses>
				<total>266</total>
				<timestamp>3002.613222</timestamp>
			</report>
			<report>
				<misses>320400001</misses>
				<total>266</total>
				<timestamp>3003.551214</timestamp>
			</report>
			<report>
				<misses>320500001</misses>
				<total>266</total>
				<timestamp>3004.488809</timestamp>
			</report>
			<report>
				<misses>320600001</misses>
				<total>266</total>
				<timestamp>3005.426673</timestamp>
			</report>
			<report>
				<misses>320700001</misses>
				<total>266</total>
				<timestamp>3006.360807</timestamp>
			</report>
			<report>
				<misses>320800001</misses>
				<total>266</total>
				<timestamp>3007.299418</timestamp>
			</report>
			<report>
				<misses>320900001</misses>
				<total>266</total>
				<timestamp>3008.241168</timestamp>
			</report>
			<report>
				<misses>321000001</misses>
				<total>266</total>
				<timestamp>3009.181937</timestamp>
			</report>
			<report>
				<misses>321100001</misses>
				<total>266</total>
				<timestamp>3010.123958</timestamp>
			</report>
			<report>
				<misses>321200001</misses>
				<total>266</total>
				<timestamp>3011.070141</timestamp>
			</report>
			<report>
				<misses>321300001</misses>
				<total>266</total>
				<timestamp>3012.018503</timestamp>
			</report>
			<report>
				<misses>321400001</misses>
				<total>266</total>
				<timestamp>3012.964613</timestamp>
			</report>
			<report>
				<misses>321500001</misses>
				<total>266</total>
				<timestamp>3013.910196</timestamp>
			</report>
			<report>
				<misses>321600001</misses>
				<total>266</total>
				<timestamp>3014.855783</timestamp>
			</report>
			<report>
				<misses>321700001</misses>
				<total>266</total>
				<timestamp>3015.793954</timestamp>
			</report>
			<report>
				<misses>321800001</misses>
				<total>266</total>
				<timestamp>3016.734815</timestamp>
			</report>
			<report>
				<misses>321900001</misses>
				<total>266</total>
				<timestamp>3017.677959</timestamp>
			</report>
			<report>
				<misses>322000001</misses>
				<total>266</total>
				<timestamp>3018.619405</timestamp>
			</report>
			<report>
				<misses>322100001</misses>
				<total>266</total>
				<timestamp>3019.548918</timestamp>
			</report>
			<report>
				<misses>322200001</misses>
				<total>266</total>
				<timestamp>3020.476738</timestamp>
			</report>
			<report>
				<misses>322300001</misses>
				<total>266</total>
				<timestamp>3021.407726</timestamp>
			</report>
			<report>
				<misses>322400001</misses>
				<total>266</total>
				<timestamp>3022.351728</timestamp>
			</report>
			<report>
				<misses>322500001</misses>
				<total>266</total>
				<timestamp>3023.295492</timestamp>
			</report>
			<report>
				<misses>322600001</misses>
				<total>266</total>
				<timestamp>3024.245038</timestamp>
			</report>
			<report>
				<misses>322700001</misses>
				<total>266</total>
				<timestamp>3025.190840</timestamp>
			</report>
			<report>
				<misses>322800001</misses>
				<total>266</total>
				<timestamp>3026.135777</timestamp>
			</report>
			<report>
				<misses>322900001</misses>
				<total>266</total>
				<timestamp>3027.081752</timestamp>
			</report>
			<report>
				<misses>323000001</misses>
				<total>266</total>
				<timestamp>3028.026772</timestamp>
			</report>
			<report>
				<misses>323100001</misses>
				<total>266</total>
				<timestamp>3028.972200</timestamp>
			</report>
			<report>
				<misses>323200001</misses>
				<total>266</total>
				<timestamp>3029.919428</timestamp>
			</report>
			<report>
				<misses>323300001</misses>
				<total>266</total>
				<timestamp>3030.865206</timestamp>
			</report>
			<report>
				<misses>323400001</misses>
				<total>266</total>
				<timestamp>3031.810975</timestamp>
			</report>
			<report>
				<misses>323500001</misses>
				<total>266</total>
				<timestamp>3032.755704</timestamp>
			</report>
			<report>
				<misses>323600001</misses>
				<total>266</total>
				<timestamp>3033.705717</timestamp>
			</report>
			<report>
				<misses>323700001</misses>
				<total>266</total>
				<timestamp>3034.650043</timestamp>
			</report>
			<report>
				<misses>323800001</misses>
				<total>266</total>
				<timestamp>3035.594052</timestamp>
			</report>
			<report>
				<misses>323900001</misses>
				<total>266</total>
				<timestamp>3036.537793</timestamp>
			</report>
			<report>
				<misses>324000001</misses>
				<total>266</total>
				<timestamp>3037.479926</timestamp>
			</report>
			<report>
				<misses>324100001</misses>
				<total>266</total>
				<timestamp>3038.419548</timestamp>
			</report>
			<report>
				<misses>324200001</misses>
				<total>266</total>
				<timestamp>3039.358071</timestamp>
			</report>
			<report>
				<misses>324300001</misses>
				<total>266</total>
				<timestamp>3040.295548</timestamp>
			</report>
			<report>
				<misses>324400001</misses>
				<total>266</total>
				<timestamp>3041.234252</timestamp>
			</report>
			<report>
				<misses>324500001</misses>
				<total>266</total>
				<timestamp>3042.171996</timestamp>
			</report>
			<report>
				<misses>324600001</misses>
				<total>266</total>
				<timestamp>3043.111245</timestamp>
			</report>
			<report>
				<misses>324700001</misses>
				<total>266</total>
				<timestamp>3044.049493</timestamp>
			</report>
			<report>
				<misses>324800001</misses>
				<total>266</total>
				<timestamp>3044.987477</timestamp>
			</report>
			<report>
				<misses>324900001</misses>
				<total>266</total>
				<timestamp>3045.929004</timestamp>
			</report>
			<report>
				<misses>325000001</misses>
				<total>266</total>
				<timestamp>3046.864621</timestamp>
			</report>
			<report>
				<misses>325100001</misses>
				<total>266</total>
				<timestamp>3047.803139</timestamp>
			</report>
			<report>
				<misses>325200001</misses>
				<total>266</total>
				<timestamp>3048.743184</timestamp>
			</report>
			<report>
				<misses>325300001</misses>
				<total>266</total>
				<timestamp>3049.682065</timestamp>
			</report>
			<report>
				<misses>325400001</misses>
				<total>266</total>
				<timestamp>3050.627004</timestamp>
			</report>
			<report>
				<misses>325500001</misses>
				<total>266</total>
				<timestamp>3051.565582</timestamp>
			</report>
			<report>
				<misses>325600001</misses>
				<total>266</total>
				<timestamp>3052.505234</timestamp>
			</report>
			<report>
				<misses>325700001</misses>
				<total>266</total>
				<timestamp>3053.444073</timestamp>
			</report>
			<report>
				<misses>325800001</misses>
				<total>266</total>
				<timestamp>3054.386738</timestamp>
			</report>
			<report>
				<misses>325900001</misses>
				<total>266</total>
				<timestamp>3055.335782</timestamp>
			</report>
			<report>
				<misses>326000001</misses>
				<total>266</total>
				<timestamp>3056.288441</timestamp>
			</report>
			<report>
				<misses>326100001</misses>
				<total>266</total>
				<timestamp>3057.240317</timestamp>
			</report>
			<report>
				<misses>326200001</misses>
				<total>266</total>
				<timestamp>3058.190585</timestamp>
			</report>
			<report>
				<misses>326300001</misses>
				<total>266</total>
				<timestamp>3059.143780</timestamp>
			</report>
			<report>
				<misses>326400001</misses>
				<total>266</total>
				<timestamp>3060.093220</timestamp>
			</report>
			<report>
				<misses>326500001</misses>
				<total>266</total>
				<timestamp>3061.037403</timestamp>
			</report>
			<report>
				<misses>326600001</misses>
				<total>266</total>
				<timestamp>3061.981414</timestamp>
			</report>
			<report>
				<misses>326700001</misses>
				<total>266</total>
				<timestamp>3062.927017</timestamp>
			</report>
			<report>
				<misses>326800001</misses>
				<total>266</total>
				<timestamp>3063.872457</timestamp>
			</report>
			<report>
				<misses>326900001</misses>
				<total>266</total>
				<timestamp>3064.817999</timestamp>
			</report>
			<report>
				<misses>327000001</misses>
				<total>266</total>
				<timestamp>3065.764972</timestamp>
			</report>
			<report>
				<misses>327100001</misses>
				<total>266</total>
				<timestamp>3066.710544</timestamp>
			</report>
			<report>
				<misses>327200001</misses>
				<total>266</total>
				<timestamp>3067.657313</timestamp>
			</report>
			<report>
				<misses>327300001</misses>
				<total>266</total>
				<timestamp>3068.604141</timestamp>
			</report>
			<report>
				<misses>327400001</misses>
				<total>266</total>
				<timestamp>3069.549894</timestamp>
			</report>
			<report>
				<misses>327500001</misses>
				<total>266</total>
				<timestamp>3070.493425</timestamp>
			</report>
			<report>
				<misses>327600001</misses>
				<total>266</total>
				<timestamp>3071.437883</timestamp>
			</report>
			<report>
				<misses>327700001</misses>
				<total>266</total>
				<timestamp>3072.379498</timestamp>
			</report>
			<report>
				<misses>327800001</misses>
				<total>266</total>
				<timestamp>3073.323746</timestamp>
			</report>
			<report>
				<misses>327900001</misses>
				<total>266</total>
				<timestamp>3074.267924</timestamp>
			</report>
			<report>
				<misses>328000001</misses>
				<total>266</total>
				<timestamp>3075.210883</timestamp>
			</report>
			<report>
				<misses>328100001</misses>
				<total>266</total>
				<timestamp>3076.155735</timestamp>
			</report>
			<report>
				<misses>328200001</misses>
				<total>266</total>
				<timestamp>3077.099718</timestamp>
			</report>
			<report>
				<misses>328300001</misses>
				<total>266</total>
				<timestamp>3078.043479</timestamp>
			</report>
			<report>
				<misses>328400001</misses>
				<total>266</total>
				<timestamp>3078.987602</timestamp>
			</report>
			<report>
				<misses>328500001</misses>
				<total>266</total>
				<timestamp>3079.931667</timestamp>
			</report>
			<report>
				<misses>328600001</misses>
				<total>266</total>
				<timestamp>3080.874360</timestamp>
			</report>
			<report>
				<misses>328700001</misses>
				<total>266</total>
				<timestamp>3081.817429</timestamp>
			</report>
			<report>
				<misses>328800001</misses>
				<total>266</total>
				<timestamp>3082.758427</timestamp>
			</report>
			<report>
				<misses>328900001</misses>
				<total>266</total>
				<timestamp>3083.703447</timestamp>
			</report>
			<report>
				<misses>329000001</misses>
				<total>266</total>
				<timestamp>3084.649703</timestamp>
			</report>
			<report>
				<misses>329100001</misses>
				<total>266</total>
				<timestamp>3085.596059</timestamp>
			</report>
			<report>
				<misses>329200001</misses>
				<total>266</total>
				<timestamp>3086.544190</timestamp>
			</report>
			<report>
				<misses>329300001</misses>
				<total>266</total>
				<timestamp>3087.491532</timestamp>
			</report>
			<report>
				<misses>329400001</misses>
				<total>266</total>
				<timestamp>3088.438998</timestamp>
			</report>
			<report>
				<misses>329500001</misses>
				<total>266</total>
				<timestamp>3089.383534</timestamp>
			</report>
			<report>
				<misses>329600001</misses>
				<total>266</total>
				<timestamp>3090.326173</timestamp>
			</report>
			<report>
				<misses>329700001</misses>
				<total>266</total>
				<timestamp>3091.266929</timestamp>
			</report>
			<report>
				<misses>329800001</misses>
				<total>266</total>
				<timestamp>3092.208206</timestamp>
			</report>
			<report>
				<misses>329900001</misses>
				<total>266</total>
				<timestamp>3093.150195</timestamp>
			</report>
			<report>
				<misses>330000001</misses>
				<total>266</total>
				<timestamp>3094.089091</timestamp>
			</report>
			<report>
				<misses>330100001</misses>
				<total>266</total>
				<timestamp>3095.033048</timestamp>
			</report>
			<report>
				<misses>330200001</misses>
				<total>266</total>
				<timestamp>3095.979493</timestamp>
			</report>
			<report>
				<misses>330300001</misses>
				<total>266</total>
				<timestamp>3096.929100</timestamp>
			</report>
			<report>
				<misses>330400001</misses>
				<total>266</total>
				<timestamp>3097.875833</timestamp>
			</report>
			<report>
				<misses>330500001</misses>
				<total>266</total>
				<timestamp>3098.821950</timestamp>
			</report>
			<report>
				<misses>330600001</misses>
				<total>266</total>
				<timestamp>3099.768114</timestamp>
			</report>
			<report>
				<misses>330700001</misses>
				<total>266</total>
				<timestamp>3100.713922</timestamp>
			</report>
			<report>
				<misses>330800001</misses>
				<total>266</total>
				<timestamp>3101.659376</timestamp>
			</report>
			<report>
				<misses>330900001</misses>
				<total>266</total>
				<timestamp>3102.605074</timestamp>
			</report>
			<report>
				<misses>331000001</misses>
				<total>266</total>
				<timestamp>3103.551266</timestamp>
			</report>
			<report>
				<misses>331100001</misses>
				<total>266</total>
				<timestamp>3104.497327</timestamp>
			</report>
			<report>
				<misses>331200001</misses>
				<total>266</total>
				<timestamp>3105.440237</timestamp>
			</report>
			<report>
				<misses>331300001</misses>
				<total>266</total>
				<timestamp>3106.386937</timestamp>
			</report>
			<report>
				<misses>331400001</misses>
				<total>266</total>
				<timestamp>3107.333240</timestamp>
			</report>
			<report>
				<misses>331500001</misses>
				<total>266</total>
				<timestamp>3108.281517</timestamp>
			</report>
			<report>
				<misses>331600001</misses>
				<total>266</total>
				<timestamp>3109.227237</timestamp>
			</report>
			<report>
				<misses>331700001</misses>
				<total>266</total>
				<timestamp>3110.171741</timestamp>
			</report>
			<report>
				<misses>331800001</misses>
				<total>266</total>
				<timestamp>3111.117737</timestamp>
			</report>
			<report>
				<misses>331900001</misses>
				<total>266</total>
				<timestamp>3112.061538</timestamp>
			</report>
			<report>
				<misses>332000001</misses>
				<total>266</total>
				<timestamp>3113.005090</timestamp>
			</report>
			<report>
				<misses>332100001</misses>
				<total>266</total>
				<timestamp>3113.955093</timestamp>
			</report>
			<report>
				<misses>332200001</misses>
				<total>266</total>
				<timestamp>3114.907066</timestamp>
			</report>
			<report>
				<misses>332300001</misses>
				<total>266</total>
				<timestamp>3115.859328</timestamp>
			</report>
			<report>
				<misses>332400001</misses>
				<total>266</total>
				<timestamp>3116.811092</timestamp>
			</report>
			<report>
				<misses>332500001</misses>
				<total>266</total>
				<timestamp>3117.762761</timestamp>
			</report>
			<report>
				<misses>332600001</misses>
				<total>266</total>
				<timestamp>3118.711965</timestamp>
			</report>
			<report>
				<misses>332700001</misses>
				<total>266</total>
				<timestamp>3119.657671</timestamp>
			</report>
			<report>
				<misses>332800001</misses>
				<total>266</total>
				<timestamp>3120.603967</timestamp>
			</report>
			<report>
				<misses>332900001</misses>
				<total>266</total>
				<timestamp>3121.550669</timestamp>
			</report>
			<report>
				<misses>333000001</misses>
				<total>266</total>
				<timestamp>3122.496214</timestamp>
			</report>
			<report>
				<misses>333100001</misses>
				<total>266</total>
				<timestamp>3123.442369</timestamp>
			</report>
			<report>
				<misses>333200001</misses>
				<total>266</total>
				<timestamp>3124.389383</timestamp>
			</report>
			<report>
				<misses>333300001</misses>
				<total>266</total>
				<timestamp>3125.334800</timestamp>
			</report>
			<report>
				<misses>333400001</misses>
				<total>266</total>
				<timestamp>3126.280477</timestamp>
			</report>
			<report>
				<misses>333500001</misses>
				<total>266</total>
				<timestamp>3127.226652</timestamp>
			</report>
			<report>
				<misses>333600001</misses>
				<total>266</total>
				<timestamp>3128.172436</timestamp>
			</report>
			<report>
				<misses>333700001</misses>
				<total>266</total>
				<timestamp>3129.117907</timestamp>
			</report>
			<report>
				<misses>333800001</misses>
				<total>266</total>
				<timestamp>3130.062950</timestamp>
			</report>
			<report>
				<misses>333900001</misses>
				<total>266</total>
				<timestamp>3131.009308</timestamp>
			</report>
			<report>
				<misses>334000001</misses>
				<total>266</total>
				<timestamp>3131.955391</timestamp>
			</report>
			<report>
				<misses>334100001</misses>
				<total>266</total>
				<timestamp>3132.900850</timestamp>
			</report>
			<report>
				<misses>334200001</misses>
				<total>266</total>
				<timestamp>3133.847136</timestamp>
			</report>
			<report>
				<misses>334300001</misses>
				<total>266</total>
				<timestamp>3134.793947</timestamp>
			</report>
			<report>
				<misses>334400001</misses>
				<total>266</total>
				<timestamp>3135.740156</timestamp>
			</report>
			<report>
				<misses>334500001</misses>
				<total>266</total>
				<timestamp>3136.685364</timestamp>
			</report>
			<report>
				<misses>334600001</misses>
				<total>266</total>
				<timestamp>3137.628122</timestamp>
			</report>
			<report>
				<misses>334700001</misses>
				<total>266</total>
				<timestamp>3138.573422</timestamp>
			</report>
			<report>
				<misses>334800001</misses>
				<total>266</total>
				<timestamp>3139.518026</timestamp>
			</report>
			<report>
				<misses>334900001</misses>
				<total>266</total>
				<timestamp>3140.464619</timestamp>
			</report>
			<report>
				<misses>335000001</misses>
				<total>266</total>
				<timestamp>3141.410482</timestamp>
			</report>
			<report>
				<misses>335100001</misses>
				<total>266</total>
				<timestamp>3142.356679</timestamp>
			</report>
			<report>
				<misses>335200001</misses>
				<total>266</total>
				<timestamp>3143.308156</timestamp>
			</report>
			<report>
				<misses>335300001</misses>
				<total>266</total>
				<timestamp>3144.260962</timestamp>
			</report>
			<report>
				<misses>335400001</misses>
				<total>266</total>
				<timestamp>3145.212892</timestamp>
			</report>
			<report>
				<misses>335500001</misses>
				<total>266</total>
				<timestamp>3146.165894</timestamp>
			</report>
			<report>
				<misses>335600001</misses>
				<total>266</total>
				<timestamp>3147.118546</timestamp>
			</report>
			<report>
				<misses>335700001</misses>
				<total>266</total>
				<timestamp>3148.066429</timestamp>
			</report>
			<report>
				<misses>335800001</misses>
				<total>266</total>
				<timestamp>3149.011694</timestamp>
			</report>
			<report>
				<misses>335900001</misses>
				<total>266</total>
				<timestamp>3149.957539</timestamp>
			</report>
			<report>
				<misses>336000001</misses>
				<total>266</total>
				<timestamp>3150.903213</timestamp>
			</report>
			<report>
				<misses>336100001</misses>
				<total>266</total>
				<timestamp>3151.847175</timestamp>
			</report>
			<report>
				<misses>336200001</misses>
				<total>266</total>
				<timestamp>3152.792210</timestamp>
			</report>
			<report>
				<misses>336300001</misses>
				<total>266</total>
				<timestamp>3153.736686</timestamp>
			</report>
			<report>
				<misses>336400001</misses>
				<total>266</total>
				<timestamp>3154.681381</timestamp>
			</report>
			<report>
				<misses>336500001</misses>
				<total>266</total>
				<timestamp>3155.625308</timestamp>
			</report>
			<report>
				<misses>336600001</misses>
				<total>266</total>
				<timestamp>3156.568747</timestamp>
			</report>
			<report>
				<misses>336700001</misses>
				<total>266</total>
				<timestamp>3157.510872</timestamp>
			</report>
			<report>
				<misses>336800001</misses>
				<total>266</total>
				<timestamp>3158.454688</timestamp>
			</report>
			<report>
				<misses>336900001</misses>
				<total>266</total>
				<timestamp>3159.398941</timestamp>
			</report>
			<report>
				<misses>337000001</misses>
				<total>266</total>
				<timestamp>3160.343127</timestamp>
			</report>
			<report>
				<misses>337100001</misses>
				<total>266</total>
				<timestamp>3161.287095</timestamp>
			</report>
			<report>
				<misses>337200001</misses>
				<total>266</total>
				<timestamp>3162.229572</timestamp>
			</report>
			<report>
				<misses>337300001</misses>
				<total>266</total>
				<timestamp>3163.172891</timestamp>
			</report>
			<report>
				<misses>337400001</misses>
				<total>266</total>
				<timestamp>3164.116075</timestamp>
			</report>
			<report>
				<misses>337500001</misses>
				<total>266</total>
				<timestamp>3165.059145</timestamp>
			</report>
			<report>
				<misses>337600001</misses>
				<total>266</total>
				<timestamp>3166.003416</timestamp>
			</report>
			<report>
				<misses>337700001</misses>
				<total>266</total>
				<timestamp>3166.947261</timestamp>
			</report>
			<report>
				<misses>337800001</misses>
				<total>266</total>
				<timestamp>3167.887590</timestamp>
			</report>
			<report>
				<misses>337900001</misses>
				<total>266</total>
				<timestamp>3168.827843</timestamp>
			</report>
			<report>
				<misses>338000001</misses>
				<total>266</total>
				<timestamp>3169.769031</timestamp>
			</report>
			<report>
				<misses>338100001</misses>
				<total>266</total>
				<timestamp>3170.709815</timestamp>
			</report>
			<report>
				<misses>338200001</misses>
				<total>266</total>
				<timestamp>3171.648957</timestamp>
			</report>
			<report>
				<misses>338300001</misses>
				<total>266</total>
				<timestamp>3172.595190</timestamp>
			</report>
			<report>
				<misses>338400001</misses>
				<total>266</total>
				<timestamp>3173.540917</timestamp>
			</report>
			<report>
				<misses>338500001</misses>
				<total>266</total>
				<timestamp>3174.486441</timestamp>
			</report>
			<report>
				<misses>338600001</misses>
				<total>266</total>
				<timestamp>3175.431771</timestamp>
			</report>
			<report>
				<misses>338700001</misses>
				<total>266</total>
				<timestamp>3176.378092</timestamp>
			</report>
			<report>
				<misses>338800001</misses>
				<total>266</total>
				<timestamp>3177.319631</timestamp>
			</report>
			<report>
				<misses>338900001</misses>
				<total>266</total>
				<timestamp>3178.260826</timestamp>
			</report>
			<report>
				<misses>339000001</misses>
				<total>266</total>
				<timestamp>3179.201169</timestamp>
			</report>
			<report>
				<misses>339100001</misses>
				<total>266</total>
				<timestamp>3180.141684</timestamp>
			</report>
			<report>
				<misses>339200001</misses>
				<total>266</total>
				<timestamp>3181.083355</timestamp>
			</report>
			<report>
				<misses>339300001</misses>
				<total>266</total>
				<timestamp>3182.022229</timestamp>
			</report>
			<report>
				<misses>339400001</misses>
				<total>266</total>
				<timestamp>3182.961613</timestamp>
			</report>
			<report>
				<misses>339500001</misses>
				<total>266</total>
				<timestamp>3183.902965</timestamp>
			</report>
			<report>
				<misses>339600001</misses>
				<total>266</total>
				<timestamp>3184.843354</timestamp>
			</report>
			<report>
				<misses>339700001</misses>
				<total>266</total>
				<timestamp>3185.782684</timestamp>
			</report>
			<report>
				<misses>339800001</misses>
				<total>266</total>
				<timestamp>3186.722057</timestamp>
			</report>
			<report>
				<misses>339900001</misses>
				<total>266</total>
				<timestamp>3187.660780</timestamp>
			</report>
			<report>
				<misses>340000001</misses>
				<total>266</total>
				<timestamp>3188.601148</timestamp>
			</report>
			<report>
				<misses>340100001</misses>
				<total>266</total>
				<timestamp>3189.539786</timestamp>
			</report>
			<report>
				<misses>340200001</misses>
				<total>266</total>
				<timestamp>3190.472889</timestamp>
			</report>
			<report>
				<misses>340300001</misses>
				<total>266</total>
				<timestamp>3191.404667</timestamp>
			</report>
			<report>
				<misses>340400001</misses>
				<total>266</total>
				<timestamp>3192.338135</timestamp>
			</report>
			<report>
				<misses>340500001</misses>
				<total>266</total>
				<timestamp>3193.270326</timestamp>
			</report>
			<report>
				<misses>340600001</misses>
				<total>266</total>
				<timestamp>3194.203160</timestamp>
			</report>
			<report>
				<misses>340700001</misses>
				<total>266</total>
				<timestamp>3195.134413</timestamp>
			</report>
			<report>
				<misses>340800001</misses>
				<total>266</total>
				<timestamp>3196.065436</timestamp>
			</report>
			<report>
				<misses>340900001</misses>
				<total>266</total>
				<timestamp>3196.996475</timestamp>
			</report>
			<report>
				<misses>341000001</misses>
				<total>266</total>
				<timestamp>3197.928468</timestamp>
			</report>
			<report>
				<misses>341100001</misses>
				<total>266</total>
				<timestamp>3198.860712</timestamp>
			</report>
			<report>
				<misses>341200001</misses>
				<total>266</total>
				<timestamp>3199.791551</timestamp>
			</report>
			<report>
				<misses>341300001</misses>
				<total>266</total>
				<timestamp>3200.723819</timestamp>
			</report>
			<report>
				<misses>341400001</misses>
				<total>266</total>
				<timestamp>3201.661305</timestamp>
			</report>
			<report>
				<misses>341500001</misses>
				<total>266</total>
				<timestamp>3202.597407</timestamp>
			</report>
			<report>
				<misses>341600001</misses>
				<total>266</total>
				<timestamp>3203.533177</timestamp>
			</report>
			<report>
				<misses>341700001</misses>
				<total>266</total>
				<timestamp>3204.469009</timestamp>
			</report>
			<report>
				<misses>341800001</misses>
				<total>266</total>
				<timestamp>3205.405803</timestamp>
			</report>
			<report>
				<misses>341900001</misses>
				<total>266</total>
				<timestamp>3206.338860</timestamp>
			</report>
			<report>
				<misses>342000001</misses>
				<total>266</total>
				<timestamp>3207.269840</timestamp>
			</report>
			<report>
				<misses>342100001</misses>
				<total>266</total>
				<timestamp>3208.201245</timestamp>
			</report>
			<report>
				<misses>342200001</misses>
				<total>266</total>
				<timestamp>3209.133275</timestamp>
			</report>
			<report>
				<misses>342300001</misses>
				<total>266</total>
				<timestamp>3210.065583</timestamp>
			</report>
			<report>
				<misses>342400001</misses>
				<total>266</total>
				<timestamp>3210.997511</timestamp>
			</report>
			<report>
				<misses>342500001</misses>
				<total>266</total>
				<timestamp>3211.928917</timestamp>
			</report>
			<report>
				<misses>342600001</misses>
				<total>266</total>
				<timestamp>3212.859938</timestamp>
			</report>
			<report>
				<misses>342700001</misses>
				<total>266</total>
				<timestamp>3213.790828</timestamp>
			</report>
			<report>
				<misses>342800001</misses>
				<total>266</total>
				<timestamp>3214.721946</timestamp>
			</report>
			<report>
				<misses>342900001</misses>
				<total>266</total>
				<timestamp>3215.652831</timestamp>
			</report>
			<report>
				<misses>343000001</misses>
				<total>266</total>
				<timestamp>3216.584496</timestamp>
			</report>
			<report>
				<misses>343100001</misses>
				<total>266</total>
				<timestamp>3217.515746</timestamp>
			</report>
			<report>
				<misses>343200001</misses>
				<total>266</total>
				<timestamp>3218.450430</timestamp>
			</report>
			<report>
				<misses>343300001</misses>
				<total>266</total>
				<timestamp>3219.387284</timestamp>
			</report>
			<report>
				<misses>343400001</misses>
				<total>266</total>
				<timestamp>3220.324693</timestamp>
			</report>
			<report>
				<misses>343500001</misses>
				<total>266</total>
				<timestamp>3221.262424</timestamp>
			</report>
			<report>
				<misses>343600001</misses>
				<total>266</total>
				<timestamp>3222.200275</timestamp>
			</report>
			<report>
				<misses>343700001</misses>
				<total>266</total>
				<timestamp>3223.137979</timestamp>
			</report>
			<report>
				<misses>343800001</misses>
				<total>266</total>
				<timestamp>3224.074539</timestamp>
			</report>
			<report>
				<misses>343900001</misses>
				<total>266</total>
				<timestamp>3225.012154</timestamp>
			</report>
			<report>
				<misses>344000001</misses>
				<total>266</total>
				<timestamp>3225.948625</timestamp>
			</report>
			<report>
				<misses>344100001</misses>
				<total>266</total>
				<timestamp>3226.888380</timestamp>
			</report>
			<report>
				<misses>344200001</misses>
				<total>266</total>
				<timestamp>3227.830036</timestamp>
			</report>
			<report>
				<misses>344300001</misses>
				<total>266</total>
				<timestamp>3228.772936</timestamp>
			</report>
			<report>
				<misses>344400001</misses>
				<total>266</total>
				<timestamp>3229.716076</timestamp>
			</report>
			<report>
				<misses>344500001</misses>
				<total>266</total>
				<timestamp>3230.662176</timestamp>
			</report>
			<report>
				<misses>344600001</misses>
				<total>266</total>
				<timestamp>3231.609940</timestamp>
			</report>
			<report>
				<misses>344700001</misses>
				<total>266</total>
				<timestamp>3232.557642</timestamp>
			</report>
			<report>
				<misses>344800001</misses>
				<total>266</total>
				<timestamp>3233.505214</timestamp>
			</report>
			<report>
				<misses>344900001</misses>
				<total>266</total>
				<timestamp>3234.451211</timestamp>
			</report>
			<report>
				<misses>345000001</misses>
				<total>266</total>
				<timestamp>3235.395049</timestamp>
			</report>
			<report>
				<misses>345100001</misses>
				<total>266</total>
				<timestamp>3236.334912</timestamp>
			</report>
			<report>
				<misses>345200001</misses>
				<total>266</total>
				<timestamp>3237.275297</timestamp>
			</report>
			<report>
				<misses>345300001</misses>
				<total>266</total>
				<timestamp>3238.215486</timestamp>
			</report>
			<report>
				<misses>345400001</misses>
				<total>266</total>
				<timestamp>3239.155557</timestamp>
			</report>
			<report>
				<misses>345500001</misses>
				<total>266</total>
				<timestamp>3240.096564</timestamp>
			</report>
			<report>
				<misses>345600001</misses>
				<total>266</total>
				<timestamp>3241.037469</timestamp>
			</report>
			<report>
				<misses>345700001</misses>
				<total>266</total>
				<timestamp>3241.975059</timestamp>
			</report>
			<report>
				<misses>345800001</misses>
				<total>266</total>
				<timestamp>3242.914118</timestamp>
			</report>
			<report>
				<misses>345900001</misses>
				<total>266</total>
				<timestamp>3243.854905</timestamp>
			</report>
			<report>
				<misses>346000001</misses>
				<total>266</total>
				<timestamp>3244.794770</timestamp>
			</report>
			<report>
				<misses>346100001</misses>
				<total>266</total>
				<timestamp>3245.733363</timestamp>
			</report>
			<report>
				<misses>346200001</misses>
				<total>266</total>
				<timestamp>3246.673482</timestamp>
			</report>
			<report>
				<misses>346300001</misses>
				<total>266</total>
				<timestamp>3247.618312</timestamp>
			</report>
			<report>
				<misses>346400001</misses>
				<total>266</total>
				<timestamp>3248.559619</timestamp>
			</report>
			<report>
				<misses>346500001</misses>
				<total>266</total>
				<timestamp>3249.500035</timestamp>
			</report>
			<report>
				<misses>346600001</misses>
				<total>266</total>
				<timestamp>3250.443009</timestamp>
			</report>
			<report>
				<misses>346700001</misses>
				<total>266</total>
				<timestamp>3251.383305</timestamp>
			</report>
			<report>
				<misses>346800001</misses>
				<total>266</total>
				<timestamp>3252.323803</timestamp>
			</report>
			<report>
				<misses>346900001</misses>
				<total>266</total>
				<timestamp>3253.263582</timestamp>
			</report>
			<report>
				<misses>347000001</misses>
				<total>266</total>
				<timestamp>3254.204239</timestamp>
			</report>
			<report>
				<misses>347100001</misses>
				<total>266</total>
				<timestamp>3255.145959</timestamp>
			</report>
			<report>
				<misses>347200001</misses>
				<total>266</total>
				<timestamp>3256.087125</timestamp>
			</report>
			<report>
				<misses>347300001</misses>
				<total>266</total>
				<timestamp>3257.027715</timestamp>
			</report>
			<report>
				<misses>347400001</misses>
				<total>266</total>
				<timestamp>3257.968983</timestamp>
			</report>
			<report>
				<misses>347500001</misses>
				<total>266</total>
				<timestamp>3258.910802</timestamp>
			</report>
			<report>
				<misses>347600001</misses>
				<total>266</total>
				<timestamp>3259.856668</timestamp>
			</report>
			<report>
				<misses>347700001</misses>
				<total>266</total>
				<timestamp>3260.804125</timestamp>
			</report>
			<report>
				<misses>347800001</misses>
				<total>266</total>
				<timestamp>3261.747895</timestamp>
			</report>
			<report>
				<misses>347900001</misses>
				<total>266</total>
				<timestamp>3262.694052</timestamp>
			</report>
			<report>
				<misses>348000001</misses>
				<total>266</total>
				<timestamp>3263.641325</timestamp>
			</report>
			<report>
				<misses>348100001</misses>
				<total>266</total>
				<timestamp>3264.585744</timestamp>
			</report>
			<report>
				<misses>348200001</misses>
				<total>266</total>
				<timestamp>3265.526474</timestamp>
			</report>
			<report>
				<misses>348300001</misses>
				<total>266</total>
				<timestamp>3266.463762</timestamp>
			</report>
			<report>
				<misses>348400001</misses>
				<total>266</total>
				<timestamp>3267.399230</timestamp>
			</report>
			<report>
				<misses>348500001</misses>
				<total>266</total>
				<timestamp>3268.336546</timestamp>
			</report>
			<report>
				<misses>348600001</misses>
				<total>266</total>
				<timestamp>3269.275273</timestamp>
			</report>
			<report>
				<misses>348700001</misses>
				<total>266</total>
				<timestamp>3270.214143</timestamp>
			</report>
			<report>
				<misses>348800001</misses>
				<total>266</total>
				<timestamp>3271.152248</timestamp>
			</report>
			<report>
				<misses>348900001</misses>
				<total>266</total>
				<timestamp>3272.092103</timestamp>
			</report>
			<report>
				<misses>349000001</misses>
				<total>266</total>
				<timestamp>3273.032268</timestamp>
			</report>
			<report>
				<misses>349100001</misses>
				<total>266</total>
				<timestamp>3273.972464</timestamp>
			</report>
			<report>
				<misses>349200001</misses>
				<total>266</total>
				<timestamp>3274.910439</timestamp>
			</report>
			<report>
				<misses>349300001</misses>
				<total>266</total>
				<timestamp>3275.848433</timestamp>
			</report>
			<report>
				<misses>349400001</misses>
				<total>266</total>
				<timestamp>3276.785614</timestamp>
			</report>
			<report>
				<misses>349500001</misses>
				<total>266</total>
				<timestamp>3277.724746</timestamp>
			</report>
			<report>
				<misses>349600001</misses>
				<total>266</total>
				<timestamp>3278.663284</timestamp>
			</report>
			<report>
				<misses>349700001</misses>
				<total>266</total>
				<timestamp>3279.602874</timestamp>
			</report>
			<report>
				<misses>349800001</misses>
				<total>266</total>
				<timestamp>3280.542842</timestamp>
			</report>
			<report>
				<misses>349900001</misses>
				<total>266</total>
				<timestamp>3281.481809</timestamp>
			</report>
			<report>
				<misses>350000001</misses>
				<total>266</total>
				<timestamp>3282.420304</timestamp>
			</report>
			<report>
				<misses>350100001</misses>
				<total>266</total>
				<timestamp>3283.357131</timestamp>
			</report>
			<report>
				<misses>350200001</misses>
				<total>266</total>
				<timestamp>3284.294031</timestamp>
			</report>
			<report>
				<misses>350300001</misses>
				<total>266</total>
				<timestamp>3285.231175</timestamp>
			</report>
			<report>
				<misses>350400001</misses>
				<total>266</total>
				<timestamp>3286.168056</timestamp>
			</report>
			<report>
				<misses>350500001</misses>
				<total>266</total>
				<timestamp>3287.105675</timestamp>
			</report>
			<report>
				<misses>350600001</misses>
				<total>266</total>
				<timestamp>3288.043137</timestamp>
			</report>
			<report>
				<misses>350700001</misses>
				<total>266</total>
				<timestamp>3288.984398</timestamp>
			</report>
			<report>
				<misses>350800001</misses>
				<total>266</total>
				<timestamp>3289.927308</timestamp>
			</report>
			<report>
				<misses>350900001</misses>
				<total>266</total>
				<timestamp>3290.869859</timestamp>
			</report>
			<report>
				<misses>351000001</misses>
				<total>266</total>
				<timestamp>3291.813222</timestamp>
			</report>
			<report>
				<misses>351100001</misses>
				<total>266</total>
				<timestamp>3292.760316</timestamp>
			</report>
			<report>
				<misses>351200001</misses>
				<total>266</total>
				<timestamp>3293.703589</timestamp>
			</report>
			<report>
				<misses>351300001</misses>
				<total>266</total>
				<timestamp>3294.644626</timestamp>
			</report>
			<report>
				<misses>351400001</misses>
				<total>266</total>
				<timestamp>3295.584731</timestamp>
			</report>
			<report>
				<misses>351500001</misses>
				<total>266</total>
				<timestamp>3296.525339</timestamp>
			</report>
			<report>
				<misses>351600001</misses>
				<total>266</total>
				<timestamp>3297.464073</timestamp>
			</report>
			<report>
				<misses>351700001</misses>
				<total>266</total>
				<timestamp>3298.404738</timestamp>
			</report>
			<report>
				<misses>351800001</misses>
				<total>266</total>
				<timestamp>3299.345343</timestamp>
			</report>
			<report>
				<misses>351900001</misses>
				<total>266</total>
				<timestamp>3300.287646</timestamp>
			</report>
			<report>
				<misses>352000001</misses>
				<total>266</total>
				<timestamp>3301.226936</timestamp>
			</report>
			<report>
				<misses>352100001</misses>
				<total>266</total>
				<timestamp>3302.166577</timestamp>
			</report>
			<report>
				<misses>352200001</misses>
				<total>266</total>
				<timestamp>3303.106058</timestamp>
			</report>
			<report>
				<misses>352300001</misses>
				<total>266</total>
				<timestamp>3304.047512</timestamp>
			</report>
			<report>
				<misses>352400001</misses>
				<total>266</total>
				<timestamp>3304.989078</timestamp>
			</report>
			<report>
				<misses>352500001</misses>
				<total>266</total>
				<timestamp>3305.929824</timestamp>
			</report>
			<report>
				<misses>352600001</misses>
				<total>266</total>
				<timestamp>3306.870384</timestamp>
			</report>
			<report>
				<misses>352700001</misses>
				<total>266</total>
				<timestamp>3307.810458</timestamp>
			</report>
			<report>
				<misses>352800001</misses>
				<total>266</total>
				<timestamp>3308.751309</timestamp>
			</report>
			<report>
				<misses>352900001</misses>
				<total>266</total>
				<timestamp>3309.693583</timestamp>
			</report>
			<report>
				<misses>353000001</misses>
				<total>266</total>
				<timestamp>3310.634482</timestamp>
			</report>
			<report>
				<misses>353100001</misses>
				<total>266</total>
				<timestamp>3311.576262</timestamp>
			</report>
			<report>
				<misses>353200001</misses>
				<total>266</total>
				<timestamp>3312.517987</timestamp>
			</report>
			<report>
				<misses>353300001</misses>
				<total>266</total>
				<timestamp>3313.458338</timestamp>
			</report>
			<report>
				<misses>353400001</misses>
				<total>266</total>
				<timestamp>3314.397024</timestamp>
			</report>
			<report>
				<misses>353500001</misses>
				<total>266</total>
				<timestamp>3315.336155</timestamp>
			</report>
			<report>
				<misses>353600001</misses>
				<total>266</total>
				<timestamp>3316.274502</timestamp>
			</report>
			<report>
				<misses>353700001</misses>
				<total>266</total>
				<timestamp>3317.212589</timestamp>
			</report>
			<report>
				<misses>353800001</misses>
				<total>266</total>
				<timestamp>3318.154669</timestamp>
			</report>
			<report>
				<misses>353900001</misses>
				<total>266</total>
				<timestamp>3319.097728</timestamp>
			</report>
			<report>
				<misses>354000001</misses>
				<total>266</total>
				<timestamp>3320.041770</timestamp>
			</report>
			<report>
				<misses>354100001</misses>
				<total>266</total>
				<timestamp>3320.986346</timestamp>
			</report>
			<report>
				<misses>354200001</misses>
				<total>266</total>
				<timestamp>3321.929192</timestamp>
			</report>
			<report>
				<misses>354300001</misses>
				<total>266</total>
				<timestamp>3322.870570</timestamp>
			</report>
			<report>
				<misses>354400001</misses>
				<total>266</total>
				<timestamp>3323.809476</timestamp>
			</report>
			<report>
				<misses>354500001</misses>
				<total>266</total>
				<timestamp>3324.747510</timestamp>
			</report>
			<report>
				<misses>354600001</misses>
				<total>266</total>
				<timestamp>3325.686081</timestamp>
			</report>
			<report>
				<misses>354700001</misses>
				<total>266</total>
				<timestamp>3326.622469</timestamp>
			</report>
			<report>
				<misses>354800001</misses>
				<total>266</total>
				<timestamp>3327.560734</timestamp>
			</report>
			<report>
				<misses>354900001</misses>
				<total>266</total>
				<timestamp>3328.499766</timestamp>
			</report>
			<report>
				<misses>355000001</misses>
				<total>266</total>
				<timestamp>3329.438411</timestamp>
			</report>
			<report>
				<misses>355100001</misses>
				<total>266</total>
				<timestamp>3330.376513</timestamp>
			</report>
			<report>
				<misses>355200001</misses>
				<total>266</total>
				<timestamp>3331.315652</timestamp>
			</report>
			<report>
				<misses>355300001</misses>
				<total>266</total>
				<timestamp>3332.255161</timestamp>
			</report>
			<report>
				<misses>355400001</misses>
				<total>266</total>
				<timestamp>3333.192549</timestamp>
			</report>
			<report>
				<misses>355500001</misses>
				<total>266</total>
				<timestamp>3334.131613</timestamp>
			</report>
			<report>
				<misses>355600001</misses>
				<total>266</total>
				<timestamp>3335.072961</timestamp>
			</report>
			<report>
				<misses>355700001</misses>
				<total>266</total>
				<timestamp>3336.008052</timestamp>
			</report>
			<report>
				<misses>355800001</misses>
				<total>266</total>
				<timestamp>3336.943806</timestamp>
			</report>
			<report>
				<misses>355900001</misses>
				<total>266</total>
				<timestamp>3337.880509</timestamp>
			</report>
			<report>
				<misses>356000001</misses>
				<total>266</total>
				<timestamp>3338.815300</timestamp>
			</report>
			<report>
				<misses>356100001</misses>
				<total>266</total>
				<timestamp>3339.750363</timestamp>
			</report>
			<report>
				<misses>356200001</misses>
				<total>266</total>
				<timestamp>3340.685183</timestamp>
			</report>
			<report>
				<misses>356300001</misses>
				<total>266</total>
				<timestamp>3341.619883</timestamp>
			</report>
			<report>
				<misses>356400001</misses>
				<total>266</total>
				<timestamp>3342.556637</timestamp>
			</report>
			<report>
				<misses>356500001</misses>
				<total>266</total>
				<timestamp>3343.491449</timestamp>
			</report>
			<report>
				<misses>356600001</misses>
				<total>266</total>
				<timestamp>3344.432373</timestamp>
			</report>
			<report>
				<misses>356700001</misses>
				<total>266</total>
				<timestamp>3345.373764</timestamp>
			</report>
			<report>
				<misses>356800001</misses>
				<total>266</total>
				<timestamp>3346.315921</timestamp>
			</report>
			<report>
				<misses>356900001</misses>
				<total>266</total>
				<timestamp>3347.257729</timestamp>
			</report>
			<report>
				<misses>357000001</misses>
				<total>266</total>
				<timestamp>3348.198763</timestamp>
			</report>
			<report>
				<misses>357100001</misses>
				<total>266</total>
				<timestamp>3349.139787</timestamp>
			</report>
			<report>
				<misses>357200001</misses>
				<total>266</total>
				<timestamp>3350.081166</timestamp>
			</report>
			<report>
				<misses>357300001</misses>
				<total>266</total>
				<timestamp>3351.023208</timestamp>
			</report>
			<report>
				<misses>357400001</misses>
				<total>266</total>
				<timestamp>3351.962483</timestamp>
			</report>
			<report>
				<misses>357500001</misses>
				<total>266</total>
				<timestamp>3352.901217</timestamp>
			</report>
			<report>
				<misses>357600001</misses>
				<total>266</total>
				<timestamp>3353.840154</timestamp>
			</report>
			<report>
				<misses>357700001</misses>
				<total>266</total>
				<timestamp>3354.780545</timestamp>
			</report>
			<report>
				<misses>357800001</misses>
				<total>266</total>
				<timestamp>3355.720943</timestamp>
			</report>
			<report>
				<misses>357900001</misses>
				<total>266</total>
				<timestamp>3356.663324</timestamp>
			</report>
			<report>
				<misses>358000001</misses>
				<total>266</total>
				<timestamp>3357.608635</timestamp>
			</report>
			<report>
				<misses>358100001</misses>
				<total>266</total>
				<timestamp>3358.552048</timestamp>
			</report>
			<report>
				<misses>358200001</misses>
				<total>266</total>
				<timestamp>3359.494638</timestamp>
			</report>
			<report>
				<misses>358300001</misses>
				<total>266</total>
				<timestamp>3360.437558</timestamp>
			</report>
			<report>
				<misses>358400001</misses>
				<total>266</total>
				<timestamp>3361.379315</timestamp>
			</report>
			<report>
				<misses>358500001</misses>
				<total>266</total>
				<timestamp>3362.317793</timestamp>
			</report>
			<report>
				<misses>358600001</misses>
				<total>266</total>
				<timestamp>3363.255142</timestamp>
			</report>
			<report>
				<misses>358700001</misses>
				<total>266</total>
				<timestamp>3364.191649</timestamp>
			</report>
			<report>
				<misses>358800001</misses>
				<total>266</total>
				<timestamp>3365.129396</timestamp>
			</report>
			<report>
				<misses>358900001</misses>
				<total>266</total>
				<timestamp>3366.065793</timestamp>
			</report>
			<report>
				<misses>359000001</misses>
				<total>266</total>
				<timestamp>3367.006368</timestamp>
			</report>
			<report>
				<misses>359100001</misses>
				<total>266</total>
				<timestamp>3367.945087</timestamp>
			</report>
			<report>
				<misses>359200001</misses>
				<total>266</total>
				<timestamp>3368.882520</timestamp>
			</report>
			<report>
				<misses>359300001</misses>
				<total>266</total>
				<timestamp>3369.822024</timestamp>
			</report>
			<report>
				<misses>359400001</misses>
				<total>266</total>
				<timestamp>3370.760318</timestamp>
			</report>
			<report>
				<misses>359500001</misses>
				<total>266</total>
				<timestamp>3371.698520</timestamp>
			</report>
			<report>
				<misses>359600001</misses>
				<total>266</total>
				<timestamp>3372.636192</timestamp>
			</report>
			<report>
				<misses>359700001</misses>
				<total>266</total>
				<timestamp>3373.573902</timestamp>
			</report>
			<report>
				<misses>359800001</misses>
				<total>266</total>
				<timestamp>3374.511628</timestamp>
			</report>
			<report>
				<misses>359900001</misses>
				<total>266</total>
				<timestamp>3375.449100</timestamp>
			</report>
			<report>
				<misses>360000001</misses>
				<total>266</total>
				<timestamp>3376.384278</timestamp>
			</report>
			<report>
				<misses>360100001</misses>
				<total>266</total>
				<timestamp>3377.320301</timestamp>
			</report>
			<report>
				<misses>360200001</misses>
				<total>266</total>
				<timestamp>3378.256533</timestamp>
			</report>
			<report>
				<misses>360300001</misses>
				<total>266</total>
				<timestamp>3379.194540</timestamp>
			</report>
			<report>
				<misses>360400001</misses>
				<total>266</total>
				<timestamp>3380.132646</timestamp>
			</report>
			<report>
				<misses>360500001</misses>
				<total>266</total>
				<timestamp>3381.072150</timestamp>
			</report>
			<report>
				<misses>360600001</misses>
				<total>266</total>
				<timestamp>3382.009951</timestamp>
			</report>
			<report>
				<misses>360700001</misses>
				<total>266</total>
				<timestamp>3382.946584</timestamp>
			</report>
			<report>
				<misses>360800001</misses>
				<total>266</total>
				<timestamp>3383.884033</timestamp>
			</report>
			<report>
				<misses>360900001</misses>
				<total>266</total>
				<timestamp>3384.821025</timestamp>
			</report>
			<report>
				<misses>361000001</misses>
				<total>266</total>
				<timestamp>3385.759247</timestamp>
			</report>
			<report>
				<misses>361100001</misses>
				<total>266</total>
				<timestamp>3386.696106</timestamp>
			</report>
			<report>
				<misses>361200001</misses>
				<total>266</total>
				<timestamp>3387.630599</timestamp>
			</report>
			<report>
				<misses>361300001</misses>
				<total>266</total>
				<timestamp>3388.564825</timestamp>
			</report>
			<report>
				<misses>361400001</misses>
				<total>266</total>
				<timestamp>3389.499266</timestamp>
			</report>
			<report>
				<misses>361500001</misses>
				<total>266</total>
				<timestamp>3390.435880</timestamp>
			</report>
			<report>
				<misses>361600001</misses>
				<total>266</total>
				<timestamp>3391.373113</timestamp>
			</report>
			<report>
				<misses>361700001</misses>
				<total>266</total>
				<timestamp>3392.309229</timestamp>
			</report>
			<report>
				<misses>361800001</misses>
				<total>266</total>
				<timestamp>3393.251377</timestamp>
			</report>
			<report>
				<misses>361900001</misses>
				<total>266</total>
				<timestamp>3394.192975</timestamp>
			</report>
			<report>
				<misses>362000001</misses>
				<total>266</total>
				<timestamp>3395.134492</timestamp>
			</report>
			<report>
				<misses>362100001</misses>
				<total>266</total>
				<timestamp>3396.073959</timestamp>
			</report>
			<report>
				<misses>362200001</misses>
				<total>266</total>
				<timestamp>3397.014849</timestamp>
			</report>
			<report>
				<misses>362300001</misses>
				<total>266</total>
				<timestamp>3397.955596</timestamp>
			</report>
			<report>
				<misses>362400001</misses>
				<total>266</total>
				<timestamp>3398.897520</timestamp>
			</report>
			<report>
				<misses>362500001</misses>
				<total>266</total>
				<timestamp>3399.847371</timestamp>
			</report>
			<report>
				<misses>362600001</misses>
				<total>266</total>
				<timestamp>3400.795936</timestamp>
			</report>
			<report>
				<misses>362700001</misses>
				<total>266</total>
				<timestamp>3401.743778</timestamp>
			</report>
			<report>
				<misses>362800001</misses>
				<total>266</total>
				<timestamp>3402.690111</timestamp>
			</report>
			<report>
				<misses>362900001</misses>
				<total>266</total>
				<timestamp>3403.635729</timestamp>
			</report>
			<report>
				<misses>363000001</misses>
				<total>266</total>
				<timestamp>3404.568596</timestamp>
			</report>
			<report>
				<misses>363100001</misses>
				<total>266</total>
				<timestamp>3405.499387</timestamp>
			</report>
			<report>
				<misses>363200001</misses>
				<total>266</total>
				<timestamp>3406.429387</timestamp>
			</report>
			<report>
				<misses>363300001</misses>
				<total>266</total>
				<timestamp>3407.358657</timestamp>
			</report>
			<report>
				<misses>363400001</misses>
				<total>266</total>
				<timestamp>3408.283959</timestamp>
			</report>
			<report>
				<misses>363500001</misses>
				<total>266</total>
				<timestamp>3409.209814</timestamp>
			</report>
			<report>
				<misses>363600001</misses>
				<total>266</total>
				<timestamp>3410.136383</timestamp>
			</report>
			<report>
				<misses>363700001</misses>
				<total>266</total>
				<timestamp>3411.062230</timestamp>
			</report>
			<report>
				<misses>363800001</misses>
				<total>266</total>
				<timestamp>3411.989370</timestamp>
			</report>
			<report>
				<misses>363900001</misses>
				<total>266</total>
				<timestamp>3412.916914</timestamp>
			</report>
			<report>
				<misses>364000001</misses>
				<total>266</total>
				<timestamp>3413.843885</timestamp>
			</report>
			<report>
				<misses>364100001</misses>
				<total>266</total>
				<timestamp>3414.768191</timestamp>
			</report>
			<report>
				<misses>364200001</misses>
				<total>266</total>
				<timestamp>3415.694146</timestamp>
			</report>
			<report>
				<misses>364300001</misses>
				<total>266</total>
				<timestamp>3416.622589</timestamp>
			</report>
			<report>
				<misses>364400001</misses>
				<total>266</total>
				<timestamp>3417.548448</timestamp>
			</report>
			<report>
				<misses>364500001</misses>
				<total>266</total>
				<timestamp>3418.474424</timestamp>
			</report>
			<report>
				<misses>364600001</misses>
				<total>266</total>
				<timestamp>3419.402103</timestamp>
			</report>
			<report>
				<misses>364700001</misses>
				<total>266</total>
				<timestamp>3420.328847</timestamp>
			</report>
			<report>
				<misses>364800001</misses>
				<total>266</total>
				<timestamp>3421.256341</timestamp>
			</report>
			<report>
				<misses>364900001</misses>
				<total>266</total>
				<timestamp>3422.182651</timestamp>
			</report>
			<report>
				<misses>365000001</misses>
				<total>266</total>
				<timestamp>3423.108899</timestamp>
			</report>
			<report>
				<misses>365100001</misses>
				<total>266</total>
				<timestamp>3424.035348</timestamp>
			</report>
			<report>
				<misses>365200001</misses>
				<total>266</total>
				<timestamp>3424.962370</timestamp>
			</report>
			<report>
				<misses>365300001</misses>
				<total>266</total>
				<timestamp>3425.889324</timestamp>
			</report>
			<report>
				<misses>365400001</misses>
				<total>266</total>
				<timestamp>3426.817430</timestamp>
			</report>
			<report>
				<misses>365500001</misses>
				<total>266</total>
				<timestamp>3427.744770</timestamp>
			</report>
			<report>
				<misses>365600001</misses>
				<total>266</total>
				<timestamp>3428.672159</timestamp>
			</report>
			<report>
				<misses>365700001</misses>
				<total>266</total>
				<timestamp>3429.598173</timestamp>
			</report>
			<report>
				<misses>365800001</misses>
				<total>266</total>
				<timestamp>3430.525752</timestamp>
			</report>
			<report>
				<misses>365900001</misses>
				<total>266</total>
				<timestamp>3431.452615</timestamp>
			</report>
			<report>
				<misses>366000001</misses>
				<total>266</total>
				<timestamp>3432.381604</timestamp>
			</report>
			<report>
				<misses>366100001</misses>
				<total>266</total>
				<timestamp>3433.307798</timestamp>
			</report>
			<report>
				<misses>366200001</misses>
				<total>266</total>
				<timestamp>3434.236183</timestamp>
			</report>
			<report>
				<misses>366300001</misses>
				<total>266</total>
				<timestamp>3435.162966</timestamp>
			</report>
			<report>
				<misses>366400001</misses>
				<total>266</total>
				<timestamp>3436.090923</timestamp>
			</report>
			<report>
				<misses>366500001</misses>
				<total>266</total>
				<timestamp>3437.017385</timestamp>
			</report>
			<report>
				<misses>366600001</misses>
				<total>266</total>
				<timestamp>3437.944145</timestamp>
			</report>
			<report>
				<misses>366700001</misses>
				<total>266</total>
				<timestamp>3438.871829</timestamp>
			</report>
			<report>
				<misses>366800001</misses>
				<total>266</total>
				<timestamp>3439.800866</timestamp>
			</report>
			<report>
				<misses>366900001</misses>
				<total>266</total>
				<timestamp>3440.732174</timestamp>
			</report>
			<report>
				<misses>367000001</misses>
				<total>266</total>
				<timestamp>3441.667208</timestamp>
			</report>
			<report>
				<misses>367100001</misses>
				<total>266</total>
				<timestamp>3442.600772</timestamp>
			</report>
			<report>
				<misses>367200001</misses>
				<total>266</total>
				<timestamp>3443.538626</timestamp>
			</report>
			<report>
				<misses>367300001</misses>
				<total>266</total>
				<timestamp>3444.472074</timestamp>
			</report>
			<report>
				<misses>367400001</misses>
				<total>266</total>
				<timestamp>3445.402610</timestamp>
			</report>
			<report>
				<misses>367500001</misses>
				<total>266</total>
				<timestamp>3446.329954</timestamp>
			</report>
			<report>
				<misses>367600001</misses>
				<total>266</total>
				<timestamp>3447.259313</timestamp>
			</report>
			<report>
				<misses>367700001</misses>
				<total>266</total>
				<timestamp>3448.187052</timestamp>
			</report>
			<report>
				<misses>367800001</misses>
				<total>266</total>
				<timestamp>3449.114230</timestamp>
			</report>
			<report>
				<misses>367900001</misses>
				<total>266</total>
				<timestamp>3450.040806</timestamp>
			</report>
			<report>
				<misses>368000001</misses>
				<total>266</total>
				<timestamp>3450.968061</timestamp>
			</report>
			<report>
				<misses>368100001</misses>
				<total>266</total>
				<timestamp>3451.895099</timestamp>
			</report>
			<report>
				<misses>368200001</misses>
				<total>266</total>
				<timestamp>3452.822267</timestamp>
			</report>
			<report>
				<misses>368300001</misses>
				<total>266</total>
				<timestamp>3453.747777</timestamp>
			</report>
			<report>
				<misses>368400001</misses>
				<total>266</total>
				<timestamp>3454.675337</timestamp>
			</report>
			<report>
				<misses>368500001</misses>
				<total>266</total>
				<timestamp>3455.601731</timestamp>
			</report>
			<report>
				<misses>368600001</misses>
				<total>266</total>
				<timestamp>3456.528667</timestamp>
			</report>
			<report>
				<misses>368700001</misses>
				<total>266</total>
				<timestamp>3457.454255</timestamp>
			</report>
			<report>
				<misses>368800001</misses>
				<total>266</total>
				<timestamp>3458.381077</timestamp>
			</report>
			<report>
				<misses>368900001</misses>
				<total>266</total>
				<timestamp>3459.309545</timestamp>
			</report>
			<report>
				<misses>369000001</misses>
				<total>266</total>
				<timestamp>3460.236900</timestamp>
			</report>
			<report>
				<misses>369100001</misses>
				<total>266</total>
				<timestamp>3461.164893</timestamp>
			</report>
			<report>
				<misses>369200001</misses>
				<total>266</total>
				<timestamp>3462.093624</timestamp>
			</report>
			<report>
				<misses>369300001</misses>
				<total>266</total>
				<timestamp>3463.020578</timestamp>
			</report>
			<report>
				<misses>369400001</misses>
				<total>266</total>
				<timestamp>3463.948635</timestamp>
			</report>
			<report>
				<misses>369500001</misses>
				<total>266</total>
				<timestamp>3464.875968</timestamp>
			</report>
			<report>
				<misses>369600001</misses>
				<total>266</total>
				<timestamp>3465.802682</timestamp>
			</report>
			<report>
				<misses>369700001</misses>
				<total>266</total>
				<timestamp>3466.729914</timestamp>
			</report>
			<report>
				<misses>369800001</misses>
				<total>266</total>
				<timestamp>3467.656520</timestamp>
			</report>
			<report>
				<misses>369900001</misses>
				<total>266</total>
				<timestamp>3468.585782</timestamp>
			</report>
			<report>
				<misses>370000001</misses>
				<total>266</total>
				<timestamp>3469.514042</timestamp>
			</report>
			<report>
				<misses>370100001</misses>
				<total>266</total>
				<timestamp>3470.440190</timestamp>
			</report>
			<report>
				<misses>370200001</misses>
				<total>266</total>
				<timestamp>3471.368218</timestamp>
			</report>
			<report>
				<misses>370300001</misses>
				<total>266</total>
				<timestamp>3472.298487</timestamp>
			</report>
			<report>
				<misses>370400001</misses>
				<total>266</total>
				<timestamp>3473.243964</timestamp>
			</report>
			<report>
				<misses>370500001</misses>
				<total>266</total>
				<timestamp>3474.187859</timestamp>
			</report>
			<report>
				<misses>370600001</misses>
				<total>266</total>
				<timestamp>3475.132859</timestamp>
			</report>
			<report>
				<misses>370700001</misses>
				<total>266</total>
				<timestamp>3476.079424</timestamp>
			</report>
			<report>
				<misses>370800001</misses>
				<total>266</total>
				<timestamp>3477.025917</timestamp>
			</report>
			<report>
				<misses>370900001</misses>
				<total>266</total>
				<timestamp>3477.971300</timestamp>
			</report>
			<report>
				<misses>371000001</misses>
				<total>266</total>
				<timestamp>3478.918094</timestamp>
			</report>
			<report>
				<misses>371100001</misses>
				<total>266</total>
				<timestamp>3479.864454</timestamp>
			</report>
			<report>
				<misses>371200001</misses>
				<total>266</total>
				<timestamp>3480.810133</timestamp>
			</report>
			<report>
				<misses>371300001</misses>
				<total>266</total>
				<timestamp>3481.760843</timestamp>
			</report>
			<report>
				<misses>371400001</misses>
				<total>266</total>
				<timestamp>3482.709926</timestamp>
			</report>
			<report>
				<misses>371500001</misses>
				<total>266</total>
				<timestamp>3483.657110</timestamp>
			</report>
			<report>
				<misses>371600001</misses>
				<total>266</total>
				<timestamp>3484.603394</timestamp>
			</report>
			<report>
				<misses>371700001</misses>
				<total>266</total>
				<timestamp>3485.550221</timestamp>
			</report>
			<report>
				<misses>371800001</misses>
				<total>266</total>
				<timestamp>3486.492875</timestamp>
			</report>
			<report>
				<misses>371900001</misses>
				<total>266</total>
				<timestamp>3487.434220</timestamp>
			</report>
			<report>
				<misses>372000001</misses>
				<total>266</total>
				<timestamp>3488.374693</timestamp>
			</report>
			<report>
				<misses>372100001</misses>
				<total>266</total>
				<timestamp>3489.315984</timestamp>
			</report>
			<report>
				<misses>372200001</misses>
				<total>266</total>
				<timestamp>3490.258429</timestamp>
			</report>
			<report>
				<misses>372300001</misses>
				<total>266</total>
				<timestamp>3491.200166</timestamp>
			</report>
			<report>
				<misses>372400001</misses>
				<total>266</total>
				<timestamp>3492.141054</timestamp>
			</report>
			<report>
				<misses>372500001</misses>
				<total>266</total>
				<timestamp>3493.081820</timestamp>
			</report>
			<report>
				<misses>372600001</misses>
				<total>266</total>
				<timestamp>3494.024359</timestamp>
			</report>
			<report>
				<misses>372700001</misses>
				<total>266</total>
				<timestamp>3494.966321</timestamp>
			</report>
			<report>
				<misses>372800001</misses>
				<total>266</total>
				<timestamp>3495.906039</timestamp>
			</report>
			<report>
				<misses>372900001</misses>
				<total>266</total>
				<timestamp>3496.844703</timestamp>
			</report>
			<report>
				<misses>373000001</misses>
				<total>266</total>
				<timestamp>3497.784828</timestamp>
			</report>
			<report>
				<misses>373100001</misses>
				<total>266</total>
				<timestamp>3498.724456</timestamp>
			</report>
			<report>
				<misses>373200001</misses>
				<total>266</total>
				<timestamp>3499.661716</timestamp>
			</report>
			<report>
				<misses>373300001</misses>
				<total>266</total>
				<timestamp>3500.602041</timestamp>
			</report>
			<report>
				<misses>373400001</misses>
				<total>266</total>
				<timestamp>3501.543187</timestamp>
			</report>
			<report>
				<misses>373500001</misses>
				<total>266</total>
				<timestamp>3502.483347</timestamp>
			</report>
			<report>
				<misses>373600001</misses>
				<total>266</total>
				<timestamp>3503.422244</timestamp>
			</report>
			<report>
				<misses>373700001</misses>
				<total>266</total>
				<timestamp>3504.362342</timestamp>
			</report>
			<report>
				<misses>373800001</misses>
				<total>266</total>
				<timestamp>3505.302377</timestamp>
			</report>
			<report>
				<misses>373900001</misses>
				<total>266</total>
				<timestamp>3506.241998</timestamp>
			</report>
			<report>
				<misses>374000001</misses>
				<total>266</total>
				<timestamp>3507.182260</timestamp>
			</report>
			<report>
				<misses>374100001</misses>
				<total>266</total>
				<timestamp>3508.122044</timestamp>
			</report>
			<report>
				<misses>374200001</misses>
				<total>266</total>
				<timestamp>3509.060650</timestamp>
			</report>
			<report>
				<misses>374300001</misses>
				<total>266</total>
				<timestamp>3509.999652</timestamp>
			</report>
			<report>
				<misses>374400001</misses>
				<total>266</total>
				<timestamp>3510.938671</timestamp>
			</report>
			<report>
				<misses>374500001</misses>
				<total>266</total>
				<timestamp>3511.879455</timestamp>
			</report>
			<report>
				<misses>374600001</misses>
				<total>266</total>
				<timestamp>3512.816268</timestamp>
			</report>
			<report>
				<misses>374700001</misses>
				<total>266</total>
				<timestamp>3513.751068</timestamp>
			</report>
			<report>
				<misses>374800001</misses>
				<total>266</total>
				<timestamp>3514.688078</timestamp>
			</report>
			<report>
				<misses>374900001</misses>
				<total>266</total>
				<timestamp>3515.624874</timestamp>
			</report>
			<report>
				<misses>375000001</misses>
				<total>266</total>
				<timestamp>3516.562553</timestamp>
			</report>
			<report>
				<misses>375100001</misses>
				<total>266</total>
				<timestamp>3517.498688</timestamp>
			</report>
			<report>
				<misses>375200001</misses>
				<total>266</total>
				<timestamp>3518.435965</timestamp>
			</report>
			<report>
				<misses>375300001</misses>
				<total>266</total>
				<timestamp>3519.375202</timestamp>
			</report>
			<report>
				<misses>375400001</misses>
				<total>266</total>
				<timestamp>3520.315160</timestamp>
			</report>
			<report>
				<misses>375500001</misses>
				<total>266</total>
				<timestamp>3521.255484</timestamp>
			</report>
			<report>
				<misses>375600001</misses>
				<total>266</total>
				<timestamp>3522.196982</timestamp>
			</report>
			<report>
				<misses>375700001</misses>
				<total>266</total>
				<timestamp>3523.142034</timestamp>
			</report>
			<report>
				<misses>375800001</misses>
				<total>266</total>
				<timestamp>3524.086112</timestamp>
			</report>
			<report>
				<misses>375900001</misses>
				<total>266</total>
				<timestamp>3525.031705</timestamp>
			</report>
			<report>
				<misses>376000001</misses>
				<total>266</total>
				<timestamp>3525.976187</timestamp>
			</report>
			<report>
				<misses>376100001</misses>
				<total>266</total>
				<timestamp>3526.925688</timestamp>
			</report>
			<report>
				<misses>376200001</misses>
				<total>266</total>
				<timestamp>3527.872855</timestamp>
			</report>
			<report>
				<misses>376300001</misses>
				<total>266</total>
				<timestamp>3528.819068</timestamp>
			</report>
			<report>
				<misses>376400001</misses>
				<total>266</total>
				<timestamp>3529.766318</timestamp>
			</report>
			<report>
				<misses>376500001</misses>
				<total>266</total>
				<timestamp>3530.711707</timestamp>
			</report>
			<report>
				<misses>376600001</misses>
				<total>266</total>
				<timestamp>3531.657648</timestamp>
			</report>
			<report>
				<misses>376700001</misses>
				<total>266</total>
				<timestamp>3532.601244</timestamp>
			</report>
			<report>
				<misses>376800001</misses>
				<total>266</total>
				<timestamp>3533.545574</timestamp>
			</report>
			<report>
				<misses>376900001</misses>
				<total>266</total>
				<timestamp>3534.491084</timestamp>
			</report>
			<report>
				<misses>377000001</misses>
				<total>266</total>
				<timestamp>3535.438157</timestamp>
			</report>
			<report>
				<misses>377100001</misses>
				<total>266</total>
				<timestamp>3536.382354</timestamp>
			</report>
			<report>
				<misses>377200001</misses>
				<total>266</total>
				<timestamp>3537.327703</timestamp>
			</report>
			<report>
				<misses>377300001</misses>
				<total>266</total>
				<timestamp>3538.273336</timestamp>
			</report>
			<report>
				<misses>377400001</misses>
				<total>266</total>
				<timestamp>3539.219750</timestamp>
			</report>
			<report>
				<misses>377500001</misses>
				<total>266</total>
				<timestamp>3540.166682</timestamp>
			</report>
			<report>
				<misses>377600001</misses>
				<total>266</total>
				<timestamp>3541.111834</timestamp>
			</report>
			<report>
				<misses>377700001</misses>
				<total>266</total>
				<timestamp>3542.057945</timestamp>
			</report>
			<report>
				<misses>377800001</misses>
				<total>266</total>
				<timestamp>3543.004828</timestamp>
			</report>
			<report>
				<misses>377900001</misses>
				<total>266</total>
				<timestamp>3543.949354</timestamp>
			</report>
			<report>
				<misses>378000001</misses>
				<total>266</total>
				<timestamp>3544.894261</timestamp>
			</report>
			<report>
				<misses>378100001</misses>
				<total>266</total>
				<timestamp>3545.841227</timestamp>
			</report>
			<report>
				<misses>378200001</misses>
				<total>266</total>
				<timestamp>3546.773186</timestamp>
			</report>
			<report>
				<misses>378300001</misses>
				<total>266</total>
				<timestamp>3547.705783</timestamp>
			</report>
			<report>
				<misses>378400001</misses>
				<total>266</total>
				<timestamp>3548.639841</timestamp>
			</report>
			<report>
				<misses>378500001</misses>
				<total>266</total>
				<timestamp>3549.573306</timestamp>
			</report>
			<report>
				<misses>378600001</misses>
				<total>266</total>
				<timestamp>3550.507231</timestamp>
			</report>
			<report>
				<misses>378700001</misses>
				<total>266</total>
				<timestamp>3551.439726</timestamp>
			</report>
			<report>
				<misses>378800001</misses>
				<total>266</total>
				<timestamp>3552.371263</timestamp>
			</report>
			<report>
				<misses>378900001</misses>
				<total>266</total>
				<timestamp>3553.302143</timestamp>
			</report>
			<report>
				<misses>379000001</misses>
				<total>266</total>
				<timestamp>3554.233544</timestamp>
			</report>
			<report>
				<misses>379100001</misses>
				<total>266</total>
				<timestamp>3555.163950</timestamp>
			</report>
			<report>
				<misses>379200001</misses>
				<total>266</total>
				<timestamp>3556.094358</timestamp>
			</report>
			<report>
				<misses>379300001</misses>
				<total>266</total>
				<timestamp>3557.026598</timestamp>
			</report>
			<report>
				<misses>379400001</misses>
				<total>266</total>
				<timestamp>3557.957690</timestamp>
			</report>
			<report>
				<misses>379500001</misses>
				<total>266</total>
				<timestamp>3558.888333</timestamp>
			</report>
			<report>
				<misses>379600001</misses>
				<total>266</total>
				<timestamp>3559.818868</timestamp>
			</report>
			<report>
				<misses>379700001</misses>
				<total>266</total>
				<timestamp>3560.752263</timestamp>
			</report>
			<report>
				<misses>379800001</misses>
				<total>266</total>
				<timestamp>3561.686506</timestamp>
			</report>
			<report>
				<misses>379900001</misses>
				<total>266</total>
				<timestamp>3562.620568</timestamp>
			</report>
			<report>
				<misses>380000001</misses>
				<total>266</total>
				<timestamp>3563.560203</timestamp>
			</report>
			<report>
				<misses>380100001</misses>
				<total>266</total>
				<timestamp>3564.496366</timestamp>
			</report>
			<report>
				<misses>380200001</misses>
				<total>266</total>
				<timestamp>3565.431547</timestamp>
			</report>
			<report>
				<misses>380300001</misses>
				<total>266</total>
				<timestamp>3566.366267</timestamp>
			</report>
			<report>
				<misses>380400001</misses>
				<total>266</total>
				<timestamp>3567.325374</timestamp>
			</report>
			<report>
				<misses>380500001</misses>
				<total>266</total>
				<timestamp>3568.275930</timestamp>
			</report>
			<report>
				<misses>380600001</misses>
				<total>266</total>
				<timestamp>3569.221099</timestamp>
			</report>
			<report>
				<misses>380700001</misses>
				<total>266</total>
				<timestamp>3570.166920</timestamp>
			</report>
			<report>
				<misses>380800001</misses>
				<total>266</total>
				<timestamp>3571.092984</timestamp>
			</report>
			<report>
				<misses>380900001</misses>
				<total>266</total>
				<timestamp>3572.020606</timestamp>
			</report>
			<report>
				<misses>381000001</misses>
				<total>266</total>
				<timestamp>3572.948975</timestamp>
			</report>
			<report>
				<misses>381100001</misses>
				<total>266</total>
				<timestamp>3573.876404</timestamp>
			</report>
			<report>
				<misses>381200001</misses>
				<total>266</total>
				<timestamp>3574.801876</timestamp>
			</report>
			<report>
				<misses>381300001</misses>
				<total>266</total>
				<timestamp>3575.727456</timestamp>
			</report>
			<report>
				<misses>381400001</misses>
				<total>266</total>
				<timestamp>3576.652492</timestamp>
			</report>
			<report>
				<misses>381500001</misses>
				<total>266</total>
				<timestamp>3577.578688</timestamp>
			</report>
			<report>
				<misses>381600001</misses>
				<total>266</total>
				<timestamp>3578.506929</timestamp>
			</report>
			<report>
				<misses>381700001</misses>
				<total>266</total>
				<timestamp>3579.432382</timestamp>
			</report>
			<report>
				<misses>381800001</misses>
				<total>266</total>
				<timestamp>3580.360151</timestamp>
			</report>
			<report>
				<misses>381900001</misses>
				<total>266</total>
				<timestamp>3581.287227</timestamp>
			</report>
			<report>
				<misses>382000001</misses>
				<total>266</total>
				<timestamp>3582.213545</timestamp>
			</report>
			<report>
				<misses>382100001</misses>
				<total>266</total>
				<timestamp>3583.139511</timestamp>
			</report>
			<report>
				<misses>382200001</misses>
				<total>266</total>
				<timestamp>3584.066861</timestamp>
			</report>
			<report>
				<misses>382300001</misses>
				<total>266</total>
				<timestamp>3584.993946</timestamp>
			</report>
			<report>
				<misses>382400001</misses>
				<total>266</total>
				<timestamp>3585.924594</timestamp>
			</report>
			<report>
				<misses>382500001</misses>
				<total>266</total>
				<timestamp>3586.852813</timestamp>
			</report>
			<report>
				<misses>382600001</misses>
				<total>266</total>
				<timestamp>3587.777163</timestamp>
			</report>
			<report>
				<misses>382700001</misses>
				<total>266</total>
				<timestamp>3588.703252</timestamp>
			</report>
			<report>
				<misses>382800001</misses>
				<total>266</total>
				<timestamp>3589.632472</timestamp>
			</report>
			<report>
				<misses>382900001</misses>
				<total>266</total>
				<timestamp>3590.560524</timestamp>
			</report>
			<report>
				<misses>383000001</misses>
				<total>266</total>
				<timestamp>3591.487962</timestamp>
			</report>
			<report>
				<misses>383100001</misses>
				<total>266</total>
				<timestamp>3592.415079</timestamp>
			</report>
			<report>
				<misses>383200001</misses>
				<total>266</total>
				<timestamp>3593.342621</timestamp>
			</report>
			<report>
				<misses>383300001</misses>
				<total>266</total>
				<timestamp>3594.269926</timestamp>
			</report>
			<report>
				<misses>383400001</misses>
				<total>266</total>
				<timestamp>3595.197039</timestamp>
			</report>
			<report>
				<misses>383500001</misses>
				<total>266</total>
				<timestamp>3596.124577</timestamp>
			</report>
			<report>
				<misses>383600001</misses>
				<total>266</total>
				<timestamp>3597.060758</timestamp>
			</report>
			<report>
				<misses>383700001</misses>
				<total>266</total>
				<timestamp>3598.014426</timestamp>
			</report>
			<report>
				<misses>383800001</misses>
				<total>266</total>
				<timestamp>3598.985373</timestamp>
			</report>
			<report>
				<misses>383900001</misses>
				<total>266</total>
				<timestamp>3599.952902</timestamp>
			</report>
		</query>
	</custom>
	<ethtool_statistic>
		<rx_packets>
			<start>-1</start>
			<end>-1</end>
		</rx_packets>
		<tx_packets>
			<start>-1</start>
			<end>-1</end>
		</tx_packets>
		<rx_dropped>
			<start>-1</start>
			<end>-1</end>
		</rx_dropped>
		<tx_dropped>
			<start>-1</start>
			<end>-1</end>
		</tx_dropped>
		<collisions>
			<start>-1</start>
			<end>-1</end>
		</collisions>
		<port_tx_errors>
			<start>-1</start>
			<end>-1</end>
		</port_tx_errors>
		<port_rx_dropped>
			<start>-1</start>
			<end>-1</end>
		</port_rx_dropped>
		<port_tx_dropped_link_down>
			<start>-1</start>
			<end>-1</end>
		</port_tx_dropped_link_down>
	</ethtool_statistic>
	<ip_statistic>
		<mtu>
			<start>9000</start>
			<end>9000</end>
		</mtu>
		<rx_bytes>
			<start>581569193089</start>
			<end>3815876411557</end>
		</rx_bytes>
		<rx_packets>
			<start>1529780818</start>
			<end>1891325113</end>
		</rx_packets>
		<rx_errors>
			<start>0</start>
			<end>0</end>
		</rx_errors>
		<rx_dropped>
			<start>0</start>
			<end>0</end>
		</rx_dropped>
		<rx_missed>
			<start>0</start>
			<end>0</end>
		</rx_missed>
		<rx_mcast>
			<start>73</start>
			<end>77</end>
		</rx_mcast>
		<tx_bytes>
			<start>732885129055</start>
			<end>4167229763027</end>
		</tx_bytes>
		<tx_packets>
			<start>1004674711</start>
			<end>1388579556</end>
		</tx_packets>
		<tx_errors>
			<start>0</start>
			<end>0</end>
		</tx_errors>
		<tx_dropped>
			<start>0</start>
			<end>0</end>
		</tx_dropped>
		<tx_carrier>
			<start>0</start>
			<end>0</end>
		</tx_carrier>
		<tx_collisions>
			<start>0</start>
			<end>0</end>
		</tx_collisions>
	</ip_statistic>
	<netstat_statistic>
		<udp_pkg_rec>
			<start>1250053448</start>
			<end>1611616830</end>
		</udp_pkg_rec>
		<udp_pkg_snt>
			<start>1004733717</start>
			<end>1388657792</end>
		</udp_pkg_snt>
		<udp_rec_err>
			<start>0</start>
			<end>0</end>
		</udp_rec_err>
		<udp_rec_buf_err>
			<start>0</start>
			<end>0</end>
		</udp_rec_buf_err>
		<udp_snt_buf_err>
			<start>0</start>
			<end>0</end>
		</udp_snt_buf_err>
	</netstat_statistic>
</test_results>
