<?xml version="1.0"?>
<test_results>
	<status>STATUS_SUCCESS</status>
	<custom>
		<num_loss>549786</num_loss>
		<num_total>3000001</num_total>
		<num_misses>14149593</num_misses>
		<elapsed_time>42.874148</elapsed_time>
	</custom>
	<ethtool_statistic>
		<rx_packets>
			<start>10870469942</start>
			<end>10872148821</end>
		</rx_packets>
		<tx_packets>
			<start>13270935935</start>
			<end>13274928469</end>
		</tx_packets>
		<rx_dropped>
			<start>0</start>
			<end>0</end>
		</rx_dropped>
		<tx_dropped>
			<start>0</start>
			<end>0</end>
		</tx_dropped>
		<collisions>
			<start>0</start>
			<end>0</end>
		</collisions>
		<port_tx_errors>
			<start>-1</start>
			<end>-1</end>
		</port_tx_errors>
		<port_rx_dropped>
			<start>-1</start>
			<end>-1</end>
		</port_rx_dropped>
		<port_tx_dropped_link_down>
			<start>-1</start>
			<end>-1</end>
		</port_tx_dropped_link_down>
	</ethtool_statistic>
	<ip_statistic>
		<mtu>
			<start>9000</start>
			<end>9000</end>
		</mtu>
		<rx_bytes>
			<start>97680386845837</start>
			<end>97695480923315</end>
		</rx_bytes>
		<rx_packets>
			<start>10870470009</start>
			<end>10872149018</end>
		</rx_packets>
		<rx_errors>
			<start>0</start>
			<end>0</end>
		</rx_errors>
		<rx_dropped>
			<start>0</start>
			<end>0</end>
		</rx_dropped>
		<rx_missed>
			<start>1619</start>
			<end>1619</end>
		</rx_missed>
		<rx_mcast>
			<start>7854</start>
			<end>7854</end>
		</rx_mcast>
		<tx_bytes>
			<start>114067288370166</start>
			<end>114103063840492</end>
		</tx_bytes>
		<tx_packets>
			<start>13270936056</start>
			<end>13274928649</end>
		</tx_packets>
		<tx_errors>
			<start>0</start>
			<end>0</end>
		</tx_errors>
		<tx_dropped>
			<start>0</start>
			<end>0</end>
		</tx_dropped>
		<tx_carrier>
			<start>0</start>
			<end>0</end>
		</tx_carrier>
		<tx_collisions>
			<start>0</start>
			<end>0</end>
		</tx_collisions>
	</ip_statistic>
</test_results>
